<?xml version="1.0" encoding="UTF-8"?>

<!-- generated on Sun Mar 12 03:17:06 2017 by SUMO Version 0.29.0
<?xml version="1.0" encoding="UTF-8"?>

<configuration xmlns:xsi="http://www.w3.org/2001/XMLSchema-instance" xsi:noNamespaceSchemaLocation="http://sumo.dlr.de/xsd/sumoConfiguration.xsd">

    <input>
        <net-file value="tests/debug/cfg/test-single-lane-one-controller-200m1l.net.xml"/>
        <route-files value="tests/debug/cfg/test-single-lane-one-controller-200m1l.rou.xml"/>
        <additional-files value="tests/debug/cfg/test-single-lane-one-controller-200m1l.add.xml"/>
    </input>

    <output>
        <netstate-dump value="tests/debug/cfg/data/test-single-lane-one-controller-200m1l.netstate.xml"/>
        <emission-output value="tests/debug/cfg/data/test-single-lane-one-controller-200m1l.emission.xml"/>
        <amitran-output value="tests/debug/cfg/data/test-single-lane-one-controller-200m1l.amitran.xml"/>
        <lanechange-output value="tests/debug/cfg/data/test-single-lane-one-controller-200m1l.lanechange.xml"/>
    </output>

    <time>
        <begin value="0"/>
        <end value="1000"/>
        <step-length value="0.01"/>
    </time>

    <traci_server>
        <remote-port value="8873"/>
    </traci_server>

    <gui_only>
        <gui-settings-file value="tests/debug/cfg/test-single-lane-one-controller-200m1l.gui.cfg"/>
    </gui_only>

</configuration>
-->

<trajectories xmlns:xsi="http://www.w3.org/2001/XMLSchema-instance" xsi:noNamespaceSchemaLocation="http://sumo.dlr.de/xsd/amitran/trajectories.xsd" timeStepSize="10">
    <actorConfig id="2" vehicleClass="Passenger" fuel="Gasoline" emissionClass="Euro4" ref="cfm_slow"/>
    <vehicle id="0" actorConfig="2" startTime="0" ref="cfm_slow_0"/>
    <motionState vehicle="0" speed="0" time="0" acceleration="0"/>
    <vehicle id="1" actorConfig="2" startTime="0" ref="cfm_slow_1"/>
    <motionState vehicle="1" speed="0" time="0" acceleration="0"/>
    <vehicle id="2" actorConfig="2" startTime="0" ref="cfm_slow_2"/>
    <motionState vehicle="2" speed="0" time="0" acceleration="0"/>
    <vehicle id="3" actorConfig="2" startTime="0" ref="cfm_slow_3"/>
    <motionState vehicle="3" speed="0" time="0" acceleration="0"/>
    <vehicle id="4" actorConfig="2" startTime="0" ref="cfm_slow_4"/>
    <motionState vehicle="4" speed="0" time="0" acceleration="0"/>
    <motionState vehicle="0" speed="18" time="10" acceleration="18182"/>
    <motionState vehicle="1" speed="18" time="10" acceleration="18182"/>
    <motionState vehicle="2" speed="18" time="10" acceleration="18182"/>
    <motionState vehicle="3" speed="18" time="10" acceleration="18182"/>
    <motionState vehicle="4" speed="18" time="10" acceleration="18182"/>
    <motionState vehicle="0" speed="36" time="20" acceleration="18182"/>
    <motionState vehicle="1" speed="36" time="20" acceleration="18182"/>
    <motionState vehicle="2" speed="36" time="20" acceleration="18182"/>
    <motionState vehicle="3" speed="36" time="20" acceleration="18182"/>
    <motionState vehicle="4" speed="36" time="20" acceleration="18182"/>
    <motionState vehicle="0" speed="55" time="30" acceleration="18182"/>
    <motionState vehicle="1" speed="55" time="30" acceleration="18182"/>
    <motionState vehicle="2" speed="55" time="30" acceleration="18182"/>
    <motionState vehicle="3" speed="55" time="30" acceleration="18182"/>
    <motionState vehicle="4" speed="55" time="30" acceleration="18182"/>
    <motionState vehicle="0" speed="73" time="40" acceleration="18182"/>
    <motionState vehicle="1" speed="73" time="40" acceleration="18182"/>
    <motionState vehicle="2" speed="73" time="40" acceleration="18182"/>
    <motionState vehicle="3" speed="73" time="40" acceleration="18182"/>
    <motionState vehicle="4" speed="73" time="40" acceleration="18182"/>
    <motionState vehicle="0" speed="91" time="50" acceleration="18182"/>
    <motionState vehicle="1" speed="91" time="50" acceleration="18182"/>
    <motionState vehicle="2" speed="91" time="50" acceleration="18182"/>
    <motionState vehicle="3" speed="91" time="50" acceleration="18182"/>
    <motionState vehicle="4" speed="91" time="50" acceleration="18182"/>
    <motionState vehicle="0" speed="109" time="60" acceleration="18182"/>
    <motionState vehicle="1" speed="109" time="60" acceleration="18182"/>
    <motionState vehicle="2" speed="109" time="60" acceleration="18182"/>
    <motionState vehicle="3" speed="109" time="60" acceleration="18182"/>
    <motionState vehicle="4" speed="109" time="60" acceleration="18182"/>
    <motionState vehicle="0" speed="127" time="70" acceleration="18182"/>
    <motionState vehicle="1" speed="127" time="70" acceleration="18182"/>
    <motionState vehicle="2" speed="127" time="70" acceleration="18182"/>
    <motionState vehicle="3" speed="127" time="70" acceleration="18182"/>
    <motionState vehicle="4" speed="127" time="70" acceleration="18182"/>
    <motionState vehicle="0" speed="145" time="80" acceleration="18182"/>
    <motionState vehicle="1" speed="145" time="80" acceleration="18182"/>
    <motionState vehicle="2" speed="145" time="80" acceleration="18182"/>
    <motionState vehicle="3" speed="145" time="80" acceleration="18182"/>
    <motionState vehicle="4" speed="145" time="80" acceleration="18182"/>
    <motionState vehicle="0" speed="164" time="90" acceleration="18182"/>
    <motionState vehicle="1" speed="164" time="90" acceleration="18182"/>
    <motionState vehicle="2" speed="164" time="90" acceleration="18182"/>
    <motionState vehicle="3" speed="164" time="90" acceleration="18182"/>
    <motionState vehicle="4" speed="164" time="90" acceleration="18182"/>
    <motionState vehicle="0" speed="182" time="100" acceleration="18182"/>
    <motionState vehicle="1" speed="182" time="100" acceleration="18182"/>
    <motionState vehicle="2" speed="182" time="100" acceleration="18182"/>
    <motionState vehicle="3" speed="182" time="100" acceleration="18182"/>
    <motionState vehicle="4" speed="182" time="100" acceleration="18182"/>
    <motionState vehicle="0" speed="200" time="110" acceleration="18182"/>
    <motionState vehicle="1" speed="200" time="110" acceleration="18182"/>
    <motionState vehicle="2" speed="200" time="110" acceleration="18182"/>
    <motionState vehicle="3" speed="200" time="110" acceleration="18182"/>
    <motionState vehicle="4" speed="200" time="110" acceleration="18182"/>
    <motionState vehicle="0" speed="218" time="120" acceleration="18182"/>
    <motionState vehicle="1" speed="218" time="120" acceleration="18182"/>
    <motionState vehicle="2" speed="218" time="120" acceleration="18182"/>
    <motionState vehicle="3" speed="218" time="120" acceleration="18182"/>
    <motionState vehicle="4" speed="218" time="120" acceleration="18182"/>
    <motionState vehicle="0" speed="236" time="130" acceleration="18182"/>
    <motionState vehicle="1" speed="236" time="130" acceleration="18182"/>
    <motionState vehicle="2" speed="236" time="130" acceleration="18182"/>
    <motionState vehicle="3" speed="236" time="130" acceleration="18182"/>
    <motionState vehicle="4" speed="236" time="130" acceleration="18182"/>
    <motionState vehicle="0" speed="255" time="140" acceleration="18182"/>
    <motionState vehicle="1" speed="255" time="140" acceleration="18182"/>
    <motionState vehicle="2" speed="255" time="140" acceleration="18182"/>
    <motionState vehicle="3" speed="255" time="140" acceleration="18182"/>
    <motionState vehicle="4" speed="255" time="140" acceleration="18182"/>
    <motionState vehicle="0" speed="273" time="150" acceleration="18182"/>
    <motionState vehicle="1" speed="273" time="150" acceleration="18182"/>
    <motionState vehicle="2" speed="273" time="150" acceleration="18182"/>
    <motionState vehicle="3" speed="273" time="150" acceleration="18182"/>
    <motionState vehicle="4" speed="273" time="150" acceleration="18182"/>
    <motionState vehicle="0" speed="291" time="160" acceleration="18182"/>
    <motionState vehicle="1" speed="291" time="160" acceleration="18182"/>
    <motionState vehicle="2" speed="291" time="160" acceleration="18182"/>
    <motionState vehicle="3" speed="291" time="160" acceleration="18182"/>
    <motionState vehicle="4" speed="291" time="160" acceleration="18182"/>
    <motionState vehicle="0" speed="309" time="170" acceleration="18182"/>
    <motionState vehicle="1" speed="309" time="170" acceleration="18182"/>
    <motionState vehicle="2" speed="309" time="170" acceleration="18182"/>
    <motionState vehicle="3" speed="309" time="170" acceleration="18182"/>
    <motionState vehicle="4" speed="309" time="170" acceleration="18182"/>
    <motionState vehicle="0" speed="327" time="180" acceleration="18182"/>
    <motionState vehicle="1" speed="327" time="180" acceleration="18182"/>
    <motionState vehicle="2" speed="327" time="180" acceleration="18182"/>
    <motionState vehicle="3" speed="327" time="180" acceleration="18182"/>
    <motionState vehicle="4" speed="327" time="180" acceleration="18182"/>
    <motionState vehicle="0" speed="345" time="190" acceleration="18182"/>
    <motionState vehicle="1" speed="345" time="190" acceleration="18182"/>
    <motionState vehicle="2" speed="345" time="190" acceleration="18182"/>
    <motionState vehicle="3" speed="345" time="190" acceleration="18182"/>
    <motionState vehicle="4" speed="345" time="190" acceleration="18182"/>
    <motionState vehicle="0" speed="364" time="200" acceleration="18182"/>
    <motionState vehicle="1" speed="364" time="200" acceleration="18182"/>
    <motionState vehicle="2" speed="364" time="200" acceleration="18182"/>
    <motionState vehicle="3" speed="364" time="200" acceleration="18182"/>
    <motionState vehicle="4" speed="364" time="200" acceleration="18182"/>
    <motionState vehicle="0" speed="382" time="210" acceleration="18182"/>
    <motionState vehicle="1" speed="382" time="210" acceleration="18182"/>
    <motionState vehicle="2" speed="382" time="210" acceleration="18182"/>
    <motionState vehicle="3" speed="382" time="210" acceleration="18182"/>
    <motionState vehicle="4" speed="382" time="210" acceleration="18182"/>
    <motionState vehicle="0" speed="400" time="220" acceleration="18182"/>
    <motionState vehicle="1" speed="400" time="220" acceleration="18182"/>
    <motionState vehicle="2" speed="400" time="220" acceleration="18182"/>
    <motionState vehicle="3" speed="400" time="220" acceleration="18182"/>
    <motionState vehicle="4" speed="400" time="220" acceleration="18182"/>
    <motionState vehicle="0" speed="418" time="230" acceleration="18182"/>
    <motionState vehicle="1" speed="418" time="230" acceleration="18182"/>
    <motionState vehicle="2" speed="418" time="230" acceleration="18182"/>
    <motionState vehicle="3" speed="418" time="230" acceleration="18182"/>
    <motionState vehicle="4" speed="418" time="230" acceleration="18182"/>
    <motionState vehicle="0" speed="436" time="240" acceleration="18182"/>
    <motionState vehicle="1" speed="436" time="240" acceleration="18182"/>
    <motionState vehicle="2" speed="436" time="240" acceleration="18182"/>
    <motionState vehicle="3" speed="436" time="240" acceleration="18182"/>
    <motionState vehicle="4" speed="436" time="240" acceleration="18182"/>
    <motionState vehicle="0" speed="455" time="250" acceleration="18182"/>
    <motionState vehicle="1" speed="455" time="250" acceleration="18182"/>
    <motionState vehicle="2" speed="455" time="250" acceleration="18182"/>
    <motionState vehicle="3" speed="455" time="250" acceleration="18182"/>
    <motionState vehicle="4" speed="455" time="250" acceleration="18182"/>
    <motionState vehicle="0" speed="473" time="260" acceleration="18182"/>
    <motionState vehicle="1" speed="473" time="260" acceleration="18182"/>
    <motionState vehicle="2" speed="473" time="260" acceleration="18182"/>
    <motionState vehicle="3" speed="473" time="260" acceleration="18182"/>
    <motionState vehicle="4" speed="473" time="260" acceleration="18182"/>
    <motionState vehicle="0" speed="491" time="270" acceleration="18182"/>
    <motionState vehicle="1" speed="491" time="270" acceleration="18182"/>
    <motionState vehicle="2" speed="491" time="270" acceleration="18182"/>
    <motionState vehicle="3" speed="491" time="270" acceleration="18182"/>
    <motionState vehicle="4" speed="491" time="270" acceleration="18182"/>
    <motionState vehicle="0" speed="509" time="280" acceleration="18182"/>
    <motionState vehicle="1" speed="509" time="280" acceleration="18182"/>
    <motionState vehicle="2" speed="509" time="280" acceleration="18182"/>
    <motionState vehicle="3" speed="509" time="280" acceleration="18182"/>
    <motionState vehicle="4" speed="509" time="280" acceleration="18182"/>
    <motionState vehicle="0" speed="527" time="290" acceleration="18182"/>
    <motionState vehicle="1" speed="527" time="290" acceleration="18182"/>
    <motionState vehicle="2" speed="527" time="290" acceleration="18182"/>
    <motionState vehicle="3" speed="527" time="290" acceleration="18182"/>
    <motionState vehicle="4" speed="527" time="290" acceleration="18182"/>
    <motionState vehicle="0" speed="545" time="300" acceleration="18182"/>
    <motionState vehicle="1" speed="545" time="300" acceleration="18182"/>
    <motionState vehicle="2" speed="545" time="300" acceleration="18182"/>
    <motionState vehicle="3" speed="545" time="300" acceleration="18182"/>
    <motionState vehicle="4" speed="545" time="300" acceleration="18182"/>
    <motionState vehicle="0" speed="564" time="310" acceleration="18182"/>
    <motionState vehicle="1" speed="564" time="310" acceleration="18182"/>
    <motionState vehicle="2" speed="564" time="310" acceleration="18182"/>
    <motionState vehicle="3" speed="564" time="310" acceleration="18182"/>
    <motionState vehicle="4" speed="564" time="310" acceleration="18182"/>
    <motionState vehicle="0" speed="582" time="320" acceleration="18182"/>
    <motionState vehicle="1" speed="582" time="320" acceleration="18182"/>
    <motionState vehicle="2" speed="582" time="320" acceleration="18182"/>
    <motionState vehicle="3" speed="582" time="320" acceleration="18182"/>
    <motionState vehicle="4" speed="582" time="320" acceleration="18182"/>
    <motionState vehicle="0" speed="600" time="330" acceleration="18182"/>
    <motionState vehicle="1" speed="600" time="330" acceleration="18182"/>
    <motionState vehicle="2" speed="600" time="330" acceleration="18182"/>
    <motionState vehicle="3" speed="600" time="330" acceleration="18182"/>
    <motionState vehicle="4" speed="600" time="330" acceleration="18182"/>
    <motionState vehicle="0" speed="618" time="340" acceleration="18182"/>
    <motionState vehicle="1" speed="618" time="340" acceleration="18182"/>
    <motionState vehicle="2" speed="618" time="340" acceleration="18182"/>
    <motionState vehicle="3" speed="618" time="340" acceleration="18182"/>
    <motionState vehicle="4" speed="618" time="340" acceleration="18182"/>
    <motionState vehicle="0" speed="636" time="350" acceleration="18182"/>
    <motionState vehicle="1" speed="636" time="350" acceleration="18182"/>
    <motionState vehicle="2" speed="636" time="350" acceleration="18182"/>
    <motionState vehicle="3" speed="636" time="350" acceleration="18182"/>
    <motionState vehicle="4" speed="636" time="350" acceleration="18182"/>
    <motionState vehicle="0" speed="655" time="360" acceleration="18182"/>
    <motionState vehicle="1" speed="655" time="360" acceleration="18182"/>
    <motionState vehicle="2" speed="655" time="360" acceleration="18182"/>
    <motionState vehicle="3" speed="655" time="360" acceleration="18182"/>
    <motionState vehicle="4" speed="655" time="360" acceleration="18182"/>
    <motionState vehicle="0" speed="673" time="370" acceleration="18182"/>
    <motionState vehicle="1" speed="673" time="370" acceleration="18182"/>
    <motionState vehicle="2" speed="673" time="370" acceleration="18182"/>
    <motionState vehicle="3" speed="673" time="370" acceleration="18182"/>
    <motionState vehicle="4" speed="673" time="370" acceleration="18182"/>
    <motionState vehicle="0" speed="691" time="380" acceleration="18182"/>
    <motionState vehicle="1" speed="691" time="380" acceleration="18182"/>
    <motionState vehicle="2" speed="691" time="380" acceleration="18182"/>
    <motionState vehicle="3" speed="691" time="380" acceleration="18182"/>
    <motionState vehicle="4" speed="691" time="380" acceleration="18182"/>
    <motionState vehicle="0" speed="709" time="390" acceleration="18182"/>
    <motionState vehicle="1" speed="709" time="390" acceleration="18182"/>
    <motionState vehicle="2" speed="709" time="390" acceleration="18182"/>
    <motionState vehicle="3" speed="709" time="390" acceleration="18182"/>
    <motionState vehicle="4" speed="709" time="390" acceleration="18182"/>
    <motionState vehicle="0" speed="727" time="400" acceleration="18182"/>
    <motionState vehicle="1" speed="727" time="400" acceleration="18182"/>
    <motionState vehicle="2" speed="727" time="400" acceleration="18182"/>
    <motionState vehicle="3" speed="727" time="400" acceleration="18182"/>
    <motionState vehicle="4" speed="727" time="400" acceleration="18182"/>
    <motionState vehicle="0" speed="745" time="410" acceleration="18182"/>
    <motionState vehicle="1" speed="745" time="410" acceleration="18182"/>
    <motionState vehicle="2" speed="745" time="410" acceleration="18182"/>
    <motionState vehicle="3" speed="745" time="410" acceleration="18182"/>
    <motionState vehicle="4" speed="745" time="410" acceleration="18182"/>
    <motionState vehicle="0" speed="764" time="420" acceleration="18182"/>
    <motionState vehicle="1" speed="764" time="420" acceleration="18182"/>
    <motionState vehicle="2" speed="764" time="420" acceleration="18182"/>
    <motionState vehicle="3" speed="764" time="420" acceleration="18182"/>
    <motionState vehicle="4" speed="764" time="420" acceleration="18182"/>
    <motionState vehicle="0" speed="782" time="430" acceleration="18182"/>
    <motionState vehicle="1" speed="782" time="430" acceleration="18182"/>
    <motionState vehicle="2" speed="782" time="430" acceleration="18182"/>
    <motionState vehicle="3" speed="782" time="430" acceleration="18182"/>
    <motionState vehicle="4" speed="782" time="430" acceleration="18182"/>
    <motionState vehicle="0" speed="800" time="440" acceleration="18182"/>
    <motionState vehicle="1" speed="800" time="440" acceleration="18182"/>
    <motionState vehicle="2" speed="800" time="440" acceleration="18182"/>
    <motionState vehicle="3" speed="800" time="440" acceleration="18182"/>
    <motionState vehicle="4" speed="800" time="440" acceleration="18182"/>
    <motionState vehicle="0" speed="818" time="450" acceleration="18182"/>
    <motionState vehicle="1" speed="818" time="450" acceleration="18182"/>
    <motionState vehicle="2" speed="818" time="450" acceleration="18182"/>
    <motionState vehicle="3" speed="818" time="450" acceleration="18182"/>
    <motionState vehicle="4" speed="818" time="450" acceleration="18182"/>
    <motionState vehicle="0" speed="836" time="460" acceleration="18182"/>
    <motionState vehicle="1" speed="836" time="460" acceleration="18182"/>
    <motionState vehicle="2" speed="836" time="460" acceleration="18182"/>
    <motionState vehicle="3" speed="836" time="460" acceleration="18182"/>
    <motionState vehicle="4" speed="836" time="460" acceleration="18182"/>
    <motionState vehicle="0" speed="855" time="470" acceleration="18182"/>
    <motionState vehicle="1" speed="855" time="470" acceleration="18182"/>
    <motionState vehicle="2" speed="855" time="470" acceleration="18182"/>
    <motionState vehicle="3" speed="855" time="470" acceleration="18182"/>
    <motionState vehicle="4" speed="855" time="470" acceleration="18182"/>
    <motionState vehicle="0" speed="873" time="480" acceleration="18182"/>
    <motionState vehicle="1" speed="873" time="480" acceleration="18182"/>
    <motionState vehicle="2" speed="873" time="480" acceleration="18182"/>
    <motionState vehicle="3" speed="873" time="480" acceleration="18182"/>
    <motionState vehicle="4" speed="873" time="480" acceleration="18182"/>
    <motionState vehicle="0" speed="891" time="490" acceleration="18182"/>
    <motionState vehicle="1" speed="891" time="490" acceleration="18182"/>
    <motionState vehicle="2" speed="891" time="490" acceleration="18182"/>
    <motionState vehicle="3" speed="891" time="490" acceleration="18182"/>
    <motionState vehicle="4" speed="891" time="490" acceleration="18182"/>
    <motionState vehicle="0" speed="909" time="500" acceleration="18182"/>
    <motionState vehicle="1" speed="909" time="500" acceleration="18182"/>
    <motionState vehicle="2" speed="909" time="500" acceleration="18182"/>
    <motionState vehicle="3" speed="909" time="500" acceleration="18182"/>
    <motionState vehicle="4" speed="909" time="500" acceleration="18182"/>
    <motionState vehicle="0" speed="927" time="510" acceleration="18182"/>
    <motionState vehicle="1" speed="927" time="510" acceleration="18182"/>
    <motionState vehicle="2" speed="927" time="510" acceleration="18182"/>
    <motionState vehicle="3" speed="927" time="510" acceleration="18182"/>
    <motionState vehicle="4" speed="927" time="510" acceleration="18182"/>
    <motionState vehicle="0" speed="945" time="520" acceleration="18182"/>
    <motionState vehicle="1" speed="945" time="520" acceleration="18182"/>
    <motionState vehicle="2" speed="945" time="520" acceleration="18182"/>
    <motionState vehicle="3" speed="945" time="520" acceleration="18182"/>
    <motionState vehicle="4" speed="945" time="520" acceleration="18182"/>
    <motionState vehicle="0" speed="964" time="530" acceleration="18182"/>
    <motionState vehicle="1" speed="964" time="530" acceleration="18182"/>
    <motionState vehicle="2" speed="964" time="530" acceleration="18182"/>
    <motionState vehicle="3" speed="964" time="530" acceleration="18182"/>
    <motionState vehicle="4" speed="964" time="530" acceleration="18182"/>
    <motionState vehicle="0" speed="982" time="540" acceleration="18182"/>
    <motionState vehicle="1" speed="982" time="540" acceleration="18182"/>
    <motionState vehicle="2" speed="982" time="540" acceleration="18182"/>
    <motionState vehicle="3" speed="982" time="540" acceleration="18182"/>
    <motionState vehicle="4" speed="982" time="540" acceleration="18182"/>
    <motionState vehicle="0" speed="1000" time="550" acceleration="18182"/>
    <motionState vehicle="1" speed="1000" time="550" acceleration="18182"/>
    <motionState vehicle="2" speed="1000" time="550" acceleration="18182"/>
    <motionState vehicle="3" speed="1000" time="550" acceleration="18182"/>
    <motionState vehicle="4" speed="1000" time="550" acceleration="18182"/>
    <motionState vehicle="0" speed="1018" time="560" acceleration="18182"/>
    <motionState vehicle="1" speed="1018" time="560" acceleration="18182"/>
    <motionState vehicle="2" speed="1018" time="560" acceleration="18182"/>
    <motionState vehicle="3" speed="1018" time="560" acceleration="18182"/>
    <motionState vehicle="4" speed="1018" time="560" acceleration="18182"/>
    <motionState vehicle="0" speed="1036" time="570" acceleration="18182"/>
    <motionState vehicle="1" speed="1036" time="570" acceleration="18182"/>
    <motionState vehicle="2" speed="1036" time="570" acceleration="18182"/>
    <motionState vehicle="3" speed="1036" time="570" acceleration="18182"/>
    <motionState vehicle="4" speed="1036" time="570" acceleration="18182"/>
    <motionState vehicle="0" speed="1055" time="580" acceleration="18182"/>
    <motionState vehicle="1" speed="1055" time="580" acceleration="18182"/>
    <motionState vehicle="2" speed="1055" time="580" acceleration="18182"/>
    <motionState vehicle="3" speed="1055" time="580" acceleration="18182"/>
    <motionState vehicle="4" speed="1055" time="580" acceleration="18182"/>
    <motionState vehicle="0" speed="1073" time="590" acceleration="18182"/>
    <motionState vehicle="1" speed="1073" time="590" acceleration="18182"/>
    <motionState vehicle="2" speed="1073" time="590" acceleration="18182"/>
    <motionState vehicle="3" speed="1073" time="590" acceleration="18182"/>
    <motionState vehicle="4" speed="1073" time="590" acceleration="18182"/>
    <motionState vehicle="0" speed="1091" time="600" acceleration="18182"/>
    <motionState vehicle="1" speed="1091" time="600" acceleration="18182"/>
    <motionState vehicle="2" speed="1091" time="600" acceleration="18182"/>
    <motionState vehicle="3" speed="1091" time="600" acceleration="18182"/>
    <motionState vehicle="4" speed="1091" time="600" acceleration="18182"/>
    <motionState vehicle="0" speed="1109" time="610" acceleration="18182"/>
    <motionState vehicle="1" speed="1109" time="610" acceleration="18182"/>
    <motionState vehicle="2" speed="1109" time="610" acceleration="18182"/>
    <motionState vehicle="3" speed="1109" time="610" acceleration="18182"/>
    <motionState vehicle="4" speed="1109" time="610" acceleration="18182"/>
    <motionState vehicle="0" speed="1127" time="620" acceleration="18182"/>
    <motionState vehicle="1" speed="1127" time="620" acceleration="18182"/>
    <motionState vehicle="2" speed="1127" time="620" acceleration="18182"/>
    <motionState vehicle="3" speed="1127" time="620" acceleration="18182"/>
    <motionState vehicle="4" speed="1127" time="620" acceleration="18182"/>
    <motionState vehicle="0" speed="1145" time="630" acceleration="18182"/>
    <motionState vehicle="1" speed="1145" time="630" acceleration="18182"/>
    <motionState vehicle="2" speed="1145" time="630" acceleration="18182"/>
    <motionState vehicle="3" speed="1145" time="630" acceleration="18182"/>
    <motionState vehicle="4" speed="1145" time="630" acceleration="18182"/>
    <motionState vehicle="0" speed="1164" time="640" acceleration="18182"/>
    <motionState vehicle="1" speed="1164" time="640" acceleration="18182"/>
    <motionState vehicle="2" speed="1164" time="640" acceleration="18182"/>
    <motionState vehicle="3" speed="1164" time="640" acceleration="18182"/>
    <motionState vehicle="4" speed="1164" time="640" acceleration="18182"/>
    <motionState vehicle="0" speed="1182" time="650" acceleration="18182"/>
    <motionState vehicle="1" speed="1182" time="650" acceleration="18182"/>
    <motionState vehicle="2" speed="1182" time="650" acceleration="18182"/>
    <motionState vehicle="3" speed="1182" time="650" acceleration="18182"/>
    <motionState vehicle="4" speed="1182" time="650" acceleration="18182"/>
    <motionState vehicle="0" speed="1200" time="660" acceleration="18182"/>
    <motionState vehicle="1" speed="1200" time="660" acceleration="18182"/>
    <motionState vehicle="2" speed="1200" time="660" acceleration="18182"/>
    <motionState vehicle="3" speed="1200" time="660" acceleration="18182"/>
    <motionState vehicle="4" speed="1200" time="660" acceleration="18182"/>
    <motionState vehicle="0" speed="1218" time="670" acceleration="18182"/>
    <motionState vehicle="1" speed="1218" time="670" acceleration="18182"/>
    <motionState vehicle="2" speed="1218" time="670" acceleration="18182"/>
    <motionState vehicle="3" speed="1218" time="670" acceleration="18182"/>
    <motionState vehicle="4" speed="1218" time="670" acceleration="18182"/>
    <motionState vehicle="0" speed="1236" time="680" acceleration="18182"/>
    <motionState vehicle="1" speed="1236" time="680" acceleration="18182"/>
    <motionState vehicle="2" speed="1236" time="680" acceleration="18182"/>
    <motionState vehicle="3" speed="1236" time="680" acceleration="18182"/>
    <motionState vehicle="4" speed="1236" time="680" acceleration="18182"/>
    <motionState vehicle="0" speed="1255" time="690" acceleration="18182"/>
    <motionState vehicle="1" speed="1255" time="690" acceleration="18182"/>
    <motionState vehicle="2" speed="1255" time="690" acceleration="18182"/>
    <motionState vehicle="3" speed="1255" time="690" acceleration="18182"/>
    <motionState vehicle="4" speed="1255" time="690" acceleration="18182"/>
    <motionState vehicle="0" speed="1273" time="700" acceleration="18182"/>
    <motionState vehicle="1" speed="1273" time="700" acceleration="18182"/>
    <motionState vehicle="2" speed="1273" time="700" acceleration="18182"/>
    <motionState vehicle="3" speed="1273" time="700" acceleration="18182"/>
    <motionState vehicle="4" speed="1273" time="700" acceleration="18182"/>
    <motionState vehicle="0" speed="1291" time="710" acceleration="18182"/>
    <motionState vehicle="1" speed="1291" time="710" acceleration="18182"/>
    <motionState vehicle="2" speed="1291" time="710" acceleration="18182"/>
    <motionState vehicle="3" speed="1291" time="710" acceleration="18182"/>
    <motionState vehicle="4" speed="1291" time="710" acceleration="18182"/>
    <motionState vehicle="0" speed="1309" time="720" acceleration="18182"/>
    <motionState vehicle="1" speed="1309" time="720" acceleration="18182"/>
    <motionState vehicle="2" speed="1309" time="720" acceleration="18182"/>
    <motionState vehicle="3" speed="1309" time="720" acceleration="18182"/>
    <motionState vehicle="4" speed="1309" time="720" acceleration="18182"/>
    <motionState vehicle="0" speed="1327" time="730" acceleration="18182"/>
    <motionState vehicle="1" speed="1327" time="730" acceleration="18182"/>
    <motionState vehicle="2" speed="1327" time="730" acceleration="18182"/>
    <motionState vehicle="3" speed="1327" time="730" acceleration="18182"/>
    <motionState vehicle="4" speed="1327" time="730" acceleration="18182"/>
    <motionState vehicle="0" speed="1345" time="740" acceleration="18182"/>
    <motionState vehicle="1" speed="1345" time="740" acceleration="18182"/>
    <motionState vehicle="2" speed="1345" time="740" acceleration="18182"/>
    <motionState vehicle="3" speed="1345" time="740" acceleration="18182"/>
    <motionState vehicle="4" speed="1345" time="740" acceleration="18182"/>
    <motionState vehicle="0" speed="1364" time="750" acceleration="18182"/>
    <motionState vehicle="1" speed="1364" time="750" acceleration="18182"/>
    <motionState vehicle="2" speed="1364" time="750" acceleration="18182"/>
    <motionState vehicle="3" speed="1364" time="750" acceleration="18182"/>
    <motionState vehicle="4" speed="1364" time="750" acceleration="18182"/>
    <motionState vehicle="0" speed="1382" time="760" acceleration="18182"/>
    <motionState vehicle="1" speed="1382" time="760" acceleration="18182"/>
    <motionState vehicle="2" speed="1382" time="760" acceleration="18182"/>
    <motionState vehicle="3" speed="1382" time="760" acceleration="18182"/>
    <motionState vehicle="4" speed="1382" time="760" acceleration="18182"/>
    <motionState vehicle="0" speed="1400" time="770" acceleration="18182"/>
    <motionState vehicle="1" speed="1400" time="770" acceleration="18182"/>
    <motionState vehicle="2" speed="1400" time="770" acceleration="18182"/>
    <motionState vehicle="3" speed="1400" time="770" acceleration="18182"/>
    <motionState vehicle="4" speed="1400" time="770" acceleration="18182"/>
    <motionState vehicle="0" speed="1418" time="780" acceleration="18182"/>
    <motionState vehicle="1" speed="1418" time="780" acceleration="18182"/>
    <motionState vehicle="2" speed="1418" time="780" acceleration="18182"/>
    <motionState vehicle="3" speed="1418" time="780" acceleration="18182"/>
    <motionState vehicle="4" speed="1418" time="780" acceleration="18182"/>
    <motionState vehicle="0" speed="1436" time="790" acceleration="18182"/>
    <motionState vehicle="1" speed="1436" time="790" acceleration="18182"/>
    <motionState vehicle="2" speed="1436" time="790" acceleration="18182"/>
    <motionState vehicle="3" speed="1436" time="790" acceleration="18182"/>
    <motionState vehicle="4" speed="1436" time="790" acceleration="18182"/>
    <motionState vehicle="0" speed="1455" time="800" acceleration="18182"/>
    <motionState vehicle="1" speed="1455" time="800" acceleration="18182"/>
    <motionState vehicle="2" speed="1455" time="800" acceleration="18182"/>
    <motionState vehicle="3" speed="1455" time="800" acceleration="18182"/>
    <motionState vehicle="4" speed="1455" time="800" acceleration="18182"/>
    <motionState vehicle="0" speed="1473" time="810" acceleration="18182"/>
    <motionState vehicle="1" speed="1473" time="810" acceleration="18182"/>
    <motionState vehicle="2" speed="1473" time="810" acceleration="18182"/>
    <motionState vehicle="3" speed="1473" time="810" acceleration="18182"/>
    <motionState vehicle="4" speed="1473" time="810" acceleration="18182"/>
    <motionState vehicle="0" speed="1491" time="820" acceleration="18182"/>
    <motionState vehicle="1" speed="1491" time="820" acceleration="18182"/>
    <motionState vehicle="2" speed="1491" time="820" acceleration="18182"/>
    <motionState vehicle="3" speed="1491" time="820" acceleration="18182"/>
    <motionState vehicle="4" speed="1491" time="820" acceleration="18182"/>
    <motionState vehicle="0" speed="1509" time="830" acceleration="18182"/>
    <motionState vehicle="1" speed="1509" time="830" acceleration="18182"/>
    <motionState vehicle="2" speed="1509" time="830" acceleration="18182"/>
    <motionState vehicle="3" speed="1509" time="830" acceleration="18182"/>
    <motionState vehicle="4" speed="1509" time="830" acceleration="18182"/>
    <motionState vehicle="0" speed="1527" time="840" acceleration="18182"/>
    <motionState vehicle="1" speed="1527" time="840" acceleration="18182"/>
    <motionState vehicle="2" speed="1527" time="840" acceleration="18182"/>
    <motionState vehicle="3" speed="1527" time="840" acceleration="18182"/>
    <motionState vehicle="4" speed="1527" time="840" acceleration="18182"/>
    <motionState vehicle="0" speed="1545" time="850" acceleration="18182"/>
    <motionState vehicle="1" speed="1545" time="850" acceleration="18182"/>
    <motionState vehicle="2" speed="1545" time="850" acceleration="18182"/>
    <motionState vehicle="3" speed="1545" time="850" acceleration="18182"/>
    <motionState vehicle="4" speed="1545" time="850" acceleration="18182"/>
    <motionState vehicle="0" speed="1564" time="860" acceleration="18182"/>
    <motionState vehicle="1" speed="1564" time="860" acceleration="18182"/>
    <motionState vehicle="2" speed="1564" time="860" acceleration="18182"/>
    <motionState vehicle="3" speed="1564" time="860" acceleration="18182"/>
    <motionState vehicle="4" speed="1564" time="860" acceleration="18182"/>
    <motionState vehicle="0" speed="1582" time="870" acceleration="18182"/>
    <motionState vehicle="1" speed="1582" time="870" acceleration="18182"/>
    <motionState vehicle="2" speed="1582" time="870" acceleration="18182"/>
    <motionState vehicle="3" speed="1582" time="870" acceleration="18182"/>
    <motionState vehicle="4" speed="1582" time="870" acceleration="18182"/>
    <motionState vehicle="0" speed="1600" time="880" acceleration="18182"/>
    <motionState vehicle="1" speed="1600" time="880" acceleration="18182"/>
    <motionState vehicle="2" speed="1600" time="880" acceleration="18182"/>
    <motionState vehicle="3" speed="1600" time="880" acceleration="18182"/>
    <motionState vehicle="4" speed="1600" time="880" acceleration="18182"/>
    <motionState vehicle="0" speed="1618" time="890" acceleration="18182"/>
    <motionState vehicle="1" speed="1618" time="890" acceleration="18182"/>
    <motionState vehicle="2" speed="1618" time="890" acceleration="18182"/>
    <motionState vehicle="3" speed="1618" time="890" acceleration="18182"/>
    <motionState vehicle="4" speed="1618" time="890" acceleration="18182"/>
    <motionState vehicle="0" speed="1636" time="900" acceleration="18182"/>
    <motionState vehicle="1" speed="1636" time="900" acceleration="18182"/>
    <motionState vehicle="2" speed="1636" time="900" acceleration="18182"/>
    <motionState vehicle="3" speed="1636" time="900" acceleration="18182"/>
    <motionState vehicle="4" speed="1636" time="900" acceleration="18182"/>
    <motionState vehicle="0" speed="1655" time="910" acceleration="18182"/>
    <motionState vehicle="1" speed="1655" time="910" acceleration="18182"/>
    <motionState vehicle="2" speed="1655" time="910" acceleration="18182"/>
    <motionState vehicle="3" speed="1655" time="910" acceleration="18182"/>
    <motionState vehicle="4" speed="1655" time="910" acceleration="18182"/>
    <motionState vehicle="0" speed="1673" time="920" acceleration="18182"/>
    <motionState vehicle="1" speed="1673" time="920" acceleration="18182"/>
    <motionState vehicle="2" speed="1673" time="920" acceleration="18182"/>
    <motionState vehicle="3" speed="1673" time="920" acceleration="18182"/>
    <motionState vehicle="4" speed="1673" time="920" acceleration="18182"/>
    <motionState vehicle="0" speed="1691" time="930" acceleration="18182"/>
    <motionState vehicle="1" speed="1691" time="930" acceleration="18182"/>
    <motionState vehicle="2" speed="1691" time="930" acceleration="18182"/>
    <motionState vehicle="3" speed="1691" time="930" acceleration="18182"/>
    <motionState vehicle="4" speed="1691" time="930" acceleration="18182"/>
    <motionState vehicle="0" speed="1709" time="940" acceleration="18182"/>
    <motionState vehicle="1" speed="1709" time="940" acceleration="18182"/>
    <motionState vehicle="2" speed="1709" time="940" acceleration="18182"/>
    <motionState vehicle="3" speed="1709" time="940" acceleration="18182"/>
    <motionState vehicle="4" speed="1709" time="940" acceleration="18182"/>
    <motionState vehicle="0" speed="1727" time="950" acceleration="18182"/>
    <motionState vehicle="1" speed="1727" time="950" acceleration="18182"/>
    <motionState vehicle="2" speed="1727" time="950" acceleration="18182"/>
    <motionState vehicle="3" speed="1727" time="950" acceleration="18182"/>
    <motionState vehicle="4" speed="1727" time="950" acceleration="18182"/>
    <motionState vehicle="0" speed="1745" time="960" acceleration="18182"/>
    <motionState vehicle="1" speed="1745" time="960" acceleration="18182"/>
    <motionState vehicle="2" speed="1745" time="960" acceleration="18182"/>
    <motionState vehicle="3" speed="1745" time="960" acceleration="18182"/>
    <motionState vehicle="4" speed="1745" time="960" acceleration="18182"/>
    <motionState vehicle="0" speed="1764" time="970" acceleration="18182"/>
    <motionState vehicle="1" speed="1764" time="970" acceleration="18182"/>
    <motionState vehicle="2" speed="1764" time="970" acceleration="18182"/>
    <motionState vehicle="3" speed="1764" time="970" acceleration="18182"/>
    <motionState vehicle="4" speed="1764" time="970" acceleration="18182"/>
    <motionState vehicle="0" speed="1782" time="980" acceleration="18182"/>
    <motionState vehicle="1" speed="1782" time="980" acceleration="18182"/>
    <motionState vehicle="2" speed="1782" time="980" acceleration="18182"/>
    <motionState vehicle="3" speed="1782" time="980" acceleration="18182"/>
    <motionState vehicle="4" speed="1782" time="980" acceleration="18182"/>
    <motionState vehicle="0" speed="1800" time="990" acceleration="18182"/>
    <motionState vehicle="1" speed="1800" time="990" acceleration="18182"/>
    <motionState vehicle="2" speed="1800" time="990" acceleration="18182"/>
    <motionState vehicle="3" speed="1800" time="990" acceleration="18182"/>
    <motionState vehicle="4" speed="1800" time="990" acceleration="18182"/>
    <motionState vehicle="0" speed="1818" time="1000" acceleration="18182"/>
    <motionState vehicle="1" speed="1818" time="1000" acceleration="18182"/>
    <motionState vehicle="2" speed="1818" time="1000" acceleration="18182"/>
    <motionState vehicle="3" speed="1818" time="1000" acceleration="18182"/>
    <motionState vehicle="4" speed="1818" time="1000" acceleration="18182"/>
    <motionState vehicle="0" speed="1836" time="1010" acceleration="18182"/>
    <motionState vehicle="1" speed="1836" time="1010" acceleration="18182"/>
    <motionState vehicle="2" speed="1836" time="1010" acceleration="18182"/>
    <motionState vehicle="3" speed="1836" time="1010" acceleration="18182"/>
    <motionState vehicle="4" speed="1836" time="1010" acceleration="18182"/>
    <motionState vehicle="0" speed="1855" time="1020" acceleration="18182"/>
    <motionState vehicle="1" speed="1855" time="1020" acceleration="18182"/>
    <motionState vehicle="2" speed="1855" time="1020" acceleration="18182"/>
    <motionState vehicle="3" speed="1855" time="1020" acceleration="18182"/>
    <motionState vehicle="4" speed="1855" time="1020" acceleration="18182"/>
    <motionState vehicle="0" speed="1873" time="1030" acceleration="18182"/>
    <motionState vehicle="1" speed="1873" time="1030" acceleration="18182"/>
    <motionState vehicle="2" speed="1873" time="1030" acceleration="18182"/>
    <motionState vehicle="3" speed="1873" time="1030" acceleration="18182"/>
    <motionState vehicle="4" speed="1873" time="1030" acceleration="18182"/>
    <motionState vehicle="0" speed="1891" time="1040" acceleration="18182"/>
    <motionState vehicle="1" speed="1891" time="1040" acceleration="18182"/>
    <motionState vehicle="2" speed="1891" time="1040" acceleration="18182"/>
    <motionState vehicle="3" speed="1891" time="1040" acceleration="18182"/>
    <motionState vehicle="4" speed="1891" time="1040" acceleration="18182"/>
    <motionState vehicle="0" speed="1909" time="1050" acceleration="18182"/>
    <motionState vehicle="1" speed="1909" time="1050" acceleration="18182"/>
    <motionState vehicle="2" speed="1909" time="1050" acceleration="18182"/>
    <motionState vehicle="3" speed="1909" time="1050" acceleration="18182"/>
    <motionState vehicle="4" speed="1909" time="1050" acceleration="18182"/>
    <motionState vehicle="0" speed="1927" time="1060" acceleration="18182"/>
    <motionState vehicle="1" speed="1927" time="1060" acceleration="18182"/>
    <motionState vehicle="2" speed="1927" time="1060" acceleration="18182"/>
    <motionState vehicle="3" speed="1927" time="1060" acceleration="18182"/>
    <motionState vehicle="4" speed="1927" time="1060" acceleration="18182"/>
    <motionState vehicle="0" speed="1945" time="1070" acceleration="18182"/>
    <motionState vehicle="1" speed="1945" time="1070" acceleration="18182"/>
    <motionState vehicle="2" speed="1945" time="1070" acceleration="18182"/>
    <motionState vehicle="3" speed="1945" time="1070" acceleration="18182"/>
    <motionState vehicle="4" speed="1945" time="1070" acceleration="18182"/>
    <motionState vehicle="0" speed="1964" time="1080" acceleration="18182"/>
    <motionState vehicle="1" speed="1964" time="1080" acceleration="18182"/>
    <motionState vehicle="2" speed="1964" time="1080" acceleration="18182"/>
    <motionState vehicle="3" speed="1964" time="1080" acceleration="18182"/>
    <motionState vehicle="4" speed="1964" time="1080" acceleration="18182"/>
    <motionState vehicle="0" speed="1982" time="1090" acceleration="18182"/>
    <motionState vehicle="1" speed="1982" time="1090" acceleration="18182"/>
    <motionState vehicle="2" speed="1982" time="1090" acceleration="18182"/>
    <motionState vehicle="3" speed="1982" time="1090" acceleration="18182"/>
    <motionState vehicle="4" speed="1982" time="1090" acceleration="18182"/>
    <motionState vehicle="0" speed="2000" time="1100" acceleration="18182"/>
    <motionState vehicle="1" speed="2000" time="1100" acceleration="18182"/>
    <motionState vehicle="2" speed="2000" time="1100" acceleration="18182"/>
    <motionState vehicle="3" speed="2000" time="1100" acceleration="18182"/>
    <motionState vehicle="4" speed="2000" time="1100" acceleration="18182"/>
    <motionState vehicle="0" speed="2018" time="1110" acceleration="18182"/>
    <motionState vehicle="1" speed="2018" time="1110" acceleration="18182"/>
    <motionState vehicle="2" speed="2018" time="1110" acceleration="18182"/>
    <motionState vehicle="3" speed="2018" time="1110" acceleration="18182"/>
    <motionState vehicle="4" speed="2018" time="1110" acceleration="18182"/>
    <motionState vehicle="0" speed="2036" time="1120" acceleration="18182"/>
    <motionState vehicle="1" speed="2036" time="1120" acceleration="18182"/>
    <motionState vehicle="2" speed="2036" time="1120" acceleration="18182"/>
    <motionState vehicle="3" speed="2036" time="1120" acceleration="18182"/>
    <motionState vehicle="4" speed="2036" time="1120" acceleration="18182"/>
    <motionState vehicle="0" speed="2055" time="1130" acceleration="18182"/>
    <motionState vehicle="1" speed="2055" time="1130" acceleration="18182"/>
    <motionState vehicle="2" speed="2055" time="1130" acceleration="18182"/>
    <motionState vehicle="3" speed="2055" time="1130" acceleration="18182"/>
    <motionState vehicle="4" speed="2055" time="1130" acceleration="18182"/>
    <motionState vehicle="0" speed="2073" time="1140" acceleration="18182"/>
    <motionState vehicle="1" speed="2073" time="1140" acceleration="18182"/>
    <motionState vehicle="2" speed="2073" time="1140" acceleration="18182"/>
    <motionState vehicle="3" speed="2073" time="1140" acceleration="18182"/>
    <motionState vehicle="4" speed="2073" time="1140" acceleration="18182"/>
    <motionState vehicle="0" speed="2091" time="1150" acceleration="18182"/>
    <motionState vehicle="1" speed="2091" time="1150" acceleration="18182"/>
    <motionState vehicle="2" speed="2091" time="1150" acceleration="18182"/>
    <motionState vehicle="3" speed="2091" time="1150" acceleration="18182"/>
    <motionState vehicle="4" speed="2091" time="1150" acceleration="18182"/>
    <motionState vehicle="0" speed="2109" time="1160" acceleration="18182"/>
    <motionState vehicle="1" speed="2109" time="1160" acceleration="18182"/>
    <motionState vehicle="2" speed="2109" time="1160" acceleration="18182"/>
    <motionState vehicle="3" speed="2109" time="1160" acceleration="18182"/>
    <motionState vehicle="4" speed="2109" time="1160" acceleration="18182"/>
    <motionState vehicle="0" speed="2127" time="1170" acceleration="18182"/>
    <motionState vehicle="1" speed="2127" time="1170" acceleration="18182"/>
    <motionState vehicle="2" speed="2127" time="1170" acceleration="18182"/>
    <motionState vehicle="3" speed="2127" time="1170" acceleration="18182"/>
    <motionState vehicle="4" speed="2127" time="1170" acceleration="18182"/>
    <motionState vehicle="0" speed="2145" time="1180" acceleration="18182"/>
    <motionState vehicle="1" speed="2145" time="1180" acceleration="18182"/>
    <motionState vehicle="2" speed="2145" time="1180" acceleration="18182"/>
    <motionState vehicle="3" speed="2145" time="1180" acceleration="18182"/>
    <motionState vehicle="4" speed="2145" time="1180" acceleration="18182"/>
    <motionState vehicle="0" speed="2164" time="1190" acceleration="18182"/>
    <motionState vehicle="1" speed="2164" time="1190" acceleration="18182"/>
    <motionState vehicle="2" speed="2164" time="1190" acceleration="18182"/>
    <motionState vehicle="3" speed="2164" time="1190" acceleration="18182"/>
    <motionState vehicle="4" speed="2164" time="1190" acceleration="18182"/>
    <motionState vehicle="0" speed="2182" time="1200" acceleration="18182"/>
    <motionState vehicle="1" speed="2182" time="1200" acceleration="18182"/>
    <motionState vehicle="2" speed="2182" time="1200" acceleration="18182"/>
    <motionState vehicle="3" speed="2182" time="1200" acceleration="18182"/>
    <motionState vehicle="4" speed="2182" time="1200" acceleration="18182"/>
    <motionState vehicle="0" speed="2200" time="1210" acceleration="18182"/>
    <motionState vehicle="1" speed="2200" time="1210" acceleration="18182"/>
    <motionState vehicle="2" speed="2200" time="1210" acceleration="18182"/>
    <motionState vehicle="3" speed="2200" time="1210" acceleration="18182"/>
    <motionState vehicle="4" speed="2200" time="1210" acceleration="18182"/>
    <motionState vehicle="0" speed="2218" time="1220" acceleration="18182"/>
    <motionState vehicle="1" speed="2218" time="1220" acceleration="18182"/>
    <motionState vehicle="2" speed="2218" time="1220" acceleration="18182"/>
    <motionState vehicle="3" speed="2218" time="1220" acceleration="18182"/>
    <motionState vehicle="4" speed="2218" time="1220" acceleration="18182"/>
    <motionState vehicle="0" speed="2236" time="1230" acceleration="18182"/>
    <motionState vehicle="1" speed="2236" time="1230" acceleration="18182"/>
    <motionState vehicle="2" speed="2236" time="1230" acceleration="18182"/>
    <motionState vehicle="3" speed="2236" time="1230" acceleration="18182"/>
    <motionState vehicle="4" speed="2236" time="1230" acceleration="18182"/>
    <motionState vehicle="0" speed="2255" time="1240" acceleration="18182"/>
    <motionState vehicle="1" speed="2255" time="1240" acceleration="18182"/>
    <motionState vehicle="2" speed="2255" time="1240" acceleration="18182"/>
    <motionState vehicle="3" speed="2255" time="1240" acceleration="18182"/>
    <motionState vehicle="4" speed="2255" time="1240" acceleration="18182"/>
    <motionState vehicle="0" speed="2273" time="1250" acceleration="18182"/>
    <motionState vehicle="1" speed="2273" time="1250" acceleration="18182"/>
    <motionState vehicle="2" speed="2273" time="1250" acceleration="18182"/>
    <motionState vehicle="3" speed="2273" time="1250" acceleration="18182"/>
    <motionState vehicle="4" speed="2273" time="1250" acceleration="18182"/>
    <motionState vehicle="0" speed="2291" time="1260" acceleration="18182"/>
    <motionState vehicle="1" speed="2291" time="1260" acceleration="18182"/>
    <motionState vehicle="2" speed="2291" time="1260" acceleration="18182"/>
    <motionState vehicle="3" speed="2291" time="1260" acceleration="18182"/>
    <motionState vehicle="4" speed="2291" time="1260" acceleration="18182"/>
    <motionState vehicle="0" speed="2309" time="1270" acceleration="18182"/>
    <motionState vehicle="1" speed="2309" time="1270" acceleration="18182"/>
    <motionState vehicle="2" speed="2309" time="1270" acceleration="18182"/>
    <motionState vehicle="3" speed="2309" time="1270" acceleration="18182"/>
    <motionState vehicle="4" speed="2309" time="1270" acceleration="18182"/>
    <motionState vehicle="0" speed="2327" time="1280" acceleration="18182"/>
    <motionState vehicle="1" speed="2327" time="1280" acceleration="18182"/>
    <motionState vehicle="2" speed="2327" time="1280" acceleration="18182"/>
    <motionState vehicle="3" speed="2327" time="1280" acceleration="18182"/>
    <motionState vehicle="4" speed="2327" time="1280" acceleration="18182"/>
    <motionState vehicle="0" speed="2345" time="1290" acceleration="18182"/>
    <motionState vehicle="1" speed="2345" time="1290" acceleration="18182"/>
    <motionState vehicle="2" speed="2345" time="1290" acceleration="18182"/>
    <motionState vehicle="3" speed="2345" time="1290" acceleration="18182"/>
    <motionState vehicle="4" speed="2345" time="1290" acceleration="18182"/>
    <motionState vehicle="0" speed="2364" time="1300" acceleration="18182"/>
    <motionState vehicle="1" speed="2364" time="1300" acceleration="18182"/>
    <motionState vehicle="2" speed="2364" time="1300" acceleration="18182"/>
    <motionState vehicle="3" speed="2364" time="1300" acceleration="18182"/>
    <motionState vehicle="4" speed="2364" time="1300" acceleration="18182"/>
    <motionState vehicle="0" speed="2382" time="1310" acceleration="18182"/>
    <motionState vehicle="1" speed="2382" time="1310" acceleration="18182"/>
    <motionState vehicle="2" speed="2382" time="1310" acceleration="18182"/>
    <motionState vehicle="3" speed="2382" time="1310" acceleration="18182"/>
    <motionState vehicle="4" speed="2382" time="1310" acceleration="18182"/>
    <motionState vehicle="0" speed="2400" time="1320" acceleration="18182"/>
    <motionState vehicle="1" speed="2400" time="1320" acceleration="18182"/>
    <motionState vehicle="2" speed="2400" time="1320" acceleration="18182"/>
    <motionState vehicle="3" speed="2400" time="1320" acceleration="18182"/>
    <motionState vehicle="4" speed="2400" time="1320" acceleration="18182"/>
    <motionState vehicle="0" speed="2418" time="1330" acceleration="18182"/>
    <motionState vehicle="1" speed="2418" time="1330" acceleration="18182"/>
    <motionState vehicle="2" speed="2418" time="1330" acceleration="18182"/>
    <motionState vehicle="3" speed="2418" time="1330" acceleration="18182"/>
    <motionState vehicle="4" speed="2418" time="1330" acceleration="18182"/>
    <motionState vehicle="0" speed="2436" time="1340" acceleration="18182"/>
    <motionState vehicle="1" speed="2436" time="1340" acceleration="18182"/>
    <motionState vehicle="2" speed="2436" time="1340" acceleration="18182"/>
    <motionState vehicle="3" speed="2436" time="1340" acceleration="18182"/>
    <motionState vehicle="4" speed="2436" time="1340" acceleration="18182"/>
    <motionState vehicle="0" speed="2455" time="1350" acceleration="18182"/>
    <motionState vehicle="1" speed="2455" time="1350" acceleration="18182"/>
    <motionState vehicle="2" speed="2455" time="1350" acceleration="18182"/>
    <motionState vehicle="3" speed="2455" time="1350" acceleration="18182"/>
    <motionState vehicle="4" speed="2455" time="1350" acceleration="18182"/>
    <motionState vehicle="0" speed="2473" time="1360" acceleration="18182"/>
    <motionState vehicle="1" speed="2473" time="1360" acceleration="18182"/>
    <motionState vehicle="2" speed="2473" time="1360" acceleration="18182"/>
    <motionState vehicle="3" speed="2473" time="1360" acceleration="18182"/>
    <motionState vehicle="4" speed="2473" time="1360" acceleration="18182"/>
    <motionState vehicle="0" speed="2491" time="1370" acceleration="18182"/>
    <motionState vehicle="1" speed="2491" time="1370" acceleration="18182"/>
    <motionState vehicle="2" speed="2491" time="1370" acceleration="18182"/>
    <motionState vehicle="3" speed="2491" time="1370" acceleration="18182"/>
    <motionState vehicle="4" speed="2491" time="1370" acceleration="18182"/>
    <motionState vehicle="0" speed="2509" time="1380" acceleration="18182"/>
    <motionState vehicle="1" speed="2509" time="1380" acceleration="18182"/>
    <motionState vehicle="2" speed="2509" time="1380" acceleration="18182"/>
    <motionState vehicle="3" speed="2509" time="1380" acceleration="18182"/>
    <motionState vehicle="4" speed="2509" time="1380" acceleration="18182"/>
    <motionState vehicle="0" speed="2527" time="1390" acceleration="18182"/>
    <motionState vehicle="1" speed="2527" time="1390" acceleration="18182"/>
    <motionState vehicle="2" speed="2527" time="1390" acceleration="18182"/>
    <motionState vehicle="3" speed="2527" time="1390" acceleration="18182"/>
    <motionState vehicle="4" speed="2527" time="1390" acceleration="18182"/>
    <motionState vehicle="0" speed="2545" time="1400" acceleration="18182"/>
    <motionState vehicle="1" speed="2545" time="1400" acceleration="18182"/>
    <motionState vehicle="2" speed="2545" time="1400" acceleration="18182"/>
    <motionState vehicle="3" speed="2545" time="1400" acceleration="18182"/>
    <motionState vehicle="4" speed="2545" time="1400" acceleration="18182"/>
    <motionState vehicle="0" speed="2564" time="1410" acceleration="18182"/>
    <motionState vehicle="1" speed="2564" time="1410" acceleration="18182"/>
    <motionState vehicle="2" speed="2564" time="1410" acceleration="18182"/>
    <motionState vehicle="3" speed="2564" time="1410" acceleration="18182"/>
    <motionState vehicle="4" speed="2564" time="1410" acceleration="18182"/>
    <motionState vehicle="0" speed="2582" time="1420" acceleration="18182"/>
    <motionState vehicle="1" speed="2582" time="1420" acceleration="18182"/>
    <motionState vehicle="2" speed="2582" time="1420" acceleration="18182"/>
    <motionState vehicle="3" speed="2582" time="1420" acceleration="18182"/>
    <motionState vehicle="4" speed="2582" time="1420" acceleration="18182"/>
    <motionState vehicle="0" speed="2600" time="1430" acceleration="18182"/>
    <motionState vehicle="1" speed="2600" time="1430" acceleration="18182"/>
    <motionState vehicle="2" speed="2600" time="1430" acceleration="18182"/>
    <motionState vehicle="3" speed="2600" time="1430" acceleration="18182"/>
    <motionState vehicle="4" speed="2600" time="1430" acceleration="18182"/>
    <motionState vehicle="0" speed="2618" time="1440" acceleration="18182"/>
    <motionState vehicle="1" speed="2618" time="1440" acceleration="18182"/>
    <motionState vehicle="2" speed="2618" time="1440" acceleration="18182"/>
    <motionState vehicle="3" speed="2618" time="1440" acceleration="18182"/>
    <motionState vehicle="4" speed="2618" time="1440" acceleration="18182"/>
    <motionState vehicle="0" speed="2636" time="1450" acceleration="18182"/>
    <motionState vehicle="1" speed="2636" time="1450" acceleration="18182"/>
    <motionState vehicle="2" speed="2636" time="1450" acceleration="18182"/>
    <motionState vehicle="3" speed="2636" time="1450" acceleration="18182"/>
    <motionState vehicle="4" speed="2636" time="1450" acceleration="18182"/>
    <motionState vehicle="0" speed="2655" time="1460" acceleration="18182"/>
    <motionState vehicle="1" speed="2655" time="1460" acceleration="18182"/>
    <motionState vehicle="2" speed="2655" time="1460" acceleration="18182"/>
    <motionState vehicle="3" speed="2655" time="1460" acceleration="18182"/>
    <motionState vehicle="4" speed="2655" time="1460" acceleration="18182"/>
    <motionState vehicle="0" speed="2673" time="1470" acceleration="18182"/>
    <motionState vehicle="1" speed="2673" time="1470" acceleration="18182"/>
    <motionState vehicle="2" speed="2673" time="1470" acceleration="18182"/>
    <motionState vehicle="3" speed="2673" time="1470" acceleration="18182"/>
    <motionState vehicle="4" speed="2673" time="1470" acceleration="18182"/>
    <motionState vehicle="0" speed="2691" time="1480" acceleration="18182"/>
    <motionState vehicle="1" speed="2691" time="1480" acceleration="18182"/>
    <motionState vehicle="2" speed="2691" time="1480" acceleration="18182"/>
    <motionState vehicle="3" speed="2691" time="1480" acceleration="18182"/>
    <motionState vehicle="4" speed="2691" time="1480" acceleration="18182"/>
    <motionState vehicle="0" speed="2709" time="1490" acceleration="18182"/>
    <motionState vehicle="1" speed="2709" time="1490" acceleration="18182"/>
    <motionState vehicle="2" speed="2709" time="1490" acceleration="18182"/>
    <motionState vehicle="3" speed="2709" time="1490" acceleration="18182"/>
    <motionState vehicle="4" speed="2709" time="1490" acceleration="18182"/>
    <motionState vehicle="0" speed="2727" time="1500" acceleration="18099"/>
    <motionState vehicle="1" speed="2727" time="1500" acceleration="18099"/>
    <motionState vehicle="2" speed="2727" time="1500" acceleration="18099"/>
    <motionState vehicle="3" speed="2727" time="1500" acceleration="18099"/>
    <motionState vehicle="4" speed="2727" time="1500" acceleration="18099"/>
    <motionState vehicle="0" speed="2745" time="1510" acceleration="17935"/>
    <motionState vehicle="1" speed="2745" time="1510" acceleration="17935"/>
    <motionState vehicle="2" speed="2745" time="1510" acceleration="17935"/>
    <motionState vehicle="3" speed="2745" time="1510" acceleration="17935"/>
    <motionState vehicle="4" speed="2745" time="1510" acceleration="17935"/>
    <motionState vehicle="0" speed="2763" time="1520" acceleration="17772"/>
    <motionState vehicle="1" speed="2763" time="1520" acceleration="17772"/>
    <motionState vehicle="2" speed="2763" time="1520" acceleration="17772"/>
    <motionState vehicle="3" speed="2763" time="1520" acceleration="17772"/>
    <motionState vehicle="4" speed="2763" time="1520" acceleration="17772"/>
    <motionState vehicle="0" speed="2781" time="1530" acceleration="17610"/>
    <motionState vehicle="1" speed="2781" time="1530" acceleration="17610"/>
    <motionState vehicle="2" speed="2781" time="1530" acceleration="17610"/>
    <motionState vehicle="3" speed="2781" time="1530" acceleration="17610"/>
    <motionState vehicle="4" speed="2781" time="1530" acceleration="17610"/>
    <motionState vehicle="0" speed="2798" time="1540" acceleration="17450"/>
    <motionState vehicle="1" speed="2798" time="1540" acceleration="17450"/>
    <motionState vehicle="2" speed="2798" time="1540" acceleration="17450"/>
    <motionState vehicle="3" speed="2798" time="1540" acceleration="17450"/>
    <motionState vehicle="4" speed="2798" time="1540" acceleration="17450"/>
    <motionState vehicle="0" speed="2815" time="1550" acceleration="17291"/>
    <motionState vehicle="1" speed="2815" time="1550" acceleration="17291"/>
    <motionState vehicle="2" speed="2815" time="1550" acceleration="17291"/>
    <motionState vehicle="3" speed="2815" time="1550" acceleration="17291"/>
    <motionState vehicle="4" speed="2815" time="1550" acceleration="17291"/>
    <motionState vehicle="0" speed="2832" time="1560" acceleration="17134"/>
    <motionState vehicle="1" speed="2832" time="1560" acceleration="17134"/>
    <motionState vehicle="2" speed="2832" time="1560" acceleration="17134"/>
    <motionState vehicle="3" speed="2832" time="1560" acceleration="17134"/>
    <motionState vehicle="4" speed="2832" time="1560" acceleration="17134"/>
    <motionState vehicle="0" speed="2849" time="1570" acceleration="16978"/>
    <motionState vehicle="1" speed="2849" time="1570" acceleration="16978"/>
    <motionState vehicle="2" speed="2849" time="1570" acceleration="16978"/>
    <motionState vehicle="3" speed="2849" time="1570" acceleration="16978"/>
    <motionState vehicle="4" speed="2849" time="1570" acceleration="16978"/>
    <motionState vehicle="0" speed="2866" time="1580" acceleration="16824"/>
    <motionState vehicle="1" speed="2866" time="1580" acceleration="16824"/>
    <motionState vehicle="2" speed="2866" time="1580" acceleration="16824"/>
    <motionState vehicle="3" speed="2866" time="1580" acceleration="16824"/>
    <motionState vehicle="4" speed="2866" time="1580" acceleration="16824"/>
    <motionState vehicle="0" speed="2883" time="1590" acceleration="16671"/>
    <motionState vehicle="1" speed="2883" time="1590" acceleration="16671"/>
    <motionState vehicle="2" speed="2883" time="1590" acceleration="16671"/>
    <motionState vehicle="3" speed="2883" time="1590" acceleration="16671"/>
    <motionState vehicle="4" speed="2883" time="1590" acceleration="16671"/>
    <motionState vehicle="0" speed="2899" time="1600" acceleration="16519"/>
    <motionState vehicle="1" speed="2899" time="1600" acceleration="16519"/>
    <motionState vehicle="2" speed="2899" time="1600" acceleration="16519"/>
    <motionState vehicle="3" speed="2899" time="1600" acceleration="16519"/>
    <motionState vehicle="4" speed="2899" time="1600" acceleration="16519"/>
    <motionState vehicle="0" speed="2916" time="1610" acceleration="16369"/>
    <motionState vehicle="1" speed="2916" time="1610" acceleration="16369"/>
    <motionState vehicle="2" speed="2916" time="1610" acceleration="16369"/>
    <motionState vehicle="3" speed="2916" time="1610" acceleration="16369"/>
    <motionState vehicle="4" speed="2916" time="1610" acceleration="16369"/>
    <motionState vehicle="0" speed="2932" time="1620" acceleration="16221"/>
    <motionState vehicle="1" speed="2932" time="1620" acceleration="16221"/>
    <motionState vehicle="2" speed="2932" time="1620" acceleration="16221"/>
    <motionState vehicle="3" speed="2932" time="1620" acceleration="16221"/>
    <motionState vehicle="4" speed="2932" time="1620" acceleration="16221"/>
    <motionState vehicle="0" speed="2948" time="1630" acceleration="16073"/>
    <motionState vehicle="1" speed="2948" time="1630" acceleration="16073"/>
    <motionState vehicle="2" speed="2948" time="1630" acceleration="16073"/>
    <motionState vehicle="3" speed="2948" time="1630" acceleration="16073"/>
    <motionState vehicle="4" speed="2948" time="1630" acceleration="16073"/>
    <motionState vehicle="0" speed="2964" time="1640" acceleration="15927"/>
    <motionState vehicle="1" speed="2964" time="1640" acceleration="15927"/>
    <motionState vehicle="2" speed="2964" time="1640" acceleration="15927"/>
    <motionState vehicle="3" speed="2964" time="1640" acceleration="15927"/>
    <motionState vehicle="4" speed="2964" time="1640" acceleration="15927"/>
    <motionState vehicle="0" speed="2980" time="1650" acceleration="15782"/>
    <motionState vehicle="1" speed="2980" time="1650" acceleration="15782"/>
    <motionState vehicle="2" speed="2980" time="1650" acceleration="15782"/>
    <motionState vehicle="3" speed="2980" time="1650" acceleration="15782"/>
    <motionState vehicle="4" speed="2980" time="1650" acceleration="15782"/>
    <motionState vehicle="0" speed="2995" time="1660" acceleration="15639"/>
    <motionState vehicle="1" speed="2995" time="1660" acceleration="15639"/>
    <motionState vehicle="2" speed="2995" time="1660" acceleration="15639"/>
    <motionState vehicle="3" speed="2995" time="1660" acceleration="15639"/>
    <motionState vehicle="4" speed="2995" time="1660" acceleration="15639"/>
    <motionState vehicle="0" speed="3011" time="1670" acceleration="15496"/>
    <motionState vehicle="1" speed="3011" time="1670" acceleration="15496"/>
    <motionState vehicle="2" speed="3011" time="1670" acceleration="15496"/>
    <motionState vehicle="3" speed="3011" time="1670" acceleration="15496"/>
    <motionState vehicle="4" speed="3011" time="1670" acceleration="15496"/>
    <motionState vehicle="0" speed="3026" time="1680" acceleration="15356"/>
    <motionState vehicle="1" speed="3026" time="1680" acceleration="15356"/>
    <motionState vehicle="2" speed="3026" time="1680" acceleration="15356"/>
    <motionState vehicle="3" speed="3026" time="1680" acceleration="15356"/>
    <motionState vehicle="4" speed="3026" time="1680" acceleration="15356"/>
    <motionState vehicle="0" speed="3041" time="1690" acceleration="15216"/>
    <motionState vehicle="1" speed="3041" time="1690" acceleration="15216"/>
    <motionState vehicle="2" speed="3041" time="1690" acceleration="15216"/>
    <motionState vehicle="3" speed="3041" time="1690" acceleration="15216"/>
    <motionState vehicle="4" speed="3041" time="1690" acceleration="15216"/>
    <motionState vehicle="0" speed="3057" time="1700" acceleration="15078"/>
    <motionState vehicle="1" speed="3057" time="1700" acceleration="15078"/>
    <motionState vehicle="2" speed="3057" time="1700" acceleration="15078"/>
    <motionState vehicle="3" speed="3057" time="1700" acceleration="15078"/>
    <motionState vehicle="4" speed="3057" time="1700" acceleration="15078"/>
    <motionState vehicle="0" speed="3071" time="1710" acceleration="14941"/>
    <motionState vehicle="1" speed="3071" time="1710" acceleration="14941"/>
    <motionState vehicle="2" speed="3071" time="1710" acceleration="14941"/>
    <motionState vehicle="3" speed="3071" time="1710" acceleration="14941"/>
    <motionState vehicle="4" speed="3071" time="1710" acceleration="14941"/>
    <motionState vehicle="0" speed="3086" time="1720" acceleration="14805"/>
    <motionState vehicle="1" speed="3086" time="1720" acceleration="14805"/>
    <motionState vehicle="2" speed="3086" time="1720" acceleration="14805"/>
    <motionState vehicle="3" speed="3086" time="1720" acceleration="14805"/>
    <motionState vehicle="4" speed="3086" time="1720" acceleration="14805"/>
    <motionState vehicle="0" speed="3101" time="1730" acceleration="14670"/>
    <motionState vehicle="1" speed="3101" time="1730" acceleration="14670"/>
    <motionState vehicle="2" speed="3101" time="1730" acceleration="14670"/>
    <motionState vehicle="3" speed="3101" time="1730" acceleration="14670"/>
    <motionState vehicle="4" speed="3101" time="1730" acceleration="14670"/>
    <motionState vehicle="0" speed="3115" time="1740" acceleration="14537"/>
    <motionState vehicle="1" speed="3115" time="1740" acceleration="14537"/>
    <motionState vehicle="2" speed="3115" time="1740" acceleration="14537"/>
    <motionState vehicle="3" speed="3115" time="1740" acceleration="14537"/>
    <motionState vehicle="4" speed="3115" time="1740" acceleration="14537"/>
    <motionState vehicle="0" speed="3130" time="1750" acceleration="14405"/>
    <motionState vehicle="1" speed="3130" time="1750" acceleration="14405"/>
    <motionState vehicle="2" speed="3130" time="1750" acceleration="14405"/>
    <motionState vehicle="3" speed="3130" time="1750" acceleration="14405"/>
    <motionState vehicle="4" speed="3130" time="1750" acceleration="14405"/>
    <motionState vehicle="0" speed="3144" time="1760" acceleration="14274"/>
    <motionState vehicle="1" speed="3144" time="1760" acceleration="14274"/>
    <motionState vehicle="2" speed="3144" time="1760" acceleration="14274"/>
    <motionState vehicle="3" speed="3144" time="1760" acceleration="14274"/>
    <motionState vehicle="4" speed="3144" time="1760" acceleration="14274"/>
    <motionState vehicle="0" speed="3158" time="1770" acceleration="14144"/>
    <motionState vehicle="1" speed="3158" time="1770" acceleration="14144"/>
    <motionState vehicle="2" speed="3158" time="1770" acceleration="14144"/>
    <motionState vehicle="3" speed="3158" time="1770" acceleration="14144"/>
    <motionState vehicle="4" speed="3158" time="1770" acceleration="14144"/>
    <motionState vehicle="0" speed="3172" time="1780" acceleration="14015"/>
    <motionState vehicle="1" speed="3172" time="1780" acceleration="14015"/>
    <motionState vehicle="2" speed="3172" time="1780" acceleration="14015"/>
    <motionState vehicle="3" speed="3172" time="1780" acceleration="14015"/>
    <motionState vehicle="4" speed="3172" time="1780" acceleration="14015"/>
    <motionState vehicle="0" speed="3186" time="1790" acceleration="13888"/>
    <motionState vehicle="1" speed="3186" time="1790" acceleration="13888"/>
    <motionState vehicle="2" speed="3186" time="1790" acceleration="13888"/>
    <motionState vehicle="3" speed="3186" time="1790" acceleration="13888"/>
    <motionState vehicle="4" speed="3186" time="1790" acceleration="13888"/>
    <motionState vehicle="0" speed="3200" time="1800" acceleration="13762"/>
    <motionState vehicle="1" speed="3200" time="1800" acceleration="13762"/>
    <motionState vehicle="2" speed="3200" time="1800" acceleration="13762"/>
    <motionState vehicle="3" speed="3200" time="1800" acceleration="13762"/>
    <motionState vehicle="4" speed="3200" time="1800" acceleration="13762"/>
    <motionState vehicle="0" speed="3214" time="1810" acceleration="13637"/>
    <motionState vehicle="1" speed="3214" time="1810" acceleration="13637"/>
    <motionState vehicle="2" speed="3214" time="1810" acceleration="13637"/>
    <motionState vehicle="3" speed="3214" time="1810" acceleration="13637"/>
    <motionState vehicle="4" speed="3214" time="1810" acceleration="13637"/>
    <motionState vehicle="0" speed="3227" time="1820" acceleration="13513"/>
    <motionState vehicle="1" speed="3227" time="1820" acceleration="13513"/>
    <motionState vehicle="2" speed="3227" time="1820" acceleration="13513"/>
    <motionState vehicle="3" speed="3227" time="1820" acceleration="13513"/>
    <motionState vehicle="4" speed="3227" time="1820" acceleration="13513"/>
    <motionState vehicle="0" speed="3241" time="1830" acceleration="13390"/>
    <motionState vehicle="1" speed="3241" time="1830" acceleration="13390"/>
    <motionState vehicle="2" speed="3241" time="1830" acceleration="13390"/>
    <motionState vehicle="3" speed="3241" time="1830" acceleration="13390"/>
    <motionState vehicle="4" speed="3241" time="1830" acceleration="13390"/>
    <motionState vehicle="0" speed="3254" time="1840" acceleration="13268"/>
    <motionState vehicle="1" speed="3254" time="1840" acceleration="13268"/>
    <motionState vehicle="2" speed="3254" time="1840" acceleration="13268"/>
    <motionState vehicle="3" speed="3254" time="1840" acceleration="13268"/>
    <motionState vehicle="4" speed="3254" time="1840" acceleration="13268"/>
    <motionState vehicle="0" speed="3267" time="1850" acceleration="13147"/>
    <motionState vehicle="1" speed="3267" time="1850" acceleration="13147"/>
    <motionState vehicle="2" speed="3267" time="1850" acceleration="13147"/>
    <motionState vehicle="3" speed="3267" time="1850" acceleration="13147"/>
    <motionState vehicle="4" speed="3267" time="1850" acceleration="13147"/>
    <motionState vehicle="0" speed="3280" time="1860" acceleration="13028"/>
    <motionState vehicle="1" speed="3280" time="1860" acceleration="13028"/>
    <motionState vehicle="2" speed="3280" time="1860" acceleration="13028"/>
    <motionState vehicle="3" speed="3280" time="1860" acceleration="13028"/>
    <motionState vehicle="4" speed="3280" time="1860" acceleration="13028"/>
    <motionState vehicle="0" speed="3293" time="1870" acceleration="12910"/>
    <motionState vehicle="1" speed="3293" time="1870" acceleration="12910"/>
    <motionState vehicle="2" speed="3293" time="1870" acceleration="12910"/>
    <motionState vehicle="3" speed="3293" time="1870" acceleration="12910"/>
    <motionState vehicle="4" speed="3293" time="1870" acceleration="12910"/>
    <motionState vehicle="0" speed="3306" time="1880" acceleration="12792"/>
    <motionState vehicle="1" speed="3306" time="1880" acceleration="12792"/>
    <motionState vehicle="2" speed="3306" time="1880" acceleration="12792"/>
    <motionState vehicle="3" speed="3306" time="1880" acceleration="12792"/>
    <motionState vehicle="4" speed="3306" time="1880" acceleration="12792"/>
    <motionState vehicle="0" speed="3318" time="1890" acceleration="12676"/>
    <motionState vehicle="1" speed="3318" time="1890" acceleration="12676"/>
    <motionState vehicle="2" speed="3318" time="1890" acceleration="12676"/>
    <motionState vehicle="3" speed="3318" time="1890" acceleration="12676"/>
    <motionState vehicle="4" speed="3318" time="1890" acceleration="12676"/>
    <motionState vehicle="0" speed="3331" time="1900" acceleration="12561"/>
    <motionState vehicle="1" speed="3331" time="1900" acceleration="12561"/>
    <motionState vehicle="2" speed="3331" time="1900" acceleration="12561"/>
    <motionState vehicle="3" speed="3331" time="1900" acceleration="12561"/>
    <motionState vehicle="4" speed="3331" time="1900" acceleration="12561"/>
    <motionState vehicle="0" speed="3343" time="1910" acceleration="12446"/>
    <motionState vehicle="1" speed="3343" time="1910" acceleration="12446"/>
    <motionState vehicle="2" speed="3343" time="1910" acceleration="12446"/>
    <motionState vehicle="3" speed="3343" time="1910" acceleration="12446"/>
    <motionState vehicle="4" speed="3343" time="1910" acceleration="12446"/>
    <motionState vehicle="0" speed="3356" time="1920" acceleration="12333"/>
    <motionState vehicle="1" speed="3356" time="1920" acceleration="12333"/>
    <motionState vehicle="2" speed="3356" time="1920" acceleration="12333"/>
    <motionState vehicle="3" speed="3356" time="1920" acceleration="12333"/>
    <motionState vehicle="4" speed="3356" time="1920" acceleration="12333"/>
    <motionState vehicle="0" speed="3368" time="1930" acceleration="12221"/>
    <motionState vehicle="1" speed="3368" time="1930" acceleration="12221"/>
    <motionState vehicle="2" speed="3368" time="1930" acceleration="12221"/>
    <motionState vehicle="3" speed="3368" time="1930" acceleration="12221"/>
    <motionState vehicle="4" speed="3368" time="1930" acceleration="12221"/>
    <motionState vehicle="0" speed="3380" time="1940" acceleration="12110"/>
    <motionState vehicle="1" speed="3380" time="1940" acceleration="12110"/>
    <motionState vehicle="2" speed="3380" time="1940" acceleration="12110"/>
    <motionState vehicle="3" speed="3380" time="1940" acceleration="12110"/>
    <motionState vehicle="4" speed="3380" time="1940" acceleration="12110"/>
    <motionState vehicle="0" speed="3392" time="1950" acceleration="12000"/>
    <motionState vehicle="1" speed="3392" time="1950" acceleration="12000"/>
    <motionState vehicle="2" speed="3392" time="1950" acceleration="12000"/>
    <motionState vehicle="3" speed="3392" time="1950" acceleration="12000"/>
    <motionState vehicle="4" speed="3392" time="1950" acceleration="12000"/>
    <motionState vehicle="0" speed="3404" time="1960" acceleration="11891"/>
    <motionState vehicle="1" speed="3404" time="1960" acceleration="11891"/>
    <motionState vehicle="2" speed="3404" time="1960" acceleration="11891"/>
    <motionState vehicle="3" speed="3404" time="1960" acceleration="11891"/>
    <motionState vehicle="4" speed="3404" time="1960" acceleration="11891"/>
    <motionState vehicle="0" speed="3416" time="1970" acceleration="11783"/>
    <motionState vehicle="1" speed="3416" time="1970" acceleration="11783"/>
    <motionState vehicle="2" speed="3416" time="1970" acceleration="11783"/>
    <motionState vehicle="3" speed="3416" time="1970" acceleration="11783"/>
    <motionState vehicle="4" speed="3416" time="1970" acceleration="11783"/>
    <motionState vehicle="0" speed="3427" time="1980" acceleration="11676"/>
    <motionState vehicle="1" speed="3427" time="1980" acceleration="11676"/>
    <motionState vehicle="2" speed="3427" time="1980" acceleration="11676"/>
    <motionState vehicle="3" speed="3427" time="1980" acceleration="11676"/>
    <motionState vehicle="4" speed="3427" time="1980" acceleration="11676"/>
    <motionState vehicle="0" speed="3439" time="1990" acceleration="11570"/>
    <motionState vehicle="1" speed="3439" time="1990" acceleration="11570"/>
    <motionState vehicle="2" speed="3439" time="1990" acceleration="11570"/>
    <motionState vehicle="3" speed="3439" time="1990" acceleration="11570"/>
    <motionState vehicle="4" speed="3439" time="1990" acceleration="11570"/>
    <motionState vehicle="0" speed="3450" time="2000" acceleration="11464"/>
    <motionState vehicle="1" speed="3450" time="2000" acceleration="11464"/>
    <motionState vehicle="2" speed="3450" time="2000" acceleration="11464"/>
    <motionState vehicle="3" speed="3450" time="2000" acceleration="11464"/>
    <motionState vehicle="4" speed="3450" time="2000" acceleration="11464"/>
    <motionState vehicle="0" speed="3462" time="2010" acceleration="11360"/>
    <motionState vehicle="1" speed="3462" time="2010" acceleration="11360"/>
    <motionState vehicle="2" speed="3462" time="2010" acceleration="11360"/>
    <motionState vehicle="3" speed="3462" time="2010" acceleration="11360"/>
    <motionState vehicle="4" speed="3462" time="2010" acceleration="11360"/>
    <motionState vehicle="0" speed="3473" time="2020" acceleration="11257"/>
    <motionState vehicle="1" speed="3473" time="2020" acceleration="11257"/>
    <motionState vehicle="2" speed="3473" time="2020" acceleration="11257"/>
    <motionState vehicle="3" speed="3473" time="2020" acceleration="11257"/>
    <motionState vehicle="4" speed="3473" time="2020" acceleration="11257"/>
    <motionState vehicle="0" speed="3484" time="2030" acceleration="11155"/>
    <motionState vehicle="1" speed="3484" time="2030" acceleration="11155"/>
    <motionState vehicle="2" speed="3484" time="2030" acceleration="11155"/>
    <motionState vehicle="3" speed="3484" time="2030" acceleration="11155"/>
    <motionState vehicle="4" speed="3484" time="2030" acceleration="11155"/>
    <motionState vehicle="0" speed="3495" time="2040" acceleration="11053"/>
    <motionState vehicle="1" speed="3495" time="2040" acceleration="11053"/>
    <motionState vehicle="2" speed="3495" time="2040" acceleration="11053"/>
    <motionState vehicle="3" speed="3495" time="2040" acceleration="11053"/>
    <motionState vehicle="4" speed="3495" time="2040" acceleration="11053"/>
    <motionState vehicle="0" speed="3506" time="2050" acceleration="10953"/>
    <motionState vehicle="1" speed="3506" time="2050" acceleration="10953"/>
    <motionState vehicle="2" speed="3506" time="2050" acceleration="10953"/>
    <motionState vehicle="3" speed="3506" time="2050" acceleration="10953"/>
    <motionState vehicle="4" speed="3506" time="2050" acceleration="10953"/>
    <motionState vehicle="0" speed="3517" time="2060" acceleration="10853"/>
    <motionState vehicle="1" speed="3517" time="2060" acceleration="10853"/>
    <motionState vehicle="2" speed="3517" time="2060" acceleration="10853"/>
    <motionState vehicle="3" speed="3517" time="2060" acceleration="10853"/>
    <motionState vehicle="4" speed="3517" time="2060" acceleration="10853"/>
    <motionState vehicle="0" speed="3528" time="2070" acceleration="10754"/>
    <motionState vehicle="1" speed="3528" time="2070" acceleration="10754"/>
    <motionState vehicle="2" speed="3528" time="2070" acceleration="10754"/>
    <motionState vehicle="3" speed="3528" time="2070" acceleration="10754"/>
    <motionState vehicle="4" speed="3528" time="2070" acceleration="10754"/>
    <motionState vehicle="0" speed="3538" time="2080" acceleration="10657"/>
    <motionState vehicle="1" speed="3538" time="2080" acceleration="10657"/>
    <motionState vehicle="2" speed="3538" time="2080" acceleration="10657"/>
    <motionState vehicle="3" speed="3538" time="2080" acceleration="10657"/>
    <motionState vehicle="4" speed="3538" time="2080" acceleration="10657"/>
    <motionState vehicle="0" speed="3549" time="2090" acceleration="10560"/>
    <motionState vehicle="1" speed="3549" time="2090" acceleration="10560"/>
    <motionState vehicle="2" speed="3549" time="2090" acceleration="10560"/>
    <motionState vehicle="3" speed="3549" time="2090" acceleration="10560"/>
    <motionState vehicle="4" speed="3549" time="2090" acceleration="10560"/>
    <motionState vehicle="0" speed="3559" time="2100" acceleration="10464"/>
    <motionState vehicle="1" speed="3559" time="2100" acceleration="10464"/>
    <motionState vehicle="2" speed="3559" time="2100" acceleration="10464"/>
    <motionState vehicle="3" speed="3559" time="2100" acceleration="10464"/>
    <motionState vehicle="4" speed="3559" time="2100" acceleration="10464"/>
    <motionState vehicle="0" speed="3570" time="2110" acceleration="10369"/>
    <motionState vehicle="1" speed="3570" time="2110" acceleration="10369"/>
    <motionState vehicle="2" speed="3570" time="2110" acceleration="10369"/>
    <motionState vehicle="3" speed="3570" time="2110" acceleration="10369"/>
    <motionState vehicle="4" speed="3570" time="2110" acceleration="10369"/>
    <motionState vehicle="0" speed="3580" time="2120" acceleration="10274"/>
    <motionState vehicle="1" speed="3580" time="2120" acceleration="10274"/>
    <motionState vehicle="2" speed="3580" time="2120" acceleration="10274"/>
    <motionState vehicle="3" speed="3580" time="2120" acceleration="10274"/>
    <motionState vehicle="4" speed="3580" time="2120" acceleration="10274"/>
    <motionState vehicle="0" speed="3590" time="2130" acceleration="10181"/>
    <motionState vehicle="1" speed="3590" time="2130" acceleration="10181"/>
    <motionState vehicle="2" speed="3590" time="2130" acceleration="10181"/>
    <motionState vehicle="3" speed="3590" time="2130" acceleration="10181"/>
    <motionState vehicle="4" speed="3590" time="2130" acceleration="10181"/>
    <motionState vehicle="0" speed="3600" time="2140" acceleration="10088"/>
    <motionState vehicle="1" speed="3600" time="2140" acceleration="10088"/>
    <motionState vehicle="2" speed="3600" time="2140" acceleration="10088"/>
    <motionState vehicle="3" speed="3600" time="2140" acceleration="10088"/>
    <motionState vehicle="4" speed="3600" time="2140" acceleration="10088"/>
    <motionState vehicle="0" speed="3610" time="2150" acceleration="9997"/>
    <motionState vehicle="1" speed="3610" time="2150" acceleration="9997"/>
    <motionState vehicle="2" speed="3610" time="2150" acceleration="9997"/>
    <motionState vehicle="3" speed="3610" time="2150" acceleration="9997"/>
    <motionState vehicle="4" speed="3610" time="2150" acceleration="9997"/>
    <motionState vehicle="0" speed="3620" time="2160" acceleration="9906"/>
    <motionState vehicle="1" speed="3620" time="2160" acceleration="9906"/>
    <motionState vehicle="2" speed="3620" time="2160" acceleration="9906"/>
    <motionState vehicle="3" speed="3620" time="2160" acceleration="9906"/>
    <motionState vehicle="4" speed="3620" time="2160" acceleration="9906"/>
    <motionState vehicle="0" speed="3630" time="2170" acceleration="9816"/>
    <motionState vehicle="1" speed="3630" time="2170" acceleration="9816"/>
    <motionState vehicle="2" speed="3630" time="2170" acceleration="9816"/>
    <motionState vehicle="3" speed="3630" time="2170" acceleration="9816"/>
    <motionState vehicle="4" speed="3630" time="2170" acceleration="9816"/>
    <motionState vehicle="0" speed="3640" time="2180" acceleration="9727"/>
    <motionState vehicle="1" speed="3640" time="2180" acceleration="9727"/>
    <motionState vehicle="2" speed="3640" time="2180" acceleration="9727"/>
    <motionState vehicle="3" speed="3640" time="2180" acceleration="9727"/>
    <motionState vehicle="4" speed="3640" time="2180" acceleration="9727"/>
    <motionState vehicle="0" speed="3649" time="2190" acceleration="9638"/>
    <motionState vehicle="1" speed="3649" time="2190" acceleration="9638"/>
    <motionState vehicle="2" speed="3649" time="2190" acceleration="9638"/>
    <motionState vehicle="3" speed="3649" time="2190" acceleration="9638"/>
    <motionState vehicle="4" speed="3649" time="2190" acceleration="9638"/>
    <motionState vehicle="0" speed="3659" time="2200" acceleration="9550"/>
    <motionState vehicle="1" speed="3659" time="2200" acceleration="9550"/>
    <motionState vehicle="2" speed="3659" time="2200" acceleration="9550"/>
    <motionState vehicle="3" speed="3659" time="2200" acceleration="9550"/>
    <motionState vehicle="4" speed="3659" time="2200" acceleration="9550"/>
    <motionState vehicle="0" speed="3668" time="2210" acceleration="9464"/>
    <motionState vehicle="1" speed="3668" time="2210" acceleration="9464"/>
    <motionState vehicle="2" speed="3668" time="2210" acceleration="9464"/>
    <motionState vehicle="3" speed="3668" time="2210" acceleration="9464"/>
    <motionState vehicle="4" speed="3668" time="2210" acceleration="9464"/>
    <motionState vehicle="0" speed="3678" time="2220" acceleration="9378"/>
    <motionState vehicle="1" speed="3678" time="2220" acceleration="9378"/>
    <motionState vehicle="2" speed="3678" time="2220" acceleration="9378"/>
    <motionState vehicle="3" speed="3678" time="2220" acceleration="9378"/>
    <motionState vehicle="4" speed="3678" time="2220" acceleration="9378"/>
    <motionState vehicle="0" speed="3687" time="2230" acceleration="9292"/>
    <motionState vehicle="1" speed="3687" time="2230" acceleration="9292"/>
    <motionState vehicle="2" speed="3687" time="2230" acceleration="9292"/>
    <motionState vehicle="3" speed="3687" time="2230" acceleration="9292"/>
    <motionState vehicle="4" speed="3687" time="2230" acceleration="9292"/>
    <motionState vehicle="0" speed="3696" time="2240" acceleration="9208"/>
    <motionState vehicle="1" speed="3696" time="2240" acceleration="9208"/>
    <motionState vehicle="2" speed="3696" time="2240" acceleration="9208"/>
    <motionState vehicle="3" speed="3696" time="2240" acceleration="9208"/>
    <motionState vehicle="4" speed="3696" time="2240" acceleration="9208"/>
    <motionState vehicle="0" speed="3705" time="2250" acceleration="9124"/>
    <motionState vehicle="1" speed="3705" time="2250" acceleration="9124"/>
    <motionState vehicle="2" speed="3705" time="2250" acceleration="9124"/>
    <motionState vehicle="3" speed="3705" time="2250" acceleration="9124"/>
    <motionState vehicle="4" speed="3705" time="2250" acceleration="9124"/>
    <motionState vehicle="0" speed="3715" time="2260" acceleration="9041"/>
    <motionState vehicle="1" speed="3715" time="2260" acceleration="9041"/>
    <motionState vehicle="2" speed="3715" time="2260" acceleration="9041"/>
    <motionState vehicle="3" speed="3715" time="2260" acceleration="9041"/>
    <motionState vehicle="4" speed="3715" time="2260" acceleration="9041"/>
    <motionState vehicle="0" speed="3723" time="2270" acceleration="8959"/>
    <motionState vehicle="1" speed="3723" time="2270" acceleration="8959"/>
    <motionState vehicle="2" speed="3723" time="2270" acceleration="8959"/>
    <motionState vehicle="3" speed="3723" time="2270" acceleration="8959"/>
    <motionState vehicle="4" speed="3723" time="2270" acceleration="8959"/>
    <motionState vehicle="0" speed="3732" time="2280" acceleration="8878"/>
    <motionState vehicle="1" speed="3732" time="2280" acceleration="8878"/>
    <motionState vehicle="2" speed="3732" time="2280" acceleration="8878"/>
    <motionState vehicle="3" speed="3732" time="2280" acceleration="8878"/>
    <motionState vehicle="4" speed="3732" time="2280" acceleration="8878"/>
    <motionState vehicle="0" speed="3741" time="2290" acceleration="8797"/>
    <motionState vehicle="1" speed="3741" time="2290" acceleration="8797"/>
    <motionState vehicle="2" speed="3741" time="2290" acceleration="8797"/>
    <motionState vehicle="3" speed="3741" time="2290" acceleration="8797"/>
    <motionState vehicle="4" speed="3741" time="2290" acceleration="8797"/>
    <motionState vehicle="0" speed="3750" time="2300" acceleration="8717"/>
    <motionState vehicle="1" speed="3750" time="2300" acceleration="8717"/>
    <motionState vehicle="2" speed="3750" time="2300" acceleration="8717"/>
    <motionState vehicle="3" speed="3750" time="2300" acceleration="8717"/>
    <motionState vehicle="4" speed="3750" time="2300" acceleration="8717"/>
    <motionState vehicle="0" speed="3758" time="2310" acceleration="8638"/>
    <motionState vehicle="1" speed="3758" time="2310" acceleration="8638"/>
    <motionState vehicle="2" speed="3758" time="2310" acceleration="8638"/>
    <motionState vehicle="3" speed="3758" time="2310" acceleration="8638"/>
    <motionState vehicle="4" speed="3758" time="2310" acceleration="8638"/>
    <motionState vehicle="0" speed="3767" time="2320" acceleration="8559"/>
    <motionState vehicle="1" speed="3767" time="2320" acceleration="8559"/>
    <motionState vehicle="2" speed="3767" time="2320" acceleration="8559"/>
    <motionState vehicle="3" speed="3767" time="2320" acceleration="8559"/>
    <motionState vehicle="4" speed="3767" time="2320" acceleration="8559"/>
    <motionState vehicle="0" speed="3776" time="2330" acceleration="8481"/>
    <motionState vehicle="1" speed="3776" time="2330" acceleration="8481"/>
    <motionState vehicle="2" speed="3776" time="2330" acceleration="8481"/>
    <motionState vehicle="3" speed="3776" time="2330" acceleration="8481"/>
    <motionState vehicle="4" speed="3776" time="2330" acceleration="8481"/>
    <motionState vehicle="0" speed="3784" time="2340" acceleration="8404"/>
    <motionState vehicle="1" speed="3784" time="2340" acceleration="8404"/>
    <motionState vehicle="2" speed="3784" time="2340" acceleration="8404"/>
    <motionState vehicle="3" speed="3784" time="2340" acceleration="8404"/>
    <motionState vehicle="4" speed="3784" time="2340" acceleration="8404"/>
    <motionState vehicle="0" speed="3792" time="2350" acceleration="8328"/>
    <motionState vehicle="1" speed="3792" time="2350" acceleration="8328"/>
    <motionState vehicle="2" speed="3792" time="2350" acceleration="8328"/>
    <motionState vehicle="3" speed="3792" time="2350" acceleration="8328"/>
    <motionState vehicle="4" speed="3792" time="2350" acceleration="8328"/>
    <motionState vehicle="0" speed="3801" time="2360" acceleration="8252"/>
    <motionState vehicle="1" speed="3801" time="2360" acceleration="8252"/>
    <motionState vehicle="2" speed="3801" time="2360" acceleration="8252"/>
    <motionState vehicle="3" speed="3801" time="2360" acceleration="8252"/>
    <motionState vehicle="4" speed="3801" time="2360" acceleration="8252"/>
    <motionState vehicle="0" speed="3809" time="2370" acceleration="8177"/>
    <motionState vehicle="1" speed="3809" time="2370" acceleration="8177"/>
    <motionState vehicle="2" speed="3809" time="2370" acceleration="8177"/>
    <motionState vehicle="3" speed="3809" time="2370" acceleration="8177"/>
    <motionState vehicle="4" speed="3809" time="2370" acceleration="8177"/>
    <motionState vehicle="0" speed="3817" time="2380" acceleration="8103"/>
    <motionState vehicle="1" speed="3817" time="2380" acceleration="8103"/>
    <motionState vehicle="2" speed="3817" time="2380" acceleration="8103"/>
    <motionState vehicle="3" speed="3817" time="2380" acceleration="8103"/>
    <motionState vehicle="4" speed="3817" time="2380" acceleration="8103"/>
    <motionState vehicle="0" speed="3825" time="2390" acceleration="8029"/>
    <motionState vehicle="1" speed="3825" time="2390" acceleration="8029"/>
    <motionState vehicle="2" speed="3825" time="2390" acceleration="8029"/>
    <motionState vehicle="3" speed="3825" time="2390" acceleration="8029"/>
    <motionState vehicle="4" speed="3825" time="2390" acceleration="8029"/>
    <motionState vehicle="0" speed="3833" time="2400" acceleration="7956"/>
    <motionState vehicle="1" speed="3833" time="2400" acceleration="7956"/>
    <motionState vehicle="2" speed="3833" time="2400" acceleration="7956"/>
    <motionState vehicle="3" speed="3833" time="2400" acceleration="7956"/>
    <motionState vehicle="4" speed="3833" time="2400" acceleration="7956"/>
    <motionState vehicle="0" speed="3841" time="2410" acceleration="7884"/>
    <motionState vehicle="1" speed="3841" time="2410" acceleration="7884"/>
    <motionState vehicle="2" speed="3841" time="2410" acceleration="7884"/>
    <motionState vehicle="3" speed="3841" time="2410" acceleration="7884"/>
    <motionState vehicle="4" speed="3841" time="2410" acceleration="7884"/>
    <motionState vehicle="0" speed="3848" time="2420" acceleration="7812"/>
    <motionState vehicle="1" speed="3848" time="2420" acceleration="7812"/>
    <motionState vehicle="2" speed="3848" time="2420" acceleration="7812"/>
    <motionState vehicle="3" speed="3848" time="2420" acceleration="7812"/>
    <motionState vehicle="4" speed="3848" time="2420" acceleration="7812"/>
    <motionState vehicle="0" speed="3856" time="2430" acceleration="7741"/>
    <motionState vehicle="1" speed="3856" time="2430" acceleration="7741"/>
    <motionState vehicle="2" speed="3856" time="2430" acceleration="7741"/>
    <motionState vehicle="3" speed="3856" time="2430" acceleration="7741"/>
    <motionState vehicle="4" speed="3856" time="2430" acceleration="7741"/>
    <motionState vehicle="0" speed="3864" time="2440" acceleration="7671"/>
    <motionState vehicle="1" speed="3864" time="2440" acceleration="7671"/>
    <motionState vehicle="2" speed="3864" time="2440" acceleration="7671"/>
    <motionState vehicle="3" speed="3864" time="2440" acceleration="7671"/>
    <motionState vehicle="4" speed="3864" time="2440" acceleration="7671"/>
    <motionState vehicle="0" speed="3871" time="2450" acceleration="7601"/>
    <motionState vehicle="1" speed="3871" time="2450" acceleration="7601"/>
    <motionState vehicle="2" speed="3871" time="2450" acceleration="7601"/>
    <motionState vehicle="3" speed="3871" time="2450" acceleration="7601"/>
    <motionState vehicle="4" speed="3871" time="2450" acceleration="7601"/>
    <motionState vehicle="0" speed="3879" time="2460" acceleration="7532"/>
    <motionState vehicle="1" speed="3879" time="2460" acceleration="7532"/>
    <motionState vehicle="2" speed="3879" time="2460" acceleration="7532"/>
    <motionState vehicle="3" speed="3879" time="2460" acceleration="7532"/>
    <motionState vehicle="4" speed="3879" time="2460" acceleration="7532"/>
    <motionState vehicle="0" speed="3886" time="2470" acceleration="7463"/>
    <motionState vehicle="1" speed="3886" time="2470" acceleration="7463"/>
    <motionState vehicle="2" speed="3886" time="2470" acceleration="7463"/>
    <motionState vehicle="3" speed="3886" time="2470" acceleration="7463"/>
    <motionState vehicle="4" speed="3886" time="2470" acceleration="7463"/>
    <motionState vehicle="0" speed="3894" time="2480" acceleration="7396"/>
    <motionState vehicle="1" speed="3894" time="2480" acceleration="7396"/>
    <motionState vehicle="2" speed="3894" time="2480" acceleration="7396"/>
    <motionState vehicle="3" speed="3894" time="2480" acceleration="7396"/>
    <motionState vehicle="4" speed="3894" time="2480" acceleration="7396"/>
    <motionState vehicle="0" speed="3901" time="2490" acceleration="7328"/>
    <motionState vehicle="1" speed="3901" time="2490" acceleration="7328"/>
    <motionState vehicle="2" speed="3901" time="2490" acceleration="7328"/>
    <motionState vehicle="3" speed="3901" time="2490" acceleration="7328"/>
    <motionState vehicle="4" speed="3901" time="2490" acceleration="7328"/>
    <motionState vehicle="0" speed="3908" time="2500" acceleration="7262"/>
    <motionState vehicle="1" speed="3908" time="2500" acceleration="7262"/>
    <motionState vehicle="2" speed="3908" time="2500" acceleration="7262"/>
    <motionState vehicle="3" speed="3908" time="2500" acceleration="7262"/>
    <motionState vehicle="4" speed="3908" time="2500" acceleration="7262"/>
    <motionState vehicle="0" speed="3916" time="2510" acceleration="7196"/>
    <motionState vehicle="1" speed="3916" time="2510" acceleration="7196"/>
    <motionState vehicle="2" speed="3916" time="2510" acceleration="7196"/>
    <motionState vehicle="3" speed="3916" time="2510" acceleration="7196"/>
    <motionState vehicle="4" speed="3916" time="2510" acceleration="7196"/>
    <motionState vehicle="0" speed="3923" time="2520" acceleration="7130"/>
    <motionState vehicle="1" speed="3923" time="2520" acceleration="7130"/>
    <motionState vehicle="2" speed="3923" time="2520" acceleration="7130"/>
    <motionState vehicle="3" speed="3923" time="2520" acceleration="7130"/>
    <motionState vehicle="4" speed="3923" time="2520" acceleration="7130"/>
    <motionState vehicle="0" speed="3930" time="2530" acceleration="7065"/>
    <motionState vehicle="1" speed="3930" time="2530" acceleration="7065"/>
    <motionState vehicle="2" speed="3930" time="2530" acceleration="7065"/>
    <motionState vehicle="3" speed="3930" time="2530" acceleration="7065"/>
    <motionState vehicle="4" speed="3930" time="2530" acceleration="7065"/>
    <motionState vehicle="0" speed="3937" time="2540" acceleration="7001"/>
    <motionState vehicle="1" speed="3937" time="2540" acceleration="7001"/>
    <motionState vehicle="2" speed="3937" time="2540" acceleration="7001"/>
    <motionState vehicle="3" speed="3937" time="2540" acceleration="7001"/>
    <motionState vehicle="4" speed="3937" time="2540" acceleration="7001"/>
    <motionState vehicle="0" speed="3944" time="2550" acceleration="6938"/>
    <motionState vehicle="1" speed="3944" time="2550" acceleration="6938"/>
    <motionState vehicle="2" speed="3944" time="2550" acceleration="6938"/>
    <motionState vehicle="3" speed="3944" time="2550" acceleration="6938"/>
    <motionState vehicle="4" speed="3944" time="2550" acceleration="6938"/>
    <motionState vehicle="0" speed="3951" time="2560" acceleration="6875"/>
    <motionState vehicle="1" speed="3951" time="2560" acceleration="6875"/>
    <motionState vehicle="2" speed="3951" time="2560" acceleration="6875"/>
    <motionState vehicle="3" speed="3951" time="2560" acceleration="6875"/>
    <motionState vehicle="4" speed="3951" time="2560" acceleration="6875"/>
    <motionState vehicle="0" speed="3957" time="2570" acceleration="6812"/>
    <motionState vehicle="1" speed="3957" time="2570" acceleration="6812"/>
    <motionState vehicle="2" speed="3957" time="2570" acceleration="6812"/>
    <motionState vehicle="3" speed="3957" time="2570" acceleration="6812"/>
    <motionState vehicle="4" speed="3957" time="2570" acceleration="6812"/>
    <motionState vehicle="0" speed="3964" time="2580" acceleration="6750"/>
    <motionState vehicle="1" speed="3964" time="2580" acceleration="6750"/>
    <motionState vehicle="2" speed="3964" time="2580" acceleration="6750"/>
    <motionState vehicle="3" speed="3964" time="2580" acceleration="6750"/>
    <motionState vehicle="4" speed="3964" time="2580" acceleration="6750"/>
    <motionState vehicle="0" speed="3971" time="2590" acceleration="6689"/>
    <motionState vehicle="1" speed="3971" time="2590" acceleration="6689"/>
    <motionState vehicle="2" speed="3971" time="2590" acceleration="6689"/>
    <motionState vehicle="3" speed="3971" time="2590" acceleration="6689"/>
    <motionState vehicle="4" speed="3971" time="2590" acceleration="6689"/>
    <motionState vehicle="0" speed="3978" time="2600" acceleration="6628"/>
    <motionState vehicle="1" speed="3978" time="2600" acceleration="6628"/>
    <motionState vehicle="2" speed="3978" time="2600" acceleration="6628"/>
    <motionState vehicle="3" speed="3978" time="2600" acceleration="6628"/>
    <motionState vehicle="4" speed="3978" time="2600" acceleration="6628"/>
    <motionState vehicle="0" speed="3984" time="2610" acceleration="6568"/>
    <motionState vehicle="1" speed="3984" time="2610" acceleration="6568"/>
    <motionState vehicle="2" speed="3984" time="2610" acceleration="6568"/>
    <motionState vehicle="3" speed="3984" time="2610" acceleration="6568"/>
    <motionState vehicle="4" speed="3984" time="2610" acceleration="6568"/>
    <motionState vehicle="0" speed="3991" time="2620" acceleration="6508"/>
    <motionState vehicle="1" speed="3991" time="2620" acceleration="6508"/>
    <motionState vehicle="2" speed="3991" time="2620" acceleration="6508"/>
    <motionState vehicle="3" speed="3991" time="2620" acceleration="6508"/>
    <motionState vehicle="4" speed="3991" time="2620" acceleration="6508"/>
    <motionState vehicle="0" speed="3997" time="2630" acceleration="6449"/>
    <motionState vehicle="1" speed="3997" time="2630" acceleration="6449"/>
    <motionState vehicle="2" speed="3997" time="2630" acceleration="6449"/>
    <motionState vehicle="3" speed="3997" time="2630" acceleration="6449"/>
    <motionState vehicle="4" speed="3997" time="2630" acceleration="6449"/>
    <motionState vehicle="0" speed="4003" time="2640" acceleration="6390"/>
    <motionState vehicle="1" speed="4003" time="2640" acceleration="6390"/>
    <motionState vehicle="2" speed="4003" time="2640" acceleration="6390"/>
    <motionState vehicle="3" speed="4003" time="2640" acceleration="6390"/>
    <motionState vehicle="4" speed="4003" time="2640" acceleration="6390"/>
    <motionState vehicle="0" speed="4010" time="2650" acceleration="6332"/>
    <motionState vehicle="1" speed="4010" time="2650" acceleration="6332"/>
    <motionState vehicle="2" speed="4010" time="2650" acceleration="6332"/>
    <motionState vehicle="3" speed="4010" time="2650" acceleration="6332"/>
    <motionState vehicle="4" speed="4010" time="2650" acceleration="6332"/>
    <motionState vehicle="0" speed="4016" time="2660" acceleration="6275"/>
    <motionState vehicle="1" speed="4016" time="2660" acceleration="6275"/>
    <motionState vehicle="2" speed="4016" time="2660" acceleration="6275"/>
    <motionState vehicle="3" speed="4016" time="2660" acceleration="6275"/>
    <motionState vehicle="4" speed="4016" time="2660" acceleration="6275"/>
    <motionState vehicle="0" speed="4022" time="2670" acceleration="6217"/>
    <motionState vehicle="1" speed="4022" time="2670" acceleration="6217"/>
    <motionState vehicle="2" speed="4022" time="2670" acceleration="6217"/>
    <motionState vehicle="3" speed="4022" time="2670" acceleration="6217"/>
    <motionState vehicle="4" speed="4022" time="2670" acceleration="6217"/>
    <motionState vehicle="0" speed="4028" time="2680" acceleration="6161"/>
    <motionState vehicle="1" speed="4028" time="2680" acceleration="6161"/>
    <motionState vehicle="2" speed="4028" time="2680" acceleration="6161"/>
    <motionState vehicle="3" speed="4028" time="2680" acceleration="6161"/>
    <motionState vehicle="4" speed="4028" time="2680" acceleration="6161"/>
    <motionState vehicle="0" speed="4035" time="2690" acceleration="6105"/>
    <motionState vehicle="1" speed="4035" time="2690" acceleration="6105"/>
    <motionState vehicle="2" speed="4035" time="2690" acceleration="6105"/>
    <motionState vehicle="3" speed="4035" time="2690" acceleration="6105"/>
    <motionState vehicle="4" speed="4035" time="2690" acceleration="6105"/>
    <motionState vehicle="0" speed="4041" time="2700" acceleration="6049"/>
    <motionState vehicle="1" speed="4041" time="2700" acceleration="6049"/>
    <motionState vehicle="2" speed="4041" time="2700" acceleration="6049"/>
    <motionState vehicle="3" speed="4041" time="2700" acceleration="6049"/>
    <motionState vehicle="4" speed="4041" time="2700" acceleration="6049"/>
    <motionState vehicle="0" speed="4047" time="2710" acceleration="5994"/>
    <motionState vehicle="1" speed="4047" time="2710" acceleration="5994"/>
    <motionState vehicle="2" speed="4047" time="2710" acceleration="5994"/>
    <motionState vehicle="3" speed="4047" time="2710" acceleration="5994"/>
    <motionState vehicle="4" speed="4047" time="2710" acceleration="5994"/>
    <motionState vehicle="0" speed="4053" time="2720" acceleration="5940"/>
    <motionState vehicle="1" speed="4053" time="2720" acceleration="5940"/>
    <motionState vehicle="2" speed="4053" time="2720" acceleration="5940"/>
    <motionState vehicle="3" speed="4053" time="2720" acceleration="5940"/>
    <motionState vehicle="4" speed="4053" time="2720" acceleration="5940"/>
    <motionState vehicle="0" speed="4058" time="2730" acceleration="5886"/>
    <motionState vehicle="1" speed="4058" time="2730" acceleration="5886"/>
    <motionState vehicle="2" speed="4058" time="2730" acceleration="5886"/>
    <motionState vehicle="3" speed="4058" time="2730" acceleration="5886"/>
    <motionState vehicle="4" speed="4058" time="2730" acceleration="5886"/>
    <motionState vehicle="0" speed="4064" time="2740" acceleration="5832"/>
    <motionState vehicle="1" speed="4064" time="2740" acceleration="5832"/>
    <motionState vehicle="2" speed="4064" time="2740" acceleration="5832"/>
    <motionState vehicle="3" speed="4064" time="2740" acceleration="5832"/>
    <motionState vehicle="4" speed="4064" time="2740" acceleration="5832"/>
    <motionState vehicle="0" speed="4070" time="2750" acceleration="5779"/>
    <motionState vehicle="1" speed="4070" time="2750" acceleration="5779"/>
    <motionState vehicle="2" speed="4070" time="2750" acceleration="5779"/>
    <motionState vehicle="3" speed="4070" time="2750" acceleration="5779"/>
    <motionState vehicle="4" speed="4070" time="2750" acceleration="5779"/>
    <motionState vehicle="0" speed="4076" time="2760" acceleration="5727"/>
    <motionState vehicle="1" speed="4076" time="2760" acceleration="5727"/>
    <motionState vehicle="2" speed="4076" time="2760" acceleration="5727"/>
    <motionState vehicle="3" speed="4076" time="2760" acceleration="5727"/>
    <motionState vehicle="4" speed="4076" time="2760" acceleration="5727"/>
    <motionState vehicle="0" speed="4081" time="2770" acceleration="5675"/>
    <motionState vehicle="1" speed="4081" time="2770" acceleration="5675"/>
    <motionState vehicle="2" speed="4081" time="2770" acceleration="5675"/>
    <motionState vehicle="3" speed="4081" time="2770" acceleration="5675"/>
    <motionState vehicle="4" speed="4081" time="2770" acceleration="5675"/>
    <motionState vehicle="0" speed="4087" time="2780" acceleration="5623"/>
    <motionState vehicle="1" speed="4087" time="2780" acceleration="5623"/>
    <motionState vehicle="2" speed="4087" time="2780" acceleration="5623"/>
    <motionState vehicle="3" speed="4087" time="2780" acceleration="5623"/>
    <motionState vehicle="4" speed="4087" time="2780" acceleration="5623"/>
    <motionState vehicle="0" speed="4093" time="2790" acceleration="5572"/>
    <motionState vehicle="1" speed="4093" time="2790" acceleration="5572"/>
    <motionState vehicle="2" speed="4093" time="2790" acceleration="5572"/>
    <motionState vehicle="3" speed="4093" time="2790" acceleration="5572"/>
    <motionState vehicle="4" speed="4093" time="2790" acceleration="5572"/>
    <motionState vehicle="0" speed="4098" time="2800" acceleration="5521"/>
    <motionState vehicle="1" speed="4098" time="2800" acceleration="5521"/>
    <motionState vehicle="2" speed="4098" time="2800" acceleration="5521"/>
    <motionState vehicle="3" speed="4098" time="2800" acceleration="5521"/>
    <motionState vehicle="4" speed="4098" time="2800" acceleration="5521"/>
    <motionState vehicle="0" speed="4104" time="2810" acceleration="5471"/>
    <motionState vehicle="1" speed="4104" time="2810" acceleration="5471"/>
    <motionState vehicle="2" speed="4104" time="2810" acceleration="5471"/>
    <motionState vehicle="3" speed="4104" time="2810" acceleration="5471"/>
    <motionState vehicle="4" speed="4104" time="2810" acceleration="5471"/>
    <motionState vehicle="0" speed="4109" time="2820" acceleration="5422"/>
    <motionState vehicle="1" speed="4109" time="2820" acceleration="5422"/>
    <motionState vehicle="2" speed="4109" time="2820" acceleration="5422"/>
    <motionState vehicle="3" speed="4109" time="2820" acceleration="5422"/>
    <motionState vehicle="4" speed="4109" time="2820" acceleration="5422"/>
    <motionState vehicle="0" speed="4114" time="2830" acceleration="5372"/>
    <motionState vehicle="1" speed="4114" time="2830" acceleration="5372"/>
    <motionState vehicle="2" speed="4114" time="2830" acceleration="5372"/>
    <motionState vehicle="3" speed="4114" time="2830" acceleration="5372"/>
    <motionState vehicle="4" speed="4114" time="2830" acceleration="5372"/>
    <motionState vehicle="0" speed="4120" time="2840" acceleration="5323"/>
    <motionState vehicle="1" speed="4120" time="2840" acceleration="5323"/>
    <motionState vehicle="2" speed="4120" time="2840" acceleration="5323"/>
    <motionState vehicle="3" speed="4120" time="2840" acceleration="5323"/>
    <motionState vehicle="4" speed="4120" time="2840" acceleration="5323"/>
    <motionState vehicle="0" speed="4125" time="2850" acceleration="5275"/>
    <motionState vehicle="1" speed="4125" time="2850" acceleration="5275"/>
    <motionState vehicle="2" speed="4125" time="2850" acceleration="5275"/>
    <motionState vehicle="3" speed="4125" time="2850" acceleration="5275"/>
    <motionState vehicle="4" speed="4125" time="2850" acceleration="5275"/>
    <motionState vehicle="0" speed="4130" time="2860" acceleration="5227"/>
    <motionState vehicle="1" speed="4130" time="2860" acceleration="5227"/>
    <motionState vehicle="2" speed="4130" time="2860" acceleration="5227"/>
    <motionState vehicle="3" speed="4130" time="2860" acceleration="5227"/>
    <motionState vehicle="4" speed="4130" time="2860" acceleration="5227"/>
    <motionState vehicle="0" speed="4135" time="2870" acceleration="5180"/>
    <motionState vehicle="1" speed="4135" time="2870" acceleration="5180"/>
    <motionState vehicle="2" speed="4135" time="2870" acceleration="5180"/>
    <motionState vehicle="3" speed="4135" time="2870" acceleration="5180"/>
    <motionState vehicle="4" speed="4135" time="2870" acceleration="5180"/>
    <motionState vehicle="0" speed="4141" time="2880" acceleration="5132"/>
    <motionState vehicle="1" speed="4141" time="2880" acceleration="5132"/>
    <motionState vehicle="2" speed="4141" time="2880" acceleration="5132"/>
    <motionState vehicle="3" speed="4141" time="2880" acceleration="5132"/>
    <motionState vehicle="4" speed="4141" time="2880" acceleration="5132"/>
    <motionState vehicle="0" speed="4146" time="2890" acceleration="5086"/>
    <motionState vehicle="1" speed="4146" time="2890" acceleration="5086"/>
    <motionState vehicle="2" speed="4146" time="2890" acceleration="5086"/>
    <motionState vehicle="3" speed="4146" time="2890" acceleration="5086"/>
    <motionState vehicle="4" speed="4146" time="2890" acceleration="5086"/>
    <motionState vehicle="0" speed="4151" time="2900" acceleration="5040"/>
    <motionState vehicle="1" speed="4151" time="2900" acceleration="5040"/>
    <motionState vehicle="2" speed="4151" time="2900" acceleration="5040"/>
    <motionState vehicle="3" speed="4151" time="2900" acceleration="5040"/>
    <motionState vehicle="4" speed="4151" time="2900" acceleration="5040"/>
    <motionState vehicle="0" speed="4156" time="2910" acceleration="4994"/>
    <motionState vehicle="1" speed="4156" time="2910" acceleration="4994"/>
    <motionState vehicle="2" speed="4156" time="2910" acceleration="4994"/>
    <motionState vehicle="3" speed="4156" time="2910" acceleration="4994"/>
    <motionState vehicle="4" speed="4156" time="2910" acceleration="4994"/>
    <motionState vehicle="0" speed="4161" time="2920" acceleration="4948"/>
    <motionState vehicle="1" speed="4161" time="2920" acceleration="4948"/>
    <motionState vehicle="2" speed="4161" time="2920" acceleration="4948"/>
    <motionState vehicle="3" speed="4161" time="2920" acceleration="4948"/>
    <motionState vehicle="4" speed="4161" time="2920" acceleration="4948"/>
    <motionState vehicle="0" speed="4166" time="2930" acceleration="4903"/>
    <motionState vehicle="1" speed="4166" time="2930" acceleration="4903"/>
    <motionState vehicle="2" speed="4166" time="2930" acceleration="4903"/>
    <motionState vehicle="3" speed="4166" time="2930" acceleration="4903"/>
    <motionState vehicle="4" speed="4166" time="2930" acceleration="4903"/>
    <motionState vehicle="0" speed="4170" time="2940" acceleration="4859"/>
    <motionState vehicle="1" speed="4170" time="2940" acceleration="4859"/>
    <motionState vehicle="2" speed="4170" time="2940" acceleration="4859"/>
    <motionState vehicle="3" speed="4170" time="2940" acceleration="4859"/>
    <motionState vehicle="4" speed="4170" time="2940" acceleration="4859"/>
    <motionState vehicle="0" speed="4175" time="2950" acceleration="4815"/>
    <motionState vehicle="1" speed="4175" time="2950" acceleration="4815"/>
    <motionState vehicle="2" speed="4175" time="2950" acceleration="4815"/>
    <motionState vehicle="3" speed="4175" time="2950" acceleration="4815"/>
    <motionState vehicle="4" speed="4175" time="2950" acceleration="4815"/>
    <motionState vehicle="0" speed="4180" time="2960" acceleration="4771"/>
    <motionState vehicle="1" speed="4180" time="2960" acceleration="4771"/>
    <motionState vehicle="2" speed="4180" time="2960" acceleration="4771"/>
    <motionState vehicle="3" speed="4180" time="2960" acceleration="4771"/>
    <motionState vehicle="4" speed="4180" time="2960" acceleration="4771"/>
    <motionState vehicle="0" speed="4185" time="2970" acceleration="4727"/>
    <motionState vehicle="1" speed="4185" time="2970" acceleration="4727"/>
    <motionState vehicle="2" speed="4185" time="2970" acceleration="4727"/>
    <motionState vehicle="3" speed="4185" time="2970" acceleration="4727"/>
    <motionState vehicle="4" speed="4185" time="2970" acceleration="4727"/>
    <motionState vehicle="0" speed="4189" time="2980" acceleration="4684"/>
    <motionState vehicle="1" speed="4189" time="2980" acceleration="4684"/>
    <motionState vehicle="2" speed="4189" time="2980" acceleration="4684"/>
    <motionState vehicle="3" speed="4189" time="2980" acceleration="4684"/>
    <motionState vehicle="4" speed="4189" time="2980" acceleration="4684"/>
    <motionState vehicle="0" speed="4194" time="2990" acceleration="4642"/>
    <motionState vehicle="1" speed="4194" time="2990" acceleration="4642"/>
    <motionState vehicle="2" speed="4194" time="2990" acceleration="4642"/>
    <motionState vehicle="3" speed="4194" time="2990" acceleration="4642"/>
    <motionState vehicle="4" speed="4194" time="2990" acceleration="4642"/>
    <motionState vehicle="0" speed="4199" time="3000" acceleration="4600"/>
    <motionState vehicle="1" speed="4199" time="3000" acceleration="4600"/>
    <motionState vehicle="2" speed="4199" time="3000" acceleration="4600"/>
    <motionState vehicle="3" speed="4199" time="3000" acceleration="4600"/>
    <motionState vehicle="4" speed="4199" time="3000" acceleration="4600"/>
    <motionState vehicle="0" speed="4203" time="3010" acceleration="4558"/>
    <motionState vehicle="1" speed="4203" time="3010" acceleration="4558"/>
    <motionState vehicle="2" speed="4203" time="3010" acceleration="4558"/>
    <motionState vehicle="3" speed="4203" time="3010" acceleration="4558"/>
    <motionState vehicle="4" speed="4203" time="3010" acceleration="4558"/>
    <motionState vehicle="0" speed="4208" time="3020" acceleration="4516"/>
    <motionState vehicle="1" speed="4208" time="3020" acceleration="4516"/>
    <motionState vehicle="2" speed="4208" time="3020" acceleration="4516"/>
    <motionState vehicle="3" speed="4208" time="3020" acceleration="4516"/>
    <motionState vehicle="4" speed="4208" time="3020" acceleration="4516"/>
    <motionState vehicle="0" speed="4212" time="3030" acceleration="4475"/>
    <motionState vehicle="1" speed="4212" time="3030" acceleration="4475"/>
    <motionState vehicle="2" speed="4212" time="3030" acceleration="4475"/>
    <motionState vehicle="3" speed="4212" time="3030" acceleration="4475"/>
    <motionState vehicle="4" speed="4212" time="3030" acceleration="4475"/>
    <motionState vehicle="0" speed="4217" time="3040" acceleration="4435"/>
    <motionState vehicle="1" speed="4217" time="3040" acceleration="4435"/>
    <motionState vehicle="2" speed="4217" time="3040" acceleration="4435"/>
    <motionState vehicle="3" speed="4217" time="3040" acceleration="4435"/>
    <motionState vehicle="4" speed="4217" time="3040" acceleration="4435"/>
    <motionState vehicle="0" speed="4221" time="3050" acceleration="4394"/>
    <motionState vehicle="1" speed="4221" time="3050" acceleration="4394"/>
    <motionState vehicle="2" speed="4221" time="3050" acceleration="4394"/>
    <motionState vehicle="3" speed="4221" time="3050" acceleration="4394"/>
    <motionState vehicle="4" speed="4221" time="3050" acceleration="4394"/>
    <motionState vehicle="0" speed="4225" time="3060" acceleration="4354"/>
    <motionState vehicle="1" speed="4225" time="3060" acceleration="4354"/>
    <motionState vehicle="2" speed="4225" time="3060" acceleration="4354"/>
    <motionState vehicle="3" speed="4225" time="3060" acceleration="4354"/>
    <motionState vehicle="4" speed="4225" time="3060" acceleration="4354"/>
    <motionState vehicle="0" speed="4230" time="3070" acceleration="4315"/>
    <motionState vehicle="1" speed="4230" time="3070" acceleration="4315"/>
    <motionState vehicle="2" speed="4230" time="3070" acceleration="4315"/>
    <motionState vehicle="3" speed="4230" time="3070" acceleration="4315"/>
    <motionState vehicle="4" speed="4230" time="3070" acceleration="4315"/>
    <motionState vehicle="0" speed="4234" time="3080" acceleration="4276"/>
    <motionState vehicle="1" speed="4234" time="3080" acceleration="4276"/>
    <motionState vehicle="2" speed="4234" time="3080" acceleration="4276"/>
    <motionState vehicle="3" speed="4234" time="3080" acceleration="4276"/>
    <motionState vehicle="4" speed="4234" time="3080" acceleration="4276"/>
    <motionState vehicle="0" speed="4238" time="3090" acceleration="4237"/>
    <motionState vehicle="1" speed="4238" time="3090" acceleration="4237"/>
    <motionState vehicle="2" speed="4238" time="3090" acceleration="4237"/>
    <motionState vehicle="3" speed="4238" time="3090" acceleration="4237"/>
    <motionState vehicle="4" speed="4238" time="3090" acceleration="4237"/>
    <motionState vehicle="0" speed="4242" time="3100" acceleration="4198"/>
    <motionState vehicle="1" speed="4242" time="3100" acceleration="4198"/>
    <motionState vehicle="2" speed="4242" time="3100" acceleration="4198"/>
    <motionState vehicle="3" speed="4242" time="3100" acceleration="4198"/>
    <motionState vehicle="4" speed="4242" time="3100" acceleration="4198"/>
    <motionState vehicle="0" speed="4247" time="3110" acceleration="4160"/>
    <motionState vehicle="1" speed="4247" time="3110" acceleration="4160"/>
    <motionState vehicle="2" speed="4247" time="3110" acceleration="4160"/>
    <motionState vehicle="3" speed="4247" time="3110" acceleration="4160"/>
    <motionState vehicle="4" speed="4247" time="3110" acceleration="4160"/>
    <motionState vehicle="0" speed="4251" time="3120" acceleration="4122"/>
    <motionState vehicle="1" speed="4251" time="3120" acceleration="4122"/>
    <motionState vehicle="2" speed="4251" time="3120" acceleration="4122"/>
    <motionState vehicle="3" speed="4251" time="3120" acceleration="4122"/>
    <motionState vehicle="4" speed="4251" time="3120" acceleration="4122"/>
    <motionState vehicle="0" speed="4255" time="3130" acceleration="4085"/>
    <motionState vehicle="1" speed="4255" time="3130" acceleration="4085"/>
    <motionState vehicle="2" speed="4255" time="3130" acceleration="4085"/>
    <motionState vehicle="3" speed="4255" time="3130" acceleration="4085"/>
    <motionState vehicle="4" speed="4255" time="3130" acceleration="4085"/>
    <motionState vehicle="0" speed="4259" time="3140" acceleration="4048"/>
    <motionState vehicle="1" speed="4259" time="3140" acceleration="4048"/>
    <motionState vehicle="2" speed="4259" time="3140" acceleration="4048"/>
    <motionState vehicle="3" speed="4259" time="3140" acceleration="4048"/>
    <motionState vehicle="4" speed="4259" time="3140" acceleration="4048"/>
    <motionState vehicle="0" speed="4263" time="3150" acceleration="4011"/>
    <motionState vehicle="1" speed="4263" time="3150" acceleration="4011"/>
    <motionState vehicle="2" speed="4263" time="3150" acceleration="4011"/>
    <motionState vehicle="3" speed="4263" time="3150" acceleration="4011"/>
    <motionState vehicle="4" speed="4263" time="3150" acceleration="4011"/>
    <motionState vehicle="0" speed="4267" time="3160" acceleration="3974"/>
    <motionState vehicle="1" speed="4267" time="3160" acceleration="3974"/>
    <motionState vehicle="2" speed="4267" time="3160" acceleration="3974"/>
    <motionState vehicle="3" speed="4267" time="3160" acceleration="3974"/>
    <motionState vehicle="4" speed="4267" time="3160" acceleration="3974"/>
    <motionState vehicle="0" speed="4271" time="3170" acceleration="3938"/>
    <motionState vehicle="1" speed="4271" time="3170" acceleration="3938"/>
    <motionState vehicle="2" speed="4271" time="3170" acceleration="3938"/>
    <motionState vehicle="3" speed="4271" time="3170" acceleration="3938"/>
    <motionState vehicle="4" speed="4271" time="3170" acceleration="3938"/>
    <motionState vehicle="0" speed="4275" time="3180" acceleration="3902"/>
    <motionState vehicle="1" speed="4275" time="3180" acceleration="3902"/>
    <motionState vehicle="2" speed="4275" time="3180" acceleration="3902"/>
    <motionState vehicle="3" speed="4275" time="3180" acceleration="3902"/>
    <motionState vehicle="4" speed="4275" time="3180" acceleration="3902"/>
    <motionState vehicle="0" speed="4278" time="3190" acceleration="3867"/>
    <motionState vehicle="1" speed="4278" time="3190" acceleration="3867"/>
    <motionState vehicle="2" speed="4278" time="3190" acceleration="3867"/>
    <motionState vehicle="3" speed="4278" time="3190" acceleration="3867"/>
    <motionState vehicle="4" speed="4278" time="3190" acceleration="3867"/>
    <motionState vehicle="0" speed="4282" time="3200" acceleration="3832"/>
    <motionState vehicle="1" speed="4282" time="3200" acceleration="3832"/>
    <motionState vehicle="2" speed="4282" time="3200" acceleration="3832"/>
    <motionState vehicle="3" speed="4282" time="3200" acceleration="3832"/>
    <motionState vehicle="4" speed="4282" time="3200" acceleration="3832"/>
    <motionState vehicle="0" speed="4286" time="3210" acceleration="3797"/>
    <motionState vehicle="1" speed="4286" time="3210" acceleration="3797"/>
    <motionState vehicle="2" speed="4286" time="3210" acceleration="3797"/>
    <motionState vehicle="3" speed="4286" time="3210" acceleration="3797"/>
    <motionState vehicle="4" speed="4286" time="3210" acceleration="3797"/>
    <motionState vehicle="0" speed="4290" time="3220" acceleration="3762"/>
    <motionState vehicle="1" speed="4290" time="3220" acceleration="3762"/>
    <motionState vehicle="2" speed="4290" time="3220" acceleration="3762"/>
    <motionState vehicle="3" speed="4290" time="3220" acceleration="3762"/>
    <motionState vehicle="4" speed="4290" time="3220" acceleration="3762"/>
    <motionState vehicle="0" speed="4294" time="3230" acceleration="3728"/>
    <motionState vehicle="1" speed="4294" time="3230" acceleration="3728"/>
    <motionState vehicle="2" speed="4294" time="3230" acceleration="3728"/>
    <motionState vehicle="3" speed="4294" time="3230" acceleration="3728"/>
    <motionState vehicle="4" speed="4294" time="3230" acceleration="3728"/>
    <motionState vehicle="0" speed="4297" time="3240" acceleration="3694"/>
    <motionState vehicle="1" speed="4297" time="3240" acceleration="3694"/>
    <motionState vehicle="2" speed="4297" time="3240" acceleration="3694"/>
    <motionState vehicle="3" speed="4297" time="3240" acceleration="3694"/>
    <motionState vehicle="4" speed="4297" time="3240" acceleration="3694"/>
    <motionState vehicle="0" speed="4301" time="3250" acceleration="3661"/>
    <motionState vehicle="1" speed="4301" time="3250" acceleration="3661"/>
    <motionState vehicle="2" speed="4301" time="3250" acceleration="3661"/>
    <motionState vehicle="3" speed="4301" time="3250" acceleration="3661"/>
    <motionState vehicle="4" speed="4301" time="3250" acceleration="3661"/>
    <motionState vehicle="0" speed="4305" time="3260" acceleration="3628"/>
    <motionState vehicle="1" speed="4305" time="3260" acceleration="3628"/>
    <motionState vehicle="2" speed="4305" time="3260" acceleration="3628"/>
    <motionState vehicle="3" speed="4305" time="3260" acceleration="3628"/>
    <motionState vehicle="4" speed="4305" time="3260" acceleration="3628"/>
    <motionState vehicle="0" speed="4308" time="3270" acceleration="3595"/>
    <motionState vehicle="1" speed="4308" time="3270" acceleration="3595"/>
    <motionState vehicle="2" speed="4308" time="3270" acceleration="3595"/>
    <motionState vehicle="3" speed="4308" time="3270" acceleration="3595"/>
    <motionState vehicle="4" speed="4308" time="3270" acceleration="3595"/>
    <motionState vehicle="0" speed="4312" time="3280" acceleration="3562"/>
    <motionState vehicle="1" speed="4312" time="3280" acceleration="3562"/>
    <motionState vehicle="2" speed="4312" time="3280" acceleration="3562"/>
    <motionState vehicle="3" speed="4312" time="3280" acceleration="3562"/>
    <motionState vehicle="4" speed="4312" time="3280" acceleration="3562"/>
    <motionState vehicle="0" speed="4315" time="3290" acceleration="3529"/>
    <motionState vehicle="1" speed="4315" time="3290" acceleration="3529"/>
    <motionState vehicle="2" speed="4315" time="3290" acceleration="3529"/>
    <motionState vehicle="3" speed="4315" time="3290" acceleration="3529"/>
    <motionState vehicle="4" speed="4315" time="3290" acceleration="3529"/>
    <motionState vehicle="0" speed="4319" time="3300" acceleration="3497"/>
    <motionState vehicle="1" speed="4319" time="3300" acceleration="3497"/>
    <motionState vehicle="2" speed="4319" time="3300" acceleration="3497"/>
    <motionState vehicle="3" speed="4319" time="3300" acceleration="3497"/>
    <motionState vehicle="4" speed="4319" time="3300" acceleration="3497"/>
    <motionState vehicle="0" speed="4322" time="3310" acceleration="3466"/>
    <motionState vehicle="1" speed="4322" time="3310" acceleration="3466"/>
    <motionState vehicle="2" speed="4322" time="3310" acceleration="3466"/>
    <motionState vehicle="3" speed="4322" time="3310" acceleration="3466"/>
    <motionState vehicle="4" speed="4322" time="3310" acceleration="3466"/>
    <motionState vehicle="0" speed="4326" time="3320" acceleration="3434"/>
    <motionState vehicle="1" speed="4326" time="3320" acceleration="3434"/>
    <motionState vehicle="2" speed="4326" time="3320" acceleration="3434"/>
    <motionState vehicle="3" speed="4326" time="3320" acceleration="3434"/>
    <motionState vehicle="4" speed="4326" time="3320" acceleration="3434"/>
    <motionState vehicle="0" speed="4329" time="3330" acceleration="3403"/>
    <motionState vehicle="1" speed="4329" time="3330" acceleration="3403"/>
    <motionState vehicle="2" speed="4329" time="3330" acceleration="3403"/>
    <motionState vehicle="3" speed="4329" time="3330" acceleration="3403"/>
    <motionState vehicle="4" speed="4329" time="3330" acceleration="3403"/>
    <motionState vehicle="0" speed="4332" time="3340" acceleration="3372"/>
    <motionState vehicle="1" speed="4332" time="3340" acceleration="3372"/>
    <motionState vehicle="2" speed="4332" time="3340" acceleration="3372"/>
    <motionState vehicle="3" speed="4332" time="3340" acceleration="3372"/>
    <motionState vehicle="4" speed="4332" time="3340" acceleration="3372"/>
    <motionState vehicle="0" speed="4336" time="3350" acceleration="3341"/>
    <motionState vehicle="1" speed="4336" time="3350" acceleration="3341"/>
    <motionState vehicle="2" speed="4336" time="3350" acceleration="3341"/>
    <motionState vehicle="3" speed="4336" time="3350" acceleration="3341"/>
    <motionState vehicle="4" speed="4336" time="3350" acceleration="3341"/>
    <motionState vehicle="0" speed="4339" time="3360" acceleration="3311"/>
    <motionState vehicle="1" speed="4339" time="3360" acceleration="3311"/>
    <motionState vehicle="2" speed="4339" time="3360" acceleration="3311"/>
    <motionState vehicle="3" speed="4339" time="3360" acceleration="3311"/>
    <motionState vehicle="4" speed="4339" time="3360" acceleration="3311"/>
    <motionState vehicle="0" speed="4342" time="3370" acceleration="3281"/>
    <motionState vehicle="1" speed="4342" time="3370" acceleration="3281"/>
    <motionState vehicle="2" speed="4342" time="3370" acceleration="3281"/>
    <motionState vehicle="3" speed="4342" time="3370" acceleration="3281"/>
    <motionState vehicle="4" speed="4342" time="3370" acceleration="3281"/>
    <motionState vehicle="0" speed="4346" time="3380" acceleration="3251"/>
    <motionState vehicle="1" speed="4346" time="3380" acceleration="3251"/>
    <motionState vehicle="2" speed="4346" time="3380" acceleration="3251"/>
    <motionState vehicle="3" speed="4346" time="3380" acceleration="3251"/>
    <motionState vehicle="4" speed="4346" time="3380" acceleration="3251"/>
    <motionState vehicle="0" speed="4349" time="3390" acceleration="3221"/>
    <motionState vehicle="1" speed="4349" time="3390" acceleration="3221"/>
    <motionState vehicle="2" speed="4349" time="3390" acceleration="3221"/>
    <motionState vehicle="3" speed="4349" time="3390" acceleration="3221"/>
    <motionState vehicle="4" speed="4349" time="3390" acceleration="3221"/>
    <motionState vehicle="0" speed="4352" time="3400" acceleration="3192"/>
    <motionState vehicle="1" speed="4352" time="3400" acceleration="3192"/>
    <motionState vehicle="2" speed="4352" time="3400" acceleration="3192"/>
    <motionState vehicle="3" speed="4352" time="3400" acceleration="3192"/>
    <motionState vehicle="4" speed="4352" time="3400" acceleration="3192"/>
    <motionState vehicle="0" speed="4355" time="3410" acceleration="3163"/>
    <motionState vehicle="1" speed="4355" time="3410" acceleration="3163"/>
    <motionState vehicle="2" speed="4355" time="3410" acceleration="3163"/>
    <motionState vehicle="3" speed="4355" time="3410" acceleration="3163"/>
    <motionState vehicle="4" speed="4355" time="3410" acceleration="3163"/>
    <motionState vehicle="0" speed="4358" time="3420" acceleration="3134"/>
    <motionState vehicle="1" speed="4358" time="3420" acceleration="3134"/>
    <motionState vehicle="2" speed="4358" time="3420" acceleration="3134"/>
    <motionState vehicle="3" speed="4358" time="3420" acceleration="3134"/>
    <motionState vehicle="4" speed="4358" time="3420" acceleration="3134"/>
    <motionState vehicle="0" speed="4361" time="3430" acceleration="3106"/>
    <motionState vehicle="1" speed="4361" time="3430" acceleration="3106"/>
    <motionState vehicle="2" speed="4361" time="3430" acceleration="3106"/>
    <motionState vehicle="3" speed="4361" time="3430" acceleration="3106"/>
    <motionState vehicle="4" speed="4361" time="3430" acceleration="3106"/>
    <motionState vehicle="0" speed="4365" time="3440" acceleration="3078"/>
    <motionState vehicle="1" speed="4365" time="3440" acceleration="3078"/>
    <motionState vehicle="2" speed="4365" time="3440" acceleration="3078"/>
    <motionState vehicle="3" speed="4365" time="3440" acceleration="3078"/>
    <motionState vehicle="4" speed="4365" time="3440" acceleration="3078"/>
    <motionState vehicle="0" speed="4368" time="3450" acceleration="3050"/>
    <motionState vehicle="1" speed="4368" time="3450" acceleration="3050"/>
    <motionState vehicle="2" speed="4368" time="3450" acceleration="3050"/>
    <motionState vehicle="3" speed="4368" time="3450" acceleration="3050"/>
    <motionState vehicle="4" speed="4368" time="3450" acceleration="3050"/>
    <motionState vehicle="0" speed="4371" time="3460" acceleration="3022"/>
    <motionState vehicle="1" speed="4371" time="3460" acceleration="3022"/>
    <motionState vehicle="2" speed="4371" time="3460" acceleration="3022"/>
    <motionState vehicle="3" speed="4371" time="3460" acceleration="3022"/>
    <motionState vehicle="4" speed="4371" time="3460" acceleration="3022"/>
    <motionState vehicle="0" speed="4374" time="3470" acceleration="2994"/>
    <motionState vehicle="1" speed="4374" time="3470" acceleration="2994"/>
    <motionState vehicle="2" speed="4374" time="3470" acceleration="2994"/>
    <motionState vehicle="3" speed="4374" time="3470" acceleration="2994"/>
    <motionState vehicle="4" speed="4374" time="3470" acceleration="2994"/>
    <motionState vehicle="0" speed="4377" time="3480" acceleration="2967"/>
    <motionState vehicle="1" speed="4377" time="3480" acceleration="2967"/>
    <motionState vehicle="2" speed="4377" time="3480" acceleration="2967"/>
    <motionState vehicle="3" speed="4377" time="3480" acceleration="2967"/>
    <motionState vehicle="4" speed="4377" time="3480" acceleration="2967"/>
    <motionState vehicle="0" speed="4380" time="3490" acceleration="2940"/>
    <motionState vehicle="1" speed="4380" time="3490" acceleration="2940"/>
    <motionState vehicle="2" speed="4380" time="3490" acceleration="2940"/>
    <motionState vehicle="3" speed="4380" time="3490" acceleration="2940"/>
    <motionState vehicle="4" speed="4380" time="3490" acceleration="2940"/>
    <motionState vehicle="0" speed="4382" time="3500" acceleration="2914"/>
    <motionState vehicle="1" speed="4382" time="3500" acceleration="2914"/>
    <motionState vehicle="2" speed="4382" time="3500" acceleration="2914"/>
    <motionState vehicle="3" speed="4382" time="3500" acceleration="2914"/>
    <motionState vehicle="4" speed="4382" time="3500" acceleration="2914"/>
    <motionState vehicle="0" speed="4385" time="3510" acceleration="2887"/>
    <motionState vehicle="1" speed="4385" time="3510" acceleration="2887"/>
    <motionState vehicle="2" speed="4385" time="3510" acceleration="2887"/>
    <motionState vehicle="3" speed="4385" time="3510" acceleration="2887"/>
    <motionState vehicle="4" speed="4385" time="3510" acceleration="2887"/>
    <motionState vehicle="0" speed="4388" time="3520" acceleration="2861"/>
    <motionState vehicle="1" speed="4388" time="3520" acceleration="2861"/>
    <motionState vehicle="2" speed="4388" time="3520" acceleration="2861"/>
    <motionState vehicle="3" speed="4388" time="3520" acceleration="2861"/>
    <motionState vehicle="4" speed="4388" time="3520" acceleration="2861"/>
    <motionState vehicle="0" speed="4391" time="3530" acceleration="2835"/>
    <motionState vehicle="1" speed="4391" time="3530" acceleration="2835"/>
    <motionState vehicle="2" speed="4391" time="3530" acceleration="2835"/>
    <motionState vehicle="3" speed="4391" time="3530" acceleration="2835"/>
    <motionState vehicle="4" speed="4391" time="3530" acceleration="2835"/>
    <motionState vehicle="0" speed="4394" time="3540" acceleration="2809"/>
    <motionState vehicle="1" speed="4394" time="3540" acceleration="2809"/>
    <motionState vehicle="2" speed="4394" time="3540" acceleration="2809"/>
    <motionState vehicle="3" speed="4394" time="3540" acceleration="2809"/>
    <motionState vehicle="4" speed="4394" time="3540" acceleration="2809"/>
    <motionState vehicle="0" speed="4397" time="3550" acceleration="2783"/>
    <motionState vehicle="1" speed="4397" time="3550" acceleration="2783"/>
    <motionState vehicle="2" speed="4397" time="3550" acceleration="2783"/>
    <motionState vehicle="3" speed="4397" time="3550" acceleration="2783"/>
    <motionState vehicle="4" speed="4397" time="3550" acceleration="2783"/>
    <motionState vehicle="0" speed="4399" time="3560" acceleration="2758"/>
    <motionState vehicle="1" speed="4399" time="3560" acceleration="2758"/>
    <motionState vehicle="2" speed="4399" time="3560" acceleration="2758"/>
    <motionState vehicle="3" speed="4399" time="3560" acceleration="2758"/>
    <motionState vehicle="4" speed="4399" time="3560" acceleration="2758"/>
    <motionState vehicle="0" speed="4402" time="3570" acceleration="2733"/>
    <motionState vehicle="1" speed="4402" time="3570" acceleration="2733"/>
    <motionState vehicle="2" speed="4402" time="3570" acceleration="2733"/>
    <motionState vehicle="3" speed="4402" time="3570" acceleration="2733"/>
    <motionState vehicle="4" speed="4402" time="3570" acceleration="2733"/>
    <motionState vehicle="0" speed="4405" time="3580" acceleration="2708"/>
    <motionState vehicle="1" speed="4405" time="3580" acceleration="2708"/>
    <motionState vehicle="2" speed="4405" time="3580" acceleration="2708"/>
    <motionState vehicle="3" speed="4405" time="3580" acceleration="2708"/>
    <motionState vehicle="4" speed="4405" time="3580" acceleration="2708"/>
    <motionState vehicle="0" speed="4407" time="3590" acceleration="2684"/>
    <motionState vehicle="1" speed="4407" time="3590" acceleration="2684"/>
    <motionState vehicle="2" speed="4407" time="3590" acceleration="2684"/>
    <motionState vehicle="3" speed="4407" time="3590" acceleration="2684"/>
    <motionState vehicle="4" speed="4407" time="3590" acceleration="2684"/>
    <motionState vehicle="0" speed="4410" time="3600" acceleration="2659"/>
    <motionState vehicle="1" speed="4410" time="3600" acceleration="2659"/>
    <motionState vehicle="2" speed="4410" time="3600" acceleration="2659"/>
    <motionState vehicle="3" speed="4410" time="3600" acceleration="2659"/>
    <motionState vehicle="4" speed="4410" time="3600" acceleration="2659"/>
    <motionState vehicle="0" speed="4413" time="3610" acceleration="2635"/>
    <motionState vehicle="1" speed="4413" time="3610" acceleration="2635"/>
    <motionState vehicle="2" speed="4413" time="3610" acceleration="2635"/>
    <motionState vehicle="3" speed="4413" time="3610" acceleration="2635"/>
    <motionState vehicle="4" speed="4413" time="3610" acceleration="2635"/>
    <motionState vehicle="0" speed="4415" time="3620" acceleration="2611"/>
    <motionState vehicle="1" speed="4415" time="3620" acceleration="2611"/>
    <motionState vehicle="2" speed="4415" time="3620" acceleration="2611"/>
    <motionState vehicle="3" speed="4415" time="3620" acceleration="2611"/>
    <motionState vehicle="4" speed="4415" time="3620" acceleration="2611"/>
    <motionState vehicle="0" speed="4418" time="3630" acceleration="2587"/>
    <motionState vehicle="1" speed="4418" time="3630" acceleration="2587"/>
    <motionState vehicle="2" speed="4418" time="3630" acceleration="2587"/>
    <motionState vehicle="3" speed="4418" time="3630" acceleration="2587"/>
    <motionState vehicle="4" speed="4418" time="3630" acceleration="2587"/>
    <motionState vehicle="0" speed="4421" time="3640" acceleration="2564"/>
    <motionState vehicle="1" speed="4421" time="3640" acceleration="2564"/>
    <motionState vehicle="2" speed="4421" time="3640" acceleration="2564"/>
    <motionState vehicle="3" speed="4421" time="3640" acceleration="2564"/>
    <motionState vehicle="4" speed="4421" time="3640" acceleration="2564"/>
    <motionState vehicle="0" speed="4423" time="3650" acceleration="2541"/>
    <motionState vehicle="1" speed="4423" time="3650" acceleration="2541"/>
    <motionState vehicle="2" speed="4423" time="3650" acceleration="2541"/>
    <motionState vehicle="3" speed="4423" time="3650" acceleration="2541"/>
    <motionState vehicle="4" speed="4423" time="3650" acceleration="2541"/>
    <motionState vehicle="0" speed="4426" time="3660" acceleration="2517"/>
    <motionState vehicle="1" speed="4426" time="3660" acceleration="2517"/>
    <motionState vehicle="2" speed="4426" time="3660" acceleration="2517"/>
    <motionState vehicle="3" speed="4426" time="3660" acceleration="2517"/>
    <motionState vehicle="4" speed="4426" time="3660" acceleration="2517"/>
    <motionState vehicle="0" speed="4428" time="3670" acceleration="2495"/>
    <motionState vehicle="1" speed="4428" time="3670" acceleration="2495"/>
    <motionState vehicle="2" speed="4428" time="3670" acceleration="2495"/>
    <motionState vehicle="3" speed="4428" time="3670" acceleration="2495"/>
    <motionState vehicle="4" speed="4428" time="3670" acceleration="2495"/>
    <motionState vehicle="0" speed="4431" time="3680" acceleration="2472"/>
    <motionState vehicle="1" speed="4431" time="3680" acceleration="2472"/>
    <motionState vehicle="2" speed="4431" time="3680" acceleration="2472"/>
    <motionState vehicle="3" speed="4431" time="3680" acceleration="2472"/>
    <motionState vehicle="4" speed="4431" time="3680" acceleration="2472"/>
    <motionState vehicle="0" speed="4433" time="3690" acceleration="2449"/>
    <motionState vehicle="1" speed="4433" time="3690" acceleration="2449"/>
    <motionState vehicle="2" speed="4433" time="3690" acceleration="2449"/>
    <motionState vehicle="3" speed="4433" time="3690" acceleration="2449"/>
    <motionState vehicle="4" speed="4433" time="3690" acceleration="2449"/>
    <motionState vehicle="0" speed="4435" time="3700" acceleration="2427"/>
    <motionState vehicle="1" speed="4435" time="3700" acceleration="2427"/>
    <motionState vehicle="2" speed="4435" time="3700" acceleration="2427"/>
    <motionState vehicle="3" speed="4435" time="3700" acceleration="2427"/>
    <motionState vehicle="4" speed="4435" time="3700" acceleration="2427"/>
    <motionState vehicle="0" speed="4438" time="3710" acceleration="2405"/>
    <motionState vehicle="1" speed="4438" time="3710" acceleration="2405"/>
    <motionState vehicle="2" speed="4438" time="3710" acceleration="2405"/>
    <motionState vehicle="3" speed="4438" time="3710" acceleration="2405"/>
    <motionState vehicle="4" speed="4438" time="3710" acceleration="2405"/>
    <motionState vehicle="0" speed="4440" time="3720" acceleration="2383"/>
    <motionState vehicle="1" speed="4440" time="3720" acceleration="2383"/>
    <motionState vehicle="2" speed="4440" time="3720" acceleration="2383"/>
    <motionState vehicle="3" speed="4440" time="3720" acceleration="2383"/>
    <motionState vehicle="4" speed="4440" time="3720" acceleration="2383"/>
    <motionState vehicle="0" speed="4443" time="3730" acceleration="2362"/>
    <motionState vehicle="1" speed="4443" time="3730" acceleration="2362"/>
    <motionState vehicle="2" speed="4443" time="3730" acceleration="2362"/>
    <motionState vehicle="3" speed="4443" time="3730" acceleration="2362"/>
    <motionState vehicle="4" speed="4443" time="3730" acceleration="2362"/>
    <motionState vehicle="0" speed="4445" time="3740" acceleration="2340"/>
    <motionState vehicle="1" speed="4445" time="3740" acceleration="2340"/>
    <motionState vehicle="2" speed="4445" time="3740" acceleration="2340"/>
    <motionState vehicle="3" speed="4445" time="3740" acceleration="2340"/>
    <motionState vehicle="4" speed="4445" time="3740" acceleration="2340"/>
    <motionState vehicle="0" speed="4447" time="3750" acceleration="2319"/>
    <motionState vehicle="1" speed="4447" time="3750" acceleration="2319"/>
    <motionState vehicle="2" speed="4447" time="3750" acceleration="2319"/>
    <motionState vehicle="3" speed="4447" time="3750" acceleration="2319"/>
    <motionState vehicle="4" speed="4447" time="3750" acceleration="2319"/>
    <motionState vehicle="0" speed="4450" time="3760" acceleration="2298"/>
    <motionState vehicle="1" speed="4450" time="3760" acceleration="2298"/>
    <motionState vehicle="2" speed="4450" time="3760" acceleration="2298"/>
    <motionState vehicle="3" speed="4450" time="3760" acceleration="2298"/>
    <motionState vehicle="4" speed="4450" time="3760" acceleration="2298"/>
    <motionState vehicle="0" speed="4452" time="3770" acceleration="2277"/>
    <motionState vehicle="1" speed="4452" time="3770" acceleration="2277"/>
    <motionState vehicle="2" speed="4452" time="3770" acceleration="2277"/>
    <motionState vehicle="3" speed="4452" time="3770" acceleration="2277"/>
    <motionState vehicle="4" speed="4452" time="3770" acceleration="2277"/>
    <motionState vehicle="0" speed="4454" time="3780" acceleration="2256"/>
    <motionState vehicle="1" speed="4454" time="3780" acceleration="2256"/>
    <motionState vehicle="2" speed="4454" time="3780" acceleration="2256"/>
    <motionState vehicle="3" speed="4454" time="3780" acceleration="2256"/>
    <motionState vehicle="4" speed="4454" time="3780" acceleration="2256"/>
    <motionState vehicle="0" speed="4456" time="3790" acceleration="2236"/>
    <motionState vehicle="1" speed="4456" time="3790" acceleration="2236"/>
    <motionState vehicle="2" speed="4456" time="3790" acceleration="2236"/>
    <motionState vehicle="3" speed="4456" time="3790" acceleration="2236"/>
    <motionState vehicle="4" speed="4456" time="3790" acceleration="2236"/>
    <motionState vehicle="0" speed="4459" time="3800" acceleration="2215"/>
    <motionState vehicle="1" speed="4459" time="3800" acceleration="2215"/>
    <motionState vehicle="2" speed="4459" time="3800" acceleration="2215"/>
    <motionState vehicle="3" speed="4459" time="3800" acceleration="2215"/>
    <motionState vehicle="4" speed="4459" time="3800" acceleration="2215"/>
    <motionState vehicle="0" speed="4461" time="3810" acceleration="2195"/>
    <motionState vehicle="1" speed="4461" time="3810" acceleration="2195"/>
    <motionState vehicle="2" speed="4461" time="3810" acceleration="2195"/>
    <motionState vehicle="3" speed="4461" time="3810" acceleration="2195"/>
    <motionState vehicle="4" speed="4461" time="3810" acceleration="2195"/>
    <motionState vehicle="0" speed="4463" time="3820" acceleration="2175"/>
    <motionState vehicle="1" speed="4463" time="3820" acceleration="2175"/>
    <motionState vehicle="2" speed="4463" time="3820" acceleration="2175"/>
    <motionState vehicle="3" speed="4463" time="3820" acceleration="2175"/>
    <motionState vehicle="4" speed="4463" time="3820" acceleration="2175"/>
    <motionState vehicle="0" speed="4465" time="3830" acceleration="2155"/>
    <motionState vehicle="1" speed="4465" time="3830" acceleration="2155"/>
    <motionState vehicle="2" speed="4465" time="3830" acceleration="2155"/>
    <motionState vehicle="3" speed="4465" time="3830" acceleration="2155"/>
    <motionState vehicle="4" speed="4465" time="3830" acceleration="2155"/>
    <motionState vehicle="0" speed="4467" time="3840" acceleration="2136"/>
    <motionState vehicle="1" speed="4467" time="3840" acceleration="2136"/>
    <motionState vehicle="2" speed="4467" time="3840" acceleration="2136"/>
    <motionState vehicle="3" speed="4467" time="3840" acceleration="2136"/>
    <motionState vehicle="4" speed="4467" time="3840" acceleration="2136"/>
    <motionState vehicle="0" speed="4469" time="3850" acceleration="2116"/>
    <motionState vehicle="1" speed="4469" time="3850" acceleration="2116"/>
    <motionState vehicle="2" speed="4469" time="3850" acceleration="2116"/>
    <motionState vehicle="3" speed="4469" time="3850" acceleration="2116"/>
    <motionState vehicle="4" speed="4469" time="3850" acceleration="2116"/>
    <motionState vehicle="0" speed="4471" time="3860" acceleration="2097"/>
    <motionState vehicle="1" speed="4471" time="3860" acceleration="2097"/>
    <motionState vehicle="2" speed="4471" time="3860" acceleration="2097"/>
    <motionState vehicle="3" speed="4471" time="3860" acceleration="2097"/>
    <motionState vehicle="4" speed="4471" time="3860" acceleration="2097"/>
    <motionState vehicle="0" speed="4473" time="3870" acceleration="2078"/>
    <motionState vehicle="1" speed="4473" time="3870" acceleration="2078"/>
    <motionState vehicle="2" speed="4473" time="3870" acceleration="2078"/>
    <motionState vehicle="3" speed="4473" time="3870" acceleration="2078"/>
    <motionState vehicle="4" speed="4473" time="3870" acceleration="2078"/>
    <motionState vehicle="0" speed="4476" time="3880" acceleration="2059"/>
    <motionState vehicle="1" speed="4476" time="3880" acceleration="2059"/>
    <motionState vehicle="2" speed="4476" time="3880" acceleration="2059"/>
    <motionState vehicle="3" speed="4476" time="3880" acceleration="2059"/>
    <motionState vehicle="4" speed="4476" time="3880" acceleration="2059"/>
    <motionState vehicle="0" speed="4478" time="3890" acceleration="2041"/>
    <motionState vehicle="1" speed="4478" time="3890" acceleration="2041"/>
    <motionState vehicle="2" speed="4478" time="3890" acceleration="2041"/>
    <motionState vehicle="3" speed="4478" time="3890" acceleration="2041"/>
    <motionState vehicle="4" speed="4478" time="3890" acceleration="2041"/>
    <motionState vehicle="0" speed="4480" time="3900" acceleration="2022"/>
    <motionState vehicle="1" speed="4480" time="3900" acceleration="2022"/>
    <motionState vehicle="2" speed="4480" time="3900" acceleration="2022"/>
    <motionState vehicle="3" speed="4480" time="3900" acceleration="2022"/>
    <motionState vehicle="4" speed="4480" time="3900" acceleration="2022"/>
    <motionState vehicle="0" speed="4482" time="3910" acceleration="2004"/>
    <motionState vehicle="1" speed="4482" time="3910" acceleration="2004"/>
    <motionState vehicle="2" speed="4482" time="3910" acceleration="2004"/>
    <motionState vehicle="3" speed="4482" time="3910" acceleration="2004"/>
    <motionState vehicle="4" speed="4482" time="3910" acceleration="2004"/>
    <motionState vehicle="0" speed="4484" time="3920" acceleration="1985"/>
    <motionState vehicle="1" speed="4484" time="3920" acceleration="1985"/>
    <motionState vehicle="2" speed="4484" time="3920" acceleration="1985"/>
    <motionState vehicle="3" speed="4484" time="3920" acceleration="1985"/>
    <motionState vehicle="4" speed="4484" time="3920" acceleration="1985"/>
    <motionState vehicle="0" speed="4486" time="3930" acceleration="1967"/>
    <motionState vehicle="1" speed="4486" time="3930" acceleration="1967"/>
    <motionState vehicle="2" speed="4486" time="3930" acceleration="1967"/>
    <motionState vehicle="3" speed="4486" time="3930" acceleration="1967"/>
    <motionState vehicle="4" speed="4486" time="3930" acceleration="1967"/>
    <motionState vehicle="0" speed="4488" time="3940" acceleration="1949"/>
    <motionState vehicle="1" speed="4488" time="3940" acceleration="1949"/>
    <motionState vehicle="2" speed="4488" time="3940" acceleration="1949"/>
    <motionState vehicle="3" speed="4488" time="3940" acceleration="1949"/>
    <motionState vehicle="4" speed="4488" time="3940" acceleration="1949"/>
    <motionState vehicle="0" speed="4489" time="3950" acceleration="1932"/>
    <motionState vehicle="1" speed="4489" time="3950" acceleration="1932"/>
    <motionState vehicle="2" speed="4489" time="3950" acceleration="1932"/>
    <motionState vehicle="3" speed="4489" time="3950" acceleration="1932"/>
    <motionState vehicle="4" speed="4489" time="3950" acceleration="1932"/>
    <motionState vehicle="0" speed="4491" time="3960" acceleration="1914"/>
    <motionState vehicle="1" speed="4491" time="3960" acceleration="1914"/>
    <motionState vehicle="2" speed="4491" time="3960" acceleration="1914"/>
    <motionState vehicle="3" speed="4491" time="3960" acceleration="1914"/>
    <motionState vehicle="4" speed="4491" time="3960" acceleration="1914"/>
    <motionState vehicle="0" speed="4493" time="3970" acceleration="1897"/>
    <motionState vehicle="1" speed="4493" time="3970" acceleration="1897"/>
    <motionState vehicle="2" speed="4493" time="3970" acceleration="1897"/>
    <motionState vehicle="3" speed="4493" time="3970" acceleration="1897"/>
    <motionState vehicle="4" speed="4493" time="3970" acceleration="1897"/>
    <motionState vehicle="0" speed="4495" time="3980" acceleration="1880"/>
    <motionState vehicle="1" speed="4495" time="3980" acceleration="1880"/>
    <motionState vehicle="2" speed="4495" time="3980" acceleration="1880"/>
    <motionState vehicle="3" speed="4495" time="3980" acceleration="1880"/>
    <motionState vehicle="4" speed="4495" time="3980" acceleration="1880"/>
    <motionState vehicle="0" speed="4497" time="3990" acceleration="1862"/>
    <motionState vehicle="1" speed="4497" time="3990" acceleration="1862"/>
    <motionState vehicle="2" speed="4497" time="3990" acceleration="1862"/>
    <motionState vehicle="3" speed="4497" time="3990" acceleration="1862"/>
    <motionState vehicle="4" speed="4497" time="3990" acceleration="1862"/>
    <motionState vehicle="0" speed="4499" time="4000" acceleration="1845"/>
    <motionState vehicle="1" speed="4499" time="4000" acceleration="1845"/>
    <motionState vehicle="2" speed="4499" time="4000" acceleration="1845"/>
    <motionState vehicle="3" speed="4499" time="4000" acceleration="1845"/>
    <motionState vehicle="4" speed="4499" time="4000" acceleration="1845"/>
    <motionState vehicle="0" speed="4501" time="4010" acceleration="1829"/>
    <motionState vehicle="1" speed="4501" time="4010" acceleration="1829"/>
    <motionState vehicle="2" speed="4501" time="4010" acceleration="1829"/>
    <motionState vehicle="3" speed="4501" time="4010" acceleration="1829"/>
    <motionState vehicle="4" speed="4501" time="4010" acceleration="1829"/>
    <motionState vehicle="0" speed="4502" time="4020" acceleration="1812"/>
    <motionState vehicle="1" speed="4502" time="4020" acceleration="1812"/>
    <motionState vehicle="2" speed="4502" time="4020" acceleration="1812"/>
    <motionState vehicle="3" speed="4502" time="4020" acceleration="1812"/>
    <motionState vehicle="4" speed="4502" time="4020" acceleration="1812"/>
    <motionState vehicle="0" speed="4504" time="4030" acceleration="1796"/>
    <motionState vehicle="1" speed="4504" time="4030" acceleration="1796"/>
    <motionState vehicle="2" speed="4504" time="4030" acceleration="1796"/>
    <motionState vehicle="3" speed="4504" time="4030" acceleration="1796"/>
    <motionState vehicle="4" speed="4504" time="4030" acceleration="1796"/>
    <motionState vehicle="0" speed="4506" time="4040" acceleration="1779"/>
    <motionState vehicle="1" speed="4506" time="4040" acceleration="1779"/>
    <motionState vehicle="2" speed="4506" time="4040" acceleration="1779"/>
    <motionState vehicle="3" speed="4506" time="4040" acceleration="1779"/>
    <motionState vehicle="4" speed="4506" time="4040" acceleration="1779"/>
    <motionState vehicle="0" speed="4508" time="4050" acceleration="1763"/>
    <motionState vehicle="1" speed="4508" time="4050" acceleration="1763"/>
    <motionState vehicle="2" speed="4508" time="4050" acceleration="1763"/>
    <motionState vehicle="3" speed="4508" time="4050" acceleration="1763"/>
    <motionState vehicle="4" speed="4508" time="4050" acceleration="1763"/>
    <motionState vehicle="0" speed="4510" time="4060" acceleration="1747"/>
    <motionState vehicle="1" speed="4510" time="4060" acceleration="1747"/>
    <motionState vehicle="2" speed="4510" time="4060" acceleration="1747"/>
    <motionState vehicle="3" speed="4510" time="4060" acceleration="1747"/>
    <motionState vehicle="4" speed="4510" time="4060" acceleration="1747"/>
    <motionState vehicle="0" speed="4511" time="4070" acceleration="1731"/>
    <motionState vehicle="1" speed="4511" time="4070" acceleration="1731"/>
    <motionState vehicle="2" speed="4511" time="4070" acceleration="1731"/>
    <motionState vehicle="3" speed="4511" time="4070" acceleration="1731"/>
    <motionState vehicle="4" speed="4511" time="4070" acceleration="1731"/>
    <motionState vehicle="0" speed="4513" time="4080" acceleration="1715"/>
    <motionState vehicle="1" speed="4513" time="4080" acceleration="1715"/>
    <motionState vehicle="2" speed="4513" time="4080" acceleration="1715"/>
    <motionState vehicle="3" speed="4513" time="4080" acceleration="1715"/>
    <motionState vehicle="4" speed="4513" time="4080" acceleration="1715"/>
    <motionState vehicle="0" speed="4515" time="4090" acceleration="1700"/>
    <motionState vehicle="1" speed="4515" time="4090" acceleration="1700"/>
    <motionState vehicle="2" speed="4515" time="4090" acceleration="1700"/>
    <motionState vehicle="3" speed="4515" time="4090" acceleration="1700"/>
    <motionState vehicle="4" speed="4515" time="4090" acceleration="1700"/>
    <motionState vehicle="0" speed="4516" time="4100" acceleration="1684"/>
    <motionState vehicle="1" speed="4516" time="4100" acceleration="1684"/>
    <motionState vehicle="2" speed="4516" time="4100" acceleration="1684"/>
    <motionState vehicle="3" speed="4516" time="4100" acceleration="1684"/>
    <motionState vehicle="4" speed="4516" time="4100" acceleration="1684"/>
    <motionState vehicle="0" speed="4518" time="4110" acceleration="1669"/>
    <motionState vehicle="1" speed="4518" time="4110" acceleration="1669"/>
    <motionState vehicle="2" speed="4518" time="4110" acceleration="1669"/>
    <motionState vehicle="3" speed="4518" time="4110" acceleration="1669"/>
    <motionState vehicle="4" speed="4518" time="4110" acceleration="1669"/>
    <motionState vehicle="0" speed="4520" time="4120" acceleration="1654"/>
    <motionState vehicle="1" speed="4520" time="4120" acceleration="1654"/>
    <motionState vehicle="2" speed="4520" time="4120" acceleration="1654"/>
    <motionState vehicle="3" speed="4520" time="4120" acceleration="1654"/>
    <motionState vehicle="4" speed="4520" time="4120" acceleration="1654"/>
    <motionState vehicle="0" speed="4521" time="4130" acceleration="1639"/>
    <motionState vehicle="1" speed="4521" time="4130" acceleration="1639"/>
    <motionState vehicle="2" speed="4521" time="4130" acceleration="1639"/>
    <motionState vehicle="3" speed="4521" time="4130" acceleration="1639"/>
    <motionState vehicle="4" speed="4521" time="4130" acceleration="1639"/>
    <motionState vehicle="0" speed="4523" time="4140" acceleration="1624"/>
    <motionState vehicle="1" speed="4523" time="4140" acceleration="1624"/>
    <motionState vehicle="2" speed="4523" time="4140" acceleration="1624"/>
    <motionState vehicle="3" speed="4523" time="4140" acceleration="1624"/>
    <motionState vehicle="4" speed="4523" time="4140" acceleration="1624"/>
    <motionState vehicle="0" speed="4525" time="4150" acceleration="1609"/>
    <motionState vehicle="1" speed="4525" time="4150" acceleration="1609"/>
    <motionState vehicle="2" speed="4525" time="4150" acceleration="1609"/>
    <motionState vehicle="3" speed="4525" time="4150" acceleration="1609"/>
    <motionState vehicle="4" speed="4525" time="4150" acceleration="1609"/>
    <motionState vehicle="0" speed="4526" time="4160" acceleration="1595"/>
    <motionState vehicle="1" speed="4526" time="4160" acceleration="1595"/>
    <motionState vehicle="2" speed="4526" time="4160" acceleration="1595"/>
    <motionState vehicle="3" speed="4526" time="4160" acceleration="1595"/>
    <motionState vehicle="4" speed="4526" time="4160" acceleration="1595"/>
    <motionState vehicle="0" speed="4528" time="4170" acceleration="1580"/>
    <motionState vehicle="1" speed="4528" time="4170" acceleration="1580"/>
    <motionState vehicle="2" speed="4528" time="4170" acceleration="1580"/>
    <motionState vehicle="3" speed="4528" time="4170" acceleration="1580"/>
    <motionState vehicle="4" speed="4528" time="4170" acceleration="1580"/>
    <motionState vehicle="0" speed="4529" time="4180" acceleration="1566"/>
    <motionState vehicle="1" speed="4529" time="4180" acceleration="1566"/>
    <motionState vehicle="2" speed="4529" time="4180" acceleration="1566"/>
    <motionState vehicle="3" speed="4529" time="4180" acceleration="1566"/>
    <motionState vehicle="4" speed="4529" time="4180" acceleration="1566"/>
    <motionState vehicle="0" speed="4531" time="4190" acceleration="1552"/>
    <motionState vehicle="1" speed="4531" time="4190" acceleration="1552"/>
    <motionState vehicle="2" speed="4531" time="4190" acceleration="1552"/>
    <motionState vehicle="3" speed="4531" time="4190" acceleration="1552"/>
    <motionState vehicle="4" speed="4531" time="4190" acceleration="1552"/>
    <motionState vehicle="0" speed="4532" time="4200" acceleration="1537"/>
    <motionState vehicle="1" speed="4532" time="4200" acceleration="1537"/>
    <motionState vehicle="2" speed="4532" time="4200" acceleration="1537"/>
    <motionState vehicle="3" speed="4532" time="4200" acceleration="1537"/>
    <motionState vehicle="4" speed="4532" time="4200" acceleration="1537"/>
    <motionState vehicle="0" speed="4534" time="4210" acceleration="1523"/>
    <motionState vehicle="1" speed="4534" time="4210" acceleration="1523"/>
    <motionState vehicle="2" speed="4534" time="4210" acceleration="1523"/>
    <motionState vehicle="3" speed="4534" time="4210" acceleration="1523"/>
    <motionState vehicle="4" speed="4534" time="4210" acceleration="1523"/>
    <motionState vehicle="0" speed="4535" time="4220" acceleration="1510"/>
    <motionState vehicle="1" speed="4535" time="4220" acceleration="1510"/>
    <motionState vehicle="2" speed="4535" time="4220" acceleration="1510"/>
    <motionState vehicle="3" speed="4535" time="4220" acceleration="1510"/>
    <motionState vehicle="4" speed="4535" time="4220" acceleration="1510"/>
    <motionState vehicle="0" speed="4537" time="4230" acceleration="1496"/>
    <motionState vehicle="1" speed="4537" time="4230" acceleration="1496"/>
    <motionState vehicle="2" speed="4537" time="4230" acceleration="1496"/>
    <motionState vehicle="3" speed="4537" time="4230" acceleration="1496"/>
    <motionState vehicle="4" speed="4537" time="4230" acceleration="1496"/>
    <motionState vehicle="0" speed="4538" time="4240" acceleration="1482"/>
    <motionState vehicle="1" speed="4538" time="4240" acceleration="1482"/>
    <motionState vehicle="2" speed="4538" time="4240" acceleration="1482"/>
    <motionState vehicle="3" speed="4538" time="4240" acceleration="1482"/>
    <motionState vehicle="4" speed="4538" time="4240" acceleration="1482"/>
    <motionState vehicle="0" speed="4540" time="4250" acceleration="1469"/>
    <motionState vehicle="1" speed="4540" time="4250" acceleration="1469"/>
    <motionState vehicle="2" speed="4540" time="4250" acceleration="1469"/>
    <motionState vehicle="3" speed="4540" time="4250" acceleration="1469"/>
    <motionState vehicle="4" speed="4540" time="4250" acceleration="1469"/>
    <motionState vehicle="0" speed="4541" time="4260" acceleration="1455"/>
    <motionState vehicle="1" speed="4541" time="4260" acceleration="1455"/>
    <motionState vehicle="2" speed="4541" time="4260" acceleration="1455"/>
    <motionState vehicle="3" speed="4541" time="4260" acceleration="1455"/>
    <motionState vehicle="4" speed="4541" time="4260" acceleration="1455"/>
    <motionState vehicle="0" speed="4543" time="4270" acceleration="1442"/>
    <motionState vehicle="1" speed="4543" time="4270" acceleration="1442"/>
    <motionState vehicle="2" speed="4543" time="4270" acceleration="1442"/>
    <motionState vehicle="3" speed="4543" time="4270" acceleration="1442"/>
    <motionState vehicle="4" speed="4543" time="4270" acceleration="1442"/>
    <motionState vehicle="0" speed="4544" time="4280" acceleration="1429"/>
    <motionState vehicle="1" speed="4544" time="4280" acceleration="1429"/>
    <motionState vehicle="2" speed="4544" time="4280" acceleration="1429"/>
    <motionState vehicle="3" speed="4544" time="4280" acceleration="1429"/>
    <motionState vehicle="4" speed="4544" time="4280" acceleration="1429"/>
    <motionState vehicle="0" speed="4546" time="4290" acceleration="1416"/>
    <motionState vehicle="1" speed="4546" time="4290" acceleration="1416"/>
    <motionState vehicle="2" speed="4546" time="4290" acceleration="1416"/>
    <motionState vehicle="3" speed="4546" time="4290" acceleration="1416"/>
    <motionState vehicle="4" speed="4546" time="4290" acceleration="1416"/>
    <motionState vehicle="0" speed="4547" time="4300" acceleration="1403"/>
    <motionState vehicle="1" speed="4547" time="4300" acceleration="1403"/>
    <motionState vehicle="2" speed="4547" time="4300" acceleration="1403"/>
    <motionState vehicle="3" speed="4547" time="4300" acceleration="1403"/>
    <motionState vehicle="4" speed="4547" time="4300" acceleration="1403"/>
    <motionState vehicle="0" speed="4548" time="4310" acceleration="1390"/>
    <motionState vehicle="1" speed="4548" time="4310" acceleration="1390"/>
    <motionState vehicle="2" speed="4548" time="4310" acceleration="1390"/>
    <motionState vehicle="3" speed="4548" time="4310" acceleration="1390"/>
    <motionState vehicle="4" speed="4548" time="4310" acceleration="1390"/>
    <motionState vehicle="0" speed="4550" time="4320" acceleration="1378"/>
    <motionState vehicle="1" speed="4550" time="4320" acceleration="1378"/>
    <motionState vehicle="2" speed="4550" time="4320" acceleration="1378"/>
    <motionState vehicle="3" speed="4550" time="4320" acceleration="1378"/>
    <motionState vehicle="4" speed="4550" time="4320" acceleration="1378"/>
    <motionState vehicle="0" speed="4551" time="4330" acceleration="1365"/>
    <motionState vehicle="1" speed="4551" time="4330" acceleration="1365"/>
    <motionState vehicle="2" speed="4551" time="4330" acceleration="1365"/>
    <motionState vehicle="3" speed="4551" time="4330" acceleration="1365"/>
    <motionState vehicle="4" speed="4551" time="4330" acceleration="1365"/>
    <motionState vehicle="0" speed="4553" time="4340" acceleration="1353"/>
    <motionState vehicle="1" speed="4553" time="4340" acceleration="1353"/>
    <motionState vehicle="2" speed="4553" time="4340" acceleration="1353"/>
    <motionState vehicle="3" speed="4553" time="4340" acceleration="1353"/>
    <motionState vehicle="4" speed="4553" time="4340" acceleration="1353"/>
    <motionState vehicle="0" speed="4554" time="4350" acceleration="1341"/>
    <motionState vehicle="1" speed="4554" time="4350" acceleration="1341"/>
    <motionState vehicle="2" speed="4554" time="4350" acceleration="1341"/>
    <motionState vehicle="3" speed="4554" time="4350" acceleration="1341"/>
    <motionState vehicle="4" speed="4554" time="4350" acceleration="1341"/>
    <motionState vehicle="0" speed="4555" time="4360" acceleration="1328"/>
    <motionState vehicle="1" speed="4555" time="4360" acceleration="1328"/>
    <motionState vehicle="2" speed="4555" time="4360" acceleration="1328"/>
    <motionState vehicle="3" speed="4555" time="4360" acceleration="1328"/>
    <motionState vehicle="4" speed="4555" time="4360" acceleration="1328"/>
    <motionState vehicle="0" speed="4557" time="4370" acceleration="1316"/>
    <motionState vehicle="1" speed="4557" time="4370" acceleration="1316"/>
    <motionState vehicle="2" speed="4557" time="4370" acceleration="1316"/>
    <motionState vehicle="3" speed="4557" time="4370" acceleration="1316"/>
    <motionState vehicle="4" speed="4557" time="4370" acceleration="1316"/>
    <motionState vehicle="0" speed="4558" time="4380" acceleration="1304"/>
    <motionState vehicle="1" speed="4558" time="4380" acceleration="1304"/>
    <motionState vehicle="2" speed="4558" time="4380" acceleration="1304"/>
    <motionState vehicle="3" speed="4558" time="4380" acceleration="1304"/>
    <motionState vehicle="4" speed="4558" time="4380" acceleration="1304"/>
    <motionState vehicle="0" speed="4559" time="4390" acceleration="1293"/>
    <motionState vehicle="1" speed="4559" time="4390" acceleration="1293"/>
    <motionState vehicle="2" speed="4559" time="4390" acceleration="1293"/>
    <motionState vehicle="3" speed="4559" time="4390" acceleration="1293"/>
    <motionState vehicle="4" speed="4559" time="4390" acceleration="1293"/>
    <motionState vehicle="0" speed="4560" time="4400" acceleration="1281"/>
    <motionState vehicle="1" speed="4560" time="4400" acceleration="1281"/>
    <motionState vehicle="2" speed="4560" time="4400" acceleration="1281"/>
    <motionState vehicle="3" speed="4560" time="4400" acceleration="1281"/>
    <motionState vehicle="4" speed="4560" time="4400" acceleration="1281"/>
    <motionState vehicle="0" speed="4562" time="4410" acceleration="1269"/>
    <motionState vehicle="1" speed="4562" time="4410" acceleration="1269"/>
    <motionState vehicle="2" speed="4562" time="4410" acceleration="1269"/>
    <motionState vehicle="3" speed="4562" time="4410" acceleration="1269"/>
    <motionState vehicle="4" speed="4562" time="4410" acceleration="1269"/>
    <motionState vehicle="0" speed="4563" time="4420" acceleration="1258"/>
    <motionState vehicle="1" speed="4563" time="4420" acceleration="1258"/>
    <motionState vehicle="2" speed="4563" time="4420" acceleration="1258"/>
    <motionState vehicle="3" speed="4563" time="4420" acceleration="1258"/>
    <motionState vehicle="4" speed="4563" time="4420" acceleration="1258"/>
    <motionState vehicle="0" speed="4564" time="4430" acceleration="1246"/>
    <motionState vehicle="1" speed="4564" time="4430" acceleration="1246"/>
    <motionState vehicle="2" speed="4564" time="4430" acceleration="1246"/>
    <motionState vehicle="3" speed="4564" time="4430" acceleration="1246"/>
    <motionState vehicle="4" speed="4564" time="4430" acceleration="1246"/>
    <motionState vehicle="0" speed="4565" time="4440" acceleration="1235"/>
    <motionState vehicle="1" speed="4565" time="4440" acceleration="1235"/>
    <motionState vehicle="2" speed="4565" time="4440" acceleration="1235"/>
    <motionState vehicle="3" speed="4565" time="4440" acceleration="1235"/>
    <motionState vehicle="4" speed="4565" time="4440" acceleration="1235"/>
    <motionState vehicle="0" speed="4567" time="4450" acceleration="1224"/>
    <motionState vehicle="1" speed="4567" time="4450" acceleration="1224"/>
    <motionState vehicle="2" speed="4567" time="4450" acceleration="1224"/>
    <motionState vehicle="3" speed="4567" time="4450" acceleration="1224"/>
    <motionState vehicle="4" speed="4567" time="4450" acceleration="1224"/>
    <motionState vehicle="0" speed="4568" time="4460" acceleration="1212"/>
    <motionState vehicle="1" speed="4568" time="4460" acceleration="1212"/>
    <motionState vehicle="2" speed="4568" time="4460" acceleration="1212"/>
    <motionState vehicle="3" speed="4568" time="4460" acceleration="1212"/>
    <motionState vehicle="4" speed="4568" time="4460" acceleration="1212"/>
    <motionState vehicle="0" speed="4569" time="4470" acceleration="1201"/>
    <motionState vehicle="1" speed="4569" time="4470" acceleration="1201"/>
    <motionState vehicle="2" speed="4569" time="4470" acceleration="1201"/>
    <motionState vehicle="3" speed="4569" time="4470" acceleration="1201"/>
    <motionState vehicle="4" speed="4569" time="4470" acceleration="1201"/>
    <motionState vehicle="0" speed="4570" time="4480" acceleration="1191"/>
    <motionState vehicle="1" speed="4570" time="4480" acceleration="1191"/>
    <motionState vehicle="2" speed="4570" time="4480" acceleration="1191"/>
    <motionState vehicle="3" speed="4570" time="4480" acceleration="1191"/>
    <motionState vehicle="4" speed="4570" time="4480" acceleration="1191"/>
    <motionState vehicle="0" speed="4571" time="4490" acceleration="1180"/>
    <motionState vehicle="1" speed="4571" time="4490" acceleration="1180"/>
    <motionState vehicle="2" speed="4571" time="4490" acceleration="1180"/>
    <motionState vehicle="3" speed="4571" time="4490" acceleration="1180"/>
    <motionState vehicle="4" speed="4571" time="4490" acceleration="1180"/>
    <motionState vehicle="0" speed="4573" time="4500" acceleration="1169"/>
    <motionState vehicle="1" speed="4573" time="4500" acceleration="1169"/>
    <motionState vehicle="2" speed="4573" time="4500" acceleration="1169"/>
    <motionState vehicle="3" speed="4573" time="4500" acceleration="1169"/>
    <motionState vehicle="4" speed="4573" time="4500" acceleration="1169"/>
    <motionState vehicle="0" speed="4574" time="4510" acceleration="1158"/>
    <motionState vehicle="1" speed="4574" time="4510" acceleration="1158"/>
    <motionState vehicle="2" speed="4574" time="4510" acceleration="1158"/>
    <motionState vehicle="3" speed="4574" time="4510" acceleration="1158"/>
    <motionState vehicle="4" speed="4574" time="4510" acceleration="1158"/>
    <motionState vehicle="0" speed="4575" time="4520" acceleration="1148"/>
    <motionState vehicle="1" speed="4575" time="4520" acceleration="1148"/>
    <motionState vehicle="2" speed="4575" time="4520" acceleration="1148"/>
    <motionState vehicle="3" speed="4575" time="4520" acceleration="1148"/>
    <motionState vehicle="4" speed="4575" time="4520" acceleration="1148"/>
    <motionState vehicle="0" speed="4576" time="4530" acceleration="1137"/>
    <motionState vehicle="1" speed="4576" time="4530" acceleration="1137"/>
    <motionState vehicle="2" speed="4576" time="4530" acceleration="1137"/>
    <motionState vehicle="3" speed="4576" time="4530" acceleration="1137"/>
    <motionState vehicle="4" speed="4576" time="4530" acceleration="1137"/>
    <motionState vehicle="0" speed="4577" time="4540" acceleration="1127"/>
    <motionState vehicle="1" speed="4577" time="4540" acceleration="1127"/>
    <motionState vehicle="2" speed="4577" time="4540" acceleration="1127"/>
    <motionState vehicle="3" speed="4577" time="4540" acceleration="1127"/>
    <motionState vehicle="4" speed="4577" time="4540" acceleration="1127"/>
    <motionState vehicle="0" speed="4578" time="4550" acceleration="1117"/>
    <motionState vehicle="1" speed="4578" time="4550" acceleration="1117"/>
    <motionState vehicle="2" speed="4578" time="4550" acceleration="1117"/>
    <motionState vehicle="3" speed="4578" time="4550" acceleration="1117"/>
    <motionState vehicle="4" speed="4578" time="4550" acceleration="1117"/>
    <motionState vehicle="0" speed="4579" time="4560" acceleration="1107"/>
    <motionState vehicle="1" speed="4579" time="4560" acceleration="1107"/>
    <motionState vehicle="2" speed="4579" time="4560" acceleration="1107"/>
    <motionState vehicle="3" speed="4579" time="4560" acceleration="1107"/>
    <motionState vehicle="4" speed="4579" time="4560" acceleration="1107"/>
    <motionState vehicle="0" speed="4580" time="4570" acceleration="1097"/>
    <motionState vehicle="1" speed="4580" time="4570" acceleration="1097"/>
    <motionState vehicle="2" speed="4580" time="4570" acceleration="1097"/>
    <motionState vehicle="3" speed="4580" time="4570" acceleration="1097"/>
    <motionState vehicle="4" speed="4580" time="4570" acceleration="1097"/>
    <motionState vehicle="0" speed="4582" time="4580" acceleration="1087"/>
    <motionState vehicle="1" speed="4582" time="4580" acceleration="1087"/>
    <motionState vehicle="2" speed="4582" time="4580" acceleration="1087"/>
    <motionState vehicle="3" speed="4582" time="4580" acceleration="1087"/>
    <motionState vehicle="4" speed="4582" time="4580" acceleration="1087"/>
    <motionState vehicle="0" speed="4583" time="4590" acceleration="1077"/>
    <motionState vehicle="1" speed="4583" time="4590" acceleration="1077"/>
    <motionState vehicle="2" speed="4583" time="4590" acceleration="1077"/>
    <motionState vehicle="3" speed="4583" time="4590" acceleration="1077"/>
    <motionState vehicle="4" speed="4583" time="4590" acceleration="1077"/>
    <motionState vehicle="0" speed="4584" time="4600" acceleration="1067"/>
    <motionState vehicle="1" speed="4584" time="4600" acceleration="1067"/>
    <motionState vehicle="2" speed="4584" time="4600" acceleration="1067"/>
    <motionState vehicle="3" speed="4584" time="4600" acceleration="1067"/>
    <motionState vehicle="4" speed="4584" time="4600" acceleration="1067"/>
    <motionState vehicle="0" speed="4585" time="4610" acceleration="1057"/>
    <motionState vehicle="1" speed="4585" time="4610" acceleration="1057"/>
    <motionState vehicle="2" speed="4585" time="4610" acceleration="1057"/>
    <motionState vehicle="3" speed="4585" time="4610" acceleration="1057"/>
    <motionState vehicle="4" speed="4585" time="4610" acceleration="1057"/>
    <motionState vehicle="0" speed="4586" time="4620" acceleration="1048"/>
    <motionState vehicle="1" speed="4586" time="4620" acceleration="1048"/>
    <motionState vehicle="2" speed="4586" time="4620" acceleration="1048"/>
    <motionState vehicle="3" speed="4586" time="4620" acceleration="1048"/>
    <motionState vehicle="4" speed="4586" time="4620" acceleration="1048"/>
    <motionState vehicle="0" speed="4587" time="4630" acceleration="1038"/>
    <motionState vehicle="1" speed="4587" time="4630" acceleration="1038"/>
    <motionState vehicle="2" speed="4587" time="4630" acceleration="1038"/>
    <motionState vehicle="3" speed="4587" time="4630" acceleration="1038"/>
    <motionState vehicle="4" speed="4587" time="4630" acceleration="1038"/>
    <motionState vehicle="0" speed="4588" time="4640" acceleration="1029"/>
    <motionState vehicle="1" speed="4588" time="4640" acceleration="1029"/>
    <motionState vehicle="2" speed="4588" time="4640" acceleration="1029"/>
    <motionState vehicle="3" speed="4588" time="4640" acceleration="1029"/>
    <motionState vehicle="4" speed="4588" time="4640" acceleration="1029"/>
    <motionState vehicle="0" speed="4589" time="4650" acceleration="1019"/>
    <motionState vehicle="1" speed="4589" time="4650" acceleration="1019"/>
    <motionState vehicle="2" speed="4589" time="4650" acceleration="1019"/>
    <motionState vehicle="3" speed="4589" time="4650" acceleration="1019"/>
    <motionState vehicle="4" speed="4589" time="4650" acceleration="1019"/>
    <motionState vehicle="0" speed="4590" time="4660" acceleration="1010"/>
    <motionState vehicle="1" speed="4590" time="4660" acceleration="1010"/>
    <motionState vehicle="2" speed="4590" time="4660" acceleration="1010"/>
    <motionState vehicle="3" speed="4590" time="4660" acceleration="1010"/>
    <motionState vehicle="4" speed="4590" time="4660" acceleration="1010"/>
    <motionState vehicle="0" speed="4591" time="4670" acceleration="1001"/>
    <motionState vehicle="1" speed="4591" time="4670" acceleration="1001"/>
    <motionState vehicle="2" speed="4591" time="4670" acceleration="1001"/>
    <motionState vehicle="3" speed="4591" time="4670" acceleration="1001"/>
    <motionState vehicle="4" speed="4591" time="4670" acceleration="1001"/>
    <motionState vehicle="0" speed="4592" time="4680" acceleration="992"/>
    <motionState vehicle="1" speed="4592" time="4680" acceleration="992"/>
    <motionState vehicle="2" speed="4592" time="4680" acceleration="992"/>
    <motionState vehicle="3" speed="4592" time="4680" acceleration="992"/>
    <motionState vehicle="4" speed="4592" time="4680" acceleration="992"/>
    <motionState vehicle="0" speed="4593" time="4690" acceleration="983"/>
    <motionState vehicle="1" speed="4593" time="4690" acceleration="983"/>
    <motionState vehicle="2" speed="4593" time="4690" acceleration="983"/>
    <motionState vehicle="3" speed="4593" time="4690" acceleration="983"/>
    <motionState vehicle="4" speed="4593" time="4690" acceleration="983"/>
    <motionState vehicle="0" speed="4594" time="4700" acceleration="974"/>
    <motionState vehicle="1" speed="4594" time="4700" acceleration="974"/>
    <motionState vehicle="2" speed="4594" time="4700" acceleration="974"/>
    <motionState vehicle="3" speed="4594" time="4700" acceleration="974"/>
    <motionState vehicle="4" speed="4594" time="4700" acceleration="974"/>
    <motionState vehicle="0" speed="4595" time="4710" acceleration="965"/>
    <motionState vehicle="1" speed="4595" time="4710" acceleration="965"/>
    <motionState vehicle="2" speed="4595" time="4710" acceleration="965"/>
    <motionState vehicle="3" speed="4595" time="4710" acceleration="965"/>
    <motionState vehicle="4" speed="4595" time="4710" acceleration="965"/>
    <motionState vehicle="0" speed="4596" time="4720" acceleration="956"/>
    <motionState vehicle="1" speed="4596" time="4720" acceleration="956"/>
    <motionState vehicle="2" speed="4596" time="4720" acceleration="956"/>
    <motionState vehicle="3" speed="4596" time="4720" acceleration="956"/>
    <motionState vehicle="4" speed="4596" time="4720" acceleration="956"/>
    <motionState vehicle="0" speed="4597" time="4730" acceleration="948"/>
    <motionState vehicle="1" speed="4597" time="4730" acceleration="948"/>
    <motionState vehicle="2" speed="4597" time="4730" acceleration="948"/>
    <motionState vehicle="3" speed="4597" time="4730" acceleration="948"/>
    <motionState vehicle="4" speed="4597" time="4730" acceleration="948"/>
    <motionState vehicle="0" speed="4598" time="4740" acceleration="939"/>
    <motionState vehicle="1" speed="4598" time="4740" acceleration="939"/>
    <motionState vehicle="2" speed="4598" time="4740" acceleration="939"/>
    <motionState vehicle="3" speed="4598" time="4740" acceleration="939"/>
    <motionState vehicle="4" speed="4598" time="4740" acceleration="939"/>
    <motionState vehicle="0" speed="4599" time="4750" acceleration="930"/>
    <motionState vehicle="1" speed="4599" time="4750" acceleration="930"/>
    <motionState vehicle="2" speed="4599" time="4750" acceleration="930"/>
    <motionState vehicle="3" speed="4599" time="4750" acceleration="930"/>
    <motionState vehicle="4" speed="4599" time="4750" acceleration="930"/>
    <motionState vehicle="0" speed="4600" time="4760" acceleration="922"/>
    <motionState vehicle="1" speed="4600" time="4760" acceleration="922"/>
    <motionState vehicle="2" speed="4600" time="4760" acceleration="922"/>
    <motionState vehicle="3" speed="4600" time="4760" acceleration="922"/>
    <motionState vehicle="4" speed="4600" time="4760" acceleration="922"/>
    <motionState vehicle="0" speed="4600" time="4770" acceleration="914"/>
    <motionState vehicle="1" speed="4600" time="4770" acceleration="914"/>
    <motionState vehicle="2" speed="4600" time="4770" acceleration="914"/>
    <motionState vehicle="3" speed="4600" time="4770" acceleration="914"/>
    <motionState vehicle="4" speed="4600" time="4770" acceleration="914"/>
    <motionState vehicle="0" speed="4601" time="4780" acceleration="905"/>
    <motionState vehicle="1" speed="4601" time="4780" acceleration="905"/>
    <motionState vehicle="2" speed="4601" time="4780" acceleration="905"/>
    <motionState vehicle="3" speed="4601" time="4780" acceleration="905"/>
    <motionState vehicle="4" speed="4601" time="4780" acceleration="905"/>
    <motionState vehicle="0" speed="4602" time="4790" acceleration="897"/>
    <motionState vehicle="1" speed="4602" time="4790" acceleration="897"/>
    <motionState vehicle="2" speed="4602" time="4790" acceleration="897"/>
    <motionState vehicle="3" speed="4602" time="4790" acceleration="897"/>
    <motionState vehicle="4" speed="4602" time="4790" acceleration="897"/>
    <motionState vehicle="0" speed="4603" time="4800" acceleration="889"/>
    <motionState vehicle="1" speed="4603" time="4800" acceleration="889"/>
    <motionState vehicle="2" speed="4603" time="4800" acceleration="889"/>
    <motionState vehicle="3" speed="4603" time="4800" acceleration="889"/>
    <motionState vehicle="4" speed="4603" time="4800" acceleration="889"/>
    <motionState vehicle="0" speed="4604" time="4810" acceleration="881"/>
    <motionState vehicle="1" speed="4604" time="4810" acceleration="881"/>
    <motionState vehicle="2" speed="4604" time="4810" acceleration="881"/>
    <motionState vehicle="3" speed="4604" time="4810" acceleration="881"/>
    <motionState vehicle="4" speed="4604" time="4810" acceleration="881"/>
    <motionState vehicle="0" speed="4605" time="4820" acceleration="873"/>
    <motionState vehicle="1" speed="4605" time="4820" acceleration="873"/>
    <motionState vehicle="2" speed="4605" time="4820" acceleration="873"/>
    <motionState vehicle="3" speed="4605" time="4820" acceleration="873"/>
    <motionState vehicle="4" speed="4605" time="4820" acceleration="873"/>
    <motionState vehicle="0" speed="4606" time="4830" acceleration="865"/>
    <motionState vehicle="1" speed="4606" time="4830" acceleration="865"/>
    <motionState vehicle="2" speed="4606" time="4830" acceleration="865"/>
    <motionState vehicle="3" speed="4606" time="4830" acceleration="865"/>
    <motionState vehicle="4" speed="4606" time="4830" acceleration="865"/>
    <motionState vehicle="0" speed="4607" time="4840" acceleration="857"/>
    <motionState vehicle="1" speed="4607" time="4840" acceleration="857"/>
    <motionState vehicle="2" speed="4607" time="4840" acceleration="857"/>
    <motionState vehicle="3" speed="4607" time="4840" acceleration="857"/>
    <motionState vehicle="4" speed="4607" time="4840" acceleration="857"/>
    <motionState vehicle="0" speed="4607" time="4850" acceleration="849"/>
    <motionState vehicle="1" speed="4607" time="4850" acceleration="849"/>
    <motionState vehicle="2" speed="4607" time="4850" acceleration="849"/>
    <motionState vehicle="3" speed="4607" time="4850" acceleration="849"/>
    <motionState vehicle="4" speed="4607" time="4850" acceleration="849"/>
    <motionState vehicle="0" speed="4608" time="4860" acceleration="841"/>
    <motionState vehicle="1" speed="4608" time="4860" acceleration="841"/>
    <motionState vehicle="2" speed="4608" time="4860" acceleration="841"/>
    <motionState vehicle="3" speed="4608" time="4860" acceleration="841"/>
    <motionState vehicle="4" speed="4608" time="4860" acceleration="841"/>
    <motionState vehicle="0" speed="4609" time="4870" acceleration="834"/>
    <motionState vehicle="1" speed="4609" time="4870" acceleration="834"/>
    <motionState vehicle="2" speed="4609" time="4870" acceleration="834"/>
    <motionState vehicle="3" speed="4609" time="4870" acceleration="834"/>
    <motionState vehicle="4" speed="4609" time="4870" acceleration="834"/>
    <motionState vehicle="0" speed="4610" time="4880" acceleration="826"/>
    <motionState vehicle="1" speed="4610" time="4880" acceleration="826"/>
    <motionState vehicle="2" speed="4610" time="4880" acceleration="826"/>
    <motionState vehicle="3" speed="4610" time="4880" acceleration="826"/>
    <motionState vehicle="4" speed="4610" time="4880" acceleration="826"/>
    <motionState vehicle="0" speed="4611" time="4890" acceleration="819"/>
    <motionState vehicle="1" speed="4611" time="4890" acceleration="819"/>
    <motionState vehicle="2" speed="4611" time="4890" acceleration="819"/>
    <motionState vehicle="3" speed="4611" time="4890" acceleration="819"/>
    <motionState vehicle="4" speed="4611" time="4890" acceleration="819"/>
    <motionState vehicle="0" speed="4612" time="4900" acceleration="811"/>
    <motionState vehicle="1" speed="4612" time="4900" acceleration="811"/>
    <motionState vehicle="2" speed="4612" time="4900" acceleration="811"/>
    <motionState vehicle="3" speed="4612" time="4900" acceleration="811"/>
    <motionState vehicle="4" speed="4612" time="4900" acceleration="811"/>
    <motionState vehicle="0" speed="4612" time="4910" acceleration="804"/>
    <motionState vehicle="1" speed="4612" time="4910" acceleration="804"/>
    <motionState vehicle="2" speed="4612" time="4910" acceleration="804"/>
    <motionState vehicle="3" speed="4612" time="4910" acceleration="804"/>
    <motionState vehicle="4" speed="4612" time="4910" acceleration="804"/>
    <motionState vehicle="0" speed="4613" time="4920" acceleration="797"/>
    <motionState vehicle="1" speed="4613" time="4920" acceleration="797"/>
    <motionState vehicle="2" speed="4613" time="4920" acceleration="797"/>
    <motionState vehicle="3" speed="4613" time="4920" acceleration="797"/>
    <motionState vehicle="4" speed="4613" time="4920" acceleration="797"/>
    <motionState vehicle="0" speed="4614" time="4930" acceleration="789"/>
    <motionState vehicle="1" speed="4614" time="4930" acceleration="789"/>
    <motionState vehicle="2" speed="4614" time="4930" acceleration="789"/>
    <motionState vehicle="3" speed="4614" time="4930" acceleration="789"/>
    <motionState vehicle="4" speed="4614" time="4930" acceleration="789"/>
    <motionState vehicle="0" speed="4615" time="4940" acceleration="782"/>
    <motionState vehicle="1" speed="4615" time="4940" acceleration="782"/>
    <motionState vehicle="2" speed="4615" time="4940" acceleration="782"/>
    <motionState vehicle="3" speed="4615" time="4940" acceleration="782"/>
    <motionState vehicle="4" speed="4615" time="4940" acceleration="782"/>
    <motionState vehicle="0" speed="4616" time="4950" acceleration="775"/>
    <motionState vehicle="1" speed="4616" time="4950" acceleration="775"/>
    <motionState vehicle="2" speed="4616" time="4950" acceleration="775"/>
    <motionState vehicle="3" speed="4616" time="4950" acceleration="775"/>
    <motionState vehicle="4" speed="4616" time="4950" acceleration="775"/>
    <motionState vehicle="0" speed="4616" time="4960" acceleration="768"/>
    <motionState vehicle="1" speed="4616" time="4960" acceleration="768"/>
    <motionState vehicle="2" speed="4616" time="4960" acceleration="768"/>
    <motionState vehicle="3" speed="4616" time="4960" acceleration="768"/>
    <motionState vehicle="4" speed="4616" time="4960" acceleration="768"/>
    <motionState vehicle="0" speed="4617" time="4970" acceleration="761"/>
    <motionState vehicle="1" speed="4617" time="4970" acceleration="761"/>
    <motionState vehicle="2" speed="4617" time="4970" acceleration="761"/>
    <motionState vehicle="3" speed="4617" time="4970" acceleration="761"/>
    <motionState vehicle="4" speed="4617" time="4970" acceleration="761"/>
    <motionState vehicle="0" speed="4618" time="4980" acceleration="754"/>
    <motionState vehicle="1" speed="4618" time="4980" acceleration="754"/>
    <motionState vehicle="2" speed="4618" time="4980" acceleration="754"/>
    <motionState vehicle="3" speed="4618" time="4980" acceleration="754"/>
    <motionState vehicle="4" speed="4618" time="4980" acceleration="754"/>
    <motionState vehicle="0" speed="4619" time="4990" acceleration="747"/>
    <motionState vehicle="1" speed="4619" time="4990" acceleration="747"/>
    <motionState vehicle="2" speed="4619" time="4990" acceleration="747"/>
    <motionState vehicle="3" speed="4619" time="4990" acceleration="747"/>
    <motionState vehicle="4" speed="4619" time="4990" acceleration="747"/>
    <motionState vehicle="0" speed="4619" time="5000" acceleration="740"/>
    <motionState vehicle="1" speed="4619" time="5000" acceleration="740"/>
    <motionState vehicle="2" speed="4619" time="5000" acceleration="740"/>
    <motionState vehicle="3" speed="4619" time="5000" acceleration="740"/>
    <motionState vehicle="4" speed="4619" time="5000" acceleration="740"/>
    <motionState vehicle="0" speed="4620" time="5010" acceleration="734"/>
    <motionState vehicle="1" speed="4620" time="5010" acceleration="734"/>
    <motionState vehicle="2" speed="4620" time="5010" acceleration="734"/>
    <motionState vehicle="3" speed="4620" time="5010" acceleration="734"/>
    <motionState vehicle="4" speed="4620" time="5010" acceleration="734"/>
    <motionState vehicle="0" speed="4621" time="5020" acceleration="727"/>
    <motionState vehicle="1" speed="4621" time="5020" acceleration="727"/>
    <motionState vehicle="2" speed="4621" time="5020" acceleration="727"/>
    <motionState vehicle="3" speed="4621" time="5020" acceleration="727"/>
    <motionState vehicle="4" speed="4621" time="5020" acceleration="727"/>
    <motionState vehicle="0" speed="4621" time="5030" acceleration="720"/>
    <motionState vehicle="1" speed="4621" time="5030" acceleration="720"/>
    <motionState vehicle="2" speed="4621" time="5030" acceleration="720"/>
    <motionState vehicle="3" speed="4621" time="5030" acceleration="720"/>
    <motionState vehicle="4" speed="4621" time="5030" acceleration="720"/>
    <motionState vehicle="0" speed="4622" time="5040" acceleration="714"/>
    <motionState vehicle="1" speed="4622" time="5040" acceleration="714"/>
    <motionState vehicle="2" speed="4622" time="5040" acceleration="714"/>
    <motionState vehicle="3" speed="4622" time="5040" acceleration="714"/>
    <motionState vehicle="4" speed="4622" time="5040" acceleration="714"/>
    <motionState vehicle="0" speed="4623" time="5050" acceleration="707"/>
    <motionState vehicle="1" speed="4623" time="5050" acceleration="707"/>
    <motionState vehicle="2" speed="4623" time="5050" acceleration="707"/>
    <motionState vehicle="3" speed="4623" time="5050" acceleration="707"/>
    <motionState vehicle="4" speed="4623" time="5050" acceleration="707"/>
    <motionState vehicle="0" speed="4624" time="5060" acceleration="701"/>
    <motionState vehicle="1" speed="4624" time="5060" acceleration="701"/>
    <motionState vehicle="2" speed="4624" time="5060" acceleration="701"/>
    <motionState vehicle="3" speed="4624" time="5060" acceleration="701"/>
    <motionState vehicle="4" speed="4624" time="5060" acceleration="701"/>
    <motionState vehicle="0" speed="4624" time="5070" acceleration="695"/>
    <motionState vehicle="1" speed="4624" time="5070" acceleration="695"/>
    <motionState vehicle="2" speed="4624" time="5070" acceleration="695"/>
    <motionState vehicle="3" speed="4624" time="5070" acceleration="695"/>
    <motionState vehicle="4" speed="4624" time="5070" acceleration="695"/>
    <motionState vehicle="0" speed="4625" time="5080" acceleration="688"/>
    <motionState vehicle="1" speed="4625" time="5080" acceleration="688"/>
    <motionState vehicle="2" speed="4625" time="5080" acceleration="688"/>
    <motionState vehicle="3" speed="4625" time="5080" acceleration="688"/>
    <motionState vehicle="4" speed="4625" time="5080" acceleration="688"/>
    <motionState vehicle="0" speed="4626" time="5090" acceleration="682"/>
    <motionState vehicle="1" speed="4626" time="5090" acceleration="682"/>
    <motionState vehicle="2" speed="4626" time="5090" acceleration="682"/>
    <motionState vehicle="3" speed="4626" time="5090" acceleration="682"/>
    <motionState vehicle="4" speed="4626" time="5090" acceleration="682"/>
    <motionState vehicle="0" speed="4626" time="5100" acceleration="676"/>
    <motionState vehicle="1" speed="4626" time="5100" acceleration="676"/>
    <motionState vehicle="2" speed="4626" time="5100" acceleration="676"/>
    <motionState vehicle="3" speed="4626" time="5100" acceleration="676"/>
    <motionState vehicle="4" speed="4626" time="5100" acceleration="676"/>
    <motionState vehicle="0" speed="4627" time="5110" acceleration="670"/>
    <motionState vehicle="1" speed="4627" time="5110" acceleration="670"/>
    <motionState vehicle="2" speed="4627" time="5110" acceleration="670"/>
    <motionState vehicle="3" speed="4627" time="5110" acceleration="670"/>
    <motionState vehicle="4" speed="4627" time="5110" acceleration="670"/>
    <motionState vehicle="0" speed="4628" time="5120" acceleration="664"/>
    <motionState vehicle="1" speed="4628" time="5120" acceleration="664"/>
    <motionState vehicle="2" speed="4628" time="5120" acceleration="664"/>
    <motionState vehicle="3" speed="4628" time="5120" acceleration="664"/>
    <motionState vehicle="4" speed="4628" time="5120" acceleration="664"/>
    <motionState vehicle="0" speed="4628" time="5130" acceleration="658"/>
    <motionState vehicle="1" speed="4628" time="5130" acceleration="658"/>
    <motionState vehicle="2" speed="4628" time="5130" acceleration="658"/>
    <motionState vehicle="3" speed="4628" time="5130" acceleration="658"/>
    <motionState vehicle="4" speed="4628" time="5130" acceleration="658"/>
    <motionState vehicle="0" speed="4629" time="5140" acceleration="652"/>
    <motionState vehicle="1" speed="4629" time="5140" acceleration="652"/>
    <motionState vehicle="2" speed="4629" time="5140" acceleration="652"/>
    <motionState vehicle="3" speed="4629" time="5140" acceleration="652"/>
    <motionState vehicle="4" speed="4629" time="5140" acceleration="652"/>
    <motionState vehicle="0" speed="4630" time="5150" acceleration="646"/>
    <motionState vehicle="1" speed="4630" time="5150" acceleration="646"/>
    <motionState vehicle="2" speed="4630" time="5150" acceleration="646"/>
    <motionState vehicle="3" speed="4630" time="5150" acceleration="646"/>
    <motionState vehicle="4" speed="4630" time="5150" acceleration="646"/>
    <motionState vehicle="0" speed="4630" time="5160" acceleration="640"/>
    <motionState vehicle="1" speed="4630" time="5160" acceleration="640"/>
    <motionState vehicle="2" speed="4630" time="5160" acceleration="640"/>
    <motionState vehicle="3" speed="4630" time="5160" acceleration="640"/>
    <motionState vehicle="4" speed="4630" time="5160" acceleration="640"/>
    <motionState vehicle="0" speed="4631" time="5170" acceleration="634"/>
    <motionState vehicle="1" speed="4631" time="5170" acceleration="634"/>
    <motionState vehicle="2" speed="4631" time="5170" acceleration="634"/>
    <motionState vehicle="3" speed="4631" time="5170" acceleration="634"/>
    <motionState vehicle="4" speed="4631" time="5170" acceleration="634"/>
    <motionState vehicle="0" speed="4632" time="5180" acceleration="628"/>
    <motionState vehicle="1" speed="4632" time="5180" acceleration="628"/>
    <motionState vehicle="2" speed="4632" time="5180" acceleration="628"/>
    <motionState vehicle="3" speed="4632" time="5180" acceleration="628"/>
    <motionState vehicle="4" speed="4632" time="5180" acceleration="628"/>
    <motionState vehicle="0" speed="4632" time="5190" acceleration="622"/>
    <motionState vehicle="1" speed="4632" time="5190" acceleration="622"/>
    <motionState vehicle="2" speed="4632" time="5190" acceleration="622"/>
    <motionState vehicle="3" speed="4632" time="5190" acceleration="622"/>
    <motionState vehicle="4" speed="4632" time="5190" acceleration="622"/>
    <motionState vehicle="0" speed="4633" time="5200" acceleration="617"/>
    <motionState vehicle="1" speed="4633" time="5200" acceleration="617"/>
    <motionState vehicle="2" speed="4633" time="5200" acceleration="617"/>
    <motionState vehicle="3" speed="4633" time="5200" acceleration="617"/>
    <motionState vehicle="4" speed="4633" time="5200" acceleration="617"/>
    <motionState vehicle="0" speed="4633" time="5210" acceleration="611"/>
    <motionState vehicle="1" speed="4633" time="5210" acceleration="611"/>
    <motionState vehicle="2" speed="4633" time="5210" acceleration="611"/>
    <motionState vehicle="3" speed="4633" time="5210" acceleration="611"/>
    <motionState vehicle="4" speed="4633" time="5210" acceleration="611"/>
    <motionState vehicle="0" speed="4634" time="5220" acceleration="606"/>
    <motionState vehicle="1" speed="4634" time="5220" acceleration="606"/>
    <motionState vehicle="2" speed="4634" time="5220" acceleration="606"/>
    <motionState vehicle="3" speed="4634" time="5220" acceleration="606"/>
    <motionState vehicle="4" speed="4634" time="5220" acceleration="606"/>
    <motionState vehicle="0" speed="4635" time="5230" acceleration="600"/>
    <motionState vehicle="1" speed="4635" time="5230" acceleration="600"/>
    <motionState vehicle="2" speed="4635" time="5230" acceleration="600"/>
    <motionState vehicle="3" speed="4635" time="5230" acceleration="600"/>
    <motionState vehicle="4" speed="4635" time="5230" acceleration="600"/>
    <motionState vehicle="0" speed="4635" time="5240" acceleration="595"/>
    <motionState vehicle="1" speed="4635" time="5240" acceleration="595"/>
    <motionState vehicle="2" speed="4635" time="5240" acceleration="595"/>
    <motionState vehicle="3" speed="4635" time="5240" acceleration="595"/>
    <motionState vehicle="4" speed="4635" time="5240" acceleration="595"/>
    <motionState vehicle="0" speed="4636" time="5250" acceleration="589"/>
    <motionState vehicle="1" speed="4636" time="5250" acceleration="589"/>
    <motionState vehicle="2" speed="4636" time="5250" acceleration="589"/>
    <motionState vehicle="3" speed="4636" time="5250" acceleration="589"/>
    <motionState vehicle="4" speed="4636" time="5250" acceleration="589"/>
    <motionState vehicle="0" speed="4636" time="5260" acceleration="584"/>
    <motionState vehicle="1" speed="4636" time="5260" acceleration="584"/>
    <motionState vehicle="2" speed="4636" time="5260" acceleration="584"/>
    <motionState vehicle="3" speed="4636" time="5260" acceleration="584"/>
    <motionState vehicle="4" speed="4636" time="5260" acceleration="584"/>
    <motionState vehicle="0" speed="4637" time="5270" acceleration="579"/>
    <motionState vehicle="1" speed="4637" time="5270" acceleration="579"/>
    <motionState vehicle="2" speed="4637" time="5270" acceleration="579"/>
    <motionState vehicle="3" speed="4637" time="5270" acceleration="579"/>
    <motionState vehicle="4" speed="4637" time="5270" acceleration="579"/>
    <motionState vehicle="0" speed="4638" time="5280" acceleration="573"/>
    <motionState vehicle="1" speed="4638" time="5280" acceleration="573"/>
    <motionState vehicle="2" speed="4638" time="5280" acceleration="573"/>
    <motionState vehicle="3" speed="4638" time="5280" acceleration="573"/>
    <motionState vehicle="4" speed="4638" time="5280" acceleration="573"/>
    <motionState vehicle="0" speed="4638" time="5290" acceleration="568"/>
    <motionState vehicle="1" speed="4638" time="5290" acceleration="568"/>
    <motionState vehicle="2" speed="4638" time="5290" acceleration="568"/>
    <motionState vehicle="3" speed="4638" time="5290" acceleration="568"/>
    <motionState vehicle="4" speed="4638" time="5290" acceleration="568"/>
    <motionState vehicle="0" speed="4639" time="5300" acceleration="563"/>
    <motionState vehicle="1" speed="4639" time="5300" acceleration="563"/>
    <motionState vehicle="2" speed="4639" time="5300" acceleration="563"/>
    <motionState vehicle="3" speed="4639" time="5300" acceleration="563"/>
    <motionState vehicle="4" speed="4639" time="5300" acceleration="563"/>
    <motionState vehicle="0" speed="4639" time="5310" acceleration="558"/>
    <motionState vehicle="1" speed="4639" time="5310" acceleration="558"/>
    <motionState vehicle="2" speed="4639" time="5310" acceleration="558"/>
    <motionState vehicle="3" speed="4639" time="5310" acceleration="558"/>
    <motionState vehicle="4" speed="4639" time="5310" acceleration="558"/>
    <motionState vehicle="0" speed="4640" time="5320" acceleration="553"/>
    <motionState vehicle="1" speed="4640" time="5320" acceleration="553"/>
    <motionState vehicle="2" speed="4640" time="5320" acceleration="553"/>
    <motionState vehicle="3" speed="4640" time="5320" acceleration="553"/>
    <motionState vehicle="4" speed="4640" time="5320" acceleration="553"/>
    <motionState vehicle="0" speed="4640" time="5330" acceleration="548"/>
    <motionState vehicle="1" speed="4640" time="5330" acceleration="548"/>
    <motionState vehicle="2" speed="4640" time="5330" acceleration="548"/>
    <motionState vehicle="3" speed="4640" time="5330" acceleration="548"/>
    <motionState vehicle="4" speed="4640" time="5330" acceleration="548"/>
    <motionState vehicle="0" speed="4641" time="5340" acceleration="543"/>
    <motionState vehicle="1" speed="4641" time="5340" acceleration="543"/>
    <motionState vehicle="2" speed="4641" time="5340" acceleration="543"/>
    <motionState vehicle="3" speed="4641" time="5340" acceleration="543"/>
    <motionState vehicle="4" speed="4641" time="5340" acceleration="543"/>
    <motionState vehicle="0" speed="4641" time="5350" acceleration="538"/>
    <motionState vehicle="1" speed="4641" time="5350" acceleration="538"/>
    <motionState vehicle="2" speed="4641" time="5350" acceleration="538"/>
    <motionState vehicle="3" speed="4641" time="5350" acceleration="538"/>
    <motionState vehicle="4" speed="4641" time="5350" acceleration="538"/>
    <motionState vehicle="0" speed="4642" time="5360" acceleration="533"/>
    <motionState vehicle="1" speed="4642" time="5360" acceleration="533"/>
    <motionState vehicle="2" speed="4642" time="5360" acceleration="533"/>
    <motionState vehicle="3" speed="4642" time="5360" acceleration="533"/>
    <motionState vehicle="4" speed="4642" time="5360" acceleration="533"/>
    <motionState vehicle="0" speed="4642" time="5370" acceleration="528"/>
    <motionState vehicle="1" speed="4642" time="5370" acceleration="528"/>
    <motionState vehicle="2" speed="4642" time="5370" acceleration="528"/>
    <motionState vehicle="3" speed="4642" time="5370" acceleration="528"/>
    <motionState vehicle="4" speed="4642" time="5370" acceleration="528"/>
    <motionState vehicle="0" speed="4643" time="5380" acceleration="523"/>
    <motionState vehicle="1" speed="4643" time="5380" acceleration="523"/>
    <motionState vehicle="2" speed="4643" time="5380" acceleration="523"/>
    <motionState vehicle="3" speed="4643" time="5380" acceleration="523"/>
    <motionState vehicle="4" speed="4643" time="5380" acceleration="523"/>
    <motionState vehicle="0" speed="4643" time="5390" acceleration="519"/>
    <motionState vehicle="1" speed="4643" time="5390" acceleration="519"/>
    <motionState vehicle="2" speed="4643" time="5390" acceleration="519"/>
    <motionState vehicle="3" speed="4643" time="5390" acceleration="519"/>
    <motionState vehicle="4" speed="4643" time="5390" acceleration="519"/>
    <motionState vehicle="0" speed="4644" time="5400" acceleration="514"/>
    <motionState vehicle="1" speed="4644" time="5400" acceleration="514"/>
    <motionState vehicle="2" speed="4644" time="5400" acceleration="514"/>
    <motionState vehicle="3" speed="4644" time="5400" acceleration="514"/>
    <motionState vehicle="4" speed="4644" time="5400" acceleration="514"/>
    <motionState vehicle="0" speed="4644" time="5410" acceleration="509"/>
    <motionState vehicle="1" speed="4644" time="5410" acceleration="509"/>
    <motionState vehicle="2" speed="4644" time="5410" acceleration="509"/>
    <motionState vehicle="3" speed="4644" time="5410" acceleration="509"/>
    <motionState vehicle="4" speed="4644" time="5410" acceleration="509"/>
    <motionState vehicle="0" speed="4645" time="5420" acceleration="505"/>
    <motionState vehicle="1" speed="4645" time="5420" acceleration="505"/>
    <motionState vehicle="2" speed="4645" time="5420" acceleration="505"/>
    <motionState vehicle="3" speed="4645" time="5420" acceleration="505"/>
    <motionState vehicle="4" speed="4645" time="5420" acceleration="505"/>
    <motionState vehicle="0" speed="4646" time="5430" acceleration="500"/>
    <motionState vehicle="1" speed="4646" time="5430" acceleration="500"/>
    <motionState vehicle="2" speed="4646" time="5430" acceleration="500"/>
    <motionState vehicle="3" speed="4646" time="5430" acceleration="500"/>
    <motionState vehicle="4" speed="4646" time="5430" acceleration="500"/>
    <motionState vehicle="0" speed="4646" time="5440" acceleration="495"/>
    <motionState vehicle="1" speed="4646" time="5440" acceleration="495"/>
    <motionState vehicle="2" speed="4646" time="5440" acceleration="495"/>
    <motionState vehicle="3" speed="4646" time="5440" acceleration="495"/>
    <motionState vehicle="4" speed="4646" time="5440" acceleration="495"/>
    <motionState vehicle="0" speed="4646" time="5450" acceleration="491"/>
    <motionState vehicle="1" speed="4646" time="5450" acceleration="491"/>
    <motionState vehicle="2" speed="4646" time="5450" acceleration="491"/>
    <motionState vehicle="3" speed="4646" time="5450" acceleration="491"/>
    <motionState vehicle="4" speed="4646" time="5450" acceleration="491"/>
    <motionState vehicle="0" speed="4647" time="5460" acceleration="486"/>
    <motionState vehicle="1" speed="4647" time="5460" acceleration="486"/>
    <motionState vehicle="2" speed="4647" time="5460" acceleration="486"/>
    <motionState vehicle="3" speed="4647" time="5460" acceleration="486"/>
    <motionState vehicle="4" speed="4647" time="5460" acceleration="486"/>
    <motionState vehicle="0" speed="4647" time="5470" acceleration="482"/>
    <motionState vehicle="1" speed="4647" time="5470" acceleration="482"/>
    <motionState vehicle="2" speed="4647" time="5470" acceleration="482"/>
    <motionState vehicle="3" speed="4647" time="5470" acceleration="482"/>
    <motionState vehicle="4" speed="4647" time="5470" acceleration="482"/>
    <motionState vehicle="0" speed="4648" time="5480" acceleration="478"/>
    <motionState vehicle="1" speed="4648" time="5480" acceleration="478"/>
    <motionState vehicle="2" speed="4648" time="5480" acceleration="478"/>
    <motionState vehicle="3" speed="4648" time="5480" acceleration="478"/>
    <motionState vehicle="4" speed="4648" time="5480" acceleration="478"/>
    <motionState vehicle="0" speed="4648" time="5490" acceleration="473"/>
    <motionState vehicle="1" speed="4648" time="5490" acceleration="473"/>
    <motionState vehicle="2" speed="4648" time="5490" acceleration="473"/>
    <motionState vehicle="3" speed="4648" time="5490" acceleration="473"/>
    <motionState vehicle="4" speed="4648" time="5490" acceleration="473"/>
    <motionState vehicle="0" speed="4649" time="5500" acceleration="469"/>
    <motionState vehicle="1" speed="4649" time="5500" acceleration="469"/>
    <motionState vehicle="2" speed="4649" time="5500" acceleration="469"/>
    <motionState vehicle="3" speed="4649" time="5500" acceleration="469"/>
    <motionState vehicle="4" speed="4649" time="5500" acceleration="469"/>
    <motionState vehicle="0" speed="4649" time="5510" acceleration="465"/>
    <motionState vehicle="1" speed="4649" time="5510" acceleration="465"/>
    <motionState vehicle="2" speed="4649" time="5510" acceleration="465"/>
    <motionState vehicle="3" speed="4649" time="5510" acceleration="465"/>
    <motionState vehicle="4" speed="4649" time="5510" acceleration="465"/>
    <motionState vehicle="0" speed="4650" time="5520" acceleration="461"/>
    <motionState vehicle="1" speed="4650" time="5520" acceleration="461"/>
    <motionState vehicle="2" speed="4650" time="5520" acceleration="461"/>
    <motionState vehicle="3" speed="4650" time="5520" acceleration="461"/>
    <motionState vehicle="4" speed="4650" time="5520" acceleration="461"/>
    <motionState vehicle="0" speed="4650" time="5530" acceleration="456"/>
    <motionState vehicle="1" speed="4650" time="5530" acceleration="456"/>
    <motionState vehicle="2" speed="4650" time="5530" acceleration="456"/>
    <motionState vehicle="3" speed="4650" time="5530" acceleration="456"/>
    <motionState vehicle="4" speed="4650" time="5530" acceleration="456"/>
    <motionState vehicle="0" speed="4651" time="5540" acceleration="452"/>
    <motionState vehicle="1" speed="4651" time="5540" acceleration="452"/>
    <motionState vehicle="2" speed="4651" time="5540" acceleration="452"/>
    <motionState vehicle="3" speed="4651" time="5540" acceleration="452"/>
    <motionState vehicle="4" speed="4651" time="5540" acceleration="452"/>
    <motionState vehicle="0" speed="4651" time="5550" acceleration="448"/>
    <motionState vehicle="1" speed="4651" time="5550" acceleration="448"/>
    <motionState vehicle="2" speed="4651" time="5550" acceleration="448"/>
    <motionState vehicle="3" speed="4651" time="5550" acceleration="448"/>
    <motionState vehicle="4" speed="4651" time="5550" acceleration="448"/>
    <motionState vehicle="0" speed="4652" time="5560" acceleration="444"/>
    <motionState vehicle="1" speed="4652" time="5560" acceleration="444"/>
    <motionState vehicle="2" speed="4652" time="5560" acceleration="444"/>
    <motionState vehicle="3" speed="4652" time="5560" acceleration="444"/>
    <motionState vehicle="4" speed="4652" time="5560" acceleration="444"/>
    <motionState vehicle="0" speed="4652" time="5570" acceleration="440"/>
    <motionState vehicle="1" speed="4652" time="5570" acceleration="440"/>
    <motionState vehicle="2" speed="4652" time="5570" acceleration="440"/>
    <motionState vehicle="3" speed="4652" time="5570" acceleration="440"/>
    <motionState vehicle="4" speed="4652" time="5570" acceleration="440"/>
    <motionState vehicle="0" speed="4652" time="5580" acceleration="436"/>
    <motionState vehicle="1" speed="4652" time="5580" acceleration="436"/>
    <motionState vehicle="2" speed="4652" time="5580" acceleration="436"/>
    <motionState vehicle="3" speed="4652" time="5580" acceleration="436"/>
    <motionState vehicle="4" speed="4652" time="5580" acceleration="436"/>
    <motionState vehicle="0" speed="4653" time="5590" acceleration="432"/>
    <motionState vehicle="1" speed="4653" time="5590" acceleration="432"/>
    <motionState vehicle="2" speed="4653" time="5590" acceleration="432"/>
    <motionState vehicle="3" speed="4653" time="5590" acceleration="432"/>
    <motionState vehicle="4" speed="4653" time="5590" acceleration="432"/>
    <motionState vehicle="0" speed="4653" time="5600" acceleration="428"/>
    <motionState vehicle="1" speed="4653" time="5600" acceleration="428"/>
    <motionState vehicle="2" speed="4653" time="5600" acceleration="428"/>
    <motionState vehicle="3" speed="4653" time="5600" acceleration="428"/>
    <motionState vehicle="4" speed="4653" time="5600" acceleration="428"/>
    <motionState vehicle="0" speed="4654" time="5610" acceleration="424"/>
    <motionState vehicle="1" speed="4654" time="5610" acceleration="424"/>
    <motionState vehicle="2" speed="4654" time="5610" acceleration="424"/>
    <motionState vehicle="3" speed="4654" time="5610" acceleration="424"/>
    <motionState vehicle="4" speed="4654" time="5610" acceleration="424"/>
    <motionState vehicle="0" speed="4654" time="5620" acceleration="420"/>
    <motionState vehicle="1" speed="4654" time="5620" acceleration="420"/>
    <motionState vehicle="2" speed="4654" time="5620" acceleration="420"/>
    <motionState vehicle="3" speed="4654" time="5620" acceleration="420"/>
    <motionState vehicle="4" speed="4654" time="5620" acceleration="420"/>
    <motionState vehicle="0" speed="4655" time="5630" acceleration="417"/>
    <motionState vehicle="1" speed="4655" time="5630" acceleration="417"/>
    <motionState vehicle="2" speed="4655" time="5630" acceleration="417"/>
    <motionState vehicle="3" speed="4655" time="5630" acceleration="417"/>
    <motionState vehicle="4" speed="4655" time="5630" acceleration="417"/>
    <motionState vehicle="0" speed="4655" time="5640" acceleration="413"/>
    <motionState vehicle="1" speed="4655" time="5640" acceleration="413"/>
    <motionState vehicle="2" speed="4655" time="5640" acceleration="413"/>
    <motionState vehicle="3" speed="4655" time="5640" acceleration="413"/>
    <motionState vehicle="4" speed="4655" time="5640" acceleration="413"/>
    <motionState vehicle="0" speed="4655" time="5650" acceleration="409"/>
    <motionState vehicle="1" speed="4655" time="5650" acceleration="409"/>
    <motionState vehicle="2" speed="4655" time="5650" acceleration="409"/>
    <motionState vehicle="3" speed="4655" time="5650" acceleration="409"/>
    <motionState vehicle="4" speed="4655" time="5650" acceleration="409"/>
    <motionState vehicle="0" speed="4656" time="5660" acceleration="405"/>
    <motionState vehicle="1" speed="4656" time="5660" acceleration="405"/>
    <motionState vehicle="2" speed="4656" time="5660" acceleration="405"/>
    <motionState vehicle="3" speed="4656" time="5660" acceleration="405"/>
    <motionState vehicle="4" speed="4656" time="5660" acceleration="405"/>
    <motionState vehicle="0" speed="4656" time="5670" acceleration="402"/>
    <motionState vehicle="1" speed="4656" time="5670" acceleration="402"/>
    <motionState vehicle="2" speed="4656" time="5670" acceleration="402"/>
    <motionState vehicle="3" speed="4656" time="5670" acceleration="402"/>
    <motionState vehicle="4" speed="4656" time="5670" acceleration="402"/>
    <motionState vehicle="0" speed="4657" time="5680" acceleration="398"/>
    <motionState vehicle="1" speed="4657" time="5680" acceleration="398"/>
    <motionState vehicle="2" speed="4657" time="5680" acceleration="398"/>
    <motionState vehicle="3" speed="4657" time="5680" acceleration="398"/>
    <motionState vehicle="4" speed="4657" time="5680" acceleration="398"/>
    <motionState vehicle="0" speed="4657" time="5690" acceleration="394"/>
    <motionState vehicle="1" speed="4657" time="5690" acceleration="394"/>
    <motionState vehicle="2" speed="4657" time="5690" acceleration="394"/>
    <motionState vehicle="3" speed="4657" time="5690" acceleration="394"/>
    <motionState vehicle="4" speed="4657" time="5690" acceleration="394"/>
    <motionState vehicle="0" speed="4657" time="5700" acceleration="391"/>
    <motionState vehicle="1" speed="4657" time="5700" acceleration="391"/>
    <motionState vehicle="2" speed="4657" time="5700" acceleration="391"/>
    <motionState vehicle="3" speed="4657" time="5700" acceleration="391"/>
    <motionState vehicle="4" speed="4657" time="5700" acceleration="391"/>
    <motionState vehicle="0" speed="4658" time="5710" acceleration="387"/>
    <motionState vehicle="1" speed="4658" time="5710" acceleration="387"/>
    <motionState vehicle="2" speed="4658" time="5710" acceleration="387"/>
    <motionState vehicle="3" speed="4658" time="5710" acceleration="387"/>
    <motionState vehicle="4" speed="4658" time="5710" acceleration="387"/>
    <motionState vehicle="0" speed="4658" time="5720" acceleration="384"/>
    <motionState vehicle="1" speed="4658" time="5720" acceleration="384"/>
    <motionState vehicle="2" speed="4658" time="5720" acceleration="384"/>
    <motionState vehicle="3" speed="4658" time="5720" acceleration="384"/>
    <motionState vehicle="4" speed="4658" time="5720" acceleration="384"/>
    <motionState vehicle="0" speed="4659" time="5730" acceleration="380"/>
    <motionState vehicle="1" speed="4659" time="5730" acceleration="380"/>
    <motionState vehicle="2" speed="4659" time="5730" acceleration="380"/>
    <motionState vehicle="3" speed="4659" time="5730" acceleration="380"/>
    <motionState vehicle="4" speed="4659" time="5730" acceleration="380"/>
    <motionState vehicle="0" speed="4659" time="5740" acceleration="377"/>
    <motionState vehicle="1" speed="4659" time="5740" acceleration="377"/>
    <motionState vehicle="2" speed="4659" time="5740" acceleration="377"/>
    <motionState vehicle="3" speed="4659" time="5740" acceleration="377"/>
    <motionState vehicle="4" speed="4659" time="5740" acceleration="377"/>
    <motionState vehicle="0" speed="4659" time="5750" acceleration="373"/>
    <motionState vehicle="1" speed="4659" time="5750" acceleration="373"/>
    <motionState vehicle="2" speed="4659" time="5750" acceleration="373"/>
    <motionState vehicle="3" speed="4659" time="5750" acceleration="373"/>
    <motionState vehicle="4" speed="4659" time="5750" acceleration="373"/>
    <motionState vehicle="0" speed="4660" time="5760" acceleration="370"/>
    <motionState vehicle="1" speed="4660" time="5760" acceleration="370"/>
    <motionState vehicle="2" speed="4660" time="5760" acceleration="370"/>
    <motionState vehicle="3" speed="4660" time="5760" acceleration="370"/>
    <motionState vehicle="4" speed="4660" time="5760" acceleration="370"/>
    <motionState vehicle="0" speed="4660" time="5770" acceleration="367"/>
    <motionState vehicle="1" speed="4660" time="5770" acceleration="367"/>
    <motionState vehicle="2" speed="4660" time="5770" acceleration="367"/>
    <motionState vehicle="3" speed="4660" time="5770" acceleration="367"/>
    <motionState vehicle="4" speed="4660" time="5770" acceleration="367"/>
    <motionState vehicle="0" speed="4660" time="5780" acceleration="363"/>
    <motionState vehicle="1" speed="4660" time="5780" acceleration="363"/>
    <motionState vehicle="2" speed="4660" time="5780" acceleration="363"/>
    <motionState vehicle="3" speed="4660" time="5780" acceleration="363"/>
    <motionState vehicle="4" speed="4660" time="5780" acceleration="363"/>
    <motionState vehicle="0" speed="4661" time="5790" acceleration="360"/>
    <motionState vehicle="1" speed="4661" time="5790" acceleration="360"/>
    <motionState vehicle="2" speed="4661" time="5790" acceleration="360"/>
    <motionState vehicle="3" speed="4661" time="5790" acceleration="360"/>
    <motionState vehicle="4" speed="4661" time="5790" acceleration="360"/>
    <motionState vehicle="0" speed="4661" time="5800" acceleration="357"/>
    <motionState vehicle="1" speed="4661" time="5800" acceleration="357"/>
    <motionState vehicle="2" speed="4661" time="5800" acceleration="357"/>
    <motionState vehicle="3" speed="4661" time="5800" acceleration="357"/>
    <motionState vehicle="4" speed="4661" time="5800" acceleration="357"/>
    <motionState vehicle="0" speed="4661" time="5810" acceleration="353"/>
    <motionState vehicle="1" speed="4661" time="5810" acceleration="353"/>
    <motionState vehicle="2" speed="4661" time="5810" acceleration="353"/>
    <motionState vehicle="3" speed="4661" time="5810" acceleration="353"/>
    <motionState vehicle="4" speed="4661" time="5810" acceleration="353"/>
    <motionState vehicle="0" speed="4662" time="5820" acceleration="350"/>
    <motionState vehicle="1" speed="4662" time="5820" acceleration="350"/>
    <motionState vehicle="2" speed="4662" time="5820" acceleration="350"/>
    <motionState vehicle="3" speed="4662" time="5820" acceleration="350"/>
    <motionState vehicle="4" speed="4662" time="5820" acceleration="350"/>
    <motionState vehicle="0" speed="4662" time="5830" acceleration="347"/>
    <motionState vehicle="1" speed="4662" time="5830" acceleration="347"/>
    <motionState vehicle="2" speed="4662" time="5830" acceleration="347"/>
    <motionState vehicle="3" speed="4662" time="5830" acceleration="347"/>
    <motionState vehicle="4" speed="4662" time="5830" acceleration="347"/>
    <motionState vehicle="0" speed="4663" time="5840" acceleration="344"/>
    <motionState vehicle="1" speed="4663" time="5840" acceleration="344"/>
    <motionState vehicle="2" speed="4663" time="5840" acceleration="344"/>
    <motionState vehicle="3" speed="4663" time="5840" acceleration="344"/>
    <motionState vehicle="4" speed="4663" time="5840" acceleration="344"/>
    <motionState vehicle="0" speed="4663" time="5850" acceleration="341"/>
    <motionState vehicle="1" speed="4663" time="5850" acceleration="341"/>
    <motionState vehicle="2" speed="4663" time="5850" acceleration="341"/>
    <motionState vehicle="3" speed="4663" time="5850" acceleration="341"/>
    <motionState vehicle="4" speed="4663" time="5850" acceleration="341"/>
    <motionState vehicle="0" speed="4663" time="5860" acceleration="338"/>
    <motionState vehicle="1" speed="4663" time="5860" acceleration="338"/>
    <motionState vehicle="2" speed="4663" time="5860" acceleration="338"/>
    <motionState vehicle="3" speed="4663" time="5860" acceleration="338"/>
    <motionState vehicle="4" speed="4663" time="5860" acceleration="338"/>
    <motionState vehicle="0" speed="4664" time="5870" acceleration="335"/>
    <motionState vehicle="1" speed="4664" time="5870" acceleration="335"/>
    <motionState vehicle="2" speed="4664" time="5870" acceleration="335"/>
    <motionState vehicle="3" speed="4664" time="5870" acceleration="335"/>
    <motionState vehicle="4" speed="4664" time="5870" acceleration="335"/>
    <motionState vehicle="0" speed="4664" time="5880" acceleration="331"/>
    <motionState vehicle="1" speed="4664" time="5880" acceleration="331"/>
    <motionState vehicle="2" speed="4664" time="5880" acceleration="331"/>
    <motionState vehicle="3" speed="4664" time="5880" acceleration="331"/>
    <motionState vehicle="4" speed="4664" time="5880" acceleration="331"/>
    <motionState vehicle="0" speed="4664" time="5890" acceleration="328"/>
    <motionState vehicle="1" speed="4664" time="5890" acceleration="328"/>
    <motionState vehicle="2" speed="4664" time="5890" acceleration="328"/>
    <motionState vehicle="3" speed="4664" time="5890" acceleration="328"/>
    <motionState vehicle="4" speed="4664" time="5890" acceleration="328"/>
    <motionState vehicle="0" speed="4665" time="5900" acceleration="325"/>
    <motionState vehicle="1" speed="4665" time="5900" acceleration="325"/>
    <motionState vehicle="2" speed="4665" time="5900" acceleration="325"/>
    <motionState vehicle="3" speed="4665" time="5900" acceleration="325"/>
    <motionState vehicle="4" speed="4665" time="5900" acceleration="325"/>
    <motionState vehicle="0" speed="4665" time="5910" acceleration="323"/>
    <motionState vehicle="1" speed="4665" time="5910" acceleration="323"/>
    <motionState vehicle="2" speed="4665" time="5910" acceleration="323"/>
    <motionState vehicle="3" speed="4665" time="5910" acceleration="323"/>
    <motionState vehicle="4" speed="4665" time="5910" acceleration="323"/>
    <motionState vehicle="0" speed="4665" time="5920" acceleration="320"/>
    <motionState vehicle="1" speed="4665" time="5920" acceleration="320"/>
    <motionState vehicle="2" speed="4665" time="5920" acceleration="320"/>
    <motionState vehicle="3" speed="4665" time="5920" acceleration="320"/>
    <motionState vehicle="4" speed="4665" time="5920" acceleration="320"/>
    <motionState vehicle="0" speed="4665" time="5930" acceleration="317"/>
    <motionState vehicle="1" speed="4665" time="5930" acceleration="317"/>
    <motionState vehicle="2" speed="4665" time="5930" acceleration="317"/>
    <motionState vehicle="3" speed="4665" time="5930" acceleration="317"/>
    <motionState vehicle="4" speed="4665" time="5930" acceleration="317"/>
    <motionState vehicle="0" speed="4666" time="5940" acceleration="314"/>
    <motionState vehicle="1" speed="4666" time="5940" acceleration="314"/>
    <motionState vehicle="2" speed="4666" time="5940" acceleration="314"/>
    <motionState vehicle="3" speed="4666" time="5940" acceleration="314"/>
    <motionState vehicle="4" speed="4666" time="5940" acceleration="314"/>
    <motionState vehicle="0" speed="4666" time="5950" acceleration="311"/>
    <motionState vehicle="1" speed="4666" time="5950" acceleration="311"/>
    <motionState vehicle="2" speed="4666" time="5950" acceleration="311"/>
    <motionState vehicle="3" speed="4666" time="5950" acceleration="311"/>
    <motionState vehicle="4" speed="4666" time="5950" acceleration="311"/>
    <motionState vehicle="0" speed="4666" time="5960" acceleration="308"/>
    <motionState vehicle="1" speed="4666" time="5960" acceleration="308"/>
    <motionState vehicle="2" speed="4666" time="5960" acceleration="308"/>
    <motionState vehicle="3" speed="4666" time="5960" acceleration="308"/>
    <motionState vehicle="4" speed="4666" time="5960" acceleration="308"/>
    <motionState vehicle="0" speed="4667" time="5970" acceleration="305"/>
    <motionState vehicle="1" speed="4667" time="5970" acceleration="305"/>
    <motionState vehicle="2" speed="4667" time="5970" acceleration="305"/>
    <motionState vehicle="3" speed="4667" time="5970" acceleration="305"/>
    <motionState vehicle="4" speed="4667" time="5970" acceleration="305"/>
    <motionState vehicle="0" speed="4667" time="5980" acceleration="303"/>
    <motionState vehicle="1" speed="4667" time="5980" acceleration="303"/>
    <motionState vehicle="2" speed="4667" time="5980" acceleration="303"/>
    <motionState vehicle="3" speed="4667" time="5980" acceleration="303"/>
    <motionState vehicle="4" speed="4667" time="5980" acceleration="303"/>
    <motionState vehicle="0" speed="4667" time="5990" acceleration="300"/>
    <motionState vehicle="1" speed="4667" time="5990" acceleration="300"/>
    <motionState vehicle="2" speed="4667" time="5990" acceleration="300"/>
    <motionState vehicle="3" speed="4667" time="5990" acceleration="300"/>
    <motionState vehicle="4" speed="4667" time="5990" acceleration="300"/>
    <motionState vehicle="0" speed="4668" time="6000" acceleration="297"/>
    <motionState vehicle="1" speed="4668" time="6000" acceleration="297"/>
    <motionState vehicle="2" speed="4668" time="6000" acceleration="297"/>
    <motionState vehicle="3" speed="4668" time="6000" acceleration="297"/>
    <motionState vehicle="4" speed="4668" time="6000" acceleration="297"/>
    <motionState vehicle="0" speed="4668" time="6010" acceleration="294"/>
    <motionState vehicle="1" speed="4668" time="6010" acceleration="294"/>
    <motionState vehicle="2" speed="4668" time="6010" acceleration="294"/>
    <motionState vehicle="3" speed="4668" time="6010" acceleration="294"/>
    <motionState vehicle="4" speed="4668" time="6010" acceleration="294"/>
    <motionState vehicle="0" speed="4668" time="6020" acceleration="292"/>
    <motionState vehicle="1" speed="4668" time="6020" acceleration="292"/>
    <motionState vehicle="2" speed="4668" time="6020" acceleration="292"/>
    <motionState vehicle="3" speed="4668" time="6020" acceleration="292"/>
    <motionState vehicle="4" speed="4668" time="6020" acceleration="292"/>
    <motionState vehicle="0" speed="4668" time="6030" acceleration="289"/>
    <motionState vehicle="1" speed="4668" time="6030" acceleration="289"/>
    <motionState vehicle="2" speed="4668" time="6030" acceleration="289"/>
    <motionState vehicle="3" speed="4668" time="6030" acceleration="289"/>
    <motionState vehicle="4" speed="4668" time="6030" acceleration="289"/>
    <motionState vehicle="0" speed="4669" time="6040" acceleration="286"/>
    <motionState vehicle="1" speed="4669" time="6040" acceleration="286"/>
    <motionState vehicle="2" speed="4669" time="6040" acceleration="286"/>
    <motionState vehicle="3" speed="4669" time="6040" acceleration="286"/>
    <motionState vehicle="4" speed="4669" time="6040" acceleration="286"/>
    <motionState vehicle="0" speed="4669" time="6050" acceleration="284"/>
    <motionState vehicle="1" speed="4669" time="6050" acceleration="284"/>
    <motionState vehicle="2" speed="4669" time="6050" acceleration="284"/>
    <motionState vehicle="3" speed="4669" time="6050" acceleration="284"/>
    <motionState vehicle="4" speed="4669" time="6050" acceleration="284"/>
    <motionState vehicle="0" speed="4669" time="6060" acceleration="281"/>
    <motionState vehicle="1" speed="4669" time="6060" acceleration="281"/>
    <motionState vehicle="2" speed="4669" time="6060" acceleration="281"/>
    <motionState vehicle="3" speed="4669" time="6060" acceleration="281"/>
    <motionState vehicle="4" speed="4669" time="6060" acceleration="281"/>
    <motionState vehicle="0" speed="4670" time="6070" acceleration="279"/>
    <motionState vehicle="1" speed="4670" time="6070" acceleration="279"/>
    <motionState vehicle="2" speed="4670" time="6070" acceleration="279"/>
    <motionState vehicle="3" speed="4670" time="6070" acceleration="279"/>
    <motionState vehicle="4" speed="4670" time="6070" acceleration="279"/>
    <motionState vehicle="0" speed="4670" time="6080" acceleration="276"/>
    <motionState vehicle="1" speed="4670" time="6080" acceleration="276"/>
    <motionState vehicle="2" speed="4670" time="6080" acceleration="276"/>
    <motionState vehicle="3" speed="4670" time="6080" acceleration="276"/>
    <motionState vehicle="4" speed="4670" time="6080" acceleration="276"/>
    <motionState vehicle="0" speed="4670" time="6090" acceleration="274"/>
    <motionState vehicle="1" speed="4670" time="6090" acceleration="274"/>
    <motionState vehicle="2" speed="4670" time="6090" acceleration="274"/>
    <motionState vehicle="3" speed="4670" time="6090" acceleration="274"/>
    <motionState vehicle="4" speed="4670" time="6090" acceleration="274"/>
    <motionState vehicle="0" speed="4670" time="6100" acceleration="271"/>
    <motionState vehicle="1" speed="4670" time="6100" acceleration="271"/>
    <motionState vehicle="2" speed="4670" time="6100" acceleration="271"/>
    <motionState vehicle="3" speed="4670" time="6100" acceleration="271"/>
    <motionState vehicle="4" speed="4670" time="6100" acceleration="271"/>
    <motionState vehicle="0" speed="4671" time="6110" acceleration="269"/>
    <motionState vehicle="1" speed="4671" time="6110" acceleration="269"/>
    <motionState vehicle="2" speed="4671" time="6110" acceleration="269"/>
    <motionState vehicle="3" speed="4671" time="6110" acceleration="269"/>
    <motionState vehicle="4" speed="4671" time="6110" acceleration="269"/>
    <motionState vehicle="0" speed="4671" time="6120" acceleration="266"/>
    <motionState vehicle="1" speed="4671" time="6120" acceleration="266"/>
    <motionState vehicle="2" speed="4671" time="6120" acceleration="266"/>
    <motionState vehicle="3" speed="4671" time="6120" acceleration="266"/>
    <motionState vehicle="4" speed="4671" time="6120" acceleration="266"/>
    <motionState vehicle="0" speed="4671" time="6130" acceleration="264"/>
    <motionState vehicle="1" speed="4671" time="6130" acceleration="264"/>
    <motionState vehicle="2" speed="4671" time="6130" acceleration="264"/>
    <motionState vehicle="3" speed="4671" time="6130" acceleration="264"/>
    <motionState vehicle="4" speed="4671" time="6130" acceleration="264"/>
    <motionState vehicle="0" speed="4672" time="6140" acceleration="261"/>
    <motionState vehicle="1" speed="4672" time="6140" acceleration="261"/>
    <motionState vehicle="2" speed="4672" time="6140" acceleration="261"/>
    <motionState vehicle="3" speed="4672" time="6140" acceleration="261"/>
    <motionState vehicle="4" speed="4672" time="6140" acceleration="261"/>
    <motionState vehicle="0" speed="4672" time="6150" acceleration="259"/>
    <motionState vehicle="1" speed="4672" time="6150" acceleration="259"/>
    <motionState vehicle="2" speed="4672" time="6150" acceleration="259"/>
    <motionState vehicle="3" speed="4672" time="6150" acceleration="259"/>
    <motionState vehicle="4" speed="4672" time="6150" acceleration="259"/>
    <motionState vehicle="0" speed="4672" time="6160" acceleration="257"/>
    <motionState vehicle="1" speed="4672" time="6160" acceleration="257"/>
    <motionState vehicle="2" speed="4672" time="6160" acceleration="257"/>
    <motionState vehicle="3" speed="4672" time="6160" acceleration="257"/>
    <motionState vehicle="4" speed="4672" time="6160" acceleration="257"/>
    <motionState vehicle="0" speed="4672" time="6170" acceleration="254"/>
    <motionState vehicle="1" speed="4672" time="6170" acceleration="254"/>
    <motionState vehicle="2" speed="4672" time="6170" acceleration="254"/>
    <motionState vehicle="3" speed="4672" time="6170" acceleration="254"/>
    <motionState vehicle="4" speed="4672" time="6170" acceleration="254"/>
    <motionState vehicle="0" speed="4673" time="6180" acceleration="252"/>
    <motionState vehicle="1" speed="4673" time="6180" acceleration="252"/>
    <motionState vehicle="2" speed="4673" time="6180" acceleration="252"/>
    <motionState vehicle="3" speed="4673" time="6180" acceleration="252"/>
    <motionState vehicle="4" speed="4673" time="6180" acceleration="252"/>
    <motionState vehicle="0" speed="4673" time="6190" acceleration="250"/>
    <motionState vehicle="1" speed="4673" time="6190" acceleration="250"/>
    <motionState vehicle="2" speed="4673" time="6190" acceleration="250"/>
    <motionState vehicle="3" speed="4673" time="6190" acceleration="250"/>
    <motionState vehicle="4" speed="4673" time="6190" acceleration="250"/>
    <motionState vehicle="0" speed="4673" time="6200" acceleration="247"/>
    <motionState vehicle="1" speed="4673" time="6200" acceleration="247"/>
    <motionState vehicle="2" speed="4673" time="6200" acceleration="247"/>
    <motionState vehicle="3" speed="4673" time="6200" acceleration="247"/>
    <motionState vehicle="4" speed="4673" time="6200" acceleration="247"/>
    <motionState vehicle="0" speed="4673" time="6210" acceleration="245"/>
    <motionState vehicle="1" speed="4673" time="6210" acceleration="245"/>
    <motionState vehicle="2" speed="4673" time="6210" acceleration="245"/>
    <motionState vehicle="3" speed="4673" time="6210" acceleration="245"/>
    <motionState vehicle="4" speed="4673" time="6210" acceleration="245"/>
    <motionState vehicle="0" speed="4674" time="6220" acceleration="243"/>
    <motionState vehicle="1" speed="4674" time="6220" acceleration="243"/>
    <motionState vehicle="2" speed="4674" time="6220" acceleration="243"/>
    <motionState vehicle="3" speed="4674" time="6220" acceleration="243"/>
    <motionState vehicle="4" speed="4674" time="6220" acceleration="243"/>
    <motionState vehicle="0" speed="4674" time="6230" acceleration="241"/>
    <motionState vehicle="1" speed="4674" time="6230" acceleration="241"/>
    <motionState vehicle="2" speed="4674" time="6230" acceleration="241"/>
    <motionState vehicle="3" speed="4674" time="6230" acceleration="241"/>
    <motionState vehicle="4" speed="4674" time="6230" acceleration="241"/>
    <motionState vehicle="0" speed="4674" time="6240" acceleration="239"/>
    <motionState vehicle="1" speed="4674" time="6240" acceleration="239"/>
    <motionState vehicle="2" speed="4674" time="6240" acceleration="239"/>
    <motionState vehicle="3" speed="4674" time="6240" acceleration="239"/>
    <motionState vehicle="4" speed="4674" time="6240" acceleration="239"/>
    <motionState vehicle="0" speed="4674" time="6250" acceleration="236"/>
    <motionState vehicle="1" speed="4674" time="6250" acceleration="236"/>
    <motionState vehicle="2" speed="4674" time="6250" acceleration="236"/>
    <motionState vehicle="3" speed="4674" time="6250" acceleration="236"/>
    <motionState vehicle="4" speed="4674" time="6250" acceleration="236"/>
    <motionState vehicle="0" speed="4674" time="6260" acceleration="234"/>
    <motionState vehicle="1" speed="4674" time="6260" acceleration="234"/>
    <motionState vehicle="2" speed="4674" time="6260" acceleration="234"/>
    <motionState vehicle="3" speed="4674" time="6260" acceleration="234"/>
    <motionState vehicle="4" speed="4674" time="6260" acceleration="234"/>
    <motionState vehicle="0" speed="4675" time="6270" acceleration="232"/>
    <motionState vehicle="1" speed="4675" time="6270" acceleration="232"/>
    <motionState vehicle="2" speed="4675" time="6270" acceleration="232"/>
    <motionState vehicle="3" speed="4675" time="6270" acceleration="232"/>
    <motionState vehicle="4" speed="4675" time="6270" acceleration="232"/>
    <motionState vehicle="0" speed="4675" time="6280" acceleration="230"/>
    <motionState vehicle="1" speed="4675" time="6280" acceleration="230"/>
    <motionState vehicle="2" speed="4675" time="6280" acceleration="230"/>
    <motionState vehicle="3" speed="4675" time="6280" acceleration="230"/>
    <motionState vehicle="4" speed="4675" time="6280" acceleration="230"/>
    <motionState vehicle="0" speed="4675" time="6290" acceleration="228"/>
    <motionState vehicle="1" speed="4675" time="6290" acceleration="228"/>
    <motionState vehicle="2" speed="4675" time="6290" acceleration="228"/>
    <motionState vehicle="3" speed="4675" time="6290" acceleration="228"/>
    <motionState vehicle="4" speed="4675" time="6290" acceleration="228"/>
    <motionState vehicle="0" speed="4675" time="6300" acceleration="226"/>
    <motionState vehicle="1" speed="4675" time="6300" acceleration="226"/>
    <motionState vehicle="2" speed="4675" time="6300" acceleration="226"/>
    <motionState vehicle="3" speed="4675" time="6300" acceleration="226"/>
    <motionState vehicle="4" speed="4675" time="6300" acceleration="226"/>
    <motionState vehicle="0" speed="4676" time="6310" acceleration="224"/>
    <motionState vehicle="1" speed="4676" time="6310" acceleration="224"/>
    <motionState vehicle="2" speed="4676" time="6310" acceleration="224"/>
    <motionState vehicle="3" speed="4676" time="6310" acceleration="224"/>
    <motionState vehicle="4" speed="4676" time="6310" acceleration="224"/>
    <motionState vehicle="0" speed="4676" time="6320" acceleration="222"/>
    <motionState vehicle="1" speed="4676" time="6320" acceleration="222"/>
    <motionState vehicle="2" speed="4676" time="6320" acceleration="222"/>
    <motionState vehicle="3" speed="4676" time="6320" acceleration="222"/>
    <motionState vehicle="4" speed="4676" time="6320" acceleration="222"/>
    <motionState vehicle="0" speed="4676" time="6330" acceleration="220"/>
    <motionState vehicle="1" speed="4676" time="6330" acceleration="220"/>
    <motionState vehicle="2" speed="4676" time="6330" acceleration="220"/>
    <motionState vehicle="3" speed="4676" time="6330" acceleration="220"/>
    <motionState vehicle="4" speed="4676" time="6330" acceleration="220"/>
    <motionState vehicle="0" speed="4676" time="6340" acceleration="218"/>
    <motionState vehicle="1" speed="4676" time="6340" acceleration="218"/>
    <motionState vehicle="2" speed="4676" time="6340" acceleration="218"/>
    <motionState vehicle="3" speed="4676" time="6340" acceleration="218"/>
    <motionState vehicle="4" speed="4676" time="6340" acceleration="218"/>
    <motionState vehicle="0" speed="4676" time="6350" acceleration="216"/>
    <motionState vehicle="1" speed="4676" time="6350" acceleration="216"/>
    <motionState vehicle="2" speed="4676" time="6350" acceleration="216"/>
    <motionState vehicle="3" speed="4676" time="6350" acceleration="216"/>
    <motionState vehicle="4" speed="4676" time="6350" acceleration="216"/>
    <motionState vehicle="0" speed="4677" time="6360" acceleration="214"/>
    <motionState vehicle="1" speed="4677" time="6360" acceleration="214"/>
    <motionState vehicle="2" speed="4677" time="6360" acceleration="214"/>
    <motionState vehicle="3" speed="4677" time="6360" acceleration="214"/>
    <motionState vehicle="4" speed="4677" time="6360" acceleration="214"/>
    <motionState vehicle="0" speed="4677" time="6370" acceleration="212"/>
    <motionState vehicle="1" speed="4677" time="6370" acceleration="212"/>
    <motionState vehicle="2" speed="4677" time="6370" acceleration="212"/>
    <motionState vehicle="3" speed="4677" time="6370" acceleration="212"/>
    <motionState vehicle="4" speed="4677" time="6370" acceleration="212"/>
    <motionState vehicle="0" speed="4677" time="6380" acceleration="210"/>
    <motionState vehicle="1" speed="4677" time="6380" acceleration="210"/>
    <motionState vehicle="2" speed="4677" time="6380" acceleration="210"/>
    <motionState vehicle="3" speed="4677" time="6380" acceleration="210"/>
    <motionState vehicle="4" speed="4677" time="6380" acceleration="210"/>
    <motionState vehicle="0" speed="4677" time="6390" acceleration="208"/>
    <motionState vehicle="1" speed="4677" time="6390" acceleration="208"/>
    <motionState vehicle="2" speed="4677" time="6390" acceleration="208"/>
    <motionState vehicle="3" speed="4677" time="6390" acceleration="208"/>
    <motionState vehicle="4" speed="4677" time="6390" acceleration="208"/>
    <motionState vehicle="0" speed="4678" time="6400" acceleration="206"/>
    <motionState vehicle="1" speed="4678" time="6400" acceleration="206"/>
    <motionState vehicle="2" speed="4678" time="6400" acceleration="206"/>
    <motionState vehicle="3" speed="4678" time="6400" acceleration="206"/>
    <motionState vehicle="4" speed="4678" time="6400" acceleration="206"/>
    <motionState vehicle="0" speed="4678" time="6410" acceleration="204"/>
    <motionState vehicle="1" speed="4678" time="6410" acceleration="204"/>
    <motionState vehicle="2" speed="4678" time="6410" acceleration="204"/>
    <motionState vehicle="3" speed="4678" time="6410" acceleration="204"/>
    <motionState vehicle="4" speed="4678" time="6410" acceleration="204"/>
    <motionState vehicle="0" speed="4678" time="6420" acceleration="202"/>
    <motionState vehicle="1" speed="4678" time="6420" acceleration="202"/>
    <motionState vehicle="2" speed="4678" time="6420" acceleration="202"/>
    <motionState vehicle="3" speed="4678" time="6420" acceleration="202"/>
    <motionState vehicle="4" speed="4678" time="6420" acceleration="202"/>
    <motionState vehicle="0" speed="4678" time="6430" acceleration="201"/>
    <motionState vehicle="1" speed="4678" time="6430" acceleration="201"/>
    <motionState vehicle="2" speed="4678" time="6430" acceleration="201"/>
    <motionState vehicle="3" speed="4678" time="6430" acceleration="201"/>
    <motionState vehicle="4" speed="4678" time="6430" acceleration="201"/>
    <motionState vehicle="0" speed="4678" time="6440" acceleration="199"/>
    <motionState vehicle="1" speed="4678" time="6440" acceleration="199"/>
    <motionState vehicle="2" speed="4678" time="6440" acceleration="199"/>
    <motionState vehicle="3" speed="4678" time="6440" acceleration="199"/>
    <motionState vehicle="4" speed="4678" time="6440" acceleration="199"/>
    <motionState vehicle="0" speed="4679" time="6450" acceleration="197"/>
    <motionState vehicle="1" speed="4679" time="6450" acceleration="197"/>
    <motionState vehicle="2" speed="4679" time="6450" acceleration="197"/>
    <motionState vehicle="3" speed="4679" time="6450" acceleration="197"/>
    <motionState vehicle="4" speed="4679" time="6450" acceleration="197"/>
    <motionState vehicle="0" speed="4679" time="6460" acceleration="195"/>
    <motionState vehicle="1" speed="4679" time="6460" acceleration="195"/>
    <motionState vehicle="2" speed="4679" time="6460" acceleration="195"/>
    <motionState vehicle="3" speed="4679" time="6460" acceleration="195"/>
    <motionState vehicle="4" speed="4679" time="6460" acceleration="195"/>
    <motionState vehicle="0" speed="4679" time="6470" acceleration="193"/>
    <motionState vehicle="1" speed="4679" time="6470" acceleration="193"/>
    <motionState vehicle="2" speed="4679" time="6470" acceleration="193"/>
    <motionState vehicle="3" speed="4679" time="6470" acceleration="193"/>
    <motionState vehicle="4" speed="4679" time="6470" acceleration="193"/>
    <motionState vehicle="0" speed="4679" time="6480" acceleration="192"/>
    <motionState vehicle="1" speed="4679" time="6480" acceleration="192"/>
    <motionState vehicle="2" speed="4679" time="6480" acceleration="192"/>
    <motionState vehicle="3" speed="4679" time="6480" acceleration="192"/>
    <motionState vehicle="4" speed="4679" time="6480" acceleration="192"/>
    <motionState vehicle="0" speed="4679" time="6490" acceleration="190"/>
    <motionState vehicle="1" speed="4679" time="6490" acceleration="190"/>
    <motionState vehicle="2" speed="4679" time="6490" acceleration="190"/>
    <motionState vehicle="3" speed="4679" time="6490" acceleration="190"/>
    <motionState vehicle="4" speed="4679" time="6490" acceleration="190"/>
    <motionState vehicle="0" speed="4679" time="6500" acceleration="188"/>
    <motionState vehicle="1" speed="4679" time="6500" acceleration="188"/>
    <motionState vehicle="2" speed="4679" time="6500" acceleration="188"/>
    <motionState vehicle="3" speed="4679" time="6500" acceleration="188"/>
    <motionState vehicle="4" speed="4679" time="6500" acceleration="188"/>
    <motionState vehicle="0" speed="4680" time="6510" acceleration="186"/>
    <motionState vehicle="1" speed="4680" time="6510" acceleration="186"/>
    <motionState vehicle="2" speed="4680" time="6510" acceleration="186"/>
    <motionState vehicle="3" speed="4680" time="6510" acceleration="186"/>
    <motionState vehicle="4" speed="4680" time="6510" acceleration="186"/>
    <motionState vehicle="0" speed="4680" time="6520" acceleration="185"/>
    <motionState vehicle="1" speed="4680" time="6520" acceleration="185"/>
    <motionState vehicle="2" speed="4680" time="6520" acceleration="185"/>
    <motionState vehicle="3" speed="4680" time="6520" acceleration="185"/>
    <motionState vehicle="4" speed="4680" time="6520" acceleration="185"/>
    <motionState vehicle="0" speed="4680" time="6530" acceleration="183"/>
    <motionState vehicle="1" speed="4680" time="6530" acceleration="183"/>
    <motionState vehicle="2" speed="4680" time="6530" acceleration="183"/>
    <motionState vehicle="3" speed="4680" time="6530" acceleration="183"/>
    <motionState vehicle="4" speed="4680" time="6530" acceleration="183"/>
    <motionState vehicle="0" speed="4680" time="6540" acceleration="181"/>
    <motionState vehicle="1" speed="4680" time="6540" acceleration="181"/>
    <motionState vehicle="2" speed="4680" time="6540" acceleration="181"/>
    <motionState vehicle="3" speed="4680" time="6540" acceleration="181"/>
    <motionState vehicle="4" speed="4680" time="6540" acceleration="181"/>
    <motionState vehicle="0" speed="4680" time="6550" acceleration="180"/>
    <motionState vehicle="1" speed="4680" time="6550" acceleration="180"/>
    <motionState vehicle="2" speed="4680" time="6550" acceleration="180"/>
    <motionState vehicle="3" speed="4680" time="6550" acceleration="180"/>
    <motionState vehicle="4" speed="4680" time="6550" acceleration="180"/>
    <motionState vehicle="0" speed="4681" time="6560" acceleration="178"/>
    <motionState vehicle="1" speed="4681" time="6560" acceleration="178"/>
    <motionState vehicle="2" speed="4681" time="6560" acceleration="178"/>
    <motionState vehicle="3" speed="4681" time="6560" acceleration="178"/>
    <motionState vehicle="4" speed="4681" time="6560" acceleration="178"/>
    <motionState vehicle="0" speed="4681" time="6570" acceleration="177"/>
    <motionState vehicle="1" speed="4681" time="6570" acceleration="177"/>
    <motionState vehicle="2" speed="4681" time="6570" acceleration="177"/>
    <motionState vehicle="3" speed="4681" time="6570" acceleration="177"/>
    <motionState vehicle="4" speed="4681" time="6570" acceleration="177"/>
    <motionState vehicle="0" speed="4681" time="6580" acceleration="175"/>
    <motionState vehicle="1" speed="4681" time="6580" acceleration="175"/>
    <motionState vehicle="2" speed="4681" time="6580" acceleration="175"/>
    <motionState vehicle="3" speed="4681" time="6580" acceleration="175"/>
    <motionState vehicle="4" speed="4681" time="6580" acceleration="175"/>
    <motionState vehicle="0" speed="4681" time="6590" acceleration="173"/>
    <motionState vehicle="1" speed="4681" time="6590" acceleration="173"/>
    <motionState vehicle="2" speed="4681" time="6590" acceleration="173"/>
    <motionState vehicle="3" speed="4681" time="6590" acceleration="173"/>
    <motionState vehicle="4" speed="4681" time="6590" acceleration="173"/>
    <motionState vehicle="0" speed="4681" time="6600" acceleration="172"/>
    <motionState vehicle="1" speed="4681" time="6600" acceleration="172"/>
    <motionState vehicle="2" speed="4681" time="6600" acceleration="172"/>
    <motionState vehicle="3" speed="4681" time="6600" acceleration="172"/>
    <motionState vehicle="4" speed="4681" time="6600" acceleration="172"/>
    <motionState vehicle="0" speed="4681" time="6610" acceleration="170"/>
    <motionState vehicle="1" speed="4681" time="6610" acceleration="170"/>
    <motionState vehicle="2" speed="4681" time="6610" acceleration="170"/>
    <motionState vehicle="3" speed="4681" time="6610" acceleration="170"/>
    <motionState vehicle="4" speed="4681" time="6610" acceleration="170"/>
    <motionState vehicle="0" speed="4682" time="6620" acceleration="169"/>
    <motionState vehicle="1" speed="4682" time="6620" acceleration="169"/>
    <motionState vehicle="2" speed="4682" time="6620" acceleration="169"/>
    <motionState vehicle="3" speed="4682" time="6620" acceleration="169"/>
    <motionState vehicle="4" speed="4682" time="6620" acceleration="169"/>
    <motionState vehicle="0" speed="4682" time="6630" acceleration="167"/>
    <motionState vehicle="1" speed="4682" time="6630" acceleration="167"/>
    <motionState vehicle="2" speed="4682" time="6630" acceleration="167"/>
    <motionState vehicle="3" speed="4682" time="6630" acceleration="167"/>
    <motionState vehicle="4" speed="4682" time="6630" acceleration="167"/>
    <motionState vehicle="0" speed="4682" time="6640" acceleration="166"/>
    <motionState vehicle="1" speed="4682" time="6640" acceleration="166"/>
    <motionState vehicle="2" speed="4682" time="6640" acceleration="166"/>
    <motionState vehicle="3" speed="4682" time="6640" acceleration="166"/>
    <motionState vehicle="4" speed="4682" time="6640" acceleration="166"/>
    <motionState vehicle="0" speed="4682" time="6650" acceleration="164"/>
    <motionState vehicle="1" speed="4682" time="6650" acceleration="164"/>
    <motionState vehicle="2" speed="4682" time="6650" acceleration="164"/>
    <motionState vehicle="3" speed="4682" time="6650" acceleration="164"/>
    <motionState vehicle="4" speed="4682" time="6650" acceleration="164"/>
    <motionState vehicle="0" speed="4682" time="6660" acceleration="163"/>
    <motionState vehicle="1" speed="4682" time="6660" acceleration="163"/>
    <motionState vehicle="2" speed="4682" time="6660" acceleration="163"/>
    <motionState vehicle="3" speed="4682" time="6660" acceleration="163"/>
    <motionState vehicle="4" speed="4682" time="6660" acceleration="163"/>
    <motionState vehicle="0" speed="4682" time="6670" acceleration="161"/>
    <motionState vehicle="1" speed="4682" time="6670" acceleration="161"/>
    <motionState vehicle="2" speed="4682" time="6670" acceleration="161"/>
    <motionState vehicle="3" speed="4682" time="6670" acceleration="161"/>
    <motionState vehicle="4" speed="4682" time="6670" acceleration="161"/>
    <motionState vehicle="0" speed="4683" time="6680" acceleration="160"/>
    <motionState vehicle="1" speed="4683" time="6680" acceleration="160"/>
    <motionState vehicle="2" speed="4683" time="6680" acceleration="160"/>
    <motionState vehicle="3" speed="4683" time="6680" acceleration="160"/>
    <motionState vehicle="4" speed="4683" time="6680" acceleration="160"/>
    <motionState vehicle="0" speed="4683" time="6690" acceleration="158"/>
    <motionState vehicle="1" speed="4683" time="6690" acceleration="158"/>
    <motionState vehicle="2" speed="4683" time="6690" acceleration="158"/>
    <motionState vehicle="3" speed="4683" time="6690" acceleration="158"/>
    <motionState vehicle="4" speed="4683" time="6690" acceleration="158"/>
    <motionState vehicle="0" speed="4683" time="6700" acceleration="157"/>
    <motionState vehicle="1" speed="4683" time="6700" acceleration="157"/>
    <motionState vehicle="2" speed="4683" time="6700" acceleration="157"/>
    <motionState vehicle="3" speed="4683" time="6700" acceleration="157"/>
    <motionState vehicle="4" speed="4683" time="6700" acceleration="157"/>
    <motionState vehicle="0" speed="4683" time="6710" acceleration="155"/>
    <motionState vehicle="1" speed="4683" time="6710" acceleration="155"/>
    <motionState vehicle="2" speed="4683" time="6710" acceleration="155"/>
    <motionState vehicle="3" speed="4683" time="6710" acceleration="155"/>
    <motionState vehicle="4" speed="4683" time="6710" acceleration="155"/>
    <motionState vehicle="0" speed="4683" time="6720" acceleration="154"/>
    <motionState vehicle="1" speed="4683" time="6720" acceleration="154"/>
    <motionState vehicle="2" speed="4683" time="6720" acceleration="154"/>
    <motionState vehicle="3" speed="4683" time="6720" acceleration="154"/>
    <motionState vehicle="4" speed="4683" time="6720" acceleration="154"/>
    <motionState vehicle="0" speed="4683" time="6730" acceleration="153"/>
    <motionState vehicle="1" speed="4683" time="6730" acceleration="153"/>
    <motionState vehicle="2" speed="4683" time="6730" acceleration="153"/>
    <motionState vehicle="3" speed="4683" time="6730" acceleration="153"/>
    <motionState vehicle="4" speed="4683" time="6730" acceleration="153"/>
    <motionState vehicle="0" speed="4684" time="6740" acceleration="151"/>
    <motionState vehicle="1" speed="4684" time="6740" acceleration="151"/>
    <motionState vehicle="2" speed="4684" time="6740" acceleration="151"/>
    <motionState vehicle="3" speed="4684" time="6740" acceleration="151"/>
    <motionState vehicle="4" speed="4684" time="6740" acceleration="151"/>
    <motionState vehicle="0" speed="4684" time="6750" acceleration="150"/>
    <motionState vehicle="1" speed="4684" time="6750" acceleration="150"/>
    <motionState vehicle="2" speed="4684" time="6750" acceleration="150"/>
    <motionState vehicle="3" speed="4684" time="6750" acceleration="150"/>
    <motionState vehicle="4" speed="4684" time="6750" acceleration="150"/>
    <motionState vehicle="0" speed="4684" time="6760" acceleration="148"/>
    <motionState vehicle="1" speed="4684" time="6760" acceleration="148"/>
    <motionState vehicle="2" speed="4684" time="6760" acceleration="148"/>
    <motionState vehicle="3" speed="4684" time="6760" acceleration="148"/>
    <motionState vehicle="4" speed="4684" time="6760" acceleration="148"/>
    <motionState vehicle="0" speed="4684" time="6770" acceleration="147"/>
    <motionState vehicle="1" speed="4684" time="6770" acceleration="147"/>
    <motionState vehicle="2" speed="4684" time="6770" acceleration="147"/>
    <motionState vehicle="3" speed="4684" time="6770" acceleration="147"/>
    <motionState vehicle="4" speed="4684" time="6770" acceleration="147"/>
    <motionState vehicle="0" speed="4684" time="6780" acceleration="146"/>
    <motionState vehicle="1" speed="4684" time="6780" acceleration="146"/>
    <motionState vehicle="2" speed="4684" time="6780" acceleration="146"/>
    <motionState vehicle="3" speed="4684" time="6780" acceleration="146"/>
    <motionState vehicle="4" speed="4684" time="6780" acceleration="146"/>
    <motionState vehicle="0" speed="4684" time="6790" acceleration="144"/>
    <motionState vehicle="1" speed="4684" time="6790" acceleration="144"/>
    <motionState vehicle="2" speed="4684" time="6790" acceleration="144"/>
    <motionState vehicle="3" speed="4684" time="6790" acceleration="144"/>
    <motionState vehicle="4" speed="4684" time="6790" acceleration="144"/>
    <motionState vehicle="0" speed="4684" time="6800" acceleration="143"/>
    <motionState vehicle="1" speed="4684" time="6800" acceleration="143"/>
    <motionState vehicle="2" speed="4684" time="6800" acceleration="143"/>
    <motionState vehicle="3" speed="4684" time="6800" acceleration="143"/>
    <motionState vehicle="4" speed="4684" time="6800" acceleration="143"/>
    <motionState vehicle="0" speed="4685" time="6810" acceleration="142"/>
    <motionState vehicle="1" speed="4685" time="6810" acceleration="142"/>
    <motionState vehicle="2" speed="4685" time="6810" acceleration="142"/>
    <motionState vehicle="3" speed="4685" time="6810" acceleration="142"/>
    <motionState vehicle="4" speed="4685" time="6810" acceleration="142"/>
    <motionState vehicle="0" speed="4685" time="6820" acceleration="140"/>
    <motionState vehicle="1" speed="4685" time="6820" acceleration="140"/>
    <motionState vehicle="2" speed="4685" time="6820" acceleration="140"/>
    <motionState vehicle="3" speed="4685" time="6820" acceleration="140"/>
    <motionState vehicle="4" speed="4685" time="6820" acceleration="140"/>
    <motionState vehicle="0" speed="4685" time="6830" acceleration="139"/>
    <motionState vehicle="1" speed="4685" time="6830" acceleration="139"/>
    <motionState vehicle="2" speed="4685" time="6830" acceleration="139"/>
    <motionState vehicle="3" speed="4685" time="6830" acceleration="139"/>
    <motionState vehicle="4" speed="4685" time="6830" acceleration="139"/>
    <motionState vehicle="0" speed="4685" time="6840" acceleration="138"/>
    <motionState vehicle="1" speed="4685" time="6840" acceleration="138"/>
    <motionState vehicle="2" speed="4685" time="6840" acceleration="138"/>
    <motionState vehicle="3" speed="4685" time="6840" acceleration="138"/>
    <motionState vehicle="4" speed="4685" time="6840" acceleration="138"/>
    <motionState vehicle="0" speed="4685" time="6850" acceleration="137"/>
    <motionState vehicle="1" speed="4685" time="6850" acceleration="137"/>
    <motionState vehicle="2" speed="4685" time="6850" acceleration="137"/>
    <motionState vehicle="3" speed="4685" time="6850" acceleration="137"/>
    <motionState vehicle="4" speed="4685" time="6850" acceleration="137"/>
    <motionState vehicle="0" speed="4685" time="6860" acceleration="135"/>
    <motionState vehicle="1" speed="4685" time="6860" acceleration="135"/>
    <motionState vehicle="2" speed="4685" time="6860" acceleration="135"/>
    <motionState vehicle="3" speed="4685" time="6860" acceleration="135"/>
    <motionState vehicle="4" speed="4685" time="6860" acceleration="135"/>
    <motionState vehicle="0" speed="4685" time="6870" acceleration="134"/>
    <motionState vehicle="1" speed="4685" time="6870" acceleration="134"/>
    <motionState vehicle="2" speed="4685" time="6870" acceleration="134"/>
    <motionState vehicle="3" speed="4685" time="6870" acceleration="134"/>
    <motionState vehicle="4" speed="4685" time="6870" acceleration="134"/>
    <motionState vehicle="0" speed="4686" time="6880" acceleration="133"/>
    <motionState vehicle="1" speed="4686" time="6880" acceleration="133"/>
    <motionState vehicle="2" speed="4686" time="6880" acceleration="133"/>
    <motionState vehicle="3" speed="4686" time="6880" acceleration="133"/>
    <motionState vehicle="4" speed="4686" time="6880" acceleration="133"/>
    <motionState vehicle="0" speed="4686" time="6890" acceleration="132"/>
    <motionState vehicle="1" speed="4686" time="6890" acceleration="132"/>
    <motionState vehicle="2" speed="4686" time="6890" acceleration="132"/>
    <motionState vehicle="3" speed="4686" time="6890" acceleration="132"/>
    <motionState vehicle="4" speed="4686" time="6890" acceleration="132"/>
    <motionState vehicle="0" speed="4686" time="6900" acceleration="131"/>
    <motionState vehicle="1" speed="4686" time="6900" acceleration="131"/>
    <motionState vehicle="2" speed="4686" time="6900" acceleration="131"/>
    <motionState vehicle="3" speed="4686" time="6900" acceleration="131"/>
    <motionState vehicle="4" speed="4686" time="6900" acceleration="131"/>
    <motionState vehicle="0" speed="4686" time="6910" acceleration="129"/>
    <motionState vehicle="1" speed="4686" time="6910" acceleration="129"/>
    <motionState vehicle="2" speed="4686" time="6910" acceleration="129"/>
    <motionState vehicle="3" speed="4686" time="6910" acceleration="129"/>
    <motionState vehicle="4" speed="4686" time="6910" acceleration="129"/>
    <motionState vehicle="0" speed="4686" time="6920" acceleration="128"/>
    <motionState vehicle="1" speed="4686" time="6920" acceleration="128"/>
    <motionState vehicle="2" speed="4686" time="6920" acceleration="128"/>
    <motionState vehicle="3" speed="4686" time="6920" acceleration="128"/>
    <motionState vehicle="4" speed="4686" time="6920" acceleration="128"/>
    <motionState vehicle="0" speed="4686" time="6930" acceleration="127"/>
    <motionState vehicle="1" speed="4686" time="6930" acceleration="127"/>
    <motionState vehicle="2" speed="4686" time="6930" acceleration="127"/>
    <motionState vehicle="3" speed="4686" time="6930" acceleration="127"/>
    <motionState vehicle="4" speed="4686" time="6930" acceleration="127"/>
    <motionState vehicle="0" speed="4686" time="6940" acceleration="126"/>
    <motionState vehicle="1" speed="4686" time="6940" acceleration="126"/>
    <motionState vehicle="2" speed="4686" time="6940" acceleration="126"/>
    <motionState vehicle="3" speed="4686" time="6940" acceleration="126"/>
    <motionState vehicle="4" speed="4686" time="6940" acceleration="126"/>
    <motionState vehicle="0" speed="4686" time="6950" acceleration="125"/>
    <motionState vehicle="1" speed="4686" time="6950" acceleration="125"/>
    <motionState vehicle="2" speed="4686" time="6950" acceleration="125"/>
    <motionState vehicle="3" speed="4686" time="6950" acceleration="125"/>
    <motionState vehicle="4" speed="4686" time="6950" acceleration="125"/>
    <motionState vehicle="0" speed="4687" time="6960" acceleration="124"/>
    <motionState vehicle="1" speed="4687" time="6960" acceleration="124"/>
    <motionState vehicle="2" speed="4687" time="6960" acceleration="124"/>
    <motionState vehicle="3" speed="4687" time="6960" acceleration="124"/>
    <motionState vehicle="4" speed="4687" time="6960" acceleration="124"/>
    <motionState vehicle="0" speed="4687" time="6970" acceleration="123"/>
    <motionState vehicle="1" speed="4687" time="6970" acceleration="123"/>
    <motionState vehicle="2" speed="4687" time="6970" acceleration="123"/>
    <motionState vehicle="3" speed="4687" time="6970" acceleration="123"/>
    <motionState vehicle="4" speed="4687" time="6970" acceleration="123"/>
    <motionState vehicle="0" speed="4687" time="6980" acceleration="121"/>
    <motionState vehicle="1" speed="4687" time="6980" acceleration="121"/>
    <motionState vehicle="2" speed="4687" time="6980" acceleration="121"/>
    <motionState vehicle="3" speed="4687" time="6980" acceleration="121"/>
    <motionState vehicle="4" speed="4687" time="6980" acceleration="121"/>
    <motionState vehicle="0" speed="4687" time="6990" acceleration="120"/>
    <motionState vehicle="1" speed="4687" time="6990" acceleration="120"/>
    <motionState vehicle="2" speed="4687" time="6990" acceleration="120"/>
    <motionState vehicle="3" speed="4687" time="6990" acceleration="120"/>
    <motionState vehicle="4" speed="4687" time="6990" acceleration="120"/>
    <motionState vehicle="0" speed="4687" time="7000" acceleration="119"/>
    <motionState vehicle="1" speed="4687" time="7000" acceleration="119"/>
    <motionState vehicle="2" speed="4687" time="7000" acceleration="119"/>
    <motionState vehicle="3" speed="4687" time="7000" acceleration="119"/>
    <motionState vehicle="4" speed="4687" time="7000" acceleration="119"/>
    <motionState vehicle="0" speed="4687" time="7010" acceleration="118"/>
    <motionState vehicle="1" speed="4687" time="7010" acceleration="118"/>
    <motionState vehicle="2" speed="4687" time="7010" acceleration="118"/>
    <motionState vehicle="3" speed="4687" time="7010" acceleration="118"/>
    <motionState vehicle="4" speed="4687" time="7010" acceleration="118"/>
    <motionState vehicle="0" speed="4687" time="7020" acceleration="117"/>
    <motionState vehicle="1" speed="4687" time="7020" acceleration="117"/>
    <motionState vehicle="2" speed="4687" time="7020" acceleration="117"/>
    <motionState vehicle="3" speed="4687" time="7020" acceleration="117"/>
    <motionState vehicle="4" speed="4687" time="7020" acceleration="117"/>
    <motionState vehicle="0" speed="4687" time="7030" acceleration="116"/>
    <motionState vehicle="1" speed="4687" time="7030" acceleration="116"/>
    <motionState vehicle="2" speed="4687" time="7030" acceleration="116"/>
    <motionState vehicle="3" speed="4687" time="7030" acceleration="116"/>
    <motionState vehicle="4" speed="4687" time="7030" acceleration="116"/>
    <motionState vehicle="0" speed="4687" time="7040" acceleration="115"/>
    <motionState vehicle="1" speed="4687" time="7040" acceleration="115"/>
    <motionState vehicle="2" speed="4687" time="7040" acceleration="115"/>
    <motionState vehicle="3" speed="4687" time="7040" acceleration="115"/>
    <motionState vehicle="4" speed="4687" time="7040" acceleration="115"/>
    <motionState vehicle="0" speed="4688" time="7050" acceleration="114"/>
    <motionState vehicle="1" speed="4688" time="7050" acceleration="114"/>
    <motionState vehicle="2" speed="4688" time="7050" acceleration="114"/>
    <motionState vehicle="3" speed="4688" time="7050" acceleration="114"/>
    <motionState vehicle="4" speed="4688" time="7050" acceleration="114"/>
    <motionState vehicle="0" speed="4688" time="7060" acceleration="113"/>
    <motionState vehicle="1" speed="4688" time="7060" acceleration="113"/>
    <motionState vehicle="2" speed="4688" time="7060" acceleration="113"/>
    <motionState vehicle="3" speed="4688" time="7060" acceleration="113"/>
    <motionState vehicle="4" speed="4688" time="7060" acceleration="113"/>
    <motionState vehicle="0" speed="4688" time="7070" acceleration="112"/>
    <motionState vehicle="1" speed="4688" time="7070" acceleration="112"/>
    <motionState vehicle="2" speed="4688" time="7070" acceleration="112"/>
    <motionState vehicle="3" speed="4688" time="7070" acceleration="112"/>
    <motionState vehicle="4" speed="4688" time="7070" acceleration="112"/>
    <motionState vehicle="0" speed="4688" time="7080" acceleration="111"/>
    <motionState vehicle="1" speed="4688" time="7080" acceleration="111"/>
    <motionState vehicle="2" speed="4688" time="7080" acceleration="111"/>
    <motionState vehicle="3" speed="4688" time="7080" acceleration="111"/>
    <motionState vehicle="4" speed="4688" time="7080" acceleration="111"/>
    <motionState vehicle="0" speed="4688" time="7090" acceleration="110"/>
    <motionState vehicle="1" speed="4688" time="7090" acceleration="110"/>
    <motionState vehicle="2" speed="4688" time="7090" acceleration="110"/>
    <motionState vehicle="3" speed="4688" time="7090" acceleration="110"/>
    <motionState vehicle="4" speed="4688" time="7090" acceleration="110"/>
    <motionState vehicle="0" speed="4688" time="7100" acceleration="109"/>
    <motionState vehicle="1" speed="4688" time="7100" acceleration="109"/>
    <motionState vehicle="2" speed="4688" time="7100" acceleration="109"/>
    <motionState vehicle="3" speed="4688" time="7100" acceleration="109"/>
    <motionState vehicle="4" speed="4688" time="7100" acceleration="109"/>
    <motionState vehicle="0" speed="4688" time="7110" acceleration="108"/>
    <motionState vehicle="1" speed="4688" time="7110" acceleration="108"/>
    <motionState vehicle="2" speed="4688" time="7110" acceleration="108"/>
    <motionState vehicle="3" speed="4688" time="7110" acceleration="108"/>
    <motionState vehicle="4" speed="4688" time="7110" acceleration="108"/>
    <motionState vehicle="0" speed="4688" time="7120" acceleration="107"/>
    <motionState vehicle="1" speed="4688" time="7120" acceleration="107"/>
    <motionState vehicle="2" speed="4688" time="7120" acceleration="107"/>
    <motionState vehicle="3" speed="4688" time="7120" acceleration="107"/>
    <motionState vehicle="4" speed="4688" time="7120" acceleration="107"/>
    <motionState vehicle="0" speed="4688" time="7130" acceleration="106"/>
    <motionState vehicle="1" speed="4688" time="7130" acceleration="106"/>
    <motionState vehicle="2" speed="4688" time="7130" acceleration="106"/>
    <motionState vehicle="3" speed="4688" time="7130" acceleration="106"/>
    <motionState vehicle="4" speed="4688" time="7130" acceleration="106"/>
    <motionState vehicle="0" speed="4689" time="7140" acceleration="105"/>
    <motionState vehicle="1" speed="4689" time="7140" acceleration="105"/>
    <motionState vehicle="2" speed="4689" time="7140" acceleration="105"/>
    <motionState vehicle="3" speed="4689" time="7140" acceleration="105"/>
    <motionState vehicle="4" speed="4689" time="7140" acceleration="105"/>
    <motionState vehicle="0" speed="4689" time="7150" acceleration="104"/>
    <motionState vehicle="1" speed="4689" time="7150" acceleration="104"/>
    <motionState vehicle="2" speed="4689" time="7150" acceleration="104"/>
    <motionState vehicle="3" speed="4689" time="7150" acceleration="104"/>
    <motionState vehicle="4" speed="4689" time="7150" acceleration="104"/>
    <motionState vehicle="0" speed="4689" time="7160" acceleration="103"/>
    <motionState vehicle="1" speed="4689" time="7160" acceleration="103"/>
    <motionState vehicle="2" speed="4689" time="7160" acceleration="103"/>
    <motionState vehicle="3" speed="4689" time="7160" acceleration="103"/>
    <motionState vehicle="4" speed="4689" time="7160" acceleration="103"/>
    <motionState vehicle="0" speed="4689" time="7170" acceleration="102"/>
    <motionState vehicle="1" speed="4689" time="7170" acceleration="102"/>
    <motionState vehicle="2" speed="4689" time="7170" acceleration="102"/>
    <motionState vehicle="3" speed="4689" time="7170" acceleration="102"/>
    <motionState vehicle="4" speed="4689" time="7170" acceleration="102"/>
    <motionState vehicle="0" speed="4689" time="7180" acceleration="101"/>
    <motionState vehicle="1" speed="4689" time="7180" acceleration="101"/>
    <motionState vehicle="2" speed="4689" time="7180" acceleration="101"/>
    <motionState vehicle="3" speed="4689" time="7180" acceleration="101"/>
    <motionState vehicle="4" speed="4689" time="7180" acceleration="101"/>
    <motionState vehicle="0" speed="4689" time="7190" acceleration="100"/>
    <motionState vehicle="1" speed="4689" time="7190" acceleration="100"/>
    <motionState vehicle="2" speed="4689" time="7190" acceleration="100"/>
    <motionState vehicle="3" speed="4689" time="7190" acceleration="100"/>
    <motionState vehicle="4" speed="4689" time="7190" acceleration="100"/>
    <motionState vehicle="0" speed="4689" time="7200" acceleration="99"/>
    <motionState vehicle="1" speed="4689" time="7200" acceleration="99"/>
    <motionState vehicle="2" speed="4689" time="7200" acceleration="99"/>
    <motionState vehicle="3" speed="4689" time="7200" acceleration="99"/>
    <motionState vehicle="4" speed="4689" time="7200" acceleration="99"/>
    <motionState vehicle="0" speed="4689" time="7210" acceleration="98"/>
    <motionState vehicle="1" speed="4689" time="7210" acceleration="98"/>
    <motionState vehicle="2" speed="4689" time="7210" acceleration="98"/>
    <motionState vehicle="3" speed="4689" time="7210" acceleration="98"/>
    <motionState vehicle="4" speed="4689" time="7210" acceleration="98"/>
    <motionState vehicle="0" speed="4689" time="7220" acceleration="97"/>
    <motionState vehicle="1" speed="4689" time="7220" acceleration="97"/>
    <motionState vehicle="2" speed="4689" time="7220" acceleration="97"/>
    <motionState vehicle="3" speed="4689" time="7220" acceleration="97"/>
    <motionState vehicle="4" speed="4689" time="7220" acceleration="97"/>
    <motionState vehicle="0" speed="4689" time="7230" acceleration="97"/>
    <motionState vehicle="1" speed="4689" time="7230" acceleration="97"/>
    <motionState vehicle="2" speed="4689" time="7230" acceleration="97"/>
    <motionState vehicle="3" speed="4689" time="7230" acceleration="97"/>
    <motionState vehicle="4" speed="4689" time="7230" acceleration="97"/>
    <motionState vehicle="0" speed="4690" time="7240" acceleration="96"/>
    <motionState vehicle="1" speed="4690" time="7240" acceleration="96"/>
    <motionState vehicle="2" speed="4690" time="7240" acceleration="96"/>
    <motionState vehicle="3" speed="4690" time="7240" acceleration="96"/>
    <motionState vehicle="4" speed="4690" time="7240" acceleration="96"/>
    <motionState vehicle="0" speed="4690" time="7250" acceleration="95"/>
    <motionState vehicle="1" speed="4690" time="7250" acceleration="95"/>
    <motionState vehicle="2" speed="4690" time="7250" acceleration="95"/>
    <motionState vehicle="3" speed="4690" time="7250" acceleration="95"/>
    <motionState vehicle="4" speed="4690" time="7250" acceleration="95"/>
    <motionState vehicle="0" speed="4690" time="7260" acceleration="94"/>
    <motionState vehicle="1" speed="4690" time="7260" acceleration="94"/>
    <motionState vehicle="2" speed="4690" time="7260" acceleration="94"/>
    <motionState vehicle="3" speed="4690" time="7260" acceleration="94"/>
    <motionState vehicle="4" speed="4690" time="7260" acceleration="94"/>
    <motionState vehicle="0" speed="4690" time="7270" acceleration="93"/>
    <motionState vehicle="1" speed="4690" time="7270" acceleration="93"/>
    <motionState vehicle="2" speed="4690" time="7270" acceleration="93"/>
    <motionState vehicle="3" speed="4690" time="7270" acceleration="93"/>
    <motionState vehicle="4" speed="4690" time="7270" acceleration="93"/>
    <motionState vehicle="0" speed="4690" time="7280" acceleration="92"/>
    <motionState vehicle="1" speed="4690" time="7280" acceleration="92"/>
    <motionState vehicle="2" speed="4690" time="7280" acceleration="92"/>
    <motionState vehicle="3" speed="4690" time="7280" acceleration="92"/>
    <motionState vehicle="4" speed="4690" time="7280" acceleration="92"/>
    <motionState vehicle="0" speed="4690" time="7290" acceleration="91"/>
    <motionState vehicle="1" speed="4690" time="7290" acceleration="91"/>
    <motionState vehicle="2" speed="4690" time="7290" acceleration="91"/>
    <motionState vehicle="3" speed="4690" time="7290" acceleration="91"/>
    <motionState vehicle="4" speed="4690" time="7290" acceleration="91"/>
    <motionState vehicle="0" speed="4690" time="7300" acceleration="91"/>
    <motionState vehicle="1" speed="4690" time="7300" acceleration="91"/>
    <motionState vehicle="2" speed="4690" time="7300" acceleration="91"/>
    <motionState vehicle="3" speed="4690" time="7300" acceleration="91"/>
    <motionState vehicle="4" speed="4690" time="7300" acceleration="91"/>
    <motionState vehicle="0" speed="4690" time="7310" acceleration="90"/>
    <motionState vehicle="1" speed="4690" time="7310" acceleration="90"/>
    <motionState vehicle="2" speed="4690" time="7310" acceleration="90"/>
    <motionState vehicle="3" speed="4690" time="7310" acceleration="90"/>
    <motionState vehicle="4" speed="4690" time="7310" acceleration="90"/>
    <motionState vehicle="0" speed="4690" time="7320" acceleration="89"/>
    <motionState vehicle="1" speed="4690" time="7320" acceleration="89"/>
    <motionState vehicle="2" speed="4690" time="7320" acceleration="89"/>
    <motionState vehicle="3" speed="4690" time="7320" acceleration="89"/>
    <motionState vehicle="4" speed="4690" time="7320" acceleration="89"/>
    <motionState vehicle="0" speed="4690" time="7330" acceleration="88"/>
    <motionState vehicle="1" speed="4690" time="7330" acceleration="88"/>
    <motionState vehicle="2" speed="4690" time="7330" acceleration="88"/>
    <motionState vehicle="3" speed="4690" time="7330" acceleration="88"/>
    <motionState vehicle="4" speed="4690" time="7330" acceleration="88"/>
    <motionState vehicle="0" speed="4690" time="7340" acceleration="87"/>
    <motionState vehicle="1" speed="4690" time="7340" acceleration="87"/>
    <motionState vehicle="2" speed="4690" time="7340" acceleration="87"/>
    <motionState vehicle="3" speed="4690" time="7340" acceleration="87"/>
    <motionState vehicle="4" speed="4690" time="7340" acceleration="87"/>
    <motionState vehicle="0" speed="4691" time="7350" acceleration="87"/>
    <motionState vehicle="1" speed="4691" time="7350" acceleration="87"/>
    <motionState vehicle="2" speed="4691" time="7350" acceleration="87"/>
    <motionState vehicle="3" speed="4691" time="7350" acceleration="87"/>
    <motionState vehicle="4" speed="4691" time="7350" acceleration="87"/>
    <motionState vehicle="0" speed="4691" time="7360" acceleration="86"/>
    <motionState vehicle="1" speed="4691" time="7360" acceleration="86"/>
    <motionState vehicle="2" speed="4691" time="7360" acceleration="86"/>
    <motionState vehicle="3" speed="4691" time="7360" acceleration="86"/>
    <motionState vehicle="4" speed="4691" time="7360" acceleration="86"/>
    <motionState vehicle="0" speed="4691" time="7370" acceleration="85"/>
    <motionState vehicle="1" speed="4691" time="7370" acceleration="85"/>
    <motionState vehicle="2" speed="4691" time="7370" acceleration="85"/>
    <motionState vehicle="3" speed="4691" time="7370" acceleration="85"/>
    <motionState vehicle="4" speed="4691" time="7370" acceleration="85"/>
    <motionState vehicle="0" speed="4691" time="7380" acceleration="84"/>
    <motionState vehicle="1" speed="4691" time="7380" acceleration="84"/>
    <motionState vehicle="2" speed="4691" time="7380" acceleration="84"/>
    <motionState vehicle="3" speed="4691" time="7380" acceleration="84"/>
    <motionState vehicle="4" speed="4691" time="7380" acceleration="84"/>
    <motionState vehicle="0" speed="4691" time="7390" acceleration="83"/>
    <motionState vehicle="1" speed="4691" time="7390" acceleration="83"/>
    <motionState vehicle="2" speed="4691" time="7390" acceleration="83"/>
    <motionState vehicle="3" speed="4691" time="7390" acceleration="83"/>
    <motionState vehicle="4" speed="4691" time="7390" acceleration="83"/>
    <motionState vehicle="0" speed="4691" time="7400" acceleration="83"/>
    <motionState vehicle="1" speed="4691" time="7400" acceleration="83"/>
    <motionState vehicle="2" speed="4691" time="7400" acceleration="83"/>
    <motionState vehicle="3" speed="4691" time="7400" acceleration="83"/>
    <motionState vehicle="4" speed="4691" time="7400" acceleration="83"/>
    <motionState vehicle="0" speed="4691" time="7410" acceleration="82"/>
    <motionState vehicle="1" speed="4691" time="7410" acceleration="82"/>
    <motionState vehicle="2" speed="4691" time="7410" acceleration="82"/>
    <motionState vehicle="3" speed="4691" time="7410" acceleration="82"/>
    <motionState vehicle="4" speed="4691" time="7410" acceleration="82"/>
    <motionState vehicle="0" speed="4691" time="7420" acceleration="81"/>
    <motionState vehicle="1" speed="4691" time="7420" acceleration="81"/>
    <motionState vehicle="2" speed="4691" time="7420" acceleration="81"/>
    <motionState vehicle="3" speed="4691" time="7420" acceleration="81"/>
    <motionState vehicle="4" speed="4691" time="7420" acceleration="81"/>
    <motionState vehicle="0" speed="4691" time="7430" acceleration="80"/>
    <motionState vehicle="1" speed="4691" time="7430" acceleration="80"/>
    <motionState vehicle="2" speed="4691" time="7430" acceleration="80"/>
    <motionState vehicle="3" speed="4691" time="7430" acceleration="80"/>
    <motionState vehicle="4" speed="4691" time="7430" acceleration="80"/>
    <motionState vehicle="0" speed="4691" time="7440" acceleration="80"/>
    <motionState vehicle="1" speed="4691" time="7440" acceleration="80"/>
    <motionState vehicle="2" speed="4691" time="7440" acceleration="80"/>
    <motionState vehicle="3" speed="4691" time="7440" acceleration="80"/>
    <motionState vehicle="4" speed="4691" time="7440" acceleration="80"/>
    <motionState vehicle="0" speed="4691" time="7450" acceleration="79"/>
    <motionState vehicle="1" speed="4691" time="7450" acceleration="79"/>
    <motionState vehicle="2" speed="4691" time="7450" acceleration="79"/>
    <motionState vehicle="3" speed="4691" time="7450" acceleration="79"/>
    <motionState vehicle="4" speed="4691" time="7450" acceleration="79"/>
    <motionState vehicle="0" speed="4691" time="7460" acceleration="78"/>
    <motionState vehicle="1" speed="4691" time="7460" acceleration="78"/>
    <motionState vehicle="2" speed="4691" time="7460" acceleration="78"/>
    <motionState vehicle="3" speed="4691" time="7460" acceleration="78"/>
    <motionState vehicle="4" speed="4691" time="7460" acceleration="78"/>
    <motionState vehicle="0" speed="4692" time="7470" acceleration="78"/>
    <motionState vehicle="1" speed="4692" time="7470" acceleration="78"/>
    <motionState vehicle="2" speed="4692" time="7470" acceleration="78"/>
    <motionState vehicle="3" speed="4692" time="7470" acceleration="78"/>
    <motionState vehicle="4" speed="4692" time="7470" acceleration="78"/>
    <motionState vehicle="0" speed="4692" time="7480" acceleration="77"/>
    <motionState vehicle="1" speed="4692" time="7480" acceleration="77"/>
    <motionState vehicle="2" speed="4692" time="7480" acceleration="77"/>
    <motionState vehicle="3" speed="4692" time="7480" acceleration="77"/>
    <motionState vehicle="4" speed="4692" time="7480" acceleration="77"/>
    <motionState vehicle="0" speed="4692" time="7490" acceleration="76"/>
    <motionState vehicle="1" speed="4692" time="7490" acceleration="76"/>
    <motionState vehicle="2" speed="4692" time="7490" acceleration="76"/>
    <motionState vehicle="3" speed="4692" time="7490" acceleration="76"/>
    <motionState vehicle="4" speed="4692" time="7490" acceleration="76"/>
    <motionState vehicle="0" speed="4692" time="7500" acceleration="75"/>
    <motionState vehicle="1" speed="4692" time="7500" acceleration="75"/>
    <motionState vehicle="2" speed="4692" time="7500" acceleration="75"/>
    <motionState vehicle="3" speed="4692" time="7500" acceleration="75"/>
    <motionState vehicle="4" speed="4692" time="7500" acceleration="75"/>
    <motionState vehicle="0" speed="4692" time="7510" acceleration="75"/>
    <motionState vehicle="1" speed="4692" time="7510" acceleration="75"/>
    <motionState vehicle="2" speed="4692" time="7510" acceleration="75"/>
    <motionState vehicle="3" speed="4692" time="7510" acceleration="75"/>
    <motionState vehicle="4" speed="4692" time="7510" acceleration="75"/>
    <motionState vehicle="0" speed="4692" time="7520" acceleration="74"/>
    <motionState vehicle="1" speed="4692" time="7520" acceleration="74"/>
    <motionState vehicle="2" speed="4692" time="7520" acceleration="74"/>
    <motionState vehicle="3" speed="4692" time="7520" acceleration="74"/>
    <motionState vehicle="4" speed="4692" time="7520" acceleration="74"/>
    <motionState vehicle="0" speed="4692" time="7530" acceleration="73"/>
    <motionState vehicle="1" speed="4692" time="7530" acceleration="73"/>
    <motionState vehicle="2" speed="4692" time="7530" acceleration="73"/>
    <motionState vehicle="3" speed="4692" time="7530" acceleration="73"/>
    <motionState vehicle="4" speed="4692" time="7530" acceleration="73"/>
    <motionState vehicle="0" speed="4692" time="7540" acceleration="73"/>
    <motionState vehicle="1" speed="4692" time="7540" acceleration="73"/>
    <motionState vehicle="2" speed="4692" time="7540" acceleration="73"/>
    <motionState vehicle="3" speed="4692" time="7540" acceleration="73"/>
    <motionState vehicle="4" speed="4692" time="7540" acceleration="73"/>
    <motionState vehicle="0" speed="4692" time="7550" acceleration="72"/>
    <motionState vehicle="1" speed="4692" time="7550" acceleration="72"/>
    <motionState vehicle="2" speed="4692" time="7550" acceleration="72"/>
    <motionState vehicle="3" speed="4692" time="7550" acceleration="72"/>
    <motionState vehicle="4" speed="4692" time="7550" acceleration="72"/>
    <motionState vehicle="0" speed="4692" time="7560" acceleration="71"/>
    <motionState vehicle="1" speed="4692" time="7560" acceleration="71"/>
    <motionState vehicle="2" speed="4692" time="7560" acceleration="71"/>
    <motionState vehicle="3" speed="4692" time="7560" acceleration="71"/>
    <motionState vehicle="4" speed="4692" time="7560" acceleration="71"/>
    <motionState vehicle="0" speed="4692" time="7570" acceleration="71"/>
    <motionState vehicle="1" speed="4692" time="7570" acceleration="71"/>
    <motionState vehicle="2" speed="4692" time="7570" acceleration="71"/>
    <motionState vehicle="3" speed="4692" time="7570" acceleration="71"/>
    <motionState vehicle="4" speed="4692" time="7570" acceleration="71"/>
    <motionState vehicle="0" speed="4692" time="7580" acceleration="70"/>
    <motionState vehicle="1" speed="4692" time="7580" acceleration="70"/>
    <motionState vehicle="2" speed="4692" time="7580" acceleration="70"/>
    <motionState vehicle="3" speed="4692" time="7580" acceleration="70"/>
    <motionState vehicle="4" speed="4692" time="7580" acceleration="70"/>
    <motionState vehicle="0" speed="4692" time="7590" acceleration="70"/>
    <motionState vehicle="1" speed="4692" time="7590" acceleration="70"/>
    <motionState vehicle="2" speed="4692" time="7590" acceleration="70"/>
    <motionState vehicle="3" speed="4692" time="7590" acceleration="70"/>
    <motionState vehicle="4" speed="4692" time="7590" acceleration="70"/>
    <motionState vehicle="0" speed="4692" time="7600" acceleration="69"/>
    <motionState vehicle="1" speed="4692" time="7600" acceleration="69"/>
    <motionState vehicle="2" speed="4692" time="7600" acceleration="69"/>
    <motionState vehicle="3" speed="4692" time="7600" acceleration="69"/>
    <motionState vehicle="4" speed="4692" time="7600" acceleration="69"/>
    <motionState vehicle="0" speed="4693" time="7610" acceleration="68"/>
    <motionState vehicle="1" speed="4693" time="7610" acceleration="68"/>
    <motionState vehicle="2" speed="4693" time="7610" acceleration="68"/>
    <motionState vehicle="3" speed="4693" time="7610" acceleration="68"/>
    <motionState vehicle="4" speed="4693" time="7610" acceleration="68"/>
    <motionState vehicle="0" speed="4693" time="7620" acceleration="68"/>
    <motionState vehicle="1" speed="4693" time="7620" acceleration="68"/>
    <motionState vehicle="2" speed="4693" time="7620" acceleration="68"/>
    <motionState vehicle="3" speed="4693" time="7620" acceleration="68"/>
    <motionState vehicle="4" speed="4693" time="7620" acceleration="68"/>
    <motionState vehicle="0" speed="4693" time="7630" acceleration="67"/>
    <motionState vehicle="1" speed="4693" time="7630" acceleration="67"/>
    <motionState vehicle="2" speed="4693" time="7630" acceleration="67"/>
    <motionState vehicle="3" speed="4693" time="7630" acceleration="67"/>
    <motionState vehicle="4" speed="4693" time="7630" acceleration="67"/>
    <motionState vehicle="0" speed="4693" time="7640" acceleration="66"/>
    <motionState vehicle="1" speed="4693" time="7640" acceleration="66"/>
    <motionState vehicle="2" speed="4693" time="7640" acceleration="66"/>
    <motionState vehicle="3" speed="4693" time="7640" acceleration="66"/>
    <motionState vehicle="4" speed="4693" time="7640" acceleration="66"/>
    <motionState vehicle="0" speed="4693" time="7650" acceleration="66"/>
    <motionState vehicle="1" speed="4693" time="7650" acceleration="66"/>
    <motionState vehicle="2" speed="4693" time="7650" acceleration="66"/>
    <motionState vehicle="3" speed="4693" time="7650" acceleration="66"/>
    <motionState vehicle="4" speed="4693" time="7650" acceleration="66"/>
    <motionState vehicle="0" speed="4693" time="7660" acceleration="65"/>
    <motionState vehicle="1" speed="4693" time="7660" acceleration="65"/>
    <motionState vehicle="2" speed="4693" time="7660" acceleration="65"/>
    <motionState vehicle="3" speed="4693" time="7660" acceleration="65"/>
    <motionState vehicle="4" speed="4693" time="7660" acceleration="65"/>
    <motionState vehicle="0" speed="4693" time="7670" acceleration="65"/>
    <motionState vehicle="1" speed="4693" time="7670" acceleration="65"/>
    <motionState vehicle="2" speed="4693" time="7670" acceleration="65"/>
    <motionState vehicle="3" speed="4693" time="7670" acceleration="65"/>
    <motionState vehicle="4" speed="4693" time="7670" acceleration="65"/>
    <motionState vehicle="0" speed="4693" time="7680" acceleration="64"/>
    <motionState vehicle="1" speed="4693" time="7680" acceleration="64"/>
    <motionState vehicle="2" speed="4693" time="7680" acceleration="64"/>
    <motionState vehicle="3" speed="4693" time="7680" acceleration="64"/>
    <motionState vehicle="4" speed="4693" time="7680" acceleration="64"/>
    <motionState vehicle="0" speed="4693" time="7690" acceleration="63"/>
    <motionState vehicle="1" speed="4693" time="7690" acceleration="63"/>
    <motionState vehicle="2" speed="4693" time="7690" acceleration="63"/>
    <motionState vehicle="3" speed="4693" time="7690" acceleration="63"/>
    <motionState vehicle="4" speed="4693" time="7690" acceleration="63"/>
    <motionState vehicle="0" speed="4693" time="7700" acceleration="63"/>
    <motionState vehicle="1" speed="4693" time="7700" acceleration="63"/>
    <motionState vehicle="2" speed="4693" time="7700" acceleration="63"/>
    <motionState vehicle="3" speed="4693" time="7700" acceleration="63"/>
    <motionState vehicle="4" speed="4693" time="7700" acceleration="63"/>
    <motionState vehicle="0" speed="4693" time="7710" acceleration="62"/>
    <motionState vehicle="1" speed="4693" time="7710" acceleration="62"/>
    <motionState vehicle="2" speed="4693" time="7710" acceleration="62"/>
    <motionState vehicle="3" speed="4693" time="7710" acceleration="62"/>
    <motionState vehicle="4" speed="4693" time="7710" acceleration="62"/>
    <motionState vehicle="0" speed="4693" time="7720" acceleration="62"/>
    <motionState vehicle="1" speed="4693" time="7720" acceleration="62"/>
    <motionState vehicle="2" speed="4693" time="7720" acceleration="62"/>
    <motionState vehicle="3" speed="4693" time="7720" acceleration="62"/>
    <motionState vehicle="4" speed="4693" time="7720" acceleration="62"/>
    <motionState vehicle="0" speed="4693" time="7730" acceleration="61"/>
    <motionState vehicle="1" speed="4693" time="7730" acceleration="61"/>
    <motionState vehicle="2" speed="4693" time="7730" acceleration="61"/>
    <motionState vehicle="3" speed="4693" time="7730" acceleration="61"/>
    <motionState vehicle="4" speed="4693" time="7730" acceleration="61"/>
    <motionState vehicle="0" speed="4693" time="7740" acceleration="61"/>
    <motionState vehicle="1" speed="4693" time="7740" acceleration="61"/>
    <motionState vehicle="2" speed="4693" time="7740" acceleration="61"/>
    <motionState vehicle="3" speed="4693" time="7740" acceleration="61"/>
    <motionState vehicle="4" speed="4693" time="7740" acceleration="61"/>
    <motionState vehicle="0" speed="4693" time="7750" acceleration="60"/>
    <motionState vehicle="1" speed="4693" time="7750" acceleration="60"/>
    <motionState vehicle="2" speed="4693" time="7750" acceleration="60"/>
    <motionState vehicle="3" speed="4693" time="7750" acceleration="60"/>
    <motionState vehicle="4" speed="4693" time="7750" acceleration="60"/>
    <motionState vehicle="0" speed="4694" time="7760" acceleration="60"/>
    <motionState vehicle="1" speed="4694" time="7760" acceleration="60"/>
    <motionState vehicle="2" speed="4694" time="7760" acceleration="60"/>
    <motionState vehicle="3" speed="4694" time="7760" acceleration="60"/>
    <motionState vehicle="4" speed="4694" time="7760" acceleration="60"/>
    <motionState vehicle="0" speed="4694" time="7770" acceleration="59"/>
    <motionState vehicle="1" speed="4694" time="7770" acceleration="59"/>
    <motionState vehicle="2" speed="4694" time="7770" acceleration="59"/>
    <motionState vehicle="3" speed="4694" time="7770" acceleration="59"/>
    <motionState vehicle="4" speed="4694" time="7770" acceleration="59"/>
    <motionState vehicle="0" speed="4694" time="7780" acceleration="58"/>
    <motionState vehicle="1" speed="4694" time="7780" acceleration="58"/>
    <motionState vehicle="2" speed="4694" time="7780" acceleration="58"/>
    <motionState vehicle="3" speed="4694" time="7780" acceleration="58"/>
    <motionState vehicle="4" speed="4694" time="7780" acceleration="58"/>
    <motionState vehicle="0" speed="4694" time="7790" acceleration="58"/>
    <motionState vehicle="1" speed="4694" time="7790" acceleration="58"/>
    <motionState vehicle="2" speed="4694" time="7790" acceleration="58"/>
    <motionState vehicle="3" speed="4694" time="7790" acceleration="58"/>
    <motionState vehicle="4" speed="4694" time="7790" acceleration="58"/>
    <motionState vehicle="0" speed="4694" time="7800" acceleration="57"/>
    <motionState vehicle="1" speed="4694" time="7800" acceleration="57"/>
    <motionState vehicle="2" speed="4694" time="7800" acceleration="57"/>
    <motionState vehicle="3" speed="4694" time="7800" acceleration="57"/>
    <motionState vehicle="4" speed="4694" time="7800" acceleration="57"/>
    <motionState vehicle="0" speed="4694" time="7810" acceleration="57"/>
    <motionState vehicle="1" speed="4694" time="7810" acceleration="57"/>
    <motionState vehicle="2" speed="4694" time="7810" acceleration="57"/>
    <motionState vehicle="3" speed="4694" time="7810" acceleration="57"/>
    <motionState vehicle="4" speed="4694" time="7810" acceleration="57"/>
    <motionState vehicle="0" speed="4694" time="7820" acceleration="56"/>
    <motionState vehicle="1" speed="4694" time="7820" acceleration="56"/>
    <motionState vehicle="2" speed="4694" time="7820" acceleration="56"/>
    <motionState vehicle="3" speed="4694" time="7820" acceleration="56"/>
    <motionState vehicle="4" speed="4694" time="7820" acceleration="56"/>
    <motionState vehicle="0" speed="4694" time="7830" acceleration="56"/>
    <motionState vehicle="1" speed="4694" time="7830" acceleration="56"/>
    <motionState vehicle="2" speed="4694" time="7830" acceleration="56"/>
    <motionState vehicle="3" speed="4694" time="7830" acceleration="56"/>
    <motionState vehicle="4" speed="4694" time="7830" acceleration="56"/>
    <motionState vehicle="0" speed="4694" time="7840" acceleration="55"/>
    <motionState vehicle="1" speed="4694" time="7840" acceleration="55"/>
    <motionState vehicle="2" speed="4694" time="7840" acceleration="55"/>
    <motionState vehicle="3" speed="4694" time="7840" acceleration="55"/>
    <motionState vehicle="4" speed="4694" time="7840" acceleration="55"/>
    <motionState vehicle="0" speed="4694" time="7850" acceleration="55"/>
    <motionState vehicle="1" speed="4694" time="7850" acceleration="55"/>
    <motionState vehicle="2" speed="4694" time="7850" acceleration="55"/>
    <motionState vehicle="3" speed="4694" time="7850" acceleration="55"/>
    <motionState vehicle="4" speed="4694" time="7850" acceleration="55"/>
    <motionState vehicle="0" speed="4694" time="7860" acceleration="54"/>
    <motionState vehicle="1" speed="4694" time="7860" acceleration="54"/>
    <motionState vehicle="2" speed="4694" time="7860" acceleration="54"/>
    <motionState vehicle="3" speed="4694" time="7860" acceleration="54"/>
    <motionState vehicle="4" speed="4694" time="7860" acceleration="54"/>
    <motionState vehicle="0" speed="4694" time="7870" acceleration="54"/>
    <motionState vehicle="1" speed="4694" time="7870" acceleration="54"/>
    <motionState vehicle="2" speed="4694" time="7870" acceleration="54"/>
    <motionState vehicle="3" speed="4694" time="7870" acceleration="54"/>
    <motionState vehicle="4" speed="4694" time="7870" acceleration="54"/>
    <motionState vehicle="0" speed="4694" time="7880" acceleration="53"/>
    <motionState vehicle="1" speed="4694" time="7880" acceleration="53"/>
    <motionState vehicle="2" speed="4694" time="7880" acceleration="53"/>
    <motionState vehicle="3" speed="4694" time="7880" acceleration="53"/>
    <motionState vehicle="4" speed="4694" time="7880" acceleration="53"/>
    <motionState vehicle="0" speed="4694" time="7890" acceleration="53"/>
    <motionState vehicle="1" speed="4694" time="7890" acceleration="53"/>
    <motionState vehicle="2" speed="4694" time="7890" acceleration="53"/>
    <motionState vehicle="3" speed="4694" time="7890" acceleration="53"/>
    <motionState vehicle="4" speed="4694" time="7890" acceleration="53"/>
    <motionState vehicle="0" speed="4694" time="7900" acceleration="52"/>
    <motionState vehicle="1" speed="4694" time="7900" acceleration="52"/>
    <motionState vehicle="2" speed="4694" time="7900" acceleration="52"/>
    <motionState vehicle="3" speed="4694" time="7900" acceleration="52"/>
    <motionState vehicle="4" speed="4694" time="7900" acceleration="52"/>
    <motionState vehicle="0" speed="4694" time="7910" acceleration="52"/>
    <motionState vehicle="1" speed="4694" time="7910" acceleration="52"/>
    <motionState vehicle="2" speed="4694" time="7910" acceleration="52"/>
    <motionState vehicle="3" speed="4694" time="7910" acceleration="52"/>
    <motionState vehicle="4" speed="4694" time="7910" acceleration="52"/>
    <motionState vehicle="0" speed="4694" time="7920" acceleration="51"/>
    <motionState vehicle="1" speed="4694" time="7920" acceleration="51"/>
    <motionState vehicle="2" speed="4694" time="7920" acceleration="51"/>
    <motionState vehicle="3" speed="4694" time="7920" acceleration="51"/>
    <motionState vehicle="4" speed="4694" time="7920" acceleration="51"/>
    <motionState vehicle="0" speed="4694" time="7930" acceleration="51"/>
    <motionState vehicle="1" speed="4694" time="7930" acceleration="51"/>
    <motionState vehicle="2" speed="4694" time="7930" acceleration="51"/>
    <motionState vehicle="3" speed="4694" time="7930" acceleration="51"/>
    <motionState vehicle="4" speed="4694" time="7930" acceleration="51"/>
    <motionState vehicle="0" speed="4694" time="7940" acceleration="51"/>
    <motionState vehicle="1" speed="4694" time="7940" acceleration="51"/>
    <motionState vehicle="2" speed="4694" time="7940" acceleration="51"/>
    <motionState vehicle="3" speed="4694" time="7940" acceleration="51"/>
    <motionState vehicle="4" speed="4694" time="7940" acceleration="51"/>
    <motionState vehicle="0" speed="4695" time="7950" acceleration="50"/>
    <motionState vehicle="1" speed="4695" time="7950" acceleration="50"/>
    <motionState vehicle="2" speed="4695" time="7950" acceleration="50"/>
    <motionState vehicle="3" speed="4695" time="7950" acceleration="50"/>
    <motionState vehicle="4" speed="4695" time="7950" acceleration="50"/>
    <motionState vehicle="0" speed="4695" time="7960" acceleration="50"/>
    <motionState vehicle="1" speed="4695" time="7960" acceleration="50"/>
    <motionState vehicle="2" speed="4695" time="7960" acceleration="50"/>
    <motionState vehicle="3" speed="4695" time="7960" acceleration="50"/>
    <motionState vehicle="4" speed="4695" time="7960" acceleration="50"/>
    <motionState vehicle="0" speed="4695" time="7970" acceleration="49"/>
    <motionState vehicle="1" speed="4695" time="7970" acceleration="49"/>
    <motionState vehicle="2" speed="4695" time="7970" acceleration="49"/>
    <motionState vehicle="3" speed="4695" time="7970" acceleration="49"/>
    <motionState vehicle="4" speed="4695" time="7970" acceleration="49"/>
    <motionState vehicle="0" speed="4695" time="7980" acceleration="49"/>
    <motionState vehicle="1" speed="4695" time="7980" acceleration="49"/>
    <motionState vehicle="2" speed="4695" time="7980" acceleration="49"/>
    <motionState vehicle="3" speed="4695" time="7980" acceleration="49"/>
    <motionState vehicle="4" speed="4695" time="7980" acceleration="49"/>
    <motionState vehicle="0" speed="4695" time="7990" acceleration="48"/>
    <motionState vehicle="1" speed="4695" time="7990" acceleration="48"/>
    <motionState vehicle="2" speed="4695" time="7990" acceleration="48"/>
    <motionState vehicle="3" speed="4695" time="7990" acceleration="48"/>
    <motionState vehicle="4" speed="4695" time="7990" acceleration="48"/>
    <motionState vehicle="0" speed="4695" time="8000" acceleration="48"/>
    <motionState vehicle="1" speed="4695" time="8000" acceleration="48"/>
    <motionState vehicle="2" speed="4695" time="8000" acceleration="48"/>
    <motionState vehicle="3" speed="4695" time="8000" acceleration="48"/>
    <motionState vehicle="4" speed="4695" time="8000" acceleration="48"/>
    <motionState vehicle="0" speed="4695" time="8010" acceleration="47"/>
    <motionState vehicle="1" speed="4695" time="8010" acceleration="47"/>
    <motionState vehicle="2" speed="4695" time="8010" acceleration="47"/>
    <motionState vehicle="3" speed="4695" time="8010" acceleration="47"/>
    <motionState vehicle="4" speed="4695" time="8010" acceleration="47"/>
    <motionState vehicle="0" speed="4695" time="8020" acceleration="47"/>
    <motionState vehicle="1" speed="4695" time="8020" acceleration="47"/>
    <motionState vehicle="2" speed="4695" time="8020" acceleration="47"/>
    <motionState vehicle="3" speed="4695" time="8020" acceleration="47"/>
    <motionState vehicle="4" speed="4695" time="8020" acceleration="47"/>
    <motionState vehicle="0" speed="4695" time="8030" acceleration="47"/>
    <motionState vehicle="1" speed="4695" time="8030" acceleration="47"/>
    <motionState vehicle="2" speed="4695" time="8030" acceleration="47"/>
    <motionState vehicle="3" speed="4695" time="8030" acceleration="47"/>
    <motionState vehicle="4" speed="4695" time="8030" acceleration="47"/>
    <motionState vehicle="0" speed="4695" time="8040" acceleration="46"/>
    <motionState vehicle="1" speed="4695" time="8040" acceleration="46"/>
    <motionState vehicle="2" speed="4695" time="8040" acceleration="46"/>
    <motionState vehicle="3" speed="4695" time="8040" acceleration="46"/>
    <motionState vehicle="4" speed="4695" time="8040" acceleration="46"/>
    <motionState vehicle="0" speed="4695" time="8050" acceleration="46"/>
    <motionState vehicle="1" speed="4695" time="8050" acceleration="46"/>
    <motionState vehicle="2" speed="4695" time="8050" acceleration="46"/>
    <motionState vehicle="3" speed="4695" time="8050" acceleration="46"/>
    <motionState vehicle="4" speed="4695" time="8050" acceleration="46"/>
    <motionState vehicle="0" speed="4695" time="8060" acceleration="45"/>
    <motionState vehicle="1" speed="4695" time="8060" acceleration="45"/>
    <motionState vehicle="2" speed="4695" time="8060" acceleration="45"/>
    <motionState vehicle="3" speed="4695" time="8060" acceleration="45"/>
    <motionState vehicle="4" speed="4695" time="8060" acceleration="45"/>
    <motionState vehicle="0" speed="4695" time="8070" acceleration="45"/>
    <motionState vehicle="1" speed="4695" time="8070" acceleration="45"/>
    <motionState vehicle="2" speed="4695" time="8070" acceleration="45"/>
    <motionState vehicle="3" speed="4695" time="8070" acceleration="45"/>
    <motionState vehicle="4" speed="4695" time="8070" acceleration="45"/>
    <motionState vehicle="0" speed="4695" time="8080" acceleration="44"/>
    <motionState vehicle="1" speed="4695" time="8080" acceleration="44"/>
    <motionState vehicle="2" speed="4695" time="8080" acceleration="44"/>
    <motionState vehicle="3" speed="4695" time="8080" acceleration="44"/>
    <motionState vehicle="4" speed="4695" time="8080" acceleration="44"/>
    <motionState vehicle="0" speed="4695" time="8090" acceleration="44"/>
    <motionState vehicle="1" speed="4695" time="8090" acceleration="44"/>
    <motionState vehicle="2" speed="4695" time="8090" acceleration="44"/>
    <motionState vehicle="3" speed="4695" time="8090" acceleration="44"/>
    <motionState vehicle="4" speed="4695" time="8090" acceleration="44"/>
    <motionState vehicle="0" speed="4695" time="8100" acceleration="44"/>
    <motionState vehicle="1" speed="4695" time="8100" acceleration="44"/>
    <motionState vehicle="2" speed="4695" time="8100" acceleration="44"/>
    <motionState vehicle="3" speed="4695" time="8100" acceleration="44"/>
    <motionState vehicle="4" speed="4695" time="8100" acceleration="44"/>
    <motionState vehicle="0" speed="4695" time="8110" acceleration="43"/>
    <motionState vehicle="1" speed="4695" time="8110" acceleration="43"/>
    <motionState vehicle="2" speed="4695" time="8110" acceleration="43"/>
    <motionState vehicle="3" speed="4695" time="8110" acceleration="43"/>
    <motionState vehicle="4" speed="4695" time="8110" acceleration="43"/>
    <motionState vehicle="0" speed="4695" time="8120" acceleration="43"/>
    <motionState vehicle="1" speed="4695" time="8120" acceleration="43"/>
    <motionState vehicle="2" speed="4695" time="8120" acceleration="43"/>
    <motionState vehicle="3" speed="4695" time="8120" acceleration="43"/>
    <motionState vehicle="4" speed="4695" time="8120" acceleration="43"/>
    <motionState vehicle="0" speed="4695" time="8130" acceleration="42"/>
    <motionState vehicle="1" speed="4695" time="8130" acceleration="42"/>
    <motionState vehicle="2" speed="4695" time="8130" acceleration="42"/>
    <motionState vehicle="3" speed="4695" time="8130" acceleration="42"/>
    <motionState vehicle="4" speed="4695" time="8130" acceleration="42"/>
    <motionState vehicle="0" speed="4695" time="8140" acceleration="42"/>
    <motionState vehicle="1" speed="4695" time="8140" acceleration="42"/>
    <motionState vehicle="2" speed="4695" time="8140" acceleration="42"/>
    <motionState vehicle="3" speed="4695" time="8140" acceleration="42"/>
    <motionState vehicle="4" speed="4695" time="8140" acceleration="42"/>
    <motionState vehicle="0" speed="4695" time="8150" acceleration="42"/>
    <motionState vehicle="1" speed="4695" time="8150" acceleration="42"/>
    <motionState vehicle="2" speed="4695" time="8150" acceleration="42"/>
    <motionState vehicle="3" speed="4695" time="8150" acceleration="42"/>
    <motionState vehicle="4" speed="4695" time="8150" acceleration="42"/>
    <motionState vehicle="0" speed="4695" time="8160" acceleration="41"/>
    <motionState vehicle="1" speed="4695" time="8160" acceleration="41"/>
    <motionState vehicle="2" speed="4695" time="8160" acceleration="41"/>
    <motionState vehicle="3" speed="4695" time="8160" acceleration="41"/>
    <motionState vehicle="4" speed="4695" time="8160" acceleration="41"/>
    <motionState vehicle="0" speed="4696" time="8170" acceleration="41"/>
    <motionState vehicle="1" speed="4696" time="8170" acceleration="41"/>
    <motionState vehicle="2" speed="4696" time="8170" acceleration="41"/>
    <motionState vehicle="3" speed="4696" time="8170" acceleration="41"/>
    <motionState vehicle="4" speed="4696" time="8170" acceleration="41"/>
    <motionState vehicle="0" speed="4696" time="8180" acceleration="41"/>
    <motionState vehicle="1" speed="4696" time="8180" acceleration="41"/>
    <motionState vehicle="2" speed="4696" time="8180" acceleration="41"/>
    <motionState vehicle="3" speed="4696" time="8180" acceleration="41"/>
    <motionState vehicle="4" speed="4696" time="8180" acceleration="41"/>
    <motionState vehicle="0" speed="4696" time="8190" acceleration="40"/>
    <motionState vehicle="1" speed="4696" time="8190" acceleration="40"/>
    <motionState vehicle="2" speed="4696" time="8190" acceleration="40"/>
    <motionState vehicle="3" speed="4696" time="8190" acceleration="40"/>
    <motionState vehicle="4" speed="4696" time="8190" acceleration="40"/>
    <motionState vehicle="0" speed="4696" time="8200" acceleration="40"/>
    <motionState vehicle="1" speed="4696" time="8200" acceleration="40"/>
    <motionState vehicle="2" speed="4696" time="8200" acceleration="40"/>
    <motionState vehicle="3" speed="4696" time="8200" acceleration="40"/>
    <motionState vehicle="4" speed="4696" time="8200" acceleration="40"/>
    <motionState vehicle="0" speed="4696" time="8210" acceleration="39"/>
    <motionState vehicle="1" speed="4696" time="8210" acceleration="39"/>
    <motionState vehicle="2" speed="4696" time="8210" acceleration="39"/>
    <motionState vehicle="3" speed="4696" time="8210" acceleration="39"/>
    <motionState vehicle="4" speed="4696" time="8210" acceleration="39"/>
    <motionState vehicle="0" speed="4696" time="8220" acceleration="39"/>
    <motionState vehicle="1" speed="4696" time="8220" acceleration="39"/>
    <motionState vehicle="2" speed="4696" time="8220" acceleration="39"/>
    <motionState vehicle="3" speed="4696" time="8220" acceleration="39"/>
    <motionState vehicle="4" speed="4696" time="8220" acceleration="39"/>
    <motionState vehicle="0" speed="4696" time="8230" acceleration="39"/>
    <motionState vehicle="1" speed="4696" time="8230" acceleration="39"/>
    <motionState vehicle="2" speed="4696" time="8230" acceleration="39"/>
    <motionState vehicle="3" speed="4696" time="8230" acceleration="39"/>
    <motionState vehicle="4" speed="4696" time="8230" acceleration="39"/>
    <motionState vehicle="0" speed="4696" time="8240" acceleration="38"/>
    <motionState vehicle="1" speed="4696" time="8240" acceleration="38"/>
    <motionState vehicle="2" speed="4696" time="8240" acceleration="38"/>
    <motionState vehicle="3" speed="4696" time="8240" acceleration="38"/>
    <motionState vehicle="4" speed="4696" time="8240" acceleration="38"/>
    <motionState vehicle="0" speed="4696" time="8250" acceleration="38"/>
    <motionState vehicle="1" speed="4696" time="8250" acceleration="38"/>
    <motionState vehicle="2" speed="4696" time="8250" acceleration="38"/>
    <motionState vehicle="3" speed="4696" time="8250" acceleration="38"/>
    <motionState vehicle="4" speed="4696" time="8250" acceleration="38"/>
    <motionState vehicle="0" speed="4696" time="8260" acceleration="38"/>
    <motionState vehicle="1" speed="4696" time="8260" acceleration="38"/>
    <motionState vehicle="2" speed="4696" time="8260" acceleration="38"/>
    <motionState vehicle="3" speed="4696" time="8260" acceleration="38"/>
    <motionState vehicle="4" speed="4696" time="8260" acceleration="38"/>
    <motionState vehicle="0" speed="4696" time="8270" acceleration="37"/>
    <motionState vehicle="1" speed="4696" time="8270" acceleration="37"/>
    <motionState vehicle="2" speed="4696" time="8270" acceleration="37"/>
    <motionState vehicle="3" speed="4696" time="8270" acceleration="37"/>
    <motionState vehicle="4" speed="4696" time="8270" acceleration="37"/>
    <motionState vehicle="0" speed="4696" time="8280" acceleration="37"/>
    <motionState vehicle="1" speed="4696" time="8280" acceleration="37"/>
    <motionState vehicle="2" speed="4696" time="8280" acceleration="37"/>
    <motionState vehicle="3" speed="4696" time="8280" acceleration="37"/>
    <motionState vehicle="4" speed="4696" time="8280" acceleration="37"/>
    <motionState vehicle="0" speed="4696" time="8290" acceleration="37"/>
    <motionState vehicle="1" speed="4696" time="8290" acceleration="37"/>
    <motionState vehicle="2" speed="4696" time="8290" acceleration="37"/>
    <motionState vehicle="3" speed="4696" time="8290" acceleration="37"/>
    <motionState vehicle="4" speed="4696" time="8290" acceleration="37"/>
    <motionState vehicle="0" speed="4696" time="8300" acceleration="36"/>
    <motionState vehicle="1" speed="4696" time="8300" acceleration="36"/>
    <motionState vehicle="2" speed="4696" time="8300" acceleration="36"/>
    <motionState vehicle="3" speed="4696" time="8300" acceleration="36"/>
    <motionState vehicle="4" speed="4696" time="8300" acceleration="36"/>
    <motionState vehicle="0" speed="4696" time="8310" acceleration="36"/>
    <motionState vehicle="1" speed="4696" time="8310" acceleration="36"/>
    <motionState vehicle="2" speed="4696" time="8310" acceleration="36"/>
    <motionState vehicle="3" speed="4696" time="8310" acceleration="36"/>
    <motionState vehicle="4" speed="4696" time="8310" acceleration="36"/>
    <motionState vehicle="0" speed="4696" time="8320" acceleration="36"/>
    <motionState vehicle="1" speed="4696" time="8320" acceleration="36"/>
    <motionState vehicle="2" speed="4696" time="8320" acceleration="36"/>
    <motionState vehicle="3" speed="4696" time="8320" acceleration="36"/>
    <motionState vehicle="4" speed="4696" time="8320" acceleration="36"/>
    <motionState vehicle="0" speed="4696" time="8330" acceleration="35"/>
    <motionState vehicle="1" speed="4696" time="8330" acceleration="35"/>
    <motionState vehicle="2" speed="4696" time="8330" acceleration="35"/>
    <motionState vehicle="3" speed="4696" time="8330" acceleration="35"/>
    <motionState vehicle="4" speed="4696" time="8330" acceleration="35"/>
    <motionState vehicle="0" speed="4696" time="8340" acceleration="35"/>
    <motionState vehicle="1" speed="4696" time="8340" acceleration="35"/>
    <motionState vehicle="2" speed="4696" time="8340" acceleration="35"/>
    <motionState vehicle="3" speed="4696" time="8340" acceleration="35"/>
    <motionState vehicle="4" speed="4696" time="8340" acceleration="35"/>
    <motionState vehicle="0" speed="4696" time="8350" acceleration="35"/>
    <motionState vehicle="1" speed="4696" time="8350" acceleration="35"/>
    <motionState vehicle="2" speed="4696" time="8350" acceleration="35"/>
    <motionState vehicle="3" speed="4696" time="8350" acceleration="35"/>
    <motionState vehicle="4" speed="4696" time="8350" acceleration="35"/>
    <motionState vehicle="0" speed="4696" time="8360" acceleration="34"/>
    <motionState vehicle="1" speed="4696" time="8360" acceleration="34"/>
    <motionState vehicle="2" speed="4696" time="8360" acceleration="34"/>
    <motionState vehicle="3" speed="4696" time="8360" acceleration="34"/>
    <motionState vehicle="4" speed="4696" time="8360" acceleration="34"/>
    <motionState vehicle="0" speed="4696" time="8370" acceleration="34"/>
    <motionState vehicle="1" speed="4696" time="8370" acceleration="34"/>
    <motionState vehicle="2" speed="4696" time="8370" acceleration="34"/>
    <motionState vehicle="3" speed="4696" time="8370" acceleration="34"/>
    <motionState vehicle="4" speed="4696" time="8370" acceleration="34"/>
    <motionState vehicle="0" speed="4696" time="8380" acceleration="34"/>
    <motionState vehicle="1" speed="4696" time="8380" acceleration="34"/>
    <motionState vehicle="2" speed="4696" time="8380" acceleration="34"/>
    <motionState vehicle="3" speed="4696" time="8380" acceleration="34"/>
    <motionState vehicle="4" speed="4696" time="8380" acceleration="34"/>
    <motionState vehicle="0" speed="4696" time="8390" acceleration="33"/>
    <motionState vehicle="1" speed="4696" time="8390" acceleration="33"/>
    <motionState vehicle="2" speed="4696" time="8390" acceleration="33"/>
    <motionState vehicle="3" speed="4696" time="8390" acceleration="33"/>
    <motionState vehicle="4" speed="4696" time="8390" acceleration="33"/>
    <motionState vehicle="0" speed="4696" time="8400" acceleration="33"/>
    <motionState vehicle="1" speed="4696" time="8400" acceleration="33"/>
    <motionState vehicle="2" speed="4696" time="8400" acceleration="33"/>
    <motionState vehicle="3" speed="4696" time="8400" acceleration="33"/>
    <motionState vehicle="4" speed="4696" time="8400" acceleration="33"/>
    <motionState vehicle="0" speed="4696" time="8410" acceleration="33"/>
    <motionState vehicle="1" speed="4696" time="8410" acceleration="33"/>
    <motionState vehicle="2" speed="4696" time="8410" acceleration="33"/>
    <motionState vehicle="3" speed="4696" time="8410" acceleration="33"/>
    <motionState vehicle="4" speed="4696" time="8410" acceleration="33"/>
    <motionState vehicle="0" speed="4696" time="8420" acceleration="33"/>
    <motionState vehicle="1" speed="4696" time="8420" acceleration="33"/>
    <motionState vehicle="2" speed="4696" time="8420" acceleration="33"/>
    <motionState vehicle="3" speed="4696" time="8420" acceleration="33"/>
    <motionState vehicle="4" speed="4696" time="8420" acceleration="33"/>
    <motionState vehicle="0" speed="4696" time="8430" acceleration="32"/>
    <motionState vehicle="1" speed="4696" time="8430" acceleration="32"/>
    <motionState vehicle="2" speed="4696" time="8430" acceleration="32"/>
    <motionState vehicle="3" speed="4696" time="8430" acceleration="32"/>
    <motionState vehicle="4" speed="4696" time="8430" acceleration="32"/>
    <motionState vehicle="0" speed="4697" time="8440" acceleration="32"/>
    <motionState vehicle="1" speed="4697" time="8440" acceleration="32"/>
    <motionState vehicle="2" speed="4697" time="8440" acceleration="32"/>
    <motionState vehicle="3" speed="4697" time="8440" acceleration="32"/>
    <motionState vehicle="4" speed="4697" time="8440" acceleration="32"/>
    <motionState vehicle="0" speed="4697" time="8450" acceleration="32"/>
    <motionState vehicle="1" speed="4697" time="8450" acceleration="32"/>
    <motionState vehicle="2" speed="4697" time="8450" acceleration="32"/>
    <motionState vehicle="3" speed="4697" time="8450" acceleration="32"/>
    <motionState vehicle="4" speed="4697" time="8450" acceleration="32"/>
    <motionState vehicle="0" speed="4697" time="8460" acceleration="31"/>
    <motionState vehicle="1" speed="4697" time="8460" acceleration="31"/>
    <motionState vehicle="2" speed="4697" time="8460" acceleration="31"/>
    <motionState vehicle="3" speed="4697" time="8460" acceleration="31"/>
    <motionState vehicle="4" speed="4697" time="8460" acceleration="31"/>
    <motionState vehicle="0" speed="4697" time="8470" acceleration="31"/>
    <motionState vehicle="1" speed="4697" time="8470" acceleration="31"/>
    <motionState vehicle="2" speed="4697" time="8470" acceleration="31"/>
    <motionState vehicle="3" speed="4697" time="8470" acceleration="31"/>
    <motionState vehicle="4" speed="4697" time="8470" acceleration="31"/>
    <motionState vehicle="0" speed="4697" time="8480" acceleration="31"/>
    <motionState vehicle="1" speed="4697" time="8480" acceleration="31"/>
    <motionState vehicle="2" speed="4697" time="8480" acceleration="31"/>
    <motionState vehicle="3" speed="4697" time="8480" acceleration="31"/>
    <motionState vehicle="4" speed="4697" time="8480" acceleration="31"/>
    <motionState vehicle="0" speed="4697" time="8490" acceleration="31"/>
    <motionState vehicle="1" speed="4697" time="8490" acceleration="31"/>
    <motionState vehicle="2" speed="4697" time="8490" acceleration="31"/>
    <motionState vehicle="3" speed="4697" time="8490" acceleration="31"/>
    <motionState vehicle="4" speed="4697" time="8490" acceleration="31"/>
    <motionState vehicle="0" speed="4697" time="8500" acceleration="30"/>
    <motionState vehicle="1" speed="4697" time="8500" acceleration="30"/>
    <motionState vehicle="2" speed="4697" time="8500" acceleration="30"/>
    <motionState vehicle="3" speed="4697" time="8500" acceleration="30"/>
    <motionState vehicle="4" speed="4697" time="8500" acceleration="30"/>
    <motionState vehicle="0" speed="4697" time="8510" acceleration="30"/>
    <motionState vehicle="1" speed="4697" time="8510" acceleration="30"/>
    <motionState vehicle="2" speed="4697" time="8510" acceleration="30"/>
    <motionState vehicle="3" speed="4697" time="8510" acceleration="30"/>
    <motionState vehicle="4" speed="4697" time="8510" acceleration="30"/>
    <motionState vehicle="0" speed="4697" time="8520" acceleration="30"/>
    <motionState vehicle="1" speed="4697" time="8520" acceleration="30"/>
    <motionState vehicle="2" speed="4697" time="8520" acceleration="30"/>
    <motionState vehicle="3" speed="4697" time="8520" acceleration="30"/>
    <motionState vehicle="4" speed="4697" time="8520" acceleration="30"/>
    <motionState vehicle="0" speed="4697" time="8530" acceleration="29"/>
    <motionState vehicle="1" speed="4697" time="8530" acceleration="29"/>
    <motionState vehicle="2" speed="4697" time="8530" acceleration="29"/>
    <motionState vehicle="3" speed="4697" time="8530" acceleration="29"/>
    <motionState vehicle="4" speed="4697" time="8530" acceleration="29"/>
    <motionState vehicle="0" speed="4697" time="8540" acceleration="29"/>
    <motionState vehicle="1" speed="4697" time="8540" acceleration="29"/>
    <motionState vehicle="2" speed="4697" time="8540" acceleration="29"/>
    <motionState vehicle="3" speed="4697" time="8540" acceleration="29"/>
    <motionState vehicle="4" speed="4697" time="8540" acceleration="29"/>
    <motionState vehicle="0" speed="4697" time="8550" acceleration="29"/>
    <motionState vehicle="1" speed="4697" time="8550" acceleration="29"/>
    <motionState vehicle="2" speed="4697" time="8550" acceleration="29"/>
    <motionState vehicle="3" speed="4697" time="8550" acceleration="29"/>
    <motionState vehicle="4" speed="4697" time="8550" acceleration="29"/>
    <motionState vehicle="0" speed="4697" time="8560" acceleration="29"/>
    <motionState vehicle="1" speed="4697" time="8560" acceleration="29"/>
    <motionState vehicle="2" speed="4697" time="8560" acceleration="29"/>
    <motionState vehicle="3" speed="4697" time="8560" acceleration="29"/>
    <motionState vehicle="4" speed="4697" time="8560" acceleration="29"/>
    <motionState vehicle="0" speed="4697" time="8570" acceleration="28"/>
    <motionState vehicle="1" speed="4697" time="8570" acceleration="28"/>
    <motionState vehicle="2" speed="4697" time="8570" acceleration="28"/>
    <motionState vehicle="3" speed="4697" time="8570" acceleration="28"/>
    <motionState vehicle="4" speed="4697" time="8570" acceleration="28"/>
    <motionState vehicle="0" speed="4697" time="8580" acceleration="28"/>
    <motionState vehicle="1" speed="4697" time="8580" acceleration="28"/>
    <motionState vehicle="2" speed="4697" time="8580" acceleration="28"/>
    <motionState vehicle="3" speed="4697" time="8580" acceleration="28"/>
    <motionState vehicle="4" speed="4697" time="8580" acceleration="28"/>
    <motionState vehicle="0" speed="4697" time="8590" acceleration="28"/>
    <motionState vehicle="1" speed="4697" time="8590" acceleration="28"/>
    <motionState vehicle="2" speed="4697" time="8590" acceleration="28"/>
    <motionState vehicle="3" speed="4697" time="8590" acceleration="28"/>
    <motionState vehicle="4" speed="4697" time="8590" acceleration="28"/>
    <motionState vehicle="0" speed="4697" time="8600" acceleration="28"/>
    <motionState vehicle="1" speed="4697" time="8600" acceleration="28"/>
    <motionState vehicle="2" speed="4697" time="8600" acceleration="28"/>
    <motionState vehicle="3" speed="4697" time="8600" acceleration="28"/>
    <motionState vehicle="4" speed="4697" time="8600" acceleration="28"/>
    <motionState vehicle="0" speed="4697" time="8610" acceleration="27"/>
    <motionState vehicle="1" speed="4697" time="8610" acceleration="27"/>
    <motionState vehicle="2" speed="4697" time="8610" acceleration="27"/>
    <motionState vehicle="3" speed="4697" time="8610" acceleration="27"/>
    <motionState vehicle="4" speed="4697" time="8610" acceleration="27"/>
    <motionState vehicle="0" speed="4697" time="8620" acceleration="27"/>
    <motionState vehicle="1" speed="4697" time="8620" acceleration="27"/>
    <motionState vehicle="2" speed="4697" time="8620" acceleration="27"/>
    <motionState vehicle="3" speed="4697" time="8620" acceleration="27"/>
    <motionState vehicle="4" speed="4697" time="8620" acceleration="27"/>
    <motionState vehicle="0" speed="4697" time="8630" acceleration="27"/>
    <motionState vehicle="1" speed="4697" time="8630" acceleration="27"/>
    <motionState vehicle="2" speed="4697" time="8630" acceleration="27"/>
    <motionState vehicle="3" speed="4697" time="8630" acceleration="27"/>
    <motionState vehicle="4" speed="4697" time="8630" acceleration="27"/>
    <motionState vehicle="0" speed="4697" time="8640" acceleration="27"/>
    <motionState vehicle="1" speed="4697" time="8640" acceleration="27"/>
    <motionState vehicle="2" speed="4697" time="8640" acceleration="27"/>
    <motionState vehicle="3" speed="4697" time="8640" acceleration="27"/>
    <motionState vehicle="4" speed="4697" time="8640" acceleration="27"/>
    <motionState vehicle="0" speed="4697" time="8650" acceleration="26"/>
    <motionState vehicle="1" speed="4697" time="8650" acceleration="26"/>
    <motionState vehicle="2" speed="4697" time="8650" acceleration="26"/>
    <motionState vehicle="3" speed="4697" time="8650" acceleration="26"/>
    <motionState vehicle="4" speed="4697" time="8650" acceleration="26"/>
    <motionState vehicle="0" speed="4697" time="8660" acceleration="26"/>
    <motionState vehicle="1" speed="4697" time="8660" acceleration="26"/>
    <motionState vehicle="2" speed="4697" time="8660" acceleration="26"/>
    <motionState vehicle="3" speed="4697" time="8660" acceleration="26"/>
    <motionState vehicle="4" speed="4697" time="8660" acceleration="26"/>
    <motionState vehicle="0" speed="4697" time="8670" acceleration="26"/>
    <motionState vehicle="1" speed="4697" time="8670" acceleration="26"/>
    <motionState vehicle="2" speed="4697" time="8670" acceleration="26"/>
    <motionState vehicle="3" speed="4697" time="8670" acceleration="26"/>
    <motionState vehicle="4" speed="4697" time="8670" acceleration="26"/>
    <motionState vehicle="0" speed="4697" time="8680" acceleration="26"/>
    <motionState vehicle="1" speed="4697" time="8680" acceleration="26"/>
    <motionState vehicle="2" speed="4697" time="8680" acceleration="26"/>
    <motionState vehicle="3" speed="4697" time="8680" acceleration="26"/>
    <motionState vehicle="4" speed="4697" time="8680" acceleration="26"/>
    <motionState vehicle="0" speed="4697" time="8690" acceleration="25"/>
    <motionState vehicle="1" speed="4697" time="8690" acceleration="25"/>
    <motionState vehicle="2" speed="4697" time="8690" acceleration="25"/>
    <motionState vehicle="3" speed="4697" time="8690" acceleration="25"/>
    <motionState vehicle="4" speed="4697" time="8690" acceleration="25"/>
    <motionState vehicle="0" speed="4697" time="8700" acceleration="25"/>
    <motionState vehicle="1" speed="4697" time="8700" acceleration="25"/>
    <motionState vehicle="2" speed="4697" time="8700" acceleration="25"/>
    <motionState vehicle="3" speed="4697" time="8700" acceleration="25"/>
    <motionState vehicle="4" speed="4697" time="8700" acceleration="25"/>
    <motionState vehicle="0" speed="4697" time="8710" acceleration="25"/>
    <motionState vehicle="1" speed="4697" time="8710" acceleration="25"/>
    <motionState vehicle="2" speed="4697" time="8710" acceleration="25"/>
    <motionState vehicle="3" speed="4697" time="8710" acceleration="25"/>
    <motionState vehicle="4" speed="4697" time="8710" acceleration="25"/>
    <motionState vehicle="0" speed="4697" time="8720" acceleration="25"/>
    <motionState vehicle="1" speed="4697" time="8720" acceleration="25"/>
    <motionState vehicle="2" speed="4697" time="8720" acceleration="25"/>
    <motionState vehicle="3" speed="4697" time="8720" acceleration="25"/>
    <motionState vehicle="4" speed="4697" time="8720" acceleration="25"/>
    <motionState vehicle="0" speed="4697" time="8730" acceleration="25"/>
    <motionState vehicle="1" speed="4697" time="8730" acceleration="25"/>
    <motionState vehicle="2" speed="4697" time="8730" acceleration="25"/>
    <motionState vehicle="3" speed="4697" time="8730" acceleration="25"/>
    <motionState vehicle="4" speed="4697" time="8730" acceleration="25"/>
    <motionState vehicle="0" speed="4697" time="8740" acceleration="24"/>
    <motionState vehicle="1" speed="4697" time="8740" acceleration="24"/>
    <motionState vehicle="2" speed="4697" time="8740" acceleration="24"/>
    <motionState vehicle="3" speed="4697" time="8740" acceleration="24"/>
    <motionState vehicle="4" speed="4697" time="8740" acceleration="24"/>
    <motionState vehicle="0" speed="4697" time="8750" acceleration="24"/>
    <motionState vehicle="1" speed="4697" time="8750" acceleration="24"/>
    <motionState vehicle="2" speed="4697" time="8750" acceleration="24"/>
    <motionState vehicle="3" speed="4697" time="8750" acceleration="24"/>
    <motionState vehicle="4" speed="4697" time="8750" acceleration="24"/>
    <motionState vehicle="0" speed="4697" time="8760" acceleration="24"/>
    <motionState vehicle="1" speed="4697" time="8760" acceleration="24"/>
    <motionState vehicle="2" speed="4697" time="8760" acceleration="24"/>
    <motionState vehicle="3" speed="4697" time="8760" acceleration="24"/>
    <motionState vehicle="4" speed="4697" time="8760" acceleration="24"/>
    <motionState vehicle="0" speed="4697" time="8770" acceleration="24"/>
    <motionState vehicle="1" speed="4697" time="8770" acceleration="24"/>
    <motionState vehicle="2" speed="4697" time="8770" acceleration="24"/>
    <motionState vehicle="3" speed="4697" time="8770" acceleration="24"/>
    <motionState vehicle="4" speed="4697" time="8770" acceleration="24"/>
    <motionState vehicle="0" speed="4697" time="8780" acceleration="23"/>
    <motionState vehicle="1" speed="4697" time="8780" acceleration="23"/>
    <motionState vehicle="2" speed="4697" time="8780" acceleration="23"/>
    <motionState vehicle="3" speed="4697" time="8780" acceleration="23"/>
    <motionState vehicle="4" speed="4697" time="8780" acceleration="23"/>
    <motionState vehicle="0" speed="4697" time="8790" acceleration="23"/>
    <motionState vehicle="1" speed="4697" time="8790" acceleration="23"/>
    <motionState vehicle="2" speed="4697" time="8790" acceleration="23"/>
    <motionState vehicle="3" speed="4697" time="8790" acceleration="23"/>
    <motionState vehicle="4" speed="4697" time="8790" acceleration="23"/>
    <motionState vehicle="0" speed="4697" time="8800" acceleration="23"/>
    <motionState vehicle="1" speed="4697" time="8800" acceleration="23"/>
    <motionState vehicle="2" speed="4697" time="8800" acceleration="23"/>
    <motionState vehicle="3" speed="4697" time="8800" acceleration="23"/>
    <motionState vehicle="4" speed="4697" time="8800" acceleration="23"/>
    <motionState vehicle="0" speed="4698" time="8810" acceleration="23"/>
    <motionState vehicle="1" speed="4698" time="8810" acceleration="23"/>
    <motionState vehicle="2" speed="4698" time="8810" acceleration="23"/>
    <motionState vehicle="3" speed="4698" time="8810" acceleration="23"/>
    <motionState vehicle="4" speed="4698" time="8810" acceleration="23"/>
    <motionState vehicle="0" speed="4698" time="8820" acceleration="23"/>
    <motionState vehicle="1" speed="4698" time="8820" acceleration="23"/>
    <motionState vehicle="2" speed="4698" time="8820" acceleration="23"/>
    <motionState vehicle="3" speed="4698" time="8820" acceleration="23"/>
    <motionState vehicle="4" speed="4698" time="8820" acceleration="23"/>
    <motionState vehicle="0" speed="4698" time="8830" acceleration="22"/>
    <motionState vehicle="1" speed="4698" time="8830" acceleration="22"/>
    <motionState vehicle="2" speed="4698" time="8830" acceleration="22"/>
    <motionState vehicle="3" speed="4698" time="8830" acceleration="22"/>
    <motionState vehicle="4" speed="4698" time="8830" acceleration="22"/>
    <motionState vehicle="0" speed="4698" time="8840" acceleration="22"/>
    <motionState vehicle="1" speed="4698" time="8840" acceleration="22"/>
    <motionState vehicle="2" speed="4698" time="8840" acceleration="22"/>
    <motionState vehicle="3" speed="4698" time="8840" acceleration="22"/>
    <motionState vehicle="4" speed="4698" time="8840" acceleration="22"/>
    <motionState vehicle="0" speed="4698" time="8850" acceleration="22"/>
    <motionState vehicle="1" speed="4698" time="8850" acceleration="22"/>
    <motionState vehicle="2" speed="4698" time="8850" acceleration="22"/>
    <motionState vehicle="3" speed="4698" time="8850" acceleration="22"/>
    <motionState vehicle="4" speed="4698" time="8850" acceleration="22"/>
    <motionState vehicle="0" speed="4698" time="8860" acceleration="22"/>
    <motionState vehicle="1" speed="4698" time="8860" acceleration="22"/>
    <motionState vehicle="2" speed="4698" time="8860" acceleration="22"/>
    <motionState vehicle="3" speed="4698" time="8860" acceleration="22"/>
    <motionState vehicle="4" speed="4698" time="8860" acceleration="22"/>
    <motionState vehicle="0" speed="4698" time="8870" acceleration="22"/>
    <motionState vehicle="1" speed="4698" time="8870" acceleration="22"/>
    <motionState vehicle="2" speed="4698" time="8870" acceleration="22"/>
    <motionState vehicle="3" speed="4698" time="8870" acceleration="22"/>
    <motionState vehicle="4" speed="4698" time="8870" acceleration="22"/>
    <motionState vehicle="0" speed="4698" time="8880" acceleration="21"/>
    <motionState vehicle="1" speed="4698" time="8880" acceleration="21"/>
    <motionState vehicle="2" speed="4698" time="8880" acceleration="21"/>
    <motionState vehicle="3" speed="4698" time="8880" acceleration="21"/>
    <motionState vehicle="4" speed="4698" time="8880" acceleration="21"/>
    <motionState vehicle="0" speed="4698" time="8890" acceleration="21"/>
    <motionState vehicle="1" speed="4698" time="8890" acceleration="21"/>
    <motionState vehicle="2" speed="4698" time="8890" acceleration="21"/>
    <motionState vehicle="3" speed="4698" time="8890" acceleration="21"/>
    <motionState vehicle="4" speed="4698" time="8890" acceleration="21"/>
    <motionState vehicle="0" speed="4698" time="8900" acceleration="21"/>
    <motionState vehicle="1" speed="4698" time="8900" acceleration="21"/>
    <motionState vehicle="2" speed="4698" time="8900" acceleration="21"/>
    <motionState vehicle="3" speed="4698" time="8900" acceleration="21"/>
    <motionState vehicle="4" speed="4698" time="8900" acceleration="21"/>
    <motionState vehicle="0" speed="4698" time="8910" acceleration="21"/>
    <motionState vehicle="1" speed="4698" time="8910" acceleration="21"/>
    <motionState vehicle="2" speed="4698" time="8910" acceleration="21"/>
    <motionState vehicle="3" speed="4698" time="8910" acceleration="21"/>
    <motionState vehicle="4" speed="4698" time="8910" acceleration="21"/>
    <motionState vehicle="0" speed="4698" time="8920" acceleration="21"/>
    <motionState vehicle="1" speed="4698" time="8920" acceleration="21"/>
    <motionState vehicle="2" speed="4698" time="8920" acceleration="21"/>
    <motionState vehicle="3" speed="4698" time="8920" acceleration="21"/>
    <motionState vehicle="4" speed="4698" time="8920" acceleration="21"/>
    <motionState vehicle="0" speed="4698" time="8930" acceleration="20"/>
    <motionState vehicle="1" speed="4698" time="8930" acceleration="20"/>
    <motionState vehicle="2" speed="4698" time="8930" acceleration="20"/>
    <motionState vehicle="3" speed="4698" time="8930" acceleration="20"/>
    <motionState vehicle="4" speed="4698" time="8930" acceleration="20"/>
    <motionState vehicle="0" speed="4698" time="8940" acceleration="20"/>
    <motionState vehicle="1" speed="4698" time="8940" acceleration="20"/>
    <motionState vehicle="2" speed="4698" time="8940" acceleration="20"/>
    <motionState vehicle="3" speed="4698" time="8940" acceleration="20"/>
    <motionState vehicle="4" speed="4698" time="8940" acceleration="20"/>
    <motionState vehicle="0" speed="4698" time="8950" acceleration="20"/>
    <motionState vehicle="1" speed="4698" time="8950" acceleration="20"/>
    <motionState vehicle="2" speed="4698" time="8950" acceleration="20"/>
    <motionState vehicle="3" speed="4698" time="8950" acceleration="20"/>
    <motionState vehicle="4" speed="4698" time="8950" acceleration="20"/>
    <motionState vehicle="0" speed="4698" time="8960" acceleration="20"/>
    <motionState vehicle="1" speed="4698" time="8960" acceleration="20"/>
    <motionState vehicle="2" speed="4698" time="8960" acceleration="20"/>
    <motionState vehicle="3" speed="4698" time="8960" acceleration="20"/>
    <motionState vehicle="4" speed="4698" time="8960" acceleration="20"/>
    <motionState vehicle="0" speed="4698" time="8970" acceleration="20"/>
    <motionState vehicle="1" speed="4698" time="8970" acceleration="20"/>
    <motionState vehicle="2" speed="4698" time="8970" acceleration="20"/>
    <motionState vehicle="3" speed="4698" time="8970" acceleration="20"/>
    <motionState vehicle="4" speed="4698" time="8970" acceleration="20"/>
    <motionState vehicle="0" speed="4698" time="8980" acceleration="20"/>
    <motionState vehicle="1" speed="4698" time="8980" acceleration="20"/>
    <motionState vehicle="2" speed="4698" time="8980" acceleration="20"/>
    <motionState vehicle="3" speed="4698" time="8980" acceleration="20"/>
    <motionState vehicle="4" speed="4698" time="8980" acceleration="20"/>
    <motionState vehicle="0" speed="4698" time="8990" acceleration="19"/>
    <motionState vehicle="1" speed="4698" time="8990" acceleration="19"/>
    <motionState vehicle="2" speed="4698" time="8990" acceleration="19"/>
    <motionState vehicle="3" speed="4698" time="8990" acceleration="19"/>
    <motionState vehicle="4" speed="4698" time="8990" acceleration="19"/>
    <motionState vehicle="0" speed="4698" time="9000" acceleration="19"/>
    <motionState vehicle="1" speed="4698" time="9000" acceleration="19"/>
    <motionState vehicle="2" speed="4698" time="9000" acceleration="19"/>
    <motionState vehicle="3" speed="4698" time="9000" acceleration="19"/>
    <motionState vehicle="4" speed="4698" time="9000" acceleration="19"/>
    <motionState vehicle="0" speed="4698" time="9010" acceleration="19"/>
    <motionState vehicle="1" speed="4698" time="9010" acceleration="19"/>
    <motionState vehicle="2" speed="4698" time="9010" acceleration="19"/>
    <motionState vehicle="3" speed="4698" time="9010" acceleration="19"/>
    <motionState vehicle="4" speed="4698" time="9010" acceleration="19"/>
    <motionState vehicle="0" speed="4698" time="9020" acceleration="19"/>
    <motionState vehicle="1" speed="4698" time="9020" acceleration="19"/>
    <motionState vehicle="2" speed="4698" time="9020" acceleration="19"/>
    <motionState vehicle="3" speed="4698" time="9020" acceleration="19"/>
    <motionState vehicle="4" speed="4698" time="9020" acceleration="19"/>
    <motionState vehicle="0" speed="4698" time="9030" acceleration="19"/>
    <motionState vehicle="1" speed="4698" time="9030" acceleration="19"/>
    <motionState vehicle="2" speed="4698" time="9030" acceleration="19"/>
    <motionState vehicle="3" speed="4698" time="9030" acceleration="19"/>
    <motionState vehicle="4" speed="4698" time="9030" acceleration="19"/>
    <motionState vehicle="0" speed="4698" time="9040" acceleration="18"/>
    <motionState vehicle="1" speed="4698" time="9040" acceleration="18"/>
    <motionState vehicle="2" speed="4698" time="9040" acceleration="18"/>
    <motionState vehicle="3" speed="4698" time="9040" acceleration="18"/>
    <motionState vehicle="4" speed="4698" time="9040" acceleration="18"/>
    <motionState vehicle="0" speed="4698" time="9050" acceleration="18"/>
    <motionState vehicle="1" speed="4698" time="9050" acceleration="18"/>
    <motionState vehicle="2" speed="4698" time="9050" acceleration="18"/>
    <motionState vehicle="3" speed="4698" time="9050" acceleration="18"/>
    <motionState vehicle="4" speed="4698" time="9050" acceleration="18"/>
    <motionState vehicle="0" speed="4698" time="9060" acceleration="18"/>
    <motionState vehicle="1" speed="4698" time="9060" acceleration="18"/>
    <motionState vehicle="2" speed="4698" time="9060" acceleration="18"/>
    <motionState vehicle="3" speed="4698" time="9060" acceleration="18"/>
    <motionState vehicle="4" speed="4698" time="9060" acceleration="18"/>
    <motionState vehicle="0" speed="4698" time="9070" acceleration="18"/>
    <motionState vehicle="1" speed="4698" time="9070" acceleration="18"/>
    <motionState vehicle="2" speed="4698" time="9070" acceleration="18"/>
    <motionState vehicle="3" speed="4698" time="9070" acceleration="18"/>
    <motionState vehicle="4" speed="4698" time="9070" acceleration="18"/>
    <motionState vehicle="0" speed="4698" time="9080" acceleration="18"/>
    <motionState vehicle="1" speed="4698" time="9080" acceleration="18"/>
    <motionState vehicle="2" speed="4698" time="9080" acceleration="18"/>
    <motionState vehicle="3" speed="4698" time="9080" acceleration="18"/>
    <motionState vehicle="4" speed="4698" time="9080" acceleration="18"/>
    <motionState vehicle="0" speed="4698" time="9090" acceleration="18"/>
    <motionState vehicle="1" speed="4698" time="9090" acceleration="18"/>
    <motionState vehicle="2" speed="4698" time="9090" acceleration="18"/>
    <motionState vehicle="3" speed="4698" time="9090" acceleration="18"/>
    <motionState vehicle="4" speed="4698" time="9090" acceleration="18"/>
    <motionState vehicle="0" speed="4698" time="9100" acceleration="18"/>
    <motionState vehicle="1" speed="4698" time="9100" acceleration="18"/>
    <motionState vehicle="2" speed="4698" time="9100" acceleration="18"/>
    <motionState vehicle="3" speed="4698" time="9100" acceleration="18"/>
    <motionState vehicle="4" speed="4698" time="9100" acceleration="18"/>
    <motionState vehicle="0" speed="4698" time="9110" acceleration="17"/>
    <motionState vehicle="1" speed="4698" time="9110" acceleration="17"/>
    <motionState vehicle="2" speed="4698" time="9110" acceleration="17"/>
    <motionState vehicle="3" speed="4698" time="9110" acceleration="17"/>
    <motionState vehicle="4" speed="4698" time="9110" acceleration="17"/>
    <motionState vehicle="0" speed="4698" time="9120" acceleration="17"/>
    <motionState vehicle="1" speed="4698" time="9120" acceleration="17"/>
    <motionState vehicle="2" speed="4698" time="9120" acceleration="17"/>
    <motionState vehicle="3" speed="4698" time="9120" acceleration="17"/>
    <motionState vehicle="4" speed="4698" time="9120" acceleration="17"/>
    <motionState vehicle="0" speed="4698" time="9130" acceleration="17"/>
    <motionState vehicle="1" speed="4698" time="9130" acceleration="17"/>
    <motionState vehicle="2" speed="4698" time="9130" acceleration="17"/>
    <motionState vehicle="3" speed="4698" time="9130" acceleration="17"/>
    <motionState vehicle="4" speed="4698" time="9130" acceleration="17"/>
    <motionState vehicle="0" speed="4698" time="9140" acceleration="17"/>
    <motionState vehicle="1" speed="4698" time="9140" acceleration="17"/>
    <motionState vehicle="2" speed="4698" time="9140" acceleration="17"/>
    <motionState vehicle="3" speed="4698" time="9140" acceleration="17"/>
    <motionState vehicle="4" speed="4698" time="9140" acceleration="17"/>
    <motionState vehicle="0" speed="4698" time="9150" acceleration="17"/>
    <motionState vehicle="1" speed="4698" time="9150" acceleration="17"/>
    <motionState vehicle="2" speed="4698" time="9150" acceleration="17"/>
    <motionState vehicle="3" speed="4698" time="9150" acceleration="17"/>
    <motionState vehicle="4" speed="4698" time="9150" acceleration="17"/>
    <motionState vehicle="0" speed="4698" time="9160" acceleration="17"/>
    <motionState vehicle="1" speed="4698" time="9160" acceleration="17"/>
    <motionState vehicle="2" speed="4698" time="9160" acceleration="17"/>
    <motionState vehicle="3" speed="4698" time="9160" acceleration="17"/>
    <motionState vehicle="4" speed="4698" time="9160" acceleration="17"/>
    <motionState vehicle="0" speed="4698" time="9170" acceleration="16"/>
    <motionState vehicle="1" speed="4698" time="9170" acceleration="16"/>
    <motionState vehicle="2" speed="4698" time="9170" acceleration="16"/>
    <motionState vehicle="3" speed="4698" time="9170" acceleration="16"/>
    <motionState vehicle="4" speed="4698" time="9170" acceleration="16"/>
    <motionState vehicle="0" speed="4698" time="9180" acceleration="16"/>
    <motionState vehicle="1" speed="4698" time="9180" acceleration="16"/>
    <motionState vehicle="2" speed="4698" time="9180" acceleration="16"/>
    <motionState vehicle="3" speed="4698" time="9180" acceleration="16"/>
    <motionState vehicle="4" speed="4698" time="9180" acceleration="16"/>
    <motionState vehicle="0" speed="4698" time="9190" acceleration="16"/>
    <motionState vehicle="1" speed="4698" time="9190" acceleration="16"/>
    <motionState vehicle="2" speed="4698" time="9190" acceleration="16"/>
    <motionState vehicle="3" speed="4698" time="9190" acceleration="16"/>
    <motionState vehicle="4" speed="4698" time="9190" acceleration="16"/>
    <motionState vehicle="0" speed="4698" time="9200" acceleration="16"/>
    <motionState vehicle="1" speed="4698" time="9200" acceleration="16"/>
    <motionState vehicle="2" speed="4698" time="9200" acceleration="16"/>
    <motionState vehicle="3" speed="4698" time="9200" acceleration="16"/>
    <motionState vehicle="4" speed="4698" time="9200" acceleration="16"/>
    <motionState vehicle="0" speed="4698" time="9210" acceleration="16"/>
    <motionState vehicle="1" speed="4698" time="9210" acceleration="16"/>
    <motionState vehicle="2" speed="4698" time="9210" acceleration="16"/>
    <motionState vehicle="3" speed="4698" time="9210" acceleration="16"/>
    <motionState vehicle="4" speed="4698" time="9210" acceleration="16"/>
    <motionState vehicle="0" speed="4698" time="9220" acceleration="16"/>
    <motionState vehicle="1" speed="4698" time="9220" acceleration="16"/>
    <motionState vehicle="2" speed="4698" time="9220" acceleration="16"/>
    <motionState vehicle="3" speed="4698" time="9220" acceleration="16"/>
    <motionState vehicle="4" speed="4698" time="9220" acceleration="16"/>
    <motionState vehicle="0" speed="4698" time="9230" acceleration="16"/>
    <motionState vehicle="1" speed="4698" time="9230" acceleration="16"/>
    <motionState vehicle="2" speed="4698" time="9230" acceleration="16"/>
    <motionState vehicle="3" speed="4698" time="9230" acceleration="16"/>
    <motionState vehicle="4" speed="4698" time="9230" acceleration="16"/>
    <motionState vehicle="0" speed="4698" time="9240" acceleration="15"/>
    <motionState vehicle="1" speed="4698" time="9240" acceleration="15"/>
    <motionState vehicle="2" speed="4698" time="9240" acceleration="15"/>
    <motionState vehicle="3" speed="4698" time="9240" acceleration="15"/>
    <motionState vehicle="4" speed="4698" time="9240" acceleration="15"/>
    <motionState vehicle="0" speed="4698" time="9250" acceleration="15"/>
    <motionState vehicle="1" speed="4698" time="9250" acceleration="15"/>
    <motionState vehicle="2" speed="4698" time="9250" acceleration="15"/>
    <motionState vehicle="3" speed="4698" time="9250" acceleration="15"/>
    <motionState vehicle="4" speed="4698" time="9250" acceleration="15"/>
    <motionState vehicle="0" speed="4698" time="9260" acceleration="15"/>
    <motionState vehicle="1" speed="4698" time="9260" acceleration="15"/>
    <motionState vehicle="2" speed="4698" time="9260" acceleration="15"/>
    <motionState vehicle="3" speed="4698" time="9260" acceleration="15"/>
    <motionState vehicle="4" speed="4698" time="9260" acceleration="15"/>
    <motionState vehicle="0" speed="4698" time="9270" acceleration="15"/>
    <motionState vehicle="1" speed="4698" time="9270" acceleration="15"/>
    <motionState vehicle="2" speed="4698" time="9270" acceleration="15"/>
    <motionState vehicle="3" speed="4698" time="9270" acceleration="15"/>
    <motionState vehicle="4" speed="4698" time="9270" acceleration="15"/>
    <motionState vehicle="0" speed="4698" time="9280" acceleration="15"/>
    <motionState vehicle="1" speed="4698" time="9280" acceleration="15"/>
    <motionState vehicle="2" speed="4698" time="9280" acceleration="15"/>
    <motionState vehicle="3" speed="4698" time="9280" acceleration="15"/>
    <motionState vehicle="4" speed="4698" time="9280" acceleration="15"/>
    <motionState vehicle="0" speed="4698" time="9290" acceleration="15"/>
    <motionState vehicle="1" speed="4698" time="9290" acceleration="15"/>
    <motionState vehicle="2" speed="4698" time="9290" acceleration="15"/>
    <motionState vehicle="3" speed="4698" time="9290" acceleration="15"/>
    <motionState vehicle="4" speed="4698" time="9290" acceleration="15"/>
    <motionState vehicle="0" speed="4698" time="9300" acceleration="15"/>
    <motionState vehicle="1" speed="4698" time="9300" acceleration="15"/>
    <motionState vehicle="2" speed="4698" time="9300" acceleration="15"/>
    <motionState vehicle="3" speed="4698" time="9300" acceleration="15"/>
    <motionState vehicle="4" speed="4698" time="9300" acceleration="15"/>
    <motionState vehicle="0" speed="4698" time="9310" acceleration="14"/>
    <motionState vehicle="1" speed="4698" time="9310" acceleration="14"/>
    <motionState vehicle="2" speed="4698" time="9310" acceleration="14"/>
    <motionState vehicle="3" speed="4698" time="9310" acceleration="14"/>
    <motionState vehicle="4" speed="4698" time="9310" acceleration="14"/>
    <motionState vehicle="0" speed="4698" time="9320" acceleration="14"/>
    <motionState vehicle="1" speed="4698" time="9320" acceleration="14"/>
    <motionState vehicle="2" speed="4698" time="9320" acceleration="14"/>
    <motionState vehicle="3" speed="4698" time="9320" acceleration="14"/>
    <motionState vehicle="4" speed="4698" time="9320" acceleration="14"/>
    <motionState vehicle="0" speed="4698" time="9330" acceleration="14"/>
    <motionState vehicle="1" speed="4698" time="9330" acceleration="14"/>
    <motionState vehicle="2" speed="4698" time="9330" acceleration="14"/>
    <motionState vehicle="3" speed="4698" time="9330" acceleration="14"/>
    <motionState vehicle="4" speed="4698" time="9330" acceleration="14"/>
    <motionState vehicle="0" speed="4698" time="9340" acceleration="14"/>
    <motionState vehicle="1" speed="4698" time="9340" acceleration="14"/>
    <motionState vehicle="2" speed="4698" time="9340" acceleration="14"/>
    <motionState vehicle="3" speed="4698" time="9340" acceleration="14"/>
    <motionState vehicle="4" speed="4698" time="9340" acceleration="14"/>
    <motionState vehicle="0" speed="4698" time="9350" acceleration="14"/>
    <motionState vehicle="1" speed="4698" time="9350" acceleration="14"/>
    <motionState vehicle="2" speed="4698" time="9350" acceleration="14"/>
    <motionState vehicle="3" speed="4698" time="9350" acceleration="14"/>
    <motionState vehicle="4" speed="4698" time="9350" acceleration="14"/>
    <motionState vehicle="0" speed="4698" time="9360" acceleration="14"/>
    <motionState vehicle="1" speed="4698" time="9360" acceleration="14"/>
    <motionState vehicle="2" speed="4698" time="9360" acceleration="14"/>
    <motionState vehicle="3" speed="4698" time="9360" acceleration="14"/>
    <motionState vehicle="4" speed="4698" time="9360" acceleration="14"/>
    <motionState vehicle="0" speed="4699" time="9370" acceleration="14"/>
    <motionState vehicle="1" speed="4699" time="9370" acceleration="14"/>
    <motionState vehicle="2" speed="4699" time="9370" acceleration="14"/>
    <motionState vehicle="3" speed="4699" time="9370" acceleration="14"/>
    <motionState vehicle="4" speed="4699" time="9370" acceleration="14"/>
    <motionState vehicle="0" speed="4699" time="9380" acceleration="14"/>
    <motionState vehicle="1" speed="4699" time="9380" acceleration="14"/>
    <motionState vehicle="2" speed="4699" time="9380" acceleration="14"/>
    <motionState vehicle="3" speed="4699" time="9380" acceleration="14"/>
    <motionState vehicle="4" speed="4699" time="9380" acceleration="14"/>
    <motionState vehicle="0" speed="4699" time="9390" acceleration="13"/>
    <motionState vehicle="1" speed="4699" time="9390" acceleration="13"/>
    <motionState vehicle="2" speed="4699" time="9390" acceleration="13"/>
    <motionState vehicle="3" speed="4699" time="9390" acceleration="13"/>
    <motionState vehicle="4" speed="4699" time="9390" acceleration="13"/>
    <motionState vehicle="0" speed="4699" time="9400" acceleration="13"/>
    <motionState vehicle="1" speed="4699" time="9400" acceleration="13"/>
    <motionState vehicle="2" speed="4699" time="9400" acceleration="13"/>
    <motionState vehicle="3" speed="4699" time="9400" acceleration="13"/>
    <motionState vehicle="4" speed="4699" time="9400" acceleration="13"/>
    <motionState vehicle="0" speed="4699" time="9410" acceleration="13"/>
    <motionState vehicle="1" speed="4699" time="9410" acceleration="13"/>
    <motionState vehicle="2" speed="4699" time="9410" acceleration="13"/>
    <motionState vehicle="3" speed="4699" time="9410" acceleration="13"/>
    <motionState vehicle="4" speed="4699" time="9410" acceleration="13"/>
    <motionState vehicle="0" speed="4699" time="9420" acceleration="13"/>
    <motionState vehicle="1" speed="4699" time="9420" acceleration="13"/>
    <motionState vehicle="2" speed="4699" time="9420" acceleration="13"/>
    <motionState vehicle="3" speed="4699" time="9420" acceleration="13"/>
    <motionState vehicle="4" speed="4699" time="9420" acceleration="13"/>
    <motionState vehicle="0" speed="4699" time="9430" acceleration="13"/>
    <motionState vehicle="1" speed="4699" time="9430" acceleration="13"/>
    <motionState vehicle="2" speed="4699" time="9430" acceleration="13"/>
    <motionState vehicle="3" speed="4699" time="9430" acceleration="13"/>
    <motionState vehicle="4" speed="4699" time="9430" acceleration="13"/>
    <motionState vehicle="0" speed="4699" time="9440" acceleration="13"/>
    <motionState vehicle="1" speed="4699" time="9440" acceleration="13"/>
    <motionState vehicle="2" speed="4699" time="9440" acceleration="13"/>
    <motionState vehicle="3" speed="4699" time="9440" acceleration="13"/>
    <motionState vehicle="4" speed="4699" time="9440" acceleration="13"/>
    <motionState vehicle="0" speed="4699" time="9450" acceleration="13"/>
    <motionState vehicle="1" speed="4699" time="9450" acceleration="13"/>
    <motionState vehicle="2" speed="4699" time="9450" acceleration="13"/>
    <motionState vehicle="3" speed="4699" time="9450" acceleration="13"/>
    <motionState vehicle="4" speed="4699" time="9450" acceleration="13"/>
    <motionState vehicle="0" speed="4699" time="9460" acceleration="13"/>
    <motionState vehicle="1" speed="4699" time="9460" acceleration="13"/>
    <motionState vehicle="2" speed="4699" time="9460" acceleration="13"/>
    <motionState vehicle="3" speed="4699" time="9460" acceleration="13"/>
    <motionState vehicle="4" speed="4699" time="9460" acceleration="13"/>
    <motionState vehicle="0" speed="4699" time="9470" acceleration="12"/>
    <motionState vehicle="1" speed="4699" time="9470" acceleration="12"/>
    <motionState vehicle="2" speed="4699" time="9470" acceleration="12"/>
    <motionState vehicle="3" speed="4699" time="9470" acceleration="12"/>
    <motionState vehicle="4" speed="4699" time="9470" acceleration="12"/>
    <motionState vehicle="0" speed="4699" time="9480" acceleration="12"/>
    <motionState vehicle="1" speed="4699" time="9480" acceleration="12"/>
    <motionState vehicle="2" speed="4699" time="9480" acceleration="12"/>
    <motionState vehicle="3" speed="4699" time="9480" acceleration="12"/>
    <motionState vehicle="4" speed="4699" time="9480" acceleration="12"/>
    <motionState vehicle="0" speed="4699" time="9490" acceleration="12"/>
    <motionState vehicle="1" speed="4699" time="9490" acceleration="12"/>
    <motionState vehicle="2" speed="4699" time="9490" acceleration="12"/>
    <motionState vehicle="3" speed="4699" time="9490" acceleration="12"/>
    <motionState vehicle="4" speed="4699" time="9490" acceleration="12"/>
    <motionState vehicle="0" speed="4699" time="9500" acceleration="12"/>
    <motionState vehicle="1" speed="4699" time="9500" acceleration="12"/>
    <motionState vehicle="2" speed="4699" time="9500" acceleration="12"/>
    <motionState vehicle="3" speed="4699" time="9500" acceleration="12"/>
    <motionState vehicle="4" speed="4699" time="9500" acceleration="12"/>
    <motionState vehicle="0" speed="4699" time="9510" acceleration="12"/>
    <motionState vehicle="1" speed="4699" time="9510" acceleration="12"/>
    <motionState vehicle="2" speed="4699" time="9510" acceleration="12"/>
    <motionState vehicle="3" speed="4699" time="9510" acceleration="12"/>
    <motionState vehicle="4" speed="4699" time="9510" acceleration="12"/>
    <motionState vehicle="0" speed="4699" time="9520" acceleration="12"/>
    <motionState vehicle="1" speed="4699" time="9520" acceleration="12"/>
    <motionState vehicle="2" speed="4699" time="9520" acceleration="12"/>
    <motionState vehicle="3" speed="4699" time="9520" acceleration="12"/>
    <motionState vehicle="4" speed="4699" time="9520" acceleration="12"/>
    <motionState vehicle="0" speed="4699" time="9530" acceleration="12"/>
    <motionState vehicle="1" speed="4699" time="9530" acceleration="12"/>
    <motionState vehicle="2" speed="4699" time="9530" acceleration="12"/>
    <motionState vehicle="3" speed="4699" time="9530" acceleration="12"/>
    <motionState vehicle="4" speed="4699" time="9530" acceleration="12"/>
    <motionState vehicle="0" speed="4699" time="9540" acceleration="12"/>
    <motionState vehicle="1" speed="4699" time="9540" acceleration="12"/>
    <motionState vehicle="2" speed="4699" time="9540" acceleration="12"/>
    <motionState vehicle="3" speed="4699" time="9540" acceleration="12"/>
    <motionState vehicle="4" speed="4699" time="9540" acceleration="12"/>
    <motionState vehicle="0" speed="4699" time="9550" acceleration="12"/>
    <motionState vehicle="1" speed="4699" time="9550" acceleration="12"/>
    <motionState vehicle="2" speed="4699" time="9550" acceleration="12"/>
    <motionState vehicle="3" speed="4699" time="9550" acceleration="12"/>
    <motionState vehicle="4" speed="4699" time="9550" acceleration="12"/>
    <motionState vehicle="0" speed="4699" time="9560" acceleration="12"/>
    <motionState vehicle="1" speed="4699" time="9560" acceleration="12"/>
    <motionState vehicle="2" speed="4699" time="9560" acceleration="12"/>
    <motionState vehicle="3" speed="4699" time="9560" acceleration="12"/>
    <motionState vehicle="4" speed="4699" time="9560" acceleration="12"/>
    <motionState vehicle="0" speed="4699" time="9570" acceleration="11"/>
    <motionState vehicle="1" speed="4699" time="9570" acceleration="11"/>
    <motionState vehicle="2" speed="4699" time="9570" acceleration="11"/>
    <motionState vehicle="3" speed="4699" time="9570" acceleration="11"/>
    <motionState vehicle="4" speed="4699" time="9570" acceleration="11"/>
    <motionState vehicle="0" speed="4699" time="9580" acceleration="11"/>
    <motionState vehicle="1" speed="4699" time="9580" acceleration="11"/>
    <motionState vehicle="2" speed="4699" time="9580" acceleration="11"/>
    <motionState vehicle="3" speed="4699" time="9580" acceleration="11"/>
    <motionState vehicle="4" speed="4699" time="9580" acceleration="11"/>
    <motionState vehicle="0" speed="4699" time="9590" acceleration="11"/>
    <motionState vehicle="1" speed="4699" time="9590" acceleration="11"/>
    <motionState vehicle="2" speed="4699" time="9590" acceleration="11"/>
    <motionState vehicle="3" speed="4699" time="9590" acceleration="11"/>
    <motionState vehicle="4" speed="4699" time="9590" acceleration="11"/>
    <motionState vehicle="0" speed="4699" time="9600" acceleration="11"/>
    <motionState vehicle="1" speed="4699" time="9600" acceleration="11"/>
    <motionState vehicle="2" speed="4699" time="9600" acceleration="11"/>
    <motionState vehicle="3" speed="4699" time="9600" acceleration="11"/>
    <motionState vehicle="4" speed="4699" time="9600" acceleration="11"/>
    <motionState vehicle="0" speed="4699" time="9610" acceleration="11"/>
    <motionState vehicle="1" speed="4699" time="9610" acceleration="11"/>
    <motionState vehicle="2" speed="4699" time="9610" acceleration="11"/>
    <motionState vehicle="3" speed="4699" time="9610" acceleration="11"/>
    <motionState vehicle="4" speed="4699" time="9610" acceleration="11"/>
    <motionState vehicle="0" speed="4699" time="9620" acceleration="11"/>
    <motionState vehicle="1" speed="4699" time="9620" acceleration="11"/>
    <motionState vehicle="2" speed="4699" time="9620" acceleration="11"/>
    <motionState vehicle="3" speed="4699" time="9620" acceleration="11"/>
    <motionState vehicle="4" speed="4699" time="9620" acceleration="11"/>
    <motionState vehicle="0" speed="4699" time="9630" acceleration="11"/>
    <motionState vehicle="1" speed="4699" time="9630" acceleration="11"/>
    <motionState vehicle="2" speed="4699" time="9630" acceleration="11"/>
    <motionState vehicle="3" speed="4699" time="9630" acceleration="11"/>
    <motionState vehicle="4" speed="4699" time="9630" acceleration="11"/>
    <motionState vehicle="0" speed="4699" time="9640" acceleration="11"/>
    <motionState vehicle="1" speed="4699" time="9640" acceleration="11"/>
    <motionState vehicle="2" speed="4699" time="9640" acceleration="11"/>
    <motionState vehicle="3" speed="4699" time="9640" acceleration="11"/>
    <motionState vehicle="4" speed="4699" time="9640" acceleration="11"/>
    <motionState vehicle="0" speed="4699" time="9650" acceleration="11"/>
    <motionState vehicle="1" speed="4699" time="9650" acceleration="11"/>
    <motionState vehicle="2" speed="4699" time="9650" acceleration="11"/>
    <motionState vehicle="3" speed="4699" time="9650" acceleration="11"/>
    <motionState vehicle="4" speed="4699" time="9650" acceleration="11"/>
    <motionState vehicle="0" speed="4699" time="9660" acceleration="11"/>
    <motionState vehicle="1" speed="4699" time="9660" acceleration="11"/>
    <motionState vehicle="2" speed="4699" time="9660" acceleration="11"/>
    <motionState vehicle="3" speed="4699" time="9660" acceleration="11"/>
    <motionState vehicle="4" speed="4699" time="9660" acceleration="11"/>
    <motionState vehicle="0" speed="4699" time="9670" acceleration="10"/>
    <motionState vehicle="1" speed="4699" time="9670" acceleration="10"/>
    <motionState vehicle="2" speed="4699" time="9670" acceleration="10"/>
    <motionState vehicle="3" speed="4699" time="9670" acceleration="10"/>
    <motionState vehicle="4" speed="4699" time="9670" acceleration="10"/>
    <motionState vehicle="0" speed="4699" time="9680" acceleration="10"/>
    <motionState vehicle="1" speed="4699" time="9680" acceleration="10"/>
    <motionState vehicle="2" speed="4699" time="9680" acceleration="10"/>
    <motionState vehicle="3" speed="4699" time="9680" acceleration="10"/>
    <motionState vehicle="4" speed="4699" time="9680" acceleration="10"/>
    <motionState vehicle="0" speed="4699" time="9690" acceleration="10"/>
    <motionState vehicle="1" speed="4699" time="9690" acceleration="10"/>
    <motionState vehicle="2" speed="4699" time="9690" acceleration="10"/>
    <motionState vehicle="3" speed="4699" time="9690" acceleration="10"/>
    <motionState vehicle="4" speed="4699" time="9690" acceleration="10"/>
    <motionState vehicle="0" speed="4699" time="9700" acceleration="10"/>
    <motionState vehicle="1" speed="4699" time="9700" acceleration="10"/>
    <motionState vehicle="2" speed="4699" time="9700" acceleration="10"/>
    <motionState vehicle="3" speed="4699" time="9700" acceleration="10"/>
    <motionState vehicle="4" speed="4699" time="9700" acceleration="10"/>
    <motionState vehicle="0" speed="4699" time="9710" acceleration="10"/>
    <motionState vehicle="1" speed="4699" time="9710" acceleration="10"/>
    <motionState vehicle="2" speed="4699" time="9710" acceleration="10"/>
    <motionState vehicle="3" speed="4699" time="9710" acceleration="10"/>
    <motionState vehicle="4" speed="4699" time="9710" acceleration="10"/>
    <motionState vehicle="0" speed="4699" time="9720" acceleration="10"/>
    <motionState vehicle="1" speed="4699" time="9720" acceleration="10"/>
    <motionState vehicle="2" speed="4699" time="9720" acceleration="10"/>
    <motionState vehicle="3" speed="4699" time="9720" acceleration="10"/>
    <motionState vehicle="4" speed="4699" time="9720" acceleration="10"/>
    <motionState vehicle="0" speed="4699" time="9730" acceleration="10"/>
    <motionState vehicle="1" speed="4699" time="9730" acceleration="10"/>
    <motionState vehicle="2" speed="4699" time="9730" acceleration="10"/>
    <motionState vehicle="3" speed="4699" time="9730" acceleration="10"/>
    <motionState vehicle="4" speed="4699" time="9730" acceleration="10"/>
    <motionState vehicle="0" speed="4699" time="9740" acceleration="10"/>
    <motionState vehicle="1" speed="4699" time="9740" acceleration="10"/>
    <motionState vehicle="2" speed="4699" time="9740" acceleration="10"/>
    <motionState vehicle="3" speed="4699" time="9740" acceleration="10"/>
    <motionState vehicle="4" speed="4699" time="9740" acceleration="10"/>
    <motionState vehicle="0" speed="4699" time="9750" acceleration="10"/>
    <motionState vehicle="1" speed="4699" time="9750" acceleration="10"/>
    <motionState vehicle="2" speed="4699" time="9750" acceleration="10"/>
    <motionState vehicle="3" speed="4699" time="9750" acceleration="10"/>
    <motionState vehicle="4" speed="4699" time="9750" acceleration="10"/>
    <motionState vehicle="0" speed="4699" time="9760" acceleration="10"/>
    <motionState vehicle="1" speed="4699" time="9760" acceleration="10"/>
    <motionState vehicle="2" speed="4699" time="9760" acceleration="10"/>
    <motionState vehicle="3" speed="4699" time="9760" acceleration="10"/>
    <motionState vehicle="4" speed="4699" time="9760" acceleration="10"/>
    <motionState vehicle="0" speed="4699" time="9770" acceleration="9"/>
    <motionState vehicle="1" speed="4699" time="9770" acceleration="9"/>
    <motionState vehicle="2" speed="4699" time="9770" acceleration="9"/>
    <motionState vehicle="3" speed="4699" time="9770" acceleration="9"/>
    <motionState vehicle="4" speed="4699" time="9770" acceleration="9"/>
    <motionState vehicle="0" speed="4699" time="9780" acceleration="9"/>
    <motionState vehicle="1" speed="4699" time="9780" acceleration="9"/>
    <motionState vehicle="2" speed="4699" time="9780" acceleration="9"/>
    <motionState vehicle="3" speed="4699" time="9780" acceleration="9"/>
    <motionState vehicle="4" speed="4699" time="9780" acceleration="9"/>
    <motionState vehicle="0" speed="4699" time="9790" acceleration="9"/>
    <motionState vehicle="1" speed="4699" time="9790" acceleration="9"/>
    <motionState vehicle="2" speed="4699" time="9790" acceleration="9"/>
    <motionState vehicle="3" speed="4699" time="9790" acceleration="9"/>
    <motionState vehicle="4" speed="4699" time="9790" acceleration="9"/>
    <motionState vehicle="0" speed="4699" time="9800" acceleration="9"/>
    <motionState vehicle="1" speed="4699" time="9800" acceleration="9"/>
    <motionState vehicle="2" speed="4699" time="9800" acceleration="9"/>
    <motionState vehicle="3" speed="4699" time="9800" acceleration="9"/>
    <motionState vehicle="4" speed="4699" time="9800" acceleration="9"/>
    <motionState vehicle="0" speed="4699" time="9810" acceleration="9"/>
    <motionState vehicle="1" speed="4699" time="9810" acceleration="9"/>
    <motionState vehicle="2" speed="4699" time="9810" acceleration="9"/>
    <motionState vehicle="3" speed="4699" time="9810" acceleration="9"/>
    <motionState vehicle="4" speed="4699" time="9810" acceleration="9"/>
    <motionState vehicle="0" speed="4699" time="9820" acceleration="9"/>
    <motionState vehicle="1" speed="4699" time="9820" acceleration="9"/>
    <motionState vehicle="2" speed="4699" time="9820" acceleration="9"/>
    <motionState vehicle="3" speed="4699" time="9820" acceleration="9"/>
    <motionState vehicle="4" speed="4699" time="9820" acceleration="9"/>
    <motionState vehicle="0" speed="4699" time="9830" acceleration="9"/>
    <motionState vehicle="1" speed="4699" time="9830" acceleration="9"/>
    <motionState vehicle="2" speed="4699" time="9830" acceleration="9"/>
    <motionState vehicle="3" speed="4699" time="9830" acceleration="9"/>
    <motionState vehicle="4" speed="4699" time="9830" acceleration="9"/>
    <motionState vehicle="0" speed="4699" time="9840" acceleration="9"/>
    <motionState vehicle="1" speed="4699" time="9840" acceleration="9"/>
    <motionState vehicle="2" speed="4699" time="9840" acceleration="9"/>
    <motionState vehicle="3" speed="4699" time="9840" acceleration="9"/>
    <motionState vehicle="4" speed="4699" time="9840" acceleration="9"/>
    <motionState vehicle="0" speed="4699" time="9850" acceleration="9"/>
    <motionState vehicle="1" speed="4699" time="9850" acceleration="9"/>
    <motionState vehicle="2" speed="4699" time="9850" acceleration="9"/>
    <motionState vehicle="3" speed="4699" time="9850" acceleration="9"/>
    <motionState vehicle="4" speed="4699" time="9850" acceleration="9"/>
    <motionState vehicle="0" speed="4699" time="9860" acceleration="9"/>
    <motionState vehicle="1" speed="4699" time="9860" acceleration="9"/>
    <motionState vehicle="2" speed="4699" time="9860" acceleration="9"/>
    <motionState vehicle="3" speed="4699" time="9860" acceleration="9"/>
    <motionState vehicle="4" speed="4699" time="9860" acceleration="9"/>
    <motionState vehicle="0" speed="4699" time="9870" acceleration="9"/>
    <motionState vehicle="1" speed="4699" time="9870" acceleration="9"/>
    <motionState vehicle="2" speed="4699" time="9870" acceleration="9"/>
    <motionState vehicle="3" speed="4699" time="9870" acceleration="9"/>
    <motionState vehicle="4" speed="4699" time="9870" acceleration="9"/>
    <motionState vehicle="0" speed="4699" time="9880" acceleration="9"/>
    <motionState vehicle="1" speed="4699" time="9880" acceleration="9"/>
    <motionState vehicle="2" speed="4699" time="9880" acceleration="9"/>
    <motionState vehicle="3" speed="4699" time="9880" acceleration="9"/>
    <motionState vehicle="4" speed="4699" time="9880" acceleration="9"/>
    <motionState vehicle="0" speed="4699" time="9890" acceleration="9"/>
    <motionState vehicle="1" speed="4699" time="9890" acceleration="9"/>
    <motionState vehicle="2" speed="4699" time="9890" acceleration="9"/>
    <motionState vehicle="3" speed="4699" time="9890" acceleration="9"/>
    <motionState vehicle="4" speed="4699" time="9890" acceleration="9"/>
    <motionState vehicle="0" speed="4699" time="9900" acceleration="8"/>
    <motionState vehicle="1" speed="4699" time="9900" acceleration="8"/>
    <motionState vehicle="2" speed="4699" time="9900" acceleration="8"/>
    <motionState vehicle="3" speed="4699" time="9900" acceleration="8"/>
    <motionState vehicle="4" speed="4699" time="9900" acceleration="8"/>
    <motionState vehicle="0" speed="4699" time="9910" acceleration="8"/>
    <motionState vehicle="1" speed="4699" time="9910" acceleration="8"/>
    <motionState vehicle="2" speed="4699" time="9910" acceleration="8"/>
    <motionState vehicle="3" speed="4699" time="9910" acceleration="8"/>
    <motionState vehicle="4" speed="4699" time="9910" acceleration="8"/>
    <motionState vehicle="0" speed="4699" time="9920" acceleration="8"/>
    <motionState vehicle="1" speed="4699" time="9920" acceleration="8"/>
    <motionState vehicle="2" speed="4699" time="9920" acceleration="8"/>
    <motionState vehicle="3" speed="4699" time="9920" acceleration="8"/>
    <motionState vehicle="4" speed="4699" time="9920" acceleration="8"/>
    <motionState vehicle="0" speed="4699" time="9930" acceleration="8"/>
    <motionState vehicle="1" speed="4699" time="9930" acceleration="8"/>
    <motionState vehicle="2" speed="4699" time="9930" acceleration="8"/>
    <motionState vehicle="3" speed="4699" time="9930" acceleration="8"/>
    <motionState vehicle="4" speed="4699" time="9930" acceleration="8"/>
    <motionState vehicle="0" speed="4699" time="9940" acceleration="8"/>
    <motionState vehicle="1" speed="4699" time="9940" acceleration="8"/>
    <motionState vehicle="2" speed="4699" time="9940" acceleration="8"/>
    <motionState vehicle="3" speed="4699" time="9940" acceleration="8"/>
    <motionState vehicle="4" speed="4699" time="9940" acceleration="8"/>
    <motionState vehicle="0" speed="4699" time="9950" acceleration="8"/>
    <motionState vehicle="1" speed="4699" time="9950" acceleration="8"/>
    <motionState vehicle="2" speed="4699" time="9950" acceleration="8"/>
    <motionState vehicle="3" speed="4699" time="9950" acceleration="8"/>
    <motionState vehicle="4" speed="4699" time="9950" acceleration="8"/>
    <motionState vehicle="0" speed="4699" time="9960" acceleration="8"/>
    <motionState vehicle="1" speed="4699" time="9960" acceleration="8"/>
    <motionState vehicle="2" speed="4699" time="9960" acceleration="8"/>
    <motionState vehicle="3" speed="4699" time="9960" acceleration="8"/>
    <motionState vehicle="4" speed="4699" time="9960" acceleration="8"/>
    <motionState vehicle="0" speed="4699" time="9970" acceleration="8"/>
    <motionState vehicle="1" speed="4699" time="9970" acceleration="8"/>
    <motionState vehicle="2" speed="4699" time="9970" acceleration="8"/>
    <motionState vehicle="3" speed="4699" time="9970" acceleration="8"/>
    <motionState vehicle="4" speed="4699" time="9970" acceleration="8"/>
    <motionState vehicle="0" speed="4699" time="9980" acceleration="8"/>
    <motionState vehicle="1" speed="4699" time="9980" acceleration="8"/>
    <motionState vehicle="2" speed="4699" time="9980" acceleration="8"/>
    <motionState vehicle="3" speed="4699" time="9980" acceleration="8"/>
    <motionState vehicle="4" speed="4699" time="9980" acceleration="8"/>
    <motionState vehicle="0" speed="4699" time="9990" acceleration="8"/>
    <motionState vehicle="1" speed="4699" time="9990" acceleration="8"/>
    <motionState vehicle="2" speed="4699" time="9990" acceleration="8"/>
    <motionState vehicle="3" speed="4699" time="9990" acceleration="8"/>
    <motionState vehicle="4" speed="4699" time="9990" acceleration="8"/>
    <motionState vehicle="0" speed="4699" time="10000" acceleration="8"/>
    <motionState vehicle="1" speed="4699" time="10000" acceleration="8"/>
    <motionState vehicle="2" speed="4699" time="10000" acceleration="8"/>
    <motionState vehicle="3" speed="4699" time="10000" acceleration="8"/>
    <motionState vehicle="4" speed="4699" time="10000" acceleration="8"/>
    <motionState vehicle="0" speed="0" time="10010" acceleration="0"/>
    <motionState vehicle="1" speed="0" time="10010" acceleration="0"/>
    <motionState vehicle="2" speed="0" time="10010" acceleration="0"/>
    <motionState vehicle="3" speed="0" time="10010" acceleration="0"/>
    <motionState vehicle="4" speed="0" time="10010" acceleration="0"/>
    <motionState vehicle="0" speed="3" time="10020" acceleration="2594"/>
    <motionState vehicle="1" speed="3" time="10020" acceleration="2599"/>
    <motionState vehicle="2" speed="3" time="10020" acceleration="2595"/>
    <motionState vehicle="3" speed="3" time="10020" acceleration="2595"/>
    <motionState vehicle="4" speed="3" time="10020" acceleration="2590"/>
</trajectories>
