<?xml version="1.0" encoding="UTF-8"?>

<!-- generated on Sun Mar 12 03:17:10 2017 by SUMO Version 0.29.0
<?xml version="1.0" encoding="UTF-8"?>

<configuration xmlns:xsi="http://www.w3.org/2001/XMLSchema-instance" xsi:noNamespaceSchemaLocation="http://sumo.dlr.de/xsd/sumoConfiguration.xsd">

    <input>
        <net-file value="tests/debug/cfg/test-two-lane-two-controller-200m2l.net.xml"/>
        <route-files value="tests/debug/cfg/test-two-lane-two-controller-200m2l.rou.xml"/>
        <additional-files value="tests/debug/cfg/test-two-lane-two-controller-200m2l.add.xml"/>
    </input>

    <output>
        <netstate-dump value="tests/debug/cfg/data/test-two-lane-two-controller-200m2l.netstate.xml"/>
        <emission-output value="tests/debug/cfg/data/test-two-lane-two-controller-200m2l.emission.xml"/>
        <amitran-output value="tests/debug/cfg/data/test-two-lane-two-controller-200m2l.amitran.xml"/>
        <lanechange-output value="tests/debug/cfg/data/test-two-lane-two-controller-200m2l.lanechange.xml"/>
    </output>

    <time>
        <begin value="0"/>
        <end value="1000"/>
        <step-length value="0.01"/>
    </time>

    <traci_server>
        <remote-port value="8873"/>
    </traci_server>

    <gui_only>
        <gui-settings-file value="tests/debug/cfg/test-two-lane-two-controller-200m2l.gui.cfg"/>
    </gui_only>

</configuration>
-->

<emission-export xmlns:xsi="http://www.w3.org/2001/XMLSchema-instance" xsi:noNamespaceSchemaLocation="http://sumo.dlr.de/xsd/emission_file.xsd">
    <timestep time="0.00">
        <vehicle id="cfm-fast_0" eclass="HBEFA3/PC_G_EU4" CO2="2624.72" CO="164.78" HC="0.81" NOx="1.20" PMx="0.07" fuel="1.13" electricity="0.00" noise="55.94" route="routetop" type="cfm-fast" waiting="0.00" lane="top_0" pos="1.00" speed="0.00" angle="272.67" x="61.42" y="132.23"/>
        <vehicle id="cfm-fast_1" eclass="HBEFA3/PC_G_EU4" CO2="2624.72" CO="164.78" HC="0.81" NOx="1.20" PMx="0.07" fuel="1.13" electricity="0.00" noise="55.94" route="routetop" type="cfm-fast" waiting="0.00" lane="top_0" pos="17.67" speed="0.00" angle="242.69" x="27.49" y="121.96"/>
        <vehicle id="cfm-fast_2" eclass="HBEFA3/PC_G_EU4" CO2="2624.72" CO="164.78" HC="0.81" NOx="1.20" PMx="0.07" fuel="1.13" electricity="0.00" noise="55.94" route="routetop" type="cfm-fast" waiting="0.00" lane="top_0" pos="34.33" speed="0.00" angle="212.72" x="3.22" y="96.12"/>
        <vehicle id="cfm-fast_3" eclass="HBEFA3/PC_G_EU4" CO2="2624.72" CO="164.78" HC="0.81" NOx="1.20" PMx="0.07" fuel="1.13" electricity="0.00" noise="55.94" route="routeleft" type="cfm-fast" waiting="0.00" lane="left_0" pos="1.00" speed="0.00" angle="182.67" x="-4.90" y="61.42"/>
        <vehicle id="cfm-fast_4" eclass="HBEFA3/PC_G_EU4" CO2="2624.72" CO="164.78" HC="0.81" NOx="1.20" PMx="0.07" fuel="1.13" electricity="0.00" noise="55.94" route="routeleft" type="cfm-fast" waiting="0.00" lane="left_0" pos="17.67" speed="0.00" angle="152.65" x="5.37" y="27.49"/>
        <vehicle id="cfm-fast_5" eclass="HBEFA3/PC_G_EU4" CO2="2624.72" CO="164.78" HC="0.81" NOx="1.20" PMx="0.07" fuel="1.13" electricity="0.00" noise="55.94" route="routeleft" type="cfm-fast" waiting="0.00" lane="left_0" pos="34.33" speed="0.00" angle="122.73" x="31.21" y="3.22"/>
        <vehicle id="cfm-slow_0" eclass="HBEFA3/PC_G_EU4" CO2="2624.72" CO="164.78" HC="0.81" NOx="1.20" PMx="0.07" fuel="1.13" electricity="0.00" noise="55.94" route="routebottom" type="cfm-slow" waiting="0.00" lane="bottom_0" pos="1.00" speed="0.00" angle="92.66" x="65.91" y="-4.90"/>
        <vehicle id="cfm-slow_1" eclass="HBEFA3/PC_G_EU4" CO2="2624.72" CO="164.78" HC="0.81" NOx="1.20" PMx="0.07" fuel="1.13" electricity="0.00" noise="55.94" route="routebottom" type="cfm-slow" waiting="0.00" lane="bottom_0" pos="17.67" speed="0.00" angle="62.65" x="99.84" y="5.37"/>
        <vehicle id="cfm-slow_2" eclass="HBEFA3/PC_G_EU4" CO2="2624.72" CO="164.78" HC="0.81" NOx="1.20" PMx="0.07" fuel="1.13" electricity="0.00" noise="55.94" route="routebottom" type="cfm-slow" waiting="0.00" lane="bottom_0" pos="34.33" speed="0.00" angle="32.72" x="124.10" y="31.22"/>
        <vehicle id="cfm-slow_3" eclass="HBEFA3/PC_G_EU4" CO2="2624.72" CO="164.78" HC="0.81" NOx="1.20" PMx="0.07" fuel="1.13" electricity="0.00" noise="55.94" route="routeright" type="cfm-slow" waiting="0.00" lane="right_0" pos="1.00" speed="0.00" angle="2.66" x="132.23" y="65.91"/>
        <vehicle id="cfm-slow_4" eclass="HBEFA3/PC_G_EU4" CO2="2624.72" CO="164.78" HC="0.81" NOx="1.20" PMx="0.07" fuel="1.13" electricity="0.00" noise="55.94" route="routeright" type="cfm-slow" waiting="0.00" lane="right_0" pos="17.67" speed="0.00" angle="332.69" x="121.96" y="99.84"/>
        <vehicle id="cfm-slow_5" eclass="HBEFA3/PC_G_EU4" CO2="2624.72" CO="164.78" HC="0.81" NOx="1.20" PMx="0.07" fuel="1.13" electricity="0.00" noise="55.94" route="routeright" type="cfm-slow" waiting="0.00" lane="right_0" pos="34.33" speed="0.00" angle="302.72" x="96.11" y="124.10"/>
    </timestep>
    <timestep time="0.01">
        <vehicle id="cfm-fast_0" eclass="HBEFA3/PC_G_EU4" CO2="3463.10" CO="178.84" HC="0.90" NOx="1.60" PMx="0.09" fuel="1.49" electricity="0.00" noise="136.01" route="routetop" type="cfm-fast" waiting="0.00" lane="top_0" pos="1.00" speed="0.18" angle="272.66" x="61.41" y="132.23"/>
        <vehicle id="cfm-fast_1" eclass="HBEFA3/PC_G_EU4" CO2="3463.10" CO="178.84" HC="0.90" NOx="1.60" PMx="0.09" fuel="1.49" electricity="0.00" noise="136.01" route="routetop" type="cfm-fast" waiting="0.00" lane="top_0" pos="17.67" speed="0.18" angle="242.69" x="27.48" y="121.96"/>
        <vehicle id="cfm-fast_2" eclass="HBEFA3/PC_G_EU4" CO2="3463.10" CO="178.84" HC="0.90" NOx="1.60" PMx="0.09" fuel="1.49" electricity="0.00" noise="136.01" route="routetop" type="cfm-fast" waiting="0.00" lane="top_0" pos="34.34" speed="0.18" angle="212.72" x="3.22" y="96.11"/>
        <vehicle id="cfm-fast_3" eclass="HBEFA3/PC_G_EU4" CO2="3463.10" CO="178.84" HC="0.90" NOx="1.60" PMx="0.09" fuel="1.49" electricity="0.00" noise="136.01" route="routeleft" type="cfm-fast" waiting="0.00" lane="left_0" pos="1.00" speed="0.18" angle="182.66" x="-4.90" y="61.41"/>
        <vehicle id="cfm-fast_4" eclass="HBEFA3/PC_G_EU4" CO2="3463.10" CO="178.84" HC="0.90" NOx="1.60" PMx="0.09" fuel="1.49" electricity="0.00" noise="136.01" route="routeleft" type="cfm-fast" waiting="0.00" lane="left_0" pos="17.67" speed="0.18" angle="152.65" x="5.37" y="27.48"/>
        <vehicle id="cfm-fast_5" eclass="HBEFA3/PC_G_EU4" CO2="3463.10" CO="178.84" HC="0.90" NOx="1.60" PMx="0.09" fuel="1.49" electricity="0.00" noise="136.01" route="routeleft" type="cfm-fast" waiting="0.00" lane="left_0" pos="34.34" speed="0.18" angle="122.72" x="31.22" y="3.22"/>
        <vehicle id="cfm-slow_0" eclass="HBEFA3/PC_G_EU4" CO2="3463.10" CO="178.84" HC="0.90" NOx="1.60" PMx="0.09" fuel="1.49" electricity="0.00" noise="136.01" route="routebottom" type="cfm-slow" waiting="0.00" lane="bottom_0" pos="1.00" speed="0.18" angle="92.66" x="65.91" y="-4.90"/>
        <vehicle id="cfm-slow_1" eclass="HBEFA3/PC_G_EU4" CO2="3463.10" CO="178.84" HC="0.90" NOx="1.60" PMx="0.09" fuel="1.49" electricity="0.00" noise="136.01" route="routebottom" type="cfm-slow" waiting="0.00" lane="bottom_0" pos="17.67" speed="0.18" angle="62.64" x="99.84" y="5.37"/>
        <vehicle id="cfm-slow_2" eclass="HBEFA3/PC_G_EU4" CO2="3463.10" CO="178.84" HC="0.90" NOx="1.60" PMx="0.09" fuel="1.49" electricity="0.00" noise="136.01" route="routebottom" type="cfm-slow" waiting="0.00" lane="bottom_0" pos="34.34" speed="0.18" angle="32.72" x="124.11" y="31.22"/>
        <vehicle id="cfm-slow_3" eclass="HBEFA3/PC_G_EU4" CO2="3463.10" CO="178.84" HC="0.90" NOx="1.60" PMx="0.09" fuel="1.49" electricity="0.00" noise="136.01" route="routeright" type="cfm-slow" waiting="0.00" lane="right_0" pos="1.00" speed="0.18" angle="2.65" x="132.23" y="65.92"/>
        <vehicle id="cfm-slow_4" eclass="HBEFA3/PC_G_EU4" CO2="3463.10" CO="178.84" HC="0.90" NOx="1.60" PMx="0.09" fuel="1.49" electricity="0.00" noise="136.01" route="routeright" type="cfm-slow" waiting="0.00" lane="right_0" pos="17.67" speed="0.18" angle="332.68" x="121.96" y="99.84"/>
        <vehicle id="cfm-slow_5" eclass="HBEFA3/PC_G_EU4" CO2="3463.10" CO="178.84" HC="0.90" NOx="1.60" PMx="0.09" fuel="1.49" electricity="0.00" noise="136.01" route="routeright" type="cfm-slow" waiting="0.00" lane="right_0" pos="34.34" speed="0.18" angle="302.71" x="96.11" y="124.11"/>
    </timestep>
    <timestep time="0.02">
        <vehicle id="cfm-fast_0" eclass="HBEFA3/PC_G_EU4" CO2="4301.99" CO="192.94" HC="0.98" NOx="1.99" PMx="0.11" fuel="1.85" electricity="0.00" noise="136.08" route="routetop" type="cfm-fast" waiting="0.00" lane="top_0" pos="1.01" speed="0.36" angle="272.66" x="61.41" y="132.23"/>
        <vehicle id="cfm-fast_1" eclass="HBEFA3/PC_G_EU4" CO2="4301.99" CO="192.94" HC="0.98" NOx="1.99" PMx="0.11" fuel="1.85" electricity="0.00" noise="136.08" route="routetop" type="cfm-fast" waiting="0.00" lane="top_0" pos="17.67" speed="0.36" angle="242.68" x="27.48" y="121.96"/>
        <vehicle id="cfm-fast_2" eclass="HBEFA3/PC_G_EU4" CO2="4301.99" CO="192.94" HC="0.98" NOx="1.99" PMx="0.11" fuel="1.85" electricity="0.00" noise="136.08" route="routetop" type="cfm-fast" waiting="0.00" lane="top_0" pos="34.34" speed="0.36" angle="212.71" x="3.21" y="96.11"/>
        <vehicle id="cfm-fast_3" eclass="HBEFA3/PC_G_EU4" CO2="4301.99" CO="192.94" HC="0.98" NOx="1.99" PMx="0.11" fuel="1.85" electricity="0.00" noise="136.08" route="routeleft" type="cfm-fast" waiting="0.00" lane="left_0" pos="1.01" speed="0.36" angle="182.66" x="-4.90" y="61.41"/>
        <vehicle id="cfm-fast_4" eclass="HBEFA3/PC_G_EU4" CO2="4301.99" CO="192.94" HC="0.98" NOx="1.99" PMx="0.11" fuel="1.85" electricity="0.00" noise="136.08" route="routeleft" type="cfm-fast" waiting="0.00" lane="left_0" pos="17.67" speed="0.36" angle="152.64" x="5.37" y="27.48"/>
        <vehicle id="cfm-fast_5" eclass="HBEFA3/PC_G_EU4" CO2="4301.99" CO="192.94" HC="0.98" NOx="1.99" PMx="0.11" fuel="1.85" electricity="0.00" noise="136.08" route="routeleft" type="cfm-fast" waiting="0.00" lane="left_0" pos="34.34" speed="0.36" angle="122.72" x="31.22" y="3.21"/>
        <vehicle id="cfm-slow_0" eclass="HBEFA3/PC_G_EU4" CO2="4301.99" CO="192.94" HC="0.98" NOx="1.99" PMx="0.11" fuel="1.85" electricity="0.00" noise="136.08" route="routebottom" type="cfm-slow" waiting="0.00" lane="bottom_0" pos="1.01" speed="0.36" angle="92.65" x="65.92" y="-4.90"/>
        <vehicle id="cfm-slow_1" eclass="HBEFA3/PC_G_EU4" CO2="4301.99" CO="192.94" HC="0.98" NOx="1.99" PMx="0.11" fuel="1.85" electricity="0.00" noise="136.08" route="routebottom" type="cfm-slow" waiting="0.00" lane="bottom_0" pos="17.67" speed="0.36" angle="62.64" x="99.85" y="5.38"/>
        <vehicle id="cfm-slow_2" eclass="HBEFA3/PC_G_EU4" CO2="4301.99" CO="192.94" HC="0.98" NOx="1.99" PMx="0.11" fuel="1.85" electricity="0.00" noise="136.08" route="routebottom" type="cfm-slow" waiting="0.00" lane="bottom_0" pos="34.34" speed="0.36" angle="32.71" x="124.11" y="31.23"/>
        <vehicle id="cfm-slow_3" eclass="HBEFA3/PC_G_EU4" CO2="4301.99" CO="192.94" HC="0.98" NOx="1.99" PMx="0.11" fuel="1.85" electricity="0.00" noise="136.08" route="routeright" type="cfm-slow" waiting="0.00" lane="right_0" pos="1.01" speed="0.36" angle="2.65" x="132.23" y="65.92"/>
        <vehicle id="cfm-slow_4" eclass="HBEFA3/PC_G_EU4" CO2="4301.99" CO="192.94" HC="0.98" NOx="1.99" PMx="0.11" fuel="1.85" electricity="0.00" noise="136.08" route="routeright" type="cfm-slow" waiting="0.00" lane="right_0" pos="17.67" speed="0.36" angle="332.68" x="121.95" y="99.85"/>
        <vehicle id="cfm-slow_5" eclass="HBEFA3/PC_G_EU4" CO2="4301.99" CO="192.94" HC="0.98" NOx="1.99" PMx="0.11" fuel="1.85" electricity="0.00" noise="136.08" route="routeright" type="cfm-slow" waiting="0.00" lane="right_0" pos="34.34" speed="0.36" angle="302.71" x="96.10" y="124.11"/>
    </timestep>
    <timestep time="0.03">
        <vehicle id="cfm-fast_0" eclass="HBEFA3/PC_G_EU4" CO2="5141.41" CO="207.07" HC="1.07" NOx="2.38" PMx="0.13" fuel="2.21" electricity="0.00" noise="136.14" route="routetop" type="cfm-fast" waiting="0.00" lane="top_0" pos="1.01" speed="0.55" angle="272.65" x="61.40" y="132.23"/>
        <vehicle id="cfm-fast_1" eclass="HBEFA3/PC_G_EU4" CO2="5141.41" CO="207.07" HC="1.07" NOx="2.38" PMx="0.13" fuel="2.21" electricity="0.00" noise="136.14" route="routetop" type="cfm-fast" waiting="0.00" lane="top_0" pos="17.68" speed="0.55" angle="242.67" x="27.47" y="121.95"/>
        <vehicle id="cfm-fast_2" eclass="HBEFA3/PC_G_EU4" CO2="5141.41" CO="207.07" HC="1.07" NOx="2.38" PMx="0.13" fuel="2.21" electricity="0.00" noise="136.14" route="routetop" type="cfm-fast" waiting="0.00" lane="top_0" pos="34.34" speed="0.55" angle="212.70" x="3.21" y="96.09"/>
        <vehicle id="cfm-fast_3" eclass="HBEFA3/PC_G_EU4" CO2="5141.41" CO="207.07" HC="1.07" NOx="2.38" PMx="0.13" fuel="2.21" electricity="0.00" noise="136.14" route="routeleft" type="cfm-fast" waiting="0.00" lane="left_0" pos="1.01" speed="0.55" angle="182.65" x="-4.90" y="61.40"/>
        <vehicle id="cfm-fast_4" eclass="HBEFA3/PC_G_EU4" CO2="5141.41" CO="207.07" HC="1.07" NOx="2.38" PMx="0.13" fuel="2.21" electricity="0.00" noise="136.14" route="routeleft" type="cfm-fast" waiting="0.00" lane="left_0" pos="17.68" speed="0.55" angle="152.63" x="5.38" y="27.47"/>
        <vehicle id="cfm-fast_5" eclass="HBEFA3/PC_G_EU4" CO2="5141.41" CO="207.07" HC="1.07" NOx="2.38" PMx="0.13" fuel="2.21" electricity="0.00" noise="136.14" route="routeleft" type="cfm-fast" waiting="0.00" lane="left_0" pos="34.34" speed="0.55" angle="122.71" x="31.23" y="3.21"/>
        <vehicle id="cfm-slow_0" eclass="HBEFA3/PC_G_EU4" CO2="5141.41" CO="207.07" HC="1.07" NOx="2.38" PMx="0.13" fuel="2.21" electricity="0.00" noise="136.14" route="routebottom" type="cfm-slow" waiting="0.00" lane="bottom_0" pos="1.01" speed="0.55" angle="92.64" x="65.93" y="-4.90"/>
        <vehicle id="cfm-slow_1" eclass="HBEFA3/PC_G_EU4" CO2="5141.41" CO="207.07" HC="1.07" NOx="2.38" PMx="0.13" fuel="2.21" electricity="0.00" noise="136.14" route="routebottom" type="cfm-slow" waiting="0.00" lane="bottom_0" pos="17.68" speed="0.55" angle="62.63" x="99.86" y="5.38"/>
        <vehicle id="cfm-slow_2" eclass="HBEFA3/PC_G_EU4" CO2="5141.41" CO="207.07" HC="1.07" NOx="2.38" PMx="0.13" fuel="2.21" electricity="0.00" noise="136.14" route="routebottom" type="cfm-slow" waiting="0.00" lane="bottom_0" pos="34.34" speed="0.55" angle="32.70" x="124.12" y="31.24"/>
        <vehicle id="cfm-slow_3" eclass="HBEFA3/PC_G_EU4" CO2="5141.41" CO="207.07" HC="1.07" NOx="2.38" PMx="0.13" fuel="2.21" electricity="0.00" noise="136.14" route="routeright" type="cfm-slow" waiting="0.00" lane="right_0" pos="1.01" speed="0.55" angle="2.64" x="132.23" y="65.93"/>
        <vehicle id="cfm-slow_4" eclass="HBEFA3/PC_G_EU4" CO2="5141.41" CO="207.07" HC="1.07" NOx="2.38" PMx="0.13" fuel="2.21" electricity="0.00" noise="136.14" route="routeright" type="cfm-slow" waiting="0.00" lane="right_0" pos="17.68" speed="0.55" angle="332.67" x="121.95" y="99.86"/>
        <vehicle id="cfm-slow_5" eclass="HBEFA3/PC_G_EU4" CO2="5141.41" CO="207.07" HC="1.07" NOx="2.38" PMx="0.13" fuel="2.21" electricity="0.00" noise="136.14" route="routeright" type="cfm-slow" waiting="0.00" lane="right_0" pos="34.34" speed="0.55" angle="302.70" x="96.09" y="124.12"/>
    </timestep>
    <timestep time="0.04">
        <vehicle id="cfm-fast_0" eclass="HBEFA3/PC_G_EU4" CO2="5981.34" CO="221.25" HC="1.15" NOx="2.77" PMx="0.15" fuel="2.57" electricity="0.00" noise="136.21" route="routetop" type="cfm-fast" waiting="0.00" lane="top_0" pos="1.02" speed="0.73" angle="272.63" x="61.38" y="132.23"/>
        <vehicle id="cfm-fast_1" eclass="HBEFA3/PC_G_EU4" CO2="5981.34" CO="221.25" HC="1.15" NOx="2.77" PMx="0.15" fuel="2.57" electricity="0.00" noise="136.21" route="routetop" type="cfm-fast" waiting="0.00" lane="top_0" pos="17.68" speed="0.73" angle="242.66" x="27.45" y="121.94"/>
        <vehicle id="cfm-fast_2" eclass="HBEFA3/PC_G_EU4" CO2="5981.34" CO="221.25" HC="1.15" NOx="2.77" PMx="0.15" fuel="2.57" electricity="0.00" noise="136.21" route="routetop" type="cfm-fast" waiting="0.00" lane="top_0" pos="34.35" speed="0.73" angle="212.69" x="3.20" y="96.08"/>
        <vehicle id="cfm-fast_3" eclass="HBEFA3/PC_G_EU4" CO2="5981.34" CO="221.25" HC="1.15" NOx="2.77" PMx="0.15" fuel="2.57" electricity="0.00" noise="136.21" route="routeleft" type="cfm-fast" waiting="0.00" lane="left_0" pos="1.02" speed="0.73" angle="182.63" x="-4.90" y="61.38"/>
        <vehicle id="cfm-fast_4" eclass="HBEFA3/PC_G_EU4" CO2="5981.34" CO="221.25" HC="1.15" NOx="2.77" PMx="0.15" fuel="2.57" electricity="0.00" noise="136.21" route="routeleft" type="cfm-fast" waiting="0.00" lane="left_0" pos="17.68" speed="0.73" angle="152.62" x="5.39" y="27.45"/>
        <vehicle id="cfm-fast_5" eclass="HBEFA3/PC_G_EU4" CO2="5981.34" CO="221.25" HC="1.15" NOx="2.77" PMx="0.15" fuel="2.57" electricity="0.00" noise="136.21" route="routeleft" type="cfm-fast" waiting="0.00" lane="left_0" pos="34.35" speed="0.73" angle="122.69" x="31.25" y="3.20"/>
        <vehicle id="cfm-slow_0" eclass="HBEFA3/PC_G_EU4" CO2="5981.34" CO="221.25" HC="1.15" NOx="2.77" PMx="0.15" fuel="2.57" electricity="0.00" noise="136.21" route="routebottom" type="cfm-slow" waiting="0.00" lane="bottom_0" pos="1.02" speed="0.73" angle="92.63" x="65.95" y="-4.90"/>
        <vehicle id="cfm-slow_1" eclass="HBEFA3/PC_G_EU4" CO2="5981.34" CO="221.25" HC="1.15" NOx="2.77" PMx="0.15" fuel="2.57" electricity="0.00" noise="136.21" route="routebottom" type="cfm-slow" waiting="0.00" lane="bottom_0" pos="17.68" speed="0.73" angle="62.61" x="99.87" y="5.39"/>
        <vehicle id="cfm-slow_2" eclass="HBEFA3/PC_G_EU4" CO2="5981.34" CO="221.25" HC="1.15" NOx="2.77" PMx="0.15" fuel="2.57" electricity="0.00" noise="136.21" route="routebottom" type="cfm-slow" waiting="0.00" lane="bottom_0" pos="34.35" speed="0.73" angle="32.69" x="124.12" y="31.25"/>
        <vehicle id="cfm-slow_3" eclass="HBEFA3/PC_G_EU4" CO2="5981.34" CO="221.25" HC="1.15" NOx="2.77" PMx="0.15" fuel="2.57" electricity="0.00" noise="136.21" route="routeright" type="cfm-slow" waiting="0.00" lane="right_0" pos="1.02" speed="0.73" angle="2.63" x="132.23" y="65.95"/>
        <vehicle id="cfm-slow_4" eclass="HBEFA3/PC_G_EU4" CO2="5981.34" CO="221.25" HC="1.15" NOx="2.77" PMx="0.15" fuel="2.57" electricity="0.00" noise="136.21" route="routeright" type="cfm-slow" waiting="0.00" lane="right_0" pos="17.68" speed="0.73" angle="332.65" x="121.94" y="99.87"/>
        <vehicle id="cfm-slow_5" eclass="HBEFA3/PC_G_EU4" CO2="5981.34" CO="221.25" HC="1.15" NOx="2.77" PMx="0.15" fuel="2.57" electricity="0.00" noise="136.21" route="routeright" type="cfm-slow" waiting="0.00" lane="right_0" pos="34.35" speed="0.73" angle="302.68" x="96.08" y="124.12"/>
    </timestep>
    <timestep time="0.05">
        <vehicle id="cfm-fast_0" eclass="HBEFA3/PC_G_EU4" CO2="6821.80" CO="235.46" HC="1.24" NOx="3.16" PMx="0.17" fuel="2.93" electricity="0.00" noise="136.28" route="routetop" type="cfm-fast" waiting="0.00" lane="top_0" pos="1.03" speed="0.91" angle="272.62" x="61.36" y="132.23"/>
        <vehicle id="cfm-fast_1" eclass="HBEFA3/PC_G_EU4" CO2="6821.80" CO="235.46" HC="1.24" NOx="3.16" PMx="0.17" fuel="2.93" electricity="0.00" noise="136.28" route="routetop" type="cfm-fast" waiting="0.00" lane="top_0" pos="17.69" speed="0.91" angle="242.64" x="27.44" y="121.93"/>
        <vehicle id="cfm-fast_2" eclass="HBEFA3/PC_G_EU4" CO2="6821.80" CO="235.46" HC="1.24" NOx="3.16" PMx="0.17" fuel="2.93" electricity="0.00" noise="136.28" route="routetop" type="cfm-fast" waiting="0.00" lane="top_0" pos="34.36" speed="0.91" angle="212.67" x="3.19" y="96.06"/>
        <vehicle id="cfm-fast_3" eclass="HBEFA3/PC_G_EU4" CO2="6821.80" CO="235.46" HC="1.24" NOx="3.16" PMx="0.17" fuel="2.93" electricity="0.00" noise="136.28" route="routeleft" type="cfm-fast" waiting="0.00" lane="left_0" pos="1.03" speed="0.91" angle="182.62" x="-4.90" y="61.36"/>
        <vehicle id="cfm-fast_4" eclass="HBEFA3/PC_G_EU4" CO2="6821.80" CO="235.46" HC="1.24" NOx="3.16" PMx="0.17" fuel="2.93" electricity="0.00" noise="136.28" route="routeleft" type="cfm-fast" waiting="0.00" lane="left_0" pos="17.69" speed="0.91" angle="152.60" x="5.40" y="27.44"/>
        <vehicle id="cfm-fast_5" eclass="HBEFA3/PC_G_EU4" CO2="6821.80" CO="235.46" HC="1.24" NOx="3.16" PMx="0.17" fuel="2.93" electricity="0.00" noise="136.28" route="routeleft" type="cfm-fast" waiting="0.00" lane="left_0" pos="34.36" speed="0.91" angle="122.68" x="31.26" y="3.19"/>
        <vehicle id="cfm-slow_0" eclass="HBEFA3/PC_G_EU4" CO2="6821.80" CO="235.46" HC="1.24" NOx="3.16" PMx="0.17" fuel="2.93" electricity="0.00" noise="136.28" route="routebottom" type="cfm-slow" waiting="0.00" lane="bottom_0" pos="1.03" speed="0.91" angle="92.61" x="65.97" y="-4.90"/>
        <vehicle id="cfm-slow_1" eclass="HBEFA3/PC_G_EU4" CO2="6821.80" CO="235.46" HC="1.24" NOx="3.16" PMx="0.17" fuel="2.93" electricity="0.00" noise="136.28" route="routebottom" type="cfm-slow" waiting="0.00" lane="bottom_0" pos="17.69" speed="0.91" angle="62.60" x="99.89" y="5.40"/>
        <vehicle id="cfm-slow_2" eclass="HBEFA3/PC_G_EU4" CO2="6821.80" CO="235.46" HC="1.24" NOx="3.16" PMx="0.17" fuel="2.93" electricity="0.00" noise="136.28" route="routebottom" type="cfm-slow" waiting="0.00" lane="bottom_0" pos="34.36" speed="0.91" angle="32.67" x="124.13" y="31.27"/>
        <vehicle id="cfm-slow_3" eclass="HBEFA3/PC_G_EU4" CO2="6821.80" CO="235.46" HC="1.24" NOx="3.16" PMx="0.17" fuel="2.93" electricity="0.00" noise="136.28" route="routeright" type="cfm-slow" waiting="0.00" lane="right_0" pos="1.03" speed="0.91" angle="2.61" x="132.23" y="65.97"/>
        <vehicle id="cfm-slow_4" eclass="HBEFA3/PC_G_EU4" CO2="6821.80" CO="235.46" HC="1.24" NOx="3.16" PMx="0.17" fuel="2.93" electricity="0.00" noise="136.28" route="routeright" type="cfm-slow" waiting="0.00" lane="right_0" pos="17.69" speed="0.91" angle="332.64" x="121.93" y="99.89"/>
        <vehicle id="cfm-slow_5" eclass="HBEFA3/PC_G_EU4" CO2="6821.80" CO="235.46" HC="1.24" NOx="3.16" PMx="0.17" fuel="2.93" electricity="0.00" noise="136.28" route="routeright" type="cfm-slow" waiting="0.00" lane="right_0" pos="34.36" speed="0.91" angle="302.67" x="96.06" y="124.13"/>
    </timestep>
    <timestep time="0.06">
        <vehicle id="cfm-fast_0" eclass="HBEFA3/PC_G_EU4" CO2="7662.77" CO="249.72" HC="1.32" NOx="3.55" PMx="0.19" fuel="3.29" electricity="0.00" noise="136.35" route="routetop" type="cfm-fast" waiting="0.00" lane="top_0" pos="1.04" speed="1.09" angle="272.60" x="61.34" y="132.23"/>
        <vehicle id="cfm-fast_1" eclass="HBEFA3/PC_G_EU4" CO2="7662.77" CO="249.72" HC="1.32" NOx="3.55" PMx="0.19" fuel="3.29" electricity="0.00" noise="136.35" route="routetop" type="cfm-fast" waiting="0.00" lane="top_0" pos="17.70" speed="1.09" angle="242.62" x="27.42" y="121.92"/>
        <vehicle id="cfm-fast_2" eclass="HBEFA3/PC_G_EU4" CO2="7662.77" CO="249.72" HC="1.32" NOx="3.55" PMx="0.19" fuel="3.29" electricity="0.00" noise="136.35" route="routetop" type="cfm-fast" waiting="0.00" lane="top_0" pos="34.37" speed="1.09" angle="212.65" x="3.18" y="96.04"/>
        <vehicle id="cfm-fast_3" eclass="HBEFA3/PC_G_EU4" CO2="7662.77" CO="249.72" HC="1.32" NOx="3.55" PMx="0.19" fuel="3.29" electricity="0.00" noise="136.35" route="routeleft" type="cfm-fast" waiting="0.00" lane="left_0" pos="1.04" speed="1.09" angle="182.60" x="-4.90" y="61.34"/>
        <vehicle id="cfm-fast_4" eclass="HBEFA3/PC_G_EU4" CO2="7662.77" CO="249.72" HC="1.32" NOx="3.55" PMx="0.19" fuel="3.29" electricity="0.00" noise="136.35" route="routeleft" type="cfm-fast" waiting="0.00" lane="left_0" pos="17.70" speed="1.09" angle="152.58" x="5.41" y="27.42"/>
        <vehicle id="cfm-fast_5" eclass="HBEFA3/PC_G_EU4" CO2="7662.77" CO="249.72" HC="1.32" NOx="3.55" PMx="0.19" fuel="3.29" electricity="0.00" noise="136.35" route="routeleft" type="cfm-fast" waiting="0.00" lane="left_0" pos="34.37" speed="1.09" angle="122.66" x="31.29" y="3.18"/>
        <vehicle id="cfm-slow_0" eclass="HBEFA3/PC_G_EU4" CO2="7662.77" CO="249.72" HC="1.32" NOx="3.55" PMx="0.19" fuel="3.29" electricity="0.00" noise="136.35" route="routebottom" type="cfm-slow" waiting="0.00" lane="bottom_0" pos="1.04" speed="1.09" angle="92.59" x="65.99" y="-4.90"/>
        <vehicle id="cfm-slow_1" eclass="HBEFA3/PC_G_EU4" CO2="7662.77" CO="249.72" HC="1.32" NOx="3.55" PMx="0.19" fuel="3.29" electricity="0.00" noise="136.35" route="routebottom" type="cfm-slow" waiting="0.00" lane="bottom_0" pos="17.70" speed="1.09" angle="62.58" x="99.91" y="5.41"/>
        <vehicle id="cfm-slow_2" eclass="HBEFA3/PC_G_EU4" CO2="7662.77" CO="249.72" HC="1.32" NOx="3.55" PMx="0.19" fuel="3.29" electricity="0.00" noise="136.35" route="routebottom" type="cfm-slow" waiting="0.00" lane="bottom_0" pos="34.37" speed="1.09" angle="32.65" x="124.14" y="31.29"/>
        <vehicle id="cfm-slow_3" eclass="HBEFA3/PC_G_EU4" CO2="7662.77" CO="249.72" HC="1.32" NOx="3.55" PMx="0.19" fuel="3.29" electricity="0.00" noise="136.35" route="routeright" type="cfm-slow" waiting="0.00" lane="right_0" pos="1.04" speed="1.09" angle="2.59" x="132.23" y="65.99"/>
        <vehicle id="cfm-slow_4" eclass="HBEFA3/PC_G_EU4" CO2="7662.77" CO="249.72" HC="1.32" NOx="3.55" PMx="0.19" fuel="3.29" electricity="0.00" noise="136.35" route="routeright" type="cfm-slow" waiting="0.00" lane="right_0" pos="17.70" speed="1.09" angle="332.62" x="121.92" y="99.91"/>
        <vehicle id="cfm-slow_5" eclass="HBEFA3/PC_G_EU4" CO2="7662.77" CO="249.72" HC="1.32" NOx="3.55" PMx="0.19" fuel="3.29" electricity="0.00" noise="136.35" route="routeright" type="cfm-slow" waiting="0.00" lane="right_0" pos="34.37" speed="1.09" angle="302.65" x="96.04" y="124.14"/>
    </timestep>
    <timestep time="0.07">
        <vehicle id="cfm-fast_0" eclass="HBEFA3/PC_G_EU4" CO2="8504.26" CO="264.01" HC="1.41" NOx="3.94" PMx="0.21" fuel="3.66" electricity="0.00" noise="136.42" route="routetop" type="cfm-fast" waiting="0.00" lane="top_0" pos="1.05" speed="1.27" angle="272.57" x="61.31" y="132.23"/>
        <vehicle id="cfm-fast_1" eclass="HBEFA3/PC_G_EU4" CO2="8504.26" CO="264.01" HC="1.41" NOx="3.94" PMx="0.21" fuel="3.66" electricity="0.00" noise="136.42" route="routetop" type="cfm-fast" waiting="0.00" lane="top_0" pos="17.72" speed="1.27" angle="242.60" x="27.39" y="121.91"/>
        <vehicle id="cfm-fast_2" eclass="HBEFA3/PC_G_EU4" CO2="8504.26" CO="264.01" HC="1.41" NOx="3.94" PMx="0.21" fuel="3.66" electricity="0.00" noise="136.42" route="routetop" type="cfm-fast" waiting="0.00" lane="top_0" pos="34.38" speed="1.27" angle="212.63" x="3.16" y="96.02"/>
        <vehicle id="cfm-fast_3" eclass="HBEFA3/PC_G_EU4" CO2="8504.26" CO="264.01" HC="1.41" NOx="3.94" PMx="0.21" fuel="3.66" electricity="0.00" noise="136.42" route="routeleft" type="cfm-fast" waiting="0.00" lane="left_0" pos="1.05" speed="1.27" angle="182.58" x="-4.90" y="61.31"/>
        <vehicle id="cfm-fast_4" eclass="HBEFA3/PC_G_EU4" CO2="8504.26" CO="264.01" HC="1.41" NOx="3.94" PMx="0.21" fuel="3.66" electricity="0.00" noise="136.42" route="routeleft" type="cfm-fast" waiting="0.00" lane="left_0" pos="17.72" speed="1.27" angle="152.56" x="5.42" y="27.39"/>
        <vehicle id="cfm-fast_5" eclass="HBEFA3/PC_G_EU4" CO2="8504.26" CO="264.01" HC="1.41" NOx="3.94" PMx="0.21" fuel="3.66" electricity="0.00" noise="136.42" route="routeleft" type="cfm-fast" waiting="0.00" lane="left_0" pos="34.38" speed="1.27" angle="122.63" x="31.31" y="3.16"/>
        <vehicle id="cfm-slow_0" eclass="HBEFA3/PC_G_EU4" CO2="8504.26" CO="264.01" HC="1.41" NOx="3.94" PMx="0.21" fuel="3.66" electricity="0.00" noise="136.42" route="routebottom" type="cfm-slow" waiting="0.00" lane="bottom_0" pos="1.05" speed="1.27" angle="92.57" x="66.02" y="-4.90"/>
        <vehicle id="cfm-slow_1" eclass="HBEFA3/PC_G_EU4" CO2="8504.26" CO="264.01" HC="1.41" NOx="3.94" PMx="0.21" fuel="3.66" electricity="0.00" noise="136.42" route="routebottom" type="cfm-slow" waiting="0.00" lane="bottom_0" pos="17.72" speed="1.27" angle="62.55" x="99.93" y="5.43"/>
        <vehicle id="cfm-slow_2" eclass="HBEFA3/PC_G_EU4" CO2="8504.26" CO="264.01" HC="1.41" NOx="3.94" PMx="0.21" fuel="3.66" electricity="0.00" noise="136.42" route="routebottom" type="cfm-slow" waiting="0.00" lane="bottom_0" pos="34.38" speed="1.27" angle="32.63" x="124.16" y="31.31"/>
        <vehicle id="cfm-slow_3" eclass="HBEFA3/PC_G_EU4" CO2="8504.26" CO="264.01" HC="1.41" NOx="3.94" PMx="0.21" fuel="3.66" electricity="0.00" noise="136.42" route="routeright" type="cfm-slow" waiting="0.00" lane="right_0" pos="1.05" speed="1.27" angle="2.57" x="132.23" y="66.02"/>
        <vehicle id="cfm-slow_4" eclass="HBEFA3/PC_G_EU4" CO2="8504.26" CO="264.01" HC="1.41" NOx="3.94" PMx="0.21" fuel="3.66" electricity="0.00" noise="136.42" route="routeright" type="cfm-slow" waiting="0.00" lane="right_0" pos="17.72" speed="1.27" angle="332.59" x="121.90" y="99.93"/>
        <vehicle id="cfm-slow_5" eclass="HBEFA3/PC_G_EU4" CO2="8504.26" CO="264.01" HC="1.41" NOx="3.94" PMx="0.21" fuel="3.66" electricity="0.00" noise="136.42" route="routeright" type="cfm-slow" waiting="0.00" lane="right_0" pos="34.38" speed="1.27" angle="302.62" x="96.02" y="124.16"/>
    </timestep>
    <timestep time="0.08">
        <vehicle id="cfm-fast_0" eclass="HBEFA3/PC_G_EU4" CO2="9346.27" CO="278.34" HC="1.50" NOx="4.34" PMx="0.23" fuel="4.02" electricity="0.00" noise="136.49" route="routetop" type="cfm-fast" waiting="0.00" lane="top_0" pos="1.07" speed="1.45" angle="272.55" x="61.28" y="132.23"/>
        <vehicle id="cfm-fast_1" eclass="HBEFA3/PC_G_EU4" CO2="9346.27" CO="278.34" HC="1.50" NOx="4.34" PMx="0.23" fuel="4.02" electricity="0.00" noise="136.49" route="routetop" type="cfm-fast" waiting="0.00" lane="top_0" pos="17.73" speed="1.45" angle="242.58" x="27.37" y="121.89"/>
        <vehicle id="cfm-fast_2" eclass="HBEFA3/PC_G_EU4" CO2="9346.27" CO="278.34" HC="1.50" NOx="4.34" PMx="0.23" fuel="4.02" electricity="0.00" noise="136.49" route="routetop" type="cfm-fast" waiting="0.00" lane="top_0" pos="34.40" speed="1.45" angle="212.60" x="3.15" y="95.99"/>
        <vehicle id="cfm-fast_3" eclass="HBEFA3/PC_G_EU4" CO2="9346.27" CO="278.34" HC="1.50" NOx="4.34" PMx="0.23" fuel="4.02" electricity="0.00" noise="136.49" route="routeleft" type="cfm-fast" waiting="0.00" lane="left_0" pos="1.07" speed="1.45" angle="182.55" x="-4.90" y="61.28"/>
        <vehicle id="cfm-fast_4" eclass="HBEFA3/PC_G_EU4" CO2="9346.27" CO="278.34" HC="1.50" NOx="4.34" PMx="0.23" fuel="4.02" electricity="0.00" noise="136.49" route="routeleft" type="cfm-fast" waiting="0.00" lane="left_0" pos="17.73" speed="1.45" angle="152.53" x="5.44" y="27.36"/>
        <vehicle id="cfm-fast_5" eclass="HBEFA3/PC_G_EU4" CO2="9346.27" CO="278.34" HC="1.50" NOx="4.34" PMx="0.23" fuel="4.02" electricity="0.00" noise="136.49" route="routeleft" type="cfm-fast" waiting="0.00" lane="left_0" pos="34.40" speed="1.45" angle="122.61" x="31.34" y="3.15"/>
        <vehicle id="cfm-slow_0" eclass="HBEFA3/PC_G_EU4" CO2="9346.27" CO="278.34" HC="1.50" NOx="4.34" PMx="0.23" fuel="4.02" electricity="0.00" noise="136.49" route="routebottom" type="cfm-slow" waiting="0.00" lane="bottom_0" pos="1.07" speed="1.45" angle="92.54" x="66.05" y="-4.90"/>
        <vehicle id="cfm-slow_1" eclass="HBEFA3/PC_G_EU4" CO2="9346.27" CO="278.34" HC="1.50" NOx="4.34" PMx="0.23" fuel="4.02" electricity="0.00" noise="136.49" route="routebottom" type="cfm-slow" waiting="0.00" lane="bottom_0" pos="17.73" speed="1.45" angle="62.53" x="99.96" y="5.44"/>
        <vehicle id="cfm-slow_2" eclass="HBEFA3/PC_G_EU4" CO2="9346.27" CO="278.34" HC="1.50" NOx="4.34" PMx="0.23" fuel="4.02" electricity="0.00" noise="136.49" route="routebottom" type="cfm-slow" waiting="0.00" lane="bottom_0" pos="34.40" speed="1.45" angle="32.60" x="124.17" y="31.34"/>
        <vehicle id="cfm-slow_3" eclass="HBEFA3/PC_G_EU4" CO2="9346.27" CO="278.34" HC="1.50" NOx="4.34" PMx="0.23" fuel="4.02" electricity="0.00" noise="136.49" route="routeright" type="cfm-slow" waiting="0.00" lane="right_0" pos="1.07" speed="1.45" angle="2.54" x="132.23" y="66.05"/>
        <vehicle id="cfm-slow_4" eclass="HBEFA3/PC_G_EU4" CO2="9346.27" CO="278.34" HC="1.50" NOx="4.34" PMx="0.23" fuel="4.02" electricity="0.00" noise="136.49" route="routeright" type="cfm-slow" waiting="0.00" lane="right_0" pos="17.73" speed="1.45" angle="332.57" x="121.89" y="99.96"/>
        <vehicle id="cfm-slow_5" eclass="HBEFA3/PC_G_EU4" CO2="9346.27" CO="278.34" HC="1.50" NOx="4.34" PMx="0.23" fuel="4.02" electricity="0.00" noise="136.49" route="routeright" type="cfm-slow" waiting="0.00" lane="right_0" pos="34.40" speed="1.45" angle="302.60" x="95.99" y="124.17"/>
    </timestep>
    <timestep time="0.09">
        <vehicle id="cfm-fast_0" eclass="HBEFA3/PC_G_EU4" CO2="10188.80" CO="292.70" HC="1.58" NOx="4.73" PMx="0.25" fuel="4.38" electricity="0.00" noise="136.56" route="routetop" type="cfm-fast" waiting="0.00" lane="top_0" pos="1.08" speed="1.64" angle="272.52" x="61.24" y="132.23"/>
        <vehicle id="cfm-fast_1" eclass="HBEFA3/PC_G_EU4" CO2="10188.80" CO="292.70" HC="1.58" NOx="4.73" PMx="0.25" fuel="4.38" electricity="0.00" noise="136.56" route="routetop" type="cfm-fast" waiting="0.00" lane="top_0" pos="17.75" speed="1.64" angle="242.55" x="27.33" y="121.87"/>
        <vehicle id="cfm-fast_2" eclass="HBEFA3/PC_G_EU4" CO2="10188.80" CO="292.70" HC="1.58" NOx="4.73" PMx="0.25" fuel="4.38" electricity="0.00" noise="136.56" route="routetop" type="cfm-fast" waiting="0.00" lane="top_0" pos="34.42" speed="1.64" angle="212.57" x="3.13" y="95.96"/>
        <vehicle id="cfm-fast_3" eclass="HBEFA3/PC_G_EU4" CO2="10188.80" CO="292.70" HC="1.58" NOx="4.73" PMx="0.25" fuel="4.38" electricity="0.00" noise="136.56" route="routeleft" type="cfm-fast" waiting="0.00" lane="left_0" pos="1.08" speed="1.64" angle="182.52" x="-4.90" y="61.24"/>
        <vehicle id="cfm-fast_4" eclass="HBEFA3/PC_G_EU4" CO2="10188.80" CO="292.70" HC="1.58" NOx="4.73" PMx="0.25" fuel="4.38" electricity="0.00" noise="136.56" route="routeleft" type="cfm-fast" waiting="0.00" lane="left_0" pos="17.75" speed="1.64" angle="152.50" x="5.46" y="27.33"/>
        <vehicle id="cfm-fast_5" eclass="HBEFA3/PC_G_EU4" CO2="10188.80" CO="292.70" HC="1.58" NOx="4.73" PMx="0.25" fuel="4.38" electricity="0.00" noise="136.56" route="routeleft" type="cfm-fast" waiting="0.00" lane="left_0" pos="34.42" speed="1.64" angle="122.58" x="31.37" y="3.13"/>
        <vehicle id="cfm-slow_0" eclass="HBEFA3/PC_G_EU4" CO2="10188.80" CO="292.70" HC="1.58" NOx="4.73" PMx="0.25" fuel="4.38" electricity="0.00" noise="136.56" route="routebottom" type="cfm-slow" waiting="0.00" lane="bottom_0" pos="1.08" speed="1.64" angle="92.51" x="66.09" y="-4.90"/>
        <vehicle id="cfm-slow_1" eclass="HBEFA3/PC_G_EU4" CO2="10188.80" CO="292.70" HC="1.58" NOx="4.73" PMx="0.25" fuel="4.38" electricity="0.00" noise="136.56" route="routebottom" type="cfm-slow" waiting="0.00" lane="bottom_0" pos="17.75" speed="1.64" angle="62.50" x="99.99" y="5.46"/>
        <vehicle id="cfm-slow_2" eclass="HBEFA3/PC_G_EU4" CO2="10188.80" CO="292.70" HC="1.58" NOx="4.73" PMx="0.25" fuel="4.38" electricity="0.00" noise="136.56" route="routebottom" type="cfm-slow" waiting="0.00" lane="bottom_0" pos="34.42" speed="1.64" angle="32.57" x="124.19" y="31.37"/>
        <vehicle id="cfm-slow_3" eclass="HBEFA3/PC_G_EU4" CO2="10188.80" CO="292.70" HC="1.58" NOx="4.73" PMx="0.25" fuel="4.38" electricity="0.00" noise="136.56" route="routeright" type="cfm-slow" waiting="0.00" lane="right_0" pos="1.08" speed="1.64" angle="2.51" x="132.23" y="66.09"/>
        <vehicle id="cfm-slow_4" eclass="HBEFA3/PC_G_EU4" CO2="10188.80" CO="292.70" HC="1.58" NOx="4.73" PMx="0.25" fuel="4.38" electricity="0.00" noise="136.56" route="routeright" type="cfm-slow" waiting="0.00" lane="right_0" pos="17.75" speed="1.64" angle="332.54" x="121.87" y="99.99"/>
        <vehicle id="cfm-slow_5" eclass="HBEFA3/PC_G_EU4" CO2="10188.80" CO="292.70" HC="1.58" NOx="4.73" PMx="0.25" fuel="4.38" electricity="0.00" noise="136.56" route="routeright" type="cfm-slow" waiting="0.00" lane="right_0" pos="34.42" speed="1.64" angle="302.57" x="95.96" y="124.19"/>
    </timestep>
    <timestep time="0.10">
        <vehicle id="cfm-fast_0" eclass="HBEFA3/PC_G_EU4" CO2="11031.84" CO="307.11" HC="1.67" NOx="5.12" PMx="0.28" fuel="4.74" electricity="0.00" noise="136.63" route="routetop" type="cfm-fast" waiting="0.00" lane="top_0" pos="1.10" speed="1.82" angle="272.48" x="61.20" y="132.23"/>
        <vehicle id="cfm-fast_1" eclass="HBEFA3/PC_G_EU4" CO2="11031.84" CO="307.11" HC="1.67" NOx="5.12" PMx="0.28" fuel="4.74" electricity="0.00" noise="136.63" route="routetop" type="cfm-fast" waiting="0.00" lane="top_0" pos="17.77" speed="1.82" angle="242.51" x="27.30" y="121.85"/>
        <vehicle id="cfm-fast_2" eclass="HBEFA3/PC_G_EU4" CO2="11031.84" CO="307.11" HC="1.67" NOx="5.12" PMx="0.28" fuel="4.74" electricity="0.00" noise="136.63" route="routetop" type="cfm-fast" waiting="0.00" lane="top_0" pos="34.43" speed="1.82" angle="212.54" x="3.11" y="95.93"/>
        <vehicle id="cfm-fast_3" eclass="HBEFA3/PC_G_EU4" CO2="11031.84" CO="307.11" HC="1.67" NOx="5.12" PMx="0.28" fuel="4.74" electricity="0.00" noise="136.63" route="routeleft" type="cfm-fast" waiting="0.00" lane="left_0" pos="1.10" speed="1.82" angle="182.49" x="-4.90" y="61.20"/>
        <vehicle id="cfm-fast_4" eclass="HBEFA3/PC_G_EU4" CO2="11031.84" CO="307.11" HC="1.67" NOx="5.12" PMx="0.28" fuel="4.74" electricity="0.00" noise="136.63" route="routeleft" type="cfm-fast" waiting="0.00" lane="left_0" pos="17.77" speed="1.82" angle="152.47" x="5.48" y="27.30"/>
        <vehicle id="cfm-fast_5" eclass="HBEFA3/PC_G_EU4" CO2="11031.84" CO="307.11" HC="1.67" NOx="5.12" PMx="0.28" fuel="4.74" electricity="0.00" noise="136.63" route="routeleft" type="cfm-fast" waiting="0.00" lane="left_0" pos="34.43" speed="1.82" angle="122.54" x="31.40" y="3.11"/>
        <vehicle id="cfm-slow_0" eclass="HBEFA3/PC_G_EU4" CO2="11031.84" CO="307.11" HC="1.67" NOx="5.12" PMx="0.28" fuel="4.74" electricity="0.00" noise="136.63" route="routebottom" type="cfm-slow" waiting="0.00" lane="bottom_0" pos="1.10" speed="1.82" angle="92.48" x="66.13" y="-4.90"/>
        <vehicle id="cfm-slow_1" eclass="HBEFA3/PC_G_EU4" CO2="11031.84" CO="307.11" HC="1.67" NOx="5.12" PMx="0.28" fuel="4.74" electricity="0.00" noise="136.63" route="routebottom" type="cfm-slow" waiting="0.00" lane="bottom_0" pos="17.77" speed="1.82" angle="62.46" x="100.03" y="5.48"/>
        <vehicle id="cfm-slow_2" eclass="HBEFA3/PC_G_EU4" CO2="11031.84" CO="307.11" HC="1.67" NOx="5.12" PMx="0.28" fuel="4.74" electricity="0.00" noise="136.63" route="routebottom" type="cfm-slow" waiting="0.00" lane="bottom_0" pos="34.43" speed="1.82" angle="32.54" x="124.21" y="31.41"/>
        <vehicle id="cfm-slow_3" eclass="HBEFA3/PC_G_EU4" CO2="11031.84" CO="307.11" HC="1.67" NOx="5.12" PMx="0.28" fuel="4.74" electricity="0.00" noise="136.63" route="routeright" type="cfm-slow" waiting="0.00" lane="right_0" pos="1.10" speed="1.82" angle="2.48" x="132.23" y="66.13"/>
        <vehicle id="cfm-slow_4" eclass="HBEFA3/PC_G_EU4" CO2="11031.84" CO="307.11" HC="1.67" NOx="5.12" PMx="0.28" fuel="4.74" electricity="0.00" noise="136.63" route="routeright" type="cfm-slow" waiting="0.00" lane="right_0" pos="17.77" speed="1.82" angle="332.51" x="121.85" y="100.03"/>
        <vehicle id="cfm-slow_5" eclass="HBEFA3/PC_G_EU4" CO2="11031.84" CO="307.11" HC="1.67" NOx="5.12" PMx="0.28" fuel="4.74" electricity="0.00" noise="136.63" route="routeright" type="cfm-slow" waiting="0.00" lane="right_0" pos="34.43" speed="1.82" angle="302.53" x="95.92" y="124.21"/>
    </timestep>
    <timestep time="0.11">
        <vehicle id="cfm-fast_0" eclass="HBEFA3/PC_G_EU4" CO2="11875.41" CO="321.55" HC="1.75" NOx="5.51" PMx="0.30" fuel="5.10" electricity="0.00" noise="136.70" route="routetop" type="cfm-fast" waiting="0.00" lane="top_0" pos="1.12" speed="2.00" angle="272.45" x="61.16" y="132.22"/>
        <vehicle id="cfm-fast_1" eclass="HBEFA3/PC_G_EU4" CO2="11875.41" CO="321.55" HC="1.75" NOx="5.51" PMx="0.30" fuel="5.10" electricity="0.00" noise="136.70" route="routetop" type="cfm-fast" waiting="0.00" lane="top_0" pos="17.79" speed="2.00" angle="242.48" x="27.26" y="121.83"/>
        <vehicle id="cfm-fast_2" eclass="HBEFA3/PC_G_EU4" CO2="11875.41" CO="321.55" HC="1.75" NOx="5.51" PMx="0.30" fuel="5.10" electricity="0.00" noise="136.70" route="routetop" type="cfm-fast" waiting="0.00" lane="top_0" pos="34.45" speed="2.00" angle="212.50" x="3.09" y="95.89"/>
        <vehicle id="cfm-fast_3" eclass="HBEFA3/PC_G_EU4" CO2="11875.41" CO="321.55" HC="1.75" NOx="5.51" PMx="0.30" fuel="5.10" electricity="0.00" noise="136.70" route="routeleft" type="cfm-fast" waiting="0.00" lane="left_0" pos="1.12" speed="2.00" angle="182.45" x="-4.90" y="61.16"/>
        <vehicle id="cfm-fast_4" eclass="HBEFA3/PC_G_EU4" CO2="11875.41" CO="321.55" HC="1.75" NOx="5.51" PMx="0.30" fuel="5.10" electricity="0.00" noise="136.70" route="routeleft" type="cfm-fast" waiting="0.00" lane="left_0" pos="17.79" speed="2.00" angle="152.43" x="5.50" y="27.26"/>
        <vehicle id="cfm-fast_5" eclass="HBEFA3/PC_G_EU4" CO2="11875.41" CO="321.55" HC="1.75" NOx="5.51" PMx="0.30" fuel="5.10" electricity="0.00" noise="136.70" route="routeleft" type="cfm-fast" waiting="0.00" lane="left_0" pos="34.45" speed="2.00" angle="122.51" x="31.44" y="3.09"/>
        <vehicle id="cfm-slow_0" eclass="HBEFA3/PC_G_EU4" CO2="11797.26" CO="319.97" HC="1.75" NOx="5.48" PMx="0.29" fuel="5.07" electricity="0.00" noise="136.09" route="routebottom" type="cfm-slow" waiting="0.00" lane="bottom_0" pos="1.12" speed="2.00" angle="92.44" x="66.17" y="-4.90"/>
        <vehicle id="cfm-slow_1" eclass="HBEFA3/PC_G_EU4" CO2="11797.26" CO="319.97" HC="1.75" NOx="5.48" PMx="0.29" fuel="5.07" electricity="0.00" noise="136.09" route="routebottom" type="cfm-slow" waiting="0.00" lane="bottom_0" pos="17.79" speed="2.00" angle="62.43" x="100.06" y="5.50"/>
        <vehicle id="cfm-slow_2" eclass="HBEFA3/PC_G_EU4" CO2="11797.26" CO="319.97" HC="1.75" NOx="5.48" PMx="0.29" fuel="5.07" electricity="0.00" noise="136.09" route="routebottom" type="cfm-slow" waiting="0.00" lane="bottom_0" pos="34.45" speed="2.00" angle="32.50" x="124.23" y="31.44"/>
        <vehicle id="cfm-slow_3" eclass="HBEFA3/PC_G_EU4" CO2="11797.26" CO="319.97" HC="1.75" NOx="5.48" PMx="0.29" fuel="5.07" electricity="0.00" noise="136.09" route="routeright" type="cfm-slow" waiting="0.00" lane="right_0" pos="1.12" speed="2.00" angle="2.44" x="132.22" y="66.17"/>
        <vehicle id="cfm-slow_4" eclass="HBEFA3/PC_G_EU4" CO2="11797.26" CO="319.97" HC="1.75" NOx="5.48" PMx="0.29" fuel="5.07" electricity="0.00" noise="136.09" route="routeright" type="cfm-slow" waiting="0.00" lane="right_0" pos="17.79" speed="2.00" angle="332.47" x="121.83" y="100.06"/>
        <vehicle id="cfm-slow_5" eclass="HBEFA3/PC_G_EU4" CO2="11797.26" CO="319.97" HC="1.75" NOx="5.48" PMx="0.29" fuel="5.07" electricity="0.00" noise="136.09" route="routeright" type="cfm-slow" waiting="0.00" lane="right_0" pos="34.45" speed="2.00" angle="302.50" x="95.89" y="124.23"/>
    </timestep>
    <timestep time="0.12">
        <vehicle id="cfm-fast_0" eclass="HBEFA3/PC_G_EU4" CO2="12719.50" CO="336.03" HC="1.84" NOx="5.91" PMx="0.32" fuel="5.47" electricity="0.00" noise="136.77" route="routetop" type="cfm-fast" waiting="0.00" lane="top_0" pos="1.14" speed="2.18" angle="272.41" x="61.11" y="132.22"/>
        <vehicle id="cfm-fast_1" eclass="HBEFA3/PC_G_EU4" CO2="12719.50" CO="336.03" HC="1.84" NOx="5.91" PMx="0.32" fuel="5.47" electricity="0.00" noise="136.77" route="routetop" type="cfm-fast" waiting="0.00" lane="top_0" pos="17.81" speed="2.18" angle="242.44" x="27.22" y="121.81"/>
        <vehicle id="cfm-fast_2" eclass="HBEFA3/PC_G_EU4" CO2="12719.50" CO="336.03" HC="1.84" NOx="5.91" PMx="0.32" fuel="5.47" electricity="0.00" noise="136.77" route="routetop" type="cfm-fast" waiting="0.00" lane="top_0" pos="34.48" speed="2.18" angle="212.46" x="3.07" y="95.85"/>
        <vehicle id="cfm-fast_3" eclass="HBEFA3/PC_G_EU4" CO2="12719.50" CO="336.03" HC="1.84" NOx="5.91" PMx="0.32" fuel="5.47" electricity="0.00" noise="136.77" route="routeleft" type="cfm-fast" waiting="0.00" lane="left_0" pos="1.14" speed="2.18" angle="182.41" x="-4.89" y="61.11"/>
        <vehicle id="cfm-fast_4" eclass="HBEFA3/PC_G_EU4" CO2="12719.50" CO="336.03" HC="1.84" NOx="5.91" PMx="0.32" fuel="5.47" electricity="0.00" noise="136.77" route="routeleft" type="cfm-fast" waiting="0.00" lane="left_0" pos="17.81" speed="2.18" angle="152.40" x="5.52" y="27.22"/>
        <vehicle id="cfm-fast_5" eclass="HBEFA3/PC_G_EU4" CO2="12719.50" CO="336.03" HC="1.84" NOx="5.91" PMx="0.32" fuel="5.47" electricity="0.00" noise="136.77" route="routeleft" type="cfm-fast" waiting="0.00" lane="left_0" pos="34.48" speed="2.18" angle="122.47" x="31.48" y="3.07"/>
        <vehicle id="cfm-slow_0" eclass="HBEFA3/PC_G_EU4" CO2="12527.80" CO="332.16" HC="1.82" NOx="5.82" PMx="0.31" fuel="5.39" electricity="0.00" noise="135.44" route="routebottom" type="cfm-slow" waiting="0.00" lane="bottom_0" pos="1.14" speed="2.18" angle="92.40" x="66.22" y="-4.89"/>
        <vehicle id="cfm-slow_1" eclass="HBEFA3/PC_G_EU4" CO2="12527.80" CO="332.16" HC="1.82" NOx="5.82" PMx="0.31" fuel="5.39" electricity="0.00" noise="135.44" route="routebottom" type="cfm-slow" waiting="0.00" lane="bottom_0" pos="17.81" speed="2.18" angle="62.40" x="100.10" y="5.53"/>
        <vehicle id="cfm-slow_2" eclass="HBEFA3/PC_G_EU4" CO2="12527.80" CO="332.16" HC="1.82" NOx="5.82" PMx="0.31" fuel="5.39" electricity="0.00" noise="135.44" route="routebottom" type="cfm-slow" waiting="0.00" lane="bottom_0" pos="34.48" speed="2.18" angle="32.46" x="124.25" y="31.48"/>
        <vehicle id="cfm-slow_3" eclass="HBEFA3/PC_G_EU4" CO2="12527.80" CO="332.16" HC="1.82" NOx="5.82" PMx="0.31" fuel="5.39" electricity="0.00" noise="135.44" route="routeright" type="cfm-slow" waiting="0.00" lane="right_0" pos="1.14" speed="2.18" angle="2.40" x="132.22" y="66.22"/>
        <vehicle id="cfm-slow_4" eclass="HBEFA3/PC_G_EU4" CO2="12527.80" CO="332.16" HC="1.82" NOx="5.82" PMx="0.31" fuel="5.39" electricity="0.00" noise="135.44" route="routeright" type="cfm-slow" waiting="0.00" lane="right_0" pos="17.81" speed="2.18" angle="332.44" x="121.80" y="100.10"/>
        <vehicle id="cfm-slow_5" eclass="HBEFA3/PC_G_EU4" CO2="12528.58" CO="332.17" HC="1.82" NOx="5.82" PMx="0.31" fuel="5.39" electricity="0.00" noise="135.45" route="routeright" type="cfm-slow" waiting="0.00" lane="right_0" pos="34.48" speed="2.18" angle="302.46" x="95.84" y="124.25"/>
    </timestep>
    <timestep time="0.13">
        <vehicle id="cfm-fast_0" eclass="HBEFA3/PC_G_EU4" CO2="13564.10" CO="350.56" HC="1.93" NOx="6.30" PMx="0.34" fuel="5.83" electricity="0.00" noise="136.84" route="routetop" type="cfm-fast" waiting="0.00" lane="top_0" pos="1.17" speed="2.36" angle="272.37" x="61.06" y="132.22"/>
        <vehicle id="cfm-fast_1" eclass="HBEFA3/PC_G_EU4" CO2="13564.10" CO="350.56" HC="1.93" NOx="6.30" PMx="0.34" fuel="5.83" electricity="0.00" noise="136.84" route="routetop" type="cfm-fast" waiting="0.00" lane="top_0" pos="17.83" speed="2.36" angle="242.41" x="27.18" y="121.78"/>
        <vehicle id="cfm-fast_2" eclass="HBEFA3/PC_G_EU4" CO2="13564.10" CO="350.56" HC="1.93" NOx="6.30" PMx="0.34" fuel="5.83" electricity="0.00" noise="136.84" route="routetop" type="cfm-fast" waiting="0.00" lane="top_0" pos="34.50" speed="2.36" angle="212.42" x="3.05" y="95.80"/>
        <vehicle id="cfm-fast_3" eclass="HBEFA3/PC_G_EU4" CO2="13564.10" CO="350.56" HC="1.93" NOx="6.30" PMx="0.34" fuel="5.83" electricity="0.00" noise="136.84" route="routeleft" type="cfm-fast" waiting="0.00" lane="left_0" pos="1.17" speed="2.36" angle="182.37" x="-4.89" y="61.06"/>
        <vehicle id="cfm-fast_4" eclass="HBEFA3/PC_G_EU4" CO2="13564.10" CO="350.56" HC="1.93" NOx="6.30" PMx="0.34" fuel="5.83" electricity="0.00" noise="136.84" route="routeleft" type="cfm-fast" waiting="0.00" lane="left_0" pos="17.83" speed="2.36" angle="152.37" x="5.55" y="27.18"/>
        <vehicle id="cfm-fast_5" eclass="HBEFA3/PC_G_EU4" CO2="13564.10" CO="350.56" HC="1.93" NOx="6.30" PMx="0.34" fuel="5.83" electricity="0.00" noise="136.84" route="routeleft" type="cfm-fast" waiting="0.00" lane="left_0" pos="34.50" speed="2.36" angle="122.42" x="31.52" y="3.05"/>
        <vehicle id="cfm-slow_0" eclass="HBEFA3/PC_G_EU4" CO2="13237.12" CO="343.97" HC="1.89" NOx="6.15" PMx="0.33" fuel="5.69" electricity="0.00" noise="134.80" route="routebottom" type="cfm-slow" waiting="0.00" lane="bottom_0" pos="1.17" speed="2.35" angle="92.36" x="66.27" y="-4.89"/>
        <vehicle id="cfm-slow_1" eclass="HBEFA3/PC_G_EU4" CO2="13237.12" CO="343.97" HC="1.89" NOx="6.15" PMx="0.33" fuel="5.69" electricity="0.00" noise="134.80" route="routebottom" type="cfm-slow" waiting="0.00" lane="bottom_0" pos="17.83" speed="2.35" angle="62.36" x="100.15" y="5.55"/>
        <vehicle id="cfm-slow_2" eclass="HBEFA3/PC_G_EU4" CO2="13237.12" CO="343.97" HC="1.89" NOx="6.15" PMx="0.33" fuel="5.69" electricity="0.00" noise="134.80" route="routebottom" type="cfm-slow" waiting="0.00" lane="bottom_0" pos="34.50" speed="2.35" angle="32.42" x="124.28" y="31.53"/>
        <vehicle id="cfm-slow_3" eclass="HBEFA3/PC_G_EU4" CO2="13237.12" CO="343.97" HC="1.89" NOx="6.15" PMx="0.33" fuel="5.69" electricity="0.00" noise="134.80" route="routeright" type="cfm-slow" waiting="0.00" lane="right_0" pos="1.17" speed="2.35" angle="2.36" x="132.22" y="66.27"/>
        <vehicle id="cfm-slow_4" eclass="HBEFA3/PC_G_EU4" CO2="13237.12" CO="343.97" HC="1.89" NOx="6.15" PMx="0.33" fuel="5.69" electricity="0.00" noise="134.80" route="routeright" type="cfm-slow" waiting="0.00" lane="right_0" pos="17.83" speed="2.35" angle="332.41" x="121.78" y="100.15"/>
        <vehicle id="cfm-slow_5" eclass="HBEFA3/PC_G_EU4" CO2="13239.83" CO="344.02" HC="1.89" NOx="6.15" PMx="0.33" fuel="5.69" electricity="0.00" noise="134.81" route="routeright" type="cfm-slow" waiting="0.00" lane="right_0" pos="34.50" speed="2.35" angle="302.42" x="95.80" y="124.28"/>
    </timestep>
    <timestep time="0.14">
        <vehicle id="cfm-fast_0" eclass="HBEFA3/PC_G_EU4" CO2="14409.22" CO="365.11" HC="2.02" NOx="6.70" PMx="0.36" fuel="6.19" electricity="0.00" noise="136.91" route="routetop" type="cfm-fast" waiting="0.00" lane="top_0" pos="1.19" speed="2.55" angle="272.32" x="61.01" y="132.22"/>
        <vehicle id="cfm-fast_1" eclass="HBEFA3/PC_G_EU4" CO2="14409.22" CO="365.11" HC="2.02" NOx="6.70" PMx="0.36" fuel="6.19" electricity="0.00" noise="136.91" route="routetop" type="cfm-fast" waiting="0.00" lane="top_0" pos="17.86" speed="2.55" angle="242.38" x="27.13" y="121.75"/>
        <vehicle id="cfm-fast_2" eclass="HBEFA3/PC_G_EU4" CO2="14409.22" CO="365.11" HC="2.02" NOx="6.70" PMx="0.36" fuel="6.19" electricity="0.00" noise="136.91" route="routetop" type="cfm-fast" waiting="0.00" lane="top_0" pos="34.52" speed="2.55" angle="212.39" x="3.02" y="95.76"/>
        <vehicle id="cfm-fast_3" eclass="HBEFA3/PC_G_EU4" CO2="14409.22" CO="365.11" HC="2.02" NOx="6.70" PMx="0.36" fuel="6.19" electricity="0.00" noise="136.91" route="routeleft" type="cfm-fast" waiting="0.00" lane="left_0" pos="1.19" speed="2.55" angle="182.32" x="-4.89" y="61.01"/>
        <vehicle id="cfm-fast_4" eclass="HBEFA3/PC_G_EU4" CO2="14409.22" CO="365.11" HC="2.02" NOx="6.70" PMx="0.36" fuel="6.19" electricity="0.00" noise="136.91" route="routeleft" type="cfm-fast" waiting="0.00" lane="left_0" pos="17.86" speed="2.55" angle="152.33" x="5.58" y="27.13"/>
        <vehicle id="cfm-fast_5" eclass="HBEFA3/PC_G_EU4" CO2="14409.22" CO="365.11" HC="2.02" NOx="6.70" PMx="0.36" fuel="6.19" electricity="0.00" noise="136.91" route="routeleft" type="cfm-fast" waiting="0.00" lane="left_0" pos="34.52" speed="2.55" angle="122.39" x="31.57" y="3.02"/>
        <vehicle id="cfm-slow_0" eclass="HBEFA3/PC_G_EU4" CO2="13925.66" CO="355.40" HC="1.96" NOx="6.47" PMx="0.35" fuel="5.99" electricity="0.00" noise="134.16" route="routebottom" type="cfm-slow" waiting="0.00" lane="bottom_0" pos="1.19" speed="2.53" angle="92.32" x="66.32" y="-4.89"/>
        <vehicle id="cfm-slow_1" eclass="HBEFA3/PC_G_EU4" CO2="13925.66" CO="355.40" HC="1.96" NOx="6.47" PMx="0.35" fuel="5.99" electricity="0.00" noise="134.16" route="routebottom" type="cfm-slow" waiting="0.00" lane="bottom_0" pos="17.86" speed="2.53" angle="62.33" x="100.19" y="5.58"/>
        <vehicle id="cfm-slow_2" eclass="HBEFA3/PC_G_EU4" CO2="13925.66" CO="355.40" HC="1.96" NOx="6.47" PMx="0.35" fuel="5.99" electricity="0.00" noise="134.16" route="routebottom" type="cfm-slow" waiting="0.00" lane="bottom_0" pos="34.52" speed="2.53" angle="32.39" x="124.30" y="31.58"/>
        <vehicle id="cfm-slow_3" eclass="HBEFA3/PC_G_EU4" CO2="13925.66" CO="355.40" HC="1.96" NOx="6.47" PMx="0.35" fuel="5.99" electricity="0.00" noise="134.16" route="routeright" type="cfm-slow" waiting="0.00" lane="right_0" pos="1.19" speed="2.53" angle="2.31" x="132.22" y="66.32"/>
        <vehicle id="cfm-slow_4" eclass="HBEFA3/PC_G_EU4" CO2="13925.69" CO="355.40" HC="1.96" NOx="6.47" PMx="0.35" fuel="5.99" electricity="0.00" noise="134.16" route="routeright" type="cfm-slow" waiting="0.00" lane="right_0" pos="17.86" speed="2.53" angle="332.37" x="121.75" y="100.19"/>
        <vehicle id="cfm-slow_5" eclass="HBEFA3/PC_G_EU4" CO2="13931.71" CO="355.52" HC="1.96" NOx="6.47" PMx="0.35" fuel="5.99" electricity="0.00" noise="134.19" route="routeright" type="cfm-slow" waiting="0.00" lane="right_0" pos="34.52" speed="2.53" angle="302.38" x="95.75" y="124.30"/>
    </timestep>
    <timestep time="0.15">
        <vehicle id="cfm-fast_0" eclass="HBEFA3/PC_G_EU4" CO2="15254.87" CO="379.71" HC="2.10" NOx="7.09" PMx="0.38" fuel="6.56" electricity="0.00" noise="136.99" route="routetop" type="cfm-fast" waiting="0.00" lane="top_0" pos="1.22" speed="2.73" angle="272.28" x="60.95" y="132.22"/>
        <vehicle id="cfm-fast_1" eclass="HBEFA3/PC_G_EU4" CO2="15254.87" CO="379.71" HC="2.10" NOx="7.09" PMx="0.38" fuel="6.56" electricity="0.00" noise="136.99" route="routetop" type="cfm-fast" waiting="0.00" lane="top_0" pos="17.88" speed="2.73" angle="242.34" x="27.08" y="121.72"/>
        <vehicle id="cfm-fast_2" eclass="HBEFA3/PC_G_EU4" CO2="15254.87" CO="379.71" HC="2.10" NOx="7.09" PMx="0.38" fuel="6.56" electricity="0.00" noise="136.99" route="routetop" type="cfm-fast" waiting="0.00" lane="top_0" pos="34.55" speed="2.73" angle="212.35" x="2.99" y="95.70"/>
        <vehicle id="cfm-fast_3" eclass="HBEFA3/PC_G_EU4" CO2="15254.87" CO="379.71" HC="2.10" NOx="7.09" PMx="0.38" fuel="6.56" electricity="0.00" noise="136.99" route="routeleft" type="cfm-fast" waiting="0.00" lane="left_0" pos="1.22" speed="2.73" angle="182.28" x="-4.89" y="60.95"/>
        <vehicle id="cfm-fast_4" eclass="HBEFA3/PC_G_EU4" CO2="15254.87" CO="379.71" HC="2.10" NOx="7.09" PMx="0.38" fuel="6.56" electricity="0.00" noise="136.99" route="routeleft" type="cfm-fast" waiting="0.00" lane="left_0" pos="17.88" speed="2.73" angle="152.30" x="5.61" y="27.08"/>
        <vehicle id="cfm-fast_5" eclass="HBEFA3/PC_G_EU4" CO2="15254.87" CO="379.71" HC="2.10" NOx="7.09" PMx="0.38" fuel="6.56" electricity="0.00" noise="136.99" route="routeleft" type="cfm-fast" waiting="0.00" lane="left_0" pos="34.55" speed="2.73" angle="122.35" x="31.62" y="2.99"/>
        <vehicle id="cfm-slow_0" eclass="HBEFA3/PC_G_EU4" CO2="14593.88" CO="366.46" HC="2.03" NOx="6.78" PMx="0.36" fuel="6.27" electricity="0.00" noise="133.52" route="routebottom" type="cfm-slow" waiting="0.00" lane="bottom_0" pos="1.22" speed="2.70" angle="92.28" x="66.38" y="-4.89"/>
        <vehicle id="cfm-slow_1" eclass="HBEFA3/PC_G_EU4" CO2="14593.88" CO="366.46" HC="2.03" NOx="6.78" PMx="0.36" fuel="6.27" electricity="0.00" noise="133.52" route="routebottom" type="cfm-slow" waiting="0.00" lane="bottom_0" pos="17.88" speed="2.70" angle="62.29" x="100.24" y="5.61"/>
        <vehicle id="cfm-slow_2" eclass="HBEFA3/PC_G_EU4" CO2="14593.88" CO="366.46" HC="2.03" NOx="6.78" PMx="0.36" fuel="6.27" electricity="0.00" noise="133.52" route="routebottom" type="cfm-slow" waiting="0.00" lane="bottom_0" pos="34.55" speed="2.70" angle="32.35" x="124.33" y="31.63"/>
        <vehicle id="cfm-slow_3" eclass="HBEFA3/PC_G_EU4" CO2="14593.88" CO="366.46" HC="2.03" NOx="6.78" PMx="0.36" fuel="6.27" electricity="0.00" noise="133.52" route="routeright" type="cfm-slow" waiting="0.00" lane="right_0" pos="1.22" speed="2.70" angle="2.28" x="132.22" y="66.38"/>
        <vehicle id="cfm-slow_4" eclass="HBEFA3/PC_G_EU4" CO2="14593.97" CO="366.46" HC="2.03" NOx="6.78" PMx="0.36" fuel="6.27" electricity="0.00" noise="133.52" route="routeright" type="cfm-slow" waiting="0.00" lane="right_0" pos="17.88" speed="2.70" angle="332.34" x="121.72" y="100.24"/>
        <vehicle id="cfm-slow_5" eclass="HBEFA3/PC_G_EU4" CO2="14604.92" CO="366.68" HC="2.03" NOx="6.78" PMx="0.36" fuel="6.28" electricity="0.00" noise="133.58" route="routeright" type="cfm-slow" waiting="0.00" lane="right_0" pos="34.55" speed="2.70" angle="302.35" x="95.70" y="124.33"/>
    </timestep>
    <timestep time="0.16">
        <vehicle id="cfm-fast_0" eclass="HBEFA3/PC_G_EU4" CO2="16101.03" CO="394.35" HC="2.19" NOx="7.48" PMx="0.40" fuel="6.92" electricity="0.00" noise="137.06" route="routetop" type="cfm-fast" waiting="0.00" lane="top_0" pos="1.25" speed="2.91" angle="272.24" x="60.89" y="132.22"/>
        <vehicle id="cfm-fast_1" eclass="HBEFA3/PC_G_EU4" CO2="16101.03" CO="394.35" HC="2.19" NOx="7.48" PMx="0.40" fuel="6.92" electricity="0.00" noise="137.06" route="routetop" type="cfm-fast" waiting="0.00" lane="top_0" pos="17.91" speed="2.91" angle="242.30" x="27.03" y="121.69"/>
        <vehicle id="cfm-fast_2" eclass="HBEFA3/PC_G_EU4" CO2="16101.03" CO="394.35" HC="2.19" NOx="7.48" PMx="0.40" fuel="6.92" electricity="0.00" noise="137.06" route="routetop" type="cfm-fast" waiting="0.00" lane="top_0" pos="34.58" speed="2.91" angle="212.31" x="2.96" y="95.65"/>
        <vehicle id="cfm-fast_3" eclass="HBEFA3/PC_G_EU4" CO2="16101.03" CO="394.35" HC="2.19" NOx="7.48" PMx="0.40" fuel="6.92" electricity="0.00" noise="137.06" route="routeleft" type="cfm-fast" waiting="0.00" lane="left_0" pos="1.25" speed="2.91" angle="182.24" x="-4.89" y="60.89"/>
        <vehicle id="cfm-fast_4" eclass="HBEFA3/PC_G_EU4" CO2="16101.03" CO="394.35" HC="2.19" NOx="7.48" PMx="0.40" fuel="6.92" electricity="0.00" noise="137.06" route="routeleft" type="cfm-fast" waiting="0.00" lane="left_0" pos="17.91" speed="2.91" angle="152.26" x="5.64" y="27.03"/>
        <vehicle id="cfm-fast_5" eclass="HBEFA3/PC_G_EU4" CO2="16101.03" CO="394.35" HC="2.19" NOx="7.48" PMx="0.40" fuel="6.92" electricity="0.00" noise="137.06" route="routeleft" type="cfm-fast" waiting="0.00" lane="left_0" pos="34.58" speed="2.91" angle="122.31" x="31.68" y="2.96"/>
        <vehicle id="cfm-slow_0" eclass="HBEFA3/PC_G_EU4" CO2="15242.21" CO="377.16" HC="2.09" NOx="7.08" PMx="0.38" fuel="6.55" electricity="0.00" noise="132.89" route="routebottom" type="cfm-slow" waiting="0.00" lane="bottom_0" pos="1.25" speed="2.88" angle="92.23" x="66.44" y="-4.89"/>
        <vehicle id="cfm-slow_1" eclass="HBEFA3/PC_G_EU4" CO2="15242.21" CO="377.16" HC="2.09" NOx="7.08" PMx="0.38" fuel="6.55" electricity="0.00" noise="132.89" route="routebottom" type="cfm-slow" waiting="0.00" lane="bottom_0" pos="17.91" speed="2.88" angle="62.25" x="100.30" y="5.64"/>
        <vehicle id="cfm-slow_2" eclass="HBEFA3/PC_G_EU4" CO2="15242.21" CO="377.16" HC="2.09" NOx="7.08" PMx="0.38" fuel="6.55" electricity="0.00" noise="132.89" route="routebottom" type="cfm-slow" waiting="0.00" lane="bottom_0" pos="34.58" speed="2.88" angle="32.31" x="124.36" y="31.68"/>
        <vehicle id="cfm-slow_3" eclass="HBEFA3/PC_G_EU4" CO2="15242.21" CO="377.16" HC="2.09" NOx="7.08" PMx="0.38" fuel="6.55" electricity="0.00" noise="132.89" route="routeright" type="cfm-slow" waiting="0.00" lane="right_0" pos="1.25" speed="2.88" angle="2.23" x="132.22" y="66.44"/>
        <vehicle id="cfm-slow_4" eclass="HBEFA3/PC_G_EU4" CO2="15242.42" CO="377.17" HC="2.09" NOx="7.08" PMx="0.38" fuel="6.55" electricity="0.00" noise="132.90" route="routeright" type="cfm-slow" waiting="0.00" lane="right_0" pos="17.91" speed="2.88" angle="332.30" x="121.69" y="100.30"/>
        <vehicle id="cfm-slow_5" eclass="HBEFA3/PC_G_EU4" CO2="15260.11" CO="377.52" HC="2.09" NOx="7.09" PMx="0.38" fuel="6.56" electricity="0.00" noise="132.99" route="routeright" type="cfm-slow" waiting="0.00" lane="right_0" pos="34.58" speed="2.88" angle="302.31" x="95.65" y="124.36"/>
    </timestep>
    <timestep time="0.17">
        <vehicle id="cfm-fast_0" eclass="HBEFA3/PC_G_EU4" CO2="16947.71" CO="409.02" HC="2.28" NOx="7.88" PMx="0.42" fuel="7.29" electricity="0.00" noise="137.13" route="routetop" type="cfm-fast" waiting="0.00" lane="top_0" pos="1.28" speed="3.09" angle="272.18" x="60.82" y="132.21"/>
        <vehicle id="cfm-fast_1" eclass="HBEFA3/PC_G_EU4" CO2="16947.71" CO="409.02" HC="2.28" NOx="7.88" PMx="0.42" fuel="7.29" electricity="0.00" noise="137.13" route="routetop" type="cfm-fast" waiting="0.00" lane="top_0" pos="17.94" speed="3.09" angle="242.26" x="26.97" y="121.65"/>
        <vehicle id="cfm-fast_2" eclass="HBEFA3/PC_G_EU4" CO2="16947.71" CO="409.02" HC="2.28" NOx="7.88" PMx="0.42" fuel="7.29" electricity="0.00" noise="137.13" route="routetop" type="cfm-fast" waiting="0.00" lane="top_0" pos="34.61" speed="3.09" angle="212.27" x="2.93" y="95.59"/>
        <vehicle id="cfm-fast_3" eclass="HBEFA3/PC_G_EU4" CO2="16947.71" CO="409.02" HC="2.28" NOx="7.88" PMx="0.42" fuel="7.29" electricity="0.00" noise="137.13" route="routeleft" type="cfm-fast" waiting="0.00" lane="left_0" pos="1.28" speed="3.09" angle="182.18" x="-4.88" y="60.82"/>
        <vehicle id="cfm-fast_4" eclass="HBEFA3/PC_G_EU4" CO2="16947.71" CO="409.02" HC="2.28" NOx="7.88" PMx="0.42" fuel="7.29" electricity="0.00" noise="137.13" route="routeleft" type="cfm-fast" waiting="0.00" lane="left_0" pos="17.94" speed="3.09" angle="152.21" x="5.67" y="26.97"/>
        <vehicle id="cfm-fast_5" eclass="HBEFA3/PC_G_EU4" CO2="16947.71" CO="409.02" HC="2.28" NOx="7.88" PMx="0.42" fuel="7.29" electricity="0.00" noise="137.13" route="routeleft" type="cfm-fast" waiting="0.00" lane="left_0" pos="34.61" speed="3.09" angle="122.27" x="31.74" y="2.93"/>
        <vehicle id="cfm-slow_0" eclass="HBEFA3/PC_G_EU4" CO2="15871.09" CO="387.51" HC="2.15" NOx="7.37" PMx="0.40" fuel="6.82" electricity="0.00" noise="132.27" route="routebottom" type="cfm-slow" waiting="0.00" lane="bottom_0" pos="1.28" speed="3.05" angle="92.18" x="66.51" y="-4.88"/>
        <vehicle id="cfm-slow_1" eclass="HBEFA3/PC_G_EU4" CO2="15871.09" CO="387.51" HC="2.15" NOx="7.37" PMx="0.40" fuel="6.82" electricity="0.00" noise="132.27" route="routebottom" type="cfm-slow" waiting="0.00" lane="bottom_0" pos="17.94" speed="3.05" angle="62.21" x="100.35" y="5.68"/>
        <vehicle id="cfm-slow_2" eclass="HBEFA3/PC_G_EU4" CO2="15871.09" CO="387.51" HC="2.15" NOx="7.37" PMx="0.40" fuel="6.82" electricity="0.00" noise="132.27" route="routebottom" type="cfm-slow" waiting="0.00" lane="bottom_0" pos="34.61" speed="3.05" angle="32.27" x="124.39" y="31.74"/>
        <vehicle id="cfm-slow_3" eclass="HBEFA3/PC_G_EU4" CO2="15871.09" CO="387.51" HC="2.15" NOx="7.37" PMx="0.40" fuel="6.82" electricity="0.00" noise="132.27" route="routeright" type="cfm-slow" waiting="0.00" lane="right_0" pos="1.28" speed="3.05" angle="2.18" x="132.21" y="66.51"/>
        <vehicle id="cfm-slow_4" eclass="HBEFA3/PC_G_EU4" CO2="15871.48" CO="387.52" HC="2.15" NOx="7.37" PMx="0.40" fuel="6.82" electricity="0.00" noise="132.28" route="routeright" type="cfm-slow" waiting="0.00" lane="right_0" pos="17.94" speed="3.05" angle="332.25" x="121.65" y="100.35"/>
        <vehicle id="cfm-slow_5" eclass="HBEFA3/PC_G_EU4" CO2="15897.94" CO="388.05" HC="2.16" NOx="7.38" PMx="0.40" fuel="6.83" electricity="0.00" noise="132.40" route="routeright" type="cfm-slow" waiting="0.00" lane="right_0" pos="34.61" speed="3.05" angle="302.27" x="95.59" y="124.39"/>
    </timestep>
    <timestep time="0.18">
        <vehicle id="cfm-fast_0" eclass="HBEFA3/PC_G_EU4" CO2="17794.91" CO="423.73" HC="2.37" NOx="8.27" PMx="0.45" fuel="7.65" electricity="0.00" noise="137.20" route="routetop" type="cfm-fast" waiting="0.00" lane="top_0" pos="1.31" speed="3.27" angle="272.12" x="60.75" y="132.21"/>
        <vehicle id="cfm-fast_1" eclass="HBEFA3/PC_G_EU4" CO2="17794.91" CO="423.73" HC="2.37" NOx="8.27" PMx="0.45" fuel="7.65" electricity="0.00" noise="137.20" route="routetop" type="cfm-fast" waiting="0.00" lane="top_0" pos="17.98" speed="3.27" angle="242.19" x="26.91" y="121.62"/>
        <vehicle id="cfm-fast_2" eclass="HBEFA3/PC_G_EU4" CO2="17794.91" CO="423.73" HC="2.37" NOx="8.27" PMx="0.45" fuel="7.65" electricity="0.00" noise="137.20" route="routetop" type="cfm-fast" waiting="0.00" lane="top_0" pos="34.64" speed="3.27" angle="212.22" x="2.89" y="95.53"/>
        <vehicle id="cfm-fast_3" eclass="HBEFA3/PC_G_EU4" CO2="17794.91" CO="423.73" HC="2.37" NOx="8.27" PMx="0.45" fuel="7.65" electricity="0.00" noise="137.20" route="routeleft" type="cfm-fast" waiting="0.00" lane="left_0" pos="1.31" speed="3.27" angle="182.12" x="-4.88" y="60.75"/>
        <vehicle id="cfm-fast_4" eclass="HBEFA3/PC_G_EU4" CO2="17794.91" CO="423.73" HC="2.37" NOx="8.27" PMx="0.45" fuel="7.65" electricity="0.00" noise="137.20" route="routeleft" type="cfm-fast" waiting="0.00" lane="left_0" pos="17.98" speed="3.27" angle="152.15" x="5.71" y="26.91"/>
        <vehicle id="cfm-fast_5" eclass="HBEFA3/PC_G_EU4" CO2="17794.91" CO="423.73" HC="2.37" NOx="8.27" PMx="0.45" fuel="7.65" electricity="0.00" noise="137.20" route="routeleft" type="cfm-fast" waiting="0.00" lane="left_0" pos="34.64" speed="3.27" angle="122.22" x="31.80" y="2.90"/>
        <vehicle id="cfm-slow_0" eclass="HBEFA3/PC_G_EU4" CO2="16480.94" CO="397.52" HC="2.21" NOx="7.65" PMx="0.41" fuel="7.08" electricity="0.00" noise="131.66" route="routebottom" type="cfm-slow" waiting="0.00" lane="bottom_0" pos="1.31" speed="3.22" angle="92.12" x="66.58" y="-4.88"/>
        <vehicle id="cfm-slow_1" eclass="HBEFA3/PC_G_EU4" CO2="16480.94" CO="397.52" HC="2.21" NOx="7.65" PMx="0.41" fuel="7.08" electricity="0.00" noise="131.66" route="routebottom" type="cfm-slow" waiting="0.00" lane="bottom_0" pos="17.98" speed="3.22" angle="62.15" x="100.41" y="5.72"/>
        <vehicle id="cfm-slow_2" eclass="HBEFA3/PC_G_EU4" CO2="16480.94" CO="397.52" HC="2.21" NOx="7.65" PMx="0.41" fuel="7.08" electricity="0.00" noise="131.66" route="routebottom" type="cfm-slow" waiting="0.00" lane="bottom_0" pos="34.64" speed="3.22" angle="32.22" x="124.43" y="31.80"/>
        <vehicle id="cfm-slow_3" eclass="HBEFA3/PC_G_EU4" CO2="16480.95" CO="397.52" HC="2.21" NOx="7.65" PMx="0.41" fuel="7.08" electricity="0.00" noise="131.66" route="routeright" type="cfm-slow" waiting="0.00" lane="right_0" pos="1.31" speed="3.22" angle="2.12" x="132.21" y="66.58"/>
        <vehicle id="cfm-slow_4" eclass="HBEFA3/PC_G_EU4" CO2="16481.60" CO="397.53" HC="2.21" NOx="7.65" PMx="0.41" fuel="7.08" electricity="0.00" noise="131.66" route="routeright" type="cfm-slow" waiting="0.00" lane="right_0" pos="17.98" speed="3.22" angle="332.19" x="121.61" y="100.41"/>
        <vehicle id="cfm-slow_5" eclass="HBEFA3/PC_G_EU4" CO2="16519.03" CO="398.29" HC="2.22" NOx="7.67" PMx="0.41" fuel="7.10" electricity="0.00" noise="131.83" route="routeright" type="cfm-slow" waiting="0.00" lane="right_0" pos="34.64" speed="3.22" angle="302.22" x="95.53" y="124.43"/>
    </timestep>
    <timestep time="0.19">
        <vehicle id="cfm-fast_0" eclass="HBEFA3/PC_G_EU4" CO2="18642.63" CO="438.48" HC="2.45" NOx="8.67" PMx="0.47" fuel="8.01" electricity="0.00" noise="137.28" route="routetop" type="cfm-fast" waiting="0.00" lane="top_0" pos="1.35" speed="3.45" angle="272.06" x="60.68" y="132.21"/>
        <vehicle id="cfm-fast_1" eclass="HBEFA3/PC_G_EU4" CO2="18642.63" CO="438.48" HC="2.45" NOx="8.67" PMx="0.47" fuel="8.01" electricity="0.00" noise="137.28" route="routetop" type="cfm-fast" waiting="0.00" lane="top_0" pos="18.01" speed="3.45" angle="242.13" x="26.85" y="121.57"/>
        <vehicle id="cfm-fast_2" eclass="HBEFA3/PC_G_EU4" CO2="18642.63" CO="438.48" HC="2.45" NOx="8.67" PMx="0.47" fuel="8.01" electricity="0.00" noise="137.28" route="routetop" type="cfm-fast" waiting="0.00" lane="top_0" pos="34.68" speed="3.45" angle="212.15" x="2.86" y="95.46"/>
        <vehicle id="cfm-fast_3" eclass="HBEFA3/PC_G_EU4" CO2="18642.63" CO="438.48" HC="2.45" NOx="8.67" PMx="0.47" fuel="8.01" electricity="0.00" noise="137.28" route="routeleft" type="cfm-fast" waiting="0.00" lane="left_0" pos="1.35" speed="3.45" angle="182.06" x="-4.88" y="60.68"/>
        <vehicle id="cfm-fast_4" eclass="HBEFA3/PC_G_EU4" CO2="18642.63" CO="438.48" HC="2.45" NOx="8.67" PMx="0.47" fuel="8.01" electricity="0.00" noise="137.28" route="routeleft" type="cfm-fast" waiting="0.00" lane="left_0" pos="18.01" speed="3.45" angle="152.09" x="5.76" y="26.85"/>
        <vehicle id="cfm-fast_5" eclass="HBEFA3/PC_G_EU4" CO2="18642.63" CO="438.48" HC="2.45" NOx="8.67" PMx="0.47" fuel="8.01" electricity="0.00" noise="137.28" route="routeleft" type="cfm-fast" waiting="0.00" lane="left_0" pos="34.68" speed="3.45" angle="122.15" x="31.87" y="2.86"/>
        <vehicle id="cfm-slow_0" eclass="HBEFA3/PC_G_EU4" CO2="17072.17" CO="407.19" HC="2.27" NOx="7.93" PMx="0.43" fuel="7.34" electricity="0.00" noise="131.05" route="routebottom" type="cfm-slow" waiting="0.00" lane="bottom_0" pos="1.34" speed="3.38" angle="92.06" x="66.65" y="-4.88"/>
        <vehicle id="cfm-slow_1" eclass="HBEFA3/PC_G_EU4" CO2="17072.17" CO="407.19" HC="2.27" NOx="7.93" PMx="0.43" fuel="7.34" electricity="0.00" noise="131.05" route="routebottom" type="cfm-slow" waiting="0.00" lane="bottom_0" pos="18.01" speed="3.38" angle="62.09" x="100.47" y="5.76"/>
        <vehicle id="cfm-slow_2" eclass="HBEFA3/PC_G_EU4" CO2="17072.17" CO="407.19" HC="2.27" NOx="7.93" PMx="0.43" fuel="7.34" electricity="0.00" noise="131.05" route="routebottom" type="cfm-slow" waiting="0.00" lane="bottom_0" pos="34.68" speed="3.38" angle="32.15" x="124.46" y="31.86"/>
        <vehicle id="cfm-slow_3" eclass="HBEFA3/PC_G_EU4" CO2="17072.18" CO="407.19" HC="2.27" NOx="7.93" PMx="0.43" fuel="7.34" electricity="0.00" noise="131.05" route="routeright" type="cfm-slow" waiting="0.00" lane="right_0" pos="1.34" speed="3.38" angle="2.06" x="132.21" y="66.65"/>
        <vehicle id="cfm-slow_4" eclass="HBEFA3/PC_G_EU4" CO2="17073.22" CO="407.21" HC="2.27" NOx="7.93" PMx="0.43" fuel="7.34" electricity="0.00" noise="131.05" route="routeright" type="cfm-slow" waiting="0.00" lane="right_0" pos="18.01" speed="3.38" angle="332.12" x="121.57" y="100.47"/>
        <vehicle id="cfm-slow_5" eclass="HBEFA3/PC_G_EU4" CO2="17124.00" CO="408.23" HC="2.28" NOx="7.95" PMx="0.43" fuel="7.36" electricity="0.00" noise="131.27" route="routeright" type="cfm-slow" waiting="0.00" lane="right_0" pos="34.68" speed="3.39" angle="302.16" x="95.46" y="124.46"/>
    </timestep>
    <timestep time="0.20">
        <vehicle id="cfm-fast_0" eclass="HBEFA3/PC_G_EU4" CO2="19490.87" CO="453.27" HC="2.54" NOx="9.06" PMx="0.49" fuel="8.38" electricity="0.00" noise="137.35" route="routetop" type="cfm-fast" waiting="0.00" lane="top_0" pos="1.38" speed="3.64" angle="272.00" x="60.60" y="132.20"/>
        <vehicle id="cfm-fast_1" eclass="HBEFA3/PC_G_EU4" CO2="19490.87" CO="453.27" HC="2.54" NOx="9.06" PMx="0.49" fuel="8.38" electricity="0.00" noise="137.35" route="routetop" type="cfm-fast" waiting="0.00" lane="top_0" pos="18.05" speed="3.64" angle="242.06" x="26.79" y="121.53"/>
        <vehicle id="cfm-fast_2" eclass="HBEFA3/PC_G_EU4" CO2="19490.87" CO="453.27" HC="2.54" NOx="9.06" PMx="0.49" fuel="8.38" electricity="0.00" noise="137.35" route="routetop" type="cfm-fast" waiting="0.00" lane="top_0" pos="34.72" speed="3.64" angle="212.09" x="2.83" y="95.39"/>
        <vehicle id="cfm-fast_3" eclass="HBEFA3/PC_G_EU4" CO2="19490.87" CO="453.27" HC="2.54" NOx="9.06" PMx="0.49" fuel="8.38" electricity="0.00" noise="137.35" route="routeleft" type="cfm-fast" waiting="0.00" lane="left_0" pos="1.38" speed="3.64" angle="182.00" x="-4.87" y="60.60"/>
        <vehicle id="cfm-fast_4" eclass="HBEFA3/PC_G_EU4" CO2="19490.87" CO="453.27" HC="2.54" NOx="9.06" PMx="0.49" fuel="8.38" electricity="0.00" noise="137.35" route="routeleft" type="cfm-fast" waiting="0.00" lane="left_0" pos="18.05" speed="3.64" angle="152.02" x="5.80" y="26.79"/>
        <vehicle id="cfm-fast_5" eclass="HBEFA3/PC_G_EU4" CO2="19490.87" CO="453.27" HC="2.54" NOx="9.06" PMx="0.49" fuel="8.38" electricity="0.00" noise="137.35" route="routeleft" type="cfm-fast" waiting="0.00" lane="left_0" pos="34.72" speed="3.64" angle="122.08" x="31.94" y="2.83"/>
        <vehicle id="cfm-slow_0" eclass="HBEFA3/PC_G_EU4" CO2="17645.19" CO="416.53" HC="2.33" NOx="8.19" PMx="0.44" fuel="7.58" electricity="0.00" noise="130.44" route="routebottom" type="cfm-slow" waiting="0.00" lane="bottom_0" pos="1.38" speed="3.55" angle="92.00" x="66.72" y="-4.87"/>
        <vehicle id="cfm-slow_1" eclass="HBEFA3/PC_G_EU4" CO2="17645.19" CO="416.53" HC="2.33" NOx="8.19" PMx="0.44" fuel="7.58" electricity="0.00" noise="130.44" route="routebottom" type="cfm-slow" waiting="0.00" lane="bottom_0" pos="18.05" speed="3.55" angle="62.02" x="100.53" y="5.80"/>
        <vehicle id="cfm-slow_2" eclass="HBEFA3/PC_G_EU4" CO2="17645.19" CO="416.53" HC="2.33" NOx="8.19" PMx="0.44" fuel="7.58" electricity="0.00" noise="130.44" route="routebottom" type="cfm-slow" waiting="0.00" lane="bottom_0" pos="34.71" speed="3.55" angle="32.09" x="124.49" y="31.93"/>
        <vehicle id="cfm-slow_3" eclass="HBEFA3/PC_G_EU4" CO2="17645.21" CO="416.53" HC="2.33" NOx="8.19" PMx="0.44" fuel="7.58" electricity="0.00" noise="130.44" route="routeright" type="cfm-slow" waiting="0.00" lane="right_0" pos="1.38" speed="3.55" angle="2.00" x="132.20" y="66.72"/>
        <vehicle id="cfm-slow_4" eclass="HBEFA3/PC_G_EU4" CO2="17646.77" CO="416.56" HC="2.33" NOx="8.20" PMx="0.44" fuel="7.59" electricity="0.00" noise="130.45" route="routeright" type="cfm-slow" waiting="0.00" lane="right_0" pos="18.05" speed="3.55" angle="332.05" x="121.53" y="100.53"/>
        <vehicle id="cfm-slow_5" eclass="HBEFA3/PC_G_EU4" CO2="17713.43" CO="417.90" HC="2.34" NOx="8.23" PMx="0.44" fuel="7.61" electricity="0.00" noise="130.72" route="routeright" type="cfm-slow" waiting="0.00" lane="right_0" pos="34.71" speed="3.55" angle="302.09" x="95.40" y="124.49"/>
    </timestep>
    <timestep time="0.21">
        <vehicle id="cfm-fast_0" eclass="HBEFA3/PC_G_EU4" CO2="20339.62" CO="468.10" HC="2.63" NOx="9.46" PMx="0.51" fuel="8.74" electricity="0.00" noise="137.42" route="routetop" type="cfm-fast" waiting="0.00" lane="top_0" pos="1.42" speed="3.82" angle="271.93" x="60.52" y="132.20"/>
        <vehicle id="cfm-fast_1" eclass="HBEFA3/PC_G_EU4" CO2="20339.62" CO="468.10" HC="2.63" NOx="9.46" PMx="0.51" fuel="8.74" electricity="0.00" noise="137.42" route="routetop" type="cfm-fast" waiting="0.00" lane="top_0" pos="18.09" speed="3.82" angle="241.98" x="26.72" y="121.49"/>
        <vehicle id="cfm-fast_2" eclass="HBEFA3/PC_G_EU4" CO2="20339.62" CO="468.10" HC="2.63" NOx="9.46" PMx="0.51" fuel="8.74" electricity="0.00" noise="137.42" route="routetop" type="cfm-fast" waiting="0.00" lane="top_0" pos="34.75" speed="3.82" angle="212.02" x="2.79" y="95.32"/>
        <vehicle id="cfm-fast_3" eclass="HBEFA3/PC_G_EU4" CO2="20339.62" CO="468.10" HC="2.63" NOx="9.46" PMx="0.51" fuel="8.74" electricity="0.00" noise="137.42" route="routeleft" type="cfm-fast" waiting="0.00" lane="left_0" pos="1.42" speed="3.82" angle="181.93" x="-4.87" y="60.52"/>
        <vehicle id="cfm-fast_4" eclass="HBEFA3/PC_G_EU4" CO2="20339.62" CO="468.10" HC="2.63" NOx="9.46" PMx="0.51" fuel="8.74" electricity="0.00" noise="137.42" route="routeleft" type="cfm-fast" waiting="0.00" lane="left_0" pos="18.09" speed="3.82" angle="151.95" x="5.84" y="26.72"/>
        <vehicle id="cfm-fast_5" eclass="HBEFA3/PC_G_EU4" CO2="20339.62" CO="468.10" HC="2.63" NOx="9.46" PMx="0.51" fuel="8.74" electricity="0.00" noise="137.42" route="routeleft" type="cfm-fast" waiting="0.00" lane="left_0" pos="34.75" speed="3.82" angle="122.01" x="32.01" y="2.79"/>
        <vehicle id="cfm-slow_0" eclass="HBEFA3/PC_G_EU4" CO2="18200.40" CO="425.55" HC="2.38" NOx="8.45" PMx="0.45" fuel="7.82" electricity="0.00" noise="129.84" route="routebottom" type="cfm-slow" waiting="0.00" lane="bottom_0" pos="1.42" speed="3.72" angle="91.93" x="66.80" y="-4.87"/>
        <vehicle id="cfm-slow_1" eclass="HBEFA3/PC_G_EU4" CO2="18200.40" CO="425.55" HC="2.38" NOx="8.45" PMx="0.45" fuel="7.82" electricity="0.00" noise="129.84" route="routebottom" type="cfm-slow" waiting="0.00" lane="bottom_0" pos="18.08" speed="3.72" angle="61.95" x="100.60" y="5.84"/>
        <vehicle id="cfm-slow_2" eclass="HBEFA3/PC_G_EU4" CO2="18200.40" CO="425.55" HC="2.38" NOx="8.45" PMx="0.45" fuel="7.82" electricity="0.00" noise="129.84" route="routebottom" type="cfm-slow" waiting="0.00" lane="bottom_0" pos="34.75" speed="3.72" angle="32.02" x="124.53" y="32.00"/>
        <vehicle id="cfm-slow_3" eclass="HBEFA3/PC_G_EU4" CO2="18200.44" CO="425.55" HC="2.38" NOx="8.45" PMx="0.45" fuel="7.82" electricity="0.00" noise="129.84" route="routeright" type="cfm-slow" waiting="0.00" lane="right_0" pos="1.42" speed="3.72" angle="1.93" x="132.20" y="66.80"/>
        <vehicle id="cfm-slow_4" eclass="HBEFA3/PC_G_EU4" CO2="18202.68" CO="425.60" HC="2.38" NOx="8.45" PMx="0.45" fuel="7.82" electricity="0.00" noise="129.85" route="routeright" type="cfm-slow" waiting="0.00" lane="right_0" pos="18.08" speed="3.72" angle="331.98" x="121.49" y="100.60"/>
        <vehicle id="cfm-slow_5" eclass="HBEFA3/PC_G_EU4" CO2="18287.90" CO="427.31" HC="2.39" NOx="8.49" PMx="0.46" fuel="7.86" electricity="0.00" noise="130.18" route="routeright" type="cfm-slow" waiting="0.00" lane="right_0" pos="34.75" speed="3.72" angle="302.02" x="95.32" y="124.53"/>
    </timestep>
    <timestep time="0.22">
        <vehicle id="cfm-fast_0" eclass="HBEFA3/PC_G_EU4" CO2="21188.90" CO="482.96" HC="2.72" NOx="9.85" PMx="0.53" fuel="9.11" electricity="0.00" noise="137.49" route="routetop" type="cfm-fast" waiting="0.00" lane="top_0" pos="1.46" speed="4.00" angle="271.86" x="60.43" y="132.19"/>
        <vehicle id="cfm-fast_1" eclass="HBEFA3/PC_G_EU4" CO2="21188.90" CO="482.96" HC="2.72" NOx="9.85" PMx="0.53" fuel="9.11" electricity="0.00" noise="137.49" route="routetop" type="cfm-fast" waiting="0.00" lane="top_0" pos="18.13" speed="4.00" angle="241.90" x="26.65" y="121.44"/>
        <vehicle id="cfm-fast_2" eclass="HBEFA3/PC_G_EU4" CO2="21188.90" CO="482.96" HC="2.72" NOx="9.85" PMx="0.53" fuel="9.11" electricity="0.00" noise="137.49" route="routetop" type="cfm-fast" waiting="0.00" lane="top_0" pos="34.79" speed="4.00" angle="211.94" x="2.75" y="95.24"/>
        <vehicle id="cfm-fast_3" eclass="HBEFA3/PC_G_EU4" CO2="21188.90" CO="482.96" HC="2.72" NOx="9.85" PMx="0.53" fuel="9.11" electricity="0.00" noise="137.49" route="routeleft" type="cfm-fast" waiting="0.00" lane="left_0" pos="1.46" speed="4.00" angle="181.86" x="-4.86" y="60.43"/>
        <vehicle id="cfm-fast_4" eclass="HBEFA3/PC_G_EU4" CO2="21188.90" CO="482.96" HC="2.72" NOx="9.85" PMx="0.53" fuel="9.11" electricity="0.00" noise="137.49" route="routeleft" type="cfm-fast" waiting="0.00" lane="left_0" pos="18.13" speed="4.00" angle="151.87" x="5.89" y="26.65"/>
        <vehicle id="cfm-fast_5" eclass="HBEFA3/PC_G_EU4" CO2="21188.90" CO="482.96" HC="2.72" NOx="9.85" PMx="0.53" fuel="9.11" electricity="0.00" noise="137.49" route="routeleft" type="cfm-fast" waiting="0.00" lane="left_0" pos="34.79" speed="4.00" angle="121.94" x="32.09" y="2.75"/>
        <vehicle id="cfm-slow_0" eclass="HBEFA3/PC_G_EU4" CO2="18738.18" CO="434.26" HC="2.44" NOx="8.70" PMx="0.47" fuel="8.05" electricity="0.00" noise="129.25" route="routebottom" type="cfm-slow" waiting="0.00" lane="bottom_0" pos="1.45" speed="3.88" angle="91.86" x="66.89" y="-4.86"/>
        <vehicle id="cfm-slow_1" eclass="HBEFA3/PC_G_EU4" CO2="18738.18" CO="434.26" HC="2.44" NOx="8.70" PMx="0.47" fuel="8.05" electricity="0.00" noise="129.25" route="routebottom" type="cfm-slow" waiting="0.00" lane="bottom_0" pos="18.12" speed="3.88" angle="61.88" x="100.67" y="5.89"/>
        <vehicle id="cfm-slow_2" eclass="HBEFA3/PC_G_EU4" CO2="18738.18" CO="434.26" HC="2.44" NOx="8.70" PMx="0.47" fuel="8.05" electricity="0.00" noise="129.25" route="routebottom" type="cfm-slow" waiting="0.00" lane="bottom_0" pos="34.79" speed="3.88" angle="31.95" x="124.57" y="32.08"/>
        <vehicle id="cfm-slow_3" eclass="HBEFA3/PC_G_EU4" CO2="18738.24" CO="434.26" HC="2.44" NOx="8.70" PMx="0.47" fuel="8.05" electricity="0.00" noise="129.25" route="routeright" type="cfm-slow" waiting="0.00" lane="right_0" pos="1.45" speed="3.88" angle="1.86" x="132.19" y="66.89"/>
        <vehicle id="cfm-slow_4" eclass="HBEFA3/PC_G_EU4" CO2="18741.36" CO="434.32" HC="2.44" NOx="8.70" PMx="0.47" fuel="8.06" electricity="0.00" noise="129.26" route="routeright" type="cfm-slow" waiting="0.00" lane="right_0" pos="18.12" speed="3.88" angle="331.91" x="121.44" y="100.67"/>
        <vehicle id="cfm-slow_5" eclass="HBEFA3/PC_G_EU4" CO2="18847.96" CO="436.46" HC="2.45" NOx="8.75" PMx="0.47" fuel="8.10" electricity="0.00" noise="129.66" route="routeright" type="cfm-slow" waiting="0.00" lane="right_0" pos="34.79" speed="3.88" angle="301.95" x="95.25" y="124.57"/>
    </timestep>
    <timestep time="0.23">
        <vehicle id="cfm-fast_0" eclass="HBEFA3/PC_G_EU4" CO2="22038.69" CO="497.87" HC="2.81" NOx="10.25" PMx="0.55" fuel="9.47" electricity="0.00" noise="137.57" route="routetop" type="cfm-fast" waiting="0.00" lane="top_0" pos="1.50" speed="4.18" angle="271.78" x="60.34" y="132.19"/>
        <vehicle id="cfm-fast_1" eclass="HBEFA3/PC_G_EU4" CO2="22038.69" CO="497.87" HC="2.81" NOx="10.25" PMx="0.55" fuel="9.47" electricity="0.00" noise="137.57" route="routetop" type="cfm-fast" waiting="0.00" lane="top_0" pos="18.17" speed="4.18" angle="241.82" x="26.57" y="121.39"/>
        <vehicle id="cfm-fast_2" eclass="HBEFA3/PC_G_EU4" CO2="22038.69" CO="497.87" HC="2.81" NOx="10.25" PMx="0.55" fuel="9.47" electricity="0.00" noise="137.57" route="routetop" type="cfm-fast" waiting="0.00" lane="top_0" pos="34.84" speed="4.18" angle="211.87" x="2.71" y="95.16"/>
        <vehicle id="cfm-fast_3" eclass="HBEFA3/PC_G_EU4" CO2="22038.69" CO="497.87" HC="2.81" NOx="10.25" PMx="0.55" fuel="9.47" electricity="0.00" noise="137.57" route="routeleft" type="cfm-fast" waiting="0.00" lane="left_0" pos="1.50" speed="4.18" angle="181.78" x="-4.86" y="60.34"/>
        <vehicle id="cfm-fast_4" eclass="HBEFA3/PC_G_EU4" CO2="22038.69" CO="497.87" HC="2.81" NOx="10.25" PMx="0.55" fuel="9.47" electricity="0.00" noise="137.57" route="routeleft" type="cfm-fast" waiting="0.00" lane="left_0" pos="18.17" speed="4.18" angle="151.80" x="5.94" y="26.57"/>
        <vehicle id="cfm-fast_5" eclass="HBEFA3/PC_G_EU4" CO2="22038.69" CO="497.87" HC="2.81" NOx="10.25" PMx="0.55" fuel="9.47" electricity="0.00" noise="137.57" route="routeleft" type="cfm-fast" waiting="0.00" lane="left_0" pos="34.84" speed="4.18" angle="121.86" x="32.17" y="2.71"/>
        <vehicle id="cfm-slow_0" eclass="HBEFA3/PC_G_EU4" CO2="19258.92" CO="442.65" HC="2.49" NOx="8.94" PMx="0.48" fuel="8.28" electricity="0.00" noise="128.66" route="routebottom" type="cfm-slow" waiting="0.00" lane="bottom_0" pos="1.49" speed="4.04" angle="91.79" x="66.97" y="-4.86"/>
        <vehicle id="cfm-slow_1" eclass="HBEFA3/PC_G_EU4" CO2="19258.92" CO="442.65" HC="2.49" NOx="8.94" PMx="0.48" fuel="8.28" electricity="0.00" noise="128.66" route="routebottom" type="cfm-slow" waiting="0.00" lane="bottom_0" pos="18.16" speed="4.04" angle="61.80" x="100.74" y="5.94"/>
        <vehicle id="cfm-slow_2" eclass="HBEFA3/PC_G_EU4" CO2="19258.92" CO="442.65" HC="2.49" NOx="8.94" PMx="0.48" fuel="8.28" electricity="0.00" noise="128.66" route="routebottom" type="cfm-slow" waiting="0.00" lane="bottom_0" pos="34.83" speed="4.04" angle="31.88" x="124.60" y="32.16"/>
        <vehicle id="cfm-slow_3" eclass="HBEFA3/PC_G_EU4" CO2="19259.01" CO="442.66" HC="2.49" NOx="8.94" PMx="0.48" fuel="8.28" electricity="0.00" noise="128.66" route="routeright" type="cfm-slow" waiting="0.00" lane="right_0" pos="1.49" speed="4.04" angle="1.79" x="132.19" y="66.97"/>
        <vehicle id="cfm-slow_4" eclass="HBEFA3/PC_G_EU4" CO2="19263.23" CO="442.74" HC="2.49" NOx="8.95" PMx="0.48" fuel="8.28" electricity="0.00" noise="128.68" route="routeright" type="cfm-slow" waiting="0.00" lane="right_0" pos="18.16" speed="4.04" angle="331.83" x="121.39" y="100.74"/>
        <vehicle id="cfm-slow_5" eclass="HBEFA3/PC_G_EU4" CO2="19394.17" CO="445.37" HC="2.50" NOx="9.01" PMx="0.48" fuel="8.34" electricity="0.00" noise="129.14" route="routeright" type="cfm-slow" waiting="0.00" lane="right_0" pos="34.83" speed="4.05" angle="301.88" x="95.17" y="124.60"/>
    </timestep>
    <timestep time="0.24">
        <vehicle id="cfm-fast_0" eclass="HBEFA3/PC_G_EU4" CO2="22889.01" CO="512.81" HC="2.90" NOx="10.65" PMx="0.57" fuel="9.84" electricity="0.00" noise="137.64" route="routetop" type="cfm-fast" waiting="0.00" lane="top_0" pos="1.55" speed="4.36" angle="271.70" x="60.25" y="132.18"/>
        <vehicle id="cfm-fast_1" eclass="HBEFA3/PC_G_EU4" CO2="22889.01" CO="512.81" HC="2.90" NOx="10.65" PMx="0.57" fuel="9.84" electricity="0.00" noise="137.64" route="routetop" type="cfm-fast" waiting="0.00" lane="top_0" pos="18.21" speed="4.36" angle="241.74" x="26.49" y="121.33"/>
        <vehicle id="cfm-fast_2" eclass="HBEFA3/PC_G_EU4" CO2="22889.01" CO="512.81" HC="2.90" NOx="10.65" PMx="0.57" fuel="9.84" electricity="0.00" noise="137.64" route="routetop" type="cfm-fast" waiting="0.00" lane="top_0" pos="34.88" speed="4.36" angle="211.78" x="2.67" y="95.08"/>
        <vehicle id="cfm-fast_3" eclass="HBEFA3/PC_G_EU4" CO2="22889.01" CO="512.81" HC="2.90" NOx="10.65" PMx="0.57" fuel="9.84" electricity="0.00" noise="137.64" route="routeleft" type="cfm-fast" waiting="0.00" lane="left_0" pos="1.55" speed="4.36" angle="181.70" x="-4.85" y="60.25"/>
        <vehicle id="cfm-fast_4" eclass="HBEFA3/PC_G_EU4" CO2="22889.01" CO="512.81" HC="2.90" NOx="10.65" PMx="0.57" fuel="9.84" electricity="0.00" noise="137.64" route="routeleft" type="cfm-fast" waiting="0.00" lane="left_0" pos="18.21" speed="4.36" angle="151.71" x="5.99" y="26.49"/>
        <vehicle id="cfm-fast_5" eclass="HBEFA3/PC_G_EU4" CO2="22889.01" CO="512.81" HC="2.90" NOx="10.65" PMx="0.57" fuel="9.84" electricity="0.00" noise="137.64" route="routeleft" type="cfm-fast" waiting="0.00" lane="left_0" pos="34.88" speed="4.36" angle="121.78" x="32.25" y="2.67"/>
        <vehicle id="cfm-slow_0" eclass="HBEFA3/PC_G_EU4" CO2="19762.99" CO="450.75" HC="2.54" NOx="9.18" PMx="0.49" fuel="8.50" electricity="0.00" noise="128.08" route="routebottom" type="cfm-slow" waiting="0.00" lane="bottom_0" pos="1.54" speed="4.20" angle="91.71" x="67.06" y="-4.85"/>
        <vehicle id="cfm-slow_1" eclass="HBEFA3/PC_G_EU4" CO2="19762.99" CO="450.75" HC="2.54" NOx="9.18" PMx="0.49" fuel="8.50" electricity="0.00" noise="128.08" route="routebottom" type="cfm-slow" waiting="0.00" lane="bottom_0" pos="18.20" speed="4.20" angle="61.72" x="100.82" y="5.99"/>
        <vehicle id="cfm-slow_2" eclass="HBEFA3/PC_G_EU4" CO2="19762.99" CO="450.75" HC="2.54" NOx="9.18" PMx="0.49" fuel="8.50" electricity="0.00" noise="128.08" route="routebottom" type="cfm-slow" waiting="0.00" lane="bottom_0" pos="34.87" speed="4.20" angle="31.80" x="124.65" y="32.24"/>
        <vehicle id="cfm-slow_3" eclass="HBEFA3/PC_G_EU4" CO2="19763.13" CO="450.75" HC="2.54" NOx="9.18" PMx="0.49" fuel="8.50" electricity="0.00" noise="128.08" route="routeright" type="cfm-slow" waiting="0.00" lane="right_0" pos="1.54" speed="4.20" angle="1.71" x="132.18" y="67.06"/>
        <vehicle id="cfm-slow_4" eclass="HBEFA3/PC_G_EU4" CO2="19768.69" CO="450.87" HC="2.54" NOx="9.18" PMx="0.49" fuel="8.50" electricity="0.00" noise="128.10" route="routeright" type="cfm-slow" waiting="0.00" lane="right_0" pos="18.20" speed="4.20" angle="331.75" x="121.34" y="100.82"/>
        <vehicle id="cfm-slow_5" eclass="HBEFA3/PC_G_EU4" CO2="19927.04" CO="454.04" HC="2.56" NOx="9.25" PMx="0.50" fuel="8.57" electricity="0.00" noise="128.64" route="routeright" type="cfm-slow" waiting="0.00" lane="right_0" pos="34.87" speed="4.21" angle="301.81" x="95.09" y="124.65"/>
    </timestep>
    <timestep time="0.25">
        <vehicle id="cfm-fast_0" eclass="HBEFA3/PC_G_EU4" CO2="23739.84" CO="527.79" HC="2.99" NOx="11.04" PMx="0.59" fuel="10.20" electricity="0.00" noise="137.72" route="routetop" type="cfm-fast" waiting="0.00" lane="top_0" pos="1.59" speed="4.55" angle="271.62" x="60.15" y="132.18"/>
        <vehicle id="cfm-fast_1" eclass="HBEFA3/PC_G_EU4" CO2="23739.84" CO="527.79" HC="2.99" NOx="11.04" PMx="0.59" fuel="10.20" electricity="0.00" noise="137.72" route="routetop" type="cfm-fast" waiting="0.00" lane="top_0" pos="18.26" speed="4.55" angle="241.65" x="26.41" y="121.28"/>
        <vehicle id="cfm-fast_2" eclass="HBEFA3/PC_G_EU4" CO2="23739.84" CO="527.79" HC="2.99" NOx="11.04" PMx="0.59" fuel="10.20" electricity="0.00" noise="137.72" route="routetop" type="cfm-fast" waiting="0.00" lane="top_0" pos="34.92" speed="4.55" angle="211.70" x="2.63" y="94.99"/>
        <vehicle id="cfm-fast_3" eclass="HBEFA3/PC_G_EU4" CO2="23739.84" CO="527.79" HC="2.99" NOx="11.04" PMx="0.59" fuel="10.20" electricity="0.00" noise="137.72" route="routeleft" type="cfm-fast" waiting="0.00" lane="left_0" pos="1.59" speed="4.55" angle="181.62" x="-4.85" y="60.15"/>
        <vehicle id="cfm-fast_4" eclass="HBEFA3/PC_G_EU4" CO2="23739.84" CO="527.79" HC="2.99" NOx="11.04" PMx="0.59" fuel="10.20" electricity="0.00" noise="137.72" route="routeleft" type="cfm-fast" waiting="0.00" lane="left_0" pos="18.26" speed="4.55" angle="151.63" x="6.05" y="26.41"/>
        <vehicle id="cfm-fast_5" eclass="HBEFA3/PC_G_EU4" CO2="23739.84" CO="527.79" HC="2.99" NOx="11.04" PMx="0.59" fuel="10.20" electricity="0.00" noise="137.72" route="routeleft" type="cfm-fast" waiting="0.00" lane="left_0" pos="34.92" speed="4.55" angle="121.70" x="32.34" y="2.63"/>
        <vehicle id="cfm-slow_0" eclass="HBEFA3/PC_G_EU4" CO2="20250.77" CO="458.55" HC="2.59" NOx="9.40" PMx="0.50" fuel="8.70" electricity="0.00" noise="127.51" route="routebottom" type="cfm-slow" waiting="0.00" lane="bottom_0" pos="1.58" speed="4.36" angle="91.64" x="67.16" y="-4.85"/>
        <vehicle id="cfm-slow_1" eclass="HBEFA3/PC_G_EU4" CO2="20250.77" CO="458.55" HC="2.59" NOx="9.40" PMx="0.50" fuel="8.70" electricity="0.00" noise="127.51" route="routebottom" type="cfm-slow" waiting="0.00" lane="bottom_0" pos="18.25" speed="4.36" angle="61.64" x="100.89" y="6.04"/>
        <vehicle id="cfm-slow_2" eclass="HBEFA3/PC_G_EU4" CO2="20250.77" CO="458.55" HC="2.59" NOx="9.40" PMx="0.50" fuel="8.70" electricity="0.00" noise="127.51" route="routebottom" type="cfm-slow" waiting="0.00" lane="bottom_0" pos="34.91" speed="4.36" angle="31.72" x="124.69" y="32.32"/>
        <vehicle id="cfm-slow_3" eclass="HBEFA3/PC_G_EU4" CO2="20250.96" CO="458.56" HC="2.59" NOx="9.40" PMx="0.50" fuel="8.70" electricity="0.00" noise="127.51" route="routeright" type="cfm-slow" waiting="0.00" lane="right_0" pos="1.58" speed="4.36" angle="1.64" x="132.18" y="67.16"/>
        <vehicle id="cfm-slow_4" eclass="HBEFA3/PC_G_EU4" CO2="20258.15" CO="458.70" HC="2.59" NOx="9.41" PMx="0.50" fuel="8.71" electricity="0.00" noise="127.53" route="routeright" type="cfm-slow" waiting="0.00" lane="right_0" pos="18.25" speed="4.36" angle="331.66" x="121.29" y="100.89"/>
        <vehicle id="cfm-slow_5" eclass="HBEFA3/PC_G_EU4" CO2="20447.09" CO="462.49" HC="2.61" NOx="9.49" PMx="0.51" fuel="8.79" electricity="0.00" noise="128.15" route="routeright" type="cfm-slow" waiting="0.00" lane="right_0" pos="34.91" speed="4.37" angle="301.73" x="95.01" y="124.69"/>
    </timestep>
    <timestep time="0.26">
        <vehicle id="cfm-fast_0" eclass="HBEFA3/PC_G_EU4" CO2="24591.19" CO="542.81" HC="3.08" NOx="11.44" PMx="0.62" fuel="10.57" electricity="0.00" noise="137.79" route="routetop" type="cfm-fast" waiting="0.00" lane="top_0" pos="1.64" speed="4.73" angle="271.54" x="60.05" y="132.17"/>
        <vehicle id="cfm-fast_1" eclass="HBEFA3/PC_G_EU4" CO2="24591.19" CO="542.81" HC="3.08" NOx="11.44" PMx="0.62" fuel="10.57" electricity="0.00" noise="137.79" route="routetop" type="cfm-fast" waiting="0.00" lane="top_0" pos="18.30" speed="4.73" angle="241.56" x="26.33" y="121.22"/>
        <vehicle id="cfm-fast_2" eclass="HBEFA3/PC_G_EU4" CO2="24591.19" CO="542.81" HC="3.08" NOx="11.44" PMx="0.62" fuel="10.57" electricity="0.00" noise="137.79" route="routetop" type="cfm-fast" waiting="0.00" lane="top_0" pos="34.97" speed="4.73" angle="211.61" x="2.58" y="94.90"/>
        <vehicle id="cfm-fast_3" eclass="HBEFA3/PC_G_EU4" CO2="24591.19" CO="542.81" HC="3.08" NOx="11.44" PMx="0.62" fuel="10.57" electricity="0.00" noise="137.79" route="routeleft" type="cfm-fast" waiting="0.00" lane="left_0" pos="1.64" speed="4.73" angle="181.54" x="-4.84" y="60.05"/>
        <vehicle id="cfm-fast_4" eclass="HBEFA3/PC_G_EU4" CO2="24591.19" CO="542.81" HC="3.08" NOx="11.44" PMx="0.62" fuel="10.57" electricity="0.00" noise="137.79" route="routeleft" type="cfm-fast" waiting="0.00" lane="left_0" pos="18.30" speed="4.73" angle="151.54" x="6.10" y="26.33"/>
        <vehicle id="cfm-fast_5" eclass="HBEFA3/PC_G_EU4" CO2="24591.19" CO="542.81" HC="3.08" NOx="11.44" PMx="0.62" fuel="10.57" electricity="0.00" noise="137.79" route="routeleft" type="cfm-fast" waiting="0.00" lane="left_0" pos="34.97" speed="4.73" angle="121.61" x="32.43" y="2.58"/>
        <vehicle id="cfm-slow_0" eclass="HBEFA3/PC_G_EU4" CO2="20722.60" CO="466.07" HC="2.63" NOx="9.62" PMx="0.52" fuel="8.91" electricity="0.00" noise="126.93" route="routebottom" type="cfm-slow" waiting="0.00" lane="bottom_0" pos="1.63" speed="4.52" angle="91.56" x="67.26" y="-4.84"/>
        <vehicle id="cfm-slow_1" eclass="HBEFA3/PC_G_EU4" CO2="20722.60" CO="466.07" HC="2.63" NOx="9.62" PMx="0.52" fuel="8.91" electricity="0.00" noise="126.93" route="routebottom" type="cfm-slow" waiting="0.00" lane="bottom_0" pos="18.29" speed="4.52" angle="61.56" x="100.98" y="6.09"/>
        <vehicle id="cfm-slow_2" eclass="HBEFA3/PC_G_EU4" CO2="20722.61" CO="466.07" HC="2.63" NOx="9.62" PMx="0.52" fuel="8.91" electricity="0.00" noise="126.93" route="routebottom" type="cfm-slow" waiting="0.00" lane="bottom_0" pos="34.96" speed="4.52" angle="31.64" x="124.73" y="32.41"/>
        <vehicle id="cfm-slow_3" eclass="HBEFA3/PC_G_EU4" CO2="20722.87" CO="466.08" HC="2.63" NOx="9.62" PMx="0.52" fuel="8.91" electricity="0.00" noise="126.94" route="routeright" type="cfm-slow" waiting="0.00" lane="right_0" pos="1.63" speed="4.52" angle="1.56" x="132.17" y="67.26"/>
        <vehicle id="cfm-slow_4" eclass="HBEFA3/PC_G_EU4" CO2="20732.00" CO="466.26" HC="2.63" NOx="9.63" PMx="0.52" fuel="8.91" electricity="0.00" noise="126.97" route="routeright" type="cfm-slow" waiting="0.00" lane="right_0" pos="18.29" speed="4.52" angle="331.57" x="121.23" y="100.97"/>
        <vehicle id="cfm-slow_5" eclass="HBEFA3/PC_G_EU4" CO2="20954.81" CO="470.72" HC="2.66" NOx="9.73" PMx="0.52" fuel="9.01" electricity="0.00" noise="127.66" route="routeright" type="cfm-slow" waiting="0.00" lane="right_0" pos="34.96" speed="4.53" angle="301.64" x="94.92" y="124.73"/>
    </timestep>
    <timestep time="0.27">
        <vehicle id="cfm-fast_0" eclass="HBEFA3/PC_G_EU4" CO2="25443.06" CO="557.86" HC="3.17" NOx="11.84" PMx="0.64" fuel="10.94" electricity="0.00" noise="137.87" route="routetop" type="cfm-fast" waiting="0.00" lane="top_0" pos="1.69" speed="4.91" angle="271.45" x="59.94" y="132.16"/>
        <vehicle id="cfm-fast_1" eclass="HBEFA3/PC_G_EU4" CO2="25443.06" CO="557.86" HC="3.17" NOx="11.84" PMx="0.64" fuel="10.94" electricity="0.00" noise="137.87" route="routetop" type="cfm-fast" waiting="0.00" lane="top_0" pos="18.35" speed="4.91" angle="241.46" x="26.24" y="121.17"/>
        <vehicle id="cfm-fast_2" eclass="HBEFA3/PC_G_EU4" CO2="25443.06" CO="557.86" HC="3.17" NOx="11.84" PMx="0.64" fuel="10.94" electricity="0.00" noise="137.87" route="routetop" type="cfm-fast" waiting="0.00" lane="top_0" pos="35.02" speed="4.91" angle="211.52" x="2.53" y="94.80"/>
        <vehicle id="cfm-fast_3" eclass="HBEFA3/PC_G_EU4" CO2="25443.06" CO="557.86" HC="3.17" NOx="11.84" PMx="0.64" fuel="10.94" electricity="0.00" noise="137.87" route="routeleft" type="cfm-fast" waiting="0.00" lane="left_0" pos="1.69" speed="4.91" angle="181.45" x="-4.83" y="59.94"/>
        <vehicle id="cfm-fast_4" eclass="HBEFA3/PC_G_EU4" CO2="25443.06" CO="557.86" HC="3.17" NOx="11.84" PMx="0.64" fuel="10.94" electricity="0.00" noise="137.87" route="routeleft" type="cfm-fast" waiting="0.00" lane="left_0" pos="18.35" speed="4.91" angle="151.45" x="6.16" y="26.24"/>
        <vehicle id="cfm-fast_5" eclass="HBEFA3/PC_G_EU4" CO2="25443.06" CO="557.86" HC="3.17" NOx="11.84" PMx="0.64" fuel="10.94" electricity="0.00" noise="137.87" route="routeleft" type="cfm-fast" waiting="0.00" lane="left_0" pos="35.02" speed="4.91" angle="121.52" x="32.52" y="2.53"/>
        <vehicle id="cfm-slow_0" eclass="HBEFA3/PC_G_EU4" CO2="21178.85" CO="473.31" HC="2.68" NOx="9.83" PMx="0.53" fuel="9.10" electricity="0.00" noise="126.37" route="routebottom" type="cfm-slow" waiting="0.00" lane="bottom_0" pos="1.67" speed="4.67" angle="91.47" x="67.36" y="-4.84"/>
        <vehicle id="cfm-slow_1" eclass="HBEFA3/PC_G_EU4" CO2="21178.85" CO="473.31" HC="2.68" NOx="9.83" PMx="0.53" fuel="9.10" electricity="0.00" noise="126.37" route="routebottom" type="cfm-slow" waiting="0.00" lane="bottom_0" pos="18.34" speed="4.67" angle="61.47" x="101.06" y="6.15"/>
        <vehicle id="cfm-slow_2" eclass="HBEFA3/PC_G_EU4" CO2="21178.86" CO="473.31" HC="2.68" NOx="9.83" PMx="0.53" fuel="9.10" electricity="0.00" noise="126.37" route="routebottom" type="cfm-slow" waiting="0.00" lane="bottom_0" pos="35.01" speed="4.67" angle="31.56" x="124.78" y="32.50"/>
        <vehicle id="cfm-slow_3" eclass="HBEFA3/PC_G_EU4" CO2="21179.22" CO="473.31" HC="2.68" NOx="9.83" PMx="0.53" fuel="9.10" electricity="0.00" noise="126.37" route="routeright" type="cfm-slow" waiting="0.00" lane="right_0" pos="1.67" speed="4.67" angle="1.47" x="132.17" y="67.36"/>
        <vehicle id="cfm-slow_4" eclass="HBEFA3/PC_G_EU4" CO2="21190.63" CO="473.54" HC="2.68" NOx="9.84" PMx="0.53" fuel="9.11" electricity="0.00" noise="126.41" route="routeright" type="cfm-slow" waiting="0.00" lane="right_0" pos="18.34" speed="4.67" angle="331.48" x="121.18" y="101.06"/>
        <vehicle id="cfm-slow_5" eclass="HBEFA3/PC_G_EU4" CO2="21450.69" CO="478.75" HC="2.71" NOx="9.96" PMx="0.53" fuel="9.22" electricity="0.00" noise="127.19" route="routeright" type="cfm-slow" waiting="0.00" lane="right_0" pos="35.01" speed="4.68" angle="301.56" x="94.83" y="124.78"/>
    </timestep>
    <timestep time="0.28">
        <vehicle id="cfm-fast_0" eclass="HBEFA3/PC_G_EU4" CO2="26295.45" CO="572.96" HC="3.26" NOx="12.24" PMx="0.66" fuel="11.30" electricity="0.00" noise="137.94" route="routetop" type="cfm-fast" waiting="0.00" lane="top_0" pos="1.74" speed="5.09" angle="271.36" x="59.83" y="132.16"/>
        <vehicle id="cfm-fast_1" eclass="HBEFA3/PC_G_EU4" CO2="26295.45" CO="572.96" HC="3.26" NOx="12.24" PMx="0.66" fuel="11.30" electricity="0.00" noise="137.94" route="routetop" type="cfm-fast" waiting="0.00" lane="top_0" pos="18.40" speed="5.09" angle="241.36" x="26.15" y="121.10"/>
        <vehicle id="cfm-fast_2" eclass="HBEFA3/PC_G_EU4" CO2="26295.45" CO="572.96" HC="3.26" NOx="12.24" PMx="0.66" fuel="11.30" electricity="0.00" noise="137.94" route="routetop" type="cfm-fast" waiting="0.00" lane="top_0" pos="35.07" speed="5.09" angle="211.43" x="2.49" y="94.71"/>
        <vehicle id="cfm-fast_3" eclass="HBEFA3/PC_G_EU4" CO2="26295.45" CO="572.96" HC="3.26" NOx="12.24" PMx="0.66" fuel="11.30" electricity="0.00" noise="137.94" route="routeleft" type="cfm-fast" waiting="0.00" lane="left_0" pos="1.74" speed="5.09" angle="181.36" x="-4.83" y="59.83"/>
        <vehicle id="cfm-fast_4" eclass="HBEFA3/PC_G_EU4" CO2="26295.45" CO="572.96" HC="3.26" NOx="12.24" PMx="0.66" fuel="11.30" electricity="0.00" noise="137.94" route="routeleft" type="cfm-fast" waiting="0.00" lane="left_0" pos="18.40" speed="5.09" angle="151.35" x="6.22" y="26.15"/>
        <vehicle id="cfm-fast_5" eclass="HBEFA3/PC_G_EU4" CO2="26295.45" CO="572.96" HC="3.26" NOx="12.24" PMx="0.66" fuel="11.30" electricity="0.00" noise="137.94" route="routeleft" type="cfm-fast" waiting="0.00" lane="left_0" pos="35.07" speed="5.09" angle="121.42" x="32.62" y="2.48"/>
        <vehicle id="cfm-slow_0" eclass="HBEFA3/PC_G_EU4" CO2="21619.87" CO="480.27" HC="2.72" NOx="10.04" PMx="0.54" fuel="9.29" electricity="0.00" noise="125.81" route="routebottom" type="cfm-slow" waiting="0.00" lane="bottom_0" pos="1.72" speed="4.83" angle="91.39" x="67.46" y="-4.83"/>
        <vehicle id="cfm-slow_1" eclass="HBEFA3/PC_G_EU4" CO2="21619.87" CO="480.27" HC="2.72" NOx="10.04" PMx="0.54" fuel="9.29" electricity="0.00" noise="125.81" route="routebottom" type="cfm-slow" waiting="0.00" lane="bottom_0" pos="18.39" speed="4.83" angle="61.38" x="101.15" y="6.21"/>
        <vehicle id="cfm-slow_2" eclass="HBEFA3/PC_G_EU4" CO2="21619.88" CO="480.27" HC="2.72" NOx="10.04" PMx="0.54" fuel="9.29" electricity="0.00" noise="125.81" route="routebottom" type="cfm-slow" waiting="0.00" lane="bottom_0" pos="35.05" speed="4.83" angle="31.47" x="124.82" y="32.59"/>
        <vehicle id="cfm-slow_3" eclass="HBEFA3/PC_G_EU4" CO2="21620.35" CO="480.28" HC="2.72" NOx="10.04" PMx="0.54" fuel="9.29" electricity="0.00" noise="125.81" route="routeright" type="cfm-slow" waiting="0.00" lane="right_0" pos="1.72" speed="4.83" angle="1.39" x="132.16" y="67.46"/>
        <vehicle id="cfm-slow_4" eclass="HBEFA3/PC_G_EU4" CO2="21634.42" CO="480.56" HC="2.72" NOx="10.04" PMx="0.54" fuel="9.30" electricity="0.00" noise="125.85" route="routeright" type="cfm-slow" waiting="0.00" lane="right_0" pos="18.39" speed="4.83" angle="331.39" x="121.12" y="101.14"/>
        <vehicle id="cfm-slow_5" eclass="HBEFA3/PC_G_EU4" CO2="21935.19" CO="486.58" HC="2.75" NOx="10.18" PMx="0.55" fuel="9.43" electricity="0.00" noise="126.73" route="routeright" type="cfm-slow" waiting="0.00" lane="right_0" pos="35.05" speed="4.84" angle="301.47" x="94.74" y="124.82"/>
    </timestep>
    <timestep time="0.29">
        <vehicle id="cfm-fast_0" eclass="HBEFA3/PC_G_EU4" CO2="27148.36" CO="588.09" HC="3.35" NOx="12.63" PMx="0.68" fuel="11.67" electricity="0.00" noise="138.02" route="routetop" type="cfm-fast" waiting="0.00" lane="top_0" pos="1.79" speed="5.27" angle="271.26" x="59.72" y="132.15"/>
        <vehicle id="cfm-fast_1" eclass="HBEFA3/PC_G_EU4" CO2="27148.36" CO="588.09" HC="3.35" NOx="12.63" PMx="0.68" fuel="11.67" electricity="0.00" noise="138.02" route="routetop" type="cfm-fast" waiting="0.00" lane="top_0" pos="18.46" speed="5.27" angle="241.26" x="26.06" y="121.04"/>
        <vehicle id="cfm-fast_2" eclass="HBEFA3/PC_G_EU4" CO2="27148.36" CO="588.09" HC="3.35" NOx="12.63" PMx="0.68" fuel="11.67" electricity="0.00" noise="138.02" route="routetop" type="cfm-fast" waiting="0.00" lane="top_0" pos="35.12" speed="5.27" angle="211.33" x="2.43" y="94.61"/>
        <vehicle id="cfm-fast_3" eclass="HBEFA3/PC_G_EU4" CO2="27148.36" CO="588.09" HC="3.35" NOx="12.63" PMx="0.68" fuel="11.67" electricity="0.00" noise="138.02" route="routeleft" type="cfm-fast" waiting="0.00" lane="left_0" pos="1.79" speed="5.27" angle="181.26" x="-4.82" y="59.72"/>
        <vehicle id="cfm-fast_4" eclass="HBEFA3/PC_G_EU4" CO2="27148.36" CO="588.09" HC="3.35" NOx="12.63" PMx="0.68" fuel="11.67" electricity="0.00" noise="138.02" route="routeleft" type="cfm-fast" waiting="0.00" lane="left_0" pos="18.46" speed="5.27" angle="151.25" x="6.29" y="26.05"/>
        <vehicle id="cfm-fast_5" eclass="HBEFA3/PC_G_EU4" CO2="27148.36" CO="588.09" HC="3.35" NOx="12.63" PMx="0.68" fuel="11.67" electricity="0.00" noise="138.02" route="routeleft" type="cfm-fast" waiting="0.00" lane="left_0" pos="35.12" speed="5.27" angle="121.33" x="32.72" y="2.43"/>
        <vehicle id="cfm-slow_0" eclass="HBEFA3/PC_G_EU4" CO2="22045.98" CO="486.96" HC="2.76" NOx="10.23" PMx="0.55" fuel="9.48" electricity="0.00" noise="125.25" route="routebottom" type="cfm-slow" waiting="0.00" lane="bottom_0" pos="1.77" speed="4.98" angle="91.30" x="67.57" y="-4.82"/>
        <vehicle id="cfm-slow_1" eclass="HBEFA3/PC_G_EU4" CO2="22045.98" CO="486.96" HC="2.76" NOx="10.23" PMx="0.55" fuel="9.48" electricity="0.00" noise="125.25" route="routebottom" type="cfm-slow" waiting="0.00" lane="bottom_0" pos="18.44" speed="4.98" angle="61.28" x="101.24" y="6.27"/>
        <vehicle id="cfm-slow_2" eclass="HBEFA3/PC_G_EU4" CO2="22045.99" CO="486.96" HC="2.76" NOx="10.23" PMx="0.55" fuel="9.48" electricity="0.00" noise="125.25" route="routebottom" type="cfm-slow" waiting="0.00" lane="bottom_0" pos="35.10" speed="4.98" angle="31.38" x="124.87" y="32.69"/>
        <vehicle id="cfm-slow_3" eclass="HBEFA3/PC_G_EU4" CO2="22046.61" CO="486.98" HC="2.76" NOx="10.23" PMx="0.55" fuel="9.48" electricity="0.00" noise="125.26" route="routeright" type="cfm-slow" waiting="0.00" lane="right_0" pos="1.77" speed="4.98" angle="1.30" x="132.15" y="67.57"/>
        <vehicle id="cfm-slow_4" eclass="HBEFA3/PC_G_EU4" CO2="22063.75" CO="487.32" HC="2.76" NOx="10.24" PMx="0.55" fuel="9.48" electricity="0.00" noise="125.31" route="routeright" type="cfm-slow" waiting="0.00" lane="right_0" pos="18.44" speed="4.98" angle="331.29" x="121.06" y="101.23"/>
        <vehicle id="cfm-slow_5" eclass="HBEFA3/PC_G_EU4" CO2="22408.76" CO="494.22" HC="2.80" NOx="10.40" PMx="0.56" fuel="9.63" electricity="0.00" noise="126.28" route="routeright" type="cfm-slow" waiting="0.00" lane="right_0" pos="35.10" speed="5.00" angle="301.38" x="94.64" y="124.87"/>
    </timestep>
    <timestep time="0.30">
        <vehicle id="cfm-fast_0" eclass="HBEFA3/PC_G_EU4" CO2="28001.79" CO="603.26" HC="3.44" NOx="13.03" PMx="0.70" fuel="12.04" electricity="0.00" noise="138.09" route="routetop" type="cfm-fast" waiting="0.00" lane="top_0" pos="1.85" speed="5.45" angle="271.16" x="59.60" y="132.14"/>
        <vehicle id="cfm-fast_1" eclass="HBEFA3/PC_G_EU4" CO2="28001.79" CO="603.26" HC="3.44" NOx="13.03" PMx="0.70" fuel="12.04" electricity="0.00" noise="138.09" route="routetop" type="cfm-fast" waiting="0.00" lane="top_0" pos="18.51" speed="5.45" angle="241.15" x="25.96" y="120.98"/>
        <vehicle id="cfm-fast_2" eclass="HBEFA3/PC_G_EU4" CO2="28001.79" CO="603.26" HC="3.44" NOx="13.03" PMx="0.70" fuel="12.04" electricity="0.00" noise="138.09" route="routetop" type="cfm-fast" waiting="0.00" lane="top_0" pos="35.18" speed="5.45" angle="211.23" x="2.38" y="94.50"/>
        <vehicle id="cfm-fast_3" eclass="HBEFA3/PC_G_EU4" CO2="28001.79" CO="603.26" HC="3.44" NOx="13.03" PMx="0.70" fuel="12.04" electricity="0.00" noise="138.09" route="routeleft" type="cfm-fast" waiting="0.00" lane="left_0" pos="1.85" speed="5.45" angle="181.16" x="-4.81" y="59.60"/>
        <vehicle id="cfm-fast_4" eclass="HBEFA3/PC_G_EU4" CO2="28001.79" CO="603.26" HC="3.44" NOx="13.03" PMx="0.70" fuel="12.04" electricity="0.00" noise="138.09" route="routeleft" type="cfm-fast" waiting="0.00" lane="left_0" pos="18.51" speed="5.45" angle="151.15" x="6.35" y="25.96"/>
        <vehicle id="cfm-fast_5" eclass="HBEFA3/PC_G_EU4" CO2="28001.79" CO="603.26" HC="3.44" NOx="13.03" PMx="0.70" fuel="12.04" electricity="0.00" noise="138.09" route="routeleft" type="cfm-fast" waiting="0.00" lane="left_0" pos="35.18" speed="5.45" angle="121.22" x="32.83" y="2.38"/>
        <vehicle id="cfm-slow_0" eclass="HBEFA3/PC_G_EU4" CO2="22457.52" CO="493.40" HC="2.80" NOx="10.42" PMx="0.56" fuel="9.65" electricity="0.00" noise="124.70" route="routebottom" type="cfm-slow" waiting="0.00" lane="bottom_0" pos="1.82" speed="5.13" angle="91.20" x="67.68" y="-4.82"/>
        <vehicle id="cfm-slow_1" eclass="HBEFA3/PC_G_EU4" CO2="22457.52" CO="493.40" HC="2.80" NOx="10.42" PMx="0.56" fuel="9.65" electricity="0.00" noise="124.70" route="routebottom" type="cfm-slow" waiting="0.00" lane="bottom_0" pos="18.49" speed="5.13" angle="61.19" x="101.33" y="6.33"/>
        <vehicle id="cfm-slow_2" eclass="HBEFA3/PC_G_EU4" CO2="22457.54" CO="493.40" HC="2.80" NOx="10.42" PMx="0.56" fuel="9.65" electricity="0.00" noise="124.70" route="routebottom" type="cfm-slow" waiting="0.00" lane="bottom_0" pos="35.15" speed="5.13" angle="31.28" x="124.92" y="32.78"/>
        <vehicle id="cfm-slow_3" eclass="HBEFA3/PC_G_EU4" CO2="22458.33" CO="493.41" HC="2.80" NOx="10.42" PMx="0.56" fuel="9.65" electricity="0.00" noise="124.71" route="routeright" type="cfm-slow" waiting="0.00" lane="right_0" pos="1.82" speed="5.13" angle="1.20" x="132.15" y="67.68"/>
        <vehicle id="cfm-slow_4" eclass="HBEFA3/PC_G_EU4" CO2="22478.99" CO="493.83" HC="2.80" NOx="10.43" PMx="0.56" fuel="9.66" electricity="0.00" noise="124.77" route="routeright" type="cfm-slow" waiting="0.00" lane="right_0" pos="18.49" speed="5.13" angle="331.19" x="121.00" y="101.33"/>
        <vehicle id="cfm-slow_5" eclass="HBEFA3/PC_G_EU4" CO2="22871.85" CO="501.68" HC="2.85" NOx="10.62" PMx="0.57" fuel="9.83" electricity="0.00" noise="125.84" route="routeright" type="cfm-slow" waiting="0.00" lane="right_0" pos="35.16" speed="5.15" angle="301.29" x="94.54" y="124.92"/>
    </timestep>
    <timestep time="0.31">
        <vehicle id="cfm-fast_0" eclass="HBEFA3/PC_G_EU4" CO2="28855.74" CO="618.47" HC="3.53" NOx="13.43" PMx="0.72" fuel="12.40" electricity="0.00" noise="138.17" route="routetop" type="cfm-fast" waiting="0.00" lane="top_0" pos="1.90" speed="5.64" angle="271.06" x="59.48" y="132.14"/>
        <vehicle id="cfm-fast_1" eclass="HBEFA3/PC_G_EU4" CO2="28855.74" CO="618.47" HC="3.53" NOx="13.43" PMx="0.72" fuel="12.40" electricity="0.00" noise="138.17" route="routetop" type="cfm-fast" waiting="0.00" lane="top_0" pos="18.57" speed="5.64" angle="241.04" x="25.86" y="120.91"/>
        <vehicle id="cfm-fast_2" eclass="HBEFA3/PC_G_EU4" CO2="28855.74" CO="618.47" HC="3.53" NOx="13.43" PMx="0.72" fuel="12.40" electricity="0.00" noise="138.17" route="routetop" type="cfm-fast" waiting="0.00" lane="top_0" pos="35.24" speed="5.64" angle="211.13" x="2.33" y="94.39"/>
        <vehicle id="cfm-fast_3" eclass="HBEFA3/PC_G_EU4" CO2="28855.74" CO="618.47" HC="3.53" NOx="13.43" PMx="0.72" fuel="12.40" electricity="0.00" noise="138.17" route="routeleft" type="cfm-fast" waiting="0.00" lane="left_0" pos="1.90" speed="5.64" angle="181.06" x="-4.81" y="59.48"/>
        <vehicle id="cfm-fast_4" eclass="HBEFA3/PC_G_EU4" CO2="28855.74" CO="618.47" HC="3.53" NOx="13.43" PMx="0.72" fuel="12.40" electricity="0.00" noise="138.17" route="routeleft" type="cfm-fast" waiting="0.00" lane="left_0" pos="18.57" speed="5.64" angle="151.05" x="6.42" y="25.86"/>
        <vehicle id="cfm-fast_5" eclass="HBEFA3/PC_G_EU4" CO2="28670.28" CO="614.67" HC="3.51" NOx="13.34" PMx="0.72" fuel="12.32" electricity="0.00" noise="137.63" route="routeleft" type="cfm-fast" waiting="0.00" lane="left_0" pos="35.24" speed="5.64" angle="121.12" x="32.94" y="2.33"/>
        <vehicle id="cfm-slow_0" eclass="HBEFA3/PC_G_EU4" CO2="22854.82" CO="499.57" HC="2.84" NOx="10.61" PMx="0.57" fuel="9.82" electricity="0.00" noise="124.16" route="routebottom" type="cfm-slow" waiting="0.00" lane="bottom_0" pos="1.87" speed="5.28" angle="91.11" x="67.79" y="-4.81"/>
        <vehicle id="cfm-slow_1" eclass="HBEFA3/PC_G_EU4" CO2="22854.82" CO="499.57" HC="2.84" NOx="10.61" PMx="0.57" fuel="9.82" electricity="0.00" noise="124.16" route="routebottom" type="cfm-slow" waiting="0.00" lane="bottom_0" pos="18.54" speed="5.28" angle="61.09" x="101.42" y="6.39"/>
        <vehicle id="cfm-slow_2" eclass="HBEFA3/PC_G_EU4" CO2="22854.85" CO="499.57" HC="2.84" NOx="10.61" PMx="0.57" fuel="9.82" electricity="0.00" noise="124.16" route="routebottom" type="cfm-slow" waiting="0.00" lane="bottom_0" pos="35.21" speed="5.28" angle="31.19" x="124.97" y="32.89"/>
        <vehicle id="cfm-slow_3" eclass="HBEFA3/PC_G_EU4" CO2="22855.84" CO="499.59" HC="2.84" NOx="10.61" PMx="0.57" fuel="9.82" electricity="0.00" noise="124.16" route="routeright" type="cfm-slow" waiting="0.00" lane="right_0" pos="1.87" speed="5.28" angle="1.11" x="132.14" y="67.79"/>
        <vehicle id="cfm-slow_4" eclass="HBEFA3/PC_G_EU4" CO2="22880.51" CO="500.09" HC="2.84" NOx="10.62" PMx="0.57" fuel="9.84" electricity="0.00" noise="124.23" route="routeright" type="cfm-slow" waiting="0.00" lane="right_0" pos="18.54" speed="5.28" angle="331.09" x="120.94" y="101.42"/>
        <vehicle id="cfm-slow_5" eclass="HBEFA3/PC_G_EU4" CO2="23324.88" CO="508.97" HC="2.89" NOx="10.83" PMx="0.58" fuel="10.03" electricity="0.00" noise="125.41" route="routeright" type="cfm-slow" waiting="0.00" lane="right_0" pos="35.21" speed="5.30" angle="301.19" x="94.44" y="124.97"/>
    </timestep>
    <timestep time="0.32">
        <vehicle id="cfm-fast_0" eclass="HBEFA3/PC_G_EU4" CO2="29710.20" CO="633.72" HC="3.62" NOx="13.83" PMx="0.75" fuel="12.77" electricity="0.00" noise="138.24" route="routetop" type="cfm-fast" waiting="0.00" lane="top_0" pos="1.96" speed="5.82" angle="270.96" x="59.36" y="132.13"/>
        <vehicle id="cfm-fast_1" eclass="HBEFA3/PC_G_EU4" CO2="29710.20" CO="633.72" HC="3.62" NOx="13.83" PMx="0.75" fuel="12.77" electricity="0.00" noise="138.24" route="routetop" type="cfm-fast" waiting="0.00" lane="top_0" pos="18.63" speed="5.82" angle="240.93" x="25.75" y="120.84"/>
        <vehicle id="cfm-fast_2" eclass="HBEFA3/PC_G_EU4" CO2="29710.20" CO="633.72" HC="3.62" NOx="13.83" PMx="0.75" fuel="12.77" electricity="0.00" noise="138.24" route="routetop" type="cfm-fast" waiting="0.00" lane="top_0" pos="35.29" speed="5.82" angle="211.02" x="2.27" y="94.28"/>
        <vehicle id="cfm-fast_3" eclass="HBEFA3/PC_G_EU4" CO2="29710.20" CO="633.72" HC="3.62" NOx="13.83" PMx="0.75" fuel="12.77" electricity="0.00" noise="138.24" route="routeleft" type="cfm-fast" waiting="0.00" lane="left_0" pos="1.96" speed="5.82" angle="180.96" x="-4.80" y="59.36"/>
        <vehicle id="cfm-fast_4" eclass="HBEFA3/PC_G_EU4" CO2="29710.20" CO="633.72" HC="3.62" NOx="13.83" PMx="0.75" fuel="12.77" electricity="0.00" noise="138.24" route="routeleft" type="cfm-fast" waiting="0.00" lane="left_0" pos="18.63" speed="5.82" angle="150.94" x="6.49" y="25.75"/>
        <vehicle id="cfm-fast_5" eclass="HBEFA3/PC_G_EU4" CO2="29208.75" CO="623.45" HC="3.56" NOx="13.59" PMx="0.73" fuel="12.56" electricity="0.00" noise="136.84" route="routeleft" type="cfm-fast" waiting="0.00" lane="left_0" pos="35.29" speed="5.81" angle="121.01" x="33.05" y="2.27"/>
        <vehicle id="cfm-slow_0" eclass="HBEFA3/PC_G_EU4" CO2="23238.20" CO="505.50" HC="2.87" NOx="10.78" PMx="0.58" fuel="9.99" electricity="0.00" noise="123.62" route="routebottom" type="cfm-slow" waiting="0.00" lane="bottom_0" pos="1.93" speed="5.43" angle="91.01" x="67.91" y="-4.80"/>
        <vehicle id="cfm-slow_1" eclass="HBEFA3/PC_G_EU4" CO2="23238.20" CO="505.50" HC="2.87" NOx="10.78" PMx="0.58" fuel="9.99" electricity="0.00" noise="123.62" route="routebottom" type="cfm-slow" waiting="0.00" lane="bottom_0" pos="18.60" speed="5.43" angle="60.99" x="101.52" y="6.45"/>
        <vehicle id="cfm-slow_2" eclass="HBEFA3/PC_G_EU4" CO2="23238.24" CO="505.50" HC="2.87" NOx="10.78" PMx="0.58" fuel="9.99" electricity="0.00" noise="123.62" route="routebottom" type="cfm-slow" waiting="0.00" lane="bottom_0" pos="35.26" speed="5.43" angle="31.09" x="125.03" y="32.99"/>
        <vehicle id="cfm-slow_3" eclass="HBEFA3/PC_G_EU4" CO2="23239.48" CO="505.53" HC="2.87" NOx="10.78" PMx="0.58" fuel="9.99" electricity="0.00" noise="123.62" route="routeright" type="cfm-slow" waiting="0.00" lane="right_0" pos="1.93" speed="5.43" angle="1.01" x="132.13" y="67.91"/>
        <vehicle id="cfm-slow_4" eclass="HBEFA3/PC_G_EU4" CO2="23268.66" CO="506.11" HC="2.88" NOx="10.80" PMx="0.58" fuel="10.00" electricity="0.00" noise="123.70" route="routeright" type="cfm-slow" waiting="0.00" lane="right_0" pos="18.60" speed="5.43" angle="330.98" x="120.87" y="101.52"/>
        <vehicle id="cfm-slow_5" eclass="HBEFA3/PC_G_EU4" CO2="23768.27" CO="516.10" HC="2.93" NOx="11.03" PMx="0.59" fuel="10.22" electricity="0.00" noise="124.98" route="routeright" type="cfm-slow" waiting="0.00" lane="right_0" pos="35.26" speed="5.46" angle="301.09" x="94.33" y="125.03"/>
    </timestep>
    <timestep time="0.33">
        <vehicle id="cfm-fast_0" eclass="HBEFA3/PC_G_EU4" CO2="30343.33" CO="644.46" HC="3.68" NOx="14.12" PMx="0.76" fuel="13.04" electricity="0.00" noise="137.71" route="routetop" type="cfm-fast" waiting="0.00" lane="top_0" pos="2.02" speed="6.00" angle="270.85" x="59.23" y="132.12"/>
        <vehicle id="cfm-fast_1" eclass="HBEFA3/PC_G_EU4" CO2="30343.33" CO="644.46" HC="3.68" NOx="14.12" PMx="0.76" fuel="13.04" electricity="0.00" noise="137.71" route="routetop" type="cfm-fast" waiting="0.00" lane="top_0" pos="18.69" speed="6.00" angle="240.81" x="25.65" y="120.77"/>
        <vehicle id="cfm-fast_2" eclass="HBEFA3/PC_G_EU4" CO2="30343.33" CO="644.46" HC="3.68" NOx="14.12" PMx="0.76" fuel="13.04" electricity="0.00" noise="137.71" route="routetop" type="cfm-fast" waiting="0.00" lane="top_0" pos="35.35" speed="6.00" angle="210.91" x="2.21" y="94.16"/>
        <vehicle id="cfm-fast_3" eclass="HBEFA3/PC_G_EU4" CO2="30343.33" CO="644.46" HC="3.68" NOx="14.12" PMx="0.76" fuel="13.04" electricity="0.00" noise="137.71" route="routeleft" type="cfm-fast" waiting="0.00" lane="left_0" pos="2.02" speed="6.00" angle="180.85" x="-4.79" y="59.23"/>
        <vehicle id="cfm-fast_4" eclass="HBEFA3/PC_G_EU4" CO2="30336.81" CO="644.33" HC="3.68" NOx="14.12" PMx="0.76" fuel="13.04" electricity="0.00" noise="137.69" route="routeleft" type="cfm-fast" waiting="0.00" lane="left_0" pos="18.69" speed="6.00" angle="150.82" x="6.56" y="25.64"/>
        <vehicle id="cfm-fast_5" eclass="HBEFA3/PC_G_EU4" CO2="29723.92" CO="631.81" HC="3.61" NOx="13.83" PMx="0.75" fuel="12.78" electricity="0.00" noise="136.07" route="routeleft" type="cfm-fast" waiting="0.00" lane="left_0" pos="35.35" speed="5.99" angle="120.90" x="33.16" y="2.21"/>
        <vehicle id="cfm-slow_0" eclass="HBEFA3/PC_G_EU4" CO2="23607.97" CO="511.18" HC="2.91" NOx="10.95" PMx="0.59" fuel="10.15" electricity="0.00" noise="123.09" route="routebottom" type="cfm-slow" waiting="0.00" lane="bottom_0" pos="1.98" speed="5.58" angle="90.91" x="68.03" y="-4.80"/>
        <vehicle id="cfm-slow_1" eclass="HBEFA3/PC_G_EU4" CO2="23607.97" CO="511.18" HC="2.91" NOx="10.95" PMx="0.59" fuel="10.15" electricity="0.00" noise="123.09" route="routebottom" type="cfm-slow" waiting="0.00" lane="bottom_0" pos="18.65" speed="5.58" angle="60.88" x="101.62" y="6.52"/>
        <vehicle id="cfm-slow_2" eclass="HBEFA3/PC_G_EU4" CO2="23608.03" CO="511.18" HC="2.91" NOx="10.95" PMx="0.59" fuel="10.15" electricity="0.00" noise="123.09" route="routebottom" type="cfm-slow" waiting="0.00" lane="bottom_0" pos="35.32" speed="5.58" angle="30.99" x="125.08" y="33.10"/>
        <vehicle id="cfm-slow_3" eclass="HBEFA3/PC_G_EU4" CO2="23609.56" CO="511.21" HC="2.91" NOx="10.95" PMx="0.59" fuel="10.15" electricity="0.00" noise="123.09" route="routeright" type="cfm-slow" waiting="0.00" lane="right_0" pos="1.98" speed="5.58" angle="0.91" x="132.13" y="68.03"/>
        <vehicle id="cfm-slow_4" eclass="HBEFA3/PC_G_EU4" CO2="23643.80" CO="511.90" HC="2.91" NOx="10.97" PMx="0.59" fuel="10.16" electricity="0.00" noise="123.18" route="routeright" type="cfm-slow" waiting="0.00" lane="right_0" pos="18.65" speed="5.58" angle="330.87" x="120.81" y="101.62"/>
        <vehicle id="cfm-slow_5" eclass="HBEFA3/PC_G_EU4" CO2="24202.42" CO="523.06" HC="2.98" NOx="11.23" PMx="0.60" fuel="10.40" electricity="0.00" noise="124.57" route="routeright" type="cfm-slow" waiting="0.00" lane="right_0" pos="35.32" speed="5.61" angle="300.99" x="94.23" y="125.08"/>
    </timestep>
    <timestep time="0.34">
        <vehicle id="cfm-fast_0" eclass="HBEFA3/PC_G_EU4" CO2="30914.07" CO="653.96" HC="3.74" NOx="14.39" PMx="0.78" fuel="13.29" electricity="0.00" noise="137.06" route="routetop" type="cfm-fast" waiting="0.00" lane="top_0" pos="2.08" speed="6.18" angle="270.74" x="59.09" y="132.11"/>
        <vehicle id="cfm-fast_1" eclass="HBEFA3/PC_G_EU4" CO2="30914.07" CO="653.96" HC="3.74" NOx="14.39" PMx="0.78" fuel="13.29" electricity="0.00" noise="137.06" route="routetop" type="cfm-fast" waiting="0.00" lane="top_0" pos="18.75" speed="6.18" angle="240.69" x="25.54" y="120.69"/>
        <vehicle id="cfm-fast_2" eclass="HBEFA3/PC_G_EU4" CO2="30914.07" CO="653.96" HC="3.74" NOx="14.39" PMx="0.78" fuel="13.29" electricity="0.00" noise="137.06" route="routetop" type="cfm-fast" waiting="0.00" lane="top_0" pos="35.42" speed="6.18" angle="210.79" x="2.16" y="94.04"/>
        <vehicle id="cfm-fast_3" eclass="HBEFA3/PC_G_EU4" CO2="30914.00" CO="653.96" HC="3.74" NOx="14.39" PMx="0.78" fuel="13.29" electricity="0.00" noise="137.06" route="routeleft" type="cfm-fast" waiting="0.00" lane="left_0" pos="2.08" speed="6.18" angle="180.74" x="-4.78" y="59.09"/>
        <vehicle id="cfm-fast_4" eclass="HBEFA3/PC_G_EU4" CO2="30901.57" CO="653.70" HC="3.74" NOx="14.38" PMx="0.78" fuel="13.28" electricity="0.00" noise="137.03" route="routeleft" type="cfm-fast" waiting="0.00" lane="left_0" pos="18.75" speed="6.18" angle="150.71" x="6.63" y="25.53"/>
        <vehicle id="cfm-fast_5" eclass="HBEFA3/PC_G_EU4" CO2="30216.42" CO="639.75" HC="3.66" NOx="14.06" PMx="0.76" fuel="12.99" electricity="0.00" noise="135.30" route="routeleft" type="cfm-fast" waiting="0.00" lane="left_0" pos="35.41" speed="6.17" angle="120.79" x="33.28" y="2.15"/>
        <vehicle id="cfm-slow_0" eclass="HBEFA3/PC_G_EU4" CO2="23964.44" CO="516.63" HC="2.94" NOx="11.12" PMx="0.60" fuel="10.30" electricity="0.00" noise="122.56" route="routebottom" type="cfm-slow" waiting="0.00" lane="bottom_0" pos="2.04" speed="5.72" angle="90.81" x="68.15" y="-4.79"/>
        <vehicle id="cfm-slow_1" eclass="HBEFA3/PC_G_EU4" CO2="23964.44" CO="516.63" HC="2.94" NOx="11.12" PMx="0.60" fuel="10.30" electricity="0.00" noise="122.56" route="routebottom" type="cfm-slow" waiting="0.00" lane="bottom_0" pos="18.71" speed="5.72" angle="60.78" x="101.72" y="6.59"/>
        <vehicle id="cfm-slow_2" eclass="HBEFA3/PC_G_EU4" CO2="23964.51" CO="516.63" HC="2.94" NOx="11.12" PMx="0.60" fuel="10.30" electricity="0.00" noise="122.56" route="routebottom" type="cfm-slow" waiting="0.00" lane="bottom_0" pos="35.38" speed="5.72" angle="30.88" x="125.13" y="33.21"/>
        <vehicle id="cfm-slow_3" eclass="HBEFA3/PC_G_EU4" CO2="23966.38" CO="516.67" HC="2.94" NOx="11.12" PMx="0.60" fuel="10.30" electricity="0.00" noise="122.56" route="routeright" type="cfm-slow" waiting="0.00" lane="right_0" pos="2.04" speed="5.72" angle="0.81" x="132.12" y="68.15"/>
        <vehicle id="cfm-slow_4" eclass="HBEFA3/PC_G_EU4" CO2="24006.27" CO="517.47" HC="2.95" NOx="11.14" PMx="0.60" fuel="10.32" electricity="0.00" noise="122.66" route="routeright" type="cfm-slow" waiting="0.00" lane="right_0" pos="18.71" speed="5.73" angle="330.76" x="120.74" y="101.72"/>
        <vehicle id="cfm-slow_5" eclass="HBEFA3/PC_G_EU4" CO2="24625.78" CO="529.84" HC="3.02" NOx="11.43" PMx="0.61" fuel="10.59" electricity="0.00" noise="124.16" route="routeright" type="cfm-slow" waiting="0.00" lane="right_0" pos="35.38" speed="5.76" angle="300.89" x="94.12" y="125.13"/>
    </timestep>
    <timestep time="0.35">
        <vehicle id="cfm-fast_0" eclass="HBEFA3/PC_G_EU4" CO2="31465.03" CO="663.10" HC="3.79" NOx="14.64" PMx="0.79" fuel="13.53" electricity="0.00" noise="136.42" route="routetop" type="cfm-fast" waiting="0.00" lane="top_0" pos="2.15" speed="6.35" angle="270.63" x="58.96" y="132.11"/>
        <vehicle id="cfm-fast_1" eclass="HBEFA3/PC_G_EU4" CO2="31465.03" CO="663.10" HC="3.79" NOx="14.64" PMx="0.79" fuel="13.53" electricity="0.00" noise="136.42" route="routetop" type="cfm-fast" waiting="0.00" lane="top_0" pos="18.81" speed="6.35" angle="240.57" x="25.42" y="120.62"/>
        <vehicle id="cfm-fast_2" eclass="HBEFA3/PC_G_EU4" CO2="31465.02" CO="663.10" HC="3.79" NOx="14.64" PMx="0.79" fuel="13.53" electricity="0.00" noise="136.42" route="routetop" type="cfm-fast" waiting="0.00" lane="top_0" pos="35.48" speed="6.35" angle="210.68" x="2.09" y="93.92"/>
        <vehicle id="cfm-fast_3" eclass="HBEFA3/PC_G_EU4" CO2="31464.84" CO="663.09" HC="3.79" NOx="14.64" PMx="0.79" fuel="13.53" electricity="0.00" noise="136.42" route="routeleft" type="cfm-fast" waiting="0.00" lane="left_0" pos="2.15" speed="6.35" angle="180.63" x="-4.78" y="58.96"/>
        <vehicle id="cfm-fast_4" eclass="HBEFA3/PC_G_EU4" CO2="31445.71" CO="662.70" HC="3.79" NOx="14.63" PMx="0.79" fuel="13.52" electricity="0.00" noise="136.38" route="routeleft" type="cfm-fast" waiting="0.00" lane="left_0" pos="18.81" speed="6.35" angle="150.59" x="6.71" y="25.42"/>
        <vehicle id="cfm-fast_5" eclass="HBEFA3/PC_G_EU4" CO2="30686.83" CO="647.28" HC="3.70" NOx="14.27" PMx="0.77" fuel="13.19" electricity="0.00" noise="134.54" route="routeleft" type="cfm-fast" waiting="0.00" lane="left_0" pos="35.48" speed="6.34" angle="120.67" x="33.40" y="2.09"/>
        <vehicle id="cfm-slow_0" eclass="HBEFA3/PC_G_EU4" CO2="24307.91" CO="521.84" HC="2.97" NOx="11.28" PMx="0.60" fuel="10.45" electricity="0.00" noise="122.03" route="routebottom" type="cfm-slow" waiting="0.00" lane="bottom_0" pos="2.10" speed="5.87" angle="90.70" x="68.28" y="-4.78"/>
        <vehicle id="cfm-slow_1" eclass="HBEFA3/PC_G_EU4" CO2="24307.91" CO="521.84" HC="2.97" NOx="11.28" PMx="0.60" fuel="10.45" electricity="0.00" noise="122.03" route="routebottom" type="cfm-slow" waiting="0.00" lane="bottom_0" pos="18.77" speed="5.87" angle="60.67" x="101.83" y="6.66"/>
        <vehicle id="cfm-slow_2" eclass="HBEFA3/PC_G_EU4" CO2="24308.00" CO="521.84" HC="2.97" NOx="11.28" PMx="0.60" fuel="10.45" electricity="0.00" noise="122.03" route="routebottom" type="cfm-slow" waiting="0.00" lane="bottom_0" pos="35.43" speed="5.87" angle="30.78" x="125.19" y="33.32"/>
        <vehicle id="cfm-slow_3" eclass="HBEFA3/PC_G_EU4" CO2="24310.27" CO="521.89" HC="2.97" NOx="11.28" PMx="0.60" fuel="10.45" electricity="0.00" noise="122.04" route="routeright" type="cfm-slow" waiting="0.00" lane="right_0" pos="2.10" speed="5.87" angle="0.70" x="132.11" y="68.28"/>
        <vehicle id="cfm-slow_4" eclass="HBEFA3/PC_G_EU4" CO2="24356.41" CO="522.81" HC="2.98" NOx="11.30" PMx="0.61" fuel="10.47" electricity="0.00" noise="122.15" route="routeright" type="cfm-slow" waiting="0.00" lane="right_0" pos="18.77" speed="5.87" angle="330.65" x="120.67" y="101.82"/>
        <vehicle id="cfm-slow_5" eclass="HBEFA3/PC_G_EU4" CO2="25038.16" CO="536.43" HC="3.06" NOx="11.62" PMx="0.62" fuel="10.76" electricity="0.00" noise="123.76" route="routeright" type="cfm-slow" waiting="0.00" lane="right_0" pos="35.44" speed="5.90" angle="300.78" x="94.00" y="125.19"/>
    </timestep>
    <timestep time="0.36">
        <vehicle id="cfm-fast_0" eclass="HBEFA3/PC_G_EU4" CO2="31996.65" CO="671.88" HC="3.85" NOx="14.89" PMx="0.80" fuel="13.75" electricity="0.00" noise="135.79" route="routetop" type="cfm-fast" waiting="0.00" lane="top_0" pos="2.21" speed="6.53" angle="270.51" x="58.82" y="132.10"/>
        <vehicle id="cfm-fast_1" eclass="HBEFA3/PC_G_EU4" CO2="31996.65" CO="671.88" HC="3.85" NOx="14.89" PMx="0.80" fuel="13.75" electricity="0.00" noise="135.79" route="routetop" type="cfm-fast" waiting="0.00" lane="top_0" pos="18.88" speed="6.53" angle="240.44" x="25.31" y="120.54"/>
        <vehicle id="cfm-fast_2" eclass="HBEFA3/PC_G_EU4" CO2="31996.65" CO="671.88" HC="3.85" NOx="14.89" PMx="0.80" fuel="13.75" electricity="0.00" noise="135.79" route="routetop" type="cfm-fast" waiting="0.00" lane="top_0" pos="35.54" speed="6.53" angle="210.56" x="2.03" y="93.80"/>
        <vehicle id="cfm-fast_3" eclass="HBEFA3/PC_G_EU4" CO2="31996.29" CO="671.88" HC="3.85" NOx="14.89" PMx="0.80" fuel="13.75" electricity="0.00" noise="135.79" route="routeleft" type="cfm-fast" waiting="0.00" lane="left_0" pos="2.21" speed="6.53" angle="180.51" x="-4.77" y="58.82"/>
        <vehicle id="cfm-fast_4" eclass="HBEFA3/PC_G_EU4" CO2="31969.68" CO="671.33" HC="3.84" NOx="14.87" PMx="0.80" fuel="13.74" electricity="0.00" noise="135.72" route="routeleft" type="cfm-fast" waiting="0.00" lane="left_0" pos="18.88" speed="6.53" angle="150.47" x="6.79" y="25.30"/>
        <vehicle id="cfm-fast_5" eclass="HBEFA3/PC_G_EU4" CO2="31135.75" CO="654.42" HC="3.75" NOx="14.48" PMx="0.78" fuel="13.38" electricity="0.00" noise="133.79" route="routeleft" type="cfm-fast" waiting="0.00" lane="left_0" pos="35.54" speed="6.51" angle="120.55" x="33.53" y="2.03"/>
        <vehicle id="cfm-slow_0" eclass="HBEFA3/PC_G_EU4" CO2="24638.67" CO="526.82" HC="3.00" NOx="11.43" PMx="0.61" fuel="10.59" electricity="0.00" noise="121.51" route="routebottom" type="cfm-slow" waiting="0.00" lane="bottom_0" pos="2.16" speed="6.01" angle="90.60" x="68.40" y="-4.77"/>
        <vehicle id="cfm-slow_1" eclass="HBEFA3/PC_G_EU4" CO2="24638.67" CO="526.82" HC="3.00" NOx="11.43" PMx="0.61" fuel="10.59" electricity="0.00" noise="121.51" route="routebottom" type="cfm-slow" waiting="0.00" lane="bottom_0" pos="18.83" speed="6.01" angle="60.55" x="101.93" y="6.73"/>
        <vehicle id="cfm-slow_2" eclass="HBEFA3/PC_G_EU4" CO2="24638.78" CO="526.83" HC="3.00" NOx="11.43" PMx="0.61" fuel="10.59" electricity="0.00" noise="121.51" route="routebottom" type="cfm-slow" waiting="0.00" lane="bottom_0" pos="35.49" speed="6.01" angle="30.67" x="125.25" y="33.44"/>
        <vehicle id="cfm-slow_3" eclass="HBEFA3/PC_G_EU4" CO2="24641.51" CO="526.88" HC="3.01" NOx="11.43" PMx="0.61" fuel="10.59" electricity="0.00" noise="121.52" route="routeright" type="cfm-slow" waiting="0.00" lane="right_0" pos="2.16" speed="6.01" angle="0.60" x="132.10" y="68.40"/>
        <vehicle id="cfm-slow_4" eclass="HBEFA3/PC_G_EU4" CO2="24694.52" CO="527.95" HC="3.01" NOx="11.46" PMx="0.61" fuel="10.61" electricity="0.00" noise="121.65" route="routeright" type="cfm-slow" waiting="0.00" lane="right_0" pos="18.83" speed="6.02" angle="330.53" x="120.59" y="101.93"/>
        <vehicle id="cfm-slow_5" eclass="HBEFA3/PC_G_EU4" CO2="25439.75" CO="542.82" HC="3.10" NOx="11.81" PMx="0.63" fuel="10.94" electricity="0.00" noise="123.36" route="routeright" type="cfm-slow" waiting="0.00" lane="right_0" pos="35.50" speed="6.05" angle="300.67" x="93.89" y="125.25"/>
    </timestep>
    <timestep time="0.37">
        <vehicle id="cfm-fast_0" eclass="HBEFA3/PC_G_EU4" CO2="32509.38" CO="680.33" HC="3.90" NOx="15.12" PMx="0.82" fuel="13.97" electricity="0.00" noise="135.16" route="routetop" type="cfm-fast" waiting="0.00" lane="top_0" pos="2.28" speed="6.70" angle="270.39" x="58.67" y="132.09"/>
        <vehicle id="cfm-fast_1" eclass="HBEFA3/PC_G_EU4" CO2="32509.38" CO="680.33" HC="3.90" NOx="15.12" PMx="0.82" fuel="13.97" electricity="0.00" noise="135.16" route="routetop" type="cfm-fast" waiting="0.00" lane="top_0" pos="18.94" speed="6.70" angle="240.31" x="25.19" y="120.46"/>
        <vehicle id="cfm-fast_2" eclass="HBEFA3/PC_G_EU4" CO2="32509.38" CO="680.33" HC="3.90" NOx="15.12" PMx="0.82" fuel="13.97" electricity="0.00" noise="135.16" route="routetop" type="cfm-fast" waiting="0.00" lane="top_0" pos="35.61" speed="6.70" angle="210.43" x="1.97" y="93.67"/>
        <vehicle id="cfm-fast_3" eclass="HBEFA3/PC_G_EU4" CO2="32508.76" CO="680.32" HC="3.90" NOx="15.12" PMx="0.82" fuel="13.97" electricity="0.00" noise="135.16" route="routeleft" type="cfm-fast" waiting="0.00" lane="left_0" pos="2.28" speed="6.70" angle="180.39" x="-4.76" y="58.67"/>
        <vehicle id="cfm-fast_4" eclass="HBEFA3/PC_G_EU4" CO2="32473.87" CO="679.60" HC="3.90" NOx="15.11" PMx="0.81" fuel="13.96" electricity="0.00" noise="135.08" route="routeleft" type="cfm-fast" waiting="0.00" lane="left_0" pos="18.94" speed="6.70" angle="150.34" x="6.87" y="25.18"/>
        <vehicle id="cfm-fast_5" eclass="HBEFA3/PC_G_EU4" CO2="31563.75" CO="661.17" HC="3.79" NOx="14.68" PMx="0.79" fuel="13.57" electricity="0.00" noise="133.05" route="routeleft" type="cfm-fast" waiting="0.00" lane="left_0" pos="35.61" speed="6.68" angle="120.43" x="33.66" y="1.97"/>
        <vehicle id="cfm-slow_0" eclass="HBEFA3/PC_G_EU4" CO2="24957.01" CO="531.59" HC="3.03" NOx="11.58" PMx="0.62" fuel="10.73" electricity="0.00" noise="121.00" route="routebottom" type="cfm-slow" waiting="0.00" lane="bottom_0" pos="2.22" speed="6.16" angle="90.49" x="68.54" y="-4.77"/>
        <vehicle id="cfm-slow_1" eclass="HBEFA3/PC_G_EU4" CO2="24957.02" CO="531.59" HC="3.03" NOx="11.58" PMx="0.62" fuel="10.73" electricity="0.00" noise="121.00" route="routebottom" type="cfm-slow" waiting="0.00" lane="bottom_0" pos="18.89" speed="6.16" angle="60.44" x="102.04" y="6.80"/>
        <vehicle id="cfm-slow_2" eclass="HBEFA3/PC_G_EU4" CO2="24957.15" CO="531.59" HC="3.03" NOx="11.58" PMx="0.62" fuel="10.73" electricity="0.00" noise="121.00" route="routebottom" type="cfm-slow" waiting="0.00" lane="bottom_0" pos="35.56" speed="6.16" angle="30.56" x="125.31" y="33.55"/>
        <vehicle id="cfm-slow_3" eclass="HBEFA3/PC_G_EU4" CO2="24960.41" CO="531.65" HC="3.03" NOx="11.58" PMx="0.62" fuel="10.73" electricity="0.00" noise="121.01" route="routeright" type="cfm-slow" waiting="0.00" lane="right_0" pos="2.22" speed="6.16" angle="0.49" x="132.10" y="68.54"/>
        <vehicle id="cfm-slow_4" eclass="HBEFA3/PC_G_EU4" CO2="25020.90" CO="532.87" HC="3.04" NOx="11.61" PMx="0.62" fuel="10.76" electricity="0.00" noise="121.15" route="routeright" type="cfm-slow" waiting="0.00" lane="right_0" pos="18.89" speed="6.16" angle="330.41" x="120.52" y="102.04"/>
        <vehicle id="cfm-slow_5" eclass="HBEFA3/PC_G_EU4" CO2="25830.74" CO="549.03" HC="3.14" NOx="11.99" PMx="0.64" fuel="11.10" electricity="0.00" noise="122.96" route="routeright" type="cfm-slow" waiting="0.00" lane="right_0" pos="35.56" speed="6.20" angle="300.56" x="93.77" y="125.31"/>
    </timestep>
    <timestep time="0.38">
        <vehicle id="cfm-fast_0" eclass="HBEFA3/PC_G_EU4" CO2="33003.64" CO="688.44" HC="3.95" NOx="15.35" PMx="0.83" fuel="14.19" electricity="0.00" noise="134.54" route="routetop" type="cfm-fast" waiting="0.00" lane="top_0" pos="2.35" speed="6.88" angle="270.26" x="58.53" y="132.08"/>
        <vehicle id="cfm-fast_1" eclass="HBEFA3/PC_G_EU4" CO2="33003.64" CO="688.44" HC="3.95" NOx="15.35" PMx="0.83" fuel="14.19" electricity="0.00" noise="134.54" route="routetop" type="cfm-fast" waiting="0.00" lane="top_0" pos="19.01" speed="6.88" angle="240.18" x="25.06" y="120.38"/>
        <vehicle id="cfm-fast_2" eclass="HBEFA3/PC_G_EU4" CO2="33003.63" CO="688.43" HC="3.95" NOx="15.35" PMx="0.83" fuel="14.19" electricity="0.00" noise="134.54" route="routetop" type="cfm-fast" waiting="0.00" lane="top_0" pos="35.68" speed="6.88" angle="210.31" x="1.90" y="93.54"/>
        <vehicle id="cfm-fast_3" eclass="HBEFA3/PC_G_EU4" CO2="33002.67" CO="688.42" HC="3.95" NOx="15.35" PMx="0.83" fuel="14.19" electricity="0.00" noise="134.54" route="routeleft" type="cfm-fast" waiting="0.00" lane="left_0" pos="2.35" speed="6.88" angle="180.26" x="-4.75" y="58.53"/>
        <vehicle id="cfm-fast_4" eclass="HBEFA3/PC_G_EU4" CO2="32958.71" CO="687.52" HC="3.94" NOx="15.33" PMx="0.83" fuel="14.17" electricity="0.00" noise="134.44" route="routeleft" type="cfm-fast" waiting="0.00" lane="left_0" pos="19.01" speed="6.88" angle="150.21" x="6.95" y="25.06"/>
        <vehicle id="cfm-fast_5" eclass="HBEFA3/PC_G_EU4" CO2="31971.38" CO="667.55" HC="3.83" NOx="14.87" PMx="0.80" fuel="13.74" electricity="0.00" noise="132.32" route="routeleft" type="cfm-fast" waiting="0.00" lane="left_0" pos="35.68" speed="6.85" angle="120.30" x="33.79" y="1.90"/>
        <vehicle id="cfm-slow_0" eclass="HBEFA3/PC_G_EU4" CO2="25263.22" CO="536.13" HC="3.06" NOx="11.72" PMx="0.63" fuel="10.86" electricity="0.00" noise="120.49" route="routebottom" type="cfm-slow" waiting="0.00" lane="bottom_0" pos="2.29" speed="6.30" angle="90.37" x="68.67" y="-4.76"/>
        <vehicle id="cfm-slow_1" eclass="HBEFA3/PC_G_EU4" CO2="25263.23" CO="536.13" HC="3.06" NOx="11.72" PMx="0.63" fuel="10.86" electricity="0.00" noise="120.49" route="routebottom" type="cfm-slow" waiting="0.00" lane="bottom_0" pos="18.95" speed="6.30" angle="60.32" x="102.16" y="6.88"/>
        <vehicle id="cfm-slow_2" eclass="HBEFA3/PC_G_EU4" CO2="25263.40" CO="536.13" HC="3.06" NOx="11.72" PMx="0.63" fuel="10.86" electricity="0.00" noise="120.49" route="routebottom" type="cfm-slow" waiting="0.00" lane="bottom_0" pos="35.62" speed="6.30" angle="30.44" x="125.37" y="33.68"/>
        <vehicle id="cfm-slow_3" eclass="HBEFA3/PC_G_EU4" CO2="25267.25" CO="536.21" HC="3.06" NOx="11.72" PMx="0.63" fuel="10.86" electricity="0.00" noise="120.50" route="routeright" type="cfm-slow" waiting="0.00" lane="right_0" pos="2.29" speed="6.30" angle="0.37" x="132.09" y="68.67"/>
        <vehicle id="cfm-slow_4" eclass="HBEFA3/PC_G_EU4" CO2="25335.86" CO="537.59" HC="3.07" NOx="11.75" PMx="0.63" fuel="10.89" electricity="0.00" noise="120.65" route="routeright" type="cfm-slow" waiting="0.00" lane="right_0" pos="18.95" speed="6.30" angle="330.29" x="120.45" y="102.15"/>
        <vehicle id="cfm-slow_5" eclass="HBEFA3/PC_G_EU4" CO2="26211.28" CO="555.05" HC="3.17" NOx="12.16" PMx="0.65" fuel="11.27" electricity="0.00" noise="122.56" route="routeright" type="cfm-slow" waiting="0.00" lane="right_0" pos="35.62" speed="6.34" angle="300.44" x="93.65" y="125.37"/>
    </timestep>
    <timestep time="0.39">
        <vehicle id="cfm-fast_0" eclass="HBEFA3/PC_G_EU4" CO2="33479.85" CO="696.21" HC="4.00" NOx="15.57" PMx="0.84" fuel="14.39" electricity="0.00" noise="133.92" route="routetop" type="cfm-fast" waiting="0.00" lane="top_0" pos="2.42" speed="7.05" angle="270.14" x="58.37" y="132.07"/>
        <vehicle id="cfm-fast_1" eclass="HBEFA3/PC_G_EU4" CO2="33479.85" CO="696.21" HC="4.00" NOx="15.57" PMx="0.84" fuel="14.39" electricity="0.00" noise="133.92" route="routetop" type="cfm-fast" waiting="0.00" lane="top_0" pos="19.08" speed="7.05" angle="240.04" x="24.94" y="120.29"/>
        <vehicle id="cfm-fast_2" eclass="HBEFA3/PC_G_EU4" CO2="33479.83" CO="696.21" HC="4.00" NOx="15.57" PMx="0.84" fuel="14.39" electricity="0.00" noise="133.92" route="routetop" type="cfm-fast" waiting="0.00" lane="top_0" pos="35.75" speed="7.05" angle="210.18" x="1.83" y="93.40"/>
        <vehicle id="cfm-fast_3" eclass="HBEFA3/PC_G_EU4" CO2="33478.44" CO="696.19" HC="4.00" NOx="15.57" PMx="0.84" fuel="14.39" electricity="0.00" noise="133.92" route="routeleft" type="cfm-fast" waiting="0.00" lane="left_0" pos="2.42" speed="7.05" angle="180.14" x="-4.74" y="58.37"/>
        <vehicle id="cfm-fast_4" eclass="HBEFA3/PC_G_EU4" CO2="33424.60" CO="695.09" HC="3.99" NOx="15.55" PMx="0.84" fuel="14.37" electricity="0.00" noise="133.80" route="routeleft" type="cfm-fast" waiting="0.00" lane="left_0" pos="19.08" speed="7.05" angle="150.08" x="7.03" y="24.93"/>
        <vehicle id="cfm-fast_5" eclass="HBEFA3/PC_G_EU4" CO2="32359.20" CO="673.57" HC="3.86" NOx="15.05" PMx="0.81" fuel="13.91" electricity="0.00" noise="131.59" route="routeleft" type="cfm-fast" waiting="0.00" lane="left_0" pos="35.75" speed="7.01" angle="120.17" x="33.93" y="1.83"/>
        <vehicle id="cfm-slow_0" eclass="HBEFA3/PC_G_EU4" CO2="25557.58" CO="540.47" HC="3.09" NOx="11.85" PMx="0.64" fuel="10.99" electricity="0.00" noise="119.98" route="routebottom" type="cfm-slow" waiting="0.00" lane="bottom_0" pos="2.35" speed="6.44" angle="90.26" x="68.81" y="-4.75"/>
        <vehicle id="cfm-slow_1" eclass="HBEFA3/PC_G_EU4" CO2="25557.58" CO="540.47" HC="3.09" NOx="11.85" PMx="0.64" fuel="10.99" electricity="0.00" noise="119.98" route="routebottom" type="cfm-slow" waiting="0.00" lane="bottom_0" pos="19.02" speed="6.44" angle="60.20" x="102.27" y="6.96"/>
        <vehicle id="cfm-slow_2" eclass="HBEFA3/PC_G_EU4" CO2="25557.79" CO="540.47" HC="3.09" NOx="11.85" PMx="0.64" fuel="10.99" electricity="0.00" noise="119.98" route="routebottom" type="cfm-slow" waiting="0.00" lane="bottom_0" pos="35.68" speed="6.44" angle="30.33" x="125.43" y="33.80"/>
        <vehicle id="cfm-slow_3" eclass="HBEFA3/PC_G_EU4" CO2="25562.32" CO="540.56" HC="3.09" NOx="11.85" PMx="0.64" fuel="10.99" electricity="0.00" noise="119.99" route="routeright" type="cfm-slow" waiting="0.00" lane="right_0" pos="2.35" speed="6.44" angle="0.26" x="132.08" y="68.81"/>
        <vehicle id="cfm-slow_4" eclass="HBEFA3/PC_G_EU4" CO2="25639.68" CO="542.12" HC="3.10" NOx="11.89" PMx="0.64" fuel="11.02" electricity="0.00" noise="120.17" route="routeright" type="cfm-slow" waiting="0.00" lane="right_0" pos="19.02" speed="6.44" angle="330.16" x="120.37" y="102.27"/>
        <vehicle id="cfm-slow_5" eclass="HBEFA3/PC_G_EU4" CO2="26581.58" CO="560.90" HC="3.21" NOx="12.33" PMx="0.66" fuel="11.43" electricity="0.00" noise="122.17" route="routeright" type="cfm-slow" waiting="0.00" lane="right_0" pos="35.69" speed="6.49" angle="300.33" x="93.52" y="125.43"/>
    </timestep>
    <timestep time="0.40">
        <vehicle id="cfm-fast_0" eclass="HBEFA3/PC_G_EU4" CO2="33938.41" CO="703.67" HC="4.04" NOx="15.79" PMx="0.85" fuel="14.59" electricity="0.00" noise="133.31" route="routetop" type="cfm-fast" waiting="0.00" lane="top_0" pos="2.49" speed="7.22" angle="270.01" x="58.22" y="132.06"/>
        <vehicle id="cfm-fast_1" eclass="HBEFA3/PC_G_EU4" CO2="33938.41" CO="703.67" HC="4.04" NOx="15.79" PMx="0.85" fuel="14.59" electricity="0.00" noise="133.31" route="routetop" type="cfm-fast" waiting="0.00" lane="top_0" pos="19.16" speed="7.22" angle="239.94" x="24.81" y="120.21"/>
        <vehicle id="cfm-fast_2" eclass="HBEFA3/PC_G_EU4" CO2="33938.38" CO="703.67" HC="4.04" NOx="15.79" PMx="0.85" fuel="14.59" electricity="0.00" noise="133.31" route="routetop" type="cfm-fast" waiting="0.00" lane="top_0" pos="35.82" speed="7.22" angle="210.06" x="1.76" y="93.26"/>
        <vehicle id="cfm-fast_3" eclass="HBEFA3/PC_G_EU4" CO2="33936.47" CO="703.63" HC="4.04" NOx="15.78" PMx="0.85" fuel="14.59" electricity="0.00" noise="133.30" route="routeleft" type="cfm-fast" waiting="0.00" lane="left_0" pos="2.49" speed="7.22" angle="180.01" x="-4.73" y="58.22"/>
        <vehicle id="cfm-fast_4" eclass="HBEFA3/PC_G_EU4" CO2="33871.93" CO="702.32" HC="4.03" NOx="15.75" PMx="0.85" fuel="14.56" electricity="0.00" noise="133.17" route="routeleft" type="cfm-fast" waiting="0.00" lane="left_0" pos="19.16" speed="7.22" angle="149.98" x="7.12" y="24.80"/>
        <vehicle id="cfm-fast_5" eclass="HBEFA3/PC_G_EU4" CO2="32727.74" CO="679.23" HC="3.90" NOx="15.22" PMx="0.82" fuel="14.07" electricity="0.00" noise="130.87" route="routeleft" type="cfm-fast" waiting="0.00" lane="left_0" pos="35.82" speed="7.18" angle="120.06" x="34.06" y="1.76"/>
        <vehicle id="cfm-slow_0" eclass="HBEFA3/PC_G_EU4" CO2="25840.34" CO="544.59" HC="3.12" NOx="11.98" PMx="0.64" fuel="11.11" electricity="0.00" noise="119.48" route="routebottom" type="cfm-slow" waiting="0.00" lane="bottom_0" pos="2.42" speed="6.57" angle="90.14" x="68.95" y="-4.74"/>
        <vehicle id="cfm-slow_1" eclass="HBEFA3/PC_G_EU4" CO2="25840.35" CO="544.59" HC="3.12" NOx="11.98" PMx="0.64" fuel="11.11" electricity="0.00" noise="119.48" route="routebottom" type="cfm-slow" waiting="0.00" lane="bottom_0" pos="19.08" speed="6.57" angle="60.08" x="102.39" y="7.03"/>
        <vehicle id="cfm-slow_2" eclass="HBEFA3/PC_G_EU4" CO2="25840.60" CO="544.60" HC="3.12" NOx="11.98" PMx="0.64" fuel="11.11" electricity="0.00" noise="119.48" route="routebottom" type="cfm-slow" waiting="0.00" lane="bottom_0" pos="35.75" speed="6.57" angle="30.21" x="125.50" y="33.93"/>
        <vehicle id="cfm-slow_3" eclass="HBEFA3/PC_G_EU4" CO2="25845.90" CO="544.70" HC="3.12" NOx="11.98" PMx="0.64" fuel="11.11" electricity="0.00" noise="119.49" route="routeright" type="cfm-slow" waiting="0.00" lane="right_0" pos="2.42" speed="6.58" angle="0.14" x="132.07" y="68.95"/>
        <vehicle id="cfm-slow_4" eclass="HBEFA3/PC_G_EU4" CO2="25932.66" CO="546.45" HC="3.13" NOx="12.02" PMx="0.64" fuel="11.15" electricity="0.00" noise="119.69" route="routeright" type="cfm-slow" waiting="0.00" lane="right_0" pos="19.08" speed="6.58" angle="330.04" x="120.29" y="102.39"/>
        <vehicle id="cfm-slow_5" eclass="HBEFA3/PC_G_EU4" CO2="26941.79" CO="566.56" HC="3.24" NOx="12.50" PMx="0.67" fuel="11.58" electricity="0.00" noise="121.78" route="routeright" type="cfm-slow" waiting="0.00" lane="right_0" pos="35.75" speed="6.63" angle="300.21" x="93.39" y="125.50"/>
    </timestep>
    <timestep time="0.41">
        <vehicle id="cfm-fast_0" eclass="HBEFA3/PC_G_EU4" CO2="34379.73" CO="710.82" HC="4.08" NOx="15.99" PMx="0.86" fuel="14.78" electricity="0.00" noise="132.70" route="routetop" type="cfm-fast" waiting="0.00" lane="top_0" pos="2.56" speed="7.38" angle="269.90" x="58.06" y="132.05"/>
        <vehicle id="cfm-fast_1" eclass="HBEFA3/PC_G_EU4" CO2="34379.73" CO="710.82" HC="4.08" NOx="15.99" PMx="0.86" fuel="14.78" electricity="0.00" noise="132.70" route="routetop" type="cfm-fast" waiting="0.00" lane="top_0" pos="19.23" speed="7.38" angle="239.83" x="24.68" y="120.12"/>
        <vehicle id="cfm-fast_2" eclass="HBEFA3/PC_G_EU4" CO2="34379.68" CO="710.81" HC="4.08" NOx="15.99" PMx="0.86" fuel="14.78" electricity="0.00" noise="132.70" route="routetop" type="cfm-fast" waiting="0.00" lane="top_0" pos="35.90" speed="7.38" angle="209.95" x="1.69" y="93.12"/>
        <vehicle id="cfm-fast_3" eclass="HBEFA3/PC_G_EU4" CO2="34377.14" CO="710.76" HC="4.08" NOx="15.99" PMx="0.86" fuel="14.78" electricity="0.00" noise="132.70" route="routeleft" type="cfm-fast" waiting="0.00" lane="left_0" pos="2.56" speed="7.38" angle="179.90" x="-4.72" y="58.06"/>
        <vehicle id="cfm-fast_4" eclass="HBEFA3/PC_G_EU4" CO2="34301.10" CO="709.22" HC="4.08" NOx="15.95" PMx="0.86" fuel="14.74" electricity="0.00" noise="132.54" route="routeleft" type="cfm-fast" waiting="0.00" lane="left_0" pos="19.23" speed="7.38" angle="149.87" x="7.21" y="24.67"/>
        <vehicle id="cfm-fast_5" eclass="HBEFA3/PC_G_EU4" CO2="33077.53" CO="684.55" HC="3.93" NOx="15.38" PMx="0.83" fuel="14.22" electricity="0.00" noise="130.16" route="routeleft" type="cfm-fast" waiting="0.00" lane="left_0" pos="35.89" speed="7.34" angle="119.95" x="34.20" y="1.69"/>
        <vehicle id="cfm-slow_0" eclass="HBEFA3/PC_G_EU4" CO2="26111.79" CO="548.52" HC="3.14" NOx="12.11" PMx="0.65" fuel="11.22" electricity="0.00" noise="118.99" route="routebottom" type="cfm-slow" waiting="0.00" lane="bottom_0" pos="2.48" speed="6.71" angle="90.02" x="69.10" y="-4.73"/>
        <vehicle id="cfm-slow_1" eclass="HBEFA3/PC_G_EU4" CO2="26111.81" CO="548.52" HC="3.14" NOx="12.11" PMx="0.65" fuel="11.22" electricity="0.00" noise="118.99" route="routebottom" type="cfm-slow" waiting="0.00" lane="bottom_0" pos="19.15" speed="6.71" angle="59.98" x="102.51" y="7.11"/>
        <vehicle id="cfm-slow_2" eclass="HBEFA3/PC_G_EU4" CO2="26112.11" CO="548.52" HC="3.14" NOx="12.11" PMx="0.65" fuel="11.22" electricity="0.00" noise="118.99" route="routebottom" type="cfm-slow" waiting="0.00" lane="bottom_0" pos="35.82" speed="6.71" angle="30.10" x="125.56" y="34.05"/>
        <vehicle id="cfm-slow_3" eclass="HBEFA3/PC_G_EU4" CO2="26118.27" CO="548.65" HC="3.14" NOx="12.11" PMx="0.65" fuel="11.23" electricity="0.00" noise="119.00" route="routeright" type="cfm-slow" waiting="0.00" lane="right_0" pos="2.48" speed="6.71" angle="0.02" x="132.06" y="69.10"/>
        <vehicle id="cfm-slow_4" eclass="HBEFA3/PC_G_EU4" CO2="26215.06" CO="550.59" HC="3.15" NOx="12.15" PMx="0.65" fuel="11.27" electricity="0.00" noise="119.21" route="routeright" type="cfm-slow" waiting="0.00" lane="right_0" pos="19.15" speed="6.72" angle="329.94" x="120.21" y="102.51"/>
        <vehicle id="cfm-slow_5" eclass="HBEFA3/PC_G_EU4" CO2="27292.09" CO="572.05" HC="3.28" NOx="12.66" PMx="0.68" fuel="11.73" electricity="0.00" noise="121.39" route="routeright" type="cfm-slow" waiting="0.00" lane="right_0" pos="35.82" speed="6.78" angle="300.10" x="93.26" y="125.56"/>
    </timestep>
    <timestep time="0.42">
        <vehicle id="cfm-fast_0" eclass="HBEFA3/PC_G_EU4" CO2="34804.20" CO="717.65" HC="4.13" NOx="16.19" PMx="0.87" fuel="14.96" electricity="0.00" noise="132.10" route="routetop" type="cfm-fast" waiting="0.00" lane="top_0" pos="2.64" speed="7.55" angle="269.76" x="57.90" y="132.03"/>
        <vehicle id="cfm-fast_1" eclass="HBEFA3/PC_G_EU4" CO2="34804.20" CO="717.65" HC="4.13" NOx="16.19" PMx="0.87" fuel="14.96" electricity="0.00" noise="132.10" route="routetop" type="cfm-fast" waiting="0.00" lane="top_0" pos="19.31" speed="7.55" angle="239.70" x="24.54" y="120.02"/>
        <vehicle id="cfm-fast_2" eclass="HBEFA3/PC_G_EU4" CO2="34804.12" CO="717.65" HC="4.13" NOx="16.19" PMx="0.87" fuel="14.96" electricity="0.00" noise="132.10" route="routetop" type="cfm-fast" waiting="0.00" lane="top_0" pos="35.97" speed="7.55" angle="209.82" x="1.63" y="92.97"/>
        <vehicle id="cfm-fast_3" eclass="HBEFA3/PC_G_EU4" CO2="34800.85" CO="717.59" HC="4.13" NOx="16.18" PMx="0.87" fuel="14.96" electricity="0.00" noise="132.10" route="routeleft" type="cfm-fast" waiting="0.00" lane="left_0" pos="2.64" speed="7.55" angle="179.76" x="-4.70" y="57.90"/>
        <vehicle id="cfm-fast_4" eclass="HBEFA3/PC_G_EU4" CO2="34712.48" CO="715.79" HC="4.12" NOx="16.14" PMx="0.87" fuel="14.92" electricity="0.00" noise="131.92" route="routeleft" type="cfm-fast" waiting="0.00" lane="left_0" pos="19.30" speed="7.55" angle="149.73" x="7.30" y="24.54"/>
        <vehicle id="cfm-fast_5" eclass="HBEFA3/PC_G_EU4" CO2="33409.06" CO="689.54" HC="3.96" NOx="15.53" PMx="0.84" fuel="14.36" electricity="0.00" noise="129.46" route="routeleft" type="cfm-fast" waiting="0.00" lane="left_0" pos="35.97" speed="7.50" angle="119.82" x="34.35" y="1.62"/>
        <vehicle id="cfm-slow_0" eclass="HBEFA3/PC_G_EU4" CO2="26372.19" CO="552.25" HC="3.16" NOx="12.22" PMx="0.65" fuel="11.34" electricity="0.00" noise="118.49" route="routebottom" type="cfm-slow" waiting="0.00" lane="bottom_0" pos="2.55" speed="6.85" angle="89.92" x="69.24" y="-4.72"/>
        <vehicle id="cfm-slow_1" eclass="HBEFA3/PC_G_EU4" CO2="26372.20" CO="552.25" HC="3.16" NOx="12.22" PMx="0.65" fuel="11.34" electricity="0.00" noise="118.49" route="routebottom" type="cfm-slow" waiting="0.00" lane="bottom_0" pos="19.22" speed="6.85" angle="59.88" x="102.63" y="7.20"/>
        <vehicle id="cfm-slow_2" eclass="HBEFA3/PC_G_EU4" CO2="26372.56" CO="552.25" HC="3.16" NOx="12.22" PMx="0.65" fuel="11.34" electricity="0.00" noise="118.49" route="routebottom" type="cfm-slow" waiting="0.00" lane="bottom_0" pos="35.88" speed="6.85" angle="30.01" x="125.63" y="34.19"/>
        <vehicle id="cfm-slow_3" eclass="HBEFA3/PC_G_EU4" CO2="26379.68" CO="552.40" HC="3.16" NOx="12.23" PMx="0.66" fuel="11.34" electricity="0.00" noise="118.51" route="routeright" type="cfm-slow" waiting="0.00" lane="right_0" pos="2.55" speed="6.85" angle="359.92" x="132.05" y="69.24"/>
        <vehicle id="cfm-slow_4" eclass="HBEFA3/PC_G_EU4" CO2="26487.15" CO="554.56" HC="3.18" NOx="12.28" PMx="0.66" fuel="11.39" electricity="0.00" noise="118.74" route="routeright" type="cfm-slow" waiting="0.00" lane="right_0" pos="19.22" speed="6.85" angle="329.84" x="120.13" y="102.63"/>
        <vehicle id="cfm-slow_5" eclass="HBEFA3/PC_G_EU4" CO2="27632.65" CO="577.37" HC="3.31" NOx="12.82" PMx="0.69" fuel="11.88" electricity="0.00" noise="121.00" route="routeright" type="cfm-slow" waiting="0.00" lane="right_0" pos="35.89" speed="6.92" angle="300.00" x="93.13" y="125.63"/>
    </timestep>
    <timestep time="0.43">
        <vehicle id="cfm-fast_0" eclass="HBEFA3/PC_G_EU4" CO2="35212.21" CO="724.19" HC="4.17" NOx="16.37" PMx="0.88" fuel="15.14" electricity="0.00" noise="131.51" route="routetop" type="cfm-fast" waiting="0.00" lane="top_0" pos="2.72" speed="7.72" angle="269.62" x="57.73" y="132.02"/>
        <vehicle id="cfm-fast_1" eclass="HBEFA3/PC_G_EU4" CO2="35212.21" CO="724.19" HC="4.17" NOx="16.37" PMx="0.88" fuel="15.14" electricity="0.00" noise="131.51" route="routetop" type="cfm-fast" waiting="0.00" lane="top_0" pos="19.38" speed="7.72" angle="239.56" x="24.41" y="119.92"/>
        <vehicle id="cfm-fast_2" eclass="HBEFA3/PC_G_EU4" CO2="35212.10" CO="724.19" HC="4.17" NOx="16.37" PMx="0.88" fuel="15.14" electricity="0.00" noise="131.51" route="routetop" type="cfm-fast" waiting="0.00" lane="top_0" pos="36.05" speed="7.72" angle="209.68" x="1.56" y="92.82"/>
        <vehicle id="cfm-fast_3" eclass="HBEFA3/PC_G_EU4" CO2="35207.96" CO="724.11" HC="4.17" NOx="16.37" PMx="0.88" fuel="15.13" electricity="0.00" noise="131.50" route="routeleft" type="cfm-fast" waiting="0.00" lane="left_0" pos="2.72" speed="7.72" angle="179.62" x="-4.69" y="57.73"/>
        <vehicle id="cfm-fast_4" eclass="HBEFA3/PC_G_EU4" CO2="35106.46" CO="722.05" HC="4.15" NOx="16.32" PMx="0.88" fuel="15.09" electricity="0.00" noise="131.30" route="routeleft" type="cfm-fast" waiting="0.00" lane="left_0" pos="19.38" speed="7.71" angle="149.59" x="7.40" y="24.41"/>
        <vehicle id="cfm-fast_5" eclass="HBEFA3/PC_G_EU4" CO2="33722.84" CO="694.20" HC="3.99" NOx="15.67" PMx="0.84" fuel="14.50" electricity="0.00" noise="128.76" route="routeleft" type="cfm-fast" waiting="0.00" lane="left_0" pos="36.05" speed="7.66" angle="119.68" x="34.50" y="1.56"/>
        <vehicle id="cfm-slow_0" eclass="HBEFA3/PC_G_EU4" CO2="26621.78" CO="555.78" HC="3.19" NOx="12.34" PMx="0.66" fuel="11.44" electricity="0.00" noise="118.01" route="routebottom" type="cfm-slow" waiting="0.00" lane="bottom_0" pos="2.62" speed="6.98" angle="89.79" x="69.39" y="-4.71"/>
        <vehicle id="cfm-slow_1" eclass="HBEFA3/PC_G_EU4" CO2="26621.80" CO="555.78" HC="3.19" NOx="12.34" PMx="0.66" fuel="11.44" electricity="0.00" noise="118.01" route="routebottom" type="cfm-slow" waiting="0.00" lane="bottom_0" pos="19.29" speed="6.98" angle="59.76" x="102.76" y="7.28"/>
        <vehicle id="cfm-slow_2" eclass="HBEFA3/PC_G_EU4" CO2="26622.23" CO="555.79" HC="3.19" NOx="12.34" PMx="0.66" fuel="11.44" electricity="0.00" noise="118.01" route="routebottom" type="cfm-slow" waiting="0.00" lane="bottom_0" pos="35.95" speed="6.98" angle="29.89" x="125.69" y="34.32"/>
        <vehicle id="cfm-slow_3" eclass="HBEFA3/PC_G_EU4" CO2="26630.40" CO="555.96" HC="3.19" NOx="12.34" PMx="0.66" fuel="11.45" electricity="0.00" noise="118.03" route="routeright" type="cfm-slow" waiting="0.00" lane="right_0" pos="2.62" speed="6.98" angle="359.79" x="132.04" y="69.39"/>
        <vehicle id="cfm-slow_4" eclass="HBEFA3/PC_G_EU4" CO2="26749.20" CO="558.34" HC="3.20" NOx="12.40" PMx="0.66" fuel="11.50" electricity="0.00" noise="118.27" route="routeright" type="cfm-slow" waiting="0.00" lane="right_0" pos="19.29" speed="6.99" angle="329.72" x="120.04" y="102.75"/>
        <vehicle id="cfm-slow_5" eclass="HBEFA3/PC_G_EU4" CO2="27963.63" CO="582.52" HC="3.34" NOx="12.97" PMx="0.70" fuel="12.02" electricity="0.00" noise="120.62" route="routeright" type="cfm-slow" waiting="0.00" lane="right_0" pos="35.96" speed="7.06" angle="299.88" x="92.99" y="125.69"/>
    </timestep>
    <timestep time="0.44">
        <vehicle id="cfm-fast_0" eclass="HBEFA3/PC_G_EU4" CO2="35604.13" CO="730.44" HC="4.20" NOx="16.55" PMx="0.89" fuel="15.30" electricity="0.00" noise="130.92" route="routetop" type="cfm-fast" waiting="0.00" lane="top_0" pos="2.79" speed="7.88" angle="269.48" x="57.57" y="132.00"/>
        <vehicle id="cfm-fast_1" eclass="HBEFA3/PC_G_EU4" CO2="35604.13" CO="730.44" HC="4.20" NOx="16.55" PMx="0.89" fuel="15.30" electricity="0.00" noise="130.92" route="routetop" type="cfm-fast" waiting="0.00" lane="top_0" pos="19.46" speed="7.88" angle="239.41" x="24.27" y="119.83"/>
        <vehicle id="cfm-fast_2" eclass="HBEFA3/PC_G_EU4" CO2="35603.98" CO="730.44" HC="4.20" NOx="16.55" PMx="0.89" fuel="15.30" electricity="0.00" noise="130.92" route="routetop" type="cfm-fast" waiting="0.00" lane="top_0" pos="36.13" speed="7.88" angle="209.53" x="1.49" y="92.67"/>
        <vehicle id="cfm-fast_3" eclass="HBEFA3/PC_G_EU4" CO2="35598.85" CO="730.33" HC="4.20" NOx="16.55" PMx="0.89" fuel="15.30" electricity="0.00" noise="130.91" route="routeleft" type="cfm-fast" waiting="0.00" lane="left_0" pos="2.79" speed="7.88" angle="179.48" x="-4.67" y="57.57"/>
        <vehicle id="cfm-fast_4" eclass="HBEFA3/PC_G_EU4" CO2="35483.42" CO="727.99" HC="4.19" NOx="16.50" PMx="0.89" fuel="15.25" electricity="0.00" noise="130.69" route="routeleft" type="cfm-fast" waiting="0.00" lane="left_0" pos="19.46" speed="7.88" angle="149.44" x="7.50" y="24.27"/>
        <vehicle id="cfm-fast_5" eclass="HBEFA3/PC_G_EU4" CO2="34019.36" CO="698.54" HC="4.02" NOx="15.81" PMx="0.85" fuel="14.62" electricity="0.00" noise="128.07" route="routeleft" type="cfm-fast" waiting="0.00" lane="left_0" pos="36.12" speed="7.81" angle="119.53" x="34.65" y="1.49"/>
        <vehicle id="cfm-slow_0" eclass="HBEFA3/PC_G_EU4" CO2="26860.82" CO="559.13" HC="3.21" NOx="12.45" PMx="0.67" fuel="11.55" electricity="0.00" noise="117.53" route="routebottom" type="cfm-slow" waiting="0.00" lane="bottom_0" pos="2.69" speed="7.12" angle="89.67" x="69.54" y="-4.69"/>
        <vehicle id="cfm-slow_1" eclass="HBEFA3/PC_G_EU4" CO2="26860.85" CO="559.13" HC="3.21" NOx="12.45" PMx="0.67" fuel="11.55" electricity="0.00" noise="117.53" route="routebottom" type="cfm-slow" waiting="0.00" lane="bottom_0" pos="19.36" speed="7.12" angle="59.62" x="102.88" y="7.37"/>
        <vehicle id="cfm-slow_2" eclass="HBEFA3/PC_G_EU4" CO2="26861.36" CO="559.14" HC="3.21" NOx="12.45" PMx="0.67" fuel="11.55" electricity="0.00" noise="117.53" route="routebottom" type="cfm-slow" waiting="0.00" lane="bottom_0" pos="36.03" speed="7.12" angle="29.75" x="125.75" y="34.46"/>
        <vehicle id="cfm-slow_3" eclass="HBEFA3/PC_G_EU4" CO2="26870.69" CO="559.33" HC="3.21" NOx="12.45" PMx="0.67" fuel="11.55" electricity="0.00" noise="117.55" route="routeright" type="cfm-slow" waiting="0.00" lane="right_0" pos="2.69" speed="7.12" angle="359.67" x="132.02" y="69.54"/>
        <vehicle id="cfm-slow_4" eclass="HBEFA3/PC_G_EU4" CO2="27001.47" CO="561.96" HC="3.22" NOx="12.51" PMx="0.67" fuel="11.61" electricity="0.00" noise="117.81" route="routeright" type="cfm-slow" waiting="0.00" lane="right_0" pos="19.36" speed="7.12" angle="329.59" x="119.95" y="102.88"/>
        <vehicle id="cfm-slow_5" eclass="HBEFA3/PC_G_EU4" CO2="28285.19" CO="587.50" HC="3.37" NOx="13.12" PMx="0.70" fuel="12.16" electricity="0.00" noise="120.24" route="routeright" type="cfm-slow" waiting="0.00" lane="right_0" pos="36.03" speed="7.20" angle="299.74" x="92.85" y="125.76"/>
    </timestep>
    <timestep time="0.45">
        <vehicle id="cfm-fast_0" eclass="HBEFA3/PC_G_EU4" CO2="35980.34" CO="736.40" HC="4.24" NOx="16.73" PMx="0.90" fuel="15.47" electricity="0.00" noise="130.34" route="routetop" type="cfm-fast" waiting="0.00" lane="top_0" pos="2.87" speed="8.04" angle="269.34" x="57.39" y="131.98"/>
        <vehicle id="cfm-fast_1" eclass="HBEFA3/PC_G_EU4" CO2="35980.33" CO="736.40" HC="4.24" NOx="16.73" PMx="0.90" fuel="15.47" electricity="0.00" noise="130.34" route="routetop" type="cfm-fast" waiting="0.00" lane="top_0" pos="19.54" speed="8.04" angle="239.27" x="24.13" y="119.72"/>
        <vehicle id="cfm-fast_2" eclass="HBEFA3/PC_G_EU4" CO2="35980.14" CO="736.40" HC="4.24" NOx="16.73" PMx="0.90" fuel="15.47" electricity="0.00" noise="130.34" route="routetop" type="cfm-fast" waiting="0.00" lane="top_0" pos="36.21" speed="8.04" angle="209.38" x="1.42" y="92.51"/>
        <vehicle id="cfm-fast_3" eclass="HBEFA3/PC_G_EU4" CO2="35973.88" CO="736.27" HC="4.24" NOx="16.72" PMx="0.90" fuel="15.46" electricity="0.00" noise="130.32" route="routeleft" type="cfm-fast" waiting="0.00" lane="left_0" pos="2.87" speed="8.04" angle="179.34" x="-4.65" y="57.39"/>
        <vehicle id="cfm-fast_4" eclass="HBEFA3/PC_G_EU4" CO2="35843.70" CO="733.63" HC="4.22" NOx="16.66" PMx="0.90" fuel="15.41" electricity="0.00" noise="130.08" route="routeleft" type="cfm-fast" waiting="0.00" lane="left_0" pos="19.54" speed="8.04" angle="149.29" x="7.60" y="24.13"/>
        <vehicle id="cfm-fast_5" eclass="HBEFA3/PC_G_EU4" CO2="34299.09" CO="702.59" HC="4.04" NOx="15.94" PMx="0.86" fuel="14.74" electricity="0.00" noise="127.39" route="routeleft" type="cfm-fast" waiting="0.00" lane="left_0" pos="36.20" speed="7.97" angle="119.38" x="34.81" y="1.42"/>
        <vehicle id="cfm-slow_0" eclass="HBEFA3/PC_G_EU4" CO2="27089.56" CO="562.30" HC="3.23" NOx="12.55" PMx="0.67" fuel="11.64" electricity="0.00" noise="117.05" route="routebottom" type="cfm-slow" waiting="0.00" lane="bottom_0" pos="2.76" speed="7.25" angle="89.54" x="69.70" y="-4.68"/>
        <vehicle id="cfm-slow_1" eclass="HBEFA3/PC_G_EU4" CO2="27089.59" CO="562.30" HC="3.23" NOx="12.55" PMx="0.67" fuel="11.64" electricity="0.00" noise="117.05" route="routebottom" type="cfm-slow" waiting="0.00" lane="bottom_0" pos="19.43" speed="7.25" angle="59.49" x="103.01" y="7.46"/>
        <vehicle id="cfm-slow_2" eclass="HBEFA3/PC_G_EU4" CO2="27090.19" CO="562.31" HC="3.23" NOx="12.55" PMx="0.67" fuel="11.64" electricity="0.00" noise="117.05" route="routebottom" type="cfm-slow" waiting="0.00" lane="bottom_0" pos="36.10" speed="7.25" angle="29.61" x="125.82" y="34.60"/>
        <vehicle id="cfm-slow_3" eclass="HBEFA3/PC_G_EU4" CO2="27100.81" CO="562.52" HC="3.23" NOx="12.56" PMx="0.67" fuel="11.65" electricity="0.00" noise="117.07" route="routeright" type="cfm-slow" waiting="0.00" lane="right_0" pos="2.76" speed="7.25" angle="359.54" x="132.01" y="69.70"/>
        <vehicle id="cfm-slow_4" eclass="HBEFA3/PC_G_EU4" CO2="27244.21" CO="565.40" HC="3.24" NOx="12.63" PMx="0.68" fuel="11.71" electricity="0.00" noise="117.36" route="routeright" type="cfm-slow" waiting="0.00" lane="right_0" pos="19.43" speed="7.26" angle="329.46" x="119.86" y="103.00"/>
        <vehicle id="cfm-slow_5" eclass="HBEFA3/PC_G_EU4" CO2="28597.51" CO="592.33" HC="3.40" NOx="13.26" PMx="0.71" fuel="12.29" electricity="0.00" noise="119.86" route="routeright" type="cfm-slow" waiting="0.00" lane="right_0" pos="36.11" speed="7.34" angle="299.60" x="92.71" y="125.82"/>
    </timestep>
    <timestep time="0.46">
        <vehicle id="cfm-fast_0" eclass="HBEFA3/PC_G_EU4" CO2="36341.19" CO="742.09" HC="4.28" NOx="16.89" PMx="0.91" fuel="15.62" electricity="0.00" noise="129.76" route="routetop" type="cfm-fast" waiting="0.00" lane="top_0" pos="2.96" speed="8.20" angle="269.19" x="57.22" y="131.97"/>
        <vehicle id="cfm-fast_1" eclass="HBEFA3/PC_G_EU4" CO2="36341.19" CO="742.09" HC="4.28" NOx="16.89" PMx="0.91" fuel="15.62" electricity="0.00" noise="129.76" route="routetop" type="cfm-fast" waiting="0.00" lane="top_0" pos="19.62" speed="8.20" angle="239.12" x="23.99" y="119.62"/>
        <vehicle id="cfm-fast_2" eclass="HBEFA3/PC_G_EU4" CO2="36340.93" CO="742.08" HC="4.28" NOx="16.89" PMx="0.91" fuel="15.62" electricity="0.00" noise="129.76" route="routetop" type="cfm-fast" waiting="0.00" lane="top_0" pos="36.29" speed="8.20" angle="209.23" x="1.34" y="92.35"/>
        <vehicle id="cfm-fast_3" eclass="HBEFA3/PC_G_EU4" CO2="36333.40" CO="741.93" HC="4.27" NOx="16.89" PMx="0.91" fuel="15.62" electricity="0.00" noise="129.74" route="routeleft" type="cfm-fast" waiting="0.00" lane="left_0" pos="2.96" speed="8.20" angle="179.19" x="-4.64" y="57.22"/>
        <vehicle id="cfm-fast_4" eclass="HBEFA3/PC_G_EU4" CO2="36187.68" CO="738.98" HC="4.26" NOx="16.82" PMx="0.91" fuel="15.56" electricity="0.00" noise="129.48" route="routeleft" type="cfm-fast" waiting="0.00" lane="left_0" pos="19.62" speed="8.20" angle="149.14" x="7.70" y="23.98"/>
        <vehicle id="cfm-fast_5" eclass="HBEFA3/PC_G_EU4" CO2="34562.50" CO="706.33" HC="4.07" NOx="16.06" PMx="0.86" fuel="14.86" electricity="0.00" noise="126.72" route="routeleft" type="cfm-fast" waiting="0.00" lane="left_0" pos="36.28" speed="8.12" angle="119.23" x="34.97" y="1.35"/>
        <vehicle id="cfm-slow_0" eclass="HBEFA3/PC_G_EU4" CO2="27308.24" CO="565.28" HC="3.25" NOx="12.65" PMx="0.68" fuel="11.74" electricity="0.00" noise="116.57" route="routebottom" type="cfm-slow" waiting="0.00" lane="bottom_0" pos="2.84" speed="7.38" angle="89.40" x="69.86" y="-4.66"/>
        <vehicle id="cfm-slow_1" eclass="HBEFA3/PC_G_EU4" CO2="27308.27" CO="565.28" HC="3.25" NOx="12.65" PMx="0.68" fuel="11.74" electricity="0.00" noise="116.57" route="routebottom" type="cfm-slow" waiting="0.00" lane="bottom_0" pos="19.50" speed="7.38" angle="59.35" x="103.14" y="7.56"/>
        <vehicle id="cfm-slow_2" eclass="HBEFA3/PC_G_EU4" CO2="27308.98" CO="565.30" HC="3.25" NOx="12.65" PMx="0.68" fuel="11.74" electricity="0.00" noise="116.58" route="routebottom" type="cfm-slow" waiting="0.00" lane="bottom_0" pos="36.17" speed="7.38" angle="29.46" x="125.88" y="34.75"/>
        <vehicle id="cfm-slow_3" eclass="HBEFA3/PC_G_EU4" CO2="27320.99" CO="565.54" HC="3.25" NOx="12.66" PMx="0.68" fuel="11.74" electricity="0.00" noise="116.60" route="routeright" type="cfm-slow" waiting="0.00" lane="right_0" pos="2.84" speed="7.38" angle="359.40" x="131.99" y="69.86"/>
        <vehicle id="cfm-slow_4" eclass="HBEFA3/PC_G_EU4" CO2="27477.65" CO="568.68" HC="3.27" NOx="12.73" PMx="0.68" fuel="11.81" electricity="0.00" noise="116.91" route="routeright" type="cfm-slow" waiting="0.00" lane="right_0" pos="19.51" speed="7.39" angle="329.32" x="119.77" y="103.13"/>
        <vehicle id="cfm-slow_5" eclass="HBEFA3/PC_G_EU4" CO2="28900.72" CO="596.99" HC="3.43" NOx="13.40" PMx="0.72" fuel="12.42" electricity="0.00" noise="119.49" route="routeright" type="cfm-slow" waiting="0.00" lane="right_0" pos="36.18" speed="7.47" angle="299.45" x="92.56" y="125.89"/>
    </timestep>
    <timestep time="0.47">
        <vehicle id="cfm-fast_0" eclass="HBEFA3/PC_G_EU4" CO2="36687.05" CO="747.50" HC="4.31" NOx="17.05" PMx="0.92" fuel="15.77" electricity="0.00" noise="129.19" route="routetop" type="cfm-fast" waiting="0.00" lane="top_0" pos="3.04" speed="8.36" angle="269.04" x="57.04" y="131.95"/>
        <vehicle id="cfm-fast_1" eclass="HBEFA3/PC_G_EU4" CO2="36687.04" CO="747.50" HC="4.31" NOx="17.05" PMx="0.92" fuel="15.77" electricity="0.00" noise="129.19" route="routetop" type="cfm-fast" waiting="0.00" lane="top_0" pos="19.71" speed="8.36" angle="238.97" x="23.84" y="119.52"/>
        <vehicle id="cfm-fast_2" eclass="HBEFA3/PC_G_EU4" CO2="36686.71" CO="747.49" HC="4.31" NOx="17.05" PMx="0.92" fuel="15.77" electricity="0.00" noise="129.19" route="routetop" type="cfm-fast" waiting="0.00" lane="top_0" pos="36.37" speed="8.36" angle="209.07" x="1.27" y="92.18"/>
        <vehicle id="cfm-fast_3" eclass="HBEFA3/PC_G_EU4" CO2="36677.76" CO="747.31" HC="4.31" NOx="17.05" PMx="0.92" fuel="15.77" electricity="0.00" noise="129.17" route="routeleft" type="cfm-fast" waiting="0.00" lane="left_0" pos="3.04" speed="8.36" angle="179.04" x="-4.62" y="57.04"/>
        <vehicle id="cfm-fast_4" eclass="HBEFA3/PC_G_EU4" CO2="36515.71" CO="744.03" HC="4.29" NOx="16.97" PMx="0.92" fuel="15.70" electricity="0.00" noise="128.88" route="routeleft" type="cfm-fast" waiting="0.00" lane="left_0" pos="19.71" speed="8.35" angle="148.99" x="7.81" y="23.84"/>
        <vehicle id="cfm-fast_5" eclass="HBEFA3/PC_G_EU4" CO2="34810.03" CO="709.78" HC="4.09" NOx="16.17" PMx="0.87" fuel="14.96" electricity="0.00" noise="126.05" route="routeleft" type="cfm-fast" waiting="0.00" lane="left_0" pos="36.37" speed="8.27" angle="119.08" x="35.13" y="1.27"/>
        <vehicle id="cfm-slow_0" eclass="HBEFA3/PC_G_EU4" CO2="27517.09" CO="568.09" HC="3.26" NOx="12.75" PMx="0.68" fuel="11.83" electricity="0.00" noise="116.11" route="routebottom" type="cfm-slow" waiting="0.00" lane="bottom_0" pos="2.91" speed="7.51" angle="89.27" x="70.02" y="-4.64"/>
        <vehicle id="cfm-slow_1" eclass="HBEFA3/PC_G_EU4" CO2="27517.13" CO="568.09" HC="3.26" NOx="12.75" PMx="0.68" fuel="11.83" electricity="0.00" noise="116.11" route="routebottom" type="cfm-slow" waiting="0.00" lane="bottom_0" pos="19.58" speed="7.51" angle="59.22" x="103.27" y="7.65"/>
        <vehicle id="cfm-slow_2" eclass="HBEFA3/PC_G_EU4" CO2="27517.95" CO="568.11" HC="3.26" NOx="12.75" PMx="0.68" fuel="11.83" electricity="0.00" noise="116.11" route="routebottom" type="cfm-slow" waiting="0.00" lane="bottom_0" pos="36.25" speed="7.51" angle="29.32" x="125.95" y="34.90"/>
        <vehicle id="cfm-slow_3" eclass="HBEFA3/PC_G_EU4" CO2="27531.49" CO="568.38" HC="3.27" NOx="12.75" PMx="0.68" fuel="11.83" electricity="0.00" noise="116.13" route="routeright" type="cfm-slow" waiting="0.00" lane="right_0" pos="2.91" speed="7.51" angle="359.27" x="131.97" y="70.02"/>
        <vehicle id="cfm-slow_4" eclass="HBEFA3/PC_G_EU4" CO2="27702.05" CO="571.81" HC="3.29" NOx="12.83" PMx="0.69" fuel="11.91" electricity="0.00" noise="116.46" route="routeright" type="cfm-slow" waiting="0.00" lane="right_0" pos="19.58" speed="7.52" angle="329.19" x="119.67" y="103.26"/>
        <vehicle id="cfm-slow_5" eclass="HBEFA3/PC_G_EU4" CO2="29195.00" CO="601.49" HC="3.46" NOx="13.54" PMx="0.73" fuel="12.55" electricity="0.00" noise="119.11" route="routeright" type="cfm-slow" waiting="0.00" lane="right_0" pos="36.26" speed="7.61" angle="299.30" x="92.41" y="125.95"/>
    </timestep>
    <timestep time="0.48">
        <vehicle id="cfm-fast_0" eclass="HBEFA3/PC_G_EU4" CO2="37018.26" CO="752.65" HC="4.34" NOx="17.20" PMx="0.93" fuel="15.91" electricity="0.00" noise="128.62" route="routetop" type="cfm-fast" waiting="0.00" lane="top_0" pos="3.13" speed="8.52" angle="268.89" x="56.86" y="131.93"/>
        <vehicle id="cfm-fast_1" eclass="HBEFA3/PC_G_EU4" CO2="37018.25" CO="752.65" HC="4.34" NOx="17.20" PMx="0.93" fuel="15.91" electricity="0.00" noise="128.62" route="routetop" type="cfm-fast" waiting="0.00" lane="top_0" pos="19.79" speed="8.52" angle="238.81" x="23.69" y="119.41"/>
        <vehicle id="cfm-fast_2" eclass="HBEFA3/PC_G_EU4" CO2="37017.83" CO="752.64" HC="4.34" NOx="17.20" PMx="0.93" fuel="15.91" electricity="0.00" noise="128.62" route="routetop" type="cfm-fast" waiting="0.00" lane="top_0" pos="36.46" speed="8.52" angle="208.91" x="1.19" y="92.02"/>
        <vehicle id="cfm-fast_3" eclass="HBEFA3/PC_G_EU4" CO2="37007.29" CO="752.43" HC="4.34" NOx="17.20" PMx="0.93" fuel="15.91" electricity="0.00" noise="128.60" route="routeleft" type="cfm-fast" waiting="0.00" lane="left_0" pos="3.13" speed="8.52" angle="178.89" x="-4.60" y="56.86"/>
        <vehicle id="cfm-fast_4" eclass="HBEFA3/PC_G_EU4" CO2="36828.14" CO="748.80" HC="4.32" NOx="17.12" PMx="0.92" fuel="15.83" electricity="0.00" noise="128.29" route="routeleft" type="cfm-fast" waiting="0.00" lane="left_0" pos="19.79" speed="8.51" angle="148.83" x="7.91" y="23.69"/>
        <vehicle id="cfm-fast_5" eclass="HBEFA3/PC_G_EU4" CO2="35042.15" CO="712.95" HC="4.11" NOx="16.27" PMx="0.88" fuel="15.06" electricity="0.00" noise="125.39" route="routeleft" type="cfm-fast" waiting="0.00" lane="left_0" pos="36.45" speed="8.42" angle="118.92" x="35.30" y="1.20"/>
        <vehicle id="cfm-slow_0" eclass="HBEFA3/PC_G_EU4" CO2="27716.34" CO="570.74" HC="3.28" NOx="12.84" PMx="0.69" fuel="11.91" electricity="0.00" noise="115.64" route="routebottom" type="cfm-slow" waiting="0.00" lane="bottom_0" pos="2.99" speed="7.64" angle="89.13" x="70.18" y="-4.63"/>
        <vehicle id="cfm-slow_1" eclass="HBEFA3/PC_G_EU4" CO2="27716.39" CO="570.74" HC="3.28" NOx="12.84" PMx="0.69" fuel="11.91" electricity="0.00" noise="115.64" route="routebottom" type="cfm-slow" waiting="0.00" lane="bottom_0" pos="19.66" speed="7.64" angle="59.07" x="103.40" y="7.75"/>
        <vehicle id="cfm-slow_2" eclass="HBEFA3/PC_G_EU4" CO2="27717.34" CO="570.76" HC="3.28" NOx="12.84" PMx="0.69" fuel="11.91" electricity="0.00" noise="115.64" route="routebottom" type="cfm-slow" waiting="0.00" lane="bottom_0" pos="36.32" speed="7.64" angle="29.17" x="126.02" y="35.05"/>
        <vehicle id="cfm-slow_3" eclass="HBEFA3/PC_G_EU4" CO2="27732.54" CO="571.06" HC="3.28" NOx="12.85" PMx="0.69" fuel="11.92" electricity="0.00" noise="115.67" route="routeright" type="cfm-slow" waiting="0.00" lane="right_0" pos="2.99" speed="7.64" angle="359.13" x="131.96" y="70.18"/>
        <vehicle id="cfm-slow_4" eclass="HBEFA3/PC_G_EU4" CO2="27917.62" CO="574.78" HC="3.30" NOx="12.93" PMx="0.69" fuel="12.00" electricity="0.00" noise="116.02" route="routeright" type="cfm-slow" waiting="0.00" lane="right_0" pos="19.66" speed="7.65" angle="329.05" x="119.58" y="103.40"/>
        <vehicle id="cfm-slow_5" eclass="HBEFA3/PC_G_EU4" CO2="29480.50" CO="605.84" HC="3.48" NOx="13.67" PMx="0.73" fuel="12.67" electricity="0.00" noise="118.75" route="routeright" type="cfm-slow" waiting="0.00" lane="right_0" pos="36.33" speed="7.75" angle="299.15" x="92.26" y="126.02"/>
    </timestep>
    <timestep time="0.49">
        <vehicle id="cfm-fast_0" eclass="HBEFA3/PC_G_EU4" CO2="37335.16" CO="757.54" HC="4.37" NOx="17.35" PMx="0.94" fuel="16.05" electricity="0.00" noise="128.06" route="routetop" type="cfm-fast" waiting="0.00" lane="top_0" pos="3.21" speed="8.67" angle="268.74" x="56.67" y="131.91"/>
        <vehicle id="cfm-fast_1" eclass="HBEFA3/PC_G_EU4" CO2="37335.15" CO="757.54" HC="4.37" NOx="17.35" PMx="0.94" fuel="16.05" electricity="0.00" noise="128.06" route="routetop" type="cfm-fast" waiting="0.00" lane="top_0" pos="19.88" speed="8.67" angle="238.65" x="23.54" y="119.30"/>
        <vehicle id="cfm-fast_2" eclass="HBEFA3/PC_G_EU4" CO2="37334.63" CO="757.53" HC="4.37" NOx="17.35" PMx="0.94" fuel="16.05" electricity="0.00" noise="128.06" route="routetop" type="cfm-fast" waiting="0.00" lane="top_0" pos="36.55" speed="8.67" angle="208.75" x="1.12" y="91.85"/>
        <vehicle id="cfm-fast_3" eclass="HBEFA3/PC_G_EU4" CO2="37322.34" CO="757.28" HC="4.37" NOx="17.34" PMx="0.94" fuel="16.04" electricity="0.00" noise="128.04" route="routeleft" type="cfm-fast" waiting="0.00" lane="left_0" pos="3.21" speed="8.67" angle="178.74" x="-4.58" y="56.67"/>
        <vehicle id="cfm-fast_4" eclass="HBEFA3/PC_G_EU4" CO2="37125.30" CO="753.29" HC="4.35" NOx="17.25" PMx="0.93" fuel="15.96" electricity="0.00" noise="127.70" route="routeleft" type="cfm-fast" waiting="0.00" lane="left_0" pos="19.88" speed="8.67" angle="148.67" x="8.02" y="23.54"/>
        <vehicle id="cfm-fast_5" eclass="HBEFA3/PC_G_EU4" CO2="35259.27" CO="715.85" HC="4.13" NOx="16.37" PMx="0.88" fuel="15.16" electricity="0.00" noise="124.74" route="routeleft" type="cfm-fast" waiting="0.00" lane="left_0" pos="36.54" speed="8.57" angle="118.76" x="35.47" y="1.12"/>
        <vehicle id="cfm-slow_0" eclass="HBEFA3/PC_G_EU4" CO2="27906.22" CO="573.21" HC="3.30" NOx="12.92" PMx="0.69" fuel="12.00" electricity="0.00" noise="115.18" route="routebottom" type="cfm-slow" waiting="0.00" lane="bottom_0" pos="3.07" speed="7.77" angle="88.99" x="70.35" y="-4.61"/>
        <vehicle id="cfm-slow_1" eclass="HBEFA3/PC_G_EU4" CO2="27906.28" CO="573.21" HC="3.30" NOx="12.92" PMx="0.69" fuel="12.00" electricity="0.00" noise="115.18" route="routebottom" type="cfm-slow" waiting="0.00" lane="bottom_0" pos="19.73" speed="7.77" angle="58.93" x="103.54" y="7.84"/>
        <vehicle id="cfm-slow_2" eclass="HBEFA3/PC_G_EU4" CO2="27907.38" CO="573.23" HC="3.30" NOx="12.93" PMx="0.69" fuel="12.00" electricity="0.00" noise="115.18" route="routebottom" type="cfm-slow" waiting="0.00" lane="bottom_0" pos="36.40" speed="7.77" angle="29.02" x="126.08" y="35.20"/>
        <vehicle id="cfm-slow_3" eclass="HBEFA3/PC_G_EU4" CO2="27924.37" CO="573.58" HC="3.30" NOx="12.93" PMx="0.69" fuel="12.00" electricity="0.00" noise="115.22" route="routeright" type="cfm-slow" waiting="0.00" lane="right_0" pos="3.07" speed="7.77" angle="358.99" x="131.94" y="70.35"/>
        <vehicle id="cfm-slow_4" eclass="HBEFA3/PC_G_EU4" CO2="28124.61" CO="577.60" HC="3.32" NOx="13.03" PMx="0.70" fuel="12.09" electricity="0.00" noise="115.59" route="routeright" type="cfm-slow" waiting="0.00" lane="right_0" pos="19.73" speed="7.78" angle="328.91" x="119.48" y="103.53"/>
        <vehicle id="cfm-slow_5" eclass="HBEFA3/PC_G_EU4" CO2="29757.36" CO="610.04" HC="3.51" NOx="13.80" PMx="0.74" fuel="12.79" electricity="0.00" noise="118.38" route="routeright" type="cfm-slow" waiting="0.00" lane="right_0" pos="36.41" speed="7.88" angle="299.00" x="92.10" y="126.09"/>
    </timestep>
    <timestep time="0.50">
        <vehicle id="cfm-fast_0" eclass="HBEFA3/PC_G_EU4" CO2="37638.09" CO="762.17" HC="4.40" NOx="17.49" PMx="0.94" fuel="16.18" electricity="0.00" noise="127.50" route="routetop" type="cfm-fast" waiting="0.00" lane="top_0" pos="3.30" speed="8.83" angle="268.58" x="56.48" y="131.89"/>
        <vehicle id="cfm-fast_1" eclass="HBEFA3/PC_G_EU4" CO2="37638.07" CO="762.17" HC="4.40" NOx="17.49" PMx="0.94" fuel="16.18" electricity="0.00" noise="127.50" route="routetop" type="cfm-fast" waiting="0.00" lane="top_0" pos="19.97" speed="8.83" angle="238.49" x="23.39" y="119.19"/>
        <vehicle id="cfm-fast_2" eclass="HBEFA3/PC_G_EU4" CO2="37637.43" CO="762.16" HC="4.40" NOx="17.49" PMx="0.94" fuel="16.18" electricity="0.00" noise="127.50" route="routetop" type="cfm-fast" waiting="0.00" lane="top_0" pos="36.63" speed="8.83" angle="208.58" x="1.04" y="91.67"/>
        <vehicle id="cfm-fast_3" eclass="HBEFA3/PC_G_EU4" CO2="37623.23" CO="761.87" HC="4.40" NOx="17.48" PMx="0.94" fuel="16.17" electricity="0.00" noise="127.48" route="routeleft" type="cfm-fast" waiting="0.00" lane="left_0" pos="3.30" speed="8.83" angle="178.58" x="-4.56" y="56.48"/>
        <vehicle id="cfm-fast_4" eclass="HBEFA3/PC_G_EU4" CO2="37407.54" CO="757.50" HC="4.37" NOx="17.38" PMx="0.94" fuel="16.08" electricity="0.00" noise="127.11" route="routeleft" type="cfm-fast" waiting="0.00" lane="left_0" pos="19.97" speed="8.82" angle="148.51" x="8.13" y="23.39"/>
        <vehicle id="cfm-fast_5" eclass="HBEFA3/PC_G_EU4" CO2="35461.82" CO="718.49" HC="4.15" NOx="16.46" PMx="0.89" fuel="15.24" electricity="0.00" noise="124.09" route="routeleft" type="cfm-fast" waiting="0.00" lane="left_0" pos="36.62" speed="8.72" angle="118.59" x="35.64" y="1.05"/>
        <vehicle id="cfm-slow_0" eclass="HBEFA3/PC_G_EU4" CO2="28086.96" CO="575.53" HC="3.31" NOx="13.01" PMx="0.70" fuel="12.07" electricity="0.00" noise="114.72" route="routebottom" type="cfm-slow" waiting="0.00" lane="bottom_0" pos="3.15" speed="7.89" angle="88.85" x="70.52" y="-4.59"/>
        <vehicle id="cfm-slow_1" eclass="HBEFA3/PC_G_EU4" CO2="28087.02" CO="575.53" HC="3.31" NOx="13.01" PMx="0.70" fuel="12.07" electricity="0.00" noise="114.72" route="routebottom" type="cfm-slow" waiting="0.00" lane="bottom_0" pos="19.81" speed="7.89" angle="58.78" x="103.67" y="7.94"/>
        <vehicle id="cfm-slow_2" eclass="HBEFA3/PC_G_EU4" CO2="28088.29" CO="575.55" HC="3.31" NOx="13.01" PMx="0.70" fuel="12.07" electricity="0.00" noise="114.73" route="routebottom" type="cfm-slow" waiting="0.00" lane="bottom_0" pos="36.48" speed="7.89" angle="28.86" x="126.15" y="35.35"/>
        <vehicle id="cfm-slow_3" eclass="HBEFA3/PC_G_EU4" CO2="28107.22" CO="575.93" HC="3.31" NOx="13.02" PMx="0.70" fuel="12.08" electricity="0.00" noise="114.76" route="routeright" type="cfm-slow" waiting="0.00" lane="right_0" pos="3.15" speed="7.89" angle="358.85" x="131.92" y="70.52"/>
        <vehicle id="cfm-slow_4" eclass="HBEFA3/PC_G_EU4" CO2="28323.23" CO="580.27" HC="3.34" NOx="13.12" PMx="0.70" fuel="12.17" electricity="0.00" noise="115.16" route="routeright" type="cfm-slow" waiting="0.00" lane="right_0" pos="19.81" speed="7.90" angle="328.77" x="119.38" y="103.67"/>
        <vehicle id="cfm-slow_5" eclass="HBEFA3/PC_G_EU4" CO2="30025.74" CO="614.09" HC="3.54" NOx="13.92" PMx="0.75" fuel="12.91" electricity="0.00" noise="118.01" route="routeright" type="cfm-slow" waiting="0.00" lane="right_0" pos="36.49" speed="8.01" angle="298.84" x="91.95" y="126.16"/>
    </timestep>
    <timestep time="0.51">
        <vehicle id="cfm-fast_0" eclass="HBEFA3/PC_G_EU4" CO2="37927.37" CO="766.56" HC="4.43" NOx="17.62" PMx="0.95" fuel="16.30" electricity="0.00" noise="126.95" route="routetop" type="cfm-fast" waiting="0.00" lane="top_0" pos="3.39" speed="8.98" angle="268.42" x="56.29" y="131.87"/>
        <vehicle id="cfm-fast_1" eclass="HBEFA3/PC_G_EU4" CO2="37927.35" CO="766.56" HC="4.43" NOx="17.62" PMx="0.95" fuel="16.30" electricity="0.00" noise="126.95" route="routetop" type="cfm-fast" waiting="0.00" lane="top_0" pos="20.06" speed="8.98" angle="238.33" x="23.23" y="119.07"/>
        <vehicle id="cfm-fast_2" eclass="HBEFA3/PC_G_EU4" CO2="37926.57" CO="766.54" HC="4.43" NOx="17.62" PMx="0.95" fuel="16.30" electricity="0.00" noise="126.95" route="routetop" type="cfm-fast" waiting="0.00" lane="top_0" pos="36.72" speed="8.98" angle="208.41" x="0.96" y="91.50"/>
        <vehicle id="cfm-fast_3" eclass="HBEFA3/PC_G_EU4" CO2="37910.27" CO="766.21" HC="4.42" NOx="17.61" PMx="0.95" fuel="16.30" electricity="0.00" noise="126.92" route="routeleft" type="cfm-fast" waiting="0.00" lane="left_0" pos="3.39" speed="8.98" angle="178.42" x="-4.54" y="56.29"/>
        <vehicle id="cfm-fast_4" eclass="HBEFA3/PC_G_EU4" CO2="37675.18" CO="761.45" HC="4.40" NOx="17.50" PMx="0.94" fuel="16.19" electricity="0.00" noise="126.54" route="routeleft" type="cfm-fast" waiting="0.00" lane="left_0" pos="20.06" speed="8.97" angle="148.34" x="8.25" y="23.23"/>
        <vehicle id="cfm-fast_5" eclass="HBEFA3/PC_G_EU4" CO2="35650.21" CO="720.87" HC="4.16" NOx="16.55" PMx="0.89" fuel="15.32" electricity="0.00" noise="123.45" route="routeleft" type="cfm-fast" waiting="0.00" lane="left_0" pos="36.71" speed="8.86" angle="118.43" x="35.81" y="0.97"/>
        <vehicle id="cfm-slow_0" eclass="HBEFA3/PC_G_EU4" CO2="28258.76" CO="577.68" HC="3.33" NOx="13.08" PMx="0.70" fuel="12.15" electricity="0.00" noise="114.27" route="routebottom" type="cfm-slow" waiting="0.00" lane="bottom_0" pos="3.23" speed="8.02" angle="88.71" x="70.69" y="-4.58"/>
        <vehicle id="cfm-slow_1" eclass="HBEFA3/PC_G_EU4" CO2="28258.84" CO="577.68" HC="3.33" NOx="13.08" PMx="0.70" fuel="12.15" electricity="0.00" noise="114.27" route="routebottom" type="cfm-slow" waiting="0.00" lane="bottom_0" pos="19.89" speed="8.02" angle="58.64" x="103.81" y="8.04"/>
        <vehicle id="cfm-slow_2" eclass="HBEFA3/PC_G_EU4" CO2="28260.28" CO="577.71" HC="3.33" NOx="13.09" PMx="0.70" fuel="12.15" electricity="0.00" noise="114.28" route="routebottom" type="cfm-slow" waiting="0.00" lane="bottom_0" pos="36.56" speed="8.02" angle="28.71" x="126.22" y="35.51"/>
        <vehicle id="cfm-slow_3" eclass="HBEFA3/PC_G_EU4" CO2="28281.31" CO="578.14" HC="3.33" NOx="13.09" PMx="0.70" fuel="12.16" electricity="0.00" noise="114.32" route="routeright" type="cfm-slow" waiting="0.00" lane="right_0" pos="3.23" speed="8.02" angle="358.71" x="131.91" y="70.69"/>
        <vehicle id="cfm-slow_4" eclass="HBEFA3/PC_G_EU4" CO2="28513.70" CO="582.80" HC="3.36" NOx="13.20" PMx="0.71" fuel="12.26" electricity="0.00" noise="114.73" route="routeright" type="cfm-slow" waiting="0.00" lane="right_0" pos="19.89" speed="8.03" angle="328.62" x="119.28" y="103.81"/>
        <vehicle id="cfm-slow_5" eclass="HBEFA3/PC_G_EU4" CO2="30285.78" CO="618.00" HC="3.56" NOx="14.04" PMx="0.75" fuel="13.02" electricity="0.00" noise="117.65" route="routeright" type="cfm-slow" waiting="0.00" lane="right_0" pos="36.57" speed="8.15" angle="298.69" x="91.79" y="126.23"/>
    </timestep>
    <timestep time="0.52">
        <vehicle id="cfm-fast_0" eclass="HBEFA3/PC_G_EU4" CO2="38203.33" CO="770.71" HC="4.45" NOx="17.75" PMx="0.96" fuel="16.42" electricity="0.00" noise="126.40" route="routetop" type="cfm-fast" waiting="0.00" lane="top_0" pos="3.48" speed="9.13" angle="268.25" x="56.09" y="131.85"/>
        <vehicle id="cfm-fast_1" eclass="HBEFA3/PC_G_EU4" CO2="38203.30" CO="770.71" HC="4.45" NOx="17.75" PMx="0.96" fuel="16.42" electricity="0.00" noise="126.40" route="routetop" type="cfm-fast" waiting="0.00" lane="top_0" pos="20.15" speed="9.13" angle="238.16" x="23.07" y="118.96"/>
        <vehicle id="cfm-fast_2" eclass="HBEFA3/PC_G_EU4" CO2="38202.37" CO="770.69" HC="4.45" NOx="17.75" PMx="0.96" fuel="16.42" electricity="0.00" noise="126.40" route="routetop" type="cfm-fast" waiting="0.00" lane="top_0" pos="36.81" speed="9.13" angle="208.24" x="0.88" y="91.32"/>
        <vehicle id="cfm-fast_3" eclass="HBEFA3/PC_G_EU4" CO2="38183.78" CO="770.31" HC="4.45" NOx="17.74" PMx="0.96" fuel="16.41" electricity="0.00" noise="126.37" route="routeleft" type="cfm-fast" waiting="0.00" lane="left_0" pos="3.48" speed="9.13" angle="178.25" x="-4.52" y="56.09"/>
        <vehicle id="cfm-fast_4" eclass="HBEFA3/PC_G_EU4" CO2="37928.55" CO="765.15" HC="4.42" NOx="17.62" PMx="0.95" fuel="16.30" electricity="0.00" noise="125.96" route="routeleft" type="cfm-fast" waiting="0.00" lane="left_0" pos="20.15" speed="9.12" angle="148.17" x="8.36" y="23.07"/>
        <vehicle id="cfm-fast_5" eclass="HBEFA3/PC_G_EU4" CO2="35824.84" CO="723.00" HC="4.18" NOx="16.63" PMx="0.90" fuel="15.40" electricity="0.00" noise="122.82" route="routeleft" type="cfm-fast" waiting="0.00" lane="left_0" pos="36.80" speed="9.01" angle="118.26" x="35.99" y="0.89"/>
        <vehicle id="cfm-slow_0" eclass="HBEFA3/PC_G_EU4" CO2="28421.85" CO="579.68" HC="3.34" NOx="13.16" PMx="0.70" fuel="12.22" electricity="0.00" noise="113.83" route="routebottom" type="cfm-slow" waiting="0.00" lane="bottom_0" pos="3.31" speed="8.14" angle="88.56" x="70.86" y="-4.56"/>
        <vehicle id="cfm-slow_1" eclass="HBEFA3/PC_G_EU4" CO2="28421.94" CO="579.69" HC="3.34" NOx="13.16" PMx="0.70" fuel="12.22" electricity="0.00" noise="113.83" route="routebottom" type="cfm-slow" waiting="0.00" lane="bottom_0" pos="19.97" speed="8.14" angle="58.49" x="103.96" y="8.15"/>
        <vehicle id="cfm-slow_2" eclass="HBEFA3/PC_G_EU4" CO2="28423.59" CO="579.72" HC="3.34" NOx="13.16" PMx="0.70" fuel="12.22" electricity="0.00" noise="113.83" route="routebottom" type="cfm-slow" waiting="0.00" lane="bottom_0" pos="36.64" speed="8.14" angle="28.55" x="126.29" y="35.67"/>
        <vehicle id="cfm-slow_3" eclass="HBEFA3/PC_G_EU4" CO2="28446.85" CO="580.19" HC="3.34" NOx="13.17" PMx="0.71" fuel="12.23" electricity="0.00" noise="113.87" route="routeright" type="cfm-slow" waiting="0.00" lane="right_0" pos="3.31" speed="8.14" angle="358.56" x="131.89" y="70.86"/>
        <vehicle id="cfm-slow_4" eclass="HBEFA3/PC_G_EU4" CO2="28696.23" CO="585.19" HC="3.37" NOx="13.29" PMx="0.71" fuel="12.34" electricity="0.00" noise="114.31" route="routeright" type="cfm-slow" waiting="0.00" lane="right_0" pos="19.98" speed="8.15" angle="328.47" x="119.18" y="103.95"/>
        <vehicle id="cfm-slow_5" eclass="HBEFA3/PC_G_EU4" CO2="30537.64" CO="621.76" HC="3.58" NOx="14.15" PMx="0.76" fuel="13.13" electricity="0.00" noise="117.29" route="routeright" type="cfm-slow" waiting="0.00" lane="right_0" pos="36.66" speed="8.28" angle="298.52" x="91.62" y="126.31"/>
    </timestep>
    <timestep time="0.53">
        <vehicle id="cfm-fast_0" eclass="HBEFA3/PC_G_EU4" CO2="38466.28" CO="774.62" HC="4.48" NOx="17.87" PMx="0.96" fuel="16.53" electricity="0.00" noise="125.86" route="routetop" type="cfm-fast" waiting="0.00" lane="top_0" pos="3.57" speed="9.28" angle="268.09" x="55.90" y="131.83"/>
        <vehicle id="cfm-fast_1" eclass="HBEFA3/PC_G_EU4" CO2="38466.24" CO="774.62" HC="4.48" NOx="17.87" PMx="0.96" fuel="16.53" electricity="0.00" noise="125.86" route="routetop" type="cfm-fast" waiting="0.00" lane="top_0" pos="20.24" speed="9.28" angle="238.00" x="22.91" y="118.84"/>
        <vehicle id="cfm-fast_2" eclass="HBEFA3/PC_G_EU4" CO2="38465.13" CO="774.60" HC="4.48" NOx="17.87" PMx="0.96" fuel="16.53" electricity="0.00" noise="125.86" route="routetop" type="cfm-fast" waiting="0.00" lane="top_0" pos="36.91" speed="9.28" angle="208.07" x="0.80" y="91.13"/>
        <vehicle id="cfm-fast_3" eclass="HBEFA3/PC_G_EU4" CO2="38444.07" CO="774.17" HC="4.47" NOx="17.86" PMx="0.96" fuel="16.53" electricity="0.00" noise="125.83" route="routeleft" type="cfm-fast" waiting="0.00" lane="left_0" pos="3.57" speed="9.28" angle="178.09" x="-4.50" y="55.90"/>
        <vehicle id="cfm-fast_4" eclass="HBEFA3/PC_G_EU4" CO2="38167.98" CO="768.59" HC="4.44" NOx="17.73" PMx="0.96" fuel="16.41" electricity="0.00" noise="125.39" route="routeleft" type="cfm-fast" waiting="0.00" lane="left_0" pos="20.24" speed="9.27" angle="148.00" x="8.48" y="22.91"/>
        <vehicle id="cfm-fast_5" eclass="HBEFA3/PC_G_EU4" CO2="35986.12" CO="724.88" HC="4.19" NOx="16.70" PMx="0.90" fuel="15.47" electricity="0.00" noise="122.19" route="routeleft" type="cfm-fast" waiting="0.00" lane="left_0" pos="36.89" speed="9.15" angle="118.09" x="36.17" y="0.81"/>
        <vehicle id="cfm-slow_0" eclass="HBEFA3/PC_G_EU4" CO2="28576.43" CO="581.54" HC="3.35" NOx="13.23" PMx="0.71" fuel="12.28" electricity="0.00" noise="113.38" route="routebottom" type="cfm-slow" waiting="0.00" lane="bottom_0" pos="3.39" speed="8.26" angle="88.41" x="71.04" y="-4.54"/>
        <vehicle id="cfm-slow_1" eclass="HBEFA3/PC_G_EU4" CO2="28576.54" CO="581.54" HC="3.35" NOx="13.23" PMx="0.71" fuel="12.28" electricity="0.00" noise="113.38" route="routebottom" type="cfm-slow" waiting="0.00" lane="bottom_0" pos="20.06" speed="8.26" angle="58.33" x="104.10" y="8.25"/>
        <vehicle id="cfm-slow_2" eclass="HBEFA3/PC_G_EU4" CO2="28578.41" CO="581.58" HC="3.35" NOx="13.23" PMx="0.71" fuel="12.28" electricity="0.00" noise="113.39" route="routebottom" type="cfm-slow" waiting="0.00" lane="bottom_0" pos="36.72" speed="8.26" angle="28.39" x="126.37" y="35.83"/>
        <vehicle id="cfm-slow_3" eclass="HBEFA3/PC_G_EU4" CO2="28604.07" CO="582.09" HC="3.35" NOx="13.24" PMx="0.71" fuel="12.30" electricity="0.00" noise="113.43" route="routeright" type="cfm-slow" waiting="0.00" lane="right_0" pos="3.39" speed="8.27" angle="358.41" x="131.87" y="71.04"/>
        <vehicle id="cfm-slow_4" eclass="HBEFA3/PC_G_EU4" CO2="28871.02" CO="587.45" HC="3.39" NOx="13.37" PMx="0.72" fuel="12.41" electricity="0.00" noise="113.90" route="routeright" type="cfm-slow" waiting="0.00" lane="right_0" pos="20.06" speed="8.28" angle="328.32" x="119.07" y="104.10"/>
        <vehicle id="cfm-slow_5" eclass="HBEFA3/PC_G_EU4" CO2="30781.44" CO="625.37" HC="3.61" NOx="14.26" PMx="0.77" fuel="13.23" electricity="0.00" noise="116.93" route="routeright" type="cfm-slow" waiting="0.00" lane="right_0" pos="36.74" speed="8.41" angle="298.36" x="91.46" y="126.38"/>
    </timestep>
    <timestep time="0.54">
        <vehicle id="cfm-fast_0" eclass="HBEFA3/PC_G_EU4" CO2="38716.53" CO="778.31" HC="4.50" NOx="17.98" PMx="0.97" fuel="16.64" electricity="0.00" noise="125.33" route="routetop" type="cfm-fast" waiting="0.00" lane="top_0" pos="3.67" speed="9.43" angle="267.92" x="55.69" y="131.81"/>
        <vehicle id="cfm-fast_1" eclass="HBEFA3/PC_G_EU4" CO2="38716.48" CO="778.31" HC="4.50" NOx="17.98" PMx="0.97" fuel="16.64" electricity="0.00" noise="125.33" route="routetop" type="cfm-fast" waiting="0.00" lane="top_0" pos="20.34" speed="9.43" angle="237.83" x="22.75" y="118.72"/>
        <vehicle id="cfm-fast_2" eclass="HBEFA3/PC_G_EU4" CO2="38715.17" CO="778.28" HC="4.50" NOx="17.98" PMx="0.97" fuel="16.64" electricity="0.00" noise="125.32" route="routetop" type="cfm-fast" waiting="0.00" lane="top_0" pos="37.00" speed="9.43" angle="207.89" x="0.71" y="90.95"/>
        <vehicle id="cfm-fast_3" eclass="HBEFA3/PC_G_EU4" CO2="38691.43" CO="777.80" HC="4.50" NOx="17.97" PMx="0.97" fuel="16.63" electricity="0.00" noise="125.29" route="routeleft" type="cfm-fast" waiting="0.00" lane="left_0" pos="3.67" speed="9.43" angle="177.92" x="-4.48" y="55.69"/>
        <vehicle id="cfm-fast_4" eclass="HBEFA3/PC_G_EU4" CO2="38393.76" CO="771.78" HC="4.46" NOx="17.83" PMx="0.96" fuel="16.50" electricity="0.00" noise="124.82" route="routeleft" type="cfm-fast" waiting="0.00" lane="left_0" pos="20.33" speed="9.42" angle="147.82" x="8.60" y="22.74"/>
        <vehicle id="cfm-fast_5" eclass="HBEFA3/PC_G_EU4" CO2="36134.43" CO="726.54" HC="4.20" NOx="16.77" PMx="0.90" fuel="15.53" electricity="0.00" noise="121.57" route="routeleft" type="cfm-fast" waiting="0.00" lane="left_0" pos="36.99" speed="9.29" angle="117.91" x="36.35" y="0.72"/>
        <vehicle id="cfm-slow_0" eclass="HBEFA3/PC_G_EU4" CO2="28722.70" CO="583.24" HC="3.36" NOx="13.29" PMx="0.71" fuel="12.35" electricity="0.00" noise="112.94" route="routebottom" type="cfm-slow" waiting="0.00" lane="bottom_0" pos="3.47" speed="8.39" angle="88.26" x="71.22" y="-4.52"/>
        <vehicle id="cfm-slow_1" eclass="HBEFA3/PC_G_EU4" CO2="28722.83" CO="583.24" HC="3.36" NOx="13.29" PMx="0.71" fuel="12.35" electricity="0.00" noise="112.94" route="routebottom" type="cfm-slow" waiting="0.00" lane="bottom_0" pos="20.14" speed="8.39" angle="58.18" x="104.25" y="8.36"/>
        <vehicle id="cfm-slow_2" eclass="HBEFA3/PC_G_EU4" CO2="28724.95" CO="583.29" HC="3.36" NOx="13.29" PMx="0.71" fuel="12.35" electricity="0.00" noise="112.95" route="routebottom" type="cfm-slow" waiting="0.00" lane="bottom_0" pos="36.81" speed="8.39" angle="28.23" x="126.44" y="36.00"/>
        <vehicle id="cfm-slow_3" eclass="HBEFA3/PC_G_EU4" CO2="28753.17" CO="583.86" HC="3.37" NOx="13.31" PMx="0.71" fuel="12.36" electricity="0.00" noise="113.00" route="routeright" type="cfm-slow" waiting="0.00" lane="right_0" pos="3.47" speed="8.39" angle="358.26" x="131.85" y="71.22"/>
        <vehicle id="cfm-slow_4" eclass="HBEFA3/PC_G_EU4" CO2="29038.28" CO="589.57" HC="3.40" NOx="13.44" PMx="0.72" fuel="12.48" electricity="0.00" noise="113.48" route="routeright" type="cfm-slow" waiting="0.00" lane="right_0" pos="20.14" speed="8.40" angle="328.17" x="118.97" y="104.25"/>
        <vehicle id="cfm-slow_5" eclass="HBEFA3/PC_G_EU4" CO2="31017.34" CO="628.85" HC="3.63" NOx="14.37" PMx="0.77" fuel="13.33" electricity="0.00" noise="116.58" route="routeright" type="cfm-slow" waiting="0.00" lane="right_0" pos="36.83" speed="8.54" angle="298.19" x="91.29" y="126.45"/>
    </timestep>
    <timestep time="0.55">
        <vehicle id="cfm-fast_0" eclass="HBEFA3/PC_G_EU4" CO2="38954.39" CO="781.77" HC="4.52" NOx="18.09" PMx="0.98" fuel="16.74" electricity="0.00" noise="124.79" route="routetop" type="cfm-fast" waiting="0.00" lane="top_0" pos="3.76" speed="9.58" angle="267.75" x="55.49" y="131.79"/>
        <vehicle id="cfm-fast_1" eclass="HBEFA3/PC_G_EU4" CO2="38954.32" CO="781.77" HC="4.52" NOx="18.09" PMx="0.98" fuel="16.74" electricity="0.00" noise="124.79" route="routetop" type="cfm-fast" waiting="0.00" lane="top_0" pos="20.43" speed="9.58" angle="237.68" x="22.58" y="118.60"/>
        <vehicle id="cfm-fast_2" eclass="HBEFA3/PC_G_EU4" CO2="38952.78" CO="781.73" HC="4.52" NOx="18.09" PMx="0.98" fuel="16.74" electricity="0.00" noise="124.79" route="routetop" type="cfm-fast" waiting="0.00" lane="top_0" pos="37.10" speed="9.58" angle="207.73" x="0.63" y="90.76"/>
        <vehicle id="cfm-fast_3" eclass="HBEFA3/PC_G_EU4" CO2="38926.17" CO="781.19" HC="4.52" NOx="18.08" PMx="0.97" fuel="16.73" electricity="0.00" noise="124.75" route="routeleft" type="cfm-fast" waiting="0.00" lane="left_0" pos="3.76" speed="9.58" angle="177.75" x="-4.46" y="55.49"/>
        <vehicle id="cfm-fast_4" eclass="HBEFA3/PC_G_EU4" CO2="38606.22" CO="774.72" HC="4.48" NOx="17.93" PMx="0.97" fuel="16.59" electricity="0.00" noise="124.26" route="routeleft" type="cfm-fast" waiting="0.00" lane="left_0" pos="20.43" speed="9.57" angle="147.67" x="8.72" y="22.58"/>
        <vehicle id="cfm-fast_5" eclass="HBEFA3/PC_G_EU4" CO2="36270.13" CO="727.96" HC="4.21" NOx="16.83" PMx="0.91" fuel="15.59" electricity="0.00" noise="120.96" route="routeleft" type="cfm-fast" waiting="0.00" lane="left_0" pos="37.08" speed="9.43" angle="117.75" x="36.53" y="0.64"/>
        <vehicle id="cfm-slow_0" eclass="HBEFA3/PC_G_EU4" CO2="28860.88" CO="584.80" HC="3.37" NOx="13.36" PMx="0.71" fuel="12.41" electricity="0.00" noise="112.51" route="routebottom" type="cfm-slow" waiting="0.00" lane="bottom_0" pos="3.56" speed="8.51" angle="88.11" x="71.40" y="-4.50"/>
        <vehicle id="cfm-slow_1" eclass="HBEFA3/PC_G_EU4" CO2="28861.02" CO="584.81" HC="3.37" NOx="13.36" PMx="0.71" fuel="12.41" electricity="0.00" noise="112.51" route="routebottom" type="cfm-slow" waiting="0.00" lane="bottom_0" pos="20.23" speed="8.51" angle="58.02" x="104.40" y="8.46"/>
        <vehicle id="cfm-slow_2" eclass="HBEFA3/PC_G_EU4" CO2="28863.41" CO="584.86" HC="3.37" NOx="13.36" PMx="0.71" fuel="12.41" electricity="0.00" noise="112.51" route="routebottom" type="cfm-slow" waiting="0.00" lane="bottom_0" pos="36.89" speed="8.51" angle="28.06" x="126.52" y="36.17"/>
        <vehicle id="cfm-slow_3" eclass="HBEFA3/PC_G_EU4" CO2="28894.36" CO="585.48" HC="3.38" NOx="13.37" PMx="0.72" fuel="12.42" electricity="0.00" noise="112.57" route="routeright" type="cfm-slow" waiting="0.00" lane="right_0" pos="3.56" speed="8.51" angle="358.11" x="131.83" y="71.40"/>
        <vehicle id="cfm-slow_4" eclass="HBEFA3/PC_G_EU4" CO2="29198.20" CO="591.57" HC="3.41" NOx="13.51" PMx="0.72" fuel="12.55" electricity="0.00" noise="113.08" route="routeright" type="cfm-slow" waiting="0.00" lane="right_0" pos="20.23" speed="8.52" angle="328.02" x="118.86" y="104.39"/>
        <vehicle id="cfm-slow_5" eclass="HBEFA3/PC_G_EU4" CO2="31245.47" CO="632.20" HC="3.65" NOx="14.48" PMx="0.78" fuel="13.43" electricity="0.00" noise="116.23" route="routeright" type="cfm-slow" waiting="0.00" lane="right_0" pos="36.91" speed="8.67" angle="298.03" x="91.12" y="126.53"/>
    </timestep>
    <timestep time="0.56">
        <vehicle id="cfm-fast_0" eclass="HBEFA3/PC_G_EU4" CO2="39180.13" CO="785.01" HC="4.54" NOx="18.19" PMx="0.98" fuel="16.84" electricity="0.00" noise="124.27" route="routetop" type="cfm-fast" waiting="0.00" lane="top_0" pos="3.86" speed="9.72" angle="267.59" x="55.28" y="131.76"/>
        <vehicle id="cfm-fast_1" eclass="HBEFA3/PC_G_EU4" CO2="39180.05" CO="785.01" HC="4.54" NOx="18.19" PMx="0.98" fuel="16.84" electricity="0.00" noise="124.27" route="routetop" type="cfm-fast" waiting="0.00" lane="top_0" pos="20.53" speed="9.72" angle="237.53" x="22.41" y="118.48"/>
        <vehicle id="cfm-fast_2" eclass="HBEFA3/PC_G_EU4" CO2="39178.26" CO="784.97" HC="4.54" NOx="18.19" PMx="0.98" fuel="16.84" electricity="0.00" noise="124.27" route="routetop" type="cfm-fast" waiting="0.00" lane="top_0" pos="37.20" speed="9.72" angle="207.60" x="0.54" y="90.57"/>
        <vehicle id="cfm-fast_3" eclass="HBEFA3/PC_G_EU4" CO2="39148.56" CO="784.37" HC="4.54" NOx="18.18" PMx="0.98" fuel="16.83" electricity="0.00" noise="124.22" route="routeleft" type="cfm-fast" waiting="0.00" lane="left_0" pos="3.86" speed="9.72" angle="177.59" x="-4.43" y="55.28"/>
        <vehicle id="cfm-fast_4" eclass="HBEFA3/PC_G_EU4" CO2="38805.66" CO="777.43" HC="4.50" NOx="18.02" PMx="0.97" fuel="16.68" electricity="0.00" noise="123.71" route="routeleft" type="cfm-fast" waiting="0.00" lane="left_0" pos="20.53" speed="9.71" angle="147.53" x="8.84" y="22.41"/>
        <vehicle id="cfm-fast_5" eclass="HBEFA3/PC_G_EU4" CO2="36393.60" CO="729.16" HC="4.22" NOx="16.88" PMx="0.91" fuel="15.64" electricity="0.00" noise="120.35" route="routeleft" type="cfm-fast" waiting="0.00" lane="left_0" pos="37.18" speed="9.57" angle="117.62" x="36.72" y="0.56"/>
        <vehicle id="cfm-slow_0" eclass="HBEFA3/PC_G_EU4" CO2="28991.14" CO="586.23" HC="3.38" NOx="13.41" PMx="0.72" fuel="12.46" electricity="0.00" noise="112.08" route="routebottom" type="cfm-slow" waiting="0.00" lane="bottom_0" pos="3.65" speed="8.63" angle="87.95" x="71.59" y="-4.49"/>
        <vehicle id="cfm-slow_1" eclass="HBEFA3/PC_G_EU4" CO2="28991.31" CO="586.23" HC="3.38" NOx="13.41" PMx="0.72" fuel="12.46" electricity="0.00" noise="112.08" route="routebottom" type="cfm-slow" waiting="0.00" lane="bottom_0" pos="20.31" speed="8.63" angle="57.86" x="104.55" y="8.57"/>
        <vehicle id="cfm-slow_2" eclass="HBEFA3/PC_G_EU4" CO2="28993.99" CO="586.29" HC="3.38" NOx="13.42" PMx="0.72" fuel="12.46" electricity="0.00" noise="112.08" route="routebottom" type="cfm-slow" waiting="0.00" lane="bottom_0" pos="36.98" speed="8.63" angle="27.89" x="126.59" y="36.34"/>
        <vehicle id="cfm-slow_3" eclass="HBEFA3/PC_G_EU4" CO2="29027.84" CO="586.97" HC="3.39" NOx="13.43" PMx="0.72" fuel="12.48" electricity="0.00" noise="112.14" route="routeright" type="cfm-slow" waiting="0.00" lane="right_0" pos="3.65" speed="8.63" angle="357.95" x="131.82" y="71.59"/>
        <vehicle id="cfm-slow_4" eclass="HBEFA3/PC_G_EU4" CO2="29350.98" CO="593.45" HC="3.42" NOx="13.58" PMx="0.73" fuel="12.62" electricity="0.00" noise="112.68" route="routeright" type="cfm-slow" waiting="0.00" lane="right_0" pos="20.31" speed="8.64" angle="327.86" x="118.75" y="104.55"/>
        <vehicle id="cfm-slow_5" eclass="HBEFA3/PC_G_EU4" CO2="31465.97" CO="635.41" HC="3.67" NOx="14.58" PMx="0.78" fuel="13.53" electricity="0.00" noise="115.88" route="routeright" type="cfm-slow" waiting="0.00" lane="right_0" pos="37.00" speed="8.80" angle="297.85" x="90.95" y="126.61"/>
    </timestep>
    <timestep time="0.57">
        <vehicle id="cfm-fast_0" eclass="HBEFA3/PC_G_EU4" CO2="39394.07" CO="788.04" HC="4.56" NOx="18.29" PMx="0.99" fuel="16.93" electricity="0.00" noise="123.75" route="routetop" type="cfm-fast" waiting="0.00" lane="top_0" pos="3.96" speed="9.87" angle="267.41" x="55.07" y="131.73"/>
        <vehicle id="cfm-fast_1" eclass="HBEFA3/PC_G_EU4" CO2="39393.97" CO="788.04" HC="4.56" NOx="18.29" PMx="0.99" fuel="16.93" electricity="0.00" noise="123.75" route="routetop" type="cfm-fast" waiting="0.00" lane="top_0" pos="20.63" speed="9.87" angle="237.35" x="22.24" y="118.35"/>
        <vehicle id="cfm-fast_2" eclass="HBEFA3/PC_G_EU4" CO2="39391.89" CO="787.99" HC="4.56" NOx="18.29" PMx="0.99" fuel="16.93" electricity="0.00" noise="123.74" route="routetop" type="cfm-fast" waiting="0.00" lane="top_0" pos="37.29" speed="9.87" angle="207.43" x="0.46" y="90.37"/>
        <vehicle id="cfm-fast_3" eclass="HBEFA3/PC_G_EU4" CO2="39358.89" CO="787.32" HC="4.56" NOx="18.27" PMx="0.99" fuel="16.92" electricity="0.00" noise="123.69" route="routeleft" type="cfm-fast" waiting="0.00" lane="left_0" pos="3.96" speed="9.87" angle="177.41" x="-4.41" y="55.07"/>
        <vehicle id="cfm-fast_4" eclass="HBEFA3/PC_G_EU4" CO2="38992.37" CO="779.91" HC="4.51" NOx="18.10" PMx="0.98" fuel="16.76" electricity="0.00" noise="123.15" route="routeleft" type="cfm-fast" waiting="0.00" lane="left_0" pos="20.63" speed="9.85" angle="147.35" x="8.97" y="22.24"/>
        <vehicle id="cfm-fast_5" eclass="HBEFA3/PC_G_EU4" CO2="36505.19" CO="730.15" HC="4.23" NOx="16.93" PMx="0.91" fuel="15.69" electricity="0.00" noise="119.75" route="routeleft" type="cfm-fast" waiting="0.00" lane="left_0" pos="37.27" speed="9.70" angle="117.45" x="36.91" y="0.48"/>
        <vehicle id="cfm-slow_0" eclass="HBEFA3/PC_G_EU4" CO2="29113.69" CO="587.52" HC="3.39" NOx="13.47" PMx="0.72" fuel="12.51" electricity="0.00" noise="111.65" route="routebottom" type="cfm-slow" waiting="0.00" lane="bottom_0" pos="3.73" speed="8.75" angle="87.80" x="71.77" y="-4.47"/>
        <vehicle id="cfm-slow_1" eclass="HBEFA3/PC_G_EU4" CO2="29113.89" CO="587.52" HC="3.39" NOx="13.47" PMx="0.72" fuel="12.51" electricity="0.00" noise="111.65" route="routebottom" type="cfm-slow" waiting="0.00" lane="bottom_0" pos="20.40" speed="8.75" angle="57.72" x="104.70" y="8.68"/>
        <vehicle id="cfm-slow_2" eclass="HBEFA3/PC_G_EU4" CO2="29116.89" CO="587.58" HC="3.39" NOx="13.47" PMx="0.72" fuel="12.52" electricity="0.00" noise="111.66" route="routebottom" type="cfm-slow" waiting="0.00" lane="bottom_0" pos="37.07" speed="8.75" angle="27.73" x="126.67" y="36.51"/>
        <vehicle id="cfm-slow_3" eclass="HBEFA3/PC_G_EU4" CO2="29153.81" CO="588.33" HC="3.40" NOx="13.49" PMx="0.72" fuel="12.53" electricity="0.00" noise="111.72" route="routeright" type="cfm-slow" waiting="0.00" lane="right_0" pos="3.73" speed="8.75" angle="357.80" x="131.80" y="71.77"/>
        <vehicle id="cfm-slow_4" eclass="HBEFA3/PC_G_EU4" CO2="29496.80" CO="595.20" HC="3.44" NOx="13.65" PMx="0.73" fuel="12.68" electricity="0.00" noise="112.28" route="routeright" type="cfm-slow" waiting="0.00" lane="right_0" pos="20.40" speed="8.76" angle="327.72" x="118.64" y="104.70"/>
        <vehicle id="cfm-slow_5" eclass="HBEFA3/PC_G_EU4" CO2="31678.98" CO="638.49" HC="3.69" NOx="14.67" PMx="0.79" fuel="13.62" electricity="0.00" noise="115.53" route="routeright" type="cfm-slow" waiting="0.00" lane="right_0" pos="37.09" speed="8.92" angle="297.70" x="90.77" y="126.69"/>
    </timestep>
    <timestep time="0.58">
        <vehicle id="cfm-fast_0" eclass="HBEFA3/PC_G_EU4" CO2="39596.48" CO="790.86" HC="4.58" NOx="18.38" PMx="0.99" fuel="17.02" electricity="0.00" noise="123.23" route="routetop" type="cfm-fast" waiting="0.00" lane="top_0" pos="4.06" speed="10.01" angle="267.23" x="54.86" y="131.70"/>
        <vehicle id="cfm-fast_1" eclass="HBEFA3/PC_G_EU4" CO2="39596.36" CO="790.86" HC="4.58" NOx="18.38" PMx="0.99" fuel="17.02" electricity="0.00" noise="123.23" route="routetop" type="cfm-fast" waiting="0.00" lane="top_0" pos="20.73" speed="10.01" angle="237.17" x="22.07" y="118.22"/>
        <vehicle id="cfm-fast_2" eclass="HBEFA3/PC_G_EU4" CO2="39593.97" CO="790.81" HC="4.58" NOx="18.38" PMx="0.99" fuel="17.02" electricity="0.00" noise="123.23" route="routetop" type="cfm-fast" waiting="0.00" lane="top_0" pos="37.39" speed="10.01" angle="207.24" x="0.38" y="90.17"/>
        <vehicle id="cfm-fast_3" eclass="HBEFA3/PC_G_EU4" CO2="39557.44" CO="790.07" HC="4.57" NOx="18.36" PMx="0.99" fuel="17.00" electricity="0.00" noise="123.17" route="routeleft" type="cfm-fast" waiting="0.00" lane="left_0" pos="4.06" speed="10.01" angle="177.23" x="-4.38" y="54.86"/>
        <vehicle id="cfm-fast_4" eclass="HBEFA3/PC_G_EU4" CO2="39166.65" CO="782.17" HC="4.53" NOx="18.18" PMx="0.98" fuel="16.84" electricity="0.00" noise="122.60" route="routeleft" type="cfm-fast" waiting="0.00" lane="left_0" pos="20.73" speed="10.00" angle="147.16" x="9.11" y="22.07"/>
        <vehicle id="cfm-fast_5" eclass="HBEFA3/PC_G_EU4" CO2="36605.26" CO="730.93" HC="4.23" NOx="16.98" PMx="0.91" fuel="15.73" electricity="0.00" noise="119.16" route="routeleft" type="cfm-fast" waiting="0.00" lane="left_0" pos="37.37" speed="9.84" angle="117.27" x="37.11" y="0.40"/>
        <vehicle id="cfm-slow_0" eclass="HBEFA3/PC_G_EU4" CO2="29228.72" CO="588.67" HC="3.40" NOx="13.52" PMx="0.72" fuel="12.56" electricity="0.00" noise="111.23" route="routebottom" type="cfm-slow" waiting="0.00" lane="bottom_0" pos="3.82" speed="8.86" angle="87.66" x="71.96" y="-4.45"/>
        <vehicle id="cfm-slow_1" eclass="HBEFA3/PC_G_EU4" CO2="29228.94" CO="588.68" HC="3.40" NOx="13.52" PMx="0.72" fuel="12.56" electricity="0.00" noise="111.23" route="routebottom" type="cfm-slow" waiting="0.00" lane="bottom_0" pos="20.49" speed="8.86" angle="57.60" x="104.85" y="8.79"/>
        <vehicle id="cfm-slow_2" eclass="HBEFA3/PC_G_EU4" CO2="29232.29" CO="588.74" HC="3.40" NOx="13.52" PMx="0.72" fuel="12.57" electricity="0.00" noise="111.23" route="routebottom" type="cfm-slow" waiting="0.00" lane="bottom_0" pos="37.16" speed="8.86" angle="27.61" x="126.75" y="36.68"/>
        <vehicle id="cfm-slow_3" eclass="HBEFA3/PC_G_EU4" CO2="29272.47" CO="589.55" HC="3.41" NOx="13.54" PMx="0.72" fuel="12.58" electricity="0.00" noise="111.30" route="routeright" type="cfm-slow" waiting="0.00" lane="right_0" pos="3.82" speed="8.86" angle="357.66" x="131.78" y="71.96"/>
        <vehicle id="cfm-slow_4" eclass="HBEFA3/PC_G_EU4" CO2="29635.83" CO="596.84" HC="3.45" NOx="13.71" PMx="0.73" fuel="12.74" electricity="0.00" noise="111.89" route="routeright" type="cfm-slow" waiting="0.00" lane="right_0" pos="20.49" speed="8.88" angle="327.60" x="118.53" y="104.85"/>
        <vehicle id="cfm-slow_5" eclass="HBEFA3/PC_G_EU4" CO2="31884.62" CO="641.44" HC="3.71" NOx="14.77" PMx="0.79" fuel="13.71" electricity="0.00" noise="115.18" route="routeright" type="cfm-slow" waiting="0.00" lane="right_0" pos="37.18" speed="9.05" angle="297.57" x="90.59" y="126.77"/>
    </timestep>
    <timestep time="0.59">
        <vehicle id="cfm-fast_0" eclass="HBEFA3/PC_G_EU4" CO2="39787.63" CO="793.48" HC="4.60" NOx="18.47" PMx="1.00" fuel="17.10" electricity="0.00" noise="122.72" route="routetop" type="cfm-fast" waiting="0.00" lane="top_0" pos="4.16" speed="10.16" angle="267.05" x="54.64" y="131.67"/>
        <vehicle id="cfm-fast_1" eclass="HBEFA3/PC_G_EU4" CO2="39787.49" CO="793.48" HC="4.60" NOx="18.47" PMx="1.00" fuel="17.10" electricity="0.00" noise="122.72" route="routetop" type="cfm-fast" waiting="0.00" lane="top_0" pos="20.83" speed="10.16" angle="236.98" x="21.90" y="118.08"/>
        <vehicle id="cfm-fast_2" eclass="HBEFA3/PC_G_EU4" CO2="39784.75" CO="793.42" HC="4.59" NOx="18.47" PMx="1.00" fuel="17.10" electricity="0.00" noise="122.71" route="routetop" type="cfm-fast" waiting="0.00" lane="top_0" pos="37.50" speed="10.16" angle="207.05" x="0.30" y="89.97"/>
        <vehicle id="cfm-fast_3" eclass="HBEFA3/PC_G_EU4" CO2="39744.48" CO="792.60" HC="4.59" NOx="18.45" PMx="0.99" fuel="17.08" electricity="0.00" noise="122.65" route="routeleft" type="cfm-fast" waiting="0.00" lane="left_0" pos="4.16" speed="10.15" angle="177.05" x="-4.35" y="54.64"/>
        <vehicle id="cfm-fast_4" eclass="HBEFA3/PC_G_EU4" CO2="39328.78" CO="784.20" HC="4.54" NOx="18.25" PMx="0.98" fuel="16.91" electricity="0.00" noise="122.06" route="routeleft" type="cfm-fast" waiting="0.00" lane="left_0" pos="20.83" speed="10.14" angle="146.98" x="9.24" y="21.90"/>
        <vehicle id="cfm-fast_5" eclass="HBEFA3/PC_G_EU4" CO2="36694.15" CO="731.51" HC="4.24" NOx="17.01" PMx="0.92" fuel="15.77" electricity="0.00" noise="118.57" route="routeleft" type="cfm-fast" waiting="0.00" lane="left_0" pos="37.47" speed="9.97" angle="117.09" x="37.31" y="0.32"/>
        <vehicle id="cfm-slow_0" eclass="HBEFA3/PC_G_EU4" CO2="29336.40" CO="589.70" HC="3.41" NOx="13.57" PMx="0.73" fuel="12.61" electricity="0.00" noise="110.81" route="routebottom" type="cfm-slow" waiting="0.00" lane="bottom_0" pos="3.91" speed="8.98" angle="87.49" x="72.15" y="-4.42"/>
        <vehicle id="cfm-slow_1" eclass="HBEFA3/PC_G_EU4" CO2="29336.66" CO="589.70" HC="3.41" NOx="13.57" PMx="0.73" fuel="12.61" electricity="0.00" noise="110.81" route="routebottom" type="cfm-slow" waiting="0.00" lane="bottom_0" pos="20.58" speed="8.98" angle="57.44" x="105.01" y="8.91"/>
        <vehicle id="cfm-slow_2" eclass="HBEFA3/PC_G_EU4" CO2="29340.39" CO="589.78" HC="3.41" NOx="13.57" PMx="0.73" fuel="12.61" electricity="0.00" noise="110.81" route="routebottom" type="cfm-slow" waiting="0.00" lane="bottom_0" pos="37.24" speed="8.98" angle="27.47" x="126.82" y="36.86"/>
        <vehicle id="cfm-slow_3" eclass="HBEFA3/PC_G_EU4" CO2="29384.00" CO="590.66" HC="3.41" NOx="13.59" PMx="0.73" fuel="12.63" electricity="0.00" noise="110.89" route="routeright" type="cfm-slow" waiting="0.00" lane="right_0" pos="3.91" speed="8.98" angle="357.49" x="131.75" y="72.15"/>
        <vehicle id="cfm-slow_4" eclass="HBEFA3/PC_G_EU4" CO2="29768.27" CO="598.36" HC="3.46" NOx="13.77" PMx="0.74" fuel="12.80" electricity="0.00" noise="111.50" route="routeright" type="cfm-slow" waiting="0.00" lane="right_0" pos="20.58" speed="9.00" angle="327.44" x="118.41" y="105.01"/>
        <vehicle id="cfm-slow_5" eclass="HBEFA3/PC_G_EU4" CO2="32083.03" CO="644.26" HC="3.72" NOx="14.86" PMx="0.80" fuel="13.79" electricity="0.00" noise="114.84" route="routeright" type="cfm-slow" waiting="0.00" lane="right_0" pos="37.27" speed="9.18" angle="297.42" x="90.41" y="126.84"/>
    </timestep>
    <timestep time="0.60">
        <vehicle id="cfm-fast_0" eclass="HBEFA3/PC_G_EU4" CO2="39967.81" CO="795.90" HC="4.61" NOx="18.55" PMx="1.00" fuel="17.18" electricity="0.00" noise="122.21" route="routetop" type="cfm-fast" waiting="0.00" lane="top_0" pos="4.27" speed="10.30" angle="266.86" x="54.42" y="131.64"/>
        <vehicle id="cfm-fast_1" eclass="HBEFA3/PC_G_EU4" CO2="39967.64" CO="795.90" HC="4.61" NOx="18.55" PMx="1.00" fuel="17.18" electricity="0.00" noise="122.21" route="routetop" type="cfm-fast" waiting="0.00" lane="top_0" pos="20.93" speed="10.30" angle="236.79" x="21.73" y="117.94"/>
        <vehicle id="cfm-fast_2" eclass="HBEFA3/PC_G_EU4" CO2="39964.52" CO="795.83" HC="4.61" NOx="18.55" PMx="1.00" fuel="17.18" electricity="0.00" noise="122.21" route="routetop" type="cfm-fast" waiting="0.00" lane="top_0" pos="37.60" speed="10.30" angle="206.87" x="0.22" y="89.77"/>
        <vehicle id="cfm-fast_3" eclass="HBEFA3/PC_G_EU4" CO2="39920.27" CO="794.94" HC="4.60" NOx="18.53" PMx="1.00" fuel="17.16" electricity="0.00" noise="122.14" route="routeleft" type="cfm-fast" waiting="0.00" lane="left_0" pos="4.27" speed="10.30" angle="176.86" x="-4.32" y="54.42"/>
        <vehicle id="cfm-fast_4" eclass="HBEFA3/PC_G_EU4" CO2="39479.06" CO="786.02" HC="4.55" NOx="18.32" PMx="0.99" fuel="16.97" electricity="0.00" noise="121.52" route="routeleft" type="cfm-fast" waiting="0.00" lane="left_0" pos="20.93" speed="10.28" angle="146.79" x="9.38" y="21.73"/>
        <vehicle id="cfm-fast_5" eclass="HBEFA3/PC_G_EU4" CO2="36772.18" CO="731.89" HC="4.24" NOx="17.05" PMx="0.92" fuel="15.81" electricity="0.00" noise="117.99" route="routeleft" type="cfm-fast" waiting="0.00" lane="left_0" pos="37.57" speed="10.10" angle="116.90" x="37.51" y="0.24"/>
        <vehicle id="cfm-slow_0" eclass="HBEFA3/PC_G_EU4" CO2="29436.92" CO="590.60" HC="3.41" NOx="13.61" PMx="0.73" fuel="12.65" electricity="0.00" noise="110.39" route="routebottom" type="cfm-slow" waiting="0.00" lane="bottom_0" pos="4.00" speed="9.09" angle="87.33" x="72.35" y="-4.39"/>
        <vehicle id="cfm-slow_1" eclass="HBEFA3/PC_G_EU4" CO2="29437.21" CO="590.61" HC="3.41" NOx="13.61" PMx="0.73" fuel="12.65" electricity="0.00" noise="110.39" route="routebottom" type="cfm-slow" waiting="0.00" lane="bottom_0" pos="20.67" speed="9.09" angle="57.28" x="105.16" y="9.03"/>
        <vehicle id="cfm-slow_2" eclass="HBEFA3/PC_G_EU4" CO2="29441.36" CO="590.69" HC="3.41" NOx="13.61" PMx="0.73" fuel="12.66" electricity="0.00" noise="110.40" route="routebottom" type="cfm-slow" waiting="0.00" lane="bottom_0" pos="37.34" speed="9.09" angle="27.30" x="126.89" y="37.04"/>
        <vehicle id="cfm-slow_3" eclass="HBEFA3/PC_G_EU4" CO2="29488.59" CO="591.64" HC="3.42" NOx="13.64" PMx="0.73" fuel="12.68" electricity="0.00" noise="110.48" route="routeright" type="cfm-slow" waiting="0.00" lane="right_0" pos="4.00" speed="9.10" angle="357.33" x="131.72" y="72.35"/>
        <vehicle id="cfm-slow_4" eclass="HBEFA3/PC_G_EU4" CO2="29894.29" CO="599.77" HC="3.47" NOx="13.83" PMx="0.74" fuel="12.85" electricity="0.00" noise="111.11" route="routeright" type="cfm-slow" waiting="0.00" lane="right_0" pos="20.67" speed="9.12" angle="327.27" x="118.29" y="105.16"/>
        <vehicle id="cfm-slow_5" eclass="HBEFA3/PC_G_EU4" CO2="32274.33" CO="646.96" HC="3.74" NOx="14.95" PMx="0.80" fuel="13.87" electricity="0.00" noise="114.50" route="routeright" type="cfm-slow" waiting="0.00" lane="right_0" pos="37.37" speed="9.30" angle="297.25" x="90.23" y="126.92"/>
    </timestep>
    <timestep time="0.61">
        <vehicle id="cfm-fast_0" eclass="HBEFA3/PC_G_EU4" CO2="40137.28" CO="798.13" HC="4.62" NOx="18.63" PMx="1.00" fuel="17.25" electricity="0.00" noise="121.71" route="routetop" type="cfm-fast" waiting="0.00" lane="top_0" pos="4.37" speed="10.44" angle="266.67" x="54.20" y="131.61"/>
        <vehicle id="cfm-fast_1" eclass="HBEFA3/PC_G_EU4" CO2="40137.08" CO="798.13" HC="4.62" NOx="18.63" PMx="1.00" fuel="17.25" electricity="0.00" noise="121.71" route="routetop" type="cfm-fast" waiting="0.00" lane="top_0" pos="21.04" speed="10.44" angle="236.60" x="21.55" y="117.81"/>
        <vehicle id="cfm-fast_2" eclass="HBEFA3/PC_G_EU4" CO2="40133.54" CO="798.06" HC="4.62" NOx="18.63" PMx="1.00" fuel="17.25" electricity="0.00" noise="121.70" route="routetop" type="cfm-fast" waiting="0.00" lane="top_0" pos="37.70" speed="10.44" angle="206.67" x="0.14" y="89.56"/>
        <vehicle id="cfm-fast_3" eclass="HBEFA3/PC_G_EU4" CO2="40085.07" CO="797.07" HC="4.62" NOx="18.60" PMx="1.00" fuel="17.23" electricity="0.00" noise="121.63" route="routeleft" type="cfm-fast" waiting="0.00" lane="left_0" pos="4.37" speed="10.43" angle="176.67" x="-4.28" y="54.20"/>
        <vehicle id="cfm-fast_4" eclass="HBEFA3/PC_G_EU4" CO2="39617.75" CO="787.63" HC="4.56" NOx="18.38" PMx="0.99" fuel="17.03" electricity="0.00" noise="120.99" route="routeleft" type="cfm-fast" waiting="0.00" lane="left_0" pos="21.03" speed="10.41" angle="146.60" x="9.51" y="21.55"/>
        <vehicle id="cfm-fast_5" eclass="HBEFA3/PC_G_EU4" CO2="36839.69" CO="732.09" HC="4.24" NOx="17.08" PMx="0.92" fuel="15.84" electricity="0.00" noise="117.42" route="routeleft" type="cfm-fast" waiting="0.00" lane="left_0" pos="37.68" speed="10.23" angle="116.72" x="37.72" y="0.16"/>
        <vehicle id="cfm-slow_0" eclass="HBEFA3/PC_G_EU4" CO2="29530.46" CO="591.38" HC="3.42" NOx="13.65" PMx="0.73" fuel="12.69" electricity="0.00" noise="109.98" route="routebottom" type="cfm-slow" waiting="0.00" lane="bottom_0" pos="4.09" speed="9.21" angle="87.16" x="72.54" y="-4.36"/>
        <vehicle id="cfm-slow_1" eclass="HBEFA3/PC_G_EU4" CO2="29530.79" CO="591.39" HC="3.42" NOx="13.65" PMx="0.73" fuel="12.69" electricity="0.00" noise="109.98" route="routebottom" type="cfm-slow" waiting="0.00" lane="bottom_0" pos="20.76" speed="9.21" angle="57.11" x="105.32" y="9.15"/>
        <vehicle id="cfm-slow_2" eclass="HBEFA3/PC_G_EU4" CO2="29535.38" CO="591.48" HC="3.42" NOx="13.66" PMx="0.73" fuel="12.70" electricity="0.00" noise="109.99" route="routebottom" type="cfm-slow" waiting="0.00" lane="bottom_0" pos="37.43" speed="9.21" angle="27.14" x="126.97" y="37.22"/>
        <vehicle id="cfm-slow_3" eclass="HBEFA3/PC_G_EU4" CO2="29586.43" CO="592.51" HC="3.43" NOx="13.68" PMx="0.73" fuel="12.72" electricity="0.00" noise="110.07" route="routeright" type="cfm-slow" waiting="0.00" lane="right_0" pos="4.09" speed="9.21" angle="357.16" x="131.69" y="72.54"/>
        <vehicle id="cfm-slow_4" eclass="HBEFA3/PC_G_EU4" CO2="30014.04" CO="601.08" HC="3.48" NOx="13.88" PMx="0.74" fuel="12.90" electricity="0.00" noise="110.73" route="routeright" type="cfm-slow" waiting="0.00" lane="right_0" pos="20.76" speed="9.23" angle="327.11" x="118.17" y="105.32"/>
        <vehicle id="cfm-slow_5" eclass="HBEFA3/PC_G_EU4" CO2="32458.66" CO="649.54" HC="3.76" NOx="15.03" PMx="0.81" fuel="13.95" electricity="0.00" noise="114.16" route="routeright" type="cfm-slow" waiting="0.00" lane="right_0" pos="37.46" speed="9.42" angle="297.08" x="90.04" y="126.99"/>
    </timestep>
    <timestep time="0.62">
        <vehicle id="cfm-fast_0" eclass="HBEFA3/PC_G_EU4" CO2="40296.29" CO="800.17" HC="4.64" NOx="18.70" PMx="1.01" fuel="17.32" electricity="0.00" noise="121.21" route="routetop" type="cfm-fast" waiting="0.00" lane="top_0" pos="4.48" speed="10.57" angle="266.48" x="53.97" y="131.58"/>
        <vehicle id="cfm-fast_1" eclass="HBEFA3/PC_G_EU4" CO2="40296.06" CO="800.17" HC="4.64" NOx="18.70" PMx="1.01" fuel="17.32" electricity="0.00" noise="121.21" route="routetop" type="cfm-fast" waiting="0.00" lane="top_0" pos="21.14" speed="10.57" angle="236.40" x="21.37" y="117.67"/>
        <vehicle id="cfm-fast_2" eclass="HBEFA3/PC_G_EU4" CO2="40292.06" CO="800.09" HC="4.64" NOx="18.70" PMx="1.01" fuel="17.32" electricity="0.00" noise="121.21" route="routetop" type="cfm-fast" waiting="0.00" lane="top_0" pos="37.81" speed="10.57" angle="206.48" x="0.05" y="89.35"/>
        <vehicle id="cfm-fast_3" eclass="HBEFA3/PC_G_EU4" CO2="40239.15" CO="799.01" HC="4.63" NOx="18.67" PMx="1.01" fuel="17.30" electricity="0.00" noise="121.13" route="routeleft" type="cfm-fast" waiting="0.00" lane="left_0" pos="4.48" speed="10.57" angle="176.48" x="-4.25" y="53.97"/>
        <vehicle id="cfm-fast_4" eclass="HBEFA3/PC_G_EU4" CO2="39745.13" CO="789.03" HC="4.57" NOx="18.44" PMx="0.99" fuel="17.08" electricity="0.00" noise="120.45" route="routeleft" type="cfm-fast" waiting="0.00" lane="left_0" pos="21.14" speed="10.55" angle="146.40" x="9.65" y="21.37"/>
        <vehicle id="cfm-fast_5" eclass="HBEFA3/PC_G_EU4" CO2="36896.99" CO="732.10" HC="4.24" NOx="17.10" PMx="0.92" fuel="15.86" electricity="0.00" noise="116.85" route="routeleft" type="cfm-fast" waiting="0.00" lane="left_0" pos="37.78" speed="10.36" angle="116.53" x="37.92" y="0.07"/>
        <vehicle id="cfm-slow_0" eclass="HBEFA3/PC_G_EU4" CO2="29617.19" CO="592.04" HC="3.42" NOx="13.69" PMx="0.73" fuel="12.73" electricity="0.00" noise="109.57" route="routebottom" type="cfm-slow" waiting="0.00" lane="bottom_0" pos="4.19" speed="9.32" angle="86.99" x="72.74" y="-4.34"/>
        <vehicle id="cfm-slow_1" eclass="HBEFA3/PC_G_EU4" CO2="29617.56" CO="592.05" HC="3.43" NOx="13.69" PMx="0.73" fuel="12.73" electricity="0.00" noise="109.57" route="routebottom" type="cfm-slow" waiting="0.00" lane="bottom_0" pos="20.85" speed="9.32" angle="56.94" x="105.47" y="9.28"/>
        <vehicle id="cfm-slow_2" eclass="HBEFA3/PC_G_EU4" CO2="29622.63" CO="592.15" HC="3.43" NOx="13.69" PMx="0.73" fuel="12.73" electricity="0.00" noise="109.58" route="routebottom" type="cfm-slow" waiting="0.00" lane="bottom_0" pos="37.52" speed="9.32" angle="26.97" x="127.04" y="37.41"/>
        <vehicle id="cfm-slow_3" eclass="HBEFA3/PC_G_EU4" CO2="29677.69" CO="593.26" HC="3.43" NOx="13.72" PMx="0.73" fuel="12.76" electricity="0.00" noise="109.67" route="routeright" type="cfm-slow" waiting="0.00" lane="right_0" pos="4.19" speed="9.32" angle="356.99" x="131.66" y="72.74"/>
        <vehicle id="cfm-slow_4" eclass="HBEFA3/PC_G_EU4" CO2="30127.70" CO="602.28" HC="3.48" NOx="13.93" PMx="0.75" fuel="12.95" electricity="0.00" noise="110.36" route="routeright" type="cfm-slow" waiting="0.00" lane="right_0" pos="20.86" speed="9.35" angle="326.94" x="118.04" y="105.48"/>
        <vehicle id="cfm-slow_5" eclass="HBEFA3/PC_G_EU4" CO2="32636.13" CO="651.99" HC="3.77" NOx="15.11" PMx="0.81" fuel="14.03" electricity="0.00" noise="113.83" route="routeright" type="cfm-slow" waiting="0.00" lane="right_0" pos="37.56" speed="9.55" angle="296.91" x="89.85" y="127.07"/>
    </timestep>
    <timestep time="0.63">
        <vehicle id="cfm-fast_0" eclass="HBEFA3/PC_G_EU4" CO2="40445.12" CO="802.03" HC="4.65" NOx="18.77" PMx="1.01" fuel="17.39" electricity="0.00" noise="120.72" route="routetop" type="cfm-fast" waiting="0.00" lane="top_0" pos="4.58" speed="10.71" angle="266.29" x="53.75" y="131.55"/>
        <vehicle id="cfm-fast_1" eclass="HBEFA3/PC_G_EU4" CO2="40444.85" CO="802.03" HC="4.65" NOx="18.76" PMx="1.01" fuel="17.39" electricity="0.00" noise="120.72" route="routetop" type="cfm-fast" waiting="0.00" lane="top_0" pos="21.25" speed="10.71" angle="236.21" x="21.19" y="117.52"/>
        <vehicle id="cfm-fast_2" eclass="HBEFA3/PC_G_EU4" CO2="40440.34" CO="801.94" HC="4.65" NOx="18.76" PMx="1.01" fuel="17.38" electricity="0.00" noise="120.71" route="routetop" type="cfm-fast" waiting="0.00" lane="top_0" pos="37.92" speed="10.71" angle="206.28" x="-0.03" y="89.13"/>
        <vehicle id="cfm-fast_3" eclass="HBEFA3/PC_G_EU4" CO2="40382.74" CO="800.77" HC="4.64" NOx="18.74" PMx="1.01" fuel="17.36" electricity="0.00" noise="120.63" route="routeleft" type="cfm-fast" waiting="0.00" lane="left_0" pos="4.58" speed="10.71" angle="176.28" x="-4.22" y="53.75"/>
        <vehicle id="cfm-fast_4" eclass="HBEFA3/PC_G_EU4" CO2="39861.47" CO="790.23" HC="4.58" NOx="18.49" PMx="1.00" fuel="17.13" electricity="0.00" noise="119.93" route="routeleft" type="cfm-fast" waiting="0.00" lane="left_0" pos="21.25" speed="10.69" angle="146.21" x="9.80" y="21.19"/>
        <vehicle id="cfm-fast_5" eclass="HBEFA3/PC_G_EU4" CO2="36944.39" CO="731.93" HC="4.24" NOx="17.12" PMx="0.92" fuel="15.88" electricity="0.00" noise="116.29" route="routeleft" type="cfm-fast" waiting="0.00" lane="left_0" pos="37.88" speed="10.49" angle="116.33" x="38.13" y="-0.01"/>
        <vehicle id="cfm-slow_0" eclass="HBEFA3/PC_G_EU4" CO2="29697.27" CO="592.59" HC="3.43" NOx="13.73" PMx="0.73" fuel="12.77" electricity="0.00" noise="109.17" route="routebottom" type="cfm-slow" waiting="0.00" lane="bottom_0" pos="4.28" speed="9.43" angle="86.82" x="72.94" y="-4.31"/>
        <vehicle id="cfm-slow_1" eclass="HBEFA3/PC_G_EU4" CO2="29697.69" CO="592.59" HC="3.43" NOx="13.73" PMx="0.73" fuel="12.77" electricity="0.00" noise="109.17" route="routebottom" type="cfm-slow" waiting="0.00" lane="bottom_0" pos="20.95" speed="9.43" angle="56.77" x="105.63" y="9.40"/>
        <vehicle id="cfm-slow_2" eclass="HBEFA3/PC_G_EU4" CO2="29703.28" CO="592.71" HC="3.43" NOx="13.73" PMx="0.73" fuel="12.77" electricity="0.00" noise="109.18" route="routebottom" type="cfm-slow" waiting="0.00" lane="bottom_0" pos="37.62" speed="9.43" angle="26.80" x="127.12" y="37.60"/>
        <vehicle id="cfm-slow_3" eclass="HBEFA3/PC_G_EU4" CO2="29762.55" CO="593.90" HC="3.44" NOx="13.76" PMx="0.74" fuel="12.79" electricity="0.00" noise="109.27" route="routeright" type="cfm-slow" waiting="0.00" lane="right_0" pos="4.28" speed="9.44" angle="356.82" x="131.64" y="72.94"/>
        <vehicle id="cfm-slow_4" eclass="HBEFA3/PC_G_EU4" CO2="30235.43" CO="603.38" HC="3.49" NOx="13.98" PMx="0.75" fuel="13.00" electricity="0.00" noise="109.99" route="routeright" type="cfm-slow" waiting="0.00" lane="right_0" pos="20.95" speed="9.46" angle="326.76" x="117.92" y="105.64"/>
        <vehicle id="cfm-slow_5" eclass="HBEFA3/PC_G_EU4" CO2="32806.88" CO="654.34" HC="3.79" NOx="15.19" PMx="0.81" fuel="14.10" electricity="0.00" noise="113.49" route="routeright" type="cfm-slow" waiting="0.00" lane="right_0" pos="37.65" speed="9.67" angle="296.74" x="89.65" y="127.14"/>
    </timestep>
    <timestep time="0.64">
        <vehicle id="cfm-fast_0" eclass="HBEFA3/PC_G_EU4" CO2="40584.00" CO="803.71" HC="4.66" NOx="18.83" PMx="1.02" fuel="17.44" electricity="0.00" noise="120.23" route="routetop" type="cfm-fast" waiting="0.00" lane="top_0" pos="4.69" speed="10.85" angle="266.09" x="53.52" y="131.51"/>
        <vehicle id="cfm-fast_1" eclass="HBEFA3/PC_G_EU4" CO2="40583.69" CO="803.71" HC="4.66" NOx="18.83" PMx="1.01" fuel="17.44" electricity="0.00" noise="120.23" route="routetop" type="cfm-fast" waiting="0.00" lane="top_0" pos="21.36" speed="10.85" angle="236.01" x="21.01" y="117.38"/>
        <vehicle id="cfm-fast_2" eclass="HBEFA3/PC_G_EU4" CO2="40578.64" CO="803.60" HC="4.66" NOx="18.82" PMx="1.01" fuel="17.44" electricity="0.00" noise="120.22" route="routetop" type="cfm-fast" waiting="0.00" lane="top_0" pos="38.02" speed="10.85" angle="206.08" x="-0.12" y="88.92"/>
        <vehicle id="cfm-fast_3" eclass="HBEFA3/PC_G_EU4" CO2="40516.10" CO="802.33" HC="4.65" NOx="18.80" PMx="1.01" fuel="17.42" electricity="0.00" noise="120.14" route="routeleft" type="cfm-fast" waiting="0.00" lane="left_0" pos="4.69" speed="10.85" angle="176.09" x="-4.19" y="53.51"/>
        <vehicle id="cfm-fast_4" eclass="HBEFA3/PC_G_EU4" CO2="39967.04" CO="791.24" HC="4.59" NOx="18.54" PMx="1.00" fuel="17.18" electricity="0.00" noise="119.41" route="routeleft" type="cfm-fast" waiting="0.00" lane="left_0" pos="21.35" speed="10.82" angle="146.01" x="9.94" y="21.01"/>
        <vehicle id="cfm-fast_5" eclass="HBEFA3/PC_G_EU4" CO2="36982.19" CO="731.60" HC="4.24" NOx="17.13" PMx="0.92" fuel="15.90" electricity="0.00" noise="115.73" route="routeleft" type="cfm-fast" waiting="0.00" lane="left_0" pos="37.99" speed="10.61" angle="116.14" x="38.34" y="-0.10"/>
        <vehicle id="cfm-slow_0" eclass="HBEFA3/PC_G_EU4" CO2="29770.88" CO="593.02" HC="3.43" NOx="13.76" PMx="0.74" fuel="12.80" electricity="0.00" noise="108.77" route="routebottom" type="cfm-slow" waiting="0.00" lane="bottom_0" pos="4.38" speed="9.55" angle="86.65" x="73.15" y="-4.28"/>
        <vehicle id="cfm-slow_1" eclass="HBEFA3/PC_G_EU4" CO2="29771.36" CO="593.03" HC="3.43" NOx="13.76" PMx="0.74" fuel="12.80" electricity="0.00" noise="108.77" route="routebottom" type="cfm-slow" waiting="0.00" lane="bottom_0" pos="21.04" speed="9.55" angle="56.59" x="105.80" y="9.53"/>
        <vehicle id="cfm-slow_2" eclass="HBEFA3/PC_G_EU4" CO2="29777.50" CO="593.15" HC="3.43" NOx="13.76" PMx="0.74" fuel="12.80" electricity="0.00" noise="108.78" route="routebottom" type="cfm-slow" waiting="0.00" lane="bottom_0" pos="37.71" speed="9.55" angle="26.63" x="127.19" y="37.79"/>
        <vehicle id="cfm-slow_3" eclass="HBEFA3/PC_G_EU4" CO2="29841.17" CO="594.43" HC="3.44" NOx="13.79" PMx="0.74" fuel="12.83" electricity="0.00" noise="108.88" route="routeright" type="cfm-slow" waiting="0.00" lane="right_0" pos="4.38" speed="9.55" angle="356.65" x="131.61" y="73.15"/>
        <vehicle id="cfm-slow_4" eclass="HBEFA3/PC_G_EU4" CO2="30337.39" CO="604.38" HC="3.50" NOx="14.02" PMx="0.75" fuel="13.04" electricity="0.00" noise="109.62" route="routeright" type="cfm-slow" waiting="0.00" lane="right_0" pos="21.05" speed="9.58" angle="326.59" x="117.79" y="105.80"/>
        <vehicle id="cfm-slow_5" eclass="HBEFA3/PC_G_EU4" CO2="32971.02" CO="656.56" HC="3.80" NOx="15.26" PMx="0.82" fuel="14.17" electricity="0.00" noise="113.16" route="routeright" type="cfm-slow" waiting="0.00" lane="right_0" pos="37.75" speed="9.79" angle="296.56" x="89.46" y="127.22"/>
    </timestep>
    <timestep time="0.65">
        <vehicle id="cfm-fast_0" eclass="HBEFA3/PC_G_EU4" CO2="40713.18" CO="805.22" HC="4.67" NOx="18.88" PMx="1.02" fuel="17.50" electricity="0.00" noise="119.75" route="routetop" type="cfm-fast" waiting="0.00" lane="top_0" pos="4.80" speed="10.98" angle="265.89" x="53.28" y="131.48"/>
        <vehicle id="cfm-fast_1" eclass="HBEFA3/PC_G_EU4" CO2="40712.83" CO="805.21" HC="4.67" NOx="18.88" PMx="1.02" fuel="17.50" electricity="0.00" noise="119.75" route="routetop" type="cfm-fast" waiting="0.00" lane="top_0" pos="21.47" speed="10.98" angle="235.81" x="20.82" y="117.23"/>
        <vehicle id="cfm-fast_2" eclass="HBEFA3/PC_G_EU4" CO2="40707.19" CO="805.10" HC="4.67" NOx="18.88" PMx="1.02" fuel="17.50" electricity="0.00" noise="119.74" route="routetop" type="cfm-fast" waiting="0.00" lane="top_0" pos="38.13" speed="10.98" angle="205.88" x="-0.21" y="88.70"/>
        <vehicle id="cfm-fast_3" eclass="HBEFA3/PC_G_EU4" CO2="40639.46" CO="803.72" HC="4.66" NOx="18.85" PMx="1.02" fuel="17.47" electricity="0.00" noise="119.64" route="routeleft" type="cfm-fast" waiting="0.00" lane="left_0" pos="4.80" speed="10.98" angle="175.89" x="-4.16" y="53.28"/>
        <vehicle id="cfm-fast_4" eclass="HBEFA3/PC_G_EU4" CO2="40062.09" CO="792.06" HC="4.60" NOx="18.58" PMx="1.00" fuel="17.22" electricity="0.00" noise="118.89" route="routeleft" type="cfm-fast" waiting="0.00" lane="left_0" pos="21.46" speed="10.95" angle="145.81" x="10.09" y="20.82"/>
        <vehicle id="cfm-fast_5" eclass="HBEFA3/PC_G_EU4" CO2="37010.69" CO="731.09" HC="4.24" NOx="17.14" PMx="0.92" fuel="15.91" electricity="0.00" noise="115.18" route="routeleft" type="cfm-fast" waiting="0.00" lane="left_0" pos="38.10" speed="10.74" angle="115.94" x="38.56" y="-0.18"/>
        <vehicle id="cfm-slow_0" eclass="HBEFA3/PC_G_EU4" CO2="29838.18" CO="593.34" HC="3.44" NOx="13.79" PMx="0.74" fuel="12.83" electricity="0.00" noise="108.37" route="routebottom" type="cfm-slow" waiting="0.00" lane="bottom_0" pos="4.47" speed="9.66" angle="86.47" x="73.35" y="-4.25"/>
        <vehicle id="cfm-slow_1" eclass="HBEFA3/PC_G_EU4" CO2="29838.72" CO="593.35" HC="3.44" NOx="13.79" PMx="0.74" fuel="12.83" electricity="0.00" noise="108.37" route="routebottom" type="cfm-slow" waiting="0.00" lane="bottom_0" pos="21.14" speed="9.66" angle="56.42" x="105.96" y="9.66"/>
        <vehicle id="cfm-slow_2" eclass="HBEFA3/PC_G_EU4" CO2="29845.45" CO="593.49" HC="3.44" NOx="13.79" PMx="0.74" fuel="12.83" electricity="0.00" noise="108.38" route="routebottom" type="cfm-slow" waiting="0.00" lane="bottom_0" pos="37.81" speed="9.66" angle="26.45" x="127.27" y="37.98"/>
        <vehicle id="cfm-slow_3" eclass="HBEFA3/PC_G_EU4" CO2="29913.74" CO="594.86" HC="3.45" NOx="13.82" PMx="0.74" fuel="12.86" electricity="0.00" noise="108.49" route="routeright" type="cfm-slow" waiting="0.00" lane="right_0" pos="4.47" speed="9.66" angle="356.48" x="131.58" y="73.35"/>
        <vehicle id="cfm-slow_4" eclass="HBEFA3/PC_G_EU4" CO2="30433.72" CO="605.28" HC="3.51" NOx="14.07" PMx="0.75" fuel="13.08" electricity="0.00" noise="109.26" route="routeright" type="cfm-slow" waiting="0.00" lane="right_0" pos="21.14" speed="9.69" angle="326.41" x="117.66" y="105.96"/>
        <vehicle id="cfm-slow_5" eclass="HBEFA3/PC_G_EU4" CO2="33128.67" CO="658.67" HC="3.82" NOx="15.33" PMx="0.82" fuel="14.24" electricity="0.00" noise="112.83" route="routeright" type="cfm-slow" waiting="0.00" lane="right_0" pos="37.85" speed="9.91" angle="296.38" x="89.26" y="127.30"/>
    </timestep>
    <timestep time="0.66">
        <vehicle id="cfm-fast_0" eclass="HBEFA3/PC_G_EU4" CO2="40832.91" CO="806.56" HC="4.68" NOx="18.94" PMx="1.02" fuel="17.55" electricity="0.00" noise="119.27" route="routetop" type="cfm-fast" waiting="0.00" lane="top_0" pos="4.91" speed="11.12" angle="265.69" x="53.04" y="131.44"/>
        <vehicle id="cfm-fast_1" eclass="HBEFA3/PC_G_EU4" CO2="40832.50" CO="806.55" HC="4.68" NOx="18.94" PMx="1.02" fuel="17.55" electricity="0.00" noise="119.27" route="routetop" type="cfm-fast" waiting="0.00" lane="top_0" pos="21.58" speed="11.12" angle="235.60" x="20.63" y="117.09"/>
        <vehicle id="cfm-fast_2" eclass="HBEFA3/PC_G_EU4" CO2="40826.22" CO="806.42" HC="4.68" NOx="18.93" PMx="1.02" fuel="17.55" electricity="0.00" noise="119.26" route="routetop" type="cfm-fast" waiting="0.00" lane="top_0" pos="38.25" speed="11.12" angle="205.68" x="-0.30" y="88.47"/>
        <vehicle id="cfm-fast_3" eclass="HBEFA3/PC_G_EU4" CO2="40753.06" CO="804.94" HC="4.67" NOx="18.90" PMx="1.02" fuel="17.52" electricity="0.00" noise="119.16" route="routeleft" type="cfm-fast" waiting="0.00" lane="left_0" pos="4.91" speed="11.11" angle="175.69" x="-4.12" y="53.04"/>
        <vehicle id="cfm-fast_4" eclass="HBEFA3/PC_G_EU4" CO2="40146.88" CO="792.69" HC="4.60" NOx="18.61" PMx="1.00" fuel="17.26" electricity="0.00" noise="118.37" route="routeleft" type="cfm-fast" waiting="0.00" lane="left_0" pos="21.58" speed="11.09" angle="145.60" x="10.23" y="20.63"/>
        <vehicle id="cfm-fast_5" eclass="HBEFA3/PC_G_EU4" CO2="37030.19" CO="730.43" HC="4.24" NOx="17.15" PMx="0.92" fuel="15.92" electricity="0.00" noise="114.64" route="routeleft" type="cfm-fast" waiting="0.00" lane="left_0" pos="38.21" speed="10.86" angle="115.74" x="38.78" y="-0.27"/>
        <vehicle id="cfm-slow_0" eclass="HBEFA3/PC_G_EU4" CO2="29899.33" CO="593.55" HC="3.44" NOx="13.81" PMx="0.74" fuel="12.85" electricity="0.00" noise="107.98" route="routebottom" type="cfm-slow" waiting="0.00" lane="bottom_0" pos="4.57" speed="9.76" angle="86.30" x="73.56" y="-4.22"/>
        <vehicle id="cfm-slow_1" eclass="HBEFA3/PC_G_EU4" CO2="29899.93" CO="593.57" HC="3.44" NOx="13.81" PMx="0.74" fuel="12.85" electricity="0.00" noise="107.98" route="routebottom" type="cfm-slow" waiting="0.00" lane="bottom_0" pos="21.24" speed="9.76" angle="56.24" x="106.13" y="9.79"/>
        <vehicle id="cfm-slow_2" eclass="HBEFA3/PC_G_EU4" CO2="29907.30" CO="593.72" HC="3.44" NOx="13.82" PMx="0.74" fuel="12.86" electricity="0.00" noise="107.99" route="routebottom" type="cfm-slow" waiting="0.00" lane="bottom_0" pos="37.91" speed="9.76" angle="26.28" x="127.35" y="38.18"/>
        <vehicle id="cfm-slow_3" eclass="HBEFA3/PC_G_EU4" CO2="29980.40" CO="595.19" HC="3.45" NOx="13.85" PMx="0.74" fuel="12.89" electricity="0.00" noise="108.10" route="routeright" type="cfm-slow" waiting="0.00" lane="right_0" pos="4.57" speed="9.77" angle="356.30" x="131.55" y="73.56"/>
        <vehicle id="cfm-slow_4" eclass="HBEFA3/PC_G_EU4" CO2="30524.58" CO="606.09" HC="3.51" NOx="14.11" PMx="0.75" fuel="13.12" electricity="0.00" noise="108.90" route="routeright" type="cfm-slow" waiting="0.00" lane="right_0" pos="21.24" speed="9.80" angle="326.24" x="117.53" y="106.13"/>
        <vehicle id="cfm-slow_5" eclass="HBEFA3/PC_G_EU4" CO2="33279.96" CO="660.67" HC="3.83" NOx="15.40" PMx="0.83" fuel="14.31" electricity="0.00" noise="112.51" route="routeright" type="cfm-slow" waiting="0.00" lane="right_0" pos="37.95" speed="10.03" angle="296.20" x="89.06" y="127.38"/>
    </timestep>
    <timestep time="0.67">
        <vehicle id="cfm-fast_0" eclass="HBEFA3/PC_G_EU4" CO2="40943.42" CO="807.73" HC="4.69" NOx="18.99" PMx="1.02" fuel="17.60" electricity="0.00" noise="118.79" route="routetop" type="cfm-fast" waiting="0.00" lane="top_0" pos="5.02" speed="11.25" angle="265.42" x="52.81" y="131.41"/>
        <vehicle id="cfm-fast_1" eclass="HBEFA3/PC_G_EU4" CO2="40942.95" CO="807.72" HC="4.69" NOx="18.99" PMx="1.02" fuel="17.60" electricity="0.00" noise="118.79" route="routetop" type="cfm-fast" waiting="0.00" lane="top_0" pos="21.69" speed="11.25" angle="235.41" x="20.44" y="116.94"/>
        <vehicle id="cfm-fast_2" eclass="HBEFA3/PC_G_EU4" CO2="40935.99" CO="807.58" HC="4.69" NOx="18.98" PMx="1.02" fuel="17.60" electricity="0.00" noise="118.78" route="routetop" type="cfm-fast" waiting="0.00" lane="top_0" pos="38.36" speed="11.25" angle="205.47" x="-0.39" y="88.25"/>
        <vehicle id="cfm-fast_3" eclass="HBEFA3/PC_G_EU4" CO2="40857.13" CO="805.98" HC="4.68" NOx="18.95" PMx="1.02" fuel="17.56" electricity="0.00" noise="118.68" route="routeleft" type="cfm-fast" waiting="0.00" lane="left_0" pos="5.02" speed="11.25" angle="175.42" x="-4.09" y="52.80"/>
        <vehicle id="cfm-fast_4" eclass="HBEFA3/PC_G_EU4" CO2="40221.65" CO="793.14" HC="4.60" NOx="18.65" PMx="1.00" fuel="17.29" electricity="0.00" noise="117.86" route="routeleft" type="cfm-fast" waiting="0.00" lane="left_0" pos="21.69" speed="11.22" angle="145.41" x="10.38" y="20.44"/>
        <vehicle id="cfm-fast_5" eclass="HBEFA3/PC_G_EU4" CO2="37040.94" CO="729.61" HC="4.24" NOx="17.15" PMx="0.92" fuel="15.92" electricity="0.00" noise="114.10" route="routeleft" type="cfm-fast" waiting="0.00" lane="left_0" pos="38.32" speed="10.98" angle="115.54" x="39.00" y="-0.36"/>
        <vehicle id="cfm-slow_0" eclass="HBEFA3/PC_G_EU4" CO2="29954.49" CO="593.66" HC="3.44" NOx="13.84" PMx="0.74" fuel="12.88" electricity="0.00" noise="107.59" route="routebottom" type="cfm-slow" waiting="0.00" lane="bottom_0" pos="4.67" speed="9.87" angle="86.12" x="73.77" y="-4.19"/>
        <vehicle id="cfm-slow_1" eclass="HBEFA3/PC_G_EU4" CO2="29955.15" CO="593.68" HC="3.44" NOx="13.84" PMx="0.74" fuel="12.88" electricity="0.00" noise="107.59" route="routebottom" type="cfm-slow" waiting="0.00" lane="bottom_0" pos="21.34" speed="9.87" angle="56.06" x="106.29" y="9.92"/>
        <vehicle id="cfm-slow_2" eclass="HBEFA3/PC_G_EU4" CO2="29963.20" CO="593.84" HC="3.44" NOx="13.84" PMx="0.74" fuel="12.88" electricity="0.00" noise="107.60" route="routebottom" type="cfm-slow" waiting="0.00" lane="bottom_0" pos="38.00" speed="9.87" angle="26.10" x="127.43" y="38.37"/>
        <vehicle id="cfm-slow_3" eclass="HBEFA3/PC_G_EU4" CO2="30041.33" CO="595.42" HC="3.45" NOx="13.88" PMx="0.74" fuel="12.91" electricity="0.00" noise="107.72" route="routeright" type="cfm-slow" waiting="0.00" lane="right_0" pos="4.67" speed="9.88" angle="356.12" x="131.52" y="73.77"/>
        <vehicle id="cfm-slow_4" eclass="HBEFA3/PC_G_EU4" CO2="30610.11" CO="606.81" HC="3.52" NOx="14.14" PMx="0.76" fuel="13.16" electricity="0.00" noise="108.54" route="routeright" type="cfm-slow" waiting="0.00" lane="right_0" pos="21.34" speed="9.91" angle="326.06" x="117.40" y="106.30"/>
        <vehicle id="cfm-slow_5" eclass="HBEFA3/PC_G_EU4" CO2="33424.98" CO="662.56" HC="3.84" NOx="15.47" PMx="0.83" fuel="14.37" electricity="0.00" noise="112.18" route="routeright" type="cfm-slow" waiting="0.00" lane="right_0" pos="38.05" speed="10.15" angle="296.02" x="88.86" y="127.46"/>
    </timestep>
    <timestep time="0.68">
        <vehicle id="cfm-fast_0" eclass="HBEFA3/PC_G_EU4" CO2="41044.94" CO="808.74" HC="4.70" NOx="19.03" PMx="1.03" fuel="17.64" electricity="0.00" noise="118.32" route="routetop" type="cfm-fast" waiting="0.00" lane="top_0" pos="5.14" speed="11.38" angle="265.24" x="52.56" y="131.37"/>
        <vehicle id="cfm-fast_1" eclass="HBEFA3/PC_G_EU4" CO2="41044.41" CO="808.73" HC="4.70" NOx="19.03" PMx="1.03" fuel="17.64" electricity="0.00" noise="118.32" route="routetop" type="cfm-fast" waiting="0.00" lane="top_0" pos="21.80" speed="11.38" angle="235.24" x="20.25" y="116.78"/>
        <vehicle id="cfm-fast_2" eclass="HBEFA3/PC_G_EU4" CO2="41036.70" CO="808.58" HC="4.69" NOx="19.03" PMx="1.03" fuel="17.64" electricity="0.00" noise="118.31" route="routetop" type="cfm-fast" waiting="0.00" lane="top_0" pos="38.47" speed="11.38" angle="205.31" x="-0.48" y="88.02"/>
        <vehicle id="cfm-fast_3" eclass="HBEFA3/PC_G_EU4" CO2="40951.89" CO="806.86" HC="4.68" NOx="18.99" PMx="1.02" fuel="17.60" electricity="0.00" noise="118.20" route="routeleft" type="cfm-fast" waiting="0.00" lane="left_0" pos="5.14" speed="11.38" angle="175.24" x="-4.05" y="52.56"/>
        <vehicle id="cfm-fast_4" eclass="HBEFA3/PC_G_EU4" CO2="40286.66" CO="793.42" HC="4.61" NOx="18.67" PMx="1.01" fuel="17.32" electricity="0.00" noise="117.36" route="routeleft" type="cfm-fast" waiting="0.00" lane="left_0" pos="21.80" speed="11.34" angle="145.25" x="10.53" y="20.25"/>
        <vehicle id="cfm-fast_5" eclass="HBEFA3/PC_G_EU4" CO2="37043.25" CO="728.64" HC="4.23" NOx="17.15" PMx="0.92" fuel="15.92" electricity="0.00" noise="113.56" route="routeleft" type="cfm-fast" waiting="0.00" lane="left_0" pos="38.43" speed="11.10" angle="115.37" x="39.22" y="-0.44"/>
        <vehicle id="cfm-slow_0" eclass="HBEFA3/PC_G_EU4" CO2="30003.79" CO="593.67" HC="3.44" NOx="13.86" PMx="0.74" fuel="12.90" electricity="0.00" noise="107.20" route="routebottom" type="cfm-slow" waiting="0.00" lane="bottom_0" pos="4.77" speed="9.98" angle="85.94" x="73.98" y="-4.16"/>
        <vehicle id="cfm-slow_1" eclass="HBEFA3/PC_G_EU4" CO2="30004.53" CO="593.69" HC="3.44" NOx="13.86" PMx="0.74" fuel="12.90" electricity="0.00" noise="107.20" route="routebottom" type="cfm-slow" waiting="0.00" lane="bottom_0" pos="21.44" speed="9.98" angle="55.88" x="106.46" y="10.05"/>
        <vehicle id="cfm-slow_2" eclass="HBEFA3/PC_G_EU4" CO2="30013.31" CO="593.87" HC="3.44" NOx="13.86" PMx="0.74" fuel="12.90" electricity="0.00" noise="107.22" route="routebottom" type="cfm-slow" waiting="0.00" lane="bottom_0" pos="38.10" speed="9.98" angle="25.92" x="127.51" y="38.57"/>
        <vehicle id="cfm-slow_3" eclass="HBEFA3/PC_G_EU4" CO2="30096.67" CO="595.55" HC="3.45" NOx="13.90" PMx="0.74" fuel="12.94" electricity="0.00" noise="107.34" route="routeright" type="cfm-slow" waiting="0.00" lane="right_0" pos="4.77" speed="9.98" angle="355.94" x="131.49" y="73.98"/>
        <vehicle id="cfm-slow_4" eclass="HBEFA3/PC_G_EU4" CO2="30690.46" CO="607.44" HC="3.52" NOx="14.18" PMx="0.76" fuel="13.19" electricity="0.00" noise="108.19" route="routeright" type="cfm-slow" waiting="0.00" lane="right_0" pos="21.44" speed="10.02" angle="325.87" x="117.27" y="106.47"/>
        <vehicle id="cfm-slow_5" eclass="HBEFA3/PC_G_EU4" CO2="33563.87" CO="664.35" HC="3.85" NOx="15.53" PMx="0.83" fuel="14.43" electricity="0.00" noise="111.86" route="routeright" type="cfm-slow" waiting="0.00" lane="right_0" pos="38.15" speed="10.26" angle="295.83" x="88.65" y="127.55"/>
    </timestep>
    <timestep time="0.69">
        <vehicle id="cfm-fast_0" eclass="HBEFA3/PC_G_EU4" CO2="41137.70" CO="809.60" HC="4.70" NOx="19.07" PMx="1.03" fuel="17.68" electricity="0.00" noise="117.85" route="routetop" type="cfm-fast" waiting="0.00" lane="top_0" pos="5.25" speed="11.51" angle="265.02" x="52.32" y="131.33"/>
        <vehicle id="cfm-fast_1" eclass="HBEFA3/PC_G_EU4" CO2="41137.09" CO="809.59" HC="4.70" NOx="19.07" PMx="1.03" fuel="17.68" electricity="0.00" noise="117.85" route="routetop" type="cfm-fast" waiting="0.00" lane="top_0" pos="21.92" speed="11.51" angle="235.02" x="20.06" y="116.62"/>
        <vehicle id="cfm-fast_2" eclass="HBEFA3/PC_G_EU4" CO2="41128.59" CO="809.42" HC="4.70" NOx="19.07" PMx="1.03" fuel="17.68" electricity="0.00" noise="117.84" route="routetop" type="cfm-fast" waiting="0.00" lane="top_0" pos="38.59" speed="11.51" angle="205.10" x="-0.56" y="87.79"/>
        <vehicle id="cfm-fast_3" eclass="HBEFA3/PC_G_EU4" CO2="41037.57" CO="807.57" HC="4.69" NOx="19.02" PMx="1.03" fuel="17.64" electricity="0.00" noise="117.72" route="routeleft" type="cfm-fast" waiting="0.00" lane="left_0" pos="5.25" speed="11.51" angle="175.03" x="-4.01" y="52.32"/>
        <vehicle id="cfm-fast_4" eclass="HBEFA3/PC_G_EU4" CO2="40342.15" CO="793.52" HC="4.61" NOx="18.70" PMx="1.01" fuel="17.34" electricity="0.00" noise="116.85" route="routeleft" type="cfm-fast" waiting="0.00" lane="left_0" pos="21.92" speed="11.47" angle="145.03" x="10.69" y="20.06"/>
        <vehicle id="cfm-fast_5" eclass="HBEFA3/PC_G_EU4" CO2="37037.36" CO="727.52" HC="4.23" NOx="17.14" PMx="0.92" fuel="15.92" electricity="0.00" noise="113.04" route="routeleft" type="cfm-fast" waiting="0.00" lane="left_0" pos="38.54" speed="11.22" angle="115.18" x="39.44" y="-0.53"/>
        <vehicle id="cfm-slow_0" eclass="HBEFA3/PC_G_EU4" CO2="30047.41" CO="593.59" HC="3.44" NOx="13.87" PMx="0.74" fuel="12.92" electricity="0.00" noise="106.82" route="routebottom" type="cfm-slow" waiting="0.00" lane="bottom_0" pos="4.87" speed="10.09" angle="85.75" x="74.20" y="-4.13"/>
        <vehicle id="cfm-slow_1" eclass="HBEFA3/PC_G_EU4" CO2="30048.23" CO="593.60" HC="3.44" NOx="13.88" PMx="0.74" fuel="12.92" electricity="0.00" noise="106.82" route="routebottom" type="cfm-slow" waiting="0.00" lane="bottom_0" pos="21.54" speed="10.09" angle="55.70" x="106.63" y="10.18"/>
        <vehicle id="cfm-slow_2" eclass="HBEFA3/PC_G_EU4" CO2="30057.78" CO="593.80" HC="3.44" NOx="13.88" PMx="0.74" fuel="12.92" electricity="0.00" noise="106.84" route="routebottom" type="cfm-slow" waiting="0.00" lane="bottom_0" pos="38.20" speed="10.09" angle="25.74" x="127.59" y="38.78"/>
        <vehicle id="cfm-slow_3" eclass="HBEFA3/PC_G_EU4" CO2="30146.59" CO="595.59" HC="3.45" NOx="13.92" PMx="0.74" fuel="12.96" electricity="0.00" noise="106.97" route="routeright" type="cfm-slow" waiting="0.00" lane="right_0" pos="4.87" speed="10.09" angle="355.76" x="131.46" y="74.20"/>
        <vehicle id="cfm-slow_4" eclass="HBEFA3/PC_G_EU4" CO2="30765.77" CO="607.99" HC="3.53" NOx="14.21" PMx="0.76" fuel="13.22" electricity="0.00" noise="107.84" route="routeright" type="cfm-slow" waiting="0.00" lane="right_0" pos="21.54" speed="10.13" angle="325.69" x="117.13" y="106.64"/>
        <vehicle id="cfm-slow_5" eclass="HBEFA3/PC_G_EU4" CO2="33696.73" CO="666.03" HC="3.86" NOx="15.59" PMx="0.84" fuel="14.48" electricity="0.00" noise="111.54" route="routeright" type="cfm-slow" waiting="0.00" lane="right_0" pos="38.26" speed="10.38" angle="295.65" x="88.45" y="127.63"/>
    </timestep>
    <timestep time="0.70">
        <vehicle id="cfm-fast_0" eclass="HBEFA3/PC_G_EU4" CO2="41221.91" CO="810.30" HC="4.71" NOx="19.11" PMx="1.03" fuel="17.72" electricity="0.00" noise="117.39" route="routetop" type="cfm-fast" waiting="0.00" lane="top_0" pos="5.37" speed="11.64" angle="264.81" x="52.07" y="131.28"/>
        <vehicle id="cfm-fast_1" eclass="HBEFA3/PC_G_EU4" CO2="41221.22" CO="810.29" HC="4.71" NOx="19.11" PMx="1.03" fuel="17.72" electricity="0.00" noise="117.39" route="routetop" type="cfm-fast" waiting="0.00" lane="top_0" pos="22.04" speed="11.64" angle="234.80" x="19.87" y="116.46"/>
        <vehicle id="cfm-fast_2" eclass="HBEFA3/PC_G_EU4" CO2="41211.88" CO="810.10" HC="4.71" NOx="19.10" PMx="1.03" fuel="17.71" electricity="0.00" noise="117.38" route="routetop" type="cfm-fast" waiting="0.00" lane="top_0" pos="38.70" speed="11.64" angle="204.89" x="-0.65" y="87.55"/>
        <vehicle id="cfm-fast_3" eclass="HBEFA3/PC_G_EU4" CO2="41114.38" CO="808.12" HC="4.69" NOx="19.06" PMx="1.03" fuel="17.67" electricity="0.00" noise="117.25" route="routeleft" type="cfm-fast" waiting="0.00" lane="left_0" pos="5.37" speed="11.63" angle="174.82" x="-3.96" y="52.07"/>
        <vehicle id="cfm-fast_4" eclass="HBEFA3/PC_G_EU4" CO2="40388.35" CO="793.46" HC="4.61" NOx="18.72" PMx="1.01" fuel="17.36" electricity="0.00" noise="116.36" route="routeleft" type="cfm-fast" waiting="0.00" lane="left_0" pos="22.03" speed="11.60" angle="144.82" x="10.85" y="19.87"/>
        <vehicle id="cfm-fast_5" eclass="HBEFA3/PC_G_EU4" CO2="37023.54" CO="726.26" HC="4.22" NOx="17.13" PMx="0.92" fuel="15.91" electricity="0.00" noise="112.52" route="routeleft" type="cfm-fast" waiting="0.00" lane="left_0" pos="38.65" speed="11.34" angle="114.97" x="39.67" y="-0.61"/>
        <vehicle id="cfm-slow_0" eclass="HBEFA3/PC_G_EU4" CO2="30085.48" CO="593.40" HC="3.44" NOx="13.89" PMx="0.74" fuel="12.93" electricity="0.00" noise="106.44" route="routebottom" type="cfm-slow" waiting="0.00" lane="bottom_0" pos="4.97" speed="10.19" angle="85.57" x="74.42" y="-4.10"/>
        <vehicle id="cfm-slow_1" eclass="HBEFA3/PC_G_EU4" CO2="30086.39" CO="593.42" HC="3.44" NOx="13.89" PMx="0.74" fuel="12.93" electricity="0.00" noise="106.44" route="routebottom" type="cfm-slow" waiting="0.00" lane="bottom_0" pos="21.64" speed="10.19" angle="55.51" x="106.80" y="10.32"/>
        <vehicle id="cfm-slow_2" eclass="HBEFA3/PC_G_EU4" CO2="30096.76" CO="593.63" HC="3.44" NOx="13.90" PMx="0.74" fuel="12.94" electricity="0.00" noise="106.46" route="routebottom" type="cfm-slow" waiting="0.00" lane="bottom_0" pos="38.31" speed="10.19" angle="25.55" x="127.67" y="38.98"/>
        <vehicle id="cfm-slow_3" eclass="HBEFA3/PC_G_EU4" CO2="30191.23" CO="595.53" HC="3.46" NOx="13.94" PMx="0.75" fuel="12.98" electricity="0.00" noise="106.60" route="routeright" type="cfm-slow" waiting="0.00" lane="right_0" pos="4.97" speed="10.20" angle="355.57" x="131.42" y="74.42"/>
        <vehicle id="cfm-slow_4" eclass="HBEFA3/PC_G_EU4" CO2="30836.16" CO="608.45" HC="3.53" NOx="14.24" PMx="0.76" fuel="13.25" electricity="0.00" noise="107.50" route="routeright" type="cfm-slow" waiting="0.00" lane="right_0" pos="21.65" speed="10.24" angle="325.50" x="117.00" y="106.81"/>
        <vehicle id="cfm-slow_5" eclass="HBEFA3/PC_G_EU4" CO2="33823.68" CO="667.60" HC="3.87" NOx="15.65" PMx="0.84" fuel="14.54" electricity="0.00" noise="111.22" route="routeright" type="cfm-slow" waiting="0.00" lane="right_0" pos="38.36" speed="10.50" angle="295.46" x="88.24" y="127.71"/>
    </timestep>
    <timestep time="0.71">
        <vehicle id="cfm-fast_0" eclass="HBEFA3/PC_G_EU4" CO2="41297.80" CO="810.86" HC="4.71" NOx="19.14" PMx="1.03" fuel="17.75" electricity="0.00" noise="116.93" route="routetop" type="cfm-fast" waiting="0.00" lane="top_0" pos="5.49" speed="11.77" angle="264.59" x="51.82" y="131.24"/>
        <vehicle id="cfm-fast_1" eclass="HBEFA3/PC_G_EU4" CO2="41297.03" CO="810.84" HC="4.71" NOx="19.14" PMx="1.03" fuel="17.75" electricity="0.00" noise="116.93" route="routetop" type="cfm-fast" waiting="0.00" lane="top_0" pos="22.15" speed="11.77" angle="234.58" x="19.68" y="116.30"/>
        <vehicle id="cfm-fast_2" eclass="HBEFA3/PC_G_EU4" CO2="41286.77" CO="810.64" HC="4.71" NOx="19.14" PMx="1.03" fuel="17.75" electricity="0.00" noise="116.92" route="routetop" type="cfm-fast" waiting="0.00" lane="top_0" pos="38.82" speed="11.77" angle="204.67" x="-0.73" y="87.32"/>
        <vehicle id="cfm-fast_3" eclass="HBEFA3/PC_G_EU4" CO2="41182.53" CO="808.52" HC="4.70" NOx="19.09" PMx="1.03" fuel="17.70" electricity="0.00" noise="116.79" route="routeleft" type="cfm-fast" waiting="0.00" lane="left_0" pos="5.49" speed="11.76" angle="174.61" x="-3.92" y="51.82"/>
        <vehicle id="cfm-fast_4" eclass="HBEFA3/PC_G_EU4" CO2="40425.49" CO="793.23" HC="4.61" NOx="18.73" PMx="1.01" fuel="17.38" electricity="0.00" noise="115.86" route="routeleft" type="cfm-fast" waiting="0.00" lane="left_0" pos="22.15" speed="11.72" angle="144.60" x="11.02" y="19.68"/>
        <vehicle id="cfm-fast_5" eclass="HBEFA3/PC_G_EU4" CO2="37002.05" CO="724.87" HC="4.21" NOx="17.12" PMx="0.92" fuel="15.91" electricity="0.00" noise="112.00" route="routeleft" type="cfm-fast" waiting="0.00" lane="left_0" pos="38.77" speed="11.46" angle="114.76" x="39.91" y="-0.70"/>
        <vehicle id="cfm-slow_0" eclass="HBEFA3/PC_G_EU4" CO2="30118.15" CO="593.12" HC="3.44" NOx="13.90" PMx="0.74" fuel="12.95" electricity="0.00" noise="106.07" route="routebottom" type="cfm-slow" waiting="0.00" lane="bottom_0" pos="5.08" speed="10.30" angle="85.34" x="74.64" y="-4.07"/>
        <vehicle id="cfm-slow_1" eclass="HBEFA3/PC_G_EU4" CO2="30119.16" CO="593.14" HC="3.44" NOx="13.90" PMx="0.74" fuel="12.95" electricity="0.00" noise="106.07" route="routebottom" type="cfm-slow" waiting="0.00" lane="bottom_0" pos="21.74" speed="10.30" angle="55.36" x="106.98" y="10.45"/>
        <vehicle id="cfm-slow_2" eclass="HBEFA3/PC_G_EU4" CO2="30130.40" CO="593.37" HC="3.44" NOx="13.91" PMx="0.74" fuel="12.95" electricity="0.00" noise="106.09" route="routebottom" type="cfm-slow" waiting="0.00" lane="bottom_0" pos="38.41" speed="10.30" angle="25.39" x="127.75" y="39.19"/>
        <vehicle id="cfm-slow_3" eclass="HBEFA3/PC_G_EU4" CO2="30230.74" CO="595.39" HC="3.46" NOx="13.96" PMx="0.75" fuel="12.99" electricity="0.00" noise="106.23" route="routeright" type="cfm-slow" waiting="0.00" lane="right_0" pos="5.08" speed="10.30" angle="355.34" x="131.39" y="74.64"/>
        <vehicle id="cfm-slow_4" eclass="HBEFA3/PC_G_EU4" CO2="30901.77" CO="608.83" HC="3.53" NOx="14.27" PMx="0.76" fuel="13.28" electricity="0.00" noise="107.16" route="routeright" type="cfm-slow" waiting="0.00" lane="right_0" pos="21.75" speed="10.34" angle="325.35" x="116.86" y="106.99"/>
        <vehicle id="cfm-slow_5" eclass="HBEFA3/PC_G_EU4" CO2="33944.81" CO="669.08" HC="3.88" NOx="15.70" PMx="0.84" fuel="14.59" electricity="0.00" noise="110.91" route="routeright" type="cfm-slow" waiting="0.00" lane="right_0" pos="38.47" speed="10.61" angle="295.31" x="88.02" y="127.80"/>
    </timestep>
    <timestep time="0.72">
        <vehicle id="cfm-fast_0" eclass="HBEFA3/PC_G_EU4" CO2="41365.58" CO="811.27" HC="4.72" NOx="19.17" PMx="1.03" fuel="17.78" electricity="0.00" noise="116.48" route="routetop" type="cfm-fast" waiting="0.00" lane="top_0" pos="5.61" speed="11.89" angle="264.36" x="51.57" y="131.19"/>
        <vehicle id="cfm-fast_1" eclass="HBEFA3/PC_G_EU4" CO2="41364.71" CO="811.25" HC="4.72" NOx="19.17" PMx="1.03" fuel="17.78" electricity="0.00" noise="116.48" route="routetop" type="cfm-fast" waiting="0.00" lane="top_0" pos="22.27" speed="11.89" angle="234.36" x="19.48" y="116.14"/>
        <vehicle id="cfm-fast_2" eclass="HBEFA3/PC_G_EU4" CO2="41353.48" CO="811.02" HC="4.71" NOx="19.16" PMx="1.03" fuel="17.78" electricity="0.00" noise="116.46" route="routetop" type="cfm-fast" waiting="0.00" lane="top_0" pos="38.94" speed="11.89" angle="204.45" x="-0.82" y="87.07"/>
        <vehicle id="cfm-fast_3" eclass="HBEFA3/PC_G_EU4" CO2="41242.24" CO="808.77" HC="4.70" NOx="19.11" PMx="1.03" fuel="17.73" electricity="0.00" noise="116.32" route="routeleft" type="cfm-fast" waiting="0.00" lane="left_0" pos="5.61" speed="11.89" angle="174.39" x="-3.87" y="51.57"/>
        <vehicle id="cfm-fast_4" eclass="HBEFA3/PC_G_EU4" CO2="40453.81" CO="792.84" HC="4.61" NOx="18.74" PMx="1.01" fuel="17.39" electricity="0.00" noise="115.37" route="routeleft" type="cfm-fast" waiting="0.00" lane="left_0" pos="22.27" speed="11.85" angle="144.37" x="11.18" y="19.49"/>
        <vehicle id="cfm-fast_5" eclass="HBEFA3/PC_G_EU4" CO2="36973.13" CO="723.35" HC="4.21" NOx="17.10" PMx="0.92" fuel="15.89" electricity="0.00" noise="111.49" route="routeleft" type="cfm-fast" waiting="0.00" lane="left_0" pos="38.88" speed="11.57" angle="114.55" x="40.14" y="-0.78"/>
        <vehicle id="cfm-slow_0" eclass="HBEFA3/PC_G_EU4" CO2="30145.56" CO="592.75" HC="3.44" NOx="13.91" PMx="0.74" fuel="12.96" electricity="0.00" noise="105.70" route="routebottom" type="cfm-slow" waiting="0.00" lane="bottom_0" pos="5.18" speed="10.40" angle="85.16" x="74.86" y="-4.03"/>
        <vehicle id="cfm-slow_1" eclass="HBEFA3/PC_G_EU4" CO2="30146.67" CO="592.78" HC="3.44" NOx="13.91" PMx="0.74" fuel="12.96" electricity="0.00" noise="105.70" route="routebottom" type="cfm-slow" waiting="0.00" lane="bottom_0" pos="21.85" speed="10.40" angle="55.19" x="107.15" y="10.60"/>
        <vehicle id="cfm-slow_2" eclass="HBEFA3/PC_G_EU4" CO2="30158.83" CO="593.02" HC="3.44" NOx="13.92" PMx="0.74" fuel="12.96" electricity="0.00" noise="105.72" route="routebottom" type="cfm-slow" waiting="0.00" lane="bottom_0" pos="38.51" speed="10.40" angle="25.23" x="127.83" y="39.39"/>
        <vehicle id="cfm-slow_3" eclass="HBEFA3/PC_G_EU4" CO2="30265.27" CO="595.17" HC="3.46" NOx="13.97" PMx="0.75" fuel="13.01" electricity="0.00" noise="105.87" route="routeright" type="cfm-slow" waiting="0.00" lane="right_0" pos="5.18" speed="10.40" angle="355.15" x="131.35" y="74.86"/>
        <vehicle id="cfm-slow_4" eclass="HBEFA3/PC_G_EU4" CO2="30962.73" CO="609.14" HC="3.54" NOx="14.30" PMx="0.76" fuel="13.31" electricity="0.00" noise="106.82" route="routeright" type="cfm-slow" waiting="0.00" lane="right_0" pos="21.85" speed="10.45" angle="325.17" x="116.72" y="107.16"/>
        <vehicle id="cfm-slow_5" eclass="HBEFA3/PC_G_EU4" CO2="34060.25" CO="670.46" HC="3.89" NOx="15.75" PMx="0.84" fuel="14.64" electricity="0.00" noise="110.60" route="routeright" type="cfm-slow" waiting="0.00" lane="right_0" pos="38.58" speed="10.73" angle="295.12" x="87.81" y="127.88"/>
    </timestep>
    <timestep time="0.73">
        <vehicle id="cfm-fast_0" eclass="HBEFA3/PC_G_EU4" CO2="41425.45" CO="811.54" HC="4.72" NOx="19.19" PMx="1.03" fuel="17.81" electricity="0.00" noise="116.03" route="routetop" type="cfm-fast" waiting="0.00" lane="top_0" pos="5.73" speed="12.02" angle="264.14" x="51.32" y="131.14"/>
        <vehicle id="cfm-fast_1" eclass="HBEFA3/PC_G_EU4" CO2="41424.48" CO="811.52" HC="4.72" NOx="19.19" PMx="1.03" fuel="17.81" electricity="0.00" noise="116.03" route="routetop" type="cfm-fast" waiting="0.00" lane="top_0" pos="22.39" speed="12.02" angle="234.14" x="19.28" y="115.97"/>
        <vehicle id="cfm-fast_2" eclass="HBEFA3/PC_G_EU4" CO2="41412.22" CO="811.27" HC="4.72" NOx="19.19" PMx="1.03" fuel="17.80" electricity="0.00" noise="116.01" route="routetop" type="cfm-fast" waiting="0.00" lane="top_0" pos="39.06" speed="12.02" angle="204.23" x="-0.91" y="86.83"/>
        <vehicle id="cfm-fast_3" eclass="HBEFA3/PC_G_EU4" CO2="41293.70" CO="808.87" HC="4.70" NOx="19.13" PMx="1.03" fuel="17.75" electricity="0.00" noise="115.87" route="routeleft" type="cfm-fast" waiting="0.00" lane="left_0" pos="5.73" speed="12.01" angle="174.17" x="-3.82" y="51.32"/>
        <vehicle id="cfm-fast_4" eclass="HBEFA3/PC_G_EU4" CO2="40473.52" CO="792.30" HC="4.61" NOx="18.75" PMx="1.01" fuel="17.40" electricity="0.00" noise="114.89" route="routeleft" type="cfm-fast" waiting="0.00" lane="left_0" pos="22.39" speed="11.97" angle="144.15" x="11.35" y="19.29"/>
        <vehicle id="cfm-fast_5" eclass="HBEFA3/PC_G_EU4" CO2="36937.03" CO="721.70" HC="4.20" NOx="17.08" PMx="0.92" fuel="15.88" electricity="0.00" noise="110.98" route="routeleft" type="cfm-fast" waiting="0.00" lane="left_0" pos="39.00" speed="11.69" angle="114.34" x="40.38" y="-0.86"/>
        <vehicle id="cfm-slow_0" eclass="HBEFA3/PC_G_EU4" CO2="30167.84" CO="592.30" HC="3.44" NOx="13.92" PMx="0.74" fuel="12.97" electricity="0.00" noise="105.33" route="routebottom" type="cfm-slow" waiting="0.00" lane="bottom_0" pos="5.28" speed="10.50" angle="84.97" x="75.08" y="-3.99"/>
        <vehicle id="cfm-slow_1" eclass="HBEFA3/PC_G_EU4" CO2="30169.06" CO="592.32" HC="3.44" NOx="13.92" PMx="0.74" fuel="12.97" electricity="0.00" noise="105.33" route="routebottom" type="cfm-slow" waiting="0.00" lane="bottom_0" pos="21.95" speed="10.50" angle="54.99" x="107.32" y="10.74"/>
        <vehicle id="cfm-slow_2" eclass="HBEFA3/PC_G_EU4" CO2="30182.21" CO="592.59" HC="3.44" NOx="13.93" PMx="0.74" fuel="12.97" electricity="0.00" noise="105.35" route="routebottom" type="cfm-slow" waiting="0.00" lane="bottom_0" pos="38.62" speed="10.50" angle="25.04" x="127.91" y="39.61"/>
        <vehicle id="cfm-slow_3" eclass="HBEFA3/PC_G_EU4" CO2="30294.95" CO="594.86" HC="3.45" NOx="13.98" PMx="0.75" fuel="13.02" electricity="0.00" noise="105.51" route="routeright" type="cfm-slow" waiting="0.00" lane="right_0" pos="5.29" speed="10.51" angle="354.95" x="131.31" y="75.08"/>
        <vehicle id="cfm-slow_4" eclass="HBEFA3/PC_G_EU4" CO2="31019.17" CO="609.36" HC="3.54" NOx="14.32" PMx="0.77" fuel="13.33" electricity="0.00" noise="106.49" route="routeright" type="cfm-slow" waiting="0.00" lane="right_0" pos="21.96" speed="10.55" angle="324.97" x="116.57" y="107.33"/>
        <vehicle id="cfm-slow_5" eclass="HBEFA3/PC_G_EU4" CO2="34170.10" CO="671.73" HC="3.90" NOx="15.80" PMx="0.85" fuel="14.69" electricity="0.00" noise="110.28" route="routeright" type="cfm-slow" waiting="0.00" lane="right_0" pos="38.68" speed="10.84" angle="294.92" x="87.59" y="127.96"/>
    </timestep>
    <timestep time="0.74">
        <vehicle id="cfm-fast_0" eclass="HBEFA3/PC_G_EU4" CO2="41477.63" CO="811.67" HC="4.72" NOx="19.22" PMx="1.04" fuel="17.83" electricity="0.00" noise="115.59" route="routetop" type="cfm-fast" waiting="0.00" lane="top_0" pos="5.85" speed="12.14" angle="263.91" x="51.06" y="131.10"/>
        <vehicle id="cfm-fast_1" eclass="HBEFA3/PC_G_EU4" CO2="41476.54" CO="811.65" HC="4.72" NOx="19.22" PMx="1.04" fuel="17.83" electricity="0.00" noise="115.58" route="routetop" type="cfm-fast" waiting="0.00" lane="top_0" pos="22.51" speed="12.14" angle="233.91" x="19.08" y="115.80"/>
        <vehicle id="cfm-fast_2" eclass="HBEFA3/PC_G_EU4" CO2="41463.18" CO="811.38" HC="4.72" NOx="19.21" PMx="1.04" fuel="17.82" electricity="0.00" noise="115.57" route="routetop" type="cfm-fast" waiting="0.00" lane="top_0" pos="39.18" speed="12.14" angle="204.00" x="-0.99" y="86.59"/>
        <vehicle id="cfm-fast_3" eclass="HBEFA3/PC_G_EU4" CO2="41337.12" CO="808.82" HC="4.70" NOx="19.15" PMx="1.03" fuel="17.77" electricity="0.00" noise="115.41" route="routeleft" type="cfm-fast" waiting="0.00" lane="left_0" pos="5.85" speed="12.14" angle="173.95" x="-3.78" y="51.06"/>
        <vehicle id="cfm-fast_4" eclass="HBEFA3/PC_G_EU4" CO2="40484.85" CO="791.61" HC="4.60" NOx="18.75" PMx="1.01" fuel="17.40" electricity="0.00" noise="114.41" route="routeleft" type="cfm-fast" waiting="0.00" lane="left_0" pos="22.51" speed="12.09" angle="143.93" x="11.52" y="19.09"/>
        <vehicle id="cfm-fast_5" eclass="HBEFA3/PC_G_EU4" CO2="36893.99" CO="719.92" HC="4.19" NOx="17.06" PMx="0.92" fuel="15.86" electricity="0.00" noise="110.48" route="routeleft" type="cfm-fast" waiting="0.00" lane="left_0" pos="39.12" speed="11.80" angle="114.12" x="40.62" y="-0.95"/>
        <vehicle id="cfm-slow_0" eclass="HBEFA3/PC_G_EU4" CO2="30185.14" CO="591.75" HC="3.44" NOx="13.93" PMx="0.74" fuel="12.98" electricity="0.00" noise="104.96" route="routebottom" type="cfm-slow" waiting="0.00" lane="bottom_0" pos="5.39" speed="10.60" angle="84.77" x="75.30" y="-3.95"/>
        <vehicle id="cfm-slow_1" eclass="HBEFA3/PC_G_EU4" CO2="30186.48" CO="591.78" HC="3.44" NOx="13.93" PMx="0.74" fuel="12.98" electricity="0.00" noise="104.96" route="routebottom" type="cfm-slow" waiting="0.00" lane="bottom_0" pos="22.06" speed="10.60" angle="54.79" x="107.50" y="10.89"/>
        <vehicle id="cfm-slow_2" eclass="HBEFA3/PC_G_EU4" CO2="30200.65" CO="592.07" HC="3.44" NOx="13.93" PMx="0.74" fuel="12.98" electricity="0.00" noise="104.99" route="routebottom" type="cfm-slow" waiting="0.00" lane="bottom_0" pos="38.72" speed="10.60" angle="24.85" x="127.99" y="39.82"/>
        <vehicle id="cfm-slow_3" eclass="HBEFA3/PC_G_EU4" CO2="30319.93" CO="594.47" HC="3.45" NOx="13.99" PMx="0.75" fuel="13.03" electricity="0.00" noise="105.15" route="routeright" type="cfm-slow" waiting="0.00" lane="right_0" pos="5.39" speed="10.61" angle="354.75" x="131.27" y="75.30"/>
        <vehicle id="cfm-slow_4" eclass="HBEFA3/PC_G_EU4" CO2="31071.21" CO="609.52" HC="3.54" NOx="14.34" PMx="0.77" fuel="13.36" electricity="0.00" noise="106.16" route="routeright" type="cfm-slow" waiting="0.00" lane="right_0" pos="22.07" speed="10.66" angle="324.77" x="116.42" y="107.51"/>
        <vehicle id="cfm-slow_5" eclass="HBEFA3/PC_G_EU4" CO2="34274.45" CO="672.92" HC="3.91" NOx="15.85" PMx="0.85" fuel="14.73" electricity="0.00" noise="109.98" route="routeright" type="cfm-slow" waiting="0.00" lane="right_0" pos="38.79" speed="10.95" angle="294.73" x="87.37" y="128.04"/>
    </timestep>
    <timestep time="0.75">
        <vehicle id="cfm-fast_0" eclass="HBEFA3/PC_G_EU4" CO2="41522.30" CO="811.67" HC="4.72" NOx="19.23" PMx="1.04" fuel="17.85" electricity="0.00" noise="115.14" route="routetop" type="cfm-fast" waiting="0.00" lane="top_0" pos="5.97" speed="12.26" angle="263.68" x="50.80" y="131.05"/>
        <vehicle id="cfm-fast_1" eclass="HBEFA3/PC_G_EU4" CO2="41521.09" CO="811.65" HC="4.72" NOx="19.23" PMx="1.04" fuel="17.85" electricity="0.00" noise="115.14" route="routetop" type="cfm-fast" waiting="0.00" lane="top_0" pos="22.64" speed="12.26" angle="233.68" x="18.88" y="115.63"/>
        <vehicle id="cfm-fast_2" eclass="HBEFA3/PC_G_EU4" CO2="41506.57" CO="811.35" HC="4.72" NOx="19.23" PMx="1.04" fuel="17.84" electricity="0.00" noise="115.12" route="routetop" type="cfm-fast" waiting="0.00" lane="top_0" pos="39.30" speed="12.26" angle="203.78" x="-1.08" y="86.34"/>
        <vehicle id="cfm-fast_3" eclass="HBEFA3/PC_G_EU4" CO2="41372.70" CO="808.64" HC="4.70" NOx="19.16" PMx="1.03" fuel="17.78" electricity="0.00" noise="114.96" route="routeleft" type="cfm-fast" waiting="0.00" lane="left_0" pos="5.97" speed="12.26" angle="173.73" x="-3.73" y="50.80"/>
        <vehicle id="cfm-fast_4" eclass="HBEFA3/PC_G_EU4" CO2="40488.02" CO="790.77" HC="4.60" NOx="18.75" PMx="1.01" fuel="17.40" electricity="0.00" noise="113.93" route="routeleft" type="cfm-fast" waiting="0.00" lane="left_0" pos="22.63" speed="12.21" angle="143.70" x="11.69" y="18.89"/>
        <vehicle id="cfm-fast_5" eclass="HBEFA3/PC_G_EU4" CO2="36844.23" CO="718.03" HC="4.18" NOx="17.04" PMx="0.92" fuel="15.84" electricity="0.00" noise="109.99" route="routeleft" type="cfm-fast" waiting="0.00" lane="left_0" pos="39.24" speed="11.91" angle="113.90" x="40.86" y="-1.04"/>
        <vehicle id="cfm-slow_0" eclass="HBEFA3/PC_G_EU4" CO2="30197.57" CO="591.13" HC="3.44" NOx="13.93" PMx="0.74" fuel="12.98" electricity="0.00" noise="104.60" route="routebottom" type="cfm-slow" waiting="0.00" lane="bottom_0" pos="5.50" speed="10.70" angle="84.58" x="75.53" y="-3.91"/>
        <vehicle id="cfm-slow_1" eclass="HBEFA3/PC_G_EU4" CO2="30199.05" CO="591.16" HC="3.44" NOx="13.93" PMx="0.74" fuel="12.98" electricity="0.00" noise="104.60" route="routebottom" type="cfm-slow" waiting="0.00" lane="bottom_0" pos="22.16" speed="10.70" angle="54.58" x="107.67" y="11.04"/>
        <vehicle id="cfm-slow_2" eclass="HBEFA3/PC_G_EU4" CO2="30214.31" CO="591.46" HC="3.44" NOx="13.94" PMx="0.74" fuel="12.99" electricity="0.00" noise="104.63" route="routebottom" type="cfm-slow" waiting="0.00" lane="bottom_0" pos="38.83" speed="10.70" angle="24.66" x="128.07" y="40.04"/>
        <vehicle id="cfm-slow_3" eclass="HBEFA3/PC_G_EU4" CO2="30340.33" CO="594.00" HC="3.45" NOx="14.00" PMx="0.75" fuel="13.04" electricity="0.00" noise="104.80" route="routeright" type="cfm-slow" waiting="0.00" lane="right_0" pos="5.50" speed="10.71" angle="354.55" x="131.23" y="75.53"/>
        <vehicle id="cfm-slow_4" eclass="HBEFA3/PC_G_EU4" CO2="31118.96" CO="609.60" HC="3.54" NOx="14.36" PMx="0.77" fuel="13.38" electricity="0.00" noise="105.83" route="routeright" type="cfm-slow" waiting="0.00" lane="right_0" pos="22.17" speed="10.76" angle="324.57" x="116.27" y="107.68"/>
        <vehicle id="cfm-slow_5" eclass="HBEFA3/PC_G_EU4" CO2="34373.42" CO="674.01" HC="3.92" NOx="15.89" PMx="0.85" fuel="14.78" electricity="0.00" noise="109.67" route="routeright" type="cfm-slow" waiting="0.00" lane="right_0" pos="38.90" speed="11.06" angle="294.53" x="87.14" y="128.12"/>
    </timestep>
    <timestep time="0.76">
        <vehicle id="cfm-fast_0" eclass="HBEFA3/PC_G_EU4" CO2="41559.66" CO="811.54" HC="4.72" NOx="19.25" PMx="1.04" fuel="17.86" electricity="0.00" noise="114.71" route="routetop" type="cfm-fast" waiting="0.00" lane="top_0" pos="6.09" speed="12.39" angle="263.45" x="50.54" y="131.00"/>
        <vehicle id="cfm-fast_1" eclass="HBEFA3/PC_G_EU4" CO2="41558.32" CO="811.52" HC="4.72" NOx="19.25" PMx="1.04" fuel="17.86" electricity="0.00" noise="114.71" route="routetop" type="cfm-fast" waiting="0.00" lane="top_0" pos="22.76" speed="12.39" angle="233.45" x="18.68" y="115.46"/>
        <vehicle id="cfm-fast_2" eclass="HBEFA3/PC_G_EU4" CO2="41542.57" CO="811.20" HC="4.72" NOx="19.24" PMx="1.04" fuel="17.86" electricity="0.00" noise="114.69" route="routetop" type="cfm-fast" waiting="0.00" lane="top_0" pos="39.43" speed="12.39" angle="203.55" x="-1.17" y="86.09"/>
        <vehicle id="cfm-fast_3" eclass="HBEFA3/PC_G_EU4" CO2="41400.61" CO="808.31" HC="4.70" NOx="19.17" PMx="1.03" fuel="17.80" electricity="0.00" noise="114.51" route="routeleft" type="cfm-fast" waiting="0.00" lane="left_0" pos="6.09" speed="12.38" angle="173.50" x="-3.68" y="50.54"/>
        <vehicle id="cfm-fast_4" eclass="HBEFA3/PC_G_EU4" CO2="40483.24" CO="789.79" HC="4.60" NOx="18.74" PMx="1.01" fuel="17.40" electricity="0.00" noise="113.45" route="routeleft" type="cfm-fast" waiting="0.00" lane="left_0" pos="22.75" speed="12.33" angle="143.47" x="11.86" y="18.69"/>
        <vehicle id="cfm-fast_5" eclass="HBEFA3/PC_G_EU4" CO2="36787.98" CO="716.03" HC="4.17" NOx="17.01" PMx="0.91" fuel="15.81" electricity="0.00" noise="109.50" route="routeleft" type="cfm-fast" waiting="0.00" lane="left_0" pos="39.36" speed="12.02" angle="113.68" x="41.10" y="-1.12"/>
        <vehicle id="cfm-slow_0" eclass="HBEFA3/PC_G_EU4" CO2="30205.28" CO="590.42" HC="3.43" NOx="13.93" PMx="0.74" fuel="12.98" electricity="0.00" noise="104.24" route="routebottom" type="cfm-slow" waiting="0.00" lane="bottom_0" pos="5.61" speed="10.80" angle="84.38" x="75.76" y="-3.87"/>
        <vehicle id="cfm-slow_1" eclass="HBEFA3/PC_G_EU4" CO2="30206.90" CO="590.45" HC="3.43" NOx="13.93" PMx="0.74" fuel="12.98" electricity="0.00" noise="104.25" route="routebottom" type="cfm-slow" waiting="0.00" lane="bottom_0" pos="22.27" speed="10.80" angle="54.38" x="107.85" y="11.19"/>
        <vehicle id="cfm-slow_2" eclass="HBEFA3/PC_G_EU4" CO2="30223.31" CO="590.78" HC="3.43" NOx="13.94" PMx="0.74" fuel="12.99" electricity="0.00" noise="104.27" route="routebottom" type="cfm-slow" waiting="0.00" lane="bottom_0" pos="38.94" speed="10.80" angle="24.46" x="128.14" y="40.26"/>
        <vehicle id="cfm-slow_3" eclass="HBEFA3/PC_G_EU4" CO2="30356.30" CO="593.46" HC="3.45" NOx="14.00" PMx="0.75" fuel="13.05" electricity="0.00" noise="104.45" route="routeright" type="cfm-slow" waiting="0.00" lane="right_0" pos="5.61" speed="10.81" angle="354.35" x="131.19" y="75.76"/>
        <vehicle id="cfm-slow_4" eclass="HBEFA3/PC_G_EU4" CO2="31162.54" CO="609.61" HC="3.54" NOx="14.38" PMx="0.77" fuel="13.40" electricity="0.00" noise="105.51" route="routeright" type="cfm-slow" waiting="0.00" lane="right_0" pos="22.28" speed="10.86" angle="324.36" x="116.12" y="107.86"/>
        <vehicle id="cfm-slow_5" eclass="HBEFA3/PC_G_EU4" CO2="34467.10" CO="675.01" HC="3.92" NOx="15.93" PMx="0.85" fuel="14.82" electricity="0.00" noise="109.36" route="routeright" type="cfm-slow" waiting="0.00" lane="right_0" pos="39.02" speed="11.17" angle="294.32" x="86.92" y="128.20"/>
    </timestep>
    <timestep time="0.77">
        <vehicle id="cfm-fast_0" eclass="HBEFA3/PC_G_EU4" CO2="41589.91" CO="811.29" HC="4.72" NOx="19.26" PMx="1.04" fuel="17.88" electricity="0.00" noise="114.27" route="routetop" type="cfm-fast" waiting="0.00" lane="top_0" pos="6.22" speed="12.51" angle="263.22" x="50.28" y="130.95"/>
        <vehicle id="cfm-fast_1" eclass="HBEFA3/PC_G_EU4" CO2="41588.42" CO="811.26" HC="4.72" NOx="19.26" PMx="1.04" fuel="17.88" electricity="0.00" noise="114.27" route="routetop" type="cfm-fast" waiting="0.00" lane="top_0" pos="22.89" speed="12.51" angle="233.22" x="18.47" y="115.28"/>
        <vehicle id="cfm-fast_2" eclass="HBEFA3/PC_G_EU4" CO2="41571.37" CO="810.91" HC="4.72" NOx="19.25" PMx="1.04" fuel="17.87" electricity="0.00" noise="114.25" route="routetop" type="cfm-fast" waiting="0.00" lane="top_0" pos="39.55" speed="12.51" angle="203.31" x="-1.26" y="85.83"/>
        <vehicle id="cfm-fast_3" eclass="HBEFA3/PC_G_EU4" CO2="41421.06" CO="807.86" HC="4.70" NOx="19.18" PMx="1.03" fuel="17.80" electricity="0.00" noise="114.07" route="routeleft" type="cfm-fast" waiting="0.00" lane="left_0" pos="6.22" speed="12.50" angle="173.27" x="-3.63" y="50.28"/>
        <vehicle id="cfm-fast_4" eclass="HBEFA3/PC_G_EU4" CO2="40470.71" CO="788.67" HC="4.59" NOx="18.73" PMx="1.01" fuel="17.40" electricity="0.00" noise="112.98" route="routeleft" type="cfm-fast" waiting="0.00" lane="left_0" pos="22.88" speed="12.45" angle="143.24" x="12.03" y="18.49"/>
        <vehicle id="cfm-fast_5" eclass="HBEFA3/PC_G_EU4" CO2="36725.45" CO="713.91" HC="4.16" NOx="16.97" PMx="0.91" fuel="15.79" electricity="0.00" noise="109.01" route="routeleft" type="cfm-fast" waiting="0.00" lane="left_0" pos="39.48" speed="12.13" angle="113.45" x="41.35" y="-1.21"/>
        <vehicle id="cfm-slow_0" eclass="HBEFA3/PC_G_EU4" CO2="30208.39" CO="589.63" HC="3.43" NOx="13.93" PMx="0.74" fuel="12.99" electricity="0.00" noise="103.89" route="routebottom" type="cfm-slow" waiting="0.00" lane="bottom_0" pos="5.72" speed="10.90" angle="84.18" x="75.99" y="-3.83"/>
        <vehicle id="cfm-slow_1" eclass="HBEFA3/PC_G_EU4" CO2="30210.15" CO="589.67" HC="3.43" NOx="13.93" PMx="0.74" fuel="12.99" electricity="0.00" noise="103.89" route="routebottom" type="cfm-slow" waiting="0.00" lane="bottom_0" pos="22.38" speed="10.90" angle="54.17" x="108.03" y="11.34"/>
        <vehicle id="cfm-slow_2" eclass="HBEFA3/PC_G_EU4" CO2="30227.78" CO="590.03" HC="3.43" NOx="13.94" PMx="0.74" fuel="12.99" electricity="0.00" noise="103.92" route="routebottom" type="cfm-slow" waiting="0.00" lane="bottom_0" pos="39.05" speed="10.90" angle="24.26" x="128.22" y="40.48"/>
        <vehicle id="cfm-slow_3" eclass="HBEFA3/PC_G_EU4" CO2="30367.96" CO="592.85" HC="3.45" NOx="14.00" PMx="0.75" fuel="13.05" electricity="0.00" noise="104.11" route="routeright" type="cfm-slow" waiting="0.00" lane="right_0" pos="5.72" speed="10.91" angle="354.15" x="131.15" y="75.99"/>
        <vehicle id="cfm-slow_4" eclass="HBEFA3/PC_G_EU4" CO2="31202.07" CO="609.55" HC="3.54" NOx="14.40" PMx="0.77" fuel="13.41" electricity="0.00" noise="105.19" route="routeright" type="cfm-slow" waiting="0.00" lane="right_0" pos="22.39" speed="10.97" angle="324.15" x="115.97" y="108.04"/>
        <vehicle id="cfm-slow_5" eclass="HBEFA3/PC_G_EU4" CO2="34555.60" CO="675.92" HC="3.93" NOx="15.97" PMx="0.86" fuel="14.85" electricity="0.00" noise="109.06" route="routeright" type="cfm-slow" waiting="0.00" lane="right_0" pos="39.13" speed="11.28" angle="294.12" x="86.69" y="128.28"/>
    </timestep>
    <timestep time="0.78">
        <vehicle id="cfm-fast_0" eclass="HBEFA3/PC_G_EU4" CO2="41613.24" CO="810.91" HC="4.72" NOx="19.27" PMx="1.04" fuel="17.89" electricity="0.00" noise="113.84" route="routetop" type="cfm-fast" waiting="0.00" lane="top_0" pos="6.35" speed="12.63" angle="263.03" x="50.01" y="130.90"/>
        <vehicle id="cfm-fast_1" eclass="HBEFA3/PC_G_EU4" CO2="41611.59" CO="810.88" HC="4.72" NOx="19.27" PMx="1.04" fuel="17.89" electricity="0.00" noise="113.84" route="routetop" type="cfm-fast" waiting="0.00" lane="top_0" pos="23.01" speed="12.63" angle="233.02" x="18.27" y="115.11"/>
        <vehicle id="cfm-fast_2" eclass="HBEFA3/PC_G_EU4" CO2="41593.16" CO="810.50" HC="4.72" NOx="19.26" PMx="1.04" fuel="17.88" electricity="0.00" noise="113.82" route="routetop" type="cfm-fast" waiting="0.00" lane="top_0" pos="39.68" speed="12.63" angle="203.11" x="-1.36" y="85.58"/>
        <vehicle id="cfm-fast_3" eclass="HBEFA3/PC_G_EU4" CO2="41434.22" CO="807.28" HC="4.70" NOx="19.18" PMx="1.03" fuel="17.81" electricity="0.00" noise="113.63" route="routeleft" type="cfm-fast" waiting="0.00" lane="left_0" pos="6.34" speed="12.62" angle="173.08" x="-3.58" y="50.01"/>
        <vehicle id="cfm-fast_4" eclass="HBEFA3/PC_G_EU4" CO2="40450.64" CO="787.41" HC="4.58" NOx="18.72" PMx="1.01" fuel="17.39" electricity="0.00" noise="112.52" route="routeleft" type="cfm-fast" waiting="0.00" lane="left_0" pos="23.00" speed="12.57" angle="143.03" x="12.21" y="18.28"/>
        <vehicle id="cfm-fast_5" eclass="HBEFA3/PC_G_EU4" CO2="36656.87" CO="711.69" HC="4.14" NOx="16.94" PMx="0.91" fuel="15.76" electricity="0.00" noise="108.54" route="routeleft" type="cfm-fast" waiting="0.00" lane="left_0" pos="39.60" speed="12.24" angle="113.23" x="41.59" y="-1.30"/>
        <vehicle id="cfm-slow_0" eclass="HBEFA3/PC_G_EU4" CO2="30207.03" CO="588.77" HC="3.42" NOx="13.93" PMx="0.74" fuel="12.98" electricity="0.00" noise="103.54" route="routebottom" type="cfm-slow" waiting="0.00" lane="bottom_0" pos="5.83" speed="11.00" angle="83.98" x="76.22" y="-3.78"/>
        <vehicle id="cfm-slow_1" eclass="HBEFA3/PC_G_EU4" CO2="30208.95" CO="588.81" HC="3.42" NOx="13.93" PMx="0.74" fuel="12.99" electricity="0.00" noise="103.54" route="routebottom" type="cfm-slow" waiting="0.00" lane="bottom_0" pos="22.49" speed="11.00" angle="53.96" x="108.21" y="11.50"/>
        <vehicle id="cfm-slow_2" eclass="HBEFA3/PC_G_EU4" CO2="30227.84" CO="589.19" HC="3.43" NOx="13.94" PMx="0.74" fuel="12.99" electricity="0.00" noise="103.57" route="routebottom" type="cfm-slow" waiting="0.00" lane="bottom_0" pos="39.16" speed="11.00" angle="24.07" x="128.30" y="40.70"/>
        <vehicle id="cfm-slow_3" eclass="HBEFA3/PC_G_EU4" CO2="30375.44" CO="592.17" HC="3.44" NOx="14.01" PMx="0.75" fuel="13.06" electricity="0.00" noise="103.77" route="routeright" type="cfm-slow" waiting="0.00" lane="right_0" pos="5.83" speed="11.01" angle="353.94" x="131.10" y="76.22"/>
        <vehicle id="cfm-slow_4" eclass="HBEFA3/PC_G_EU4" CO2="31237.66" CO="609.43" HC="3.54" NOx="14.41" PMx="0.77" fuel="13.43" electricity="0.00" noise="104.88" route="routeright" type="cfm-slow" waiting="0.00" lane="right_0" pos="22.50" speed="11.07" angle="323.94" x="115.81" y="108.22"/>
        <vehicle id="cfm-slow_5" eclass="HBEFA3/PC_G_EU4" CO2="34639.01" CO="676.74" HC="3.94" NOx="16.01" PMx="0.86" fuel="14.89" electricity="0.00" noise="108.76" route="routeright" type="cfm-slow" waiting="0.00" lane="right_0" pos="39.24" speed="11.39" angle="293.91" x="86.46" y="128.37"/>
    </timestep>
    <timestep time="0.79">
        <vehicle id="cfm-fast_0" eclass="HBEFA3/PC_G_EU4" CO2="41629.82" CO="810.41" HC="4.72" NOx="19.27" PMx="1.04" fuel="17.89" electricity="0.00" noise="113.42" route="routetop" type="cfm-fast" waiting="0.00" lane="top_0" pos="6.47" speed="12.75" angle="262.81" x="49.74" y="130.84"/>
        <vehicle id="cfm-fast_1" eclass="HBEFA3/PC_G_EU4" CO2="41628.00" CO="810.38" HC="4.72" NOx="19.27" PMx="1.04" fuel="17.89" electricity="0.00" noise="113.42" route="routetop" type="cfm-fast" waiting="0.00" lane="top_0" pos="23.14" speed="12.75" angle="232.83" x="18.06" y="114.93"/>
        <vehicle id="cfm-fast_2" eclass="HBEFA3/PC_G_EU4" CO2="41608.11" CO="809.97" HC="4.72" NOx="19.26" PMx="1.04" fuel="17.89" electricity="0.00" noise="113.39" route="routetop" type="cfm-fast" waiting="0.00" lane="top_0" pos="39.81" speed="12.74" angle="202.91" x="-1.45" y="85.32"/>
        <vehicle id="cfm-fast_3" eclass="HBEFA3/PC_G_EU4" CO2="41440.28" CO="806.56" HC="4.70" NOx="19.18" PMx="1.03" fuel="17.81" electricity="0.00" noise="113.20" route="routeleft" type="cfm-fast" waiting="0.00" lane="left_0" pos="6.47" speed="12.74" angle="172.86" x="-3.52" y="49.74"/>
        <vehicle id="cfm-fast_4" eclass="HBEFA3/PC_G_EU4" CO2="40423.24" CO="786.02" HC="4.58" NOx="18.70" PMx="1.01" fuel="17.38" electricity="0.00" noise="112.05" route="routeleft" type="cfm-fast" waiting="0.00" lane="left_0" pos="23.13" speed="12.68" angle="142.84" x="12.39" y="18.08"/>
        <vehicle id="cfm-fast_5" eclass="HBEFA3/PC_G_EU4" CO2="36582.44" CO="709.37" HC="4.13" NOx="16.90" PMx="0.91" fuel="15.72" electricity="0.00" noise="108.06" route="routeleft" type="cfm-fast" waiting="0.00" lane="left_0" pos="39.72" speed="12.35" angle="113.04" x="41.84" y="-1.39"/>
        <vehicle id="cfm-slow_0" eclass="HBEFA3/PC_G_EU4" CO2="30201.30" CO="587.83" HC="3.42" NOx="13.92" PMx="0.74" fuel="12.98" electricity="0.00" noise="103.19" route="routebottom" type="cfm-slow" waiting="0.00" lane="bottom_0" pos="5.94" speed="11.10" angle="83.78" x="76.46" y="-3.74"/>
        <vehicle id="cfm-slow_1" eclass="HBEFA3/PC_G_EU4" CO2="30203.40" CO="587.88" HC="3.42" NOx="13.92" PMx="0.74" fuel="12.98" electricity="0.00" noise="103.19" route="routebottom" type="cfm-slow" waiting="0.00" lane="bottom_0" pos="22.60" speed="11.10" angle="53.75" x="108.39" y="11.65"/>
        <vehicle id="cfm-slow_2" eclass="HBEFA3/PC_G_EU4" CO2="30223.62" CO="588.29" HC="3.42" NOx="13.93" PMx="0.74" fuel="12.99" electricity="0.00" noise="103.22" route="routebottom" type="cfm-slow" waiting="0.00" lane="bottom_0" pos="39.27" speed="11.10" angle="23.87" x="128.39" y="40.92"/>
        <vehicle id="cfm-slow_3" eclass="HBEFA3/PC_G_EU4" CO2="30378.86" CO="591.41" HC="3.44" NOx="14.01" PMx="0.75" fuel="13.06" electricity="0.00" noise="103.43" route="routeright" type="cfm-slow" waiting="0.00" lane="right_0" pos="5.94" speed="11.11" angle="353.74" x="131.06" y="76.46"/>
        <vehicle id="cfm-slow_4" eclass="HBEFA3/PC_G_EU4" CO2="31269.41" CO="609.25" HC="3.54" NOx="14.42" PMx="0.77" fuel="13.44" electricity="0.00" noise="104.57" route="routeright" type="cfm-slow" waiting="0.00" lane="right_0" pos="22.61" speed="11.17" angle="323.73" x="115.66" y="108.41"/>
        <vehicle id="cfm-slow_5" eclass="HBEFA3/PC_G_EU4" CO2="34717.43" CO="677.47" HC="3.94" NOx="16.04" PMx="0.86" fuel="14.92" electricity="0.00" noise="108.46" route="routeright" type="cfm-slow" waiting="0.00" lane="right_0" pos="39.36" speed="11.50" angle="293.70" x="86.23" y="128.45"/>
    </timestep>
    <timestep time="0.80">
        <vehicle id="cfm-fast_0" eclass="HBEFA3/PC_G_EU4" CO2="41639.83" CO="809.80" HC="4.72" NOx="19.27" PMx="1.04" fuel="17.90" electricity="0.00" noise="113.00" route="routetop" type="cfm-fast" waiting="0.00" lane="top_0" pos="6.60" speed="12.86" angle="262.56" x="49.47" y="130.78"/>
        <vehicle id="cfm-fast_1" eclass="HBEFA3/PC_G_EU4" CO2="41637.83" CO="809.76" HC="4.72" NOx="19.27" PMx="1.04" fuel="17.90" electricity="0.00" noise="113.00" route="routetop" type="cfm-fast" waiting="0.00" lane="top_0" pos="23.27" speed="12.86" angle="232.59" x="17.86" y="114.74"/>
        <vehicle id="cfm-fast_2" eclass="HBEFA3/PC_G_EU4" CO2="41616.41" CO="809.32" HC="4.71" NOx="19.26" PMx="1.04" fuel="17.89" electricity="0.00" noise="112.97" route="routetop" type="cfm-fast" waiting="0.00" lane="top_0" pos="39.93" speed="12.86" angle="202.67" x="-1.53" y="85.05"/>
        <vehicle id="cfm-fast_3" eclass="HBEFA3/PC_G_EU4" CO2="41439.42" CO="805.73" HC="4.69" NOx="19.18" PMx="1.03" fuel="17.81" electricity="0.00" noise="112.76" route="routeleft" type="cfm-fast" waiting="0.00" lane="left_0" pos="6.60" speed="12.85" angle="172.61" x="-3.46" y="49.47"/>
        <vehicle id="cfm-fast_4" eclass="HBEFA3/PC_G_EU4" CO2="40388.69" CO="784.51" HC="4.57" NOx="18.69" PMx="1.01" fuel="17.36" electricity="0.00" noise="111.59" route="routeleft" type="cfm-fast" waiting="0.00" lane="left_0" pos="23.26" speed="12.80" angle="142.61" x="12.57" y="17.87"/>
        <vehicle id="cfm-fast_5" eclass="HBEFA3/PC_G_EU4" CO2="36502.37" CO="706.95" HC="4.12" NOx="16.86" PMx="0.91" fuel="15.69" electricity="0.00" noise="107.59" route="routeleft" type="cfm-fast" waiting="0.00" lane="left_0" pos="39.85" speed="12.45" angle="112.83" x="42.10" y="-1.47"/>
        <vehicle id="cfm-slow_0" eclass="HBEFA3/PC_G_EU4" CO2="30191.34" CO="586.83" HC="3.42" NOx="13.91" PMx="0.74" fuel="12.98" electricity="0.00" noise="102.84" route="routebottom" type="cfm-slow" waiting="0.00" lane="bottom_0" pos="6.05" speed="11.19" angle="83.57" x="76.69" y="-3.70"/>
        <vehicle id="cfm-slow_1" eclass="HBEFA3/PC_G_EU4" CO2="30193.62" CO="586.87" HC="3.42" NOx="13.92" PMx="0.74" fuel="12.98" electricity="0.00" noise="102.85" route="routebottom" type="cfm-slow" waiting="0.00" lane="bottom_0" pos="22.71" speed="11.19" angle="53.54" x="108.57" y="11.81"/>
        <vehicle id="cfm-slow_2" eclass="HBEFA3/PC_G_EU4" CO2="30215.25" CO="587.31" HC="3.42" NOx="13.93" PMx="0.74" fuel="12.99" electricity="0.00" noise="102.88" route="routebottom" type="cfm-slow" waiting="0.00" lane="bottom_0" pos="39.38" speed="11.19" angle="23.66" x="128.47" y="41.15"/>
        <vehicle id="cfm-slow_3" eclass="HBEFA3/PC_G_EU4" CO2="30378.34" CO="590.60" HC="3.44" NOx="14.00" PMx="0.75" fuel="13.06" electricity="0.00" noise="103.09" route="routeright" type="cfm-slow" waiting="0.00" lane="right_0" pos="6.05" speed="11.20" angle="353.53" x="131.02" y="76.69"/>
        <vehicle id="cfm-slow_4" eclass="HBEFA3/PC_G_EU4" CO2="31297.44" CO="609.00" HC="3.54" NOx="14.43" PMx="0.77" fuel="13.45" electricity="0.00" noise="104.26" route="routeright" type="cfm-slow" waiting="0.00" lane="right_0" pos="22.73" speed="11.27" angle="323.52" x="115.50" y="108.59"/>
        <vehicle id="cfm-slow_5" eclass="HBEFA3/PC_G_EU4" CO2="34790.95" CO="678.12" HC="3.95" NOx="16.07" PMx="0.86" fuel="14.95" electricity="0.00" noise="108.17" route="routeright" type="cfm-slow" waiting="0.00" lane="right_0" pos="39.47" speed="11.61" angle="293.49" x="85.99" y="128.54"/>
    </timestep>
    <timestep time="0.81">
        <vehicle id="cfm-fast_0" eclass="HBEFA3/PC_G_EU4" CO2="41643.45" CO="809.07" HC="4.71" NOx="19.27" PMx="1.04" fuel="17.90" electricity="0.00" noise="112.58" route="routetop" type="cfm-fast" waiting="0.00" lane="top_0" pos="6.73" speed="12.98" angle="262.32" x="49.20" y="130.72"/>
        <vehicle id="cfm-fast_1" eclass="HBEFA3/PC_G_EU4" CO2="41641.26" CO="809.03" HC="4.71" NOx="19.27" PMx="1.04" fuel="17.90" electricity="0.00" noise="112.58" route="routetop" type="cfm-fast" waiting="0.00" lane="top_0" pos="23.40" speed="12.98" angle="232.36" x="17.65" y="114.55"/>
        <vehicle id="cfm-fast_2" eclass="HBEFA3/PC_G_EU4" CO2="41618.23" CO="808.56" HC="4.71" NOx="19.26" PMx="1.04" fuel="17.89" electricity="0.00" noise="112.55" route="routetop" type="cfm-fast" waiting="0.00" lane="top_0" pos="40.06" speed="12.98" angle="202.43" x="-1.61" y="84.79"/>
        <vehicle id="cfm-fast_3" eclass="HBEFA3/PC_G_EU4" CO2="41431.80" CO="804.78" HC="4.69" NOx="19.17" PMx="1.03" fuel="17.81" electricity="0.00" noise="112.34" route="routeleft" type="cfm-fast" waiting="0.00" lane="left_0" pos="6.73" speed="12.97" angle="172.36" x="-3.40" y="49.20"/>
        <vehicle id="cfm-fast_4" eclass="HBEFA3/PC_G_EU4" CO2="40347.20" CO="782.87" HC="4.56" NOx="18.66" PMx="1.01" fuel="17.34" electricity="0.00" noise="111.14" route="routeleft" type="cfm-fast" waiting="0.00" lane="left_0" pos="23.39" speed="12.91" angle="142.38" x="12.76" y="17.67"/>
        <vehicle id="cfm-fast_5" eclass="HBEFA3/PC_G_EU4" CO2="36416.85" CO="704.43" HC="4.11" NOx="16.82" PMx="0.90" fuel="15.65" electricity="0.00" noise="107.13" route="routeleft" type="cfm-fast" waiting="0.00" lane="left_0" pos="39.97" speed="12.56" angle="112.60" x="42.36" y="-1.55"/>
        <vehicle id="cfm-slow_0" eclass="HBEFA3/PC_G_EU4" CO2="30177.26" CO="585.75" HC="3.41" NOx="13.91" PMx="0.74" fuel="12.97" electricity="0.00" noise="102.50" route="routebottom" type="cfm-slow" waiting="0.00" lane="bottom_0" pos="6.16" speed="11.29" angle="83.37" x="76.93" y="-3.65"/>
        <vehicle id="cfm-slow_1" eclass="HBEFA3/PC_G_EU4" CO2="30179.74" CO="585.80" HC="3.41" NOx="13.91" PMx="0.74" fuel="12.97" electricity="0.00" noise="102.51" route="routebottom" type="cfm-slow" waiting="0.00" lane="bottom_0" pos="22.83" speed="11.29" angle="53.33" x="108.76" y="11.97"/>
        <vehicle id="cfm-slow_2" eclass="HBEFA3/PC_G_EU4" CO2="30202.83" CO="586.26" HC="3.41" NOx="13.92" PMx="0.74" fuel="12.98" electricity="0.00" noise="102.54" route="routebottom" type="cfm-slow" waiting="0.00" lane="bottom_0" pos="39.49" speed="11.29" angle="23.46" x="128.55" y="41.38"/>
        <vehicle id="cfm-slow_3" eclass="HBEFA3/PC_G_EU4" CO2="30374.00" CO="589.71" HC="3.43" NOx="14.00" PMx="0.75" fuel="13.06" electricity="0.00" noise="102.76" route="routeright" type="cfm-slow" waiting="0.00" lane="right_0" pos="6.16" speed="11.30" angle="353.32" x="130.97" y="76.93"/>
        <vehicle id="cfm-slow_4" eclass="HBEFA3/PC_G_EU4" CO2="31321.83" CO="608.69" HC="3.54" NOx="14.44" PMx="0.77" fuel="13.46" electricity="0.00" noise="103.95" route="routeright" type="cfm-slow" waiting="0.00" lane="right_0" pos="22.84" speed="11.36" angle="323.30" x="115.34" y="108.78"/>
        <vehicle id="cfm-slow_5" eclass="HBEFA3/PC_G_EU4" CO2="34859.67" CO="678.69" HC="3.95" NOx="16.10" PMx="0.86" fuel="14.98" electricity="0.00" noise="107.87" route="routeright" type="cfm-slow" waiting="0.00" lane="right_0" pos="39.59" speed="11.72" angle="293.28" x="85.75" y="128.62"/>
    </timestep>
    <timestep time="0.82">
        <vehicle id="cfm-fast_0" eclass="HBEFA3/PC_G_EU4" CO2="41640.86" CO="808.24" HC="4.71" NOx="19.27" PMx="1.04" fuel="17.90" electricity="0.00" noise="112.17" route="routetop" type="cfm-fast" waiting="0.00" lane="top_0" pos="6.86" speed="13.09" angle="262.07" x="48.92" y="130.66"/>
        <vehicle id="cfm-fast_1" eclass="HBEFA3/PC_G_EU4" CO2="41638.45" CO="808.19" HC="4.71" NOx="19.27" PMx="1.04" fuel="17.90" electricity="0.00" noise="112.16" route="routetop" type="cfm-fast" waiting="0.00" lane="top_0" pos="23.53" speed="13.09" angle="232.13" x="17.44" y="114.36"/>
        <vehicle id="cfm-fast_2" eclass="HBEFA3/PC_G_EU4" CO2="41613.73" CO="807.69" HC="4.71" NOx="19.26" PMx="1.04" fuel="17.89" electricity="0.00" noise="112.14" route="routetop" type="cfm-fast" waiting="0.00" lane="top_0" pos="40.20" speed="13.09" angle="202.19" x="-1.69" y="84.52"/>
        <vehicle id="cfm-fast_3" eclass="HBEFA3/PC_G_EU4" CO2="41417.59" CO="803.70" HC="4.68" NOx="19.16" PMx="1.03" fuel="17.80" electricity="0.00" noise="111.91" route="routeleft" type="cfm-fast" waiting="0.00" lane="left_0" pos="6.86" speed="13.09" angle="172.11" x="-3.34" y="48.92"/>
        <vehicle id="cfm-fast_4" eclass="HBEFA3/PC_G_EU4" CO2="40298.95" CO="781.11" HC="4.55" NOx="18.64" PMx="1.00" fuel="17.32" electricity="0.00" noise="110.69" route="routeleft" type="cfm-fast" waiting="0.00" lane="left_0" pos="23.52" speed="13.02" angle="142.14" x="12.95" y="17.46"/>
        <vehicle id="cfm-fast_5" eclass="HBEFA3/PC_G_EU4" CO2="36326.08" CO="701.82" HC="4.09" NOx="16.77" PMx="0.90" fuel="15.61" electricity="0.00" noise="106.67" route="routeleft" type="cfm-fast" waiting="0.00" lane="left_0" pos="40.10" speed="12.66" angle="112.36" x="42.62" y="-1.63"/>
        <vehicle id="cfm-slow_0" eclass="HBEFA3/PC_G_EU4" CO2="30159.18" CO="584.60" HC="3.40" NOx="13.89" PMx="0.74" fuel="12.96" electricity="0.00" noise="102.16" route="routebottom" type="cfm-slow" waiting="0.00" lane="bottom_0" pos="6.27" speed="11.38" angle="83.17" x="77.17" y="-3.61"/>
        <vehicle id="cfm-slow_1" eclass="HBEFA3/PC_G_EU4" CO2="30161.86" CO="584.65" HC="3.40" NOx="13.90" PMx="0.74" fuel="12.97" electricity="0.00" noise="102.17" route="routebottom" type="cfm-slow" waiting="0.00" lane="bottom_0" pos="22.94" speed="11.38" angle="53.12" x="108.94" y="12.13"/>
        <vehicle id="cfm-slow_2" eclass="HBEFA3/PC_G_EU4" CO2="30186.49" CO="585.15" HC="3.41" NOx="13.91" PMx="0.74" fuel="12.98" electricity="0.00" noise="102.20" route="routebottom" type="cfm-slow" waiting="0.00" lane="bottom_0" pos="39.61" speed="11.38" angle="23.26" x="128.63" y="41.61"/>
        <vehicle id="cfm-slow_3" eclass="HBEFA3/PC_G_EU4" CO2="30365.95" CO="588.77" HC="3.43" NOx="13.99" PMx="0.75" fuel="13.05" electricity="0.00" noise="102.43" route="routeright" type="cfm-slow" waiting="0.00" lane="right_0" pos="6.28" speed="11.39" angle="353.12" x="130.93" y="77.17"/>
        <vehicle id="cfm-slow_4" eclass="HBEFA3/PC_G_EU4" CO2="31342.70" CO="608.33" HC="3.54" NOx="14.45" PMx="0.77" fuel="13.47" electricity="0.00" noise="103.65" route="routeright" type="cfm-slow" waiting="0.00" lane="right_0" pos="22.96" speed="11.46" angle="323.09" x="115.18" y="108.97"/>
        <vehicle id="cfm-slow_5" eclass="HBEFA3/PC_G_EU4" CO2="34923.68" CO="679.17" HC="3.95" NOx="16.13" PMx="0.87" fuel="15.01" electricity="0.00" noise="107.58" route="routeright" type="cfm-slow" waiting="0.00" lane="right_0" pos="39.71" speed="11.82" angle="293.11" x="85.51" y="128.71"/>
    </timestep>
    <timestep time="0.83">
        <vehicle id="cfm-fast_0" eclass="HBEFA3/PC_G_EU4" CO2="41632.22" CO="807.30" HC="4.70" NOx="19.26" PMx="1.04" fuel="17.90" electricity="0.00" noise="111.76" route="routetop" type="cfm-fast" waiting="0.00" lane="top_0" pos="6.99" speed="13.21" angle="261.82" x="48.65" y="130.60"/>
        <vehicle id="cfm-fast_1" eclass="HBEFA3/PC_G_EU4" CO2="41629.58" CO="807.24" HC="4.70" NOx="19.26" PMx="1.04" fuel="17.89" electricity="0.00" noise="111.75" route="routetop" type="cfm-fast" waiting="0.00" lane="top_0" pos="23.66" speed="13.21" angle="231.89" x="17.24" y="114.16"/>
        <vehicle id="cfm-fast_2" eclass="HBEFA3/PC_G_EU4" CO2="41603.09" CO="806.70" HC="4.70" NOx="19.25" PMx="1.04" fuel="17.88" electricity="0.00" noise="111.72" route="routetop" type="cfm-fast" waiting="0.00" lane="top_0" pos="40.33" speed="13.21" angle="201.94" x="-1.78" y="84.25"/>
        <vehicle id="cfm-fast_3" eclass="HBEFA3/PC_G_EU4" CO2="41396.97" CO="802.52" HC="4.68" NOx="19.15" PMx="1.03" fuel="17.79" electricity="0.00" noise="111.49" route="routeleft" type="cfm-fast" waiting="0.00" lane="left_0" pos="6.99" speed="13.20" angle="171.85" x="-3.27" y="48.65"/>
        <vehicle id="cfm-fast_4" eclass="HBEFA3/PC_G_EU4" CO2="40244.13" CO="779.23" HC="4.54" NOx="18.61" PMx="1.00" fuel="17.30" electricity="0.00" noise="110.24" route="routeleft" type="cfm-fast" waiting="0.00" lane="left_0" pos="23.65" speed="13.13" angle="141.90" x="13.14" y="17.25"/>
        <vehicle id="cfm-fast_5" eclass="HBEFA3/PC_G_EU4" CO2="36230.24" CO="699.13" HC="4.08" NOx="16.72" PMx="0.90" fuel="15.57" electricity="0.00" noise="106.22" route="routeleft" type="cfm-fast" waiting="0.00" lane="left_0" pos="40.23" speed="12.76" angle="112.12" x="42.88" y="-1.71"/>
        <vehicle id="cfm-slow_0" eclass="HBEFA3/PC_G_EU4" CO2="30137.19" CO="583.39" HC="3.40" NOx="13.88" PMx="0.74" fuel="12.95" electricity="0.00" noise="101.83" route="routebottom" type="cfm-slow" waiting="0.00" lane="bottom_0" pos="6.39" speed="11.48" angle="83.00" x="77.42" y="-3.56"/>
        <vehicle id="cfm-slow_1" eclass="HBEFA3/PC_G_EU4" CO2="30140.10" CO="583.45" HC="3.40" NOx="13.88" PMx="0.74" fuel="12.96" electricity="0.00" noise="101.83" route="routebottom" type="cfm-slow" waiting="0.00" lane="bottom_0" pos="23.06" speed="11.48" angle="52.96" x="109.13" y="12.29"/>
        <vehicle id="cfm-slow_2" eclass="HBEFA3/PC_G_EU4" CO2="30166.34" CO="583.98" HC="3.40" NOx="13.90" PMx="0.74" fuel="12.97" electricity="0.00" noise="101.87" route="routebottom" type="cfm-slow" waiting="0.00" lane="bottom_0" pos="39.72" speed="11.48" angle="23.09" x="128.72" y="41.84"/>
        <vehicle id="cfm-slow_3" eclass="HBEFA3/PC_G_EU4" CO2="30354.32" CO="587.77" HC="3.42" NOx="13.98" PMx="0.75" fuel="13.05" electricity="0.00" noise="102.11" route="routeright" type="cfm-slow" waiting="0.00" lane="right_0" pos="6.39" speed="11.49" angle="352.95" x="130.88" y="77.42"/>
        <vehicle id="cfm-slow_4" eclass="HBEFA3/PC_G_EU4" CO2="31360.14" CO="607.91" HC="3.54" NOx="14.46" PMx="0.77" fuel="13.48" electricity="0.00" noise="103.35" route="routeright" type="cfm-slow" waiting="0.00" lane="right_0" pos="23.07" speed="11.56" angle="322.94" x="115.02" y="109.16"/>
        <vehicle id="cfm-slow_5" eclass="HBEFA3/PC_G_EU4" CO2="34983.08" CO="679.58" HC="3.96" NOx="16.16" PMx="0.87" fuel="15.04" electricity="0.00" noise="107.29" route="routeright" type="cfm-slow" waiting="0.00" lane="right_0" pos="39.83" speed="11.93" angle="292.91" x="85.27" y="128.79"/>
    </timestep>
    <timestep time="0.84">
        <vehicle id="cfm-fast_0" eclass="HBEFA3/PC_G_EU4" CO2="41617.69" CO="806.25" HC="4.70" NOx="19.25" PMx="1.04" fuel="17.89" electricity="0.00" noise="111.35" route="routetop" type="cfm-fast" waiting="0.00" lane="top_0" pos="7.13" speed="13.32" angle="261.57" x="48.37" y="130.53"/>
        <vehicle id="cfm-fast_1" eclass="HBEFA3/PC_G_EU4" CO2="41614.82" CO="806.19" HC="4.70" NOx="19.25" PMx="1.04" fuel="17.89" electricity="0.00" noise="111.35" route="routetop" type="cfm-fast" waiting="0.00" lane="top_0" pos="23.79" speed="13.32" angle="231.65" x="17.03" y="113.97"/>
        <vehicle id="cfm-fast_2" eclass="HBEFA3/PC_G_EU4" CO2="41586.46" CO="805.61" HC="4.70" NOx="19.24" PMx="1.04" fuel="17.88" electricity="0.00" noise="111.32" route="routetop" type="cfm-fast" waiting="0.00" lane="top_0" pos="40.46" speed="13.32" angle="201.69" x="-1.86" y="83.97"/>
        <vehicle id="cfm-fast_3" eclass="HBEFA3/PC_G_EU4" CO2="41370.10" CO="801.22" HC="4.67" NOx="19.14" PMx="1.03" fuel="17.78" electricity="0.00" noise="111.07" route="routeleft" type="cfm-fast" waiting="0.00" lane="left_0" pos="7.13" speed="13.31" angle="171.60" x="-3.21" y="48.37"/>
        <vehicle id="cfm-fast_4" eclass="HBEFA3/PC_G_EU4" CO2="40182.91" CO="777.24" HC="4.53" NOx="18.58" PMx="1.00" fuel="17.27" electricity="0.00" noise="109.80" route="routeleft" type="cfm-fast" waiting="0.00" lane="left_0" pos="23.78" speed="13.24" angle="141.66" x="13.34" y="17.04"/>
        <vehicle id="cfm-fast_5" eclass="HBEFA3/PC_G_EU4" CO2="36129.52" CO="696.35" HC="4.06" NOx="16.67" PMx="0.90" fuel="15.53" electricity="0.00" noise="105.77" route="routeleft" type="cfm-fast" waiting="0.00" lane="left_0" pos="40.36" speed="12.86" angle="111.88" x="43.14" y="-1.80"/>
        <vehicle id="cfm-slow_0" eclass="HBEFA3/PC_G_EU4" CO2="30111.43" CO="582.11" HC="3.39" NOx="13.87" PMx="0.74" fuel="12.94" electricity="0.00" noise="101.49" route="routebottom" type="cfm-slow" waiting="0.00" lane="bottom_0" pos="6.51" speed="11.57" angle="82.78" x="77.66" y="-3.51"/>
        <vehicle id="cfm-slow_1" eclass="HBEFA3/PC_G_EU4" CO2="30114.57" CO="582.18" HC="3.39" NOx="13.87" PMx="0.74" fuel="12.94" electricity="0.00" noise="101.50" route="routebottom" type="cfm-slow" waiting="0.00" lane="bottom_0" pos="23.17" speed="11.57" angle="52.76" x="109.32" y="12.45"/>
        <vehicle id="cfm-slow_2" eclass="HBEFA3/PC_G_EU4" CO2="30142.48" CO="582.74" HC="3.40" NOx="13.88" PMx="0.74" fuel="12.96" electricity="0.00" noise="101.54" route="routebottom" type="cfm-slow" waiting="0.00" lane="bottom_0" pos="39.84" speed="11.57" angle="22.89" x="128.80" y="42.08"/>
        <vehicle id="cfm-slow_3" eclass="HBEFA3/PC_G_EU4" CO2="30339.20" CO="586.71" HC="3.42" NOx="13.97" PMx="0.75" fuel="13.04" electricity="0.00" noise="101.79" route="routeright" type="cfm-slow" waiting="0.00" lane="right_0" pos="6.51" speed="11.58" angle="352.73" x="130.83" y="77.66"/>
        <vehicle id="cfm-slow_4" eclass="HBEFA3/PC_G_EU4" CO2="31374.25" CO="607.43" HC="3.54" NOx="14.46" PMx="0.77" fuel="13.49" electricity="0.00" noise="103.06" route="routeright" type="cfm-slow" waiting="0.00" lane="right_0" pos="23.19" speed="11.65" angle="322.73" x="114.85" y="109.34"/>
        <vehicle id="cfm-slow_5" eclass="HBEFA3/PC_G_EU4" CO2="35037.94" CO="679.91" HC="3.96" NOx="16.18" PMx="0.87" fuel="15.06" electricity="0.00" noise="107.00" route="routeright" type="cfm-slow" waiting="0.00" lane="right_0" pos="39.95" speed="12.03" angle="292.68" x="85.02" y="128.87"/>
    </timestep>
    <timestep time="0.85">
        <vehicle id="cfm-fast_0" eclass="HBEFA3/PC_G_EU4" CO2="41597.44" CO="805.11" HC="4.69" NOx="19.24" PMx="1.04" fuel="17.88" electricity="0.00" noise="110.95" route="routetop" type="cfm-fast" waiting="0.00" lane="top_0" pos="7.26" speed="13.43" angle="261.32" x="48.08" y="130.47"/>
        <vehicle id="cfm-fast_1" eclass="HBEFA3/PC_G_EU4" CO2="41594.31" CO="805.04" HC="4.69" NOx="19.24" PMx="1.04" fuel="17.88" electricity="0.00" noise="110.95" route="routetop" type="cfm-fast" waiting="0.00" lane="top_0" pos="23.93" speed="13.43" angle="231.41" x="16.81" y="113.77"/>
        <vehicle id="cfm-fast_2" eclass="HBEFA3/PC_G_EU4" CO2="41564.00" CO="804.42" HC="4.69" NOx="19.22" PMx="1.04" fuel="17.87" electricity="0.00" noise="110.91" route="routetop" type="cfm-fast" waiting="0.00" lane="top_0" pos="40.60" speed="13.43" angle="201.44" x="-1.95" y="83.70"/>
        <vehicle id="cfm-fast_3" eclass="HBEFA3/PC_G_EU4" CO2="41337.13" CO="799.82" HC="4.66" NOx="19.12" PMx="1.03" fuel="17.77" electricity="0.00" noise="110.66" route="routeleft" type="cfm-fast" waiting="0.00" lane="left_0" pos="7.26" speed="13.42" angle="171.34" x="-3.14" y="48.09"/>
        <vehicle id="cfm-fast_4" eclass="HBEFA3/PC_G_EU4" CO2="40115.49" CO="775.14" HC="4.52" NOx="18.54" PMx="1.00" fuel="17.24" electricity="0.00" noise="109.36" route="routeleft" type="cfm-fast" waiting="0.00" lane="left_0" pos="23.91" speed="13.35" angle="141.42" x="13.53" y="16.83"/>
        <vehicle id="cfm-fast_5" eclass="HBEFA3/PC_G_EU4" CO2="36024.10" CO="693.49" HC="4.05" NOx="16.62" PMx="0.89" fuel="15.48" electricity="0.00" noise="105.32" route="routeleft" type="cfm-fast" waiting="0.00" lane="left_0" pos="40.49" speed="12.96" angle="111.64" x="43.41" y="-1.88"/>
        <vehicle id="cfm-slow_0" eclass="HBEFA3/PC_G_EU4" CO2="30081.98" CO="580.77" HC="3.39" NOx="13.85" PMx="0.74" fuel="12.93" electricity="0.00" noise="101.16" route="routebottom" type="cfm-slow" waiting="0.00" lane="bottom_0" pos="6.62" speed="11.66" angle="82.56" x="77.90" y="-3.45"/>
        <vehicle id="cfm-slow_1" eclass="HBEFA3/PC_G_EU4" CO2="30085.38" CO="580.84" HC="3.39" NOx="13.85" PMx="0.74" fuel="12.93" electricity="0.00" noise="101.17" route="routebottom" type="cfm-slow" waiting="0.00" lane="bottom_0" pos="23.29" speed="11.66" angle="52.55" x="109.50" y="12.62"/>
        <vehicle id="cfm-slow_2" eclass="HBEFA3/PC_G_EU4" CO2="30115.04" CO="581.44" HC="3.39" NOx="13.87" PMx="0.74" fuel="12.94" electricity="0.00" noise="101.21" route="routebottom" type="cfm-slow" waiting="0.00" lane="bottom_0" pos="39.96" speed="11.66" angle="22.67" x="128.87" y="42.32"/>
        <vehicle id="cfm-slow_3" eclass="HBEFA3/PC_G_EU4" CO2="30320.72" CO="585.59" HC="3.41" NOx="13.96" PMx="0.75" fuel="13.03" electricity="0.00" noise="101.47" route="routeright" type="cfm-slow" waiting="0.00" lane="right_0" pos="6.62" speed="11.67" angle="352.51" x="130.77" y="77.90"/>
        <vehicle id="cfm-slow_4" eclass="HBEFA3/PC_G_EU4" CO2="31385.11" CO="606.90" HC="3.54" NOx="14.46" PMx="0.77" fuel="13.49" electricity="0.00" noise="102.76" route="routeright" type="cfm-slow" waiting="0.00" lane="right_0" pos="23.30" speed="11.75" angle="322.52" x="114.68" y="109.53"/>
        <vehicle id="cfm-slow_5" eclass="HBEFA3/PC_G_EU4" CO2="35088.36" CO="680.16" HC="3.96" NOx="16.20" PMx="0.87" fuel="15.08" electricity="0.00" noise="106.71" route="routeright" type="cfm-slow" waiting="0.00" lane="right_0" pos="40.07" speed="12.14" angle="292.45" x="84.77" y="128.94"/>
    </timestep>
    <timestep time="0.86">
        <vehicle id="cfm-fast_0" eclass="HBEFA3/PC_G_EU4" CO2="41571.62" CO="803.86" HC="4.69" NOx="19.23" PMx="1.04" fuel="17.87" electricity="0.00" noise="110.55" route="routetop" type="cfm-fast" waiting="0.00" lane="top_0" pos="7.40" speed="13.55" angle="261.07" x="47.80" y="130.41"/>
        <vehicle id="cfm-fast_1" eclass="HBEFA3/PC_G_EU4" CO2="41568.22" CO="803.79" HC="4.69" NOx="19.22" PMx="1.04" fuel="17.87" electricity="0.00" noise="110.55" route="routetop" type="cfm-fast" waiting="0.00" lane="top_0" pos="24.06" speed="13.55" angle="231.16" x="16.60" y="113.58"/>
        <vehicle id="cfm-fast_2" eclass="HBEFA3/PC_G_EU4" CO2="41535.87" CO="803.13" HC="4.68" NOx="19.21" PMx="1.04" fuel="17.85" electricity="0.00" noise="110.51" route="routetop" type="cfm-fast" waiting="0.00" lane="top_0" pos="40.73" speed="13.54" angle="201.19" x="-2.03" y="83.42"/>
        <vehicle id="cfm-fast_3" eclass="HBEFA3/PC_G_EU4" CO2="41298.23" CO="798.31" HC="4.65" NOx="19.10" PMx="1.03" fuel="17.75" electricity="0.00" noise="110.25" route="routeleft" type="cfm-fast" waiting="0.00" lane="left_0" pos="7.40" speed="13.53" angle="171.08" x="-3.08" y="47.80"/>
        <vehicle id="cfm-fast_4" eclass="HBEFA3/PC_G_EU4" CO2="40042.04" CO="772.93" HC="4.51" NOx="18.51" PMx="1.00" fuel="17.21" electricity="0.00" noise="108.92" route="routeleft" type="cfm-fast" waiting="0.00" lane="left_0" pos="24.05" speed="13.46" angle="141.18" x="13.73" y="16.62"/>
        <vehicle id="cfm-fast_5" eclass="HBEFA3/PC_G_EU4" CO2="35914.15" CO="690.56" HC="4.03" NOx="16.57" PMx="0.89" fuel="15.44" electricity="0.00" noise="104.88" route="routeleft" type="cfm-fast" waiting="0.00" lane="left_0" pos="40.62" speed="13.06" angle="111.39" x="43.68" y="-1.96"/>
        <vehicle id="cfm-slow_0" eclass="HBEFA3/PC_G_EU4" CO2="30048.96" CO="579.38" HC="3.38" NOx="13.83" PMx="0.74" fuel="12.92" electricity="0.00" noise="100.84" route="routebottom" type="cfm-slow" waiting="0.00" lane="bottom_0" pos="6.74" speed="11.75" angle="82.33" x="78.15" y="-3.39"/>
        <vehicle id="cfm-slow_1" eclass="HBEFA3/PC_G_EU4" CO2="30052.62" CO="579.45" HC="3.38" NOx="13.83" PMx="0.74" fuel="12.92" electricity="0.00" noise="100.84" route="routebottom" type="cfm-slow" waiting="0.00" lane="bottom_0" pos="23.41" speed="11.75" angle="52.34" x="109.69" y="12.79"/>
        <vehicle id="cfm-slow_2" eclass="HBEFA3/PC_G_EU4" CO2="30084.11" CO="580.09" HC="3.38" NOx="13.85" PMx="0.74" fuel="12.93" electricity="0.00" noise="100.88" route="routebottom" type="cfm-slow" waiting="0.00" lane="bottom_0" pos="40.07" speed="11.75" angle="22.44" x="128.94" y="42.56"/>
        <vehicle id="cfm-slow_3" eclass="HBEFA3/PC_G_EU4" CO2="30298.96" CO="584.42" HC="3.41" NOx="13.95" PMx="0.74" fuel="13.02" electricity="0.00" noise="101.16" route="routeright" type="cfm-slow" waiting="0.00" lane="right_0" pos="6.74" speed="11.76" angle="352.29" x="130.72" y="78.15"/>
        <vehicle id="cfm-slow_4" eclass="HBEFA3/PC_G_EU4" CO2="31392.83" CO="606.32" HC="3.53" NOx="14.46" PMx="0.77" fuel="13.49" electricity="0.00" noise="102.47" route="routeright" type="cfm-slow" waiting="0.00" lane="right_0" pos="23.42" speed="11.84" angle="322.31" x="114.51" y="109.71"/>
        <vehicle id="cfm-slow_5" eclass="HBEFA3/PC_G_EU4" CO2="35134.43" CO="680.33" HC="3.96" NOx="16.22" PMx="0.87" fuel="15.10" electricity="0.00" noise="106.43" route="routeright" type="cfm-slow" waiting="0.00" lane="right_0" pos="40.19" speed="12.24" angle="292.22" x="84.52" y="129.02"/>
    </timestep>
    <timestep time="0.87">
        <vehicle id="cfm-fast_0" eclass="HBEFA3/PC_G_EU4" CO2="41540.39" CO="802.52" HC="4.68" NOx="19.21" PMx="1.04" fuel="17.86" electricity="0.00" noise="110.16" route="routetop" type="cfm-fast" waiting="0.00" lane="top_0" pos="7.53" speed="13.66" angle="260.82" x="47.51" y="130.34"/>
        <vehicle id="cfm-fast_1" eclass="HBEFA3/PC_G_EU4" CO2="41536.69" CO="802.45" HC="4.68" NOx="19.21" PMx="1.04" fuel="17.85" electricity="0.00" noise="110.15" route="routetop" type="cfm-fast" waiting="0.00" lane="top_0" pos="24.20" speed="13.66" angle="230.92" x="16.38" y="113.38"/>
        <vehicle id="cfm-fast_2" eclass="HBEFA3/PC_G_EU4" CO2="41502.22" CO="801.75" HC="4.68" NOx="19.19" PMx="1.03" fuel="17.84" electricity="0.00" noise="110.11" route="routetop" type="cfm-fast" waiting="0.00" lane="top_0" pos="40.87" speed="13.65" angle="200.93" x="-2.12" y="83.14"/>
        <vehicle id="cfm-fast_3" eclass="HBEFA3/PC_G_EU4" CO2="41253.54" CO="796.70" HC="4.65" NOx="19.07" PMx="1.03" fuel="17.73" electricity="0.00" noise="109.84" route="routeleft" type="cfm-fast" waiting="0.00" lane="left_0" pos="7.53" speed="13.64" angle="170.82" x="-3.01" y="47.52"/>
        <vehicle id="cfm-fast_4" eclass="HBEFA3/PC_G_EU4" CO2="39962.73" CO="770.62" HC="4.50" NOx="18.47" PMx="0.99" fuel="17.18" electricity="0.00" noise="108.49" route="routeleft" type="cfm-fast" waiting="0.00" lane="left_0" pos="24.18" speed="13.56" angle="140.94" x="13.93" y="16.41"/>
        <vehicle id="cfm-fast_5" eclass="HBEFA3/PC_G_EU4" CO2="35799.84" CO="687.55" HC="4.01" NOx="16.51" PMx="0.89" fuel="15.39" electricity="0.00" noise="104.45" route="routeleft" type="cfm-fast" waiting="0.00" lane="left_0" pos="40.75" speed="13.16" angle="111.15" x="43.95" y="-2.04"/>
        <vehicle id="cfm-slow_0" eclass="HBEFA3/PC_G_EU4" CO2="30012.46" CO="577.92" HC="3.37" NOx="13.81" PMx="0.74" fuel="12.90" electricity="0.00" noise="100.52" route="routebottom" type="cfm-slow" waiting="0.00" lane="bottom_0" pos="6.86" speed="11.84" angle="82.11" x="78.40" y="-3.34"/>
        <vehicle id="cfm-slow_1" eclass="HBEFA3/PC_G_EU4" CO2="30016.41" CO="578.00" HC="3.37" NOx="13.82" PMx="0.74" fuel="12.90" electricity="0.00" noise="100.52" route="routebottom" type="cfm-slow" waiting="0.00" lane="bottom_0" pos="23.52" speed="11.84" angle="52.12" x="109.87" y="12.97"/>
        <vehicle id="cfm-slow_2" eclass="HBEFA3/PC_G_EU4" CO2="30049.80" CO="578.68" HC="3.37" NOx="13.83" PMx="0.74" fuel="12.92" electricity="0.00" noise="100.56" route="routebottom" type="cfm-slow" waiting="0.00" lane="bottom_0" pos="40.19" speed="11.84" angle="22.22" x="129.02" y="42.80"/>
        <vehicle id="cfm-slow_3" eclass="HBEFA3/PC_G_EU4" CO2="30274.04" CO="583.20" HC="3.40" NOx="13.94" PMx="0.74" fuel="13.01" electricity="0.00" noise="100.85" route="routeright" type="cfm-slow" waiting="0.00" lane="right_0" pos="6.86" speed="11.86" angle="352.07" x="130.66" y="78.40"/>
        <vehicle id="cfm-slow_4" eclass="HBEFA3/PC_G_EU4" CO2="31397.48" CO="605.69" HC="3.53" NOx="14.46" PMx="0.77" fuel="13.50" electricity="0.00" noise="102.19" route="routeright" type="cfm-slow" waiting="0.00" lane="right_0" pos="23.54" speed="11.94" angle="322.10" x="114.33" y="109.90"/>
        <vehicle id="cfm-slow_5" eclass="HBEFA3/PC_G_EU4" CO2="35176.23" CO="680.43" HC="3.97" NOx="16.24" PMx="0.87" fuel="15.12" electricity="0.00" noise="106.15" route="routeright" type="cfm-slow" waiting="0.00" lane="right_0" pos="40.32" speed="12.34" angle="291.98" x="84.27" y="129.10"/>
    </timestep>
    <timestep time="0.88">
        <vehicle id="cfm-fast_0" eclass="HBEFA3/PC_G_EU4" CO2="41503.91" CO="801.09" HC="4.67" NOx="19.19" PMx="1.03" fuel="17.84" electricity="0.00" noise="109.76" route="routetop" type="cfm-fast" waiting="0.00" lane="top_0" pos="7.67" speed="13.76" angle="260.62" x="47.22" y="130.28"/>
        <vehicle id="cfm-fast_1" eclass="HBEFA3/PC_G_EU4" CO2="41499.90" CO="801.01" HC="4.67" NOx="19.19" PMx="1.03" fuel="17.84" electricity="0.00" noise="109.76" route="routetop" type="cfm-fast" waiting="0.00" lane="top_0" pos="24.34" speed="13.76" angle="230.71" x="16.17" y="113.17"/>
        <vehicle id="cfm-fast_2" eclass="HBEFA3/PC_G_EU4" CO2="41463.20" CO="800.26" HC="4.67" NOx="19.17" PMx="1.03" fuel="17.82" electricity="0.00" noise="109.72" route="routetop" type="cfm-fast" waiting="0.00" lane="top_0" pos="41.00" speed="13.76" angle="200.71" x="-2.20" y="82.85"/>
        <vehicle id="cfm-fast_3" eclass="HBEFA3/PC_G_EU4" CO2="41203.21" CO="794.98" HC="4.64" NOx="19.05" PMx="1.03" fuel="17.71" electricity="0.00" noise="109.44" route="routeleft" type="cfm-fast" waiting="0.00" lane="left_0" pos="7.67" speed="13.75" angle="170.62" x="-2.95" y="47.23"/>
        <vehicle id="cfm-fast_4" eclass="HBEFA3/PC_G_EU4" CO2="39877.72" CO="768.20" HC="4.48" NOx="18.42" PMx="0.99" fuel="17.14" electricity="0.00" noise="108.06" route="routeleft" type="cfm-fast" waiting="0.00" lane="left_0" pos="24.32" speed="13.67" angle="140.73" x="14.13" y="16.19"/>
        <vehicle id="cfm-fast_5" eclass="HBEFA3/PC_G_EU4" CO2="35681.35" CO="684.47" HC="4.00" NOx="16.45" PMx="0.88" fuel="15.34" electricity="0.00" noise="104.02" route="routeleft" type="cfm-fast" waiting="0.00" lane="left_0" pos="40.88" speed="13.26" angle="110.90" x="44.22" y="-2.13"/>
        <vehicle id="cfm-slow_0" eclass="HBEFA3/PC_G_EU4" CO2="29972.60" CO="576.41" HC="3.36" NOx="13.79" PMx="0.74" fuel="12.88" electricity="0.00" noise="100.19" route="routebottom" type="cfm-slow" waiting="0.00" lane="bottom_0" pos="6.98" speed="11.93" angle="81.88" x="78.65" y="-3.28"/>
        <vehicle id="cfm-slow_1" eclass="HBEFA3/PC_G_EU4" CO2="29976.84" CO="576.49" HC="3.36" NOx="13.79" PMx="0.74" fuel="12.89" electricity="0.00" noise="100.20" route="routebottom" type="cfm-slow" waiting="0.00" lane="bottom_0" pos="23.64" speed="11.93" angle="51.91" x="110.06" y="13.14"/>
        <vehicle id="cfm-slow_2" eclass="HBEFA3/PC_G_EU4" CO2="30012.21" CO="577.21" HC="3.37" NOx="13.81" PMx="0.74" fuel="12.90" electricity="0.00" noise="100.25" route="routebottom" type="cfm-slow" waiting="0.00" lane="bottom_0" pos="40.31" speed="11.93" angle="21.99" x="129.10" y="43.05"/>
        <vehicle id="cfm-slow_3" eclass="HBEFA3/PC_G_EU4" CO2="30246.06" CO="581.92" HC="3.39" NOx="13.92" PMx="0.74" fuel="13.00" electricity="0.00" noise="100.54" route="routeright" type="cfm-slow" waiting="0.00" lane="right_0" pos="6.98" speed="11.95" angle="351.85" x="130.60" y="78.65"/>
        <vehicle id="cfm-slow_4" eclass="HBEFA3/PC_G_EU4" CO2="31399.16" CO="605.01" HC="3.53" NOx="14.46" PMx="0.77" fuel="13.50" electricity="0.00" noise="101.91" route="routeright" type="cfm-slow" waiting="0.00" lane="right_0" pos="23.66" speed="12.03" angle="321.88" x="114.16" y="110.09"/>
        <vehicle id="cfm-slow_5" eclass="HBEFA3/PC_G_EU4" CO2="35213.84" CO="680.46" HC="3.97" NOx="16.25" PMx="0.87" fuel="15.14" electricity="0.00" noise="105.87" route="routeright" type="cfm-slow" waiting="0.00" lane="right_0" pos="40.44" speed="12.45" angle="291.75" x="84.01" y="129.18"/>
    </timestep>
    <timestep time="0.89">
        <vehicle id="cfm-fast_0" eclass="HBEFA3/PC_G_EU4" CO2="41462.31" CO="799.57" HC="4.66" NOx="19.17" PMx="1.03" fuel="17.82" electricity="0.00" noise="109.38" route="routetop" type="cfm-fast" waiting="0.00" lane="top_0" pos="7.81" speed="13.87" angle="260.37" x="46.94" y="130.20"/>
        <vehicle id="cfm-fast_1" eclass="HBEFA3/PC_G_EU4" CO2="41457.96" CO="799.48" HC="4.66" NOx="19.16" PMx="1.03" fuel="17.82" electricity="0.00" noise="109.37" route="routetop" type="cfm-fast" waiting="0.00" lane="top_0" pos="24.48" speed="13.87" angle="230.47" x="15.96" y="112.97"/>
        <vehicle id="cfm-fast_2" eclass="HBEFA3/PC_G_EU4" CO2="41418.95" CO="798.69" HC="4.66" NOx="19.14" PMx="1.03" fuel="17.80" electricity="0.00" noise="109.33" route="routetop" type="cfm-fast" waiting="0.00" lane="top_0" pos="41.14" speed="13.87" angle="200.48" x="-2.29" y="82.57"/>
        <vehicle id="cfm-fast_3" eclass="HBEFA3/PC_G_EU4" CO2="41147.41" CO="793.17" HC="4.63" NOx="19.02" PMx="1.02" fuel="17.69" electricity="0.00" noise="109.04" route="routeleft" type="cfm-fast" waiting="0.00" lane="left_0" pos="7.81" speed="13.86" angle="170.37" x="-2.87" y="46.94"/>
        <vehicle id="cfm-fast_4" eclass="HBEFA3/PC_G_EU4" CO2="39787.19" CO="765.69" HC="4.47" NOx="18.38" PMx="0.99" fuel="17.10" electricity="0.00" noise="107.63" route="routeleft" type="cfm-fast" waiting="0.00" lane="left_0" pos="24.46" speed="13.77" angle="140.50" x="14.33" y="15.98"/>
        <vehicle id="cfm-fast_5" eclass="HBEFA3/PC_G_EU4" CO2="35558.82" CO="681.32" HC="3.98" NOx="16.39" PMx="0.88" fuel="15.28" electricity="0.00" noise="103.59" route="routeleft" type="cfm-fast" waiting="0.00" lane="left_0" pos="41.02" speed="13.35" angle="110.69" x="44.50" y="-2.21"/>
        <vehicle id="cfm-slow_0" eclass="HBEFA3/PC_G_EU4" CO2="29929.46" CO="574.84" HC="3.35" NOx="13.77" PMx="0.73" fuel="12.87" electricity="0.00" noise="99.88" route="routebottom" type="cfm-slow" waiting="0.00" lane="bottom_0" pos="7.10" speed="12.02" angle="81.65" x="78.90" y="-3.22"/>
        <vehicle id="cfm-slow_1" eclass="HBEFA3/PC_G_EU4" CO2="29934.02" CO="574.93" HC="3.36" NOx="13.77" PMx="0.73" fuel="12.87" electricity="0.00" noise="99.88" route="routebottom" type="cfm-slow" waiting="0.00" lane="bottom_0" pos="23.76" speed="12.02" angle="51.69" x="110.25" y="13.32"/>
        <vehicle id="cfm-slow_2" eclass="HBEFA3/PC_G_EU4" CO2="29971.44" CO="575.69" HC="3.36" NOx="13.79" PMx="0.74" fuel="12.88" electricity="0.00" noise="99.93" route="routebottom" type="cfm-slow" waiting="0.00" lane="bottom_0" pos="40.43" speed="12.02" angle="21.76" x="129.17" y="43.29"/>
        <vehicle id="cfm-slow_3" eclass="HBEFA3/PC_G_EU4" CO2="30215.11" CO="580.60" HC="3.39" NOx="13.90" PMx="0.74" fuel="12.99" electricity="0.00" noise="100.23" route="routeright" type="cfm-slow" waiting="0.00" lane="right_0" pos="7.10" speed="12.04" angle="351.62" x="130.55" y="78.90"/>
        <vehicle id="cfm-slow_4" eclass="HBEFA3/PC_G_EU4" CO2="31397.94" CO="604.28" HC="3.53" NOx="14.46" PMx="0.77" fuel="13.50" electricity="0.00" noise="101.63" route="routeright" type="cfm-slow" waiting="0.00" lane="right_0" pos="23.78" speed="12.12" angle="321.66" x="113.98" y="110.28"/>
        <vehicle id="cfm-slow_5" eclass="HBEFA3/PC_G_EU4" CO2="35247.35" CO="680.42" HC="3.97" NOx="16.27" PMx="0.87" fuel="15.15" electricity="0.00" noise="105.59" route="routeright" type="cfm-slow" waiting="0.00" lane="right_0" pos="40.57" speed="12.55" angle="291.51" x="83.75" y="129.26"/>
    </timestep>
    <timestep time="0.90">
        <vehicle id="cfm-fast_0" eclass="HBEFA3/PC_G_EU4" CO2="41415.74" CO="797.97" HC="4.66" NOx="19.14" PMx="1.03" fuel="17.80" electricity="0.00" noise="108.99" route="routetop" type="cfm-fast" waiting="0.00" lane="top_0" pos="7.95" speed="13.98" angle="260.11" x="46.65" y="130.12"/>
        <vehicle id="cfm-fast_1" eclass="HBEFA3/PC_G_EU4" CO2="41411.05" CO="797.87" HC="4.66" NOx="19.14" PMx="1.03" fuel="17.80" electricity="0.00" noise="108.99" route="routetop" type="cfm-fast" waiting="0.00" lane="top_0" pos="24.62" speed="13.98" angle="230.21" x="15.74" y="112.75"/>
        <vehicle id="cfm-fast_2" eclass="HBEFA3/PC_G_EU4" CO2="41369.62" CO="797.03" HC="4.65" NOx="19.12" PMx="1.03" fuel="17.78" electricity="0.00" noise="108.94" route="routetop" type="cfm-fast" waiting="0.00" lane="top_0" pos="41.28" speed="13.98" angle="200.22" x="-2.36" y="82.28"/>
        <vehicle id="cfm-fast_3" eclass="HBEFA3/PC_G_EU4" CO2="41086.26" CO="791.27" HC="4.62" NOx="18.99" PMx="1.02" fuel="17.66" electricity="0.00" noise="108.64" route="routeleft" type="cfm-fast" waiting="0.00" lane="left_0" pos="7.95" speed="13.97" angle="170.11" x="-2.79" y="46.65"/>
        <vehicle id="cfm-fast_4" eclass="HBEFA3/PC_G_EU4" CO2="39691.30" CO="763.08" HC="4.45" NOx="18.33" PMx="0.99" fuel="17.06" electricity="0.00" noise="107.21" route="routeleft" type="cfm-fast" waiting="0.00" lane="left_0" pos="24.60" speed="13.88" angle="140.24" x="14.54" y="15.77"/>
        <vehicle id="cfm-fast_5" eclass="HBEFA3/PC_G_EU4" CO2="35432.42" CO="678.10" HC="3.96" NOx="16.33" PMx="0.88" fuel="15.23" electricity="0.00" noise="103.17" route="routeleft" type="cfm-fast" waiting="0.00" lane="left_0" pos="41.15" speed="13.45" angle="110.46" x="44.77" y="-2.29"/>
        <vehicle id="cfm-slow_0" eclass="HBEFA3/PC_G_EU4" CO2="29883.14" CO="573.22" HC="3.35" NOx="13.75" PMx="0.73" fuel="12.85" electricity="0.00" noise="99.56" route="routebottom" type="cfm-slow" waiting="0.00" lane="bottom_0" pos="7.22" speed="12.11" angle="81.42" x="79.15" y="-3.16"/>
        <vehicle id="cfm-slow_1" eclass="HBEFA3/PC_G_EU4" CO2="29888.03" CO="573.32" HC="3.35" NOx="13.75" PMx="0.73" fuel="12.85" electricity="0.00" noise="99.57" route="routebottom" type="cfm-slow" waiting="0.00" lane="bottom_0" pos="23.88" speed="12.11" angle="51.47" x="110.44" y="13.49"/>
        <vehicle id="cfm-slow_2" eclass="HBEFA3/PC_G_EU4" CO2="29927.59" CO="574.12" HC="3.35" NOx="13.77" PMx="0.73" fuel="12.86" electricity="0.00" noise="99.62" route="routebottom" type="cfm-slow" waiting="0.00" lane="bottom_0" pos="40.55" speed="12.11" angle="21.53" x="129.25" y="43.54"/>
        <vehicle id="cfm-slow_3" eclass="HBEFA3/PC_G_EU4" CO2="30181.30" CO="579.24" HC="3.38" NOx="13.89" PMx="0.74" fuel="12.97" electricity="0.00" noise="99.93" route="routeright" type="cfm-slow" waiting="0.00" lane="right_0" pos="7.22" speed="12.12" angle="351.39" x="130.49" y="79.16"/>
        <vehicle id="cfm-slow_4" eclass="HBEFA3/PC_G_EU4" CO2="31393.91" CO="603.51" HC="3.52" NOx="14.46" PMx="0.77" fuel="13.49" electricity="0.00" noise="101.35" route="routeright" type="cfm-slow" waiting="0.00" lane="right_0" pos="23.91" speed="12.22" angle="321.44" x="113.80" y="110.48"/>
        <vehicle id="cfm-slow_5" eclass="HBEFA3/PC_G_EU4" CO2="35276.84" CO="680.32" HC="3.97" NOx="16.28" PMx="0.87" fuel="15.16" electricity="0.00" noise="105.31" route="routeright" type="cfm-slow" waiting="0.00" lane="right_0" pos="40.69" speed="12.65" angle="291.27" x="83.49" y="129.34"/>
    </timestep>
    <timestep time="0.91">
        <vehicle id="cfm-fast_0" eclass="HBEFA3/PC_G_EU4" CO2="41364.35" CO="796.28" HC="4.65" NOx="19.11" PMx="1.03" fuel="17.78" electricity="0.00" noise="108.61" route="routetop" type="cfm-fast" waiting="0.00" lane="top_0" pos="8.09" speed="14.09" angle="259.85" x="46.35" y="130.04"/>
        <vehicle id="cfm-fast_1" eclass="HBEFA3/PC_G_EU4" CO2="41359.28" CO="796.17" HC="4.65" NOx="19.11" PMx="1.03" fuel="17.78" electricity="0.00" noise="108.61" route="routetop" type="cfm-fast" waiting="0.00" lane="top_0" pos="24.76" speed="14.09" angle="229.96" x="15.53" y="112.54"/>
        <vehicle id="cfm-fast_2" eclass="HBEFA3/PC_G_EU4" CO2="41315.34" CO="795.28" HC="4.64" NOx="19.09" PMx="1.03" fuel="17.76" electricity="0.00" noise="108.56" route="routetop" type="cfm-fast" waiting="0.00" lane="top_0" pos="41.42" speed="14.08" angle="199.96" x="-2.44" y="81.98"/>
        <vehicle id="cfm-fast_3" eclass="HBEFA3/PC_G_EU4" CO2="41019.91" CO="789.28" HC="4.61" NOx="18.95" PMx="1.02" fuel="17.63" electricity="0.00" noise="108.25" route="routeleft" type="cfm-fast" waiting="0.00" lane="left_0" pos="8.09" speed="14.07" angle="169.86" x="-2.71" y="46.36"/>
        <vehicle id="cfm-fast_4" eclass="HBEFA3/PC_G_EU4" CO2="39590.20" CO="760.39" HC="4.44" NOx="18.28" PMx="0.98" fuel="17.02" electricity="0.00" noise="106.79" route="routeleft" type="cfm-fast" waiting="0.00" lane="left_0" pos="24.74" speed="13.98" angle="139.99" x="14.76" y="15.55"/>
        <vehicle id="cfm-fast_5" eclass="HBEFA3/PC_G_EU4" CO2="35302.30" CO="674.82" HC="3.94" NOx="16.27" PMx="0.87" fuel="15.17" electricity="0.00" noise="102.75" route="routeleft" type="cfm-fast" waiting="0.00" lane="left_0" pos="41.29" speed="13.54" angle="110.21" x="45.06" y="-2.37"/>
        <vehicle id="cfm-slow_0" eclass="HBEFA3/PC_G_EU4" CO2="29833.73" CO="571.55" HC="3.34" NOx="13.72" PMx="0.73" fuel="12.82" electricity="0.00" noise="99.25" route="routebottom" type="cfm-slow" waiting="0.00" lane="bottom_0" pos="7.34" speed="12.19" angle="81.18" x="79.41" y="-3.11"/>
        <vehicle id="cfm-slow_1" eclass="HBEFA3/PC_G_EU4" CO2="29838.98" CO="571.66" HC="3.34" NOx="13.72" PMx="0.73" fuel="12.83" electricity="0.00" noise="99.26" route="routebottom" type="cfm-slow" waiting="0.00" lane="bottom_0" pos="24.01" speed="12.19" angle="51.25" x="110.64" y="13.67"/>
        <vehicle id="cfm-slow_2" eclass="HBEFA3/PC_G_EU4" CO2="29880.76" CO="572.50" HC="3.34" NOx="13.74" PMx="0.73" fuel="12.84" electricity="0.00" noise="99.31" route="routebottom" type="cfm-slow" waiting="0.00" lane="bottom_0" pos="40.67" speed="12.20" angle="21.30" x="129.33" y="43.79"/>
        <vehicle id="cfm-slow_3" eclass="HBEFA3/PC_G_EU4" CO2="30144.71" CO="577.82" HC="3.37" NOx="13.87" PMx="0.74" fuel="12.96" electricity="0.00" noise="99.63" route="routeright" type="cfm-slow" waiting="0.00" lane="right_0" pos="7.34" speed="12.21" angle="351.17" x="130.43" y="79.41"/>
        <vehicle id="cfm-slow_4" eclass="HBEFA3/PC_G_EU4" CO2="31387.15" CO="602.70" HC="3.52" NOx="14.45" PMx="0.77" fuel="13.49" electricity="0.00" noise="101.07" route="routeright" type="cfm-slow" waiting="0.00" lane="right_0" pos="24.03" speed="12.31" angle="321.22" x="113.62" y="110.67"/>
        <vehicle id="cfm-slow_5" eclass="HBEFA3/PC_G_EU4" CO2="35302.39" CO="680.14" HC="3.97" NOx="16.29" PMx="0.87" fuel="15.17" electricity="0.00" noise="105.04" route="routeright" type="cfm-slow" waiting="0.00" lane="right_0" pos="40.82" speed="12.75" angle="291.02" x="83.23" y="129.42"/>
    </timestep>
    <timestep time="0.92">
        <vehicle id="cfm-fast_0" eclass="HBEFA3/PC_G_EU4" CO2="41308.26" CO="794.51" HC="4.64" NOx="19.08" PMx="1.03" fuel="17.76" electricity="0.00" noise="108.23" route="routetop" type="cfm-fast" waiting="0.00" lane="top_0" pos="8.23" speed="14.19" angle="259.59" x="46.06" y="129.96"/>
        <vehicle id="cfm-fast_1" eclass="HBEFA3/PC_G_EU4" CO2="41302.81" CO="794.39" HC="4.64" NOx="19.08" PMx="1.03" fuel="17.75" electricity="0.00" noise="108.23" route="routetop" type="cfm-fast" waiting="0.00" lane="top_0" pos="24.90" speed="14.19" angle="229.69" x="15.31" y="112.32"/>
        <vehicle id="cfm-fast_2" eclass="HBEFA3/PC_G_EU4" CO2="41256.26" CO="793.45" HC="4.63" NOx="19.06" PMx="1.03" fuel="17.73" electricity="0.00" noise="108.18" route="routetop" type="cfm-fast" waiting="0.00" lane="top_0" pos="41.57" speed="14.19" angle="199.70" x="-2.52" y="81.69"/>
        <vehicle id="cfm-fast_3" eclass="HBEFA3/PC_G_EU4" CO2="40948.50" CO="787.19" HC="4.60" NOx="18.92" PMx="1.02" fuel="17.60" electricity="0.00" noise="107.85" route="routeleft" type="cfm-fast" waiting="0.00" lane="left_0" pos="8.23" speed="14.18" angle="169.60" x="-2.64" y="46.06"/>
        <vehicle id="cfm-fast_4" eclass="HBEFA3/PC_G_EU4" CO2="39484.06" CO="757.60" HC="4.42" NOx="18.23" PMx="0.98" fuel="16.97" electricity="0.00" noise="106.37" route="routeleft" type="cfm-fast" waiting="0.00" lane="left_0" pos="24.88" speed="14.08" angle="139.73" x="14.97" y="15.34"/>
        <vehicle id="cfm-fast_5" eclass="HBEFA3/PC_G_EU4" CO2="35168.62" CO="671.49" HC="3.93" NOx="16.20" PMx="0.87" fuel="15.12" electricity="0.00" noise="102.34" route="routeleft" type="cfm-fast" waiting="0.00" lane="left_0" pos="41.42" speed="13.63" angle="109.95" x="45.34" y="-2.44"/>
        <vehicle id="cfm-slow_0" eclass="HBEFA3/PC_G_EU4" CO2="29781.34" CO="569.83" HC="3.33" NOx="13.69" PMx="0.73" fuel="12.80" electricity="0.00" noise="98.94" route="routebottom" type="cfm-slow" waiting="0.00" lane="bottom_0" pos="7.46" speed="12.28" angle="80.95" x="79.67" y="-3.05"/>
        <vehicle id="cfm-slow_1" eclass="HBEFA3/PC_G_EU4" CO2="29786.95" CO="569.94" HC="3.33" NOx="13.70" PMx="0.73" fuel="12.80" electricity="0.00" noise="98.95" route="routebottom" type="cfm-slow" waiting="0.00" lane="bottom_0" pos="24.13" speed="12.28" angle="51.03" x="110.83" y="13.85"/>
        <vehicle id="cfm-slow_2" eclass="HBEFA3/PC_G_EU4" CO2="29831.04" CO="570.84" HC="3.33" NOx="13.72" PMx="0.73" fuel="12.82" electricity="0.00" noise="99.00" route="routebottom" type="cfm-slow" waiting="0.00" lane="bottom_0" pos="40.80" speed="12.28" angle="21.06" x="129.40" y="44.05"/>
        <vehicle id="cfm-slow_3" eclass="HBEFA3/PC_G_EU4" CO2="30105.44" CO="576.37" HC="3.37" NOx="13.85" PMx="0.74" fuel="12.94" electricity="0.00" noise="99.34" route="routeright" type="cfm-slow" waiting="0.00" lane="right_0" pos="7.47" speed="12.30" angle="350.94" x="130.37" y="79.67"/>
        <vehicle id="cfm-slow_4" eclass="HBEFA3/PC_G_EU4" CO2="31377.74" CO="601.84" HC="3.51" NOx="14.44" PMx="0.77" fuel="13.49" electricity="0.00" noise="100.80" route="routeright" type="cfm-slow" waiting="0.00" lane="right_0" pos="24.15" speed="12.40" angle="321.00" x="113.44" y="110.86"/>
        <vehicle id="cfm-slow_5" eclass="HBEFA3/PC_G_EU4" CO2="35324.08" CO="679.89" HC="3.97" NOx="16.29" PMx="0.87" fuel="15.18" electricity="0.00" noise="104.76" route="routeright" type="cfm-slow" waiting="0.00" lane="right_0" pos="40.95" speed="12.84" angle="290.79" x="82.97" y="129.50"/>
    </timestep>
    <timestep time="0.93">
        <vehicle id="cfm-fast_0" eclass="HBEFA3/PC_G_EU4" CO2="41247.63" CO="792.65" HC="4.63" NOx="19.05" PMx="1.03" fuel="17.73" electricity="0.00" noise="107.86" route="routetop" type="cfm-fast" waiting="0.00" lane="top_0" pos="8.38" speed="14.30" angle="259.33" x="45.76" y="129.89"/>
        <vehicle id="cfm-fast_1" eclass="HBEFA3/PC_G_EU4" CO2="41241.76" CO="792.54" HC="4.63" NOx="19.05" PMx="1.03" fuel="17.73" electricity="0.00" noise="107.85" route="routetop" type="cfm-fast" waiting="0.00" lane="top_0" pos="25.04" speed="14.30" angle="229.43" x="15.09" y="112.10"/>
        <vehicle id="cfm-fast_2" eclass="HBEFA3/PC_G_EU4" CO2="41192.50" CO="791.53" HC="4.62" NOx="19.03" PMx="1.03" fuel="17.71" electricity="0.00" noise="107.80" route="routetop" type="cfm-fast" waiting="0.00" lane="top_0" pos="41.71" speed="14.29" angle="199.43" x="-2.60" y="81.39"/>
        <vehicle id="cfm-fast_3" eclass="HBEFA3/PC_G_EU4" CO2="40872.16" CO="785.02" HC="4.58" NOx="18.88" PMx="1.02" fuel="17.57" electricity="0.00" noise="107.47" route="routeleft" type="cfm-fast" waiting="0.00" lane="left_0" pos="8.37" speed="14.28" angle="169.34" x="-2.56" y="45.77"/>
        <vehicle id="cfm-fast_4" eclass="HBEFA3/PC_G_EU4" CO2="39373.02" CO="754.73" HC="4.41" NOx="18.17" PMx="0.98" fuel="16.92" electricity="0.00" noise="105.96" route="routeleft" type="cfm-fast" waiting="0.00" lane="left_0" pos="25.02" speed="14.18" angle="139.47" x="15.19" y="15.12"/>
        <vehicle id="cfm-fast_5" eclass="HBEFA3/PC_G_EU4" CO2="35031.51" CO="668.09" HC="3.91" NOx="16.13" PMx="0.87" fuel="15.06" electricity="0.00" noise="101.93" route="routeleft" type="cfm-fast" waiting="0.00" lane="left_0" pos="41.56" speed="13.72" angle="109.70" x="45.63" y="-2.52"/>
        <vehicle id="cfm-slow_0" eclass="HBEFA3/PC_G_EU4" CO2="29726.04" CO="568.06" HC="3.32" NOx="13.67" PMx="0.73" fuel="12.78" electricity="0.00" noise="98.64" route="routebottom" type="cfm-slow" waiting="0.00" lane="bottom_0" pos="7.59" speed="12.37" angle="80.75" x="79.93" y="-2.99"/>
        <vehicle id="cfm-slow_1" eclass="HBEFA3/PC_G_EU4" CO2="29732.04" CO="568.18" HC="3.32" NOx="13.67" PMx="0.73" fuel="12.78" electricity="0.00" noise="98.64" route="routebottom" type="cfm-slow" waiting="0.00" lane="bottom_0" pos="24.25" speed="12.37" angle="50.82" x="111.03" y="14.03"/>
        <vehicle id="cfm-slow_2" eclass="HBEFA3/PC_G_EU4" CO2="29778.52" CO="569.12" HC="3.32" NOx="13.69" PMx="0.73" fuel="12.80" electricity="0.00" noise="98.70" route="routebottom" type="cfm-slow" waiting="0.00" lane="bottom_0" pos="40.92" speed="12.37" angle="20.83" x="129.48" y="44.30"/>
        <vehicle id="cfm-slow_3" eclass="HBEFA3/PC_G_EU4" CO2="30063.57" CO="574.87" HC="3.36" NOx="13.82" PMx="0.74" fuel="12.92" electricity="0.00" noise="99.04" route="routeright" type="cfm-slow" waiting="0.00" lane="right_0" pos="7.59" speed="12.38" angle="350.74" x="130.32" y="79.93"/>
        <vehicle id="cfm-slow_4" eclass="HBEFA3/PC_G_EU4" CO2="31365.76" CO="600.94" HC="3.51" NOx="14.44" PMx="0.77" fuel="13.48" electricity="0.00" noise="100.53" route="routeright" type="cfm-slow" waiting="0.00" lane="right_0" pos="24.28" speed="12.49" angle="320.79" x="113.26" y="111.06"/>
        <vehicle id="cfm-slow_5" eclass="HBEFA3/PC_G_EU4" CO2="35341.99" CO="679.59" HC="3.97" NOx="16.30" PMx="0.87" fuel="15.19" electricity="0.00" noise="104.49" route="routeright" type="cfm-slow" waiting="0.00" lane="right_0" pos="41.08" speed="12.94" angle="290.61" x="82.70" y="129.58"/>
    </timestep>
    <timestep time="0.94">
        <vehicle id="cfm-fast_0" eclass="HBEFA3/PC_G_EU4" CO2="41182.58" CO="790.73" HC="4.62" NOx="19.02" PMx="1.03" fuel="17.70" electricity="0.00" noise="107.49" route="routetop" type="cfm-fast" waiting="0.00" lane="top_0" pos="8.52" speed="14.40" angle="259.07" x="45.46" y="129.81"/>
        <vehicle id="cfm-fast_1" eclass="HBEFA3/PC_G_EU4" CO2="41176.27" CO="790.60" HC="4.62" NOx="19.02" PMx="1.03" fuel="17.70" electricity="0.00" noise="107.48" route="routetop" type="cfm-fast" waiting="0.00" lane="top_0" pos="25.19" speed="14.40" angle="229.17" x="14.88" y="111.89"/>
        <vehicle id="cfm-fast_2" eclass="HBEFA3/PC_G_EU4" CO2="41124.19" CO="789.54" HC="4.61" NOx="18.99" PMx="1.02" fuel="17.68" electricity="0.00" noise="107.43" route="routetop" type="cfm-fast" waiting="0.00" lane="top_0" pos="41.85" speed="14.40" angle="199.17" x="-2.68" y="81.09"/>
        <vehicle id="cfm-fast_3" eclass="HBEFA3/PC_G_EU4" CO2="40791.03" CO="782.77" HC="4.57" NOx="18.84" PMx="1.02" fuel="17.53" electricity="0.00" noise="107.08" route="routeleft" type="cfm-fast" waiting="0.00" lane="left_0" pos="8.52" speed="14.38" angle="169.07" x="-2.48" y="45.47"/>
        <vehicle id="cfm-fast_4" eclass="HBEFA3/PC_G_EU4" CO2="39257.25" CO="751.77" HC="4.39" NOx="18.11" PMx="0.98" fuel="16.87" electricity="0.00" noise="105.55" route="routeleft" type="cfm-fast" waiting="0.00" lane="left_0" pos="25.16" speed="14.28" angle="139.21" x="15.40" y="14.91"/>
        <vehicle id="cfm-fast_5" eclass="HBEFA3/PC_G_EU4" CO2="34891.11" CO="664.65" HC="3.89" NOx="16.07" PMx="0.86" fuel="15.00" electricity="0.00" noise="101.53" route="routeleft" type="cfm-fast" waiting="0.00" lane="left_0" pos="41.70" speed="13.81" angle="109.44" x="45.91" y="-2.60"/>
        <vehicle id="cfm-slow_0" eclass="HBEFA3/PC_G_EU4" CO2="29667.92" CO="566.25" HC="3.31" NOx="13.64" PMx="0.73" fuel="12.75" electricity="0.00" noise="98.33" route="routebottom" type="cfm-slow" waiting="0.00" lane="bottom_0" pos="7.71" speed="12.45" angle="80.55" x="80.19" y="-2.92"/>
        <vehicle id="cfm-slow_1" eclass="HBEFA3/PC_G_EU4" CO2="29674.34" CO="566.38" HC="3.31" NOx="13.64" PMx="0.73" fuel="12.76" electricity="0.00" noise="98.34" route="routebottom" type="cfm-slow" waiting="0.00" lane="bottom_0" pos="24.38" speed="12.45" angle="50.64" x="111.22" y="14.21"/>
        <vehicle id="cfm-slow_2" eclass="HBEFA3/PC_G_EU4" CO2="29723.28" CO="567.37" HC="3.32" NOx="13.66" PMx="0.73" fuel="12.78" electricity="0.00" noise="98.40" route="routebottom" type="cfm-slow" waiting="0.00" lane="bottom_0" pos="41.04" speed="12.45" angle="20.66" x="129.56" y="44.56"/>
        <vehicle id="cfm-slow_3" eclass="HBEFA3/PC_G_EU4" CO2="30019.20" CO="573.33" HC="3.35" NOx="13.80" PMx="0.74" fuel="12.90" electricity="0.00" noise="98.76" route="routeright" type="cfm-slow" waiting="0.00" lane="right_0" pos="7.71" speed="12.47" angle="350.54" x="130.25" y="80.19"/>
        <vehicle id="cfm-slow_4" eclass="HBEFA3/PC_G_EU4" CO2="31351.26" CO="600.01" HC="3.50" NOx="14.43" PMx="0.77" fuel="13.48" electricity="0.00" noise="100.27" route="routeright" type="cfm-slow" waiting="0.00" lane="right_0" pos="24.40" speed="12.57" angle="320.59" x="113.07" y="111.26"/>
        <vehicle id="cfm-slow_5" eclass="HBEFA3/PC_G_EU4" CO2="35356.19" CO="679.22" HC="3.96" NOx="16.30" PMx="0.87" fuel="15.20" electricity="0.00" noise="104.22" route="routeright" type="cfm-slow" waiting="0.00" lane="right_0" pos="41.21" speed="13.04" angle="290.37" x="82.43" y="129.65"/>
    </timestep>
    <timestep time="0.95">
        <vehicle id="cfm-fast_0" eclass="HBEFA3/PC_G_EU4" CO2="41113.24" CO="788.73" HC="4.61" NOx="18.99" PMx="1.02" fuel="17.67" electricity="0.00" noise="107.12" route="routetop" type="cfm-fast" waiting="0.00" lane="top_0" pos="8.66" speed="14.50" angle="258.80" x="45.16" y="129.72"/>
        <vehicle id="cfm-fast_1" eclass="HBEFA3/PC_G_EU4" CO2="41106.46" CO="788.59" HC="4.61" NOx="18.98" PMx="1.02" fuel="17.67" electricity="0.00" noise="107.12" route="routetop" type="cfm-fast" waiting="0.00" lane="top_0" pos="25.33" speed="14.50" angle="228.90" x="14.65" y="111.66"/>
        <vehicle id="cfm-fast_2" eclass="HBEFA3/PC_G_EU4" CO2="41051.46" CO="787.47" HC="4.60" NOx="18.96" PMx="1.02" fuel="17.65" electricity="0.00" noise="107.06" route="routetop" type="cfm-fast" waiting="0.00" lane="top_0" pos="42.00" speed="14.50" angle="198.90" x="-2.76" y="80.79"/>
        <vehicle id="cfm-fast_3" eclass="HBEFA3/PC_G_EU4" CO2="40705.24" CO="780.43" HC="4.56" NOx="18.79" PMx="1.01" fuel="17.50" electricity="0.00" noise="106.70" route="routeleft" type="cfm-fast" waiting="0.00" lane="left_0" pos="8.66" speed="14.48" angle="168.81" x="-2.40" y="45.17"/>
        <vehicle id="cfm-fast_4" eclass="HBEFA3/PC_G_EU4" CO2="39136.88" CO="748.73" HC="4.38" NOx="18.06" PMx="0.97" fuel="16.82" electricity="0.00" noise="105.15" route="routeleft" type="cfm-fast" waiting="0.00" lane="left_0" pos="25.31" speed="14.38" angle="138.94" x="15.62" y="14.69"/>
        <vehicle id="cfm-fast_5" eclass="HBEFA3/PC_G_EU4" CO2="34747.58" CO="661.15" HC="3.87" NOx="16.00" PMx="0.86" fuel="14.94" electricity="0.00" noise="101.13" route="routeleft" type="cfm-fast" waiting="0.00" lane="left_0" pos="41.84" speed="13.90" angle="109.18" x="46.20" y="-2.67"/>
        <vehicle id="cfm-slow_0" eclass="HBEFA3/PC_G_EU4" CO2="29607.08" CO="564.39" HC="3.30" NOx="13.60" PMx="0.73" fuel="12.73" electricity="0.00" noise="98.03" route="routebottom" type="cfm-slow" waiting="0.00" lane="bottom_0" pos="7.84" speed="12.53" angle="80.32" x="80.45" y="-2.85"/>
        <vehicle id="cfm-slow_1" eclass="HBEFA3/PC_G_EU4" CO2="29613.92" CO="564.53" HC="3.30" NOx="13.61" PMx="0.73" fuel="12.73" electricity="0.00" noise="98.04" route="routebottom" type="cfm-slow" waiting="0.00" lane="bottom_0" pos="24.50" speed="12.53" angle="50.40" x="111.41" y="14.40"/>
        <vehicle id="cfm-slow_2" eclass="HBEFA3/PC_G_EU4" CO2="29665.43" CO="565.57" HC="3.31" NOx="13.63" PMx="0.73" fuel="12.75" electricity="0.00" noise="98.10" route="routebottom" type="cfm-slow" waiting="0.00" lane="bottom_0" pos="41.17" speed="12.54" angle="20.43" x="129.63" y="44.82"/>
        <vehicle id="cfm-slow_3" eclass="HBEFA3/PC_G_EU4" CO2="29972.41" CO="571.76" HC="3.34" NOx="13.78" PMx="0.73" fuel="12.88" electricity="0.00" noise="98.47" route="routeright" type="cfm-slow" waiting="0.00" lane="right_0" pos="7.84" speed="12.55" angle="350.31" x="130.18" y="80.45"/>
        <vehicle id="cfm-slow_4" eclass="HBEFA3/PC_G_EU4" CO2="31334.34" CO="599.03" HC="3.50" NOx="14.42" PMx="0.77" fuel="13.47" electricity="0.00" noise="100.01" route="routeright" type="cfm-slow" waiting="0.00" lane="right_0" pos="24.53" speed="12.66" angle="320.36" x="112.88" y="111.45"/>
        <vehicle id="cfm-slow_5" eclass="HBEFA3/PC_G_EU4" CO2="35366.76" CO="678.78" HC="3.96" NOx="16.31" PMx="0.87" fuel="15.20" electricity="0.00" noise="103.96" route="routeright" type="cfm-slow" waiting="0.00" lane="right_0" pos="41.34" speed="13.14" angle="290.13" x="82.16" y="129.73"/>
    </timestep>
    <timestep time="0.96">
        <vehicle id="cfm-fast_0" eclass="HBEFA3/PC_G_EU4" CO2="41039.74" CO="786.65" HC="4.60" NOx="18.95" PMx="1.02" fuel="17.64" electricity="0.00" noise="106.76" route="routetop" type="cfm-fast" waiting="0.00" lane="top_0" pos="8.81" speed="14.60" angle="258.54" x="44.86" y="129.64"/>
        <vehicle id="cfm-fast_1" eclass="HBEFA3/PC_G_EU4" CO2="41032.47" CO="786.51" HC="4.59" NOx="18.94" PMx="1.02" fuel="17.64" electricity="0.00" noise="106.75" route="routetop" type="cfm-fast" waiting="0.00" lane="top_0" pos="25.48" speed="14.60" angle="228.63" x="14.43" y="111.44"/>
        <vehicle id="cfm-fast_2" eclass="HBEFA3/PC_G_EU4" CO2="40974.45" CO="785.32" HC="4.59" NOx="18.92" PMx="1.02" fuel="17.61" electricity="0.00" noise="106.69" route="routetop" type="cfm-fast" waiting="0.00" lane="top_0" pos="42.14" speed="14.60" angle="198.63" x="-2.84" y="80.49"/>
        <vehicle id="cfm-fast_3" eclass="HBEFA3/PC_G_EU4" CO2="40614.92" CO="778.02" HC="4.55" NOx="18.75" PMx="1.01" fuel="17.46" electricity="0.00" noise="106.32" route="routeleft" type="cfm-fast" waiting="0.00" lane="left_0" pos="8.81" speed="14.58" angle="168.54" x="-2.32" y="44.86"/>
        <vehicle id="cfm-fast_4" eclass="HBEFA3/PC_G_EU4" CO2="39012.06" CO="745.62" HC="4.36" NOx="17.99" PMx="0.97" fuel="16.77" electricity="0.00" noise="104.75" route="routeleft" type="cfm-fast" waiting="0.00" lane="left_0" pos="25.45" speed="14.47" angle="138.68" x="15.84" y="14.47"/>
        <vehicle id="cfm-fast_5" eclass="HBEFA3/PC_G_EU4" CO2="34601.03" CO="657.60" HC="3.85" NOx="15.92" PMx="0.85" fuel="14.87" electricity="0.00" noise="100.74" route="routeleft" type="cfm-fast" waiting="0.00" lane="left_0" pos="41.98" speed="13.99" angle="108.92" x="46.49" y="-2.75"/>
        <vehicle id="cfm-slow_0" eclass="HBEFA3/PC_G_EU4" CO2="29543.58" CO="562.49" HC="3.29" NOx="13.57" PMx="0.72" fuel="12.70" electricity="0.00" noise="97.73" route="routebottom" type="cfm-slow" waiting="0.00" lane="bottom_0" pos="7.96" speed="12.62" angle="80.09" x="80.71" y="-2.78"/>
        <vehicle id="cfm-slow_1" eclass="HBEFA3/PC_G_EU4" CO2="29550.89" CO="562.63" HC="3.29" NOx="13.58" PMx="0.72" fuel="12.70" electricity="0.00" noise="97.74" route="routebottom" type="cfm-slow" waiting="0.00" lane="bottom_0" pos="24.63" speed="12.62" angle="50.17" x="111.61" y="14.60"/>
        <vehicle id="cfm-slow_2" eclass="HBEFA3/PC_G_EU4" CO2="29605.04" CO="563.73" HC="3.30" NOx="13.60" PMx="0.73" fuel="12.73" electricity="0.00" noise="97.81" route="routebottom" type="cfm-slow" waiting="0.00" lane="bottom_0" pos="41.30" speed="12.62" angle="20.20" x="129.70" y="45.08"/>
        <vehicle id="cfm-slow_3" eclass="HBEFA3/PC_G_EU4" CO2="29923.29" CO="570.15" HC="3.33" NOx="13.75" PMx="0.73" fuel="12.86" electricity="0.00" noise="98.19" route="routeright" type="cfm-slow" waiting="0.00" lane="right_0" pos="7.97" speed="12.64" angle="350.08" x="130.11" y="80.72"/>
        <vehicle id="cfm-slow_4" eclass="HBEFA3/PC_G_EU4" CO2="31315.06" CO="598.01" HC="3.49" NOx="14.41" PMx="0.77" fuel="13.46" electricity="0.00" noise="99.74" route="routeright" type="cfm-slow" waiting="0.00" lane="right_0" pos="24.66" speed="12.75" angle="320.12" x="112.69" y="111.64"/>
        <vehicle id="cfm-slow_5" eclass="HBEFA3/PC_G_EU4" CO2="35373.77" CO="678.29" HC="3.96" NOx="16.31" PMx="0.87" fuel="15.21" electricity="0.00" noise="103.69" route="routeright" type="cfm-slow" waiting="0.00" lane="right_0" pos="41.47" speed="13.23" angle="289.89" x="81.88" y="129.80"/>
    </timestep>
    <timestep time="0.97">
        <vehicle id="cfm-fast_0" eclass="HBEFA3/PC_G_EU4" CO2="40962.20" CO="784.51" HC="4.58" NOx="18.91" PMx="1.02" fuel="17.61" electricity="0.00" noise="106.40" route="routetop" type="cfm-fast" waiting="0.00" lane="top_0" pos="8.96" speed="14.70" angle="258.33" x="44.55" y="129.56"/>
        <vehicle id="cfm-fast_1" eclass="HBEFA3/PC_G_EU4" CO2="40954.41" CO="784.35" HC="4.58" NOx="18.91" PMx="1.02" fuel="17.60" electricity="0.00" noise="106.39" route="routetop" type="cfm-fast" waiting="0.00" lane="top_0" pos="25.62" speed="14.70" angle="228.42" x="14.21" y="111.22"/>
        <vehicle id="cfm-fast_2" eclass="HBEFA3/PC_G_EU4" CO2="40893.26" CO="783.11" HC="4.58" NOx="18.88" PMx="1.02" fuel="17.58" electricity="0.00" noise="106.33" route="routetop" type="cfm-fast" waiting="0.00" lane="top_0" pos="42.29" speed="14.70" angle="198.39" x="-2.93" y="80.18"/>
        <vehicle id="cfm-fast_3" eclass="HBEFA3/PC_G_EU4" CO2="40520.19" CO="775.52" HC="4.53" NOx="18.70" PMx="1.01" fuel="17.42" electricity="0.00" noise="105.95" route="routeleft" type="cfm-fast" waiting="0.00" lane="left_0" pos="8.95" speed="14.68" angle="168.33" x="-2.23" y="44.56"/>
        <vehicle id="cfm-fast_4" eclass="HBEFA3/PC_G_EU4" CO2="38882.93" CO="742.43" HC="4.34" NOx="17.93" PMx="0.97" fuel="16.71" electricity="0.00" noise="104.35" route="routeleft" type="cfm-fast" waiting="0.00" lane="left_0" pos="25.60" speed="14.57" angle="138.45" x="16.06" y="14.25"/>
        <vehicle id="cfm-fast_5" eclass="HBEFA3/PC_G_EU4" CO2="34451.60" CO="654.00" HC="3.83" NOx="15.85" PMx="0.85" fuel="14.81" electricity="0.00" noise="100.35" route="routeleft" type="cfm-fast" waiting="0.00" lane="left_0" pos="42.12" speed="14.08" angle="108.66" x="46.78" y="-2.83"/>
        <vehicle id="cfm-slow_0" eclass="HBEFA3/PC_G_EU4" CO2="29477.53" CO="560.54" HC="3.28" NOx="13.54" PMx="0.72" fuel="12.67" electricity="0.00" noise="97.44" route="routebottom" type="cfm-slow" waiting="0.00" lane="bottom_0" pos="8.09" speed="12.70" angle="79.85" x="80.97" y="-2.71"/>
        <vehicle id="cfm-slow_1" eclass="HBEFA3/PC_G_EU4" CO2="29485.31" CO="560.70" HC="3.28" NOx="13.54" PMx="0.72" fuel="12.67" electricity="0.00" noise="97.45" route="routebottom" type="cfm-slow" waiting="0.00" lane="bottom_0" pos="24.76" speed="12.70" angle="49.93" x="111.80" y="14.79"/>
        <vehicle id="cfm-slow_2" eclass="HBEFA3/PC_G_EU4" CO2="29542.20" CO="561.85" HC="3.29" NOx="13.57" PMx="0.72" fuel="12.70" electricity="0.00" noise="97.52" route="routebottom" type="cfm-slow" waiting="0.00" lane="bottom_0" pos="41.42" speed="12.70" angle="19.97" x="129.77" y="45.34"/>
        <vehicle id="cfm-slow_3" eclass="HBEFA3/PC_G_EU4" CO2="29871.90" CO="568.50" HC="3.32" NOx="13.72" PMx="0.73" fuel="12.84" electricity="0.00" noise="97.91" route="routeright" type="cfm-slow" waiting="0.00" lane="right_0" pos="8.09" speed="12.72" angle="349.85" x="130.04" y="80.98"/>
        <vehicle id="cfm-slow_4" eclass="HBEFA3/PC_G_EU4" CO2="31293.48" CO="596.96" HC="3.49" NOx="14.39" PMx="0.77" fuel="13.45" electricity="0.00" noise="99.49" route="routeright" type="cfm-slow" waiting="0.00" lane="right_0" pos="24.79" speed="12.84" angle="319.88" x="112.49" y="111.84"/>
        <vehicle id="cfm-slow_5" eclass="HBEFA3/PC_G_EU4" CO2="35377.29" CO="677.73" HC="3.96" NOx="16.31" PMx="0.87" fuel="15.21" electricity="0.00" noise="103.43" route="routeright" type="cfm-slow" waiting="0.00" lane="right_0" pos="41.61" speed="13.33" angle="289.65" x="81.61" y="129.87"/>
    </timestep>
    <timestep time="0.98">
        <vehicle id="cfm-fast_0" eclass="HBEFA3/PC_G_EU4" CO2="40880.74" CO="782.30" HC="4.57" NOx="18.87" PMx="1.02" fuel="17.57" electricity="0.00" noise="106.04" route="routetop" type="cfm-fast" waiting="0.00" lane="top_0" pos="9.11" speed="14.80" angle="258.06" x="44.25" y="129.47"/>
        <vehicle id="cfm-fast_1" eclass="HBEFA3/PC_G_EU4" CO2="40872.41" CO="782.13" HC="4.57" NOx="18.86" PMx="1.02" fuel="17.57" electricity="0.00" noise="106.03" route="routetop" type="cfm-fast" waiting="0.00" lane="top_0" pos="25.77" speed="14.80" angle="228.15" x="13.99" y="110.99"/>
        <vehicle id="cfm-fast_2" eclass="HBEFA3/PC_G_EU4" CO2="40808.02" CO="780.82" HC="4.56" NOx="18.83" PMx="1.02" fuel="17.54" electricity="0.00" noise="105.97" route="routetop" type="cfm-fast" waiting="0.00" lane="top_0" pos="42.44" speed="14.80" angle="198.15" x="-3.00" y="79.87"/>
        <vehicle id="cfm-fast_3" eclass="HBEFA3/PC_G_EU4" CO2="40421.18" CO="772.96" HC="4.52" NOx="18.65" PMx="1.00" fuel="17.37" electricity="0.00" noise="105.58" route="routeleft" type="cfm-fast" waiting="0.00" lane="left_0" pos="9.10" speed="14.78" angle="168.05" x="-2.14" y="44.25"/>
        <vehicle id="cfm-fast_4" eclass="HBEFA3/PC_G_EU4" CO2="38749.64" CO="739.16" HC="4.32" NOx="17.87" PMx="0.96" fuel="16.66" electricity="0.00" noise="103.96" route="routeleft" type="cfm-fast" waiting="0.00" lane="left_0" pos="25.74" speed="14.67" angle="138.20" x="16.29" y="14.03"/>
        <vehicle id="cfm-fast_5" eclass="HBEFA3/PC_G_EU4" CO2="34299.43" CO="650.36" HC="3.81" NOx="15.78" PMx="0.85" fuel="14.74" electricity="0.00" noise="99.96" route="routeleft" type="cfm-fast" waiting="0.00" lane="left_0" pos="42.26" speed="14.17" angle="108.42" x="47.08" y="-2.91"/>
        <vehicle id="cfm-slow_0" eclass="HBEFA3/PC_G_EU4" CO2="29408.99" CO="558.56" HC="3.27" NOx="13.51" PMx="0.72" fuel="12.64" electricity="0.00" noise="97.15" route="routebottom" type="cfm-slow" waiting="0.00" lane="bottom_0" pos="8.22" speed="12.78" angle="79.62" x="81.24" y="-2.64"/>
        <vehicle id="cfm-slow_1" eclass="HBEFA3/PC_G_EU4" CO2="29417.27" CO="558.73" HC="3.27" NOx="13.51" PMx="0.72" fuel="12.64" electricity="0.00" noise="97.16" route="routebottom" type="cfm-slow" waiting="0.00" lane="bottom_0" pos="24.88" speed="12.78" angle="49.70" x="111.99" y="14.98"/>
        <vehicle id="cfm-slow_2" eclass="HBEFA3/PC_G_EU4" CO2="29476.99" CO="559.94" HC="3.28" NOx="13.54" PMx="0.72" fuel="12.67" electricity="0.00" noise="97.23" route="routebottom" type="cfm-slow" waiting="0.00" lane="bottom_0" pos="41.55" speed="12.78" angle="19.74" x="129.84" y="45.61"/>
        <vehicle id="cfm-slow_3" eclass="HBEFA3/PC_G_EU4" CO2="29818.35" CO="566.82" HC="3.32" NOx="13.70" PMx="0.73" fuel="12.82" electricity="0.00" noise="97.63" route="routeright" type="cfm-slow" waiting="0.00" lane="right_0" pos="8.22" speed="12.80" angle="349.61" x="129.97" y="81.25"/>
        <vehicle id="cfm-slow_4" eclass="HBEFA3/PC_G_EU4" CO2="31269.68" CO="595.88" HC="3.48" NOx="14.38" PMx="0.77" fuel="13.44" electricity="0.00" noise="99.23" route="routeright" type="cfm-slow" waiting="0.00" lane="right_0" pos="24.92" speed="12.92" angle="319.64" x="112.29" y="112.04"/>
        <vehicle id="cfm-slow_5" eclass="HBEFA3/PC_G_EU4" CO2="35377.41" CO="677.12" HC="3.96" NOx="16.31" PMx="0.87" fuel="15.21" electricity="0.00" noise="103.17" route="routeright" type="cfm-slow" waiting="0.00" lane="right_0" pos="41.74" speed="13.42" angle="289.41" x="81.33" y="129.95"/>
    </timestep>
    <timestep time="0.99">
        <vehicle id="cfm-fast_0" eclass="HBEFA3/PC_G_EU4" CO2="40795.48" CO="780.03" HC="4.56" NOx="18.83" PMx="1.01" fuel="17.54" electricity="0.00" noise="105.69" route="routetop" type="cfm-fast" waiting="0.00" lane="top_0" pos="9.26" speed="14.90" angle="257.79" x="43.94" y="129.37"/>
        <vehicle id="cfm-fast_1" eclass="HBEFA3/PC_G_EU4" CO2="40786.59" CO="779.84" HC="4.56" NOx="18.82" PMx="1.01" fuel="17.53" electricity="0.00" noise="105.68" route="routetop" type="cfm-fast" waiting="0.00" lane="top_0" pos="25.92" speed="14.90" angle="227.88" x="13.77" y="110.75"/>
        <vehicle id="cfm-fast_2" eclass="HBEFA3/PC_G_EU4" CO2="40718.84" CO="778.46" HC="4.55" NOx="18.79" PMx="1.01" fuel="17.50" electricity="0.00" noise="105.61" route="routetop" type="cfm-fast" waiting="0.00" lane="top_0" pos="42.59" speed="14.90" angle="197.88" x="-3.07" y="79.56"/>
        <vehicle id="cfm-fast_3" eclass="HBEFA3/PC_G_EU4" CO2="40318.00" CO="770.32" HC="4.50" NOx="18.60" PMx="1.00" fuel="17.33" electricity="0.00" noise="105.21" route="routeleft" type="cfm-fast" waiting="0.00" lane="left_0" pos="9.25" speed="14.88" angle="167.78" x="-2.04" y="43.95"/>
        <vehicle id="cfm-fast_4" eclass="HBEFA3/PC_G_EU4" CO2="38612.31" CO="735.83" HC="4.30" NOx="17.80" PMx="0.96" fuel="16.60" electricity="0.00" noise="103.56" route="routeleft" type="cfm-fast" waiting="0.00" lane="left_0" pos="25.89" speed="14.76" angle="137.93" x="16.53" y="13.81"/>
        <vehicle id="cfm-fast_5" eclass="HBEFA3/PC_G_EU4" CO2="34144.62" CO="646.67" HC="3.79" NOx="15.70" PMx="0.84" fuel="14.68" electricity="0.00" noise="99.58" route="routeleft" type="cfm-fast" waiting="0.00" lane="left_0" pos="42.40" speed="14.25" angle="108.20" x="47.38" y="-2.98"/>
        <vehicle id="cfm-slow_0" eclass="HBEFA3/PC_G_EU4" CO2="29338.06" CO="556.54" HC="3.26" NOx="13.47" PMx="0.72" fuel="12.61" electricity="0.00" noise="96.86" route="routebottom" type="cfm-slow" waiting="0.00" lane="bottom_0" pos="8.35" speed="12.86" angle="79.38" x="81.51" y="-2.57"/>
        <vehicle id="cfm-slow_1" eclass="HBEFA3/PC_G_EU4" CO2="29346.85" CO="556.71" HC="3.26" NOx="13.47" PMx="0.72" fuel="12.61" electricity="0.00" noise="96.87" route="routebottom" type="cfm-slow" waiting="0.00" lane="bottom_0" pos="25.01" speed="12.86" angle="49.46" x="112.19" y="15.18"/>
        <vehicle id="cfm-slow_2" eclass="HBEFA3/PC_G_EU4" CO2="29409.49" CO="557.98" HC="3.26" NOx="13.50" PMx="0.72" fuel="12.64" electricity="0.00" noise="96.94" route="routebottom" type="cfm-slow" waiting="0.00" lane="bottom_0" pos="41.68" speed="12.86" angle="19.50" x="129.92" y="45.88"/>
        <vehicle id="cfm-slow_3" eclass="HBEFA3/PC_G_EU4" CO2="29762.69" CO="565.10" HC="3.31" NOx="13.67" PMx="0.73" fuel="12.79" electricity="0.00" noise="97.35" route="routeright" type="cfm-slow" waiting="0.00" lane="right_0" pos="8.35" speed="12.89" angle="349.37" x="129.90" y="81.52"/>
        <vehicle id="cfm-slow_4" eclass="HBEFA3/PC_G_EU4" CO2="31243.72" CO="594.76" HC="3.48" NOx="14.37" PMx="0.77" fuel="13.43" electricity="0.00" noise="98.98" route="routeright" type="cfm-slow" waiting="0.00" lane="right_0" pos="25.05" speed="13.01" angle="319.40" x="112.10" y="112.23"/>
        <vehicle id="cfm-slow_5" eclass="HBEFA3/PC_G_EU4" CO2="35374.18" CO="676.45" HC="3.95" NOx="16.30" PMx="0.87" fuel="15.21" electricity="0.00" noise="102.91" route="routeright" type="cfm-slow" waiting="0.00" lane="right_0" pos="41.88" speed="13.52" angle="289.16" x="81.05" y="130.02"/>
    </timestep>
    <timestep time="1.00">
        <vehicle id="cfm-fast_0" eclass="HBEFA3/PC_G_EU4" CO2="40706.54" CO="777.69" HC="4.55" NOx="18.78" PMx="1.01" fuel="17.50" electricity="0.00" noise="105.34" route="routetop" type="cfm-fast" waiting="0.00" lane="top_0" pos="9.41" speed="15.00" angle="257.52" x="43.63" y="129.28"/>
        <vehicle id="cfm-fast_1" eclass="HBEFA3/PC_G_EU4" CO2="40697.06" CO="777.49" HC="4.55" NOx="18.78" PMx="1.01" fuel="17.49" electricity="0.00" noise="105.33" route="routetop" type="cfm-fast" waiting="0.00" lane="top_0" pos="26.07" speed="15.00" angle="227.60" x="13.56" y="110.51"/>
        <vehicle id="cfm-fast_2" eclass="HBEFA3/PC_G_EU4" CO2="40625.84" CO="776.04" HC="4.54" NOx="18.74" PMx="1.01" fuel="17.46" electricity="0.00" noise="105.26" route="routetop" type="cfm-fast" waiting="0.00" lane="top_0" pos="42.74" speed="15.00" angle="197.62" x="-3.14" y="79.25"/>
        <vehicle id="cfm-fast_3" eclass="HBEFA3/PC_G_EU4" CO2="40210.77" CO="767.61" HC="4.49" NOx="18.55" PMx="1.00" fuel="17.28" electricity="0.00" noise="104.84" route="routeleft" type="cfm-fast" waiting="0.00" lane="left_0" pos="9.40" speed="14.98" angle="167.50" x="-1.95" y="43.64"/>
        <vehicle id="cfm-fast_4" eclass="HBEFA3/PC_G_EU4" CO2="38471.08" CO="732.43" HC="4.28" NOx="17.73" PMx="0.95" fuel="16.54" electricity="0.00" noise="103.18" route="routeleft" type="cfm-fast" waiting="0.00" lane="left_0" pos="26.04" speed="14.85" angle="137.65" x="16.76" y="13.60"/>
        <vehicle id="cfm-fast_5" eclass="HBEFA3/PC_G_EU4" CO2="33987.31" CO="642.95" HC="3.77" NOx="15.63" PMx="0.84" fuel="14.61" electricity="0.00" noise="99.20" route="routeleft" type="cfm-fast" waiting="0.00" lane="left_1" pos="42.54" speed="14.34" angle="107.95" x="48.48" y="0.15"/>
        <vehicle id="cfm-slow_0" eclass="HBEFA3/PC_G_EU4" CO2="29264.79" CO="554.47" HC="3.25" NOx="13.43" PMx="0.72" fuel="12.58" electricity="0.00" noise="96.57" route="routebottom" type="cfm-slow" waiting="0.00" lane="bottom_0" pos="8.48" speed="12.94" angle="79.15" x="81.78" y="-2.50"/>
        <vehicle id="cfm-slow_1" eclass="HBEFA3/PC_G_EU4" CO2="29274.13" CO="554.66" HC="3.25" NOx="13.44" PMx="0.72" fuel="12.58" electricity="0.00" noise="96.58" route="routebottom" type="cfm-slow" waiting="0.00" lane="bottom_0" pos="25.14" speed="12.94" angle="49.22" x="112.39" y="15.38"/>
        <vehicle id="cfm-slow_2" eclass="HBEFA3/PC_G_EU4" CO2="29339.78" CO="555.99" HC="3.25" NOx="13.47" PMx="0.72" fuel="12.61" electricity="0.00" noise="96.66" route="routebottom" type="cfm-slow" waiting="0.00" lane="bottom_0" pos="41.81" speed="12.95" angle="19.27" x="129.99" y="46.15"/>
        <vehicle id="cfm-slow_3" eclass="HBEFA3/PC_G_EU4" CO2="29705.02" CO="563.36" HC="3.30" NOx="13.64" PMx="0.73" fuel="12.77" electricity="0.00" noise="97.08" route="routeright" type="cfm-slow" waiting="0.00" lane="right_0" pos="8.48" speed="12.97" angle="349.14" x="129.83" y="81.79"/>
        <vehicle id="cfm-slow_4" eclass="HBEFA3/PC_G_EU4" CO2="31215.66" CO="593.61" HC="3.47" NOx="14.35" PMx="0.77" fuel="13.42" electricity="0.00" noise="98.73" route="routeright" type="cfm-slow" waiting="0.00" lane="right_0" pos="25.18" speed="13.09" angle="319.16" x="111.90" y="112.43"/>
        <vehicle id="cfm-slow_5" eclass="HBEFA3/PC_G_EU4" CO2="35367.68" CO="675.73" HC="3.95" NOx="16.30" PMx="0.87" fuel="15.20" electricity="0.00" noise="102.65" route="routeright" type="cfm-slow" waiting="0.00" lane="right_0" pos="42.01" speed="13.61" angle="288.91" x="80.76" y="130.10"/>
    </timestep>
</emission-export>
