<?xml version="1.0" encoding="UTF-8"?>

<!-- generated on Mon Feb 27 12:53:31 2017 by SUMO Version 0.29.0
<?xml version="1.0" encoding="UTF-8"?>

<configuration xmlns:xsi="http://www.w3.org/2001/XMLSchema-instance" xsi:noNamespaceSchemaLocation="http://sumo.dlr.de/xsd/sumoConfiguration.xsd">

    <input>
        <net-file value="tests/debug/cfg/test-two-lane-two-controller-200m2l.net.xml"/>
        <route-files value="tests/debug/cfg/test-two-lane-two-controller-200m2l.rou.xml"/>
        <additional-files value="tests/debug/cfg/test-two-lane-two-controller-200m2l.add.xml"/>
    </input>

    <output>
        <netstate-dump value="tests/debug/cfg/data/test-two-lane-two-controller-200m2l.netstate.xml"/>
        <emission-output value="tests/debug/cfg/data/test-two-lane-two-controller-200m2l.emission.xml"/>
        <amitran-output value="tests/debug/cfg/data/test-two-lane-two-controller-200m2l.amitran.xml"/>
        <lanechange-output value="tests/debug/cfg/data/test-two-lane-two-controller-200m2l.lanechange.xml"/>
    </output>

    <time>
        <begin value="0"/>
        <end value="1000"/>
        <step-length value="0.01"/>
    </time>

    <traci_server>
        <remote-port value="8873"/>
    </traci_server>

    <gui_only>
        <gui-settings-file value="tests/debug/cfg/test-two-lane-two-controller-200m2l.gui.cfg"/>
    </gui_only>

</configuration>
-->

<trajectories xmlns:xsi="http://www.w3.org/2001/XMLSchema-instance" xsi:noNamespaceSchemaLocation="http://sumo.dlr.de/xsd/amitran/trajectories.xsd" timeStepSize="10">
    <actorConfig id="3" vehicleClass="Passenger" fuel="Gasoline" emissionClass="Euro4" ref="cfm-fast"/>
    <vehicle id="0" actorConfig="3" startTime="0" ref="cfm-fast_0"/>
    <motionState vehicle="0" speed="0" time="0" acceleration="0"/>
    <vehicle id="1" actorConfig="3" startTime="0" ref="cfm-fast_1"/>
    <motionState vehicle="1" speed="0" time="0" acceleration="0"/>
    <vehicle id="2" actorConfig="3" startTime="0" ref="cfm-fast_2"/>
    <motionState vehicle="2" speed="0" time="0" acceleration="0"/>
    <vehicle id="3" actorConfig="3" startTime="0" ref="cfm-fast_3"/>
    <motionState vehicle="3" speed="0" time="0" acceleration="0"/>
    <vehicle id="4" actorConfig="3" startTime="0" ref="cfm-fast_4"/>
    <motionState vehicle="4" speed="0" time="0" acceleration="0"/>
    <vehicle id="5" actorConfig="3" startTime="0" ref="cfm-fast_5"/>
    <motionState vehicle="5" speed="0" time="0" acceleration="0"/>
    <actorConfig id="2" vehicleClass="Passenger" fuel="Gasoline" emissionClass="Euro4" ref="cfm-slow"/>
    <vehicle id="6" actorConfig="2" startTime="0" ref="cfm-slow_0"/>
    <motionState vehicle="6" speed="0" time="0" acceleration="0"/>
    <vehicle id="7" actorConfig="2" startTime="0" ref="cfm-slow_1"/>
    <motionState vehicle="7" speed="0" time="0" acceleration="0"/>
    <vehicle id="8" actorConfig="2" startTime="0" ref="cfm-slow_2"/>
    <motionState vehicle="8" speed="0" time="0" acceleration="0"/>
    <vehicle id="9" actorConfig="2" startTime="0" ref="cfm-slow_3"/>
    <motionState vehicle="9" speed="0" time="0" acceleration="0"/>
    <vehicle id="10" actorConfig="2" startTime="0" ref="cfm-slow_4"/>
    <motionState vehicle="10" speed="0" time="0" acceleration="0"/>
    <vehicle id="11" actorConfig="2" startTime="0" ref="cfm-slow_5"/>
    <motionState vehicle="11" speed="0" time="0" acceleration="0"/>
    <motionState vehicle="0" speed="14" time="10" acceleration="13636"/>
    <motionState vehicle="1" speed="14" time="10" acceleration="13636"/>
    <motionState vehicle="2" speed="14" time="10" acceleration="13636"/>
    <motionState vehicle="3" speed="14" time="10" acceleration="13636"/>
    <motionState vehicle="4" speed="14" time="10" acceleration="13636"/>
    <motionState vehicle="5" speed="14" time="10" acceleration="13636"/>
    <motionState vehicle="6" speed="14" time="10" acceleration="13636"/>
    <motionState vehicle="7" speed="14" time="10" acceleration="13636"/>
    <motionState vehicle="8" speed="14" time="10" acceleration="13636"/>
    <motionState vehicle="9" speed="14" time="10" acceleration="13636"/>
    <motionState vehicle="10" speed="14" time="10" acceleration="13636"/>
    <motionState vehicle="11" speed="14" time="10" acceleration="13636"/>
    <motionState vehicle="0" speed="27" time="20" acceleration="13636"/>
    <motionState vehicle="1" speed="27" time="20" acceleration="13636"/>
    <motionState vehicle="2" speed="27" time="20" acceleration="13636"/>
    <motionState vehicle="3" speed="27" time="20" acceleration="13636"/>
    <motionState vehicle="4" speed="27" time="20" acceleration="13636"/>
    <motionState vehicle="5" speed="27" time="20" acceleration="13636"/>
    <motionState vehicle="6" speed="27" time="20" acceleration="13636"/>
    <motionState vehicle="7" speed="27" time="20" acceleration="13636"/>
    <motionState vehicle="8" speed="27" time="20" acceleration="13636"/>
    <motionState vehicle="9" speed="27" time="20" acceleration="13636"/>
    <motionState vehicle="10" speed="27" time="20" acceleration="13636"/>
    <motionState vehicle="11" speed="27" time="20" acceleration="13636"/>
    <motionState vehicle="0" speed="41" time="30" acceleration="13636"/>
    <motionState vehicle="1" speed="41" time="30" acceleration="13636"/>
    <motionState vehicle="2" speed="41" time="30" acceleration="13636"/>
    <motionState vehicle="3" speed="41" time="30" acceleration="13636"/>
    <motionState vehicle="4" speed="41" time="30" acceleration="13636"/>
    <motionState vehicle="5" speed="41" time="30" acceleration="13636"/>
    <motionState vehicle="6" speed="41" time="30" acceleration="13636"/>
    <motionState vehicle="7" speed="41" time="30" acceleration="13636"/>
    <motionState vehicle="8" speed="41" time="30" acceleration="13636"/>
    <motionState vehicle="9" speed="41" time="30" acceleration="13636"/>
    <motionState vehicle="10" speed="41" time="30" acceleration="13636"/>
    <motionState vehicle="11" speed="41" time="30" acceleration="13636"/>
    <motionState vehicle="0" speed="55" time="40" acceleration="13636"/>
    <motionState vehicle="1" speed="55" time="40" acceleration="13636"/>
    <motionState vehicle="2" speed="55" time="40" acceleration="13636"/>
    <motionState vehicle="3" speed="55" time="40" acceleration="13636"/>
    <motionState vehicle="4" speed="55" time="40" acceleration="13636"/>
    <motionState vehicle="5" speed="55" time="40" acceleration="13636"/>
    <motionState vehicle="6" speed="55" time="40" acceleration="13636"/>
    <motionState vehicle="7" speed="55" time="40" acceleration="13636"/>
    <motionState vehicle="8" speed="55" time="40" acceleration="13636"/>
    <motionState vehicle="9" speed="55" time="40" acceleration="13636"/>
    <motionState vehicle="10" speed="55" time="40" acceleration="13636"/>
    <motionState vehicle="11" speed="55" time="40" acceleration="13636"/>
    <motionState vehicle="0" speed="68" time="50" acceleration="13636"/>
    <motionState vehicle="1" speed="68" time="50" acceleration="13636"/>
    <motionState vehicle="2" speed="68" time="50" acceleration="13636"/>
    <motionState vehicle="3" speed="68" time="50" acceleration="13636"/>
    <motionState vehicle="4" speed="68" time="50" acceleration="13636"/>
    <motionState vehicle="5" speed="68" time="50" acceleration="13636"/>
    <motionState vehicle="6" speed="68" time="50" acceleration="13636"/>
    <motionState vehicle="7" speed="68" time="50" acceleration="13636"/>
    <motionState vehicle="8" speed="68" time="50" acceleration="13636"/>
    <motionState vehicle="9" speed="68" time="50" acceleration="13636"/>
    <motionState vehicle="10" speed="68" time="50" acceleration="13636"/>
    <motionState vehicle="11" speed="68" time="50" acceleration="13636"/>
    <motionState vehicle="0" speed="82" time="60" acceleration="13636"/>
    <motionState vehicle="1" speed="82" time="60" acceleration="13636"/>
    <motionState vehicle="2" speed="82" time="60" acceleration="13636"/>
    <motionState vehicle="3" speed="82" time="60" acceleration="13636"/>
    <motionState vehicle="4" speed="82" time="60" acceleration="13636"/>
    <motionState vehicle="5" speed="82" time="60" acceleration="13636"/>
    <motionState vehicle="6" speed="82" time="60" acceleration="13636"/>
    <motionState vehicle="7" speed="82" time="60" acceleration="13636"/>
    <motionState vehicle="8" speed="82" time="60" acceleration="13636"/>
    <motionState vehicle="9" speed="82" time="60" acceleration="13636"/>
    <motionState vehicle="10" speed="82" time="60" acceleration="13636"/>
    <motionState vehicle="11" speed="82" time="60" acceleration="13636"/>
    <motionState vehicle="0" speed="95" time="70" acceleration="13636"/>
    <motionState vehicle="1" speed="95" time="70" acceleration="13636"/>
    <motionState vehicle="2" speed="95" time="70" acceleration="13636"/>
    <motionState vehicle="3" speed="95" time="70" acceleration="13636"/>
    <motionState vehicle="4" speed="95" time="70" acceleration="13636"/>
    <motionState vehicle="5" speed="95" time="70" acceleration="13636"/>
    <motionState vehicle="6" speed="95" time="70" acceleration="13636"/>
    <motionState vehicle="7" speed="95" time="70" acceleration="13636"/>
    <motionState vehicle="8" speed="95" time="70" acceleration="13636"/>
    <motionState vehicle="9" speed="95" time="70" acceleration="13636"/>
    <motionState vehicle="10" speed="95" time="70" acceleration="13636"/>
    <motionState vehicle="11" speed="95" time="70" acceleration="13636"/>
    <motionState vehicle="0" speed="109" time="80" acceleration="13636"/>
    <motionState vehicle="1" speed="109" time="80" acceleration="13636"/>
    <motionState vehicle="2" speed="109" time="80" acceleration="13636"/>
    <motionState vehicle="3" speed="109" time="80" acceleration="13636"/>
    <motionState vehicle="4" speed="109" time="80" acceleration="13636"/>
    <motionState vehicle="5" speed="109" time="80" acceleration="13636"/>
    <motionState vehicle="6" speed="109" time="80" acceleration="13636"/>
    <motionState vehicle="7" speed="109" time="80" acceleration="13636"/>
    <motionState vehicle="8" speed="109" time="80" acceleration="13636"/>
    <motionState vehicle="9" speed="109" time="80" acceleration="13636"/>
    <motionState vehicle="10" speed="109" time="80" acceleration="13636"/>
    <motionState vehicle="11" speed="109" time="80" acceleration="13636"/>
    <motionState vehicle="0" speed="123" time="90" acceleration="13636"/>
    <motionState vehicle="1" speed="123" time="90" acceleration="13636"/>
    <motionState vehicle="2" speed="123" time="90" acceleration="13636"/>
    <motionState vehicle="3" speed="123" time="90" acceleration="13636"/>
    <motionState vehicle="4" speed="123" time="90" acceleration="13636"/>
    <motionState vehicle="5" speed="123" time="90" acceleration="13636"/>
    <motionState vehicle="6" speed="123" time="90" acceleration="13636"/>
    <motionState vehicle="7" speed="123" time="90" acceleration="13636"/>
    <motionState vehicle="8" speed="123" time="90" acceleration="13636"/>
    <motionState vehicle="9" speed="123" time="90" acceleration="13636"/>
    <motionState vehicle="10" speed="123" time="90" acceleration="13636"/>
    <motionState vehicle="11" speed="123" time="90" acceleration="13636"/>
    <motionState vehicle="0" speed="136" time="100" acceleration="13636"/>
    <motionState vehicle="1" speed="136" time="100" acceleration="13636"/>
    <motionState vehicle="2" speed="136" time="100" acceleration="13636"/>
    <motionState vehicle="3" speed="136" time="100" acceleration="13636"/>
    <motionState vehicle="4" speed="136" time="100" acceleration="13636"/>
    <motionState vehicle="5" speed="136" time="100" acceleration="13636"/>
    <motionState vehicle="6" speed="136" time="100" acceleration="13636"/>
    <motionState vehicle="7" speed="136" time="100" acceleration="13636"/>
    <motionState vehicle="8" speed="136" time="100" acceleration="13636"/>
    <motionState vehicle="9" speed="136" time="100" acceleration="13636"/>
    <motionState vehicle="10" speed="136" time="100" acceleration="13636"/>
    <motionState vehicle="11" speed="136" time="100" acceleration="13636"/>
    <motionState vehicle="0" speed="150" time="110" acceleration="13636"/>
    <motionState vehicle="1" speed="150" time="110" acceleration="13636"/>
    <motionState vehicle="2" speed="150" time="110" acceleration="13636"/>
    <motionState vehicle="3" speed="150" time="110" acceleration="13636"/>
    <motionState vehicle="4" speed="150" time="110" acceleration="13636"/>
    <motionState vehicle="5" speed="150" time="110" acceleration="13636"/>
    <motionState vehicle="6" speed="150" time="110" acceleration="13636"/>
    <motionState vehicle="7" speed="150" time="110" acceleration="13636"/>
    <motionState vehicle="8" speed="150" time="110" acceleration="13636"/>
    <motionState vehicle="9" speed="150" time="110" acceleration="13636"/>
    <motionState vehicle="10" speed="150" time="110" acceleration="13636"/>
    <motionState vehicle="11" speed="150" time="110" acceleration="13636"/>
    <motionState vehicle="0" speed="164" time="120" acceleration="13636"/>
    <motionState vehicle="1" speed="164" time="120" acceleration="13636"/>
    <motionState vehicle="2" speed="164" time="120" acceleration="13636"/>
    <motionState vehicle="3" speed="164" time="120" acceleration="13636"/>
    <motionState vehicle="4" speed="164" time="120" acceleration="13636"/>
    <motionState vehicle="5" speed="164" time="120" acceleration="13636"/>
    <motionState vehicle="6" speed="164" time="120" acceleration="13636"/>
    <motionState vehicle="7" speed="164" time="120" acceleration="13636"/>
    <motionState vehicle="8" speed="164" time="120" acceleration="13636"/>
    <motionState vehicle="9" speed="164" time="120" acceleration="13636"/>
    <motionState vehicle="10" speed="164" time="120" acceleration="13636"/>
    <motionState vehicle="11" speed="164" time="120" acceleration="13636"/>
    <motionState vehicle="0" speed="177" time="130" acceleration="13636"/>
    <motionState vehicle="1" speed="177" time="130" acceleration="13636"/>
    <motionState vehicle="2" speed="177" time="130" acceleration="13636"/>
    <motionState vehicle="3" speed="177" time="130" acceleration="13636"/>
    <motionState vehicle="4" speed="177" time="130" acceleration="13636"/>
    <motionState vehicle="5" speed="177" time="130" acceleration="13636"/>
    <motionState vehicle="6" speed="177" time="130" acceleration="13636"/>
    <motionState vehicle="7" speed="177" time="130" acceleration="13636"/>
    <motionState vehicle="8" speed="177" time="130" acceleration="13636"/>
    <motionState vehicle="9" speed="177" time="130" acceleration="13636"/>
    <motionState vehicle="10" speed="177" time="130" acceleration="13636"/>
    <motionState vehicle="11" speed="177" time="130" acceleration="13636"/>
    <motionState vehicle="0" speed="191" time="140" acceleration="13636"/>
    <motionState vehicle="1" speed="191" time="140" acceleration="13636"/>
    <motionState vehicle="2" speed="191" time="140" acceleration="13636"/>
    <motionState vehicle="3" speed="191" time="140" acceleration="13636"/>
    <motionState vehicle="4" speed="191" time="140" acceleration="13636"/>
    <motionState vehicle="5" speed="191" time="140" acceleration="13636"/>
    <motionState vehicle="6" speed="191" time="140" acceleration="13636"/>
    <motionState vehicle="7" speed="191" time="140" acceleration="13636"/>
    <motionState vehicle="8" speed="191" time="140" acceleration="13636"/>
    <motionState vehicle="9" speed="191" time="140" acceleration="13636"/>
    <motionState vehicle="10" speed="191" time="140" acceleration="13636"/>
    <motionState vehicle="11" speed="191" time="140" acceleration="13636"/>
    <motionState vehicle="0" speed="205" time="150" acceleration="13636"/>
    <motionState vehicle="1" speed="205" time="150" acceleration="13636"/>
    <motionState vehicle="2" speed="205" time="150" acceleration="13636"/>
    <motionState vehicle="3" speed="205" time="150" acceleration="13636"/>
    <motionState vehicle="4" speed="205" time="150" acceleration="13636"/>
    <motionState vehicle="5" speed="205" time="150" acceleration="13636"/>
    <motionState vehicle="6" speed="205" time="150" acceleration="13636"/>
    <motionState vehicle="7" speed="205" time="150" acceleration="13636"/>
    <motionState vehicle="8" speed="205" time="150" acceleration="13636"/>
    <motionState vehicle="9" speed="205" time="150" acceleration="13636"/>
    <motionState vehicle="10" speed="205" time="150" acceleration="13636"/>
    <motionState vehicle="11" speed="205" time="150" acceleration="13636"/>
    <motionState vehicle="0" speed="218" time="160" acceleration="13636"/>
    <motionState vehicle="1" speed="218" time="160" acceleration="13636"/>
    <motionState vehicle="2" speed="218" time="160" acceleration="13636"/>
    <motionState vehicle="3" speed="218" time="160" acceleration="13636"/>
    <motionState vehicle="4" speed="218" time="160" acceleration="13636"/>
    <motionState vehicle="5" speed="218" time="160" acceleration="13636"/>
    <motionState vehicle="6" speed="218" time="160" acceleration="13636"/>
    <motionState vehicle="7" speed="218" time="160" acceleration="13636"/>
    <motionState vehicle="8" speed="218" time="160" acceleration="13636"/>
    <motionState vehicle="9" speed="218" time="160" acceleration="13636"/>
    <motionState vehicle="10" speed="218" time="160" acceleration="13636"/>
    <motionState vehicle="11" speed="218" time="160" acceleration="13636"/>
    <motionState vehicle="0" speed="232" time="170" acceleration="13636"/>
    <motionState vehicle="1" speed="232" time="170" acceleration="13636"/>
    <motionState vehicle="2" speed="232" time="170" acceleration="13636"/>
    <motionState vehicle="3" speed="232" time="170" acceleration="13636"/>
    <motionState vehicle="4" speed="232" time="170" acceleration="13636"/>
    <motionState vehicle="5" speed="232" time="170" acceleration="13636"/>
    <motionState vehicle="6" speed="232" time="170" acceleration="13636"/>
    <motionState vehicle="7" speed="232" time="170" acceleration="13636"/>
    <motionState vehicle="8" speed="232" time="170" acceleration="13636"/>
    <motionState vehicle="9" speed="232" time="170" acceleration="13636"/>
    <motionState vehicle="10" speed="232" time="170" acceleration="13636"/>
    <motionState vehicle="11" speed="232" time="170" acceleration="13636"/>
    <motionState vehicle="0" speed="245" time="180" acceleration="13636"/>
    <motionState vehicle="1" speed="245" time="180" acceleration="13636"/>
    <motionState vehicle="2" speed="245" time="180" acceleration="13636"/>
    <motionState vehicle="3" speed="245" time="180" acceleration="13636"/>
    <motionState vehicle="4" speed="245" time="180" acceleration="13636"/>
    <motionState vehicle="5" speed="245" time="180" acceleration="13636"/>
    <motionState vehicle="6" speed="245" time="180" acceleration="13636"/>
    <motionState vehicle="7" speed="245" time="180" acceleration="13636"/>
    <motionState vehicle="8" speed="245" time="180" acceleration="13636"/>
    <motionState vehicle="9" speed="245" time="180" acceleration="13636"/>
    <motionState vehicle="10" speed="245" time="180" acceleration="13636"/>
    <motionState vehicle="11" speed="245" time="180" acceleration="13636"/>
    <motionState vehicle="0" speed="259" time="190" acceleration="13636"/>
    <motionState vehicle="1" speed="259" time="190" acceleration="13636"/>
    <motionState vehicle="2" speed="259" time="190" acceleration="13636"/>
    <motionState vehicle="3" speed="259" time="190" acceleration="13636"/>
    <motionState vehicle="4" speed="259" time="190" acceleration="13636"/>
    <motionState vehicle="5" speed="259" time="190" acceleration="13636"/>
    <motionState vehicle="6" speed="259" time="190" acceleration="13636"/>
    <motionState vehicle="7" speed="259" time="190" acceleration="13636"/>
    <motionState vehicle="8" speed="259" time="190" acceleration="13636"/>
    <motionState vehicle="9" speed="259" time="190" acceleration="13636"/>
    <motionState vehicle="10" speed="259" time="190" acceleration="13636"/>
    <motionState vehicle="11" speed="259" time="190" acceleration="13636"/>
    <motionState vehicle="0" speed="273" time="200" acceleration="13636"/>
    <motionState vehicle="1" speed="273" time="200" acceleration="13636"/>
    <motionState vehicle="2" speed="273" time="200" acceleration="13636"/>
    <motionState vehicle="3" speed="273" time="200" acceleration="13636"/>
    <motionState vehicle="4" speed="273" time="200" acceleration="13636"/>
    <motionState vehicle="5" speed="273" time="200" acceleration="13636"/>
    <motionState vehicle="6" speed="273" time="200" acceleration="13636"/>
    <motionState vehicle="7" speed="273" time="200" acceleration="13636"/>
    <motionState vehicle="8" speed="273" time="200" acceleration="13636"/>
    <motionState vehicle="9" speed="273" time="200" acceleration="13636"/>
    <motionState vehicle="10" speed="273" time="200" acceleration="13636"/>
    <motionState vehicle="11" speed="273" time="200" acceleration="13636"/>
    <motionState vehicle="0" speed="286" time="210" acceleration="13636"/>
    <motionState vehicle="1" speed="286" time="210" acceleration="13636"/>
    <motionState vehicle="2" speed="286" time="210" acceleration="13636"/>
    <motionState vehicle="3" speed="286" time="210" acceleration="13636"/>
    <motionState vehicle="4" speed="286" time="210" acceleration="13636"/>
    <motionState vehicle="5" speed="286" time="210" acceleration="13636"/>
    <motionState vehicle="6" speed="286" time="210" acceleration="13636"/>
    <motionState vehicle="7" speed="286" time="210" acceleration="13636"/>
    <motionState vehicle="8" speed="286" time="210" acceleration="13636"/>
    <motionState vehicle="9" speed="286" time="210" acceleration="13636"/>
    <motionState vehicle="10" speed="286" time="210" acceleration="13636"/>
    <motionState vehicle="11" speed="286" time="210" acceleration="13636"/>
    <motionState vehicle="0" speed="300" time="220" acceleration="13636"/>
    <motionState vehicle="1" speed="300" time="220" acceleration="13636"/>
    <motionState vehicle="2" speed="300" time="220" acceleration="13636"/>
    <motionState vehicle="3" speed="300" time="220" acceleration="13636"/>
    <motionState vehicle="4" speed="300" time="220" acceleration="13636"/>
    <motionState vehicle="5" speed="300" time="220" acceleration="13636"/>
    <motionState vehicle="6" speed="300" time="220" acceleration="13636"/>
    <motionState vehicle="7" speed="300" time="220" acceleration="13636"/>
    <motionState vehicle="8" speed="300" time="220" acceleration="13636"/>
    <motionState vehicle="9" speed="300" time="220" acceleration="13636"/>
    <motionState vehicle="10" speed="300" time="220" acceleration="13636"/>
    <motionState vehicle="11" speed="300" time="220" acceleration="13636"/>
    <motionState vehicle="0" speed="314" time="230" acceleration="13636"/>
    <motionState vehicle="1" speed="314" time="230" acceleration="13636"/>
    <motionState vehicle="2" speed="314" time="230" acceleration="13636"/>
    <motionState vehicle="3" speed="314" time="230" acceleration="13636"/>
    <motionState vehicle="4" speed="314" time="230" acceleration="13636"/>
    <motionState vehicle="5" speed="314" time="230" acceleration="13636"/>
    <motionState vehicle="6" speed="314" time="230" acceleration="13636"/>
    <motionState vehicle="7" speed="314" time="230" acceleration="13636"/>
    <motionState vehicle="8" speed="314" time="230" acceleration="13636"/>
    <motionState vehicle="9" speed="314" time="230" acceleration="13636"/>
    <motionState vehicle="10" speed="314" time="230" acceleration="13636"/>
    <motionState vehicle="11" speed="314" time="230" acceleration="13636"/>
    <motionState vehicle="0" speed="327" time="240" acceleration="13636"/>
    <motionState vehicle="1" speed="327" time="240" acceleration="13636"/>
    <motionState vehicle="2" speed="327" time="240" acceleration="13636"/>
    <motionState vehicle="3" speed="327" time="240" acceleration="13636"/>
    <motionState vehicle="4" speed="327" time="240" acceleration="13636"/>
    <motionState vehicle="5" speed="327" time="240" acceleration="13636"/>
    <motionState vehicle="6" speed="327" time="240" acceleration="13636"/>
    <motionState vehicle="7" speed="327" time="240" acceleration="13636"/>
    <motionState vehicle="8" speed="327" time="240" acceleration="13636"/>
    <motionState vehicle="9" speed="327" time="240" acceleration="13636"/>
    <motionState vehicle="10" speed="327" time="240" acceleration="13636"/>
    <motionState vehicle="11" speed="327" time="240" acceleration="13636"/>
    <motionState vehicle="0" speed="341" time="250" acceleration="13636"/>
    <motionState vehicle="1" speed="341" time="250" acceleration="13636"/>
    <motionState vehicle="2" speed="341" time="250" acceleration="13636"/>
    <motionState vehicle="3" speed="341" time="250" acceleration="13636"/>
    <motionState vehicle="4" speed="341" time="250" acceleration="13636"/>
    <motionState vehicle="5" speed="341" time="250" acceleration="13636"/>
    <motionState vehicle="6" speed="341" time="250" acceleration="13636"/>
    <motionState vehicle="7" speed="341" time="250" acceleration="13636"/>
    <motionState vehicle="8" speed="341" time="250" acceleration="13636"/>
    <motionState vehicle="9" speed="341" time="250" acceleration="13636"/>
    <motionState vehicle="10" speed="341" time="250" acceleration="13636"/>
    <motionState vehicle="11" speed="341" time="250" acceleration="13636"/>
    <motionState vehicle="0" speed="355" time="260" acceleration="13636"/>
    <motionState vehicle="1" speed="355" time="260" acceleration="13636"/>
    <motionState vehicle="2" speed="355" time="260" acceleration="13636"/>
    <motionState vehicle="3" speed="355" time="260" acceleration="13636"/>
    <motionState vehicle="4" speed="355" time="260" acceleration="13636"/>
    <motionState vehicle="5" speed="355" time="260" acceleration="13636"/>
    <motionState vehicle="6" speed="355" time="260" acceleration="13636"/>
    <motionState vehicle="7" speed="355" time="260" acceleration="13636"/>
    <motionState vehicle="8" speed="355" time="260" acceleration="13636"/>
    <motionState vehicle="9" speed="355" time="260" acceleration="13636"/>
    <motionState vehicle="10" speed="355" time="260" acceleration="13636"/>
    <motionState vehicle="11" speed="355" time="260" acceleration="13636"/>
    <motionState vehicle="0" speed="368" time="270" acceleration="13636"/>
    <motionState vehicle="1" speed="368" time="270" acceleration="13636"/>
    <motionState vehicle="2" speed="368" time="270" acceleration="13636"/>
    <motionState vehicle="3" speed="368" time="270" acceleration="13636"/>
    <motionState vehicle="4" speed="368" time="270" acceleration="13636"/>
    <motionState vehicle="5" speed="368" time="270" acceleration="13636"/>
    <motionState vehicle="6" speed="368" time="270" acceleration="13636"/>
    <motionState vehicle="7" speed="368" time="270" acceleration="13636"/>
    <motionState vehicle="8" speed="368" time="270" acceleration="13636"/>
    <motionState vehicle="9" speed="368" time="270" acceleration="13636"/>
    <motionState vehicle="10" speed="368" time="270" acceleration="13636"/>
    <motionState vehicle="11" speed="368" time="270" acceleration="13636"/>
    <motionState vehicle="0" speed="382" time="280" acceleration="13636"/>
    <motionState vehicle="1" speed="382" time="280" acceleration="13636"/>
    <motionState vehicle="2" speed="382" time="280" acceleration="13636"/>
    <motionState vehicle="3" speed="382" time="280" acceleration="13636"/>
    <motionState vehicle="4" speed="382" time="280" acceleration="13636"/>
    <motionState vehicle="5" speed="382" time="280" acceleration="13636"/>
    <motionState vehicle="6" speed="382" time="280" acceleration="13636"/>
    <motionState vehicle="7" speed="382" time="280" acceleration="13636"/>
    <motionState vehicle="8" speed="382" time="280" acceleration="13636"/>
    <motionState vehicle="9" speed="382" time="280" acceleration="13636"/>
    <motionState vehicle="10" speed="382" time="280" acceleration="13636"/>
    <motionState vehicle="11" speed="382" time="280" acceleration="13636"/>
    <motionState vehicle="0" speed="395" time="290" acceleration="13636"/>
    <motionState vehicle="1" speed="395" time="290" acceleration="13636"/>
    <motionState vehicle="2" speed="395" time="290" acceleration="13636"/>
    <motionState vehicle="3" speed="395" time="290" acceleration="13636"/>
    <motionState vehicle="4" speed="395" time="290" acceleration="13636"/>
    <motionState vehicle="5" speed="395" time="290" acceleration="13636"/>
    <motionState vehicle="6" speed="395" time="290" acceleration="13636"/>
    <motionState vehicle="7" speed="395" time="290" acceleration="13636"/>
    <motionState vehicle="8" speed="395" time="290" acceleration="13636"/>
    <motionState vehicle="9" speed="395" time="290" acceleration="13636"/>
    <motionState vehicle="10" speed="395" time="290" acceleration="13636"/>
    <motionState vehicle="11" speed="395" time="290" acceleration="13636"/>
    <motionState vehicle="0" speed="409" time="300" acceleration="13636"/>
    <motionState vehicle="1" speed="409" time="300" acceleration="13636"/>
    <motionState vehicle="2" speed="409" time="300" acceleration="13636"/>
    <motionState vehicle="3" speed="409" time="300" acceleration="13636"/>
    <motionState vehicle="4" speed="409" time="300" acceleration="13636"/>
    <motionState vehicle="5" speed="409" time="300" acceleration="13636"/>
    <motionState vehicle="6" speed="409" time="300" acceleration="13636"/>
    <motionState vehicle="7" speed="409" time="300" acceleration="13636"/>
    <motionState vehicle="8" speed="409" time="300" acceleration="13636"/>
    <motionState vehicle="9" speed="409" time="300" acceleration="13636"/>
    <motionState vehicle="10" speed="409" time="300" acceleration="13636"/>
    <motionState vehicle="11" speed="409" time="300" acceleration="13636"/>
    <motionState vehicle="0" speed="423" time="310" acceleration="13636"/>
    <motionState vehicle="1" speed="423" time="310" acceleration="13636"/>
    <motionState vehicle="2" speed="423" time="310" acceleration="13636"/>
    <motionState vehicle="3" speed="423" time="310" acceleration="13636"/>
    <motionState vehicle="4" speed="423" time="310" acceleration="13636"/>
    <motionState vehicle="5" speed="423" time="310" acceleration="13636"/>
    <motionState vehicle="6" speed="423" time="310" acceleration="13636"/>
    <motionState vehicle="7" speed="423" time="310" acceleration="13636"/>
    <motionState vehicle="8" speed="423" time="310" acceleration="13636"/>
    <motionState vehicle="9" speed="423" time="310" acceleration="13636"/>
    <motionState vehicle="10" speed="423" time="310" acceleration="13636"/>
    <motionState vehicle="11" speed="423" time="310" acceleration="13636"/>
    <motionState vehicle="0" speed="436" time="320" acceleration="13636"/>
    <motionState vehicle="1" speed="436" time="320" acceleration="13636"/>
    <motionState vehicle="2" speed="436" time="320" acceleration="13636"/>
    <motionState vehicle="3" speed="436" time="320" acceleration="13636"/>
    <motionState vehicle="4" speed="436" time="320" acceleration="13636"/>
    <motionState vehicle="5" speed="436" time="320" acceleration="13636"/>
    <motionState vehicle="6" speed="436" time="320" acceleration="13636"/>
    <motionState vehicle="7" speed="436" time="320" acceleration="13636"/>
    <motionState vehicle="8" speed="436" time="320" acceleration="13636"/>
    <motionState vehicle="9" speed="436" time="320" acceleration="13636"/>
    <motionState vehicle="10" speed="436" time="320" acceleration="13636"/>
    <motionState vehicle="11" speed="436" time="320" acceleration="13636"/>
    <motionState vehicle="0" speed="450" time="330" acceleration="13636"/>
    <motionState vehicle="1" speed="450" time="330" acceleration="13636"/>
    <motionState vehicle="2" speed="450" time="330" acceleration="13636"/>
    <motionState vehicle="3" speed="450" time="330" acceleration="13636"/>
    <motionState vehicle="4" speed="450" time="330" acceleration="13636"/>
    <motionState vehicle="5" speed="450" time="330" acceleration="13636"/>
    <motionState vehicle="6" speed="450" time="330" acceleration="13636"/>
    <motionState vehicle="7" speed="450" time="330" acceleration="13636"/>
    <motionState vehicle="8" speed="450" time="330" acceleration="13636"/>
    <motionState vehicle="9" speed="450" time="330" acceleration="13636"/>
    <motionState vehicle="10" speed="450" time="330" acceleration="13636"/>
    <motionState vehicle="11" speed="450" time="330" acceleration="13636"/>
    <motionState vehicle="0" speed="464" time="340" acceleration="13636"/>
    <motionState vehicle="1" speed="464" time="340" acceleration="13636"/>
    <motionState vehicle="2" speed="464" time="340" acceleration="13636"/>
    <motionState vehicle="3" speed="464" time="340" acceleration="13636"/>
    <motionState vehicle="4" speed="464" time="340" acceleration="13636"/>
    <motionState vehicle="5" speed="464" time="340" acceleration="13636"/>
    <motionState vehicle="6" speed="464" time="340" acceleration="13636"/>
    <motionState vehicle="7" speed="464" time="340" acceleration="13636"/>
    <motionState vehicle="8" speed="464" time="340" acceleration="13636"/>
    <motionState vehicle="9" speed="464" time="340" acceleration="13636"/>
    <motionState vehicle="10" speed="464" time="340" acceleration="13636"/>
    <motionState vehicle="11" speed="464" time="340" acceleration="13636"/>
    <motionState vehicle="0" speed="477" time="350" acceleration="13636"/>
    <motionState vehicle="1" speed="477" time="350" acceleration="13636"/>
    <motionState vehicle="2" speed="477" time="350" acceleration="13636"/>
    <motionState vehicle="3" speed="477" time="350" acceleration="13636"/>
    <motionState vehicle="4" speed="477" time="350" acceleration="13636"/>
    <motionState vehicle="5" speed="477" time="350" acceleration="13636"/>
    <motionState vehicle="6" speed="477" time="350" acceleration="13636"/>
    <motionState vehicle="7" speed="477" time="350" acceleration="13636"/>
    <motionState vehicle="8" speed="477" time="350" acceleration="13636"/>
    <motionState vehicle="9" speed="477" time="350" acceleration="13636"/>
    <motionState vehicle="10" speed="477" time="350" acceleration="13636"/>
    <motionState vehicle="11" speed="477" time="350" acceleration="13636"/>
    <motionState vehicle="0" speed="491" time="360" acceleration="13636"/>
    <motionState vehicle="1" speed="491" time="360" acceleration="13636"/>
    <motionState vehicle="2" speed="491" time="360" acceleration="13636"/>
    <motionState vehicle="3" speed="491" time="360" acceleration="13636"/>
    <motionState vehicle="4" speed="491" time="360" acceleration="13636"/>
    <motionState vehicle="5" speed="491" time="360" acceleration="13636"/>
    <motionState vehicle="6" speed="491" time="360" acceleration="13636"/>
    <motionState vehicle="7" speed="491" time="360" acceleration="13636"/>
    <motionState vehicle="8" speed="491" time="360" acceleration="13636"/>
    <motionState vehicle="9" speed="491" time="360" acceleration="13636"/>
    <motionState vehicle="10" speed="491" time="360" acceleration="13636"/>
    <motionState vehicle="11" speed="491" time="360" acceleration="13636"/>
    <motionState vehicle="0" speed="505" time="370" acceleration="13636"/>
    <motionState vehicle="1" speed="505" time="370" acceleration="13636"/>
    <motionState vehicle="2" speed="505" time="370" acceleration="13636"/>
    <motionState vehicle="3" speed="505" time="370" acceleration="13636"/>
    <motionState vehicle="4" speed="505" time="370" acceleration="13636"/>
    <motionState vehicle="5" speed="505" time="370" acceleration="13636"/>
    <motionState vehicle="6" speed="505" time="370" acceleration="13636"/>
    <motionState vehicle="7" speed="505" time="370" acceleration="13636"/>
    <motionState vehicle="8" speed="505" time="370" acceleration="13636"/>
    <motionState vehicle="9" speed="505" time="370" acceleration="13636"/>
    <motionState vehicle="10" speed="505" time="370" acceleration="13636"/>
    <motionState vehicle="11" speed="505" time="370" acceleration="13636"/>
    <motionState vehicle="0" speed="518" time="380" acceleration="13636"/>
    <motionState vehicle="1" speed="518" time="380" acceleration="13636"/>
    <motionState vehicle="2" speed="518" time="380" acceleration="13636"/>
    <motionState vehicle="3" speed="518" time="380" acceleration="13636"/>
    <motionState vehicle="4" speed="518" time="380" acceleration="13636"/>
    <motionState vehicle="5" speed="518" time="380" acceleration="13636"/>
    <motionState vehicle="6" speed="518" time="380" acceleration="13636"/>
    <motionState vehicle="7" speed="518" time="380" acceleration="13636"/>
    <motionState vehicle="8" speed="518" time="380" acceleration="13636"/>
    <motionState vehicle="9" speed="518" time="380" acceleration="13636"/>
    <motionState vehicle="10" speed="518" time="380" acceleration="13636"/>
    <motionState vehicle="11" speed="518" time="380" acceleration="13636"/>
    <motionState vehicle="0" speed="532" time="390" acceleration="13636"/>
    <motionState vehicle="1" speed="532" time="390" acceleration="13636"/>
    <motionState vehicle="2" speed="532" time="390" acceleration="13636"/>
    <motionState vehicle="3" speed="532" time="390" acceleration="13636"/>
    <motionState vehicle="4" speed="532" time="390" acceleration="13636"/>
    <motionState vehicle="5" speed="532" time="390" acceleration="13636"/>
    <motionState vehicle="6" speed="532" time="390" acceleration="13636"/>
    <motionState vehicle="7" speed="532" time="390" acceleration="13636"/>
    <motionState vehicle="8" speed="532" time="390" acceleration="13636"/>
    <motionState vehicle="9" speed="532" time="390" acceleration="13636"/>
    <motionState vehicle="10" speed="532" time="390" acceleration="13636"/>
    <motionState vehicle="11" speed="532" time="390" acceleration="13636"/>
    <motionState vehicle="0" speed="545" time="400" acceleration="13636"/>
    <motionState vehicle="1" speed="545" time="400" acceleration="13636"/>
    <motionState vehicle="2" speed="545" time="400" acceleration="13636"/>
    <motionState vehicle="3" speed="545" time="400" acceleration="13636"/>
    <motionState vehicle="4" speed="545" time="400" acceleration="13636"/>
    <motionState vehicle="5" speed="545" time="400" acceleration="13636"/>
    <motionState vehicle="6" speed="545" time="400" acceleration="13636"/>
    <motionState vehicle="7" speed="545" time="400" acceleration="13636"/>
    <motionState vehicle="8" speed="545" time="400" acceleration="13636"/>
    <motionState vehicle="9" speed="545" time="400" acceleration="13636"/>
    <motionState vehicle="10" speed="545" time="400" acceleration="13636"/>
    <motionState vehicle="11" speed="545" time="400" acceleration="13636"/>
    <motionState vehicle="0" speed="559" time="410" acceleration="13636"/>
    <motionState vehicle="1" speed="559" time="410" acceleration="13636"/>
    <motionState vehicle="2" speed="559" time="410" acceleration="13636"/>
    <motionState vehicle="3" speed="559" time="410" acceleration="13636"/>
    <motionState vehicle="4" speed="559" time="410" acceleration="13636"/>
    <motionState vehicle="5" speed="559" time="410" acceleration="13636"/>
    <motionState vehicle="6" speed="559" time="410" acceleration="13636"/>
    <motionState vehicle="7" speed="559" time="410" acceleration="13636"/>
    <motionState vehicle="8" speed="559" time="410" acceleration="13636"/>
    <motionState vehicle="9" speed="559" time="410" acceleration="13636"/>
    <motionState vehicle="10" speed="559" time="410" acceleration="13636"/>
    <motionState vehicle="11" speed="559" time="410" acceleration="13636"/>
    <motionState vehicle="0" speed="573" time="420" acceleration="13636"/>
    <motionState vehicle="1" speed="573" time="420" acceleration="13636"/>
    <motionState vehicle="2" speed="573" time="420" acceleration="13636"/>
    <motionState vehicle="3" speed="573" time="420" acceleration="13636"/>
    <motionState vehicle="4" speed="573" time="420" acceleration="13636"/>
    <motionState vehicle="5" speed="573" time="420" acceleration="13636"/>
    <motionState vehicle="6" speed="573" time="420" acceleration="13636"/>
    <motionState vehicle="7" speed="573" time="420" acceleration="13636"/>
    <motionState vehicle="8" speed="573" time="420" acceleration="13636"/>
    <motionState vehicle="9" speed="573" time="420" acceleration="13636"/>
    <motionState vehicle="10" speed="573" time="420" acceleration="13636"/>
    <motionState vehicle="11" speed="573" time="420" acceleration="13636"/>
    <motionState vehicle="0" speed="586" time="430" acceleration="13636"/>
    <motionState vehicle="1" speed="586" time="430" acceleration="13636"/>
    <motionState vehicle="2" speed="586" time="430" acceleration="13636"/>
    <motionState vehicle="3" speed="586" time="430" acceleration="13636"/>
    <motionState vehicle="4" speed="586" time="430" acceleration="13636"/>
    <motionState vehicle="5" speed="586" time="430" acceleration="13636"/>
    <motionState vehicle="6" speed="586" time="430" acceleration="13636"/>
    <motionState vehicle="7" speed="586" time="430" acceleration="13636"/>
    <motionState vehicle="8" speed="586" time="430" acceleration="13636"/>
    <motionState vehicle="9" speed="586" time="430" acceleration="13636"/>
    <motionState vehicle="10" speed="586" time="430" acceleration="13636"/>
    <motionState vehicle="11" speed="586" time="430" acceleration="13636"/>
    <motionState vehicle="0" speed="600" time="440" acceleration="13636"/>
    <motionState vehicle="1" speed="600" time="440" acceleration="13636"/>
    <motionState vehicle="2" speed="600" time="440" acceleration="13636"/>
    <motionState vehicle="3" speed="600" time="440" acceleration="13636"/>
    <motionState vehicle="4" speed="600" time="440" acceleration="13636"/>
    <motionState vehicle="5" speed="600" time="440" acceleration="13636"/>
    <motionState vehicle="6" speed="600" time="440" acceleration="13609"/>
    <motionState vehicle="7" speed="600" time="440" acceleration="13609"/>
    <motionState vehicle="8" speed="600" time="440" acceleration="13609"/>
    <motionState vehicle="9" speed="600" time="440" acceleration="13609"/>
    <motionState vehicle="10" speed="600" time="440" acceleration="13609"/>
    <motionState vehicle="11" speed="600" time="440" acceleration="13609"/>
    <motionState vehicle="0" speed="614" time="450" acceleration="13636"/>
    <motionState vehicle="1" speed="614" time="450" acceleration="13636"/>
    <motionState vehicle="2" speed="614" time="450" acceleration="13636"/>
    <motionState vehicle="3" speed="614" time="450" acceleration="13636"/>
    <motionState vehicle="4" speed="614" time="450" acceleration="13636"/>
    <motionState vehicle="5" speed="614" time="450" acceleration="13636"/>
    <motionState vehicle="6" speed="613" time="450" acceleration="13485"/>
    <motionState vehicle="7" speed="613" time="450" acceleration="13485"/>
    <motionState vehicle="8" speed="613" time="450" acceleration="13485"/>
    <motionState vehicle="9" speed="613" time="450" acceleration="13485"/>
    <motionState vehicle="10" speed="613" time="450" acceleration="13485"/>
    <motionState vehicle="11" speed="613" time="450" acceleration="13485"/>
    <motionState vehicle="0" speed="627" time="460" acceleration="13636"/>
    <motionState vehicle="1" speed="627" time="460" acceleration="13636"/>
    <motionState vehicle="2" speed="627" time="460" acceleration="13636"/>
    <motionState vehicle="3" speed="627" time="460" acceleration="13636"/>
    <motionState vehicle="4" speed="627" time="460" acceleration="13636"/>
    <motionState vehicle="5" speed="627" time="460" acceleration="13636"/>
    <motionState vehicle="6" speed="627" time="460" acceleration="13363"/>
    <motionState vehicle="7" speed="627" time="460" acceleration="13363"/>
    <motionState vehicle="8" speed="627" time="460" acceleration="13363"/>
    <motionState vehicle="9" speed="627" time="460" acceleration="13363"/>
    <motionState vehicle="10" speed="627" time="460" acceleration="13363"/>
    <motionState vehicle="11" speed="627" time="460" acceleration="13364"/>
    <motionState vehicle="0" speed="641" time="470" acceleration="13636"/>
    <motionState vehicle="1" speed="641" time="470" acceleration="13636"/>
    <motionState vehicle="2" speed="641" time="470" acceleration="13636"/>
    <motionState vehicle="3" speed="641" time="470" acceleration="13636"/>
    <motionState vehicle="4" speed="641" time="470" acceleration="13636"/>
    <motionState vehicle="5" speed="641" time="470" acceleration="13636"/>
    <motionState vehicle="6" speed="640" time="470" acceleration="13241"/>
    <motionState vehicle="7" speed="640" time="470" acceleration="13241"/>
    <motionState vehicle="8" speed="640" time="470" acceleration="13241"/>
    <motionState vehicle="9" speed="640" time="470" acceleration="13241"/>
    <motionState vehicle="10" speed="640" time="470" acceleration="13241"/>
    <motionState vehicle="11" speed="640" time="470" acceleration="13245"/>
    <motionState vehicle="0" speed="655" time="480" acceleration="13636"/>
    <motionState vehicle="1" speed="655" time="480" acceleration="13636"/>
    <motionState vehicle="2" speed="655" time="480" acceleration="13636"/>
    <motionState vehicle="3" speed="655" time="480" acceleration="13636"/>
    <motionState vehicle="4" speed="655" time="480" acceleration="13636"/>
    <motionState vehicle="5" speed="655" time="480" acceleration="13636"/>
    <motionState vehicle="6" speed="653" time="480" acceleration="13121"/>
    <motionState vehicle="7" speed="653" time="480" acceleration="13121"/>
    <motionState vehicle="8" speed="653" time="480" acceleration="13121"/>
    <motionState vehicle="9" speed="653" time="480" acceleration="13121"/>
    <motionState vehicle="10" speed="653" time="480" acceleration="13121"/>
    <motionState vehicle="11" speed="653" time="480" acceleration="13128"/>
    <motionState vehicle="0" speed="668" time="490" acceleration="13636"/>
    <motionState vehicle="1" speed="668" time="490" acceleration="13636"/>
    <motionState vehicle="2" speed="668" time="490" acceleration="13636"/>
    <motionState vehicle="3" speed="668" time="490" acceleration="13636"/>
    <motionState vehicle="4" speed="668" time="490" acceleration="13636"/>
    <motionState vehicle="5" speed="668" time="490" acceleration="13636"/>
    <motionState vehicle="6" speed="666" time="490" acceleration="13001"/>
    <motionState vehicle="7" speed="666" time="490" acceleration="13001"/>
    <motionState vehicle="8" speed="666" time="490" acceleration="13001"/>
    <motionState vehicle="9" speed="666" time="490" acceleration="13001"/>
    <motionState vehicle="10" speed="666" time="490" acceleration="13002"/>
    <motionState vehicle="11" speed="666" time="490" acceleration="13014"/>
    <motionState vehicle="0" speed="682" time="500" acceleration="13636"/>
    <motionState vehicle="1" speed="682" time="500" acceleration="13636"/>
    <motionState vehicle="2" speed="682" time="500" acceleration="13636"/>
    <motionState vehicle="3" speed="682" time="500" acceleration="13636"/>
    <motionState vehicle="4" speed="682" time="500" acceleration="13636"/>
    <motionState vehicle="5" speed="682" time="500" acceleration="13636"/>
    <motionState vehicle="6" speed="679" time="500" acceleration="12883"/>
    <motionState vehicle="7" speed="679" time="500" acceleration="12883"/>
    <motionState vehicle="8" speed="679" time="500" acceleration="12883"/>
    <motionState vehicle="9" speed="679" time="500" acceleration="12883"/>
    <motionState vehicle="10" speed="679" time="500" acceleration="12883"/>
    <motionState vehicle="11" speed="679" time="500" acceleration="12901"/>
    <motionState vehicle="0" speed="695" time="510" acceleration="13636"/>
    <motionState vehicle="1" speed="695" time="510" acceleration="13636"/>
    <motionState vehicle="2" speed="695" time="510" acceleration="13636"/>
    <motionState vehicle="3" speed="695" time="510" acceleration="13636"/>
    <motionState vehicle="4" speed="695" time="510" acceleration="13636"/>
    <motionState vehicle="5" speed="695" time="510" acceleration="13636"/>
    <motionState vehicle="6" speed="692" time="510" acceleration="12766"/>
    <motionState vehicle="7" speed="692" time="510" acceleration="12766"/>
    <motionState vehicle="8" speed="692" time="510" acceleration="12766"/>
    <motionState vehicle="9" speed="692" time="510" acceleration="12766"/>
    <motionState vehicle="10" speed="692" time="510" acceleration="12766"/>
    <motionState vehicle="11" speed="692" time="510" acceleration="12791"/>
    <motionState vehicle="0" speed="709" time="520" acceleration="13636"/>
    <motionState vehicle="1" speed="709" time="520" acceleration="13636"/>
    <motionState vehicle="2" speed="709" time="520" acceleration="13636"/>
    <motionState vehicle="3" speed="709" time="520" acceleration="13636"/>
    <motionState vehicle="4" speed="709" time="520" acceleration="13636"/>
    <motionState vehicle="5" speed="709" time="520" acceleration="13636"/>
    <motionState vehicle="6" speed="704" time="520" acceleration="12650"/>
    <motionState vehicle="7" speed="704" time="520" acceleration="12650"/>
    <motionState vehicle="8" speed="704" time="520" acceleration="12650"/>
    <motionState vehicle="9" speed="704" time="520" acceleration="12650"/>
    <motionState vehicle="10" speed="704" time="520" acceleration="12651"/>
    <motionState vehicle="11" speed="705" time="520" acceleration="12683"/>
    <motionState vehicle="0" speed="723" time="530" acceleration="13636"/>
    <motionState vehicle="1" speed="723" time="530" acceleration="13636"/>
    <motionState vehicle="2" speed="723" time="530" acceleration="13636"/>
    <motionState vehicle="3" speed="723" time="530" acceleration="13636"/>
    <motionState vehicle="4" speed="723" time="530" acceleration="13636"/>
    <motionState vehicle="5" speed="723" time="530" acceleration="13636"/>
    <motionState vehicle="6" speed="717" time="530" acceleration="12535"/>
    <motionState vehicle="7" speed="717" time="530" acceleration="12535"/>
    <motionState vehicle="8" speed="717" time="530" acceleration="12535"/>
    <motionState vehicle="9" speed="717" time="530" acceleration="12535"/>
    <motionState vehicle="10" speed="717" time="530" acceleration="12536"/>
    <motionState vehicle="11" speed="717" time="530" acceleration="12576"/>
    <motionState vehicle="0" speed="736" time="540" acceleration="13636"/>
    <motionState vehicle="1" speed="736" time="540" acceleration="13636"/>
    <motionState vehicle="2" speed="736" time="540" acceleration="13636"/>
    <motionState vehicle="3" speed="736" time="540" acceleration="13636"/>
    <motionState vehicle="4" speed="736" time="540" acceleration="13636"/>
    <motionState vehicle="5" speed="736" time="540" acceleration="13636"/>
    <motionState vehicle="6" speed="729" time="540" acceleration="12421"/>
    <motionState vehicle="7" speed="729" time="540" acceleration="12421"/>
    <motionState vehicle="8" speed="729" time="540" acceleration="12421"/>
    <motionState vehicle="9" speed="729" time="540" acceleration="12421"/>
    <motionState vehicle="10" speed="729" time="540" acceleration="12422"/>
    <motionState vehicle="11" speed="730" time="540" acceleration="12472"/>
    <motionState vehicle="0" speed="750" time="550" acceleration="13636"/>
    <motionState vehicle="1" speed="750" time="550" acceleration="13636"/>
    <motionState vehicle="2" speed="750" time="550" acceleration="13636"/>
    <motionState vehicle="3" speed="750" time="550" acceleration="13636"/>
    <motionState vehicle="4" speed="750" time="550" acceleration="13636"/>
    <motionState vehicle="5" speed="750" time="550" acceleration="13636"/>
    <motionState vehicle="6" speed="742" time="550" acceleration="12308"/>
    <motionState vehicle="7" speed="742" time="550" acceleration="12308"/>
    <motionState vehicle="8" speed="742" time="550" acceleration="12308"/>
    <motionState vehicle="9" speed="742" time="550" acceleration="12308"/>
    <motionState vehicle="10" speed="742" time="550" acceleration="12310"/>
    <motionState vehicle="11" speed="742" time="550" acceleration="12370"/>
    <motionState vehicle="0" speed="764" time="560" acceleration="13636"/>
    <motionState vehicle="1" speed="764" time="560" acceleration="13636"/>
    <motionState vehicle="2" speed="764" time="560" acceleration="13636"/>
    <motionState vehicle="3" speed="764" time="560" acceleration="13636"/>
    <motionState vehicle="4" speed="764" time="560" acceleration="13636"/>
    <motionState vehicle="5" speed="764" time="560" acceleration="13636"/>
    <motionState vehicle="6" speed="754" time="560" acceleration="12196"/>
    <motionState vehicle="7" speed="754" time="560" acceleration="12196"/>
    <motionState vehicle="8" speed="754" time="560" acceleration="12196"/>
    <motionState vehicle="9" speed="754" time="560" acceleration="12196"/>
    <motionState vehicle="10" speed="754" time="560" acceleration="12199"/>
    <motionState vehicle="11" speed="754" time="560" acceleration="12270"/>
    <motionState vehicle="0" speed="777" time="570" acceleration="13636"/>
    <motionState vehicle="1" speed="777" time="570" acceleration="13636"/>
    <motionState vehicle="2" speed="777" time="570" acceleration="13636"/>
    <motionState vehicle="3" speed="777" time="570" acceleration="13636"/>
    <motionState vehicle="4" speed="777" time="570" acceleration="13636"/>
    <motionState vehicle="5" speed="777" time="570" acceleration="13636"/>
    <motionState vehicle="6" speed="766" time="570" acceleration="12085"/>
    <motionState vehicle="7" speed="766" time="570" acceleration="12085"/>
    <motionState vehicle="8" speed="766" time="570" acceleration="12085"/>
    <motionState vehicle="9" speed="766" time="570" acceleration="12085"/>
    <motionState vehicle="10" speed="766" time="570" acceleration="12088"/>
    <motionState vehicle="11" speed="766" time="570" acceleration="12172"/>
    <motionState vehicle="0" speed="791" time="580" acceleration="13636"/>
    <motionState vehicle="1" speed="791" time="580" acceleration="13636"/>
    <motionState vehicle="2" speed="791" time="580" acceleration="13636"/>
    <motionState vehicle="3" speed="791" time="580" acceleration="13636"/>
    <motionState vehicle="4" speed="791" time="580" acceleration="13636"/>
    <motionState vehicle="5" speed="791" time="580" acceleration="13636"/>
    <motionState vehicle="6" speed="778" time="580" acceleration="11976"/>
    <motionState vehicle="7" speed="778" time="580" acceleration="11976"/>
    <motionState vehicle="8" speed="778" time="580" acceleration="11976"/>
    <motionState vehicle="9" speed="778" time="580" acceleration="11976"/>
    <motionState vehicle="10" speed="778" time="580" acceleration="11979"/>
    <motionState vehicle="11" speed="779" time="580" acceleration="12075"/>
    <motionState vehicle="0" speed="805" time="590" acceleration="13636"/>
    <motionState vehicle="1" speed="805" time="590" acceleration="13636"/>
    <motionState vehicle="2" speed="805" time="590" acceleration="13636"/>
    <motionState vehicle="3" speed="805" time="590" acceleration="13636"/>
    <motionState vehicle="4" speed="805" time="590" acceleration="13636"/>
    <motionState vehicle="5" speed="805" time="590" acceleration="13636"/>
    <motionState vehicle="6" speed="790" time="590" acceleration="11867"/>
    <motionState vehicle="7" speed="790" time="590" acceleration="11867"/>
    <motionState vehicle="8" speed="790" time="590" acceleration="11867"/>
    <motionState vehicle="9" speed="790" time="590" acceleration="11867"/>
    <motionState vehicle="10" speed="790" time="590" acceleration="11871"/>
    <motionState vehicle="11" speed="791" time="590" acceleration="11981"/>
    <motionState vehicle="0" speed="818" time="600" acceleration="13636"/>
    <motionState vehicle="1" speed="818" time="600" acceleration="13636"/>
    <motionState vehicle="2" speed="818" time="600" acceleration="13636"/>
    <motionState vehicle="3" speed="818" time="600" acceleration="13636"/>
    <motionState vehicle="4" speed="818" time="600" acceleration="13636"/>
    <motionState vehicle="5" speed="818" time="600" acceleration="13636"/>
    <motionState vehicle="6" speed="802" time="600" acceleration="11759"/>
    <motionState vehicle="7" speed="802" time="600" acceleration="11759"/>
    <motionState vehicle="8" speed="802" time="600" acceleration="11759"/>
    <motionState vehicle="9" speed="802" time="600" acceleration="11759"/>
    <motionState vehicle="10" speed="802" time="600" acceleration="11764"/>
    <motionState vehicle="11" speed="802" time="600" acceleration="11888"/>
    <motionState vehicle="0" speed="832" time="610" acceleration="13636"/>
    <motionState vehicle="1" speed="832" time="610" acceleration="13636"/>
    <motionState vehicle="2" speed="832" time="610" acceleration="13636"/>
    <motionState vehicle="3" speed="832" time="610" acceleration="13636"/>
    <motionState vehicle="4" speed="832" time="610" acceleration="13636"/>
    <motionState vehicle="5" speed="832" time="610" acceleration="13636"/>
    <motionState vehicle="6" speed="813" time="610" acceleration="11652"/>
    <motionState vehicle="7" speed="813" time="610" acceleration="11652"/>
    <motionState vehicle="8" speed="813" time="610" acceleration="11652"/>
    <motionState vehicle="9" speed="813" time="610" acceleration="11652"/>
    <motionState vehicle="10" speed="813" time="610" acceleration="11659"/>
    <motionState vehicle="11" speed="814" time="610" acceleration="11797"/>
    <motionState vehicle="0" speed="845" time="620" acceleration="13636"/>
    <motionState vehicle="1" speed="845" time="620" acceleration="13636"/>
    <motionState vehicle="2" speed="845" time="620" acceleration="13636"/>
    <motionState vehicle="3" speed="845" time="620" acceleration="13636"/>
    <motionState vehicle="4" speed="845" time="620" acceleration="13636"/>
    <motionState vehicle="5" speed="845" time="620" acceleration="13636"/>
    <motionState vehicle="6" speed="825" time="620" acceleration="11546"/>
    <motionState vehicle="7" speed="825" time="620" acceleration="11546"/>
    <motionState vehicle="8" speed="825" time="620" acceleration="11546"/>
    <motionState vehicle="9" speed="825" time="620" acceleration="11546"/>
    <motionState vehicle="10" speed="825" time="620" acceleration="11554"/>
    <motionState vehicle="11" speed="826" time="620" acceleration="11709"/>
    <motionState vehicle="0" speed="859" time="630" acceleration="13636"/>
    <motionState vehicle="1" speed="859" time="630" acceleration="13636"/>
    <motionState vehicle="2" speed="859" time="630" acceleration="13636"/>
    <motionState vehicle="3" speed="859" time="630" acceleration="13636"/>
    <motionState vehicle="4" speed="859" time="630" acceleration="13636"/>
    <motionState vehicle="5" speed="859" time="630" acceleration="13636"/>
    <motionState vehicle="6" speed="836" time="630" acceleration="11441"/>
    <motionState vehicle="7" speed="836" time="630" acceleration="11441"/>
    <motionState vehicle="8" speed="836" time="630" acceleration="11441"/>
    <motionState vehicle="9" speed="836" time="630" acceleration="11441"/>
    <motionState vehicle="10" speed="836" time="630" acceleration="11450"/>
    <motionState vehicle="11" speed="838" time="630" acceleration="11621"/>
    <motionState vehicle="0" speed="873" time="640" acceleration="13636"/>
    <motionState vehicle="1" speed="873" time="640" acceleration="13636"/>
    <motionState vehicle="2" speed="873" time="640" acceleration="13636"/>
    <motionState vehicle="3" speed="873" time="640" acceleration="13636"/>
    <motionState vehicle="4" speed="873" time="640" acceleration="13636"/>
    <motionState vehicle="5" speed="873" time="640" acceleration="13636"/>
    <motionState vehicle="6" speed="848" time="640" acceleration="11337"/>
    <motionState vehicle="7" speed="848" time="640" acceleration="11337"/>
    <motionState vehicle="8" speed="848" time="640" acceleration="11337"/>
    <motionState vehicle="9" speed="848" time="640" acceleration="11337"/>
    <motionState vehicle="10" speed="848" time="640" acceleration="11348"/>
    <motionState vehicle="11" speed="849" time="640" acceleration="11536"/>
    <motionState vehicle="0" speed="886" time="650" acceleration="13636"/>
    <motionState vehicle="1" speed="886" time="650" acceleration="13636"/>
    <motionState vehicle="2" speed="886" time="650" acceleration="13636"/>
    <motionState vehicle="3" speed="886" time="650" acceleration="13636"/>
    <motionState vehicle="4" speed="886" time="650" acceleration="13636"/>
    <motionState vehicle="5" speed="886" time="650" acceleration="13636"/>
    <motionState vehicle="6" speed="859" time="650" acceleration="11234"/>
    <motionState vehicle="7" speed="859" time="650" acceleration="11234"/>
    <motionState vehicle="8" speed="859" time="650" acceleration="11234"/>
    <motionState vehicle="9" speed="859" time="650" acceleration="11234"/>
    <motionState vehicle="10" speed="859" time="650" acceleration="11247"/>
    <motionState vehicle="11" speed="861" time="650" acceleration="11452"/>
    <motionState vehicle="0" speed="900" time="660" acceleration="13636"/>
    <motionState vehicle="1" speed="900" time="660" acceleration="13636"/>
    <motionState vehicle="2" speed="900" time="660" acceleration="13636"/>
    <motionState vehicle="3" speed="900" time="660" acceleration="13636"/>
    <motionState vehicle="4" speed="900" time="660" acceleration="13636"/>
    <motionState vehicle="5" speed="900" time="660" acceleration="13636"/>
    <motionState vehicle="6" speed="870" time="660" acceleration="11132"/>
    <motionState vehicle="7" speed="870" time="660" acceleration="11132"/>
    <motionState vehicle="8" speed="870" time="660" acceleration="11132"/>
    <motionState vehicle="9" speed="870" time="660" acceleration="11132"/>
    <motionState vehicle="10" speed="870" time="660" acceleration="11146"/>
    <motionState vehicle="11" speed="872" time="660" acceleration="11370"/>
    <motionState vehicle="0" speed="914" time="670" acceleration="13636"/>
    <motionState vehicle="1" speed="914" time="670" acceleration="13636"/>
    <motionState vehicle="2" speed="914" time="670" acceleration="13636"/>
    <motionState vehicle="3" speed="914" time="670" acceleration="13636"/>
    <motionState vehicle="4" speed="914" time="670" acceleration="13636"/>
    <motionState vehicle="5" speed="914" time="670" acceleration="13636"/>
    <motionState vehicle="6" speed="881" time="670" acceleration="11031"/>
    <motionState vehicle="7" speed="881" time="670" acceleration="11031"/>
    <motionState vehicle="8" speed="881" time="670" acceleration="11031"/>
    <motionState vehicle="9" speed="881" time="670" acceleration="11031"/>
    <motionState vehicle="10" speed="881" time="670" acceleration="11047"/>
    <motionState vehicle="11" speed="883" time="670" acceleration="11290"/>
    <motionState vehicle="0" speed="927" time="680" acceleration="13636"/>
    <motionState vehicle="1" speed="927" time="680" acceleration="13636"/>
    <motionState vehicle="2" speed="927" time="680" acceleration="13636"/>
    <motionState vehicle="3" speed="927" time="680" acceleration="13636"/>
    <motionState vehicle="4" speed="927" time="680" acceleration="13636"/>
    <motionState vehicle="5" speed="927" time="680" acceleration="13636"/>
    <motionState vehicle="6" speed="892" time="680" acceleration="10930"/>
    <motionState vehicle="7" speed="892" time="680" acceleration="10930"/>
    <motionState vehicle="8" speed="892" time="680" acceleration="10930"/>
    <motionState vehicle="9" speed="892" time="680" acceleration="10931"/>
    <motionState vehicle="10" speed="892" time="680" acceleration="10949"/>
    <motionState vehicle="11" speed="894" time="680" acceleration="11212"/>
    <motionState vehicle="0" speed="941" time="690" acceleration="13636"/>
    <motionState vehicle="1" speed="941" time="690" acceleration="13636"/>
    <motionState vehicle="2" speed="941" time="690" acceleration="13636"/>
    <motionState vehicle="3" speed="941" time="690" acceleration="13636"/>
    <motionState vehicle="4" speed="941" time="690" acceleration="13636"/>
    <motionState vehicle="5" speed="941" time="690" acceleration="13636"/>
    <motionState vehicle="6" speed="903" time="690" acceleration="10831"/>
    <motionState vehicle="7" speed="903" time="690" acceleration="10831"/>
    <motionState vehicle="8" speed="903" time="690" acceleration="10831"/>
    <motionState vehicle="9" speed="903" time="690" acceleration="10832"/>
    <motionState vehicle="10" speed="903" time="690" acceleration="10852"/>
    <motionState vehicle="11" speed="906" time="690" acceleration="11135"/>
    <motionState vehicle="0" speed="955" time="700" acceleration="13636"/>
    <motionState vehicle="1" speed="955" time="700" acceleration="13636"/>
    <motionState vehicle="2" speed="955" time="700" acceleration="13636"/>
    <motionState vehicle="3" speed="955" time="700" acceleration="13636"/>
    <motionState vehicle="4" speed="955" time="700" acceleration="13636"/>
    <motionState vehicle="5" speed="955" time="700" acceleration="13636"/>
    <motionState vehicle="6" speed="913" time="700" acceleration="10732"/>
    <motionState vehicle="7" speed="913" time="700" acceleration="10732"/>
    <motionState vehicle="8" speed="913" time="700" acceleration="10733"/>
    <motionState vehicle="9" speed="914" time="700" acceleration="10734"/>
    <motionState vehicle="10" speed="914" time="700" acceleration="10756"/>
    <motionState vehicle="11" speed="917" time="700" acceleration="11060"/>
    <motionState vehicle="0" speed="968" time="710" acceleration="13636"/>
    <motionState vehicle="1" speed="968" time="710" acceleration="13636"/>
    <motionState vehicle="2" speed="968" time="710" acceleration="13636"/>
    <motionState vehicle="3" speed="968" time="710" acceleration="13636"/>
    <motionState vehicle="4" speed="968" time="710" acceleration="13636"/>
    <motionState vehicle="5" speed="968" time="710" acceleration="13636"/>
    <motionState vehicle="6" speed="924" time="710" acceleration="10635"/>
    <motionState vehicle="7" speed="924" time="710" acceleration="10635"/>
    <motionState vehicle="8" speed="924" time="710" acceleration="10635"/>
    <motionState vehicle="9" speed="924" time="710" acceleration="10636"/>
    <motionState vehicle="10" speed="924" time="710" acceleration="10662"/>
    <motionState vehicle="11" speed="928" time="710" acceleration="10986"/>
    <motionState vehicle="0" speed="982" time="720" acceleration="13636"/>
    <motionState vehicle="1" speed="982" time="720" acceleration="13636"/>
    <motionState vehicle="2" speed="982" time="720" acceleration="13636"/>
    <motionState vehicle="3" speed="982" time="720" acceleration="13636"/>
    <motionState vehicle="4" speed="982" time="720" acceleration="13636"/>
    <motionState vehicle="5" speed="982" time="720" acceleration="13636"/>
    <motionState vehicle="6" speed="935" time="720" acceleration="10538"/>
    <motionState vehicle="7" speed="935" time="720" acceleration="10538"/>
    <motionState vehicle="8" speed="935" time="720" acceleration="10538"/>
    <motionState vehicle="9" speed="935" time="720" acceleration="10540"/>
    <motionState vehicle="10" speed="935" time="720" acceleration="10568"/>
    <motionState vehicle="11" speed="938" time="720" acceleration="10914"/>
    <motionState vehicle="0" speed="995" time="730" acceleration="13636"/>
    <motionState vehicle="1" speed="995" time="730" acceleration="13636"/>
    <motionState vehicle="2" speed="995" time="730" acceleration="13636"/>
    <motionState vehicle="3" speed="995" time="730" acceleration="13636"/>
    <motionState vehicle="4" speed="995" time="730" acceleration="13636"/>
    <motionState vehicle="5" speed="995" time="730" acceleration="13636"/>
    <motionState vehicle="6" speed="945" time="730" acceleration="10442"/>
    <motionState vehicle="7" speed="945" time="730" acceleration="10442"/>
    <motionState vehicle="8" speed="945" time="730" acceleration="10443"/>
    <motionState vehicle="9" speed="945" time="730" acceleration="10444"/>
    <motionState vehicle="10" speed="945" time="730" acceleration="10475"/>
    <motionState vehicle="11" speed="949" time="730" acceleration="10843"/>
    <motionState vehicle="0" speed="1009" time="740" acceleration="13526"/>
    <motionState vehicle="1" speed="1009" time="740" acceleration="13526"/>
    <motionState vehicle="2" speed="1009" time="740" acceleration="13526"/>
    <motionState vehicle="3" speed="1009" time="740" acceleration="13526"/>
    <motionState vehicle="4" speed="1009" time="740" acceleration="13526"/>
    <motionState vehicle="5" speed="1009" time="740" acceleration="13636"/>
    <motionState vehicle="6" speed="955" time="740" acceleration="10347"/>
    <motionState vehicle="7" speed="955" time="740" acceleration="10347"/>
    <motionState vehicle="8" speed="955" time="740" acceleration="10348"/>
    <motionState vehicle="9" speed="955" time="740" acceleration="10350"/>
    <motionState vehicle="10" speed="956" time="740" acceleration="10384"/>
    <motionState vehicle="11" speed="960" time="740" acceleration="10774"/>
    <motionState vehicle="0" speed="1022" time="750" acceleration="13403"/>
    <motionState vehicle="1" speed="1022" time="750" acceleration="13403"/>
    <motionState vehicle="2" speed="1022" time="750" acceleration="13403"/>
    <motionState vehicle="3" speed="1022" time="750" acceleration="13403"/>
    <motionState vehicle="4" speed="1022" time="750" acceleration="13404"/>
    <motionState vehicle="5" speed="1023" time="750" acceleration="13636"/>
    <motionState vehicle="6" speed="966" time="750" acceleration="10253"/>
    <motionState vehicle="7" speed="966" time="750" acceleration="10253"/>
    <motionState vehicle="8" speed="966" time="750" acceleration="10254"/>
    <motionState vehicle="9" speed="966" time="750" acceleration="10256"/>
    <motionState vehicle="10" speed="966" time="750" acceleration="10293"/>
    <motionState vehicle="11" speed="971" time="750" acceleration="10706"/>
    <motionState vehicle="0" speed="1036" time="760" acceleration="13281"/>
    <motionState vehicle="1" speed="1036" time="760" acceleration="13281"/>
    <motionState vehicle="2" speed="1036" time="760" acceleration="13281"/>
    <motionState vehicle="3" speed="1036" time="760" acceleration="13281"/>
    <motionState vehicle="4" speed="1036" time="760" acceleration="13285"/>
    <motionState vehicle="5" speed="1036" time="760" acceleration="13636"/>
    <motionState vehicle="6" speed="976" time="760" acceleration="10160"/>
    <motionState vehicle="7" speed="976" time="760" acceleration="10160"/>
    <motionState vehicle="8" speed="976" time="760" acceleration="10160"/>
    <motionState vehicle="9" speed="976" time="760" acceleration="10163"/>
    <motionState vehicle="10" speed="976" time="760" acceleration="10204"/>
    <motionState vehicle="11" speed="981" time="760" acceleration="10638"/>
    <motionState vehicle="0" speed="1049" time="770" acceleration="13161"/>
    <motionState vehicle="1" speed="1049" time="770" acceleration="13161"/>
    <motionState vehicle="2" speed="1049" time="770" acceleration="13161"/>
    <motionState vehicle="3" speed="1049" time="770" acceleration="13161"/>
    <motionState vehicle="4" speed="1049" time="770" acceleration="13167"/>
    <motionState vehicle="5" speed="1050" time="770" acceleration="13636"/>
    <motionState vehicle="6" speed="986" time="770" acceleration="10068"/>
    <motionState vehicle="7" speed="986" time="770" acceleration="10068"/>
    <motionState vehicle="8" speed="986" time="770" acceleration="10068"/>
    <motionState vehicle="9" speed="986" time="770" acceleration="10071"/>
    <motionState vehicle="10" speed="986" time="770" acceleration="10116"/>
    <motionState vehicle="11" speed="992" time="770" acceleration="10570"/>
    <motionState vehicle="0" speed="1062" time="780" acceleration="13041"/>
    <motionState vehicle="1" speed="1062" time="780" acceleration="13041"/>
    <motionState vehicle="2" speed="1062" time="780" acceleration="13041"/>
    <motionState vehicle="3" speed="1062" time="780" acceleration="13041"/>
    <motionState vehicle="4" speed="1062" time="780" acceleration="13052"/>
    <motionState vehicle="5" speed="1064" time="780" acceleration="13636"/>
    <motionState vehicle="6" speed="996" time="780" acceleration="9976"/>
    <motionState vehicle="7" speed="996" time="780" acceleration="9976"/>
    <motionState vehicle="8" speed="996" time="780" acceleration="9977"/>
    <motionState vehicle="9" speed="996" time="780" acceleration="9980"/>
    <motionState vehicle="10" speed="996" time="780" acceleration="10028"/>
    <motionState vehicle="11" speed="1003" time="780" acceleration="10503"/>
    <motionState vehicle="0" speed="1075" time="790" acceleration="12922"/>
    <motionState vehicle="1" speed="1075" time="790" acceleration="12922"/>
    <motionState vehicle="2" speed="1075" time="790" acceleration="12922"/>
    <motionState vehicle="3" speed="1075" time="790" acceleration="12923"/>
    <motionState vehicle="4" speed="1075" time="790" acceleration="12938"/>
    <motionState vehicle="5" speed="1077" time="790" acceleration="13636"/>
    <motionState vehicle="6" speed="1006" time="790" acceleration="9886"/>
    <motionState vehicle="7" speed="1006" time="790" acceleration="9886"/>
    <motionState vehicle="8" speed="1006" time="790" acceleration="9886"/>
    <motionState vehicle="9" speed="1006" time="790" acceleration="9890"/>
    <motionState vehicle="10" speed="1006" time="790" acceleration="9942"/>
    <motionState vehicle="11" speed="1013" time="790" acceleration="10436"/>
    <motionState vehicle="0" speed="1088" time="800" acceleration="12805"/>
    <motionState vehicle="1" speed="1088" time="800" acceleration="12805"/>
    <motionState vehicle="2" speed="1088" time="800" acceleration="12805"/>
    <motionState vehicle="3" speed="1088" time="800" acceleration="12805"/>
    <motionState vehicle="4" speed="1088" time="800" acceleration="12827"/>
    <motionState vehicle="5" speed="1091" time="800" acceleration="13636"/>
    <motionState vehicle="6" speed="1016" time="800" acceleration="9796"/>
    <motionState vehicle="7" speed="1016" time="800" acceleration="9796"/>
    <motionState vehicle="8" speed="1016" time="800" acceleration="9796"/>
    <motionState vehicle="9" speed="1016" time="800" acceleration="9800"/>
    <motionState vehicle="10" speed="1016" time="800" acceleration="9857"/>
    <motionState vehicle="11" speed="1023" time="800" acceleration="10369"/>
    <motionState vehicle="0" speed="1100" time="810" acceleration="12689"/>
    <motionState vehicle="1" speed="1100" time="810" acceleration="12689"/>
    <motionState vehicle="2" speed="1100" time="810" acceleration="12689"/>
    <motionState vehicle="3" speed="1100" time="810" acceleration="12689"/>
    <motionState vehicle="4" speed="1100" time="810" acceleration="12718"/>
    <motionState vehicle="5" speed="1105" time="810" acceleration="13636"/>
    <motionState vehicle="6" speed="1025" time="810" acceleration="9707"/>
    <motionState vehicle="7" speed="1025" time="810" acceleration="9707"/>
    <motionState vehicle="8" speed="1025" time="810" acceleration="9707"/>
    <motionState vehicle="9" speed="1025" time="810" acceleration="9712"/>
    <motionState vehicle="10" speed="1026" time="810" acceleration="9772"/>
    <motionState vehicle="11" speed="1034" time="810" acceleration="10303"/>
    <motionState vehicle="0" speed="1113" time="820" acceleration="12573"/>
    <motionState vehicle="1" speed="1113" time="820" acceleration="12573"/>
    <motionState vehicle="2" speed="1113" time="820" acceleration="12573"/>
    <motionState vehicle="3" speed="1113" time="820" acceleration="12574"/>
    <motionState vehicle="4" speed="1113" time="820" acceleration="12612"/>
    <motionState vehicle="5" speed="1118" time="820" acceleration="13636"/>
    <motionState vehicle="6" speed="1035" time="820" acceleration="9618"/>
    <motionState vehicle="7" speed="1035" time="820" acceleration="9618"/>
    <motionState vehicle="8" speed="1035" time="820" acceleration="9619"/>
    <motionState vehicle="9" speed="1035" time="820" acceleration="9624"/>
    <motionState vehicle="10" speed="1036" time="820" acceleration="9689"/>
    <motionState vehicle="11" speed="1044" time="820" acceleration="10237"/>
    <motionState vehicle="0" speed="1125" time="830" acceleration="12459"/>
    <motionState vehicle="1" speed="1125" time="830" acceleration="12459"/>
    <motionState vehicle="2" speed="1125" time="830" acceleration="12459"/>
    <motionState vehicle="3" speed="1125" time="830" acceleration="12460"/>
    <motionState vehicle="4" speed="1125" time="830" acceleration="12507"/>
    <motionState vehicle="5" speed="1132" time="830" acceleration="13636"/>
    <motionState vehicle="6" speed="1044" time="830" acceleration="9531"/>
    <motionState vehicle="7" speed="1044" time="830" acceleration="9531"/>
    <motionState vehicle="8" speed="1044" time="830" acceleration="9531"/>
    <motionState vehicle="9" speed="1045" time="830" acceleration="9537"/>
    <motionState vehicle="10" speed="1045" time="830" acceleration="9607"/>
    <motionState vehicle="11" speed="1054" time="830" acceleration="10171"/>
    <motionState vehicle="0" speed="1138" time="840" acceleration="12346"/>
    <motionState vehicle="1" speed="1138" time="840" acceleration="12346"/>
    <motionState vehicle="2" speed="1138" time="840" acceleration="12346"/>
    <motionState vehicle="3" speed="1138" time="840" acceleration="12347"/>
    <motionState vehicle="4" speed="1138" time="840" acceleration="12404"/>
    <motionState vehicle="5" speed="1145" time="840" acceleration="13636"/>
    <motionState vehicle="6" speed="1054" time="840" acceleration="9444"/>
    <motionState vehicle="7" speed="1054" time="840" acceleration="9444"/>
    <motionState vehicle="8" speed="1054" time="840" acceleration="9445"/>
    <motionState vehicle="9" speed="1054" time="840" acceleration="9451"/>
    <motionState vehicle="10" speed="1055" time="840" acceleration="9525"/>
    <motionState vehicle="11" speed="1064" time="840" acceleration="10106"/>
    <motionState vehicle="0" speed="1150" time="850" acceleration="12233"/>
    <motionState vehicle="1" speed="1150" time="850" acceleration="12233"/>
    <motionState vehicle="2" speed="1150" time="850" acceleration="12233"/>
    <motionState vehicle="3" speed="1150" time="850" acceleration="12235"/>
    <motionState vehicle="4" speed="1150" time="850" acceleration="12303"/>
    <motionState vehicle="5" speed="1159" time="850" acceleration="13636"/>
    <motionState vehicle="6" speed="1063" time="850" acceleration="9359"/>
    <motionState vehicle="7" speed="1063" time="850" acceleration="9359"/>
    <motionState vehicle="8" speed="1063" time="850" acceleration="9359"/>
    <motionState vehicle="9" speed="1063" time="850" acceleration="9366"/>
    <motionState vehicle="10" speed="1064" time="850" acceleration="9445"/>
    <motionState vehicle="11" speed="1074" time="850" acceleration="10041"/>
    <motionState vehicle="0" speed="1162" time="860" acceleration="12122"/>
    <motionState vehicle="1" speed="1162" time="860" acceleration="12122"/>
    <motionState vehicle="2" speed="1162" time="860" acceleration="12122"/>
    <motionState vehicle="3" speed="1162" time="860" acceleration="12125"/>
    <motionState vehicle="4" speed="1162" time="860" acceleration="12204"/>
    <motionState vehicle="5" speed="1173" time="860" acceleration="13636"/>
    <motionState vehicle="6" speed="1073" time="860" acceleration="9273"/>
    <motionState vehicle="7" speed="1073" time="860" acceleration="9273"/>
    <motionState vehicle="8" speed="1073" time="860" acceleration="9274"/>
    <motionState vehicle="9" speed="1073" time="860" acceleration="9282"/>
    <motionState vehicle="10" speed="1074" time="860" acceleration="9365"/>
    <motionState vehicle="11" speed="1084" time="860" acceleration="9977"/>
    <motionState vehicle="0" speed="1174" time="870" acceleration="12012"/>
    <motionState vehicle="1" speed="1174" time="870" acceleration="12012"/>
    <motionState vehicle="2" speed="1174" time="870" acceleration="12012"/>
    <motionState vehicle="3" speed="1174" time="870" acceleration="12015"/>
    <motionState vehicle="4" speed="1175" time="870" acceleration="12107"/>
    <motionState vehicle="5" speed="1186" time="870" acceleration="13636"/>
    <motionState vehicle="6" speed="1082" time="870" acceleration="9189"/>
    <motionState vehicle="7" speed="1082" time="870" acceleration="9189"/>
    <motionState vehicle="8" speed="1082" time="870" acceleration="9190"/>
    <motionState vehicle="9" speed="1082" time="870" acceleration="9198"/>
    <motionState vehicle="10" speed="1083" time="870" acceleration="9287"/>
    <motionState vehicle="11" speed="1094" time="870" acceleration="9913"/>
    <motionState vehicle="0" speed="1186" time="880" acceleration="11903"/>
    <motionState vehicle="1" speed="1186" time="880" acceleration="11903"/>
    <motionState vehicle="2" speed="1186" time="880" acceleration="11903"/>
    <motionState vehicle="3" speed="1186" time="880" acceleration="11907"/>
    <motionState vehicle="4" speed="1187" time="880" acceleration="12012"/>
    <motionState vehicle="5" speed="1200" time="880" acceleration="13636"/>
    <motionState vehicle="6" speed="1091" time="880" acceleration="9106"/>
    <motionState vehicle="7" speed="1091" time="880" acceleration="9106"/>
    <motionState vehicle="8" speed="1091" time="880" acceleration="9106"/>
    <motionState vehicle="9" speed="1091" time="880" acceleration="9116"/>
    <motionState vehicle="10" speed="1092" time="880" acceleration="9209"/>
    <motionState vehicle="11" speed="1104" time="880" acceleration="9849"/>
    <motionState vehicle="0" speed="1198" time="890" acceleration="11795"/>
    <motionState vehicle="1" speed="1198" time="890" acceleration="11795"/>
    <motionState vehicle="2" speed="1198" time="890" acceleration="11795"/>
    <motionState vehicle="3" speed="1198" time="890" acceleration="11800"/>
    <motionState vehicle="4" speed="1198" time="890" acceleration="11919"/>
    <motionState vehicle="5" speed="1214" time="890" acceleration="13636"/>
    <motionState vehicle="6" speed="1100" time="890" acceleration="9023"/>
    <motionState vehicle="7" speed="1100" time="890" acceleration="9023"/>
    <motionState vehicle="8" speed="1100" time="890" acceleration="9024"/>
    <motionState vehicle="9" speed="1100" time="890" acceleration="9034"/>
    <motionState vehicle="10" speed="1101" time="890" acceleration="9132"/>
    <motionState vehicle="11" speed="1114" time="890" acceleration="9785"/>
    <motionState vehicle="0" speed="1209" time="900" acceleration="11687"/>
    <motionState vehicle="1" speed="1209" time="900" acceleration="11687"/>
    <motionState vehicle="2" speed="1209" time="900" acceleration="11688"/>
    <motionState vehicle="3" speed="1209" time="900" acceleration="11694"/>
    <motionState vehicle="4" speed="1210" time="900" acceleration="11827"/>
    <motionState vehicle="5" speed="1227" time="900" acceleration="13636"/>
    <motionState vehicle="6" speed="1109" time="900" acceleration="8941"/>
    <motionState vehicle="7" speed="1109" time="900" acceleration="8941"/>
    <motionState vehicle="8" speed="1109" time="900" acceleration="8942"/>
    <motionState vehicle="9" speed="1109" time="900" acceleration="8953"/>
    <motionState vehicle="10" speed="1110" time="900" acceleration="9056"/>
    <motionState vehicle="11" speed="1123" time="900" acceleration="9722"/>
    <motionState vehicle="0" speed="1221" time="910" acceleration="11581"/>
    <motionState vehicle="1" speed="1221" time="910" acceleration="11581"/>
    <motionState vehicle="2" speed="1221" time="910" acceleration="11581"/>
    <motionState vehicle="3" speed="1221" time="910" acceleration="11589"/>
    <motionState vehicle="4" speed="1222" time="910" acceleration="11738"/>
    <motionState vehicle="5" speed="1241" time="910" acceleration="13636"/>
    <motionState vehicle="6" speed="1118" time="910" acceleration="8860"/>
    <motionState vehicle="7" speed="1118" time="910" acceleration="8860"/>
    <motionState vehicle="8" speed="1118" time="910" acceleration="8861"/>
    <motionState vehicle="9" speed="1118" time="910" acceleration="8872"/>
    <motionState vehicle="10" speed="1119" time="910" acceleration="8981"/>
    <motionState vehicle="11" speed="1133" time="910" acceleration="9660"/>
    <motionState vehicle="0" speed="1232" time="920" acceleration="11476"/>
    <motionState vehicle="1" speed="1232" time="920" acceleration="11476"/>
    <motionState vehicle="2" speed="1232" time="920" acceleration="11476"/>
    <motionState vehicle="3" speed="1233" time="920" acceleration="11485"/>
    <motionState vehicle="4" speed="1234" time="920" acceleration="11650"/>
    <motionState vehicle="5" speed="1255" time="920" acceleration="13636"/>
    <motionState vehicle="6" speed="1126" time="920" acceleration="8779"/>
    <motionState vehicle="7" speed="1126" time="920" acceleration="8779"/>
    <motionState vehicle="8" speed="1126" time="920" acceleration="8780"/>
    <motionState vehicle="9" speed="1127" time="920" acceleration="8793"/>
    <motionState vehicle="10" speed="1128" time="920" acceleration="8907"/>
    <motionState vehicle="11" speed="1143" time="920" acceleration="9597"/>
    <motionState vehicle="0" speed="1244" time="930" acceleration="11371"/>
    <motionState vehicle="1" speed="1244" time="930" acceleration="11372"/>
    <motionState vehicle="2" speed="1244" time="930" acceleration="11372"/>
    <motionState vehicle="3" speed="1244" time="930" acceleration="11382"/>
    <motionState vehicle="4" speed="1245" time="930" acceleration="11564"/>
    <motionState vehicle="5" speed="1268" time="930" acceleration="13636"/>
    <motionState vehicle="6" speed="1135" time="930" acceleration="8699"/>
    <motionState vehicle="7" speed="1135" time="930" acceleration="8699"/>
    <motionState vehicle="8" speed="1135" time="930" acceleration="8700"/>
    <motionState vehicle="9" speed="1135" time="930" acceleration="8714"/>
    <motionState vehicle="10" speed="1137" time="930" acceleration="8834"/>
    <motionState vehicle="11" speed="1152" time="930" acceleration="9535"/>
    <motionState vehicle="0" speed="1255" time="940" acceleration="11268"/>
    <motionState vehicle="1" speed="1255" time="940" acceleration="11268"/>
    <motionState vehicle="2" speed="1255" time="940" acceleration="11269"/>
    <motionState vehicle="3" speed="1255" time="940" acceleration="11280"/>
    <motionState vehicle="4" speed="1257" time="940" acceleration="11480"/>
    <motionState vehicle="5" speed="1282" time="940" acceleration="13636"/>
    <motionState vehicle="6" speed="1144" time="940" acceleration="8620"/>
    <motionState vehicle="7" speed="1144" time="940" acceleration="8620"/>
    <motionState vehicle="8" speed="1144" time="940" acceleration="8621"/>
    <motionState vehicle="9" speed="1144" time="940" acceleration="8636"/>
    <motionState vehicle="10" speed="1146" time="940" acceleration="8761"/>
    <motionState vehicle="11" speed="1162" time="940" acceleration="9474"/>
    <motionState vehicle="0" speed="1266" time="950" acceleration="11166"/>
    <motionState vehicle="1" speed="1266" time="950" acceleration="11166"/>
    <motionState vehicle="2" speed="1266" time="950" acceleration="11166"/>
    <motionState vehicle="3" speed="1266" time="950" acceleration="11180"/>
    <motionState vehicle="4" speed="1268" time="950" acceleration="11398"/>
    <motionState vehicle="5" speed="1295" time="950" acceleration="13636"/>
    <motionState vehicle="6" speed="1152" time="950" acceleration="8542"/>
    <motionState vehicle="7" speed="1152" time="950" acceleration="8542"/>
    <motionState vehicle="8" speed="1152" time="950" acceleration="8543"/>
    <motionState vehicle="9" speed="1152" time="950" acceleration="8559"/>
    <motionState vehicle="10" speed="1154" time="950" acceleration="8689"/>
    <motionState vehicle="11" speed="1171" time="950" acceleration="9412"/>
    <motionState vehicle="0" speed="1277" time="960" acceleration="11064"/>
    <motionState vehicle="1" speed="1277" time="960" acceleration="11064"/>
    <motionState vehicle="2" speed="1277" time="960" acceleration="11065"/>
    <motionState vehicle="3" speed="1277" time="960" acceleration="11080"/>
    <motionState vehicle="4" speed="1279" time="960" acceleration="11317"/>
    <motionState vehicle="5" speed="1309" time="960" acceleration="13636"/>
    <motionState vehicle="6" speed="1161" time="960" acceleration="8464"/>
    <motionState vehicle="7" speed="1161" time="960" acceleration="8464"/>
    <motionState vehicle="8" speed="1161" time="960" acceleration="8466"/>
    <motionState vehicle="9" speed="1161" time="960" acceleration="8482"/>
    <motionState vehicle="10" speed="1163" time="960" acceleration="8618"/>
    <motionState vehicle="11" speed="1180" time="960" acceleration="9351"/>
    <motionState vehicle="0" speed="1288" time="970" acceleration="10964"/>
    <motionState vehicle="1" speed="1288" time="970" acceleration="10964"/>
    <motionState vehicle="2" speed="1288" time="970" acceleration="10964"/>
    <motionState vehicle="3" speed="1288" time="970" acceleration="10982"/>
    <motionState vehicle="4" speed="1291" time="970" acceleration="11238"/>
    <motionState vehicle="5" speed="1323" time="970" acceleration="13636"/>
    <motionState vehicle="6" speed="1169" time="970" acceleration="8387"/>
    <motionState vehicle="7" speed="1169" time="970" acceleration="8387"/>
    <motionState vehicle="8" speed="1169" time="970" acceleration="8389"/>
    <motionState vehicle="9" speed="1169" time="970" acceleration="8407"/>
    <motionState vehicle="10" speed="1172" time="970" acceleration="8548"/>
    <motionState vehicle="11" speed="1190" time="970" acceleration="9291"/>
    <motionState vehicle="0" speed="1299" time="980" acceleration="10864"/>
    <motionState vehicle="1" speed="1299" time="980" acceleration="10864"/>
    <motionState vehicle="2" speed="1299" time="980" acceleration="10865"/>
    <motionState vehicle="3" speed="1299" time="980" acceleration="10885"/>
    <motionState vehicle="4" speed="1302" time="980" acceleration="11160"/>
    <motionState vehicle="5" speed="1336" time="980" acceleration="13636"/>
    <motionState vehicle="6" speed="1177" time="980" acceleration="8311"/>
    <motionState vehicle="7" speed="1177" time="980" acceleration="8311"/>
    <motionState vehicle="8" speed="1177" time="980" acceleration="8313"/>
    <motionState vehicle="9" speed="1178" time="980" acceleration="8332"/>
    <motionState vehicle="10" speed="1180" time="980" acceleration="8479"/>
    <motionState vehicle="11" speed="1199" time="980" acceleration="9230"/>
    <motionState vehicle="0" speed="1310" time="990" acceleration="10765"/>
    <motionState vehicle="1" speed="1310" time="990" acceleration="10765"/>
    <motionState vehicle="2" speed="1310" time="990" acceleration="10766"/>
    <motionState vehicle="3" speed="1310" time="990" acceleration="10788"/>
    <motionState vehicle="4" speed="1313" time="990" acceleration="11084"/>
    <motionState vehicle="5" speed="1350" time="990" acceleration="13636"/>
    <motionState vehicle="6" speed="1186" time="990" acceleration="8235"/>
    <motionState vehicle="7" speed="1186" time="990" acceleration="8235"/>
    <motionState vehicle="8" speed="1186" time="990" acceleration="8237"/>
    <motionState vehicle="9" speed="1186" time="990" acceleration="8258"/>
    <motionState vehicle="10" speed="1189" time="990" acceleration="8410"/>
    <motionState vehicle="11" speed="1208" time="990" acceleration="9170"/>
    <motionState vehicle="0" speed="1321" time="1000" acceleration="10667"/>
    <motionState vehicle="1" speed="1321" time="1000" acceleration="10667"/>
    <motionState vehicle="2" speed="1321" time="1000" acceleration="10669"/>
    <motionState vehicle="3" speed="1321" time="1000" acceleration="10693"/>
    <motionState vehicle="4" speed="1324" time="1000" acceleration="11010"/>
    <motionState vehicle="5" speed="1364" time="1000" acceleration="13636"/>
    <motionState vehicle="6" speed="1194" time="1000" acceleration="8160"/>
    <motionState vehicle="7" speed="1194" time="1000" acceleration="8161"/>
    <motionState vehicle="8" speed="1194" time="1000" acceleration="8163"/>
    <motionState vehicle="9" speed="1194" time="1000" acceleration="8184"/>
    <motionState vehicle="10" speed="1197" time="1000" acceleration="8343"/>
    <motionState vehicle="11" speed="1217" time="1000" acceleration="9111"/>
    <motionState vehicle="0" speed="1334" time="1010" acceleration="13636"/>
    <motionState vehicle="1" speed="1334" time="1010" acceleration="13636"/>
    <motionState vehicle="2" speed="1331" time="1010" acceleration="10572"/>
    <motionState vehicle="3" speed="1331" time="1010" acceleration="10599"/>
    <motionState vehicle="4" speed="1338" time="1010" acceleration="13636"/>
    <motionState vehicle="5" speed="1377" time="1010" acceleration="13636"/>
    <motionState vehicle="6" speed="1202" time="1010" acceleration="8086"/>
    <motionState vehicle="7" speed="1202" time="1010" acceleration="8086"/>
    <motionState vehicle="8" speed="1202" time="1010" acceleration="8089"/>
    <motionState vehicle="9" speed="1202" time="1010" acceleration="8111"/>
    <motionState vehicle="10" speed="1205" time="1010" acceleration="8276"/>
    <motionState vehicle="11" speed="1226" time="1010" acceleration="9052"/>
    <motionState vehicle="0" speed="1348" time="1020" acceleration="13636"/>
    <motionState vehicle="1" speed="1348" time="1020" acceleration="13636"/>
    <motionState vehicle="2" speed="1342" time="1020" acceleration="10476"/>
    <motionState vehicle="3" speed="1342" time="1020" acceleration="10531"/>
    <motionState vehicle="4" speed="1351" time="1020" acceleration="13636"/>
    <motionState vehicle="5" speed="1391" time="1020" acceleration="13636"/>
    <motionState vehicle="6" speed="1210" time="1020" acceleration="8013"/>
    <motionState vehicle="7" speed="1210" time="1020" acceleration="8013"/>
    <motionState vehicle="8" speed="1210" time="1020" acceleration="8015"/>
    <motionState vehicle="9" speed="1210" time="1020" acceleration="8039"/>
    <motionState vehicle="10" speed="1213" time="1020" acceleration="8209"/>
    <motionState vehicle="11" speed="1235" time="1020" acceleration="9021"/>
    <motionState vehicle="0" speed="1362" time="1030" acceleration="13636"/>
    <motionState vehicle="1" speed="1362" time="1030" acceleration="13636"/>
    <motionState vehicle="2" speed="1352" time="1030" acceleration="10381"/>
    <motionState vehicle="3" speed="1352" time="1030" acceleration="10464"/>
    <motionState vehicle="4" speed="1365" time="1030" acceleration="13636"/>
    <motionState vehicle="5" speed="1405" time="1030" acceleration="13636"/>
    <motionState vehicle="6" speed="1218" time="1030" acceleration="7940"/>
    <motionState vehicle="7" speed="1218" time="1030" acceleration="7940"/>
    <motionState vehicle="8" speed="1218" time="1030" acceleration="7943"/>
    <motionState vehicle="9" speed="1218" time="1030" acceleration="7968"/>
    <motionState vehicle="10" speed="1221" time="1030" acceleration="8144"/>
    <motionState vehicle="11" speed="1244" time="1030" acceleration="8991"/>
    <motionState vehicle="0" speed="1375" time="1040" acceleration="13636"/>
    <motionState vehicle="1" speed="1375" time="1040" acceleration="13636"/>
    <motionState vehicle="2" speed="1362" time="1040" acceleration="10288"/>
    <motionState vehicle="3" speed="1363" time="1040" acceleration="10399"/>
    <motionState vehicle="4" speed="1378" time="1040" acceleration="13636"/>
    <motionState vehicle="5" speed="1418" time="1040" acceleration="13636"/>
    <motionState vehicle="6" speed="1226" time="1040" acceleration="7868"/>
    <motionState vehicle="7" speed="1226" time="1040" acceleration="7868"/>
    <motionState vehicle="8" speed="1226" time="1040" acceleration="7871"/>
    <motionState vehicle="9" speed="1226" time="1040" acceleration="7898"/>
    <motionState vehicle="10" speed="1230" time="1040" acceleration="8080"/>
    <motionState vehicle="11" speed="1253" time="1040" acceleration="8962"/>
    <motionState vehicle="0" speed="1389" time="1050" acceleration="13636"/>
    <motionState vehicle="1" speed="1389" time="1050" acceleration="13636"/>
    <motionState vehicle="2" speed="1373" time="1050" acceleration="10195"/>
    <motionState vehicle="3" speed="1373" time="1050" acceleration="10335"/>
    <motionState vehicle="4" speed="1392" time="1050" acceleration="13636"/>
    <motionState vehicle="5" speed="1432" time="1050" acceleration="13636"/>
    <motionState vehicle="6" speed="1234" time="1050" acceleration="7796"/>
    <motionState vehicle="7" speed="1234" time="1050" acceleration="7796"/>
    <motionState vehicle="8" speed="1234" time="1050" acceleration="7800"/>
    <motionState vehicle="9" speed="1234" time="1050" acceleration="7828"/>
    <motionState vehicle="10" speed="1238" time="1050" acceleration="8017"/>
    <motionState vehicle="11" speed="1262" time="1050" acceleration="8934"/>
    <motionState vehicle="0" speed="1402" time="1060" acceleration="13636"/>
    <motionState vehicle="1" speed="1402" time="1060" acceleration="13636"/>
    <motionState vehicle="2" speed="1383" time="1060" acceleration="10104"/>
    <motionState vehicle="3" speed="1383" time="1060" acceleration="10273"/>
    <motionState vehicle="4" speed="1406" time="1060" acceleration="13636"/>
    <motionState vehicle="5" speed="1445" time="1060" acceleration="13636"/>
    <motionState vehicle="6" speed="1241" time="1060" acceleration="7725"/>
    <motionState vehicle="7" speed="1241" time="1060" acceleration="7726"/>
    <motionState vehicle="8" speed="1241" time="1060" acceleration="7729"/>
    <motionState vehicle="9" speed="1242" time="1060" acceleration="7759"/>
    <motionState vehicle="10" speed="1246" time="1060" acceleration="7954"/>
    <motionState vehicle="11" speed="1271" time="1060" acceleration="8907"/>
    <motionState vehicle="0" speed="1416" time="1070" acceleration="13636"/>
    <motionState vehicle="1" speed="1416" time="1070" acceleration="13636"/>
    <motionState vehicle="2" speed="1393" time="1070" acceleration="10014"/>
    <motionState vehicle="3" speed="1394" time="1070" acceleration="10212"/>
    <motionState vehicle="4" speed="1419" time="1070" acceleration="13636"/>
    <motionState vehicle="5" speed="1459" time="1070" acceleration="13636"/>
    <motionState vehicle="6" speed="1249" time="1070" acceleration="7655"/>
    <motionState vehicle="7" speed="1249" time="1070" acceleration="7655"/>
    <motionState vehicle="8" speed="1249" time="1070" acceleration="7659"/>
    <motionState vehicle="9" speed="1249" time="1070" acceleration="7690"/>
    <motionState vehicle="10" speed="1253" time="1070" acceleration="7893"/>
    <motionState vehicle="11" speed="1280" time="1070" acceleration="8881"/>
    <motionState vehicle="0" speed="1430" time="1080" acceleration="13636"/>
    <motionState vehicle="1" speed="1430" time="1080" acceleration="13636"/>
    <motionState vehicle="2" speed="1403" time="1080" acceleration="9925"/>
    <motionState vehicle="3" speed="1404" time="1080" acceleration="10153"/>
    <motionState vehicle="4" speed="1433" time="1080" acceleration="13636"/>
    <motionState vehicle="5" speed="1473" time="1080" acceleration="13636"/>
    <motionState vehicle="6" speed="1257" time="1080" acceleration="7586"/>
    <motionState vehicle="7" speed="1257" time="1080" acceleration="7586"/>
    <motionState vehicle="8" speed="1257" time="1080" acceleration="7590"/>
    <motionState vehicle="9" speed="1257" time="1080" acceleration="7623"/>
    <motionState vehicle="10" speed="1261" time="1080" acceleration="7833"/>
    <motionState vehicle="11" speed="1289" time="1080" acceleration="8856"/>
    <motionState vehicle="0" speed="1443" time="1090" acceleration="13636"/>
    <motionState vehicle="1" speed="1443" time="1090" acceleration="13636"/>
    <motionState vehicle="2" speed="1412" time="1090" acceleration="9837"/>
    <motionState vehicle="3" speed="1414" time="1090" acceleration="10095"/>
    <motionState vehicle="4" speed="1447" time="1090" acceleration="13636"/>
    <motionState vehicle="5" speed="1486" time="1090" acceleration="13636"/>
    <motionState vehicle="6" speed="1264" time="1090" acceleration="7517"/>
    <motionState vehicle="7" speed="1264" time="1090" acceleration="7517"/>
    <motionState vehicle="8" speed="1264" time="1090" acceleration="7521"/>
    <motionState vehicle="9" speed="1265" time="1090" acceleration="7556"/>
    <motionState vehicle="10" speed="1269" time="1090" acceleration="7773"/>
    <motionState vehicle="11" speed="1298" time="1090" acceleration="8832"/>
    <motionState vehicle="0" speed="1457" time="1100" acceleration="13636"/>
    <motionState vehicle="1" speed="1457" time="1100" acceleration="13636"/>
    <motionState vehicle="2" speed="1422" time="1100" acceleration="9750"/>
    <motionState vehicle="3" speed="1424" time="1100" acceleration="10038"/>
    <motionState vehicle="4" speed="1460" time="1100" acceleration="13636"/>
    <motionState vehicle="5" speed="1500" time="1100" acceleration="13636"/>
    <motionState vehicle="6" speed="1271" time="1100" acceleration="7448"/>
    <motionState vehicle="7" speed="1271" time="1100" acceleration="7449"/>
    <motionState vehicle="8" speed="1272" time="1100" acceleration="7453"/>
    <motionState vehicle="9" speed="1272" time="1100" acceleration="7489"/>
    <motionState vehicle="10" speed="1277" time="1100" acceleration="7715"/>
    <motionState vehicle="11" speed="1306" time="1100" acceleration="8808"/>
    <motionState vehicle="0" speed="1471" time="1110" acceleration="13636"/>
    <motionState vehicle="1" speed="1471" time="1110" acceleration="13636"/>
    <motionState vehicle="2" speed="1432" time="1110" acceleration="9664"/>
    <motionState vehicle="3" speed="1434" time="1110" acceleration="9983"/>
    <motionState vehicle="4" speed="1474" time="1110" acceleration="13636"/>
    <motionState vehicle="5" speed="1514" time="1110" acceleration="13636"/>
    <motionState vehicle="6" speed="1279" time="1110" acceleration="7381"/>
    <motionState vehicle="7" speed="1279" time="1110" acceleration="7381"/>
    <motionState vehicle="8" speed="1279" time="1110" acceleration="7386"/>
    <motionState vehicle="9" speed="1280" time="1110" acceleration="7424"/>
    <motionState vehicle="10" speed="1284" time="1110" acceleration="7657"/>
    <motionState vehicle="11" speed="1315" time="1110" acceleration="8786"/>
    <motionState vehicle="0" speed="1484" time="1120" acceleration="13636"/>
    <motionState vehicle="1" speed="1484" time="1120" acceleration="13636"/>
    <motionState vehicle="2" speed="1441" time="1120" acceleration="9579"/>
    <motionState vehicle="3" speed="1444" time="1120" acceleration="9929"/>
    <motionState vehicle="4" speed="1488" time="1120" acceleration="13636"/>
    <motionState vehicle="5" speed="1527" time="1120" acceleration="13636"/>
    <motionState vehicle="6" speed="1286" time="1120" acceleration="7313"/>
    <motionState vehicle="7" speed="1286" time="1120" acceleration="7314"/>
    <motionState vehicle="8" speed="1286" time="1120" acceleration="7319"/>
    <motionState vehicle="9" speed="1287" time="1120" acceleration="7359"/>
    <motionState vehicle="10" speed="1292" time="1120" acceleration="7601"/>
    <motionState vehicle="11" speed="1324" time="1120" acceleration="8764"/>
    <motionState vehicle="0" speed="1498" time="1130" acceleration="13636"/>
    <motionState vehicle="1" speed="1498" time="1130" acceleration="13636"/>
    <motionState vehicle="2" speed="1451" time="1130" acceleration="9495"/>
    <motionState vehicle="3" speed="1454" time="1130" acceleration="9877"/>
    <motionState vehicle="4" speed="1501" time="1130" acceleration="13636"/>
    <motionState vehicle="5" speed="1541" time="1130" acceleration="13636"/>
    <motionState vehicle="6" speed="1293" time="1130" acceleration="7247"/>
    <motionState vehicle="7" speed="1293" time="1130" acceleration="7248"/>
    <motionState vehicle="8" speed="1293" time="1130" acceleration="7253"/>
    <motionState vehicle="9" speed="1294" time="1130" acceleration="7294"/>
    <motionState vehicle="10" speed="1300" time="1130" acceleration="7545"/>
    <motionState vehicle="11" speed="1333" time="1130" acceleration="8743"/>
    <motionState vehicle="0" speed="1512" time="1140" acceleration="13636"/>
    <motionState vehicle="1" speed="1512" time="1140" acceleration="13636"/>
    <motionState vehicle="2" speed="1460" time="1140" acceleration="9413"/>
    <motionState vehicle="3" speed="1464" time="1140" acceleration="9825"/>
    <motionState vehicle="4" speed="1515" time="1140" acceleration="13636"/>
    <motionState vehicle="5" speed="1555" time="1140" acceleration="13636"/>
    <motionState vehicle="6" speed="1301" time="1140" acceleration="7181"/>
    <motionState vehicle="7" speed="1301" time="1140" acceleration="7182"/>
    <motionState vehicle="8" speed="1301" time="1140" acceleration="7187"/>
    <motionState vehicle="9" speed="1301" time="1140" acceleration="7231"/>
    <motionState vehicle="10" speed="1307" time="1140" acceleration="7491"/>
    <motionState vehicle="11" speed="1342" time="1140" acceleration="8723"/>
    <motionState vehicle="0" speed="1525" time="1150" acceleration="13636"/>
    <motionState vehicle="1" speed="1525" time="1150" acceleration="13636"/>
    <motionState vehicle="2" speed="1470" time="1150" acceleration="9331"/>
    <motionState vehicle="3" speed="1473" time="1150" acceleration="9775"/>
    <motionState vehicle="4" speed="1528" time="1150" acceleration="13636"/>
    <motionState vehicle="5" speed="1568" time="1150" acceleration="13636"/>
    <motionState vehicle="6" speed="1308" time="1150" acceleration="7116"/>
    <motionState vehicle="7" speed="1308" time="1150" acceleration="7116"/>
    <motionState vehicle="8" speed="1308" time="1150" acceleration="7122"/>
    <motionState vehicle="9" speed="1309" time="1150" acceleration="7168"/>
    <motionState vehicle="10" speed="1314" time="1150" acceleration="7437"/>
    <motionState vehicle="11" speed="1350" time="1150" acceleration="8704"/>
    <motionState vehicle="0" speed="1539" time="1160" acceleration="13636"/>
    <motionState vehicle="1" speed="1539" time="1160" acceleration="13636"/>
    <motionState vehicle="2" speed="1479" time="1160" acceleration="9251"/>
    <motionState vehicle="3" speed="1483" time="1160" acceleration="9727"/>
    <motionState vehicle="4" speed="1542" time="1160" acceleration="13636"/>
    <motionState vehicle="5" speed="1582" time="1160" acceleration="13636"/>
    <motionState vehicle="6" speed="1315" time="1160" acceleration="7051"/>
    <motionState vehicle="7" speed="1315" time="1160" acceleration="7052"/>
    <motionState vehicle="8" speed="1315" time="1160" acceleration="7058"/>
    <motionState vehicle="9" speed="1316" time="1160" acceleration="7106"/>
    <motionState vehicle="10" speed="1322" time="1160" acceleration="7384"/>
    <motionState vehicle="11" speed="1359" time="1160" acceleration="8686"/>
    <motionState vehicle="0" speed="1552" time="1170" acceleration="13636"/>
    <motionState vehicle="1" speed="1552" time="1170" acceleration="13636"/>
    <motionState vehicle="2" speed="1488" time="1170" acceleration="9171"/>
    <motionState vehicle="3" speed="1493" time="1170" acceleration="9679"/>
    <motionState vehicle="4" speed="1556" time="1170" acceleration="13636"/>
    <motionState vehicle="5" speed="1595" time="1170" acceleration="13636"/>
    <motionState vehicle="6" speed="1322" time="1170" acceleration="6987"/>
    <motionState vehicle="7" speed="1322" time="1170" acceleration="6988"/>
    <motionState vehicle="8" speed="1322" time="1170" acceleration="6995"/>
    <motionState vehicle="9" speed="1323" time="1170" acceleration="7044"/>
    <motionState vehicle="10" speed="1329" time="1170" acceleration="7332"/>
    <motionState vehicle="11" speed="1368" time="1170" acceleration="8668"/>
    <motionState vehicle="0" speed="1566" time="1180" acceleration="13636"/>
    <motionState vehicle="1" speed="1566" time="1180" acceleration="13636"/>
    <motionState vehicle="2" speed="1497" time="1180" acceleration="9093"/>
    <motionState vehicle="3" speed="1502" time="1180" acceleration="9633"/>
    <motionState vehicle="4" speed="1569" time="1180" acceleration="13636"/>
    <motionState vehicle="5" speed="1609" time="1180" acceleration="13636"/>
    <motionState vehicle="6" speed="1329" time="1180" acceleration="6924"/>
    <motionState vehicle="7" speed="1329" time="1180" acceleration="6924"/>
    <motionState vehicle="8" speed="1329" time="1180" acceleration="6932"/>
    <motionState vehicle="9" speed="1330" time="1180" acceleration="6984"/>
    <motionState vehicle="10" speed="1336" time="1180" acceleration="7281"/>
    <motionState vehicle="11" speed="1376" time="1180" acceleration="8651"/>
    <motionState vehicle="0" speed="1580" time="1190" acceleration="13636"/>
    <motionState vehicle="1" speed="1580" time="1190" acceleration="13636"/>
    <motionState vehicle="2" speed="1506" time="1190" acceleration="9016"/>
    <motionState vehicle="3" speed="1512" time="1190" acceleration="9588"/>
    <motionState vehicle="4" speed="1583" time="1190" acceleration="13636"/>
    <motionState vehicle="5" speed="1623" time="1190" acceleration="13636"/>
    <motionState vehicle="6" speed="1336" time="1190" acceleration="6861"/>
    <motionState vehicle="7" speed="1336" time="1190" acceleration="6861"/>
    <motionState vehicle="8" speed="1336" time="1190" acceleration="6869"/>
    <motionState vehicle="9" speed="1337" time="1190" acceleration="6923"/>
    <motionState vehicle="10" speed="1344" time="1190" acceleration="7231"/>
    <motionState vehicle="11" speed="1385" time="1190" acceleration="8635"/>
    <motionState vehicle="0" speed="1593" time="1200" acceleration="13636"/>
    <motionState vehicle="1" speed="1593" time="1200" acceleration="13636"/>
    <motionState vehicle="2" speed="1515" time="1200" acceleration="8939"/>
    <motionState vehicle="3" speed="1521" time="1200" acceleration="9544"/>
    <motionState vehicle="4" speed="1597" time="1200" acceleration="13636"/>
    <motionState vehicle="5" speed="1636" time="1200" acceleration="13636"/>
    <motionState vehicle="6" speed="1342" time="1200" acceleration="6798"/>
    <motionState vehicle="7" speed="1342" time="1200" acceleration="6799"/>
    <motionState vehicle="8" speed="1342" time="1200" acceleration="6807"/>
    <motionState vehicle="9" speed="1343" time="1200" acceleration="6864"/>
    <motionState vehicle="10" speed="1351" time="1200" acceleration="7182"/>
    <motionState vehicle="11" speed="1393" time="1200" acceleration="8620"/>
    <motionState vehicle="0" speed="1607" time="1210" acceleration="13636"/>
    <motionState vehicle="1" speed="1607" time="1210" acceleration="13636"/>
    <motionState vehicle="2" speed="1524" time="1210" acceleration="8864"/>
    <motionState vehicle="3" speed="1531" time="1210" acceleration="9501"/>
    <motionState vehicle="4" speed="1610" time="1210" acceleration="13636"/>
    <motionState vehicle="5" speed="1650" time="1210" acceleration="13636"/>
    <motionState vehicle="6" speed="1349" time="1210" acceleration="6736"/>
    <motionState vehicle="7" speed="1349" time="1210" acceleration="6737"/>
    <motionState vehicle="8" speed="1349" time="1210" acceleration="6746"/>
    <motionState vehicle="9" speed="1350" time="1210" acceleration="6805"/>
    <motionState vehicle="10" speed="1358" time="1210" acceleration="7133"/>
    <motionState vehicle="11" speed="1402" time="1210" acceleration="8605"/>
    <motionState vehicle="0" speed="1621" time="1220" acceleration="13636"/>
    <motionState vehicle="1" speed="1621" time="1220" acceleration="13636"/>
    <motionState vehicle="2" speed="1533" time="1220" acceleration="8790"/>
    <motionState vehicle="3" speed="1540" time="1220" acceleration="9460"/>
    <motionState vehicle="4" speed="1624" time="1220" acceleration="13636"/>
    <motionState vehicle="5" speed="1664" time="1220" acceleration="13636"/>
    <motionState vehicle="6" speed="1356" time="1220" acceleration="6675"/>
    <motionState vehicle="7" speed="1356" time="1220" acceleration="6676"/>
    <motionState vehicle="8" speed="1356" time="1220" acceleration="6685"/>
    <motionState vehicle="9" speed="1357" time="1220" acceleration="6747"/>
    <motionState vehicle="10" speed="1365" time="1220" acceleration="7086"/>
    <motionState vehicle="11" speed="1411" time="1220" acceleration="8592"/>
    <motionState vehicle="0" speed="1634" time="1230" acceleration="13636"/>
    <motionState vehicle="1" speed="1634" time="1230" acceleration="13636"/>
    <motionState vehicle="2" speed="1541" time="1230" acceleration="8717"/>
    <motionState vehicle="3" speed="1550" time="1230" acceleration="9419"/>
    <motionState vehicle="4" speed="1638" time="1230" acceleration="13636"/>
    <motionState vehicle="5" speed="1677" time="1230" acceleration="13636"/>
    <motionState vehicle="6" speed="1362" time="1230" acceleration="6615"/>
    <motionState vehicle="7" speed="1362" time="1230" acceleration="6616"/>
    <motionState vehicle="8" speed="1363" time="1230" acceleration="6625"/>
    <motionState vehicle="9" speed="1364" time="1230" acceleration="6689"/>
    <motionState vehicle="10" speed="1372" time="1230" acceleration="7039"/>
    <motionState vehicle="11" speed="1419" time="1230" acceleration="8578"/>
    <motionState vehicle="0" speed="1648" time="1240" acceleration="13636"/>
    <motionState vehicle="1" speed="1648" time="1240" acceleration="13636"/>
    <motionState vehicle="2" speed="1550" time="1240" acceleration="8645"/>
    <motionState vehicle="3" speed="1559" time="1240" acceleration="9380"/>
    <motionState vehicle="4" speed="1651" time="1240" acceleration="13636"/>
    <motionState vehicle="5" speed="1691" time="1240" acceleration="13636"/>
    <motionState vehicle="6" speed="1369" time="1240" acceleration="6554"/>
    <motionState vehicle="7" speed="1369" time="1240" acceleration="6556"/>
    <motionState vehicle="8" speed="1369" time="1240" acceleration="6566"/>
    <motionState vehicle="9" speed="1370" time="1240" acceleration="6632"/>
    <motionState vehicle="10" speed="1379" time="1240" acceleration="6994"/>
    <motionState vehicle="11" speed="1428" time="1240" acceleration="8566"/>
    <motionState vehicle="0" speed="1662" time="1250" acceleration="13636"/>
    <motionState vehicle="1" speed="1662" time="1250" acceleration="13636"/>
    <motionState vehicle="2" speed="1559" time="1250" acceleration="8574"/>
    <motionState vehicle="3" speed="1569" time="1250" acceleration="9342"/>
    <motionState vehicle="4" speed="1665" time="1250" acceleration="13636"/>
    <motionState vehicle="5" speed="1705" time="1250" acceleration="13636"/>
    <motionState vehicle="6" speed="1375" time="1250" acceleration="6495"/>
    <motionState vehicle="7" speed="1375" time="1250" acceleration="6496"/>
    <motionState vehicle="8" speed="1376" time="1250" acceleration="6507"/>
    <motionState vehicle="9" speed="1377" time="1250" acceleration="6576"/>
    <motionState vehicle="10" speed="1386" time="1250" acceleration="6949"/>
    <motionState vehicle="11" speed="1436" time="1250" acceleration="8554"/>
    <motionState vehicle="0" speed="1675" time="1260" acceleration="13636"/>
    <motionState vehicle="1" speed="1675" time="1260" acceleration="13636"/>
    <motionState vehicle="2" speed="1567" time="1260" acceleration="8504"/>
    <motionState vehicle="3" speed="1578" time="1260" acceleration="9305"/>
    <motionState vehicle="4" speed="1678" time="1260" acceleration="13636"/>
    <motionState vehicle="5" speed="1718" time="1260" acceleration="13636"/>
    <motionState vehicle="6" speed="1382" time="1260" acceleration="6436"/>
    <motionState vehicle="7" speed="1382" time="1260" acceleration="6437"/>
    <motionState vehicle="8" speed="1382" time="1260" acceleration="6448"/>
    <motionState vehicle="9" speed="1383" time="1260" acceleration="6521"/>
    <motionState vehicle="10" speed="1393" time="1260" acceleration="6905"/>
    <motionState vehicle="11" speed="1445" time="1260" acceleration="8543"/>
    <motionState vehicle="0" speed="1689" time="1270" acceleration="13636"/>
    <motionState vehicle="1" speed="1689" time="1270" acceleration="13636"/>
    <motionState vehicle="2" speed="1576" time="1270" acceleration="8435"/>
    <motionState vehicle="3" speed="1587" time="1270" acceleration="9268"/>
    <motionState vehicle="4" speed="1692" time="1270" acceleration="13636"/>
    <motionState vehicle="5" speed="1732" time="1270" acceleration="13636"/>
    <motionState vehicle="6" speed="1388" time="1270" acceleration="6377"/>
    <motionState vehicle="7" speed="1388" time="1270" acceleration="6379"/>
    <motionState vehicle="8" speed="1388" time="1270" acceleration="6390"/>
    <motionState vehicle="9" speed="1390" time="1270" acceleration="6466"/>
    <motionState vehicle="10" speed="1400" time="1270" acceleration="6862"/>
    <motionState vehicle="11" speed="1453" time="1270" acceleration="8533"/>
    <motionState vehicle="0" speed="1702" time="1280" acceleration="13636"/>
    <motionState vehicle="1" speed="1702" time="1280" acceleration="13636"/>
    <motionState vehicle="2" speed="1584" time="1280" acceleration="8367"/>
    <motionState vehicle="3" speed="1596" time="1280" acceleration="9233"/>
    <motionState vehicle="4" speed="1706" time="1280" acceleration="13636"/>
    <motionState vehicle="5" speed="1745" time="1280" acceleration="13636"/>
    <motionState vehicle="6" speed="1395" time="1280" acceleration="6319"/>
    <motionState vehicle="7" speed="1395" time="1280" acceleration="6321"/>
    <motionState vehicle="8" speed="1395" time="1280" acceleration="6333"/>
    <motionState vehicle="9" speed="1396" time="1280" acceleration="6411"/>
    <motionState vehicle="10" speed="1407" time="1280" acceleration="6819"/>
    <motionState vehicle="11" speed="1462" time="1280" acceleration="8523"/>
    <motionState vehicle="0" speed="1716" time="1290" acceleration="13636"/>
    <motionState vehicle="1" speed="1716" time="1290" acceleration="13636"/>
    <motionState vehicle="2" speed="1592" time="1290" acceleration="8300"/>
    <motionState vehicle="3" speed="1606" time="1290" acceleration="9199"/>
    <motionState vehicle="4" speed="1719" time="1290" acceleration="13636"/>
    <motionState vehicle="5" speed="1759" time="1290" acceleration="13636"/>
    <motionState vehicle="6" speed="1401" time="1290" acceleration="6262"/>
    <motionState vehicle="7" speed="1401" time="1290" acceleration="6264"/>
    <motionState vehicle="8" speed="1401" time="1290" acceleration="6276"/>
    <motionState vehicle="9" speed="1403" time="1290" acceleration="6358"/>
    <motionState vehicle="10" speed="1413" time="1290" acceleration="6778"/>
    <motionState vehicle="11" speed="1470" time="1290" acceleration="8514"/>
    <motionState vehicle="0" speed="1730" time="1300" acceleration="13636"/>
    <motionState vehicle="1" speed="1730" time="1300" acceleration="13636"/>
    <motionState vehicle="2" speed="1601" time="1300" acceleration="8234"/>
    <motionState vehicle="3" speed="1615" time="1300" acceleration="9167"/>
    <motionState vehicle="4" speed="1733" time="1300" acceleration="13636"/>
    <motionState vehicle="5" speed="1773" time="1300" acceleration="13636"/>
    <motionState vehicle="6" speed="1407" time="1300" acceleration="6205"/>
    <motionState vehicle="7" speed="1407" time="1300" acceleration="6207"/>
    <motionState vehicle="8" speed="1407" time="1300" acceleration="6220"/>
    <motionState vehicle="9" speed="1409" time="1300" acceleration="6305"/>
    <motionState vehicle="10" speed="1420" time="1300" acceleration="6737"/>
    <motionState vehicle="11" speed="1479" time="1300" acceleration="8505"/>
    <motionState vehicle="0" speed="1743" time="1310" acceleration="13636"/>
    <motionState vehicle="1" speed="1743" time="1310" acceleration="13636"/>
    <motionState vehicle="2" speed="1609" time="1310" acceleration="8168"/>
    <motionState vehicle="3" speed="1624" time="1310" acceleration="9135"/>
    <motionState vehicle="4" speed="1747" time="1310" acceleration="13636"/>
    <motionState vehicle="5" speed="1786" time="1310" acceleration="13636"/>
    <motionState vehicle="6" speed="1413" time="1310" acceleration="6149"/>
    <motionState vehicle="7" speed="1413" time="1310" acceleration="6150"/>
    <motionState vehicle="8" speed="1413" time="1310" acceleration="6165"/>
    <motionState vehicle="9" speed="1415" time="1310" acceleration="6252"/>
    <motionState vehicle="10" speed="1427" time="1310" acceleration="6697"/>
    <motionState vehicle="11" speed="1487" time="1310" acceleration="8497"/>
    <motionState vehicle="0" speed="1757" time="1320" acceleration="13636"/>
    <motionState vehicle="1" speed="1757" time="1320" acceleration="13636"/>
    <motionState vehicle="2" speed="1617" time="1320" acceleration="8104"/>
    <motionState vehicle="3" speed="1633" time="1320" acceleration="9104"/>
    <motionState vehicle="4" speed="1760" time="1320" acceleration="13636"/>
    <motionState vehicle="5" speed="1800" time="1320" acceleration="13636"/>
    <motionState vehicle="6" speed="1419" time="1320" acceleration="6093"/>
    <motionState vehicle="7" speed="1419" time="1320" acceleration="6095"/>
    <motionState vehicle="8" speed="1420" time="1320" acceleration="6110"/>
    <motionState vehicle="9" speed="1421" time="1320" acceleration="6201"/>
    <motionState vehicle="10" speed="1434" time="1320" acceleration="6658"/>
    <motionState vehicle="11" speed="1496" time="1320" acceleration="8490"/>
    <motionState vehicle="0" speed="1771" time="1330" acceleration="13636"/>
    <motionState vehicle="1" speed="1771" time="1330" acceleration="13636"/>
    <motionState vehicle="2" speed="1625" time="1330" acceleration="8041"/>
    <motionState vehicle="3" speed="1642" time="1330" acceleration="9074"/>
    <motionState vehicle="4" speed="1774" time="1330" acceleration="13636"/>
    <motionState vehicle="5" speed="1814" time="1330" acceleration="13636"/>
    <motionState vehicle="6" speed="1425" time="1330" acceleration="6037"/>
    <motionState vehicle="7" speed="1425" time="1330" acceleration="6039"/>
    <motionState vehicle="8" speed="1426" time="1330" acceleration="6055"/>
    <motionState vehicle="9" speed="1428" time="1330" acceleration="6150"/>
    <motionState vehicle="10" speed="1440" time="1330" acceleration="6620"/>
    <motionState vehicle="11" speed="1504" time="1330" acceleration="8483"/>
    <motionState vehicle="0" speed="1784" time="1340" acceleration="13636"/>
    <motionState vehicle="1" speed="1784" time="1340" acceleration="13636"/>
    <motionState vehicle="2" speed="1633" time="1340" acceleration="7979"/>
    <motionState vehicle="3" speed="1651" time="1340" acceleration="9045"/>
    <motionState vehicle="4" speed="1788" time="1340" acceleration="13636"/>
    <motionState vehicle="5" speed="1827" time="1340" acceleration="13636"/>
    <motionState vehicle="6" speed="1431" time="1340" acceleration="5983"/>
    <motionState vehicle="7" speed="1431" time="1340" acceleration="5985"/>
    <motionState vehicle="8" speed="1432" time="1340" acceleration="6001"/>
    <motionState vehicle="9" speed="1434" time="1340" acceleration="6099"/>
    <motionState vehicle="10" speed="1447" time="1340" acceleration="6583"/>
    <motionState vehicle="11" speed="1513" time="1340" acceleration="8477"/>
    <motionState vehicle="0" speed="1798" time="1350" acceleration="13636"/>
    <motionState vehicle="1" speed="1798" time="1350" acceleration="13636"/>
    <motionState vehicle="2" speed="1641" time="1350" acceleration="7918"/>
    <motionState vehicle="3" speed="1660" time="1350" acceleration="9017"/>
    <motionState vehicle="4" speed="1801" time="1350" acceleration="13636"/>
    <motionState vehicle="5" speed="1841" time="1350" acceleration="13636"/>
    <motionState vehicle="6" speed="1437" time="1350" acceleration="5928"/>
    <motionState vehicle="7" speed="1437" time="1350" acceleration="5931"/>
    <motionState vehicle="8" speed="1438" time="1350" acceleration="5948"/>
    <motionState vehicle="9" speed="1440" time="1350" acceleration="6049"/>
    <motionState vehicle="10" speed="1453" time="1350" acceleration="6546"/>
    <motionState vehicle="11" speed="1521" time="1350" acceleration="8472"/>
    <motionState vehicle="0" speed="1812" time="1360" acceleration="13636"/>
    <motionState vehicle="1" speed="1812" time="1360" acceleration="13636"/>
    <motionState vehicle="2" speed="1649" time="1360" acceleration="7858"/>
    <motionState vehicle="3" speed="1669" time="1360" acceleration="8989"/>
    <motionState vehicle="4" speed="1815" time="1360" acceleration="13636"/>
    <motionState vehicle="5" speed="1855" time="1360" acceleration="13636"/>
    <motionState vehicle="6" speed="1443" time="1360" acceleration="5874"/>
    <motionState vehicle="7" speed="1443" time="1360" acceleration="5877"/>
    <motionState vehicle="8" speed="1443" time="1360" acceleration="5895"/>
    <motionState vehicle="9" speed="1446" time="1360" acceleration="6000"/>
    <motionState vehicle="10" speed="1460" time="1360" acceleration="6510"/>
    <motionState vehicle="11" speed="1530" time="1360" acceleration="8467"/>
    <motionState vehicle="0" speed="1825" time="1370" acceleration="13636"/>
    <motionState vehicle="1" speed="1825" time="1370" acceleration="13636"/>
    <motionState vehicle="2" speed="1656" time="1370" acceleration="7798"/>
    <motionState vehicle="3" speed="1678" time="1370" acceleration="8963"/>
    <motionState vehicle="4" speed="1828" time="1370" acceleration="13636"/>
    <motionState vehicle="5" speed="1868" time="1370" acceleration="13636"/>
    <motionState vehicle="6" speed="1449" time="1370" acceleration="5821"/>
    <motionState vehicle="7" speed="1449" time="1370" acceleration="5824"/>
    <motionState vehicle="8" speed="1449" time="1370" acceleration="5842"/>
    <motionState vehicle="9" speed="1452" time="1370" acceleration="5951"/>
    <motionState vehicle="10" speed="1466" time="1370" acceleration="6475"/>
    <motionState vehicle="11" speed="1538" time="1370" acceleration="8463"/>
    <motionState vehicle="0" speed="1839" time="1380" acceleration="13636"/>
    <motionState vehicle="1" speed="1839" time="1380" acceleration="13636"/>
    <motionState vehicle="2" speed="1664" time="1380" acceleration="7740"/>
    <motionState vehicle="3" speed="1687" time="1380" acceleration="8938"/>
    <motionState vehicle="4" speed="1842" time="1380" acceleration="13636"/>
    <motionState vehicle="5" speed="1882" time="1380" acceleration="13636"/>
    <motionState vehicle="6" speed="1455" time="1380" acceleration="5768"/>
    <motionState vehicle="7" speed="1455" time="1380" acceleration="5771"/>
    <motionState vehicle="8" speed="1455" time="1380" acceleration="5790"/>
    <motionState vehicle="9" speed="1458" time="1380" acceleration="5903"/>
    <motionState vehicle="10" speed="1473" time="1380" acceleration="6441"/>
    <motionState vehicle="11" speed="1547" time="1380" acceleration="8459"/>
    <motionState vehicle="0" speed="1852" time="1390" acceleration="13636"/>
    <motionState vehicle="1" speed="1852" time="1390" acceleration="13636"/>
    <motionState vehicle="2" speed="1672" time="1390" acceleration="7683"/>
    <motionState vehicle="3" speed="1696" time="1390" acceleration="8913"/>
    <motionState vehicle="4" speed="1856" time="1390" acceleration="13636"/>
    <motionState vehicle="5" speed="1895" time="1390" acceleration="13636"/>
    <motionState vehicle="6" speed="1460" time="1390" acceleration="5716"/>
    <motionState vehicle="7" speed="1460" time="1390" acceleration="5719"/>
    <motionState vehicle="8" speed="1461" time="1390" acceleration="5739"/>
    <motionState vehicle="9" speed="1463" time="1390" acceleration="5856"/>
    <motionState vehicle="10" speed="1479" time="1390" acceleration="6407"/>
    <motionState vehicle="11" speed="1555" time="1390" acceleration="8455"/>
    <motionState vehicle="0" speed="1866" time="1400" acceleration="13636"/>
    <motionState vehicle="1" speed="1866" time="1400" acceleration="13636"/>
    <motionState vehicle="2" speed="1679" time="1400" acceleration="7626"/>
    <motionState vehicle="3" speed="1705" time="1400" acceleration="8890"/>
    <motionState vehicle="4" speed="1869" time="1400" acceleration="13636"/>
    <motionState vehicle="5" speed="1909" time="1400" acceleration="13636"/>
    <motionState vehicle="6" speed="1466" time="1400" acceleration="5664"/>
    <motionState vehicle="7" speed="1466" time="1400" acceleration="5667"/>
    <motionState vehicle="8" speed="1466" time="1400" acceleration="5688"/>
    <motionState vehicle="9" speed="1469" time="1400" acceleration="5809"/>
    <motionState vehicle="10" speed="1485" time="1400" acceleration="6375"/>
    <motionState vehicle="11" speed="1564" time="1400" acceleration="8453"/>
    <motionState vehicle="0" speed="1880" time="1410" acceleration="13636"/>
    <motionState vehicle="1" speed="1880" time="1410" acceleration="13636"/>
    <motionState vehicle="2" speed="1687" time="1410" acceleration="7571"/>
    <motionState vehicle="3" speed="1714" time="1410" acceleration="8867"/>
    <motionState vehicle="4" speed="1883" time="1410" acceleration="13636"/>
    <motionState vehicle="5" speed="1923" time="1410" acceleration="13636"/>
    <motionState vehicle="6" speed="1472" time="1410" acceleration="5612"/>
    <motionState vehicle="7" speed="1472" time="1410" acceleration="5615"/>
    <motionState vehicle="8" speed="1472" time="1410" acceleration="5638"/>
    <motionState vehicle="9" speed="1475" time="1410" acceleration="5763"/>
    <motionState vehicle="10" speed="1492" time="1410" acceleration="6343"/>
    <motionState vehicle="11" speed="1572" time="1410" acceleration="8450"/>
    <motionState vehicle="0" speed="1893" time="1420" acceleration="13636"/>
    <motionState vehicle="1" speed="1893" time="1420" acceleration="13636"/>
    <motionState vehicle="2" speed="1695" time="1420" acceleration="7516"/>
    <motionState vehicle="3" speed="1722" time="1420" acceleration="8845"/>
    <motionState vehicle="4" speed="1897" time="1420" acceleration="13636"/>
    <motionState vehicle="5" speed="1936" time="1420" acceleration="13636"/>
    <motionState vehicle="6" speed="1477" time="1420" acceleration="5561"/>
    <motionState vehicle="7" speed="1477" time="1420" acceleration="5565"/>
    <motionState vehicle="8" speed="1478" time="1420" acceleration="5588"/>
    <motionState vehicle="9" speed="1481" time="1420" acceleration="5717"/>
    <motionState vehicle="10" speed="1498" time="1420" acceleration="6312"/>
    <motionState vehicle="11" speed="1581" time="1420" acceleration="8449"/>
    <motionState vehicle="0" speed="1907" time="1430" acceleration="13636"/>
    <motionState vehicle="1" speed="1907" time="1430" acceleration="13636"/>
    <motionState vehicle="2" speed="1702" time="1430" acceleration="7462"/>
    <motionState vehicle="3" speed="1731" time="1430" acceleration="8824"/>
    <motionState vehicle="4" speed="1910" time="1430" acceleration="13636"/>
    <motionState vehicle="5" speed="1950" time="1430" acceleration="13636"/>
    <motionState vehicle="6" speed="1483" time="1430" acceleration="5511"/>
    <motionState vehicle="7" speed="1483" time="1430" acceleration="5514"/>
    <motionState vehicle="8" speed="1483" time="1430" acceleration="5538"/>
    <motionState vehicle="9" speed="1486" time="1430" acceleration="5672"/>
    <motionState vehicle="10" speed="1504" time="1430" acceleration="6281"/>
    <motionState vehicle="11" speed="1589" time="1430" acceleration="8448"/>
    <motionState vehicle="0" speed="1921" time="1440" acceleration="13636"/>
    <motionState vehicle="1" speed="1921" time="1440" acceleration="13636"/>
    <motionState vehicle="2" speed="1709" time="1440" acceleration="7410"/>
    <motionState vehicle="3" speed="1740" time="1440" acceleration="8804"/>
    <motionState vehicle="4" speed="1924" time="1440" acceleration="13636"/>
    <motionState vehicle="5" speed="1964" time="1440" acceleration="13636"/>
    <motionState vehicle="6" speed="1488" time="1440" acceleration="5461"/>
    <motionState vehicle="7" speed="1488" time="1440" acceleration="5464"/>
    <motionState vehicle="8" speed="1489" time="1440" acceleration="5490"/>
    <motionState vehicle="9" speed="1492" time="1440" acceleration="5628"/>
    <motionState vehicle="10" speed="1511" time="1440" acceleration="6251"/>
    <motionState vehicle="11" speed="1597" time="1440" acceleration="8447"/>
    <motionState vehicle="0" speed="1934" time="1450" acceleration="13636"/>
    <motionState vehicle="1" speed="1934" time="1450" acceleration="13636"/>
    <motionState vehicle="2" speed="1717" time="1450" acceleration="7358"/>
    <motionState vehicle="3" speed="1749" time="1450" acceleration="8785"/>
    <motionState vehicle="4" speed="1938" time="1450" acceleration="13636"/>
    <motionState vehicle="5" speed="1977" time="1450" acceleration="13636"/>
    <motionState vehicle="6" speed="1494" time="1450" acceleration="5411"/>
    <motionState vehicle="7" speed="1494" time="1450" acceleration="5415"/>
    <motionState vehicle="8" speed="1494" time="1450" acceleration="5441"/>
    <motionState vehicle="9" speed="1498" time="1450" acceleration="5584"/>
    <motionState vehicle="10" speed="1517" time="1450" acceleration="6222"/>
    <motionState vehicle="11" speed="1606" time="1450" acceleration="8447"/>
    <motionState vehicle="0" speed="1948" time="1460" acceleration="13636"/>
    <motionState vehicle="1" speed="1948" time="1460" acceleration="13636"/>
    <motionState vehicle="2" speed="1724" time="1460" acceleration="7307"/>
    <motionState vehicle="3" speed="1758" time="1460" acceleration="8766"/>
    <motionState vehicle="4" speed="1951" time="1460" acceleration="13636"/>
    <motionState vehicle="5" speed="1991" time="1460" acceleration="13636"/>
    <motionState vehicle="6" speed="1499" time="1460" acceleration="5362"/>
    <motionState vehicle="7" speed="1499" time="1460" acceleration="5366"/>
    <motionState vehicle="8" speed="1500" time="1460" acceleration="5393"/>
    <motionState vehicle="9" speed="1503" time="1460" acceleration="5541"/>
    <motionState vehicle="10" speed="1523" time="1460" acceleration="6194"/>
    <motionState vehicle="11" speed="1614" time="1460" acceleration="8447"/>
    <motionState vehicle="0" speed="1962" time="1470" acceleration="13636"/>
    <motionState vehicle="1" speed="1962" time="1470" acceleration="13636"/>
    <motionState vehicle="2" speed="1731" time="1470" acceleration="7257"/>
    <motionState vehicle="3" speed="1766" time="1470" acceleration="8748"/>
    <motionState vehicle="4" speed="1965" time="1470" acceleration="13636"/>
    <motionState vehicle="5" speed="2005" time="1470" acceleration="13636"/>
    <motionState vehicle="6" speed="1504" time="1470" acceleration="5313"/>
    <motionState vehicle="7" speed="1504" time="1470" acceleration="5318"/>
    <motionState vehicle="8" speed="1505" time="1470" acceleration="5346"/>
    <motionState vehicle="9" speed="1509" time="1470" acceleration="5498"/>
    <motionState vehicle="10" speed="1529" time="1470" acceleration="6167"/>
    <motionState vehicle="11" speed="1623" time="1470" acceleration="8447"/>
    <motionState vehicle="0" speed="1975" time="1480" acceleration="13636"/>
    <motionState vehicle="1" speed="1975" time="1480" acceleration="13636"/>
    <motionState vehicle="2" speed="1739" time="1480" acceleration="7207"/>
    <motionState vehicle="3" speed="1775" time="1480" acceleration="8731"/>
    <motionState vehicle="4" speed="1978" time="1480" acceleration="13636"/>
    <motionState vehicle="5" speed="2018" time="1480" acceleration="13636"/>
    <motionState vehicle="6" speed="1510" time="1480" acceleration="5265"/>
    <motionState vehicle="7" speed="1510" time="1480" acceleration="5270"/>
    <motionState vehicle="8" speed="1510" time="1480" acceleration="5299"/>
    <motionState vehicle="9" speed="1514" time="1480" acceleration="5456"/>
    <motionState vehicle="10" speed="1535" time="1480" acceleration="6140"/>
    <motionState vehicle="11" speed="1631" time="1480" acceleration="8449"/>
    <motionState vehicle="0" speed="1989" time="1490" acceleration="13636"/>
    <motionState vehicle="1" speed="1989" time="1490" acceleration="13636"/>
    <motionState vehicle="2" speed="1746" time="1490" acceleration="7159"/>
    <motionState vehicle="3" speed="1784" time="1490" acceleration="8715"/>
    <motionState vehicle="4" speed="1992" time="1490" acceleration="13636"/>
    <motionState vehicle="5" speed="2032" time="1490" acceleration="13636"/>
    <motionState vehicle="6" speed="1515" time="1490" acceleration="5217"/>
    <motionState vehicle="7" speed="1515" time="1490" acceleration="5222"/>
    <motionState vehicle="8" speed="1515" time="1490" acceleration="5253"/>
    <motionState vehicle="9" speed="1520" time="1490" acceleration="5415"/>
    <motionState vehicle="10" speed="1542" time="1490" acceleration="6114"/>
    <motionState vehicle="11" speed="1640" time="1490" acceleration="8450"/>
    <motionState vehicle="0" speed="2002" time="1500" acceleration="13636"/>
    <motionState vehicle="1" speed="2002" time="1500" acceleration="13636"/>
    <motionState vehicle="2" speed="1753" time="1500" acceleration="7112"/>
    <motionState vehicle="3" speed="1793" time="1500" acceleration="8699"/>
    <motionState vehicle="4" speed="2006" time="1500" acceleration="13636"/>
    <motionState vehicle="5" speed="2045" time="1500" acceleration="13636"/>
    <motionState vehicle="6" speed="1520" time="1500" acceleration="5170"/>
    <motionState vehicle="7" speed="1520" time="1500" acceleration="5175"/>
    <motionState vehicle="8" speed="1521" time="1500" acceleration="5207"/>
    <motionState vehicle="9" speed="1525" time="1500" acceleration="5374"/>
    <motionState vehicle="10" speed="1548" time="1500" acceleration="6088"/>
    <motionState vehicle="11" speed="1648" time="1500" acceleration="8452"/>
    <motionState vehicle="0" speed="2016" time="1510" acceleration="13636"/>
    <motionState vehicle="1" speed="2016" time="1510" acceleration="13636"/>
    <motionState vehicle="2" speed="1760" time="1510" acceleration="7065"/>
    <motionState vehicle="3" speed="1801" time="1510" acceleration="8684"/>
    <motionState vehicle="4" speed="2019" time="1510" acceleration="13636"/>
    <motionState vehicle="5" speed="2059" time="1510" acceleration="13636"/>
    <motionState vehicle="6" speed="1525" time="1510" acceleration="5123"/>
    <motionState vehicle="7" speed="1525" time="1510" acceleration="5128"/>
    <motionState vehicle="8" speed="1526" time="1510" acceleration="5161"/>
    <motionState vehicle="9" speed="1530" time="1510" acceleration="5334"/>
    <motionState vehicle="10" speed="1554" time="1510" acceleration="6064"/>
    <motionState vehicle="11" speed="1657" time="1510" acceleration="8455"/>
    <motionState vehicle="0" speed="2030" time="1520" acceleration="13636"/>
    <motionState vehicle="1" speed="2030" time="1520" acceleration="13636"/>
    <motionState vehicle="2" speed="1767" time="1520" acceleration="7019"/>
    <motionState vehicle="3" speed="1810" time="1520" acceleration="8670"/>
    <motionState vehicle="4" speed="2033" time="1520" acceleration="13636"/>
    <motionState vehicle="5" speed="2073" time="1520" acceleration="13636"/>
    <motionState vehicle="6" speed="1530" time="1520" acceleration="5076"/>
    <motionState vehicle="7" speed="1530" time="1520" acceleration="5082"/>
    <motionState vehicle="8" speed="1531" time="1520" acceleration="5117"/>
    <motionState vehicle="9" speed="1536" time="1520" acceleration="5294"/>
    <motionState vehicle="10" speed="1560" time="1520" acceleration="6040"/>
    <motionState vehicle="11" speed="1665" time="1520" acceleration="8458"/>
    <motionState vehicle="0" speed="2043" time="1530" acceleration="13636"/>
    <motionState vehicle="1" speed="2043" time="1530" acceleration="13636"/>
    <motionState vehicle="2" speed="1774" time="1530" acceleration="6974"/>
    <motionState vehicle="3" speed="1819" time="1530" acceleration="8657"/>
    <motionState vehicle="4" speed="2047" time="1530" acceleration="13636"/>
    <motionState vehicle="5" speed="2086" time="1530" acceleration="13636"/>
    <motionState vehicle="6" speed="1535" time="1530" acceleration="5030"/>
    <motionState vehicle="7" speed="1535" time="1530" acceleration="5036"/>
    <motionState vehicle="8" speed="1536" time="1530" acceleration="5072"/>
    <motionState vehicle="9" speed="1541" time="1530" acceleration="5255"/>
    <motionState vehicle="10" speed="1566" time="1530" acceleration="6016"/>
    <motionState vehicle="11" speed="1674" time="1530" acceleration="8461"/>
    <motionState vehicle="0" speed="2057" time="1540" acceleration="13636"/>
    <motionState vehicle="1" speed="2057" time="1540" acceleration="13636"/>
    <motionState vehicle="2" speed="1781" time="1540" acceleration="6930"/>
    <motionState vehicle="3" speed="1827" time="1540" acceleration="8644"/>
    <motionState vehicle="4" speed="2060" time="1540" acceleration="13636"/>
    <motionState vehicle="5" speed="2100" time="1540" acceleration="13636"/>
    <motionState vehicle="6" speed="1540" time="1540" acceleration="4985"/>
    <motionState vehicle="7" speed="1540" time="1540" acceleration="4991"/>
    <motionState vehicle="8" speed="1541" time="1540" acceleration="5028"/>
    <motionState vehicle="9" speed="1546" time="1540" acceleration="5216"/>
    <motionState vehicle="10" speed="1572" time="1540" acceleration="5994"/>
    <motionState vehicle="11" speed="1682" time="1540" acceleration="8465"/>
    <motionState vehicle="0" speed="2071" time="1550" acceleration="13636"/>
    <motionState vehicle="1" speed="2071" time="1550" acceleration="13636"/>
    <motionState vehicle="2" speed="1788" time="1550" acceleration="6887"/>
    <motionState vehicle="3" speed="1836" time="1550" acceleration="8632"/>
    <motionState vehicle="4" speed="2074" time="1550" acceleration="13636"/>
    <motionState vehicle="5" speed="2114" time="1550" acceleration="13636"/>
    <motionState vehicle="6" speed="1545" time="1550" acceleration="4939"/>
    <motionState vehicle="7" speed="1545" time="1550" acceleration="4946"/>
    <motionState vehicle="8" speed="1546" time="1550" acceleration="4984"/>
    <motionState vehicle="9" speed="1551" time="1550" acceleration="5178"/>
    <motionState vehicle="10" speed="1578" time="1550" acceleration="5972"/>
    <motionState vehicle="11" speed="1690" time="1550" acceleration="8469"/>
    <motionState vehicle="0" speed="2084" time="1560" acceleration="13636"/>
    <motionState vehicle="1" speed="2084" time="1560" acceleration="13636"/>
    <motionState vehicle="2" speed="1795" time="1560" acceleration="6845"/>
    <motionState vehicle="3" speed="1844" time="1560" acceleration="8621"/>
    <motionState vehicle="4" speed="2088" time="1560" acceleration="13636"/>
    <motionState vehicle="5" speed="2127" time="1560" acceleration="13636"/>
    <motionState vehicle="6" speed="1550" time="1560" acceleration="4894"/>
    <motionState vehicle="7" speed="1550" time="1560" acceleration="4901"/>
    <motionState vehicle="8" speed="1551" time="1560" acceleration="4941"/>
    <motionState vehicle="9" speed="1556" time="1560" acceleration="5141"/>
    <motionState vehicle="10" speed="1584" time="1560" acceleration="5950"/>
    <motionState vehicle="11" speed="1699" time="1560" acceleration="8474"/>
    <motionState vehicle="0" speed="2098" time="1570" acceleration="13636"/>
    <motionState vehicle="1" speed="2098" time="1570" acceleration="13636"/>
    <motionState vehicle="2" speed="1801" time="1570" acceleration="6803"/>
    <motionState vehicle="3" speed="1853" time="1570" acceleration="8610"/>
    <motionState vehicle="4" speed="2101" time="1570" acceleration="13636"/>
    <motionState vehicle="5" speed="2141" time="1570" acceleration="13636"/>
    <motionState vehicle="6" speed="1555" time="1570" acceleration="4850"/>
    <motionState vehicle="7" speed="1555" time="1570" acceleration="4857"/>
    <motionState vehicle="8" speed="1556" time="1570" acceleration="4899"/>
    <motionState vehicle="9" speed="1561" time="1570" acceleration="5104"/>
    <motionState vehicle="10" speed="1590" time="1570" acceleration="5930"/>
    <motionState vehicle="11" speed="1707" time="1570" acceleration="8478"/>
    <motionState vehicle="0" speed="2112" time="1580" acceleration="13636"/>
    <motionState vehicle="1" speed="2112" time="1580" acceleration="13636"/>
    <motionState vehicle="2" speed="1808" time="1580" acceleration="6762"/>
    <motionState vehicle="3" speed="1862" time="1580" acceleration="8600"/>
    <motionState vehicle="4" speed="2115" time="1580" acceleration="13636"/>
    <motionState vehicle="5" speed="2155" time="1580" acceleration="13636"/>
    <motionState vehicle="6" speed="1560" time="1580" acceleration="4806"/>
    <motionState vehicle="7" speed="1560" time="1580" acceleration="4813"/>
    <motionState vehicle="8" speed="1561" time="1580" acceleration="4857"/>
    <motionState vehicle="9" speed="1567" time="1580" acceleration="5068"/>
    <motionState vehicle="10" speed="1595" time="1580" acceleration="5910"/>
    <motionState vehicle="11" speed="1716" time="1580" acceleration="8484"/>
    <motionState vehicle="0" speed="2125" time="1590" acceleration="13636"/>
    <motionState vehicle="1" speed="2125" time="1590" acceleration="13636"/>
    <motionState vehicle="2" speed="1815" time="1590" acceleration="6723"/>
    <motionState vehicle="3" speed="1870" time="1590" acceleration="8591"/>
    <motionState vehicle="4" speed="2128" time="1590" acceleration="13636"/>
    <motionState vehicle="5" speed="2168" time="1590" acceleration="13636"/>
    <motionState vehicle="6" speed="1564" time="1590" acceleration="4762"/>
    <motionState vehicle="7" speed="1565" time="1590" acceleration="4770"/>
    <motionState vehicle="8" speed="1566" time="1590" acceleration="4815"/>
    <motionState vehicle="9" speed="1572" time="1590" acceleration="5032"/>
    <motionState vehicle="10" speed="1601" time="1590" acceleration="5890"/>
    <motionState vehicle="11" speed="1724" time="1590" acceleration="8489"/>
    <motionState vehicle="0" speed="2139" time="1600" acceleration="13636"/>
    <motionState vehicle="1" speed="2139" time="1600" acceleration="13636"/>
    <motionState vehicle="2" speed="1821" time="1600" acceleration="6683"/>
    <motionState vehicle="3" speed="1879" time="1600" acceleration="8582"/>
    <motionState vehicle="4" speed="2142" time="1600" acceleration="13636"/>
    <motionState vehicle="5" speed="2182" time="1600" acceleration="13636"/>
    <motionState vehicle="6" speed="1569" time="1600" acceleration="4719"/>
    <motionState vehicle="7" speed="1569" time="1600" acceleration="4727"/>
    <motionState vehicle="8" speed="1570" time="1600" acceleration="4774"/>
    <motionState vehicle="9" speed="1577" time="1600" acceleration="4996"/>
    <motionState vehicle="10" speed="1607" time="1600" acceleration="5871"/>
    <motionState vehicle="11" speed="1733" time="1600" acceleration="8495"/>
    <motionState vehicle="0" speed="2152" time="1610" acceleration="13636"/>
    <motionState vehicle="1" speed="2152" time="1610" acceleration="13636"/>
    <motionState vehicle="2" speed="1828" time="1610" acceleration="6645"/>
    <motionState vehicle="3" speed="1887" time="1610" acceleration="8574"/>
    <motionState vehicle="4" speed="2156" time="1610" acceleration="13636"/>
    <motionState vehicle="5" speed="2195" time="1610" acceleration="13636"/>
    <motionState vehicle="6" speed="1574" time="1610" acceleration="4676"/>
    <motionState vehicle="7" speed="1574" time="1610" acceleration="4685"/>
    <motionState vehicle="8" speed="1575" time="1610" acceleration="4733"/>
    <motionState vehicle="9" speed="1582" time="1610" acceleration="4962"/>
    <motionState vehicle="10" speed="1613" time="1610" acceleration="5853"/>
    <motionState vehicle="11" speed="1741" time="1610" acceleration="8502"/>
    <motionState vehicle="0" speed="2166" time="1620" acceleration="13636"/>
    <motionState vehicle="1" speed="2166" time="1620" acceleration="13636"/>
    <motionState vehicle="2" speed="1835" time="1620" acceleration="6608"/>
    <motionState vehicle="3" speed="1896" time="1620" acceleration="8566"/>
    <motionState vehicle="4" speed="2169" time="1620" acceleration="13636"/>
    <motionState vehicle="5" speed="2209" time="1620" acceleration="13636"/>
    <motionState vehicle="6" speed="1578" time="1620" acceleration="4634"/>
    <motionState vehicle="7" speed="1579" time="1620" acceleration="4643"/>
    <motionState vehicle="8" speed="1580" time="1620" acceleration="4692"/>
    <motionState vehicle="9" speed="1586" time="1620" acceleration="4928"/>
    <motionState vehicle="10" speed="1619" time="1620" acceleration="5836"/>
    <motionState vehicle="11" speed="1750" time="1620" acceleration="8509"/>
    <motionState vehicle="0" speed="2179" time="1630" acceleration="13434"/>
    <motionState vehicle="1" speed="2180" time="1630" acceleration="13636"/>
    <motionState vehicle="2" speed="1841" time="1630" acceleration="6571"/>
    <motionState vehicle="3" speed="1905" time="1630" acceleration="8559"/>
    <motionState vehicle="4" speed="2183" time="1630" acceleration="13636"/>
    <motionState vehicle="5" speed="2223" time="1630" acceleration="13636"/>
    <motionState vehicle="6" speed="1583" time="1630" acceleration="4592"/>
    <motionState vehicle="7" speed="1583" time="1630" acceleration="4601"/>
    <motionState vehicle="8" speed="1584" time="1630" acceleration="4653"/>
    <motionState vehicle="9" speed="1591" time="1630" acceleration="4894"/>
    <motionState vehicle="10" speed="1625" time="1630" acceleration="5819"/>
    <motionState vehicle="11" speed="1758" time="1630" acceleration="8516"/>
    <motionState vehicle="0" speed="2193" time="1640" acceleration="13219"/>
    <motionState vehicle="1" speed="2193" time="1640" acceleration="13636"/>
    <motionState vehicle="2" speed="1848" time="1640" acceleration="6535"/>
    <motionState vehicle="3" speed="1913" time="1640" acceleration="8553"/>
    <motionState vehicle="4" speed="2197" time="1640" acceleration="13636"/>
    <motionState vehicle="5" speed="2236" time="1640" acceleration="13636"/>
    <motionState vehicle="6" speed="1588" time="1640" acceleration="4550"/>
    <motionState vehicle="7" speed="1588" time="1640" acceleration="4560"/>
    <motionState vehicle="8" speed="1589" time="1640" acceleration="4613"/>
    <motionState vehicle="9" speed="1596" time="1640" acceleration="4861"/>
    <motionState vehicle="10" speed="1631" time="1640" acceleration="5803"/>
    <motionState vehicle="11" speed="1767" time="1640" acceleration="8521"/>
    <motionState vehicle="0" speed="2206" time="1650" acceleration="13007"/>
    <motionState vehicle="1" speed="2207" time="1650" acceleration="13636"/>
    <motionState vehicle="2" speed="1854" time="1650" acceleration="6500"/>
    <motionState vehicle="3" speed="1922" time="1650" acceleration="8547"/>
    <motionState vehicle="4" speed="2210" time="1650" acceleration="13636"/>
    <motionState vehicle="5" speed="2250" time="1650" acceleration="13636"/>
    <motionState vehicle="6" speed="1592" time="1650" acceleration="4509"/>
    <motionState vehicle="7" speed="1592" time="1650" acceleration="4519"/>
    <motionState vehicle="8" speed="1594" time="1650" acceleration="4574"/>
    <motionState vehicle="9" speed="1601" time="1650" acceleration="4829"/>
    <motionState vehicle="10" speed="1636" time="1650" acceleration="5787"/>
    <motionState vehicle="11" speed="1775" time="1650" acceleration="8525"/>
    <motionState vehicle="0" speed="2219" time="1660" acceleration="12797"/>
    <motionState vehicle="1" speed="2221" time="1660" acceleration="13636"/>
    <motionState vehicle="2" speed="1861" time="1660" acceleration="6466"/>
    <motionState vehicle="3" speed="1930" time="1660" acceleration="8542"/>
    <motionState vehicle="4" speed="2224" time="1660" acceleration="13636"/>
    <motionState vehicle="5" speed="2264" time="1660" acceleration="13636"/>
    <motionState vehicle="6" speed="1597" time="1660" acceleration="4468"/>
    <motionState vehicle="7" speed="1597" time="1660" acceleration="4479"/>
    <motionState vehicle="8" speed="1598" time="1660" acceleration="4535"/>
    <motionState vehicle="9" speed="1606" time="1660" acceleration="4797"/>
    <motionState vehicle="10" speed="1642" time="1660" acceleration="5772"/>
    <motionState vehicle="11" speed="1784" time="1660" acceleration="8528"/>
    <motionState vehicle="0" speed="2231" time="1670" acceleration="12591"/>
    <motionState vehicle="1" speed="2234" time="1670" acceleration="13636"/>
    <motionState vehicle="2" speed="1867" time="1670" acceleration="6432"/>
    <motionState vehicle="3" speed="1939" time="1670" acceleration="8537"/>
    <motionState vehicle="4" speed="2238" time="1670" acceleration="13636"/>
    <motionState vehicle="5" speed="2277" time="1670" acceleration="13636"/>
    <motionState vehicle="6" speed="1601" time="1670" acceleration="4428"/>
    <motionState vehicle="7" speed="1601" time="1670" acceleration="4439"/>
    <motionState vehicle="8" speed="1603" time="1670" acceleration="4497"/>
    <motionState vehicle="9" speed="1611" time="1670" acceleration="4765"/>
    <motionState vehicle="10" speed="1648" time="1670" acceleration="5758"/>
    <motionState vehicle="11" speed="1793" time="1670" acceleration="8528"/>
    <motionState vehicle="0" speed="2243" time="1680" acceleration="12388"/>
    <motionState vehicle="1" speed="2248" time="1680" acceleration="13636"/>
    <motionState vehicle="2" speed="1874" time="1680" acceleration="6399"/>
    <motionState vehicle="3" speed="1947" time="1680" acceleration="8533"/>
    <motionState vehicle="4" speed="2251" time="1680" acceleration="13636"/>
    <motionState vehicle="5" speed="2291" time="1680" acceleration="13636"/>
    <motionState vehicle="6" speed="1605" time="1680" acceleration="4388"/>
    <motionState vehicle="7" speed="1606" time="1680" acceleration="4399"/>
    <motionState vehicle="8" speed="1607" time="1680" acceleration="4460"/>
    <motionState vehicle="9" speed="1615" time="1680" acceleration="4734"/>
    <motionState vehicle="10" speed="1654" time="1680" acceleration="5744"/>
    <motionState vehicle="11" speed="1801" time="1680" acceleration="8528"/>
    <motionState vehicle="0" speed="2256" time="1690" acceleration="12187"/>
    <motionState vehicle="1" speed="2262" time="1690" acceleration="13636"/>
    <motionState vehicle="2" speed="1880" time="1690" acceleration="6367"/>
    <motionState vehicle="3" speed="1956" time="1690" acceleration="8530"/>
    <motionState vehicle="4" speed="2265" time="1690" acceleration="13636"/>
    <motionState vehicle="5" speed="2305" time="1690" acceleration="13636"/>
    <motionState vehicle="6" speed="1610" time="1690" acceleration="4348"/>
    <motionState vehicle="7" speed="1610" time="1690" acceleration="4360"/>
    <motionState vehicle="8" speed="1612" time="1690" acceleration="4422"/>
    <motionState vehicle="9" speed="1620" time="1690" acceleration="4704"/>
    <motionState vehicle="10" speed="1659" time="1690" acceleration="5730"/>
    <motionState vehicle="11" speed="1810" time="1690" acceleration="8525"/>
    <motionState vehicle="0" speed="2268" time="1700" acceleration="11989"/>
    <motionState vehicle="1" speed="2275" time="1700" acceleration="13636"/>
    <motionState vehicle="2" speed="1886" time="1700" acceleration="6336"/>
    <motionState vehicle="3" speed="1964" time="1700" acceleration="8527"/>
    <motionState vehicle="4" speed="2278" time="1700" acceleration="13636"/>
    <motionState vehicle="5" speed="2318" time="1700" acceleration="13636"/>
    <motionState vehicle="6" speed="1614" time="1700" acceleration="4308"/>
    <motionState vehicle="7" speed="1614" time="1700" acceleration="4321"/>
    <motionState vehicle="8" speed="1616" time="1700" acceleration="4385"/>
    <motionState vehicle="9" speed="1625" time="1700" acceleration="4674"/>
    <motionState vehicle="10" speed="1665" time="1700" acceleration="5717"/>
    <motionState vehicle="11" speed="1818" time="1700" acceleration="8522"/>
    <motionState vehicle="0" speed="2279" time="1710" acceleration="11794"/>
    <motionState vehicle="1" speed="2289" time="1710" acceleration="13636"/>
    <motionState vehicle="2" speed="1893" time="1710" acceleration="6305"/>
    <motionState vehicle="3" speed="1973" time="1710" acceleration="8524"/>
    <motionState vehicle="4" speed="2292" time="1710" acceleration="13636"/>
    <motionState vehicle="5" speed="2332" time="1710" acceleration="13636"/>
    <motionState vehicle="6" speed="1618" time="1710" acceleration="4269"/>
    <motionState vehicle="7" speed="1619" time="1710" acceleration="4282"/>
    <motionState vehicle="8" speed="1620" time="1710" acceleration="4349"/>
    <motionState vehicle="9" speed="1629" time="1710" acceleration="4645"/>
    <motionState vehicle="10" speed="1671" time="1710" acceleration="5705"/>
    <motionState vehicle="11" speed="1827" time="1710" acceleration="8517"/>
    <motionState vehicle="0" speed="2291" time="1720" acceleration="11602"/>
    <motionState vehicle="1" speed="2302" time="1720" acceleration="13636"/>
    <motionState vehicle="2" speed="1899" time="1720" acceleration="6275"/>
    <motionState vehicle="3" speed="1981" time="1720" acceleration="8522"/>
    <motionState vehicle="4" speed="2306" time="1720" acceleration="13636"/>
    <motionState vehicle="5" speed="2345" time="1720" acceleration="13636"/>
    <motionState vehicle="6" speed="1623" time="1720" acceleration="4231"/>
    <motionState vehicle="7" speed="1623" time="1720" acceleration="4244"/>
    <motionState vehicle="8" speed="1625" time="1720" acceleration="4313"/>
    <motionState vehicle="9" speed="1634" time="1720" acceleration="4616"/>
    <motionState vehicle="10" speed="1676" time="1720" acceleration="5692"/>
    <motionState vehicle="11" speed="1835" time="1720" acceleration="8510"/>
    <motionState vehicle="0" speed="2302" time="1730" acceleration="11412"/>
    <motionState vehicle="1" speed="2316" time="1730" acceleration="13636"/>
    <motionState vehicle="2" speed="1905" time="1730" acceleration="6246"/>
    <motionState vehicle="3" speed="1990" time="1730" acceleration="8521"/>
    <motionState vehicle="4" speed="2319" time="1730" acceleration="13636"/>
    <motionState vehicle="5" speed="2359" time="1730" acceleration="13636"/>
    <motionState vehicle="6" speed="1627" time="1730" acceleration="4192"/>
    <motionState vehicle="7" speed="1627" time="1730" acceleration="4206"/>
    <motionState vehicle="8" speed="1629" time="1730" acceleration="4277"/>
    <motionState vehicle="9" speed="1639" time="1730" acceleration="4588"/>
    <motionState vehicle="10" speed="1682" time="1730" acceleration="5681"/>
    <motionState vehicle="11" speed="1844" time="1730" acceleration="8502"/>
    <motionState vehicle="0" speed="2314" time="1740" acceleration="11225"/>
    <motionState vehicle="1" speed="2330" time="1740" acceleration="13636"/>
    <motionState vehicle="2" speed="1911" time="1740" acceleration="6218"/>
    <motionState vehicle="3" speed="1998" time="1740" acceleration="8520"/>
    <motionState vehicle="4" speed="2333" time="1740" acceleration="13636"/>
    <motionState vehicle="5" speed="2373" time="1740" acceleration="13636"/>
    <motionState vehicle="6" speed="1631" time="1740" acceleration="4154"/>
    <motionState vehicle="7" speed="1631" time="1740" acceleration="4169"/>
    <motionState vehicle="8" speed="1633" time="1740" acceleration="4242"/>
    <motionState vehicle="9" speed="1643" time="1740" acceleration="4560"/>
    <motionState vehicle="10" speed="1688" time="1740" acceleration="5669"/>
    <motionState vehicle="11" speed="1852" time="1740" acceleration="8493"/>
    <motionState vehicle="0" speed="2325" time="1750" acceleration="11041"/>
    <motionState vehicle="1" speed="2343" time="1750" acceleration="13636"/>
    <motionState vehicle="2" speed="1918" time="1750" acceleration="6190"/>
    <motionState vehicle="3" speed="2007" time="1750" acceleration="8519"/>
    <motionState vehicle="4" speed="2347" time="1750" acceleration="13636"/>
    <motionState vehicle="5" speed="2386" time="1750" acceleration="13636"/>
    <motionState vehicle="6" speed="1635" time="1750" acceleration="4117"/>
    <motionState vehicle="7" speed="1635" time="1750" acceleration="4132"/>
    <motionState vehicle="8" speed="1637" time="1750" acceleration="4207"/>
    <motionState vehicle="9" speed="1648" time="1750" acceleration="4532"/>
    <motionState vehicle="10" speed="1693" time="1750" acceleration="5658"/>
    <motionState vehicle="11" speed="1861" time="1750" acceleration="8483"/>
    <motionState vehicle="0" speed="2336" time="1760" acceleration="10860"/>
    <motionState vehicle="1" speed="2357" time="1760" acceleration="13636"/>
    <motionState vehicle="2" speed="1924" time="1760" acceleration="6163"/>
    <motionState vehicle="3" speed="2015" time="1760" acceleration="8519"/>
    <motionState vehicle="4" speed="2360" time="1760" acceleration="13636"/>
    <motionState vehicle="5" speed="2400" time="1760" acceleration="13636"/>
    <motionState vehicle="6" speed="1639" time="1760" acceleration="4080"/>
    <motionState vehicle="7" speed="1639" time="1760" acceleration="4095"/>
    <motionState vehicle="8" speed="1641" time="1760" acceleration="4173"/>
    <motionState vehicle="9" speed="1652" time="1760" acceleration="4506"/>
    <motionState vehicle="10" speed="1699" time="1760" acceleration="5648"/>
    <motionState vehicle="11" speed="1869" time="1760" acceleration="8471"/>
    <motionState vehicle="0" speed="2346" time="1770" acceleration="10681"/>
    <motionState vehicle="1" speed="2371" time="1770" acceleration="13636"/>
    <motionState vehicle="2" speed="1930" time="1770" acceleration="6137"/>
    <motionState vehicle="3" speed="2024" time="1770" acceleration="8520"/>
    <motionState vehicle="4" speed="2374" time="1770" acceleration="13636"/>
    <motionState vehicle="5" speed="2414" time="1770" acceleration="13636"/>
    <motionState vehicle="6" speed="1643" time="1770" acceleration="4043"/>
    <motionState vehicle="7" speed="1643" time="1770" acceleration="4059"/>
    <motionState vehicle="8" speed="1646" time="1770" acceleration="4139"/>
    <motionState vehicle="9" speed="1657" time="1770" acceleration="4479"/>
    <motionState vehicle="10" speed="1705" time="1770" acceleration="5638"/>
    <motionState vehicle="11" speed="1878" time="1770" acceleration="8458"/>
    <motionState vehicle="0" speed="2357" time="1780" acceleration="10505"/>
    <motionState vehicle="1" speed="2384" time="1780" acceleration="13636"/>
    <motionState vehicle="2" speed="1936" time="1780" acceleration="6111"/>
    <motionState vehicle="3" speed="2033" time="1780" acceleration="8521"/>
    <motionState vehicle="4" speed="2388" time="1780" acceleration="13636"/>
    <motionState vehicle="5" speed="2427" time="1780" acceleration="13636"/>
    <motionState vehicle="6" speed="1647" time="1780" acceleration="4006"/>
    <motionState vehicle="7" speed="1647" time="1780" acceleration="4023"/>
    <motionState vehicle="8" speed="1650" time="1780" acceleration="4106"/>
    <motionState vehicle="9" speed="1661" time="1780" acceleration="4454"/>
    <motionState vehicle="10" speed="1710" time="1780" acceleration="5628"/>
    <motionState vehicle="11" speed="1886" time="1780" acceleration="8444"/>
    <motionState vehicle="0" speed="2367" time="1790" acceleration="10331"/>
    <motionState vehicle="1" speed="2398" time="1790" acceleration="13636"/>
    <motionState vehicle="2" speed="1942" time="1790" acceleration="6086"/>
    <motionState vehicle="3" speed="2041" time="1790" acceleration="8522"/>
    <motionState vehicle="4" speed="2401" time="1790" acceleration="13636"/>
    <motionState vehicle="5" speed="2441" time="1790" acceleration="13636"/>
    <motionState vehicle="6" speed="1651" time="1790" acceleration="3970"/>
    <motionState vehicle="7" speed="1651" time="1790" acceleration="3987"/>
    <motionState vehicle="8" speed="1654" time="1790" acceleration="4072"/>
    <motionState vehicle="9" speed="1665" time="1790" acceleration="4428"/>
    <motionState vehicle="10" speed="1716" time="1790" acceleration="5618"/>
    <motionState vehicle="11" speed="1894" time="1790" acceleration="8429"/>
    <motionState vehicle="0" speed="2377" time="1800" acceleration="10160"/>
    <motionState vehicle="1" speed="2412" time="1800" acceleration="13636"/>
    <motionState vehicle="2" speed="1948" time="1800" acceleration="6062"/>
    <motionState vehicle="3" speed="2050" time="1800" acceleration="8524"/>
    <motionState vehicle="4" speed="2415" time="1800" acceleration="13636"/>
    <motionState vehicle="5" speed="2455" time="1800" acceleration="13636"/>
    <motionState vehicle="6" speed="1655" time="1800" acceleration="3934"/>
    <motionState vehicle="7" speed="1655" time="1800" acceleration="3952"/>
    <motionState vehicle="8" speed="1658" time="1800" acceleration="4040"/>
    <motionState vehicle="9" speed="1670" time="1800" acceleration="4403"/>
    <motionState vehicle="10" speed="1722" time="1800" acceleration="5609"/>
    <motionState vehicle="11" speed="1903" time="1800" acceleration="8413"/>
    <motionState vehicle="0" speed="2387" time="1810" acceleration="9991"/>
    <motionState vehicle="1" speed="2425" time="1810" acceleration="13636"/>
    <motionState vehicle="2" speed="1954" time="1810" acceleration="6039"/>
    <motionState vehicle="3" speed="2058" time="1810" acceleration="8526"/>
    <motionState vehicle="4" speed="2428" time="1810" acceleration="13636"/>
    <motionState vehicle="5" speed="2468" time="1810" acceleration="13636"/>
    <motionState vehicle="6" speed="1659" time="1810" acceleration="3898"/>
    <motionState vehicle="7" speed="1659" time="1810" acceleration="3917"/>
    <motionState vehicle="8" speed="1662" time="1810" acceleration="4007"/>
    <motionState vehicle="9" speed="1674" time="1810" acceleration="4379"/>
    <motionState vehicle="10" speed="1727" time="1810" acceleration="5600"/>
    <motionState vehicle="11" speed="1911" time="1810" acceleration="8395"/>
    <motionState vehicle="0" speed="2397" time="1820" acceleration="9825"/>
    <motionState vehicle="1" speed="2439" time="1820" acceleration="13636"/>
    <motionState vehicle="2" speed="1960" time="1820" acceleration="6016"/>
    <motionState vehicle="3" speed="2067" time="1820" acceleration="8528"/>
    <motionState vehicle="4" speed="2442" time="1820" acceleration="13580"/>
    <motionState vehicle="5" speed="2482" time="1820" acceleration="13636"/>
    <motionState vehicle="6" speed="1663" time="1820" acceleration="3863"/>
    <motionState vehicle="7" speed="1663" time="1820" acceleration="3882"/>
    <motionState vehicle="8" speed="1666" time="1820" acceleration="3975"/>
    <motionState vehicle="9" speed="1679" time="1820" acceleration="4355"/>
    <motionState vehicle="10" speed="1733" time="1820" acceleration="5591"/>
    <motionState vehicle="11" speed="1920" time="1820" acceleration="8377"/>
    <motionState vehicle="0" speed="2407" time="1830" acceleration="9661"/>
    <motionState vehicle="1" speed="2452" time="1830" acceleration="13636"/>
    <motionState vehicle="2" speed="1966" time="1830" acceleration="5994"/>
    <motionState vehicle="3" speed="2075" time="1830" acceleration="8531"/>
    <motionState vehicle="4" speed="2455" time="1830" acceleration="13297"/>
    <motionState vehicle="5" speed="2495" time="1830" acceleration="13636"/>
    <motionState vehicle="6" speed="1667" time="1830" acceleration="3828"/>
    <motionState vehicle="7" speed="1667" time="1830" acceleration="3848"/>
    <motionState vehicle="8" speed="1670" time="1830" acceleration="3944"/>
    <motionState vehicle="9" speed="1683" time="1830" acceleration="4332"/>
    <motionState vehicle="10" speed="1738" time="1830" acceleration="5583"/>
    <motionState vehicle="11" speed="1928" time="1830" acceleration="8357"/>
    <motionState vehicle="0" speed="2416" time="1840" acceleration="9500"/>
    <motionState vehicle="1" speed="2466" time="1840" acceleration="13636"/>
    <motionState vehicle="2" speed="1972" time="1840" acceleration="5972"/>
    <motionState vehicle="3" speed="2084" time="1840" acceleration="8531"/>
    <motionState vehicle="4" speed="2468" time="1840" acceleration="13019"/>
    <motionState vehicle="5" speed="2509" time="1840" acceleration="13636"/>
    <motionState vehicle="6" speed="1670" time="1840" acceleration="3794"/>
    <motionState vehicle="7" speed="1671" time="1840" acceleration="3814"/>
    <motionState vehicle="8" speed="1674" time="1840" acceleration="3913"/>
    <motionState vehicle="9" speed="1687" time="1840" acceleration="4309"/>
    <motionState vehicle="10" speed="1744" time="1840" acceleration="5574"/>
    <motionState vehicle="11" speed="1936" time="1840" acceleration="8336"/>
    <motionState vehicle="0" speed="2426" time="1850" acceleration="9341"/>
    <motionState vehicle="1" speed="2480" time="1850" acceleration="13636"/>
    <motionState vehicle="2" speed="1978" time="1850" acceleration="5951"/>
    <motionState vehicle="3" speed="2092" time="1850" acceleration="8529"/>
    <motionState vehicle="4" speed="2481" time="1850" acceleration="12744"/>
    <motionState vehicle="5" speed="2523" time="1850" acceleration="13636"/>
    <motionState vehicle="6" speed="1674" time="1850" acceleration="3759"/>
    <motionState vehicle="7" speed="1675" time="1850" acceleration="3781"/>
    <motionState vehicle="8" speed="1678" time="1850" acceleration="3882"/>
    <motionState vehicle="9" speed="1692" time="1850" acceleration="4286"/>
    <motionState vehicle="10" speed="1750" time="1850" acceleration="5566"/>
    <motionState vehicle="11" speed="1945" time="1850" acceleration="8315"/>
    <motionState vehicle="0" speed="2435" time="1860" acceleration="9185"/>
    <motionState vehicle="1" speed="2493" time="1860" acceleration="13636"/>
    <motionState vehicle="2" speed="1984" time="1860" acceleration="5931"/>
    <motionState vehicle="3" speed="2101" time="1860" acceleration="8526"/>
    <motionState vehicle="4" speed="2494" time="1860" acceleration="12473"/>
    <motionState vehicle="5" speed="2536" time="1860" acceleration="13636"/>
    <motionState vehicle="6" speed="1678" time="1860" acceleration="3725"/>
    <motionState vehicle="7" speed="1678" time="1860" acceleration="3748"/>
    <motionState vehicle="8" speed="1681" time="1860" acceleration="3852"/>
    <motionState vehicle="9" speed="1696" time="1860" acceleration="4264"/>
    <motionState vehicle="10" speed="1755" time="1860" acceleration="5558"/>
    <motionState vehicle="11" speed="1953" time="1860" acceleration="8292"/>
    <motionState vehicle="0" speed="2444" time="1870" acceleration="9031"/>
    <motionState vehicle="1" speed="2507" time="1870" acceleration="13636"/>
    <motionState vehicle="2" speed="1990" time="1870" acceleration="5911"/>
    <motionState vehicle="3" speed="2109" time="1870" acceleration="8520"/>
    <motionState vehicle="4" speed="2506" time="1870" acceleration="12206"/>
    <motionState vehicle="5" speed="2550" time="1870" acceleration="13636"/>
    <motionState vehicle="6" speed="1682" time="1870" acceleration="3692"/>
    <motionState vehicle="7" speed="1682" time="1870" acceleration="3715"/>
    <motionState vehicle="8" speed="1685" time="1870" acceleration="3822"/>
    <motionState vehicle="9" speed="1700" time="1870" acceleration="4242"/>
    <motionState vehicle="10" speed="1761" time="1870" acceleration="5551"/>
    <motionState vehicle="11" speed="1961" time="1870" acceleration="8269"/>
    <motionState vehicle="0" speed="2453" time="1880" acceleration="8879"/>
    <motionState vehicle="1" speed="2521" time="1880" acceleration="13636"/>
    <motionState vehicle="2" speed="1996" time="1880" acceleration="5892"/>
    <motionState vehicle="3" speed="2118" time="1880" acceleration="8512"/>
    <motionState vehicle="4" speed="2518" time="1880" acceleration="11943"/>
    <motionState vehicle="5" speed="2564" time="1880" acceleration="13636"/>
    <motionState vehicle="6" speed="1685" time="1880" acceleration="3659"/>
    <motionState vehicle="7" speed="1686" time="1880" acceleration="3682"/>
    <motionState vehicle="8" speed="1689" time="1880" acceleration="3792"/>
    <motionState vehicle="9" speed="1704" time="1880" acceleration="4221"/>
    <motionState vehicle="10" speed="1766" time="1880" acceleration="5543"/>
    <motionState vehicle="11" speed="1969" time="1880" acceleration="8245"/>
    <motionState vehicle="0" speed="2461" time="1890" acceleration="8730"/>
    <motionState vehicle="1" speed="2534" time="1890" acceleration="13636"/>
    <motionState vehicle="2" speed="2002" time="1890" acceleration="5873"/>
    <motionState vehicle="3" speed="2126" time="1890" acceleration="8502"/>
    <motionState vehicle="4" speed="2529" time="1890" acceleration="11683"/>
    <motionState vehicle="5" speed="2577" time="1890" acceleration="13636"/>
    <motionState vehicle="6" speed="1689" time="1890" acceleration="3626"/>
    <motionState vehicle="7" speed="1689" time="1890" acceleration="3650"/>
    <motionState vehicle="8" speed="1693" time="1890" acceleration="3763"/>
    <motionState vehicle="9" speed="1708" time="1890" acceleration="4201"/>
    <motionState vehicle="10" speed="1772" time="1890" acceleration="5536"/>
    <motionState vehicle="11" speed="1978" time="1890" acceleration="8219"/>
    <motionState vehicle="0" speed="2470" time="1900" acceleration="8583"/>
    <motionState vehicle="1" speed="2548" time="1900" acceleration="13636"/>
    <motionState vehicle="2" speed="2008" time="1900" acceleration="5855"/>
    <motionState vehicle="3" speed="2135" time="1900" acceleration="8490"/>
    <motionState vehicle="4" speed="2541" time="1900" acceleration="11427"/>
    <motionState vehicle="5" speed="2591" time="1900" acceleration="13636"/>
    <motionState vehicle="6" speed="1692" time="1900" acceleration="3593"/>
    <motionState vehicle="7" speed="1693" time="1900" acceleration="3618"/>
    <motionState vehicle="8" speed="1697" time="1900" acceleration="3734"/>
    <motionState vehicle="9" speed="1713" time="1900" acceleration="4180"/>
    <motionState vehicle="10" speed="1777" time="1900" acceleration="5529"/>
    <motionState vehicle="11" speed="1986" time="1900" acceleration="8193"/>
    <motionState vehicle="0" speed="2478" time="1910" acceleration="8438"/>
    <motionState vehicle="1" speed="2562" time="1910" acceleration="13636"/>
    <motionState vehicle="2" speed="2013" time="1910" acceleration="5837"/>
    <motionState vehicle="3" speed="2143" time="1910" acceleration="8477"/>
    <motionState vehicle="4" speed="2552" time="1910" acceleration="11175"/>
    <motionState vehicle="5" speed="2605" time="1910" acceleration="13636"/>
    <motionState vehicle="6" speed="1696" time="1910" acceleration="3560"/>
    <motionState vehicle="7" speed="1697" time="1910" acceleration="3587"/>
    <motionState vehicle="8" speed="1700" time="1910" acceleration="3706"/>
    <motionState vehicle="9" speed="1717" time="1910" acceleration="4160"/>
    <motionState vehicle="10" speed="1783" time="1910" acceleration="5521"/>
    <motionState vehicle="11" speed="1994" time="1910" acceleration="8166"/>
    <motionState vehicle="0" speed="2487" time="1920" acceleration="8295"/>
    <motionState vehicle="1" speed="2575" time="1920" acceleration="13636"/>
    <motionState vehicle="2" speed="2019" time="1920" acceleration="5820"/>
    <motionState vehicle="3" speed="2152" time="1920" acceleration="8461"/>
    <motionState vehicle="4" speed="2563" time="1920" acceleration="10926"/>
    <motionState vehicle="5" speed="2618" time="1920" acceleration="13636"/>
    <motionState vehicle="6" speed="1700" time="1920" acceleration="3528"/>
    <motionState vehicle="7" speed="1700" time="1920" acceleration="3555"/>
    <motionState vehicle="8" speed="1704" time="1920" acceleration="3678"/>
    <motionState vehicle="9" speed="1721" time="1920" acceleration="4141"/>
    <motionState vehicle="10" speed="1788" time="1920" acceleration="5514"/>
    <motionState vehicle="11" speed="2002" time="1920" acceleration="8139"/>
    <motionState vehicle="0" speed="2495" time="1930" acceleration="8155"/>
    <motionState vehicle="1" speed="2589" time="1930" acceleration="13636"/>
    <motionState vehicle="2" speed="2025" time="1930" acceleration="5803"/>
    <motionState vehicle="3" speed="2160" time="1930" acceleration="8444"/>
    <motionState vehicle="4" speed="2574" time="1930" acceleration="10681"/>
    <motionState vehicle="5" speed="2632" time="1930" acceleration="13636"/>
    <motionState vehicle="6" speed="1703" time="1930" acceleration="3497"/>
    <motionState vehicle="7" speed="1704" time="1930" acceleration="3525"/>
    <motionState vehicle="8" speed="1708" time="1930" acceleration="3650"/>
    <motionState vehicle="9" speed="1725" time="1930" acceleration="4122"/>
    <motionState vehicle="10" speed="1794" time="1930" acceleration="5508"/>
    <motionState vehicle="11" speed="2010" time="1930" acceleration="8110"/>
    <motionState vehicle="0" speed="2503" time="1940" acceleration="8016"/>
    <motionState vehicle="1" speed="2602" time="1940" acceleration="13636"/>
    <motionState vehicle="2" speed="2031" time="1940" acceleration="5787"/>
    <motionState vehicle="3" speed="2169" time="1940" acceleration="8425"/>
    <motionState vehicle="4" speed="2584" time="1940" acceleration="10440"/>
    <motionState vehicle="5" speed="2645" time="1940" acceleration="13636"/>
    <motionState vehicle="6" speed="1706" time="1940" acceleration="3465"/>
    <motionState vehicle="7" speed="1707" time="1940" acceleration="3494"/>
    <motionState vehicle="8" speed="1711" time="1940" acceleration="3623"/>
    <motionState vehicle="9" speed="1729" time="1940" acceleration="4103"/>
    <motionState vehicle="10" speed="1799" time="1940" acceleration="5501"/>
    <motionState vehicle="11" speed="2018" time="1940" acceleration="8081"/>
    <motionState vehicle="0" speed="2511" time="1950" acceleration="7880"/>
    <motionState vehicle="1" speed="2616" time="1950" acceleration="13636"/>
    <motionState vehicle="2" speed="2037" time="1950" acceleration="5771"/>
    <motionState vehicle="3" speed="2177" time="1950" acceleration="8405"/>
    <motionState vehicle="4" speed="2594" time="1950" acceleration="10202"/>
    <motionState vehicle="5" speed="2659" time="1950" acceleration="13636"/>
    <motionState vehicle="6" speed="1710" time="1950" acceleration="3434"/>
    <motionState vehicle="7" speed="1711" time="1950" acceleration="3464"/>
    <motionState vehicle="8" speed="1715" time="1950" acceleration="3596"/>
    <motionState vehicle="9" speed="1733" time="1950" acceleration="4085"/>
    <motionState vehicle="10" speed="1805" time="1950" acceleration="5494"/>
    <motionState vehicle="11" speed="2026" time="1950" acceleration="8051"/>
    <motionState vehicle="0" speed="2519" time="1960" acceleration="7746"/>
    <motionState vehicle="1" speed="2630" time="1960" acceleration="13636"/>
    <motionState vehicle="2" speed="2042" time="1960" acceleration="5755"/>
    <motionState vehicle="3" speed="2185" time="1960" acceleration="8383"/>
    <motionState vehicle="4" speed="2604" time="1960" acceleration="9967"/>
    <motionState vehicle="5" speed="2673" time="1960" acceleration="13636"/>
    <motionState vehicle="6" speed="1713" time="1960" acceleration="3403"/>
    <motionState vehicle="7" speed="1714" time="1960" acceleration="3434"/>
    <motionState vehicle="8" speed="1718" time="1960" acceleration="3569"/>
    <motionState vehicle="9" speed="1737" time="1960" acceleration="4067"/>
    <motionState vehicle="10" speed="1810" time="1960" acceleration="5488"/>
    <motionState vehicle="11" speed="2034" time="1960" acceleration="8020"/>
    <motionState vehicle="0" speed="2526" time="1970" acceleration="7615"/>
    <motionState vehicle="1" speed="2643" time="1970" acceleration="13636"/>
    <motionState vehicle="2" speed="2048" time="1970" acceleration="5740"/>
    <motionState vehicle="3" speed="2194" time="1970" acceleration="8359"/>
    <motionState vehicle="4" speed="2614" time="1970" acceleration="9736"/>
    <motionState vehicle="5" speed="2686" time="1970" acceleration="13636"/>
    <motionState vehicle="6" speed="1717" time="1970" acceleration="3373"/>
    <motionState vehicle="7" speed="1718" time="1970" acceleration="3404"/>
    <motionState vehicle="8" speed="1722" time="1970" acceleration="3543"/>
    <motionState vehicle="9" speed="1741" time="1970" acceleration="4050"/>
    <motionState vehicle="10" speed="1816" time="1970" acceleration="5481"/>
    <motionState vehicle="11" speed="2042" time="1970" acceleration="7989"/>
    <motionState vehicle="0" speed="2534" time="1980" acceleration="7485"/>
    <motionState vehicle="1" speed="2657" time="1980" acceleration="13636"/>
    <motionState vehicle="2" speed="2054" time="1980" acceleration="5724"/>
    <motionState vehicle="3" speed="2202" time="1980" acceleration="8334"/>
    <motionState vehicle="4" speed="2623" time="1980" acceleration="9508"/>
    <motionState vehicle="5" speed="2700" time="1980" acceleration="13636"/>
    <motionState vehicle="6" speed="1720" time="1980" acceleration="3342"/>
    <motionState vehicle="7" speed="1721" time="1980" acceleration="3375"/>
    <motionState vehicle="8" speed="1725" time="1980" acceleration="3517"/>
    <motionState vehicle="9" speed="1745" time="1980" acceleration="4033"/>
    <motionState vehicle="10" speed="1821" time="1980" acceleration="5475"/>
    <motionState vehicle="11" speed="2050" time="1980" acceleration="7957"/>
    <motionState vehicle="0" speed="2541" time="1990" acceleration="7357"/>
    <motionState vehicle="1" speed="2671" time="1990" acceleration="13636"/>
    <motionState vehicle="2" speed="2060" time="1990" acceleration="5710"/>
    <motionState vehicle="3" speed="2210" time="1990" acceleration="8307"/>
    <motionState vehicle="4" speed="2633" time="1990" acceleration="9283"/>
    <motionState vehicle="5" speed="2714" time="1990" acceleration="13636"/>
    <motionState vehicle="6" speed="1723" time="1990" acceleration="3312"/>
    <motionState vehicle="7" speed="1724" time="1990" acceleration="3346"/>
    <motionState vehicle="8" speed="1729" time="1990" acceleration="3492"/>
    <motionState vehicle="9" speed="1749" time="1990" acceleration="4016"/>
    <motionState vehicle="10" speed="1827" time="1990" acceleration="5468"/>
    <motionState vehicle="11" speed="2058" time="1990" acceleration="7924"/>
    <motionState vehicle="0" speed="2548" time="2000" acceleration="7232"/>
    <motionState vehicle="1" speed="2684" time="2000" acceleration="13636"/>
    <motionState vehicle="2" speed="2065" time="2000" acceleration="5695"/>
    <motionState vehicle="3" speed="2219" time="2000" acceleration="8279"/>
    <motionState vehicle="4" speed="2642" time="2000" acceleration="9062"/>
    <motionState vehicle="5" speed="2727" time="2000" acceleration="13636"/>
    <motionState vehicle="6" speed="1727" time="2000" acceleration="3282"/>
    <motionState vehicle="7" speed="1728" time="2000" acceleration="3317"/>
    <motionState vehicle="8" speed="1732" time="2000" acceleration="3467"/>
    <motionState vehicle="9" speed="1753" time="2000" acceleration="4000"/>
    <motionState vehicle="10" speed="1832" time="2000" acceleration="5462"/>
    <motionState vehicle="11" speed="2066" time="2000" acceleration="7891"/>
    <motionState vehicle="0" speed="2555" time="2010" acceleration="7108"/>
    <motionState vehicle="1" speed="2698" time="2010" acceleration="13636"/>
    <motionState vehicle="2" speed="2071" time="2010" acceleration="5681"/>
    <motionState vehicle="3" speed="2227" time="2010" acceleration="8249"/>
    <motionState vehicle="4" speed="2651" time="2010" acceleration="8844"/>
    <motionState vehicle="5" speed="2741" time="2010" acceleration="13636"/>
    <motionState vehicle="6" speed="1730" time="2010" acceleration="3253"/>
    <motionState vehicle="7" speed="1731" time="2010" acceleration="3289"/>
    <motionState vehicle="8" speed="1736" time="2010" acceleration="3442"/>
    <motionState vehicle="9" speed="1757" time="2010" acceleration="3984"/>
    <motionState vehicle="10" speed="1838" time="2010" acceleration="5456"/>
    <motionState vehicle="11" speed="2074" time="2010" acceleration="7857"/>
    <motionState vehicle="0" speed="2562" time="2020" acceleration="6986"/>
    <motionState vehicle="1" speed="2712" time="2020" acceleration="13636"/>
    <motionState vehicle="2" speed="2077" time="2020" acceleration="5667"/>
    <motionState vehicle="3" speed="2235" time="2020" acceleration="8218"/>
    <motionState vehicle="4" speed="2659" time="2020" acceleration="8629"/>
    <motionState vehicle="5" speed="2755" time="2020" acceleration="13636"/>
    <motionState vehicle="6" speed="1733" time="2020" acceleration="3224"/>
    <motionState vehicle="7" speed="1734" time="2020" acceleration="3261"/>
    <motionState vehicle="8" speed="1739" time="2020" acceleration="3418"/>
    <motionState vehicle="9" speed="1761" time="2020" acceleration="3968"/>
    <motionState vehicle="10" speed="1843" time="2020" acceleration="5450"/>
    <motionState vehicle="11" speed="2082" time="2020" acceleration="7822"/>
    <motionState vehicle="0" speed="2569" time="2030" acceleration="6867"/>
    <motionState vehicle="1" speed="2725" time="2030" acceleration="13636"/>
    <motionState vehicle="2" speed="2082" time="2030" acceleration="5653"/>
    <motionState vehicle="3" speed="2243" time="2030" acceleration="8186"/>
    <motionState vehicle="4" speed="2668" time="2030" acceleration="8417"/>
    <motionState vehicle="5" speed="2768" time="2030" acceleration="13636"/>
    <motionState vehicle="6" speed="1736" time="2030" acceleration="3195"/>
    <motionState vehicle="7" speed="1737" time="2030" acceleration="3233"/>
    <motionState vehicle="8" speed="1743" time="2030" acceleration="3394"/>
    <motionState vehicle="9" speed="1765" time="2030" acceleration="3953"/>
    <motionState vehicle="10" speed="1849" time="2030" acceleration="5443"/>
    <motionState vehicle="11" speed="2090" time="2030" acceleration="7787"/>
    <motionState vehicle="0" speed="2576" time="2040" acceleration="6749"/>
    <motionState vehicle="1" speed="2739" time="2040" acceleration="13636"/>
    <motionState vehicle="2" speed="2088" time="2040" acceleration="5639"/>
    <motionState vehicle="3" speed="2251" time="2040" acceleration="8152"/>
    <motionState vehicle="4" speed="2676" time="2040" acceleration="8208"/>
    <motionState vehicle="5" speed="2782" time="2040" acceleration="13636"/>
    <motionState vehicle="6" speed="1739" time="2040" acceleration="3166"/>
    <motionState vehicle="7" speed="1741" time="2040" acceleration="3206"/>
    <motionState vehicle="8" speed="1746" time="2040" acceleration="3370"/>
    <motionState vehicle="9" speed="1769" time="2040" acceleration="3938"/>
    <motionState vehicle="10" speed="1854" time="2040" acceleration="5437"/>
    <motionState vehicle="11" speed="2097" time="2040" acceleration="7752"/>
    <motionState vehicle="0" speed="2583" time="2050" acceleration="6633"/>
    <motionState vehicle="1" speed="2752" time="2050" acceleration="13636"/>
    <motionState vehicle="2" speed="2093" time="2050" acceleration="5625"/>
    <motionState vehicle="3" speed="2260" time="2050" acceleration="8117"/>
    <motionState vehicle="4" speed="2684" time="2050" acceleration="8003"/>
    <motionState vehicle="5" speed="2795" time="2050" acceleration="13636"/>
    <motionState vehicle="6" speed="1743" time="2050" acceleration="3138"/>
    <motionState vehicle="7" speed="1744" time="2050" acceleration="3178"/>
    <motionState vehicle="8" speed="1749" time="2050" acceleration="3346"/>
    <motionState vehicle="9" speed="1773" time="2050" acceleration="3924"/>
    <motionState vehicle="10" speed="1859" time="2050" acceleration="5431"/>
    <motionState vehicle="11" speed="2105" time="2050" acceleration="7716"/>
    <motionState vehicle="0" speed="2589" time="2060" acceleration="6519"/>
    <motionState vehicle="1" speed="2766" time="2060" acceleration="13636"/>
    <motionState vehicle="2" speed="2099" time="2060" acceleration="5612"/>
    <motionState vehicle="3" speed="2268" time="2060" acceleration="8081"/>
    <motionState vehicle="4" speed="2692" time="2060" acceleration="7800"/>
    <motionState vehicle="5" speed="2809" time="2060" acceleration="13636"/>
    <motionState vehicle="6" speed="1746" time="2060" acceleration="3110"/>
    <motionState vehicle="7" speed="1747" time="2060" acceleration="3152"/>
    <motionState vehicle="8" speed="1753" time="2060" acceleration="3323"/>
    <motionState vehicle="9" speed="1777" time="2060" acceleration="3910"/>
    <motionState vehicle="10" speed="1865" time="2060" acceleration="5424"/>
    <motionState vehicle="11" speed="2113" time="2060" acceleration="7679"/>
    <motionState vehicle="0" speed="2595" time="2070" acceleration="6407"/>
    <motionState vehicle="1" speed="2780" time="2070" acceleration="13636"/>
    <motionState vehicle="2" speed="2105" time="2070" acceleration="5599"/>
    <motionState vehicle="3" speed="2276" time="2070" acceleration="8043"/>
    <motionState vehicle="4" speed="2699" time="2070" acceleration="7601"/>
    <motionState vehicle="5" speed="2823" time="2070" acceleration="13636"/>
    <motionState vehicle="6" speed="1749" time="2070" acceleration="3082"/>
    <motionState vehicle="7" speed="1750" time="2070" acceleration="3125"/>
    <motionState vehicle="8" speed="1756" time="2070" acceleration="3301"/>
    <motionState vehicle="9" speed="1781" time="2070" acceleration="3896"/>
    <motionState vehicle="10" speed="1870" time="2070" acceleration="5418"/>
    <motionState vehicle="11" speed="2120" time="2070" acceleration="7642"/>
    <motionState vehicle="0" speed="2602" time="2080" acceleration="6297"/>
    <motionState vehicle="1" speed="2793" time="2080" acceleration="13636"/>
    <motionState vehicle="2" speed="2110" time="2080" acceleration="5586"/>
    <motionState vehicle="3" speed="2284" time="2080" acceleration="8005"/>
    <motionState vehicle="4" speed="2707" time="2080" acceleration="7404"/>
    <motionState vehicle="5" speed="2836" time="2080" acceleration="13636"/>
    <motionState vehicle="6" speed="1752" time="2080" acceleration="3055"/>
    <motionState vehicle="7" speed="1753" time="2080" acceleration="3099"/>
    <motionState vehicle="8" speed="1759" time="2080" acceleration="3279"/>
    <motionState vehicle="9" speed="1785" time="2080" acceleration="3882"/>
    <motionState vehicle="10" speed="1876" time="2080" acceleration="5412"/>
    <motionState vehicle="11" speed="2128" time="2080" acceleration="7604"/>
    <motionState vehicle="0" speed="2608" time="2090" acceleration="6189"/>
    <motionState vehicle="1" speed="2807" time="2090" acceleration="13636"/>
    <motionState vehicle="2" speed="2116" time="2090" acceleration="5573"/>
    <motionState vehicle="3" speed="2292" time="2090" acceleration="7965"/>
    <motionState vehicle="4" speed="2714" time="2090" acceleration="7211"/>
    <motionState vehicle="5" speed="2850" time="2090" acceleration="13636"/>
    <motionState vehicle="6" speed="1755" time="2090" acceleration="3027"/>
    <motionState vehicle="7" speed="1756" time="2090" acceleration="3073"/>
    <motionState vehicle="8" speed="1762" time="2090" acceleration="3257"/>
    <motionState vehicle="9" speed="1789" time="2090" acceleration="3869"/>
    <motionState vehicle="10" speed="1881" time="2090" acceleration="5406"/>
    <motionState vehicle="11" speed="2136" time="2090" acceleration="7566"/>
    <motionState vehicle="0" speed="2614" time="2100" acceleration="6082"/>
    <motionState vehicle="1" speed="2821" time="2100" acceleration="13636"/>
    <motionState vehicle="2" speed="2121" time="2100" acceleration="5560"/>
    <motionState vehicle="3" speed="2300" time="2100" acceleration="7924"/>
    <motionState vehicle="4" speed="2721" time="2100" acceleration="7020"/>
    <motionState vehicle="5" speed="2864" time="2100" acceleration="13636"/>
    <motionState vehicle="6" speed="1758" time="2100" acceleration="3000"/>
    <motionState vehicle="7" speed="1759" time="2100" acceleration="3047"/>
    <motionState vehicle="8" speed="1766" time="2100" acceleration="3235"/>
    <motionState vehicle="9" speed="1793" time="2100" acceleration="3856"/>
    <motionState vehicle="10" speed="1886" time="2100" acceleration="5399"/>
    <motionState vehicle="11" speed="2143" time="2100" acceleration="7528"/>
    <motionState vehicle="0" speed="2620" time="2110" acceleration="5977"/>
    <motionState vehicle="1" speed="2834" time="2110" acceleration="13636"/>
    <motionState vehicle="2" speed="2127" time="2110" acceleration="5547"/>
    <motionState vehicle="3" speed="2307" time="2110" acceleration="7882"/>
    <motionState vehicle="4" speed="2728" time="2110" acceleration="6832"/>
    <motionState vehicle="5" speed="2877" time="2110" acceleration="13636"/>
    <motionState vehicle="6" speed="1761" time="2110" acceleration="2974"/>
    <motionState vehicle="7" speed="1762" time="2110" acceleration="3022"/>
    <motionState vehicle="8" speed="1769" time="2110" acceleration="3214"/>
    <motionState vehicle="9" speed="1796" time="2110" acceleration="3844"/>
    <motionState vehicle="10" speed="1892" time="2110" acceleration="5393"/>
    <motionState vehicle="11" speed="2151" time="2110" acceleration="7489"/>
    <motionState vehicle="0" speed="2626" time="2120" acceleration="5874"/>
    <motionState vehicle="1" speed="2848" time="2120" acceleration="13636"/>
    <motionState vehicle="2" speed="2132" time="2120" acceleration="5534"/>
    <motionState vehicle="3" speed="2315" time="2120" acceleration="7839"/>
    <motionState vehicle="4" speed="2734" time="2120" acceleration="6647"/>
    <motionState vehicle="5" speed="2891" time="2120" acceleration="13636"/>
    <motionState vehicle="6" speed="1764" time="2120" acceleration="2947"/>
    <motionState vehicle="7" speed="1765" time="2120" acceleration="2997"/>
    <motionState vehicle="8" speed="1772" time="2120" acceleration="3193"/>
    <motionState vehicle="9" speed="1800" time="2120" acceleration="3832"/>
    <motionState vehicle="10" speed="1897" time="2120" acceleration="5386"/>
    <motionState vehicle="11" speed="2158" time="2120" acceleration="7450"/>
    <motionState vehicle="0" speed="2632" time="2130" acceleration="5773"/>
    <motionState vehicle="1" speed="2862" time="2130" acceleration="13636"/>
    <motionState vehicle="2" speed="2138" time="2130" acceleration="5521"/>
    <motionState vehicle="3" speed="2323" time="2130" acceleration="7795"/>
    <motionState vehicle="4" speed="2741" time="2130" acceleration="6464"/>
    <motionState vehicle="5" speed="2905" time="2130" acceleration="13636"/>
    <motionState vehicle="6" speed="1767" time="2130" acceleration="2921"/>
    <motionState vehicle="7" speed="1768" time="2130" acceleration="2972"/>
    <motionState vehicle="8" speed="1775" time="2130" acceleration="3172"/>
    <motionState vehicle="9" speed="1804" time="2130" acceleration="3820"/>
    <motionState vehicle="10" speed="1903" time="2130" acceleration="5380"/>
    <motionState vehicle="11" speed="2165" time="2130" acceleration="7411"/>
    <motionState vehicle="0" speed="2637" time="2140" acceleration="5673"/>
    <motionState vehicle="1" speed="2875" time="2140" acceleration="13636"/>
    <motionState vehicle="2" speed="2144" time="2140" acceleration="5509"/>
    <motionState vehicle="3" speed="2331" time="2140" acceleration="7750"/>
    <motionState vehicle="4" speed="2747" time="2140" acceleration="6285"/>
    <motionState vehicle="5" speed="2918" time="2140" acceleration="13636"/>
    <motionState vehicle="6" speed="1770" time="2140" acceleration="2895"/>
    <motionState vehicle="7" speed="1771" time="2140" acceleration="2947"/>
    <motionState vehicle="8" speed="1778" time="2140" acceleration="3152"/>
    <motionState vehicle="9" speed="1808" time="2140" acceleration="3808"/>
    <motionState vehicle="10" speed="1908" time="2140" acceleration="5373"/>
    <motionState vehicle="11" speed="2173" time="2140" acceleration="7371"/>
    <motionState vehicle="0" speed="2643" time="2150" acceleration="5575"/>
    <motionState vehicle="1" speed="2889" time="2150" acceleration="13636"/>
    <motionState vehicle="2" speed="2149" time="2150" acceleration="5496"/>
    <motionState vehicle="3" speed="2339" time="2150" acceleration="7704"/>
    <motionState vehicle="4" speed="2753" time="2150" acceleration="6108"/>
    <motionState vehicle="5" speed="2932" time="2150" acceleration="13636"/>
    <motionState vehicle="6" speed="1773" time="2150" acceleration="2869"/>
    <motionState vehicle="7" speed="1774" time="2150" acceleration="2923"/>
    <motionState vehicle="8" speed="1782" time="2150" acceleration="3132"/>
    <motionState vehicle="9" speed="1812" time="2150" acceleration="3797"/>
    <motionState vehicle="10" speed="1913" time="2150" acceleration="5367"/>
    <motionState vehicle="11" speed="2180" time="2150" acceleration="7331"/>
    <motionState vehicle="0" speed="2648" time="2160" acceleration="5479"/>
    <motionState vehicle="1" speed="2902" time="2160" acceleration="13636"/>
    <motionState vehicle="2" speed="2155" time="2160" acceleration="5483"/>
    <motionState vehicle="3" speed="2346" time="2160" acceleration="7657"/>
    <motionState vehicle="4" speed="2759" time="2160" acceleration="5934"/>
    <motionState vehicle="5" speed="2945" time="2160" acceleration="13636"/>
    <motionState vehicle="6" speed="1775" time="2160" acceleration="2844"/>
    <motionState vehicle="7" speed="1777" time="2160" acceleration="2899"/>
    <motionState vehicle="8" speed="1785" time="2160" acceleration="3112"/>
    <motionState vehicle="9" speed="1816" time="2160" acceleration="3786"/>
    <motionState vehicle="10" speed="1919" time="2160" acceleration="5360"/>
    <motionState vehicle="11" speed="2187" time="2160" acceleration="7290"/>
    <motionState vehicle="0" speed="2654" time="2170" acceleration="5384"/>
    <motionState vehicle="1" speed="2916" time="2170" acceleration="13636"/>
    <motionState vehicle="2" speed="2160" time="2170" acceleration="5471"/>
    <motionState vehicle="3" speed="2354" time="2170" acceleration="7609"/>
    <motionState vehicle="4" speed="2765" time="2170" acceleration="5762"/>
    <motionState vehicle="5" speed="2959" time="2170" acceleration="13636"/>
    <motionState vehicle="6" speed="1778" time="2170" acceleration="2819"/>
    <motionState vehicle="7" speed="1780" time="2170" acceleration="2875"/>
    <motionState vehicle="8" speed="1788" time="2170" acceleration="3093"/>
    <motionState vehicle="9" speed="1819" time="2170" acceleration="3775"/>
    <motionState vehicle="10" speed="1924" time="2170" acceleration="5353"/>
    <motionState vehicle="11" speed="2195" time="2170" acceleration="7249"/>
    <motionState vehicle="0" speed="2659" time="2180" acceleration="5291"/>
    <motionState vehicle="1" speed="2930" time="2180" acceleration="13636"/>
    <motionState vehicle="2" speed="2165" time="2180" acceleration="5458"/>
    <motionState vehicle="3" speed="2361" time="2180" acceleration="7561"/>
    <motionState vehicle="4" speed="2771" time="2180" acceleration="5594"/>
    <motionState vehicle="5" speed="2973" time="2180" acceleration="13636"/>
    <motionState vehicle="6" speed="1781" time="2180" acceleration="2794"/>
    <motionState vehicle="7" speed="1783" time="2180" acceleration="2852"/>
    <motionState vehicle="8" speed="1791" time="2180" acceleration="3074"/>
    <motionState vehicle="9" speed="1823" time="2180" acceleration="3765"/>
    <motionState vehicle="10" speed="1929" time="2180" acceleration="5346"/>
    <motionState vehicle="11" speed="2202" time="2180" acceleration="7208"/>
    <motionState vehicle="0" speed="2664" time="2190" acceleration="5200"/>
    <motionState vehicle="1" speed="2943" time="2190" acceleration="13636"/>
    <motionState vehicle="2" speed="2171" time="2190" acceleration="5445"/>
    <motionState vehicle="3" speed="2369" time="2190" acceleration="7511"/>
    <motionState vehicle="4" speed="2776" time="2190" acceleration="5427"/>
    <motionState vehicle="5" speed="2986" time="2190" acceleration="13636"/>
    <motionState vehicle="6" speed="1784" time="2190" acceleration="2769"/>
    <motionState vehicle="7" speed="1786" time="2190" acceleration="2829"/>
    <motionState vehicle="8" speed="1794" time="2190" acceleration="3055"/>
    <motionState vehicle="9" speed="1827" time="2190" acceleration="3755"/>
    <motionState vehicle="10" speed="1935" time="2190" acceleration="5340"/>
    <motionState vehicle="11" speed="2209" time="2190" acceleration="7167"/>
    <motionState vehicle="0" speed="2669" time="2200" acceleration="5110"/>
    <motionState vehicle="1" speed="2957" time="2200" acceleration="13636"/>
    <motionState vehicle="2" speed="2176" time="2200" acceleration="5433"/>
    <motionState vehicle="3" speed="2376" time="2200" acceleration="7461"/>
    <motionState vehicle="4" speed="2781" time="2200" acceleration="5264"/>
    <motionState vehicle="5" speed="3000" time="2200" acceleration="13636"/>
    <motionState vehicle="6" speed="1786" time="2200" acceleration="2745"/>
    <motionState vehicle="7" speed="1788" time="2200" acceleration="2806"/>
    <motionState vehicle="8" speed="1797" time="2200" acceleration="3036"/>
    <motionState vehicle="9" speed="1831" time="2200" acceleration="3745"/>
    <motionState vehicle="10" speed="1940" time="2200" acceleration="5333"/>
    <motionState vehicle="11" speed="2216" time="2200" acceleration="7125"/>
    <motionState vehicle="0" speed="2674" time="2210" acceleration="5021"/>
    <motionState vehicle="1" speed="2971" time="2210" acceleration="13636"/>
    <motionState vehicle="2" speed="2182" time="2210" acceleration="5420"/>
    <motionState vehicle="3" speed="2384" time="2210" acceleration="7410"/>
    <motionState vehicle="4" speed="2786" time="2210" acceleration="5102"/>
    <motionState vehicle="5" speed="3014" time="2210" acceleration="13636"/>
    <motionState vehicle="6" speed="1789" time="2210" acceleration="2720"/>
    <motionState vehicle="7" speed="1791" time="2210" acceleration="2783"/>
    <motionState vehicle="8" speed="1800" time="2210" acceleration="3018"/>
    <motionState vehicle="9" speed="1834" time="2210" acceleration="3735"/>
    <motionState vehicle="10" speed="1945" time="2210" acceleration="5326"/>
    <motionState vehicle="11" speed="2223" time="2210" acceleration="7083"/>
    <motionState vehicle="0" speed="2679" time="2220" acceleration="4935"/>
    <motionState vehicle="1" speed="2984" time="2220" acceleration="13636"/>
    <motionState vehicle="2" speed="2187" time="2220" acceleration="5407"/>
    <motionState vehicle="3" speed="2391" time="2220" acceleration="7359"/>
    <motionState vehicle="4" speed="2791" time="2220" acceleration="4944"/>
    <motionState vehicle="5" speed="3027" time="2220" acceleration="13636"/>
    <motionState vehicle="6" speed="1792" time="2220" acceleration="2696"/>
    <motionState vehicle="7" speed="1794" time="2220" acceleration="2761"/>
    <motionState vehicle="8" speed="1803" time="2220" acceleration="3000"/>
    <motionState vehicle="9" speed="1838" time="2220" acceleration="3726"/>
    <motionState vehicle="10" speed="1951" time="2220" acceleration="5318"/>
    <motionState vehicle="11" speed="2230" time="2220" acceleration="7041"/>
    <motionState vehicle="0" speed="2684" time="2230" acceleration="4849"/>
    <motionState vehicle="1" speed="2998" time="2230" acceleration="13636"/>
    <motionState vehicle="2" speed="2193" time="2230" acceleration="5394"/>
    <motionState vehicle="3" speed="2398" time="2230" acceleration="7306"/>
    <motionState vehicle="4" speed="2796" time="2230" acceleration="4788"/>
    <motionState vehicle="5" speed="3041" time="2230" acceleration="13636"/>
    <motionState vehicle="6" speed="1795" time="2230" acceleration="2673"/>
    <motionState vehicle="7" speed="1797" time="2230" acceleration="2739"/>
    <motionState vehicle="8" speed="1806" time="2230" acceleration="2983"/>
    <motionState vehicle="9" speed="1842" time="2230" acceleration="3716"/>
    <motionState vehicle="10" speed="1956" time="2230" acceleration="5311"/>
    <motionState vehicle="11" speed="2237" time="2230" acceleration="6999"/>
    <motionState vehicle="0" speed="2689" time="2240" acceleration="4765"/>
    <motionState vehicle="1" speed="3012" time="2240" acceleration="13636"/>
    <motionState vehicle="2" speed="2198" time="2240" acceleration="5381"/>
    <motionState vehicle="3" speed="2406" time="2240" acceleration="7253"/>
    <motionState vehicle="4" speed="2801" time="2240" acceleration="4634"/>
    <motionState vehicle="5" speed="3055" time="2240" acceleration="13636"/>
    <motionState vehicle="6" speed="1797" time="2240" acceleration="2649"/>
    <motionState vehicle="7" speed="1799" time="2240" acceleration="2717"/>
    <motionState vehicle="8" speed="1809" time="2240" acceleration="2966"/>
    <motionState vehicle="9" speed="1845" time="2240" acceleration="3708"/>
    <motionState vehicle="10" speed="1961" time="2240" acceleration="5304"/>
    <motionState vehicle="11" speed="2244" time="2240" acceleration="6956"/>
    <motionState vehicle="0" speed="2694" time="2250" acceleration="4683"/>
    <motionState vehicle="1" speed="3025" time="2250" acceleration="13636"/>
    <motionState vehicle="2" speed="2203" time="2250" acceleration="5368"/>
    <motionState vehicle="3" speed="2413" time="2250" acceleration="7199"/>
    <motionState vehicle="4" speed="2805" time="2250" acceleration="4482"/>
    <motionState vehicle="5" speed="3068" time="2250" acceleration="13636"/>
    <motionState vehicle="6" speed="1800" time="2250" acceleration="2626"/>
    <motionState vehicle="7" speed="1802" time="2250" acceleration="2695"/>
    <motionState vehicle="8" speed="1812" time="2250" acceleration="2949"/>
    <motionState vehicle="9" speed="1849" time="2250" acceleration="3699"/>
    <motionState vehicle="10" speed="1967" time="2250" acceleration="5296"/>
    <motionState vehicle="11" speed="2251" time="2250" acceleration="6913"/>
    <motionState vehicle="0" speed="2698" time="2260" acceleration="4602"/>
    <motionState vehicle="1" speed="3039" time="2260" acceleration="13636"/>
    <motionState vehicle="2" speed="2209" time="2260" acceleration="5355"/>
    <motionState vehicle="3" speed="2420" time="2260" acceleration="7145"/>
    <motionState vehicle="4" speed="2810" time="2260" acceleration="4333"/>
    <motionState vehicle="5" speed="3082" time="2260" acceleration="13636"/>
    <motionState vehicle="6" speed="1802" time="2260" acceleration="2603"/>
    <motionState vehicle="7" speed="1805" time="2260" acceleration="2674"/>
    <motionState vehicle="8" speed="1815" time="2260" acceleration="2932"/>
    <motionState vehicle="9" speed="1853" time="2260" acceleration="3691"/>
    <motionState vehicle="10" speed="1972" time="2260" acceleration="5289"/>
    <motionState vehicle="11" speed="2258" time="2260" acceleration="6871"/>
    <motionState vehicle="0" speed="2703" time="2270" acceleration="4523"/>
    <motionState vehicle="1" speed="3052" time="2270" acceleration="13636"/>
    <motionState vehicle="2" speed="2214" time="2270" acceleration="5342"/>
    <motionState vehicle="3" speed="2427" time="2270" acceleration="7089"/>
    <motionState vehicle="4" speed="2814" time="2270" acceleration="4187"/>
    <motionState vehicle="5" speed="3095" time="2270" acceleration="13636"/>
    <motionState vehicle="6" speed="1805" time="2270" acceleration="2580"/>
    <motionState vehicle="7" speed="1807" time="2270" acceleration="2653"/>
    <motionState vehicle="8" speed="1818" time="2270" acceleration="2916"/>
    <motionState vehicle="9" speed="1857" time="2270" acceleration="3682"/>
    <motionState vehicle="10" speed="1977" time="2270" acceleration="5281"/>
    <motionState vehicle="11" speed="2265" time="2270" acceleration="6827"/>
    <motionState vehicle="0" speed="2707" time="2280" acceleration="4445"/>
    <motionState vehicle="1" speed="3066" time="2280" acceleration="13636"/>
    <motionState vehicle="2" speed="2219" time="2280" acceleration="5328"/>
    <motionState vehicle="3" speed="2434" time="2280" acceleration="7034"/>
    <motionState vehicle="4" speed="2818" time="2280" acceleration="4042"/>
    <motionState vehicle="5" speed="3109" time="2280" acceleration="13636"/>
    <motionState vehicle="6" speed="1808" time="2280" acceleration="2557"/>
    <motionState vehicle="7" speed="1810" time="2280" acceleration="2632"/>
    <motionState vehicle="8" speed="1821" time="2280" acceleration="2900"/>
    <motionState vehicle="9" speed="1860" time="2280" acceleration="3674"/>
    <motionState vehicle="10" speed="1982" time="2280" acceleration="5273"/>
    <motionState vehicle="11" speed="2272" time="2280" acceleration="6784"/>
    <motionState vehicle="0" speed="2712" time="2290" acceleration="4368"/>
    <motionState vehicle="1" speed="3080" time="2290" acceleration="13636"/>
    <motionState vehicle="2" speed="2225" time="2290" acceleration="5315"/>
    <motionState vehicle="3" speed="2441" time="2290" acceleration="6978"/>
    <motionState vehicle="4" speed="2822" time="2290" acceleration="3900"/>
    <motionState vehicle="5" speed="3123" time="2290" acceleration="13636"/>
    <motionState vehicle="6" speed="1810" time="2290" acceleration="2535"/>
    <motionState vehicle="7" speed="1813" time="2290" acceleration="2612"/>
    <motionState vehicle="8" speed="1823" time="2290" acceleration="2884"/>
    <motionState vehicle="9" speed="1864" time="2290" acceleration="3667"/>
    <motionState vehicle="10" speed="1988" time="2290" acceleration="5265"/>
    <motionState vehicle="11" speed="2278" time="2290" acceleration="6741"/>
    <motionState vehicle="0" speed="2716" time="2300" acceleration="4292"/>
    <motionState vehicle="1" speed="3093" time="2300" acceleration="13636"/>
    <motionState vehicle="2" speed="2230" time="2300" acceleration="5302"/>
    <motionState vehicle="3" speed="2448" time="2300" acceleration="6921"/>
    <motionState vehicle="4" speed="2825" time="2300" acceleration="3760"/>
    <motionState vehicle="5" speed="3136" time="2300" acceleration="13636"/>
    <motionState vehicle="6" speed="1813" time="2300" acceleration="2513"/>
    <motionState vehicle="7" speed="1815" time="2300" acceleration="2591"/>
    <motionState vehicle="8" speed="1826" time="2300" acceleration="2869"/>
    <motionState vehicle="9" speed="1868" time="2300" acceleration="3659"/>
    <motionState vehicle="10" speed="1993" time="2300" acceleration="5257"/>
    <motionState vehicle="11" speed="2285" time="2300" acceleration="6697"/>
    <motionState vehicle="0" speed="2720" time="2310" acceleration="4218"/>
    <motionState vehicle="1" speed="3107" time="2310" acceleration="13636"/>
    <motionState vehicle="2" speed="2235" time="2310" acceleration="5288"/>
    <motionState vehicle="3" speed="2455" time="2310" acceleration="6863"/>
    <motionState vehicle="4" speed="2829" time="2310" acceleration="3623"/>
    <motionState vehicle="5" speed="3150" time="2310" acceleration="13636"/>
    <motionState vehicle="6" speed="1815" time="2310" acceleration="2491"/>
    <motionState vehicle="7" speed="1818" time="2310" acceleration="2571"/>
    <motionState vehicle="8" speed="1829" time="2310" acceleration="2854"/>
    <motionState vehicle="9" speed="1871" time="2310" acceleration="3652"/>
    <motionState vehicle="10" speed="1998" time="2310" acceleration="5249"/>
    <motionState vehicle="11" speed="2292" time="2310" acceleration="6654"/>
    <motionState vehicle="0" speed="2724" time="2320" acceleration="4146"/>
    <motionState vehicle="1" speed="3121" time="2320" acceleration="13636"/>
    <motionState vehicle="2" speed="2240" time="2320" acceleration="5274"/>
    <motionState vehicle="3" speed="2462" time="2320" acceleration="6806"/>
    <motionState vehicle="4" speed="2833" time="2320" acceleration="3487"/>
    <motionState vehicle="5" speed="3164" time="2320" acceleration="13636"/>
    <motionState vehicle="6" speed="1818" time="2320" acceleration="2469"/>
    <motionState vehicle="7" speed="1820" time="2320" acceleration="2551"/>
    <motionState vehicle="8" speed="1832" time="2320" acceleration="2839"/>
    <motionState vehicle="9" speed="1875" time="2320" acceleration="3645"/>
    <motionState vehicle="10" speed="2003" time="2320" acceleration="5241"/>
    <motionState vehicle="11" speed="2298" time="2320" acceleration="6610"/>
    <motionState vehicle="0" speed="2728" time="2330" acceleration="4074"/>
    <motionState vehicle="1" speed="3134" time="2330" acceleration="13636"/>
    <motionState vehicle="2" speed="2246" time="2330" acceleration="5260"/>
    <motionState vehicle="3" speed="2468" time="2330" acceleration="6747"/>
    <motionState vehicle="4" speed="2836" time="2330" acceleration="3354"/>
    <motionState vehicle="5" speed="3177" time="2330" acceleration="13636"/>
    <motionState vehicle="6" speed="1820" time="2330" acceleration="2448"/>
    <motionState vehicle="7" speed="1823" time="2330" acceleration="2532"/>
    <motionState vehicle="8" speed="1835" time="2330" acceleration="2824"/>
    <motionState vehicle="9" speed="1878" time="2330" acceleration="3638"/>
    <motionState vehicle="10" speed="2009" time="2330" acceleration="5232"/>
    <motionState vehicle="11" speed="2305" time="2330" acceleration="6566"/>
    <motionState vehicle="0" speed="2732" time="2340" acceleration="4004"/>
    <motionState vehicle="1" speed="3148" time="2340" acceleration="13636"/>
    <motionState vehicle="2" speed="2251" time="2340" acceleration="5246"/>
    <motionState vehicle="3" speed="2475" time="2340" acceleration="6688"/>
    <motionState vehicle="4" speed="2839" time="2340" acceleration="3223"/>
    <motionState vehicle="5" speed="3191" time="2340" acceleration="13636"/>
    <motionState vehicle="6" speed="1822" time="2340" acceleration="2427"/>
    <motionState vehicle="7" speed="1825" time="2340" acceleration="2513"/>
    <motionState vehicle="8" speed="1838" time="2340" acceleration="2810"/>
    <motionState vehicle="9" speed="1882" time="2340" acceleration="3631"/>
    <motionState vehicle="10" speed="2014" time="2340" acceleration="5224"/>
    <motionState vehicle="11" speed="2311" time="2340" acceleration="6522"/>
    <motionState vehicle="0" speed="2736" time="2350" acceleration="3935"/>
    <motionState vehicle="1" speed="3162" time="2350" acceleration="13636"/>
    <motionState vehicle="2" speed="2256" time="2350" acceleration="5232"/>
    <motionState vehicle="3" speed="2482" time="2350" acceleration="6629"/>
    <motionState vehicle="4" speed="2842" time="2350" acceleration="3094"/>
    <motionState vehicle="5" speed="3205" time="2350" acceleration="13636"/>
    <motionState vehicle="6" speed="1825" time="2350" acceleration="2406"/>
    <motionState vehicle="7" speed="1828" time="2350" acceleration="2494"/>
    <motionState vehicle="8" speed="1840" time="2350" acceleration="2796"/>
    <motionState vehicle="9" speed="1886" time="2350" acceleration="3624"/>
    <motionState vehicle="10" speed="2019" time="2350" acceleration="5215"/>
    <motionState vehicle="11" speed="2318" time="2350" acceleration="6479"/>
    <motionState vehicle="0" speed="2740" time="2360" acceleration="3868"/>
    <motionState vehicle="1" speed="3175" time="2360" acceleration="13636"/>
    <motionState vehicle="2" speed="2261" time="2360" acceleration="5218"/>
    <motionState vehicle="3" speed="2488" time="2360" acceleration="6570"/>
    <motionState vehicle="4" speed="2845" time="2360" acceleration="2967"/>
    <motionState vehicle="5" speed="3218" time="2360" acceleration="13636"/>
    <motionState vehicle="6" speed="1827" time="2360" acceleration="2385"/>
    <motionState vehicle="7" speed="1830" time="2360" acceleration="2475"/>
    <motionState vehicle="8" speed="1843" time="2360" acceleration="2782"/>
    <motionState vehicle="9" speed="1889" time="2360" acceleration="3618"/>
    <motionState vehicle="10" speed="2024" time="2360" acceleration="5207"/>
    <motionState vehicle="11" speed="2324" time="2360" acceleration="6435"/>
    <motionState vehicle="0" speed="2744" time="2370" acceleration="3801"/>
    <motionState vehicle="1" speed="3189" time="2370" acceleration="13636"/>
    <motionState vehicle="2" speed="2267" time="2370" acceleration="5203"/>
    <motionState vehicle="3" speed="2495" time="2370" acceleration="6510"/>
    <motionState vehicle="4" speed="2848" time="2370" acceleration="2842"/>
    <motionState vehicle="5" speed="3232" time="2370" acceleration="13636"/>
    <motionState vehicle="6" speed="1830" time="2370" acceleration="2364"/>
    <motionState vehicle="7" speed="1833" time="2370" acceleration="2456"/>
    <motionState vehicle="8" speed="1846" time="2370" acceleration="2769"/>
    <motionState vehicle="9" speed="1893" time="2370" acceleration="3612"/>
    <motionState vehicle="10" speed="2030" time="2370" acceleration="5198"/>
    <motionState vehicle="11" speed="2331" time="2370" acceleration="6391"/>
    <motionState vehicle="0" speed="2748" time="2380" acceleration="3736"/>
    <motionState vehicle="1" speed="3202" time="2380" acceleration="13636"/>
    <motionState vehicle="2" speed="2272" time="2380" acceleration="5188"/>
    <motionState vehicle="3" speed="2501" time="2380" acceleration="6449"/>
    <motionState vehicle="4" speed="2851" time="2380" acceleration="2720"/>
    <motionState vehicle="5" speed="3245" time="2380" acceleration="13636"/>
    <motionState vehicle="6" speed="1832" time="2380" acceleration="2344"/>
    <motionState vehicle="7" speed="1835" time="2380" acceleration="2438"/>
    <motionState vehicle="8" speed="1849" time="2380" acceleration="2755"/>
    <motionState vehicle="9" speed="1897" time="2380" acceleration="3606"/>
    <motionState vehicle="10" speed="2035" time="2380" acceleration="5189"/>
    <motionState vehicle="11" speed="2337" time="2380" acceleration="6346"/>
    <motionState vehicle="0" speed="2751" time="2390" acceleration="3672"/>
    <motionState vehicle="1" speed="3216" time="2390" acceleration="13636"/>
    <motionState vehicle="2" speed="2277" time="2390" acceleration="5174"/>
    <motionState vehicle="3" speed="2508" time="2390" acceleration="6388"/>
    <motionState vehicle="4" speed="2853" time="2390" acceleration="2599"/>
    <motionState vehicle="5" speed="3259" time="2390" acceleration="13636"/>
    <motionState vehicle="6" speed="1834" time="2390" acceleration="2324"/>
    <motionState vehicle="7" speed="1838" time="2390" acceleration="2420"/>
    <motionState vehicle="8" speed="1852" time="2390" acceleration="2742"/>
    <motionState vehicle="9" speed="1900" time="2390" acceleration="3600"/>
    <motionState vehicle="10" speed="2040" time="2390" acceleration="5179"/>
    <motionState vehicle="11" speed="2343" time="2390" acceleration="6302"/>
    <motionState vehicle="0" speed="2755" time="2400" acceleration="3609"/>
    <motionState vehicle="1" speed="3230" time="2400" acceleration="13636"/>
    <motionState vehicle="2" speed="2282" time="2400" acceleration="5159"/>
    <motionState vehicle="3" speed="2514" time="2400" acceleration="6327"/>
    <motionState vehicle="4" speed="2856" time="2400" acceleration="2480"/>
    <motionState vehicle="5" speed="3273" time="2400" acceleration="13636"/>
    <motionState vehicle="6" speed="1837" time="2400" acceleration="2304"/>
    <motionState vehicle="7" speed="1840" time="2400" acceleration="2402"/>
    <motionState vehicle="8" speed="1854" time="2400" acceleration="2730"/>
    <motionState vehicle="9" speed="1904" time="2400" acceleration="3594"/>
    <motionState vehicle="10" speed="2045" time="2400" acceleration="5170"/>
    <motionState vehicle="11" speed="2350" time="2400" acceleration="6258"/>
    <motionState vehicle="0" speed="2758" time="2410" acceleration="3548"/>
    <motionState vehicle="1" speed="3243" time="2410" acceleration="13636"/>
    <motionState vehicle="2" speed="2287" time="2410" acceleration="5143"/>
    <motionState vehicle="3" speed="2520" time="2410" acceleration="6266"/>
    <motionState vehicle="4" speed="2858" time="2410" acceleration="2363"/>
    <motionState vehicle="5" speed="3286" time="2410" acceleration="13636"/>
    <motionState vehicle="6" speed="1839" time="2410" acceleration="2284"/>
    <motionState vehicle="7" speed="1842" time="2410" acceleration="2385"/>
    <motionState vehicle="8" speed="1857" time="2410" acceleration="2717"/>
    <motionState vehicle="9" speed="1907" time="2410" acceleration="3589"/>
    <motionState vehicle="10" speed="2050" time="2410" acceleration="5161"/>
    <motionState vehicle="11" speed="2356" time="2410" acceleration="6214"/>
    <motionState vehicle="0" speed="2762" time="2420" acceleration="3487"/>
    <motionState vehicle="1" speed="3257" time="2420" acceleration="13636"/>
    <motionState vehicle="2" speed="2292" time="2420" acceleration="5128"/>
    <motionState vehicle="3" speed="2526" time="2420" acceleration="6204"/>
    <motionState vehicle="4" speed="2860" time="2420" acceleration="2248"/>
    <motionState vehicle="5" speed="3300" time="2420" acceleration="13636"/>
    <motionState vehicle="6" speed="1841" time="2420" acceleration="2265"/>
    <motionState vehicle="7" speed="1845" time="2420" acceleration="2367"/>
    <motionState vehicle="8" speed="1860" time="2420" acceleration="2705"/>
    <motionState vehicle="9" speed="1911" time="2420" acceleration="3584"/>
    <motionState vehicle="10" speed="2055" time="2420" acceleration="5151"/>
    <motionState vehicle="11" speed="2362" time="2420" acceleration="6170"/>
    <motionState vehicle="0" speed="2765" time="2430" acceleration="3427"/>
    <motionState vehicle="1" speed="3271" time="2430" acceleration="13636"/>
    <motionState vehicle="2" speed="2298" time="2430" acceleration="5112"/>
    <motionState vehicle="3" speed="2533" time="2430" acceleration="6142"/>
    <motionState vehicle="4" speed="2863" time="2430" acceleration="2135"/>
    <motionState vehicle="5" speed="3314" time="2430" acceleration="13636"/>
    <motionState vehicle="6" speed="1843" time="2430" acceleration="2245"/>
    <motionState vehicle="7" speed="1847" time="2430" acceleration="2350"/>
    <motionState vehicle="8" speed="1862" time="2430" acceleration="2693"/>
    <motionState vehicle="9" speed="1914" time="2430" acceleration="3578"/>
    <motionState vehicle="10" speed="2061" time="2430" acceleration="5142"/>
    <motionState vehicle="11" speed="2368" time="2430" acceleration="6126"/>
    <motionState vehicle="0" speed="2769" time="2440" acceleration="3369"/>
    <motionState vehicle="1" speed="3284" time="2440" acceleration="13636"/>
    <motionState vehicle="2" speed="2303" time="2440" acceleration="5097"/>
    <motionState vehicle="3" speed="2539" time="2440" acceleration="6080"/>
    <motionState vehicle="4" speed="2865" time="2440" acceleration="2024"/>
    <motionState vehicle="5" speed="3327" time="2440" acceleration="13636"/>
    <motionState vehicle="6" speed="1846" time="2440" acceleration="2226"/>
    <motionState vehicle="7" speed="1850" time="2440" acceleration="2333"/>
    <motionState vehicle="8" speed="1865" time="2440" acceleration="2681"/>
    <motionState vehicle="9" speed="1918" time="2440" acceleration="3573"/>
    <motionState vehicle="10" speed="2066" time="2440" acceleration="5132"/>
    <motionState vehicle="11" speed="2374" time="2440" acceleration="6082"/>
    <motionState vehicle="0" speed="2772" time="2450" acceleration="3312"/>
    <motionState vehicle="1" speed="3298" time="2450" acceleration="13636"/>
    <motionState vehicle="2" speed="2308" time="2450" acceleration="5081"/>
    <motionState vehicle="3" speed="2545" time="2450" acceleration="6017"/>
    <motionState vehicle="4" speed="2867" time="2450" acceleration="1915"/>
    <motionState vehicle="5" speed="3341" time="2450" acceleration="13636"/>
    <motionState vehicle="6" speed="1848" time="2450" acceleration="2207"/>
    <motionState vehicle="7" speed="1852" time="2450" acceleration="2317"/>
    <motionState vehicle="8" speed="1868" time="2450" acceleration="2670"/>
    <motionState vehicle="9" speed="1922" time="2450" acceleration="3568"/>
    <motionState vehicle="10" speed="2071" time="2450" acceleration="5122"/>
    <motionState vehicle="11" speed="2380" time="2450" acceleration="6038"/>
    <motionState vehicle="0" speed="2775" time="2460" acceleration="3256"/>
    <motionState vehicle="1" speed="3312" time="2460" acceleration="13636"/>
    <motionState vehicle="2" speed="2313" time="2460" acceleration="5065"/>
    <motionState vehicle="3" speed="2551" time="2460" acceleration="5955"/>
    <motionState vehicle="4" speed="2868" time="2460" acceleration="1808"/>
    <motionState vehicle="5" speed="3355" time="2460" acceleration="13636"/>
    <motionState vehicle="6" speed="1850" time="2460" acceleration="2189"/>
    <motionState vehicle="7" speed="1854" time="2460" acceleration="2300"/>
    <motionState vehicle="8" speed="1870" time="2460" acceleration="2659"/>
    <motionState vehicle="9" speed="1925" time="2460" acceleration="3564"/>
    <motionState vehicle="10" speed="2076" time="2460" acceleration="5112"/>
    <motionState vehicle="11" speed="2386" time="2460" acceleration="5994"/>
    <motionState vehicle="0" speed="2779" time="2470" acceleration="3200"/>
    <motionState vehicle="1" speed="3325" time="2470" acceleration="13636"/>
    <motionState vehicle="2" speed="2318" time="2470" acceleration="5048"/>
    <motionState vehicle="3" speed="2557" time="2470" acceleration="5892"/>
    <motionState vehicle="4" speed="2870" time="2470" acceleration="1702"/>
    <motionState vehicle="5" speed="3368" time="2470" acceleration="13636"/>
    <motionState vehicle="6" speed="1852" time="2470" acceleration="2170"/>
    <motionState vehicle="7" speed="1856" time="2470" acceleration="2284"/>
    <motionState vehicle="8" speed="1873" time="2470" acceleration="2648"/>
    <motionState vehicle="9" speed="1929" time="2470" acceleration="3559"/>
    <motionState vehicle="10" speed="2081" time="2470" acceleration="5101"/>
    <motionState vehicle="11" speed="2392" time="2470" acceleration="5950"/>
    <motionState vehicle="0" speed="2782" time="2480" acceleration="3146"/>
    <motionState vehicle="1" speed="3339" time="2480" acceleration="13636"/>
    <motionState vehicle="2" speed="2323" time="2480" acceleration="5032"/>
    <motionState vehicle="3" speed="2562" time="2480" acceleration="5829"/>
    <motionState vehicle="4" speed="2872" time="2480" acceleration="1599"/>
    <motionState vehicle="5" speed="3382" time="2480" acceleration="13636"/>
    <motionState vehicle="6" speed="1854" time="2480" acceleration="2152"/>
    <motionState vehicle="7" speed="1859" time="2480" acceleration="2268"/>
    <motionState vehicle="8" speed="1876" time="2480" acceleration="2637"/>
    <motionState vehicle="9" speed="1932" time="2480" acceleration="3555"/>
    <motionState vehicle="10" speed="2086" time="2480" acceleration="5091"/>
    <motionState vehicle="11" speed="2398" time="2480" acceleration="5906"/>
    <motionState vehicle="0" speed="2785" time="2490" acceleration="3093"/>
    <motionState vehicle="1" speed="3352" time="2490" acceleration="13636"/>
    <motionState vehicle="2" speed="2328" time="2490" acceleration="5015"/>
    <motionState vehicle="3" speed="2568" time="2490" acceleration="5765"/>
    <motionState vehicle="4" speed="2873" time="2490" acceleration="1497"/>
    <motionState vehicle="5" speed="3395" time="2490" acceleration="13636"/>
    <motionState vehicle="6" speed="1856" time="2490" acceleration="2134"/>
    <motionState vehicle="7" speed="1861" time="2490" acceleration="2252"/>
    <motionState vehicle="8" speed="1878" time="2490" acceleration="2627"/>
    <motionState vehicle="9" speed="1936" time="2490" acceleration="3550"/>
    <motionState vehicle="10" speed="2091" time="2490" acceleration="5081"/>
    <motionState vehicle="11" speed="2404" time="2490" acceleration="5862"/>
    <motionState vehicle="0" speed="2788" time="2500" acceleration="3041"/>
    <motionState vehicle="1" speed="3366" time="2500" acceleration="13636"/>
    <motionState vehicle="2" speed="2333" time="2500" acceleration="4998"/>
    <motionState vehicle="3" speed="2574" time="2500" acceleration="5702"/>
    <motionState vehicle="4" speed="2875" time="2500" acceleration="1396"/>
    <motionState vehicle="5" speed="3409" time="2500" acceleration="13636"/>
    <motionState vehicle="6" speed="1859" time="2500" acceleration="2116"/>
    <motionState vehicle="7" speed="1863" time="2500" acceleration="2237"/>
    <motionState vehicle="8" speed="1881" time="2500" acceleration="2616"/>
    <motionState vehicle="9" speed="1939" time="2500" acceleration="3546"/>
    <motionState vehicle="10" speed="2096" time="2500" acceleration="5070"/>
    <motionState vehicle="11" speed="2410" time="2500" acceleration="5818"/>
    <motionState vehicle="0" speed="2791" time="2510" acceleration="2990"/>
    <motionState vehicle="1" speed="3380" time="2510" acceleration="13636"/>
    <motionState vehicle="2" speed="2338" time="2510" acceleration="4981"/>
    <motionState vehicle="3" speed="2579" time="2510" acceleration="5638"/>
    <motionState vehicle="4" speed="2876" time="2510" acceleration="1298"/>
    <motionState vehicle="5" speed="3423" time="2510" acceleration="13636"/>
    <motionState vehicle="6" speed="1861" time="2510" acceleration="2098"/>
    <motionState vehicle="7" speed="1865" time="2510" acceleration="2222"/>
    <motionState vehicle="8" speed="1884" time="2510" acceleration="2606"/>
    <motionState vehicle="9" speed="1943" time="2510" acceleration="3542"/>
    <motionState vehicle="10" speed="2101" time="2510" acceleration="5059"/>
    <motionState vehicle="11" speed="2416" time="2510" acceleration="5774"/>
    <motionState vehicle="0" speed="2794" time="2520" acceleration="2939"/>
    <motionState vehicle="1" speed="3393" time="2520" acceleration="13636"/>
    <motionState vehicle="2" speed="2343" time="2520" acceleration="4964"/>
    <motionState vehicle="3" speed="2585" time="2520" acceleration="5574"/>
    <motionState vehicle="4" speed="2877" time="2520" acceleration="1201"/>
    <motionState vehicle="5" speed="3436" time="2520" acceleration="13636"/>
    <motionState vehicle="6" speed="1863" time="2520" acceleration="2080"/>
    <motionState vehicle="7" speed="1868" time="2520" acceleration="2207"/>
    <motionState vehicle="8" speed="1886" time="2520" acceleration="2596"/>
    <motionState vehicle="9" speed="1946" time="2520" acceleration="3538"/>
    <motionState vehicle="10" speed="2106" time="2520" acceleration="5048"/>
    <motionState vehicle="11" speed="2421" time="2520" acceleration="5730"/>
    <motionState vehicle="0" speed="2797" time="2530" acceleration="2890"/>
    <motionState vehicle="1" speed="3407" time="2530" acceleration="13636"/>
    <motionState vehicle="2" speed="2348" time="2530" acceleration="4946"/>
    <motionState vehicle="3" speed="2591" time="2530" acceleration="5510"/>
    <motionState vehicle="4" speed="2878" time="2530" acceleration="1106"/>
    <motionState vehicle="5" speed="3450" time="2530" acceleration="13636"/>
    <motionState vehicle="6" speed="1865" time="2530" acceleration="2063"/>
    <motionState vehicle="7" speed="1870" time="2530" acceleration="2192"/>
    <motionState vehicle="8" speed="1889" time="2530" acceleration="2587"/>
    <motionState vehicle="9" speed="1950" time="2530" acceleration="3534"/>
    <motionState vehicle="10" speed="2111" time="2530" acceleration="5037"/>
    <motionState vehicle="11" speed="2427" time="2530" acceleration="5687"/>
    <motionState vehicle="0" speed="2799" time="2540" acceleration="2842"/>
    <motionState vehicle="1" speed="3421" time="2540" acceleration="13636"/>
    <motionState vehicle="2" speed="2353" time="2540" acceleration="4928"/>
    <motionState vehicle="3" speed="2596" time="2540" acceleration="5446"/>
    <motionState vehicle="4" speed="2879" time="2540" acceleration="1012"/>
    <motionState vehicle="5" speed="3464" time="2540" acceleration="13636"/>
    <motionState vehicle="6" speed="1867" time="2540" acceleration="2046"/>
    <motionState vehicle="7" speed="1872" time="2540" acceleration="2177"/>
    <motionState vehicle="8" speed="1891" time="2540" acceleration="2578"/>
    <motionState vehicle="9" speed="1954" time="2540" acceleration="3530"/>
    <motionState vehicle="10" speed="2116" time="2540" acceleration="5026"/>
    <motionState vehicle="11" speed="2433" time="2540" acceleration="5643"/>
    <motionState vehicle="0" speed="2802" time="2550" acceleration="2794"/>
    <motionState vehicle="1" speed="3434" time="2550" acceleration="13636"/>
    <motionState vehicle="2" speed="2358" time="2550" acceleration="4910"/>
    <motionState vehicle="3" speed="2601" time="2550" acceleration="5382"/>
    <motionState vehicle="4" speed="2880" time="2550" acceleration="921"/>
    <motionState vehicle="5" speed="3477" time="2550" acceleration="13636"/>
    <motionState vehicle="6" speed="1869" time="2550" acceleration="2029"/>
    <motionState vehicle="7" speed="1874" time="2550" acceleration="2163"/>
    <motionState vehicle="8" speed="1894" time="2550" acceleration="2568"/>
    <motionState vehicle="9" speed="1957" time="2550" acceleration="3526"/>
    <motionState vehicle="10" speed="2121" time="2550" acceleration="5015"/>
    <motionState vehicle="11" speed="2438" time="2550" acceleration="5600"/>
    <motionState vehicle="0" speed="2805" time="2560" acceleration="2748"/>
    <motionState vehicle="1" speed="3448" time="2560" acceleration="13636"/>
    <motionState vehicle="2" speed="2363" time="2560" acceleration="4892"/>
    <motionState vehicle="3" speed="2607" time="2560" acceleration="5318"/>
    <motionState vehicle="4" speed="2881" time="2560" acceleration="830"/>
    <motionState vehicle="5" speed="3491" time="2560" acceleration="13636"/>
    <motionState vehicle="6" speed="1871" time="2560" acceleration="2012"/>
    <motionState vehicle="7" speed="1876" time="2560" acceleration="2149"/>
    <motionState vehicle="8" speed="1896" time="2560" acceleration="2560"/>
    <motionState vehicle="9" speed="1961" time="2560" acceleration="3523"/>
    <motionState vehicle="10" speed="2126" time="2560" acceleration="5003"/>
    <motionState vehicle="11" speed="2444" time="2560" acceleration="5556"/>
    <motionState vehicle="0" speed="2808" time="2570" acceleration="2702"/>
    <motionState vehicle="1" speed="3462" time="2570" acceleration="13636"/>
    <motionState vehicle="2" speed="2367" time="2570" acceleration="4874"/>
    <motionState vehicle="3" speed="2612" time="2570" acceleration="5254"/>
    <motionState vehicle="4" speed="2882" time="2570" acceleration="742"/>
    <motionState vehicle="5" speed="3505" time="2570" acceleration="13636"/>
    <motionState vehicle="6" speed="1873" time="2570" acceleration="1996"/>
    <motionState vehicle="7" speed="1878" time="2570" acceleration="2135"/>
    <motionState vehicle="8" speed="1899" time="2570" acceleration="2551"/>
    <motionState vehicle="9" speed="1964" time="2570" acceleration="3519"/>
    <motionState vehicle="10" speed="2131" time="2570" acceleration="4992"/>
    <motionState vehicle="11" speed="2449" time="2570" acceleration="5513"/>
    <motionState vehicle="0" speed="2810" time="2580" acceleration="2657"/>
    <motionState vehicle="1" speed="3475" time="2580" acceleration="13636"/>
    <motionState vehicle="2" speed="2372" time="2580" acceleration="4855"/>
    <motionState vehicle="3" speed="2617" time="2580" acceleration="5190"/>
    <motionState vehicle="4" speed="2882" time="2580" acceleration="655"/>
    <motionState vehicle="5" speed="3518" time="2580" acceleration="13636"/>
    <motionState vehicle="6" speed="1875" time="2580" acceleration="1979"/>
    <motionState vehicle="7" speed="1881" time="2580" acceleration="2121"/>
    <motionState vehicle="8" speed="1901" time="2580" acceleration="2542"/>
    <motionState vehicle="9" speed="1968" time="2580" acceleration="3516"/>
    <motionState vehicle="10" speed="2136" time="2580" acceleration="4980"/>
    <motionState vehicle="11" speed="2455" time="2580" acceleration="5470"/>
    <motionState vehicle="0" speed="2813" time="2590" acceleration="2613"/>
    <motionState vehicle="1" speed="3489" time="2590" acceleration="13636"/>
    <motionState vehicle="2" speed="2377" time="2590" acceleration="4836"/>
    <motionState vehicle="3" speed="2622" time="2590" acceleration="5125"/>
    <motionState vehicle="4" speed="2883" time="2590" acceleration="569"/>
    <motionState vehicle="5" speed="3532" time="2590" acceleration="13636"/>
    <motionState vehicle="6" speed="1877" time="2590" acceleration="1963"/>
    <motionState vehicle="7" speed="1883" time="2590" acceleration="2107"/>
    <motionState vehicle="8" speed="1904" time="2590" acceleration="2534"/>
    <motionState vehicle="9" speed="1971" time="2590" acceleration="3513"/>
    <motionState vehicle="10" speed="2141" time="2590" acceleration="4968"/>
    <motionState vehicle="11" speed="2460" time="2590" acceleration="5427"/>
    <motionState vehicle="0" speed="2816" time="2600" acceleration="2570"/>
    <motionState vehicle="1" speed="3502" time="2600" acceleration="13636"/>
    <motionState vehicle="2" speed="2382" time="2600" acceleration="4817"/>
    <motionState vehicle="3" speed="2627" time="2600" acceleration="5061"/>
    <motionState vehicle="4" speed="2883" time="2600" acceleration="485"/>
    <motionState vehicle="5" speed="3545" time="2600" acceleration="13636"/>
    <motionState vehicle="6" speed="1879" time="2600" acceleration="1947"/>
    <motionState vehicle="7" speed="1885" time="2600" acceleration="2094"/>
    <motionState vehicle="8" speed="1907" time="2600" acceleration="2526"/>
    <motionState vehicle="9" speed="1975" time="2600" acceleration="3509"/>
    <motionState vehicle="10" speed="2146" time="2600" acceleration="4956"/>
    <motionState vehicle="11" speed="2466" time="2600" acceleration="5384"/>
    <motionState vehicle="0" speed="2818" time="2610" acceleration="2527"/>
    <motionState vehicle="1" speed="3516" time="2610" acceleration="13636"/>
    <motionState vehicle="2" speed="2387" time="2610" acceleration="4798"/>
    <motionState vehicle="3" speed="2632" time="2610" acceleration="4997"/>
    <motionState vehicle="4" speed="2884" time="2610" acceleration="403"/>
    <motionState vehicle="5" speed="3559" time="2610" acceleration="13636"/>
    <motionState vehicle="6" speed="1881" time="2610" acceleration="1931"/>
    <motionState vehicle="7" speed="1887" time="2610" acceleration="2081"/>
    <motionState vehicle="8" speed="1909" time="2610" acceleration="2518"/>
    <motionState vehicle="9" speed="1978" time="2610" acceleration="3506"/>
    <motionState vehicle="10" speed="2151" time="2610" acceleration="4944"/>
    <motionState vehicle="11" speed="2471" time="2610" acceleration="5342"/>
    <motionState vehicle="0" speed="2821" time="2620" acceleration="2486"/>
    <motionState vehicle="1" speed="3530" time="2620" acceleration="13636"/>
    <motionState vehicle="2" speed="2391" time="2620" acceleration="4779"/>
    <motionState vehicle="3" speed="2637" time="2620" acceleration="4932"/>
    <motionState vehicle="4" speed="2884" time="2620" acceleration="322"/>
    <motionState vehicle="5" speed="3573" time="2620" acceleration="13636"/>
    <motionState vehicle="6" speed="1883" time="2620" acceleration="1916"/>
    <motionState vehicle="7" speed="1889" time="2620" acceleration="2068"/>
    <motionState vehicle="8" speed="1912" time="2620" acceleration="2511"/>
    <motionState vehicle="9" speed="1982" time="2620" acceleration="3503"/>
    <motionState vehicle="10" speed="2156" time="2620" acceleration="4932"/>
    <motionState vehicle="11" speed="2476" time="2620" acceleration="5299"/>
    <motionState vehicle="0" speed="2823" time="2630" acceleration="2445"/>
    <motionState vehicle="1" speed="3543" time="2630" acceleration="13636"/>
    <motionState vehicle="2" speed="2396" time="2630" acceleration="4759"/>
    <motionState vehicle="3" speed="2642" time="2630" acceleration="4868"/>
    <motionState vehicle="4" speed="2884" time="2630" acceleration="242"/>
    <motionState vehicle="5" speed="3586" time="2630" acceleration="13636"/>
    <motionState vehicle="6" speed="1885" time="2630" acceleration="1900"/>
    <motionState vehicle="7" speed="1891" time="2630" acceleration="2055"/>
    <motionState vehicle="8" speed="1914" time="2630" acceleration="2503"/>
    <motionState vehicle="9" speed="1985" time="2630" acceleration="3500"/>
    <motionState vehicle="10" speed="2161" time="2630" acceleration="4919"/>
    <motionState vehicle="11" speed="2482" time="2630" acceleration="5257"/>
    <motionState vehicle="0" speed="2825" time="2640" acceleration="2405"/>
    <motionState vehicle="1" speed="3557" time="2640" acceleration="13636"/>
    <motionState vehicle="2" speed="2401" time="2640" acceleration="4739"/>
    <motionState vehicle="3" speed="2647" time="2640" acceleration="4804"/>
    <motionState vehicle="4" speed="2884" time="2640" acceleration="164"/>
    <motionState vehicle="5" speed="3600" time="2640" acceleration="13636"/>
    <motionState vehicle="6" speed="1886" time="2640" acceleration="1885"/>
    <motionState vehicle="7" speed="1893" time="2640" acceleration="2043"/>
    <motionState vehicle="8" speed="1917" time="2640" acceleration="2496"/>
    <motionState vehicle="9" speed="1989" time="2640" acceleration="3497"/>
    <motionState vehicle="10" speed="2166" time="2640" acceleration="4907"/>
    <motionState vehicle="11" speed="2487" time="2640" acceleration="5214"/>
    <motionState vehicle="0" speed="2828" time="2650" acceleration="2366"/>
    <motionState vehicle="1" speed="3571" time="2650" acceleration="13636"/>
    <motionState vehicle="2" speed="2406" time="2650" acceleration="4719"/>
    <motionState vehicle="3" speed="2652" time="2650" acceleration="4740"/>
    <motionState vehicle="4" speed="2885" time="2650" acceleration="88"/>
    <motionState vehicle="5" speed="3614" time="2650" acceleration="13636"/>
    <motionState vehicle="6" speed="1888" time="2650" acceleration="1870"/>
    <motionState vehicle="7" speed="1895" time="2650" acceleration="2030"/>
    <motionState vehicle="8" speed="1919" time="2650" acceleration="2489"/>
    <motionState vehicle="9" speed="1992" time="2650" acceleration="3494"/>
    <motionState vehicle="10" speed="2171" time="2650" acceleration="4894"/>
    <motionState vehicle="11" speed="2492" time="2650" acceleration="5172"/>
    <motionState vehicle="0" speed="2830" time="2660" acceleration="2327"/>
    <motionState vehicle="1" speed="3584" time="2660" acceleration="13636"/>
    <motionState vehicle="2" speed="2410" time="2660" acceleration="4698"/>
    <motionState vehicle="3" speed="2656" time="2660" acceleration="4675"/>
    <motionState vehicle="4" speed="2885" time="2660" acceleration="13"/>
    <motionState vehicle="5" speed="3627" time="2660" acceleration="13636"/>
    <motionState vehicle="6" speed="1890" time="2660" acceleration="1855"/>
    <motionState vehicle="7" speed="1897" time="2660" acceleration="2018"/>
    <motionState vehicle="8" speed="1922" time="2660" acceleration="2482"/>
    <motionState vehicle="9" speed="1996" time="2660" acceleration="3492"/>
    <motionState vehicle="10" speed="2176" time="2660" acceleration="4881"/>
    <motionState vehicle="11" speed="2497" time="2660" acceleration="5130"/>
    <motionState vehicle="0" speed="2832" time="2670" acceleration="2290"/>
    <motionState vehicle="1" speed="3598" time="2670" acceleration="13636"/>
    <motionState vehicle="2" speed="2415" time="2670" acceleration="4678"/>
    <motionState vehicle="3" speed="2661" time="2670" acceleration="4611"/>
    <motionState vehicle="4" speed="2884" time="2670" acceleration="-60"/>
    <motionState vehicle="5" speed="3641" time="2670" acceleration="13636"/>
    <motionState vehicle="6" speed="1892" time="2670" acceleration="1840"/>
    <motionState vehicle="7" speed="1899" time="2670" acceleration="2006"/>
    <motionState vehicle="8" speed="1924" time="2670" acceleration="2475"/>
    <motionState vehicle="9" speed="1999" time="2670" acceleration="3489"/>
    <motionState vehicle="10" speed="2181" time="2670" acceleration="4868"/>
    <motionState vehicle="11" speed="2502" time="2670" acceleration="5088"/>
    <motionState vehicle="0" speed="2835" time="2680" acceleration="2253"/>
    <motionState vehicle="1" speed="3612" time="2680" acceleration="13636"/>
    <motionState vehicle="2" speed="2420" time="2680" acceleration="4657"/>
    <motionState vehicle="3" speed="2666" time="2680" acceleration="4547"/>
    <motionState vehicle="4" speed="2884" time="2680" acceleration="-133"/>
    <motionState vehicle="5" speed="3655" time="2680" acceleration="13636"/>
    <motionState vehicle="6" speed="1894" time="2680" acceleration="1826"/>
    <motionState vehicle="7" speed="1901" time="2680" acceleration="1995"/>
    <motionState vehicle="8" speed="1927" time="2680" acceleration="2469"/>
    <motionState vehicle="9" speed="2003" time="2680" acceleration="3486"/>
    <motionState vehicle="10" speed="2186" time="2680" acceleration="4855"/>
    <motionState vehicle="11" speed="2507" time="2680" acceleration="5047"/>
    <motionState vehicle="0" speed="2837" time="2690" acceleration="2216"/>
    <motionState vehicle="1" speed="3625" time="2690" acceleration="13636"/>
    <motionState vehicle="2" speed="2424" time="2690" acceleration="4636"/>
    <motionState vehicle="3" speed="2670" time="2690" acceleration="4483"/>
    <motionState vehicle="4" speed="2884" time="2690" acceleration="-204"/>
    <motionState vehicle="5" speed="3668" time="2690" acceleration="13636"/>
    <motionState vehicle="6" speed="1896" time="2690" acceleration="1811"/>
    <motionState vehicle="7" speed="1903" time="2690" acceleration="1983"/>
    <motionState vehicle="8" speed="1929" time="2690" acceleration="2463"/>
    <motionState vehicle="9" speed="2006" time="2690" acceleration="3484"/>
    <motionState vehicle="10" speed="2190" time="2690" acceleration="4842"/>
    <motionState vehicle="11" speed="2512" time="2690" acceleration="5005"/>
    <motionState vehicle="0" speed="2839" time="2700" acceleration="2181"/>
    <motionState vehicle="1" speed="3639" time="2700" acceleration="13636"/>
    <motionState vehicle="2" speed="2429" time="2700" acceleration="4615"/>
    <motionState vehicle="3" speed="2674" time="2700" acceleration="4419"/>
    <motionState vehicle="4" speed="2884" time="2700" acceleration="-273"/>
    <motionState vehicle="5" speed="3682" time="2700" acceleration="13636"/>
    <motionState vehicle="6" speed="1897" time="2700" acceleration="1797"/>
    <motionState vehicle="7" speed="1905" time="2700" acceleration="1972"/>
    <motionState vehicle="8" speed="1931" time="2700" acceleration="2457"/>
    <motionState vehicle="9" speed="2010" time="2700" acceleration="3481"/>
    <motionState vehicle="10" speed="2195" time="2700" acceleration="4829"/>
    <motionState vehicle="11" speed="2517" time="2700" acceleration="4964"/>
    <motionState vehicle="0" speed="2841" time="2710" acceleration="2146"/>
    <motionState vehicle="1" speed="3652" time="2710" acceleration="13636"/>
    <motionState vehicle="2" speed="2434" time="2710" acceleration="4593"/>
    <motionState vehicle="3" speed="2679" time="2710" acceleration="4355"/>
    <motionState vehicle="4" speed="2884" time="2710" acceleration="-342"/>
    <motionState vehicle="5" speed="3695" time="2710" acceleration="13636"/>
    <motionState vehicle="6" speed="1899" time="2710" acceleration="1783"/>
    <motionState vehicle="7" speed="1907" time="2710" acceleration="1961"/>
    <motionState vehicle="8" speed="1934" time="2710" acceleration="2451"/>
    <motionState vehicle="9" speed="2013" time="2710" acceleration="3479"/>
    <motionState vehicle="10" speed="2200" time="2710" acceleration="4815"/>
    <motionState vehicle="11" speed="2522" time="2710" acceleration="4923"/>
    <motionState vehicle="0" speed="2843" time="2720" acceleration="2111"/>
    <motionState vehicle="1" speed="3666" time="2720" acceleration="13636"/>
    <motionState vehicle="2" speed="2438" time="2720" acceleration="4572"/>
    <motionState vehicle="3" speed="2683" time="2720" acceleration="4292"/>
    <motionState vehicle="4" speed="2883" time="2720" acceleration="-409"/>
    <motionState vehicle="5" speed="3709" time="2720" acceleration="13636"/>
    <motionState vehicle="6" speed="1901" time="2720" acceleration="1769"/>
    <motionState vehicle="7" speed="1909" time="2720" acceleration="1950"/>
    <motionState vehicle="8" speed="1936" time="2720" acceleration="2445"/>
    <motionState vehicle="9" speed="2017" time="2720" acceleration="3476"/>
    <motionState vehicle="10" speed="2205" time="2720" acceleration="4802"/>
    <motionState vehicle="11" speed="2527" time="2720" acceleration="4882"/>
    <motionState vehicle="0" speed="2845" time="2730" acceleration="2078"/>
    <motionState vehicle="1" speed="3680" time="2730" acceleration="13636"/>
    <motionState vehicle="2" speed="2443" time="2730" acceleration="4550"/>
    <motionState vehicle="3" speed="2687" time="2730" acceleration="4228"/>
    <motionState vehicle="4" speed="2883" time="2730" acceleration="-474"/>
    <motionState vehicle="5" speed="3723" time="2730" acceleration="13636"/>
    <motionState vehicle="6" speed="1903" time="2730" acceleration="1755"/>
    <motionState vehicle="7" speed="1911" time="2730" acceleration="1939"/>
    <motionState vehicle="8" speed="1939" time="2730" acceleration="2439"/>
    <motionState vehicle="9" speed="2020" time="2730" acceleration="3474"/>
    <motionState vehicle="10" speed="2210" time="2730" acceleration="4788"/>
    <motionState vehicle="11" speed="2532" time="2730" acceleration="4841"/>
    <motionState vehicle="0" speed="2847" time="2740" acceleration="2045"/>
    <motionState vehicle="1" speed="3693" time="2740" acceleration="13636"/>
    <motionState vehicle="2" speed="2447" time="2740" acceleration="4528"/>
    <motionState vehicle="3" speed="2691" time="2740" acceleration="4165"/>
    <motionState vehicle="4" speed="2882" time="2740" acceleration="-539"/>
    <motionState vehicle="5" speed="3736" time="2740" acceleration="13636"/>
    <motionState vehicle="6" speed="1904" time="2740" acceleration="1742"/>
    <motionState vehicle="7" speed="1913" time="2740" acceleration="1929"/>
    <motionState vehicle="8" speed="1941" time="2740" acceleration="2434"/>
    <motionState vehicle="9" speed="2023" time="2740" acceleration="3471"/>
    <motionState vehicle="10" speed="2214" time="2740" acceleration="4774"/>
    <motionState vehicle="11" speed="2537" time="2740" acceleration="4800"/>
    <motionState vehicle="0" speed="2849" time="2750" acceleration="2012"/>
    <motionState vehicle="1" speed="3707" time="2750" acceleration="13636"/>
    <motionState vehicle="2" speed="2452" time="2750" acceleration="4506"/>
    <motionState vehicle="3" speed="2696" time="2750" acceleration="4101"/>
    <motionState vehicle="4" speed="2882" time="2750" acceleration="-602"/>
    <motionState vehicle="5" speed="3750" time="2750" acceleration="13636"/>
    <motionState vehicle="6" speed="1906" time="2750" acceleration="1728"/>
    <motionState vehicle="7" speed="1915" time="2750" acceleration="1918"/>
    <motionState vehicle="8" speed="1944" time="2750" acceleration="2429"/>
    <motionState vehicle="9" speed="2027" time="2750" acceleration="3469"/>
    <motionState vehicle="10" speed="2219" time="2750" acceleration="4761"/>
    <motionState vehicle="11" speed="2541" time="2750" acceleration="4760"/>
    <motionState vehicle="0" speed="2851" time="2760" acceleration="1980"/>
    <motionState vehicle="1" speed="3721" time="2760" acceleration="13636"/>
    <motionState vehicle="2" speed="2456" time="2760" acceleration="4483"/>
    <motionState vehicle="3" speed="2700" time="2760" acceleration="4038"/>
    <motionState vehicle="4" speed="2881" time="2760" acceleration="-664"/>
    <motionState vehicle="5" speed="3764" time="2760" acceleration="13636"/>
    <motionState vehicle="6" speed="1908" time="2760" acceleration="1715"/>
    <motionState vehicle="7" speed="1917" time="2760" acceleration="1908"/>
    <motionState vehicle="8" speed="1946" time="2760" acceleration="2424"/>
    <motionState vehicle="9" speed="2030" time="2760" acceleration="3467"/>
    <motionState vehicle="10" speed="2224" time="2760" acceleration="4747"/>
    <motionState vehicle="11" speed="2546" time="2760" acceleration="4720"/>
    <motionState vehicle="0" speed="2853" time="2770" acceleration="1949"/>
    <motionState vehicle="1" speed="3734" time="2770" acceleration="13636"/>
    <motionState vehicle="2" speed="2461" time="2770" acceleration="4461"/>
    <motionState vehicle="3" speed="2704" time="2770" acceleration="3975"/>
    <motionState vehicle="4" speed="2880" time="2770" acceleration="-725"/>
    <motionState vehicle="5" speed="3777" time="2770" acceleration="13636"/>
    <motionState vehicle="6" speed="1910" time="2770" acceleration="1702"/>
    <motionState vehicle="7" speed="1918" time="2770" acceleration="1898"/>
    <motionState vehicle="8" speed="1948" time="2770" acceleration="2419"/>
    <motionState vehicle="9" speed="2034" time="2770" acceleration="3464"/>
    <motionState vehicle="10" speed="2229" time="2770" acceleration="4733"/>
    <motionState vehicle="11" speed="2551" time="2770" acceleration="4680"/>
    <motionState vehicle="0" speed="2855" time="2780" acceleration="1919"/>
    <motionState vehicle="1" speed="3748" time="2780" acceleration="13636"/>
    <motionState vehicle="2" speed="2465" time="2780" acceleration="4438"/>
    <motionState vehicle="3" speed="2707" time="2780" acceleration="3912"/>
    <motionState vehicle="4" speed="2879" time="2780" acceleration="-784"/>
    <motionState vehicle="5" speed="3791" time="2780" acceleration="13636"/>
    <motionState vehicle="6" speed="1911" time="2780" acceleration="1689"/>
    <motionState vehicle="7" speed="1920" time="2780" acceleration="1888"/>
    <motionState vehicle="8" speed="1951" time="2780" acceleration="2414"/>
    <motionState vehicle="9" speed="2037" time="2780" acceleration="3462"/>
    <motionState vehicle="10" speed="2233" time="2780" acceleration="4718"/>
    <motionState vehicle="11" speed="2555" time="2780" acceleration="4640"/>
    <motionState vehicle="0" speed="2857" time="2790" acceleration="1889"/>
    <motionState vehicle="1" speed="3762" time="2790" acceleration="13636"/>
    <motionState vehicle="2" speed="2470" time="2790" acceleration="4415"/>
    <motionState vehicle="3" speed="2711" time="2790" acceleration="3850"/>
    <motionState vehicle="4" speed="2878" time="2790" acceleration="-843"/>
    <motionState vehicle="5" speed="3805" time="2790" acceleration="13636"/>
    <motionState vehicle="6" speed="1913" time="2790" acceleration="1676"/>
    <motionState vehicle="7" speed="1922" time="2790" acceleration="1879"/>
    <motionState vehicle="8" speed="1953" time="2790" acceleration="2410"/>
    <motionState vehicle="9" speed="2041" time="2790" acceleration="3460"/>
    <motionState vehicle="10" speed="2238" time="2790" acceleration="4704"/>
    <motionState vehicle="11" speed="2560" time="2790" acceleration="4600"/>
    <motionState vehicle="0" speed="2859" time="2800" acceleration="1859"/>
    <motionState vehicle="1" speed="3775" time="2800" acceleration="13636"/>
    <motionState vehicle="2" speed="2474" time="2800" acceleration="4391"/>
    <motionState vehicle="3" speed="2715" time="2800" acceleration="3787"/>
    <motionState vehicle="4" speed="2878" time="2800" acceleration="-900"/>
    <motionState vehicle="5" speed="3818" time="2800" acceleration="13636"/>
    <motionState vehicle="6" speed="1915" time="2800" acceleration="1664"/>
    <motionState vehicle="7" speed="1924" time="2800" acceleration="1869"/>
    <motionState vehicle="8" speed="1956" time="2800" acceleration="2405"/>
    <motionState vehicle="9" speed="2044" time="2800" acceleration="3458"/>
    <motionState vehicle="10" speed="2243" time="2800" acceleration="4690"/>
    <motionState vehicle="11" speed="2565" time="2800" acceleration="4561"/>
    <motionState vehicle="0" speed="2861" time="2810" acceleration="1830"/>
    <motionState vehicle="1" speed="3789" time="2810" acceleration="13636"/>
    <motionState vehicle="2" speed="2478" time="2810" acceleration="4368"/>
    <motionState vehicle="3" speed="2719" time="2810" acceleration="3725"/>
    <motionState vehicle="4" speed="2877" time="2810" acceleration="-956"/>
    <motionState vehicle="5" speed="3832" time="2810" acceleration="13636"/>
    <motionState vehicle="6" speed="1916" time="2810" acceleration="1652"/>
    <motionState vehicle="7" speed="1926" time="2810" acceleration="1860"/>
    <motionState vehicle="8" speed="1958" time="2810" acceleration="2401"/>
    <motionState vehicle="9" speed="2048" time="2810" acceleration="3455"/>
    <motionState vehicle="10" speed="2247" time="2810" acceleration="4675"/>
    <motionState vehicle="11" speed="2569" time="2810" acceleration="4521"/>
    <motionState vehicle="0" speed="2863" time="2820" acceleration="1802"/>
    <motionState vehicle="1" speed="3802" time="2820" acceleration="13636"/>
    <motionState vehicle="2" speed="2483" time="2820" acceleration="4344"/>
    <motionState vehicle="3" speed="2723" time="2820" acceleration="3663"/>
    <motionState vehicle="4" speed="2876" time="2820" acceleration="-1011"/>
    <motionState vehicle="5" speed="3845" time="2820" acceleration="13636"/>
    <motionState vehicle="6" speed="1918" time="2820" acceleration="1639"/>
    <motionState vehicle="7" speed="1928" time="2820" acceleration="1851"/>
    <motionState vehicle="8" speed="1960" time="2820" acceleration="2397"/>
    <motionState vehicle="9" speed="2051" time="2820" acceleration="3453"/>
    <motionState vehicle="10" speed="2252" time="2820" acceleration="4660"/>
    <motionState vehicle="11" speed="2574" time="2820" acceleration="4482"/>
    <motionState vehicle="0" speed="2864" time="2830" acceleration="1774"/>
    <motionState vehicle="1" speed="3816" time="2830" acceleration="13636"/>
    <motionState vehicle="2" speed="2487" time="2830" acceleration="4320"/>
    <motionState vehicle="3" speed="2726" time="2830" acceleration="3601"/>
    <motionState vehicle="4" speed="2875" time="2830" acceleration="-1065"/>
    <motionState vehicle="5" speed="3859" time="2830" acceleration="13636"/>
    <motionState vehicle="6" speed="1920" time="2830" acceleration="1627"/>
    <motionState vehicle="7" speed="1930" time="2830" acceleration="1842"/>
    <motionState vehicle="8" speed="1963" time="2830" acceleration="2393"/>
    <motionState vehicle="9" speed="2055" time="2830" acceleration="3451"/>
    <motionState vehicle="10" speed="2257" time="2830" acceleration="4646"/>
    <motionState vehicle="11" speed="2578" time="2830" acceleration="4443"/>
    <motionState vehicle="0" speed="2866" time="2840" acceleration="1747"/>
    <motionState vehicle="1" speed="3830" time="2840" acceleration="13636"/>
    <motionState vehicle="2" speed="2491" time="2840" acceleration="4296"/>
    <motionState vehicle="3" speed="2730" time="2840" acceleration="3539"/>
    <motionState vehicle="4" speed="2873" time="2840" acceleration="-1117"/>
    <motionState vehicle="5" speed="3873" time="2840" acceleration="13636"/>
    <motionState vehicle="6" speed="1921" time="2840" acceleration="1615"/>
    <motionState vehicle="7" speed="1932" time="2840" acceleration="1833"/>
    <motionState vehicle="8" speed="1965" time="2840" acceleration="2389"/>
    <motionState vehicle="9" speed="2058" time="2840" acceleration="3449"/>
    <motionState vehicle="10" speed="2261" time="2840" acceleration="4631"/>
    <motionState vehicle="11" speed="2582" time="2840" acceleration="4405"/>
    <motionState vehicle="0" speed="2868" time="2850" acceleration="1720"/>
    <motionState vehicle="1" speed="3843" time="2850" acceleration="13636"/>
    <motionState vehicle="2" speed="2496" time="2850" acceleration="4272"/>
    <motionState vehicle="3" speed="2733" time="2850" acceleration="3478"/>
    <motionState vehicle="4" speed="2872" time="2850" acceleration="-1169"/>
    <motionState vehicle="5" speed="3886" time="2850" acceleration="13636"/>
    <motionState vehicle="6" speed="1923" time="2850" acceleration="1604"/>
    <motionState vehicle="7" speed="1933" time="2850" acceleration="1825"/>
    <motionState vehicle="8" speed="1968" time="2850" acceleration="2385"/>
    <motionState vehicle="9" speed="2062" time="2850" acceleration="3447"/>
    <motionState vehicle="10" speed="2266" time="2850" acceleration="4616"/>
    <motionState vehicle="11" speed="2587" time="2850" acceleration="4366"/>
    <motionState vehicle="0" speed="2870" time="2860" acceleration="1694"/>
    <motionState vehicle="1" speed="3857" time="2860" acceleration="13636"/>
    <motionState vehicle="2" speed="2500" time="2860" acceleration="4247"/>
    <motionState vehicle="3" speed="2737" time="2860" acceleration="3417"/>
    <motionState vehicle="4" speed="2871" time="2860" acceleration="-1219"/>
    <motionState vehicle="5" speed="3900" time="2860" acceleration="13636"/>
    <motionState vehicle="6" speed="1924" time="2860" acceleration="1592"/>
    <motionState vehicle="7" speed="1935" time="2860" acceleration="1816"/>
    <motionState vehicle="8" speed="1970" time="2860" acceleration="2382"/>
    <motionState vehicle="9" speed="2065" time="2860" acceleration="3445"/>
    <motionState vehicle="10" speed="2271" time="2860" acceleration="4601"/>
    <motionState vehicle="11" speed="2591" time="2860" acceleration="4328"/>
    <motionState vehicle="0" speed="2871" time="2870" acceleration="1668"/>
    <motionState vehicle="1" speed="3871" time="2870" acceleration="13636"/>
    <motionState vehicle="2" speed="2504" time="2870" acceleration="4223"/>
    <motionState vehicle="3" speed="2740" time="2870" acceleration="3356"/>
    <motionState vehicle="4" speed="2870" time="2870" acceleration="-1269"/>
    <motionState vehicle="5" speed="3914" time="2870" acceleration="13636"/>
    <motionState vehicle="6" speed="1926" time="2870" acceleration="1580"/>
    <motionState vehicle="7" speed="1937" time="2870" acceleration="1808"/>
    <motionState vehicle="8" speed="1972" time="2870" acceleration="2379"/>
    <motionState vehicle="9" speed="2068" time="2870" acceleration="3443"/>
    <motionState vehicle="10" speed="2275" time="2870" acceleration="4586"/>
    <motionState vehicle="11" speed="2595" time="2870" acceleration="4290"/>
    <motionState vehicle="0" speed="2873" time="2880" acceleration="1643"/>
    <motionState vehicle="1" speed="3884" time="2880" acceleration="13636"/>
    <motionState vehicle="2" speed="2508" time="2880" acceleration="4198"/>
    <motionState vehicle="3" speed="2743" time="2880" acceleration="3295"/>
    <motionState vehicle="4" speed="2868" time="2880" acceleration="-1317"/>
    <motionState vehicle="5" speed="3927" time="2880" acceleration="13636"/>
    <motionState vehicle="6" speed="1928" time="2880" acceleration="1569"/>
    <motionState vehicle="7" speed="1939" time="2880" acceleration="1800"/>
    <motionState vehicle="8" speed="1975" time="2880" acceleration="2375"/>
    <motionState vehicle="9" speed="2072" time="2880" acceleration="3440"/>
    <motionState vehicle="10" speed="2280" time="2880" acceleration="4570"/>
    <motionState vehicle="11" speed="2600" time="2880" acceleration="4252"/>
    <motionState vehicle="0" speed="2875" time="2890" acceleration="1618"/>
    <motionState vehicle="1" speed="3898" time="2890" acceleration="13636"/>
    <motionState vehicle="2" speed="2512" time="2890" acceleration="4173"/>
    <motionState vehicle="3" speed="2746" time="2890" acceleration="3234"/>
    <motionState vehicle="4" speed="2867" time="2890" acceleration="-1364"/>
    <motionState vehicle="5" speed="3941" time="2890" acceleration="13636"/>
    <motionState vehicle="6" speed="1929" time="2890" acceleration="1558"/>
    <motionState vehicle="7" speed="1941" time="2890" acceleration="1792"/>
    <motionState vehicle="8" speed="1977" time="2890" acceleration="2372"/>
    <motionState vehicle="9" speed="2075" time="2890" acceleration="3438"/>
    <motionState vehicle="10" speed="2284" time="2890" acceleration="4555"/>
    <motionState vehicle="11" speed="2604" time="2890" acceleration="4215"/>
    <motionState vehicle="0" speed="2876" time="2900" acceleration="1593"/>
    <motionState vehicle="1" speed="3912" time="2900" acceleration="13636"/>
    <motionState vehicle="2" speed="2516" time="2900" acceleration="4148"/>
    <motionState vehicle="3" speed="2750" time="2900" acceleration="3174"/>
    <motionState vehicle="4" speed="2866" time="2900" acceleration="-1411"/>
    <motionState vehicle="5" speed="3955" time="2900" acceleration="13636"/>
    <motionState vehicle="6" speed="1931" time="2900" acceleration="1547"/>
    <motionState vehicle="7" speed="1942" time="2900" acceleration="1785"/>
    <motionState vehicle="8" speed="1980" time="2900" acceleration="2369"/>
    <motionState vehicle="9" speed="2079" time="2900" acceleration="3436"/>
    <motionState vehicle="10" speed="2289" time="2900" acceleration="4539"/>
    <motionState vehicle="11" speed="2608" time="2900" acceleration="4178"/>
    <motionState vehicle="0" speed="2878" time="2910" acceleration="1569"/>
    <motionState vehicle="1" speed="3925" time="2910" acceleration="13636"/>
    <motionState vehicle="2" speed="2521" time="2910" acceleration="4122"/>
    <motionState vehicle="3" speed="2753" time="2910" acceleration="3114"/>
    <motionState vehicle="4" speed="2864" time="2910" acceleration="-1456"/>
    <motionState vehicle="5" speed="3968" time="2910" acceleration="13636"/>
    <motionState vehicle="6" speed="1932" time="2910" acceleration="1536"/>
    <motionState vehicle="7" speed="1944" time="2910" acceleration="1777"/>
    <motionState vehicle="8" speed="1982" time="2910" acceleration="2367"/>
    <motionState vehicle="9" speed="2082" time="2910" acceleration="3434"/>
    <motionState vehicle="10" speed="2293" time="2910" acceleration="4524"/>
    <motionState vehicle="11" speed="2612" time="2910" acceleration="4141"/>
    <motionState vehicle="0" speed="2879" time="2920" acceleration="1546"/>
    <motionState vehicle="1" speed="3939" time="2920" acceleration="13636"/>
    <motionState vehicle="2" speed="2525" time="2920" acceleration="4097"/>
    <motionState vehicle="3" speed="2756" time="2920" acceleration="3055"/>
    <motionState vehicle="4" speed="2863" time="2920" acceleration="-1500"/>
    <motionState vehicle="5" speed="3982" time="2920" acceleration="13636"/>
    <motionState vehicle="6" speed="1934" time="2920" acceleration="1526"/>
    <motionState vehicle="7" speed="1946" time="2920" acceleration="1770"/>
    <motionState vehicle="8" speed="1984" time="2920" acceleration="2364"/>
    <motionState vehicle="9" speed="2086" time="2920" acceleration="3432"/>
    <motionState vehicle="10" speed="2298" time="2920" acceleration="4508"/>
    <motionState vehicle="11" speed="2616" time="2920" acceleration="4104"/>
    <motionState vehicle="0" speed="2881" time="2930" acceleration="1523"/>
    <motionState vehicle="1" speed="3952" time="2930" acceleration="13636"/>
    <motionState vehicle="2" speed="2529" time="2930" acceleration="4071"/>
    <motionState vehicle="3" speed="2759" time="2930" acceleration="2995"/>
    <motionState vehicle="4" speed="2861" time="2930" acceleration="-1544"/>
    <motionState vehicle="5" speed="3995" time="2930" acceleration="13636"/>
    <motionState vehicle="6" speed="1935" time="2930" acceleration="1515"/>
    <motionState vehicle="7" speed="1948" time="2930" acceleration="1763"/>
    <motionState vehicle="8" speed="1987" time="2930" acceleration="2361"/>
    <motionState vehicle="9" speed="2089" time="2930" acceleration="3430"/>
    <motionState vehicle="10" speed="2302" time="2930" acceleration="4493"/>
    <motionState vehicle="11" speed="2620" time="2930" acceleration="4067"/>
    <motionState vehicle="0" speed="2882" time="2940" acceleration="1500"/>
    <motionState vehicle="1" speed="3966" time="2940" acceleration="13636"/>
    <motionState vehicle="2" speed="2533" time="2940" acceleration="4045"/>
    <motionState vehicle="3" speed="2762" time="2940" acceleration="2936"/>
    <motionState vehicle="4" speed="2860" time="2940" acceleration="-1586"/>
    <motionState vehicle="5" speed="4009" time="2940" acceleration="13636"/>
    <motionState vehicle="6" speed="1937" time="2940" acceleration="1505"/>
    <motionState vehicle="7" speed="1949" time="2940" acceleration="1756"/>
    <motionState vehicle="8" speed="1989" time="2940" acceleration="2359"/>
    <motionState vehicle="9" speed="2092" time="2940" acceleration="3428"/>
    <motionState vehicle="10" speed="2307" time="2940" acceleration="4477"/>
    <motionState vehicle="11" speed="2624" time="2940" acceleration="4031"/>
    <motionState vehicle="0" speed="2884" time="2950" acceleration="1478"/>
    <motionState vehicle="1" speed="3980" time="2950" acceleration="13636"/>
    <motionState vehicle="2" speed="2537" time="2950" acceleration="4019"/>
    <motionState vehicle="3" speed="2765" time="2950" acceleration="2877"/>
    <motionState vehicle="4" speed="2858" time="2950" acceleration="-1627"/>
    <motionState vehicle="5" speed="4023" time="2950" acceleration="13636"/>
    <motionState vehicle="6" speed="1938" time="2950" acceleration="1494"/>
    <motionState vehicle="7" speed="1951" time="2950" acceleration="1749"/>
    <motionState vehicle="8" speed="1991" time="2950" acceleration="2356"/>
    <motionState vehicle="9" speed="2096" time="2950" acceleration="3426"/>
    <motionState vehicle="10" speed="2311" time="2950" acceleration="4461"/>
    <motionState vehicle="11" speed="2628" time="2950" acceleration="3994"/>
    <motionState vehicle="0" speed="2885" time="2960" acceleration="1456"/>
    <motionState vehicle="1" speed="3993" time="2960" acceleration="13636"/>
    <motionState vehicle="2" speed="2541" time="2960" acceleration="3993"/>
    <motionState vehicle="3" speed="2767" time="2960" acceleration="2818"/>
    <motionState vehicle="4" speed="2856" time="2960" acceleration="-1668"/>
    <motionState vehicle="5" speed="4036" time="2960" acceleration="13636"/>
    <motionState vehicle="6" speed="1940" time="2960" acceleration="1484"/>
    <motionState vehicle="7" speed="1953" time="2960" acceleration="1742"/>
    <motionState vehicle="8" speed="1994" time="2960" acceleration="2354"/>
    <motionState vehicle="9" speed="2099" time="2960" acceleration="3423"/>
    <motionState vehicle="10" speed="2316" time="2960" acceleration="4445"/>
    <motionState vehicle="11" speed="2632" time="2960" acceleration="3958"/>
    <motionState vehicle="0" speed="2887" time="2970" acceleration="1435"/>
    <motionState vehicle="1" speed="4007" time="2970" acceleration="13636"/>
    <motionState vehicle="2" speed="2545" time="2970" acceleration="3967"/>
    <motionState vehicle="3" speed="2770" time="2970" acceleration="2760"/>
    <motionState vehicle="4" speed="2855" time="2970" acceleration="-1707"/>
    <motionState vehicle="5" speed="4050" time="2970" acceleration="13636"/>
    <motionState vehicle="6" speed="1941" time="2970" acceleration="1474"/>
    <motionState vehicle="7" speed="1955" time="2970" acceleration="1735"/>
    <motionState vehicle="8" speed="1996" time="2970" acceleration="2352"/>
    <motionState vehicle="9" speed="2103" time="2970" acceleration="3421"/>
    <motionState vehicle="10" speed="2320" time="2970" acceleration="4429"/>
    <motionState vehicle="11" speed="2636" time="2970" acceleration="3923"/>
    <motionState vehicle="0" speed="2888" time="2980" acceleration="1413"/>
    <motionState vehicle="1" speed="4021" time="2980" acceleration="13636"/>
    <motionState vehicle="2" speed="2549" time="2980" acceleration="3940"/>
    <motionState vehicle="3" speed="2773" time="2980" acceleration="2702"/>
    <motionState vehicle="4" speed="2853" time="2980" acceleration="-1746"/>
    <motionState vehicle="5" speed="4064" time="2980" acceleration="13636"/>
    <motionState vehicle="6" speed="1943" time="2980" acceleration="1464"/>
    <motionState vehicle="7" speed="1956" time="2980" acceleration="1729"/>
    <motionState vehicle="8" speed="1998" time="2980" acceleration="2350"/>
    <motionState vehicle="9" speed="2106" time="2980" acceleration="3419"/>
    <motionState vehicle="10" speed="2325" time="2980" acceleration="4413"/>
    <motionState vehicle="11" speed="2640" time="2980" acceleration="3887"/>
    <motionState vehicle="0" speed="2889" time="2990" acceleration="1393"/>
    <motionState vehicle="1" speed="4034" time="2990" acceleration="13636"/>
    <motionState vehicle="2" speed="2553" time="2990" acceleration="3913"/>
    <motionState vehicle="3" speed="2776" time="2990" acceleration="2644"/>
    <motionState vehicle="4" speed="2851" time="2990" acceleration="-1783"/>
    <motionState vehicle="5" speed="4077" time="2990" acceleration="13636"/>
    <motionState vehicle="6" speed="1944" time="2990" acceleration="1455"/>
    <motionState vehicle="7" speed="1958" time="2990" acceleration="1723"/>
    <motionState vehicle="8" speed="2001" time="2990" acceleration="2348"/>
    <motionState vehicle="9" speed="2110" time="2990" acceleration="3417"/>
    <motionState vehicle="10" speed="2329" time="2990" acceleration="4397"/>
    <motionState vehicle="11" speed="2644" time="2990" acceleration="3852"/>
    <motionState vehicle="0" speed="2891" time="3000" acceleration="1372"/>
    <motionState vehicle="1" speed="4048" time="3000" acceleration="13636"/>
    <motionState vehicle="2" speed="2557" time="3000" acceleration="3887"/>
    <motionState vehicle="3" speed="2778" time="3000" acceleration="2587"/>
    <motionState vehicle="4" speed="2849" time="3000" acceleration="-1820"/>
    <motionState vehicle="5" speed="4091" time="3000" acceleration="13636"/>
    <motionState vehicle="6" speed="1946" time="3000" acceleration="1445"/>
    <motionState vehicle="7" speed="1960" time="3000" acceleration="1717"/>
    <motionState vehicle="8" speed="2003" time="3000" acceleration="2347"/>
    <motionState vehicle="9" speed="2113" time="3000" acceleration="3415"/>
    <motionState vehicle="10" speed="2333" time="3000" acceleration="4380"/>
    <motionState vehicle="11" speed="2648" time="3000" acceleration="3817"/>
    <motionState vehicle="0" speed="2892" time="3010" acceleration="1352"/>
    <motionState vehicle="1" speed="4062" time="3010" acceleration="13636"/>
    <motionState vehicle="2" speed="2560" time="3010" acceleration="3860"/>
    <motionState vehicle="3" speed="2781" time="3010" acceleration="2530"/>
    <motionState vehicle="4" speed="2847" time="3010" acceleration="-1856"/>
    <motionState vehicle="5" speed="4105" time="3010" acceleration="13636"/>
    <motionState vehicle="6" speed="1947" time="3010" acceleration="1436"/>
    <motionState vehicle="7" speed="1961" time="3010" acceleration="1711"/>
    <motionState vehicle="8" speed="2005" time="3010" acceleration="2345"/>
    <motionState vehicle="9" speed="2116" time="3010" acceleration="3412"/>
    <motionState vehicle="10" speed="2338" time="3010" acceleration="4364"/>
    <motionState vehicle="11" speed="2652" time="3010" acceleration="3782"/>
    <motionState vehicle="0" speed="2894" time="3020" acceleration="1333"/>
    <motionState vehicle="1" speed="4075" time="3020" acceleration="13636"/>
    <motionState vehicle="2" speed="2564" time="3020" acceleration="3832"/>
    <motionState vehicle="3" speed="2783" time="3020" acceleration="2473"/>
    <motionState vehicle="4" speed="2845" time="3020" acceleration="-1891"/>
    <motionState vehicle="5" speed="4118" time="3020" acceleration="13636"/>
    <motionState vehicle="6" speed="1948" time="3020" acceleration="1427"/>
    <motionState vehicle="7" speed="1963" time="3020" acceleration="1705"/>
    <motionState vehicle="8" speed="2008" time="3020" acceleration="2343"/>
    <motionState vehicle="9" speed="2120" time="3020" acceleration="3410"/>
    <motionState vehicle="10" speed="2342" time="3020" acceleration="4347"/>
    <motionState vehicle="11" speed="2655" time="3020" acceleration="3747"/>
    <motionState vehicle="0" speed="2895" time="3030" acceleration="1313"/>
    <motionState vehicle="1" speed="4089" time="3030" acceleration="13636"/>
    <motionState vehicle="2" speed="2568" time="3030" acceleration="3805"/>
    <motionState vehicle="3" speed="2786" time="3030" acceleration="2416"/>
    <motionState vehicle="4" speed="2844" time="3030" acceleration="-1925"/>
    <motionState vehicle="5" speed="4132" time="3030" acceleration="13636"/>
    <motionState vehicle="6" speed="1950" time="3030" acceleration="1418"/>
    <motionState vehicle="7" speed="1965" time="3030" acceleration="1699"/>
    <motionState vehicle="8" speed="2010" time="3030" acceleration="2342"/>
    <motionState vehicle="9" speed="2123" time="3030" acceleration="3408"/>
    <motionState vehicle="10" speed="2346" time="3030" acceleration="4331"/>
    <motionState vehicle="11" speed="2659" time="3030" acceleration="3713"/>
    <motionState vehicle="0" speed="2896" time="3040" acceleration="1294"/>
    <motionState vehicle="1" speed="4102" time="3040" acceleration="13636"/>
    <motionState vehicle="2" speed="2572" time="3040" acceleration="3778"/>
    <motionState vehicle="3" speed="2788" time="3040" acceleration="2360"/>
    <motionState vehicle="4" speed="2842" time="3040" acceleration="-1959"/>
    <motionState vehicle="5" speed="4145" time="3040" acceleration="13636"/>
    <motionState vehicle="6" speed="1951" time="3040" acceleration="1409"/>
    <motionState vehicle="7" speed="1967" time="3040" acceleration="1694"/>
    <motionState vehicle="8" speed="2012" time="3040" acceleration="2341"/>
    <motionState vehicle="9" speed="2127" time="3040" acceleration="3406"/>
    <motionState vehicle="10" speed="2351" time="3040" acceleration="4314"/>
    <motionState vehicle="11" speed="2663" time="3040" acceleration="3679"/>
    <motionState vehicle="0" speed="2897" time="3050" acceleration="1276"/>
    <motionState vehicle="1" speed="4116" time="3050" acceleration="13636"/>
    <motionState vehicle="2" speed="2576" time="3050" acceleration="3750"/>
    <motionState vehicle="3" speed="2790" time="3050" acceleration="2304"/>
    <motionState vehicle="4" speed="2840" time="3050" acceleration="-1991"/>
    <motionState vehicle="5" speed="4159" time="3050" acceleration="13636"/>
    <motionState vehicle="6" speed="1953" time="3050" acceleration="1400"/>
    <motionState vehicle="7" speed="1968" time="3050" acceleration="1688"/>
    <motionState vehicle="8" speed="2015" time="3050" acceleration="2339"/>
    <motionState vehicle="9" speed="2130" time="3050" acceleration="3403"/>
    <motionState vehicle="10" speed="2355" time="3050" acceleration="4298"/>
    <motionState vehicle="11" speed="2666" time="3050" acceleration="3645"/>
    <motionState vehicle="0" speed="2899" time="3060" acceleration="1257"/>
    <motionState vehicle="1" speed="4130" time="3060" acceleration="13636"/>
    <motionState vehicle="2" speed="2579" time="3060" acceleration="3722"/>
    <motionState vehicle="3" speed="2792" time="3060" acceleration="2249"/>
    <motionState vehicle="4" speed="2838" time="3060" acceleration="-2023"/>
    <motionState vehicle="5" speed="4173" time="3060" acceleration="13636"/>
    <motionState vehicle="6" speed="1954" time="3060" acceleration="1391"/>
    <motionState vehicle="7" speed="1970" time="3060" acceleration="1683"/>
    <motionState vehicle="8" speed="2017" time="3060" acceleration="2338"/>
    <motionState vehicle="9" speed="2133" time="3060" acceleration="3401"/>
    <motionState vehicle="10" speed="2359" time="3060" acceleration="4281"/>
    <motionState vehicle="11" speed="2670" time="3060" acceleration="3611"/>
    <motionState vehicle="0" speed="2900" time="3070" acceleration="1239"/>
    <motionState vehicle="1" speed="4143" time="3070" acceleration="13636"/>
    <motionState vehicle="2" speed="2583" time="3070" acceleration="3694"/>
    <motionState vehicle="3" speed="2795" time="3070" acceleration="2194"/>
    <motionState vehicle="4" speed="2836" time="3070" acceleration="-2054"/>
    <motionState vehicle="5" speed="4186" time="3070" acceleration="13636"/>
    <motionState vehicle="6" speed="1955" time="3070" acceleration="1383"/>
    <motionState vehicle="7" speed="1972" time="3070" acceleration="1678"/>
    <motionState vehicle="8" speed="2019" time="3070" acceleration="2337"/>
    <motionState vehicle="9" speed="2137" time="3070" acceleration="3399"/>
    <motionState vehicle="10" speed="2364" time="3070" acceleration="4264"/>
    <motionState vehicle="11" speed="2674" time="3070" acceleration="3578"/>
    <motionState vehicle="0" speed="2901" time="3080" acceleration="1222"/>
    <motionState vehicle="1" speed="4157" time="3080" acceleration="13636"/>
    <motionState vehicle="2" speed="2587" time="3080" acceleration="3666"/>
    <motionState vehicle="3" speed="2797" time="3080" acceleration="2139"/>
    <motionState vehicle="4" speed="2833" time="3080" acceleration="-2084"/>
    <motionState vehicle="5" speed="4200" time="3080" acceleration="13636"/>
    <motionState vehicle="6" speed="1957" time="3080" acceleration="1374"/>
    <motionState vehicle="7" speed="1973" time="3080" acceleration="1673"/>
    <motionState vehicle="8" speed="2022" time="3080" acceleration="2336"/>
    <motionState vehicle="9" speed="2140" time="3080" acceleration="3396"/>
    <motionState vehicle="10" speed="2368" time="3080" acceleration="4247"/>
    <motionState vehicle="11" speed="2677" time="3080" acceleration="3545"/>
    <motionState vehicle="0" speed="2902" time="3090" acceleration="1204"/>
    <motionState vehicle="1" speed="4171" time="3090" acceleration="13636"/>
    <motionState vehicle="2" speed="2590" time="3090" acceleration="3638"/>
    <motionState vehicle="3" speed="2799" time="3090" acceleration="2084"/>
    <motionState vehicle="4" speed="2831" time="3090" acceleration="-2113"/>
    <motionState vehicle="5" speed="4214" time="3090" acceleration="13636"/>
    <motionState vehicle="6" speed="1958" time="3090" acceleration="1366"/>
    <motionState vehicle="7" speed="1975" time="3090" acceleration="1668"/>
    <motionState vehicle="8" speed="2024" time="3090" acceleration="2336"/>
    <motionState vehicle="9" speed="2144" time="3090" acceleration="3394"/>
    <motionState vehicle="10" speed="2372" time="3090" acceleration="4231"/>
    <motionState vehicle="11" speed="2681" time="3090" acceleration="3512"/>
    <motionState vehicle="0" speed="2904" time="3100" acceleration="1187"/>
    <motionState vehicle="1" speed="4184" time="3100" acceleration="13636"/>
    <motionState vehicle="2" speed="2594" time="3100" acceleration="3610"/>
    <motionState vehicle="3" speed="2801" time="3100" acceleration="2030"/>
    <motionState vehicle="4" speed="2829" time="3100" acceleration="-2142"/>
    <motionState vehicle="5" speed="4227" time="3100" acceleration="13636"/>
    <motionState vehicle="6" speed="1959" time="3100" acceleration="1358"/>
    <motionState vehicle="7" speed="1977" time="3100" acceleration="1664"/>
    <motionState vehicle="8" speed="2026" time="3100" acceleration="2335"/>
    <motionState vehicle="9" speed="2147" time="3100" acceleration="3391"/>
    <motionState vehicle="10" speed="2376" time="3100" acceleration="4214"/>
    <motionState vehicle="11" speed="2684" time="3100" acceleration="3479"/>
    <motionState vehicle="0" speed="2905" time="3110" acceleration="1170"/>
    <motionState vehicle="1" speed="4198" time="3110" acceleration="13636"/>
    <motionState vehicle="2" speed="2597" time="3110" acceleration="3582"/>
    <motionState vehicle="3" speed="2803" time="3110" acceleration="1976"/>
    <motionState vehicle="4" speed="2827" time="3110" acceleration="-2169"/>
    <motionState vehicle="5" speed="4241" time="3110" acceleration="13636"/>
    <motionState vehicle="6" speed="1961" time="3110" acceleration="1350"/>
    <motionState vehicle="7" speed="1978" time="3110" acceleration="1659"/>
    <motionState vehicle="8" speed="2029" time="3110" acceleration="2334"/>
    <motionState vehicle="9" speed="2150" time="3110" acceleration="3389"/>
    <motionState vehicle="10" speed="2380" time="3110" acceleration="4197"/>
    <motionState vehicle="11" speed="2688" time="3110" acceleration="3446"/>
    <motionState vehicle="0" speed="2906" time="3120" acceleration="1153"/>
    <motionState vehicle="1" speed="4212" time="3120" acceleration="13636"/>
    <motionState vehicle="2" speed="2601" time="3120" acceleration="3553"/>
    <motionState vehicle="3" speed="2805" time="3120" acceleration="1923"/>
    <motionState vehicle="4" speed="2825" time="3120" acceleration="-2196"/>
    <motionState vehicle="5" speed="4255" time="3120" acceleration="13636"/>
    <motionState vehicle="6" speed="1962" time="3120" acceleration="1342"/>
    <motionState vehicle="7" speed="1980" time="3120" acceleration="1655"/>
    <motionState vehicle="8" speed="2031" time="3120" acceleration="2334"/>
    <motionState vehicle="9" speed="2154" time="3120" acceleration="3386"/>
    <motionState vehicle="10" speed="2385" time="3120" acceleration="4180"/>
    <motionState vehicle="11" speed="2691" time="3120" acceleration="3414"/>
    <motionState vehicle="0" speed="2907" time="3130" acceleration="1137"/>
    <motionState vehicle="1" speed="4225" time="3130" acceleration="13636"/>
    <motionState vehicle="2" speed="2605" time="3130" acceleration="3525"/>
    <motionState vehicle="3" speed="2807" time="3130" acceleration="1870"/>
    <motionState vehicle="4" speed="2823" time="3130" acceleration="-2223"/>
    <motionState vehicle="5" speed="4268" time="3130" acceleration="13636"/>
    <motionState vehicle="6" speed="1964" time="3130" acceleration="1334"/>
    <motionState vehicle="7" speed="1982" time="3130" acceleration="1651"/>
    <motionState vehicle="8" speed="2033" time="3130" acceleration="2333"/>
    <motionState vehicle="9" speed="2157" time="3130" acceleration="3384"/>
    <motionState vehicle="10" speed="2389" time="3130" acceleration="4163"/>
    <motionState vehicle="11" speed="2694" time="3130" acceleration="3382"/>
    <motionState vehicle="0" speed="2908" time="3140" acceleration="1121"/>
    <motionState vehicle="1" speed="4239" time="3140" acceleration="13636"/>
    <motionState vehicle="2" speed="2608" time="3140" acceleration="3496"/>
    <motionState vehicle="3" speed="2808" time="3140" acceleration="1817"/>
    <motionState vehicle="4" speed="2820" time="3140" acceleration="-2248"/>
    <motionState vehicle="5" speed="4282" time="3140" acceleration="13636"/>
    <motionState vehicle="6" speed="1965" time="3140" acceleration="1327"/>
    <motionState vehicle="7" speed="1983" time="3140" acceleration="1647"/>
    <motionState vehicle="8" speed="2036" time="3140" acceleration="2333"/>
    <motionState vehicle="9" speed="2161" time="3140" acceleration="3381"/>
    <motionState vehicle="10" speed="2393" time="3140" acceleration="4145"/>
    <motionState vehicle="11" speed="2698" time="3140" acceleration="3350"/>
    <motionState vehicle="0" speed="2909" time="3150" acceleration="1105"/>
    <motionState vehicle="1" speed="4252" time="3150" acceleration="13636"/>
    <motionState vehicle="2" speed="2612" time="3150" acceleration="3467"/>
    <motionState vehicle="3" speed="2810" time="3150" acceleration="1765"/>
    <motionState vehicle="4" speed="2818" time="3150" acceleration="-2273"/>
    <motionState vehicle="5" speed="4295" time="3150" acceleration="13636"/>
    <motionState vehicle="6" speed="1966" time="3150" acceleration="1319"/>
    <motionState vehicle="7" speed="1985" time="3150" acceleration="1643"/>
    <motionState vehicle="8" speed="2038" time="3150" acceleration="2332"/>
    <motionState vehicle="9" speed="2164" time="3150" acceleration="3378"/>
    <motionState vehicle="10" speed="2397" time="3150" acceleration="4128"/>
    <motionState vehicle="11" speed="2701" time="3150" acceleration="3319"/>
    <motionState vehicle="0" speed="2910" time="3160" acceleration="1089"/>
    <motionState vehicle="1" speed="4266" time="3160" acceleration="13636"/>
    <motionState vehicle="2" speed="2615" time="3160" acceleration="3438"/>
    <motionState vehicle="3" speed="2812" time="3160" acceleration="1713"/>
    <motionState vehicle="4" speed="2816" time="3160" acceleration="-2297"/>
    <motionState vehicle="5" speed="4309" time="3160" acceleration="13636"/>
    <motionState vehicle="6" speed="1967" time="3160" acceleration="1312"/>
    <motionState vehicle="7" speed="1987" time="3160" acceleration="1639"/>
    <motionState vehicle="8" speed="2040" time="3160" acceleration="2332"/>
    <motionState vehicle="9" speed="2167" time="3160" acceleration="3376"/>
    <motionState vehicle="10" speed="2401" time="3160" acceleration="4111"/>
    <motionState vehicle="11" speed="2704" time="3160" acceleration="3287"/>
    <motionState vehicle="0" speed="2911" time="3170" acceleration="1074"/>
    <motionState vehicle="1" speed="4280" time="3170" acceleration="13636"/>
    <motionState vehicle="2" speed="2618" time="3170" acceleration="3409"/>
    <motionState vehicle="3" speed="2814" time="3170" acceleration="1661"/>
    <motionState vehicle="4" speed="2813" time="3170" acceleration="-2321"/>
    <motionState vehicle="5" speed="4323" time="3170" acceleration="13636"/>
    <motionState vehicle="6" speed="1969" time="3170" acceleration="1305"/>
    <motionState vehicle="7" speed="1988" time="3170" acceleration="1635"/>
    <motionState vehicle="8" speed="2043" time="3170" acceleration="2332"/>
    <motionState vehicle="9" speed="2171" time="3170" acceleration="3373"/>
    <motionState vehicle="10" speed="2405" time="3170" acceleration="4094"/>
    <motionState vehicle="11" speed="2708" time="3170" acceleration="3256"/>
    <motionState vehicle="0" speed="2912" time="3180" acceleration="1059"/>
    <motionState vehicle="1" speed="4293" time="3180" acceleration="13636"/>
    <motionState vehicle="2" speed="2622" time="3180" acceleration="3380"/>
    <motionState vehicle="3" speed="2815" time="3180" acceleration="1610"/>
    <motionState vehicle="4" speed="2811" time="3180" acceleration="-2343"/>
    <motionState vehicle="5" speed="4336" time="3180" acceleration="13636"/>
    <motionState vehicle="6" speed="1970" time="3180" acceleration="1297"/>
    <motionState vehicle="7" speed="1990" time="3180" acceleration="1632"/>
    <motionState vehicle="8" speed="2045" time="3180" acceleration="2332"/>
    <motionState vehicle="9" speed="2174" time="3180" acceleration="3370"/>
    <motionState vehicle="10" speed="2409" time="3180" acceleration="4076"/>
    <motionState vehicle="11" speed="2711" time="3180" acceleration="3225"/>
    <motionState vehicle="0" speed="2913" time="3190" acceleration="1044"/>
    <motionState vehicle="1" speed="4307" time="3190" acceleration="13636"/>
    <motionState vehicle="2" speed="2625" time="3190" acceleration="3351"/>
    <motionState vehicle="3" speed="2817" time="3190" acceleration="1559"/>
    <motionState vehicle="4" speed="2809" time="3190" acceleration="-2365"/>
    <motionState vehicle="5" speed="4350" time="3190" acceleration="13636"/>
    <motionState vehicle="6" speed="1971" time="3190" acceleration="1291"/>
    <motionState vehicle="7" speed="1991" time="3190" acceleration="1628"/>
    <motionState vehicle="8" speed="2047" time="3190" acceleration="2332"/>
    <motionState vehicle="9" speed="2177" time="3190" acceleration="3367"/>
    <motionState vehicle="10" speed="2413" time="3190" acceleration="4059"/>
    <motionState vehicle="11" speed="2714" time="3190" acceleration="3195"/>
    <motionState vehicle="0" speed="2914" time="3200" acceleration="1029"/>
    <motionState vehicle="1" speed="4321" time="3200" acceleration="13636"/>
    <motionState vehicle="2" speed="2628" time="3200" acceleration="3321"/>
    <motionState vehicle="3" speed="2818" time="3200" acceleration="1508"/>
    <motionState vehicle="4" speed="2806" time="3200" acceleration="-2387"/>
    <motionState vehicle="5" speed="4364" time="3200" acceleration="13636"/>
    <motionState vehicle="6" speed="1973" time="3200" acceleration="1284"/>
    <motionState vehicle="7" speed="1993" time="3200" acceleration="1625"/>
    <motionState vehicle="8" speed="2050" time="3200" acceleration="2332"/>
    <motionState vehicle="9" speed="2181" time="3200" acceleration="3364"/>
    <motionState vehicle="10" speed="2417" time="3200" acceleration="4041"/>
    <motionState vehicle="11" speed="2717" time="3200" acceleration="3164"/>
    <motionState vehicle="0" speed="2915" time="3210" acceleration="1015"/>
    <motionState vehicle="1" speed="4334" time="3210" acceleration="13636"/>
    <motionState vehicle="2" speed="2632" time="3210" acceleration="3292"/>
    <motionState vehicle="3" speed="2820" time="3210" acceleration="1458"/>
    <motionState vehicle="4" speed="2804" time="3210" acceleration="-2407"/>
    <motionState vehicle="5" speed="4377" time="3210" acceleration="13636"/>
    <motionState vehicle="6" speed="1974" time="3210" acceleration="1277"/>
    <motionState vehicle="7" speed="1995" time="3210" acceleration="1622"/>
    <motionState vehicle="8" speed="2052" time="3210" acceleration="2332"/>
    <motionState vehicle="9" speed="2184" time="3210" acceleration="3361"/>
    <motionState vehicle="10" speed="2421" time="3210" acceleration="4024"/>
    <motionState vehicle="11" speed="2720" time="3210" acceleration="3134"/>
    <motionState vehicle="0" speed="2916" time="3220" acceleration="1000"/>
    <motionState vehicle="1" speed="4348" time="3220" acceleration="13636"/>
    <motionState vehicle="2" speed="2635" time="3220" acceleration="3263"/>
    <motionState vehicle="3" speed="2821" time="3220" acceleration="1408"/>
    <motionState vehicle="4" speed="2802" time="3220" acceleration="-2427"/>
    <motionState vehicle="5" speed="4391" time="3220" acceleration="13636"/>
    <motionState vehicle="6" speed="1975" time="3220" acceleration="1270"/>
    <motionState vehicle="7" speed="1996" time="3220" acceleration="1619"/>
    <motionState vehicle="8" speed="2054" time="3220" acceleration="2332"/>
    <motionState vehicle="9" speed="2187" time="3220" acceleration="3359"/>
    <motionState vehicle="10" speed="2425" time="3220" acceleration="4006"/>
    <motionState vehicle="11" speed="2723" time="3220" acceleration="3104"/>
    <motionState vehicle="0" speed="2917" time="3230" acceleration="986"/>
    <motionState vehicle="1" speed="4362" time="3230" acceleration="13636"/>
    <motionState vehicle="2" speed="2638" time="3230" acceleration="3233"/>
    <motionState vehicle="3" speed="2823" time="3230" acceleration="1359"/>
    <motionState vehicle="4" speed="2799" time="3230" acceleration="-2447"/>
    <motionState vehicle="5" speed="4405" time="3230" acceleration="13636"/>
    <motionState vehicle="6" speed="1976" time="3230" acceleration="1264"/>
    <motionState vehicle="7" speed="1998" time="3230" acceleration="1616"/>
    <motionState vehicle="8" speed="2057" time="3230" acceleration="2332"/>
    <motionState vehicle="9" speed="2191" time="3230" acceleration="3356"/>
    <motionState vehicle="10" speed="2429" time="3230" acceleration="3989"/>
    <motionState vehicle="11" speed="2726" time="3230" acceleration="3074"/>
    <motionState vehicle="0" speed="2918" time="3240" acceleration="972"/>
    <motionState vehicle="1" speed="4375" time="3240" acceleration="13636"/>
    <motionState vehicle="2" speed="2641" time="3240" acceleration="3203"/>
    <motionState vehicle="3" speed="2824" time="3240" acceleration="1309"/>
    <motionState vehicle="4" speed="2797" time="3240" acceleration="-2466"/>
    <motionState vehicle="5" speed="4418" time="3240" acceleration="13636"/>
    <motionState vehicle="6" speed="1978" time="3240" acceleration="1258"/>
    <motionState vehicle="7" speed="2000" time="3240" acceleration="1613"/>
    <motionState vehicle="8" speed="2059" time="3240" acceleration="2332"/>
    <motionState vehicle="9" speed="2194" time="3240" acceleration="3352"/>
    <motionState vehicle="10" speed="2433" time="3240" acceleration="3971"/>
    <motionState vehicle="11" speed="2729" time="3240" acceleration="3044"/>
    <motionState vehicle="0" speed="2919" time="3250" acceleration="958"/>
    <motionState vehicle="1" speed="4389" time="3250" acceleration="13636"/>
    <motionState vehicle="2" speed="2645" time="3250" acceleration="3173"/>
    <motionState vehicle="3" speed="2825" time="3250" acceleration="1261"/>
    <motionState vehicle="4" speed="2794" time="3250" acceleration="-2484"/>
    <motionState vehicle="5" speed="4432" time="3250" acceleration="13636"/>
    <motionState vehicle="6" speed="1979" time="3250" acceleration="1251"/>
    <motionState vehicle="7" speed="2001" time="3250" acceleration="1610"/>
    <motionState vehicle="8" speed="2061" time="3250" acceleration="2333"/>
    <motionState vehicle="9" speed="2198" time="3250" acceleration="3349"/>
    <motionState vehicle="10" speed="2437" time="3250" acceleration="3954"/>
    <motionState vehicle="11" speed="2733" time="3250" acceleration="3015"/>
    <motionState vehicle="0" speed="2920" time="3260" acceleration="945"/>
    <motionState vehicle="1" speed="4402" time="3260" acceleration="13636"/>
    <motionState vehicle="2" speed="2648" time="3260" acceleration="3144"/>
    <motionState vehicle="3" speed="2826" time="3260" acceleration="1212"/>
    <motionState vehicle="4" speed="2792" time="3260" acceleration="-2501"/>
    <motionState vehicle="5" speed="4445" time="3260" acceleration="13636"/>
    <motionState vehicle="6" speed="1980" time="3260" acceleration="1245"/>
    <motionState vehicle="7" speed="2003" time="3260" acceleration="1608"/>
    <motionState vehicle="8" speed="2064" time="3260" acceleration="2333"/>
    <motionState vehicle="9" speed="2201" time="3260" acceleration="3346"/>
    <motionState vehicle="10" speed="2441" time="3260" acceleration="3936"/>
    <motionState vehicle="11" speed="2735" time="3260" acceleration="2986"/>
    <motionState vehicle="0" speed="2921" time="3270" acceleration="932"/>
    <motionState vehicle="1" speed="4416" time="3270" acceleration="13636"/>
    <motionState vehicle="2" speed="2651" time="3270" acceleration="3114"/>
    <motionState vehicle="3" speed="2827" time="3270" acceleration="1164"/>
    <motionState vehicle="4" speed="2789" time="3270" acceleration="-2518"/>
    <motionState vehicle="5" speed="4459" time="3270" acceleration="13636"/>
    <motionState vehicle="6" speed="1981" time="3270" acceleration="1239"/>
    <motionState vehicle="7" speed="2004" time="3270" acceleration="1605"/>
    <motionState vehicle="8" speed="2066" time="3270" acceleration="2334"/>
    <motionState vehicle="9" speed="2204" time="3270" acceleration="3343"/>
    <motionState vehicle="10" speed="2445" time="3270" acceleration="3918"/>
    <motionState vehicle="11" speed="2738" time="3270" acceleration="2957"/>
    <motionState vehicle="0" speed="2922" time="3280" acceleration="918"/>
    <motionState vehicle="1" speed="4430" time="3280" acceleration="13636"/>
    <motionState vehicle="2" speed="2654" time="3280" acceleration="3084"/>
    <motionState vehicle="3" speed="2829" time="3280" acceleration="1117"/>
    <motionState vehicle="4" speed="2787" time="3280" acceleration="-2535"/>
    <motionState vehicle="5" speed="4473" time="3280" acceleration="13636"/>
    <motionState vehicle="6" speed="1983" time="3280" acceleration="1233"/>
    <motionState vehicle="7" speed="2006" time="3280" acceleration="1603"/>
    <motionState vehicle="8" speed="2068" time="3280" acceleration="2334"/>
    <motionState vehicle="9" speed="2208" time="3280" acceleration="3340"/>
    <motionState vehicle="10" speed="2449" time="3280" acceleration="3901"/>
    <motionState vehicle="11" speed="2741" time="3280" acceleration="2928"/>
    <motionState vehicle="0" speed="2923" time="3290" acceleration="905"/>
    <motionState vehicle="1" speed="4443" time="3290" acceleration="13636"/>
    <motionState vehicle="2" speed="2657" time="3290" acceleration="3054"/>
    <motionState vehicle="3" speed="2830" time="3290" acceleration="1070"/>
    <motionState vehicle="4" speed="2784" time="3290" acceleration="-2550"/>
    <motionState vehicle="5" speed="4486" time="3290" acceleration="13636"/>
    <motionState vehicle="6" speed="1984" time="3290" acceleration="1228"/>
    <motionState vehicle="7" speed="2008" time="3290" acceleration="1601"/>
    <motionState vehicle="8" speed="2071" time="3290" acceleration="2335"/>
    <motionState vehicle="9" speed="2211" time="3290" acceleration="3336"/>
    <motionState vehicle="10" speed="2453" time="3290" acceleration="3883"/>
    <motionState vehicle="11" speed="2744" time="3290" acceleration="2900"/>
    <motionState vehicle="0" speed="2924" time="3300" acceleration="892"/>
    <motionState vehicle="1" speed="4457" time="3300" acceleration="13636"/>
    <motionState vehicle="2" speed="2660" time="3300" acceleration="3024"/>
    <motionState vehicle="3" speed="2831" time="3300" acceleration="1023"/>
    <motionState vehicle="4" speed="2781" time="3300" acceleration="-2566"/>
    <motionState vehicle="5" speed="4500" time="3300" acceleration="13636"/>
    <motionState vehicle="6" speed="1985" time="3300" acceleration="1222"/>
    <motionState vehicle="7" speed="2009" time="3300" acceleration="1598"/>
    <motionState vehicle="8" speed="2073" time="3300" acceleration="2335"/>
    <motionState vehicle="9" speed="2214" time="3300" acceleration="3333"/>
    <motionState vehicle="10" speed="2457" time="3300" acceleration="3865"/>
    <motionState vehicle="11" speed="2747" time="3300" acceleration="2872"/>
    <motionState vehicle="0" speed="2925" time="3310" acceleration="880"/>
    <motionState vehicle="1" speed="4471" time="3310" acceleration="13636"/>
    <motionState vehicle="2" speed="2663" time="3310" acceleration="2993"/>
    <motionState vehicle="3" speed="2832" time="3310" acceleration="977"/>
    <motionState vehicle="4" speed="2779" time="3310" acceleration="-2580"/>
    <motionState vehicle="5" speed="4514" time="3310" acceleration="13636"/>
    <motionState vehicle="6" speed="1986" time="3310" acceleration="1217"/>
    <motionState vehicle="7" speed="2011" time="3310" acceleration="1596"/>
    <motionState vehicle="8" speed="2075" time="3310" acceleration="2336"/>
    <motionState vehicle="9" speed="2218" time="3310" acceleration="3330"/>
    <motionState vehicle="10" speed="2461" time="3310" acceleration="3847"/>
    <motionState vehicle="11" speed="2750" time="3310" acceleration="2844"/>
    <motionState vehicle="0" speed="2926" time="3320" acceleration="867"/>
    <motionState vehicle="1" speed="4484" time="3320" acceleration="13636"/>
    <motionState vehicle="2" speed="2666" time="3320" acceleration="2963"/>
    <motionState vehicle="3" speed="2833" time="3320" acceleration="931"/>
    <motionState vehicle="4" speed="2776" time="3320" acceleration="-2594"/>
    <motionState vehicle="5" speed="4527" time="3320" acceleration="13636"/>
    <motionState vehicle="6" speed="1988" time="3320" acceleration="1211"/>
    <motionState vehicle="7" speed="2012" time="3320" acceleration="1594"/>
    <motionState vehicle="8" speed="2078" time="3320" acceleration="2337"/>
    <motionState vehicle="9" speed="2221" time="3320" acceleration="3326"/>
    <motionState vehicle="10" speed="2465" time="3320" acceleration="3830"/>
    <motionState vehicle="11" speed="2753" time="3320" acceleration="2816"/>
    <motionState vehicle="0" speed="2927" time="3330" acceleration="855"/>
    <motionState vehicle="1" speed="4498" time="3330" acceleration="13636"/>
    <motionState vehicle="2" speed="2669" time="3330" acceleration="2933"/>
    <motionState vehicle="3" speed="2833" time="3330" acceleration="885"/>
    <motionState vehicle="4" speed="2774" time="3330" acceleration="-2608"/>
    <motionState vehicle="5" speed="4541" time="3330" acceleration="13636"/>
    <motionState vehicle="6" speed="1989" time="3330" acceleration="1206"/>
    <motionState vehicle="7" speed="2014" time="3330" acceleration="1593"/>
    <motionState vehicle="8" speed="2080" time="3330" acceleration="2338"/>
    <motionState vehicle="9" speed="2224" time="3330" acceleration="3323"/>
    <motionState vehicle="10" speed="2468" time="3330" acceleration="3812"/>
    <motionState vehicle="11" speed="2756" time="3330" acceleration="2788"/>
    <motionState vehicle="0" speed="2927" time="3340" acceleration="842"/>
    <motionState vehicle="1" speed="4512" time="3340" acceleration="13636"/>
    <motionState vehicle="2" speed="2672" time="3340" acceleration="2903"/>
    <motionState vehicle="3" speed="2834" time="3340" acceleration="840"/>
    <motionState vehicle="4" speed="2771" time="3340" acceleration="-2621"/>
    <motionState vehicle="5" speed="4555" time="3340" acceleration="13636"/>
    <motionState vehicle="6" speed="1990" time="3340" acceleration="1201"/>
    <motionState vehicle="7" speed="2016" time="3340" acceleration="1591"/>
    <motionState vehicle="8" speed="2082" time="3340" acceleration="2338"/>
    <motionState vehicle="9" speed="2228" time="3340" acceleration="3319"/>
    <motionState vehicle="10" speed="2472" time="3340" acceleration="3794"/>
    <motionState vehicle="11" speed="2758" time="3340" acceleration="2761"/>
    <motionState vehicle="0" speed="2928" time="3350" acceleration="830"/>
    <motionState vehicle="1" speed="4525" time="3350" acceleration="13636"/>
    <motionState vehicle="2" speed="2675" time="3350" acceleration="2872"/>
    <motionState vehicle="3" speed="2835" time="3350" acceleration="795"/>
    <motionState vehicle="4" speed="2768" time="3350" acceleration="-2633"/>
    <motionState vehicle="5" speed="4568" time="3350" acceleration="13636"/>
    <motionState vehicle="6" speed="1991" time="3350" acceleration="1196"/>
    <motionState vehicle="7" speed="2017" time="3350" acceleration="1589"/>
    <motionState vehicle="8" speed="2085" time="3350" acceleration="2339"/>
    <motionState vehicle="9" speed="2231" time="3350" acceleration="3316"/>
    <motionState vehicle="10" speed="2476" time="3350" acceleration="3776"/>
    <motionState vehicle="11" speed="2761" time="3350" acceleration="2734"/>
    <motionState vehicle="0" speed="2929" time="3360" acceleration="818"/>
    <motionState vehicle="1" speed="4539" time="3360" acceleration="13636"/>
    <motionState vehicle="2" speed="2678" time="3360" acceleration="2842"/>
    <motionState vehicle="3" speed="2836" time="3360" acceleration="750"/>
    <motionState vehicle="4" speed="2766" time="3360" acceleration="-2645"/>
    <motionState vehicle="5" speed="4582" time="3360" acceleration="13636"/>
    <motionState vehicle="6" speed="1992" time="3360" acceleration="1191"/>
    <motionState vehicle="7" speed="2019" time="3360" acceleration="1588"/>
    <motionState vehicle="8" speed="2087" time="3360" acceleration="2340"/>
    <motionState vehicle="9" speed="2234" time="3360" acceleration="3312"/>
    <motionState vehicle="10" speed="2480" time="3360" acceleration="3758"/>
    <motionState vehicle="11" speed="2764" time="3360" acceleration="2707"/>
    <motionState vehicle="0" speed="2930" time="3370" acceleration="806"/>
    <motionState vehicle="1" speed="4552" time="3370" acceleration="13636"/>
    <motionState vehicle="2" speed="2680" time="3370" acceleration="2811"/>
    <motionState vehicle="3" speed="2837" time="3370" acceleration="706"/>
    <motionState vehicle="4" speed="2763" time="3370" acceleration="-2656"/>
    <motionState vehicle="5" speed="4595" time="3370" acceleration="13636"/>
    <motionState vehicle="6" speed="1994" time="3370" acceleration="1186"/>
    <motionState vehicle="7" speed="2020" time="3370" acceleration="1587"/>
    <motionState vehicle="8" speed="2090" time="3370" acceleration="2341"/>
    <motionState vehicle="9" speed="2237" time="3370" acceleration="3308"/>
    <motionState vehicle="10" speed="2483" time="3370" acceleration="3740"/>
    <motionState vehicle="11" speed="2766" time="3370" acceleration="2680"/>
    <motionState vehicle="0" speed="2931" time="3380" acceleration="794"/>
    <motionState vehicle="1" speed="4566" time="3380" acceleration="13636"/>
    <motionState vehicle="2" speed="2683" time="3380" acceleration="2781"/>
    <motionState vehicle="3" speed="2837" time="3380" acceleration="663"/>
    <motionState vehicle="4" speed="2760" time="3380" acceleration="-2667"/>
    <motionState vehicle="5" speed="4609" time="3380" acceleration="13636"/>
    <motionState vehicle="6" speed="1995" time="3380" acceleration="1181"/>
    <motionState vehicle="7" speed="2022" time="3380" acceleration="1585"/>
    <motionState vehicle="8" speed="2092" time="3380" acceleration="2342"/>
    <motionState vehicle="9" speed="2241" time="3380" acceleration="3304"/>
    <motionState vehicle="10" speed="2487" time="3380" acceleration="3722"/>
    <motionState vehicle="11" speed="2769" time="3380" acceleration="2654"/>
    <motionState vehicle="0" speed="2931" time="3390" acceleration="783"/>
    <motionState vehicle="1" speed="4580" time="3390" acceleration="13636"/>
    <motionState vehicle="2" speed="2686" time="3390" acceleration="2750"/>
    <motionState vehicle="3" speed="2838" time="3390" acceleration="619"/>
    <motionState vehicle="4" speed="2758" time="3390" acceleration="-2678"/>
    <motionState vehicle="5" speed="4623" time="3390" acceleration="13636"/>
    <motionState vehicle="6" speed="1996" time="3390" acceleration="1177"/>
    <motionState vehicle="7" speed="2023" time="3390" acceleration="1584"/>
    <motionState vehicle="8" speed="2094" time="3390" acceleration="2343"/>
    <motionState vehicle="9" speed="2244" time="3390" acceleration="3301"/>
    <motionState vehicle="10" speed="2491" time="3390" acceleration="3704"/>
    <motionState vehicle="11" speed="2772" time="3390" acceleration="2627"/>
    <motionState vehicle="0" speed="2932" time="3400" acceleration="771"/>
    <motionState vehicle="1" speed="4593" time="3400" acceleration="13636"/>
    <motionState vehicle="2" speed="2689" time="3400" acceleration="2720"/>
    <motionState vehicle="3" speed="2838" time="3400" acceleration="576"/>
    <motionState vehicle="4" speed="2755" time="3400" acceleration="-2688"/>
    <motionState vehicle="5" speed="4636" time="3400" acceleration="13636"/>
    <motionState vehicle="6" speed="1997" time="3400" acceleration="1172"/>
    <motionState vehicle="7" speed="2025" time="3400" acceleration="1583"/>
    <motionState vehicle="8" speed="2097" time="3400" acceleration="2344"/>
    <motionState vehicle="9" speed="2247" time="3400" acceleration="3297"/>
    <motionState vehicle="10" speed="2495" time="3400" acceleration="3687"/>
    <motionState vehicle="11" speed="2774" time="3400" acceleration="2601"/>
    <motionState vehicle="0" speed="2933" time="3410" acceleration="760"/>
    <motionState vehicle="1" speed="4607" time="3410" acceleration="13636"/>
    <motionState vehicle="2" speed="2691" time="3410" acceleration="2689"/>
    <motionState vehicle="3" speed="2839" time="3410" acceleration="534"/>
    <motionState vehicle="4" speed="2752" time="3410" acceleration="-2697"/>
    <motionState vehicle="5" speed="4650" time="3410" acceleration="13636"/>
    <motionState vehicle="6" speed="1998" time="3410" acceleration="1168"/>
    <motionState vehicle="7" speed="2027" time="3410" acceleration="1582"/>
    <motionState vehicle="8" speed="2099" time="3410" acceleration="2345"/>
    <motionState vehicle="9" speed="2251" time="3410" acceleration="3293"/>
    <motionState vehicle="10" speed="2498" time="3410" acceleration="3669"/>
    <motionState vehicle="11" speed="2777" time="3410" acceleration="2575"/>
    <motionState vehicle="0" speed="2934" time="3420" acceleration="748"/>
    <motionState vehicle="1" speed="4621" time="3420" acceleration="13636"/>
    <motionState vehicle="2" speed="2694" time="3420" acceleration="2659"/>
    <motionState vehicle="3" speed="2839" time="3420" acceleration="492"/>
    <motionState vehicle="4" speed="2750" time="3420" acceleration="-2706"/>
    <motionState vehicle="5" speed="4664" time="3420" acceleration="13636"/>
    <motionState vehicle="6" speed="1999" time="3420" acceleration="1164"/>
    <motionState vehicle="7" speed="2028" time="3420" acceleration="1581"/>
    <motionState vehicle="8" speed="2101" time="3420" acceleration="2346"/>
    <motionState vehicle="9" speed="2254" time="3420" acceleration="3289"/>
    <motionState vehicle="10" speed="2502" time="3420" acceleration="3651"/>
    <motionState vehicle="11" speed="2779" time="3420" acceleration="2549"/>
    <motionState vehicle="0" speed="2934" time="3430" acceleration="737"/>
    <motionState vehicle="1" speed="4634" time="3430" acceleration="13636"/>
    <motionState vehicle="2" speed="2697" time="3430" acceleration="2628"/>
    <motionState vehicle="3" speed="2840" time="3430" acceleration="450"/>
    <motionState vehicle="4" speed="2747" time="3430" acceleration="-2714"/>
    <motionState vehicle="5" speed="4677" time="3430" acceleration="13636"/>
    <motionState vehicle="6" speed="2001" time="3430" acceleration="1159"/>
    <motionState vehicle="7" speed="2030" time="3430" acceleration="1580"/>
    <motionState vehicle="8" speed="2104" time="3430" acceleration="2347"/>
    <motionState vehicle="9" speed="2257" time="3430" acceleration="3285"/>
    <motionState vehicle="10" speed="2505" time="3430" acceleration="3633"/>
    <motionState vehicle="11" speed="2782" time="3430" acceleration="2524"/>
    <motionState vehicle="0" speed="2935" time="3440" acceleration="726"/>
    <motionState vehicle="1" speed="4648" time="3440" acceleration="13636"/>
    <motionState vehicle="2" speed="2699" time="3440" acceleration="2597"/>
    <motionState vehicle="3" speed="2840" time="3440" acceleration="409"/>
    <motionState vehicle="4" speed="2744" time="3440" acceleration="-2722"/>
    <motionState vehicle="5" speed="4691" time="3440" acceleration="13636"/>
    <motionState vehicle="6" speed="2002" time="3440" acceleration="1155"/>
    <motionState vehicle="7" speed="2031" time="3440" acceleration="1580"/>
    <motionState vehicle="8" speed="2106" time="3440" acceleration="2348"/>
    <motionState vehicle="9" speed="2261" time="3440" acceleration="3280"/>
    <motionState vehicle="10" speed="2509" time="3440" acceleration="3615"/>
    <motionState vehicle="11" speed="2785" time="3440" acceleration="2499"/>
    <motionState vehicle="0" speed="2936" time="3450" acceleration="715"/>
    <motionState vehicle="1" speed="4662" time="3450" acceleration="13636"/>
    <motionState vehicle="2" speed="2702" time="3450" acceleration="2567"/>
    <motionState vehicle="3" speed="2841" time="3450" acceleration="368"/>
    <motionState vehicle="4" speed="2741" time="3450" acceleration="-2730"/>
    <motionState vehicle="5" speed="4705" time="3450" acceleration="13636"/>
    <motionState vehicle="6" speed="2003" time="3450" acceleration="1151"/>
    <motionState vehicle="7" speed="2033" time="3450" acceleration="1579"/>
    <motionState vehicle="8" speed="2108" time="3450" acceleration="2350"/>
    <motionState vehicle="9" speed="2264" time="3450" acceleration="3276"/>
    <motionState vehicle="10" speed="2513" time="3450" acceleration="3597"/>
    <motionState vehicle="11" speed="2787" time="3450" acceleration="2473"/>
    <motionState vehicle="0" speed="2937" time="3460" acceleration="704"/>
    <motionState vehicle="1" speed="4675" time="3460" acceleration="13636"/>
    <motionState vehicle="2" speed="2704" time="3460" acceleration="2536"/>
    <motionState vehicle="3" speed="2841" time="3460" acceleration="327"/>
    <motionState vehicle="4" speed="2739" time="3460" acceleration="-2737"/>
    <motionState vehicle="5" speed="4718" time="3460" acceleration="13636"/>
    <motionState vehicle="6" speed="2004" time="3460" acceleration="1147"/>
    <motionState vehicle="7" speed="2035" time="3460" acceleration="1579"/>
    <motionState vehicle="8" speed="2111" time="3460" acceleration="2351"/>
    <motionState vehicle="9" speed="2267" time="3460" acceleration="3272"/>
    <motionState vehicle="10" speed="2516" time="3460" acceleration="3579"/>
    <motionState vehicle="11" speed="2789" time="3460" acceleration="2448"/>
    <motionState vehicle="0" speed="2937" time="3470" acceleration="693"/>
    <motionState vehicle="1" speed="4689" time="3470" acceleration="13636"/>
    <motionState vehicle="2" speed="2707" time="3470" acceleration="2505"/>
    <motionState vehicle="3" speed="2841" time="3470" acceleration="287"/>
    <motionState vehicle="4" speed="2736" time="3470" acceleration="-2743"/>
    <motionState vehicle="5" speed="4732" time="3470" acceleration="13636"/>
    <motionState vehicle="6" speed="2005" time="3470" acceleration="1144"/>
    <motionState vehicle="7" speed="2036" time="3470" acceleration="1578"/>
    <motionState vehicle="8" speed="2113" time="3470" acceleration="2352"/>
    <motionState vehicle="9" speed="2270" time="3470" acceleration="3268"/>
    <motionState vehicle="10" speed="2520" time="3470" acceleration="3561"/>
    <motionState vehicle="11" speed="2792" time="3470" acceleration="2424"/>
    <motionState vehicle="0" speed="2938" time="3480" acceleration="682"/>
    <motionState vehicle="1" speed="4702" time="3480" acceleration="13636"/>
    <motionState vehicle="2" speed="2709" time="3480" acceleration="2475"/>
    <motionState vehicle="3" speed="2842" time="3480" acceleration="247"/>
    <motionState vehicle="4" speed="2733" time="3480" acceleration="-2749"/>
    <motionState vehicle="5" speed="4745" time="3480" acceleration="13636"/>
    <motionState vehicle="6" speed="2006" time="3480" acceleration="1140"/>
    <motionState vehicle="7" speed="2038" time="3480" acceleration="1578"/>
    <motionState vehicle="8" speed="2115" time="3480" acceleration="2353"/>
    <motionState vehicle="9" speed="2274" time="3480" acceleration="3263"/>
    <motionState vehicle="10" speed="2523" time="3480" acceleration="3543"/>
    <motionState vehicle="11" speed="2794" time="3480" acceleration="2399"/>
    <motionState vehicle="0" speed="2939" time="3490" acceleration="672"/>
    <motionState vehicle="1" speed="4716" time="3490" acceleration="13636"/>
    <motionState vehicle="2" speed="2712" time="3490" acceleration="2444"/>
    <motionState vehicle="3" speed="2842" time="3490" acceleration="208"/>
    <motionState vehicle="4" speed="2731" time="3490" acceleration="-2755"/>
    <motionState vehicle="5" speed="4759" time="3490" acceleration="13636"/>
    <motionState vehicle="6" speed="2007" time="3490" acceleration="1137"/>
    <motionState vehicle="7" speed="2039" time="3490" acceleration="1578"/>
    <motionState vehicle="8" speed="2118" time="3490" acceleration="2355"/>
    <motionState vehicle="9" speed="2277" time="3490" acceleration="3259"/>
    <motionState vehicle="10" speed="2527" time="3490" acceleration="3525"/>
    <motionState vehicle="11" speed="2797" time="3490" acceleration="2375"/>
    <motionState vehicle="0" speed="2939" time="3500" acceleration="661"/>
    <motionState vehicle="1" speed="4730" time="3500" acceleration="13636"/>
    <motionState vehicle="2" speed="2714" time="3500" acceleration="2413"/>
    <motionState vehicle="3" speed="2842" time="3500" acceleration="169"/>
    <motionState vehicle="4" speed="2728" time="3500" acceleration="-2760"/>
    <motionState vehicle="5" speed="4773" time="3500" acceleration="13636"/>
    <motionState vehicle="6" speed="2009" time="3500" acceleration="1133"/>
    <motionState vehicle="7" speed="2041" time="3500" acceleration="1577"/>
    <motionState vehicle="8" speed="2120" time="3500" acceleration="2356"/>
    <motionState vehicle="9" speed="2280" time="3500" acceleration="3254"/>
    <motionState vehicle="10" speed="2530" time="3500" acceleration="3507"/>
    <motionState vehicle="11" speed="2799" time="3500" acceleration="2351"/>
    <motionState vehicle="0" speed="2940" time="3510" acceleration="650"/>
    <motionState vehicle="1" speed="4743" time="3510" acceleration="13636"/>
    <motionState vehicle="2" speed="2716" time="3510" acceleration="2382"/>
    <motionState vehicle="3" speed="2842" time="3510" acceleration="131"/>
    <motionState vehicle="4" speed="2725" time="3510" acceleration="-2765"/>
    <motionState vehicle="5" speed="4786" time="3510" acceleration="13636"/>
    <motionState vehicle="6" speed="2010" time="3510" acceleration="1130"/>
    <motionState vehicle="7" speed="2042" time="3510" acceleration="1577"/>
    <motionState vehicle="8" speed="2122" time="3510" acceleration="2357"/>
    <motionState vehicle="9" speed="2283" time="3510" acceleration="3250"/>
    <motionState vehicle="10" speed="2534" time="3510" acceleration="3489"/>
    <motionState vehicle="11" speed="2801" time="3510" acceleration="2327"/>
    <motionState vehicle="0" speed="2941" time="3520" acceleration="640"/>
    <motionState vehicle="1" speed="4757" time="3520" acceleration="13636"/>
    <motionState vehicle="2" speed="2719" time="3520" acceleration="2352"/>
    <motionState vehicle="3" speed="2842" time="3520" acceleration="92"/>
    <motionState vehicle="4" speed="2722" time="3520" acceleration="-2770"/>
    <motionState vehicle="5" speed="4800" time="3520" acceleration="13636"/>
    <motionState vehicle="6" speed="2011" time="3520" acceleration="1127"/>
    <motionState vehicle="7" speed="2044" time="3520" acceleration="1577"/>
    <motionState vehicle="8" speed="2125" time="3520" acceleration="2358"/>
    <motionState vehicle="9" speed="2287" time="3520" acceleration="3245"/>
    <motionState vehicle="10" speed="2537" time="3520" acceleration="3471"/>
    <motionState vehicle="11" speed="2804" time="3520" acceleration="2303"/>
    <motionState vehicle="0" speed="2941" time="3530" acceleration="630"/>
    <motionState vehicle="1" speed="4771" time="3530" acceleration="13636"/>
    <motionState vehicle="2" speed="2721" time="3530" acceleration="2321"/>
    <motionState vehicle="3" speed="2842" time="3530" acceleration="55"/>
    <motionState vehicle="4" speed="2719" time="3530" acceleration="-2774"/>
    <motionState vehicle="5" speed="4814" time="3530" acceleration="13636"/>
    <motionState vehicle="6" speed="2012" time="3530" acceleration="1123"/>
    <motionState vehicle="7" speed="2046" time="3530" acceleration="1578"/>
    <motionState vehicle="8" speed="2127" time="3530" acceleration="2360"/>
    <motionState vehicle="9" speed="2290" time="3530" acceleration="3241"/>
    <motionState vehicle="10" speed="2541" time="3530" acceleration="3453"/>
    <motionState vehicle="11" speed="2806" time="3530" acceleration="2279"/>
    <motionState vehicle="0" speed="2942" time="3540" acceleration="619"/>
    <motionState vehicle="1" speed="4784" time="3540" acceleration="13636"/>
    <motionState vehicle="2" speed="2723" time="3540" acceleration="2290"/>
    <motionState vehicle="3" speed="2842" time="3540" acceleration="17"/>
    <motionState vehicle="4" speed="2717" time="3540" acceleration="-2777"/>
    <motionState vehicle="5" speed="4827" time="3540" acceleration="13636"/>
    <motionState vehicle="6" speed="2013" time="3540" acceleration="1120"/>
    <motionState vehicle="7" speed="2047" time="3540" acceleration="1578"/>
    <motionState vehicle="8" speed="2129" time="3540" acceleration="2361"/>
    <motionState vehicle="9" speed="2293" time="3540" acceleration="3236"/>
    <motionState vehicle="10" speed="2544" time="3540" acceleration="3435"/>
    <motionState vehicle="11" speed="2808" time="3540" acceleration="2256"/>
    <motionState vehicle="0" speed="2942" time="3550" acceleration="609"/>
    <motionState vehicle="1" speed="4798" time="3550" acceleration="13636"/>
    <motionState vehicle="2" speed="2726" time="3550" acceleration="2260"/>
    <motionState vehicle="3" speed="2842" time="3550" acceleration="-19"/>
    <motionState vehicle="4" speed="2714" time="3550" acceleration="-2781"/>
    <motionState vehicle="5" speed="4841" time="3550" acceleration="13636"/>
    <motionState vehicle="6" speed="2014" time="3550" acceleration="1118"/>
    <motionState vehicle="7" speed="2049" time="3550" acceleration="1578"/>
    <motionState vehicle="8" speed="2132" time="3550" acceleration="2362"/>
    <motionState vehicle="9" speed="2296" time="3550" acceleration="3231"/>
    <motionState vehicle="10" speed="2548" time="3550" acceleration="3417"/>
    <motionState vehicle="11" speed="2810" time="3550" acceleration="2233"/>
    <motionState vehicle="0" speed="2943" time="3560" acceleration="599"/>
    <motionState vehicle="1" speed="4812" time="3560" acceleration="13636"/>
    <motionState vehicle="2" speed="2728" time="3560" acceleration="2229"/>
    <motionState vehicle="3" speed="2842" time="3560" acceleration="-55"/>
    <motionState vehicle="4" speed="2711" time="3560" acceleration="-2784"/>
    <motionState vehicle="5" speed="4855" time="3560" acceleration="13636"/>
    <motionState vehicle="6" speed="2015" time="3560" acceleration="1115"/>
    <motionState vehicle="7" speed="2050" time="3560" acceleration="1578"/>
    <motionState vehicle="8" speed="2134" time="3560" acceleration="2364"/>
    <motionState vehicle="9" speed="2300" time="3560" acceleration="3226"/>
    <motionState vehicle="10" speed="2551" time="3560" acceleration="3399"/>
    <motionState vehicle="11" speed="2813" time="3560" acceleration="2210"/>
    <motionState vehicle="0" speed="2944" time="3570" acceleration="588"/>
    <motionState vehicle="1" speed="4825" time="3570" acceleration="13636"/>
    <motionState vehicle="2" speed="2730" time="3570" acceleration="2198"/>
    <motionState vehicle="3" speed="2842" time="3570" acceleration="-91"/>
    <motionState vehicle="4" speed="2708" time="3570" acceleration="-2786"/>
    <motionState vehicle="5" speed="4868" time="3570" acceleration="13636"/>
    <motionState vehicle="6" speed="2016" time="3570" acceleration="1112"/>
    <motionState vehicle="7" speed="2052" time="3570" acceleration="1579"/>
    <motionState vehicle="8" speed="2137" time="3570" acceleration="2365"/>
    <motionState vehicle="9" speed="2303" time="3570" acceleration="3221"/>
    <motionState vehicle="10" speed="2554" time="3570" acceleration="3381"/>
    <motionState vehicle="11" speed="2815" time="3570" acceleration="2187"/>
    <motionState vehicle="0" speed="2944" time="3580" acceleration="578"/>
    <motionState vehicle="1" speed="4839" time="3580" acceleration="13636"/>
    <motionState vehicle="2" speed="2732" time="3580" acceleration="2168"/>
    <motionState vehicle="3" speed="2842" time="3580" acceleration="-127"/>
    <motionState vehicle="4" speed="2706" time="3580" acceleration="-2788"/>
    <motionState vehicle="5" speed="4882" time="3580" acceleration="13636"/>
    <motionState vehicle="6" speed="2018" time="3580" acceleration="1109"/>
    <motionState vehicle="7" speed="2053" time="3580" acceleration="1579"/>
    <motionState vehicle="8" speed="2139" time="3580" acceleration="2367"/>
    <motionState vehicle="9" speed="2306" time="3580" acceleration="3217"/>
    <motionState vehicle="10" speed="2558" time="3580" acceleration="3363"/>
    <motionState vehicle="11" speed="2817" time="3580" acceleration="2164"/>
    <motionState vehicle="0" speed="2945" time="3590" acceleration="568"/>
    <motionState vehicle="1" speed="4852" time="3590" acceleration="13636"/>
    <motionState vehicle="2" speed="2734" time="3590" acceleration="2137"/>
    <motionState vehicle="3" speed="2842" time="3590" acceleration="-163"/>
    <motionState vehicle="4" speed="2703" time="3590" acceleration="-2790"/>
    <motionState vehicle="5" speed="4895" time="3590" acceleration="13636"/>
    <motionState vehicle="6" speed="2019" time="3590" acceleration="1107"/>
    <motionState vehicle="7" speed="2055" time="3590" acceleration="1580"/>
    <motionState vehicle="8" speed="2141" time="3590" acceleration="2368"/>
    <motionState vehicle="9" speed="2309" time="3590" acceleration="3212"/>
    <motionState vehicle="10" speed="2561" time="3590" acceleration="3345"/>
    <motionState vehicle="11" speed="2819" time="3590" acceleration="2142"/>
    <motionState vehicle="0" speed="2945" time="3600" acceleration="558"/>
    <motionState vehicle="1" speed="4866" time="3600" acceleration="13636"/>
    <motionState vehicle="2" speed="2737" time="3600" acceleration="2106"/>
    <motionState vehicle="3" speed="2842" time="3600" acceleration="-198"/>
    <motionState vehicle="4" speed="2700" time="3600" acceleration="-2791"/>
    <motionState vehicle="5" speed="4909" time="3600" acceleration="13636"/>
    <motionState vehicle="6" speed="2020" time="3600" acceleration="1104"/>
    <motionState vehicle="7" speed="2057" time="3600" acceleration="1580"/>
    <motionState vehicle="8" speed="2144" time="3600" acceleration="2369"/>
    <motionState vehicle="9" speed="2312" time="3600" acceleration="3206"/>
    <motionState vehicle="10" speed="2564" time="3600" acceleration="3327"/>
    <motionState vehicle="11" speed="2821" time="3600" acceleration="2119"/>
    <motionState vehicle="0" speed="2946" time="3610" acceleration="548"/>
    <motionState vehicle="1" speed="4880" time="3610" acceleration="13636"/>
    <motionState vehicle="2" speed="2739" time="3610" acceleration="2076"/>
    <motionState vehicle="3" speed="2841" time="3610" acceleration="-232"/>
    <motionState vehicle="4" speed="2697" time="3610" acceleration="-2792"/>
    <motionState vehicle="5" speed="4923" time="3610" acceleration="13636"/>
    <motionState vehicle="6" speed="2021" time="3610" acceleration="1102"/>
    <motionState vehicle="7" speed="2058" time="3610" acceleration="1581"/>
    <motionState vehicle="8" speed="2146" time="3610" acceleration="2371"/>
    <motionState vehicle="9" speed="2316" time="3610" acceleration="3201"/>
    <motionState vehicle="10" speed="2568" time="3610" acceleration="3309"/>
    <motionState vehicle="11" speed="2823" time="3610" acceleration="2097"/>
    <motionState vehicle="0" speed="2946" time="3620" acceleration="538"/>
    <motionState vehicle="1" speed="4893" time="3620" acceleration="13636"/>
    <motionState vehicle="2" speed="2741" time="3620" acceleration="2045"/>
    <motionState vehicle="3" speed="2841" time="3620" acceleration="-267"/>
    <motionState vehicle="4" speed="2694" time="3620" acceleration="-2793"/>
    <motionState vehicle="5" speed="4936" time="3620" acceleration="13636"/>
    <motionState vehicle="6" speed="2022" time="3620" acceleration="1100"/>
    <motionState vehicle="7" speed="2060" time="3620" acceleration="1582"/>
    <motionState vehicle="8" speed="2148" time="3620" acceleration="2372"/>
    <motionState vehicle="9" speed="2319" time="3620" acceleration="3196"/>
    <motionState vehicle="10" speed="2571" time="3620" acceleration="3292"/>
    <motionState vehicle="11" speed="2825" time="3620" acceleration="2075"/>
    <motionState vehicle="0" speed="2947" time="3630" acceleration="528"/>
    <motionState vehicle="1" speed="4907" time="3630" acceleration="13636"/>
    <motionState vehicle="2" speed="2743" time="3630" acceleration="2015"/>
    <motionState vehicle="3" speed="2841" time="3630" acceleration="-301"/>
    <motionState vehicle="4" speed="2692" time="3630" acceleration="-2793"/>
    <motionState vehicle="5" speed="4950" time="3630" acceleration="13636"/>
    <motionState vehicle="6" speed="2023" time="3630" acceleration="1098"/>
    <motionState vehicle="7" speed="2061" time="3630" acceleration="1583"/>
    <motionState vehicle="8" speed="2151" time="3630" acceleration="2374"/>
    <motionState vehicle="9" speed="2322" time="3630" acceleration="3191"/>
    <motionState vehicle="10" speed="2574" time="3630" acceleration="3274"/>
    <motionState vehicle="11" speed="2827" time="3630" acceleration="2053"/>
    <motionState vehicle="0" speed="2948" time="3640" acceleration="518"/>
    <motionState vehicle="1" speed="4921" time="3640" acceleration="13636"/>
    <motionState vehicle="2" speed="2745" time="3640" acceleration="1984"/>
    <motionState vehicle="3" speed="2840" time="3640" acceleration="-334"/>
    <motionState vehicle="4" speed="2689" time="3640" acceleration="-2793"/>
    <motionState vehicle="5" speed="4964" time="3640" acceleration="13636"/>
    <motionState vehicle="6" speed="2024" time="3640" acceleration="1095"/>
    <motionState vehicle="7" speed="2063" time="3640" acceleration="1584"/>
    <motionState vehicle="8" speed="2153" time="3640" acceleration="2375"/>
    <motionState vehicle="9" speed="2325" time="3640" acceleration="3186"/>
    <motionState vehicle="10" speed="2578" time="3640" acceleration="3256"/>
    <motionState vehicle="11" speed="2829" time="3640" acceleration="2032"/>
    <motionState vehicle="0" speed="2948" time="3650" acceleration="509"/>
    <motionState vehicle="1" speed="4934" time="3650" acceleration="13636"/>
    <motionState vehicle="2" speed="2747" time="3650" acceleration="1954"/>
    <motionState vehicle="3" speed="2840" time="3650" acceleration="-367"/>
    <motionState vehicle="4" speed="2686" time="3650" acceleration="-2793"/>
    <motionState vehicle="5" speed="4977" time="3650" acceleration="13636"/>
    <motionState vehicle="6" speed="2025" time="3650" acceleration="1093"/>
    <motionState vehicle="7" speed="2065" time="3650" acceleration="1585"/>
    <motionState vehicle="8" speed="2156" time="3650" acceleration="2376"/>
    <motionState vehicle="9" speed="2328" time="3650" acceleration="3180"/>
    <motionState vehicle="10" speed="2581" time="3650" acceleration="3238"/>
    <motionState vehicle="11" speed="2831" time="3650" acceleration="2010"/>
    <motionState vehicle="0" speed="2949" time="3660" acceleration="499"/>
    <motionState vehicle="1" speed="4948" time="3660" acceleration="13636"/>
    <motionState vehicle="2" speed="2749" time="3660" acceleration="1924"/>
    <motionState vehicle="3" speed="2840" time="3660" acceleration="-400"/>
    <motionState vehicle="4" speed="2683" time="3660" acceleration="-2792"/>
    <motionState vehicle="5" speed="4991" time="3660" acceleration="13636"/>
    <motionState vehicle="6" speed="2026" time="3660" acceleration="1092"/>
    <motionState vehicle="7" speed="2066" time="3660" acceleration="1586"/>
    <motionState vehicle="8" speed="2158" time="3660" acceleration="2378"/>
    <motionState vehicle="9" speed="2332" time="3660" acceleration="3175"/>
    <motionState vehicle="10" speed="2584" time="3660" acceleration="3220"/>
    <motionState vehicle="11" speed="2833" time="3660" acceleration="1989"/>
    <motionState vehicle="0" speed="2949" time="3670" acceleration="489"/>
    <motionState vehicle="1" speed="4962" time="3670" acceleration="13636"/>
    <motionState vehicle="2" speed="2750" time="3670" acceleration="1893"/>
    <motionState vehicle="3" speed="2839" time="3670" acceleration="-432"/>
    <motionState vehicle="4" speed="2680" time="3670" acceleration="-2791"/>
    <motionState vehicle="5" speed="5005" time="3670" acceleration="13636"/>
    <motionState vehicle="6" speed="2027" time="3670" acceleration="1090"/>
    <motionState vehicle="7" speed="2068" time="3670" acceleration="1587"/>
    <motionState vehicle="8" speed="2160" time="3670" acceleration="2379"/>
    <motionState vehicle="9" speed="2335" time="3670" acceleration="3169"/>
    <motionState vehicle="10" speed="2587" time="3670" acceleration="3202"/>
    <motionState vehicle="11" speed="2835" time="3670" acceleration="1968"/>
    <motionState vehicle="0" speed="2949" time="3680" acceleration="479"/>
    <motionState vehicle="1" speed="4975" time="3680" acceleration="13636"/>
    <motionState vehicle="2" speed="2752" time="3680" acceleration="1863"/>
    <motionState vehicle="3" speed="2839" time="3680" acceleration="-464"/>
    <motionState vehicle="4" speed="2678" time="3680" acceleration="-2790"/>
    <motionState vehicle="5" speed="5018" time="3680" acceleration="13636"/>
    <motionState vehicle="6" speed="2028" time="3680" acceleration="1088"/>
    <motionState vehicle="7" speed="2069" time="3680" acceleration="1588"/>
    <motionState vehicle="8" speed="2163" time="3680" acceleration="2381"/>
    <motionState vehicle="9" speed="2338" time="3680" acceleration="3164"/>
    <motionState vehicle="10" speed="2590" time="3680" acceleration="3185"/>
    <motionState vehicle="11" speed="2837" time="3680" acceleration="1947"/>
    <motionState vehicle="0" speed="2950" time="3690" acceleration="470"/>
    <motionState vehicle="1" speed="4989" time="3690" acceleration="13636"/>
    <motionState vehicle="2" speed="2754" time="3690" acceleration="1833"/>
    <motionState vehicle="3" speed="2838" time="3690" acceleration="-496"/>
    <motionState vehicle="4" speed="2675" time="3690" acceleration="-2788"/>
    <motionState vehicle="5" speed="5032" time="3690" acceleration="13636"/>
    <motionState vehicle="6" speed="2030" time="3690" acceleration="1086"/>
    <motionState vehicle="7" speed="2071" time="3690" acceleration="1589"/>
    <motionState vehicle="8" speed="2165" time="3690" acceleration="2382"/>
    <motionState vehicle="9" speed="2341" time="3690" acceleration="3158"/>
    <motionState vehicle="10" speed="2594" time="3690" acceleration="3167"/>
    <motionState vehicle="11" speed="2839" time="3690" acceleration="1926"/>
    <motionState vehicle="0" speed="2950" time="3700" acceleration="460"/>
    <motionState vehicle="1" speed="5002" time="3700" acceleration="13636"/>
    <motionState vehicle="2" speed="2756" time="3700" acceleration="1803"/>
    <motionState vehicle="3" speed="2838" time="3700" acceleration="-527"/>
    <motionState vehicle="4" speed="2672" time="3700" acceleration="-2786"/>
    <motionState vehicle="5" speed="5045" time="3700" acceleration="13636"/>
    <motionState vehicle="6" speed="2031" time="3700" acceleration="1085"/>
    <motionState vehicle="7" speed="2072" time="3700" acceleration="1591"/>
    <motionState vehicle="8" speed="2167" time="3700" acceleration="2383"/>
    <motionState vehicle="9" speed="2344" time="3700" acceleration="3152"/>
    <motionState vehicle="10" speed="2597" time="3700" acceleration="3149"/>
    <motionState vehicle="11" speed="2841" time="3700" acceleration="1905"/>
    <motionState vehicle="0" speed="2951" time="3710" acceleration="450"/>
    <motionState vehicle="1" speed="5016" time="3710" acceleration="13636"/>
    <motionState vehicle="2" speed="2758" time="3710" acceleration="1772"/>
    <motionState vehicle="3" speed="2837" time="3710" acceleration="-558"/>
    <motionState vehicle="4" speed="2669" time="3710" acceleration="-2784"/>
    <motionState vehicle="5" speed="5059" time="3710" acceleration="13636"/>
    <motionState vehicle="6" speed="2032" time="3710" acceleration="1083"/>
    <motionState vehicle="7" speed="2074" time="3710" acceleration="1592"/>
    <motionState vehicle="8" speed="2170" time="3710" acceleration="2385"/>
    <motionState vehicle="9" speed="2347" time="3710" acceleration="3147"/>
    <motionState vehicle="10" speed="2600" time="3710" acceleration="3131"/>
    <motionState vehicle="11" speed="2843" time="3710" acceleration="1885"/>
    <motionState vehicle="0" speed="2951" time="3720" acceleration="441"/>
    <motionState vehicle="1" speed="5030" time="3720" acceleration="13636"/>
    <motionState vehicle="2" speed="2759" time="3720" acceleration="1742"/>
    <motionState vehicle="3" speed="2837" time="3720" acceleration="-588"/>
    <motionState vehicle="4" speed="2666" time="3720" acceleration="-2782"/>
    <motionState vehicle="5" speed="5073" time="3720" acceleration="13636"/>
    <motionState vehicle="6" speed="2033" time="3720" acceleration="1082"/>
    <motionState vehicle="7" speed="2076" time="3720" acceleration="1594"/>
    <motionState vehicle="8" speed="2172" time="3720" acceleration="2386"/>
    <motionState vehicle="9" speed="2350" time="3720" acceleration="3141"/>
    <motionState vehicle="10" speed="2603" time="3720" acceleration="3114"/>
    <motionState vehicle="11" speed="2845" time="3720" acceleration="1864"/>
    <motionState vehicle="0" speed="2952" time="3730" acceleration="431"/>
    <motionState vehicle="1" speed="5043" time="3730" acceleration="13636"/>
    <motionState vehicle="2" speed="2761" time="3730" acceleration="1712"/>
    <motionState vehicle="3" speed="2836" time="3730" acceleration="-618"/>
    <motionState vehicle="4" speed="2664" time="3730" acceleration="-2779"/>
    <motionState vehicle="5" speed="5086" time="3730" acceleration="13636"/>
    <motionState vehicle="6" speed="2034" time="3730" acceleration="1081"/>
    <motionState vehicle="7" speed="2077" time="3730" acceleration="1595"/>
    <motionState vehicle="8" speed="2175" time="3730" acceleration="2388"/>
    <motionState vehicle="9" speed="2354" time="3730" acceleration="3135"/>
    <motionState vehicle="10" speed="2606" time="3730" acceleration="3096"/>
    <motionState vehicle="11" speed="2847" time="3730" acceleration="1844"/>
    <motionState vehicle="0" speed="2952" time="3740" acceleration="421"/>
    <motionState vehicle="1" speed="5057" time="3740" acceleration="13636"/>
    <motionState vehicle="2" speed="2763" time="3740" acceleration="1682"/>
    <motionState vehicle="3" speed="2835" time="3740" acceleration="-648"/>
    <motionState vehicle="4" speed="2661" time="3740" acceleration="-2776"/>
    <motionState vehicle="5" speed="5100" time="3740" acceleration="13636"/>
    <motionState vehicle="6" speed="2035" time="3740" acceleration="1080"/>
    <motionState vehicle="7" speed="2079" time="3740" acceleration="1597"/>
    <motionState vehicle="8" speed="2177" time="3740" acceleration="2389"/>
    <motionState vehicle="9" speed="2357" time="3740" acceleration="3129"/>
    <motionState vehicle="10" speed="2609" time="3740" acceleration="3078"/>
    <motionState vehicle="11" speed="2849" time="3740" acceleration="1824"/>
    <motionState vehicle="0" speed="2953" time="3750" acceleration="412"/>
    <motionState vehicle="1" speed="5071" time="3750" acceleration="13636"/>
    <motionState vehicle="2" speed="2764" time="3750" acceleration="1652"/>
    <motionState vehicle="3" speed="2835" time="3750" acceleration="-677"/>
    <motionState vehicle="4" speed="2658" time="3750" acceleration="-2772"/>
    <motionState vehicle="5" speed="5114" time="3750" acceleration="13636"/>
    <motionState vehicle="6" speed="2036" time="3750" acceleration="1078"/>
    <motionState vehicle="7" speed="2080" time="3750" acceleration="1598"/>
    <motionState vehicle="8" speed="2179" time="3750" acceleration="2390"/>
    <motionState vehicle="9" speed="2360" time="3750" acceleration="3123"/>
    <motionState vehicle="10" speed="2612" time="3750" acceleration="3061"/>
    <motionState vehicle="11" speed="2850" time="3750" acceleration="1804"/>
    <motionState vehicle="0" speed="2953" time="3760" acceleration="402"/>
    <motionState vehicle="1" speed="5084" time="3760" acceleration="13636"/>
    <motionState vehicle="2" speed="2766" time="3760" acceleration="1623"/>
    <motionState vehicle="3" speed="2834" time="3760" acceleration="-706"/>
    <motionState vehicle="4" speed="2655" time="3760" acceleration="-2769"/>
    <motionState vehicle="5" speed="5127" time="3760" acceleration="13636"/>
    <motionState vehicle="6" speed="2037" time="3760" acceleration="1077"/>
    <motionState vehicle="7" speed="2082" time="3760" acceleration="1600"/>
    <motionState vehicle="8" speed="2182" time="3760" acceleration="2392"/>
    <motionState vehicle="9" speed="2363" time="3760" acceleration="3117"/>
    <motionState vehicle="10" speed="2615" time="3760" acceleration="3043"/>
    <motionState vehicle="11" speed="2852" time="3760" acceleration="1784"/>
    <motionState vehicle="0" speed="2953" time="3770" acceleration="393"/>
    <motionState vehicle="1" speed="5098" time="3770" acceleration="13636"/>
    <motionState vehicle="2" speed="2768" time="3770" acceleration="1593"/>
    <motionState vehicle="3" speed="2833" time="3770" acceleration="-735"/>
    <motionState vehicle="4" speed="2653" time="3770" acceleration="-2765"/>
    <motionState vehicle="5" speed="5141" time="3770" acceleration="13636"/>
    <motionState vehicle="6" speed="2038" time="3770" acceleration="1076"/>
    <motionState vehicle="7" speed="2084" time="3770" acceleration="1602"/>
    <motionState vehicle="8" speed="2184" time="3770" acceleration="2393"/>
    <motionState vehicle="9" speed="2366" time="3770" acceleration="3111"/>
    <motionState vehicle="10" speed="2618" time="3770" acceleration="3026"/>
    <motionState vehicle="11" speed="2854" time="3770" acceleration="1765"/>
    <motionState vehicle="0" speed="2954" time="3780" acceleration="383"/>
    <motionState vehicle="1" speed="5112" time="3780" acceleration="13636"/>
    <motionState vehicle="2" speed="2769" time="3780" acceleration="1563"/>
    <motionState vehicle="3" speed="2832" time="3780" acceleration="-763"/>
    <motionState vehicle="4" speed="2650" time="3780" acceleration="-2760"/>
    <motionState vehicle="5" speed="5155" time="3780" acceleration="13636"/>
    <motionState vehicle="6" speed="2039" time="3780" acceleration="1076"/>
    <motionState vehicle="7" speed="2085" time="3780" acceleration="1603"/>
    <motionState vehicle="8" speed="2187" time="3780" acceleration="2394"/>
    <motionState vehicle="9" speed="2369" time="3780" acceleration="3105"/>
    <motionState vehicle="10" speed="2621" time="3780" acceleration="3008"/>
    <motionState vehicle="11" speed="2856" time="3780" acceleration="1745"/>
    <motionState vehicle="0" speed="2954" time="3790" acceleration="374"/>
    <motionState vehicle="1" speed="5125" time="3790" acceleration="13636"/>
    <motionState vehicle="2" speed="2771" time="3790" acceleration="1533"/>
    <motionState vehicle="3" speed="2832" time="3790" acceleration="-791"/>
    <motionState vehicle="4" speed="2647" time="3790" acceleration="-2756"/>
    <motionState vehicle="5" speed="5168" time="3790" acceleration="13636"/>
    <motionState vehicle="6" speed="2040" time="3790" acceleration="1075"/>
    <motionState vehicle="7" speed="2087" time="3790" acceleration="1605"/>
    <motionState vehicle="8" speed="2189" time="3790" acceleration="2396"/>
    <motionState vehicle="9" speed="2372" time="3790" acceleration="3099"/>
    <motionState vehicle="10" speed="2624" time="3790" acceleration="2991"/>
    <motionState vehicle="11" speed="2857" time="3790" acceleration="1726"/>
    <motionState vehicle="0" speed="2954" time="3800" acceleration="364"/>
    <motionState vehicle="1" speed="5139" time="3800" acceleration="13636"/>
    <motionState vehicle="2" speed="2772" time="3800" acceleration="1504"/>
    <motionState vehicle="3" speed="2831" time="3800" acceleration="-818"/>
    <motionState vehicle="4" speed="2644" time="3800" acceleration="-2751"/>
    <motionState vehicle="5" speed="5182" time="3800" acceleration="13636"/>
    <motionState vehicle="6" speed="2041" time="3800" acceleration="1074"/>
    <motionState vehicle="7" speed="2088" time="3800" acceleration="1607"/>
    <motionState vehicle="8" speed="2191" time="3800" acceleration="2397"/>
    <motionState vehicle="9" speed="2375" time="3800" acceleration="3093"/>
    <motionState vehicle="10" speed="2627" time="3800" acceleration="2973"/>
    <motionState vehicle="11" speed="2859" time="3800" acceleration="1707"/>
    <motionState vehicle="0" speed="2955" time="3810" acceleration="355"/>
    <motionState vehicle="1" speed="5152" time="3810" acceleration="13636"/>
    <motionState vehicle="2" speed="2774" time="3810" acceleration="1474"/>
    <motionState vehicle="3" speed="2830" time="3810" acceleration="-845"/>
    <motionState vehicle="4" speed="2642" time="3810" acceleration="-2746"/>
    <motionState vehicle="5" speed="5195" time="3810" acceleration="13636"/>
    <motionState vehicle="6" speed="2043" time="3810" acceleration="1073"/>
    <motionState vehicle="7" speed="2090" time="3810" acceleration="1609"/>
    <motionState vehicle="8" speed="2194" time="3810" acceleration="2398"/>
    <motionState vehicle="9" speed="2378" time="3810" acceleration="3086"/>
    <motionState vehicle="10" speed="2630" time="3810" acceleration="2956"/>
    <motionState vehicle="11" speed="2861" time="3810" acceleration="1688"/>
    <motionState vehicle="0" speed="2955" time="3820" acceleration="345"/>
    <motionState vehicle="1" speed="5166" time="3820" acceleration="13636"/>
    <motionState vehicle="2" speed="2775" time="3820" acceleration="1445"/>
    <motionState vehicle="3" speed="2829" time="3820" acceleration="-872"/>
    <motionState vehicle="4" speed="2639" time="3820" acceleration="-2741"/>
    <motionState vehicle="5" speed="5209" time="3820" acceleration="13636"/>
    <motionState vehicle="6" speed="2044" time="3820" acceleration="1073"/>
    <motionState vehicle="7" speed="2092" time="3820" acceleration="1611"/>
    <motionState vehicle="8" speed="2196" time="3820" acceleration="2399"/>
    <motionState vehicle="9" speed="2382" time="3820" acceleration="3080"/>
    <motionState vehicle="10" speed="2633" time="3820" acceleration="2938"/>
    <motionState vehicle="11" speed="2863" time="3820" acceleration="1669"/>
    <motionState vehicle="0" speed="2956" time="3830" acceleration="336"/>
    <motionState vehicle="1" speed="5180" time="3830" acceleration="13636"/>
    <motionState vehicle="2" speed="2777" time="3830" acceleration="1416"/>
    <motionState vehicle="3" speed="2828" time="3830" acceleration="-898"/>
    <motionState vehicle="4" speed="2636" time="3830" acceleration="-2736"/>
    <motionState vehicle="5" speed="5223" time="3830" acceleration="13636"/>
    <motionState vehicle="6" speed="2045" time="3830" acceleration="1072"/>
    <motionState vehicle="7" speed="2093" time="3830" acceleration="1613"/>
    <motionState vehicle="8" speed="2199" time="3830" acceleration="2401"/>
    <motionState vehicle="9" speed="2385" time="3830" acceleration="3074"/>
    <motionState vehicle="10" speed="2636" time="3830" acceleration="2921"/>
    <motionState vehicle="11" speed="2864" time="3830" acceleration="1650"/>
    <motionState vehicle="0" speed="2956" time="3840" acceleration="326"/>
    <motionState vehicle="1" speed="5193" time="3840" acceleration="13636"/>
    <motionState vehicle="2" speed="2778" time="3840" acceleration="1387"/>
    <motionState vehicle="3" speed="2827" time="3840" acceleration="-924"/>
    <motionState vehicle="4" speed="2633" time="3840" acceleration="-2730"/>
    <motionState vehicle="5" speed="5236" time="3840" acceleration="13636"/>
    <motionState vehicle="6" speed="2046" time="3840" acceleration="1072"/>
    <motionState vehicle="7" speed="2095" time="3840" acceleration="1615"/>
    <motionState vehicle="8" speed="2201" time="3840" acceleration="2402"/>
    <motionState vehicle="9" speed="2388" time="3840" acceleration="3067"/>
    <motionState vehicle="10" speed="2639" time="3840" acceleration="2903"/>
    <motionState vehicle="11" speed="2866" time="3840" acceleration="1631"/>
    <motionState vehicle="0" speed="2956" time="3850" acceleration="317"/>
    <motionState vehicle="1" speed="5207" time="3850" acceleration="13636"/>
    <motionState vehicle="2" speed="2779" time="3850" acceleration="1357"/>
    <motionState vehicle="3" speed="2826" time="3850" acceleration="-950"/>
    <motionState vehicle="4" speed="2631" time="3850" acceleration="-2724"/>
    <motionState vehicle="5" speed="5250" time="3850" acceleration="13636"/>
    <motionState vehicle="6" speed="2047" time="3850" acceleration="1072"/>
    <motionState vehicle="7" speed="2097" time="3850" acceleration="1617"/>
    <motionState vehicle="8" speed="2203" time="3850" acceleration="2403"/>
    <motionState vehicle="9" speed="2391" time="3850" acceleration="3061"/>
    <motionState vehicle="10" speed="2642" time="3850" acceleration="2886"/>
    <motionState vehicle="11" speed="2867" time="3850" acceleration="1613"/>
    <motionState vehicle="0" speed="2956" time="3860" acceleration="307"/>
    <motionState vehicle="1" speed="5221" time="3860" acceleration="13636"/>
    <motionState vehicle="2" speed="2781" time="3860" acceleration="1328"/>
    <motionState vehicle="3" speed="2825" time="3860" acceleration="-975"/>
    <motionState vehicle="4" speed="2628" time="3860" acceleration="-2718"/>
    <motionState vehicle="5" speed="5264" time="3860" acceleration="13636"/>
    <motionState vehicle="6" speed="2048" time="3860" acceleration="1071"/>
    <motionState vehicle="7" speed="2098" time="3860" acceleration="1619"/>
    <motionState vehicle="8" speed="2206" time="3860" acceleration="2404"/>
    <motionState vehicle="9" speed="2394" time="3860" acceleration="3054"/>
    <motionState vehicle="10" speed="2645" time="3860" acceleration="2869"/>
    <motionState vehicle="11" speed="2869" time="3860" acceleration="1594"/>
    <motionState vehicle="0" speed="2957" time="3870" acceleration="298"/>
    <motionState vehicle="1" speed="5234" time="3870" acceleration="13636"/>
    <motionState vehicle="2" speed="2782" time="3870" acceleration="1299"/>
    <motionState vehicle="3" speed="2824" time="3870" acceleration="-1000"/>
    <motionState vehicle="4" speed="2625" time="3870" acceleration="-2711"/>
    <motionState vehicle="5" speed="5277" time="3870" acceleration="13636"/>
    <motionState vehicle="6" speed="2049" time="3870" acceleration="1071"/>
    <motionState vehicle="7" speed="2100" time="3870" acceleration="1621"/>
    <motionState vehicle="8" speed="2208" time="3870" acceleration="2405"/>
    <motionState vehicle="9" speed="2397" time="3870" acceleration="3047"/>
    <motionState vehicle="10" speed="2648" time="3870" acceleration="2851"/>
    <motionState vehicle="11" speed="2871" time="3870" acceleration="1576"/>
    <motionState vehicle="0" speed="2957" time="3880" acceleration="288"/>
    <motionState vehicle="1" speed="5248" time="3880" acceleration="13636"/>
    <motionState vehicle="2" speed="2783" time="3880" acceleration="1270"/>
    <motionState vehicle="3" speed="2823" time="3880" acceleration="-1025"/>
    <motionState vehicle="4" speed="2622" time="3880" acceleration="-2704"/>
    <motionState vehicle="5" speed="5291" time="3880" acceleration="13636"/>
    <motionState vehicle="6" speed="2050" time="3880" acceleration="1071"/>
    <motionState vehicle="7" speed="2101" time="3880" acceleration="1624"/>
    <motionState vehicle="8" speed="2211" time="3880" acceleration="2406"/>
    <motionState vehicle="9" speed="2400" time="3880" acceleration="3041"/>
    <motionState vehicle="10" speed="2650" time="3880" acceleration="2834"/>
    <motionState vehicle="11" speed="2872" time="3880" acceleration="1558"/>
    <motionState vehicle="0" speed="2957" time="3890" acceleration="279"/>
    <motionState vehicle="1" speed="5262" time="3890" acceleration="13636"/>
    <motionState vehicle="2" speed="2785" time="3890" acceleration="1242"/>
    <motionState vehicle="3" speed="2822" time="3890" acceleration="-1049"/>
    <motionState vehicle="4" speed="2620" time="3890" acceleration="-2698"/>
    <motionState vehicle="5" speed="5305" time="3890" acceleration="13636"/>
    <motionState vehicle="6" speed="2051" time="3890" acceleration="1071"/>
    <motionState vehicle="7" speed="2103" time="3890" acceleration="1626"/>
    <motionState vehicle="8" speed="2213" time="3890" acceleration="2408"/>
    <motionState vehicle="9" speed="2403" time="3890" acceleration="3034"/>
    <motionState vehicle="10" speed="2653" time="3890" acceleration="2817"/>
    <motionState vehicle="11" speed="2874" time="3890" acceleration="1540"/>
    <motionState vehicle="0" speed="2958" time="3900" acceleration="269"/>
    <motionState vehicle="1" speed="5275" time="3900" acceleration="13636"/>
    <motionState vehicle="2" speed="2786" time="3900" acceleration="1213"/>
    <motionState vehicle="3" speed="2821" time="3900" acceleration="-1073"/>
    <motionState vehicle="4" speed="2617" time="3900" acceleration="-2690"/>
    <motionState vehicle="5" speed="5318" time="3900" acceleration="13636"/>
    <motionState vehicle="6" speed="2052" time="3900" acceleration="1071"/>
    <motionState vehicle="7" speed="2105" time="3900" acceleration="1628"/>
    <motionState vehicle="8" speed="2215" time="3900" acceleration="2409"/>
    <motionState vehicle="9" speed="2406" time="3900" acceleration="3027"/>
    <motionState vehicle="10" speed="2656" time="3900" acceleration="2800"/>
    <motionState vehicle="11" speed="2875" time="3900" acceleration="1522"/>
    <motionState vehicle="0" speed="2958" time="3910" acceleration="260"/>
    <motionState vehicle="1" speed="5289" time="3910" acceleration="13636"/>
    <motionState vehicle="2" speed="2787" time="3910" acceleration="1184"/>
    <motionState vehicle="3" speed="2820" time="3910" acceleration="-1096"/>
    <motionState vehicle="4" speed="2614" time="3910" acceleration="-2683"/>
    <motionState vehicle="5" speed="5332" time="3910" acceleration="13636"/>
    <motionState vehicle="6" speed="2053" time="3910" acceleration="1071"/>
    <motionState vehicle="7" speed="2106" time="3910" acceleration="1631"/>
    <motionState vehicle="8" speed="2218" time="3910" acceleration="2410"/>
    <motionState vehicle="9" speed="2409" time="3910" acceleration="3020"/>
    <motionState vehicle="10" speed="2659" time="3910" acceleration="2783"/>
    <motionState vehicle="11" speed="2877" time="3910" acceleration="1504"/>
    <motionState vehicle="0" speed="2958" time="3920" acceleration="250"/>
    <motionState vehicle="1" speed="5302" time="3920" acceleration="13636"/>
    <motionState vehicle="2" speed="2788" time="3920" acceleration="1156"/>
    <motionState vehicle="3" speed="2819" time="3920" acceleration="-1119"/>
    <motionState vehicle="4" speed="2612" time="3920" acceleration="-2676"/>
    <motionState vehicle="5" speed="5345" time="3920" acceleration="13636"/>
    <motionState vehicle="6" speed="2054" time="3920" acceleration="1071"/>
    <motionState vehicle="7" speed="2108" time="3920" acceleration="1633"/>
    <motionState vehicle="8" speed="2220" time="3920" acceleration="2411"/>
    <motionState vehicle="9" speed="2412" time="3920" acceleration="3013"/>
    <motionState vehicle="10" speed="2662" time="3920" acceleration="2766"/>
    <motionState vehicle="11" speed="2878" time="3920" acceleration="1487"/>
    <motionState vehicle="0" speed="2958" time="3930" acceleration="241"/>
    <motionState vehicle="1" speed="5316" time="3930" acceleration="13636"/>
    <motionState vehicle="2" speed="2789" time="3930" acceleration="1128"/>
    <motionState vehicle="3" speed="2818" time="3930" acceleration="-1142"/>
    <motionState vehicle="4" speed="2609" time="3930" acceleration="-2668"/>
    <motionState vehicle="5" speed="5359" time="3930" acceleration="13636"/>
    <motionState vehicle="6" speed="2055" time="3930" acceleration="1071"/>
    <motionState vehicle="7" speed="2110" time="3930" acceleration="1636"/>
    <motionState vehicle="8" speed="2223" time="3930" acceleration="2412"/>
    <motionState vehicle="9" speed="2415" time="3930" acceleration="3006"/>
    <motionState vehicle="10" speed="2664" time="3930" acceleration="2748"/>
    <motionState vehicle="11" speed="2880" time="3930" acceleration="1469"/>
    <motionState vehicle="0" speed="2959" time="3940" acceleration="231"/>
    <motionState vehicle="1" speed="5330" time="3940" acceleration="13636"/>
    <motionState vehicle="2" speed="2790" time="3940" acceleration="1099"/>
    <motionState vehicle="3" speed="2817" time="3940" acceleration="-1165"/>
    <motionState vehicle="4" speed="2606" time="3940" acceleration="-2660"/>
    <motionState vehicle="5" speed="5373" time="3940" acceleration="13636"/>
    <motionState vehicle="6" speed="2056" time="3940" acceleration="1072"/>
    <motionState vehicle="7" speed="2111" time="3940" acceleration="1638"/>
    <motionState vehicle="8" speed="2225" time="3940" acceleration="2413"/>
    <motionState vehicle="9" speed="2418" time="3940" acceleration="2999"/>
    <motionState vehicle="10" speed="2667" time="3940" acceleration="2731"/>
    <motionState vehicle="11" speed="2881" time="3940" acceleration="1452"/>
    <motionState vehicle="0" speed="2959" time="3950" acceleration="222"/>
    <motionState vehicle="1" speed="5343" time="3950" acceleration="13636"/>
    <motionState vehicle="2" speed="2791" time="3950" acceleration="1071"/>
    <motionState vehicle="3" speed="2815" time="3950" acceleration="-1187"/>
    <motionState vehicle="4" speed="2604" time="3950" acceleration="-2652"/>
    <motionState vehicle="5" speed="5386" time="3950" acceleration="13636"/>
    <motionState vehicle="6" speed="2058" time="3950" acceleration="1072"/>
    <motionState vehicle="7" speed="2113" time="3950" acceleration="1640"/>
    <motionState vehicle="8" speed="2227" time="3950" acceleration="2414"/>
    <motionState vehicle="9" speed="2421" time="3950" acceleration="2992"/>
    <motionState vehicle="10" speed="2670" time="3950" acceleration="2714"/>
    <motionState vehicle="11" speed="2883" time="3950" acceleration="1435"/>
    <motionState vehicle="0" speed="2959" time="3960" acceleration="212"/>
    <motionState vehicle="1" speed="5357" time="3960" acceleration="13636"/>
    <motionState vehicle="2" speed="2792" time="3960" acceleration="1043"/>
    <motionState vehicle="3" speed="2814" time="3960" acceleration="-1208"/>
    <motionState vehicle="4" speed="2601" time="3960" acceleration="-2644"/>
    <motionState vehicle="5" speed="5400" time="3960" acceleration="13636"/>
    <motionState vehicle="6" speed="2059" time="3960" acceleration="1073"/>
    <motionState vehicle="7" speed="2114" time="3960" acceleration="1643"/>
    <motionState vehicle="8" speed="2230" time="3960" acceleration="2415"/>
    <motionState vehicle="9" speed="2424" time="3960" acceleration="2985"/>
    <motionState vehicle="10" speed="2673" time="3960" acceleration="2697"/>
    <motionState vehicle="11" speed="2884" time="3960" acceleration="1418"/>
    <motionState vehicle="0" speed="2959" time="3970" acceleration="203"/>
    <motionState vehicle="1" speed="5371" time="3970" acceleration="13636"/>
    <motionState vehicle="2" speed="2793" time="3970" acceleration="1015"/>
    <motionState vehicle="3" speed="2813" time="3970" acceleration="-1230"/>
    <motionState vehicle="4" speed="2598" time="3970" acceleration="-2635"/>
    <motionState vehicle="5" speed="5414" time="3970" acceleration="13636"/>
    <motionState vehicle="6" speed="2060" time="3970" acceleration="1073"/>
    <motionState vehicle="7" speed="2116" time="3970" acceleration="1646"/>
    <motionState vehicle="8" speed="2232" time="3970" acceleration="2415"/>
    <motionState vehicle="9" speed="2427" time="3970" acceleration="2978"/>
    <motionState vehicle="10" speed="2675" time="3970" acceleration="2680"/>
    <motionState vehicle="11" speed="2885" time="3970" acceleration="1401"/>
    <motionState vehicle="0" speed="2959" time="3980" acceleration="193"/>
    <motionState vehicle="1" speed="5384" time="3980" acceleration="13636"/>
    <motionState vehicle="2" speed="2794" time="3980" acceleration="987"/>
    <motionState vehicle="3" speed="2812" time="3980" acceleration="-1251"/>
    <motionState vehicle="4" speed="2596" time="3980" acceleration="-2626"/>
    <motionState vehicle="5" speed="5427" time="3980" acceleration="13636"/>
    <motionState vehicle="6" speed="2061" time="3980" acceleration="1074"/>
    <motionState vehicle="7" speed="2118" time="3980" acceleration="1648"/>
    <motionState vehicle="8" speed="2235" time="3980" acceleration="2416"/>
    <motionState vehicle="9" speed="2430" time="3980" acceleration="2971"/>
    <motionState vehicle="10" speed="2678" time="3980" acceleration="2664"/>
    <motionState vehicle="11" speed="2887" time="3980" acceleration="1384"/>
    <motionState vehicle="0" speed="2960" time="3990" acceleration="184"/>
    <motionState vehicle="1" speed="5398" time="3990" acceleration="13636"/>
    <motionState vehicle="2" speed="2795" time="3990" acceleration="959"/>
    <motionState vehicle="3" speed="2810" time="3990" acceleration="-1272"/>
    <motionState vehicle="4" speed="2593" time="3990" acceleration="-2617"/>
    <motionState vehicle="5" speed="5441" time="3990" acceleration="13636"/>
    <motionState vehicle="6" speed="2062" time="3990" acceleration="1074"/>
    <motionState vehicle="7" speed="2119" time="3990" acceleration="1651"/>
    <motionState vehicle="8" speed="2237" time="3990" acceleration="2417"/>
    <motionState vehicle="9" speed="2433" time="3990" acceleration="2964"/>
    <motionState vehicle="10" speed="2681" time="3990" acceleration="2647"/>
    <motionState vehicle="11" speed="2888" time="3990" acceleration="1367"/>
    <motionState vehicle="0" speed="2960" time="4000" acceleration="174"/>
    <motionState vehicle="1" speed="5412" time="4000" acceleration="13636"/>
    <motionState vehicle="2" speed="2796" time="4000" acceleration="932"/>
    <motionState vehicle="3" speed="2809" time="4000" acceleration="-1292"/>
    <motionState vehicle="4" speed="2591" time="4000" acceleration="-2608"/>
    <motionState vehicle="5" speed="5455" time="4000" acceleration="13636"/>
    <motionState vehicle="6" speed="2063" time="4000" acceleration="1075"/>
    <motionState vehicle="7" speed="2121" time="4000" acceleration="1653"/>
    <motionState vehicle="8" speed="2240" time="4000" acceleration="2418"/>
    <motionState vehicle="9" speed="2436" time="4000" acceleration="2956"/>
    <motionState vehicle="10" speed="2683" time="4000" acceleration="2630"/>
    <motionState vehicle="11" speed="2889" time="4000" acceleration="1350"/>
    <motionState vehicle="0" speed="2960" time="4010" acceleration="164"/>
    <motionState vehicle="1" speed="5425" time="4010" acceleration="13636"/>
    <motionState vehicle="2" speed="2797" time="4010" acceleration="904"/>
    <motionState vehicle="3" speed="2808" time="4010" acceleration="-1312"/>
    <motionState vehicle="4" speed="2588" time="4010" acceleration="-2599"/>
    <motionState vehicle="5" speed="5468" time="4010" acceleration="13636"/>
    <motionState vehicle="6" speed="2064" time="4010" acceleration="1076"/>
    <motionState vehicle="7" speed="2123" time="4010" acceleration="1656"/>
    <motionState vehicle="8" speed="2242" time="4010" acceleration="2419"/>
    <motionState vehicle="9" speed="2439" time="4010" acceleration="2949"/>
    <motionState vehicle="10" speed="2686" time="4010" acceleration="2613"/>
    <motionState vehicle="11" speed="2891" time="4010" acceleration="1334"/>
    <motionState vehicle="0" speed="2960" time="4020" acceleration="155"/>
    <motionState vehicle="1" speed="5439" time="4020" acceleration="13636"/>
    <motionState vehicle="2" speed="2798" time="4020" acceleration="877"/>
    <motionState vehicle="3" speed="2807" time="4020" acceleration="-1332"/>
    <motionState vehicle="4" speed="2585" time="4020" acceleration="-2590"/>
    <motionState vehicle="5" speed="5482" time="4020" acceleration="13636"/>
    <motionState vehicle="6" speed="2065" time="4020" acceleration="1077"/>
    <motionState vehicle="7" speed="2124" time="4020" acceleration="1659"/>
    <motionState vehicle="8" speed="2244" time="4020" acceleration="2419"/>
    <motionState vehicle="9" speed="2442" time="4020" acceleration="2942"/>
    <motionState vehicle="10" speed="2688" time="4020" acceleration="2596"/>
    <motionState vehicle="11" speed="2892" time="4020" acceleration="1317"/>
    <motionState vehicle="0" speed="2960" time="4030" acceleration="145"/>
    <motionState vehicle="1" speed="5452" time="4030" acceleration="13636"/>
    <motionState vehicle="2" speed="2799" time="4030" acceleration="850"/>
    <motionState vehicle="3" speed="2805" time="4030" acceleration="-1351"/>
    <motionState vehicle="4" speed="2583" time="4030" acceleration="-2580"/>
    <motionState vehicle="5" speed="5495" time="4030" acceleration="13636"/>
    <motionState vehicle="6" speed="2066" time="4030" acceleration="1078"/>
    <motionState vehicle="7" speed="2126" time="4030" acceleration="1662"/>
    <motionState vehicle="8" speed="2247" time="4030" acceleration="2420"/>
    <motionState vehicle="9" speed="2445" time="4030" acceleration="2934"/>
    <motionState vehicle="10" speed="2691" time="4030" acceleration="2580"/>
    <motionState vehicle="11" speed="2893" time="4030" acceleration="1301"/>
    <motionState vehicle="0" speed="2960" time="4040" acceleration="136"/>
    <motionState vehicle="1" speed="5466" time="4040" acceleration="13636"/>
    <motionState vehicle="2" speed="2800" time="4040" acceleration="822"/>
    <motionState vehicle="3" speed="2804" time="4040" acceleration="-1370"/>
    <motionState vehicle="4" speed="2580" time="4040" acceleration="-2570"/>
    <motionState vehicle="5" speed="5509" time="4040" acceleration="13636"/>
    <motionState vehicle="6" speed="2067" time="4040" acceleration="1079"/>
    <motionState vehicle="7" speed="2128" time="4040" acceleration="1664"/>
    <motionState vehicle="8" speed="2249" time="4040" acceleration="2421"/>
    <motionState vehicle="9" speed="2448" time="4040" acceleration="2927"/>
    <motionState vehicle="10" speed="2693" time="4040" acceleration="2563"/>
    <motionState vehicle="11" speed="2895" time="4040" acceleration="1285"/>
    <motionState vehicle="0" speed="2961" time="4050" acceleration="126"/>
    <motionState vehicle="1" speed="5480" time="4050" acceleration="13636"/>
    <motionState vehicle="2" speed="2801" time="4050" acceleration="795"/>
    <motionState vehicle="3" speed="2802" time="4050" acceleration="-1389"/>
    <motionState vehicle="4" speed="2578" time="4050" acceleration="-2560"/>
    <motionState vehicle="5" speed="5523" time="4050" acceleration="13636"/>
    <motionState vehicle="6" speed="2068" time="4050" acceleration="1080"/>
    <motionState vehicle="7" speed="2129" time="4050" acceleration="1667"/>
    <motionState vehicle="8" speed="2252" time="4050" acceleration="2421"/>
    <motionState vehicle="9" speed="2450" time="4050" acceleration="2919"/>
    <motionState vehicle="10" speed="2696" time="4050" acceleration="2546"/>
    <motionState vehicle="11" speed="2896" time="4050" acceleration="1268"/>
    <motionState vehicle="0" speed="2961" time="4060" acceleration="117"/>
    <motionState vehicle="1" speed="5493" time="4060" acceleration="13636"/>
    <motionState vehicle="2" speed="2801" time="4060" acceleration="768"/>
    <motionState vehicle="3" speed="2801" time="4060" acceleration="-1408"/>
    <motionState vehicle="4" speed="2575" time="4060" acceleration="-2550"/>
    <motionState vehicle="5" speed="5536" time="4060" acceleration="13636"/>
    <motionState vehicle="6" speed="2069" time="4060" acceleration="1081"/>
    <motionState vehicle="7" speed="2131" time="4060" acceleration="1670"/>
    <motionState vehicle="8" speed="2254" time="4060" acceleration="2422"/>
    <motionState vehicle="9" speed="2453" time="4060" acceleration="2911"/>
    <motionState vehicle="10" speed="2699" time="4060" acceleration="2530"/>
    <motionState vehicle="11" speed="2897" time="4060" acceleration="1252"/>
    <motionState vehicle="0" speed="2961" time="4070" acceleration="107"/>
    <motionState vehicle="1" speed="5507" time="4070" acceleration="13636"/>
    <motionState vehicle="2" speed="2802" time="4070" acceleration="742"/>
    <motionState vehicle="3" speed="2800" time="4070" acceleration="-1426"/>
    <motionState vehicle="4" speed="2573" time="4070" acceleration="-2540"/>
    <motionState vehicle="5" speed="5550" time="4070" acceleration="13636"/>
    <motionState vehicle="6" speed="2070" time="4070" acceleration="1082"/>
    <motionState vehicle="7" speed="2133" time="4070" acceleration="1673"/>
    <motionState vehicle="8" speed="2256" time="4070" acceleration="2422"/>
    <motionState vehicle="9" speed="2456" time="4070" acceleration="2904"/>
    <motionState vehicle="10" speed="2701" time="4070" acceleration="2513"/>
    <motionState vehicle="11" speed="2898" time="4070" acceleration="1236"/>
    <motionState vehicle="0" speed="2961" time="4080" acceleration="97"/>
    <motionState vehicle="1" speed="5521" time="4080" acceleration="13636"/>
    <motionState vehicle="2" speed="2803" time="4080" acceleration="715"/>
    <motionState vehicle="3" speed="2798" time="4080" acceleration="-1444"/>
    <motionState vehicle="4" speed="2570" time="4080" acceleration="-2530"/>
    <motionState vehicle="5" speed="5564" time="4080" acceleration="13636"/>
    <motionState vehicle="6" speed="2072" time="4080" acceleration="1083"/>
    <motionState vehicle="7" speed="2134" time="4080" acceleration="1676"/>
    <motionState vehicle="8" speed="2259" time="4080" acceleration="2423"/>
    <motionState vehicle="9" speed="2459" time="4080" acceleration="2896"/>
    <motionState vehicle="10" speed="2704" time="4080" acceleration="2497"/>
    <motionState vehicle="11" speed="2900" time="4080" acceleration="1221"/>
    <motionState vehicle="0" speed="2961" time="4090" acceleration="88"/>
    <motionState vehicle="1" speed="5534" time="4090" acceleration="13636"/>
    <motionState vehicle="2" speed="2803" time="4090" acceleration="688"/>
    <motionState vehicle="3" speed="2797" time="4090" acceleration="-1461"/>
    <motionState vehicle="4" speed="2568" time="4090" acceleration="-2519"/>
    <motionState vehicle="5" speed="5577" time="4090" acceleration="13636"/>
    <motionState vehicle="6" speed="2073" time="4090" acceleration="1084"/>
    <motionState vehicle="7" speed="2136" time="4090" acceleration="1679"/>
    <motionState vehicle="8" speed="2261" time="4090" acceleration="2423"/>
    <motionState vehicle="9" speed="2462" time="4090" acceleration="2888"/>
    <motionState vehicle="10" speed="2706" time="4090" acceleration="2480"/>
    <motionState vehicle="11" speed="2901" time="4090" acceleration="1205"/>
    <motionState vehicle="0" speed="2961" time="4100" acceleration="78"/>
    <motionState vehicle="1" speed="5548" time="4100" acceleration="13636"/>
    <motionState vehicle="2" speed="2804" time="4100" acceleration="662"/>
    <motionState vehicle="3" speed="2795" time="4100" acceleration="-1478"/>
    <motionState vehicle="4" speed="2565" time="4100" acceleration="-2509"/>
    <motionState vehicle="5" speed="5591" time="4100" acceleration="13636"/>
    <motionState vehicle="6" speed="2074" time="4100" acceleration="1086"/>
    <motionState vehicle="7" speed="2138" time="4100" acceleration="1681"/>
    <motionState vehicle="8" speed="2264" time="4100" acceleration="2424"/>
    <motionState vehicle="9" speed="2465" time="4100" acceleration="2881"/>
    <motionState vehicle="10" speed="2709" time="4100" acceleration="2464"/>
    <motionState vehicle="11" speed="2902" time="4100" acceleration="1189"/>
    <motionState vehicle="0" speed="2961" time="4110" acceleration="68"/>
    <motionState vehicle="1" speed="5562" time="4110" acceleration="13636"/>
    <motionState vehicle="2" speed="2805" time="4110" acceleration="636"/>
    <motionState vehicle="3" speed="2794" time="4110" acceleration="-1495"/>
    <motionState vehicle="4" speed="2563" time="4110" acceleration="-2498"/>
    <motionState vehicle="5" speed="5605" time="4110" acceleration="13636"/>
    <motionState vehicle="6" speed="2075" time="4110" acceleration="1087"/>
    <motionState vehicle="7" speed="2139" time="4110" acceleration="1684"/>
    <motionState vehicle="8" speed="2266" time="4110" acceleration="2424"/>
    <motionState vehicle="9" speed="2468" time="4110" acceleration="2873"/>
    <motionState vehicle="10" speed="2711" time="4110" acceleration="2447"/>
    <motionState vehicle="11" speed="2903" time="4110" acceleration="1174"/>
    <motionState vehicle="0" speed="2961" time="4120" acceleration="59"/>
    <motionState vehicle="1" speed="5575" time="4120" acceleration="13636"/>
    <motionState vehicle="2" speed="2805" time="4120" acceleration="609"/>
    <motionState vehicle="3" speed="2792" time="4120" acceleration="-1512"/>
    <motionState vehicle="4" speed="2560" time="4120" acceleration="-2487"/>
    <motionState vehicle="5" speed="5618" time="4120" acceleration="13636"/>
    <motionState vehicle="6" speed="2076" time="4120" acceleration="1088"/>
    <motionState vehicle="7" speed="2141" time="4120" acceleration="1687"/>
    <motionState vehicle="8" speed="2269" time="4120" acceleration="2425"/>
    <motionState vehicle="9" speed="2471" time="4120" acceleration="2865"/>
    <motionState vehicle="10" speed="2713" time="4120" acceleration="2431"/>
    <motionState vehicle="11" speed="2904" time="4120" acceleration="1158"/>
    <motionState vehicle="0" speed="2961" time="4130" acceleration="49"/>
    <motionState vehicle="1" speed="5589" time="4130" acceleration="13636"/>
    <motionState vehicle="2" speed="2806" time="4130" acceleration="583"/>
    <motionState vehicle="3" speed="2791" time="4130" acceleration="-1528"/>
    <motionState vehicle="4" speed="2558" time="4130" acceleration="-2476"/>
    <motionState vehicle="5" speed="5632" time="4130" acceleration="13636"/>
    <motionState vehicle="6" speed="2077" time="4130" acceleration="1090"/>
    <motionState vehicle="7" speed="2143" time="4130" acceleration="1690"/>
    <motionState vehicle="8" speed="2271" time="4130" acceleration="2425"/>
    <motionState vehicle="9" speed="2474" time="4130" acceleration="2857"/>
    <motionState vehicle="10" speed="2716" time="4130" acceleration="2415"/>
    <motionState vehicle="11" speed="2906" time="4130" acceleration="1143"/>
    <motionState vehicle="0" speed="2961" time="4140" acceleration="39"/>
    <motionState vehicle="1" speed="5602" time="4140" acceleration="13636"/>
    <motionState vehicle="2" speed="2807" time="4140" acceleration="558"/>
    <motionState vehicle="3" speed="2789" time="4140" acceleration="-1544"/>
    <motionState vehicle="4" speed="2555" time="4140" acceleration="-2464"/>
    <motionState vehicle="5" speed="5645" time="4140" acceleration="13636"/>
    <motionState vehicle="6" speed="2078" time="4140" acceleration="1091"/>
    <motionState vehicle="7" speed="2145" time="4140" acceleration="1693"/>
    <motionState vehicle="8" speed="2273" time="4140" acceleration="2425"/>
    <motionState vehicle="9" speed="2476" time="4140" acceleration="2849"/>
    <motionState vehicle="10" speed="2718" time="4140" acceleration="2398"/>
    <motionState vehicle="11" speed="2907" time="4140" acceleration="1127"/>
    <motionState vehicle="0" speed="2961" time="4150" acceleration="30"/>
    <motionState vehicle="1" speed="5616" time="4150" acceleration="13636"/>
    <motionState vehicle="2" speed="2807" time="4150" acceleration="532"/>
    <motionState vehicle="3" speed="2788" time="4150" acceleration="-1559"/>
    <motionState vehicle="4" speed="2553" time="4150" acceleration="-2453"/>
    <motionState vehicle="5" speed="5659" time="4150" acceleration="13636"/>
    <motionState vehicle="6" speed="2079" time="4150" acceleration="1093"/>
    <motionState vehicle="7" speed="2146" time="4150" acceleration="1696"/>
    <motionState vehicle="8" speed="2276" time="4150" acceleration="2426"/>
    <motionState vehicle="9" speed="2479" time="4150" acceleration="2841"/>
    <motionState vehicle="10" speed="2721" time="4150" acceleration="2382"/>
    <motionState vehicle="11" speed="2908" time="4150" acceleration="1112"/>
    <motionState vehicle="0" speed="2961" time="4160" acceleration="20"/>
    <motionState vehicle="1" speed="5630" time="4160" acceleration="13636"/>
    <motionState vehicle="2" speed="2808" time="4160" acceleration="506"/>
    <motionState vehicle="3" speed="2786" time="4160" acceleration="-1575"/>
    <motionState vehicle="4" speed="2550" time="4160" acceleration="-2442"/>
    <motionState vehicle="5" speed="5673" time="4160" acceleration="13636"/>
    <motionState vehicle="6" speed="2080" time="4160" acceleration="1095"/>
    <motionState vehicle="7" speed="2148" time="4160" acceleration="1699"/>
    <motionState vehicle="8" speed="2278" time="4160" acceleration="2426"/>
    <motionState vehicle="9" speed="2482" time="4160" acceleration="2833"/>
    <motionState vehicle="10" speed="2723" time="4160" acceleration="2366"/>
    <motionState vehicle="11" speed="2909" time="4160" acceleration="1097"/>
    <motionState vehicle="0" speed="2961" time="4170" acceleration="10"/>
    <motionState vehicle="1" speed="5643" time="4170" acceleration="13636"/>
    <motionState vehicle="2" speed="2808" time="4170" acceleration="481"/>
    <motionState vehicle="3" speed="2784" time="4170" acceleration="-1590"/>
    <motionState vehicle="4" speed="2548" time="4170" acceleration="-2430"/>
    <motionState vehicle="5" speed="5686" time="4170" acceleration="13636"/>
    <motionState vehicle="6" speed="2081" time="4170" acceleration="1096"/>
    <motionState vehicle="7" speed="2150" time="4170" acceleration="1702"/>
    <motionState vehicle="8" speed="2281" time="4170" acceleration="2426"/>
    <motionState vehicle="9" speed="2485" time="4170" acceleration="2825"/>
    <motionState vehicle="10" speed="2725" time="4170" acceleration="2350"/>
    <motionState vehicle="11" speed="2910" time="4170" acceleration="1082"/>
    <motionState vehicle="0" speed="2961" time="4180" acceleration="0"/>
    <motionState vehicle="1" speed="5657" time="4180" acceleration="13636"/>
    <motionState vehicle="2" speed="2808" time="4180" acceleration="455"/>
    <motionState vehicle="3" speed="2783" time="4180" acceleration="-1604"/>
    <motionState vehicle="4" speed="2545" time="4180" acceleration="-2418"/>
    <motionState vehicle="5" speed="5700" time="4180" acceleration="13636"/>
    <motionState vehicle="6" speed="2082" time="4180" acceleration="1098"/>
    <motionState vehicle="7" speed="2151" time="4180" acceleration="1705"/>
    <motionState vehicle="8" speed="2283" time="4180" acceleration="2426"/>
    <motionState vehicle="9" speed="2488" time="4180" acceleration="2817"/>
    <motionState vehicle="10" speed="2728" time="4180" acceleration="2334"/>
    <motionState vehicle="11" speed="2911" time="4180" acceleration="1067"/>
    <motionState vehicle="0" speed="2961" time="4190" acceleration="-8"/>
    <motionState vehicle="1" speed="5671" time="4190" acceleration="13636"/>
    <motionState vehicle="2" speed="2809" time="4190" acceleration="430"/>
    <motionState vehicle="3" speed="2781" time="4190" acceleration="-1619"/>
    <motionState vehicle="4" speed="2543" time="4190" acceleration="-2406"/>
    <motionState vehicle="5" speed="5714" time="4190" acceleration="13636"/>
    <motionState vehicle="6" speed="2084" time="4190" acceleration="1100"/>
    <motionState vehicle="7" speed="2153" time="4190" acceleration="1708"/>
    <motionState vehicle="8" speed="2286" time="4190" acceleration="2426"/>
    <motionState vehicle="9" speed="2491" time="4190" acceleration="2808"/>
    <motionState vehicle="10" speed="2730" time="4190" acceleration="2318"/>
    <motionState vehicle="11" speed="2912" time="4190" acceleration="1052"/>
    <motionState vehicle="0" speed="2961" time="4200" acceleration="-18"/>
    <motionState vehicle="1" speed="5684" time="4200" acceleration="13636"/>
    <motionState vehicle="2" speed="2809" time="4200" acceleration="405"/>
    <motionState vehicle="3" speed="2780" time="4200" acceleration="-1633"/>
    <motionState vehicle="4" speed="2541" time="4200" acceleration="-2394"/>
    <motionState vehicle="5" speed="5727" time="4200" acceleration="13636"/>
    <motionState vehicle="6" speed="2085" time="4200" acceleration="1102"/>
    <motionState vehicle="7" speed="2155" time="4200" acceleration="1711"/>
    <motionState vehicle="8" speed="2288" time="4200" acceleration="2426"/>
    <motionState vehicle="9" speed="2493" time="4200" acceleration="2800"/>
    <motionState vehicle="10" speed="2732" time="4200" acceleration="2302"/>
    <motionState vehicle="11" speed="2913" time="4200" acceleration="1038"/>
    <motionState vehicle="0" speed="2961" time="4210" acceleration="-28"/>
    <motionState vehicle="1" speed="5698" time="4210" acceleration="13636"/>
    <motionState vehicle="2" speed="2810" time="4210" acceleration="380"/>
    <motionState vehicle="3" speed="2778" time="4210" acceleration="-1647"/>
    <motionState vehicle="4" speed="2538" time="4210" acceleration="-2382"/>
    <motionState vehicle="5" speed="5741" time="4210" acceleration="13636"/>
    <motionState vehicle="6" speed="2086" time="4210" acceleration="1104"/>
    <motionState vehicle="7" speed="2156" time="4210" acceleration="1714"/>
    <motionState vehicle="8" speed="2290" time="4210" acceleration="2426"/>
    <motionState vehicle="9" speed="2496" time="4210" acceleration="2792"/>
    <motionState vehicle="10" speed="2735" time="4210" acceleration="2286"/>
    <motionState vehicle="11" speed="2914" time="4210" acceleration="1023"/>
    <motionState vehicle="0" speed="2961" time="4220" acceleration="-38"/>
    <motionState vehicle="1" speed="5712" time="4220" acceleration="13636"/>
    <motionState vehicle="2" speed="2810" time="4220" acceleration="355"/>
    <motionState vehicle="3" speed="2776" time="4220" acceleration="-1660"/>
    <motionState vehicle="4" speed="2536" time="4220" acceleration="-2370"/>
    <motionState vehicle="5" speed="5755" time="4220" acceleration="13636"/>
    <motionState vehicle="6" speed="2087" time="4220" acceleration="1106"/>
    <motionState vehicle="7" speed="2158" time="4220" acceleration="1717"/>
    <motionState vehicle="8" speed="2293" time="4220" acceleration="2426"/>
    <motionState vehicle="9" speed="2499" time="4220" acceleration="2784"/>
    <motionState vehicle="10" speed="2737" time="4220" acceleration="2270"/>
    <motionState vehicle="11" speed="2915" time="4220" acceleration="1008"/>
    <motionState vehicle="0" speed="2961" time="4230" acceleration="-48"/>
    <motionState vehicle="1" speed="5725" time="4230" acceleration="13636"/>
    <motionState vehicle="2" speed="2810" time="4230" acceleration="331"/>
    <motionState vehicle="3" speed="2775" time="4230" acceleration="-1673"/>
    <motionState vehicle="4" speed="2533" time="4230" acceleration="-2358"/>
    <motionState vehicle="5" speed="5768" time="4230" acceleration="13636"/>
    <motionState vehicle="6" speed="2088" time="4230" acceleration="1108"/>
    <motionState vehicle="7" speed="2160" time="4230" acceleration="1721"/>
    <motionState vehicle="8" speed="2295" time="4230" acceleration="2426"/>
    <motionState vehicle="9" speed="2502" time="4230" acceleration="2775"/>
    <motionState vehicle="10" speed="2739" time="4230" acceleration="2254"/>
    <motionState vehicle="11" speed="2916" time="4230" acceleration="994"/>
    <motionState vehicle="0" speed="2961" time="4240" acceleration="-57"/>
    <motionState vehicle="1" speed="5739" time="4240" acceleration="13636"/>
    <motionState vehicle="2" speed="2811" time="4240" acceleration="306"/>
    <motionState vehicle="3" speed="2773" time="4240" acceleration="-1686"/>
    <motionState vehicle="4" speed="2531" time="4240" acceleration="-2345"/>
    <motionState vehicle="5" speed="5782" time="4240" acceleration="13636"/>
    <motionState vehicle="6" speed="2089" time="4240" acceleration="1110"/>
    <motionState vehicle="7" speed="2162" time="4240" acceleration="1724"/>
    <motionState vehicle="8" speed="2298" time="4240" acceleration="2426"/>
    <motionState vehicle="9" speed="2504" time="4240" acceleration="2767"/>
    <motionState vehicle="10" speed="2741" time="4240" acceleration="2238"/>
    <motionState vehicle="11" speed="2917" time="4240" acceleration="980"/>
    <motionState vehicle="0" speed="2961" time="4250" acceleration="-67"/>
    <motionState vehicle="1" speed="5752" time="4250" acceleration="13636"/>
    <motionState vehicle="2" speed="2811" time="4250" acceleration="282"/>
    <motionState vehicle="3" speed="2771" time="4250" acceleration="-1699"/>
    <motionState vehicle="4" speed="2529" time="4250" acceleration="-2333"/>
    <motionState vehicle="5" speed="5795" time="4250" acceleration="13636"/>
    <motionState vehicle="6" speed="2090" time="4250" acceleration="1112"/>
    <motionState vehicle="7" speed="2163" time="4250" acceleration="1727"/>
    <motionState vehicle="8" speed="2300" time="4250" acceleration="2426"/>
    <motionState vehicle="9" speed="2507" time="4250" acceleration="2759"/>
    <motionState vehicle="10" speed="2744" time="4250" acceleration="2222"/>
    <motionState vehicle="11" speed="2918" time="4250" acceleration="965"/>
    <motionState vehicle="0" speed="2961" time="4260" acceleration="-77"/>
    <motionState vehicle="1" speed="5766" time="4260" acceleration="13636"/>
    <motionState vehicle="2" speed="2811" time="4260" acceleration="258"/>
    <motionState vehicle="3" speed="2769" time="4260" acceleration="-1711"/>
    <motionState vehicle="4" speed="2526" time="4260" acceleration="-2320"/>
    <motionState vehicle="5" speed="5809" time="4260" acceleration="13636"/>
    <motionState vehicle="6" speed="2091" time="4260" acceleration="1114"/>
    <motionState vehicle="7" speed="2165" time="4260" acceleration="1730"/>
    <motionState vehicle="8" speed="2303" time="4260" acceleration="2426"/>
    <motionState vehicle="9" speed="2510" time="4260" acceleration="2750"/>
    <motionState vehicle="10" speed="2746" time="4260" acceleration="2206"/>
    <motionState vehicle="11" speed="2919" time="4260" acceleration="951"/>
    <motionState vehicle="0" speed="2961" time="4270" acceleration="-87"/>
    <motionState vehicle="1" speed="5780" time="4270" acceleration="13636"/>
    <motionState vehicle="2" speed="2811" time="4270" acceleration="234"/>
    <motionState vehicle="3" speed="2768" time="4270" acceleration="-1723"/>
    <motionState vehicle="4" speed="2524" time="4270" acceleration="-2307"/>
    <motionState vehicle="5" speed="5823" time="4270" acceleration="13636"/>
    <motionState vehicle="6" speed="2092" time="4270" acceleration="1116"/>
    <motionState vehicle="7" speed="2167" time="4270" acceleration="1733"/>
    <motionState vehicle="8" speed="2305" time="4270" acceleration="2425"/>
    <motionState vehicle="9" speed="2513" time="4270" acceleration="2742"/>
    <motionState vehicle="10" speed="2748" time="4270" acceleration="2191"/>
    <motionState vehicle="11" speed="2920" time="4270" acceleration="937"/>
    <motionState vehicle="0" speed="2961" time="4280" acceleration="-97"/>
    <motionState vehicle="1" speed="5793" time="4280" acceleration="13636"/>
    <motionState vehicle="2" speed="2812" time="4280" acceleration="210"/>
    <motionState vehicle="3" speed="2766" time="4280" acceleration="-1735"/>
    <motionState vehicle="4" speed="2522" time="4280" acceleration="-2294"/>
    <motionState vehicle="5" speed="5836" time="4280" acceleration="13636"/>
    <motionState vehicle="6" speed="2094" time="4280" acceleration="1118"/>
    <motionState vehicle="7" speed="2169" time="4280" acceleration="1736"/>
    <motionState vehicle="8" speed="2307" time="4280" acceleration="2425"/>
    <motionState vehicle="9" speed="2515" time="4280" acceleration="2733"/>
    <motionState vehicle="10" speed="2750" time="4280" acceleration="2175"/>
    <motionState vehicle="11" speed="2921" time="4280" acceleration="923"/>
    <motionState vehicle="0" speed="2961" time="4290" acceleration="-107"/>
    <motionState vehicle="1" speed="5807" time="4290" acceleration="13636"/>
    <motionState vehicle="2" speed="2812" time="4290" acceleration="186"/>
    <motionState vehicle="3" speed="2764" time="4290" acceleration="-1746"/>
    <motionState vehicle="4" speed="2520" time="4290" acceleration="-2281"/>
    <motionState vehicle="5" speed="5850" time="4290" acceleration="13636"/>
    <motionState vehicle="6" speed="2095" time="4290" acceleration="1121"/>
    <motionState vehicle="7" speed="2170" time="4290" acceleration="1739"/>
    <motionState vehicle="8" speed="2310" time="4290" acceleration="2425"/>
    <motionState vehicle="9" speed="2518" time="4290" acceleration="2724"/>
    <motionState vehicle="10" speed="2752" time="4290" acceleration="2159"/>
    <motionState vehicle="11" speed="2922" time="4290" acceleration="909"/>
    <motionState vehicle="0" speed="2961" time="4300" acceleration="-116"/>
    <motionState vehicle="1" speed="5821" time="4300" acceleration="13636"/>
    <motionState vehicle="2" speed="2812" time="4300" acceleration="162"/>
    <motionState vehicle="3" speed="2762" time="4300" acceleration="-1758"/>
    <motionState vehicle="4" speed="2517" time="4300" acceleration="-2268"/>
    <motionState vehicle="5" speed="5864" time="4300" acceleration="13636"/>
    <motionState vehicle="6" speed="2096" time="4300" acceleration="1123"/>
    <motionState vehicle="7" speed="2172" time="4300" acceleration="1742"/>
    <motionState vehicle="8" speed="2312" time="4300" acceleration="2424"/>
    <motionState vehicle="9" speed="2521" time="4300" acceleration="2716"/>
    <motionState vehicle="10" speed="2754" time="4300" acceleration="2144"/>
    <motionState vehicle="11" speed="2923" time="4300" acceleration="895"/>
    <motionState vehicle="0" speed="2960" time="4310" acceleration="-126"/>
    <motionState vehicle="1" speed="5834" time="4310" acceleration="13636"/>
    <motionState vehicle="2" speed="2812" time="4310" acceleration="139"/>
    <motionState vehicle="3" speed="2761" time="4310" acceleration="-1769"/>
    <motionState vehicle="4" speed="2515" time="4310" acceleration="-2255"/>
    <motionState vehicle="5" speed="5877" time="4310" acceleration="13636"/>
    <motionState vehicle="6" speed="2097" time="4310" acceleration="1125"/>
    <motionState vehicle="7" speed="2174" time="4310" acceleration="1745"/>
    <motionState vehicle="8" speed="2315" time="4310" acceleration="2424"/>
    <motionState vehicle="9" speed="2524" time="4310" acceleration="2707"/>
    <motionState vehicle="10" speed="2757" time="4310" acceleration="2128"/>
    <motionState vehicle="11" speed="2924" time="4310" acceleration="881"/>
    <motionState vehicle="0" speed="2960" time="4320" acceleration="-136"/>
    <motionState vehicle="1" speed="5848" time="4320" acceleration="13636"/>
    <motionState vehicle="2" speed="2812" time="4320" acceleration="116"/>
    <motionState vehicle="3" speed="2759" time="4320" acceleration="-1779"/>
    <motionState vehicle="4" speed="2513" time="4320" acceleration="-2242"/>
    <motionState vehicle="5" speed="5891" time="4320" acceleration="13636"/>
    <motionState vehicle="6" speed="2098" time="4320" acceleration="1128"/>
    <motionState vehicle="7" speed="2176" time="4320" acceleration="1748"/>
    <motionState vehicle="8" speed="2317" time="4320" acceleration="2424"/>
    <motionState vehicle="9" speed="2526" time="4320" acceleration="2698"/>
    <motionState vehicle="10" speed="2759" time="4320" acceleration="2113"/>
    <motionState vehicle="11" speed="2924" time="4320" acceleration="867"/>
    <motionState vehicle="0" speed="2960" time="4330" acceleration="-146"/>
    <motionState vehicle="1" speed="5862" time="4330" acceleration="13636"/>
    <motionState vehicle="2" speed="2812" time="4330" acceleration="93"/>
    <motionState vehicle="3" speed="2757" time="4330" acceleration="-1790"/>
    <motionState vehicle="4" speed="2511" time="4330" acceleration="-2229"/>
    <motionState vehicle="5" speed="5905" time="4330" acceleration="13636"/>
    <motionState vehicle="6" speed="2099" time="4330" acceleration="1130"/>
    <motionState vehicle="7" speed="2177" time="4330" acceleration="1752"/>
    <motionState vehicle="8" speed="2320" time="4330" acceleration="2423"/>
    <motionState vehicle="9" speed="2529" time="4330" acceleration="2690"/>
    <motionState vehicle="10" speed="2761" time="4330" acceleration="2097"/>
    <motionState vehicle="11" speed="2925" time="4330" acceleration="853"/>
    <motionState vehicle="0" speed="2960" time="4340" acceleration="-156"/>
    <motionState vehicle="1" speed="5875" time="4340" acceleration="13636"/>
    <motionState vehicle="2" speed="2812" time="4340" acceleration="70"/>
    <motionState vehicle="3" speed="2755" time="4340" acceleration="-1800"/>
    <motionState vehicle="4" speed="2508" time="4340" acceleration="-2215"/>
    <motionState vehicle="5" speed="5918" time="4340" acceleration="13636"/>
    <motionState vehicle="6" speed="2100" time="4340" acceleration="1133"/>
    <motionState vehicle="7" speed="2179" time="4340" acceleration="1755"/>
    <motionState vehicle="8" speed="2322" time="4340" acceleration="2422"/>
    <motionState vehicle="9" speed="2532" time="4340" acceleration="2681"/>
    <motionState vehicle="10" speed="2763" time="4340" acceleration="2082"/>
    <motionState vehicle="11" speed="2926" time="4340" acceleration="839"/>
    <motionState vehicle="0" speed="2960" time="4350" acceleration="-166"/>
    <motionState vehicle="1" speed="5889" time="4350" acceleration="13636"/>
    <motionState vehicle="2" speed="2812" time="4350" acceleration="47"/>
    <motionState vehicle="3" speed="2754" time="4350" acceleration="-1810"/>
    <motionState vehicle="4" speed="2506" time="4350" acceleration="-2202"/>
    <motionState vehicle="5" speed="5932" time="4350" acceleration="13636"/>
    <motionState vehicle="6" speed="2101" time="4350" acceleration="1135"/>
    <motionState vehicle="7" speed="2181" time="4350" acceleration="1758"/>
    <motionState vehicle="8" speed="2324" time="4350" acceleration="2422"/>
    <motionState vehicle="9" speed="2534" time="4350" acceleration="2672"/>
    <motionState vehicle="10" speed="2765" time="4350" acceleration="2067"/>
    <motionState vehicle="11" speed="2927" time="4350" acceleration="826"/>
    <motionState vehicle="0" speed="2960" time="4360" acceleration="-176"/>
    <motionState vehicle="1" speed="5902" time="4360" acceleration="13636"/>
    <motionState vehicle="2" speed="2813" time="4360" acceleration="24"/>
    <motionState vehicle="3" speed="2752" time="4360" acceleration="-1819"/>
    <motionState vehicle="4" speed="2504" time="4360" acceleration="-2188"/>
    <motionState vehicle="5" speed="5945" time="4360" acceleration="13636"/>
    <motionState vehicle="6" speed="2103" time="4360" acceleration="1138"/>
    <motionState vehicle="7" speed="2183" time="4360" acceleration="1761"/>
    <motionState vehicle="8" speed="2327" time="4360" acceleration="2421"/>
    <motionState vehicle="9" speed="2537" time="4360" acceleration="2663"/>
    <motionState vehicle="10" speed="2767" time="4360" acceleration="2051"/>
    <motionState vehicle="11" speed="2928" time="4360" acceleration="812"/>
    <motionState vehicle="0" speed="2959" time="4370" acceleration="-186"/>
    <motionState vehicle="1" speed="5916" time="4370" acceleration="13636"/>
    <motionState vehicle="2" speed="2813" time="4370" acceleration="2"/>
    <motionState vehicle="3" speed="2750" time="4370" acceleration="-1829"/>
    <motionState vehicle="4" speed="2502" time="4370" acceleration="-2174"/>
    <motionState vehicle="5" speed="5959" time="4370" acceleration="13636"/>
    <motionState vehicle="6" speed="2104" time="4370" acceleration="1140"/>
    <motionState vehicle="7" speed="2184" time="4370" acceleration="1764"/>
    <motionState vehicle="8" speed="2329" time="4370" acceleration="2420"/>
    <motionState vehicle="9" speed="2540" time="4370" acceleration="2654"/>
    <motionState vehicle="10" speed="2769" time="4370" acceleration="2036"/>
    <motionState vehicle="11" speed="2929" time="4370" acceleration="799"/>
    <motionState vehicle="0" speed="2959" time="4380" acceleration="-196"/>
    <motionState vehicle="1" speed="5930" time="4380" acceleration="13636"/>
    <motionState vehicle="2" speed="2812" time="4380" acceleration="-20"/>
    <motionState vehicle="3" speed="2748" time="4380" acceleration="-1838"/>
    <motionState vehicle="4" speed="2500" time="4380" acceleration="-2161"/>
    <motionState vehicle="5" speed="5973" time="4380" acceleration="13636"/>
    <motionState vehicle="6" speed="2105" time="4380" acceleration="1143"/>
    <motionState vehicle="7" speed="2186" time="4380" acceleration="1767"/>
    <motionState vehicle="8" speed="2332" time="4380" acceleration="2420"/>
    <motionState vehicle="9" speed="2542" time="4380" acceleration="2646"/>
    <motionState vehicle="10" speed="2771" time="4380" acceleration="2021"/>
    <motionState vehicle="11" speed="2929" time="4380" acceleration="785"/>
    <motionState vehicle="0" speed="2959" time="4390" acceleration="-206"/>
    <motionState vehicle="1" speed="5943" time="4390" acceleration="13603"/>
    <motionState vehicle="2" speed="2812" time="4390" acceleration="-42"/>
    <motionState vehicle="3" speed="2746" time="4390" acceleration="-1846"/>
    <motionState vehicle="4" speed="2497" time="4390" acceleration="-2147"/>
    <motionState vehicle="5" speed="5986" time="4390" acceleration="13636"/>
    <motionState vehicle="6" speed="2106" time="4390" acceleration="1146"/>
    <motionState vehicle="7" speed="2188" time="4390" acceleration="1770"/>
    <motionState vehicle="8" speed="2334" time="4390" acceleration="2419"/>
    <motionState vehicle="9" speed="2545" time="4390" acceleration="2637"/>
    <motionState vehicle="10" speed="2773" time="4390" acceleration="2005"/>
    <motionState vehicle="11" speed="2930" time="4390" acceleration="772"/>
    <motionState vehicle="0" speed="2959" time="4400" acceleration="-216"/>
    <motionState vehicle="1" speed="5957" time="4400" acceleration="13484"/>
    <motionState vehicle="2" speed="2812" time="4400" acceleration="-64"/>
    <motionState vehicle="3" speed="2744" time="4400" acceleration="-1855"/>
    <motionState vehicle="4" speed="2495" time="4400" acceleration="-2133"/>
    <motionState vehicle="5" speed="6000" time="4400" acceleration="13636"/>
    <motionState vehicle="6" speed="2107" time="4400" acceleration="1148"/>
    <motionState vehicle="7" speed="2190" time="4400" acceleration="1773"/>
    <motionState vehicle="8" speed="2336" time="4400" acceleration="2418"/>
    <motionState vehicle="9" speed="2548" time="4400" acceleration="2628"/>
    <motionState vehicle="10" speed="2775" time="4400" acceleration="1990"/>
    <motionState vehicle="11" speed="2931" time="4400" acceleration="759"/>
    <motionState vehicle="0" speed="2959" time="4410" acceleration="-226"/>
    <motionState vehicle="1" speed="5970" time="4410" acceleration="13367"/>
    <motionState vehicle="2" speed="2812" time="4410" acceleration="-86"/>
    <motionState vehicle="3" speed="2742" time="4410" acceleration="-1863"/>
    <motionState vehicle="4" speed="2493" time="4410" acceleration="-2119"/>
    <motionState vehicle="5" speed="6014" time="4410" acceleration="13636"/>
    <motionState vehicle="6" speed="2108" time="4410" acceleration="1151"/>
    <motionState vehicle="7" speed="2191" time="4410" acceleration="1776"/>
    <motionState vehicle="8" speed="2339" time="4410" acceleration="2417"/>
    <motionState vehicle="9" speed="2550" time="4410" acceleration="2619"/>
    <motionState vehicle="10" speed="2777" time="4410" acceleration="1975"/>
    <motionState vehicle="11" speed="2932" time="4410" acceleration="746"/>
    <motionState vehicle="0" speed="2958" time="4420" acceleration="-236"/>
    <motionState vehicle="1" speed="5983" time="4420" acceleration="13252"/>
    <motionState vehicle="2" speed="2812" time="4420" acceleration="-108"/>
    <motionState vehicle="3" speed="2741" time="4420" acceleration="-1871"/>
    <motionState vehicle="4" speed="2491" time="4420" acceleration="-2105"/>
    <motionState vehicle="5" speed="6027" time="4420" acceleration="13636"/>
    <motionState vehicle="6" speed="2109" time="4420" acceleration="1154"/>
    <motionState vehicle="7" speed="2193" time="4420" acceleration="1779"/>
    <motionState vehicle="8" speed="2341" time="4420" acceleration="2416"/>
    <motionState vehicle="9" speed="2553" time="4420" acceleration="2610"/>
    <motionState vehicle="10" speed="2779" time="4420" acceleration="1960"/>
    <motionState vehicle="11" speed="2932" time="4420" acceleration="732"/>
    <motionState vehicle="0" speed="2958" time="4430" acceleration="-246"/>
    <motionState vehicle="1" speed="5997" time="4430" acceleration="13139"/>
    <motionState vehicle="2" speed="2812" time="4430" acceleration="-129"/>
    <motionState vehicle="3" speed="2739" time="4430" acceleration="-1879"/>
    <motionState vehicle="4" speed="2489" time="4430" acceleration="-2091"/>
    <motionState vehicle="5" speed="6041" time="4430" acceleration="13636"/>
    <motionState vehicle="6" speed="2111" time="4430" acceleration="1157"/>
    <motionState vehicle="7" speed="2195" time="4430" acceleration="1783"/>
    <motionState vehicle="8" speed="2344" time="4430" acceleration="2415"/>
    <motionState vehicle="9" speed="2555" time="4430" acceleration="2601"/>
    <motionState vehicle="10" speed="2781" time="4430" acceleration="1945"/>
    <motionState vehicle="11" speed="2933" time="4430" acceleration="719"/>
    <motionState vehicle="0" speed="2958" time="4440" acceleration="-256"/>
    <motionState vehicle="1" speed="6010" time="4440" acceleration="13028"/>
    <motionState vehicle="2" speed="2812" time="4440" acceleration="-151"/>
    <motionState vehicle="3" speed="2737" time="4440" acceleration="-1887"/>
    <motionState vehicle="4" speed="2487" time="4440" acceleration="-2077"/>
    <motionState vehicle="5" speed="6055" time="4440" acceleration="13636"/>
    <motionState vehicle="6" speed="2112" time="4440" acceleration="1159"/>
    <motionState vehicle="7" speed="2197" time="4440" acceleration="1786"/>
    <motionState vehicle="8" speed="2346" time="4440" acceleration="2414"/>
    <motionState vehicle="9" speed="2558" time="4440" acceleration="2591"/>
    <motionState vehicle="10" speed="2783" time="4440" acceleration="1930"/>
    <motionState vehicle="11" speed="2934" time="4440" acceleration="706"/>
    <motionState vehicle="0" speed="2958" time="4450" acceleration="-266"/>
    <motionState vehicle="1" speed="6022" time="4450" acceleration="12919"/>
    <motionState vehicle="2" speed="2812" time="4450" acceleration="-172"/>
    <motionState vehicle="3" speed="2735" time="4450" acceleration="-1894"/>
    <motionState vehicle="4" speed="2485" time="4450" acceleration="-2063"/>
    <motionState vehicle="5" speed="6068" time="4450" acceleration="13636"/>
    <motionState vehicle="6" speed="2113" time="4450" acceleration="1162"/>
    <motionState vehicle="7" speed="2199" time="4450" acceleration="1789"/>
    <motionState vehicle="8" speed="2349" time="4450" acceleration="2413"/>
    <motionState vehicle="9" speed="2561" time="4450" acceleration="2582"/>
    <motionState vehicle="10" speed="2785" time="4450" acceleration="1915"/>
    <motionState vehicle="11" speed="2934" time="4450" acceleration="693"/>
    <motionState vehicle="0" speed="2957" time="4460" acceleration="-276"/>
    <motionState vehicle="1" speed="6035" time="4460" acceleration="12812"/>
    <motionState vehicle="2" speed="2812" time="4460" acceleration="-193"/>
    <motionState vehicle="3" speed="2733" time="4460" acceleration="-1901"/>
    <motionState vehicle="4" speed="2483" time="4460" acceleration="-2048"/>
    <motionState vehicle="5" speed="6082" time="4460" acceleration="13636"/>
    <motionState vehicle="6" speed="2114" time="4460" acceleration="1165"/>
    <motionState vehicle="7" speed="2200" time="4460" acceleration="1792"/>
    <motionState vehicle="8" speed="2351" time="4460" acceleration="2412"/>
    <motionState vehicle="9" speed="2563" time="4460" acceleration="2573"/>
    <motionState vehicle="10" speed="2787" time="4460" acceleration="1900"/>
    <motionState vehicle="11" speed="2935" time="4460" acceleration="680"/>
    <motionState vehicle="0" speed="2957" time="4470" acceleration="-286"/>
    <motionState vehicle="1" speed="6048" time="4470" acceleration="12707"/>
    <motionState vehicle="2" speed="2811" time="4470" acceleration="-214"/>
    <motionState vehicle="3" speed="2731" time="4470" acceleration="-1908"/>
    <motionState vehicle="4" speed="2481" time="4470" acceleration="-2034"/>
    <motionState vehicle="5" speed="6095" time="4470" acceleration="13636"/>
    <motionState vehicle="6" speed="2115" time="4470" acceleration="1168"/>
    <motionState vehicle="7" speed="2202" time="4470" acceleration="1795"/>
    <motionState vehicle="8" speed="2353" time="4470" acceleration="2411"/>
    <motionState vehicle="9" speed="2566" time="4470" acceleration="2564"/>
    <motionState vehicle="10" speed="2789" time="4470" acceleration="1885"/>
    <motionState vehicle="11" speed="2936" time="4470" acceleration="667"/>
    <motionState vehicle="0" speed="2957" time="4480" acceleration="-295"/>
    <motionState vehicle="1" speed="6061" time="4480" acceleration="12605"/>
    <motionState vehicle="2" speed="2811" time="4480" acceleration="-235"/>
    <motionState vehicle="3" speed="2729" time="4480" acceleration="-1914"/>
    <motionState vehicle="4" speed="2479" time="4480" acceleration="-2020"/>
    <motionState vehicle="5" speed="6109" time="4480" acceleration="13636"/>
    <motionState vehicle="6" speed="2116" time="4480" acceleration="1171"/>
    <motionState vehicle="7" speed="2204" time="4480" acceleration="1798"/>
    <motionState vehicle="8" speed="2356" time="4480" acceleration="2410"/>
    <motionState vehicle="9" speed="2568" time="4480" acceleration="2555"/>
    <motionState vehicle="10" speed="2790" time="4480" acceleration="1871"/>
    <motionState vehicle="11" speed="2936" time="4480" acceleration="655"/>
    <motionState vehicle="0" speed="2956" time="4490" acceleration="-305"/>
    <motionState vehicle="1" speed="6073" time="4490" acceleration="12504"/>
    <motionState vehicle="2" speed="2811" time="4490" acceleration="-255"/>
    <motionState vehicle="3" speed="2727" time="4490" acceleration="-1921"/>
    <motionState vehicle="4" speed="2477" time="4490" acceleration="-2005"/>
    <motionState vehicle="5" speed="6123" time="4490" acceleration="13636"/>
    <motionState vehicle="6" speed="2118" time="4490" acceleration="1174"/>
    <motionState vehicle="7" speed="2206" time="4490" acceleration="1801"/>
    <motionState vehicle="8" speed="2358" time="4490" acceleration="2408"/>
    <motionState vehicle="9" speed="2571" time="4490" acceleration="2545"/>
    <motionState vehicle="10" speed="2792" time="4490" acceleration="1856"/>
    <motionState vehicle="11" speed="2937" time="4490" acceleration="642"/>
    <motionState vehicle="0" speed="2956" time="4500" acceleration="-315"/>
    <motionState vehicle="1" speed="6086" time="4500" acceleration="12405"/>
    <motionState vehicle="2" speed="2811" time="4500" acceleration="-275"/>
    <motionState vehicle="3" speed="2725" time="4500" acceleration="-1927"/>
    <motionState vehicle="4" speed="2475" time="4500" acceleration="-1991"/>
    <motionState vehicle="5" speed="6136" time="4500" acceleration="13636"/>
    <motionState vehicle="6" speed="2119" time="4500" acceleration="1177"/>
    <motionState vehicle="7" speed="2208" time="4500" acceleration="1804"/>
    <motionState vehicle="8" speed="2361" time="4500" acceleration="2407"/>
    <motionState vehicle="9" speed="2573" time="4500" acceleration="2536"/>
    <motionState vehicle="10" speed="2794" time="4500" acceleration="1841"/>
    <motionState vehicle="11" speed="2938" time="4500" acceleration="629"/>
    <motionState vehicle="0" speed="2956" time="4510" acceleration="-325"/>
    <motionState vehicle="1" speed="6098" time="4510" acceleration="12308"/>
    <motionState vehicle="2" speed="2810" time="4510" acceleration="-296"/>
    <motionState vehicle="3" speed="2723" time="4510" acceleration="-1933"/>
    <motionState vehicle="4" speed="2473" time="4510" acceleration="-1976"/>
    <motionState vehicle="5" speed="6150" time="4510" acceleration="13636"/>
    <motionState vehicle="6" speed="2120" time="4510" acceleration="1180"/>
    <motionState vehicle="7" speed="2209" time="4510" acceleration="1807"/>
    <motionState vehicle="8" speed="2363" time="4510" acceleration="2406"/>
    <motionState vehicle="9" speed="2576" time="4510" acceleration="2527"/>
    <motionState vehicle="10" speed="2796" time="4510" acceleration="1826"/>
    <motionState vehicle="11" speed="2938" time="4510" acceleration="616"/>
    <motionState vehicle="0" speed="2955" time="4520" acceleration="-335"/>
    <motionState vehicle="1" speed="6110" time="4520" acceleration="12213"/>
    <motionState vehicle="2" speed="2810" time="4520" acceleration="-316"/>
    <motionState vehicle="3" speed="2722" time="4520" acceleration="-1938"/>
    <motionState vehicle="4" speed="2471" time="4520" acceleration="-1962"/>
    <motionState vehicle="5" speed="6164" time="4520" acceleration="13636"/>
    <motionState vehicle="6" speed="2121" time="4520" acceleration="1183"/>
    <motionState vehicle="7" speed="2211" time="4520" acceleration="1810"/>
    <motionState vehicle="8" speed="2365" time="4520" acceleration="2404"/>
    <motionState vehicle="9" speed="2578" time="4520" acceleration="2518"/>
    <motionState vehicle="10" speed="2798" time="4520" acceleration="1812"/>
    <motionState vehicle="11" speed="2939" time="4520" acceleration="604"/>
    <motionState vehicle="0" speed="2955" time="4530" acceleration="-345"/>
    <motionState vehicle="1" speed="6122" time="4530" acceleration="12120"/>
    <motionState vehicle="2" speed="2810" time="4530" acceleration="-336"/>
    <motionState vehicle="3" speed="2720" time="4530" acceleration="-1944"/>
    <motionState vehicle="4" speed="2469" time="4530" acceleration="-1947"/>
    <motionState vehicle="5" speed="6177" time="4530" acceleration="13636"/>
    <motionState vehicle="6" speed="2122" time="4530" acceleration="1186"/>
    <motionState vehicle="7" speed="2213" time="4530" acceleration="1813"/>
    <motionState vehicle="8" speed="2368" time="4530" acceleration="2403"/>
    <motionState vehicle="9" speed="2581" time="4530" acceleration="2508"/>
    <motionState vehicle="10" speed="2800" time="4530" acceleration="1797"/>
    <motionState vehicle="11" speed="2940" time="4530" acceleration="591"/>
    <motionState vehicle="0" speed="2955" time="4540" acceleration="-355"/>
    <motionState vehicle="1" speed="6134" time="4540" acceleration="12028"/>
    <motionState vehicle="2" speed="2809" time="4540" acceleration="-355"/>
    <motionState vehicle="3" speed="2718" time="4540" acceleration="-1949"/>
    <motionState vehicle="4" speed="2467" time="4540" acceleration="-1932"/>
    <motionState vehicle="5" speed="6191" time="4540" acceleration="13636"/>
    <motionState vehicle="6" speed="2124" time="4540" acceleration="1190"/>
    <motionState vehicle="7" speed="2215" time="4540" acceleration="1816"/>
    <motionState vehicle="8" speed="2370" time="4540" acceleration="2401"/>
    <motionState vehicle="9" speed="2583" time="4540" acceleration="2499"/>
    <motionState vehicle="10" speed="2801" time="4540" acceleration="1783"/>
    <motionState vehicle="11" speed="2940" time="4540" acceleration="579"/>
    <motionState vehicle="0" speed="2954" time="4550" acceleration="-365"/>
    <motionState vehicle="1" speed="6146" time="4550" acceleration="11939"/>
    <motionState vehicle="2" speed="2809" time="4550" acceleration="-375"/>
    <motionState vehicle="3" speed="2716" time="4550" acceleration="-1954"/>
    <motionState vehicle="4" speed="2465" time="4550" acceleration="-1917"/>
    <motionState vehicle="5" speed="6205" time="4550" acceleration="13636"/>
    <motionState vehicle="6" speed="2125" time="4550" acceleration="1193"/>
    <motionState vehicle="7" speed="2217" time="4550" acceleration="1819"/>
    <motionState vehicle="8" speed="2373" time="4550" acceleration="2400"/>
    <motionState vehicle="9" speed="2586" time="4550" acceleration="2489"/>
    <motionState vehicle="10" speed="2803" time="4550" acceleration="1768"/>
    <motionState vehicle="11" speed="2941" time="4550" acceleration="566"/>
    <motionState vehicle="0" speed="2954" time="4560" acceleration="-375"/>
    <motionState vehicle="1" speed="6158" time="4560" acceleration="11851"/>
    <motionState vehicle="2" speed="2808" time="4560" acceleration="-394"/>
    <motionState vehicle="3" speed="2714" time="4560" acceleration="-1958"/>
    <motionState vehicle="4" speed="2463" time="4560" acceleration="-1903"/>
    <motionState vehicle="5" speed="6218" time="4560" acceleration="13636"/>
    <motionState vehicle="6" speed="2126" time="4560" acceleration="1196"/>
    <motionState vehicle="7" speed="2218" time="4560" acceleration="1822"/>
    <motionState vehicle="8" speed="2375" time="4560" acceleration="2398"/>
    <motionState vehicle="9" speed="2588" time="4560" acceleration="2480"/>
    <motionState vehicle="10" speed="2805" time="4560" acceleration="1754"/>
    <motionState vehicle="11" speed="2941" time="4560" acceleration="554"/>
    <motionState vehicle="0" speed="2954" time="4570" acceleration="-385"/>
    <motionState vehicle="1" speed="6170" time="4570" acceleration="11765"/>
    <motionState vehicle="2" speed="2808" time="4570" acceleration="-414"/>
    <motionState vehicle="3" speed="2712" time="4570" acceleration="-1963"/>
    <motionState vehicle="4" speed="2461" time="4570" acceleration="-1888"/>
    <motionState vehicle="5" speed="6232" time="4570" acceleration="13636"/>
    <motionState vehicle="6" speed="2127" time="4570" acceleration="1199"/>
    <motionState vehicle="7" speed="2220" time="4570" acceleration="1825"/>
    <motionState vehicle="8" speed="2377" time="4570" acceleration="2396"/>
    <motionState vehicle="9" speed="2591" time="4570" acceleration="2470"/>
    <motionState vehicle="10" speed="2807" time="4570" acceleration="1739"/>
    <motionState vehicle="11" speed="2942" time="4570" acceleration="542"/>
    <motionState vehicle="0" speed="2953" time="4580" acceleration="-395"/>
    <motionState vehicle="1" speed="6181" time="4580" acceleration="11681"/>
    <motionState vehicle="2" speed="2808" time="4580" acceleration="-433"/>
    <motionState vehicle="3" speed="2710" time="4580" acceleration="-1967"/>
    <motionState vehicle="4" speed="2459" time="4580" acceleration="-1873"/>
    <motionState vehicle="5" speed="6245" time="4580" acceleration="13636"/>
    <motionState vehicle="6" speed="2128" time="4580" acceleration="1202"/>
    <motionState vehicle="7" speed="2222" time="4580" acceleration="1827"/>
    <motionState vehicle="8" speed="2380" time="4580" acceleration="2395"/>
    <motionState vehicle="9" speed="2593" time="4580" acceleration="2461"/>
    <motionState vehicle="10" speed="2808" time="4580" acceleration="1725"/>
    <motionState vehicle="11" speed="2942" time="4580" acceleration="529"/>
    <motionState vehicle="0" speed="2953" time="4590" acceleration="-405"/>
    <motionState vehicle="1" speed="6193" time="4590" acceleration="11598"/>
    <motionState vehicle="2" speed="2807" time="4590" acceleration="-452"/>
    <motionState vehicle="3" speed="2708" time="4590" acceleration="-1971"/>
    <motionState vehicle="4" speed="2458" time="4590" acceleration="-1858"/>
    <motionState vehicle="5" speed="6259" time="4590" acceleration="13636"/>
    <motionState vehicle="6" speed="2129" time="4590" acceleration="1206"/>
    <motionState vehicle="7" speed="2224" time="4590" acceleration="1830"/>
    <motionState vehicle="8" speed="2382" time="4590" acceleration="2393"/>
    <motionState vehicle="9" speed="2596" time="4590" acceleration="2451"/>
    <motionState vehicle="10" speed="2810" time="4590" acceleration="1710"/>
    <motionState vehicle="11" speed="2943" time="4590" acceleration="517"/>
    <motionState vehicle="0" speed="2952" time="4600" acceleration="-415"/>
    <motionState vehicle="1" speed="6205" time="4600" acceleration="11517"/>
    <motionState vehicle="2" speed="2807" time="4600" acceleration="-470"/>
    <motionState vehicle="3" speed="2706" time="4600" acceleration="-1975"/>
    <motionState vehicle="4" speed="2456" time="4600" acceleration="-1843"/>
    <motionState vehicle="5" speed="6273" time="4600" acceleration="13636"/>
    <motionState vehicle="6" speed="2131" time="4600" acceleration="1209"/>
    <motionState vehicle="7" speed="2226" time="4600" acceleration="1833"/>
    <motionState vehicle="8" speed="2385" time="4600" acceleration="2391"/>
    <motionState vehicle="9" speed="2598" time="4600" acceleration="2442"/>
    <motionState vehicle="10" speed="2812" time="4600" acceleration="1696"/>
    <motionState vehicle="11" speed="2943" time="4600" acceleration="505"/>
    <motionState vehicle="0" speed="2952" time="4610" acceleration="-425"/>
    <motionState vehicle="1" speed="6216" time="4610" acceleration="11438"/>
    <motionState vehicle="2" speed="2806" time="4610" acceleration="-489"/>
    <motionState vehicle="3" speed="2704" time="4610" acceleration="-1978"/>
    <motionState vehicle="4" speed="2454" time="4610" acceleration="-1828"/>
    <motionState vehicle="5" speed="6286" time="4610" acceleration="13636"/>
    <motionState vehicle="6" speed="2132" time="4610" acceleration="1212"/>
    <motionState vehicle="7" speed="2228" time="4610" acceleration="1836"/>
    <motionState vehicle="8" speed="2387" time="4610" acceleration="2389"/>
    <motionState vehicle="9" speed="2601" time="4610" acceleration="2432"/>
    <motionState vehicle="10" speed="2813" time="4610" acceleration="1682"/>
    <motionState vehicle="11" speed="2944" time="4610" acceleration="493"/>
    <motionState vehicle="0" speed="2952" time="4620" acceleration="-435"/>
    <motionState vehicle="1" speed="6227" time="4620" acceleration="11360"/>
    <motionState vehicle="2" speed="2806" time="4620" acceleration="-507"/>
    <motionState vehicle="3" speed="2702" time="4620" acceleration="-1982"/>
    <motionState vehicle="4" speed="2452" time="4620" acceleration="-1813"/>
    <motionState vehicle="5" speed="6300" time="4620" acceleration="13636"/>
    <motionState vehicle="6" speed="2133" time="4620" acceleration="1216"/>
    <motionState vehicle="7" speed="2229" time="4620" acceleration="1839"/>
    <motionState vehicle="8" speed="2389" time="4620" acceleration="2387"/>
    <motionState vehicle="9" speed="2603" time="4620" acceleration="2423"/>
    <motionState vehicle="10" speed="2815" time="4620" acceleration="1667"/>
    <motionState vehicle="11" speed="2944" time="4620" acceleration="481"/>
    <motionState vehicle="0" speed="2951" time="4630" acceleration="-445"/>
    <motionState vehicle="1" speed="6239" time="4630" acceleration="11284"/>
    <motionState vehicle="2" speed="2805" time="4630" acceleration="-526"/>
    <motionState vehicle="3" speed="2700" time="4630" acceleration="-1985"/>
    <motionState vehicle="4" speed="2450" time="4630" acceleration="-1798"/>
    <motionState vehicle="5" speed="6314" time="4630" acceleration="13636"/>
    <motionState vehicle="6" speed="2134" time="4630" acceleration="1219"/>
    <motionState vehicle="7" speed="2231" time="4630" acceleration="1842"/>
    <motionState vehicle="8" speed="2392" time="4630" acceleration="2385"/>
    <motionState vehicle="9" speed="2605" time="4630" acceleration="2413"/>
    <motionState vehicle="10" speed="2817" time="4630" acceleration="1653"/>
    <motionState vehicle="11" speed="2945" time="4630" acceleration="469"/>
    <motionState vehicle="0" speed="2951" time="4640" acceleration="-455"/>
    <motionState vehicle="1" speed="6250" time="4640" acceleration="11210"/>
    <motionState vehicle="2" speed="2805" time="4640" acceleration="-544"/>
    <motionState vehicle="3" speed="2698" time="4640" acceleration="-1988"/>
    <motionState vehicle="4" speed="2448" time="4640" acceleration="-1783"/>
    <motionState vehicle="5" speed="6327" time="4640" acceleration="13636"/>
    <motionState vehicle="6" speed="2136" time="4640" acceleration="1222"/>
    <motionState vehicle="7" speed="2233" time="4640" acceleration="1844"/>
    <motionState vehicle="8" speed="2394" time="4640" acceleration="2383"/>
    <motionState vehicle="9" speed="2608" time="4640" acceleration="2403"/>
    <motionState vehicle="10" speed="2818" time="4640" acceleration="1639"/>
    <motionState vehicle="11" speed="2945" time="4640" acceleration="457"/>
    <motionState vehicle="0" speed="2950" time="4650" acceleration="-465"/>
    <motionState vehicle="1" speed="6261" time="4650" acceleration="11137"/>
    <motionState vehicle="2" speed="2804" time="4650" acceleration="-562"/>
    <motionState vehicle="3" speed="2696" time="4650" acceleration="-1991"/>
    <motionState vehicle="4" speed="2447" time="4650" acceleration="-1768"/>
    <motionState vehicle="5" speed="6341" time="4650" acceleration="13636"/>
    <motionState vehicle="6" speed="2137" time="4650" acceleration="1226"/>
    <motionState vehicle="7" speed="2235" time="4650" acceleration="1847"/>
    <motionState vehicle="8" speed="2397" time="4650" acceleration="2381"/>
    <motionState vehicle="9" speed="2610" time="4650" acceleration="2394"/>
    <motionState vehicle="10" speed="2820" time="4650" acceleration="1625"/>
    <motionState vehicle="11" speed="2946" time="4650" acceleration="445"/>
    <motionState vehicle="0" speed="2950" time="4660" acceleration="-475"/>
    <motionState vehicle="1" speed="6272" time="4660" acceleration="11066"/>
    <motionState vehicle="2" speed="2803" time="4660" acceleration="-579"/>
    <motionState vehicle="3" speed="2694" time="4660" acceleration="-1993"/>
    <motionState vehicle="4" speed="2445" time="4660" acceleration="-1753"/>
    <motionState vehicle="5" speed="6355" time="4660" acceleration="13636"/>
    <motionState vehicle="6" speed="2138" time="4660" acceleration="1229"/>
    <motionState vehicle="7" speed="2237" time="4660" acceleration="1850"/>
    <motionState vehicle="8" speed="2399" time="4660" acceleration="2379"/>
    <motionState vehicle="9" speed="2613" time="4660" acceleration="2384"/>
    <motionState vehicle="10" speed="2822" time="4660" acceleration="1611"/>
    <motionState vehicle="11" speed="2946" time="4660" acceleration="433"/>
    <motionState vehicle="0" speed="2949" time="4670" acceleration="-485"/>
    <motionState vehicle="1" speed="6283" time="4670" acceleration="10996"/>
    <motionState vehicle="2" speed="2803" time="4670" acceleration="-597"/>
    <motionState vehicle="3" speed="2692" time="4670" acceleration="-1995"/>
    <motionState vehicle="4" speed="2443" time="4670" acceleration="-1738"/>
    <motionState vehicle="5" speed="6368" time="4670" acceleration="13636"/>
    <motionState vehicle="6" speed="2139" time="4670" acceleration="1233"/>
    <motionState vehicle="7" speed="2239" time="4670" acceleration="1853"/>
    <motionState vehicle="8" speed="2401" time="4670" acceleration="2377"/>
    <motionState vehicle="9" speed="2615" time="4670" acceleration="2374"/>
    <motionState vehicle="10" speed="2823" time="4670" acceleration="1597"/>
    <motionState vehicle="11" speed="2947" time="4670" acceleration="421"/>
    <motionState vehicle="0" speed="2949" time="4680" acceleration="-495"/>
    <motionState vehicle="1" speed="6294" time="4680" acceleration="10928"/>
    <motionState vehicle="2" speed="2802" time="4680" acceleration="-614"/>
    <motionState vehicle="3" speed="2690" time="4680" acceleration="-1998"/>
    <motionState vehicle="4" speed="2441" time="4680" acceleration="-1722"/>
    <motionState vehicle="5" speed="6382" time="4680" acceleration="13636"/>
    <motionState vehicle="6" speed="2141" time="4680" acceleration="1236"/>
    <motionState vehicle="7" speed="2240" time="4680" acceleration="1855"/>
    <motionState vehicle="8" speed="2404" time="4680" acceleration="2375"/>
    <motionState vehicle="9" speed="2617" time="4680" acceleration="2365"/>
    <motionState vehicle="10" speed="2825" time="4680" acceleration="1583"/>
    <motionState vehicle="11" speed="2947" time="4680" acceleration="409"/>
    <motionState vehicle="0" speed="2948" time="4690" acceleration="-505"/>
    <motionState vehicle="1" speed="6305" time="4690" acceleration="10861"/>
    <motionState vehicle="2" speed="2802" time="4690" acceleration="-631"/>
    <motionState vehicle="3" speed="2688" time="4690" acceleration="-1999"/>
    <motionState vehicle="4" speed="2440" time="4690" acceleration="-1707"/>
    <motionState vehicle="5" speed="6395" time="4690" acceleration="13636"/>
    <motionState vehicle="6" speed="2142" time="4690" acceleration="1240"/>
    <motionState vehicle="7" speed="2242" time="4690" acceleration="1858"/>
    <motionState vehicle="8" speed="2406" time="4690" acceleration="2373"/>
    <motionState vehicle="9" speed="2620" time="4690" acceleration="2355"/>
    <motionState vehicle="10" speed="2826" time="4690" acceleration="1569"/>
    <motionState vehicle="11" speed="2947" time="4690" acceleration="397"/>
    <motionState vehicle="0" speed="2948" time="4700" acceleration="-514"/>
    <motionState vehicle="1" speed="6316" time="4700" acceleration="10796"/>
    <motionState vehicle="2" speed="2801" time="4700" acceleration="-648"/>
    <motionState vehicle="3" speed="2686" time="4700" acceleration="-2001"/>
    <motionState vehicle="4" speed="2438" time="4700" acceleration="-1692"/>
    <motionState vehicle="5" speed="6409" time="4700" acceleration="13636"/>
    <motionState vehicle="6" speed="2143" time="4700" acceleration="1243"/>
    <motionState vehicle="7" speed="2244" time="4700" acceleration="1861"/>
    <motionState vehicle="8" speed="2408" time="4700" acceleration="2370"/>
    <motionState vehicle="9" speed="2622" time="4700" acceleration="2345"/>
    <motionState vehicle="10" speed="2828" time="4700" acceleration="1555"/>
    <motionState vehicle="11" speed="2948" time="4700" acceleration="386"/>
    <motionState vehicle="0" speed="2947" time="4710" acceleration="-524"/>
    <motionState vehicle="1" speed="6326" time="4710" acceleration="10732"/>
    <motionState vehicle="2" speed="2800" time="4710" acceleration="-665"/>
    <motionState vehicle="3" speed="2684" time="4710" acceleration="-2003"/>
    <motionState vehicle="4" speed="2436" time="4710" acceleration="-1677"/>
    <motionState vehicle="5" speed="6423" time="4710" acceleration="13636"/>
    <motionState vehicle="6" speed="2144" time="4710" acceleration="1247"/>
    <motionState vehicle="7" speed="2246" time="4710" acceleration="1863"/>
    <motionState vehicle="8" speed="2411" time="4710" acceleration="2368"/>
    <motionState vehicle="9" speed="2624" time="4710" acceleration="2335"/>
    <motionState vehicle="10" speed="2829" time="4710" acceleration="1541"/>
    <motionState vehicle="11" speed="2948" time="4710" acceleration="374"/>
    <motionState vehicle="0" speed="2947" time="4720" acceleration="-534"/>
    <motionState vehicle="1" speed="6337" time="4720" acceleration="10670"/>
    <motionState vehicle="2" speed="2800" time="4720" acceleration="-682"/>
    <motionState vehicle="3" speed="2682" time="4720" acceleration="-2004"/>
    <motionState vehicle="4" speed="2435" time="4720" acceleration="-1661"/>
    <motionState vehicle="5" speed="6436" time="4720" acceleration="13636"/>
    <motionState vehicle="6" speed="2145" time="4720" acceleration="1250"/>
    <motionState vehicle="7" speed="2248" time="4720" acceleration="1866"/>
    <motionState vehicle="8" speed="2413" time="4720" acceleration="2366"/>
    <motionState vehicle="9" speed="2627" time="4720" acceleration="2326"/>
    <motionState vehicle="10" speed="2831" time="4720" acceleration="1527"/>
    <motionState vehicle="11" speed="2948" time="4720" acceleration="362"/>
    <motionState vehicle="0" speed="2946" time="4730" acceleration="-544"/>
    <motionState vehicle="1" speed="6348" time="4730" acceleration="10609"/>
    <motionState vehicle="2" speed="2799" time="4730" acceleration="-698"/>
    <motionState vehicle="3" speed="2680" time="4730" acceleration="-2005"/>
    <motionState vehicle="4" speed="2433" time="4730" acceleration="-1646"/>
    <motionState vehicle="5" speed="6450" time="4730" acceleration="13636"/>
    <motionState vehicle="6" speed="2147" time="4730" acceleration="1254"/>
    <motionState vehicle="7" speed="2250" time="4730" acceleration="1869"/>
    <motionState vehicle="8" speed="2415" time="4730" acceleration="2363"/>
    <motionState vehicle="9" speed="2629" time="4730" acceleration="2316"/>
    <motionState vehicle="10" speed="2832" time="4730" acceleration="1514"/>
    <motionState vehicle="11" speed="2949" time="4730" acceleration="351"/>
    <motionState vehicle="0" speed="2945" time="4740" acceleration="-554"/>
    <motionState vehicle="1" speed="6358" time="4740" acceleration="10549"/>
    <motionState vehicle="2" speed="2798" time="4740" acceleration="-715"/>
    <motionState vehicle="3" speed="2678" time="4740" acceleration="-2006"/>
    <motionState vehicle="4" speed="2431" time="4740" acceleration="-1631"/>
    <motionState vehicle="5" speed="6464" time="4740" acceleration="13636"/>
    <motionState vehicle="6" speed="2148" time="4740" acceleration="1257"/>
    <motionState vehicle="7" speed="2252" time="4740" acceleration="1871"/>
    <motionState vehicle="8" speed="2418" time="4740" acceleration="2361"/>
    <motionState vehicle="9" speed="2631" time="4740" acceleration="2306"/>
    <motionState vehicle="10" speed="2834" time="4740" acceleration="1500"/>
    <motionState vehicle="11" speed="2949" time="4740" acceleration="339"/>
    <motionState vehicle="0" speed="2945" time="4750" acceleration="-564"/>
    <motionState vehicle="1" speed="6369" time="4750" acceleration="10491"/>
    <motionState vehicle="2" speed="2798" time="4750" acceleration="-731"/>
    <motionState vehicle="3" speed="2676" time="4750" acceleration="-2007"/>
    <motionState vehicle="4" speed="2430" time="4750" acceleration="-1616"/>
    <motionState vehicle="5" speed="6477" time="4750" acceleration="13636"/>
    <motionState vehicle="6" speed="2149" time="4750" acceleration="1261"/>
    <motionState vehicle="7" speed="2254" time="4750" acceleration="1874"/>
    <motionState vehicle="8" speed="2420" time="4750" acceleration="2358"/>
    <motionState vehicle="9" speed="2634" time="4750" acceleration="2296"/>
    <motionState vehicle="10" speed="2835" time="4750" acceleration="1486"/>
    <motionState vehicle="11" speed="2950" time="4750" acceleration="327"/>
    <motionState vehicle="0" speed="2944" time="4760" acceleration="-573"/>
    <motionState vehicle="1" speed="6379" time="4760" acceleration="10434"/>
    <motionState vehicle="2" speed="2797" time="4760" acceleration="-747"/>
    <motionState vehicle="3" speed="2674" time="4760" acceleration="-2007"/>
    <motionState vehicle="4" speed="2428" time="4760" acceleration="-1600"/>
    <motionState vehicle="5" speed="6491" time="4760" acceleration="13636"/>
    <motionState vehicle="6" speed="2151" time="4760" acceleration="1264"/>
    <motionState vehicle="7" speed="2255" time="4760" acceleration="1876"/>
    <motionState vehicle="8" speed="2423" time="4760" acceleration="2356"/>
    <motionState vehicle="9" speed="2636" time="4760" acceleration="2286"/>
    <motionState vehicle="10" speed="2837" time="4760" acceleration="1472"/>
    <motionState vehicle="11" speed="2950" time="4760" acceleration="316"/>
    <motionState vehicle="0" speed="2944" time="4770" acceleration="-583"/>
    <motionState vehicle="1" speed="6389" time="4770" acceleration="10378"/>
    <motionState vehicle="2" speed="2796" time="4770" acceleration="-763"/>
    <motionState vehicle="3" speed="2672" time="4770" acceleration="-2008"/>
    <motionState vehicle="4" speed="2427" time="4770" acceleration="-1585"/>
    <motionState vehicle="5" speed="6505" time="4770" acceleration="13636"/>
    <motionState vehicle="6" speed="2152" time="4770" acceleration="1268"/>
    <motionState vehicle="7" speed="2257" time="4770" acceleration="1879"/>
    <motionState vehicle="8" speed="2425" time="4770" acceleration="2353"/>
    <motionState vehicle="9" speed="2638" time="4770" acceleration="2276"/>
    <motionState vehicle="10" speed="2838" time="4770" acceleration="1459"/>
    <motionState vehicle="11" speed="2950" time="4770" acceleration="304"/>
    <motionState vehicle="0" speed="2943" time="4780" acceleration="-593"/>
    <motionState vehicle="1" speed="6400" time="4780" acceleration="10324"/>
    <motionState vehicle="2" speed="2795" time="4780" acceleration="-778"/>
    <motionState vehicle="3" speed="2670" time="4780" acceleration="-2008"/>
    <motionState vehicle="4" speed="2425" time="4780" acceleration="-1569"/>
    <motionState vehicle="5" speed="6518" time="4780" acceleration="13636"/>
    <motionState vehicle="6" speed="2153" time="4780" acceleration="1272"/>
    <motionState vehicle="7" speed="2259" time="4780" acceleration="1881"/>
    <motionState vehicle="8" speed="2427" time="4780" acceleration="2350"/>
    <motionState vehicle="9" speed="2640" time="4780" acceleration="2266"/>
    <motionState vehicle="10" speed="2840" time="4780" acceleration="1445"/>
    <motionState vehicle="11" speed="2950" time="4780" acceleration="293"/>
    <motionState vehicle="0" speed="2943" time="4790" acceleration="-603"/>
    <motionState vehicle="1" speed="6410" time="4790" acceleration="10271"/>
    <motionState vehicle="2" speed="2794" time="4790" acceleration="-794"/>
    <motionState vehicle="3" speed="2668" time="4790" acceleration="-2008"/>
    <motionState vehicle="4" speed="2424" time="4790" acceleration="-1554"/>
    <motionState vehicle="5" speed="6532" time="4790" acceleration="13636"/>
    <motionState vehicle="6" speed="2154" time="4790" acceleration="1275"/>
    <motionState vehicle="7" speed="2261" time="4790" acceleration="1884"/>
    <motionState vehicle="8" speed="2430" time="4790" acceleration="2347"/>
    <motionState vehicle="9" speed="2643" time="4790" acceleration="2256"/>
    <motionState vehicle="10" speed="2841" time="4790" acceleration="1432"/>
    <motionState vehicle="11" speed="2951" time="4790" acceleration="282"/>
    <motionState vehicle="0" speed="2942" time="4800" acceleration="-612"/>
    <motionState vehicle="1" speed="6420" time="4800" acceleration="10219"/>
    <motionState vehicle="2" speed="2794" time="4800" acceleration="-809"/>
    <motionState vehicle="3" speed="2666" time="4800" acceleration="-2008"/>
    <motionState vehicle="4" speed="2422" time="4800" acceleration="-1539"/>
    <motionState vehicle="5" speed="6545" time="4800" acceleration="13636"/>
    <motionState vehicle="6" speed="2156" time="4800" acceleration="1279"/>
    <motionState vehicle="7" speed="2263" time="4800" acceleration="1886"/>
    <motionState vehicle="8" speed="2432" time="4800" acceleration="2345"/>
    <motionState vehicle="9" speed="2645" time="4800" acceleration="2246"/>
    <motionState vehicle="10" speed="2843" time="4800" acceleration="1418"/>
    <motionState vehicle="11" speed="2951" time="4800" acceleration="270"/>
    <motionState vehicle="0" speed="2941" time="4810" acceleration="-622"/>
    <motionState vehicle="1" speed="6430" time="4810" acceleration="10169"/>
    <motionState vehicle="2" speed="2793" time="4810" acceleration="-824"/>
    <motionState vehicle="3" speed="2664" time="4810" acceleration="-2007"/>
    <motionState vehicle="4" speed="2420" time="4810" acceleration="-1523"/>
    <motionState vehicle="5" speed="6559" time="4810" acceleration="13636"/>
    <motionState vehicle="6" speed="2157" time="4810" acceleration="1283"/>
    <motionState vehicle="7" speed="2265" time="4810" acceleration="1888"/>
    <motionState vehicle="8" speed="2434" time="4810" acceleration="2342"/>
    <motionState vehicle="9" speed="2647" time="4810" acceleration="2236"/>
    <motionState vehicle="10" speed="2844" time="4810" acceleration="1405"/>
    <motionState vehicle="11" speed="2951" time="4810" acceleration="259"/>
    <motionState vehicle="0" speed="2941" time="4820" acceleration="-632"/>
    <motionState vehicle="1" speed="6441" time="4820" acceleration="10120"/>
    <motionState vehicle="2" speed="2792" time="4820" acceleration="-839"/>
    <motionState vehicle="3" speed="2662" time="4820" acceleration="-2007"/>
    <motionState vehicle="4" speed="2419" time="4820" acceleration="-1508"/>
    <motionState vehicle="5" speed="6573" time="4820" acceleration="13636"/>
    <motionState vehicle="6" speed="2158" time="4820" acceleration="1286"/>
    <motionState vehicle="7" speed="2267" time="4820" acceleration="1891"/>
    <motionState vehicle="8" speed="2437" time="4820" acceleration="2339"/>
    <motionState vehicle="9" speed="2649" time="4820" acceleration="2226"/>
    <motionState vehicle="10" speed="2845" time="4820" acceleration="1391"/>
    <motionState vehicle="11" speed="2951" time="4820" acceleration="248"/>
    <motionState vehicle="0" speed="2940" time="4830" acceleration="-641"/>
    <motionState vehicle="1" speed="6451" time="4830" acceleration="10072"/>
    <motionState vehicle="2" speed="2791" time="4830" acceleration="-854"/>
    <motionState vehicle="3" speed="2660" time="4830" acceleration="-2006"/>
    <motionState vehicle="4" speed="2417" time="4830" acceleration="-1492"/>
    <motionState vehicle="5" speed="6586" time="4830" acceleration="13636"/>
    <motionState vehicle="6" speed="2159" time="4830" acceleration="1290"/>
    <motionState vehicle="7" speed="2269" time="4830" acceleration="1893"/>
    <motionState vehicle="8" speed="2439" time="4830" acceleration="2336"/>
    <motionState vehicle="9" speed="2652" time="4830" acceleration="2216"/>
    <motionState vehicle="10" speed="2847" time="4830" acceleration="1378"/>
    <motionState vehicle="11" speed="2952" time="4830" acceleration="236"/>
    <motionState vehicle="0" speed="2939" time="4840" acceleration="-651"/>
    <motionState vehicle="1" speed="6461" time="4840" acceleration="10025"/>
    <motionState vehicle="2" speed="2790" time="4840" acceleration="-869"/>
    <motionState vehicle="3" speed="2658" time="4840" acceleration="-2005"/>
    <motionState vehicle="4" speed="2416" time="4840" acceleration="-1477"/>
    <motionState vehicle="5" speed="6600" time="4840" acceleration="13636"/>
    <motionState vehicle="6" speed="2161" time="4840" acceleration="1294"/>
    <motionState vehicle="7" speed="2271" time="4840" acceleration="1895"/>
    <motionState vehicle="8" speed="2441" time="4840" acceleration="2333"/>
    <motionState vehicle="9" speed="2654" time="4840" acceleration="2206"/>
    <motionState vehicle="10" speed="2848" time="4840" acceleration="1364"/>
    <motionState vehicle="11" speed="2952" time="4840" acceleration="225"/>
    <motionState vehicle="0" speed="2939" time="4850" acceleration="-661"/>
    <motionState vehicle="1" speed="6471" time="4850" acceleration="9979"/>
    <motionState vehicle="2" speed="2789" time="4850" acceleration="-883"/>
    <motionState vehicle="3" speed="2656" time="4850" acceleration="-2004"/>
    <motionState vehicle="4" speed="2415" time="4850" acceleration="-1462"/>
    <motionState vehicle="5" speed="6614" time="4850" acceleration="13636"/>
    <motionState vehicle="6" speed="2162" time="4850" acceleration="1297"/>
    <motionState vehicle="7" speed="2272" time="4850" acceleration="1898"/>
    <motionState vehicle="8" speed="2444" time="4850" acceleration="2330"/>
    <motionState vehicle="9" speed="2656" time="4850" acceleration="2196"/>
    <motionState vehicle="10" speed="2850" time="4850" acceleration="1351"/>
    <motionState vehicle="11" speed="2952" time="4850" acceleration="214"/>
    <motionState vehicle="0" speed="2938" time="4860" acceleration="-670"/>
    <motionState vehicle="1" speed="6481" time="4860" acceleration="9935"/>
    <motionState vehicle="2" speed="2788" time="4860" acceleration="-898"/>
    <motionState vehicle="3" speed="2654" time="4860" acceleration="-2003"/>
    <motionState vehicle="4" speed="2413" time="4860" acceleration="-1446"/>
    <motionState vehicle="5" speed="6627" time="4860" acceleration="13636"/>
    <motionState vehicle="6" speed="2163" time="4860" acceleration="1301"/>
    <motionState vehicle="7" speed="2274" time="4860" acceleration="1900"/>
    <motionState vehicle="8" speed="2446" time="4860" acceleration="2327"/>
    <motionState vehicle="9" speed="2658" time="4860" acceleration="2186"/>
    <motionState vehicle="10" speed="2851" time="4860" acceleration="1338"/>
    <motionState vehicle="11" speed="2952" time="4860" acceleration="203"/>
    <motionState vehicle="0" speed="2937" time="4870" acceleration="-680"/>
    <motionState vehicle="1" speed="6490" time="4870" acceleration="9891"/>
    <motionState vehicle="2" speed="2788" time="4870" acceleration="-912"/>
    <motionState vehicle="3" speed="2652" time="4870" acceleration="-2002"/>
    <motionState vehicle="4" speed="2412" time="4870" acceleration="-1431"/>
    <motionState vehicle="5" speed="6641" time="4870" acceleration="13636"/>
    <motionState vehicle="6" speed="2165" time="4870" acceleration="1305"/>
    <motionState vehicle="7" speed="2276" time="4870" acceleration="1902"/>
    <motionState vehicle="8" speed="2448" time="4870" acceleration="2324"/>
    <motionState vehicle="9" speed="2660" time="4870" acceleration="2176"/>
    <motionState vehicle="10" speed="2852" time="4870" acceleration="1325"/>
    <motionState vehicle="11" speed="2953" time="4870" acceleration="192"/>
    <motionState vehicle="0" speed="2937" time="4880" acceleration="-689"/>
    <motionState vehicle="1" speed="6500" time="4880" acceleration="9849"/>
    <motionState vehicle="2" speed="2787" time="4880" acceleration="-926"/>
    <motionState vehicle="3" speed="2650" time="4880" acceleration="-2000"/>
    <motionState vehicle="4" speed="2410" time="4880" acceleration="-1415"/>
    <motionState vehicle="5" speed="6655" time="4880" acceleration="13636"/>
    <motionState vehicle="6" speed="2166" time="4880" acceleration="1308"/>
    <motionState vehicle="7" speed="2278" time="4880" acceleration="1904"/>
    <motionState vehicle="8" speed="2451" time="4880" acceleration="2321"/>
    <motionState vehicle="9" speed="2663" time="4880" acceleration="2166"/>
    <motionState vehicle="10" speed="2854" time="4880" acceleration="1311"/>
    <motionState vehicle="11" speed="2953" time="4880" acceleration="181"/>
    <motionState vehicle="0" speed="2936" time="4890" acceleration="-699"/>
    <motionState vehicle="1" speed="6510" time="4890" acceleration="9808"/>
    <motionState vehicle="2" speed="2786" time="4890" acceleration="-939"/>
    <motionState vehicle="3" speed="2648" time="4890" acceleration="-1998"/>
    <motionState vehicle="4" speed="2409" time="4890" acceleration="-1400"/>
    <motionState vehicle="5" speed="6668" time="4890" acceleration="13636"/>
    <motionState vehicle="6" speed="2167" time="4890" acceleration="1312"/>
    <motionState vehicle="7" speed="2280" time="4890" acceleration="1907"/>
    <motionState vehicle="8" speed="2453" time="4890" acceleration="2317"/>
    <motionState vehicle="9" speed="2665" time="4890" acceleration="2156"/>
    <motionState vehicle="10" speed="2855" time="4890" acceleration="1298"/>
    <motionState vehicle="11" speed="2953" time="4890" acceleration="170"/>
    <motionState vehicle="0" speed="2935" time="4900" acceleration="-708"/>
    <motionState vehicle="1" speed="6520" time="4900" acceleration="9768"/>
    <motionState vehicle="2" speed="2785" time="4900" acceleration="-953"/>
    <motionState vehicle="3" speed="2646" time="4900" acceleration="-1996"/>
    <motionState vehicle="4" speed="2407" time="4900" acceleration="-1384"/>
    <motionState vehicle="5" speed="6682" time="4900" acceleration="13636"/>
    <motionState vehicle="6" speed="2169" time="4900" acceleration="1316"/>
    <motionState vehicle="7" speed="2282" time="4900" acceleration="1909"/>
    <motionState vehicle="8" speed="2455" time="4900" acceleration="2314"/>
    <motionState vehicle="9" speed="2667" time="4900" acceleration="2146"/>
    <motionState vehicle="10" speed="2856" time="4900" acceleration="1285"/>
    <motionState vehicle="11" speed="2953" time="4900" acceleration="159"/>
    <motionState vehicle="0" speed="2935" time="4910" acceleration="-718"/>
    <motionState vehicle="1" speed="6530" time="4910" acceleration="9729"/>
    <motionState vehicle="2" speed="2784" time="4910" acceleration="-966"/>
    <motionState vehicle="3" speed="2644" time="4910" acceleration="-1994"/>
    <motionState vehicle="4" speed="2406" time="4910" acceleration="-1369"/>
    <motionState vehicle="5" speed="6695" time="4910" acceleration="13636"/>
    <motionState vehicle="6" speed="2170" time="4910" acceleration="1320"/>
    <motionState vehicle="7" speed="2284" time="4910" acceleration="1911"/>
    <motionState vehicle="8" speed="2458" time="4910" acceleration="2311"/>
    <motionState vehicle="9" speed="2669" time="4910" acceleration="2136"/>
    <motionState vehicle="10" speed="2857" time="4910" acceleration="1272"/>
    <motionState vehicle="11" speed="2953" time="4910" acceleration="148"/>
    <motionState vehicle="0" speed="2934" time="4920" acceleration="-727"/>
    <motionState vehicle="1" speed="6539" time="4920" acceleration="9691"/>
    <motionState vehicle="2" speed="2783" time="4920" acceleration="-980"/>
    <motionState vehicle="3" speed="2642" time="4920" acceleration="-1992"/>
    <motionState vehicle="4" speed="2405" time="4920" acceleration="-1354"/>
    <motionState vehicle="5" speed="6709" time="4920" acceleration="13636"/>
    <motionState vehicle="6" speed="2171" time="4920" acceleration="1323"/>
    <motionState vehicle="7" speed="2286" time="4920" acceleration="1913"/>
    <motionState vehicle="8" speed="2460" time="4920" acceleration="2307"/>
    <motionState vehicle="9" speed="2671" time="4920" acceleration="2126"/>
    <motionState vehicle="10" speed="2859" time="4920" acceleration="1259"/>
    <motionState vehicle="11" speed="2953" time="4920" acceleration="137"/>
    <motionState vehicle="0" speed="2933" time="4930" acceleration="-737"/>
    <motionState vehicle="1" speed="6549" time="4930" acceleration="9655"/>
    <motionState vehicle="2" speed="2782" time="4930" acceleration="-993"/>
    <motionState vehicle="3" speed="2640" time="4930" acceleration="-1990"/>
    <motionState vehicle="4" speed="2403" time="4930" acceleration="-1338"/>
    <motionState vehicle="5" speed="6723" time="4930" acceleration="13636"/>
    <motionState vehicle="6" speed="2173" time="4930" acceleration="1327"/>
    <motionState vehicle="7" speed="2288" time="4930" acceleration="1915"/>
    <motionState vehicle="8" speed="2462" time="4930" acceleration="2304"/>
    <motionState vehicle="9" speed="2673" time="4930" acceleration="2115"/>
    <motionState vehicle="10" speed="2860" time="4930" acceleration="1246"/>
    <motionState vehicle="11" speed="2953" time="4930" acceleration="126"/>
    <motionState vehicle="0" speed="2932" time="4940" acceleration="-746"/>
    <motionState vehicle="1" speed="6559" time="4940" acceleration="9619"/>
    <motionState vehicle="2" speed="2781" time="4940" acceleration="-1006"/>
    <motionState vehicle="3" speed="2638" time="4940" acceleration="-1987"/>
    <motionState vehicle="4" speed="2402" time="4940" acceleration="-1323"/>
    <motionState vehicle="5" speed="6736" time="4940" acceleration="13636"/>
    <motionState vehicle="6" speed="2174" time="4940" acceleration="1331"/>
    <motionState vehicle="7" speed="2290" time="4940" acceleration="1917"/>
    <motionState vehicle="8" speed="2464" time="4940" acceleration="2300"/>
    <motionState vehicle="9" speed="2675" time="4940" acceleration="2105"/>
    <motionState vehicle="10" speed="2861" time="4940" acceleration="1233"/>
    <motionState vehicle="11" speed="2954" time="4940" acceleration="115"/>
    <motionState vehicle="0" speed="2932" time="4950" acceleration="-755"/>
    <motionState vehicle="1" speed="6568" time="4950" acceleration="9584"/>
    <motionState vehicle="2" speed="2780" time="4950" acceleration="-1019"/>
    <motionState vehicle="3" speed="2636" time="4950" acceleration="-1985"/>
    <motionState vehicle="4" speed="2401" time="4950" acceleration="-1307"/>
    <motionState vehicle="5" speed="6750" time="4950" acceleration="13636"/>
    <motionState vehicle="6" speed="2175" time="4950" acceleration="1335"/>
    <motionState vehicle="7" speed="2292" time="4950" acceleration="1919"/>
    <motionState vehicle="8" speed="2467" time="4950" acceleration="2297"/>
    <motionState vehicle="9" speed="2677" time="4950" acceleration="2095"/>
    <motionState vehicle="10" speed="2862" time="4950" acceleration="1220"/>
    <motionState vehicle="11" speed="2954" time="4950" acceleration="104"/>
    <motionState vehicle="0" speed="2931" time="4960" acceleration="-765"/>
    <motionState vehicle="1" speed="6578" time="4960" acceleration="9550"/>
    <motionState vehicle="2" speed="2779" time="4960" acceleration="-1031"/>
    <motionState vehicle="3" speed="2634" time="4960" acceleration="-1982"/>
    <motionState vehicle="4" speed="2399" time="4960" acceleration="-1292"/>
    <motionState vehicle="5" speed="6764" time="4960" acceleration="13636"/>
    <motionState vehicle="6" speed="2177" time="4960" acceleration="1338"/>
    <motionState vehicle="7" speed="2293" time="4960" acceleration="1921"/>
    <motionState vehicle="8" speed="2469" time="4960" acceleration="2293"/>
    <motionState vehicle="9" speed="2680" time="4960" acceleration="2085"/>
    <motionState vehicle="10" speed="2864" time="4960" acceleration="1207"/>
    <motionState vehicle="11" speed="2954" time="4960" acceleration="94"/>
    <motionState vehicle="0" speed="2930" time="4970" acceleration="-774"/>
    <motionState vehicle="1" speed="6587" time="4970" acceleration="9518"/>
    <motionState vehicle="2" speed="2778" time="4970" acceleration="-1044"/>
    <motionState vehicle="3" speed="2632" time="4970" acceleration="-1979"/>
    <motionState vehicle="4" speed="2398" time="4970" acceleration="-1276"/>
    <motionState vehicle="5" speed="6777" time="4970" acceleration="13636"/>
    <motionState vehicle="6" speed="2178" time="4970" acceleration="1342"/>
    <motionState vehicle="7" speed="2295" time="4970" acceleration="1923"/>
    <motionState vehicle="8" speed="2471" time="4970" acceleration="2290"/>
    <motionState vehicle="9" speed="2682" time="4970" acceleration="2075"/>
    <motionState vehicle="10" speed="2865" time="4970" acceleration="1194"/>
    <motionState vehicle="11" speed="2954" time="4970" acceleration="83"/>
    <motionState vehicle="0" speed="2929" time="4980" acceleration="-783"/>
    <motionState vehicle="1" speed="6597" time="4980" acceleration="9486"/>
    <motionState vehicle="2" speed="2777" time="4980" acceleration="-1056"/>
    <motionState vehicle="3" speed="2630" time="4980" acceleration="-1976"/>
    <motionState vehicle="4" speed="2397" time="4980" acceleration="-1261"/>
    <motionState vehicle="5" speed="6791" time="4980" acceleration="13636"/>
    <motionState vehicle="6" speed="2179" time="4980" acceleration="1346"/>
    <motionState vehicle="7" speed="2297" time="4980" acceleration="1924"/>
    <motionState vehicle="8" speed="2474" time="4980" acceleration="2286"/>
    <motionState vehicle="9" speed="2684" time="4980" acceleration="2064"/>
    <motionState vehicle="10" speed="2866" time="4980" acceleration="1181"/>
    <motionState vehicle="11" speed="2954" time="4980" acceleration="72"/>
    <motionState vehicle="0" speed="2928" time="4990" acceleration="-793"/>
    <motionState vehicle="1" speed="6606" time="4990" acceleration="9455"/>
    <motionState vehicle="2" speed="2776" time="4990" acceleration="-1068"/>
    <motionState vehicle="3" speed="2628" time="4990" acceleration="-1972"/>
    <motionState vehicle="4" speed="2396" time="4990" acceleration="-1246"/>
    <motionState vehicle="5" speed="6805" time="4990" acceleration="13636"/>
    <motionState vehicle="6" speed="2181" time="4990" acceleration="1350"/>
    <motionState vehicle="7" speed="2299" time="4990" acceleration="1926"/>
    <motionState vehicle="8" speed="2476" time="4990" acceleration="2282"/>
    <motionState vehicle="9" speed="2686" time="4990" acceleration="2054"/>
    <motionState vehicle="10" speed="2867" time="4990" acceleration="1168"/>
    <motionState vehicle="11" speed="2954" time="4990" acceleration="61"/>
    <motionState vehicle="0" speed="2928" time="5000" acceleration="-802"/>
    <motionState vehicle="1" speed="6616" time="5000" acceleration="9425"/>
    <motionState vehicle="2" speed="2774" time="5000" acceleration="-1080"/>
    <motionState vehicle="3" speed="2626" time="5000" acceleration="-1969"/>
    <motionState vehicle="4" speed="2394" time="5000" acceleration="-1230"/>
    <motionState vehicle="5" speed="6818" time="5000" acceleration="13636"/>
    <motionState vehicle="6" speed="2182" time="5000" acceleration="1353"/>
    <motionState vehicle="7" speed="2301" time="5000" acceleration="1928"/>
    <motionState vehicle="8" speed="2478" time="5000" acceleration="2279"/>
    <motionState vehicle="9" speed="2688" time="5000" acceleration="2044"/>
    <motionState vehicle="10" speed="2868" time="5000" acceleration="1156"/>
    <motionState vehicle="11" speed="2954" time="5000" acceleration="51"/>
    <motionState vehicle="0" speed="2927" time="5010" acceleration="-811"/>
    <motionState vehicle="1" speed="6625" time="5010" acceleration="9396"/>
    <motionState vehicle="2" speed="2773" time="5010" acceleration="-1092"/>
    <motionState vehicle="3" speed="2624" time="5010" acceleration="-1965"/>
    <motionState vehicle="4" speed="2393" time="5010" acceleration="-1215"/>
    <motionState vehicle="5" speed="6832" time="5010" acceleration="13636"/>
    <motionState vehicle="6" speed="2183" time="5010" acceleration="1357"/>
    <motionState vehicle="7" speed="2303" time="5010" acceleration="1930"/>
    <motionState vehicle="8" speed="2480" time="5010" acceleration="2275"/>
    <motionState vehicle="9" speed="2690" time="5010" acceleration="2034"/>
    <motionState vehicle="10" speed="2869" time="5010" acceleration="1143"/>
    <motionState vehicle="11" speed="2954" time="5010" acceleration="40"/>
    <motionState vehicle="0" speed="2926" time="5020" acceleration="-820"/>
    <motionState vehicle="1" speed="6634" time="5020" acceleration="9368"/>
    <motionState vehicle="2" speed="2772" time="5020" acceleration="-1103"/>
    <motionState vehicle="3" speed="2622" time="5020" acceleration="-1962"/>
    <motionState vehicle="4" speed="2392" time="5020" acceleration="-1199"/>
    <motionState vehicle="5" speed="6845" time="5020" acceleration="13636"/>
    <motionState vehicle="6" speed="2185" time="5020" acceleration="1361"/>
    <motionState vehicle="7" speed="2305" time="5020" acceleration="1932"/>
    <motionState vehicle="8" speed="2483" time="5020" acceleration="2271"/>
    <motionState vehicle="9" speed="2692" time="5020" acceleration="2023"/>
    <motionState vehicle="10" speed="2871" time="5020" acceleration="1130"/>
    <motionState vehicle="11" speed="2954" time="5020" acceleration="30"/>
    <motionState vehicle="0" speed="2925" time="5030" acceleration="-829"/>
    <motionState vehicle="1" speed="6644" time="5030" acceleration="9341"/>
    <motionState vehicle="2" speed="2771" time="5030" acceleration="-1115"/>
    <motionState vehicle="3" speed="2620" time="5030" acceleration="-1958"/>
    <motionState vehicle="4" speed="2391" time="5030" acceleration="-1184"/>
    <motionState vehicle="5" speed="6859" time="5030" acceleration="13636"/>
    <motionState vehicle="6" speed="2186" time="5030" acceleration="1365"/>
    <motionState vehicle="7" speed="2307" time="5030" acceleration="1933"/>
    <motionState vehicle="8" speed="2485" time="5030" acceleration="2267"/>
    <motionState vehicle="9" speed="2694" time="5030" acceleration="2013"/>
    <motionState vehicle="10" speed="2872" time="5030" acceleration="1117"/>
    <motionState vehicle="11" speed="2954" time="5030" acceleration="19"/>
    <motionState vehicle="0" speed="2924" time="5040" acceleration="-838"/>
    <motionState vehicle="1" speed="6653" time="5040" acceleration="9314"/>
    <motionState vehicle="2" speed="2770" time="5040" acceleration="-1126"/>
    <motionState vehicle="3" speed="2618" time="5040" acceleration="-1954"/>
    <motionState vehicle="4" speed="2390" time="5040" acceleration="-1169"/>
    <motionState vehicle="5" speed="6873" time="5040" acceleration="13636"/>
    <motionState vehicle="6" speed="2187" time="5040" acceleration="1368"/>
    <motionState vehicle="7" speed="2309" time="5040" acceleration="1935"/>
    <motionState vehicle="8" speed="2487" time="5040" acceleration="2263"/>
    <motionState vehicle="9" speed="2696" time="5040" acceleration="2003"/>
    <motionState vehicle="10" speed="2873" time="5040" acceleration="1105"/>
    <motionState vehicle="11" speed="2954" time="5040" acceleration="9"/>
    <motionState vehicle="0" speed="2924" time="5050" acceleration="-847"/>
    <motionState vehicle="1" speed="6662" time="5050" acceleration="9289"/>
    <motionState vehicle="2" speed="2769" time="5050" acceleration="-1137"/>
    <motionState vehicle="3" speed="2616" time="5050" acceleration="-1950"/>
    <motionState vehicle="4" speed="2389" time="5050" acceleration="-1153"/>
    <motionState vehicle="5" speed="6886" time="5050" acceleration="13636"/>
    <motionState vehicle="6" speed="2189" time="5050" acceleration="1372"/>
    <motionState vehicle="7" speed="2311" time="5050" acceleration="1936"/>
    <motionState vehicle="8" speed="2490" time="5050" acceleration="2259"/>
    <motionState vehicle="9" speed="2698" time="5050" acceleration="1993"/>
    <motionState vehicle="10" speed="2874" time="5050" acceleration="1092"/>
    <motionState vehicle="11" speed="2954" time="5050" acceleration="-1"/>
    <motionState vehicle="0" speed="2923" time="5060" acceleration="-856"/>
    <motionState vehicle="1" speed="6672" time="5060" acceleration="9264"/>
    <motionState vehicle="2" speed="2768" time="5060" acceleration="-1148"/>
    <motionState vehicle="3" speed="2614" time="5060" acceleration="-1945"/>
    <motionState vehicle="4" speed="2387" time="5060" acceleration="-1138"/>
    <motionState vehicle="5" speed="6900" time="5060" acceleration="13636"/>
    <motionState vehicle="6" speed="2190" time="5060" acceleration="1376"/>
    <motionState vehicle="7" speed="2313" time="5060" acceleration="1938"/>
    <motionState vehicle="8" speed="2492" time="5060" acceleration="2255"/>
    <motionState vehicle="9" speed="2700" time="5060" acceleration="1982"/>
    <motionState vehicle="10" speed="2875" time="5060" acceleration="1080"/>
    <motionState vehicle="11" speed="2954" time="5060" acceleration="-11"/>
    <motionState vehicle="0" speed="2922" time="5070" acceleration="-865"/>
    <motionState vehicle="1" speed="6681" time="5070" acceleration="9241"/>
    <motionState vehicle="2" speed="2767" time="5070" acceleration="-1159"/>
    <motionState vehicle="3" speed="2612" time="5070" acceleration="-1941"/>
    <motionState vehicle="4" speed="2386" time="5070" acceleration="-1123"/>
    <motionState vehicle="5" speed="6914" time="5070" acceleration="13636"/>
    <motionState vehicle="6" speed="2192" time="5070" acceleration="1380"/>
    <motionState vehicle="7" speed="2315" time="5070" acceleration="1940"/>
    <motionState vehicle="8" speed="2494" time="5070" acceleration="2251"/>
    <motionState vehicle="9" speed="2702" time="5070" acceleration="1972"/>
    <motionState vehicle="10" speed="2876" time="5070" acceleration="1067"/>
    <motionState vehicle="11" speed="2954" time="5070" acceleration="-22"/>
    <motionState vehicle="0" speed="2921" time="5080" acceleration="-874"/>
    <motionState vehicle="1" speed="6690" time="5080" acceleration="9218"/>
    <motionState vehicle="2" speed="2765" time="5080" acceleration="-1169"/>
    <motionState vehicle="3" speed="2610" time="5080" acceleration="-1936"/>
    <motionState vehicle="4" speed="2385" time="5080" acceleration="-1108"/>
    <motionState vehicle="5" speed="6927" time="5080" acceleration="13636"/>
    <motionState vehicle="6" speed="2193" time="5080" acceleration="1383"/>
    <motionState vehicle="7" speed="2317" time="5080" acceleration="1941"/>
    <motionState vehicle="8" speed="2496" time="5080" acceleration="2247"/>
    <motionState vehicle="9" speed="2704" time="5080" acceleration="1962"/>
    <motionState vehicle="10" speed="2877" time="5080" acceleration="1055"/>
    <motionState vehicle="11" speed="2954" time="5080" acceleration="-32"/>
    <motionState vehicle="0" speed="2920" time="5090" acceleration="-883"/>
    <motionState vehicle="1" speed="6699" time="5090" acceleration="9196"/>
    <motionState vehicle="2" speed="2764" time="5090" acceleration="-1180"/>
    <motionState vehicle="3" speed="2608" time="5090" acceleration="-1932"/>
    <motionState vehicle="4" speed="2384" time="5090" acceleration="-1092"/>
    <motionState vehicle="5" speed="6941" time="5090" acceleration="13636"/>
    <motionState vehicle="6" speed="2194" time="5090" acceleration="1387"/>
    <motionState vehicle="7" speed="2319" time="5090" acceleration="1943"/>
    <motionState vehicle="8" speed="2499" time="5090" acceleration="2243"/>
    <motionState vehicle="9" speed="2706" time="5090" acceleration="1951"/>
    <motionState vehicle="10" speed="2878" time="5090" acceleration="1042"/>
    <motionState vehicle="11" speed="2954" time="5090" acceleration="-43"/>
    <motionState vehicle="0" speed="2919" time="5100" acceleration="-892"/>
    <motionState vehicle="1" speed="6708" time="5100" acceleration="9175"/>
    <motionState vehicle="2" speed="2763" time="5100" acceleration="-1190"/>
    <motionState vehicle="3" speed="2606" time="5100" acceleration="-1927"/>
    <motionState vehicle="4" speed="2383" time="5100" acceleration="-1077"/>
    <motionState vehicle="5" speed="6955" time="5100" acceleration="13636"/>
    <motionState vehicle="6" speed="2196" time="5100" acceleration="1391"/>
    <motionState vehicle="7" speed="2321" time="5100" acceleration="1944"/>
    <motionState vehicle="8" speed="2501" time="5100" acceleration="2239"/>
    <motionState vehicle="9" speed="2708" time="5100" acceleration="1941"/>
    <motionState vehicle="10" speed="2879" time="5100" acceleration="1030"/>
    <motionState vehicle="11" speed="2954" time="5100" acceleration="-53"/>
    <motionState vehicle="0" speed="2918" time="5110" acceleration="-901"/>
    <motionState vehicle="1" speed="6718" time="5110" acceleration="9154"/>
    <motionState vehicle="2" speed="2762" time="5110" acceleration="-1200"/>
    <motionState vehicle="3" speed="2605" time="5110" acceleration="-1922"/>
    <motionState vehicle="4" speed="2382" time="5110" acceleration="-1062"/>
    <motionState vehicle="5" speed="6968" time="5110" acceleration="13636"/>
    <motionState vehicle="6" speed="2197" time="5110" acceleration="1395"/>
    <motionState vehicle="7" speed="2322" time="5110" acceleration="1945"/>
    <motionState vehicle="8" speed="2503" time="5110" acceleration="2234"/>
    <motionState vehicle="9" speed="2710" time="5110" acceleration="1931"/>
    <motionState vehicle="10" speed="2880" time="5110" acceleration="1017"/>
    <motionState vehicle="11" speed="2954" time="5110" acceleration="-63"/>
    <motionState vehicle="0" speed="2917" time="5120" acceleration="-909"/>
    <motionState vehicle="1" speed="6727" time="5120" acceleration="9134"/>
    <motionState vehicle="2" speed="2761" time="5120" acceleration="-1210"/>
    <motionState vehicle="3" speed="2603" time="5120" acceleration="-1917"/>
    <motionState vehicle="4" speed="2381" time="5120" acceleration="-1047"/>
    <motionState vehicle="5" speed="6982" time="5120" acceleration="13636"/>
    <motionState vehicle="6" speed="2198" time="5120" acceleration="1398"/>
    <motionState vehicle="7" speed="2324" time="5120" acceleration="1947"/>
    <motionState vehicle="8" speed="2505" time="5120" acceleration="2230"/>
    <motionState vehicle="9" speed="2712" time="5120" acceleration="1920"/>
    <motionState vehicle="10" speed="2881" time="5120" acceleration="1005"/>
    <motionState vehicle="11" speed="2954" time="5120" acceleration="-73"/>
    <motionState vehicle="0" speed="2916" time="5130" acceleration="-918"/>
    <motionState vehicle="1" speed="6736" time="5130" acceleration="9115"/>
    <motionState vehicle="2" speed="2759" time="5130" acceleration="-1220"/>
    <motionState vehicle="3" speed="2601" time="5130" acceleration="-1912"/>
    <motionState vehicle="4" speed="2380" time="5130" acceleration="-1031"/>
    <motionState vehicle="5" speed="6995" time="5130" acceleration="13636"/>
    <motionState vehicle="6" speed="2200" time="5130" acceleration="1402"/>
    <motionState vehicle="7" speed="2326" time="5130" acceleration="1948"/>
    <motionState vehicle="8" speed="2507" time="5130" acceleration="2226"/>
    <motionState vehicle="9" speed="2713" time="5130" acceleration="1910"/>
    <motionState vehicle="10" speed="2882" time="5130" acceleration="993"/>
    <motionState vehicle="11" speed="2954" time="5130" acceleration="-84"/>
    <motionState vehicle="0" speed="2916" time="5140" acceleration="-927"/>
    <motionState vehicle="1" speed="6745" time="5140" acceleration="9097"/>
    <motionState vehicle="2" speed="2758" time="5140" acceleration="-1229"/>
    <motionState vehicle="3" speed="2599" time="5140" acceleration="-1906"/>
    <motionState vehicle="4" speed="2379" time="5140" acceleration="-1016"/>
    <motionState vehicle="5" speed="7009" time="5140" acceleration="13636"/>
    <motionState vehicle="6" speed="2201" time="5140" acceleration="1406"/>
    <motionState vehicle="7" speed="2328" time="5140" acceleration="1949"/>
    <motionState vehicle="8" speed="2510" time="5140" acceleration="2221"/>
    <motionState vehicle="9" speed="2715" time="5140" acceleration="1900"/>
    <motionState vehicle="10" speed="2883" time="5140" acceleration="980"/>
    <motionState vehicle="11" speed="2954" time="5140" acceleration="-94"/>
    <motionState vehicle="0" speed="2915" time="5150" acceleration="-935"/>
    <motionState vehicle="1" speed="6754" time="5150" acceleration="9080"/>
    <motionState vehicle="2" speed="2757" time="5150" acceleration="-1239"/>
    <motionState vehicle="3" speed="2597" time="5150" acceleration="-1901"/>
    <motionState vehicle="4" speed="2378" time="5150" acceleration="-1001"/>
    <motionState vehicle="5" speed="7023" time="5150" acceleration="13636"/>
    <motionState vehicle="6" speed="2203" time="5150" acceleration="1409"/>
    <motionState vehicle="7" speed="2330" time="5150" acceleration="1951"/>
    <motionState vehicle="8" speed="2512" time="5150" acceleration="2217"/>
    <motionState vehicle="9" speed="2717" time="5150" acceleration="1889"/>
    <motionState vehicle="10" speed="2884" time="5150" acceleration="968"/>
    <motionState vehicle="11" speed="2954" time="5150" acceleration="-104"/>
    <motionState vehicle="0" speed="2914" time="5160" acceleration="-944"/>
    <motionState vehicle="1" speed="6763" time="5160" acceleration="9063"/>
    <motionState vehicle="2" speed="2756" time="5160" acceleration="-1248"/>
    <motionState vehicle="3" speed="2595" time="5160" acceleration="-1895"/>
    <motionState vehicle="4" speed="2377" time="5160" acceleration="-986"/>
    <motionState vehicle="5" speed="7036" time="5160" acceleration="13636"/>
    <motionState vehicle="6" speed="2204" time="5160" acceleration="1413"/>
    <motionState vehicle="7" speed="2332" time="5160" acceleration="1952"/>
    <motionState vehicle="8" speed="2514" time="5160" acceleration="2213"/>
    <motionState vehicle="9" speed="2719" time="5160" acceleration="1879"/>
    <motionState vehicle="10" speed="2885" time="5160" acceleration="956"/>
    <motionState vehicle="11" speed="2953" time="5160" acceleration="-114"/>
    <motionState vehicle="0" speed="2913" time="5170" acceleration="-952"/>
    <motionState vehicle="1" speed="6772" time="5170" acceleration="9047"/>
    <motionState vehicle="2" speed="2754" time="5170" acceleration="-1257"/>
    <motionState vehicle="3" speed="2593" time="5170" acceleration="-1890"/>
    <motionState vehicle="4" speed="2376" time="5170" acceleration="-971"/>
    <motionState vehicle="5" speed="7050" time="5170" acceleration="13636"/>
    <motionState vehicle="6" speed="2206" time="5170" acceleration="1417"/>
    <motionState vehicle="7" speed="2334" time="5170" acceleration="1953"/>
    <motionState vehicle="8" speed="2516" time="5170" acceleration="2208"/>
    <motionState vehicle="9" speed="2721" time="5170" acceleration="1868"/>
    <motionState vehicle="10" speed="2886" time="5170" acceleration="943"/>
    <motionState vehicle="11" speed="2953" time="5170" acceleration="-124"/>
    <motionState vehicle="0" speed="2912" time="5180" acceleration="-961"/>
    <motionState vehicle="1" speed="6781" time="5180" acceleration="9032"/>
    <motionState vehicle="2" speed="2753" time="5180" acceleration="-1266"/>
    <motionState vehicle="3" speed="2591" time="5180" acceleration="-1884"/>
    <motionState vehicle="4" speed="2375" time="5180" acceleration="-956"/>
    <motionState vehicle="5" speed="7064" time="5180" acceleration="13636"/>
    <motionState vehicle="6" speed="2207" time="5180" acceleration="1420"/>
    <motionState vehicle="7" speed="2336" time="5180" acceleration="1954"/>
    <motionState vehicle="8" speed="2519" time="5180" acceleration="2203"/>
    <motionState vehicle="9" speed="2723" time="5180" acceleration="1858"/>
    <motionState vehicle="10" speed="2887" time="5180" acceleration="931"/>
    <motionState vehicle="11" speed="2953" time="5180" acceleration="-134"/>
    <motionState vehicle="0" speed="2911" time="5190" acceleration="-969"/>
    <motionState vehicle="1" speed="6790" time="5190" acceleration="9017"/>
    <motionState vehicle="2" speed="2752" time="5190" acceleration="-1275"/>
    <motionState vehicle="3" speed="2589" time="5190" acceleration="-1878"/>
    <motionState vehicle="4" speed="2374" time="5190" acceleration="-941"/>
    <motionState vehicle="5" speed="7077" time="5190" acceleration="13636"/>
    <motionState vehicle="6" speed="2208" time="5190" acceleration="1424"/>
    <motionState vehicle="7" speed="2338" time="5190" acceleration="1955"/>
    <motionState vehicle="8" speed="2521" time="5190" acceleration="2199"/>
    <motionState vehicle="9" speed="2725" time="5190" acceleration="1848"/>
    <motionState vehicle="10" speed="2888" time="5190" acceleration="919"/>
    <motionState vehicle="11" speed="2953" time="5190" acceleration="-144"/>
    <motionState vehicle="0" speed="2910" time="5200" acceleration="-978"/>
    <motionState vehicle="1" speed="6799" time="5200" acceleration="9004"/>
    <motionState vehicle="2" speed="2751" time="5200" acceleration="-1284"/>
    <motionState vehicle="3" speed="2587" time="5200" acceleration="-1872"/>
    <motionState vehicle="4" speed="2373" time="5200" acceleration="-926"/>
    <motionState vehicle="5" speed="7091" time="5200" acceleration="13636"/>
    <motionState vehicle="6" speed="2210" time="5200" acceleration="1428"/>
    <motionState vehicle="7" speed="2340" time="5200" acceleration="1956"/>
    <motionState vehicle="8" speed="2523" time="5200" acceleration="2194"/>
    <motionState vehicle="9" speed="2727" time="5200" acceleration="1837"/>
    <motionState vehicle="10" speed="2889" time="5200" acceleration="907"/>
    <motionState vehicle="11" speed="2953" time="5200" acceleration="-155"/>
    <motionState vehicle="0" speed="2909" time="5210" acceleration="-986"/>
    <motionState vehicle="1" speed="6808" time="5210" acceleration="8990"/>
    <motionState vehicle="2" speed="2749" time="5210" acceleration="-1292"/>
    <motionState vehicle="3" speed="2586" time="5210" acceleration="-1866"/>
    <motionState vehicle="4" speed="2372" time="5210" acceleration="-911"/>
    <motionState vehicle="5" speed="7105" time="5210" acceleration="13636"/>
    <motionState vehicle="6" speed="2211" time="5210" acceleration="1431"/>
    <motionState vehicle="7" speed="2342" time="5210" acceleration="1957"/>
    <motionState vehicle="8" speed="2525" time="5210" acceleration="2190"/>
    <motionState vehicle="9" speed="2728" time="5210" acceleration="1827"/>
    <motionState vehicle="10" speed="2890" time="5210" acceleration="895"/>
    <motionState vehicle="11" speed="2953" time="5210" acceleration="-165"/>
    <motionState vehicle="0" speed="2908" time="5220" acceleration="-994"/>
    <motionState vehicle="1" speed="6817" time="5220" acceleration="8978"/>
    <motionState vehicle="2" speed="2748" time="5220" acceleration="-1301"/>
    <motionState vehicle="3" speed="2584" time="5220" acceleration="-1860"/>
    <motionState vehicle="4" speed="2371" time="5220" acceleration="-896"/>
    <motionState vehicle="5" speed="7118" time="5220" acceleration="13636"/>
    <motionState vehicle="6" speed="2213" time="5220" acceleration="1435"/>
    <motionState vehicle="7" speed="2344" time="5220" acceleration="1958"/>
    <motionState vehicle="8" speed="2527" time="5220" acceleration="2185"/>
    <motionState vehicle="9" speed="2730" time="5220" acceleration="1816"/>
    <motionState vehicle="10" speed="2891" time="5220" acceleration="883"/>
    <motionState vehicle="11" speed="2953" time="5220" acceleration="-174"/>
    <motionState vehicle="0" speed="2907" time="5230" acceleration="-1003"/>
    <motionState vehicle="1" speed="6826" time="5230" acceleration="8966"/>
    <motionState vehicle="2" speed="2747" time="5230" acceleration="-1309"/>
    <motionState vehicle="3" speed="2582" time="5230" acceleration="-1853"/>
    <motionState vehicle="4" speed="2370" time="5230" acceleration="-881"/>
    <motionState vehicle="5" speed="7132" time="5230" acceleration="13636"/>
    <motionState vehicle="6" speed="2214" time="5230" acceleration="1439"/>
    <motionState vehicle="7" speed="2346" time="5230" acceleration="1959"/>
    <motionState vehicle="8" speed="2529" time="5230" acceleration="2180"/>
    <motionState vehicle="9" speed="2732" time="5230" acceleration="1806"/>
    <motionState vehicle="10" speed="2891" time="5230" acceleration="871"/>
    <motionState vehicle="11" speed="2952" time="5230" acceleration="-184"/>
    <motionState vehicle="0" speed="2906" time="5240" acceleration="-1011"/>
    <motionState vehicle="1" speed="6835" time="5240" acceleration="8955"/>
    <motionState vehicle="2" speed="2745" time="5240" acceleration="-1317"/>
    <motionState vehicle="3" speed="2580" time="5240" acceleration="-1847"/>
    <motionState vehicle="4" speed="2369" time="5240" acceleration="-866"/>
    <motionState vehicle="5" speed="7145" time="5240" acceleration="13636"/>
    <motionState vehicle="6" speed="2216" time="5240" acceleration="1442"/>
    <motionState vehicle="7" speed="2348" time="5240" acceleration="1960"/>
    <motionState vehicle="8" speed="2532" time="5240" acceleration="2175"/>
    <motionState vehicle="9" speed="2734" time="5240" acceleration="1796"/>
    <motionState vehicle="10" speed="2892" time="5240" acceleration="859"/>
    <motionState vehicle="11" speed="2952" time="5240" acceleration="-194"/>
    <motionState vehicle="0" speed="2905" time="5250" acceleration="-1019"/>
    <motionState vehicle="1" speed="6844" time="5250" acceleration="8944"/>
    <motionState vehicle="2" speed="2744" time="5250" acceleration="-1325"/>
    <motionState vehicle="3" speed="2578" time="5250" acceleration="-1840"/>
    <motionState vehicle="4" speed="2369" time="5250" acceleration="-851"/>
    <motionState vehicle="5" speed="7159" time="5250" acceleration="13636"/>
    <motionState vehicle="6" speed="2217" time="5250" acceleration="1446"/>
    <motionState vehicle="7" speed="2350" time="5250" acceleration="1961"/>
    <motionState vehicle="8" speed="2534" time="5250" acceleration="2170"/>
    <motionState vehicle="9" speed="2736" time="5250" acceleration="1785"/>
    <motionState vehicle="10" speed="2893" time="5250" acceleration="847"/>
    <motionState vehicle="11" speed="2952" time="5250" acceleration="-204"/>
    <motionState vehicle="0" speed="2904" time="5260" acceleration="-1027"/>
    <motionState vehicle="1" speed="6853" time="5260" acceleration="8934"/>
    <motionState vehicle="2" speed="2743" time="5260" acceleration="-1332"/>
    <motionState vehicle="3" speed="2576" time="5260" acceleration="-1834"/>
    <motionState vehicle="4" speed="2368" time="5260" acceleration="-836"/>
    <motionState vehicle="5" speed="7173" time="5260" acceleration="13636"/>
    <motionState vehicle="6" speed="2218" time="5260" acceleration="1450"/>
    <motionState vehicle="7" speed="2352" time="5260" acceleration="1962"/>
    <motionState vehicle="8" speed="2536" time="5260" acceleration="2165"/>
    <motionState vehicle="9" speed="2737" time="5260" acceleration="1775"/>
    <motionState vehicle="10" speed="2894" time="5260" acceleration="835"/>
    <motionState vehicle="11" speed="2952" time="5260" acceleration="-214"/>
    <motionState vehicle="0" speed="2903" time="5270" acceleration="-1035"/>
    <motionState vehicle="1" speed="6862" time="5270" acceleration="8925"/>
    <motionState vehicle="2" speed="2741" time="5270" acceleration="-1340"/>
    <motionState vehicle="3" speed="2575" time="5270" acceleration="-1827"/>
    <motionState vehicle="4" speed="2367" time="5270" acceleration="-821"/>
    <motionState vehicle="5" speed="7186" time="5270" acceleration="13636"/>
    <motionState vehicle="6" speed="2220" time="5270" acceleration="1453"/>
    <motionState vehicle="7" speed="2354" time="5270" acceleration="1962"/>
    <motionState vehicle="8" speed="2538" time="5270" acceleration="2161"/>
    <motionState vehicle="9" speed="2739" time="5270" acceleration="1764"/>
    <motionState vehicle="10" speed="2895" time="5270" acceleration="823"/>
    <motionState vehicle="11" speed="2952" time="5270" acceleration="-224"/>
    <motionState vehicle="0" speed="2902" time="5280" acceleration="-1043"/>
    <motionState vehicle="1" speed="6871" time="5280" acceleration="8916"/>
    <motionState vehicle="2" speed="2740" time="5280" acceleration="-1347"/>
    <motionState vehicle="3" speed="2573" time="5280" acceleration="-1820"/>
    <motionState vehicle="4" speed="2366" time="5280" acceleration="-807"/>
    <motionState vehicle="5" speed="7200" time="5280" acceleration="13636"/>
    <motionState vehicle="6" speed="2221" time="5280" acceleration="1457"/>
    <motionState vehicle="7" speed="2356" time="5280" acceleration="1963"/>
    <motionState vehicle="8" speed="2540" time="5280" acceleration="2156"/>
    <motionState vehicle="9" speed="2741" time="5280" acceleration="1754"/>
    <motionState vehicle="10" speed="2896" time="5280" acceleration="811"/>
    <motionState vehicle="11" speed="2951" time="5280" acceleration="-234"/>
    <motionState vehicle="0" speed="2901" time="5290" acceleration="-1051"/>
    <motionState vehicle="1" speed="6880" time="5290" acceleration="8908"/>
    <motionState vehicle="2" speed="2739" time="5290" acceleration="-1355"/>
    <motionState vehicle="3" speed="2571" time="5290" acceleration="-1813"/>
    <motionState vehicle="4" speed="2365" time="5290" acceleration="-792"/>
    <motionState vehicle="5" speed="7214" time="5290" acceleration="13636"/>
    <motionState vehicle="6" speed="2223" time="5290" acceleration="1460"/>
    <motionState vehicle="7" speed="2358" time="5290" acceleration="1964"/>
    <motionState vehicle="8" speed="2542" time="5290" acceleration="2151"/>
    <motionState vehicle="9" speed="2743" time="5290" acceleration="1743"/>
    <motionState vehicle="10" speed="2896" time="5290" acceleration="800"/>
    <motionState vehicle="11" speed="2951" time="5290" acceleration="-243"/>
    <motionState vehicle="0" speed="2900" time="5300" acceleration="-1059"/>
    <motionState vehicle="1" speed="6889" time="5300" acceleration="8900"/>
    <motionState vehicle="2" speed="2737" time="5300" acceleration="-1362"/>
    <motionState vehicle="3" speed="2569" time="5300" acceleration="-1806"/>
    <motionState vehicle="4" speed="2365" time="5300" acceleration="-777"/>
    <motionState vehicle="5" speed="7227" time="5300" acceleration="13636"/>
    <motionState vehicle="6" speed="2224" time="5300" acceleration="1464"/>
    <motionState vehicle="7" speed="2360" time="5300" acceleration="1964"/>
    <motionState vehicle="8" speed="2545" time="5300" acceleration="2146"/>
    <motionState vehicle="9" speed="2744" time="5300" acceleration="1733"/>
    <motionState vehicle="10" speed="2897" time="5300" acceleration="788"/>
    <motionState vehicle="11" speed="2951" time="5300" acceleration="-253"/>
    <motionState vehicle="0" speed="2898" time="5310" acceleration="-1067"/>
    <motionState vehicle="1" speed="6897" time="5310" acceleration="8893"/>
    <motionState vehicle="2" speed="2736" time="5310" acceleration="-1369"/>
    <motionState vehicle="3" speed="2567" time="5310" acceleration="-1799"/>
    <motionState vehicle="4" speed="2364" time="5310" acceleration="-762"/>
    <motionState vehicle="5" speed="7241" time="5310" acceleration="13636"/>
    <motionState vehicle="6" speed="2226" time="5310" acceleration="1467"/>
    <motionState vehicle="7" speed="2362" time="5310" acceleration="1965"/>
    <motionState vehicle="8" speed="2547" time="5310" acceleration="2140"/>
    <motionState vehicle="9" speed="2746" time="5310" acceleration="1723"/>
    <motionState vehicle="10" speed="2898" time="5310" acceleration="776"/>
    <motionState vehicle="11" speed="2951" time="5310" acceleration="-263"/>
    <motionState vehicle="0" speed="2897" time="5320" acceleration="-1075"/>
    <motionState vehicle="1" speed="6906" time="5320" acceleration="8886"/>
    <motionState vehicle="2" speed="2735" time="5320" acceleration="-1375"/>
    <motionState vehicle="3" speed="2566" time="5320" acceleration="-1791"/>
    <motionState vehicle="4" speed="2363" time="5320" acceleration="-748"/>
    <motionState vehicle="5" speed="7255" time="5320" acceleration="13636"/>
    <motionState vehicle="6" speed="2227" time="5320" acceleration="1471"/>
    <motionState vehicle="7" speed="2364" time="5320" acceleration="1966"/>
    <motionState vehicle="8" speed="2549" time="5320" acceleration="2135"/>
    <motionState vehicle="9" speed="2748" time="5320" acceleration="1712"/>
    <motionState vehicle="10" speed="2899" time="5320" acceleration="764"/>
    <motionState vehicle="11" speed="2950" time="5320" acceleration="-272"/>
    <motionState vehicle="0" speed="2896" time="5330" acceleration="-1083"/>
    <motionState vehicle="1" speed="6915" time="5330" acceleration="8880"/>
    <motionState vehicle="2" speed="2733" time="5330" acceleration="-1382"/>
    <motionState vehicle="3" speed="2564" time="5330" acceleration="-1784"/>
    <motionState vehicle="4" speed="2362" time="5330" acceleration="-733"/>
    <motionState vehicle="5" speed="7268" time="5330" acceleration="13636"/>
    <motionState vehicle="6" speed="2229" time="5330" acceleration="1475"/>
    <motionState vehicle="7" speed="2366" time="5330" acceleration="1966"/>
    <motionState vehicle="8" speed="2551" time="5330" acceleration="2130"/>
    <motionState vehicle="9" speed="2749" time="5330" acceleration="1702"/>
    <motionState vehicle="10" speed="2899" time="5330" acceleration="753"/>
    <motionState vehicle="11" speed="2950" time="5330" acceleration="-282"/>
    <motionState vehicle="0" speed="2895" time="5340" acceleration="-1090"/>
    <motionState vehicle="1" speed="6924" time="5340" acceleration="8875"/>
    <motionState vehicle="2" speed="2732" time="5340" acceleration="-1388"/>
    <motionState vehicle="3" speed="2562" time="5340" acceleration="-1777"/>
    <motionState vehicle="4" speed="2362" time="5340" acceleration="-718"/>
    <motionState vehicle="5" speed="7282" time="5340" acceleration="13636"/>
    <motionState vehicle="6" speed="2230" time="5340" acceleration="1478"/>
    <motionState vehicle="7" speed="2367" time="5340" acceleration="1967"/>
    <motionState vehicle="8" speed="2553" time="5340" acceleration="2125"/>
    <motionState vehicle="9" speed="2751" time="5340" acceleration="1691"/>
    <motionState vehicle="10" speed="2900" time="5340" acceleration="741"/>
    <motionState vehicle="11" speed="2950" time="5340" acceleration="-292"/>
    <motionState vehicle="0" speed="2894" time="5350" acceleration="-1098"/>
    <motionState vehicle="1" speed="6933" time="5350" acceleration="8870"/>
    <motionState vehicle="2" speed="2730" time="5350" acceleration="-1395"/>
    <motionState vehicle="3" speed="2560" time="5350" acceleration="-1769"/>
    <motionState vehicle="4" speed="2361" time="5350" acceleration="-704"/>
    <motionState vehicle="5" speed="7295" time="5350" acceleration="13636"/>
    <motionState vehicle="6" speed="2232" time="5350" acceleration="1482"/>
    <motionState vehicle="7" speed="2369" time="5350" acceleration="1967"/>
    <motionState vehicle="8" speed="2555" time="5350" acceleration="2120"/>
    <motionState vehicle="9" speed="2753" time="5350" acceleration="1681"/>
    <motionState vehicle="10" speed="2901" time="5350" acceleration="729"/>
    <motionState vehicle="11" speed="2949" time="5350" acceleration="-301"/>
    <motionState vehicle="0" speed="2893" time="5360" acceleration="-1105"/>
    <motionState vehicle="1" speed="6942" time="5360" acceleration="8866"/>
    <motionState vehicle="2" speed="2729" time="5360" acceleration="-1401"/>
    <motionState vehicle="3" speed="2558" time="5360" acceleration="-1761"/>
    <motionState vehicle="4" speed="2360" time="5360" acceleration="-689"/>
    <motionState vehicle="5" speed="7309" time="5360" acceleration="13636"/>
    <motionState vehicle="6" speed="2233" time="5360" acceleration="1485"/>
    <motionState vehicle="7" speed="2371" time="5360" acceleration="1967"/>
    <motionState vehicle="8" speed="2557" time="5360" acceleration="2114"/>
    <motionState vehicle="9" speed="2754" time="5360" acceleration="1670"/>
    <motionState vehicle="10" speed="2902" time="5360" acceleration="718"/>
    <motionState vehicle="11" speed="2949" time="5360" acceleration="-311"/>
    <motionState vehicle="0" speed="2892" time="5370" acceleration="-1113"/>
    <motionState vehicle="1" speed="6951" time="5370" acceleration="8862"/>
    <motionState vehicle="2" speed="2728" time="5370" acceleration="-1407"/>
    <motionState vehicle="3" speed="2557" time="5370" acceleration="-1754"/>
    <motionState vehicle="4" speed="2360" time="5370" acceleration="-675"/>
    <motionState vehicle="5" speed="7323" time="5370" acceleration="13636"/>
    <motionState vehicle="6" speed="2235" time="5370" acceleration="1488"/>
    <motionState vehicle="7" speed="2373" time="5370" acceleration="1968"/>
    <motionState vehicle="8" speed="2559" time="5370" acceleration="2109"/>
    <motionState vehicle="9" speed="2756" time="5370" acceleration="1660"/>
    <motionState vehicle="10" speed="2902" time="5370" acceleration="706"/>
    <motionState vehicle="11" speed="2949" time="5370" acceleration="-320"/>
    <motionState vehicle="0" speed="2891" time="5380" acceleration="-1120"/>
    <motionState vehicle="1" speed="6960" time="5380" acceleration="8859"/>
    <motionState vehicle="2" speed="2726" time="5380" acceleration="-1413"/>
    <motionState vehicle="3" speed="2555" time="5380" acceleration="-1746"/>
    <motionState vehicle="4" speed="2359" time="5380" acceleration="-660"/>
    <motionState vehicle="5" speed="7336" time="5380" acceleration="13636"/>
    <motionState vehicle="6" speed="2236" time="5380" acceleration="1492"/>
    <motionState vehicle="7" speed="2375" time="5380" acceleration="1968"/>
    <motionState vehicle="8" speed="2562" time="5380" acceleration="2104"/>
    <motionState vehicle="9" speed="2758" time="5380" acceleration="1649"/>
    <motionState vehicle="10" speed="2903" time="5380" acceleration="695"/>
    <motionState vehicle="11" speed="2948" time="5380" acceleration="-330"/>
    <motionState vehicle="0" speed="2890" time="5390" acceleration="-1128"/>
    <motionState vehicle="1" speed="6968" time="5390" acceleration="8856"/>
    <motionState vehicle="2" speed="2725" time="5390" acceleration="-1419"/>
    <motionState vehicle="3" speed="2553" time="5390" acceleration="-1738"/>
    <motionState vehicle="4" speed="2358" time="5390" acceleration="-646"/>
    <motionState vehicle="5" speed="7350" time="5390" acceleration="13636"/>
    <motionState vehicle="6" speed="2238" time="5390" acceleration="1495"/>
    <motionState vehicle="7" speed="2377" time="5390" acceleration="1968"/>
    <motionState vehicle="8" speed="2564" time="5390" acceleration="2098"/>
    <motionState vehicle="9" speed="2759" time="5390" acceleration="1639"/>
    <motionState vehicle="10" speed="2904" time="5390" acceleration="683"/>
    <motionState vehicle="11" speed="2948" time="5390" acceleration="-339"/>
    <motionState vehicle="0" speed="2888" time="5400" acceleration="-1135"/>
    <motionState vehicle="1" speed="6977" time="5400" acceleration="8853"/>
    <motionState vehicle="2" speed="2723" time="5400" acceleration="-1424"/>
    <motionState vehicle="3" speed="2551" time="5400" acceleration="-1730"/>
    <motionState vehicle="4" speed="2358" time="5400" acceleration="-632"/>
    <motionState vehicle="5" speed="7364" time="5400" acceleration="13636"/>
    <motionState vehicle="6" speed="2239" time="5400" acceleration="1499"/>
    <motionState vehicle="7" speed="2379" time="5400" acceleration="1969"/>
    <motionState vehicle="8" speed="2566" time="5400" acceleration="2093"/>
    <motionState vehicle="9" speed="2761" time="5400" acceleration="1628"/>
    <motionState vehicle="10" speed="2904" time="5400" acceleration="672"/>
    <motionState vehicle="11" speed="2948" time="5400" acceleration="-348"/>
    <motionState vehicle="0" speed="2887" time="5410" acceleration="-1143"/>
    <motionState vehicle="1" speed="6986" time="5410" acceleration="8852"/>
    <motionState vehicle="2" speed="2722" time="5410" acceleration="-1430"/>
    <motionState vehicle="3" speed="2550" time="5410" acceleration="-1722"/>
    <motionState vehicle="4" speed="2357" time="5410" acceleration="-617"/>
    <motionState vehicle="5" speed="7377" time="5410" acceleration="13636"/>
    <motionState vehicle="6" speed="2241" time="5410" acceleration="1502"/>
    <motionState vehicle="7" speed="2381" time="5410" acceleration="1969"/>
    <motionState vehicle="8" speed="2568" time="5410" acceleration="2087"/>
    <motionState vehicle="9" speed="2763" time="5410" acceleration="1618"/>
    <motionState vehicle="10" speed="2905" time="5410" acceleration="660"/>
    <motionState vehicle="11" speed="2947" time="5410" acceleration="-358"/>
    <motionState vehicle="0" speed="2886" time="5420" acceleration="-1150"/>
    <motionState vehicle="1" speed="6995" time="5420" acceleration="8850"/>
    <motionState vehicle="2" speed="2720" time="5420" acceleration="-1435"/>
    <motionState vehicle="3" speed="2548" time="5420" acceleration="-1714"/>
    <motionState vehicle="4" speed="2356" time="5420" acceleration="-603"/>
    <motionState vehicle="5" speed="7391" time="5420" acceleration="13636"/>
    <motionState vehicle="6" speed="2242" time="5420" acceleration="1505"/>
    <motionState vehicle="7" speed="2383" time="5420" acceleration="1969"/>
    <motionState vehicle="8" speed="2570" time="5420" acceleration="2082"/>
    <motionState vehicle="9" speed="2764" time="5420" acceleration="1607"/>
    <motionState vehicle="10" speed="2906" time="5420" acceleration="649"/>
    <motionState vehicle="11" speed="2947" time="5420" acceleration="-367"/>
    <motionState vehicle="0" speed="2885" time="5430" acceleration="-1157"/>
    <motionState vehicle="1" speed="7004" time="5430" acceleration="8849"/>
    <motionState vehicle="2" speed="2719" time="5430" acceleration="-1440"/>
    <motionState vehicle="3" speed="2546" time="5430" acceleration="-1705"/>
    <motionState vehicle="4" speed="2356" time="5430" acceleration="-589"/>
    <motionState vehicle="5" speed="7405" time="5430" acceleration="13636"/>
    <motionState vehicle="6" speed="2244" time="5430" acceleration="1509"/>
    <motionState vehicle="7" speed="2385" time="5430" acceleration="1969"/>
    <motionState vehicle="8" speed="2572" time="5430" acceleration="2076"/>
    <motionState vehicle="9" speed="2766" time="5430" acceleration="1597"/>
    <motionState vehicle="10" speed="2906" time="5430" acceleration="637"/>
    <motionState vehicle="11" speed="2947" time="5430" acceleration="-376"/>
    <motionState vehicle="0" speed="2884" time="5440" acceleration="-1164"/>
    <motionState vehicle="1" speed="7013" time="5440" acceleration="8849"/>
    <motionState vehicle="2" speed="2718" time="5440" acceleration="-1445"/>
    <motionState vehicle="3" speed="2545" time="5440" acceleration="-1697"/>
    <motionState vehicle="4" speed="2355" time="5440" acceleration="-574"/>
    <motionState vehicle="5" speed="7418" time="5440" acceleration="13636"/>
    <motionState vehicle="6" speed="2245" time="5440" acceleration="1512"/>
    <motionState vehicle="7" speed="2387" time="5440" acceleration="1969"/>
    <motionState vehicle="8" speed="2574" time="5440" acceleration="2071"/>
    <motionState vehicle="9" speed="2767" time="5440" acceleration="1586"/>
    <motionState vehicle="10" speed="2907" time="5440" acceleration="626"/>
    <motionState vehicle="11" speed="2946" time="5440" acceleration="-386"/>
    <motionState vehicle="0" speed="2883" time="5450" acceleration="-1171"/>
    <motionState vehicle="1" speed="7022" time="5450" acceleration="8849"/>
    <motionState vehicle="2" speed="2716" time="5450" acceleration="-1450"/>
    <motionState vehicle="3" speed="2543" time="5450" acceleration="-1689"/>
    <motionState vehicle="4" speed="2355" time="5450" acceleration="-560"/>
    <motionState vehicle="5" speed="7432" time="5450" acceleration="13636"/>
    <motionState vehicle="6" speed="2247" time="5450" acceleration="1515"/>
    <motionState vehicle="7" speed="2389" time="5450" acceleration="1969"/>
    <motionState vehicle="8" speed="2576" time="5450" acceleration="2065"/>
    <motionState vehicle="9" speed="2769" time="5450" acceleration="1576"/>
    <motionState vehicle="10" speed="2908" time="5450" acceleration="615"/>
    <motionState vehicle="11" speed="2946" time="5450" acceleration="-395"/>
    <motionState vehicle="0" speed="2882" time="5460" acceleration="-1178"/>
    <motionState vehicle="1" speed="7030" time="5460" acceleration="8849"/>
    <motionState vehicle="2" speed="2715" time="5460" acceleration="-1455"/>
    <motionState vehicle="3" speed="2541" time="5460" acceleration="-1680"/>
    <motionState vehicle="4" speed="2354" time="5460" acceleration="-546"/>
    <motionState vehicle="5" speed="7445" time="5460" acceleration="13636"/>
    <motionState vehicle="6" speed="2248" time="5460" acceleration="1519"/>
    <motionState vehicle="7" speed="2391" time="5460" acceleration="1969"/>
    <motionState vehicle="8" speed="2578" time="5460" acceleration="2059"/>
    <motionState vehicle="9" speed="2771" time="5460" acceleration="1566"/>
    <motionState vehicle="10" speed="2908" time="5460" acceleration="603"/>
    <motionState vehicle="11" speed="2945" time="5460" acceleration="-404"/>
    <motionState vehicle="0" speed="2880" time="5470" acceleration="-1185"/>
    <motionState vehicle="1" speed="7039" time="5470" acceleration="8850"/>
    <motionState vehicle="2" speed="2713" time="5470" acceleration="-1459"/>
    <motionState vehicle="3" speed="2540" time="5470" acceleration="-1671"/>
    <motionState vehicle="4" speed="2354" time="5470" acceleration="-532"/>
    <motionState vehicle="5" speed="7459" time="5470" acceleration="13636"/>
    <motionState vehicle="6" speed="2250" time="5470" acceleration="1522"/>
    <motionState vehicle="7" speed="2393" time="5470" acceleration="1969"/>
    <motionState vehicle="8" speed="2580" time="5470" acceleration="2054"/>
    <motionState vehicle="9" speed="2772" time="5470" acceleration="1555"/>
    <motionState vehicle="10" speed="2909" time="5470" acceleration="592"/>
    <motionState vehicle="11" speed="2945" time="5470" acceleration="-413"/>
    <motionState vehicle="0" speed="2879" time="5480" acceleration="-1192"/>
    <motionState vehicle="1" speed="7048" time="5480" acceleration="8851"/>
    <motionState vehicle="2" speed="2712" time="5480" acceleration="-1464"/>
    <motionState vehicle="3" speed="2538" time="5480" acceleration="-1663"/>
    <motionState vehicle="4" speed="2353" time="5480" acceleration="-518"/>
    <motionState vehicle="5" speed="7473" time="5480" acceleration="13636"/>
    <motionState vehicle="6" speed="2251" time="5480" acceleration="1525"/>
    <motionState vehicle="7" speed="2395" time="5480" acceleration="1969"/>
    <motionState vehicle="8" speed="2582" time="5480" acceleration="2048"/>
    <motionState vehicle="9" speed="2774" time="5480" acceleration="1545"/>
    <motionState vehicle="10" speed="2909" time="5480" acceleration="581"/>
    <motionState vehicle="11" speed="2945" time="5480" acceleration="-422"/>
    <motionState vehicle="0" speed="2878" time="5490" acceleration="-1199"/>
    <motionState vehicle="1" speed="7057" time="5490" acceleration="8853"/>
    <motionState vehicle="2" speed="2710" time="5490" acceleration="-1468"/>
    <motionState vehicle="3" speed="2536" time="5490" acceleration="-1654"/>
    <motionState vehicle="4" speed="2353" time="5490" acceleration="-504"/>
    <motionState vehicle="5" speed="7486" time="5490" acceleration="13636"/>
    <motionState vehicle="6" speed="2253" time="5490" acceleration="1529"/>
    <motionState vehicle="7" speed="2397" time="5490" acceleration="1969"/>
    <motionState vehicle="8" speed="2584" time="5490" acceleration="2042"/>
    <motionState vehicle="9" speed="2775" time="5490" acceleration="1534"/>
    <motionState vehicle="10" speed="2910" time="5490" acceleration="570"/>
    <motionState vehicle="11" speed="2944" time="5490" acceleration="-431"/>
    <motionState vehicle="0" speed="2877" time="5500" acceleration="-1206"/>
    <motionState vehicle="1" speed="7066" time="5500" acceleration="8855"/>
    <motionState vehicle="2" speed="2709" time="5500" acceleration="-1472"/>
    <motionState vehicle="3" speed="2535" time="5500" acceleration="-1645"/>
    <motionState vehicle="4" speed="2352" time="5500" acceleration="-490"/>
    <motionState vehicle="5" speed="7500" time="5500" acceleration="13636"/>
    <motionState vehicle="6" speed="2254" time="5500" acceleration="1532"/>
    <motionState vehicle="7" speed="2399" time="5500" acceleration="1968"/>
    <motionState vehicle="8" speed="2586" time="5500" acceleration="2036"/>
    <motionState vehicle="9" speed="2777" time="5500" acceleration="1524"/>
    <motionState vehicle="10" speed="2910" time="5500" acceleration="558"/>
    <motionState vehicle="11" speed="2944" time="5500" acceleration="-441"/>
    <motionState vehicle="0" speed="2876" time="5510" acceleration="-1213"/>
    <motionState vehicle="1" speed="7075" time="5510" acceleration="8857"/>
    <motionState vehicle="2" speed="2707" time="5510" acceleration="-1476"/>
    <motionState vehicle="3" speed="2533" time="5510" acceleration="-1636"/>
    <motionState vehicle="4" speed="2352" time="5510" acceleration="-476"/>
    <motionState vehicle="5" speed="7514" time="5510" acceleration="13636"/>
    <motionState vehicle="6" speed="2256" time="5510" acceleration="1535"/>
    <motionState vehicle="7" speed="2401" time="5510" acceleration="1968"/>
    <motionState vehicle="8" speed="2588" time="5510" acceleration="2030"/>
    <motionState vehicle="9" speed="2778" time="5510" acceleration="1513"/>
    <motionState vehicle="10" speed="2911" time="5510" acceleration="547"/>
    <motionState vehicle="11" speed="2943" time="5510" acceleration="-450"/>
    <motionState vehicle="0" speed="2874" time="5520" acceleration="-1219"/>
    <motionState vehicle="1" speed="7083" time="5520" acceleration="8860"/>
    <motionState vehicle="2" speed="2706" time="5520" acceleration="-1480"/>
    <motionState vehicle="3" speed="2531" time="5520" acceleration="-1627"/>
    <motionState vehicle="4" speed="2351" time="5520" acceleration="-462"/>
    <motionState vehicle="5" speed="7527" time="5520" acceleration="13636"/>
    <motionState vehicle="6" speed="2257" time="5520" acceleration="1538"/>
    <motionState vehicle="7" speed="2403" time="5520" acceleration="1968"/>
    <motionState vehicle="8" speed="2590" time="5520" acceleration="2024"/>
    <motionState vehicle="9" speed="2780" time="5520" acceleration="1503"/>
    <motionState vehicle="10" speed="2912" time="5520" acceleration="536"/>
    <motionState vehicle="11" speed="2943" time="5520" acceleration="-459"/>
    <motionState vehicle="0" speed="2873" time="5530" acceleration="-1226"/>
    <motionState vehicle="1" speed="7092" time="5530" acceleration="8863"/>
    <motionState vehicle="2" speed="2704" time="5530" acceleration="-1484"/>
    <motionState vehicle="3" speed="2530" time="5530" acceleration="-1618"/>
    <motionState vehicle="4" speed="2351" time="5530" acceleration="-448"/>
    <motionState vehicle="5" speed="7541" time="5530" acceleration="13636"/>
    <motionState vehicle="6" speed="2259" time="5530" acceleration="1541"/>
    <motionState vehicle="7" speed="2405" time="5530" acceleration="1968"/>
    <motionState vehicle="8" speed="2592" time="5530" acceleration="2018"/>
    <motionState vehicle="9" speed="2781" time="5530" acceleration="1492"/>
    <motionState vehicle="10" speed="2912" time="5530" acceleration="525"/>
    <motionState vehicle="11" speed="2942" time="5530" acceleration="-468"/>
    <motionState vehicle="0" speed="2872" time="5540" acceleration="-1232"/>
    <motionState vehicle="1" speed="7101" time="5540" acceleration="8867"/>
    <motionState vehicle="2" speed="2703" time="5540" acceleration="-1487"/>
    <motionState vehicle="3" speed="2528" time="5540" acceleration="-1609"/>
    <motionState vehicle="4" speed="2350" time="5540" acceleration="-434"/>
    <motionState vehicle="5" speed="7555" time="5540" acceleration="13636"/>
    <motionState vehicle="6" speed="2260" time="5540" acceleration="1544"/>
    <motionState vehicle="7" speed="2407" time="5540" acceleration="1967"/>
    <motionState vehicle="8" speed="2594" time="5540" acceleration="2012"/>
    <motionState vehicle="9" speed="2783" time="5540" acceleration="1482"/>
    <motionState vehicle="10" speed="2913" time="5540" acceleration="514"/>
    <motionState vehicle="11" speed="2942" time="5540" acceleration="-476"/>
    <motionState vehicle="0" speed="2871" time="5550" acceleration="-1239"/>
    <motionState vehicle="1" speed="7110" time="5550" acceleration="8871"/>
    <motionState vehicle="2" speed="2701" time="5550" acceleration="-1491"/>
    <motionState vehicle="3" speed="2527" time="5550" acceleration="-1600"/>
    <motionState vehicle="4" speed="2350" time="5550" acceleration="-420"/>
    <motionState vehicle="5" speed="7568" time="5550" acceleration="13636"/>
    <motionState vehicle="6" speed="2262" time="5550" acceleration="1548"/>
    <motionState vehicle="7" speed="2409" time="5550" acceleration="1967"/>
    <motionState vehicle="8" speed="2596" time="5550" acceleration="2006"/>
    <motionState vehicle="9" speed="2784" time="5550" acceleration="1471"/>
    <motionState vehicle="10" speed="2913" time="5550" acceleration="503"/>
    <motionState vehicle="11" speed="2941" time="5550" acceleration="-485"/>
    <motionState vehicle="0" speed="2869" time="5560" acceleration="-1245"/>
    <motionState vehicle="1" speed="7119" time="5560" acceleration="8875"/>
    <motionState vehicle="2" speed="2700" time="5560" acceleration="-1494"/>
    <motionState vehicle="3" speed="2525" time="5560" acceleration="-1591"/>
    <motionState vehicle="4" speed="2349" time="5560" acceleration="-407"/>
    <motionState vehicle="5" speed="7582" time="5560" acceleration="13636"/>
    <motionState vehicle="6" speed="2264" time="5560" acceleration="1551"/>
    <motionState vehicle="7" speed="2411" time="5560" acceleration="1966"/>
    <motionState vehicle="8" speed="2598" time="5560" acceleration="2000"/>
    <motionState vehicle="9" speed="2786" time="5560" acceleration="1461"/>
    <motionState vehicle="10" speed="2914" time="5560" acceleration="492"/>
    <motionState vehicle="11" speed="2941" time="5560" acceleration="-494"/>
    <motionState vehicle="0" speed="2868" time="5570" acceleration="-1252"/>
    <motionState vehicle="1" speed="7128" time="5570" acceleration="8880"/>
    <motionState vehicle="2" speed="2698" time="5570" acceleration="-1497"/>
    <motionState vehicle="3" speed="2523" time="5570" acceleration="-1582"/>
    <motionState vehicle="4" speed="2349" time="5570" acceleration="-393"/>
    <motionState vehicle="5" speed="7595" time="5570" acceleration="13636"/>
    <motionState vehicle="6" speed="2265" time="5570" acceleration="1554"/>
    <motionState vehicle="7" speed="2413" time="5570" acceleration="1966"/>
    <motionState vehicle="8" speed="2600" time="5570" acceleration="1994"/>
    <motionState vehicle="9" speed="2787" time="5570" acceleration="1450"/>
    <motionState vehicle="10" speed="2914" time="5570" acceleration="481"/>
    <motionState vehicle="11" speed="2940" time="5570" acceleration="-503"/>
    <motionState vehicle="0" speed="2867" time="5580" acceleration="-1258"/>
    <motionState vehicle="1" speed="7137" time="5580" acceleration="8885"/>
    <motionState vehicle="2" speed="2697" time="5580" acceleration="-1500"/>
    <motionState vehicle="3" speed="2522" time="5580" acceleration="-1572"/>
    <motionState vehicle="4" speed="2349" time="5580" acceleration="-379"/>
    <motionState vehicle="5" speed="7609" time="5580" acceleration="13636"/>
    <motionState vehicle="6" speed="2267" time="5580" acceleration="1557"/>
    <motionState vehicle="7" speed="2415" time="5580" acceleration="1965"/>
    <motionState vehicle="8" speed="2602" time="5580" acceleration="1988"/>
    <motionState vehicle="9" speed="2789" time="5580" acceleration="1440"/>
    <motionState vehicle="10" speed="2915" time="5580" acceleration="470"/>
    <motionState vehicle="11" speed="2940" time="5580" acceleration="-512"/>
    <motionState vehicle="0" speed="2866" time="5590" acceleration="-1264"/>
    <motionState vehicle="1" speed="7146" time="5590" acceleration="8890"/>
    <motionState vehicle="2" speed="2695" time="5590" acceleration="-1503"/>
    <motionState vehicle="3" speed="2520" time="5590" acceleration="-1563"/>
    <motionState vehicle="4" speed="2348" time="5590" acceleration="-366"/>
    <motionState vehicle="5" speed="7623" time="5590" acceleration="13636"/>
    <motionState vehicle="6" speed="2268" time="5590" acceleration="1560"/>
    <motionState vehicle="7" speed="2417" time="5590" acceleration="1965"/>
    <motionState vehicle="8" speed="2604" time="5590" acceleration="1982"/>
    <motionState vehicle="9" speed="2790" time="5590" acceleration="1429"/>
    <motionState vehicle="10" speed="2915" time="5590" acceleration="459"/>
    <motionState vehicle="11" speed="2939" time="5590" acceleration="-521"/>
    <motionState vehicle="0" speed="2864" time="5600" acceleration="-1270"/>
    <motionState vehicle="1" speed="7155" time="5600" acceleration="8896"/>
    <motionState vehicle="2" speed="2694" time="5600" acceleration="-1506"/>
    <motionState vehicle="3" speed="2519" time="5600" acceleration="-1553"/>
    <motionState vehicle="4" speed="2348" time="5600" acceleration="-352"/>
    <motionState vehicle="5" speed="7636" time="5600" acceleration="13636"/>
    <motionState vehicle="6" speed="2270" time="5600" acceleration="1563"/>
    <motionState vehicle="7" speed="2419" time="5600" acceleration="1964"/>
    <motionState vehicle="8" speed="2606" time="5600" acceleration="1976"/>
    <motionState vehicle="9" speed="2791" time="5600" acceleration="1419"/>
    <motionState vehicle="10" speed="2915" time="5600" acceleration="448"/>
    <motionState vehicle="11" speed="2939" time="5600" acceleration="-529"/>
    <motionState vehicle="0" speed="2863" time="5610" acceleration="-1276"/>
    <motionState vehicle="1" speed="7163" time="5610" acceleration="8902"/>
    <motionState vehicle="2" speed="2692" time="5610" acceleration="-1509"/>
    <motionState vehicle="3" speed="2517" time="5610" acceleration="-1544"/>
    <motionState vehicle="4" speed="2348" time="5610" acceleration="-339"/>
    <motionState vehicle="5" speed="7650" time="5610" acceleration="13636"/>
    <motionState vehicle="6" speed="2271" time="5610" acceleration="1566"/>
    <motionState vehicle="7" speed="2421" time="5610" acceleration="1963"/>
    <motionState vehicle="8" speed="2608" time="5610" acceleration="1970"/>
    <motionState vehicle="9" speed="2793" time="5610" acceleration="1409"/>
    <motionState vehicle="10" speed="2916" time="5610" acceleration="438"/>
    <motionState vehicle="11" speed="2938" time="5610" acceleration="-538"/>
    <motionState vehicle="0" speed="2862" time="5620" acceleration="-1282"/>
    <motionState vehicle="1" speed="7172" time="5620" acceleration="8908"/>
    <motionState vehicle="2" speed="2691" time="5620" acceleration="-1511"/>
    <motionState vehicle="3" speed="2516" time="5620" acceleration="-1534"/>
    <motionState vehicle="4" speed="2347" time="5620" acceleration="-325"/>
    <motionState vehicle="5" speed="7664" time="5620" acceleration="13636"/>
    <motionState vehicle="6" speed="2273" time="5620" acceleration="1569"/>
    <motionState vehicle="7" speed="2423" time="5620" acceleration="1963"/>
    <motionState vehicle="8" speed="2610" time="5620" acceleration="1964"/>
    <motionState vehicle="9" speed="2794" time="5620" acceleration="1398"/>
    <motionState vehicle="10" speed="2916" time="5620" acceleration="427"/>
    <motionState vehicle="11" speed="2938" time="5620" acceleration="-547"/>
    <motionState vehicle="0" speed="2860" time="5630" acceleration="-1288"/>
    <motionState vehicle="1" speed="7181" time="5630" acceleration="8915"/>
    <motionState vehicle="2" speed="2689" time="5630" acceleration="-1514"/>
    <motionState vehicle="3" speed="2514" time="5630" acceleration="-1525"/>
    <motionState vehicle="4" speed="2347" time="5630" acceleration="-312"/>
    <motionState vehicle="5" speed="7677" time="5630" acceleration="13636"/>
    <motionState vehicle="6" speed="2274" time="5630" acceleration="1572"/>
    <motionState vehicle="7" speed="2425" time="5630" acceleration="1962"/>
    <motionState vehicle="8" speed="2612" time="5630" acceleration="1957"/>
    <motionState vehicle="9" speed="2796" time="5630" acceleration="1388"/>
    <motionState vehicle="10" speed="2917" time="5630" acceleration="416"/>
    <motionState vehicle="11" speed="2937" time="5630" acceleration="-555"/>
    <motionState vehicle="0" speed="2859" time="5640" acceleration="-1294"/>
    <motionState vehicle="1" speed="7190" time="5640" acceleration="8922"/>
    <motionState vehicle="2" speed="2688" time="5640" acceleration="-1516"/>
    <motionState vehicle="3" speed="2513" time="5640" acceleration="-1515"/>
    <motionState vehicle="4" speed="2347" time="5640" acceleration="-298"/>
    <motionState vehicle="5" speed="7691" time="5640" acceleration="13636"/>
    <motionState vehicle="6" speed="2276" time="5640" acceleration="1575"/>
    <motionState vehicle="7" speed="2427" time="5640" acceleration="1961"/>
    <motionState vehicle="8" speed="2614" time="5640" acceleration="1951"/>
    <motionState vehicle="9" speed="2797" time="5640" acceleration="1377"/>
    <motionState vehicle="10" speed="2917" time="5640" acceleration="405"/>
    <motionState vehicle="11" speed="2937" time="5640" acceleration="-564"/>
    <motionState vehicle="0" speed="2858" time="5650" acceleration="-1300"/>
    <motionState vehicle="1" speed="7199" time="5650" acceleration="8929"/>
    <motionState vehicle="2" speed="2686" time="5650" acceleration="-1518"/>
    <motionState vehicle="3" speed="2511" time="5650" acceleration="-1505"/>
    <motionState vehicle="4" speed="2346" time="5650" acceleration="-285"/>
    <motionState vehicle="5" speed="7705" time="5650" acceleration="13636"/>
    <motionState vehicle="6" speed="2278" time="5650" acceleration="1577"/>
    <motionState vehicle="7" speed="2428" time="5650" acceleration="1960"/>
    <motionState vehicle="8" speed="2616" time="5650" acceleration="1945"/>
    <motionState vehicle="9" speed="2798" time="5650" acceleration="1367"/>
    <motionState vehicle="10" speed="2918" time="5650" acceleration="394"/>
    <motionState vehicle="11" speed="2936" time="5650" acceleration="-572"/>
    <motionState vehicle="0" speed="2857" time="5660" acceleration="-1306"/>
    <motionState vehicle="1" speed="7208" time="5660" acceleration="8937"/>
    <motionState vehicle="2" speed="2685" time="5660" acceleration="-1520"/>
    <motionState vehicle="3" speed="2510" time="5660" acceleration="-1495"/>
    <motionState vehicle="4" speed="2346" time="5660" acceleration="-272"/>
    <motionState vehicle="5" speed="7718" time="5660" acceleration="13636"/>
    <motionState vehicle="6" speed="2279" time="5660" acceleration="1580"/>
    <motionState vehicle="7" speed="2430" time="5660" acceleration="1959"/>
    <motionState vehicle="8" speed="2618" time="5660" acceleration="1938"/>
    <motionState vehicle="9" speed="2800" time="5660" acceleration="1356"/>
    <motionState vehicle="10" speed="2918" time="5660" acceleration="384"/>
    <motionState vehicle="11" speed="2935" time="5660" acceleration="-581"/>
    <motionState vehicle="0" speed="2855" time="5670" acceleration="-1311"/>
    <motionState vehicle="1" speed="7217" time="5670" acceleration="8945"/>
    <motionState vehicle="2" speed="2683" time="5670" acceleration="-1522"/>
    <motionState vehicle="3" speed="2508" time="5670" acceleration="-1486"/>
    <motionState vehicle="4" speed="2346" time="5670" acceleration="-258"/>
    <motionState vehicle="5" speed="7732" time="5670" acceleration="13636"/>
    <motionState vehicle="6" speed="2281" time="5670" acceleration="1583"/>
    <motionState vehicle="7" speed="2432" time="5670" acceleration="1958"/>
    <motionState vehicle="8" speed="2620" time="5670" acceleration="1932"/>
    <motionState vehicle="9" speed="2801" time="5670" acceleration="1346"/>
    <motionState vehicle="10" speed="2918" time="5670" acceleration="373"/>
    <motionState vehicle="11" speed="2935" time="5670" acceleration="-589"/>
    <motionState vehicle="0" speed="2854" time="5680" acceleration="-1317"/>
    <motionState vehicle="1" speed="7226" time="5680" acceleration="8953"/>
    <motionState vehicle="2" speed="2682" time="5680" acceleration="-1524"/>
    <motionState vehicle="3" speed="2507" time="5680" acceleration="-1476"/>
    <motionState vehicle="4" speed="2346" time="5680" acceleration="-245"/>
    <motionState vehicle="5" speed="7745" time="5680" acceleration="13636"/>
    <motionState vehicle="6" speed="2282" time="5680" acceleration="1586"/>
    <motionState vehicle="7" speed="2434" time="5680" acceleration="1957"/>
    <motionState vehicle="8" speed="2622" time="5680" acceleration="1925"/>
    <motionState vehicle="9" speed="2802" time="5680" acceleration="1336"/>
    <motionState vehicle="10" speed="2919" time="5680" acceleration="362"/>
    <motionState vehicle="11" speed="2934" time="5680" acceleration="-598"/>
    <motionState vehicle="0" speed="2853" time="5690" acceleration="-1323"/>
    <motionState vehicle="1" speed="7235" time="5690" acceleration="8961"/>
    <motionState vehicle="2" speed="2680" time="5690" acceleration="-1525"/>
    <motionState vehicle="3" speed="2505" time="5690" acceleration="-1466"/>
    <motionState vehicle="4" speed="2345" time="5690" acceleration="-232"/>
    <motionState vehicle="5" speed="7759" time="5690" acceleration="13636"/>
    <motionState vehicle="6" speed="2284" time="5690" acceleration="1589"/>
    <motionState vehicle="7" speed="2436" time="5690" acceleration="1956"/>
    <motionState vehicle="8" speed="2624" time="5690" acceleration="1919"/>
    <motionState vehicle="9" speed="2804" time="5690" acceleration="1325"/>
    <motionState vehicle="10" speed="2919" time="5690" acceleration="352"/>
    <motionState vehicle="11" speed="2934" time="5690" acceleration="-606"/>
    <motionState vehicle="0" speed="2851" time="5700" acceleration="-1328"/>
    <motionState vehicle="1" speed="7244" time="5700" acceleration="8970"/>
    <motionState vehicle="2" speed="2679" time="5700" acceleration="-1527"/>
    <motionState vehicle="3" speed="2504" time="5700" acceleration="-1456"/>
    <motionState vehicle="4" speed="2345" time="5700" acceleration="-219"/>
    <motionState vehicle="5" speed="7773" time="5700" acceleration="13636"/>
    <motionState vehicle="6" speed="2286" time="5700" acceleration="1591"/>
    <motionState vehicle="7" speed="2438" time="5700" acceleration="1955"/>
    <motionState vehicle="8" speed="2626" time="5700" acceleration="1912"/>
    <motionState vehicle="9" speed="2805" time="5700" acceleration="1315"/>
    <motionState vehicle="10" speed="2919" time="5700" acceleration="341"/>
    <motionState vehicle="11" speed="2933" time="5700" acceleration="-615"/>
    <motionState vehicle="0" speed="2850" time="5710" acceleration="-1333"/>
    <motionState vehicle="1" speed="7253" time="5710" acceleration="8979"/>
    <motionState vehicle="2" speed="2677" time="5710" acceleration="-1528"/>
    <motionState vehicle="3" speed="2502" time="5710" acceleration="-1446"/>
    <motionState vehicle="4" speed="2345" time="5710" acceleration="-206"/>
    <motionState vehicle="5" speed="7786" time="5710" acceleration="13636"/>
    <motionState vehicle="6" speed="2287" time="5710" acceleration="1594"/>
    <motionState vehicle="7" speed="2440" time="5710" acceleration="1954"/>
    <motionState vehicle="8" speed="2628" time="5710" acceleration="1906"/>
    <motionState vehicle="9" speed="2806" time="5710" acceleration="1304"/>
    <motionState vehicle="10" speed="2920" time="5710" acceleration="331"/>
    <motionState vehicle="11" speed="2932" time="5710" acceleration="-623"/>
    <motionState vehicle="0" speed="2849" time="5720" acceleration="-1339"/>
    <motionState vehicle="1" speed="7262" time="5720" acceleration="8988"/>
    <motionState vehicle="2" speed="2676" time="5720" acceleration="-1530"/>
    <motionState vehicle="3" speed="2501" time="5720" acceleration="-1435"/>
    <motionState vehicle="4" speed="2345" time="5720" acceleration="-193"/>
    <motionState vehicle="5" speed="7800" time="5720" acceleration="13636"/>
    <motionState vehicle="6" speed="2289" time="5720" acceleration="1597"/>
    <motionState vehicle="7" speed="2442" time="5720" acceleration="1953"/>
    <motionState vehicle="8" speed="2630" time="5720" acceleration="1899"/>
    <motionState vehicle="9" speed="2808" time="5720" acceleration="1294"/>
    <motionState vehicle="10" speed="2920" time="5720" acceleration="320"/>
    <motionState vehicle="11" speed="2932" time="5720" acceleration="-631"/>
    <motionState vehicle="0" speed="2847" time="5730" acceleration="-1344"/>
    <motionState vehicle="1" speed="7271" time="5730" acceleration="8997"/>
    <motionState vehicle="2" speed="2674" time="5730" acceleration="-1531"/>
    <motionState vehicle="3" speed="2499" time="5730" acceleration="-1425"/>
    <motionState vehicle="4" speed="2345" time="5730" acceleration="-180"/>
    <motionState vehicle="5" speed="7814" time="5730" acceleration="13636"/>
    <motionState vehicle="6" speed="2290" time="5730" acceleration="1599"/>
    <motionState vehicle="7" speed="2444" time="5730" acceleration="1952"/>
    <motionState vehicle="8" speed="2632" time="5730" acceleration="1893"/>
    <motionState vehicle="9" speed="2809" time="5730" acceleration="1283"/>
    <motionState vehicle="10" speed="2920" time="5730" acceleration="310"/>
    <motionState vehicle="11" speed="2931" time="5730" acceleration="-639"/>
    <motionState vehicle="0" speed="2846" time="5740" acceleration="-1349"/>
    <motionState vehicle="1" speed="7280" time="5740" acceleration="9007"/>
    <motionState vehicle="2" speed="2673" time="5740" acceleration="-1532"/>
    <motionState vehicle="3" speed="2498" time="5740" acceleration="-1415"/>
    <motionState vehicle="4" speed="2344" time="5740" acceleration="-167"/>
    <motionState vehicle="5" speed="7827" time="5740" acceleration="13636"/>
    <motionState vehicle="6" speed="2292" time="5740" acceleration="1602"/>
    <motionState vehicle="7" speed="2446" time="5740" acceleration="1951"/>
    <motionState vehicle="8" speed="2633" time="5740" acceleration="1886"/>
    <motionState vehicle="9" speed="2810" time="5740" acceleration="1273"/>
    <motionState vehicle="10" speed="2921" time="5740" acceleration="299"/>
    <motionState vehicle="11" speed="2930" time="5740" acceleration="-648"/>
    <motionState vehicle="0" speed="2845" time="5750" acceleration="-1354"/>
    <motionState vehicle="1" speed="7289" time="5750" acceleration="9017"/>
    <motionState vehicle="2" speed="2671" time="5750" acceleration="-1533"/>
    <motionState vehicle="3" speed="2496" time="5750" acceleration="-1405"/>
    <motionState vehicle="4" speed="2344" time="5750" acceleration="-154"/>
    <motionState vehicle="5" speed="7841" time="5750" acceleration="13636"/>
    <motionState vehicle="6" speed="2294" time="5750" acceleration="1605"/>
    <motionState vehicle="7" speed="2448" time="5750" acceleration="1949"/>
    <motionState vehicle="8" speed="2635" time="5750" acceleration="1880"/>
    <motionState vehicle="9" speed="2811" time="5750" acceleration="1263"/>
    <motionState vehicle="10" speed="2921" time="5750" acceleration="289"/>
    <motionState vehicle="11" speed="2930" time="5750" acceleration="-656"/>
    <motionState vehicle="0" speed="2843" time="5760" acceleration="-1360"/>
    <motionState vehicle="1" speed="7298" time="5760" acceleration="9027"/>
    <motionState vehicle="2" speed="2669" time="5760" acceleration="-1533"/>
    <motionState vehicle="3" speed="2495" time="5760" acceleration="-1394"/>
    <motionState vehicle="4" speed="2344" time="5760" acceleration="-141"/>
    <motionState vehicle="5" speed="7855" time="5760" acceleration="13636"/>
    <motionState vehicle="6" speed="2295" time="5760" acceleration="1607"/>
    <motionState vehicle="7" speed="2450" time="5760" acceleration="1948"/>
    <motionState vehicle="8" speed="2637" time="5760" acceleration="1873"/>
    <motionState vehicle="9" speed="2813" time="5760" acceleration="1252"/>
    <motionState vehicle="10" speed="2921" time="5760" acceleration="278"/>
    <motionState vehicle="11" speed="2929" time="5760" acceleration="-664"/>
    <motionState vehicle="0" speed="2842" time="5770" acceleration="-1365"/>
    <motionState vehicle="1" speed="7307" time="5770" acceleration="9038"/>
    <motionState vehicle="2" speed="2668" time="5770" acceleration="-1534"/>
    <motionState vehicle="3" speed="2494" time="5770" acceleration="-1384"/>
    <motionState vehicle="4" speed="2344" time="5770" acceleration="-129"/>
    <motionState vehicle="5" speed="7868" time="5770" acceleration="13636"/>
    <motionState vehicle="6" speed="2297" time="5770" acceleration="1610"/>
    <motionState vehicle="7" speed="2452" time="5770" acceleration="1947"/>
    <motionState vehicle="8" speed="2639" time="5770" acceleration="1866"/>
    <motionState vehicle="9" speed="2814" time="5770" acceleration="1242"/>
    <motionState vehicle="10" speed="2921" time="5770" acceleration="268"/>
    <motionState vehicle="11" speed="2928" time="5770" acceleration="-672"/>
    <motionState vehicle="0" speed="2840" time="5780" acceleration="-1369"/>
    <motionState vehicle="1" speed="7316" time="5780" acceleration="9048"/>
    <motionState vehicle="2" speed="2666" time="5780" acceleration="-1534"/>
    <motionState vehicle="3" speed="2492" time="5780" acceleration="-1374"/>
    <motionState vehicle="4" speed="2344" time="5780" acceleration="-116"/>
    <motionState vehicle="5" speed="7882" time="5780" acceleration="13636"/>
    <motionState vehicle="6" speed="2298" time="5780" acceleration="1612"/>
    <motionState vehicle="7" speed="2454" time="5780" acceleration="1945"/>
    <motionState vehicle="8" speed="2641" time="5780" acceleration="1859"/>
    <motionState vehicle="9" speed="2815" time="5780" acceleration="1232"/>
    <motionState vehicle="10" speed="2922" time="5780" acceleration="258"/>
    <motionState vehicle="11" speed="2928" time="5780" acceleration="-680"/>
    <motionState vehicle="0" speed="2839" time="5790" acceleration="-1374"/>
    <motionState vehicle="1" speed="7325" time="5790" acceleration="9059"/>
    <motionState vehicle="2" speed="2665" time="5790" acceleration="-1535"/>
    <motionState vehicle="3" speed="2491" time="5790" acceleration="-1363"/>
    <motionState vehicle="4" speed="2344" time="5790" acceleration="-103"/>
    <motionState vehicle="5" speed="7895" time="5790" acceleration="13636"/>
    <motionState vehicle="6" speed="2300" time="5790" acceleration="1615"/>
    <motionState vehicle="7" speed="2456" time="5790" acceleration="1944"/>
    <motionState vehicle="8" speed="2643" time="5790" acceleration="1853"/>
    <motionState vehicle="9" speed="2816" time="5790" acceleration="1221"/>
    <motionState vehicle="10" speed="2922" time="5790" acceleration="247"/>
    <motionState vehicle="11" speed="2927" time="5790" acceleration="-688"/>
    <motionState vehicle="0" speed="2838" time="5800" acceleration="-1379"/>
    <motionState vehicle="1" speed="7334" time="5800" acceleration="9070"/>
    <motionState vehicle="2" speed="2663" time="5800" acceleration="-1535"/>
    <motionState vehicle="3" speed="2490" time="5800" acceleration="-1353"/>
    <motionState vehicle="4" speed="2344" time="5800" acceleration="-91"/>
    <motionState vehicle="5" speed="7909" time="5800" acceleration="13636"/>
    <motionState vehicle="6" speed="2302" time="5800" acceleration="1617"/>
    <motionState vehicle="7" speed="2458" time="5800" acceleration="1942"/>
    <motionState vehicle="8" speed="2645" time="5800" acceleration="1846"/>
    <motionState vehicle="9" speed="2818" time="5800" acceleration="1211"/>
    <motionState vehicle="10" speed="2922" time="5800" acceleration="237"/>
    <motionState vehicle="11" speed="2926" time="5800" acceleration="-696"/>
    <motionState vehicle="0" speed="2836" time="5810" acceleration="-1384"/>
    <motionState vehicle="1" speed="7343" time="5810" acceleration="9082"/>
    <motionState vehicle="2" speed="2662" time="5810" acceleration="-1535"/>
    <motionState vehicle="3" speed="2488" time="5810" acceleration="-1342"/>
    <motionState vehicle="4" speed="2344" time="5810" acceleration="-78"/>
    <motionState vehicle="5" speed="7923" time="5810" acceleration="13636"/>
    <motionState vehicle="6" speed="2303" time="5810" acceleration="1620"/>
    <motionState vehicle="7" speed="2460" time="5810" acceleration="1941"/>
    <motionState vehicle="8" speed="2646" time="5810" acceleration="1839"/>
    <motionState vehicle="9" speed="2819" time="5810" acceleration="1200"/>
    <motionState vehicle="10" speed="2922" time="5810" acceleration="227"/>
    <motionState vehicle="11" speed="2926" time="5810" acceleration="-704"/>
    <motionState vehicle="0" speed="2835" time="5820" acceleration="-1389"/>
    <motionState vehicle="1" speed="7352" time="5820" acceleration="9093"/>
    <motionState vehicle="2" speed="2660" time="5820" acceleration="-1535"/>
    <motionState vehicle="3" speed="2487" time="5820" acceleration="-1332"/>
    <motionState vehicle="4" speed="2343" time="5820" acceleration="-66"/>
    <motionState vehicle="5" speed="7936" time="5820" acceleration="13636"/>
    <motionState vehicle="6" speed="2305" time="5820" acceleration="1622"/>
    <motionState vehicle="7" speed="2462" time="5820" acceleration="1939"/>
    <motionState vehicle="8" speed="2648" time="5820" acceleration="1832"/>
    <motionState vehicle="9" speed="2820" time="5820" acceleration="1190"/>
    <motionState vehicle="10" speed="2923" time="5820" acceleration="216"/>
    <motionState vehicle="11" speed="2925" time="5820" acceleration="-712"/>
    <motionState vehicle="0" speed="2834" time="5830" acceleration="-1393"/>
    <motionState vehicle="1" speed="7361" time="5830" acceleration="9105"/>
    <motionState vehicle="2" speed="2659" time="5830" acceleration="-1535"/>
    <motionState vehicle="3" speed="2486" time="5830" acceleration="-1321"/>
    <motionState vehicle="4" speed="2343" time="5830" acceleration="-53"/>
    <motionState vehicle="5" speed="7950" time="5830" acceleration="13636"/>
    <motionState vehicle="6" speed="2307" time="5830" acceleration="1625"/>
    <motionState vehicle="7" speed="2464" time="5830" acceleration="1937"/>
    <motionState vehicle="8" speed="2650" time="5830" acceleration="1825"/>
    <motionState vehicle="9" speed="2821" time="5830" acceleration="1180"/>
    <motionState vehicle="10" speed="2923" time="5830" acceleration="206"/>
    <motionState vehicle="11" speed="2924" time="5830" acceleration="-720"/>
    <motionState vehicle="0" speed="2832" time="5840" acceleration="-1398"/>
    <motionState vehicle="1" speed="7370" time="5840" acceleration="9117"/>
    <motionState vehicle="2" speed="2657" time="5840" acceleration="-1535"/>
    <motionState vehicle="3" speed="2484" time="5840" acceleration="-1311"/>
    <motionState vehicle="4" speed="2343" time="5840" acceleration="-41"/>
    <motionState vehicle="5" speed="7964" time="5840" acceleration="13636"/>
    <motionState vehicle="6" speed="2308" time="5840" acceleration="1627"/>
    <motionState vehicle="7" speed="2465" time="5840" acceleration="1936"/>
    <motionState vehicle="8" speed="2652" time="5840" acceleration="1818"/>
    <motionState vehicle="9" speed="2822" time="5840" acceleration="1169"/>
    <motionState vehicle="10" speed="2923" time="5840" acceleration="196"/>
    <motionState vehicle="11" speed="2924" time="5840" acceleration="-728"/>
    <motionState vehicle="0" speed="2831" time="5850" acceleration="-1402"/>
    <motionState vehicle="1" speed="7380" time="5850" acceleration="9129"/>
    <motionState vehicle="2" speed="2656" time="5850" acceleration="-1535"/>
    <motionState vehicle="3" speed="2483" time="5850" acceleration="-1300"/>
    <motionState vehicle="4" speed="2343" time="5850" acceleration="-28"/>
    <motionState vehicle="5" speed="7977" time="5850" acceleration="13636"/>
    <motionState vehicle="6" speed="2310" time="5850" acceleration="1629"/>
    <motionState vehicle="7" speed="2467" time="5850" acceleration="1934"/>
    <motionState vehicle="8" speed="2654" time="5850" acceleration="1811"/>
    <motionState vehicle="9" speed="2824" time="5850" acceleration="1159"/>
    <motionState vehicle="10" speed="2923" time="5850" acceleration="186"/>
    <motionState vehicle="11" speed="2923" time="5850" acceleration="-735"/>
    <motionState vehicle="0" speed="2829" time="5860" acceleration="-1406"/>
    <motionState vehicle="1" speed="7389" time="5860" acceleration="9141"/>
    <motionState vehicle="2" speed="2654" time="5860" acceleration="-1534"/>
    <motionState vehicle="3" speed="2482" time="5860" acceleration="-1289"/>
    <motionState vehicle="4" speed="2343" time="5860" acceleration="-16"/>
    <motionState vehicle="5" speed="7991" time="5860" acceleration="13636"/>
    <motionState vehicle="6" speed="2311" time="5860" acceleration="1632"/>
    <motionState vehicle="7" speed="2469" time="5860" acceleration="1932"/>
    <motionState vehicle="8" speed="2655" time="5860" acceleration="1804"/>
    <motionState vehicle="9" speed="2825" time="5860" acceleration="1149"/>
    <motionState vehicle="10" speed="2923" time="5860" acceleration="176"/>
    <motionState vehicle="11" speed="2922" time="5860" acceleration="-743"/>
    <motionState vehicle="0" speed="2828" time="5870" acceleration="-1411"/>
    <motionState vehicle="1" speed="7398" time="5870" acceleration="9154"/>
    <motionState vehicle="2" speed="2653" time="5870" acceleration="-1534"/>
    <motionState vehicle="3" speed="2480" time="5870" acceleration="-1279"/>
    <motionState vehicle="4" speed="2343" time="5870" acceleration="-4"/>
    <motionState vehicle="5" speed="8005" time="5870" acceleration="13636"/>
    <motionState vehicle="6" speed="2313" time="5870" acceleration="1634"/>
    <motionState vehicle="7" speed="2471" time="5870" acceleration="1930"/>
    <motionState vehicle="8" speed="2657" time="5870" acceleration="1797"/>
    <motionState vehicle="9" speed="2826" time="5870" acceleration="1138"/>
    <motionState vehicle="10" speed="2924" time="5870" acceleration="166"/>
    <motionState vehicle="11" speed="2921" time="5870" acceleration="-751"/>
    <motionState vehicle="0" speed="2826" time="5880" acceleration="-1415"/>
    <motionState vehicle="1" speed="7407" time="5880" acceleration="9167"/>
    <motionState vehicle="2" speed="2651" time="5880" acceleration="-1533"/>
    <motionState vehicle="3" speed="2479" time="5880" acceleration="-1268"/>
    <motionState vehicle="4" speed="2343" time="5880" acceleration="7"/>
    <motionState vehicle="5" speed="8018" time="5880" acceleration="13636"/>
    <motionState vehicle="6" speed="2315" time="5880" acceleration="1636"/>
    <motionState vehicle="7" speed="2473" time="5880" acceleration="1929"/>
    <motionState vehicle="8" speed="2659" time="5880" acceleration="1790"/>
    <motionState vehicle="9" speed="2827" time="5880" acceleration="1128"/>
    <motionState vehicle="10" speed="2924" time="5880" acceleration="156"/>
    <motionState vehicle="11" speed="2921" time="5880" acceleration="-758"/>
    <motionState vehicle="0" speed="2825" time="5890" acceleration="-1419"/>
    <motionState vehicle="1" speed="7416" time="5890" acceleration="9179"/>
    <motionState vehicle="2" speed="2650" time="5890" acceleration="-1533"/>
    <motionState vehicle="3" speed="2478" time="5890" acceleration="-1257"/>
    <motionState vehicle="4" speed="2343" time="5890" acceleration="20"/>
    <motionState vehicle="5" speed="8032" time="5890" acceleration="13636"/>
    <motionState vehicle="6" speed="2316" time="5890" acceleration="1638"/>
    <motionState vehicle="7" speed="2475" time="5890" acceleration="1927"/>
    <motionState vehicle="8" speed="2661" time="5890" acceleration="1783"/>
    <motionState vehicle="9" speed="2828" time="5890" acceleration="1118"/>
    <motionState vehicle="10" speed="2924" time="5890" acceleration="146"/>
    <motionState vehicle="11" speed="2920" time="5890" acceleration="-766"/>
    <motionState vehicle="0" speed="2824" time="5900" acceleration="-1423"/>
    <motionState vehicle="1" speed="7425" time="5900" acceleration="9192"/>
    <motionState vehicle="2" speed="2648" time="5900" acceleration="-1532"/>
    <motionState vehicle="3" speed="2477" time="5900" acceleration="-1246"/>
    <motionState vehicle="4" speed="2343" time="5900" acceleration="32"/>
    <motionState vehicle="5" speed="8045" time="5900" acceleration="13636"/>
    <motionState vehicle="6" speed="2318" time="5900" acceleration="1640"/>
    <motionState vehicle="7" speed="2477" time="5900" acceleration="1925"/>
    <motionState vehicle="8" speed="2663" time="5900" acceleration="1776"/>
    <motionState vehicle="9" speed="2829" time="5900" acceleration="1108"/>
    <motionState vehicle="10" speed="2924" time="5900" acceleration="136"/>
    <motionState vehicle="11" speed="2919" time="5900" acceleration="-774"/>
    <motionState vehicle="0" speed="2822" time="5910" acceleration="-1427"/>
    <motionState vehicle="1" speed="7435" time="5910" acceleration="9206"/>
    <motionState vehicle="2" speed="2646" time="5910" acceleration="-1531"/>
    <motionState vehicle="3" speed="2475" time="5910" acceleration="-1235"/>
    <motionState vehicle="4" speed="2343" time="5910" acceleration="44"/>
    <motionState vehicle="5" speed="8059" time="5910" acceleration="13636"/>
    <motionState vehicle="6" speed="2320" time="5910" acceleration="1643"/>
    <motionState vehicle="7" speed="2479" time="5910" acceleration="1923"/>
    <motionState vehicle="8" speed="2664" time="5910" acceleration="1769"/>
    <motionState vehicle="9" speed="2830" time="5910" acceleration="1097"/>
    <motionState vehicle="10" speed="2924" time="5910" acceleration="126"/>
    <motionState vehicle="11" speed="2918" time="5910" acceleration="-781"/>
    <motionState vehicle="0" speed="2821" time="5920" acceleration="-1431"/>
    <motionState vehicle="1" speed="7444" time="5920" acceleration="9219"/>
    <motionState vehicle="2" speed="2645" time="5920" acceleration="-1530"/>
    <motionState vehicle="3" speed="2474" time="5920" acceleration="-1224"/>
    <motionState vehicle="4" speed="2343" time="5920" acceleration="56"/>
    <motionState vehicle="5" speed="8073" time="5920" acceleration="13636"/>
    <motionState vehicle="6" speed="2321" time="5920" acceleration="1645"/>
    <motionState vehicle="7" speed="2481" time="5920" acceleration="1921"/>
    <motionState vehicle="8" speed="2666" time="5920" acceleration="1762"/>
    <motionState vehicle="9" speed="2831" time="5920" acceleration="1087"/>
    <motionState vehicle="10" speed="2924" time="5920" acceleration="116"/>
    <motionState vehicle="11" speed="2917" time="5920" acceleration="-789"/>
    <motionState vehicle="0" speed="2819" time="5930" acceleration="-1435"/>
    <motionState vehicle="1" speed="7453" time="5930" acceleration="9233"/>
    <motionState vehicle="2" speed="2643" time="5930" acceleration="-1529"/>
    <motionState vehicle="3" speed="2473" time="5930" acceleration="-1214"/>
    <motionState vehicle="4" speed="2344" time="5930" acceleration="67"/>
    <motionState vehicle="5" speed="8086" time="5930" acceleration="13636"/>
    <motionState vehicle="6" speed="2323" time="5930" acceleration="1647"/>
    <motionState vehicle="7" speed="2483" time="5930" acceleration="1919"/>
    <motionState vehicle="8" speed="2668" time="5930" acceleration="1755"/>
    <motionState vehicle="9" speed="2832" time="5930" acceleration="1077"/>
    <motionState vehicle="10" speed="2924" time="5930" acceleration="106"/>
    <motionState vehicle="11" speed="2917" time="5930" acceleration="-796"/>
    <motionState vehicle="0" speed="2818" time="5940" acceleration="-1439"/>
    <motionState vehicle="1" speed="7462" time="5940" acceleration="9246"/>
    <motionState vehicle="2" speed="2642" time="5940" acceleration="-1527"/>
    <motionState vehicle="3" speed="2472" time="5940" acceleration="-1203"/>
    <motionState vehicle="4" speed="2344" time="5940" acceleration="79"/>
    <motionState vehicle="5" speed="8100" time="5940" acceleration="13636"/>
    <motionState vehicle="6" speed="2325" time="5940" acceleration="1649"/>
    <motionState vehicle="7" speed="2485" time="5940" acceleration="1917"/>
    <motionState vehicle="8" speed="2670" time="5940" acceleration="1748"/>
    <motionState vehicle="9" speed="2833" time="5940" acceleration="1066"/>
    <motionState vehicle="10" speed="2924" time="5940" acceleration="96"/>
    <motionState vehicle="11" speed="2916" time="5940" acceleration="-803"/>
    <motionState vehicle="0" speed="2816" time="5950" acceleration="-1442"/>
    <motionState vehicle="1" speed="7472" time="5950" acceleration="9260"/>
    <motionState vehicle="2" speed="2640" time="5950" acceleration="-1526"/>
    <motionState vehicle="3" speed="2471" time="5950" acceleration="-1192"/>
    <motionState vehicle="4" speed="2344" time="5950" acceleration="91"/>
    <motionState vehicle="5" speed="8114" time="5950" acceleration="13636"/>
    <motionState vehicle="6" speed="2326" time="5950" acceleration="1651"/>
    <motionState vehicle="7" speed="2487" time="5950" acceleration="1914"/>
    <motionState vehicle="8" speed="2671" time="5950" acceleration="1741"/>
    <motionState vehicle="9" speed="2835" time="5950" acceleration="1056"/>
    <motionState vehicle="10" speed="2925" time="5950" acceleration="86"/>
    <motionState vehicle="11" speed="2915" time="5950" acceleration="-811"/>
    <motionState vehicle="0" speed="2815" time="5960" acceleration="-1446"/>
    <motionState vehicle="1" speed="7481" time="5960" acceleration="9274"/>
    <motionState vehicle="2" speed="2639" time="5960" acceleration="-1524"/>
    <motionState vehicle="3" speed="2469" time="5960" acceleration="-1181"/>
    <motionState vehicle="4" speed="2344" time="5960" acceleration="103"/>
    <motionState vehicle="5" speed="8127" time="5960" acceleration="13636"/>
    <motionState vehicle="6" speed="2328" time="5960" acceleration="1653"/>
    <motionState vehicle="7" speed="2489" time="5960" acceleration="1912"/>
    <motionState vehicle="8" speed="2673" time="5960" acceleration="1733"/>
    <motionState vehicle="9" speed="2836" time="5960" acceleration="1046"/>
    <motionState vehicle="10" speed="2925" time="5960" acceleration="76"/>
    <motionState vehicle="11" speed="2914" time="5960" acceleration="-818"/>
    <motionState vehicle="0" speed="2814" time="5970" acceleration="-1450"/>
    <motionState vehicle="1" speed="7490" time="5970" acceleration="9288"/>
    <motionState vehicle="2" speed="2637" time="5970" acceleration="-1523"/>
    <motionState vehicle="3" speed="2468" time="5970" acceleration="-1170"/>
    <motionState vehicle="4" speed="2344" time="5970" acceleration="115"/>
    <motionState vehicle="5" speed="8141" time="5970" acceleration="13636"/>
    <motionState vehicle="6" speed="2329" time="5970" acceleration="1655"/>
    <motionState vehicle="7" speed="2490" time="5970" acceleration="1910"/>
    <motionState vehicle="8" speed="2675" time="5970" acceleration="1726"/>
    <motionState vehicle="9" speed="2837" time="5970" acceleration="1036"/>
    <motionState vehicle="10" speed="2925" time="5970" acceleration="67"/>
    <motionState vehicle="11" speed="2913" time="5970" acceleration="-825"/>
    <motionState vehicle="0" speed="2812" time="5980" acceleration="-1453"/>
    <motionState vehicle="1" speed="7499" time="5980" acceleration="9302"/>
    <motionState vehicle="2" speed="2636" time="5980" acceleration="-1521"/>
    <motionState vehicle="3" speed="2467" time="5980" acceleration="-1159"/>
    <motionState vehicle="4" speed="2344" time="5980" acceleration="126"/>
    <motionState vehicle="5" speed="8155" time="5980" acceleration="13636"/>
    <motionState vehicle="6" speed="2331" time="5980" acceleration="1657"/>
    <motionState vehicle="7" speed="2492" time="5980" acceleration="1908"/>
    <motionState vehicle="8" speed="2677" time="5980" acceleration="1719"/>
    <motionState vehicle="9" speed="2838" time="5980" acceleration="1026"/>
    <motionState vehicle="10" speed="2925" time="5980" acceleration="57"/>
    <motionState vehicle="11" speed="2913" time="5980" acceleration="-833"/>
    <motionState vehicle="0" speed="2811" time="5990" acceleration="-1457"/>
    <motionState vehicle="1" speed="7509" time="5990" acceleration="9317"/>
    <motionState vehicle="2" speed="2634" time="5990" acceleration="-1519"/>
    <motionState vehicle="3" speed="2466" time="5990" acceleration="-1148"/>
    <motionState vehicle="4" speed="2344" time="5990" acceleration="138"/>
    <motionState vehicle="5" speed="8168" time="5990" acceleration="13636"/>
    <motionState vehicle="6" speed="2333" time="5990" acceleration="1659"/>
    <motionState vehicle="7" speed="2494" time="5990" acceleration="1905"/>
    <motionState vehicle="8" speed="2678" time="5990" acceleration="1712"/>
    <motionState vehicle="9" speed="2839" time="5990" acceleration="1015"/>
    <motionState vehicle="10" speed="2925" time="5990" acceleration="47"/>
    <motionState vehicle="11" speed="2912" time="5990" acceleration="-840"/>
    <motionState vehicle="0" speed="2809" time="6000" acceleration="-1460"/>
    <motionState vehicle="1" speed="7518" time="6000" acceleration="9331"/>
    <motionState vehicle="2" speed="2633" time="6000" acceleration="-1517"/>
    <motionState vehicle="3" speed="2465" time="6000" acceleration="-1137"/>
    <motionState vehicle="4" speed="2344" time="6000" acceleration="149"/>
    <motionState vehicle="5" speed="8182" time="6000" acceleration="13636"/>
    <motionState vehicle="6" speed="2334" time="6000" acceleration="1660"/>
    <motionState vehicle="7" speed="2496" time="6000" acceleration="1903"/>
    <motionState vehicle="8" speed="2680" time="6000" acceleration="1704"/>
    <motionState vehicle="9" speed="2840" time="6000" acceleration="1005"/>
    <motionState vehicle="10" speed="2925" time="6000" acceleration="37"/>
    <motionState vehicle="11" speed="2911" time="6000" acceleration="-847"/>
    <motionState vehicle="0" speed="2808" time="6010" acceleration="-1463"/>
    <motionState vehicle="1" speed="7527" time="6010" acceleration="9346"/>
    <motionState vehicle="2" speed="2631" time="6010" acceleration="-1515"/>
    <motionState vehicle="3" speed="2464" time="6010" acceleration="-1125"/>
    <motionState vehicle="4" speed="2345" time="6010" acceleration="161"/>
    <motionState vehicle="5" speed="8195" time="6010" acceleration="13636"/>
    <motionState vehicle="6" speed="2336" time="6010" acceleration="1662"/>
    <motionState vehicle="7" speed="2498" time="6010" acceleration="1901"/>
    <motionState vehicle="8" speed="2682" time="6010" acceleration="1697"/>
    <motionState vehicle="9" speed="2841" time="6010" acceleration="995"/>
    <motionState vehicle="10" speed="2925" time="6010" acceleration="28"/>
    <motionState vehicle="11" speed="2910" time="6010" acceleration="-854"/>
    <motionState vehicle="0" speed="2806" time="6020" acceleration="-1467"/>
    <motionState vehicle="1" speed="7537" time="6020" acceleration="9361"/>
    <motionState vehicle="2" speed="2630" time="6020" acceleration="-1513"/>
    <motionState vehicle="3" speed="2463" time="6020" acceleration="-1114"/>
    <motionState vehicle="4" speed="2345" time="6020" acceleration="172"/>
    <motionState vehicle="5" speed="8209" time="6020" acceleration="13636"/>
    <motionState vehicle="6" speed="2338" time="6020" acceleration="1664"/>
    <motionState vehicle="7" speed="2500" time="6020" acceleration="1898"/>
    <motionState vehicle="8" speed="2683" time="6020" acceleration="1690"/>
    <motionState vehicle="9" speed="2842" time="6020" acceleration="985"/>
    <motionState vehicle="10" speed="2925" time="6020" acceleration="18"/>
    <motionState vehicle="11" speed="2909" time="6020" acceleration="-861"/>
    <motionState vehicle="0" speed="2805" time="6030" acceleration="-1470"/>
    <motionState vehicle="1" speed="7546" time="6030" acceleration="9376"/>
    <motionState vehicle="2" speed="2628" time="6030" acceleration="-1511"/>
    <motionState vehicle="3" speed="2461" time="6030" acceleration="-1103"/>
    <motionState vehicle="4" speed="2345" time="6030" acceleration="184"/>
    <motionState vehicle="5" speed="8223" time="6030" acceleration="13636"/>
    <motionState vehicle="6" speed="2339" time="6030" acceleration="1666"/>
    <motionState vehicle="7" speed="2502" time="6030" acceleration="1896"/>
    <motionState vehicle="8" speed="2685" time="6030" acceleration="1682"/>
    <motionState vehicle="9" speed="2843" time="6030" acceleration="975"/>
    <motionState vehicle="10" speed="2925" time="6030" acceleration="9"/>
    <motionState vehicle="11" speed="2908" time="6030" acceleration="-868"/>
    <motionState vehicle="0" speed="2803" time="6040" acceleration="-1473"/>
    <motionState vehicle="1" speed="7556" time="6040" acceleration="9391"/>
    <motionState vehicle="2" speed="2627" time="6040" acceleration="-1509"/>
    <motionState vehicle="3" speed="2460" time="6040" acceleration="-1092"/>
    <motionState vehicle="4" speed="2345" time="6040" acceleration="195"/>
    <motionState vehicle="5" speed="8236" time="6040" acceleration="13636"/>
    <motionState vehicle="6" speed="2341" time="6040" acceleration="1667"/>
    <motionState vehicle="7" speed="2504" time="6040" acceleration="1893"/>
    <motionState vehicle="8" speed="2687" time="6040" acceleration="1675"/>
    <motionState vehicle="9" speed="2844" time="6040" acceleration="964"/>
    <motionState vehicle="10" speed="2925" time="6040" acceleration="0"/>
    <motionState vehicle="11" speed="2907" time="6040" acceleration="-875"/>
    <motionState vehicle="0" speed="2802" time="6050" acceleration="-1476"/>
    <motionState vehicle="1" speed="7565" time="6050" acceleration="9406"/>
    <motionState vehicle="2" speed="2625" time="6050" acceleration="-1506"/>
    <motionState vehicle="3" speed="2459" time="6050" acceleration="-1081"/>
    <motionState vehicle="4" speed="2345" time="6050" acceleration="206"/>
    <motionState vehicle="5" speed="8250" time="6050" acceleration="13636"/>
    <motionState vehicle="6" speed="2343" time="6050" acceleration="1669"/>
    <motionState vehicle="7" speed="2506" time="6050" acceleration="1891"/>
    <motionState vehicle="8" speed="2688" time="6050" acceleration="1667"/>
    <motionState vehicle="9" speed="2845" time="6050" acceleration="954"/>
    <motionState vehicle="10" speed="2925" time="6050" acceleration="-10"/>
    <motionState vehicle="11" speed="2907" time="6050" acceleration="-882"/>
    <motionState vehicle="0" speed="2800" time="6060" acceleration="-1479"/>
    <motionState vehicle="1" speed="7574" time="6060" acceleration="9421"/>
    <motionState vehicle="2" speed="2624" time="6060" acceleration="-1504"/>
    <motionState vehicle="3" speed="2458" time="6060" acceleration="-1070"/>
    <motionState vehicle="4" speed="2345" time="6060" acceleration="217"/>
    <motionState vehicle="5" speed="8264" time="6060" acceleration="13636"/>
    <motionState vehicle="6" speed="2344" time="6060" acceleration="1671"/>
    <motionState vehicle="7" speed="2508" time="6060" acceleration="1888"/>
    <motionState vehicle="8" speed="2690" time="6060" acceleration="1660"/>
    <motionState vehicle="9" speed="2845" time="6060" acceleration="944"/>
    <motionState vehicle="10" speed="2925" time="6060" acceleration="-19"/>
    <motionState vehicle="11" speed="2906" time="6060" acceleration="-889"/>
    <motionState vehicle="0" speed="2799" time="6070" acceleration="-1481"/>
    <motionState vehicle="1" speed="7584" time="6070" acceleration="9436"/>
    <motionState vehicle="2" speed="2622" time="6070" acceleration="-1501"/>
    <motionState vehicle="3" speed="2457" time="6070" acceleration="-1059"/>
    <motionState vehicle="4" speed="2346" time="6070" acceleration="229"/>
    <motionState vehicle="5" speed="8277" time="6070" acceleration="13636"/>
    <motionState vehicle="6" speed="2346" time="6070" acceleration="1672"/>
    <motionState vehicle="7" speed="2509" time="6070" acceleration="1885"/>
    <motionState vehicle="8" speed="2692" time="6070" acceleration="1652"/>
    <motionState vehicle="9" speed="2846" time="6070" acceleration="934"/>
    <motionState vehicle="10" speed="2925" time="6070" acceleration="-28"/>
    <motionState vehicle="11" speed="2905" time="6070" acceleration="-896"/>
    <motionState vehicle="0" speed="2797" time="6080" acceleration="-1484"/>
    <motionState vehicle="1" speed="7593" time="6080" acceleration="9452"/>
    <motionState vehicle="2" speed="2621" time="6080" acceleration="-1499"/>
    <motionState vehicle="3" speed="2456" time="6080" acceleration="-1047"/>
    <motionState vehicle="4" speed="2346" time="6080" acceleration="240"/>
    <motionState vehicle="5" speed="8291" time="6080" acceleration="13636"/>
    <motionState vehicle="6" speed="2348" time="6080" acceleration="1674"/>
    <motionState vehicle="7" speed="2511" time="6080" acceleration="1883"/>
    <motionState vehicle="8" speed="2693" time="6080" acceleration="1645"/>
    <motionState vehicle="9" speed="2847" time="6080" acceleration="924"/>
    <motionState vehicle="10" speed="2925" time="6080" acceleration="-38"/>
    <motionState vehicle="11" speed="2904" time="6080" acceleration="-903"/>
    <motionState vehicle="0" speed="2796" time="6090" acceleration="-1487"/>
    <motionState vehicle="1" speed="7603" time="6090" acceleration="9467"/>
    <motionState vehicle="2" speed="2619" time="6090" acceleration="-1496"/>
    <motionState vehicle="3" speed="2455" time="6090" acceleration="-1036"/>
    <motionState vehicle="4" speed="2346" time="6090" acceleration="251"/>
    <motionState vehicle="5" speed="8305" time="6090" acceleration="13636"/>
    <motionState vehicle="6" speed="2349" time="6090" acceleration="1676"/>
    <motionState vehicle="7" speed="2513" time="6090" acceleration="1880"/>
    <motionState vehicle="8" speed="2695" time="6090" acceleration="1637"/>
    <motionState vehicle="9" speed="2848" time="6090" acceleration="914"/>
    <motionState vehicle="10" speed="2925" time="6090" acceleration="-47"/>
    <motionState vehicle="11" speed="2903" time="6090" acceleration="-909"/>
    <motionState vehicle="0" speed="2794" time="6100" acceleration="-1490"/>
    <motionState vehicle="1" speed="7612" time="6100" acceleration="9483"/>
    <motionState vehicle="2" speed="2618" time="6100" acceleration="-1493"/>
    <motionState vehicle="3" speed="2454" time="6100" acceleration="-1025"/>
    <motionState vehicle="4" speed="2346" time="6100" acceleration="262"/>
    <motionState vehicle="5" speed="8318" time="6100" acceleration="13636"/>
    <motionState vehicle="6" speed="2351" time="6100" acceleration="1677"/>
    <motionState vehicle="7" speed="2515" time="6100" acceleration="1877"/>
    <motionState vehicle="8" speed="2697" time="6100" acceleration="1630"/>
    <motionState vehicle="9" speed="2849" time="6100" acceleration="904"/>
    <motionState vehicle="10" speed="2925" time="6100" acceleration="-57"/>
    <motionState vehicle="11" speed="2902" time="6100" acceleration="-916"/>
    <motionState vehicle="0" speed="2793" time="6110" acceleration="-1492"/>
    <motionState vehicle="1" speed="7622" time="6110" acceleration="9499"/>
    <motionState vehicle="2" speed="2616" time="6110" acceleration="-1490"/>
    <motionState vehicle="3" speed="2453" time="6110" acceleration="-1014"/>
    <motionState vehicle="4" speed="2347" time="6110" acceleration="273"/>
    <motionState vehicle="5" speed="8332" time="6110" acceleration="13636"/>
    <motionState vehicle="6" speed="2353" time="6110" acceleration="1679"/>
    <motionState vehicle="7" speed="2517" time="6110" acceleration="1874"/>
    <motionState vehicle="8" speed="2698" time="6110" acceleration="1622"/>
    <motionState vehicle="9" speed="2850" time="6110" acceleration="894"/>
    <motionState vehicle="10" speed="2925" time="6110" acceleration="-66"/>
    <motionState vehicle="11" speed="2901" time="6110" acceleration="-923"/>
    <motionState vehicle="0" speed="2791" time="6120" acceleration="-1495"/>
    <motionState vehicle="1" speed="7631" time="6120" acceleration="9514"/>
    <motionState vehicle="2" speed="2615" time="6120" acceleration="-1487"/>
    <motionState vehicle="3" speed="2452" time="6120" acceleration="-1002"/>
    <motionState vehicle="4" speed="2347" time="6120" acceleration="283"/>
    <motionState vehicle="5" speed="8345" time="6120" acceleration="13636"/>
    <motionState vehicle="6" speed="2355" time="6120" acceleration="1680"/>
    <motionState vehicle="7" speed="2519" time="6120" acceleration="1872"/>
    <motionState vehicle="8" speed="2700" time="6120" acceleration="1615"/>
    <motionState vehicle="9" speed="2851" time="6120" acceleration="883"/>
    <motionState vehicle="10" speed="2925" time="6120" acceleration="-75"/>
    <motionState vehicle="11" speed="2900" time="6120" acceleration="-929"/>
    <motionState vehicle="0" speed="2790" time="6130" acceleration="-1497"/>
    <motionState vehicle="1" speed="7641" time="6130" acceleration="9530"/>
    <motionState vehicle="2" speed="2613" time="6130" acceleration="-1484"/>
    <motionState vehicle="3" speed="2451" time="6130" acceleration="-991"/>
    <motionState vehicle="4" speed="2347" time="6130" acceleration="294"/>
    <motionState vehicle="5" speed="8359" time="6130" acceleration="13636"/>
    <motionState vehicle="6" speed="2356" time="6130" acceleration="1681"/>
    <motionState vehicle="7" speed="2521" time="6130" acceleration="1869"/>
    <motionState vehicle="8" speed="2701" time="6130" acceleration="1607"/>
    <motionState vehicle="9" speed="2852" time="6130" acceleration="873"/>
    <motionState vehicle="10" speed="2924" time="6130" acceleration="-85"/>
    <motionState vehicle="11" speed="2899" time="6130" acceleration="-936"/>
    <motionState vehicle="0" speed="2788" time="6140" acceleration="-1499"/>
    <motionState vehicle="1" speed="7650" time="6140" acceleration="9546"/>
    <motionState vehicle="2" speed="2612" time="6140" acceleration="-1481"/>
    <motionState vehicle="3" speed="2450" time="6140" acceleration="-980"/>
    <motionState vehicle="4" speed="2348" time="6140" acceleration="305"/>
    <motionState vehicle="5" speed="8373" time="6140" acceleration="13636"/>
    <motionState vehicle="6" speed="2358" time="6140" acceleration="1683"/>
    <motionState vehicle="7" speed="2523" time="6140" acceleration="1866"/>
    <motionState vehicle="8" speed="2703" time="6140" acceleration="1600"/>
    <motionState vehicle="9" speed="2853" time="6140" acceleration="863"/>
    <motionState vehicle="10" speed="2924" time="6140" acceleration="-94"/>
    <motionState vehicle="11" speed="2898" time="6140" acceleration="-942"/>
    <motionState vehicle="0" speed="2787" time="6150" acceleration="-1502"/>
    <motionState vehicle="1" speed="7660" time="6150" acceleration="9562"/>
    <motionState vehicle="2" speed="2610" time="6150" acceleration="-1477"/>
    <motionState vehicle="3" speed="2449" time="6150" acceleration="-968"/>
    <motionState vehicle="4" speed="2348" time="6150" acceleration="316"/>
    <motionState vehicle="5" speed="8386" time="6150" acceleration="13636"/>
    <motionState vehicle="6" speed="2360" time="6150" acceleration="1684"/>
    <motionState vehicle="7" speed="2524" time="6150" acceleration="1863"/>
    <motionState vehicle="8" speed="2705" time="6150" acceleration="1592"/>
    <motionState vehicle="9" speed="2854" time="6150" acceleration="853"/>
    <motionState vehicle="10" speed="2924" time="6150" acceleration="-103"/>
    <motionState vehicle="11" speed="2897" time="6150" acceleration="-949"/>
    <motionState vehicle="0" speed="2785" time="6160" acceleration="-1504"/>
    <motionState vehicle="1" speed="7670" time="6160" acceleration="9578"/>
    <motionState vehicle="2" speed="2609" time="6160" acceleration="-1474"/>
    <motionState vehicle="3" speed="2448" time="6160" acceleration="-957"/>
    <motionState vehicle="4" speed="2348" time="6160" acceleration="326"/>
    <motionState vehicle="5" speed="8400" time="6160" acceleration="13636"/>
    <motionState vehicle="6" speed="2361" time="6160" acceleration="1685"/>
    <motionState vehicle="7" speed="2526" time="6160" acceleration="1860"/>
    <motionState vehicle="8" speed="2706" time="6160" acceleration="1584"/>
    <motionState vehicle="9" speed="2854" time="6160" acceleration="843"/>
    <motionState vehicle="10" speed="2924" time="6160" acceleration="-112"/>
    <motionState vehicle="11" speed="2896" time="6160" acceleration="-955"/>
    <motionState vehicle="0" speed="2784" time="6170" acceleration="-1506"/>
    <motionState vehicle="1" speed="7679" time="6170" acceleration="9595"/>
    <motionState vehicle="2" speed="2607" time="6170" acceleration="-1470"/>
    <motionState vehicle="3" speed="2447" time="6170" acceleration="-946"/>
    <motionState vehicle="4" speed="2349" time="6170" acceleration="337"/>
    <motionState vehicle="5" speed="8414" time="6170" acceleration="13636"/>
    <motionState vehicle="6" speed="2363" time="6170" acceleration="1687"/>
    <motionState vehicle="7" speed="2528" time="6170" acceleration="1857"/>
    <motionState vehicle="8" speed="2708" time="6170" acceleration="1577"/>
    <motionState vehicle="9" speed="2855" time="6170" acceleration="833"/>
    <motionState vehicle="10" speed="2924" time="6170" acceleration="-121"/>
    <motionState vehicle="11" speed="2895" time="6170" acceleration="-962"/>
    <motionState vehicle="0" speed="2782" time="6180" acceleration="-1508"/>
    <motionState vehicle="1" speed="7689" time="6180" acceleration="9611"/>
    <motionState vehicle="2" speed="2606" time="6180" acceleration="-1467"/>
    <motionState vehicle="3" speed="2446" time="6180" acceleration="-935"/>
    <motionState vehicle="4" speed="2349" time="6180" acceleration="347"/>
    <motionState vehicle="5" speed="8427" time="6180" acceleration="13636"/>
    <motionState vehicle="6" speed="2365" time="6180" acceleration="1688"/>
    <motionState vehicle="7" speed="2530" time="6180" acceleration="1854"/>
    <motionState vehicle="8" speed="2709" time="6180" acceleration="1569"/>
    <motionState vehicle="9" speed="2856" time="6180" acceleration="823"/>
    <motionState vehicle="10" speed="2924" time="6180" acceleration="-131"/>
    <motionState vehicle="11" speed="2894" time="6180" acceleration="-968"/>
    <motionState vehicle="0" speed="2781" time="6190" acceleration="-1510"/>
    <motionState vehicle="1" speed="7698" time="6190" acceleration="9627"/>
    <motionState vehicle="2" speed="2604" time="6190" acceleration="-1463"/>
    <motionState vehicle="3" speed="2445" time="6190" acceleration="-923"/>
    <motionState vehicle="4" speed="2349" time="6190" acceleration="358"/>
    <motionState vehicle="5" speed="8441" time="6190" acceleration="13636"/>
    <motionState vehicle="6" speed="2366" time="6190" acceleration="1689"/>
    <motionState vehicle="7" speed="2532" time="6190" acceleration="1851"/>
    <motionState vehicle="8" speed="2711" time="6190" acceleration="1561"/>
    <motionState vehicle="9" speed="2857" time="6190" acceleration="813"/>
    <motionState vehicle="10" speed="2924" time="6190" acceleration="-140"/>
    <motionState vehicle="11" speed="2893" time="6190" acceleration="-974"/>
    <motionState vehicle="0" speed="2779" time="6200" acceleration="-1512"/>
    <motionState vehicle="1" speed="7708" time="6200" acceleration="9644"/>
    <motionState vehicle="2" speed="2603" time="6200" acceleration="-1459"/>
    <motionState vehicle="3" speed="2444" time="6200" acceleration="-912"/>
    <motionState vehicle="4" speed="2350" time="6200" acceleration="368"/>
    <motionState vehicle="5" speed="8455" time="6200" acceleration="13636"/>
    <motionState vehicle="6" speed="2368" time="6200" acceleration="1690"/>
    <motionState vehicle="7" speed="2534" time="6200" acceleration="1847"/>
    <motionState vehicle="8" speed="2713" time="6200" acceleration="1553"/>
    <motionState vehicle="9" speed="2858" time="6200" acceleration="803"/>
    <motionState vehicle="10" speed="2924" time="6200" acceleration="-149"/>
    <motionState vehicle="11" speed="2892" time="6200" acceleration="-981"/>
    <motionState vehicle="0" speed="2778" time="6210" acceleration="-1514"/>
    <motionState vehicle="1" speed="7718" time="6210" acceleration="9660"/>
    <motionState vehicle="2" speed="2601" time="6210" acceleration="-1455"/>
    <motionState vehicle="3" speed="2443" time="6210" acceleration="-901"/>
    <motionState vehicle="4" speed="2350" time="6210" acceleration="379"/>
    <motionState vehicle="5" speed="8468" time="6210" acceleration="13636"/>
    <motionState vehicle="6" speed="2370" time="6210" acceleration="1691"/>
    <motionState vehicle="7" speed="2536" time="6210" acceleration="1844"/>
    <motionState vehicle="8" speed="2714" time="6210" acceleration="1546"/>
    <motionState vehicle="9" speed="2858" time="6210" acceleration="793"/>
    <motionState vehicle="10" speed="2923" time="6210" acceleration="-158"/>
    <motionState vehicle="11" speed="2891" time="6210" acceleration="-987"/>
    <motionState vehicle="0" speed="2776" time="6220" acceleration="-1515"/>
    <motionState vehicle="1" speed="7727" time="6220" acceleration="9677"/>
    <motionState vehicle="2" speed="2600" time="6220" acceleration="-1452"/>
    <motionState vehicle="3" speed="2443" time="6220" acceleration="-889"/>
    <motionState vehicle="4" speed="2350" time="6220" acceleration="389"/>
    <motionState vehicle="5" speed="8482" time="6220" acceleration="13636"/>
    <motionState vehicle="6" speed="2371" time="6220" acceleration="1692"/>
    <motionState vehicle="7" speed="2537" time="6220" acceleration="1841"/>
    <motionState vehicle="8" speed="2716" time="6220" acceleration="1538"/>
    <motionState vehicle="9" speed="2859" time="6220" acceleration="783"/>
    <motionState vehicle="10" speed="2923" time="6220" acceleration="-167"/>
    <motionState vehicle="11" speed="2890" time="6220" acceleration="-993"/>
    <motionState vehicle="0" speed="2775" time="6230" acceleration="-1517"/>
    <motionState vehicle="1" speed="7737" time="6230" acceleration="9693"/>
    <motionState vehicle="2" speed="2599" time="6230" acceleration="-1448"/>
    <motionState vehicle="3" speed="2442" time="6230" acceleration="-878"/>
    <motionState vehicle="4" speed="2351" time="6230" acceleration="399"/>
    <motionState vehicle="5" speed="8495" time="6230" acceleration="13636"/>
    <motionState vehicle="6" speed="2373" time="6230" acceleration="1694"/>
    <motionState vehicle="7" speed="2539" time="6230" acceleration="1838"/>
    <motionState vehicle="8" speed="2717" time="6230" acceleration="1530"/>
    <motionState vehicle="9" speed="2860" time="6230" acceleration="773"/>
    <motionState vehicle="10" speed="2923" time="6230" acceleration="-176"/>
    <motionState vehicle="11" speed="2889" time="6230" acceleration="-999"/>
    <motionState vehicle="0" speed="2773" time="6240" acceleration="-1519"/>
    <motionState vehicle="1" speed="7747" time="6240" acceleration="9710"/>
    <motionState vehicle="2" speed="2597" time="6240" acceleration="-1443"/>
    <motionState vehicle="3" speed="2441" time="6240" acceleration="-867"/>
    <motionState vehicle="4" speed="2351" time="6240" acceleration="409"/>
    <motionState vehicle="5" speed="8509" time="6240" acceleration="13636"/>
    <motionState vehicle="6" speed="2375" time="6240" acceleration="1695"/>
    <motionState vehicle="7" speed="2541" time="6240" acceleration="1834"/>
    <motionState vehicle="8" speed="2719" time="6240" acceleration="1522"/>
    <motionState vehicle="9" speed="2861" time="6240" acceleration="763"/>
    <motionState vehicle="10" speed="2923" time="6240" acceleration="-185"/>
    <motionState vehicle="11" speed="2888" time="6240" acceleration="-1005"/>
    <motionState vehicle="0" speed="2772" time="6250" acceleration="-1520"/>
    <motionState vehicle="1" speed="7756" time="6250" acceleration="9727"/>
    <motionState vehicle="2" speed="2596" time="6250" acceleration="-1439"/>
    <motionState vehicle="3" speed="2440" time="6250" acceleration="-855"/>
    <motionState vehicle="4" speed="2352" time="6250" acceleration="419"/>
    <motionState vehicle="5" speed="8523" time="6250" acceleration="13636"/>
    <motionState vehicle="6" speed="2376" time="6250" acceleration="1696"/>
    <motionState vehicle="7" speed="2543" time="6250" acceleration="1831"/>
    <motionState vehicle="8" speed="2720" time="6250" acceleration="1515"/>
    <motionState vehicle="9" speed="2862" time="6250" acceleration="754"/>
    <motionState vehicle="10" speed="2923" time="6250" acceleration="-194"/>
    <motionState vehicle="11" speed="2887" time="6250" acceleration="-1011"/>
    <motionState vehicle="0" speed="2770" time="6260" acceleration="-1522"/>
    <motionState vehicle="1" speed="7766" time="6260" acceleration="9744"/>
    <motionState vehicle="2" speed="2594" time="6260" acceleration="-1435"/>
    <motionState vehicle="3" speed="2439" time="6260" acceleration="-844"/>
    <motionState vehicle="4" speed="2352" time="6260" acceleration="429"/>
    <motionState vehicle="5" speed="8536" time="6260" acceleration="13636"/>
    <motionState vehicle="6" speed="2378" time="6260" acceleration="1696"/>
    <motionState vehicle="7" speed="2545" time="6260" acceleration="1828"/>
    <motionState vehicle="8" speed="2722" time="6260" acceleration="1507"/>
    <motionState vehicle="9" speed="2862" time="6260" acceleration="744"/>
    <motionState vehicle="10" speed="2922" time="6260" acceleration="-202"/>
    <motionState vehicle="11" speed="2886" time="6260" acceleration="-1017"/>
    <motionState vehicle="0" speed="2769" time="6270" acceleration="-1523"/>
    <motionState vehicle="1" speed="7776" time="6270" acceleration="9760"/>
    <motionState vehicle="2" speed="2593" time="6270" acceleration="-1431"/>
    <motionState vehicle="3" speed="2438" time="6270" acceleration="-832"/>
    <motionState vehicle="4" speed="2353" time="6270" acceleration="439"/>
    <motionState vehicle="5" speed="8550" time="6270" acceleration="13636"/>
    <motionState vehicle="6" speed="2380" time="6270" acceleration="1697"/>
    <motionState vehicle="7" speed="2547" time="6270" acceleration="1824"/>
    <motionState vehicle="8" speed="2723" time="6270" acceleration="1499"/>
    <motionState vehicle="9" speed="2863" time="6270" acceleration="734"/>
    <motionState vehicle="10" speed="2922" time="6270" acceleration="-211"/>
    <motionState vehicle="11" speed="2885" time="6270" acceleration="-1023"/>
    <motionState vehicle="0" speed="2767" time="6280" acceleration="-1524"/>
    <motionState vehicle="1" speed="7786" time="6280" acceleration="9777"/>
    <motionState vehicle="2" speed="2591" time="6280" acceleration="-1426"/>
    <motionState vehicle="3" speed="2438" time="6280" acceleration="-821"/>
    <motionState vehicle="4" speed="2353" time="6280" acceleration="449"/>
    <motionState vehicle="5" speed="8564" time="6280" acceleration="13636"/>
    <motionState vehicle="6" speed="2382" time="6280" acceleration="1698"/>
    <motionState vehicle="7" speed="2548" time="6280" acceleration="1821"/>
    <motionState vehicle="8" speed="2725" time="6280" acceleration="1491"/>
    <motionState vehicle="9" speed="2864" time="6280" acceleration="724"/>
    <motionState vehicle="10" speed="2922" time="6280" acceleration="-220"/>
    <motionState vehicle="11" speed="2884" time="6280" acceleration="-1029"/>
    <motionState vehicle="0" speed="2766" time="6290" acceleration="-1525"/>
    <motionState vehicle="1" speed="7796" time="6290" acceleration="9794"/>
    <motionState vehicle="2" speed="2590" time="6290" acceleration="-1422"/>
    <motionState vehicle="3" speed="2437" time="6290" acceleration="-810"/>
    <motionState vehicle="4" speed="2353" time="6290" acceleration="459"/>
    <motionState vehicle="5" speed="8577" time="6290" acceleration="13636"/>
    <motionState vehicle="6" speed="2383" time="6290" acceleration="1699"/>
    <motionState vehicle="7" speed="2550" time="6290" acceleration="1817"/>
    <motionState vehicle="8" speed="2726" time="6290" acceleration="1483"/>
    <motionState vehicle="9" speed="2864" time="6290" acceleration="714"/>
    <motionState vehicle="10" speed="2922" time="6290" acceleration="-229"/>
    <motionState vehicle="11" speed="2883" time="6290" acceleration="-1034"/>
    <motionState vehicle="0" speed="2764" time="6300" acceleration="-1527"/>
    <motionState vehicle="1" speed="7805" time="6300" acceleration="9811"/>
    <motionState vehicle="2" speed="2589" time="6300" acceleration="-1417"/>
    <motionState vehicle="3" speed="2436" time="6300" acceleration="-798"/>
    <motionState vehicle="4" speed="2354" time="6300" acceleration="469"/>
    <motionState vehicle="5" speed="8591" time="6300" acceleration="13636"/>
    <motionState vehicle="6" speed="2385" time="6300" acceleration="1700"/>
    <motionState vehicle="7" speed="2552" time="6300" acceleration="1814"/>
    <motionState vehicle="8" speed="2728" time="6300" acceleration="1475"/>
    <motionState vehicle="9" speed="2865" time="6300" acceleration="704"/>
    <motionState vehicle="10" speed="2922" time="6300" acceleration="-238"/>
    <motionState vehicle="11" speed="2882" time="6300" acceleration="-1040"/>
    <motionState vehicle="0" speed="2763" time="6310" acceleration="-1528"/>
    <motionState vehicle="1" speed="7815" time="6310" acceleration="9828"/>
    <motionState vehicle="2" speed="2587" time="6310" acceleration="-1413"/>
    <motionState vehicle="3" speed="2435" time="6310" acceleration="-787"/>
    <motionState vehicle="4" speed="2354" time="6310" acceleration="479"/>
    <motionState vehicle="5" speed="8605" time="6310" acceleration="13636"/>
    <motionState vehicle="6" speed="2387" time="6310" acceleration="1701"/>
    <motionState vehicle="7" speed="2554" time="6310" acceleration="1810"/>
    <motionState vehicle="8" speed="2729" time="6310" acceleration="1467"/>
    <motionState vehicle="9" speed="2866" time="6310" acceleration="694"/>
    <motionState vehicle="10" speed="2921" time="6310" acceleration="-246"/>
    <motionState vehicle="11" speed="2881" time="6310" acceleration="-1046"/>
    <motionState vehicle="0" speed="2761" time="6320" acceleration="-1529"/>
    <motionState vehicle="1" speed="7825" time="6320" acceleration="9845"/>
    <motionState vehicle="2" speed="2586" time="6320" acceleration="-1408"/>
    <motionState vehicle="3" speed="2434" time="6320" acceleration="-776"/>
    <motionState vehicle="4" speed="2355" time="6320" acceleration="488"/>
    <motionState vehicle="5" speed="8618" time="6320" acceleration="13636"/>
    <motionState vehicle="6" speed="2388" time="6320" acceleration="1701"/>
    <motionState vehicle="7" speed="2556" time="6320" acceleration="1806"/>
    <motionState vehicle="8" speed="2731" time="6320" acceleration="1459"/>
    <motionState vehicle="9" speed="2867" time="6320" acceleration="684"/>
    <motionState vehicle="10" speed="2921" time="6320" acceleration="-255"/>
    <motionState vehicle="11" speed="2880" time="6320" acceleration="-1052"/>
    <motionState vehicle="0" speed="2760" time="6330" acceleration="-1530"/>
    <motionState vehicle="1" speed="7835" time="6330" acceleration="9862"/>
    <motionState vehicle="2" speed="2584" time="6330" acceleration="-1403"/>
    <motionState vehicle="3" speed="2434" time="6330" acceleration="-764"/>
    <motionState vehicle="4" speed="2355" time="6330" acceleration="498"/>
    <motionState vehicle="5" speed="8632" time="6330" acceleration="13636"/>
    <motionState vehicle="6" speed="2390" time="6330" acceleration="1702"/>
    <motionState vehicle="7" speed="2557" time="6330" acceleration="1803"/>
    <motionState vehicle="8" speed="2732" time="6330" acceleration="1451"/>
    <motionState vehicle="9" speed="2867" time="6330" acceleration="675"/>
    <motionState vehicle="10" speed="2921" time="6330" acceleration="-264"/>
    <motionState vehicle="11" speed="2879" time="6330" acceleration="-1057"/>
    <motionState vehicle="0" speed="2758" time="6340" acceleration="-1531"/>
    <motionState vehicle="1" speed="7845" time="6340" acceleration="9879"/>
    <motionState vehicle="2" speed="2583" time="6340" acceleration="-1398"/>
    <motionState vehicle="3" speed="2433" time="6340" acceleration="-753"/>
    <motionState vehicle="4" speed="2356" time="6340" acceleration="508"/>
    <motionState vehicle="5" speed="8645" time="6340" acceleration="13636"/>
    <motionState vehicle="6" speed="2392" time="6340" acceleration="1703"/>
    <motionState vehicle="7" speed="2559" time="6340" acceleration="1799"/>
    <motionState vehicle="8" speed="2733" time="6340" acceleration="1443"/>
    <motionState vehicle="9" speed="2868" time="6340" acceleration="665"/>
    <motionState vehicle="10" speed="2921" time="6340" acceleration="-272"/>
    <motionState vehicle="11" speed="2878" time="6340" acceleration="-1063"/>
    <motionState vehicle="0" speed="2757" time="6350" acceleration="-1531"/>
    <motionState vehicle="1" speed="7855" time="6350" acceleration="9897"/>
    <motionState vehicle="2" speed="2581" time="6350" acceleration="-1393"/>
    <motionState vehicle="3" speed="2432" time="6350" acceleration="-742"/>
    <motionState vehicle="4" speed="2356" time="6350" acceleration="517"/>
    <motionState vehicle="5" speed="8659" time="6350" acceleration="13636"/>
    <motionState vehicle="6" speed="2393" time="6350" acceleration="1703"/>
    <motionState vehicle="7" speed="2561" time="6350" acceleration="1795"/>
    <motionState vehicle="8" speed="2735" time="6350" acceleration="1435"/>
    <motionState vehicle="9" speed="2868" time="6350" acceleration="655"/>
    <motionState vehicle="10" speed="2920" time="6350" acceleration="-281"/>
    <motionState vehicle="11" speed="2877" time="6350" acceleration="-1068"/>
    <motionState vehicle="0" speed="2755" time="6360" acceleration="-1532"/>
    <motionState vehicle="1" speed="7865" time="6360" acceleration="9914"/>
    <motionState vehicle="2" speed="2580" time="6360" acceleration="-1388"/>
    <motionState vehicle="3" speed="2431" time="6360" acceleration="-730"/>
    <motionState vehicle="4" speed="2357" time="6360" acceleration="527"/>
    <motionState vehicle="5" speed="8673" time="6360" acceleration="13636"/>
    <motionState vehicle="6" speed="2395" time="6360" acceleration="1704"/>
    <motionState vehicle="7" speed="2563" time="6360" acceleration="1791"/>
    <motionState vehicle="8" speed="2736" time="6360" acceleration="1427"/>
    <motionState vehicle="9" speed="2869" time="6360" acceleration="645"/>
    <motionState vehicle="10" speed="2920" time="6360" acceleration="-289"/>
    <motionState vehicle="11" speed="2876" time="6360" acceleration="-1074"/>
    <motionState vehicle="0" speed="2753" time="6370" acceleration="-1533"/>
    <motionState vehicle="1" speed="7874" time="6370" acceleration="9931"/>
    <motionState vehicle="2" speed="2579" time="6370" acceleration="-1383"/>
    <motionState vehicle="3" speed="2431" time="6370" acceleration="-719"/>
    <motionState vehicle="4" speed="2357" time="6370" acceleration="536"/>
    <motionState vehicle="5" speed="8686" time="6370" acceleration="13636"/>
    <motionState vehicle="6" speed="2397" time="6370" acceleration="1704"/>
    <motionState vehicle="7" speed="2565" time="6370" acceleration="1788"/>
    <motionState vehicle="8" speed="2738" time="6370" acceleration="1419"/>
    <motionState vehicle="9" speed="2870" time="6370" acceleration="636"/>
    <motionState vehicle="10" speed="2920" time="6370" acceleration="-298"/>
    <motionState vehicle="11" speed="2875" time="6370" acceleration="-1079"/>
    <motionState vehicle="0" speed="2752" time="6380" acceleration="-1533"/>
    <motionState vehicle="1" speed="7884" time="6380" acceleration="9948"/>
    <motionState vehicle="2" speed="2577" time="6380" acceleration="-1378"/>
    <motionState vehicle="3" speed="2430" time="6380" acceleration="-708"/>
    <motionState vehicle="4" speed="2358" time="6380" acceleration="545"/>
    <motionState vehicle="5" speed="8700" time="6380" acceleration="13636"/>
    <motionState vehicle="6" speed="2399" time="6380" acceleration="1705"/>
    <motionState vehicle="7" speed="2566" time="6380" acceleration="1784"/>
    <motionState vehicle="8" speed="2739" time="6380" acceleration="1411"/>
    <motionState vehicle="9" speed="2870" time="6380" acceleration="626"/>
    <motionState vehicle="10" speed="2919" time="6380" acceleration="-306"/>
    <motionState vehicle="11" speed="2874" time="6380" acceleration="-1084"/>
    <motionState vehicle="0" speed="2750" time="6390" acceleration="-1534"/>
    <motionState vehicle="1" speed="7894" time="6390" acceleration="9965"/>
    <motionState vehicle="2" speed="2576" time="6390" acceleration="-1373"/>
    <motionState vehicle="3" speed="2429" time="6390" acceleration="-696"/>
    <motionState vehicle="4" speed="2359" time="6390" acceleration="555"/>
    <motionState vehicle="5" speed="8714" time="6390" acceleration="13636"/>
    <motionState vehicle="6" speed="2400" time="6390" acceleration="1705"/>
    <motionState vehicle="7" speed="2568" time="6390" acceleration="1780"/>
    <motionState vehicle="8" speed="2741" time="6390" acceleration="1403"/>
    <motionState vehicle="9" speed="2871" time="6390" acceleration="616"/>
    <motionState vehicle="10" speed="2919" time="6390" acceleration="-315"/>
    <motionState vehicle="11" speed="2873" time="6390" acceleration="-1090"/>
    <motionState vehicle="0" speed="2749" time="6400" acceleration="-1534"/>
    <motionState vehicle="1" speed="7904" time="6400" acceleration="9983"/>
    <motionState vehicle="2" speed="2575" time="6400" acceleration="-1367"/>
    <motionState vehicle="3" speed="2429" time="6400" acceleration="-685"/>
    <motionState vehicle="4" speed="2359" time="6400" acceleration="564"/>
    <motionState vehicle="5" speed="8727" time="6400" acceleration="13636"/>
    <motionState vehicle="6" speed="2402" time="6400" acceleration="1706"/>
    <motionState vehicle="7" speed="2570" time="6400" acceleration="1776"/>
    <motionState vehicle="8" speed="2742" time="6400" acceleration="1395"/>
    <motionState vehicle="9" speed="2872" time="6400" acceleration="606"/>
    <motionState vehicle="10" speed="2919" time="6400" acceleration="-323"/>
    <motionState vehicle="11" speed="2872" time="6400" acceleration="-1095"/>
    <motionState vehicle="0" speed="2747" time="6410" acceleration="-1535"/>
    <motionState vehicle="1" speed="7914" time="6410" acceleration="10000"/>
    <motionState vehicle="2" speed="2573" time="6410" acceleration="-1362"/>
    <motionState vehicle="3" speed="2428" time="6410" acceleration="-674"/>
    <motionState vehicle="4" speed="2360" time="6410" acceleration="573"/>
    <motionState vehicle="5" speed="8741" time="6410" acceleration="13636"/>
    <motionState vehicle="6" speed="2404" time="6410" acceleration="1706"/>
    <motionState vehicle="7" speed="2572" time="6410" acceleration="1772"/>
    <motionState vehicle="8" speed="2743" time="6410" acceleration="1387"/>
    <motionState vehicle="9" speed="2872" time="6410" acceleration="597"/>
    <motionState vehicle="10" speed="2918" time="6410" acceleration="-331"/>
    <motionState vehicle="11" speed="2871" time="6410" acceleration="-1100"/>
    <motionState vehicle="0" speed="2746" time="6420" acceleration="-1535"/>
    <motionState vehicle="1" speed="7924" time="6420" acceleration="10017"/>
    <motionState vehicle="2" speed="2572" time="6420" acceleration="-1357"/>
    <motionState vehicle="3" speed="2427" time="6420" acceleration="-663"/>
    <motionState vehicle="4" speed="2360" time="6420" acceleration="582"/>
    <motionState vehicle="5" speed="8755" time="6420" acceleration="13636"/>
    <motionState vehicle="6" speed="2405" time="6420" acceleration="1707"/>
    <motionState vehicle="7" speed="2573" time="6420" acceleration="1768"/>
    <motionState vehicle="8" speed="2745" time="6420" acceleration="1379"/>
    <motionState vehicle="9" speed="2873" time="6420" acceleration="587"/>
    <motionState vehicle="10" speed="2918" time="6420" acceleration="-340"/>
    <motionState vehicle="11" speed="2869" time="6420" acceleration="-1105"/>
    <motionState vehicle="0" speed="2744" time="6430" acceleration="-1535"/>
    <motionState vehicle="1" speed="7934" time="6430" acceleration="10034"/>
    <motionState vehicle="2" speed="2571" time="6430" acceleration="-1351"/>
    <motionState vehicle="3" speed="2427" time="6430" acceleration="-651"/>
    <motionState vehicle="4" speed="2361" time="6430" acceleration="591"/>
    <motionState vehicle="5" speed="8768" time="6430" acceleration="13636"/>
    <motionState vehicle="6" speed="2407" time="6430" acceleration="1707"/>
    <motionState vehicle="7" speed="2575" time="6430" acceleration="1764"/>
    <motionState vehicle="8" speed="2746" time="6430" acceleration="1371"/>
    <motionState vehicle="9" speed="2873" time="6430" acceleration="577"/>
    <motionState vehicle="10" speed="2918" time="6430" acceleration="-348"/>
    <motionState vehicle="11" speed="2868" time="6430" acceleration="-1110"/>
    <motionState vehicle="0" speed="2743" time="6440" acceleration="-1535"/>
    <motionState vehicle="1" speed="7944" time="6440" acceleration="10052"/>
    <motionState vehicle="2" speed="2569" time="6440" acceleration="-1346"/>
    <motionState vehicle="3" speed="2426" time="6440" acceleration="-640"/>
    <motionState vehicle="4" speed="2361" time="6440" acceleration="600"/>
    <motionState vehicle="5" speed="8782" time="6440" acceleration="13636"/>
    <motionState vehicle="6" speed="2409" time="6440" acceleration="1707"/>
    <motionState vehicle="7" speed="2577" time="6440" acceleration="1760"/>
    <motionState vehicle="8" speed="2747" time="6440" acceleration="1363"/>
    <motionState vehicle="9" speed="2874" time="6440" acceleration="568"/>
    <motionState vehicle="10" speed="2917" time="6440" acceleration="-356"/>
    <motionState vehicle="11" speed="2867" time="6440" acceleration="-1115"/>
    <motionState vehicle="0" speed="2741" time="6450" acceleration="-1535"/>
    <motionState vehicle="1" speed="7955" time="6450" acceleration="10069"/>
    <motionState vehicle="2" speed="2568" time="6450" acceleration="-1340"/>
    <motionState vehicle="3" speed="2425" time="6450" acceleration="-629"/>
    <motionState vehicle="4" speed="2362" time="6450" acceleration="609"/>
    <motionState vehicle="5" speed="8795" time="6450" acceleration="13636"/>
    <motionState vehicle="6" speed="2411" time="6450" acceleration="1707"/>
    <motionState vehicle="7" speed="2579" time="6450" acceleration="1756"/>
    <motionState vehicle="8" speed="2749" time="6450" acceleration="1355"/>
    <motionState vehicle="9" speed="2875" time="6450" acceleration="558"/>
    <motionState vehicle="10" speed="2917" time="6450" acceleration="-364"/>
    <motionState vehicle="11" speed="2866" time="6450" acceleration="-1120"/>
    <motionState vehicle="0" speed="2740" time="6460" acceleration="-1535"/>
    <motionState vehicle="1" speed="7965" time="6460" acceleration="10086"/>
    <motionState vehicle="2" speed="2567" time="6460" acceleration="-1334"/>
    <motionState vehicle="3" speed="2425" time="6460" acceleration="-618"/>
    <motionState vehicle="4" speed="2363" time="6460" acceleration="618"/>
    <motionState vehicle="5" speed="8809" time="6460" acceleration="13636"/>
    <motionState vehicle="6" speed="2412" time="6460" acceleration="1708"/>
    <motionState vehicle="7" speed="2580" time="6460" acceleration="1752"/>
    <motionState vehicle="8" speed="2750" time="6460" acceleration="1347"/>
    <motionState vehicle="9" speed="2875" time="6460" acceleration="548"/>
    <motionState vehicle="10" speed="2917" time="6460" acceleration="-373"/>
    <motionState vehicle="11" speed="2865" time="6460" acceleration="-1125"/>
    <motionState vehicle="0" speed="2738" time="6470" acceleration="-1535"/>
    <motionState vehicle="1" speed="7975" time="6470" acceleration="10104"/>
    <motionState vehicle="2" speed="2565" time="6470" acceleration="-1329"/>
    <motionState vehicle="3" speed="2424" time="6470" acceleration="-606"/>
    <motionState vehicle="4" speed="2363" time="6470" acceleration="627"/>
    <motionState vehicle="5" speed="8823" time="6470" acceleration="13636"/>
    <motionState vehicle="6" speed="2414" time="6470" acceleration="1708"/>
    <motionState vehicle="7" speed="2582" time="6470" acceleration="1747"/>
    <motionState vehicle="8" speed="2751" time="6470" acceleration="1339"/>
    <motionState vehicle="9" speed="2876" time="6470" acceleration="539"/>
    <motionState vehicle="10" speed="2916" time="6470" acceleration="-381"/>
    <motionState vehicle="11" speed="2864" time="6470" acceleration="-1130"/>
    <motionState vehicle="0" speed="2737" time="6480" acceleration="-1535"/>
    <motionState vehicle="1" speed="7985" time="6480" acceleration="10121"/>
    <motionState vehicle="2" speed="2564" time="6480" acceleration="-1323"/>
    <motionState vehicle="3" speed="2423" time="6480" acceleration="-595"/>
    <motionState vehicle="4" speed="2364" time="6480" acceleration="635"/>
    <motionState vehicle="5" speed="8836" time="6480" acceleration="13636"/>
    <motionState vehicle="6" speed="2416" time="6480" acceleration="1708"/>
    <motionState vehicle="7" speed="2584" time="6480" acceleration="1743"/>
    <motionState vehicle="8" speed="2753" time="6480" acceleration="1330"/>
    <motionState vehicle="9" speed="2876" time="6480" acceleration="529"/>
    <motionState vehicle="10" speed="2916" time="6480" acceleration="-389"/>
    <motionState vehicle="11" speed="2863" time="6480" acceleration="-1135"/>
    <motionState vehicle="0" speed="2735" time="6490" acceleration="-1535"/>
    <motionState vehicle="1" speed="7995" time="6490" acceleration="10139"/>
    <motionState vehicle="2" speed="2563" time="6490" acceleration="-1317"/>
    <motionState vehicle="3" speed="2423" time="6490" acceleration="-584"/>
    <motionState vehicle="4" speed="2365" time="6490" acceleration="644"/>
    <motionState vehicle="5" speed="8850" time="6490" acceleration="13636"/>
    <motionState vehicle="6" speed="2417" time="6490" acceleration="1708"/>
    <motionState vehicle="7" speed="2586" time="6490" acceleration="1739"/>
    <motionState vehicle="8" speed="2754" time="6490" acceleration="1322"/>
    <motionState vehicle="9" speed="2877" time="6490" acceleration="520"/>
    <motionState vehicle="10" speed="2915" time="6490" acceleration="-397"/>
    <motionState vehicle="11" speed="2862" time="6490" acceleration="-1140"/>
    <motionState vehicle="0" speed="2733" time="6500" acceleration="-1535"/>
    <motionState vehicle="1" speed="8005" time="6500" acceleration="10156"/>
    <motionState vehicle="2" speed="2561" time="6500" acceleration="-1311"/>
    <motionState vehicle="3" speed="2422" time="6500" acceleration="-573"/>
    <motionState vehicle="4" speed="2365" time="6500" acceleration="653"/>
    <motionState vehicle="5" speed="8864" time="6500" acceleration="13636"/>
    <motionState vehicle="6" speed="2419" time="6500" acceleration="1708"/>
    <motionState vehicle="7" speed="2587" time="6500" acceleration="1735"/>
    <motionState vehicle="8" speed="2755" time="6500" acceleration="1314"/>
    <motionState vehicle="9" speed="2877" time="6500" acceleration="510"/>
    <motionState vehicle="10" speed="2915" time="6500" acceleration="-405"/>
    <motionState vehicle="11" speed="2860" time="6500" acceleration="-1144"/>
    <motionState vehicle="0" speed="2732" time="6510" acceleration="-1534"/>
    <motionState vehicle="1" speed="8015" time="6510" acceleration="10173"/>
    <motionState vehicle="2" speed="2560" time="6510" acceleration="-1305"/>
    <motionState vehicle="3" speed="2422" time="6510" acceleration="-562"/>
    <motionState vehicle="4" speed="2366" time="6510" acceleration="661"/>
    <motionState vehicle="5" speed="8877" time="6510" acceleration="13636"/>
    <motionState vehicle="6" speed="2421" time="6510" acceleration="1708"/>
    <motionState vehicle="7" speed="2589" time="6510" acceleration="1730"/>
    <motionState vehicle="8" speed="2757" time="6510" acceleration="1306"/>
    <motionState vehicle="9" speed="2878" time="6510" acceleration="501"/>
    <motionState vehicle="10" speed="2915" time="6510" acceleration="-413"/>
    <motionState vehicle="11" speed="2859" time="6510" acceleration="-1149"/>
    <motionState vehicle="0" speed="2730" time="6520" acceleration="-1534"/>
    <motionState vehicle="1" speed="8026" time="6520" acceleration="10191"/>
    <motionState vehicle="2" speed="2559" time="6520" acceleration="-1299"/>
    <motionState vehicle="3" speed="2421" time="6520" acceleration="-550"/>
    <motionState vehicle="4" speed="2367" time="6520" acceleration="670"/>
    <motionState vehicle="5" speed="8891" time="6520" acceleration="13636"/>
    <motionState vehicle="6" speed="2422" time="6520" acceleration="1708"/>
    <motionState vehicle="7" speed="2591" time="6520" acceleration="1726"/>
    <motionState vehicle="8" speed="2758" time="6520" acceleration="1298"/>
    <motionState vehicle="9" speed="2878" time="6520" acceleration="491"/>
    <motionState vehicle="10" speed="2914" time="6520" acceleration="-421"/>
    <motionState vehicle="11" speed="2858" time="6520" acceleration="-1154"/>
    <motionState vehicle="0" speed="2729" time="6530" acceleration="-1534"/>
    <motionState vehicle="1" speed="8036" time="6530" acceleration="10208"/>
    <motionState vehicle="2" speed="2557" time="6530" acceleration="-1293"/>
    <motionState vehicle="3" speed="2421" time="6530" acceleration="-539"/>
    <motionState vehicle="4" speed="2367" time="6530" acceleration="678"/>
    <motionState vehicle="5" speed="8905" time="6530" acceleration="13636"/>
    <motionState vehicle="6" speed="2424" time="6530" acceleration="1708"/>
    <motionState vehicle="7" speed="2593" time="6530" acceleration="1722"/>
    <motionState vehicle="8" speed="2759" time="6530" acceleration="1289"/>
    <motionState vehicle="9" speed="2879" time="6530" acceleration="482"/>
    <motionState vehicle="10" speed="2914" time="6530" acceleration="-429"/>
    <motionState vehicle="11" speed="2857" time="6530" acceleration="-1158"/>
    <motionState vehicle="0" speed="2727" time="6540" acceleration="-1533"/>
    <motionState vehicle="1" speed="8046" time="6540" acceleration="10225"/>
    <motionState vehicle="2" speed="2556" time="6540" acceleration="-1287"/>
    <motionState vehicle="3" speed="2420" time="6540" acceleration="-528"/>
    <motionState vehicle="4" speed="2368" time="6540" acceleration="686"/>
    <motionState vehicle="5" speed="8918" time="6540" acceleration="13636"/>
    <motionState vehicle="6" speed="2426" time="6540" acceleration="1708"/>
    <motionState vehicle="7" speed="2594" time="6540" acceleration="1717"/>
    <motionState vehicle="8" speed="2761" time="6540" acceleration="1281"/>
    <motionState vehicle="9" speed="2879" time="6540" acceleration="472"/>
    <motionState vehicle="10" speed="2913" time="6540" acceleration="-437"/>
    <motionState vehicle="11" speed="2856" time="6540" acceleration="-1163"/>
    <motionState vehicle="0" speed="2726" time="6550" acceleration="-1532"/>
    <motionState vehicle="1" speed="8056" time="6550" acceleration="10243"/>
    <motionState vehicle="2" speed="2555" time="6550" acceleration="-1280"/>
    <motionState vehicle="3" speed="2420" time="6550" acceleration="-517"/>
    <motionState vehicle="4" speed="2369" time="6550" acceleration="695"/>
    <motionState vehicle="5" speed="8932" time="6550" acceleration="13636"/>
    <motionState vehicle="6" speed="2428" time="6550" acceleration="1708"/>
    <motionState vehicle="7" speed="2596" time="6550" acceleration="1713"/>
    <motionState vehicle="8" speed="2762" time="6550" acceleration="1273"/>
    <motionState vehicle="9" speed="2880" time="6550" acceleration="463"/>
    <motionState vehicle="10" speed="2913" time="6550" acceleration="-445"/>
    <motionState vehicle="11" speed="2855" time="6550" acceleration="-1167"/>
    <motionState vehicle="0" speed="2724" time="6560" acceleration="-1532"/>
    <motionState vehicle="1" speed="8066" time="6560" acceleration="10260"/>
    <motionState vehicle="2" speed="2553" time="6560" acceleration="-1274"/>
    <motionState vehicle="3" speed="2419" time="6560" acceleration="-506"/>
    <motionState vehicle="4" speed="2369" time="6560" acceleration="703"/>
    <motionState vehicle="5" speed="8945" time="6560" acceleration="13636"/>
    <motionState vehicle="6" speed="2429" time="6560" acceleration="1708"/>
    <motionState vehicle="7" speed="2598" time="6560" acceleration="1708"/>
    <motionState vehicle="8" speed="2763" time="6560" acceleration="1265"/>
    <motionState vehicle="9" speed="2880" time="6560" acceleration="453"/>
    <motionState vehicle="10" speed="2912" time="6560" acceleration="-452"/>
    <motionState vehicle="11" speed="2853" time="6560" acceleration="-1172"/>
    <motionState vehicle="0" speed="2723" time="6570" acceleration="-1531"/>
    <motionState vehicle="1" speed="8077" time="6570" acceleration="10277"/>
    <motionState vehicle="2" speed="2552" time="6570" acceleration="-1268"/>
    <motionState vehicle="3" speed="2419" time="6570" acceleration="-495"/>
    <motionState vehicle="4" speed="2370" time="6570" acceleration="711"/>
    <motionState vehicle="5" speed="8959" time="6570" acceleration="13636"/>
    <motionState vehicle="6" speed="2431" time="6570" acceleration="1707"/>
    <motionState vehicle="7" speed="2599" time="6570" acceleration="1704"/>
    <motionState vehicle="8" speed="2764" time="6570" acceleration="1256"/>
    <motionState vehicle="9" speed="2880" time="6570" acceleration="444"/>
    <motionState vehicle="10" speed="2912" time="6570" acceleration="-460"/>
    <motionState vehicle="11" speed="2852" time="6570" acceleration="-1176"/>
    <motionState vehicle="0" speed="2721" time="6580" acceleration="-1530"/>
    <motionState vehicle="1" speed="8087" time="6580" acceleration="10295"/>
    <motionState vehicle="2" speed="2551" time="6580" acceleration="-1261"/>
    <motionState vehicle="3" speed="2418" time="6580" acceleration="-484"/>
    <motionState vehicle="4" speed="2371" time="6580" acceleration="719"/>
    <motionState vehicle="5" speed="8973" time="6580" acceleration="13636"/>
    <motionState vehicle="6" speed="2433" time="6580" acceleration="1707"/>
    <motionState vehicle="7" speed="2601" time="6580" acceleration="1699"/>
    <motionState vehicle="8" speed="2766" time="6580" acceleration="1248"/>
    <motionState vehicle="9" speed="2881" time="6580" acceleration="434"/>
    <motionState vehicle="10" speed="2911" time="6580" acceleration="-468"/>
    <motionState vehicle="11" speed="2851" time="6580" acceleration="-1180"/>
    <motionState vehicle="0" speed="2720" time="6590" acceleration="-1529"/>
    <motionState vehicle="1" speed="8097" time="6590" acceleration="10312"/>
    <motionState vehicle="2" speed="2550" time="6590" acceleration="-1255"/>
    <motionState vehicle="3" speed="2418" time="6590" acceleration="-473"/>
    <motionState vehicle="4" speed="2372" time="6590" acceleration="727"/>
    <motionState vehicle="5" speed="8986" time="6590" acceleration="13636"/>
    <motionState vehicle="6" speed="2434" time="6590" acceleration="1707"/>
    <motionState vehicle="7" speed="2603" time="6590" acceleration="1695"/>
    <motionState vehicle="8" speed="2767" time="6590" acceleration="1240"/>
    <motionState vehicle="9" speed="2881" time="6590" acceleration="425"/>
    <motionState vehicle="10" speed="2911" time="6590" acceleration="-476"/>
    <motionState vehicle="11" speed="2850" time="6590" acceleration="-1185"/>
    <motionState vehicle="0" speed="2718" time="6600" acceleration="-1528"/>
    <motionState vehicle="1" speed="8108" time="6600" acceleration="10329"/>
    <motionState vehicle="2" speed="2548" time="6600" acceleration="-1248"/>
    <motionState vehicle="3" speed="2417" time="6600" acceleration="-462"/>
    <motionState vehicle="4" speed="2372" time="6600" acceleration="735"/>
    <motionState vehicle="5" speed="9000" time="6600" acceleration="13636"/>
    <motionState vehicle="6" speed="2436" time="6600" acceleration="1707"/>
    <motionState vehicle="7" speed="2605" time="6600" acceleration="1690"/>
    <motionState vehicle="8" speed="2768" time="6600" acceleration="1232"/>
    <motionState vehicle="9" speed="2882" time="6600" acceleration="416"/>
    <motionState vehicle="10" speed="2911" time="6600" acceleration="-483"/>
    <motionState vehicle="11" speed="2849" time="6600" acceleration="-1189"/>
    <motionState vehicle="0" speed="2717" time="6610" acceleration="-1527"/>
    <motionState vehicle="1" speed="8118" time="6610" acceleration="10347"/>
    <motionState vehicle="2" speed="2547" time="6610" acceleration="-1242"/>
    <motionState vehicle="3" speed="2417" time="6610" acceleration="-451"/>
    <motionState vehicle="4" speed="2373" time="6610" acceleration="743"/>
    <motionState vehicle="5" speed="9014" time="6610" acceleration="13636"/>
    <motionState vehicle="6" speed="2438" time="6610" acceleration="1706"/>
    <motionState vehicle="7" speed="2606" time="6610" acceleration="1685"/>
    <motionState vehicle="8" speed="2769" time="6610" acceleration="1223"/>
    <motionState vehicle="9" speed="2882" time="6610" acceleration="406"/>
    <motionState vehicle="10" speed="2910" time="6610" acceleration="-491"/>
    <motionState vehicle="11" speed="2847" time="6610" acceleration="-1193"/>
    <motionState vehicle="0" speed="2715" time="6620" acceleration="-1526"/>
    <motionState vehicle="1" speed="8128" time="6620" acceleration="10364"/>
    <motionState vehicle="2" speed="2546" time="6620" acceleration="-1235"/>
    <motionState vehicle="3" speed="2416" time="6620" acceleration="-440"/>
    <motionState vehicle="4" speed="2374" time="6620" acceleration="751"/>
    <motionState vehicle="5" speed="9027" time="6620" acceleration="13636"/>
    <motionState vehicle="6" speed="2440" time="6620" acceleration="1706"/>
    <motionState vehicle="7" speed="2608" time="6620" acceleration="1681"/>
    <motionState vehicle="8" speed="2771" time="6620" acceleration="1215"/>
    <motionState vehicle="9" speed="2883" time="6620" acceleration="397"/>
    <motionState vehicle="10" speed="2910" time="6620" acceleration="-499"/>
    <motionState vehicle="11" speed="2846" time="6620" acceleration="-1197"/>
    <motionState vehicle="0" speed="2714" time="6630" acceleration="-1525"/>
    <motionState vehicle="1" speed="8139" time="6630" acceleration="10381"/>
    <motionState vehicle="2" speed="2545" time="6630" acceleration="-1228"/>
    <motionState vehicle="3" speed="2416" time="6630" acceleration="-429"/>
    <motionState vehicle="4" speed="2374" time="6630" acceleration="759"/>
    <motionState vehicle="5" speed="9041" time="6630" acceleration="13636"/>
    <motionState vehicle="6" speed="2441" time="6630" acceleration="1705"/>
    <motionState vehicle="7" speed="2610" time="6630" acceleration="1676"/>
    <motionState vehicle="8" speed="2772" time="6630" acceleration="1207"/>
    <motionState vehicle="9" speed="2883" time="6630" acceleration="388"/>
    <motionState vehicle="10" speed="2909" time="6630" acceleration="-506"/>
    <motionState vehicle="11" speed="2845" time="6630" acceleration="-1201"/>
    <motionState vehicle="0" speed="2712" time="6640" acceleration="-1524"/>
    <motionState vehicle="1" speed="8149" time="6640" acceleration="10398"/>
    <motionState vehicle="2" speed="2544" time="6640" acceleration="-1222"/>
    <motionState vehicle="3" speed="2415" time="6640" acceleration="-418"/>
    <motionState vehicle="4" speed="2375" time="6640" acceleration="767"/>
    <motionState vehicle="5" speed="9055" time="6640" acceleration="13636"/>
    <motionState vehicle="6" speed="2443" time="6640" acceleration="1705"/>
    <motionState vehicle="7" speed="2611" time="6640" acceleration="1671"/>
    <motionState vehicle="8" speed="2773" time="6640" acceleration="1198"/>
    <motionState vehicle="9" speed="2883" time="6640" acceleration="378"/>
    <motionState vehicle="10" speed="2909" time="6640" acceleration="-514"/>
    <motionState vehicle="11" speed="2844" time="6640" acceleration="-1205"/>
    <motionState vehicle="0" speed="2711" time="6650" acceleration="-1523"/>
    <motionState vehicle="1" speed="8160" time="6650" acceleration="10415"/>
    <motionState vehicle="2" speed="2542" time="6650" acceleration="-1215"/>
    <motionState vehicle="3" speed="2415" time="6650" acceleration="-407"/>
    <motionState vehicle="4" speed="2376" time="6650" acceleration="775"/>
    <motionState vehicle="5" speed="9068" time="6650" acceleration="13636"/>
    <motionState vehicle="6" speed="2445" time="6650" acceleration="1704"/>
    <motionState vehicle="7" speed="2613" time="6650" acceleration="1666"/>
    <motionState vehicle="8" speed="2774" time="6650" acceleration="1190"/>
    <motionState vehicle="9" speed="2884" time="6650" acceleration="369"/>
    <motionState vehicle="10" speed="2908" time="6650" acceleration="-521"/>
    <motionState vehicle="11" speed="2843" time="6650" acceleration="-1209"/>
    <motionState vehicle="0" speed="2709" time="6660" acceleration="-1521"/>
    <motionState vehicle="1" speed="8170" time="6660" acceleration="10433"/>
    <motionState vehicle="2" speed="2541" time="6660" acceleration="-1208"/>
    <motionState vehicle="3" speed="2415" time="6660" acceleration="-396"/>
    <motionState vehicle="4" speed="2377" time="6660" acceleration="782"/>
    <motionState vehicle="5" speed="9082" time="6660" acceleration="13636"/>
    <motionState vehicle="6" speed="2446" time="6660" acceleration="1704"/>
    <motionState vehicle="7" speed="2615" time="6660" acceleration="1661"/>
    <motionState vehicle="8" speed="2775" time="6660" acceleration="1182"/>
    <motionState vehicle="9" speed="2884" time="6660" acceleration="360"/>
    <motionState vehicle="10" speed="2907" time="6660" acceleration="-529"/>
    <motionState vehicle="11" speed="2841" time="6660" acceleration="-1213"/>
    <motionState vehicle="0" speed="2707" time="6670" acceleration="-1520"/>
    <motionState vehicle="1" speed="8180" time="6670" acceleration="10450"/>
    <motionState vehicle="2" speed="2540" time="6670" acceleration="-1201"/>
    <motionState vehicle="3" speed="2414" time="6670" acceleration="-385"/>
    <motionState vehicle="4" speed="2378" time="6670" acceleration="790"/>
    <motionState vehicle="5" speed="9095" time="6670" acceleration="13636"/>
    <motionState vehicle="6" speed="2448" time="6670" acceleration="1703"/>
    <motionState vehicle="7" speed="2616" time="6670" acceleration="1657"/>
    <motionState vehicle="8" speed="2777" time="6670" acceleration="1173"/>
    <motionState vehicle="9" speed="2884" time="6670" acceleration="351"/>
    <motionState vehicle="10" speed="2907" time="6670" acceleration="-536"/>
    <motionState vehicle="11" speed="2840" time="6670" acceleration="-1217"/>
    <motionState vehicle="0" speed="2706" time="6680" acceleration="-1518"/>
    <motionState vehicle="1" speed="8191" time="6680" acceleration="10467"/>
    <motionState vehicle="2" speed="2539" time="6680" acceleration="-1194"/>
    <motionState vehicle="3" speed="2414" time="6680" acceleration="-374"/>
    <motionState vehicle="4" speed="2378" time="6680" acceleration="797"/>
    <motionState vehicle="5" speed="9109" time="6680" acceleration="13636"/>
    <motionState vehicle="6" speed="2450" time="6680" acceleration="1703"/>
    <motionState vehicle="7" speed="2618" time="6680" acceleration="1652"/>
    <motionState vehicle="8" speed="2778" time="6680" acceleration="1165"/>
    <motionState vehicle="9" speed="2885" time="6680" acceleration="342"/>
    <motionState vehicle="10" speed="2906" time="6680" acceleration="-543"/>
    <motionState vehicle="11" speed="2839" time="6680" acceleration="-1220"/>
    <motionState vehicle="0" speed="2704" time="6690" acceleration="-1517"/>
    <motionState vehicle="1" speed="8201" time="6690" acceleration="10484"/>
    <motionState vehicle="2" speed="2538" time="6690" acceleration="-1187"/>
    <motionState vehicle="3" speed="2413" time="6690" acceleration="-363"/>
    <motionState vehicle="4" speed="2379" time="6690" acceleration="805"/>
    <motionState vehicle="5" speed="9123" time="6690" acceleration="13636"/>
    <motionState vehicle="6" speed="2451" time="6690" acceleration="1702"/>
    <motionState vehicle="7" speed="2620" time="6690" acceleration="1647"/>
    <motionState vehicle="8" speed="2779" time="6690" acceleration="1157"/>
    <motionState vehicle="9" speed="2885" time="6690" acceleration="332"/>
    <motionState vehicle="10" speed="2906" time="6690" acceleration="-551"/>
    <motionState vehicle="11" speed="2838" time="6690" acceleration="-1224"/>
    <motionState vehicle="0" speed="2703" time="6700" acceleration="-1515"/>
    <motionState vehicle="1" speed="8212" time="6700" acceleration="10501"/>
    <motionState vehicle="2" speed="2536" time="6700" acceleration="-1180"/>
    <motionState vehicle="3" speed="2413" time="6700" acceleration="-352"/>
    <motionState vehicle="4" speed="2380" time="6700" acceleration="812"/>
    <motionState vehicle="5" speed="9136" time="6700" acceleration="13636"/>
    <motionState vehicle="6" speed="2453" time="6700" acceleration="1701"/>
    <motionState vehicle="7" speed="2621" time="6700" acceleration="1642"/>
    <motionState vehicle="8" speed="2780" time="6700" acceleration="1148"/>
    <motionState vehicle="9" speed="2885" time="6700" acceleration="323"/>
    <motionState vehicle="10" speed="2905" time="6700" acceleration="-558"/>
    <motionState vehicle="11" speed="2837" time="6700" acceleration="-1228"/>
    <motionState vehicle="0" speed="2701" time="6710" acceleration="-1513"/>
    <motionState vehicle="1" speed="8222" time="6710" acceleration="10518"/>
    <motionState vehicle="2" speed="2535" time="6710" acceleration="-1173"/>
    <motionState vehicle="3" speed="2413" time="6710" acceleration="-342"/>
    <motionState vehicle="4" speed="2381" time="6710" acceleration="820"/>
    <motionState vehicle="5" speed="9150" time="6710" acceleration="13636"/>
    <motionState vehicle="6" speed="2455" time="6710" acceleration="1701"/>
    <motionState vehicle="7" speed="2623" time="6710" acceleration="1637"/>
    <motionState vehicle="8" speed="2781" time="6710" acceleration="1140"/>
    <motionState vehicle="9" speed="2886" time="6710" acceleration="314"/>
    <motionState vehicle="10" speed="2905" time="6710" acceleration="-565"/>
    <motionState vehicle="11" speed="2835" time="6710" acceleration="-1231"/>
    <motionState vehicle="0" speed="2700" time="6720" acceleration="-1512"/>
    <motionState vehicle="1" speed="8233" time="6720" acceleration="10535"/>
    <motionState vehicle="2" speed="2534" time="6720" acceleration="-1166"/>
    <motionState vehicle="3" speed="2412" time="6720" acceleration="-331"/>
    <motionState vehicle="4" speed="2382" time="6720" acceleration="827"/>
    <motionState vehicle="5" speed="9164" time="6720" acceleration="13636"/>
    <motionState vehicle="6" speed="2457" time="6720" acceleration="1700"/>
    <motionState vehicle="7" speed="2624" time="6720" acceleration="1632"/>
    <motionState vehicle="8" speed="2782" time="6720" acceleration="1132"/>
    <motionState vehicle="9" speed="2886" time="6720" acceleration="305"/>
    <motionState vehicle="10" speed="2904" time="6720" acceleration="-572"/>
    <motionState vehicle="11" speed="2834" time="6720" acceleration="-1235"/>
    <motionState vehicle="0" speed="2698" time="6730" acceleration="-1510"/>
    <motionState vehicle="1" speed="8244" time="6730" acceleration="10552"/>
    <motionState vehicle="2" speed="2533" time="6730" acceleration="-1159"/>
    <motionState vehicle="3" speed="2412" time="6730" acceleration="-320"/>
    <motionState vehicle="4" speed="2383" time="6730" acceleration="834"/>
    <motionState vehicle="5" speed="9177" time="6730" acceleration="13636"/>
    <motionState vehicle="6" speed="2458" time="6730" acceleration="1699"/>
    <motionState vehicle="7" speed="2626" time="6730" acceleration="1627"/>
    <motionState vehicle="8" speed="2783" time="6730" acceleration="1123"/>
    <motionState vehicle="9" speed="2886" time="6730" acceleration="296"/>
    <motionState vehicle="10" speed="2904" time="6730" acceleration="-580"/>
    <motionState vehicle="11" speed="2833" time="6730" acceleration="-1238"/>
    <motionState vehicle="0" speed="2697" time="6740" acceleration="-1508"/>
    <motionState vehicle="1" speed="8254" time="6740" acceleration="10569"/>
    <motionState vehicle="2" speed="2532" time="6740" acceleration="-1152"/>
    <motionState vehicle="3" speed="2412" time="6740" acceleration="-309"/>
    <motionState vehicle="4" speed="2383" time="6740" acceleration="841"/>
    <motionState vehicle="5" speed="9191" time="6740" acceleration="13636"/>
    <motionState vehicle="6" speed="2460" time="6740" acceleration="1698"/>
    <motionState vehicle="7" speed="2628" time="6740" acceleration="1622"/>
    <motionState vehicle="8" speed="2785" time="6740" acceleration="1115"/>
    <motionState vehicle="9" speed="2887" time="6740" acceleration="287"/>
    <motionState vehicle="10" speed="2903" time="6740" acceleration="-587"/>
    <motionState vehicle="11" speed="2832" time="6740" acceleration="-1242"/>
    <motionState vehicle="0" speed="2695" time="6750" acceleration="-1506"/>
    <motionState vehicle="1" speed="8265" time="6750" acceleration="10586"/>
    <motionState vehicle="2" speed="2531" time="6750" acceleration="-1144"/>
    <motionState vehicle="3" speed="2412" time="6750" acceleration="-299"/>
    <motionState vehicle="4" speed="2384" time="6750" acceleration="848"/>
    <motionState vehicle="5" speed="9205" time="6750" acceleration="13636"/>
    <motionState vehicle="6" speed="2462" time="6750" acceleration="1697"/>
    <motionState vehicle="7" speed="2629" time="6750" acceleration="1617"/>
    <motionState vehicle="8" speed="2786" time="6750" acceleration="1107"/>
    <motionState vehicle="9" speed="2887" time="6750" acceleration="278"/>
    <motionState vehicle="10" speed="2902" time="6750" acceleration="-594"/>
    <motionState vehicle="11" speed="2830" time="6750" acceleration="-1245"/>
    <motionState vehicle="0" speed="2694" time="6760" acceleration="-1504"/>
    <motionState vehicle="1" speed="8275" time="6760" acceleration="10603"/>
    <motionState vehicle="2" speed="2529" time="6760" acceleration="-1137"/>
    <motionState vehicle="3" speed="2411" time="6760" acceleration="-288"/>
    <motionState vehicle="4" speed="2385" time="6760" acceleration="855"/>
    <motionState vehicle="5" speed="9218" time="6760" acceleration="13636"/>
    <motionState vehicle="6" speed="2463" time="6760" acceleration="1696"/>
    <motionState vehicle="7" speed="2631" time="6760" acceleration="1612"/>
    <motionState vehicle="8" speed="2787" time="6760" acceleration="1098"/>
    <motionState vehicle="9" speed="2887" time="6760" acceleration="269"/>
    <motionState vehicle="10" speed="2902" time="6760" acceleration="-601"/>
    <motionState vehicle="11" speed="2829" time="6760" acceleration="-1248"/>
    <motionState vehicle="0" speed="2692" time="6770" acceleration="-1502"/>
    <motionState vehicle="1" speed="8286" time="6770" acceleration="10620"/>
    <motionState vehicle="2" speed="2528" time="6770" acceleration="-1130"/>
    <motionState vehicle="3" speed="2411" time="6770" acceleration="-277"/>
    <motionState vehicle="4" speed="2386" time="6770" acceleration="862"/>
    <motionState vehicle="5" speed="9232" time="6770" acceleration="13636"/>
    <motionState vehicle="6" speed="2465" time="6770" acceleration="1695"/>
    <motionState vehicle="7" speed="2633" time="6770" acceleration="1606"/>
    <motionState vehicle="8" speed="2788" time="6770" acceleration="1090"/>
    <motionState vehicle="9" speed="2887" time="6770" acceleration="260"/>
    <motionState vehicle="10" speed="2901" time="6770" acceleration="-608"/>
    <motionState vehicle="11" speed="2828" time="6770" acceleration="-1252"/>
    <motionState vehicle="0" speed="2691" time="6780" acceleration="-1500"/>
    <motionState vehicle="1" speed="8297" time="6780" acceleration="10637"/>
    <motionState vehicle="2" speed="2527" time="6780" acceleration="-1122"/>
    <motionState vehicle="3" speed="2411" time="6780" acceleration="-267"/>
    <motionState vehicle="4" speed="2387" time="6780" acceleration="869"/>
    <motionState vehicle="5" speed="9245" time="6780" acceleration="13636"/>
    <motionState vehicle="6" speed="2467" time="6780" acceleration="1694"/>
    <motionState vehicle="7" speed="2634" time="6780" acceleration="1601"/>
    <motionState vehicle="8" speed="2789" time="6780" acceleration="1081"/>
    <motionState vehicle="9" speed="2888" time="6780" acceleration="251"/>
    <motionState vehicle="10" speed="2901" time="6780" acceleration="-615"/>
    <motionState vehicle="11" speed="2827" time="6780" acceleration="-1255"/>
    <motionState vehicle="0" speed="2689" time="6790" acceleration="-1498"/>
    <motionState vehicle="1" speed="8307" time="6790" acceleration="10654"/>
    <motionState vehicle="2" speed="2526" time="6790" acceleration="-1115"/>
    <motionState vehicle="3" speed="2410" time="6790" acceleration="-256"/>
    <motionState vehicle="4" speed="2388" time="6790" acceleration="876"/>
    <motionState vehicle="5" speed="9259" time="6790" acceleration="13636"/>
    <motionState vehicle="6" speed="2468" time="6790" acceleration="1693"/>
    <motionState vehicle="7" speed="2636" time="6790" acceleration="1596"/>
    <motionState vehicle="8" speed="2790" time="6790" acceleration="1073"/>
    <motionState vehicle="9" speed="2888" time="6790" acceleration="242"/>
    <motionState vehicle="10" speed="2900" time="6790" acceleration="-622"/>
    <motionState vehicle="11" speed="2825" time="6790" acceleration="-1258"/>
    <motionState vehicle="0" speed="2688" time="6800" acceleration="-1495"/>
    <motionState vehicle="1" speed="8318" time="6800" acceleration="10671"/>
    <motionState vehicle="2" speed="2525" time="6800" acceleration="-1108"/>
    <motionState vehicle="3" speed="2410" time="6800" acceleration="-246"/>
    <motionState vehicle="4" speed="2389" time="6800" acceleration="883"/>
    <motionState vehicle="5" speed="9273" time="6800" acceleration="13636"/>
    <motionState vehicle="6" speed="2470" time="6800" acceleration="1692"/>
    <motionState vehicle="7" speed="2637" time="6800" acceleration="1591"/>
    <motionState vehicle="8" speed="2791" time="6800" acceleration="1065"/>
    <motionState vehicle="9" speed="2888" time="6800" acceleration="233"/>
    <motionState vehicle="10" speed="2899" time="6800" acceleration="-629"/>
    <motionState vehicle="11" speed="2824" time="6800" acceleration="-1261"/>
    <motionState vehicle="0" speed="2686" time="6810" acceleration="-1493"/>
    <motionState vehicle="1" speed="8329" time="6810" acceleration="10687"/>
    <motionState vehicle="2" speed="2524" time="6810" acceleration="-1100"/>
    <motionState vehicle="3" speed="2410" time="6810" acceleration="-235"/>
    <motionState vehicle="4" speed="2389" time="6810" acceleration="890"/>
    <motionState vehicle="5" speed="9286" time="6810" acceleration="13636"/>
    <motionState vehicle="6" speed="2472" time="6810" acceleration="1691"/>
    <motionState vehicle="7" speed="2639" time="6810" acceleration="1586"/>
    <motionState vehicle="8" speed="2792" time="6810" acceleration="1056"/>
    <motionState vehicle="9" speed="2888" time="6810" acceleration="224"/>
    <motionState vehicle="10" speed="2899" time="6810" acceleration="-636"/>
    <motionState vehicle="11" speed="2823" time="6810" acceleration="-1264"/>
    <motionState vehicle="0" speed="2685" time="6820" acceleration="-1491"/>
    <motionState vehicle="1" speed="8339" time="6820" acceleration="10704"/>
    <motionState vehicle="2" speed="2523" time="6820" acceleration="-1093"/>
    <motionState vehicle="3" speed="2410" time="6820" acceleration="-224"/>
    <motionState vehicle="4" speed="2390" time="6820" acceleration="896"/>
    <motionState vehicle="5" speed="9300" time="6820" acceleration="13636"/>
    <motionState vehicle="6" speed="2474" time="6820" acceleration="1690"/>
    <motionState vehicle="7" speed="2641" time="6820" acceleration="1580"/>
    <motionState vehicle="8" speed="2793" time="6820" acceleration="1048"/>
    <motionState vehicle="9" speed="2889" time="6820" acceleration="215"/>
    <motionState vehicle="10" speed="2898" time="6820" acceleration="-642"/>
    <motionState vehicle="11" speed="2822" time="6820" acceleration="-1267"/>
    <motionState vehicle="0" speed="2683" time="6830" acceleration="-1488"/>
    <motionState vehicle="1" speed="8350" time="6830" acceleration="10721"/>
    <motionState vehicle="2" speed="2522" time="6830" acceleration="-1085"/>
    <motionState vehicle="3" speed="2410" time="6830" acceleration="-214"/>
    <motionState vehicle="4" speed="2391" time="6830" acceleration="903"/>
    <motionState vehicle="5" speed="9314" time="6830" acceleration="13636"/>
    <motionState vehicle="6" speed="2475" time="6830" acceleration="1689"/>
    <motionState vehicle="7" speed="2642" time="6830" acceleration="1575"/>
    <motionState vehicle="8" speed="2794" time="6830" acceleration="1039"/>
    <motionState vehicle="9" speed="2889" time="6830" acceleration="206"/>
    <motionState vehicle="10" speed="2897" time="6830" acceleration="-649"/>
    <motionState vehicle="11" speed="2820" time="6830" acceleration="-1270"/>
    <motionState vehicle="0" speed="2682" time="6840" acceleration="-1486"/>
    <motionState vehicle="1" speed="8361" time="6840" acceleration="10737"/>
    <motionState vehicle="2" speed="2521" time="6840" acceleration="-1077"/>
    <motionState vehicle="3" speed="2409" time="6840" acceleration="-204"/>
    <motionState vehicle="4" speed="2392" time="6840" acceleration="910"/>
    <motionState vehicle="5" speed="9327" time="6840" acceleration="13636"/>
    <motionState vehicle="6" speed="2477" time="6840" acceleration="1688"/>
    <motionState vehicle="7" speed="2644" time="6840" acceleration="1570"/>
    <motionState vehicle="8" speed="2795" time="6840" acceleration="1031"/>
    <motionState vehicle="9" speed="2889" time="6840" acceleration="197"/>
    <motionState vehicle="10" speed="2897" time="6840" acceleration="-656"/>
    <motionState vehicle="11" speed="2819" time="6840" acceleration="-1273"/>
    <motionState vehicle="0" speed="2680" time="6850" acceleration="-1483"/>
    <motionState vehicle="1" speed="8371" time="6850" acceleration="10754"/>
    <motionState vehicle="2" speed="2519" time="6850" acceleration="-1070"/>
    <motionState vehicle="3" speed="2409" time="6850" acceleration="-193"/>
    <motionState vehicle="4" speed="2393" time="6850" acceleration="916"/>
    <motionState vehicle="5" speed="9341" time="6850" acceleration="13636"/>
    <motionState vehicle="6" speed="2479" time="6850" acceleration="1686"/>
    <motionState vehicle="7" speed="2645" time="6850" acceleration="1564"/>
    <motionState vehicle="8" speed="2796" time="6850" acceleration="1022"/>
    <motionState vehicle="9" speed="2889" time="6850" acceleration="188"/>
    <motionState vehicle="10" speed="2896" time="6850" acceleration="-663"/>
    <motionState vehicle="11" speed="2818" time="6850" acceleration="-1276"/>
    <motionState vehicle="0" speed="2679" time="6860" acceleration="-1481"/>
    <motionState vehicle="1" speed="8382" time="6860" acceleration="10771"/>
    <motionState vehicle="2" speed="2518" time="6860" acceleration="-1062"/>
    <motionState vehicle="3" speed="2409" time="6860" acceleration="-183"/>
    <motionState vehicle="4" speed="2394" time="6860" acceleration="923"/>
    <motionState vehicle="5" speed="9355" time="6860" acceleration="13636"/>
    <motionState vehicle="6" speed="2480" time="6860" acceleration="1685"/>
    <motionState vehicle="7" speed="2647" time="6860" acceleration="1559"/>
    <motionState vehicle="8" speed="2797" time="6860" acceleration="1014"/>
    <motionState vehicle="9" speed="2889" time="6860" acceleration="179"/>
    <motionState vehicle="10" speed="2895" time="6860" acceleration="-669"/>
    <motionState vehicle="11" speed="2816" time="6860" acceleration="-1279"/>
    <motionState vehicle="0" speed="2677" time="6870" acceleration="-1478"/>
    <motionState vehicle="1" speed="8393" time="6870" acceleration="10787"/>
    <motionState vehicle="2" speed="2517" time="6870" acceleration="-1054"/>
    <motionState vehicle="3" speed="2409" time="6870" acceleration="-172"/>
    <motionState vehicle="4" speed="2395" time="6870" acceleration="929"/>
    <motionState vehicle="5" speed="9368" time="6870" acceleration="13636"/>
    <motionState vehicle="6" speed="2482" time="6870" acceleration="1684"/>
    <motionState vehicle="7" speed="2648" time="6870" acceleration="1553"/>
    <motionState vehicle="8" speed="2798" time="6870" acceleration="1006"/>
    <motionState vehicle="9" speed="2890" time="6870" acceleration="170"/>
    <motionState vehicle="10" speed="2895" time="6870" acceleration="-676"/>
    <motionState vehicle="11" speed="2815" time="6870" acceleration="-1281"/>
    <motionState vehicle="0" speed="2676" time="6880" acceleration="-1475"/>
    <motionState vehicle="1" speed="8404" time="6880" acceleration="10804"/>
    <motionState vehicle="2" speed="2516" time="6880" acceleration="-1047"/>
    <motionState vehicle="3" speed="2409" time="6880" acceleration="-162"/>
    <motionState vehicle="4" speed="2396" time="6880" acceleration="935"/>
    <motionState vehicle="5" speed="9382" time="6880" acceleration="13636"/>
    <motionState vehicle="6" speed="2484" time="6880" acceleration="1682"/>
    <motionState vehicle="7" speed="2650" time="6880" acceleration="1548"/>
    <motionState vehicle="8" speed="2799" time="6880" acceleration="997"/>
    <motionState vehicle="9" speed="2890" time="6880" acceleration="162"/>
    <motionState vehicle="10" speed="2894" time="6880" acceleration="-683"/>
    <motionState vehicle="11" speed="2814" time="6880" acceleration="-1284"/>
    <motionState vehicle="0" speed="2675" time="6890" acceleration="-1472"/>
    <motionState vehicle="1" speed="8415" time="6890" acceleration="10820"/>
    <motionState vehicle="2" speed="2515" time="6890" acceleration="-1039"/>
    <motionState vehicle="3" speed="2408" time="6890" acceleration="-152"/>
    <motionState vehicle="4" speed="2397" time="6890" acceleration="942"/>
    <motionState vehicle="5" speed="9395" time="6890" acceleration="13636"/>
    <motionState vehicle="6" speed="2485" time="6890" acceleration="1681"/>
    <motionState vehicle="7" speed="2651" time="6890" acceleration="1542"/>
    <motionState vehicle="8" speed="2800" time="6890" acceleration="989"/>
    <motionState vehicle="9" speed="2890" time="6890" acceleration="153"/>
    <motionState vehicle="10" speed="2893" time="6890" acceleration="-689"/>
    <motionState vehicle="11" speed="2813" time="6890" acceleration="-1286"/>
    <motionState vehicle="0" speed="2673" time="6900" acceleration="-1470"/>
    <motionState vehicle="1" speed="8425" time="6900" acceleration="10837"/>
    <motionState vehicle="2" speed="2514" time="6900" acceleration="-1031"/>
    <motionState vehicle="3" speed="2408" time="6900" acceleration="-141"/>
    <motionState vehicle="4" speed="2398" time="6900" acceleration="948"/>
    <motionState vehicle="5" speed="9409" time="6900" acceleration="13636"/>
    <motionState vehicle="6" speed="2487" time="6900" acceleration="1680"/>
    <motionState vehicle="7" speed="2653" time="6900" acceleration="1537"/>
    <motionState vehicle="8" speed="2801" time="6900" acceleration="980"/>
    <motionState vehicle="9" speed="2890" time="6900" acceleration="144"/>
    <motionState vehicle="10" speed="2893" time="6900" acceleration="-696"/>
    <motionState vehicle="11" speed="2811" time="6900" acceleration="-1289"/>
    <motionState vehicle="0" speed="2672" time="6910" acceleration="-1467"/>
    <motionState vehicle="1" speed="8436" time="6910" acceleration="10853"/>
    <motionState vehicle="2" speed="2513" time="6910" acceleration="-1023"/>
    <motionState vehicle="3" speed="2408" time="6910" acceleration="-131"/>
    <motionState vehicle="4" speed="2399" time="6910" acceleration="954"/>
    <motionState vehicle="5" speed="9423" time="6910" acceleration="13636"/>
    <motionState vehicle="6" speed="2489" time="6910" acceleration="1678"/>
    <motionState vehicle="7" speed="2654" time="6910" acceleration="1531"/>
    <motionState vehicle="8" speed="2802" time="6910" acceleration="972"/>
    <motionState vehicle="9" speed="2890" time="6910" acceleration="136"/>
    <motionState vehicle="10" speed="2892" time="6910" acceleration="-702"/>
    <motionState vehicle="11" speed="2810" time="6910" acceleration="-1291"/>
    <motionState vehicle="0" speed="2670" time="6920" acceleration="-1464"/>
    <motionState vehicle="1" speed="8447" time="6920" acceleration="10869"/>
    <motionState vehicle="2" speed="2512" time="6920" acceleration="-1015"/>
    <motionState vehicle="3" speed="2408" time="6920" acceleration="-121"/>
    <motionState vehicle="4" speed="2400" time="6920" acceleration="960"/>
    <motionState vehicle="5" speed="9436" time="6920" acceleration="13636"/>
    <motionState vehicle="6" speed="2490" time="6920" acceleration="1677"/>
    <motionState vehicle="7" speed="2656" time="6920" acceleration="1526"/>
    <motionState vehicle="8" speed="2803" time="6920" acceleration="963"/>
    <motionState vehicle="9" speed="2890" time="6920" acceleration="127"/>
    <motionState vehicle="10" speed="2891" time="6920" acceleration="-708"/>
    <motionState vehicle="11" speed="2809" time="6920" acceleration="-1294"/>
    <motionState vehicle="0" speed="2669" time="6930" acceleration="-1461"/>
    <motionState vehicle="1" speed="8458" time="6930" acceleration="10885"/>
    <motionState vehicle="2" speed="2511" time="6930" acceleration="-1007"/>
    <motionState vehicle="3" speed="2408" time="6930" acceleration="-111"/>
    <motionState vehicle="4" speed="2401" time="6930" acceleration="966"/>
    <motionState vehicle="5" speed="9450" time="6930" acceleration="13636"/>
    <motionState vehicle="6" speed="2492" time="6930" acceleration="1675"/>
    <motionState vehicle="7" speed="2658" time="6930" acceleration="1520"/>
    <motionState vehicle="8" speed="2804" time="6930" acceleration="955"/>
    <motionState vehicle="9" speed="2890" time="6930" acceleration="118"/>
    <motionState vehicle="10" speed="2890" time="6930" acceleration="-715"/>
    <motionState vehicle="11" speed="2807" time="6930" acceleration="-1296"/>
    <motionState vehicle="0" speed="2667" time="6940" acceleration="-1458"/>
    <motionState vehicle="1" speed="8469" time="6940" acceleration="10902"/>
    <motionState vehicle="2" speed="2510" time="6940" acceleration="-1000"/>
    <motionState vehicle="3" speed="2408" time="6940" acceleration="-101"/>
    <motionState vehicle="4" speed="2402" time="6940" acceleration="972"/>
    <motionState vehicle="5" speed="9464" time="6940" acceleration="13636"/>
    <motionState vehicle="6" speed="2494" time="6940" acceleration="1673"/>
    <motionState vehicle="7" speed="2659" time="6940" acceleration="1514"/>
    <motionState vehicle="8" speed="2805" time="6940" acceleration="946"/>
    <motionState vehicle="9" speed="2890" time="6940" acceleration="110"/>
    <motionState vehicle="10" speed="2890" time="6940" acceleration="-721"/>
    <motionState vehicle="11" speed="2806" time="6940" acceleration="-1299"/>
    <motionState vehicle="0" speed="2666" time="6950" acceleration="-1454"/>
    <motionState vehicle="1" speed="8480" time="6950" acceleration="10918"/>
    <motionState vehicle="2" speed="2509" time="6950" acceleration="-992"/>
    <motionState vehicle="3" speed="2408" time="6950" acceleration="-90"/>
    <motionState vehicle="4" speed="2403" time="6950" acceleration="978"/>
    <motionState vehicle="5" speed="9477" time="6950" acceleration="13636"/>
    <motionState vehicle="6" speed="2495" time="6950" acceleration="1672"/>
    <motionState vehicle="7" speed="2661" time="6950" acceleration="1509"/>
    <motionState vehicle="8" speed="2806" time="6950" acceleration="938"/>
    <motionState vehicle="9" speed="2891" time="6950" acceleration="101"/>
    <motionState vehicle="10" speed="2889" time="6950" acceleration="-727"/>
    <motionState vehicle="11" speed="2805" time="6950" acceleration="-1301"/>
    <motionState vehicle="0" speed="2664" time="6960" acceleration="-1451"/>
    <motionState vehicle="1" speed="8491" time="6960" acceleration="10934"/>
    <motionState vehicle="2" speed="2508" time="6960" acceleration="-984"/>
    <motionState vehicle="3" speed="2408" time="6960" acceleration="-80"/>
    <motionState vehicle="4" speed="2404" time="6960" acceleration="984"/>
    <motionState vehicle="5" speed="9491" time="6960" acceleration="13636"/>
    <motionState vehicle="6" speed="2497" time="6960" acceleration="1670"/>
    <motionState vehicle="7" speed="2662" time="6960" acceleration="1503"/>
    <motionState vehicle="8" speed="2807" time="6960" acceleration="930"/>
    <motionState vehicle="9" speed="2891" time="6960" acceleration="92"/>
    <motionState vehicle="10" speed="2888" time="6960" acceleration="-734"/>
    <motionState vehicle="11" speed="2804" time="6960" acceleration="-1303"/>
    <motionState vehicle="0" speed="2663" time="6970" acceleration="-1448"/>
    <motionState vehicle="1" speed="8502" time="6970" acceleration="10950"/>
    <motionState vehicle="2" speed="2507" time="6970" acceleration="-976"/>
    <motionState vehicle="3" speed="2408" time="6970" acceleration="-70"/>
    <motionState vehicle="4" speed="2405" time="6970" acceleration="990"/>
    <motionState vehicle="5" speed="9505" time="6970" acceleration="13636"/>
    <motionState vehicle="6" speed="2499" time="6970" acceleration="1668"/>
    <motionState vehicle="7" speed="2664" time="6970" acceleration="1497"/>
    <motionState vehicle="8" speed="2808" time="6970" acceleration="921"/>
    <motionState vehicle="9" speed="2891" time="6970" acceleration="84"/>
    <motionState vehicle="10" speed="2888" time="6970" acceleration="-740"/>
    <motionState vehicle="11" speed="2802" time="6970" acceleration="-1305"/>
    <motionState vehicle="0" speed="2661" time="6980" acceleration="-1445"/>
    <motionState vehicle="1" speed="8513" time="6980" acceleration="10966"/>
    <motionState vehicle="2" speed="2506" time="6980" acceleration="-968"/>
    <motionState vehicle="3" speed="2408" time="6980" acceleration="-60"/>
    <motionState vehicle="4" speed="2406" time="6980" acceleration="995"/>
    <motionState vehicle="5" speed="9518" time="6980" acceleration="13636"/>
    <motionState vehicle="6" speed="2500" time="6980" acceleration="1667"/>
    <motionState vehicle="7" speed="2665" time="6980" acceleration="1492"/>
    <motionState vehicle="8" speed="2809" time="6980" acceleration="913"/>
    <motionState vehicle="9" speed="2891" time="6980" acceleration="75"/>
    <motionState vehicle="10" speed="2887" time="6980" acceleration="-746"/>
    <motionState vehicle="11" speed="2801" time="6980" acceleration="-1307"/>
    <motionState vehicle="0" speed="2660" time="6990" acceleration="-1441"/>
    <motionState vehicle="1" speed="8524" time="6990" acceleration="10982"/>
    <motionState vehicle="2" speed="2505" time="6990" acceleration="-959"/>
    <motionState vehicle="3" speed="2407" time="6990" acceleration="-50"/>
    <motionState vehicle="4" speed="2407" time="6990" acceleration="1001"/>
    <motionState vehicle="5" speed="9532" time="6990" acceleration="13636"/>
    <motionState vehicle="6" speed="2502" time="6990" acceleration="1665"/>
    <motionState vehicle="7" speed="2667" time="6990" acceleration="1486"/>
    <motionState vehicle="8" speed="2810" time="6990" acceleration="904"/>
    <motionState vehicle="9" speed="2891" time="6990" acceleration="67"/>
    <motionState vehicle="10" speed="2886" time="6990" acceleration="-752"/>
    <motionState vehicle="11" speed="2800" time="6990" acceleration="-1309"/>
    <motionState vehicle="0" speed="2659" time="7000" acceleration="-1438"/>
    <motionState vehicle="1" speed="8535" time="7000" acceleration="10998"/>
    <motionState vehicle="2" speed="2504" time="7000" acceleration="-951"/>
    <motionState vehicle="3" speed="2407" time="7000" acceleration="-40"/>
    <motionState vehicle="4" speed="2408" time="7000" acceleration="1007"/>
    <motionState vehicle="5" speed="9545" time="7000" acceleration="13636"/>
    <motionState vehicle="6" speed="2504" time="7000" acceleration="1663"/>
    <motionState vehicle="7" speed="2668" time="7000" acceleration="1480"/>
    <motionState vehicle="8" speed="2811" time="7000" acceleration="896"/>
    <motionState vehicle="9" speed="2891" time="7000" acceleration="58"/>
    <motionState vehicle="10" speed="2885" time="7000" acceleration="-758"/>
    <motionState vehicle="11" speed="2798" time="7000" acceleration="-1311"/>
    <motionState vehicle="0" speed="2657" time="7010" acceleration="-1434"/>
    <motionState vehicle="1" speed="8546" time="7010" acceleration="11014"/>
    <motionState vehicle="2" speed="2503" time="7010" acceleration="-943"/>
    <motionState vehicle="3" speed="2407" time="7010" acceleration="-30"/>
    <motionState vehicle="4" speed="2409" time="7010" acceleration="1012"/>
    <motionState vehicle="5" speed="9559" time="7010" acceleration="13636"/>
    <motionState vehicle="6" speed="2505" time="7010" acceleration="1661"/>
    <motionState vehicle="7" speed="2669" time="7010" acceleration="1474"/>
    <motionState vehicle="8" speed="2811" time="7010" acceleration="887"/>
    <motionState vehicle="9" speed="2891" time="7010" acceleration="50"/>
    <motionState vehicle="10" speed="2885" time="7010" acceleration="-764"/>
    <motionState vehicle="11" speed="2797" time="7010" acceleration="-1313"/>
    <motionState vehicle="0" speed="2656" time="7020" acceleration="-1431"/>
    <motionState vehicle="1" speed="8557" time="7020" acceleration="11030"/>
    <motionState vehicle="2" speed="2502" time="7020" acceleration="-935"/>
    <motionState vehicle="3" speed="2407" time="7020" acceleration="-21"/>
    <motionState vehicle="4" speed="2410" time="7020" acceleration="1018"/>
    <motionState vehicle="5" speed="9573" time="7020" acceleration="13636"/>
    <motionState vehicle="6" speed="2507" time="7020" acceleration="1659"/>
    <motionState vehicle="7" speed="2671" time="7020" acceleration="1468"/>
    <motionState vehicle="8" speed="2812" time="7020" acceleration="879"/>
    <motionState vehicle="9" speed="2891" time="7020" acceleration="41"/>
    <motionState vehicle="10" speed="2884" time="7020" acceleration="-770"/>
    <motionState vehicle="11" speed="2796" time="7020" acceleration="-1315"/>
    <motionState vehicle="0" speed="2654" time="7030" acceleration="-1427"/>
    <motionState vehicle="1" speed="8568" time="7030" acceleration="11046"/>
    <motionState vehicle="2" speed="2502" time="7030" acceleration="-927"/>
    <motionState vehicle="3" speed="2407" time="7030" acceleration="-11"/>
    <motionState vehicle="4" speed="2411" time="7030" acceleration="1023"/>
    <motionState vehicle="5" speed="9586" time="7030" acceleration="13636"/>
    <motionState vehicle="6" speed="2509" time="7030" acceleration="1657"/>
    <motionState vehicle="7" speed="2672" time="7030" acceleration="1463"/>
    <motionState vehicle="8" speed="2813" time="7030" acceleration="870"/>
    <motionState vehicle="9" speed="2891" time="7030" acceleration="33"/>
    <motionState vehicle="10" speed="2883" time="7030" acceleration="-776"/>
    <motionState vehicle="11" speed="2794" time="7030" acceleration="-1317"/>
    <motionState vehicle="0" speed="2653" time="7040" acceleration="-1424"/>
    <motionState vehicle="1" speed="8579" time="7040" acceleration="11061"/>
    <motionState vehicle="2" speed="2501" time="7040" acceleration="-919"/>
    <motionState vehicle="3" speed="2407" time="7040" acceleration="-1"/>
    <motionState vehicle="4" speed="2412" time="7040" acceleration="1029"/>
    <motionState vehicle="5" speed="9600" time="7040" acceleration="13636"/>
    <motionState vehicle="6" speed="2510" time="7040" acceleration="1656"/>
    <motionState vehicle="7" speed="2674" time="7040" acceleration="1457"/>
    <motionState vehicle="8" speed="2814" time="7040" acceleration="862"/>
    <motionState vehicle="9" speed="2891" time="7040" acceleration="24"/>
    <motionState vehicle="10" speed="2882" time="7040" acceleration="-782"/>
    <motionState vehicle="11" speed="2793" time="7040" acceleration="-1319"/>
    <motionState vehicle="0" speed="2651" time="7050" acceleration="-1420"/>
    <motionState vehicle="1" speed="8590" time="7050" acceleration="11077"/>
    <motionState vehicle="2" speed="2500" time="7050" acceleration="-910"/>
    <motionState vehicle="3" speed="2407" time="7050" acceleration="8"/>
    <motionState vehicle="4" speed="2413" time="7050" acceleration="1034"/>
    <motionState vehicle="5" speed="9614" time="7050" acceleration="13636"/>
    <motionState vehicle="6" speed="2512" time="7050" acceleration="1654"/>
    <motionState vehicle="7" speed="2675" time="7050" acceleration="1451"/>
    <motionState vehicle="8" speed="2815" time="7050" acceleration="854"/>
    <motionState vehicle="9" speed="2891" time="7050" acceleration="16"/>
    <motionState vehicle="10" speed="2881" time="7050" acceleration="-788"/>
    <motionState vehicle="11" speed="2792" time="7050" acceleration="-1320"/>
    <motionState vehicle="0" speed="2650" time="7060" acceleration="-1416"/>
    <motionState vehicle="1" speed="8601" time="7060" acceleration="11093"/>
    <motionState vehicle="2" speed="2499" time="7060" acceleration="-902"/>
    <motionState vehicle="3" speed="2407" time="7060" acceleration="18"/>
    <motionState vehicle="4" speed="2414" time="7060" acceleration="1039"/>
    <motionState vehicle="5" speed="9627" time="7060" acceleration="13636"/>
    <motionState vehicle="6" speed="2514" time="7060" acceleration="1651"/>
    <motionState vehicle="7" speed="2677" time="7060" acceleration="1445"/>
    <motionState vehicle="8" speed="2816" time="7060" acceleration="845"/>
    <motionState vehicle="9" speed="2891" time="7060" acceleration="8"/>
    <motionState vehicle="10" speed="2881" time="7060" acceleration="-794"/>
    <motionState vehicle="11" speed="2790" time="7060" acceleration="-1322"/>
    <motionState vehicle="0" speed="2649" time="7070" acceleration="-1412"/>
    <motionState vehicle="1" speed="8612" time="7070" acceleration="11108"/>
    <motionState vehicle="2" speed="2498" time="7070" acceleration="-894"/>
    <motionState vehicle="3" speed="2407" time="7070" acceleration="27"/>
    <motionState vehicle="4" speed="2415" time="7070" acceleration="1044"/>
    <motionState vehicle="5" speed="9641" time="7070" acceleration="13636"/>
    <motionState vehicle="6" speed="2515" time="7070" acceleration="1649"/>
    <motionState vehicle="7" speed="2678" time="7070" acceleration="1439"/>
    <motionState vehicle="8" speed="2817" time="7070" acceleration="837"/>
    <motionState vehicle="9" speed="2891" time="7070" acceleration="0"/>
    <motionState vehicle="10" speed="2880" time="7070" acceleration="-800"/>
    <motionState vehicle="11" speed="2789" time="7070" acceleration="-1324"/>
    <motionState vehicle="0" speed="2647" time="7080" acceleration="-1408"/>
    <motionState vehicle="1" speed="8623" time="7080" acceleration="11124"/>
    <motionState vehicle="2" speed="2497" time="7080" acceleration="-886"/>
    <motionState vehicle="3" speed="2407" time="7080" acceleration="37"/>
    <motionState vehicle="4" speed="2416" time="7080" acceleration="1050"/>
    <motionState vehicle="5" speed="9655" time="7080" acceleration="13636"/>
    <motionState vehicle="6" speed="2517" time="7080" acceleration="1647"/>
    <motionState vehicle="7" speed="2680" time="7080" acceleration="1433"/>
    <motionState vehicle="8" speed="2817" time="7080" acceleration="828"/>
    <motionState vehicle="9" speed="2891" time="7080" acceleration="-8"/>
    <motionState vehicle="10" speed="2879" time="7080" acceleration="-805"/>
    <motionState vehicle="11" speed="2788" time="7080" acceleration="-1325"/>
    <motionState vehicle="0" speed="2646" time="7090" acceleration="-1404"/>
    <motionState vehicle="1" speed="8634" time="7090" acceleration="11139"/>
    <motionState vehicle="2" speed="2496" time="7090" acceleration="-877"/>
    <motionState vehicle="3" speed="2408" time="7090" acceleration="47"/>
    <motionState vehicle="4" speed="2417" time="7090" acceleration="1055"/>
    <motionState vehicle="5" speed="9668" time="7090" acceleration="13636"/>
    <motionState vehicle="6" speed="2519" time="7090" acceleration="1645"/>
    <motionState vehicle="7" speed="2681" time="7090" acceleration="1427"/>
    <motionState vehicle="8" speed="2818" time="7090" acceleration="820"/>
    <motionState vehicle="9" speed="2891" time="7090" acceleration="-16"/>
    <motionState vehicle="10" speed="2878" time="7090" acceleration="-811"/>
    <motionState vehicle="11" speed="2786" time="7090" acceleration="-1327"/>
    <motionState vehicle="0" speed="2644" time="7100" acceleration="-1400"/>
    <motionState vehicle="1" speed="8646" time="7100" acceleration="11155"/>
    <motionState vehicle="2" speed="2495" time="7100" acceleration="-869"/>
    <motionState vehicle="3" speed="2408" time="7100" acceleration="56"/>
    <motionState vehicle="4" speed="2418" time="7100" acceleration="1060"/>
    <motionState vehicle="5" speed="9682" time="7100" acceleration="13636"/>
    <motionState vehicle="6" speed="2520" time="7100" acceleration="1643"/>
    <motionState vehicle="7" speed="2682" time="7100" acceleration="1421"/>
    <motionState vehicle="8" speed="2819" time="7100" acceleration="811"/>
    <motionState vehicle="9" speed="2891" time="7100" acceleration="-24"/>
    <motionState vehicle="10" speed="2877" time="7100" acceleration="-817"/>
    <motionState vehicle="11" speed="2785" time="7100" acceleration="-1328"/>
    <motionState vehicle="0" speed="2643" time="7110" acceleration="-1396"/>
    <motionState vehicle="1" speed="8657" time="7110" acceleration="11170"/>
    <motionState vehicle="2" speed="2494" time="7110" acceleration="-861"/>
    <motionState vehicle="3" speed="2408" time="7110" acceleration="66"/>
    <motionState vehicle="4" speed="2419" time="7110" acceleration="1065"/>
    <motionState vehicle="5" speed="9695" time="7110" acceleration="13636"/>
    <motionState vehicle="6" speed="2522" time="7110" acceleration="1641"/>
    <motionState vehicle="7" speed="2684" time="7110" acceleration="1415"/>
    <motionState vehicle="8" speed="2820" time="7110" acceleration="803"/>
    <motionState vehicle="9" speed="2891" time="7110" acceleration="-33"/>
    <motionState vehicle="10" speed="2877" time="7110" acceleration="-822"/>
    <motionState vehicle="11" speed="2784" time="7110" acceleration="-1329"/>
    <motionState vehicle="0" speed="2642" time="7120" acceleration="-1392"/>
    <motionState vehicle="1" speed="8668" time="7120" acceleration="11185"/>
    <motionState vehicle="2" speed="2494" time="7120" acceleration="-852"/>
    <motionState vehicle="3" speed="2408" time="7120" acceleration="75"/>
    <motionState vehicle="4" speed="2420" time="7120" acceleration="1070"/>
    <motionState vehicle="5" speed="9709" time="7120" acceleration="13636"/>
    <motionState vehicle="6" speed="2524" time="7120" acceleration="1639"/>
    <motionState vehicle="7" speed="2685" time="7120" acceleration="1409"/>
    <motionState vehicle="8" speed="2821" time="7120" acceleration="794"/>
    <motionState vehicle="9" speed="2891" time="7120" acceleration="-41"/>
    <motionState vehicle="10" speed="2876" time="7120" acceleration="-828"/>
    <motionState vehicle="11" speed="2782" time="7120" acceleration="-1331"/>
    <motionState vehicle="0" speed="2640" time="7130" acceleration="-1388"/>
    <motionState vehicle="1" speed="8679" time="7130" acceleration="11200"/>
    <motionState vehicle="2" speed="2493" time="7130" acceleration="-844"/>
    <motionState vehicle="3" speed="2408" time="7130" acceleration="85"/>
    <motionState vehicle="4" speed="2421" time="7130" acceleration="1074"/>
    <motionState vehicle="5" speed="9723" time="7130" acceleration="13636"/>
    <motionState vehicle="6" speed="2525" time="7130" acceleration="1636"/>
    <motionState vehicle="7" speed="2687" time="7130" acceleration="1403"/>
    <motionState vehicle="8" speed="2821" time="7130" acceleration="786"/>
    <motionState vehicle="9" speed="2891" time="7130" acceleration="-49"/>
    <motionState vehicle="10" speed="2875" time="7130" acceleration="-833"/>
    <motionState vehicle="11" speed="2781" time="7130" acceleration="-1332"/>
    <motionState vehicle="0" speed="2639" time="7140" acceleration="-1384"/>
    <motionState vehicle="1" speed="8690" time="7140" acceleration="11216"/>
    <motionState vehicle="2" speed="2492" time="7140" acceleration="-835"/>
    <motionState vehicle="3" speed="2408" time="7140" acceleration="94"/>
    <motionState vehicle="4" speed="2422" time="7140" acceleration="1079"/>
    <motionState vehicle="5" speed="9736" time="7140" acceleration="13636"/>
    <motionState vehicle="6" speed="2527" time="7140" acceleration="1634"/>
    <motionState vehicle="7" speed="2688" time="7140" acceleration="1397"/>
    <motionState vehicle="8" speed="2822" time="7140" acceleration="778"/>
    <motionState vehicle="9" speed="2891" time="7140" acceleration="-57"/>
    <motionState vehicle="10" speed="2874" time="7140" acceleration="-839"/>
    <motionState vehicle="11" speed="2780" time="7140" acceleration="-1333"/>
    <motionState vehicle="0" speed="2637" time="7150" acceleration="-1380"/>
    <motionState vehicle="1" speed="8702" time="7150" acceleration="11231"/>
    <motionState vehicle="2" speed="2491" time="7150" acceleration="-827"/>
    <motionState vehicle="3" speed="2408" time="7150" acceleration="104"/>
    <motionState vehicle="4" speed="2423" time="7150" acceleration="1084"/>
    <motionState vehicle="5" speed="9750" time="7150" acceleration="13636"/>
    <motionState vehicle="6" speed="2528" time="7150" acceleration="1632"/>
    <motionState vehicle="7" speed="2690" time="7150" acceleration="1390"/>
    <motionState vehicle="8" speed="2823" time="7150" acceleration="769"/>
    <motionState vehicle="9" speed="2891" time="7150" acceleration="-65"/>
    <motionState vehicle="10" speed="2873" time="7150" acceleration="-844"/>
    <motionState vehicle="11" speed="2778" time="7150" acceleration="-1334"/>
    <motionState vehicle="0" speed="2636" time="7160" acceleration="-1376"/>
    <motionState vehicle="1" speed="8713" time="7160" acceleration="11246"/>
    <motionState vehicle="2" speed="2490" time="7160" acceleration="-819"/>
    <motionState vehicle="3" speed="2408" time="7160" acceleration="113"/>
    <motionState vehicle="4" speed="2424" time="7160" acceleration="1089"/>
    <motionState vehicle="5" speed="9764" time="7160" acceleration="13636"/>
    <motionState vehicle="6" speed="2530" time="7160" acceleration="1629"/>
    <motionState vehicle="7" speed="2691" time="7160" acceleration="1384"/>
    <motionState vehicle="8" speed="2824" time="7160" acceleration="761"/>
    <motionState vehicle="9" speed="2891" time="7160" acceleration="-73"/>
    <motionState vehicle="10" speed="2872" time="7160" acceleration="-850"/>
    <motionState vehicle="11" speed="2777" time="7160" acceleration="-1335"/>
    <motionState vehicle="0" speed="2635" time="7170" acceleration="-1371"/>
    <motionState vehicle="1" speed="8724" time="7170" acceleration="11261"/>
    <motionState vehicle="2" speed="2489" time="7170" acceleration="-810"/>
    <motionState vehicle="3" speed="2408" time="7170" acceleration="122"/>
    <motionState vehicle="4" speed="2425" time="7170" acceleration="1093"/>
    <motionState vehicle="5" speed="9777" time="7170" acceleration="13636"/>
    <motionState vehicle="6" speed="2532" time="7170" acceleration="1627"/>
    <motionState vehicle="7" speed="2692" time="7170" acceleration="1378"/>
    <motionState vehicle="8" speed="2824" time="7170" acceleration="752"/>
    <motionState vehicle="9" speed="2891" time="7170" acceleration="-81"/>
    <motionState vehicle="10" speed="2872" time="7170" acceleration="-855"/>
    <motionState vehicle="11" speed="2776" time="7170" acceleration="-1336"/>
    <motionState vehicle="0" speed="2633" time="7180" acceleration="-1367"/>
    <motionState vehicle="1" speed="8735" time="7180" acceleration="11276"/>
    <motionState vehicle="2" speed="2489" time="7180" acceleration="-802"/>
    <motionState vehicle="3" speed="2408" time="7180" acceleration="131"/>
    <motionState vehicle="4" speed="2427" time="7180" acceleration="1098"/>
    <motionState vehicle="5" speed="9791" time="7180" acceleration="13636"/>
    <motionState vehicle="6" speed="2533" time="7180" acceleration="1624"/>
    <motionState vehicle="7" speed="2694" time="7180" acceleration="1372"/>
    <motionState vehicle="8" speed="2825" time="7180" acceleration="744"/>
    <motionState vehicle="9" speed="2891" time="7180" acceleration="-89"/>
    <motionState vehicle="10" speed="2871" time="7180" acceleration="-860"/>
    <motionState vehicle="11" speed="2774" time="7180" acceleration="-1337"/>
    <motionState vehicle="0" speed="2632" time="7190" acceleration="-1362"/>
    <motionState vehicle="1" speed="8747" time="7190" acceleration="11291"/>
    <motionState vehicle="2" speed="2488" time="7190" acceleration="-793"/>
    <motionState vehicle="3" speed="2408" time="7190" acceleration="141"/>
    <motionState vehicle="4" speed="2428" time="7190" acceleration="1102"/>
    <motionState vehicle="5" speed="9805" time="7190" acceleration="13636"/>
    <motionState vehicle="6" speed="2535" time="7190" acceleration="1622"/>
    <motionState vehicle="7" speed="2695" time="7190" acceleration="1366"/>
    <motionState vehicle="8" speed="2826" time="7190" acceleration="736"/>
    <motionState vehicle="9" speed="2890" time="7190" acceleration="-97"/>
    <motionState vehicle="10" speed="2870" time="7190" acceleration="-866"/>
    <motionState vehicle="11" speed="2773" time="7190" acceleration="-1338"/>
    <motionState vehicle="0" speed="2631" time="7200" acceleration="-1358"/>
    <motionState vehicle="1" speed="8758" time="7200" acceleration="11306"/>
    <motionState vehicle="2" speed="2487" time="7200" acceleration="-785"/>
    <motionState vehicle="3" speed="2409" time="7200" acceleration="150"/>
    <motionState vehicle="4" speed="2429" time="7200" acceleration="1107"/>
    <motionState vehicle="5" speed="9818" time="7200" acceleration="13636"/>
    <motionState vehicle="6" speed="2537" time="7200" acceleration="1619"/>
    <motionState vehicle="7" speed="2696" time="7200" acceleration="1359"/>
    <motionState vehicle="8" speed="2827" time="7200" acceleration="727"/>
    <motionState vehicle="9" speed="2890" time="7200" acceleration="-105"/>
    <motionState vehicle="10" speed="2869" time="7200" acceleration="-871"/>
    <motionState vehicle="11" speed="2772" time="7200" acceleration="-1339"/>
    <motionState vehicle="0" speed="2629" time="7210" acceleration="-1353"/>
    <motionState vehicle="1" speed="8769" time="7210" acceleration="11320"/>
    <motionState vehicle="2" speed="2486" time="7210" acceleration="-776"/>
    <motionState vehicle="3" speed="2409" time="7210" acceleration="159"/>
    <motionState vehicle="4" speed="2430" time="7210" acceleration="1111"/>
    <motionState vehicle="5" speed="9832" time="7210" acceleration="13636"/>
    <motionState vehicle="6" speed="2538" time="7210" acceleration="1617"/>
    <motionState vehicle="7" speed="2698" time="7210" acceleration="1353"/>
    <motionState vehicle="8" speed="2827" time="7210" acceleration="719"/>
    <motionState vehicle="9" speed="2890" time="7210" acceleration="-113"/>
    <motionState vehicle="10" speed="2868" time="7210" acceleration="-876"/>
    <motionState vehicle="11" speed="2770" time="7210" acceleration="-1340"/>
    <motionState vehicle="0" speed="2628" time="7220" acceleration="-1349"/>
    <motionState vehicle="1" speed="8781" time="7220" acceleration="11335"/>
    <motionState vehicle="2" speed="2485" time="7220" acceleration="-768"/>
    <motionState vehicle="3" speed="2409" time="7220" acceleration="168"/>
    <motionState vehicle="4" speed="2431" time="7220" acceleration="1116"/>
    <motionState vehicle="5" speed="9845" time="7220" acceleration="13636"/>
    <motionState vehicle="6" speed="2540" time="7220" acceleration="1614"/>
    <motionState vehicle="7" speed="2699" time="7220" acceleration="1347"/>
    <motionState vehicle="8" speed="2828" time="7220" acceleration="710"/>
    <motionState vehicle="9" speed="2890" time="7220" acceleration="-121"/>
    <motionState vehicle="10" speed="2867" time="7220" acceleration="-881"/>
    <motionState vehicle="11" speed="2769" time="7220" acceleration="-1341"/>
    <motionState vehicle="0" speed="2626" time="7230" acceleration="-1344"/>
    <motionState vehicle="1" speed="8792" time="7230" acceleration="11350"/>
    <motionState vehicle="2" speed="2485" time="7230" acceleration="-759"/>
    <motionState vehicle="3" speed="2409" time="7230" acceleration="177"/>
    <motionState vehicle="4" speed="2432" time="7230" acceleration="1120"/>
    <motionState vehicle="5" speed="9859" time="7230" acceleration="13636"/>
    <motionState vehicle="6" speed="2541" time="7230" acceleration="1612"/>
    <motionState vehicle="7" speed="2700" time="7230" acceleration="1341"/>
    <motionState vehicle="8" speed="2829" time="7230" acceleration="702"/>
    <motionState vehicle="9" speed="2890" time="7230" acceleration="-129"/>
    <motionState vehicle="10" speed="2866" time="7230" acceleration="-886"/>
    <motionState vehicle="11" speed="2768" time="7230" acceleration="-1342"/>
    <motionState vehicle="0" speed="2625" time="7240" acceleration="-1340"/>
    <motionState vehicle="1" speed="8803" time="7240" acceleration="11364"/>
    <motionState vehicle="2" speed="2484" time="7240" acceleration="-751"/>
    <motionState vehicle="3" speed="2409" time="7240" acceleration="186"/>
    <motionState vehicle="4" speed="2433" time="7240" acceleration="1124"/>
    <motionState vehicle="5" speed="9873" time="7240" acceleration="13636"/>
    <motionState vehicle="6" speed="2543" time="7240" acceleration="1609"/>
    <motionState vehicle="7" speed="2702" time="7240" acceleration="1334"/>
    <motionState vehicle="8" speed="2830" time="7240" acceleration="694"/>
    <motionState vehicle="9" speed="2890" time="7240" acceleration="-137"/>
    <motionState vehicle="10" speed="2865" time="7240" acceleration="-891"/>
    <motionState vehicle="11" speed="2766" time="7240" acceleration="-1342"/>
    <motionState vehicle="0" speed="2624" time="7250" acceleration="-1335"/>
    <motionState vehicle="1" speed="8815" time="7250" acceleration="11379"/>
    <motionState vehicle="2" speed="2483" time="7250" acceleration="-742"/>
    <motionState vehicle="3" speed="2410" time="7250" acceleration="195"/>
    <motionState vehicle="4" speed="2434" time="7250" acceleration="1128"/>
    <motionState vehicle="5" speed="9886" time="7250" acceleration="13636"/>
    <motionState vehicle="6" speed="2545" time="7250" acceleration="1606"/>
    <motionState vehicle="7" speed="2703" time="7250" acceleration="1328"/>
    <motionState vehicle="8" speed="2830" time="7250" acceleration="685"/>
    <motionState vehicle="9" speed="2890" time="7250" acceleration="-145"/>
    <motionState vehicle="10" speed="2864" time="7250" acceleration="-896"/>
    <motionState vehicle="11" speed="2765" time="7250" acceleration="-1343"/>
    <motionState vehicle="0" speed="2622" time="7260" acceleration="-1330"/>
    <motionState vehicle="1" speed="8826" time="7260" acceleration="11394"/>
    <motionState vehicle="2" speed="2483" time="7260" acceleration="-733"/>
    <motionState vehicle="3" speed="2410" time="7260" acceleration="204"/>
    <motionState vehicle="4" speed="2435" time="7260" acceleration="1132"/>
    <motionState vehicle="5" speed="9900" time="7260" acceleration="13636"/>
    <motionState vehicle="6" speed="2546" time="7260" acceleration="1604"/>
    <motionState vehicle="7" speed="2704" time="7260" acceleration="1322"/>
    <motionState vehicle="8" speed="2831" time="7260" acceleration="677"/>
    <motionState vehicle="9" speed="2890" time="7260" acceleration="-153"/>
    <motionState vehicle="10" speed="2864" time="7260" acceleration="-901"/>
    <motionState vehicle="11" speed="2764" time="7260" acceleration="-1343"/>
    <motionState vehicle="0" speed="2621" time="7270" acceleration="-1325"/>
    <motionState vehicle="1" speed="8838" time="7270" acceleration="11408"/>
    <motionState vehicle="2" speed="2482" time="7270" acceleration="-725"/>
    <motionState vehicle="3" speed="2410" time="7270" acceleration="213"/>
    <motionState vehicle="4" speed="2437" time="7270" acceleration="1136"/>
    <motionState vehicle="5" speed="9914" time="7270" acceleration="13636"/>
    <motionState vehicle="6" speed="2548" time="7270" acceleration="1601"/>
    <motionState vehicle="7" speed="2706" time="7270" acceleration="1315"/>
    <motionState vehicle="8" speed="2832" time="7270" acceleration="668"/>
    <motionState vehicle="9" speed="2889" time="7270" acceleration="-160"/>
    <motionState vehicle="10" speed="2863" time="7270" acceleration="-906"/>
    <motionState vehicle="11" speed="2762" time="7270" acceleration="-1344"/>
    <motionState vehicle="0" speed="2620" time="7280" acceleration="-1320"/>
    <motionState vehicle="1" speed="8849" time="7280" acceleration="11422"/>
    <motionState vehicle="2" speed="2481" time="7280" acceleration="-716"/>
    <motionState vehicle="3" speed="2410" time="7280" acceleration="222"/>
    <motionState vehicle="4" speed="2438" time="7280" acceleration="1140"/>
    <motionState vehicle="5" speed="9927" time="7280" acceleration="13636"/>
    <motionState vehicle="6" speed="2549" time="7280" acceleration="1598"/>
    <motionState vehicle="7" speed="2707" time="7280" acceleration="1309"/>
    <motionState vehicle="8" speed="2832" time="7280" acceleration="660"/>
    <motionState vehicle="9" speed="2889" time="7280" acceleration="-168"/>
    <motionState vehicle="10" speed="2862" time="7280" acceleration="-911"/>
    <motionState vehicle="11" speed="2761" time="7280" acceleration="-1344"/>
    <motionState vehicle="0" speed="2619" time="7290" acceleration="-1316"/>
    <motionState vehicle="1" speed="8860" time="7290" acceleration="11437"/>
    <motionState vehicle="2" speed="2480" time="7290" acceleration="-708"/>
    <motionState vehicle="3" speed="2410" time="7290" acceleration="231"/>
    <motionState vehicle="4" speed="2439" time="7290" acceleration="1144"/>
    <motionState vehicle="5" speed="9941" time="7290" acceleration="13636"/>
    <motionState vehicle="6" speed="2551" time="7290" acceleration="1595"/>
    <motionState vehicle="7" speed="2708" time="7290" acceleration="1302"/>
    <motionState vehicle="8" speed="2833" time="7290" acceleration="652"/>
    <motionState vehicle="9" speed="2889" time="7290" acceleration="-176"/>
    <motionState vehicle="10" speed="2861" time="7290" acceleration="-916"/>
    <motionState vehicle="11" speed="2760" time="7290" acceleration="-1345"/>
    <motionState vehicle="0" speed="2617" time="7300" acceleration="-1311"/>
    <motionState vehicle="1" speed="8872" time="7300" acceleration="11451"/>
    <motionState vehicle="2" speed="2480" time="7300" acceleration="-699"/>
    <motionState vehicle="3" speed="2411" time="7300" acceleration="240"/>
    <motionState vehicle="4" speed="2440" time="7300" acceleration="1148"/>
    <motionState vehicle="5" speed="9955" time="7300" acceleration="13636"/>
    <motionState vehicle="6" speed="2553" time="7300" acceleration="1592"/>
    <motionState vehicle="7" speed="2710" time="7300" acceleration="1296"/>
    <motionState vehicle="8" speed="2834" time="7300" acceleration="643"/>
    <motionState vehicle="9" speed="2889" time="7300" acceleration="-183"/>
    <motionState vehicle="10" speed="2860" time="7300" acceleration="-921"/>
    <motionState vehicle="11" speed="2758" time="7300" acceleration="-1345"/>
    <motionState vehicle="0" speed="2616" time="7310" acceleration="-1306"/>
    <motionState vehicle="1" speed="8883" time="7310" acceleration="11465"/>
    <motionState vehicle="2" speed="2479" time="7310" acceleration="-690"/>
    <motionState vehicle="3" speed="2411" time="7310" acceleration="249"/>
    <motionState vehicle="4" speed="2441" time="7310" acceleration="1152"/>
    <motionState vehicle="5" speed="9968" time="7310" acceleration="13636"/>
    <motionState vehicle="6" speed="2554" time="7310" acceleration="1589"/>
    <motionState vehicle="7" speed="2711" time="7310" acceleration="1290"/>
    <motionState vehicle="8" speed="2834" time="7310" acceleration="635"/>
    <motionState vehicle="9" speed="2889" time="7310" acceleration="-191"/>
    <motionState vehicle="10" speed="2859" time="7310" acceleration="-925"/>
    <motionState vehicle="11" speed="2757" time="7310" acceleration="-1345"/>
    <motionState vehicle="0" speed="2615" time="7320" acceleration="-1301"/>
    <motionState vehicle="1" speed="8895" time="7320" acceleration="11479"/>
    <motionState vehicle="2" speed="2478" time="7320" acceleration="-682"/>
    <motionState vehicle="3" speed="2411" time="7320" acceleration="257"/>
    <motionState vehicle="4" speed="2442" time="7320" acceleration="1156"/>
    <motionState vehicle="5" speed="9982" time="7320" acceleration="13636"/>
    <motionState vehicle="6" speed="2556" time="7320" acceleration="1586"/>
    <motionState vehicle="7" speed="2712" time="7320" acceleration="1283"/>
    <motionState vehicle="8" speed="2835" time="7320" acceleration="627"/>
    <motionState vehicle="9" speed="2888" time="7320" acceleration="-199"/>
    <motionState vehicle="10" speed="2858" time="7320" acceleration="-930"/>
    <motionState vehicle="11" speed="2756" time="7320" acceleration="-1345"/>
    <motionState vehicle="0" speed="2613" time="7330" acceleration="-1296"/>
    <motionState vehicle="1" speed="8906" time="7330" acceleration="11493"/>
    <motionState vehicle="2" speed="2478" time="7330" acceleration="-673"/>
    <motionState vehicle="3" speed="2411" time="7330" acceleration="266"/>
    <motionState vehicle="4" speed="2444" time="7330" acceleration="1159"/>
    <motionState vehicle="5" speed="9995" time="7330" acceleration="13636"/>
    <motionState vehicle="6" speed="2557" time="7330" acceleration="1584"/>
    <motionState vehicle="7" speed="2713" time="7330" acceleration="1277"/>
    <motionState vehicle="8" speed="2835" time="7330" acceleration="618"/>
    <motionState vehicle="9" speed="2888" time="7330" acceleration="-206"/>
    <motionState vehicle="10" speed="2857" time="7330" acceleration="-935"/>
    <motionState vehicle="11" speed="2754" time="7330" acceleration="-1346"/>
    <motionState vehicle="0" speed="2612" time="7340" acceleration="-1290"/>
    <motionState vehicle="1" speed="8918" time="7340" acceleration="11507"/>
    <motionState vehicle="2" speed="2477" time="7340" acceleration="-664"/>
    <motionState vehicle="3" speed="2412" time="7340" acceleration="275"/>
    <motionState vehicle="4" speed="2445" time="7340" acceleration="1163"/>
    <motionState vehicle="5" speed="10009" time="7340" acceleration="13636"/>
    <motionState vehicle="6" speed="2559" time="7340" acceleration="1581"/>
    <motionState vehicle="7" speed="2715" time="7340" acceleration="1270"/>
    <motionState vehicle="8" speed="2836" time="7340" acceleration="610"/>
    <motionState vehicle="9" speed="2888" time="7340" acceleration="-214"/>
    <motionState vehicle="10" speed="2856" time="7340" acceleration="-939"/>
    <motionState vehicle="11" speed="2753" time="7340" acceleration="-1346"/>
    <motionState vehicle="0" speed="2611" time="7350" acceleration="-1285"/>
    <motionState vehicle="1" speed="8929" time="7350" acceleration="11521"/>
    <motionState vehicle="2" speed="2476" time="7350" acceleration="-656"/>
    <motionState vehicle="3" speed="2412" time="7350" acceleration="283"/>
    <motionState vehicle="4" speed="2446" time="7350" acceleration="1167"/>
    <motionState vehicle="5" speed="10023" time="7350" acceleration="13636"/>
    <motionState vehicle="6" speed="2561" time="7350" acceleration="1577"/>
    <motionState vehicle="7" speed="2716" time="7350" acceleration="1264"/>
    <motionState vehicle="8" speed="2837" time="7350" acceleration="602"/>
    <motionState vehicle="9" speed="2888" time="7350" acceleration="-221"/>
    <motionState vehicle="10" speed="2855" time="7350" acceleration="-944"/>
    <motionState vehicle="11" speed="2752" time="7350" acceleration="-1346"/>
    <motionState vehicle="0" speed="2609" time="7360" acceleration="-1280"/>
    <motionState vehicle="1" speed="8941" time="7360" acceleration="11535"/>
    <motionState vehicle="2" speed="2476" time="7360" acceleration="-647"/>
    <motionState vehicle="3" speed="2412" time="7360" acceleration="292"/>
    <motionState vehicle="4" speed="2447" time="7360" acceleration="1170"/>
    <motionState vehicle="5" speed="10036" time="7360" acceleration="13636"/>
    <motionState vehicle="6" speed="2562" time="7360" acceleration="1574"/>
    <motionState vehicle="7" speed="2717" time="7360" acceleration="1257"/>
    <motionState vehicle="8" speed="2837" time="7360" acceleration="593"/>
    <motionState vehicle="9" speed="2888" time="7360" acceleration="-229"/>
    <motionState vehicle="10" speed="2854" time="7360" acceleration="-948"/>
    <motionState vehicle="11" speed="2750" time="7360" acceleration="-1346"/>
    <motionState vehicle="0" speed="2608" time="7370" acceleration="-1275"/>
    <motionState vehicle="1" speed="8952" time="7370" acceleration="11549"/>
    <motionState vehicle="2" speed="2475" time="7370" acceleration="-638"/>
    <motionState vehicle="3" speed="2413" time="7370" acceleration="300"/>
    <motionState vehicle="4" speed="2448" time="7370" acceleration="1174"/>
    <motionState vehicle="5" speed="10050" time="7370" acceleration="13636"/>
    <motionState vehicle="6" speed="2564" time="7370" acceleration="1571"/>
    <motionState vehicle="7" speed="2718" time="7370" acceleration="1250"/>
    <motionState vehicle="8" speed="2838" time="7370" acceleration="585"/>
    <motionState vehicle="9" speed="2887" time="7370" acceleration="-236"/>
    <motionState vehicle="10" speed="2853" time="7370" acceleration="-953"/>
    <motionState vehicle="11" speed="2749" time="7370" acceleration="-1346"/>
    <motionState vehicle="0" speed="2607" time="7380" acceleration="-1270"/>
    <motionState vehicle="1" speed="8964" time="7380" acceleration="11563"/>
    <motionState vehicle="2" speed="2474" time="7380" acceleration="-630"/>
    <motionState vehicle="3" speed="2413" time="7380" acceleration="309"/>
    <motionState vehicle="4" speed="2449" time="7380" acceleration="1177"/>
    <motionState vehicle="5" speed="10064" time="7380" acceleration="13636"/>
    <motionState vehicle="6" speed="2565" time="7380" acceleration="1568"/>
    <motionState vehicle="7" speed="2720" time="7380" acceleration="1244"/>
    <motionState vehicle="8" speed="2838" time="7380" acceleration="577"/>
    <motionState vehicle="9" speed="2887" time="7380" acceleration="-244"/>
    <motionState vehicle="10" speed="2852" time="7380" acceleration="-957"/>
    <motionState vehicle="11" speed="2747" time="7380" acceleration="-1346"/>
    <motionState vehicle="0" speed="2606" time="7390" acceleration="-1264"/>
    <motionState vehicle="1" speed="8976" time="7390" acceleration="11576"/>
    <motionState vehicle="2" speed="2474" time="7390" acceleration="-621"/>
    <motionState vehicle="3" speed="2413" time="7390" acceleration="317"/>
    <motionState vehicle="4" speed="2451" time="7390" acceleration="1181"/>
    <motionState vehicle="5" speed="10077" time="7390" acceleration="13627"/>
    <motionState vehicle="6" speed="2567" time="7390" acceleration="1565"/>
    <motionState vehicle="7" speed="2721" time="7390" acceleration="1237"/>
    <motionState vehicle="8" speed="2839" time="7390" acceleration="569"/>
    <motionState vehicle="9" speed="2887" time="7390" acceleration="-251"/>
    <motionState vehicle="10" speed="2851" time="7390" acceleration="-961"/>
    <motionState vehicle="11" speed="2746" time="7390" acceleration="-1346"/>
    <motionState vehicle="0" speed="2604" time="7400" acceleration="-1259"/>
    <motionState vehicle="1" speed="8987" time="7400" acceleration="11590"/>
    <motionState vehicle="2" speed="2473" time="7400" acceleration="-612"/>
    <motionState vehicle="3" speed="2414" time="7400" acceleration="325"/>
    <motionState vehicle="4" speed="2452" time="7400" acceleration="1184"/>
    <motionState vehicle="5" speed="10091" time="7400" acceleration="13385"/>
    <motionState vehicle="6" speed="2568" time="7400" acceleration="1562"/>
    <motionState vehicle="7" speed="2722" time="7400" acceleration="1231"/>
    <motionState vehicle="8" speed="2839" time="7400" acceleration="560"/>
    <motionState vehicle="9" speed="2887" time="7400" acceleration="-259"/>
    <motionState vehicle="10" speed="2850" time="7400" acceleration="-966"/>
    <motionState vehicle="11" speed="2745" time="7400" acceleration="-1345"/>
    <motionState vehicle="0" speed="2603" time="7410" acceleration="-1254"/>
    <motionState vehicle="1" speed="8999" time="7410" acceleration="11601"/>
    <motionState vehicle="2" speed="2473" time="7410" acceleration="-604"/>
    <motionState vehicle="3" speed="2414" time="7410" acceleration="334"/>
    <motionState vehicle="4" speed="2453" time="7410" acceleration="1187"/>
    <motionState vehicle="5" speed="10104" time="7410" acceleration="13146"/>
    <motionState vehicle="6" speed="2570" time="7410" acceleration="1559"/>
    <motionState vehicle="7" speed="2723" time="7410" acceleration="1224"/>
    <motionState vehicle="8" speed="2840" time="7410" acceleration="552"/>
    <motionState vehicle="9" speed="2886" time="7410" acceleration="-266"/>
    <motionState vehicle="10" speed="2849" time="7410" acceleration="-970"/>
    <motionState vehicle="11" speed="2743" time="7410" acceleration="-1345"/>
    <motionState vehicle="0" speed="2602" time="7420" acceleration="-1248"/>
    <motionState vehicle="1" speed="9010" time="7420" acceleration="11610"/>
    <motionState vehicle="2" speed="2472" time="7420" acceleration="-595"/>
    <motionState vehicle="3" speed="2414" time="7420" acceleration="342"/>
    <motionState vehicle="4" speed="2454" time="7420" acceleration="1190"/>
    <motionState vehicle="5" speed="10117" time="7420" acceleration="12912"/>
    <motionState vehicle="6" speed="2571" time="7420" acceleration="1555"/>
    <motionState vehicle="7" speed="2725" time="7420" acceleration="1217"/>
    <motionState vehicle="8" speed="2841" time="7420" acceleration="544"/>
    <motionState vehicle="9" speed="2886" time="7420" acceleration="-273"/>
    <motionState vehicle="10" speed="2849" time="7420" acceleration="-974"/>
    <motionState vehicle="11" speed="2742" time="7420" acceleration="-1345"/>
    <motionState vehicle="0" speed="2601" time="7430" acceleration="-1243"/>
    <motionState vehicle="1" speed="9022" time="7430" acceleration="11617"/>
    <motionState vehicle="2" speed="2471" time="7430" acceleration="-586"/>
    <motionState vehicle="3" speed="2415" time="7430" acceleration="350"/>
    <motionState vehicle="4" speed="2455" time="7430" acceleration="1194"/>
    <motionState vehicle="5" speed="10129" time="7430" acceleration="12683"/>
    <motionState vehicle="6" speed="2573" time="7430" acceleration="1552"/>
    <motionState vehicle="7" speed="2726" time="7430" acceleration="1211"/>
    <motionState vehicle="8" speed="2841" time="7430" acceleration="535"/>
    <motionState vehicle="9" speed="2886" time="7430" acceleration="-281"/>
    <motionState vehicle="10" speed="2848" time="7430" acceleration="-978"/>
    <motionState vehicle="11" speed="2741" time="7430" acceleration="-1344"/>
    <motionState vehicle="0" speed="2599" time="7440" acceleration="-1237"/>
    <motionState vehicle="1" speed="9034" time="7440" acceleration="11622"/>
    <motionState vehicle="2" speed="2471" time="7440" acceleration="-578"/>
    <motionState vehicle="3" speed="2415" time="7440" acceleration="358"/>
    <motionState vehicle="4" speed="2457" time="7440" acceleration="1197"/>
    <motionState vehicle="5" speed="10142" time="7440" acceleration="12457"/>
    <motionState vehicle="6" speed="2575" time="7440" acceleration="1549"/>
    <motionState vehicle="7" speed="2727" time="7440" acceleration="1204"/>
    <motionState vehicle="8" speed="2842" time="7440" acceleration="527"/>
    <motionState vehicle="9" speed="2885" time="7440" acceleration="-288"/>
    <motionState vehicle="10" speed="2847" time="7440" acceleration="-983"/>
    <motionState vehicle="11" speed="2739" time="7440" acceleration="-1344"/>
    <motionState vehicle="0" speed="2598" time="7450" acceleration="-1232"/>
    <motionState vehicle="1" speed="9045" time="7450" acceleration="11625"/>
    <motionState vehicle="2" speed="2470" time="7450" acceleration="-569"/>
    <motionState vehicle="3" speed="2415" time="7450" acceleration="367"/>
    <motionState vehicle="4" speed="2458" time="7450" acceleration="1200"/>
    <motionState vehicle="5" speed="10154" time="7450" acceleration="12235"/>
    <motionState vehicle="6" speed="2576" time="7450" acceleration="1545"/>
    <motionState vehicle="7" speed="2728" time="7450" acceleration="1197"/>
    <motionState vehicle="8" speed="2842" time="7450" acceleration="519"/>
    <motionState vehicle="9" speed="2885" time="7450" acceleration="-295"/>
    <motionState vehicle="10" speed="2846" time="7450" acceleration="-987"/>
    <motionState vehicle="11" speed="2738" time="7450" acceleration="-1343"/>
    <motionState vehicle="0" speed="2597" time="7460" acceleration="-1226"/>
    <motionState vehicle="1" speed="9057" time="7460" acceleration="11625"/>
    <motionState vehicle="2" speed="2470" time="7460" acceleration="-560"/>
    <motionState vehicle="3" speed="2416" time="7460" acceleration="375"/>
    <motionState vehicle="4" speed="2459" time="7460" acceleration="1203"/>
    <motionState vehicle="5" speed="10166" time="7460" acceleration="12018"/>
    <motionState vehicle="6" speed="2578" time="7460" acceleration="1542"/>
    <motionState vehicle="7" speed="2729" time="7460" acceleration="1191"/>
    <motionState vehicle="8" speed="2843" time="7460" acceleration="511"/>
    <motionState vehicle="9" speed="2885" time="7460" acceleration="-302"/>
    <motionState vehicle="10" speed="2845" time="7460" acceleration="-991"/>
    <motionState vehicle="11" speed="2737" time="7460" acceleration="-1343"/>
    <motionState vehicle="0" speed="2596" time="7470" acceleration="-1220"/>
    <motionState vehicle="1" speed="9068" time="7470" acceleration="11624"/>
    <motionState vehicle="2" speed="2469" time="7470" acceleration="-551"/>
    <motionState vehicle="3" speed="2416" time="7470" acceleration="383"/>
    <motionState vehicle="4" speed="2460" time="7470" acceleration="1206"/>
    <motionState vehicle="5" speed="10178" time="7470" acceleration="11804"/>
    <motionState vehicle="6" speed="2579" time="7470" acceleration="1539"/>
    <motionState vehicle="7" speed="2731" time="7470" acceleration="1184"/>
    <motionState vehicle="8" speed="2843" time="7470" acceleration="503"/>
    <motionState vehicle="9" speed="2885" time="7470" acceleration="-309"/>
    <motionState vehicle="10" speed="2844" time="7470" acceleration="-995"/>
    <motionState vehicle="11" speed="2735" time="7470" acceleration="-1342"/>
    <motionState vehicle="0" speed="2594" time="7480" acceleration="-1215"/>
    <motionState vehicle="1" speed="9080" time="7480" acceleration="11621"/>
    <motionState vehicle="2" speed="2469" time="7480" acceleration="-543"/>
    <motionState vehicle="3" speed="2416" time="7480" acceleration="391"/>
    <motionState vehicle="4" speed="2461" time="7480" acceleration="1209"/>
    <motionState vehicle="5" speed="10189" time="7480" acceleration="11594"/>
    <motionState vehicle="6" speed="2581" time="7480" acceleration="1535"/>
    <motionState vehicle="7" speed="2732" time="7480" acceleration="1177"/>
    <motionState vehicle="8" speed="2844" time="7480" acceleration="494"/>
    <motionState vehicle="9" speed="2884" time="7480" acceleration="-317"/>
    <motionState vehicle="10" speed="2843" time="7480" acceleration="-999"/>
    <motionState vehicle="11" speed="2734" time="7480" acceleration="-1342"/>
    <motionState vehicle="0" speed="2593" time="7490" acceleration="-1209"/>
    <motionState vehicle="1" speed="9092" time="7490" acceleration="11616"/>
    <motionState vehicle="2" speed="2468" time="7490" acceleration="-534"/>
    <motionState vehicle="3" speed="2417" time="7490" acceleration="399"/>
    <motionState vehicle="4" speed="2463" time="7490" acceleration="1211"/>
    <motionState vehicle="5" speed="10201" time="7490" acceleration="11388"/>
    <motionState vehicle="6" speed="2582" time="7490" acceleration="1532"/>
    <motionState vehicle="7" speed="2733" time="7490" acceleration="1171"/>
    <motionState vehicle="8" speed="2844" time="7490" acceleration="486"/>
    <motionState vehicle="9" speed="2884" time="7490" acceleration="-324"/>
    <motionState vehicle="10" speed="2842" time="7490" acceleration="-1002"/>
    <motionState vehicle="11" speed="2733" time="7490" acceleration="-1341"/>
    <motionState vehicle="0" speed="2592" time="7500" acceleration="-1203"/>
    <motionState vehicle="1" speed="9103" time="7500" acceleration="11609"/>
    <motionState vehicle="2" speed="2467" time="7500" acceleration="-525"/>
    <motionState vehicle="3" speed="2417" time="7500" acceleration="407"/>
    <motionState vehicle="4" speed="2464" time="7500" acceleration="1214"/>
    <motionState vehicle="5" speed="10212" time="7500" acceleration="11186"/>
    <motionState vehicle="6" speed="2584" time="7500" acceleration="1528"/>
    <motionState vehicle="7" speed="2734" time="7500" acceleration="1164"/>
    <motionState vehicle="8" speed="2845" time="7500" acceleration="478"/>
    <motionState vehicle="9" speed="2884" time="7500" acceleration="-331"/>
    <motionState vehicle="10" speed="2841" time="7500" acceleration="-1006"/>
    <motionState vehicle="11" speed="2731" time="7500" acceleration="-1340"/>
    <motionState vehicle="0" speed="2591" time="7510" acceleration="-1197"/>
    <motionState vehicle="1" speed="9115" time="7510" acceleration="11600"/>
    <motionState vehicle="2" speed="2467" time="7510" acceleration="-517"/>
    <motionState vehicle="3" speed="2418" time="7510" acceleration="415"/>
    <motionState vehicle="4" speed="2465" time="7510" acceleration="1217"/>
    <motionState vehicle="5" speed="10223" time="7510" acceleration="10987"/>
    <motionState vehicle="6" speed="2585" time="7510" acceleration="1525"/>
    <motionState vehicle="7" speed="2735" time="7510" acceleration="1157"/>
    <motionState vehicle="8" speed="2845" time="7510" acceleration="470"/>
    <motionState vehicle="9" speed="2883" time="7510" acceleration="-338"/>
    <motionState vehicle="10" speed="2840" time="7510" acceleration="-1010"/>
    <motionState vehicle="11" speed="2730" time="7510" acceleration="-1340"/>
    <motionState vehicle="0" speed="2590" time="7520" acceleration="-1192"/>
    <motionState vehicle="1" speed="9126" time="7520" acceleration="11590"/>
    <motionState vehicle="2" speed="2466" time="7520" acceleration="-508"/>
    <motionState vehicle="3" speed="2418" time="7520" acceleration="422"/>
    <motionState vehicle="4" speed="2466" time="7520" acceleration="1220"/>
    <motionState vehicle="5" speed="10234" time="7520" acceleration="10792"/>
    <motionState vehicle="6" speed="2587" time="7520" acceleration="1521"/>
    <motionState vehicle="7" speed="2736" time="7520" acceleration="1150"/>
    <motionState vehicle="8" speed="2846" time="7520" acceleration="462"/>
    <motionState vehicle="9" speed="2883" time="7520" acceleration="-345"/>
    <motionState vehicle="10" speed="2839" time="7520" acceleration="-1014"/>
    <motionState vehicle="11" speed="2729" time="7520" acceleration="-1339"/>
    <motionState vehicle="0" speed="2589" time="7530" acceleration="-1186"/>
    <motionState vehicle="1" speed="9138" time="7530" acceleration="11578"/>
    <motionState vehicle="2" speed="2466" time="7530" acceleration="-499"/>
    <motionState vehicle="3" speed="2418" time="7530" acceleration="430"/>
    <motionState vehicle="4" speed="2467" time="7530" acceleration="1222"/>
    <motionState vehicle="5" speed="10244" time="7530" acceleration="10601"/>
    <motionState vehicle="6" speed="2588" time="7530" acceleration="1518"/>
    <motionState vehicle="7" speed="2738" time="7530" acceleration="1143"/>
    <motionState vehicle="8" speed="2846" time="7530" acceleration="454"/>
    <motionState vehicle="9" speed="2883" time="7530" acceleration="-352"/>
    <motionState vehicle="10" speed="2838" time="7530" acceleration="-1018"/>
    <motionState vehicle="11" speed="2727" time="7530" acceleration="-1338"/>
    <motionState vehicle="0" speed="2587" time="7540" acceleration="-1180"/>
    <motionState vehicle="1" speed="9150" time="7540" acceleration="11565"/>
    <motionState vehicle="2" speed="2465" time="7540" acceleration="-491"/>
    <motionState vehicle="3" speed="2419" time="7540" acceleration="438"/>
    <motionState vehicle="4" speed="2469" time="7540" acceleration="1225"/>
    <motionState vehicle="5" speed="10255" time="7540" acceleration="10413"/>
    <motionState vehicle="6" speed="2590" time="7540" acceleration="1514"/>
    <motionState vehicle="7" speed="2739" time="7540" acceleration="1137"/>
    <motionState vehicle="8" speed="2846" time="7540" acceleration="445"/>
    <motionState vehicle="9" speed="2882" time="7540" acceleration="-359"/>
    <motionState vehicle="10" speed="2836" time="7540" acceleration="-1021"/>
    <motionState vehicle="11" speed="2726" time="7540" acceleration="-1337"/>
    <motionState vehicle="0" speed="2586" time="7550" acceleration="-1174"/>
    <motionState vehicle="1" speed="9161" time="7550" acceleration="11550"/>
    <motionState vehicle="2" speed="2465" time="7550" acceleration="-482"/>
    <motionState vehicle="3" speed="2419" time="7550" acceleration="446"/>
    <motionState vehicle="4" speed="2470" time="7550" acceleration="1227"/>
    <motionState vehicle="5" speed="10265" time="7550" acceleration="10228"/>
    <motionState vehicle="6" speed="2591" time="7550" acceleration="1510"/>
    <motionState vehicle="7" speed="2740" time="7550" acceleration="1130"/>
    <motionState vehicle="8" speed="2847" time="7550" acceleration="437"/>
    <motionState vehicle="9" speed="2882" time="7550" acceleration="-366"/>
    <motionState vehicle="10" speed="2835" time="7550" acceleration="-1025"/>
    <motionState vehicle="11" speed="2725" time="7550" acceleration="-1336"/>
    <motionState vehicle="0" speed="2585" time="7560" acceleration="-1168"/>
    <motionState vehicle="1" speed="9173" time="7560" acceleration="11533"/>
    <motionState vehicle="2" speed="2465" time="7560" acceleration="-473"/>
    <motionState vehicle="3" speed="2420" time="7560" acceleration="453"/>
    <motionState vehicle="4" speed="2471" time="7560" acceleration="1230"/>
    <motionState vehicle="5" speed="10275" time="7560" acceleration="10047"/>
    <motionState vehicle="6" speed="2593" time="7560" acceleration="1507"/>
    <motionState vehicle="7" speed="2741" time="7560" acceleration="1123"/>
    <motionState vehicle="8" speed="2847" time="7560" acceleration="429"/>
    <motionState vehicle="9" speed="2881" time="7560" acceleration="-373"/>
    <motionState vehicle="10" speed="2834" time="7560" acceleration="-1028"/>
    <motionState vehicle="11" speed="2723" time="7560" acceleration="-1335"/>
    <motionState vehicle="0" speed="2584" time="7570" acceleration="-1162"/>
    <motionState vehicle="1" speed="9184" time="7570" acceleration="11515"/>
    <motionState vehicle="2" speed="2464" time="7570" acceleration="-465"/>
    <motionState vehicle="3" speed="2420" time="7570" acceleration="461"/>
    <motionState vehicle="4" speed="2472" time="7570" acceleration="1232"/>
    <motionState vehicle="5" speed="10285" time="7570" acceleration="9869"/>
    <motionState vehicle="6" speed="2594" time="7570" acceleration="1503"/>
    <motionState vehicle="7" speed="2742" time="7570" acceleration="1116"/>
    <motionState vehicle="8" speed="2848" time="7570" acceleration="421"/>
    <motionState vehicle="9" speed="2881" time="7570" acceleration="-379"/>
    <motionState vehicle="10" speed="2833" time="7570" acceleration="-1032"/>
    <motionState vehicle="11" speed="2722" time="7570" acceleration="-1334"/>
    <motionState vehicle="0" speed="2583" time="7580" acceleration="-1156"/>
    <motionState vehicle="1" speed="9196" time="7580" acceleration="11495"/>
    <motionState vehicle="2" speed="2464" time="7580" acceleration="-456"/>
    <motionState vehicle="3" speed="2421" time="7580" acceleration="468"/>
    <motionState vehicle="4" speed="2474" time="7580" acceleration="1235"/>
    <motionState vehicle="5" speed="10295" time="7580" acceleration="9694"/>
    <motionState vehicle="6" speed="2596" time="7580" acceleration="1499"/>
    <motionState vehicle="7" speed="2743" time="7580" acceleration="1109"/>
    <motionState vehicle="8" speed="2848" time="7580" acceleration="413"/>
    <motionState vehicle="9" speed="2881" time="7580" acceleration="-386"/>
    <motionState vehicle="10" speed="2832" time="7580" acceleration="-1035"/>
    <motionState vehicle="11" speed="2721" time="7580" acceleration="-1333"/>
    <motionState vehicle="0" speed="2582" time="7590" acceleration="-1150"/>
    <motionState vehicle="1" speed="9207" time="7590" acceleration="11474"/>
    <motionState vehicle="2" speed="2463" time="7590" acceleration="-447"/>
    <motionState vehicle="3" speed="2421" time="7590" acceleration="476"/>
    <motionState vehicle="4" speed="2475" time="7590" acceleration="1237"/>
    <motionState vehicle="5" speed="10304" time="7590" acceleration="9522"/>
    <motionState vehicle="6" speed="2597" time="7590" acceleration="1495"/>
    <motionState vehicle="7" speed="2744" time="7590" acceleration="1102"/>
    <motionState vehicle="8" speed="2849" time="7590" acceleration="405"/>
    <motionState vehicle="9" speed="2880" time="7590" acceleration="-393"/>
    <motionState vehicle="10" speed="2831" time="7590" acceleration="-1039"/>
    <motionState vehicle="11" speed="2719" time="7590" acceleration="-1332"/>
    <motionState vehicle="0" speed="2580" time="7600" acceleration="-1144"/>
    <motionState vehicle="1" speed="9219" time="7600" acceleration="11452"/>
    <motionState vehicle="2" speed="2463" time="7600" acceleration="-439"/>
    <motionState vehicle="3" speed="2422" time="7600" acceleration="483"/>
    <motionState vehicle="4" speed="2476" time="7600" acceleration="1239"/>
    <motionState vehicle="5" speed="10314" time="7600" acceleration="9354"/>
    <motionState vehicle="6" speed="2599" time="7600" acceleration="1491"/>
    <motionState vehicle="7" speed="2745" time="7600" acceleration="1096"/>
    <motionState vehicle="8" speed="2849" time="7600" acceleration="397"/>
    <motionState vehicle="9" speed="2880" time="7600" acceleration="-400"/>
    <motionState vehicle="10" speed="2830" time="7600" acceleration="-1042"/>
    <motionState vehicle="11" speed="2718" time="7600" acceleration="-1330"/>
    <motionState vehicle="0" speed="2579" time="7610" acceleration="-1138"/>
    <motionState vehicle="1" speed="9230" time="7610" acceleration="11428"/>
    <motionState vehicle="2" speed="2462" time="7610" acceleration="-430"/>
    <motionState vehicle="3" speed="2422" time="7610" acceleration="491"/>
    <motionState vehicle="4" speed="2477" time="7610" acceleration="1241"/>
    <motionState vehicle="5" speed="10323" time="7610" acceleration="9188"/>
    <motionState vehicle="6" speed="2600" time="7610" acceleration="1488"/>
    <motionState vehicle="7" speed="2747" time="7610" acceleration="1089"/>
    <motionState vehicle="8" speed="2849" time="7610" acceleration="389"/>
    <motionState vehicle="9" speed="2879" time="7610" acceleration="-406"/>
    <motionState vehicle="10" speed="2829" time="7610" acceleration="-1046"/>
    <motionState vehicle="11" speed="2717" time="7610" acceleration="-1329"/>
    <motionState vehicle="0" speed="2578" time="7620" acceleration="-1132"/>
    <motionState vehicle="1" speed="9241" time="7620" acceleration="11403"/>
    <motionState vehicle="2" speed="2462" time="7620" acceleration="-421"/>
    <motionState vehicle="3" speed="2423" time="7620" acceleration="498"/>
    <motionState vehicle="4" speed="2479" time="7620" acceleration="1243"/>
    <motionState vehicle="5" speed="10332" time="7620" acceleration="9026"/>
    <motionState vehicle="6" speed="2602" time="7620" acceleration="1484"/>
    <motionState vehicle="7" speed="2748" time="7620" acceleration="1082"/>
    <motionState vehicle="8" speed="2850" time="7620" acceleration="381"/>
    <motionState vehicle="9" speed="2879" time="7620" acceleration="-413"/>
    <motionState vehicle="10" speed="2828" time="7620" acceleration="-1049"/>
    <motionState vehicle="11" speed="2715" time="7620" acceleration="-1328"/>
    <motionState vehicle="0" speed="2577" time="7630" acceleration="-1125"/>
    <motionState vehicle="1" speed="9253" time="7630" acceleration="11377"/>
    <motionState vehicle="2" speed="2461" time="7630" acceleration="-413"/>
    <motionState vehicle="3" speed="2423" time="7630" acceleration="505"/>
    <motionState vehicle="4" speed="2480" time="7630" acceleration="1246"/>
    <motionState vehicle="5" speed="10341" time="7630" acceleration="8866"/>
    <motionState vehicle="6" speed="2603" time="7630" acceleration="1480"/>
    <motionState vehicle="7" speed="2749" time="7630" acceleration="1075"/>
    <motionState vehicle="8" speed="2850" time="7630" acceleration="373"/>
    <motionState vehicle="9" speed="2879" time="7630" acceleration="-420"/>
    <motionState vehicle="10" speed="2827" time="7630" acceleration="-1052"/>
    <motionState vehicle="11" speed="2714" time="7630" acceleration="-1326"/>
    <motionState vehicle="0" speed="2576" time="7640" acceleration="-1119"/>
    <motionState vehicle="1" speed="9264" time="7640" acceleration="11350"/>
    <motionState vehicle="2" speed="2461" time="7640" acceleration="-404"/>
    <motionState vehicle="3" speed="2424" time="7640" acceleration="513"/>
    <motionState vehicle="4" speed="2481" time="7640" acceleration="1248"/>
    <motionState vehicle="5" speed="10349" time="7640" acceleration="8709"/>
    <motionState vehicle="6" speed="2605" time="7640" acceleration="1476"/>
    <motionState vehicle="7" speed="2750" time="7640" acceleration="1068"/>
    <motionState vehicle="8" speed="2850" time="7640" acceleration="365"/>
    <motionState vehicle="9" speed="2878" time="7640" acceleration="-426"/>
    <motionState vehicle="10" speed="2826" time="7640" acceleration="-1055"/>
    <motionState vehicle="11" speed="2713" time="7640" acceleration="-1325"/>
    <motionState vehicle="0" speed="2575" time="7650" acceleration="-1113"/>
    <motionState vehicle="1" speed="9276" time="7650" acceleration="11321"/>
    <motionState vehicle="2" speed="2461" time="7650" acceleration="-395"/>
    <motionState vehicle="3" speed="2424" time="7650" acceleration="520"/>
    <motionState vehicle="4" speed="2482" time="7650" acceleration="1250"/>
    <motionState vehicle="5" speed="10358" time="7650" acceleration="8556"/>
    <motionState vehicle="6" speed="2606" time="7650" acceleration="1472"/>
    <motionState vehicle="7" speed="2751" time="7650" acceleration="1061"/>
    <motionState vehicle="8" speed="2851" time="7650" acceleration="357"/>
    <motionState vehicle="9" speed="2878" time="7650" acceleration="-433"/>
    <motionState vehicle="10" speed="2825" time="7650" acceleration="-1059"/>
    <motionState vehicle="11" speed="2711" time="7650" acceleration="-1323"/>
    <motionState vehicle="0" speed="2574" time="7660" acceleration="-1107"/>
    <motionState vehicle="1" speed="9287" time="7660" acceleration="11292"/>
    <motionState vehicle="2" speed="2460" time="7660" acceleration="-387"/>
    <motionState vehicle="3" speed="2425" time="7660" acceleration="527"/>
    <motionState vehicle="4" speed="2484" time="7660" acceleration="1251"/>
    <motionState vehicle="5" speed="10366" time="7660" acceleration="8404"/>
    <motionState vehicle="6" speed="2608" time="7660" acceleration="1468"/>
    <motionState vehicle="7" speed="2752" time="7660" acceleration="1054"/>
    <motionState vehicle="8" speed="2851" time="7660" acceleration="349"/>
    <motionState vehicle="9" speed="2877" time="7660" acceleration="-439"/>
    <motionState vehicle="10" speed="2824" time="7660" acceleration="-1062"/>
    <motionState vehicle="11" speed="2710" time="7660" acceleration="-1322"/>
    <motionState vehicle="0" speed="2573" time="7670" acceleration="-1100"/>
    <motionState vehicle="1" speed="9298" time="7670" acceleration="11261"/>
    <motionState vehicle="2" speed="2460" time="7670" acceleration="-378"/>
    <motionState vehicle="3" speed="2425" time="7670" acceleration="534"/>
    <motionState vehicle="4" speed="2485" time="7670" acceleration="1253"/>
    <motionState vehicle="5" speed="10375" time="7670" acceleration="8256"/>
    <motionState vehicle="6" speed="2609" time="7670" acceleration="1464"/>
    <motionState vehicle="7" speed="2753" time="7670" acceleration="1047"/>
    <motionState vehicle="8" speed="2852" time="7670" acceleration="341"/>
    <motionState vehicle="9" speed="2877" time="7670" acceleration="-446"/>
    <motionState vehicle="10" speed="2823" time="7670" acceleration="-1065"/>
    <motionState vehicle="11" speed="2709" time="7670" acceleration="-1320"/>
    <motionState vehicle="0" speed="2571" time="7680" acceleration="-1094"/>
    <motionState vehicle="1" speed="9309" time="7680" acceleration="11229"/>
    <motionState vehicle="2" speed="2459" time="7680" acceleration="-369"/>
    <motionState vehicle="3" speed="2426" time="7680" acceleration="541"/>
    <motionState vehicle="4" speed="2486" time="7680" acceleration="1255"/>
    <motionState vehicle="5" speed="10383" time="7680" acceleration="8111"/>
    <motionState vehicle="6" speed="2611" time="7680" acceleration="1460"/>
    <motionState vehicle="7" speed="2754" time="7680" acceleration="1040"/>
    <motionState vehicle="8" speed="2852" time="7680" acceleration="333"/>
    <motionState vehicle="9" speed="2876" time="7680" acceleration="-452"/>
    <motionState vehicle="10" speed="2822" time="7680" acceleration="-1068"/>
    <motionState vehicle="11" speed="2707" time="7680" acceleration="-1319"/>
    <motionState vehicle="0" speed="2570" time="7690" acceleration="-1088"/>
    <motionState vehicle="1" speed="9320" time="7690" acceleration="11196"/>
    <motionState vehicle="2" speed="2459" time="7690" acceleration="-361"/>
    <motionState vehicle="3" speed="2426" time="7690" acceleration="548"/>
    <motionState vehicle="4" speed="2487" time="7690" acceleration="1257"/>
    <motionState vehicle="5" speed="10391" time="7690" acceleration="7968"/>
    <motionState vehicle="6" speed="2612" time="7690" acceleration="1456"/>
    <motionState vehicle="7" speed="2755" time="7690" acceleration="1033"/>
    <motionState vehicle="8" speed="2852" time="7690" acceleration="325"/>
    <motionState vehicle="9" speed="2876" time="7690" acceleration="-459"/>
    <motionState vehicle="10" speed="2821" time="7690" acceleration="-1071"/>
    <motionState vehicle="11" speed="2706" time="7690" acceleration="-1317"/>
    <motionState vehicle="0" speed="2569" time="7700" acceleration="-1081"/>
    <motionState vehicle="1" speed="9332" time="7700" acceleration="11162"/>
    <motionState vehicle="2" speed="2459" time="7700" acceleration="-352"/>
    <motionState vehicle="3" speed="2427" time="7700" acceleration="555"/>
    <motionState vehicle="4" speed="2489" time="7700" acceleration="1259"/>
    <motionState vehicle="5" speed="10398" time="7700" acceleration="7827"/>
    <motionState vehicle="6" speed="2614" time="7700" acceleration="1452"/>
    <motionState vehicle="7" speed="2756" time="7700" acceleration="1026"/>
    <motionState vehicle="8" speed="2852" time="7700" acceleration="317"/>
    <motionState vehicle="9" speed="2876" time="7700" acceleration="-465"/>
    <motionState vehicle="10" speed="2820" time="7700" acceleration="-1074"/>
    <motionState vehicle="11" speed="2705" time="7700" acceleration="-1315"/>
    <motionState vehicle="0" speed="2568" time="7710" acceleration="-1075"/>
    <motionState vehicle="1" speed="9343" time="7710" acceleration="11128"/>
    <motionState vehicle="2" speed="2458" time="7710" acceleration="-344"/>
    <motionState vehicle="3" speed="2427" time="7710" acceleration="562"/>
    <motionState vehicle="4" speed="2490" time="7710" acceleration="1260"/>
    <motionState vehicle="5" speed="10406" time="7710" acceleration="7689"/>
    <motionState vehicle="6" speed="2615" time="7710" acceleration="1448"/>
    <motionState vehicle="7" speed="2757" time="7710" acceleration="1019"/>
    <motionState vehicle="8" speed="2853" time="7710" acceleration="309"/>
    <motionState vehicle="9" speed="2875" time="7710" acceleration="-472"/>
    <motionState vehicle="10" speed="2819" time="7710" acceleration="-1076"/>
    <motionState vehicle="11" speed="2703" time="7710" acceleration="-1313"/>
    <motionState vehicle="0" speed="2567" time="7720" acceleration="-1068"/>
    <motionState vehicle="1" speed="9354" time="7720" acceleration="11092"/>
    <motionState vehicle="2" speed="2458" time="7720" acceleration="-335"/>
    <motionState vehicle="3" speed="2428" time="7720" acceleration="569"/>
    <motionState vehicle="4" speed="2491" time="7720" acceleration="1262"/>
    <motionState vehicle="5" speed="10414" time="7720" acceleration="7554"/>
    <motionState vehicle="6" speed="2616" time="7720" acceleration="1444"/>
    <motionState vehicle="7" speed="2758" time="7720" acceleration="1012"/>
    <motionState vehicle="8" speed="2853" time="7720" acceleration="301"/>
    <motionState vehicle="9" speed="2875" time="7720" acceleration="-478"/>
    <motionState vehicle="10" speed="2818" time="7720" acceleration="-1079"/>
    <motionState vehicle="11" speed="2702" time="7720" acceleration="-1312"/>
    <motionState vehicle="0" speed="2566" time="7730" acceleration="-1062"/>
    <motionState vehicle="1" speed="9365" time="7730" acceleration="11055"/>
    <motionState vehicle="2" speed="2458" time="7730" acceleration="-327"/>
    <motionState vehicle="3" speed="2429" time="7730" acceleration="576"/>
    <motionState vehicle="4" speed="2492" time="7730" acceleration="1264"/>
    <motionState vehicle="5" speed="10421" time="7730" acceleration="7421"/>
    <motionState vehicle="6" speed="2618" time="7730" acceleration="1439"/>
    <motionState vehicle="7" speed="2759" time="7730" acceleration="1005"/>
    <motionState vehicle="8" speed="2853" time="7730" acceleration="293"/>
    <motionState vehicle="9" speed="2874" time="7730" acceleration="-484"/>
    <motionState vehicle="10" speed="2816" time="7730" acceleration="-1082"/>
    <motionState vehicle="11" speed="2701" time="7730" acceleration="-1310"/>
    <motionState vehicle="0" speed="2565" time="7740" acceleration="-1055"/>
    <motionState vehicle="1" speed="9376" time="7740" acceleration="11018"/>
    <motionState vehicle="2" speed="2457" time="7740" acceleration="-318"/>
    <motionState vehicle="3" speed="2429" time="7740" acceleration="583"/>
    <motionState vehicle="4" speed="2494" time="7740" acceleration="1265"/>
    <motionState vehicle="5" speed="10428" time="7740" acceleration="7291"/>
    <motionState vehicle="6" speed="2619" time="7740" acceleration="1435"/>
    <motionState vehicle="7" speed="2760" time="7740" acceleration="998"/>
    <motionState vehicle="8" speed="2854" time="7740" acceleration="285"/>
    <motionState vehicle="9" speed="2874" time="7740" acceleration="-491"/>
    <motionState vehicle="10" speed="2815" time="7740" acceleration="-1085"/>
    <motionState vehicle="11" speed="2700" time="7740" acceleration="-1308"/>
    <motionState vehicle="0" speed="2564" time="7750" acceleration="-1049"/>
    <motionState vehicle="1" speed="9387" time="7750" acceleration="10979"/>
    <motionState vehicle="2" speed="2457" time="7750" acceleration="-309"/>
    <motionState vehicle="3" speed="2430" time="7750" acceleration="590"/>
    <motionState vehicle="4" speed="2495" time="7750" acceleration="1267"/>
    <motionState vehicle="5" speed="10436" time="7750" acceleration="7163"/>
    <motionState vehicle="6" speed="2621" time="7750" acceleration="1431"/>
    <motionState vehicle="7" speed="2761" time="7750" acceleration="991"/>
    <motionState vehicle="8" speed="2854" time="7750" acceleration="278"/>
    <motionState vehicle="9" speed="2873" time="7750" acceleration="-497"/>
    <motionState vehicle="10" speed="2814" time="7750" acceleration="-1088"/>
    <motionState vehicle="11" speed="2698" time="7750" acceleration="-1306"/>
    <motionState vehicle="0" speed="2563" time="7760" acceleration="-1042"/>
    <motionState vehicle="1" speed="9398" time="7760" acceleration="10940"/>
    <motionState vehicle="2" speed="2457" time="7760" acceleration="-301"/>
    <motionState vehicle="3" speed="2430" time="7760" acceleration="596"/>
    <motionState vehicle="4" speed="2496" time="7760" acceleration="1268"/>
    <motionState vehicle="5" speed="10443" time="7760" acceleration="7037"/>
    <motionState vehicle="6" speed="2622" time="7760" acceleration="1427"/>
    <motionState vehicle="7" speed="2762" time="7760" acceleration="984"/>
    <motionState vehicle="8" speed="2854" time="7760" acceleration="270"/>
    <motionState vehicle="9" speed="2873" time="7760" acceleration="-503"/>
    <motionState vehicle="10" speed="2813" time="7760" acceleration="-1090"/>
    <motionState vehicle="11" speed="2697" time="7760" acceleration="-1304"/>
    <motionState vehicle="0" speed="2562" time="7770" acceleration="-1036"/>
    <motionState vehicle="1" speed="9409" time="7770" acceleration="10900"/>
    <motionState vehicle="2" speed="2457" time="7770" acceleration="-292"/>
    <motionState vehicle="3" speed="2431" time="7770" acceleration="603"/>
    <motionState vehicle="4" speed="2497" time="7770" acceleration="1269"/>
    <motionState vehicle="5" speed="10450" time="7770" acceleration="6913"/>
    <motionState vehicle="6" speed="2624" time="7770" acceleration="1422"/>
    <motionState vehicle="7" speed="2763" time="7770" acceleration="977"/>
    <motionState vehicle="8" speed="2854" time="7770" acceleration="262"/>
    <motionState vehicle="9" speed="2872" time="7770" acceleration="-509"/>
    <motionState vehicle="10" speed="2812" time="7770" acceleration="-1093"/>
    <motionState vehicle="11" speed="2696" time="7770" acceleration="-1302"/>
    <motionState vehicle="0" speed="2561" time="7780" acceleration="-1029"/>
    <motionState vehicle="1" speed="9420" time="7780" acceleration="10859"/>
    <motionState vehicle="2" speed="2456" time="7780" acceleration="-284"/>
    <motionState vehicle="3" speed="2432" time="7780" acceleration="610"/>
    <motionState vehicle="4" speed="2499" time="7780" acceleration="1271"/>
    <motionState vehicle="5" speed="10456" time="7780" acceleration="6792"/>
    <motionState vehicle="6" speed="2625" time="7780" acceleration="1418"/>
    <motionState vehicle="7" speed="2764" time="7780" acceleration="970"/>
    <motionState vehicle="8" speed="2855" time="7780" acceleration="254"/>
    <motionState vehicle="9" speed="2872" time="7780" acceleration="-515"/>
    <motionState vehicle="10" speed="2811" time="7780" acceleration="-1095"/>
    <motionState vehicle="11" speed="2694" time="7780" acceleration="-1300"/>
    <motionState vehicle="0" speed="2560" time="7790" acceleration="-1022"/>
    <motionState vehicle="1" speed="9430" time="7790" acceleration="10818"/>
    <motionState vehicle="2" speed="2456" time="7790" acceleration="-275"/>
    <motionState vehicle="3" speed="2432" time="7790" acceleration="616"/>
    <motionState vehicle="4" speed="2500" time="7790" acceleration="1272"/>
    <motionState vehicle="5" speed="10463" time="7790" acceleration="6673"/>
    <motionState vehicle="6" speed="2626" time="7790" acceleration="1414"/>
    <motionState vehicle="7" speed="2765" time="7790" acceleration="963"/>
    <motionState vehicle="8" speed="2855" time="7790" acceleration="246"/>
    <motionState vehicle="9" speed="2871" time="7790" acceleration="-521"/>
    <motionState vehicle="10" speed="2810" time="7790" acceleration="-1098"/>
    <motionState vehicle="11" speed="2693" time="7790" acceleration="-1298"/>
    <motionState vehicle="0" speed="2559" time="7800" acceleration="-1016"/>
    <motionState vehicle="1" speed="9441" time="7800" acceleration="10776"/>
    <motionState vehicle="2" speed="2456" time="7800" acceleration="-267"/>
    <motionState vehicle="3" speed="2433" time="7800" acceleration="623"/>
    <motionState vehicle="4" speed="2501" time="7800" acceleration="1273"/>
    <motionState vehicle="5" speed="10470" time="7800" acceleration="6556"/>
    <motionState vehicle="6" speed="2628" time="7800" acceleration="1409"/>
    <motionState vehicle="7" speed="2766" time="7800" acceleration="956"/>
    <motionState vehicle="8" speed="2855" time="7800" acceleration="239"/>
    <motionState vehicle="9" speed="2871" time="7800" acceleration="-527"/>
    <motionState vehicle="10" speed="2809" time="7800" acceleration="-1100"/>
    <motionState vehicle="11" speed="2692" time="7800" acceleration="-1295"/>
    <motionState vehicle="0" speed="2558" time="7810" acceleration="-1009"/>
    <motionState vehicle="1" speed="9452" time="7810" acceleration="10733"/>
    <motionState vehicle="2" speed="2455" time="7810" acceleration="-259"/>
    <motionState vehicle="3" speed="2433" time="7810" acceleration="629"/>
    <motionState vehicle="4" speed="2502" time="7810" acceleration="1274"/>
    <motionState vehicle="5" speed="10476" time="7810" acceleration="6442"/>
    <motionState vehicle="6" speed="2629" time="7810" acceleration="1405"/>
    <motionState vehicle="7" speed="2767" time="7810" acceleration="949"/>
    <motionState vehicle="8" speed="2855" time="7810" acceleration="231"/>
    <motionState vehicle="9" speed="2870" time="7810" acceleration="-533"/>
    <motionState vehicle="10" speed="2808" time="7810" acceleration="-1103"/>
    <motionState vehicle="11" speed="2690" time="7810" acceleration="-1293"/>
    <motionState vehicle="0" speed="2557" time="7820" acceleration="-1002"/>
    <motionState vehicle="1" speed="9463" time="7820" acceleration="10689"/>
    <motionState vehicle="2" speed="2455" time="7820" acceleration="-250"/>
    <motionState vehicle="3" speed="2434" time="7820" acceleration="636"/>
    <motionState vehicle="4" speed="2504" time="7820" acceleration="1276"/>
    <motionState vehicle="5" speed="10482" time="7820" acceleration="6329"/>
    <motionState vehicle="6" speed="2631" time="7820" acceleration="1401"/>
    <motionState vehicle="7" speed="2768" time="7820" acceleration="941"/>
    <motionState vehicle="8" speed="2856" time="7820" acceleration="223"/>
    <motionState vehicle="9" speed="2869" time="7820" acceleration="-539"/>
    <motionState vehicle="10" speed="2807" time="7820" acceleration="-1105"/>
    <motionState vehicle="11" speed="2689" time="7820" acceleration="-1291"/>
    <motionState vehicle="0" speed="2556" time="7830" acceleration="-996"/>
    <motionState vehicle="1" speed="9473" time="7830" acceleration="10645"/>
    <motionState vehicle="2" speed="2455" time="7830" acceleration="-242"/>
    <motionState vehicle="3" speed="2435" time="7830" acceleration="642"/>
    <motionState vehicle="4" speed="2505" time="7830" acceleration="1277"/>
    <motionState vehicle="5" speed="10489" time="7830" acceleration="6218"/>
    <motionState vehicle="6" speed="2632" time="7830" acceleration="1396"/>
    <motionState vehicle="7" speed="2769" time="7830" acceleration="934"/>
    <motionState vehicle="8" speed="2856" time="7830" acceleration="215"/>
    <motionState vehicle="9" speed="2869" time="7830" acceleration="-545"/>
    <motionState vehicle="10" speed="2805" time="7830" acceleration="-1107"/>
    <motionState vehicle="11" speed="2688" time="7830" acceleration="-1288"/>
    <motionState vehicle="0" speed="2555" time="7840" acceleration="-989"/>
    <motionState vehicle="1" speed="9484" time="7840" acceleration="10601"/>
    <motionState vehicle="2" speed="2455" time="7840" acceleration="-233"/>
    <motionState vehicle="3" speed="2435" time="7840" acceleration="648"/>
    <motionState vehicle="4" speed="2506" time="7840" acceleration="1278"/>
    <motionState vehicle="5" speed="10495" time="7840" acceleration="6110"/>
    <motionState vehicle="6" speed="2633" time="7840" acceleration="1392"/>
    <motionState vehicle="7" speed="2770" time="7840" acceleration="927"/>
    <motionState vehicle="8" speed="2856" time="7840" acceleration="208"/>
    <motionState vehicle="9" speed="2868" time="7840" acceleration="-551"/>
    <motionState vehicle="10" speed="2804" time="7840" acceleration="-1110"/>
    <motionState vehicle="11" speed="2687" time="7840" acceleration="-1286"/>
    <motionState vehicle="0" speed="2554" time="7850" acceleration="-982"/>
    <motionState vehicle="1" speed="9494" time="7850" acceleration="10555"/>
    <motionState vehicle="2" speed="2454" time="7850" acceleration="-225"/>
    <motionState vehicle="3" speed="2436" time="7850" acceleration="655"/>
    <motionState vehicle="4" speed="2508" time="7850" acceleration="1279"/>
    <motionState vehicle="5" speed="10501" time="7850" acceleration="6003"/>
    <motionState vehicle="6" speed="2635" time="7850" acceleration="1387"/>
    <motionState vehicle="7" speed="2771" time="7850" acceleration="920"/>
    <motionState vehicle="8" speed="2856" time="7850" acceleration="200"/>
    <motionState vehicle="9" speed="2868" time="7850" acceleration="-557"/>
    <motionState vehicle="10" speed="2803" time="7850" acceleration="-1112"/>
    <motionState vehicle="11" speed="2685" time="7850" acceleration="-1284"/>
    <motionState vehicle="0" speed="2553" time="7860" acceleration="-975"/>
    <motionState vehicle="1" speed="9505" time="7860" acceleration="10509"/>
    <motionState vehicle="2" speed="2454" time="7860" acceleration="-216"/>
    <motionState vehicle="3" speed="2437" time="7860" acceleration="661"/>
    <motionState vehicle="4" speed="2509" time="7860" acceleration="1280"/>
    <motionState vehicle="5" speed="10507" time="7860" acceleration="5899"/>
    <motionState vehicle="6" speed="2636" time="7860" acceleration="1383"/>
    <motionState vehicle="7" speed="2771" time="7860" acceleration="913"/>
    <motionState vehicle="8" speed="2856" time="7860" acceleration="192"/>
    <motionState vehicle="9" speed="2867" time="7860" acceleration="-563"/>
    <motionState vehicle="10" speed="2802" time="7860" acceleration="-1114"/>
    <motionState vehicle="11" speed="2684" time="7860" acceleration="-1281"/>
    <motionState vehicle="0" speed="2552" time="7870" acceleration="-969"/>
    <motionState vehicle="1" speed="9515" time="7870" acceleration="10463"/>
    <motionState vehicle="2" speed="2454" time="7870" acceleration="-208"/>
    <motionState vehicle="3" speed="2437" time="7870" acceleration="667"/>
    <motionState vehicle="4" speed="2510" time="7870" acceleration="1280"/>
    <motionState vehicle="5" speed="10512" time="7870" acceleration="5796"/>
    <motionState vehicle="6" speed="2638" time="7870" acceleration="1378"/>
    <motionState vehicle="7" speed="2772" time="7870" acceleration="906"/>
    <motionState vehicle="8" speed="2857" time="7870" acceleration="185"/>
    <motionState vehicle="9" speed="2867" time="7870" acceleration="-569"/>
    <motionState vehicle="10" speed="2801" time="7870" acceleration="-1116"/>
    <motionState vehicle="11" speed="2683" time="7870" acceleration="-1279"/>
    <motionState vehicle="0" speed="2551" time="7880" acceleration="-962"/>
    <motionState vehicle="1" speed="9526" time="7880" acceleration="10416"/>
    <motionState vehicle="2" speed="2454" time="7880" acceleration="-200"/>
    <motionState vehicle="3" speed="2438" time="7880" acceleration="673"/>
    <motionState vehicle="4" speed="2511" time="7880" acceleration="1281"/>
    <motionState vehicle="5" speed="10518" time="7880" acceleration="5695"/>
    <motionState vehicle="6" speed="2639" time="7880" acceleration="1374"/>
    <motionState vehicle="7" speed="2773" time="7880" acceleration="899"/>
    <motionState vehicle="8" speed="2857" time="7880" acceleration="177"/>
    <motionState vehicle="9" speed="2866" time="7880" acceleration="-575"/>
    <motionState vehicle="10" speed="2800" time="7880" acceleration="-1118"/>
    <motionState vehicle="11" speed="2681" time="7880" acceleration="-1276"/>
    <motionState vehicle="0" speed="2550" time="7890" acceleration="-955"/>
    <motionState vehicle="1" speed="9536" time="7890" acceleration="10369"/>
    <motionState vehicle="2" speed="2454" time="7890" acceleration="-191"/>
    <motionState vehicle="3" speed="2439" time="7890" acceleration="679"/>
    <motionState vehicle="4" speed="2513" time="7890" acceleration="1282"/>
    <motionState vehicle="5" speed="10524" time="7890" acceleration="5596"/>
    <motionState vehicle="6" speed="2640" time="7890" acceleration="1369"/>
    <motionState vehicle="7" speed="2774" time="7890" acceleration="892"/>
    <motionState vehicle="8" speed="2857" time="7890" acceleration="169"/>
    <motionState vehicle="9" speed="2865" time="7890" acceleration="-580"/>
    <motionState vehicle="10" speed="2799" time="7890" acceleration="-1120"/>
    <motionState vehicle="11" speed="2680" time="7890" acceleration="-1274"/>
    <motionState vehicle="0" speed="2549" time="7900" acceleration="-948"/>
    <motionState vehicle="1" speed="9547" time="7900" acceleration="10321"/>
    <motionState vehicle="2" speed="2453" time="7900" acceleration="-183"/>
    <motionState vehicle="3" speed="2439" time="7900" acceleration="685"/>
    <motionState vehicle="4" speed="2514" time="7900" acceleration="1283"/>
    <motionState vehicle="5" speed="10529" time="7900" acceleration="5499"/>
    <motionState vehicle="6" speed="2642" time="7900" acceleration="1364"/>
    <motionState vehicle="7" speed="2775" time="7900" acceleration="885"/>
    <motionState vehicle="8" speed="2857" time="7900" acceleration="162"/>
    <motionState vehicle="9" speed="2865" time="7900" acceleration="-586"/>
    <motionState vehicle="10" speed="2798" time="7900" acceleration="-1122"/>
    <motionState vehicle="11" speed="2679" time="7900" acceleration="-1271"/>
    <motionState vehicle="0" speed="2548" time="7910" acceleration="-941"/>
    <motionState vehicle="1" speed="9557" time="7910" acceleration="10273"/>
    <motionState vehicle="2" speed="2453" time="7910" acceleration="-175"/>
    <motionState vehicle="3" speed="2440" time="7910" acceleration="691"/>
    <motionState vehicle="4" speed="2515" time="7910" acceleration="1283"/>
    <motionState vehicle="5" speed="10535" time="7910" acceleration="5403"/>
    <motionState vehicle="6" speed="2643" time="7910" acceleration="1360"/>
    <motionState vehicle="7" speed="2776" time="7910" acceleration="877"/>
    <motionState vehicle="8" speed="2857" time="7910" acceleration="154"/>
    <motionState vehicle="9" speed="2864" time="7910" acceleration="-592"/>
    <motionState vehicle="10" speed="2797" time="7910" acceleration="-1124"/>
    <motionState vehicle="11" speed="2678" time="7910" acceleration="-1268"/>
    <motionState vehicle="0" speed="2547" time="7920" acceleration="-934"/>
    <motionState vehicle="1" speed="9567" time="7920" acceleration="10224"/>
    <motionState vehicle="2" speed="2453" time="7920" acceleration="-167"/>
    <motionState vehicle="3" speed="2441" time="7920" acceleration="697"/>
    <motionState vehicle="4" speed="2517" time="7920" acceleration="1284"/>
    <motionState vehicle="5" speed="10540" time="7920" acceleration="5309"/>
    <motionState vehicle="6" speed="2644" time="7920" acceleration="1355"/>
    <motionState vehicle="7" speed="2777" time="7920" acceleration="870"/>
    <motionState vehicle="8" speed="2857" time="7920" acceleration="147"/>
    <motionState vehicle="9" speed="2864" time="7920" acceleration="-597"/>
    <motionState vehicle="10" speed="2795" time="7920" acceleration="-1126"/>
    <motionState vehicle="11" speed="2676" time="7920" acceleration="-1265"/>
    <motionState vehicle="0" speed="2546" time="7930" acceleration="-927"/>
    <motionState vehicle="1" speed="9577" time="7930" acceleration="10175"/>
    <motionState vehicle="2" speed="2453" time="7930" acceleration="-158"/>
    <motionState vehicle="3" speed="2442" time="7930" acceleration="703"/>
    <motionState vehicle="4" speed="2518" time="7930" acceleration="1285"/>
    <motionState vehicle="5" speed="10545" time="7930" acceleration="5217"/>
    <motionState vehicle="6" speed="2646" time="7930" acceleration="1350"/>
    <motionState vehicle="7" speed="2778" time="7930" acceleration="863"/>
    <motionState vehicle="8" speed="2858" time="7930" acceleration="139"/>
    <motionState vehicle="9" speed="2863" time="7930" acceleration="-603"/>
    <motionState vehicle="10" speed="2794" time="7930" acceleration="-1128"/>
    <motionState vehicle="11" speed="2675" time="7930" acceleration="-1263"/>
    <motionState vehicle="0" speed="2545" time="7940" acceleration="-920"/>
    <motionState vehicle="1" speed="9587" time="7940" acceleration="10125"/>
    <motionState vehicle="2" speed="2453" time="7940" acceleration="-150"/>
    <motionState vehicle="3" speed="2442" time="7940" acceleration="709"/>
    <motionState vehicle="4" speed="2519" time="7940" acceleration="1285"/>
    <motionState vehicle="5" speed="10550" time="7940" acceleration="5127"/>
    <motionState vehicle="6" speed="2647" time="7940" acceleration="1346"/>
    <motionState vehicle="7" speed="2778" time="7940" acceleration="856"/>
    <motionState vehicle="8" speed="2858" time="7940" acceleration="132"/>
    <motionState vehicle="9" speed="2863" time="7940" acceleration="-608"/>
    <motionState vehicle="10" speed="2793" time="7940" acceleration="-1130"/>
    <motionState vehicle="11" speed="2674" time="7940" acceleration="-1260"/>
    <motionState vehicle="0" speed="2544" time="7950" acceleration="-913"/>
    <motionState vehicle="1" speed="9597" time="7950" acceleration="10075"/>
    <motionState vehicle="2" speed="2453" time="7950" acceleration="-142"/>
    <motionState vehicle="3" speed="2443" time="7950" acceleration="715"/>
    <motionState vehicle="4" speed="2520" time="7950" acceleration="1286"/>
    <motionState vehicle="5" speed="10555" time="7950" acceleration="5038"/>
    <motionState vehicle="6" speed="2648" time="7950" acceleration="1341"/>
    <motionState vehicle="7" speed="2779" time="7950" acceleration="849"/>
    <motionState vehicle="8" speed="2858" time="7950" acceleration="124"/>
    <motionState vehicle="9" speed="2862" time="7950" acceleration="-614"/>
    <motionState vehicle="10" speed="2792" time="7950" acceleration="-1131"/>
    <motionState vehicle="11" speed="2673" time="7950" acceleration="-1257"/>
    <motionState vehicle="0" speed="2543" time="7960" acceleration="-906"/>
    <motionState vehicle="1" speed="9607" time="7960" acceleration="10025"/>
    <motionState vehicle="2" speed="2453" time="7960" acceleration="-134"/>
    <motionState vehicle="3" speed="2444" time="7960" acceleration="720"/>
    <motionState vehicle="4" speed="2522" time="7960" acceleration="1286"/>
    <motionState vehicle="5" speed="10560" time="7960" acceleration="4951"/>
    <motionState vehicle="6" speed="2650" time="7960" acceleration="1336"/>
    <motionState vehicle="7" speed="2780" time="7960" acceleration="842"/>
    <motionState vehicle="8" speed="2858" time="7960" acceleration="117"/>
    <motionState vehicle="9" speed="2861" time="7960" acceleration="-619"/>
    <motionState vehicle="10" speed="2791" time="7960" acceleration="-1133"/>
    <motionState vehicle="11" speed="2671" time="7960" acceleration="-1254"/>
    <motionState vehicle="0" speed="2543" time="7970" acceleration="-899"/>
    <motionState vehicle="1" speed="9617" time="7970" acceleration="9974"/>
    <motionState vehicle="2" speed="2452" time="7970" acceleration="-125"/>
    <motionState vehicle="3" speed="2444" time="7970" acceleration="726"/>
    <motionState vehicle="4" speed="2523" time="7970" acceleration="1287"/>
    <motionState vehicle="5" speed="10565" time="7970" acceleration="4866"/>
    <motionState vehicle="6" speed="2651" time="7970" acceleration="1331"/>
    <motionState vehicle="7" speed="2781" time="7970" acceleration="834"/>
    <motionState vehicle="8" speed="2858" time="7970" acceleration="109"/>
    <motionState vehicle="9" speed="2861" time="7970" acceleration="-625"/>
    <motionState vehicle="10" speed="2790" time="7970" acceleration="-1135"/>
    <motionState vehicle="11" speed="2670" time="7970" acceleration="-1251"/>
    <motionState vehicle="0" speed="2542" time="7980" acceleration="-892"/>
    <motionState vehicle="1" speed="9627" time="7980" acceleration="9923"/>
    <motionState vehicle="2" speed="2452" time="7980" acceleration="-117"/>
    <motionState vehicle="3" speed="2445" time="7980" acceleration="732"/>
    <motionState vehicle="4" speed="2524" time="7980" acceleration="1287"/>
    <motionState vehicle="5" speed="10570" time="7980" acceleration="4782"/>
    <motionState vehicle="6" speed="2652" time="7980" acceleration="1327"/>
    <motionState vehicle="7" speed="2782" time="7980" acceleration="827"/>
    <motionState vehicle="8" speed="2858" time="7980" acceleration="102"/>
    <motionState vehicle="9" speed="2860" time="7980" acceleration="-630"/>
    <motionState vehicle="10" speed="2789" time="7980" acceleration="-1136"/>
    <motionState vehicle="11" speed="2669" time="7980" acceleration="-1248"/>
    <motionState vehicle="0" speed="2541" time="7990" acceleration="-885"/>
    <motionState vehicle="1" speed="9637" time="7990" acceleration="9872"/>
    <motionState vehicle="2" speed="2452" time="7990" acceleration="-109"/>
    <motionState vehicle="3" speed="2446" time="7990" acceleration="737"/>
    <motionState vehicle="4" speed="2526" time="7990" acceleration="1287"/>
    <motionState vehicle="5" speed="10575" time="7990" acceleration="4699"/>
    <motionState vehicle="6" speed="2654" time="7990" acceleration="1322"/>
    <motionState vehicle="7" speed="2783" time="7990" acceleration="820"/>
    <motionState vehicle="8" speed="2858" time="7990" acceleration="94"/>
    <motionState vehicle="9" speed="2859" time="7990" acceleration="-635"/>
    <motionState vehicle="10" speed="2787" time="7990" acceleration="-1138"/>
    <motionState vehicle="11" speed="2668" time="7990" acceleration="-1245"/>
    <motionState vehicle="0" speed="2540" time="8000" acceleration="-878"/>
    <motionState vehicle="1" speed="9647" time="8000" acceleration="9820"/>
    <motionState vehicle="2" speed="2452" time="8000" acceleration="-101"/>
    <motionState vehicle="3" speed="2447" time="8000" acceleration="743"/>
    <motionState vehicle="4" speed="2527" time="8000" acceleration="1288"/>
    <motionState vehicle="5" speed="10579" time="8000" acceleration="4618"/>
    <motionState vehicle="6" speed="2655" time="8000" acceleration="1317"/>
    <motionState vehicle="7" speed="2783" time="8000" acceleration="813"/>
    <motionState vehicle="8" speed="2858" time="8000" acceleration="87"/>
    <motionState vehicle="9" speed="2859" time="8000" acceleration="-641"/>
    <motionState vehicle="10" speed="2786" time="8000" acceleration="-1139"/>
    <motionState vehicle="11" speed="2666" time="8000" acceleration="-1242"/>
    <motionState vehicle="0" speed="2539" time="8010" acceleration="-871"/>
    <motionState vehicle="1" speed="9657" time="8010" acceleration="9769"/>
    <motionState vehicle="2" speed="2452" time="8010" acceleration="-93"/>
    <motionState vehicle="3" speed="2447" time="8010" acceleration="748"/>
    <motionState vehicle="4" speed="2528" time="8010" acceleration="1288"/>
    <motionState vehicle="5" speed="10584" time="8010" acceleration="4539"/>
    <motionState vehicle="6" speed="2656" time="8010" acceleration="1312"/>
    <motionState vehicle="7" speed="2784" time="8010" acceleration="806"/>
    <motionState vehicle="8" speed="2858" time="8010" acceleration="80"/>
    <motionState vehicle="9" speed="2858" time="8010" acceleration="-646"/>
    <motionState vehicle="10" speed="2785" time="8010" acceleration="-1141"/>
    <motionState vehicle="11" speed="2665" time="8010" acceleration="-1239"/>
    <motionState vehicle="0" speed="2538" time="8020" acceleration="-864"/>
    <motionState vehicle="1" speed="9666" time="8020" acceleration="9716"/>
    <motionState vehicle="2" speed="2452" time="8020" acceleration="-85"/>
    <motionState vehicle="3" speed="2448" time="8020" acceleration="754"/>
    <motionState vehicle="4" speed="2529" time="8020" acceleration="1288"/>
    <motionState vehicle="5" speed="10588" time="8020" acceleration="4461"/>
    <motionState vehicle="6" speed="2658" time="8020" acceleration="1307"/>
    <motionState vehicle="7" speed="2785" time="8020" acceleration="799"/>
    <motionState vehicle="8" speed="2859" time="8020" acceleration="72"/>
    <motionState vehicle="9" speed="2857" time="8020" acceleration="-651"/>
    <motionState vehicle="10" speed="2784" time="8020" acceleration="-1142"/>
    <motionState vehicle="11" speed="2664" time="8020" acceleration="-1236"/>
    <motionState vehicle="0" speed="2537" time="8030" acceleration="-857"/>
    <motionState vehicle="1" speed="9676" time="8030" acceleration="9664"/>
    <motionState vehicle="2" speed="2452" time="8030" acceleration="-77"/>
    <motionState vehicle="3" speed="2449" time="8030" acceleration="759"/>
    <motionState vehicle="4" speed="2531" time="8030" acceleration="1288"/>
    <motionState vehicle="5" speed="10593" time="8030" acceleration="4384"/>
    <motionState vehicle="6" speed="2659" time="8030" acceleration="1302"/>
    <motionState vehicle="7" speed="2786" time="8030" acceleration="791"/>
    <motionState vehicle="8" speed="2859" time="8030" acceleration="65"/>
    <motionState vehicle="9" speed="2857" time="8030" acceleration="-657"/>
    <motionState vehicle="10" speed="2783" time="8030" acceleration="-1144"/>
    <motionState vehicle="11" speed="2663" time="8030" acceleration="-1233"/>
    <motionState vehicle="0" speed="2536" time="8040" acceleration="-850"/>
    <motionState vehicle="1" speed="9686" time="8040" acceleration="9612"/>
    <motionState vehicle="2" speed="2452" time="8040" acceleration="-69"/>
    <motionState vehicle="3" speed="2450" time="8040" acceleration="765"/>
    <motionState vehicle="4" speed="2532" time="8040" acceleration="1288"/>
    <motionState vehicle="5" speed="10597" time="8040" acceleration="4309"/>
    <motionState vehicle="6" speed="2660" time="8040" acceleration="1297"/>
    <motionState vehicle="7" speed="2787" time="8040" acceleration="784"/>
    <motionState vehicle="8" speed="2859" time="8040" acceleration="58"/>
    <motionState vehicle="9" speed="2856" time="8040" acceleration="-662"/>
    <motionState vehicle="10" speed="2782" time="8040" acceleration="-1145"/>
    <motionState vehicle="11" speed="2661" time="8040" acceleration="-1229"/>
    <motionState vehicle="0" speed="2536" time="8050" acceleration="-843"/>
    <motionState vehicle="1" speed="9695" time="8050" acceleration="9559"/>
    <motionState vehicle="2" speed="2452" time="8050" acceleration="-61"/>
    <motionState vehicle="3" speed="2450" time="8050" acceleration="770"/>
    <motionState vehicle="4" speed="2533" time="8050" acceleration="1288"/>
    <motionState vehicle="5" speed="10601" time="8050" acceleration="4235"/>
    <motionState vehicle="6" speed="2662" time="8050" acceleration="1292"/>
    <motionState vehicle="7" speed="2787" time="8050" acceleration="777"/>
    <motionState vehicle="8" speed="2859" time="8050" acceleration="50"/>
    <motionState vehicle="9" speed="2855" time="8050" acceleration="-667"/>
    <motionState vehicle="10" speed="2781" time="8050" acceleration="-1146"/>
    <motionState vehicle="11" speed="2660" time="8050" acceleration="-1226"/>
    <motionState vehicle="0" speed="2535" time="8060" acceleration="-835"/>
    <motionState vehicle="1" speed="9705" time="8060" acceleration="9506"/>
    <motionState vehicle="2" speed="2452" time="8060" acceleration="-53"/>
    <motionState vehicle="3" speed="2451" time="8060" acceleration="775"/>
    <motionState vehicle="4" speed="2535" time="8060" acceleration="1288"/>
    <motionState vehicle="5" speed="10605" time="8060" acceleration="4163"/>
    <motionState vehicle="6" speed="2663" time="8060" acceleration="1287"/>
    <motionState vehicle="7" speed="2788" time="8060" acceleration="770"/>
    <motionState vehicle="8" speed="2859" time="8060" acceleration="43"/>
    <motionState vehicle="9" speed="2855" time="8060" acceleration="-672"/>
    <motionState vehicle="10" speed="2779" time="8060" acceleration="-1148"/>
    <motionState vehicle="11" speed="2659" time="8060" acceleration="-1223"/>
    <motionState vehicle="0" speed="2534" time="8070" acceleration="-828"/>
    <motionState vehicle="1" speed="9714" time="8070" acceleration="9453"/>
    <motionState vehicle="2" speed="2452" time="8070" acceleration="-45"/>
    <motionState vehicle="3" speed="2452" time="8070" acceleration="780"/>
    <motionState vehicle="4" speed="2536" time="8070" acceleration="1288"/>
    <motionState vehicle="5" speed="10609" time="8070" acceleration="4092"/>
    <motionState vehicle="6" speed="2664" time="8070" acceleration="1282"/>
    <motionState vehicle="7" speed="2789" time="8070" acceleration="763"/>
    <motionState vehicle="8" speed="2859" time="8070" acceleration="36"/>
    <motionState vehicle="9" speed="2854" time="8070" acceleration="-677"/>
    <motionState vehicle="10" speed="2778" time="8070" acceleration="-1149"/>
    <motionState vehicle="11" speed="2658" time="8070" acceleration="-1219"/>
    <motionState vehicle="0" speed="2533" time="8080" acceleration="-821"/>
    <motionState vehicle="1" speed="9724" time="8080" acceleration="9399"/>
    <motionState vehicle="2" speed="2452" time="8080" acceleration="-37"/>
    <motionState vehicle="3" speed="2453" time="8080" acceleration="785"/>
    <motionState vehicle="4" speed="2537" time="8080" acceleration="1288"/>
    <motionState vehicle="5" speed="10613" time="8080" acceleration="4022"/>
    <motionState vehicle="6" speed="2665" time="8080" acceleration="1277"/>
    <motionState vehicle="7" speed="2790" time="8080" acceleration="755"/>
    <motionState vehicle="8" speed="2859" time="8080" acceleration="28"/>
    <motionState vehicle="9" speed="2853" time="8080" acceleration="-682"/>
    <motionState vehicle="10" speed="2777" time="8080" acceleration="-1150"/>
    <motionState vehicle="11" speed="2656" time="8080" acceleration="-1216"/>
    <motionState vehicle="0" speed="2532" time="8090" acceleration="-814"/>
    <motionState vehicle="1" speed="9733" time="8090" acceleration="9346"/>
    <motionState vehicle="2" speed="2452" time="8090" acceleration="-29"/>
    <motionState vehicle="3" speed="2454" time="8090" acceleration="791"/>
    <motionState vehicle="4" speed="2538" time="8090" acceleration="1288"/>
    <motionState vehicle="5" speed="10617" time="8090" acceleration="3953"/>
    <motionState vehicle="6" speed="2667" time="8090" acceleration="1272"/>
    <motionState vehicle="7" speed="2790" time="8090" acceleration="748"/>
    <motionState vehicle="8" speed="2859" time="8090" acceleration="21"/>
    <motionState vehicle="9" speed="2853" time="8090" acceleration="-687"/>
    <motionState vehicle="10" speed="2776" time="8090" acceleration="-1151"/>
    <motionState vehicle="11" speed="2655" time="8090" acceleration="-1213"/>
    <motionState vehicle="0" speed="2531" time="8100" acceleration="-807"/>
    <motionState vehicle="1" speed="9742" time="8100" acceleration="9292"/>
    <motionState vehicle="2" speed="2452" time="8100" acceleration="-21"/>
    <motionState vehicle="3" speed="2454" time="8100" acceleration="796"/>
    <motionState vehicle="4" speed="2540" time="8100" acceleration="1288"/>
    <motionState vehicle="5" speed="10621" time="8100" acceleration="3886"/>
    <motionState vehicle="6" speed="2668" time="8100" acceleration="1267"/>
    <motionState vehicle="7" speed="2791" time="8100" acceleration="741"/>
    <motionState vehicle="8" speed="2859" time="8100" acceleration="14"/>
    <motionState vehicle="9" speed="2852" time="8100" acceleration="-692"/>
    <motionState vehicle="10" speed="2775" time="8100" acceleration="-1152"/>
    <motionState vehicle="11" speed="2654" time="8100" acceleration="-1209"/>
    <motionState vehicle="0" speed="2531" time="8110" acceleration="-799"/>
    <motionState vehicle="1" speed="9752" time="8110" acceleration="9239"/>
    <motionState vehicle="2" speed="2452" time="8110" acceleration="-13"/>
    <motionState vehicle="3" speed="2455" time="8110" acceleration="801"/>
    <motionState vehicle="4" speed="2541" time="8110" acceleration="1287"/>
    <motionState vehicle="5" speed="10625" time="8110" acceleration="3820"/>
    <motionState vehicle="6" speed="2669" time="8110" acceleration="1262"/>
    <motionState vehicle="7" speed="2792" time="8110" acceleration="734"/>
    <motionState vehicle="8" speed="2859" time="8110" acceleration="7"/>
    <motionState vehicle="9" speed="2851" time="8110" acceleration="-697"/>
    <motionState vehicle="10" speed="2774" time="8110" acceleration="-1153"/>
    <motionState vehicle="11" speed="2653" time="8110" acceleration="-1206"/>
    <motionState vehicle="0" speed="2530" time="8120" acceleration="-792"/>
    <motionState vehicle="1" speed="9761" time="8120" acceleration="9185"/>
    <motionState vehicle="2" speed="2452" time="8120" acceleration="-5"/>
    <motionState vehicle="3" speed="2456" time="8120" acceleration="806"/>
    <motionState vehicle="4" speed="2542" time="8120" acceleration="1287"/>
    <motionState vehicle="5" speed="10629" time="8120" acceleration="3755"/>
    <motionState vehicle="6" speed="2671" time="8120" acceleration="1257"/>
    <motionState vehicle="7" speed="2793" time="8120" acceleration="727"/>
    <motionState vehicle="8" speed="2859" time="8120" acceleration="0"/>
    <motionState vehicle="9" speed="2851" time="8120" acceleration="-702"/>
    <motionState vehicle="10" speed="2773" time="8120" acceleration="-1154"/>
    <motionState vehicle="11" speed="2652" time="8120" acceleration="-1202"/>
    <motionState vehicle="0" speed="2529" time="8130" acceleration="-785"/>
    <motionState vehicle="1" speed="9770" time="8130" acceleration="9131"/>
    <motionState vehicle="2" speed="2452" time="8130" acceleration="2"/>
    <motionState vehicle="3" speed="2457" time="8130" acceleration="810"/>
    <motionState vehicle="4" speed="2544" time="8130" acceleration="1287"/>
    <motionState vehicle="5" speed="10632" time="8130" acceleration="3691"/>
    <motionState vehicle="6" speed="2672" time="8130" acceleration="1252"/>
    <motionState vehicle="7" speed="2793" time="8130" acceleration="719"/>
    <motionState vehicle="8" speed="2859" time="8130" acceleration="-6"/>
    <motionState vehicle="9" speed="2850" time="8130" acceleration="-707"/>
    <motionState vehicle="10" speed="2771" time="8130" acceleration="-1155"/>
    <motionState vehicle="11" speed="2650" time="8130" acceleration="-1198"/>
    <motionState vehicle="0" speed="2528" time="8140" acceleration="-778"/>
    <motionState vehicle="1" speed="9779" time="8140" acceleration="9077"/>
    <motionState vehicle="2" speed="2452" time="8140" acceleration="10"/>
    <motionState vehicle="3" speed="2458" time="8140" acceleration="815"/>
    <motionState vehicle="4" speed="2545" time="8140" acceleration="1286"/>
    <motionState vehicle="5" speed="10636" time="8140" acceleration="3629"/>
    <motionState vehicle="6" speed="2673" time="8140" acceleration="1247"/>
    <motionState vehicle="7" speed="2794" time="8140" acceleration="712"/>
    <motionState vehicle="8" speed="2859" time="8140" acceleration="-14"/>
    <motionState vehicle="9" speed="2849" time="8140" acceleration="-711"/>
    <motionState vehicle="10" speed="2770" time="8140" acceleration="-1156"/>
    <motionState vehicle="11" speed="2649" time="8140" acceleration="-1195"/>
    <motionState vehicle="0" speed="2528" time="8150" acceleration="-771"/>
    <motionState vehicle="1" speed="9788" time="8150" acceleration="9023"/>
    <motionState vehicle="2" speed="2452" time="8150" acceleration="17"/>
    <motionState vehicle="3" speed="2458" time="8150" acceleration="820"/>
    <motionState vehicle="4" speed="2546" time="8150" acceleration="1286"/>
    <motionState vehicle="5" speed="10640" time="8150" acceleration="3568"/>
    <motionState vehicle="6" speed="2674" time="8150" acceleration="1241"/>
    <motionState vehicle="7" speed="2795" time="8150" acceleration="705"/>
    <motionState vehicle="8" speed="2859" time="8150" acceleration="-21"/>
    <motionState vehicle="9" speed="2848" time="8150" acceleration="-716"/>
    <motionState vehicle="10" speed="2769" time="8150" acceleration="-1157"/>
    <motionState vehicle="11" speed="2648" time="8150" acceleration="-1191"/>
    <motionState vehicle="0" speed="2527" time="8160" acceleration="-763"/>
    <motionState vehicle="1" speed="9797" time="8160" acceleration="8969"/>
    <motionState vehicle="2" speed="2452" time="8160" acceleration="25"/>
    <motionState vehicle="3" speed="2459" time="8160" acceleration="825"/>
    <motionState vehicle="4" speed="2547" time="8160" acceleration="1286"/>
    <motionState vehicle="5" speed="10643" time="8160" acceleration="3507"/>
    <motionState vehicle="6" speed="2675" time="8160" acceleration="1236"/>
    <motionState vehicle="7" speed="2796" time="8160" acceleration="698"/>
    <motionState vehicle="8" speed="2859" time="8160" acceleration="-28"/>
    <motionState vehicle="9" speed="2848" time="8160" acceleration="-721"/>
    <motionState vehicle="10" speed="2768" time="8160" acceleration="-1158"/>
    <motionState vehicle="11" speed="2647" time="8160" acceleration="-1187"/>
    <motionState vehicle="0" speed="2526" time="8170" acceleration="-756"/>
    <motionState vehicle="1" speed="9806" time="8170" acceleration="8914"/>
    <motionState vehicle="2" speed="2452" time="8170" acceleration="33"/>
    <motionState vehicle="3" speed="2460" time="8170" acceleration="830"/>
    <motionState vehicle="4" speed="2549" time="8170" acceleration="1285"/>
    <motionState vehicle="5" speed="10647" time="8170" acceleration="3448"/>
    <motionState vehicle="6" speed="2677" time="8170" acceleration="1231"/>
    <motionState vehicle="7" speed="2796" time="8170" acceleration="691"/>
    <motionState vehicle="8" speed="2859" time="8170" acceleration="-35"/>
    <motionState vehicle="9" speed="2847" time="8170" acceleration="-725"/>
    <motionState vehicle="10" speed="2767" time="8170" acceleration="-1158"/>
    <motionState vehicle="11" speed="2646" time="8170" acceleration="-1184"/>
    <motionState vehicle="0" speed="2525" time="8180" acceleration="-749"/>
    <motionState vehicle="1" speed="9815" time="8180" acceleration="8860"/>
    <motionState vehicle="2" speed="2452" time="8180" acceleration="41"/>
    <motionState vehicle="3" speed="2461" time="8180" acceleration="834"/>
    <motionState vehicle="4" speed="2550" time="8180" acceleration="1285"/>
    <motionState vehicle="5" speed="10650" time="8180" acceleration="3390"/>
    <motionState vehicle="6" speed="2678" time="8180" acceleration="1226"/>
    <motionState vehicle="7" speed="2797" time="8180" acceleration="683"/>
    <motionState vehicle="8" speed="2859" time="8180" acceleration="-42"/>
    <motionState vehicle="9" speed="2846" time="8180" acceleration="-730"/>
    <motionState vehicle="10" speed="2766" time="8180" acceleration="-1159"/>
    <motionState vehicle="11" speed="2644" time="8180" acceleration="-1180"/>
    <motionState vehicle="0" speed="2525" time="8190" acceleration="-741"/>
    <motionState vehicle="1" speed="9824" time="8190" acceleration="8806"/>
    <motionState vehicle="2" speed="2452" time="8190" acceleration="48"/>
    <motionState vehicle="3" speed="2462" time="8190" acceleration="839"/>
    <motionState vehicle="4" speed="2551" time="8190" acceleration="1284"/>
    <motionState vehicle="5" speed="10653" time="8190" acceleration="3333"/>
    <motionState vehicle="6" speed="2679" time="8190" acceleration="1220"/>
    <motionState vehicle="7" speed="2798" time="8190" acceleration="676"/>
    <motionState vehicle="8" speed="2859" time="8190" acceleration="-49"/>
    <motionState vehicle="9" speed="2846" time="8190" acceleration="-735"/>
    <motionState vehicle="10" speed="2764" time="8190" acceleration="-1160"/>
    <motionState vehicle="11" speed="2643" time="8190" acceleration="-1176"/>
    <motionState vehicle="0" speed="2524" time="8200" acceleration="-734"/>
    <motionState vehicle="1" speed="9832" time="8200" acceleration="8751"/>
    <motionState vehicle="2" speed="2452" time="8200" acceleration="56"/>
    <motionState vehicle="3" speed="2463" time="8200" acceleration="843"/>
    <motionState vehicle="4" speed="2553" time="8200" acceleration="1283"/>
    <motionState vehicle="5" speed="10657" time="8200" acceleration="3277"/>
    <motionState vehicle="6" speed="2680" time="8200" acceleration="1215"/>
    <motionState vehicle="7" speed="2798" time="8200" acceleration="669"/>
    <motionState vehicle="8" speed="2859" time="8200" acceleration="-56"/>
    <motionState vehicle="9" speed="2845" time="8200" acceleration="-739"/>
    <motionState vehicle="10" speed="2763" time="8200" acceleration="-1160"/>
    <motionState vehicle="11" speed="2642" time="8200" acceleration="-1172"/>
    <motionState vehicle="0" speed="2523" time="8210" acceleration="-727"/>
    <motionState vehicle="1" speed="9841" time="8210" acceleration="8697"/>
    <motionState vehicle="2" speed="2452" time="8210" acceleration="64"/>
    <motionState vehicle="3" speed="2463" time="8210" acceleration="848"/>
    <motionState vehicle="4" speed="2554" time="8210" acceleration="1283"/>
    <motionState vehicle="5" speed="10660" time="8210" acceleration="3222"/>
    <motionState vehicle="6" speed="2682" time="8210" acceleration="1210"/>
    <motionState vehicle="7" speed="2799" time="8210" acceleration="662"/>
    <motionState vehicle="8" speed="2859" time="8210" acceleration="-63"/>
    <motionState vehicle="9" speed="2844" time="8210" acceleration="-744"/>
    <motionState vehicle="10" speed="2762" time="8210" acceleration="-1161"/>
    <motionState vehicle="11" speed="2641" time="8210" acceleration="-1168"/>
    <motionState vehicle="0" speed="2522" time="8220" acceleration="-719"/>
    <motionState vehicle="1" speed="9850" time="8220" acceleration="8643"/>
    <motionState vehicle="2" speed="2452" time="8220" acceleration="71"/>
    <motionState vehicle="3" speed="2464" time="8220" acceleration="852"/>
    <motionState vehicle="4" speed="2555" time="8220" acceleration="1282"/>
    <motionState vehicle="5" speed="10663" time="8220" acceleration="3168"/>
    <motionState vehicle="6" speed="2683" time="8220" acceleration="1205"/>
    <motionState vehicle="7" speed="2800" time="8220" acceleration="655"/>
    <motionState vehicle="8" speed="2858" time="8220" acceleration="-70"/>
    <motionState vehicle="9" speed="2843" time="8220" acceleration="-748"/>
    <motionState vehicle="10" speed="2761" time="8220" acceleration="-1161"/>
    <motionState vehicle="11" speed="2640" time="8220" acceleration="-1164"/>
    <motionState vehicle="0" speed="2522" time="8230" acceleration="-712"/>
    <motionState vehicle="1" speed="9858" time="8230" acceleration="8588"/>
    <motionState vehicle="2" speed="2452" time="8230" acceleration="79"/>
    <motionState vehicle="3" speed="2465" time="8230" acceleration="857"/>
    <motionState vehicle="4" speed="2556" time="8230" acceleration="1281"/>
    <motionState vehicle="5" speed="10666" time="8230" acceleration="3115"/>
    <motionState vehicle="6" speed="2684" time="8230" acceleration="1199"/>
    <motionState vehicle="7" speed="2800" time="8230" acceleration="648"/>
    <motionState vehicle="8" speed="2858" time="8230" acceleration="-77"/>
    <motionState vehicle="9" speed="2843" time="8230" acceleration="-753"/>
    <motionState vehicle="10" speed="2760" time="8230" acceleration="-1162"/>
    <motionState vehicle="11" speed="2639" time="8230" acceleration="-1160"/>
    <motionState vehicle="0" speed="2521" time="8240" acceleration="-705"/>
    <motionState vehicle="1" speed="9867" time="8240" acceleration="8534"/>
    <motionState vehicle="2" speed="2452" time="8240" acceleration="86"/>
    <motionState vehicle="3" speed="2466" time="8240" acceleration="861"/>
    <motionState vehicle="4" speed="2558" time="8240" acceleration="1280"/>
    <motionState vehicle="5" speed="10669" time="8240" acceleration="3063"/>
    <motionState vehicle="6" speed="2685" time="8240" acceleration="1194"/>
    <motionState vehicle="7" speed="2801" time="8240" acceleration="640"/>
    <motionState vehicle="8" speed="2858" time="8240" acceleration="-83"/>
    <motionState vehicle="9" speed="2842" time="8240" acceleration="-757"/>
    <motionState vehicle="10" speed="2759" time="8240" acceleration="-1162"/>
    <motionState vehicle="11" speed="2637" time="8240" acceleration="-1156"/>
    <motionState vehicle="0" speed="2520" time="8250" acceleration="-697"/>
    <motionState vehicle="1" speed="9875" time="8250" acceleration="8479"/>
    <motionState vehicle="2" speed="2452" time="8250" acceleration="94"/>
    <motionState vehicle="3" speed="2467" time="8250" acceleration="866"/>
    <motionState vehicle="4" speed="2559" time="8250" acceleration="1280"/>
    <motionState vehicle="5" speed="10672" time="8250" acceleration="3012"/>
    <motionState vehicle="6" speed="2686" time="8250" acceleration="1188"/>
    <motionState vehicle="7" speed="2801" time="8250" acceleration="633"/>
    <motionState vehicle="8" speed="2858" time="8250" acceleration="-90"/>
    <motionState vehicle="9" speed="2841" time="8250" acceleration="-761"/>
    <motionState vehicle="10" speed="2757" time="8250" acceleration="-1163"/>
    <motionState vehicle="11" speed="2636" time="8250" acceleration="-1152"/>
    <motionState vehicle="0" speed="2520" time="8260" acceleration="-690"/>
    <motionState vehicle="1" speed="9884" time="8260" acceleration="8425"/>
    <motionState vehicle="2" speed="2452" time="8260" acceleration="101"/>
    <motionState vehicle="3" speed="2468" time="8260" acceleration="870"/>
    <motionState vehicle="4" speed="2560" time="8260" acceleration="1279"/>
    <motionState vehicle="5" speed="10675" time="8260" acceleration="2962"/>
    <motionState vehicle="6" speed="2688" time="8260" acceleration="1183"/>
    <motionState vehicle="7" speed="2802" time="8260" acceleration="626"/>
    <motionState vehicle="8" speed="2858" time="8260" acceleration="-97"/>
    <motionState vehicle="9" speed="2840" time="8260" acceleration="-766"/>
    <motionState vehicle="10" speed="2756" time="8260" acceleration="-1163"/>
    <motionState vehicle="11" speed="2635" time="8260" acceleration="-1148"/>
    <motionState vehicle="0" speed="2519" time="8270" acceleration="-683"/>
    <motionState vehicle="1" speed="9892" time="8270" acceleration="8371"/>
    <motionState vehicle="2" speed="2452" time="8270" acceleration="109"/>
    <motionState vehicle="3" speed="2469" time="8270" acceleration="874"/>
    <motionState vehicle="4" speed="2562" time="8270" acceleration="1278"/>
    <motionState vehicle="5" speed="10678" time="8270" acceleration="2913"/>
    <motionState vehicle="6" speed="2689" time="8270" acceleration="1178"/>
    <motionState vehicle="7" speed="2803" time="8270" acceleration="619"/>
    <motionState vehicle="8" speed="2858" time="8270" acceleration="-104"/>
    <motionState vehicle="9" speed="2840" time="8270" acceleration="-770"/>
    <motionState vehicle="10" speed="2755" time="8270" acceleration="-1163"/>
    <motionState vehicle="11" speed="2634" time="8270" acceleration="-1144"/>
    <motionState vehicle="0" speed="2518" time="8280" acceleration="-675"/>
    <motionState vehicle="1" speed="9900" time="8280" acceleration="8317"/>
    <motionState vehicle="2" speed="2452" time="8280" acceleration="116"/>
    <motionState vehicle="3" speed="2469" time="8280" acceleration="878"/>
    <motionState vehicle="4" speed="2563" time="8280" acceleration="1277"/>
    <motionState vehicle="5" speed="10681" time="8280" acceleration="2864"/>
    <motionState vehicle="6" speed="2690" time="8280" acceleration="1172"/>
    <motionState vehicle="7" speed="2803" time="8280" acceleration="612"/>
    <motionState vehicle="8" speed="2858" time="8280" acceleration="-111"/>
    <motionState vehicle="9" speed="2839" time="8280" acceleration="-774"/>
    <motionState vehicle="10" speed="2754" time="8280" acceleration="-1163"/>
    <motionState vehicle="11" speed="2633" time="8280" acceleration="-1140"/>
    <motionState vehicle="0" speed="2518" time="8290" acceleration="-668"/>
    <motionState vehicle="1" speed="9909" time="8290" acceleration="8262"/>
    <motionState vehicle="2" speed="2453" time="8290" acceleration="124"/>
    <motionState vehicle="3" speed="2470" time="8290" acceleration="882"/>
    <motionState vehicle="4" speed="2564" time="8290" acceleration="1276"/>
    <motionState vehicle="5" speed="10684" time="8290" acceleration="2817"/>
    <motionState vehicle="6" speed="2691" time="8290" acceleration="1167"/>
    <motionState vehicle="7" speed="2804" time="8290" acceleration="604"/>
    <motionState vehicle="8" speed="2858" time="8290" acceleration="-117"/>
    <motionState vehicle="9" speed="2838" time="8290" acceleration="-778"/>
    <motionState vehicle="10" speed="2753" time="8290" acceleration="-1164"/>
    <motionState vehicle="11" speed="2632" time="8290" acceleration="-1136"/>
    <motionState vehicle="0" speed="2517" time="8300" acceleration="-661"/>
    <motionState vehicle="1" speed="9917" time="8300" acceleration="8208"/>
    <motionState vehicle="2" speed="2453" time="8300" acceleration="131"/>
    <motionState vehicle="3" speed="2471" time="8300" acceleration="886"/>
    <motionState vehicle="4" speed="2565" time="8300" acceleration="1275"/>
    <motionState vehicle="5" speed="10687" time="8300" acceleration="2770"/>
    <motionState vehicle="6" speed="2692" time="8300" acceleration="1161"/>
    <motionState vehicle="7" speed="2805" time="8300" acceleration="597"/>
    <motionState vehicle="8" speed="2858" time="8300" acceleration="-124"/>
    <motionState vehicle="9" speed="2837" time="8300" acceleration="-783"/>
    <motionState vehicle="10" speed="2752" time="8300" acceleration="-1164"/>
    <motionState vehicle="11" speed="2631" time="8300" acceleration="-1132"/>
    <motionState vehicle="0" speed="2516" time="8310" acceleration="-653"/>
    <motionState vehicle="1" speed="9925" time="8310" acceleration="8154"/>
    <motionState vehicle="2" speed="2453" time="8310" acceleration="138"/>
    <motionState vehicle="3" speed="2472" time="8310" acceleration="890"/>
    <motionState vehicle="4" speed="2567" time="8310" acceleration="1274"/>
    <motionState vehicle="5" speed="10689" time="8310" acceleration="2725"/>
    <motionState vehicle="6" speed="2693" time="8310" acceleration="1156"/>
    <motionState vehicle="7" speed="2805" time="8310" acceleration="590"/>
    <motionState vehicle="8" speed="2858" time="8310" acceleration="-131"/>
    <motionState vehicle="9" speed="2836" time="8310" acceleration="-787"/>
    <motionState vehicle="10" speed="2750" time="8310" acceleration="-1164"/>
    <motionState vehicle="11" speed="2630" time="8310" acceleration="-1127"/>
    <motionState vehicle="0" speed="2516" time="8320" acceleration="-646"/>
    <motionState vehicle="1" speed="9933" time="8320" acceleration="8100"/>
    <motionState vehicle="2" speed="2453" time="8320" acceleration="146"/>
    <motionState vehicle="3" speed="2473" time="8320" acceleration="894"/>
    <motionState vehicle="4" speed="2568" time="8320" acceleration="1273"/>
    <motionState vehicle="5" speed="10692" time="8320" acceleration="2680"/>
    <motionState vehicle="6" speed="2695" time="8320" acceleration="1150"/>
    <motionState vehicle="7" speed="2806" time="8320" acceleration="583"/>
    <motionState vehicle="8" speed="2857" time="8320" acceleration="-138"/>
    <motionState vehicle="9" speed="2836" time="8320" acceleration="-791"/>
    <motionState vehicle="10" speed="2749" time="8320" acceleration="-1164"/>
    <motionState vehicle="11" speed="2628" time="8320" acceleration="-1123"/>
    <motionState vehicle="0" speed="2515" time="8330" acceleration="-638"/>
    <motionState vehicle="1" speed="9941" time="8330" acceleration="8046"/>
    <motionState vehicle="2" speed="2453" time="8330" acceleration="153"/>
    <motionState vehicle="3" speed="2474" time="8330" acceleration="898"/>
    <motionState vehicle="4" speed="2569" time="8330" acceleration="1271"/>
    <motionState vehicle="5" speed="10695" time="8330" acceleration="2636"/>
    <motionState vehicle="6" speed="2696" time="8330" acceleration="1145"/>
    <motionState vehicle="7" speed="2806" time="8330" acceleration="576"/>
    <motionState vehicle="8" speed="2857" time="8330" acceleration="-144"/>
    <motionState vehicle="9" speed="2835" time="8330" acceleration="-795"/>
    <motionState vehicle="10" speed="2748" time="8330" acceleration="-1164"/>
    <motionState vehicle="11" speed="2627" time="8330" acceleration="-1119"/>
    <motionState vehicle="0" speed="2514" time="8340" acceleration="-631"/>
    <motionState vehicle="1" speed="9949" time="8340" acceleration="7992"/>
    <motionState vehicle="2" speed="2453" time="8340" acceleration="160"/>
    <motionState vehicle="3" speed="2475" time="8340" acceleration="902"/>
    <motionState vehicle="4" speed="2570" time="8340" acceleration="1270"/>
    <motionState vehicle="5" speed="10697" time="8340" acceleration="2592"/>
    <motionState vehicle="6" speed="2697" time="8340" acceleration="1139"/>
    <motionState vehicle="7" speed="2807" time="8340" acceleration="569"/>
    <motionState vehicle="8" speed="2857" time="8340" acceleration="-151"/>
    <motionState vehicle="9" speed="2834" time="8340" acceleration="-799"/>
    <motionState vehicle="10" speed="2747" time="8340" acceleration="-1164"/>
    <motionState vehicle="11" speed="2626" time="8340" acceleration="-1115"/>
    <motionState vehicle="0" speed="2514" time="8350" acceleration="-624"/>
    <motionState vehicle="1" speed="9957" time="8350" acceleration="7939"/>
    <motionState vehicle="2" speed="2453" time="8350" acceleration="168"/>
    <motionState vehicle="3" speed="2476" time="8350" acceleration="906"/>
    <motionState vehicle="4" speed="2572" time="8350" acceleration="1269"/>
    <motionState vehicle="5" speed="10700" time="8350" acceleration="2550"/>
    <motionState vehicle="6" speed="2698" time="8350" acceleration="1134"/>
    <motionState vehicle="7" speed="2807" time="8350" acceleration="561"/>
    <motionState vehicle="8" speed="2857" time="8350" acceleration="-157"/>
    <motionState vehicle="9" speed="2833" time="8350" acceleration="-803"/>
    <motionState vehicle="10" speed="2746" time="8350" acceleration="-1164"/>
    <motionState vehicle="11" speed="2625" time="8350" acceleration="-1110"/>
    <motionState vehicle="0" speed="2513" time="8360" acceleration="-616"/>
    <motionState vehicle="1" speed="9965" time="8360" acceleration="7885"/>
    <motionState vehicle="2" speed="2454" time="8360" acceleration="175"/>
    <motionState vehicle="3" speed="2477" time="8360" acceleration="910"/>
    <motionState vehicle="4" speed="2573" time="8360" acceleration="1268"/>
    <motionState vehicle="5" speed="10702" time="8360" acceleration="2508"/>
    <motionState vehicle="6" speed="2699" time="8360" acceleration="1128"/>
    <motionState vehicle="7" speed="2808" time="8360" acceleration="554"/>
    <motionState vehicle="8" speed="2857" time="8360" acceleration="-164"/>
    <motionState vehicle="9" speed="2832" time="8360" acceleration="-807"/>
    <motionState vehicle="10" speed="2745" time="8360" acceleration="-1164"/>
    <motionState vehicle="11" speed="2624" time="8360" acceleration="-1106"/>
    <motionState vehicle="0" speed="2512" time="8370" acceleration="-609"/>
    <motionState vehicle="1" speed="9973" time="8370" acceleration="7831"/>
    <motionState vehicle="2" speed="2454" time="8370" acceleration="182"/>
    <motionState vehicle="3" speed="2478" time="8370" acceleration="914"/>
    <motionState vehicle="4" speed="2574" time="8370" acceleration="1266"/>
    <motionState vehicle="5" speed="10705" time="8370" acceleration="2467"/>
    <motionState vehicle="6" speed="2700" time="8370" acceleration="1123"/>
    <motionState vehicle="7" speed="2809" time="8370" acceleration="547"/>
    <motionState vehicle="8" speed="2857" time="8370" acceleration="-171"/>
    <motionState vehicle="9" speed="2832" time="8370" acceleration="-811"/>
    <motionState vehicle="10" speed="2743" time="8370" acceleration="-1164"/>
    <motionState vehicle="11" speed="2623" time="8370" acceleration="-1101"/>
    <motionState vehicle="0" speed="2512" time="8380" acceleration="-601"/>
    <motionState vehicle="1" speed="9981" time="8380" acceleration="7778"/>
    <motionState vehicle="2" speed="2454" time="8380" acceleration="189"/>
    <motionState vehicle="3" speed="2478" time="8380" acceleration="917"/>
    <motionState vehicle="4" speed="2576" time="8380" acceleration="1265"/>
    <motionState vehicle="5" speed="10707" time="8380" acceleration="2427"/>
    <motionState vehicle="6" speed="2701" time="8380" acceleration="1117"/>
    <motionState vehicle="7" speed="2809" time="8380" acceleration="540"/>
    <motionState vehicle="8" speed="2856" time="8380" acceleration="-177"/>
    <motionState vehicle="9" speed="2831" time="8380" acceleration="-814"/>
    <motionState vehicle="10" speed="2742" time="8380" acceleration="-1164"/>
    <motionState vehicle="11" speed="2622" time="8380" acceleration="-1097"/>
    <motionState vehicle="0" speed="2511" time="8390" acceleration="-594"/>
    <motionState vehicle="1" speed="9988" time="8390" acceleration="7725"/>
    <motionState vehicle="2" speed="2454" time="8390" acceleration="196"/>
    <motionState vehicle="3" speed="2479" time="8390" acceleration="921"/>
    <motionState vehicle="4" speed="2577" time="8390" acceleration="1263"/>
    <motionState vehicle="5" speed="10710" time="8390" acceleration="2388"/>
    <motionState vehicle="6" speed="2702" time="8390" acceleration="1111"/>
    <motionState vehicle="7" speed="2810" time="8390" acceleration="533"/>
    <motionState vehicle="8" speed="2856" time="8390" acceleration="-184"/>
    <motionState vehicle="9" speed="2830" time="8390" acceleration="-818"/>
    <motionState vehicle="10" speed="2741" time="8390" acceleration="-1163"/>
    <motionState vehicle="11" speed="2621" time="8390" acceleration="-1092"/>
    <motionState vehicle="0" speed="2511" time="8400" acceleration="-586"/>
    <motionState vehicle="1" speed="9996" time="8400" acceleration="7672"/>
    <motionState vehicle="2" speed="2454" time="8400" acceleration="203"/>
    <motionState vehicle="3" speed="2480" time="8400" acceleration="925"/>
    <motionState vehicle="4" speed="2578" time="8400" acceleration="1262"/>
    <motionState vehicle="5" speed="10712" time="8400" acceleration="2349"/>
    <motionState vehicle="6" speed="2704" time="8400" acceleration="1106"/>
    <motionState vehicle="7" speed="2810" time="8400" acceleration="526"/>
    <motionState vehicle="8" speed="2856" time="8400" acceleration="-190"/>
    <motionState vehicle="9" speed="2829" time="8400" acceleration="-822"/>
    <motionState vehicle="10" speed="2740" time="8400" acceleration="-1163"/>
    <motionState vehicle="11" speed="2620" time="8400" acceleration="-1088"/>
    <motionState vehicle="0" speed="2510" time="8410" acceleration="-579"/>
    <motionState vehicle="1" speed="10004" time="8410" acceleration="7618"/>
    <motionState vehicle="2" speed="2455" time="8410" acceleration="210"/>
    <motionState vehicle="3" speed="2481" time="8410" acceleration="928"/>
    <motionState vehicle="4" speed="2579" time="8410" acceleration="1261"/>
    <motionState vehicle="5" speed="10714" time="8410" acceleration="2311"/>
    <motionState vehicle="6" speed="2705" time="8410" acceleration="1100"/>
    <motionState vehicle="7" speed="2811" time="8410" acceleration="519"/>
    <motionState vehicle="8" speed="2856" time="8410" acceleration="-197"/>
    <motionState vehicle="9" speed="2828" time="8410" acceleration="-826"/>
    <motionState vehicle="10" speed="2739" time="8410" acceleration="-1163"/>
    <motionState vehicle="11" speed="2618" time="8410" acceleration="-1083"/>
    <motionState vehicle="0" speed="2510" time="8420" acceleration="-572"/>
    <motionState vehicle="1" speed="10011" time="8420" acceleration="7566"/>
    <motionState vehicle="2" speed="2455" time="8420" acceleration="217"/>
    <motionState vehicle="3" speed="2482" time="8420" acceleration="932"/>
    <motionState vehicle="4" speed="2581" time="8420" acceleration="1259"/>
    <motionState vehicle="5" speed="10716" time="8420" acceleration="2273"/>
    <motionState vehicle="6" speed="2706" time="8420" acceleration="1095"/>
    <motionState vehicle="7" speed="2811" time="8420" acceleration="512"/>
    <motionState vehicle="8" speed="2856" time="8420" acceleration="-203"/>
    <motionState vehicle="9" speed="2827" time="8420" acceleration="-829"/>
    <motionState vehicle="10" speed="2738" time="8420" acceleration="-1162"/>
    <motionState vehicle="11" speed="2617" time="8420" acceleration="-1079"/>
    <motionState vehicle="0" speed="2509" time="8430" acceleration="-564"/>
    <motionState vehicle="1" speed="10019" time="8430" acceleration="7513"/>
    <motionState vehicle="2" speed="2455" time="8430" acceleration="224"/>
    <motionState vehicle="3" speed="2483" time="8430" acceleration="935"/>
    <motionState vehicle="4" speed="2582" time="8430" acceleration="1257"/>
    <motionState vehicle="5" speed="10719" time="8430" acceleration="2237"/>
    <motionState vehicle="6" speed="2707" time="8430" acceleration="1089"/>
    <motionState vehicle="7" speed="2812" time="8430" acceleration="504"/>
    <motionState vehicle="8" speed="2855" time="8430" acceleration="-209"/>
    <motionState vehicle="9" speed="2827" time="8430" acceleration="-833"/>
    <motionState vehicle="10" speed="2736" time="8430" acceleration="-1162"/>
    <motionState vehicle="11" speed="2616" time="8430" acceleration="-1074"/>
    <motionState vehicle="0" speed="2508" time="8440" acceleration="-557"/>
    <motionState vehicle="1" speed="10026" time="8440" acceleration="7460"/>
    <motionState vehicle="2" speed="2455" time="8440" acceleration="231"/>
    <motionState vehicle="3" speed="2484" time="8440" acceleration="938"/>
    <motionState vehicle="4" speed="2583" time="8440" acceleration="1256"/>
    <motionState vehicle="5" speed="10721" time="8440" acceleration="2201"/>
    <motionState vehicle="6" speed="2708" time="8440" acceleration="1083"/>
    <motionState vehicle="7" speed="2812" time="8440" acceleration="497"/>
    <motionState vehicle="8" speed="2855" time="8440" acceleration="-216"/>
    <motionState vehicle="9" speed="2826" time="8440" acceleration="-837"/>
    <motionState vehicle="10" speed="2735" time="8440" acceleration="-1162"/>
    <motionState vehicle="11" speed="2615" time="8440" acceleration="-1069"/>
    <motionState vehicle="0" speed="2508" time="8450" acceleration="-549"/>
    <motionState vehicle="1" speed="10033" time="8450" acceleration="7408"/>
    <motionState vehicle="2" speed="2456" time="8450" acceleration="238"/>
    <motionState vehicle="3" speed="2485" time="8450" acceleration="942"/>
    <motionState vehicle="4" speed="2584" time="8450" acceleration="1254"/>
    <motionState vehicle="5" speed="10723" time="8450" acceleration="2165"/>
    <motionState vehicle="6" speed="2709" time="8450" acceleration="1078"/>
    <motionState vehicle="7" speed="2813" time="8450" acceleration="490"/>
    <motionState vehicle="8" speed="2855" time="8450" acceleration="-222"/>
    <motionState vehicle="9" speed="2825" time="8450" acceleration="-840"/>
    <motionState vehicle="10" speed="2734" time="8450" acceleration="-1161"/>
    <motionState vehicle="11" speed="2614" time="8450" acceleration="-1065"/>
    <motionState vehicle="0" speed="2507" time="8460" acceleration="-542"/>
    <motionState vehicle="1" speed="10041" time="8460" acceleration="7355"/>
    <motionState vehicle="2" speed="2456" time="8460" acceleration="245"/>
    <motionState vehicle="3" speed="2486" time="8460" acceleration="945"/>
    <motionState vehicle="4" speed="2586" time="8460" acceleration="1253"/>
    <motionState vehicle="5" speed="10725" time="8460" acceleration="2131"/>
    <motionState vehicle="6" speed="2710" time="8460" acceleration="1072"/>
    <motionState vehicle="7" speed="2813" time="8460" acceleration="483"/>
    <motionState vehicle="8" speed="2855" time="8460" acceleration="-228"/>
    <motionState vehicle="9" speed="2824" time="8460" acceleration="-844"/>
    <motionState vehicle="10" speed="2733" time="8460" acceleration="-1160"/>
    <motionState vehicle="11" speed="2613" time="8460" acceleration="-1060"/>
    <motionState vehicle="0" speed="2507" time="8470" acceleration="-535"/>
    <motionState vehicle="1" speed="10048" time="8470" acceleration="7303"/>
    <motionState vehicle="2" speed="2456" time="8470" acceleration="252"/>
    <motionState vehicle="3" speed="2487" time="8470" acceleration="948"/>
    <motionState vehicle="4" speed="2587" time="8470" acceleration="1251"/>
    <motionState vehicle="5" speed="10727" time="8470" acceleration="2097"/>
    <motionState vehicle="6" speed="2711" time="8470" acceleration="1066"/>
    <motionState vehicle="7" speed="2814" time="8470" acceleration="476"/>
    <motionState vehicle="8" speed="2855" time="8470" acceleration="-235"/>
    <motionState vehicle="9" speed="2823" time="8470" acceleration="-847"/>
    <motionState vehicle="10" speed="2732" time="8470" acceleration="-1160"/>
    <motionState vehicle="11" speed="2612" time="8470" acceleration="-1055"/>
    <motionState vehicle="0" speed="2506" time="8480" acceleration="-527"/>
    <motionState vehicle="1" speed="10055" time="8480" acceleration="7251"/>
    <motionState vehicle="2" speed="2456" time="8480" acceleration="259"/>
    <motionState vehicle="3" speed="2488" time="8480" acceleration="952"/>
    <motionState vehicle="4" speed="2588" time="8480" acceleration="1249"/>
    <motionState vehicle="5" speed="10729" time="8480" acceleration="2063"/>
    <motionState vehicle="6" speed="2712" time="8480" acceleration="1060"/>
    <motionState vehicle="7" speed="2814" time="8480" acceleration="469"/>
    <motionState vehicle="8" speed="2854" time="8480" acceleration="-241"/>
    <motionState vehicle="9" speed="2822" time="8480" acceleration="-851"/>
    <motionState vehicle="10" speed="2731" time="8480" acceleration="-1159"/>
    <motionState vehicle="11" speed="2611" time="8480" acceleration="-1051"/>
    <motionState vehicle="0" speed="2506" time="8490" acceleration="-520"/>
    <motionState vehicle="1" speed="10063" time="8490" acceleration="7199"/>
    <motionState vehicle="2" speed="2457" time="8490" acceleration="266"/>
    <motionState vehicle="3" speed="2489" time="8490" acceleration="955"/>
    <motionState vehicle="4" speed="2589" time="8490" acceleration="1247"/>
    <motionState vehicle="5" speed="10731" time="8490" acceleration="2030"/>
    <motionState vehicle="6" speed="2713" time="8490" acceleration="1055"/>
    <motionState vehicle="7" speed="2815" time="8490" acceleration="462"/>
    <motionState vehicle="8" speed="2854" time="8490" acceleration="-247"/>
    <motionState vehicle="9" speed="2822" time="8490" acceleration="-854"/>
    <motionState vehicle="10" speed="2730" time="8490" acceleration="-1159"/>
    <motionState vehicle="11" speed="2610" time="8490" acceleration="-1046"/>
    <motionState vehicle="0" speed="2505" time="8500" acceleration="-512"/>
    <motionState vehicle="1" speed="10070" time="8500" acceleration="7148"/>
    <motionState vehicle="2" speed="2457" time="8500" acceleration="272"/>
    <motionState vehicle="3" speed="2490" time="8500" acceleration="958"/>
    <motionState vehicle="4" speed="2591" time="8500" acceleration="1245"/>
    <motionState vehicle="5" speed="10733" time="8500" acceleration="1998"/>
    <motionState vehicle="6" speed="2714" time="8500" acceleration="1049"/>
    <motionState vehicle="7" speed="2815" time="8500" acceleration="455"/>
    <motionState vehicle="8" speed="2854" time="8500" acceleration="-253"/>
    <motionState vehicle="9" speed="2821" time="8500" acceleration="-857"/>
    <motionState vehicle="10" speed="2728" time="8500" acceleration="-1158"/>
    <motionState vehicle="11" speed="2609" time="8500" acceleration="-1041"/>
    <motionState vehicle="0" speed="2505" time="8510" acceleration="-505"/>
    <motionState vehicle="1" speed="10077" time="8510" acceleration="7096"/>
    <motionState vehicle="2" speed="2457" time="8510" acceleration="279"/>
    <motionState vehicle="3" speed="2491" time="8510" acceleration="961"/>
    <motionState vehicle="4" speed="2592" time="8510" acceleration="1244"/>
    <motionState vehicle="5" speed="10735" time="8510" acceleration="1966"/>
    <motionState vehicle="6" speed="2715" time="8510" acceleration="1043"/>
    <motionState vehicle="7" speed="2815" time="8510" acceleration="448"/>
    <motionState vehicle="8" speed="2854" time="8510" acceleration="-260"/>
    <motionState vehicle="9" speed="2820" time="8510" acceleration="-861"/>
    <motionState vehicle="10" speed="2727" time="8510" acceleration="-1157"/>
    <motionState vehicle="11" speed="2608" time="8510" acceleration="-1036"/>
    <motionState vehicle="0" speed="2504" time="8520" acceleration="-497"/>
    <motionState vehicle="1" speed="10084" time="8520" acceleration="7045"/>
    <motionState vehicle="2" speed="2457" time="8520" acceleration="286"/>
    <motionState vehicle="3" speed="2492" time="8520" acceleration="964"/>
    <motionState vehicle="4" speed="2593" time="8520" acceleration="1242"/>
    <motionState vehicle="5" speed="10737" time="8520" acceleration="1935"/>
    <motionState vehicle="6" speed="2716" time="8520" acceleration="1037"/>
    <motionState vehicle="7" speed="2816" time="8520" acceleration="441"/>
    <motionState vehicle="8" speed="2853" time="8520" acceleration="-266"/>
    <motionState vehicle="9" speed="2819" time="8520" acceleration="-864"/>
    <motionState vehicle="10" speed="2726" time="8520" acceleration="-1156"/>
    <motionState vehicle="11" speed="2607" time="8520" acceleration="-1031"/>
    <motionState vehicle="0" speed="2504" time="8530" acceleration="-490"/>
    <motionState vehicle="1" speed="10091" time="8530" acceleration="6994"/>
    <motionState vehicle="2" speed="2458" time="8530" acceleration="293"/>
    <motionState vehicle="3" speed="2493" time="8530" acceleration="967"/>
    <motionState vehicle="4" speed="2594" time="8530" acceleration="1240"/>
    <motionState vehicle="5" speed="10739" time="8530" acceleration="1905"/>
    <motionState vehicle="6" speed="2717" time="8530" acceleration="1031"/>
    <motionState vehicle="7" speed="2816" time="8530" acceleration="434"/>
    <motionState vehicle="8" speed="2853" time="8530" acceleration="-272"/>
    <motionState vehicle="9" speed="2818" time="8530" acceleration="-867"/>
    <motionState vehicle="10" speed="2725" time="8530" acceleration="-1156"/>
    <motionState vehicle="11" speed="2606" time="8530" acceleration="-1026"/>
    <motionState vehicle="0" speed="2503" time="8540" acceleration="-483"/>
    <motionState vehicle="1" speed="10098" time="8540" acceleration="6943"/>
    <motionState vehicle="2" speed="2458" time="8540" acceleration="299"/>
    <motionState vehicle="3" speed="2494" time="8540" acceleration="970"/>
    <motionState vehicle="4" speed="2596" time="8540" acceleration="1238"/>
    <motionState vehicle="5" speed="10741" time="8540" acceleration="1875"/>
    <motionState vehicle="6" speed="2718" time="8540" acceleration="1026"/>
    <motionState vehicle="7" speed="2817" time="8540" acceleration="427"/>
    <motionState vehicle="8" speed="2853" time="8540" acceleration="-278"/>
    <motionState vehicle="9" speed="2817" time="8540" acceleration="-871"/>
    <motionState vehicle="10" speed="2724" time="8540" acceleration="-1155"/>
    <motionState vehicle="11" speed="2605" time="8540" acceleration="-1021"/>
    <motionState vehicle="0" speed="2503" time="8550" acceleration="-475"/>
    <motionState vehicle="1" speed="10105" time="8550" acceleration="6892"/>
    <motionState vehicle="2" speed="2458" time="8550" acceleration="306"/>
    <motionState vehicle="3" speed="2495" time="8550" acceleration="973"/>
    <motionState vehicle="4" speed="2597" time="8550" acceleration="1236"/>
    <motionState vehicle="5" speed="10743" time="8550" acceleration="1845"/>
    <motionState vehicle="6" speed="2719" time="8550" acceleration="1020"/>
    <motionState vehicle="7" speed="2817" time="8550" acceleration="420"/>
    <motionState vehicle="8" speed="2852" time="8550" acceleration="-284"/>
    <motionState vehicle="9" speed="2816" time="8550" acceleration="-874"/>
    <motionState vehicle="10" speed="2723" time="8550" acceleration="-1154"/>
    <motionState vehicle="11" speed="2604" time="8550" acceleration="-1016"/>
    <motionState vehicle="0" speed="2502" time="8560" acceleration="-468"/>
    <motionState vehicle="1" speed="10112" time="8560" acceleration="6842"/>
    <motionState vehicle="2" speed="2459" time="8560" acceleration="312"/>
    <motionState vehicle="3" speed="2496" time="8560" acceleration="976"/>
    <motionState vehicle="4" speed="2598" time="8560" acceleration="1234"/>
    <motionState vehicle="5" speed="10745" time="8560" acceleration="1816"/>
    <motionState vehicle="6" speed="2720" time="8560" acceleration="1014"/>
    <motionState vehicle="7" speed="2818" time="8560" acceleration="413"/>
    <motionState vehicle="8" speed="2852" time="8560" acceleration="-290"/>
    <motionState vehicle="9" speed="2815" time="8560" acceleration="-877"/>
    <motionState vehicle="10" speed="2721" time="8560" acceleration="-1153"/>
    <motionState vehicle="11" speed="2603" time="8560" acceleration="-1011"/>
    <motionState vehicle="0" speed="2502" time="8570" acceleration="-460"/>
    <motionState vehicle="1" speed="10118" time="8570" acceleration="6791"/>
    <motionState vehicle="2" speed="2459" time="8570" acceleration="319"/>
    <motionState vehicle="3" speed="2497" time="8570" acceleration="978"/>
    <motionState vehicle="4" speed="2599" time="8570" acceleration="1232"/>
    <motionState vehicle="5" speed="10747" time="8570" acceleration="1788"/>
    <motionState vehicle="6" speed="2721" time="8570" acceleration="1008"/>
    <motionState vehicle="7" speed="2818" time="8570" acceleration="406"/>
    <motionState vehicle="8" speed="2852" time="8570" acceleration="-296"/>
    <motionState vehicle="9" speed="2815" time="8570" acceleration="-880"/>
    <motionState vehicle="10" speed="2720" time="8570" acceleration="-1152"/>
    <motionState vehicle="11" speed="2602" time="8570" acceleration="-1006"/>
    <motionState vehicle="0" speed="2501" time="8580" acceleration="-453"/>
    <motionState vehicle="1" speed="10125" time="8580" acceleration="6741"/>
    <motionState vehicle="2" speed="2459" time="8580" acceleration="326"/>
    <motionState vehicle="3" speed="2498" time="8580" acceleration="981"/>
    <motionState vehicle="4" speed="2600" time="8580" acceleration="1229"/>
    <motionState vehicle="5" speed="10748" time="8580" acceleration="1760"/>
    <motionState vehicle="6" speed="2722" time="8580" acceleration="1002"/>
    <motionState vehicle="7" speed="2818" time="8580" acceleration="399"/>
    <motionState vehicle="8" speed="2852" time="8580" acceleration="-302"/>
    <motionState vehicle="9" speed="2814" time="8580" acceleration="-883"/>
    <motionState vehicle="10" speed="2719" time="8580" acceleration="-1151"/>
    <motionState vehicle="11" speed="2601" time="8580" acceleration="-1001"/>
    <motionState vehicle="0" speed="2501" time="8590" acceleration="-446"/>
    <motionState vehicle="1" speed="10132" time="8590" acceleration="6691"/>
    <motionState vehicle="2" speed="2460" time="8590" acceleration="332"/>
    <motionState vehicle="3" speed="2498" time="8590" acceleration="984"/>
    <motionState vehicle="4" speed="2602" time="8590" acceleration="1227"/>
    <motionState vehicle="5" speed="10750" time="8590" acceleration="1733"/>
    <motionState vehicle="6" speed="2723" time="8590" acceleration="996"/>
    <motionState vehicle="7" speed="2819" time="8590" acceleration="392"/>
    <motionState vehicle="8" speed="2851" time="8590" acceleration="-308"/>
    <motionState vehicle="9" speed="2813" time="8590" acceleration="-886"/>
    <motionState vehicle="10" speed="2718" time="8590" acceleration="-1150"/>
    <motionState vehicle="11" speed="2600" time="8590" acceleration="-996"/>
    <motionState vehicle="0" speed="2500" time="8600" acceleration="-438"/>
    <motionState vehicle="1" speed="10138" time="8600" acceleration="6642"/>
    <motionState vehicle="2" speed="2460" time="8600" acceleration="338"/>
    <motionState vehicle="3" speed="2499" time="8600" acceleration="987"/>
    <motionState vehicle="4" speed="2603" time="8600" acceleration="1225"/>
    <motionState vehicle="5" speed="10752" time="8600" acceleration="1706"/>
    <motionState vehicle="6" speed="2724" time="8600" acceleration="990"/>
    <motionState vehicle="7" speed="2819" time="8600" acceleration="385"/>
    <motionState vehicle="8" speed="2851" time="8600" acceleration="-314"/>
    <motionState vehicle="9" speed="2812" time="8600" acceleration="-889"/>
    <motionState vehicle="10" speed="2717" time="8600" acceleration="-1149"/>
    <motionState vehicle="11" speed="2599" time="8600" acceleration="-991"/>
    <motionState vehicle="0" speed="2500" time="8610" acceleration="-431"/>
    <motionState vehicle="1" speed="10145" time="8610" acceleration="6592"/>
    <motionState vehicle="2" speed="2460" time="8610" acceleration="345"/>
    <motionState vehicle="3" speed="2500" time="8610" acceleration="989"/>
    <motionState vehicle="4" speed="2604" time="8610" acceleration="1223"/>
    <motionState vehicle="5" speed="10753" time="8610" acceleration="1679"/>
    <motionState vehicle="6" speed="2725" time="8610" acceleration="985"/>
    <motionState vehicle="7" speed="2820" time="8610" acceleration="378"/>
    <motionState vehicle="8" speed="2851" time="8610" acceleration="-320"/>
    <motionState vehicle="9" speed="2811" time="8610" acceleration="-892"/>
    <motionState vehicle="10" speed="2716" time="8610" acceleration="-1148"/>
    <motionState vehicle="11" speed="2598" time="8610" acceleration="-986"/>
    <motionState vehicle="0" speed="2500" time="8620" acceleration="-424"/>
    <motionState vehicle="1" speed="10152" time="8620" acceleration="6543"/>
    <motionState vehicle="2" speed="2461" time="8620" acceleration="351"/>
    <motionState vehicle="3" speed="2501" time="8620" acceleration="992"/>
    <motionState vehicle="4" speed="2605" time="8620" acceleration="1221"/>
    <motionState vehicle="5" speed="10755" time="8620" acceleration="1653"/>
    <motionState vehicle="6" speed="2726" time="8620" acceleration="979"/>
    <motionState vehicle="7" speed="2820" time="8620" acceleration="371"/>
    <motionState vehicle="8" speed="2850" time="8620" acceleration="-326"/>
    <motionState vehicle="9" speed="2810" time="8620" acceleration="-895"/>
    <motionState vehicle="10" speed="2715" time="8620" acceleration="-1146"/>
    <motionState vehicle="11" speed="2597" time="8620" acceleration="-981"/>
    <motionState vehicle="0" speed="2499" time="8630" acceleration="-416"/>
    <motionState vehicle="1" speed="10158" time="8630" acceleration="6494"/>
    <motionState vehicle="2" speed="2461" time="8630" acceleration="358"/>
    <motionState vehicle="3" speed="2502" time="8630" acceleration="994"/>
    <motionState vehicle="4" speed="2607" time="8630" acceleration="1218"/>
    <motionState vehicle="5" speed="10757" time="8630" acceleration="1628"/>
    <motionState vehicle="6" speed="2727" time="8630" acceleration="973"/>
    <motionState vehicle="7" speed="2820" time="8630" acceleration="364"/>
    <motionState vehicle="8" speed="2850" time="8630" acceleration="-332"/>
    <motionState vehicle="9" speed="2809" time="8630" acceleration="-898"/>
    <motionState vehicle="10" speed="2713" time="8630" acceleration="-1145"/>
    <motionState vehicle="11" speed="2596" time="8630" acceleration="-976"/>
    <motionState vehicle="0" speed="2499" time="8640" acceleration="-409"/>
    <motionState vehicle="1" speed="10164" time="8640" acceleration="6445"/>
    <motionState vehicle="2" speed="2461" time="8640" acceleration="364"/>
    <motionState vehicle="3" speed="2503" time="8640" acceleration="997"/>
    <motionState vehicle="4" speed="2608" time="8640" acceleration="1216"/>
    <motionState vehicle="5" speed="10758" time="8640" acceleration="1603"/>
    <motionState vehicle="6" speed="2728" time="8640" acceleration="967"/>
    <motionState vehicle="7" speed="2821" time="8640" acceleration="357"/>
    <motionState vehicle="8" speed="2850" time="8640" acceleration="-337"/>
    <motionState vehicle="9" speed="2808" time="8640" acceleration="-900"/>
    <motionState vehicle="10" speed="2712" time="8640" acceleration="-1144"/>
    <motionState vehicle="11" speed="2595" time="8640" acceleration="-971"/>
    <motionState vehicle="0" speed="2498" time="8650" acceleration="-401"/>
    <motionState vehicle="1" speed="10171" time="8650" acceleration="6396"/>
    <motionState vehicle="2" speed="2462" time="8650" acceleration="370"/>
    <motionState vehicle="3" speed="2504" time="8650" acceleration="999"/>
    <motionState vehicle="4" speed="2609" time="8650" acceleration="1214"/>
    <motionState vehicle="5" speed="10760" time="8650" acceleration="1579"/>
    <motionState vehicle="6" speed="2729" time="8650" acceleration="961"/>
    <motionState vehicle="7" speed="2821" time="8650" acceleration="350"/>
    <motionState vehicle="8" speed="2849" time="8650" acceleration="-343"/>
    <motionState vehicle="9" speed="2807" time="8650" acceleration="-903"/>
    <motionState vehicle="10" speed="2711" time="8650" acceleration="-1143"/>
    <motionState vehicle="11" speed="2594" time="8650" acceleration="-965"/>
    <motionState vehicle="0" speed="2498" time="8660" acceleration="-394"/>
    <motionState vehicle="1" speed="10177" time="8660" acceleration="6348"/>
    <motionState vehicle="2" speed="2462" time="8660" acceleration="376"/>
    <motionState vehicle="3" speed="2505" time="8660" acceleration="1001"/>
    <motionState vehicle="4" speed="2610" time="8660" acceleration="1211"/>
    <motionState vehicle="5" speed="10761" time="8660" acceleration="1554"/>
    <motionState vehicle="6" speed="2730" time="8660" acceleration="955"/>
    <motionState vehicle="7" speed="2821" time="8660" acceleration="343"/>
    <motionState vehicle="8" speed="2849" time="8660" acceleration="-349"/>
    <motionState vehicle="9" speed="2807" time="8660" acceleration="-906"/>
    <motionState vehicle="10" speed="2710" time="8660" acceleration="-1141"/>
    <motionState vehicle="11" speed="2593" time="8660" acceleration="-960"/>
    <motionState vehicle="0" speed="2498" time="8670" acceleration="-387"/>
    <motionState vehicle="1" speed="10184" time="8670" acceleration="6300"/>
    <motionState vehicle="2" speed="2462" time="8670" acceleration="383"/>
    <motionState vehicle="3" speed="2506" time="8670" acceleration="1004"/>
    <motionState vehicle="4" speed="2611" time="8670" acceleration="1209"/>
    <motionState vehicle="5" speed="10763" time="8670" acceleration="1531"/>
    <motionState vehicle="6" speed="2731" time="8670" acceleration="949"/>
    <motionState vehicle="7" speed="2822" time="8670" acceleration="336"/>
    <motionState vehicle="8" speed="2849" time="8670" acceleration="-355"/>
    <motionState vehicle="9" speed="2806" time="8670" acceleration="-909"/>
    <motionState vehicle="10" speed="2709" time="8670" acceleration="-1140"/>
    <motionState vehicle="11" speed="2592" time="8670" acceleration="-955"/>
    <motionState vehicle="0" speed="2497" time="8680" acceleration="-379"/>
    <motionState vehicle="1" speed="10190" time="8680" acceleration="6252"/>
    <motionState vehicle="2" speed="2463" time="8680" acceleration="389"/>
    <motionState vehicle="3" speed="2507" time="8680" acceleration="1006"/>
    <motionState vehicle="4" speed="2613" time="8680" acceleration="1206"/>
    <motionState vehicle="5" speed="10764" time="8680" acceleration="1508"/>
    <motionState vehicle="6" speed="2732" time="8680" acceleration="943"/>
    <motionState vehicle="7" speed="2822" time="8680" acceleration="329"/>
    <motionState vehicle="8" speed="2848" time="8680" acceleration="-360"/>
    <motionState vehicle="9" speed="2805" time="8680" acceleration="-911"/>
    <motionState vehicle="10" speed="2708" time="8680" acceleration="-1138"/>
    <motionState vehicle="11" speed="2591" time="8680" acceleration="-950"/>
    <motionState vehicle="0" speed="2497" time="8690" acceleration="-372"/>
    <motionState vehicle="1" speed="10196" time="8690" acceleration="6204"/>
    <motionState vehicle="2" speed="2463" time="8690" acceleration="395"/>
    <motionState vehicle="3" speed="2508" time="8690" acceleration="1008"/>
    <motionState vehicle="4" speed="2614" time="8690" acceleration="1204"/>
    <motionState vehicle="5" speed="10766" time="8690" acceleration="1485"/>
    <motionState vehicle="6" speed="2733" time="8690" acceleration="937"/>
    <motionState vehicle="7" speed="2822" time="8690" acceleration="322"/>
    <motionState vehicle="8" speed="2848" time="8690" acceleration="-366"/>
    <motionState vehicle="9" speed="2804" time="8690" acceleration="-914"/>
    <motionState vehicle="10" speed="2707" time="8690" acceleration="-1137"/>
    <motionState vehicle="11" speed="2590" time="8690" acceleration="-944"/>
    <motionState vehicle="0" speed="2496" time="8700" acceleration="-365"/>
    <motionState vehicle="1" speed="10202" time="8700" acceleration="6157"/>
    <motionState vehicle="2" speed="2464" time="8700" acceleration="401"/>
    <motionState vehicle="3" speed="2509" time="8700" acceleration="1011"/>
    <motionState vehicle="4" speed="2615" time="8700" acceleration="1201"/>
    <motionState vehicle="5" speed="10767" time="8700" acceleration="1462"/>
    <motionState vehicle="6" speed="2734" time="8700" acceleration="931"/>
    <motionState vehicle="7" speed="2823" time="8700" acceleration="315"/>
    <motionState vehicle="8" speed="2847" time="8700" acceleration="-372"/>
    <motionState vehicle="9" speed="2803" time="8700" acceleration="-916"/>
    <motionState vehicle="10" speed="2705" time="8700" acceleration="-1135"/>
    <motionState vehicle="11" speed="2589" time="8700" acceleration="-939"/>
    <motionState vehicle="0" speed="2496" time="8710" acceleration="-357"/>
    <motionState vehicle="1" speed="10208" time="8710" acceleration="6109"/>
    <motionState vehicle="2" speed="2464" time="8710" acceleration="407"/>
    <motionState vehicle="3" speed="2510" time="8710" acceleration="1013"/>
    <motionState vehicle="4" speed="2616" time="8710" acceleration="1199"/>
    <motionState vehicle="5" speed="10769" time="8710" acceleration="1440"/>
    <motionState vehicle="6" speed="2735" time="8710" acceleration="925"/>
    <motionState vehicle="7" speed="2823" time="8710" acceleration="309"/>
    <motionState vehicle="8" speed="2847" time="8710" acceleration="-377"/>
    <motionState vehicle="9" speed="2802" time="8710" acceleration="-919"/>
    <motionState vehicle="10" speed="2704" time="8710" acceleration="-1134"/>
    <motionState vehicle="11" speed="2588" time="8710" acceleration="-934"/>
    <motionState vehicle="0" speed="2496" time="8720" acceleration="-350"/>
    <motionState vehicle="1" speed="10214" time="8720" acceleration="6062"/>
    <motionState vehicle="2" speed="2464" time="8720" acceleration="413"/>
    <motionState vehicle="3" speed="2512" time="8720" acceleration="1015"/>
    <motionState vehicle="4" speed="2617" time="8720" acceleration="1196"/>
    <motionState vehicle="5" speed="10770" time="8720" acceleration="1419"/>
    <motionState vehicle="6" speed="2736" time="8720" acceleration="919"/>
    <motionState vehicle="7" speed="2823" time="8720" acceleration="302"/>
    <motionState vehicle="8" speed="2847" time="8720" acceleration="-383"/>
    <motionState vehicle="9" speed="2801" time="8720" acceleration="-921"/>
    <motionState vehicle="10" speed="2703" time="8720" acceleration="-1132"/>
    <motionState vehicle="11" speed="2587" time="8720" acceleration="-928"/>
    <motionState vehicle="0" speed="2495" time="8730" acceleration="-343"/>
    <motionState vehicle="1" speed="10220" time="8730" acceleration="6016"/>
    <motionState vehicle="2" speed="2465" time="8730" acceleration="419"/>
    <motionState vehicle="3" speed="2513" time="8730" acceleration="1017"/>
    <motionState vehicle="4" speed="2619" time="8730" acceleration="1194"/>
    <motionState vehicle="5" speed="10772" time="8730" acceleration="1397"/>
    <motionState vehicle="6" speed="2737" time="8730" acceleration="913"/>
    <motionState vehicle="7" speed="2824" time="8730" acceleration="295"/>
    <motionState vehicle="8" speed="2846" time="8730" acceleration="-389"/>
    <motionState vehicle="9" speed="2800" time="8730" acceleration="-924"/>
    <motionState vehicle="10" speed="2702" time="8730" acceleration="-1131"/>
    <motionState vehicle="11" speed="2586" time="8730" acceleration="-923"/>
    <motionState vehicle="0" speed="2495" time="8740" acceleration="-336"/>
    <motionState vehicle="1" speed="10226" time="8740" acceleration="5969"/>
    <motionState vehicle="2" speed="2465" time="8740" acceleration="425"/>
    <motionState vehicle="3" speed="2514" time="8740" acceleration="1019"/>
    <motionState vehicle="4" speed="2620" time="8740" acceleration="1191"/>
    <motionState vehicle="5" speed="10773" time="8740" acceleration="1377"/>
    <motionState vehicle="6" speed="2738" time="8740" acceleration="907"/>
    <motionState vehicle="7" speed="2824" time="8740" acceleration="288"/>
    <motionState vehicle="8" speed="2846" time="8740" acceleration="-394"/>
    <motionState vehicle="9" speed="2799" time="8740" acceleration="-926"/>
    <motionState vehicle="10" speed="2701" time="8740" acceleration="-1129"/>
    <motionState vehicle="11" speed="2585" time="8740" acceleration="-918"/>
    <motionState vehicle="0" speed="2495" time="8750" acceleration="-328"/>
    <motionState vehicle="1" speed="10232" time="8750" acceleration="5923"/>
    <motionState vehicle="2" speed="2466" time="8750" acceleration="431"/>
    <motionState vehicle="3" speed="2515" time="8750" acceleration="1021"/>
    <motionState vehicle="4" speed="2621" time="8750" acceleration="1188"/>
    <motionState vehicle="5" speed="10774" time="8750" acceleration="1356"/>
    <motionState vehicle="6" speed="2739" time="8750" acceleration="901"/>
    <motionState vehicle="7" speed="2824" time="8750" acceleration="281"/>
    <motionState vehicle="8" speed="2845" time="8750" acceleration="-400"/>
    <motionState vehicle="9" speed="2798" time="8750" acceleration="-928"/>
    <motionState vehicle="10" speed="2700" time="8750" acceleration="-1127"/>
    <motionState vehicle="11" speed="2585" time="8750" acceleration="-912"/>
    <motionState vehicle="0" speed="2494" time="8760" acceleration="-321"/>
    <motionState vehicle="1" speed="10238" time="8760" acceleration="5877"/>
    <motionState vehicle="2" speed="2466" time="8760" acceleration="437"/>
    <motionState vehicle="3" speed="2516" time="8760" acceleration="1023"/>
    <motionState vehicle="4" speed="2622" time="8760" acceleration="1185"/>
    <motionState vehicle="5" speed="10776" time="8760" acceleration="1336"/>
    <motionState vehicle="6" speed="2739" time="8760" acceleration="895"/>
    <motionState vehicle="7" speed="2824" time="8760" acceleration="274"/>
    <motionState vehicle="8" speed="2845" time="8760" acceleration="-405"/>
    <motionState vehicle="9" speed="2797" time="8760" acceleration="-931"/>
    <motionState vehicle="10" speed="2699" time="8760" acceleration="-1126"/>
    <motionState vehicle="11" speed="2584" time="8760" acceleration="-907"/>
    <motionState vehicle="0" speed="2494" time="8770" acceleration="-314"/>
    <motionState vehicle="1" speed="10244" time="8770" acceleration="5831"/>
    <motionState vehicle="2" speed="2467" time="8770" acceleration="443"/>
    <motionState vehicle="3" speed="2517" time="8770" acceleration="1025"/>
    <motionState vehicle="4" speed="2623" time="8770" acceleration="1183"/>
    <motionState vehicle="5" speed="10777" time="8770" acceleration="1316"/>
    <motionState vehicle="6" speed="2740" time="8770" acceleration="889"/>
    <motionState vehicle="7" speed="2825" time="8770" acceleration="268"/>
    <motionState vehicle="8" speed="2845" time="8770" acceleration="-410"/>
    <motionState vehicle="9" speed="2796" time="8770" acceleration="-933"/>
    <motionState vehicle="10" speed="2697" time="8770" acceleration="-1124"/>
    <motionState vehicle="11" speed="2583" time="8770" acceleration="-901"/>
    <motionState vehicle="0" speed="2494" time="8780" acceleration="-307"/>
    <motionState vehicle="1" speed="10250" time="8780" acceleration="5785"/>
    <motionState vehicle="2" speed="2467" time="8780" acceleration="448"/>
    <motionState vehicle="3" speed="2518" time="8780" acceleration="1026"/>
    <motionState vehicle="4" speed="2625" time="8780" acceleration="1180"/>
    <motionState vehicle="5" speed="10778" time="8780" acceleration="1297"/>
    <motionState vehicle="6" speed="2741" time="8780" acceleration="883"/>
    <motionState vehicle="7" speed="2825" time="8780" acceleration="261"/>
    <motionState vehicle="8" speed="2844" time="8780" acceleration="-416"/>
    <motionState vehicle="9" speed="2795" time="8780" acceleration="-935"/>
    <motionState vehicle="10" speed="2696" time="8780" acceleration="-1122"/>
    <motionState vehicle="11" speed="2582" time="8780" acceleration="-896"/>
    <motionState vehicle="0" speed="2494" time="8790" acceleration="-299"/>
    <motionState vehicle="1" speed="10255" time="8790" acceleration="5740"/>
    <motionState vehicle="2" speed="2468" time="8790" acceleration="454"/>
    <motionState vehicle="3" speed="2519" time="8790" acceleration="1028"/>
    <motionState vehicle="4" speed="2626" time="8790" acceleration="1177"/>
    <motionState vehicle="5" speed="10780" time="8790" acceleration="1278"/>
    <motionState vehicle="6" speed="2742" time="8790" acceleration="877"/>
    <motionState vehicle="7" speed="2825" time="8790" acceleration="254"/>
    <motionState vehicle="8" speed="2844" time="8790" acceleration="-421"/>
    <motionState vehicle="9" speed="2795" time="8790" acceleration="-938"/>
    <motionState vehicle="10" speed="2695" time="8790" acceleration="-1120"/>
    <motionState vehicle="11" speed="2581" time="8790" acceleration="-890"/>
    <motionState vehicle="0" speed="2493" time="8800" acceleration="-292"/>
    <motionState vehicle="1" speed="10261" time="8800" acceleration="5695"/>
    <motionState vehicle="2" speed="2468" time="8800" acceleration="460"/>
    <motionState vehicle="3" speed="2520" time="8800" acceleration="1030"/>
    <motionState vehicle="4" speed="2627" time="8800" acceleration="1174"/>
    <motionState vehicle="5" speed="10781" time="8800" acceleration="1259"/>
    <motionState vehicle="6" speed="2743" time="8800" acceleration="870"/>
    <motionState vehicle="7" speed="2825" time="8800" acceleration="247"/>
    <motionState vehicle="8" speed="2843" time="8800" acceleration="-427"/>
    <motionState vehicle="9" speed="2794" time="8800" acceleration="-940"/>
    <motionState vehicle="10" speed="2694" time="8800" acceleration="-1118"/>
    <motionState vehicle="11" speed="2580" time="8800" acceleration="-885"/>
    <motionState vehicle="0" speed="2493" time="8810" acceleration="-285"/>
    <motionState vehicle="1" speed="10267" time="8810" acceleration="5650"/>
    <motionState vehicle="2" speed="2468" time="8810" acceleration="466"/>
    <motionState vehicle="3" speed="2521" time="8810" acceleration="1032"/>
    <motionState vehicle="4" speed="2628" time="8810" acceleration="1171"/>
    <motionState vehicle="5" speed="10782" time="8810" acceleration="1241"/>
    <motionState vehicle="6" speed="2744" time="8810" acceleration="864"/>
    <motionState vehicle="7" speed="2826" time="8810" acceleration="241"/>
    <motionState vehicle="8" speed="2843" time="8810" acceleration="-432"/>
    <motionState vehicle="9" speed="2793" time="8810" acceleration="-942"/>
    <motionState vehicle="10" speed="2693" time="8810" acceleration="-1116"/>
    <motionState vehicle="11" speed="2579" time="8810" acceleration="-879"/>
    <motionState vehicle="0" speed="2493" time="8820" acceleration="-278"/>
    <motionState vehicle="1" speed="10272" time="8820" acceleration="5605"/>
    <motionState vehicle="2" speed="2469" time="8820" acceleration="471"/>
    <motionState vehicle="3" speed="2522" time="8820" acceleration="1033"/>
    <motionState vehicle="4" speed="2629" time="8820" acceleration="1168"/>
    <motionState vehicle="5" speed="10783" time="8820" acceleration="1223"/>
    <motionState vehicle="6" speed="2745" time="8820" acceleration="858"/>
    <motionState vehicle="7" speed="2826" time="8820" acceleration="234"/>
    <motionState vehicle="8" speed="2843" time="8820" acceleration="-437"/>
    <motionState vehicle="9" speed="2792" time="8820" acceleration="-944"/>
    <motionState vehicle="10" speed="2692" time="8820" acceleration="-1114"/>
    <motionState vehicle="11" speed="2578" time="8820" acceleration="-874"/>
    <motionState vehicle="0" speed="2492" time="8830" acceleration="-270"/>
    <motionState vehicle="1" speed="10278" time="8830" acceleration="5561"/>
    <motionState vehicle="2" speed="2469" time="8830" acceleration="477"/>
    <motionState vehicle="3" speed="2523" time="8830" acceleration="1035"/>
    <motionState vehicle="4" speed="2630" time="8830" acceleration="1165"/>
    <motionState vehicle="5" speed="10785" time="8830" acceleration="1205"/>
    <motionState vehicle="6" speed="2746" time="8830" acceleration="852"/>
    <motionState vehicle="7" speed="2826" time="8830" acceleration="227"/>
    <motionState vehicle="8" speed="2842" time="8830" acceleration="-442"/>
    <motionState vehicle="9" speed="2791" time="8830" acceleration="-946"/>
    <motionState vehicle="10" speed="2691" time="8830" acceleration="-1112"/>
    <motionState vehicle="11" speed="2577" time="8830" acceleration="-868"/>
    <motionState vehicle="0" speed="2492" time="8840" acceleration="-263"/>
    <motionState vehicle="1" speed="10283" time="8840" acceleration="5517"/>
    <motionState vehicle="2" speed="2470" time="8840" acceleration="483"/>
    <motionState vehicle="3" speed="2524" time="8840" acceleration="1036"/>
    <motionState vehicle="4" speed="2632" time="8840" acceleration="1163"/>
    <motionState vehicle="5" speed="10786" time="8840" acceleration="1188"/>
    <motionState vehicle="6" speed="2746" time="8840" acceleration="846"/>
    <motionState vehicle="7" speed="2826" time="8840" acceleration="220"/>
    <motionState vehicle="8" speed="2842" time="8840" acceleration="-448"/>
    <motionState vehicle="9" speed="2790" time="8840" acceleration="-948"/>
    <motionState vehicle="10" speed="2690" time="8840" acceleration="-1110"/>
    <motionState vehicle="11" speed="2577" time="8840" acceleration="-862"/>
    <motionState vehicle="0" speed="2492" time="8850" acceleration="-256"/>
    <motionState vehicle="1" speed="10289" time="8850" acceleration="5473"/>
    <motionState vehicle="2" speed="2470" time="8850" acceleration="488"/>
    <motionState vehicle="3" speed="2525" time="8850" acceleration="1038"/>
    <motionState vehicle="4" speed="2633" time="8850" acceleration="1160"/>
    <motionState vehicle="5" speed="10787" time="8850" acceleration="1171"/>
    <motionState vehicle="6" speed="2747" time="8850" acceleration="840"/>
    <motionState vehicle="7" speed="2827" time="8850" acceleration="214"/>
    <motionState vehicle="8" speed="2841" time="8850" acceleration="-453"/>
    <motionState vehicle="9" speed="2789" time="8850" acceleration="-950"/>
    <motionState vehicle="10" speed="2689" time="8850" acceleration="-1108"/>
    <motionState vehicle="11" speed="2576" time="8850" acceleration="-857"/>
    <motionState vehicle="0" speed="2492" time="8860" acceleration="-249"/>
    <motionState vehicle="1" speed="10294" time="8860" acceleration="5429"/>
    <motionState vehicle="2" speed="2471" time="8860" acceleration="494"/>
    <motionState vehicle="3" speed="2526" time="8860" acceleration="1039"/>
    <motionState vehicle="4" speed="2634" time="8860" acceleration="1156"/>
    <motionState vehicle="5" speed="10788" time="8860" acceleration="1154"/>
    <motionState vehicle="6" speed="2748" time="8860" acceleration="834"/>
    <motionState vehicle="7" speed="2827" time="8860" acceleration="207"/>
    <motionState vehicle="8" speed="2841" time="8860" acceleration="-458"/>
    <motionState vehicle="9" speed="2788" time="8860" acceleration="-952"/>
    <motionState vehicle="10" speed="2687" time="8860" acceleration="-1106"/>
    <motionState vehicle="11" speed="2575" time="8860" acceleration="-851"/>
    <motionState vehicle="0" speed="2491" time="8870" acceleration="-242"/>
    <motionState vehicle="1" speed="10300" time="8870" acceleration="5386"/>
    <motionState vehicle="2" speed="2471" time="8870" acceleration="499"/>
    <motionState vehicle="3" speed="2527" time="8870" acceleration="1041"/>
    <motionState vehicle="4" speed="2635" time="8870" acceleration="1153"/>
    <motionState vehicle="5" speed="10789" time="8870" acceleration="1137"/>
    <motionState vehicle="6" speed="2749" time="8870" acceleration="828"/>
    <motionState vehicle="7" speed="2827" time="8870" acceleration="200"/>
    <motionState vehicle="8" speed="2840" time="8870" acceleration="-463"/>
    <motionState vehicle="9" speed="2787" time="8870" acceleration="-954"/>
    <motionState vehicle="10" speed="2686" time="8870" acceleration="-1104"/>
    <motionState vehicle="11" speed="2574" time="8870" acceleration="-845"/>
    <motionState vehicle="0" speed="2491" time="8880" acceleration="-235"/>
    <motionState vehicle="1" speed="10305" time="8880" acceleration="5343"/>
    <motionState vehicle="2" speed="2472" time="8880" acceleration="505"/>
    <motionState vehicle="3" speed="2528" time="8880" acceleration="1042"/>
    <motionState vehicle="4" speed="2636" time="8880" acceleration="1150"/>
    <motionState vehicle="5" speed="10790" time="8880" acceleration="1121"/>
    <motionState vehicle="6" speed="2750" time="8880" acceleration="822"/>
    <motionState vehicle="7" speed="2827" time="8880" acceleration="194"/>
    <motionState vehicle="8" speed="2840" time="8880" acceleration="-468"/>
    <motionState vehicle="9" speed="2786" time="8880" acceleration="-955"/>
    <motionState vehicle="10" speed="2685" time="8880" acceleration="-1102"/>
    <motionState vehicle="11" speed="2573" time="8880" acceleration="-840"/>
    <motionState vehicle="0" speed="2491" time="8890" acceleration="-228"/>
    <motionState vehicle="1" speed="10310" time="8890" acceleration="5300"/>
    <motionState vehicle="2" speed="2472" time="8890" acceleration="510"/>
    <motionState vehicle="3" speed="2529" time="8890" acceleration="1044"/>
    <motionState vehicle="4" speed="2637" time="8890" acceleration="1147"/>
    <motionState vehicle="5" speed="10791" time="8890" acceleration="1105"/>
    <motionState vehicle="6" speed="2751" time="8890" acceleration="815"/>
    <motionState vehicle="7" speed="2827" time="8890" acceleration="187"/>
    <motionState vehicle="8" speed="2839" time="8890" acceleration="-473"/>
    <motionState vehicle="9" speed="2785" time="8890" acceleration="-957"/>
    <motionState vehicle="10" speed="2684" time="8890" acceleration="-1100"/>
    <motionState vehicle="11" speed="2572" time="8890" acceleration="-834"/>
    <motionState vehicle="0" speed="2491" time="8900" acceleration="-220"/>
    <motionState vehicle="1" speed="10316" time="8900" acceleration="5258"/>
    <motionState vehicle="2" speed="2473" time="8900" acceleration="515"/>
    <motionState vehicle="3" speed="2530" time="8900" acceleration="1045"/>
    <motionState vehicle="4" speed="2639" time="8900" acceleration="1144"/>
    <motionState vehicle="5" speed="10792" time="8900" acceleration="1090"/>
    <motionState vehicle="6" speed="2751" time="8900" acceleration="809"/>
    <motionState vehicle="7" speed="2827" time="8900" acceleration="180"/>
    <motionState vehicle="8" speed="2839" time="8900" acceleration="-478"/>
    <motionState vehicle="9" speed="2784" time="8900" acceleration="-959"/>
    <motionState vehicle="10" speed="2683" time="8900" acceleration="-1097"/>
    <motionState vehicle="11" speed="2571" time="8900" acceleration="-828"/>
    <motionState vehicle="0" speed="2490" time="8910" acceleration="-213"/>
    <motionState vehicle="1" speed="10321" time="8910" acceleration="5215"/>
    <motionState vehicle="2" speed="2473" time="8910" acceleration="521"/>
    <motionState vehicle="3" speed="2531" time="8910" acceleration="1046"/>
    <motionState vehicle="4" speed="2640" time="8910" acceleration="1141"/>
    <motionState vehicle="5" speed="10794" time="8910" acceleration="1074"/>
    <motionState vehicle="6" speed="2752" time="8910" acceleration="803"/>
    <motionState vehicle="7" speed="2828" time="8910" acceleration="174"/>
    <motionState vehicle="8" speed="2838" time="8910" acceleration="-483"/>
    <motionState vehicle="9" speed="2783" time="8910" acceleration="-961"/>
    <motionState vehicle="10" speed="2682" time="8910" acceleration="-1095"/>
    <motionState vehicle="11" speed="2571" time="8910" acceleration="-823"/>
    <motionState vehicle="0" speed="2490" time="8920" acceleration="-206"/>
    <motionState vehicle="1" speed="10326" time="8920" acceleration="5173"/>
    <motionState vehicle="2" speed="2474" time="8920" acceleration="526"/>
    <motionState vehicle="3" speed="2532" time="8920" acceleration="1047"/>
    <motionState vehicle="4" speed="2641" time="8920" acceleration="1138"/>
    <motionState vehicle="5" speed="10795" time="8920" acceleration="1059"/>
    <motionState vehicle="6" speed="2753" time="8920" acceleration="797"/>
    <motionState vehicle="7" speed="2828" time="8920" acceleration="167"/>
    <motionState vehicle="8" speed="2838" time="8920" acceleration="-488"/>
    <motionState vehicle="9" speed="2782" time="8920" acceleration="-962"/>
    <motionState vehicle="10" speed="2681" time="8920" acceleration="-1093"/>
    <motionState vehicle="11" speed="2570" time="8920" acceleration="-817"/>
    <motionState vehicle="0" speed="2490" time="8930" acceleration="-199"/>
    <motionState vehicle="1" speed="10331" time="8930" acceleration="5131"/>
    <motionState vehicle="2" speed="2474" time="8930" acceleration="531"/>
    <motionState vehicle="3" speed="2533" time="8930" acceleration="1049"/>
    <motionState vehicle="4" speed="2642" time="8930" acceleration="1134"/>
    <motionState vehicle="5" speed="10796" time="8930" acceleration="1044"/>
    <motionState vehicle="6" speed="2754" time="8930" acceleration="791"/>
    <motionState vehicle="7" speed="2828" time="8930" acceleration="161"/>
    <motionState vehicle="8" speed="2837" time="8930" acceleration="-493"/>
    <motionState vehicle="9" speed="2781" time="8930" acceleration="-964"/>
    <motionState vehicle="10" speed="2680" time="8930" acceleration="-1090"/>
    <motionState vehicle="11" speed="2569" time="8930" acceleration="-811"/>
    <motionState vehicle="0" speed="2490" time="8940" acceleration="-192"/>
    <motionState vehicle="1" speed="10336" time="8940" acceleration="5090"/>
    <motionState vehicle="2" speed="2475" time="8940" acceleration="536"/>
    <motionState vehicle="3" speed="2534" time="8940" acceleration="1050"/>
    <motionState vehicle="4" speed="2643" time="8940" acceleration="1131"/>
    <motionState vehicle="5" speed="10797" time="8940" acceleration="1030"/>
    <motionState vehicle="6" speed="2755" time="8940" acceleration="785"/>
    <motionState vehicle="7" speed="2828" time="8940" acceleration="154"/>
    <motionState vehicle="8" speed="2837" time="8940" acceleration="-498"/>
    <motionState vehicle="9" speed="2780" time="8940" acceleration="-966"/>
    <motionState vehicle="10" speed="2679" time="8940" acceleration="-1088"/>
    <motionState vehicle="11" speed="2568" time="8940" acceleration="-805"/>
    <motionState vehicle="0" speed="2490" time="8950" acceleration="-185"/>
    <motionState vehicle="1" speed="10341" time="8950" acceleration="5048"/>
    <motionState vehicle="2" speed="2476" time="8950" acceleration="542"/>
    <motionState vehicle="3" speed="2535" time="8950" acceleration="1051"/>
    <motionState vehicle="4" speed="2644" time="8950" acceleration="1128"/>
    <motionState vehicle="5" speed="10798" time="8950" acceleration="1015"/>
    <motionState vehicle="6" speed="2755" time="8950" acceleration="778"/>
    <motionState vehicle="7" speed="2828" time="8950" acceleration="148"/>
    <motionState vehicle="8" speed="2836" time="8950" acceleration="-503"/>
    <motionState vehicle="9" speed="2779" time="8950" acceleration="-967"/>
    <motionState vehicle="10" speed="2678" time="8950" acceleration="-1085"/>
    <motionState vehicle="11" speed="2567" time="8950" acceleration="-800"/>
    <motionState vehicle="0" speed="2490" time="8960" acceleration="-178"/>
    <motionState vehicle="1" speed="10346" time="8960" acceleration="5007"/>
    <motionState vehicle="2" speed="2476" time="8960" acceleration="547"/>
    <motionState vehicle="3" speed="2536" time="8960" acceleration="1052"/>
    <motionState vehicle="4" speed="2645" time="8960" acceleration="1124"/>
    <motionState vehicle="5" speed="10799" time="8960" acceleration="1001"/>
    <motionState vehicle="6" speed="2756" time="8960" acceleration="772"/>
    <motionState vehicle="7" speed="2828" time="8960" acceleration="141"/>
    <motionState vehicle="8" speed="2836" time="8960" acceleration="-508"/>
    <motionState vehicle="9" speed="2778" time="8960" acceleration="-969"/>
    <motionState vehicle="10" speed="2676" time="8960" acceleration="-1083"/>
    <motionState vehicle="11" speed="2567" time="8960" acceleration="-794"/>
    <motionState vehicle="0" speed="2489" time="8970" acceleration="-171"/>
    <motionState vehicle="1" speed="10351" time="8970" acceleration="4966"/>
    <motionState vehicle="2" speed="2477" time="8970" acceleration="552"/>
    <motionState vehicle="3" speed="2537" time="8970" acceleration="1053"/>
    <motionState vehicle="4" speed="2646" time="8970" acceleration="1121"/>
    <motionState vehicle="5" speed="10800" time="8970" acceleration="988"/>
    <motionState vehicle="6" speed="2757" time="8970" acceleration="766"/>
    <motionState vehicle="7" speed="2829" time="8970" acceleration="135"/>
    <motionState vehicle="8" speed="2835" time="8970" acceleration="-512"/>
    <motionState vehicle="9" speed="2777" time="8970" acceleration="-970"/>
    <motionState vehicle="10" speed="2675" time="8970" acceleration="-1081"/>
    <motionState vehicle="11" speed="2566" time="8970" acceleration="-788"/>
    <motionState vehicle="0" speed="2489" time="8980" acceleration="-164"/>
    <motionState vehicle="1" speed="10356" time="8980" acceleration="4926"/>
    <motionState vehicle="2" speed="2477" time="8980" acceleration="557"/>
    <motionState vehicle="3" speed="2538" time="8980" acceleration="1054"/>
    <motionState vehicle="4" speed="2648" time="8980" acceleration="1118"/>
    <motionState vehicle="5" speed="10801" time="8980" acceleration="974"/>
    <motionState vehicle="6" speed="2758" time="8980" acceleration="760"/>
    <motionState vehicle="7" speed="2829" time="8980" acceleration="128"/>
    <motionState vehicle="8" speed="2835" time="8980" acceleration="-517"/>
    <motionState vehicle="9" speed="2776" time="8980" acceleration="-972"/>
    <motionState vehicle="10" speed="2674" time="8980" acceleration="-1078"/>
    <motionState vehicle="11" speed="2565" time="8980" acceleration="-782"/>
    <motionState vehicle="0" speed="2489" time="8990" acceleration="-157"/>
    <motionState vehicle="1" speed="10361" time="8990" acceleration="4886"/>
    <motionState vehicle="2" speed="2478" time="8990" acceleration="562"/>
    <motionState vehicle="3" speed="2540" time="8990" acceleration="1055"/>
    <motionState vehicle="4" speed="2649" time="8990" acceleration="1114"/>
    <motionState vehicle="5" speed="10802" time="8990" acceleration="961"/>
    <motionState vehicle="6" speed="2758" time="8990" acceleration="754"/>
    <motionState vehicle="7" speed="2829" time="8990" acceleration="122"/>
    <motionState vehicle="8" speed="2834" time="8990" acceleration="-522"/>
    <motionState vehicle="9" speed="2775" time="8990" acceleration="-973"/>
    <motionState vehicle="10" speed="2673" time="8990" acceleration="-1075"/>
    <motionState vehicle="11" speed="2564" time="8990" acceleration="-776"/>
    <motionState vehicle="0" speed="2489" time="9000" acceleration="-150"/>
    <motionState vehicle="1" speed="10366" time="9000" acceleration="4846"/>
    <motionState vehicle="2" speed="2478" time="9000" acceleration="567"/>
    <motionState vehicle="3" speed="2541" time="9000" acceleration="1056"/>
    <motionState vehicle="4" speed="2650" time="9000" acceleration="1111"/>
    <motionState vehicle="5" speed="10803" time="9000" acceleration="948"/>
    <motionState vehicle="6" speed="2759" time="9000" acceleration="748"/>
    <motionState vehicle="7" speed="2829" time="9000" acceleration="115"/>
    <motionState vehicle="8" speed="2834" time="9000" acceleration="-527"/>
    <motionState vehicle="9" speed="2774" time="9000" acceleration="-974"/>
    <motionState vehicle="10" speed="2672" time="9000" acceleration="-1073"/>
    <motionState vehicle="11" speed="2563" time="9000" acceleration="-771"/>
    <motionState vehicle="0" speed="2489" time="9010" acceleration="-143"/>
    <motionState vehicle="1" speed="10371" time="9010" acceleration="4806"/>
    <motionState vehicle="2" speed="2479" time="9010" acceleration="572"/>
    <motionState vehicle="3" speed="2542" time="9010" acceleration="1056"/>
    <motionState vehicle="4" speed="2651" time="9010" acceleration="1107"/>
    <motionState vehicle="5" speed="10804" time="9010" acceleration="935"/>
    <motionState vehicle="6" speed="2760" time="9010" acceleration="741"/>
    <motionState vehicle="7" speed="2829" time="9010" acceleration="109"/>
    <motionState vehicle="8" speed="2833" time="9010" acceleration="-531"/>
    <motionState vehicle="9" speed="2773" time="9010" acceleration="-976"/>
    <motionState vehicle="10" speed="2671" time="9010" acceleration="-1070"/>
    <motionState vehicle="11" speed="2563" time="9010" acceleration="-765"/>
    <motionState vehicle="0" speed="2489" time="9020" acceleration="-136"/>
    <motionState vehicle="1" speed="10376" time="9020" acceleration="4766"/>
    <motionState vehicle="2" speed="2479" time="9020" acceleration="577"/>
    <motionState vehicle="3" speed="2543" time="9020" acceleration="1057"/>
    <motionState vehicle="4" speed="2652" time="9020" acceleration="1104"/>
    <motionState vehicle="5" speed="10804" time="9020" acceleration="922"/>
    <motionState vehicle="6" speed="2761" time="9020" acceleration="735"/>
    <motionState vehicle="7" speed="2829" time="9020" acceleration="102"/>
    <motionState vehicle="8" speed="2833" time="9020" acceleration="-536"/>
    <motionState vehicle="9" speed="2772" time="9020" acceleration="-977"/>
    <motionState vehicle="10" speed="2670" time="9020" acceleration="-1068"/>
    <motionState vehicle="11" speed="2562" time="9020" acceleration="-759"/>
    <motionState vehicle="0" speed="2488" time="9030" acceleration="-129"/>
    <motionState vehicle="1" speed="10380" time="9030" acceleration="4727"/>
    <motionState vehicle="2" speed="2480" time="9030" acceleration="582"/>
    <motionState vehicle="3" speed="2544" time="9030" acceleration="1058"/>
    <motionState vehicle="4" speed="2653" time="9030" acceleration="1100"/>
    <motionState vehicle="5" speed="10805" time="9030" acceleration="910"/>
    <motionState vehicle="6" speed="2761" time="9030" acceleration="729"/>
    <motionState vehicle="7" speed="2829" time="9030" acceleration="96"/>
    <motionState vehicle="8" speed="2832" time="9030" acceleration="-541"/>
    <motionState vehicle="9" speed="2771" time="9030" acceleration="-978"/>
    <motionState vehicle="10" speed="2669" time="9030" acceleration="-1065"/>
    <motionState vehicle="11" speed="2561" time="9030" acceleration="-753"/>
    <motionState vehicle="0" speed="2488" time="9040" acceleration="-122"/>
    <motionState vehicle="1" speed="10385" time="9040" acceleration="4688"/>
    <motionState vehicle="2" speed="2481" time="9040" acceleration="586"/>
    <motionState vehicle="3" speed="2545" time="9040" acceleration="1059"/>
    <motionState vehicle="4" speed="2654" time="9040" acceleration="1097"/>
    <motionState vehicle="5" speed="10806" time="9040" acceleration="897"/>
    <motionState vehicle="6" speed="2762" time="9040" acceleration="723"/>
    <motionState vehicle="7" speed="2829" time="9040" acceleration="89"/>
    <motionState vehicle="8" speed="2832" time="9040" acceleration="-545"/>
    <motionState vehicle="9" speed="2770" time="9040" acceleration="-979"/>
    <motionState vehicle="10" speed="2668" time="9040" acceleration="-1062"/>
    <motionState vehicle="11" speed="2560" time="9040" acceleration="-747"/>
    <motionState vehicle="0" speed="2488" time="9050" acceleration="-116"/>
    <motionState vehicle="1" speed="10390" time="9050" acceleration="4649"/>
    <motionState vehicle="2" speed="2481" time="9050" acceleration="591"/>
    <motionState vehicle="3" speed="2546" time="9050" acceleration="1059"/>
    <motionState vehicle="4" speed="2655" time="9050" acceleration="1093"/>
    <motionState vehicle="5" speed="10807" time="9050" acceleration="885"/>
    <motionState vehicle="6" speed="2763" time="9050" acceleration="716"/>
    <motionState vehicle="7" speed="2829" time="9050" acceleration="83"/>
    <motionState vehicle="8" speed="2831" time="9050" acceleration="-550"/>
    <motionState vehicle="9" speed="2769" time="9050" acceleration="-981"/>
    <motionState vehicle="10" speed="2667" time="9050" acceleration="-1059"/>
    <motionState vehicle="11" speed="2560" time="9050" acceleration="-741"/>
    <motionState vehicle="0" speed="2488" time="9060" acceleration="-109"/>
    <motionState vehicle="1" speed="10394" time="9060" acceleration="4611"/>
    <motionState vehicle="2" speed="2482" time="9060" acceleration="596"/>
    <motionState vehicle="3" speed="2547" time="9060" acceleration="1060"/>
    <motionState vehicle="4" speed="2656" time="9060" acceleration="1090"/>
    <motionState vehicle="5" speed="10808" time="9060" acceleration="874"/>
    <motionState vehicle="6" speed="2763" time="9060" acceleration="710"/>
    <motionState vehicle="7" speed="2829" time="9060" acceleration="77"/>
    <motionState vehicle="8" speed="2831" time="9060" acceleration="-554"/>
    <motionState vehicle="9" speed="2769" time="9060" acceleration="-982"/>
    <motionState vehicle="10" speed="2666" time="9060" acceleration="-1057"/>
    <motionState vehicle="11" speed="2559" time="9060" acceleration="-735"/>
    <motionState vehicle="0" speed="2488" time="9070" acceleration="-102"/>
    <motionState vehicle="1" speed="10399" time="9070" acceleration="4572"/>
    <motionState vehicle="2" speed="2482" time="9070" acceleration="601"/>
    <motionState vehicle="3" speed="2548" time="9070" acceleration="1061"/>
    <motionState vehicle="4" speed="2657" time="9070" acceleration="1086"/>
    <motionState vehicle="5" speed="10809" time="9070" acceleration="862"/>
    <motionState vehicle="6" speed="2764" time="9070" acceleration="704"/>
    <motionState vehicle="7" speed="2830" time="9070" acceleration="70"/>
    <motionState vehicle="8" speed="2830" time="9070" acceleration="-559"/>
    <motionState vehicle="9" speed="2768" time="9070" acceleration="-983"/>
    <motionState vehicle="10" speed="2665" time="9070" acceleration="-1054"/>
    <motionState vehicle="11" speed="2558" time="9070" acceleration="-729"/>
    <motionState vehicle="0" speed="2488" time="9080" acceleration="-95"/>
    <motionState vehicle="1" speed="10403" time="9080" acceleration="4534"/>
    <motionState vehicle="2" speed="2483" time="9080" acceleration="605"/>
    <motionState vehicle="3" speed="2549" time="9080" acceleration="1061"/>
    <motionState vehicle="4" speed="2659" time="9080" acceleration="1082"/>
    <motionState vehicle="5" speed="10810" time="9080" acceleration="851"/>
    <motionState vehicle="6" speed="2765" time="9080" acceleration="698"/>
    <motionState vehicle="7" speed="2830" time="9080" acceleration="64"/>
    <motionState vehicle="8" speed="2829" time="9080" acceleration="-563"/>
    <motionState vehicle="9" speed="2767" time="9080" acceleration="-984"/>
    <motionState vehicle="10" speed="2664" time="9080" acceleration="-1051"/>
    <motionState vehicle="11" speed="2558" time="9080" acceleration="-723"/>
    <motionState vehicle="0" speed="2488" time="9090" acceleration="-88"/>
    <motionState vehicle="1" speed="10408" time="9090" acceleration="4497"/>
    <motionState vehicle="2" speed="2484" time="9090" acceleration="610"/>
    <motionState vehicle="3" speed="2550" time="9090" acceleration="1062"/>
    <motionState vehicle="4" speed="2660" time="9090" acceleration="1079"/>
    <motionState vehicle="5" speed="10811" time="9090" acceleration="839"/>
    <motionState vehicle="6" speed="2766" time="9090" acceleration="692"/>
    <motionState vehicle="7" speed="2830" time="9090" acceleration="58"/>
    <motionState vehicle="8" speed="2829" time="9090" acceleration="-568"/>
    <motionState vehicle="9" speed="2766" time="9090" acceleration="-985"/>
    <motionState vehicle="10" speed="2663" time="9090" acceleration="-1048"/>
    <motionState vehicle="11" speed="2557" time="9090" acceleration="-717"/>
    <motionState vehicle="0" speed="2488" time="9100" acceleration="-81"/>
    <motionState vehicle="1" speed="10412" time="9100" acceleration="4459"/>
    <motionState vehicle="2" speed="2484" time="9100" acceleration="615"/>
    <motionState vehicle="3" speed="2551" time="9100" acceleration="1062"/>
    <motionState vehicle="4" speed="2661" time="9100" acceleration="1075"/>
    <motionState vehicle="5" speed="10811" time="9100" acceleration="828"/>
    <motionState vehicle="6" speed="2766" time="9100" acceleration="685"/>
    <motionState vehicle="7" speed="2830" time="9100" acceleration="51"/>
    <motionState vehicle="8" speed="2828" time="9100" acceleration="-572"/>
    <motionState vehicle="9" speed="2765" time="9100" acceleration="-986"/>
    <motionState vehicle="10" speed="2662" time="9100" acceleration="-1045"/>
    <motionState vehicle="11" speed="2556" time="9100" acceleration="-711"/>
    <motionState vehicle="0" speed="2488" time="9110" acceleration="-75"/>
    <motionState vehicle="1" speed="10417" time="9110" acceleration="4422"/>
    <motionState vehicle="2" speed="2485" time="9110" acceleration="619"/>
    <motionState vehicle="3" speed="2552" time="9110" acceleration="1062"/>
    <motionState vehicle="4" speed="2662" time="9110" acceleration="1071"/>
    <motionState vehicle="5" speed="10812" time="9110" acceleration="818"/>
    <motionState vehicle="6" speed="2767" time="9110" acceleration="679"/>
    <motionState vehicle="7" speed="2830" time="9110" acceleration="45"/>
    <motionState vehicle="8" speed="2828" time="9110" acceleration="-576"/>
    <motionState vehicle="9" speed="2764" time="9110" acceleration="-987"/>
    <motionState vehicle="10" speed="2661" time="9110" acceleration="-1042"/>
    <motionState vehicle="11" speed="2555" time="9110" acceleration="-705"/>
    <motionState vehicle="0" speed="2488" time="9120" acceleration="-68"/>
    <motionState vehicle="1" speed="10421" time="9120" acceleration="4385"/>
    <motionState vehicle="2" speed="2486" time="9120" acceleration="624"/>
    <motionState vehicle="3" speed="2553" time="9120" acceleration="1063"/>
    <motionState vehicle="4" speed="2663" time="9120" acceleration="1068"/>
    <motionState vehicle="5" speed="10813" time="9120" acceleration="807"/>
    <motionState vehicle="6" speed="2768" time="9120" acceleration="673"/>
    <motionState vehicle="7" speed="2830" time="9120" acceleration="39"/>
    <motionState vehicle="8" speed="2827" time="9120" acceleration="-581"/>
    <motionState vehicle="9" speed="2763" time="9120" acceleration="-988"/>
    <motionState vehicle="10" speed="2660" time="9120" acceleration="-1039"/>
    <motionState vehicle="11" speed="2555" time="9120" acceleration="-699"/>
    <motionState vehicle="0" speed="2488" time="9130" acceleration="-61"/>
    <motionState vehicle="1" speed="10425" time="9130" acceleration="4348"/>
    <motionState vehicle="2" speed="2486" time="9130" acceleration="628"/>
    <motionState vehicle="3" speed="2554" time="9130" acceleration="1063"/>
    <motionState vehicle="4" speed="2664" time="9130" acceleration="1064"/>
    <motionState vehicle="5" speed="10814" time="9130" acceleration="797"/>
    <motionState vehicle="6" speed="2768" time="9130" acceleration="667"/>
    <motionState vehicle="7" speed="2830" time="9130" acceleration="33"/>
    <motionState vehicle="8" speed="2827" time="9130" acceleration="-585"/>
    <motionState vehicle="9" speed="2762" time="9130" acceleration="-988"/>
    <motionState vehicle="10" speed="2658" time="9130" acceleration="-1036"/>
    <motionState vehicle="11" speed="2554" time="9130" acceleration="-693"/>
    <motionState vehicle="0" speed="2487" time="9140" acceleration="-54"/>
    <motionState vehicle="1" speed="10430" time="9140" acceleration="4312"/>
    <motionState vehicle="2" speed="2487" time="9140" acceleration="633"/>
    <motionState vehicle="3" speed="2555" time="9140" acceleration="1063"/>
    <motionState vehicle="4" speed="2665" time="9140" acceleration="1060"/>
    <motionState vehicle="5" speed="10815" time="9140" acceleration="786"/>
    <motionState vehicle="6" speed="2769" time="9140" acceleration="660"/>
    <motionState vehicle="7" speed="2830" time="9140" acceleration="26"/>
    <motionState vehicle="8" speed="2826" time="9140" acceleration="-589"/>
    <motionState vehicle="9" speed="2761" time="9140" acceleration="-989"/>
    <motionState vehicle="10" speed="2657" time="9140" acceleration="-1033"/>
    <motionState vehicle="11" speed="2553" time="9140" acceleration="-687"/>
    <motionState vehicle="0" speed="2487" time="9150" acceleration="-48"/>
    <motionState vehicle="1" speed="10434" time="9150" acceleration="4275"/>
    <motionState vehicle="2" speed="2487" time="9150" acceleration="637"/>
    <motionState vehicle="3" speed="2557" time="9150" acceleration="1064"/>
    <motionState vehicle="4" speed="2666" time="9150" acceleration="1056"/>
    <motionState vehicle="5" speed="10815" time="9150" acceleration="776"/>
    <motionState vehicle="6" speed="2770" time="9150" acceleration="654"/>
    <motionState vehicle="7" speed="2830" time="9150" acceleration="20"/>
    <motionState vehicle="8" speed="2825" time="9150" acceleration="-593"/>
    <motionState vehicle="9" speed="2760" time="9150" acceleration="-990"/>
    <motionState vehicle="10" speed="2656" time="9150" acceleration="-1030"/>
    <motionState vehicle="11" speed="2553" time="9150" acceleration="-681"/>
    <motionState vehicle="0" speed="2487" time="9160" acceleration="-41"/>
    <motionState vehicle="1" speed="10438" time="9160" acceleration="4239"/>
    <motionState vehicle="2" speed="2488" time="9160" acceleration="641"/>
    <motionState vehicle="3" speed="2558" time="9160" acceleration="1064"/>
    <motionState vehicle="4" speed="2667" time="9160" acceleration="1052"/>
    <motionState vehicle="5" speed="10816" time="9160" acceleration="766"/>
    <motionState vehicle="6" speed="2770" time="9160" acceleration="648"/>
    <motionState vehicle="7" speed="2830" time="9160" acceleration="14"/>
    <motionState vehicle="8" speed="2825" time="9160" acceleration="-598"/>
    <motionState vehicle="9" speed="2759" time="9160" acceleration="-991"/>
    <motionState vehicle="10" speed="2655" time="9160" acceleration="-1027"/>
    <motionState vehicle="11" speed="2552" time="9160" acceleration="-675"/>
    <motionState vehicle="0" speed="2487" time="9170" acceleration="-34"/>
    <motionState vehicle="1" speed="10442" time="9170" acceleration="4204"/>
    <motionState vehicle="2" speed="2489" time="9170" acceleration="646"/>
    <motionState vehicle="3" speed="2559" time="9170" acceleration="1064"/>
    <motionState vehicle="4" speed="2668" time="9170" acceleration="1049"/>
    <motionState vehicle="5" speed="10817" time="9170" acceleration="757"/>
    <motionState vehicle="6" speed="2771" time="9170" acceleration="642"/>
    <motionState vehicle="7" speed="2830" time="9170" acceleration="8"/>
    <motionState vehicle="8" speed="2824" time="9170" acceleration="-602"/>
    <motionState vehicle="9" speed="2758" time="9170" acceleration="-992"/>
    <motionState vehicle="10" speed="2654" time="9170" acceleration="-1024"/>
    <motionState vehicle="11" speed="2551" time="9170" acceleration="-669"/>
    <motionState vehicle="0" speed="2487" time="9180" acceleration="-28"/>
    <motionState vehicle="1" speed="10447" time="9180" acceleration="4168"/>
    <motionState vehicle="2" speed="2489" time="9180" acceleration="650"/>
    <motionState vehicle="3" speed="2560" time="9180" acceleration="1064"/>
    <motionState vehicle="4" speed="2669" time="9180" acceleration="1045"/>
    <motionState vehicle="5" speed="10818" time="9180" acceleration="747"/>
    <motionState vehicle="6" speed="2772" time="9180" acceleration="636"/>
    <motionState vehicle="7" speed="2830" time="9180" acceleration="2"/>
    <motionState vehicle="8" speed="2824" time="9180" acceleration="-606"/>
    <motionState vehicle="9" speed="2757" time="9180" acceleration="-992"/>
    <motionState vehicle="10" speed="2653" time="9180" acceleration="-1021"/>
    <motionState vehicle="11" speed="2551" time="9180" acceleration="-663"/>
    <motionState vehicle="0" speed="2487" time="9190" acceleration="-21"/>
    <motionState vehicle="1" speed="10451" time="9190" acceleration="4133"/>
    <motionState vehicle="2" speed="2490" time="9190" acceleration="654"/>
    <motionState vehicle="3" speed="2561" time="9190" acceleration="1064"/>
    <motionState vehicle="4" speed="2670" time="9190" acceleration="1041"/>
    <motionState vehicle="5" speed="10818" time="9190" acceleration="738"/>
    <motionState vehicle="6" speed="2772" time="9190" acceleration="629"/>
    <motionState vehicle="7" speed="2830" time="9190" acceleration="-3"/>
    <motionState vehicle="8" speed="2823" time="9190" acceleration="-610"/>
    <motionState vehicle="9" speed="2756" time="9190" acceleration="-993"/>
    <motionState vehicle="10" speed="2652" time="9190" acceleration="-1017"/>
    <motionState vehicle="11" speed="2550" time="9190" acceleration="-657"/>
    <motionState vehicle="0" speed="2487" time="9200" acceleration="-15"/>
    <motionState vehicle="1" speed="10455" time="9200" acceleration="4098"/>
    <motionState vehicle="2" speed="2491" time="9200" acceleration="659"/>
    <motionState vehicle="3" speed="2562" time="9200" acceleration="1064"/>
    <motionState vehicle="4" speed="2671" time="9200" acceleration="1037"/>
    <motionState vehicle="5" speed="10819" time="9200" acceleration="728"/>
    <motionState vehicle="6" speed="2773" time="9200" acceleration="623"/>
    <motionState vehicle="7" speed="2830" time="9200" acceleration="-10"/>
    <motionState vehicle="8" speed="2822" time="9200" acceleration="-614"/>
    <motionState vehicle="9" speed="2755" time="9200" acceleration="-993"/>
    <motionState vehicle="10" speed="2651" time="9200" acceleration="-1014"/>
    <motionState vehicle="11" speed="2549" time="9200" acceleration="-651"/>
    <motionState vehicle="0" speed="2487" time="9210" acceleration="-8"/>
    <motionState vehicle="1" speed="10459" time="9210" acceleration="4063"/>
    <motionState vehicle="2" speed="2491" time="9210" acceleration="663"/>
    <motionState vehicle="3" speed="2563" time="9210" acceleration="1064"/>
    <motionState vehicle="4" speed="2672" time="9210" acceleration="1033"/>
    <motionState vehicle="5" speed="10820" time="9210" acceleration="719"/>
    <motionState vehicle="6" speed="2773" time="9210" acceleration="617"/>
    <motionState vehicle="7" speed="2830" time="9210" acceleration="-16"/>
    <motionState vehicle="8" speed="2822" time="9210" acceleration="-618"/>
    <motionState vehicle="9" speed="2754" time="9210" acceleration="-994"/>
    <motionState vehicle="10" speed="2650" time="9210" acceleration="-1011"/>
    <motionState vehicle="11" speed="2549" time="9210" acceleration="-645"/>
    <motionState vehicle="0" speed="2487" time="9220" acceleration="-1"/>
    <motionState vehicle="1" speed="10463" time="9220" acceleration="4028"/>
    <motionState vehicle="2" speed="2492" time="9220" acceleration="667"/>
    <motionState vehicle="3" speed="2564" time="9220" acceleration="1064"/>
    <motionState vehicle="4" speed="2673" time="9220" acceleration="1029"/>
    <motionState vehicle="5" speed="10821" time="9220" acceleration="710"/>
    <motionState vehicle="6" speed="2774" time="9220" acceleration="611"/>
    <motionState vehicle="7" speed="2830" time="9220" acceleration="-22"/>
    <motionState vehicle="8" speed="2821" time="9220" acceleration="-622"/>
    <motionState vehicle="9" speed="2753" time="9220" acceleration="-994"/>
    <motionState vehicle="10" speed="2649" time="9220" acceleration="-1008"/>
    <motionState vehicle="11" speed="2548" time="9220" acceleration="-639"/>
    <motionState vehicle="0" speed="2487" time="9230" acceleration="4"/>
    <motionState vehicle="1" speed="10467" time="9230" acceleration="3994"/>
    <motionState vehicle="2" speed="2493" time="9230" acceleration="671"/>
    <motionState vehicle="3" speed="2565" time="9230" acceleration="1064"/>
    <motionState vehicle="4" speed="2674" time="9230" acceleration="1025"/>
    <motionState vehicle="5" speed="10821" time="9230" acceleration="701"/>
    <motionState vehicle="6" speed="2775" time="9230" acceleration="604"/>
    <motionState vehicle="7" speed="2830" time="9230" acceleration="-28"/>
    <motionState vehicle="8" speed="2820" time="9230" acceleration="-626"/>
    <motionState vehicle="9" speed="2752" time="9230" acceleration="-995"/>
    <motionState vehicle="10" speed="2648" time="9230" acceleration="-1004"/>
    <motionState vehicle="11" speed="2547" time="9230" acceleration="-633"/>
    <motionState vehicle="0" speed="2487" time="9240" acceleration="11"/>
    <motionState vehicle="1" speed="10471" time="9240" acceleration="3960"/>
    <motionState vehicle="2" speed="2493" time="9240" acceleration="675"/>
    <motionState vehicle="3" speed="2566" time="9240" acceleration="1064"/>
    <motionState vehicle="4" speed="2675" time="9240" acceleration="1021"/>
    <motionState vehicle="5" speed="10822" time="9240" acceleration="693"/>
    <motionState vehicle="6" speed="2775" time="9240" acceleration="598"/>
    <motionState vehicle="7" speed="2830" time="9240" acceleration="-34"/>
    <motionState vehicle="8" speed="2820" time="9240" acceleration="-630"/>
    <motionState vehicle="9" speed="2751" time="9240" acceleration="-995"/>
    <motionState vehicle="10" speed="2647" time="9240" acceleration="-1001"/>
    <motionState vehicle="11" speed="2547" time="9240" acceleration="-627"/>
    <motionState vehicle="0" speed="2487" time="9250" acceleration="17"/>
    <motionState vehicle="1" speed="10475" time="9250" acceleration="3926"/>
    <motionState vehicle="2" speed="2494" time="9250" acceleration="679"/>
    <motionState vehicle="3" speed="2567" time="9250" acceleration="1064"/>
    <motionState vehicle="4" speed="2676" time="9250" acceleration="1017"/>
    <motionState vehicle="5" speed="10823" time="9250" acceleration="684"/>
    <motionState vehicle="6" speed="2776" time="9250" acceleration="592"/>
    <motionState vehicle="7" speed="2830" time="9250" acceleration="-40"/>
    <motionState vehicle="8" speed="2819" time="9250" acceleration="-634"/>
    <motionState vehicle="9" speed="2750" time="9250" acceleration="-996"/>
    <motionState vehicle="10" speed="2646" time="9250" acceleration="-998"/>
    <motionState vehicle="11" speed="2546" time="9250" acceleration="-621"/>
    <motionState vehicle="0" speed="2487" time="9260" acceleration="24"/>
    <motionState vehicle="1" speed="10479" time="9260" acceleration="3893"/>
    <motionState vehicle="2" speed="2495" time="9260" acceleration="683"/>
    <motionState vehicle="3" speed="2568" time="9260" acceleration="1064"/>
    <motionState vehicle="4" speed="2677" time="9260" acceleration="1013"/>
    <motionState vehicle="5" speed="10823" time="9260" acceleration="676"/>
    <motionState vehicle="6" speed="2776" time="9260" acceleration="586"/>
    <motionState vehicle="7" speed="2830" time="9260" acceleration="-46"/>
    <motionState vehicle="8" speed="2819" time="9260" acceleration="-637"/>
    <motionState vehicle="9" speed="2749" time="9260" acceleration="-996"/>
    <motionState vehicle="10" speed="2645" time="9260" acceleration="-994"/>
    <motionState vehicle="11" speed="2546" time="9260" acceleration="-614"/>
    <motionState vehicle="0" speed="2487" time="9270" acceleration="30"/>
    <motionState vehicle="1" speed="10483" time="9270" acceleration="3859"/>
    <motionState vehicle="2" speed="2495" time="9270" acceleration="687"/>
    <motionState vehicle="3" speed="2569" time="9270" acceleration="1064"/>
    <motionState vehicle="4" speed="2678" time="9270" acceleration="1009"/>
    <motionState vehicle="5" speed="10824" time="9270" acceleration="668"/>
    <motionState vehicle="6" speed="2777" time="9270" acceleration="579"/>
    <motionState vehicle="7" speed="2830" time="9270" acceleration="-52"/>
    <motionState vehicle="8" speed="2818" time="9270" acceleration="-641"/>
    <motionState vehicle="9" speed="2748" time="9270" acceleration="-996"/>
    <motionState vehicle="10" speed="2644" time="9270" acceleration="-991"/>
    <motionState vehicle="11" speed="2545" time="9270" acceleration="-608"/>
    <motionState vehicle="0" speed="2487" time="9280" acceleration="37"/>
    <motionState vehicle="1" speed="10486" time="9280" acceleration="3826"/>
    <motionState vehicle="2" speed="2496" time="9280" acceleration="691"/>
    <motionState vehicle="3" speed="2570" time="9280" acceleration="1063"/>
    <motionState vehicle="4" speed="2679" time="9280" acceleration="1005"/>
    <motionState vehicle="5" speed="10825" time="9280" acceleration="660"/>
    <motionState vehicle="6" speed="2778" time="9280" acceleration="573"/>
    <motionState vehicle="7" speed="2830" time="9280" acceleration="-58"/>
    <motionState vehicle="8" speed="2817" time="9280" acceleration="-645"/>
    <motionState vehicle="9" speed="2747" time="9280" acceleration="-997"/>
    <motionState vehicle="10" speed="2643" time="9280" acceleration="-987"/>
    <motionState vehicle="11" speed="2544" time="9280" acceleration="-602"/>
    <motionState vehicle="0" speed="2487" time="9290" acceleration="43"/>
    <motionState vehicle="1" speed="10490" time="9290" acceleration="3794"/>
    <motionState vehicle="2" speed="2497" time="9290" acceleration="695"/>
    <motionState vehicle="3" speed="2571" time="9290" acceleration="1063"/>
    <motionState vehicle="4" speed="2680" time="9290" acceleration="1000"/>
    <motionState vehicle="5" speed="10825" time="9290" acceleration="652"/>
    <motionState vehicle="6" speed="2778" time="9290" acceleration="567"/>
    <motionState vehicle="7" speed="2830" time="9290" acceleration="-64"/>
    <motionState vehicle="8" speed="2817" time="9290" acceleration="-649"/>
    <motionState vehicle="9" speed="2746" time="9290" acceleration="-997"/>
    <motionState vehicle="10" speed="2642" time="9290" acceleration="-984"/>
    <motionState vehicle="11" speed="2544" time="9290" acceleration="-596"/>
    <motionState vehicle="0" speed="2487" time="9300" acceleration="49"/>
    <motionState vehicle="1" speed="10494" time="9300" acceleration="3761"/>
    <motionState vehicle="2" speed="2497" time="9300" acceleration="698"/>
    <motionState vehicle="3" speed="2572" time="9300" acceleration="1063"/>
    <motionState vehicle="4" speed="2681" time="9300" acceleration="996"/>
    <motionState vehicle="5" speed="10826" time="9300" acceleration="644"/>
    <motionState vehicle="6" speed="2779" time="9300" acceleration="561"/>
    <motionState vehicle="7" speed="2829" time="9300" acceleration="-70"/>
    <motionState vehicle="8" speed="2816" time="9300" acceleration="-652"/>
    <motionState vehicle="9" speed="2745" time="9300" acceleration="-997"/>
    <motionState vehicle="10" speed="2641" time="9300" acceleration="-980"/>
    <motionState vehicle="11" speed="2543" time="9300" acceleration="-590"/>
    <motionState vehicle="0" speed="2488" time="9310" acceleration="56"/>
    <motionState vehicle="1" speed="10498" time="9310" acceleration="3729"/>
    <motionState vehicle="2" speed="2498" time="9310" acceleration="702"/>
    <motionState vehicle="3" speed="2574" time="9310" acceleration="1063"/>
    <motionState vehicle="4" speed="2682" time="9310" acceleration="992"/>
    <motionState vehicle="5" speed="10827" time="9310" acceleration="636"/>
    <motionState vehicle="6" speed="2779" time="9310" acceleration="555"/>
    <motionState vehicle="7" speed="2829" time="9310" acceleration="-75"/>
    <motionState vehicle="8" speed="2815" time="9310" acceleration="-656"/>
    <motionState vehicle="9" speed="2744" time="9310" acceleration="-997"/>
    <motionState vehicle="10" speed="2640" time="9310" acceleration="-977"/>
    <motionState vehicle="11" speed="2543" time="9310" acceleration="-584"/>
    <motionState vehicle="0" speed="2488" time="9320" acceleration="62"/>
    <motionState vehicle="1" speed="10501" time="9320" acceleration="3697"/>
    <motionState vehicle="2" speed="2499" time="9320" acceleration="706"/>
    <motionState vehicle="3" speed="2575" time="9320" acceleration="1062"/>
    <motionState vehicle="4" speed="2683" time="9320" acceleration="988"/>
    <motionState vehicle="5" speed="10827" time="9320" acceleration="629"/>
    <motionState vehicle="6" speed="2780" time="9320" acceleration="548"/>
    <motionState vehicle="7" speed="2829" time="9320" acceleration="-81"/>
    <motionState vehicle="8" speed="2815" time="9320" acceleration="-660"/>
    <motionState vehicle="9" speed="2743" time="9320" acceleration="-997"/>
    <motionState vehicle="10" speed="2639" time="9320" acceleration="-973"/>
    <motionState vehicle="11" speed="2542" time="9320" acceleration="-578"/>
    <motionState vehicle="0" speed="2488" time="9330" acceleration="68"/>
    <motionState vehicle="1" speed="10505" time="9330" acceleration="3665"/>
    <motionState vehicle="2" speed="2500" time="9330" acceleration="710"/>
    <motionState vehicle="3" speed="2576" time="9330" acceleration="1062"/>
    <motionState vehicle="4" speed="2684" time="9330" acceleration="984"/>
    <motionState vehicle="5" speed="10828" time="9330" acceleration="621"/>
    <motionState vehicle="6" speed="2780" time="9330" acceleration="542"/>
    <motionState vehicle="7" speed="2829" time="9330" acceleration="-87"/>
    <motionState vehicle="8" speed="2814" time="9330" acceleration="-663"/>
    <motionState vehicle="9" speed="2742" time="9330" acceleration="-998"/>
    <motionState vehicle="10" speed="2638" time="9330" acceleration="-970"/>
    <motionState vehicle="11" speed="2541" time="9330" acceleration="-572"/>
    <motionState vehicle="0" speed="2488" time="9340" acceleration="75"/>
    <motionState vehicle="1" speed="10509" time="9340" acceleration="3633"/>
    <motionState vehicle="2" speed="2500" time="9340" acceleration="713"/>
    <motionState vehicle="3" speed="2577" time="9340" acceleration="1061"/>
    <motionState vehicle="4" speed="2685" time="9340" acceleration="979"/>
    <motionState vehicle="5" speed="10828" time="9340" acceleration="614"/>
    <motionState vehicle="6" speed="2781" time="9340" acceleration="536"/>
    <motionState vehicle="7" speed="2829" time="9340" acceleration="-93"/>
    <motionState vehicle="8" speed="2813" time="9340" acceleration="-667"/>
    <motionState vehicle="9" speed="2741" time="9340" acceleration="-998"/>
    <motionState vehicle="10" speed="2637" time="9340" acceleration="-966"/>
    <motionState vehicle="11" speed="2541" time="9340" acceleration="-565"/>
    <motionState vehicle="0" speed="2488" time="9350" acceleration="81"/>
    <motionState vehicle="1" speed="10512" time="9350" acceleration="3602"/>
    <motionState vehicle="2" speed="2501" time="9350" acceleration="717"/>
    <motionState vehicle="3" speed="2578" time="9350" acceleration="1061"/>
    <motionState vehicle="4" speed="2686" time="9350" acceleration="975"/>
    <motionState vehicle="5" speed="10829" time="9350" acceleration="607"/>
    <motionState vehicle="6" speed="2781" time="9350" acceleration="530"/>
    <motionState vehicle="7" speed="2829" time="9350" acceleration="-99"/>
    <motionState vehicle="8" speed="2813" time="9350" acceleration="-670"/>
    <motionState vehicle="9" speed="2740" time="9350" acceleration="-998"/>
    <motionState vehicle="10" speed="2636" time="9350" acceleration="-962"/>
    <motionState vehicle="11" speed="2540" time="9350" acceleration="-559"/>
    <motionState vehicle="0" speed="2488" time="9360" acceleration="87"/>
    <motionState vehicle="1" speed="10516" time="9360" acceleration="3570"/>
    <motionState vehicle="2" speed="2502" time="9360" acceleration="721"/>
    <motionState vehicle="3" speed="2579" time="9360" acceleration="1060"/>
    <motionState vehicle="4" speed="2687" time="9360" acceleration="971"/>
    <motionState vehicle="5" speed="10830" time="9360" acceleration="600"/>
    <motionState vehicle="6" speed="2782" time="9360" acceleration="524"/>
    <motionState vehicle="7" speed="2829" time="9360" acceleration="-105"/>
    <motionState vehicle="8" speed="2812" time="9360" acceleration="-674"/>
    <motionState vehicle="9" speed="2739" time="9360" acceleration="-998"/>
    <motionState vehicle="10" speed="2636" time="9360" acceleration="-959"/>
    <motionState vehicle="11" speed="2540" time="9360" acceleration="-553"/>
    <motionState vehicle="0" speed="2488" time="9370" acceleration="93"/>
    <motionState vehicle="1" speed="10519" time="9370" acceleration="3539"/>
    <motionState vehicle="2" speed="2502" time="9370" acceleration="724"/>
    <motionState vehicle="3" speed="2580" time="9370" acceleration="1060"/>
    <motionState vehicle="4" speed="2688" time="9370" acceleration="967"/>
    <motionState vehicle="5" speed="10830" time="9370" acceleration="593"/>
    <motionState vehicle="6" speed="2782" time="9370" acceleration="517"/>
    <motionState vehicle="7" speed="2829" time="9370" acceleration="-110"/>
    <motionState vehicle="8" speed="2811" time="9370" acceleration="-677"/>
    <motionState vehicle="9" speed="2738" time="9370" acceleration="-998"/>
    <motionState vehicle="10" speed="2635" time="9370" acceleration="-955"/>
    <motionState vehicle="11" speed="2539" time="9370" acceleration="-547"/>
    <motionState vehicle="0" speed="2488" time="9380" acceleration="100"/>
    <motionState vehicle="1" speed="10523" time="9380" acceleration="3509"/>
    <motionState vehicle="2" speed="2503" time="9380" acceleration="728"/>
    <motionState vehicle="3" speed="2581" time="9380" acceleration="1059"/>
    <motionState vehicle="4" speed="2689" time="9380" acceleration="962"/>
    <motionState vehicle="5" speed="10831" time="9380" acceleration="586"/>
    <motionState vehicle="6" speed="2783" time="9380" acceleration="511"/>
    <motionState vehicle="7" speed="2829" time="9380" acceleration="-116"/>
    <motionState vehicle="8" speed="2811" time="9380" acceleration="-681"/>
    <motionState vehicle="9" speed="2737" time="9380" acceleration="-997"/>
    <motionState vehicle="10" speed="2634" time="9380" acceleration="-951"/>
    <motionState vehicle="11" speed="2539" time="9380" acceleration="-541"/>
    <motionState vehicle="0" speed="2488" time="9390" acceleration="106"/>
    <motionState vehicle="1" speed="10526" time="9390" acceleration="3478"/>
    <motionState vehicle="2" speed="2504" time="9390" acceleration="731"/>
    <motionState vehicle="3" speed="2582" time="9390" acceleration="1058"/>
    <motionState vehicle="4" speed="2690" time="9390" acceleration="958"/>
    <motionState vehicle="5" speed="10831" time="9390" acceleration="579"/>
    <motionState vehicle="6" speed="2783" time="9390" acceleration="505"/>
    <motionState vehicle="7" speed="2829" time="9390" acceleration="-122"/>
    <motionState vehicle="8" speed="2810" time="9390" acceleration="-684"/>
    <motionState vehicle="9" speed="2736" time="9390" acceleration="-997"/>
    <motionState vehicle="10" speed="2633" time="9390" acceleration="-947"/>
    <motionState vehicle="11" speed="2538" time="9390" acceleration="-535"/>
    <motionState vehicle="0" speed="2488" time="9400" acceleration="112"/>
    <motionState vehicle="1" speed="10530" time="9400" acceleration="3448"/>
    <motionState vehicle="2" speed="2505" time="9400" acceleration="735"/>
    <motionState vehicle="3" speed="2583" time="9400" acceleration="1058"/>
    <motionState vehicle="4" speed="2691" time="9400" acceleration="954"/>
    <motionState vehicle="5" speed="10832" time="9400" acceleration="572"/>
    <motionState vehicle="6" speed="2784" time="9400" acceleration="499"/>
    <motionState vehicle="7" speed="2828" time="9400" acceleration="-127"/>
    <motionState vehicle="8" speed="2809" time="9400" acceleration="-688"/>
    <motionState vehicle="9" speed="2735" time="9400" acceleration="-997"/>
    <motionState vehicle="10" speed="2632" time="9400" acceleration="-944"/>
    <motionState vehicle="11" speed="2538" time="9400" acceleration="-528"/>
    <motionState vehicle="0" speed="2488" time="9410" acceleration="118"/>
    <motionState vehicle="1" speed="10533" time="9410" acceleration="3418"/>
    <motionState vehicle="2" speed="2505" time="9410" acceleration="738"/>
    <motionState vehicle="3" speed="2584" time="9410" acceleration="1057"/>
    <motionState vehicle="4" speed="2692" time="9410" acceleration="949"/>
    <motionState vehicle="5" speed="10833" time="9410" acceleration="566"/>
    <motionState vehicle="6" speed="2784" time="9410" acceleration="493"/>
    <motionState vehicle="7" speed="2828" time="9410" acceleration="-133"/>
    <motionState vehicle="8" speed="2809" time="9410" acceleration="-691"/>
    <motionState vehicle="9" speed="2734" time="9410" acceleration="-997"/>
    <motionState vehicle="10" speed="2631" time="9410" acceleration="-940"/>
    <motionState vehicle="11" speed="2537" time="9410" acceleration="-522"/>
    <motionState vehicle="0" speed="2489" time="9420" acceleration="124"/>
    <motionState vehicle="1" speed="10537" time="9420" acceleration="3388"/>
    <motionState vehicle="2" speed="2506" time="9420" acceleration="741"/>
    <motionState vehicle="3" speed="2585" time="9420" acceleration="1056"/>
    <motionState vehicle="4" speed="2693" time="9420" acceleration="945"/>
    <motionState vehicle="5" speed="10833" time="9420" acceleration="559"/>
    <motionState vehicle="6" speed="2785" time="9420" acceleration="486"/>
    <motionState vehicle="7" speed="2828" time="9420" acceleration="-139"/>
    <motionState vehicle="8" speed="2808" time="9420" acceleration="-694"/>
    <motionState vehicle="9" speed="2733" time="9420" acceleration="-997"/>
    <motionState vehicle="10" speed="2630" time="9420" acceleration="-936"/>
    <motionState vehicle="11" speed="2537" time="9420" acceleration="-516"/>
    <motionState vehicle="0" speed="2489" time="9430" acceleration="130"/>
    <motionState vehicle="1" speed="10540" time="9430" acceleration="3359"/>
    <motionState vehicle="2" speed="2507" time="9430" acceleration="745"/>
    <motionState vehicle="3" speed="2586" time="9430" acceleration="1055"/>
    <motionState vehicle="4" speed="2694" time="9430" acceleration="941"/>
    <motionState vehicle="5" speed="10834" time="9430" acceleration="553"/>
    <motionState vehicle="6" speed="2785" time="9430" acceleration="480"/>
    <motionState vehicle="7" speed="2828" time="9430" acceleration="-144"/>
    <motionState vehicle="8" speed="2807" time="9430" acceleration="-697"/>
    <motionState vehicle="9" speed="2732" time="9430" acceleration="-996"/>
    <motionState vehicle="10" speed="2629" time="9430" acceleration="-932"/>
    <motionState vehicle="11" speed="2536" time="9430" acceleration="-510"/>
    <motionState vehicle="0" speed="2489" time="9440" acceleration="136"/>
    <motionState vehicle="1" speed="10543" time="9440" acceleration="3329"/>
    <motionState vehicle="2" speed="2508" time="9440" acceleration="748"/>
    <motionState vehicle="3" speed="2587" time="9440" acceleration="1054"/>
    <motionState vehicle="4" speed="2695" time="9440" acceleration="936"/>
    <motionState vehicle="5" speed="10834" time="9440" acceleration="547"/>
    <motionState vehicle="6" speed="2786" time="9440" acceleration="474"/>
    <motionState vehicle="7" speed="2828" time="9440" acceleration="-150"/>
    <motionState vehicle="8" speed="2806" time="9440" acceleration="-701"/>
    <motionState vehicle="9" speed="2731" time="9440" acceleration="-996"/>
    <motionState vehicle="10" speed="2628" time="9440" acceleration="-928"/>
    <motionState vehicle="11" speed="2536" time="9440" acceleration="-504"/>
    <motionState vehicle="0" speed="2489" time="9450" acceleration="142"/>
    <motionState vehicle="1" speed="10547" time="9450" acceleration="3300"/>
    <motionState vehicle="2" speed="2508" time="9450" acceleration="751"/>
    <motionState vehicle="3" speed="2588" time="9450" acceleration="1053"/>
    <motionState vehicle="4" speed="2696" time="9450" acceleration="932"/>
    <motionState vehicle="5" speed="10835" time="9450" acceleration="541"/>
    <motionState vehicle="6" speed="2786" time="9450" acceleration="468"/>
    <motionState vehicle="7" speed="2828" time="9450" acceleration="-156"/>
    <motionState vehicle="8" speed="2806" time="9450" acceleration="-704"/>
    <motionState vehicle="9" speed="2730" time="9450" acceleration="-996"/>
    <motionState vehicle="10" speed="2627" time="9450" acceleration="-924"/>
    <motionState vehicle="11" speed="2535" time="9450" acceleration="-498"/>
    <motionState vehicle="0" speed="2489" time="9460" acceleration="148"/>
    <motionState vehicle="1" speed="10550" time="9460" acceleration="3271"/>
    <motionState vehicle="2" speed="2509" time="9460" acceleration="754"/>
    <motionState vehicle="3" speed="2589" time="9460" acceleration="1053"/>
    <motionState vehicle="4" speed="2697" time="9460" acceleration="927"/>
    <motionState vehicle="5" speed="10835" time="9460" acceleration="535"/>
    <motionState vehicle="6" speed="2787" time="9460" acceleration="462"/>
    <motionState vehicle="7" speed="2828" time="9460" acceleration="-161"/>
    <motionState vehicle="8" speed="2805" time="9460" acceleration="-707"/>
    <motionState vehicle="9" speed="2729" time="9460" acceleration="-995"/>
    <motionState vehicle="10" speed="2626" time="9460" acceleration="-920"/>
    <motionState vehicle="11" speed="2535" time="9460" acceleration="-491"/>
    <motionState vehicle="0" speed="2489" time="9470" acceleration="154"/>
    <motionState vehicle="1" speed="10553" time="9470" acceleration="3243"/>
    <motionState vehicle="2" speed="2510" time="9470" acceleration="757"/>
    <motionState vehicle="3" speed="2590" time="9470" acceleration="1052"/>
    <motionState vehicle="4" speed="2698" time="9470" acceleration="923"/>
    <motionState vehicle="5" speed="10836" time="9470" acceleration="529"/>
    <motionState vehicle="6" speed="2787" time="9470" acceleration="456"/>
    <motionState vehicle="7" speed="2827" time="9470" acceleration="-167"/>
    <motionState vehicle="8" speed="2804" time="9470" acceleration="-710"/>
    <motionState vehicle="9" speed="2728" time="9470" acceleration="-995"/>
    <motionState vehicle="10" speed="2625" time="9470" acceleration="-917"/>
    <motionState vehicle="11" speed="2534" time="9470" acceleration="-485"/>
    <motionState vehicle="0" speed="2489" time="9480" acceleration="160"/>
    <motionState vehicle="1" speed="10556" time="9480" acceleration="3214"/>
    <motionState vehicle="2" speed="2511" time="9480" acceleration="761"/>
    <motionState vehicle="3" speed="2592" time="9480" acceleration="1051"/>
    <motionState vehicle="4" speed="2699" time="9480" acceleration="918"/>
    <motionState vehicle="5" speed="10836" time="9480" acceleration="523"/>
    <motionState vehicle="6" speed="2788" time="9480" acceleration="449"/>
    <motionState vehicle="7" speed="2827" time="9480" acceleration="-172"/>
    <motionState vehicle="8" speed="2804" time="9480" acceleration="-713"/>
    <motionState vehicle="9" speed="2727" time="9480" acceleration="-995"/>
    <motionState vehicle="10" speed="2624" time="9480" acceleration="-913"/>
    <motionState vehicle="11" speed="2534" time="9480" acceleration="-479"/>
    <motionState vehicle="0" speed="2490" time="9490" acceleration="166"/>
    <motionState vehicle="1" speed="10560" time="9490" acceleration="3186"/>
    <motionState vehicle="2" speed="2511" time="9490" acceleration="764"/>
    <motionState vehicle="3" speed="2593" time="9490" acceleration="1050"/>
    <motionState vehicle="4" speed="2699" time="9490" acceleration="914"/>
    <motionState vehicle="5" speed="10837" time="9490" acceleration="517"/>
    <motionState vehicle="6" speed="2788" time="9490" acceleration="443"/>
    <motionState vehicle="7" speed="2827" time="9490" acceleration="-178"/>
    <motionState vehicle="8" speed="2803" time="9490" acceleration="-716"/>
    <motionState vehicle="9" speed="2726" time="9490" acceleration="-994"/>
    <motionState vehicle="10" speed="2623" time="9490" acceleration="-909"/>
    <motionState vehicle="11" speed="2533" time="9490" acceleration="-473"/>
    <motionState vehicle="0" speed="2490" time="9500" acceleration="172"/>
    <motionState vehicle="1" speed="10563" time="9500" acceleration="3158"/>
    <motionState vehicle="2" speed="2512" time="9500" acceleration="767"/>
    <motionState vehicle="3" speed="2594" time="9500" acceleration="1049"/>
    <motionState vehicle="4" speed="2700" time="9500" acceleration="909"/>
    <motionState vehicle="5" speed="10837" time="9500" acceleration="512"/>
    <motionState vehicle="6" speed="2789" time="9500" acceleration="437"/>
    <motionState vehicle="7" speed="2827" time="9500" acceleration="-183"/>
    <motionState vehicle="8" speed="2802" time="9500" acceleration="-719"/>
    <motionState vehicle="9" speed="2725" time="9500" acceleration="-994"/>
    <motionState vehicle="10" speed="2622" time="9500" acceleration="-905"/>
    <motionState vehicle="11" speed="2533" time="9500" acceleration="-467"/>
    <motionState vehicle="0" speed="2490" time="9510" acceleration="178"/>
    <motionState vehicle="1" speed="10566" time="9510" acceleration="3130"/>
    <motionState vehicle="2" speed="2513" time="9510" acceleration="770"/>
    <motionState vehicle="3" speed="2595" time="9510" acceleration="1047"/>
    <motionState vehicle="4" speed="2701" time="9510" acceleration="905"/>
    <motionState vehicle="5" speed="10838" time="9510" acceleration="506"/>
    <motionState vehicle="6" speed="2789" time="9510" acceleration="431"/>
    <motionState vehicle="7" speed="2827" time="9510" acceleration="-189"/>
    <motionState vehicle="8" speed="2801" time="9510" acceleration="-722"/>
    <motionState vehicle="9" speed="2724" time="9510" acceleration="-993"/>
    <motionState vehicle="10" speed="2622" time="9510" acceleration="-900"/>
    <motionState vehicle="11" speed="2532" time="9510" acceleration="-461"/>
    <motionState vehicle="0" speed="2490" time="9520" acceleration="184"/>
    <motionState vehicle="1" speed="10569" time="9520" acceleration="3103"/>
    <motionState vehicle="2" speed="2514" time="9520" acceleration="773"/>
    <motionState vehicle="3" speed="2596" time="9520" acceleration="1046"/>
    <motionState vehicle="4" speed="2702" time="9520" acceleration="900"/>
    <motionState vehicle="5" speed="10838" time="9520" acceleration="501"/>
    <motionState vehicle="6" speed="2789" time="9520" acceleration="425"/>
    <motionState vehicle="7" speed="2826" time="9520" acceleration="-194"/>
    <motionState vehicle="8" speed="2801" time="9520" acceleration="-725"/>
    <motionState vehicle="9" speed="2723" time="9520" acceleration="-992"/>
    <motionState vehicle="10" speed="2621" time="9520" acceleration="-896"/>
    <motionState vehicle="11" speed="2532" time="9520" acceleration="-454"/>
    <motionState vehicle="0" speed="2490" time="9530" acceleration="190"/>
    <motionState vehicle="1" speed="10572" time="9530" acceleration="3075"/>
    <motionState vehicle="2" speed="2515" time="9530" acceleration="775"/>
    <motionState vehicle="3" speed="2597" time="9530" acceleration="1045"/>
    <motionState vehicle="4" speed="2703" time="9530" acceleration="896"/>
    <motionState vehicle="5" speed="10839" time="9530" acceleration="495"/>
    <motionState vehicle="6" speed="2790" time="9530" acceleration="419"/>
    <motionState vehicle="7" speed="2826" time="9530" acceleration="-199"/>
    <motionState vehicle="8" speed="2800" time="9530" acceleration="-728"/>
    <motionState vehicle="9" speed="2722" time="9530" acceleration="-992"/>
    <motionState vehicle="10" speed="2620" time="9530" acceleration="-892"/>
    <motionState vehicle="11" speed="2531" time="9530" acceleration="-448"/>
    <motionState vehicle="0" speed="2491" time="9540" acceleration="195"/>
    <motionState vehicle="1" speed="10575" time="9540" acceleration="3048"/>
    <motionState vehicle="2" speed="2515" time="9540" acceleration="778"/>
    <motionState vehicle="3" speed="2598" time="9540" acceleration="1044"/>
    <motionState vehicle="4" speed="2704" time="9540" acceleration="891"/>
    <motionState vehicle="5" speed="10839" time="9540" acceleration="490"/>
    <motionState vehicle="6" speed="2790" time="9540" acceleration="413"/>
    <motionState vehicle="7" speed="2826" time="9540" acceleration="-205"/>
    <motionState vehicle="8" speed="2799" time="9540" acceleration="-731"/>
    <motionState vehicle="9" speed="2721" time="9540" acceleration="-991"/>
    <motionState vehicle="10" speed="2619" time="9540" acceleration="-888"/>
    <motionState vehicle="11" speed="2531" time="9540" acceleration="-442"/>
    <motionState vehicle="0" speed="2491" time="9550" acceleration="201"/>
    <motionState vehicle="1" speed="10578" time="9550" acceleration="3021"/>
    <motionState vehicle="2" speed="2516" time="9550" acceleration="781"/>
    <motionState vehicle="3" speed="2599" time="9550" acceleration="1043"/>
    <motionState vehicle="4" speed="2705" time="9550" acceleration="886"/>
    <motionState vehicle="5" speed="10840" time="9550" acceleration="485"/>
    <motionState vehicle="6" speed="2791" time="9550" acceleration="406"/>
    <motionState vehicle="7" speed="2826" time="9550" acceleration="-210"/>
    <motionState vehicle="8" speed="2798" time="9550" acceleration="-734"/>
    <motionState vehicle="9" speed="2720" time="9550" acceleration="-990"/>
    <motionState vehicle="10" speed="2618" time="9550" acceleration="-884"/>
    <motionState vehicle="11" speed="2530" time="9550" acceleration="-436"/>
    <motionState vehicle="0" speed="2491" time="9560" acceleration="207"/>
    <motionState vehicle="1" speed="10581" time="9560" acceleration="2994"/>
    <motionState vehicle="2" speed="2517" time="9560" acceleration="784"/>
    <motionState vehicle="3" speed="2600" time="9560" acceleration="1042"/>
    <motionState vehicle="4" speed="2706" time="9560" acceleration="882"/>
    <motionState vehicle="5" speed="10840" time="9560" acceleration="479"/>
    <motionState vehicle="6" speed="2791" time="9560" acceleration="400"/>
    <motionState vehicle="7" speed="2826" time="9560" acceleration="-216"/>
    <motionState vehicle="8" speed="2798" time="9560" acceleration="-737"/>
    <motionState vehicle="9" speed="2719" time="9560" acceleration="-990"/>
    <motionState vehicle="10" speed="2617" time="9560" acceleration="-880"/>
    <motionState vehicle="11" speed="2530" time="9560" acceleration="-430"/>
    <motionState vehicle="0" speed="2491" time="9570" acceleration="213"/>
    <motionState vehicle="1" speed="10584" time="9570" acceleration="2968"/>
    <motionState vehicle="2" speed="2518" time="9570" acceleration="787"/>
    <motionState vehicle="3" speed="2601" time="9570" acceleration="1040"/>
    <motionState vehicle="4" speed="2707" time="9570" acceleration="877"/>
    <motionState vehicle="5" speed="10841" time="9570" acceleration="474"/>
    <motionState vehicle="6" speed="2791" time="9570" acceleration="394"/>
    <motionState vehicle="7" speed="2825" time="9570" acceleration="-221"/>
    <motionState vehicle="8" speed="2797" time="9570" acceleration="-739"/>
    <motionState vehicle="9" speed="2718" time="9570" acceleration="-989"/>
    <motionState vehicle="10" speed="2616" time="9570" acceleration="-876"/>
    <motionState vehicle="11" speed="2530" time="9570" acceleration="-424"/>
    <motionState vehicle="0" speed="2491" time="9580" acceleration="218"/>
    <motionState vehicle="1" speed="10587" time="9580" acceleration="2941"/>
    <motionState vehicle="2" speed="2518" time="9580" acceleration="789"/>
    <motionState vehicle="3" speed="2602" time="9580" acceleration="1039"/>
    <motionState vehicle="4" speed="2708" time="9580" acceleration="872"/>
    <motionState vehicle="5" speed="10841" time="9580" acceleration="469"/>
    <motionState vehicle="6" speed="2792" time="9580" acceleration="388"/>
    <motionState vehicle="7" speed="2825" time="9580" acceleration="-226"/>
    <motionState vehicle="8" speed="2796" time="9580" acceleration="-742"/>
    <motionState vehicle="9" speed="2717" time="9580" acceleration="-988"/>
    <motionState vehicle="10" speed="2615" time="9580" acceleration="-872"/>
    <motionState vehicle="11" speed="2529" time="9580" acceleration="-417"/>
    <motionState vehicle="0" speed="2492" time="9590" acceleration="224"/>
    <motionState vehicle="1" speed="10590" time="9590" acceleration="2915"/>
    <motionState vehicle="2" speed="2519" time="9590" acceleration="792"/>
    <motionState vehicle="3" speed="2603" time="9590" acceleration="1038"/>
    <motionState vehicle="4" speed="2708" time="9590" acceleration="868"/>
    <motionState vehicle="5" speed="10842" time="9590" acceleration="465"/>
    <motionState vehicle="6" speed="2792" time="9590" acceleration="382"/>
    <motionState vehicle="7" speed="2825" time="9590" acceleration="-231"/>
    <motionState vehicle="8" speed="2796" time="9590" acceleration="-745"/>
    <motionState vehicle="9" speed="2716" time="9590" acceleration="-987"/>
    <motionState vehicle="10" speed="2615" time="9590" acceleration="-867"/>
    <motionState vehicle="11" speed="2529" time="9590" acceleration="-411"/>
    <motionState vehicle="0" speed="2492" time="9600" acceleration="230"/>
    <motionState vehicle="1" speed="10593" time="9600" acceleration="2889"/>
    <motionState vehicle="2" speed="2520" time="9600" acceleration="795"/>
    <motionState vehicle="3" speed="2604" time="9600" acceleration="1036"/>
    <motionState vehicle="4" speed="2709" time="9600" acceleration="863"/>
    <motionState vehicle="5" speed="10842" time="9600" acceleration="460"/>
    <motionState vehicle="6" speed="2793" time="9600" acceleration="376"/>
    <motionState vehicle="7" speed="2825" time="9600" acceleration="-237"/>
    <motionState vehicle="8" speed="2795" time="9600" acceleration="-748"/>
    <motionState vehicle="9" speed="2715" time="9600" acceleration="-986"/>
    <motionState vehicle="10" speed="2614" time="9600" acceleration="-863"/>
    <motionState vehicle="11" speed="2528" time="9600" acceleration="-405"/>
    <motionState vehicle="0" speed="2492" time="9610" acceleration="235"/>
    <motionState vehicle="1" speed="10596" time="9610" acceleration="2864"/>
    <motionState vehicle="2" speed="2521" time="9610" acceleration="797"/>
    <motionState vehicle="3" speed="2605" time="9610" acceleration="1035"/>
    <motionState vehicle="4" speed="2710" time="9610" acceleration="858"/>
    <motionState vehicle="5" speed="10843" time="9610" acceleration="455"/>
    <motionState vehicle="6" speed="2793" time="9610" acceleration="370"/>
    <motionState vehicle="7" speed="2824" time="9610" acceleration="-242"/>
    <motionState vehicle="8" speed="2794" time="9610" acceleration="-750"/>
    <motionState vehicle="9" speed="2714" time="9610" acceleration="-986"/>
    <motionState vehicle="10" speed="2613" time="9610" acceleration="-859"/>
    <motionState vehicle="11" speed="2528" time="9610" acceleration="-399"/>
    <motionState vehicle="0" speed="2492" time="9620" acceleration="241"/>
    <motionState vehicle="1" speed="10598" time="9620" acceleration="2838"/>
    <motionState vehicle="2" speed="2522" time="9620" acceleration="800"/>
    <motionState vehicle="3" speed="2606" time="9620" acceleration="1033"/>
    <motionState vehicle="4" speed="2711" time="9620" acceleration="854"/>
    <motionState vehicle="5" speed="10843" time="9620" acceleration="450"/>
    <motionState vehicle="6" speed="2793" time="9620" acceleration="364"/>
    <motionState vehicle="7" speed="2824" time="9620" acceleration="-247"/>
    <motionState vehicle="8" speed="2793" time="9620" acceleration="-753"/>
    <motionState vehicle="9" speed="2713" time="9620" acceleration="-985"/>
    <motionState vehicle="10" speed="2612" time="9620" acceleration="-855"/>
    <motionState vehicle="11" speed="2527" time="9620" acceleration="-393"/>
    <motionState vehicle="0" speed="2493" time="9630" acceleration="246"/>
    <motionState vehicle="1" speed="10601" time="9630" acceleration="2813"/>
    <motionState vehicle="2" speed="2522" time="9630" acceleration="803"/>
    <motionState vehicle="3" speed="2607" time="9630" acceleration="1032"/>
    <motionState vehicle="4" speed="2712" time="9630" acceleration="849"/>
    <motionState vehicle="5" speed="10844" time="9630" acceleration="446"/>
    <motionState vehicle="6" speed="2794" time="9630" acceleration="358"/>
    <motionState vehicle="7" speed="2824" time="9630" acceleration="-252"/>
    <motionState vehicle="8" speed="2793" time="9630" acceleration="-755"/>
    <motionState vehicle="9" speed="2712" time="9630" acceleration="-984"/>
    <motionState vehicle="10" speed="2611" time="9630" acceleration="-850"/>
    <motionState vehicle="11" speed="2527" time="9630" acceleration="-387"/>
    <motionState vehicle="0" speed="2493" time="9640" acceleration="252"/>
    <motionState vehicle="1" speed="10604" time="9640" acceleration="2788"/>
    <motionState vehicle="2" speed="2523" time="9640" acceleration="805"/>
    <motionState vehicle="3" speed="2608" time="9640" acceleration="1030"/>
    <motionState vehicle="4" speed="2713" time="9640" acceleration="844"/>
    <motionState vehicle="5" speed="10844" time="9640" acceleration="441"/>
    <motionState vehicle="6" speed="2794" time="9640" acceleration="352"/>
    <motionState vehicle="7" speed="2824" time="9640" acceleration="-257"/>
    <motionState vehicle="8" speed="2792" time="9640" acceleration="-758"/>
    <motionState vehicle="9" speed="2711" time="9640" acceleration="-983"/>
    <motionState vehicle="10" speed="2610" time="9640" acceleration="-846"/>
    <motionState vehicle="11" speed="2527" time="9640" acceleration="-380"/>
    <motionState vehicle="0" speed="2493" time="9650" acceleration="257"/>
    <motionState vehicle="1" speed="10607" time="9650" acceleration="2763"/>
    <motionState vehicle="2" speed="2524" time="9650" acceleration="807"/>
    <motionState vehicle="3" speed="2609" time="9650" acceleration="1029"/>
    <motionState vehicle="4" speed="2713" time="9650" acceleration="839"/>
    <motionState vehicle="5" speed="10844" time="9650" acceleration="437"/>
    <motionState vehicle="6" speed="2794" time="9650" acceleration="346"/>
    <motionState vehicle="7" speed="2823" time="9650" acceleration="-262"/>
    <motionState vehicle="8" speed="2791" time="9650" acceleration="-760"/>
    <motionState vehicle="9" speed="2710" time="9650" acceleration="-982"/>
    <motionState vehicle="10" speed="2609" time="9650" acceleration="-842"/>
    <motionState vehicle="11" speed="2526" time="9650" acceleration="-374"/>
    <motionState vehicle="0" speed="2493" time="9660" acceleration="263"/>
    <motionState vehicle="1" speed="10610" time="9660" acceleration="2738"/>
    <motionState vehicle="2" speed="2525" time="9660" acceleration="810"/>
    <motionState vehicle="3" speed="2610" time="9660" acceleration="1027"/>
    <motionState vehicle="4" speed="2714" time="9660" acceleration="835"/>
    <motionState vehicle="5" speed="10845" time="9660" acceleration="432"/>
    <motionState vehicle="6" speed="2795" time="9660" acceleration="340"/>
    <motionState vehicle="7" speed="2823" time="9660" acceleration="-267"/>
    <motionState vehicle="8" speed="2790" time="9660" acceleration="-763"/>
    <motionState vehicle="9" speed="2709" time="9660" acceleration="-981"/>
    <motionState vehicle="10" speed="2609" time="9660" acceleration="-837"/>
    <motionState vehicle="11" speed="2526" time="9660" acceleration="-368"/>
    <motionState vehicle="0" speed="2494" time="9670" acceleration="268"/>
    <motionState vehicle="1" speed="10612" time="9670" acceleration="2714"/>
    <motionState vehicle="2" speed="2526" time="9670" acceleration="812"/>
    <motionState vehicle="3" speed="2611" time="9670" acceleration="1025"/>
    <motionState vehicle="4" speed="2715" time="9670" acceleration="830"/>
    <motionState vehicle="5" speed="10845" time="9670" acceleration="428"/>
    <motionState vehicle="6" speed="2795" time="9670" acceleration="334"/>
    <motionState vehicle="7" speed="2823" time="9670" acceleration="-273"/>
    <motionState vehicle="8" speed="2789" time="9670" acceleration="-765"/>
    <motionState vehicle="9" speed="2708" time="9670" acceleration="-979"/>
    <motionState vehicle="10" speed="2608" time="9670" acceleration="-833"/>
    <motionState vehicle="11" speed="2526" time="9670" acceleration="-362"/>
    <motionState vehicle="0" speed="2494" time="9680" acceleration="274"/>
    <motionState vehicle="1" speed="10615" time="9680" acceleration="2690"/>
    <motionState vehicle="2" speed="2526" time="9680" acceleration="815"/>
    <motionState vehicle="3" speed="2612" time="9680" acceleration="1024"/>
    <motionState vehicle="4" speed="2716" time="9680" acceleration="825"/>
    <motionState vehicle="5" speed="10846" time="9680" acceleration="424"/>
    <motionState vehicle="6" speed="2795" time="9680" acceleration="328"/>
    <motionState vehicle="7" speed="2823" time="9680" acceleration="-278"/>
    <motionState vehicle="8" speed="2789" time="9680" acceleration="-768"/>
    <motionState vehicle="9" speed="2707" time="9680" acceleration="-978"/>
    <motionState vehicle="10" speed="2607" time="9680" acceleration="-829"/>
    <motionState vehicle="11" speed="2525" time="9680" acceleration="-356"/>
    <motionState vehicle="0" speed="2494" time="9690" acceleration="279"/>
    <motionState vehicle="1" speed="10618" time="9690" acceleration="2666"/>
    <motionState vehicle="2" speed="2527" time="9690" acceleration="817"/>
    <motionState vehicle="3" speed="2613" time="9690" acceleration="1022"/>
    <motionState vehicle="4" speed="2717" time="9690" acceleration="820"/>
    <motionState vehicle="5" speed="10846" time="9690" acceleration="419"/>
    <motionState vehicle="6" speed="2796" time="9690" acceleration="321"/>
    <motionState vehicle="7" speed="2822" time="9690" acceleration="-283"/>
    <motionState vehicle="8" speed="2788" time="9690" acceleration="-770"/>
    <motionState vehicle="9" speed="2706" time="9690" acceleration="-977"/>
    <motionState vehicle="10" speed="2606" time="9690" acceleration="-824"/>
    <motionState vehicle="11" speed="2525" time="9690" acceleration="-350"/>
    <motionState vehicle="0" speed="2494" time="9700" acceleration="285"/>
    <motionState vehicle="1" speed="10620" time="9700" acceleration="2642"/>
    <motionState vehicle="2" speed="2528" time="9700" acceleration="819"/>
    <motionState vehicle="3" speed="2614" time="9700" acceleration="1020"/>
    <motionState vehicle="4" speed="2718" time="9700" acceleration="815"/>
    <motionState vehicle="5" speed="10847" time="9700" acceleration="415"/>
    <motionState vehicle="6" speed="2796" time="9700" acceleration="315"/>
    <motionState vehicle="7" speed="2822" time="9700" acceleration="-288"/>
    <motionState vehicle="8" speed="2787" time="9700" acceleration="-772"/>
    <motionState vehicle="9" speed="2705" time="9700" acceleration="-976"/>
    <motionState vehicle="10" speed="2605" time="9700" acceleration="-820"/>
    <motionState vehicle="11" speed="2525" time="9700" acceleration="-344"/>
    <motionState vehicle="0" speed="2495" time="9710" acceleration="290"/>
    <motionState vehicle="1" speed="10623" time="9710" acceleration="2618"/>
    <motionState vehicle="2" speed="2529" time="9710" acceleration="821"/>
    <motionState vehicle="3" speed="2615" time="9710" acceleration="1019"/>
    <motionState vehicle="4" speed="2718" time="9710" acceleration="811"/>
    <motionState vehicle="5" speed="10847" time="9710" acceleration="411"/>
    <motionState vehicle="6" speed="2796" time="9710" acceleration="310"/>
    <motionState vehicle="7" speed="2822" time="9710" acceleration="-292"/>
    <motionState vehicle="8" speed="2786" time="9710" acceleration="-775"/>
    <motionState vehicle="9" speed="2704" time="9710" acceleration="-975"/>
    <motionState vehicle="10" speed="2604" time="9710" acceleration="-815"/>
    <motionState vehicle="11" speed="2524" time="9710" acceleration="-338"/>
    <motionState vehicle="0" speed="2495" time="9720" acceleration="295"/>
    <motionState vehicle="1" speed="10626" time="9720" acceleration="2595"/>
    <motionState vehicle="2" speed="2530" time="9720" acceleration="824"/>
    <motionState vehicle="3" speed="2616" time="9720" acceleration="1017"/>
    <motionState vehicle="4" speed="2719" time="9720" acceleration="806"/>
    <motionState vehicle="5" speed="10847" time="9720" acceleration="407"/>
    <motionState vehicle="6" speed="2797" time="9720" acceleration="304"/>
    <motionState vehicle="7" speed="2821" time="9720" acceleration="-297"/>
    <motionState vehicle="8" speed="2786" time="9720" acceleration="-777"/>
    <motionState vehicle="9" speed="2703" time="9720" acceleration="-973"/>
    <motionState vehicle="10" speed="2604" time="9720" acceleration="-811"/>
    <motionState vehicle="11" speed="2524" time="9720" acceleration="-331"/>
    <motionState vehicle="0" speed="2495" time="9730" acceleration="301"/>
    <motionState vehicle="1" speed="10628" time="9730" acceleration="2571"/>
    <motionState vehicle="2" speed="2531" time="9730" acceleration="826"/>
    <motionState vehicle="3" speed="2617" time="9730" acceleration="1015"/>
    <motionState vehicle="4" speed="2720" time="9730" acceleration="801"/>
    <motionState vehicle="5" speed="10848" time="9730" acceleration="403"/>
    <motionState vehicle="6" speed="2797" time="9730" acceleration="298"/>
    <motionState vehicle="7" speed="2821" time="9730" acceleration="-302"/>
    <motionState vehicle="8" speed="2785" time="9730" acceleration="-779"/>
    <motionState vehicle="9" speed="2702" time="9730" acceleration="-972"/>
    <motionState vehicle="10" speed="2603" time="9730" acceleration="-806"/>
    <motionState vehicle="11" speed="2524" time="9730" acceleration="-325"/>
    <motionState vehicle="0" speed="2496" time="9740" acceleration="306"/>
    <motionState vehicle="1" speed="10631" time="9740" acceleration="2548"/>
    <motionState vehicle="2" speed="2531" time="9740" acceleration="828"/>
    <motionState vehicle="3" speed="2618" time="9740" acceleration="1013"/>
    <motionState vehicle="4" speed="2721" time="9740" acceleration="796"/>
    <motionState vehicle="5" speed="10848" time="9740" acceleration="399"/>
    <motionState vehicle="6" speed="2797" time="9740" acceleration="292"/>
    <motionState vehicle="7" speed="2821" time="9740" acceleration="-307"/>
    <motionState vehicle="8" speed="2784" time="9740" acceleration="-781"/>
    <motionState vehicle="9" speed="2701" time="9740" acceleration="-971"/>
    <motionState vehicle="10" speed="2602" time="9740" acceleration="-802"/>
    <motionState vehicle="11" speed="2523" time="9740" acceleration="-319"/>
    <motionState vehicle="0" speed="2496" time="9750" acceleration="311"/>
    <motionState vehicle="1" speed="10633" time="9750" acceleration="2525"/>
    <motionState vehicle="2" speed="2532" time="9750" acceleration="830"/>
    <motionState vehicle="3" speed="2619" time="9750" acceleration="1011"/>
    <motionState vehicle="4" speed="2722" time="9750" acceleration="791"/>
    <motionState vehicle="5" speed="10849" time="9750" acceleration="395"/>
    <motionState vehicle="6" speed="2798" time="9750" acceleration="286"/>
    <motionState vehicle="7" speed="2821" time="9750" acceleration="-312"/>
    <motionState vehicle="8" speed="2783" time="9750" acceleration="-783"/>
    <motionState vehicle="9" speed="2700" time="9750" acceleration="-969"/>
    <motionState vehicle="10" speed="2601" time="9750" acceleration="-797"/>
    <motionState vehicle="11" speed="2523" time="9750" acceleration="-313"/>
    <motionState vehicle="0" speed="2496" time="9760" acceleration="316"/>
    <motionState vehicle="1" speed="10636" time="9760" acceleration="2502"/>
    <motionState vehicle="2" speed="2533" time="9760" acceleration="832"/>
    <motionState vehicle="3" speed="2620" time="9760" acceleration="1009"/>
    <motionState vehicle="4" speed="2722" time="9760" acceleration="786"/>
    <motionState vehicle="5" speed="10849" time="9760" acceleration="391"/>
    <motionState vehicle="6" speed="2798" time="9760" acceleration="280"/>
    <motionState vehicle="7" speed="2820" time="9760" acceleration="-317"/>
    <motionState vehicle="8" speed="2782" time="9760" acceleration="-786"/>
    <motionState vehicle="9" speed="2699" time="9760" acceleration="-968"/>
    <motionState vehicle="10" speed="2600" time="9760" acceleration="-793"/>
    <motionState vehicle="11" speed="2523" time="9760" acceleration="-307"/>
    <motionState vehicle="0" speed="2497" time="9770" acceleration="321"/>
    <motionState vehicle="1" speed="10638" time="9770" acceleration="2480"/>
    <motionState vehicle="2" speed="2534" time="9770" acceleration="834"/>
    <motionState vehicle="3" speed="2621" time="9770" acceleration="1008"/>
    <motionState vehicle="4" speed="2723" time="9770" acceleration="781"/>
    <motionState vehicle="5" speed="10849" time="9770" acceleration="388"/>
    <motionState vehicle="6" speed="2798" time="9770" acceleration="274"/>
    <motionState vehicle="7" speed="2820" time="9770" acceleration="-322"/>
    <motionState vehicle="8" speed="2782" time="9770" acceleration="-788"/>
    <motionState vehicle="9" speed="2698" time="9770" acceleration="-967"/>
    <motionState vehicle="10" speed="2600" time="9770" acceleration="-788"/>
    <motionState vehicle="11" speed="2522" time="9770" acceleration="-301"/>
    <motionState vehicle="0" speed="2497" time="9780" acceleration="326"/>
    <motionState vehicle="1" speed="10641" time="9780" acceleration="2457"/>
    <motionState vehicle="2" speed="2535" time="9780" acceleration="836"/>
    <motionState vehicle="3" speed="2622" time="9780" acceleration="1006"/>
    <motionState vehicle="4" speed="2724" time="9780" acceleration="777"/>
    <motionState vehicle="5" speed="10850" time="9780" acceleration="384"/>
    <motionState vehicle="6" speed="2798" time="9780" acceleration="268"/>
    <motionState vehicle="7" speed="2820" time="9780" acceleration="-326"/>
    <motionState vehicle="8" speed="2781" time="9780" acceleration="-790"/>
    <motionState vehicle="9" speed="2697" time="9780" acceleration="-965"/>
    <motionState vehicle="10" speed="2599" time="9780" acceleration="-784"/>
    <motionState vehicle="11" speed="2522" time="9780" acceleration="-295"/>
    <motionState vehicle="0" speed="2497" time="9790" acceleration="332"/>
    <motionState vehicle="1" speed="10643" time="9790" acceleration="2435"/>
    <motionState vehicle="2" speed="2536" time="9790" acceleration="838"/>
    <motionState vehicle="3" speed="2623" time="9790" acceleration="1004"/>
    <motionState vehicle="4" speed="2725" time="9790" acceleration="772"/>
    <motionState vehicle="5" speed="10850" time="9790" acceleration="380"/>
    <motionState vehicle="6" speed="2799" time="9790" acceleration="262"/>
    <motionState vehicle="7" speed="2819" time="9790" acceleration="-331"/>
    <motionState vehicle="8" speed="2780" time="9790" acceleration="-792"/>
    <motionState vehicle="9" speed="2696" time="9790" acceleration="-964"/>
    <motionState vehicle="10" speed="2598" time="9790" acceleration="-779"/>
    <motionState vehicle="11" speed="2522" time="9790" acceleration="-289"/>
    <motionState vehicle="0" speed="2498" time="9800" acceleration="337"/>
    <motionState vehicle="1" speed="10645" time="9800" acceleration="2413"/>
    <motionState vehicle="2" speed="2536" time="9800" acceleration="840"/>
    <motionState vehicle="3" speed="2624" time="9800" acceleration="1002"/>
    <motionState vehicle="4" speed="2726" time="9800" acceleration="767"/>
    <motionState vehicle="5" speed="10850" time="9800" acceleration="377"/>
    <motionState vehicle="6" speed="2799" time="9800" acceleration="256"/>
    <motionState vehicle="7" speed="2819" time="9800" acceleration="-336"/>
    <motionState vehicle="8" speed="2779" time="9800" acceleration="-794"/>
    <motionState vehicle="9" speed="2695" time="9800" acceleration="-962"/>
    <motionState vehicle="10" speed="2597" time="9800" acceleration="-774"/>
    <motionState vehicle="11" speed="2521" time="9800" acceleration="-283"/>
    <motionState vehicle="0" speed="2498" time="9810" acceleration="342"/>
    <motionState vehicle="1" speed="10648" time="9810" acceleration="2391"/>
    <motionState vehicle="2" speed="2537" time="9810" acceleration="841"/>
    <motionState vehicle="3" speed="2625" time="9810" acceleration="1000"/>
    <motionState vehicle="4" speed="2726" time="9810" acceleration="762"/>
    <motionState vehicle="5" speed="10851" time="9810" acceleration="373"/>
    <motionState vehicle="6" speed="2799" time="9810" acceleration="250"/>
    <motionState vehicle="7" speed="2819" time="9810" acceleration="-341"/>
    <motionState vehicle="8" speed="2778" time="9810" acceleration="-796"/>
    <motionState vehicle="9" speed="2694" time="9810" acceleration="-961"/>
    <motionState vehicle="10" speed="2597" time="9810" acceleration="-770"/>
    <motionState vehicle="11" speed="2521" time="9810" acceleration="-277"/>
    <motionState vehicle="0" speed="2498" time="9820" acceleration="347"/>
    <motionState vehicle="1" speed="10650" time="9820" acceleration="2370"/>
    <motionState vehicle="2" speed="2538" time="9820" acceleration="843"/>
    <motionState vehicle="3" speed="2626" time="9820" acceleration="997"/>
    <motionState vehicle="4" speed="2727" time="9820" acceleration="757"/>
    <motionState vehicle="5" speed="10851" time="9820" acceleration="370"/>
    <motionState vehicle="6" speed="2799" time="9820" acceleration="244"/>
    <motionState vehicle="7" speed="2818" time="9820" acceleration="-345"/>
    <motionState vehicle="8" speed="2778" time="9820" acceleration="-798"/>
    <motionState vehicle="9" speed="2693" time="9820" acceleration="-959"/>
    <motionState vehicle="10" speed="2596" time="9820" acceleration="-765"/>
    <motionState vehicle="11" speed="2521" time="9820" acceleration="-271"/>
    <motionState vehicle="0" speed="2499" time="9830" acceleration="352"/>
    <motionState vehicle="1" speed="10653" time="9830" acceleration="2348"/>
    <motionState vehicle="2" speed="2539" time="9830" acceleration="845"/>
    <motionState vehicle="3" speed="2627" time="9830" acceleration="995"/>
    <motionState vehicle="4" speed="2728" time="9830" acceleration="752"/>
    <motionState vehicle="5" speed="10852" time="9830" acceleration="366"/>
    <motionState vehicle="6" speed="2800" time="9830" acceleration="238"/>
    <motionState vehicle="7" speed="2818" time="9830" acceleration="-350"/>
    <motionState vehicle="8" speed="2777" time="9830" acceleration="-799"/>
    <motionState vehicle="9" speed="2692" time="9830" acceleration="-957"/>
    <motionState vehicle="10" speed="2595" time="9830" acceleration="-760"/>
    <motionState vehicle="11" speed="2521" time="9830" acceleration="-265"/>
    <motionState vehicle="0" speed="2499" time="9840" acceleration="357"/>
    <motionState vehicle="1" speed="10655" time="9840" acceleration="2327"/>
    <motionState vehicle="2" speed="2540" time="9840" acceleration="847"/>
    <motionState vehicle="3" speed="2628" time="9840" acceleration="993"/>
    <motionState vehicle="4" speed="2729" time="9840" acceleration="747"/>
    <motionState vehicle="5" speed="10852" time="9840" acceleration="363"/>
    <motionState vehicle="6" speed="2800" time="9840" acceleration="232"/>
    <motionState vehicle="7" speed="2817" time="9840" acceleration="-355"/>
    <motionState vehicle="8" speed="2776" time="9840" acceleration="-801"/>
    <motionState vehicle="9" speed="2691" time="9840" acceleration="-956"/>
    <motionState vehicle="10" speed="2594" time="9840" acceleration="-756"/>
    <motionState vehicle="11" speed="2520" time="9840" acceleration="-259"/>
    <motionState vehicle="0" speed="2499" time="9850" acceleration="362"/>
    <motionState vehicle="1" speed="10657" time="9850" acceleration="2306"/>
    <motionState vehicle="2" speed="2541" time="9850" acceleration="848"/>
    <motionState vehicle="3" speed="2629" time="9850" acceleration="991"/>
    <motionState vehicle="4" speed="2729" time="9850" acceleration="742"/>
    <motionState vehicle="5" speed="10852" time="9850" acceleration="360"/>
    <motionState vehicle="6" speed="2800" time="9850" acceleration="227"/>
    <motionState vehicle="7" speed="2817" time="9850" acceleration="-359"/>
    <motionState vehicle="8" speed="2775" time="9850" acceleration="-803"/>
    <motionState vehicle="9" speed="2691" time="9850" acceleration="-954"/>
    <motionState vehicle="10" speed="2593" time="9850" acceleration="-751"/>
    <motionState vehicle="11" speed="2520" time="9850" acceleration="-253"/>
    <motionState vehicle="0" speed="2500" time="9860" acceleration="366"/>
    <motionState vehicle="1" speed="10659" time="9860" acceleration="2285"/>
    <motionState vehicle="2" speed="2541" time="9860" acceleration="850"/>
    <motionState vehicle="3" speed="2630" time="9860" acceleration="989"/>
    <motionState vehicle="4" speed="2730" time="9860" acceleration="737"/>
    <motionState vehicle="5" speed="10853" time="9860" acceleration="356"/>
    <motionState vehicle="6" speed="2800" time="9860" acceleration="221"/>
    <motionState vehicle="7" speed="2817" time="9860" acceleration="-364"/>
    <motionState vehicle="8" speed="2774" time="9860" acceleration="-805"/>
    <motionState vehicle="9" speed="2690" time="9860" acceleration="-952"/>
    <motionState vehicle="10" speed="2593" time="9860" acceleration="-746"/>
    <motionState vehicle="11" speed="2520" time="9860" acceleration="-247"/>
    <motionState vehicle="0" speed="2500" time="9870" acceleration="371"/>
    <motionState vehicle="1" speed="10662" time="9870" acceleration="2264"/>
    <motionState vehicle="2" speed="2542" time="9870" acceleration="852"/>
    <motionState vehicle="3" speed="2631" time="9870" acceleration="987"/>
    <motionState vehicle="4" speed="2731" time="9870" acceleration="732"/>
    <motionState vehicle="5" speed="10853" time="9870" acceleration="353"/>
    <motionState vehicle="6" speed="2800" time="9870" acceleration="215"/>
    <motionState vehicle="7" speed="2816" time="9870" acceleration="-368"/>
    <motionState vehicle="8" speed="2774" time="9870" acceleration="-807"/>
    <motionState vehicle="9" speed="2689" time="9870" acceleration="-951"/>
    <motionState vehicle="10" speed="2592" time="9870" acceleration="-742"/>
    <motionState vehicle="11" speed="2520" time="9870" acceleration="-241"/>
    <motionState vehicle="0" speed="2500" time="9880" acceleration="376"/>
    <motionState vehicle="1" speed="10664" time="9880" acceleration="2244"/>
    <motionState vehicle="2" speed="2543" time="9880" acceleration="853"/>
    <motionState vehicle="3" speed="2632" time="9880" acceleration="984"/>
    <motionState vehicle="4" speed="2731" time="9880" acceleration="727"/>
    <motionState vehicle="5" speed="10853" time="9880" acceleration="350"/>
    <motionState vehicle="6" speed="2801" time="9880" acceleration="209"/>
    <motionState vehicle="7" speed="2816" time="9880" acceleration="-373"/>
    <motionState vehicle="8" speed="2773" time="9880" acceleration="-808"/>
    <motionState vehicle="9" speed="2688" time="9880" acceleration="-949"/>
    <motionState vehicle="10" speed="2591" time="9880" acceleration="-737"/>
    <motionState vehicle="11" speed="2519" time="9880" acceleration="-235"/>
    <motionState vehicle="0" speed="2501" time="9890" acceleration="381"/>
    <motionState vehicle="1" speed="10666" time="9890" acceleration="2223"/>
    <motionState vehicle="2" speed="2544" time="9890" acceleration="855"/>
    <motionState vehicle="3" speed="2633" time="9890" acceleration="982"/>
    <motionState vehicle="4" speed="2732" time="9890" acceleration="722"/>
    <motionState vehicle="5" speed="10854" time="9890" acceleration="347"/>
    <motionState vehicle="6" speed="2801" time="9890" acceleration="203"/>
    <motionState vehicle="7" speed="2816" time="9890" acceleration="-377"/>
    <motionState vehicle="8" speed="2772" time="9890" acceleration="-810"/>
    <motionState vehicle="9" speed="2687" time="9890" acceleration="-947"/>
    <motionState vehicle="10" speed="2591" time="9890" acceleration="-732"/>
    <motionState vehicle="11" speed="2519" time="9890" acceleration="-229"/>
    <motionState vehicle="0" speed="2501" time="9900" acceleration="386"/>
    <motionState vehicle="1" speed="10668" time="9900" acceleration="2203"/>
    <motionState vehicle="2" speed="2545" time="9900" acceleration="856"/>
    <motionState vehicle="3" speed="2634" time="9900" acceleration="980"/>
    <motionState vehicle="4" speed="2733" time="9900" acceleration="717"/>
    <motionState vehicle="5" speed="10854" time="9900" acceleration="343"/>
    <motionState vehicle="6" speed="2801" time="9900" acceleration="198"/>
    <motionState vehicle="7" speed="2815" time="9900" acceleration="-382"/>
    <motionState vehicle="8" speed="2771" time="9900" acceleration="-812"/>
    <motionState vehicle="9" speed="2686" time="9900" acceleration="-945"/>
    <motionState vehicle="10" speed="2590" time="9900" acceleration="-727"/>
    <motionState vehicle="11" speed="2519" time="9900" acceleration="-223"/>
    <motionState vehicle="0" speed="2502" time="9910" acceleration="391"/>
    <motionState vehicle="1" speed="10671" time="9910" acceleration="2183"/>
    <motionState vehicle="2" speed="2546" time="9910" acceleration="858"/>
    <motionState vehicle="3" speed="2635" time="9910" acceleration="977"/>
    <motionState vehicle="4" speed="2734" time="9910" acceleration="712"/>
    <motionState vehicle="5" speed="10854" time="9910" acceleration="340"/>
    <motionState vehicle="6" speed="2801" time="9910" acceleration="192"/>
    <motionState vehicle="7" speed="2815" time="9910" acceleration="-386"/>
    <motionState vehicle="8" speed="2770" time="9910" acceleration="-813"/>
    <motionState vehicle="9" speed="2685" time="9910" acceleration="-943"/>
    <motionState vehicle="10" speed="2589" time="9910" acceleration="-723"/>
    <motionState vehicle="11" speed="2519" time="9910" acceleration="-217"/>
    <motionState vehicle="0" speed="2502" time="9920" acceleration="395"/>
    <motionState vehicle="1" speed="10673" time="9920" acceleration="2163"/>
    <motionState vehicle="2" speed="2547" time="9920" acceleration="859"/>
    <motionState vehicle="3" speed="2636" time="9920" acceleration="975"/>
    <motionState vehicle="4" speed="2734" time="9920" acceleration="707"/>
    <motionState vehicle="5" speed="10855" time="9920" acceleration="337"/>
    <motionState vehicle="6" speed="2801" time="9920" acceleration="186"/>
    <motionState vehicle="7" speed="2814" time="9920" acceleration="-391"/>
    <motionState vehicle="8" speed="2770" time="9920" acceleration="-815"/>
    <motionState vehicle="9" speed="2684" time="9920" acceleration="-942"/>
    <motionState vehicle="10" speed="2588" time="9920" acceleration="-718"/>
    <motionState vehicle="11" speed="2518" time="9920" acceleration="-211"/>
    <motionState vehicle="0" speed="2502" time="9930" acceleration="400"/>
    <motionState vehicle="1" speed="10675" time="9930" acceleration="2143"/>
    <motionState vehicle="2" speed="2547" time="9930" acceleration="861"/>
    <motionState vehicle="3" speed="2637" time="9930" acceleration="973"/>
    <motionState vehicle="4" speed="2735" time="9930" acceleration="702"/>
    <motionState vehicle="5" speed="10855" time="9930" acceleration="334"/>
    <motionState vehicle="6" speed="2802" time="9930" acceleration="180"/>
    <motionState vehicle="7" speed="2814" time="9930" acceleration="-395"/>
    <motionState vehicle="8" speed="2769" time="9930" acceleration="-816"/>
    <motionState vehicle="9" speed="2683" time="9930" acceleration="-940"/>
    <motionState vehicle="10" speed="2588" time="9930" acceleration="-713"/>
    <motionState vehicle="11" speed="2518" time="9930" acceleration="-205"/>
    <motionState vehicle="0" speed="2503" time="9940" acceleration="405"/>
    <motionState vehicle="1" speed="10677" time="9940" acceleration="2124"/>
    <motionState vehicle="2" speed="2548" time="9940" acceleration="862"/>
    <motionState vehicle="3" speed="2638" time="9940" acceleration="970"/>
    <motionState vehicle="4" speed="2736" time="9940" acceleration="697"/>
    <motionState vehicle="5" speed="10855" time="9940" acceleration="331"/>
    <motionState vehicle="6" speed="2802" time="9940" acceleration="174"/>
    <motionState vehicle="7" speed="2814" time="9940" acceleration="-399"/>
    <motionState vehicle="8" speed="2768" time="9940" acceleration="-818"/>
    <motionState vehicle="9" speed="2682" time="9940" acceleration="-938"/>
    <motionState vehicle="10" speed="2587" time="9940" acceleration="-708"/>
    <motionState vehicle="11" speed="2518" time="9940" acceleration="-199"/>
    <motionState vehicle="0" speed="2503" time="9950" acceleration="409"/>
    <motionState vehicle="1" speed="10679" time="9950" acceleration="2105"/>
    <motionState vehicle="2" speed="2549" time="9950" acceleration="863"/>
    <motionState vehicle="3" speed="2639" time="9950" acceleration="968"/>
    <motionState vehicle="4" speed="2736" time="9950" acceleration="692"/>
    <motionState vehicle="5" speed="10856" time="9950" acceleration="328"/>
    <motionState vehicle="6" speed="2802" time="9950" acceleration="169"/>
    <motionState vehicle="7" speed="2813" time="9950" acceleration="-404"/>
    <motionState vehicle="8" speed="2767" time="9950" acceleration="-819"/>
    <motionState vehicle="9" speed="2681" time="9950" acceleration="-936"/>
    <motionState vehicle="10" speed="2586" time="9950" acceleration="-703"/>
    <motionState vehicle="11" speed="2518" time="9950" acceleration="-193"/>
    <motionState vehicle="0" speed="2504" time="9960" acceleration="414"/>
    <motionState vehicle="1" speed="10681" time="9960" acceleration="2085"/>
    <motionState vehicle="2" speed="2550" time="9960" acceleration="865"/>
    <motionState vehicle="3" speed="2640" time="9960" acceleration="965"/>
    <motionState vehicle="4" speed="2737" time="9960" acceleration="686"/>
    <motionState vehicle="5" speed="10856" time="9960" acceleration="325"/>
    <motionState vehicle="6" speed="2802" time="9960" acceleration="163"/>
    <motionState vehicle="7" speed="2813" time="9960" acceleration="-408"/>
    <motionState vehicle="8" speed="2766" time="9960" acceleration="-821"/>
    <motionState vehicle="9" speed="2680" time="9960" acceleration="-934"/>
    <motionState vehicle="10" speed="2586" time="9960" acceleration="-699"/>
    <motionState vehicle="11" speed="2518" time="9960" acceleration="-187"/>
    <motionState vehicle="0" speed="2504" time="9970" acceleration="418"/>
    <motionState vehicle="1" speed="10683" time="9970" acceleration="2066"/>
    <motionState vehicle="2" speed="2551" time="9970" acceleration="866"/>
    <motionState vehicle="3" speed="2641" time="9970" acceleration="963"/>
    <motionState vehicle="4" speed="2738" time="9970" acceleration="681"/>
    <motionState vehicle="5" speed="10856" time="9970" acceleration="323"/>
    <motionState vehicle="6" speed="2802" time="9970" acceleration="157"/>
    <motionState vehicle="7" speed="2812" time="9970" acceleration="-412"/>
    <motionState vehicle="8" speed="2766" time="9970" acceleration="-822"/>
    <motionState vehicle="9" speed="2679" time="9970" acceleration="-932"/>
    <motionState vehicle="10" speed="2585" time="9970" acceleration="-694"/>
    <motionState vehicle="11" speed="2518" time="9970" acceleration="-181"/>
    <motionState vehicle="0" speed="2504" time="9980" acceleration="423"/>
    <motionState vehicle="1" speed="10685" time="9980" acceleration="2047"/>
    <motionState vehicle="2" speed="2552" time="9980" acceleration="867"/>
    <motionState vehicle="3" speed="2642" time="9980" acceleration="960"/>
    <motionState vehicle="4" speed="2738" time="9980" acceleration="676"/>
    <motionState vehicle="5" speed="10857" time="9980" acceleration="320"/>
    <motionState vehicle="6" speed="2802" time="9980" acceleration="152"/>
    <motionState vehicle="7" speed="2812" time="9980" acceleration="-416"/>
    <motionState vehicle="8" speed="2765" time="9980" acceleration="-823"/>
    <motionState vehicle="9" speed="2678" time="9980" acceleration="-930"/>
    <motionState vehicle="10" speed="2584" time="9980" acceleration="-689"/>
    <motionState vehicle="11" speed="2517" time="9980" acceleration="-175"/>
    <motionState vehicle="0" speed="2505" time="9990" acceleration="427"/>
    <motionState vehicle="1" speed="10687" time="9990" acceleration="2029"/>
    <motionState vehicle="2" speed="2553" time="9990" acceleration="868"/>
    <motionState vehicle="3" speed="2643" time="9990" acceleration="958"/>
    <motionState vehicle="4" speed="2739" time="9990" acceleration="671"/>
    <motionState vehicle="5" speed="10857" time="9990" acceleration="317"/>
    <motionState vehicle="6" speed="2803" time="9990" acceleration="146"/>
    <motionState vehicle="7" speed="2812" time="9990" acceleration="-421"/>
    <motionState vehicle="8" speed="2764" time="9990" acceleration="-825"/>
    <motionState vehicle="9" speed="2677" time="9990" acceleration="-927"/>
    <motionState vehicle="10" speed="2583" time="9990" acceleration="-684"/>
    <motionState vehicle="11" speed="2517" time="9990" acceleration="-169"/>
    <motionState vehicle="0" speed="2505" time="10000" acceleration="432"/>
    <motionState vehicle="1" speed="10689" time="10000" acceleration="2010"/>
    <motionState vehicle="2" speed="2554" time="10000" acceleration="869"/>
    <motionState vehicle="3" speed="2644" time="10000" acceleration="955"/>
    <motionState vehicle="4" speed="2740" time="10000" acceleration="666"/>
    <motionState vehicle="5" speed="10857" time="10000" acceleration="314"/>
    <motionState vehicle="6" speed="2803" time="10000" acceleration="140"/>
    <motionState vehicle="7" speed="2811" time="10000" acceleration="-425"/>
    <motionState vehicle="8" speed="2763" time="10000" acceleration="-826"/>
    <motionState vehicle="9" speed="2676" time="10000" acceleration="-925"/>
    <motionState vehicle="10" speed="2583" time="10000" acceleration="-679"/>
    <motionState vehicle="11" speed="2517" time="10000" acceleration="-164"/>
    <motionState vehicle="0" speed="0" time="10010" acceleration="0"/>
    <motionState vehicle="1" speed="0" time="10010" acceleration="0"/>
    <motionState vehicle="2" speed="0" time="10010" acceleration="0"/>
    <motionState vehicle="3" speed="0" time="10010" acceleration="0"/>
    <motionState vehicle="4" speed="0" time="10010" acceleration="0"/>
    <motionState vehicle="5" speed="0" time="10010" acceleration="0"/>
    <motionState vehicle="6" speed="0" time="10010" acceleration="0"/>
    <motionState vehicle="7" speed="0" time="10010" acceleration="0"/>
    <motionState vehicle="8" speed="0" time="10010" acceleration="0"/>
    <motionState vehicle="9" speed="0" time="10010" acceleration="0"/>
    <motionState vehicle="10" speed="0" time="10010" acceleration="0"/>
    <motionState vehicle="11" speed="0" time="10010" acceleration="0"/>
    <motionState vehicle="0" speed="3" time="10020" acceleration="2594"/>
    <motionState vehicle="1" speed="3" time="10020" acceleration="2596"/>
    <motionState vehicle="2" speed="3" time="10020" acceleration="2588"/>
    <motionState vehicle="3" speed="3" time="10020" acceleration="2593"/>
    <motionState vehicle="4" speed="3" time="10020" acceleration="2587"/>
    <motionState vehicle="5" speed="3" time="10020" acceleration="2595"/>
    <motionState vehicle="6" speed="3" time="10020" acceleration="2594"/>
    <motionState vehicle="7" speed="3" time="10020" acceleration="2599"/>
    <motionState vehicle="8" speed="3" time="10020" acceleration="2590"/>
    <motionState vehicle="9" speed="3" time="10020" acceleration="2590"/>
    <motionState vehicle="10" speed="3" time="10020" acceleration="2596"/>
    <motionState vehicle="11" speed="3" time="10020" acceleration="2595"/>
</trajectories>
