<?xml version="1.0" encoding="UTF-8"?>

<!-- generated on Mon Feb 27 13:04:32 2017 by SUMO Version 0.29.0
<?xml version="1.0" encoding="UTF-8"?>

<configuration xmlns:xsi="http://www.w3.org/2001/XMLSchema-instance" xsi:noNamespaceSchemaLocation="http://sumo.dlr.de/xsd/sumoConfiguration.xsd">

    <input>
        <net-file value="tests/debug/cfg/test-single-lane-one-controller-200m1l.net.xml"/>
        <route-files value="tests/debug/cfg/test-single-lane-one-controller-200m1l.rou.xml"/>
        <additional-files value="tests/debug/cfg/test-single-lane-one-controller-200m1l.add.xml"/>
    </input>

    <output>
        <netstate-dump value="tests/debug/cfg/data/test-single-lane-one-controller-200m1l.netstate.xml"/>
        <emission-output value="tests/debug/cfg/data/test-single-lane-one-controller-200m1l.emission.xml"/>
        <amitran-output value="tests/debug/cfg/data/test-single-lane-one-controller-200m1l.amitran.xml"/>
        <lanechange-output value="tests/debug/cfg/data/test-single-lane-one-controller-200m1l.lanechange.xml"/>
    </output>

    <time>
        <begin value="0"/>
        <end value="1000"/>
        <step-length value="0.01"/>
    </time>

    <traci_server>
        <remote-port value="8873"/>
    </traci_server>

    <gui_only>
        <gui-settings-file value="tests/debug/cfg/test-single-lane-one-controller-200m1l.gui.cfg"/>
    </gui_only>

</configuration>
-->

<emission-export xmlns:xsi="http://www.w3.org/2001/XMLSchema-instance" xsi:noNamespaceSchemaLocation="http://sumo.dlr.de/xsd/emission_file.xsd">
    <timestep time="0.00">
        <vehicle id="cfm_slow_0" eclass="HBEFA3/PC_G_EU4" CO2="2624.72" CO="164.78" HC="0.81" NOx="1.20" PMx="0.07" fuel="1.13" electricity="0.00" noise="55.94" route="routebottom" type="cfm_slow" waiting="0.00" lane="bottom_0" pos="1.00" speed="0.00" angle="92.66" x="65.74" y="-1.61"/>
        <vehicle id="cfm_slow_1" eclass="HBEFA3/PC_G_EU4" CO2="2624.72" CO="164.78" HC="0.81" NOx="1.20" PMx="0.07" fuel="1.13" electricity="0.00" noise="55.94" route="routebottom" type="cfm_slow" waiting="0.00" lane="bottom_0" pos="39.00" speed="0.00" angle="24.30" x="125.09" y="41.53"/>
        <vehicle id="cfm_slow_2" eclass="HBEFA3/PC_G_EU4" CO2="2624.72" CO="164.78" HC="0.81" NOx="1.20" PMx="0.07" fuel="1.13" electricity="0.00" noise="55.94" route="routeright" type="cfm_slow" waiting="0.00" lane="right_0" pos="27.00" speed="0.00" angle="315.98" x="106.86" y="112.65"/>
        <vehicle id="cfm_slow_3" eclass="HBEFA3/PC_G_EU4" CO2="2624.72" CO="164.78" HC="0.81" NOx="1.20" PMx="0.07" fuel="1.13" electricity="0.00" noise="55.94" route="routetop" type="cfm_slow" waiting="0.00" lane="top_0" pos="15.00" speed="0.00" angle="247.45" x="34.00" y="121.84"/>
        <vehicle id="cfm_slow_4" eclass="HBEFA3/PC_G_EU4" CO2="2624.72" CO="164.78" HC="0.81" NOx="1.20" PMx="0.07" fuel="1.13" electricity="0.00" noise="55.94" route="routeleft" type="cfm_slow" waiting="0.00" lane="left_0" pos="3.00" speed="0.00" angle="179.11" x="-1.35" y="57.49"/>
    </timestep>
    <timestep time="0.01">
        <vehicle id="cfm_slow_0" eclass="HBEFA3/PC_G_EU4" CO2="3091.89" CO="171.99" HC="0.86" NOx="1.42" PMx="0.08" fuel="1.33" electricity="0.00" noise="115.99" route="routebottom" type="cfm_slow" waiting="0.00" lane="bottom_0" pos="1.00" speed="0.14" angle="92.66" x="65.74" y="-1.61"/>
        <vehicle id="cfm_slow_1" eclass="HBEFA3/PC_G_EU4" CO2="3091.89" CO="171.99" HC="0.86" NOx="1.42" PMx="0.08" fuel="1.33" electricity="0.00" noise="115.99" route="routebottom" type="cfm_slow" waiting="0.00" lane="bottom_0" pos="39.00" speed="0.14" angle="24.30" x="125.09" y="41.53"/>
        <vehicle id="cfm_slow_2" eclass="HBEFA3/PC_G_EU4" CO2="3091.89" CO="171.99" HC="0.86" NOx="1.42" PMx="0.08" fuel="1.33" electricity="0.00" noise="115.99" route="routeright" type="cfm_slow" waiting="0.00" lane="right_0" pos="27.00" speed="0.14" angle="315.98" x="106.85" y="112.66"/>
        <vehicle id="cfm_slow_3" eclass="HBEFA3/PC_G_EU4" CO2="3091.89" CO="171.99" HC="0.86" NOx="1.42" PMx="0.08" fuel="1.33" electricity="0.00" noise="115.99" route="routetop" type="cfm_slow" waiting="0.00" lane="top_0" pos="15.00" speed="0.14" angle="247.44" x="34.00" y="121.84"/>
        <vehicle id="cfm_slow_4" eclass="HBEFA3/PC_G_EU4" CO2="3091.89" CO="171.99" HC="0.86" NOx="1.42" PMx="0.08" fuel="1.33" electricity="0.00" noise="115.99" route="routeleft" type="cfm_slow" waiting="0.00" lane="left_0" pos="3.00" speed="0.14" angle="179.11" x="-1.35" y="57.49"/>
    </timestep>
    <timestep time="0.02">
        <vehicle id="cfm_slow_0" eclass="HBEFA3/PC_G_EU4" CO2="3559.34" CO="179.23" HC="0.90" NOx="1.64" PMx="0.09" fuel="1.53" electricity="0.00" noise="116.04" route="routebottom" type="cfm_slow" waiting="0.00" lane="bottom_0" pos="1.00" speed="0.27" angle="92.66" x="65.75" y="-1.61"/>
        <vehicle id="cfm_slow_1" eclass="HBEFA3/PC_G_EU4" CO2="3559.34" CO="179.23" HC="0.90" NOx="1.64" PMx="0.09" fuel="1.53" electricity="0.00" noise="116.04" route="routebottom" type="cfm_slow" waiting="0.00" lane="bottom_0" pos="39.00" speed="0.27" angle="24.29" x="125.09" y="41.53"/>
        <vehicle id="cfm_slow_2" eclass="HBEFA3/PC_G_EU4" CO2="3559.34" CO="179.23" HC="0.90" NOx="1.64" PMx="0.09" fuel="1.53" electricity="0.00" noise="116.04" route="routeright" type="cfm_slow" waiting="0.00" lane="right_0" pos="27.00" speed="0.27" angle="315.98" x="106.85" y="112.66"/>
        <vehicle id="cfm_slow_3" eclass="HBEFA3/PC_G_EU4" CO2="3559.34" CO="179.23" HC="0.90" NOx="1.64" PMx="0.09" fuel="1.53" electricity="0.00" noise="116.04" route="routetop" type="cfm_slow" waiting="0.00" lane="top_0" pos="15.00" speed="0.27" angle="247.44" x="34.00" y="121.84"/>
        <vehicle id="cfm_slow_4" eclass="HBEFA3/PC_G_EU4" CO2="3559.34" CO="179.23" HC="0.90" NOx="1.64" PMx="0.09" fuel="1.53" electricity="0.00" noise="116.04" route="routeleft" type="cfm_slow" waiting="0.00" lane="left_0" pos="3.00" speed="0.27" angle="179.10" x="-1.35" y="57.48"/>
    </timestep>
    <timestep time="0.03">
        <vehicle id="cfm_slow_0" eclass="HBEFA3/PC_G_EU4" CO2="4027.09" CO="186.49" HC="0.95" NOx="1.85" PMx="0.10" fuel="1.73" electricity="0.00" noise="116.09" route="routebottom" type="cfm_slow" waiting="0.00" lane="bottom_0" pos="1.01" speed="0.41" angle="92.65" x="65.76" y="-1.61"/>
        <vehicle id="cfm_slow_1" eclass="HBEFA3/PC_G_EU4" CO2="4027.09" CO="186.49" HC="0.95" NOx="1.85" PMx="0.10" fuel="1.73" electricity="0.00" noise="116.09" route="routebottom" type="cfm_slow" waiting="0.00" lane="bottom_0" pos="39.01" speed="0.41" angle="24.28" x="125.10" y="41.54"/>
        <vehicle id="cfm_slow_2" eclass="HBEFA3/PC_G_EU4" CO2="4027.09" CO="186.49" HC="0.95" NOx="1.85" PMx="0.10" fuel="1.73" electricity="0.00" noise="116.09" route="routeright" type="cfm_slow" waiting="0.00" lane="right_0" pos="27.01" speed="0.41" angle="315.97" x="106.84" y="112.66"/>
        <vehicle id="cfm_slow_3" eclass="HBEFA3/PC_G_EU4" CO2="4027.09" CO="186.49" HC="0.95" NOx="1.85" PMx="0.10" fuel="1.73" electricity="0.00" noise="116.09" route="routetop" type="cfm_slow" waiting="0.00" lane="top_0" pos="15.01" speed="0.41" angle="247.43" x="33.99" y="121.83"/>
        <vehicle id="cfm_slow_4" eclass="HBEFA3/PC_G_EU4" CO2="4027.09" CO="186.49" HC="0.95" NOx="1.85" PMx="0.10" fuel="1.73" electricity="0.00" noise="116.09" route="routeleft" type="cfm_slow" waiting="0.00" lane="left_0" pos="3.01" speed="0.41" angle="179.10" x="-1.35" y="57.47"/>
    </timestep>
    <timestep time="0.04">
        <vehicle id="cfm_slow_0" eclass="HBEFA3/PC_G_EU4" CO2="4495.13" CO="193.77" HC="0.99" NOx="2.07" PMx="0.11" fuel="1.93" electricity="0.00" noise="116.14" route="routebottom" type="cfm_slow" waiting="0.00" lane="bottom_0" pos="1.01" speed="0.55" angle="92.64" x="65.77" y="-1.61"/>
        <vehicle id="cfm_slow_1" eclass="HBEFA3/PC_G_EU4" CO2="4495.13" CO="193.77" HC="0.99" NOx="2.07" PMx="0.11" fuel="1.93" electricity="0.00" noise="116.14" route="routebottom" type="cfm_slow" waiting="0.00" lane="bottom_0" pos="39.01" speed="0.55" angle="24.28" x="125.10" y="41.55"/>
        <vehicle id="cfm_slow_2" eclass="HBEFA3/PC_G_EU4" CO2="4495.13" CO="193.77" HC="0.99" NOx="2.07" PMx="0.11" fuel="1.93" electricity="0.00" noise="116.14" route="routeright" type="cfm_slow" waiting="0.00" lane="right_0" pos="27.01" speed="0.55" angle="315.96" x="106.84" y="112.67"/>
        <vehicle id="cfm_slow_3" eclass="HBEFA3/PC_G_EU4" CO2="4495.13" CO="193.77" HC="0.99" NOx="2.07" PMx="0.11" fuel="1.93" electricity="0.00" noise="116.14" route="routetop" type="cfm_slow" waiting="0.00" lane="top_0" pos="15.01" speed="0.55" angle="247.42" x="33.98" y="121.83"/>
        <vehicle id="cfm_slow_4" eclass="HBEFA3/PC_G_EU4" CO2="4495.13" CO="193.77" HC="0.99" NOx="2.07" PMx="0.11" fuel="1.93" electricity="0.00" noise="116.14" route="routeleft" type="cfm_slow" waiting="0.00" lane="left_0" pos="3.01" speed="0.55" angle="179.09" x="-1.35" y="57.46"/>
    </timestep>
    <timestep time="0.05">
        <vehicle id="cfm_slow_0" eclass="HBEFA3/PC_G_EU4" CO2="4963.46" CO="201.07" HC="1.03" NOx="2.29" PMx="0.12" fuel="2.13" electricity="0.00" noise="116.20" route="routebottom" type="cfm_slow" waiting="0.00" lane="bottom_0" pos="1.02" speed="0.68" angle="92.63" x="65.78" y="-1.61"/>
        <vehicle id="cfm_slow_1" eclass="HBEFA3/PC_G_EU4" CO2="4963.46" CO="201.07" HC="1.03" NOx="2.29" PMx="0.12" fuel="2.13" electricity="0.00" noise="116.20" route="routebottom" type="cfm_slow" waiting="0.00" lane="bottom_0" pos="39.02" speed="0.68" angle="24.26" x="125.10" y="41.57"/>
        <vehicle id="cfm_slow_2" eclass="HBEFA3/PC_G_EU4" CO2="4963.46" CO="201.07" HC="1.03" NOx="2.29" PMx="0.12" fuel="2.13" electricity="0.00" noise="116.20" route="routeright" type="cfm_slow" waiting="0.00" lane="right_0" pos="27.02" speed="0.68" angle="315.94" x="106.82" y="112.68"/>
        <vehicle id="cfm_slow_3" eclass="HBEFA3/PC_G_EU4" CO2="4963.46" CO="201.07" HC="1.03" NOx="2.29" PMx="0.12" fuel="2.13" electricity="0.00" noise="116.20" route="routetop" type="cfm_slow" waiting="0.00" lane="top_0" pos="15.02" speed="0.68" angle="247.41" x="33.97" y="121.82"/>
        <vehicle id="cfm_slow_4" eclass="HBEFA3/PC_G_EU4" CO2="4963.46" CO="201.07" HC="1.03" NOx="2.29" PMx="0.12" fuel="2.13" electricity="0.00" noise="116.20" route="routeleft" type="cfm_slow" waiting="0.00" lane="left_0" pos="3.02" speed="0.68" angle="179.07" x="-1.34" y="57.45"/>
    </timestep>
    <timestep time="0.06">
        <vehicle id="cfm_slow_0" eclass="HBEFA3/PC_G_EU4" CO2="5432.08" CO="208.39" HC="1.08" NOx="2.51" PMx="0.13" fuel="2.34" electricity="0.00" noise="116.25" route="routebottom" type="cfm_slow" waiting="0.00" lane="bottom_0" pos="1.03" speed="0.82" angle="92.61" x="65.80" y="-1.61"/>
        <vehicle id="cfm_slow_1" eclass="HBEFA3/PC_G_EU4" CO2="5432.08" CO="208.39" HC="1.08" NOx="2.51" PMx="0.13" fuel="2.34" electricity="0.00" noise="116.25" route="routebottom" type="cfm_slow" waiting="0.00" lane="bottom_0" pos="39.03" speed="0.82" angle="24.25" x="125.11" y="41.58"/>
        <vehicle id="cfm_slow_2" eclass="HBEFA3/PC_G_EU4" CO2="5432.08" CO="208.39" HC="1.08" NOx="2.51" PMx="0.13" fuel="2.34" electricity="0.00" noise="116.25" route="routeright" type="cfm_slow" waiting="0.00" lane="right_0" pos="27.03" speed="0.82" angle="315.93" x="106.81" y="112.69"/>
        <vehicle id="cfm_slow_3" eclass="HBEFA3/PC_G_EU4" CO2="5432.08" CO="208.39" HC="1.08" NOx="2.51" PMx="0.13" fuel="2.34" electricity="0.00" noise="116.25" route="routetop" type="cfm_slow" waiting="0.00" lane="top_0" pos="15.03" speed="0.82" angle="247.39" x="33.95" y="121.82"/>
        <vehicle id="cfm_slow_4" eclass="HBEFA3/PC_G_EU4" CO2="5432.08" CO="208.39" HC="1.08" NOx="2.51" PMx="0.13" fuel="2.34" electricity="0.00" noise="116.25" route="routeleft" type="cfm_slow" waiting="0.00" lane="left_0" pos="3.03" speed="0.82" angle="179.06" x="-1.34" y="57.43"/>
    </timestep>
    <timestep time="0.07">
        <vehicle id="cfm_slow_0" eclass="HBEFA3/PC_G_EU4" CO2="5901.00" CO="215.74" HC="1.12" NOx="2.72" PMx="0.15" fuel="2.54" electricity="0.00" noise="116.30" route="routebottom" type="cfm_slow" waiting="0.00" lane="bottom_0" pos="1.04" speed="0.95" angle="92.60" x="65.82" y="-1.61"/>
        <vehicle id="cfm_slow_1" eclass="HBEFA3/PC_G_EU4" CO2="5901.00" CO="215.74" HC="1.12" NOx="2.72" PMx="0.15" fuel="2.54" electricity="0.00" noise="116.30" route="routebottom" type="cfm_slow" waiting="0.00" lane="bottom_0" pos="39.04" speed="0.95" angle="24.23" x="125.12" y="41.60"/>
        <vehicle id="cfm_slow_2" eclass="HBEFA3/PC_G_EU4" CO2="5901.00" CO="215.74" HC="1.12" NOx="2.72" PMx="0.15" fuel="2.54" electricity="0.00" noise="116.30" route="routeright" type="cfm_slow" waiting="0.00" lane="right_0" pos="27.04" speed="0.95" angle="315.91" x="106.80" y="112.70"/>
        <vehicle id="cfm_slow_3" eclass="HBEFA3/PC_G_EU4" CO2="5901.00" CO="215.74" HC="1.12" NOx="2.72" PMx="0.15" fuel="2.54" electricity="0.00" noise="116.30" route="routetop" type="cfm_slow" waiting="0.00" lane="top_0" pos="15.04" speed="0.95" angle="247.38" x="33.93" y="121.81"/>
        <vehicle id="cfm_slow_4" eclass="HBEFA3/PC_G_EU4" CO2="5901.00" CO="215.74" HC="1.12" NOx="2.72" PMx="0.15" fuel="2.54" electricity="0.00" noise="116.30" route="routeleft" type="cfm_slow" waiting="0.00" lane="left_0" pos="3.04" speed="0.95" angle="179.04" x="-1.34" y="57.41"/>
    </timestep>
    <timestep time="0.08">
        <vehicle id="cfm_slow_0" eclass="HBEFA3/PC_G_EU4" CO2="6370.20" CO="223.11" HC="1.17" NOx="2.94" PMx="0.16" fuel="2.74" electricity="0.00" noise="116.35" route="routebottom" type="cfm_slow" waiting="0.00" lane="bottom_0" pos="1.05" speed="1.09" angle="92.58" x="65.84" y="-1.61"/>
        <vehicle id="cfm_slow_1" eclass="HBEFA3/PC_G_EU4" CO2="6370.20" CO="223.11" HC="1.17" NOx="2.94" PMx="0.16" fuel="2.74" electricity="0.00" noise="116.35" route="routebottom" type="cfm_slow" waiting="0.00" lane="bottom_0" pos="39.05" speed="1.09" angle="24.21" x="125.13" y="41.62"/>
        <vehicle id="cfm_slow_2" eclass="HBEFA3/PC_G_EU4" CO2="6370.20" CO="223.11" HC="1.17" NOx="2.94" PMx="0.16" fuel="2.74" electricity="0.00" noise="116.35" route="routeright" type="cfm_slow" waiting="0.00" lane="right_0" pos="27.05" speed="1.09" angle="315.89" x="106.78" y="112.72"/>
        <vehicle id="cfm_slow_3" eclass="HBEFA3/PC_G_EU4" CO2="6370.20" CO="223.11" HC="1.17" NOx="2.94" PMx="0.16" fuel="2.74" electricity="0.00" noise="116.35" route="routetop" type="cfm_slow" waiting="0.00" lane="top_0" pos="15.05" speed="1.09" angle="247.36" x="33.91" y="121.80"/>
        <vehicle id="cfm_slow_4" eclass="HBEFA3/PC_G_EU4" CO2="6370.20" CO="223.11" HC="1.17" NOx="2.94" PMx="0.16" fuel="2.74" electricity="0.00" noise="116.35" route="routeleft" type="cfm_slow" waiting="0.00" lane="left_0" pos="3.05" speed="1.09" angle="179.02" x="-1.34" y="57.39"/>
    </timestep>
    <timestep time="0.09">
        <vehicle id="cfm_slow_0" eclass="HBEFA3/PC_G_EU4" CO2="6839.70" CO="230.49" HC="1.22" NOx="3.16" PMx="0.17" fuel="2.94" electricity="0.00" noise="116.40" route="routebottom" type="cfm_slow" waiting="0.00" lane="bottom_0" pos="1.06" speed="1.23" angle="92.55" x="65.87" y="-1.61"/>
        <vehicle id="cfm_slow_1" eclass="HBEFA3/PC_G_EU4" CO2="6839.70" CO="230.49" HC="1.22" NOx="3.16" PMx="0.17" fuel="2.94" electricity="0.00" noise="116.40" route="routebottom" type="cfm_slow" waiting="0.00" lane="bottom_0" pos="39.06" speed="1.23" angle="24.19" x="125.13" y="41.65"/>
        <vehicle id="cfm_slow_2" eclass="HBEFA3/PC_G_EU4" CO2="6839.70" CO="230.49" HC="1.22" NOx="3.16" PMx="0.17" fuel="2.94" electricity="0.00" noise="116.40" route="routeright" type="cfm_slow" waiting="0.00" lane="right_0" pos="27.06" speed="1.23" angle="315.86" x="106.76" y="112.73"/>
        <vehicle id="cfm_slow_3" eclass="HBEFA3/PC_G_EU4" CO2="6839.70" CO="230.49" HC="1.22" NOx="3.16" PMx="0.17" fuel="2.94" electricity="0.00" noise="116.40" route="routetop" type="cfm_slow" waiting="0.00" lane="top_0" pos="15.06" speed="1.23" angle="247.33" x="33.89" y="121.79"/>
        <vehicle id="cfm_slow_4" eclass="HBEFA3/PC_G_EU4" CO2="6839.70" CO="230.49" HC="1.22" NOx="3.16" PMx="0.17" fuel="2.94" electricity="0.00" noise="116.40" route="routeleft" type="cfm_slow" waiting="0.00" lane="left_0" pos="3.06" speed="1.23" angle="179.00" x="-1.34" y="57.36"/>
    </timestep>
    <timestep time="0.10">
        <vehicle id="cfm_slow_0" eclass="HBEFA3/PC_G_EU4" CO2="7309.49" CO="237.90" HC="1.26" NOx="3.38" PMx="0.18" fuel="3.14" electricity="0.00" noise="116.45" route="routebottom" type="cfm_slow" waiting="0.00" lane="bottom_0" pos="1.08" speed="1.36" angle="92.53" x="65.89" y="-1.61"/>
        <vehicle id="cfm_slow_1" eclass="HBEFA3/PC_G_EU4" CO2="7309.49" CO="237.90" HC="1.26" NOx="3.38" PMx="0.18" fuel="3.14" electricity="0.00" noise="116.45" route="routebottom" type="cfm_slow" waiting="0.00" lane="bottom_0" pos="39.08" speed="1.36" angle="24.16" x="125.14" y="41.67"/>
        <vehicle id="cfm_slow_2" eclass="HBEFA3/PC_G_EU4" CO2="7309.49" CO="237.90" HC="1.26" NOx="3.38" PMx="0.18" fuel="3.14" electricity="0.00" noise="116.45" route="routeright" type="cfm_slow" waiting="0.00" lane="right_0" pos="27.07" speed="1.36" angle="315.84" x="106.74" y="112.75"/>
        <vehicle id="cfm_slow_3" eclass="HBEFA3/PC_G_EU4" CO2="7309.49" CO="237.90" HC="1.26" NOx="3.38" PMx="0.18" fuel="3.14" electricity="0.00" noise="116.45" route="routetop" type="cfm_slow" waiting="0.00" lane="top_0" pos="15.07" speed="1.36" angle="247.31" x="33.87" y="121.77"/>
        <vehicle id="cfm_slow_4" eclass="HBEFA3/PC_G_EU4" CO2="7309.49" CO="237.90" HC="1.26" NOx="3.38" PMx="0.18" fuel="3.14" electricity="0.00" noise="116.45" route="routeleft" type="cfm_slow" waiting="0.00" lane="left_0" pos="3.08" speed="1.36" angle="178.97" x="-1.33" y="57.34"/>
    </timestep>
    <timestep time="0.11">
        <vehicle id="cfm_slow_0" eclass="HBEFA3/PC_G_EU4" CO2="7779.58" CO="245.33" HC="1.31" NOx="3.60" PMx="0.19" fuel="3.34" electricity="0.00" noise="116.51" route="routebottom" type="cfm_slow" waiting="0.00" lane="bottom_0" pos="1.09" speed="1.50" angle="92.50" x="65.92" y="-1.61"/>
        <vehicle id="cfm_slow_1" eclass="HBEFA3/PC_G_EU4" CO2="7779.58" CO="245.33" HC="1.31" NOx="3.60" PMx="0.19" fuel="3.34" electricity="0.00" noise="116.51" route="routebottom" type="cfm_slow" waiting="0.00" lane="bottom_0" pos="39.09" speed="1.50" angle="24.14" x="125.15" y="41.70"/>
        <vehicle id="cfm_slow_2" eclass="HBEFA3/PC_G_EU4" CO2="7779.58" CO="245.33" HC="1.31" NOx="3.60" PMx="0.19" fuel="3.34" electricity="0.00" noise="116.51" route="routeright" type="cfm_slow" waiting="0.00" lane="right_0" pos="27.09" speed="1.50" angle="315.81" x="106.72" y="112.77"/>
        <vehicle id="cfm_slow_3" eclass="HBEFA3/PC_G_EU4" CO2="7779.58" CO="245.33" HC="1.31" NOx="3.60" PMx="0.19" fuel="3.34" electricity="0.00" noise="116.51" route="routetop" type="cfm_slow" waiting="0.00" lane="top_0" pos="15.09" speed="1.50" angle="247.28" x="33.84" y="121.76"/>
        <vehicle id="cfm_slow_4" eclass="HBEFA3/PC_G_EU4" CO2="7779.58" CO="245.33" HC="1.31" NOx="3.60" PMx="0.19" fuel="3.34" electricity="0.00" noise="116.51" route="routeleft" type="cfm_slow" waiting="0.00" lane="left_0" pos="3.09" speed="1.50" angle="178.95" x="-1.33" y="57.30"/>
    </timestep>
    <timestep time="0.12">
        <vehicle id="cfm_slow_0" eclass="HBEFA3/PC_G_EU4" CO2="8249.95" CO="252.79" HC="1.35" NOx="3.81" PMx="0.20" fuel="3.55" electricity="0.00" noise="116.56" route="routebottom" type="cfm_slow" waiting="0.00" lane="bottom_0" pos="1.11" speed="1.64" angle="92.47" x="65.96" y="-1.61"/>
        <vehicle id="cfm_slow_1" eclass="HBEFA3/PC_G_EU4" CO2="8249.95" CO="252.79" HC="1.35" NOx="3.81" PMx="0.20" fuel="3.55" electricity="0.00" noise="116.56" route="routebottom" type="cfm_slow" waiting="0.00" lane="bottom_0" pos="39.11" speed="1.64" angle="24.11" x="125.17" y="41.73"/>
        <vehicle id="cfm_slow_2" eclass="HBEFA3/PC_G_EU4" CO2="8249.95" CO="252.79" HC="1.35" NOx="3.81" PMx="0.20" fuel="3.55" electricity="0.00" noise="116.56" route="routeright" type="cfm_slow" waiting="0.00" lane="right_0" pos="27.11" speed="1.64" angle="315.77" x="106.69" y="112.79"/>
        <vehicle id="cfm_slow_3" eclass="HBEFA3/PC_G_EU4" CO2="8249.95" CO="252.79" HC="1.35" NOx="3.81" PMx="0.20" fuel="3.55" electricity="0.00" noise="116.56" route="routetop" type="cfm_slow" waiting="0.00" lane="top_0" pos="15.11" speed="1.64" angle="247.25" x="33.81" y="121.74"/>
        <vehicle id="cfm_slow_4" eclass="HBEFA3/PC_G_EU4" CO2="8249.95" CO="252.79" HC="1.35" NOx="3.81" PMx="0.20" fuel="3.55" electricity="0.00" noise="116.56" route="routeleft" type="cfm_slow" waiting="0.00" lane="left_0" pos="3.11" speed="1.64" angle="178.92" x="-1.33" y="57.27"/>
    </timestep>
    <timestep time="0.13">
        <vehicle id="cfm_slow_0" eclass="HBEFA3/PC_G_EU4" CO2="8720.62" CO="260.26" HC="1.40" NOx="4.03" PMx="0.22" fuel="3.75" electricity="0.00" noise="116.61" route="routebottom" type="cfm_slow" waiting="0.00" lane="bottom_0" pos="1.12" speed="1.77" angle="92.44" x="65.99" y="-1.61"/>
        <vehicle id="cfm_slow_1" eclass="HBEFA3/PC_G_EU4" CO2="8720.62" CO="260.26" HC="1.40" NOx="4.03" PMx="0.22" fuel="3.75" electricity="0.00" noise="116.61" route="routebottom" type="cfm_slow" waiting="0.00" lane="bottom_0" pos="39.12" speed="1.77" angle="24.08" x="125.18" y="41.77"/>
        <vehicle id="cfm_slow_2" eclass="HBEFA3/PC_G_EU4" CO2="8720.62" CO="260.26" HC="1.40" NOx="4.03" PMx="0.22" fuel="3.75" electricity="0.00" noise="116.61" route="routeright" type="cfm_slow" waiting="0.00" lane="right_0" pos="27.12" speed="1.77" angle="315.74" x="106.66" y="112.82"/>
        <vehicle id="cfm_slow_3" eclass="HBEFA3/PC_G_EU4" CO2="8720.62" CO="260.26" HC="1.40" NOx="4.03" PMx="0.22" fuel="3.75" electricity="0.00" noise="116.61" route="routetop" type="cfm_slow" waiting="0.00" lane="top_0" pos="15.12" speed="1.77" angle="247.22" x="33.78" y="121.73"/>
        <vehicle id="cfm_slow_4" eclass="HBEFA3/PC_G_EU4" CO2="8720.62" CO="260.26" HC="1.40" NOx="4.03" PMx="0.22" fuel="3.75" electricity="0.00" noise="116.61" route="routeleft" type="cfm_slow" waiting="0.00" lane="left_0" pos="3.12" speed="1.77" angle="178.88" x="-1.32" y="57.24"/>
    </timestep>
    <timestep time="0.14">
        <vehicle id="cfm_slow_0" eclass="HBEFA3/PC_G_EU4" CO2="9191.58" CO="267.76" HC="1.44" NOx="4.25" PMx="0.23" fuel="3.95" electricity="0.00" noise="116.67" route="routebottom" type="cfm_slow" waiting="0.00" lane="bottom_0" pos="1.14" speed="1.91" angle="92.40" x="66.03" y="-1.60"/>
        <vehicle id="cfm_slow_1" eclass="HBEFA3/PC_G_EU4" CO2="9191.58" CO="267.76" HC="1.44" NOx="4.25" PMx="0.23" fuel="3.95" electricity="0.00" noise="116.67" route="routebottom" type="cfm_slow" waiting="0.00" lane="bottom_0" pos="39.14" speed="1.91" angle="24.04" x="125.19" y="41.80"/>
        <vehicle id="cfm_slow_2" eclass="HBEFA3/PC_G_EU4" CO2="9191.58" CO="267.76" HC="1.44" NOx="4.25" PMx="0.23" fuel="3.95" electricity="0.00" noise="116.67" route="routeright" type="cfm_slow" waiting="0.00" lane="right_0" pos="27.14" speed="1.91" angle="315.70" x="106.63" y="112.84"/>
        <vehicle id="cfm_slow_3" eclass="HBEFA3/PC_G_EU4" CO2="9191.58" CO="267.76" HC="1.44" NOx="4.25" PMx="0.23" fuel="3.95" electricity="0.00" noise="116.67" route="routetop" type="cfm_slow" waiting="0.00" lane="top_0" pos="15.14" speed="1.91" angle="247.18" x="33.74" y="121.71"/>
        <vehicle id="cfm_slow_4" eclass="HBEFA3/PC_G_EU4" CO2="9191.58" CO="267.76" HC="1.44" NOx="4.25" PMx="0.23" fuel="3.95" electricity="0.00" noise="116.67" route="routeleft" type="cfm_slow" waiting="0.00" lane="left_0" pos="3.14" speed="1.91" angle="178.85" x="-1.32" y="57.20"/>
    </timestep>
    <timestep time="0.15">
        <vehicle id="cfm_slow_0" eclass="HBEFA3/PC_G_EU4" CO2="9662.83" CO="275.27" HC="1.49" NOx="4.47" PMx="0.24" fuel="4.15" electricity="0.00" noise="116.72" route="routebottom" type="cfm_slow" waiting="0.00" lane="bottom_0" pos="1.16" speed="2.05" angle="92.37" x="66.08" y="-1.60"/>
        <vehicle id="cfm_slow_1" eclass="HBEFA3/PC_G_EU4" CO2="9662.83" CO="275.27" HC="1.49" NOx="4.47" PMx="0.24" fuel="4.15" electricity="0.00" noise="116.72" route="routebottom" type="cfm_slow" waiting="0.00" lane="bottom_0" pos="39.16" speed="2.05" angle="24.01" x="125.21" y="41.84"/>
        <vehicle id="cfm_slow_2" eclass="HBEFA3/PC_G_EU4" CO2="9662.83" CO="275.27" HC="1.49" NOx="4.47" PMx="0.24" fuel="4.15" electricity="0.00" noise="116.72" route="routeright" type="cfm_slow" waiting="0.00" lane="right_0" pos="27.16" speed="2.05" angle="315.66" x="106.60" y="112.87"/>
        <vehicle id="cfm_slow_3" eclass="HBEFA3/PC_G_EU4" CO2="9662.83" CO="275.27" HC="1.49" NOx="4.47" PMx="0.24" fuel="4.15" electricity="0.00" noise="116.72" route="routetop" type="cfm_slow" waiting="0.00" lane="top_0" pos="15.16" speed="2.05" angle="247.14" x="33.70" y="121.69"/>
        <vehicle id="cfm_slow_4" eclass="HBEFA3/PC_G_EU4" CO2="9662.83" CO="275.27" HC="1.49" NOx="4.47" PMx="0.24" fuel="4.15" electricity="0.00" noise="116.72" route="routeleft" type="cfm_slow" waiting="0.00" lane="left_0" pos="3.16" speed="2.05" angle="178.81" x="-1.32" y="57.15"/>
    </timestep>
    <timestep time="0.16">
        <vehicle id="cfm_slow_0" eclass="HBEFA3/PC_G_EU4" CO2="10134.37" CO="282.81" HC="1.53" NOx="4.69" PMx="0.25" fuel="4.36" electricity="0.00" noise="116.77" route="routebottom" type="cfm_slow" waiting="0.00" lane="bottom_0" pos="1.19" speed="2.18" angle="92.33" x="66.12" y="-1.60"/>
        <vehicle id="cfm_slow_1" eclass="HBEFA3/PC_G_EU4" CO2="10134.37" CO="282.81" HC="1.53" NOx="4.69" PMx="0.25" fuel="4.36" electricity="0.00" noise="116.77" route="routebottom" type="cfm_slow" waiting="0.00" lane="bottom_0" pos="39.19" speed="2.18" angle="23.97" x="125.22" y="41.88"/>
        <vehicle id="cfm_slow_2" eclass="HBEFA3/PC_G_EU4" CO2="10134.37" CO="282.81" HC="1.53" NOx="4.69" PMx="0.25" fuel="4.36" electricity="0.00" noise="116.77" route="routeright" type="cfm_slow" waiting="0.00" lane="right_0" pos="27.19" speed="2.18" angle="315.62" x="106.57" y="112.90"/>
        <vehicle id="cfm_slow_3" eclass="HBEFA3/PC_G_EU4" CO2="10134.37" CO="282.81" HC="1.53" NOx="4.69" PMx="0.25" fuel="4.36" electricity="0.00" noise="116.77" route="routetop" type="cfm_slow" waiting="0.00" lane="top_0" pos="15.19" speed="2.18" angle="247.10" x="33.66" y="121.67"/>
        <vehicle id="cfm_slow_4" eclass="HBEFA3/PC_G_EU4" CO2="10134.37" CO="282.81" HC="1.53" NOx="4.69" PMx="0.25" fuel="4.36" electricity="0.00" noise="116.77" route="routeleft" type="cfm_slow" waiting="0.00" lane="left_0" pos="3.19" speed="2.18" angle="178.77" x="-1.31" y="57.11"/>
    </timestep>
    <timestep time="0.17">
        <vehicle id="cfm_slow_0" eclass="HBEFA3/PC_G_EU4" CO2="10606.21" CO="290.37" HC="1.58" NOx="4.91" PMx="0.26" fuel="4.56" electricity="0.00" noise="116.82" route="routebottom" type="cfm_slow" waiting="0.00" lane="bottom_0" pos="1.21" speed="2.32" angle="92.30" x="66.17" y="-1.60"/>
        <vehicle id="cfm_slow_1" eclass="HBEFA3/PC_G_EU4" CO2="10606.21" CO="290.37" HC="1.58" NOx="4.91" PMx="0.26" fuel="4.56" electricity="0.00" noise="116.82" route="routebottom" type="cfm_slow" waiting="0.00" lane="bottom_0" pos="39.21" speed="2.32" angle="23.92" x="125.24" y="41.93"/>
        <vehicle id="cfm_slow_2" eclass="HBEFA3/PC_G_EU4" CO2="10606.21" CO="290.37" HC="1.58" NOx="4.91" PMx="0.26" fuel="4.56" electricity="0.00" noise="116.82" route="routeright" type="cfm_slow" waiting="0.00" lane="right_0" pos="27.21" speed="2.32" angle="315.57" x="106.53" y="112.93"/>
        <vehicle id="cfm_slow_3" eclass="HBEFA3/PC_G_EU4" CO2="10606.21" CO="290.37" HC="1.58" NOx="4.91" PMx="0.26" fuel="4.56" electricity="0.00" noise="116.82" route="routetop" type="cfm_slow" waiting="0.00" lane="top_0" pos="15.21" speed="2.32" angle="247.06" x="33.62" y="121.65"/>
        <vehicle id="cfm_slow_4" eclass="HBEFA3/PC_G_EU4" CO2="10606.21" CO="290.37" HC="1.58" NOx="4.91" PMx="0.26" fuel="4.56" electricity="0.00" noise="116.82" route="routeleft" type="cfm_slow" waiting="0.00" lane="left_0" pos="3.21" speed="2.32" angle="178.73" x="-1.31" y="57.06"/>
    </timestep>
    <timestep time="0.18">
        <vehicle id="cfm_slow_0" eclass="HBEFA3/PC_G_EU4" CO2="11078.33" CO="297.95" HC="1.63" NOx="5.13" PMx="0.27" fuel="4.76" electricity="0.00" noise="116.88" route="routebottom" type="cfm_slow" waiting="0.00" lane="bottom_0" pos="1.23" speed="2.45" angle="92.27" x="66.22" y="-1.60"/>
        <vehicle id="cfm_slow_1" eclass="HBEFA3/PC_G_EU4" CO2="11078.33" CO="297.95" HC="1.63" NOx="5.13" PMx="0.27" fuel="4.76" electricity="0.00" noise="116.88" route="routebottom" type="cfm_slow" waiting="0.00" lane="bottom_0" pos="39.23" speed="2.45" angle="23.88" x="125.25" y="41.98"/>
        <vehicle id="cfm_slow_2" eclass="HBEFA3/PC_G_EU4" CO2="11078.33" CO="297.95" HC="1.63" NOx="5.13" PMx="0.27" fuel="4.76" electricity="0.00" noise="116.88" route="routeright" type="cfm_slow" waiting="0.00" lane="right_0" pos="27.23" speed="2.45" angle="315.52" x="106.49" y="112.96"/>
        <vehicle id="cfm_slow_3" eclass="HBEFA3/PC_G_EU4" CO2="11078.33" CO="297.95" HC="1.63" NOx="5.13" PMx="0.27" fuel="4.76" electricity="0.00" noise="116.88" route="routetop" type="cfm_slow" waiting="0.00" lane="top_0" pos="15.23" speed="2.45" angle="247.01" x="33.58" y="121.63"/>
        <vehicle id="cfm_slow_4" eclass="HBEFA3/PC_G_EU4" CO2="11078.33" CO="297.95" HC="1.63" NOx="5.13" PMx="0.27" fuel="4.76" electricity="0.00" noise="116.88" route="routeleft" type="cfm_slow" waiting="0.00" lane="left_0" pos="3.23" speed="2.45" angle="178.69" x="-1.30" y="57.01"/>
    </timestep>
    <timestep time="0.19">
        <vehicle id="cfm_slow_0" eclass="HBEFA3/PC_G_EU4" CO2="11550.75" CO="305.56" HC="1.67" NOx="5.35" PMx="0.29" fuel="4.97" electricity="0.00" noise="116.93" route="routebottom" type="cfm_slow" waiting="0.00" lane="bottom_0" pos="1.26" speed="2.59" angle="92.24" x="66.27" y="-1.60"/>
        <vehicle id="cfm_slow_1" eclass="HBEFA3/PC_G_EU4" CO2="11550.75" CO="305.56" HC="1.67" NOx="5.35" PMx="0.29" fuel="4.97" electricity="0.00" noise="116.93" route="routebottom" type="cfm_slow" waiting="0.00" lane="bottom_0" pos="39.26" speed="2.59" angle="23.83" x="125.27" y="42.03"/>
        <vehicle id="cfm_slow_2" eclass="HBEFA3/PC_G_EU4" CO2="11550.75" CO="305.56" HC="1.67" NOx="5.35" PMx="0.29" fuel="4.97" electricity="0.00" noise="116.93" route="routeright" type="cfm_slow" waiting="0.00" lane="right_0" pos="27.26" speed="2.59" angle="315.47" x="106.45" y="113.00"/>
        <vehicle id="cfm_slow_3" eclass="HBEFA3/PC_G_EU4" CO2="11550.75" CO="305.56" HC="1.67" NOx="5.35" PMx="0.29" fuel="4.97" electricity="0.00" noise="116.93" route="routetop" type="cfm_slow" waiting="0.00" lane="top_0" pos="15.26" speed="2.59" angle="246.97" x="33.53" y="121.60"/>
        <vehicle id="cfm_slow_4" eclass="HBEFA3/PC_G_EU4" CO2="11550.75" CO="305.56" HC="1.67" NOx="5.35" PMx="0.29" fuel="4.97" electricity="0.00" noise="116.93" route="routeleft" type="cfm_slow" waiting="0.00" lane="left_0" pos="3.26" speed="2.59" angle="178.64" x="-1.30" y="56.96"/>
    </timestep>
    <timestep time="0.20">
        <vehicle id="cfm_slow_0" eclass="HBEFA3/PC_G_EU4" CO2="12023.46" CO="313.18" HC="1.72" NOx="5.56" PMx="0.30" fuel="5.17" electricity="0.00" noise="116.99" route="routebottom" type="cfm_slow" waiting="0.00" lane="bottom_0" pos="1.29" speed="2.73" angle="92.19" x="66.33" y="-1.60"/>
        <vehicle id="cfm_slow_1" eclass="HBEFA3/PC_G_EU4" CO2="12023.46" CO="313.18" HC="1.72" NOx="5.56" PMx="0.30" fuel="5.17" electricity="0.00" noise="116.99" route="routebottom" type="cfm_slow" waiting="0.00" lane="bottom_0" pos="39.29" speed="2.73" angle="23.78" x="125.29" y="42.08"/>
        <vehicle id="cfm_slow_2" eclass="HBEFA3/PC_G_EU4" CO2="12023.46" CO="313.18" HC="1.72" NOx="5.56" PMx="0.30" fuel="5.17" electricity="0.00" noise="116.99" route="routeright" type="cfm_slow" waiting="0.00" lane="right_0" pos="27.29" speed="2.73" angle="315.42" x="106.41" y="113.03"/>
        <vehicle id="cfm_slow_3" eclass="HBEFA3/PC_G_EU4" CO2="12023.46" CO="313.18" HC="1.72" NOx="5.56" PMx="0.30" fuel="5.17" electricity="0.00" noise="116.99" route="routetop" type="cfm_slow" waiting="0.00" lane="top_0" pos="15.29" speed="2.73" angle="246.94" x="33.48" y="121.58"/>
        <vehicle id="cfm_slow_4" eclass="HBEFA3/PC_G_EU4" CO2="12023.46" CO="313.18" HC="1.72" NOx="5.56" PMx="0.30" fuel="5.17" electricity="0.00" noise="116.99" route="routeleft" type="cfm_slow" waiting="0.00" lane="left_0" pos="3.29" speed="2.73" angle="178.59" x="-1.29" y="56.90"/>
    </timestep>
    <timestep time="0.21">
        <vehicle id="cfm_slow_0" eclass="HBEFA3/PC_G_EU4" CO2="12496.46" CO="320.83" HC="1.77" NOx="5.78" PMx="0.31" fuel="5.37" electricity="0.00" noise="117.04" route="routebottom" type="cfm_slow" waiting="0.00" lane="bottom_0" pos="1.32" speed="2.86" angle="92.14" x="66.39" y="-1.59"/>
        <vehicle id="cfm_slow_1" eclass="HBEFA3/PC_G_EU4" CO2="12496.46" CO="320.83" HC="1.77" NOx="5.78" PMx="0.31" fuel="5.37" electricity="0.00" noise="117.04" route="routebottom" type="cfm_slow" waiting="0.00" lane="bottom_0" pos="39.31" speed="2.86" angle="23.73" x="125.31" y="42.13"/>
        <vehicle id="cfm_slow_2" eclass="HBEFA3/PC_G_EU4" CO2="12496.46" CO="320.83" HC="1.77" NOx="5.78" PMx="0.31" fuel="5.37" electricity="0.00" noise="117.04" route="routeright" type="cfm_slow" waiting="0.00" lane="right_0" pos="27.31" speed="2.86" angle="315.36" x="106.36" y="113.07"/>
        <vehicle id="cfm_slow_3" eclass="HBEFA3/PC_G_EU4" CO2="12496.46" CO="320.83" HC="1.77" NOx="5.78" PMx="0.31" fuel="5.37" electricity="0.00" noise="117.04" route="routetop" type="cfm_slow" waiting="0.00" lane="top_0" pos="15.31" speed="2.86" angle="246.90" x="33.42" y="121.55"/>
        <vehicle id="cfm_slow_4" eclass="HBEFA3/PC_G_EU4" CO2="12496.46" CO="320.83" HC="1.77" NOx="5.78" PMx="0.31" fuel="5.37" electricity="0.00" noise="117.04" route="routeleft" type="cfm_slow" waiting="0.00" lane="left_0" pos="3.32" speed="2.86" angle="178.54" x="-1.28" y="56.85"/>
    </timestep>
    <timestep time="0.22">
        <vehicle id="cfm_slow_0" eclass="HBEFA3/PC_G_EU4" CO2="12969.76" CO="328.50" HC="1.81" NOx="6.00" PMx="0.32" fuel="5.58" electricity="0.00" noise="117.09" route="routebottom" type="cfm_slow" waiting="0.00" lane="bottom_0" pos="1.35" speed="3.00" angle="92.08" x="66.45" y="-1.59"/>
        <vehicle id="cfm_slow_1" eclass="HBEFA3/PC_G_EU4" CO2="12969.76" CO="328.50" HC="1.81" NOx="6.00" PMx="0.32" fuel="5.58" electricity="0.00" noise="117.09" route="routebottom" type="cfm_slow" waiting="0.00" lane="bottom_0" pos="39.34" speed="3.00" angle="23.68" x="125.33" y="42.19"/>
        <vehicle id="cfm_slow_2" eclass="HBEFA3/PC_G_EU4" CO2="12969.76" CO="328.50" HC="1.81" NOx="6.00" PMx="0.32" fuel="5.58" electricity="0.00" noise="117.09" route="routeright" type="cfm_slow" waiting="0.00" lane="right_0" pos="27.34" speed="3.00" angle="315.30" x="106.32" y="113.11"/>
        <vehicle id="cfm_slow_3" eclass="HBEFA3/PC_G_EU4" CO2="12969.76" CO="328.50" HC="1.81" NOx="6.00" PMx="0.32" fuel="5.58" electricity="0.00" noise="117.09" route="routetop" type="cfm_slow" waiting="0.00" lane="top_0" pos="15.34" speed="3.00" angle="246.86" x="33.37" y="121.52"/>
        <vehicle id="cfm_slow_4" eclass="HBEFA3/PC_G_EU4" CO2="12969.76" CO="328.50" HC="1.81" NOx="6.00" PMx="0.32" fuel="5.58" electricity="0.00" noise="117.09" route="routeleft" type="cfm_slow" waiting="0.00" lane="left_0" pos="3.35" speed="3.00" angle="178.48" x="-1.28" y="56.78"/>
    </timestep>
    <timestep time="0.23">
        <vehicle id="cfm_slow_0" eclass="HBEFA3/PC_G_EU4" CO2="13443.34" CO="336.19" HC="1.86" NOx="6.22" PMx="0.33" fuel="5.78" electricity="0.00" noise="117.15" route="routebottom" type="cfm_slow" waiting="0.00" lane="bottom_0" pos="1.38" speed="3.14" angle="92.03" x="66.51" y="-1.59"/>
        <vehicle id="cfm_slow_1" eclass="HBEFA3/PC_G_EU4" CO2="13443.34" CO="336.19" HC="1.86" NOx="6.22" PMx="0.33" fuel="5.78" electricity="0.00" noise="117.15" route="routebottom" type="cfm_slow" waiting="0.00" lane="bottom_0" pos="39.38" speed="3.14" angle="23.62" x="125.35" y="42.25"/>
        <vehicle id="cfm_slow_2" eclass="HBEFA3/PC_G_EU4" CO2="13443.34" CO="336.19" HC="1.86" NOx="6.22" PMx="0.33" fuel="5.78" electricity="0.00" noise="117.15" route="routeright" type="cfm_slow" waiting="0.00" lane="right_0" pos="27.38" speed="3.14" angle="315.24" x="106.27" y="113.15"/>
        <vehicle id="cfm_slow_3" eclass="HBEFA3/PC_G_EU4" CO2="13443.34" CO="336.19" HC="1.86" NOx="6.22" PMx="0.33" fuel="5.78" electricity="0.00" noise="117.15" route="routetop" type="cfm_slow" waiting="0.00" lane="top_0" pos="15.38" speed="3.14" angle="246.82" x="33.31" y="121.50"/>
        <vehicle id="cfm_slow_4" eclass="HBEFA3/PC_G_EU4" CO2="13443.34" CO="336.19" HC="1.86" NOx="6.22" PMx="0.33" fuel="5.78" electricity="0.00" noise="117.15" route="routeleft" type="cfm_slow" waiting="0.00" lane="left_0" pos="3.38" speed="3.14" angle="178.42" x="-1.27" y="56.72"/>
    </timestep>
    <timestep time="0.24">
        <vehicle id="cfm_slow_0" eclass="HBEFA3/PC_G_EU4" CO2="13917.22" CO="343.90" HC="1.91" NOx="6.44" PMx="0.34" fuel="5.98" electricity="0.00" noise="117.20" route="routebottom" type="cfm_slow" waiting="0.00" lane="bottom_0" pos="1.41" speed="3.27" angle="91.97" x="66.58" y="-1.58"/>
        <vehicle id="cfm_slow_1" eclass="HBEFA3/PC_G_EU4" CO2="13917.22" CO="343.90" HC="1.91" NOx="6.44" PMx="0.34" fuel="5.98" electricity="0.00" noise="117.20" route="routebottom" type="cfm_slow" waiting="0.00" lane="bottom_0" pos="39.41" speed="3.27" angle="23.56" x="125.38" y="42.32"/>
        <vehicle id="cfm_slow_2" eclass="HBEFA3/PC_G_EU4" CO2="13917.22" CO="343.90" HC="1.91" NOx="6.44" PMx="0.34" fuel="5.98" electricity="0.00" noise="117.20" route="routeright" type="cfm_slow" waiting="0.00" lane="right_0" pos="27.41" speed="3.27" angle="315.18" x="106.22" y="113.19"/>
        <vehicle id="cfm_slow_3" eclass="HBEFA3/PC_G_EU4" CO2="13917.22" CO="343.90" HC="1.91" NOx="6.44" PMx="0.34" fuel="5.98" electricity="0.00" noise="117.20" route="routetop" type="cfm_slow" waiting="0.00" lane="top_0" pos="15.41" speed="3.27" angle="246.76" x="33.25" y="121.46"/>
        <vehicle id="cfm_slow_4" eclass="HBEFA3/PC_G_EU4" CO2="13917.22" CO="343.90" HC="1.91" NOx="6.44" PMx="0.34" fuel="5.98" electricity="0.00" noise="117.20" route="routeleft" type="cfm_slow" waiting="0.00" lane="left_0" pos="3.41" speed="3.27" angle="178.36" x="-1.27" y="56.65"/>
    </timestep>
    <timestep time="0.25">
        <vehicle id="cfm_slow_0" eclass="HBEFA3/PC_G_EU4" CO2="14391.39" CO="351.63" HC="1.95" NOx="6.66" PMx="0.36" fuel="6.19" electricity="0.00" noise="117.26" route="routebottom" type="cfm_slow" waiting="0.00" lane="bottom_0" pos="1.44" speed="3.41" angle="91.90" x="66.65" y="-1.58"/>
        <vehicle id="cfm_slow_1" eclass="HBEFA3/PC_G_EU4" CO2="14391.39" CO="351.63" HC="1.95" NOx="6.66" PMx="0.36" fuel="6.19" electricity="0.00" noise="117.26" route="routebottom" type="cfm_slow" waiting="0.00" lane="bottom_0" pos="39.44" speed="3.41" angle="23.50" x="125.40" y="42.38"/>
        <vehicle id="cfm_slow_2" eclass="HBEFA3/PC_G_EU4" CO2="14391.39" CO="351.63" HC="1.95" NOx="6.66" PMx="0.36" fuel="6.19" electricity="0.00" noise="117.26" route="routeright" type="cfm_slow" waiting="0.00" lane="right_0" pos="27.44" speed="3.41" angle="315.11" x="106.16" y="113.24"/>
        <vehicle id="cfm_slow_3" eclass="HBEFA3/PC_G_EU4" CO2="14391.39" CO="351.63" HC="1.95" NOx="6.66" PMx="0.36" fuel="6.19" electricity="0.00" noise="117.26" route="routetop" type="cfm_slow" waiting="0.00" lane="top_0" pos="15.44" speed="3.41" angle="246.70" x="33.19" y="121.43"/>
        <vehicle id="cfm_slow_4" eclass="HBEFA3/PC_G_EU4" CO2="14391.39" CO="351.63" HC="1.95" NOx="6.66" PMx="0.36" fuel="6.19" electricity="0.00" noise="117.26" route="routeleft" type="cfm_slow" waiting="0.00" lane="left_0" pos="3.44" speed="3.41" angle="178.30" x="-1.26" y="56.58"/>
    </timestep>
    <timestep time="0.26">
        <vehicle id="cfm_slow_0" eclass="HBEFA3/PC_G_EU4" CO2="14865.86" CO="359.38" HC="2.00" NOx="6.88" PMx="0.37" fuel="6.39" electricity="0.00" noise="117.31" route="routebottom" type="cfm_slow" waiting="0.00" lane="bottom_0" pos="1.48" speed="3.55" angle="91.84" x="66.72" y="-1.57"/>
        <vehicle id="cfm_slow_1" eclass="HBEFA3/PC_G_EU4" CO2="14865.86" CO="359.38" HC="2.00" NOx="6.88" PMx="0.37" fuel="6.39" electricity="0.00" noise="117.31" route="routebottom" type="cfm_slow" waiting="0.00" lane="bottom_0" pos="39.48" speed="3.55" angle="23.44" x="125.43" y="42.45"/>
        <vehicle id="cfm_slow_2" eclass="HBEFA3/PC_G_EU4" CO2="14865.86" CO="359.38" HC="2.00" NOx="6.88" PMx="0.37" fuel="6.39" electricity="0.00" noise="117.31" route="routeright" type="cfm_slow" waiting="0.00" lane="right_0" pos="27.48" speed="3.55" angle="315.04" x="106.11" y="113.29"/>
        <vehicle id="cfm_slow_3" eclass="HBEFA3/PC_G_EU4" CO2="14865.86" CO="359.38" HC="2.00" NOx="6.88" PMx="0.37" fuel="6.39" electricity="0.00" noise="117.31" route="routetop" type="cfm_slow" waiting="0.00" lane="top_0" pos="15.48" speed="3.55" angle="246.64" x="33.13" y="121.40"/>
        <vehicle id="cfm_slow_4" eclass="HBEFA3/PC_G_EU4" CO2="14865.86" CO="359.38" HC="2.00" NOx="6.88" PMx="0.37" fuel="6.39" electricity="0.00" noise="117.31" route="routeleft" type="cfm_slow" waiting="0.00" lane="left_0" pos="3.48" speed="3.55" angle="178.24" x="-1.25" y="56.51"/>
    </timestep>
    <timestep time="0.27">
        <vehicle id="cfm_slow_0" eclass="HBEFA3/PC_G_EU4" CO2="15340.61" CO="367.16" HC="2.05" NOx="7.10" PMx="0.38" fuel="6.59" electricity="0.00" noise="117.37" route="routebottom" type="cfm_slow" waiting="0.00" lane="bottom_0" pos="1.52" speed="3.68" angle="91.77" x="66.80" y="-1.57"/>
        <vehicle id="cfm_slow_1" eclass="HBEFA3/PC_G_EU4" CO2="15340.61" CO="367.16" HC="2.05" NOx="7.10" PMx="0.38" fuel="6.59" electricity="0.00" noise="117.37" route="routebottom" type="cfm_slow" waiting="0.00" lane="bottom_0" pos="39.52" speed="3.68" angle="23.37" x="125.45" y="42.52"/>
        <vehicle id="cfm_slow_2" eclass="HBEFA3/PC_G_EU4" CO2="15340.61" CO="367.16" HC="2.05" NOx="7.10" PMx="0.38" fuel="6.59" electricity="0.00" noise="117.37" route="routeright" type="cfm_slow" waiting="0.00" lane="right_0" pos="27.52" speed="3.68" angle="314.97" x="106.05" y="113.33"/>
        <vehicle id="cfm_slow_3" eclass="HBEFA3/PC_G_EU4" CO2="15340.61" CO="367.16" HC="2.05" NOx="7.10" PMx="0.38" fuel="6.59" electricity="0.00" noise="117.37" route="routetop" type="cfm_slow" waiting="0.00" lane="top_0" pos="15.52" speed="3.68" angle="246.57" x="33.06" y="121.36"/>
        <vehicle id="cfm_slow_4" eclass="HBEFA3/PC_G_EU4" CO2="15340.61" CO="367.16" HC="2.05" NOx="7.10" PMx="0.38" fuel="6.59" electricity="0.00" noise="117.37" route="routeleft" type="cfm_slow" waiting="0.00" lane="left_0" pos="3.52" speed="3.68" angle="178.17" x="-1.24" y="56.44"/>
    </timestep>
    <timestep time="0.28">
        <vehicle id="cfm_slow_0" eclass="HBEFA3/PC_G_EU4" CO2="15815.66" CO="374.96" HC="2.09" NOx="7.32" PMx="0.39" fuel="6.80" electricity="0.00" noise="117.42" route="routebottom" type="cfm_slow" waiting="0.00" lane="bottom_0" pos="1.55" speed="3.82" angle="91.70" x="66.87" y="-1.56"/>
        <vehicle id="cfm_slow_1" eclass="HBEFA3/PC_G_EU4" CO2="15815.66" CO="374.96" HC="2.09" NOx="7.32" PMx="0.39" fuel="6.80" electricity="0.00" noise="117.42" route="routebottom" type="cfm_slow" waiting="0.00" lane="bottom_0" pos="39.55" speed="3.82" angle="23.30" x="125.48" y="42.59"/>
        <vehicle id="cfm_slow_2" eclass="HBEFA3/PC_G_EU4" CO2="15815.66" CO="374.96" HC="2.09" NOx="7.32" PMx="0.39" fuel="6.80" electricity="0.00" noise="117.42" route="routeright" type="cfm_slow" waiting="0.00" lane="right_0" pos="27.55" speed="3.82" angle="314.89" x="105.99" y="113.38"/>
        <vehicle id="cfm_slow_3" eclass="HBEFA3/PC_G_EU4" CO2="15815.66" CO="374.96" HC="2.09" NOx="7.32" PMx="0.39" fuel="6.80" electricity="0.00" noise="117.42" route="routetop" type="cfm_slow" waiting="0.00" lane="top_0" pos="15.55" speed="3.82" angle="246.50" x="32.99" y="121.32"/>
        <vehicle id="cfm_slow_4" eclass="HBEFA3/PC_G_EU4" CO2="15815.66" CO="374.96" HC="2.09" NOx="7.32" PMx="0.39" fuel="6.80" electricity="0.00" noise="117.42" route="routeleft" type="cfm_slow" waiting="0.00" lane="left_0" pos="3.55" speed="3.82" angle="178.10" x="-1.24" y="56.36"/>
    </timestep>
    <timestep time="0.29">
        <vehicle id="cfm_slow_0" eclass="HBEFA3/PC_G_EU4" CO2="16290.99" CO="382.78" HC="2.14" NOx="7.54" PMx="0.40" fuel="7.00" electricity="0.00" noise="117.48" route="routebottom" type="cfm_slow" waiting="0.00" lane="bottom_0" pos="1.59" speed="3.95" angle="91.63" x="66.96" y="-1.56"/>
        <vehicle id="cfm_slow_1" eclass="HBEFA3/PC_G_EU4" CO2="16290.99" CO="382.78" HC="2.14" NOx="7.54" PMx="0.40" fuel="7.00" electricity="0.00" noise="117.48" route="routebottom" type="cfm_slow" waiting="0.00" lane="bottom_0" pos="39.59" speed="3.95" angle="23.23" x="125.51" y="42.67"/>
        <vehicle id="cfm_slow_2" eclass="HBEFA3/PC_G_EU4" CO2="16290.99" CO="382.78" HC="2.14" NOx="7.54" PMx="0.40" fuel="7.00" electricity="0.00" noise="117.48" route="routeright" type="cfm_slow" waiting="0.00" lane="right_0" pos="27.59" speed="3.95" angle="314.82" x="105.93" y="113.44"/>
        <vehicle id="cfm_slow_3" eclass="HBEFA3/PC_G_EU4" CO2="16290.99" CO="382.78" HC="2.14" NOx="7.54" PMx="0.40" fuel="7.00" electricity="0.00" noise="117.48" route="routetop" type="cfm_slow" waiting="0.00" lane="top_0" pos="15.59" speed="3.95" angle="246.43" x="32.92" y="121.28"/>
        <vehicle id="cfm_slow_4" eclass="HBEFA3/PC_G_EU4" CO2="16290.99" CO="382.78" HC="2.14" NOx="7.54" PMx="0.40" fuel="7.00" electricity="0.00" noise="117.48" route="routeleft" type="cfm_slow" waiting="0.00" lane="left_0" pos="3.59" speed="3.95" angle="178.03" x="-1.23" y="56.28"/>
    </timestep>
    <timestep time="0.30">
        <vehicle id="cfm_slow_0" eclass="HBEFA3/PC_G_EU4" CO2="16766.62" CO="390.62" HC="2.19" NOx="7.77" PMx="0.41" fuel="7.21" electricity="0.00" noise="117.53" route="routebottom" type="cfm_slow" waiting="0.00" lane="bottom_0" pos="1.63" speed="4.09" angle="91.56" x="67.04" y="-1.55"/>
        <vehicle id="cfm_slow_1" eclass="HBEFA3/PC_G_EU4" CO2="16766.62" CO="390.62" HC="2.19" NOx="7.77" PMx="0.41" fuel="7.21" electricity="0.00" noise="117.53" route="routebottom" type="cfm_slow" waiting="0.00" lane="bottom_0" pos="39.63" speed="4.09" angle="23.17" x="125.54" y="42.75"/>
        <vehicle id="cfm_slow_2" eclass="HBEFA3/PC_G_EU4" CO2="16766.62" CO="390.62" HC="2.19" NOx="7.77" PMx="0.41" fuel="7.21" electricity="0.00" noise="117.53" route="routeright" type="cfm_slow" waiting="0.00" lane="right_0" pos="27.63" speed="4.09" angle="314.74" x="105.86" y="113.49"/>
        <vehicle id="cfm_slow_3" eclass="HBEFA3/PC_G_EU4" CO2="16766.62" CO="390.62" HC="2.19" NOx="7.77" PMx="0.41" fuel="7.21" electricity="0.00" noise="117.53" route="routetop" type="cfm_slow" waiting="0.00" lane="top_0" pos="15.63" speed="4.09" angle="246.36" x="32.85" y="121.24"/>
        <vehicle id="cfm_slow_4" eclass="HBEFA3/PC_G_EU4" CO2="16766.62" CO="390.62" HC="2.19" NOx="7.77" PMx="0.41" fuel="7.21" electricity="0.00" noise="117.53" route="routeleft" type="cfm_slow" waiting="0.00" lane="left_0" pos="3.63" speed="4.09" angle="177.95" x="-1.22" y="56.19"/>
    </timestep>
    <timestep time="0.31">
        <vehicle id="cfm_slow_0" eclass="HBEFA3/PC_G_EU4" CO2="17242.54" CO="398.48" HC="2.24" NOx="7.99" PMx="0.43" fuel="7.41" electricity="0.00" noise="117.59" route="routebottom" type="cfm_slow" waiting="0.00" lane="bottom_0" pos="1.68" speed="4.23" angle="91.48" x="67.13" y="-1.55"/>
        <vehicle id="cfm_slow_1" eclass="HBEFA3/PC_G_EU4" CO2="17242.54" CO="398.48" HC="2.24" NOx="7.99" PMx="0.43" fuel="7.41" electricity="0.00" noise="117.59" route="routebottom" type="cfm_slow" waiting="0.00" lane="bottom_0" pos="39.68" speed="4.23" angle="23.11" x="125.57" y="42.83"/>
        <vehicle id="cfm_slow_2" eclass="HBEFA3/PC_G_EU4" CO2="17242.54" CO="398.48" HC="2.24" NOx="7.99" PMx="0.43" fuel="7.41" electricity="0.00" noise="117.59" route="routeright" type="cfm_slow" waiting="0.00" lane="right_0" pos="27.68" speed="4.23" angle="314.65" x="105.80" y="113.55"/>
        <vehicle id="cfm_slow_3" eclass="HBEFA3/PC_G_EU4" CO2="17242.54" CO="398.48" HC="2.24" NOx="7.99" PMx="0.43" fuel="7.41" electricity="0.00" noise="117.59" route="routetop" type="cfm_slow" waiting="0.00" lane="top_0" pos="15.68" speed="4.23" angle="246.28" x="32.77" y="121.20"/>
        <vehicle id="cfm_slow_4" eclass="HBEFA3/PC_G_EU4" CO2="17242.54" CO="398.48" HC="2.24" NOx="7.99" PMx="0.43" fuel="7.41" electricity="0.00" noise="117.59" route="routeleft" type="cfm_slow" waiting="0.00" lane="left_0" pos="3.68" speed="4.23" angle="177.88" x="-1.21" y="56.11"/>
    </timestep>
    <timestep time="0.32">
        <vehicle id="cfm_slow_0" eclass="HBEFA3/PC_G_EU4" CO2="17718.76" CO="406.36" HC="2.28" NOx="8.21" PMx="0.44" fuel="7.62" electricity="0.00" noise="117.64" route="routebottom" type="cfm_slow" waiting="0.00" lane="bottom_0" pos="1.72" speed="4.36" angle="91.40" x="67.21" y="-1.54"/>
        <vehicle id="cfm_slow_1" eclass="HBEFA3/PC_G_EU4" CO2="17718.76" CO="406.36" HC="2.28" NOx="8.21" PMx="0.44" fuel="7.62" electricity="0.00" noise="117.64" route="routebottom" type="cfm_slow" waiting="0.00" lane="bottom_0" pos="39.72" speed="4.36" angle="23.06" x="125.60" y="42.91"/>
        <vehicle id="cfm_slow_2" eclass="HBEFA3/PC_G_EU4" CO2="17718.76" CO="406.36" HC="2.28" NOx="8.21" PMx="0.44" fuel="7.62" electricity="0.00" noise="117.64" route="routeright" type="cfm_slow" waiting="0.00" lane="right_0" pos="27.72" speed="4.36" angle="314.57" x="105.73" y="113.60"/>
        <vehicle id="cfm_slow_3" eclass="HBEFA3/PC_G_EU4" CO2="17718.76" CO="406.36" HC="2.28" NOx="8.21" PMx="0.44" fuel="7.62" electricity="0.00" noise="117.64" route="routetop" type="cfm_slow" waiting="0.00" lane="top_0" pos="15.72" speed="4.36" angle="246.20" x="32.70" y="121.16"/>
        <vehicle id="cfm_slow_4" eclass="HBEFA3/PC_G_EU4" CO2="17718.76" CO="406.36" HC="2.28" NOx="8.21" PMx="0.44" fuel="7.62" electricity="0.00" noise="117.64" route="routeleft" type="cfm_slow" waiting="0.00" lane="left_0" pos="3.72" speed="4.36" angle="177.80" x="-1.20" y="56.02"/>
    </timestep>
    <timestep time="0.33">
        <vehicle id="cfm_slow_0" eclass="HBEFA3/PC_G_EU4" CO2="18195.26" CO="414.27" HC="2.33" NOx="8.43" PMx="0.45" fuel="7.82" electricity="0.00" noise="117.70" route="routebottom" type="cfm_slow" waiting="0.00" lane="bottom_0" pos="1.76" speed="4.50" angle="91.32" x="67.31" y="-1.54"/>
        <vehicle id="cfm_slow_1" eclass="HBEFA3/PC_G_EU4" CO2="18195.26" CO="414.27" HC="2.33" NOx="8.43" PMx="0.45" fuel="7.82" electricity="0.00" noise="117.70" route="routebottom" type="cfm_slow" waiting="0.00" lane="bottom_0" pos="39.77" speed="4.50" angle="22.99" x="125.63" y="43.00"/>
        <vehicle id="cfm_slow_2" eclass="HBEFA3/PC_G_EU4" CO2="18195.26" CO="414.27" HC="2.33" NOx="8.43" PMx="0.45" fuel="7.82" electricity="0.00" noise="117.70" route="routeright" type="cfm_slow" waiting="0.00" lane="right_0" pos="27.76" speed="4.50" angle="314.48" x="105.66" y="113.66"/>
        <vehicle id="cfm_slow_3" eclass="HBEFA3/PC_G_EU4" CO2="18195.26" CO="414.27" HC="2.33" NOx="8.43" PMx="0.45" fuel="7.82" electricity="0.00" noise="117.70" route="routetop" type="cfm_slow" waiting="0.00" lane="top_0" pos="15.76" speed="4.50" angle="246.12" x="32.62" y="121.11"/>
        <vehicle id="cfm_slow_4" eclass="HBEFA3/PC_G_EU4" CO2="18195.26" CO="414.27" HC="2.33" NOx="8.43" PMx="0.45" fuel="7.82" electricity="0.00" noise="117.70" route="routeleft" type="cfm_slow" waiting="0.00" lane="left_0" pos="3.77" speed="4.50" angle="177.73" x="-1.19" y="55.93"/>
    </timestep>
    <timestep time="0.34">
        <vehicle id="cfm_slow_0" eclass="HBEFA3/PC_G_EU4" CO2="18672.06" CO="422.19" HC="2.38" NOx="8.65" PMx="0.46" fuel="8.03" electricity="0.00" noise="117.75" route="routebottom" type="cfm_slow" waiting="0.00" lane="bottom_0" pos="1.81" speed="4.64" angle="91.23" x="67.40" y="-1.53"/>
        <vehicle id="cfm_slow_1" eclass="HBEFA3/PC_G_EU4" CO2="18672.06" CO="422.19" HC="2.38" NOx="8.65" PMx="0.46" fuel="8.03" electricity="0.00" noise="117.75" route="routebottom" type="cfm_slow" waiting="0.00" lane="bottom_0" pos="39.81" speed="4.64" angle="22.90" x="125.65" y="43.09"/>
        <vehicle id="cfm_slow_2" eclass="HBEFA3/PC_G_EU4" CO2="18672.06" CO="422.19" HC="2.38" NOx="8.65" PMx="0.46" fuel="8.03" electricity="0.00" noise="117.75" route="routeright" type="cfm_slow" waiting="0.00" lane="right_0" pos="27.81" speed="4.64" angle="314.39" x="105.58" y="113.72"/>
        <vehicle id="cfm_slow_3" eclass="HBEFA3/PC_G_EU4" CO2="18672.06" CO="422.19" HC="2.38" NOx="8.65" PMx="0.46" fuel="8.03" electricity="0.00" noise="117.75" route="routetop" type="cfm_slow" waiting="0.00" lane="top_0" pos="15.81" speed="4.64" angle="246.04" x="32.53" y="121.06"/>
        <vehicle id="cfm_slow_4" eclass="HBEFA3/PC_G_EU4" CO2="18672.06" CO="422.19" HC="2.38" NOx="8.65" PMx="0.46" fuel="8.03" electricity="0.00" noise="117.75" route="routeleft" type="cfm_slow" waiting="0.00" lane="left_0" pos="3.81" speed="4.64" angle="177.67" x="-1.18" y="55.83"/>
    </timestep>
    <timestep time="0.35">
        <vehicle id="cfm_slow_0" eclass="HBEFA3/PC_G_EU4" CO2="19149.15" CO="430.14" HC="2.43" NOx="8.87" PMx="0.47" fuel="8.23" electricity="0.00" noise="117.81" route="routebottom" type="cfm_slow" waiting="0.00" lane="bottom_0" pos="1.86" speed="4.77" angle="91.15" x="67.50" y="-1.53"/>
        <vehicle id="cfm_slow_1" eclass="HBEFA3/PC_G_EU4" CO2="19149.15" CO="430.14" HC="2.43" NOx="8.87" PMx="0.47" fuel="8.23" electricity="0.00" noise="117.81" route="routebottom" type="cfm_slow" waiting="0.00" lane="bottom_0" pos="39.86" speed="4.77" angle="22.82" x="125.68" y="43.19"/>
        <vehicle id="cfm_slow_2" eclass="HBEFA3/PC_G_EU4" CO2="19149.15" CO="430.14" HC="2.43" NOx="8.87" PMx="0.47" fuel="8.23" electricity="0.00" noise="117.81" route="routeright" type="cfm_slow" waiting="0.00" lane="right_0" pos="27.86" speed="4.77" angle="314.29" x="105.51" y="113.79"/>
        <vehicle id="cfm_slow_3" eclass="HBEFA3/PC_G_EU4" CO2="19149.15" CO="430.14" HC="2.43" NOx="8.87" PMx="0.47" fuel="8.23" electricity="0.00" noise="117.81" route="routetop" type="cfm_slow" waiting="0.00" lane="top_0" pos="15.86" speed="4.77" angle="245.95" x="32.45" y="121.02"/>
        <vehicle id="cfm_slow_4" eclass="HBEFA3/PC_G_EU4" CO2="19149.15" CO="430.14" HC="2.43" NOx="8.87" PMx="0.47" fuel="8.23" electricity="0.00" noise="117.81" route="routeleft" type="cfm_slow" waiting="0.00" lane="left_0" pos="3.86" speed="4.77" angle="177.59" x="-1.17" y="55.74"/>
    </timestep>
    <timestep time="0.36">
        <vehicle id="cfm_slow_0" eclass="HBEFA3/PC_G_EU4" CO2="19626.53" CO="438.11" HC="2.48" NOx="9.09" PMx="0.49" fuel="8.44" electricity="0.00" noise="117.87" route="routebottom" type="cfm_slow" waiting="0.00" lane="bottom_0" pos="1.91" speed="4.91" angle="91.06" x="67.60" y="-1.52"/>
        <vehicle id="cfm_slow_1" eclass="HBEFA3/PC_G_EU4" CO2="19626.53" CO="438.11" HC="2.48" NOx="9.09" PMx="0.49" fuel="8.44" electricity="0.00" noise="117.87" route="routebottom" type="cfm_slow" waiting="0.00" lane="bottom_0" pos="39.91" speed="4.91" angle="22.72" x="125.71" y="43.28"/>
        <vehicle id="cfm_slow_2" eclass="HBEFA3/PC_G_EU4" CO2="19626.53" CO="438.11" HC="2.48" NOx="9.09" PMx="0.49" fuel="8.44" electricity="0.00" noise="117.87" route="routeright" type="cfm_slow" waiting="0.00" lane="right_0" pos="27.91" speed="4.91" angle="314.20" x="105.43" y="113.85"/>
        <vehicle id="cfm_slow_3" eclass="HBEFA3/PC_G_EU4" CO2="19626.53" CO="438.11" HC="2.48" NOx="9.09" PMx="0.49" fuel="8.44" electricity="0.00" noise="117.87" route="routetop" type="cfm_slow" waiting="0.00" lane="top_0" pos="15.91" speed="4.91" angle="245.87" x="32.36" y="120.97"/>
        <vehicle id="cfm_slow_4" eclass="HBEFA3/PC_G_EU4" CO2="19626.53" CO="438.11" HC="2.48" NOx="9.09" PMx="0.49" fuel="8.44" electricity="0.00" noise="117.87" route="routeleft" type="cfm_slow" waiting="0.00" lane="left_0" pos="3.91" speed="4.91" angle="177.50" x="-1.16" y="55.64"/>
    </timestep>
    <timestep time="0.37">
        <vehicle id="cfm_slow_0" eclass="HBEFA3/PC_G_EU4" CO2="20104.21" CO="446.10" HC="2.52" NOx="9.31" PMx="0.50" fuel="8.64" electricity="0.00" noise="117.92" route="routebottom" type="cfm_slow" waiting="0.00" lane="bottom_0" pos="1.96" speed="5.05" angle="90.97" x="67.70" y="-1.51"/>
        <vehicle id="cfm_slow_1" eclass="HBEFA3/PC_G_EU4" CO2="20104.21" CO="446.10" HC="2.52" NOx="9.31" PMx="0.50" fuel="8.64" electricity="0.00" noise="117.92" route="routebottom" type="cfm_slow" waiting="0.00" lane="bottom_0" pos="39.96" speed="5.05" angle="22.63" x="125.74" y="43.38"/>
        <vehicle id="cfm_slow_2" eclass="HBEFA3/PC_G_EU4" CO2="20104.21" CO="446.10" HC="2.52" NOx="9.31" PMx="0.50" fuel="8.64" electricity="0.00" noise="117.92" route="routeright" type="cfm_slow" waiting="0.00" lane="right_0" pos="27.96" speed="5.05" angle="314.10" x="105.35" y="113.92"/>
        <vehicle id="cfm_slow_3" eclass="HBEFA3/PC_G_EU4" CO2="20104.21" CO="446.10" HC="2.52" NOx="9.31" PMx="0.50" fuel="8.64" electricity="0.00" noise="117.92" route="routetop" type="cfm_slow" waiting="0.00" lane="top_0" pos="15.96" speed="5.05" angle="245.77" x="32.27" y="120.92"/>
        <vehicle id="cfm_slow_4" eclass="HBEFA3/PC_G_EU4" CO2="20104.21" CO="446.10" HC="2.52" NOx="9.31" PMx="0.50" fuel="8.64" electricity="0.00" noise="117.92" route="routeleft" type="cfm_slow" waiting="0.00" lane="left_0" pos="3.96" speed="5.05" angle="177.41" x="-1.14" y="55.53"/>
    </timestep>
    <timestep time="0.38">
        <vehicle id="cfm_slow_0" eclass="HBEFA3/PC_G_EU4" CO2="20582.17" CO="454.12" HC="2.57" NOx="9.54" PMx="0.51" fuel="8.85" electricity="0.00" noise="117.98" route="routebottom" type="cfm_slow" waiting="0.00" lane="bottom_0" pos="2.01" speed="5.18" angle="90.87" x="67.81" y="-1.51"/>
        <vehicle id="cfm_slow_1" eclass="HBEFA3/PC_G_EU4" CO2="20582.17" CO="454.12" HC="2.57" NOx="9.54" PMx="0.51" fuel="8.85" electricity="0.00" noise="117.98" route="routebottom" type="cfm_slow" waiting="0.00" lane="bottom_0" pos="40.01" speed="5.18" angle="22.53" x="125.78" y="43.48"/>
        <vehicle id="cfm_slow_2" eclass="HBEFA3/PC_G_EU4" CO2="20582.17" CO="454.12" HC="2.57" NOx="9.54" PMx="0.51" fuel="8.85" electricity="0.00" noise="117.98" route="routeright" type="cfm_slow" waiting="0.00" lane="right_0" pos="28.01" speed="5.18" angle="314.00" x="105.27" y="113.99"/>
        <vehicle id="cfm_slow_3" eclass="HBEFA3/PC_G_EU4" CO2="20582.17" CO="454.12" HC="2.57" NOx="9.54" PMx="0.51" fuel="8.85" electricity="0.00" noise="117.98" route="routetop" type="cfm_slow" waiting="0.00" lane="top_0" pos="16.01" speed="5.18" angle="245.68" x="32.18" y="120.87"/>
        <vehicle id="cfm_slow_4" eclass="HBEFA3/PC_G_EU4" CO2="20582.17" CO="454.12" HC="2.57" NOx="9.54" PMx="0.51" fuel="8.85" electricity="0.00" noise="117.98" route="routeleft" type="cfm_slow" waiting="0.00" lane="left_0" pos="4.01" speed="5.18" angle="177.32" x="-1.13" y="55.43"/>
    </timestep>
    <timestep time="0.39">
        <vehicle id="cfm_slow_0" eclass="HBEFA3/PC_G_EU4" CO2="21060.43" CO="462.15" HC="2.62" NOx="9.76" PMx="0.52" fuel="9.05" electricity="0.00" noise="118.03" route="routebottom" type="cfm_slow" waiting="0.00" lane="bottom_0" pos="2.06" speed="5.32" angle="90.77" x="67.92" y="-1.50"/>
        <vehicle id="cfm_slow_1" eclass="HBEFA3/PC_G_EU4" CO2="21060.43" CO="462.15" HC="2.62" NOx="9.76" PMx="0.52" fuel="9.05" electricity="0.00" noise="118.03" route="routebottom" type="cfm_slow" waiting="0.00" lane="bottom_0" pos="40.06" speed="5.32" angle="22.43" x="125.81" y="43.59"/>
        <vehicle id="cfm_slow_2" eclass="HBEFA3/PC_G_EU4" CO2="21060.43" CO="462.15" HC="2.62" NOx="9.76" PMx="0.52" fuel="9.05" electricity="0.00" noise="118.03" route="routeright" type="cfm_slow" waiting="0.00" lane="right_0" pos="28.06" speed="5.32" angle="313.89" x="105.19" y="114.06"/>
        <vehicle id="cfm_slow_3" eclass="HBEFA3/PC_G_EU4" CO2="21060.43" CO="462.15" HC="2.62" NOx="9.76" PMx="0.52" fuel="9.05" electricity="0.00" noise="118.03" route="routetop" type="cfm_slow" waiting="0.00" lane="top_0" pos="16.06" speed="5.32" angle="245.59" x="32.08" y="120.81"/>
        <vehicle id="cfm_slow_4" eclass="HBEFA3/PC_G_EU4" CO2="21060.43" CO="462.15" HC="2.62" NOx="9.76" PMx="0.52" fuel="9.05" electricity="0.00" noise="118.03" route="routeleft" type="cfm_slow" waiting="0.00" lane="left_0" pos="4.06" speed="5.32" angle="177.22" x="-1.11" y="55.32"/>
    </timestep>
    <timestep time="0.40">
        <vehicle id="cfm_slow_0" eclass="HBEFA3/PC_G_EU4" CO2="21538.98" CO="470.21" HC="2.67" NOx="9.98" PMx="0.53" fuel="9.26" electricity="0.00" noise="118.09" route="routebottom" type="cfm_slow" waiting="0.00" lane="bottom_0" pos="2.12" speed="5.45" angle="90.67" x="68.03" y="-1.49"/>
        <vehicle id="cfm_slow_1" eclass="HBEFA3/PC_G_EU4" CO2="21538.98" CO="470.21" HC="2.67" NOx="9.98" PMx="0.53" fuel="9.26" electricity="0.00" noise="118.09" route="routebottom" type="cfm_slow" waiting="0.00" lane="bottom_0" pos="40.12" speed="5.45" angle="22.33" x="125.84" y="43.69"/>
        <vehicle id="cfm_slow_2" eclass="HBEFA3/PC_G_EU4" CO2="21538.98" CO="470.21" HC="2.67" NOx="9.98" PMx="0.53" fuel="9.26" electricity="0.00" noise="118.09" route="routeright" type="cfm_slow" waiting="0.00" lane="right_0" pos="28.12" speed="5.45" angle="313.81" x="105.10" y="114.13"/>
        <vehicle id="cfm_slow_3" eclass="HBEFA3/PC_G_EU4" CO2="21538.98" CO="470.21" HC="2.67" NOx="9.98" PMx="0.53" fuel="9.26" electricity="0.00" noise="118.09" route="routetop" type="cfm_slow" waiting="0.00" lane="top_0" pos="16.12" speed="5.45" angle="245.49" x="31.98" y="120.76"/>
        <vehicle id="cfm_slow_4" eclass="HBEFA3/PC_G_EU4" CO2="21538.98" CO="470.21" HC="2.67" NOx="9.98" PMx="0.53" fuel="9.26" electricity="0.00" noise="118.09" route="routeleft" type="cfm_slow" waiting="0.00" lane="left_0" pos="4.12" speed="5.45" angle="177.12" x="-1.10" y="55.21"/>
    </timestep>
    <timestep time="0.41">
        <vehicle id="cfm_slow_0" eclass="HBEFA3/PC_G_EU4" CO2="22017.82" CO="478.28" HC="2.72" NOx="10.20" PMx="0.55" fuel="9.46" electricity="0.00" noise="118.15" route="routebottom" type="cfm_slow" waiting="0.00" lane="bottom_0" pos="2.17" speed="5.59" angle="90.57" x="68.14" y="-1.49"/>
        <vehicle id="cfm_slow_1" eclass="HBEFA3/PC_G_EU4" CO2="22017.82" CO="478.28" HC="2.72" NOx="10.20" PMx="0.55" fuel="9.46" electricity="0.00" noise="118.15" route="routebottom" type="cfm_slow" waiting="0.00" lane="bottom_0" pos="40.17" speed="5.59" angle="22.23" x="125.88" y="43.80"/>
        <vehicle id="cfm_slow_2" eclass="HBEFA3/PC_G_EU4" CO2="22017.82" CO="478.28" HC="2.72" NOx="10.20" PMx="0.55" fuel="9.46" electricity="0.00" noise="118.15" route="routeright" type="cfm_slow" waiting="0.00" lane="right_0" pos="28.17" speed="5.59" angle="313.73" x="105.01" y="114.20"/>
        <vehicle id="cfm_slow_3" eclass="HBEFA3/PC_G_EU4" CO2="22017.82" CO="478.28" HC="2.72" NOx="10.20" PMx="0.55" fuel="9.46" electricity="0.00" noise="118.15" route="routetop" type="cfm_slow" waiting="0.00" lane="top_0" pos="16.17" speed="5.59" angle="245.39" x="31.88" y="120.70"/>
        <vehicle id="cfm_slow_4" eclass="HBEFA3/PC_G_EU4" CO2="22017.82" CO="478.28" HC="2.72" NOx="10.20" PMx="0.55" fuel="9.46" electricity="0.00" noise="118.15" route="routeleft" type="cfm_slow" waiting="0.00" lane="left_0" pos="4.17" speed="5.59" angle="177.02" x="-1.08" y="55.10"/>
    </timestep>
    <timestep time="0.42">
        <vehicle id="cfm_slow_0" eclass="HBEFA3/PC_G_EU4" CO2="22496.95" CO="486.38" HC="2.77" NOx="10.43" PMx="0.56" fuel="9.67" electricity="0.00" noise="118.20" route="routebottom" type="cfm_slow" waiting="0.00" lane="bottom_0" pos="2.23" speed="5.73" angle="90.47" x="68.26" y="-1.48"/>
        <vehicle id="cfm_slow_1" eclass="HBEFA3/PC_G_EU4" CO2="22496.95" CO="486.38" HC="2.77" NOx="10.43" PMx="0.56" fuel="9.67" electricity="0.00" noise="118.20" route="routebottom" type="cfm_slow" waiting="0.00" lane="bottom_0" pos="40.23" speed="5.73" angle="22.12" x="125.91" y="43.91"/>
        <vehicle id="cfm_slow_2" eclass="HBEFA3/PC_G_EU4" CO2="22496.95" CO="486.38" HC="2.77" NOx="10.43" PMx="0.56" fuel="9.67" electricity="0.00" noise="118.20" route="routeright" type="cfm_slow" waiting="0.00" lane="right_0" pos="28.23" speed="5.73" angle="313.64" x="104.92" y="114.28"/>
        <vehicle id="cfm_slow_3" eclass="HBEFA3/PC_G_EU4" CO2="22496.95" CO="486.38" HC="2.77" NOx="10.43" PMx="0.56" fuel="9.67" electricity="0.00" noise="118.20" route="routetop" type="cfm_slow" waiting="0.00" lane="top_0" pos="16.23" speed="5.73" angle="245.28" x="31.78" y="120.65"/>
        <vehicle id="cfm_slow_4" eclass="HBEFA3/PC_G_EU4" CO2="22496.95" CO="486.38" HC="2.77" NOx="10.43" PMx="0.56" fuel="9.67" electricity="0.00" noise="118.20" route="routeleft" type="cfm_slow" waiting="0.00" lane="left_0" pos="4.23" speed="5.73" angle="176.91" x="-1.06" y="54.98"/>
    </timestep>
    <timestep time="0.43">
        <vehicle id="cfm_slow_0" eclass="HBEFA3/PC_G_EU4" CO2="22976.38" CO="494.50" HC="2.82" NOx="10.65" PMx="0.57" fuel="9.88" electricity="0.00" noise="118.26" route="routebottom" type="cfm_slow" waiting="0.00" lane="bottom_0" pos="2.29" speed="5.86" angle="90.36" x="68.38" y="-1.47"/>
        <vehicle id="cfm_slow_1" eclass="HBEFA3/PC_G_EU4" CO2="22976.38" CO="494.50" HC="2.82" NOx="10.65" PMx="0.57" fuel="9.88" electricity="0.00" noise="118.26" route="routebottom" type="cfm_slow" waiting="0.00" lane="bottom_0" pos="40.29" speed="5.86" angle="22.01" x="125.95" y="44.03"/>
        <vehicle id="cfm_slow_2" eclass="HBEFA3/PC_G_EU4" CO2="22976.38" CO="494.50" HC="2.82" NOx="10.65" PMx="0.57" fuel="9.88" electricity="0.00" noise="118.26" route="routeright" type="cfm_slow" waiting="0.00" lane="right_0" pos="28.29" speed="5.86" angle="313.53" x="104.83" y="114.35"/>
        <vehicle id="cfm_slow_3" eclass="HBEFA3/PC_G_EU4" CO2="22976.38" CO="494.50" HC="2.82" NOx="10.65" PMx="0.57" fuel="9.88" electricity="0.00" noise="118.26" route="routetop" type="cfm_slow" waiting="0.00" lane="top_0" pos="16.29" speed="5.86" angle="245.18" x="31.67" y="120.59"/>
        <vehicle id="cfm_slow_4" eclass="HBEFA3/PC_G_EU4" CO2="22976.38" CO="494.50" HC="2.82" NOx="10.65" PMx="0.57" fuel="9.88" electricity="0.00" noise="118.26" route="routeleft" type="cfm_slow" waiting="0.00" lane="left_0" pos="4.29" speed="5.86" angle="176.80" x="-1.05" y="54.86"/>
    </timestep>
    <timestep time="0.44">
        <vehicle id="cfm_slow_0" eclass="HBEFA3/PC_G_EU4" CO2="23456.09" CO="502.65" HC="2.87" NOx="10.87" PMx="0.58" fuel="10.08" electricity="0.00" noise="118.32" route="routebottom" type="cfm_slow" waiting="0.00" lane="bottom_0" pos="2.35" speed="6.00" angle="90.25" x="68.50" y="-1.46"/>
        <vehicle id="cfm_slow_1" eclass="HBEFA3/PC_G_EU4" CO2="23456.09" CO="502.65" HC="2.87" NOx="10.87" PMx="0.58" fuel="10.08" electricity="0.00" noise="118.32" route="routebottom" type="cfm_slow" waiting="0.00" lane="bottom_0" pos="40.35" speed="6.00" angle="21.90" x="125.98" y="44.15"/>
        <vehicle id="cfm_slow_2" eclass="HBEFA3/PC_G_EU4" CO2="23456.09" CO="502.65" HC="2.87" NOx="10.87" PMx="0.58" fuel="10.08" electricity="0.00" noise="118.32" route="routeright" type="cfm_slow" waiting="0.00" lane="right_0" pos="28.35" speed="6.00" angle="313.42" x="104.73" y="114.43"/>
        <vehicle id="cfm_slow_3" eclass="HBEFA3/PC_G_EU4" CO2="23456.09" CO="502.65" HC="2.87" NOx="10.87" PMx="0.58" fuel="10.08" electricity="0.00" noise="118.32" route="routetop" type="cfm_slow" waiting="0.00" lane="top_0" pos="16.35" speed="6.00" angle="245.07" x="31.57" y="120.53"/>
        <vehicle id="cfm_slow_4" eclass="HBEFA3/PC_G_EU4" CO2="23456.09" CO="502.65" HC="2.87" NOx="10.87" PMx="0.58" fuel="10.08" electricity="0.00" noise="118.32" route="routeleft" type="cfm_slow" waiting="0.00" lane="left_0" pos="4.35" speed="6.00" angle="176.69" x="-1.03" y="54.74"/>
    </timestep>
    <timestep time="0.45">
        <vehicle id="cfm_slow_0" eclass="HBEFA3/PC_G_EU4" CO2="23936.10" CO="510.81" HC="2.91" NOx="11.09" PMx="0.59" fuel="10.29" electricity="0.00" noise="118.38" route="routebottom" type="cfm_slow" waiting="0.00" lane="bottom_0" pos="2.41" speed="6.14" angle="90.14" x="68.63" y="-1.46"/>
        <vehicle id="cfm_slow_1" eclass="HBEFA3/PC_G_EU4" CO2="23936.10" CO="510.81" HC="2.91" NOx="11.09" PMx="0.59" fuel="10.29" electricity="0.00" noise="118.38" route="routebottom" type="cfm_slow" waiting="0.00" lane="bottom_0" pos="40.41" speed="6.14" angle="21.79" x="126.02" y="44.27"/>
        <vehicle id="cfm_slow_2" eclass="HBEFA3/PC_G_EU4" CO2="23936.10" CO="510.81" HC="2.91" NOx="11.09" PMx="0.59" fuel="10.29" electricity="0.00" noise="118.38" route="routeright" type="cfm_slow" waiting="0.00" lane="right_0" pos="28.41" speed="6.14" angle="313.31" x="104.63" y="114.51"/>
        <vehicle id="cfm_slow_3" eclass="HBEFA3/PC_G_EU4" CO2="23936.10" CO="510.81" HC="2.91" NOx="11.09" PMx="0.59" fuel="10.29" electricity="0.00" noise="118.38" route="routetop" type="cfm_slow" waiting="0.00" lane="top_0" pos="16.41" speed="6.14" angle="244.96" x="31.46" y="120.47"/>
        <vehicle id="cfm_slow_4" eclass="HBEFA3/PC_G_EU4" CO2="23936.10" CO="510.81" HC="2.91" NOx="11.09" PMx="0.59" fuel="10.29" electricity="0.00" noise="118.38" route="routeleft" type="cfm_slow" waiting="0.00" lane="left_0" pos="4.41" speed="6.14" angle="176.58" x="-1.01" y="54.61"/>
    </timestep>
    <timestep time="0.46">
        <vehicle id="cfm_slow_0" eclass="HBEFA3/PC_G_EU4" CO2="24416.40" CO="518.99" HC="2.96" NOx="11.32" PMx="0.61" fuel="10.50" electricity="0.00" noise="118.43" route="routebottom" type="cfm_slow" waiting="0.00" lane="bottom_0" pos="2.47" speed="6.27" angle="90.04" x="68.76" y="-1.45"/>
        <vehicle id="cfm_slow_1" eclass="HBEFA3/PC_G_EU4" CO2="24416.40" CO="518.99" HC="2.96" NOx="11.32" PMx="0.61" fuel="10.50" electricity="0.00" noise="118.43" route="routebottom" type="cfm_slow" waiting="0.00" lane="bottom_0" pos="40.47" speed="6.27" angle="21.67" x="126.06" y="44.39"/>
        <vehicle id="cfm_slow_2" eclass="HBEFA3/PC_G_EU4" CO2="24416.40" CO="518.99" HC="2.96" NOx="11.32" PMx="0.61" fuel="10.50" electricity="0.00" noise="118.43" route="routeright" type="cfm_slow" waiting="0.00" lane="right_0" pos="28.47" speed="6.27" angle="313.20" x="104.53" y="114.58"/>
        <vehicle id="cfm_slow_3" eclass="HBEFA3/PC_G_EU4" CO2="24416.40" CO="518.99" HC="2.96" NOx="11.32" PMx="0.61" fuel="10.50" electricity="0.00" noise="118.43" route="routetop" type="cfm_slow" waiting="0.00" lane="top_0" pos="16.47" speed="6.27" angle="244.85" x="31.34" y="120.41"/>
        <vehicle id="cfm_slow_4" eclass="HBEFA3/PC_G_EU4" CO2="24416.40" CO="518.99" HC="2.96" NOx="11.32" PMx="0.61" fuel="10.50" electricity="0.00" noise="118.43" route="routeleft" type="cfm_slow" waiting="0.00" lane="left_0" pos="4.47" speed="6.27" angle="176.47" x="-0.99" y="54.49"/>
    </timestep>
    <timestep time="0.47">
        <vehicle id="cfm_slow_0" eclass="HBEFA3/PC_G_EU4" CO2="24897.00" CO="527.20" HC="3.01" NOx="11.54" PMx="0.62" fuel="10.70" electricity="0.00" noise="118.49" route="routebottom" type="cfm_slow" waiting="0.00" lane="bottom_0" pos="2.54" speed="6.41" angle="89.95" x="68.89" y="-1.44"/>
        <vehicle id="cfm_slow_1" eclass="HBEFA3/PC_G_EU4" CO2="24897.00" CO="527.20" HC="3.01" NOx="11.54" PMx="0.62" fuel="10.70" electricity="0.00" noise="118.49" route="routebottom" type="cfm_slow" waiting="0.00" lane="bottom_0" pos="40.54" speed="6.41" angle="21.55" x="126.10" y="44.52"/>
        <vehicle id="cfm_slow_2" eclass="HBEFA3/PC_G_EU4" CO2="24897.00" CO="527.20" HC="3.01" NOx="11.54" PMx="0.62" fuel="10.70" electricity="0.00" noise="118.49" route="routeright" type="cfm_slow" waiting="0.00" lane="right_0" pos="28.54" speed="6.41" angle="313.08" x="104.43" y="114.67"/>
        <vehicle id="cfm_slow_3" eclass="HBEFA3/PC_G_EU4" CO2="24897.00" CO="527.20" HC="3.01" NOx="11.54" PMx="0.62" fuel="10.70" electricity="0.00" noise="118.49" route="routetop" type="cfm_slow" waiting="0.00" lane="top_0" pos="16.54" speed="6.41" angle="244.74" x="31.23" y="120.34"/>
        <vehicle id="cfm_slow_4" eclass="HBEFA3/PC_G_EU4" CO2="24897.00" CO="527.20" HC="3.01" NOx="11.54" PMx="0.62" fuel="10.70" electricity="0.00" noise="118.49" route="routeleft" type="cfm_slow" waiting="0.00" lane="left_0" pos="4.54" speed="6.41" angle="176.35" x="-0.98" y="54.36"/>
    </timestep>
    <timestep time="0.48">
        <vehicle id="cfm_slow_0" eclass="HBEFA3/PC_G_EU4" CO2="25377.88" CO="535.43" HC="3.06" NOx="11.76" PMx="0.63" fuel="10.91" electricity="0.00" noise="118.55" route="routebottom" type="cfm_slow" waiting="0.00" lane="bottom_0" pos="2.60" speed="6.55" angle="89.83" x="69.02" y="-1.43"/>
        <vehicle id="cfm_slow_1" eclass="HBEFA3/PC_G_EU4" CO2="25377.88" CO="535.43" HC="3.06" NOx="11.76" PMx="0.63" fuel="10.91" electricity="0.00" noise="118.55" route="routebottom" type="cfm_slow" waiting="0.00" lane="bottom_0" pos="40.60" speed="6.55" angle="21.43" x="126.14" y="44.64"/>
        <vehicle id="cfm_slow_2" eclass="HBEFA3/PC_G_EU4" CO2="25377.88" CO="535.43" HC="3.06" NOx="11.76" PMx="0.63" fuel="10.91" electricity="0.00" noise="118.55" route="routeright" type="cfm_slow" waiting="0.00" lane="right_0" pos="28.60" speed="6.55" angle="312.96" x="104.32" y="114.75"/>
        <vehicle id="cfm_slow_3" eclass="HBEFA3/PC_G_EU4" CO2="25377.88" CO="535.43" HC="3.06" NOx="11.76" PMx="0.63" fuel="10.91" electricity="0.00" noise="118.55" route="routetop" type="cfm_slow" waiting="0.00" lane="top_0" pos="16.60" speed="6.55" angle="244.64" x="31.11" y="120.28"/>
        <vehicle id="cfm_slow_4" eclass="HBEFA3/PC_G_EU4" CO2="25377.88" CO="535.43" HC="3.06" NOx="11.76" PMx="0.63" fuel="10.91" electricity="0.00" noise="118.55" route="routeleft" type="cfm_slow" waiting="0.00" lane="left_0" pos="4.60" speed="6.55" angle="176.23" x="-0.96" y="54.22"/>
    </timestep>
    <timestep time="0.49">
        <vehicle id="cfm_slow_0" eclass="HBEFA3/PC_G_EU4" CO2="25859.06" CO="543.68" HC="3.11" NOx="11.99" PMx="0.64" fuel="11.12" electricity="0.00" noise="118.61" route="routebottom" type="cfm_slow" waiting="0.00" lane="bottom_0" pos="2.67" speed="6.68" angle="89.71" x="69.16" y="-1.42"/>
        <vehicle id="cfm_slow_1" eclass="HBEFA3/PC_G_EU4" CO2="25859.06" CO="543.68" HC="3.11" NOx="11.99" PMx="0.64" fuel="11.12" electricity="0.00" noise="118.61" route="routebottom" type="cfm_slow" waiting="0.00" lane="bottom_0" pos="40.67" speed="6.68" angle="21.31" x="126.18" y="44.77"/>
        <vehicle id="cfm_slow_2" eclass="HBEFA3/PC_G_EU4" CO2="25859.06" CO="543.68" HC="3.11" NOx="11.99" PMx="0.64" fuel="11.12" electricity="0.00" noise="118.61" route="routeright" type="cfm_slow" waiting="0.00" lane="right_0" pos="28.67" speed="6.68" angle="312.84" x="104.22" y="114.83"/>
        <vehicle id="cfm_slow_3" eclass="HBEFA3/PC_G_EU4" CO2="25859.06" CO="543.68" HC="3.11" NOx="11.99" PMx="0.64" fuel="11.12" electricity="0.00" noise="118.61" route="routetop" type="cfm_slow" waiting="0.00" lane="top_0" pos="16.67" speed="6.68" angle="244.54" x="30.99" y="120.21"/>
        <vehicle id="cfm_slow_4" eclass="HBEFA3/PC_G_EU4" CO2="25859.06" CO="543.68" HC="3.11" NOx="11.99" PMx="0.64" fuel="11.12" electricity="0.00" noise="118.61" route="routeleft" type="cfm_slow" waiting="0.00" lane="left_0" pos="4.67" speed="6.68" angle="176.11" x="-0.94" y="54.09"/>
    </timestep>
    <timestep time="0.50">
        <vehicle id="cfm_slow_0" eclass="HBEFA3/PC_G_EU4" CO2="26340.53" CO="551.95" HC="3.16" NOx="12.21" PMx="0.65" fuel="11.32" electricity="0.00" noise="118.66" route="routebottom" type="cfm_slow" waiting="0.00" lane="bottom_0" pos="2.74" speed="6.82" angle="89.59" x="69.30" y="-1.40"/>
        <vehicle id="cfm_slow_1" eclass="HBEFA3/PC_G_EU4" CO2="26340.53" CO="551.95" HC="3.16" NOx="12.21" PMx="0.65" fuel="11.32" electricity="0.00" noise="118.66" route="routebottom" type="cfm_slow" waiting="0.00" lane="bottom_0" pos="40.74" speed="6.82" angle="21.18" x="126.22" y="44.91"/>
        <vehicle id="cfm_slow_2" eclass="HBEFA3/PC_G_EU4" CO2="26340.53" CO="551.95" HC="3.16" NOx="12.21" PMx="0.65" fuel="11.32" electricity="0.00" noise="118.66" route="routeright" type="cfm_slow" waiting="0.00" lane="right_0" pos="28.74" speed="6.82" angle="312.71" x="104.10" y="114.92"/>
        <vehicle id="cfm_slow_3" eclass="HBEFA3/PC_G_EU4" CO2="26340.53" CO="551.95" HC="3.16" NOx="12.21" PMx="0.65" fuel="11.32" electricity="0.00" noise="118.66" route="routetop" type="cfm_slow" waiting="0.00" lane="top_0" pos="16.74" speed="6.82" angle="244.41" x="30.87" y="120.14"/>
        <vehicle id="cfm_slow_4" eclass="HBEFA3/PC_G_EU4" CO2="26340.53" CO="551.95" HC="3.16" NOx="12.21" PMx="0.65" fuel="11.32" electricity="0.00" noise="118.66" route="routeleft" type="cfm_slow" waiting="0.00" lane="left_0" pos="4.74" speed="6.82" angle="175.98" x="-0.92" y="53.95"/>
    </timestep>
    <timestep time="0.51">
        <vehicle id="cfm_slow_0" eclass="HBEFA3/PC_G_EU4" CO2="26822.29" CO="560.24" HC="3.21" NOx="12.43" PMx="0.67" fuel="11.53" electricity="0.00" noise="118.72" route="routebottom" type="cfm_slow" waiting="0.00" lane="bottom_0" pos="2.81" speed="6.95" angle="89.46" x="69.44" y="-1.39"/>
        <vehicle id="cfm_slow_1" eclass="HBEFA3/PC_G_EU4" CO2="26822.29" CO="560.24" HC="3.21" NOx="12.43" PMx="0.67" fuel="11.53" electricity="0.00" noise="118.72" route="routebottom" type="cfm_slow" waiting="0.00" lane="bottom_0" pos="40.81" speed="6.95" angle="21.05" x="126.26" y="45.04"/>
        <vehicle id="cfm_slow_2" eclass="HBEFA3/PC_G_EU4" CO2="26822.29" CO="560.24" HC="3.21" NOx="12.43" PMx="0.67" fuel="11.53" electricity="0.00" noise="118.72" route="routeright" type="cfm_slow" waiting="0.00" lane="right_0" pos="28.81" speed="6.95" angle="312.59" x="103.99" y="115.01"/>
        <vehicle id="cfm_slow_3" eclass="HBEFA3/PC_G_EU4" CO2="26822.29" CO="560.24" HC="3.21" NOx="12.43" PMx="0.67" fuel="11.53" electricity="0.00" noise="118.72" route="routetop" type="cfm_slow" waiting="0.00" lane="top_0" pos="16.81" speed="6.95" angle="244.29" x="30.75" y="120.06"/>
        <vehicle id="cfm_slow_4" eclass="HBEFA3/PC_G_EU4" CO2="26822.29" CO="560.24" HC="3.21" NOx="12.43" PMx="0.67" fuel="11.53" electricity="0.00" noise="118.72" route="routeleft" type="cfm_slow" waiting="0.00" lane="left_0" pos="4.81" speed="6.95" angle="175.86" x="-0.90" y="53.81"/>
    </timestep>
    <timestep time="0.52">
        <vehicle id="cfm_slow_0" eclass="HBEFA3/PC_G_EU4" CO2="27304.34" CO="568.56" HC="3.26" NOx="12.66" PMx="0.68" fuel="11.74" electricity="0.00" noise="118.78" route="routebottom" type="cfm_slow" waiting="0.00" lane="bottom_0" pos="2.88" speed="7.09" angle="89.33" x="69.58" y="-1.37"/>
        <vehicle id="cfm_slow_1" eclass="HBEFA3/PC_G_EU4" CO2="27304.34" CO="568.56" HC="3.26" NOx="12.66" PMx="0.68" fuel="11.74" electricity="0.00" noise="118.78" route="routebottom" type="cfm_slow" waiting="0.00" lane="bottom_0" pos="40.88" speed="7.09" angle="20.92" x="126.30" y="45.18"/>
        <vehicle id="cfm_slow_2" eclass="HBEFA3/PC_G_EU4" CO2="27304.34" CO="568.56" HC="3.26" NOx="12.66" PMx="0.68" fuel="11.74" electricity="0.00" noise="118.78" route="routeright" type="cfm_slow" waiting="0.00" lane="right_0" pos="28.88" speed="7.09" angle="312.46" x="103.88" y="115.10"/>
        <vehicle id="cfm_slow_3" eclass="HBEFA3/PC_G_EU4" CO2="27304.34" CO="568.56" HC="3.26" NOx="12.66" PMx="0.68" fuel="11.74" electricity="0.00" noise="118.78" route="routetop" type="cfm_slow" waiting="0.00" lane="top_0" pos="16.88" speed="7.09" angle="244.16" x="30.62" y="119.99"/>
        <vehicle id="cfm_slow_4" eclass="HBEFA3/PC_G_EU4" CO2="27304.34" CO="568.56" HC="3.26" NOx="12.66" PMx="0.68" fuel="11.74" electricity="0.00" noise="118.78" route="routeleft" type="cfm_slow" waiting="0.00" lane="left_0" pos="4.88" speed="7.09" angle="175.73" x="-0.88" y="53.67"/>
    </timestep>
    <timestep time="0.53">
        <vehicle id="cfm_slow_0" eclass="HBEFA3/PC_G_EU4" CO2="27786.69" CO="576.89" HC="3.31" NOx="12.88" PMx="0.69" fuel="11.94" electricity="0.00" noise="118.84" route="routebottom" type="cfm_slow" waiting="0.00" lane="bottom_0" pos="2.95" speed="7.23" angle="89.20" x="69.73" y="-1.36"/>
        <vehicle id="cfm_slow_1" eclass="HBEFA3/PC_G_EU4" CO2="27786.69" CO="576.89" HC="3.31" NOx="12.88" PMx="0.69" fuel="11.94" electricity="0.00" noise="118.84" route="routebottom" type="cfm_slow" waiting="0.00" lane="bottom_0" pos="40.95" speed="7.23" angle="20.81" x="126.35" y="45.32"/>
        <vehicle id="cfm_slow_2" eclass="HBEFA3/PC_G_EU4" CO2="27786.69" CO="576.89" HC="3.31" NOx="12.88" PMx="0.69" fuel="11.94" electricity="0.00" noise="118.84" route="routeright" type="cfm_slow" waiting="0.00" lane="right_0" pos="28.95" speed="7.23" angle="312.33" x="103.76" y="115.19"/>
        <vehicle id="cfm_slow_3" eclass="HBEFA3/PC_G_EU4" CO2="27786.69" CO="576.89" HC="3.31" NOx="12.88" PMx="0.69" fuel="11.94" electricity="0.00" noise="118.84" route="routetop" type="cfm_slow" waiting="0.00" lane="top_0" pos="16.95" speed="7.23" angle="244.02" x="30.50" y="119.91"/>
        <vehicle id="cfm_slow_4" eclass="HBEFA3/PC_G_EU4" CO2="27786.69" CO="576.89" HC="3.31" NOx="12.88" PMx="0.69" fuel="11.94" electricity="0.00" noise="118.84" route="routeleft" type="cfm_slow" waiting="0.00" lane="left_0" pos="4.95" speed="7.23" angle="175.59" x="-0.86" y="53.52"/>
    </timestep>
    <timestep time="0.54">
        <vehicle id="cfm_slow_0" eclass="HBEFA3/PC_G_EU4" CO2="28269.32" CO="585.25" HC="3.36" NOx="13.11" PMx="0.70" fuel="12.15" electricity="0.00" noise="118.89" route="routebottom" type="cfm_slow" waiting="0.00" lane="bottom_0" pos="3.03" speed="7.36" angle="89.07" x="69.88" y="-1.34"/>
        <vehicle id="cfm_slow_1" eclass="HBEFA3/PC_G_EU4" CO2="28269.32" CO="585.25" HC="3.36" NOx="13.11" PMx="0.70" fuel="12.15" electricity="0.00" noise="118.89" route="routebottom" type="cfm_slow" waiting="0.00" lane="bottom_0" pos="41.02" speed="7.36" angle="20.71" x="126.39" y="45.47"/>
        <vehicle id="cfm_slow_2" eclass="HBEFA3/PC_G_EU4" CO2="28269.32" CO="585.25" HC="3.36" NOx="13.11" PMx="0.70" fuel="12.15" electricity="0.00" noise="118.89" route="routeright" type="cfm_slow" waiting="0.00" lane="right_0" pos="29.02" speed="7.36" angle="312.19" x="103.64" y="115.28"/>
        <vehicle id="cfm_slow_3" eclass="HBEFA3/PC_G_EU4" CO2="28269.32" CO="585.25" HC="3.36" NOx="13.11" PMx="0.70" fuel="12.15" electricity="0.00" noise="118.89" route="routetop" type="cfm_slow" waiting="0.00" lane="top_0" pos="17.02" speed="7.36" angle="243.89" x="30.37" y="119.84"/>
        <vehicle id="cfm_slow_4" eclass="HBEFA3/PC_G_EU4" CO2="28269.32" CO="585.25" HC="3.36" NOx="13.11" PMx="0.70" fuel="12.15" electricity="0.00" noise="118.89" route="routeleft" type="cfm_slow" waiting="0.00" lane="left_0" pos="5.02" speed="7.36" angle="175.44" x="-0.84" y="53.37"/>
    </timestep>
    <timestep time="0.55">
        <vehicle id="cfm_slow_0" eclass="HBEFA3/PC_G_EU4" CO2="28752.25" CO="593.63" HC="3.41" NOx="13.33" PMx="0.71" fuel="12.36" electricity="0.00" noise="118.95" route="routebottom" type="cfm_slow" waiting="0.00" lane="bottom_0" pos="3.10" speed="7.50" angle="88.93" x="70.04" y="-1.33"/>
        <vehicle id="cfm_slow_1" eclass="HBEFA3/PC_G_EU4" CO2="28752.25" CO="593.63" HC="3.41" NOx="13.33" PMx="0.71" fuel="12.36" electricity="0.00" noise="118.95" route="routebottom" type="cfm_slow" waiting="0.00" lane="bottom_0" pos="41.10" speed="7.50" angle="20.57" x="126.43" y="45.62"/>
        <vehicle id="cfm_slow_2" eclass="HBEFA3/PC_G_EU4" CO2="28752.25" CO="593.63" HC="3.41" NOx="13.33" PMx="0.71" fuel="12.36" electricity="0.00" noise="118.95" route="routeright" type="cfm_slow" waiting="0.00" lane="right_0" pos="29.10" speed="7.50" angle="312.05" x="103.52" y="115.38"/>
        <vehicle id="cfm_slow_3" eclass="HBEFA3/PC_G_EU4" CO2="28752.25" CO="593.63" HC="3.41" NOx="13.33" PMx="0.71" fuel="12.36" electricity="0.00" noise="118.95" route="routetop" type="cfm_slow" waiting="0.00" lane="top_0" pos="17.10" speed="7.50" angle="243.75" x="30.24" y="119.76"/>
        <vehicle id="cfm_slow_4" eclass="HBEFA3/PC_G_EU4" CO2="28752.25" CO="593.63" HC="3.41" NOx="13.33" PMx="0.71" fuel="12.36" electricity="0.00" noise="118.95" route="routeleft" type="cfm_slow" waiting="0.00" lane="left_0" pos="5.10" speed="7.50" angle="175.34" x="-0.81" y="53.22"/>
    </timestep>
    <timestep time="0.56">
        <vehicle id="cfm_slow_0" eclass="HBEFA3/PC_G_EU4" CO2="29235.47" CO="602.03" HC="3.46" NOx="13.56" PMx="0.73" fuel="12.57" electricity="0.00" noise="119.01" route="routebottom" type="cfm_slow" waiting="0.00" lane="bottom_0" pos="3.18" speed="7.64" angle="88.79" x="70.19" y="-1.31"/>
        <vehicle id="cfm_slow_1" eclass="HBEFA3/PC_G_EU4" CO2="29235.47" CO="602.03" HC="3.46" NOx="13.56" PMx="0.73" fuel="12.57" electricity="0.00" noise="119.01" route="routebottom" type="cfm_slow" waiting="0.00" lane="bottom_0" pos="41.18" speed="7.64" angle="20.43" x="126.47" y="45.77"/>
        <vehicle id="cfm_slow_2" eclass="HBEFA3/PC_G_EU4" CO2="29235.47" CO="602.03" HC="3.46" NOx="13.56" PMx="0.73" fuel="12.57" electricity="0.00" noise="119.01" route="routeright" type="cfm_slow" waiting="0.00" lane="right_0" pos="29.18" speed="7.64" angle="311.92" x="103.40" y="115.47"/>
        <vehicle id="cfm_slow_3" eclass="HBEFA3/PC_G_EU4" CO2="29235.47" CO="602.03" HC="3.46" NOx="13.56" PMx="0.73" fuel="12.57" electricity="0.00" noise="119.01" route="routetop" type="cfm_slow" waiting="0.00" lane="top_0" pos="17.18" speed="7.64" angle="243.61" x="30.10" y="119.68"/>
        <vehicle id="cfm_slow_4" eclass="HBEFA3/PC_G_EU4" CO2="29235.47" CO="602.03" HC="3.46" NOx="13.56" PMx="0.73" fuel="12.57" electricity="0.00" noise="119.01" route="routeleft" type="cfm_slow" waiting="0.00" lane="left_0" pos="5.18" speed="7.64" angle="175.20" x="-0.79" y="53.06"/>
    </timestep>
    <timestep time="0.57">
        <vehicle id="cfm_slow_0" eclass="HBEFA3/PC_G_EU4" CO2="29718.98" CO="610.45" HC="3.51" NOx="13.78" PMx="0.74" fuel="12.77" electricity="0.00" noise="119.07" route="routebottom" type="cfm_slow" waiting="0.00" lane="bottom_0" pos="3.25" speed="7.77" angle="88.65" x="70.35" y="-1.30"/>
        <vehicle id="cfm_slow_1" eclass="HBEFA3/PC_G_EU4" CO2="29718.98" CO="610.45" HC="3.51" NOx="13.78" PMx="0.74" fuel="12.77" electricity="0.00" noise="119.07" route="routebottom" type="cfm_slow" waiting="0.00" lane="bottom_0" pos="41.25" speed="7.77" angle="20.28" x="126.51" y="45.92"/>
        <vehicle id="cfm_slow_2" eclass="HBEFA3/PC_G_EU4" CO2="29718.98" CO="610.45" HC="3.51" NOx="13.78" PMx="0.74" fuel="12.77" electricity="0.00" noise="119.07" route="routeright" type="cfm_slow" waiting="0.00" lane="right_0" pos="29.25" speed="7.77" angle="311.77" x="103.27" y="115.57"/>
        <vehicle id="cfm_slow_3" eclass="HBEFA3/PC_G_EU4" CO2="29718.98" CO="610.45" HC="3.51" NOx="13.78" PMx="0.74" fuel="12.77" electricity="0.00" noise="119.07" route="routetop" type="cfm_slow" waiting="0.00" lane="top_0" pos="17.25" speed="7.77" angle="243.47" x="29.96" y="119.60"/>
        <vehicle id="cfm_slow_4" eclass="HBEFA3/PC_G_EU4" CO2="29718.98" CO="610.45" HC="3.51" NOx="13.78" PMx="0.74" fuel="12.77" electricity="0.00" noise="119.07" route="routeleft" type="cfm_slow" waiting="0.00" lane="left_0" pos="5.25" speed="7.77" angle="175.06" x="-0.76" y="52.91"/>
    </timestep>
    <timestep time="0.58">
        <vehicle id="cfm_slow_0" eclass="HBEFA3/PC_G_EU4" CO2="30202.79" CO="618.90" HC="3.56" NOx="14.00" PMx="0.75" fuel="12.98" electricity="0.00" noise="119.13" route="routebottom" type="cfm_slow" waiting="0.00" lane="bottom_0" pos="3.33" speed="7.91" angle="88.51" x="70.51" y="-1.28"/>
        <vehicle id="cfm_slow_1" eclass="HBEFA3/PC_G_EU4" CO2="30202.79" CO="618.90" HC="3.56" NOx="14.00" PMx="0.75" fuel="12.98" electricity="0.00" noise="119.13" route="routebottom" type="cfm_slow" waiting="0.00" lane="bottom_0" pos="41.33" speed="7.91" angle="20.13" x="126.56" y="46.08"/>
        <vehicle id="cfm_slow_2" eclass="HBEFA3/PC_G_EU4" CO2="30202.79" CO="618.90" HC="3.56" NOx="14.00" PMx="0.75" fuel="12.98" electricity="0.00" noise="119.13" route="routeright" type="cfm_slow" waiting="0.00" lane="right_0" pos="29.33" speed="7.91" angle="311.63" x="103.14" y="115.67"/>
        <vehicle id="cfm_slow_3" eclass="HBEFA3/PC_G_EU4" CO2="30202.79" CO="618.90" HC="3.56" NOx="14.00" PMx="0.75" fuel="12.98" electricity="0.00" noise="119.13" route="routetop" type="cfm_slow" waiting="0.00" lane="top_0" pos="17.33" speed="7.91" angle="243.32" x="29.83" y="119.51"/>
        <vehicle id="cfm_slow_4" eclass="HBEFA3/PC_G_EU4" CO2="30202.79" CO="618.90" HC="3.56" NOx="14.00" PMx="0.75" fuel="12.98" electricity="0.00" noise="119.13" route="routeleft" type="cfm_slow" waiting="0.00" lane="left_0" pos="5.33" speed="7.91" angle="174.91" x="-0.73" y="52.75"/>
    </timestep>
    <timestep time="0.59">
        <vehicle id="cfm_slow_0" eclass="HBEFA3/PC_G_EU4" CO2="30686.88" CO="627.36" HC="3.61" NOx="14.23" PMx="0.76" fuel="13.19" electricity="0.00" noise="119.19" route="routebottom" type="cfm_slow" waiting="0.00" lane="bottom_0" pos="3.41" speed="8.05" angle="88.36" x="70.68" y="-1.26"/>
        <vehicle id="cfm_slow_1" eclass="HBEFA3/PC_G_EU4" CO2="30686.88" CO="627.36" HC="3.61" NOx="14.23" PMx="0.76" fuel="13.19" electricity="0.00" noise="119.19" route="routebottom" type="cfm_slow" waiting="0.00" lane="bottom_0" pos="41.41" speed="8.05" angle="19.98" x="126.60" y="46.24"/>
        <vehicle id="cfm_slow_2" eclass="HBEFA3/PC_G_EU4" CO2="30686.88" CO="627.36" HC="3.61" NOx="14.23" PMx="0.76" fuel="13.19" electricity="0.00" noise="119.19" route="routeright" type="cfm_slow" waiting="0.00" lane="right_0" pos="29.41" speed="8.05" angle="311.51" x="103.01" y="115.77"/>
        <vehicle id="cfm_slow_3" eclass="HBEFA3/PC_G_EU4" CO2="30686.88" CO="627.36" HC="3.61" NOx="14.23" PMx="0.76" fuel="13.19" electricity="0.00" noise="119.19" route="routetop" type="cfm_slow" waiting="0.00" lane="top_0" pos="17.41" speed="8.05" angle="243.17" x="29.68" y="119.43"/>
        <vehicle id="cfm_slow_4" eclass="HBEFA3/PC_G_EU4" CO2="30686.88" CO="627.36" HC="3.61" NOx="14.23" PMx="0.76" fuel="13.19" electricity="0.00" noise="119.19" route="routeleft" type="cfm_slow" waiting="0.00" lane="left_0" pos="5.41" speed="8.05" angle="174.76" x="-0.70" y="52.58"/>
    </timestep>
    <timestep time="0.60">
        <vehicle id="cfm_slow_0" eclass="HBEFA3/PC_G_EU4" CO2="31171.27" CO="635.85" HC="3.66" NOx="14.45" PMx="0.78" fuel="13.40" electricity="0.00" noise="119.25" route="routebottom" type="cfm_slow" waiting="0.00" lane="bottom_0" pos="3.50" speed="8.18" angle="88.21" x="70.84" y="-1.25"/>
        <vehicle id="cfm_slow_1" eclass="HBEFA3/PC_G_EU4" CO2="31171.27" CO="635.85" HC="3.66" NOx="14.45" PMx="0.78" fuel="13.40" electricity="0.00" noise="119.25" route="routebottom" type="cfm_slow" waiting="0.00" lane="bottom_0" pos="41.50" speed="8.18" angle="19.83" x="126.64" y="46.40"/>
        <vehicle id="cfm_slow_2" eclass="HBEFA3/PC_G_EU4" CO2="31171.27" CO="635.85" HC="3.66" NOx="14.45" PMx="0.78" fuel="13.40" electricity="0.00" noise="119.25" route="routeright" type="cfm_slow" waiting="0.00" lane="right_0" pos="29.50" speed="8.18" angle="311.39" x="102.88" y="115.88"/>
        <vehicle id="cfm_slow_3" eclass="HBEFA3/PC_G_EU4" CO2="31171.27" CO="635.85" HC="3.66" NOx="14.45" PMx="0.78" fuel="13.40" electricity="0.00" noise="119.25" route="routetop" type="cfm_slow" waiting="0.00" lane="top_0" pos="17.50" speed="8.18" angle="243.02" x="29.54" y="119.34"/>
        <vehicle id="cfm_slow_4" eclass="HBEFA3/PC_G_EU4" CO2="31171.27" CO="635.85" HC="3.66" NOx="14.45" PMx="0.78" fuel="13.40" electricity="0.00" noise="119.25" route="routeleft" type="cfm_slow" waiting="0.00" lane="left_0" pos="5.50" speed="8.18" angle="174.60" x="-0.67" y="52.42"/>
    </timestep>
    <timestep time="0.61">
        <vehicle id="cfm_slow_0" eclass="HBEFA3/PC_G_EU4" CO2="31655.95" CO="644.36" HC="3.71" NOx="14.68" PMx="0.79" fuel="13.61" electricity="0.00" noise="119.30" route="routebottom" type="cfm_slow" waiting="0.00" lane="bottom_0" pos="3.58" speed="8.32" angle="88.06" x="71.01" y="-1.23"/>
        <vehicle id="cfm_slow_1" eclass="HBEFA3/PC_G_EU4" CO2="31655.95" CO="644.36" HC="3.71" NOx="14.68" PMx="0.79" fuel="13.61" electricity="0.00" noise="119.30" route="routebottom" type="cfm_slow" waiting="0.00" lane="bottom_0" pos="41.58" speed="8.32" angle="19.67" x="126.68" y="46.57"/>
        <vehicle id="cfm_slow_2" eclass="HBEFA3/PC_G_EU4" CO2="31655.95" CO="644.36" HC="3.71" NOx="14.68" PMx="0.79" fuel="13.61" electricity="0.00" noise="119.30" route="routeright" type="cfm_slow" waiting="0.00" lane="right_0" pos="29.58" speed="8.32" angle="311.24" x="102.74" y="115.98"/>
        <vehicle id="cfm_slow_3" eclass="HBEFA3/PC_G_EU4" CO2="31655.95" CO="644.36" HC="3.71" NOx="14.68" PMx="0.79" fuel="13.61" electricity="0.00" noise="119.30" route="routetop" type="cfm_slow" waiting="0.00" lane="top_0" pos="17.58" speed="8.32" angle="242.87" x="29.39" y="119.25"/>
        <vehicle id="cfm_slow_4" eclass="HBEFA3/PC_G_EU4" CO2="31655.95" CO="644.36" HC="3.71" NOx="14.68" PMx="0.79" fuel="13.61" electricity="0.00" noise="119.30" route="routeleft" type="cfm_slow" waiting="0.00" lane="left_0" pos="5.58" speed="8.32" angle="174.45" x="-0.64" y="52.25"/>
    </timestep>
    <timestep time="0.62">
        <vehicle id="cfm_slow_0" eclass="HBEFA3/PC_G_EU4" CO2="32140.92" CO="652.89" HC="3.76" NOx="14.90" PMx="0.80" fuel="13.82" electricity="0.00" noise="119.36" route="routebottom" type="cfm_slow" waiting="0.00" lane="bottom_0" pos="3.66" speed="8.45" angle="87.91" x="71.18" y="-1.21"/>
        <vehicle id="cfm_slow_1" eclass="HBEFA3/PC_G_EU4" CO2="32140.92" CO="652.89" HC="3.76" NOx="14.90" PMx="0.80" fuel="13.82" electricity="0.00" noise="119.36" route="routebottom" type="cfm_slow" waiting="0.00" lane="bottom_0" pos="41.66" speed="8.45" angle="19.52" x="126.73" y="46.73"/>
        <vehicle id="cfm_slow_2" eclass="HBEFA3/PC_G_EU4" CO2="32140.92" CO="652.89" HC="3.76" NOx="14.90" PMx="0.80" fuel="13.82" electricity="0.00" noise="119.36" route="routeright" type="cfm_slow" waiting="0.00" lane="right_0" pos="29.66" speed="8.45" angle="311.08" x="102.60" y="116.08"/>
        <vehicle id="cfm_slow_3" eclass="HBEFA3/PC_G_EU4" CO2="32140.92" CO="652.89" HC="3.76" NOx="14.90" PMx="0.80" fuel="13.82" electricity="0.00" noise="119.36" route="routetop" type="cfm_slow" waiting="0.00" lane="top_0" pos="17.66" speed="8.45" angle="242.72" x="29.24" y="119.17"/>
        <vehicle id="cfm_slow_4" eclass="HBEFA3/PC_G_EU4" CO2="32140.92" CO="652.89" HC="3.76" NOx="14.90" PMx="0.80" fuel="13.82" electricity="0.00" noise="119.36" route="routeleft" type="cfm_slow" waiting="0.00" lane="left_0" pos="5.66" speed="8.45" angle="174.29" x="-0.60" y="52.08"/>
    </timestep>
    <timestep time="0.63">
        <vehicle id="cfm_slow_0" eclass="HBEFA3/PC_G_EU4" CO2="32626.19" CO="661.44" HC="3.82" NOx="15.13" PMx="0.81" fuel="14.02" electricity="0.00" noise="119.42" route="routebottom" type="cfm_slow" waiting="0.00" lane="bottom_0" pos="3.75" speed="8.59" angle="87.75" x="71.36" y="-1.20"/>
        <vehicle id="cfm_slow_1" eclass="HBEFA3/PC_G_EU4" CO2="32626.19" CO="661.44" HC="3.82" NOx="15.13" PMx="0.81" fuel="14.02" electricity="0.00" noise="119.42" route="routebottom" type="cfm_slow" waiting="0.00" lane="bottom_0" pos="41.75" speed="8.59" angle="19.36" x="126.77" y="46.90"/>
        <vehicle id="cfm_slow_2" eclass="HBEFA3/PC_G_EU4" CO2="32626.19" CO="661.44" HC="3.82" NOx="15.13" PMx="0.81" fuel="14.02" electricity="0.00" noise="119.42" route="routeright" type="cfm_slow" waiting="0.00" lane="right_0" pos="29.75" speed="8.59" angle="310.93" x="102.46" y="116.18"/>
        <vehicle id="cfm_slow_3" eclass="HBEFA3/PC_G_EU4" CO2="32626.19" CO="661.44" HC="3.82" NOx="15.13" PMx="0.81" fuel="14.02" electricity="0.00" noise="119.42" route="routetop" type="cfm_slow" waiting="0.00" lane="top_0" pos="17.75" speed="8.59" angle="242.56" x="29.09" y="119.07"/>
        <vehicle id="cfm_slow_4" eclass="HBEFA3/PC_G_EU4" CO2="32626.19" CO="661.44" HC="3.82" NOx="15.13" PMx="0.81" fuel="14.02" electricity="0.00" noise="119.42" route="routeleft" type="cfm_slow" waiting="0.00" lane="left_0" pos="5.75" speed="8.59" angle="174.13" x="-0.57" y="51.91"/>
    </timestep>
    <timestep time="0.64">
        <vehicle id="cfm_slow_0" eclass="HBEFA3/PC_G_EU4" CO2="33111.74" CO="670.01" HC="3.87" NOx="15.36" PMx="0.83" fuel="14.23" electricity="0.00" noise="119.48" route="routebottom" type="cfm_slow" waiting="0.00" lane="bottom_0" pos="3.84" speed="8.73" angle="87.64" x="71.54" y="-1.18"/>
        <vehicle id="cfm_slow_1" eclass="HBEFA3/PC_G_EU4" CO2="33111.74" CO="670.01" HC="3.87" NOx="15.36" PMx="0.83" fuel="14.23" electricity="0.00" noise="119.48" route="routebottom" type="cfm_slow" waiting="0.00" lane="bottom_0" pos="41.84" speed="8.73" angle="19.19" x="126.82" y="47.08"/>
        <vehicle id="cfm_slow_2" eclass="HBEFA3/PC_G_EU4" CO2="33111.74" CO="670.01" HC="3.87" NOx="15.36" PMx="0.83" fuel="14.23" electricity="0.00" noise="119.48" route="routeright" type="cfm_slow" waiting="0.00" lane="right_0" pos="29.84" speed="8.73" angle="310.77" x="102.32" y="116.28"/>
        <vehicle id="cfm_slow_3" eclass="HBEFA3/PC_G_EU4" CO2="33111.74" CO="670.01" HC="3.87" NOx="15.36" PMx="0.83" fuel="14.23" electricity="0.00" noise="119.48" route="routetop" type="cfm_slow" waiting="0.00" lane="top_0" pos="17.84" speed="8.73" angle="242.41" x="28.94" y="118.98"/>
        <vehicle id="cfm_slow_4" eclass="HBEFA3/PC_G_EU4" CO2="33111.74" CO="670.01" HC="3.87" NOx="15.36" PMx="0.83" fuel="14.23" electricity="0.00" noise="119.48" route="routeleft" type="cfm_slow" waiting="0.00" lane="left_0" pos="5.84" speed="8.73" angle="173.96" x="-0.54" y="51.73"/>
    </timestep>
    <timestep time="0.65">
        <vehicle id="cfm_slow_0" eclass="HBEFA3/PC_G_EU4" CO2="33597.59" CO="678.61" HC="3.92" NOx="15.58" PMx="0.84" fuel="14.44" electricity="0.00" noise="119.54" route="routebottom" type="cfm_slow" waiting="0.00" lane="bottom_0" pos="3.93" speed="8.86" angle="87.47" x="71.72" y="-1.15"/>
        <vehicle id="cfm_slow_1" eclass="HBEFA3/PC_G_EU4" CO2="33597.59" CO="678.61" HC="3.92" NOx="15.58" PMx="0.84" fuel="14.44" electricity="0.00" noise="119.54" route="routebottom" type="cfm_slow" waiting="0.00" lane="bottom_0" pos="41.92" speed="8.86" angle="19.03" x="126.86" y="47.25"/>
        <vehicle id="cfm_slow_2" eclass="HBEFA3/PC_G_EU4" CO2="33597.59" CO="678.61" HC="3.92" NOx="15.58" PMx="0.84" fuel="14.44" electricity="0.00" noise="119.54" route="routeright" type="cfm_slow" waiting="0.00" lane="right_0" pos="29.93" speed="8.86" angle="310.61" x="102.17" y="116.39"/>
        <vehicle id="cfm_slow_3" eclass="HBEFA3/PC_G_EU4" CO2="33597.59" CO="678.61" HC="3.92" NOx="15.58" PMx="0.84" fuel="14.44" electricity="0.00" noise="119.54" route="routetop" type="cfm_slow" waiting="0.00" lane="top_0" pos="17.93" speed="8.86" angle="242.29" x="28.78" y="118.89"/>
        <vehicle id="cfm_slow_4" eclass="HBEFA3/PC_G_EU4" CO2="33597.59" CO="678.61" HC="3.92" NOx="15.58" PMx="0.84" fuel="14.44" electricity="0.00" noise="119.54" route="routeleft" type="cfm_slow" waiting="0.00" lane="left_0" pos="5.92" speed="8.86" angle="173.80" x="-0.51" y="51.55"/>
    </timestep>
    <timestep time="0.66">
        <vehicle id="cfm_slow_0" eclass="HBEFA3/PC_G_EU4" CO2="34083.73" CO="687.22" HC="3.97" NOx="15.81" PMx="0.85" fuel="14.65" electricity="0.00" noise="119.60" route="routebottom" type="cfm_slow" waiting="0.00" lane="bottom_0" pos="4.02" speed="9.00" angle="87.31" x="71.90" y="-1.13"/>
        <vehicle id="cfm_slow_1" eclass="HBEFA3/PC_G_EU4" CO2="34083.73" CO="687.22" HC="3.97" NOx="15.81" PMx="0.85" fuel="14.65" electricity="0.00" noise="119.60" route="routebottom" type="cfm_slow" waiting="0.00" lane="bottom_0" pos="42.02" speed="9.00" angle="18.86" x="126.91" y="47.43"/>
        <vehicle id="cfm_slow_2" eclass="HBEFA3/PC_G_EU4" CO2="34083.73" CO="687.22" HC="3.97" NOx="15.81" PMx="0.85" fuel="14.65" electricity="0.00" noise="119.60" route="routeright" type="cfm_slow" waiting="0.00" lane="right_0" pos="30.02" speed="9.00" angle="310.44" x="102.02" y="116.50"/>
        <vehicle id="cfm_slow_3" eclass="HBEFA3/PC_G_EU4" CO2="34083.73" CO="687.22" HC="3.97" NOx="15.81" PMx="0.85" fuel="14.65" electricity="0.00" noise="119.60" route="routetop" type="cfm_slow" waiting="0.00" lane="top_0" pos="18.02" speed="9.00" angle="242.13" x="28.63" y="118.79"/>
        <vehicle id="cfm_slow_4" eclass="HBEFA3/PC_G_EU4" CO2="34083.73" CO="687.22" HC="3.97" NOx="15.81" PMx="0.85" fuel="14.65" electricity="0.00" noise="119.60" route="routeleft" type="cfm_slow" waiting="0.00" lane="left_0" pos="6.01" speed="9.00" angle="173.63" x="-0.47" y="51.37"/>
    </timestep>
    <timestep time="0.67">
        <vehicle id="cfm_slow_0" eclass="HBEFA3/PC_G_EU4" CO2="34570.16" CO="695.86" HC="4.02" NOx="16.03" PMx="0.86" fuel="14.86" electricity="0.00" noise="119.66" route="routebottom" type="cfm_slow" waiting="0.00" lane="bottom_0" pos="4.11" speed="9.14" angle="87.14" x="72.09" y="-1.10"/>
        <vehicle id="cfm_slow_1" eclass="HBEFA3/PC_G_EU4" CO2="34570.16" CO="695.86" HC="4.02" NOx="16.03" PMx="0.86" fuel="14.86" electricity="0.00" noise="119.66" route="routebottom" type="cfm_slow" waiting="0.00" lane="bottom_0" pos="42.11" speed="9.14" angle="18.69" x="126.96" y="47.61"/>
        <vehicle id="cfm_slow_2" eclass="HBEFA3/PC_G_EU4" CO2="34570.16" CO="695.86" HC="4.02" NOx="16.03" PMx="0.86" fuel="14.86" electricity="0.00" noise="119.66" route="routeright" type="cfm_slow" waiting="0.00" lane="right_0" pos="30.11" speed="9.14" angle="310.27" x="101.87" y="116.61"/>
        <vehicle id="cfm_slow_3" eclass="HBEFA3/PC_G_EU4" CO2="34570.16" CO="695.86" HC="4.02" NOx="16.03" PMx="0.86" fuel="14.86" electricity="0.00" noise="119.66" route="routetop" type="cfm_slow" waiting="0.00" lane="top_0" pos="18.11" speed="9.14" angle="241.96" x="28.47" y="118.69"/>
        <vehicle id="cfm_slow_4" eclass="HBEFA3/PC_G_EU4" CO2="34570.16" CO="695.86" HC="4.02" NOx="16.03" PMx="0.86" fuel="14.86" electricity="0.00" noise="119.66" route="routeleft" type="cfm_slow" waiting="0.00" lane="left_0" pos="6.11" speed="9.14" angle="173.46" x="-0.44" y="51.19"/>
    </timestep>
    <timestep time="0.68">
        <vehicle id="cfm_slow_0" eclass="HBEFA3/PC_G_EU4" CO2="35056.89" CO="704.52" HC="4.07" NOx="16.26" PMx="0.87" fuel="15.07" electricity="0.00" noise="119.72" route="routebottom" type="cfm_slow" waiting="0.00" lane="bottom_0" pos="4.20" speed="9.27" angle="86.97" x="72.27" y="-1.07"/>
        <vehicle id="cfm_slow_1" eclass="HBEFA3/PC_G_EU4" CO2="35056.89" CO="704.52" HC="4.07" NOx="16.26" PMx="0.87" fuel="15.07" electricity="0.00" noise="119.72" route="routebottom" type="cfm_slow" waiting="0.00" lane="bottom_0" pos="42.20" speed="9.27" angle="18.52" x="127.01" y="47.80"/>
        <vehicle id="cfm_slow_2" eclass="HBEFA3/PC_G_EU4" CO2="35056.89" CO="704.52" HC="4.07" NOx="16.26" PMx="0.87" fuel="15.07" electricity="0.00" noise="119.72" route="routeright" type="cfm_slow" waiting="0.00" lane="right_0" pos="30.20" speed="9.27" angle="310.10" x="101.71" y="116.72"/>
        <vehicle id="cfm_slow_3" eclass="HBEFA3/PC_G_EU4" CO2="35056.89" CO="704.52" HC="4.07" NOx="16.26" PMx="0.87" fuel="15.07" electricity="0.00" noise="119.72" route="routetop" type="cfm_slow" waiting="0.00" lane="top_0" pos="18.20" speed="9.27" angle="241.78" x="28.31" y="118.58"/>
        <vehicle id="cfm_slow_4" eclass="HBEFA3/PC_G_EU4" CO2="35056.89" CO="704.52" HC="4.07" NOx="16.26" PMx="0.87" fuel="15.07" electricity="0.00" noise="119.72" route="routeleft" type="cfm_slow" waiting="0.00" lane="left_0" pos="6.20" speed="9.27" angle="173.28" x="-0.40" y="51.00"/>
    </timestep>
    <timestep time="0.69">
        <vehicle id="cfm_slow_0" eclass="HBEFA3/PC_G_EU4" CO2="35543.90" CO="713.20" HC="4.12" NOx="16.49" PMx="0.89" fuel="15.28" electricity="0.00" noise="119.78" route="routebottom" type="cfm_slow" waiting="0.00" lane="bottom_0" pos="4.29" speed="9.41" angle="86.80" x="72.47" y="-1.05"/>
        <vehicle id="cfm_slow_1" eclass="HBEFA3/PC_G_EU4" CO2="35543.90" CO="713.20" HC="4.12" NOx="16.49" PMx="0.89" fuel="15.28" electricity="0.00" noise="119.78" route="routebottom" type="cfm_slow" waiting="0.00" lane="bottom_0" pos="42.29" speed="9.41" angle="18.39" x="127.06" y="47.98"/>
        <vehicle id="cfm_slow_2" eclass="HBEFA3/PC_G_EU4" CO2="35543.90" CO="713.20" HC="4.12" NOx="16.49" PMx="0.89" fuel="15.28" electricity="0.00" noise="119.78" route="routeright" type="cfm_slow" waiting="0.00" lane="right_0" pos="30.29" speed="9.41" angle="309.93" x="101.56" y="116.83"/>
        <vehicle id="cfm_slow_3" eclass="HBEFA3/PC_G_EU4" CO2="35543.90" CO="713.20" HC="4.12" NOx="16.49" PMx="0.89" fuel="15.28" electricity="0.00" noise="119.78" route="routetop" type="cfm_slow" waiting="0.00" lane="top_0" pos="18.29" speed="9.41" angle="241.60" x="28.15" y="118.47"/>
        <vehicle id="cfm_slow_4" eclass="HBEFA3/PC_G_EU4" CO2="35543.90" CO="713.20" HC="4.12" NOx="16.49" PMx="0.89" fuel="15.28" electricity="0.00" noise="119.78" route="routeleft" type="cfm_slow" waiting="0.00" lane="left_0" pos="6.29" speed="9.41" angle="173.12" x="-0.37" y="50.81"/>
    </timestep>
    <timestep time="0.70">
        <vehicle id="cfm_slow_0" eclass="HBEFA3/PC_G_EU4" CO2="36031.21" CO="721.90" HC="4.18" NOx="16.71" PMx="0.90" fuel="15.49" electricity="0.00" noise="119.84" route="routebottom" type="cfm_slow" waiting="0.00" lane="bottom_0" pos="4.39" speed="9.55" angle="86.63" x="72.66" y="-1.02"/>
        <vehicle id="cfm_slow_1" eclass="HBEFA3/PC_G_EU4" CO2="36031.21" CO="721.90" HC="4.18" NOx="16.71" PMx="0.90" fuel="15.49" electricity="0.00" noise="119.84" route="routebottom" type="cfm_slow" waiting="0.00" lane="bottom_0" pos="42.39" speed="9.55" angle="18.23" x="127.10" y="48.17"/>
        <vehicle id="cfm_slow_2" eclass="HBEFA3/PC_G_EU4" CO2="36031.21" CO="721.90" HC="4.18" NOx="16.71" PMx="0.90" fuel="15.49" electricity="0.00" noise="119.84" route="routeright" type="cfm_slow" waiting="0.00" lane="right_0" pos="30.39" speed="9.55" angle="309.76" x="101.40" y="116.95"/>
        <vehicle id="cfm_slow_3" eclass="HBEFA3/PC_G_EU4" CO2="36031.21" CO="721.90" HC="4.18" NOx="16.71" PMx="0.90" fuel="15.49" electricity="0.00" noise="119.84" route="routetop" type="cfm_slow" waiting="0.00" lane="top_0" pos="18.39" speed="9.55" angle="241.42" x="27.99" y="118.36"/>
        <vehicle id="cfm_slow_4" eclass="HBEFA3/PC_G_EU4" CO2="36031.21" CO="721.90" HC="4.18" NOx="16.71" PMx="0.90" fuel="15.49" electricity="0.00" noise="119.84" route="routeleft" type="cfm_slow" waiting="0.00" lane="left_0" pos="6.39" speed="9.55" angle="172.98" x="-0.33" y="50.62"/>
    </timestep>
    <timestep time="0.71">
        <vehicle id="cfm_slow_0" eclass="HBEFA3/PC_G_EU4" CO2="36518.81" CO="730.63" HC="4.23" NOx="16.94" PMx="0.91" fuel="15.70" electricity="0.00" noise="119.90" route="routebottom" type="cfm_slow" waiting="0.00" lane="bottom_0" pos="4.49" speed="9.68" angle="86.45" x="72.86" y="-0.99"/>
        <vehicle id="cfm_slow_1" eclass="HBEFA3/PC_G_EU4" CO2="36518.81" CO="730.63" HC="4.23" NOx="16.94" PMx="0.91" fuel="15.70" electricity="0.00" noise="119.90" route="routebottom" type="cfm_slow" waiting="0.00" lane="bottom_0" pos="42.49" speed="9.68" angle="18.06" x="127.15" y="48.37"/>
        <vehicle id="cfm_slow_2" eclass="HBEFA3/PC_G_EU4" CO2="36518.81" CO="730.63" HC="4.23" NOx="16.94" PMx="0.91" fuel="15.70" electricity="0.00" noise="119.90" route="routeright" type="cfm_slow" waiting="0.00" lane="right_0" pos="30.49" speed="9.68" angle="309.58" x="101.24" y="117.06"/>
        <vehicle id="cfm_slow_3" eclass="HBEFA3/PC_G_EU4" CO2="36518.81" CO="730.63" HC="4.23" NOx="16.94" PMx="0.91" fuel="15.70" electricity="0.00" noise="119.90" route="routetop" type="cfm_slow" waiting="0.00" lane="top_0" pos="18.49" speed="9.68" angle="241.23" x="27.83" y="118.25"/>
        <vehicle id="cfm_slow_4" eclass="HBEFA3/PC_G_EU4" CO2="36518.81" CO="730.63" HC="4.23" NOx="16.94" PMx="0.91" fuel="15.70" electricity="0.00" noise="119.90" route="routeleft" type="cfm_slow" waiting="0.00" lane="left_0" pos="6.49" speed="9.68" angle="172.81" x="-0.29" y="50.42"/>
    </timestep>
    <timestep time="0.72">
        <vehicle id="cfm_slow_0" eclass="HBEFA3/PC_G_EU4" CO2="37006.70" CO="739.37" HC="4.28" NOx="17.17" PMx="0.92" fuel="15.91" electricity="0.00" noise="119.96" route="routebottom" type="cfm_slow" waiting="0.00" lane="bottom_0" pos="4.58" speed="9.82" angle="86.27" x="73.06" y="-0.96"/>
        <vehicle id="cfm_slow_1" eclass="HBEFA3/PC_G_EU4" CO2="37006.70" CO="739.37" HC="4.28" NOx="17.17" PMx="0.92" fuel="15.91" electricity="0.00" noise="119.96" route="routebottom" type="cfm_slow" waiting="0.00" lane="bottom_0" pos="42.58" speed="9.82" angle="17.89" x="127.19" y="48.56"/>
        <vehicle id="cfm_slow_2" eclass="HBEFA3/PC_G_EU4" CO2="37006.70" CO="739.37" HC="4.28" NOx="17.17" PMx="0.92" fuel="15.91" electricity="0.00" noise="119.96" route="routeright" type="cfm_slow" waiting="0.00" lane="right_0" pos="30.58" speed="9.82" angle="309.40" x="101.07" y="117.18"/>
        <vehicle id="cfm_slow_3" eclass="HBEFA3/PC_G_EU4" CO2="37006.70" CO="739.37" HC="4.28" NOx="17.17" PMx="0.92" fuel="15.91" electricity="0.00" noise="119.96" route="routetop" type="cfm_slow" waiting="0.00" lane="top_0" pos="18.58" speed="9.82" angle="241.05" x="27.66" y="118.14"/>
        <vehicle id="cfm_slow_4" eclass="HBEFA3/PC_G_EU4" CO2="37006.70" CO="739.37" HC="4.28" NOx="17.17" PMx="0.92" fuel="15.91" electricity="0.00" noise="119.96" route="routeleft" type="cfm_slow" waiting="0.00" lane="left_0" pos="6.58" speed="9.82" angle="172.63" x="-0.25" y="50.23"/>
    </timestep>
    <timestep time="0.73">
        <vehicle id="cfm_slow_0" eclass="HBEFA3/PC_G_EU4" CO2="37494.88" CO="748.14" HC="4.33" NOx="17.39" PMx="0.94" fuel="16.12" electricity="0.00" noise="120.02" route="routebottom" type="cfm_slow" waiting="0.00" lane="bottom_0" pos="4.68" speed="9.95" angle="86.09" x="73.26" y="-0.94"/>
        <vehicle id="cfm_slow_1" eclass="HBEFA3/PC_G_EU4" CO2="37494.88" CO="748.14" HC="4.33" NOx="17.39" PMx="0.94" fuel="16.12" electricity="0.00" noise="120.02" route="routebottom" type="cfm_slow" waiting="0.00" lane="bottom_0" pos="42.68" speed="9.95" angle="17.71" x="127.24" y="48.76"/>
        <vehicle id="cfm_slow_2" eclass="HBEFA3/PC_G_EU4" CO2="37494.88" CO="748.14" HC="4.33" NOx="17.39" PMx="0.94" fuel="16.12" electricity="0.00" noise="120.02" route="routeright" type="cfm_slow" waiting="0.00" lane="right_0" pos="30.68" speed="9.95" angle="309.24" x="100.91" y="117.30"/>
        <vehicle id="cfm_slow_3" eclass="HBEFA3/PC_G_EU4" CO2="37494.88" CO="748.14" HC="4.33" NOx="17.39" PMx="0.94" fuel="16.12" electricity="0.00" noise="120.02" route="routetop" type="cfm_slow" waiting="0.00" lane="top_0" pos="18.68" speed="9.95" angle="240.86" x="27.49" y="118.03"/>
        <vehicle id="cfm_slow_4" eclass="HBEFA3/PC_G_EU4" CO2="37494.88" CO="748.14" HC="4.33" NOx="17.39" PMx="0.94" fuel="16.12" electricity="0.00" noise="120.02" route="routeleft" type="cfm_slow" waiting="0.00" lane="left_0" pos="6.68" speed="9.95" angle="172.44" x="-0.20" y="50.03"/>
    </timestep>
    <timestep time="0.74">
        <vehicle id="cfm_slow_0" eclass="HBEFA3/PC_G_EU4" CO2="37983.36" CO="756.93" HC="4.38" NOx="17.62" PMx="0.95" fuel="16.33" electricity="0.00" noise="120.08" route="routebottom" type="cfm_slow" waiting="0.00" lane="bottom_0" pos="4.78" speed="10.09" angle="85.91" x="73.46" y="-0.91"/>
        <vehicle id="cfm_slow_1" eclass="HBEFA3/PC_G_EU4" CO2="37983.36" CO="756.93" HC="4.38" NOx="17.62" PMx="0.95" fuel="16.33" electricity="0.00" noise="120.08" route="routebottom" type="cfm_slow" waiting="0.00" lane="bottom_0" pos="42.78" speed="10.09" angle="17.54" x="127.28" y="48.96"/>
        <vehicle id="cfm_slow_2" eclass="HBEFA3/PC_G_EU4" CO2="37983.36" CO="756.93" HC="4.38" NOx="17.62" PMx="0.95" fuel="16.33" electricity="0.00" noise="120.08" route="routeright" type="cfm_slow" waiting="0.00" lane="right_0" pos="30.78" speed="10.09" angle="309.09" x="100.74" y="117.42"/>
        <vehicle id="cfm_slow_3" eclass="HBEFA3/PC_G_EU4" CO2="37983.36" CO="756.93" HC="4.38" NOx="17.62" PMx="0.95" fuel="16.33" electricity="0.00" noise="120.08" route="routetop" type="cfm_slow" waiting="0.00" lane="top_0" pos="18.78" speed="10.09" angle="240.66" x="27.32" y="117.91"/>
        <vehicle id="cfm_slow_4" eclass="HBEFA3/PC_G_EU4" CO2="37983.36" CO="756.93" HC="4.38" NOx="17.62" PMx="0.95" fuel="16.33" electricity="0.00" noise="120.08" route="routeleft" type="cfm_slow" waiting="0.00" lane="left_0" pos="6.78" speed="10.09" angle="172.26" x="-0.16" y="49.83"/>
    </timestep>
    <timestep time="0.75">
        <vehicle id="cfm_slow_0" eclass="HBEFA3/PC_G_EU4" CO2="38472.13" CO="765.74" HC="4.44" NOx="17.85" PMx="0.96" fuel="16.54" electricity="0.00" noise="120.14" route="routebottom" type="cfm_slow" waiting="0.00" lane="bottom_0" pos="4.89" speed="10.23" angle="85.72" x="73.67" y="-0.88"/>
        <vehicle id="cfm_slow_1" eclass="HBEFA3/PC_G_EU4" CO2="38472.13" CO="765.74" HC="4.44" NOx="17.85" PMx="0.96" fuel="16.54" electricity="0.00" noise="120.14" route="routebottom" type="cfm_slow" waiting="0.00" lane="bottom_0" pos="42.89" speed="10.23" angle="17.36" x="127.33" y="49.17"/>
        <vehicle id="cfm_slow_2" eclass="HBEFA3/PC_G_EU4" CO2="38472.13" CO="765.74" HC="4.44" NOx="17.85" PMx="0.96" fuel="16.54" electricity="0.00" noise="120.14" route="routeright" type="cfm_slow" waiting="0.00" lane="right_0" pos="30.89" speed="10.23" angle="308.91" x="100.57" y="117.54"/>
        <vehicle id="cfm_slow_3" eclass="HBEFA3/PC_G_EU4" CO2="38472.13" CO="765.74" HC="4.44" NOx="17.85" PMx="0.96" fuel="16.54" electricity="0.00" noise="120.14" route="routetop" type="cfm_slow" waiting="0.00" lane="top_0" pos="18.89" speed="10.23" angle="240.47" x="27.14" y="117.80"/>
        <vehicle id="cfm_slow_4" eclass="HBEFA3/PC_G_EU4" CO2="38472.13" CO="765.74" HC="4.44" NOx="17.85" PMx="0.96" fuel="16.54" electricity="0.00" noise="120.14" route="routeleft" type="cfm_slow" waiting="0.00" lane="left_0" pos="6.89" speed="10.23" angle="172.07" x="-0.11" y="49.62"/>
    </timestep>
    <timestep time="0.76">
        <vehicle id="cfm_slow_0" eclass="HBEFA3/PC_G_EU4" CO2="38961.19" CO="774.57" HC="4.49" NOx="18.07" PMx="0.97" fuel="16.75" electricity="0.00" noise="120.20" route="routebottom" type="cfm_slow" waiting="0.00" lane="bottom_0" pos="4.99" speed="10.36" angle="85.53" x="73.88" y="-0.85"/>
        <vehicle id="cfm_slow_1" eclass="HBEFA3/PC_G_EU4" CO2="38961.19" CO="774.57" HC="4.49" NOx="18.07" PMx="0.97" fuel="16.75" electricity="0.00" noise="120.20" route="routebottom" type="cfm_slow" waiting="0.00" lane="bottom_0" pos="42.99" speed="10.36" angle="17.18" x="127.38" y="49.37"/>
        <vehicle id="cfm_slow_2" eclass="HBEFA3/PC_G_EU4" CO2="38961.19" CO="774.57" HC="4.49" NOx="18.07" PMx="0.97" fuel="16.75" electricity="0.00" noise="120.20" route="routeright" type="cfm_slow" waiting="0.00" lane="right_0" pos="30.99" speed="10.36" angle="308.72" x="100.39" y="117.66"/>
        <vehicle id="cfm_slow_3" eclass="HBEFA3/PC_G_EU4" CO2="38961.19" CO="774.57" HC="4.49" NOx="18.07" PMx="0.97" fuel="16.75" electricity="0.00" noise="120.20" route="routetop" type="cfm_slow" waiting="0.00" lane="top_0" pos="18.99" speed="10.36" angle="240.27" x="26.97" y="117.68"/>
        <vehicle id="cfm_slow_4" eclass="HBEFA3/PC_G_EU4" CO2="38961.19" CO="774.57" HC="4.49" NOx="18.07" PMx="0.97" fuel="16.75" electricity="0.00" noise="120.20" route="routeleft" type="cfm_slow" waiting="0.00" lane="left_0" pos="6.99" speed="10.36" angle="171.88" x="-0.06" y="49.42"/>
    </timestep>
    <timestep time="0.77">
        <vehicle id="cfm_slow_0" eclass="HBEFA3/PC_G_EU4" CO2="39450.54" CO="783.42" HC="4.54" NOx="18.30" PMx="0.99" fuel="16.96" electricity="0.00" noise="120.26" route="routebottom" type="cfm_slow" waiting="0.00" lane="bottom_0" pos="5.10" speed="10.50" angle="85.35" x="74.09" y="-0.82"/>
        <vehicle id="cfm_slow_1" eclass="HBEFA3/PC_G_EU4" CO2="39450.54" CO="783.42" HC="4.54" NOx="18.30" PMx="0.99" fuel="16.96" electricity="0.00" noise="120.26" route="routebottom" type="cfm_slow" waiting="0.00" lane="bottom_0" pos="43.09" speed="10.50" angle="16.99" x="127.43" y="49.58"/>
        <vehicle id="cfm_slow_2" eclass="HBEFA3/PC_G_EU4" CO2="39450.54" CO="783.42" HC="4.54" NOx="18.30" PMx="0.99" fuel="16.96" electricity="0.00" noise="120.26" route="routeright" type="cfm_slow" waiting="0.00" lane="right_0" pos="31.10" speed="10.50" angle="308.52" x="100.21" y="117.78"/>
        <vehicle id="cfm_slow_3" eclass="HBEFA3/PC_G_EU4" CO2="39450.54" CO="783.42" HC="4.54" NOx="18.30" PMx="0.99" fuel="16.96" electricity="0.00" noise="120.26" route="routetop" type="cfm_slow" waiting="0.00" lane="top_0" pos="19.10" speed="10.50" angle="240.07" x="26.79" y="117.56"/>
        <vehicle id="cfm_slow_4" eclass="HBEFA3/PC_G_EU4" CO2="39450.54" CO="783.42" HC="4.54" NOx="18.30" PMx="0.99" fuel="16.96" electricity="0.00" noise="120.26" route="routeleft" type="cfm_slow" waiting="0.00" lane="left_0" pos="7.10" speed="10.50" angle="171.68" x="-0.02" y="49.21"/>
    </timestep>
    <timestep time="0.78">
        <vehicle id="cfm_slow_0" eclass="HBEFA3/PC_G_EU4" CO2="39940.18" CO="792.30" HC="4.59" NOx="18.53" PMx="1.00" fuel="17.17" electricity="0.00" noise="120.32" route="routebottom" type="cfm_slow" waiting="0.00" lane="bottom_0" pos="5.20" speed="10.64" angle="85.16" x="74.31" y="-0.78"/>
        <vehicle id="cfm_slow_1" eclass="HBEFA3/PC_G_EU4" CO2="39940.18" CO="792.30" HC="4.59" NOx="18.53" PMx="1.00" fuel="17.17" electricity="0.00" noise="120.32" route="routebottom" type="cfm_slow" waiting="0.00" lane="bottom_0" pos="43.20" speed="10.64" angle="16.81" x="127.48" y="49.80"/>
        <vehicle id="cfm_slow_2" eclass="HBEFA3/PC_G_EU4" CO2="39940.18" CO="792.30" HC="4.59" NOx="18.53" PMx="1.00" fuel="17.17" electricity="0.00" noise="120.32" route="routeright" type="cfm_slow" waiting="0.00" lane="right_0" pos="31.20" speed="10.64" angle="308.33" x="100.03" y="117.90"/>
        <vehicle id="cfm_slow_3" eclass="HBEFA3/PC_G_EU4" CO2="39940.18" CO="792.30" HC="4.59" NOx="18.53" PMx="1.00" fuel="17.17" electricity="0.00" noise="120.32" route="routetop" type="cfm_slow" waiting="0.00" lane="top_0" pos="19.20" speed="10.64" angle="239.92" x="26.60" y="117.44"/>
        <vehicle id="cfm_slow_4" eclass="HBEFA3/PC_G_EU4" CO2="39940.18" CO="792.30" HC="4.59" NOx="18.53" PMx="1.00" fuel="17.17" electricity="0.00" noise="120.32" route="routeleft" type="cfm_slow" waiting="0.00" lane="left_0" pos="7.20" speed="10.64" angle="171.49" x="0.03" y="48.99"/>
    </timestep>
    <timestep time="0.79">
        <vehicle id="cfm_slow_0" eclass="HBEFA3/PC_G_EU4" CO2="40430.12" CO="801.20" HC="4.65" NOx="18.76" PMx="1.01" fuel="17.38" electricity="0.00" noise="120.38" route="routebottom" type="cfm_slow" waiting="0.00" lane="bottom_0" pos="5.31" speed="10.77" angle="84.96" x="74.53" y="-0.74"/>
        <vehicle id="cfm_slow_1" eclass="HBEFA3/PC_G_EU4" CO2="40430.12" CO="801.20" HC="4.65" NOx="18.76" PMx="1.01" fuel="17.38" electricity="0.00" noise="120.38" route="routebottom" type="cfm_slow" waiting="0.00" lane="bottom_0" pos="43.31" speed="10.77" angle="16.62" x="127.53" y="50.01"/>
        <vehicle id="cfm_slow_2" eclass="HBEFA3/PC_G_EU4" CO2="40430.12" CO="801.20" HC="4.65" NOx="18.76" PMx="1.01" fuel="17.38" electricity="0.00" noise="120.38" route="routeright" type="cfm_slow" waiting="0.00" lane="right_0" pos="31.31" speed="10.77" angle="308.13" x="99.84" y="118.02"/>
        <vehicle id="cfm_slow_3" eclass="HBEFA3/PC_G_EU4" CO2="40430.12" CO="801.20" HC="4.65" NOx="18.76" PMx="1.01" fuel="17.38" electricity="0.00" noise="120.38" route="routetop" type="cfm_slow" waiting="0.00" lane="top_0" pos="19.31" speed="10.77" angle="239.73" x="26.42" y="117.31"/>
        <vehicle id="cfm_slow_4" eclass="HBEFA3/PC_G_EU4" CO2="40430.12" CO="801.20" HC="4.65" NOx="18.76" PMx="1.01" fuel="17.38" electricity="0.00" noise="120.38" route="routeleft" type="cfm_slow" waiting="0.00" lane="left_0" pos="7.31" speed="10.77" angle="171.29" x="0.08" y="48.78"/>
    </timestep>
    <timestep time="0.80">
        <vehicle id="cfm_slow_0" eclass="HBEFA3/PC_G_EU4" CO2="40920.34" CO="810.11" HC="4.70" NOx="18.98" PMx="1.02" fuel="17.59" electricity="0.00" noise="120.44" route="routebottom" type="cfm_slow" waiting="0.00" lane="bottom_0" pos="5.42" speed="10.91" angle="84.76" x="74.75" y="-0.70"/>
        <vehicle id="cfm_slow_1" eclass="HBEFA3/PC_G_EU4" CO2="40920.34" CO="810.11" HC="4.70" NOx="18.98" PMx="1.02" fuel="17.59" electricity="0.00" noise="120.44" route="routebottom" type="cfm_slow" waiting="0.00" lane="bottom_0" pos="43.42" speed="10.91" angle="16.43" x="127.58" y="50.23"/>
        <vehicle id="cfm_slow_2" eclass="HBEFA3/PC_G_EU4" CO2="40920.34" CO="810.11" HC="4.70" NOx="18.98" PMx="1.02" fuel="17.59" electricity="0.00" noise="120.44" route="routeright" type="cfm_slow" waiting="0.00" lane="right_0" pos="31.42" speed="10.91" angle="307.93" x="99.66" y="118.14"/>
        <vehicle id="cfm_slow_3" eclass="HBEFA3/PC_G_EU4" CO2="40920.34" CO="810.11" HC="4.70" NOx="18.98" PMx="1.02" fuel="17.59" electricity="0.00" noise="120.44" route="routetop" type="cfm_slow" waiting="0.00" lane="top_0" pos="19.42" speed="10.91" angle="239.53" x="26.24" y="117.18"/>
        <vehicle id="cfm_slow_4" eclass="HBEFA3/PC_G_EU4" CO2="40920.34" CO="810.11" HC="4.70" NOx="18.98" PMx="1.02" fuel="17.59" electricity="0.00" noise="120.44" route="routeleft" type="cfm_slow" waiting="0.00" lane="left_0" pos="7.42" speed="10.91" angle="171.09" x="0.13" y="48.56"/>
    </timestep>
    <timestep time="0.81">
        <vehicle id="cfm_slow_0" eclass="HBEFA3/PC_G_EU4" CO2="41410.86" CO="819.05" HC="4.75" NOx="19.21" PMx="1.04" fuel="17.80" electricity="0.00" noise="120.50" route="routebottom" type="cfm_slow" waiting="0.00" lane="bottom_0" pos="5.53" speed="11.05" angle="84.55" x="74.97" y="-0.66"/>
        <vehicle id="cfm_slow_1" eclass="HBEFA3/PC_G_EU4" CO2="41410.86" CO="819.05" HC="4.75" NOx="19.21" PMx="1.04" fuel="17.80" electricity="0.00" noise="120.50" route="routebottom" type="cfm_slow" waiting="0.00" lane="bottom_0" pos="43.53" speed="11.05" angle="16.25" x="127.63" y="50.45"/>
        <vehicle id="cfm_slow_2" eclass="HBEFA3/PC_G_EU4" CO2="41410.86" CO="819.05" HC="4.75" NOx="19.21" PMx="1.04" fuel="17.80" electricity="0.00" noise="120.50" route="routeright" type="cfm_slow" waiting="0.00" lane="right_0" pos="31.53" speed="11.05" angle="307.73" x="99.47" y="118.27"/>
        <vehicle id="cfm_slow_3" eclass="HBEFA3/PC_G_EU4" CO2="41410.86" CO="819.05" HC="4.75" NOx="19.21" PMx="1.04" fuel="17.80" electricity="0.00" noise="120.50" route="routetop" type="cfm_slow" waiting="0.00" lane="top_0" pos="19.53" speed="11.05" angle="239.32" x="26.06" y="117.05"/>
        <vehicle id="cfm_slow_4" eclass="HBEFA3/PC_G_EU4" CO2="41410.86" CO="819.05" HC="4.75" NOx="19.21" PMx="1.04" fuel="17.80" electricity="0.00" noise="120.50" route="routeleft" type="cfm_slow" waiting="0.00" lane="left_0" pos="7.53" speed="11.05" angle="170.88" x="0.18" y="48.34"/>
    </timestep>
    <timestep time="0.82">
        <vehicle id="cfm_slow_0" eclass="HBEFA3/PC_G_EU4" CO2="41901.67" CO="828.01" HC="4.80" NOx="19.44" PMx="1.05" fuel="18.01" electricity="0.00" noise="120.56" route="routebottom" type="cfm_slow" waiting="0.00" lane="bottom_0" pos="5.64" speed="11.18" angle="84.34" x="75.19" y="-0.61"/>
        <vehicle id="cfm_slow_1" eclass="HBEFA3/PC_G_EU4" CO2="41901.67" CO="828.01" HC="4.80" NOx="19.44" PMx="1.05" fuel="18.01" electricity="0.00" noise="120.56" route="routebottom" type="cfm_slow" waiting="0.00" lane="bottom_0" pos="43.64" speed="11.18" angle="16.07" x="127.67" y="50.68"/>
        <vehicle id="cfm_slow_2" eclass="HBEFA3/PC_G_EU4" CO2="41901.67" CO="828.01" HC="4.80" NOx="19.44" PMx="1.05" fuel="18.01" electricity="0.00" noise="120.56" route="routeright" type="cfm_slow" waiting="0.00" lane="right_0" pos="31.64" speed="11.18" angle="307.53" x="99.28" y="118.40"/>
        <vehicle id="cfm_slow_3" eclass="HBEFA3/PC_G_EU4" CO2="41901.67" CO="828.01" HC="4.80" NOx="19.44" PMx="1.05" fuel="18.01" electricity="0.00" noise="120.56" route="routetop" type="cfm_slow" waiting="0.00" lane="top_0" pos="19.64" speed="11.18" angle="239.11" x="25.87" y="116.91"/>
        <vehicle id="cfm_slow_4" eclass="HBEFA3/PC_G_EU4" CO2="41901.67" CO="828.01" HC="4.80" NOx="19.44" PMx="1.05" fuel="18.01" electricity="0.00" noise="120.56" route="routeleft" type="cfm_slow" waiting="0.00" lane="left_0" pos="7.64" speed="11.18" angle="170.72" x="0.23" y="48.11"/>
    </timestep>
    <timestep time="0.83">
        <vehicle id="cfm_slow_0" eclass="HBEFA3/PC_G_EU4" CO2="42392.77" CO="837.00" HC="4.86" NOx="19.67" PMx="1.06" fuel="18.22" electricity="0.00" noise="120.62" route="routebottom" type="cfm_slow" waiting="0.00" lane="bottom_0" pos="5.75" speed="11.32" angle="84.12" x="75.42" y="-0.57"/>
        <vehicle id="cfm_slow_1" eclass="HBEFA3/PC_G_EU4" CO2="42392.77" CO="837.00" HC="4.86" NOx="19.67" PMx="1.06" fuel="18.22" electricity="0.00" noise="120.62" route="routebottom" type="cfm_slow" waiting="0.00" lane="bottom_0" pos="43.75" speed="11.32" angle="15.85" x="127.72" y="50.90"/>
        <vehicle id="cfm_slow_2" eclass="HBEFA3/PC_G_EU4" CO2="42392.77" CO="837.00" HC="4.86" NOx="19.67" PMx="1.06" fuel="18.22" electricity="0.00" noise="120.62" route="routeright" type="cfm_slow" waiting="0.00" lane="right_0" pos="31.75" speed="11.32" angle="307.32" x="99.09" y="118.53"/>
        <vehicle id="cfm_slow_3" eclass="HBEFA3/PC_G_EU4" CO2="42392.77" CO="837.00" HC="4.86" NOx="19.67" PMx="1.06" fuel="18.22" electricity="0.00" noise="120.62" route="routetop" type="cfm_slow" waiting="0.00" lane="top_0" pos="19.75" speed="11.32" angle="238.90" x="25.69" y="116.78"/>
        <vehicle id="cfm_slow_4" eclass="HBEFA3/PC_G_EU4" CO2="42392.77" CO="837.00" HC="4.86" NOx="19.67" PMx="1.06" fuel="18.22" electricity="0.00" noise="120.62" route="routeleft" type="cfm_slow" waiting="0.00" lane="left_0" pos="7.75" speed="11.32" angle="170.52" x="0.29" y="47.89"/>
    </timestep>
    <timestep time="0.84">
        <vehicle id="cfm_slow_0" eclass="HBEFA3/PC_G_EU4" CO2="42884.17" CO="846.00" HC="4.91" NOx="19.90" PMx="1.07" fuel="18.43" electricity="0.00" noise="120.68" route="routebottom" type="cfm_slow" waiting="0.00" lane="bottom_0" pos="5.87" speed="11.45" angle="83.91" x="75.65" y="-0.53"/>
        <vehicle id="cfm_slow_1" eclass="HBEFA3/PC_G_EU4" CO2="42884.17" CO="846.00" HC="4.91" NOx="19.90" PMx="1.07" fuel="18.43" electricity="0.00" noise="120.68" route="routebottom" type="cfm_slow" waiting="0.00" lane="bottom_0" pos="43.87" speed="11.45" angle="15.63" x="127.76" y="51.14"/>
        <vehicle id="cfm_slow_2" eclass="HBEFA3/PC_G_EU4" CO2="42884.17" CO="846.00" HC="4.91" NOx="19.90" PMx="1.07" fuel="18.43" electricity="0.00" noise="120.68" route="routeright" type="cfm_slow" waiting="0.00" lane="right_0" pos="31.87" speed="11.45" angle="307.11" x="98.89" y="118.66"/>
        <vehicle id="cfm_slow_3" eclass="HBEFA3/PC_G_EU4" CO2="42884.17" CO="846.00" HC="4.91" NOx="19.90" PMx="1.07" fuel="18.43" electricity="0.00" noise="120.68" route="routetop" type="cfm_slow" waiting="0.00" lane="top_0" pos="19.87" speed="11.45" angle="238.69" x="25.50" y="116.64"/>
        <vehicle id="cfm_slow_4" eclass="HBEFA3/PC_G_EU4" CO2="42884.17" CO="846.00" HC="4.91" NOx="19.90" PMx="1.07" fuel="18.43" electricity="0.00" noise="120.68" route="routeleft" type="cfm_slow" waiting="0.00" lane="left_0" pos="7.87" speed="11.45" angle="170.31" x="0.35" y="47.66"/>
    </timestep>
    <timestep time="0.85">
        <vehicle id="cfm_slow_0" eclass="HBEFA3/PC_G_EU4" CO2="43375.86" CO="855.03" HC="4.96" NOx="20.13" PMx="1.09" fuel="18.65" electricity="0.00" noise="120.74" route="routebottom" type="cfm_slow" waiting="0.00" lane="bottom_0" pos="5.98" speed="11.59" angle="83.69" x="75.89" y="-0.49"/>
        <vehicle id="cfm_slow_1" eclass="HBEFA3/PC_G_EU4" CO2="43375.86" CO="855.03" HC="4.96" NOx="20.13" PMx="1.09" fuel="18.65" electricity="0.00" noise="120.74" route="routebottom" type="cfm_slow" waiting="0.00" lane="bottom_0" pos="43.98" speed="11.59" angle="15.40" x="127.80" y="51.37"/>
        <vehicle id="cfm_slow_2" eclass="HBEFA3/PC_G_EU4" CO2="43375.86" CO="855.03" HC="4.96" NOx="20.13" PMx="1.09" fuel="18.65" electricity="0.00" noise="120.74" route="routeright" type="cfm_slow" waiting="0.00" lane="right_0" pos="31.98" speed="11.59" angle="306.93" x="98.69" y="118.79"/>
        <vehicle id="cfm_slow_3" eclass="HBEFA3/PC_G_EU4" CO2="43375.86" CO="855.03" HC="4.96" NOx="20.13" PMx="1.09" fuel="18.65" electricity="0.00" noise="120.74" route="routetop" type="cfm_slow" waiting="0.00" lane="top_0" pos="19.98" speed="11.59" angle="238.47" x="25.30" y="116.50"/>
        <vehicle id="cfm_slow_4" eclass="HBEFA3/PC_G_EU4" CO2="43375.86" CO="855.03" HC="4.96" NOx="20.13" PMx="1.09" fuel="18.65" electricity="0.00" noise="120.74" route="routeleft" type="cfm_slow" waiting="0.00" lane="left_0" pos="7.98" speed="11.59" angle="170.09" x="0.41" y="47.43"/>
    </timestep>
    <timestep time="0.86">
        <vehicle id="cfm_slow_0" eclass="HBEFA3/PC_G_EU4" CO2="43867.83" CO="864.07" HC="5.02" NOx="20.35" PMx="1.10" fuel="18.86" electricity="0.00" noise="120.80" route="routebottom" type="cfm_slow" waiting="0.00" lane="bottom_0" pos="6.10" speed="11.73" angle="83.47" x="76.12" y="-0.44"/>
        <vehicle id="cfm_slow_1" eclass="HBEFA3/PC_G_EU4" CO2="43867.83" CO="864.07" HC="5.02" NOx="20.35" PMx="1.10" fuel="18.86" electricity="0.00" noise="120.80" route="routebottom" type="cfm_slow" waiting="0.00" lane="bottom_0" pos="44.10" speed="11.73" angle="15.18" x="127.84" y="51.61"/>
        <vehicle id="cfm_slow_2" eclass="HBEFA3/PC_G_EU4" CO2="43867.83" CO="864.07" HC="5.02" NOx="20.35" PMx="1.10" fuel="18.86" electricity="0.00" noise="120.80" route="routeright" type="cfm_slow" waiting="0.00" lane="right_0" pos="32.10" speed="11.73" angle="306.76" x="98.49" y="118.92"/>
        <vehicle id="cfm_slow_3" eclass="HBEFA3/PC_G_EU4" CO2="43867.83" CO="864.07" HC="5.02" NOx="20.35" PMx="1.10" fuel="18.86" electricity="0.00" noise="120.80" route="routetop" type="cfm_slow" waiting="0.00" lane="top_0" pos="20.10" speed="11.73" angle="238.25" x="25.11" y="116.36"/>
        <vehicle id="cfm_slow_4" eclass="HBEFA3/PC_G_EU4" CO2="43867.83" CO="864.07" HC="5.02" NOx="20.35" PMx="1.10" fuel="18.86" electricity="0.00" noise="120.80" route="routeleft" type="cfm_slow" waiting="0.00" lane="left_0" pos="8.10" speed="11.73" angle="169.88" x="0.47" y="47.20"/>
    </timestep>
    <timestep time="0.87">
        <vehicle id="cfm_slow_0" eclass="HBEFA3/PC_G_EU4" CO2="44360.11" CO="873.14" HC="5.07" NOx="20.58" PMx="1.11" fuel="19.07" electricity="0.00" noise="120.86" route="routebottom" type="cfm_slow" waiting="0.00" lane="bottom_0" pos="6.22" speed="11.86" angle="83.24" x="76.36" y="-0.40"/>
        <vehicle id="cfm_slow_1" eclass="HBEFA3/PC_G_EU4" CO2="44360.11" CO="873.14" HC="5.07" NOx="20.58" PMx="1.11" fuel="19.07" electricity="0.00" noise="120.86" route="routebottom" type="cfm_slow" waiting="0.00" lane="bottom_0" pos="44.22" speed="11.86" angle="14.94" x="127.89" y="51.84"/>
        <vehicle id="cfm_slow_2" eclass="HBEFA3/PC_G_EU4" CO2="44360.11" CO="873.14" HC="5.07" NOx="20.58" PMx="1.11" fuel="19.07" electricity="0.00" noise="120.86" route="routeright" type="cfm_slow" waiting="0.00" lane="right_0" pos="32.22" speed="11.86" angle="306.54" x="98.28" y="119.04"/>
        <vehicle id="cfm_slow_3" eclass="HBEFA3/PC_G_EU4" CO2="44360.11" CO="873.14" HC="5.07" NOx="20.58" PMx="1.11" fuel="19.07" electricity="0.00" noise="120.86" route="routetop" type="cfm_slow" waiting="0.00" lane="top_0" pos="20.22" speed="11.86" angle="238.03" x="24.91" y="116.22"/>
        <vehicle id="cfm_slow_4" eclass="HBEFA3/PC_G_EU4" CO2="44360.11" CO="873.14" HC="5.07" NOx="20.58" PMx="1.11" fuel="19.07" electricity="0.00" noise="120.86" route="routeleft" type="cfm_slow" waiting="0.00" lane="left_0" pos="8.22" speed="11.86" angle="169.66" x="0.53" y="46.97"/>
    </timestep>
    <timestep time="0.88">
        <vehicle id="cfm_slow_0" eclass="HBEFA3/PC_G_EU4" CO2="44852.67" CO="882.23" HC="5.13" NOx="20.81" PMx="1.12" fuel="19.28" electricity="0.00" noise="120.92" route="routebottom" type="cfm_slow" waiting="0.00" lane="bottom_0" pos="6.34" speed="12.00" angle="83.05" x="76.60" y="-0.35"/>
        <vehicle id="cfm_slow_1" eclass="HBEFA3/PC_G_EU4" CO2="44852.67" CO="882.23" HC="5.13" NOx="20.81" PMx="1.12" fuel="19.28" electricity="0.00" noise="120.92" route="routebottom" type="cfm_slow" waiting="0.00" lane="bottom_0" pos="44.34" speed="12.00" angle="14.71" x="127.93" y="52.09"/>
        <vehicle id="cfm_slow_2" eclass="HBEFA3/PC_G_EU4" CO2="44852.67" CO="882.23" HC="5.13" NOx="20.81" PMx="1.12" fuel="19.28" electricity="0.00" noise="120.92" route="routeright" type="cfm_slow" waiting="0.00" lane="right_0" pos="32.34" speed="12.00" angle="306.32" x="98.07" y="119.17"/>
        <vehicle id="cfm_slow_3" eclass="HBEFA3/PC_G_EU4" CO2="44852.67" CO="882.23" HC="5.13" NOx="20.81" PMx="1.12" fuel="19.28" electricity="0.00" noise="120.92" route="routetop" type="cfm_slow" waiting="0.00" lane="top_0" pos="20.34" speed="12.00" angle="237.81" x="24.71" y="116.07"/>
        <vehicle id="cfm_slow_4" eclass="HBEFA3/PC_G_EU4" CO2="44852.67" CO="882.23" HC="5.13" NOx="20.81" PMx="1.12" fuel="19.28" electricity="0.00" noise="120.92" route="routeleft" type="cfm_slow" waiting="0.00" lane="left_0" pos="8.34" speed="12.00" angle="169.43" x="0.60" y="46.73"/>
    </timestep>
    <timestep time="0.89">
        <vehicle id="cfm_slow_0" eclass="HBEFA3/PC_G_EU4" CO2="45345.52" CO="891.34" HC="5.18" NOx="21.04" PMx="1.14" fuel="19.49" electricity="0.00" noise="120.99" route="routebottom" type="cfm_slow" waiting="0.00" lane="bottom_0" pos="6.46" speed="12.14" angle="82.85" x="76.85" y="-0.30"/>
        <vehicle id="cfm_slow_1" eclass="HBEFA3/PC_G_EU4" CO2="45345.52" CO="891.34" HC="5.18" NOx="21.04" PMx="1.14" fuel="19.49" electricity="0.00" noise="120.99" route="routebottom" type="cfm_slow" waiting="0.00" lane="bottom_0" pos="44.46" speed="12.14" angle="14.47" x="127.97" y="52.33"/>
        <vehicle id="cfm_slow_2" eclass="HBEFA3/PC_G_EU4" CO2="45345.52" CO="891.34" HC="5.18" NOx="21.04" PMx="1.14" fuel="19.49" electricity="0.00" noise="120.99" route="routeright" type="cfm_slow" waiting="0.00" lane="right_0" pos="32.46" speed="12.14" angle="306.10" x="97.86" y="119.30"/>
        <vehicle id="cfm_slow_3" eclass="HBEFA3/PC_G_EU4" CO2="45345.52" CO="891.34" HC="5.18" NOx="21.04" PMx="1.14" fuel="19.49" electricity="0.00" noise="120.99" route="routetop" type="cfm_slow" waiting="0.00" lane="top_0" pos="20.46" speed="12.14" angle="237.62" x="24.51" y="115.93"/>
        <vehicle id="cfm_slow_4" eclass="HBEFA3/PC_G_EU4" CO2="45345.52" CO="891.34" HC="5.18" NOx="21.04" PMx="1.14" fuel="19.49" electricity="0.00" noise="120.99" route="routeleft" type="cfm_slow" waiting="0.00" lane="left_0" pos="8.46" speed="12.14" angle="169.21" x="0.66" y="46.49"/>
    </timestep>
    <timestep time="0.90">
        <vehicle id="cfm_slow_0" eclass="HBEFA3/PC_G_EU4" CO2="45838.67" CO="900.48" HC="5.23" NOx="21.27" PMx="1.15" fuel="19.70" electricity="0.00" noise="121.05" route="routebottom" type="cfm_slow" waiting="0.00" lane="bottom_0" pos="6.58" speed="12.27" angle="82.63" x="77.09" y="-0.25"/>
        <vehicle id="cfm_slow_1" eclass="HBEFA3/PC_G_EU4" CO2="45838.67" CO="900.48" HC="5.23" NOx="21.27" PMx="1.15" fuel="19.70" electricity="0.00" noise="121.05" route="routebottom" type="cfm_slow" waiting="0.00" lane="bottom_0" pos="44.58" speed="12.27" angle="14.24" x="128.02" y="52.58"/>
        <vehicle id="cfm_slow_2" eclass="HBEFA3/PC_G_EU4" CO2="45838.67" CO="900.48" HC="5.23" NOx="21.27" PMx="1.15" fuel="19.70" electricity="0.00" noise="121.05" route="routeright" type="cfm_slow" waiting="0.00" lane="right_0" pos="32.58" speed="12.27" angle="305.88" x="97.64" y="119.43"/>
        <vehicle id="cfm_slow_3" eclass="HBEFA3/PC_G_EU4" CO2="45838.67" CO="900.48" HC="5.23" NOx="21.27" PMx="1.15" fuel="19.70" electricity="0.00" noise="121.05" route="routetop" type="cfm_slow" waiting="0.00" lane="top_0" pos="20.58" speed="12.27" angle="237.42" x="24.31" y="115.78"/>
        <vehicle id="cfm_slow_4" eclass="HBEFA3/PC_G_EU4" CO2="45838.67" CO="900.48" HC="5.23" NOx="21.27" PMx="1.15" fuel="19.70" electricity="0.00" noise="121.05" route="routeleft" type="cfm_slow" waiting="0.00" lane="left_0" pos="8.58" speed="12.27" angle="168.98" x="0.73" y="46.24"/>
    </timestep>
    <timestep time="0.91">
        <vehicle id="cfm_slow_0" eclass="HBEFA3/PC_G_EU4" CO2="46332.11" CO="909.63" HC="5.29" NOx="21.50" PMx="1.16" fuel="19.92" electricity="0.00" noise="121.11" route="routebottom" type="cfm_slow" waiting="0.00" lane="bottom_0" pos="6.71" speed="12.41" angle="82.40" x="77.34" y="-0.19"/>
        <vehicle id="cfm_slow_1" eclass="HBEFA3/PC_G_EU4" CO2="46332.11" CO="909.63" HC="5.29" NOx="21.50" PMx="1.16" fuel="19.92" electricity="0.00" noise="121.11" route="routebottom" type="cfm_slow" waiting="0.00" lane="bottom_0" pos="44.71" speed="12.41" angle="13.99" x="128.06" y="52.83"/>
        <vehicle id="cfm_slow_2" eclass="HBEFA3/PC_G_EU4" CO2="46332.11" CO="909.63" HC="5.29" NOx="21.50" PMx="1.16" fuel="19.92" electricity="0.00" noise="121.11" route="routeright" type="cfm_slow" waiting="0.00" lane="right_0" pos="32.71" speed="12.41" angle="305.65" x="97.42" y="119.56"/>
        <vehicle id="cfm_slow_3" eclass="HBEFA3/PC_G_EU4" CO2="46332.11" CO="909.63" HC="5.29" NOx="21.50" PMx="1.16" fuel="19.92" electricity="0.00" noise="121.11" route="routetop" type="cfm_slow" waiting="0.00" lane="top_0" pos="20.71" speed="12.41" angle="237.20" x="24.11" y="115.62"/>
        <vehicle id="cfm_slow_4" eclass="HBEFA3/PC_G_EU4" CO2="46332.11" CO="909.63" HC="5.29" NOx="21.50" PMx="1.16" fuel="19.92" electricity="0.00" noise="121.11" route="routeleft" type="cfm_slow" waiting="0.00" lane="left_0" pos="8.71" speed="12.41" angle="168.75" x="0.79" y="46.00"/>
    </timestep>
    <timestep time="0.92">
        <vehicle id="cfm_slow_0" eclass="HBEFA3/PC_G_EU4" CO2="46825.84" CO="918.81" HC="5.34" NOx="21.73" PMx="1.17" fuel="20.13" electricity="0.00" noise="121.17" route="routebottom" type="cfm_slow" waiting="0.00" lane="bottom_0" pos="6.83" speed="12.55" angle="82.17" x="77.59" y="-0.13"/>
        <vehicle id="cfm_slow_1" eclass="HBEFA3/PC_G_EU4" CO2="46825.84" CO="918.81" HC="5.34" NOx="21.73" PMx="1.17" fuel="20.13" electricity="0.00" noise="121.17" route="routebottom" type="cfm_slow" waiting="0.00" lane="bottom_0" pos="44.83" speed="12.55" angle="13.79" x="128.11" y="53.08"/>
        <vehicle id="cfm_slow_2" eclass="HBEFA3/PC_G_EU4" CO2="46825.84" CO="918.81" HC="5.34" NOx="21.73" PMx="1.17" fuel="20.13" electricity="0.00" noise="121.17" route="routeright" type="cfm_slow" waiting="0.00" lane="right_0" pos="32.83" speed="12.55" angle="305.42" x="97.20" y="119.69"/>
        <vehicle id="cfm_slow_3" eclass="HBEFA3/PC_G_EU4" CO2="46825.84" CO="918.81" HC="5.34" NOx="21.73" PMx="1.17" fuel="20.13" electricity="0.00" noise="121.17" route="routetop" type="cfm_slow" waiting="0.00" lane="top_0" pos="20.83" speed="12.55" angle="236.97" x="23.91" y="115.46"/>
        <vehicle id="cfm_slow_4" eclass="HBEFA3/PC_G_EU4" CO2="46825.84" CO="918.81" HC="5.34" NOx="21.73" PMx="1.17" fuel="20.13" electricity="0.00" noise="121.17" route="routeleft" type="cfm_slow" waiting="0.00" lane="left_0" pos="8.83" speed="12.55" angle="168.51" x="0.86" y="45.75"/>
    </timestep>
    <timestep time="0.93">
        <vehicle id="cfm_slow_0" eclass="HBEFA3/PC_G_EU4" CO2="47319.86" CO="928.01" HC="5.40" NOx="21.96" PMx="1.19" fuel="20.34" electricity="0.00" noise="121.23" route="routebottom" type="cfm_slow" waiting="0.00" lane="bottom_0" pos="6.96" speed="12.68" angle="81.94" x="77.85" y="-0.08"/>
        <vehicle id="cfm_slow_1" eclass="HBEFA3/PC_G_EU4" CO2="47319.86" CO="928.01" HC="5.40" NOx="21.96" PMx="1.19" fuel="20.34" electricity="0.00" noise="121.23" route="routebottom" type="cfm_slow" waiting="0.00" lane="bottom_0" pos="44.96" speed="12.68" angle="13.58" x="128.15" y="53.34"/>
        <vehicle id="cfm_slow_2" eclass="HBEFA3/PC_G_EU4" CO2="47319.86" CO="928.01" HC="5.40" NOx="21.96" PMx="1.19" fuel="20.34" electricity="0.00" noise="121.23" route="routeright" type="cfm_slow" waiting="0.00" lane="right_0" pos="32.96" speed="12.68" angle="305.19" x="96.98" y="119.82"/>
        <vehicle id="cfm_slow_3" eclass="HBEFA3/PC_G_EU4" CO2="47319.86" CO="928.01" HC="5.40" NOx="21.96" PMx="1.19" fuel="20.34" electricity="0.00" noise="121.23" route="routetop" type="cfm_slow" waiting="0.00" lane="top_0" pos="20.96" speed="12.68" angle="236.74" x="23.70" y="115.30"/>
        <vehicle id="cfm_slow_4" eclass="HBEFA3/PC_G_EU4" CO2="47319.86" CO="928.01" HC="5.40" NOx="21.96" PMx="1.19" fuel="20.34" electricity="0.00" noise="121.23" route="routeleft" type="cfm_slow" waiting="0.00" lane="left_0" pos="8.96" speed="12.68" angle="168.34" x="0.93" y="45.50"/>
    </timestep>
    <timestep time="0.94">
        <vehicle id="cfm_slow_0" eclass="HBEFA3/PC_G_EU4" CO2="47814.17" CO="937.23" HC="5.45" NOx="22.19" PMx="1.20" fuel="20.55" electricity="0.00" noise="121.29" route="routebottom" type="cfm_slow" waiting="0.00" lane="bottom_0" pos="7.09" speed="12.82" angle="81.70" x="78.10" y="-0.02"/>
        <vehicle id="cfm_slow_1" eclass="HBEFA3/PC_G_EU4" CO2="47814.17" CO="937.23" HC="5.45" NOx="22.19" PMx="1.20" fuel="20.55" electricity="0.00" noise="121.29" route="routebottom" type="cfm_slow" waiting="0.00" lane="bottom_0" pos="45.09" speed="12.82" angle="13.35" x="128.19" y="53.60"/>
        <vehicle id="cfm_slow_2" eclass="HBEFA3/PC_G_EU4" CO2="47814.17" CO="937.23" HC="5.45" NOx="22.19" PMx="1.20" fuel="20.55" electricity="0.00" noise="121.29" route="routeright" type="cfm_slow" waiting="0.00" lane="right_0" pos="33.09" speed="12.82" angle="304.96" x="96.75" y="119.96"/>
        <vehicle id="cfm_slow_3" eclass="HBEFA3/PC_G_EU4" CO2="47814.17" CO="937.23" HC="5.45" NOx="22.19" PMx="1.20" fuel="20.55" electricity="0.00" noise="121.29" route="routetop" type="cfm_slow" waiting="0.00" lane="top_0" pos="21.09" speed="12.82" angle="236.51" x="23.49" y="115.14"/>
        <vehicle id="cfm_slow_4" eclass="HBEFA3/PC_G_EU4" CO2="47814.17" CO="937.23" HC="5.45" NOx="22.19" PMx="1.20" fuel="20.55" electricity="0.00" noise="121.29" route="routeleft" type="cfm_slow" waiting="0.00" lane="left_0" pos="9.09" speed="12.82" angle="168.10" x="1.01" y="45.25"/>
    </timestep>
    <timestep time="0.95">
        <vehicle id="cfm_slow_0" eclass="HBEFA3/PC_G_EU4" CO2="48308.78" CO="946.47" HC="5.50" NOx="22.42" PMx="1.21" fuel="20.77" electricity="0.00" noise="121.35" route="routebottom" type="cfm_slow" waiting="0.00" lane="bottom_0" pos="7.22" speed="12.95" angle="81.46" x="78.36" y="0.04"/>
        <vehicle id="cfm_slow_1" eclass="HBEFA3/PC_G_EU4" CO2="48308.78" CO="946.47" HC="5.50" NOx="22.42" PMx="1.21" fuel="20.77" electricity="0.00" noise="121.35" route="routebottom" type="cfm_slow" waiting="0.00" lane="bottom_0" pos="45.22" speed="12.95" angle="13.11" x="128.23" y="53.86"/>
        <vehicle id="cfm_slow_2" eclass="HBEFA3/PC_G_EU4" CO2="48308.78" CO="946.47" HC="5.50" NOx="22.42" PMx="1.21" fuel="20.77" electricity="0.00" noise="121.35" route="routeright" type="cfm_slow" waiting="0.00" lane="right_0" pos="33.22" speed="12.95" angle="304.72" x="96.53" y="120.10"/>
        <vehicle id="cfm_slow_3" eclass="HBEFA3/PC_G_EU4" CO2="48308.78" CO="946.47" HC="5.50" NOx="22.42" PMx="1.21" fuel="20.77" electricity="0.00" noise="121.35" route="routetop" type="cfm_slow" waiting="0.00" lane="top_0" pos="21.22" speed="12.95" angle="236.28" x="23.29" y="114.97"/>
        <vehicle id="cfm_slow_4" eclass="HBEFA3/PC_G_EU4" CO2="48308.78" CO="946.47" HC="5.50" NOx="22.42" PMx="1.21" fuel="20.77" electricity="0.00" noise="121.35" route="routeleft" type="cfm_slow" waiting="0.00" lane="left_0" pos="9.22" speed="12.95" angle="167.87" x="1.08" y="44.99"/>
    </timestep>
    <timestep time="0.96">
        <vehicle id="cfm_slow_0" eclass="HBEFA3/PC_G_EU4" CO2="48803.68" CO="955.73" HC="5.56" NOx="22.65" PMx="1.23" fuel="20.98" electricity="0.00" noise="121.42" route="routebottom" type="cfm_slow" waiting="0.00" lane="bottom_0" pos="7.35" speed="13.09" angle="81.22" x="78.62" y="0.10"/>
        <vehicle id="cfm_slow_1" eclass="HBEFA3/PC_G_EU4" CO2="48803.68" CO="955.73" HC="5.56" NOx="22.65" PMx="1.23" fuel="20.98" electricity="0.00" noise="121.42" route="routebottom" type="cfm_slow" waiting="0.00" lane="bottom_0" pos="45.35" speed="13.09" angle="12.87" x="128.26" y="54.13"/>
        <vehicle id="cfm_slow_2" eclass="HBEFA3/PC_G_EU4" CO2="48803.68" CO="955.73" HC="5.56" NOx="22.65" PMx="1.23" fuel="20.98" electricity="0.00" noise="121.42" route="routeright" type="cfm_slow" waiting="0.00" lane="right_0" pos="33.35" speed="13.09" angle="304.53" x="96.30" y="120.23"/>
        <vehicle id="cfm_slow_3" eclass="HBEFA3/PC_G_EU4" CO2="48803.68" CO="955.73" HC="5.56" NOx="22.65" PMx="1.23" fuel="20.98" electricity="0.00" noise="121.42" route="routetop" type="cfm_slow" waiting="0.00" lane="top_0" pos="21.35" speed="13.09" angle="236.04" x="23.07" y="114.81"/>
        <vehicle id="cfm_slow_4" eclass="HBEFA3/PC_G_EU4" CO2="48803.68" CO="955.73" HC="5.56" NOx="22.65" PMx="1.23" fuel="20.98" electricity="0.00" noise="121.42" route="routeleft" type="cfm_slow" waiting="0.00" lane="left_0" pos="9.35" speed="13.09" angle="167.63" x="1.16" y="44.74"/>
    </timestep>
    <timestep time="0.97">
        <vehicle id="cfm_slow_0" eclass="HBEFA3/PC_G_EU4" CO2="49298.87" CO="965.02" HC="5.61" NOx="22.88" PMx="1.24" fuel="21.19" electricity="0.00" noise="121.48" route="routebottom" type="cfm_slow" waiting="0.00" lane="bottom_0" pos="7.48" speed="13.23" angle="80.98" x="78.89" y="0.16"/>
        <vehicle id="cfm_slow_1" eclass="HBEFA3/PC_G_EU4" CO2="49298.87" CO="965.02" HC="5.61" NOx="22.88" PMx="1.24" fuel="21.19" electricity="0.00" noise="121.48" route="routebottom" type="cfm_slow" waiting="0.00" lane="bottom_0" pos="45.48" speed="13.23" angle="12.63" x="128.30" y="54.40"/>
        <vehicle id="cfm_slow_2" eclass="HBEFA3/PC_G_EU4" CO2="49298.87" CO="965.02" HC="5.61" NOx="22.88" PMx="1.24" fuel="21.19" electricity="0.00" noise="121.48" route="routeright" type="cfm_slow" waiting="0.00" lane="right_0" pos="33.48" speed="13.23" angle="304.29" x="96.06" y="120.36"/>
        <vehicle id="cfm_slow_3" eclass="HBEFA3/PC_G_EU4" CO2="49298.87" CO="965.02" HC="5.61" NOx="22.88" PMx="1.24" fuel="21.19" electricity="0.00" noise="121.48" route="routetop" type="cfm_slow" waiting="0.00" lane="top_0" pos="21.48" speed="13.23" angle="235.80" x="22.86" y="114.64"/>
        <vehicle id="cfm_slow_4" eclass="HBEFA3/PC_G_EU4" CO2="49298.87" CO="965.02" HC="5.61" NOx="22.88" PMx="1.24" fuel="21.19" electricity="0.00" noise="121.48" route="routeleft" type="cfm_slow" waiting="0.00" lane="left_0" pos="9.48" speed="13.23" angle="167.38" x="1.24" y="44.48"/>
    </timestep>
    <timestep time="0.98">
        <vehicle id="cfm_slow_0" eclass="HBEFA3/PC_G_EU4" CO2="49794.35" CO="974.32" HC="5.67" NOx="23.11" PMx="1.25" fuel="21.40" electricity="0.00" noise="121.54" route="routebottom" type="cfm_slow" waiting="0.00" lane="bottom_0" pos="7.62" speed="13.36" angle="80.76" x="79.16" y="0.22"/>
        <vehicle id="cfm_slow_1" eclass="HBEFA3/PC_G_EU4" CO2="49794.35" CO="974.32" HC="5.67" NOx="23.11" PMx="1.25" fuel="21.40" electricity="0.00" noise="121.54" route="routebottom" type="cfm_slow" waiting="0.00" lane="bottom_0" pos="45.62" speed="13.36" angle="12.39" x="128.34" y="54.67"/>
        <vehicle id="cfm_slow_2" eclass="HBEFA3/PC_G_EU4" CO2="49794.35" CO="974.32" HC="5.67" NOx="23.11" PMx="1.25" fuel="21.40" electricity="0.00" noise="121.54" route="routeright" type="cfm_slow" waiting="0.00" lane="right_0" pos="33.62" speed="13.36" angle="304.05" x="95.82" y="120.50"/>
        <vehicle id="cfm_slow_3" eclass="HBEFA3/PC_G_EU4" CO2="49794.35" CO="974.32" HC="5.67" NOx="23.11" PMx="1.25" fuel="21.40" electricity="0.00" noise="121.54" route="routetop" type="cfm_slow" waiting="0.00" lane="top_0" pos="21.62" speed="13.36" angle="235.56" x="22.64" y="114.47"/>
        <vehicle id="cfm_slow_4" eclass="HBEFA3/PC_G_EU4" CO2="49794.35" CO="974.32" HC="5.67" NOx="23.11" PMx="1.25" fuel="21.40" electricity="0.00" noise="121.54" route="routeleft" type="cfm_slow" waiting="0.00" lane="left_0" pos="9.62" speed="13.36" angle="167.14" x="1.33" y="44.22"/>
    </timestep>
    <timestep time="0.99">
        <vehicle id="cfm_slow_0" eclass="HBEFA3/PC_G_EU4" CO2="50290.12" CO="983.65" HC="5.72" NOx="23.34" PMx="1.26" fuel="21.62" electricity="0.00" noise="121.60" route="routebottom" type="cfm_slow" waiting="0.00" lane="bottom_0" pos="7.75" speed="13.50" angle="80.54" x="79.42" y="0.28"/>
        <vehicle id="cfm_slow_1" eclass="HBEFA3/PC_G_EU4" CO2="50290.12" CO="983.65" HC="5.72" NOx="23.34" PMx="1.26" fuel="21.62" electricity="0.00" noise="121.60" route="routebottom" type="cfm_slow" waiting="0.00" lane="bottom_0" pos="45.75" speed="13.50" angle="12.14" x="128.38" y="54.94"/>
        <vehicle id="cfm_slow_2" eclass="HBEFA3/PC_G_EU4" CO2="50290.12" CO="983.65" HC="5.72" NOx="23.34" PMx="1.26" fuel="21.62" electricity="0.00" noise="121.60" route="routeright" type="cfm_slow" waiting="0.00" lane="right_0" pos="33.75" speed="13.50" angle="303.80" x="95.58" y="120.63"/>
        <vehicle id="cfm_slow_3" eclass="HBEFA3/PC_G_EU4" CO2="50290.12" CO="983.65" HC="5.72" NOx="23.34" PMx="1.26" fuel="21.62" electricity="0.00" noise="121.60" route="routetop" type="cfm_slow" waiting="0.00" lane="top_0" pos="21.75" speed="13.50" angle="235.35" x="22.43" y="114.30"/>
        <vehicle id="cfm_slow_4" eclass="HBEFA3/PC_G_EU4" CO2="50290.12" CO="983.65" HC="5.72" NOx="23.34" PMx="1.26" fuel="21.62" electricity="0.00" noise="121.60" route="routeleft" type="cfm_slow" waiting="0.00" lane="left_0" pos="9.75" speed="13.50" angle="166.89" x="1.41" y="43.95"/>
    </timestep>
    <timestep time="1.00">
        <vehicle id="cfm_slow_0" eclass="HBEFA3/PC_G_EU4" CO2="50786.19" CO="993.00" HC="5.78" NOx="23.57" PMx="1.28" fuel="21.83" electricity="0.00" noise="121.66" route="routebottom" type="cfm_slow" waiting="0.00" lane="bottom_0" pos="7.89" speed="13.64" angle="80.29" x="79.69" y="0.36"/>
        <vehicle id="cfm_slow_1" eclass="HBEFA3/PC_G_EU4" CO2="50786.19" CO="993.00" HC="5.78" NOx="23.57" PMx="1.28" fuel="21.83" electricity="0.00" noise="121.66" route="routebottom" type="cfm_slow" waiting="0.00" lane="bottom_0" pos="45.89" speed="13.64" angle="11.89" x="128.42" y="55.22"/>
        <vehicle id="cfm_slow_2" eclass="HBEFA3/PC_G_EU4" CO2="50786.19" CO="993.00" HC="5.78" NOx="23.57" PMx="1.28" fuel="21.83" electricity="0.00" noise="121.66" route="routeright" type="cfm_slow" waiting="0.00" lane="right_0" pos="33.89" speed="13.64" angle="303.55" x="95.33" y="120.77"/>
        <vehicle id="cfm_slow_3" eclass="HBEFA3/PC_G_EU4" CO2="50786.19" CO="993.00" HC="5.78" NOx="23.57" PMx="1.28" fuel="21.83" electricity="0.00" noise="121.66" route="routetop" type="cfm_slow" waiting="0.00" lane="top_0" pos="21.89" speed="13.64" angle="235.11" x="22.21" y="114.12"/>
        <vehicle id="cfm_slow_4" eclass="HBEFA3/PC_G_EU4" CO2="50786.19" CO="993.00" HC="5.78" NOx="23.57" PMx="1.28" fuel="21.83" electricity="0.00" noise="121.66" route="routeleft" type="cfm_slow" waiting="0.00" lane="left_0" pos="9.89" speed="13.64" angle="166.64" x="1.49" y="43.69"/>
    </timestep>
    <timestep time="1.01">
        <vehicle id="cfm_slow_0" eclass="HBEFA3/PC_G_EU4" CO2="51282.55" CO="1002.37" HC="5.83" NOx="23.80" PMx="1.29" fuel="22.04" electricity="0.00" noise="121.72" route="routebottom" type="cfm_slow" waiting="0.00" lane="bottom_0" pos="8.02" speed="13.77" angle="80.03" x="79.97" y="0.43"/>
        <vehicle id="cfm_slow_1" eclass="HBEFA3/PC_G_EU4" CO2="51282.55" CO="1002.37" HC="5.83" NOx="23.80" PMx="1.29" fuel="22.04" electricity="0.00" noise="121.72" route="routebottom" type="cfm_slow" waiting="0.00" lane="bottom_0" pos="46.02" speed="13.77" angle="11.64" x="128.46" y="55.50"/>
        <vehicle id="cfm_slow_2" eclass="HBEFA3/PC_G_EU4" CO2="51282.55" CO="1002.37" HC="5.83" NOx="23.80" PMx="1.29" fuel="22.04" electricity="0.00" noise="121.72" route="routeright" type="cfm_slow" waiting="0.00" lane="right_0" pos="34.02" speed="13.77" angle="303.30" x="95.08" y="120.90"/>
        <vehicle id="cfm_slow_3" eclass="HBEFA3/PC_G_EU4" CO2="51282.55" CO="1002.37" HC="5.83" NOx="23.80" PMx="1.29" fuel="22.04" electricity="0.00" noise="121.72" route="routetop" type="cfm_slow" waiting="0.00" lane="top_0" pos="22.02" speed="13.77" angle="234.85" x="22.00" y="113.94"/>
        <vehicle id="cfm_slow_4" eclass="HBEFA3/PC_G_EU4" CO2="51282.55" CO="1002.37" HC="5.83" NOx="23.80" PMx="1.29" fuel="22.04" electricity="0.00" noise="121.72" route="routeleft" type="cfm_slow" waiting="0.00" lane="left_0" pos="10.02" speed="13.77" angle="166.39" x="1.57" y="43.42"/>
    </timestep>
    <timestep time="1.02">
        <vehicle id="cfm_slow_0" eclass="HBEFA3/PC_G_EU4" CO2="51779.20" CO="1011.76" HC="5.89" NOx="24.03" PMx="1.30" fuel="22.26" electricity="0.00" noise="121.79" route="routebottom" type="cfm_slow" waiting="0.00" lane="bottom_0" pos="8.16" speed="13.91" angle="79.77" x="80.24" y="0.50"/>
        <vehicle id="cfm_slow_1" eclass="HBEFA3/PC_G_EU4" CO2="51779.20" CO="1011.76" HC="5.89" NOx="24.03" PMx="1.30" fuel="22.26" electricity="0.00" noise="121.79" route="routebottom" type="cfm_slow" waiting="0.00" lane="bottom_0" pos="46.16" speed="13.91" angle="11.44" x="128.50" y="55.78"/>
        <vehicle id="cfm_slow_2" eclass="HBEFA3/PC_G_EU4" CO2="51779.20" CO="1011.76" HC="5.89" NOx="24.03" PMx="1.30" fuel="22.26" electricity="0.00" noise="121.79" route="routeright" type="cfm_slow" waiting="0.00" lane="right_0" pos="34.16" speed="13.91" angle="303.04" x="94.83" y="121.04"/>
        <vehicle id="cfm_slow_3" eclass="HBEFA3/PC_G_EU4" CO2="51779.20" CO="1011.76" HC="5.89" NOx="24.03" PMx="1.30" fuel="22.26" electricity="0.00" noise="121.79" route="routetop" type="cfm_slow" waiting="0.00" lane="top_0" pos="22.16" speed="13.91" angle="234.59" x="21.78" y="113.76"/>
        <vehicle id="cfm_slow_4" eclass="HBEFA3/PC_G_EU4" CO2="51779.20" CO="1011.76" HC="5.89" NOx="24.03" PMx="1.30" fuel="22.26" electricity="0.00" noise="121.79" route="routeleft" type="cfm_slow" waiting="0.00" lane="left_0" pos="10.16" speed="13.91" angle="166.16" x="1.66" y="43.14"/>
    </timestep>
    <timestep time="1.03">
        <vehicle id="cfm_slow_0" eclass="HBEFA3/PC_G_EU4" CO2="52276.14" CO="1021.17" HC="5.94" NOx="24.26" PMx="1.32" fuel="22.47" electricity="0.00" noise="121.85" route="routebottom" type="cfm_slow" waiting="0.00" lane="bottom_0" pos="8.30" speed="14.05" angle="79.51" x="80.52" y="0.58"/>
        <vehicle id="cfm_slow_1" eclass="HBEFA3/PC_G_EU4" CO2="52276.14" CO="1021.17" HC="5.94" NOx="24.26" PMx="1.32" fuel="22.47" electricity="0.00" noise="121.85" route="routebottom" type="cfm_slow" waiting="0.00" lane="bottom_0" pos="46.30" speed="14.05" angle="11.20" x="128.53" y="56.07"/>
        <vehicle id="cfm_slow_2" eclass="HBEFA3/PC_G_EU4" CO2="52276.14" CO="1021.17" HC="5.94" NOx="24.26" PMx="1.32" fuel="22.47" electricity="0.00" noise="121.85" route="routeright" type="cfm_slow" waiting="0.00" lane="right_0" pos="34.30" speed="14.05" angle="302.79" x="94.58" y="121.18"/>
        <vehicle id="cfm_slow_3" eclass="HBEFA3/PC_G_EU4" CO2="52276.14" CO="1021.17" HC="5.94" NOx="24.26" PMx="1.32" fuel="22.47" electricity="0.00" noise="121.85" route="routetop" type="cfm_slow" waiting="0.00" lane="top_0" pos="22.30" speed="14.05" angle="234.33" x="21.56" y="113.57"/>
        <vehicle id="cfm_slow_4" eclass="HBEFA3/PC_G_EU4" CO2="52276.14" CO="1021.17" HC="5.94" NOx="24.26" PMx="1.32" fuel="22.47" electricity="0.00" noise="121.85" route="routeleft" type="cfm_slow" waiting="0.00" lane="left_0" pos="10.30" speed="14.05" angle="165.94" x="1.75" y="42.87"/>
    </timestep>
    <timestep time="1.04">
        <vehicle id="cfm_slow_0" eclass="HBEFA3/PC_G_EU4" CO2="52773.37" CO="1030.61" HC="6.00" NOx="24.49" PMx="1.33" fuel="22.68" electricity="0.00" noise="121.91" route="routebottom" type="cfm_slow" waiting="0.00" lane="bottom_0" pos="8.45" speed="14.18" angle="79.24" x="80.80" y="0.65"/>
        <vehicle id="cfm_slow_1" eclass="HBEFA3/PC_G_EU4" CO2="52773.37" CO="1030.61" HC="6.00" NOx="24.49" PMx="1.33" fuel="22.68" electricity="0.00" noise="121.91" route="routebottom" type="cfm_slow" waiting="0.00" lane="bottom_0" pos="46.45" speed="14.18" angle="10.94" x="128.56" y="56.36"/>
        <vehicle id="cfm_slow_2" eclass="HBEFA3/PC_G_EU4" CO2="52773.37" CO="1030.61" HC="6.00" NOx="24.49" PMx="1.33" fuel="22.68" electricity="0.00" noise="121.91" route="routeright" type="cfm_slow" waiting="0.00" lane="right_0" pos="34.45" speed="14.18" angle="302.53" x="94.33" y="121.32"/>
        <vehicle id="cfm_slow_3" eclass="HBEFA3/PC_G_EU4" CO2="52773.37" CO="1030.61" HC="6.00" NOx="24.49" PMx="1.33" fuel="22.68" electricity="0.00" noise="121.91" route="routetop" type="cfm_slow" waiting="0.00" lane="top_0" pos="22.45" speed="14.18" angle="234.06" x="21.34" y="113.38"/>
        <vehicle id="cfm_slow_4" eclass="HBEFA3/PC_G_EU4" CO2="52773.37" CO="1030.61" HC="6.00" NOx="24.49" PMx="1.33" fuel="22.68" electricity="0.00" noise="121.91" route="routeleft" type="cfm_slow" waiting="0.00" lane="left_0" pos="10.45" speed="14.18" angle="165.68" x="1.85" y="42.60"/>
    </timestep>
    <timestep time="1.05">
        <vehicle id="cfm_slow_0" eclass="HBEFA3/PC_G_EU4" CO2="53270.90" CO="1040.07" HC="6.05" NOx="24.73" PMx="1.34" fuel="22.90" electricity="0.00" noise="121.97" route="routebottom" type="cfm_slow" waiting="0.00" lane="bottom_0" pos="8.59" speed="14.32" angle="78.97" x="81.08" y="0.73"/>
        <vehicle id="cfm_slow_1" eclass="HBEFA3/PC_G_EU4" CO2="53270.90" CO="1040.07" HC="6.05" NOx="24.73" PMx="1.34" fuel="22.90" electricity="0.00" noise="121.97" route="routebottom" type="cfm_slow" waiting="0.00" lane="bottom_0" pos="46.59" speed="14.32" angle="10.69" x="128.59" y="56.65"/>
        <vehicle id="cfm_slow_2" eclass="HBEFA3/PC_G_EU4" CO2="53270.90" CO="1040.07" HC="6.05" NOx="24.73" PMx="1.34" fuel="22.90" electricity="0.00" noise="121.97" route="routeright" type="cfm_slow" waiting="0.00" lane="right_0" pos="34.59" speed="14.32" angle="302.31" x="94.07" y="121.46"/>
        <vehicle id="cfm_slow_3" eclass="HBEFA3/PC_G_EU4" CO2="53270.90" CO="1040.07" HC="6.05" NOx="24.73" PMx="1.34" fuel="22.90" electricity="0.00" noise="121.97" route="routetop" type="cfm_slow" waiting="0.00" lane="top_0" pos="22.59" speed="14.32" angle="233.79" x="21.11" y="113.19"/>
        <vehicle id="cfm_slow_4" eclass="HBEFA3/PC_G_EU4" CO2="53270.90" CO="1040.07" HC="6.05" NOx="24.73" PMx="1.34" fuel="22.90" electricity="0.00" noise="121.97" route="routeleft" type="cfm_slow" waiting="0.00" lane="left_0" pos="10.59" speed="14.32" angle="165.41" x="1.95" y="42.32"/>
    </timestep>
    <timestep time="1.06">
        <vehicle id="cfm_slow_0" eclass="HBEFA3/PC_G_EU4" CO2="53768.71" CO="1049.54" HC="6.11" NOx="24.96" PMx="1.35" fuel="23.11" electricity="0.00" noise="122.03" route="routebottom" type="cfm_slow" waiting="0.00" lane="bottom_0" pos="8.73" speed="14.45" angle="78.70" x="81.37" y="0.81"/>
        <vehicle id="cfm_slow_1" eclass="HBEFA3/PC_G_EU4" CO2="53768.71" CO="1049.54" HC="6.11" NOx="24.96" PMx="1.35" fuel="23.11" electricity="0.00" noise="122.03" route="routebottom" type="cfm_slow" waiting="0.00" lane="bottom_0" pos="46.73" speed="14.45" angle="10.43" x="128.62" y="56.94"/>
        <vehicle id="cfm_slow_2" eclass="HBEFA3/PC_G_EU4" CO2="53768.71" CO="1049.54" HC="6.11" NOx="24.96" PMx="1.35" fuel="23.11" electricity="0.00" noise="122.03" route="routeright" type="cfm_slow" waiting="0.00" lane="right_0" pos="34.73" speed="14.45" angle="302.05" x="93.81" y="121.60"/>
        <vehicle id="cfm_slow_3" eclass="HBEFA3/PC_G_EU4" CO2="53768.71" CO="1049.54" HC="6.11" NOx="24.96" PMx="1.35" fuel="23.11" electricity="0.00" noise="122.03" route="routetop" type="cfm_slow" waiting="0.00" lane="top_0" pos="22.73" speed="14.45" angle="233.52" x="20.89" y="113.00"/>
        <vehicle id="cfm_slow_4" eclass="HBEFA3/PC_G_EU4" CO2="53768.71" CO="1049.54" HC="6.11" NOx="24.96" PMx="1.35" fuel="23.11" electricity="0.00" noise="122.03" route="routeleft" type="cfm_slow" waiting="0.00" lane="left_0" pos="10.73" speed="14.45" angle="165.14" x="2.05" y="42.04"/>
    </timestep>
    <timestep time="1.07">
        <vehicle id="cfm_slow_0" eclass="HBEFA3/PC_G_EU4" CO2="54266.82" CO="1059.04" HC="6.16" NOx="25.19" PMx="1.37" fuel="23.33" electricity="0.00" noise="122.10" route="routebottom" type="cfm_slow" waiting="0.00" lane="bottom_0" pos="8.88" speed="14.59" angle="78.45" x="81.66" y="0.88"/>
        <vehicle id="cfm_slow_1" eclass="HBEFA3/PC_G_EU4" CO2="54266.82" CO="1059.04" HC="6.16" NOx="25.19" PMx="1.37" fuel="23.33" electricity="0.00" noise="122.10" route="routebottom" type="cfm_slow" waiting="0.00" lane="bottom_0" pos="46.88" speed="14.59" angle="10.17" x="128.65" y="57.24"/>
        <vehicle id="cfm_slow_2" eclass="HBEFA3/PC_G_EU4" CO2="54266.82" CO="1059.04" HC="6.16" NOx="25.19" PMx="1.37" fuel="23.33" electricity="0.00" noise="122.10" route="routeright" type="cfm_slow" waiting="0.00" lane="right_0" pos="34.88" speed="14.59" angle="301.78" x="93.54" y="121.73"/>
        <vehicle id="cfm_slow_3" eclass="HBEFA3/PC_G_EU4" CO2="54266.82" CO="1059.04" HC="6.16" NOx="25.19" PMx="1.37" fuel="23.33" electricity="0.00" noise="122.10" route="routetop" type="cfm_slow" waiting="0.00" lane="top_0" pos="22.88" speed="14.59" angle="233.25" x="20.66" y="112.81"/>
        <vehicle id="cfm_slow_4" eclass="HBEFA3/PC_G_EU4" CO2="54266.82" CO="1059.04" HC="6.16" NOx="25.19" PMx="1.37" fuel="23.33" electricity="0.00" noise="122.10" route="routeleft" type="cfm_slow" waiting="0.00" lane="left_0" pos="10.88" speed="14.59" angle="164.87" x="2.15" y="41.76"/>
    </timestep>
    <timestep time="1.08">
        <vehicle id="cfm_slow_0" eclass="HBEFA3/PC_G_EU4" CO2="54765.23" CO="1068.56" HC="6.22" NOx="25.42" PMx="1.38" fuel="23.54" electricity="0.00" noise="122.16" route="routebottom" type="cfm_slow" waiting="0.00" lane="bottom_0" pos="9.03" speed="14.73" angle="78.22" x="81.95" y="0.97"/>
        <vehicle id="cfm_slow_1" eclass="HBEFA3/PC_G_EU4" CO2="54765.23" CO="1068.56" HC="6.22" NOx="25.42" PMx="1.38" fuel="23.54" electricity="0.00" noise="122.16" route="routebottom" type="cfm_slow" waiting="0.00" lane="bottom_0" pos="47.03" speed="14.73" angle="9.91" x="128.68" y="57.54"/>
        <vehicle id="cfm_slow_2" eclass="HBEFA3/PC_G_EU4" CO2="54765.23" CO="1068.56" HC="6.22" NOx="25.42" PMx="1.38" fuel="23.54" electricity="0.00" noise="122.16" route="routeright" type="cfm_slow" waiting="0.00" lane="right_0" pos="35.03" speed="14.73" angle="301.51" x="93.27" y="121.87"/>
        <vehicle id="cfm_slow_3" eclass="HBEFA3/PC_G_EU4" CO2="54765.23" CO="1068.56" HC="6.22" NOx="25.42" PMx="1.38" fuel="23.54" electricity="0.00" noise="122.16" route="routetop" type="cfm_slow" waiting="0.00" lane="top_0" pos="23.03" speed="14.73" angle="233.02" x="20.43" y="112.61"/>
        <vehicle id="cfm_slow_4" eclass="HBEFA3/PC_G_EU4" CO2="54765.23" CO="1068.56" HC="6.22" NOx="25.42" PMx="1.38" fuel="23.54" electricity="0.00" noise="122.16" route="routeleft" type="cfm_slow" waiting="0.00" lane="left_0" pos="11.03" speed="14.73" angle="164.59" x="2.25" y="41.48"/>
    </timestep>
    <timestep time="1.09">
        <vehicle id="cfm_slow_0" eclass="HBEFA3/PC_G_EU4" CO2="55263.92" CO="1078.11" HC="6.28" NOx="25.65" PMx="1.39" fuel="23.76" electricity="0.00" noise="122.22" route="routebottom" type="cfm_slow" waiting="0.00" lane="bottom_0" pos="9.18" speed="14.86" angle="77.95" x="82.24" y="1.06"/>
        <vehicle id="cfm_slow_1" eclass="HBEFA3/PC_G_EU4" CO2="55263.92" CO="1078.11" HC="6.28" NOx="25.65" PMx="1.39" fuel="23.76" electricity="0.00" noise="122.22" route="routebottom" type="cfm_slow" waiting="0.00" lane="bottom_0" pos="47.18" speed="14.86" angle="9.65" x="128.71" y="57.85"/>
        <vehicle id="cfm_slow_2" eclass="HBEFA3/PC_G_EU4" CO2="55263.92" CO="1078.11" HC="6.28" NOx="25.65" PMx="1.39" fuel="23.76" electricity="0.00" noise="122.22" route="routeright" type="cfm_slow" waiting="0.00" lane="right_0" pos="35.18" speed="14.86" angle="301.23" x="93.00" y="122.00"/>
        <vehicle id="cfm_slow_3" eclass="HBEFA3/PC_G_EU4" CO2="55263.92" CO="1078.11" HC="6.28" NOx="25.65" PMx="1.39" fuel="23.76" electricity="0.00" noise="122.22" route="routetop" type="cfm_slow" waiting="0.00" lane="top_0" pos="23.18" speed="14.86" angle="232.77" x="20.20" y="112.41"/>
        <vehicle id="cfm_slow_4" eclass="HBEFA3/PC_G_EU4" CO2="55263.92" CO="1078.11" HC="6.28" NOx="25.65" PMx="1.39" fuel="23.76" electricity="0.00" noise="122.22" route="routeleft" type="cfm_slow" waiting="0.00" lane="left_0" pos="11.18" speed="14.86" angle="164.32" x="2.35" y="41.19"/>
    </timestep>
    <timestep time="1.10">
        <vehicle id="cfm_slow_0" eclass="HBEFA3/PC_G_EU4" CO2="55762.90" CO="1087.67" HC="6.33" NOx="25.89" PMx="1.41" fuel="23.97" electricity="0.00" noise="122.28" route="routebottom" type="cfm_slow" waiting="0.00" lane="bottom_0" pos="9.33" speed="15.00" angle="77.67" x="82.54" y="1.15"/>
        <vehicle id="cfm_slow_1" eclass="HBEFA3/PC_G_EU4" CO2="55762.90" CO="1087.67" HC="6.33" NOx="25.89" PMx="1.41" fuel="23.97" electricity="0.00" noise="122.28" route="routebottom" type="cfm_slow" waiting="0.00" lane="bottom_0" pos="47.33" speed="15.00" angle="9.38" x="128.74" y="58.15"/>
        <vehicle id="cfm_slow_2" eclass="HBEFA3/PC_G_EU4" CO2="55762.90" CO="1087.67" HC="6.33" NOx="25.89" PMx="1.41" fuel="23.97" electricity="0.00" noise="122.28" route="routeright" type="cfm_slow" waiting="0.00" lane="right_0" pos="35.33" speed="15.00" angle="300.95" x="92.72" y="122.14"/>
        <vehicle id="cfm_slow_3" eclass="HBEFA3/PC_G_EU4" CO2="55762.90" CO="1087.67" HC="6.33" NOx="25.89" PMx="1.41" fuel="23.97" electricity="0.00" noise="122.28" route="routetop" type="cfm_slow" waiting="0.00" lane="top_0" pos="23.33" speed="15.00" angle="232.50" x="19.97" y="112.20"/>
        <vehicle id="cfm_slow_4" eclass="HBEFA3/PC_G_EU4" CO2="55762.90" CO="1087.67" HC="6.33" NOx="25.89" PMx="1.41" fuel="23.97" electricity="0.00" noise="122.28" route="routeleft" type="cfm_slow" waiting="0.00" lane="left_0" pos="11.33" speed="15.00" angle="164.04" x="2.46" y="40.90"/>
    </timestep>
    <timestep time="1.11">
        <vehicle id="cfm_slow_0" eclass="HBEFA3/PC_G_EU4" CO2="56262.18" CO="1097.26" HC="6.39" NOx="26.12" PMx="1.42" fuel="24.18" electricity="0.00" noise="122.35" route="routebottom" type="cfm_slow" waiting="0.00" lane="bottom_0" pos="9.48" speed="15.14" angle="77.40" x="82.83" y="1.24"/>
        <vehicle id="cfm_slow_1" eclass="HBEFA3/PC_G_EU4" CO2="56262.18" CO="1097.26" HC="6.39" NOx="26.12" PMx="1.42" fuel="24.18" electricity="0.00" noise="122.35" route="routebottom" type="cfm_slow" waiting="0.00" lane="bottom_0" pos="47.48" speed="15.14" angle="9.16" x="128.77" y="58.46"/>
        <vehicle id="cfm_slow_2" eclass="HBEFA3/PC_G_EU4" CO2="56262.18" CO="1097.26" HC="6.39" NOx="26.12" PMx="1.42" fuel="24.18" electricity="0.00" noise="122.35" route="routeright" type="cfm_slow" waiting="0.00" lane="right_0" pos="35.48" speed="15.14" angle="300.67" x="92.44" y="122.28"/>
        <vehicle id="cfm_slow_3" eclass="HBEFA3/PC_G_EU4" CO2="56262.18" CO="1097.26" HC="6.39" NOx="26.12" PMx="1.42" fuel="24.18" electricity="0.00" noise="122.35" route="routetop" type="cfm_slow" waiting="0.00" lane="top_0" pos="23.48" speed="15.14" angle="232.22" x="19.75" y="111.99"/>
        <vehicle id="cfm_slow_4" eclass="HBEFA3/PC_G_EU4" CO2="56262.18" CO="1097.26" HC="6.39" NOx="26.12" PMx="1.42" fuel="24.18" electricity="0.00" noise="122.35" route="routeleft" type="cfm_slow" waiting="0.00" lane="left_0" pos="11.48" speed="15.14" angle="163.79" x="2.56" y="40.61"/>
    </timestep>
    <timestep time="1.12">
        <vehicle id="cfm_slow_0" eclass="HBEFA3/PC_G_EU4" CO2="56761.75" CO="1106.87" HC="6.44" NOx="26.35" PMx="1.43" fuel="24.40" electricity="0.00" noise="122.41" route="routebottom" type="cfm_slow" waiting="0.00" lane="bottom_0" pos="9.63" speed="15.27" angle="77.12" x="83.13" y="1.33"/>
        <vehicle id="cfm_slow_1" eclass="HBEFA3/PC_G_EU4" CO2="56761.75" CO="1106.87" HC="6.44" NOx="26.35" PMx="1.43" fuel="24.40" electricity="0.00" noise="122.41" route="routebottom" type="cfm_slow" waiting="0.00" lane="bottom_0" pos="47.63" speed="15.27" angle="8.86" x="128.79" y="58.77"/>
        <vehicle id="cfm_slow_2" eclass="HBEFA3/PC_G_EU4" CO2="56761.75" CO="1106.87" HC="6.44" NOx="26.35" PMx="1.43" fuel="24.40" electricity="0.00" noise="122.41" route="routeright" type="cfm_slow" waiting="0.00" lane="right_0" pos="35.63" speed="15.27" angle="300.39" x="92.16" y="122.42"/>
        <vehicle id="cfm_slow_3" eclass="HBEFA3/PC_G_EU4" CO2="56761.75" CO="1106.87" HC="6.44" NOx="26.35" PMx="1.43" fuel="24.40" electricity="0.00" noise="122.41" route="routetop" type="cfm_slow" waiting="0.00" lane="top_0" pos="23.63" speed="15.27" angle="231.94" x="19.52" y="111.78"/>
        <vehicle id="cfm_slow_4" eclass="HBEFA3/PC_G_EU4" CO2="56761.75" CO="1106.87" HC="6.44" NOx="26.35" PMx="1.43" fuel="24.40" electricity="0.00" noise="122.41" route="routeleft" type="cfm_slow" waiting="0.00" lane="left_0" pos="11.63" speed="15.27" angle="163.54" x="2.68" y="40.32"/>
    </timestep>
    <timestep time="1.13">
        <vehicle id="cfm_slow_0" eclass="HBEFA3/PC_G_EU4" CO2="57261.61" CO="1116.49" HC="6.50" NOx="26.58" PMx="1.44" fuel="24.61" electricity="0.00" noise="122.47" route="routebottom" type="cfm_slow" waiting="0.00" lane="bottom_0" pos="9.78" speed="15.41" angle="76.84" x="83.43" y="1.43"/>
        <vehicle id="cfm_slow_1" eclass="HBEFA3/PC_G_EU4" CO2="57261.61" CO="1116.49" HC="6.50" NOx="26.58" PMx="1.44" fuel="24.61" electricity="0.00" noise="122.47" route="routebottom" type="cfm_slow" waiting="0.00" lane="bottom_0" pos="47.78" speed="15.41" angle="8.56" x="128.81" y="59.09"/>
        <vehicle id="cfm_slow_2" eclass="HBEFA3/PC_G_EU4" CO2="57261.61" CO="1116.49" HC="6.50" NOx="26.58" PMx="1.44" fuel="24.61" electricity="0.00" noise="122.47" route="routeright" type="cfm_slow" waiting="0.00" lane="right_0" pos="35.78" speed="15.41" angle="300.10" x="91.88" y="122.56"/>
        <vehicle id="cfm_slow_3" eclass="HBEFA3/PC_G_EU4" CO2="57261.61" CO="1116.49" HC="6.50" NOx="26.58" PMx="1.44" fuel="24.61" electricity="0.00" noise="122.47" route="routetop" type="cfm_slow" waiting="0.00" lane="top_0" pos="23.78" speed="15.41" angle="231.66" x="19.29" y="111.56"/>
        <vehicle id="cfm_slow_4" eclass="HBEFA3/PC_G_EU4" CO2="57261.61" CO="1116.49" HC="6.50" NOx="26.58" PMx="1.44" fuel="24.61" electricity="0.00" noise="122.47" route="routeleft" type="cfm_slow" waiting="0.00" lane="left_0" pos="11.78" speed="15.41" angle="163.26" x="2.79" y="40.02"/>
    </timestep>
    <timestep time="1.14">
        <vehicle id="cfm_slow_0" eclass="HBEFA3/PC_G_EU4" CO2="57761.76" CO="1126.14" HC="6.56" NOx="26.82" PMx="1.46" fuel="24.83" electricity="0.00" noise="122.53" route="routebottom" type="cfm_slow" waiting="0.00" lane="bottom_0" pos="9.94" speed="15.55" angle="76.55" x="83.74" y="1.52"/>
        <vehicle id="cfm_slow_1" eclass="HBEFA3/PC_G_EU4" CO2="57761.76" CO="1126.14" HC="6.56" NOx="26.82" PMx="1.46" fuel="24.83" electricity="0.00" noise="122.53" route="routebottom" type="cfm_slow" waiting="0.00" lane="bottom_0" pos="47.94" speed="15.55" angle="8.26" x="128.83" y="59.41"/>
        <vehicle id="cfm_slow_2" eclass="HBEFA3/PC_G_EU4" CO2="57761.76" CO="1126.14" HC="6.56" NOx="26.82" PMx="1.46" fuel="24.83" electricity="0.00" noise="122.53" route="routeright" type="cfm_slow" waiting="0.00" lane="right_0" pos="35.94" speed="15.55" angle="299.87" x="91.60" y="122.70"/>
        <vehicle id="cfm_slow_3" eclass="HBEFA3/PC_G_EU4" CO2="57761.76" CO="1126.14" HC="6.56" NOx="26.82" PMx="1.46" fuel="24.83" electricity="0.00" noise="122.53" route="routetop" type="cfm_slow" waiting="0.00" lane="top_0" pos="23.94" speed="15.55" angle="231.38" x="19.05" y="111.35"/>
        <vehicle id="cfm_slow_4" eclass="HBEFA3/PC_G_EU4" CO2="57761.76" CO="1126.14" HC="6.56" NOx="26.82" PMx="1.46" fuel="24.83" electricity="0.00" noise="122.53" route="routeleft" type="cfm_slow" waiting="0.00" lane="left_0" pos="11.94" speed="15.55" angle="162.98" x="2.91" y="39.73"/>
    </timestep>
    <timestep time="1.15">
        <vehicle id="cfm_slow_0" eclass="HBEFA3/PC_G_EU4" CO2="58262.21" CO="1135.82" HC="6.61" NOx="27.05" PMx="1.47" fuel="25.04" electricity="0.00" noise="122.60" route="routebottom" type="cfm_slow" waiting="0.00" lane="bottom_0" pos="10.10" speed="15.68" angle="76.27" x="84.04" y="1.62"/>
        <vehicle id="cfm_slow_1" eclass="HBEFA3/PC_G_EU4" CO2="58262.21" CO="1135.82" HC="6.61" NOx="27.05" PMx="1.47" fuel="25.04" electricity="0.00" noise="122.60" route="routebottom" type="cfm_slow" waiting="0.00" lane="bottom_0" pos="48.10" speed="15.68" angle="7.96" x="128.85" y="59.73"/>
        <vehicle id="cfm_slow_2" eclass="HBEFA3/PC_G_EU4" CO2="58262.21" CO="1135.82" HC="6.61" NOx="27.05" PMx="1.47" fuel="25.04" electricity="0.00" noise="122.60" route="routeright" type="cfm_slow" waiting="0.00" lane="right_0" pos="36.10" speed="15.68" angle="299.57" x="91.30" y="122.83"/>
        <vehicle id="cfm_slow_3" eclass="HBEFA3/PC_G_EU4" CO2="58262.21" CO="1135.82" HC="6.61" NOx="27.05" PMx="1.47" fuel="25.04" electricity="0.00" noise="122.60" route="routetop" type="cfm_slow" waiting="0.00" lane="top_0" pos="24.10" speed="15.68" angle="231.09" x="18.82" y="111.13"/>
        <vehicle id="cfm_slow_4" eclass="HBEFA3/PC_G_EU4" CO2="58262.21" CO="1135.82" HC="6.61" NOx="27.05" PMx="1.47" fuel="25.04" electricity="0.00" noise="122.60" route="routeleft" type="cfm_slow" waiting="0.00" lane="left_0" pos="12.10" speed="15.68" angle="162.70" x="3.03" y="39.43"/>
    </timestep>
    <timestep time="1.16">
        <vehicle id="cfm_slow_0" eclass="HBEFA3/PC_G_EU4" CO2="58762.95" CO="1145.51" HC="6.67" NOx="27.28" PMx="1.48" fuel="25.26" electricity="0.00" noise="122.66" route="routebottom" type="cfm_slow" waiting="0.00" lane="bottom_0" pos="10.25" speed="15.82" angle="76.04" x="84.35" y="1.71"/>
        <vehicle id="cfm_slow_1" eclass="HBEFA3/PC_G_EU4" CO2="58762.95" CO="1145.51" HC="6.67" NOx="27.28" PMx="1.48" fuel="25.26" electricity="0.00" noise="122.66" route="routebottom" type="cfm_slow" waiting="0.00" lane="bottom_0" pos="48.25" speed="15.82" angle="7.65" x="128.86" y="60.05"/>
        <vehicle id="cfm_slow_2" eclass="HBEFA3/PC_G_EU4" CO2="58762.95" CO="1145.51" HC="6.67" NOx="27.28" PMx="1.48" fuel="25.26" electricity="0.00" noise="122.66" route="routeright" type="cfm_slow" waiting="0.00" lane="right_0" pos="36.25" speed="15.82" angle="299.27" x="91.01" y="122.96"/>
        <vehicle id="cfm_slow_3" eclass="HBEFA3/PC_G_EU4" CO2="58762.95" CO="1145.51" HC="6.67" NOx="27.28" PMx="1.48" fuel="25.26" electricity="0.00" noise="122.66" route="routetop" type="cfm_slow" waiting="0.00" lane="top_0" pos="24.25" speed="15.82" angle="230.81" x="18.58" y="110.91"/>
        <vehicle id="cfm_slow_4" eclass="HBEFA3/PC_G_EU4" CO2="58762.95" CO="1145.51" HC="6.67" NOx="27.28" PMx="1.48" fuel="25.26" electricity="0.00" noise="122.66" route="routeleft" type="cfm_slow" waiting="0.00" lane="left_0" pos="12.25" speed="15.82" angle="162.42" x="3.15" y="39.13"/>
    </timestep>
    <timestep time="1.17">
        <vehicle id="cfm_slow_0" eclass="HBEFA3/PC_G_EU4" CO2="59263.98" CO="1155.23" HC="6.73" NOx="27.51" PMx="1.50" fuel="25.47" electricity="0.00" noise="122.72" route="routebottom" type="cfm_slow" waiting="0.00" lane="bottom_0" pos="10.41" speed="15.95" angle="75.75" x="84.66" y="1.82"/>
        <vehicle id="cfm_slow_1" eclass="HBEFA3/PC_G_EU4" CO2="59263.98" CO="1155.23" HC="6.73" NOx="27.51" PMx="1.50" fuel="25.47" electricity="0.00" noise="122.72" route="routebottom" type="cfm_slow" waiting="0.00" lane="bottom_0" pos="48.41" speed="15.95" angle="7.35" x="128.88" y="60.38"/>
        <vehicle id="cfm_slow_2" eclass="HBEFA3/PC_G_EU4" CO2="59263.98" CO="1155.23" HC="6.73" NOx="27.51" PMx="1.50" fuel="25.47" electricity="0.00" noise="122.72" route="routeright" type="cfm_slow" waiting="0.00" lane="right_0" pos="36.41" speed="15.95" angle="298.97" x="90.71" y="123.10"/>
        <vehicle id="cfm_slow_3" eclass="HBEFA3/PC_G_EU4" CO2="59263.98" CO="1155.23" HC="6.73" NOx="27.51" PMx="1.50" fuel="25.47" electricity="0.00" noise="122.72" route="routetop" type="cfm_slow" waiting="0.00" lane="top_0" pos="24.41" speed="15.95" angle="230.57" x="18.34" y="110.68"/>
        <vehicle id="cfm_slow_4" eclass="HBEFA3/PC_G_EU4" CO2="59263.98" CO="1155.23" HC="6.73" NOx="27.51" PMx="1.50" fuel="25.47" electricity="0.00" noise="122.72" route="routeleft" type="cfm_slow" waiting="0.00" lane="left_0" pos="12.41" speed="15.95" angle="162.13" x="3.27" y="38.82"/>
    </timestep>
    <timestep time="1.18">
        <vehicle id="cfm_slow_0" eclass="HBEFA3/PC_G_EU4" CO2="59765.30" CO="1164.96" HC="6.78" NOx="27.75" PMx="1.51" fuel="25.69" electricity="0.00" noise="122.78" route="routebottom" type="cfm_slow" waiting="0.00" lane="bottom_0" pos="10.57" speed="16.09" angle="75.45" x="84.97" y="1.93"/>
        <vehicle id="cfm_slow_1" eclass="HBEFA3/PC_G_EU4" CO2="59765.30" CO="1164.96" HC="6.78" NOx="27.75" PMx="1.51" fuel="25.69" electricity="0.00" noise="122.78" route="routebottom" type="cfm_slow" waiting="0.00" lane="bottom_0" pos="48.57" speed="16.09" angle="7.03" x="128.90" y="60.71"/>
        <vehicle id="cfm_slow_2" eclass="HBEFA3/PC_G_EU4" CO2="59765.30" CO="1164.96" HC="6.78" NOx="27.75" PMx="1.51" fuel="25.69" electricity="0.00" noise="122.78" route="routeright" type="cfm_slow" waiting="0.00" lane="right_0" pos="36.57" speed="16.09" angle="298.66" x="90.41" y="123.23"/>
        <vehicle id="cfm_slow_3" eclass="HBEFA3/PC_G_EU4" CO2="59765.30" CO="1164.96" HC="6.78" NOx="27.75" PMx="1.51" fuel="25.69" electricity="0.00" noise="122.78" route="routetop" type="cfm_slow" waiting="0.00" lane="top_0" pos="24.57" speed="16.09" angle="230.28" x="18.11" y="110.45"/>
        <vehicle id="cfm_slow_4" eclass="HBEFA3/PC_G_EU4" CO2="59765.30" CO="1164.96" HC="6.78" NOx="27.75" PMx="1.51" fuel="25.69" electricity="0.00" noise="122.78" route="routeleft" type="cfm_slow" waiting="0.00" lane="left_0" pos="12.57" speed="16.09" angle="161.84" x="3.39" y="38.52"/>
    </timestep>
    <timestep time="1.19">
        <vehicle id="cfm_slow_0" eclass="HBEFA3/PC_G_EU4" CO2="60266.91" CO="1174.72" HC="6.84" NOx="27.98" PMx="1.52" fuel="25.91" electricity="0.00" noise="122.85" route="routebottom" type="cfm_slow" waiting="0.00" lane="bottom_0" pos="10.74" speed="16.23" angle="75.15" x="85.29" y="2.05"/>
        <vehicle id="cfm_slow_1" eclass="HBEFA3/PC_G_EU4" CO2="60266.91" CO="1174.72" HC="6.84" NOx="27.98" PMx="1.52" fuel="25.91" electricity="0.00" noise="122.85" route="routebottom" type="cfm_slow" waiting="0.00" lane="bottom_0" pos="48.74" speed="16.23" angle="6.79" x="128.92" y="61.04"/>
        <vehicle id="cfm_slow_2" eclass="HBEFA3/PC_G_EU4" CO2="60266.91" CO="1174.72" HC="6.84" NOx="27.98" PMx="1.52" fuel="25.91" electricity="0.00" noise="122.85" route="routeright" type="cfm_slow" waiting="0.00" lane="right_0" pos="36.74" speed="16.23" angle="298.36" x="90.10" y="123.37"/>
        <vehicle id="cfm_slow_3" eclass="HBEFA3/PC_G_EU4" CO2="60266.91" CO="1174.72" HC="6.84" NOx="27.98" PMx="1.52" fuel="25.91" electricity="0.00" noise="122.85" route="routetop" type="cfm_slow" waiting="0.00" lane="top_0" pos="24.74" speed="16.23" angle="229.99" x="17.87" y="110.21"/>
        <vehicle id="cfm_slow_4" eclass="HBEFA3/PC_G_EU4" CO2="60266.91" CO="1174.72" HC="6.84" NOx="27.98" PMx="1.52" fuel="25.91" electricity="0.00" noise="122.85" route="routeleft" type="cfm_slow" waiting="0.00" lane="left_0" pos="12.74" speed="16.23" angle="161.57" x="3.52" y="38.21"/>
    </timestep>
    <timestep time="1.20">
        <vehicle id="cfm_slow_0" eclass="HBEFA3/PC_G_EU4" CO2="60768.81" CO="1184.50" HC="6.90" NOx="28.21" PMx="1.54" fuel="26.12" electricity="0.00" noise="122.91" route="routebottom" type="cfm_slow" waiting="0.00" lane="bottom_0" pos="10.90" speed="16.36" angle="74.84" x="85.60" y="2.16"/>
        <vehicle id="cfm_slow_1" eclass="HBEFA3/PC_G_EU4" CO2="60768.81" CO="1184.50" HC="6.90" NOx="28.21" PMx="1.54" fuel="26.12" electricity="0.00" noise="122.91" route="routebottom" type="cfm_slow" waiting="0.00" lane="bottom_0" pos="48.90" speed="16.36" angle="6.49" x="128.93" y="61.37"/>
        <vehicle id="cfm_slow_2" eclass="HBEFA3/PC_G_EU4" CO2="60768.81" CO="1184.50" HC="6.90" NOx="28.21" PMx="1.54" fuel="26.12" electricity="0.00" noise="122.91" route="routeright" type="cfm_slow" waiting="0.00" lane="right_0" pos="36.90" speed="16.36" angle="298.05" x="89.80" y="123.51"/>
        <vehicle id="cfm_slow_3" eclass="HBEFA3/PC_G_EU4" CO2="60768.81" CO="1184.50" HC="6.90" NOx="28.21" PMx="1.54" fuel="26.12" electricity="0.00" noise="122.91" route="routetop" type="cfm_slow" waiting="0.00" lane="top_0" pos="24.90" speed="16.36" angle="229.69" x="17.63" y="109.98"/>
        <vehicle id="cfm_slow_4" eclass="HBEFA3/PC_G_EU4" CO2="60768.81" CO="1184.50" HC="6.90" NOx="28.21" PMx="1.54" fuel="26.12" electricity="0.00" noise="122.91" route="routeleft" type="cfm_slow" waiting="0.00" lane="left_0" pos="12.90" speed="16.36" angle="161.31" x="3.65" y="37.90"/>
    </timestep>
    <timestep time="1.21">
        <vehicle id="cfm_slow_0" eclass="HBEFA3/PC_G_EU4" CO2="61271.01" CO="1194.30" HC="6.96" NOx="28.45" PMx="1.55" fuel="26.34" electricity="0.00" noise="122.97" route="routebottom" type="cfm_slow" waiting="0.00" lane="bottom_0" pos="11.07" speed="16.50" angle="74.54" x="85.92" y="2.28"/>
        <vehicle id="cfm_slow_1" eclass="HBEFA3/PC_G_EU4" CO2="61271.01" CO="1194.30" HC="6.96" NOx="28.45" PMx="1.55" fuel="26.34" electricity="0.00" noise="122.97" route="routebottom" type="cfm_slow" waiting="0.00" lane="bottom_0" pos="49.07" speed="16.50" angle="6.19" x="128.93" y="61.71"/>
        <vehicle id="cfm_slow_2" eclass="HBEFA3/PC_G_EU4" CO2="61271.01" CO="1194.30" HC="6.96" NOx="28.45" PMx="1.55" fuel="26.34" electricity="0.00" noise="122.97" route="routeright" type="cfm_slow" waiting="0.00" lane="right_0" pos="37.07" speed="16.50" angle="297.74" x="89.49" y="123.65"/>
        <vehicle id="cfm_slow_3" eclass="HBEFA3/PC_G_EU4" CO2="61271.01" CO="1194.30" HC="6.96" NOx="28.45" PMx="1.55" fuel="26.34" electricity="0.00" noise="122.97" route="routetop" type="cfm_slow" waiting="0.00" lane="top_0" pos="25.07" speed="16.50" angle="229.40" x="17.39" y="109.74"/>
        <vehicle id="cfm_slow_4" eclass="HBEFA3/PC_G_EU4" CO2="61271.01" CO="1194.30" HC="6.96" NOx="28.45" PMx="1.55" fuel="26.34" electricity="0.00" noise="122.97" route="routeleft" type="cfm_slow" waiting="0.00" lane="left_0" pos="13.07" speed="16.50" angle="161.01" x="3.79" y="37.59"/>
    </timestep>
    <timestep time="1.22">
        <vehicle id="cfm_slow_0" eclass="HBEFA3/PC_G_EU4" CO2="61773.50" CO="1204.13" HC="7.01" NOx="28.68" PMx="1.56" fuel="26.55" electricity="0.00" noise="123.03" route="routebottom" type="cfm_slow" waiting="0.00" lane="bottom_0" pos="11.23" speed="16.64" angle="74.23" x="86.24" y="2.39"/>
        <vehicle id="cfm_slow_1" eclass="HBEFA3/PC_G_EU4" CO2="61773.50" CO="1204.13" HC="7.01" NOx="28.68" PMx="1.56" fuel="26.55" electricity="0.00" noise="123.03" route="routebottom" type="cfm_slow" waiting="0.00" lane="bottom_0" pos="49.23" speed="16.64" angle="5.88" x="128.94" y="62.05"/>
        <vehicle id="cfm_slow_2" eclass="HBEFA3/PC_G_EU4" CO2="61773.50" CO="1204.13" HC="7.01" NOx="28.68" PMx="1.56" fuel="26.55" electricity="0.00" noise="123.03" route="routeright" type="cfm_slow" waiting="0.00" lane="right_0" pos="37.23" speed="16.64" angle="297.49" x="89.18" y="123.78"/>
        <vehicle id="cfm_slow_3" eclass="HBEFA3/PC_G_EU4" CO2="61773.50" CO="1204.13" HC="7.01" NOx="28.68" PMx="1.56" fuel="26.55" electricity="0.00" noise="123.03" route="routetop" type="cfm_slow" waiting="0.00" lane="top_0" pos="25.23" speed="16.64" angle="229.10" x="17.15" y="109.50"/>
        <vehicle id="cfm_slow_4" eclass="HBEFA3/PC_G_EU4" CO2="61773.50" CO="1204.13" HC="7.01" NOx="28.68" PMx="1.56" fuel="26.55" electricity="0.00" noise="123.03" route="routeleft" type="cfm_slow" waiting="0.00" lane="left_0" pos="13.23" speed="16.64" angle="160.70" x="3.92" y="37.28"/>
    </timestep>
    <timestep time="1.23">
        <vehicle id="cfm_slow_0" eclass="HBEFA3/PC_G_EU4" CO2="62276.28" CO="1213.97" HC="7.07" NOx="28.92" PMx="1.57" fuel="26.77" electricity="0.00" noise="123.10" route="routebottom" type="cfm_slow" waiting="0.00" lane="bottom_0" pos="11.40" speed="16.77" angle="73.92" x="86.56" y="2.51"/>
        <vehicle id="cfm_slow_1" eclass="HBEFA3/PC_G_EU4" CO2="62276.28" CO="1213.97" HC="7.07" NOx="28.92" PMx="1.57" fuel="26.77" electricity="0.00" noise="123.10" route="routebottom" type="cfm_slow" waiting="0.00" lane="bottom_0" pos="49.40" speed="16.77" angle="5.57" x="128.95" y="62.40"/>
        <vehicle id="cfm_slow_2" eclass="HBEFA3/PC_G_EU4" CO2="62276.28" CO="1213.97" HC="7.07" NOx="28.92" PMx="1.57" fuel="26.77" electricity="0.00" noise="123.10" route="routeright" type="cfm_slow" waiting="0.00" lane="right_0" pos="37.40" speed="16.77" angle="297.18" x="88.86" y="123.91"/>
        <vehicle id="cfm_slow_3" eclass="HBEFA3/PC_G_EU4" CO2="62276.28" CO="1213.97" HC="7.07" NOx="28.92" PMx="1.57" fuel="26.77" electricity="0.00" noise="123.10" route="routetop" type="cfm_slow" waiting="0.00" lane="top_0" pos="25.40" speed="16.77" angle="228.80" x="16.91" y="109.26"/>
        <vehicle id="cfm_slow_4" eclass="HBEFA3/PC_G_EU4" CO2="62276.28" CO="1213.97" HC="7.07" NOx="28.92" PMx="1.57" fuel="26.77" electricity="0.00" noise="123.10" route="routeleft" type="cfm_slow" waiting="0.00" lane="left_0" pos="13.40" speed="16.77" angle="160.40" x="4.07" y="36.96"/>
    </timestep>
    <timestep time="1.24">
        <vehicle id="cfm_slow_0" eclass="HBEFA3/PC_G_EU4" CO2="62779.35" CO="1223.84" HC="7.13" NOx="29.15" PMx="1.59" fuel="26.99" electricity="0.00" noise="123.16" route="routebottom" type="cfm_slow" waiting="0.00" lane="bottom_0" pos="11.57" speed="16.91" angle="73.66" x="86.89" y="2.63"/>
        <vehicle id="cfm_slow_1" eclass="HBEFA3/PC_G_EU4" CO2="62779.35" CO="1223.84" HC="7.13" NOx="29.15" PMx="1.59" fuel="26.99" electricity="0.00" noise="123.16" route="routebottom" type="cfm_slow" waiting="0.00" lane="bottom_0" pos="49.57" speed="16.91" angle="5.26" x="128.95" y="62.74"/>
        <vehicle id="cfm_slow_2" eclass="HBEFA3/PC_G_EU4" CO2="62779.35" CO="1223.84" HC="7.13" NOx="29.15" PMx="1.59" fuel="26.99" electricity="0.00" noise="123.16" route="routeright" type="cfm_slow" waiting="0.00" lane="right_0" pos="37.57" speed="16.91" angle="296.87" x="88.53" y="124.04"/>
        <vehicle id="cfm_slow_3" eclass="HBEFA3/PC_G_EU4" CO2="62779.35" CO="1223.84" HC="7.13" NOx="29.15" PMx="1.59" fuel="26.99" electricity="0.00" noise="123.16" route="routetop" type="cfm_slow" waiting="0.00" lane="top_0" pos="25.57" speed="16.91" angle="228.52" x="16.66" y="109.01"/>
        <vehicle id="cfm_slow_4" eclass="HBEFA3/PC_G_EU4" CO2="62779.35" CO="1223.84" HC="7.13" NOx="29.15" PMx="1.59" fuel="26.99" electricity="0.00" noise="123.16" route="routeleft" type="cfm_slow" waiting="0.00" lane="left_0" pos="13.57" speed="16.91" angle="160.09" x="4.21" y="36.65"/>
    </timestep>
    <timestep time="1.25">
        <vehicle id="cfm_slow_0" eclass="HBEFA3/PC_G_EU4" CO2="63282.72" CO="1233.72" HC="7.19" NOx="29.38" PMx="1.60" fuel="27.20" electricity="0.00" noise="123.22" route="routebottom" type="cfm_slow" waiting="0.00" lane="bottom_0" pos="11.74" speed="17.05" angle="73.36" x="87.21" y="2.76"/>
        <vehicle id="cfm_slow_1" eclass="HBEFA3/PC_G_EU4" CO2="63282.72" CO="1233.72" HC="7.19" NOx="29.38" PMx="1.60" fuel="27.20" electricity="0.00" noise="123.22" route="routebottom" type="cfm_slow" waiting="0.00" lane="bottom_0" pos="49.74" speed="17.05" angle="4.95" x="128.96" y="63.09"/>
        <vehicle id="cfm_slow_2" eclass="HBEFA3/PC_G_EU4" CO2="63282.72" CO="1233.72" HC="7.19" NOx="29.38" PMx="1.60" fuel="27.20" electricity="0.00" noise="123.22" route="routeright" type="cfm_slow" waiting="0.00" lane="right_0" pos="37.74" speed="17.05" angle="296.55" x="88.21" y="124.17"/>
        <vehicle id="cfm_slow_3" eclass="HBEFA3/PC_G_EU4" CO2="63282.72" CO="1233.72" HC="7.19" NOx="29.38" PMx="1.60" fuel="27.20" electricity="0.00" noise="123.22" route="routetop" type="cfm_slow" waiting="0.00" lane="top_0" pos="25.74" speed="17.05" angle="228.24" x="16.42" y="108.76"/>
        <vehicle id="cfm_slow_4" eclass="HBEFA3/PC_G_EU4" CO2="63282.72" CO="1233.72" HC="7.19" NOx="29.38" PMx="1.60" fuel="27.20" electricity="0.00" noise="123.22" route="routeleft" type="cfm_slow" waiting="0.00" lane="left_0" pos="13.74" speed="17.05" angle="159.78" x="4.35" y="36.33"/>
    </timestep>
    <timestep time="1.26">
        <vehicle id="cfm_slow_0" eclass="HBEFA3/PC_G_EU4" CO2="63786.37" CO="1243.63" HC="7.24" NOx="29.62" PMx="1.61" fuel="27.42" electricity="0.00" noise="123.29" route="routebottom" type="cfm_slow" waiting="0.00" lane="bottom_0" pos="11.91" speed="17.18" angle="73.05" x="87.54" y="2.89"/>
        <vehicle id="cfm_slow_1" eclass="HBEFA3/PC_G_EU4" CO2="63786.37" CO="1243.63" HC="7.24" NOx="29.62" PMx="1.61" fuel="27.42" electricity="0.00" noise="123.29" route="routebottom" type="cfm_slow" waiting="0.00" lane="bottom_0" pos="49.91" speed="17.18" angle="4.65" x="128.97" y="63.45"/>
        <vehicle id="cfm_slow_2" eclass="HBEFA3/PC_G_EU4" CO2="63786.37" CO="1243.63" HC="7.24" NOx="29.62" PMx="1.61" fuel="27.42" electricity="0.00" noise="123.29" route="routeright" type="cfm_slow" waiting="0.00" lane="right_0" pos="37.91" speed="17.18" angle="296.23" x="87.88" y="124.30"/>
        <vehicle id="cfm_slow_3" eclass="HBEFA3/PC_G_EU4" CO2="63786.37" CO="1243.63" HC="7.24" NOx="29.62" PMx="1.61" fuel="27.42" electricity="0.00" noise="123.29" route="routetop" type="cfm_slow" waiting="0.00" lane="top_0" pos="25.91" speed="17.18" angle="227.92" x="16.18" y="108.50"/>
        <vehicle id="cfm_slow_4" eclass="HBEFA3/PC_G_EU4" CO2="63786.37" CO="1243.63" HC="7.24" NOx="29.62" PMx="1.61" fuel="27.42" electricity="0.00" noise="123.29" route="routeleft" type="cfm_slow" waiting="0.00" lane="left_0" pos="13.91" speed="17.18" angle="159.46" x="4.49" y="36.01"/>
    </timestep>
    <timestep time="1.27">
        <vehicle id="cfm_slow_0" eclass="HBEFA3/PC_G_EU4" CO2="64290.32" CO="1253.56" HC="7.30" NOx="29.85" PMx="1.63" fuel="27.64" electricity="0.00" noise="123.35" route="routebottom" type="cfm_slow" waiting="0.00" lane="bottom_0" pos="12.08" speed="17.32" angle="72.73" x="87.87" y="3.02"/>
        <vehicle id="cfm_slow_1" eclass="HBEFA3/PC_G_EU4" CO2="64290.32" CO="1253.56" HC="7.30" NOx="29.85" PMx="1.63" fuel="27.64" electricity="0.00" noise="123.35" route="routebottom" type="cfm_slow" waiting="0.00" lane="right_0" pos="0.08" speed="17.32" angle="4.34" x="128.97" y="63.86"/>
        <vehicle id="cfm_slow_2" eclass="HBEFA3/PC_G_EU4" CO2="64290.32" CO="1253.56" HC="7.30" NOx="29.85" PMx="1.63" fuel="27.64" electricity="0.00" noise="123.35" route="routeright" type="cfm_slow" waiting="0.00" lane="right_0" pos="38.08" speed="17.32" angle="295.91" x="87.55" y="124.43"/>
        <vehicle id="cfm_slow_3" eclass="HBEFA3/PC_G_EU4" CO2="64290.32" CO="1253.56" HC="7.30" NOx="29.85" PMx="1.63" fuel="27.64" electricity="0.00" noise="123.35" route="routetop" type="cfm_slow" waiting="0.00" lane="top_0" pos="26.08" speed="17.32" angle="227.60" x="15.94" y="108.24"/>
        <vehicle id="cfm_slow_4" eclass="HBEFA3/PC_G_EU4" CO2="64290.32" CO="1253.56" HC="7.30" NOx="29.85" PMx="1.63" fuel="27.64" electricity="0.00" noise="123.35" route="routeleft" type="cfm_slow" waiting="0.00" lane="left_0" pos="14.08" speed="17.32" angle="159.20" x="4.64" y="35.68"/>
    </timestep>
    <timestep time="1.28">
        <vehicle id="cfm_slow_0" eclass="HBEFA3/PC_G_EU4" CO2="64794.56" CO="1263.52" HC="7.36" NOx="30.09" PMx="1.64" fuel="27.85" electricity="0.00" noise="123.41" route="routebottom" type="cfm_slow" waiting="0.00" lane="bottom_0" pos="12.26" speed="17.45" angle="72.42" x="88.20" y="3.15"/>
        <vehicle id="cfm_slow_1" eclass="HBEFA3/PC_G_EU4" CO2="64794.56" CO="1263.52" HC="7.36" NOx="30.09" PMx="1.64" fuel="27.85" electricity="0.00" noise="123.41" route="routebottom" type="cfm_slow" waiting="0.00" lane="right_0" pos="0.26" speed="17.45" angle="4.02" x="128.96" y="64.22"/>
        <vehicle id="cfm_slow_2" eclass="HBEFA3/PC_G_EU4" CO2="64794.56" CO="1263.52" HC="7.36" NOx="30.09" PMx="1.64" fuel="27.85" electricity="0.00" noise="123.41" route="routeright" type="cfm_slow" waiting="0.00" lane="right_0" pos="38.26" speed="17.45" angle="295.59" x="87.22" y="124.56"/>
        <vehicle id="cfm_slow_3" eclass="HBEFA3/PC_G_EU4" CO2="64794.56" CO="1263.52" HC="7.36" NOx="30.09" PMx="1.64" fuel="27.85" electricity="0.00" noise="123.41" route="routetop" type="cfm_slow" waiting="0.00" lane="top_0" pos="26.26" speed="17.45" angle="227.27" x="15.70" y="107.98"/>
        <vehicle id="cfm_slow_4" eclass="HBEFA3/PC_G_EU4" CO2="64794.56" CO="1263.52" HC="7.36" NOx="30.09" PMx="1.64" fuel="27.85" electricity="0.00" noise="123.41" route="routeleft" type="cfm_slow" waiting="0.00" lane="left_0" pos="14.26" speed="17.45" angle="158.88" x="4.80" y="35.36"/>
    </timestep>
    <timestep time="1.29">
        <vehicle id="cfm_slow_0" eclass="HBEFA3/PC_G_EU4" CO2="65299.09" CO="1273.49" HC="7.42" NOx="30.32" PMx="1.65" fuel="28.07" electricity="0.00" noise="123.48" route="routebottom" type="cfm_slow" waiting="0.00" lane="bottom_0" pos="12.43" speed="17.59" angle="72.10" x="88.54" y="3.28"/>
        <vehicle id="cfm_slow_1" eclass="HBEFA3/PC_G_EU4" CO2="65299.09" CO="1273.49" HC="7.42" NOx="30.32" PMx="1.65" fuel="28.07" electricity="0.00" noise="123.48" route="routebottom" type="cfm_slow" waiting="0.00" lane="right_0" pos="0.43" speed="17.59" angle="3.70" x="128.95" y="64.58"/>
        <vehicle id="cfm_slow_2" eclass="HBEFA3/PC_G_EU4" CO2="65299.09" CO="1273.49" HC="7.42" NOx="30.32" PMx="1.65" fuel="28.07" electricity="0.00" noise="123.48" route="routeright" type="cfm_slow" waiting="0.00" lane="right_0" pos="38.43" speed="17.59" angle="295.30" x="86.88" y="124.69"/>
        <vehicle id="cfm_slow_3" eclass="HBEFA3/PC_G_EU4" CO2="65299.09" CO="1273.49" HC="7.42" NOx="30.32" PMx="1.65" fuel="28.07" electricity="0.00" noise="123.48" route="routetop" type="cfm_slow" waiting="0.00" lane="top_0" pos="26.43" speed="17.59" angle="226.95" x="15.45" y="107.71"/>
        <vehicle id="cfm_slow_4" eclass="HBEFA3/PC_G_EU4" CO2="65299.09" CO="1273.49" HC="7.42" NOx="30.32" PMx="1.65" fuel="28.07" electricity="0.00" noise="123.48" route="routeleft" type="cfm_slow" waiting="0.00" lane="left_0" pos="14.43" speed="17.59" angle="158.55" x="4.96" y="35.04"/>
    </timestep>
    <timestep time="1.30">
        <vehicle id="cfm_slow_0" eclass="HBEFA3/PC_G_EU4" CO2="65803.92" CO="1283.49" HC="7.47" NOx="30.56" PMx="1.67" fuel="28.29" electricity="0.00" noise="123.54" route="routebottom" type="cfm_slow" waiting="0.00" lane="bottom_0" pos="12.61" speed="17.73" angle="71.78" x="88.88" y="3.42"/>
        <vehicle id="cfm_slow_1" eclass="HBEFA3/PC_G_EU4" CO2="65803.92" CO="1283.49" HC="7.47" NOx="30.56" PMx="1.67" fuel="28.29" electricity="0.00" noise="123.54" route="routebottom" type="cfm_slow" waiting="0.00" lane="right_0" pos="0.61" speed="17.73" angle="3.38" x="128.95" y="64.94"/>
        <vehicle id="cfm_slow_2" eclass="HBEFA3/PC_G_EU4" CO2="65803.92" CO="1283.49" HC="7.47" NOx="30.56" PMx="1.67" fuel="28.29" electricity="0.00" noise="123.54" route="routeright" type="cfm_slow" waiting="0.00" lane="right_0" pos="38.61" speed="17.73" angle="295.00" x="86.54" y="124.82"/>
        <vehicle id="cfm_slow_3" eclass="HBEFA3/PC_G_EU4" CO2="65803.92" CO="1283.49" HC="7.47" NOx="30.56" PMx="1.67" fuel="28.29" electricity="0.00" noise="123.54" route="routetop" type="cfm_slow" waiting="0.00" lane="top_0" pos="26.61" speed="17.73" angle="226.62" x="15.21" y="107.44"/>
        <vehicle id="cfm_slow_4" eclass="HBEFA3/PC_G_EU4" CO2="65803.92" CO="1283.49" HC="7.47" NOx="30.56" PMx="1.67" fuel="28.29" electricity="0.00" noise="123.54" route="routeleft" type="cfm_slow" waiting="0.00" lane="left_0" pos="14.61" speed="17.73" angle="158.22" x="5.12" y="34.72"/>
    </timestep>
    <timestep time="1.31">
        <vehicle id="cfm_slow_0" eclass="HBEFA3/PC_G_EU4" CO2="66309.03" CO="1293.50" HC="7.53" NOx="30.79" PMx="1.68" fuel="28.50" electricity="0.00" noise="123.60" route="routebottom" type="cfm_slow" waiting="0.00" lane="bottom_0" pos="12.79" speed="17.86" angle="71.51" x="89.22" y="3.55"/>
        <vehicle id="cfm_slow_1" eclass="HBEFA3/PC_G_EU4" CO2="66309.03" CO="1293.50" HC="7.53" NOx="30.79" PMx="1.68" fuel="28.50" electricity="0.00" noise="123.60" route="routebottom" type="cfm_slow" waiting="0.00" lane="right_0" pos="0.79" speed="17.86" angle="3.05" x="128.94" y="65.31"/>
        <vehicle id="cfm_slow_2" eclass="HBEFA3/PC_G_EU4" CO2="66309.03" CO="1293.50" HC="7.53" NOx="30.79" PMx="1.68" fuel="28.50" electricity="0.00" noise="123.60" route="routeright" type="cfm_slow" waiting="0.00" lane="right_0" pos="38.79" speed="17.86" angle="294.68" x="86.20" y="124.95"/>
        <vehicle id="cfm_slow_3" eclass="HBEFA3/PC_G_EU4" CO2="66309.03" CO="1293.50" HC="7.53" NOx="30.79" PMx="1.68" fuel="28.50" electricity="0.00" noise="123.60" route="routetop" type="cfm_slow" waiting="0.00" lane="top_0" pos="26.79" speed="17.86" angle="226.29" x="14.96" y="107.17"/>
        <vehicle id="cfm_slow_4" eclass="HBEFA3/PC_G_EU4" CO2="66309.03" CO="1293.50" HC="7.53" NOx="30.79" PMx="1.68" fuel="28.50" electricity="0.00" noise="123.60" route="routeleft" type="cfm_slow" waiting="0.00" lane="left_0" pos="14.79" speed="17.86" angle="157.89" x="5.29" y="34.39"/>
    </timestep>
    <timestep time="1.32">
        <vehicle id="cfm_slow_0" eclass="HBEFA3/PC_G_EU4" CO2="66814.44" CO="1303.54" HC="7.59" NOx="31.03" PMx="1.69" fuel="28.72" electricity="0.00" noise="123.67" route="routebottom" type="cfm_slow" waiting="0.00" lane="bottom_0" pos="12.97" speed="18.00" angle="71.19" x="89.55" y="3.70"/>
        <vehicle id="cfm_slow_1" eclass="HBEFA3/PC_G_EU4" CO2="66814.44" CO="1303.54" HC="7.59" NOx="31.03" PMx="1.69" fuel="28.72" electricity="0.00" noise="123.67" route="routebottom" type="cfm_slow" waiting="0.00" lane="right_0" pos="0.97" speed="18.00" angle="2.72" x="128.93" y="65.68"/>
        <vehicle id="cfm_slow_2" eclass="HBEFA3/PC_G_EU4" CO2="66814.44" CO="1303.54" HC="7.59" NOx="31.03" PMx="1.69" fuel="28.72" electricity="0.00" noise="123.67" route="routeright" type="cfm_slow" waiting="0.00" lane="right_0" pos="38.97" speed="18.00" angle="294.36" x="85.85" y="125.07"/>
        <vehicle id="cfm_slow_3" eclass="HBEFA3/PC_G_EU4" CO2="66814.44" CO="1303.54" HC="7.59" NOx="31.03" PMx="1.69" fuel="28.72" electricity="0.00" noise="123.67" route="routetop" type="cfm_slow" waiting="0.00" lane="top_0" pos="26.97" speed="18.00" angle="226.01" x="14.71" y="106.90"/>
        <vehicle id="cfm_slow_4" eclass="HBEFA3/PC_G_EU4" CO2="66814.44" CO="1303.54" HC="7.59" NOx="31.03" PMx="1.69" fuel="28.72" electricity="0.00" noise="123.67" route="routeleft" type="cfm_slow" waiting="0.00" lane="left_0" pos="14.97" speed="18.00" angle="157.56" x="5.45" y="34.06"/>
    </timestep>
    <timestep time="1.33">
        <vehicle id="cfm_slow_0" eclass="HBEFA3/PC_G_EU4" CO2="67320.14" CO="1313.60" HC="7.65" NOx="31.26" PMx="1.71" fuel="28.94" electricity="0.00" noise="123.73" route="routebottom" type="cfm_slow" waiting="0.00" lane="bottom_0" pos="13.15" speed="18.14" angle="70.86" x="89.89" y="3.86"/>
        <vehicle id="cfm_slow_1" eclass="HBEFA3/PC_G_EU4" CO2="67320.14" CO="1313.60" HC="7.65" NOx="31.26" PMx="1.71" fuel="28.94" electricity="0.00" noise="123.73" route="routebottom" type="cfm_slow" waiting="0.00" lane="right_0" pos="1.15" speed="18.14" angle="2.39" x="128.92" y="66.05"/>
        <vehicle id="cfm_slow_2" eclass="HBEFA3/PC_G_EU4" CO2="67320.14" CO="1313.60" HC="7.65" NOx="31.26" PMx="1.71" fuel="28.94" electricity="0.00" noise="123.73" route="routeright" type="cfm_slow" waiting="0.00" lane="right_0" pos="39.15" speed="18.14" angle="294.04" x="85.50" y="125.20"/>
        <vehicle id="cfm_slow_3" eclass="HBEFA3/PC_G_EU4" CO2="67320.14" CO="1313.60" HC="7.65" NOx="31.26" PMx="1.71" fuel="28.94" electricity="0.00" noise="123.73" route="routetop" type="cfm_slow" waiting="0.00" lane="top_0" pos="27.15" speed="18.14" angle="225.66" x="14.47" y="106.62"/>
        <vehicle id="cfm_slow_4" eclass="HBEFA3/PC_G_EU4" CO2="67320.14" CO="1313.60" HC="7.65" NOx="31.26" PMx="1.71" fuel="28.94" electricity="0.00" noise="123.73" route="routeleft" type="cfm_slow" waiting="0.00" lane="left_0" pos="15.15" speed="18.14" angle="157.22" x="5.62" y="33.72"/>
    </timestep>
    <timestep time="1.34">
        <vehicle id="cfm_slow_0" eclass="HBEFA3/PC_G_EU4" CO2="67826.13" CO="1323.68" HC="7.71" NOx="31.50" PMx="1.72" fuel="29.15" electricity="0.00" noise="123.79" route="routebottom" type="cfm_slow" waiting="0.00" lane="bottom_0" pos="13.33" speed="18.27" angle="70.52" x="90.24" y="4.01"/>
        <vehicle id="cfm_slow_1" eclass="HBEFA3/PC_G_EU4" CO2="67826.13" CO="1323.68" HC="7.71" NOx="31.50" PMx="1.72" fuel="29.15" electricity="0.00" noise="123.79" route="routebottom" type="cfm_slow" waiting="0.00" lane="right_0" pos="1.33" speed="18.27" angle="2.10" x="128.91" y="66.42"/>
        <vehicle id="cfm_slow_2" eclass="HBEFA3/PC_G_EU4" CO2="67826.13" CO="1323.68" HC="7.71" NOx="31.50" PMx="1.72" fuel="29.15" electricity="0.00" noise="123.79" route="routeright" type="cfm_slow" waiting="0.00" lane="right_0" pos="39.33" speed="18.27" angle="293.71" x="85.15" y="125.33"/>
        <vehicle id="cfm_slow_3" eclass="HBEFA3/PC_G_EU4" CO2="67826.13" CO="1323.68" HC="7.71" NOx="31.50" PMx="1.72" fuel="29.15" electricity="0.00" noise="123.79" route="routetop" type="cfm_slow" waiting="0.00" lane="top_0" pos="27.33" speed="18.27" angle="225.31" x="14.23" y="106.33"/>
        <vehicle id="cfm_slow_4" eclass="HBEFA3/PC_G_EU4" CO2="67826.13" CO="1323.68" HC="7.71" NOx="31.50" PMx="1.72" fuel="29.15" electricity="0.00" noise="123.79" route="routeleft" type="cfm_slow" waiting="0.00" lane="left_0" pos="15.33" speed="18.27" angle="156.92" x="5.79" y="33.39"/>
    </timestep>
    <timestep time="1.35">
        <vehicle id="cfm_slow_0" eclass="HBEFA3/PC_G_EU4" CO2="68332.42" CO="1333.79" HC="7.77" NOx="31.73" PMx="1.73" fuel="29.37" electricity="0.00" noise="123.86" route="routebottom" type="cfm_slow" waiting="0.00" lane="bottom_0" pos="13.52" speed="18.41" angle="70.18" x="90.58" y="4.16"/>
        <vehicle id="cfm_slow_1" eclass="HBEFA3/PC_G_EU4" CO2="68332.42" CO="1333.79" HC="7.77" NOx="31.73" PMx="1.73" fuel="29.37" electricity="0.00" noise="123.86" route="routebottom" type="cfm_slow" waiting="0.00" lane="right_0" pos="1.52" speed="18.41" angle="1.76" x="128.89" y="66.80"/>
        <vehicle id="cfm_slow_2" eclass="HBEFA3/PC_G_EU4" CO2="68332.42" CO="1333.79" HC="7.77" NOx="31.73" PMx="1.73" fuel="29.37" electricity="0.00" noise="123.86" route="routeright" type="cfm_slow" waiting="0.00" lane="right_0" pos="39.52" speed="18.41" angle="293.39" x="84.80" y="125.46"/>
        <vehicle id="cfm_slow_3" eclass="HBEFA3/PC_G_EU4" CO2="68332.42" CO="1333.79" HC="7.77" NOx="31.73" PMx="1.73" fuel="29.37" electricity="0.00" noise="123.86" route="routetop" type="cfm_slow" waiting="0.00" lane="top_0" pos="27.52" speed="18.41" angle="224.96" x="13.99" y="106.04"/>
        <vehicle id="cfm_slow_4" eclass="HBEFA3/PC_G_EU4" CO2="68332.42" CO="1333.79" HC="7.77" NOx="31.73" PMx="1.73" fuel="29.37" electricity="0.00" noise="123.86" route="routeleft" type="cfm_slow" waiting="0.00" lane="left_0" pos="15.52" speed="18.41" angle="156.61" x="5.96" y="33.06"/>
    </timestep>
    <timestep time="1.36">
        <vehicle id="cfm_slow_0" eclass="HBEFA3/PC_G_EU4" CO2="68838.99" CO="1343.91" HC="7.83" NOx="31.97" PMx="1.75" fuel="29.59" electricity="0.00" noise="123.92" route="routebottom" type="cfm_slow" waiting="0.00" lane="bottom_0" pos="13.70" speed="18.55" angle="69.84" x="90.93" y="4.32"/>
        <vehicle id="cfm_slow_1" eclass="HBEFA3/PC_G_EU4" CO2="68838.99" CO="1343.91" HC="7.83" NOx="31.97" PMx="1.75" fuel="29.59" electricity="0.00" noise="123.92" route="routebottom" type="cfm_slow" waiting="0.00" lane="right_0" pos="1.70" speed="18.55" angle="1.43" x="128.87" y="67.18"/>
        <vehicle id="cfm_slow_2" eclass="HBEFA3/PC_G_EU4" CO2="68838.99" CO="1343.91" HC="7.83" NOx="31.97" PMx="1.75" fuel="29.59" electricity="0.00" noise="123.92" route="routeright" type="cfm_slow" waiting="0.00" lane="right_0" pos="39.70" speed="18.55" angle="293.10" x="84.44" y="125.59"/>
        <vehicle id="cfm_slow_3" eclass="HBEFA3/PC_G_EU4" CO2="68838.99" CO="1343.91" HC="7.83" NOx="31.97" PMx="1.75" fuel="29.59" electricity="0.00" noise="123.92" route="routetop" type="cfm_slow" waiting="0.00" lane="top_0" pos="27.70" speed="18.55" angle="224.61" x="13.74" y="105.75"/>
        <vehicle id="cfm_slow_4" eclass="HBEFA3/PC_G_EU4" CO2="68838.99" CO="1343.91" HC="7.83" NOx="31.97" PMx="1.75" fuel="29.59" electricity="0.00" noise="123.92" route="routeleft" type="cfm_slow" waiting="0.00" lane="left_0" pos="15.70" speed="18.55" angle="156.27" x="6.15" y="32.72"/>
    </timestep>
    <timestep time="1.37">
        <vehicle id="cfm_slow_0" eclass="HBEFA3/PC_G_EU4" CO2="69345.86" CO="1354.06" HC="7.88" NOx="32.21" PMx="1.76" fuel="29.81" electricity="0.00" noise="123.98" route="routebottom" type="cfm_slow" waiting="0.00" lane="bottom_0" pos="13.89" speed="18.68" angle="69.50" x="91.28" y="4.48"/>
        <vehicle id="cfm_slow_1" eclass="HBEFA3/PC_G_EU4" CO2="69345.86" CO="1354.06" HC="7.88" NOx="32.21" PMx="1.76" fuel="29.81" electricity="0.00" noise="123.98" route="routebottom" type="cfm_slow" waiting="0.00" lane="right_0" pos="1.89" speed="18.68" angle="1.09" x="128.85" y="67.56"/>
        <vehicle id="cfm_slow_2" eclass="HBEFA3/PC_G_EU4" CO2="69345.86" CO="1354.06" HC="7.88" NOx="32.21" PMx="1.76" fuel="29.81" electricity="0.00" noise="123.98" route="routeright" type="cfm_slow" waiting="0.00" lane="right_0" pos="39.89" speed="18.68" angle="292.77" x="84.07" y="125.71"/>
        <vehicle id="cfm_slow_3" eclass="HBEFA3/PC_G_EU4" CO2="69345.86" CO="1354.06" HC="7.88" NOx="32.21" PMx="1.76" fuel="29.81" electricity="0.00" noise="123.98" route="routetop" type="cfm_slow" waiting="0.00" lane="top_0" pos="27.89" speed="18.68" angle="224.25" x="13.49" y="105.46"/>
        <vehicle id="cfm_slow_4" eclass="HBEFA3/PC_G_EU4" CO2="69345.86" CO="1354.06" HC="7.88" NOx="32.21" PMx="1.76" fuel="29.81" electricity="0.00" noise="123.98" route="routeleft" type="cfm_slow" waiting="0.00" lane="left_0" pos="15.89" speed="18.68" angle="155.92" x="6.33" y="32.39"/>
    </timestep>
    <timestep time="1.38">
        <vehicle id="cfm_slow_0" eclass="HBEFA3/PC_G_EU4" CO2="69853.02" CO="1364.22" HC="7.94" NOx="32.44" PMx="1.77" fuel="30.03" electricity="0.00" noise="124.05" route="routebottom" type="cfm_slow" waiting="0.00" lane="bottom_0" pos="14.08" speed="18.82" angle="69.20" x="91.63" y="4.64"/>
        <vehicle id="cfm_slow_1" eclass="HBEFA3/PC_G_EU4" CO2="69853.02" CO="1364.22" HC="7.94" NOx="32.44" PMx="1.77" fuel="30.03" electricity="0.00" noise="124.05" route="routebottom" type="cfm_slow" waiting="0.00" lane="right_0" pos="2.08" speed="18.82" angle="0.74" x="128.83" y="67.95"/>
        <vehicle id="cfm_slow_2" eclass="HBEFA3/PC_G_EU4" CO2="69853.02" CO="1364.22" HC="7.94" NOx="32.44" PMx="1.77" fuel="30.03" electricity="0.00" noise="124.05" route="routeright" type="cfm_slow" waiting="0.00" lane="right_0" pos="40.08" speed="18.82" angle="292.42" x="83.71" y="125.82"/>
        <vehicle id="cfm_slow_3" eclass="HBEFA3/PC_G_EU4" CO2="69853.02" CO="1364.22" HC="7.94" NOx="32.44" PMx="1.77" fuel="30.03" electricity="0.00" noise="124.05" route="routetop" type="cfm_slow" waiting="0.00" lane="top_0" pos="28.08" speed="18.82" angle="223.90" x="13.24" y="105.16"/>
        <vehicle id="cfm_slow_4" eclass="HBEFA3/PC_G_EU4" CO2="69853.02" CO="1364.22" HC="7.94" NOx="32.44" PMx="1.77" fuel="30.03" electricity="0.00" noise="124.05" route="routeleft" type="cfm_slow" waiting="0.00" lane="left_0" pos="16.08" speed="18.82" angle="155.58" x="6.52" y="32.05"/>
    </timestep>
    <timestep time="1.39">
        <vehicle id="cfm_slow_0" eclass="HBEFA3/PC_G_EU4" CO2="70360.47" CO="1374.41" HC="8.00" NOx="32.68" PMx="1.79" fuel="30.24" electricity="0.00" noise="124.11" route="routebottom" type="cfm_slow" waiting="0.00" lane="bottom_0" pos="14.27" speed="18.95" angle="68.86" x="91.98" y="4.81"/>
        <vehicle id="cfm_slow_1" eclass="HBEFA3/PC_G_EU4" CO2="70360.47" CO="1374.41" HC="8.00" NOx="32.68" PMx="1.79" fuel="30.24" electricity="0.00" noise="124.11" route="routebottom" type="cfm_slow" waiting="0.00" lane="right_0" pos="2.27" speed="18.95" angle="0.40" x="128.80" y="68.34"/>
        <vehicle id="cfm_slow_2" eclass="HBEFA3/PC_G_EU4" CO2="70360.47" CO="1374.41" HC="8.00" NOx="32.68" PMx="1.79" fuel="30.24" electricity="0.00" noise="124.11" route="routeright" type="cfm_slow" waiting="0.00" lane="right_0" pos="40.27" speed="18.95" angle="292.06" x="83.33" y="125.93"/>
        <vehicle id="cfm_slow_3" eclass="HBEFA3/PC_G_EU4" CO2="70360.47" CO="1374.41" HC="8.00" NOx="32.68" PMx="1.79" fuel="30.24" electricity="0.00" noise="124.11" route="routetop" type="cfm_slow" waiting="0.00" lane="top_0" pos="28.27" speed="18.95" angle="223.61" x="13.00" y="104.87"/>
        <vehicle id="cfm_slow_4" eclass="HBEFA3/PC_G_EU4" CO2="70360.47" CO="1374.41" HC="8.00" NOx="32.68" PMx="1.79" fuel="30.24" electricity="0.00" noise="124.11" route="routeleft" type="cfm_slow" waiting="0.00" lane="left_0" pos="16.27" speed="18.95" angle="155.23" x="6.71" y="31.71"/>
    </timestep>
    <timestep time="1.40">
        <vehicle id="cfm_slow_0" eclass="HBEFA3/PC_G_EU4" CO2="70868.21" CO="1384.62" HC="8.06" NOx="32.91" PMx="1.80" fuel="30.46" electricity="0.00" noise="124.17" route="routebottom" type="cfm_slow" waiting="0.00" lane="bottom_0" pos="14.46" speed="19.09" angle="68.50" x="92.33" y="4.98"/>
        <vehicle id="cfm_slow_1" eclass="HBEFA3/PC_G_EU4" CO2="70868.21" CO="1384.62" HC="8.06" NOx="32.91" PMx="1.80" fuel="30.46" electricity="0.00" noise="124.17" route="routebottom" type="cfm_slow" waiting="0.00" lane="right_0" pos="2.46" speed="19.09" angle="0.05" x="128.78" y="68.73"/>
        <vehicle id="cfm_slow_2" eclass="HBEFA3/PC_G_EU4" CO2="70868.21" CO="1384.62" HC="8.06" NOx="32.91" PMx="1.80" fuel="30.46" electricity="0.00" noise="124.17" route="routeright" type="cfm_slow" waiting="0.00" lane="right_0" pos="40.46" speed="19.09" angle="291.71" x="82.96" y="126.05"/>
        <vehicle id="cfm_slow_3" eclass="HBEFA3/PC_G_EU4" CO2="70868.21" CO="1384.62" HC="8.06" NOx="32.91" PMx="1.80" fuel="30.46" electricity="0.00" noise="124.17" route="routetop" type="cfm_slow" waiting="0.00" lane="top_0" pos="28.46" speed="19.09" angle="223.26" x="12.75" y="104.56"/>
        <vehicle id="cfm_slow_4" eclass="HBEFA3/PC_G_EU4" CO2="70868.21" CO="1384.62" HC="8.06" NOx="32.91" PMx="1.80" fuel="30.46" electricity="0.00" noise="124.17" route="routeleft" type="cfm_slow" waiting="0.00" lane="left_0" pos="16.46" speed="19.09" angle="154.88" x="6.90" y="31.37"/>
    </timestep>
    <timestep time="1.41">
        <vehicle id="cfm_slow_0" eclass="HBEFA3/PC_G_EU4" CO2="71376.25" CO="1394.86" HC="8.12" NOx="33.15" PMx="1.81" fuel="30.68" electricity="0.00" noise="124.24" route="routebottom" type="cfm_slow" waiting="0.00" lane="bottom_0" pos="14.65" speed="19.23" angle="68.14" x="92.68" y="5.16"/>
        <vehicle id="cfm_slow_1" eclass="HBEFA3/PC_G_EU4" CO2="71376.25" CO="1394.86" HC="8.12" NOx="33.15" PMx="1.81" fuel="30.68" electricity="0.00" noise="124.24" route="routebottom" type="cfm_slow" waiting="0.00" lane="right_0" pos="2.65" speed="19.23" angle="359.75" x="128.75" y="69.12"/>
        <vehicle id="cfm_slow_2" eclass="HBEFA3/PC_G_EU4" CO2="71376.25" CO="1394.86" HC="8.12" NOx="33.15" PMx="1.81" fuel="30.68" electricity="0.00" noise="124.24" route="routeright" type="cfm_slow" waiting="0.00" lane="right_0" pos="40.65" speed="19.23" angle="291.35" x="82.58" y="126.17"/>
        <vehicle id="cfm_slow_3" eclass="HBEFA3/PC_G_EU4" CO2="71376.25" CO="1394.86" HC="8.12" NOx="33.15" PMx="1.81" fuel="30.68" electricity="0.00" noise="124.24" route="routetop" type="cfm_slow" waiting="0.00" lane="top_0" pos="28.65" speed="19.23" angle="222.91" x="12.51" y="104.25"/>
        <vehicle id="cfm_slow_4" eclass="HBEFA3/PC_G_EU4" CO2="71376.25" CO="1394.86" HC="8.12" NOx="33.15" PMx="1.81" fuel="30.68" electricity="0.00" noise="124.24" route="routeleft" type="cfm_slow" waiting="0.00" lane="left_0" pos="16.65" speed="19.23" angle="154.57" x="7.09" y="31.03"/>
    </timestep>
    <timestep time="1.42">
        <vehicle id="cfm_slow_0" eclass="HBEFA3/PC_G_EU4" CO2="71884.58" CO="1405.11" HC="8.18" NOx="33.39" PMx="1.83" fuel="30.90" electricity="0.00" noise="124.30" route="routebottom" type="cfm_slow" waiting="0.00" lane="bottom_0" pos="14.85" speed="19.36" angle="67.78" x="93.03" y="5.34"/>
        <vehicle id="cfm_slow_1" eclass="HBEFA3/PC_G_EU4" CO2="71884.58" CO="1405.11" HC="8.18" NOx="33.39" PMx="1.83" fuel="30.90" electricity="0.00" noise="124.30" route="routebottom" type="cfm_slow" waiting="0.00" lane="right_0" pos="2.85" speed="19.36" angle="359.40" x="128.71" y="69.52"/>
        <vehicle id="cfm_slow_2" eclass="HBEFA3/PC_G_EU4" CO2="71884.58" CO="1405.11" HC="8.18" NOx="33.39" PMx="1.83" fuel="30.90" electricity="0.00" noise="124.30" route="routeright" type="cfm_slow" waiting="0.00" lane="right_0" pos="40.85" speed="19.36" angle="290.98" x="82.20" y="126.28"/>
        <vehicle id="cfm_slow_3" eclass="HBEFA3/PC_G_EU4" CO2="71884.58" CO="1405.11" HC="8.18" NOx="33.39" PMx="1.83" fuel="30.90" electricity="0.00" noise="124.30" route="routetop" type="cfm_slow" waiting="0.00" lane="top_0" pos="28.85" speed="19.36" angle="222.56" x="12.27" y="103.93"/>
        <vehicle id="cfm_slow_4" eclass="HBEFA3/PC_G_EU4" CO2="71884.58" CO="1405.11" HC="8.18" NOx="33.39" PMx="1.83" fuel="30.90" electricity="0.00" noise="124.30" route="routeleft" type="cfm_slow" waiting="0.00" lane="left_0" pos="16.85" speed="19.36" angle="154.21" x="7.30" y="30.69"/>
    </timestep>
    <timestep time="1.43">
        <vehicle id="cfm_slow_0" eclass="HBEFA3/PC_G_EU4" CO2="72393.20" CO="1415.39" HC="8.24" NOx="33.62" PMx="1.84" fuel="31.12" electricity="0.00" noise="124.36" route="routebottom" type="cfm_slow" waiting="0.00" lane="bottom_0" pos="15.04" speed="19.50" angle="67.41" x="93.39" y="5.52"/>
        <vehicle id="cfm_slow_1" eclass="HBEFA3/PC_G_EU4" CO2="72393.20" CO="1415.39" HC="8.24" NOx="33.62" PMx="1.84" fuel="31.12" electricity="0.00" noise="124.36" route="routebottom" type="cfm_slow" waiting="0.00" lane="right_0" pos="3.04" speed="19.50" angle="359.04" x="128.67" y="69.91"/>
        <vehicle id="cfm_slow_2" eclass="HBEFA3/PC_G_EU4" CO2="72393.20" CO="1415.39" HC="8.24" NOx="33.62" PMx="1.84" fuel="31.12" electricity="0.00" noise="124.36" route="routeright" type="cfm_slow" waiting="0.00" lane="right_0" pos="41.04" speed="19.50" angle="290.68" x="81.82" y="126.40"/>
        <vehicle id="cfm_slow_3" eclass="HBEFA3/PC_G_EU4" CO2="72393.20" CO="1415.39" HC="8.24" NOx="33.62" PMx="1.84" fuel="31.12" electricity="0.00" noise="124.36" route="routetop" type="cfm_slow" waiting="0.00" lane="top_0" pos="29.04" speed="19.50" angle="222.20" x="12.02" y="103.62"/>
        <vehicle id="cfm_slow_4" eclass="HBEFA3/PC_G_EU4" CO2="72393.20" CO="1415.39" HC="8.24" NOx="33.62" PMx="1.84" fuel="31.12" electricity="0.00" noise="124.36" route="routeleft" type="cfm_slow" waiting="0.00" lane="left_0" pos="17.04" speed="19.50" angle="153.85" x="7.50" y="30.34"/>
    </timestep>
    <timestep time="1.44">
        <vehicle id="cfm_slow_0" eclass="HBEFA3/PC_G_EU4" CO2="72902.11" CO="1425.68" HC="8.30" NOx="33.86" PMx="1.85" fuel="31.34" electricity="0.00" noise="124.43" route="routebottom" type="cfm_slow" waiting="0.00" lane="bottom_0" pos="15.24" speed="19.64" angle="67.04" x="93.75" y="5.70"/>
        <vehicle id="cfm_slow_1" eclass="HBEFA3/PC_G_EU4" CO2="72902.11" CO="1425.68" HC="8.30" NOx="33.86" PMx="1.85" fuel="31.34" electricity="0.00" noise="124.43" route="routebottom" type="cfm_slow" waiting="0.00" lane="right_0" pos="3.24" speed="19.64" angle="358.69" x="128.63" y="70.31"/>
        <vehicle id="cfm_slow_2" eclass="HBEFA3/PC_G_EU4" CO2="72902.11" CO="1425.68" HC="8.30" NOx="33.86" PMx="1.85" fuel="31.34" electricity="0.00" noise="124.43" route="routeright" type="cfm_slow" waiting="0.00" lane="right_0" pos="41.24" speed="19.64" angle="290.31" x="81.43" y="126.51"/>
        <vehicle id="cfm_slow_3" eclass="HBEFA3/PC_G_EU4" CO2="72902.11" CO="1425.68" HC="8.30" NOx="33.86" PMx="1.85" fuel="31.34" electricity="0.00" noise="124.43" route="routetop" type="cfm_slow" waiting="0.00" lane="top_0" pos="29.24" speed="19.64" angle="221.84" x="11.77" y="103.30"/>
        <vehicle id="cfm_slow_4" eclass="HBEFA3/PC_G_EU4" CO2="72902.11" CO="1425.68" HC="8.30" NOx="33.86" PMx="1.85" fuel="31.34" electricity="0.00" noise="124.43" route="routeleft" type="cfm_slow" waiting="0.00" lane="left_0" pos="17.24" speed="19.64" angle="153.48" x="7.71" y="30.00"/>
    </timestep>
    <timestep time="1.45">
        <vehicle id="cfm_slow_0" eclass="HBEFA3/PC_G_EU4" CO2="73411.31" CO="1436.00" HC="8.36" NOx="34.10" PMx="1.87" fuel="31.56" electricity="0.00" noise="124.49" route="routebottom" type="cfm_slow" waiting="0.00" lane="bottom_0" pos="15.43" speed="19.77" angle="66.74" x="94.11" y="5.88"/>
        <vehicle id="cfm_slow_1" eclass="HBEFA3/PC_G_EU4" CO2="73411.31" CO="1436.00" HC="8.36" NOx="34.10" PMx="1.87" fuel="31.56" electricity="0.00" noise="124.49" route="routebottom" type="cfm_slow" waiting="0.00" lane="right_0" pos="3.43" speed="19.77" angle="358.33" x="128.58" y="70.72"/>
        <vehicle id="cfm_slow_2" eclass="HBEFA3/PC_G_EU4" CO2="73411.31" CO="1436.00" HC="8.36" NOx="34.10" PMx="1.87" fuel="31.56" electricity="0.00" noise="124.49" route="routeright" type="cfm_slow" waiting="0.00" lane="right_0" pos="41.43" speed="19.77" angle="289.94" x="81.04" y="126.61"/>
        <vehicle id="cfm_slow_3" eclass="HBEFA3/PC_G_EU4" CO2="73411.31" CO="1436.00" HC="8.36" NOx="34.10" PMx="1.87" fuel="31.56" electricity="0.00" noise="124.49" route="routetop" type="cfm_slow" waiting="0.00" lane="top_0" pos="29.43" speed="19.77" angle="221.51" x="11.52" y="102.98"/>
        <vehicle id="cfm_slow_4" eclass="HBEFA3/PC_G_EU4" CO2="73411.31" CO="1436.00" HC="8.36" NOx="34.10" PMx="1.87" fuel="31.56" electricity="0.00" noise="124.49" route="routeleft" type="cfm_slow" waiting="0.00" lane="left_0" pos="17.43" speed="19.77" angle="153.11" x="7.92" y="29.65"/>
    </timestep>
    <timestep time="1.46">
        <vehicle id="cfm_slow_0" eclass="HBEFA3/PC_G_EU4" CO2="73920.81" CO="1446.34" HC="8.42" NOx="34.34" PMx="1.88" fuel="31.77" electricity="0.00" noise="124.56" route="routebottom" type="cfm_slow" waiting="0.00" lane="bottom_0" pos="15.63" speed="19.91" angle="66.38" x="94.47" y="6.08"/>
        <vehicle id="cfm_slow_1" eclass="HBEFA3/PC_G_EU4" CO2="73920.81" CO="1446.34" HC="8.42" NOx="34.34" PMx="1.88" fuel="31.77" electricity="0.00" noise="124.56" route="routebottom" type="cfm_slow" waiting="0.00" lane="right_0" pos="3.63" speed="19.91" angle="357.96" x="128.54" y="71.12"/>
        <vehicle id="cfm_slow_2" eclass="HBEFA3/PC_G_EU4" CO2="73920.81" CO="1446.34" HC="8.42" NOx="34.34" PMx="1.88" fuel="31.77" electricity="0.00" noise="124.56" route="routeright" type="cfm_slow" waiting="0.00" lane="right_0" pos="41.63" speed="19.91" angle="289.57" x="80.65" y="126.71"/>
        <vehicle id="cfm_slow_3" eclass="HBEFA3/PC_G_EU4" CO2="73920.81" CO="1446.34" HC="8.42" NOx="34.34" PMx="1.88" fuel="31.77" electricity="0.00" noise="124.56" route="routetop" type="cfm_slow" waiting="0.00" lane="top_0" pos="29.63" speed="19.91" angle="221.16" x="11.28" y="102.65"/>
        <vehicle id="cfm_slow_4" eclass="HBEFA3/PC_G_EU4" CO2="73920.81" CO="1446.34" HC="8.42" NOx="34.34" PMx="1.88" fuel="31.77" electricity="0.00" noise="124.56" route="routeleft" type="cfm_slow" waiting="0.00" lane="left_0" pos="17.63" speed="19.91" angle="152.74" x="8.13" y="29.30"/>
    </timestep>
    <timestep time="1.47">
        <vehicle id="cfm_slow_0" eclass="HBEFA3/PC_G_EU4" CO2="74430.59" CO="1456.70" HC="8.48" NOx="34.57" PMx="1.89" fuel="31.99" electricity="0.00" noise="124.62" route="routebottom" type="cfm_slow" waiting="0.00" lane="bottom_0" pos="15.83" speed="20.05" angle="66.02" x="94.83" y="6.28"/>
        <vehicle id="cfm_slow_1" eclass="HBEFA3/PC_G_EU4" CO2="74430.59" CO="1456.70" HC="8.48" NOx="34.57" PMx="1.89" fuel="31.99" electricity="0.00" noise="124.62" route="routebottom" type="cfm_slow" waiting="0.00" lane="right_0" pos="3.83" speed="20.05" angle="357.64" x="128.50" y="71.53"/>
        <vehicle id="cfm_slow_2" eclass="HBEFA3/PC_G_EU4" CO2="74430.59" CO="1456.70" HC="8.48" NOx="34.57" PMx="1.89" fuel="31.99" electricity="0.00" noise="124.62" route="routeright" type="cfm_slow" waiting="0.00" lane="right_0" pos="41.83" speed="20.05" angle="289.19" x="80.25" y="126.82"/>
        <vehicle id="cfm_slow_3" eclass="HBEFA3/PC_G_EU4" CO2="74430.59" CO="1456.70" HC="8.48" NOx="34.57" PMx="1.89" fuel="31.99" electricity="0.00" noise="124.62" route="routetop" type="cfm_slow" waiting="0.00" lane="top_0" pos="29.83" speed="20.05" angle="220.79" x="11.04" y="102.32"/>
        <vehicle id="cfm_slow_4" eclass="HBEFA3/PC_G_EU4" CO2="74430.59" CO="1456.70" HC="8.48" NOx="34.57" PMx="1.89" fuel="31.99" electricity="0.00" noise="124.62" route="routeleft" type="cfm_slow" waiting="0.00" lane="left_0" pos="17.83" speed="20.05" angle="152.37" x="8.34" y="28.95"/>
    </timestep>
    <timestep time="1.48">
        <vehicle id="cfm_slow_0" eclass="HBEFA3/PC_G_EU4" CO2="74940.67" CO="1467.09" HC="8.54" NOx="34.81" PMx="1.91" fuel="32.21" electricity="0.00" noise="124.68" route="routebottom" type="cfm_slow" waiting="0.00" lane="bottom_0" pos="16.04" speed="20.18" angle="65.65" x="95.19" y="6.48"/>
        <vehicle id="cfm_slow_1" eclass="HBEFA3/PC_G_EU4" CO2="74940.67" CO="1467.09" HC="8.54" NOx="34.81" PMx="1.91" fuel="32.21" electricity="0.00" noise="124.68" route="routebottom" type="cfm_slow" waiting="0.00" lane="right_0" pos="4.04" speed="20.18" angle="357.27" x="128.44" y="71.94"/>
        <vehicle id="cfm_slow_2" eclass="HBEFA3/PC_G_EU4" CO2="74940.67" CO="1467.09" HC="8.54" NOx="34.81" PMx="1.91" fuel="32.21" electricity="0.00" noise="124.68" route="routeright" type="cfm_slow" waiting="0.00" lane="right_0" pos="42.04" speed="20.18" angle="288.81" x="79.85" y="126.92"/>
        <vehicle id="cfm_slow_3" eclass="HBEFA3/PC_G_EU4" CO2="74940.67" CO="1467.09" HC="8.54" NOx="34.81" PMx="1.91" fuel="32.21" electricity="0.00" noise="124.68" route="routetop" type="cfm_slow" waiting="0.00" lane="top_0" pos="30.04" speed="20.18" angle="220.40" x="10.80" y="101.98"/>
        <vehicle id="cfm_slow_4" eclass="HBEFA3/PC_G_EU4" CO2="74940.67" CO="1467.09" HC="8.54" NOx="34.81" PMx="1.91" fuel="32.21" electricity="0.00" noise="124.68" route="routeleft" type="cfm_slow" waiting="0.00" lane="left_0" pos="18.04" speed="20.18" angle="152.05" x="8.56" y="28.60"/>
    </timestep>
    <timestep time="1.49">
        <vehicle id="cfm_slow_0" eclass="HBEFA3/PC_G_EU4" CO2="75451.04" CO="1477.49" HC="8.60" NOx="35.05" PMx="1.92" fuel="32.43" electricity="0.00" noise="124.75" route="routebottom" type="cfm_slow" waiting="0.00" lane="bottom_0" pos="16.24" speed="20.32" angle="65.28" x="95.56" y="6.68"/>
        <vehicle id="cfm_slow_1" eclass="HBEFA3/PC_G_EU4" CO2="75451.04" CO="1477.49" HC="8.60" NOx="35.05" PMx="1.92" fuel="32.43" electricity="0.00" noise="124.75" route="routebottom" type="cfm_slow" waiting="0.00" lane="right_0" pos="4.24" speed="20.32" angle="356.90" x="128.38" y="72.35"/>
        <vehicle id="cfm_slow_2" eclass="HBEFA3/PC_G_EU4" CO2="75451.04" CO="1477.49" HC="8.60" NOx="35.05" PMx="1.92" fuel="32.43" electricity="0.00" noise="124.75" route="routeright" type="cfm_slow" waiting="0.00" lane="right_0" pos="42.24" speed="20.32" angle="288.45" x="79.45" y="127.03"/>
        <vehicle id="cfm_slow_3" eclass="HBEFA3/PC_G_EU4" CO2="75451.04" CO="1477.49" HC="8.60" NOx="35.05" PMx="1.92" fuel="32.43" electricity="0.00" noise="124.75" route="routetop" type="cfm_slow" waiting="0.00" lane="top_0" pos="30.24" speed="20.32" angle="220.02" x="10.56" y="101.65"/>
        <vehicle id="cfm_slow_4" eclass="HBEFA3/PC_G_EU4" CO2="75451.04" CO="1477.49" HC="8.60" NOx="35.05" PMx="1.92" fuel="32.43" electricity="0.00" noise="124.75" route="routeleft" type="cfm_slow" waiting="0.00" lane="left_0" pos="18.24" speed="20.32" angle="151.66" x="8.79" y="28.25"/>
    </timestep>
    <timestep time="1.50">
        <vehicle id="cfm_slow_0" eclass="HBEFA3/PC_G_EU4" CO2="75961.71" CO="1487.92" HC="8.66" NOx="35.29" PMx="1.93" fuel="32.65" electricity="0.00" noise="124.81" route="routebottom" type="cfm_slow" waiting="0.00" lane="bottom_0" pos="16.44" speed="20.45" angle="64.91" x="95.92" y="6.88"/>
        <vehicle id="cfm_slow_1" eclass="HBEFA3/PC_G_EU4" CO2="75961.71" CO="1487.92" HC="8.66" NOx="35.29" PMx="1.93" fuel="32.65" electricity="0.00" noise="124.81" route="routebottom" type="cfm_slow" waiting="0.00" lane="right_0" pos="4.44" speed="20.45" angle="356.53" x="128.32" y="72.77"/>
        <vehicle id="cfm_slow_2" eclass="HBEFA3/PC_G_EU4" CO2="75961.71" CO="1487.92" HC="8.66" NOx="35.29" PMx="1.93" fuel="32.65" electricity="0.00" noise="124.81" route="routeright" type="cfm_slow" waiting="0.00" lane="right_0" pos="42.44" speed="20.45" angle="288.12" x="79.04" y="127.13"/>
        <vehicle id="cfm_slow_3" eclass="HBEFA3/PC_G_EU4" CO2="75961.71" CO="1487.92" HC="8.66" NOx="35.29" PMx="1.93" fuel="32.65" electricity="0.00" noise="124.81" route="routetop" type="cfm_slow" waiting="0.00" lane="top_0" pos="30.44" speed="20.45" angle="219.63" x="10.31" y="101.30"/>
        <vehicle id="cfm_slow_4" eclass="HBEFA3/PC_G_EU4" CO2="75961.71" CO="1487.92" HC="8.66" NOx="35.29" PMx="1.93" fuel="32.65" electricity="0.00" noise="124.81" route="routeleft" type="cfm_slow" waiting="0.00" lane="left_0" pos="18.44" speed="20.45" angle="151.27" x="9.02" y="27.90"/>
    </timestep>
    <timestep time="1.51">
        <vehicle id="cfm_slow_0" eclass="HBEFA3/PC_G_EU4" CO2="76472.66" CO="1498.37" HC="8.72" NOx="35.52" PMx="1.95" fuel="32.87" electricity="0.00" noise="124.88" route="routebottom" type="cfm_slow" waiting="0.00" lane="bottom_0" pos="16.65" speed="20.59" angle="64.58" x="96.29" y="7.09"/>
        <vehicle id="cfm_slow_1" eclass="HBEFA3/PC_G_EU4" CO2="76472.66" CO="1498.37" HC="8.72" NOx="35.52" PMx="1.95" fuel="32.87" electricity="0.00" noise="124.88" route="routebottom" type="cfm_slow" waiting="0.00" lane="right_0" pos="4.65" speed="20.59" angle="356.15" x="128.26" y="73.19"/>
        <vehicle id="cfm_slow_2" eclass="HBEFA3/PC_G_EU4" CO2="76472.66" CO="1498.37" HC="8.72" NOx="35.52" PMx="1.95" fuel="32.87" electricity="0.00" noise="124.88" route="routeright" type="cfm_slow" waiting="0.00" lane="right_0" pos="42.65" speed="20.59" angle="287.76" x="78.63" y="127.22"/>
        <vehicle id="cfm_slow_3" eclass="HBEFA3/PC_G_EU4" CO2="76472.66" CO="1498.37" HC="8.72" NOx="35.52" PMx="1.95" fuel="32.87" electricity="0.00" noise="124.88" route="routetop" type="cfm_slow" waiting="0.00" lane="top_0" pos="30.65" speed="20.59" angle="219.25" x="10.06" y="100.96"/>
        <vehicle id="cfm_slow_4" eclass="HBEFA3/PC_G_EU4" CO2="76472.66" CO="1498.37" HC="8.72" NOx="35.52" PMx="1.95" fuel="32.87" electricity="0.00" noise="124.88" route="routeleft" type="cfm_slow" waiting="0.00" lane="left_0" pos="18.65" speed="20.59" angle="150.87" x="9.26" y="27.55"/>
    </timestep>
    <timestep time="1.52">
        <vehicle id="cfm_slow_0" eclass="HBEFA3/PC_G_EU4" CO2="76983.91" CO="1508.84" HC="8.78" NOx="35.76" PMx="1.96" fuel="33.09" electricity="0.00" noise="124.94" route="routebottom" type="cfm_slow" waiting="0.00" lane="bottom_0" pos="16.86" speed="20.73" angle="64.19" x="96.66" y="7.30"/>
        <vehicle id="cfm_slow_1" eclass="HBEFA3/PC_G_EU4" CO2="76983.91" CO="1508.84" HC="8.78" NOx="35.76" PMx="1.96" fuel="33.09" electricity="0.00" noise="124.94" route="routebottom" type="cfm_slow" waiting="0.00" lane="right_0" pos="4.86" speed="20.73" angle="355.77" x="128.21" y="73.61"/>
        <vehicle id="cfm_slow_2" eclass="HBEFA3/PC_G_EU4" CO2="76983.91" CO="1508.84" HC="8.78" NOx="35.76" PMx="1.96" fuel="33.09" electricity="0.00" noise="124.94" route="routeright" type="cfm_slow" waiting="0.00" lane="right_0" pos="42.86" speed="20.73" angle="287.40" x="78.21" y="127.32"/>
        <vehicle id="cfm_slow_3" eclass="HBEFA3/PC_G_EU4" CO2="76983.91" CO="1508.84" HC="8.78" NOx="35.76" PMx="1.96" fuel="33.09" electricity="0.00" noise="124.94" route="routetop" type="cfm_slow" waiting="0.00" lane="top_0" pos="30.86" speed="20.73" angle="218.92" x="9.82" y="100.61"/>
        <vehicle id="cfm_slow_4" eclass="HBEFA3/PC_G_EU4" CO2="76983.91" CO="1508.84" HC="8.78" NOx="35.76" PMx="1.96" fuel="33.09" electricity="0.00" noise="124.94" route="routeleft" type="cfm_slow" waiting="0.00" lane="left_0" pos="18.86" speed="20.73" angle="150.48" x="9.49" y="27.20"/>
    </timestep>
    <timestep time="1.53">
        <vehicle id="cfm_slow_0" eclass="HBEFA3/PC_G_EU4" CO2="77495.45" CO="1519.33" HC="8.84" NOx="36.00" PMx="1.97" fuel="33.31" electricity="0.00" noise="125.00" route="routebottom" type="cfm_slow" waiting="0.00" lane="bottom_0" pos="17.07" speed="20.86" angle="63.80" x="97.02" y="7.53"/>
        <vehicle id="cfm_slow_1" eclass="HBEFA3/PC_G_EU4" CO2="77495.45" CO="1519.33" HC="8.84" NOx="36.00" PMx="1.97" fuel="33.31" electricity="0.00" noise="125.00" route="routebottom" type="cfm_slow" waiting="0.00" lane="right_0" pos="5.07" speed="20.86" angle="355.40" x="128.15" y="74.03"/>
        <vehicle id="cfm_slow_2" eclass="HBEFA3/PC_G_EU4" CO2="77495.45" CO="1519.33" HC="8.84" NOx="36.00" PMx="1.97" fuel="33.31" electricity="0.00" noise="125.00" route="routeright" type="cfm_slow" waiting="0.00" lane="right_0" pos="43.07" speed="20.86" angle="287.03" x="77.80" y="127.41"/>
        <vehicle id="cfm_slow_3" eclass="HBEFA3/PC_G_EU4" CO2="77495.45" CO="1519.33" HC="8.84" NOx="36.00" PMx="1.97" fuel="33.31" electricity="0.00" noise="125.00" route="routetop" type="cfm_slow" waiting="0.00" lane="top_0" pos="31.07" speed="20.86" angle="218.55" x="9.58" y="100.26"/>
        <vehicle id="cfm_slow_4" eclass="HBEFA3/PC_G_EU4" CO2="77495.45" CO="1519.33" HC="8.84" NOx="36.00" PMx="1.97" fuel="33.31" electricity="0.00" noise="125.00" route="routeleft" type="cfm_slow" waiting="0.00" lane="left_0" pos="19.07" speed="20.86" angle="150.08" x="9.73" y="26.84"/>
    </timestep>
    <timestep time="1.54">
        <vehicle id="cfm_slow_0" eclass="HBEFA3/PC_G_EU4" CO2="78007.28" CO="1529.84" HC="8.90" NOx="36.24" PMx="1.99" fuel="33.53" electricity="0.00" noise="125.07" route="routebottom" type="cfm_slow" waiting="0.00" lane="bottom_0" pos="17.28" speed="21.00" angle="63.40" x="97.39" y="7.75"/>
        <vehicle id="cfm_slow_1" eclass="HBEFA3/PC_G_EU4" CO2="78007.28" CO="1529.84" HC="8.90" NOx="36.24" PMx="1.99" fuel="33.53" electricity="0.00" noise="125.07" route="routebottom" type="cfm_slow" waiting="0.00" lane="right_0" pos="5.28" speed="21.00" angle="355.03" x="128.07" y="74.46"/>
        <vehicle id="cfm_slow_2" eclass="HBEFA3/PC_G_EU4" CO2="78007.28" CO="1529.84" HC="8.90" NOx="36.24" PMx="1.99" fuel="33.53" electricity="0.00" noise="125.07" route="routeright" type="cfm_slow" waiting="0.00" lane="right_0" pos="43.28" speed="21.00" angle="286.66" x="77.38" y="127.51"/>
        <vehicle id="cfm_slow_3" eclass="HBEFA3/PC_G_EU4" CO2="78007.28" CO="1529.84" HC="8.90" NOx="36.24" PMx="1.99" fuel="33.53" electricity="0.00" noise="125.07" route="routetop" type="cfm_slow" waiting="0.00" lane="top_0" pos="31.28" speed="21.00" angle="218.17" x="9.35" y="99.90"/>
        <vehicle id="cfm_slow_4" eclass="HBEFA3/PC_G_EU4" CO2="78007.28" CO="1529.84" HC="8.90" NOx="36.24" PMx="1.99" fuel="33.53" electricity="0.00" noise="125.07" route="routeleft" type="cfm_slow" waiting="0.00" lane="left_0" pos="19.28" speed="21.00" angle="149.75" x="9.97" y="26.49"/>
    </timestep>
    <timestep time="1.55">
        <vehicle id="cfm_slow_0" eclass="HBEFA3/PC_G_EU4" CO2="78519.40" CO="1540.37" HC="8.96" NOx="36.48" PMx="2.00" fuel="33.75" electricity="0.00" noise="125.13" route="routebottom" type="cfm_slow" waiting="0.00" lane="bottom_0" pos="17.49" speed="21.14" angle="63.00" x="97.76" y="7.97"/>
        <vehicle id="cfm_slow_1" eclass="HBEFA3/PC_G_EU4" CO2="78519.40" CO="1540.37" HC="8.96" NOx="36.48" PMx="2.00" fuel="33.75" electricity="0.00" noise="125.13" route="routebottom" type="cfm_slow" waiting="0.00" lane="right_0" pos="5.49" speed="21.14" angle="354.64" x="127.99" y="74.88"/>
        <vehicle id="cfm_slow_2" eclass="HBEFA3/PC_G_EU4" CO2="78519.40" CO="1540.37" HC="8.96" NOx="36.48" PMx="2.00" fuel="33.75" electricity="0.00" noise="125.13" route="routeright" type="cfm_slow" waiting="0.00" lane="right_0" pos="43.49" speed="21.14" angle="286.29" x="76.95" y="127.61"/>
        <vehicle id="cfm_slow_3" eclass="HBEFA3/PC_G_EU4" CO2="78519.40" CO="1540.37" HC="8.96" NOx="36.48" PMx="2.00" fuel="33.75" electricity="0.00" noise="125.13" route="routetop" type="cfm_slow" waiting="0.00" lane="top_0" pos="31.49" speed="21.14" angle="217.79" x="9.11" y="99.54"/>
        <vehicle id="cfm_slow_4" eclass="HBEFA3/PC_G_EU4" CO2="78519.40" CO="1540.37" HC="8.96" NOx="36.48" PMx="2.00" fuel="33.75" electricity="0.00" noise="125.13" route="routeleft" type="cfm_slow" waiting="0.00" lane="left_0" pos="19.49" speed="21.14" angle="149.36" x="10.23" y="26.13"/>
    </timestep>
    <timestep time="1.56">
        <vehicle id="cfm_slow_0" eclass="HBEFA3/PC_G_EU4" CO2="79031.81" CO="1550.93" HC="9.02" NOx="36.71" PMx="2.01" fuel="33.97" electricity="0.00" noise="125.20" route="routebottom" type="cfm_slow" waiting="0.00" lane="bottom_0" pos="17.70" speed="21.27" angle="62.60" x="98.14" y="8.20"/>
        <vehicle id="cfm_slow_1" eclass="HBEFA3/PC_G_EU4" CO2="79031.81" CO="1550.93" HC="9.02" NOx="36.71" PMx="2.01" fuel="33.97" electricity="0.00" noise="125.20" route="routebottom" type="cfm_slow" waiting="0.00" lane="right_0" pos="5.70" speed="21.27" angle="354.25" x="127.92" y="75.31"/>
        <vehicle id="cfm_slow_2" eclass="HBEFA3/PC_G_EU4" CO2="79031.81" CO="1550.93" HC="9.02" NOx="36.71" PMx="2.01" fuel="33.97" electricity="0.00" noise="125.20" route="routeright" type="cfm_slow" waiting="0.00" lane="right_0" pos="43.70" speed="21.27" angle="285.94" x="76.53" y="127.70"/>
        <vehicle id="cfm_slow_3" eclass="HBEFA3/PC_G_EU4" CO2="79031.81" CO="1550.93" HC="9.02" NOx="36.71" PMx="2.01" fuel="33.97" electricity="0.00" noise="125.20" route="routetop" type="cfm_slow" waiting="0.00" lane="top_0" pos="31.70" speed="21.27" angle="217.41" x="8.86" y="99.18"/>
        <vehicle id="cfm_slow_4" eclass="HBEFA3/PC_G_EU4" CO2="79031.81" CO="1550.93" HC="9.02" NOx="36.71" PMx="2.01" fuel="33.97" electricity="0.00" noise="125.20" route="routeleft" type="cfm_slow" waiting="0.00" lane="left_0" pos="19.70" speed="21.27" angle="148.97" x="10.48" y="25.78"/>
    </timestep>
    <timestep time="1.57">
        <vehicle id="cfm_slow_0" eclass="HBEFA3/PC_G_EU4" CO2="79544.52" CO="1561.51" HC="9.08" NOx="36.95" PMx="2.03" fuel="34.19" electricity="0.00" noise="125.26" route="routebottom" type="cfm_slow" waiting="0.00" lane="bottom_0" pos="17.91" speed="21.41" angle="62.24" x="98.51" y="8.43"/>
        <vehicle id="cfm_slow_1" eclass="HBEFA3/PC_G_EU4" CO2="79544.52" CO="1561.51" HC="9.08" NOx="36.95" PMx="2.03" fuel="34.19" electricity="0.00" noise="125.26" route="routebottom" type="cfm_slow" waiting="0.00" lane="right_0" pos="5.91" speed="21.41" angle="353.85" x="127.84" y="75.74"/>
        <vehicle id="cfm_slow_2" eclass="HBEFA3/PC_G_EU4" CO2="79544.52" CO="1561.51" HC="9.08" NOx="36.95" PMx="2.03" fuel="34.19" electricity="0.00" noise="125.26" route="routeright" type="cfm_slow" waiting="0.00" lane="right_0" pos="43.91" speed="21.41" angle="285.53" x="76.09" y="127.77"/>
        <vehicle id="cfm_slow_3" eclass="HBEFA3/PC_G_EU4" CO2="79544.52" CO="1561.51" HC="9.08" NOx="36.95" PMx="2.03" fuel="34.19" electricity="0.00" noise="125.26" route="routetop" type="cfm_slow" waiting="0.00" lane="top_0" pos="31.91" speed="21.41" angle="217.02" x="8.62" y="98.81"/>
        <vehicle id="cfm_slow_4" eclass="HBEFA3/PC_G_EU4" CO2="79544.52" CO="1561.51" HC="9.08" NOx="36.95" PMx="2.03" fuel="34.19" electricity="0.00" noise="125.26" route="routeleft" type="cfm_slow" waiting="0.00" lane="left_0" pos="19.91" speed="21.41" angle="148.58" x="10.74" y="25.42"/>
    </timestep>
    <timestep time="1.58">
        <vehicle id="cfm_slow_0" eclass="HBEFA3/PC_G_EU4" CO2="80057.52" CO="1572.11" HC="9.15" NOx="37.19" PMx="2.04" fuel="34.41" electricity="0.00" noise="125.32" route="routebottom" type="cfm_slow" waiting="0.00" lane="bottom_0" pos="18.13" speed="21.55" angle="61.85" x="98.88" y="8.67"/>
        <vehicle id="cfm_slow_1" eclass="HBEFA3/PC_G_EU4" CO2="80057.52" CO="1572.11" HC="9.15" NOx="37.19" PMx="2.04" fuel="34.41" electricity="0.00" noise="125.32" route="routebottom" type="cfm_slow" waiting="0.00" lane="right_0" pos="6.13" speed="21.55" angle="353.46" x="127.76" y="76.18"/>
        <vehicle id="cfm_slow_2" eclass="HBEFA3/PC_G_EU4" CO2="80057.52" CO="1572.11" HC="9.15" NOx="37.19" PMx="2.04" fuel="34.41" electricity="0.00" noise="125.32" route="routeright" type="cfm_slow" waiting="0.00" lane="right_0" pos="44.13" speed="21.55" angle="285.11" x="75.66" y="127.85"/>
        <vehicle id="cfm_slow_3" eclass="HBEFA3/PC_G_EU4" CO2="80057.52" CO="1572.11" HC="9.15" NOx="37.19" PMx="2.04" fuel="34.41" electricity="0.00" noise="125.32" route="routetop" type="cfm_slow" waiting="0.00" lane="top_0" pos="32.13" speed="21.55" angle="216.70" x="8.38" y="98.44"/>
        <vehicle id="cfm_slow_4" eclass="HBEFA3/PC_G_EU4" CO2="80057.52" CO="1572.11" HC="9.15" NOx="37.19" PMx="2.04" fuel="34.41" electricity="0.00" noise="125.32" route="routeleft" type="cfm_slow" waiting="0.00" lane="left_0" pos="20.13" speed="21.55" angle="148.19" x="10.99" y="25.06"/>
    </timestep>
    <timestep time="1.59">
        <vehicle id="cfm_slow_0" eclass="HBEFA3/PC_G_EU4" CO2="80570.81" CO="1582.73" HC="9.21" NOx="37.43" PMx="2.06" fuel="34.63" electricity="0.00" noise="125.39" route="routebottom" type="cfm_slow" waiting="0.00" lane="bottom_0" pos="18.35" speed="21.68" angle="61.44" x="99.25" y="8.91"/>
        <vehicle id="cfm_slow_1" eclass="HBEFA3/PC_G_EU4" CO2="80570.81" CO="1582.73" HC="9.21" NOx="37.43" PMx="2.06" fuel="34.63" electricity="0.00" noise="125.39" route="routebottom" type="cfm_slow" waiting="0.00" lane="right_0" pos="6.35" speed="21.68" angle="353.09" x="127.68" y="76.62"/>
        <vehicle id="cfm_slow_2" eclass="HBEFA3/PC_G_EU4" CO2="80570.81" CO="1582.73" HC="9.21" NOx="37.43" PMx="2.06" fuel="34.63" electricity="0.00" noise="125.39" route="routeright" type="cfm_slow" waiting="0.00" lane="right_0" pos="44.35" speed="21.68" angle="284.69" x="75.22" y="127.93"/>
        <vehicle id="cfm_slow_3" eclass="HBEFA3/PC_G_EU4" CO2="80570.81" CO="1582.73" HC="9.21" NOx="37.43" PMx="2.06" fuel="34.63" electricity="0.00" noise="125.39" route="routetop" type="cfm_slow" waiting="0.00" lane="top_0" pos="32.35" speed="21.68" angle="216.30" x="8.15" y="98.06"/>
        <vehicle id="cfm_slow_4" eclass="HBEFA3/PC_G_EU4" CO2="80570.81" CO="1582.73" HC="9.21" NOx="37.43" PMx="2.06" fuel="34.63" electricity="0.00" noise="125.39" route="routeleft" type="cfm_slow" waiting="0.00" lane="left_0" pos="20.35" speed="21.68" angle="147.79" x="11.25" y="24.70"/>
    </timestep>
    <timestep time="1.60">
        <vehicle id="cfm_slow_0" eclass="HBEFA3/PC_G_EU4" CO2="81084.39" CO="1593.37" HC="9.27" NOx="37.67" PMx="2.07" fuel="34.85" electricity="0.00" noise="125.45" route="routebottom" type="cfm_slow" waiting="0.00" lane="bottom_0" pos="18.56" speed="21.82" angle="61.03" x="99.62" y="9.16"/>
        <vehicle id="cfm_slow_1" eclass="HBEFA3/PC_G_EU4" CO2="81084.39" CO="1593.37" HC="9.27" NOx="37.67" PMx="2.07" fuel="34.85" electricity="0.00" noise="125.45" route="routebottom" type="cfm_slow" waiting="0.00" lane="right_0" pos="6.56" speed="21.82" angle="352.70" x="127.58" y="77.05"/>
        <vehicle id="cfm_slow_2" eclass="HBEFA3/PC_G_EU4" CO2="81084.39" CO="1593.37" HC="9.27" NOx="37.67" PMx="2.07" fuel="34.85" electricity="0.00" noise="125.45" route="routeright" type="cfm_slow" waiting="0.00" lane="right_0" pos="44.56" speed="21.82" angle="284.26" x="74.78" y="128.01"/>
        <vehicle id="cfm_slow_3" eclass="HBEFA3/PC_G_EU4" CO2="81084.39" CO="1593.37" HC="9.27" NOx="37.67" PMx="2.07" fuel="34.85" electricity="0.00" noise="125.45" route="routetop" type="cfm_slow" waiting="0.00" lane="top_0" pos="32.56" speed="21.82" angle="215.91" x="7.92" y="97.68"/>
        <vehicle id="cfm_slow_4" eclass="HBEFA3/PC_G_EU4" CO2="81084.39" CO="1593.37" HC="9.27" NOx="37.67" PMx="2.07" fuel="34.85" electricity="0.00" noise="125.45" route="routeleft" type="cfm_slow" waiting="0.00" lane="left_0" pos="20.56" speed="21.82" angle="147.46" x="11.52" y="24.34"/>
    </timestep>
    <timestep time="1.61">
        <vehicle id="cfm_slow_0" eclass="HBEFA3/PC_G_EU4" CO2="81598.27" CO="1604.03" HC="9.33" NOx="37.91" PMx="2.08" fuel="35.07" electricity="0.00" noise="125.52" route="routebottom" type="cfm_slow" waiting="0.00" lane="bottom_0" pos="18.78" speed="21.95" angle="60.61" x="100.00" y="9.41"/>
        <vehicle id="cfm_slow_1" eclass="HBEFA3/PC_G_EU4" CO2="81598.27" CO="1604.03" HC="9.33" NOx="37.91" PMx="2.08" fuel="35.07" electricity="0.00" noise="125.52" route="routebottom" type="cfm_slow" waiting="0.00" lane="right_0" pos="6.78" speed="21.95" angle="352.28" x="127.48" y="77.49"/>
        <vehicle id="cfm_slow_2" eclass="HBEFA3/PC_G_EU4" CO2="81598.27" CO="1604.03" HC="9.33" NOx="37.91" PMx="2.08" fuel="35.07" electricity="0.00" noise="125.52" route="routeright" type="cfm_slow" waiting="0.00" lane="right_0" pos="44.78" speed="21.95" angle="283.86" x="74.34" y="128.09"/>
        <vehicle id="cfm_slow_3" eclass="HBEFA3/PC_G_EU4" CO2="81598.27" CO="1604.03" HC="9.33" NOx="37.91" PMx="2.08" fuel="35.07" electricity="0.00" noise="125.52" route="routetop" type="cfm_slow" waiting="0.00" lane="top_0" pos="32.78" speed="21.95" angle="215.51" x="7.69" y="97.29"/>
        <vehicle id="cfm_slow_4" eclass="HBEFA3/PC_G_EU4" CO2="81598.27" CO="1604.03" HC="9.33" NOx="37.91" PMx="2.08" fuel="35.07" electricity="0.00" noise="125.52" route="routeleft" type="cfm_slow" waiting="0.00" lane="left_0" pos="20.78" speed="21.95" angle="147.06" x="11.80" y="23.99"/>
    </timestep>
    <timestep time="1.62">
        <vehicle id="cfm_slow_0" eclass="HBEFA3/PC_G_EU4" CO2="82112.43" CO="1614.72" HC="9.39" NOx="38.15" PMx="2.10" fuel="35.30" electricity="0.00" noise="125.58" route="routebottom" type="cfm_slow" waiting="0.00" lane="bottom_0" pos="19.00" speed="22.09" angle="60.19" x="100.38" y="9.66"/>
        <vehicle id="cfm_slow_1" eclass="HBEFA3/PC_G_EU4" CO2="82112.43" CO="1614.72" HC="9.39" NOx="38.15" PMx="2.10" fuel="35.30" electricity="0.00" noise="125.58" route="routebottom" type="cfm_slow" waiting="0.00" lane="right_0" pos="7.00" speed="22.09" angle="351.85" x="127.38" y="77.93"/>
        <vehicle id="cfm_slow_2" eclass="HBEFA3/PC_G_EU4" CO2="82112.43" CO="1614.72" HC="9.39" NOx="38.15" PMx="2.10" fuel="35.30" electricity="0.00" noise="125.58" route="routeright" type="cfm_slow" waiting="0.00" lane="right_0" pos="45.00" speed="22.09" angle="283.50" x="73.89" y="128.17"/>
        <vehicle id="cfm_slow_3" eclass="HBEFA3/PC_G_EU4" CO2="82112.43" CO="1614.72" HC="9.39" NOx="38.15" PMx="2.10" fuel="35.30" electricity="0.00" noise="125.58" route="routetop" type="cfm_slow" waiting="0.00" lane="top_0" pos="33.00" speed="22.09" angle="215.11" x="7.45" y="96.90"/>
        <vehicle id="cfm_slow_4" eclass="HBEFA3/PC_G_EU4" CO2="82112.43" CO="1614.72" HC="9.39" NOx="38.15" PMx="2.10" fuel="35.30" electricity="0.00" noise="125.58" route="routeleft" type="cfm_slow" waiting="0.00" lane="left_0" pos="21.00" speed="22.09" angle="146.66" x="12.08" y="23.63"/>
    </timestep>
    <timestep time="1.63">
        <vehicle id="cfm_slow_0" eclass="HBEFA3/PC_G_EU4" CO2="82626.89" CO="1625.42" HC="9.45" NOx="38.39" PMx="2.11" fuel="35.52" electricity="0.00" noise="125.65" route="routebottom" type="cfm_slow" waiting="0.00" lane="bottom_0" pos="19.23" speed="22.23" angle="59.83" x="100.75" y="9.92"/>
        <vehicle id="cfm_slow_1" eclass="HBEFA3/PC_G_EU4" CO2="82626.89" CO="1625.42" HC="9.45" NOx="38.39" PMx="2.11" fuel="35.52" electricity="0.00" noise="125.65" route="routebottom" type="cfm_slow" waiting="0.00" lane="right_0" pos="7.23" speed="22.23" angle="351.43" x="127.28" y="78.38"/>
        <vehicle id="cfm_slow_2" eclass="HBEFA3/PC_G_EU4" CO2="82626.89" CO="1625.42" HC="9.45" NOx="38.39" PMx="2.11" fuel="35.52" electricity="0.00" noise="125.65" route="routeright" type="cfm_slow" waiting="0.00" lane="right_0" pos="45.23" speed="22.23" angle="283.09" x="73.44" y="128.23"/>
        <vehicle id="cfm_slow_3" eclass="HBEFA3/PC_G_EU4" CO2="82626.89" CO="1625.42" HC="9.45" NOx="38.39" PMx="2.11" fuel="35.52" electricity="0.00" noise="125.65" route="routetop" type="cfm_slow" waiting="0.00" lane="top_0" pos="33.23" speed="22.23" angle="214.71" x="7.22" y="96.51"/>
        <vehicle id="cfm_slow_4" eclass="HBEFA3/PC_G_EU4" CO2="82626.89" CO="1625.42" HC="9.45" NOx="38.39" PMx="2.11" fuel="35.52" electricity="0.00" noise="125.65" route="routeleft" type="cfm_slow" waiting="0.00" lane="left_0" pos="21.23" speed="22.23" angle="146.26" x="12.36" y="23.27"/>
    </timestep>
    <timestep time="1.64">
        <vehicle id="cfm_slow_0" eclass="HBEFA3/PC_G_EU4" CO2="83141.64" CO="1636.15" HC="9.51" NOx="38.63" PMx="2.12" fuel="35.74" electricity="0.00" noise="125.71" route="routebottom" type="cfm_slow" waiting="0.00" lane="bottom_0" pos="19.45" speed="22.36" angle="59.43" x="101.13" y="10.18"/>
        <vehicle id="cfm_slow_1" eclass="HBEFA3/PC_G_EU4" CO2="83141.64" CO="1636.15" HC="9.51" NOx="38.63" PMx="2.12" fuel="35.74" electricity="0.00" noise="125.71" route="routebottom" type="cfm_slow" waiting="0.00" lane="right_0" pos="7.45" speed="22.36" angle="351.00" x="127.18" y="78.83"/>
        <vehicle id="cfm_slow_2" eclass="HBEFA3/PC_G_EU4" CO2="83141.64" CO="1636.15" HC="9.51" NOx="38.63" PMx="2.12" fuel="35.74" electricity="0.00" noise="125.71" route="routeright" type="cfm_slow" waiting="0.00" lane="right_0" pos="45.45" speed="22.36" angle="282.68" x="72.99" y="128.29"/>
        <vehicle id="cfm_slow_3" eclass="HBEFA3/PC_G_EU4" CO2="83141.64" CO="1636.15" HC="9.51" NOx="38.63" PMx="2.12" fuel="35.74" electricity="0.00" noise="125.71" route="routetop" type="cfm_slow" waiting="0.00" lane="top_0" pos="33.45" speed="22.36" angle="214.35" x="6.99" y="96.12"/>
        <vehicle id="cfm_slow_4" eclass="HBEFA3/PC_G_EU4" CO2="83141.64" CO="1636.15" HC="9.51" NOx="38.63" PMx="2.12" fuel="35.74" electricity="0.00" noise="125.71" route="routeleft" type="cfm_slow" waiting="0.00" lane="left_0" pos="21.45" speed="22.36" angle="145.86" x="12.64" y="22.91"/>
    </timestep>
    <timestep time="1.65">
        <vehicle id="cfm_slow_0" eclass="HBEFA3/PC_G_EU4" CO2="83656.68" CO="1646.90" HC="9.58" NOx="38.87" PMx="2.14" fuel="35.96" electricity="0.00" noise="125.77" route="routebottom" type="cfm_slow" waiting="0.00" lane="bottom_0" pos="19.68" speed="22.50" angle="59.02" x="101.50" y="10.45"/>
        <vehicle id="cfm_slow_1" eclass="HBEFA3/PC_G_EU4" CO2="83656.68" CO="1646.90" HC="9.58" NOx="38.87" PMx="2.14" fuel="35.96" electricity="0.00" noise="125.77" route="routebottom" type="cfm_slow" waiting="0.00" lane="right_0" pos="7.68" speed="22.50" angle="350.63" x="127.08" y="79.28"/>
        <vehicle id="cfm_slow_2" eclass="HBEFA3/PC_G_EU4" CO2="83656.68" CO="1646.90" HC="9.58" NOx="38.87" PMx="2.14" fuel="35.96" electricity="0.00" noise="125.77" route="routeright" type="cfm_slow" waiting="0.00" lane="right_0" pos="45.68" speed="22.50" angle="282.27" x="72.53" y="128.36"/>
        <vehicle id="cfm_slow_3" eclass="HBEFA3/PC_G_EU4" CO2="83656.68" CO="1646.90" HC="9.58" NOx="38.87" PMx="2.14" fuel="35.96" electricity="0.00" noise="125.77" route="routetop" type="cfm_slow" waiting="0.00" lane="top_0" pos="33.68" speed="22.50" angle="213.94" x="6.76" y="95.71"/>
        <vehicle id="cfm_slow_4" eclass="HBEFA3/PC_G_EU4" CO2="83656.68" CO="1646.90" HC="9.58" NOx="38.87" PMx="2.14" fuel="35.96" electricity="0.00" noise="125.77" route="routeleft" type="cfm_slow" waiting="0.00" lane="left_0" pos="21.68" speed="22.50" angle="145.46" x="12.92" y="22.55"/>
    </timestep>
    <timestep time="1.66">
        <vehicle id="cfm_slow_0" eclass="HBEFA3/PC_G_EU4" CO2="84172.02" CO="1657.67" HC="9.64" NOx="39.11" PMx="2.15" fuel="36.18" electricity="0.00" noise="125.84" route="routebottom" type="cfm_slow" waiting="0.00" lane="bottom_0" pos="19.90" speed="22.64" angle="58.60" x="101.88" y="10.72"/>
        <vehicle id="cfm_slow_1" eclass="HBEFA3/PC_G_EU4" CO2="84172.02" CO="1657.67" HC="9.64" NOx="39.11" PMx="2.15" fuel="36.18" electricity="0.00" noise="125.84" route="routebottom" type="cfm_slow" waiting="0.00" lane="right_0" pos="7.90" speed="22.64" angle="350.23" x="126.96" y="79.72"/>
        <vehicle id="cfm_slow_2" eclass="HBEFA3/PC_G_EU4" CO2="84172.02" CO="1657.67" HC="9.64" NOx="39.11" PMx="2.15" fuel="36.18" electricity="0.00" noise="125.84" route="routeright" type="cfm_slow" waiting="0.00" lane="right_0" pos="45.90" speed="22.64" angle="281.86" x="72.07" y="128.42"/>
        <vehicle id="cfm_slow_3" eclass="HBEFA3/PC_G_EU4" CO2="84172.02" CO="1657.67" HC="9.64" NOx="39.11" PMx="2.15" fuel="36.18" electricity="0.00" noise="125.84" route="routetop" type="cfm_slow" waiting="0.00" lane="top_0" pos="33.90" speed="22.64" angle="213.52" x="6.54" y="95.31"/>
        <vehicle id="cfm_slow_4" eclass="HBEFA3/PC_G_EU4" CO2="84172.02" CO="1657.67" HC="9.64" NOx="39.11" PMx="2.15" fuel="36.18" electricity="0.00" noise="125.84" route="routeleft" type="cfm_slow" waiting="0.00" lane="left_0" pos="21.90" speed="22.64" angle="145.09" x="13.22" y="22.19"/>
    </timestep>
    <timestep time="1.67">
        <vehicle id="cfm_slow_0" eclass="HBEFA3/PC_G_EU4" CO2="84687.64" CO="1668.46" HC="9.70" NOx="39.35" PMx="2.16" fuel="36.40" electricity="0.00" noise="125.90" route="routebottom" type="cfm_slow" waiting="0.00" lane="bottom_0" pos="20.13" speed="22.77" angle="58.19" x="102.26" y="11.00"/>
        <vehicle id="cfm_slow_1" eclass="HBEFA3/PC_G_EU4" CO2="84687.64" CO="1668.46" HC="9.70" NOx="39.35" PMx="2.16" fuel="36.40" electricity="0.00" noise="125.90" route="routebottom" type="cfm_slow" waiting="0.00" lane="right_0" pos="8.13" speed="22.77" angle="349.82" x="126.84" y="80.18"/>
        <vehicle id="cfm_slow_2" eclass="HBEFA3/PC_G_EU4" CO2="84687.64" CO="1668.46" HC="9.70" NOx="39.35" PMx="2.16" fuel="36.40" electricity="0.00" noise="125.90" route="routeright" type="cfm_slow" waiting="0.00" lane="right_0" pos="46.13" speed="22.77" angle="281.49" x="71.61" y="128.49"/>
        <vehicle id="cfm_slow_3" eclass="HBEFA3/PC_G_EU4" CO2="84687.64" CO="1668.46" HC="9.70" NOx="39.35" PMx="2.16" fuel="36.40" electricity="0.00" noise="125.90" route="routetop" type="cfm_slow" waiting="0.00" lane="top_0" pos="34.13" speed="22.77" angle="213.11" x="6.31" y="94.90"/>
        <vehicle id="cfm_slow_4" eclass="HBEFA3/PC_G_EU4" CO2="84687.64" CO="1668.46" HC="9.70" NOx="39.35" PMx="2.16" fuel="36.40" electricity="0.00" noise="125.90" route="routeleft" type="cfm_slow" waiting="0.00" lane="left_0" pos="22.13" speed="22.77" angle="144.66" x="13.52" y="21.83"/>
    </timestep>
    <timestep time="1.68">
        <vehicle id="cfm_slow_0" eclass="HBEFA3/PC_G_EU4" CO2="85203.56" CO="1679.28" HC="9.76" NOx="39.59" PMx="2.18" fuel="36.62" electricity="0.00" noise="125.97" route="routebottom" type="cfm_slow" waiting="0.00" lane="bottom_0" pos="20.36" speed="22.91" angle="57.77" x="102.64" y="11.27"/>
        <vehicle id="cfm_slow_1" eclass="HBEFA3/PC_G_EU4" CO2="85203.56" CO="1679.28" HC="9.76" NOx="39.59" PMx="2.18" fuel="36.62" electricity="0.00" noise="125.97" route="routebottom" type="cfm_slow" waiting="0.00" lane="right_0" pos="8.36" speed="22.91" angle="349.41" x="126.72" y="80.63"/>
        <vehicle id="cfm_slow_2" eclass="HBEFA3/PC_G_EU4" CO2="85203.56" CO="1679.28" HC="9.76" NOx="39.59" PMx="2.18" fuel="36.62" electricity="0.00" noise="125.97" route="routeright" type="cfm_slow" waiting="0.00" lane="right_0" pos="46.36" speed="22.91" angle="281.10" x="71.14" y="128.54"/>
        <vehicle id="cfm_slow_3" eclass="HBEFA3/PC_G_EU4" CO2="85203.56" CO="1679.28" HC="9.76" NOx="39.59" PMx="2.18" fuel="36.62" electricity="0.00" noise="125.97" route="routetop" type="cfm_slow" waiting="0.00" lane="top_0" pos="34.36" speed="22.91" angle="212.69" x="6.09" y="94.49"/>
        <vehicle id="cfm_slow_4" eclass="HBEFA3/PC_G_EU4" CO2="85203.56" CO="1679.28" HC="9.76" NOx="39.59" PMx="2.18" fuel="36.62" electricity="0.00" noise="125.97" route="routeleft" type="cfm_slow" waiting="0.00" lane="left_0" pos="22.36" speed="22.91" angle="144.23" x="13.82" y="21.47"/>
    </timestep>
    <timestep time="1.69">
        <vehicle id="cfm_slow_0" eclass="HBEFA3/PC_G_EU4" CO2="85719.77" CO="1690.11" HC="9.82" NOx="39.83" PMx="2.19" fuel="36.85" electricity="0.00" noise="126.03" route="routebottom" type="cfm_slow" waiting="0.00" lane="bottom_0" pos="20.59" speed="23.05" angle="57.41" x="103.02" y="11.55"/>
        <vehicle id="cfm_slow_1" eclass="HBEFA3/PC_G_EU4" CO2="85719.77" CO="1690.11" HC="9.82" NOx="39.83" PMx="2.19" fuel="36.85" electricity="0.00" noise="126.03" route="routebottom" type="cfm_slow" waiting="0.00" lane="right_0" pos="8.59" speed="23.05" angle="349.00" x="126.60" y="81.09"/>
        <vehicle id="cfm_slow_2" eclass="HBEFA3/PC_G_EU4" CO2="85719.77" CO="1690.11" HC="9.82" NOx="39.83" PMx="2.19" fuel="36.85" electricity="0.00" noise="126.03" route="routeright" type="cfm_slow" waiting="0.00" lane="right_0" pos="46.59" speed="23.05" angle="280.68" x="70.67" y="128.59"/>
        <vehicle id="cfm_slow_3" eclass="HBEFA3/PC_G_EU4" CO2="85719.77" CO="1690.11" HC="9.82" NOx="39.83" PMx="2.19" fuel="36.85" electricity="0.00" noise="126.03" route="routetop" type="cfm_slow" waiting="0.00" lane="top_0" pos="34.59" speed="23.05" angle="212.31" x="5.86" y="94.07"/>
        <vehicle id="cfm_slow_4" eclass="HBEFA3/PC_G_EU4" CO2="85719.77" CO="1690.11" HC="9.82" NOx="39.83" PMx="2.19" fuel="36.85" electricity="0.00" noise="126.03" route="routeleft" type="cfm_slow" waiting="0.00" lane="left_0" pos="22.59" speed="23.05" angle="143.80" x="14.13" y="21.11"/>
    </timestep>
    <timestep time="1.70">
        <vehicle id="cfm_slow_0" eclass="HBEFA3/PC_G_EU4" CO2="86236.27" CO="1700.97" HC="9.89" NOx="40.07" PMx="2.21" fuel="37.07" electricity="0.00" noise="126.10" route="routebottom" type="cfm_slow" waiting="0.00" lane="bottom_0" pos="20.82" speed="23.18" angle="56.98" x="103.39" y="11.84"/>
        <vehicle id="cfm_slow_1" eclass="HBEFA3/PC_G_EU4" CO2="86236.27" CO="1700.97" HC="9.89" NOx="40.07" PMx="2.21" fuel="37.07" electricity="0.00" noise="126.10" route="routebottom" type="cfm_slow" waiting="0.00" lane="right_0" pos="8.82" speed="23.18" angle="348.58" x="126.48" y="81.55"/>
        <vehicle id="cfm_slow_2" eclass="HBEFA3/PC_G_EU4" CO2="86236.27" CO="1700.97" HC="9.89" NOx="40.07" PMx="2.21" fuel="37.07" electricity="0.00" noise="126.10" route="routeright" type="cfm_slow" waiting="0.00" lane="right_0" pos="46.82" speed="23.18" angle="280.27" x="70.20" y="128.64"/>
        <vehicle id="cfm_slow_3" eclass="HBEFA3/PC_G_EU4" CO2="86236.27" CO="1700.97" HC="9.89" NOx="40.07" PMx="2.21" fuel="37.07" electricity="0.00" noise="126.10" route="routetop" type="cfm_slow" waiting="0.00" lane="top_0" pos="34.82" speed="23.18" angle="211.90" x="5.64" y="93.65"/>
        <vehicle id="cfm_slow_4" eclass="HBEFA3/PC_G_EU4" CO2="86236.27" CO="1700.97" HC="9.89" NOx="40.07" PMx="2.21" fuel="37.07" electricity="0.00" noise="126.10" route="routeleft" type="cfm_slow" waiting="0.00" lane="left_0" pos="22.82" speed="23.18" angle="143.37" x="14.44" y="20.75"/>
    </timestep>
    <timestep time="1.71">
        <vehicle id="cfm_slow_0" eclass="HBEFA3/PC_G_EU4" CO2="86753.07" CO="1711.85" HC="9.95" NOx="40.31" PMx="2.22" fuel="37.29" electricity="0.00" noise="126.16" route="routebottom" type="cfm_slow" waiting="0.00" lane="bottom_0" pos="21.05" speed="23.32" angle="56.56" x="103.77" y="12.14"/>
        <vehicle id="cfm_slow_1" eclass="HBEFA3/PC_G_EU4" CO2="86753.07" CO="1711.85" HC="9.95" NOx="40.31" PMx="2.22" fuel="37.29" electricity="0.00" noise="126.16" route="routebottom" type="cfm_slow" waiting="0.00" lane="right_0" pos="9.05" speed="23.32" angle="348.22" x="126.35" y="82.01"/>
        <vehicle id="cfm_slow_2" eclass="HBEFA3/PC_G_EU4" CO2="86753.07" CO="1711.85" HC="9.95" NOx="40.31" PMx="2.22" fuel="37.29" electricity="0.00" noise="126.16" route="routeright" type="cfm_slow" waiting="0.00" lane="right_0" pos="47.05" speed="23.32" angle="279.85" x="69.72" y="128.69"/>
        <vehicle id="cfm_slow_3" eclass="HBEFA3/PC_G_EU4" CO2="86753.07" CO="1711.85" HC="9.95" NOx="40.31" PMx="2.22" fuel="37.29" electricity="0.00" noise="126.16" route="routetop" type="cfm_slow" waiting="0.00" lane="top_0" pos="35.05" speed="23.32" angle="211.48" x="5.43" y="93.22"/>
        <vehicle id="cfm_slow_4" eclass="HBEFA3/PC_G_EU4" CO2="86753.07" CO="1711.85" HC="9.95" NOx="40.31" PMx="2.22" fuel="37.29" electricity="0.00" noise="126.16" route="routeleft" type="cfm_slow" waiting="0.00" lane="left_0" pos="23.05" speed="23.32" angle="142.99" x="14.75" y="20.39"/>
    </timestep>
    <timestep time="1.72">
        <vehicle id="cfm_slow_0" eclass="HBEFA3/PC_G_EU4" CO2="87270.15" CO="1722.75" HC="10.01" NOx="40.55" PMx="2.23" fuel="37.51" electricity="0.00" noise="126.22" route="routebottom" type="cfm_slow" waiting="0.00" lane="bottom_0" pos="21.29" speed="23.45" angle="56.13" x="104.15" y="12.44"/>
        <vehicle id="cfm_slow_1" eclass="HBEFA3/PC_G_EU4" CO2="87270.15" CO="1722.75" HC="10.01" NOx="40.55" PMx="2.23" fuel="37.51" electricity="0.00" noise="126.22" route="routebottom" type="cfm_slow" waiting="0.00" lane="right_0" pos="9.29" speed="23.45" angle="347.79" x="126.20" y="82.47"/>
        <vehicle id="cfm_slow_2" eclass="HBEFA3/PC_G_EU4" CO2="87270.15" CO="1722.75" HC="10.01" NOx="40.55" PMx="2.23" fuel="37.51" electricity="0.00" noise="126.22" route="routeright" type="cfm_slow" waiting="0.00" lane="right_0" pos="47.29" speed="23.45" angle="279.43" x="69.24" y="128.74"/>
        <vehicle id="cfm_slow_3" eclass="HBEFA3/PC_G_EU4" CO2="87270.15" CO="1722.75" HC="10.01" NOx="40.55" PMx="2.23" fuel="37.51" electricity="0.00" noise="126.22" route="routetop" type="cfm_slow" waiting="0.00" lane="top_0" pos="35.29" speed="23.45" angle="211.05" x="5.21" y="92.79"/>
        <vehicle id="cfm_slow_4" eclass="HBEFA3/PC_G_EU4" CO2="87270.15" CO="1722.75" HC="10.01" NOx="40.55" PMx="2.23" fuel="37.51" electricity="0.00" noise="126.22" route="routeleft" type="cfm_slow" waiting="0.00" lane="left_0" pos="23.29" speed="23.45" angle="142.58" x="15.07" y="20.03"/>
    </timestep>
    <timestep time="1.73">
        <vehicle id="cfm_slow_0" eclass="HBEFA3/PC_G_EU4" CO2="87787.53" CO="1733.67" HC="10.08" NOx="40.79" PMx="2.25" fuel="37.74" electricity="0.00" noise="126.29" route="routebottom" type="cfm_slow" waiting="0.00" lane="bottom_0" pos="21.52" speed="23.59" angle="55.70" x="104.53" y="12.73"/>
        <vehicle id="cfm_slow_1" eclass="HBEFA3/PC_G_EU4" CO2="87787.53" CO="1733.67" HC="10.08" NOx="40.79" PMx="2.25" fuel="37.74" electricity="0.00" noise="126.29" route="routebottom" type="cfm_slow" waiting="0.00" lane="right_0" pos="9.52" speed="23.59" angle="347.36" x="126.06" y="82.93"/>
        <vehicle id="cfm_slow_2" eclass="HBEFA3/PC_G_EU4" CO2="87787.53" CO="1733.67" HC="10.08" NOx="40.79" PMx="2.25" fuel="37.74" electricity="0.00" noise="126.29" route="routeright" type="cfm_slow" waiting="0.00" lane="right_0" pos="47.52" speed="23.59" angle="279.05" x="68.76" y="128.78"/>
        <vehicle id="cfm_slow_3" eclass="HBEFA3/PC_G_EU4" CO2="87787.53" CO="1733.67" HC="10.08" NOx="40.79" PMx="2.25" fuel="37.74" electricity="0.00" noise="126.29" route="routetop" type="cfm_slow" waiting="0.00" lane="top_0" pos="35.52" speed="23.59" angle="210.62" x="5.00" y="92.36"/>
        <vehicle id="cfm_slow_4" eclass="HBEFA3/PC_G_EU4" CO2="87787.53" CO="1733.67" HC="10.08" NOx="40.79" PMx="2.25" fuel="37.74" electricity="0.00" noise="126.29" route="routeleft" type="cfm_slow" waiting="0.00" lane="left_0" pos="23.52" speed="23.59" angle="142.15" x="15.40" y="19.68"/>
    </timestep>
    <timestep time="1.74">
        <vehicle id="cfm_slow_0" eclass="HBEFA3/PC_G_EU4" CO2="88305.20" CO="1744.62" HC="10.14" NOx="41.03" PMx="2.26" fuel="37.96" electricity="0.00" noise="126.35" route="routebottom" type="cfm_slow" waiting="0.00" lane="bottom_0" pos="21.76" speed="23.73" angle="55.31" x="104.91" y="13.03"/>
        <vehicle id="cfm_slow_1" eclass="HBEFA3/PC_G_EU4" CO2="88305.20" CO="1744.62" HC="10.14" NOx="41.03" PMx="2.26" fuel="37.96" electricity="0.00" noise="126.35" route="routebottom" type="cfm_slow" waiting="0.00" lane="right_0" pos="9.76" speed="23.73" angle="346.93" x="125.92" y="83.39"/>
        <vehicle id="cfm_slow_2" eclass="HBEFA3/PC_G_EU4" CO2="88305.20" CO="1744.62" HC="10.14" NOx="41.03" PMx="2.26" fuel="37.96" electricity="0.00" noise="126.35" route="routeright" type="cfm_slow" waiting="0.00" lane="right_0" pos="47.76" speed="23.73" angle="278.60" x="68.28" y="128.81"/>
        <vehicle id="cfm_slow_3" eclass="HBEFA3/PC_G_EU4" CO2="88305.20" CO="1744.62" HC="10.14" NOx="41.03" PMx="2.26" fuel="37.96" electricity="0.00" noise="126.35" route="routetop" type="cfm_slow" waiting="0.00" lane="top_0" pos="35.76" speed="23.73" angle="210.19" x="4.78" y="91.92"/>
        <vehicle id="cfm_slow_4" eclass="HBEFA3/PC_G_EU4" CO2="88305.20" CO="1744.62" HC="10.14" NOx="41.03" PMx="2.26" fuel="37.96" electricity="0.00" noise="126.35" route="routeleft" type="cfm_slow" waiting="0.00" lane="left_0" pos="23.76" speed="23.73" angle="141.73" x="15.73" y="19.32"/>
    </timestep>
    <timestep time="1.75">
        <vehicle id="cfm_slow_0" eclass="HBEFA3/PC_G_EU4" CO2="88823.16" CO="1755.58" HC="10.20" NOx="41.28" PMx="2.27" fuel="38.18" electricity="0.00" noise="126.42" route="routebottom" type="cfm_slow" waiting="0.00" lane="bottom_0" pos="22.00" speed="23.86" angle="54.89" x="105.29" y="13.35"/>
        <vehicle id="cfm_slow_1" eclass="HBEFA3/PC_G_EU4" CO2="88823.16" CO="1755.58" HC="10.20" NOx="41.28" PMx="2.27" fuel="38.18" electricity="0.00" noise="126.42" route="routebottom" type="cfm_slow" waiting="0.00" lane="right_0" pos="10.00" speed="23.86" angle="346.49" x="125.77" y="83.86"/>
        <vehicle id="cfm_slow_2" eclass="HBEFA3/PC_G_EU4" CO2="88823.16" CO="1755.58" HC="10.20" NOx="41.28" PMx="2.27" fuel="38.18" electricity="0.00" noise="126.42" route="routeright" type="cfm_slow" waiting="0.00" lane="right_0" pos="48.00" speed="23.86" angle="278.14" x="67.79" y="128.83"/>
        <vehicle id="cfm_slow_3" eclass="HBEFA3/PC_G_EU4" CO2="88823.16" CO="1755.58" HC="10.20" NOx="41.28" PMx="2.27" fuel="38.18" electricity="0.00" noise="126.42" route="routetop" type="cfm_slow" waiting="0.00" lane="top_0" pos="36.00" speed="23.86" angle="209.80" x="4.57" y="91.48"/>
        <vehicle id="cfm_slow_4" eclass="HBEFA3/PC_G_EU4" CO2="88823.16" CO="1755.58" HC="10.20" NOx="41.28" PMx="2.27" fuel="38.18" electricity="0.00" noise="126.42" route="routeleft" type="cfm_slow" waiting="0.00" lane="left_0" pos="24.00" speed="23.86" angle="141.30" x="16.06" y="18.96"/>
    </timestep>
    <timestep time="1.76">
        <vehicle id="cfm_slow_0" eclass="HBEFA3/PC_G_EU4" CO2="89341.41" CO="1766.57" HC="10.26" NOx="41.52" PMx="2.29" fuel="38.40" electricity="0.00" noise="126.48" route="routebottom" type="cfm_slow" waiting="0.00" lane="bottom_0" pos="22.24" speed="24.00" angle="54.45" x="105.66" y="13.67"/>
        <vehicle id="cfm_slow_1" eclass="HBEFA3/PC_G_EU4" CO2="89341.41" CO="1766.57" HC="10.26" NOx="41.52" PMx="2.29" fuel="38.40" electricity="0.00" noise="126.48" route="routebottom" type="cfm_slow" waiting="0.00" lane="right_0" pos="10.24" speed="24.00" angle="346.11" x="125.63" y="84.33"/>
        <vehicle id="cfm_slow_2" eclass="HBEFA3/PC_G_EU4" CO2="89341.41" CO="1766.57" HC="10.26" NOx="41.52" PMx="2.29" fuel="38.40" electricity="0.00" noise="126.48" route="routeright" type="cfm_slow" waiting="0.00" lane="right_0" pos="48.24" speed="24.00" angle="277.68" x="67.30" y="128.86"/>
        <vehicle id="cfm_slow_3" eclass="HBEFA3/PC_G_EU4" CO2="89341.41" CO="1766.57" HC="10.26" NOx="41.52" PMx="2.29" fuel="38.40" electricity="0.00" noise="126.48" route="routetop" type="cfm_slow" waiting="0.00" lane="top_0" pos="36.24" speed="24.00" angle="209.34" x="4.37" y="91.03"/>
        <vehicle id="cfm_slow_4" eclass="HBEFA3/PC_G_EU4" CO2="89341.41" CO="1766.57" HC="10.26" NOx="41.52" PMx="2.29" fuel="38.40" electricity="0.00" noise="126.48" route="routeleft" type="cfm_slow" waiting="0.00" lane="left_0" pos="24.24" speed="24.00" angle="140.87" x="16.40" y="18.60"/>
    </timestep>
    <timestep time="1.77">
        <vehicle id="cfm_slow_0" eclass="HBEFA3/PC_G_EU4" CO2="89859.96" CO="1777.58" HC="10.33" NOx="41.76" PMx="2.30" fuel="38.63" electricity="0.00" noise="126.55" route="routebottom" type="cfm_slow" waiting="0.00" lane="bottom_0" pos="22.48" speed="24.14" angle="54.01" x="106.04" y="13.99"/>
        <vehicle id="cfm_slow_1" eclass="HBEFA3/PC_G_EU4" CO2="89859.96" CO="1777.58" HC="10.33" NOx="41.76" PMx="2.30" fuel="38.63" electricity="0.00" noise="126.55" route="routebottom" type="cfm_slow" waiting="0.00" lane="right_0" pos="10.48" speed="24.14" angle="345.65" x="125.46" y="84.80"/>
        <vehicle id="cfm_slow_2" eclass="HBEFA3/PC_G_EU4" CO2="89859.96" CO="1777.58" HC="10.33" NOx="41.76" PMx="2.30" fuel="38.63" electricity="0.00" noise="126.55" route="routeright" type="cfm_slow" waiting="0.00" lane="right_0" pos="48.48" speed="24.14" angle="277.22" x="66.80" y="128.89"/>
        <vehicle id="cfm_slow_3" eclass="HBEFA3/PC_G_EU4" CO2="89859.96" CO="1777.58" HC="10.33" NOx="41.76" PMx="2.30" fuel="38.63" electricity="0.00" noise="126.55" route="routetop" type="cfm_slow" waiting="0.00" lane="top_0" pos="36.48" speed="24.14" angle="208.89" x="4.16" y="90.58"/>
        <vehicle id="cfm_slow_4" eclass="HBEFA3/PC_G_EU4" CO2="89859.96" CO="1777.58" HC="10.33" NOx="41.76" PMx="2.30" fuel="38.63" electricity="0.00" noise="126.55" route="routeleft" type="cfm_slow" waiting="0.00" lane="left_0" pos="24.48" speed="24.14" angle="140.48" x="16.74" y="18.24"/>
    </timestep>
    <timestep time="1.78">
        <vehicle id="cfm_slow_0" eclass="HBEFA3/PC_G_EU4" CO2="90378.80" CO="1788.61" HC="10.39" NOx="42.00" PMx="2.32" fuel="38.85" electricity="0.00" noise="126.61" route="routebottom" type="cfm_slow" waiting="0.00" lane="bottom_0" pos="22.72" speed="24.27" angle="53.57" x="106.42" y="14.31"/>
        <vehicle id="cfm_slow_1" eclass="HBEFA3/PC_G_EU4" CO2="90378.80" CO="1788.61" HC="10.39" NOx="42.00" PMx="2.32" fuel="38.85" electricity="0.00" noise="126.61" route="routebottom" type="cfm_slow" waiting="0.00" lane="right_0" pos="10.72" speed="24.27" angle="345.18" x="125.29" y="85.26"/>
        <vehicle id="cfm_slow_2" eclass="HBEFA3/PC_G_EU4" CO2="90378.80" CO="1788.61" HC="10.39" NOx="42.00" PMx="2.32" fuel="38.85" electricity="0.00" noise="126.61" route="routeright" type="cfm_slow" waiting="0.00" lane="right_0" pos="48.72" speed="24.27" angle="276.81" x="66.31" y="128.92"/>
        <vehicle id="cfm_slow_3" eclass="HBEFA3/PC_G_EU4" CO2="90378.80" CO="1788.61" HC="10.39" NOx="42.00" PMx="2.32" fuel="38.85" electricity="0.00" noise="126.61" route="routetop" type="cfm_slow" waiting="0.00" lane="top_0" pos="36.72" speed="24.27" angle="208.43" x="3.96" y="90.13"/>
        <vehicle id="cfm_slow_4" eclass="HBEFA3/PC_G_EU4" CO2="90378.80" CO="1788.61" HC="10.39" NOx="42.00" PMx="2.32" fuel="38.85" electricity="0.00" noise="126.61" route="routeleft" type="cfm_slow" waiting="0.00" lane="left_0" pos="24.72" speed="24.27" angle="140.02" x="17.09" y="17.89"/>
    </timestep>
    <timestep time="1.79">
        <vehicle id="cfm_slow_0" eclass="HBEFA3/PC_G_EU4" CO2="90897.93" CO="1799.66" HC="10.45" NOx="42.24" PMx="2.33" fuel="39.07" electricity="0.00" noise="126.68" route="routebottom" type="cfm_slow" waiting="0.00" lane="bottom_0" pos="22.97" speed="24.41" angle="53.14" x="106.80" y="14.63"/>
        <vehicle id="cfm_slow_1" eclass="HBEFA3/PC_G_EU4" CO2="90897.93" CO="1799.66" HC="10.45" NOx="42.24" PMx="2.33" fuel="39.07" electricity="0.00" noise="126.68" route="routebottom" type="cfm_slow" waiting="0.00" lane="right_0" pos="10.97" speed="24.41" angle="344.70" x="125.12" y="85.73"/>
        <vehicle id="cfm_slow_2" eclass="HBEFA3/PC_G_EU4" CO2="90897.93" CO="1799.66" HC="10.45" NOx="42.24" PMx="2.33" fuel="39.07" electricity="0.00" noise="126.68" route="routeright" type="cfm_slow" waiting="0.00" lane="right_0" pos="48.97" speed="24.41" angle="276.36" x="65.81" y="128.93"/>
        <vehicle id="cfm_slow_3" eclass="HBEFA3/PC_G_EU4" CO2="90897.93" CO="1799.66" HC="10.45" NOx="42.24" PMx="2.33" fuel="39.07" electricity="0.00" noise="126.68" route="routetop" type="cfm_slow" waiting="0.00" lane="top_0" pos="36.97" speed="24.41" angle="207.97" x="3.75" y="89.67"/>
        <vehicle id="cfm_slow_4" eclass="HBEFA3/PC_G_EU4" CO2="90897.93" CO="1799.66" HC="10.45" NOx="42.24" PMx="2.33" fuel="39.07" electricity="0.00" noise="126.68" route="routeleft" type="cfm_slow" waiting="0.00" lane="left_0" pos="24.97" speed="24.41" angle="139.57" x="17.44" y="17.54"/>
    </timestep>
    <timestep time="1.80">
        <vehicle id="cfm_slow_0" eclass="HBEFA3/PC_G_EU4" CO2="91417.35" CO="1810.73" HC="10.52" NOx="42.48" PMx="2.34" fuel="39.30" electricity="0.00" noise="126.74" route="routebottom" type="cfm_slow" waiting="0.00" lane="bottom_0" pos="23.21" speed="24.55" angle="52.75" x="107.18" y="14.96"/>
        <vehicle id="cfm_slow_1" eclass="HBEFA3/PC_G_EU4" CO2="91417.35" CO="1810.73" HC="10.52" NOx="42.48" PMx="2.34" fuel="39.30" electricity="0.00" noise="126.74" route="routebottom" type="cfm_slow" waiting="0.00" lane="right_0" pos="11.21" speed="24.55" angle="344.23" x="124.94" y="86.21"/>
        <vehicle id="cfm_slow_2" eclass="HBEFA3/PC_G_EU4" CO2="91417.35" CO="1810.73" HC="10.52" NOx="42.48" PMx="2.34" fuel="39.30" electricity="0.00" noise="126.74" route="routeright" type="cfm_slow" waiting="0.00" lane="right_0" pos="49.21" speed="24.55" angle="275.91" x="65.30" y="128.94"/>
        <vehicle id="cfm_slow_3" eclass="HBEFA3/PC_G_EU4" CO2="91417.35" CO="1810.73" HC="10.52" NOx="42.48" PMx="2.34" fuel="39.30" electricity="0.00" noise="126.74" route="routetop" type="cfm_slow" waiting="0.00" lane="top_0" pos="37.21" speed="24.55" angle="207.57" x="3.55" y="89.21"/>
        <vehicle id="cfm_slow_4" eclass="HBEFA3/PC_G_EU4" CO2="91417.35" CO="1810.73" HC="10.52" NOx="42.48" PMx="2.34" fuel="39.30" electricity="0.00" noise="126.74" route="routeleft" type="cfm_slow" waiting="0.00" lane="left_0" pos="25.21" speed="24.55" angle="139.11" x="17.80" y="17.18"/>
    </timestep>
    <timestep time="1.81">
        <vehicle id="cfm_slow_0" eclass="HBEFA3/PC_G_EU4" CO2="91937.06" CO="1821.82" HC="10.58" NOx="42.73" PMx="2.36" fuel="39.52" electricity="0.00" noise="126.81" route="routebottom" type="cfm_slow" waiting="0.00" lane="bottom_0" pos="23.46" speed="24.68" angle="52.31" x="107.55" y="15.31"/>
        <vehicle id="cfm_slow_1" eclass="HBEFA3/PC_G_EU4" CO2="91937.06" CO="1821.82" HC="10.58" NOx="42.73" PMx="2.36" fuel="39.52" electricity="0.00" noise="126.81" route="routebottom" type="cfm_slow" waiting="0.00" lane="right_0" pos="11.46" speed="24.68" angle="343.78" x="124.77" y="86.68"/>
        <vehicle id="cfm_slow_2" eclass="HBEFA3/PC_G_EU4" CO2="91937.06" CO="1821.82" HC="10.58" NOx="42.73" PMx="2.36" fuel="39.52" electricity="0.00" noise="126.81" route="routeright" type="cfm_slow" waiting="0.00" lane="right_0" pos="49.46" speed="24.68" angle="275.46" x="64.80" y="128.95"/>
        <vehicle id="cfm_slow_3" eclass="HBEFA3/PC_G_EU4" CO2="91937.06" CO="1821.82" HC="10.58" NOx="42.73" PMx="2.36" fuel="39.52" electricity="0.00" noise="126.81" route="routetop" type="cfm_slow" waiting="0.00" lane="top_0" pos="37.46" speed="24.68" angle="207.10" x="3.36" y="88.74"/>
        <vehicle id="cfm_slow_4" eclass="HBEFA3/PC_G_EU4" CO2="91937.06" CO="1821.82" HC="10.58" NOx="42.73" PMx="2.36" fuel="39.52" electricity="0.00" noise="126.81" route="routeleft" type="cfm_slow" waiting="0.00" lane="left_0" pos="25.46" speed="24.68" angle="138.65" x="18.16" y="16.82"/>
    </timestep>
    <timestep time="1.82">
        <vehicle id="cfm_slow_0" eclass="HBEFA3/PC_G_EU4" CO2="92457.06" CO="1832.94" HC="10.64" NOx="42.97" PMx="2.37" fuel="39.74" electricity="0.00" noise="126.87" route="routebottom" type="cfm_slow" waiting="0.00" lane="bottom_0" pos="23.71" speed="24.82" angle="51.86" x="107.93" y="15.65"/>
        <vehicle id="cfm_slow_1" eclass="HBEFA3/PC_G_EU4" CO2="92457.06" CO="1832.94" HC="10.64" NOx="42.97" PMx="2.37" fuel="39.74" electricity="0.00" noise="126.87" route="routebottom" type="cfm_slow" waiting="0.00" lane="right_0" pos="11.71" speed="24.82" angle="343.37" x="124.59" y="87.16"/>
        <vehicle id="cfm_slow_2" eclass="HBEFA3/PC_G_EU4" CO2="92457.06" CO="1832.94" HC="10.64" NOx="42.97" PMx="2.37" fuel="39.74" electricity="0.00" noise="126.87" route="routeright" type="cfm_slow" waiting="0.00" lane="right_0" pos="49.71" speed="24.82" angle="275.00" x="64.29" y="128.96"/>
        <vehicle id="cfm_slow_3" eclass="HBEFA3/PC_G_EU4" CO2="92457.06" CO="1832.94" HC="10.64" NOx="42.97" PMx="2.37" fuel="39.74" electricity="0.00" noise="126.87" route="routetop" type="cfm_slow" waiting="0.00" lane="top_0" pos="37.71" speed="24.82" angle="206.63" x="3.18" y="88.27"/>
        <vehicle id="cfm_slow_4" eclass="HBEFA3/PC_G_EU4" CO2="92457.06" CO="1832.94" HC="10.64" NOx="42.97" PMx="2.37" fuel="39.74" electricity="0.00" noise="126.87" route="routeleft" type="cfm_slow" waiting="0.00" lane="left_0" pos="25.71" speed="24.82" angle="138.25" x="18.52" y="16.47"/>
    </timestep>
    <timestep time="1.83">
        <vehicle id="cfm_slow_0" eclass="HBEFA3/PC_G_EU4" CO2="92977.36" CO="1844.08" HC="10.71" NOx="43.21" PMx="2.39" fuel="39.97" electricity="0.00" noise="126.94" route="routebottom" type="cfm_slow" waiting="0.00" lane="bottom_0" pos="23.96" speed="24.95" angle="51.41" x="108.30" y="16.00"/>
        <vehicle id="cfm_slow_1" eclass="HBEFA3/PC_G_EU4" CO2="92977.36" CO="1844.08" HC="10.71" NOx="43.21" PMx="2.39" fuel="39.97" electricity="0.00" noise="126.94" route="routebottom" type="cfm_slow" waiting="0.00" lane="right_0" pos="11.96" speed="24.95" angle="342.93" x="124.40" y="87.63"/>
        <vehicle id="cfm_slow_2" eclass="HBEFA3/PC_G_EU4" CO2="92977.36" CO="1844.08" HC="10.71" NOx="43.21" PMx="2.39" fuel="39.97" electricity="0.00" noise="126.94" route="routeright" type="cfm_slow" waiting="0.00" lane="right_0" pos="49.96" speed="24.95" angle="274.57" x="63.78" y="128.97"/>
        <vehicle id="cfm_slow_3" eclass="HBEFA3/PC_G_EU4" CO2="92977.36" CO="1844.08" HC="10.71" NOx="43.21" PMx="2.39" fuel="39.97" electricity="0.00" noise="126.94" route="routetop" type="cfm_slow" waiting="0.00" lane="top_0" pos="37.96" speed="24.95" angle="206.16" x="2.99" y="87.79"/>
        <vehicle id="cfm_slow_4" eclass="HBEFA3/PC_G_EU4" CO2="92977.36" CO="1844.08" HC="10.71" NOx="43.21" PMx="2.39" fuel="39.97" electricity="0.00" noise="126.94" route="routeleft" type="cfm_slow" waiting="0.00" lane="left_0" pos="25.96" speed="24.95" angle="137.79" x="18.90" y="16.12"/>
    </timestep>
    <timestep time="1.84">
        <vehicle id="cfm_slow_0" eclass="HBEFA3/PC_G_EU4" CO2="93497.95" CO="1855.24" HC="10.77" NOx="43.45" PMx="2.40" fuel="40.19" electricity="0.00" noise="127.00" route="routebottom" type="cfm_slow" waiting="0.00" lane="bottom_0" pos="24.21" speed="25.09" angle="50.96" x="108.68" y="16.35"/>
        <vehicle id="cfm_slow_1" eclass="HBEFA3/PC_G_EU4" CO2="93497.95" CO="1855.24" HC="10.77" NOx="43.45" PMx="2.40" fuel="40.19" electricity="0.00" noise="127.00" route="routebottom" type="cfm_slow" waiting="0.00" lane="right_0" pos="12.21" speed="25.09" angle="342.49" x="124.21" y="88.11"/>
        <vehicle id="cfm_slow_2" eclass="HBEFA3/PC_G_EU4" CO2="93497.95" CO="1855.24" HC="10.77" NOx="43.45" PMx="2.40" fuel="40.19" electricity="0.00" noise="127.00" route="routetop" type="cfm_slow" waiting="0.00" lane="top_0" pos="0.21" speed="25.09" angle="274.11" x="63.20" y="128.96"/>
        <vehicle id="cfm_slow_3" eclass="HBEFA3/PC_G_EU4" CO2="93497.95" CO="1855.24" HC="10.77" NOx="43.45" PMx="2.40" fuel="40.19" electricity="0.00" noise="127.00" route="routetop" type="cfm_slow" waiting="0.00" lane="top_0" pos="38.21" speed="25.09" angle="205.68" x="2.80" y="87.31"/>
        <vehicle id="cfm_slow_4" eclass="HBEFA3/PC_G_EU4" CO2="93497.95" CO="1855.24" HC="10.77" NOx="43.45" PMx="2.40" fuel="40.19" electricity="0.00" noise="127.00" route="routeleft" type="cfm_slow" waiting="0.00" lane="left_0" pos="26.21" speed="25.09" angle="137.33" x="19.28" y="15.77"/>
    </timestep>
    <timestep time="1.85">
        <vehicle id="cfm_slow_0" eclass="HBEFA3/PC_G_EU4" CO2="94018.83" CO="1866.42" HC="10.84" NOx="43.70" PMx="2.41" fuel="40.41" electricity="0.00" noise="127.06" route="routebottom" type="cfm_slow" waiting="0.00" lane="bottom_0" pos="24.46" speed="25.23" angle="50.55" x="109.05" y="16.70"/>
        <vehicle id="cfm_slow_1" eclass="HBEFA3/PC_G_EU4" CO2="94018.83" CO="1866.42" HC="10.84" NOx="43.70" PMx="2.41" fuel="40.41" electricity="0.00" noise="127.06" route="routebottom" type="cfm_slow" waiting="0.00" lane="right_0" pos="12.46" speed="25.23" angle="342.04" x="124.02" y="88.59"/>
        <vehicle id="cfm_slow_2" eclass="HBEFA3/PC_G_EU4" CO2="94018.83" CO="1866.42" HC="10.84" NOx="43.70" PMx="2.41" fuel="40.41" electricity="0.00" noise="127.06" route="routetop" type="cfm_slow" waiting="0.00" lane="top_0" pos="0.46" speed="25.23" angle="273.65" x="62.68" y="128.95"/>
        <vehicle id="cfm_slow_3" eclass="HBEFA3/PC_G_EU4" CO2="94018.83" CO="1866.42" HC="10.84" NOx="43.70" PMx="2.41" fuel="40.41" electricity="0.00" noise="127.06" route="routetop" type="cfm_slow" waiting="0.00" lane="top_0" pos="38.46" speed="25.23" angle="205.26" x="2.61" y="86.83"/>
        <vehicle id="cfm_slow_4" eclass="HBEFA3/PC_G_EU4" CO2="94018.83" CO="1866.42" HC="10.84" NOx="43.70" PMx="2.41" fuel="40.41" electricity="0.00" noise="127.06" route="routeleft" type="cfm_slow" waiting="0.00" lane="left_0" pos="26.46" speed="25.23" angle="136.86" x="19.66" y="15.42"/>
    </timestep>
    <timestep time="1.86">
        <vehicle id="cfm_slow_0" eclass="HBEFA3/PC_G_EU4" CO2="94540.00" CO="1877.62" HC="10.90" NOx="43.94" PMx="2.43" fuel="40.64" electricity="0.00" noise="127.13" route="routebottom" type="cfm_slow" waiting="0.00" lane="bottom_0" pos="24.72" speed="25.36" angle="50.07" x="109.42" y="17.07"/>
        <vehicle id="cfm_slow_1" eclass="HBEFA3/PC_G_EU4" CO2="94540.00" CO="1877.62" HC="10.90" NOx="43.94" PMx="2.43" fuel="40.64" electricity="0.00" noise="127.13" route="routebottom" type="cfm_slow" waiting="0.00" lane="right_0" pos="12.72" speed="25.36" angle="341.61" x="123.82" y="89.07"/>
        <vehicle id="cfm_slow_2" eclass="HBEFA3/PC_G_EU4" CO2="94540.00" CO="1877.62" HC="10.90" NOx="43.94" PMx="2.43" fuel="40.64" electricity="0.00" noise="127.13" route="routetop" type="cfm_slow" waiting="0.00" lane="top_0" pos="0.72" speed="25.36" angle="273.18" x="62.16" y="128.94"/>
        <vehicle id="cfm_slow_3" eclass="HBEFA3/PC_G_EU4" CO2="94540.00" CO="1877.62" HC="10.90" NOx="43.94" PMx="2.43" fuel="40.64" electricity="0.00" noise="127.13" route="routetop" type="cfm_slow" waiting="0.00" lane="top_0" pos="38.72" speed="25.36" angle="204.80" x="2.43" y="86.34"/>
        <vehicle id="cfm_slow_4" eclass="HBEFA3/PC_G_EU4" CO2="94540.00" CO="1877.62" HC="10.90" NOx="43.94" PMx="2.43" fuel="40.64" electricity="0.00" noise="127.13" route="routeleft" type="cfm_slow" waiting="0.00" lane="left_0" pos="26.72" speed="25.36" angle="136.39" x="20.04" y="15.07"/>
    </timestep>
    <timestep time="1.87">
        <vehicle id="cfm_slow_0" eclass="HBEFA3/PC_G_EU4" CO2="95061.47" CO="1888.84" HC="10.96" NOx="44.18" PMx="2.44" fuel="40.86" electricity="0.00" noise="127.19" route="routebottom" type="cfm_slow" waiting="0.00" lane="bottom_0" pos="24.97" speed="25.50" angle="49.59" x="109.79" y="17.44"/>
        <vehicle id="cfm_slow_1" eclass="HBEFA3/PC_G_EU4" CO2="95061.47" CO="1888.84" HC="10.96" NOx="44.18" PMx="2.44" fuel="40.86" electricity="0.00" noise="127.19" route="routebottom" type="cfm_slow" waiting="0.00" lane="right_0" pos="12.97" speed="25.50" angle="341.18" x="123.62" y="89.55"/>
        <vehicle id="cfm_slow_2" eclass="HBEFA3/PC_G_EU4" CO2="95061.47" CO="1888.84" HC="10.96" NOx="44.18" PMx="2.44" fuel="40.86" electricity="0.00" noise="127.19" route="routetop" type="cfm_slow" waiting="0.00" lane="top_0" pos="0.97" speed="25.50" angle="272.72" x="61.64" y="128.93"/>
        <vehicle id="cfm_slow_3" eclass="HBEFA3/PC_G_EU4" CO2="95061.47" CO="1888.84" HC="10.96" NOx="44.18" PMx="2.44" fuel="40.86" electricity="0.00" noise="127.19" route="routetop" type="cfm_slow" waiting="0.00" lane="top_0" pos="38.97" speed="25.50" angle="204.34" x="2.25" y="85.85"/>
        <vehicle id="cfm_slow_4" eclass="HBEFA3/PC_G_EU4" CO2="95061.47" CO="1888.84" HC="10.96" NOx="44.18" PMx="2.44" fuel="40.86" electricity="0.00" noise="127.19" route="routeleft" type="cfm_slow" waiting="0.00" lane="left_0" pos="26.97" speed="25.50" angle="135.98" x="20.43" y="14.72"/>
    </timestep>
    <timestep time="1.88">
        <vehicle id="cfm_slow_0" eclass="HBEFA3/PC_G_EU4" CO2="95583.23" CO="1900.09" HC="11.03" NOx="44.42" PMx="2.46" fuel="41.09" electricity="0.00" noise="127.26" route="routebottom" type="cfm_slow" waiting="0.00" lane="bottom_0" pos="25.23" speed="25.64" angle="49.10" x="110.16" y="17.82"/>
        <vehicle id="cfm_slow_1" eclass="HBEFA3/PC_G_EU4" CO2="95583.23" CO="1900.09" HC="11.03" NOx="44.42" PMx="2.46" fuel="41.09" electricity="0.00" noise="127.26" route="routebottom" type="cfm_slow" waiting="0.00" lane="right_0" pos="13.23" speed="25.64" angle="340.70" x="123.40" y="90.03"/>
        <vehicle id="cfm_slow_2" eclass="HBEFA3/PC_G_EU4" CO2="95583.23" CO="1900.09" HC="11.03" NOx="44.42" PMx="2.46" fuel="41.09" electricity="0.00" noise="127.26" route="routetop" type="cfm_slow" waiting="0.00" lane="top_0" pos="1.23" speed="25.64" angle="272.28" x="61.12" y="128.92"/>
        <vehicle id="cfm_slow_3" eclass="HBEFA3/PC_G_EU4" CO2="95583.23" CO="1900.09" HC="11.03" NOx="44.42" PMx="2.46" fuel="41.09" electricity="0.00" noise="127.26" route="routetop" type="cfm_slow" waiting="0.00" lane="top_0" pos="39.23" speed="25.64" angle="203.87" x="2.07" y="85.36"/>
        <vehicle id="cfm_slow_4" eclass="HBEFA3/PC_G_EU4" CO2="95583.23" CO="1900.09" HC="11.03" NOx="44.42" PMx="2.46" fuel="41.09" electricity="0.00" noise="127.26" route="routeleft" type="cfm_slow" waiting="0.00" lane="left_0" pos="27.23" speed="25.64" angle="135.50" x="20.83" y="14.38"/>
    </timestep>
    <timestep time="1.89">
        <vehicle id="cfm_slow_0" eclass="HBEFA3/PC_G_EU4" CO2="96105.27" CO="1911.36" HC="11.09" NOx="44.67" PMx="2.47" fuel="41.31" electricity="0.00" noise="127.32" route="routebottom" type="cfm_slow" waiting="0.00" lane="bottom_0" pos="25.48" speed="25.77" angle="48.61" x="110.53" y="18.19"/>
        <vehicle id="cfm_slow_1" eclass="HBEFA3/PC_G_EU4" CO2="96105.27" CO="1911.36" HC="11.09" NOx="44.67" PMx="2.47" fuel="41.31" electricity="0.00" noise="127.32" route="routebottom" type="cfm_slow" waiting="0.00" lane="right_0" pos="13.48" speed="25.77" angle="340.21" x="123.19" y="90.52"/>
        <vehicle id="cfm_slow_2" eclass="HBEFA3/PC_G_EU4" CO2="96105.27" CO="1911.36" HC="11.09" NOx="44.67" PMx="2.47" fuel="41.31" electricity="0.00" noise="127.32" route="routetop" type="cfm_slow" waiting="0.00" lane="top_0" pos="1.48" speed="25.77" angle="271.82" x="60.59" y="128.89"/>
        <vehicle id="cfm_slow_3" eclass="HBEFA3/PC_G_EU4" CO2="96105.27" CO="1911.36" HC="11.09" NOx="44.67" PMx="2.47" fuel="41.31" electricity="0.00" noise="127.32" route="routetop" type="cfm_slow" waiting="0.00" lane="top_0" pos="39.48" speed="25.77" angle="203.40" x="1.89" y="84.86"/>
        <vehicle id="cfm_slow_4" eclass="HBEFA3/PC_G_EU4" CO2="96105.27" CO="1911.36" HC="11.09" NOx="44.67" PMx="2.47" fuel="41.31" electricity="0.00" noise="127.32" route="routeleft" type="cfm_slow" waiting="0.00" lane="left_0" pos="27.48" speed="25.77" angle="135.03" x="21.23" y="14.03"/>
    </timestep>
    <timestep time="1.90">
        <vehicle id="cfm_slow_0" eclass="HBEFA3/PC_G_EU4" CO2="96627.61" CO="1922.64" HC="11.16" NOx="44.91" PMx="2.48" fuel="41.54" electricity="0.00" noise="127.39" route="routebottom" type="cfm_slow" waiting="0.00" lane="bottom_0" pos="25.74" speed="25.91" angle="48.19" x="110.90" y="18.57"/>
        <vehicle id="cfm_slow_1" eclass="HBEFA3/PC_G_EU4" CO2="96627.61" CO="1922.64" HC="11.16" NOx="44.91" PMx="2.48" fuel="41.54" electricity="0.00" noise="127.39" route="routebottom" type="cfm_slow" waiting="0.00" lane="right_0" pos="13.74" speed="25.91" angle="339.73" x="122.97" y="91.00"/>
        <vehicle id="cfm_slow_2" eclass="HBEFA3/PC_G_EU4" CO2="96627.61" CO="1922.64" HC="11.16" NOx="44.91" PMx="2.48" fuel="41.54" electricity="0.00" noise="127.39" route="routetop" type="cfm_slow" waiting="0.00" lane="top_0" pos="1.74" speed="25.91" angle="271.35" x="60.06" y="128.86"/>
        <vehicle id="cfm_slow_3" eclass="HBEFA3/PC_G_EU4" CO2="96627.61" CO="1922.64" HC="11.16" NOx="44.91" PMx="2.48" fuel="41.54" electricity="0.00" noise="127.39" route="routetop" type="cfm_slow" waiting="0.00" lane="top_0" pos="39.74" speed="25.91" angle="202.99" x="1.71" y="84.36"/>
        <vehicle id="cfm_slow_4" eclass="HBEFA3/PC_G_EU4" CO2="96627.61" CO="1922.64" HC="11.16" NOx="44.91" PMx="2.48" fuel="41.54" electricity="0.00" noise="127.39" route="routeleft" type="cfm_slow" waiting="0.00" lane="left_0" pos="27.74" speed="25.91" angle="134.55" x="21.63" y="13.69"/>
    </timestep>
    <timestep time="1.91">
        <vehicle id="cfm_slow_0" eclass="HBEFA3/PC_G_EU4" CO2="97150.25" CO="1933.95" HC="11.22" NOx="45.16" PMx="2.50" fuel="41.76" electricity="0.00" noise="127.45" route="routebottom" type="cfm_slow" waiting="0.00" lane="bottom_0" pos="26.00" speed="26.05" angle="47.72" x="111.27" y="18.97"/>
        <vehicle id="cfm_slow_1" eclass="HBEFA3/PC_G_EU4" CO2="97150.25" CO="1933.95" HC="11.22" NOx="45.16" PMx="2.50" fuel="41.76" electricity="0.00" noise="127.45" route="routebottom" type="cfm_slow" waiting="0.00" lane="right_0" pos="14.00" speed="26.05" angle="339.26" x="122.75" y="91.49"/>
        <vehicle id="cfm_slow_2" eclass="HBEFA3/PC_G_EU4" CO2="97150.25" CO="1933.95" HC="11.22" NOx="45.16" PMx="2.50" fuel="41.76" electricity="0.00" noise="127.45" route="routetop" type="cfm_slow" waiting="0.00" lane="top_0" pos="2.00" speed="26.05" angle="270.88" x="59.52" y="128.83"/>
        <vehicle id="cfm_slow_3" eclass="HBEFA3/PC_G_EU4" CO2="97150.25" CO="1933.95" HC="11.22" NOx="45.16" PMx="2.50" fuel="41.76" electricity="0.00" noise="127.45" route="routetop" type="cfm_slow" waiting="0.00" lane="top_0" pos="40.00" speed="26.05" angle="202.51" x="1.56" y="83.85"/>
        <vehicle id="cfm_slow_4" eclass="HBEFA3/PC_G_EU4" CO2="97150.25" CO="1933.95" HC="11.22" NOx="45.16" PMx="2.50" fuel="41.76" electricity="0.00" noise="127.45" route="routeleft" type="cfm_slow" waiting="0.00" lane="left_0" pos="28.00" speed="26.05" angle="134.07" x="22.04" y="13.34"/>
    </timestep>
    <timestep time="1.92">
        <vehicle id="cfm_slow_0" eclass="HBEFA3/PC_G_EU4" CO2="97673.17" CO="1945.29" HC="11.29" NOx="45.40" PMx="2.51" fuel="41.98" electricity="0.00" noise="127.52" route="routebottom" type="cfm_slow" waiting="0.00" lane="bottom_0" pos="26.27" speed="26.18" angle="47.24" x="111.63" y="19.36"/>
        <vehicle id="cfm_slow_1" eclass="HBEFA3/PC_G_EU4" CO2="97673.17" CO="1945.29" HC="11.29" NOx="45.40" PMx="2.51" fuel="41.98" electricity="0.00" noise="127.52" route="routebottom" type="cfm_slow" waiting="0.00" lane="right_0" pos="14.27" speed="26.18" angle="338.81" x="122.51" y="91.97"/>
        <vehicle id="cfm_slow_2" eclass="HBEFA3/PC_G_EU4" CO2="97673.17" CO="1945.29" HC="11.29" NOx="45.40" PMx="2.51" fuel="41.98" electricity="0.00" noise="127.52" route="routetop" type="cfm_slow" waiting="0.00" lane="top_0" pos="2.27" speed="26.18" angle="270.40" x="58.99" y="128.80"/>
        <vehicle id="cfm_slow_3" eclass="HBEFA3/PC_G_EU4" CO2="97673.17" CO="1945.29" HC="11.29" NOx="45.40" PMx="2.51" fuel="41.98" electricity="0.00" noise="127.52" route="routetop" type="cfm_slow" waiting="0.00" lane="top_0" pos="40.27" speed="26.18" angle="202.02" x="1.40" y="83.34"/>
        <vehicle id="cfm_slow_4" eclass="HBEFA3/PC_G_EU4" CO2="97673.17" CO="1945.29" HC="11.29" NOx="45.40" PMx="2.51" fuel="41.98" electricity="0.00" noise="127.52" route="routeleft" type="cfm_slow" waiting="0.00" lane="left_0" pos="28.27" speed="26.18" angle="133.65" x="22.45" y="13.00"/>
    </timestep>
    <timestep time="1.93">
        <vehicle id="cfm_slow_0" eclass="HBEFA3/PC_G_EU4" CO2="98196.39" CO="1956.64" HC="11.35" NOx="45.64" PMx="2.53" fuel="42.21" electricity="0.00" noise="127.58" route="routebottom" type="cfm_slow" waiting="0.00" lane="bottom_0" pos="26.53" speed="26.32" angle="46.76" x="112.00" y="19.75"/>
        <vehicle id="cfm_slow_1" eclass="HBEFA3/PC_G_EU4" CO2="98196.39" CO="1956.64" HC="11.35" NOx="45.64" PMx="2.53" fuel="42.21" electricity="0.00" noise="127.58" route="routebottom" type="cfm_slow" waiting="0.00" lane="right_0" pos="14.53" speed="26.32" angle="338.32" x="122.27" y="92.45"/>
        <vehicle id="cfm_slow_2" eclass="HBEFA3/PC_G_EU4" CO2="98196.39" CO="1956.64" HC="11.35" NOx="45.64" PMx="2.53" fuel="42.21" electricity="0.00" noise="127.58" route="routetop" type="cfm_slow" waiting="0.00" lane="top_0" pos="2.53" speed="26.32" angle="269.96" x="58.45" y="128.77"/>
        <vehicle id="cfm_slow_3" eclass="HBEFA3/PC_G_EU4" CO2="98196.39" CO="1956.64" HC="11.35" NOx="45.64" PMx="2.53" fuel="42.21" electricity="0.00" noise="127.58" route="routetop" type="cfm_slow" waiting="0.00" lane="top_0" pos="40.53" speed="26.32" angle="201.52" x="1.24" y="82.82"/>
        <vehicle id="cfm_slow_4" eclass="HBEFA3/PC_G_EU4" CO2="98196.39" CO="1956.64" HC="11.35" NOx="45.64" PMx="2.53" fuel="42.21" electricity="0.00" noise="127.58" route="routeleft" type="cfm_slow" waiting="0.00" lane="left_0" pos="28.53" speed="26.32" angle="133.16" x="22.88" y="12.67"/>
    </timestep>
    <timestep time="1.94">
        <vehicle id="cfm_slow_0" eclass="HBEFA3/PC_G_EU4" CO2="98719.90" CO="1968.01" HC="11.42" NOx="45.89" PMx="2.54" fuel="42.43" electricity="0.00" noise="127.65" route="routebottom" type="cfm_slow" waiting="0.00" lane="bottom_0" pos="26.79" speed="26.45" angle="46.28" x="112.37" y="20.15"/>
        <vehicle id="cfm_slow_1" eclass="HBEFA3/PC_G_EU4" CO2="98719.90" CO="1968.01" HC="11.42" NOx="45.89" PMx="2.54" fuel="42.43" electricity="0.00" noise="127.65" route="routebottom" type="cfm_slow" waiting="0.00" lane="right_0" pos="14.79" speed="26.45" angle="337.82" x="122.03" y="92.94"/>
        <vehicle id="cfm_slow_2" eclass="HBEFA3/PC_G_EU4" CO2="98719.90" CO="1968.01" HC="11.42" NOx="45.89" PMx="2.54" fuel="42.43" electricity="0.00" noise="127.65" route="routetop" type="cfm_slow" waiting="0.00" lane="top_0" pos="2.79" speed="26.45" angle="269.49" x="57.91" y="128.72"/>
        <vehicle id="cfm_slow_3" eclass="HBEFA3/PC_G_EU4" CO2="98719.90" CO="1968.01" HC="11.42" NOx="45.89" PMx="2.54" fuel="42.43" electricity="0.00" noise="127.65" route="routetop" type="cfm_slow" waiting="0.00" lane="top_0" pos="40.79" speed="26.45" angle="201.03" x="1.08" y="82.30"/>
        <vehicle id="cfm_slow_4" eclass="HBEFA3/PC_G_EU4" CO2="98719.90" CO="1968.01" HC="11.42" NOx="45.89" PMx="2.54" fuel="42.43" electricity="0.00" noise="127.65" route="routeleft" type="cfm_slow" waiting="0.00" lane="left_0" pos="28.79" speed="26.45" angle="132.67" x="23.30" y="12.33"/>
    </timestep>
    <timestep time="1.95">
        <vehicle id="cfm_slow_0" eclass="HBEFA3/PC_G_EU4" CO2="99243.70" CO="1979.41" HC="11.48" NOx="46.13" PMx="2.55" fuel="42.66" electricity="0.00" noise="127.71" route="routebottom" type="cfm_slow" waiting="0.00" lane="bottom_0" pos="27.06" speed="26.59" angle="45.84" x="112.73" y="20.56"/>
        <vehicle id="cfm_slow_1" eclass="HBEFA3/PC_G_EU4" CO2="99243.70" CO="1979.41" HC="11.48" NOx="46.13" PMx="2.55" fuel="42.66" electricity="0.00" noise="127.71" route="routebottom" type="cfm_slow" waiting="0.00" lane="right_0" pos="15.06" speed="26.59" angle="337.32" x="121.79" y="93.43"/>
        <vehicle id="cfm_slow_2" eclass="HBEFA3/PC_G_EU4" CO2="99243.70" CO="1979.41" HC="11.48" NOx="46.13" PMx="2.55" fuel="42.66" electricity="0.00" noise="127.71" route="routetop" type="cfm_slow" waiting="0.00" lane="top_0" pos="3.06" speed="26.59" angle="269.01" x="57.37" y="128.66"/>
        <vehicle id="cfm_slow_3" eclass="HBEFA3/PC_G_EU4" CO2="99243.70" CO="1979.41" HC="11.48" NOx="46.13" PMx="2.55" fuel="42.66" electricity="0.00" noise="127.71" route="routetop" type="cfm_slow" waiting="0.00" lane="top_0" pos="41.06" speed="26.59" angle="200.59" x="0.92" y="81.78"/>
        <vehicle id="cfm_slow_4" eclass="HBEFA3/PC_G_EU4" CO2="99243.70" CO="1979.41" HC="11.48" NOx="46.13" PMx="2.55" fuel="42.66" electricity="0.00" noise="127.71" route="routeleft" type="cfm_slow" waiting="0.00" lane="left_0" pos="29.06" speed="26.59" angle="132.18" x="23.73" y="12.00"/>
    </timestep>
    <timestep time="1.96">
        <vehicle id="cfm_slow_0" eclass="HBEFA3/PC_G_EU4" CO2="99767.79" CO="1990.83" HC="11.55" NOx="46.38" PMx="2.57" fuel="42.89" electricity="0.00" noise="127.78" route="routebottom" type="cfm_slow" waiting="0.00" lane="bottom_0" pos="27.33" speed="26.73" angle="45.33" x="113.08" y="20.98"/>
        <vehicle id="cfm_slow_1" eclass="HBEFA3/PC_G_EU4" CO2="99767.79" CO="1990.83" HC="11.55" NOx="46.38" PMx="2.57" fuel="42.89" electricity="0.00" noise="127.78" route="routebottom" type="cfm_slow" waiting="0.00" lane="right_0" pos="15.33" speed="26.73" angle="336.86" x="121.54" y="93.92"/>
        <vehicle id="cfm_slow_2" eclass="HBEFA3/PC_G_EU4" CO2="99767.79" CO="1990.83" HC="11.55" NOx="46.38" PMx="2.57" fuel="42.89" electricity="0.00" noise="127.78" route="routetop" type="cfm_slow" waiting="0.00" lane="top_0" pos="3.33" speed="26.73" angle="268.52" x="56.82" y="128.61"/>
        <vehicle id="cfm_slow_3" eclass="HBEFA3/PC_G_EU4" CO2="99767.79" CO="1990.83" HC="11.55" NOx="46.38" PMx="2.57" fuel="42.89" electricity="0.00" noise="127.78" route="routetop" type="cfm_slow" waiting="0.00" lane="top_0" pos="41.33" speed="26.73" angle="200.10" x="0.77" y="81.25"/>
        <vehicle id="cfm_slow_4" eclass="HBEFA3/PC_G_EU4" CO2="99767.79" CO="1990.83" HC="11.55" NOx="46.38" PMx="2.57" fuel="42.89" electricity="0.00" noise="127.78" route="routeleft" type="cfm_slow" waiting="0.00" lane="left_0" pos="29.33" speed="26.73" angle="131.68" x="24.16" y="11.66"/>
    </timestep>
    <timestep time="1.97">
        <vehicle id="cfm_slow_0" eclass="HBEFA3/PC_G_EU4" CO2="100292.17" CO="2002.27" HC="11.61" NOx="46.62" PMx="2.58" fuel="43.11" electricity="0.00" noise="127.84" route="routebottom" type="cfm_slow" waiting="0.00" lane="bottom_0" pos="27.60" speed="26.86" angle="44.82" x="113.44" y="21.40"/>
        <vehicle id="cfm_slow_1" eclass="HBEFA3/PC_G_EU4" CO2="100292.17" CO="2002.27" HC="11.61" NOx="46.62" PMx="2.58" fuel="43.11" electricity="0.00" noise="127.84" route="routebottom" type="cfm_slow" waiting="0.00" lane="right_0" pos="15.60" speed="26.86" angle="336.41" x="121.28" y="94.40"/>
        <vehicle id="cfm_slow_2" eclass="HBEFA3/PC_G_EU4" CO2="100292.17" CO="2002.27" HC="11.61" NOx="46.62" PMx="2.58" fuel="43.11" electricity="0.00" noise="127.84" route="routetop" type="cfm_slow" waiting="0.00" lane="top_0" pos="3.60" speed="26.86" angle="268.03" x="56.27" y="128.55"/>
        <vehicle id="cfm_slow_3" eclass="HBEFA3/PC_G_EU4" CO2="100292.17" CO="2002.27" HC="11.61" NOx="46.62" PMx="2.58" fuel="43.11" electricity="0.00" noise="127.84" route="routetop" type="cfm_slow" waiting="0.00" lane="top_0" pos="41.60" speed="26.86" angle="199.61" x="0.63" y="80.72"/>
        <vehicle id="cfm_slow_4" eclass="HBEFA3/PC_G_EU4" CO2="100292.17" CO="2002.27" HC="11.61" NOx="46.62" PMx="2.58" fuel="43.11" electricity="0.00" noise="127.84" route="routeleft" type="cfm_slow" waiting="0.00" lane="left_0" pos="29.60" speed="26.86" angle="131.24" x="24.60" y="11.33"/>
    </timestep>
    <timestep time="1.98">
        <vehicle id="cfm_slow_0" eclass="HBEFA3/PC_G_EU4" CO2="100816.85" CO="2013.73" HC="11.68" NOx="46.86" PMx="2.60" fuel="43.34" electricity="0.00" noise="127.91" route="routebottom" type="cfm_slow" waiting="0.00" lane="bottom_0" pos="27.87" speed="27.00" angle="44.31" x="113.79" y="21.82"/>
        <vehicle id="cfm_slow_1" eclass="HBEFA3/PC_G_EU4" CO2="100816.85" CO="2013.73" HC="11.68" NOx="46.86" PMx="2.60" fuel="43.34" electricity="0.00" noise="127.91" route="routebottom" type="cfm_slow" waiting="0.00" lane="right_0" pos="15.87" speed="27.00" angle="335.93" x="121.01" y="94.89"/>
        <vehicle id="cfm_slow_2" eclass="HBEFA3/PC_G_EU4" CO2="100816.85" CO="2013.73" HC="11.68" NOx="46.86" PMx="2.60" fuel="43.34" electricity="0.00" noise="127.91" route="routetop" type="cfm_slow" waiting="0.00" lane="top_0" pos="3.87" speed="27.00" angle="267.58" x="55.72" y="128.49"/>
        <vehicle id="cfm_slow_3" eclass="HBEFA3/PC_G_EU4" CO2="100816.85" CO="2013.73" HC="11.68" NOx="46.86" PMx="2.60" fuel="43.34" electricity="0.00" noise="127.91" route="routetop" type="cfm_slow" waiting="0.00" lane="top_0" pos="41.87" speed="27.00" angle="199.11" x="0.49" y="80.19"/>
        <vehicle id="cfm_slow_4" eclass="HBEFA3/PC_G_EU4" CO2="100816.85" CO="2013.73" HC="11.68" NOx="46.86" PMx="2.60" fuel="43.34" electricity="0.00" noise="127.91" route="routeleft" type="cfm_slow" waiting="0.00" lane="left_0" pos="29.87" speed="27.00" angle="130.74" x="25.05" y="11.00"/>
    </timestep>
    <timestep time="1.99">
        <vehicle id="cfm_slow_0" eclass="HBEFA3/PC_G_EU4" CO2="101341.82" CO="2025.21" HC="11.74" NOx="47.11" PMx="2.61" fuel="43.56" electricity="0.00" noise="127.97" route="routebottom" type="cfm_slow" waiting="0.00" lane="bottom_0" pos="28.14" speed="27.14" angle="43.82" x="114.15" y="22.25"/>
        <vehicle id="cfm_slow_1" eclass="HBEFA3/PC_G_EU4" CO2="101341.82" CO="2025.21" HC="11.74" NOx="47.11" PMx="2.61" fuel="43.56" electricity="0.00" noise="127.97" route="routebottom" type="cfm_slow" waiting="0.00" lane="right_0" pos="16.14" speed="27.14" angle="335.45" x="120.74" y="95.37"/>
        <vehicle id="cfm_slow_2" eclass="HBEFA3/PC_G_EU4" CO2="101341.82" CO="2025.21" HC="11.74" NOx="47.11" PMx="2.61" fuel="43.56" electricity="0.00" noise="127.97" route="routetop" type="cfm_slow" waiting="0.00" lane="top_0" pos="4.14" speed="27.14" angle="267.09" x="55.17" y="128.41"/>
        <vehicle id="cfm_slow_3" eclass="HBEFA3/PC_G_EU4" CO2="101341.82" CO="2025.21" HC="11.74" NOx="47.11" PMx="2.61" fuel="43.56" electricity="0.00" noise="127.97" route="routetop" type="cfm_slow" waiting="0.00" lane="top_0" pos="42.14" speed="27.14" angle="198.61" x="0.34" y="79.65"/>
        <vehicle id="cfm_slow_4" eclass="HBEFA3/PC_G_EU4" CO2="101341.82" CO="2025.21" HC="11.74" NOx="47.11" PMx="2.61" fuel="43.56" electricity="0.00" noise="127.97" route="routeleft" type="cfm_slow" waiting="0.00" lane="left_0" pos="30.14" speed="27.14" angle="130.24" x="25.50" y="10.68"/>
    </timestep>
    <timestep time="2.00">
        <vehicle id="cfm_slow_0" eclass="HBEFA3/PC_G_EU4" CO2="101867.08" CO="2036.71" HC="11.81" NOx="47.35" PMx="2.62" fuel="43.79" electricity="0.00" noise="128.04" route="routebottom" type="cfm_slow" waiting="0.00" lane="bottom_0" pos="28.41" speed="27.27" angle="43.34" x="114.50" y="22.68"/>
        <vehicle id="cfm_slow_1" eclass="HBEFA3/PC_G_EU4" CO2="101867.08" CO="2036.71" HC="11.81" NOx="47.35" PMx="2.62" fuel="43.79" electricity="0.00" noise="128.04" route="routebottom" type="cfm_slow" waiting="0.00" lane="right_0" pos="16.41" speed="27.27" angle="334.97" x="120.47" y="95.86"/>
        <vehicle id="cfm_slow_2" eclass="HBEFA3/PC_G_EU4" CO2="101867.08" CO="2036.71" HC="11.81" NOx="47.35" PMx="2.62" fuel="43.79" electricity="0.00" noise="128.04" route="routetop" type="cfm_slow" waiting="0.00" lane="top_0" pos="4.41" speed="27.27" angle="266.59" x="54.62" y="128.33"/>
        <vehicle id="cfm_slow_3" eclass="HBEFA3/PC_G_EU4" CO2="101867.08" CO="2036.71" HC="11.81" NOx="47.35" PMx="2.62" fuel="43.79" electricity="0.00" noise="128.04" route="routetop" type="cfm_slow" waiting="0.00" lane="top_0" pos="42.41" speed="27.27" angle="198.18" x="0.21" y="79.11"/>
        <vehicle id="cfm_slow_4" eclass="HBEFA3/PC_G_EU4" CO2="101867.08" CO="2036.71" HC="11.81" NOx="47.35" PMx="2.62" fuel="43.79" electricity="0.00" noise="128.04" route="routeleft" type="cfm_slow" waiting="0.00" lane="left_0" pos="30.41" speed="27.27" angle="129.73" x="25.96" y="10.35"/>
    </timestep>
    <timestep time="2.01">
        <vehicle id="cfm_slow_0" eclass="HBEFA3/PC_G_EU4" CO2="102392.63" CO="2048.24" HC="11.87" NOx="47.60" PMx="2.64" fuel="44.01" electricity="0.00" noise="128.10" route="routebottom" type="cfm_slow" waiting="0.00" lane="bottom_0" pos="28.68" speed="27.41" angle="42.84" x="114.85" y="23.13"/>
        <vehicle id="cfm_slow_1" eclass="HBEFA3/PC_G_EU4" CO2="102392.63" CO="2048.24" HC="11.87" NOx="47.60" PMx="2.64" fuel="44.01" electricity="0.00" noise="128.10" route="routebottom" type="cfm_slow" waiting="0.00" lane="right_0" pos="16.68" speed="27.41" angle="334.52" x="120.20" y="96.35"/>
        <vehicle id="cfm_slow_2" eclass="HBEFA3/PC_G_EU4" CO2="102392.63" CO="2048.24" HC="11.87" NOx="47.60" PMx="2.64" fuel="44.01" electricity="0.00" noise="128.10" route="routetop" type="cfm_slow" waiting="0.00" lane="top_0" pos="4.68" speed="27.41" angle="266.09" x="54.06" y="128.25"/>
        <vehicle id="cfm_slow_3" eclass="HBEFA3/PC_G_EU4" CO2="102392.63" CO="2048.24" HC="11.87" NOx="47.60" PMx="2.64" fuel="44.01" electricity="0.00" noise="128.10" route="routetop" type="cfm_slow" waiting="0.00" lane="top_0" pos="42.68" speed="27.41" angle="197.69" x="0.08" y="78.56"/>
        <vehicle id="cfm_slow_4" eclass="HBEFA3/PC_G_EU4" CO2="102392.63" CO="2048.24" HC="11.87" NOx="47.60" PMx="2.64" fuel="44.01" electricity="0.00" noise="128.10" route="routeleft" type="cfm_slow" waiting="0.00" lane="left_0" pos="30.68" speed="27.41" angle="129.24" x="26.42" y="10.02"/>
    </timestep>
    <timestep time="2.02">
        <vehicle id="cfm_slow_0" eclass="HBEFA3/PC_G_EU4" CO2="102918.47" CO="2059.79" HC="11.94" NOx="47.84" PMx="2.65" fuel="44.24" electricity="0.00" noise="128.17" route="routebottom" type="cfm_slow" waiting="0.00" lane="bottom_0" pos="28.96" speed="27.55" angle="42.32" x="115.20" y="23.57"/>
        <vehicle id="cfm_slow_1" eclass="HBEFA3/PC_G_EU4" CO2="102918.47" CO="2059.79" HC="11.94" NOx="47.84" PMx="2.65" fuel="44.24" electricity="0.00" noise="128.17" route="routebottom" type="cfm_slow" waiting="0.00" lane="right_0" pos="16.96" speed="27.55" angle="334.01" x="119.91" y="96.84"/>
        <vehicle id="cfm_slow_2" eclass="HBEFA3/PC_G_EU4" CO2="102918.47" CO="2059.79" HC="11.94" NOx="47.84" PMx="2.65" fuel="44.24" electricity="0.00" noise="128.17" route="routetop" type="cfm_slow" waiting="0.00" lane="top_0" pos="4.96" speed="27.55" angle="265.58" x="53.50" y="128.17"/>
        <vehicle id="cfm_slow_3" eclass="HBEFA3/PC_G_EU4" CO2="102918.47" CO="2059.79" HC="11.94" NOx="47.84" PMx="2.65" fuel="44.24" electricity="0.00" noise="128.17" route="routetop" type="cfm_slow" waiting="0.00" lane="top_0" pos="42.96" speed="27.55" angle="197.19" x="-0.04" y="78.01"/>
        <vehicle id="cfm_slow_4" eclass="HBEFA3/PC_G_EU4" CO2="102918.47" CO="2059.79" HC="11.94" NOx="47.84" PMx="2.65" fuel="44.24" electricity="0.00" noise="128.17" route="routeleft" type="cfm_slow" waiting="0.00" lane="left_0" pos="30.96" speed="27.55" angle="128.78" x="26.88" y="9.71"/>
    </timestep>
    <timestep time="2.03">
        <vehicle id="cfm_slow_0" eclass="HBEFA3/PC_G_EU4" CO2="103444.61" CO="2071.35" HC="12.01" NOx="48.09" PMx="2.67" fuel="44.47" electricity="0.00" noise="128.23" route="routebottom" type="cfm_slow" waiting="0.00" lane="bottom_0" pos="29.24" speed="27.68" angle="41.81" x="115.55" y="24.02"/>
        <vehicle id="cfm_slow_1" eclass="HBEFA3/PC_G_EU4" CO2="103444.61" CO="2071.35" HC="12.01" NOx="48.09" PMx="2.67" fuel="44.47" electricity="0.00" noise="128.23" route="routebottom" type="cfm_slow" waiting="0.00" lane="right_0" pos="17.24" speed="27.68" angle="333.50" x="119.62" y="97.32"/>
        <vehicle id="cfm_slow_2" eclass="HBEFA3/PC_G_EU4" CO2="103444.61" CO="2071.35" HC="12.01" NOx="48.09" PMx="2.67" fuel="44.47" electricity="0.00" noise="128.23" route="routetop" type="cfm_slow" waiting="0.00" lane="top_0" pos="5.24" speed="27.68" angle="265.10" x="52.94" y="128.09"/>
        <vehicle id="cfm_slow_3" eclass="HBEFA3/PC_G_EU4" CO2="103444.61" CO="2071.35" HC="12.01" NOx="48.09" PMx="2.67" fuel="44.47" electricity="0.00" noise="128.23" route="routetop" type="cfm_slow" waiting="0.00" lane="top_0" pos="43.24" speed="27.68" angle="196.69" x="-0.17" y="77.45"/>
        <vehicle id="cfm_slow_4" eclass="HBEFA3/PC_G_EU4" CO2="103444.61" CO="2071.35" HC="12.01" NOx="48.09" PMx="2.67" fuel="44.47" electricity="0.00" noise="128.23" route="routeleft" type="cfm_slow" waiting="0.00" lane="left_0" pos="31.24" speed="27.68" angle="128.28" x="27.35" y="9.39"/>
    </timestep>
    <timestep time="2.04">
        <vehicle id="cfm_slow_0" eclass="HBEFA3/PC_G_EU4" CO2="103971.04" CO="2082.94" HC="12.07" NOx="48.33" PMx="2.68" fuel="44.69" electricity="0.00" noise="128.30" route="routebottom" type="cfm_slow" waiting="0.00" lane="bottom_0" pos="29.51" speed="27.82" angle="41.36" x="115.90" y="24.47"/>
        <vehicle id="cfm_slow_1" eclass="HBEFA3/PC_G_EU4" CO2="103971.04" CO="2082.94" HC="12.07" NOx="48.33" PMx="2.68" fuel="44.69" electricity="0.00" noise="128.30" route="routebottom" type="cfm_slow" waiting="0.00" lane="right_0" pos="17.51" speed="27.82" angle="332.98" x="119.32" y="97.81"/>
        <vehicle id="cfm_slow_2" eclass="HBEFA3/PC_G_EU4" CO2="103971.04" CO="2082.94" HC="12.07" NOx="48.33" PMx="2.68" fuel="44.69" electricity="0.00" noise="128.30" route="routetop" type="cfm_slow" waiting="0.00" lane="top_0" pos="5.51" speed="27.82" angle="264.59" x="52.38" y="127.98"/>
        <vehicle id="cfm_slow_3" eclass="HBEFA3/PC_G_EU4" CO2="103971.04" CO="2082.94" HC="12.07" NOx="48.33" PMx="2.68" fuel="44.69" electricity="0.00" noise="128.30" route="routetop" type="cfm_slow" waiting="0.00" lane="top_0" pos="43.51" speed="27.82" angle="196.21" x="-0.29" y="76.90"/>
        <vehicle id="cfm_slow_4" eclass="HBEFA3/PC_G_EU4" CO2="103971.04" CO="2082.94" HC="12.07" NOx="48.33" PMx="2.68" fuel="44.69" electricity="0.00" noise="128.30" route="routeleft" type="cfm_slow" waiting="0.00" lane="left_0" pos="31.51" speed="27.82" angle="127.78" x="27.83" y="9.07"/>
    </timestep>
    <timestep time="2.05">
        <vehicle id="cfm_slow_0" eclass="HBEFA3/PC_G_EU4" CO2="104497.76" CO="2094.56" HC="12.14" NOx="48.58" PMx="2.70" fuel="44.92" electricity="0.00" noise="128.36" route="routebottom" type="cfm_slow" waiting="0.00" lane="bottom_0" pos="29.79" speed="27.95" angle="40.86" x="116.23" y="24.93"/>
        <vehicle id="cfm_slow_1" eclass="HBEFA3/PC_G_EU4" CO2="104497.76" CO="2094.56" HC="12.14" NOx="48.58" PMx="2.70" fuel="44.92" electricity="0.00" noise="128.36" route="routebottom" type="cfm_slow" waiting="0.00" lane="right_0" pos="17.79" speed="27.95" angle="332.46" x="119.03" y="98.31"/>
        <vehicle id="cfm_slow_2" eclass="HBEFA3/PC_G_EU4" CO2="104497.76" CO="2094.56" HC="12.14" NOx="48.58" PMx="2.70" fuel="44.92" electricity="0.00" noise="128.36" route="routetop" type="cfm_slow" waiting="0.00" lane="top_0" pos="5.79" speed="27.95" angle="264.07" x="51.82" y="127.88"/>
        <vehicle id="cfm_slow_3" eclass="HBEFA3/PC_G_EU4" CO2="104497.76" CO="2094.56" HC="12.14" NOx="48.58" PMx="2.70" fuel="44.92" electricity="0.00" noise="128.36" route="routetop" type="cfm_slow" waiting="0.00" lane="top_0" pos="43.79" speed="27.95" angle="195.73" x="-0.40" y="76.34"/>
        <vehicle id="cfm_slow_4" eclass="HBEFA3/PC_G_EU4" CO2="104497.76" CO="2094.56" HC="12.14" NOx="48.58" PMx="2.70" fuel="44.92" electricity="0.00" noise="128.36" route="routeleft" type="cfm_slow" waiting="0.00" lane="left_0" pos="31.79" speed="27.95" angle="127.27" x="28.31" y="8.76"/>
    </timestep>
    <timestep time="2.06">
        <vehicle id="cfm_slow_0" eclass="HBEFA3/PC_G_EU4" CO2="105024.77" CO="2106.19" HC="12.20" NOx="48.83" PMx="2.71" fuel="45.14" electricity="0.00" noise="128.43" route="routebottom" type="cfm_slow" waiting="0.00" lane="bottom_0" pos="30.07" speed="28.09" angle="40.35" x="116.57" y="25.40"/>
        <vehicle id="cfm_slow_1" eclass="HBEFA3/PC_G_EU4" CO2="105024.77" CO="2106.19" HC="12.20" NOx="48.83" PMx="2.71" fuel="45.14" electricity="0.00" noise="128.43" route="routebottom" type="cfm_slow" waiting="0.00" lane="right_0" pos="18.07" speed="28.09" angle="332.00" x="118.72" y="98.79"/>
        <vehicle id="cfm_slow_2" eclass="HBEFA3/PC_G_EU4" CO2="105024.77" CO="2106.19" HC="12.20" NOx="48.83" PMx="2.71" fuel="45.14" electricity="0.00" noise="128.43" route="routetop" type="cfm_slow" waiting="0.00" lane="top_0" pos="6.07" speed="28.09" angle="263.56" x="51.25" y="127.78"/>
        <vehicle id="cfm_slow_3" eclass="HBEFA3/PC_G_EU4" CO2="105024.77" CO="2106.19" HC="12.20" NOx="48.83" PMx="2.71" fuel="45.14" electricity="0.00" noise="128.43" route="routetop" type="cfm_slow" waiting="0.00" lane="top_0" pos="44.07" speed="28.09" angle="195.20" x="-0.51" y="75.77"/>
        <vehicle id="cfm_slow_4" eclass="HBEFA3/PC_G_EU4" CO2="105024.77" CO="2106.19" HC="12.20" NOx="48.83" PMx="2.71" fuel="45.14" electricity="0.00" noise="128.43" route="routeleft" type="cfm_slow" waiting="0.00" lane="left_0" pos="32.07" speed="28.09" angle="126.83" x="28.79" y="8.44"/>
    </timestep>
    <timestep time="2.07">
        <vehicle id="cfm_slow_0" eclass="HBEFA3/PC_G_EU4" CO2="105552.07" CO="2117.84" HC="12.27" NOx="49.07" PMx="2.72" fuel="45.37" electricity="0.00" noise="128.49" route="routebottom" type="cfm_slow" waiting="0.00" lane="bottom_0" pos="30.36" speed="28.23" angle="39.85" x="116.91" y="25.87"/>
        <vehicle id="cfm_slow_1" eclass="HBEFA3/PC_G_EU4" CO2="105552.07" CO="2117.84" HC="12.27" NOx="49.07" PMx="2.72" fuel="45.37" electricity="0.00" noise="128.49" route="routebottom" type="cfm_slow" waiting="0.00" lane="right_0" pos="18.36" speed="28.23" angle="331.47" x="118.40" y="99.27"/>
        <vehicle id="cfm_slow_2" eclass="HBEFA3/PC_G_EU4" CO2="105552.07" CO="2117.84" HC="12.27" NOx="49.07" PMx="2.72" fuel="45.37" electricity="0.00" noise="128.49" route="routetop" type="cfm_slow" waiting="0.00" lane="top_0" pos="6.36" speed="28.23" angle="263.08" x="50.68" y="127.67"/>
        <vehicle id="cfm_slow_3" eclass="HBEFA3/PC_G_EU4" CO2="105552.07" CO="2117.84" HC="12.27" NOx="49.07" PMx="2.72" fuel="45.37" electricity="0.00" noise="128.49" route="routetop" type="cfm_slow" waiting="0.00" lane="top_0" pos="44.36" speed="28.23" angle="194.68" x="-0.61" y="75.20"/>
        <vehicle id="cfm_slow_4" eclass="HBEFA3/PC_G_EU4" CO2="105552.07" CO="2117.84" HC="12.27" NOx="49.07" PMx="2.72" fuel="45.37" electricity="0.00" noise="128.49" route="routeleft" type="cfm_slow" waiting="0.00" lane="left_0" pos="32.36" speed="28.23" angle="126.30" x="29.28" y="8.14"/>
    </timestep>
    <timestep time="2.08">
        <vehicle id="cfm_slow_0" eclass="HBEFA3/PC_G_EU4" CO2="106079.67" CO="2129.52" HC="12.34" NOx="49.32" PMx="2.74" fuel="45.60" electricity="0.00" noise="128.56" route="routebottom" type="cfm_slow" waiting="0.00" lane="bottom_0" pos="30.64" speed="28.36" angle="39.34" x="117.25" y="26.34"/>
        <vehicle id="cfm_slow_1" eclass="HBEFA3/PC_G_EU4" CO2="106079.67" CO="2129.52" HC="12.34" NOx="49.32" PMx="2.74" fuel="45.60" electricity="0.00" noise="128.56" route="routebottom" type="cfm_slow" waiting="0.00" lane="right_0" pos="18.64" speed="28.36" angle="330.93" x="118.08" y="99.76"/>
        <vehicle id="cfm_slow_2" eclass="HBEFA3/PC_G_EU4" CO2="106079.67" CO="2129.52" HC="12.34" NOx="49.32" PMx="2.74" fuel="45.60" electricity="0.00" noise="128.56" route="routetop" type="cfm_slow" waiting="0.00" lane="top_0" pos="6.64" speed="28.36" angle="262.55" x="50.11" y="127.55"/>
        <vehicle id="cfm_slow_3" eclass="HBEFA3/PC_G_EU4" CO2="106079.67" CO="2129.52" HC="12.34" NOx="49.32" PMx="2.74" fuel="45.60" electricity="0.00" noise="128.56" route="routetop" type="cfm_slow" waiting="0.00" lane="top_0" pos="44.64" speed="28.36" angle="194.15" x="-0.72" y="74.63"/>
        <vehicle id="cfm_slow_4" eclass="HBEFA3/PC_G_EU4" CO2="106079.67" CO="2129.52" HC="12.34" NOx="49.32" PMx="2.74" fuel="45.60" electricity="0.00" noise="128.56" route="routeleft" type="cfm_slow" waiting="0.00" lane="left_0" pos="32.64" speed="28.36" angle="125.77" x="29.78" y="7.84"/>
    </timestep>
    <timestep time="2.09">
        <vehicle id="cfm_slow_0" eclass="HBEFA3/PC_G_EU4" CO2="106607.56" CO="2141.22" HC="12.40" NOx="49.56" PMx="2.75" fuel="45.83" electricity="0.00" noise="128.62" route="routebottom" type="cfm_slow" waiting="0.00" lane="bottom_0" pos="30.93" speed="28.50" angle="38.87" x="117.58" y="26.82"/>
        <vehicle id="cfm_slow_1" eclass="HBEFA3/PC_G_EU4" CO2="106607.56" CO="2141.22" HC="12.40" NOx="49.56" PMx="2.75" fuel="45.83" electricity="0.00" noise="128.62" route="routebottom" type="cfm_slow" waiting="0.00" lane="right_0" pos="18.93" speed="28.50" angle="330.39" x="117.75" y="100.24"/>
        <vehicle id="cfm_slow_2" eclass="HBEFA3/PC_G_EU4" CO2="106607.56" CO="2141.22" HC="12.40" NOx="49.56" PMx="2.75" fuel="45.83" electricity="0.00" noise="128.62" route="routetop" type="cfm_slow" waiting="0.00" lane="top_0" pos="6.93" speed="28.50" angle="262.00" x="49.54" y="127.42"/>
        <vehicle id="cfm_slow_3" eclass="HBEFA3/PC_G_EU4" CO2="106607.56" CO="2141.22" HC="12.40" NOx="49.56" PMx="2.75" fuel="45.83" electricity="0.00" noise="128.62" route="routetop" type="cfm_slow" waiting="0.00" lane="top_0" pos="44.93" speed="28.50" angle="193.70" x="-0.82" y="74.05"/>
        <vehicle id="cfm_slow_4" eclass="HBEFA3/PC_G_EU4" CO2="106607.56" CO="2141.22" HC="12.40" NOx="49.56" PMx="2.75" fuel="45.83" electricity="0.00" noise="128.62" route="routeleft" type="cfm_slow" waiting="0.00" lane="left_0" pos="32.93" speed="28.50" angle="125.24" x="30.28" y="7.54"/>
    </timestep>
    <timestep time="2.10">
        <vehicle id="cfm_slow_0" eclass="HBEFA3/PC_G_EU4" CO2="107135.73" CO="2152.94" HC="12.47" NOx="49.81" PMx="2.77" fuel="46.05" electricity="0.00" noise="128.69" route="routebottom" type="cfm_slow" waiting="0.00" lane="bottom_0" pos="31.21" speed="28.64" angle="38.35" x="117.91" y="27.31"/>
        <vehicle id="cfm_slow_1" eclass="HBEFA3/PC_G_EU4" CO2="107135.73" CO="2152.94" HC="12.47" NOx="49.81" PMx="2.77" fuel="46.05" electricity="0.00" noise="128.69" route="routebottom" type="cfm_slow" waiting="0.00" lane="right_0" pos="19.21" speed="28.64" angle="329.90" x="117.43" y="100.73"/>
        <vehicle id="cfm_slow_2" eclass="HBEFA3/PC_G_EU4" CO2="107135.73" CO="2152.94" HC="12.47" NOx="49.81" PMx="2.77" fuel="46.05" electricity="0.00" noise="128.69" route="routetop" type="cfm_slow" waiting="0.00" lane="top_0" pos="7.21" speed="28.64" angle="261.45" x="48.97" y="127.29"/>
        <vehicle id="cfm_slow_3" eclass="HBEFA3/PC_G_EU4" CO2="107135.73" CO="2152.94" HC="12.47" NOx="49.81" PMx="2.77" fuel="46.05" electricity="0.00" noise="128.69" route="routetop" type="cfm_slow" waiting="0.00" lane="top_0" pos="45.21" speed="28.64" angle="193.17" x="-0.90" y="73.47"/>
        <vehicle id="cfm_slow_4" eclass="HBEFA3/PC_G_EU4" CO2="107135.73" CO="2152.94" HC="12.47" NOx="49.81" PMx="2.77" fuel="46.05" electricity="0.00" noise="128.69" route="routeleft" type="cfm_slow" waiting="0.00" lane="left_0" pos="33.21" speed="28.64" angle="124.70" x="30.78" y="7.24"/>
    </timestep>
    <timestep time="2.11">
        <vehicle id="cfm_slow_0" eclass="HBEFA3/PC_G_EU4" CO2="107664.21" CO="2164.68" HC="12.54" NOx="50.06" PMx="2.78" fuel="46.28" electricity="0.00" noise="128.75" route="routebottom" type="cfm_slow" waiting="0.00" lane="bottom_0" pos="31.50" speed="28.77" angle="37.82" x="118.24" y="27.80"/>
        <vehicle id="cfm_slow_1" eclass="HBEFA3/PC_G_EU4" CO2="107664.21" CO="2164.68" HC="12.54" NOx="50.06" PMx="2.78" fuel="46.28" electricity="0.00" noise="128.75" route="routebottom" type="cfm_slow" waiting="0.00" lane="right_0" pos="19.50" speed="28.77" angle="329.37" x="117.08" y="101.21"/>
        <vehicle id="cfm_slow_2" eclass="HBEFA3/PC_G_EU4" CO2="107664.21" CO="2164.68" HC="12.54" NOx="50.06" PMx="2.78" fuel="46.28" electricity="0.00" noise="128.75" route="routetop" type="cfm_slow" waiting="0.00" lane="top_0" pos="7.50" speed="28.77" angle="260.89" x="48.40" y="127.15"/>
        <vehicle id="cfm_slow_3" eclass="HBEFA3/PC_G_EU4" CO2="107664.21" CO="2164.68" HC="12.54" NOx="50.06" PMx="2.78" fuel="46.28" electricity="0.00" noise="128.75" route="routetop" type="cfm_slow" waiting="0.00" lane="top_0" pos="45.50" speed="28.77" angle="192.65" x="-0.99" y="72.89"/>
        <vehicle id="cfm_slow_4" eclass="HBEFA3/PC_G_EU4" CO2="107664.21" CO="2164.68" HC="12.54" NOx="50.06" PMx="2.78" fuel="46.28" electricity="0.00" noise="128.75" route="routeleft" type="cfm_slow" waiting="0.00" lane="left_0" pos="33.50" speed="28.77" angle="124.23" x="31.30" y="6.94"/>
    </timestep>
    <timestep time="2.12">
        <vehicle id="cfm_slow_0" eclass="HBEFA3/PC_G_EU4" CO2="108192.97" CO="2176.44" HC="12.60" NOx="50.30" PMx="2.80" fuel="46.51" electricity="0.00" noise="128.82" route="routebottom" type="cfm_slow" waiting="0.00" lane="bottom_0" pos="31.79" speed="28.91" angle="37.29" x="118.57" y="28.29"/>
        <vehicle id="cfm_slow_1" eclass="HBEFA3/PC_G_EU4" CO2="108192.97" CO="2176.44" HC="12.60" NOx="50.30" PMx="2.80" fuel="46.51" electricity="0.00" noise="128.82" route="routebottom" type="cfm_slow" waiting="0.00" lane="right_0" pos="19.79" speed="28.91" angle="328.84" x="116.74" y="101.69"/>
        <vehicle id="cfm_slow_2" eclass="HBEFA3/PC_G_EU4" CO2="108192.97" CO="2176.44" HC="12.60" NOx="50.30" PMx="2.80" fuel="46.51" electricity="0.00" noise="128.82" route="routetop" type="cfm_slow" waiting="0.00" lane="top_0" pos="7.79" speed="28.91" angle="260.42" x="47.82" y="127.01"/>
        <vehicle id="cfm_slow_3" eclass="HBEFA3/PC_G_EU4" CO2="108192.97" CO="2176.44" HC="12.60" NOx="50.30" PMx="2.80" fuel="46.51" electricity="0.00" noise="128.82" route="routetop" type="cfm_slow" waiting="0.00" lane="top_0" pos="45.79" speed="28.91" angle="192.12" x="-1.07" y="72.30"/>
        <vehicle id="cfm_slow_4" eclass="HBEFA3/PC_G_EU4" CO2="108192.97" CO="2176.44" HC="12.60" NOx="50.30" PMx="2.80" fuel="46.51" electricity="0.00" noise="128.82" route="routeleft" type="cfm_slow" waiting="0.00" lane="left_0" pos="33.79" speed="28.91" angle="123.71" x="31.81" y="6.65"/>
    </timestep>
    <timestep time="2.13">
        <vehicle id="cfm_slow_0" eclass="HBEFA3/PC_G_EU4" CO2="108722.02" CO="2188.22" HC="12.67" NOx="50.55" PMx="2.81" fuel="46.73" electricity="0.00" noise="128.88" route="routebottom" type="cfm_slow" waiting="0.00" lane="bottom_0" pos="32.08" speed="29.05" angle="36.83" x="118.89" y="28.79"/>
        <vehicle id="cfm_slow_1" eclass="HBEFA3/PC_G_EU4" CO2="108722.02" CO="2188.22" HC="12.67" NOx="50.55" PMx="2.81" fuel="46.73" electricity="0.00" noise="128.88" route="routebottom" type="cfm_slow" waiting="0.00" lane="right_0" pos="20.08" speed="29.05" angle="328.30" x="116.39" y="102.17"/>
        <vehicle id="cfm_slow_2" eclass="HBEFA3/PC_G_EU4" CO2="108722.02" CO="2188.22" HC="12.67" NOx="50.55" PMx="2.81" fuel="46.73" electricity="0.00" noise="128.88" route="routetop" type="cfm_slow" waiting="0.00" lane="top_0" pos="8.08" speed="29.05" angle="259.90" x="47.25" y="126.86"/>
        <vehicle id="cfm_slow_3" eclass="HBEFA3/PC_G_EU4" CO2="108722.02" CO="2188.22" HC="12.67" NOx="50.55" PMx="2.81" fuel="46.73" electricity="0.00" noise="128.88" route="routetop" type="cfm_slow" waiting="0.00" lane="top_0" pos="46.08" speed="29.05" angle="191.61" x="-1.15" y="71.71"/>
        <vehicle id="cfm_slow_4" eclass="HBEFA3/PC_G_EU4" CO2="108722.02" CO="2188.22" HC="12.67" NOx="50.55" PMx="2.81" fuel="46.73" electricity="0.00" noise="128.88" route="routeleft" type="cfm_slow" waiting="0.00" lane="left_0" pos="34.08" speed="29.05" angle="123.19" x="32.33" y="6.37"/>
    </timestep>
    <timestep time="2.14">
        <vehicle id="cfm_slow_0" eclass="HBEFA3/PC_G_EU4" CO2="109251.37" CO="2200.03" HC="12.74" NOx="50.80" PMx="2.82" fuel="46.96" electricity="0.00" noise="128.95" route="routebottom" type="cfm_slow" waiting="0.00" lane="bottom_0" pos="32.37" speed="29.18" angle="36.28" x="119.20" y="29.30"/>
        <vehicle id="cfm_slow_1" eclass="HBEFA3/PC_G_EU4" CO2="109251.37" CO="2200.03" HC="12.74" NOx="50.80" PMx="2.82" fuel="46.96" electricity="0.00" noise="128.95" route="routebottom" type="cfm_slow" waiting="0.00" lane="right_0" pos="20.37" speed="29.18" angle="327.75" x="116.04" y="102.66"/>
        <vehicle id="cfm_slow_2" eclass="HBEFA3/PC_G_EU4" CO2="109251.37" CO="2200.03" HC="12.74" NOx="50.80" PMx="2.82" fuel="46.96" electricity="0.00" noise="128.95" route="routetop" type="cfm_slow" waiting="0.00" lane="top_0" pos="8.37" speed="29.18" angle="259.38" x="46.67" y="126.71"/>
        <vehicle id="cfm_slow_3" eclass="HBEFA3/PC_G_EU4" CO2="109251.37" CO="2200.03" HC="12.74" NOx="50.80" PMx="2.82" fuel="46.96" electricity="0.00" noise="128.95" route="routetop" type="cfm_slow" waiting="0.00" lane="top_0" pos="46.37" speed="29.18" angle="191.10" x="-1.22" y="71.12"/>
        <vehicle id="cfm_slow_4" eclass="HBEFA3/PC_G_EU4" CO2="109251.37" CO="2200.03" HC="12.74" NOx="50.80" PMx="2.82" fuel="46.96" electricity="0.00" noise="128.95" route="routeleft" type="cfm_slow" waiting="0.00" lane="left_0" pos="34.37" speed="29.18" angle="122.66" x="32.86" y="6.08"/>
    </timestep>
    <timestep time="2.15">
        <vehicle id="cfm_slow_0" eclass="HBEFA3/PC_G_EU4" CO2="109781.01" CO="2211.86" HC="12.81" NOx="51.04" PMx="2.84" fuel="47.19" electricity="0.00" noise="129.01" route="routebottom" type="cfm_slow" waiting="0.00" lane="bottom_0" pos="32.66" speed="29.32" angle="35.73" x="119.51" y="29.82"/>
        <vehicle id="cfm_slow_1" eclass="HBEFA3/PC_G_EU4" CO2="109781.01" CO="2211.86" HC="12.81" NOx="51.04" PMx="2.84" fuel="47.19" electricity="0.00" noise="129.01" route="routebottom" type="cfm_slow" waiting="0.00" lane="right_0" pos="20.66" speed="29.32" angle="327.27" x="115.67" y="103.14"/>
        <vehicle id="cfm_slow_2" eclass="HBEFA3/PC_G_EU4" CO2="109781.01" CO="2211.86" HC="12.81" NOx="51.04" PMx="2.84" fuel="47.19" electricity="0.00" noise="129.01" route="routetop" type="cfm_slow" waiting="0.00" lane="top_0" pos="8.66" speed="29.32" angle="258.86" x="46.09" y="126.56"/>
        <vehicle id="cfm_slow_3" eclass="HBEFA3/PC_G_EU4" CO2="109781.01" CO="2211.86" HC="12.81" NOx="51.04" PMx="2.84" fuel="47.19" electricity="0.00" noise="129.01" route="routetop" type="cfm_slow" waiting="0.00" lane="top_0" pos="46.66" speed="29.32" angle="190.56" x="-1.28" y="70.52"/>
        <vehicle id="cfm_slow_4" eclass="HBEFA3/PC_G_EU4" CO2="109781.01" CO="2211.86" HC="12.81" NOx="51.04" PMx="2.84" fuel="47.19" electricity="0.00" noise="129.01" route="routeleft" type="cfm_slow" waiting="0.00" lane="left_0" pos="34.66" speed="29.32" angle="122.19" x="33.39" y="5.79"/>
    </timestep>
    <timestep time="2.16">
        <vehicle id="cfm_slow_0" eclass="HBEFA3/PC_G_EU4" CO2="110310.94" CO="2223.71" HC="12.87" NOx="51.29" PMx="2.85" fuel="47.42" electricity="0.00" noise="129.08" route="routebottom" type="cfm_slow" waiting="0.00" lane="bottom_0" pos="32.96" speed="29.45" angle="35.18" x="119.82" y="30.34"/>
        <vehicle id="cfm_slow_1" eclass="HBEFA3/PC_G_EU4" CO2="110310.94" CO="2223.71" HC="12.87" NOx="51.29" PMx="2.85" fuel="47.42" electricity="0.00" noise="129.08" route="routebottom" type="cfm_slow" waiting="0.00" lane="right_0" pos="20.96" speed="29.45" angle="326.73" x="115.30" y="103.62"/>
        <vehicle id="cfm_slow_2" eclass="HBEFA3/PC_G_EU4" CO2="110310.94" CO="2223.71" HC="12.87" NOx="51.29" PMx="2.85" fuel="47.42" electricity="0.00" noise="129.08" route="routetop" type="cfm_slow" waiting="0.00" lane="top_0" pos="8.96" speed="29.45" angle="258.39" x="45.50" y="126.40"/>
        <vehicle id="cfm_slow_3" eclass="HBEFA3/PC_G_EU4" CO2="110310.94" CO="2223.71" HC="12.87" NOx="51.29" PMx="2.85" fuel="47.42" electricity="0.00" noise="129.08" route="routetop" type="cfm_slow" waiting="0.00" lane="top_0" pos="46.96" speed="29.45" angle="190.00" x="-1.34" y="69.92"/>
        <vehicle id="cfm_slow_4" eclass="HBEFA3/PC_G_EU4" CO2="110310.94" CO="2223.71" HC="12.87" NOx="51.29" PMx="2.85" fuel="47.42" electricity="0.00" noise="129.08" route="routeleft" type="cfm_slow" waiting="0.00" lane="left_0" pos="34.96" speed="29.45" angle="121.65" x="33.93" y="5.52"/>
    </timestep>
    <timestep time="2.17">
        <vehicle id="cfm_slow_0" eclass="HBEFA3/PC_G_EU4" CO2="110841.17" CO="2235.58" HC="12.94" NOx="51.54" PMx="2.87" fuel="47.64" electricity="0.00" noise="129.14" route="routebottom" type="cfm_slow" waiting="0.00" lane="bottom_0" pos="33.25" speed="29.59" angle="34.65" x="120.13" y="30.86"/>
        <vehicle id="cfm_slow_1" eclass="HBEFA3/PC_G_EU4" CO2="110841.17" CO="2235.58" HC="12.94" NOx="51.54" PMx="2.87" fuel="47.64" electricity="0.00" noise="129.14" route="routebottom" type="cfm_slow" waiting="0.00" lane="right_0" pos="21.25" speed="29.59" angle="326.19" x="114.93" y="104.09"/>
        <vehicle id="cfm_slow_2" eclass="HBEFA3/PC_G_EU4" CO2="110841.17" CO="2235.58" HC="12.94" NOx="51.54" PMx="2.87" fuel="47.64" electricity="0.00" noise="129.14" route="routetop" type="cfm_slow" waiting="0.00" lane="top_0" pos="9.25" speed="29.59" angle="257.85" x="44.92" y="126.22"/>
        <vehicle id="cfm_slow_3" eclass="HBEFA3/PC_G_EU4" CO2="110841.17" CO="2235.58" HC="12.94" NOx="51.54" PMx="2.87" fuel="47.64" electricity="0.00" noise="129.14" route="routetop" type="cfm_slow" waiting="0.00" lane="top_0" pos="47.25" speed="29.59" angle="189.45" x="-1.40" y="69.31"/>
        <vehicle id="cfm_slow_4" eclass="HBEFA3/PC_G_EU4" CO2="110841.17" CO="2235.58" HC="12.94" NOx="51.54" PMx="2.87" fuel="47.64" electricity="0.00" noise="129.14" route="routeleft" type="cfm_slow" waiting="0.00" lane="left_0" pos="35.25" speed="29.59" angle="121.11" x="34.47" y="5.25"/>
    </timestep>
    <timestep time="2.18">
        <vehicle id="cfm_slow_0" eclass="HBEFA3/PC_G_EU4" CO2="111371.68" CO="2247.47" HC="13.01" NOx="51.78" PMx="2.88" fuel="47.87" electricity="0.00" noise="129.21" route="routebottom" type="cfm_slow" waiting="0.00" lane="bottom_0" pos="33.55" speed="29.73" angle="34.14" x="120.43" y="31.39"/>
        <vehicle id="cfm_slow_1" eclass="HBEFA3/PC_G_EU4" CO2="111371.68" CO="2247.47" HC="13.01" NOx="51.78" PMx="2.88" fuel="47.87" electricity="0.00" noise="129.21" route="routebottom" type="cfm_slow" waiting="0.00" lane="right_0" pos="21.55" speed="29.73" angle="325.65" x="114.55" y="104.57"/>
        <vehicle id="cfm_slow_2" eclass="HBEFA3/PC_G_EU4" CO2="111371.68" CO="2247.47" HC="13.01" NOx="51.78" PMx="2.88" fuel="47.87" electricity="0.00" noise="129.21" route="routetop" type="cfm_slow" waiting="0.00" lane="top_0" pos="9.55" speed="29.73" angle="257.31" x="44.34" y="126.04"/>
        <vehicle id="cfm_slow_3" eclass="HBEFA3/PC_G_EU4" CO2="111371.68" CO="2247.47" HC="13.01" NOx="51.78" PMx="2.88" fuel="47.87" electricity="0.00" noise="129.21" route="routetop" type="cfm_slow" waiting="0.00" lane="top_0" pos="47.55" speed="29.73" angle="188.96" x="-1.45" y="68.71"/>
        <vehicle id="cfm_slow_4" eclass="HBEFA3/PC_G_EU4" CO2="111371.68" CO="2247.47" HC="13.01" NOx="51.78" PMx="2.88" fuel="47.87" electricity="0.00" noise="129.21" route="routeleft" type="cfm_slow" waiting="0.00" lane="left_0" pos="35.55" speed="29.73" angle="120.57" x="35.01" y="4.97"/>
    </timestep>
    <timestep time="2.19">
        <vehicle id="cfm_slow_0" eclass="HBEFA3/PC_G_EU4" CO2="111902.49" CO="2259.38" HC="13.08" NOx="52.03" PMx="2.90" fuel="48.10" electricity="0.00" noise="129.27" route="routebottom" type="cfm_slow" waiting="0.00" lane="bottom_0" pos="33.85" speed="29.86" angle="33.60" x="120.73" y="31.92"/>
        <vehicle id="cfm_slow_1" eclass="HBEFA3/PC_G_EU4" CO2="111902.49" CO="2259.38" HC="13.08" NOx="52.03" PMx="2.90" fuel="48.10" electricity="0.00" noise="129.27" route="routebottom" type="cfm_slow" waiting="0.00" lane="right_0" pos="21.85" speed="29.86" angle="325.16" x="114.17" y="105.05"/>
        <vehicle id="cfm_slow_2" eclass="HBEFA3/PC_G_EU4" CO2="111902.49" CO="2259.38" HC="13.08" NOx="52.03" PMx="2.90" fuel="48.10" electricity="0.00" noise="129.27" route="routetop" type="cfm_slow" waiting="0.00" lane="top_0" pos="9.85" speed="29.86" angle="256.76" x="43.76" y="125.86"/>
        <vehicle id="cfm_slow_3" eclass="HBEFA3/PC_G_EU4" CO2="111902.49" CO="2259.38" HC="13.08" NOx="52.03" PMx="2.90" fuel="48.10" electricity="0.00" noise="129.27" route="routetop" type="cfm_slow" waiting="0.00" lane="top_0" pos="47.85" speed="29.86" angle="188.41" x="-1.49" y="68.09"/>
        <vehicle id="cfm_slow_4" eclass="HBEFA3/PC_G_EU4" CO2="111902.49" CO="2259.38" HC="13.08" NOx="52.03" PMx="2.90" fuel="48.10" electricity="0.00" noise="129.27" route="routeleft" type="cfm_slow" waiting="0.00" lane="left_0" pos="35.85" speed="29.86" angle="120.06" x="35.56" y="4.70"/>
    </timestep>
    <timestep time="2.20">
        <vehicle id="cfm_slow_0" eclass="HBEFA3/PC_G_EU4" CO2="112433.59" CO="2271.32" HC="13.14" NOx="52.28" PMx="2.91" fuel="48.33" electricity="0.00" noise="129.34" route="routebottom" type="cfm_slow" waiting="0.00" lane="bottom_0" pos="34.15" speed="30.00" angle="33.06" x="121.03" y="32.46"/>
        <vehicle id="cfm_slow_1" eclass="HBEFA3/PC_G_EU4" CO2="112433.59" CO="2271.32" HC="13.14" NOx="52.28" PMx="2.91" fuel="48.33" electricity="0.00" noise="129.34" route="routebottom" type="cfm_slow" waiting="0.00" lane="right_0" pos="22.15" speed="30.00" angle="324.61" x="113.78" y="105.52"/>
        <vehicle id="cfm_slow_2" eclass="HBEFA3/PC_G_EU4" CO2="112433.59" CO="2271.32" HC="13.14" NOx="52.28" PMx="2.91" fuel="48.33" electricity="0.00" noise="129.34" route="routetop" type="cfm_slow" waiting="0.00" lane="top_0" pos="10.15" speed="30.00" angle="256.23" x="43.17" y="125.68"/>
        <vehicle id="cfm_slow_3" eclass="HBEFA3/PC_G_EU4" CO2="112433.59" CO="2271.32" HC="13.14" NOx="52.28" PMx="2.91" fuel="48.33" electricity="0.00" noise="129.34" route="routetop" type="cfm_slow" waiting="0.00" lane="top_0" pos="48.15" speed="30.00" angle="187.86" x="-1.53" y="67.48"/>
        <vehicle id="cfm_slow_4" eclass="HBEFA3/PC_G_EU4" CO2="112433.59" CO="2271.32" HC="13.14" NOx="52.28" PMx="2.91" fuel="48.33" electricity="0.00" noise="129.34" route="routeleft" type="cfm_slow" waiting="0.00" lane="left_0" pos="36.15" speed="30.00" angle="119.51" x="36.12" y="4.44"/>
    </timestep>
    <timestep time="2.21">
        <vehicle id="cfm_slow_0" eclass="HBEFA3/PC_G_EU4" CO2="112964.98" CO="2283.27" HC="13.21" NOx="52.53" PMx="2.92" fuel="48.56" electricity="0.00" noise="129.40" route="routebottom" type="cfm_slow" waiting="0.00" lane="bottom_0" pos="34.45" speed="30.14" angle="32.51" x="121.33" y="33.00"/>
        <vehicle id="cfm_slow_1" eclass="HBEFA3/PC_G_EU4" CO2="112964.98" CO="2283.27" HC="13.21" NOx="52.53" PMx="2.92" fuel="48.56" electricity="0.00" noise="129.40" route="routebottom" type="cfm_slow" waiting="0.00" lane="right_0" pos="22.45" speed="30.14" angle="324.06" x="113.38" y="106.00"/>
        <vehicle id="cfm_slow_2" eclass="HBEFA3/PC_G_EU4" CO2="112964.98" CO="2283.27" HC="13.21" NOx="52.53" PMx="2.92" fuel="48.56" electricity="0.00" noise="129.40" route="routetop" type="cfm_slow" waiting="0.00" lane="top_0" pos="10.45" speed="30.14" angle="255.69" x="42.58" y="125.48"/>
        <vehicle id="cfm_slow_3" eclass="HBEFA3/PC_G_EU4" CO2="112964.98" CO="2283.27" HC="13.21" NOx="52.53" PMx="2.92" fuel="48.56" electricity="0.00" noise="129.40" route="routetop" type="cfm_slow" waiting="0.00" lane="top_0" pos="48.45" speed="30.14" angle="187.31" x="-1.56" y="66.86"/>
        <vehicle id="cfm_slow_4" eclass="HBEFA3/PC_G_EU4" CO2="112964.98" CO="2283.27" HC="13.21" NOx="52.53" PMx="2.92" fuel="48.56" electricity="0.00" noise="129.40" route="routeleft" type="cfm_slow" waiting="0.00" lane="left_0" pos="36.45" speed="30.14" angle="118.93" x="36.68" y="4.19"/>
    </timestep>
    <timestep time="2.22">
        <vehicle id="cfm_slow_0" eclass="HBEFA3/PC_G_EU4" CO2="112513.63" CO="2275.00" HC="13.16" NOx="52.31" PMx="2.91" fuel="48.36" electricity="0.00" noise="128.92" route="routebottom" type="cfm_slow" waiting="0.00" lane="bottom_0" pos="34.75" speed="30.27" angle="32.01" x="121.62" y="33.55"/>
        <vehicle id="cfm_slow_1" eclass="HBEFA3/PC_G_EU4" CO2="112513.63" CO="2275.00" HC="13.16" NOx="52.31" PMx="2.91" fuel="48.36" electricity="0.00" noise="128.92" route="routebottom" type="cfm_slow" waiting="0.00" lane="right_0" pos="22.75" speed="30.27" angle="323.51" x="112.98" y="106.47"/>
        <vehicle id="cfm_slow_2" eclass="HBEFA3/PC_G_EU4" CO2="112513.63" CO="2275.00" HC="13.16" NOx="52.31" PMx="2.91" fuel="48.36" electricity="0.00" noise="128.92" route="routetop" type="cfm_slow" waiting="0.00" lane="top_0" pos="10.75" speed="30.27" angle="255.11" x="42.00" y="125.26"/>
        <vehicle id="cfm_slow_3" eclass="HBEFA3/PC_G_EU4" CO2="112513.63" CO="2275.00" HC="13.16" NOx="52.31" PMx="2.91" fuel="48.36" electricity="0.00" noise="128.92" route="routetop" type="cfm_slow" waiting="0.00" lane="top_0" pos="48.75" speed="30.27" angle="186.81" x="-1.60" y="66.24"/>
        <vehicle id="cfm_slow_4" eclass="HBEFA3/PC_G_EU4" CO2="113496.66" CO="2295.25" HC="13.28" NOx="52.78" PMx="2.94" fuel="48.79" electricity="0.00" noise="129.47" route="routeleft" type="cfm_slow" waiting="0.00" lane="left_0" pos="36.75" speed="30.27" angle="118.36" x="37.25" y="3.94"/>
    </timestep>
    <timestep time="2.23">
        <vehicle id="cfm_slow_0" eclass="HBEFA3/PC_G_EU4" CO2="112058.06" CO="2266.65" HC="13.11" NOx="52.09" PMx="2.90" fuel="48.17" electricity="0.00" noise="128.45" route="routebottom" type="cfm_slow" waiting="0.00" lane="bottom_0" pos="35.06" speed="30.41" angle="31.45" x="121.89" y="34.11"/>
        <vehicle id="cfm_slow_1" eclass="HBEFA3/PC_G_EU4" CO2="112058.06" CO="2266.65" HC="13.11" NOx="52.09" PMx="2.90" fuel="48.17" electricity="0.00" noise="128.45" route="routebottom" type="cfm_slow" waiting="0.00" lane="right_0" pos="23.06" speed="30.41" angle="323.01" x="112.58" y="106.95"/>
        <vehicle id="cfm_slow_2" eclass="HBEFA3/PC_G_EU4" CO2="112058.06" CO="2266.65" HC="13.11" NOx="52.09" PMx="2.90" fuel="48.17" electricity="0.00" noise="128.45" route="routetop" type="cfm_slow" waiting="0.00" lane="top_0" pos="11.06" speed="30.41" angle="254.51" x="41.42" y="125.05"/>
        <vehicle id="cfm_slow_3" eclass="HBEFA3/PC_G_EU4" CO2="112067.12" CO="2266.84" HC="13.11" NOx="52.10" PMx="2.90" fuel="48.17" electricity="0.00" noise="128.45" route="routetop" type="cfm_slow" waiting="0.00" lane="top_0" pos="49.06" speed="30.41" angle="186.23" x="-1.61" y="65.62"/>
        <vehicle id="cfm_slow_4" eclass="HBEFA3/PC_G_EU4" CO2="114028.63" CO="2307.25" HC="13.35" NOx="53.02" PMx="2.95" fuel="49.02" electricity="0.00" noise="129.54" route="routeleft" type="cfm_slow" waiting="0.00" lane="left_0" pos="37.06" speed="30.41" angle="117.78" x="37.82" y="3.68"/>
    </timestep>
    <timestep time="2.24">
        <vehicle id="cfm_slow_0" eclass="HBEFA3/PC_G_EU4" CO2="111598.44" CO="2258.22" HC="13.06" NOx="51.87" PMx="2.89" fuel="47.97" electricity="0.00" noise="127.98" route="routebottom" type="cfm_slow" waiting="0.00" lane="bottom_0" pos="35.36" speed="30.54" angle="30.88" x="122.17" y="34.67"/>
        <vehicle id="cfm_slow_1" eclass="HBEFA3/PC_G_EU4" CO2="111598.44" CO="2258.22" HC="13.06" NOx="51.87" PMx="2.89" fuel="47.97" electricity="0.00" noise="127.98" route="routebottom" type="cfm_slow" waiting="0.00" lane="right_0" pos="23.36" speed="30.54" angle="322.47" x="112.15" y="107.41"/>
        <vehicle id="cfm_slow_2" eclass="HBEFA3/PC_G_EU4" CO2="111598.53" CO="2258.22" HC="13.06" NOx="51.87" PMx="2.89" fuel="47.97" electricity="0.00" noise="127.98" route="routetop" type="cfm_slow" waiting="0.00" lane="top_0" pos="11.36" speed="30.54" angle="253.92" x="40.83" y="124.84"/>
        <vehicle id="cfm_slow_3" eclass="HBEFA3/PC_G_EU4" CO2="111625.64" CO="2258.78" HC="13.07" NOx="51.89" PMx="2.89" fuel="47.98" electricity="0.00" noise="127.99" route="routetop" type="cfm_slow" waiting="0.00" lane="top_0" pos="49.36" speed="30.54" angle="185.66" x="-1.62" y="64.99"/>
        <vehicle id="cfm_slow_4" eclass="HBEFA3/PC_G_EU4" CO2="114560.90" CO="2319.27" HC="13.41" NOx="53.27" PMx="2.97" fuel="49.24" electricity="0.00" noise="129.60" route="routeleft" type="cfm_slow" waiting="0.00" lane="left_0" pos="37.36" speed="30.55" angle="117.27" x="38.40" y="3.44"/>
    </timestep>
    <timestep time="2.25">
        <vehicle id="cfm_slow_0" eclass="HBEFA3/PC_G_EU4" CO2="111134.97" CO="2249.72" HC="13.01" NOx="51.65" PMx="2.88" fuel="47.77" electricity="0.00" noise="127.51" route="routebottom" type="cfm_slow" waiting="0.00" lane="bottom_0" pos="35.67" speed="30.67" angle="30.31" x="122.46" y="35.23"/>
        <vehicle id="cfm_slow_1" eclass="HBEFA3/PC_G_EU4" CO2="111134.98" CO="2249.72" HC="13.01" NOx="51.65" PMx="2.88" fuel="47.77" electricity="0.00" noise="127.51" route="routebottom" type="cfm_slow" waiting="0.00" lane="right_0" pos="23.67" speed="30.67" angle="321.91" x="111.72" y="107.87"/>
        <vehicle id="cfm_slow_2" eclass="HBEFA3/PC_G_EU4" CO2="111135.31" CO="2249.72" HC="13.01" NOx="51.65" PMx="2.88" fuel="47.77" electricity="0.00" noise="127.51" route="routetop" type="cfm_slow" waiting="0.00" lane="top_0" pos="11.67" speed="30.67" angle="253.42" x="40.24" y="124.61"/>
        <vehicle id="cfm_slow_3" eclass="HBEFA3/PC_G_EU4" CO2="111189.37" CO="2250.84" HC="13.02" NOx="51.68" PMx="2.88" fuel="47.79" electricity="0.00" noise="127.54" route="routetop" type="cfm_slow" waiting="0.00" lane="top_0" pos="49.67" speed="30.67" angle="185.08" x="-1.64" y="64.37"/>
        <vehicle id="cfm_slow_4" eclass="HBEFA3/PC_G_EU4" CO2="115093.46" CO="2331.31" HC="13.48" NOx="53.52" PMx="2.98" fuel="49.47" electricity="0.00" noise="129.67" route="routeleft" type="cfm_slow" waiting="0.00" lane="left_0" pos="37.67" speed="30.68" angle="116.70" x="38.98" y="3.21"/>
    </timestep>
    <timestep time="2.26">
        <vehicle id="cfm_slow_0" eclass="HBEFA3/PC_G_EU4" CO2="110667.83" CO="2241.14" HC="12.96" NOx="51.43" PMx="2.87" fuel="47.57" electricity="0.00" noise="127.04" route="routebottom" type="cfm_slow" waiting="0.00" lane="bottom_0" pos="35.98" speed="30.80" angle="29.79" x="122.73" y="35.80"/>
        <vehicle id="cfm_slow_1" eclass="HBEFA3/PC_G_EU4" CO2="110667.84" CO="2241.14" HC="12.96" NOx="51.43" PMx="2.87" fuel="47.57" electricity="0.00" noise="127.04" route="routebottom" type="cfm_slow" waiting="0.00" lane="right_0" pos="23.98" speed="30.80" angle="321.34" x="111.30" y="108.33"/>
        <vehicle id="cfm_slow_2" eclass="HBEFA3/PC_G_EU4" CO2="110668.67" CO="2241.16" HC="12.96" NOx="51.43" PMx="2.87" fuel="47.57" electricity="0.00" noise="127.04" route="routetop" type="cfm_slow" waiting="0.00" lane="top_0" pos="11.98" speed="30.80" angle="252.88" x="39.65" y="124.38"/>
        <vehicle id="cfm_slow_3" eclass="HBEFA3/PC_G_EU4" CO2="110758.47" CO="2243.01" HC="12.97" NOx="51.47" PMx="2.87" fuel="47.61" electricity="0.00" noise="127.09" route="routetop" type="cfm_slow" waiting="0.00" lane="top_0" pos="49.98" speed="30.80" angle="184.54" x="-1.65" y="63.73"/>
        <vehicle id="cfm_slow_4" eclass="HBEFA3/PC_G_EU4" CO2="115626.31" CO="2343.38" HC="13.55" NOx="53.77" PMx="3.00" fuel="49.70" electricity="0.00" noise="129.73" route="routeleft" type="cfm_slow" waiting="0.00" lane="left_0" pos="37.98" speed="30.82" angle="116.12" x="39.57" y="2.97"/>
    </timestep>
    <timestep time="2.27">
        <vehicle id="cfm_slow_0" eclass="HBEFA3/PC_G_EU4" CO2="110197.19" CO="2232.50" HC="12.91" NOx="51.20" PMx="2.86" fuel="47.37" electricity="0.00" noise="126.58" route="routebottom" type="cfm_slow" waiting="0.00" lane="bottom_0" pos="36.29" speed="30.93" angle="29.20" x="122.99" y="36.38"/>
        <vehicle id="cfm_slow_1" eclass="HBEFA3/PC_G_EU4" CO2="110197.21" CO="2232.50" HC="12.91" NOx="51.20" PMx="2.86" fuel="47.37" electricity="0.00" noise="126.58" route="routebottom" type="cfm_slow" waiting="0.00" lane="right_0" pos="24.29" speed="30.93" angle="320.80" x="110.86" y="108.80"/>
        <vehicle id="cfm_slow_2" eclass="HBEFA3/PC_G_EU4" CO2="110198.86" CO="2232.54" HC="12.91" NOx="51.21" PMx="2.86" fuel="47.37" electricity="0.00" noise="126.59" route="routetop" type="cfm_slow" waiting="0.00" lane="top_0" pos="12.29" speed="30.93" angle="252.34" x="39.06" y="124.14"/>
        <vehicle id="cfm_slow_3" eclass="HBEFA3/PC_G_EU4" CO2="110333.13" CO="2235.30" HC="12.93" NOx="51.27" PMx="2.86" fuel="47.43" electricity="0.00" noise="126.66" route="routetop" type="cfm_slow" waiting="0.00" lane="left_0" pos="0.29" speed="30.93" angle="183.96" x="-1.64" y="63.04"/>
        <vehicle id="cfm_slow_4" eclass="HBEFA3/PC_G_EU4" CO2="116159.45" CO="2355.46" HC="13.62" NOx="54.02" PMx="3.01" fuel="49.93" electricity="0.00" noise="129.80" route="routeleft" type="cfm_slow" waiting="0.00" lane="left_0" pos="38.29" speed="30.95" angle="115.54" x="40.16" y="2.74"/>
    </timestep>
    <timestep time="2.28">
        <vehicle id="cfm_slow_0" eclass="HBEFA3/PC_G_EU4" CO2="109723.23" CO="2223.79" HC="12.86" NOx="50.98" PMx="2.84" fuel="47.16" electricity="0.00" noise="126.13" route="routebottom" type="cfm_slow" waiting="0.00" lane="bottom_0" pos="36.60" speed="31.06" angle="28.61" x="123.25" y="36.96"/>
        <vehicle id="cfm_slow_1" eclass="HBEFA3/PC_G_EU4" CO2="109723.26" CO="2223.80" HC="12.86" NOx="50.98" PMx="2.84" fuel="47.16" electricity="0.00" noise="126.13" route="routebottom" type="cfm_slow" waiting="0.00" lane="right_0" pos="24.60" speed="31.06" angle="320.27" x="110.42" y="109.25"/>
        <vehicle id="cfm_slow_2" eclass="HBEFA3/PC_G_EU4" CO2="109726.14" CO="2223.85" HC="12.86" NOx="50.98" PMx="2.84" fuel="47.17" electricity="0.00" noise="126.13" route="routetop" type="cfm_slow" waiting="0.00" lane="top_0" pos="12.60" speed="31.06" angle="251.80" x="38.47" y="123.91"/>
        <vehicle id="cfm_slow_3" eclass="HBEFA3/PC_G_EU4" CO2="109913.48" CO="2227.72" HC="12.88" NOx="51.07" PMx="2.85" fuel="47.25" electricity="0.00" noise="126.23" route="routetop" type="cfm_slow" waiting="0.00" lane="left_0" pos="0.60" speed="31.06" angle="183.40" x="-1.63" y="62.40"/>
        <vehicle id="cfm_slow_4" eclass="HBEFA3/PC_G_EU4" CO2="116692.89" CO="2367.57" HC="13.69" NOx="54.27" PMx="3.03" fuel="50.16" electricity="0.00" noise="129.86" route="routeleft" type="cfm_slow" waiting="0.00" lane="left_0" pos="38.60" speed="31.09" angle="115.02" x="40.75" y="2.51"/>
    </timestep>
    <timestep time="2.29">
        <vehicle id="cfm_slow_0" eclass="HBEFA3/PC_G_EU4" CO2="109246.11" CO="2215.03" HC="12.81" NOx="50.75" PMx="2.83" fuel="46.96" electricity="0.00" noise="125.68" route="routebottom" type="cfm_slow" waiting="0.00" lane="bottom_0" pos="36.91" speed="31.18" angle="28.01" x="123.51" y="37.54"/>
        <vehicle id="cfm_slow_1" eclass="HBEFA3/PC_G_EU4" CO2="109246.16" CO="2215.03" HC="12.81" NOx="50.75" PMx="2.83" fuel="46.96" electricity="0.00" noise="125.68" route="routebottom" type="cfm_slow" waiting="0.00" lane="right_0" pos="24.91" speed="31.18" angle="319.70" x="109.97" y="109.70"/>
        <vehicle id="cfm_slow_2" eclass="HBEFA3/PC_G_EU4" CO2="109250.76" CO="2215.12" HC="12.81" NOx="50.75" PMx="2.83" fuel="46.96" electricity="0.00" noise="125.68" route="routetop" type="cfm_slow" waiting="0.00" lane="top_0" pos="12.91" speed="31.18" angle="251.28" x="37.88" y="123.66"/>
        <vehicle id="cfm_slow_3" eclass="HBEFA3/PC_G_EU4" CO2="109499.68" CO="2220.26" HC="12.84" NOx="50.87" PMx="2.84" fuel="47.07" electricity="0.00" noise="125.81" route="routetop" type="cfm_slow" waiting="0.00" lane="left_0" pos="0.91" speed="31.18" angle="182.83" x="-1.61" y="61.76"/>
        <vehicle id="cfm_slow_4" eclass="HBEFA3/PC_G_EU4" CO2="117226.61" CO="2379.70" HC="13.76" NOx="54.52" PMx="3.04" fuel="50.39" electricity="0.00" noise="129.93" route="routeleft" type="cfm_slow" waiting="0.00" lane="left_0" pos="38.91" speed="31.23" angle="114.44" x="41.36" y="2.29"/>
    </timestep>
    <timestep time="2.30">
        <vehicle id="cfm_slow_0" eclass="HBEFA3/PC_G_EU4" CO2="108765.99" CO="2206.20" HC="12.76" NOx="50.52" PMx="2.82" fuel="46.75" electricity="0.00" noise="125.23" route="routebottom" type="cfm_slow" waiting="0.00" lane="bottom_0" pos="37.22" speed="31.31" angle="27.49" x="123.77" y="38.13"/>
        <vehicle id="cfm_slow_1" eclass="HBEFA3/PC_G_EU4" CO2="108766.09" CO="2206.20" HC="12.76" NOx="50.52" PMx="2.82" fuel="46.75" electricity="0.00" noise="125.23" route="routebottom" type="cfm_slow" waiting="0.00" lane="right_0" pos="25.22" speed="31.31" angle="319.12" x="109.51" y="110.16"/>
        <vehicle id="cfm_slow_2" eclass="HBEFA3/PC_G_EU4" CO2="108772.96" CO="2206.35" HC="12.76" NOx="50.52" PMx="2.82" fuel="46.76" electricity="0.00" noise="125.24" route="routetop" type="cfm_slow" waiting="0.00" lane="top_0" pos="13.22" speed="31.31" angle="250.70" x="37.29" y="123.40"/>
        <vehicle id="cfm_slow_3" eclass="HBEFA3/PC_G_EU4" CO2="109091.87" CO="2212.92" HC="12.80" NOx="50.68" PMx="2.83" fuel="46.89" electricity="0.00" noise="125.41" route="routetop" type="cfm_slow" waiting="0.00" lane="left_0" pos="1.22" speed="31.31" angle="182.28" x="-1.60" y="61.12"/>
        <vehicle id="cfm_slow_4" eclass="HBEFA3/PC_G_EU4" CO2="117760.63" CO="2391.85" HC="13.83" NOx="54.76" PMx="3.06" fuel="50.62" electricity="0.00" noise="129.99" route="routeleft" type="cfm_slow" waiting="0.00" lane="left_0" pos="39.23" speed="31.36" angle="113.86" x="41.96" y="2.08"/>
    </timestep>
    <timestep time="2.31">
        <vehicle id="cfm_slow_0" eclass="HBEFA3/PC_G_EU4" CO2="108283.04" CO="2197.32" HC="12.70" NOx="50.29" PMx="2.81" fuel="46.55" electricity="0.00" noise="124.79" route="routebottom" type="cfm_slow" waiting="0.00" lane="bottom_0" pos="37.54" speed="31.43" angle="26.92" x="124.01" y="38.73"/>
        <vehicle id="cfm_slow_1" eclass="HBEFA3/PC_G_EU4" CO2="108283.20" CO="2197.33" HC="12.70" NOx="50.29" PMx="2.81" fuel="46.55" electricity="0.00" noise="124.79" route="routebottom" type="cfm_slow" waiting="0.00" lane="right_0" pos="25.54" speed="31.43" angle="318.56" x="109.06" y="110.61"/>
        <vehicle id="cfm_slow_2" eclass="HBEFA3/PC_G_EU4" CO2="108292.98" CO="2197.53" HC="12.71" NOx="50.30" PMx="2.81" fuel="46.55" electricity="0.00" noise="124.79" route="routetop" type="cfm_slow" waiting="0.00" lane="top_0" pos="13.54" speed="31.43" angle="250.11" x="36.71" y="123.14"/>
        <vehicle id="cfm_slow_3" eclass="HBEFA3/PC_G_EU4" CO2="108690.18" CO="2205.72" HC="12.75" NOx="50.48" PMx="2.82" fuel="46.72" electricity="0.00" noise="125.01" route="routetop" type="cfm_slow" waiting="0.00" lane="left_0" pos="1.54" speed="31.44" angle="181.73" x="-1.57" y="60.48"/>
        <vehicle id="cfm_slow_4" eclass="HBEFA3/PC_G_EU4" CO2="118294.94" CO="2404.02" HC="13.90" NOx="55.01" PMx="3.07" fuel="50.85" electricity="0.00" noise="130.06" route="routeleft" type="cfm_slow" waiting="0.00" lane="left_0" pos="39.54" speed="31.50" angle="113.29" x="42.57" y="1.86"/>
    </timestep>
    <timestep time="2.32">
        <vehicle id="cfm_slow_0" eclass="HBEFA3/PC_G_EU4" CO2="107797.42" CO="2188.39" HC="12.65" NOx="50.06" PMx="2.80" fuel="46.34" electricity="0.00" noise="124.35" route="routebottom" type="cfm_slow" waiting="0.00" lane="bottom_0" pos="37.85" speed="31.56" angle="26.34" x="124.25" y="39.33"/>
        <vehicle id="cfm_slow_1" eclass="HBEFA3/PC_G_EU4" CO2="107797.66" CO="2188.39" HC="12.65" NOx="50.06" PMx="2.80" fuel="46.34" electricity="0.00" noise="124.35" route="routebottom" type="cfm_slow" waiting="0.00" lane="right_0" pos="25.85" speed="31.56" angle="318.03" x="108.59" y="111.06"/>
        <vehicle id="cfm_slow_2" eclass="HBEFA3/PC_G_EU4" CO2="107811.06" CO="2188.67" HC="12.65" NOx="50.07" PMx="2.80" fuel="46.34" electricity="0.00" noise="124.36" route="routetop" type="cfm_slow" waiting="0.00" lane="top_0" pos="13.85" speed="31.56" angle="249.52" x="36.12" y="122.87"/>
        <vehicle id="cfm_slow_3" eclass="HBEFA3/PC_G_EU4" CO2="108294.73" CO="2198.65" HC="12.71" NOx="50.29" PMx="2.81" fuel="46.55" electricity="0.00" noise="124.61" route="routetop" type="cfm_slow" waiting="0.00" lane="left_0" pos="1.85" speed="31.56" angle="181.16" x="-1.53" y="59.83"/>
        <vehicle id="cfm_slow_4" eclass="HBEFA3/PC_G_EU4" CO2="118829.54" CO="2416.21" HC="13.96" NOx="55.26" PMx="3.08" fuel="51.08" electricity="0.00" noise="130.12" route="routeleft" type="cfm_slow" waiting="0.00" lane="left_0" pos="39.86" speed="31.64" angle="112.77" x="43.18" y="1.65"/>
    </timestep>
    <timestep time="2.33">
        <vehicle id="cfm_slow_0" eclass="HBEFA3/PC_G_EU4" CO2="107309.26" CO="2179.41" HC="12.60" NOx="49.83" PMx="2.78" fuel="46.13" electricity="0.00" noise="123.92" route="routebottom" type="cfm_slow" waiting="0.00" lane="bottom_0" pos="38.17" speed="31.68" angle="25.76" x="124.49" y="39.93"/>
        <vehicle id="cfm_slow_1" eclass="HBEFA3/PC_G_EU4" CO2="107309.63" CO="2179.42" HC="12.60" NOx="49.83" PMx="2.78" fuel="46.13" electricity="0.00" noise="123.92" route="routebottom" type="cfm_slow" waiting="0.00" lane="right_0" pos="26.17" speed="31.68" angle="317.45" x="108.11" y="111.50"/>
        <vehicle id="cfm_slow_2" eclass="HBEFA3/PC_G_EU4" CO2="107327.42" CO="2179.78" HC="12.60" NOx="49.83" PMx="2.78" fuel="46.13" electricity="0.00" noise="123.93" route="routetop" type="cfm_slow" waiting="0.00" lane="top_0" pos="14.17" speed="31.68" angle="248.99" x="35.53" y="122.60"/>
        <vehicle id="cfm_slow_3" eclass="HBEFA3/PC_G_EU4" CO2="107905.64" CO="2191.71" HC="12.67" NOx="50.11" PMx="2.80" fuel="46.38" electricity="0.00" noise="124.23" route="routetop" type="cfm_slow" waiting="0.00" lane="left_0" pos="2.17" speed="31.68" angle="180.58" x="-1.49" y="59.18"/>
        <vehicle id="cfm_slow_4" eclass="HBEFA3/PC_G_EU4" CO2="119364.44" CO="2428.43" HC="14.03" NOx="55.51" PMx="3.10" fuel="51.31" electricity="0.00" noise="130.19" route="routeleft" type="cfm_slow" waiting="0.00" lane="left_0" pos="40.17" speed="31.77" angle="112.18" x="43.80" y="1.45"/>
    </timestep>
    <timestep time="2.34">
        <vehicle id="cfm_slow_0" eclass="HBEFA3/PC_G_EU4" CO2="106818.74" CO="2170.38" HC="12.55" NOx="49.59" PMx="2.77" fuel="45.92" electricity="0.00" noise="123.48" route="routebottom" type="cfm_slow" waiting="0.00" lane="bottom_0" pos="38.49" speed="31.80" angle="25.22" x="124.73" y="40.54"/>
        <vehicle id="cfm_slow_1" eclass="HBEFA3/PC_G_EU4" CO2="106819.27" CO="2170.39" HC="12.55" NOx="49.59" PMx="2.77" fuel="45.92" electricity="0.00" noise="123.49" route="routebottom" type="cfm_slow" waiting="0.00" lane="right_0" pos="26.49" speed="31.80" angle="316.87" x="107.63" y="111.94"/>
        <vehicle id="cfm_slow_2" eclass="HBEFA3/PC_G_EU4" CO2="106842.30" CO="2170.87" HC="12.55" NOx="49.60" PMx="2.77" fuel="45.93" electricity="0.00" noise="123.50" route="routetop" type="cfm_slow" waiting="0.00" lane="top_0" pos="14.49" speed="31.80" angle="248.40" x="34.94" y="122.31"/>
        <vehicle id="cfm_slow_3" eclass="HBEFA3/PC_G_EU4" CO2="107523.02" CO="2184.92" HC="12.63" NOx="49.92" PMx="2.79" fuel="46.22" electricity="0.00" noise="123.85" route="routetop" type="cfm_slow" waiting="0.00" lane="left_0" pos="2.49" speed="31.80" angle="180.02" x="-1.45" y="58.53"/>
        <vehicle id="cfm_slow_4" eclass="HBEFA3/PC_G_EU4" CO2="119899.62" CO="2440.67" HC="14.10" NOx="55.76" PMx="3.11" fuel="51.54" electricity="0.00" noise="130.25" route="routeleft" type="cfm_slow" waiting="0.00" lane="left_0" pos="40.49" speed="31.91" angle="111.58" x="44.43" y="1.26"/>
    </timestep>
    <timestep time="2.35">
        <vehicle id="cfm_slow_0" eclass="HBEFA3/PC_G_EU4" CO2="106325.98" CO="2161.31" HC="12.49" NOx="49.36" PMx="2.76" fuel="45.70" electricity="0.00" noise="123.06" route="routebottom" type="cfm_slow" waiting="0.00" lane="bottom_0" pos="38.81" speed="31.92" angle="24.65" x="124.96" y="41.16"/>
        <vehicle id="cfm_slow_1" eclass="HBEFA3/PC_G_EU4" CO2="106326.72" CO="2161.32" HC="12.49" NOx="49.36" PMx="2.76" fuel="45.70" electricity="0.00" noise="123.06" route="routebottom" type="cfm_slow" waiting="0.00" lane="right_0" pos="26.81" speed="31.92" angle="316.30" x="107.15" y="112.39"/>
        <vehicle id="cfm_slow_2" eclass="HBEFA3/PC_G_EU4" CO2="106355.91" CO="2161.93" HC="12.50" NOx="49.37" PMx="2.76" fuel="45.72" electricity="0.00" noise="123.07" route="routetop" type="cfm_slow" waiting="0.00" lane="top_0" pos="14.81" speed="31.92" angle="247.81" x="34.36" y="122.02"/>
        <vehicle id="cfm_slow_3" eclass="HBEFA3/PC_G_EU4" CO2="107146.98" CO="2178.26" HC="12.59" NOx="49.74" PMx="2.78" fuel="46.06" electricity="0.00" noise="123.49" route="routetop" type="cfm_slow" waiting="0.00" lane="left_0" pos="2.81" speed="31.93" angle="179.46" x="-1.39" y="57.88"/>
        <vehicle id="cfm_slow_4" eclass="HBEFA3/PC_G_EU4" CO2="120435.10" CO="2452.92" HC="14.17" NOx="56.01" PMx="3.13" fuel="51.77" electricity="0.00" noise="130.32" route="routeleft" type="cfm_slow" waiting="0.00" lane="left_0" pos="40.81" speed="32.05" angle="110.99" x="45.06" y="1.06"/>
    </timestep>
    <timestep time="2.36">
        <vehicle id="cfm_slow_0" eclass="HBEFA3/PC_G_EU4" CO2="105831.13" CO="2152.20" HC="12.44" NOx="49.12" PMx="2.75" fuel="45.49" electricity="0.00" noise="122.63" route="routebottom" type="cfm_slow" waiting="0.00" lane="bottom_0" pos="39.13" speed="32.04" angle="24.07" x="125.18" y="41.77"/>
        <vehicle id="cfm_slow_1" eclass="HBEFA3/PC_G_EU4" CO2="105832.14" CO="2152.22" HC="12.44" NOx="49.12" PMx="2.75" fuel="45.49" electricity="0.00" noise="122.64" route="routebottom" type="cfm_slow" waiting="0.00" lane="right_0" pos="27.13" speed="32.04" angle="315.73" x="106.66" y="112.82"/>
        <vehicle id="cfm_slow_2" eclass="HBEFA3/PC_G_EU4" CO2="105868.48" CO="2152.97" HC="12.44" NOx="49.14" PMx="2.75" fuel="45.51" electricity="0.00" noise="122.65" route="routetop" type="cfm_slow" waiting="0.00" lane="top_0" pos="15.13" speed="32.04" angle="247.21" x="33.77" y="121.72"/>
        <vehicle id="cfm_slow_3" eclass="HBEFA3/PC_G_EU4" CO2="106777.61" CO="2171.74" HC="12.55" NOx="49.57" PMx="2.77" fuel="45.90" electricity="0.00" noise="123.13" route="routetop" type="cfm_slow" waiting="0.00" lane="left_0" pos="3.13" speed="32.05" angle="178.88" x="-1.32" y="57.23"/>
        <vehicle id="cfm_slow_4" eclass="HBEFA3/PC_G_EU4" CO2="120970.87" CO="2465.20" HC="14.24" NOx="56.26" PMx="3.14" fuel="52.00" electricity="0.00" noise="130.38" route="routeleft" type="cfm_slow" waiting="0.00" lane="left_0" pos="41.14" speed="32.18" angle="110.45" x="45.69" y="0.88"/>
    </timestep>
    <timestep time="2.37">
        <vehicle id="cfm_slow_0" eclass="HBEFA3/PC_G_EU4" CO2="105334.33" CO="2143.05" HC="12.39" NOx="48.88" PMx="2.73" fuel="45.28" electricity="0.00" noise="122.22" route="routebottom" type="cfm_slow" waiting="0.00" lane="bottom_0" pos="39.45" speed="32.16" angle="23.49" x="125.41" y="42.39"/>
        <vehicle id="cfm_slow_1" eclass="HBEFA3/PC_G_EU4" CO2="105335.67" CO="2143.07" HC="12.39" NOx="48.88" PMx="2.73" fuel="45.28" electricity="0.00" noise="122.22" route="routebottom" type="cfm_slow" waiting="0.00" lane="right_0" pos="27.45" speed="32.16" angle="315.10" x="106.15" y="113.25"/>
        <vehicle id="cfm_slow_2" eclass="HBEFA3/PC_G_EU4" CO2="105380.20" CO="2143.99" HC="12.39" NOx="48.91" PMx="2.74" fuel="45.30" electricity="0.00" noise="122.24" route="routetop" type="cfm_slow" waiting="0.00" lane="top_0" pos="15.45" speed="32.16" angle="246.69" x="33.18" y="121.42"/>
        <vehicle id="cfm_slow_3" eclass="HBEFA3/PC_G_EU4" CO2="106415.00" CO="2165.36" HC="12.51" NOx="49.39" PMx="2.76" fuel="45.74" electricity="0.00" noise="122.77" route="routetop" type="cfm_slow" waiting="0.00" lane="left_0" pos="3.45" speed="32.16" angle="178.29" x="-1.26" y="56.57"/>
        <vehicle id="cfm_slow_4" eclass="HBEFA3/PC_G_EU4" CO2="121506.93" CO="2477.51" HC="14.31" NOx="56.51" PMx="3.16" fuel="52.23" electricity="0.00" noise="130.45" route="routeleft" type="cfm_slow" waiting="0.00" lane="left_0" pos="41.46" speed="32.32" angle="109.86" x="46.33" y="0.71"/>
    </timestep>
    <timestep time="2.38">
        <vehicle id="cfm_slow_0" eclass="HBEFA3/PC_G_EU4" CO2="104835.72" CO="2133.86" HC="12.33" NOx="48.65" PMx="2.72" fuel="45.06" electricity="0.00" noise="121.80" route="routebottom" type="cfm_slow" waiting="0.00" lane="bottom_0" pos="39.77" speed="32.27" angle="22.98" x="125.63" y="43.01"/>
        <vehicle id="cfm_slow_1" eclass="HBEFA3/PC_G_EU4" CO2="104837.46" CO="2133.90" HC="12.33" NOx="48.65" PMx="2.72" fuel="45.06" electricity="0.00" noise="121.80" route="routebottom" type="cfm_slow" waiting="0.00" lane="right_0" pos="27.77" speed="32.27" angle="314.47" x="105.65" y="113.67"/>
        <vehicle id="cfm_slow_2" eclass="HBEFA3/PC_G_EU4" CO2="104891.30" CO="2135.01" HC="12.34" NOx="48.67" PMx="2.72" fuel="45.09" electricity="0.00" noise="121.83" route="routetop" type="cfm_slow" waiting="0.00" lane="top_0" pos="15.77" speed="32.27" angle="246.11" x="32.60" y="121.10"/>
        <vehicle id="cfm_slow_3" eclass="HBEFA3/PC_G_EU4" CO2="106059.24" CO="2159.13" HC="12.48" NOx="49.22" PMx="2.75" fuel="45.59" electricity="0.00" noise="122.43" route="routetop" type="cfm_slow" waiting="0.00" lane="left_0" pos="3.77" speed="32.28" angle="177.72" x="-1.19" y="55.91"/>
        <vehicle id="cfm_slow_4" eclass="HBEFA3/PC_G_EU4" CO2="122043.29" CO="2489.83" HC="14.38" NOx="56.76" PMx="3.17" fuel="52.46" electricity="0.00" noise="130.52" route="routeleft" type="cfm_slow" waiting="0.00" lane="left_0" pos="41.78" speed="32.45" angle="109.27" x="46.97" y="0.53"/>
    </timestep>
    <timestep time="2.39">
        <vehicle id="cfm_slow_0" eclass="HBEFA3/PC_G_EU4" CO2="104335.42" CO="2124.64" HC="12.28" NOx="48.41" PMx="2.71" fuel="44.85" electricity="0.00" noise="121.39" route="routebottom" type="cfm_slow" waiting="0.00" lane="bottom_0" pos="40.10" speed="32.39" angle="22.38" x="125.83" y="43.65"/>
        <vehicle id="cfm_slow_1" eclass="HBEFA3/PC_G_EU4" CO2="104337.65" CO="2124.69" HC="12.28" NOx="48.41" PMx="2.71" fuel="44.85" electricity="0.00" noise="121.39" route="routebottom" type="cfm_slow" waiting="0.00" lane="right_0" pos="28.10" speed="32.39" angle="313.84" x="105.14" y="114.10"/>
        <vehicle id="cfm_slow_2" eclass="HBEFA3/PC_G_EU4" CO2="104401.98" CO="2126.02" HC="12.29" NOx="48.44" PMx="2.71" fuel="44.88" electricity="0.00" noise="121.42" route="routetop" type="cfm_slow" waiting="0.00" lane="top_0" pos="16.10" speed="32.39" angle="245.53" x="32.02" y="120.78"/>
        <vehicle id="cfm_slow_3" eclass="HBEFA3/PC_G_EU4" CO2="105710.41" CO="2153.05" HC="12.44" NOx="49.06" PMx="2.75" fuel="45.44" electricity="0.00" noise="122.09" route="routetop" type="cfm_slow" waiting="0.00" lane="left_0" pos="4.10" speed="32.40" angle="177.16" x="-1.10" y="55.26"/>
        <vehicle id="cfm_slow_4" eclass="HBEFA3/PC_G_EU4" CO2="122579.93" CO="2502.17" HC="14.45" NOx="57.01" PMx="3.19" fuel="52.69" electricity="0.00" noise="130.58" route="routeleft" type="cfm_slow" waiting="0.00" lane="left_0" pos="42.11" speed="32.59" angle="108.67" x="47.62" y="0.36"/>
    </timestep>
    <timestep time="2.40">
        <vehicle id="cfm_slow_0" eclass="HBEFA3/PC_G_EU4" CO2="103833.57" CO="2115.39" HC="12.22" NOx="48.17" PMx="2.70" fuel="44.63" electricity="0.00" noise="120.98" route="routebottom" type="cfm_slow" waiting="0.00" lane="bottom_0" pos="40.42" speed="32.50" angle="21.77" x="126.03" y="44.28"/>
        <vehicle id="cfm_slow_1" eclass="HBEFA3/PC_G_EU4" CO2="103836.38" CO="2115.45" HC="12.22" NOx="48.17" PMx="2.70" fuel="44.63" electricity="0.00" noise="120.98" route="routebottom" type="cfm_slow" waiting="0.00" lane="right_0" pos="28.42" speed="32.50" angle="313.29" x="104.62" y="114.52"/>
        <vehicle id="cfm_slow_2" eclass="HBEFA3/PC_G_EU4" CO2="103912.43" CO="2117.02" HC="12.23" NOx="48.21" PMx="2.70" fuel="44.67" electricity="0.00" noise="121.02" route="routetop" type="cfm_slow" waiting="0.00" lane="top_0" pos="16.42" speed="32.50" angle="244.94" x="31.44" y="120.46"/>
        <vehicle id="cfm_slow_3" eclass="HBEFA3/PC_G_EU4" CO2="105368.58" CO="2147.11" HC="12.41" NOx="48.89" PMx="2.74" fuel="45.29" electricity="0.00" noise="121.76" route="routetop" type="cfm_slow" waiting="0.00" lane="left_0" pos="4.42" speed="32.52" angle="176.56" x="-1.01" y="54.59"/>
        <vehicle id="cfm_slow_4" eclass="HBEFA3/PC_G_EU4" CO2="123116.87" CO="2514.54" HC="14.52" NOx="57.26" PMx="3.20" fuel="52.92" electricity="0.00" noise="130.65" route="routeleft" type="cfm_slow" waiting="0.00" lane="left_0" pos="42.44" speed="32.73" angle="108.14" x="48.27" y="0.20"/>
    </timestep>
    <timestep time="2.41">
        <vehicle id="cfm_slow_0" eclass="HBEFA3/PC_G_EU4" CO2="103330.29" CO="2106.11" HC="12.17" NOx="47.93" PMx="2.68" fuel="44.42" electricity="0.00" noise="120.58" route="routebottom" type="cfm_slow" waiting="0.00" lane="bottom_0" pos="40.75" speed="32.62" angle="21.16" x="126.22" y="44.92"/>
        <vehicle id="cfm_slow_1" eclass="HBEFA3/PC_G_EU4" CO2="103333.79" CO="2106.18" HC="12.17" NOx="47.93" PMx="2.68" fuel="44.42" electricity="0.00" noise="120.58" route="routebottom" type="cfm_slow" waiting="0.00" lane="right_0" pos="28.75" speed="32.62" angle="312.70" x="104.09" y="114.93"/>
        <vehicle id="cfm_slow_2" eclass="HBEFA3/PC_G_EU4" CO2="103422.85" CO="2108.02" HC="12.18" NOx="47.97" PMx="2.69" fuel="44.46" electricity="0.00" noise="120.62" route="routetop" type="cfm_slow" waiting="0.00" lane="top_0" pos="16.75" speed="32.62" angle="244.40" x="30.86" y="120.13"/>
        <vehicle id="cfm_slow_3" eclass="HBEFA3/PC_G_EU4" CO2="105033.82" CO="2141.32" HC="12.37" NOx="48.73" PMx="2.73" fuel="45.15" electricity="0.00" noise="121.44" route="routetop" type="cfm_slow" waiting="0.00" lane="left_0" pos="4.75" speed="32.63" angle="175.97" x="-0.92" y="53.93"/>
        <vehicle id="cfm_slow_4" eclass="HBEFA3/PC_G_EU4" CO2="123654.10" CO="2526.93" HC="14.59" NOx="57.51" PMx="3.22" fuel="53.15" electricity="0.00" noise="130.71" route="routeleft" type="cfm_slow" waiting="0.00" lane="left_0" pos="42.77" speed="32.86" angle="107.55" x="48.93" y="0.05"/>
    </timestep>
    <timestep time="2.42">
        <vehicle id="cfm_slow_0" eclass="HBEFA3/PC_G_EU4" CO2="102825.71" CO="2096.81" HC="12.11" NOx="47.69" PMx="2.67" fuel="44.20" electricity="0.00" noise="120.18" route="routebottom" type="cfm_slow" waiting="0.00" lane="bottom_0" pos="41.07" speed="32.73" angle="20.62" x="126.42" y="45.57"/>
        <vehicle id="cfm_slow_1" eclass="HBEFA3/PC_G_EU4" CO2="102830.01" CO="2096.90" HC="12.11" NOx="47.69" PMx="2.67" fuel="44.20" electricity="0.00" noise="120.18" route="routebottom" type="cfm_slow" waiting="0.00" lane="right_0" pos="29.07" speed="32.73" angle="312.10" x="103.56" y="115.34"/>
        <vehicle id="cfm_slow_2" eclass="HBEFA3/PC_G_EU4" CO2="102933.44" CO="2099.03" HC="12.13" NOx="47.74" PMx="2.67" fuel="44.25" electricity="0.00" noise="120.23" route="routetop" type="cfm_slow" waiting="0.00" lane="top_0" pos="17.07" speed="32.73" angle="243.80" x="30.28" y="119.78"/>
        <vehicle id="cfm_slow_3" eclass="HBEFA3/PC_G_EU4" CO2="104706.19" CO="2135.68" HC="12.34" NOx="48.58" PMx="2.72" fuel="45.01" electricity="0.00" noise="121.13" route="routetop" type="cfm_slow" waiting="0.00" lane="left_0" pos="5.07" speed="32.75" angle="175.37" x="-0.82" y="53.27"/>
        <vehicle id="cfm_slow_4" eclass="HBEFA3/PC_G_EU4" CO2="124191.62" CO="2539.33" HC="14.66" NOx="57.76" PMx="3.23" fuel="53.38" electricity="0.00" noise="130.78" route="routeleft" type="cfm_slow" waiting="0.00" lane="left_0" pos="43.10" speed="33.00" angle="106.96" x="49.59" y="-0.10"/>
    </timestep>
    <timestep time="2.43">
        <vehicle id="cfm_slow_0" eclass="HBEFA3/PC_G_EU4" CO2="102319.93" CO="2087.48" HC="12.06" NOx="47.45" PMx="2.66" fuel="43.98" electricity="0.00" noise="119.78" route="routebottom" type="cfm_slow" waiting="0.00" lane="bottom_0" pos="41.40" speed="32.84" angle="20.00" x="126.59" y="46.22"/>
        <vehicle id="cfm_slow_1" eclass="HBEFA3/PC_G_EU4" CO2="102325.16" CO="2087.59" HC="12.06" NOx="47.45" PMx="2.66" fuel="43.98" electricity="0.00" noise="119.78" route="routebottom" type="cfm_slow" waiting="0.00" lane="right_0" pos="29.40" speed="32.84" angle="311.52" x="103.03" y="115.76"/>
        <vehicle id="cfm_slow_2" eclass="HBEFA3/PC_G_EU4" CO2="102444.37" CO="2090.05" HC="12.07" NOx="47.51" PMx="2.66" fuel="44.04" electricity="0.00" noise="119.84" route="routetop" type="cfm_slow" waiting="0.00" lane="top_0" pos="17.40" speed="32.84" angle="243.20" x="29.70" y="119.44"/>
        <vehicle id="cfm_slow_3" eclass="HBEFA3/PC_G_EU4" CO2="104385.76" CO="2130.19" HC="12.30" NOx="48.42" PMx="2.71" fuel="44.87" electricity="0.00" noise="120.82" route="routetop" type="cfm_slow" waiting="0.00" lane="left_0" pos="5.40" speed="32.86" angle="174.78" x="-0.70" y="52.60"/>
        <vehicle id="cfm_slow_4" eclass="HBEFA3/PC_G_EU4" CO2="124729.44" CO="2551.76" HC="14.73" NOx="58.02" PMx="3.25" fuel="53.61" electricity="0.00" noise="130.84" route="routeleft" type="cfm_slow" waiting="0.00" lane="left_0" pos="43.43" speed="33.14" angle="106.37" x="50.25" y="-0.25"/>
    </timestep>
    <timestep time="2.44">
        <vehicle id="cfm_slow_0" eclass="HBEFA3/PC_G_EU4" CO2="101813.09" CO="2078.13" HC="12.00" NOx="47.21" PMx="2.65" fuel="43.76" electricity="0.00" noise="119.39" route="routebottom" type="cfm_slow" waiting="0.00" lane="bottom_0" pos="41.73" speed="32.95" angle="19.39" x="126.76" y="46.87"/>
        <vehicle id="cfm_slow_1" eclass="HBEFA3/PC_G_EU4" CO2="101819.39" CO="2078.26" HC="12.00" NOx="47.21" PMx="2.65" fuel="43.77" electricity="0.00" noise="119.39" route="routebottom" type="cfm_slow" waiting="0.00" lane="right_0" pos="29.73" speed="32.95" angle="310.96" x="102.49" y="116.16"/>
        <vehicle id="cfm_slow_2" eclass="HBEFA3/PC_G_EU4" CO2="101955.83" CO="2081.08" HC="12.02" NOx="47.27" PMx="2.65" fuel="43.83" electricity="0.00" noise="119.46" route="routetop" type="cfm_slow" waiting="0.00" lane="top_0" pos="17.73" speed="32.95" angle="242.59" x="29.12" y="119.09"/>
        <vehicle id="cfm_slow_3" eclass="HBEFA3/PC_G_EU4" CO2="104072.58" CO="2124.86" HC="12.27" NOx="48.27" PMx="2.71" fuel="44.74" electricity="0.00" noise="120.52" route="routetop" type="cfm_slow" waiting="0.00" lane="left_0" pos="5.73" speed="32.97" angle="174.16" x="-0.58" y="51.94"/>
        <vehicle id="cfm_slow_4" eclass="HBEFA3/PC_G_EU4" CO2="125267.54" CO="2564.22" HC="14.80" NOx="58.27" PMx="3.26" fuel="53.85" electricity="0.00" noise="130.91" route="routeleft" type="cfm_slow" waiting="0.00" lane="left_0" pos="43.76" speed="33.27" angle="105.81" x="50.92" y="-0.39"/>
    </timestep>
    <timestep time="2.45">
        <vehicle id="cfm_slow_0" eclass="HBEFA3/PC_G_EU4" CO2="101305.29" CO="2068.76" HC="11.95" NOx="46.96" PMx="2.63" fuel="43.55" electricity="0.00" noise="119.00" route="routebottom" type="cfm_slow" waiting="0.00" lane="bottom_0" pos="42.06" speed="33.06" angle="18.77" x="126.94" y="47.53"/>
        <vehicle id="cfm_slow_1" eclass="HBEFA3/PC_G_EU4" CO2="101312.81" CO="2068.91" HC="11.95" NOx="46.97" PMx="2.63" fuel="43.55" electricity="0.00" noise="119.00" route="routebottom" type="cfm_slow" waiting="0.00" lane="right_0" pos="30.06" speed="33.06" angle="310.35" x="101.94" y="116.56"/>
        <vehicle id="cfm_slow_2" eclass="HBEFA3/PC_G_EU4" CO2="101468.01" CO="2072.12" HC="11.97" NOx="47.04" PMx="2.64" fuel="43.62" electricity="0.00" noise="119.08" route="routetop" type="cfm_slow" waiting="0.00" lane="top_0" pos="18.06" speed="33.06" angle="242.04" x="28.55" y="118.74"/>
        <vehicle id="cfm_slow_3" eclass="HBEFA3/PC_G_EU4" CO2="103766.69" CO="2119.67" HC="12.24" NOx="48.13" PMx="2.70" fuel="44.60" electricity="0.00" noise="120.23" route="routetop" type="cfm_slow" waiting="0.00" lane="left_0" pos="6.06" speed="33.09" angle="173.53" x="-0.45" y="51.27"/>
        <vehicle id="cfm_slow_4" eclass="HBEFA3/PC_G_EU4" CO2="125805.94" CO="2576.69" HC="14.87" NOx="58.52" PMx="3.28" fuel="54.08" electricity="0.00" noise="130.97" route="routeleft" type="cfm_slow" waiting="0.00" lane="left_0" pos="44.09" speed="33.41" angle="105.18" x="51.59" y="-0.51"/>
    </timestep>
    <timestep time="2.46">
        <vehicle id="cfm_slow_0" eclass="HBEFA3/PC_G_EU4" CO2="100796.65" CO="2059.37" HC="11.89" NOx="46.72" PMx="2.62" fuel="43.33" electricity="0.00" noise="118.61" route="routebottom" type="cfm_slow" waiting="0.00" lane="bottom_0" pos="42.39" speed="33.17" angle="18.22" x="127.11" y="48.18"/>
        <vehicle id="cfm_slow_1" eclass="HBEFA3/PC_G_EU4" CO2="100805.56" CO="2059.56" HC="11.89" NOx="46.73" PMx="2.62" fuel="43.33" electricity="0.00" noise="118.62" route="routebottom" type="cfm_slow" waiting="0.00" lane="right_0" pos="30.39" speed="33.17" angle="309.75" x="101.39" y="116.96"/>
        <vehicle id="cfm_slow_2" eclass="HBEFA3/PC_G_EU4" CO2="100981.07" CO="2063.18" HC="11.92" NOx="46.81" PMx="2.63" fuel="43.41" electricity="0.00" noise="118.70" route="routetop" type="cfm_slow" waiting="0.00" lane="top_0" pos="18.39" speed="33.17" angle="241.41" x="27.98" y="118.36"/>
        <vehicle id="cfm_slow_3" eclass="HBEFA3/PC_G_EU4" CO2="103468.13" CO="2114.64" HC="12.21" NOx="47.98" PMx="2.69" fuel="44.48" electricity="0.00" noise="119.94" route="routetop" type="cfm_slow" waiting="0.00" lane="left_0" pos="6.40" speed="33.20" angle="172.97" x="-0.33" y="50.60"/>
        <vehicle id="cfm_slow_4" eclass="HBEFA3/PC_G_EU4" CO2="126344.63" CO="2589.19" HC="14.94" NOx="58.77" PMx="3.29" fuel="54.31" electricity="0.00" noise="131.04" route="routeleft" type="cfm_slow" waiting="0.00" lane="left_0" pos="44.43" speed="33.55" angle="104.56" x="52.27" y="-0.64"/>
    </timestep>
    <timestep time="2.47">
        <vehicle id="cfm_slow_0" eclass="HBEFA3/PC_G_EU4" CO2="100287.26" CO="2049.97" HC="11.84" NOx="46.48" PMx="2.61" fuel="43.11" electricity="0.00" noise="118.23" route="routebottom" type="cfm_slow" waiting="0.00" lane="bottom_0" pos="42.73" speed="33.28" angle="17.64" x="127.26" y="48.85"/>
        <vehicle id="cfm_slow_1" eclass="HBEFA3/PC_G_EU4" CO2="100297.74" CO="2050.19" HC="11.84" NOx="46.48" PMx="2.61" fuel="43.11" electricity="0.00" noise="118.23" route="routebottom" type="cfm_slow" waiting="0.00" lane="right_0" pos="30.73" speed="33.28" angle="309.18" x="100.84" y="117.36"/>
        <vehicle id="cfm_slow_2" eclass="HBEFA3/PC_G_EU4" CO2="100495.18" CO="2054.27" HC="11.86" NOx="46.58" PMx="2.61" fuel="43.20" electricity="0.00" noise="118.33" route="routetop" type="cfm_slow" waiting="0.00" lane="top_0" pos="18.73" speed="33.28" angle="240.77" x="27.41" y="117.98"/>
        <vehicle id="cfm_slow_3" eclass="HBEFA3/PC_G_EU4" CO2="103176.96" CO="2109.77" HC="12.18" NOx="47.84" PMx="2.68" fuel="44.35" electricity="0.00" noise="119.66" route="routetop" type="cfm_slow" waiting="0.00" lane="left_0" pos="6.73" speed="33.31" angle="172.36" x="-0.18" y="49.94"/>
        <vehicle id="cfm_slow_4" eclass="HBEFA3/PC_G_EU4" CO2="126883.61" CO="2601.70" HC="15.01" NOx="59.02" PMx="3.31" fuel="54.54" electricity="0.00" noise="131.10" route="routeleft" type="cfm_slow" waiting="0.00" lane="left_0" pos="44.77" speed="33.68" angle="103.94" x="52.95" y="-0.76"/>
    </timestep>
    <timestep time="2.48">
        <vehicle id="cfm_slow_0" eclass="HBEFA3/PC_G_EU4" CO2="99777.25" CO="2040.55" HC="11.78" NOx="46.24" PMx="2.60" fuel="42.89" electricity="0.00" noise="117.85" route="routebottom" type="cfm_slow" waiting="0.00" lane="bottom_0" pos="43.06" speed="33.38" angle="17.05" x="127.41" y="49.52"/>
        <vehicle id="cfm_slow_1" eclass="HBEFA3/PC_G_EU4" CO2="99789.49" CO="2040.81" HC="11.78" NOx="46.24" PMx="2.60" fuel="42.89" electricity="0.00" noise="117.86" route="routebottom" type="cfm_slow" waiting="0.00" lane="right_0" pos="31.06" speed="33.38" angle="308.59" x="100.27" y="117.74"/>
        <vehicle id="cfm_slow_2" eclass="HBEFA3/PC_G_EU4" CO2="100010.51" CO="2045.38" HC="11.81" NOx="46.35" PMx="2.60" fuel="42.99" electricity="0.00" noise="117.97" route="routetop" type="cfm_slow" waiting="0.00" lane="top_0" pos="19.06" speed="33.39" angle="240.13" x="26.84" y="117.60"/>
        <vehicle id="cfm_slow_3" eclass="HBEFA3/PC_G_EU4" CO2="102893.21" CO="2105.05" HC="12.15" NOx="47.71" PMx="2.68" fuel="44.23" electricity="0.00" noise="119.39" route="routetop" type="cfm_slow" waiting="0.00" lane="left_0" pos="7.06" speed="33.42" angle="171.74" x="-0.03" y="49.27"/>
        <vehicle id="cfm_slow_4" eclass="HBEFA3/PC_G_EU4" CO2="127422.88" CO="2614.24" HC="15.08" NOx="59.27" PMx="3.32" fuel="54.77" electricity="0.00" noise="131.17" route="routeleft" type="cfm_slow" waiting="0.00" lane="left_0" pos="45.10" speed="33.82" angle="103.38" x="53.63" y="-0.87"/>
    </timestep>
    <timestep time="2.49">
        <vehicle id="cfm_slow_0" eclass="HBEFA3/PC_G_EU4" CO2="99266.71" CO="2031.13" HC="11.73" NOx="45.99" PMx="2.58" fuel="42.67" electricity="0.00" noise="117.47" route="routebottom" type="cfm_slow" waiting="0.00" lane="bottom_0" pos="43.40" speed="33.49" angle="16.47" x="127.56" y="50.19"/>
        <vehicle id="cfm_slow_1" eclass="HBEFA3/PC_G_EU4" CO2="99280.92" CO="2031.42" HC="11.73" NOx="46.00" PMx="2.58" fuel="42.68" electricity="0.00" noise="117.48" route="routebottom" type="cfm_slow" waiting="0.00" lane="right_0" pos="31.40" speed="33.49" angle="307.97" x="99.70" y="118.12"/>
        <vehicle id="cfm_slow_2" eclass="HBEFA3/PC_G_EU4" CO2="99527.23" CO="2036.51" HC="11.76" NOx="46.12" PMx="2.59" fuel="42.78" electricity="0.00" noise="117.60" route="routetop" type="cfm_slow" waiting="0.00" lane="top_0" pos="19.40" speed="33.49" angle="239.57" x="26.28" y="117.21"/>
        <vehicle id="cfm_slow_3" eclass="HBEFA3/PC_G_EU4" CO2="102616.90" CO="2100.49" HC="12.13" NOx="47.57" PMx="2.67" fuel="44.11" electricity="0.00" noise="119.12" route="routetop" type="cfm_slow" waiting="0.00" lane="left_0" pos="7.40" speed="33.53" angle="171.12" x="0.12" y="48.60"/>
        <vehicle id="cfm_slow_4" eclass="HBEFA3/PC_G_EU4" CO2="127962.45" CO="2626.80" HC="15.15" NOx="59.52" PMx="3.33" fuel="55.00" electricity="0.00" noise="131.23" route="routeleft" type="cfm_slow" waiting="0.00" lane="left_0" pos="45.44" speed="33.95" angle="102.75" x="54.32" y="-0.97"/>
    </timestep>
    <timestep time="2.50">
        <vehicle id="cfm_slow_0" eclass="HBEFA3/PC_G_EU4" CO2="98755.74" CO="2021.69" HC="11.67" NOx="45.75" PMx="2.57" fuel="42.45" electricity="0.00" noise="117.10" route="routebottom" type="cfm_slow" waiting="0.00" lane="bottom_0" pos="43.73" speed="33.59" angle="15.90" x="127.71" y="50.86"/>
        <vehicle id="cfm_slow_1" eclass="HBEFA3/PC_G_EU4" CO2="98772.14" CO="2022.03" HC="11.67" NOx="45.76" PMx="2.57" fuel="42.46" electricity="0.00" noise="117.11" route="routebottom" type="cfm_slow" waiting="0.00" lane="right_0" pos="31.73" speed="33.59" angle="307.36" x="99.12" y="118.50"/>
        <vehicle id="cfm_slow_2" eclass="HBEFA3/PC_G_EU4" CO2="99045.49" CO="2027.68" HC="11.71" NOx="45.89" PMx="2.58" fuel="42.57" electricity="0.00" noise="117.25" route="routetop" type="cfm_slow" waiting="0.00" lane="top_0" pos="19.73" speed="33.60" angle="238.94" x="25.72" y="116.80"/>
        <vehicle id="cfm_slow_3" eclass="HBEFA3/PC_G_EU4" CO2="102348.07" CO="2096.08" HC="12.10" NOx="47.44" PMx="2.66" fuel="43.99" electricity="0.00" noise="118.86" route="routetop" type="cfm_slow" waiting="0.00" lane="left_0" pos="7.74" speed="33.64" angle="170.56" x="0.28" y="47.93"/>
        <vehicle id="cfm_slow_4" eclass="HBEFA3/PC_G_EU4" CO2="128502.30" CO="2639.38" HC="15.22" NOx="59.78" PMx="3.35" fuel="55.24" electricity="0.00" noise="131.30" route="routeleft" type="cfm_slow" waiting="0.00" lane="left_0" pos="45.78" speed="34.09" angle="102.13" x="55.01" y="-1.07"/>
    </timestep>
    <timestep time="2.51">
        <vehicle id="cfm_slow_0" eclass="HBEFA3/PC_G_EU4" CO2="98244.45" CO="2012.25" HC="11.62" NOx="45.51" PMx="2.56" fuel="42.23" electricity="0.00" noise="116.73" route="routebottom" type="cfm_slow" waiting="0.00" lane="bottom_0" pos="44.07" speed="33.70" angle="15.24" x="127.83" y="51.54"/>
        <vehicle id="cfm_slow_1" eclass="HBEFA3/PC_G_EU4" CO2="98263.27" CO="2012.64" HC="11.62" NOx="45.52" PMx="2.56" fuel="42.24" electricity="0.00" noise="116.74" route="routebottom" type="cfm_slow" waiting="0.00" lane="right_0" pos="32.07" speed="33.70" angle="306.82" x="98.55" y="118.88"/>
        <vehicle id="cfm_slow_2" eclass="HBEFA3/PC_G_EU4" CO2="98565.45" CO="2018.89" HC="11.65" NOx="45.66" PMx="2.57" fuel="42.37" electricity="0.00" noise="116.89" route="routetop" type="cfm_slow" waiting="0.00" lane="top_0" pos="20.07" speed="33.70" angle="238.32" x="25.16" y="116.40"/>
        <vehicle id="cfm_slow_3" eclass="HBEFA3/PC_G_EU4" CO2="102086.74" CO="2091.83" HC="12.07" NOx="47.32" PMx="2.66" fuel="43.88" electricity="0.00" noise="118.61" route="routetop" type="cfm_slow" waiting="0.00" lane="left_0" pos="8.07" speed="33.74" angle="169.93" x="0.46" y="47.26"/>
        <vehicle id="cfm_slow_4" eclass="HBEFA3/PC_G_EU4" CO2="129042.45" CO="2651.98" HC="15.30" NOx="60.03" PMx="3.36" fuel="55.47" electricity="0.00" noise="131.37" route="routeleft" type="cfm_slow" waiting="0.00" lane="left_0" pos="46.13" speed="34.23" angle="101.54" x="55.71" y="-1.17"/>
    </timestep>
    <timestep time="2.52">
        <vehicle id="cfm_slow_0" eclass="HBEFA3/PC_G_EU4" CO2="97732.92" CO="2002.80" HC="11.56" NOx="45.26" PMx="2.54" fuel="42.01" electricity="0.00" noise="116.37" route="routebottom" type="cfm_slow" waiting="0.00" lane="bottom_0" pos="44.41" speed="33.80" angle="14.58" x="127.95" y="52.22"/>
        <vehicle id="cfm_slow_1" eclass="HBEFA3/PC_G_EU4" CO2="97754.42" CO="2003.24" HC="11.56" NOx="45.27" PMx="2.55" fuel="42.02" electricity="0.00" noise="116.38" route="routebottom" type="cfm_slow" waiting="0.00" lane="right_0" pos="32.41" speed="33.80" angle="306.20" x="97.95" y="119.24"/>
        <vehicle id="cfm_slow_2" eclass="HBEFA3/PC_G_EU4" CO2="98087.26" CO="2010.13" HC="11.60" NOx="45.43" PMx="2.55" fuel="42.16" electricity="0.00" noise="116.54" route="routetop" type="cfm_slow" waiting="0.00" lane="top_0" pos="20.41" speed="33.80" angle="237.70" x="24.60" y="115.99"/>
        <vehicle id="cfm_slow_3" eclass="HBEFA3/PC_G_EU4" CO2="101832.94" CO="2087.74" HC="12.05" NOx="47.20" PMx="2.65" fuel="43.77" electricity="0.00" noise="118.36" route="routetop" type="cfm_slow" waiting="0.00" lane="left_0" pos="8.41" speed="33.85" angle="169.30" x="0.64" y="46.59"/>
        <vehicle id="cfm_slow_4" eclass="HBEFA3/PC_G_EU4" CO2="129582.89" CO="2664.61" HC="15.37" NOx="60.28" PMx="3.38" fuel="55.70" electricity="0.00" noise="131.43" route="routeleft" type="cfm_slow" waiting="0.00" lane="left_0" pos="46.47" speed="34.36" angle="100.92" x="56.41" y="-1.24"/>
    </timestep>
    <timestep time="2.53">
        <vehicle id="cfm_slow_0" eclass="HBEFA3/PC_G_EU4" CO2="97221.25" CO="1993.34" HC="11.50" NOx="45.02" PMx="2.53" fuel="41.79" electricity="0.00" noise="116.01" route="routebottom" type="cfm_slow" waiting="0.00" lane="bottom_0" pos="44.75" speed="33.90" angle="13.92" x="128.08" y="52.91"/>
        <vehicle id="cfm_slow_1" eclass="HBEFA3/PC_G_EU4" CO2="97245.69" CO="1993.85" HC="11.51" NOx="45.03" PMx="2.53" fuel="41.80" electricity="0.00" noise="116.02" route="routebottom" type="cfm_slow" waiting="0.00" lane="right_0" pos="32.75" speed="33.90" angle="305.58" x="97.36" y="119.60"/>
        <vehicle id="cfm_slow_2" eclass="HBEFA3/PC_G_EU4" CO2="97611.06" CO="2001.41" HC="11.55" NOx="45.20" PMx="2.54" fuel="41.96" electricity="0.00" noise="116.20" route="routetop" type="cfm_slow" waiting="0.00" lane="top_0" pos="20.75" speed="33.91" angle="237.13" x="24.05" y="115.57"/>
        <vehicle id="cfm_slow_3" eclass="HBEFA3/PC_G_EU4" CO2="101586.67" CO="2083.80" HC="12.03" NOx="47.08" PMx="2.65" fuel="43.67" electricity="0.00" noise="118.12" route="routetop" type="cfm_slow" waiting="0.00" lane="left_0" pos="8.75" speed="33.96" angle="168.67" x="0.82" y="45.92"/>
        <vehicle id="cfm_slow_4" eclass="HBEFA3/PC_G_EU4" CO2="130123.63" CO="2677.26" HC="15.44" NOx="60.53" PMx="3.39" fuel="55.93" electricity="0.00" noise="131.50" route="routeleft" type="cfm_slow" waiting="0.00" lane="left_0" pos="46.82" speed="34.50" angle="100.28" x="57.11" y="-1.31"/>
    </timestep>
    <timestep time="2.54">
        <vehicle id="cfm_slow_0" eclass="HBEFA3/PC_G_EU4" CO2="96709.53" CO="1983.89" HC="11.45" NOx="44.78" PMx="2.52" fuel="41.57" electricity="0.00" noise="115.65" route="routebottom" type="cfm_slow" waiting="0.00" lane="bottom_0" pos="45.09" speed="34.00" angle="13.36" x="128.19" y="53.59"/>
        <vehicle id="cfm_slow_1" eclass="HBEFA3/PC_G_EU4" CO2="96737.20" CO="1984.46" HC="11.45" NOx="44.79" PMx="2.52" fuel="41.58" electricity="0.00" noise="115.66" route="routebottom" type="cfm_slow" waiting="0.00" lane="right_0" pos="33.09" speed="34.00" angle="304.96" x="96.76" y="119.96"/>
        <vehicle id="cfm_slow_2" eclass="HBEFA3/PC_G_EU4" CO2="97137.00" CO="1992.73" HC="11.50" NOx="44.98" PMx="2.53" fuel="41.75" electricity="0.00" noise="115.86" route="routetop" type="cfm_slow" waiting="0.00" lane="top_0" pos="21.09" speed="34.01" angle="236.52" x="23.50" y="115.14"/>
        <vehicle id="cfm_slow_3" eclass="HBEFA3/PC_G_EU4" CO2="101347.96" CO="2080.02" HC="12.00" NOx="46.96" PMx="2.64" fuel="43.56" electricity="0.00" noise="117.89" route="routetop" type="cfm_slow" waiting="0.00" lane="left_0" pos="9.09" speed="34.06" angle="168.10" x="1.01" y="45.24"/>
        <vehicle id="cfm_slow_4" eclass="HBEFA3/PC_G_EU4" CO2="130664.65" CO="2689.92" HC="15.51" NOx="60.79" PMx="3.41" fuel="56.17" electricity="0.00" noise="131.56" route="routeleft" type="cfm_slow" waiting="0.00" lane="left_0" pos="47.16" speed="34.64" angle="99.63" x="57.82" y="-1.38"/>
    </timestep>
    <timestep time="2.55">
        <vehicle id="cfm_slow_0" eclass="HBEFA3/PC_G_EU4" CO2="96197.86" CO="1974.43" HC="11.39" NOx="44.53" PMx="2.51" fuel="41.35" electricity="0.00" noise="115.29" route="routebottom" type="cfm_slow" waiting="0.00" lane="bottom_0" pos="45.43" speed="34.10" angle="12.73" x="128.29" y="54.29"/>
        <vehicle id="cfm_slow_1" eclass="HBEFA3/PC_G_EU4" CO2="96229.04" CO="1975.07" HC="11.40" NOx="44.55" PMx="2.51" fuel="41.36" electricity="0.00" noise="115.31" route="routebottom" type="cfm_slow" waiting="0.00" lane="right_0" pos="33.43" speed="34.10" angle="304.39" x="96.16" y="120.31"/>
        <vehicle id="cfm_slow_2" eclass="HBEFA3/PC_G_EU4" CO2="96665.22" CO="1984.10" HC="11.45" NOx="44.75" PMx="2.52" fuel="41.55" electricity="0.00" noise="115.52" route="routetop" type="cfm_slow" waiting="0.00" lane="top_0" pos="21.43" speed="34.11" angle="235.90" x="22.95" y="114.71"/>
        <vehicle id="cfm_slow_3" eclass="HBEFA3/PC_G_EU4" CO2="101116.81" CO="2076.41" HC="11.98" NOx="46.85" PMx="2.64" fuel="43.46" electricity="0.00" noise="117.66" route="routetop" type="cfm_slow" waiting="0.00" lane="left_0" pos="9.43" speed="34.17" angle="167.47" x="1.21" y="44.57"/>
        <vehicle id="cfm_slow_4" eclass="HBEFA3/PC_G_EU4" CO2="131205.97" CO="2702.61" HC="15.58" NOx="61.04" PMx="3.42" fuel="56.40" electricity="0.00" noise="131.63" route="routeleft" type="cfm_slow" waiting="0.00" lane="left_0" pos="47.51" speed="34.77" angle="99.05" x="58.53" y="-1.45"/>
    </timestep>
    <timestep time="2.56">
        <vehicle id="cfm_slow_0" eclass="HBEFA3/PC_G_EU4" CO2="95686.31" CO="1964.97" HC="11.34" NOx="44.29" PMx="2.49" fuel="41.13" electricity="0.00" noise="114.94" route="routebottom" type="cfm_slow" waiting="0.00" lane="bottom_0" pos="45.77" speed="34.20" angle="12.10" x="128.38" y="54.98"/>
        <vehicle id="cfm_slow_1" eclass="HBEFA3/PC_G_EU4" CO2="95721.33" CO="1965.70" HC="11.34" NOx="44.31" PMx="2.49" fuel="41.15" electricity="0.00" noise="114.96" route="routebottom" type="cfm_slow" waiting="0.00" lane="right_0" pos="33.77" speed="34.20" angle="303.77" x="95.54" y="120.65"/>
        <vehicle id="cfm_slow_2" eclass="HBEFA3/PC_G_EU4" CO2="96195.85" CO="1975.52" HC="11.40" NOx="44.53" PMx="2.51" fuel="41.35" electricity="0.00" noise="115.19" route="routetop" type="cfm_slow" waiting="0.00" lane="top_0" pos="21.77" speed="34.21" angle="235.32" x="22.40" y="114.28"/>
        <vehicle id="cfm_slow_3" eclass="HBEFA3/PC_G_EU4" CO2="100893.23" CO="2072.95" HC="11.96" NOx="46.74" PMx="2.63" fuel="43.37" electricity="0.00" noise="117.43" route="routetop" type="cfm_slow" waiting="0.00" lane="left_0" pos="9.78" speed="34.27" angle="166.85" x="1.42" y="43.90"/>
        <vehicle id="cfm_slow_4" eclass="HBEFA3/PC_G_EU4" CO2="131747.58" CO="2715.32" HC="15.65" NOx="61.29" PMx="3.44" fuel="56.63" electricity="0.00" noise="131.69" route="routeleft" type="cfm_slow" waiting="0.00" lane="left_0" pos="47.86" speed="34.91" angle="98.40" x="59.24" y="-1.49"/>
    </timestep>
    <timestep time="2.57">
        <vehicle id="cfm_slow_0" eclass="HBEFA3/PC_G_EU4" CO2="95174.97" CO="1955.52" HC="11.28" NOx="44.05" PMx="2.48" fuel="40.91" electricity="0.00" noise="114.59" route="routebottom" type="cfm_slow" waiting="0.00" lane="bottom_0" pos="46.11" speed="34.30" angle="11.51" x="128.48" y="55.68"/>
        <vehicle id="cfm_slow_1" eclass="HBEFA3/PC_G_EU4" CO2="95214.15" CO="1956.33" HC="11.29" NOx="44.06" PMx="2.48" fuel="40.93" electricity="0.00" noise="114.61" route="routebottom" type="cfm_slow" waiting="0.00" lane="right_0" pos="34.11" speed="34.30" angle="303.14" x="94.93" y="120.99"/>
        <vehicle id="cfm_slow_2" eclass="HBEFA3/PC_G_EU4" CO2="95729.04" CO="1966.99" HC="11.35" NOx="44.31" PMx="2.50" fuel="41.15" electricity="0.00" noise="114.86" route="routetop" type="cfm_slow" waiting="0.00" lane="top_0" pos="22.11" speed="34.31" angle="234.69" x="21.86" y="113.82"/>
        <vehicle id="cfm_slow_3" eclass="HBEFA3/PC_G_EU4" CO2="100677.24" CO="2069.64" HC="11.94" NOx="46.64" PMx="2.62" fuel="43.28" electricity="0.00" noise="117.22" route="routetop" type="cfm_slow" waiting="0.00" lane="left_0" pos="10.12" speed="34.38" angle="166.22" x="1.63" y="43.23"/>
        <vehicle id="cfm_slow_4" eclass="HBEFA3/PC_G_EU4" CO2="132289.48" CO="2728.05" HC="15.72" NOx="61.54" PMx="3.45" fuel="56.86" electricity="0.00" noise="131.76" route="routeleft" type="cfm_slow" waiting="0.00" lane="left_0" pos="48.21" speed="35.05" angle="97.76" x="59.96" y="-1.53"/>
    </timestep>
    <timestep time="2.58">
        <vehicle id="cfm_slow_0" eclass="HBEFA3/PC_G_EU4" CO2="94663.93" CO="1946.07" HC="11.23" NOx="43.80" PMx="2.47" fuel="40.69" electricity="0.00" noise="114.25" route="routebottom" type="cfm_slow" waiting="0.00" lane="bottom_0" pos="46.46" speed="34.40" angle="10.93" x="128.56" y="56.38"/>
        <vehicle id="cfm_slow_1" eclass="HBEFA3/PC_G_EU4" CO2="94707.62" CO="1946.98" HC="11.23" NOx="43.82" PMx="2.47" fuel="40.71" electricity="0.00" noise="114.27" route="routebottom" type="cfm_slow" waiting="0.00" lane="right_0" pos="34.46" speed="34.40" angle="302.51" x="94.31" y="121.33"/>
        <vehicle id="cfm_slow_2" eclass="HBEFA3/PC_G_EU4" CO2="95264.90" CO="1958.52" HC="11.30" NOx="44.09" PMx="2.48" fuel="40.95" electricity="0.00" noise="114.53" route="routetop" type="cfm_slow" waiting="0.00" lane="top_0" pos="22.46" speed="34.40" angle="234.04" x="21.32" y="113.37"/>
        <vehicle id="cfm_slow_3" eclass="HBEFA3/PC_G_EU4" CO2="100468.82" CO="2066.50" HC="11.92" NOx="46.54" PMx="2.62" fuel="43.19" electricity="0.00" noise="117.01" route="routetop" type="cfm_slow" waiting="0.00" lane="left_0" pos="10.46" speed="34.48" angle="165.64" x="1.86" y="42.56"/>
        <vehicle id="cfm_slow_4" eclass="HBEFA3/PC_G_EU4" CO2="132831.67" CO="2740.81" HC="15.80" NOx="61.80" PMx="3.47" fuel="57.10" electricity="0.00" noise="131.82" route="routeleft" type="cfm_slow" waiting="0.00" lane="left_0" pos="48.56" speed="35.18" angle="97.11" x="60.68" y="-1.58"/>
    </timestep>
    <timestep time="2.59">
        <vehicle id="cfm_slow_0" eclass="HBEFA3/PC_G_EU4" CO2="94153.26" CO="1936.63" HC="11.17" NOx="43.56" PMx="2.46" fuel="40.47" electricity="0.00" noise="113.90" route="routebottom" type="cfm_slow" waiting="0.00" lane="bottom_0" pos="46.80" speed="34.49" angle="10.31" x="128.63" y="57.08"/>
        <vehicle id="cfm_slow_1" eclass="HBEFA3/PC_G_EU4" CO2="94201.83" CO="1937.63" HC="11.18" NOx="43.58" PMx="2.46" fuel="40.49" electricity="0.00" noise="113.93" route="routebottom" type="cfm_slow" waiting="0.00" lane="right_0" pos="34.80" speed="34.50" angle="301.93" x="93.68" y="121.66"/>
        <vehicle id="cfm_slow_2" eclass="HBEFA3/PC_G_EU4" CO2="94803.56" CO="1950.10" HC="11.25" NOx="43.87" PMx="2.47" fuel="40.75" electricity="0.00" noise="114.21" route="routetop" type="cfm_slow" waiting="0.00" lane="top_0" pos="22.80" speed="34.50" angle="233.40" x="20.78" y="112.91"/>
        <vehicle id="cfm_slow_3" eclass="HBEFA3/PC_G_EU4" CO2="100267.99" CO="2063.52" HC="11.90" NOx="46.44" PMx="2.62" fuel="43.10" electricity="0.00" noise="116.80" route="routetop" type="cfm_slow" waiting="0.00" lane="left_0" pos="10.81" speed="34.58" angle="165.00" x="2.10" y="41.89"/>
        <vehicle id="cfm_slow_4" eclass="HBEFA3/PC_G_EU4" CO2="133374.16" CO="2753.58" HC="15.87" NOx="62.05" PMx="3.48" fuel="57.33" electricity="0.00" noise="131.89" route="routeleft" type="cfm_slow" waiting="0.00" lane="left_0" pos="48.91" speed="35.32" angle="96.51" x="61.40" y="-1.61"/>
    </timestep>
    <timestep time="2.60">
        <vehicle id="cfm_slow_0" eclass="HBEFA3/PC_G_EU4" CO2="93643.05" CO="1927.19" HC="11.12" NOx="43.32" PMx="2.44" fuel="40.25" electricity="0.00" noise="113.56" route="routebottom" type="cfm_slow" waiting="0.00" lane="bottom_0" pos="47.15" speed="34.59" angle="9.70" x="128.71" y="57.79"/>
        <vehicle id="cfm_slow_1" eclass="HBEFA3/PC_G_EU4" CO2="93696.86" CO="1928.31" HC="11.12" NOx="43.34" PMx="2.44" fuel="40.28" electricity="0.00" noise="113.59" route="routebottom" type="cfm_slow" waiting="0.00" lane="right_0" pos="35.15" speed="34.59" angle="301.28" x="93.05" y="121.98"/>
        <vehicle id="cfm_slow_2" eclass="HBEFA3/PC_G_EU4" CO2="94345.15" CO="1941.74" HC="11.20" NOx="43.65" PMx="2.46" fuel="40.55" electricity="0.00" noise="113.90" route="routetop" type="cfm_slow" waiting="0.00" lane="top_0" pos="23.15" speed="34.60" angle="232.83" x="20.24" y="112.45"/>
        <vehicle id="cfm_slow_3" eclass="HBEFA3/PC_G_EU4" CO2="100074.73" CO="2060.69" HC="11.88" NOx="46.35" PMx="2.61" fuel="43.02" electricity="0.00" noise="116.60" route="routetop" type="cfm_slow" waiting="0.00" lane="left_0" pos="11.16" speed="34.69" angle="164.35" x="2.34" y="41.23"/>
        <vehicle id="cfm_slow_4" eclass="HBEFA3/PC_G_EU4" CO2="133916.93" CO="2766.38" HC="15.94" NOx="62.30" PMx="3.50" fuel="57.56" electricity="0.00" noise="131.96" route="routeleft" type="cfm_slow" waiting="0.00" lane="left_0" pos="49.27" speed="35.45" angle="95.84" x="62.13" y="-1.62"/>
    </timestep>
    <timestep time="2.61">
        <vehicle id="cfm_slow_0" eclass="HBEFA3/PC_G_EU4" CO2="93133.36" CO="1917.77" HC="11.06" NOx="43.07" PMx="2.43" fuel="40.03" electricity="0.00" noise="113.23" route="routebottom" type="cfm_slow" waiting="0.00" lane="bottom_0" pos="47.49" speed="34.68" angle="9.12" x="128.77" y="58.50"/>
        <vehicle id="cfm_slow_1" eclass="HBEFA3/PC_G_EU4" CO2="93192.82" CO="1919.00" HC="11.07" NOx="43.10" PMx="2.43" fuel="40.06" electricity="0.00" noise="113.26" route="routebottom" type="cfm_slow" waiting="0.00" lane="right_0" pos="35.49" speed="34.69" angle="300.64" x="92.41" y="122.29"/>
        <vehicle id="cfm_slow_2" eclass="HBEFA3/PC_G_EU4" CO2="93889.78" CO="1933.44" HC="11.15" NOx="43.43" PMx="2.45" fuel="40.36" electricity="0.00" noise="113.59" route="routetop" type="cfm_slow" waiting="0.00" lane="top_0" pos="23.49" speed="34.69" angle="232.19" x="19.72" y="111.97"/>
        <vehicle id="cfm_slow_3" eclass="HBEFA3/PC_G_EU4" CO2="99889.05" CO="2058.02" HC="11.87" NOx="46.26" PMx="2.61" fuel="42.94" electricity="0.00" noise="116.41" route="routetop" type="cfm_slow" waiting="0.00" lane="left_0" pos="11.50" speed="34.79" angle="163.75" x="2.58" y="40.55"/>
        <vehicle id="cfm_slow_4" eclass="HBEFA3/PC_G_EU4" CO2="134460.00" CO="2779.20" HC="16.01" NOx="62.56" PMx="3.51" fuel="57.80" electricity="0.00" noise="132.02" route="routeleft" type="cfm_slow" waiting="0.00" lane="left_0" pos="49.62" speed="35.59" angle="95.17" x="62.86" y="-1.64"/>
    </timestep>
    <timestep time="2.62">
        <vehicle id="cfm_slow_0" eclass="HBEFA3/PC_G_EU4" CO2="92624.29" CO="1908.35" HC="11.00" NOx="42.83" PMx="2.42" fuel="39.81" electricity="0.00" noise="112.89" route="routebottom" type="cfm_slow" waiting="0.00" lane="bottom_0" pos="47.84" speed="34.78" angle="8.45" x="128.82" y="59.21"/>
        <vehicle id="cfm_slow_1" eclass="HBEFA3/PC_G_EU4" CO2="92689.80" CO="1909.71" HC="11.01" NOx="42.86" PMx="2.42" fuel="39.84" electricity="0.00" noise="112.93" route="routebottom" type="cfm_slow" waiting="0.00" lane="right_0" pos="35.84" speed="34.78" angle="300.02" x="91.77" y="122.61"/>
        <vehicle id="cfm_slow_2" eclass="HBEFA3/PC_G_EU4" CO2="93437.58" CO="1925.20" HC="11.10" NOx="43.22" PMx="2.44" fuel="40.16" electricity="0.00" noise="113.28" route="routetop" type="cfm_slow" waiting="0.00" lane="top_0" pos="23.84" speed="34.79" angle="231.55" x="19.20" y="111.48"/>
        <vehicle id="cfm_slow_3" eclass="HBEFA3/PC_G_EU4" CO2="99710.93" CO="2055.51" HC="11.85" NOx="46.17" PMx="2.60" fuel="42.86" electricity="0.00" noise="116.22" route="routetop" type="cfm_slow" waiting="0.00" lane="left_0" pos="11.85" speed="34.89" angle="163.13" x="2.85" y="39.89"/>
        <vehicle id="cfm_slow_4" eclass="HBEFA3/PC_G_EU4" CO2="135003.36" CO="2792.04" HC="16.08" NOx="62.81" PMx="3.53" fuel="58.03" electricity="0.00" noise="132.09" route="routeleft" type="cfm_slow" waiting="0.00" lane="left_0" pos="49.98" speed="35.73" angle="94.55" x="63.59" y="-1.65"/>
    </timestep>
    <timestep time="2.63">
        <vehicle id="cfm_slow_0" eclass="HBEFA3/PC_G_EU4" CO2="92115.89" CO="1898.94" HC="10.95" NOx="42.59" PMx="2.40" fuel="39.60" electricity="0.00" noise="112.56" route="routebottom" type="cfm_slow" waiting="0.00" lane="bottom_0" pos="48.19" speed="34.87" angle="7.78" x="128.86" y="59.92"/>
        <vehicle id="cfm_slow_1" eclass="HBEFA3/PC_G_EU4" CO2="92187.88" CO="1900.43" HC="10.96" NOx="42.62" PMx="2.41" fuel="39.63" electricity="0.00" noise="112.60" route="routebottom" type="cfm_slow" waiting="0.00" lane="right_0" pos="36.19" speed="34.87" angle="299.39" x="91.12" y="122.91"/>
        <vehicle id="cfm_slow_2" eclass="HBEFA3/PC_G_EU4" CO2="92988.64" CO="1917.03" HC="11.05" NOx="43.00" PMx="2.43" fuel="39.97" electricity="0.00" noise="112.98" route="routetop" type="cfm_slow" waiting="0.00" lane="top_0" pos="24.19" speed="34.88" angle="230.91" x="18.67" y="110.99"/>
        <vehicle id="cfm_slow_3" eclass="HBEFA3/PC_G_EU4" CO2="99540.36" CO="2053.16" HC="11.84" NOx="46.09" PMx="2.60" fuel="42.79" electricity="0.00" noise="116.04" route="routetop" type="cfm_slow" waiting="0.00" lane="left_0" pos="12.20" speed="34.99" angle="162.51" x="3.11" y="39.22"/>
        <vehicle id="cfm_slow_4" eclass="HBEFA3/PC_G_EU4" CO2="135547.01" CO="2804.90" HC="16.16" NOx="63.06" PMx="3.54" fuel="58.26" electricity="0.00" noise="132.15" route="routebottom" type="cfm_slow" waiting="0.00" lane="bottom_0" pos="0.34" speed="35.86" angle="93.87" x="64.39" y="-1.64"/>
    </timestep>
    <timestep time="2.64">
        <vehicle id="cfm_slow_0" eclass="HBEFA3/PC_G_EU4" CO2="91608.24" CO="1889.55" HC="10.89" NOx="42.35" PMx="2.39" fuel="39.38" electricity="0.00" noise="112.24" route="routebottom" type="cfm_slow" waiting="0.00" lane="bottom_0" pos="48.54" speed="34.96" angle="7.10" x="128.90" y="60.64"/>
        <vehicle id="cfm_slow_1" eclass="HBEFA3/PC_G_EU4" CO2="91687.16" CO="1891.19" HC="10.90" NOx="42.39" PMx="2.39" fuel="39.41" electricity="0.00" noise="112.27" route="routebottom" type="cfm_slow" waiting="0.00" lane="right_0" pos="36.54" speed="34.96" angle="298.73" x="90.47" y="123.21"/>
        <vehicle id="cfm_slow_2" eclass="HBEFA3/PC_G_EU4" CO2="92543.09" CO="1908.93" HC="11.01" NOx="42.79" PMx="2.42" fuel="39.78" electricity="0.00" noise="112.68" route="routetop" type="cfm_slow" waiting="0.00" lane="top_0" pos="24.54" speed="34.98" angle="230.34" x="18.16" y="110.50"/>
        <vehicle id="cfm_slow_3" eclass="HBEFA3/PC_G_EU4" CO2="99377.34" CO="2050.97" HC="11.82" NOx="46.01" PMx="2.59" fuel="42.72" electricity="0.00" noise="115.86" route="routetop" type="cfm_slow" waiting="0.00" lane="left_0" pos="12.55" speed="35.09" angle="161.88" x="3.38" y="38.55"/>
        <vehicle id="cfm_slow_4" eclass="HBEFA3/PC_G_EU4" CO2="136090.96" CO="2817.78" HC="16.23" NOx="63.32" PMx="3.56" fuel="58.50" electricity="0.00" noise="132.22" route="routebottom" type="cfm_slow" waiting="0.00" lane="bottom_0" pos="0.70" speed="36.00" angle="93.21" x="65.13" y="-1.62"/>
    </timestep>
    <timestep time="2.65">
        <vehicle id="cfm_slow_0" eclass="HBEFA3/PC_G_EU4" CO2="91101.40" CO="1880.17" HC="10.84" NOx="42.11" PMx="2.38" fuel="39.16" electricity="0.00" noise="111.91" route="routebottom" type="cfm_slow" waiting="0.00" lane="bottom_0" pos="48.89" speed="35.05" angle="6.51" x="128.93" y="61.35"/>
        <vehicle id="cfm_slow_1" eclass="HBEFA3/PC_G_EU4" CO2="91187.72" CO="1881.96" HC="10.85" NOx="42.15" PMx="2.38" fuel="39.20" electricity="0.00" noise="111.95" route="routebottom" type="cfm_slow" waiting="0.00" lane="right_0" pos="36.89" speed="35.06" angle="298.07" x="89.82" y="123.50"/>
        <vehicle id="cfm_slow_2" eclass="HBEFA3/PC_G_EU4" CO2="92101.03" CO="1900.90" HC="10.96" NOx="42.58" PMx="2.40" fuel="39.59" electricity="0.00" noise="112.38" route="routetop" type="cfm_slow" waiting="0.00" lane="top_0" pos="24.89" speed="35.07" angle="229.71" x="17.65" y="109.99"/>
        <vehicle id="cfm_slow_3" eclass="HBEFA3/PC_G_EU4" CO2="99221.85" CO="2048.93" HC="11.81" NOx="45.94" PMx="2.59" fuel="42.65" electricity="0.00" noise="115.69" route="routetop" type="cfm_slow" waiting="0.00" lane="left_0" pos="12.91" speed="35.19" angle="161.30" x="3.65" y="37.89"/>
        <vehicle id="cfm_slow_4" eclass="HBEFA3/PC_G_EU4" CO2="136635.19" CO="2830.69" HC="16.30" NOx="63.57" PMx="3.57" fuel="58.73" electricity="0.00" noise="132.28" route="routebottom" type="cfm_slow" waiting="0.00" lane="bottom_0" pos="1.06" speed="36.14" angle="92.55" x="65.87" y="-1.61"/>
    </timestep>
    <timestep time="2.66">
        <vehicle id="cfm_slow_0" eclass="HBEFA3/PC_G_EU4" CO2="90595.46" CO="1870.81" HC="10.78" NOx="41.87" PMx="2.37" fuel="38.94" electricity="0.00" noise="111.59" route="routebottom" type="cfm_slow" waiting="0.00" lane="bottom_0" pos="49.24" speed="35.15" angle="5.86" x="128.94" y="62.08"/>
        <vehicle id="cfm_slow_1" eclass="HBEFA3/PC_G_EU4" CO2="90689.64" CO="1872.76" HC="10.80" NOx="41.91" PMx="2.37" fuel="38.98" electricity="0.00" noise="111.64" route="routebottom" type="cfm_slow" waiting="0.00" lane="right_0" pos="37.24" speed="35.15" angle="297.47" x="89.16" y="123.79"/>
        <vehicle id="cfm_slow_2" eclass="HBEFA3/PC_G_EU4" CO2="91662.56" CO="1892.94" HC="10.91" NOx="42.37" PMx="2.39" fuel="39.40" electricity="0.00" noise="112.09" route="routetop" type="cfm_slow" waiting="0.00" lane="top_0" pos="25.24" speed="35.16" angle="229.08" x="17.13" y="109.48"/>
        <vehicle id="cfm_slow_3" eclass="HBEFA3/PC_G_EU4" CO2="99073.87" CO="2047.05" HC="11.80" NOx="45.87" PMx="2.59" fuel="42.59" electricity="0.00" noise="115.53" route="routetop" type="cfm_slow" waiting="0.00" lane="left_0" pos="13.26" speed="35.29" angle="160.65" x="3.95" y="37.23"/>
        <vehicle id="cfm_slow_4" eclass="HBEFA3/PC_G_EU4" CO2="137179.72" CO="2843.61" HC="16.37" NOx="63.83" PMx="3.59" fuel="58.97" electricity="0.00" noise="132.35" route="routebottom" type="cfm_slow" waiting="0.00" lane="bottom_0" pos="1.42" speed="36.27" angle="91.94" x="66.61" y="-1.58"/>
    </timestep>
    <timestep time="2.67">
        <vehicle id="cfm_slow_0" eclass="HBEFA3/PC_G_EU4" CO2="90090.46" CO="1861.47" HC="10.73" NOx="41.63" PMx="2.35" fuel="38.73" electricity="0.00" noise="111.27" route="routebottom" type="cfm_slow" waiting="0.00" lane="bottom_0" pos="49.59" speed="35.23" angle="5.22" x="128.95" y="62.80"/>
        <vehicle id="cfm_slow_1" eclass="HBEFA3/PC_G_EU4" CO2="90193.01" CO="1863.59" HC="10.74" NOx="41.68" PMx="2.36" fuel="38.77" electricity="0.00" noise="111.32" route="routebottom" type="cfm_slow" waiting="0.00" lane="right_0" pos="37.59" speed="35.24" angle="296.82" x="88.48" y="124.06"/>
        <vehicle id="cfm_slow_2" eclass="HBEFA3/PC_G_EU4" CO2="91227.78" CO="1885.06" HC="10.86" NOx="42.16" PMx="2.38" fuel="39.21" electricity="0.00" noise="111.81" route="routetop" type="cfm_slow" waiting="0.00" lane="top_0" pos="25.60" speed="35.25" angle="228.48" x="16.62" y="108.97"/>
        <vehicle id="cfm_slow_3" eclass="HBEFA3/PC_G_EU4" CO2="98933.38" CO="2045.33" HC="11.79" NOx="45.80" PMx="2.58" fuel="42.53" electricity="0.00" noise="115.36" route="routetop" type="cfm_slow" waiting="0.00" lane="left_0" pos="13.61" speed="35.39" angle="160.01" x="4.24" y="36.56"/>
        <vehicle id="cfm_slow_4" eclass="HBEFA3/PC_G_EU4" CO2="137724.54" CO="2856.56" HC="16.45" NOx="64.08" PMx="3.60" fuel="59.20" electricity="0.00" noise="132.41" route="routebottom" type="cfm_slow" waiting="0.00" lane="bottom_0" pos="1.79" speed="36.41" angle="91.28" x="67.35" y="-1.54"/>
    </timestep>
    <timestep time="2.68">
        <vehicle id="cfm_slow_0" eclass="HBEFA3/PC_G_EU4" CO2="89586.48" CO="1852.14" HC="10.67" NOx="41.39" PMx="2.34" fuel="38.51" electricity="0.00" noise="110.96" route="routebottom" type="cfm_slow" waiting="0.00" lane="bottom_0" pos="49.95" speed="35.32" angle="4.59" x="128.97" y="63.52"/>
        <vehicle id="cfm_slow_1" eclass="HBEFA3/PC_G_EU4" CO2="89697.92" CO="1854.45" HC="10.69" NOx="41.44" PMx="2.34" fuel="38.56" electricity="0.00" noise="111.01" route="routebottom" type="cfm_slow" waiting="0.00" lane="right_0" pos="37.95" speed="35.32" angle="296.16" x="87.81" y="124.33"/>
        <vehicle id="cfm_slow_2" eclass="HBEFA3/PC_G_EU4" CO2="90796.78" CO="1877.25" HC="10.82" NOx="41.96" PMx="2.37" fuel="39.03" electricity="0.00" noise="111.52" route="routetop" type="cfm_slow" waiting="0.00" lane="top_0" pos="25.95" speed="35.34" angle="227.85" x="16.13" y="108.44"/>
        <vehicle id="cfm_slow_3" eclass="HBEFA3/PC_G_EU4" CO2="98800.37" CO="2043.77" HC="11.78" NOx="45.73" PMx="2.58" fuel="42.47" electricity="0.00" noise="115.21" route="routetop" type="cfm_slow" waiting="0.00" lane="left_0" pos="13.97" speed="35.49" angle="159.36" x="4.54" y="35.90"/>
        <vehicle id="cfm_slow_4" eclass="HBEFA3/PC_G_EU4" CO2="138269.66" CO="2869.53" HC="16.52" NOx="64.33" PMx="3.62" fuel="59.44" electricity="0.00" noise="132.48" route="routebottom" type="cfm_slow" waiting="0.00" lane="bottom_0" pos="2.15" speed="36.55" angle="90.61" x="68.10" y="-1.49"/>
    </timestep>
    <timestep time="2.69">
        <vehicle id="cfm_slow_0" eclass="HBEFA3/PC_G_EU4" CO2="89083.58" CO="1842.83" HC="10.62" NOx="41.15" PMx="2.33" fuel="38.29" electricity="0.00" noise="110.65" route="routebottom" type="cfm_slow" waiting="0.00" lane="right_0" pos="0.30" speed="35.41" angle="3.94" x="128.96" y="64.31"/>
        <vehicle id="cfm_slow_1" eclass="HBEFA3/PC_G_EU4" CO2="89204.42" CO="1845.33" HC="10.63" NOx="41.21" PMx="2.33" fuel="38.34" electricity="0.00" noise="110.70" route="routebottom" type="cfm_slow" waiting="0.00" lane="right_0" pos="38.30" speed="35.41" angle="295.51" x="87.14" y="124.59"/>
        <vehicle id="cfm_slow_2" eclass="HBEFA3/PC_G_EU4" CO2="90369.67" CO="1869.52" HC="10.77" NOx="41.76" PMx="2.36" fuel="38.85" electricity="0.00" noise="111.24" route="routetop" type="cfm_slow" waiting="0.00" lane="top_0" pos="26.30" speed="35.43" angle="227.19" x="15.64" y="107.91"/>
        <vehicle id="cfm_slow_3" eclass="HBEFA3/PC_G_EU4" CO2="98674.81" CO="2042.36" HC="11.77" NOx="45.67" PMx="2.58" fuel="42.42" electricity="0.00" noise="115.06" route="routetop" type="cfm_slow" waiting="0.00" lane="left_0" pos="14.32" speed="35.58" angle="158.76" x="4.86" y="35.24"/>
        <vehicle id="cfm_slow_4" eclass="HBEFA3/PC_G_EU4" CO2="138815.06" CO="2882.52" HC="16.59" NOx="64.59" PMx="3.63" fuel="59.67" electricity="0.00" noise="132.55" route="routebottom" type="cfm_slow" waiting="0.00" lane="bottom_0" pos="2.52" speed="36.68" angle="89.97" x="68.85" y="-1.44"/>
    </timestep>
    <timestep time="2.70">
        <vehicle id="cfm_slow_0" eclass="HBEFA3/PC_G_EU4" CO2="88581.82" CO="1833.54" HC="10.56" NOx="40.91" PMx="2.32" fuel="38.08" electricity="0.00" noise="110.34" route="routebottom" type="cfm_slow" waiting="0.00" lane="right_0" pos="0.66" speed="35.50" angle="3.29" x="128.94" y="65.04"/>
        <vehicle id="cfm_slow_1" eclass="HBEFA3/PC_G_EU4" CO2="88712.62" CO="1836.25" HC="10.58" NOx="40.97" PMx="2.32" fuel="38.13" electricity="0.00" noise="110.40" route="routebottom" type="cfm_slow" waiting="0.00" lane="right_0" pos="38.66" speed="35.50" angle="294.92" x="86.46" y="124.85"/>
        <vehicle id="cfm_slow_2" eclass="HBEFA3/PC_G_EU4" CO2="89946.53" CO="1861.86" HC="10.73" NOx="41.55" PMx="2.35" fuel="38.66" electricity="0.00" noise="110.97" route="routetop" type="cfm_slow" waiting="0.00" lane="top_0" pos="26.66" speed="35.52" angle="226.53" x="15.14" y="107.37"/>
        <vehicle id="cfm_slow_3" eclass="HBEFA3/PC_G_EU4" CO2="98556.68" CO="2041.10" HC="11.76" NOx="45.61" PMx="2.58" fuel="42.36" electricity="0.00" noise="114.91" route="routetop" type="cfm_slow" waiting="0.00" lane="left_0" pos="14.68" speed="35.68" angle="158.09" x="5.19" y="34.59"/>
        <vehicle id="cfm_slow_4" eclass="HBEFA3/PC_G_EU4" CO2="139360.76" CO="2895.53" HC="16.67" NOx="64.84" PMx="3.65" fuel="59.90" electricity="0.00" noise="132.61" route="routebottom" type="cfm_slow" waiting="0.00" lane="bottom_0" pos="2.89" speed="36.82" angle="89.31" x="69.60" y="-1.37"/>
    </timestep>
    <timestep time="2.71">
        <vehicle id="cfm_slow_0" eclass="HBEFA3/PC_G_EU4" CO2="88081.26" CO="1824.27" HC="10.51" NOx="40.67" PMx="2.30" fuel="37.86" electricity="0.00" noise="110.03" route="routebottom" type="cfm_slow" waiting="0.00" lane="right_0" pos="1.01" speed="35.59" angle="2.64" x="128.93" y="65.77"/>
        <vehicle id="cfm_slow_1" eclass="HBEFA3/PC_G_EU4" CO2="88222.58" CO="1827.20" HC="10.53" NOx="40.74" PMx="2.31" fuel="37.92" electricity="0.00" noise="110.10" route="routebottom" type="cfm_slow" waiting="0.00" lane="right_0" pos="39.01" speed="35.59" angle="294.28" x="85.77" y="125.10"/>
        <vehicle id="cfm_slow_2" eclass="HBEFA3/PC_G_EU4" CO2="89527.45" CO="1854.29" HC="10.68" NOx="41.35" PMx="2.34" fuel="38.48" electricity="0.00" noise="110.70" route="routetop" type="cfm_slow" waiting="0.00" lane="top_0" pos="27.01" speed="35.61" angle="225.92" x="14.65" y="106.83"/>
        <vehicle id="cfm_slow_3" eclass="HBEFA3/PC_G_EU4" CO2="98445.95" CO="2040.00" HC="11.75" NOx="45.56" PMx="2.57" fuel="42.32" electricity="0.00" noise="114.77" route="routetop" type="cfm_slow" waiting="0.00" lane="left_0" pos="15.04" speed="35.78" angle="157.43" x="5.51" y="33.93"/>
        <vehicle id="cfm_slow_4" eclass="HBEFA3/PC_G_EU4" CO2="139906.74" CO="2908.57" HC="16.74" NOx="65.10" PMx="3.66" fuel="60.14" electricity="0.00" noise="132.68" route="routebottom" type="cfm_slow" waiting="0.00" lane="bottom_0" pos="3.26" speed="36.95" angle="88.64" x="70.36" y="-1.30"/>
    </timestep>
    <timestep time="2.72">
        <vehicle id="cfm_slow_0" eclass="HBEFA3/PC_G_EU4" CO2="87581.96" CO="1815.03" HC="10.46" NOx="40.43" PMx="2.29" fuel="37.65" electricity="0.00" noise="109.73" route="routebottom" type="cfm_slow" waiting="0.00" lane="right_0" pos="1.37" speed="35.67" angle="2.04" x="128.91" y="66.50"/>
        <vehicle id="cfm_slow_1" eclass="HBEFA3/PC_G_EU4" CO2="87734.38" CO="1818.19" HC="10.47" NOx="40.51" PMx="2.29" fuel="37.71" electricity="0.00" noise="109.80" route="routebottom" type="cfm_slow" waiting="0.00" lane="right_0" pos="39.37" speed="35.67" angle="293.65" x="85.08" y="125.35"/>
        <vehicle id="cfm_slow_2" eclass="HBEFA3/PC_G_EU4" CO2="89112.51" CO="1846.81" HC="10.64" NOx="41.16" PMx="2.33" fuel="38.30" electricity="0.00" noise="110.43" route="routetop" type="cfm_slow" waiting="0.00" lane="top_0" pos="27.37" speed="35.69" angle="225.24" x="14.18" y="106.27"/>
        <vehicle id="cfm_slow_3" eclass="HBEFA3/PC_G_EU4" CO2="98342.60" CO="2039.06" HC="11.74" NOx="45.51" PMx="2.57" fuel="42.27" electricity="0.00" noise="114.63" route="routetop" type="cfm_slow" waiting="0.00" lane="left_0" pos="15.40" speed="35.87" angle="156.83" x="5.84" y="33.27"/>
        <vehicle id="cfm_slow_4" eclass="HBEFA3/PC_G_EU4" CO2="140453.02" CO="2921.62" HC="16.81" NOx="65.35" PMx="3.68" fuel="60.37" electricity="0.00" noise="132.74" route="routebottom" type="cfm_slow" waiting="0.00" lane="bottom_0" pos="3.63" speed="37.09" angle="87.97" x="71.12" y="-1.22"/>
    </timestep>
    <timestep time="2.73">
        <vehicle id="cfm_slow_0" eclass="HBEFA3/PC_G_EU4" CO2="87083.97" CO="1805.81" HC="10.40" NOx="40.20" PMx="2.28" fuel="37.43" electricity="0.00" noise="109.43" route="routebottom" type="cfm_slow" waiting="0.00" lane="right_0" pos="1.73" speed="35.76" angle="1.38" x="128.87" y="67.23"/>
        <vehicle id="cfm_slow_1" eclass="HBEFA3/PC_G_EU4" CO2="87248.09" CO="1809.21" HC="10.42" NOx="40.28" PMx="2.28" fuel="37.50" electricity="0.00" noise="109.50" route="routebottom" type="cfm_slow" waiting="0.00" lane="right_0" pos="39.73" speed="35.76" angle="293.07" x="84.39" y="125.60"/>
        <vehicle id="cfm_slow_2" eclass="HBEFA3/PC_G_EU4" CO2="88701.80" CO="1839.41" HC="10.60" NOx="40.96" PMx="2.32" fuel="38.13" electricity="0.00" noise="110.17" route="routetop" type="cfm_slow" waiting="0.00" lane="top_0" pos="27.73" speed="35.78" angle="224.56" x="13.71" y="105.71"/>
        <vehicle id="cfm_slow_3" eclass="HBEFA3/PC_G_EU4" CO2="98246.61" CO="2038.27" HC="11.74" NOx="45.46" PMx="2.57" fuel="42.23" electricity="0.00" noise="114.50" route="routetop" type="cfm_slow" waiting="0.00" lane="left_0" pos="15.76" speed="35.97" angle="156.17" x="6.20" y="32.63"/>
        <vehicle id="cfm_slow_4" eclass="HBEFA3/PC_G_EU4" CO2="140999.59" CO="2934.70" HC="16.88" NOx="65.61" PMx="3.69" fuel="60.61" electricity="0.00" noise="132.81" route="routebottom" type="cfm_slow" waiting="0.00" lane="bottom_0" pos="4.00" speed="37.23" angle="87.33" x="71.87" y="-1.13"/>
    </timestep>
    <timestep time="2.74">
        <vehicle id="cfm_slow_0" eclass="HBEFA3/PC_G_EU4" CO2="86587.35" CO="1796.61" HC="10.35" NOx="39.96" PMx="2.27" fuel="37.22" electricity="0.00" noise="109.13" route="routebottom" type="cfm_slow" waiting="0.00" lane="right_0" pos="2.08" speed="35.84" angle="0.73" x="128.82" y="67.96"/>
        <vehicle id="cfm_slow_1" eclass="HBEFA3/PC_G_EU4" CO2="86763.78" CO="1800.27" HC="10.37" NOx="40.05" PMx="2.27" fuel="37.30" electricity="0.00" noise="109.21" route="routebottom" type="cfm_slow" waiting="0.00" lane="right_0" pos="40.09" speed="35.84" angle="292.41" x="83.69" y="125.82"/>
        <vehicle id="cfm_slow_2" eclass="HBEFA3/PC_G_EU4" CO2="88295.40" CO="1832.09" HC="10.55" NOx="40.77" PMx="2.31" fuel="37.95" electricity="0.00" noise="109.91" route="routetop" type="cfm_slow" waiting="0.00" lane="top_0" pos="28.09" speed="35.87" angle="223.88" x="13.23" y="105.15"/>
        <vehicle id="cfm_slow_3" eclass="HBEFA3/PC_G_EU4" CO2="98157.93" CO="2037.63" HC="11.73" NOx="45.42" PMx="2.57" fuel="42.19" electricity="0.00" noise="114.37" route="routetop" type="cfm_slow" waiting="0.00" lane="left_0" pos="16.12" speed="36.07" angle="155.51" x="6.56" y="31.98"/>
        <vehicle id="cfm_slow_4" eclass="HBEFA3/PC_G_EU4" CO2="141546.46" CO="2947.80" HC="16.96" NOx="65.86" PMx="3.71" fuel="60.84" electricity="0.00" noise="132.87" route="routebottom" type="cfm_slow" waiting="0.00" lane="bottom_0" pos="4.38" speed="37.36" angle="86.65" x="72.63" y="-1.02"/>
    </timestep>
    <timestep time="2.75">
        <vehicle id="cfm_slow_0" eclass="HBEFA3/PC_G_EU4" CO2="86092.15" CO="1787.44" HC="10.29" NOx="39.73" PMx="2.25" fuel="37.01" electricity="0.00" noise="108.83" route="routebottom" type="cfm_slow" waiting="0.00" lane="right_0" pos="2.44" speed="35.92" angle="0.08" x="128.78" y="68.70"/>
        <vehicle id="cfm_slow_1" eclass="HBEFA3/PC_G_EU4" CO2="86281.53" CO="1791.37" HC="10.32" NOx="39.82" PMx="2.26" fuel="37.09" electricity="0.00" noise="108.92" route="routebottom" type="cfm_slow" waiting="0.00" lane="right_0" pos="40.44" speed="35.93" angle="291.73" x="82.99" y="126.04"/>
        <vehicle id="cfm_slow_2" eclass="HBEFA3/PC_G_EU4" CO2="87893.38" CO="1824.86" HC="10.51" NOx="40.58" PMx="2.30" fuel="37.78" electricity="0.00" noise="109.66" route="routetop" type="cfm_slow" waiting="0.00" lane="top_0" pos="28.45" speed="35.95" angle="223.28" x="12.77" y="104.58"/>
        <vehicle id="cfm_slow_3" eclass="HBEFA3/PC_G_EU4" CO2="98076.54" CO="2037.15" HC="11.73" NOx="45.38" PMx="2.57" fuel="42.16" electricity="0.00" noise="114.25" route="routetop" type="cfm_slow" waiting="0.00" lane="left_0" pos="16.48" speed="36.16" angle="154.84" x="6.92" y="31.33"/>
        <vehicle id="cfm_slow_4" eclass="HBEFA3/PC_G_EU4" CO2="142093.61" CO="2960.92" HC="17.03" NOx="66.12" PMx="3.73" fuel="61.08" electricity="0.00" noise="132.94" route="routebottom" type="cfm_slow" waiting="0.00" lane="bottom_0" pos="4.75" speed="37.50" angle="85.97" x="73.39" y="-0.92"/>
    </timestep>
    <timestep time="2.76">
        <vehicle id="cfm_slow_0" eclass="HBEFA3/PC_G_EU4" CO2="85598.43" CO="1778.30" HC="10.24" NOx="39.49" PMx="2.24" fuel="36.79" electricity="0.00" noise="108.54" route="routebottom" type="cfm_slow" waiting="0.00" lane="right_0" pos="2.80" speed="36.01" angle="359.47" x="128.72" y="69.43"/>
        <vehicle id="cfm_slow_1" eclass="HBEFA3/PC_G_EU4" CO2="85801.40" CO="1782.51" HC="10.26" NOx="39.59" PMx="2.25" fuel="36.88" electricity="0.00" noise="108.63" route="routebottom" type="cfm_slow" waiting="0.00" lane="right_0" pos="40.80" speed="36.01" angle="291.06" x="82.28" y="126.26"/>
        <vehicle id="cfm_slow_2" eclass="HBEFA3/PC_G_EU4" CO2="87495.82" CO="1817.73" HC="10.47" NOx="40.39" PMx="2.29" fuel="37.61" electricity="0.00" noise="109.41" route="routetop" type="cfm_slow" waiting="0.00" lane="top_0" pos="28.81" speed="36.03" angle="222.63" x="12.31" y="103.99"/>
        <vehicle id="cfm_slow_3" eclass="HBEFA3/PC_G_EU4" CO2="98002.41" CO="2036.82" HC="11.73" NOx="45.34" PMx="2.57" fuel="42.13" electricity="0.00" noise="114.13" route="routetop" type="cfm_slow" waiting="0.00" lane="left_0" pos="16.84" speed="36.26" angle="154.22" x="7.29" y="30.69"/>
        <vehicle id="cfm_slow_4" eclass="HBEFA3/PC_G_EU4" CO2="142641.06" CO="2974.06" HC="17.11" NOx="66.38" PMx="3.74" fuel="61.31" electricity="0.00" noise="133.00" route="routebottom" type="cfm_slow" waiting="0.00" lane="bottom_0" pos="5.13" speed="37.64" angle="85.31" x="74.16" y="-0.81"/>
    </timestep>
    <timestep time="2.77">
        <vehicle id="cfm_slow_0" eclass="HBEFA3/PC_G_EU4" CO2="85106.23" CO="1769.18" HC="10.19" NOx="39.26" PMx="2.23" fuel="36.58" electricity="0.00" noise="108.25" route="routebottom" type="cfm_slow" waiting="0.00" lane="right_0" pos="3.17" speed="36.09" angle="358.82" x="128.64" y="70.17"/>
        <vehicle id="cfm_slow_1" eclass="HBEFA3/PC_G_EU4" CO2="85323.47" CO="1773.69" HC="10.21" NOx="39.36" PMx="2.23" fuel="36.68" electricity="0.00" noise="108.35" route="routebottom" type="cfm_slow" waiting="0.00" lane="right_0" pos="41.17" speed="36.09" angle="290.45" x="81.57" y="126.47"/>
        <vehicle id="cfm_slow_2" eclass="HBEFA3/PC_G_EU4" CO2="87102.80" CO="1810.68" HC="10.43" NOx="40.20" PMx="2.28" fuel="37.44" electricity="0.00" noise="109.16" route="routetop" type="cfm_slow" waiting="0.00" lane="top_0" pos="29.17" speed="36.12" angle="221.97" x="11.86" y="103.41"/>
        <vehicle id="cfm_slow_3" eclass="HBEFA3/PC_G_EU4" CO2="97935.51" CO="2036.64" HC="11.72" NOx="45.31" PMx="2.56" fuel="42.10" electricity="0.00" noise="114.02" route="routetop" type="cfm_slow" waiting="0.00" lane="left_0" pos="17.21" speed="36.35" angle="153.54" x="7.68" y="30.05"/>
        <vehicle id="cfm_slow_4" eclass="HBEFA3/PC_G_EU4" CO2="143188.80" CO="2987.22" HC="17.18" NOx="66.63" PMx="3.76" fuel="61.55" electricity="0.00" noise="133.07" route="routebottom" type="cfm_slow" waiting="0.00" lane="bottom_0" pos="5.50" speed="37.77" angle="84.59" x="74.92" y="-0.67"/>
    </timestep>
    <timestep time="2.78">
        <vehicle id="cfm_slow_0" eclass="HBEFA3/PC_G_EU4" CO2="84615.62" CO="1760.10" HC="10.13" NOx="39.02" PMx="2.22" fuel="36.37" electricity="0.00" noise="107.96" route="routebottom" type="cfm_slow" waiting="0.00" lane="right_0" pos="3.53" speed="36.17" angle="358.16" x="128.56" y="70.91"/>
        <vehicle id="cfm_slow_1" eclass="HBEFA3/PC_G_EU4" CO2="84847.79" CO="1764.92" HC="10.16" NOx="39.13" PMx="2.22" fuel="36.47" electricity="0.00" noise="108.07" route="routebottom" type="cfm_slow" waiting="0.00" lane="right_0" pos="41.53" speed="36.17" angle="289.77" x="80.86" y="126.66"/>
        <vehicle id="cfm_slow_2" eclass="HBEFA3/PC_G_EU4" CO2="86714.36" CO="1803.73" HC="10.38" NOx="40.01" PMx="2.27" fuel="37.27" electricity="0.00" noise="108.92" route="routetop" type="cfm_slow" waiting="0.00" lane="top_0" pos="29.53" speed="36.20" angle="221.36" x="11.40" y="102.82"/>
        <vehicle id="cfm_slow_3" eclass="HBEFA3/PC_G_EU4" CO2="97875.80" CO="2036.61" HC="11.72" NOx="45.28" PMx="2.56" fuel="42.07" electricity="0.00" noise="113.91" route="routetop" type="cfm_slow" waiting="0.00" lane="left_0" pos="17.57" speed="36.45" angle="152.85" x="8.06" y="29.41"/>
        <vehicle id="cfm_slow_4" eclass="HBEFA3/PC_G_EU4" CO2="143736.83" CO="3000.41" HC="17.25" NOx="66.89" PMx="3.77" fuel="61.79" electricity="0.00" noise="133.14" route="routebottom" type="cfm_slow" waiting="0.00" lane="bottom_0" pos="5.88" speed="37.91" angle="83.88" x="75.68" y="-0.52"/>
    </timestep>
    <timestep time="2.79">
        <vehicle id="cfm_slow_0" eclass="HBEFA3/PC_G_EU4" CO2="84126.62" CO="1751.04" HC="10.08" NOx="38.79" PMx="2.20" fuel="36.16" electricity="0.00" noise="107.68" route="routebottom" type="cfm_slow" waiting="0.00" lane="right_0" pos="3.89" speed="36.25" angle="357.54" x="128.48" y="71.65"/>
        <vehicle id="cfm_slow_1" eclass="HBEFA3/PC_G_EU4" CO2="84374.43" CO="1756.18" HC="10.11" NOx="38.91" PMx="2.21" fuel="36.27" electricity="0.00" noise="107.79" route="routebottom" type="cfm_slow" waiting="0.00" lane="right_0" pos="41.89" speed="36.25" angle="289.08" x="80.14" y="126.85"/>
        <vehicle id="cfm_slow_2" eclass="HBEFA3/PC_G_EU4" CO2="86330.60" CO="1796.87" HC="10.34" NOx="39.83" PMx="2.26" fuel="37.11" electricity="0.00" noise="108.68" route="routetop" type="cfm_slow" waiting="0.00" lane="top_0" pos="29.89" speed="36.28" angle="220.67" x="10.97" y="102.22"/>
        <vehicle id="cfm_slow_3" eclass="HBEFA3/PC_G_EU4" CO2="97823.25" CO="2036.73" HC="11.72" NOx="45.25" PMx="2.56" fuel="42.05" electricity="0.00" noise="113.80" route="routetop" type="cfm_slow" waiting="0.00" lane="left_0" pos="17.94" speed="36.54" angle="152.23" x="8.45" y="28.77"/>
        <vehicle id="cfm_slow_4" eclass="HBEFA3/PC_G_EU4" CO2="144228.91" CO="3012.46" HC="17.32" NOx="67.12" PMx="3.78" fuel="62.00" electricity="0.00" noise="133.18" route="routebottom" type="cfm_slow" waiting="0.00" lane="bottom_0" pos="6.26" speed="38.05" angle="83.16" x="76.45" y="-0.38"/>
    </timestep>
    <timestep time="2.80">
        <vehicle id="cfm_slow_0" eclass="HBEFA3/PC_G_EU4" CO2="83639.31" CO="1742.01" HC="10.03" NOx="38.56" PMx="2.19" fuel="35.95" electricity="0.00" noise="107.40" route="routebottom" type="cfm_slow" waiting="0.00" lane="right_0" pos="4.25" speed="36.33" angle="356.88" x="128.38" y="72.38"/>
        <vehicle id="cfm_slow_1" eclass="HBEFA3/PC_G_EU4" CO2="83903.46" CO="1747.50" HC="10.06" NOx="38.69" PMx="2.20" fuel="36.07" electricity="0.00" noise="107.52" route="routebottom" type="cfm_slow" waiting="0.00" lane="right_0" pos="42.25" speed="36.33" angle="288.44" x="79.42" y="127.04"/>
        <vehicle id="cfm_slow_2" eclass="HBEFA3/PC_G_EU4" CO2="85951.56" CO="1790.10" HC="10.30" NOx="39.65" PMx="2.25" fuel="36.95" electricity="0.00" noise="108.44" route="routetop" type="cfm_slow" waiting="0.00" lane="top_0" pos="30.26" speed="36.37" angle="219.98" x="10.53" y="101.61"/>
        <vehicle id="cfm_slow_3" eclass="HBEFA3/PC_G_EU4" CO2="97777.32" CO="2036.99" HC="11.72" NOx="45.23" PMx="2.56" fuel="42.03" electricity="0.00" noise="113.70" route="routetop" type="cfm_slow" waiting="0.00" lane="left_0" pos="18.30" speed="36.63" angle="151.54" x="8.86" y="28.14"/>
        <vehicle id="cfm_slow_4" eclass="HBEFA3/PC_G_EU4" CO2="142867.06" CO="2986.32" HC="17.17" NOx="66.47" PMx="3.75" fuel="61.41" electricity="0.00" noise="132.40" route="routebottom" type="cfm_slow" waiting="0.00" lane="bottom_0" pos="6.65" speed="38.18" angle="82.51" x="77.22" y="-0.22"/>
    </timestep>
    <timestep time="2.81">
        <vehicle id="cfm_slow_0" eclass="HBEFA3/PC_G_EU4" CO2="83153.71" CO="1733.02" HC="9.97" NOx="38.33" PMx="2.18" fuel="35.74" electricity="0.00" noise="107.12" route="routebottom" type="cfm_slow" waiting="0.00" lane="right_0" pos="4.62" speed="36.41" angle="356.21" x="128.27" y="73.12"/>
        <vehicle id="cfm_slow_1" eclass="HBEFA3/PC_G_EU4" CO2="83434.93" CO="1738.86" HC="10.01" NOx="38.46" PMx="2.19" fuel="35.86" electricity="0.00" noise="107.25" route="routebottom" type="cfm_slow" waiting="0.00" lane="right_0" pos="42.62" speed="36.41" angle="287.82" x="78.69" y="127.21"/>
        <vehicle id="cfm_slow_2" eclass="HBEFA3/PC_G_EU4" CO2="85577.32" CO="1783.43" HC="10.26" NOx="39.47" PMx="2.24" fuel="36.79" electricity="0.00" noise="108.21" route="routetop" type="cfm_slow" waiting="0.00" lane="top_0" pos="30.62" speed="36.45" angle="219.29" x="10.10" y="101.01"/>
        <vehicle id="cfm_slow_3" eclass="HBEFA3/PC_G_EU4" CO2="97721.62" CO="2037.06" HC="11.72" NOx="45.20" PMx="2.56" fuel="42.01" electricity="0.00" noise="113.60" route="routetop" type="cfm_slow" waiting="0.00" lane="left_0" pos="18.67" speed="36.73" angle="150.84" x="9.28" y="27.52"/>
        <vehicle id="cfm_slow_4" eclass="HBEFA3/PC_G_EU4" CO2="141507.81" CO="2960.23" HC="17.02" NOx="65.83" PMx="3.72" fuel="60.83" electricity="0.00" noise="131.63" route="routebottom" type="cfm_slow" waiting="0.00" lane="bottom_0" pos="7.03" speed="38.31" angle="81.81" x="77.98" y="-0.05"/>
    </timestep>
    <timestep time="2.82">
        <vehicle id="cfm_slow_0" eclass="HBEFA3/PC_G_EU4" CO2="82669.87" CO="1724.06" HC="9.92" NOx="38.10" PMx="2.17" fuel="35.54" electricity="0.00" noise="106.84" route="routebottom" type="cfm_slow" waiting="0.00" lane="right_0" pos="4.98" speed="36.49" angle="355.55" x="128.17" y="73.86"/>
        <vehicle id="cfm_slow_1" eclass="HBEFA3/PC_G_EU4" CO2="82968.92" CO="1730.27" HC="9.96" NOx="38.24" PMx="2.17" fuel="35.66" electricity="0.00" noise="106.98" route="routebottom" type="cfm_slow" waiting="0.00" lane="right_0" pos="42.98" speed="36.49" angle="287.18" x="77.96" y="127.38"/>
        <vehicle id="cfm_slow_2" eclass="HBEFA3/PC_G_EU4" CO2="85207.76" CO="1776.86" HC="10.22" NOx="39.30" PMx="2.23" fuel="36.63" electricity="0.00" noise="107.99" route="routetop" type="cfm_slow" waiting="0.00" lane="top_0" pos="30.99" speed="36.53" angle="218.69" x="9.67" y="100.39"/>
        <vehicle id="cfm_slow_3" eclass="HBEFA3/PC_G_EU4" CO2="97656.28" CO="2036.93" HC="11.72" NOx="45.17" PMx="2.56" fuel="41.98" electricity="0.00" noise="113.49" route="routetop" type="cfm_slow" waiting="0.00" lane="left_0" pos="19.04" speed="36.82" angle="150.13" x="9.70" y="26.89"/>
        <vehicle id="cfm_slow_4" eclass="HBEFA3/PC_G_EU4" CO2="140151.51" CO="2934.19" HC="16.86" NOx="65.18" PMx="3.68" fuel="60.24" electricity="0.00" noise="130.88" route="routebottom" type="cfm_slow" waiting="0.00" lane="bottom_0" pos="7.41" speed="38.44" angle="81.11" x="78.75" y="0.13"/>
    </timestep>
    <timestep time="2.83">
        <vehicle id="cfm_slow_0" eclass="HBEFA3/PC_G_EU4" CO2="82187.84" CO="1715.13" HC="9.87" NOx="37.87" PMx="2.15" fuel="35.33" electricity="0.00" noise="106.57" route="routebottom" type="cfm_slow" waiting="0.00" lane="right_0" pos="5.35" speed="36.56" angle="354.90" x="128.05" y="74.60"/>
        <vehicle id="cfm_slow_1" eclass="HBEFA3/PC_G_EU4" CO2="82505.47" CO="1721.72" HC="9.91" NOx="38.02" PMx="2.16" fuel="35.46" electricity="0.00" noise="106.71" route="routebottom" type="cfm_slow" waiting="0.00" lane="right_0" pos="43.35" speed="36.57" angle="286.53" x="77.23" y="127.54"/>
        <vehicle id="cfm_slow_2" eclass="HBEFA3/PC_G_EU4" CO2="84842.80" CO="1770.38" HC="10.19" NOx="39.12" PMx="2.22" fuel="36.47" electricity="0.00" noise="107.76" route="routetop" type="cfm_slow" waiting="0.00" lane="top_0" pos="31.35" speed="36.61" angle="218.03" x="9.26" y="99.77"/>
        <vehicle id="cfm_slow_3" eclass="HBEFA3/PC_G_EU4" CO2="97581.43" CO="2036.60" HC="11.72" NOx="45.13" PMx="2.56" fuel="41.95" electricity="0.00" noise="113.38" route="routetop" type="cfm_slow" waiting="0.00" lane="left_0" pos="19.41" speed="36.91" angle="149.51" x="10.13" y="26.27"/>
        <vehicle id="cfm_slow_4" eclass="HBEFA3/PC_G_EU4" CO2="138798.49" CO="2908.20" HC="16.71" NOx="64.54" PMx="3.65" fuel="59.66" electricity="0.00" noise="130.13" route="routebottom" type="cfm_slow" waiting="0.00" lane="bottom_0" pos="7.80" speed="38.57" angle="80.45" x="79.52" y="0.31"/>
    </timestep>
    <timestep time="2.84">
        <vehicle id="cfm_slow_0" eclass="HBEFA3/PC_G_EU4" CO2="81707.67" CO="1706.23" HC="9.82" NOx="37.64" PMx="2.14" fuel="35.12" electricity="0.00" noise="106.30" route="routebottom" type="cfm_slow" waiting="0.00" lane="right_0" pos="5.71" speed="36.64" angle="354.22" x="127.91" y="75.34"/>
        <vehicle id="cfm_slow_1" eclass="HBEFA3/PC_G_EU4" CO2="82044.64" CO="1713.23" HC="9.86" NOx="37.80" PMx="2.15" fuel="35.27" electricity="0.00" noise="106.45" route="routebottom" type="cfm_slow" waiting="0.00" lane="right_0" pos="43.71" speed="36.64" angle="285.91" x="76.50" y="127.70"/>
        <vehicle id="cfm_slow_2" eclass="HBEFA3/PC_G_EU4" CO2="84482.35" CO="1763.99" HC="10.15" NOx="38.95" PMx="2.22" fuel="36.31" electricity="0.00" noise="107.54" route="routetop" type="cfm_slow" waiting="0.00" lane="top_0" pos="31.72" speed="36.69" angle="217.37" x="8.84" y="99.14"/>
        <vehicle id="cfm_slow_3" eclass="HBEFA3/PC_G_EU4" CO2="97497.21" CO="2036.08" HC="11.71" NOx="45.09" PMx="2.56" fuel="41.91" electricity="0.00" noise="113.27" route="routetop" type="cfm_slow" waiting="0.00" lane="left_0" pos="19.78" speed="37.00" angle="148.83" x="10.57" y="25.65"/>
        <vehicle id="cfm_slow_4" eclass="HBEFA3/PC_G_EU4" CO2="137449.06" CO="2882.27" HC="16.56" NOx="63.90" PMx="3.61" fuel="59.08" electricity="0.00" noise="129.39" route="routebottom" type="cfm_slow" waiting="0.00" lane="bottom_0" pos="8.19" speed="38.70" angle="79.73" x="80.29" y="0.52"/>
    </timestep>
    <timestep time="2.85">
        <vehicle id="cfm_slow_0" eclass="HBEFA3/PC_G_EU4" CO2="81229.38" CO="1697.37" HC="9.76" NOx="37.42" PMx="2.13" fuel="34.92" electricity="0.00" noise="106.03" route="routebottom" type="cfm_slow" waiting="0.00" lane="right_0" pos="6.08" speed="36.72" angle="353.55" x="127.78" y="76.08"/>
        <vehicle id="cfm_slow_1" eclass="HBEFA3/PC_G_EU4" CO2="81586.49" CO="1704.79" HC="9.81" NOx="37.58" PMx="2.14" fuel="35.07" electricity="0.00" noise="106.19" route="routebottom" type="cfm_slow" waiting="0.00" lane="right_0" pos="44.08" speed="36.72" angle="285.20" x="75.76" y="127.84"/>
        <vehicle id="cfm_slow_2" eclass="HBEFA3/PC_G_EU4" CO2="84126.30" CO="1757.68" HC="10.11" NOx="38.78" PMx="2.21" fuel="36.16" electricity="0.00" noise="107.32" route="routetop" type="cfm_slow" waiting="0.00" lane="top_0" pos="32.09" speed="36.77" angle="216.77" x="8.42" y="98.51"/>
        <vehicle id="cfm_slow_3" eclass="HBEFA3/PC_G_EU4" CO2="97403.74" CO="2035.38" HC="11.71" NOx="45.04" PMx="2.56" fuel="41.87" electricity="0.00" noise="113.15" route="routetop" type="cfm_slow" waiting="0.00" lane="left_0" pos="20.15" speed="37.10" angle="148.16" x="11.02" y="25.03"/>
        <vehicle id="cfm_slow_4" eclass="HBEFA3/PC_G_EU4" CO2="136103.53" CO="2856.41" HC="16.41" NOx="63.27" PMx="3.58" fuel="58.50" electricity="0.00" noise="128.66" route="routebottom" type="cfm_slow" waiting="0.00" lane="bottom_0" pos="8.57" speed="38.82" angle="79.00" x="81.06" y="0.72"/>
    </timestep>
    <timestep time="2.86">
        <vehicle id="cfm_slow_0" eclass="HBEFA3/PC_G_EU4" CO2="80753.03" CO="1688.55" HC="9.71" NOx="37.19" PMx="2.12" fuel="34.71" electricity="0.00" noise="105.76" route="routebottom" type="cfm_slow" waiting="0.00" lane="right_0" pos="6.45" speed="36.79" angle="352.92" x="127.64" y="76.82"/>
        <vehicle id="cfm_slow_1" eclass="HBEFA3/PC_G_EU4" CO2="81131.06" CO="1696.40" HC="9.76" NOx="37.37" PMx="2.13" fuel="34.87" electricity="0.00" noise="105.93" route="routebottom" type="cfm_slow" waiting="0.00" lane="right_0" pos="44.45" speed="36.80" angle="284.49" x="75.01" y="127.97"/>
        <vehicle id="cfm_slow_2" eclass="HBEFA3/PC_G_EU4" CO2="83774.57" CO="1751.47" HC="10.07" NOx="38.61" PMx="2.20" fuel="36.01" electricity="0.00" noise="107.11" route="routetop" type="cfm_slow" waiting="0.00" lane="top_0" pos="32.46" speed="36.85" angle="216.10" x="8.03" y="97.86"/>
        <vehicle id="cfm_slow_3" eclass="HBEFA3/PC_G_EU4" CO2="97301.16" CO="2034.49" HC="11.70" NOx="44.99" PMx="2.55" fuel="41.82" electricity="0.00" noise="113.03" route="routetop" type="cfm_slow" waiting="0.00" lane="left_0" pos="20.52" speed="37.19" angle="147.54" x="11.46" y="24.41"/>
        <vehicle id="cfm_slow_4" eclass="HBEFA3/PC_G_EU4" CO2="134762.20" CO="2830.62" HC="16.26" NOx="62.63" PMx="3.54" fuel="57.93" electricity="0.00" noise="127.93" route="routebottom" type="cfm_slow" waiting="0.00" lane="bottom_0" pos="8.96" speed="38.95" angle="78.33" x="81.83" y="0.93"/>
    </timestep>
    <timestep time="2.87">
        <vehicle id="cfm_slow_0" eclass="HBEFA3/PC_G_EU4" CO2="80278.65" CO="1679.76" HC="9.66" NOx="36.96" PMx="2.11" fuel="34.51" electricity="0.00" noise="105.50" route="routebottom" type="cfm_slow" waiting="0.00" lane="right_0" pos="6.82" speed="36.87" angle="352.21" x="127.47" y="77.56"/>
        <vehicle id="cfm_slow_1" eclass="HBEFA3/PC_G_EU4" CO2="80678.40" CO="1688.07" HC="9.71" NOx="37.15" PMx="2.12" fuel="34.68" electricity="0.00" noise="105.68" route="routebottom" type="cfm_slow" waiting="0.00" lane="right_0" pos="44.82" speed="36.87" angle="283.81" x="74.27" y="128.11"/>
        <vehicle id="cfm_slow_2" eclass="HBEFA3/PC_G_EU4" CO2="83427.07" CO="1745.34" HC="10.04" NOx="38.45" PMx="2.19" fuel="35.86" electricity="0.00" noise="106.90" route="routetop" type="cfm_slow" waiting="0.00" lane="top_0" pos="32.83" speed="36.92" angle="215.43" x="7.64" y="97.22"/>
        <vehicle id="cfm_slow_3" eclass="HBEFA3/PC_G_EU4" CO2="97189.59" CO="2033.42" HC="11.69" NOx="44.94" PMx="2.55" fuel="41.78" electricity="0.00" noise="112.90" route="routetop" type="cfm_slow" waiting="0.00" lane="left_0" pos="20.89" speed="37.28" angle="146.87" x="11.93" y="23.81"/>
        <vehicle id="cfm_slow_4" eclass="HBEFA3/PC_G_EU4" CO2="133425.34" CO="2804.92" HC="16.11" NOx="62.00" PMx="3.51" fuel="57.35" electricity="0.00" noise="127.22" route="routebottom" type="cfm_slow" waiting="0.00" lane="bottom_0" pos="9.35" speed="39.07" angle="77.62" x="82.59" y="1.17"/>
    </timestep>
    <timestep time="2.88">
        <vehicle id="cfm_slow_0" eclass="HBEFA3/PC_G_EU4" CO2="79806.28" CO="1671.01" HC="9.61" NOx="36.74" PMx="2.10" fuel="34.30" electricity="0.00" noise="105.24" route="routebottom" type="cfm_slow" waiting="0.00" lane="right_0" pos="7.19" speed="36.94" angle="351.50" x="127.30" y="78.30"/>
        <vehicle id="cfm_slow_1" eclass="HBEFA3/PC_G_EU4" CO2="80228.57" CO="1679.79" HC="9.66" NOx="36.94" PMx="2.11" fuel="34.49" electricity="0.00" noise="105.43" route="routebottom" type="cfm_slow" waiting="0.00" lane="right_0" pos="45.19" speed="36.95" angle="283.16" x="73.52" y="128.22"/>
        <vehicle id="cfm_slow_2" eclass="HBEFA3/PC_G_EU4" CO2="83083.71" CO="1739.29" HC="10.00" NOx="38.29" PMx="2.18" fuel="35.71" electricity="0.00" noise="106.69" route="routetop" type="cfm_slow" waiting="0.00" lane="top_0" pos="33.20" speed="37.00" angle="214.76" x="7.25" y="96.57"/>
        <vehicle id="cfm_slow_3" eclass="HBEFA3/PC_G_EU4" CO2="97069.16" CO="2032.16" HC="11.68" NOx="44.88" PMx="2.55" fuel="41.73" electricity="0.00" noise="112.78" route="routetop" type="cfm_slow" waiting="0.00" lane="left_0" pos="21.27" speed="37.37" angle="146.19" x="12.41" y="23.21"/>
        <vehicle id="cfm_slow_4" eclass="HBEFA3/PC_G_EU4" CO2="132093.23" CO="2779.29" HC="15.96" NOx="61.37" PMx="3.48" fuel="56.78" electricity="0.00" noise="126.52" route="routebottom" type="cfm_slow" waiting="0.00" lane="bottom_0" pos="9.75" speed="39.19" angle="76.90" x="83.36" y="1.40"/>
    </timestep>
    <timestep time="2.89">
        <vehicle id="cfm_slow_0" eclass="HBEFA3/PC_G_EU4" CO2="79335.97" CO="1662.30" HC="9.56" NOx="36.52" PMx="2.08" fuel="34.10" electricity="0.00" noise="104.98" route="routebottom" type="cfm_slow" waiting="0.00" lane="right_0" pos="7.56" speed="37.01" angle="350.80" x="127.13" y="79.04"/>
        <vehicle id="cfm_slow_1" eclass="HBEFA3/PC_G_EU4" CO2="79781.59" CO="1671.56" HC="9.61" NOx="36.73" PMx="2.10" fuel="34.29" electricity="0.00" noise="105.18" route="routebottom" type="cfm_slow" waiting="0.00" lane="right_0" pos="45.56" speed="37.02" angle="282.49" x="72.77" y="128.32"/>
        <vehicle id="cfm_slow_2" eclass="HBEFA3/PC_G_EU4" CO2="82744.38" CO="1733.32" HC="9.97" NOx="38.12" PMx="2.17" fuel="35.57" electricity="0.00" noise="106.49" route="routetop" type="cfm_slow" waiting="0.00" lane="top_0" pos="33.57" speed="37.08" angle="214.14" x="6.87" y="95.91"/>
        <vehicle id="cfm_slow_3" eclass="HBEFA3/PC_G_EU4" CO2="96940.01" CO="2030.73" HC="11.67" NOx="44.81" PMx="2.55" fuel="41.67" electricity="0.00" noise="112.65" route="routetop" type="cfm_slow" waiting="0.00" lane="left_0" pos="21.64" speed="37.46" angle="145.51" x="12.88" y="22.60"/>
        <vehicle id="cfm_slow_4" eclass="HBEFA3/PC_G_EU4" CO2="130766.13" CO="2753.76" HC="15.81" NOx="60.74" PMx="3.44" fuel="56.21" electricity="0.00" noise="125.82" route="routebottom" type="cfm_slow" waiting="0.00" lane="bottom_0" pos="10.14" speed="39.31" angle="76.20" x="84.13" y="1.64"/>
    </timestep>
    <timestep time="2.90">
        <vehicle id="cfm_slow_0" eclass="HBEFA3/PC_G_EU4" CO2="78867.73" CO="1653.62" HC="9.51" NOx="36.29" PMx="2.07" fuel="33.90" electricity="0.00" noise="104.72" route="routebottom" type="cfm_slow" waiting="0.00" lane="right_0" pos="7.93" speed="37.09" angle="350.18" x="126.94" y="79.78"/>
        <vehicle id="cfm_slow_1" eclass="HBEFA3/PC_G_EU4" CO2="79337.51" CO="1663.39" HC="9.56" NOx="36.52" PMx="2.08" fuel="34.10" electricity="0.00" noise="104.93" route="routebottom" type="cfm_slow" waiting="0.00" lane="right_0" pos="45.93" speed="37.09" angle="281.81" x="72.02" y="128.43"/>
        <vehicle id="cfm_slow_2" eclass="HBEFA3/PC_G_EU4" CO2="82409.01" CO="1727.43" HC="9.93" NOx="37.96" PMx="2.16" fuel="35.42" electricity="0.00" noise="106.29" route="routetop" type="cfm_slow" waiting="0.00" lane="top_0" pos="33.94" speed="37.15" angle="213.46" x="6.50" y="95.24"/>
        <vehicle id="cfm_slow_3" eclass="HBEFA3/PC_G_EU4" CO2="96802.27" CO="2029.12" HC="11.66" NOx="44.75" PMx="2.54" fuel="41.61" electricity="0.00" noise="112.51" route="routetop" type="cfm_slow" waiting="0.00" lane="left_0" pos="22.02" speed="37.55" angle="144.87" x="13.37" y="22.01"/>
        <vehicle id="cfm_slow_4" eclass="HBEFA3/PC_G_EU4" CO2="129444.28" CO="2728.32" HC="15.66" NOx="60.11" PMx="3.41" fuel="55.64" electricity="0.00" noise="125.13" route="routebottom" type="cfm_slow" waiting="0.00" lane="bottom_0" pos="10.53" speed="39.42" angle="75.52" x="84.89" y="1.91"/>
    </timestep>
    <timestep time="2.91">
        <vehicle id="cfm_slow_0" eclass="HBEFA3/PC_G_EU4" CO2="78401.62" CO="1644.99" HC="9.46" NOx="36.07" PMx="2.06" fuel="33.70" electricity="0.00" noise="104.47" route="routebottom" type="cfm_slow" waiting="0.00" lane="right_0" pos="8.30" speed="37.16" angle="349.52" x="126.75" y="80.51"/>
        <vehicle id="cfm_slow_1" eclass="HBEFA3/PC_G_EU4" CO2="78896.37" CO="1655.28" HC="9.52" NOx="36.31" PMx="2.07" fuel="33.91" electricity="0.00" noise="104.69" route="routebottom" type="cfm_slow" waiting="0.00" lane="right_0" pos="46.30" speed="37.17" angle="281.20" x="71.26" y="128.53"/>
        <vehicle id="cfm_slow_2" eclass="HBEFA3/PC_G_EU4" CO2="82077.50" CO="1721.62" HC="9.90" NOx="37.81" PMx="2.16" fuel="35.28" electricity="0.00" noise="106.09" route="routetop" type="cfm_slow" waiting="0.00" lane="top_0" pos="34.31" speed="37.23" angle="212.78" x="6.13" y="94.57"/>
        <vehicle id="cfm_slow_3" eclass="HBEFA3/PC_G_EU4" CO2="96656.07" CO="2027.34" HC="11.65" NOx="44.68" PMx="2.54" fuel="41.55" electricity="0.00" noise="112.38" route="routetop" type="cfm_slow" waiting="0.00" lane="left_0" pos="22.39" speed="37.64" angle="144.17" x="13.87" y="21.42"/>
        <vehicle id="cfm_slow_4" eclass="HBEFA3/PC_G_EU4" CO2="128127.94" CO="2702.97" HC="15.51" NOx="59.49" PMx="3.37" fuel="55.08" electricity="0.00" noise="124.45" route="routebottom" type="cfm_slow" waiting="0.00" lane="bottom_0" pos="10.93" speed="39.54" angle="74.79" x="85.66" y="2.18"/>
    </timestep>
    <timestep time="2.92">
        <vehicle id="cfm_slow_0" eclass="HBEFA3/PC_G_EU4" CO2="77937.66" CO="1636.39" HC="9.41" NOx="35.85" PMx="2.05" fuel="33.50" electricity="0.00" noise="104.22" route="routebottom" type="cfm_slow" waiting="0.00" lane="right_0" pos="8.67" speed="37.23" angle="348.85" x="126.55" y="81.25"/>
        <vehicle id="cfm_slow_1" eclass="HBEFA3/PC_G_EU4" CO2="78458.21" CO="1647.22" HC="9.47" NOx="36.10" PMx="2.06" fuel="33.73" electricity="0.00" noise="104.45" route="routebottom" type="cfm_slow" waiting="0.00" lane="right_0" pos="46.67" speed="37.24" angle="280.53" x="70.50" y="128.61"/>
        <vehicle id="cfm_slow_2" eclass="HBEFA3/PC_G_EU4" CO2="81749.77" CO="1715.88" HC="9.86" NOx="37.65" PMx="2.15" fuel="35.14" electricity="0.00" noise="105.90" route="routetop" type="cfm_slow" waiting="0.00" lane="top_0" pos="34.68" speed="37.30" angle="212.15" x="5.77" y="93.90"/>
        <vehicle id="cfm_slow_3" eclass="HBEFA3/PC_G_EU4" CO2="96501.53" CO="2025.39" HC="11.64" NOx="44.60" PMx="2.54" fuel="41.48" electricity="0.00" noise="112.24" route="routetop" type="cfm_slow" waiting="0.00" lane="left_0" pos="22.77" speed="37.73" angle="143.47" x="14.37" y="20.83"/>
        <vehicle id="cfm_slow_4" eclass="HBEFA3/PC_G_EU4" CO2="126817.33" CO="2677.74" HC="15.37" NOx="58.87" PMx="3.34" fuel="54.51" electricity="0.00" noise="123.78" route="routebottom" type="cfm_slow" waiting="0.00" lane="bottom_0" pos="11.33" speed="39.65" angle="74.05" x="86.42" y="2.46"/>
    </timestep>
    <timestep time="2.93">
        <vehicle id="cfm_slow_0" eclass="HBEFA3/PC_G_EU4" CO2="77475.88" CO="1627.84" HC="9.36" NOx="35.63" PMx="2.04" fuel="33.30" electricity="0.00" noise="103.97" route="routebottom" type="cfm_slow" waiting="0.00" lane="right_0" pos="9.04" speed="37.30" angle="348.24" x="126.35" y="81.99"/>
        <vehicle id="cfm_slow_1" eclass="HBEFA3/PC_G_EU4" CO2="78023.05" CO="1639.22" HC="9.42" NOx="35.89" PMx="2.05" fuel="33.54" electricity="0.00" noise="104.21" route="routebottom" type="cfm_slow" waiting="0.00" lane="right_0" pos="47.05" speed="37.31" angle="279.87" x="69.74" y="128.68"/>
        <vehicle id="cfm_slow_2" eclass="HBEFA3/PC_G_EU4" CO2="81425.72" CO="1710.22" HC="9.83" NOx="37.50" PMx="2.14" fuel="35.00" electricity="0.00" noise="105.71" route="routetop" type="cfm_slow" waiting="0.00" lane="top_0" pos="35.06" speed="37.38" angle="211.47" x="5.43" y="93.21"/>
        <vehicle id="cfm_slow_3" eclass="HBEFA3/PC_G_EU4" CO2="96338.79" CO="2023.27" HC="11.63" NOx="44.52" PMx="2.53" fuel="41.41" electricity="0.00" noise="112.10" route="routetop" type="cfm_slow" waiting="0.00" lane="left_0" pos="23.15" speed="37.82" angle="142.83" x="14.88" y="20.25"/>
        <vehicle id="cfm_slow_4" eclass="HBEFA3/PC_G_EU4" CO2="125512.66" CO="2652.60" HC="15.22" NOx="58.25" PMx="3.31" fuel="53.95" electricity="0.00" noise="123.12" route="routebottom" type="cfm_slow" waiting="0.00" lane="bottom_0" pos="11.72" speed="39.76" angle="73.38" x="87.18" y="2.74"/>
    </timestep>
    <timestep time="2.94">
        <vehicle id="cfm_slow_0" eclass="HBEFA3/PC_G_EU4" CO2="77016.33" CO="1619.32" HC="9.31" NOx="35.41" PMx="2.03" fuel="33.11" electricity="0.00" noise="103.72" route="routebottom" type="cfm_slow" waiting="0.00" lane="right_0" pos="9.42" speed="37.37" angle="347.56" x="126.12" y="82.72"/>
        <vehicle id="cfm_slow_1" eclass="HBEFA3/PC_G_EU4" CO2="77590.94" CO="1631.28" HC="9.37" NOx="35.69" PMx="2.04" fuel="33.35" electricity="0.00" noise="103.98" route="routebottom" type="cfm_slow" waiting="0.00" lane="right_0" pos="47.42" speed="37.38" angle="279.24" x="68.98" y="128.76"/>
        <vehicle id="cfm_slow_2" eclass="HBEFA3/PC_G_EU4" CO2="81105.28" CO="1704.63" HC="9.80" NOx="37.34" PMx="2.13" fuel="34.86" electricity="0.00" noise="105.52" route="routetop" type="cfm_slow" waiting="0.00" lane="top_0" pos="35.43" speed="37.45" angle="210.79" x="5.08" y="92.53"/>
        <vehicle id="cfm_slow_3" eclass="HBEFA3/PC_G_EU4" CO2="96167.97" CO="2020.99" HC="11.61" NOx="44.44" PMx="2.53" fuel="41.34" electricity="0.00" noise="111.96" route="routetop" type="cfm_slow" waiting="0.00" lane="left_0" pos="23.53" speed="37.90" angle="142.15" x="15.40" y="19.67"/>
        <vehicle id="cfm_slow_4" eclass="HBEFA3/PC_G_EU4" CO2="124214.16" CO="2627.59" HC="15.07" NOx="57.64" PMx="3.27" fuel="53.39" electricity="0.00" noise="122.46" route="routebottom" type="cfm_slow" waiting="0.00" lane="bottom_0" pos="12.12" speed="39.87" angle="72.67" x="87.94" y="3.05"/>
    </timestep>
    <timestep time="2.95">
        <vehicle id="cfm_slow_0" eclass="HBEFA3/PC_G_EU4" CO2="76559.03" CO="1610.85" HC="9.26" NOx="35.20" PMx="2.01" fuel="32.91" electricity="0.00" noise="103.48" route="routebottom" type="cfm_slow" waiting="0.00" lane="right_0" pos="9.79" speed="37.44" angle="346.87" x="125.90" y="83.45"/>
        <vehicle id="cfm_slow_1" eclass="HBEFA3/PC_G_EU4" CO2="77161.89" CO="1623.40" HC="9.33" NOx="35.48" PMx="2.03" fuel="33.17" electricity="0.00" noise="103.75" route="routebottom" type="cfm_slow" waiting="0.00" lane="right_0" pos="47.79" speed="37.45" angle="278.54" x="68.21" y="128.81"/>
        <vehicle id="cfm_slow_2" eclass="HBEFA3/PC_G_EU4" CO2="80788.34" CO="1699.11" HC="9.76" NOx="37.19" PMx="2.12" fuel="34.73" electricity="0.00" noise="105.33" route="routetop" type="cfm_slow" waiting="0.00" lane="top_0" pos="35.81" speed="37.53" angle="210.12" x="4.74" y="91.84"/>
        <vehicle id="cfm_slow_3" eclass="HBEFA3/PC_G_EU4" CO2="95989.21" CO="2018.54" HC="11.60" NOx="44.36" PMx="2.52" fuel="41.26" electricity="0.00" noise="111.81" route="routetop" type="cfm_slow" waiting="0.00" lane="left_0" pos="23.91" speed="37.99" angle="141.47" x="15.93" y="19.10"/>
        <vehicle id="cfm_slow_4" eclass="HBEFA3/PC_G_EU4" CO2="122922.03" CO="2602.68" HC="14.93" NOx="57.02" PMx="3.24" fuel="52.84" electricity="0.00" noise="121.81" route="routebottom" type="cfm_slow" waiting="0.00" lane="bottom_0" pos="12.52" speed="39.98" angle="71.95" x="88.71" y="3.35"/>
    </timestep>
    <timestep time="2.96">
        <vehicle id="cfm_slow_0" eclass="HBEFA3/PC_G_EU4" CO2="76104.01" CO="1602.42" HC="9.21" NOx="34.98" PMx="2.00" fuel="32.71" electricity="0.00" noise="103.24" route="routebottom" type="cfm_slow" waiting="0.00" lane="right_0" pos="10.17" speed="37.51" angle="346.21" x="125.67" y="84.19"/>
        <vehicle id="cfm_slow_1" eclass="HBEFA3/PC_G_EU4" CO2="76735.94" CO="1615.58" HC="9.28" NOx="35.28" PMx="2.02" fuel="32.98" electricity="0.00" noise="103.52" route="routebottom" type="cfm_slow" waiting="0.00" lane="right_0" pos="48.17" speed="37.52" angle="277.81" x="67.44" y="128.85"/>
        <vehicle id="cfm_slow_2" eclass="HBEFA3/PC_G_EU4" CO2="80474.84" CO="1693.66" HC="9.73" NOx="37.04" PMx="2.12" fuel="34.59" electricity="0.00" noise="105.15" route="routetop" type="cfm_slow" waiting="0.00" lane="top_0" pos="36.18" speed="37.60" angle="209.45" x="4.42" y="91.14"/>
        <vehicle id="cfm_slow_3" eclass="HBEFA3/PC_G_EU4" CO2="95802.64" CO="2015.93" HC="11.58" NOx="44.27" PMx="2.52" fuel="41.18" electricity="0.00" noise="111.67" route="routetop" type="cfm_slow" waiting="0.00" lane="left_0" pos="24.29" speed="38.08" angle="140.80" x="16.46" y="18.53"/>
        <vehicle id="cfm_slow_4" eclass="HBEFA3/PC_G_EU4" CO2="121636.45" CO="2577.90" HC="14.78" NOx="56.42" PMx="3.21" fuel="52.29" electricity="0.00" noise="121.18" route="routebottom" type="cfm_slow" waiting="0.00" lane="bottom_0" pos="12.92" speed="40.09" angle="71.28" x="89.47" y="3.66"/>
    </timestep>
    <timestep time="2.97">
        <vehicle id="cfm_slow_0" eclass="HBEFA3/PC_G_EU4" CO2="75651.30" CO="1594.03" HC="9.16" NOx="34.77" PMx="1.99" fuel="32.52" electricity="0.00" noise="103.00" route="routebottom" type="cfm_slow" waiting="0.00" lane="right_0" pos="10.54" speed="37.58" angle="345.53" x="125.41" y="84.91"/>
        <vehicle id="cfm_slow_1" eclass="HBEFA3/PC_G_EU4" CO2="76313.12" CO="1607.81" HC="9.24" NOx="35.08" PMx="2.01" fuel="32.80" electricity="0.00" noise="103.29" route="routebottom" type="cfm_slow" waiting="0.00" lane="right_0" pos="48.54" speed="37.59" angle="277.09" x="66.67" y="128.90"/>
        <vehicle id="cfm_slow_2" eclass="HBEFA3/PC_G_EU4" CO2="80164.67" CO="1688.27" HC="9.70" NOx="36.89" PMx="2.11" fuel="34.46" electricity="0.00" noise="104.97" route="routetop" type="cfm_slow" waiting="0.00" lane="top_0" pos="36.56" speed="37.67" angle="208.74" x="4.10" y="90.43"/>
        <vehicle id="cfm_slow_3" eclass="HBEFA3/PC_G_EU4" CO2="95608.37" CO="2013.16" HC="11.56" NOx="44.17" PMx="2.52" fuel="41.10" electricity="0.00" noise="111.52" route="routetop" type="cfm_slow" waiting="0.00" lane="left_0" pos="24.67" speed="38.17" angle="140.13" x="17.01" y="17.97"/>
        <vehicle id="cfm_slow_4" eclass="HBEFA3/PC_G_EU4" CO2="120357.62" CO="2553.24" HC="14.64" NOx="55.81" PMx="3.18" fuel="51.74" electricity="0.00" noise="120.54" route="routebottom" type="cfm_slow" waiting="0.00" lane="bottom_0" pos="13.32" speed="40.19" angle="70.54" x="90.22" y="4.00"/>
    </timestep>
    <timestep time="2.98">
        <vehicle id="cfm_slow_0" eclass="HBEFA3/PC_G_EU4" CO2="75200.93" CO="1585.69" HC="9.11" NOx="34.55" PMx="1.98" fuel="32.33" electricity="0.00" noise="102.76" route="routebottom" type="cfm_slow" waiting="0.00" lane="right_0" pos="10.92" speed="37.64" angle="344.80" x="125.15" y="85.64"/>
        <vehicle id="cfm_slow_1" eclass="HBEFA3/PC_G_EU4" CO2="75893.43" CO="1600.11" HC="9.19" NOx="34.88" PMx="2.00" fuel="32.62" electricity="0.00" noise="103.07" route="routebottom" type="cfm_slow" waiting="0.00" lane="right_0" pos="48.92" speed="37.66" angle="276.45" x="65.90" y="128.93"/>
        <vehicle id="cfm_slow_2" eclass="HBEFA3/PC_G_EU4" CO2="79857.77" CO="1682.95" HC="9.67" NOx="36.75" PMx="2.10" fuel="34.33" electricity="0.00" noise="104.79" route="routetop" type="cfm_slow" waiting="0.00" lane="top_0" pos="36.94" speed="37.74" angle="208.03" x="3.78" y="89.73"/>
        <vehicle id="cfm_slow_3" eclass="HBEFA3/PC_G_EU4" CO2="95406.55" CO="2010.24" HC="11.54" NOx="44.08" PMx="2.51" fuel="41.01" electricity="0.00" noise="111.37" route="routetop" type="cfm_slow" waiting="0.00" lane="left_0" pos="25.05" speed="38.25" angle="139.42" x="17.56" y="17.42"/>
        <vehicle id="cfm_slow_4" eclass="HBEFA3/PC_G_EU4" CO2="119085.71" CO="2528.71" HC="14.50" NOx="55.21" PMx="3.14" fuel="51.19" electricity="0.00" noise="119.92" route="routebottom" type="cfm_slow" waiting="0.00" lane="bottom_0" pos="13.73" speed="40.30" angle="69.80" x="90.97" y="4.34"/>
    </timestep>
    <timestep time="2.99">
        <vehicle id="cfm_slow_0" eclass="HBEFA3/PC_G_EU4" CO2="74752.92" CO="1577.39" HC="9.06" NOx="34.34" PMx="1.97" fuel="32.13" electricity="0.00" noise="102.53" route="routebottom" type="cfm_slow" waiting="0.00" lane="right_0" pos="11.30" speed="37.71" angle="344.07" x="124.89" y="86.37"/>
        <vehicle id="cfm_slow_1" eclass="HBEFA3/PC_G_EU4" CO2="75476.92" CO="1592.47" HC="9.15" NOx="34.68" PMx="1.99" fuel="32.44" electricity="0.00" noise="102.84" route="routebottom" type="cfm_slow" waiting="0.00" lane="right_0" pos="49.30" speed="37.72" angle="275.75" x="65.13" y="128.94"/>
        <vehicle id="cfm_slow_2" eclass="HBEFA3/PC_G_EU4" CO2="79554.04" CO="1677.69" HC="9.63" NOx="36.60" PMx="2.09" fuel="34.20" electricity="0.00" noise="104.61" route="routetop" type="cfm_slow" waiting="0.00" lane="top_0" pos="37.31" speed="37.82" angle="207.38" x="3.47" y="89.02"/>
        <vehicle id="cfm_slow_3" eclass="HBEFA3/PC_G_EU4" CO2="95197.30" CO="2007.17" HC="11.52" NOx="43.97" PMx="2.51" fuel="40.92" electricity="0.00" noise="111.21" route="routetop" type="cfm_slow" waiting="0.00" lane="left_0" pos="25.43" speed="38.34" angle="138.70" x="18.12" y="16.86"/>
        <vehicle id="cfm_slow_4" eclass="HBEFA3/PC_G_EU4" CO2="117820.89" CO="2504.31" HC="14.35" NOx="54.61" PMx="3.11" fuel="50.65" electricity="0.00" noise="119.30" route="routebottom" type="cfm_slow" waiting="0.00" lane="bottom_0" pos="14.13" speed="40.40" angle="69.11" x="91.72" y="4.68"/>
    </timestep>
    <timestep time="3.00">
        <vehicle id="cfm_slow_0" eclass="HBEFA3/PC_G_EU4" CO2="74307.31" CO="1569.14" HC="9.01" NOx="34.13" PMx="1.96" fuel="31.94" electricity="0.00" noise="102.30" route="routebottom" type="cfm_slow" waiting="0.00" lane="right_0" pos="11.67" speed="37.78" angle="343.43" x="124.61" y="87.09"/>
        <vehicle id="cfm_slow_1" eclass="HBEFA3/PC_G_EU4" CO2="75063.59" CO="1584.90" HC="9.10" NOx="34.49" PMx="1.98" fuel="32.27" electricity="0.00" noise="102.63" route="routebottom" type="cfm_slow" waiting="0.00" lane="right_0" pos="49.68" speed="37.79" angle="275.06" x="64.35" y="128.96"/>
        <vehicle id="cfm_slow_2" eclass="HBEFA3/PC_G_EU4" CO2="79253.41" CO="1672.50" HC="9.60" NOx="36.46" PMx="2.09" fuel="34.07" electricity="0.00" noise="104.44" route="routetop" type="cfm_slow" waiting="0.00" lane="top_0" pos="37.69" speed="37.89" angle="206.66" x="3.19" y="88.30"/>
        <vehicle id="cfm_slow_3" eclass="HBEFA3/PC_G_EU4" CO2="94980.75" CO="2003.94" HC="11.50" NOx="43.87" PMx="2.50" fuel="40.83" electricity="0.00" noise="111.06" route="routetop" type="cfm_slow" waiting="0.00" lane="left_0" pos="25.82" speed="38.42" angle="138.05" x="18.69" y="16.31"/>
        <vehicle id="cfm_slow_4" eclass="HBEFA3/PC_G_EU4" CO2="116563.32" CO="2480.04" HC="14.21" NOx="54.01" PMx="3.08" fuel="50.10" electricity="0.00" noise="118.70" route="routebottom" type="cfm_slow" waiting="0.00" lane="bottom_0" pos="14.54" speed="40.50" angle="68.35" x="92.47" y="5.05"/>
    </timestep>
    <timestep time="3.01">
        <vehicle id="cfm_slow_0" eclass="HBEFA3/PC_G_EU4" CO2="73864.12" CO="1560.93" HC="8.96" NOx="33.92" PMx="1.95" fuel="31.75" electricity="0.00" noise="102.07" route="routebottom" type="cfm_slow" waiting="0.00" lane="right_0" pos="12.05" speed="37.84" angle="342.76" x="124.33" y="87.81"/>
        <vehicle id="cfm_slow_1" eclass="HBEFA3/PC_G_EU4" CO2="74653.46" CO="1577.38" HC="9.06" NOx="34.29" PMx="1.97" fuel="32.09" electricity="0.00" noise="102.41" route="routetop" type="cfm_slow" waiting="0.00" lane="top_0" pos="0.06" speed="37.86" angle="274.39" x="63.52" y="128.97"/>
        <vehicle id="cfm_slow_2" eclass="HBEFA3/PC_G_EU4" CO2="78955.80" CO="1667.36" HC="9.57" NOx="36.32" PMx="2.08" fuel="33.94" electricity="0.00" noise="104.27" route="routetop" type="cfm_slow" waiting="0.00" lane="top_0" pos="38.07" speed="37.96" angle="205.94" x="2.90" y="87.57"/>
        <vehicle id="cfm_slow_3" eclass="HBEFA3/PC_G_EU4" CO2="94757.03" CO="2000.57" HC="11.48" NOx="43.76" PMx="2.50" fuel="40.73" electricity="0.00" noise="110.90" route="routetop" type="cfm_slow" waiting="0.00" lane="left_0" pos="26.20" speed="38.51" angle="137.34" x="19.27" y="15.78"/>
        <vehicle id="cfm_slow_4" eclass="HBEFA3/PC_G_EU4" CO2="115313.15" CO="2455.91" HC="14.07" NOx="53.42" PMx="3.05" fuel="49.57" electricity="0.00" noise="118.09" route="routebottom" type="cfm_slow" waiting="0.00" lane="bottom_0" pos="14.94" speed="40.60" angle="67.59" x="93.21" y="5.43"/>
    </timestep>
    <timestep time="3.02">
        <vehicle id="cfm_slow_0" eclass="HBEFA3/PC_G_EU4" CO2="73423.37" CO="1552.77" HC="8.91" NOx="33.71" PMx="1.93" fuel="31.56" electricity="0.00" noise="101.84" route="routebottom" type="cfm_slow" waiting="0.00" lane="right_0" pos="12.43" speed="37.91" angle="342.10" x="124.04" y="88.54"/>
        <vehicle id="cfm_slow_1" eclass="HBEFA3/PC_G_EU4" CO2="74246.56" CO="1569.93" HC="9.01" NOx="34.10" PMx="1.96" fuel="31.91" electricity="0.00" noise="102.20" route="routetop" type="cfm_slow" waiting="0.00" lane="top_0" pos="0.43" speed="37.92" angle="273.69" x="62.74" y="128.95"/>
        <vehicle id="cfm_slow_2" eclass="HBEFA3/PC_G_EU4" CO2="78661.12" CO="1662.28" HC="9.54" NOx="36.18" PMx="2.07" fuel="33.81" electricity="0.00" noise="104.10" route="routetop" type="cfm_slow" waiting="0.00" lane="top_0" pos="38.45" speed="38.03" angle="205.27" x="2.61" y="86.85"/>
        <vehicle id="cfm_slow_3" eclass="HBEFA3/PC_G_EU4" CO2="94526.25" CO="1997.05" HC="11.46" NOx="43.65" PMx="2.49" fuel="40.63" electricity="0.00" noise="110.74" route="routetop" type="cfm_slow" waiting="0.00" lane="left_0" pos="26.59" speed="38.59" angle="136.62" x="19.85" y="15.24"/>
        <vehicle id="cfm_slow_4" eclass="HBEFA3/PC_G_EU4" CO2="114070.54" CO="2431.92" HC="13.93" NOx="52.83" PMx="3.02" fuel="49.03" electricity="0.00" noise="117.50" route="routebottom" type="cfm_slow" waiting="0.00" lane="bottom_0" pos="15.35" speed="40.70" angle="66.88" x="93.96" y="5.80"/>
    </timestep>
    <timestep time="3.03">
        <vehicle id="cfm_slow_0" eclass="HBEFA3/PC_G_EU4" CO2="72985.08" CO="1544.65" HC="8.87" NOx="33.50" PMx="1.92" fuel="31.37" electricity="0.00" noise="101.61" route="routebottom" type="cfm_slow" waiting="0.00" lane="right_0" pos="12.81" speed="37.97" angle="341.48" x="123.75" y="89.26"/>
        <vehicle id="cfm_slow_1" eclass="HBEFA3/PC_G_EU4" CO2="73842.88" CO="1562.53" HC="8.97" NOx="33.91" PMx="1.95" fuel="31.74" electricity="0.00" noise="101.99" route="routetop" type="cfm_slow" waiting="0.00" lane="top_0" pos="0.81" speed="37.99" angle="273.00" x="61.96" y="128.94"/>
        <vehicle id="cfm_slow_2" eclass="HBEFA3/PC_G_EU4" CO2="78369.30" CO="1657.26" HC="9.51" NOx="36.04" PMx="2.07" fuel="33.69" electricity="0.00" noise="103.93" route="routetop" type="cfm_slow" waiting="0.00" lane="top_0" pos="38.83" speed="38.10" angle="204.59" x="2.35" y="86.11"/>
        <vehicle id="cfm_slow_3" eclass="HBEFA3/PC_G_EU4" CO2="94288.56" CO="1993.38" HC="11.44" NOx="43.54" PMx="2.48" fuel="40.53" electricity="0.00" noise="110.58" route="routetop" type="cfm_slow" waiting="0.00" lane="left_0" pos="26.98" speed="38.68" angle="135.97" x="20.44" y="14.71"/>
        <vehicle id="cfm_slow_4" eclass="HBEFA3/PC_G_EU4" CO2="112835.62" CO="2408.07" HC="13.79" NOx="52.25" PMx="2.98" fuel="48.50" electricity="0.00" noise="116.91" route="routebottom" type="cfm_slow" waiting="0.00" lane="bottom_0" pos="15.76" speed="40.79" angle="66.16" x="94.69" y="6.20"/>
    </timestep>
    <timestep time="3.04">
        <vehicle id="cfm_slow_0" eclass="HBEFA3/PC_G_EU4" CO2="72549.29" CO="1536.58" HC="8.82" NOx="33.29" PMx="1.91" fuel="31.19" electricity="0.00" noise="101.39" route="routebottom" type="cfm_slow" waiting="0.00" lane="right_0" pos="13.19" speed="38.04" angle="340.76" x="123.43" y="89.97"/>
        <vehicle id="cfm_slow_1" eclass="HBEFA3/PC_G_EU4" CO2="73442.46" CO="1555.20" HC="8.93" NOx="33.71" PMx="1.94" fuel="31.57" electricity="0.00" noise="101.78" route="routetop" type="cfm_slow" waiting="0.00" lane="top_0" pos="1.19" speed="38.05" angle="272.32" x="61.18" y="128.92"/>
        <vehicle id="cfm_slow_2" eclass="HBEFA3/PC_G_EU4" CO2="78080.26" CO="1652.29" HC="9.48" NOx="35.90" PMx="2.06" fuel="33.56" electricity="0.00" noise="103.77" route="routetop" type="cfm_slow" waiting="0.00" lane="top_0" pos="39.22" speed="38.17" angle="203.89" x="2.08" y="85.38"/>
        <vehicle id="cfm_slow_3" eclass="HBEFA3/PC_G_EU4" CO2="94044.07" CO="1989.58" HC="11.42" NOx="43.42" PMx="2.48" fuel="40.42" electricity="0.00" noise="110.41" route="routetop" type="cfm_slow" waiting="0.00" lane="left_0" pos="27.36" speed="38.76" angle="135.25" x="21.04" y="14.19"/>
        <vehicle id="cfm_slow_4" eclass="HBEFA3/PC_G_EU4" CO2="111608.52" CO="2384.37" HC="13.66" NOx="51.67" PMx="2.95" fuel="47.97" electricity="0.00" noise="116.33" route="routebottom" type="cfm_slow" waiting="0.00" lane="bottom_0" pos="16.17" speed="40.89" angle="65.41" x="95.43" y="6.61"/>
    </timestep>
    <timestep time="3.05">
        <vehicle id="cfm_slow_0" eclass="HBEFA3/PC_G_EU4" CO2="72116.01" CO="1528.56" HC="8.77" NOx="33.09" PMx="1.90" fuel="31.00" electricity="0.00" noise="101.17" route="routebottom" type="cfm_slow" waiting="0.00" lane="right_0" pos="13.57" speed="38.10" angle="340.05" x="123.11" y="90.68"/>
        <vehicle id="cfm_slow_1" eclass="HBEFA3/PC_G_EU4" CO2="73045.29" CO="1547.94" HC="8.88" NOx="33.53" PMx="1.93" fuel="31.40" electricity="0.00" noise="101.57" route="routetop" type="cfm_slow" waiting="0.00" lane="top_0" pos="1.58" speed="38.12" angle="271.66" x="60.40" y="128.88"/>
        <vehicle id="cfm_slow_2" eclass="HBEFA3/PC_G_EU4" CO2="77793.92" CO="1647.38" HC="9.45" NOx="35.76" PMx="2.05" fuel="33.44" electricity="0.00" noise="103.61" route="routetop" type="cfm_slow" waiting="0.00" lane="top_0" pos="39.60" speed="38.24" angle="203.20" x="1.81" y="84.64"/>
        <vehicle id="cfm_slow_3" eclass="HBEFA3/PC_G_EU4" CO2="93792.92" CO="1985.64" HC="11.39" NOx="43.30" PMx="2.47" fuel="40.32" electricity="0.00" noise="110.25" route="routetop" type="cfm_slow" waiting="0.00" lane="left_0" pos="27.75" speed="38.85" angle="134.53" x="21.65" y="13.68"/>
        <vehicle id="cfm_slow_4" eclass="HBEFA3/PC_G_EU4" CO2="110389.36" CO="2360.82" HC="13.52" NOx="51.09" PMx="2.92" fuel="47.45" electricity="0.00" noise="115.76" route="routebottom" type="cfm_slow" waiting="0.00" lane="bottom_0" pos="16.58" speed="40.98" angle="64.68" x="96.16" y="7.01"/>
    </timestep>
    <timestep time="3.06">
        <vehicle id="cfm_slow_0" eclass="HBEFA3/PC_G_EU4" CO2="71685.26" CO="1520.58" HC="8.72" NOx="32.88" PMx="1.89" fuel="30.81" electricity="0.00" noise="100.95" route="routebottom" type="cfm_slow" waiting="0.00" lane="right_0" pos="13.95" speed="38.16" angle="339.33" x="122.79" y="91.40"/>
        <vehicle id="cfm_slow_1" eclass="HBEFA3/PC_G_EU4" CO2="72651.39" CO="1540.74" HC="8.84" NOx="33.34" PMx="1.92" fuel="31.23" electricity="0.00" noise="101.37" route="routetop" type="cfm_slow" waiting="0.00" lane="top_0" pos="1.96" speed="38.18" angle="270.96" x="59.62" y="128.84"/>
        <vehicle id="cfm_slow_2" eclass="HBEFA3/PC_G_EU4" CO2="77510.21" CO="1642.52" HC="9.42" NOx="35.63" PMx="2.04" fuel="33.32" electricity="0.00" noise="103.45" route="routetop" type="cfm_slow" waiting="0.00" lane="top_0" pos="39.98" speed="38.30" angle="202.55" x="1.57" y="83.89"/>
        <vehicle id="cfm_slow_3" eclass="HBEFA3/PC_G_EU4" CO2="93535.22" CO="1981.56" HC="11.37" NOx="43.18" PMx="2.47" fuel="40.21" electricity="0.00" noise="110.08" route="routetop" type="cfm_slow" waiting="0.00" lane="left_0" pos="28.14" speed="38.93" angle="133.85" x="22.26" y="13.16"/>
        <vehicle id="cfm_slow_4" eclass="HBEFA3/PC_G_EU4" CO2="109178.27" CO="2337.41" HC="13.38" NOx="50.52" PMx="2.89" fuel="46.93" electricity="0.00" noise="115.20" route="routebottom" type="cfm_slow" waiting="0.00" lane="bottom_0" pos="16.99" speed="41.07" angle="63.95" x="96.89" y="7.44"/>
    </timestep>
    <timestep time="3.07">
        <vehicle id="cfm_slow_0" eclass="HBEFA3/PC_G_EU4" CO2="71257.07" CO="1512.65" HC="8.68" NOx="32.68" PMx="1.88" fuel="30.63" electricity="0.00" noise="100.73" route="routebottom" type="cfm_slow" waiting="0.00" lane="right_0" pos="14.34" speed="38.23" angle="338.67" x="122.45" y="92.10"/>
        <vehicle id="cfm_slow_1" eclass="HBEFA3/PC_G_EU4" CO2="72260.76" CO="1533.60" HC="8.80" NOx="33.15" PMx="1.91" fuel="31.06" electricity="0.00" noise="101.17" route="routetop" type="cfm_slow" waiting="0.00" lane="top_0" pos="2.34" speed="38.25" angle="270.27" x="58.84" y="128.79"/>
        <vehicle id="cfm_slow_2" eclass="HBEFA3/PC_G_EU4" CO2="77229.06" CO="1637.70" HC="9.40" NOx="35.50" PMx="2.04" fuel="33.20" electricity="0.00" noise="103.29" route="routetop" type="cfm_slow" waiting="0.00" lane="top_0" pos="40.37" speed="38.37" angle="201.83" x="1.34" y="83.14"/>
        <vehicle id="cfm_slow_3" eclass="HBEFA3/PC_G_EU4" CO2="93271.11" CO="1977.35" HC="11.34" NOx="43.05" PMx="2.46" fuel="40.09" electricity="0.00" noise="109.91" route="routetop" type="cfm_slow" waiting="0.00" lane="left_0" pos="28.53" speed="39.01" angle="133.15" x="22.88" y="12.66"/>
        <vehicle id="cfm_slow_4" eclass="HBEFA3/PC_G_EU4" CO2="107975.36" CO="2314.16" HC="13.25" NOx="49.95" PMx="2.86" fuel="46.41" electricity="0.00" noise="114.64" route="routebottom" type="cfm_slow" waiting="0.00" lane="bottom_0" pos="17.40" speed="41.16" angle="63.17" x="97.61" y="7.88"/>
    </timestep>
    <timestep time="3.08">
        <vehicle id="cfm_slow_0" eclass="HBEFA3/PC_G_EU4" CO2="70831.45" CO="1504.78" HC="8.63" NOx="32.48" PMx="1.87" fuel="30.45" electricity="0.00" noise="100.52" route="routebottom" type="cfm_slow" waiting="0.00" lane="right_0" pos="14.72" speed="38.29" angle="337.96" x="122.10" y="92.80"/>
        <vehicle id="cfm_slow_1" eclass="HBEFA3/PC_G_EU4" CO2="71873.41" CO="1526.52" HC="8.76" NOx="32.97" PMx="1.90" fuel="30.89" electricity="0.00" noise="100.97" route="routetop" type="cfm_slow" waiting="0.00" lane="top_0" pos="2.72" speed="38.31" angle="269.62" x="58.05" y="128.73"/>
        <vehicle id="cfm_slow_2" eclass="HBEFA3/PC_G_EU4" CO2="76950.38" CO="1632.94" HC="9.37" NOx="35.36" PMx="2.03" fuel="33.08" electricity="0.00" noise="103.13" route="routetop" type="cfm_slow" waiting="0.00" lane="top_0" pos="40.75" speed="38.44" angle="201.11" x="1.10" y="82.39"/>
        <vehicle id="cfm_slow_3" eclass="HBEFA3/PC_G_EU4" CO2="93000.70" CO="1973.01" HC="11.32" NOx="42.92" PMx="2.45" fuel="39.98" electricity="0.00" noise="109.74" route="routetop" type="cfm_slow" waiting="0.00" lane="left_0" pos="28.92" speed="39.09" angle="132.43" x="23.51" y="12.17"/>
        <vehicle id="cfm_slow_4" eclass="HBEFA3/PC_G_EU4" CO2="106780.74" CO="2291.07" HC="13.11" NOx="49.38" PMx="2.83" fuel="45.90" electricity="0.00" noise="114.09" route="routebottom" type="cfm_slow" waiting="0.00" lane="bottom_0" pos="17.81" speed="41.25" angle="62.38" x="98.33" y="8.32"/>
    </timestep>
    <timestep time="3.09">
        <vehicle id="cfm_slow_0" eclass="HBEFA3/PC_G_EU4" CO2="70408.42" CO="1496.94" HC="8.59" NOx="32.28" PMx="1.86" fuel="30.27" electricity="0.00" noise="100.31" route="routebottom" type="cfm_slow" waiting="0.00" lane="right_0" pos="15.10" speed="38.35" angle="337.24" x="121.75" y="93.51"/>
        <vehicle id="cfm_slow_1" eclass="HBEFA3/PC_G_EU4" CO2="71489.35" CO="1519.51" HC="8.72" NOx="32.79" PMx="1.89" fuel="30.73" electricity="0.00" noise="100.77" route="routetop" type="cfm_slow" waiting="0.00" lane="top_0" pos="3.11" speed="38.37" angle="268.92" x="57.27" y="128.65"/>
        <vehicle id="cfm_slow_2" eclass="HBEFA3/PC_G_EU4" CO2="76674.11" CO="1628.23" HC="9.34" NOx="35.23" PMx="2.02" fuel="32.96" electricity="0.00" noise="102.98" route="routetop" type="cfm_slow" waiting="0.00" lane="top_0" pos="41.13" speed="38.51" angle="200.45" x="0.88" y="81.63"/>
        <vehicle id="cfm_slow_3" eclass="HBEFA3/PC_G_EU4" CO2="92724.12" CO="1968.54" HC="11.29" NOx="42.79" PMx="2.45" fuel="39.86" electricity="0.00" noise="109.57" route="routetop" type="cfm_slow" waiting="0.00" lane="left_0" pos="29.31" speed="39.17" angle="131.70" x="24.15" y="11.67"/>
        <vehicle id="cfm_slow_4" eclass="HBEFA3/PC_G_EU4" CO2="105594.50" CO="2268.13" HC="12.98" NOx="48.82" PMx="2.80" fuel="45.39" electricity="0.00" noise="113.54" route="routebottom" type="cfm_slow" waiting="0.00" lane="bottom_0" pos="18.22" speed="41.34" angle="61.67" x="99.04" y="8.78"/>
    </timestep>
    <timestep time="3.10">
        <vehicle id="cfm_slow_0" eclass="HBEFA3/PC_G_EU4" CO2="69988.01" CO="1489.16" HC="8.54" NOx="32.08" PMx="1.85" fuel="30.08" electricity="0.00" noise="100.10" route="routebottom" type="cfm_slow" waiting="0.00" lane="right_0" pos="15.49" speed="38.41" angle="336.60" x="121.39" y="94.21"/>
        <vehicle id="cfm_slow_1" eclass="HBEFA3/PC_G_EU4" CO2="71108.57" CO="1512.56" HC="8.67" NOx="32.61" PMx="1.88" fuel="30.57" electricity="0.00" noise="100.58" route="routetop" type="cfm_slow" waiting="0.00" lane="top_0" pos="3.49" speed="38.43" angle="268.22" x="56.49" y="128.57"/>
        <vehicle id="cfm_slow_2" eclass="HBEFA3/PC_G_EU4" CO2="76400.19" CO="1623.56" HC="9.31" NOx="35.10" PMx="2.02" fuel="32.84" electricity="0.00" noise="102.83" route="routetop" type="cfm_slow" waiting="0.00" lane="top_0" pos="41.52" speed="38.57" angle="199.74" x="0.67" y="80.87"/>
        <vehicle id="cfm_slow_3" eclass="HBEFA3/PC_G_EU4" CO2="92441.49" CO="1963.94" HC="11.26" NOx="42.66" PMx="2.44" fuel="39.74" electricity="0.00" noise="109.40" route="routetop" type="cfm_slow" waiting="0.00" lane="left_0" pos="29.71" speed="39.26" angle="131.03" x="24.79" y="11.19"/>
        <vehicle id="cfm_slow_4" eclass="HBEFA3/PC_G_EU4" CO2="104416.73" CO="2245.34" HC="12.84" NOx="48.26" PMx="2.77" fuel="44.88" electricity="0.00" noise="113.01" route="routebottom" type="cfm_slow" waiting="0.00" lane="bottom_0" pos="18.64" speed="41.43" angle="60.89" x="99.75" y="9.25"/>
    </timestep>
    <timestep time="3.11">
        <vehicle id="cfm_slow_0" eclass="HBEFA3/PC_G_EU4" CO2="69570.21" CO="1481.43" HC="8.49" NOx="31.88" PMx="1.84" fuel="29.90" electricity="0.00" noise="99.89" route="routebottom" type="cfm_slow" waiting="0.00" lane="right_0" pos="15.87" speed="38.47" angle="335.92" x="121.00" y="94.90"/>
        <vehicle id="cfm_slow_1" eclass="HBEFA3/PC_G_EU4" CO2="70731.09" CO="1505.67" HC="8.63" NOx="32.43" PMx="1.87" fuel="30.40" electricity="0.00" noise="100.39" route="routetop" type="cfm_slow" waiting="0.00" lane="top_0" pos="3.88" speed="38.49" angle="267.56" x="55.70" y="128.49"/>
        <vehicle id="cfm_slow_2" eclass="HBEFA3/PC_G_EU4" CO2="76128.53" CO="1618.93" HC="9.28" NOx="34.97" PMx="2.01" fuel="32.72" electricity="0.00" noise="102.68" route="routetop" type="cfm_slow" waiting="0.00" lane="top_0" pos="41.91" speed="38.64" angle="199.04" x="0.47" y="80.10"/>
        <vehicle id="cfm_slow_3" eclass="HBEFA3/PC_G_EU4" CO2="92152.95" CO="1959.22" HC="11.23" NOx="42.52" PMx="2.43" fuel="39.61" electricity="0.00" noise="109.22" route="routetop" type="cfm_slow" waiting="0.00" lane="left_0" pos="30.10" speed="39.34" angle="130.30" x="25.45" y="10.72"/>
        <vehicle id="cfm_slow_4" eclass="HBEFA3/PC_G_EU4" CO2="103247.54" CO="2222.72" HC="12.71" NOx="47.71" PMx="2.74" fuel="44.38" electricity="0.00" noise="112.48" route="routebottom" type="cfm_slow" waiting="0.00" lane="bottom_0" pos="19.05" speed="41.51" angle="60.10" x="100.46" y="9.72"/>
    </timestep>
    <timestep time="3.12">
        <vehicle id="cfm_slow_0" eclass="HBEFA3/PC_G_EU4" CO2="69155.07" CO="1473.75" HC="8.45" NOx="31.68" PMx="1.83" fuel="29.73" electricity="0.00" noise="99.68" route="routebottom" type="cfm_slow" waiting="0.00" lane="right_0" pos="16.26" speed="38.53" angle="335.24" x="120.62" y="95.59"/>
        <vehicle id="cfm_slow_1" eclass="HBEFA3/PC_G_EU4" CO2="70356.89" CO="1498.85" HC="8.59" NOx="32.25" PMx="1.86" fuel="30.24" electricity="0.00" noise="100.20" route="routetop" type="cfm_slow" waiting="0.00" lane="top_0" pos="4.26" speed="38.55" angle="266.86" x="54.92" y="128.38"/>
        <vehicle id="cfm_slow_2" eclass="HBEFA3/PC_G_EU4" CO2="75859.06" CO="1614.35" HC="9.26" NOx="34.84" PMx="2.00" fuel="32.61" electricity="0.00" noise="102.53" route="routetop" type="cfm_slow" waiting="0.00" lane="top_0" pos="42.29" speed="38.71" angle="198.38" x="0.26" y="79.34"/>
        <vehicle id="cfm_slow_3" eclass="HBEFA3/PC_G_EU4" CO2="91858.60" CO="1954.38" HC="11.20" NOx="42.38" PMx="2.43" fuel="39.49" electricity="0.00" noise="109.05" route="routetop" type="cfm_slow" waiting="0.00" lane="left_0" pos="30.49" speed="39.42" angle="129.57" x="26.10" y="10.25"/>
        <vehicle id="cfm_slow_4" eclass="HBEFA3/PC_G_EU4" CO2="102086.99" CO="2200.27" HC="12.58" NOx="47.16" PMx="2.71" fuel="43.88" electricity="0.00" noise="111.95" route="routebottom" type="cfm_slow" waiting="0.00" lane="bottom_0" pos="19.47" speed="41.60" angle="59.39" x="101.16" y="10.21"/>
    </timestep>
    <timestep time="3.13">
        <vehicle id="cfm_slow_0" eclass="HBEFA3/PC_G_EU4" CO2="68742.58" CO="1466.11" HC="8.40" NOx="31.49" PMx="1.82" fuel="29.55" electricity="0.00" noise="99.48" route="routebottom" type="cfm_slow" waiting="0.00" lane="right_0" pos="16.64" speed="38.59" angle="334.59" x="120.24" y="96.28"/>
        <vehicle id="cfm_slow_1" eclass="HBEFA3/PC_G_EU4" CO2="69985.99" CO="1492.09" HC="8.55" NOx="32.07" PMx="1.85" fuel="30.08" electricity="0.00" noise="100.01" route="routetop" type="cfm_slow" waiting="0.00" lane="top_0" pos="4.65" speed="38.61" angle="266.15" x="54.13" y="128.26"/>
        <vehicle id="cfm_slow_2" eclass="HBEFA3/PC_G_EU4" CO2="75591.74" CO="1609.81" HC="9.23" NOx="34.71" PMx="2.00" fuel="32.49" electricity="0.00" noise="102.38" route="routetop" type="cfm_slow" waiting="0.00" lane="top_0" pos="42.68" speed="38.77" angle="197.69" x="0.08" y="78.56"/>
        <vehicle id="cfm_slow_3" eclass="HBEFA3/PC_G_EU4" CO2="91558.57" CO="1949.41" HC="11.17" NOx="42.23" PMx="2.42" fuel="39.36" electricity="0.00" noise="108.87" route="routetop" type="cfm_slow" waiting="0.00" lane="left_0" pos="30.89" speed="39.50" angle="128.90" x="26.76" y="9.78"/>
        <vehicle id="cfm_slow_4" eclass="HBEFA3/PC_G_EU4" CO2="100935.18" CO="2177.97" HC="12.45" NOx="46.62" PMx="2.68" fuel="43.39" electricity="0.00" noise="111.43" route="routebottom" type="cfm_slow" waiting="0.00" lane="bottom_0" pos="19.89" speed="41.68" angle="58.63" x="101.85" y="10.71"/>
    </timestep>
    <timestep time="3.14">
        <vehicle id="cfm_slow_0" eclass="HBEFA3/PC_G_EU4" CO2="68332.76" CO="1458.53" HC="8.36" NOx="31.29" PMx="1.81" fuel="29.37" electricity="0.00" noise="99.28" route="routebottom" type="cfm_slow" waiting="0.00" lane="right_0" pos="17.03" speed="38.65" angle="333.88" x="119.83" y="96.96"/>
        <vehicle id="cfm_slow_1" eclass="HBEFA3/PC_G_EU4" CO2="69618.37" CO="1485.40" HC="8.51" NOx="31.90" PMx="1.84" fuel="29.93" electricity="0.00" noise="99.83" route="routetop" type="cfm_slow" waiting="0.00" lane="top_0" pos="5.03" speed="38.67" angle="265.43" x="53.35" y="128.15"/>
        <vehicle id="cfm_slow_2" eclass="HBEFA3/PC_G_EU4" CO2="75326.47" CO="1605.30" HC="9.20" NOx="34.59" PMx="1.99" fuel="32.38" electricity="0.00" noise="102.24" route="routetop" type="cfm_slow" waiting="0.00" lane="top_0" pos="43.07" speed="38.84" angle="196.99" x="-0.09" y="77.78"/>
        <vehicle id="cfm_slow_3" eclass="HBEFA3/PC_G_EU4" CO2="91252.98" CO="1944.34" HC="11.14" NOx="42.09" PMx="2.41" fuel="39.23" electricity="0.00" noise="108.69" route="routetop" type="cfm_slow" waiting="0.00" lane="left_0" pos="31.29" speed="39.57" angle="128.19" x="27.44" y="9.33"/>
        <vehicle id="cfm_slow_4" eclass="HBEFA3/PC_G_EU4" CO2="99792.16" CO="2155.84" HC="12.32" NOx="46.08" PMx="2.65" fuel="42.90" electricity="0.00" noise="110.92" route="routebottom" type="cfm_slow" waiting="0.00" lane="bottom_0" pos="20.30" speed="41.76" angle="57.87" x="102.55" y="11.21"/>
    </timestep>
    <timestep time="3.15">
        <vehicle id="cfm_slow_0" eclass="HBEFA3/PC_G_EU4" CO2="67925.63" CO="1451.00" HC="8.32" NOx="31.10" PMx="1.80" fuel="29.20" electricity="0.00" noise="99.08" route="routebottom" type="cfm_slow" waiting="0.00" lane="right_0" pos="17.42" speed="38.70" angle="333.16" x="119.43" y="97.64"/>
        <vehicle id="cfm_slow_1" eclass="HBEFA3/PC_G_EU4" CO2="69254.03" CO="1478.77" HC="8.47" NOx="31.73" PMx="1.83" fuel="29.77" electricity="0.00" noise="99.64" route="routetop" type="cfm_slow" waiting="0.00" lane="top_0" pos="5.42" speed="38.73" angle="264.75" x="52.57" y="128.02"/>
        <vehicle id="cfm_slow_2" eclass="HBEFA3/PC_G_EU4" CO2="75063.21" CO="1600.84" HC="9.18" NOx="34.46" PMx="1.98" fuel="32.27" electricity="0.00" noise="102.09" route="routetop" type="cfm_slow" waiting="0.00" lane="top_0" pos="43.46" speed="38.90" angle="196.29" x="-0.27" y="77.01"/>
        <vehicle id="cfm_slow_3" eclass="HBEFA3/PC_G_EU4" CO2="90941.95" CO="1939.14" HC="11.11" NOx="41.94" PMx="2.40" fuel="39.09" electricity="0.00" noise="108.51" route="routetop" type="cfm_slow" waiting="0.00" lane="left_0" pos="31.68" speed="39.65" angle="127.47" x="28.12" y="8.88"/>
        <vehicle id="cfm_slow_4" eclass="HBEFA3/PC_G_EU4" CO2="98658.01" CO="2133.88" HC="12.19" NOx="45.54" PMx="2.62" fuel="42.41" electricity="0.00" noise="110.42" route="routebottom" type="cfm_slow" waiting="0.00" lane="bottom_0" pos="20.72" speed="41.84" angle="57.16" x="103.24" y="11.72"/>
    </timestep>
    <timestep time="3.16">
        <vehicle id="cfm_slow_0" eclass="HBEFA3/PC_G_EU4" CO2="67521.20" CO="1443.52" HC="8.27" NOx="30.91" PMx="1.79" fuel="29.02" electricity="0.00" noise="98.88" route="routebottom" type="cfm_slow" waiting="0.00" lane="right_0" pos="17.80" speed="38.76" angle="332.44" x="119.02" y="98.33"/>
        <vehicle id="cfm_slow_1" eclass="HBEFA3/PC_G_EU4" CO2="68892.98" CO="1472.20" HC="8.44" NOx="31.55" PMx="1.82" fuel="29.61" electricity="0.00" noise="99.46" route="routetop" type="cfm_slow" waiting="0.00" lane="top_0" pos="5.81" speed="38.79" angle="264.04" x="51.78" y="127.87"/>
        <vehicle id="cfm_slow_2" eclass="HBEFA3/PC_G_EU4" CO2="74801.88" CO="1596.42" HC="9.15" NOx="34.34" PMx="1.98" fuel="32.15" electricity="0.00" noise="101.95" route="routetop" type="cfm_slow" waiting="0.00" lane="top_0" pos="43.85" speed="38.97" angle="195.62" x="-0.42" y="76.22"/>
        <vehicle id="cfm_slow_3" eclass="HBEFA3/PC_G_EU4" CO2="90625.61" CO="1933.84" HC="11.08" NOx="41.79" PMx="2.40" fuel="38.96" electricity="0.00" noise="108.33" route="routetop" type="cfm_slow" waiting="0.00" lane="left_0" pos="32.08" speed="39.73" angle="126.82" x="28.80" y="8.43"/>
        <vehicle id="cfm_slow_4" eclass="HBEFA3/PC_G_EU4" CO2="97532.80" CO="2112.09" HC="12.07" NOx="45.01" PMx="2.59" fuel="41.92" electricity="0.00" noise="109.92" route="routebottom" type="cfm_slow" waiting="0.00" lane="bottom_0" pos="21.14" speed="41.92" angle="56.40" x="103.91" y="12.25"/>
    </timestep>
    <timestep time="3.17">
        <vehicle id="cfm_slow_0" eclass="HBEFA3/PC_G_EU4" CO2="67119.49" CO="1436.09" HC="8.23" NOx="30.72" PMx="1.78" fuel="28.85" electricity="0.00" noise="98.69" route="routebottom" type="cfm_slow" waiting="0.00" lane="right_0" pos="18.19" speed="38.82" angle="331.78" x="118.59" y="99.00"/>
        <vehicle id="cfm_slow_1" eclass="HBEFA3/PC_G_EU4" CO2="68535.20" CO="1465.69" HC="8.40" NOx="31.38" PMx="1.81" fuel="29.46" electricity="0.00" noise="99.29" route="routetop" type="cfm_slow" waiting="0.00" lane="top_0" pos="6.20" speed="38.85" angle="263.33" x="51.00" y="127.73"/>
        <vehicle id="cfm_slow_2" eclass="HBEFA3/PC_G_EU4" CO2="74542.42" CO="1592.03" HC="9.12" NOx="34.21" PMx="1.97" fuel="32.04" electricity="0.00" noise="101.81" route="routetop" type="cfm_slow" waiting="0.00" lane="top_0" pos="44.24" speed="39.03" angle="194.90" x="-0.57" y="75.44"/>
        <vehicle id="cfm_slow_3" eclass="HBEFA3/PC_G_EU4" CO2="90304.06" CO="1928.42" HC="11.05" NOx="41.64" PMx="2.39" fuel="38.82" electricity="0.00" noise="108.15" route="routetop" type="cfm_slow" waiting="0.00" lane="left_0" pos="32.48" speed="39.81" angle="126.07" x="29.49" y="8.01"/>
        <vehicle id="cfm_slow_4" eclass="HBEFA3/PC_G_EU4" CO2="96416.57" CO="2090.46" HC="11.94" NOx="44.48" PMx="2.57" fuel="41.44" electricity="0.00" noise="109.43" route="routebottom" type="cfm_slow" waiting="0.00" lane="bottom_0" pos="21.56" speed="42.00" angle="55.63" x="104.59" y="12.78"/>
    </timestep>
    <timestep time="3.18">
        <vehicle id="cfm_slow_0" eclass="HBEFA3/PC_G_EU4" CO2="66720.50" CO="1428.71" HC="8.18" NOx="30.53" PMx="1.77" fuel="28.68" electricity="0.00" noise="98.49" route="routebottom" type="cfm_slow" waiting="0.00" lane="right_0" pos="18.58" speed="38.88" angle="331.04" x="118.14" y="99.66"/>
        <vehicle id="cfm_slow_1" eclass="HBEFA3/PC_G_EU4" CO2="68180.68" CO="1459.25" HC="8.36" NOx="31.22" PMx="1.80" fuel="29.31" electricity="0.00" noise="99.11" route="routetop" type="cfm_slow" waiting="0.00" lane="top_0" pos="6.59" speed="38.91" angle="262.65" x="50.22" y="127.57"/>
        <vehicle id="cfm_slow_2" eclass="HBEFA3/PC_G_EU4" CO2="74284.78" CO="1587.68" HC="9.10" NOx="34.09" PMx="1.97" fuel="31.93" electricity="0.00" noise="101.67" route="routetop" type="cfm_slow" waiting="0.00" lane="top_0" pos="44.63" speed="39.09" angle="194.17" x="-0.72" y="74.65"/>
        <vehicle id="cfm_slow_3" eclass="HBEFA3/PC_G_EU4" CO2="89977.43" CO="1922.90" HC="11.01" NOx="41.48" PMx="2.38" fuel="38.68" electricity="0.00" noise="107.96" route="routetop" type="cfm_slow" waiting="0.00" lane="left_0" pos="32.88" speed="39.89" angle="125.33" x="30.20" y="7.59"/>
        <vehicle id="cfm_slow_4" eclass="HBEFA3/PC_G_EU4" CO2="95309.38" CO="2069.01" HC="11.82" NOx="43.96" PMx="2.54" fuel="40.97" electricity="0.00" noise="108.94" route="routebottom" type="cfm_slow" waiting="0.00" lane="bottom_0" pos="21.98" speed="42.08" angle="54.92" x="105.26" y="13.32"/>
    </timestep>
    <timestep time="3.19">
        <vehicle id="cfm_slow_0" eclass="HBEFA3/PC_G_EU4" CO2="66324.25" CO="1421.38" HC="8.14" NOx="30.34" PMx="1.76" fuel="28.51" electricity="0.00" noise="98.30" route="routebottom" type="cfm_slow" waiting="0.00" lane="right_0" pos="18.97" speed="38.93" angle="330.30" x="117.70" y="100.32"/>
        <vehicle id="cfm_slow_1" eclass="HBEFA3/PC_G_EU4" CO2="67829.43" CO="1452.87" HC="8.32" NOx="31.05" PMx="1.80" fuel="29.16" electricity="0.00" noise="98.94" route="routetop" type="cfm_slow" waiting="0.00" lane="top_0" pos="6.98" speed="38.97" angle="261.90" x="49.44" y="127.39"/>
        <vehicle id="cfm_slow_2" eclass="HBEFA3/PC_G_EU4" CO2="74028.88" CO="1583.36" HC="9.07" NOx="33.97" PMx="1.96" fuel="31.82" electricity="0.00" noise="101.53" route="routetop" type="cfm_slow" waiting="0.00" lane="top_0" pos="45.02" speed="39.16" angle="193.52" x="-0.85" y="73.86"/>
        <vehicle id="cfm_slow_3" eclass="HBEFA3/PC_G_EU4" CO2="89645.84" CO="1917.28" HC="10.98" NOx="41.32" PMx="2.37" fuel="38.53" electricity="0.00" noise="107.78" route="routetop" type="cfm_slow" waiting="0.00" lane="left_0" pos="33.28" speed="39.96" angle="124.61" x="30.90" y="7.17"/>
        <vehicle id="cfm_slow_4" eclass="HBEFA3/PC_G_EU4" CO2="94211.29" CO="2047.72" HC="11.69" NOx="43.44" PMx="2.51" fuel="40.50" electricity="0.00" noise="108.46" route="routebottom" type="cfm_slow" waiting="0.00" lane="bottom_0" pos="22.40" speed="42.15" angle="54.15" x="105.92" y="13.88"/>
    </timestep>
    <timestep time="3.20">
        <vehicle id="cfm_slow_0" eclass="HBEFA3/PC_G_EU4" CO2="65930.74" CO="1414.11" HC="8.10" NOx="30.15" PMx="1.75" fuel="28.34" electricity="0.00" noise="98.11" route="routebottom" type="cfm_slow" waiting="0.00" lane="right_0" pos="19.36" speed="38.99" angle="329.63" x="117.25" y="100.98"/>
        <vehicle id="cfm_slow_1" eclass="HBEFA3/PC_G_EU4" CO2="67481.42" CO="1446.56" HC="8.28" NOx="30.88" PMx="1.79" fuel="29.01" electricity="0.00" noise="98.77" route="routetop" type="cfm_slow" waiting="0.00" lane="top_0" pos="7.37" speed="39.02" angle="261.15" x="48.66" y="127.21"/>
        <vehicle id="cfm_slow_2" eclass="HBEFA3/PC_G_EU4" CO2="73774.68" CO="1579.07" HC="9.04" NOx="33.85" PMx="1.95" fuel="31.71" electricity="0.00" noise="101.40" route="routetop" type="cfm_slow" waiting="0.00" lane="top_0" pos="45.41" speed="39.22" angle="192.80" x="-0.96" y="73.06"/>
        <vehicle id="cfm_slow_3" eclass="HBEFA3/PC_G_EU4" CO2="89309.40" CO="1911.55" HC="10.95" NOx="41.16" PMx="2.36" fuel="38.39" electricity="0.00" noise="107.59" route="routetop" type="cfm_slow" waiting="0.00" lane="left_0" pos="33.68" speed="40.04" angle="123.91" x="31.61" y="6.77"/>
        <vehicle id="cfm_slow_4" eclass="HBEFA3/PC_G_EU4" CO2="93122.33" CO="2026.61" HC="11.57" NOx="42.92" PMx="2.48" fuel="40.03" electricity="0.00" noise="107.99" route="routebottom" type="cfm_slow" waiting="0.00" lane="bottom_0" pos="22.83" speed="42.23" angle="53.38" x="106.58" y="14.44"/>
    </timestep>
    <timestep time="3.21">
        <vehicle id="cfm_slow_0" eclass="HBEFA3/PC_G_EU4" CO2="65539.98" CO="1406.88" HC="8.06" NOx="29.97" PMx="1.74" fuel="28.17" electricity="0.00" noise="97.93" route="routebottom" type="cfm_slow" waiting="0.00" lane="right_0" pos="19.75" speed="39.04" angle="328.91" x="116.78" y="101.63"/>
        <vehicle id="cfm_slow_1" eclass="HBEFA3/PC_G_EU4" CO2="67136.66" CO="1440.31" HC="8.25" NOx="30.72" PMx="1.78" fuel="28.86" electricity="0.00" noise="98.60" route="routetop" type="cfm_slow" waiting="0.00" lane="top_0" pos="7.76" speed="39.08" angle="260.47" x="47.88" y="127.03"/>
        <vehicle id="cfm_slow_2" eclass="HBEFA3/PC_G_EU4" CO2="73522.11" CO="1574.81" HC="9.02" NOx="33.73" PMx="1.95" fuel="31.60" electricity="0.00" noise="101.26" route="routetop" type="cfm_slow" waiting="0.00" lane="top_0" pos="45.81" speed="39.28" angle="192.09" x="-1.08" y="72.26"/>
        <vehicle id="cfm_slow_3" eclass="HBEFA3/PC_G_EU4" CO2="88968.23" CO="1905.71" HC="10.91" NOx="41.00" PMx="2.36" fuel="38.24" electricity="0.00" noise="107.41" route="routetop" type="cfm_slow" waiting="0.00" lane="left_0" pos="34.08" speed="40.11" angle="123.19" x="32.33" y="6.37"/>
        <vehicle id="cfm_slow_4" eclass="HBEFA3/PC_G_EU4" CO2="92042.55" CO="2005.68" HC="11.45" NOx="42.41" PMx="2.45" fuel="39.56" electricity="0.00" noise="107.52" route="routebottom" type="cfm_slow" waiting="0.00" lane="bottom_0" pos="23.25" speed="42.30" angle="52.69" x="107.23" y="15.01"/>
    </timestep>
    <timestep time="3.22">
        <vehicle id="cfm_slow_0" eclass="HBEFA3/PC_G_EU4" CO2="65152.00" CO="1399.71" HC="8.01" NOx="29.78" PMx="1.73" fuel="28.01" electricity="0.00" noise="97.74" route="routebottom" type="cfm_slow" waiting="0.00" lane="right_0" pos="20.14" speed="39.10" angle="328.18" x="116.31" y="102.28"/>
        <vehicle id="cfm_slow_1" eclass="HBEFA3/PC_G_EU4" CO2="66795.12" CO="1434.12" HC="8.21" NOx="30.56" PMx="1.77" fuel="28.71" electricity="0.00" noise="98.43" route="routetop" type="cfm_slow" waiting="0.00" lane="top_0" pos="8.15" speed="39.14" angle="259.78" x="47.10" y="126.83"/>
        <vehicle id="cfm_slow_2" eclass="HBEFA3/PC_G_EU4" CO2="73271.11" CO="1570.58" HC="8.99" NOx="33.61" PMx="1.94" fuel="31.50" electricity="0.00" noise="101.13" route="routetop" type="cfm_slow" waiting="0.00" lane="top_0" pos="46.20" speed="39.34" angle="191.42" x="-1.19" y="71.46"/>
        <vehicle id="cfm_slow_3" eclass="HBEFA3/PC_G_EU4" CO2="88622.45" CO="1899.79" HC="10.88" NOx="40.84" PMx="2.35" fuel="38.09" electricity="0.00" noise="107.22" route="routetop" type="cfm_slow" waiting="0.00" lane="left_0" pos="34.48" speed="40.19" angle="122.46" x="33.05" y="5.97"/>
        <vehicle id="cfm_slow_4" eclass="HBEFA3/PC_G_EU4" CO2="90971.98" CO="1984.91" HC="11.33" NOx="41.90" PMx="2.43" fuel="39.10" electricity="0.00" noise="107.06" route="routebottom" type="cfm_slow" waiting="0.00" lane="bottom_0" pos="23.67" speed="42.37" angle="51.92" x="107.87" y="15.60"/>
    </timestep>
    <timestep time="3.23">
        <vehicle id="cfm_slow_0" eclass="HBEFA3/PC_G_EU4" CO2="64766.78" CO="1392.59" HC="7.97" NOx="29.60" PMx="1.72" fuel="27.84" electricity="0.00" noise="97.56" route="routebottom" type="cfm_slow" waiting="0.00" lane="right_0" pos="20.53" speed="39.15" angle="327.51" x="115.84" y="102.93"/>
        <vehicle id="cfm_slow_1" eclass="HBEFA3/PC_G_EU4" CO2="66456.80" CO="1427.99" HC="8.17" NOx="30.40" PMx="1.76" fuel="28.57" electricity="0.00" noise="98.27" route="routetop" type="cfm_slow" waiting="0.00" lane="top_0" pos="8.54" speed="39.19" angle="259.08" x="46.33" y="126.62"/>
        <vehicle id="cfm_slow_2" eclass="HBEFA3/PC_G_EU4" CO2="73021.63" CO="1566.39" HC="8.97" NOx="33.49" PMx="1.93" fuel="31.39" electricity="0.00" noise="100.99" route="routetop" type="cfm_slow" waiting="0.00" lane="top_0" pos="46.59" speed="39.40" angle="190.69" x="-1.27" y="70.66"/>
        <vehicle id="cfm_slow_3" eclass="HBEFA3/PC_G_EU4" CO2="88272.16" CO="1893.76" HC="10.84" NOx="40.67" PMx="2.34" fuel="37.94" electricity="0.00" noise="107.03" route="routetop" type="cfm_slow" waiting="0.00" lane="left_0" pos="34.88" speed="40.26" angle="121.79" x="33.79" y="5.59"/>
        <vehicle id="cfm_slow_4" eclass="HBEFA3/PC_G_EU4" CO2="89910.66" CO="1964.33" HC="11.21" NOx="41.40" PMx="2.40" fuel="38.65" electricity="0.00" noise="106.60" route="routebottom" type="cfm_slow" waiting="0.00" lane="bottom_0" pos="24.10" speed="42.44" angle="51.16" x="108.51" y="16.19"/>
    </timestep>
    <timestep time="3.24">
        <vehicle id="cfm_slow_0" eclass="HBEFA3/PC_G_EU4" CO2="64384.35" CO="1385.53" HC="7.93" NOx="29.42" PMx="1.71" fuel="27.68" electricity="0.00" noise="97.38" route="routebottom" type="cfm_slow" waiting="0.00" lane="right_0" pos="20.93" speed="39.20" angle="326.79" x="115.34" y="103.56"/>
        <vehicle id="cfm_slow_1" eclass="HBEFA3/PC_G_EU4" CO2="66121.69" CO="1421.92" HC="8.14" NOx="30.24" PMx="1.75" fuel="28.42" electricity="0.00" noise="98.11" route="routetop" type="cfm_slow" waiting="0.00" lane="top_0" pos="8.93" speed="39.25" angle="258.43" x="45.55" y="126.42"/>
        <vehicle id="cfm_slow_2" eclass="HBEFA3/PC_G_EU4" CO2="72773.61" CO="1562.22" HC="8.94" NOx="33.37" PMx="1.93" fuel="31.28" electricity="0.00" noise="100.86" route="routetop" type="cfm_slow" waiting="0.00" lane="top_0" pos="46.99" speed="39.47" angle="189.95" x="-1.35" y="69.85"/>
        <vehicle id="cfm_slow_3" eclass="HBEFA3/PC_G_EU4" CO2="87917.48" CO="1887.64" HC="10.80" NOx="40.50" PMx="2.33" fuel="37.79" electricity="0.00" noise="106.85" route="routetop" type="cfm_slow" waiting="0.00" lane="left_0" pos="35.29" speed="40.34" angle="121.05" x="34.53" y="5.22"/>
        <vehicle id="cfm_slow_4" eclass="HBEFA3/PC_G_EU4" CO2="88858.61" CO="1943.91" HC="11.09" NOx="40.90" PMx="2.37" fuel="38.20" electricity="0.00" noise="106.15" route="routebottom" type="cfm_slow" waiting="0.00" lane="bottom_0" pos="24.52" speed="42.51" angle="50.43" x="109.14" y="16.79"/>
    </timestep>
    <timestep time="3.25">
        <vehicle id="cfm_slow_0" eclass="HBEFA3/PC_G_EU4" CO2="64004.70" CO="1378.51" HC="7.89" NOx="29.24" PMx="1.70" fuel="27.51" electricity="0.00" noise="97.20" route="routebottom" type="cfm_slow" waiting="0.00" lane="right_0" pos="21.32" speed="39.26" angle="326.07" x="114.85" y="104.20"/>
        <vehicle id="cfm_slow_1" eclass="HBEFA3/PC_G_EU4" CO2="65789.76" CO="1415.92" HC="8.10" NOx="30.08" PMx="1.75" fuel="28.28" electricity="0.00" noise="97.95" route="routetop" type="cfm_slow" waiting="0.00" lane="top_0" pos="9.33" speed="39.30" angle="257.72" x="44.78" y="126.18"/>
        <vehicle id="cfm_slow_2" eclass="HBEFA3/PC_G_EU4" CO2="72527.00" CO="1558.07" HC="8.92" NOx="33.25" PMx="1.92" fuel="31.18" electricity="0.00" noise="100.73" route="routetop" type="cfm_slow" waiting="0.00" lane="top_0" pos="47.38" speed="39.53" angle="189.24" x="-1.43" y="69.05"/>
        <vehicle id="cfm_slow_3" eclass="HBEFA3/PC_G_EU4" CO2="87558.53" CO="1881.43" HC="10.77" NOx="40.33" PMx="2.32" fuel="37.64" electricity="0.00" noise="106.66" route="routetop" type="cfm_slow" waiting="0.00" lane="left_0" pos="35.69" speed="40.41" angle="120.32" x="35.27" y="4.85"/>
        <vehicle id="cfm_slow_4" eclass="HBEFA3/PC_G_EU4" CO2="87815.86" CO="1923.68" HC="10.97" NOx="40.41" PMx="2.35" fuel="37.75" electricity="0.00" noise="105.71" route="routebottom" type="cfm_slow" waiting="0.00" lane="bottom_0" pos="24.95" speed="42.58" angle="49.63" x="109.76" y="17.41"/>
    </timestep>
    <timestep time="3.26">
        <vehicle id="cfm_slow_0" eclass="HBEFA3/PC_G_EU4" CO2="63627.84" CO="1371.55" HC="7.85" NOx="29.06" PMx="1.69" fuel="27.35" electricity="0.00" noise="97.02" route="routebottom" type="cfm_slow" waiting="0.00" lane="right_0" pos="21.71" speed="39.31" angle="325.38" x="114.35" y="104.83"/>
        <vehicle id="cfm_slow_1" eclass="HBEFA3/PC_G_EU4" CO2="65461.01" CO="1409.98" HC="8.07" NOx="29.92" PMx="1.74" fuel="28.14" electricity="0.00" noise="97.79" route="routetop" type="cfm_slow" waiting="0.00" lane="top_0" pos="9.72" speed="39.36" angle="257.00" x="44.01" y="125.94"/>
        <vehicle id="cfm_slow_2" eclass="HBEFA3/PC_G_EU4" CO2="72281.74" CO="1553.96" HC="8.89" NOx="33.14" PMx="1.92" fuel="31.07" electricity="0.00" noise="100.60" route="routetop" type="cfm_slow" waiting="0.00" lane="top_0" pos="47.78" speed="39.59" angle="188.54" x="-1.48" y="68.24"/>
        <vehicle id="cfm_slow_3" eclass="HBEFA3/PC_G_EU4" CO2="87195.41" CO="1875.13" HC="10.73" NOx="40.16" PMx="2.31" fuel="37.48" electricity="0.00" noise="106.47" route="routetop" type="cfm_slow" waiting="0.00" lane="left_0" pos="36.09" speed="40.48" angle="119.62" x="36.02" y="4.49"/>
        <vehicle id="cfm_slow_4" eclass="HBEFA3/PC_G_EU4" CO2="86782.44" CO="1903.62" HC="10.85" NOx="39.92" PMx="2.32" fuel="37.30" electricity="0.00" noise="105.27" route="routebottom" type="cfm_slow" waiting="0.00" lane="bottom_0" pos="25.37" speed="42.65" angle="48.82" x="110.38" y="18.03"/>
    </timestep>
    <timestep time="3.27">
        <vehicle id="cfm_slow_0" eclass="HBEFA3/PC_G_EU4" CO2="63253.79" CO="1364.65" HC="7.81" NOx="28.88" PMx="1.68" fuel="27.19" electricity="0.00" noise="96.84" route="routebottom" type="cfm_slow" waiting="0.00" lane="right_0" pos="22.11" speed="39.36" angle="324.69" x="113.84" y="105.45"/>
        <vehicle id="cfm_slow_1" eclass="HBEFA3/PC_G_EU4" CO2="65135.43" CO="1404.10" HC="8.03" NOx="29.77" PMx="1.73" fuel="28.00" electricity="0.00" noise="97.63" route="routetop" type="cfm_slow" waiting="0.00" lane="top_0" pos="10.11" speed="39.41" angle="256.28" x="43.24" y="125.70"/>
        <vehicle id="cfm_slow_2" eclass="HBEFA3/PC_G_EU4" CO2="72037.79" CO="1549.86" HC="8.87" NOx="33.02" PMx="1.91" fuel="30.97" electricity="0.00" noise="100.48" route="routetop" type="cfm_slow" waiting="0.00" lane="top_0" pos="48.18" speed="39.65" angle="187.81" x="-1.53" y="67.43"/>
        <vehicle id="cfm_slow_3" eclass="HBEFA3/PC_G_EU4" CO2="86828.25" CO="1868.74" HC="10.69" NOx="39.98" PMx="2.30" fuel="37.32" electricity="0.00" noise="106.28" route="routetop" type="cfm_slow" waiting="0.00" lane="left_0" pos="36.50" speed="40.56" angle="118.84" x="36.78" y="4.15"/>
        <vehicle id="cfm_slow_4" eclass="HBEFA3/PC_G_EU4" CO2="85758.35" CO="1883.73" HC="10.74" NOx="39.44" PMx="2.29" fuel="36.86" electricity="0.00" noise="104.84" route="routebottom" type="cfm_slow" waiting="0.00" lane="bottom_0" pos="25.80" speed="42.72" angle="48.08" x="110.98" y="18.66"/>
    </timestep>
    <timestep time="3.28">
        <vehicle id="cfm_slow_0" eclass="HBEFA3/PC_G_EU4" CO2="62882.54" CO="1357.79" HC="7.77" NOx="28.71" PMx="1.67" fuel="27.03" electricity="0.00" noise="96.67" route="routebottom" type="cfm_slow" waiting="0.00" lane="right_0" pos="22.50" speed="39.41" angle="323.97" x="113.31" y="106.07"/>
        <vehicle id="cfm_slow_1" eclass="HBEFA3/PC_G_EU4" CO2="64812.98" CO="1398.28" HC="8.00" NOx="29.62" PMx="1.72" fuel="27.86" electricity="0.00" noise="97.48" route="routetop" type="cfm_slow" waiting="0.00" lane="top_0" pos="10.51" speed="39.46" angle="255.58" x="42.47" y="125.44"/>
        <vehicle id="cfm_slow_2" eclass="HBEFA3/PC_G_EU4" CO2="71795.09" CO="1545.79" HC="8.84" NOx="32.91" PMx="1.90" fuel="30.86" electricity="0.00" noise="100.35" route="routetop" type="cfm_slow" waiting="0.00" lane="top_0" pos="48.57" speed="39.71" angle="187.08" x="-1.58" y="66.61"/>
        <vehicle id="cfm_slow_3" eclass="HBEFA3/PC_G_EU4" CO2="86457.14" CO="1862.27" HC="10.65" NOx="39.81" PMx="2.29" fuel="37.16" electricity="0.00" noise="106.09" route="routetop" type="cfm_slow" waiting="0.00" lane="left_0" pos="36.91" speed="40.63" angle="118.06" x="37.54" y="3.81"/>
        <vehicle id="cfm_slow_4" eclass="HBEFA3/PC_G_EU4" CO2="84743.62" CO="1864.03" HC="10.62" NOx="38.96" PMx="2.27" fuel="36.43" electricity="0.00" noise="104.41" route="routebottom" type="cfm_slow" waiting="0.00" lane="bottom_0" pos="26.23" speed="42.78" angle="47.31" x="111.58" y="19.31"/>
    </timestep>
    <timestep time="3.29">
        <vehicle id="cfm_slow_0" eclass="HBEFA3/PC_G_EU4" CO2="62514.09" CO="1350.99" HC="7.73" NOx="28.53" PMx="1.66" fuel="26.87" electricity="0.00" noise="96.50" route="routebottom" type="cfm_slow" waiting="0.00" lane="right_0" pos="22.89" speed="39.47" angle="323.25" x="112.79" y="106.69"/>
        <vehicle id="cfm_slow_1" eclass="HBEFA3/PC_G_EU4" CO2="64493.66" CO="1392.52" HC="7.97" NOx="29.46" PMx="1.71" fuel="27.72" electricity="0.00" noise="97.32" route="routetop" type="cfm_slow" waiting="0.00" lane="top_0" pos="10.90" speed="39.52" angle="254.81" x="41.71" y="125.16"/>
        <vehicle id="cfm_slow_2" eclass="HBEFA3/PC_G_EU4" CO2="71553.60" CO="1541.74" HC="8.82" NOx="32.79" PMx="1.90" fuel="30.76" electricity="0.00" noise="100.23" route="routetop" type="cfm_slow" waiting="0.00" lane="top_0" pos="48.97" speed="39.77" angle="186.40" x="-1.61" y="65.80"/>
        <vehicle id="cfm_slow_3" eclass="HBEFA3/PC_G_EU4" CO2="86082.20" CO="1855.72" HC="10.61" NOx="39.63" PMx="2.29" fuel="37.00" electricity="0.00" noise="105.90" route="routetop" type="cfm_slow" waiting="0.00" lane="left_0" pos="37.31" speed="40.70" angle="117.37" x="38.30" y="3.48"/>
        <vehicle id="cfm_slow_4" eclass="HBEFA3/PC_G_EU4" CO2="83738.26" CO="1844.50" HC="10.51" NOx="38.48" PMx="2.24" fuel="35.99" electricity="0.00" noise="103.99" route="routebottom" type="cfm_slow" waiting="0.00" lane="bottom_0" pos="26.66" speed="42.85" angle="46.52" x="112.18" y="19.95"/>
    </timestep>
    <timestep time="3.30">
        <vehicle id="cfm_slow_0" eclass="HBEFA3/PC_G_EU4" CO2="62148.46" CO="1344.24" HC="7.69" NOx="28.36" PMx="1.65" fuel="26.71" electricity="0.00" noise="96.33" route="routebottom" type="cfm_slow" waiting="0.00" lane="right_0" pos="23.29" speed="39.52" angle="322.60" x="112.26" y="107.30"/>
        <vehicle id="cfm_slow_1" eclass="HBEFA3/PC_G_EU4" CO2="64177.45" CO="1386.82" HC="7.93" NOx="29.31" PMx="1.71" fuel="27.59" electricity="0.00" noise="97.17" route="routetop" type="cfm_slow" waiting="0.00" lane="top_0" pos="11.30" speed="39.57" angle="254.04" x="40.95" y="124.88"/>
        <vehicle id="cfm_slow_2" eclass="HBEFA3/PC_G_EU4" CO2="71313.26" CO="1537.72" HC="8.80" NOx="32.68" PMx="1.89" fuel="30.65" electricity="0.00" noise="100.10" route="routetop" type="cfm_slow" waiting="0.00" lane="top_0" pos="49.37" speed="39.83" angle="185.65" x="-1.63" y="64.98"/>
        <vehicle id="cfm_slow_3" eclass="HBEFA3/PC_G_EU4" CO2="85703.54" CO="1849.08" HC="10.57" NOx="39.45" PMx="2.28" fuel="36.84" electricity="0.00" noise="105.70" route="routetop" type="cfm_slow" waiting="0.00" lane="left_0" pos="37.72" speed="40.77" angle="116.60" x="39.08" y="3.17"/>
        <vehicle id="cfm_slow_4" eclass="HBEFA3/PC_G_EU4" CO2="82742.27" CO="1825.15" HC="10.40" NOx="38.01" PMx="2.22" fuel="35.57" electricity="0.00" noise="103.58" route="routebottom" type="cfm_slow" waiting="0.00" lane="bottom_0" pos="27.09" speed="42.91" angle="45.79" x="112.77" y="20.60"/>
    </timestep>
    <timestep time="3.31">
        <vehicle id="cfm_slow_0" eclass="HBEFA3/PC_G_EU4" CO2="61785.64" CO="1337.55" HC="7.65" NOx="28.18" PMx="1.64" fuel="26.56" electricity="0.00" noise="96.16" route="routebottom" type="cfm_slow" waiting="0.00" lane="right_0" pos="23.68" speed="39.57" angle="321.88" x="111.70" y="107.89"/>
        <vehicle id="cfm_slow_1" eclass="HBEFA3/PC_G_EU4" CO2="63864.34" CO="1381.18" HC="7.90" NOx="29.16" PMx="1.70" fuel="27.45" electricity="0.00" noise="97.02" route="routetop" type="cfm_slow" waiting="0.00" lane="top_0" pos="11.70" speed="39.62" angle="253.37" x="40.19" y="124.59"/>
        <vehicle id="cfm_slow_2" eclass="HBEFA3/PC_G_EU4" CO2="71074.03" CO="1533.71" HC="8.77" NOx="32.56" PMx="1.89" fuel="30.55" electricity="0.00" noise="99.98" route="routetop" type="cfm_slow" waiting="0.00" lane="top_0" pos="49.77" speed="39.89" angle="184.89" x="-1.64" y="64.17"/>
        <vehicle id="cfm_slow_3" eclass="HBEFA3/PC_G_EU4" CO2="85321.26" CO="1842.37" HC="10.53" NOx="39.27" PMx="2.27" fuel="36.68" electricity="0.00" noise="105.51" route="routetop" type="cfm_slow" waiting="0.00" lane="left_0" pos="38.13" speed="40.84" angle="115.84" x="39.86" y="2.86"/>
        <vehicle id="cfm_slow_4" eclass="HBEFA3/PC_G_EU4" CO2="81755.66" CO="1805.98" HC="10.28" NOx="37.54" PMx="2.19" fuel="35.14" electricity="0.00" noise="103.16" route="routebottom" type="cfm_slow" waiting="0.00" lane="bottom_0" pos="27.52" speed="42.97" angle="44.97" x="113.33" y="21.28"/>
    </timestep>
    <timestep time="3.32">
        <vehicle id="cfm_slow_0" eclass="HBEFA3/PC_G_EU4" CO2="61425.64" CO="1330.90" HC="7.61" NOx="28.01" PMx="1.63" fuel="26.40" electricity="0.00" noise="96.00" route="routebottom" type="cfm_slow" waiting="0.00" lane="right_0" pos="24.08" speed="39.62" angle="321.15" x="111.15" y="108.49"/>
        <vehicle id="cfm_slow_1" eclass="HBEFA3/PC_G_EU4" CO2="63554.29" CO="1375.60" HC="7.87" NOx="29.02" PMx="1.69" fuel="27.32" electricity="0.00" noise="96.88" route="routetop" type="cfm_slow" waiting="0.00" lane="top_0" pos="12.09" speed="39.67" angle="252.68" x="39.43" y="124.29"/>
        <vehicle id="cfm_slow_2" eclass="HBEFA3/PC_G_EU4" CO2="70835.85" CO="1529.72" HC="8.75" NOx="32.45" PMx="1.88" fuel="30.45" electricity="0.00" noise="99.86" route="routetop" type="cfm_slow" waiting="0.00" lane="left_0" pos="0.17" speed="39.94" angle="184.18" x="-1.64" y="63.29"/>
        <vehicle id="cfm_slow_3" eclass="HBEFA3/PC_G_EU4" CO2="84935.48" CO="1835.57" HC="10.49" NOx="39.08" PMx="2.26" fuel="36.51" electricity="0.00" noise="105.32" route="routetop" type="cfm_slow" waiting="0.00" lane="left_0" pos="38.54" speed="40.91" angle="115.13" x="40.64" y="2.55"/>
        <vehicle id="cfm_slow_4" eclass="HBEFA3/PC_G_EU4" CO2="80778.44" CO="1786.99" HC="10.17" NOx="37.08" PMx="2.17" fuel="34.72" electricity="0.00" noise="102.76" route="routebottom" type="cfm_slow" waiting="0.00" lane="bottom_0" pos="27.95" speed="43.04" angle="44.15" x="113.90" y="21.95"/>
    </timestep>
    <timestep time="3.33">
        <vehicle id="cfm_slow_0" eclass="HBEFA3/PC_G_EU4" CO2="61068.46" CO="1324.32" HC="7.57" NOx="27.84" PMx="1.62" fuel="26.25" electricity="0.00" noise="95.83" route="routebottom" type="cfm_slow" waiting="0.00" lane="right_0" pos="24.48" speed="39.67" angle="320.49" x="110.59" y="109.08"/>
        <vehicle id="cfm_slow_1" eclass="HBEFA3/PC_G_EU4" CO2="63247.29" CO="1370.07" HC="7.83" NOx="28.87" PMx="1.68" fuel="27.19" electricity="0.00" noise="96.73" route="routetop" type="cfm_slow" waiting="0.00" lane="top_0" pos="12.49" speed="39.72" angle="251.98" x="38.68" y="123.99"/>
        <vehicle id="cfm_slow_2" eclass="HBEFA3/PC_G_EU4" CO2="70598.69" CO="1525.76" HC="8.72" NOx="32.33" PMx="1.88" fuel="30.35" electricity="0.00" noise="99.74" route="routetop" type="cfm_slow" waiting="0.00" lane="left_0" pos="0.57" speed="40.00" angle="183.45" x="-1.63" y="62.47"/>
        <vehicle id="cfm_slow_3" eclass="HBEFA3/PC_G_EU4" CO2="84546.29" CO="1828.71" HC="10.45" NOx="38.90" PMx="2.25" fuel="36.34" electricity="0.00" noise="105.13" route="routetop" type="cfm_slow" waiting="0.00" lane="left_0" pos="38.95" speed="40.98" angle="114.37" x="41.43" y="2.27"/>
        <vehicle id="cfm_slow_4" eclass="HBEFA3/PC_G_EU4" CO2="79810.59" CO="1768.17" HC="10.06" NOx="36.62" PMx="2.14" fuel="34.31" electricity="0.00" noise="102.36" route="routebottom" type="cfm_slow" waiting="0.00" lane="bottom_0" pos="28.38" speed="43.10" angle="43.40" x="114.46" y="22.63"/>
    </timestep>
    <timestep time="3.34">
        <vehicle id="cfm_slow_0" eclass="HBEFA3/PC_G_EU4" CO2="60714.11" CO="1317.78" HC="7.53" NOx="27.68" PMx="1.62" fuel="26.10" electricity="0.00" noise="95.67" route="routebottom" type="cfm_slow" waiting="0.00" lane="right_0" pos="24.87" speed="39.72" angle="319.76" x="110.02" y="109.65"/>
        <vehicle id="cfm_slow_1" eclass="HBEFA3/PC_G_EU4" CO2="62943.33" CO="1364.61" HC="7.80" NOx="28.73" PMx="1.67" fuel="27.06" electricity="0.00" noise="96.59" route="routetop" type="cfm_slow" waiting="0.00" lane="top_0" pos="12.89" speed="39.78" angle="251.32" x="37.92" y="123.68"/>
        <vehicle id="cfm_slow_2" eclass="HBEFA3/PC_G_EU4" CO2="70362.51" CO="1521.80" HC="8.70" NOx="32.22" PMx="1.87" fuel="30.25" electricity="0.00" noise="99.62" route="routetop" type="cfm_slow" waiting="0.00" lane="left_0" pos="0.97" speed="40.06" angle="182.72" x="-1.61" y="61.64"/>
        <vehicle id="cfm_slow_3" eclass="HBEFA3/PC_G_EU4" CO2="84153.81" CO="1821.77" HC="10.41" NOx="38.71" PMx="2.24" fuel="36.17" electricity="0.00" noise="104.93" route="routetop" type="cfm_slow" waiting="0.00" lane="left_0" pos="39.36" speed="41.05" angle="113.62" x="42.22" y="1.98"/>
        <vehicle id="cfm_slow_4" eclass="HBEFA3/PC_G_EU4" CO2="78852.13" CO="1749.54" HC="9.96" NOx="36.17" PMx="2.12" fuel="33.89" electricity="0.00" noise="101.97" route="routebottom" type="cfm_slow" waiting="0.00" lane="bottom_0" pos="28.81" speed="43.16" angle="42.60" x="115.01" y="23.33"/>
    </timestep>
    <timestep time="3.35">
        <vehicle id="cfm_slow_0" eclass="HBEFA3/PC_G_EU4" CO2="60362.57" CO="1311.30" HC="7.49" NOx="27.51" PMx="1.61" fuel="25.95" electricity="0.00" noise="95.51" route="routebottom" type="cfm_slow" waiting="0.00" lane="right_0" pos="25.27" speed="39.76" angle="319.03" x="109.44" y="110.23"/>
        <vehicle id="cfm_slow_1" eclass="HBEFA3/PC_G_EU4" CO2="62642.38" CO="1359.21" HC="7.77" NOx="28.58" PMx="1.67" fuel="26.93" electricity="0.00" noise="96.45" route="routetop" type="cfm_slow" waiting="0.00" lane="top_0" pos="13.29" speed="39.83" angle="250.58" x="37.18" y="123.35"/>
        <vehicle id="cfm_slow_2" eclass="HBEFA3/PC_G_EU4" CO2="70127.24" CO="1517.87" HC="8.68" NOx="32.11" PMx="1.86" fuel="30.14" electricity="0.00" noise="99.50" route="routetop" type="cfm_slow" waiting="0.00" lane="left_0" pos="1.37" speed="40.12" angle="182.04" x="-1.59" y="60.82"/>
        <vehicle id="cfm_slow_3" eclass="HBEFA3/PC_G_EU4" CO2="83758.13" CO="1814.76" HC="10.37" NOx="38.52" PMx="2.23" fuel="36.00" electricity="0.00" noise="104.74" route="routetop" type="cfm_slow" waiting="0.00" lane="left_0" pos="39.77" speed="41.12" angle="112.93" x="43.01" y="1.70"/>
        <vehicle id="cfm_slow_4" eclass="HBEFA3/PC_G_EU4" CO2="77903.05" CO="1731.08" HC="9.85" NOx="35.72" PMx="2.09" fuel="33.49" electricity="0.00" noise="101.58" route="routebottom" type="cfm_slow" waiting="0.00" lane="bottom_0" pos="29.24" speed="43.22" angle="41.80" x="115.56" y="24.03"/>
    </timestep>
    <timestep time="3.36">
        <vehicle id="cfm_slow_0" eclass="HBEFA3/PC_G_EU4" CO2="60013.85" CO="1304.87" HC="7.46" NOx="27.34" PMx="1.60" fuel="25.80" electricity="0.00" noise="95.35" route="routebottom" type="cfm_slow" waiting="0.00" lane="right_0" pos="25.67" speed="39.81" angle="318.36" x="108.86" y="110.81"/>
        <vehicle id="cfm_slow_1" eclass="HBEFA3/PC_G_EU4" CO2="62344.41" CO="1353.86" HC="7.74" NOx="28.44" PMx="1.66" fuel="26.80" electricity="0.00" noise="96.31" route="routetop" type="cfm_slow" waiting="0.00" lane="top_0" pos="13.69" speed="39.88" angle="249.83" x="36.43" y="123.01"/>
        <vehicle id="cfm_slow_2" eclass="HBEFA3/PC_G_EU4" CO2="69892.87" CO="1513.95" HC="8.65" NOx="32.00" PMx="1.86" fuel="30.04" electricity="0.00" noise="99.38" route="routetop" type="cfm_slow" waiting="0.00" lane="left_0" pos="1.77" speed="40.17" angle="181.30" x="-1.54" y="60.00"/>
        <vehicle id="cfm_slow_3" eclass="HBEFA3/PC_G_EU4" CO2="83359.36" CO="1807.68" HC="10.33" NOx="38.33" PMx="2.22" fuel="35.83" electricity="0.00" noise="104.54" route="routetop" type="cfm_slow" waiting="0.00" lane="left_0" pos="40.18" speed="41.18" angle="112.16" x="43.82" y="1.45"/>
        <vehicle id="cfm_slow_4" eclass="HBEFA3/PC_G_EU4" CO2="76963.33" CO="1712.80" HC="9.74" NOx="35.28" PMx="2.07" fuel="33.08" electricity="0.00" noise="101.19" route="routebottom" type="cfm_slow" waiting="0.00" lane="bottom_0" pos="29.68" speed="43.27" angle="41.07" x="116.09" y="24.74"/>
    </timestep>
    <timestep time="3.37">
        <vehicle id="cfm_slow_0" eclass="HBEFA3/PC_G_EU4" CO2="59667.96" CO="1298.50" HC="7.42" NOx="27.18" PMx="1.59" fuel="25.65" electricity="0.00" noise="95.19" route="routebottom" type="cfm_slow" waiting="0.00" lane="right_0" pos="26.07" speed="39.86" angle="317.64" x="108.26" y="111.36"/>
        <vehicle id="cfm_slow_1" eclass="HBEFA3/PC_G_EU4" CO2="62049.41" CO="1348.57" HC="7.71" NOx="28.30" PMx="1.65" fuel="26.67" electricity="0.00" noise="96.17" route="routetop" type="cfm_slow" waiting="0.00" lane="top_0" pos="14.08" speed="39.93" angle="249.14" x="35.68" y="122.68"/>
        <vehicle id="cfm_slow_2" eclass="HBEFA3/PC_G_EU4" CO2="69659.34" CO="1510.05" HC="8.63" NOx="31.89" PMx="1.85" fuel="29.94" electricity="0.00" noise="99.26" route="routetop" type="cfm_slow" waiting="0.00" lane="left_0" pos="2.17" speed="40.23" angle="180.57" x="-1.49" y="59.18"/>
        <vehicle id="cfm_slow_3" eclass="HBEFA3/PC_G_EU4" CO2="82957.61" CO="1800.54" HC="10.29" NOx="38.14" PMx="2.21" fuel="35.66" electricity="0.00" noise="104.35" route="routetop" type="cfm_slow" waiting="0.00" lane="left_0" pos="40.59" speed="41.25" angle="111.40" x="44.63" y="1.20"/>
        <vehicle id="cfm_slow_4" eclass="HBEFA3/PC_G_EU4" CO2="76032.97" CO="1694.70" HC="9.64" NOx="34.84" PMx="2.04" fuel="32.68" electricity="0.00" noise="100.81" route="routebottom" type="cfm_slow" waiting="0.00" lane="bottom_0" pos="30.11" speed="43.33" angle="40.29" x="116.61" y="25.46"/>
    </timestep>
    <timestep time="3.38">
        <vehicle id="cfm_slow_0" eclass="HBEFA3/PC_G_EU4" CO2="59324.89" CO="1292.18" HC="7.38" NOx="27.02" PMx="1.58" fuel="25.50" electricity="0.00" noise="95.04" route="routebottom" type="cfm_slow" waiting="0.00" lane="right_0" pos="26.47" speed="39.91" angle="316.91" x="107.66" y="111.92"/>
        <vehicle id="cfm_slow_1" eclass="HBEFA3/PC_G_EU4" CO2="61757.36" CO="1343.34" HC="7.67" NOx="28.16" PMx="1.64" fuel="26.55" electricity="0.00" noise="96.04" route="routetop" type="cfm_slow" waiting="0.00" lane="top_0" pos="14.48" speed="39.98" angle="248.41" x="34.95" y="122.31"/>
        <vehicle id="cfm_slow_2" eclass="HBEFA3/PC_G_EU4" CO2="69426.61" CO="1506.16" HC="8.61" NOx="31.78" PMx="1.85" fuel="29.84" electricity="0.00" noise="99.14" route="routetop" type="cfm_slow" waiting="0.00" lane="left_0" pos="2.58" speed="40.29" angle="179.88" x="-1.43" y="58.35"/>
        <vehicle id="cfm_slow_3" eclass="HBEFA3/PC_G_EU4" CO2="82552.97" CO="1793.33" HC="10.24" NOx="37.95" PMx="2.20" fuel="35.49" electricity="0.00" noise="104.15" route="routetop" type="cfm_slow" waiting="0.00" lane="left_0" pos="41.01" speed="41.32" angle="110.68" x="45.44" y="0.95"/>
        <vehicle id="cfm_slow_4" eclass="HBEFA3/PC_G_EU4" CO2="75111.96" CO="1676.78" HC="9.53" NOx="34.40" PMx="2.02" fuel="32.29" electricity="0.00" noise="100.44" route="routebottom" type="cfm_slow" waiting="0.00" lane="bottom_0" pos="30.54" speed="43.39" angle="39.51" x="117.13" y="26.18"/>
    </timestep>
    <timestep time="3.39">
        <vehicle id="cfm_slow_0" eclass="HBEFA3/PC_G_EU4" CO2="58984.63" CO="1285.91" HC="7.34" NOx="26.86" PMx="1.57" fuel="25.35" electricity="0.00" noise="94.89" route="routebottom" type="cfm_slow" waiting="0.00" lane="right_0" pos="26.87" speed="39.96" angle="316.21" x="107.06" y="112.47"/>
        <vehicle id="cfm_slow_1" eclass="HBEFA3/PC_G_EU4" CO2="61468.22" CO="1338.16" HC="7.64" NOx="28.03" PMx="1.64" fuel="26.42" electricity="0.00" noise="95.90" route="routetop" type="cfm_slow" waiting="0.00" lane="top_0" pos="14.88" speed="40.03" angle="247.66" x="34.21" y="121.95"/>
        <vehicle id="cfm_slow_2" eclass="HBEFA3/PC_G_EU4" CO2="69194.64" CO="1502.28" HC="8.58" NOx="31.67" PMx="1.84" fuel="29.74" electricity="0.00" noise="99.03" route="routetop" type="cfm_slow" waiting="0.00" lane="left_0" pos="2.98" speed="40.34" angle="179.15" x="-1.35" y="57.53"/>
        <vehicle id="cfm_slow_3" eclass="HBEFA3/PC_G_EU4" CO2="82145.55" CO="1786.06" HC="10.20" NOx="37.76" PMx="2.19" fuel="35.31" electricity="0.00" noise="103.96" route="routetop" type="cfm_slow" waiting="0.00" lane="left_0" pos="41.42" speed="41.38" angle="109.93" x="46.26" y="0.73"/>
        <vehicle id="cfm_slow_4" eclass="HBEFA3/PC_G_EU4" CO2="74200.27" CO="1659.03" HC="9.43" NOx="33.97" PMx="2.00" fuel="31.90" electricity="0.00" noise="100.07" route="routebottom" type="cfm_slow" waiting="0.00" lane="bottom_0" pos="30.98" speed="43.44" angle="38.78" x="117.64" y="26.91"/>
    </timestep>
    <timestep time="3.40">
        <vehicle id="cfm_slow_0" eclass="HBEFA3/PC_G_EU4" CO2="58647.19" CO="1279.70" HC="7.31" NOx="26.70" PMx="1.56" fuel="25.21" electricity="0.00" noise="94.73" route="routebottom" type="cfm_slow" waiting="0.00" lane="right_0" pos="27.27" speed="40.00" angle="315.46" x="106.44" y="113.01"/>
        <vehicle id="cfm_slow_1" eclass="HBEFA3/PC_G_EU4" CO2="61181.98" CO="1333.04" HC="7.61" NOx="27.89" PMx="1.63" fuel="26.30" electricity="0.00" noise="95.77" route="routetop" type="cfm_slow" waiting="0.00" lane="top_0" pos="15.29" speed="40.08" angle="246.94" x="33.48" y="121.58"/>
        <vehicle id="cfm_slow_2" eclass="HBEFA3/PC_G_EU4" CO2="68963.40" CO="1498.42" HC="8.56" NOx="31.56" PMx="1.84" fuel="29.64" electricity="0.00" noise="98.91" route="routetop" type="cfm_slow" waiting="0.00" lane="left_0" pos="3.38" speed="40.40" angle="178.41" x="-1.27" y="56.71"/>
        <vehicle id="cfm_slow_3" eclass="HBEFA3/PC_G_EU4" CO2="81735.44" CO="1778.73" HC="10.16" NOx="37.56" PMx="2.18" fuel="35.13" electricity="0.00" noise="103.76" route="routetop" type="cfm_slow" waiting="0.00" lane="left_0" pos="41.84" speed="41.45" angle="109.17" x="47.08" y="0.51"/>
        <vehicle id="cfm_slow_4" eclass="HBEFA3/PC_G_EU4" CO2="73297.90" CO="1641.47" HC="9.33" NOx="33.54" PMx="1.97" fuel="31.51" electricity="0.00" noise="99.71" route="routebottom" type="cfm_slow" waiting="0.00" lane="bottom_0" pos="31.41" speed="43.50" angle="37.98" x="118.14" y="27.65"/>
    </timestep>
    <timestep time="3.41">
        <vehicle id="cfm_slow_0" eclass="HBEFA3/PC_G_EU4" CO2="58312.57" CO="1273.54" HC="7.27" NOx="26.54" PMx="1.56" fuel="25.07" electricity="0.00" noise="94.58" route="routebottom" type="cfm_slow" waiting="0.00" lane="right_0" pos="27.67" speed="40.05" angle="314.67" x="105.81" y="113.54"/>
        <vehicle id="cfm_slow_1" eclass="HBEFA3/PC_G_EU4" CO2="60898.62" CO="1327.98" HC="7.58" NOx="27.76" PMx="1.62" fuel="26.18" electricity="0.00" noise="95.64" route="routetop" type="cfm_slow" waiting="0.00" lane="top_0" pos="15.69" speed="40.12" angle="246.26" x="32.76" y="121.19"/>
        <vehicle id="cfm_slow_2" eclass="HBEFA3/PC_G_EU4" CO2="68732.85" CO="1494.56" HC="8.54" NOx="31.45" PMx="1.83" fuel="29.54" electricity="0.00" noise="98.80" route="routetop" type="cfm_slow" waiting="0.00" lane="left_0" pos="3.79" speed="40.45" angle="177.70" x="-1.19" y="55.88"/>
        <vehicle id="cfm_slow_3" eclass="HBEFA3/PC_G_EU4" CO2="81322.74" CO="1771.34" HC="10.11" NOx="37.37" PMx="2.17" fuel="34.96" electricity="0.00" noise="103.57" route="routetop" type="cfm_slow" waiting="0.00" lane="left_0" pos="42.25" speed="41.52" angle="108.44" x="47.90" y="0.29"/>
        <vehicle id="cfm_slow_4" eclass="HBEFA3/PC_G_EU4" CO2="72404.82" CO="1624.08" HC="9.22" NOx="33.12" PMx="1.95" fuel="31.12" electricity="0.00" noise="99.35" route="routebottom" type="cfm_slow" waiting="0.00" lane="bottom_0" pos="31.85" speed="43.55" angle="37.19" x="118.63" y="28.39"/>
    </timestep>
    <timestep time="3.42">
        <vehicle id="cfm_slow_0" eclass="HBEFA3/PC_G_EU4" CO2="57980.76" CO="1267.43" HC="7.23" NOx="26.38" PMx="1.55" fuel="24.92" electricity="0.00" noise="94.44" route="routebottom" type="cfm_slow" waiting="0.00" lane="right_0" pos="28.07" speed="40.09" angle="313.88" x="105.18" y="114.07"/>
        <vehicle id="cfm_slow_1" eclass="HBEFA3/PC_G_EU4" CO2="60618.10" CO="1322.97" HC="7.55" NOx="27.62" PMx="1.62" fuel="26.06" electricity="0.00" noise="95.51" route="routetop" type="cfm_slow" waiting="0.00" lane="top_0" pos="16.09" speed="40.17" angle="245.54" x="32.04" y="120.79"/>
        <vehicle id="cfm_slow_2" eclass="HBEFA3/PC_G_EU4" CO2="68502.96" CO="1490.72" HC="8.51" NOx="31.34" PMx="1.83" fuel="29.45" electricity="0.00" noise="98.69" route="routetop" type="cfm_slow" waiting="0.00" lane="left_0" pos="4.19" speed="40.51" angle="176.98" x="-1.08" y="55.06"/>
        <vehicle id="cfm_slow_3" eclass="HBEFA3/PC_G_EU4" CO2="80907.56" CO="1763.90" HC="10.07" NOx="37.17" PMx="2.16" fuel="34.78" electricity="0.00" noise="103.37" route="routetop" type="cfm_slow" waiting="0.00" lane="left_0" pos="42.67" speed="41.58" angle="107.73" x="48.73" y="0.09"/>
        <vehicle id="cfm_slow_4" eclass="HBEFA3/PC_G_EU4" CO2="71521.01" CO="1606.86" HC="9.12" NOx="32.70" PMx="1.93" fuel="30.74" electricity="0.00" noise="98.99" route="routebottom" type="cfm_slow" waiting="0.00" lane="bottom_0" pos="32.28" speed="43.60" angle="36.45" x="119.11" y="29.15"/>
    </timestep>
    <timestep time="3.43">
        <vehicle id="cfm_slow_0" eclass="HBEFA3/PC_G_EU4" CO2="57651.76" CO="1261.38" HC="7.20" NOx="26.22" PMx="1.54" fuel="24.78" electricity="0.00" noise="94.29" route="routebottom" type="cfm_slow" waiting="0.00" lane="right_0" pos="28.47" speed="40.14" angle="313.20" x="104.54" y="114.58"/>
        <vehicle id="cfm_slow_1" eclass="HBEFA3/PC_G_EU4" CO2="60340.41" CO="1318.02" HC="7.52" NOx="27.49" PMx="1.61" fuel="25.94" electricity="0.00" noise="95.38" route="routetop" type="cfm_slow" waiting="0.00" lane="top_0" pos="16.49" speed="40.22" angle="244.82" x="31.31" y="120.39"/>
        <vehicle id="cfm_slow_2" eclass="HBEFA3/PC_G_EU4" CO2="68273.68" CO="1486.89" HC="8.49" NOx="31.23" PMx="1.82" fuel="29.35" electricity="0.00" noise="98.57" route="routetop" type="cfm_slow" waiting="0.00" lane="left_0" pos="4.60" speed="40.56" angle="176.24" x="-0.96" y="54.23"/>
        <vehicle id="cfm_slow_3" eclass="HBEFA3/PC_G_EU4" CO2="80489.98" CO="1756.40" HC="10.02" NOx="36.97" PMx="2.15" fuel="34.60" electricity="0.00" noise="103.18" route="routetop" type="cfm_slow" waiting="0.00" lane="left_0" pos="43.08" speed="41.64" angle="106.98" x="49.56" y="-0.10"/>
        <vehicle id="cfm_slow_4" eclass="HBEFA3/PC_G_EU4" CO2="70646.45" CO="1589.83" HC="9.03" NOx="32.29" PMx="1.91" fuel="30.37" electricity="0.00" noise="98.64" route="routebottom" type="cfm_slow" waiting="0.00" lane="bottom_0" pos="32.72" speed="43.65" angle="35.63" x="119.57" y="29.92"/>
    </timestep>
    <timestep time="3.44">
        <vehicle id="cfm_slow_0" eclass="HBEFA3/PC_G_EU4" CO2="57325.56" CO="1255.38" HC="7.16" NOx="26.07" PMx="1.53" fuel="24.64" electricity="0.00" noise="94.14" route="routebottom" type="cfm_slow" waiting="0.00" lane="right_0" pos="28.87" speed="40.18" angle="312.47" x="103.89" y="115.09"/>
        <vehicle id="cfm_slow_1" eclass="HBEFA3/PC_G_EU4" CO2="60065.52" CO="1313.11" HC="7.49" NOx="27.36" PMx="1.60" fuel="25.82" electricity="0.00" noise="95.26" route="routetop" type="cfm_slow" waiting="0.00" lane="top_0" pos="16.89" speed="40.27" angle="244.13" x="30.60" y="119.98"/>
        <vehicle id="cfm_slow_2" eclass="HBEFA3/PC_G_EU4" CO2="68044.98" CO="1483.07" HC="8.47" NOx="31.12" PMx="1.81" fuel="29.25" electricity="0.00" noise="98.46" route="routetop" type="cfm_slow" waiting="0.00" lane="left_0" pos="5.01" speed="40.62" angle="175.47" x="-0.84" y="53.41"/>
        <vehicle id="cfm_slow_3" eclass="HBEFA3/PC_G_EU4" CO2="80070.10" CO="1748.84" HC="9.98" NOx="36.77" PMx="2.14" fuel="34.42" electricity="0.00" noise="102.98" route="routetop" type="cfm_slow" waiting="0.00" lane="left_0" pos="43.50" speed="41.71" angle="106.24" x="50.40" y="-0.28"/>
        <vehicle id="cfm_slow_4" eclass="HBEFA3/PC_G_EU4" CO2="69781.12" CO="1572.97" HC="8.93" NOx="31.88" PMx="1.88" fuel="30.00" electricity="0.00" noise="98.30" route="routebottom" type="cfm_slow" waiting="0.00" lane="bottom_0" pos="33.16" speed="43.70" angle="34.81" x="120.03" y="30.69"/>
    </timestep>
    <timestep time="3.45">
        <vehicle id="cfm_slow_0" eclass="HBEFA3/PC_G_EU4" CO2="57002.17" CO="1249.44" HC="7.13" NOx="25.91" PMx="1.52" fuel="24.50" electricity="0.00" noise="94.00" route="routebottom" type="cfm_slow" waiting="0.00" lane="right_0" pos="29.27" speed="40.23" angle="311.74" x="103.24" y="115.60"/>
        <vehicle id="cfm_slow_1" eclass="HBEFA3/PC_G_EU4" CO2="59793.39" CO="1308.27" HC="7.47" NOx="27.23" PMx="1.60" fuel="25.70" electricity="0.00" noise="95.14" route="routetop" type="cfm_slow" waiting="0.00" lane="top_0" pos="17.30" speed="40.31" angle="243.39" x="29.89" y="119.55"/>
        <vehicle id="cfm_slow_2" eclass="HBEFA3/PC_G_EU4" CO2="67816.83" CO="1479.25" HC="8.44" NOx="31.01" PMx="1.81" fuel="29.15" electricity="0.00" noise="98.35" route="routetop" type="cfm_slow" waiting="0.00" lane="left_0" pos="5.41" speed="40.67" angle="174.76" x="-0.70" y="52.59"/>
        <vehicle id="cfm_slow_3" eclass="HBEFA3/PC_G_EU4" CO2="79648.03" CO="1741.24" HC="9.93" NOx="36.57" PMx="2.13" fuel="34.24" electricity="0.00" noise="102.79" route="routetop" type="cfm_slow" waiting="0.00" lane="left_0" pos="43.92" speed="41.77" angle="105.51" x="51.24" y="-0.45"/>
        <vehicle id="cfm_slow_4" eclass="HBEFA3/PC_G_EU4" CO2="68924.98" CO="1556.28" HC="8.83" NOx="31.47" PMx="1.86" fuel="29.63" electricity="0.00" noise="97.96" route="routebottom" type="cfm_slow" waiting="0.00" lane="bottom_0" pos="33.59" speed="43.75" angle="34.06" x="120.47" y="31.47"/>
    </timestep>
    <timestep time="3.46">
        <vehicle id="cfm_slow_0" eclass="HBEFA3/PC_G_EU4" CO2="56681.57" CO="1243.54" HC="7.09" NOx="25.76" PMx="1.51" fuel="24.36" electricity="0.00" noise="93.86" route="routebottom" type="cfm_slow" waiting="0.00" lane="right_0" pos="29.68" speed="40.27" angle="311.06" x="102.58" y="116.09"/>
        <vehicle id="cfm_slow_1" eclass="HBEFA3/PC_G_EU4" CO2="59524.02" CO="1303.47" HC="7.44" NOx="27.10" PMx="1.59" fuel="25.59" electricity="0.00" noise="95.01" route="routetop" type="cfm_slow" waiting="0.00" lane="top_0" pos="17.70" speed="40.36" angle="242.65" x="29.18" y="119.13"/>
        <vehicle id="cfm_slow_2" eclass="HBEFA3/PC_G_EU4" CO2="67589.20" CO="1475.45" HC="8.42" NOx="30.90" PMx="1.80" fuel="29.05" electricity="0.00" noise="98.24" route="routetop" type="cfm_slow" waiting="0.00" lane="left_0" pos="5.82" speed="40.73" angle="173.99" x="-0.55" y="51.77"/>
        <vehicle id="cfm_slow_3" eclass="HBEFA3/PC_G_EU4" CO2="79223.84" CO="1733.59" HC="9.89" NOx="36.37" PMx="2.12" fuel="34.05" electricity="0.00" noise="102.59" route="routetop" type="cfm_slow" waiting="0.00" lane="left_0" pos="44.34" speed="41.83" angle="104.73" x="52.08" y="-0.60"/>
        <vehicle id="cfm_slow_4" eclass="HBEFA3/PC_G_EU4" CO2="68078.01" CO="1539.77" HC="8.73" NOx="31.07" PMx="1.84" fuel="29.26" electricity="0.00" noise="97.63" route="routebottom" type="cfm_slow" waiting="0.00" lane="bottom_0" pos="34.03" speed="43.80" angle="33.27" x="120.91" y="32.25"/>
    </timestep>
    <timestep time="3.47">
        <vehicle id="cfm_slow_0" eclass="HBEFA3/PC_G_EU4" CO2="56363.75" CO="1237.70" HC="7.06" NOx="25.61" PMx="1.51" fuel="24.23" electricity="0.00" noise="93.72" route="routebottom" type="cfm_slow" waiting="0.00" lane="right_0" pos="30.08" speed="40.32" angle="310.32" x="101.91" y="116.58"/>
        <vehicle id="cfm_slow_1" eclass="HBEFA3/PC_G_EU4" CO2="59257.36" CO="1298.73" HC="7.41" NOx="26.98" PMx="1.58" fuel="25.47" electricity="0.00" noise="94.89" route="routetop" type="cfm_slow" waiting="0.00" lane="top_0" pos="18.10" speed="40.41" angle="241.96" x="28.48" y="118.69"/>
        <vehicle id="cfm_slow_2" eclass="HBEFA3/PC_G_EU4" CO2="67362.05" CO="1471.65" HC="8.40" NOx="30.79" PMx="1.80" fuel="28.96" electricity="0.00" noise="98.13" route="routetop" type="cfm_slow" waiting="0.00" lane="left_0" pos="6.23" speed="40.78" angle="173.23" x="-0.39" y="50.94"/>
        <vehicle id="cfm_slow_3" eclass="HBEFA3/PC_G_EU4" CO2="78797.64" CO="1725.89" HC="9.84" NOx="36.17" PMx="2.10" fuel="33.87" electricity="0.00" noise="102.40" route="routetop" type="cfm_slow" waiting="0.00" lane="left_0" pos="44.76" speed="41.90" angle="103.95" x="52.92" y="-0.76"/>
        <vehicle id="cfm_slow_4" eclass="HBEFA3/PC_G_EU4" CO2="67240.18" CO="1523.44" HC="8.64" NOx="30.68" PMx="1.82" fuel="28.90" electricity="0.00" noise="97.30" route="routebottom" type="cfm_slow" waiting="0.00" lane="bottom_0" pos="34.47" speed="43.85" angle="32.48" x="121.34" y="33.04"/>
    </timestep>
    <timestep time="3.48">
        <vehicle id="cfm_slow_0" eclass="HBEFA3/PC_G_EU4" CO2="56048.73" CO="1231.92" HC="7.03" NOx="25.46" PMx="1.50" fuel="24.09" electricity="0.00" noise="93.58" route="routebottom" type="cfm_slow" waiting="0.00" lane="right_0" pos="30.48" speed="40.36" angle="309.58" x="101.24" y="117.06"/>
        <vehicle id="cfm_slow_1" eclass="HBEFA3/PC_G_EU4" CO2="58993.40" CO="1294.04" HC="7.38" NOx="26.85" PMx="1.58" fuel="25.36" electricity="0.00" noise="94.77" route="routetop" type="cfm_slow" waiting="0.00" lane="top_0" pos="18.51" speed="40.45" angle="241.19" x="27.79" y="118.23"/>
        <vehicle id="cfm_slow_2" eclass="HBEFA3/PC_G_EU4" CO2="67135.36" CO="1467.86" HC="8.38" NOx="30.68" PMx="1.79" fuel="28.86" electricity="0.00" noise="98.02" route="routetop" type="cfm_slow" waiting="0.00" lane="left_0" pos="6.64" speed="40.83" angle="172.53" x="-0.22" y="50.12"/>
        <vehicle id="cfm_slow_3" eclass="HBEFA3/PC_G_EU4" CO2="78369.51" CO="1718.14" HC="9.80" NOx="35.96" PMx="2.09" fuel="33.69" electricity="0.00" noise="102.20" route="routetop" type="cfm_slow" waiting="0.00" lane="left_0" pos="45.17" speed="41.96" angle="103.25" x="53.77" y="-0.89"/>
        <vehicle id="cfm_slow_4" eclass="HBEFA3/PC_G_EU4" CO2="66411.45" CO="1507.28" HC="8.54" NOx="30.28" PMx="1.80" fuel="28.55" electricity="0.00" noise="96.97" route="routebottom" type="cfm_slow" waiting="0.00" lane="bottom_0" pos="34.91" speed="43.90" angle="31.72" x="121.76" y="33.84"/>
    </timestep>
    <timestep time="3.49">
        <vehicle id="cfm_slow_0" eclass="HBEFA3/PC_G_EU4" CO2="55736.48" CO="1226.18" HC="6.99" NOx="25.31" PMx="1.49" fuel="23.96" electricity="0.00" noise="93.45" route="routebottom" type="cfm_slow" waiting="0.00" lane="right_0" pos="30.89" speed="40.40" angle="308.90" x="100.56" y="117.54"/>
        <vehicle id="cfm_slow_1" eclass="HBEFA3/PC_G_EU4" CO2="58732.11" CO="1289.40" HC="7.35" NOx="26.73" PMx="1.57" fuel="25.25" electricity="0.00" noise="94.66" route="routetop" type="cfm_slow" waiting="0.00" lane="top_0" pos="18.91" speed="40.50" angle="240.42" x="27.10" y="117.77"/>
        <vehicle id="cfm_slow_2" eclass="HBEFA3/PC_G_EU4" CO2="66909.10" CO="1464.07" HC="8.35" NOx="30.58" PMx="1.79" fuel="28.76" electricity="0.00" noise="97.91" route="routetop" type="cfm_slow" waiting="0.00" lane="left_0" pos="7.04" speed="40.89" angle="171.78" x="-0.04" y="49.31"/>
        <vehicle id="cfm_slow_3" eclass="HBEFA3/PC_G_EU4" CO2="77939.55" CO="1710.35" HC="9.75" NOx="35.76" PMx="2.08" fuel="33.50" electricity="0.00" noise="102.01" route="routetop" type="cfm_slow" waiting="0.00" lane="left_0" pos="45.59" speed="42.02" angle="102.48" x="54.63" y="-1.01"/>
        <vehicle id="cfm_slow_4" eclass="HBEFA3/PC_G_EU4" CO2="65591.80" CO="1491.29" HC="8.45" NOx="29.90" PMx="1.78" fuel="28.19" electricity="0.00" noise="96.65" route="routebottom" type="cfm_slow" waiting="0.00" lane="bottom_0" pos="35.35" speed="43.95" angle="30.91" x="122.16" y="34.64"/>
    </timestep>
    <timestep time="3.50">
        <vehicle id="cfm_slow_0" eclass="HBEFA3/PC_G_EU4" CO2="55427.00" CO="1220.50" HC="6.96" NOx="25.17" PMx="1.48" fuel="23.83" electricity="0.00" noise="93.31" route="routebottom" type="cfm_slow" waiting="0.00" lane="right_0" pos="31.29" speed="40.45" angle="308.16" x="99.87" y="118.00"/>
        <vehicle id="cfm_slow_1" eclass="HBEFA3/PC_G_EU4" CO2="58473.45" CO="1284.82" HC="7.33" NOx="26.60" PMx="1.56" fuel="25.13" electricity="0.00" noise="94.54" route="routetop" type="cfm_slow" waiting="0.00" lane="top_0" pos="19.32" speed="40.55" angle="239.71" x="26.41" y="117.30"/>
        <vehicle id="cfm_slow_2" eclass="HBEFA3/PC_G_EU4" CO2="66683.23" CO="1460.29" HC="8.33" NOx="30.47" PMx="1.78" fuel="28.66" electricity="0.00" noise="97.80" route="routetop" type="cfm_slow" waiting="0.00" lane="left_0" pos="7.45" speed="40.94" angle="171.02" x="0.15" y="48.49"/>
        <vehicle id="cfm_slow_3" eclass="HBEFA3/PC_G_EU4" CO2="77507.84" CO="1702.52" HC="9.71" NOx="35.56" PMx="2.07" fuel="33.32" electricity="0.00" noise="101.81" route="routetop" type="cfm_slow" waiting="0.00" lane="left_0" pos="46.02" speed="42.08" angle="101.70" x="55.48" y="-1.14"/>
        <vehicle id="cfm_slow_4" eclass="HBEFA3/PC_G_EU4" CO2="64781.18" CO="1475.48" HC="8.36" NOx="29.51" PMx="1.76" fuel="27.85" electricity="0.00" noise="96.34" route="routebottom" type="cfm_slow" waiting="0.00" lane="bottom_0" pos="35.79" speed="43.99" angle="30.10" x="122.57" y="35.45"/>
    </timestep>
    <timestep time="3.51">
        <vehicle id="cfm_slow_0" eclass="HBEFA3/PC_G_EU4" CO2="55120.29" CO="1214.87" HC="6.93" NOx="25.02" PMx="1.48" fuel="23.69" electricity="0.00" noise="93.18" route="routebottom" type="cfm_slow" waiting="0.00" lane="right_0" pos="31.70" speed="40.49" angle="307.42" x="99.18" y="118.46"/>
        <vehicle id="cfm_slow_1" eclass="HBEFA3/PC_G_EU4" CO2="58217.41" CO="1280.28" HC="7.30" NOx="26.48" PMx="1.56" fuel="25.02" electricity="0.00" noise="94.43" route="routetop" type="cfm_slow" waiting="0.00" lane="top_0" pos="19.72" speed="40.59" angle="238.96" x="25.73" y="116.81"/>
        <vehicle id="cfm_slow_2" eclass="HBEFA3/PC_G_EU4" CO2="66457.73" CO="1456.51" HC="8.31" NOx="30.36" PMx="1.78" fuel="28.57" electricity="0.00" noise="97.70" route="routetop" type="cfm_slow" waiting="0.00" lane="left_0" pos="7.86" speed="40.99" angle="170.32" x="0.35" y="47.67"/>
        <vehicle id="cfm_slow_3" eclass="HBEFA3/PC_G_EU4" CO2="77074.48" CO="1694.65" HC="9.66" NOx="35.35" PMx="2.06" fuel="33.13" electricity="0.00" noise="101.62" route="routetop" type="cfm_slow" waiting="0.00" lane="left_0" pos="46.44" speed="42.14" angle="100.98" x="56.34" y="-1.23"/>
        <vehicle id="cfm_slow_4" eclass="HBEFA3/PC_G_EU4" CO2="63979.57" CO="1459.84" HC="8.27" NOx="29.13" PMx="1.74" fuel="27.50" electricity="0.00" noise="96.02" route="routebottom" type="cfm_slow" waiting="0.00" lane="bottom_0" pos="36.23" speed="44.04" angle="29.31" x="122.94" y="36.27"/>
    </timestep>
    <timestep time="3.52">
        <vehicle id="cfm_slow_0" eclass="HBEFA3/PC_G_EU4" CO2="54816.33" CO="1209.30" HC="6.89" NOx="24.88" PMx="1.47" fuel="23.56" electricity="0.00" noise="93.05" route="routebottom" type="cfm_slow" waiting="0.00" lane="right_0" pos="32.10" speed="40.53" angle="306.75" x="98.49" y="118.92"/>
        <vehicle id="cfm_slow_1" eclass="HBEFA3/PC_G_EU4" CO2="57963.95" CO="1275.79" HC="7.27" NOx="26.36" PMx="1.55" fuel="24.92" electricity="0.00" noise="94.31" route="routetop" type="cfm_slow" waiting="0.00" lane="top_0" pos="20.13" speed="40.64" angle="238.20" x="25.06" y="116.32"/>
        <vehicle id="cfm_slow_2" eclass="HBEFA3/PC_G_EU4" CO2="66232.57" CO="1452.74" HC="8.29" NOx="30.25" PMx="1.77" fuel="28.47" electricity="0.00" noise="97.59" route="routetop" type="cfm_slow" waiting="0.00" lane="left_0" pos="8.27" speed="41.04" angle="169.55" x="0.56" y="46.86"/>
        <vehicle id="cfm_slow_3" eclass="HBEFA3/PC_G_EU4" CO2="76639.55" CO="1686.74" HC="9.61" NOx="35.14" PMx="2.05" fuel="32.94" electricity="0.00" noise="101.42" route="routetop" type="cfm_slow" waiting="0.00" lane="left_0" pos="46.86" speed="42.20" angle="100.20" x="57.20" y="-1.32"/>
        <vehicle id="cfm_slow_4" eclass="HBEFA3/PC_G_EU4" CO2="63186.91" CO="1444.37" HC="8.18" NOx="28.76" PMx="1.72" fuel="27.16" electricity="0.00" noise="95.72" route="routebottom" type="cfm_slow" waiting="0.00" lane="bottom_0" pos="36.67" speed="44.08" angle="28.47" x="123.31" y="37.09"/>
    </timestep>
    <timestep time="3.53">
        <vehicle id="cfm_slow_0" eclass="HBEFA3/PC_G_EU4" CO2="54515.13" CO="1203.77" HC="6.86" NOx="24.73" PMx="1.46" fuel="23.43" electricity="0.00" noise="92.92" route="routebottom" type="cfm_slow" waiting="0.00" lane="right_0" pos="32.51" speed="40.57" angle="306.01" x="97.77" y="119.35"/>
        <vehicle id="cfm_slow_1" eclass="HBEFA3/PC_G_EU4" CO2="57713.04" CO="1271.36" HC="7.25" NOx="26.24" PMx="1.54" fuel="24.81" electricity="0.00" noise="94.20" route="routetop" type="cfm_slow" waiting="0.00" lane="top_0" pos="20.54" speed="40.68" angle="237.51" x="24.38" y="115.83"/>
        <vehicle id="cfm_slow_2" eclass="HBEFA3/PC_G_EU4" CO2="66007.73" CO="1448.97" HC="8.26" NOx="30.15" PMx="1.76" fuel="28.37" electricity="0.00" noise="97.48" route="routetop" type="cfm_slow" waiting="0.00" lane="left_0" pos="8.69" speed="41.10" angle="168.79" x="0.78" y="46.04"/>
        <vehicle id="cfm_slow_3" eclass="HBEFA3/PC_G_EU4" CO2="76203.14" CO="1678.80" HC="9.57" NOx="34.94" PMx="2.04" fuel="32.76" electricity="0.00" noise="101.23" route="routetop" type="cfm_slow" waiting="0.00" lane="left_0" pos="47.28" speed="42.26" angle="99.41" x="58.06" y="-1.41"/>
        <vehicle id="cfm_slow_4" eclass="HBEFA3/PC_G_EU4" CO2="62403.18" CO="1429.07" HC="8.09" NOx="28.39" PMx="1.70" fuel="26.82" electricity="0.00" noise="95.41" route="routebottom" type="cfm_slow" waiting="0.00" lane="bottom_0" pos="37.11" speed="44.12" angle="27.66" x="123.68" y="37.92"/>
    </timestep>
    <timestep time="3.54">
        <vehicle id="cfm_slow_0" eclass="HBEFA3/PC_G_EU4" CO2="54216.66" CO="1198.30" HC="6.83" NOx="24.59" PMx="1.45" fuel="23.31" electricity="0.00" noise="92.79" route="routebottom" type="cfm_slow" waiting="0.00" lane="right_0" pos="32.91" speed="40.62" angle="305.27" x="97.06" y="119.78"/>
        <vehicle id="cfm_slow_1" eclass="HBEFA3/PC_G_EU4" CO2="57464.67" CO="1266.97" HC="7.22" NOx="26.12" PMx="1.54" fuel="24.70" electricity="0.00" noise="94.09" route="routetop" type="cfm_slow" waiting="0.00" lane="top_0" pos="20.95" speed="40.73" angle="236.77" x="23.73" y="115.32"/>
        <vehicle id="cfm_slow_2" eclass="HBEFA3/PC_G_EU4" CO2="65783.18" CO="1445.21" HC="8.24" NOx="30.04" PMx="1.76" fuel="28.28" electricity="0.00" noise="97.38" route="routetop" type="cfm_slow" waiting="0.00" lane="left_0" pos="9.10" speed="41.15" angle="168.09" x="1.01" y="45.23"/>
        <vehicle id="cfm_slow_3" eclass="HBEFA3/PC_G_EU4" CO2="75765.33" CO="1670.82" HC="9.52" NOx="34.73" PMx="2.03" fuel="32.57" electricity="0.00" noise="101.03" route="routetop" type="cfm_slow" waiting="0.00" lane="left_0" pos="47.70" speed="42.32" angle="98.69" x="58.93" y="-1.47"/>
        <vehicle id="cfm_slow_4" eclass="HBEFA3/PC_G_EU4" CO2="61628.34" CO="1413.94" HC="8.00" NOx="28.02" PMx="1.68" fuel="26.49" electricity="0.00" noise="95.12" route="routebottom" type="cfm_slow" waiting="0.00" lane="bottom_0" pos="37.55" speed="44.17" angle="26.89" x="124.02" y="38.76"/>
    </timestep>
    <timestep time="3.55">
        <vehicle id="cfm_slow_0" eclass="HBEFA3/PC_G_EU4" CO2="53920.93" CO="1192.88" HC="6.80" NOx="24.45" PMx="1.45" fuel="23.18" electricity="0.00" noise="92.66" route="routebottom" type="cfm_slow" waiting="0.00" lane="right_0" pos="33.32" speed="40.66" angle="304.58" x="96.35" y="120.20"/>
        <vehicle id="cfm_slow_1" eclass="HBEFA3/PC_G_EU4" CO2="57218.79" CO="1262.63" HC="7.20" NOx="26.01" PMx="1.53" fuel="24.60" electricity="0.00" noise="93.98" route="routetop" type="cfm_slow" waiting="0.00" lane="top_0" pos="21.35" speed="40.77" angle="236.03" x="23.07" y="114.80"/>
        <vehicle id="cfm_slow_2" eclass="HBEFA3/PC_G_EU4" CO2="65558.89" CO="1441.45" HC="8.22" NOx="29.93" PMx="1.75" fuel="28.18" electricity="0.00" noise="97.27" route="routetop" type="cfm_slow" waiting="0.00" lane="left_0" pos="9.51" speed="41.20" angle="167.33" x="1.26" y="44.43"/>
        <vehicle id="cfm_slow_3" eclass="HBEFA3/PC_G_EU4" CO2="75326.21" CO="1662.81" HC="9.47" NOx="34.52" PMx="2.02" fuel="32.38" electricity="0.00" noise="100.84" route="routetop" type="cfm_slow" waiting="0.00" lane="left_0" pos="48.13" speed="42.37" angle="97.90" x="59.80" y="-1.52"/>
        <vehicle id="cfm_slow_4" eclass="HBEFA3/PC_G_EU4" CO2="60862.34" CO="1398.98" HC="7.91" NOx="27.66" PMx="1.66" fuel="26.16" electricity="0.00" noise="94.82" route="routebottom" type="cfm_slow" waiting="0.00" lane="bottom_0" pos="38.00" speed="44.21" angle="26.08" x="124.36" y="39.60"/>
    </timestep>
    <timestep time="3.56">
        <vehicle id="cfm_slow_0" eclass="HBEFA3/PC_G_EU4" CO2="53627.92" CO="1187.52" HC="6.76" NOx="24.31" PMx="1.44" fuel="23.05" electricity="0.00" noise="92.54" route="routebottom" type="cfm_slow" waiting="0.00" lane="right_0" pos="33.73" speed="40.70" angle="303.84" x="95.62" y="120.61"/>
        <vehicle id="cfm_slow_1" eclass="HBEFA3/PC_G_EU4" CO2="56975.39" CO="1258.34" HC="7.17" NOx="25.89" PMx="1.53" fuel="24.49" electricity="0.00" noise="93.87" route="routetop" type="cfm_slow" waiting="0.00" lane="top_0" pos="21.76" speed="40.81" angle="235.33" x="22.41" y="114.29"/>
        <vehicle id="cfm_slow_2" eclass="HBEFA3/PC_G_EU4" CO2="65334.85" CO="1437.69" HC="8.20" NOx="29.83" PMx="1.75" fuel="28.08" electricity="0.00" noise="97.17" route="routetop" type="cfm_slow" waiting="0.00" lane="left_0" pos="9.92" speed="41.25" angle="166.58" x="1.51" y="43.62"/>
        <vehicle id="cfm_slow_3" eclass="HBEFA3/PC_G_EU4" CO2="74885.86" CO="1654.76" HC="9.42" NOx="34.31" PMx="2.01" fuel="32.19" electricity="0.00" noise="100.65" route="routetop" type="cfm_slow" waiting="0.00" lane="left_0" pos="48.55" speed="42.43" angle="97.12" x="60.66" y="-1.58"/>
        <vehicle id="cfm_slow_4" eclass="HBEFA3/PC_G_EU4" CO2="60105.13" CO="1384.19" HC="7.83" NOx="27.30" PMx="1.64" fuel="25.84" electricity="0.00" noise="94.53" route="routebottom" type="cfm_slow" waiting="0.00" lane="bottom_0" pos="38.44" speed="44.25" angle="25.30" x="124.69" y="40.44"/>
    </timestep>
    <timestep time="3.57">
        <vehicle id="cfm_slow_0" eclass="HBEFA3/PC_G_EU4" CO2="53337.63" CO="1182.20" HC="6.73" NOx="24.18" PMx="1.43" fuel="22.93" electricity="0.00" noise="92.41" route="routebottom" type="cfm_slow" waiting="0.00" lane="right_0" pos="34.14" speed="40.74" angle="303.09" x="94.88" y="121.01"/>
        <vehicle id="cfm_slow_1" eclass="HBEFA3/PC_G_EU4" CO2="56734.43" CO="1254.09" HC="7.14" NOx="25.78" PMx="1.52" fuel="24.39" electricity="0.00" noise="93.77" route="routetop" type="cfm_slow" waiting="0.00" lane="top_0" pos="22.17" speed="40.86" angle="234.58" x="21.77" y="113.75"/>
        <vehicle id="cfm_slow_2" eclass="HBEFA3/PC_G_EU4" CO2="65111.02" CO="1433.93" HC="8.17" NOx="29.72" PMx="1.74" fuel="27.99" electricity="0.00" noise="97.06" route="routetop" type="cfm_slow" waiting="0.00" lane="left_0" pos="10.33" speed="41.30" angle="165.88" x="1.77" y="42.81"/>
        <vehicle id="cfm_slow_3" eclass="HBEFA3/PC_G_EU4" CO2="74444.37" CO="1646.69" HC="9.38" NOx="34.10" PMx="2.00" fuel="32.00" electricity="0.00" noise="100.45" route="routetop" type="cfm_slow" waiting="0.00" lane="left_0" pos="48.98" speed="42.49" angle="96.39" x="61.53" y="-1.61"/>
        <vehicle id="cfm_slow_4" eclass="HBEFA3/PC_G_EU4" CO2="59356.68" CO="1369.57" HC="7.74" NOx="26.95" PMx="1.62" fuel="25.51" electricity="0.00" noise="94.25" route="routebottom" type="cfm_slow" waiting="0.00" lane="bottom_0" pos="38.88" speed="44.29" angle="24.51" x="125.01" y="41.30"/>
    </timestep>
    <timestep time="3.58">
        <vehicle id="cfm_slow_0" eclass="HBEFA3/PC_G_EU4" CO2="53050.03" CO="1176.94" HC="6.70" NOx="24.04" PMx="1.42" fuel="22.80" electricity="0.00" noise="92.29" route="routebottom" type="cfm_slow" waiting="0.00" lane="right_0" pos="34.54" speed="40.78" angle="302.37" x="94.15" y="121.42"/>
        <vehicle id="cfm_slow_1" eclass="HBEFA3/PC_G_EU4" CO2="56495.89" CO="1249.89" HC="7.12" NOx="25.66" PMx="1.51" fuel="24.28" electricity="0.00" noise="93.66" route="routetop" type="cfm_slow" waiting="0.00" lane="top_0" pos="22.58" speed="40.90" angle="233.81" x="21.13" y="113.21"/>
        <vehicle id="cfm_slow_2" eclass="HBEFA3/PC_G_EU4" CO2="64887.39" CO="1430.18" HC="8.15" NOx="29.61" PMx="1.74" fuel="27.89" electricity="0.00" noise="96.96" route="routetop" type="cfm_slow" waiting="0.00" lane="left_0" pos="10.75" speed="41.35" angle="165.11" x="2.06" y="42.01"/>
        <vehicle id="cfm_slow_3" eclass="HBEFA3/PC_G_EU4" CO2="74001.81" CO="1638.59" HC="9.33" NOx="33.89" PMx="1.98" fuel="31.81" electricity="0.00" noise="100.26" route="routetop" type="cfm_slow" waiting="0.00" lane="left_0" pos="49.40" speed="42.55" angle="95.59" x="62.41" y="-1.63"/>
        <vehicle id="cfm_slow_4" eclass="HBEFA3/PC_G_EU4" CO2="58616.94" CO="1355.12" HC="7.66" NOx="26.60" PMx="1.60" fuel="25.20" electricity="0.00" noise="93.97" route="routebottom" type="cfm_slow" waiting="0.00" lane="bottom_0" pos="39.32" speed="44.33" angle="23.72" x="125.32" y="42.15"/>
    </timestep>
    <timestep time="3.59">
        <vehicle id="cfm_slow_0" eclass="HBEFA3/PC_G_EU4" CO2="52765.14" CO="1171.73" HC="6.67" NOx="23.90" PMx="1.42" fuel="22.68" electricity="0.00" noise="92.17" route="routebottom" type="cfm_slow" waiting="0.00" lane="right_0" pos="34.95" speed="40.82" angle="301.65" x="93.41" y="121.80"/>
        <vehicle id="cfm_slow_1" eclass="HBEFA3/PC_G_EU4" CO2="56259.73" CO="1245.74" HC="7.09" NOx="25.55" PMx="1.51" fuel="24.18" electricity="0.00" noise="93.56" route="routetop" type="cfm_slow" waiting="0.00" lane="top_0" pos="22.99" speed="40.94" angle="233.07" x="20.49" y="112.67"/>
        <vehicle id="cfm_slow_2" eclass="HBEFA3/PC_G_EU4" CO2="64663.94" CO="1426.42" HC="8.13" NOx="29.51" PMx="1.73" fuel="27.80" electricity="0.00" noise="96.86" route="routetop" type="cfm_slow" waiting="0.00" lane="left_0" pos="11.16" speed="41.40" angle="164.34" x="2.35" y="41.22"/>
        <vehicle id="cfm_slow_3" eclass="HBEFA3/PC_G_EU4" CO2="73558.27" CO="1630.46" HC="9.28" NOx="33.68" PMx="1.97" fuel="31.62" electricity="0.00" noise="100.07" route="routetop" type="cfm_slow" waiting="0.00" lane="left_0" pos="49.83" speed="42.60" angle="94.79" x="63.28" y="-1.64"/>
        <vehicle id="cfm_slow_4" eclass="HBEFA3/PC_G_EU4" CO2="57885.87" CO="1340.83" HC="7.58" NOx="26.25" PMx="1.58" fuel="24.88" electricity="0.00" noise="93.69" route="routebottom" type="cfm_slow" waiting="0.00" lane="bottom_0" pos="39.77" speed="44.37" angle="22.99" x="125.63" y="43.01"/>
    </timestep>
    <timestep time="3.60">
        <vehicle id="cfm_slow_0" eclass="HBEFA3/PC_G_EU4" CO2="52482.92" CO="1166.57" HC="6.64" NOx="23.77" PMx="1.41" fuel="22.56" electricity="0.00" noise="92.05" route="routebottom" type="cfm_slow" waiting="0.00" lane="right_0" pos="35.36" speed="40.86" angle="300.89" x="92.66" y="122.17"/>
        <vehicle id="cfm_slow_1" eclass="HBEFA3/PC_G_EU4" CO2="56025.93" CO="1241.63" HC="7.07" NOx="25.44" PMx="1.50" fuel="24.08" electricity="0.00" noise="93.46" route="routetop" type="cfm_slow" waiting="0.00" lane="top_0" pos="23.40" speed="40.99" angle="232.37" x="19.86" y="112.10"/>
        <vehicle id="cfm_slow_2" eclass="HBEFA3/PC_G_EU4" CO2="64440.65" CO="1422.67" HC="8.10" NOx="29.40" PMx="1.73" fuel="27.70" electricity="0.00" noise="96.76" route="routetop" type="cfm_slow" waiting="0.00" lane="left_0" pos="11.58" speed="41.45" angle="163.63" x="2.64" y="40.42"/>
        <vehicle id="cfm_slow_3" eclass="HBEFA3/PC_G_EU4" CO2="73113.82" CO="1622.30" HC="9.23" NOx="33.47" PMx="1.96" fuel="31.43" electricity="0.00" noise="99.88" route="routebottom" type="cfm_slow" waiting="0.00" lane="bottom_0" pos="0.26" speed="42.66" angle="94.03" x="64.21" y="-1.64"/>
        <vehicle id="cfm_slow_4" eclass="HBEFA3/PC_G_EU4" CO2="57163.41" CO="1326.71" HC="7.49" NOx="25.91" PMx="1.56" fuel="24.57" electricity="0.00" noise="93.42" route="routebottom" type="cfm_slow" waiting="0.00" lane="bottom_0" pos="40.21" speed="44.41" angle="22.16" x="125.90" y="43.88"/>
    </timestep>
    <timestep time="3.61">
        <vehicle id="cfm_slow_0" eclass="HBEFA3/PC_G_EU4" CO2="52203.38" CO="1161.46" HC="6.61" NOx="23.64" PMx="1.40" fuel="22.44" electricity="0.00" noise="91.93" route="routebottom" type="cfm_slow" waiting="0.00" lane="right_0" pos="35.77" speed="40.90" angle="300.13" x="91.91" y="122.55"/>
        <vehicle id="cfm_slow_1" eclass="HBEFA3/PC_G_EU4" CO2="55794.46" CO="1237.57" HC="7.05" NOx="25.33" PMx="1.50" fuel="23.98" electricity="0.00" noise="93.36" route="routetop" type="cfm_slow" waiting="0.00" lane="top_0" pos="23.81" speed="41.03" angle="231.62" x="19.25" y="111.53"/>
        <vehicle id="cfm_slow_2" eclass="HBEFA3/PC_G_EU4" CO2="64217.49" CO="1418.91" HC="8.08" NOx="29.29" PMx="1.72" fuel="27.60" electricity="0.00" noise="96.65" route="routetop" type="cfm_slow" waiting="0.00" lane="left_0" pos="11.99" speed="41.50" angle="162.89" x="2.95" y="39.63"/>
        <vehicle id="cfm_slow_3" eclass="HBEFA3/PC_G_EU4" CO2="72668.55" CO="1614.13" HC="9.18" NOx="33.26" PMx="1.95" fuel="31.24" electricity="0.00" noise="99.69" route="routebottom" type="cfm_slow" waiting="0.00" lane="bottom_0" pos="0.68" speed="42.71" angle="93.25" x="65.09" y="-1.62"/>
        <vehicle id="cfm_slow_4" eclass="HBEFA3/PC_G_EU4" CO2="56449.53" CO="1312.75" HC="7.41" NOx="25.57" PMx="1.54" fuel="24.26" electricity="0.00" noise="93.15" route="routebottom" type="cfm_slow" waiting="0.00" lane="bottom_0" pos="40.66" speed="44.45" angle="21.33" x="126.17" y="44.75"/>
    </timestep>
    <timestep time="3.62">
        <vehicle id="cfm_slow_0" eclass="HBEFA3/PC_G_EU4" CO2="51926.51" CO="1156.40" HC="6.58" NOx="23.51" PMx="1.40" fuel="22.32" electricity="0.00" noise="91.82" route="routebottom" type="cfm_slow" waiting="0.00" lane="right_0" pos="36.18" speed="40.94" angle="299.41" x="91.15" y="122.90"/>
        <vehicle id="cfm_slow_1" eclass="HBEFA3/PC_G_EU4" CO2="55565.29" CO="1233.55" HC="7.02" NOx="25.22" PMx="1.49" fuel="23.88" electricity="0.00" noise="93.26" route="routetop" type="cfm_slow" waiting="0.00" lane="top_0" pos="24.22" speed="41.07" angle="230.86" x="18.63" y="110.96"/>
        <vehicle id="cfm_slow_2" eclass="HBEFA3/PC_G_EU4" CO2="63994.45" CO="1415.15" HC="8.06" NOx="29.19" PMx="1.72" fuel="27.51" electricity="0.00" noise="96.55" route="routetop" type="cfm_slow" waiting="0.00" lane="left_0" pos="12.41" speed="41.55" angle="162.14" x="3.27" y="38.84"/>
        <vehicle id="cfm_slow_3" eclass="HBEFA3/PC_G_EU4" CO2="72222.52" CO="1605.93" HC="9.14" NOx="33.05" PMx="1.94" fuel="31.04" electricity="0.00" noise="99.49" route="routebottom" type="cfm_slow" waiting="0.00" lane="bottom_0" pos="1.11" speed="42.77" angle="92.46" x="65.97" y="-1.61"/>
        <vehicle id="cfm_slow_4" eclass="HBEFA3/PC_G_EU4" CO2="55744.16" CO="1298.96" HC="7.33" NOx="25.24" PMx="1.52" fuel="23.96" electricity="0.00" noise="92.89" route="routebottom" type="cfm_slow" waiting="0.00" lane="bottom_0" pos="41.10" speed="44.49" angle="20.57" x="126.43" y="45.62"/>
    </timestep>
    <timestep time="3.63">
        <vehicle id="cfm_slow_0" eclass="HBEFA3/PC_G_EU4" CO2="51652.28" CO="1151.39" HC="6.55" NOx="23.38" PMx="1.39" fuel="22.20" electricity="0.00" noise="91.70" route="routebottom" type="cfm_slow" waiting="0.00" lane="right_0" pos="36.59" speed="40.97" angle="298.64" x="90.38" y="123.25"/>
        <vehicle id="cfm_slow_1" eclass="HBEFA3/PC_G_EU4" CO2="55338.39" CO="1229.57" HC="7.00" NOx="25.11" PMx="1.49" fuel="23.79" electricity="0.00" noise="93.16" route="routetop" type="cfm_slow" waiting="0.00" lane="top_0" pos="24.63" speed="41.11" angle="230.18" x="18.03" y="110.37"/>
        <vehicle id="cfm_slow_2" eclass="HBEFA3/PC_G_EU4" CO2="63771.51" CO="1411.40" HC="8.04" NOx="29.08" PMx="1.71" fuel="27.41" electricity="0.00" noise="96.45" route="routetop" type="cfm_slow" waiting="0.00" lane="left_0" pos="12.82" speed="41.60" angle="161.45" x="3.58" y="38.04"/>
        <vehicle id="cfm_slow_3" eclass="HBEFA3/PC_G_EU4" CO2="71775.83" CO="1597.71" HC="9.09" NOx="32.84" PMx="1.93" fuel="30.85" electricity="0.00" noise="99.30" route="routebottom" type="cfm_slow" waiting="0.00" lane="bottom_0" pos="1.54" speed="42.82" angle="91.73" x="66.84" y="-1.57"/>
        <vehicle id="cfm_slow_4" eclass="HBEFA3/PC_G_EU4" CO2="55047.27" CO="1285.33" HC="7.25" NOx="24.91" PMx="1.51" fuel="23.66" electricity="0.00" noise="92.63" route="routebottom" type="cfm_slow" waiting="0.00" lane="bottom_0" pos="41.55" speed="44.52" angle="19.73" x="126.67" y="46.50"/>
    </timestep>
    <timestep time="3.64">
        <vehicle id="cfm_slow_0" eclass="HBEFA3/PC_G_EU4" CO2="51380.69" CO="1146.43" HC="6.52" NOx="23.25" PMx="1.38" fuel="22.09" electricity="0.00" noise="91.59" route="routebottom" type="cfm_slow" waiting="0.00" lane="right_0" pos="37.00" speed="41.01" angle="297.86" x="89.61" y="123.59"/>
        <vehicle id="cfm_slow_1" eclass="HBEFA3/PC_G_EU4" CO2="55113.73" CO="1225.64" HC="6.98" NOx="25.01" PMx="1.48" fuel="23.69" electricity="0.00" noise="93.06" route="routetop" type="cfm_slow" waiting="0.00" lane="top_0" pos="25.04" speed="41.15" angle="229.44" x="17.43" y="109.77"/>
        <vehicle id="cfm_slow_2" eclass="HBEFA3/PC_G_EU4" CO2="63548.65" CO="1407.64" HC="8.01" NOx="28.98" PMx="1.70" fuel="27.32" electricity="0.00" noise="96.35" route="routetop" type="cfm_slow" waiting="0.00" lane="left_0" pos="13.24" speed="41.65" angle="160.69" x="3.93" y="37.26"/>
        <vehicle id="cfm_slow_3" eclass="HBEFA3/PC_G_EU4" CO2="71328.54" CO="1589.47" HC="9.04" NOx="32.62" PMx="1.92" fuel="30.66" electricity="0.00" noise="99.11" route="routebottom" type="cfm_slow" waiting="0.00" lane="bottom_0" pos="1.97" speed="42.87" angle="90.95" x="67.72" y="-1.51"/>
        <vehicle id="cfm_slow_4" eclass="HBEFA3/PC_G_EU4" CO2="54358.79" CO="1271.86" HC="7.17" NOx="24.59" PMx="1.49" fuel="23.37" electricity="0.00" noise="92.37" route="routebottom" type="cfm_slow" waiting="0.00" lane="bottom_0" pos="41.99" speed="44.56" angle="18.90" x="126.90" y="47.39"/>
    </timestep>
    <timestep time="3.65">
        <vehicle id="cfm_slow_0" eclass="HBEFA3/PC_G_EU4" CO2="51111.73" CO="1141.52" HC="6.49" NOx="23.12" PMx="1.38" fuel="21.97" electricity="0.00" noise="91.48" route="routebottom" type="cfm_slow" waiting="0.00" lane="right_0" pos="37.41" speed="41.05" angle="297.16" x="88.84" y="123.92"/>
        <vehicle id="cfm_slow_1" eclass="HBEFA3/PC_G_EU4" CO2="54891.28" CO="1221.75" HC="6.95" NOx="24.90" PMx="1.47" fuel="23.60" electricity="0.00" noise="92.97" route="routetop" type="cfm_slow" waiting="0.00" lane="top_0" pos="25.45" speed="41.19" angle="228.70" x="16.83" y="109.18"/>
        <vehicle id="cfm_slow_2" eclass="HBEFA3/PC_G_EU4" CO2="63325.86" CO="1403.88" HC="7.99" NOx="28.87" PMx="1.70" fuel="27.22" electricity="0.00" noise="96.25" route="routetop" type="cfm_slow" waiting="0.00" lane="left_0" pos="13.66" speed="41.69" angle="159.93" x="4.28" y="36.48"/>
        <vehicle id="cfm_slow_3" eclass="HBEFA3/PC_G_EU4" CO2="70880.72" CO="1581.21" HC="8.99" NOx="32.41" PMx="1.91" fuel="30.47" electricity="0.00" noise="98.92" route="routebottom" type="cfm_slow" waiting="0.00" lane="bottom_0" pos="2.40" speed="42.93" angle="90.17" x="68.60" y="-1.46"/>
        <vehicle id="cfm_slow_4" eclass="HBEFA3/PC_G_EU4" CO2="53678.69" CO="1258.55" HC="7.10" NOx="24.26" PMx="1.47" fuel="23.07" electricity="0.00" noise="92.12" route="routebottom" type="cfm_slow" waiting="0.00" lane="bottom_0" pos="42.44" speed="44.59" angle="18.14" x="127.13" y="48.27"/>
    </timestep>
    <timestep time="3.66">
        <vehicle id="cfm_slow_0" eclass="HBEFA3/PC_G_EU4" CO2="50845.38" CO="1136.67" HC="6.46" NOx="22.99" PMx="1.37" fuel="21.86" electricity="0.00" noise="91.37" route="routebottom" type="cfm_slow" waiting="0.00" lane="right_0" pos="37.82" speed="41.09" angle="296.40" x="88.05" y="124.23"/>
        <vehicle id="cfm_slow_1" eclass="HBEFA3/PC_G_EU4" CO2="54671.01" CO="1217.90" HC="6.93" NOx="24.80" PMx="1.47" fuel="23.50" electricity="0.00" noise="92.87" route="routetop" type="cfm_slow" waiting="0.00" lane="top_0" pos="25.87" speed="41.24" angle="228.00" x="16.24" y="108.57"/>
        <vehicle id="cfm_slow_2" eclass="HBEFA3/PC_G_EU4" CO2="63103.12" CO="1400.12" HC="7.97" NOx="28.76" PMx="1.69" fuel="27.12" electricity="0.00" noise="96.15" route="routetop" type="cfm_slow" waiting="0.00" lane="left_0" pos="14.07" speed="41.74" angle="159.21" x="4.63" y="35.70"/>
        <vehicle id="cfm_slow_3" eclass="HBEFA3/PC_G_EU4" CO2="70432.45" CO="1572.94" HC="8.94" NOx="32.20" PMx="1.90" fuel="30.28" electricity="0.00" noise="98.74" route="routebottom" type="cfm_slow" waiting="0.00" lane="bottom_0" pos="2.83" speed="42.98" angle="89.43" x="69.48" y="-1.38"/>
        <vehicle id="cfm_slow_4" eclass="HBEFA3/PC_G_EU4" CO2="53006.91" CO="1245.40" HC="7.02" NOx="23.95" PMx="1.45" fuel="22.79" electricity="0.00" noise="91.88" route="routebottom" type="cfm_slow" waiting="0.00" lane="bottom_0" pos="42.88" speed="44.63" angle="17.36" x="127.33" y="49.16"/>
    </timestep>
    <timestep time="3.67">
        <vehicle id="cfm_slow_0" eclass="HBEFA3/PC_G_EU4" CO2="50581.63" CO="1131.86" HC="6.44" NOx="22.87" PMx="1.36" fuel="21.74" electricity="0.00" noise="91.26" route="routebottom" type="cfm_slow" waiting="0.00" lane="right_0" pos="38.23" speed="41.12" angle="295.64" x="87.27" y="124.54"/>
        <vehicle id="cfm_slow_1" eclass="HBEFA3/PC_G_EU4" CO2="54452.90" CO="1214.10" HC="6.91" NOx="24.69" PMx="1.46" fuel="23.41" electricity="0.00" noise="92.78" route="routetop" type="cfm_slow" waiting="0.00" lane="top_0" pos="26.28" speed="41.28" angle="227.24" x="15.67" y="107.94"/>
        <vehicle id="cfm_slow_2" eclass="HBEFA3/PC_G_EU4" CO2="62880.41" CO="1396.36" HC="7.95" NOx="28.66" PMx="1.69" fuel="27.03" electricity="0.00" noise="96.05" route="routetop" type="cfm_slow" waiting="0.00" lane="left_0" pos="14.49" speed="41.79" angle="158.45" x="5.01" y="34.94"/>
        <vehicle id="cfm_slow_3" eclass="HBEFA3/PC_G_EU4" CO2="69983.81" CO="1564.66" HC="8.89" NOx="31.99" PMx="1.88" fuel="30.08" electricity="0.00" noise="98.55" route="routebottom" type="cfm_slow" waiting="0.00" lane="bottom_0" pos="3.26" speed="43.03" angle="88.64" x="70.36" y="-1.30"/>
        <vehicle id="cfm_slow_4" eclass="HBEFA3/PC_G_EU4" CO2="52343.39" CO="1232.41" HC="6.94" NOx="23.63" PMx="1.44" fuel="22.50" electricity="0.00" noise="91.63" route="routebottom" type="cfm_slow" waiting="0.00" lane="bottom_0" pos="43.33" speed="44.66" angle="16.58" x="127.54" y="50.06"/>
    </timestep>
    <timestep time="3.68">
        <vehicle id="cfm_slow_0" eclass="HBEFA3/PC_G_EU4" CO2="50320.48" CO="1127.10" HC="6.41" NOx="22.74" PMx="1.36" fuel="21.63" electricity="0.00" noise="91.15" route="routebottom" type="cfm_slow" waiting="0.00" lane="right_0" pos="38.64" speed="41.16" angle="294.94" x="86.48" y="124.84"/>
        <vehicle id="cfm_slow_1" eclass="HBEFA3/PC_G_EU4" CO2="54236.92" CO="1210.33" HC="6.88" NOx="24.59" PMx="1.46" fuel="23.31" electricity="0.00" noise="92.69" route="routetop" type="cfm_slow" waiting="0.00" lane="top_0" pos="26.69" speed="41.32" angle="226.47" x="15.10" y="107.32"/>
        <vehicle id="cfm_slow_2" eclass="HBEFA3/PC_G_EU4" CO2="62657.72" CO="1392.59" HC="7.92" NOx="28.55" PMx="1.68" fuel="26.93" electricity="0.00" noise="95.95" route="routetop" type="cfm_slow" waiting="0.00" lane="left_0" pos="14.91" speed="41.84" angle="157.67" x="5.40" y="34.17"/>
        <vehicle id="cfm_slow_3" eclass="HBEFA3/PC_G_EU4" CO2="69534.86" CO="1556.36" HC="8.84" NOx="31.77" PMx="1.87" fuel="29.89" electricity="0.00" noise="98.36" route="routebottom" type="cfm_slow" waiting="0.00" lane="bottom_0" pos="3.69" speed="43.08" angle="87.86" x="71.23" y="-1.21"/>
        <vehicle id="cfm_slow_4" eclass="HBEFA3/PC_G_EU4" CO2="51688.08" CO="1219.58" HC="6.87" NOx="23.32" PMx="1.42" fuel="22.22" electricity="0.00" noise="91.39" route="routebottom" type="cfm_slow" waiting="0.00" lane="bottom_0" pos="43.78" speed="44.70" angle="15.81" x="127.72" y="50.95"/>
    </timestep>
    <timestep time="3.69">
        <vehicle id="cfm_slow_0" eclass="HBEFA3/PC_G_EU4" CO2="50061.89" CO="1122.39" HC="6.38" NOx="22.62" PMx="1.35" fuel="21.52" electricity="0.00" noise="91.04" route="routebottom" type="cfm_slow" waiting="0.00" lane="right_0" pos="39.05" speed="41.20" angle="294.21" x="85.69" y="125.13"/>
        <vehicle id="cfm_slow_1" eclass="HBEFA3/PC_G_EU4" CO2="54023.03" CO="1206.60" HC="6.86" NOx="24.49" PMx="1.45" fuel="23.22" electricity="0.00" noise="92.60" route="routetop" type="cfm_slow" waiting="0.00" lane="top_0" pos="27.11" speed="41.36" angle="225.75" x="14.53" y="106.69"/>
        <vehicle id="cfm_slow_2" eclass="HBEFA3/PC_G_EU4" CO2="62435.04" CO="1388.82" HC="7.90" NOx="28.45" PMx="1.68" fuel="26.84" electricity="0.00" noise="95.85" route="routetop" type="cfm_slow" waiting="0.00" lane="left_0" pos="15.33" speed="41.88" angle="156.93" x="5.78" y="33.40"/>
        <vehicle id="cfm_slow_3" eclass="HBEFA3/PC_G_EU4" CO2="69085.67" CO="1548.05" HC="8.79" NOx="31.56" PMx="1.86" fuel="29.70" electricity="0.00" noise="98.17" route="routebottom" type="cfm_slow" waiting="0.00" lane="bottom_0" pos="4.12" speed="43.13" angle="87.12" x="72.11" y="-1.10"/>
        <vehicle id="cfm_slow_4" eclass="HBEFA3/PC_G_EU4" CO2="51040.93" CO="1206.91" HC="6.80" NOx="23.02" PMx="1.40" fuel="21.94" electricity="0.00" noise="91.16" route="routebottom" type="cfm_slow" waiting="0.00" lane="bottom_0" pos="44.23" speed="44.73" angle="14.93" x="127.89" y="51.86"/>
    </timestep>
    <timestep time="3.70">
        <vehicle id="cfm_slow_0" eclass="HBEFA3/PC_G_EU4" CO2="49805.87" CO="1117.73" HC="6.35" NOx="22.50" PMx="1.34" fuel="21.41" electricity="0.00" noise="90.94" route="routebottom" type="cfm_slow" waiting="0.00" lane="right_0" pos="39.47" speed="41.24" angle="293.48" x="84.89" y="125.42"/>
        <vehicle id="cfm_slow_1" eclass="HBEFA3/PC_G_EU4" CO2="53811.21" CO="1202.92" HC="6.84" NOx="24.39" PMx="1.45" fuel="23.13" electricity="0.00" noise="92.51" route="routetop" type="cfm_slow" waiting="0.00" lane="top_0" pos="27.52" speed="41.40" angle="224.96" x="13.98" y="106.04"/>
        <vehicle id="cfm_slow_2" eclass="HBEFA3/PC_G_EU4" CO2="62212.36" CO="1385.05" HC="7.88" NOx="28.34" PMx="1.67" fuel="26.74" electricity="0.00" noise="95.75" route="routetop" type="cfm_slow" waiting="0.00" lane="left_0" pos="15.75" speed="41.93" angle="156.19" x="6.19" y="32.65"/>
        <vehicle id="cfm_slow_3" eclass="HBEFA3/PC_G_EU4" CO2="68636.31" CO="1539.73" HC="8.75" NOx="31.35" PMx="1.85" fuel="29.50" electricity="0.00" noise="97.98" route="routebottom" type="cfm_slow" waiting="0.00" lane="bottom_0" pos="4.55" speed="43.18" angle="86.33" x="72.99" y="-0.97"/>
        <vehicle id="cfm_slow_4" eclass="HBEFA3/PC_G_EU4" CO2="50401.89" CO="1194.39" HC="6.72" NOx="22.71" PMx="1.39" fuel="21.67" electricity="0.00" noise="90.93" route="routebottom" type="cfm_slow" waiting="0.00" lane="bottom_0" pos="44.67" speed="44.76" angle="14.06" x="128.05" y="52.76"/>
    </timestep>
    <timestep time="3.71">
        <vehicle id="cfm_slow_0" eclass="HBEFA3/PC_G_EU4" CO2="49552.40" CO="1113.12" HC="6.32" NOx="22.38" PMx="1.34" fuel="21.30" electricity="0.00" noise="90.84" route="routebottom" type="cfm_slow" waiting="0.00" lane="right_0" pos="39.88" speed="41.27" angle="292.79" x="84.10" y="125.70"/>
        <vehicle id="cfm_slow_1" eclass="HBEFA3/PC_G_EU4" CO2="53601.42" CO="1199.27" HC="6.82" NOx="24.29" PMx="1.44" fuel="23.04" electricity="0.00" noise="92.42" route="routetop" type="cfm_slow" waiting="0.00" lane="top_0" pos="27.93" speed="41.44" angle="224.17" x="13.44" y="105.39"/>
        <vehicle id="cfm_slow_2" eclass="HBEFA3/PC_G_EU4" CO2="61989.65" CO="1381.28" HC="7.86" NOx="28.23" PMx="1.67" fuel="26.65" electricity="0.00" noise="95.65" route="routetop" type="cfm_slow" waiting="0.00" lane="left_0" pos="16.17" speed="41.98" angle="155.41" x="6.61" y="31.89"/>
        <vehicle id="cfm_slow_3" eclass="HBEFA3/PC_G_EU4" CO2="68186.85" CO="1531.40" HC="8.70" NOx="31.13" PMx="1.84" fuel="29.31" electricity="0.00" noise="97.80" route="routebottom" type="cfm_slow" waiting="0.00" lane="bottom_0" pos="4.98" speed="43.23" angle="85.54" x="73.87" y="-0.85"/>
        <vehicle id="cfm_slow_4" eclass="HBEFA3/PC_G_EU4" CO2="49770.89" CO="1182.03" HC="6.65" NOx="22.42" PMx="1.37" fuel="21.39" electricity="0.00" noise="90.70" route="routebottom" type="cfm_slow" waiting="0.00" lane="bottom_0" pos="45.12" speed="44.79" angle="13.29" x="128.20" y="53.67"/>
    </timestep>
    <timestep time="3.72">
        <vehicle id="cfm_slow_0" eclass="HBEFA3/PC_G_EU4" CO2="49301.46" CO="1108.56" HC="6.30" NOx="22.26" PMx="1.33" fuel="21.19" electricity="0.00" noise="90.73" route="routebottom" type="cfm_slow" waiting="0.00" lane="right_0" pos="40.29" speed="41.31" angle="292.02" x="83.29" y="125.95"/>
        <vehicle id="cfm_slow_1" eclass="HBEFA3/PC_G_EU4" CO2="53393.65" CO="1195.66" HC="6.80" NOx="24.19" PMx="1.44" fuel="22.95" electricity="0.00" noise="92.33" route="routetop" type="cfm_slow" waiting="0.00" lane="top_0" pos="28.35" speed="41.48" angle="223.46" x="12.89" y="104.74"/>
        <vehicle id="cfm_slow_2" eclass="HBEFA3/PC_G_EU4" CO2="61766.91" CO="1377.50" HC="7.83" NOx="28.13" PMx="1.66" fuel="26.55" electricity="0.00" noise="95.55" route="routetop" type="cfm_slow" waiting="0.00" lane="left_0" pos="16.59" speed="42.02" angle="154.66" x="7.03" y="31.14"/>
        <vehicle id="cfm_slow_3" eclass="HBEFA3/PC_G_EU4" CO2="67737.36" CO="1523.06" HC="8.65" NOx="30.92" PMx="1.83" fuel="29.12" electricity="0.00" noise="97.61" route="routebottom" type="cfm_slow" waiting="0.00" lane="bottom_0" pos="5.42" speed="43.28" angle="84.76" x="74.74" y="-0.70"/>
        <vehicle id="cfm_slow_4" eclass="HBEFA3/PC_G_EU4" CO2="49147.89" CO="1169.82" HC="6.58" NOx="22.12" PMx="1.36" fuel="21.13" electricity="0.00" noise="90.48" route="routebottom" type="cfm_slow" waiting="0.00" lane="bottom_0" pos="45.57" speed="44.83" angle="12.47" x="128.33" y="54.58"/>
    </timestep>
    <timestep time="3.73">
        <vehicle id="cfm_slow_0" eclass="HBEFA3/PC_G_EU4" CO2="49053.05" CO="1104.05" HC="6.27" NOx="22.14" PMx="1.32" fuel="21.09" electricity="0.00" noise="90.63" route="routebottom" type="cfm_slow" waiting="0.00" lane="right_0" pos="40.71" speed="41.34" angle="291.24" x="82.48" y="126.20"/>
        <vehicle id="cfm_slow_1" eclass="HBEFA3/PC_G_EU4" CO2="53187.85" CO="1192.09" HC="6.78" NOx="24.09" PMx="1.43" fuel="22.86" electricity="0.00" noise="92.24" route="routetop" type="cfm_slow" waiting="0.00" lane="top_0" pos="28.76" speed="41.52" angle="222.71" x="12.37" y="104.07"/>
        <vehicle id="cfm_slow_2" eclass="HBEFA3/PC_G_EU4" CO2="61544.13" CO="1373.71" HC="7.81" NOx="28.02" PMx="1.66" fuel="26.45" electricity="0.00" noise="95.46" route="routetop" type="cfm_slow" waiting="0.00" lane="left_0" pos="17.01" speed="42.07" angle="153.90" x="7.47" y="30.40"/>
        <vehicle id="cfm_slow_3" eclass="HBEFA3/PC_G_EU4" CO2="67287.90" CO="1514.72" HC="8.60" NOx="30.71" PMx="1.82" fuel="28.92" electricity="0.00" noise="97.43" route="routebottom" type="cfm_slow" waiting="0.00" lane="bottom_0" pos="5.85" speed="43.33" angle="83.94" x="75.61" y="-0.54"/>
        <vehicle id="cfm_slow_4" eclass="HBEFA3/PC_G_EU4" CO2="48532.83" CO="1157.77" HC="6.51" NOx="21.83" PMx="1.34" fuel="20.86" electricity="0.00" noise="90.26" route="routebottom" type="cfm_slow" waiting="0.00" lane="bottom_0" pos="46.02" speed="44.86" angle="11.65" x="128.46" y="55.49"/>
    </timestep>
    <timestep time="3.74">
        <vehicle id="cfm_slow_0" eclass="HBEFA3/PC_G_EU4" CO2="48807.14" CO="1099.58" HC="6.25" NOx="22.03" PMx="1.32" fuel="20.98" electricity="0.00" noise="90.53" route="routebottom" type="cfm_slow" waiting="0.00" lane="right_0" pos="41.12" speed="41.38" angle="290.53" x="81.66" y="126.44"/>
        <vehicle id="cfm_slow_1" eclass="HBEFA3/PC_G_EU4" CO2="52984.01" CO="1188.56" HC="6.75" NOx="23.99" PMx="1.43" fuel="22.78" electricity="0.00" noise="92.16" route="routetop" type="cfm_slow" waiting="0.00" lane="top_0" pos="29.18" speed="41.55" angle="221.95" x="11.84" y="103.39"/>
        <vehicle id="cfm_slow_2" eclass="HBEFA3/PC_G_EU4" CO2="61321.30" CO="1369.93" HC="7.79" NOx="27.92" PMx="1.65" fuel="26.36" electricity="0.00" noise="95.36" route="routetop" type="cfm_slow" waiting="0.00" lane="left_0" pos="17.43" speed="42.12" angle="153.12" x="7.91" y="29.66"/>
        <vehicle id="cfm_slow_3" eclass="HBEFA3/PC_G_EU4" CO2="66838.54" CO="1506.37" HC="8.55" NOx="30.50" PMx="1.80" fuel="28.73" electricity="0.00" noise="97.24" route="routebottom" type="cfm_slow" waiting="0.00" lane="bottom_0" pos="6.28" speed="43.38" angle="83.13" x="76.49" y="-0.37"/>
        <vehicle id="cfm_slow_4" eclass="HBEFA3/PC_G_EU4" CO2="47925.65" CO="1145.87" HC="6.44" NOx="21.54" PMx="1.32" fuel="20.60" electricity="0.00" noise="90.04" route="routebottom" type="cfm_slow" waiting="0.00" lane="bottom_0" pos="46.47" speed="44.89" angle="10.91" x="128.56" y="56.40"/>
    </timestep>
    <timestep time="3.75">
        <vehicle id="cfm_slow_0" eclass="HBEFA3/PC_G_EU4" CO2="48563.72" CO="1095.16" HC="6.22" NOx="21.91" PMx="1.31" fuel="20.88" electricity="0.00" noise="90.44" route="routebottom" type="cfm_slow" waiting="0.00" lane="right_0" pos="41.53" speed="41.41" angle="289.75" x="80.84" y="126.66"/>
        <vehicle id="cfm_slow_1" eclass="HBEFA3/PC_G_EU4" CO2="52782.08" CO="1185.06" HC="6.73" NOx="23.90" PMx="1.42" fuel="22.69" electricity="0.00" noise="92.07" route="routetop" type="cfm_slow" waiting="0.00" lane="top_0" pos="29.60" speed="41.59" angle="221.24" x="11.33" y="102.72"/>
        <vehicle id="cfm_slow_2" eclass="HBEFA3/PC_G_EU4" CO2="61098.41" CO="1366.14" HC="7.77" NOx="27.81" PMx="1.64" fuel="26.26" electricity="0.00" noise="95.26" route="routetop" type="cfm_slow" waiting="0.00" lane="left_0" pos="17.85" speed="42.16" angle="152.35" x="8.36" y="28.92"/>
        <vehicle id="cfm_slow_3" eclass="HBEFA3/PC_G_EU4" CO2="66389.34" CO="1498.02" HC="8.50" NOx="30.28" PMx="1.79" fuel="28.54" electricity="0.00" noise="97.06" route="routebottom" type="cfm_slow" waiting="0.00" lane="bottom_0" pos="6.72" speed="43.43" angle="82.38" x="77.36" y="-0.19"/>
        <vehicle id="cfm_slow_4" eclass="HBEFA3/PC_G_EU4" CO2="47326.30" CO="1134.11" HC="6.37" NOx="21.26" PMx="1.31" fuel="20.34" electricity="0.00" noise="89.83" route="routebottom" type="cfm_slow" waiting="0.00" lane="bottom_0" pos="46.92" speed="44.92" angle="10.11" x="128.66" y="57.32"/>
    </timestep>
    <timestep time="3.76">
        <vehicle id="cfm_slow_0" eclass="HBEFA3/PC_G_EU4" CO2="48322.77" CO="1090.79" HC="6.19" NOx="21.80" PMx="1.31" fuel="20.77" electricity="0.00" noise="90.34" route="routebottom" type="cfm_slow" waiting="0.00" lane="right_0" pos="41.95" speed="41.45" angle="288.97" x="80.02" y="126.88"/>
        <vehicle id="cfm_slow_1" eclass="HBEFA3/PC_G_EU4" CO2="52582.06" CO="1181.60" HC="6.71" NOx="23.80" PMx="1.42" fuel="22.60" electricity="0.00" noise="91.99" route="routetop" type="cfm_slow" waiting="0.00" lane="top_0" pos="30.01" speed="41.63" angle="220.45" x="10.83" y="102.02"/>
        <vehicle id="cfm_slow_2" eclass="HBEFA3/PC_G_EU4" CO2="60875.45" CO="1362.34" HC="7.74" NOx="27.70" PMx="1.64" fuel="26.17" electricity="0.00" noise="95.17" route="routetop" type="cfm_slow" waiting="0.00" lane="left_0" pos="18.27" speed="42.21" angle="151.59" x="8.83" y="28.19"/>
        <vehicle id="cfm_slow_3" eclass="HBEFA3/PC_G_EU4" CO2="65940.37" CO="1489.66" HC="8.45" NOx="30.07" PMx="1.78" fuel="28.34" electricity="0.00" noise="96.88" route="routebottom" type="cfm_slow" waiting="0.00" lane="bottom_0" pos="7.15" speed="43.48" angle="81.58" x="78.23" y="0.01"/>
        <vehicle id="cfm_slow_4" eclass="HBEFA3/PC_G_EU4" CO2="46734.71" CO="1122.51" HC="6.31" NOx="20.98" PMx="1.29" fuel="20.09" electricity="0.00" noise="89.62" route="routebottom" type="cfm_slow" waiting="0.00" lane="bottom_0" pos="47.37" speed="44.94" angle="9.33" x="128.75" y="58.23"/>
    </timestep>
    <timestep time="3.77">
        <vehicle id="cfm_slow_0" eclass="HBEFA3/PC_G_EU4" CO2="48084.29" CO="1086.47" HC="6.17" NOx="21.68" PMx="1.30" fuel="20.67" electricity="0.00" noise="90.24" route="routebottom" type="cfm_slow" waiting="0.00" lane="right_0" pos="42.36" speed="41.48" angle="288.26" x="79.20" y="127.09"/>
        <vehicle id="cfm_slow_1" eclass="HBEFA3/PC_G_EU4" CO2="52383.90" CO="1178.18" HC="6.69" NOx="23.71" PMx="1.41" fuel="22.52" electricity="0.00" noise="91.91" route="routetop" type="cfm_slow" waiting="0.00" lane="top_0" pos="30.43" speed="41.67" angle="219.66" x="10.33" y="101.33"/>
        <vehicle id="cfm_slow_2" eclass="HBEFA3/PC_G_EU4" CO2="60652.40" CO="1358.54" HC="7.72" NOx="27.60" PMx="1.63" fuel="26.07" electricity="0.00" noise="95.07" route="routetop" type="cfm_slow" waiting="0.00" lane="left_0" pos="18.70" speed="42.25" angle="150.79" x="9.31" y="27.47"/>
        <vehicle id="cfm_slow_3" eclass="HBEFA3/PC_G_EU4" CO2="65491.68" CO="1481.31" HC="8.40" NOx="29.86" PMx="1.77" fuel="28.15" electricity="0.00" noise="96.70" route="routebottom" type="cfm_slow" waiting="0.00" lane="bottom_0" pos="7.59" speed="43.53" angle="80.80" x="79.10" y="0.21"/>
        <vehicle id="cfm_slow_4" eclass="HBEFA3/PC_G_EU4" CO2="46150.84" CO="1111.06" HC="6.24" NOx="20.70" PMx="1.28" fuel="19.84" electricity="0.00" noise="89.42" route="routebottom" type="cfm_slow" waiting="0.00" lane="bottom_0" pos="47.81" speed="44.97" angle="8.50" x="128.81" y="59.15"/>
    </timestep>
    <timestep time="3.78">
        <vehicle id="cfm_slow_0" eclass="HBEFA3/PC_G_EU4" CO2="47848.25" CO="1082.19" HC="6.14" NOx="21.57" PMx="1.29" fuel="20.57" electricity="0.00" noise="90.15" route="routebottom" type="cfm_slow" waiting="0.00" lane="right_0" pos="42.78" speed="41.52" angle="287.53" x="78.37" y="127.28"/>
        <vehicle id="cfm_slow_1" eclass="HBEFA3/PC_G_EU4" CO2="52187.57" CO="1174.79" HC="6.67" NOx="23.61" PMx="1.41" fuel="22.43" electricity="0.00" noise="91.83" route="routetop" type="cfm_slow" waiting="0.00" lane="top_0" pos="30.85" speed="41.71" angle="218.94" x="9.83" y="100.63"/>
        <vehicle id="cfm_slow_2" eclass="HBEFA3/PC_G_EU4" CO2="60429.27" CO="1354.73" HC="7.70" NOx="27.49" PMx="1.63" fuel="25.98" electricity="0.00" noise="94.97" route="routetop" type="cfm_slow" waiting="0.00" lane="left_0" pos="19.12" speed="42.30" angle="149.99" x="9.79" y="26.75"/>
        <vehicle id="cfm_slow_3" eclass="HBEFA3/PC_G_EU4" CO2="65043.34" CO="1472.95" HC="8.35" NOx="29.65" PMx="1.76" fuel="27.96" electricity="0.00" noise="96.52" route="routebottom" type="cfm_slow" waiting="0.00" lane="bottom_0" pos="8.02" speed="43.57" angle="80.03" x="79.97" y="0.43"/>
        <vehicle id="cfm_slow_4" eclass="HBEFA3/PC_G_EU4" CO2="45574.61" CO="1099.75" HC="6.17" NOx="20.43" PMx="1.26" fuel="19.59" electricity="0.00" noise="89.22" route="routebottom" type="cfm_slow" waiting="0.00" lane="bottom_0" pos="48.26" speed="45.00" angle="7.63" x="128.86" y="60.07"/>
    </timestep>
    <timestep time="3.79">
        <vehicle id="cfm_slow_0" eclass="HBEFA3/PC_G_EU4" CO2="47614.65" CO="1077.96" HC="6.12" NOx="21.46" PMx="1.29" fuel="20.47" electricity="0.00" noise="90.06" route="routebottom" type="cfm_slow" waiting="0.00" lane="right_0" pos="43.19" speed="41.55" angle="286.80" x="77.54" y="127.47"/>
        <vehicle id="cfm_slow_1" eclass="HBEFA3/PC_G_EU4" CO2="51993.05" CO="1171.43" HC="6.65" NOx="23.52" PMx="1.40" fuel="22.35" electricity="0.00" noise="91.74" route="routetop" type="cfm_slow" waiting="0.00" lane="top_0" pos="31.26" speed="41.75" angle="218.19" x="9.36" y="99.92"/>
        <vehicle id="cfm_slow_2" eclass="HBEFA3/PC_G_EU4" CO2="60206.04" CO="1350.92" HC="7.67" NOx="27.39" PMx="1.62" fuel="25.88" electricity="0.00" noise="94.88" route="routetop" type="cfm_slow" waiting="0.00" lane="left_0" pos="19.54" speed="42.34" angle="149.26" x="10.29" y="26.04"/>
        <vehicle id="cfm_slow_3" eclass="HBEFA3/PC_G_EU4" CO2="64595.41" CO="1464.60" HC="8.30" NOx="29.43" PMx="1.75" fuel="27.77" electricity="0.00" noise="96.33" route="routebottom" type="cfm_slow" waiting="0.00" lane="bottom_0" pos="8.46" speed="43.62" angle="79.21" x="80.83" y="0.66"/>
        <vehicle id="cfm_slow_4" eclass="HBEFA3/PC_G_EU4" CO2="45005.99" CO="1088.60" HC="6.11" NOx="20.16" PMx="1.25" fuel="19.35" electricity="0.00" noise="89.02" route="routebottom" type="cfm_slow" waiting="0.00" lane="bottom_0" pos="48.72" speed="45.03" angle="6.82" x="128.92" y="61.00"/>
    </timestep>
    <timestep time="3.80">
        <vehicle id="cfm_slow_0" eclass="HBEFA3/PC_G_EU4" CO2="47383.45" CO="1073.77" HC="6.09" NOx="21.35" PMx="1.28" fuel="20.37" electricity="0.00" noise="89.96" route="routebottom" type="cfm_slow" waiting="0.00" lane="right_0" pos="43.61" speed="41.58" angle="286.11" x="76.71" y="127.66"/>
        <vehicle id="cfm_slow_1" eclass="HBEFA3/PC_G_EU4" CO2="51800.32" CO="1168.11" HC="6.63" NOx="23.43" PMx="1.40" fuel="22.27" electricity="0.00" noise="91.66" route="routetop" type="cfm_slow" waiting="0.00" lane="top_0" pos="31.68" speed="41.78" angle="217.44" x="8.88" y="99.21"/>
        <vehicle id="cfm_slow_2" eclass="HBEFA3/PC_G_EU4" CO2="59982.71" CO="1347.11" HC="7.65" NOx="27.28" PMx="1.62" fuel="25.78" electricity="0.00" noise="94.78" route="routetop" type="cfm_slow" waiting="0.00" lane="left_0" pos="19.97" speed="42.39" angle="148.49" x="10.80" y="25.33"/>
        <vehicle id="cfm_slow_3" eclass="HBEFA3/PC_G_EU4" CO2="64147.94" CO="1456.25" HC="8.26" NOx="29.22" PMx="1.74" fuel="27.57" electricity="0.00" noise="96.16" route="routebottom" type="cfm_slow" waiting="0.00" lane="bottom_0" pos="8.90" speed="43.66" angle="78.43" x="81.69" y="0.89"/>
        <vehicle id="cfm_slow_4" eclass="HBEFA3/PC_G_EU4" CO2="44444.90" CO="1077.58" HC="6.04" NOx="19.90" PMx="1.23" fuel="19.10" electricity="0.00" noise="88.83" route="routebottom" type="cfm_slow" waiting="0.00" lane="bottom_0" pos="49.17" speed="45.06" angle="6.00" x="128.94" y="61.92"/>
    </timestep>
    <timestep time="3.81">
        <vehicle id="cfm_slow_0" eclass="HBEFA3/PC_G_EU4" CO2="47154.66" CO="1069.64" HC="6.07" NOx="21.24" PMx="1.28" fuel="20.27" electricity="0.00" noise="89.87" route="routebottom" type="cfm_slow" waiting="0.00" lane="right_0" pos="44.03" speed="41.62" angle="285.31" x="75.87" y="127.82"/>
        <vehicle id="cfm_slow_1" eclass="HBEFA3/PC_G_EU4" CO2="51609.34" CO="1164.82" HC="6.61" NOx="23.34" PMx="1.39" fuel="22.18" electricity="0.00" noise="91.59" route="routetop" type="cfm_slow" waiting="0.00" lane="top_0" pos="32.10" speed="41.82" angle="216.75" x="8.41" y="98.49"/>
        <vehicle id="cfm_slow_2" eclass="HBEFA3/PC_G_EU4" CO2="59759.28" CO="1343.29" HC="7.63" NOx="27.17" PMx="1.61" fuel="25.69" electricity="0.00" noise="94.69" route="routetop" type="cfm_slow" waiting="0.00" lane="left_0" pos="20.39" speed="42.43" angle="147.72" x="11.31" y="24.63"/>
        <vehicle id="cfm_slow_3" eclass="HBEFA3/PC_G_EU4" CO2="63701.00" CO="1447.91" HC="8.21" NOx="29.01" PMx="1.73" fuel="27.38" electricity="0.00" noise="95.98" route="routebottom" type="cfm_slow" waiting="0.00" lane="bottom_0" pos="9.33" speed="43.71" angle="77.66" x="82.55" y="1.15"/>
        <vehicle id="cfm_slow_4" eclass="HBEFA3/PC_G_EU4" CO2="43891.28" CO="1066.72" HC="5.98" NOx="19.64" PMx="1.22" fuel="18.87" electricity="0.00" noise="88.64" route="routebottom" type="cfm_slow" waiting="0.00" lane="bottom_0" pos="49.62" speed="45.08" angle="5.18" x="128.95" y="62.84"/>
    </timestep>
    <timestep time="3.82">
        <vehicle id="cfm_slow_0" eclass="HBEFA3/PC_G_EU4" CO2="46928.25" CO="1065.54" HC="6.04" NOx="21.13" PMx="1.27" fuel="20.17" electricity="0.00" noise="89.78" route="routebottom" type="cfm_slow" waiting="0.00" lane="right_0" pos="44.44" speed="41.65" angle="284.50" x="75.03" y="127.97"/>
        <vehicle id="cfm_slow_1" eclass="HBEFA3/PC_G_EU4" CO2="51420.08" CO="1161.57" HC="6.59" NOx="23.25" PMx="1.39" fuel="22.10" electricity="0.00" noise="91.51" route="routetop" type="cfm_slow" waiting="0.00" lane="top_0" pos="32.52" speed="41.86" angle="215.99" x="7.97" y="97.76"/>
        <vehicle id="cfm_slow_2" eclass="HBEFA3/PC_G_EU4" CO2="59535.72" CO="1339.46" HC="7.61" NOx="27.07" PMx="1.61" fuel="25.59" electricity="0.00" noise="94.59" route="routetop" type="cfm_slow" waiting="0.00" lane="left_0" pos="20.82" speed="42.47" angle="147.00" x="11.84" y="23.94"/>
        <vehicle id="cfm_slow_3" eclass="HBEFA3/PC_G_EU4" CO2="63254.64" CO="1439.56" HC="8.16" NOx="28.80" PMx="1.71" fuel="27.19" electricity="0.00" noise="95.80" route="routebottom" type="cfm_slow" waiting="0.00" lane="bottom_0" pos="9.77" speed="43.76" angle="76.86" x="83.41" y="1.42"/>
        <vehicle id="cfm_slow_4" eclass="HBEFA3/PC_G_EU4" CO2="43345.09" CO="1055.99" HC="5.92" NOx="19.38" PMx="1.21" fuel="18.63" electricity="0.00" noise="88.45" route="routebottom" type="cfm_slow" waiting="0.00" lane="right_0" pos="0.07" speed="45.11" angle="4.37" x="128.97" y="63.83"/>
    </timestep>
    <timestep time="3.83">
        <vehicle id="cfm_slow_0" eclass="HBEFA3/PC_G_EU4" CO2="46704.21" CO="1061.50" HC="6.02" NOx="21.03" PMx="1.26" fuel="20.08" electricity="0.00" noise="89.70" route="routebottom" type="cfm_slow" waiting="0.00" lane="right_0" pos="44.86" speed="41.68" angle="283.75" x="74.19" y="128.12"/>
        <vehicle id="cfm_slow_1" eclass="HBEFA3/PC_G_EU4" CO2="51232.52" CO="1158.34" HC="6.57" NOx="23.16" PMx="1.38" fuel="22.02" electricity="0.00" noise="91.43" route="routetop" type="cfm_slow" waiting="0.00" lane="top_0" pos="32.94" speed="41.89" angle="215.23" x="7.52" y="97.02"/>
        <vehicle id="cfm_slow_2" eclass="HBEFA3/PC_G_EU4" CO2="59312.05" CO="1335.63" HC="7.58" NOx="26.96" PMx="1.60" fuel="25.50" electricity="0.00" noise="94.50" route="routetop" type="cfm_slow" waiting="0.00" lane="left_0" pos="21.24" speed="42.52" angle="146.24" x="12.37" y="23.25"/>
        <vehicle id="cfm_slow_3" eclass="HBEFA3/PC_G_EU4" CO2="62808.91" CO="1431.23" HC="8.11" NOx="28.59" PMx="1.70" fuel="27.00" electricity="0.00" noise="95.62" route="routebottom" type="cfm_slow" waiting="0.00" lane="bottom_0" pos="10.21" speed="43.80" angle="76.10" x="84.27" y="1.68"/>
        <vehicle id="cfm_slow_4" eclass="HBEFA3/PC_G_EU4" CO2="42806.25" CO="1045.41" HC="5.86" NOx="19.12" PMx="1.19" fuel="18.40" electricity="0.00" noise="88.27" route="routebottom" type="cfm_slow" waiting="0.00" lane="right_0" pos="0.52" speed="45.13" angle="3.55" x="128.95" y="64.75"/>
    </timestep>
    <timestep time="3.84">
        <vehicle id="cfm_slow_0" eclass="HBEFA3/PC_G_EU4" CO2="46482.51" CO="1057.49" HC="6.00" NOx="20.92" PMx="1.26" fuel="19.98" electricity="0.00" noise="89.61" route="routebottom" type="cfm_slow" waiting="0.00" lane="right_0" pos="45.28" speed="41.72" angle="283.00" x="73.34" y="128.24"/>
        <vehicle id="cfm_slow_1" eclass="HBEFA3/PC_G_EU4" CO2="51046.62" CO="1155.15" HC="6.55" NOx="23.07" PMx="1.38" fuel="21.94" electricity="0.00" noise="91.36" route="routetop" type="cfm_slow" waiting="0.00" lane="top_0" pos="33.36" speed="41.93" angle="214.52" x="7.08" y="96.29"/>
        <vehicle id="cfm_slow_2" eclass="HBEFA3/PC_G_EU4" CO2="59088.25" CO="1331.79" HC="7.56" NOx="26.85" PMx="1.60" fuel="25.40" electricity="0.00" noise="94.40" route="routetop" type="cfm_slow" waiting="0.00" lane="left_0" pos="21.67" speed="42.56" angle="145.47" x="12.91" y="22.56"/>
        <vehicle id="cfm_slow_3" eclass="HBEFA3/PC_G_EU4" CO2="62363.88" CO="1422.90" HC="8.06" NOx="28.38" PMx="1.69" fuel="26.81" electricity="0.00" noise="95.45" route="routebottom" type="cfm_slow" waiting="0.00" lane="bottom_0" pos="10.65" speed="43.84" angle="75.31" x="85.11" y="1.99"/>
        <vehicle id="cfm_slow_4" eclass="HBEFA3/PC_G_EU4" CO2="42274.72" CO="1034.97" HC="5.80" NOx="18.87" PMx="1.18" fuel="18.17" electricity="0.00" noise="88.09" route="routebottom" type="cfm_slow" waiting="0.00" lane="right_0" pos="0.97" speed="45.16" angle="2.72" x="128.93" y="65.68"/>
    </timestep>
    <timestep time="3.85">
        <vehicle id="cfm_slow_0" eclass="HBEFA3/PC_G_EU4" CO2="46263.15" CO="1053.54" HC="5.97" NOx="20.82" PMx="1.25" fuel="19.89" electricity="0.00" noise="89.52" route="routebottom" type="cfm_slow" waiting="0.00" lane="right_0" pos="45.69" speed="41.75" angle="282.24" x="72.49" y="128.36"/>
        <vehicle id="cfm_slow_1" eclass="HBEFA3/PC_G_EU4" CO2="50862.37" CO="1151.99" HC="6.54" NOx="22.98" PMx="1.38" fuel="21.86" electricity="0.00" noise="91.28" route="routetop" type="cfm_slow" waiting="0.00" lane="top_0" pos="33.78" speed="41.97" angle="213.75" x="6.66" y="95.53"/>
        <vehicle id="cfm_slow_2" eclass="HBEFA3/PC_G_EU4" CO2="58864.33" CO="1327.94" HC="7.54" NOx="26.75" PMx="1.59" fuel="25.30" electricity="0.00" noise="94.31" route="routetop" type="cfm_slow" waiting="0.00" lane="left_0" pos="22.09" speed="42.60" angle="144.73" x="13.47" y="21.89"/>
        <vehicle id="cfm_slow_3" eclass="HBEFA3/PC_G_EU4" CO2="61919.60" CO="1414.58" HC="8.01" NOx="28.17" PMx="1.68" fuel="26.62" electricity="0.00" noise="95.27" route="routebottom" type="cfm_slow" waiting="0.00" lane="bottom_0" pos="11.09" speed="43.89" angle="74.50" x="85.96" y="2.29"/>
        <vehicle id="cfm_slow_4" eclass="HBEFA3/PC_G_EU4" CO2="41750.43" CO="1024.67" HC="5.74" NOx="18.62" PMx="1.17" fuel="17.95" electricity="0.00" noise="87.92" route="routebottom" type="cfm_slow" waiting="0.00" lane="right_0" pos="1.42" speed="45.18" angle="1.94" x="128.90" y="66.61"/>
    </timestep>
    <timestep time="3.86">
        <vehicle id="cfm_slow_0" eclass="HBEFA3/PC_G_EU4" CO2="46046.10" CO="1049.62" HC="5.95" NOx="20.71" PMx="1.25" fuel="19.79" electricity="0.00" noise="89.44" route="routebottom" type="cfm_slow" waiting="0.00" lane="right_0" pos="46.11" speed="41.78" angle="281.51" x="71.64" y="128.48"/>
        <vehicle id="cfm_slow_1" eclass="HBEFA3/PC_G_EU4" CO2="50679.74" CO="1148.86" HC="6.52" NOx="22.90" PMx="1.37" fuel="21.78" electricity="0.00" noise="91.21" route="routetop" type="cfm_slow" waiting="0.00" lane="top_0" pos="34.20" speed="42.00" angle="212.99" x="6.25" y="94.78"/>
        <vehicle id="cfm_slow_2" eclass="HBEFA3/PC_G_EU4" CO2="58640.27" CO="1324.09" HC="7.51" NOx="26.64" PMx="1.58" fuel="25.21" electricity="0.00" noise="94.21" route="routetop" type="cfm_slow" waiting="0.00" lane="left_0" pos="22.52" speed="42.64" angle="143.93" x="14.04" y="21.22"/>
        <vehicle id="cfm_slow_3" eclass="HBEFA3/PC_G_EU4" CO2="61476.11" CO="1406.27" HC="7.96" NOx="27.96" PMx="1.67" fuel="26.43" electricity="0.00" noise="95.10" route="routebottom" type="cfm_slow" waiting="0.00" lane="bottom_0" pos="11.53" speed="43.93" angle="73.74" x="86.81" y="2.60"/>
        <vehicle id="cfm_slow_4" eclass="HBEFA3/PC_G_EU4" CO2="41233.31" CO="1014.51" HC="5.68" NOx="18.38" PMx="1.15" fuel="17.72" electricity="0.00" noise="87.75" route="routebottom" type="cfm_slow" waiting="0.00" lane="right_0" pos="1.87" speed="45.21" angle="1.11" x="128.85" y="67.53"/>
    </timestep>
    <timestep time="3.87">
        <vehicle id="cfm_slow_0" eclass="HBEFA3/PC_G_EU4" CO2="45831.36" CO="1045.76" HC="5.93" NOx="20.61" PMx="1.24" fuel="19.70" electricity="0.00" noise="89.36" route="routebottom" type="cfm_slow" waiting="0.00" lane="right_0" pos="46.53" speed="41.81" angle="280.79" x="70.79" y="128.58"/>
        <vehicle id="cfm_slow_1" eclass="HBEFA3/PC_G_EU4" CO2="50498.69" CO="1145.76" HC="6.50" NOx="22.81" PMx="1.37" fuel="21.71" electricity="0.00" noise="91.13" route="routetop" type="cfm_slow" waiting="0.00" lane="top_0" pos="34.62" speed="42.04" angle="212.28" x="5.83" y="94.02"/>
        <vehicle id="cfm_slow_2" eclass="HBEFA3/PC_G_EU4" CO2="58416.08" CO="1320.24" HC="7.49" NOx="26.53" PMx="1.58" fuel="25.11" electricity="0.00" noise="94.12" route="routetop" type="cfm_slow" waiting="0.00" lane="left_0" pos="22.95" speed="42.69" angle="143.14" x="14.60" y="20.56"/>
        <vehicle id="cfm_slow_3" eclass="HBEFA3/PC_G_EU4" CO2="61033.48" CO="1397.97" HC="7.91" NOx="27.75" PMx="1.66" fuel="26.24" electricity="0.00" noise="94.92" route="routebottom" type="cfm_slow" waiting="0.00" lane="bottom_0" pos="11.97" speed="43.97" angle="72.95" x="87.65" y="2.93"/>
        <vehicle id="cfm_slow_4" eclass="HBEFA3/PC_G_EU4" CO2="40723.32" CO="1004.48" HC="5.62" NOx="18.14" PMx="1.14" fuel="17.51" electricity="0.00" noise="87.58" route="routebottom" type="cfm_slow" waiting="0.00" lane="right_0" pos="2.33" speed="45.23" angle="0.29" x="128.80" y="68.46"/>
    </timestep>
    <timestep time="3.88">
        <vehicle id="cfm_slow_0" eclass="HBEFA3/PC_G_EU4" CO2="45618.89" CO="1041.93" HC="5.90" NOx="20.51" PMx="1.24" fuel="19.61" electricity="0.00" noise="89.27" route="routebottom" type="cfm_slow" waiting="0.00" lane="right_0" pos="46.95" speed="41.85" angle="280.04" x="69.94" y="128.66"/>
        <vehicle id="cfm_slow_1" eclass="HBEFA3/PC_G_EU4" CO2="50319.20" CO="1142.69" HC="6.48" NOx="22.73" PMx="1.36" fuel="21.63" electricity="0.00" noise="91.06" route="routetop" type="cfm_slow" waiting="0.00" lane="top_0" pos="35.04" speed="42.08" angle="211.51" x="5.45" y="93.25"/>
        <vehicle id="cfm_slow_2" eclass="HBEFA3/PC_G_EU4" CO2="58191.74" CO="1316.38" HC="7.47" NOx="26.43" PMx="1.57" fuel="25.01" electricity="0.00" noise="94.03" route="routetop" type="cfm_slow" waiting="0.00" lane="left_0" pos="23.37" speed="42.73" angle="142.43" x="15.19" y="19.91"/>
        <vehicle id="cfm_slow_3" eclass="HBEFA3/PC_G_EU4" CO2="60591.74" CO="1389.68" HC="7.86" NOx="27.54" PMx="1.65" fuel="26.05" electricity="0.00" noise="94.75" route="routebottom" type="cfm_slow" waiting="0.00" lane="bottom_0" pos="12.41" speed="44.02" angle="72.15" x="88.48" y="3.26"/>
        <vehicle id="cfm_slow_4" eclass="HBEFA3/PC_G_EU4" CO2="40220.40" CO="994.60" HC="5.56" NOx="17.90" PMx="1.13" fuel="17.29" electricity="0.00" noise="87.41" route="routebottom" type="cfm_slow" waiting="0.00" lane="right_0" pos="2.78" speed="45.25" angle="359.52" x="128.72" y="69.38"/>
    </timestep>
    <timestep time="3.89">
        <vehicle id="cfm_slow_0" eclass="HBEFA3/PC_G_EU4" CO2="45408.69" CO="1038.15" HC="5.88" NOx="20.41" PMx="1.23" fuel="19.52" electricity="0.00" noise="89.19" route="routebottom" type="cfm_slow" waiting="0.00" lane="right_0" pos="47.37" speed="41.88" angle="279.31" x="69.08" y="128.75"/>
        <vehicle id="cfm_slow_1" eclass="HBEFA3/PC_G_EU4" CO2="50141.25" CO="1139.65" HC="6.46" NOx="22.64" PMx="1.36" fuel="21.55" electricity="0.00" noise="90.99" route="routetop" type="cfm_slow" waiting="0.00" lane="top_0" pos="35.46" speed="42.11" angle="210.74" x="5.06" y="92.48"/>
        <vehicle id="cfm_slow_2" eclass="HBEFA3/PC_G_EU4" CO2="57967.27" CO="1312.51" HC="7.45" NOx="26.32" PMx="1.57" fuel="24.92" electricity="0.00" noise="93.93" route="routetop" type="cfm_slow" waiting="0.00" lane="left_0" pos="23.80" speed="42.77" angle="141.66" x="15.78" y="19.26"/>
        <vehicle id="cfm_slow_3" eclass="HBEFA3/PC_G_EU4" CO2="60150.97" CO="1381.41" HC="7.82" NOx="27.33" PMx="1.64" fuel="25.86" electricity="0.00" noise="94.58" route="routebottom" type="cfm_slow" waiting="0.00" lane="bottom_0" pos="12.85" speed="44.06" angle="71.42" x="89.32" y="3.60"/>
        <vehicle id="cfm_slow_4" eclass="HBEFA3/PC_G_EU4" CO2="39724.47" CO="984.84" HC="5.51" NOx="17.67" PMx="1.11" fuel="17.08" electricity="0.00" noise="87.25" route="routebottom" type="cfm_slow" waiting="0.00" lane="right_0" pos="3.23" speed="45.28" angle="358.69" x="128.63" y="70.31"/>
    </timestep>
    <timestep time="3.90">
        <vehicle id="cfm_slow_0" eclass="HBEFA3/PC_G_EU4" CO2="45200.74" CO="1034.41" HC="5.86" NOx="20.31" PMx="1.23" fuel="19.43" electricity="0.00" noise="89.11" route="routebottom" type="cfm_slow" waiting="0.00" lane="right_0" pos="47.79" speed="41.91" angle="278.55" x="68.23" y="128.81"/>
        <vehicle id="cfm_slow_1" eclass="HBEFA3/PC_G_EU4" CO2="49964.80" CO="1136.64" HC="6.44" NOx="22.56" PMx="1.35" fuel="21.48" electricity="0.00" noise="90.92" route="routetop" type="cfm_slow" waiting="0.00" lane="top_0" pos="35.88" speed="42.15" angle="210.02" x="4.67" y="91.71"/>
        <vehicle id="cfm_slow_2" eclass="HBEFA3/PC_G_EU4" CO2="57742.66" CO="1308.63" HC="7.42" NOx="26.21" PMx="1.56" fuel="24.82" electricity="0.00" noise="93.84" route="routetop" type="cfm_slow" waiting="0.00" lane="left_0" pos="24.23" speed="42.81" angle="140.89" x="16.38" y="18.62"/>
        <vehicle id="cfm_slow_3" eclass="HBEFA3/PC_G_EU4" CO2="59711.19" CO="1373.15" HC="7.77" NOx="27.12" PMx="1.62" fuel="25.67" electricity="0.00" noise="94.41" route="routebottom" type="cfm_slow" waiting="0.00" lane="bottom_0" pos="13.29" speed="44.10" angle="70.61" x="90.15" y="3.97"/>
        <vehicle id="cfm_slow_4" eclass="HBEFA3/PC_G_EU4" CO2="39235.49" CO="975.23" HC="5.45" NOx="17.44" PMx="1.10" fuel="16.87" electricity="0.00" noise="87.09" route="routebottom" type="cfm_slow" waiting="0.00" lane="right_0" pos="3.69" speed="45.30" angle="357.87" x="128.53" y="71.23"/>
    </timestep>
    <timestep time="3.91">
        <vehicle id="cfm_slow_0" eclass="HBEFA3/PC_G_EU4" CO2="44995.02" CO="1030.72" HC="5.84" NOx="20.22" PMx="1.22" fuel="19.34" electricity="0.00" noise="89.03" route="routebottom" type="cfm_slow" waiting="0.00" lane="right_0" pos="48.21" speed="41.94" angle="277.74" x="67.37" y="128.86"/>
        <vehicle id="cfm_slow_1" eclass="HBEFA3/PC_G_EU4" CO2="49789.84" CO="1133.66" HC="6.43" NOx="22.47" PMx="1.35" fuel="21.40" electricity="0.00" noise="90.85" route="routetop" type="cfm_slow" waiting="0.00" lane="top_0" pos="36.30" speed="42.18" angle="209.23" x="4.32" y="90.92"/>
        <vehicle id="cfm_slow_2" eclass="HBEFA3/PC_G_EU4" CO2="57517.90" CO="1304.75" HC="7.40" NOx="26.11" PMx="1.56" fuel="24.72" electricity="0.00" noise="93.75" route="routetop" type="cfm_slow" waiting="0.00" lane="left_0" pos="24.66" speed="42.85" angle="140.15" x="16.99" y="17.99"/>
        <vehicle id="cfm_slow_3" eclass="HBEFA3/PC_G_EU4" CO2="59272.46" CO="1364.90" HC="7.72" NOx="26.91" PMx="1.61" fuel="25.48" electricity="0.00" noise="94.24" route="routebottom" type="cfm_slow" waiting="0.00" lane="bottom_0" pos="13.73" speed="44.14" angle="69.80" x="90.97" y="4.34"/>
        <vehicle id="cfm_slow_4" eclass="HBEFA3/PC_G_EU4" CO2="38753.38" CO="965.74" HC="5.39" NOx="17.21" PMx="1.09" fuel="16.66" electricity="0.00" noise="86.94" route="routebottom" type="cfm_slow" waiting="0.00" lane="right_0" pos="4.14" speed="45.32" angle="357.08" x="128.41" y="72.15"/>
    </timestep>
    <timestep time="3.92">
        <vehicle id="cfm_slow_0" eclass="HBEFA3/PC_G_EU4" CO2="44791.52" CO="1027.06" HC="5.82" NOx="20.12" PMx="1.22" fuel="19.25" electricity="0.00" noise="88.95" route="routebottom" type="cfm_slow" waiting="0.00" lane="right_0" pos="48.63" speed="41.97" angle="276.95" x="66.51" y="128.91"/>
        <vehicle id="cfm_slow_1" eclass="HBEFA3/PC_G_EU4" CO2="49616.33" CO="1130.70" HC="6.41" NOx="22.39" PMx="1.35" fuel="21.33" electricity="0.00" noise="90.78" route="routetop" type="cfm_slow" waiting="0.00" lane="top_0" pos="36.72" speed="42.22" angle="208.43" x="3.96" y="90.13"/>
        <vehicle id="cfm_slow_2" eclass="HBEFA3/PC_G_EU4" CO2="57292.99" CO="1300.87" HC="7.38" NOx="26.00" PMx="1.55" fuel="24.63" electricity="0.00" noise="93.66" route="routetop" type="cfm_slow" waiting="0.00" lane="left_0" pos="25.09" speed="42.89" angle="139.35" x="17.61" y="17.37"/>
        <vehicle id="cfm_slow_3" eclass="HBEFA3/PC_G_EU4" CO2="58834.84" CO="1356.67" HC="7.67" NOx="26.70" PMx="1.60" fuel="25.29" electricity="0.00" noise="94.07" route="routebottom" type="cfm_slow" waiting="0.00" lane="bottom_0" pos="14.17" speed="44.18" angle="69.04" x="91.80" y="4.72"/>
        <vehicle id="cfm_slow_4" eclass="HBEFA3/PC_G_EU4" CO2="38278.10" CO="956.39" HC="5.34" NOx="16.98" PMx="1.08" fuel="16.45" electricity="0.00" noise="86.78" route="routebottom" type="cfm_slow" waiting="0.00" lane="right_0" pos="4.59" speed="45.34" angle="356.26" x="128.28" y="73.07"/>
    </timestep>
    <timestep time="3.93">
        <vehicle id="cfm_slow_0" eclass="HBEFA3/PC_G_EU4" CO2="44590.20" CO="1023.45" HC="5.79" NOx="20.02" PMx="1.21" fuel="19.17" electricity="0.00" noise="88.88" route="routebottom" type="cfm_slow" waiting="0.00" lane="right_0" pos="49.05" speed="42.00" angle="276.22" x="65.65" y="128.93"/>
        <vehicle id="cfm_slow_1" eclass="HBEFA3/PC_G_EU4" CO2="49444.25" CO="1127.77" HC="6.39" NOx="22.31" PMx="1.34" fuel="21.25" electricity="0.00" noise="90.71" route="routetop" type="cfm_slow" waiting="0.00" lane="top_0" pos="37.15" speed="42.25" angle="207.68" x="3.61" y="89.34"/>
        <vehicle id="cfm_slow_2" eclass="HBEFA3/PC_G_EU4" CO2="57067.95" CO="1296.97" HC="7.35" NOx="25.89" PMx="1.55" fuel="24.53" electricity="0.00" noise="93.56" route="routetop" type="cfm_slow" waiting="0.00" lane="left_0" pos="25.52" speed="42.93" angle="138.55" x="18.24" y="16.74"/>
        <vehicle id="cfm_slow_3" eclass="HBEFA3/PC_G_EU4" CO2="58398.35" CO="1348.45" HC="7.62" NOx="26.50" PMx="1.59" fuel="25.10" electricity="0.00" noise="93.90" route="routebottom" type="cfm_slow" waiting="0.00" lane="bottom_0" pos="14.61" speed="44.22" angle="68.21" x="92.61" y="5.12"/>
        <vehicle id="cfm_slow_4" eclass="HBEFA3/PC_G_EU4" CO2="37809.59" CO="947.17" HC="5.29" NOx="16.76" PMx="1.06" fuel="16.25" electricity="0.00" noise="86.63" route="routebottom" type="cfm_slow" waiting="0.00" lane="right_0" pos="5.05" speed="45.36" angle="355.42" x="128.15" y="73.99"/>
    </timestep>
    <timestep time="3.94">
        <vehicle id="cfm_slow_0" eclass="HBEFA3/PC_G_EU4" CO2="44391.07" CO="1019.88" HC="5.77" NOx="19.93" PMx="1.21" fuel="19.08" electricity="0.00" noise="88.80" route="routebottom" type="cfm_slow" waiting="0.00" lane="right_0" pos="49.47" speed="42.03" angle="275.45" x="64.78" y="128.95"/>
        <vehicle id="cfm_slow_1" eclass="HBEFA3/PC_G_EU4" CO2="49273.57" CO="1124.86" HC="6.37" NOx="22.23" PMx="1.34" fuel="21.18" electricity="0.00" noise="90.64" route="routetop" type="cfm_slow" waiting="0.00" lane="top_0" pos="37.57" speed="42.29" angle="206.90" x="3.28" y="88.53"/>
        <vehicle id="cfm_slow_2" eclass="HBEFA3/PC_G_EU4" CO2="56842.75" CO="1293.07" HC="7.33" NOx="25.79" PMx="1.54" fuel="24.43" electricity="0.00" noise="93.47" route="routetop" type="cfm_slow" waiting="0.00" lane="left_0" pos="25.94" speed="42.98" angle="137.82" x="18.88" y="16.14"/>
        <vehicle id="cfm_slow_3" eclass="HBEFA3/PC_G_EU4" CO2="57963.06" CO="1340.25" HC="7.57" NOx="26.29" PMx="1.58" fuel="24.92" electricity="0.00" noise="93.73" route="routebottom" type="cfm_slow" waiting="0.00" lane="bottom_0" pos="15.05" speed="44.26" angle="67.38" x="93.42" y="5.53"/>
        <vehicle id="cfm_slow_4" eclass="HBEFA3/PC_G_EU4" CO2="37347.77" CO="938.08" HC="5.23" NOx="16.54" PMx="1.05" fuel="16.05" electricity="0.00" noise="86.49" route="routebottom" type="cfm_slow" waiting="0.00" lane="right_0" pos="5.50" speed="45.39" angle="354.62" x="127.99" y="74.91"/>
    </timestep>
    <timestep time="3.95">
        <vehicle id="cfm_slow_0" eclass="HBEFA3/PC_G_EU4" CO2="44194.09" CO="1016.36" HC="5.75" NOx="19.84" PMx="1.20" fuel="19.00" electricity="0.00" noise="88.73" route="routebottom" type="cfm_slow" waiting="0.00" lane="right_0" pos="49.89" speed="42.06" angle="274.67" x="63.92" y="128.97"/>
        <vehicle id="cfm_slow_1" eclass="HBEFA3/PC_G_EU4" CO2="49104.27" CO="1121.99" HC="6.36" NOx="22.15" PMx="1.33" fuel="21.11" electricity="0.00" noise="90.57" route="routetop" type="cfm_slow" waiting="0.00" lane="top_0" pos="37.99" speed="42.32" angle="206.10" x="2.96" y="87.73"/>
        <vehicle id="cfm_slow_2" eclass="HBEFA3/PC_G_EU4" CO2="56617.41" CO="1289.17" HC="7.31" NOx="25.68" PMx="1.53" fuel="24.34" electricity="0.00" noise="93.38" route="routetop" type="cfm_slow" waiting="0.00" lane="left_0" pos="26.38" speed="43.02" angle="137.02" x="19.53" y="15.54"/>
        <vehicle id="cfm_slow_3" eclass="HBEFA3/PC_G_EU4" CO2="57529.00" CO="1332.07" HC="7.53" NOx="26.09" PMx="1.57" fuel="24.73" electricity="0.00" noise="93.57" route="routebottom" type="cfm_slow" waiting="0.00" lane="bottom_0" pos="15.50" speed="44.30" angle="66.63" x="94.23" y="5.94"/>
        <vehicle id="cfm_slow_4" eclass="HBEFA3/PC_G_EU4" CO2="36892.59" CO="929.12" HC="5.18" NOx="16.33" PMx="1.04" fuel="15.86" electricity="0.00" noise="86.34" route="routebottom" type="cfm_slow" waiting="0.00" lane="right_0" pos="5.95" speed="45.41" angle="353.78" x="127.82" y="75.83"/>
    </timestep>
    <timestep time="3.96">
        <vehicle id="cfm_slow_0" eclass="HBEFA3/PC_G_EU4" CO2="43999.26" CO="1012.87" HC="5.73" NOx="19.74" PMx="1.20" fuel="18.91" electricity="0.00" noise="88.65" route="routetop" type="cfm_slow" waiting="0.00" lane="top_0" pos="0.31" speed="42.09" angle="273.93" x="63.00" y="128.96"/>
        <vehicle id="cfm_slow_1" eclass="HBEFA3/PC_G_EU4" CO2="48936.32" CO="1119.13" HC="6.34" NOx="22.07" PMx="1.33" fuel="21.04" electricity="0.00" noise="90.51" route="routetop" type="cfm_slow" waiting="0.00" lane="top_0" pos="38.42" speed="42.35" angle="205.33" x="2.64" y="86.92"/>
        <vehicle id="cfm_slow_2" eclass="HBEFA3/PC_G_EU4" CO2="56391.93" CO="1285.26" HC="7.28" NOx="25.57" PMx="1.53" fuel="24.24" electricity="0.00" noise="93.29" route="routetop" type="cfm_slow" waiting="0.00" lane="left_0" pos="26.81" speed="43.06" angle="136.23" x="20.17" y="14.94"/>
        <vehicle id="cfm_slow_3" eclass="HBEFA3/PC_G_EU4" CO2="57096.22" CO="1323.91" HC="7.48" NOx="25.88" PMx="1.56" fuel="24.54" electricity="0.00" noise="93.40" route="routebottom" type="cfm_slow" waiting="0.00" lane="bottom_0" pos="15.94" speed="44.34" angle="65.82" x="95.02" y="6.38"/>
        <vehicle id="cfm_slow_4" eclass="HBEFA3/PC_G_EU4" CO2="36444.00" CO="920.29" HC="5.13" NOx="16.12" PMx="1.03" fuel="15.67" electricity="0.00" noise="86.20" route="routebottom" type="cfm_slow" waiting="0.00" lane="right_0" pos="6.41" speed="45.43" angle="353.00" x="127.66" y="76.74"/>
    </timestep>
    <timestep time="3.97">
        <vehicle id="cfm_slow_0" eclass="HBEFA3/PC_G_EU4" CO2="43806.55" CO="1009.42" HC="5.71" NOx="19.65" PMx="1.19" fuel="18.83" electricity="0.00" noise="88.58" route="routetop" type="cfm_slow" waiting="0.00" lane="top_0" pos="0.73" speed="42.12" angle="273.16" x="62.14" y="128.94"/>
        <vehicle id="cfm_slow_1" eclass="HBEFA3/PC_G_EU4" CO2="48769.70" CO="1116.31" HC="6.32" NOx="21.99" PMx="1.32" fuel="20.96" electricity="0.00" noise="90.44" route="routetop" type="cfm_slow" waiting="0.00" lane="top_0" pos="38.84" speed="42.39" angle="204.58" x="2.34" y="86.10"/>
        <vehicle id="cfm_slow_2" eclass="HBEFA3/PC_G_EU4" CO2="56166.31" CO="1281.34" HC="7.26" NOx="25.47" PMx="1.52" fuel="24.14" electricity="0.00" noise="93.20" route="routetop" type="cfm_slow" waiting="0.00" lane="left_0" pos="27.24" speed="43.09" angle="135.49" x="20.84" y="14.36"/>
        <vehicle id="cfm_slow_3" eclass="HBEFA3/PC_G_EU4" CO2="56664.77" CO="1315.78" HC="7.43" NOx="25.68" PMx="1.55" fuel="24.36" electricity="0.00" noise="93.24" route="routebottom" type="cfm_slow" waiting="0.00" lane="bottom_0" pos="16.38" speed="44.38" angle="65.02" x="95.82" y="6.82"/>
        <vehicle id="cfm_slow_4" eclass="HBEFA3/PC_G_EU4" CO2="36001.93" CO="911.58" HC="5.08" NOx="15.91" PMx="1.02" fuel="15.48" electricity="0.00" noise="86.07" route="routebottom" type="cfm_slow" waiting="0.00" lane="right_0" pos="6.86" speed="45.44" angle="352.13" x="127.45" y="77.65"/>
    </timestep>
    <timestep time="3.98">
        <vehicle id="cfm_slow_0" eclass="HBEFA3/PC_G_EU4" CO2="43615.94" CO="1006.02" HC="5.69" NOx="19.56" PMx="1.19" fuel="18.75" electricity="0.00" noise="88.51" route="routetop" type="cfm_slow" waiting="0.00" lane="top_0" pos="1.15" speed="42.15" angle="272.39" x="61.27" y="128.92"/>
        <vehicle id="cfm_slow_1" eclass="HBEFA3/PC_G_EU4" CO2="48604.39" CO="1113.50" HC="6.31" NOx="21.91" PMx="1.32" fuel="20.89" electricity="0.00" noise="90.38" route="routetop" type="cfm_slow" waiting="0.00" lane="top_0" pos="39.26" speed="42.42" angle="203.81" x="2.05" y="85.29"/>
        <vehicle id="cfm_slow_2" eclass="HBEFA3/PC_G_EU4" CO2="55940.54" CO="1277.41" HC="7.24" NOx="25.36" PMx="1.52" fuel="24.05" electricity="0.00" noise="93.11" route="routetop" type="cfm_slow" waiting="0.00" lane="left_0" pos="27.67" speed="43.13" angle="134.69" x="21.51" y="13.79"/>
        <vehicle id="cfm_slow_3" eclass="HBEFA3/PC_G_EU4" CO2="56234.67" CO="1307.66" HC="7.38" NOx="25.47" PMx="1.54" fuel="24.17" electricity="0.00" noise="93.08" route="routebottom" type="cfm_slow" waiting="0.00" lane="bottom_0" pos="16.83" speed="44.41" angle="64.24" x="96.61" y="7.28"/>
        <vehicle id="cfm_slow_4" eclass="HBEFA3/PC_G_EU4" CO2="35566.32" CO="903.00" HC="5.03" NOx="15.70" PMx="1.01" fuel="15.29" electricity="0.00" noise="85.93" route="routebottom" type="cfm_slow" waiting="0.00" lane="right_0" pos="7.32" speed="45.46" angle="351.25" x="127.24" y="78.56"/>
    </timestep>
    <timestep time="3.99">
        <vehicle id="cfm_slow_0" eclass="HBEFA3/PC_G_EU4" CO2="43427.43" CO="1002.65" HC="5.67" NOx="19.47" PMx="1.18" fuel="18.67" electricity="0.00" noise="88.44" route="routetop" type="cfm_slow" waiting="0.00" lane="top_0" pos="1.57" speed="42.18" angle="271.66" x="60.41" y="128.88"/>
        <vehicle id="cfm_slow_1" eclass="HBEFA3/PC_G_EU4" CO2="48440.35" CO="1110.72" HC="6.29" NOx="21.83" PMx="1.32" fuel="20.82" electricity="0.00" noise="90.31" route="routetop" type="cfm_slow" waiting="0.00" lane="top_0" pos="39.69" speed="42.46" angle="203.07" x="1.75" y="84.47"/>
        <vehicle id="cfm_slow_2" eclass="HBEFA3/PC_G_EU4" CO2="55714.64" CO="1273.48" HC="7.21" NOx="25.25" PMx="1.51" fuel="23.95" electricity="0.00" noise="93.02" route="routetop" type="cfm_slow" waiting="0.00" lane="left_0" pos="28.10" speed="43.17" angle="133.90" x="22.19" y="13.22"/>
        <vehicle id="cfm_slow_3" eclass="HBEFA3/PC_G_EU4" CO2="55805.98" CO="1299.56" HC="7.34" NOx="25.27" PMx="1.53" fuel="23.99" electricity="0.00" noise="92.92" route="routebottom" type="cfm_slow" waiting="0.00" lane="bottom_0" pos="17.27" speed="44.45" angle="63.40" x="97.39" y="7.75"/>
        <vehicle id="cfm_slow_4" eclass="HBEFA3/PC_G_EU4" CO2="35137.11" CO="894.55" HC="4.98" NOx="15.50" PMx="1.00" fuel="15.10" electricity="0.00" noise="85.80" route="routebottom" type="cfm_slow" waiting="0.00" lane="right_0" pos="7.77" speed="45.48" angle="350.46" x="127.03" y="79.47"/>
    </timestep>
    <timestep time="4.00">
        <vehicle id="cfm_slow_0" eclass="HBEFA3/PC_G_EU4" CO2="43240.98" CO="999.33" HC="5.65" NOx="19.38" PMx="1.18" fuel="18.59" electricity="0.00" noise="88.37" route="routetop" type="cfm_slow" waiting="0.00" lane="top_0" pos="1.99" speed="42.21" angle="270.90" x="59.54" y="128.83"/>
        <vehicle id="cfm_slow_1" eclass="HBEFA3/PC_G_EU4" CO2="48277.57" CO="1107.97" HC="6.27" NOx="21.75" PMx="1.31" fuel="20.75" electricity="0.00" noise="90.25" route="routetop" type="cfm_slow" waiting="0.00" lane="top_0" pos="40.11" speed="42.49" angle="202.30" x="1.49" y="83.64"/>
        <vehicle id="cfm_slow_2" eclass="HBEFA3/PC_G_EU4" CO2="55488.60" CO="1269.54" HC="7.19" NOx="25.14" PMx="1.51" fuel="23.85" electricity="0.00" noise="92.92" route="routetop" type="cfm_slow" waiting="0.00" lane="left_0" pos="28.53" speed="43.21" angle="133.15" x="22.88" y="12.66"/>
        <vehicle id="cfm_slow_3" eclass="HBEFA3/PC_G_EU4" CO2="55378.74" CO="1291.49" HC="7.29" NOx="25.07" PMx="1.52" fuel="23.80" electricity="0.00" noise="92.75" route="routebottom" type="cfm_slow" waiting="0.00" lane="bottom_0" pos="17.72" speed="44.49" angle="62.56" x="98.17" y="8.22"/>
        <vehicle id="cfm_slow_4" eclass="HBEFA3/PC_G_EU4" CO2="34714.24" CO="886.21" HC="4.93" NOx="15.30" PMx="0.98" fuel="14.92" electricity="0.00" noise="85.67" route="routebottom" type="cfm_slow" waiting="0.00" lane="right_0" pos="8.23" speed="45.50" angle="349.65" x="126.79" y="80.37"/>
    </timestep>
    <timestep time="4.01">
        <vehicle id="cfm_slow_0" eclass="HBEFA3/PC_G_EU4" CO2="43056.58" CO="996.04" HC="5.63" NOx="19.30" PMx="1.17" fuel="18.51" electricity="0.00" noise="88.30" route="routetop" type="cfm_slow" waiting="0.00" lane="top_0" pos="2.42" speed="42.24" angle="270.13" x="58.68" y="128.79"/>
        <vehicle id="cfm_slow_1" eclass="HBEFA3/PC_G_EU4" CO2="48116.01" CO="1105.23" HC="6.26" NOx="21.68" PMx="1.31" fuel="20.68" electricity="0.00" noise="90.19" route="routetop" type="cfm_slow" waiting="0.00" lane="top_0" pos="40.54" speed="42.52" angle="201.51" x="1.23" y="82.80"/>
        <vehicle id="cfm_slow_2" eclass="HBEFA3/PC_G_EU4" CO2="55262.42" CO="1265.60" HC="7.17" NOx="25.04" PMx="1.50" fuel="23.75" electricity="0.00" noise="92.83" route="routetop" type="cfm_slow" waiting="0.00" lane="left_0" pos="28.96" speed="43.25" angle="132.35" x="23.58" y="12.12"/>
        <vehicle id="cfm_slow_3" eclass="HBEFA3/PC_G_EU4" CO2="54952.97" CO="1283.44" HC="7.24" NOx="24.87" PMx="1.50" fuel="23.62" electricity="0.00" noise="92.60" route="routebottom" type="cfm_slow" waiting="0.00" lane="bottom_0" pos="18.16" speed="44.52" angle="61.78" x="98.94" y="8.71"/>
        <vehicle id="cfm_slow_4" eclass="HBEFA3/PC_G_EU4" CO2="34297.65" CO="878.00" HC="4.88" NOx="15.10" PMx="0.97" fuel="14.74" electricity="0.00" noise="85.55" route="routebottom" type="cfm_slow" waiting="0.00" lane="right_0" pos="8.68" speed="45.52" angle="348.83" x="126.55" y="81.27"/>
    </timestep>
    <timestep time="4.02">
        <vehicle id="cfm_slow_0" eclass="HBEFA3/PC_G_EU4" CO2="42874.21" CO="992.79" HC="5.61" NOx="19.21" PMx="1.17" fuel="18.43" electricity="0.00" noise="88.23" route="routetop" type="cfm_slow" waiting="0.00" lane="top_0" pos="2.84" speed="42.27" angle="269.41" x="57.82" y="128.71"/>
        <vehicle id="cfm_slow_1" eclass="HBEFA3/PC_G_EU4" CO2="47955.66" CO="1102.52" HC="6.24" NOx="21.60" PMx="1.30" fuel="20.61" electricity="0.00" noise="90.12" route="routetop" type="cfm_slow" waiting="0.00" lane="top_0" pos="40.96" speed="42.56" angle="200.74" x="0.97" y="81.97"/>
        <vehicle id="cfm_slow_2" eclass="HBEFA3/PC_G_EU4" CO2="55036.11" CO="1261.65" HC="7.14" NOx="24.93" PMx="1.50" fuel="23.66" electricity="0.00" noise="92.74" route="routetop" type="cfm_slow" waiting="0.00" lane="left_0" pos="29.40" speed="43.29" angle="131.57" x="24.28" y="11.57"/>
        <vehicle id="cfm_slow_3" eclass="HBEFA3/PC_G_EU4" CO2="54528.73" CO="1275.41" HC="7.19" NOx="24.67" PMx="1.49" fuel="23.44" electricity="0.00" noise="92.44" route="routebottom" type="cfm_slow" waiting="0.00" lane="bottom_0" pos="18.61" speed="44.56" angle="60.94" x="99.70" y="9.21"/>
        <vehicle id="cfm_slow_4" eclass="HBEFA3/PC_G_EU4" CO2="33887.29" CO="869.91" HC="4.84" NOx="14.91" PMx="0.96" fuel="14.57" electricity="0.00" noise="85.43" route="routebottom" type="cfm_slow" waiting="0.00" lane="right_0" pos="9.14" speed="45.54" angle="348.07" x="126.29" y="82.17"/>
    </timestep>
    <timestep time="4.03">
        <vehicle id="cfm_slow_0" eclass="HBEFA3/PC_G_EU4" CO2="42693.85" CO="989.58" HC="5.59" NOx="19.12" PMx="1.17" fuel="18.35" electricity="0.00" noise="88.17" route="routetop" type="cfm_slow" waiting="0.00" lane="top_0" pos="3.26" speed="42.30" angle="268.64" x="56.95" y="128.62"/>
        <vehicle id="cfm_slow_1" eclass="HBEFA3/PC_G_EU4" CO2="47796.50" CO="1099.83" HC="6.22" NOx="21.53" PMx="1.30" fuel="20.55" electricity="0.00" noise="90.06" route="routetop" type="cfm_slow" waiting="0.00" lane="top_0" pos="41.39" speed="42.59" angle="199.99" x="0.74" y="81.13"/>
        <vehicle id="cfm_slow_2" eclass="HBEFA3/PC_G_EU4" CO2="54809.68" CO="1257.69" HC="7.12" NOx="24.82" PMx="1.49" fuel="23.56" electricity="0.00" noise="92.65" route="routetop" type="cfm_slow" waiting="0.00" lane="left_0" pos="29.83" speed="43.33" angle="130.81" x="25.00" y="11.04"/>
        <vehicle id="cfm_slow_3" eclass="HBEFA3/PC_G_EU4" CO2="54106.06" CO="1267.41" HC="7.15" NOx="24.47" PMx="1.48" fuel="23.26" electricity="0.00" noise="92.28" route="routebottom" type="cfm_slow" waiting="0.00" lane="bottom_0" pos="19.06" speed="44.60" angle="60.10" x="100.46" y="9.72"/>
        <vehicle id="cfm_slow_4" eclass="HBEFA3/PC_G_EU4" CO2="33483.09" CO="861.94" HC="4.79" NOx="14.72" PMx="0.95" fuel="14.39" electricity="0.00" noise="85.31" route="routebottom" type="cfm_slow" waiting="0.00" lane="right_0" pos="9.59" speed="45.55" angle="347.24" x="126.02" y="83.06"/>
    </timestep>
    <timestep time="4.04">
        <vehicle id="cfm_slow_0" eclass="HBEFA3/PC_G_EU4" CO2="42515.49" CO="986.41" HC="5.58" NOx="19.04" PMx="1.16" fuel="18.28" electricity="0.00" noise="88.10" route="routetop" type="cfm_slow" waiting="0.00" lane="top_0" pos="3.69" speed="42.32" angle="267.87" x="56.09" y="128.53"/>
        <vehicle id="cfm_slow_1" eclass="HBEFA3/PC_G_EU4" CO2="47638.49" CO="1097.16" HC="6.21" NOx="21.45" PMx="1.30" fuel="20.48" electricity="0.00" noise="90.00" route="routetop" type="cfm_slow" waiting="0.00" lane="top_0" pos="41.82" speed="42.62" angle="199.20" x="0.51" y="80.28"/>
        <vehicle id="cfm_slow_2" eclass="HBEFA3/PC_G_EU4" CO2="54583.12" CO="1253.73" HC="7.09" NOx="24.71" PMx="1.48" fuel="23.46" electricity="0.00" noise="92.56" route="routetop" type="cfm_slow" waiting="0.00" lane="left_0" pos="30.26" speed="43.37" angle="130.00" x="25.72" y="10.53"/>
        <vehicle id="cfm_slow_3" eclass="HBEFA3/PC_G_EU4" CO2="53684.97" CO="1259.43" HC="7.10" NOx="24.27" PMx="1.47" fuel="23.08" electricity="0.00" noise="92.12" route="routebottom" type="cfm_slow" waiting="0.00" lane="bottom_0" pos="19.50" speed="44.63" angle="59.33" x="101.21" y="10.25"/>
        <vehicle id="cfm_slow_4" eclass="HBEFA3/PC_G_EU4" CO2="33084.99" CO="854.09" HC="4.75" NOx="14.53" PMx="0.94" fuel="14.22" electricity="0.00" noise="85.19" route="routebottom" type="cfm_slow" waiting="0.00" lane="right_0" pos="10.05" speed="45.57" angle="346.41" x="125.74" y="83.95"/>
    </timestep>
    <timestep time="4.05">
        <vehicle id="cfm_slow_0" eclass="HBEFA3/PC_G_EU4" CO2="42339.11" CO="983.28" HC="5.56" NOx="18.95" PMx="1.16" fuel="18.20" electricity="0.00" noise="88.04" route="routetop" type="cfm_slow" waiting="0.00" lane="top_0" pos="4.11" speed="42.35" angle="267.14" x="55.23" y="128.42"/>
        <vehicle id="cfm_slow_1" eclass="HBEFA3/PC_G_EU4" CO2="47481.62" CO="1094.52" HC="6.19" NOx="21.38" PMx="1.29" fuel="20.41" electricity="0.00" noise="89.94" route="routetop" type="cfm_slow" waiting="0.00" lane="top_0" pos="42.24" speed="42.65" angle="198.45" x="0.29" y="79.44"/>
        <vehicle id="cfm_slow_2" eclass="HBEFA3/PC_G_EU4" CO2="54356.44" CO="1249.76" HC="7.07" NOx="24.61" PMx="1.48" fuel="23.37" electricity="0.00" noise="92.48" route="routetop" type="cfm_slow" waiting="0.00" lane="left_0" pos="30.70" speed="43.40" angle="129.22" x="26.44" y="10.01"/>
        <vehicle id="cfm_slow_3" eclass="HBEFA3/PC_G_EU4" CO2="53265.52" CO="1251.49" HC="7.05" NOx="24.07" PMx="1.46" fuel="22.90" electricity="0.00" noise="91.97" route="routebottom" type="cfm_slow" waiting="0.00" lane="bottom_0" pos="19.95" speed="44.67" angle="58.52" x="101.96" y="10.78"/>
        <vehicle id="cfm_slow_4" eclass="HBEFA3/PC_G_EU4" CO2="32692.94" CO="846.36" HC="4.70" NOx="14.34" PMx="0.93" fuel="14.05" electricity="0.00" noise="85.08" route="routebottom" type="cfm_slow" waiting="0.00" lane="right_0" pos="10.50" speed="45.59" angle="345.60" x="125.44" y="84.84"/>
    </timestep>
    <timestep time="4.06">
        <vehicle id="cfm_slow_0" eclass="HBEFA3/PC_G_EU4" CO2="42164.68" CO="980.19" HC="5.54" NOx="18.87" PMx="1.15" fuel="18.12" electricity="0.00" noise="87.97" route="routetop" type="cfm_slow" waiting="0.00" lane="top_0" pos="4.53" speed="42.38" angle="266.36" x="54.37" y="128.30"/>
        <vehicle id="cfm_slow_1" eclass="HBEFA3/PC_G_EU4" CO2="47325.86" CO="1091.89" HC="6.18" NOx="21.30" PMx="1.29" fuel="20.34" electricity="0.00" noise="89.88" route="routetop" type="cfm_slow" waiting="0.00" lane="top_0" pos="42.67" speed="42.69" angle="197.71" x="0.09" y="78.59"/>
        <vehicle id="cfm_slow_2" eclass="HBEFA3/PC_G_EU4" CO2="54129.65" CO="1245.79" HC="7.05" NOx="24.50" PMx="1.47" fuel="23.27" electricity="0.00" noise="92.39" route="routetop" type="cfm_slow" waiting="0.00" lane="left_0" pos="31.13" speed="43.44" angle="128.46" x="27.18" y="9.51"/>
        <vehicle id="cfm_slow_3" eclass="HBEFA3/PC_G_EU4" CO2="52847.74" CO="1243.57" HC="7.01" NOx="23.87" PMx="1.45" fuel="22.72" electricity="0.00" noise="91.81" route="routebottom" type="cfm_slow" waiting="0.00" lane="bottom_0" pos="20.40" speed="44.70" angle="57.71" x="102.70" y="11.31"/>
        <vehicle id="cfm_slow_4" eclass="HBEFA3/PC_G_EU4" CO2="32306.87" CO="838.74" HC="4.66" NOx="14.16" PMx="0.92" fuel="13.89" electricity="0.00" noise="84.96" route="routebottom" type="cfm_slow" waiting="0.00" lane="right_0" pos="10.96" speed="45.60" angle="344.72" x="125.12" y="85.72"/>
    </timestep>
    <timestep time="4.07">
        <vehicle id="cfm_slow_0" eclass="HBEFA3/PC_G_EU4" CO2="41992.19" CO="977.13" HC="5.52" NOx="18.79" PMx="1.15" fuel="18.05" electricity="0.00" noise="87.91" route="routetop" type="cfm_slow" waiting="0.00" lane="top_0" pos="4.96" speed="42.41" angle="265.58" x="53.51" y="128.18"/>
        <vehicle id="cfm_slow_1" eclass="HBEFA3/PC_G_EU4" CO2="47171.19" CO="1089.29" HC="6.16" NOx="21.23" PMx="1.29" fuel="20.28" electricity="0.00" noise="89.82" route="routetop" type="cfm_slow" waiting="0.00" lane="top_0" pos="43.10" speed="42.72" angle="196.94" x="-0.10" y="77.73"/>
        <vehicle id="cfm_slow_2" eclass="HBEFA3/PC_G_EU4" CO2="53902.74" CO="1241.81" HC="7.02" NOx="24.39" PMx="1.47" fuel="23.17" electricity="0.00" noise="92.30" route="routetop" type="cfm_slow" waiting="0.00" lane="left_0" pos="31.57" speed="43.48" angle="127.68" x="27.92" y="9.01"/>
        <vehicle id="cfm_slow_3" eclass="HBEFA3/PC_G_EU4" CO2="52431.66" CO="1235.67" HC="6.96" NOx="23.67" PMx="1.44" fuel="22.54" electricity="0.00" noise="91.66" route="routebottom" type="cfm_slow" waiting="0.00" lane="bottom_0" pos="20.84" speed="44.74" angle="56.94" x="103.43" y="11.87"/>
        <vehicle id="cfm_slow_4" eclass="HBEFA3/PC_G_EU4" CO2="31926.73" CO="831.24" HC="4.61" NOx="13.98" PMx="0.91" fuel="13.72" electricity="0.00" noise="84.85" route="routebottom" type="cfm_slow" waiting="0.00" lane="right_0" pos="11.42" speed="45.62" angle="343.85" x="124.80" y="86.60"/>
    </timestep>
    <timestep time="4.08">
        <vehicle id="cfm_slow_0" eclass="HBEFA3/PC_G_EU4" CO2="41821.63" CO="974.11" HC="5.50" NOx="18.71" PMx="1.14" fuel="17.98" electricity="0.00" noise="87.85" route="routetop" type="cfm_slow" waiting="0.00" lane="top_0" pos="5.38" speed="42.44" angle="264.83" x="52.65" y="128.03"/>
        <vehicle id="cfm_slow_1" eclass="HBEFA3/PC_G_EU4" CO2="47017.59" CO="1086.70" HC="6.14" NOx="21.15" PMx="1.28" fuel="20.21" electricity="0.00" noise="89.76" route="routetop" type="cfm_slow" waiting="0.00" lane="top_0" pos="43.52" speed="42.75" angle="196.19" x="-0.29" y="76.88"/>
        <vehicle id="cfm_slow_2" eclass="HBEFA3/PC_G_EU4" CO2="53675.73" CO="1237.83" HC="7.00" NOx="24.28" PMx="1.46" fuel="23.07" electricity="0.00" noise="92.21" route="routetop" type="cfm_slow" waiting="0.00" lane="left_0" pos="32.00" speed="43.51" angle="126.94" x="28.66" y="8.52"/>
        <vehicle id="cfm_slow_3" eclass="HBEFA3/PC_G_EU4" CO2="52017.32" CO="1227.81" HC="6.92" NOx="23.48" PMx="1.43" fuel="22.36" electricity="0.00" noise="91.51" route="routebottom" type="cfm_slow" waiting="0.00" lane="bottom_0" pos="21.29" speed="44.77" angle="56.13" x="104.15" y="12.44"/>
        <vehicle id="cfm_slow_4" eclass="HBEFA3/PC_G_EU4" CO2="31552.46" CO="823.85" HC="4.57" NOx="13.80" PMx="0.90" fuel="13.56" electricity="0.00" noise="84.75" route="routebottom" type="cfm_slow" waiting="0.00" lane="right_0" pos="11.87" speed="45.63" angle="343.08" x="124.46" y="87.47"/>
    </timestep>
    <timestep time="4.09">
        <vehicle id="cfm_slow_0" eclass="HBEFA3/PC_G_EU4" CO2="41652.96" CO="971.13" HC="5.48" NOx="18.63" PMx="1.14" fuel="17.90" electricity="0.00" noise="87.79" route="routetop" type="cfm_slow" waiting="0.00" lane="top_0" pos="5.81" speed="42.46" angle="264.05" x="51.79" y="127.88"/>
        <vehicle id="cfm_slow_1" eclass="HBEFA3/PC_G_EU4" CO2="46865.04" CO="1084.13" HC="6.13" NOx="21.08" PMx="1.28" fuel="20.15" electricity="0.00" noise="89.71" route="routetop" type="cfm_slow" waiting="0.00" lane="top_0" pos="43.95" speed="42.78" angle="195.43" x="-0.46" y="76.02"/>
        <vehicle id="cfm_slow_2" eclass="HBEFA3/PC_G_EU4" CO2="53448.62" CO="1233.84" HC="6.98" NOx="24.17" PMx="1.46" fuel="22.97" electricity="0.00" noise="92.12" route="routetop" type="cfm_slow" waiting="0.00" lane="left_0" pos="32.44" speed="43.55" angle="126.15" x="29.43" y="8.05"/>
        <vehicle id="cfm_slow_3" eclass="HBEFA3/PC_G_EU4" CO2="51604.75" CO="1219.98" HC="6.87" NOx="23.28" PMx="1.42" fuel="22.18" electricity="0.00" noise="91.36" route="routebottom" type="cfm_slow" waiting="0.00" lane="bottom_0" pos="21.74" speed="44.80" angle="55.34" x="104.88" y="13.00"/>
        <vehicle id="cfm_slow_4" eclass="HBEFA3/PC_G_EU4" CO2="31183.99" CO="816.58" HC="4.53" NOx="13.63" PMx="0.89" fuel="13.40" electricity="0.00" noise="84.64" route="routebottom" type="cfm_slow" waiting="0.00" lane="right_0" pos="12.33" speed="45.65" angle="342.28" x="124.12" y="88.34"/>
    </timestep>
    <timestep time="4.10">
        <vehicle id="cfm_slow_0" eclass="HBEFA3/PC_G_EU4" CO2="41486.17" CO="968.18" HC="5.47" NOx="18.55" PMx="1.14" fuel="17.83" electricity="0.00" noise="87.73" route="routetop" type="cfm_slow" waiting="0.00" lane="top_0" pos="6.23" speed="42.49" angle="263.27" x="50.94" y="127.72"/>
        <vehicle id="cfm_slow_1" eclass="HBEFA3/PC_G_EU4" CO2="46713.51" CO="1081.58" HC="6.11" NOx="21.01" PMx="1.27" fuel="20.08" electricity="0.00" noise="89.65" route="routetop" type="cfm_slow" waiting="0.00" lane="top_0" pos="44.38" speed="42.81" angle="194.64" x="-0.62" y="75.15"/>
        <vehicle id="cfm_slow_2" eclass="HBEFA3/PC_G_EU4" CO2="53221.41" CO="1229.84" HC="6.95" NOx="24.07" PMx="1.45" fuel="22.88" electricity="0.00" noise="92.03" route="routetop" type="cfm_slow" waiting="0.00" lane="left_0" pos="32.87" speed="43.59" angle="125.33" x="30.19" y="7.59"/>
        <vehicle id="cfm_slow_3" eclass="HBEFA3/PC_G_EU4" CO2="51193.97" CO="1212.17" HC="6.82" NOx="23.09" PMx="1.41" fuel="22.01" electricity="0.00" noise="91.21" route="routebottom" type="cfm_slow" waiting="0.00" lane="bottom_0" pos="22.19" speed="44.84" angle="54.55" x="105.58" y="13.59"/>
        <vehicle id="cfm_slow_4" eclass="HBEFA3/PC_G_EU4" CO2="30821.28" CO="809.41" HC="4.49" NOx="13.46" PMx="0.88" fuel="13.25" electricity="0.00" noise="84.54" route="routebottom" type="cfm_slow" waiting="0.00" lane="right_0" pos="12.79" speed="45.66" angle="341.51" x="123.77" y="89.21"/>
    </timestep>
    <timestep time="4.11">
        <vehicle id="cfm_slow_0" eclass="HBEFA3/PC_G_EU4" CO2="41321.25" CO="965.27" HC="5.45" NOx="18.47" PMx="1.13" fuel="17.76" electricity="0.00" noise="87.67" route="routetop" type="cfm_slow" waiting="0.00" lane="top_0" pos="6.66" speed="42.52" angle="262.52" x="50.08" y="127.54"/>
        <vehicle id="cfm_slow_1" eclass="HBEFA3/PC_G_EU4" CO2="46562.98" CO="1079.05" HC="6.10" NOx="20.94" PMx="1.27" fuel="20.02" electricity="0.00" noise="89.59" route="routetop" type="cfm_slow" waiting="0.00" lane="top_0" pos="44.81" speed="42.84" angle="193.87" x="-0.78" y="74.29"/>
        <vehicle id="cfm_slow_2" eclass="HBEFA3/PC_G_EU4" CO2="52994.12" CO="1225.84" HC="6.93" NOx="23.96" PMx="1.45" fuel="22.78" electricity="0.00" noise="91.94" route="routetop" type="cfm_slow" waiting="0.00" lane="left_0" pos="33.31" speed="43.62" angle="124.56" x="30.96" y="7.13"/>
        <vehicle id="cfm_slow_3" eclass="HBEFA3/PC_G_EU4" CO2="50785.03" CO="1204.40" HC="6.78" NOx="22.89" PMx="1.40" fuel="21.83" electricity="0.00" noise="91.06" route="routebottom" type="cfm_slow" waiting="0.00" lane="bottom_0" pos="22.64" speed="44.87" angle="53.73" x="106.28" y="14.19"/>
        <vehicle id="cfm_slow_4" eclass="HBEFA3/PC_G_EU4" CO2="30464.26" CO="802.36" HC="4.45" NOx="13.29" PMx="0.88" fuel="13.10" electricity="0.00" noise="84.44" route="routebottom" type="cfm_slow" waiting="0.00" lane="right_0" pos="13.24" speed="45.68" angle="340.67" x="123.39" y="90.06"/>
    </timestep>
    <timestep time="4.12">
        <vehicle id="cfm_slow_0" eclass="HBEFA3/PC_G_EU4" CO2="41158.17" CO="962.39" HC="5.43" NOx="18.39" PMx="1.13" fuel="17.69" electricity="0.00" noise="87.61" route="routetop" type="cfm_slow" waiting="0.00" lane="top_0" pos="7.08" speed="42.54" angle="261.70" x="49.23" y="127.35"/>
        <vehicle id="cfm_slow_1" eclass="HBEFA3/PC_G_EU4" CO2="46413.44" CO="1076.54" HC="6.08" NOx="20.87" PMx="1.27" fuel="19.95" electricity="0.00" noise="89.53" route="routetop" type="cfm_slow" waiting="0.00" lane="top_0" pos="45.24" speed="42.88" angle="193.13" x="-0.91" y="73.42"/>
        <vehicle id="cfm_slow_2" eclass="HBEFA3/PC_G_EU4" CO2="52766.74" CO="1221.83" HC="6.90" NOx="23.85" PMx="1.44" fuel="22.68" electricity="0.00" noise="91.86" route="routetop" type="cfm_slow" waiting="0.00" lane="left_0" pos="33.75" speed="43.66" angle="123.79" x="31.74" y="6.70"/>
        <vehicle id="cfm_slow_3" eclass="HBEFA3/PC_G_EU4" CO2="50377.95" CO="1196.66" HC="6.73" NOx="22.70" PMx="1.39" fuel="21.66" electricity="0.00" noise="90.92" route="routebottom" type="cfm_slow" waiting="0.00" lane="bottom_0" pos="23.08" speed="44.90" angle="52.98" x="106.98" y="14.78"/>
        <vehicle id="cfm_slow_4" eclass="HBEFA3/PC_G_EU4" CO2="30112.87" CO="795.42" HC="4.40" NOx="13.12" PMx="0.87" fuel="12.94" electricity="0.00" noise="84.34" route="routebottom" type="cfm_slow" waiting="0.00" lane="right_0" pos="13.70" speed="45.69" angle="339.81" x="123.00" y="90.92"/>
    </timestep>
    <timestep time="4.13">
        <vehicle id="cfm_slow_0" eclass="HBEFA3/PC_G_EU4" CO2="40996.92" CO="959.55" HC="5.42" NOx="18.32" PMx="1.12" fuel="17.62" electricity="0.00" noise="87.55" route="routetop" type="cfm_slow" waiting="0.00" lane="top_0" pos="7.51" speed="42.57" angle="260.88" x="48.38" y="127.15"/>
        <vehicle id="cfm_slow_1" eclass="HBEFA3/PC_G_EU4" CO2="46264.85" CO="1074.05" HC="6.07" NOx="20.80" PMx="1.26" fuel="19.89" electricity="0.00" noise="89.48" route="routetop" type="cfm_slow" waiting="0.00" lane="top_0" pos="45.67" speed="42.91" angle="192.34" x="-1.04" y="72.55"/>
        <vehicle id="cfm_slow_2" eclass="HBEFA3/PC_G_EU4" CO2="52539.28" CO="1217.82" HC="6.88" NOx="23.74" PMx="1.43" fuel="22.58" electricity="0.00" noise="91.77" route="routetop" type="cfm_slow" waiting="0.00" lane="left_0" pos="34.18" speed="43.69" angle="123.00" x="32.52" y="6.26"/>
        <vehicle id="cfm_slow_3" eclass="HBEFA3/PC_G_EU4" CO2="49972.75" CO="1188.95" HC="6.69" NOx="22.51" PMx="1.38" fuel="21.48" electricity="0.00" noise="90.77" route="routebottom" type="cfm_slow" waiting="0.00" lane="bottom_0" pos="23.53" speed="44.93" angle="52.17" x="107.66" y="15.41"/>
        <vehicle id="cfm_slow_4" eclass="HBEFA3/PC_G_EU4" CO2="29767.06" CO="788.59" HC="4.37" NOx="12.96" PMx="0.86" fuel="12.80" electricity="0.00" noise="84.25" route="routebottom" type="cfm_slow" waiting="0.00" lane="right_0" pos="14.16" speed="45.71" angle="339.01" x="122.61" y="91.77"/>
    </timestep>
    <timestep time="4.14">
        <vehicle id="cfm_slow_0" eclass="HBEFA3/PC_G_EU4" CO2="40837.48" CO="956.74" HC="5.40" NOx="18.24" PMx="1.12" fuel="17.55" electricity="0.00" noise="87.49" route="routetop" type="cfm_slow" waiting="0.00" lane="top_0" pos="7.93" speed="42.60" angle="260.16" x="47.53" y="126.94"/>
        <vehicle id="cfm_slow_1" eclass="HBEFA3/PC_G_EU4" CO2="46117.20" CO="1071.57" HC="6.05" NOx="20.73" PMx="1.26" fuel="19.82" electricity="0.00" noise="89.42" route="routetop" type="cfm_slow" waiting="0.00" lane="top_0" pos="46.10" speed="42.94" angle="191.59" x="-1.16" y="71.68"/>
        <vehicle id="cfm_slow_2" eclass="HBEFA3/PC_G_EU4" CO2="52311.76" CO="1213.80" HC="6.86" NOx="23.63" PMx="1.43" fuel="22.49" electricity="0.00" noise="91.68" route="routetop" type="cfm_slow" waiting="0.00" lane="left_0" pos="34.62" speed="43.73" angle="122.27" x="33.31" y="5.83"/>
        <vehicle id="cfm_slow_3" eclass="HBEFA3/PC_G_EU4" CO2="49569.48" CO="1181.27" HC="6.64" NOx="22.32" PMx="1.37" fuel="21.31" electricity="0.00" noise="90.63" route="routebottom" type="cfm_slow" waiting="0.00" lane="bottom_0" pos="23.98" speed="44.96" angle="51.37" x="108.34" y="16.03"/>
        <vehicle id="cfm_slow_4" eclass="HBEFA3/PC_G_EU4" CO2="29426.77" CO="781.86" HC="4.33" NOx="12.80" PMx="0.85" fuel="12.65" electricity="0.00" noise="84.16" route="routebottom" type="cfm_slow" waiting="0.00" lane="right_0" pos="14.61" speed="45.72" angle="338.16" x="122.20" y="92.61"/>
    </timestep>
    <timestep time="4.15">
        <vehicle id="cfm_slow_0" eclass="HBEFA3/PC_G_EU4" CO2="40679.82" CO="953.97" HC="5.38" NOx="18.17" PMx="1.12" fuel="17.49" electricity="0.00" noise="87.44" route="routetop" type="cfm_slow" waiting="0.00" lane="top_0" pos="8.36" speed="42.62" angle="259.40" x="46.69" y="126.72"/>
        <vehicle id="cfm_slow_1" eclass="HBEFA3/PC_G_EU4" CO2="45970.48" CO="1069.11" HC="6.04" NOx="20.66" PMx="1.26" fuel="19.76" electricity="0.00" noise="89.37" route="routetop" type="cfm_slow" waiting="0.00" lane="top_0" pos="46.52" speed="42.97" angle="190.82" x="-1.25" y="70.80"/>
        <vehicle id="cfm_slow_2" eclass="HBEFA3/PC_G_EU4" CO2="52084.17" CO="1209.78" HC="6.83" NOx="23.53" PMx="1.42" fuel="22.39" electricity="0.00" noise="91.59" route="routetop" type="cfm_slow" waiting="0.00" lane="left_0" pos="35.06" speed="43.77" angle="121.47" x="34.11" y="5.43"/>
        <vehicle id="cfm_slow_3" eclass="HBEFA3/PC_G_EU4" CO2="49168.16" CO="1173.63" HC="6.60" NOx="22.13" PMx="1.36" fuel="21.14" electricity="0.00" noise="90.48" route="routebottom" type="cfm_slow" waiting="0.00" lane="bottom_0" pos="24.43" speed="45.00" angle="50.60" x="109.01" y="16.66"/>
        <vehicle id="cfm_slow_4" eclass="HBEFA3/PC_G_EU4" CO2="29091.94" CO="775.24" HC="4.29" NOx="12.64" PMx="0.84" fuel="12.51" electricity="0.00" noise="84.07" route="routebottom" type="cfm_slow" waiting="0.00" lane="right_0" pos="15.07" speed="45.73" angle="337.30" x="121.78" y="93.45"/>
    </timestep>
    <timestep time="4.16">
        <vehicle id="cfm_slow_0" eclass="HBEFA3/PC_G_EU4" CO2="40523.93" CO="951.23" HC="5.37" NOx="18.09" PMx="1.11" fuel="17.42" electricity="0.00" noise="87.38" route="routetop" type="cfm_slow" waiting="0.00" lane="top_0" pos="8.79" speed="42.65" angle="258.64" x="45.84" y="126.49"/>
        <vehicle id="cfm_slow_1" eclass="HBEFA3/PC_G_EU4" CO2="45824.65" CO="1066.66" HC="6.02" NOx="20.59" PMx="1.25" fuel="19.70" electricity="0.00" noise="89.31" route="routetop" type="cfm_slow" waiting="0.00" lane="top_0" pos="46.95" speed="43.00" angle="190.01" x="-1.34" y="69.92"/>
        <vehicle id="cfm_slow_2" eclass="HBEFA3/PC_G_EU4" CO2="51856.52" CO="1205.75" HC="6.81" NOx="23.42" PMx="1.42" fuel="22.29" electricity="0.00" noise="91.51" route="routetop" type="cfm_slow" waiting="0.00" lane="left_0" pos="35.50" speed="43.80" angle="120.67" x="34.91" y="5.02"/>
        <vehicle id="cfm_slow_3" eclass="HBEFA3/PC_G_EU4" CO2="48768.81" CO="1166.02" HC="6.55" NOx="21.94" PMx="1.35" fuel="20.96" electricity="0.00" noise="90.34" route="routebottom" type="cfm_slow" waiting="0.00" lane="bottom_0" pos="24.88" speed="45.03" angle="49.75" x="109.66" y="17.32"/>
        <vehicle id="cfm_slow_4" eclass="HBEFA3/PC_G_EU4" CO2="28762.52" CO="768.73" HC="4.25" NOx="12.49" PMx="0.83" fuel="12.36" electricity="0.00" noise="83.98" route="routebottom" type="cfm_slow" waiting="0.00" lane="right_0" pos="15.53" speed="45.75" angle="336.53" x="121.35" y="94.28"/>
    </timestep>
    <timestep time="4.17">
        <vehicle id="cfm_slow_0" eclass="HBEFA3/PC_G_EU4" CO2="40369.79" CO="948.52" HC="5.35" NOx="18.02" PMx="1.11" fuel="17.35" electricity="0.00" noise="87.33" route="routetop" type="cfm_slow" waiting="0.00" lane="top_0" pos="9.21" speed="42.68" angle="257.93" x="45.00" y="126.25"/>
        <vehicle id="cfm_slow_1" eclass="HBEFA3/PC_G_EU4" CO2="45679.70" CO="1064.24" HC="6.01" NOx="20.52" PMx="1.25" fuel="19.64" electricity="0.00" noise="89.26" route="routetop" type="cfm_slow" waiting="0.00" lane="top_0" pos="47.39" speed="43.03" angle="189.24" x="-1.43" y="69.05"/>
        <vehicle id="cfm_slow_2" eclass="HBEFA3/PC_G_EU4" CO2="51628.82" CO="1201.72" HC="6.79" NOx="23.31" PMx="1.41" fuel="22.19" electricity="0.00" noise="91.42" route="routetop" type="cfm_slow" waiting="0.00" lane="left_0" pos="35.93" speed="43.84" angle="119.92" x="35.72" y="4.62"/>
        <vehicle id="cfm_slow_3" eclass="HBEFA3/PC_G_EU4" CO2="48371.46" CO="1158.44" HC="6.51" NOx="21.75" PMx="1.34" fuel="20.79" electricity="0.00" noise="90.20" route="routebottom" type="cfm_slow" waiting="0.00" lane="bottom_0" pos="25.33" speed="45.06" angle="48.90" x="110.32" y="17.97"/>
        <vehicle id="cfm_slow_4" eclass="HBEFA3/PC_G_EU4" CO2="28438.44" CO="762.32" HC="4.21" NOx="12.33" PMx="0.82" fuel="12.22" electricity="0.00" noise="83.89" route="routebottom" type="cfm_slow" waiting="0.00" lane="right_0" pos="15.99" speed="45.76" angle="335.72" x="120.89" y="95.10"/>
    </timestep>
    <timestep time="4.18">
        <vehicle id="cfm_slow_0" eclass="HBEFA3/PC_G_EU4" CO2="40217.38" CO="945.85" HC="5.33" NOx="17.95" PMx="1.10" fuel="17.29" electricity="0.00" noise="87.27" route="routetop" type="cfm_slow" waiting="0.00" lane="top_0" pos="9.64" speed="42.70" angle="257.15" x="44.17" y="125.99"/>
        <vehicle id="cfm_slow_1" eclass="HBEFA3/PC_G_EU4" CO2="45535.61" CO="1061.82" HC="6.00" NOx="20.45" PMx="1.25" fuel="19.57" electricity="0.00" noise="89.21" route="routetop" type="cfm_slow" waiting="0.00" lane="top_0" pos="47.82" speed="43.06" angle="188.48" x="-1.49" y="68.17"/>
        <vehicle id="cfm_slow_2" eclass="HBEFA3/PC_G_EU4" CO2="51401.09" CO="1197.69" HC="6.76" NOx="23.20" PMx="1.41" fuel="22.09" electricity="0.00" noise="91.34" route="routetop" type="cfm_slow" waiting="0.00" lane="left_0" pos="36.37" speed="43.87" angle="119.08" x="36.54" y="4.26"/>
        <vehicle id="cfm_slow_3" eclass="HBEFA3/PC_G_EU4" CO2="47976.14" CO="1150.91" HC="6.47" NOx="21.56" PMx="1.33" fuel="20.62" electricity="0.00" noise="90.06" route="routebottom" type="cfm_slow" waiting="0.00" lane="bottom_0" pos="25.79" speed="45.09" angle="48.12" x="110.96" y="18.64"/>
        <vehicle id="cfm_slow_4" eclass="HBEFA3/PC_G_EU4" CO2="28119.66" CO="756.02" HC="4.18" NOx="12.18" PMx="0.82" fuel="12.09" electricity="0.00" noise="83.81" route="routebottom" type="cfm_slow" waiting="0.00" lane="right_0" pos="16.44" speed="45.77" angle="334.90" x="120.44" y="95.92"/>
    </timestep>
    <timestep time="4.19">
        <vehicle id="cfm_slow_0" eclass="HBEFA3/PC_G_EU4" CO2="40066.69" CO="943.21" HC="5.32" NOx="17.88" PMx="1.10" fuel="17.22" electricity="0.00" noise="87.22" route="routetop" type="cfm_slow" waiting="0.00" lane="top_0" pos="10.07" speed="42.73" angle="256.36" x="43.33" y="125.73"/>
        <vehicle id="cfm_slow_1" eclass="HBEFA3/PC_G_EU4" CO2="45392.36" CO="1059.42" HC="5.98" NOx="20.38" PMx="1.24" fuel="19.51" electricity="0.00" noise="89.15" route="routetop" type="cfm_slow" waiting="0.00" lane="top_0" pos="48.25" speed="43.09" angle="187.68" x="-1.54" y="67.28"/>
        <vehicle id="cfm_slow_2" eclass="HBEFA3/PC_G_EU4" CO2="51173.32" CO="1193.65" HC="6.74" NOx="23.09" PMx="1.40" fuel="22.00" electricity="0.00" noise="91.25" route="routetop" type="cfm_slow" waiting="0.00" lane="left_0" pos="36.81" speed="43.90" angle="118.24" x="37.36" y="3.89"/>
        <vehicle id="cfm_slow_3" eclass="HBEFA3/PC_G_EU4" CO2="47582.87" CO="1143.40" HC="6.42" NOx="21.38" PMx="1.32" fuel="20.45" electricity="0.00" noise="89.92" route="routebottom" type="cfm_slow" waiting="0.00" lane="bottom_0" pos="26.24" speed="45.12" angle="47.29" x="111.59" y="19.31"/>
        <vehicle id="cfm_slow_4" eclass="HBEFA3/PC_G_EU4" CO2="27806.11" CO="749.82" HC="4.14" NOx="12.03" PMx="0.81" fuel="11.95" electricity="0.00" noise="83.73" route="routebottom" type="cfm_slow" waiting="0.00" lane="right_0" pos="16.90" speed="45.79" angle="334.12" x="119.97" y="96.74"/>
    </timestep>
    <timestep time="4.20">
        <vehicle id="cfm_slow_0" eclass="HBEFA3/PC_G_EU4" CO2="39917.68" CO="940.61" HC="5.30" NOx="17.80" PMx="1.10" fuel="17.16" electricity="0.00" noise="87.17" route="routetop" type="cfm_slow" waiting="0.00" lane="top_0" pos="10.49" speed="42.75" angle="255.61" x="42.50" y="125.45"/>
        <vehicle id="cfm_slow_1" eclass="HBEFA3/PC_G_EU4" CO2="45249.93" CO="1057.04" HC="5.97" NOx="20.31" PMx="1.24" fuel="19.45" electricity="0.00" noise="89.10" route="routetop" type="cfm_slow" waiting="0.00" lane="top_0" pos="48.68" speed="43.12" angle="186.93" x="-1.59" y="66.40"/>
        <vehicle id="cfm_slow_2" eclass="HBEFA3/PC_G_EU4" CO2="50945.52" CO="1189.60" HC="6.71" NOx="22.99" PMx="1.39" fuel="21.90" electricity="0.00" noise="91.16" route="routetop" type="cfm_slow" waiting="0.00" lane="left_0" pos="37.25" speed="43.94" angle="117.48" x="38.18" y="3.52"/>
        <vehicle id="cfm_slow_3" eclass="HBEFA3/PC_G_EU4" CO2="47191.67" CO="1135.93" HC="6.38" NOx="21.19" PMx="1.31" fuel="20.29" electricity="0.00" noise="89.79" route="routebottom" type="cfm_slow" waiting="0.00" lane="bottom_0" pos="26.69" speed="45.15" angle="46.47" x="112.22" y="19.99"/>
        <vehicle id="cfm_slow_4" eclass="HBEFA3/PC_G_EU4" CO2="27497.74" CO="743.72" HC="4.10" NOx="11.89" PMx="0.80" fuel="11.82" electricity="0.00" noise="83.65" route="routebottom" type="cfm_slow" waiting="0.00" lane="right_0" pos="17.36" speed="45.80" angle="333.27" x="119.49" y="97.54"/>
    </timestep>
    <timestep time="4.21">
        <vehicle id="cfm_slow_0" eclass="HBEFA3/PC_G_EU4" CO2="39770.36" CO="938.03" HC="5.29" NOx="17.73" PMx="1.09" fuel="17.10" electricity="0.00" noise="87.12" route="routetop" type="cfm_slow" waiting="0.00" lane="top_0" pos="10.92" speed="42.78" angle="254.78" x="41.68" y="125.15"/>
        <vehicle id="cfm_slow_1" eclass="HBEFA3/PC_G_EU4" CO2="45108.30" CO="1054.67" HC="5.95" NOx="20.25" PMx="1.24" fuel="19.39" electricity="0.00" noise="89.05" route="routetop" type="cfm_slow" waiting="0.00" lane="top_0" pos="49.11" speed="43.15" angle="186.14" x="-1.61" y="65.52"/>
        <vehicle id="cfm_slow_2" eclass="HBEFA3/PC_G_EU4" CO2="50717.70" CO="1185.55" HC="6.69" NOx="22.88" PMx="1.39" fuel="21.80" electricity="0.00" noise="91.08" route="routetop" type="cfm_slow" waiting="0.00" lane="left_0" pos="37.69" speed="43.97" angle="116.66" x="39.02" y="3.19"/>
        <vehicle id="cfm_slow_3" eclass="HBEFA3/PC_G_EU4" CO2="46802.58" CO="1128.50" HC="6.34" NOx="21.01" PMx="1.30" fuel="20.12" electricity="0.00" noise="89.65" route="routebottom" type="cfm_slow" waiting="0.00" lane="bottom_0" pos="27.14" speed="45.17" angle="45.69" x="112.83" y="20.69"/>
        <vehicle id="cfm_slow_4" eclass="HBEFA3/PC_G_EU4" CO2="27194.49" CO="737.71" HC="4.07" NOx="11.74" PMx="0.79" fuel="11.69" electricity="0.00" noise="83.57" route="routebottom" type="cfm_slow" waiting="0.00" lane="right_0" pos="17.82" speed="45.81" angle="332.42" x="119.00" y="98.35"/>
    </timestep>
    <timestep time="4.22">
        <vehicle id="cfm_slow_0" eclass="HBEFA3/PC_G_EU4" CO2="39624.68" CO="935.49" HC="5.27" NOx="17.67" PMx="1.09" fuel="17.03" electricity="0.00" noise="87.07" route="routetop" type="cfm_slow" waiting="0.00" lane="top_0" pos="11.35" speed="42.80" angle="253.94" x="40.85" y="124.84"/>
        <vehicle id="cfm_slow_1" eclass="HBEFA3/PC_G_EU4" CO2="44967.46" CO="1052.32" HC="5.94" NOx="20.18" PMx="1.23" fuel="19.33" electricity="0.00" noise="89.00" route="routetop" type="cfm_slow" waiting="0.00" lane="top_0" pos="49.54" speed="43.18" angle="185.32" x="-1.63" y="64.63"/>
        <vehicle id="cfm_slow_2" eclass="HBEFA3/PC_G_EU4" CO2="50489.88" CO="1181.50" HC="6.67" NOx="22.77" PMx="1.38" fuel="21.70" electricity="0.00" noise="90.99" route="routetop" type="cfm_slow" waiting="0.00" lane="left_0" pos="38.13" speed="44.00" angle="115.83" x="39.86" y="2.86"/>
        <vehicle id="cfm_slow_3" eclass="HBEFA3/PC_G_EU4" CO2="46415.60" CO="1121.11" HC="6.29" NOx="20.83" PMx="1.29" fuel="19.95" electricity="0.00" noise="89.52" route="routebottom" type="cfm_slow" waiting="0.00" lane="bottom_0" pos="27.59" speed="45.20" angle="44.83" x="113.43" y="21.39"/>
        <vehicle id="cfm_slow_4" eclass="HBEFA3/PC_G_EU4" CO2="26896.31" CO="731.81" HC="4.04" NOx="11.60" PMx="0.78" fuel="11.56" electricity="0.00" noise="83.49" route="routebottom" type="cfm_slow" waiting="0.00" lane="right_0" pos="18.28" speed="45.82" angle="331.62" x="118.49" y="99.14"/>
    </timestep>
    <timestep time="4.23">
        <vehicle id="cfm_slow_0" eclass="HBEFA3/PC_G_EU4" CO2="39480.65" CO="932.98" HC="5.26" NOx="17.60" PMx="1.09" fuel="16.97" electricity="0.00" noise="87.02" route="routetop" type="cfm_slow" waiting="0.00" lane="top_0" pos="11.78" speed="42.83" angle="253.23" x="40.03" y="124.53"/>
        <vehicle id="cfm_slow_1" eclass="HBEFA3/PC_G_EU4" CO2="44827.38" CO="1049.97" HC="5.92" NOx="20.11" PMx="1.23" fuel="19.27" electricity="0.00" noise="88.95" route="routetop" type="cfm_slow" waiting="0.00" lane="top_0" pos="49.97" speed="43.21" angle="184.55" x="-1.65" y="63.75"/>
        <vehicle id="cfm_slow_2" eclass="HBEFA3/PC_G_EU4" CO2="50262.05" CO="1177.45" HC="6.64" NOx="22.66" PMx="1.38" fuel="21.61" electricity="0.00" noise="90.91" route="routetop" type="cfm_slow" waiting="0.00" lane="left_0" pos="38.57" speed="44.04" angle="115.07" x="40.70" y="2.53"/>
        <vehicle id="cfm_slow_3" eclass="HBEFA3/PC_G_EU4" CO2="46030.77" CO="1113.75" HC="6.25" NOx="20.64" PMx="1.28" fuel="19.79" electricity="0.00" noise="89.38" route="routebottom" type="cfm_slow" waiting="0.00" lane="bottom_0" pos="28.04" speed="45.23" angle="43.97" x="114.03" y="22.10"/>
        <vehicle id="cfm_slow_4" eclass="HBEFA3/PC_G_EU4" CO2="26603.15" CO="726.01" HC="4.00" NOx="11.46" PMx="0.78" fuel="11.44" electricity="0.00" noise="83.42" route="routebottom" type="cfm_slow" waiting="0.00" lane="right_0" pos="18.73" speed="45.83" angle="330.75" x="117.97" y="99.92"/>
    </timestep>
    <timestep time="4.24">
        <vehicle id="cfm_slow_0" eclass="HBEFA3/PC_G_EU4" CO2="39338.23" CO="930.50" HC="5.24" NOx="17.53" PMx="1.08" fuel="16.91" electricity="0.00" noise="86.97" route="routetop" type="cfm_slow" waiting="0.00" lane="top_0" pos="12.21" speed="42.85" angle="252.48" x="39.22" y="124.21"/>
        <vehicle id="cfm_slow_1" eclass="HBEFA3/PC_G_EU4" CO2="44688.05" CO="1047.65" HC="5.91" NOx="20.05" PMx="1.23" fuel="19.21" electricity="0.00" noise="88.89" route="routetop" type="cfm_slow" waiting="0.00" lane="left_0" pos="0.41" speed="43.24" angle="183.75" x="-1.63" y="62.80"/>
        <vehicle id="cfm_slow_2" eclass="HBEFA3/PC_G_EU4" CO2="50034.24" CO="1173.39" HC="6.62" NOx="22.55" PMx="1.37" fuel="21.51" electricity="0.00" noise="90.82" route="routetop" type="cfm_slow" waiting="0.00" lane="left_0" pos="39.01" speed="44.07" angle="114.25" x="41.55" y="2.22"/>
        <vehicle id="cfm_slow_3" eclass="HBEFA3/PC_G_EU4" CO2="45648.11" CO="1106.43" HC="6.21" NOx="20.46" PMx="1.27" fuel="19.62" electricity="0.00" noise="89.25" route="routebottom" type="cfm_slow" waiting="0.00" lane="bottom_0" pos="28.50" speed="45.26" angle="43.18" x="114.61" y="22.82"/>
        <vehicle id="cfm_slow_4" eclass="HBEFA3/PC_G_EU4" CO2="26314.94" CO="720.30" HC="3.97" NOx="11.33" PMx="0.77" fuel="11.31" electricity="0.00" noise="83.35" route="routebottom" type="cfm_slow" waiting="0.00" lane="right_0" pos="19.19" speed="45.84" angle="329.93" x="117.45" y="100.70"/>
    </timestep>
    <timestep time="4.25">
        <vehicle id="cfm_slow_0" eclass="HBEFA3/PC_G_EU4" CO2="39197.41" CO="928.05" HC="5.23" NOx="17.46" PMx="1.08" fuel="16.85" electricity="0.00" noise="86.92" route="routetop" type="cfm_slow" waiting="0.00" lane="top_0" pos="12.64" speed="42.88" angle="251.73" x="38.40" y="123.88"/>
        <vehicle id="cfm_slow_1" eclass="HBEFA3/PC_G_EU4" CO2="44549.44" CO="1045.33" HC="5.90" NOx="19.98" PMx="1.22" fuel="19.15" electricity="0.00" noise="88.84" route="routetop" type="cfm_slow" waiting="0.00" lane="left_0" pos="0.84" speed="43.27" angle="182.96" x="-1.62" y="61.91"/>
        <vehicle id="cfm_slow_2" eclass="HBEFA3/PC_G_EU4" CO2="49806.43" CO="1169.32" HC="6.59" NOx="22.45" PMx="1.37" fuel="21.41" electricity="0.00" noise="90.74" route="routetop" type="cfm_slow" waiting="0.00" lane="left_0" pos="39.45" speed="44.10" angle="113.44" x="42.40" y="1.92"/>
        <vehicle id="cfm_slow_3" eclass="HBEFA3/PC_G_EU4" CO2="45267.63" CO="1099.15" HC="6.16" NOx="20.28" PMx="1.26" fuel="19.46" electricity="0.00" noise="89.12" route="routebottom" type="cfm_slow" waiting="0.00" lane="bottom_0" pos="28.95" speed="45.29" angle="42.34" x="115.19" y="23.56"/>
        <vehicle id="cfm_slow_4" eclass="HBEFA3/PC_G_EU4" CO2="26031.63" CO="714.69" HC="3.94" NOx="11.19" PMx="0.76" fuel="11.19" electricity="0.00" noise="83.27" route="routebottom" type="cfm_slow" waiting="0.00" lane="right_0" pos="19.65" speed="45.85" angle="329.09" x="116.90" y="101.46"/>
    </timestep>
    <timestep time="4.26">
        <vehicle id="cfm_slow_0" eclass="HBEFA3/PC_G_EU4" CO2="39058.17" CO="925.63" HC="5.21" NOx="17.40" PMx="1.08" fuel="16.79" electricity="0.00" noise="86.87" route="routetop" type="cfm_slow" waiting="0.00" lane="top_0" pos="13.06" speed="42.90" angle="250.99" x="37.59" y="123.53"/>
        <vehicle id="cfm_slow_1" eclass="HBEFA3/PC_G_EU4" CO2="44411.55" CO="1043.03" HC="5.88" NOx="19.92" PMx="1.22" fuel="19.09" electricity="0.00" noise="88.79" route="routetop" type="cfm_slow" waiting="0.00" lane="left_0" pos="1.27" speed="43.30" angle="182.21" x="-1.60" y="61.02"/>
        <vehicle id="cfm_slow_2" eclass="HBEFA3/PC_G_EU4" CO2="49578.66" CO="1165.26" HC="6.57" NOx="22.34" PMx="1.36" fuel="21.31" electricity="0.00" noise="90.65" route="routetop" type="cfm_slow" waiting="0.00" lane="left_0" pos="39.90" speed="44.14" angle="112.70" x="43.26" y="1.62"/>
        <vehicle id="cfm_slow_3" eclass="HBEFA3/PC_G_EU4" CO2="44889.36" CO="1091.91" HC="6.12" NOx="20.10" PMx="1.25" fuel="19.30" electricity="0.00" noise="88.99" route="routebottom" type="cfm_slow" waiting="0.00" lane="bottom_0" pos="29.40" speed="45.31" angle="41.52" x="115.76" y="24.29"/>
        <vehicle id="cfm_slow_4" eclass="HBEFA3/PC_G_EU4" CO2="25753.18" CO="709.17" HC="3.90" NOx="11.06" PMx="0.75" fuel="11.07" electricity="0.00" noise="83.21" route="routebottom" type="cfm_slow" waiting="0.00" lane="right_0" pos="20.11" speed="45.86" angle="328.24" x="116.35" y="102.23"/>
    </timestep>
    <timestep time="4.27">
        <vehicle id="cfm_slow_0" eclass="HBEFA3/PC_G_EU4" CO2="38920.50" CO="923.24" HC="5.20" NOx="17.33" PMx="1.07" fuel="16.73" electricity="0.00" noise="86.82" route="routetop" type="cfm_slow" waiting="0.00" lane="top_0" pos="13.49" speed="42.93" angle="250.19" x="36.79" y="123.17"/>
        <vehicle id="cfm_slow_1" eclass="HBEFA3/PC_G_EU4" CO2="44274.35" CO="1040.74" HC="5.87" NOx="19.85" PMx="1.22" fuel="19.03" electricity="0.00" noise="88.74" route="routetop" type="cfm_slow" waiting="0.00" lane="left_0" pos="1.70" speed="43.32" angle="181.43" x="-1.55" y="60.14"/>
        <vehicle id="cfm_slow_2" eclass="HBEFA3/PC_G_EU4" CO2="49350.92" CO="1161.19" HC="6.55" NOx="22.23" PMx="1.35" fuel="21.21" electricity="0.00" noise="90.57" route="routetop" type="cfm_slow" waiting="0.00" lane="left_0" pos="40.34" speed="44.17" angle="111.87" x="44.12" y="1.35"/>
        <vehicle id="cfm_slow_3" eclass="HBEFA3/PC_G_EU4" CO2="44513.31" CO="1084.71" HC="6.08" NOx="19.93" PMx="1.24" fuel="19.13" electricity="0.00" noise="88.86" route="routebottom" type="cfm_slow" waiting="0.00" lane="bottom_0" pos="29.86" speed="45.34" angle="40.75" x="116.31" y="25.04"/>
        <vehicle id="cfm_slow_4" eclass="HBEFA3/PC_G_EU4" CO2="25479.51" CO="703.75" HC="3.87" NOx="10.93" PMx="0.75" fuel="10.95" electricity="0.00" noise="83.14" route="routebottom" type="cfm_slow" waiting="0.00" lane="right_0" pos="20.57" speed="45.87" angle="327.45" x="115.79" y="102.99"/>
    </timestep>
    <timestep time="4.28">
        <vehicle id="cfm_slow_0" eclass="HBEFA3/PC_G_EU4" CO2="38784.37" CO="920.88" HC="5.19" NOx="17.27" PMx="1.07" fuel="16.67" electricity="0.00" noise="86.78" route="routetop" type="cfm_slow" waiting="0.00" lane="top_0" pos="13.92" speed="42.95" angle="249.38" x="35.98" y="122.81"/>
        <vehicle id="cfm_slow_1" eclass="HBEFA3/PC_G_EU4" CO2="44137.83" CO="1038.46" HC="5.85" NOx="19.78" PMx="1.21" fuel="18.97" electricity="0.00" noise="88.69" route="routetop" type="cfm_slow" waiting="0.00" lane="left_0" pos="2.14" speed="43.35" angle="180.64" x="-1.49" y="59.25"/>
        <vehicle id="cfm_slow_2" eclass="HBEFA3/PC_G_EU4" CO2="49123.22" CO="1157.12" HC="6.52" NOx="22.12" PMx="1.35" fuel="21.12" electricity="0.00" noise="90.49" route="routetop" type="cfm_slow" waiting="0.00" lane="left_0" pos="40.78" speed="44.20" angle="111.05" x="44.99" y="1.09"/>
        <vehicle id="cfm_slow_3" eclass="HBEFA3/PC_G_EU4" CO2="44139.51" CO="1077.55" HC="6.04" NOx="19.75" PMx="1.23" fuel="18.97" electricity="0.00" noise="88.74" route="routebottom" type="cfm_slow" waiting="0.00" lane="bottom_0" pos="30.31" speed="45.37" angle="39.93" x="116.85" y="25.79"/>
        <vehicle id="cfm_slow_4" eclass="HBEFA3/PC_G_EU4" CO2="25210.59" CO="698.42" HC="3.84" NOx="10.81" PMx="0.74" fuel="10.84" electricity="0.00" noise="83.07" route="routebottom" type="cfm_slow" waiting="0.00" lane="right_0" pos="21.03" speed="45.88" angle="326.61" x="115.21" y="103.73"/>
    </timestep>
    <timestep time="4.29">
        <vehicle id="cfm_slow_0" eclass="HBEFA3/PC_G_EU4" CO2="38649.76" CO="918.55" HC="5.17" NOx="17.20" PMx="1.07" fuel="16.61" electricity="0.00" noise="86.73" route="routetop" type="cfm_slow" waiting="0.00" lane="top_0" pos="14.35" speed="42.98" angle="248.65" x="35.19" y="122.43"/>
        <vehicle id="cfm_slow_1" eclass="HBEFA3/PC_G_EU4" CO2="44001.97" CO="1036.19" HC="5.84" NOx="19.72" PMx="1.21" fuel="18.91" electricity="0.00" noise="88.65" route="routetop" type="cfm_slow" waiting="0.00" lane="left_0" pos="2.57" speed="43.38" angle="179.89" x="-1.44" y="58.36"/>
        <vehicle id="cfm_slow_2" eclass="HBEFA3/PC_G_EU4" CO2="48895.57" CO="1153.04" HC="6.50" NOx="22.01" PMx="1.34" fuel="21.02" electricity="0.00" noise="90.40" route="routetop" type="cfm_slow" waiting="0.00" lane="left_0" pos="41.22" speed="44.23" angle="110.30" x="45.86" y="0.83"/>
        <vehicle id="cfm_slow_3" eclass="HBEFA3/PC_G_EU4" CO2="43767.97" CO="1070.43" HC="6.00" NOx="19.57" PMx="1.22" fuel="18.81" electricity="0.00" noise="88.61" route="routebottom" type="cfm_slow" waiting="0.00" lane="bottom_0" pos="30.76" speed="45.39" angle="39.17" x="117.40" y="26.55"/>
        <vehicle id="cfm_slow_4" eclass="HBEFA3/PC_G_EU4" CO2="24946.36" CO="693.19" HC="3.81" NOx="10.68" PMx="0.73" fuel="10.72" electricity="0.00" noise="83.01" route="routebottom" type="cfm_slow" waiting="0.00" lane="right_0" pos="21.49" speed="45.89" angle="325.77" x="114.63" y="104.47"/>
    </timestep>
    <timestep time="4.30">
        <vehicle id="cfm_slow_0" eclass="HBEFA3/PC_G_EU4" CO2="38516.66" CO="916.25" HC="5.16" NOx="17.14" PMx="1.06" fuel="16.56" electricity="0.00" noise="86.69" route="routetop" type="cfm_slow" waiting="0.00" lane="top_0" pos="14.78" speed="43.00" angle="247.85" x="34.40" y="122.04"/>
        <vehicle id="cfm_slow_1" eclass="HBEFA3/PC_G_EU4" CO2="43866.76" CO="1033.93" HC="5.83" NOx="19.66" PMx="1.21" fuel="18.86" electricity="0.00" noise="88.60" route="routetop" type="cfm_slow" waiting="0.00" lane="left_0" pos="3.01" speed="43.41" angle="179.10" x="-1.35" y="57.48"/>
        <vehicle id="cfm_slow_2" eclass="HBEFA3/PC_G_EU4" CO2="48667.99" CO="1148.97" HC="6.47" NOx="21.91" PMx="1.34" fuel="20.92" electricity="0.00" noise="90.32" route="routetop" type="cfm_slow" waiting="0.00" lane="left_0" pos="41.66" speed="44.26" angle="109.49" x="46.74" y="0.60"/>
        <vehicle id="cfm_slow_3" eclass="HBEFA3/PC_G_EU4" CO2="43398.71" CO="1063.35" HC="5.95" NOx="19.40" PMx="1.21" fuel="18.66" electricity="0.00" noise="88.49" route="routebottom" type="cfm_slow" waiting="0.00" lane="bottom_0" pos="31.22" speed="45.42" angle="38.34" x="117.92" y="27.32"/>
        <vehicle id="cfm_slow_4" eclass="HBEFA3/PC_G_EU4" CO2="24686.75" CO="688.04" HC="3.78" NOx="10.56" PMx="0.73" fuel="10.61" electricity="0.00" noise="82.95" route="routebottom" type="cfm_slow" waiting="0.00" lane="right_0" pos="21.95" speed="45.90" angle="324.98" x="114.05" y="105.20"/>
    </timestep>
    <timestep time="4.31">
        <vehicle id="cfm_slow_0" eclass="HBEFA3/PC_G_EU4" CO2="38385.04" CO="913.98" HC="5.14" NOx="17.08" PMx="1.06" fuel="16.50" electricity="0.00" noise="86.64" route="routetop" type="cfm_slow" waiting="0.00" lane="top_0" pos="15.21" speed="43.03" angle="247.05" x="33.61" y="121.65"/>
        <vehicle id="cfm_slow_1" eclass="HBEFA3/PC_G_EU4" CO2="43732.17" CO="1031.68" HC="5.81" NOx="19.59" PMx="1.20" fuel="18.80" electricity="0.00" noise="88.55" route="routetop" type="cfm_slow" waiting="0.00" lane="left_0" pos="3.44" speed="43.44" angle="178.31" x="-1.26" y="56.59"/>
        <vehicle id="cfm_slow_2" eclass="HBEFA3/PC_G_EU4" CO2="48440.48" CO="1144.89" HC="6.45" NOx="21.80" PMx="1.33" fuel="20.82" electricity="0.00" noise="90.24" route="routetop" type="cfm_slow" waiting="0.00" lane="left_0" pos="42.11" speed="44.30" angle="108.68" x="47.61" y="0.36"/>
        <vehicle id="cfm_slow_3" eclass="HBEFA3/PC_G_EU4" CO2="43031.75" CO="1056.31" HC="5.91" NOx="19.22" PMx="1.20" fuel="18.50" electricity="0.00" noise="88.36" route="routebottom" type="cfm_slow" waiting="0.00" lane="bottom_0" pos="31.67" speed="45.44" angle="37.51" x="118.43" y="28.10"/>
        <vehicle id="cfm_slow_4" eclass="HBEFA3/PC_G_EU4" CO2="24431.74" CO="682.98" HC="3.75" NOx="10.44" PMx="0.72" fuel="10.50" electricity="0.00" noise="82.89" route="routebottom" type="cfm_slow" waiting="0.00" lane="right_0" pos="22.40" speed="45.91" angle="324.14" x="113.44" y="105.92"/>
    </timestep>
    <timestep time="4.32">
        <vehicle id="cfm_slow_0" eclass="HBEFA3/PC_G_EU4" CO2="38254.90" CO="911.73" HC="5.13" NOx="17.01" PMx="1.06" fuel="16.44" electricity="0.00" noise="86.60" route="routetop" type="cfm_slow" waiting="0.00" lane="top_0" pos="15.64" speed="43.05" angle="246.34" x="32.83" y="121.23"/>
        <vehicle id="cfm_slow_1" eclass="HBEFA3/PC_G_EU4" CO2="43598.20" CO="1029.45" HC="5.80" NOx="19.53" PMx="1.20" fuel="18.74" electricity="0.00" noise="88.50" route="routetop" type="cfm_slow" waiting="0.00" lane="left_0" pos="3.87" speed="43.47" angle="177.56" x="-1.17" y="55.70"/>
        <vehicle id="cfm_slow_2" eclass="HBEFA3/PC_G_EU4" CO2="48213.06" CO="1140.81" HC="6.42" NOx="21.69" PMx="1.33" fuel="20.72" electricity="0.00" noise="90.15" route="routetop" type="cfm_slow" waiting="0.00" lane="left_0" pos="42.55" speed="44.33" angle="107.94" x="48.50" y="0.14"/>
        <vehicle id="cfm_slow_3" eclass="HBEFA3/PC_G_EU4" CO2="42667.09" CO="1049.31" HC="5.87" NOx="19.05" PMx="1.19" fuel="18.34" electricity="0.00" noise="88.24" route="routebottom" type="cfm_slow" waiting="0.00" lane="bottom_0" pos="32.13" speed="45.47" angle="36.74" x="118.94" y="28.87"/>
        <vehicle id="cfm_slow_4" eclass="HBEFA3/PC_G_EU4" CO2="24181.24" CO="678.02" HC="3.72" NOx="10.32" PMx="0.71" fuel="10.39" electricity="0.00" noise="82.83" route="routebottom" type="cfm_slow" waiting="0.00" lane="right_0" pos="22.86" speed="45.92" angle="323.31" x="112.83" y="106.64"/>
    </timestep>
    <timestep time="4.33">
        <vehicle id="cfm_slow_0" eclass="HBEFA3/PC_G_EU4" CO2="38126.21" CO="909.51" HC="5.12" NOx="16.95" PMx="1.05" fuel="16.39" electricity="0.00" noise="86.56" route="routetop" type="cfm_slow" waiting="0.00" lane="top_0" pos="16.08" speed="43.07" angle="245.57" x="32.06" y="120.80"/>
        <vehicle id="cfm_slow_1" eclass="HBEFA3/PC_G_EU4" CO2="43464.82" CO="1027.22" HC="5.79" NOx="19.46" PMx="1.20" fuel="18.68" electricity="0.00" noise="88.45" route="routetop" type="cfm_slow" waiting="0.00" lane="left_0" pos="4.31" speed="43.49" angle="176.77" x="-1.04" y="54.82"/>
        <vehicle id="cfm_slow_2" eclass="HBEFA3/PC_G_EU4" CO2="47985.72" CO="1136.73" HC="6.40" NOx="21.58" PMx="1.32" fuel="20.63" electricity="0.00" noise="90.07" route="routetop" type="cfm_slow" waiting="0.00" lane="left_0" pos="42.99" speed="44.36" angle="107.14" x="49.38" y="-0.06"/>
        <vehicle id="cfm_slow_3" eclass="HBEFA3/PC_G_EU4" CO2="42304.77" CO="1042.35" HC="5.83" NOx="18.88" PMx="1.18" fuel="18.18" electricity="0.00" noise="88.12" route="routebottom" type="cfm_slow" waiting="0.00" lane="bottom_0" pos="32.58" speed="45.49" angle="35.89" x="119.42" y="29.68"/>
        <vehicle id="cfm_slow_4" eclass="HBEFA3/PC_G_EU4" CO2="23935.23" CO="673.14" HC="3.69" NOx="10.20" PMx="0.71" fuel="10.29" electricity="0.00" noise="82.77" route="routebottom" type="cfm_slow" waiting="0.00" lane="right_0" pos="23.32" speed="45.93" angle="322.54" x="112.21" y="107.35"/>
    </timestep>
    <timestep time="4.34">
        <vehicle id="cfm_slow_0" eclass="HBEFA3/PC_G_EU4" CO2="37998.95" CO="907.33" HC="5.10" NOx="16.89" PMx="1.05" fuel="16.33" electricity="0.00" noise="86.51" route="routetop" type="cfm_slow" waiting="0.00" lane="top_0" pos="16.51" speed="43.10" angle="244.79" x="31.29" y="120.37"/>
        <vehicle id="cfm_slow_1" eclass="HBEFA3/PC_G_EU4" CO2="43332.03" CO="1025.01" HC="5.77" NOx="19.40" PMx="1.19" fuel="18.63" electricity="0.00" noise="88.41" route="routetop" type="cfm_slow" waiting="0.00" lane="left_0" pos="4.74" speed="43.52" angle="175.97" x="-0.92" y="53.94"/>
        <vehicle id="cfm_slow_2" eclass="HBEFA3/PC_G_EU4" CO2="47758.49" CO="1132.64" HC="6.38" NOx="21.47" PMx="1.32" fuel="20.53" electricity="0.00" noise="89.99" route="routetop" type="cfm_slow" waiting="0.00" lane="left_0" pos="43.44" speed="44.39" angle="106.35" x="50.27" y="-0.26"/>
        <vehicle id="cfm_slow_3" eclass="HBEFA3/PC_G_EU4" CO2="41944.79" CO="1035.44" HC="5.79" NOx="18.71" PMx="1.17" fuel="18.03" electricity="0.00" noise="88.00" route="routebottom" type="cfm_slow" waiting="0.00" lane="bottom_0" pos="33.04" speed="45.52" angle="35.03" x="119.90" y="30.48"/>
        <vehicle id="cfm_slow_4" eclass="HBEFA3/PC_G_EU4" CO2="23693.64" CO="668.34" HC="3.67" NOx="10.09" PMx="0.70" fuel="10.18" electricity="0.00" noise="82.71" route="routebottom" type="cfm_slow" waiting="0.00" lane="right_0" pos="23.78" speed="45.94" angle="321.70" x="111.57" y="108.04"/>
    </timestep>
    <timestep time="4.35">
        <vehicle id="cfm_slow_0" eclass="HBEFA3/PC_G_EU4" CO2="37873.10" CO="905.16" HC="5.09" NOx="16.83" PMx="1.05" fuel="16.28" electricity="0.00" noise="86.47" route="routetop" type="cfm_slow" waiting="0.00" lane="top_0" pos="16.94" speed="43.12" angle="244.05" x="30.52" y="119.93"/>
        <vehicle id="cfm_slow_1" eclass="HBEFA3/PC_G_EU4" CO2="43199.80" CO="1022.80" HC="5.76" NOx="19.34" PMx="1.19" fuel="18.57" electricity="0.00" noise="88.36" route="routetop" type="cfm_slow" waiting="0.00" lane="left_0" pos="5.18" speed="43.55" angle="175.19" x="-0.78" y="53.05"/>
        <vehicle id="cfm_slow_2" eclass="HBEFA3/PC_G_EU4" CO2="47531.37" CO="1128.56" HC="6.35" NOx="21.37" PMx="1.31" fuel="20.43" electricity="0.00" noise="89.91" route="routetop" type="cfm_slow" waiting="0.00" lane="left_0" pos="43.88" speed="44.42" angle="105.58" x="51.16" y="-0.43"/>
        <vehicle id="cfm_slow_3" eclass="HBEFA3/PC_G_EU4" CO2="41587.16" CO="1028.57" HC="5.75" NOx="18.54" PMx="1.16" fuel="17.88" electricity="0.00" noise="87.88" route="routebottom" type="cfm_slow" waiting="0.00" lane="bottom_0" pos="33.49" speed="45.54" angle="34.25" x="120.37" y="31.28"/>
        <vehicle id="cfm_slow_4" eclass="HBEFA3/PC_G_EU4" CO2="23456.42" CO="663.64" HC="3.64" NOx="9.98" PMx="0.69" fuel="10.08" electricity="0.00" noise="82.66" route="routebottom" type="cfm_slow" waiting="0.00" lane="right_0" pos="24.24" speed="45.95" angle="320.86" x="110.93" y="108.73"/>
    </timestep>
    <timestep time="4.36">
        <vehicle id="cfm_slow_0" eclass="HBEFA3/PC_G_EU4" CO2="37748.65" CO="903.03" HC="5.08" NOx="16.77" PMx="1.04" fuel="16.23" electricity="0.00" noise="86.43" route="routetop" type="cfm_slow" waiting="0.00" lane="top_0" pos="17.37" speed="43.14" angle="243.26" x="29.76" y="119.48"/>
        <vehicle id="cfm_slow_1" eclass="HBEFA3/PC_G_EU4" CO2="43068.12" CO="1020.61" HC="5.75" NOx="19.28" PMx="1.19" fuel="18.51" electricity="0.00" noise="88.31" route="routetop" type="cfm_slow" waiting="0.00" lane="left_0" pos="5.62" speed="43.58" angle="174.38" x="-0.62" y="52.18"/>
        <vehicle id="cfm_slow_2" eclass="HBEFA3/PC_G_EU4" CO2="47304.38" CO="1124.47" HC="6.33" NOx="21.26" PMx="1.30" fuel="20.33" electricity="0.00" noise="89.83" route="routetop" type="cfm_slow" waiting="0.00" lane="left_0" pos="44.33" speed="44.45" angle="104.75" x="52.06" y="-0.60"/>
        <vehicle id="cfm_slow_3" eclass="HBEFA3/PC_G_EU4" CO2="41231.90" CO="1021.74" HC="5.71" NOx="18.37" PMx="1.16" fuel="17.72" electricity="0.00" noise="87.77" route="routebottom" type="cfm_slow" waiting="0.00" lane="bottom_0" pos="33.95" speed="45.57" angle="33.42" x="120.82" y="32.10"/>
        <vehicle id="cfm_slow_4" eclass="HBEFA3/PC_G_EU4" CO2="23223.53" CO="659.01" HC="3.61" NOx="9.87" PMx="0.69" fuel="9.98" electricity="0.00" noise="82.61" route="routebottom" type="cfm_slow" waiting="0.00" lane="right_0" pos="24.70" speed="45.96" angle="320.08" x="110.27" y="109.40"/>
    </timestep>
    <timestep time="4.37">
        <vehicle id="cfm_slow_0" eclass="HBEFA3/PC_G_EU4" CO2="37625.58" CO="900.92" HC="5.07" NOx="16.72" PMx="1.04" fuel="16.17" electricity="0.00" noise="86.39" route="routetop" type="cfm_slow" waiting="0.00" lane="top_0" pos="17.80" speed="43.17" angle="242.47" x="29.00" y="119.02"/>
        <vehicle id="cfm_slow_1" eclass="HBEFA3/PC_G_EU4" CO2="42936.98" CO="1018.42" HC="5.73" NOx="19.21" PMx="1.18" fuel="18.46" electricity="0.00" noise="88.27" route="routetop" type="cfm_slow" waiting="0.00" lane="left_0" pos="6.05" speed="43.60" angle="173.56" x="-0.46" y="51.30"/>
        <vehicle id="cfm_slow_2" eclass="HBEFA3/PC_G_EU4" CO2="47077.52" CO="1120.38" HC="6.30" NOx="21.15" PMx="1.30" fuel="20.24" electricity="0.00" noise="89.75" route="routetop" type="cfm_slow" waiting="0.00" lane="left_0" pos="44.77" speed="44.48" angle="103.93" x="52.96" y="-0.77"/>
        <vehicle id="cfm_slow_3" eclass="HBEFA3/PC_G_EU4" CO2="40879.03" CO="1014.95" HC="5.67" NOx="18.21" PMx="1.15" fuel="17.57" electricity="0.00" noise="87.65" route="routebottom" type="cfm_slow" waiting="0.00" lane="bottom_0" pos="34.40" speed="45.59" angle="32.60" x="121.28" y="32.92"/>
        <vehicle id="cfm_slow_4" eclass="HBEFA3/PC_G_EU4" CO2="22994.91" CO="654.48" HC="3.59" NOx="9.76" PMx="0.68" fuel="9.88" electricity="0.00" noise="82.56" route="routebottom" type="cfm_slow" waiting="0.00" lane="right_0" pos="25.16" speed="45.97" angle="319.24" x="109.60" y="110.07"/>
    </timestep>
    <timestep time="4.38">
        <vehicle id="cfm_slow_0" eclass="HBEFA3/PC_G_EU4" CO2="37503.86" CO="898.83" HC="5.05" NOx="16.66" PMx="1.04" fuel="16.12" electricity="0.00" noise="86.35" route="routetop" type="cfm_slow" waiting="0.00" lane="top_0" pos="18.23" speed="43.19" angle="241.72" x="28.26" y="118.54"/>
        <vehicle id="cfm_slow_1" eclass="HBEFA3/PC_G_EU4" CO2="42806.37" CO="1016.24" HC="5.72" NOx="19.15" PMx="1.18" fuel="18.40" electricity="0.00" noise="88.22" route="routetop" type="cfm_slow" waiting="0.00" lane="left_0" pos="6.49" speed="43.63" angle="172.80" x="-0.29" y="50.42"/>
        <vehicle id="cfm_slow_2" eclass="HBEFA3/PC_G_EU4" CO2="46850.80" CO="1116.29" HC="6.28" NOx="21.04" PMx="1.29" fuel="20.14" electricity="0.00" noise="89.67" route="routetop" type="cfm_slow" waiting="0.00" lane="left_0" pos="45.22" speed="44.51" angle="103.17" x="53.86" y="-0.91"/>
        <vehicle id="cfm_slow_3" eclass="HBEFA3/PC_G_EU4" CO2="40528.55" CO="1008.21" HC="5.63" NOx="18.04" PMx="1.14" fuel="17.42" electricity="0.00" noise="87.54" route="routebottom" type="cfm_slow" waiting="0.00" lane="bottom_0" pos="34.86" speed="45.61" angle="31.82" x="121.71" y="33.75"/>
        <vehicle id="cfm_slow_4" eclass="HBEFA3/PC_G_EU4" CO2="22770.50" CO="650.02" HC="3.56" NOx="9.65" PMx="0.68" fuel="9.79" electricity="0.00" noise="82.50" route="routebottom" type="cfm_slow" waiting="0.00" lane="right_0" pos="25.62" speed="45.97" angle="318.45" x="108.93" y="110.74"/>
    </timestep>
    <timestep time="4.39">
        <vehicle id="cfm_slow_0" eclass="HBEFA3/PC_G_EU4" CO2="37383.49" CO="896.78" HC="5.04" NOx="16.60" PMx="1.03" fuel="16.07" electricity="0.00" noise="86.31" route="routetop" type="cfm_slow" waiting="0.00" lane="top_0" pos="18.66" speed="43.21" angle="240.89" x="27.52" y="118.05"/>
        <vehicle id="cfm_slow_1" eclass="HBEFA3/PC_G_EU4" CO2="42676.26" CO="1014.07" HC="5.71" NOx="19.09" PMx="1.18" fuel="18.34" electricity="0.00" noise="88.18" route="routetop" type="cfm_slow" waiting="0.00" lane="left_0" pos="6.93" speed="43.66" angle="172.00" x="-0.09" y="49.55"/>
        <vehicle id="cfm_slow_2" eclass="HBEFA3/PC_G_EU4" CO2="46624.24" CO="1112.20" HC="6.26" NOx="20.94" PMx="1.29" fuel="20.04" electricity="0.00" noise="89.59" route="routetop" type="cfm_slow" waiting="0.00" lane="left_0" pos="45.66" speed="44.54" angle="102.35" x="54.76" y="-1.03"/>
        <vehicle id="cfm_slow_3" eclass="HBEFA3/PC_G_EU4" CO2="40180.49" CO="1001.51" HC="5.59" NOx="17.88" PMx="1.13" fuel="17.27" electricity="0.00" noise="87.43" route="routebottom" type="cfm_slow" waiting="0.00" lane="bottom_0" pos="35.32" speed="45.64" angle="30.97" x="122.13" y="34.58"/>
        <vehicle id="cfm_slow_4" eclass="HBEFA3/PC_G_EU4" CO2="22550.27" CO="645.65" HC="3.54" NOx="9.55" PMx="0.67" fuel="9.69" electricity="0.00" noise="82.46" route="routebottom" type="cfm_slow" waiting="0.00" lane="right_0" pos="26.08" speed="45.98" angle="317.62" x="108.24" y="111.38"/>
    </timestep>
    <timestep time="4.40">
        <vehicle id="cfm_slow_0" eclass="HBEFA3/PC_G_EU4" CO2="37264.45" CO="894.74" HC="5.03" NOx="16.54" PMx="1.03" fuel="16.02" electricity="0.00" noise="86.27" route="routetop" type="cfm_slow" waiting="0.00" lane="top_0" pos="19.10" speed="43.23" angle="240.07" x="26.78" y="117.56"/>
        <vehicle id="cfm_slow_1" eclass="HBEFA3/PC_G_EU4" CO2="42546.65" CO="1011.91" HC="5.70" NOx="19.03" PMx="1.17" fuel="18.29" electricity="0.00" noise="88.13" route="routetop" type="cfm_slow" waiting="0.00" lane="left_0" pos="7.36" speed="43.69" angle="171.19" x="0.11" y="48.67"/>
        <vehicle id="cfm_slow_2" eclass="HBEFA3/PC_G_EU4" CO2="46397.84" CO="1108.11" HC="6.23" NOx="20.83" PMx="1.28" fuel="19.94" electricity="0.00" noise="89.50" route="routetop" type="cfm_slow" waiting="0.00" lane="left_0" pos="46.11" speed="44.57" angle="101.57" x="55.67" y="-1.16"/>
        <vehicle id="cfm_slow_3" eclass="HBEFA3/PC_G_EU4" CO2="39834.83" CO="994.85" HC="5.55" NOx="17.71" PMx="1.12" fuel="17.12" electricity="0.00" noise="87.32" route="routebottom" type="cfm_slow" waiting="0.00" lane="bottom_0" pos="35.77" speed="45.66" angle="30.12" x="122.55" y="35.42"/>
        <vehicle id="cfm_slow_4" eclass="HBEFA3/PC_G_EU4" CO2="22334.16" CO="641.35" HC="3.51" NOx="9.45" PMx="0.67" fuel="9.60" electricity="0.00" noise="82.41" route="routebottom" type="cfm_slow" waiting="0.00" lane="right_0" pos="26.54" speed="45.99" angle="316.78" x="107.55" y="112.02"/>
    </timestep>
    <timestep time="4.41">
        <vehicle id="cfm_slow_0" eclass="HBEFA3/PC_G_EU4" CO2="37146.71" CO="892.74" HC="5.02" NOx="16.49" PMx="1.03" fuel="15.97" electricity="0.00" noise="86.23" route="routetop" type="cfm_slow" waiting="0.00" lane="top_0" pos="19.53" speed="43.26" angle="239.32" x="26.06" y="117.05"/>
        <vehicle id="cfm_slow_1" eclass="HBEFA3/PC_G_EU4" CO2="42417.52" CO="1009.75" HC="5.68" NOx="18.97" PMx="1.17" fuel="18.23" electricity="0.00" noise="88.09" route="routetop" type="cfm_slow" waiting="0.00" lane="left_0" pos="7.80" speed="43.71" angle="170.44" x="0.31" y="47.80"/>
        <vehicle id="cfm_slow_2" eclass="HBEFA3/PC_G_EU4" CO2="46171.61" CO="1104.02" HC="6.21" NOx="20.72" PMx="1.28" fuel="19.85" electricity="0.00" noise="89.43" route="routetop" type="cfm_slow" waiting="0.00" lane="left_0" pos="46.55" speed="44.60" angle="100.77" x="56.58" y="-1.26"/>
        <vehicle id="cfm_slow_3" eclass="HBEFA3/PC_G_EU4" CO2="39491.61" CO="988.24" HC="5.52" NOx="17.55" PMx="1.11" fuel="16.98" electricity="0.00" noise="87.21" route="routebottom" type="cfm_slow" waiting="0.00" lane="bottom_0" pos="36.23" speed="45.68" angle="29.31" x="122.94" y="36.27"/>
        <vehicle id="cfm_slow_4" eclass="HBEFA3/PC_G_EU4" CO2="22122.11" CO="637.14" HC="3.49" NOx="9.35" PMx="0.66" fuel="9.51" electricity="0.00" noise="82.36" route="routebottom" type="cfm_slow" waiting="0.00" lane="right_0" pos="27.00" speed="46.00" angle="315.98" x="106.86" y="112.65"/>
    </timestep>
    <timestep time="4.42">
        <vehicle id="cfm_slow_0" eclass="HBEFA3/PC_G_EU4" CO2="37030.26" CO="890.75" HC="5.01" NOx="16.43" PMx="1.03" fuel="15.92" electricity="0.00" noise="86.19" route="routetop" type="cfm_slow" waiting="0.00" lane="top_0" pos="19.96" speed="43.28" angle="238.51" x="25.34" y="116.53"/>
        <vehicle id="cfm_slow_1" eclass="HBEFA3/PC_G_EU4" CO2="42288.86" CO="1007.60" HC="5.67" NOx="18.91" PMx="1.17" fuel="18.18" electricity="0.00" noise="88.04" route="routetop" type="cfm_slow" waiting="0.00" lane="left_0" pos="8.24" speed="43.74" angle="169.62" x="0.54" y="46.93"/>
        <vehicle id="cfm_slow_2" eclass="HBEFA3/PC_G_EU4" CO2="45945.58" CO="1099.93" HC="6.18" NOx="20.61" PMx="1.27" fuel="19.75" electricity="0.00" noise="89.35" route="routetop" type="cfm_slow" waiting="0.00" lane="left_0" pos="47.00" speed="44.62" angle="99.94" x="57.49" y="-1.35"/>
        <vehicle id="cfm_slow_3" eclass="HBEFA3/PC_G_EU4" CO2="39150.83" CO="981.67" HC="5.48" NOx="17.39" PMx="1.10" fuel="16.83" electricity="0.00" noise="87.10" route="routebottom" type="cfm_slow" waiting="0.00" lane="bottom_0" pos="36.69" speed="45.70" angle="28.44" x="123.33" y="37.13"/>
        <vehicle id="cfm_slow_4" eclass="HBEFA3/PC_G_EU4" CO2="21914.09" CO="633.01" HC="3.46" NOx="9.25" PMx="0.66" fuel="9.42" electricity="0.00" noise="82.32" route="routebottom" type="cfm_slow" waiting="0.00" lane="right_0" pos="27.46" speed="46.00" angle="315.08" x="106.13" y="113.26"/>
    </timestep>
    <timestep time="4.43">
        <vehicle id="cfm_slow_0" eclass="HBEFA3/PC_G_EU4" CO2="36915.08" CO="888.80" HC="4.99" NOx="16.38" PMx="1.02" fuel="15.87" electricity="0.00" noise="86.16" route="routetop" type="cfm_slow" waiting="0.00" lane="top_0" pos="20.39" speed="43.30" angle="237.71" x="24.62" y="116.01"/>
        <vehicle id="cfm_slow_1" eclass="HBEFA3/PC_G_EU4" CO2="42160.65" CO="1005.46" HC="5.66" NOx="18.84" PMx="1.16" fuel="18.12" electricity="0.00" noise="88.00" route="routetop" type="cfm_slow" waiting="0.00" lane="left_0" pos="8.67" speed="43.77" angle="168.81" x="0.78" y="46.07"/>
        <vehicle id="cfm_slow_2" eclass="HBEFA3/PC_G_EU4" CO2="45719.74" CO="1095.85" HC="6.16" NOx="20.51" PMx="1.26" fuel="19.65" electricity="0.00" noise="89.27" route="routetop" type="cfm_slow" waiting="0.00" lane="left_0" pos="47.45" speed="44.65" angle="99.16" x="58.40" y="-1.44"/>
        <vehicle id="cfm_slow_3" eclass="HBEFA3/PC_G_EU4" CO2="38812.50" CO="975.15" HC="5.44" NOx="17.23" PMx="1.09" fuel="16.68" electricity="0.00" noise="86.99" route="routebottom" type="cfm_slow" waiting="0.00" lane="bottom_0" pos="37.14" speed="45.72" angle="27.61" x="123.71" y="37.98"/>
        <vehicle id="cfm_slow_4" eclass="HBEFA3/PC_G_EU4" CO2="21710.05" CO="628.95" HC="3.44" NOx="9.15" PMx="0.65" fuel="9.33" electricity="0.00" noise="82.27" route="routebottom" type="cfm_slow" waiting="0.00" lane="right_0" pos="27.92" speed="46.01" angle="314.17" x="105.41" y="113.87"/>
    </timestep>
    <timestep time="4.44">
        <vehicle id="cfm_slow_0" eclass="HBEFA3/PC_G_EU4" CO2="36801.15" CO="886.86" HC="4.98" NOx="16.32" PMx="1.02" fuel="15.82" electricity="0.00" noise="86.12" route="routetop" type="cfm_slow" waiting="0.00" lane="top_0" pos="20.83" speed="43.32" angle="236.98" x="23.92" y="115.47"/>
        <vehicle id="cfm_slow_1" eclass="HBEFA3/PC_G_EU4" CO2="42032.89" CO="1003.33" HC="5.64" NOx="18.78" PMx="1.16" fuel="18.07" electricity="0.00" noise="87.95" route="routetop" type="cfm_slow" waiting="0.00" lane="left_0" pos="9.11" speed="43.79" angle="168.06" x="1.02" y="45.20"/>
        <vehicle id="cfm_slow_2" eclass="HBEFA3/PC_G_EU4" CO2="45494.10" CO="1091.76" HC="6.13" NOx="20.40" PMx="1.26" fuel="19.56" electricity="0.00" noise="89.19" route="routetop" type="cfm_slow" waiting="0.00" lane="left_0" pos="47.89" speed="44.68" angle="98.34" x="59.31" y="-1.49"/>
        <vehicle id="cfm_slow_3" eclass="HBEFA3/PC_G_EU4" CO2="38476.63" CO="968.67" HC="5.40" NOx="17.07" PMx="1.09" fuel="16.54" electricity="0.00" noise="86.88" route="routebottom" type="cfm_slow" waiting="0.00" lane="bottom_0" pos="37.60" speed="45.75" angle="26.80" x="124.06" y="38.85"/>
        <vehicle id="cfm_slow_4" eclass="HBEFA3/PC_G_EU4" CO2="21509.92" CO="624.98" HC="3.42" NOx="9.06" PMx="0.64" fuel="9.25" electricity="0.00" noise="82.23" route="routebottom" type="cfm_slow" waiting="0.00" lane="right_0" pos="28.38" speed="46.02" angle="313.36" x="104.68" y="114.47"/>
    </timestep>
    <timestep time="4.45">
        <vehicle id="cfm_slow_0" eclass="HBEFA3/PC_G_EU4" CO2="36688.46" CO="884.95" HC="4.97" NOx="16.27" PMx="1.02" fuel="15.77" electricity="0.00" noise="86.08" route="routetop" type="cfm_slow" waiting="0.00" lane="top_0" pos="21.26" speed="43.35" angle="236.20" x="23.22" y="114.92"/>
        <vehicle id="cfm_slow_1" eclass="HBEFA3/PC_G_EU4" CO2="41905.56" CO="1001.20" HC="5.63" NOx="18.72" PMx="1.16" fuel="18.01" electricity="0.00" noise="87.91" route="routetop" type="cfm_slow" waiting="0.00" lane="left_0" pos="9.55" speed="43.82" angle="167.26" x="1.29" y="44.34"/>
        <vehicle id="cfm_slow_2" eclass="HBEFA3/PC_G_EU4" CO2="45268.69" CO="1087.67" HC="6.11" NOx="20.29" PMx="1.25" fuel="19.46" electricity="0.00" noise="89.11" route="routetop" type="cfm_slow" waiting="0.00" lane="left_0" pos="48.34" speed="44.71" angle="97.51" x="60.23" y="-1.55"/>
        <vehicle id="cfm_slow_3" eclass="HBEFA3/PC_G_EU4" CO2="38143.22" CO="962.24" HC="5.36" NOx="16.91" PMx="1.08" fuel="16.40" electricity="0.00" noise="86.78" route="routebottom" type="cfm_slow" waiting="0.00" lane="bottom_0" pos="38.06" speed="45.77" angle="25.96" x="124.41" y="39.72"/>
        <vehicle id="cfm_slow_4" eclass="HBEFA3/PC_G_EU4" CO2="21313.67" CO="621.08" HC="3.39" NOx="8.97" PMx="0.64" fuel="9.16" electricity="0.00" noise="82.19" route="routebottom" type="cfm_slow" waiting="0.00" lane="right_0" pos="28.84" speed="46.02" angle="312.53" x="103.94" y="115.05"/>
    </timestep>
    <timestep time="4.46">
        <vehicle id="cfm_slow_0" eclass="HBEFA3/PC_G_EU4" CO2="36576.98" CO="883.06" HC="4.96" NOx="16.22" PMx="1.01" fuel="15.72" electricity="0.00" noise="86.05" route="routetop" type="cfm_slow" waiting="0.00" lane="top_0" pos="21.70" speed="43.37" angle="235.43" x="22.52" y="114.37"/>
        <vehicle id="cfm_slow_1" eclass="HBEFA3/PC_G_EU4" CO2="41778.65" CO="999.08" HC="5.62" NOx="18.66" PMx="1.15" fuel="17.96" electricity="0.00" noise="87.87" route="routetop" type="cfm_slow" waiting="0.00" lane="left_0" pos="9.99" speed="43.84" angle="166.45" x="1.55" y="43.49"/>
        <vehicle id="cfm_slow_2" eclass="HBEFA3/PC_G_EU4" CO2="45043.51" CO="1083.58" HC="6.09" NOx="20.19" PMx="1.25" fuel="19.36" electricity="0.00" noise="89.03" route="routetop" type="cfm_slow" waiting="0.00" lane="left_0" pos="48.79" speed="44.74" angle="96.75" x="61.14" y="-1.60"/>
        <vehicle id="cfm_slow_3" eclass="HBEFA3/PC_G_EU4" CO2="37812.29" CO="955.85" HC="5.33" NOx="16.75" PMx="1.07" fuel="16.25" electricity="0.00" noise="86.68" route="routebottom" type="cfm_slow" waiting="0.00" lane="bottom_0" pos="38.52" speed="45.79" angle="25.17" x="124.75" y="40.60"/>
        <vehicle id="cfm_slow_4" eclass="HBEFA3/PC_G_EU4" CO2="21121.25" CO="617.25" HC="3.37" NOx="8.87" PMx="0.63" fuel="9.08" electricity="0.00" noise="82.15" route="routebottom" type="cfm_slow" waiting="0.00" lane="right_0" pos="29.30" speed="46.03" angle="311.69" x="103.20" y="115.63"/>
    </timestep>
    <timestep time="4.47">
        <vehicle id="cfm_slow_0" eclass="HBEFA3/PC_G_EU4" CO2="36466.71" CO="881.20" HC="4.95" NOx="16.16" PMx="1.01" fuel="15.68" electricity="0.00" noise="86.01" route="routetop" type="cfm_slow" waiting="0.00" lane="top_0" pos="22.13" speed="43.39" angle="234.66" x="21.83" y="113.80"/>
        <vehicle id="cfm_slow_1" eclass="HBEFA3/PC_G_EU4" CO2="41652.15" CO="996.97" HC="5.61" NOx="18.60" PMx="1.15" fuel="17.90" electricity="0.00" noise="87.82" route="routetop" type="cfm_slow" waiting="0.00" lane="left_0" pos="10.43" speed="43.87" angle="165.71" x="1.84" y="42.63"/>
        <vehicle id="cfm_slow_2" eclass="HBEFA3/PC_G_EU4" CO2="44818.57" CO="1079.50" HC="6.06" NOx="20.08" PMx="1.24" fuel="19.27" electricity="0.00" noise="88.95" route="routetop" type="cfm_slow" waiting="0.00" lane="left_0" pos="49.23" speed="44.76" angle="95.90" x="62.06" y="-1.62"/>
        <vehicle id="cfm_slow_3" eclass="HBEFA3/PC_G_EU4" CO2="37483.84" CO="949.51" HC="5.29" NOx="16.60" PMx="1.06" fuel="16.11" electricity="0.00" noise="86.57" route="routebottom" type="cfm_slow" waiting="0.00" lane="bottom_0" pos="38.98" speed="45.81" angle="24.34" x="125.07" y="41.48"/>
        <vehicle id="cfm_slow_4" eclass="HBEFA3/PC_G_EU4" CO2="20932.61" CO="613.50" HC="3.35" NOx="8.79" PMx="0.63" fuel="9.00" electricity="0.00" noise="82.11" route="routebottom" type="cfm_slow" waiting="0.00" lane="right_0" pos="29.76" speed="46.04" angle="310.90" x="102.44" y="116.20"/>
    </timestep>
    <timestep time="4.48">
        <vehicle id="cfm_slow_0" eclass="HBEFA3/PC_G_EU4" CO2="36357.62" CO="879.36" HC="4.94" NOx="16.11" PMx="1.01" fuel="15.63" electricity="0.00" noise="85.98" route="routetop" type="cfm_slow" waiting="0.00" lane="top_0" pos="22.56" speed="43.41" angle="233.84" x="21.15" y="113.23"/>
        <vehicle id="cfm_slow_1" eclass="HBEFA3/PC_G_EU4" CO2="41526.04" CO="994.86" HC="5.59" NOx="18.54" PMx="1.15" fuel="17.85" electricity="0.00" noise="87.78" route="routetop" type="cfm_slow" waiting="0.00" lane="left_0" pos="10.87" speed="43.90" angle="164.89" x="2.14" y="41.79"/>
        <vehicle id="cfm_slow_2" eclass="HBEFA3/PC_G_EU4" CO2="44593.88" CO="1075.41" HC="6.04" NOx="19.97" PMx="1.24" fuel="19.17" electricity="0.00" noise="88.87" route="routetop" type="cfm_slow" waiting="0.00" lane="left_0" pos="49.68" speed="44.79" angle="95.06" x="62.98" y="-1.64"/>
        <vehicle id="cfm_slow_3" eclass="HBEFA3/PC_G_EU4" CO2="37157.88" CO="943.21" HC="5.25" NOx="16.45" PMx="1.05" fuel="15.97" electricity="0.00" noise="86.47" route="routebottom" type="cfm_slow" waiting="0.00" lane="bottom_0" pos="39.43" speed="45.83" angle="23.52" x="125.39" y="42.36"/>
        <vehicle id="cfm_slow_4" eclass="HBEFA3/PC_G_EU4" CO2="20747.70" CO="609.82" HC="3.33" NOx="8.70" PMx="0.63" fuel="8.92" electricity="0.00" noise="82.07" route="routebottom" type="cfm_slow" waiting="0.00" lane="right_0" pos="30.22" speed="46.04" angle="310.06" x="101.67" y="116.75"/>
    </timestep>
    <timestep time="4.49">
        <vehicle id="cfm_slow_0" eclass="HBEFA3/PC_G_EU4" CO2="36249.70" CO="877.54" HC="4.93" NOx="16.06" PMx="1.01" fuel="15.58" electricity="0.00" noise="85.94" route="routetop" type="cfm_slow" waiting="0.00" lane="top_0" pos="23.00" speed="43.43" angle="233.06" x="20.47" y="112.65"/>
        <vehicle id="cfm_slow_1" eclass="HBEFA3/PC_G_EU4" CO2="41400.31" CO="992.76" HC="5.58" NOx="18.48" PMx="1.15" fuel="17.80" electricity="0.00" noise="87.74" route="routetop" type="cfm_slow" waiting="0.00" lane="left_0" pos="11.31" speed="43.92" angle="164.07" x="2.45" y="40.94"/>
        <vehicle id="cfm_slow_2" eclass="HBEFA3/PC_G_EU4" CO2="44369.45" CO="1071.33" HC="6.01" NOx="19.87" PMx="1.23" fuel="19.07" electricity="0.00" noise="88.80" route="routebottom" type="cfm_slow" waiting="0.00" lane="bottom_0" pos="0.13" speed="44.82" angle="94.26" x="63.96" y="-1.64"/>
        <vehicle id="cfm_slow_3" eclass="HBEFA3/PC_G_EU4" CO2="36834.42" CO="936.96" HC="5.22" NOx="16.29" PMx="1.04" fuel="15.83" electricity="0.00" noise="86.37" route="routebottom" type="cfm_slow" waiting="0.00" lane="bottom_0" pos="39.89" speed="45.85" angle="22.75" x="125.70" y="43.25"/>
        <vehicle id="cfm_slow_4" eclass="HBEFA3/PC_G_EU4" CO2="20566.48" CO="606.22" HC="3.31" NOx="8.61" PMx="0.62" fuel="8.84" electricity="0.00" noise="82.03" route="routebottom" type="cfm_slow" waiting="0.00" lane="right_0" pos="30.68" speed="46.05" angle="309.24" x="100.91" y="117.30"/>
    </timestep>
    <timestep time="4.50">
        <vehicle id="cfm_slow_0" eclass="HBEFA3/PC_G_EU4" CO2="36142.93" CO="875.74" HC="4.92" NOx="16.01" PMx="1.00" fuel="15.54" electricity="0.00" noise="85.91" route="routetop" type="cfm_slow" waiting="0.00" lane="top_0" pos="23.43" speed="43.45" angle="232.30" x="19.81" y="112.05"/>
        <vehicle id="cfm_slow_1" eclass="HBEFA3/PC_G_EU4" CO2="41274.96" CO="990.67" HC="5.57" NOx="18.42" PMx="1.14" fuel="17.74" electricity="0.00" noise="87.69" route="routetop" type="cfm_slow" waiting="0.00" lane="left_0" pos="11.75" speed="43.95" angle="163.33" x="2.76" y="40.10"/>
        <vehicle id="cfm_slow_2" eclass="HBEFA3/PC_G_EU4" CO2="44145.30" CO="1067.25" HC="5.99" NOx="19.76" PMx="1.22" fuel="18.98" electricity="0.00" noise="88.72" route="routebottom" type="cfm_slow" waiting="0.00" lane="bottom_0" pos="0.58" speed="44.85" angle="93.43" x="64.88" y="-1.63"/>
        <vehicle id="cfm_slow_3" eclass="HBEFA3/PC_G_EU4" CO2="36513.45" CO="930.75" HC="5.18" NOx="16.14" PMx="1.04" fuel="15.70" electricity="0.00" noise="86.28" route="routebottom" type="cfm_slow" waiting="0.00" lane="bottom_0" pos="40.35" speed="45.87" angle="21.90" x="125.98" y="44.15"/>
        <vehicle id="cfm_slow_4" eclass="HBEFA3/PC_G_EU4" CO2="20388.90" CO="602.68" HC="3.29" NOx="8.53" PMx="0.62" fuel="8.76" electricity="0.00" noise="81.99" route="routebottom" type="cfm_slow" waiting="0.00" lane="right_0" pos="31.14" speed="46.05" angle="308.44" x="100.13" y="117.83"/>
    </timestep>
    <timestep time="4.51">
        <vehicle id="cfm_slow_0" eclass="HBEFA3/PC_G_EU4" CO2="36037.29" CO="873.96" HC="4.90" NOx="15.96" PMx="1.00" fuel="15.49" electricity="0.00" noise="85.88" route="routetop" type="cfm_slow" waiting="0.00" lane="top_0" pos="23.87" speed="43.48" angle="231.51" x="19.16" y="111.45"/>
        <vehicle id="cfm_slow_1" eclass="HBEFA3/PC_G_EU4" CO2="41149.97" CO="988.58" HC="5.55" NOx="18.36" PMx="1.14" fuel="17.69" electricity="0.00" noise="87.65" route="routetop" type="cfm_slow" waiting="0.00" lane="left_0" pos="12.18" speed="43.97" angle="162.54" x="3.10" y="39.26"/>
        <vehicle id="cfm_slow_2" eclass="HBEFA3/PC_G_EU4" CO2="43921.43" CO="1063.17" HC="5.97" NOx="19.65" PMx="1.22" fuel="18.88" electricity="0.00" noise="88.64" route="routebottom" type="cfm_slow" waiting="0.00" lane="bottom_0" pos="1.03" speed="44.87" angle="92.61" x="65.80" y="-1.61"/>
        <vehicle id="cfm_slow_3" eclass="HBEFA3/PC_G_EU4" CO2="36195.00" CO="924.59" HC="5.14" NOx="15.99" PMx="1.03" fuel="15.56" electricity="0.00" noise="86.18" route="routebottom" type="cfm_slow" waiting="0.00" lane="bottom_0" pos="40.81" speed="45.89" angle="21.05" x="126.26" y="45.05"/>
        <vehicle id="cfm_slow_4" eclass="HBEFA3/PC_G_EU4" CO2="20214.91" CO="599.22" HC="3.27" NOx="8.45" PMx="0.61" fuel="8.69" electricity="0.00" noise="81.96" route="routebottom" type="cfm_slow" waiting="0.00" lane="right_0" pos="31.60" speed="46.06" angle="307.59" x="99.34" y="118.36"/>
    </timestep>
    <timestep time="4.52">
        <vehicle id="cfm_slow_0" eclass="HBEFA3/PC_G_EU4" CO2="35932.76" CO="872.21" HC="4.89" NOx="15.91" PMx="1.00" fuel="15.45" electricity="0.00" noise="85.84" route="routetop" type="cfm_slow" waiting="0.00" lane="top_0" pos="24.30" speed="43.50" angle="230.74" x="18.51" y="110.84"/>
        <vehicle id="cfm_slow_1" eclass="HBEFA3/PC_G_EU4" CO2="41025.34" CO="986.49" HC="5.54" NOx="18.30" PMx="1.14" fuel="17.63" electricity="0.00" noise="87.61" route="routetop" type="cfm_slow" waiting="0.00" lane="left_0" pos="12.62" speed="44.00" angle="161.75" x="3.43" y="38.42"/>
        <vehicle id="cfm_slow_2" eclass="HBEFA3/PC_G_EU4" CO2="43697.86" CO="1059.09" HC="5.94" NOx="19.55" PMx="1.21" fuel="18.78" electricity="0.00" noise="88.57" route="routebottom" type="cfm_slow" waiting="0.00" lane="bottom_0" pos="1.48" speed="44.90" angle="91.84" x="66.72" y="-1.57"/>
        <vehicle id="cfm_slow_3" eclass="HBEFA3/PC_G_EU4" CO2="35879.06" CO="918.48" HC="5.11" NOx="15.84" PMx="1.02" fuel="15.42" electricity="0.00" noise="86.08" route="routebottom" type="cfm_slow" waiting="0.00" lane="bottom_0" pos="41.27" speed="45.90" angle="20.26" x="126.52" y="45.95"/>
        <vehicle id="cfm_slow_4" eclass="HBEFA3/PC_G_EU4" CO2="20044.47" CO="595.83" HC="3.25" NOx="8.37" PMx="0.61" fuel="8.62" electricity="0.00" noise="81.92" route="routebottom" type="cfm_slow" waiting="0.00" lane="right_0" pos="32.06" speed="46.07" angle="306.82" x="98.56" y="118.88"/>
    </timestep>
    <timestep time="4.53">
        <vehicle id="cfm_slow_0" eclass="HBEFA3/PC_G_EU4" CO2="35829.34" CO="870.47" HC="4.88" NOx="15.86" PMx="1.00" fuel="15.40" electricity="0.00" noise="85.81" route="routetop" type="cfm_slow" waiting="0.00" lane="top_0" pos="24.74" speed="43.52" angle="229.98" x="17.87" y="110.21"/>
        <vehicle id="cfm_slow_1" eclass="HBEFA3/PC_G_EU4" CO2="40901.04" CO="984.41" HC="5.53" NOx="18.24" PMx="1.13" fuel="17.58" electricity="0.00" noise="87.57" route="routetop" type="cfm_slow" waiting="0.00" lane="left_0" pos="13.06" speed="44.02" angle="161.01" x="3.79" y="37.59"/>
        <vehicle id="cfm_slow_2" eclass="HBEFA3/PC_G_EU4" CO2="43474.60" CO="1055.02" HC="5.92" NOx="19.44" PMx="1.21" fuel="18.69" electricity="0.00" noise="88.49" route="routebottom" type="cfm_slow" waiting="0.00" lane="bottom_0" pos="1.93" speed="44.93" angle="91.02" x="67.64" y="-1.52"/>
        <vehicle id="cfm_slow_3" eclass="HBEFA3/PC_G_EU4" CO2="35565.63" CO="912.41" HC="5.07" NOx="15.69" PMx="1.01" fuel="15.29" electricity="0.00" noise="85.99" route="routebottom" type="cfm_slow" waiting="0.00" lane="bottom_0" pos="41.73" speed="45.92" angle="19.40" x="126.76" y="46.86"/>
        <vehicle id="cfm_slow_4" eclass="HBEFA3/PC_G_EU4" CO2="19877.54" CO="592.50" HC="3.23" NOx="8.29" PMx="0.60" fuel="8.54" electricity="0.00" noise="81.89" route="routebottom" type="cfm_slow" waiting="0.00" lane="right_0" pos="32.53" speed="46.07" angle="305.98" x="97.75" y="119.36"/>
    </timestep>
    <timestep time="4.54">
        <vehicle id="cfm_slow_0" eclass="HBEFA3/PC_G_EU4" CO2="35727.00" CO="868.76" HC="4.87" NOx="15.81" PMx="0.99" fuel="15.36" electricity="0.00" noise="85.78" route="routetop" type="cfm_slow" waiting="0.00" lane="top_0" pos="25.17" speed="43.54" angle="229.20" x="17.24" y="109.58"/>
        <vehicle id="cfm_slow_1" eclass="HBEFA3/PC_G_EU4" CO2="40777.08" CO="982.34" HC="5.52" NOx="18.19" PMx="1.13" fuel="17.53" electricity="0.00" noise="87.53" route="routetop" type="cfm_slow" waiting="0.00" lane="left_0" pos="13.51" speed="44.05" angle="160.20" x="4.15" y="36.77"/>
        <vehicle id="cfm_slow_2" eclass="HBEFA3/PC_G_EU4" CO2="43251.65" CO="1050.95" HC="5.89" NOx="19.34" PMx="1.20" fuel="18.59" electricity="0.00" noise="88.42" route="routebottom" type="cfm_slow" waiting="0.00" lane="bottom_0" pos="2.38" speed="44.95" angle="90.21" x="68.56" y="-1.46"/>
        <vehicle id="cfm_slow_3" eclass="HBEFA3/PC_G_EU4" CO2="35254.73" CO="906.39" HC="5.04" NOx="15.55" PMx="1.00" fuel="15.15" electricity="0.00" noise="85.90" route="routebottom" type="cfm_slow" waiting="0.00" lane="bottom_0" pos="42.19" speed="45.94" angle="18.54" x="127.00" y="47.77"/>
        <vehicle id="cfm_slow_4" eclass="HBEFA3/PC_G_EU4" CO2="19714.06" CO="589.25" HC="3.21" NOx="8.21" PMx="0.60" fuel="8.47" electricity="0.00" noise="81.86" route="routebottom" type="cfm_slow" waiting="0.00" lane="right_0" pos="32.99" speed="46.08" angle="305.14" x="96.93" y="119.85"/>
    </timestep>
    <timestep time="4.55">
        <vehicle id="cfm_slow_0" eclass="HBEFA3/PC_G_EU4" CO2="35625.72" CO="867.06" HC="4.86" NOx="15.76" PMx="0.99" fuel="15.31" electricity="0.00" noise="85.75" route="routetop" type="cfm_slow" waiting="0.00" lane="top_0" pos="25.61" speed="43.56" angle="228.46" x="16.60" y="108.95"/>
        <vehicle id="cfm_slow_1" eclass="HBEFA3/PC_G_EU4" CO2="40653.43" CO="980.27" HC="5.50" NOx="18.13" PMx="1.13" fuel="17.47" electricity="0.00" noise="87.48" route="routetop" type="cfm_slow" waiting="0.00" lane="left_0" pos="13.95" speed="44.07" angle="159.40" x="4.52" y="35.94"/>
        <vehicle id="cfm_slow_2" eclass="HBEFA3/PC_G_EU4" CO2="43029.04" CO="1046.88" HC="5.87" NOx="19.23" PMx="1.20" fuel="18.50" electricity="0.00" noise="88.34" route="routebottom" type="cfm_slow" waiting="0.00" lane="bottom_0" pos="2.83" speed="44.98" angle="89.43" x="69.48" y="-1.38"/>
        <vehicle id="cfm_slow_3" eclass="HBEFA3/PC_G_EU4" CO2="34946.35" CO="900.42" HC="5.00" NOx="15.40" PMx="1.00" fuel="15.02" electricity="0.00" noise="85.80" route="routebottom" type="cfm_slow" waiting="0.00" lane="bottom_0" pos="42.65" speed="45.96" angle="17.78" x="127.22" y="48.69"/>
        <vehicle id="cfm_slow_4" eclass="HBEFA3/PC_G_EU4" CO2="19553.99" CO="586.06" HC="3.19" NOx="8.13" PMx="0.59" fuel="8.41" electricity="0.00" noise="81.82" route="routebottom" type="cfm_slow" waiting="0.00" lane="right_0" pos="33.45" speed="46.08" angle="304.35" x="96.12" y="120.33"/>
    </timestep>
    <timestep time="4.56">
        <vehicle id="cfm_slow_0" eclass="HBEFA3/PC_G_EU4" CO2="35525.50" CO="865.39" HC="4.85" NOx="15.72" PMx="0.99" fuel="15.27" electricity="0.00" noise="85.72" route="routetop" type="cfm_slow" waiting="0.00" lane="top_0" pos="26.04" speed="43.58" angle="227.67" x="16.00" y="108.30"/>
        <vehicle id="cfm_slow_1" eclass="HBEFA3/PC_G_EU4" CO2="40530.10" CO="978.20" HC="5.49" NOx="18.07" PMx="1.12" fuel="17.42" electricity="0.00" noise="87.44" route="routetop" type="cfm_slow" waiting="0.00" lane="left_0" pos="14.39" speed="44.10" angle="158.64" x="4.92" y="35.13"/>
        <vehicle id="cfm_slow_2" eclass="HBEFA3/PC_G_EU4" CO2="42806.76" CO="1042.82" HC="5.85" NOx="19.13" PMx="1.19" fuel="18.40" electricity="0.00" noise="88.27" route="routebottom" type="cfm_slow" waiting="0.00" lane="bottom_0" pos="3.28" speed="45.00" angle="88.61" x="70.39" y="-1.29"/>
        <vehicle id="cfm_slow_3" eclass="HBEFA3/PC_G_EU4" CO2="34640.50" CO="894.49" HC="4.97" NOx="15.25" PMx="0.99" fuel="14.89" electricity="0.00" noise="85.71" route="routebottom" type="cfm_slow" waiting="0.00" lane="bottom_0" pos="43.11" speed="45.98" angle="16.97" x="127.43" y="49.61"/>
        <vehicle id="cfm_slow_4" eclass="HBEFA3/PC_G_EU4" CO2="19397.29" CO="582.94" HC="3.17" NOx="8.06" PMx="0.59" fuel="8.34" electricity="0.00" noise="81.79" route="routebottom" type="cfm_slow" waiting="0.00" lane="right_0" pos="33.91" speed="46.09" angle="303.51" x="95.29" y="120.79"/>
    </timestep>
    <timestep time="4.57">
        <vehicle id="cfm_slow_0" eclass="HBEFA3/PC_G_EU4" CO2="35426.31" CO="863.74" HC="4.84" NOx="15.67" PMx="0.99" fuel="15.23" electricity="0.00" noise="85.69" route="routetop" type="cfm_slow" waiting="0.00" lane="top_0" pos="26.48" speed="43.60" angle="226.86" x="15.39" y="107.64"/>
        <vehicle id="cfm_slow_1" eclass="HBEFA3/PC_G_EU4" CO2="40407.07" CO="976.14" HC="5.48" NOx="18.01" PMx="1.12" fuel="17.37" electricity="0.00" noise="87.40" route="routetop" type="cfm_slow" waiting="0.00" lane="left_0" pos="14.83" speed="44.12" angle="157.82" x="5.32" y="34.32"/>
        <vehicle id="cfm_slow_2" eclass="HBEFA3/PC_G_EU4" CO2="42584.84" CO="1038.75" HC="5.82" NOx="19.02" PMx="1.19" fuel="18.31" electricity="0.00" noise="88.19" route="routebottom" type="cfm_slow" waiting="0.00" lane="bottom_0" pos="3.73" speed="45.03" angle="87.79" x="71.31" y="-1.20"/>
        <vehicle id="cfm_slow_3" eclass="HBEFA3/PC_G_EU4" CO2="34337.18" CO="888.61" HC="4.93" NOx="15.11" PMx="0.98" fuel="14.76" electricity="0.00" noise="85.63" route="routebottom" type="cfm_slow" waiting="0.00" lane="bottom_0" pos="43.57" speed="46.00" angle="16.20" x="127.64" y="50.53"/>
        <vehicle id="cfm_slow_4" eclass="HBEFA3/PC_G_EU4" CO2="19243.92" CO="579.89" HC="3.15" NOx="7.99" PMx="0.59" fuel="8.27" electricity="0.00" noise="81.76" route="routebottom" type="cfm_slow" waiting="0.00" lane="right_0" pos="34.37" speed="46.09" angle="302.67" x="94.47" y="121.24"/>
    </timestep>
    <timestep time="4.58">
        <vehicle id="cfm_slow_0" eclass="HBEFA3/PC_G_EU4" CO2="35328.13" CO="862.10" HC="4.83" NOx="15.62" PMx="0.98" fuel="15.19" electricity="0.00" noise="85.65" route="routetop" type="cfm_slow" waiting="0.00" lane="top_0" pos="26.92" speed="43.62" angle="226.11" x="14.78" y="106.98"/>
        <vehicle id="cfm_slow_1" eclass="HBEFA3/PC_G_EU4" CO2="40284.33" CO="974.08" HC="5.47" NOx="17.95" PMx="1.12" fuel="17.32" electricity="0.00" noise="87.36" route="routetop" type="cfm_slow" waiting="0.00" lane="left_0" pos="15.27" speed="44.15" angle="157.01" x="5.73" y="33.51"/>
        <vehicle id="cfm_slow_2" eclass="HBEFA3/PC_G_EU4" CO2="42363.28" CO="1034.70" HC="5.80" NOx="18.92" PMx="1.18" fuel="18.21" electricity="0.00" noise="88.12" route="routebottom" type="cfm_slow" waiting="0.00" lane="bottom_0" pos="4.18" speed="45.05" angle="87.01" x="72.23" y="-1.08"/>
        <vehicle id="cfm_slow_3" eclass="HBEFA3/PC_G_EU4" CO2="34036.39" CO="882.78" HC="4.90" NOx="14.97" PMx="0.97" fuel="14.63" electricity="0.00" noise="85.54" route="routebottom" type="cfm_slow" waiting="0.00" lane="bottom_0" pos="44.03" speed="46.01" angle="15.32" x="127.82" y="51.45"/>
        <vehicle id="cfm_slow_4" eclass="HBEFA3/PC_G_EU4" CO2="19093.83" CO="576.90" HC="3.14" NOx="7.92" PMx="0.58" fuel="8.21" electricity="0.00" noise="81.73" route="routebottom" type="cfm_slow" waiting="0.00" lane="right_0" pos="34.83" speed="46.10" angle="301.87" x="93.63" y="121.69"/>
    </timestep>
    <timestep time="4.59">
        <vehicle id="cfm_slow_0" eclass="HBEFA3/PC_G_EU4" CO2="35230.96" CO="860.49" HC="4.82" NOx="15.58" PMx="0.98" fuel="15.14" electricity="0.00" noise="85.62" route="routetop" type="cfm_slow" waiting="0.00" lane="top_0" pos="27.35" speed="43.64" angle="225.28" x="14.21" y="106.30"/>
        <vehicle id="cfm_slow_1" eclass="HBEFA3/PC_G_EU4" CO2="40161.88" CO="972.03" HC="5.46" NOx="17.89" PMx="1.11" fuel="17.26" electricity="0.00" noise="87.32" route="routetop" type="cfm_slow" waiting="0.00" lane="left_0" pos="15.71" speed="44.17" angle="156.25" x="6.16" y="32.71"/>
        <vehicle id="cfm_slow_2" eclass="HBEFA3/PC_G_EU4" CO2="42142.10" CO="1030.64" HC="5.77" NOx="18.81" PMx="1.17" fuel="18.11" electricity="0.00" noise="88.04" route="routebottom" type="cfm_slow" waiting="0.00" lane="bottom_0" pos="4.63" speed="45.08" angle="86.19" x="73.14" y="-0.95"/>
        <vehicle id="cfm_slow_3" eclass="HBEFA3/PC_G_EU4" CO2="33738.14" CO="876.99" HC="4.87" NOx="14.83" PMx="0.96" fuel="14.50" electricity="0.00" noise="85.45" route="routebottom" type="cfm_slow" waiting="0.00" lane="bottom_0" pos="44.49" speed="46.03" angle="14.43" x="127.98" y="52.38"/>
        <vehicle id="cfm_slow_4" eclass="HBEFA3/PC_G_EU4" CO2="18946.97" CO="573.97" HC="3.12" NOx="7.85" PMx="0.58" fuel="8.14" electricity="0.00" noise="81.70" route="routebottom" type="cfm_slow" waiting="0.00" lane="right_0" pos="35.29" speed="46.10" angle="301.02" x="92.78" y="122.11"/>
    </timestep>
    <timestep time="4.60">
        <vehicle id="cfm_slow_0" eclass="HBEFA3/PC_G_EU4" CO2="35134.77" CO="858.89" HC="4.81" NOx="15.53" PMx="0.98" fuel="15.10" electricity="0.00" noise="85.60" route="routetop" type="cfm_slow" waiting="0.00" lane="top_0" pos="27.79" speed="43.66" angle="224.45" x="13.63" y="105.62"/>
        <vehicle id="cfm_slow_1" eclass="HBEFA3/PC_G_EU4" CO2="40039.70" CO="969.97" HC="5.44" NOx="17.84" PMx="1.11" fuel="17.21" electricity="0.00" noise="87.28" route="routetop" type="cfm_slow" waiting="0.00" lane="left_0" pos="16.15" speed="44.19" angle="155.44" x="6.60" y="31.92"/>
        <vehicle id="cfm_slow_2" eclass="HBEFA3/PC_G_EU4" CO2="41921.30" CO="1026.59" HC="5.75" NOx="18.71" PMx="1.17" fuel="18.02" electricity="0.00" noise="87.97" route="routebottom" type="cfm_slow" waiting="0.00" lane="bottom_0" pos="5.08" speed="45.10" angle="85.38" x="74.06" y="-0.82"/>
        <vehicle id="cfm_slow_3" eclass="HBEFA3/PC_G_EU4" CO2="33442.42" CO="871.26" HC="4.83" NOx="14.69" PMx="0.96" fuel="14.38" electricity="0.00" noise="85.36" route="routebottom" type="cfm_slow" waiting="0.00" lane="bottom_0" pos="44.95" speed="46.05" angle="13.61" x="128.15" y="53.31"/>
        <vehicle id="cfm_slow_4" eclass="HBEFA3/PC_G_EU4" CO2="18803.31" CO="571.11" HC="3.10" NOx="7.78" PMx="0.57" fuel="8.08" electricity="0.00" noise="81.68" route="routebottom" type="cfm_slow" waiting="0.00" lane="right_0" pos="35.75" speed="46.11" angle="300.16" x="91.94" y="122.53"/>
    </timestep>
    <timestep time="4.61">
        <vehicle id="cfm_slow_0" eclass="HBEFA3/PC_G_EU4" CO2="35039.55" CO="857.31" HC="4.80" NOx="15.49" PMx="0.98" fuel="15.06" electricity="0.00" noise="85.57" route="routetop" type="cfm_slow" waiting="0.00" lane="top_0" pos="28.23" speed="43.68" angle="223.69" x="13.05" y="104.93"/>
        <vehicle id="cfm_slow_1" eclass="HBEFA3/PC_G_EU4" CO2="39917.79" CO="967.93" HC="5.43" NOx="17.78" PMx="1.11" fuel="17.16" electricity="0.00" noise="87.24" route="routetop" type="cfm_slow" waiting="0.00" lane="left_0" pos="16.60" speed="44.22" angle="154.65" x="7.04" y="31.13"/>
        <vehicle id="cfm_slow_2" eclass="HBEFA3/PC_G_EU4" CO2="41700.90" CO="1022.55" HC="5.73" NOx="18.60" PMx="1.16" fuel="17.93" electricity="0.00" noise="87.90" route="routebottom" type="cfm_slow" waiting="0.00" lane="bottom_0" pos="5.53" speed="45.13" angle="84.54" x="74.97" y="-0.66"/>
        <vehicle id="cfm_slow_3" eclass="HBEFA3/PC_G_EU4" CO2="33149.24" CO="865.56" HC="4.80" NOx="14.55" PMx="0.95" fuel="14.25" electricity="0.00" noise="85.28" route="routebottom" type="cfm_slow" waiting="0.00" lane="bottom_0" pos="45.41" speed="46.06" angle="12.76" x="128.28" y="54.25"/>
        <vehicle id="cfm_slow_4" eclass="HBEFA3/PC_G_EU4" CO2="18662.80" CO="568.31" HC="3.09" NOx="7.71" PMx="0.57" fuel="8.02" electricity="0.00" noise="81.65" route="routebottom" type="cfm_slow" waiting="0.00" lane="right_0" pos="36.21" speed="46.11" angle="299.35" x="91.08" y="122.93"/>
    </timestep>
    <timestep time="4.62">
        <vehicle id="cfm_slow_0" eclass="HBEFA3/PC_G_EU4" CO2="34945.28" CO="855.75" HC="4.80" NOx="15.44" PMx="0.97" fuel="15.02" electricity="0.00" noise="85.54" route="routetop" type="cfm_slow" waiting="0.00" lane="top_0" pos="28.66" speed="43.70" angle="222.89" x="12.50" y="104.23"/>
        <vehicle id="cfm_slow_1" eclass="HBEFA3/PC_G_EU4" CO2="39796.14" CO="965.88" HC="5.42" NOx="17.72" PMx="1.11" fuel="17.11" electricity="0.00" noise="87.20" route="routetop" type="cfm_slow" waiting="0.00" lane="left_0" pos="17.04" speed="44.24" angle="153.85" x="7.50" y="30.35"/>
        <vehicle id="cfm_slow_2" eclass="HBEFA3/PC_G_EU4" CO2="41480.90" CO="1018.51" HC="5.70" NOx="18.50" PMx="1.16" fuel="17.83" electricity="0.00" noise="87.83" route="routebottom" type="cfm_slow" waiting="0.00" lane="bottom_0" pos="5.98" speed="45.15" angle="83.69" x="75.88" y="-0.49"/>
        <vehicle id="cfm_slow_3" eclass="HBEFA3/PC_G_EU4" CO2="32858.60" CO="859.92" HC="4.77" NOx="14.41" PMx="0.94" fuel="14.12" electricity="0.00" noise="85.20" route="routebottom" type="cfm_slow" waiting="0.00" lane="bottom_0" pos="45.87" speed="46.08" angle="11.92" x="128.41" y="55.18"/>
        <vehicle id="cfm_slow_4" eclass="HBEFA3/PC_G_EU4" CO2="18525.40" CO="565.57" HC="3.07" NOx="7.65" PMx="0.57" fuel="7.96" electricity="0.00" noise="81.62" route="routebottom" type="cfm_slow" waiting="0.00" lane="right_0" pos="36.67" speed="46.12" angle="298.48" x="90.22" y="123.32"/>
    </timestep>
    <timestep time="4.63">
        <vehicle id="cfm_slow_0" eclass="HBEFA3/PC_G_EU4" CO2="34851.95" CO="854.21" HC="4.79" NOx="15.40" PMx="0.97" fuel="14.98" electricity="0.00" noise="85.51" route="routetop" type="cfm_slow" waiting="0.00" lane="top_0" pos="29.10" speed="43.72" angle="222.09" x="11.94" y="103.52"/>
        <vehicle id="cfm_slow_1" eclass="HBEFA3/PC_G_EU4" CO2="39674.74" CO="963.84" HC="5.41" NOx="17.66" PMx="1.10" fuel="17.05" electricity="0.00" noise="87.16" route="routetop" type="cfm_slow" waiting="0.00" lane="left_0" pos="17.48" speed="44.27" angle="153.02" x="7.97" y="29.57"/>
        <vehicle id="cfm_slow_2" eclass="HBEFA3/PC_G_EU4" CO2="41261.33" CO="1014.47" HC="5.68" NOx="18.39" PMx="1.15" fuel="17.74" electricity="0.00" noise="87.75" route="routebottom" type="cfm_slow" waiting="0.00" lane="bottom_0" pos="6.43" speed="45.18" angle="82.90" x="76.79" y="-0.31"/>
        <vehicle id="cfm_slow_3" eclass="HBEFA3/PC_G_EU4" CO2="32570.49" CO="854.32" HC="4.74" NOx="14.28" PMx="0.93" fuel="14.00" electricity="0.00" noise="85.12" route="routebottom" type="cfm_slow" waiting="0.00" lane="bottom_0" pos="46.33" speed="46.10" angle="11.15" x="128.53" y="56.12"/>
        <vehicle id="cfm_slow_4" eclass="HBEFA3/PC_G_EU4" CO2="18391.07" CO="562.89" HC="3.06" NOx="7.58" PMx="0.56" fuel="7.91" electricity="0.00" noise="81.60" route="routebottom" type="cfm_slow" waiting="0.00" lane="right_0" pos="37.14" speed="46.12" angle="297.65" x="89.36" y="123.71"/>
    </timestep>
    <timestep time="4.64">
        <vehicle id="cfm_slow_0" eclass="HBEFA3/PC_G_EU4" CO2="34759.55" CO="852.68" HC="4.78" NOx="15.35" PMx="0.97" fuel="14.94" electricity="0.00" noise="85.48" route="routetop" type="cfm_slow" waiting="0.00" lane="top_0" pos="29.54" speed="43.74" angle="221.35" x="11.39" y="102.81"/>
        <vehicle id="cfm_slow_1" eclass="HBEFA3/PC_G_EU4" CO2="39553.58" CO="961.80" HC="5.39" NOx="17.60" PMx="1.10" fuel="17.00" electricity="0.00" noise="87.12" route="routetop" type="cfm_slow" waiting="0.00" lane="left_0" pos="17.92" speed="44.29" angle="152.25" x="8.44" y="28.79"/>
        <vehicle id="cfm_slow_2" eclass="HBEFA3/PC_G_EU4" CO2="41042.18" CO="1010.44" HC="5.65" NOx="18.29" PMx="1.15" fuel="17.64" electricity="0.00" noise="87.68" route="routebottom" type="cfm_slow" waiting="0.00" lane="bottom_0" pos="6.88" speed="45.20" angle="82.07" x="77.69" y="-0.11"/>
        <vehicle id="cfm_slow_3" eclass="HBEFA3/PC_G_EU4" CO2="32284.93" CO="848.77" HC="4.70" NOx="14.14" PMx="0.93" fuel="13.88" electricity="0.00" noise="85.03" route="routebottom" type="cfm_slow" waiting="0.00" lane="bottom_0" pos="46.79" speed="46.11" angle="10.33" x="128.63" y="57.06"/>
        <vehicle id="cfm_slow_4" eclass="HBEFA3/PC_G_EU4" CO2="18259.76" CO="560.27" HC="3.04" NOx="7.52" PMx="0.56" fuel="7.85" electricity="0.00" noise="81.57" route="routebottom" type="cfm_slow" waiting="0.00" lane="right_0" pos="37.60" speed="46.12" angle="296.82" x="88.48" y="124.06"/>
    </timestep>
    <timestep time="4.65">
        <vehicle id="cfm_slow_0" eclass="HBEFA3/PC_G_EU4" CO2="34668.05" CO="851.17" HC="4.77" NOx="15.31" PMx="0.97" fuel="14.90" electricity="0.00" noise="85.45" route="routetop" type="cfm_slow" waiting="0.00" lane="top_0" pos="29.98" speed="43.76" angle="220.52" x="10.87" y="102.08"/>
        <vehicle id="cfm_slow_1" eclass="HBEFA3/PC_G_EU4" CO2="39432.66" CO="959.77" HC="5.38" NOx="17.55" PMx="1.10" fuel="16.95" electricity="0.00" noise="87.08" route="routetop" type="cfm_slow" waiting="0.00" lane="left_0" pos="18.37" speed="44.31" angle="151.41" x="8.94" y="28.03"/>
        <vehicle id="cfm_slow_2" eclass="HBEFA3/PC_G_EU4" CO2="40823.48" CO="1006.42" HC="5.63" NOx="18.19" PMx="1.14" fuel="17.55" electricity="0.00" noise="87.61" route="routebottom" type="cfm_slow" waiting="0.00" lane="bottom_0" pos="7.34" speed="45.23" angle="81.24" x="78.60" y="0.09"/>
        <vehicle id="cfm_slow_3" eclass="HBEFA3/PC_G_EU4" CO2="32001.90" CO="843.27" HC="4.67" NOx="14.01" PMx="0.92" fuel="13.76" electricity="0.00" noise="84.96" route="routebottom" type="cfm_slow" waiting="0.00" lane="bottom_0" pos="47.25" speed="46.13" angle="9.51" x="128.73" y="58.00"/>
        <vehicle id="cfm_slow_4" eclass="HBEFA3/PC_G_EU4" CO2="18131.44" CO="557.71" HC="3.03" NOx="7.46" PMx="0.56" fuel="7.79" electricity="0.00" noise="81.55" route="routebottom" type="cfm_slow" waiting="0.00" lane="right_0" pos="38.06" speed="46.13" angle="295.96" x="87.60" y="124.41"/>
    </timestep>
    <timestep time="4.66">
        <vehicle id="cfm_slow_0" eclass="HBEFA3/PC_G_EU4" CO2="34577.44" CO="849.68" HC="4.76" NOx="15.27" PMx="0.97" fuel="14.86" electricity="0.00" noise="85.43" route="routetop" type="cfm_slow" waiting="0.00" lane="top_0" pos="30.41" speed="43.78" angle="219.69" x="10.35" y="101.35"/>
        <vehicle id="cfm_slow_1" eclass="HBEFA3/PC_G_EU4" CO2="39311.97" CO="957.74" HC="5.37" NOx="17.49" PMx="1.09" fuel="16.90" electricity="0.00" noise="87.04" route="routetop" type="cfm_slow" waiting="0.00" lane="left_0" pos="18.81" speed="44.34" angle="150.57" x="9.44" y="27.28"/>
        <vehicle id="cfm_slow_2" eclass="HBEFA3/PC_G_EU4" CO2="40605.23" CO="1002.40" HC="5.61" NOx="18.08" PMx="1.14" fuel="17.45" electricity="0.00" noise="87.54" route="routebottom" type="cfm_slow" waiting="0.00" lane="bottom_0" pos="7.79" speed="45.25" angle="80.47" x="79.50" y="0.30"/>
        <vehicle id="cfm_slow_3" eclass="HBEFA3/PC_G_EU4" CO2="31721.41" CO="837.81" HC="4.64" NOx="13.87" PMx="0.91" fuel="13.64" electricity="0.00" noise="84.88" route="routebottom" type="cfm_slow" waiting="0.00" lane="bottom_0" pos="47.71" speed="46.14" angle="8.70" x="128.80" y="58.95"/>
        <vehicle id="cfm_slow_4" eclass="HBEFA3/PC_G_EU4" CO2="18006.06" CO="555.21" HC="3.01" NOx="7.40" PMx="0.55" fuel="7.74" electricity="0.00" noise="81.52" route="routebottom" type="cfm_slow" waiting="0.00" lane="right_0" pos="38.52" speed="46.13" angle="295.16" x="86.72" y="124.76"/>
    </timestep>
    <timestep time="4.67">
        <vehicle id="cfm_slow_0" eclass="HBEFA3/PC_G_EU4" CO2="34487.71" CO="848.21" HC="4.75" NOx="15.22" PMx="0.96" fuel="14.82" electricity="0.00" noise="85.40" route="routetop" type="cfm_slow" waiting="0.00" lane="top_0" pos="30.85" speed="43.80" angle="218.93" x="9.83" y="100.62"/>
        <vehicle id="cfm_slow_1" eclass="HBEFA3/PC_G_EU4" CO2="39191.50" CO="955.71" HC="5.36" NOx="17.43" PMx="1.09" fuel="16.85" electricity="0.00" noise="87.00" route="routetop" type="cfm_slow" waiting="0.00" lane="left_0" pos="19.25" speed="44.36" angle="149.79" x="9.95" y="26.52"/>
        <vehicle id="cfm_slow_2" eclass="HBEFA3/PC_G_EU4" CO2="40387.44" CO="998.39" HC="5.58" NOx="17.98" PMx="1.13" fuel="17.36" electricity="0.00" noise="87.47" route="routebottom" type="cfm_slow" waiting="0.00" lane="bottom_0" pos="8.24" speed="45.27" angle="79.62" x="80.40" y="0.55"/>
        <vehicle id="cfm_slow_3" eclass="HBEFA3/PC_G_EU4" CO2="31443.45" CO="832.40" HC="4.61" NOx="13.74" PMx="0.91" fuel="13.52" electricity="0.00" noise="84.80" route="routebottom" type="cfm_slow" waiting="0.00" lane="bottom_0" pos="48.17" speed="46.16" angle="7.81" x="128.85" y="59.89"/>
        <vehicle id="cfm_slow_4" eclass="HBEFA3/PC_G_EU4" CO2="17883.59" CO="552.77" HC="3.00" NOx="7.34" PMx="0.55" fuel="7.69" electricity="0.00" noise="81.50" route="routebottom" type="cfm_slow" waiting="0.00" lane="right_0" pos="38.98" speed="46.13" angle="294.34" x="85.83" y="125.08"/>
    </timestep>
    <timestep time="4.68">
        <vehicle id="cfm_slow_0" eclass="HBEFA3/PC_G_EU4" CO2="34398.84" CO="846.75" HC="4.74" NOx="15.18" PMx="0.96" fuel="14.79" electricity="0.00" noise="85.37" route="routetop" type="cfm_slow" waiting="0.00" lane="top_0" pos="31.29" speed="43.82" angle="218.14" x="9.33" y="99.87"/>
        <vehicle id="cfm_slow_1" eclass="HBEFA3/PC_G_EU4" CO2="39071.24" CO="953.68" HC="5.35" NOx="17.37" PMx="1.09" fuel="16.79" electricity="0.00" noise="86.97" route="routetop" type="cfm_slow" waiting="0.00" lane="left_0" pos="19.70" speed="44.38" angle="148.98" x="10.48" y="25.78"/>
        <vehicle id="cfm_slow_2" eclass="HBEFA3/PC_G_EU4" CO2="40170.12" CO="994.38" HC="5.56" NOx="17.88" PMx="1.13" fuel="17.27" electricity="0.00" noise="87.40" route="routebottom" type="cfm_slow" waiting="0.00" lane="bottom_0" pos="8.70" speed="45.30" angle="78.77" x="81.30" y="0.79"/>
        <vehicle id="cfm_slow_3" eclass="HBEFA3/PC_G_EU4" CO2="31168.03" CO="827.04" HC="4.58" NOx="13.61" PMx="0.90" fuel="13.40" electricity="0.00" noise="84.72" route="routebottom" type="cfm_slow" waiting="0.00" lane="bottom_0" pos="48.64" speed="46.17" angle="6.93" x="128.91" y="60.84"/>
        <vehicle id="cfm_slow_4" eclass="HBEFA3/PC_G_EU4" CO2="17763.98" CO="550.38" HC="2.98" NOx="7.29" PMx="0.55" fuel="7.64" electricity="0.00" noise="81.48" route="routebottom" type="cfm_slow" waiting="0.00" lane="right_0" pos="39.44" speed="46.14" angle="293.52" x="84.94" y="125.40"/>
    </timestep>
    <timestep time="4.69">
        <vehicle id="cfm_slow_0" eclass="HBEFA3/PC_G_EU4" CO2="34310.82" CO="845.31" HC="4.73" NOx="15.14" PMx="0.96" fuel="14.75" electricity="0.00" noise="85.35" route="routetop" type="cfm_slow" waiting="0.00" lane="top_0" pos="31.73" speed="43.84" angle="217.35" x="8.83" y="99.13"/>
        <vehicle id="cfm_slow_1" eclass="HBEFA3/PC_G_EU4" CO2="38951.19" CO="951.66" HC="5.33" NOx="17.32" PMx="1.09" fuel="16.74" electricity="0.00" noise="86.93" route="routetop" type="cfm_slow" waiting="0.00" lane="left_0" pos="20.14" speed="44.41" angle="148.17" x="11.01" y="25.04"/>
        <vehicle id="cfm_slow_2" eclass="HBEFA3/PC_G_EU4" CO2="39953.29" CO="990.38" HC="5.54" NOx="17.77" PMx="1.12" fuel="17.17" electricity="0.00" noise="87.33" route="routebottom" type="cfm_slow" waiting="0.00" lane="bottom_0" pos="9.15" speed="45.32" angle="77.99" x="82.19" y="1.04"/>
        <vehicle id="cfm_slow_3" eclass="HBEFA3/PC_G_EU4" CO2="30895.13" CO="821.73" HC="4.55" NOx="13.48" PMx="0.89" fuel="13.28" electricity="0.00" noise="84.65" route="routebottom" type="cfm_slow" waiting="0.00" lane="bottom_0" pos="49.10" speed="46.19" angle="6.13" x="128.93" y="61.78"/>
        <vehicle id="cfm_slow_4" eclass="HBEFA3/PC_G_EU4" CO2="17647.19" CO="548.06" HC="2.97" NOx="7.23" PMx="0.55" fuel="7.59" electricity="0.00" noise="81.46" route="routebottom" type="cfm_slow" waiting="0.00" lane="right_0" pos="39.90" speed="46.14" angle="292.75" x="84.05" y="125.71"/>
    </timestep>
    <timestep time="4.70">
        <vehicle id="cfm_slow_0" eclass="HBEFA3/PC_G_EU4" CO2="34223.63" CO="843.88" HC="4.72" NOx="15.10" PMx="0.96" fuel="14.71" electricity="0.00" noise="85.32" route="routetop" type="cfm_slow" waiting="0.00" lane="top_0" pos="32.17" speed="43.86" angle="216.63" x="8.34" y="98.37"/>
        <vehicle id="cfm_slow_1" eclass="HBEFA3/PC_G_EU4" CO2="38831.34" CO="949.63" HC="5.32" NOx="17.26" PMx="1.08" fuel="16.69" electricity="0.00" noise="86.89" route="routetop" type="cfm_slow" waiting="0.00" lane="left_0" pos="20.59" speed="44.43" angle="147.42" x="11.55" y="24.31"/>
        <vehicle id="cfm_slow_2" eclass="HBEFA3/PC_G_EU4" CO2="39736.95" CO="986.38" HC="5.51" NOx="17.67" PMx="1.11" fuel="17.08" electricity="0.00" noise="87.26" route="routebottom" type="cfm_slow" waiting="0.00" lane="bottom_0" pos="9.60" speed="45.34" angle="77.17" x="83.08" y="1.32"/>
        <vehicle id="cfm_slow_3" eclass="HBEFA3/PC_G_EU4" CO2="30624.77" CO="816.46" HC="4.51" NOx="13.36" PMx="0.88" fuel="13.16" electricity="0.00" noise="84.58" route="routebottom" type="cfm_slow" waiting="0.00" lane="bottom_0" pos="49.56" speed="46.20" angle="5.28" x="128.95" y="62.73"/>
        <vehicle id="cfm_slow_4" eclass="HBEFA3/PC_G_EU4" CO2="17533.19" CO="545.78" HC="2.96" NOx="7.18" PMx="0.54" fuel="7.54" electricity="0.00" noise="81.44" route="routebottom" type="cfm_slow" waiting="0.00" lane="right_0" pos="40.36" speed="46.15" angle="291.88" x="83.15" y="125.99"/>
    </timestep>
    <timestep time="4.71">
        <vehicle id="cfm_slow_0" eclass="HBEFA3/PC_G_EU4" CO2="34137.26" CO="842.47" HC="4.71" NOx="15.06" PMx="0.96" fuel="14.67" electricity="0.00" noise="85.30" route="routetop" type="cfm_slow" waiting="0.00" lane="top_0" pos="32.61" speed="43.88" angle="215.83" x="7.88" y="97.60"/>
        <vehicle id="cfm_slow_1" eclass="HBEFA3/PC_G_EU4" CO2="38711.69" CO="947.61" HC="5.31" NOx="17.20" PMx="1.08" fuel="16.64" electricity="0.00" noise="86.85" route="routetop" type="cfm_slow" waiting="0.00" lane="left_0" pos="21.03" speed="44.45" angle="146.62" x="12.11" y="23.59"/>
        <vehicle id="cfm_slow_2" eclass="HBEFA3/PC_G_EU4" CO2="39521.12" CO="982.39" HC="5.49" NOx="17.57" PMx="1.11" fuel="16.99" electricity="0.00" noise="87.19" route="routebottom" type="cfm_slow" waiting="0.00" lane="bottom_0" pos="10.06" speed="45.36" angle="76.34" x="83.97" y="1.59"/>
        <vehicle id="cfm_slow_3" eclass="HBEFA3/PC_G_EU4" CO2="30356.94" CO="811.24" HC="4.48" NOx="13.23" PMx="0.88" fuel="13.05" electricity="0.00" noise="84.50" route="routebottom" type="cfm_slow" waiting="0.00" lane="right_0" pos="0.02" speed="46.21" angle="4.45" x="128.97" y="63.74"/>
        <vehicle id="cfm_slow_4" eclass="HBEFA3/PC_G_EU4" CO2="17421.93" CO="543.56" HC="2.94" NOx="7.13" PMx="0.54" fuel="7.49" electricity="0.00" noise="81.42" route="routebottom" type="cfm_slow" waiting="0.00" lane="right_0" pos="40.83" speed="46.15" angle="291.02" x="82.24" y="126.27"/>
    </timestep>
    <timestep time="4.72">
        <vehicle id="cfm_slow_0" eclass="HBEFA3/PC_G_EU4" CO2="34051.69" CO="841.07" HC="4.71" NOx="15.02" PMx="0.95" fuel="14.64" electricity="0.00" noise="85.27" route="routetop" type="cfm_slow" waiting="0.00" lane="top_0" pos="33.04" speed="43.90" angle="215.03" x="7.41" y="96.83"/>
        <vehicle id="cfm_slow_1" eclass="HBEFA3/PC_G_EU4" CO2="38592.22" CO="945.59" HC="5.30" NOx="17.15" PMx="1.08" fuel="16.59" electricity="0.00" noise="86.81" route="routetop" type="cfm_slow" waiting="0.00" lane="left_0" pos="21.47" speed="44.47" angle="145.81" x="12.67" y="22.87"/>
        <vehicle id="cfm_slow_2" eclass="HBEFA3/PC_G_EU4" CO2="39305.81" CO="978.41" HC="5.47" NOx="17.47" PMx="1.10" fuel="16.90" electricity="0.00" noise="87.12" route="routebottom" type="cfm_slow" waiting="0.00" lane="bottom_0" pos="10.51" speed="45.39" angle="75.57" x="84.85" y="1.89"/>
        <vehicle id="cfm_slow_3" eclass="HBEFA3/PC_G_EU4" CO2="30091.62" CO="806.07" HC="4.45" NOx="13.10" PMx="0.87" fuel="12.94" electricity="0.00" noise="84.43" route="routebottom" type="cfm_slow" waiting="0.00" lane="right_0" pos="0.49" speed="46.23" angle="3.61" x="128.95" y="64.68"/>
        <vehicle id="cfm_slow_4" eclass="HBEFA3/PC_G_EU4" CO2="17313.38" CO="541.39" HC="2.93" NOx="7.08" PMx="0.54" fuel="7.44" electricity="0.00" noise="81.40" route="routebottom" type="cfm_slow" waiting="0.00" lane="right_0" pos="41.29" speed="46.15" angle="290.22" x="81.33" y="126.53"/>
    </timestep>
    <timestep time="4.73">
        <vehicle id="cfm_slow_0" eclass="HBEFA3/PC_G_EU4" CO2="33966.91" CO="839.69" HC="4.70" NOx="14.97" PMx="0.95" fuel="14.60" electricity="0.00" noise="85.25" route="routetop" type="cfm_slow" waiting="0.00" lane="top_0" pos="33.48" speed="43.92" angle="214.29" x="6.95" y="96.06"/>
        <vehicle id="cfm_slow_1" eclass="HBEFA3/PC_G_EU4" CO2="38472.94" CO="943.57" HC="5.28" NOx="17.09" PMx="1.07" fuel="16.54" electricity="0.00" noise="86.77" route="routetop" type="cfm_slow" waiting="0.00" lane="left_0" pos="21.92" speed="44.50" angle="145.05" x="13.24" y="22.16"/>
        <vehicle id="cfm_slow_2" eclass="HBEFA3/PC_G_EU4" CO2="39091.02" CO="974.44" HC="5.44" NOx="17.37" PMx="1.10" fuel="16.80" electricity="0.00" noise="87.05" route="routebottom" type="cfm_slow" waiting="0.00" lane="bottom_0" pos="10.96" speed="45.41" angle="74.73" x="85.72" y="2.20"/>
        <vehicle id="cfm_slow_3" eclass="HBEFA3/PC_G_EU4" CO2="29828.83" CO="800.94" HC="4.42" NOx="12.98" PMx="0.86" fuel="12.82" electricity="0.00" noise="84.36" route="routebottom" type="cfm_slow" waiting="0.00" lane="right_0" pos="0.95" speed="46.24" angle="2.76" x="128.93" y="65.63"/>
        <vehicle id="cfm_slow_4" eclass="HBEFA3/PC_G_EU4" CO2="17207.49" CO="539.28" HC="2.92" NOx="7.03" PMx="0.53" fuel="7.40" electricity="0.00" noise="81.38" route="routebottom" type="cfm_slow" waiting="0.00" lane="right_0" pos="41.75" speed="46.16" angle="289.35" x="80.42" y="126.77"/>
    </timestep>
    <timestep time="4.74">
        <vehicle id="cfm_slow_0" eclass="HBEFA3/PC_G_EU4" CO2="33882.90" CO="838.32" HC="4.69" NOx="14.93" PMx="0.95" fuel="14.56" electricity="0.00" noise="85.22" route="routetop" type="cfm_slow" waiting="0.00" lane="top_0" pos="33.92" speed="43.94" angle="213.48" x="6.52" y="95.27"/>
        <vehicle id="cfm_slow_1" eclass="HBEFA3/PC_G_EU4" CO2="38353.84" CO="941.56" HC="5.27" NOx="17.03" PMx="1.07" fuel="16.49" electricity="0.00" noise="86.74" route="routetop" type="cfm_slow" waiting="0.00" lane="left_0" pos="22.37" speed="44.52" angle="144.22" x="13.83" y="21.46"/>
        <vehicle id="cfm_slow_2" eclass="HBEFA3/PC_G_EU4" CO2="38876.77" CO="970.47" HC="5.42" NOx="17.26" PMx="1.09" fuel="16.71" electricity="0.00" noise="86.98" route="routebottom" type="cfm_slow" waiting="0.00" lane="bottom_0" pos="11.42" speed="45.43" angle="73.89" x="86.60" y="2.52"/>
        <vehicle id="cfm_slow_3" eclass="HBEFA3/PC_G_EU4" CO2="29568.55" CO="795.87" HC="4.39" NOx="12.86" PMx="0.86" fuel="12.71" electricity="0.00" noise="84.29" route="routebottom" type="cfm_slow" waiting="0.00" lane="right_0" pos="1.41" speed="46.26" angle="1.96" x="128.90" y="66.58"/>
        <vehicle id="cfm_slow_4" eclass="HBEFA3/PC_G_EU4" CO2="17104.24" CO="537.22" HC="2.91" NOx="6.98" PMx="0.53" fuel="7.35" electricity="0.00" noise="81.36" route="routebottom" type="cfm_slow" waiting="0.00" lane="right_0" pos="42.21" speed="46.16" angle="288.49" x="79.50" y="127.02"/>
    </timestep>
    <timestep time="4.75">
        <vehicle id="cfm_slow_0" eclass="HBEFA3/PC_G_EU4" CO2="33799.66" CO="836.97" HC="4.68" NOx="14.90" PMx="0.95" fuel="14.53" electricity="0.00" noise="85.20" route="routetop" type="cfm_slow" waiting="0.00" lane="top_0" pos="34.36" speed="43.96" angle="212.68" x="6.08" y="94.48"/>
        <vehicle id="cfm_slow_1" eclass="HBEFA3/PC_G_EU4" CO2="38234.90" CO="939.54" HC="5.26" NOx="16.98" PMx="1.07" fuel="16.44" electricity="0.00" noise="86.70" route="routetop" type="cfm_slow" waiting="0.00" lane="left_0" pos="22.81" speed="44.54" angle="143.39" x="14.42" y="20.77"/>
        <vehicle id="cfm_slow_2" eclass="HBEFA3/PC_G_EU4" CO2="38663.07" CO="966.51" HC="5.40" NOx="17.16" PMx="1.09" fuel="16.62" electricity="0.00" noise="86.92" route="routebottom" type="cfm_slow" waiting="0.00" lane="bottom_0" pos="11.87" speed="45.45" angle="73.11" x="87.47" y="2.86"/>
        <vehicle id="cfm_slow_3" eclass="HBEFA3/PC_G_EU4" CO2="29310.78" CO="790.83" HC="4.37" NOx="12.73" PMx="0.85" fuel="12.60" electricity="0.00" noise="84.22" route="routebottom" type="cfm_slow" waiting="0.00" lane="right_0" pos="1.87" speed="46.27" angle="1.12" x="128.85" y="67.53"/>
        <vehicle id="cfm_slow_4" eclass="HBEFA3/PC_G_EU4" CO2="17003.57" CO="535.21" HC="2.90" NOx="6.93" PMx="0.53" fuel="7.31" electricity="0.00" noise="81.34" route="routebottom" type="cfm_slow" waiting="0.00" lane="right_0" pos="42.67" speed="46.16" angle="287.72" x="78.58" y="127.23"/>
    </timestep>
    <timestep time="4.76">
        <vehicle id="cfm_slow_0" eclass="HBEFA3/PC_G_EU4" CO2="33717.16" CO="835.63" HC="4.67" NOx="14.86" PMx="0.95" fuel="14.49" electricity="0.00" noise="85.17" route="routetop" type="cfm_slow" waiting="0.00" lane="top_0" pos="34.80" speed="43.98" angle="211.94" x="5.66" y="93.68"/>
        <vehicle id="cfm_slow_1" eclass="HBEFA3/PC_G_EU4" CO2="38116.14" CO="937.53" HC="5.25" NOx="16.92" PMx="1.07" fuel="16.38" electricity="0.00" noise="86.66" route="routetop" type="cfm_slow" waiting="0.00" lane="left_0" pos="23.26" speed="44.56" angle="142.64" x="15.03" y="20.08"/>
        <vehicle id="cfm_slow_2" eclass="HBEFA3/PC_G_EU4" CO2="38449.93" CO="962.56" HC="5.37" NOx="17.06" PMx="1.08" fuel="16.53" electricity="0.00" noise="86.85" route="routebottom" type="cfm_slow" waiting="0.00" lane="bottom_0" pos="12.33" speed="45.47" angle="72.30" x="88.34" y="3.20"/>
        <vehicle id="cfm_slow_3" eclass="HBEFA3/PC_G_EU4" CO2="29055.53" CO="785.85" HC="4.34" NOx="12.61" PMx="0.84" fuel="12.49" electricity="0.00" noise="84.16" route="routebottom" type="cfm_slow" waiting="0.00" lane="right_0" pos="2.34" speed="46.28" angle="0.27" x="128.79" y="68.48"/>
        <vehicle id="cfm_slow_4" eclass="HBEFA3/PC_G_EU4" CO2="16905.46" CO="533.25" HC="2.88" NOx="6.88" PMx="0.53" fuel="7.27" electricity="0.00" noise="81.32" route="routebottom" type="cfm_slow" waiting="0.00" lane="right_0" pos="43.13" speed="46.16" angle="286.91" x="77.66" y="127.45"/>
    </timestep>
    <timestep time="4.77">
        <vehicle id="cfm_slow_0" eclass="HBEFA3/PC_G_EU4" CO2="33635.39" CO="834.31" HC="4.67" NOx="14.82" PMx="0.94" fuel="14.46" electricity="0.00" noise="85.15" route="routetop" type="cfm_slow" waiting="0.00" lane="top_0" pos="35.24" speed="43.99" angle="211.13" x="5.26" y="92.87"/>
        <vehicle id="cfm_slow_1" eclass="HBEFA3/PC_G_EU4" CO2="37997.53" CO="935.52" HC="5.24" NOx="16.86" PMx="1.06" fuel="16.33" electricity="0.00" noise="86.62" route="routetop" type="cfm_slow" waiting="0.00" lane="left_0" pos="23.70" speed="44.58" angle="141.83" x="15.65" y="19.41"/>
        <vehicle id="cfm_slow_2" eclass="HBEFA3/PC_G_EU4" CO2="38237.35" CO="958.62" HC="5.35" NOx="16.96" PMx="1.08" fuel="16.44" electricity="0.00" noise="86.78" route="routebottom" type="cfm_slow" waiting="0.00" lane="bottom_0" pos="12.78" speed="45.49" angle="71.52" x="89.20" y="3.55"/>
        <vehicle id="cfm_slow_3" eclass="HBEFA3/PC_G_EU4" CO2="28802.77" CO="780.91" HC="4.31" NOx="12.49" PMx="0.84" fuel="12.38" electricity="0.00" noise="84.09" route="routebottom" type="cfm_slow" waiting="0.00" lane="right_0" pos="2.80" speed="46.29" angle="359.48" x="128.72" y="69.42"/>
        <vehicle id="cfm_slow_4" eclass="HBEFA3/PC_G_EU4" CO2="16809.87" CO="531.34" HC="2.87" NOx="6.84" PMx="0.52" fuel="7.23" electricity="0.00" noise="81.31" route="routebottom" type="cfm_slow" waiting="0.00" lane="right_0" pos="43.60" speed="46.17" angle="286.14" x="76.73" y="127.66"/>
    </timestep>
    <timestep time="4.78">
        <vehicle id="cfm_slow_0" eclass="HBEFA3/PC_G_EU4" CO2="33554.34" CO="832.99" HC="4.66" NOx="14.78" PMx="0.94" fuel="14.42" electricity="0.00" noise="85.13" route="routetop" type="cfm_slow" waiting="0.00" lane="top_0" pos="35.68" speed="44.01" angle="210.33" x="4.85" y="92.07"/>
        <vehicle id="cfm_slow_1" eclass="HBEFA3/PC_G_EU4" CO2="37879.09" CO="933.51" HC="5.22" NOx="16.81" PMx="1.06" fuel="16.28" electricity="0.00" noise="86.59" route="routetop" type="cfm_slow" waiting="0.00" lane="left_0" pos="24.15" speed="44.61" angle="141.03" x="16.27" y="18.74"/>
        <vehicle id="cfm_slow_2" eclass="HBEFA3/PC_G_EU4" CO2="38025.36" CO="954.68" HC="5.33" NOx="16.86" PMx="1.07" fuel="16.35" electricity="0.00" noise="86.72" route="routebottom" type="cfm_slow" waiting="0.00" lane="bottom_0" pos="13.24" speed="45.52" angle="70.70" x="90.05" y="3.93"/>
        <vehicle id="cfm_slow_3" eclass="HBEFA3/PC_G_EU4" CO2="28552.51" CO="776.03" HC="4.28" NOx="12.38" PMx="0.83" fuel="12.27" electricity="0.00" noise="84.03" route="routebottom" type="cfm_slow" waiting="0.00" lane="right_0" pos="3.26" speed="46.31" angle="358.64" x="128.62" y="70.37"/>
        <vehicle id="cfm_slow_4" eclass="HBEFA3/PC_G_EU4" CO2="16716.76" CO="529.49" HC="2.86" NOx="6.79" PMx="0.52" fuel="7.19" electricity="0.00" noise="81.29" route="routebottom" type="cfm_slow" waiting="0.00" lane="right_0" pos="44.06" speed="46.17" angle="285.25" x="75.80" y="127.83"/>
    </timestep>
    <timestep time="4.79">
        <vehicle id="cfm_slow_0" eclass="HBEFA3/PC_G_EU4" CO2="33474.00" CO="831.69" HC="4.65" NOx="14.74" PMx="0.94" fuel="14.39" electricity="0.00" noise="85.10" route="routetop" type="cfm_slow" waiting="0.00" lane="top_0" pos="36.12" speed="44.03" angle="209.57" x="4.47" y="91.25"/>
        <vehicle id="cfm_slow_1" eclass="HBEFA3/PC_G_EU4" CO2="37760.79" CO="931.50" HC="5.21" NOx="16.75" PMx="1.06" fuel="16.23" electricity="0.00" noise="86.55" route="routetop" type="cfm_slow" waiting="0.00" lane="left_0" pos="24.59" speed="44.63" angle="140.27" x="16.90" y="18.08"/>
        <vehicle id="cfm_slow_2" eclass="HBEFA3/PC_G_EU4" CO2="37813.95" CO="950.76" HC="5.30" NOx="16.76" PMx="1.07" fuel="16.25" electricity="0.00" noise="86.65" route="routebottom" type="cfm_slow" waiting="0.00" lane="bottom_0" pos="13.69" speed="45.54" angle="69.86" x="90.91" y="4.31"/>
        <vehicle id="cfm_slow_3" eclass="HBEFA3/PC_G_EU4" CO2="28304.75" CO="771.18" HC="4.25" NOx="12.26" PMx="0.82" fuel="12.17" electricity="0.00" noise="83.96" route="routebottom" type="cfm_slow" waiting="0.00" lane="right_0" pos="3.72" speed="46.32" angle="357.80" x="128.52" y="71.31"/>
        <vehicle id="cfm_slow_4" eclass="HBEFA3/PC_G_EU4" CO2="16626.09" CO="527.68" HC="2.85" NOx="6.75" PMx="0.52" fuel="7.15" electricity="0.00" noise="81.27" route="routebottom" type="cfm_slow" waiting="0.00" lane="right_0" pos="44.52" speed="46.17" angle="284.35" x="74.87" y="128.00"/>
    </timestep>
    <timestep time="4.80">
        <vehicle id="cfm_slow_0" eclass="HBEFA3/PC_G_EU4" CO2="33394.34" CO="830.41" HC="4.64" NOx="14.70" PMx="0.94" fuel="14.35" electricity="0.00" noise="85.08" route="routetop" type="cfm_slow" waiting="0.00" lane="top_0" pos="36.56" speed="44.05" angle="208.73" x="4.10" y="90.43"/>
        <vehicle id="cfm_slow_1" eclass="HBEFA3/PC_G_EU4" CO2="37642.65" CO="929.49" HC="5.20" NOx="16.70" PMx="1.05" fuel="16.18" electricity="0.00" noise="86.51" route="routetop" type="cfm_slow" waiting="0.00" lane="left_0" pos="25.04" speed="44.65" angle="139.43" x="17.55" y="17.43"/>
        <vehicle id="cfm_slow_2" eclass="HBEFA3/PC_G_EU4" CO2="37603.15" CO="946.84" HC="5.28" NOx="16.66" PMx="1.06" fuel="16.16" electricity="0.00" noise="86.59" route="routebottom" type="cfm_slow" waiting="0.00" lane="bottom_0" pos="14.15" speed="45.56" angle="69.08" x="91.76" y="4.70"/>
        <vehicle id="cfm_slow_3" eclass="HBEFA3/PC_G_EU4" CO2="28059.47" CO="766.39" HC="4.22" NOx="12.14" PMx="0.82" fuel="12.06" electricity="0.00" noise="83.90" route="routebottom" type="cfm_slow" waiting="0.00" lane="right_0" pos="4.19" speed="46.33" angle="356.99" x="128.40" y="72.25"/>
        <vehicle id="cfm_slow_4" eclass="HBEFA3/PC_G_EU4" CO2="16537.83" CO="525.91" HC="2.84" NOx="6.71" PMx="0.52" fuel="7.11" electricity="0.00" noise="81.26" route="routebottom" type="cfm_slow" waiting="0.00" lane="right_0" pos="44.98" speed="46.18" angle="283.54" x="73.94" y="128.16"/>
    </timestep>
    <timestep time="4.81">
        <vehicle id="cfm_slow_0" eclass="HBEFA3/PC_G_EU4" CO2="33315.37" CO="829.14" HC="4.63" NOx="14.66" PMx="0.94" fuel="14.32" electricity="0.00" noise="85.06" route="routetop" type="cfm_slow" waiting="0.00" lane="top_0" pos="37.00" speed="44.07" angle="207.90" x="3.72" y="89.60"/>
        <vehicle id="cfm_slow_1" eclass="HBEFA3/PC_G_EU4" CO2="37524.64" CO="927.49" HC="5.19" NOx="16.64" PMx="1.05" fuel="16.13" electricity="0.00" noise="86.48" route="routetop" type="cfm_slow" waiting="0.00" lane="left_0" pos="25.49" speed="44.67" angle="138.60" x="18.20" y="16.78"/>
        <vehicle id="cfm_slow_2" eclass="HBEFA3/PC_G_EU4" CO2="37392.95" CO="942.93" HC="5.26" NOx="16.56" PMx="1.06" fuel="16.07" electricity="0.00" noise="86.52" route="routebottom" type="cfm_slow" waiting="0.00" lane="bottom_0" pos="14.60" speed="45.58" angle="68.23" x="92.59" y="5.12"/>
        <vehicle id="cfm_slow_3" eclass="HBEFA3/PC_G_EU4" CO2="27816.67" CO="761.64" HC="4.20" NOx="12.03" PMx="0.81" fuel="11.96" electricity="0.00" noise="83.84" route="routebottom" type="cfm_slow" waiting="0.00" lane="right_0" pos="4.65" speed="46.34" angle="356.15" x="128.26" y="73.19"/>
        <vehicle id="cfm_slow_4" eclass="HBEFA3/PC_G_EU4" CO2="16451.94" CO="524.20" HC="2.83" NOx="6.67" PMx="0.51" fuel="7.07" electricity="0.00" noise="81.24" route="routebottom" type="cfm_slow" waiting="0.00" lane="right_0" pos="45.44" speed="46.18" angle="282.70" x="73.00" y="128.29"/>
    </timestep>
    <timestep time="4.82">
        <vehicle id="cfm_slow_0" eclass="HBEFA3/PC_G_EU4" CO2="33237.06" CO="827.87" HC="4.63" NOx="14.63" PMx="0.93" fuel="14.29" electricity="0.00" noise="85.03" route="routetop" type="cfm_slow" waiting="0.00" lane="top_0" pos="37.44" speed="44.09" angle="207.13" x="3.38" y="88.77"/>
        <vehicle id="cfm_slow_1" eclass="HBEFA3/PC_G_EU4" CO2="37406.78" CO="925.48" HC="5.18" NOx="16.58" PMx="1.05" fuel="16.08" electricity="0.00" noise="86.44" route="routetop" type="cfm_slow" waiting="0.00" lane="left_0" pos="25.93" speed="44.69" angle="137.84" x="18.86" y="16.15"/>
        <vehicle id="cfm_slow_2" eclass="HBEFA3/PC_G_EU4" CO2="37183.37" CO="939.03" HC="5.23" NOx="16.46" PMx="1.05" fuel="15.98" electricity="0.00" noise="86.46" route="routebottom" type="cfm_slow" waiting="0.00" lane="bottom_0" pos="15.06" speed="45.60" angle="67.37" x="93.43" y="5.53"/>
        <vehicle id="cfm_slow_3" eclass="HBEFA3/PC_G_EU4" CO2="27576.35" CO="756.94" HC="4.17" NOx="11.91" PMx="0.81" fuel="11.85" electricity="0.00" noise="83.78" route="routebottom" type="cfm_slow" waiting="0.00" lane="right_0" pos="5.11" speed="46.35" angle="355.33" x="128.13" y="74.13"/>
        <vehicle id="cfm_slow_4" eclass="HBEFA3/PC_G_EU4" CO2="16368.39" CO="522.53" HC="2.82" NOx="6.63" PMx="0.51" fuel="7.04" electricity="0.00" noise="81.23" route="routebottom" type="cfm_slow" waiting="0.00" lane="right_0" pos="45.90" speed="46.18" angle="281.85" x="72.06" y="128.42"/>
    </timestep>
    <timestep time="4.83">
        <vehicle id="cfm_slow_0" eclass="HBEFA3/PC_G_EU4" CO2="33159.40" CO="826.63" HC="4.62" NOx="14.59" PMx="0.93" fuel="14.25" electricity="0.00" noise="85.01" route="routetop" type="cfm_slow" waiting="0.00" lane="top_0" pos="37.89" speed="44.11" angle="206.30" x="3.04" y="87.93"/>
        <vehicle id="cfm_slow_1" eclass="HBEFA3/PC_G_EU4" CO2="37289.05" CO="923.47" HC="5.16" NOx="16.53" PMx="1.04" fuel="16.03" electricity="0.00" noise="86.40" route="routetop" type="cfm_slow" waiting="0.00" lane="left_0" pos="26.38" speed="44.71" angle="137.01" x="19.54" y="15.53"/>
        <vehicle id="cfm_slow_2" eclass="HBEFA3/PC_G_EU4" CO2="36974.43" CO="935.14" HC="5.21" NOx="16.36" PMx="1.04" fuel="15.89" electricity="0.00" noise="86.39" route="routebottom" type="cfm_slow" waiting="0.00" lane="bottom_0" pos="15.52" speed="45.62" angle="66.59" x="94.26" y="5.96"/>
        <vehicle id="cfm_slow_3" eclass="HBEFA3/PC_G_EU4" CO2="27338.49" CO="752.28" HC="4.14" NOx="11.80" PMx="0.80" fuel="11.75" electricity="0.00" noise="83.72" route="routebottom" type="cfm_slow" waiting="0.00" lane="right_0" pos="5.58" speed="46.37" angle="354.47" x="127.96" y="75.07"/>
        <vehicle id="cfm_slow_4" eclass="HBEFA3/PC_G_EU4" CO2="16287.14" CO="520.91" HC="2.81" NOx="6.59" PMx="0.51" fuel="7.00" electricity="0.00" noise="81.21" route="routebottom" type="cfm_slow" waiting="0.00" lane="right_0" pos="46.37" speed="46.18" angle="281.08" x="71.12" y="128.54"/>
    </timestep>
    <timestep time="4.84">
        <vehicle id="cfm_slow_0" eclass="HBEFA3/PC_G_EU4" CO2="33082.38" CO="825.39" HC="4.61" NOx="14.55" PMx="0.93" fuel="14.22" electricity="0.00" noise="84.99" route="routetop" type="cfm_slow" waiting="0.00" lane="top_0" pos="38.33" speed="44.12" angle="205.46" x="2.71" y="87.09"/>
        <vehicle id="cfm_slow_1" eclass="HBEFA3/PC_G_EU4" CO2="37171.45" CO="921.47" HC="5.15" NOx="16.47" PMx="1.04" fuel="15.98" electricity="0.00" noise="86.37" route="routetop" type="cfm_slow" waiting="0.00" lane="left_0" pos="26.83" speed="44.74" angle="136.19" x="20.21" y="14.91"/>
        <vehicle id="cfm_slow_2" eclass="HBEFA3/PC_G_EU4" CO2="36766.12" CO="931.26" HC="5.19" NOx="16.26" PMx="1.04" fuel="15.80" electricity="0.00" noise="86.33" route="routebottom" type="cfm_slow" waiting="0.00" lane="bottom_0" pos="15.97" speed="45.64" angle="65.77" x="95.08" y="6.41"/>
        <vehicle id="cfm_slow_3" eclass="HBEFA3/PC_G_EU4" CO2="27103.10" CO="747.67" HC="4.11" NOx="11.69" PMx="0.79" fuel="11.65" electricity="0.00" noise="83.66" route="routebottom" type="cfm_slow" waiting="0.00" lane="right_0" pos="6.04" speed="46.38" angle="353.62" x="127.79" y="76.01"/>
        <vehicle id="cfm_slow_4" eclass="HBEFA3/PC_G_EU4" CO2="16208.16" CO="519.33" HC="2.80" NOx="6.55" PMx="0.51" fuel="6.97" electricity="0.00" noise="81.20" route="routebottom" type="cfm_slow" waiting="0.00" lane="right_0" pos="46.83" speed="46.19" angle="280.25" x="70.18" y="128.64"/>
    </timestep>
    <timestep time="4.85">
        <vehicle id="cfm_slow_0" eclass="HBEFA3/PC_G_EU4" CO2="33005.99" CO="824.16" HC="4.60" NOx="14.52" PMx="0.93" fuel="14.19" electricity="0.00" noise="84.97" route="routetop" type="cfm_slow" waiting="0.00" lane="top_0" pos="38.77" speed="44.14" angle="204.71" x="2.39" y="86.24"/>
        <vehicle id="cfm_slow_1" eclass="HBEFA3/PC_G_EU4" CO2="37053.99" CO="919.46" HC="5.14" NOx="16.42" PMx="1.04" fuel="15.93" electricity="0.00" noise="86.33" route="routetop" type="cfm_slow" waiting="0.00" lane="left_0" pos="27.28" speed="44.76" angle="135.41" x="20.90" y="14.31"/>
        <vehicle id="cfm_slow_2" eclass="HBEFA3/PC_G_EU4" CO2="36558.46" CO="927.39" HC="5.17" NOx="16.17" PMx="1.03" fuel="15.71" electricity="0.00" noise="86.27" route="routebottom" type="cfm_slow" waiting="0.00" lane="bottom_0" pos="16.43" speed="45.66" angle="64.93" x="95.90" y="6.87"/>
        <vehicle id="cfm_slow_3" eclass="HBEFA3/PC_G_EU4" CO2="26870.16" CO="743.11" HC="4.09" NOx="11.58" PMx="0.79" fuel="11.55" electricity="0.00" noise="83.60" route="routebottom" type="cfm_slow" waiting="0.00" lane="right_0" pos="6.51" speed="46.39" angle="352.81" x="127.61" y="76.94"/>
        <vehicle id="cfm_slow_4" eclass="HBEFA3/PC_G_EU4" CO2="16131.41" CO="517.80" HC="2.79" NOx="6.52" PMx="0.51" fuel="6.93" electricity="0.00" noise="81.19" route="routebottom" type="cfm_slow" waiting="0.00" lane="right_0" pos="47.29" speed="46.19" angle="279.43" x="69.24" y="128.74"/>
    </timestep>
    <timestep time="4.86">
        <vehicle id="cfm_slow_0" eclass="HBEFA3/PC_G_EU4" CO2="32930.21" CO="822.95" HC="4.60" NOx="14.48" PMx="0.93" fuel="14.16" electricity="0.00" noise="84.95" route="routetop" type="cfm_slow" waiting="0.00" lane="top_0" pos="39.21" speed="44.16" angle="203.90" x="2.08" y="85.39"/>
        <vehicle id="cfm_slow_1" eclass="HBEFA3/PC_G_EU4" CO2="36936.64" CO="917.46" HC="5.13" NOx="16.36" PMx="1.04" fuel="15.88" electricity="0.00" noise="86.29" route="routetop" type="cfm_slow" waiting="0.00" lane="left_0" pos="27.72" speed="44.78" angle="134.59" x="21.60" y="13.71"/>
        <vehicle id="cfm_slow_2" eclass="HBEFA3/PC_G_EU4" CO2="36351.46" CO="923.52" HC="5.14" NOx="16.07" PMx="1.03" fuel="15.63" electricity="0.00" noise="86.20" route="routebottom" type="cfm_slow" waiting="0.00" lane="bottom_0" pos="16.89" speed="45.68" angle="64.14" x="96.71" y="7.34"/>
        <vehicle id="cfm_slow_3" eclass="HBEFA3/PC_G_EU4" CO2="26639.67" CO="738.59" HC="4.06" NOx="11.47" PMx="0.78" fuel="11.45" electricity="0.00" noise="83.54" route="routebottom" type="cfm_slow" waiting="0.00" lane="right_0" pos="6.97" speed="46.40" angle="351.92" x="127.40" y="77.87"/>
        <vehicle id="cfm_slow_4" eclass="HBEFA3/PC_G_EU4" CO2="16056.86" CO="516.31" HC="2.79" NOx="6.48" PMx="0.50" fuel="6.90" electricity="0.00" noise="81.17" route="routebottom" type="cfm_slow" waiting="0.00" lane="right_0" pos="47.75" speed="46.19" angle="278.62" x="68.30" y="128.81"/>
    </timestep>
    <timestep time="4.87">
        <vehicle id="cfm_slow_0" eclass="HBEFA3/PC_G_EU4" CO2="32855.03" CO="821.75" HC="4.59" NOx="14.45" PMx="0.92" fuel="14.12" electricity="0.00" noise="84.93" route="routetop" type="cfm_slow" waiting="0.00" lane="top_0" pos="39.65" speed="44.18" angle="203.12" x="1.78" y="84.54"/>
        <vehicle id="cfm_slow_1" eclass="HBEFA3/PC_G_EU4" CO2="36819.42" CO="915.46" HC="5.12" NOx="16.30" PMx="1.03" fuel="15.83" electricity="0.00" noise="86.26" route="routetop" type="cfm_slow" waiting="0.00" lane="left_0" pos="28.17" speed="44.80" angle="133.80" x="22.30" y="13.12"/>
        <vehicle id="cfm_slow_2" eclass="HBEFA3/PC_G_EU4" CO2="36145.13" CO="919.67" HC="5.12" NOx="15.97" PMx="1.02" fuel="15.54" electricity="0.00" noise="86.14" route="routebottom" type="cfm_slow" waiting="0.00" lane="bottom_0" pos="17.34" speed="45.70" angle="63.27" x="97.51" y="7.82"/>
        <vehicle id="cfm_slow_3" eclass="HBEFA3/PC_G_EU4" CO2="26411.62" CO="734.12" HC="4.04" NOx="11.36" PMx="0.78" fuel="11.35" electricity="0.00" noise="83.49" route="routebottom" type="cfm_slow" waiting="0.00" lane="right_0" pos="7.43" speed="46.41" angle="351.03" x="127.19" y="78.79"/>
        <vehicle id="cfm_slow_4" eclass="HBEFA3/PC_G_EU4" CO2="15984.47" CO="514.87" HC="2.78" NOx="6.45" PMx="0.50" fuel="6.87" electricity="0.00" noise="81.16" route="routebottom" type="cfm_slow" waiting="0.00" lane="right_0" pos="48.21" speed="46.19" angle="277.73" x="67.35" y="128.86"/>
    </timestep>
    <timestep time="4.88">
        <vehicle id="cfm_slow_0" eclass="HBEFA3/PC_G_EU4" CO2="32780.44" CO="820.55" HC="4.58" NOx="14.41" PMx="0.92" fuel="14.09" electricity="0.00" noise="84.91" route="routetop" type="cfm_slow" waiting="0.00" lane="top_0" pos="40.09" speed="44.20" angle="202.34" x="1.50" y="83.67"/>
        <vehicle id="cfm_slow_1" eclass="HBEFA3/PC_G_EU4" CO2="36702.32" CO="913.46" HC="5.10" NOx="16.25" PMx="1.03" fuel="15.78" electricity="0.00" noise="86.22" route="routetop" type="cfm_slow" waiting="0.00" lane="left_0" pos="28.62" speed="44.82" angle="132.99" x="23.02" y="12.55"/>
        <vehicle id="cfm_slow_2" eclass="HBEFA3/PC_G_EU4" CO2="35939.47" CO="915.83" HC="5.10" NOx="15.87" PMx="1.02" fuel="15.45" electricity="0.00" noise="86.08" route="routebottom" type="cfm_slow" waiting="0.00" lane="bottom_0" pos="17.80" speed="45.72" angle="62.41" x="98.31" y="8.30"/>
        <vehicle id="cfm_slow_3" eclass="HBEFA3/PC_G_EU4" CO2="26186.01" CO="729.70" HC="4.01" NOx="11.26" PMx="0.77" fuel="11.26" electricity="0.00" noise="83.43" route="routebottom" type="cfm_slow" waiting="0.00" lane="right_0" pos="7.90" speed="46.42" angle="350.23" x="126.96" y="79.72"/>
        <vehicle id="cfm_slow_4" eclass="HBEFA3/PC_G_EU4" CO2="15914.22" CO="513.46" HC="2.77" NOx="6.41" PMx="0.50" fuel="6.84" electricity="0.00" noise="81.15" route="routebottom" type="cfm_slow" waiting="0.00" lane="right_0" pos="48.68" speed="46.19" angle="276.88" x="66.40" y="128.91"/>
    </timestep>
    <timestep time="4.89">
        <vehicle id="cfm_slow_0" eclass="HBEFA3/PC_G_EU4" CO2="32706.43" CO="819.37" HC="4.57" NOx="14.37" PMx="0.92" fuel="14.06" electricity="0.00" noise="84.89" route="routetop" type="cfm_slow" waiting="0.00" lane="top_0" pos="40.54" speed="44.21" angle="201.51" x="1.23" y="82.81"/>
        <vehicle id="cfm_slow_1" eclass="HBEFA3/PC_G_EU4" CO2="36585.33" CO="911.45" HC="5.09" NOx="16.19" PMx="1.03" fuel="15.73" electricity="0.00" noise="86.19" route="routetop" type="cfm_slow" waiting="0.00" lane="left_0" pos="29.07" speed="44.84" angle="132.16" x="23.75" y="11.98"/>
        <vehicle id="cfm_slow_2" eclass="HBEFA3/PC_G_EU4" CO2="35734.51" CO="912.00" HC="5.08" NOx="15.78" PMx="1.01" fuel="15.36" electricity="0.00" noise="86.02" route="routebottom" type="cfm_slow" waiting="0.00" lane="bottom_0" pos="18.26" speed="45.73" angle="61.61" x="99.10" y="8.81"/>
        <vehicle id="cfm_slow_3" eclass="HBEFA3/PC_G_EU4" CO2="25962.81" CO="725.32" HC="3.98" NOx="11.15" PMx="0.76" fuel="11.16" electricity="0.00" noise="83.38" route="routebottom" type="cfm_slow" waiting="0.00" lane="right_0" pos="8.36" speed="46.43" angle="349.40" x="126.72" y="80.64"/>
        <vehicle id="cfm_slow_4" eclass="HBEFA3/PC_G_EU4" CO2="15846.06" CO="512.10" HC="2.76" NOx="6.38" PMx="0.50" fuel="6.81" electricity="0.00" noise="81.14" route="routebottom" type="cfm_slow" waiting="0.00" lane="right_0" pos="49.14" speed="46.20" angle="276.05" x="65.46" y="128.94"/>
    </timestep>
    <timestep time="4.90">
        <vehicle id="cfm_slow_0" eclass="HBEFA3/PC_G_EU4" CO2="32632.98" CO="818.20" HC="4.57" NOx="14.34" PMx="0.92" fuel="14.03" electricity="0.00" noise="84.86" route="routetop" type="cfm_slow" waiting="0.00" lane="top_0" pos="40.98" speed="44.23" angle="200.72" x="0.96" y="81.94"/>
        <vehicle id="cfm_slow_1" eclass="HBEFA3/PC_G_EU4" CO2="36468.46" CO="909.45" HC="5.08" NOx="16.14" PMx="1.02" fuel="15.68" electricity="0.00" noise="86.15" route="routetop" type="cfm_slow" waiting="0.00" lane="left_0" pos="29.52" speed="44.86" angle="131.39" x="24.47" y="11.42"/>
        <vehicle id="cfm_slow_2" eclass="HBEFA3/PC_G_EU4" CO2="35530.23" CO="908.18" HC="5.05" NOx="15.68" PMx="1.01" fuel="15.27" electricity="0.00" noise="85.96" route="routebottom" type="cfm_slow" waiting="0.00" lane="bottom_0" pos="18.71" speed="45.75" angle="60.74" x="99.88" y="9.33"/>
        <vehicle id="cfm_slow_3" eclass="HBEFA3/PC_G_EU4" CO2="25742.04" CO="720.99" HC="3.96" NOx="11.05" PMx="0.76" fuel="11.07" electricity="0.00" noise="83.33" route="routebottom" type="cfm_slow" waiting="0.00" lane="right_0" pos="8.83" speed="46.44" angle="348.57" x="126.47" y="81.56"/>
        <vehicle id="cfm_slow_4" eclass="HBEFA3/PC_G_EU4" CO2="15779.96" CO="510.78" HC="2.75" NOx="6.35" PMx="0.50" fuel="6.78" electricity="0.00" noise="81.13" route="routebottom" type="cfm_slow" waiting="0.00" lane="right_0" pos="49.60" speed="46.20" angle="275.20" x="64.51" y="128.95"/>
    </timestep>
    <timestep time="4.91">
        <vehicle id="cfm_slow_0" eclass="HBEFA3/PC_G_EU4" CO2="32560.08" CO="817.04" HC="4.56" NOx="14.30" PMx="0.92" fuel="14.00" electricity="0.00" noise="84.84" route="routetop" type="cfm_slow" waiting="0.00" lane="top_0" pos="41.42" speed="44.25" angle="199.93" x="0.72" y="81.07"/>
        <vehicle id="cfm_slow_1" eclass="HBEFA3/PC_G_EU4" CO2="36351.70" CO="907.45" HC="5.07" NOx="16.08" PMx="1.02" fuel="15.63" electricity="0.00" noise="86.12" route="routetop" type="cfm_slow" waiting="0.00" lane="left_0" pos="29.97" speed="44.88" angle="130.55" x="25.22" y="10.88"/>
        <vehicle id="cfm_slow_2" eclass="HBEFA3/PC_G_EU4" CO2="35326.67" CO="904.37" HC="5.03" NOx="15.58" PMx="1.00" fuel="15.19" electricity="0.00" noise="85.90" route="routebottom" type="cfm_slow" waiting="0.00" lane="bottom_0" pos="19.17" speed="45.77" angle="59.91" x="100.66" y="9.85"/>
        <vehicle id="cfm_slow_3" eclass="HBEFA3/PC_G_EU4" CO2="25523.67" CO="716.70" HC="3.93" NOx="10.94" PMx="0.75" fuel="10.97" electricity="0.00" noise="83.27" route="routebottom" type="cfm_slow" waiting="0.00" lane="right_0" pos="9.29" speed="46.45" angle="347.79" x="126.20" y="82.47"/>
        <vehicle id="cfm_slow_4" eclass="HBEFA3/PC_G_EU4" CO2="15715.91" CO="509.51" HC="2.75" NOx="6.32" PMx="0.50" fuel="6.76" electricity="0.00" noise="81.12" route="routetop" type="cfm_slow" waiting="0.00" lane="top_0" pos="0.06" speed="46.20" angle="274.37" x="63.50" y="128.97"/>
    </timestep>
    <timestep time="4.92">
        <vehicle id="cfm_slow_0" eclass="HBEFA3/PC_G_EU4" CO2="32487.72" CO="815.89" HC="4.55" NOx="14.27" PMx="0.92" fuel="13.96" electricity="0.00" noise="84.82" route="routetop" type="cfm_slow" waiting="0.00" lane="top_0" pos="41.86" speed="44.27" angle="199.12" x="0.49" y="80.19"/>
        <vehicle id="cfm_slow_1" eclass="HBEFA3/PC_G_EU4" CO2="36235.04" CO="905.45" HC="5.06" NOx="16.03" PMx="1.02" fuel="15.58" electricity="0.00" noise="86.08" route="routetop" type="cfm_slow" waiting="0.00" lane="left_0" pos="30.42" speed="44.90" angle="129.72" x="25.97" y="10.34"/>
        <vehicle id="cfm_slow_2" eclass="HBEFA3/PC_G_EU4" CO2="35123.81" CO="900.58" HC="5.01" NOx="15.49" PMx="1.00" fuel="15.10" electricity="0.00" noise="85.84" route="routebottom" type="cfm_slow" waiting="0.00" lane="bottom_0" pos="19.63" speed="45.79" angle="59.10" x="101.43" y="10.40"/>
        <vehicle id="cfm_slow_3" eclass="HBEFA3/PC_G_EU4" CO2="25307.70" CO="712.46" HC="3.91" NOx="10.84" PMx="0.75" fuel="10.88" electricity="0.00" noise="83.22" route="routebottom" type="cfm_slow" waiting="0.00" lane="right_0" pos="9.76" speed="46.46" angle="346.94" x="125.92" y="83.38"/>
        <vehicle id="cfm_slow_4" eclass="HBEFA3/PC_G_EU4" CO2="15653.85" CO="508.27" HC="2.74" NOx="6.29" PMx="0.49" fuel="6.73" electricity="0.00" noise="81.11" route="routetop" type="cfm_slow" waiting="0.00" lane="top_0" pos="0.52" speed="46.20" angle="273.53" x="62.56" y="128.95"/>
    </timestep>
    <timestep time="4.93">
        <vehicle id="cfm_slow_0" eclass="HBEFA3/PC_G_EU4" CO2="32415.89" CO="814.75" HC="4.55" NOx="14.24" PMx="0.91" fuel="13.93" electricity="0.00" noise="84.80" route="routetop" type="cfm_slow" waiting="0.00" lane="top_0" pos="42.31" speed="44.28" angle="198.36" x="0.25" y="79.31"/>
        <vehicle id="cfm_slow_1" eclass="HBEFA3/PC_G_EU4" CO2="36118.49" CO="903.45" HC="5.04" NOx="15.97" PMx="1.02" fuel="15.53" electricity="0.00" noise="86.05" route="routetop" type="cfm_slow" waiting="0.00" lane="left_0" pos="30.86" speed="44.92" angle="128.95" x="26.72" y="9.81"/>
        <vehicle id="cfm_slow_2" eclass="HBEFA3/PC_G_EU4" CO2="34921.68" CO="896.79" HC="4.99" NOx="15.39" PMx="0.99" fuel="15.01" electricity="0.00" noise="85.78" route="routebottom" type="cfm_slow" waiting="0.00" lane="bottom_0" pos="20.09" speed="45.81" angle="58.26" x="102.19" y="10.95"/>
        <vehicle id="cfm_slow_3" eclass="HBEFA3/PC_G_EU4" CO2="25094.12" CO="708.27" HC="3.89" NOx="10.74" PMx="0.74" fuel="10.79" electricity="0.00" noise="83.17" route="routebottom" type="cfm_slow" waiting="0.00" lane="right_0" pos="10.22" speed="46.47" angle="346.14" x="125.64" y="84.29"/>
        <vehicle id="cfm_slow_4" eclass="HBEFA3/PC_G_EU4" CO2="15593.76" CO="507.07" HC="2.73" NOx="6.26" PMx="0.49" fuel="6.70" electricity="0.00" noise="81.10" route="routetop" type="cfm_slow" waiting="0.00" lane="top_0" pos="0.99" speed="46.20" angle="272.69" x="61.61" y="128.93"/>
    </timestep>
    <timestep time="4.94">
        <vehicle id="cfm_slow_0" eclass="HBEFA3/PC_G_EU4" CO2="32344.58" CO="813.61" HC="4.54" NOx="14.20" PMx="0.91" fuel="13.90" electricity="0.00" noise="84.79" route="routetop" type="cfm_slow" waiting="0.00" lane="top_0" pos="42.75" speed="44.30" angle="197.57" x="0.05" y="78.43"/>
        <vehicle id="cfm_slow_1" eclass="HBEFA3/PC_G_EU4" CO2="36002.05" CO="901.44" HC="5.03" NOx="15.92" PMx="1.01" fuel="15.48" electricity="0.00" noise="86.01" route="routetop" type="cfm_slow" waiting="0.00" lane="left_0" pos="31.31" speed="44.94" angle="128.14" x="27.49" y="9.30"/>
        <vehicle id="cfm_slow_2" eclass="HBEFA3/PC_G_EU4" CO2="34720.29" CO="893.02" HC="4.96" NOx="15.30" PMx="0.99" fuel="14.92" electricity="0.00" noise="85.72" route="routebottom" type="cfm_slow" waiting="0.00" lane="bottom_0" pos="20.55" speed="45.83" angle="57.49" x="102.95" y="11.50"/>
        <vehicle id="cfm_slow_3" eclass="HBEFA3/PC_G_EU4" CO2="24882.92" CO="704.11" HC="3.86" NOx="10.64" PMx="0.74" fuel="10.70" electricity="0.00" noise="83.12" route="routebottom" type="cfm_slow" waiting="0.00" lane="right_0" pos="10.69" speed="46.48" angle="345.25" x="125.31" y="85.19"/>
        <vehicle id="cfm_slow_4" eclass="HBEFA3/PC_G_EU4" CO2="15535.60" CO="505.91" HC="2.73" NOx="6.24" PMx="0.49" fuel="6.68" electricity="0.00" noise="81.09" route="routetop" type="cfm_slow" waiting="0.00" lane="top_0" pos="1.45" speed="46.21" angle="271.89" x="60.66" y="128.90"/>
    </timestep>
    <timestep time="4.95">
        <vehicle id="cfm_slow_0" eclass="HBEFA3/PC_G_EU4" CO2="32273.78" CO="812.49" HC="4.53" NOx="14.17" PMx="0.91" fuel="13.87" electricity="0.00" noise="84.77" route="routetop" type="cfm_slow" waiting="0.00" lane="top_0" pos="43.19" speed="44.32" angle="196.77" x="-0.15" y="77.54"/>
        <vehicle id="cfm_slow_1" eclass="HBEFA3/PC_G_EU4" CO2="35885.70" CO="899.44" HC="5.02" NOx="15.86" PMx="1.01" fuel="15.43" electricity="0.00" noise="85.98" route="routetop" type="cfm_slow" waiting="0.00" lane="left_0" pos="31.76" speed="44.96" angle="127.33" x="28.26" y="8.79"/>
        <vehicle id="cfm_slow_2" eclass="HBEFA3/PC_G_EU4" CO2="34519.63" CO="889.25" HC="4.94" NOx="15.20" PMx="0.98" fuel="14.84" electricity="0.00" noise="85.66" route="routebottom" type="cfm_slow" waiting="0.00" lane="bottom_0" pos="21.01" speed="45.84" angle="56.65" x="103.69" y="12.08"/>
        <vehicle id="cfm_slow_3" eclass="HBEFA3/PC_G_EU4" CO2="24674.09" CO="700.01" HC="3.84" NOx="10.54" PMx="0.73" fuel="10.61" electricity="0.00" noise="83.07" route="routebottom" type="cfm_slow" waiting="0.00" lane="right_0" pos="11.15" speed="46.49" angle="344.35" x="124.99" y="86.09"/>
        <vehicle id="cfm_slow_4" eclass="HBEFA3/PC_G_EU4" CO2="15479.36" CO="504.79" HC="2.72" NOx="6.21" PMx="0.49" fuel="6.65" electricity="0.00" noise="81.08" route="routetop" type="cfm_slow" waiting="0.00" lane="top_0" pos="1.91" speed="46.21" angle="271.05" x="59.72" y="128.84"/>
    </timestep>
    <timestep time="4.96">
        <vehicle id="cfm_slow_0" eclass="HBEFA3/PC_G_EU4" CO2="32203.47" CO="811.38" HC="4.53" NOx="14.14" PMx="0.91" fuel="13.84" electricity="0.00" noise="84.75" route="routetop" type="cfm_slow" waiting="0.00" lane="top_0" pos="43.64" speed="44.34" angle="196.02" x="-0.34" y="76.65"/>
        <vehicle id="cfm_slow_1" eclass="HBEFA3/PC_G_EU4" CO2="35769.46" CO="897.44" HC="5.01" NOx="15.81" PMx="1.01" fuel="15.38" electricity="0.00" noise="85.94" route="routetop" type="cfm_slow" waiting="0.00" lane="left_0" pos="32.21" speed="44.98" angle="126.57" x="29.03" y="8.29"/>
        <vehicle id="cfm_slow_2" eclass="HBEFA3/PC_G_EU4" CO2="34319.72" CO="885.50" HC="4.92" NOx="15.11" PMx="0.98" fuel="14.75" electricity="0.00" noise="85.60" route="routebottom" type="cfm_slow" waiting="0.00" lane="bottom_0" pos="21.46" speed="45.86" angle="55.81" x="104.43" y="12.66"/>
        <vehicle id="cfm_slow_3" eclass="HBEFA3/PC_G_EU4" CO2="24467.63" CO="695.95" HC="3.81" NOx="10.45" PMx="0.73" fuel="10.52" electricity="0.00" noise="83.03" route="routebottom" type="cfm_slow" waiting="0.00" lane="right_0" pos="11.62" speed="46.50" angle="343.53" x="124.66" y="86.98"/>
        <vehicle id="cfm_slow_4" eclass="HBEFA3/PC_G_EU4" CO2="15424.98" CO="503.70" HC="2.71" NOx="6.18" PMx="0.49" fuel="6.63" electricity="0.00" noise="81.07" route="routetop" type="cfm_slow" waiting="0.00" lane="top_0" pos="2.37" speed="46.21" angle="270.21" x="58.77" y="128.79"/>
    </timestep>
    <timestep time="4.97">
        <vehicle id="cfm_slow_0" eclass="HBEFA3/PC_G_EU4" CO2="32133.64" CO="810.27" HC="4.52" NOx="14.10" PMx="0.91" fuel="13.81" electricity="0.00" noise="84.73" route="routetop" type="cfm_slow" waiting="0.00" lane="top_0" pos="44.08" speed="44.35" angle="195.19" x="-0.51" y="75.76"/>
        <vehicle id="cfm_slow_1" eclass="HBEFA3/PC_G_EU4" CO2="35653.32" CO="895.44" HC="5.00" NOx="15.75" PMx="1.00" fuel="15.33" electricity="0.00" noise="85.91" route="routetop" type="cfm_slow" waiting="0.00" lane="left_0" pos="32.66" speed="45.00" angle="125.73" x="29.82" y="7.82"/>
        <vehicle id="cfm_slow_2" eclass="HBEFA3/PC_G_EU4" CO2="34120.57" CO="881.76" HC="4.90" NOx="15.01" PMx="0.97" fuel="14.67" electricity="0.00" noise="85.54" route="routebottom" type="cfm_slow" waiting="0.00" lane="bottom_0" pos="21.92" speed="45.88" angle="55.03" x="105.17" y="13.24"/>
        <vehicle id="cfm_slow_3" eclass="HBEFA3/PC_G_EU4" CO2="24263.52" CO="691.93" HC="3.79" NOx="10.35" PMx="0.72" fuel="10.43" electricity="0.00" noise="82.98" route="routebottom" type="cfm_slow" waiting="0.00" lane="right_0" pos="12.08" speed="46.51" angle="342.71" x="124.30" y="87.87"/>
        <vehicle id="cfm_slow_4" eclass="HBEFA3/PC_G_EU4" CO2="15372.46" CO="502.66" HC="2.71" NOx="6.16" PMx="0.49" fuel="6.61" electricity="0.00" noise="81.06" route="routetop" type="cfm_slow" waiting="0.00" lane="top_0" pos="2.83" speed="46.21" angle="269.42" x="57.83" y="128.71"/>
    </timestep>
    <timestep time="4.98">
        <vehicle id="cfm_slow_0" eclass="HBEFA3/PC_G_EU4" CO2="32064.28" CO="809.18" HC="4.51" NOx="14.07" PMx="0.91" fuel="13.78" electricity="0.00" noise="84.71" route="routetop" type="cfm_slow" waiting="0.00" lane="top_0" pos="44.52" speed="44.37" angle="194.37" x="-0.68" y="74.86"/>
        <vehicle id="cfm_slow_1" eclass="HBEFA3/PC_G_EU4" CO2="35537.27" CO="893.44" HC="4.98" NOx="15.70" PMx="1.00" fuel="15.28" electricity="0.00" noise="85.87" route="routetop" type="cfm_slow" waiting="0.00" lane="left_0" pos="33.11" speed="45.02" angle="124.88" x="30.61" y="7.34"/>
        <vehicle id="cfm_slow_2" eclass="HBEFA3/PC_G_EU4" CO2="33922.19" CO="878.04" HC="4.88" NOx="14.92" PMx="0.97" fuel="14.58" electricity="0.00" noise="85.49" route="routebottom" type="cfm_slow" waiting="0.00" lane="bottom_0" pos="22.38" speed="45.90" angle="54.19" x="105.89" y="13.85"/>
        <vehicle id="cfm_slow_3" eclass="HBEFA3/PC_G_EU4" CO2="24061.75" CO="687.96" HC="3.77" NOx="10.25" PMx="0.72" fuel="10.34" electricity="0.00" noise="82.93" route="routebottom" type="cfm_slow" waiting="0.00" lane="right_0" pos="12.55" speed="46.52" angle="341.90" x="123.95" y="88.75"/>
        <vehicle id="cfm_slow_4" eclass="HBEFA3/PC_G_EU4" CO2="15321.74" CO="501.64" HC="2.70" NOx="6.13" PMx="0.49" fuel="6.59" electricity="0.00" noise="81.05" route="routetop" type="cfm_slow" waiting="0.00" lane="top_0" pos="3.30" speed="46.21" angle="268.57" x="56.88" y="128.61"/>
    </timestep>
    <timestep time="4.99">
        <vehicle id="cfm_slow_0" eclass="HBEFA3/PC_G_EU4" CO2="31995.39" CO="808.09" HC="4.51" NOx="14.04" PMx="0.90" fuel="13.75" electricity="0.00" noise="84.69" route="routetop" type="cfm_slow" waiting="0.00" lane="top_0" pos="44.97" speed="44.39" angle="193.62" x="-0.83" y="73.97"/>
        <vehicle id="cfm_slow_1" eclass="HBEFA3/PC_G_EU4" CO2="35421.32" CO="891.44" HC="4.97" NOx="15.64" PMx="1.00" fuel="15.23" electricity="0.00" noise="85.84" route="routetop" type="cfm_slow" waiting="0.00" lane="left_0" pos="33.56" speed="45.04" angle="124.12" x="31.41" y="6.88"/>
        <vehicle id="cfm_slow_2" eclass="HBEFA3/PC_G_EU4" CO2="33724.58" CO="874.32" HC="4.85" NOx="14.82" PMx="0.96" fuel="14.50" electricity="0.00" noise="85.43" route="routebottom" type="cfm_slow" waiting="0.00" lane="bottom_0" pos="22.84" speed="45.91" angle="53.36" x="106.60" y="14.46"/>
        <vehicle id="cfm_slow_3" eclass="HBEFA3/PC_G_EU4" CO2="23862.32" CO="684.04" HC="3.74" NOx="10.16" PMx="0.71" fuel="10.26" electricity="0.00" noise="82.89" route="routebottom" type="cfm_slow" waiting="0.00" lane="right_0" pos="13.01" speed="46.52" angle="341.10" x="123.58" y="89.63"/>
        <vehicle id="cfm_slow_4" eclass="HBEFA3/PC_G_EU4" CO2="15272.81" CO="500.67" HC="2.69" NOx="6.11" PMx="0.48" fuel="6.57" electricity="0.00" noise="81.04" route="routetop" type="cfm_slow" waiting="0.00" lane="top_0" pos="3.76" speed="46.21" angle="267.74" x="55.94" y="128.52"/>
    </timestep>
    <timestep time="5.00">
        <vehicle id="cfm_slow_0" eclass="HBEFA3/PC_G_EU4" CO2="31926.94" CO="807.01" HC="4.50" NOx="14.00" PMx="0.90" fuel="13.72" electricity="0.00" noise="84.67" route="routetop" type="cfm_slow" waiting="0.00" lane="top_0" pos="45.41" speed="44.40" angle="192.81" x="-0.96" y="73.07"/>
        <vehicle id="cfm_slow_1" eclass="HBEFA3/PC_G_EU4" CO2="35305.46" CO="889.44" HC="4.96" NOx="15.59" PMx="1.00" fuel="15.18" electricity="0.00" noise="85.80" route="routetop" type="cfm_slow" waiting="0.00" lane="left_0" pos="34.01" speed="45.06" angle="123.30" x="32.22" y="6.43"/>
        <vehicle id="cfm_slow_2" eclass="HBEFA3/PC_G_EU4" CO2="33527.76" CO="870.62" HC="4.83" NOx="14.73" PMx="0.96" fuel="14.41" electricity="0.00" noise="85.37" route="routebottom" type="cfm_slow" waiting="0.00" lane="bottom_0" pos="23.30" speed="45.93" angle="52.59" x="107.31" y="15.08"/>
        <vehicle id="cfm_slow_3" eclass="HBEFA3/PC_G_EU4" CO2="23665.20" CO="680.16" HC="3.72" NOx="10.07" PMx="0.71" fuel="10.17" electricity="0.00" noise="82.84" route="routebottom" type="cfm_slow" waiting="0.00" lane="right_0" pos="13.48" speed="46.53" angle="340.23" x="123.19" y="90.50"/>
        <vehicle id="cfm_slow_4" eclass="HBEFA3/PC_G_EU4" CO2="15225.64" CO="499.73" HC="2.69" NOx="6.09" PMx="0.48" fuel="6.54" electricity="0.00" noise="81.03" route="routetop" type="cfm_slow" waiting="0.00" lane="top_0" pos="4.22" speed="46.22" angle="266.93" x="55.00" y="128.39"/>
    </timestep>
    <timestep time="5.01">
        <vehicle id="cfm_slow_0" eclass="HBEFA3/PC_G_EU4" CO2="31858.94" CO="805.93" HC="4.49" NOx="13.97" PMx="0.90" fuel="13.69" electricity="0.00" noise="84.65" route="routetop" type="cfm_slow" waiting="0.00" lane="top_0" pos="45.86" speed="44.42" angle="192.00" x="-1.09" y="72.16"/>
        <vehicle id="cfm_slow_1" eclass="HBEFA3/PC_G_EU4" CO2="35189.70" CO="887.44" HC="4.95" NOx="15.53" PMx="0.99" fuel="15.13" electricity="0.00" noise="85.77" route="routetop" type="cfm_slow" waiting="0.00" lane="left_0" pos="34.47" speed="45.08" angle="122.49" x="33.03" y="5.98"/>
        <vehicle id="cfm_slow_2" eclass="HBEFA3/PC_G_EU4" CO2="33331.72" CO="866.93" HC="4.81" NOx="14.64" PMx="0.95" fuel="14.33" electricity="0.00" noise="85.32" route="routebottom" type="cfm_slow" waiting="0.00" lane="bottom_0" pos="23.76" speed="45.95" angle="51.77" x="108.00" y="15.72"/>
        <vehicle id="cfm_slow_3" eclass="HBEFA3/PC_G_EU4" CO2="23470.40" CO="676.32" HC="3.70" NOx="9.97" PMx="0.70" fuel="10.09" electricity="0.00" noise="82.80" route="routebottom" type="cfm_slow" waiting="0.00" lane="right_0" pos="13.94" speed="46.54" angle="339.35" x="122.80" y="91.37"/>
        <vehicle id="cfm_slow_4" eclass="HBEFA3/PC_G_EU4" CO2="15180.19" CO="498.83" HC="2.68" NOx="6.07" PMx="0.48" fuel="6.53" electricity="0.00" noise="81.03" route="routetop" type="cfm_slow" waiting="0.00" lane="top_0" pos="4.68" speed="46.22" angle="266.09" x="54.06" y="128.25"/>
    </timestep>
    <timestep time="5.02">
        <vehicle id="cfm_slow_0" eclass="HBEFA3/PC_G_EU4" CO2="31791.36" CO="804.87" HC="4.49" NOx="13.94" PMx="0.90" fuel="13.67" electricity="0.00" noise="84.64" route="routetop" type="cfm_slow" waiting="0.00" lane="top_0" pos="46.30" speed="44.44" angle="191.24" x="-1.21" y="71.26"/>
        <vehicle id="cfm_slow_1" eclass="HBEFA3/PC_G_EU4" CO2="35074.03" CO="885.44" HC="4.94" NOx="15.48" PMx="0.99" fuel="15.08" electricity="0.00" noise="85.74" route="routetop" type="cfm_slow" waiting="0.00" lane="left_0" pos="34.92" speed="45.10" angle="121.73" x="33.85" y="5.56"/>
        <vehicle id="cfm_slow_2" eclass="HBEFA3/PC_G_EU4" CO2="33136.49" CO="863.26" HC="4.79" NOx="14.55" PMx="0.95" fuel="14.24" electricity="0.00" noise="85.26" route="routebottom" type="cfm_slow" waiting="0.00" lane="bottom_0" pos="24.22" speed="45.96" angle="50.94" x="108.70" y="16.36"/>
        <vehicle id="cfm_slow_3" eclass="HBEFA3/PC_G_EU4" CO2="23277.90" CO="672.52" HC="3.68" NOx="9.88" PMx="0.70" fuel="10.01" electricity="0.00" noise="82.76" route="routebottom" type="cfm_slow" waiting="0.00" lane="right_0" pos="14.41" speed="46.55" angle="338.54" x="122.38" y="92.23"/>
        <vehicle id="cfm_slow_4" eclass="HBEFA3/PC_G_EU4" CO2="15136.44" CO="497.96" HC="2.68" NOx="6.05" PMx="0.48" fuel="6.51" electricity="0.00" noise="81.02" route="routetop" type="cfm_slow" waiting="0.00" lane="top_0" pos="5.15" speed="46.22" angle="265.26" x="53.13" y="128.12"/>
    </timestep>
    <timestep time="5.03">
        <vehicle id="cfm_slow_0" eclass="HBEFA3/PC_G_EU4" CO2="31724.21" CO="803.81" HC="4.48" NOx="13.91" PMx="0.90" fuel="13.64" electricity="0.00" noise="84.62" route="routetop" type="cfm_slow" waiting="0.00" lane="top_0" pos="46.74" speed="44.45" angle="190.40" x="-1.30" y="70.35"/>
        <vehicle id="cfm_slow_1" eclass="HBEFA3/PC_G_EU4" CO2="34958.46" CO="883.43" HC="4.92" NOx="15.42" PMx="0.99" fuel="15.03" electricity="0.00" noise="85.70" route="routetop" type="cfm_slow" waiting="0.00" lane="left_0" pos="35.37" speed="45.11" angle="120.91" x="34.68" y="5.14"/>
        <vehicle id="cfm_slow_2" eclass="HBEFA3/PC_G_EU4" CO2="32942.06" CO="859.60" HC="4.77" NOx="14.45" PMx="0.94" fuel="14.16" electricity="0.00" noise="85.21" route="routebottom" type="cfm_slow" waiting="0.00" lane="bottom_0" pos="24.68" speed="45.98" angle="50.14" x="109.37" y="17.02"/>
        <vehicle id="cfm_slow_3" eclass="HBEFA3/PC_G_EU4" CO2="23087.70" CO="668.77" HC="3.66" NOx="9.79" PMx="0.69" fuel="9.92" electricity="0.00" noise="82.72" route="routebottom" type="cfm_slow" waiting="0.00" lane="right_0" pos="14.87" speed="46.56" angle="337.67" x="121.96" y="93.08"/>
        <vehicle id="cfm_slow_4" eclass="HBEFA3/PC_G_EU4" CO2="15094.35" CO="497.12" HC="2.67" NOx="6.03" PMx="0.48" fuel="6.49" electricity="0.00" noise="81.01" route="routetop" type="cfm_slow" waiting="0.00" lane="top_0" pos="5.61" speed="46.22" angle="264.41" x="52.19" y="127.95"/>
    </timestep>
    <timestep time="5.04">
        <vehicle id="cfm_slow_0" eclass="HBEFA3/PC_G_EU4" CO2="31657.46" CO="802.76" HC="4.47" NOx="13.87" PMx="0.90" fuel="13.61" electricity="0.00" noise="84.60" route="routetop" type="cfm_slow" waiting="0.00" lane="top_0" pos="47.19" speed="44.47" angle="189.57" x="-1.39" y="69.45"/>
        <vehicle id="cfm_slow_1" eclass="HBEFA3/PC_G_EU4" CO2="34842.97" CO="881.43" HC="4.91" NOx="15.37" PMx="0.98" fuel="14.98" electricity="0.00" noise="85.67" route="routetop" type="cfm_slow" waiting="0.00" lane="left_0" pos="35.82" speed="45.13" angle="120.10" x="35.50" y="4.73"/>
        <vehicle id="cfm_slow_2" eclass="HBEFA3/PC_G_EU4" CO2="32748.44" CO="855.95" HC="4.75" NOx="14.36" PMx="0.94" fuel="14.08" electricity="0.00" noise="85.15" route="routebottom" type="cfm_slow" waiting="0.00" lane="bottom_0" pos="25.14" speed="46.00" angle="49.27" x="110.03" y="17.69"/>
        <vehicle id="cfm_slow_3" eclass="HBEFA3/PC_G_EU4" CO2="22899.77" CO="665.07" HC="3.63" NOx="9.70" PMx="0.69" fuel="9.84" electricity="0.00" noise="82.67" route="routebottom" type="cfm_slow" waiting="0.00" lane="right_0" pos="15.34" speed="46.56" angle="336.85" x="121.53" y="93.94"/>
        <vehicle id="cfm_slow_4" eclass="HBEFA3/PC_G_EU4" CO2="15053.90" CO="496.31" HC="2.67" NOx="6.01" PMx="0.48" fuel="6.47" electricity="0.00" noise="81.01" route="routetop" type="cfm_slow" waiting="0.00" lane="top_0" pos="6.07" speed="46.22" angle="263.57" x="51.26" y="127.78"/>
    </timestep>
    <timestep time="5.05">
        <vehicle id="cfm_slow_0" eclass="HBEFA3/PC_G_EU4" CO2="31591.11" CO="801.72" HC="4.47" NOx="13.84" PMx="0.89" fuel="13.58" electricity="0.00" noise="84.58" route="routetop" type="cfm_slow" waiting="0.00" lane="top_0" pos="47.63" speed="44.49" angle="188.81" x="-1.46" y="68.54"/>
        <vehicle id="cfm_slow_1" eclass="HBEFA3/PC_G_EU4" CO2="34727.58" CO="879.43" HC="4.90" NOx="15.31" PMx="0.98" fuel="14.93" electricity="0.00" noise="85.63" route="routetop" type="cfm_slow" waiting="0.00" lane="left_0" pos="36.27" speed="45.15" angle="119.28" x="36.35" y="4.34"/>
        <vehicle id="cfm_slow_2" eclass="HBEFA3/PC_G_EU4" CO2="32555.65" CO="852.31" HC="4.73" NOx="14.27" PMx="0.93" fuel="13.99" electricity="0.00" noise="85.10" route="routebottom" type="cfm_slow" waiting="0.00" lane="bottom_0" pos="25.60" speed="46.01" angle="48.44" x="110.70" y="18.36"/>
        <vehicle id="cfm_slow_3" eclass="HBEFA3/PC_G_EU4" CO2="22714.11" CO="661.40" HC="3.61" NOx="9.62" PMx="0.68" fuel="9.76" electricity="0.00" noise="82.63" route="routebottom" type="cfm_slow" waiting="0.00" lane="right_0" pos="15.80" speed="46.57" angle="336.04" x="121.07" y="94.78"/>
        <vehicle id="cfm_slow_4" eclass="HBEFA3/PC_G_EU4" CO2="15015.07" CO="495.54" HC="2.67" NOx="5.99" PMx="0.48" fuel="6.45" electricity="0.00" noise="81.00" route="routetop" type="cfm_slow" waiting="0.00" lane="top_0" pos="6.53" speed="46.22" angle="262.76" x="50.33" y="127.60"/>
    </timestep>
    <timestep time="5.06">
        <vehicle id="cfm_slow_0" eclass="HBEFA3/PC_G_EU4" CO2="31525.15" CO="800.68" HC="4.46" NOx="13.81" PMx="0.89" fuel="13.55" electricity="0.00" noise="84.56" route="routetop" type="cfm_slow" waiting="0.00" lane="top_0" pos="48.08" speed="44.50" angle="187.99" x="-1.52" y="67.63"/>
        <vehicle id="cfm_slow_1" eclass="HBEFA3/PC_G_EU4" CO2="34612.27" CO="877.43" HC="4.89" NOx="15.26" PMx="0.98" fuel="14.88" electricity="0.00" noise="85.60" route="routetop" type="cfm_slow" waiting="0.00" lane="left_0" pos="36.72" speed="45.17" angle="118.42" x="37.19" y="3.96"/>
        <vehicle id="cfm_slow_2" eclass="HBEFA3/PC_G_EU4" CO2="32363.69" CO="848.69" HC="4.70" NOx="14.18" PMx="0.93" fuel="13.91" electricity="0.00" noise="85.05" route="routebottom" type="cfm_slow" waiting="0.00" lane="bottom_0" pos="26.06" speed="46.03" angle="47.62" x="111.34" y="19.05"/>
        <vehicle id="cfm_slow_3" eclass="HBEFA3/PC_G_EU4" CO2="22530.71" CO="657.78" HC="3.59" NOx="9.53" PMx="0.68" fuel="9.68" electricity="0.00" noise="82.59" route="routebottom" type="cfm_slow" waiting="0.00" lane="right_0" pos="16.27" speed="46.58" angle="335.21" x="120.61" y="95.61"/>
        <vehicle id="cfm_slow_4" eclass="HBEFA3/PC_G_EU4" CO2="14977.81" CO="494.80" HC="2.66" NOx="5.97" PMx="0.48" fuel="6.44" electricity="0.00" noise="80.99" route="routetop" type="cfm_slow" waiting="0.00" lane="top_0" pos="6.99" speed="46.22" angle="261.87" x="49.41" y="127.39"/>
    </timestep>
    <timestep time="5.07">
        <vehicle id="cfm_slow_0" eclass="HBEFA3/PC_G_EU4" CO2="31459.57" CO="799.65" HC="4.45" NOx="13.78" PMx="0.89" fuel="13.52" electricity="0.00" noise="84.55" route="routetop" type="cfm_slow" waiting="0.00" lane="top_0" pos="48.52" speed="44.52" angle="187.18" x="-1.57" y="66.72"/>
        <vehicle id="cfm_slow_1" eclass="HBEFA3/PC_G_EU4" CO2="34497.06" CO="875.43" HC="4.88" NOx="15.20" PMx="0.98" fuel="14.83" electricity="0.00" noise="85.57" route="routetop" type="cfm_slow" waiting="0.00" lane="left_0" pos="37.17" speed="45.19" angle="117.62" x="38.04" y="3.59"/>
        <vehicle id="cfm_slow_2" eclass="HBEFA3/PC_G_EU4" CO2="32172.56" CO="845.08" HC="4.68" NOx="14.09" PMx="0.92" fuel="13.83" electricity="0.00" noise="84.99" route="routebottom" type="cfm_slow" waiting="0.00" lane="bottom_0" pos="26.52" speed="46.05" angle="46.78" x="111.99" y="19.74"/>
        <vehicle id="cfm_slow_3" eclass="HBEFA3/PC_G_EU4" CO2="22349.55" CO="654.21" HC="3.57" NOx="9.44" PMx="0.67" fuel="9.61" electricity="0.00" noise="82.55" route="routebottom" type="cfm_slow" waiting="0.00" lane="right_0" pos="16.74" speed="46.59" angle="334.42" x="120.14" y="96.45"/>
        <vehicle id="cfm_slow_4" eclass="HBEFA3/PC_G_EU4" CO2="14942.11" CO="494.10" HC="2.66" NOx="5.96" PMx="0.48" fuel="6.42" electricity="0.00" noise="80.99" route="routetop" type="cfm_slow" waiting="0.00" lane="top_0" pos="7.46" speed="46.23" angle="260.97" x="48.48" y="127.17"/>
    </timestep>
    <timestep time="5.08">
        <vehicle id="cfm_slow_0" eclass="HBEFA3/PC_G_EU4" CO2="31394.36" CO="798.63" HC="4.45" NOx="13.75" PMx="0.89" fuel="13.49" electricity="0.00" noise="84.53" route="routetop" type="cfm_slow" waiting="0.00" lane="top_0" pos="48.97" speed="44.54" angle="186.40" x="-1.61" y="65.80"/>
        <vehicle id="cfm_slow_1" eclass="HBEFA3/PC_G_EU4" CO2="34381.93" CO="873.42" HC="4.86" NOx="15.15" PMx="0.97" fuel="14.78" electricity="0.00" noise="85.53" route="routetop" type="cfm_slow" waiting="0.00" lane="left_0" pos="37.63" speed="45.21" angle="116.78" x="38.90" y="3.24"/>
        <vehicle id="cfm_slow_2" eclass="HBEFA3/PC_G_EU4" CO2="31982.28" CO="841.49" HC="4.66" NOx="14.00" PMx="0.92" fuel="13.75" electricity="0.00" noise="84.94" route="routebottom" type="cfm_slow" waiting="0.00" lane="bottom_0" pos="26.98" speed="46.06" angle="45.99" x="112.62" y="20.44"/>
        <vehicle id="cfm_slow_3" eclass="HBEFA3/PC_G_EU4" CO2="22170.63" CO="650.67" HC="3.55" NOx="9.36" PMx="0.67" fuel="9.53" electricity="0.00" noise="82.52" route="routebottom" type="cfm_slow" waiting="0.00" lane="right_0" pos="17.20" speed="46.59" angle="333.56" x="119.65" y="97.27"/>
        <vehicle id="cfm_slow_4" eclass="HBEFA3/PC_G_EU4" CO2="14907.94" CO="493.42" HC="2.65" NOx="5.94" PMx="0.47" fuel="6.41" electricity="0.00" noise="80.98" route="routetop" type="cfm_slow" waiting="0.00" lane="top_0" pos="7.92" speed="46.23" angle="260.19" x="47.56" y="126.95"/>
    </timestep>
    <timestep time="5.09">
        <vehicle id="cfm_slow_0" eclass="HBEFA3/PC_G_EU4" CO2="31329.51" CO="797.61" HC="4.44" NOx="13.72" PMx="0.89" fuel="13.47" electricity="0.00" noise="84.51" route="routetop" type="cfm_slow" waiting="0.00" lane="top_0" pos="49.41" speed="44.55" angle="185.56" x="-1.63" y="64.89"/>
        <vehicle id="cfm_slow_1" eclass="HBEFA3/PC_G_EU4" CO2="34266.90" CO="871.42" HC="4.85" NOx="15.09" PMx="0.97" fuel="14.73" electricity="0.00" noise="85.50" route="routetop" type="cfm_slow" waiting="0.00" lane="left_0" pos="38.08" speed="45.22" angle="115.93" x="39.76" y="2.90"/>
        <vehicle id="cfm_slow_2" eclass="HBEFA3/PC_G_EU4" CO2="31792.85" CO="837.91" HC="4.64" NOx="13.91" PMx="0.91" fuel="13.67" electricity="0.00" noise="84.89" route="routebottom" type="cfm_slow" waiting="0.00" lane="bottom_0" pos="27.44" speed="46.08" angle="45.11" x="113.23" y="21.16"/>
        <vehicle id="cfm_slow_3" eclass="HBEFA3/PC_G_EU4" CO2="21993.93" CO="647.18" HC="3.53" NOx="9.28" PMx="0.66" fuel="9.45" electricity="0.00" noise="82.48" route="routebottom" type="cfm_slow" waiting="0.00" lane="right_0" pos="17.67" speed="46.60" angle="332.69" x="119.16" y="98.09"/>
        <vehicle id="cfm_slow_4" eclass="HBEFA3/PC_G_EU4" CO2="14875.27" CO="492.77" HC="2.65" NOx="5.92" PMx="0.47" fuel="6.39" electricity="0.00" noise="80.98" route="routetop" type="cfm_slow" waiting="0.00" lane="top_0" pos="8.38" speed="46.23" angle="259.37" x="46.65" y="126.71"/>
    </timestep>
    <timestep time="5.10">
        <vehicle id="cfm_slow_0" eclass="HBEFA3/PC_G_EU4" CO2="31265.00" CO="796.60" HC="4.44" NOx="13.69" PMx="0.89" fuel="13.44" electricity="0.00" noise="84.50" route="routetop" type="cfm_slow" waiting="0.00" lane="top_0" pos="49.86" speed="44.57" angle="184.72" x="-1.64" y="63.98"/>
        <vehicle id="cfm_slow_1" eclass="HBEFA3/PC_G_EU4" CO2="34151.96" CO="869.42" HC="4.84" NOx="15.04" PMx="0.97" fuel="14.68" electricity="0.00" noise="85.47" route="routetop" type="cfm_slow" waiting="0.00" lane="left_0" pos="38.53" speed="45.24" angle="115.14" x="40.62" y="2.56"/>
        <vehicle id="cfm_slow_2" eclass="HBEFA3/PC_G_EU4" CO2="31604.27" CO="834.34" HC="4.62" NOx="13.82" PMx="0.91" fuel="13.59" electricity="0.00" noise="84.84" route="routebottom" type="cfm_slow" waiting="0.00" lane="bottom_0" pos="27.90" speed="46.09" angle="44.24" x="113.84" y="21.88"/>
        <vehicle id="cfm_slow_3" eclass="HBEFA3/PC_G_EU4" CO2="21819.44" CO="643.73" HC="3.51" NOx="9.19" PMx="0.66" fuel="9.38" electricity="0.00" noise="82.44" route="routebottom" type="cfm_slow" waiting="0.00" lane="right_0" pos="18.13" speed="46.61" angle="331.89" x="118.65" y="98.89"/>
        <vehicle id="cfm_slow_4" eclass="HBEFA3/PC_G_EU4" CO2="14844.08" CO="492.15" HC="2.65" NOx="5.91" PMx="0.47" fuel="6.38" electricity="0.00" noise="80.97" route="routetop" type="cfm_slow" waiting="0.00" lane="top_0" pos="8.84" speed="46.23" angle="258.55" x="45.73" y="126.46"/>
    </timestep>
    <timestep time="5.11">
        <vehicle id="cfm_slow_0" eclass="HBEFA3/PC_G_EU4" CO2="31200.84" CO="795.60" HC="4.43" NOx="13.66" PMx="0.88" fuel="13.41" electricity="0.00" noise="84.48" route="routetop" type="cfm_slow" waiting="0.00" lane="left_0" pos="0.31" speed="44.59" angle="183.93" x="-1.64" y="63.00"/>
        <vehicle id="cfm_slow_1" eclass="HBEFA3/PC_G_EU4" CO2="34037.11" CO="867.42" HC="4.83" NOx="14.98" PMx="0.96" fuel="14.63" electricity="0.00" noise="85.44" route="routetop" type="cfm_slow" waiting="0.00" lane="left_0" pos="38.98" speed="45.26" angle="114.31" x="41.49" y="2.25"/>
        <vehicle id="cfm_slow_2" eclass="HBEFA3/PC_G_EU4" CO2="31416.57" CO="830.79" HC="4.60" NOx="13.73" PMx="0.90" fuel="13.50" electricity="0.00" noise="84.78" route="routebottom" type="cfm_slow" waiting="0.00" lane="bottom_0" pos="28.36" speed="46.11" angle="43.43" x="114.45" y="22.61"/>
        <vehicle id="cfm_slow_3" eclass="HBEFA3/PC_G_EU4" CO2="21647.15" CO="640.33" HC="3.49" NOx="9.11" PMx="0.65" fuel="9.31" electricity="0.00" noise="82.40" route="routebottom" type="cfm_slow" waiting="0.00" lane="right_0" pos="18.60" speed="46.61" angle="331.01" x="118.12" y="99.69"/>
        <vehicle id="cfm_slow_4" eclass="HBEFA3/PC_G_EU4" CO2="14814.33" CO="491.57" HC="2.64" NOx="5.89" PMx="0.47" fuel="6.37" electricity="0.00" noise="80.97" route="routetop" type="cfm_slow" waiting="0.00" lane="top_0" pos="9.31" speed="46.23" angle="257.76" x="44.82" y="126.19"/>
    </timestep>
    <timestep time="5.12">
        <vehicle id="cfm_slow_0" eclass="HBEFA3/PC_G_EU4" CO2="31137.02" CO="794.60" HC="4.42" NOx="13.63" PMx="0.88" fuel="13.38" electricity="0.00" noise="84.46" route="routetop" type="cfm_slow" waiting="0.00" lane="left_0" pos="0.75" speed="44.60" angle="183.12" x="-1.62" y="62.09"/>
        <vehicle id="cfm_slow_1" eclass="HBEFA3/PC_G_EU4" CO2="33922.34" CO="865.41" HC="4.82" NOx="14.93" PMx="0.96" fuel="14.58" electricity="0.00" noise="85.40" route="routetop" type="cfm_slow" waiting="0.00" lane="left_0" pos="39.44" speed="45.28" angle="113.48" x="42.37" y="1.93"/>
        <vehicle id="cfm_slow_2" eclass="HBEFA3/PC_G_EU4" CO2="31229.73" CO="827.26" HC="4.58" NOx="13.64" PMx="0.90" fuel="13.42" electricity="0.00" noise="84.73" route="routebottom" type="cfm_slow" waiting="0.00" lane="bottom_0" pos="28.82" speed="46.12" angle="42.57" x="115.03" y="23.35"/>
        <vehicle id="cfm_slow_3" eclass="HBEFA3/PC_G_EU4" CO2="21477.05" CO="636.96" HC="3.47" NOx="9.03" PMx="0.65" fuel="9.23" electricity="0.00" noise="82.37" route="routebottom" type="cfm_slow" waiting="0.00" lane="right_0" pos="19.07" speed="46.62" angle="330.12" x="117.59" y="100.49"/>
        <vehicle id="cfm_slow_4" eclass="HBEFA3/PC_G_EU4" CO2="14786.01" CO="491.01" HC="2.64" NOx="5.88" PMx="0.47" fuel="6.36" electricity="0.00" noise="80.96" route="routetop" type="cfm_slow" waiting="0.00" lane="top_0" pos="9.77" speed="46.23" angle="256.91" x="43.92" y="125.91"/>
    </timestep>
    <timestep time="5.13">
        <vehicle id="cfm_slow_0" eclass="HBEFA3/PC_G_EU4" CO2="31073.51" CO="793.60" HC="4.42" NOx="13.60" PMx="0.88" fuel="13.36" electricity="0.00" noise="84.45" route="routetop" type="cfm_slow" waiting="0.00" lane="left_0" pos="1.20" speed="44.62" angle="182.32" x="-1.60" y="61.17"/>
        <vehicle id="cfm_slow_1" eclass="HBEFA3/PC_G_EU4" CO2="33807.67" CO="863.41" HC="4.81" NOx="14.87" PMx="0.96" fuel="14.53" electricity="0.00" noise="85.37" route="routetop" type="cfm_slow" waiting="0.00" lane="left_0" pos="39.89" speed="45.30" angle="112.71" x="43.25" y="1.63"/>
        <vehicle id="cfm_slow_2" eclass="HBEFA3/PC_G_EU4" CO2="31043.77" CO="823.74" HC="4.56" NOx="13.55" PMx="0.89" fuel="13.34" electricity="0.00" noise="84.68" route="routebottom" type="cfm_slow" waiting="0.00" lane="bottom_0" pos="29.29" speed="46.14" angle="41.72" x="115.61" y="24.10"/>
        <vehicle id="cfm_slow_3" eclass="HBEFA3/PC_G_EU4" CO2="21309.12" CO="633.64" HC="3.45" NOx="8.95" PMx="0.65" fuel="9.16" electricity="0.00" noise="82.33" route="routebottom" type="cfm_slow" waiting="0.00" lane="right_0" pos="19.53" speed="46.63" angle="329.31" x="117.04" y="101.27"/>
        <vehicle id="cfm_slow_4" eclass="HBEFA3/PC_G_EU4" CO2="14759.08" CO="490.48" HC="2.64" NOx="5.87" PMx="0.47" fuel="6.34" electricity="0.00" noise="80.96" route="routetop" type="cfm_slow" waiting="0.00" lane="top_0" pos="10.23" speed="46.23" angle="256.12" x="43.01" y="125.63"/>
    </timestep>
    <timestep time="5.14">
        <vehicle id="cfm_slow_0" eclass="HBEFA3/PC_G_EU4" CO2="31010.32" CO="792.61" HC="4.41" NOx="13.57" PMx="0.88" fuel="13.33" electricity="0.00" noise="84.43" route="routetop" type="cfm_slow" waiting="0.00" lane="left_0" pos="1.64" speed="44.63" angle="181.53" x="-1.55" y="60.26"/>
        <vehicle id="cfm_slow_1" eclass="HBEFA3/PC_G_EU4" CO2="33693.10" CO="861.41" HC="4.79" NOx="14.82" PMx="0.96" fuel="14.48" electricity="0.00" noise="85.34" route="routetop" type="cfm_slow" waiting="0.00" lane="left_0" pos="40.34" speed="45.31" angle="111.86" x="44.13" y="1.35"/>
        <vehicle id="cfm_slow_2" eclass="HBEFA3/PC_G_EU4" CO2="30858.70" CO="820.23" HC="4.54" NOx="13.47" PMx="0.89" fuel="13.26" electricity="0.00" noise="84.63" route="routebottom" type="cfm_slow" waiting="0.00" lane="bottom_0" pos="29.75" speed="46.15" angle="40.94" x="116.18" y="24.86"/>
        <vehicle id="cfm_slow_3" eclass="HBEFA3/PC_G_EU4" CO2="21143.36" CO="630.36" HC="3.43" NOx="8.87" PMx="0.64" fuel="9.09" electricity="0.00" noise="82.30" route="routebottom" type="cfm_slow" waiting="0.00" lane="right_0" pos="20.00" speed="46.63" angle="328.44" x="116.48" y="102.04"/>
        <vehicle id="cfm_slow_4" eclass="HBEFA3/PC_G_EU4" CO2="14733.52" CO="489.97" HC="2.63" NOx="5.86" PMx="0.47" fuel="6.33" electricity="0.00" noise="80.95" route="routetop" type="cfm_slow" waiting="0.00" lane="top_0" pos="10.69" speed="46.23" angle="255.23" x="42.12" y="125.31"/>
    </timestep>
    <timestep time="5.15">
        <vehicle id="cfm_slow_0" eclass="HBEFA3/PC_G_EU4" CO2="30947.43" CO="791.63" HC="4.41" NOx="13.54" PMx="0.88" fuel="13.30" electricity="0.00" noise="84.41" route="routetop" type="cfm_slow" waiting="0.00" lane="left_0" pos="2.09" speed="44.65" angle="180.72" x="-1.50" y="59.35"/>
        <vehicle id="cfm_slow_1" eclass="HBEFA3/PC_G_EU4" CO2="33578.61" CO="859.40" HC="4.78" NOx="14.77" PMx="0.95" fuel="14.43" electricity="0.00" noise="85.30" route="routetop" type="cfm_slow" waiting="0.00" lane="left_0" pos="40.80" speed="45.33" angle="111.02" x="45.02" y="1.08"/>
        <vehicle id="cfm_slow_2" eclass="HBEFA3/PC_G_EU4" CO2="30674.52" CO="816.74" HC="4.52" NOx="13.38" PMx="0.89" fuel="13.19" electricity="0.00" noise="84.58" route="routebottom" type="cfm_slow" waiting="0.00" lane="bottom_0" pos="30.21" speed="46.16" angle="40.11" x="116.73" y="25.62"/>
        <vehicle id="cfm_slow_3" eclass="HBEFA3/PC_G_EU4" CO2="20979.74" CO="627.12" HC="3.41" NOx="8.80" PMx="0.64" fuel="9.02" electricity="0.00" noise="82.27" route="routebottom" type="cfm_slow" waiting="0.00" lane="right_0" pos="20.47" speed="46.64" angle="327.62" x="115.92" y="102.82"/>
        <vehicle id="cfm_slow_4" eclass="HBEFA3/PC_G_EU4" CO2="14709.30" CO="489.50" HC="2.63" NOx="5.85" PMx="0.47" fuel="6.32" electricity="0.00" noise="80.95" route="routetop" type="cfm_slow" waiting="0.00" lane="top_0" pos="11.15" speed="46.23" angle="254.33" x="41.23" y="124.98"/>
    </timestep>
    <timestep time="5.16">
        <vehicle id="cfm_slow_0" eclass="HBEFA3/PC_G_EU4" CO2="30884.84" CO="790.65" HC="4.40" NOx="13.51" PMx="0.88" fuel="13.28" electricity="0.00" noise="84.40" route="routetop" type="cfm_slow" waiting="0.00" lane="left_0" pos="2.54" speed="44.66" angle="179.95" x="-1.44" y="58.43"/>
        <vehicle id="cfm_slow_1" eclass="HBEFA3/PC_G_EU4" CO2="33464.22" CO="857.40" HC="4.77" NOx="14.71" PMx="0.95" fuel="14.38" electricity="0.00" noise="85.27" route="routetop" type="cfm_slow" waiting="0.00" lane="left_0" pos="41.25" speed="45.35" angle="110.25" x="45.91" y="0.82"/>
        <vehicle id="cfm_slow_2" eclass="HBEFA3/PC_G_EU4" CO2="30491.24" CO="813.26" HC="4.50" NOx="13.29" PMx="0.88" fuel="13.11" electricity="0.00" noise="84.53" route="routebottom" type="cfm_slow" waiting="0.00" lane="bottom_0" pos="30.67" speed="46.18" angle="39.29" x="117.29" y="26.39"/>
        <vehicle id="cfm_slow_3" eclass="HBEFA3/PC_G_EU4" CO2="20818.27" CO="623.92" HC="3.40" NOx="8.72" PMx="0.63" fuel="8.95" electricity="0.00" noise="82.23" route="routebottom" type="cfm_slow" waiting="0.00" lane="right_0" pos="20.93" speed="46.64" angle="326.78" x="115.34" y="103.57"/>
        <vehicle id="cfm_slow_4" eclass="HBEFA3/PC_G_EU4" CO2="14686.41" CO="489.05" HC="2.63" NOx="5.83" PMx="0.47" fuel="6.31" electricity="0.00" noise="80.95" route="routetop" type="cfm_slow" waiting="0.00" lane="top_0" pos="11.62" speed="46.24" angle="253.51" x="40.34" y="124.65"/>
    </timestep>
    <timestep time="5.17">
        <vehicle id="cfm_slow_0" eclass="HBEFA3/PC_G_EU4" CO2="30822.54" CO="789.68" HC="4.39" NOx="13.48" PMx="0.88" fuel="13.25" electricity="0.00" noise="84.38" route="routetop" type="cfm_slow" waiting="0.00" lane="left_0" pos="2.98" speed="44.68" angle="179.14" x="-1.35" y="57.52"/>
        <vehicle id="cfm_slow_1" eclass="HBEFA3/PC_G_EU4" CO2="33349.92" CO="855.40" HC="4.76" NOx="14.66" PMx="0.95" fuel="14.34" electricity="0.00" noise="85.24" route="routetop" type="cfm_slow" waiting="0.00" lane="left_0" pos="41.70" speed="45.37" angle="109.42" x="46.81" y="0.58"/>
        <vehicle id="cfm_slow_2" eclass="HBEFA3/PC_G_EU4" CO2="30308.86" CO="809.80" HC="4.48" NOx="13.21" PMx="0.88" fuel="13.03" electricity="0.00" noise="84.49" route="routebottom" type="cfm_slow" waiting="0.00" lane="bottom_0" pos="31.13" speed="46.19" angle="38.49" x="117.82" y="27.17"/>
        <vehicle id="cfm_slow_3" eclass="HBEFA3/PC_G_EU4" CO2="20658.91" CO="620.76" HC="3.38" NOx="8.65" PMx="0.63" fuel="8.88" electricity="0.00" noise="82.20" route="routebottom" type="cfm_slow" waiting="0.00" lane="right_0" pos="21.40" speed="46.65" angle="325.93" x="114.75" y="104.33"/>
        <vehicle id="cfm_slow_4" eclass="HBEFA3/PC_G_EU4" CO2="14664.81" CO="488.62" HC="2.63" NOx="5.82" PMx="0.47" fuel="6.30" electricity="0.00" noise="80.94" route="routetop" type="cfm_slow" waiting="0.00" lane="top_0" pos="12.08" speed="46.24" angle="252.70" x="39.46" y="124.30"/>
    </timestep>
    <timestep time="5.18">
        <vehicle id="cfm_slow_0" eclass="HBEFA3/PC_G_EU4" CO2="30760.52" CO="788.71" HC="4.39" NOx="13.45" PMx="0.87" fuel="13.22" electricity="0.00" noise="84.37" route="routetop" type="cfm_slow" waiting="0.00" lane="left_0" pos="3.43" speed="44.70" angle="178.32" x="-1.26" y="56.61"/>
        <vehicle id="cfm_slow_1" eclass="HBEFA3/PC_G_EU4" CO2="33235.72" CO="853.40" HC="4.75" NOx="14.60" PMx="0.95" fuel="14.29" electricity="0.00" noise="85.21" route="routetop" type="cfm_slow" waiting="0.00" lane="left_0" pos="42.16" speed="45.38" angle="108.59" x="47.71" y="0.34"/>
        <vehicle id="cfm_slow_2" eclass="HBEFA3/PC_G_EU4" CO2="30127.40" CO="806.36" HC="4.46" NOx="13.12" PMx="0.87" fuel="12.95" electricity="0.00" noise="84.44" route="routebottom" type="cfm_slow" waiting="0.00" lane="bottom_0" pos="31.59" speed="46.21" angle="37.65" x="118.35" y="27.96"/>
        <vehicle id="cfm_slow_3" eclass="HBEFA3/PC_G_EU4" CO2="20501.67" CO="617.64" HC="3.36" NOx="8.57" PMx="0.62" fuel="8.81" electricity="0.00" noise="82.17" route="routebottom" type="cfm_slow" waiting="0.00" lane="right_0" pos="21.86" speed="46.65" angle="325.13" x="114.15" y="105.08"/>
        <vehicle id="cfm_slow_4" eclass="HBEFA3/PC_G_EU4" CO2="14644.48" CO="488.23" HC="2.62" NOx="5.81" PMx="0.47" fuel="6.30" electricity="0.00" noise="80.94" route="routetop" type="cfm_slow" waiting="0.00" lane="top_0" pos="12.54" speed="46.24" angle="251.89" x="38.58" y="123.95"/>
    </timestep>
    <timestep time="5.19">
        <vehicle id="cfm_slow_0" eclass="HBEFA3/PC_G_EU4" CO2="30698.77" CO="787.75" HC="4.38" NOx="13.42" PMx="0.87" fuel="13.20" electricity="0.00" noise="84.35" route="routetop" type="cfm_slow" waiting="0.00" lane="left_0" pos="3.88" speed="44.71" angle="177.56" x="-1.17" y="55.70"/>
        <vehicle id="cfm_slow_1" eclass="HBEFA3/PC_G_EU4" CO2="33121.61" CO="851.39" HC="4.73" NOx="14.55" PMx="0.94" fuel="14.24" electricity="0.00" noise="85.18" route="routetop" type="cfm_slow" waiting="0.00" lane="left_0" pos="42.61" speed="45.40" angle="107.83" x="48.62" y="0.12"/>
        <vehicle id="cfm_slow_2" eclass="HBEFA3/PC_G_EU4" CO2="29946.84" CO="802.93" HC="4.44" NOx="13.04" PMx="0.87" fuel="12.87" electricity="0.00" noise="84.39" route="routebottom" type="cfm_slow" waiting="0.00" lane="bottom_0" pos="32.06" speed="46.22" angle="36.87" x="118.87" y="28.75"/>
        <vehicle id="cfm_slow_3" eclass="HBEFA3/PC_G_EU4" CO2="20346.53" CO="614.56" HC="3.34" NOx="8.50" PMx="0.62" fuel="8.75" electricity="0.00" noise="82.14" route="routebottom" type="cfm_slow" waiting="0.00" lane="right_0" pos="22.33" speed="46.66" angle="324.28" x="113.54" y="105.81"/>
        <vehicle id="cfm_slow_4" eclass="HBEFA3/PC_G_EU4" CO2="14625.39" CO="487.86" HC="2.62" NOx="5.81" PMx="0.47" fuel="6.29" electricity="0.00" noise="80.94" route="routetop" type="cfm_slow" waiting="0.00" lane="top_0" pos="13.00" speed="46.24" angle="251.11" x="37.70" y="123.59"/>
    </timestep>
    <timestep time="5.20">
        <vehicle id="cfm_slow_0" eclass="HBEFA3/PC_G_EU4" CO2="30637.29" CO="786.79" HC="4.38" NOx="13.39" PMx="0.87" fuel="13.17" electricity="0.00" noise="84.33" route="routetop" type="cfm_slow" waiting="0.00" lane="left_0" pos="4.33" speed="44.73" angle="176.74" x="-1.04" y="54.79"/>
        <vehicle id="cfm_slow_1" eclass="HBEFA3/PC_G_EU4" CO2="33007.60" CO="849.39" HC="4.72" NOx="14.49" PMx="0.94" fuel="14.19" electricity="0.00" noise="85.14" route="routetop" type="cfm_slow" waiting="0.00" lane="left_0" pos="43.06" speed="45.42" angle="107.01" x="49.52" y="-0.09"/>
        <vehicle id="cfm_slow_2" eclass="HBEFA3/PC_G_EU4" CO2="29767.21" CO="799.51" HC="4.42" NOx="12.95" PMx="0.86" fuel="12.80" electricity="0.00" noise="84.34" route="routebottom" type="cfm_slow" waiting="0.00" lane="bottom_0" pos="32.52" speed="46.23" angle="36.00" x="119.36" y="29.57"/>
        <vehicle id="cfm_slow_3" eclass="HBEFA3/PC_G_EU4" CO2="20193.48" CO="611.53" HC="3.32" NOx="8.43" PMx="0.62" fuel="8.68" electricity="0.00" noise="82.11" route="routebottom" type="cfm_slow" waiting="0.00" lane="right_0" pos="22.80" speed="46.67" angle="323.43" x="112.92" y="106.54"/>
        <vehicle id="cfm_slow_4" eclass="HBEFA3/PC_G_EU4" CO2="14607.53" CO="487.51" HC="2.62" NOx="5.80" PMx="0.47" fuel="6.28" electricity="0.00" noise="80.93" route="routetop" type="cfm_slow" waiting="0.00" lane="top_0" pos="13.47" speed="46.24" angle="250.24" x="36.84" y="123.20"/>
    </timestep>
    <timestep time="5.21">
        <vehicle id="cfm_slow_0" eclass="HBEFA3/PC_G_EU4" CO2="30576.06" CO="785.83" HC="4.37" NOx="13.36" PMx="0.87" fuel="13.14" electricity="0.00" noise="84.32" route="routetop" type="cfm_slow" waiting="0.00" lane="left_0" pos="4.77" speed="44.74" angle="175.92" x="-0.91" y="53.88"/>
        <vehicle id="cfm_slow_1" eclass="HBEFA3/PC_G_EU4" CO2="32893.69" CO="847.38" HC="4.71" NOx="14.44" PMx="0.94" fuel="14.14" electricity="0.00" noise="85.11" route="routetop" type="cfm_slow" waiting="0.00" lane="left_0" pos="43.52" speed="45.43" angle="106.22" x="50.43" y="-0.29"/>
        <vehicle id="cfm_slow_2" eclass="HBEFA3/PC_G_EU4" CO2="29588.51" CO="796.11" HC="4.40" NOx="12.87" PMx="0.86" fuel="12.72" electricity="0.00" noise="84.30" route="routebottom" type="cfm_slow" waiting="0.00" lane="bottom_0" pos="32.98" speed="46.25" angle="35.14" x="119.84" y="30.38"/>
        <vehicle id="cfm_slow_3" eclass="HBEFA3/PC_G_EU4" CO2="20042.49" CO="608.53" HC="3.31" NOx="8.35" PMx="0.61" fuel="8.62" electricity="0.00" noise="82.08" route="routebottom" type="cfm_slow" waiting="0.00" lane="right_0" pos="23.26" speed="46.67" angle="322.65" x="112.29" y="107.26"/>
        <vehicle id="cfm_slow_4" eclass="HBEFA3/PC_G_EU4" CO2="14590.87" CO="487.19" HC="2.62" NOx="5.79" PMx="0.47" fuel="6.27" electricity="0.00" noise="80.93" route="routetop" type="cfm_slow" waiting="0.00" lane="top_0" pos="13.93" speed="46.24" angle="249.38" x="35.97" y="122.81"/>
    </timestep>
    <timestep time="5.22">
        <vehicle id="cfm_slow_0" eclass="HBEFA3/PC_G_EU4" CO2="30515.08" CO="784.88" HC="4.36" NOx="13.33" PMx="0.87" fuel="13.12" electricity="0.00" noise="84.30" route="routetop" type="cfm_slow" waiting="0.00" lane="left_0" pos="5.22" speed="44.76" angle="175.12" x="-0.77" y="52.97"/>
        <vehicle id="cfm_slow_1" eclass="HBEFA3/PC_G_EU4" CO2="32779.88" CO="845.38" HC="4.70" NOx="14.39" PMx="0.93" fuel="14.09" electricity="0.00" noise="85.08" route="routetop" type="cfm_slow" waiting="0.00" lane="left_0" pos="43.97" speed="45.45" angle="105.41" x="51.35" y="-0.47"/>
        <vehicle id="cfm_slow_2" eclass="HBEFA3/PC_G_EU4" CO2="29410.74" CO="792.73" HC="4.38" NOx="12.78" PMx="0.85" fuel="12.64" electricity="0.00" noise="84.25" route="routebottom" type="cfm_slow" waiting="0.00" lane="bottom_0" pos="33.44" speed="46.26" angle="34.33" x="120.32" y="31.20"/>
        <vehicle id="cfm_slow_3" eclass="HBEFA3/PC_G_EU4" CO2="19893.57" CO="605.57" HC="3.29" NOx="8.28" PMx="0.61" fuel="8.55" electricity="0.00" noise="82.05" route="routebottom" type="cfm_slow" waiting="0.00" lane="right_0" pos="23.73" speed="46.68" angle="321.79" x="111.64" y="107.96"/>
        <vehicle id="cfm_slow_4" eclass="HBEFA3/PC_G_EU4" CO2="14575.38" CO="486.89" HC="2.61" NOx="5.78" PMx="0.47" fuel="6.27" electricity="0.00" noise="80.93" route="routetop" type="cfm_slow" waiting="0.00" lane="top_0" pos="14.39" speed="46.24" angle="248.58" x="35.12" y="122.40"/>
    </timestep>
    <timestep time="5.23">
        <vehicle id="cfm_slow_0" eclass="HBEFA3/PC_G_EU4" CO2="30454.34" CO="783.93" HC="4.36" NOx="13.30" PMx="0.87" fuel="13.09" electricity="0.00" noise="84.29" route="routetop" type="cfm_slow" waiting="0.00" lane="left_0" pos="5.67" speed="44.77" angle="174.28" x="-0.60" y="52.07"/>
        <vehicle id="cfm_slow_1" eclass="HBEFA3/PC_G_EU4" CO2="32666.17" CO="843.38" HC="4.69" NOx="14.33" PMx="0.93" fuel="14.04" electricity="0.00" noise="85.05" route="routetop" type="cfm_slow" waiting="0.00" lane="left_0" pos="44.43" speed="45.47" angle="104.56" x="52.27" y="-0.64"/>
        <vehicle id="cfm_slow_2" eclass="HBEFA3/PC_G_EU4" CO2="29233.91" CO="789.37" HC="4.36" NOx="12.70" PMx="0.85" fuel="12.57" electricity="0.00" noise="84.20" route="routebottom" type="cfm_slow" waiting="0.00" lane="bottom_0" pos="33.91" speed="46.27" angle="33.50" x="120.78" y="32.03"/>
        <vehicle id="cfm_slow_3" eclass="HBEFA3/PC_G_EU4" CO2="19746.69" CO="602.66" HC="3.27" NOx="8.21" PMx="0.61" fuel="8.49" electricity="0.00" noise="82.02" route="routebottom" type="cfm_slow" waiting="0.00" lane="right_0" pos="24.20" speed="46.68" angle="320.94" x="110.99" y="108.66"/>
        <vehicle id="cfm_slow_4" eclass="HBEFA3/PC_G_EU4" CO2="14561.05" CO="486.61" HC="2.61" NOx="5.78" PMx="0.47" fuel="6.26" electricity="0.00" noise="80.93" route="routetop" type="cfm_slow" waiting="0.00" lane="top_0" pos="14.85" speed="46.24" angle="247.72" x="34.27" y="121.98"/>
    </timestep>
    <timestep time="5.24">
        <vehicle id="cfm_slow_0" eclass="HBEFA3/PC_G_EU4" CO2="30393.83" CO="782.99" HC="4.35" NOx="13.27" PMx="0.87" fuel="13.06" electricity="0.00" noise="84.27" route="routetop" type="cfm_slow" waiting="0.00" lane="left_0" pos="6.12" speed="44.79" angle="173.44" x="-0.44" y="51.17"/>
        <vehicle id="cfm_slow_1" eclass="HBEFA3/PC_G_EU4" CO2="32552.56" CO="841.38" HC="4.67" NOx="14.28" PMx="0.93" fuel="13.99" electricity="0.00" noise="85.02" route="routetop" type="cfm_slow" waiting="0.00" lane="left_0" pos="44.88" speed="45.48" angle="103.78" x="53.18" y="-0.81"/>
        <vehicle id="cfm_slow_2" eclass="HBEFA3/PC_G_EU4" CO2="29058.02" CO="786.02" HC="4.34" NOx="12.62" PMx="0.84" fuel="12.49" electricity="0.00" noise="84.16" route="routebottom" type="cfm_slow" waiting="0.00" lane="bottom_0" pos="34.37" speed="46.29" angle="32.66" x="121.24" y="32.86"/>
        <vehicle id="cfm_slow_3" eclass="HBEFA3/PC_G_EU4" CO2="19601.85" CO="599.78" HC="3.26" NOx="8.15" PMx="0.60" fuel="8.43" electricity="0.00" noise="81.99" route="routebottom" type="cfm_slow" waiting="0.00" lane="right_0" pos="24.67" speed="46.69" angle="320.14" x="110.32" y="109.35"/>
        <vehicle id="cfm_slow_4" eclass="HBEFA3/PC_G_EU4" CO2="14547.85" CO="486.36" HC="2.61" NOx="5.77" PMx="0.47" fuel="6.25" electricity="0.00" noise="80.93" route="routetop" type="cfm_slow" waiting="0.00" lane="top_0" pos="15.32" speed="46.24" angle="246.90" x="33.42" y="121.55"/>
    </timestep>
    <timestep time="5.25">
        <vehicle id="cfm_slow_0" eclass="HBEFA3/PC_G_EU4" CO2="30333.54" CO="782.05" HC="4.35" NOx="13.24" PMx="0.86" fuel="13.04" electricity="0.00" noise="84.26" route="routetop" type="cfm_slow" waiting="0.00" lane="left_0" pos="6.56" speed="44.80" angle="172.66" x="-0.25" y="50.27"/>
        <vehicle id="cfm_slow_1" eclass="HBEFA3/PC_G_EU4" CO2="32439.06" CO="839.37" HC="4.66" NOx="14.22" PMx="0.93" fuel="13.94" electricity="0.00" noise="84.99" route="routetop" type="cfm_slow" waiting="0.00" lane="left_0" pos="45.34" speed="45.50" angle="102.95" x="54.11" y="-0.94"/>
        <vehicle id="cfm_slow_2" eclass="HBEFA3/PC_G_EU4" CO2="28883.08" CO="782.68" HC="4.32" NOx="12.53" PMx="0.84" fuel="12.42" electricity="0.00" noise="84.11" route="routebottom" type="cfm_slow" waiting="0.00" lane="bottom_0" pos="34.83" speed="46.30" angle="31.87" x="121.69" y="33.70"/>
        <vehicle id="cfm_slow_3" eclass="HBEFA3/PC_G_EU4" CO2="19459.03" CO="596.94" HC="3.24" NOx="8.08" PMx="0.60" fuel="8.36" electricity="0.00" noise="81.96" route="routebottom" type="cfm_slow" waiting="0.00" lane="right_0" pos="25.13" speed="46.69" angle="319.29" x="109.64" y="110.03"/>
        <vehicle id="cfm_slow_4" eclass="HBEFA3/PC_G_EU4" CO2="14535.75" CO="486.13" HC="2.61" NOx="5.76" PMx="0.46" fuel="6.25" electricity="0.00" noise="80.92" route="routetop" type="cfm_slow" waiting="0.00" lane="top_0" pos="15.78" speed="46.24" angle="246.10" x="32.59" y="121.10"/>
    </timestep>
    <timestep time="5.26">
        <vehicle id="cfm_slow_0" eclass="HBEFA3/PC_G_EU4" CO2="30273.48" CO="781.11" HC="4.34" NOx="13.22" PMx="0.86" fuel="13.01" electricity="0.00" noise="84.24" route="routetop" type="cfm_slow" waiting="0.00" lane="left_0" pos="7.01" speed="44.82" angle="171.84" x="-0.05" y="49.37"/>
        <vehicle id="cfm_slow_1" eclass="HBEFA3/PC_G_EU4" CO2="32325.67" CO="837.37" HC="4.65" NOx="14.17" PMx="0.92" fuel="13.90" electricity="0.00" noise="84.96" route="routetop" type="cfm_slow" waiting="0.00" lane="left_0" pos="45.79" speed="45.52" angle="102.11" x="55.03" y="-1.07"/>
        <vehicle id="cfm_slow_2" eclass="HBEFA3/PC_G_EU4" CO2="28709.10" CO="779.37" HC="4.30" NOx="12.45" PMx="0.84" fuel="12.34" electricity="0.00" noise="84.07" route="routebottom" type="cfm_slow" waiting="0.00" lane="bottom_0" pos="35.30" speed="46.31" angle="31.01" x="122.11" y="34.55"/>
        <vehicle id="cfm_slow_3" eclass="HBEFA3/PC_G_EU4" CO2="19318.21" CO="594.14" HC="3.22" NOx="8.01" PMx="0.59" fuel="8.30" electricity="0.00" noise="81.93" route="routebottom" type="cfm_slow" waiting="0.00" lane="right_0" pos="25.60" speed="46.70" angle="318.48" x="108.97" y="110.70"/>
        <vehicle id="cfm_slow_4" eclass="HBEFA3/PC_G_EU4" CO2="14524.73" CO="485.92" HC="2.61" NOx="5.76" PMx="0.46" fuel="6.24" electricity="0.00" noise="80.92" route="routetop" type="cfm_slow" waiting="0.00" lane="top_0" pos="16.24" speed="46.25" angle="245.27" x="31.76" y="120.64"/>
    </timestep>
    <timestep time="5.27">
        <vehicle id="cfm_slow_0" eclass="HBEFA3/PC_G_EU4" CO2="30213.62" CO="780.17" HC="4.34" NOx="13.19" PMx="0.86" fuel="12.99" electricity="0.00" noise="84.23" route="routetop" type="cfm_slow" waiting="0.00" lane="left_0" pos="7.46" speed="44.83" angle="171.01" x="0.15" y="48.47"/>
        <vehicle id="cfm_slow_1" eclass="HBEFA3/PC_G_EU4" CO2="32212.38" CO="835.37" HC="4.64" NOx="14.12" PMx="0.92" fuel="13.85" electricity="0.00" noise="84.92" route="routetop" type="cfm_slow" waiting="0.00" lane="left_0" pos="46.25" speed="45.53" angle="101.34" x="55.95" y="-1.20"/>
        <vehicle id="cfm_slow_2" eclass="HBEFA3/PC_G_EU4" CO2="28536.07" CO="776.07" HC="4.28" NOx="12.37" PMx="0.83" fuel="12.27" electricity="0.00" noise="84.03" route="routebottom" type="cfm_slow" waiting="0.00" lane="bottom_0" pos="35.76" speed="46.32" angle="30.14" x="122.54" y="35.40"/>
        <vehicle id="cfm_slow_3" eclass="HBEFA3/PC_G_EU4" CO2="19179.38" CO="591.38" HC="3.21" NOx="7.95" PMx="0.59" fuel="8.24" electricity="0.00" noise="81.91" route="routebottom" type="cfm_slow" waiting="0.00" lane="right_0" pos="26.07" speed="46.70" angle="317.64" x="108.27" y="111.36"/>
        <vehicle id="cfm_slow_4" eclass="HBEFA3/PC_G_EU4" CO2="14514.78" CO="485.74" HC="2.61" NOx="5.75" PMx="0.46" fuel="6.24" electricity="0.00" noise="80.92" route="routetop" type="cfm_slow" waiting="0.00" lane="top_0" pos="16.70" speed="46.25" angle="244.48" x="30.93" y="120.17"/>
    </timestep>
    <timestep time="5.28">
        <vehicle id="cfm_slow_0" eclass="HBEFA3/PC_G_EU4" CO2="30153.97" CO="779.24" HC="4.33" NOx="13.16" PMx="0.86" fuel="12.96" electricity="0.00" noise="84.21" route="routetop" type="cfm_slow" waiting="0.00" lane="left_0" pos="7.91" speed="44.85" angle="170.23" x="0.37" y="47.58"/>
        <vehicle id="cfm_slow_1" eclass="HBEFA3/PC_G_EU4" CO2="32099.20" CO="833.36" HC="4.63" NOx="14.06" PMx="0.92" fuel="13.80" electricity="0.00" noise="84.89" route="routetop" type="cfm_slow" waiting="0.00" lane="left_0" pos="46.70" speed="45.55" angle="100.49" x="56.88" y="-1.29"/>
        <vehicle id="cfm_slow_2" eclass="HBEFA3/PC_G_EU4" CO2="28364.01" CO="772.79" HC="4.26" NOx="12.29" PMx="0.83" fuel="12.19" electricity="0.00" noise="83.98" route="routebottom" type="cfm_slow" waiting="0.00" lane="bottom_0" pos="36.22" speed="46.34" angle="29.32" x="122.94" y="36.26"/>
        <vehicle id="cfm_slow_3" eclass="HBEFA3/PC_G_EU4" CO2="19042.54" CO="588.65" HC="3.19" NOx="7.88" PMx="0.59" fuel="8.19" electricity="0.00" noise="81.88" route="routebottom" type="cfm_slow" waiting="0.00" lane="right_0" pos="26.53" speed="46.70" angle="316.79" x="107.56" y="112.01"/>
        <vehicle id="cfm_slow_4" eclass="HBEFA3/PC_G_EU4" CO2="14505.87" CO="485.57" HC="2.61" NOx="5.75" PMx="0.46" fuel="6.24" electricity="0.00" noise="80.92" route="routetop" type="cfm_slow" waiting="0.00" lane="top_0" pos="17.17" speed="46.25" angle="243.63" x="30.12" y="119.69"/>
    </timestep>
    <timestep time="5.29">
        <vehicle id="cfm_slow_0" eclass="HBEFA3/PC_G_EU4" CO2="30094.52" CO="778.32" HC="4.32" NOx="13.13" PMx="0.86" fuel="12.94" electricity="0.00" noise="84.20" route="routetop" type="cfm_slow" waiting="0.00" lane="left_0" pos="8.36" speed="44.86" angle="169.40" x="0.61" y="46.69"/>
        <vehicle id="cfm_slow_1" eclass="HBEFA3/PC_G_EU4" CO2="31986.14" CO="831.36" HC="4.61" NOx="14.01" PMx="0.91" fuel="13.75" electricity="0.00" noise="84.86" route="routetop" type="cfm_slow" waiting="0.00" lane="left_0" pos="47.16" speed="45.57" angle="99.64" x="57.81" y="-1.38"/>
        <vehicle id="cfm_slow_2" eclass="HBEFA3/PC_G_EU4" CO2="28192.91" CO="769.52" HC="4.24" NOx="12.21" PMx="0.82" fuel="12.12" electricity="0.00" noise="83.94" route="routebottom" type="cfm_slow" waiting="0.00" lane="bottom_0" pos="36.69" speed="46.35" angle="28.44" x="123.33" y="37.12"/>
        <vehicle id="cfm_slow_3" eclass="HBEFA3/PC_G_EU4" CO2="18907.66" CO="585.97" HC="3.17" NOx="7.82" PMx="0.58" fuel="8.13" electricity="0.00" noise="81.86" route="routebottom" type="cfm_slow" waiting="0.00" lane="right_0" pos="27.00" speed="46.71" angle="315.98" x="106.86" y="112.65"/>
        <vehicle id="cfm_slow_4" eclass="HBEFA3/PC_G_EU4" CO2="14497.98" CO="485.43" HC="2.61" NOx="5.75" PMx="0.46" fuel="6.23" electricity="0.00" noise="80.92" route="routetop" type="cfm_slow" waiting="0.00" lane="top_0" pos="17.63" speed="46.25" angle="242.78" x="29.31" y="119.20"/>
    </timestep>
    <timestep time="5.30">
        <vehicle id="cfm_slow_0" eclass="HBEFA3/PC_G_EU4" CO2="30035.26" CO="777.39" HC="4.32" NOx="13.10" PMx="0.86" fuel="12.91" electricity="0.00" noise="84.18" route="routetop" type="cfm_slow" waiting="0.00" lane="left_0" pos="8.81" speed="44.88" angle="168.56" x="0.85" y="45.80"/>
        <vehicle id="cfm_slow_1" eclass="HBEFA3/PC_G_EU4" CO2="31873.19" CO="829.36" HC="4.60" NOx="13.96" PMx="0.91" fuel="13.70" electricity="0.00" noise="84.83" route="routetop" type="cfm_slow" waiting="0.00" lane="left_0" pos="47.62" speed="45.58" angle="98.85" x="58.74" y="-1.46"/>
        <vehicle id="cfm_slow_2" eclass="HBEFA3/PC_G_EU4" CO2="28022.79" CO="766.27" HC="4.22" NOx="12.13" PMx="0.82" fuel="12.05" electricity="0.00" noise="83.90" route="routebottom" type="cfm_slow" waiting="0.00" lane="bottom_0" pos="37.15" speed="46.36" angle="27.61" x="123.72" y="37.99"/>
        <vehicle id="cfm_slow_3" eclass="HBEFA3/PC_G_EU4" CO2="18774.73" CO="583.32" HC="3.16" NOx="7.75" PMx="0.58" fuel="8.07" electricity="0.00" noise="81.83" route="routebottom" type="cfm_slow" waiting="0.00" lane="right_0" pos="27.47" speed="46.71" angle="315.06" x="106.12" y="113.27"/>
        <vehicle id="cfm_slow_4" eclass="HBEFA3/PC_G_EU4" CO2="14491.08" CO="485.31" HC="2.61" NOx="5.74" PMx="0.46" fuel="6.23" electricity="0.00" noise="80.92" route="routetop" type="cfm_slow" waiting="0.00" lane="top_0" pos="18.09" speed="46.25" angle="241.99" x="28.50" y="118.70"/>
    </timestep>
    <timestep time="5.31">
        <vehicle id="cfm_slow_0" eclass="HBEFA3/PC_G_EU4" CO2="29976.18" CO="776.47" HC="4.31" NOx="13.07" PMx="0.86" fuel="12.89" electricity="0.00" noise="84.17" route="routetop" type="cfm_slow" waiting="0.00" lane="left_0" pos="9.26" speed="44.89" angle="167.80" x="1.11" y="44.92"/>
        <vehicle id="cfm_slow_1" eclass="HBEFA3/PC_G_EU4" CO2="31760.35" CO="827.36" HC="4.59" NOx="13.90" PMx="0.91" fuel="13.65" electricity="0.00" noise="84.80" route="routetop" type="cfm_slow" waiting="0.00" lane="left_0" pos="48.07" speed="45.60" angle="98.01" x="59.68" y="-1.52"/>
        <vehicle id="cfm_slow_2" eclass="HBEFA3/PC_G_EU4" CO2="27853.65" CO="763.04" HC="4.20" NOx="12.05" PMx="0.81" fuel="11.97" electricity="0.00" noise="83.85" route="routebottom" type="cfm_slow" waiting="0.00" lane="bottom_0" pos="37.61" speed="46.37" angle="26.78" x="124.07" y="38.87"/>
        <vehicle id="cfm_slow_3" eclass="HBEFA3/PC_G_EU4" CO2="18643.74" CO="580.71" HC="3.14" NOx="7.69" PMx="0.58" fuel="8.01" electricity="0.00" noise="81.81" route="routebottom" type="cfm_slow" waiting="0.00" lane="right_0" pos="27.93" speed="46.72" angle="314.15" x="105.39" y="113.89"/>
        <vehicle id="cfm_slow_4" eclass="HBEFA3/PC_G_EU4" CO2="14485.17" CO="485.20" HC="2.61" NOx="5.74" PMx="0.46" fuel="6.23" electricity="0.00" noise="80.92" route="routetop" type="cfm_slow" waiting="0.00" lane="top_0" pos="18.55" speed="46.25" angle="241.10" x="27.71" y="118.18"/>
    </timestep>
    <timestep time="5.32">
        <vehicle id="cfm_slow_0" eclass="HBEFA3/PC_G_EU4" CO2="29917.27" CO="775.55" HC="4.31" NOx="13.05" PMx="0.85" fuel="12.86" electricity="0.00" noise="84.15" route="routetop" type="cfm_slow" waiting="0.00" lane="left_0" pos="9.71" speed="44.91" angle="166.97" x="1.38" y="44.04"/>
        <vehicle id="cfm_slow_1" eclass="HBEFA3/PC_G_EU4" CO2="31647.64" CO="825.36" HC="4.58" NOx="13.85" PMx="0.91" fuel="13.60" electricity="0.00" noise="84.77" route="routetop" type="cfm_slow" waiting="0.00" lane="left_0" pos="48.53" speed="45.61" angle="97.17" x="60.61" y="-1.57"/>
        <vehicle id="cfm_slow_2" eclass="HBEFA3/PC_G_EU4" CO2="27685.48" CO="759.82" HC="4.18" NOx="11.97" PMx="0.81" fuel="11.90" electricity="0.00" noise="83.81" route="routebottom" type="cfm_slow" waiting="0.00" lane="bottom_0" pos="38.08" speed="46.39" angle="25.92" x="124.42" y="39.76"/>
        <vehicle id="cfm_slow_3" eclass="HBEFA3/PC_G_EU4" CO2="18514.67" CO="578.14" HC="3.13" NOx="7.63" PMx="0.57" fuel="7.96" electricity="0.00" noise="81.78" route="routebottom" type="cfm_slow" waiting="0.00" lane="right_0" pos="28.40" speed="46.72" angle="313.33" x="104.65" y="114.49"/>
        <vehicle id="cfm_slow_4" eclass="HBEFA3/PC_G_EU4" CO2="14480.20" CO="485.12" HC="2.60" NOx="5.74" PMx="0.46" fuel="6.22" electricity="0.00" noise="80.92" route="routetop" type="cfm_slow" waiting="0.00" lane="top_0" pos="19.02" speed="46.25" angle="240.22" x="26.92" y="117.65"/>
    </timestep>
    <timestep time="5.33">
        <vehicle id="cfm_slow_0" eclass="HBEFA3/PC_G_EU4" CO2="29858.54" CO="774.63" HC="4.30" NOx="13.02" PMx="0.85" fuel="12.83" electricity="0.00" noise="84.14" route="routetop" type="cfm_slow" waiting="0.00" lane="left_0" pos="10.15" speed="44.92" angle="166.17" x="1.65" y="43.16"/>
        <vehicle id="cfm_slow_1" eclass="HBEFA3/PC_G_EU4" CO2="31535.04" CO="823.36" HC="4.57" NOx="13.80" PMx="0.90" fuel="13.56" electricity="0.00" noise="84.74" route="routetop" type="cfm_slow" waiting="0.00" lane="left_0" pos="48.98" speed="45.63" angle="96.38" x="61.55" y="-1.61"/>
        <vehicle id="cfm_slow_2" eclass="HBEFA3/PC_G_EU4" CO2="27518.31" CO="756.63" HC="4.17" NOx="11.89" PMx="0.81" fuel="11.83" electricity="0.00" noise="83.77" route="routebottom" type="cfm_slow" waiting="0.00" lane="bottom_0" pos="38.54" speed="46.40" angle="25.12" x="124.77" y="40.64"/>
        <vehicle id="cfm_slow_3" eclass="HBEFA3/PC_G_EU4" CO2="18387.52" CO="575.60" HC="3.11" NOx="7.57" PMx="0.57" fuel="7.90" electricity="0.00" noise="81.76" route="routebottom" type="cfm_slow" waiting="0.00" lane="right_0" pos="28.87" speed="46.72" angle="312.48" x="103.89" y="115.08"/>
        <vehicle id="cfm_slow_4" eclass="HBEFA3/PC_G_EU4" CO2="14476.18" CO="485.06" HC="2.60" NOx="5.73" PMx="0.46" fuel="6.22" electricity="0.00" noise="80.92" route="routetop" type="cfm_slow" waiting="0.00" lane="top_0" pos="19.48" speed="46.25" angle="239.41" x="26.14" y="117.11"/>
    </timestep>
    <timestep time="5.34">
        <vehicle id="cfm_slow_0" eclass="HBEFA3/PC_G_EU4" CO2="29799.97" CO="773.72" HC="4.30" NOx="12.99" PMx="0.85" fuel="12.81" electricity="0.00" noise="84.13" route="routetop" type="cfm_slow" waiting="0.00" lane="left_0" pos="10.60" speed="44.94" angle="165.38" x="1.96" y="42.29"/>
        <vehicle id="cfm_slow_1" eclass="HBEFA3/PC_G_EU4" CO2="31422.57" CO="821.36" HC="4.56" NOx="13.74" PMx="0.90" fuel="13.51" electricity="0.00" noise="84.71" route="routetop" type="cfm_slow" waiting="0.00" lane="left_0" pos="49.44" speed="45.64" angle="95.52" x="62.48" y="-1.63"/>
        <vehicle id="cfm_slow_2" eclass="HBEFA3/PC_G_EU4" CO2="27352.12" CO="753.45" HC="4.15" NOx="11.81" PMx="0.80" fuel="11.76" electricity="0.00" noise="83.73" route="routebottom" type="cfm_slow" waiting="0.00" lane="bottom_0" pos="39.01" speed="46.41" angle="24.29" x="125.09" y="41.54"/>
        <vehicle id="cfm_slow_3" eclass="HBEFA3/PC_G_EU4" CO2="18262.26" CO="573.10" HC="3.10" NOx="7.51" PMx="0.57" fuel="7.85" electricity="0.00" noise="81.73" route="routebottom" type="cfm_slow" waiting="0.00" lane="right_0" pos="29.34" speed="46.73" angle="311.62" x="103.14" y="115.67"/>
        <vehicle id="cfm_slow_4" eclass="HBEFA3/PC_G_EU4" CO2="14473.06" CO="485.01" HC="2.60" NOx="5.73" PMx="0.46" fuel="6.22" electricity="0.00" noise="80.92" route="routetop" type="cfm_slow" waiting="0.00" lane="top_0" pos="19.94" speed="46.25" angle="238.55" x="25.37" y="116.55"/>
    </timestep>
    <timestep time="5.35">
        <vehicle id="cfm_slow_0" eclass="HBEFA3/PC_G_EU4" CO2="29741.56" CO="772.80" HC="4.29" NOx="12.96" PMx="0.85" fuel="12.78" electricity="0.00" noise="84.11" route="routetop" type="cfm_slow" waiting="0.00" lane="left_0" pos="11.05" speed="44.95" angle="164.54" x="2.27" y="41.42"/>
        <vehicle id="cfm_slow_1" eclass="HBEFA3/PC_G_EU4" CO2="31310.22" CO="819.36" HC="4.54" NOx="13.69" PMx="0.90" fuel="13.46" electricity="0.00" noise="84.68" route="routetop" type="cfm_slow" waiting="0.00" lane="left_0" pos="49.90" speed="45.66" angle="94.67" x="63.42" y="-1.65"/>
        <vehicle id="cfm_slow_2" eclass="HBEFA3/PC_G_EU4" CO2="27186.92" CO="750.28" HC="4.13" NOx="11.73" PMx="0.80" fuel="11.69" electricity="0.00" noise="83.69" route="routebottom" type="cfm_slow" waiting="0.00" lane="bottom_0" pos="39.47" speed="46.42" angle="23.46" x="125.42" y="42.43"/>
        <vehicle id="cfm_slow_3" eclass="HBEFA3/PC_G_EU4" CO2="18138.88" CO="570.64" HC="3.09" NOx="7.45" PMx="0.56" fuel="7.80" electricity="0.00" noise="81.71" route="routebottom" type="cfm_slow" waiting="0.00" lane="right_0" pos="29.80" speed="46.73" angle="310.83" x="102.37" y="116.25"/>
        <vehicle id="cfm_slow_4" eclass="HBEFA3/PC_G_EU4" CO2="14470.85" CO="484.98" HC="2.60" NOx="5.73" PMx="0.46" fuel="6.22" electricity="0.00" noise="80.92" route="routetop" type="cfm_slow" waiting="0.00" lane="top_0" pos="20.40" speed="46.25" angle="237.70" x="24.61" y="116.00"/>
    </timestep>
    <timestep time="5.36">
        <vehicle id="cfm_slow_0" eclass="HBEFA3/PC_G_EU4" CO2="29683.30" CO="771.89" HC="4.29" NOx="12.93" PMx="0.85" fuel="12.76" electricity="0.00" noise="84.10" route="routetop" type="cfm_slow" waiting="0.00" lane="left_0" pos="11.50" speed="44.97" angle="163.75" x="2.58" y="40.56"/>
        <vehicle id="cfm_slow_1" eclass="HBEFA3/PC_G_EU4" CO2="31198.00" CO="817.36" HC="4.53" NOx="13.64" PMx="0.89" fuel="13.41" electricity="0.00" noise="84.65" route="routebottom" type="cfm_slow" waiting="0.00" lane="bottom_0" pos="0.35" speed="45.67" angle="93.85" x="64.41" y="-1.64"/>
        <vehicle id="cfm_slow_2" eclass="HBEFA3/PC_G_EU4" CO2="27022.72" CO="747.14" HC="4.11" NOx="11.65" PMx="0.79" fuel="11.62" electricity="0.00" noise="83.65" route="routebottom" type="cfm_slow" waiting="0.00" lane="bottom_0" pos="39.93" speed="46.43" angle="22.68" x="125.73" y="43.33"/>
        <vehicle id="cfm_slow_3" eclass="HBEFA3/PC_G_EU4" CO2="18017.37" CO="568.22" HC="3.07" NOx="7.40" PMx="0.56" fuel="7.74" electricity="0.00" noise="81.69" route="routebottom" type="cfm_slow" waiting="0.00" lane="right_0" pos="30.27" speed="46.74" angle="309.97" x="101.59" y="116.81"/>
        <vehicle id="cfm_slow_4" eclass="HBEFA3/PC_G_EU4" CO2="14469.50" CO="484.97" HC="2.60" NOx="5.73" PMx="0.46" fuel="6.22" electricity="0.00" noise="80.92" route="routetop" type="cfm_slow" waiting="0.00" lane="top_0" pos="20.87" speed="46.25" angle="236.91" x="23.85" y="115.42"/>
    </timestep>
    <timestep time="5.37">
        <vehicle id="cfm_slow_0" eclass="HBEFA3/PC_G_EU4" CO2="29625.19" CO="770.99" HC="4.28" NOx="12.91" PMx="0.85" fuel="12.73" electricity="0.00" noise="84.08" route="routetop" type="cfm_slow" waiting="0.00" lane="left_0" pos="11.95" speed="44.98" angle="162.96" x="2.92" y="39.70"/>
        <vehicle id="cfm_slow_1" eclass="HBEFA3/PC_G_EU4" CO2="31085.90" CO="815.36" HC="4.52" NOx="13.58" PMx="0.89" fuel="13.36" electricity="0.00" noise="84.62" route="routebottom" type="cfm_slow" waiting="0.00" lane="bottom_0" pos="0.81" speed="45.69" angle="93.01" x="65.35" y="-1.62"/>
        <vehicle id="cfm_slow_2" eclass="HBEFA3/PC_G_EU4" CO2="26859.53" CO="744.01" HC="4.09" NOx="11.57" PMx="0.79" fuel="11.55" electricity="0.00" noise="83.61" route="routebottom" type="cfm_slow" waiting="0.00" lane="bottom_0" pos="40.40" speed="46.44" angle="21.81" x="126.01" y="44.24"/>
        <vehicle id="cfm_slow_3" eclass="HBEFA3/PC_G_EU4" CO2="17897.71" CO="565.83" HC="3.06" NOx="7.34" PMx="0.56" fuel="7.69" electricity="0.00" noise="81.67" route="routebottom" type="cfm_slow" waiting="0.00" lane="right_0" pos="30.74" speed="46.74" angle="309.16" x="100.82" y="117.37"/>
        <vehicle id="cfm_slow_4" eclass="HBEFA3/PC_G_EU4" CO2="14469.01" CO="484.98" HC="2.60" NOx="5.73" PMx="0.46" fuel="6.22" electricity="0.00" noise="80.92" route="routetop" type="cfm_slow" waiting="0.00" lane="top_0" pos="21.33" speed="46.25" angle="236.08" x="23.11" y="114.83"/>
    </timestep>
    <timestep time="5.38">
        <vehicle id="cfm_slow_0" eclass="HBEFA3/PC_G_EU4" CO2="29567.22" CO="770.08" HC="4.27" NOx="12.88" PMx="0.85" fuel="12.71" electricity="0.00" noise="84.07" route="routetop" type="cfm_slow" waiting="0.00" lane="left_0" pos="12.40" speed="45.00" angle="162.15" x="3.26" y="38.84"/>
        <vehicle id="cfm_slow_1" eclass="HBEFA3/PC_G_EU4" CO2="30973.95" CO="813.37" HC="4.51" NOx="13.53" PMx="0.89" fuel="13.31" electricity="0.00" noise="84.59" route="routebottom" type="cfm_slow" waiting="0.00" lane="bottom_0" pos="1.27" speed="45.70" angle="92.22" x="66.29" y="-1.60"/>
        <vehicle id="cfm_slow_2" eclass="HBEFA3/PC_G_EU4" CO2="26697.33" CO="740.90" HC="4.07" NOx="11.50" PMx="0.78" fuel="11.48" electricity="0.00" noise="83.57" route="routebottom" type="cfm_slow" waiting="0.00" lane="bottom_0" pos="40.86" speed="46.45" angle="20.95" x="126.29" y="45.15"/>
        <vehicle id="cfm_slow_3" eclass="HBEFA3/PC_G_EU4" CO2="17779.89" CO="563.47" HC="3.04" NOx="7.28" PMx="0.55" fuel="7.64" electricity="0.00" noise="81.65" route="routebottom" type="cfm_slow" waiting="0.00" lane="right_0" pos="31.21" speed="46.74" angle="308.32" x="100.02" y="117.90"/>
        <vehicle id="cfm_slow_4" eclass="HBEFA3/PC_G_EU4" CO2="14469.36" CO="485.01" HC="2.60" NOx="5.73" PMx="0.46" fuel="6.22" electricity="0.00" noise="80.92" route="routetop" type="cfm_slow" waiting="0.00" lane="top_0" pos="21.79" speed="46.26" angle="235.29" x="22.36" y="114.25"/>
    </timestep>
    <timestep time="5.39">
        <vehicle id="cfm_slow_0" eclass="HBEFA3/PC_G_EU4" CO2="29509.38" CO="769.17" HC="4.27" NOx="12.85" PMx="0.84" fuel="12.68" electricity="0.00" noise="84.05" route="routetop" type="cfm_slow" waiting="0.00" lane="left_0" pos="12.85" speed="45.01" angle="161.40" x="3.61" y="37.99"/>
        <vehicle id="cfm_slow_1" eclass="HBEFA3/PC_G_EU4" CO2="30862.12" CO="811.37" HC="4.50" NOx="13.48" PMx="0.89" fuel="13.27" electricity="0.00" noise="84.56" route="routebottom" type="cfm_slow" waiting="0.00" lane="bottom_0" pos="1.72" speed="45.72" angle="91.39" x="67.22" y="-1.54"/>
        <vehicle id="cfm_slow_2" eclass="HBEFA3/PC_G_EU4" CO2="26536.15" CO="737.81" HC="4.06" NOx="11.42" PMx="0.78" fuel="11.41" electricity="0.00" noise="83.53" route="routebottom" type="cfm_slow" waiting="0.00" lane="bottom_0" pos="41.33" speed="46.46" angle="20.14" x="126.55" y="46.07"/>
        <vehicle id="cfm_slow_3" eclass="HBEFA3/PC_G_EU4" CO2="17663.90" CO="561.15" HC="3.03" NOx="7.23" PMx="0.55" fuel="7.59" electricity="0.00" noise="81.62" route="routebottom" type="cfm_slow" waiting="0.00" lane="right_0" pos="31.67" speed="46.75" angle="307.47" x="99.22" y="118.43"/>
        <vehicle id="cfm_slow_4" eclass="HBEFA3/PC_G_EU4" CO2="14470.52" CO="485.05" HC="2.60" NOx="5.73" PMx="0.46" fuel="6.22" electricity="0.00" noise="80.92" route="routetop" type="cfm_slow" waiting="0.00" lane="top_0" pos="22.25" speed="46.26" angle="234.42" x="21.64" y="113.64"/>
    </timestep>
    <timestep time="5.40">
        <vehicle id="cfm_slow_0" eclass="HBEFA3/PC_G_EU4" CO2="29451.67" CO="768.27" HC="4.26" NOx="12.82" PMx="0.84" fuel="12.66" electricity="0.00" noise="84.04" route="routetop" type="cfm_slow" waiting="0.00" lane="left_0" pos="13.30" speed="45.02" angle="160.57" x="3.99" y="37.14"/>
        <vehicle id="cfm_slow_1" eclass="HBEFA3/PC_G_EU4" CO2="30750.44" CO="809.37" HC="4.48" NOx="13.42" PMx="0.88" fuel="13.22" electricity="0.00" noise="84.53" route="routebottom" type="cfm_slow" waiting="0.00" lane="bottom_0" pos="2.18" speed="45.73" angle="90.56" x="68.16" y="-1.49"/>
        <vehicle id="cfm_slow_2" eclass="HBEFA3/PC_G_EU4" CO2="26375.98" CO="734.74" HC="4.04" NOx="11.35" PMx="0.78" fuel="11.34" electricity="0.00" noise="83.49" route="routebottom" type="cfm_slow" waiting="0.00" lane="bottom_0" pos="41.79" speed="46.47" angle="19.27" x="126.80" y="46.99"/>
        <vehicle id="cfm_slow_3" eclass="HBEFA3/PC_G_EU4" CO2="17549.72" CO="558.87" HC="3.02" NOx="7.18" PMx="0.55" fuel="7.54" electricity="0.00" noise="81.60" route="routebottom" type="cfm_slow" waiting="0.00" lane="right_0" pos="32.14" speed="46.75" angle="306.69" x="98.42" y="118.96"/>
        <vehicle id="cfm_slow_4" eclass="HBEFA3/PC_G_EU4" CO2="14472.48" CO="485.11" HC="2.60" NOx="5.73" PMx="0.46" fuel="6.22" electricity="0.00" noise="80.92" route="routetop" type="cfm_slow" waiting="0.00" lane="top_0" pos="22.72" speed="46.26" angle="233.56" x="20.91" y="113.03"/>
    </timestep>
    <timestep time="5.41">
        <vehicle id="cfm_slow_0" eclass="HBEFA3/PC_G_EU4" CO2="29394.08" CO="767.37" HC="4.26" NOx="12.80" PMx="0.84" fuel="12.64" electricity="0.00" noise="84.03" route="routetop" type="cfm_slow" waiting="0.00" lane="left_0" pos="13.75" speed="45.04" angle="159.75" x="4.36" y="36.30"/>
        <vehicle id="cfm_slow_1" eclass="HBEFA3/PC_G_EU4" CO2="30638.89" CO="807.38" HC="4.47" NOx="13.37" PMx="0.88" fuel="13.17" electricity="0.00" noise="84.50" route="routebottom" type="cfm_slow" waiting="0.00" lane="bottom_0" pos="2.64" speed="45.75" angle="89.77" x="69.10" y="-1.42"/>
        <vehicle id="cfm_slow_2" eclass="HBEFA3/PC_G_EU4" CO2="26216.82" CO="731.68" HC="4.02" NOx="11.27" PMx="0.77" fuel="11.27" electricity="0.00" noise="83.45" route="routebottom" type="cfm_slow" waiting="0.00" lane="bottom_0" pos="42.26" speed="46.48" angle="18.44" x="127.04" y="47.91"/>
        <vehicle id="cfm_slow_3" eclass="HBEFA3/PC_G_EU4" CO2="17437.33" CO="556.62" HC="3.00" NOx="7.12" PMx="0.55" fuel="7.50" electricity="0.00" noise="81.58" route="routebottom" type="cfm_slow" waiting="0.00" lane="right_0" pos="32.61" speed="46.75" angle="305.83" x="97.60" y="119.45"/>
        <vehicle id="cfm_slow_4" eclass="HBEFA3/PC_G_EU4" CO2="14475.22" CO="485.18" HC="2.60" NOx="5.73" PMx="0.46" fuel="6.22" electricity="0.00" noise="80.92" route="routetop" type="cfm_slow" waiting="0.00" lane="top_0" pos="23.18" speed="46.26" angle="232.77" x="20.19" y="112.41"/>
    </timestep>
    <timestep time="5.42">
        <vehicle id="cfm_slow_0" eclass="HBEFA3/PC_G_EU4" CO2="29336.61" CO="766.47" HC="4.25" NOx="12.77" PMx="0.84" fuel="12.61" electricity="0.00" noise="84.01" route="routetop" type="cfm_slow" waiting="0.00" lane="left_0" pos="14.20" speed="45.05" angle="158.98" x="4.75" y="35.46"/>
        <vehicle id="cfm_slow_1" eclass="HBEFA3/PC_G_EU4" CO2="30527.49" CO="805.39" HC="4.46" NOx="13.32" PMx="0.88" fuel="13.12" electricity="0.00" noise="84.47" route="routebottom" type="cfm_slow" waiting="0.00" lane="bottom_0" pos="3.10" speed="45.76" angle="88.93" x="70.03" y="-1.33"/>
        <vehicle id="cfm_slow_2" eclass="HBEFA3/PC_G_EU4" CO2="26058.67" CO="728.64" HC="4.00" NOx="11.20" PMx="0.77" fuel="11.20" electricity="0.00" noise="83.42" route="routebottom" type="cfm_slow" waiting="0.00" lane="bottom_0" pos="42.72" speed="46.49" angle="17.64" x="127.26" y="48.84"/>
        <vehicle id="cfm_slow_3" eclass="HBEFA3/PC_G_EU4" CO2="17326.73" CO="554.41" HC="2.99" NOx="7.07" PMx="0.54" fuel="7.45" electricity="0.00" noise="81.56" route="routebottom" type="cfm_slow" waiting="0.00" lane="right_0" pos="33.08" speed="46.75" angle="304.98" x="96.78" y="119.95"/>
        <vehicle id="cfm_slow_4" eclass="HBEFA3/PC_G_EU4" CO2="14478.72" CO="485.27" HC="2.61" NOx="5.74" PMx="0.46" fuel="6.22" electricity="0.00" noise="80.92" route="routetop" type="cfm_slow" waiting="0.00" lane="top_0" pos="23.64" speed="46.26" angle="231.92" x="19.50" y="111.76"/>
    </timestep>
    <timestep time="5.43">
        <vehicle id="cfm_slow_0" eclass="HBEFA3/PC_G_EU4" CO2="29279.26" CO="765.57" HC="4.25" NOx="12.74" PMx="0.84" fuel="12.59" electricity="0.00" noise="84.00" route="routetop" type="cfm_slow" waiting="0.00" lane="left_0" pos="14.65" speed="45.07" angle="158.14" x="5.16" y="34.64"/>
        <vehicle id="cfm_slow_1" eclass="HBEFA3/PC_G_EU4" CO2="30416.23" CO="803.39" HC="4.45" NOx="13.27" PMx="0.88" fuel="13.07" electricity="0.00" noise="84.44" route="routebottom" type="cfm_slow" waiting="0.00" lane="bottom_0" pos="3.55" speed="45.78" angle="88.10" x="70.96" y="-1.24"/>
        <vehicle id="cfm_slow_2" eclass="HBEFA3/PC_G_EU4" CO2="25901.55" CO="725.62" HC="3.98" NOx="11.12" PMx="0.76" fuel="11.13" electricity="0.00" noise="83.38" route="routebottom" type="cfm_slow" waiting="0.00" lane="bottom_0" pos="43.19" speed="46.50" angle="16.83" x="127.47" y="49.77"/>
        <vehicle id="cfm_slow_3" eclass="HBEFA3/PC_G_EU4" CO2="17217.90" CO="552.23" HC="2.98" NOx="7.02" PMx="0.54" fuel="7.40" electricity="0.00" noise="81.54" route="routebottom" type="cfm_slow" waiting="0.00" lane="right_0" pos="33.54" speed="46.76" angle="304.18" x="95.95" y="120.43"/>
        <vehicle id="cfm_slow_4" eclass="HBEFA3/PC_G_EU4" CO2="14482.97" CO="485.38" HC="2.61" NOx="5.74" PMx="0.46" fuel="6.23" electricity="0.00" noise="80.92" route="routetop" type="cfm_slow" waiting="0.00" lane="top_0" pos="24.10" speed="46.26" angle="231.07" x="18.80" y="111.12"/>
    </timestep>
    <timestep time="5.44">
        <vehicle id="cfm_slow_0" eclass="HBEFA3/PC_G_EU4" CO2="29222.01" CO="764.67" HC="4.24" NOx="12.71" PMx="0.84" fuel="12.56" electricity="0.00" noise="83.99" route="routetop" type="cfm_slow" waiting="0.00" lane="left_0" pos="15.11" speed="45.08" angle="157.30" x="5.58" y="33.81"/>
        <vehicle id="cfm_slow_1" eclass="HBEFA3/PC_G_EU4" CO2="30305.12" CO="801.40" HC="4.44" NOx="13.21" PMx="0.87" fuel="13.03" electricity="0.00" noise="84.42" route="routebottom" type="cfm_slow" waiting="0.00" lane="bottom_0" pos="4.01" speed="45.79" angle="87.31" x="71.90" y="-1.13"/>
        <vehicle id="cfm_slow_2" eclass="HBEFA3/PC_G_EU4" CO2="25745.45" CO="722.62" HC="3.97" NOx="11.05" PMx="0.76" fuel="11.07" electricity="0.00" noise="83.34" route="routebottom" type="cfm_slow" waiting="0.00" lane="bottom_0" pos="43.65" speed="46.51" angle="16.05" x="127.68" y="50.70"/>
        <vehicle id="cfm_slow_3" eclass="HBEFA3/PC_G_EU4" CO2="17110.82" CO="550.08" HC="2.97" NOx="6.97" PMx="0.54" fuel="7.36" electricity="0.00" noise="81.52" route="routebottom" type="cfm_slow" waiting="0.00" lane="right_0" pos="34.01" speed="46.76" angle="303.32" x="95.11" y="120.89"/>
        <vehicle id="cfm_slow_4" eclass="HBEFA3/PC_G_EU4" CO2="14487.93" CO="485.50" HC="2.61" NOx="5.74" PMx="0.46" fuel="6.23" electricity="0.00" noise="80.92" route="routetop" type="cfm_slow" waiting="0.00" lane="top_0" pos="24.57" speed="46.26" angle="230.29" x="18.12" y="110.46"/>
    </timestep>
    <timestep time="5.45">
        <vehicle id="cfm_slow_0" eclass="HBEFA3/PC_G_EU4" CO2="29164.87" CO="763.77" HC="4.24" NOx="12.69" PMx="0.84" fuel="12.54" electricity="0.00" noise="83.97" route="routetop" type="cfm_slow" waiting="0.00" lane="left_0" pos="15.56" speed="45.10" angle="156.54" x="6.00" y="32.99"/>
        <vehicle id="cfm_slow_1" eclass="HBEFA3/PC_G_EU4" CO2="30194.17" CO="799.41" HC="4.43" NOx="13.16" PMx="0.87" fuel="12.98" electricity="0.00" noise="84.39" route="routebottom" type="cfm_slow" waiting="0.00" lane="bottom_0" pos="4.47" speed="45.81" angle="86.48" x="72.83" y="-1.00"/>
        <vehicle id="cfm_slow_2" eclass="HBEFA3/PC_G_EU4" CO2="25590.38" CO="719.64" HC="3.95" NOx="10.97" PMx="0.76" fuel="11.00" electricity="0.00" noise="83.31" route="routebottom" type="cfm_slow" waiting="0.00" lane="bottom_0" pos="44.12" speed="46.52" angle="15.14" x="127.85" y="51.64"/>
        <vehicle id="cfm_slow_3" eclass="HBEFA3/PC_G_EU4" CO2="17005.48" CO="547.97" HC="2.95" NOx="6.92" PMx="0.53" fuel="7.31" electricity="0.00" noise="81.51" route="routebottom" type="cfm_slow" waiting="0.00" lane="right_0" pos="34.48" speed="46.76" angle="302.47" x="94.27" y="121.35"/>
        <vehicle id="cfm_slow_4" eclass="HBEFA3/PC_G_EU4" CO2="14493.60" CO="485.63" HC="2.61" NOx="5.74" PMx="0.46" fuel="6.23" electricity="0.00" noise="80.92" route="routetop" type="cfm_slow" waiting="0.00" lane="top_0" pos="25.03" speed="46.26" angle="229.46" x="17.45" y="109.79"/>
    </timestep>
    <timestep time="5.46">
        <vehicle id="cfm_slow_0" eclass="HBEFA3/PC_G_EU4" CO2="29107.82" CO="762.88" HC="4.23" NOx="12.66" PMx="0.83" fuel="12.51" electricity="0.00" noise="83.96" route="routetop" type="cfm_slow" waiting="0.00" lane="left_0" pos="16.01" speed="45.11" angle="155.71" x="6.45" y="32.18"/>
        <vehicle id="cfm_slow_1" eclass="HBEFA3/PC_G_EU4" CO2="30083.36" CO="797.42" HC="4.41" NOx="13.11" PMx="0.87" fuel="12.93" electricity="0.00" noise="84.36" route="routebottom" type="cfm_slow" waiting="0.00" lane="bottom_0" pos="4.93" speed="45.82" angle="85.64" x="73.76" y="-0.86"/>
        <vehicle id="cfm_slow_2" eclass="HBEFA3/PC_G_EU4" CO2="25436.33" CO="716.68" HC="3.93" NOx="10.90" PMx="0.75" fuel="10.93" electricity="0.00" noise="83.27" route="routebottom" type="cfm_slow" waiting="0.00" lane="bottom_0" pos="44.58" speed="46.53" angle="14.24" x="128.02" y="52.58"/>
        <vehicle id="cfm_slow_3" eclass="HBEFA3/PC_G_EU4" CO2="16901.87" CO="545.89" HC="2.94" NOx="6.87" PMx="0.53" fuel="7.27" electricity="0.00" noise="81.49" route="routebottom" type="cfm_slow" waiting="0.00" lane="right_0" pos="34.95" speed="46.77" angle="301.66" x="93.42" y="121.79"/>
        <vehicle id="cfm_slow_4" eclass="HBEFA3/PC_G_EU4" CO2="14499.97" CO="485.78" HC="2.61" NOx="5.75" PMx="0.46" fuel="6.23" electricity="0.00" noise="80.92" route="routetop" type="cfm_slow" waiting="0.00" lane="top_0" pos="25.49" speed="46.26" angle="228.63" x="16.77" y="109.12"/>
    </timestep>
    <timestep time="5.47">
        <vehicle id="cfm_slow_0" eclass="HBEFA3/PC_G_EU4" CO2="29050.87" CO="761.98" HC="4.22" NOx="12.63" PMx="0.83" fuel="12.49" electricity="0.00" noise="83.94" route="routetop" type="cfm_slow" waiting="0.00" lane="left_0" pos="16.46" speed="45.12" angle="154.88" x="6.90" y="31.37"/>
        <vehicle id="cfm_slow_1" eclass="HBEFA3/PC_G_EU4" CO2="29972.72" CO="795.43" HC="4.40" NOx="13.05" PMx="0.86" fuel="12.88" electricity="0.00" noise="84.33" route="routebottom" type="cfm_slow" waiting="0.00" lane="bottom_0" pos="5.39" speed="45.83" angle="84.81" x="74.68" y="-0.71"/>
        <vehicle id="cfm_slow_2" eclass="HBEFA3/PC_G_EU4" CO2="25283.32" CO="713.73" HC="3.91" NOx="10.83" PMx="0.75" fuel="10.87" electricity="0.00" noise="83.24" route="routebottom" type="cfm_slow" waiting="0.00" lane="bottom_0" pos="45.05" speed="46.54" angle="13.42" x="128.18" y="53.52"/>
        <vehicle id="cfm_slow_3" eclass="HBEFA3/PC_G_EU4" CO2="16799.96" CO="543.85" HC="2.93" NOx="6.82" PMx="0.53" fuel="7.22" electricity="0.00" noise="81.47" route="routebottom" type="cfm_slow" waiting="0.00" lane="right_0" pos="35.41" speed="46.77" angle="300.79" x="92.56" y="122.22"/>
        <vehicle id="cfm_slow_4" eclass="HBEFA3/PC_G_EU4" CO2="14507.00" CO="485.95" HC="2.61" NOx="5.75" PMx="0.46" fuel="6.24" electricity="0.00" noise="80.93" route="routetop" type="cfm_slow" waiting="0.00" lane="top_0" pos="25.95" speed="46.26" angle="227.84" x="16.12" y="108.43"/>
    </timestep>
    <timestep time="5.48">
        <vehicle id="cfm_slow_0" eclass="HBEFA3/PC_G_EU4" CO2="28994.00" CO="761.09" HC="4.22" NOx="12.61" PMx="0.83" fuel="12.46" electricity="0.00" noise="83.93" route="routetop" type="cfm_slow" waiting="0.00" lane="left_0" pos="16.91" speed="45.14" angle="154.09" x="7.36" y="30.57"/>
        <vehicle id="cfm_slow_1" eclass="HBEFA3/PC_G_EU4" CO2="29862.24" CO="793.45" HC="4.39" NOx="13.00" PMx="0.86" fuel="12.84" electricity="0.00" noise="84.30" route="routebottom" type="cfm_slow" waiting="0.00" lane="bottom_0" pos="5.85" speed="45.85" angle="83.95" x="75.61" y="-0.54"/>
        <vehicle id="cfm_slow_2" eclass="HBEFA3/PC_G_EU4" CO2="25131.34" CO="710.80" HC="3.90" NOx="10.76" PMx="0.74" fuel="10.80" electricity="0.00" noise="83.20" route="routebottom" type="cfm_slow" waiting="0.00" lane="bottom_0" pos="45.51" speed="46.55" angle="12.57" x="128.31" y="54.46"/>
        <vehicle id="cfm_slow_3" eclass="HBEFA3/PC_G_EU4" CO2="16699.76" CO="541.84" HC="2.92" NOx="6.77" PMx="0.53" fuel="7.18" electricity="0.00" noise="81.45" route="routebottom" type="cfm_slow" waiting="0.00" lane="right_0" pos="35.88" speed="46.77" angle="299.96" x="91.70" y="122.65"/>
        <vehicle id="cfm_slow_4" eclass="HBEFA3/PC_G_EU4" CO2="14514.69" CO="486.13" HC="2.61" NOx="5.75" PMx="0.46" fuel="6.24" electricity="0.00" noise="80.93" route="routetop" type="cfm_slow" waiting="0.00" lane="top_0" pos="26.42" speed="46.26" angle="226.98" x="15.48" y="107.74"/>
    </timestep>
    <timestep time="5.49">
        <vehicle id="cfm_slow_0" eclass="HBEFA3/PC_G_EU4" CO2="28937.22" CO="760.19" HC="4.21" NOx="12.58" PMx="0.83" fuel="12.44" electricity="0.00" noise="83.92" route="routetop" type="cfm_slow" waiting="0.00" lane="left_0" pos="17.36" speed="45.15" angle="153.24" x="7.84" y="29.78"/>
        <vehicle id="cfm_slow_1" eclass="HBEFA3/PC_G_EU4" CO2="29751.92" CO="791.46" HC="4.38" NOx="12.95" PMx="0.86" fuel="12.79" electricity="0.00" noise="84.27" route="routebottom" type="cfm_slow" waiting="0.00" lane="bottom_0" pos="6.30" speed="45.86" angle="83.10" x="76.53" y="-0.36"/>
        <vehicle id="cfm_slow_2" eclass="HBEFA3/PC_G_EU4" CO2="24980.39" CO="707.89" HC="3.88" NOx="10.69" PMx="0.74" fuel="10.74" electricity="0.00" noise="83.17" route="routebottom" type="cfm_slow" waiting="0.00" lane="bottom_0" pos="45.98" speed="46.56" angle="11.72" x="128.45" y="55.41"/>
        <vehicle id="cfm_slow_3" eclass="HBEFA3/PC_G_EU4" CO2="16601.23" CO="539.86" HC="2.91" NOx="6.73" PMx="0.52" fuel="7.14" electricity="0.00" noise="81.43" route="routebottom" type="cfm_slow" waiting="0.00" lane="right_0" pos="36.35" speed="46.77" angle="299.09" x="90.83" y="123.04"/>
        <vehicle id="cfm_slow_4" eclass="HBEFA3/PC_G_EU4" CO2="14523.01" CO="486.32" HC="2.61" NOx="5.76" PMx="0.46" fuel="6.24" electricity="0.00" noise="80.93" route="routetop" type="cfm_slow" waiting="0.00" lane="top_0" pos="26.88" speed="46.27" angle="226.16" x="14.83" y="107.04"/>
    </timestep>
    <timestep time="5.50">
        <vehicle id="cfm_slow_0" eclass="HBEFA3/PC_G_EU4" CO2="28880.52" CO="759.30" HC="4.21" NOx="12.55" PMx="0.83" fuel="12.41" electricity="0.00" noise="83.90" route="routetop" type="cfm_slow" waiting="0.00" lane="left_0" pos="17.81" speed="45.16" angle="152.40" x="8.32" y="28.98"/>
        <vehicle id="cfm_slow_1" eclass="HBEFA3/PC_G_EU4" CO2="29641.76" CO="789.48" HC="4.37" NOx="12.90" PMx="0.86" fuel="12.74" electricity="0.00" noise="84.24" route="routebottom" type="cfm_slow" waiting="0.00" lane="bottom_0" pos="6.76" speed="45.88" angle="82.30" x="77.45" y="-0.17"/>
        <vehicle id="cfm_slow_2" eclass="HBEFA3/PC_G_EU4" CO2="24830.48" CO="705.00" HC="3.86" NOx="10.62" PMx="0.74" fuel="10.67" electricity="0.00" noise="83.13" route="routebottom" type="cfm_slow" waiting="0.00" lane="bottom_0" pos="46.45" speed="46.57" angle="10.94" x="128.56" y="56.36"/>
        <vehicle id="cfm_slow_3" eclass="HBEFA3/PC_G_EU4" CO2="16504.38" CO="537.92" HC="2.90" NOx="6.68" PMx="0.52" fuel="7.09" electricity="0.00" noise="81.42" route="routebottom" type="cfm_slow" waiting="0.00" lane="right_0" pos="36.82" speed="46.78" angle="298.20" x="89.95" y="123.44"/>
        <vehicle id="cfm_slow_4" eclass="HBEFA3/PC_G_EU4" CO2="14531.96" CO="486.52" HC="2.61" NOx="5.76" PMx="0.46" fuel="6.25" electricity="0.00" noise="80.93" route="routetop" type="cfm_slow" waiting="0.00" lane="top_0" pos="27.34" speed="46.27" angle="225.30" x="14.22" y="106.32"/>
    </timestep>
    <timestep time="5.51">
        <vehicle id="cfm_slow_0" eclass="HBEFA3/PC_G_EU4" CO2="28823.89" CO="758.41" HC="4.20" NOx="12.52" PMx="0.83" fuel="12.39" electricity="0.00" noise="83.89" route="routetop" type="cfm_slow" waiting="0.00" lane="left_0" pos="18.27" speed="45.18" angle="151.61" x="8.82" y="28.21"/>
        <vehicle id="cfm_slow_1" eclass="HBEFA3/PC_G_EU4" CO2="29531.78" CO="787.50" HC="4.35" NOx="12.85" PMx="0.85" fuel="12.69" electricity="0.00" noise="84.22" route="routebottom" type="cfm_slow" waiting="0.00" lane="bottom_0" pos="7.22" speed="45.89" angle="81.46" x="78.37" y="0.04"/>
        <vehicle id="cfm_slow_2" eclass="HBEFA3/PC_G_EU4" CO2="24681.61" CO="702.13" HC="3.85" NOx="10.54" PMx="0.73" fuel="10.61" electricity="0.00" noise="83.10" route="routebottom" type="cfm_slow" waiting="0.00" lane="bottom_0" pos="46.91" speed="46.58" angle="10.12" x="128.66" y="57.31"/>
        <vehicle id="cfm_slow_3" eclass="HBEFA3/PC_G_EU4" CO2="16409.17" CO="536.00" HC="2.89" NOx="6.64" PMx="0.52" fuel="7.05" electricity="0.00" noise="81.40" route="routebottom" type="cfm_slow" waiting="0.00" lane="right_0" pos="37.28" speed="46.78" angle="297.39" x="89.07" y="123.82"/>
        <vehicle id="cfm_slow_4" eclass="HBEFA3/PC_G_EU4" CO2="14541.51" CO="486.74" HC="2.61" NOx="5.77" PMx="0.47" fuel="6.25" electricity="0.00" noise="80.93" route="routetop" type="cfm_slow" waiting="0.00" lane="top_0" pos="27.81" speed="46.27" angle="224.42" x="13.61" y="105.59"/>
    </timestep>
    <timestep time="5.52">
        <vehicle id="cfm_slow_0" eclass="HBEFA3/PC_G_EU4" CO2="28767.33" CO="757.52" HC="4.20" NOx="12.50" PMx="0.83" fuel="12.37" electricity="0.00" noise="83.88" route="routetop" type="cfm_slow" waiting="0.00" lane="left_0" pos="18.72" speed="45.19" angle="150.75" x="9.34" y="27.44"/>
        <vehicle id="cfm_slow_1" eclass="HBEFA3/PC_G_EU4" CO2="29421.97" CO="785.52" HC="4.34" NOx="12.79" PMx="0.85" fuel="12.65" electricity="0.00" noise="84.19" route="routebottom" type="cfm_slow" waiting="0.00" lane="bottom_0" pos="7.68" speed="45.90" angle="80.67" x="79.29" y="0.25"/>
        <vehicle id="cfm_slow_2" eclass="HBEFA3/PC_G_EU4" CO2="24533.78" CO="699.28" HC="3.83" NOx="10.47" PMx="0.73" fuel="10.55" electricity="0.00" noise="83.06" route="routebottom" type="cfm_slow" waiting="0.00" lane="bottom_0" pos="47.38" speed="46.59" angle="9.31" x="128.75" y="58.26"/>
        <vehicle id="cfm_slow_3" eclass="HBEFA3/PC_G_EU4" CO2="16315.61" CO="534.12" HC="2.87" NOx="6.59" PMx="0.52" fuel="7.01" electricity="0.00" noise="81.38" route="routebottom" type="cfm_slow" waiting="0.00" lane="right_0" pos="37.75" speed="46.78" angle="296.53" x="88.18" y="124.18"/>
        <vehicle id="cfm_slow_4" eclass="HBEFA3/PC_G_EU4" CO2="14551.65" CO="486.96" HC="2.61" NOx="5.77" PMx="0.47" fuel="6.26" electricity="0.00" noise="80.93" route="routetop" type="cfm_slow" waiting="0.00" lane="top_0" pos="28.27" speed="46.27" angle="223.61" x="13.00" y="104.87"/>
    </timestep>
    <timestep time="5.53">
        <vehicle id="cfm_slow_0" eclass="HBEFA3/PC_G_EU4" CO2="28710.84" CO="756.63" HC="4.19" NOx="12.47" PMx="0.83" fuel="12.34" electricity="0.00" noise="83.86" route="routetop" type="cfm_slow" waiting="0.00" lane="left_0" pos="19.17" speed="45.20" angle="149.92" x="9.85" y="26.66"/>
        <vehicle id="cfm_slow_1" eclass="HBEFA3/PC_G_EU4" CO2="29312.33" CO="783.54" HC="4.33" NOx="12.74" PMx="0.85" fuel="12.60" electricity="0.00" noise="84.16" route="routebottom" type="cfm_slow" waiting="0.00" lane="bottom_0" pos="8.14" speed="45.92" angle="79.81" x="80.20" y="0.49"/>
        <vehicle id="cfm_slow_2" eclass="HBEFA3/PC_G_EU4" CO2="24386.99" CO="696.45" HC="3.81" NOx="10.41" PMx="0.73" fuel="10.48" electricity="0.00" noise="83.03" route="routebottom" type="cfm_slow" waiting="0.00" lane="bottom_0" pos="47.84" speed="46.60" angle="8.45" x="128.82" y="59.21"/>
        <vehicle id="cfm_slow_3" eclass="HBEFA3/PC_G_EU4" CO2="16223.67" CO="532.27" HC="2.86" NOx="6.55" PMx="0.51" fuel="6.97" electricity="0.00" noise="81.37" route="routebottom" type="cfm_slow" waiting="0.00" lane="right_0" pos="38.22" speed="46.78" angle="295.66" x="87.29" y="124.53"/>
        <vehicle id="cfm_slow_4" eclass="HBEFA3/PC_G_EU4" CO2="14562.36" CO="487.20" HC="2.62" NOx="5.78" PMx="0.47" fuel="6.26" electricity="0.00" noise="80.94" route="routetop" type="cfm_slow" waiting="0.00" lane="top_0" pos="28.73" speed="46.27" angle="222.77" x="12.41" y="104.12"/>
    </timestep>
    <timestep time="5.54">
        <vehicle id="cfm_slow_0" eclass="HBEFA3/PC_G_EU4" CO2="28654.42" CO="755.73" HC="4.19" NOx="12.44" PMx="0.82" fuel="12.32" electricity="0.00" noise="83.85" route="routetop" type="cfm_slow" waiting="0.00" lane="left_0" pos="19.62" speed="45.22" angle="149.12" x="10.39" y="25.91"/>
        <vehicle id="cfm_slow_1" eclass="HBEFA3/PC_G_EU4" CO2="29202.88" CO="781.56" HC="4.32" NOx="12.69" PMx="0.84" fuel="12.55" electricity="0.00" noise="84.13" route="routebottom" type="cfm_slow" waiting="0.00" lane="bottom_0" pos="8.60" speed="45.93" angle="78.95" x="81.11" y="0.74"/>
        <vehicle id="cfm_slow_2" eclass="HBEFA3/PC_G_EU4" CO2="24241.25" CO="693.63" HC="3.80" NOx="10.34" PMx="0.72" fuel="10.42" electricity="0.00" noise="83.00" route="routebottom" type="cfm_slow" waiting="0.00" lane="bottom_0" pos="48.31" speed="46.61" angle="7.55" x="128.87" y="60.16"/>
        <vehicle id="cfm_slow_3" eclass="HBEFA3/PC_G_EU4" CO2="16133.34" CO="530.45" HC="2.85" NOx="6.51" PMx="0.51" fuel="6.94" electricity="0.00" noise="81.35" route="routebottom" type="cfm_slow" waiting="0.00" lane="right_0" pos="38.69" speed="46.78" angle="294.86" x="86.40" y="124.87"/>
        <vehicle id="cfm_slow_4" eclass="HBEFA3/PC_G_EU4" CO2="14573.62" CO="487.46" HC="2.62" NOx="5.78" PMx="0.47" fuel="6.26" electricity="0.00" noise="80.94" route="routetop" type="cfm_slow" waiting="0.00" lane="top_0" pos="29.19" speed="46.27" angle="221.92" x="11.83" y="103.37"/>
    </timestep>
    <timestep time="5.55">
        <vehicle id="cfm_slow_0" eclass="HBEFA3/PC_G_EU4" CO2="28598.05" CO="754.84" HC="4.18" NOx="12.42" PMx="0.82" fuel="12.29" electricity="0.00" noise="83.84" route="routetop" type="cfm_slow" waiting="0.00" lane="left_0" pos="20.07" speed="45.23" angle="148.29" x="10.93" y="25.16"/>
        <vehicle id="cfm_slow_1" eclass="HBEFA3/PC_G_EU4" CO2="29093.61" CO="779.58" HC="4.31" NOx="12.64" PMx="0.84" fuel="12.51" electricity="0.00" noise="84.10" route="routebottom" type="cfm_slow" waiting="0.00" lane="bottom_0" pos="9.06" speed="45.94" angle="78.16" x="82.01" y="0.99"/>
        <vehicle id="cfm_slow_2" eclass="HBEFA3/PC_G_EU4" CO2="24096.55" CO="690.84" HC="3.78" NOx="10.27" PMx="0.72" fuel="10.36" electricity="0.00" noise="82.97" route="routebottom" type="cfm_slow" waiting="0.00" lane="bottom_0" pos="48.78" speed="46.62" angle="6.72" x="128.92" y="61.12"/>
        <vehicle id="cfm_slow_3" eclass="HBEFA3/PC_G_EU4" CO2="16044.60" CO="528.67" HC="2.84" NOx="6.47" PMx="0.51" fuel="6.90" electricity="0.00" noise="81.34" route="routebottom" type="cfm_slow" waiting="0.00" lane="right_0" pos="39.16" speed="46.79" angle="294.03" x="85.49" y="125.20"/>
        <vehicle id="cfm_slow_4" eclass="HBEFA3/PC_G_EU4" CO2="14585.43" CO="487.72" HC="2.62" NOx="5.79" PMx="0.47" fuel="6.27" electricity="0.00" noise="80.94" route="routetop" type="cfm_slow" waiting="0.00" lane="top_0" pos="29.66" speed="46.27" angle="221.12" x="11.25" y="102.62"/>
    </timestep>
    <timestep time="5.56">
        <vehicle id="cfm_slow_0" eclass="HBEFA3/PC_G_EU4" CO2="28541.73" CO="753.95" HC="4.18" NOx="12.39" PMx="0.82" fuel="12.27" electricity="0.00" noise="83.82" route="routetop" type="cfm_slow" waiting="0.00" lane="left_0" pos="20.53" speed="45.24" angle="147.53" x="11.47" y="24.40"/>
        <vehicle id="cfm_slow_1" eclass="HBEFA3/PC_G_EU4" CO2="28984.52" CO="777.61" HC="4.30" NOx="12.59" PMx="0.84" fuel="12.46" electricity="0.00" noise="84.08" route="routebottom" type="cfm_slow" waiting="0.00" lane="bottom_0" pos="9.52" speed="45.96" angle="77.32" x="82.91" y="1.27"/>
        <vehicle id="cfm_slow_2" eclass="HBEFA3/PC_G_EU4" CO2="23952.90" CO="688.06" HC="3.77" NOx="10.20" PMx="0.71" fuel="10.30" electricity="0.00" noise="82.93" route="routebottom" type="cfm_slow" waiting="0.00" lane="bottom_0" pos="49.24" speed="46.62" angle="5.86" x="128.94" y="62.07"/>
        <vehicle id="cfm_slow_3" eclass="HBEFA3/PC_G_EU4" CO2="15957.45" CO="526.91" HC="2.83" NOx="6.42" PMx="0.51" fuel="6.86" electricity="0.00" noise="81.32" route="routebottom" type="cfm_slow" waiting="0.00" lane="right_0" pos="39.62" speed="46.79" angle="293.20" x="84.59" y="125.53"/>
        <vehicle id="cfm_slow_4" eclass="HBEFA3/PC_G_EU4" CO2="14597.76" CO="487.99" HC="2.62" NOx="5.79" PMx="0.47" fuel="6.28" electricity="0.00" noise="80.94" route="routetop" type="cfm_slow" waiting="0.00" lane="top_0" pos="30.12" speed="46.27" angle="220.25" x="10.70" y="101.85"/>
    </timestep>
    <timestep time="5.57">
        <vehicle id="cfm_slow_0" eclass="HBEFA3/PC_G_EU4" CO2="28485.47" CO="753.06" HC="4.17" NOx="12.36" PMx="0.82" fuel="12.24" electricity="0.00" noise="83.81" route="routetop" type="cfm_slow" waiting="0.00" lane="left_0" pos="20.98" speed="45.26" angle="146.71" x="12.04" y="23.67"/>
        <vehicle id="cfm_slow_1" eclass="HBEFA3/PC_G_EU4" CO2="28875.62" CO="775.64" HC="4.28" NOx="12.53" PMx="0.84" fuel="12.41" electricity="0.00" noise="84.05" route="routebottom" type="cfm_slow" waiting="0.00" lane="bottom_0" pos="9.98" speed="45.97" angle="76.48" x="83.81" y="1.54"/>
        <vehicle id="cfm_slow_2" eclass="HBEFA3/PC_G_EU4" CO2="23810.29" CO="685.30" HC="3.75" NOx="10.13" PMx="0.71" fuel="10.24" electricity="0.00" noise="82.90" route="routebottom" type="cfm_slow" waiting="0.00" lane="bottom_0" pos="49.71" speed="46.63" angle="5.01" x="128.96" y="63.03"/>
        <vehicle id="cfm_slow_3" eclass="HBEFA3/PC_G_EU4" CO2="15871.86" CO="525.19" HC="2.82" NOx="6.38" PMx="0.50" fuel="6.82" electricity="0.00" noise="81.31" route="routebottom" type="cfm_slow" waiting="0.00" lane="right_0" pos="40.09" speed="46.79" angle="292.40" x="83.68" y="125.83"/>
        <vehicle id="cfm_slow_4" eclass="HBEFA3/PC_G_EU4" CO2="14610.60" CO="488.28" HC="2.62" NOx="5.80" PMx="0.47" fuel="6.28" electricity="0.00" noise="80.95" route="routetop" type="cfm_slow" waiting="0.00" lane="top_0" pos="30.58" speed="46.27" angle="219.37" x="10.15" y="101.07"/>
    </timestep>
    <timestep time="5.58">
        <vehicle id="cfm_slow_0" eclass="HBEFA3/PC_G_EU4" CO2="28429.26" CO="752.17" HC="4.17" NOx="12.34" PMx="0.82" fuel="12.22" electricity="0.00" noise="83.80" route="routetop" type="cfm_slow" waiting="0.00" lane="left_0" pos="21.43" speed="45.27" angle="145.89" x="12.62" y="22.94"/>
        <vehicle id="cfm_slow_1" eclass="HBEFA3/PC_G_EU4" CO2="28766.92" CO="773.67" HC="4.27" NOx="12.48" PMx="0.83" fuel="12.37" electricity="0.00" noise="84.02" route="routebottom" type="cfm_slow" waiting="0.00" lane="bottom_0" pos="10.44" speed="45.98" angle="75.70" x="84.71" y="1.84"/>
        <vehicle id="cfm_slow_2" eclass="HBEFA3/PC_G_EU4" CO2="23668.74" CO="682.56" HC="3.73" NOx="10.07" PMx="0.71" fuel="10.17" electricity="0.00" noise="82.87" route="routebottom" type="cfm_slow" waiting="0.00" lane="right_0" pos="0.17" speed="46.64" angle="4.18" x="128.96" y="64.05"/>
        <vehicle id="cfm_slow_3" eclass="HBEFA3/PC_G_EU4" CO2="15787.83" CO="523.49" HC="2.81" NOx="6.34" PMx="0.50" fuel="6.79" electricity="0.00" noise="81.29" route="routebottom" type="cfm_slow" waiting="0.00" lane="right_0" pos="40.56" speed="46.79" angle="291.52" x="82.76" y="126.11"/>
        <vehicle id="cfm_slow_4" eclass="HBEFA3/PC_G_EU4" CO2="14623.94" CO="488.57" HC="2.62" NOx="5.80" PMx="0.47" fuel="6.29" electricity="0.00" noise="80.95" route="routetop" type="cfm_slow" waiting="0.00" lane="top_0" pos="31.04" speed="46.27" angle="218.58" x="9.61" y="100.29"/>
    </timestep>
    <timestep time="5.59">
        <vehicle id="cfm_slow_0" eclass="HBEFA3/PC_G_EU4" CO2="28373.09" CO="751.28" HC="4.16" NOx="12.31" PMx="0.82" fuel="12.20" electricity="0.00" noise="83.79" route="routetop" type="cfm_slow" waiting="0.00" lane="left_0" pos="21.88" speed="45.28" angle="145.12" x="13.19" y="22.21"/>
        <vehicle id="cfm_slow_1" eclass="HBEFA3/PC_G_EU4" CO2="28658.41" CO="771.70" HC="4.26" NOx="12.43" PMx="0.83" fuel="12.32" electricity="0.00" noise="84.00" route="routebottom" type="cfm_slow" waiting="0.00" lane="bottom_0" pos="10.90" speed="46.00" angle="74.85" x="85.60" y="2.16"/>
        <vehicle id="cfm_slow_2" eclass="HBEFA3/PC_G_EU4" CO2="23528.24" CO="679.84" HC="3.72" NOx="10.00" PMx="0.70" fuel="10.11" electricity="0.00" noise="82.84" route="routebottom" type="cfm_slow" waiting="0.00" lane="right_0" pos="0.64" speed="46.65" angle="3.32" x="128.94" y="65.00"/>
        <vehicle id="cfm_slow_3" eclass="HBEFA3/PC_G_EU4" CO2="15705.33" CO="521.83" HC="2.80" NOx="6.31" PMx="0.50" fuel="6.75" electricity="0.00" noise="81.28" route="routebottom" type="cfm_slow" waiting="0.00" lane="right_0" pos="41.03" speed="46.79" angle="290.70" x="81.85" y="126.39"/>
        <vehicle id="cfm_slow_4" eclass="HBEFA3/PC_G_EU4" CO2="14637.75" CO="488.88" HC="2.63" NOx="5.81" PMx="0.47" fuel="6.29" electricity="0.00" noise="80.95" route="routetop" type="cfm_slow" waiting="0.00" lane="top_0" pos="31.51" speed="46.28" angle="217.75" x="9.08" y="99.50"/>
    </timestep>
    <timestep time="5.60">
        <vehicle id="cfm_slow_0" eclass="HBEFA3/PC_G_EU4" CO2="28316.96" CO="750.39" HC="4.15" NOx="12.28" PMx="0.82" fuel="12.17" electricity="0.00" noise="83.77" route="routetop" type="cfm_slow" waiting="0.00" lane="left_0" pos="22.34" speed="45.30" angle="144.27" x="13.80" y="21.51"/>
        <vehicle id="cfm_slow_1" eclass="HBEFA3/PC_G_EU4" CO2="28550.10" CO="769.74" HC="4.25" NOx="12.38" PMx="0.83" fuel="12.27" electricity="0.00" noise="83.97" route="routebottom" type="cfm_slow" waiting="0.00" lane="bottom_0" pos="11.36" speed="46.01" angle="73.99" x="86.48" y="2.48"/>
        <vehicle id="cfm_slow_2" eclass="HBEFA3/PC_G_EU4" CO2="23388.78" CO="677.14" HC="3.70" NOx="9.93" PMx="0.70" fuel="10.05" electricity="0.00" noise="82.81" route="routebottom" type="cfm_slow" waiting="0.00" lane="right_0" pos="1.11" speed="46.66" angle="2.47" x="128.93" y="65.96"/>
        <vehicle id="cfm_slow_3" eclass="HBEFA3/PC_G_EU4" CO2="15624.36" CO="520.20" HC="2.79" NOx="6.27" PMx="0.50" fuel="6.72" electricity="0.00" noise="81.27" route="routebottom" type="cfm_slow" waiting="0.00" lane="right_0" pos="41.50" speed="46.79" angle="289.82" x="80.92" y="126.64"/>
        <vehicle id="cfm_slow_4" eclass="HBEFA3/PC_G_EU4" CO2="14652.04" CO="489.19" HC="2.63" NOx="5.82" PMx="0.47" fuel="6.30" electricity="0.00" noise="80.95" route="routetop" type="cfm_slow" waiting="0.00" lane="top_0" pos="31.97" speed="46.28" angle="216.94" x="8.56" y="98.71"/>
    </timestep>
    <timestep time="5.61">
        <vehicle id="cfm_slow_0" eclass="HBEFA3/PC_G_EU4" CO2="28260.86" CO="749.49" HC="4.15" NOx="12.26" PMx="0.81" fuel="12.15" electricity="0.00" noise="83.76" route="routetop" type="cfm_slow" waiting="0.00" lane="left_0" pos="22.79" speed="45.31" angle="143.43" x="14.40" y="20.80"/>
        <vehicle id="cfm_slow_1" eclass="HBEFA3/PC_G_EU4" CO2="28442.00" CO="767.77" HC="4.24" NOx="12.33" PMx="0.83" fuel="12.23" electricity="0.00" noise="83.94" route="routebottom" type="cfm_slow" waiting="0.00" lane="bottom_0" pos="11.82" speed="46.02" angle="73.21" x="87.37" y="2.82"/>
        <vehicle id="cfm_slow_2" eclass="HBEFA3/PC_G_EU4" CO2="23250.38" CO="674.46" HC="3.69" NOx="9.87" PMx="0.70" fuel="9.99" electricity="0.00" noise="82.78" route="routebottom" type="cfm_slow" waiting="0.00" lane="right_0" pos="1.57" speed="46.67" angle="1.66" x="128.88" y="66.92"/>
        <vehicle id="cfm_slow_3" eclass="HBEFA3/PC_G_EU4" CO2="15544.89" CO="518.59" HC="2.78" NOx="6.23" PMx="0.50" fuel="6.68" electricity="0.00" noise="81.25" route="routebottom" type="cfm_slow" waiting="0.00" lane="right_0" pos="41.96" speed="46.80" angle="288.95" x="79.99" y="126.89"/>
        <vehicle id="cfm_slow_4" eclass="HBEFA3/PC_G_EU4" CO2="14666.77" CO="489.52" HC="2.63" NOx="5.82" PMx="0.47" fuel="6.30" electricity="0.00" noise="80.96" route="routetop" type="cfm_slow" waiting="0.00" lane="top_0" pos="32.43" speed="46.28" angle="216.15" x="8.06" y="97.91"/>
    </timestep>
    <timestep time="5.62">
        <vehicle id="cfm_slow_0" eclass="HBEFA3/PC_G_EU4" CO2="28204.80" CO="748.60" HC="4.14" NOx="12.23" PMx="0.81" fuel="12.12" electricity="0.00" noise="83.75" route="routetop" type="cfm_slow" waiting="0.00" lane="left_0" pos="23.24" speed="45.32" angle="142.66" x="15.01" y="20.10"/>
        <vehicle id="cfm_slow_1" eclass="HBEFA3/PC_G_EU4" CO2="28334.09" CO="765.81" HC="4.23" NOx="12.28" PMx="0.82" fuel="12.18" electricity="0.00" noise="83.92" route="routebottom" type="cfm_slow" waiting="0.00" lane="bottom_0" pos="12.28" speed="46.03" angle="72.38" x="88.24" y="3.17"/>
        <vehicle id="cfm_slow_2" eclass="HBEFA3/PC_G_EU4" CO2="23113.04" CO="671.80" HC="3.67" NOx="9.80" PMx="0.69" fuel="9.94" electricity="0.00" noise="82.75" route="routebottom" type="cfm_slow" waiting="0.00" lane="right_0" pos="2.04" speed="46.67" angle="0.81" x="128.83" y="67.87"/>
        <vehicle id="cfm_slow_3" eclass="HBEFA3/PC_G_EU4" CO2="15466.93" CO="517.02" HC="2.78" NOx="6.19" PMx="0.49" fuel="6.65" electricity="0.00" noise="81.24" route="routebottom" type="cfm_slow" waiting="0.00" lane="right_0" pos="42.43" speed="46.80" angle="288.14" x="79.06" y="127.12"/>
        <vehicle id="cfm_slow_4" eclass="HBEFA3/PC_G_EU4" CO2="14681.94" CO="489.85" HC="2.63" NOx="5.83" PMx="0.47" fuel="6.31" electricity="0.00" noise="80.96" route="routetop" type="cfm_slow" waiting="0.00" lane="top_0" pos="32.90" speed="46.28" angle="215.30" x="7.57" y="97.09"/>
    </timestep>
    <timestep time="5.63">
        <vehicle id="cfm_slow_0" eclass="HBEFA3/PC_G_EU4" CO2="28148.78" CO="747.71" HC="4.14" NOx="12.20" PMx="0.81" fuel="12.10" electricity="0.00" noise="83.73" route="routetop" type="cfm_slow" waiting="0.00" lane="left_0" pos="23.70" speed="45.34" angle="141.84" x="15.64" y="19.42"/>
        <vehicle id="cfm_slow_1" eclass="HBEFA3/PC_G_EU4" CO2="28226.40" CO="763.85" HC="4.21" NOx="12.23" PMx="0.82" fuel="12.13" electricity="0.00" noise="83.89" route="routebottom" type="cfm_slow" waiting="0.00" lane="bottom_0" pos="12.74" speed="46.05" angle="71.58" x="89.12" y="3.51"/>
        <vehicle id="cfm_slow_2" eclass="HBEFA3/PC_G_EU4" CO2="22976.74" CO="669.15" HC="3.65" NOx="9.74" PMx="0.69" fuel="9.88" electricity="0.00" noise="82.72" route="routebottom" type="cfm_slow" waiting="0.00" lane="right_0" pos="2.51" speed="46.68" angle="359.99" x="128.77" y="68.83"/>
        <vehicle id="cfm_slow_3" eclass="HBEFA3/PC_G_EU4" CO2="15390.44" CO="515.47" HC="2.77" NOx="6.16" PMx="0.49" fuel="6.62" electricity="0.00" noise="81.23" route="routebottom" type="cfm_slow" waiting="0.00" lane="right_0" pos="42.90" speed="46.80" angle="287.32" x="78.13" y="127.34"/>
        <vehicle id="cfm_slow_4" eclass="HBEFA3/PC_G_EU4" CO2="14697.53" CO="490.20" HC="2.63" NOx="5.84" PMx="0.47" fuel="6.32" electricity="0.00" noise="80.96" route="routetop" type="cfm_slow" waiting="0.00" lane="top_0" pos="33.36" speed="46.28" angle="214.52" x="7.08" y="96.28"/>
    </timestep>
    <timestep time="5.64">
        <vehicle id="cfm_slow_0" eclass="HBEFA3/PC_G_EU4" CO2="28092.78" CO="746.82" HC="4.13" NOx="12.18" PMx="0.81" fuel="12.08" electricity="0.00" noise="83.72" route="routetop" type="cfm_slow" waiting="0.00" lane="left_0" pos="24.15" speed="45.35" angle="141.03" x="16.27" y="18.73"/>
        <vehicle id="cfm_slow_1" eclass="HBEFA3/PC_G_EU4" CO2="28118.93" CO="761.90" HC="4.20" NOx="12.18" PMx="0.82" fuel="12.09" electricity="0.00" noise="83.86" route="routebottom" type="cfm_slow" waiting="0.00" lane="bottom_0" pos="13.20" speed="46.06" angle="70.77" x="89.98" y="3.90"/>
        <vehicle id="cfm_slow_2" eclass="HBEFA3/PC_G_EU4" CO2="22841.50" CO="666.53" HC="3.64" NOx="9.67" PMx="0.69" fuel="9.82" electricity="0.00" noise="82.69" route="routebottom" type="cfm_slow" waiting="0.00" lane="right_0" pos="2.97" speed="46.69" angle="359.16" x="128.68" y="69.78"/>
        <vehicle id="cfm_slow_3" eclass="HBEFA3/PC_G_EU4" CO2="15315.42" CO="513.95" HC="2.76" NOx="6.12" PMx="0.49" fuel="6.58" electricity="0.00" noise="81.22" route="routebottom" type="cfm_slow" waiting="0.00" lane="right_0" pos="43.37" speed="46.80" angle="286.50" x="77.19" y="127.55"/>
        <vehicle id="cfm_slow_4" eclass="HBEFA3/PC_G_EU4" CO2="14713.53" CO="490.55" HC="2.64" NOx="5.85" PMx="0.47" fuel="6.32" electricity="0.00" noise="80.96" route="routetop" type="cfm_slow" waiting="0.00" lane="top_0" pos="33.82" speed="46.28" angle="213.67" x="6.62" y="95.45"/>
    </timestep>
    <timestep time="5.65">
        <vehicle id="cfm_slow_0" eclass="HBEFA3/PC_G_EU4" CO2="28036.80" CO="745.92" HC="4.13" NOx="12.15" PMx="0.81" fuel="12.05" electricity="0.00" noise="83.71" route="routetop" type="cfm_slow" waiting="0.00" lane="left_0" pos="24.60" speed="45.36" angle="140.25" x="16.92" y="18.06"/>
        <vehicle id="cfm_slow_1" eclass="HBEFA3/PC_G_EU4" CO2="28011.67" CO="759.94" HC="4.19" NOx="12.13" PMx="0.81" fuel="12.04" electricity="0.00" noise="83.84" route="routebottom" type="cfm_slow" waiting="0.00" lane="bottom_0" pos="13.66" speed="46.07" angle="69.92" x="90.85" y="4.28"/>
        <vehicle id="cfm_slow_2" eclass="HBEFA3/PC_G_EU4" CO2="22707.32" CO="663.93" HC="3.62" NOx="9.61" PMx="0.68" fuel="9.76" electricity="0.00" noise="82.66" route="routebottom" type="cfm_slow" waiting="0.00" lane="right_0" pos="3.44" speed="46.70" angle="358.31" x="128.58" y="70.73"/>
        <vehicle id="cfm_slow_3" eclass="HBEFA3/PC_G_EU4" CO2="15241.85" CO="512.47" HC="2.75" NOx="6.09" PMx="0.49" fuel="6.55" electricity="0.00" noise="81.20" route="routebottom" type="cfm_slow" waiting="0.00" lane="right_0" pos="43.84" speed="46.80" angle="285.68" x="76.25" y="127.75"/>
        <vehicle id="cfm_slow_4" eclass="HBEFA3/PC_G_EU4" CO2="14729.93" CO="490.91" HC="2.64" NOx="5.85" PMx="0.47" fuel="6.33" electricity="0.00" noise="80.97" route="routetop" type="cfm_slow" waiting="0.00" lane="top_0" pos="34.28" speed="46.28" angle="212.82" x="6.16" y="94.62"/>
    </timestep>
    <timestep time="5.66">
        <vehicle id="cfm_slow_0" eclass="HBEFA3/PC_G_EU4" CO2="27980.85" CO="745.03" HC="4.12" NOx="12.12" PMx="0.81" fuel="12.03" electricity="0.00" noise="83.69" route="routetop" type="cfm_slow" waiting="0.00" lane="left_0" pos="25.06" speed="45.37" angle="139.40" x="17.57" y="17.41"/>
        <vehicle id="cfm_slow_1" eclass="HBEFA3/PC_G_EU4" CO2="27904.62" CO="757.99" HC="4.18" NOx="12.07" PMx="0.81" fuel="11.99" electricity="0.00" noise="83.81" route="routebottom" type="cfm_slow" waiting="0.00" lane="bottom_0" pos="14.12" speed="46.08" angle="69.13" x="91.71" y="4.67"/>
        <vehicle id="cfm_slow_2" eclass="HBEFA3/PC_G_EU4" CO2="22574.18" CO="661.34" HC="3.61" NOx="9.55" PMx="0.68" fuel="9.70" electricity="0.00" noise="82.63" route="routebottom" type="cfm_slow" waiting="0.00" lane="right_0" pos="3.91" speed="46.70" angle="357.50" x="128.48" y="71.68"/>
        <vehicle id="cfm_slow_3" eclass="HBEFA3/PC_G_EU4" CO2="15169.71" CO="511.01" HC="2.74" NOx="6.05" PMx="0.49" fuel="6.52" electricity="0.00" noise="81.19" route="routebottom" type="cfm_slow" waiting="0.00" lane="right_0" pos="44.30" speed="46.80" angle="284.77" x="75.31" y="127.92"/>
        <vehicle id="cfm_slow_4" eclass="HBEFA3/PC_G_EU4" CO2="14746.71" CO="491.28" HC="2.64" NOx="5.86" PMx="0.47" fuel="6.34" electricity="0.00" noise="80.97" route="routetop" type="cfm_slow" waiting="0.00" lane="top_0" pos="34.75" speed="46.28" angle="212.04" x="5.71" y="93.78"/>
    </timestep>
    <timestep time="5.67">
        <vehicle id="cfm_slow_0" eclass="HBEFA3/PC_G_EU4" CO2="27924.92" CO="744.14" HC="4.12" NOx="12.10" PMx="0.81" fuel="12.00" electricity="0.00" noise="83.68" route="routetop" type="cfm_slow" waiting="0.00" lane="left_0" pos="25.51" speed="45.39" angle="138.56" x="18.23" y="16.75"/>
        <vehicle id="cfm_slow_1" eclass="HBEFA3/PC_G_EU4" CO2="27797.81" CO="756.05" HC="4.17" NOx="12.02" PMx="0.81" fuel="11.95" electricity="0.00" noise="83.78" route="routebottom" type="cfm_slow" waiting="0.00" lane="bottom_0" pos="14.58" speed="46.09" angle="68.27" x="92.55" y="5.10"/>
        <vehicle id="cfm_slow_2" eclass="HBEFA3/PC_G_EU4" CO2="22442.11" CO="658.78" HC="3.59" NOx="9.49" PMx="0.68" fuel="9.65" electricity="0.00" noise="82.61" route="routebottom" type="cfm_slow" waiting="0.00" lane="right_0" pos="4.38" speed="46.71" angle="356.65" x="128.34" y="72.63"/>
        <vehicle id="cfm_slow_3" eclass="HBEFA3/PC_G_EU4" CO2="15099.01" CO="509.57" HC="2.73" NOx="6.02" PMx="0.48" fuel="6.49" electricity="0.00" noise="81.18" route="routebottom" type="cfm_slow" waiting="0.00" lane="right_0" pos="44.77" speed="46.80" angle="283.87" x="74.36" y="128.09"/>
        <vehicle id="cfm_slow_4" eclass="HBEFA3/PC_G_EU4" CO2="14763.86" CO="491.65" HC="2.64" NOx="5.87" PMx="0.47" fuel="6.35" electricity="0.00" noise="80.97" route="routetop" type="cfm_slow" waiting="0.00" lane="top_0" pos="35.21" speed="46.28" angle="211.19" x="5.29" y="92.93"/>
    </timestep>
    <timestep time="5.68">
        <vehicle id="cfm_slow_0" eclass="HBEFA3/PC_G_EU4" CO2="27869.01" CO="743.24" HC="4.11" NOx="12.07" PMx="0.81" fuel="11.98" electricity="0.00" noise="83.67" route="routetop" type="cfm_slow" waiting="0.00" lane="left_0" pos="25.97" speed="45.40" angle="137.78" x="18.91" y="16.11"/>
        <vehicle id="cfm_slow_1" eclass="HBEFA3/PC_G_EU4" CO2="27691.22" CO="754.10" HC="4.16" NOx="11.97" PMx="0.81" fuel="11.90" electricity="0.00" noise="83.76" route="routebottom" type="cfm_slow" waiting="0.00" lane="bottom_0" pos="15.04" speed="46.11" angle="67.40" x="93.40" y="5.52"/>
        <vehicle id="cfm_slow_2" eclass="HBEFA3/PC_G_EU4" CO2="22311.08" CO="656.23" HC="3.58" NOx="9.42" PMx="0.67" fuel="9.59" electricity="0.00" noise="82.58" route="routebottom" type="cfm_slow" waiting="0.00" lane="right_0" pos="4.84" speed="46.72" angle="355.80" x="128.21" y="73.58"/>
        <vehicle id="cfm_slow_3" eclass="HBEFA3/PC_G_EU4" CO2="15029.71" CO="508.17" HC="2.72" NOx="5.99" PMx="0.48" fuel="6.46" electricity="0.00" noise="81.17" route="routebottom" type="cfm_slow" waiting="0.00" lane="right_0" pos="45.24" speed="46.80" angle="283.07" x="73.41" y="128.23"/>
        <vehicle id="cfm_slow_4" eclass="HBEFA3/PC_G_EU4" CO2="14781.36" CO="492.04" HC="2.64" NOx="5.88" PMx="0.47" fuel="6.35" electricity="0.00" noise="80.98" route="routetop" type="cfm_slow" waiting="0.00" lane="top_0" pos="35.67" speed="46.28" angle="210.35" x="4.86" y="92.09"/>
    </timestep>
    <timestep time="5.69">
        <vehicle id="cfm_slow_0" eclass="HBEFA3/PC_G_EU4" CO2="27813.10" CO="742.34" HC="4.11" NOx="12.04" PMx="0.80" fuel="11.96" electricity="0.00" noise="83.66" route="routetop" type="cfm_slow" waiting="0.00" lane="left_0" pos="26.42" speed="45.41" angle="136.94" x="19.59" y="15.48"/>
        <vehicle id="cfm_slow_1" eclass="HBEFA3/PC_G_EU4" CO2="27584.86" CO="752.16" HC="4.15" NOx="11.92" PMx="0.80" fuel="11.86" electricity="0.00" noise="83.73" route="routebottom" type="cfm_slow" waiting="0.00" lane="bottom_0" pos="15.50" speed="46.12" angle="66.62" x="94.24" y="5.95"/>
        <vehicle id="cfm_slow_2" eclass="HBEFA3/PC_G_EU4" CO2="22181.11" CO="653.70" HC="3.56" NOx="9.36" PMx="0.67" fuel="9.53" electricity="0.00" noise="82.55" route="routebottom" type="cfm_slow" waiting="0.00" lane="right_0" pos="5.31" speed="46.72" angle="354.97" x="128.06" y="74.53"/>
        <vehicle id="cfm_slow_3" eclass="HBEFA3/PC_G_EU4" CO2="14961.80" CO="506.79" HC="2.72" NOx="5.95" PMx="0.48" fuel="6.43" electricity="0.00" noise="81.16" route="routebottom" type="cfm_slow" waiting="0.00" lane="right_0" pos="45.71" speed="46.80" angle="282.21" x="72.46" y="128.37"/>
        <vehicle id="cfm_slow_4" eclass="HBEFA3/PC_G_EU4" CO2="14799.21" CO="492.43" HC="2.65" NOx="5.89" PMx="0.47" fuel="6.36" electricity="0.00" noise="80.98" route="routetop" type="cfm_slow" waiting="0.00" lane="top_0" pos="36.14" speed="46.29" angle="209.54" x="4.46" y="91.23"/>
    </timestep>
    <timestep time="5.70">
        <vehicle id="cfm_slow_0" eclass="HBEFA3/PC_G_EU4" CO2="27757.22" CO="741.45" HC="4.10" NOx="12.02" PMx="0.80" fuel="11.93" electricity="0.00" noise="83.64" route="routetop" type="cfm_slow" waiting="0.00" lane="left_0" pos="26.87" speed="45.43" angle="136.13" x="20.28" y="14.85"/>
        <vehicle id="cfm_slow_1" eclass="HBEFA3/PC_G_EU4" CO2="27478.73" CO="750.22" HC="4.13" NOx="11.87" PMx="0.80" fuel="11.81" electricity="0.00" noise="83.71" route="routebottom" type="cfm_slow" waiting="0.00" lane="bottom_0" pos="15.97" speed="46.13" angle="65.78" x="95.07" y="6.41"/>
        <vehicle id="cfm_slow_2" eclass="HBEFA3/PC_G_EU4" CO2="22052.20" CO="651.19" HC="3.55" NOx="9.30" PMx="0.67" fuel="9.48" electricity="0.00" noise="82.52" route="routebottom" type="cfm_slow" waiting="0.00" lane="right_0" pos="5.78" speed="46.73" angle="354.11" x="127.89" y="75.47"/>
        <vehicle id="cfm_slow_3" eclass="HBEFA3/PC_G_EU4" CO2="14895.28" CO="505.44" HC="2.71" NOx="5.92" PMx="0.48" fuel="6.40" electricity="0.00" noise="81.15" route="routebottom" type="cfm_slow" waiting="0.00" lane="right_0" pos="46.18" speed="46.81" angle="281.42" x="71.51" y="128.50"/>
        <vehicle id="cfm_slow_4" eclass="HBEFA3/PC_G_EU4" CO2="14817.38" CO="492.83" HC="2.65" NOx="5.90" PMx="0.47" fuel="6.37" electricity="0.00" noise="80.98" route="routetop" type="cfm_slow" waiting="0.00" lane="top_0" pos="36.60" speed="46.29" angle="208.67" x="4.07" y="90.36"/>
    </timestep>
    <timestep time="5.71">
        <vehicle id="cfm_slow_0" eclass="HBEFA3/PC_G_EU4" CO2="27701.34" CO="740.55" HC="4.09" NOx="11.99" PMx="0.80" fuel="11.91" electricity="0.00" noise="83.63" route="routetop" type="cfm_slow" waiting="0.00" lane="left_0" pos="27.33" speed="45.44" angle="135.32" x="20.98" y="14.24"/>
        <vehicle id="cfm_slow_1" eclass="HBEFA3/PC_G_EU4" CO2="27372.84" CO="748.28" HC="4.12" NOx="11.82" PMx="0.80" fuel="11.77" electricity="0.00" noise="83.68" route="routebottom" type="cfm_slow" waiting="0.00" lane="bottom_0" pos="16.43" speed="46.14" angle="64.94" x="95.90" y="6.87"/>
        <vehicle id="cfm_slow_2" eclass="HBEFA3/PC_G_EU4" CO2="21924.34" CO="648.71" HC="3.54" NOx="9.24" PMx="0.66" fuel="9.42" electricity="0.00" noise="82.50" route="routebottom" type="cfm_slow" waiting="0.00" lane="right_0" pos="6.24" speed="46.74" angle="353.24" x="127.72" y="76.41"/>
        <vehicle id="cfm_slow_3" eclass="HBEFA3/PC_G_EU4" CO2="14830.12" CO="504.12" HC="2.70" NOx="5.89" PMx="0.48" fuel="6.37" electricity="0.00" noise="81.13" route="routebottom" type="cfm_slow" waiting="0.00" lane="right_0" pos="46.64" speed="46.81" angle="280.58" x="70.56" y="128.60"/>
        <vehicle id="cfm_slow_4" eclass="HBEFA3/PC_G_EU4" CO2="14835.87" CO="493.23" HC="2.65" NOx="5.90" PMx="0.47" fuel="6.38" electricity="0.00" noise="80.99" route="routetop" type="cfm_slow" waiting="0.00" lane="top_0" pos="37.06" speed="46.29" angle="207.79" x="3.68" y="89.50"/>
    </timestep>
    <timestep time="5.72">
        <vehicle id="cfm_slow_0" eclass="HBEFA3/PC_G_EU4" CO2="27645.47" CO="739.65" HC="4.09" NOx="11.96" PMx="0.80" fuel="11.88" electricity="0.00" noise="83.62" route="routetop" type="cfm_slow" waiting="0.00" lane="left_0" pos="27.78" speed="45.45" angle="134.48" x="21.69" y="13.64"/>
        <vehicle id="cfm_slow_1" eclass="HBEFA3/PC_G_EU4" CO2="27267.19" CO="746.35" HC="4.11" NOx="11.77" PMx="0.80" fuel="11.72" electricity="0.00" noise="83.66" route="routebottom" type="cfm_slow" waiting="0.00" lane="bottom_0" pos="16.89" speed="46.15" angle="64.13" x="96.71" y="7.34"/>
        <vehicle id="cfm_slow_2" eclass="HBEFA3/PC_G_EU4" CO2="21797.53" CO="646.24" HC="3.52" NOx="9.18" PMx="0.66" fuel="9.37" electricity="0.00" noise="82.47" route="routebottom" type="cfm_slow" waiting="0.00" lane="right_0" pos="6.71" speed="46.74" angle="352.41" x="127.52" y="77.35"/>
        <vehicle id="cfm_slow_3" eclass="HBEFA3/PC_G_EU4" CO2="14766.32" CO="502.82" HC="2.69" NOx="5.86" PMx="0.48" fuel="6.35" electricity="0.00" noise="81.12" route="routebottom" type="cfm_slow" waiting="0.00" lane="right_0" pos="47.11" speed="46.81" angle="279.75" x="69.60" y="128.70"/>
        <vehicle id="cfm_slow_4" eclass="HBEFA3/PC_G_EU4" CO2="14854.67" CO="493.64" HC="2.65" NOx="5.91" PMx="0.47" fuel="6.39" electricity="0.00" noise="80.99" route="routetop" type="cfm_slow" waiting="0.00" lane="top_0" pos="37.52" speed="46.29" angle="206.98" x="3.32" y="88.62"/>
    </timestep>
    <timestep time="5.73">
        <vehicle id="cfm_slow_0" eclass="HBEFA3/PC_G_EU4" CO2="27589.60" CO="738.75" HC="4.08" NOx="11.94" PMx="0.80" fuel="11.86" electricity="0.00" noise="83.61" route="routetop" type="cfm_slow" waiting="0.00" lane="left_0" pos="28.24" speed="45.46" angle="133.70" x="22.41" y="13.03"/>
        <vehicle id="cfm_slow_1" eclass="HBEFA3/PC_G_EU4" CO2="27161.79" CO="744.42" HC="4.10" NOx="11.72" PMx="0.79" fuel="11.68" electricity="0.00" noise="83.63" route="routebottom" type="cfm_slow" waiting="0.00" lane="bottom_0" pos="17.35" speed="46.16" angle="63.26" x="97.52" y="7.83"/>
        <vehicle id="cfm_slow_2" eclass="HBEFA3/PC_G_EU4" CO2="21671.78" CO="643.79" HC="3.51" NOx="9.12" PMx="0.66" fuel="9.32" electricity="0.00" noise="82.44" route="routebottom" type="cfm_slow" waiting="0.00" lane="right_0" pos="7.18" speed="46.75" angle="351.52" x="127.30" y="78.28"/>
        <vehicle id="cfm_slow_3" eclass="HBEFA3/PC_G_EU4" CO2="14703.86" CO="501.56" HC="2.69" NOx="5.83" PMx="0.47" fuel="6.32" electricity="0.00" noise="81.11" route="routebottom" type="cfm_slow" waiting="0.00" lane="right_0" pos="47.58" speed="46.81" angle="278.95" x="68.65" y="128.78"/>
        <vehicle id="cfm_slow_4" eclass="HBEFA3/PC_G_EU4" CO2="14873.76" CO="494.06" HC="2.66" NOx="5.92" PMx="0.47" fuel="6.39" electricity="0.00" noise="80.99" route="routetop" type="cfm_slow" waiting="0.00" lane="top_0" pos="37.99" speed="46.29" angle="206.10" x="2.96" y="87.74"/>
    </timestep>
    <timestep time="5.74">
        <vehicle id="cfm_slow_0" eclass="HBEFA3/PC_G_EU4" CO2="27533.74" CO="737.85" HC="4.08" NOx="11.91" PMx="0.80" fuel="11.84" electricity="0.00" noise="83.59" route="routetop" type="cfm_slow" waiting="0.00" lane="left_0" pos="28.69" speed="45.47" angle="132.86" x="23.14" y="12.46"/>
        <vehicle id="cfm_slow_1" eclass="HBEFA3/PC_G_EU4" CO2="27056.63" CO="742.49" HC="4.09" NOx="11.67" PMx="0.79" fuel="11.63" electricity="0.00" noise="83.61" route="routebottom" type="cfm_slow" waiting="0.00" lane="bottom_0" pos="17.81" speed="46.18" angle="62.38" x="98.33" y="8.32"/>
        <vehicle id="cfm_slow_2" eclass="HBEFA3/PC_G_EU4" CO2="21547.08" CO="641.36" HC="3.49" NOx="9.06" PMx="0.65" fuel="9.26" electricity="0.00" noise="82.42" route="routebottom" type="cfm_slow" waiting="0.00" lane="right_0" pos="7.65" speed="46.76" angle="350.67" x="127.09" y="79.22"/>
        <vehicle id="cfm_slow_3" eclass="HBEFA3/PC_G_EU4" CO2="14642.72" CO="500.31" HC="2.68" NOx="5.80" PMx="0.47" fuel="6.29" electricity="0.00" noise="81.10" route="routebottom" type="cfm_slow" waiting="0.00" lane="right_0" pos="48.05" speed="46.81" angle="278.05" x="67.69" y="128.84"/>
        <vehicle id="cfm_slow_4" eclass="HBEFA3/PC_G_EU4" CO2="14893.14" CO="494.48" HC="2.66" NOx="5.93" PMx="0.47" fuel="6.40" electricity="0.00" noise="81.00" route="routetop" type="cfm_slow" waiting="0.00" lane="top_0" pos="38.45" speed="46.29" angle="205.28" x="2.61" y="86.86"/>
    </timestep>
    <timestep time="5.75">
        <vehicle id="cfm_slow_0" eclass="HBEFA3/PC_G_EU4" CO2="27477.87" CO="736.95" HC="4.07" NOx="11.88" PMx="0.80" fuel="11.81" electricity="0.00" noise="83.58" route="routetop" type="cfm_slow" waiting="0.00" lane="left_0" pos="29.15" speed="45.49" angle="132.01" x="23.87" y="11.88"/>
        <vehicle id="cfm_slow_1" eclass="HBEFA3/PC_G_EU4" CO2="26951.73" CO="740.57" HC="4.08" NOx="11.62" PMx="0.79" fuel="11.59" electricity="0.00" noise="83.58" route="routebottom" type="cfm_slow" waiting="0.00" lane="bottom_0" pos="18.27" speed="46.19" angle="61.58" x="99.13" y="8.83"/>
        <vehicle id="cfm_slow_2" eclass="HBEFA3/PC_G_EU4" CO2="21423.43" CO="638.95" HC="3.48" NOx="9.00" PMx="0.65" fuel="9.21" electricity="0.00" noise="82.39" route="routebottom" type="cfm_slow" waiting="0.00" lane="right_0" pos="8.11" speed="46.76" angle="349.85" x="126.85" y="80.15"/>
        <vehicle id="cfm_slow_3" eclass="HBEFA3/PC_G_EU4" CO2="14582.89" CO="499.10" HC="2.67" NOx="5.78" PMx="0.47" fuel="6.27" electricity="0.00" noise="81.09" route="routebottom" type="cfm_slow" waiting="0.00" lane="right_0" pos="48.52" speed="46.81" angle="277.15" x="66.73" y="128.89"/>
        <vehicle id="cfm_slow_4" eclass="HBEFA3/PC_G_EU4" CO2="14912.78" CO="494.91" HC="2.66" NOx="5.94" PMx="0.48" fuel="6.41" electricity="0.00" noise="81.00" route="routetop" type="cfm_slow" waiting="0.00" lane="top_0" pos="38.91" speed="46.29" angle="204.44" x="2.29" y="85.96"/>
    </timestep>
    <timestep time="5.76">
        <vehicle id="cfm_slow_0" eclass="HBEFA3/PC_G_EU4" CO2="27422.01" CO="736.05" HC="4.07" NOx="11.86" PMx="0.79" fuel="11.79" electricity="0.00" noise="83.57" route="routetop" type="cfm_slow" waiting="0.00" lane="left_0" pos="29.60" speed="45.50" angle="131.23" x="24.62" y="11.32"/>
        <vehicle id="cfm_slow_1" eclass="HBEFA3/PC_G_EU4" CO2="26847.08" CO="738.65" HC="4.07" NOx="11.57" PMx="0.79" fuel="11.54" electricity="0.00" noise="83.56" route="routebottom" type="cfm_slow" waiting="0.00" lane="bottom_0" pos="18.74" speed="46.20" angle="60.70" x="99.92" y="9.36"/>
        <vehicle id="cfm_slow_2" eclass="HBEFA3/PC_G_EU4" CO2="21300.83" CO="636.56" HC="3.46" NOx="8.95" PMx="0.65" fuel="9.16" electricity="0.00" noise="82.37" route="routebottom" type="cfm_slow" waiting="0.00" lane="right_0" pos="8.58" speed="46.77" angle="349.01" x="126.60" y="81.07"/>
        <vehicle id="cfm_slow_3" eclass="HBEFA3/PC_G_EU4" CO2="14524.36" CO="497.90" HC="2.67" NOx="5.75" PMx="0.47" fuel="6.24" electricity="0.00" noise="81.08" route="routebottom" type="cfm_slow" waiting="0.00" lane="right_0" pos="48.98" speed="46.81" angle="276.33" x="65.77" y="128.93"/>
        <vehicle id="cfm_slow_4" eclass="HBEFA3/PC_G_EU4" CO2="14932.67" CO="495.35" HC="2.66" NOx="5.95" PMx="0.48" fuel="6.42" electricity="0.00" noise="81.01" route="routetop" type="cfm_slow" waiting="0.00" lane="top_0" pos="39.38" speed="46.29" angle="203.60" x="1.97" y="85.07"/>
    </timestep>
    <timestep time="5.77">
        <vehicle id="cfm_slow_0" eclass="HBEFA3/PC_G_EU4" CO2="27366.14" CO="735.15" HC="4.06" NOx="11.83" PMx="0.79" fuel="11.76" electricity="0.00" noise="83.55" route="routetop" type="cfm_slow" waiting="0.00" lane="left_0" pos="30.06" speed="45.51" angle="130.38" x="25.37" y="10.77"/>
        <vehicle id="cfm_slow_1" eclass="HBEFA3/PC_G_EU4" CO2="26742.69" CO="736.73" HC="4.05" NOx="11.52" PMx="0.78" fuel="11.50" electricity="0.00" noise="83.53" route="routebottom" type="cfm_slow" waiting="0.00" lane="bottom_0" pos="19.20" speed="46.21" angle="59.88" x="100.71" y="9.88"/>
        <vehicle id="cfm_slow_2" eclass="HBEFA3/PC_G_EU4" CO2="21179.28" CO="634.18" HC="3.45" NOx="8.89" PMx="0.64" fuel="9.10" electricity="0.00" noise="82.34" route="routebottom" type="cfm_slow" waiting="0.00" lane="right_0" pos="9.05" speed="46.78" angle="348.23" x="126.35" y="82.00"/>
        <vehicle id="cfm_slow_3" eclass="HBEFA3/PC_G_EU4" CO2="14467.11" CO="496.74" HC="2.66" NOx="5.72" PMx="0.47" fuel="6.22" electricity="0.00" noise="81.08" route="routebottom" type="cfm_slow" waiting="0.00" lane="right_0" pos="49.45" speed="46.81" angle="275.47" x="64.81" y="128.95"/>
        <vehicle id="cfm_slow_4" eclass="HBEFA3/PC_G_EU4" CO2="14952.82" CO="495.79" HC="2.67" NOx="5.96" PMx="0.48" fuel="6.43" electricity="0.00" noise="81.01" route="routetop" type="cfm_slow" waiting="0.00" lane="top_0" pos="39.84" speed="46.30" angle="202.82" x="1.66" y="84.17"/>
    </timestep>
    <timestep time="5.78">
        <vehicle id="cfm_slow_0" eclass="HBEFA3/PC_G_EU4" CO2="27310.28" CO="734.24" HC="4.06" NOx="11.80" PMx="0.79" fuel="11.74" electricity="0.00" noise="83.54" route="routetop" type="cfm_slow" waiting="0.00" lane="left_0" pos="30.51" speed="45.52" angle="129.54" x="26.13" y="10.23"/>
        <vehicle id="cfm_slow_1" eclass="HBEFA3/PC_G_EU4" CO2="26638.56" CO="734.81" HC="4.04" NOx="11.47" PMx="0.78" fuel="11.45" electricity="0.00" noise="83.51" route="routebottom" type="cfm_slow" waiting="0.00" lane="bottom_0" pos="19.66" speed="46.22" angle="59.04" x="101.48" y="10.44"/>
        <vehicle id="cfm_slow_2" eclass="HBEFA3/PC_G_EU4" CO2="21058.79" CO="631.83" HC="3.44" NOx="8.83" PMx="0.64" fuel="9.05" electricity="0.00" noise="82.32" route="routebottom" type="cfm_slow" waiting="0.00" lane="right_0" pos="9.52" speed="46.78" angle="347.37" x="126.06" y="82.92"/>
        <vehicle id="cfm_slow_3" eclass="HBEFA3/PC_G_EU4" CO2="14411.13" CO="495.60" HC="2.65" NOx="5.69" PMx="0.47" fuel="6.19" electricity="0.00" noise="81.07" route="routebottom" type="cfm_slow" waiting="0.00" lane="right_0" pos="49.92" speed="46.81" angle="274.62" x="63.85" y="128.97"/>
        <vehicle id="cfm_slow_4" eclass="HBEFA3/PC_G_EU4" CO2="14973.20" CO="496.24" HC="2.67" NOx="5.97" PMx="0.48" fuel="6.44" electricity="0.00" noise="81.01" route="routetop" type="cfm_slow" waiting="0.00" lane="top_0" pos="40.30" speed="46.30" angle="201.95" x="1.37" y="83.27"/>
    </timestep>
    <timestep time="5.79">
        <vehicle id="cfm_slow_0" eclass="HBEFA3/PC_G_EU4" CO2="27254.40" CO="733.34" HC="4.05" NOx="11.78" PMx="0.79" fuel="11.72" electricity="0.00" noise="83.53" route="routetop" type="cfm_slow" waiting="0.00" lane="left_0" pos="30.97" speed="45.54" angle="128.76" x="26.90" y="9.70"/>
        <vehicle id="cfm_slow_1" eclass="HBEFA3/PC_G_EU4" CO2="26534.70" CO="732.90" HC="4.03" NOx="11.43" PMx="0.78" fuel="11.41" electricity="0.00" noise="83.48" route="routebottom" type="cfm_slow" waiting="0.00" lane="bottom_0" pos="20.12" speed="46.23" angle="58.20" x="102.25" y="10.99"/>
        <vehicle id="cfm_slow_2" eclass="HBEFA3/PC_G_EU4" CO2="20939.34" CO="629.50" HC="3.42" NOx="8.78" PMx="0.64" fuel="9.00" electricity="0.00" noise="82.30" route="routebottom" type="cfm_slow" waiting="0.00" lane="right_0" pos="9.99" speed="46.79" angle="346.52" x="125.78" y="83.83"/>
        <vehicle id="cfm_slow_3" eclass="HBEFA3/PC_G_EU4" CO2="14356.41" CO="494.48" HC="2.65" NOx="5.67" PMx="0.47" fuel="6.17" electricity="0.00" noise="81.06" route="routetop" type="cfm_slow" waiting="0.00" lane="top_0" pos="0.39" speed="46.81" angle="273.78" x="62.83" y="128.95"/>
        <vehicle id="cfm_slow_4" eclass="HBEFA3/PC_G_EU4" CO2="14993.80" CO="496.69" HC="2.67" NOx="5.98" PMx="0.48" fuel="6.45" electricity="0.00" noise="81.02" route="routetop" type="cfm_slow" waiting="0.00" lane="top_0" pos="40.76" speed="46.30" angle="201.08" x="1.09" y="82.36"/>
    </timestep>
    <timestep time="5.80">
        <vehicle id="cfm_slow_0" eclass="HBEFA3/PC_G_EU4" CO2="27198.52" CO="732.43" HC="4.05" NOx="11.75" PMx="0.79" fuel="11.69" electricity="0.00" noise="83.52" route="routetop" type="cfm_slow" waiting="0.00" lane="left_0" pos="31.42" speed="45.55" angle="127.94" x="27.67" y="9.18"/>
        <vehicle id="cfm_slow_1" eclass="HBEFA3/PC_G_EU4" CO2="26431.11" CO="731.00" HC="4.02" NOx="11.38" PMx="0.78" fuel="11.36" electricity="0.00" noise="83.46" route="routebottom" type="cfm_slow" waiting="0.00" lane="bottom_0" pos="20.59" speed="46.24" angle="57.42" x="103.01" y="11.55"/>
        <vehicle id="cfm_slow_2" eclass="HBEFA3/PC_G_EU4" CO2="20820.93" CO="627.19" HC="3.41" NOx="8.72" PMx="0.63" fuel="8.95" electricity="0.00" noise="82.27" route="routebottom" type="cfm_slow" waiting="0.00" lane="right_0" pos="10.45" speed="46.79" angle="345.70" x="125.48" y="84.74"/>
        <vehicle id="cfm_slow_3" eclass="HBEFA3/PC_G_EU4" CO2="14302.93" CO="493.39" HC="2.64" NOx="5.64" PMx="0.46" fuel="6.15" electricity="0.00" noise="81.05" route="routetop" type="cfm_slow" waiting="0.00" lane="top_0" pos="0.86" speed="46.81" angle="272.92" x="61.87" y="128.94"/>
        <vehicle id="cfm_slow_4" eclass="HBEFA3/PC_G_EU4" CO2="15014.62" CO="497.14" HC="2.67" NOx="5.99" PMx="0.48" fuel="6.45" electricity="0.00" noise="81.02" route="routetop" type="cfm_slow" waiting="0.00" lane="top_0" pos="41.23" speed="46.30" angle="200.28" x="0.83" y="81.45"/>
    </timestep>
    <timestep time="5.81">
        <vehicle id="cfm_slow_0" eclass="HBEFA3/PC_G_EU4" CO2="27142.62" CO="731.52" HC="4.04" NOx="11.72" PMx="0.79" fuel="11.67" electricity="0.00" noise="83.50" route="routetop" type="cfm_slow" waiting="0.00" lane="left_0" pos="31.88" speed="45.56" angle="127.12" x="28.45" y="8.66"/>
        <vehicle id="cfm_slow_1" eclass="HBEFA3/PC_G_EU4" CO2="26327.78" CO="729.10" HC="4.01" NOx="11.33" PMx="0.77" fuel="11.32" electricity="0.00" noise="83.43" route="routebottom" type="cfm_slow" waiting="0.00" lane="bottom_0" pos="21.05" speed="46.25" angle="56.57" x="103.76" y="12.13"/>
        <vehicle id="cfm_slow_2" eclass="HBEFA3/PC_G_EU4" CO2="20703.57" CO="624.89" HC="3.40" NOx="8.66" PMx="0.63" fuel="8.90" electricity="0.00" noise="82.25" route="routebottom" type="cfm_slow" waiting="0.00" lane="right_0" pos="10.92" speed="46.80" angle="344.79" x="125.15" y="85.64"/>
        <vehicle id="cfm_slow_3" eclass="HBEFA3/PC_G_EU4" CO2="14250.68" CO="492.32" HC="2.63" NOx="5.62" PMx="0.46" fuel="6.13" electricity="0.00" noise="81.04" route="routetop" type="cfm_slow" waiting="0.00" lane="top_0" pos="1.32" speed="46.81" angle="272.11" x="60.91" y="128.91"/>
        <vehicle id="cfm_slow_4" eclass="HBEFA3/PC_G_EU4" CO2="15035.63" CO="497.61" HC="2.68" NOx="6.00" PMx="0.48" fuel="6.46" electricity="0.00" noise="81.03" route="routetop" type="cfm_slow" waiting="0.00" lane="top_0" pos="41.69" speed="46.30" angle="199.43" x="0.58" y="80.53"/>
    </timestep>
    <timestep time="5.82">
        <vehicle id="cfm_slow_0" eclass="HBEFA3/PC_G_EU4" CO2="27086.72" CO="730.61" HC="4.03" NOx="11.70" PMx="0.79" fuel="11.64" electricity="0.00" noise="83.49" route="routetop" type="cfm_slow" waiting="0.00" lane="left_0" pos="32.33" speed="45.57" angle="126.34" x="29.24" y="8.16"/>
        <vehicle id="cfm_slow_1" eclass="HBEFA3/PC_G_EU4" CO2="26224.74" CO="727.20" HC="4.00" NOx="11.28" PMx="0.77" fuel="11.27" electricity="0.00" noise="83.41" route="routebottom" type="cfm_slow" waiting="0.00" lane="bottom_0" pos="21.51" speed="46.26" angle="55.72" x="104.51" y="12.72"/>
        <vehicle id="cfm_slow_2" eclass="HBEFA3/PC_G_EU4" CO2="20587.26" CO="622.62" HC="3.38" NOx="8.61" PMx="0.63" fuel="8.85" electricity="0.00" noise="82.22" route="routebottom" type="cfm_slow" waiting="0.00" lane="right_0" pos="11.39" speed="46.81" angle="343.89" x="124.82" y="86.55"/>
        <vehicle id="cfm_slow_3" eclass="HBEFA3/PC_G_EU4" CO2="14199.64" CO="491.28" HC="2.63" NOx="5.59" PMx="0.46" fuel="6.10" electricity="0.00" noise="81.03" route="routetop" type="cfm_slow" waiting="0.00" lane="top_0" pos="1.79" speed="46.81" angle="271.26" x="59.96" y="128.86"/>
        <vehicle id="cfm_slow_4" eclass="HBEFA3/PC_G_EU4" CO2="15056.84" CO="498.07" HC="2.68" NOx="6.01" PMx="0.48" fuel="6.47" electricity="0.00" noise="81.03" route="routetop" type="cfm_slow" waiting="0.00" lane="top_0" pos="42.15" speed="46.30" angle="198.58" x="0.33" y="79.62"/>
    </timestep>
    <timestep time="5.83">
        <vehicle id="cfm_slow_0" eclass="HBEFA3/PC_G_EU4" CO2="27030.80" CO="729.70" HC="4.03" NOx="11.67" PMx="0.78" fuel="11.62" electricity="0.00" noise="83.48" route="routetop" type="cfm_slow" waiting="0.00" lane="left_0" pos="32.79" speed="45.58" angle="125.49" x="30.04" y="7.68"/>
        <vehicle id="cfm_slow_1" eclass="HBEFA3/PC_G_EU4" CO2="26121.97" CO="725.30" HC="3.99" NOx="11.23" PMx="0.77" fuel="11.23" electricity="0.00" noise="83.39" route="routebottom" type="cfm_slow" waiting="0.00" lane="bottom_0" pos="21.97" speed="46.27" angle="54.94" x="105.25" y="13.31"/>
        <vehicle id="cfm_slow_2" eclass="HBEFA3/PC_G_EU4" CO2="20471.99" CO="620.36" HC="3.37" NOx="8.55" PMx="0.63" fuel="8.80" electricity="0.00" noise="82.20" route="routebottom" type="cfm_slow" waiting="0.00" lane="right_0" pos="11.86" speed="46.81" angle="343.11" x="124.47" y="87.44"/>
        <vehicle id="cfm_slow_3" eclass="HBEFA3/PC_G_EU4" CO2="14149.80" CO="490.26" HC="2.62" NOx="5.57" PMx="0.46" fuel="6.08" electricity="0.00" noise="81.02" route="routetop" type="cfm_slow" waiting="0.00" lane="top_0" pos="2.26" speed="46.81" angle="270.41" x="59.00" y="128.80"/>
        <vehicle id="cfm_slow_4" eclass="HBEFA3/PC_G_EU4" CO2="15078.23" CO="498.54" HC="2.68" NOx="6.02" PMx="0.48" fuel="6.48" electricity="0.00" noise="81.03" route="routetop" type="cfm_slow" waiting="0.00" lane="top_0" pos="42.62" speed="46.30" angle="197.81" x="0.11" y="78.69"/>
    </timestep>
    <timestep time="5.84">
        <vehicle id="cfm_slow_0" eclass="HBEFA3/PC_G_EU4" CO2="26974.88" CO="728.79" HC="4.02" NOx="11.64" PMx="0.78" fuel="11.60" electricity="0.00" noise="83.47" route="routetop" type="cfm_slow" waiting="0.00" lane="left_0" pos="33.25" speed="45.59" angle="124.65" x="30.85" y="7.20"/>
        <vehicle id="cfm_slow_1" eclass="HBEFA3/PC_G_EU4" CO2="26019.49" CO="723.41" HC="3.98" NOx="11.18" PMx="0.77" fuel="11.18" electricity="0.00" noise="83.36" route="routebottom" type="cfm_slow" waiting="0.00" lane="bottom_0" pos="22.44" speed="46.28" angle="54.09" x="105.97" y="13.92"/>
        <vehicle id="cfm_slow_2" eclass="HBEFA3/PC_G_EU4" CO2="20357.76" CO="618.13" HC="3.36" NOx="8.50" PMx="0.62" fuel="8.75" electricity="0.00" noise="82.18" route="routebottom" type="cfm_slow" waiting="0.00" lane="right_0" pos="12.33" speed="46.82" angle="342.28" x="124.12" y="88.33"/>
        <vehicle id="cfm_slow_3" eclass="HBEFA3/PC_G_EU4" CO2="14101.15" CO="489.26" HC="2.62" NOx="5.55" PMx="0.46" fuel="6.06" electricity="0.00" noise="81.02" route="routetop" type="cfm_slow" waiting="0.00" lane="top_0" pos="2.73" speed="46.81" angle="269.61" x="58.04" y="128.73"/>
        <vehicle id="cfm_slow_4" eclass="HBEFA3/PC_G_EU4" CO2="15099.79" CO="499.01" HC="2.68" NOx="6.03" PMx="0.48" fuel="6.49" electricity="0.00" noise="81.04" route="routetop" type="cfm_slow" waiting="0.00" lane="top_0" pos="43.08" speed="46.30" angle="196.97" x="-0.09" y="77.77"/>
    </timestep>
    <timestep time="5.85">
        <vehicle id="cfm_slow_0" eclass="HBEFA3/PC_G_EU4" CO2="26918.93" CO="727.88" HC="4.02" NOx="11.62" PMx="0.78" fuel="11.57" electricity="0.00" noise="83.45" route="routetop" type="cfm_slow" waiting="0.00" lane="left_0" pos="33.70" speed="45.61" angle="123.87" x="31.66" y="6.74"/>
        <vehicle id="cfm_slow_1" eclass="HBEFA3/PC_G_EU4" CO2="25917.30" CO="721.52" HC="3.97" NOx="11.13" PMx="0.76" fuel="11.14" electricity="0.00" noise="83.34" route="routebottom" type="cfm_slow" waiting="0.00" lane="bottom_0" pos="22.90" speed="46.30" angle="53.25" x="106.69" y="14.54"/>
        <vehicle id="cfm_slow_2" eclass="HBEFA3/PC_G_EU4" CO2="20244.57" CO="615.91" HC="3.34" NOx="8.45" PMx="0.62" fuel="8.70" electricity="0.00" noise="82.16" route="routebottom" type="cfm_slow" waiting="0.00" lane="right_0" pos="12.79" speed="46.82" angle="341.50" x="123.76" y="89.23"/>
        <vehicle id="cfm_slow_3" eclass="HBEFA3/PC_G_EU4" CO2="14053.67" CO="488.29" HC="2.61" NOx="5.53" PMx="0.46" fuel="6.04" electricity="0.00" noise="81.01" route="routetop" type="cfm_slow" waiting="0.00" lane="top_0" pos="3.20" speed="46.81" angle="268.75" x="57.09" y="128.63"/>
        <vehicle id="cfm_slow_4" eclass="HBEFA3/PC_G_EU4" CO2="15121.51" CO="499.49" HC="2.69" NOx="6.04" PMx="0.48" fuel="6.50" electricity="0.00" noise="81.04" route="routetop" type="cfm_slow" waiting="0.00" lane="top_0" pos="43.54" speed="46.31" angle="196.17" x="-0.30" y="76.84"/>
    </timestep>
    <timestep time="5.86">
        <vehicle id="cfm_slow_0" eclass="HBEFA3/PC_G_EU4" CO2="26862.97" CO="726.96" HC="4.01" NOx="11.59" PMx="0.78" fuel="11.55" electricity="0.00" noise="83.44" route="routetop" type="cfm_slow" waiting="0.00" lane="left_0" pos="34.16" speed="45.62" angle="123.04" x="32.48" y="6.29"/>
        <vehicle id="cfm_slow_1" eclass="HBEFA3/PC_G_EU4" CO2="25815.39" CO="719.64" HC="3.95" NOx="11.08" PMx="0.76" fuel="11.10" electricity="0.00" noise="83.32" route="routebottom" type="cfm_slow" waiting="0.00" lane="bottom_0" pos="23.36" speed="46.31" angle="52.48" x="107.40" y="15.17"/>
        <vehicle id="cfm_slow_2" eclass="HBEFA3/PC_G_EU4" CO2="20132.42" CO="613.71" HC="3.33" NOx="8.39" PMx="0.62" fuel="8.65" electricity="0.00" noise="82.14" route="routebottom" type="cfm_slow" waiting="0.00" lane="right_0" pos="13.26" speed="46.83" angle="340.63" x="123.37" y="90.10"/>
        <vehicle id="cfm_slow_3" eclass="HBEFA3/PC_G_EU4" CO2="14007.35" CO="487.34" HC="2.60" NOx="5.50" PMx="0.46" fuel="6.02" electricity="0.00" noise="81.00" route="routetop" type="cfm_slow" waiting="0.00" lane="top_0" pos="3.67" speed="46.81" angle="267.90" x="56.13" y="128.54"/>
        <vehicle id="cfm_slow_4" eclass="HBEFA3/PC_G_EU4" CO2="15143.38" CO="499.97" HC="2.69" NOx="6.05" PMx="0.48" fuel="6.51" electricity="0.00" noise="81.05" route="routetop" type="cfm_slow" waiting="0.00" lane="top_0" pos="44.01" speed="46.31" angle="195.33" x="-0.48" y="75.91"/>
    </timestep>
    <timestep time="5.87">
        <vehicle id="cfm_slow_0" eclass="HBEFA3/PC_G_EU4" CO2="26807.00" CO="726.05" HC="4.01" NOx="11.56" PMx="0.78" fuel="11.52" electricity="0.00" noise="83.43" route="routetop" type="cfm_slow" waiting="0.00" lane="left_0" pos="34.61" speed="45.63" angle="122.28" x="33.30" y="5.83"/>
        <vehicle id="cfm_slow_1" eclass="HBEFA3/PC_G_EU4" CO2="25713.78" CO="717.76" HC="3.94" NOx="11.04" PMx="0.76" fuel="11.05" electricity="0.00" noise="83.29" route="routebottom" type="cfm_slow" waiting="0.00" lane="bottom_0" pos="23.82" speed="46.32" angle="51.65" x="108.10" y="15.81"/>
        <vehicle id="cfm_slow_2" eclass="HBEFA3/PC_G_EU4" CO2="20021.31" CO="611.54" HC="3.32" NOx="8.34" PMx="0.61" fuel="8.61" electricity="0.00" noise="82.11" route="routebottom" type="cfm_slow" waiting="0.00" lane="right_0" pos="13.73" speed="46.83" angle="339.75" x="122.98" y="90.98"/>
        <vehicle id="cfm_slow_3" eclass="HBEFA3/PC_G_EU4" CO2="13962.18" CO="486.42" HC="2.60" NOx="5.48" PMx="0.46" fuel="6.00" electricity="0.00" noise="80.99" route="routetop" type="cfm_slow" waiting="0.00" lane="top_0" pos="4.13" speed="46.81" angle="267.09" x="55.18" y="128.41"/>
        <vehicle id="cfm_slow_4" eclass="HBEFA3/PC_G_EU4" CO2="15165.39" CO="500.45" HC="2.69" NOx="6.06" PMx="0.48" fuel="6.52" electricity="0.00" noise="81.05" route="routetop" type="cfm_slow" waiting="0.00" lane="top_0" pos="44.47" speed="46.31" angle="194.47" x="-0.65" y="74.97"/>
    </timestep>
    <timestep time="5.88">
        <vehicle id="cfm_slow_0" eclass="HBEFA3/PC_G_EU4" CO2="26751.01" CO="725.13" HC="4.00" NOx="11.54" PMx="0.78" fuel="11.50" electricity="0.00" noise="83.42" route="routetop" type="cfm_slow" waiting="0.00" lane="left_0" pos="35.07" speed="45.64" angle="121.45" x="34.13" y="5.41"/>
        <vehicle id="cfm_slow_1" eclass="HBEFA3/PC_G_EU4" CO2="25612.46" CO="715.89" HC="3.93" NOx="10.99" PMx="0.75" fuel="11.01" electricity="0.00" noise="83.27" route="routebottom" type="cfm_slow" waiting="0.00" lane="bottom_0" pos="24.29" speed="46.33" angle="50.84" x="108.80" y="16.46"/>
        <vehicle id="cfm_slow_2" eclass="HBEFA3/PC_G_EU4" CO2="19911.23" CO="609.38" HC="3.31" NOx="8.29" PMx="0.61" fuel="8.56" electricity="0.00" noise="82.09" route="routebottom" type="cfm_slow" waiting="0.00" lane="right_0" pos="14.20" speed="46.84" angle="338.93" x="122.58" y="91.85"/>
        <vehicle id="cfm_slow_3" eclass="HBEFA3/PC_G_EU4" CO2="13918.15" CO="485.51" HC="2.59" NOx="5.46" PMx="0.45" fuel="5.98" electricity="0.00" noise="80.99" route="routetop" type="cfm_slow" waiting="0.00" lane="top_0" pos="4.60" speed="46.81" angle="266.23" x="54.23" y="128.28"/>
        <vehicle id="cfm_slow_4" eclass="HBEFA3/PC_G_EU4" CO2="15187.53" CO="500.94" HC="2.69" NOx="6.07" PMx="0.48" fuel="6.53" electricity="0.00" noise="81.05" route="routetop" type="cfm_slow" waiting="0.00" lane="top_0" pos="44.93" speed="46.31" angle="193.68" x="-0.82" y="74.04"/>
    </timestep>
    <timestep time="5.89">
        <vehicle id="cfm_slow_0" eclass="HBEFA3/PC_G_EU4" CO2="26695.00" CO="724.21" HC="4.00" NOx="11.51" PMx="0.78" fuel="11.47" electricity="0.00" noise="83.41" route="routetop" type="cfm_slow" waiting="0.00" lane="left_0" pos="35.53" speed="45.65" angle="120.61" x="34.97" y="4.99"/>
        <vehicle id="cfm_slow_1" eclass="HBEFA3/PC_G_EU4" CO2="25511.45" CO="714.02" HC="3.92" NOx="10.94" PMx="0.75" fuel="10.97" electricity="0.00" noise="83.25" route="routebottom" type="cfm_slow" waiting="0.00" lane="bottom_0" pos="24.75" speed="46.34" angle="50.00" x="109.47" y="17.13"/>
        <vehicle id="cfm_slow_2" eclass="HBEFA3/PC_G_EU4" CO2="19802.18" CO="607.24" HC="3.29" NOx="8.24" PMx="0.61" fuel="8.51" electricity="0.00" noise="82.07" route="routebottom" type="cfm_slow" waiting="0.00" lane="right_0" pos="14.67" speed="46.84" angle="338.06" x="122.15" y="92.71"/>
        <vehicle id="cfm_slow_3" eclass="HBEFA3/PC_G_EU4" CO2="13875.23" CO="484.63" HC="2.59" NOx="5.44" PMx="0.45" fuel="5.96" electricity="0.00" noise="80.98" route="routetop" type="cfm_slow" waiting="0.00" lane="top_0" pos="5.07" speed="46.81" angle="265.38" x="53.28" y="128.14"/>
        <vehicle id="cfm_slow_4" eclass="HBEFA3/PC_G_EU4" CO2="15209.79" CO="501.43" HC="2.70" NOx="6.08" PMx="0.48" fuel="6.54" electricity="0.00" noise="81.06" route="routetop" type="cfm_slow" waiting="0.00" lane="top_0" pos="45.39" speed="46.31" angle="192.84" x="-0.96" y="73.10"/>
    </timestep>
    <timestep time="5.90">
        <vehicle id="cfm_slow_0" eclass="HBEFA3/PC_G_EU4" CO2="26638.97" CO="723.29" HC="3.99" NOx="11.48" PMx="0.78" fuel="11.45" electricity="0.00" noise="83.39" route="routetop" type="cfm_slow" waiting="0.00" lane="left_0" pos="35.98" speed="45.66" angle="119.83" x="35.81" y="4.58"/>
        <vehicle id="cfm_slow_1" eclass="HBEFA3/PC_G_EU4" CO2="25410.74" CO="712.15" HC="3.91" NOx="10.89" PMx="0.75" fuel="10.92" electricity="0.00" noise="83.22" route="routebottom" type="cfm_slow" waiting="0.00" lane="bottom_0" pos="25.22" speed="46.35" angle="49.12" x="110.14" y="17.80"/>
        <vehicle id="cfm_slow_2" eclass="HBEFA3/PC_G_EU4" CO2="19694.17" CO="605.12" HC="3.28" NOx="8.19" PMx="0.61" fuel="8.47" electricity="0.00" noise="82.05" route="routebottom" type="cfm_slow" waiting="0.00" lane="right_0" pos="15.14" speed="46.85" angle="337.18" x="121.72" y="93.57"/>
        <vehicle id="cfm_slow_3" eclass="HBEFA3/PC_G_EU4" CO2="13833.42" CO="483.77" HC="2.58" NOx="5.42" PMx="0.45" fuel="5.95" electricity="0.00" noise="80.97" route="routetop" type="cfm_slow" waiting="0.00" lane="top_0" pos="5.54" speed="46.81" angle="264.54" x="52.33" y="127.97"/>
        <vehicle id="cfm_slow_4" eclass="HBEFA3/PC_G_EU4" CO2="15232.17" CO="501.92" HC="2.70" NOx="6.09" PMx="0.48" fuel="6.55" electricity="0.00" noise="81.06" route="routetop" type="cfm_slow" waiting="0.00" lane="top_0" pos="45.86" speed="46.31" angle="191.99" x="-1.09" y="72.16"/>
    </timestep>
    <timestep time="5.91">
        <vehicle id="cfm_slow_0" eclass="HBEFA3/PC_G_EU4" CO2="26582.92" CO="722.37" HC="3.98" NOx="11.46" PMx="0.77" fuel="11.43" electricity="0.00" noise="83.38" route="routetop" type="cfm_slow" waiting="0.00" lane="left_0" pos="36.44" speed="45.68" angle="118.95" x="36.67" y="4.20"/>
        <vehicle id="cfm_slow_1" eclass="HBEFA3/PC_G_EU4" CO2="25310.33" CO="710.29" HC="3.90" NOx="10.85" PMx="0.75" fuel="10.88" electricity="0.00" noise="83.20" route="routebottom" type="cfm_slow" waiting="0.00" lane="bottom_0" pos="25.68" speed="46.36" angle="48.31" x="110.81" y="18.48"/>
        <vehicle id="cfm_slow_2" eclass="HBEFA3/PC_G_EU4" CO2="19587.18" CO="603.02" HC="3.27" NOx="8.14" PMx="0.60" fuel="8.42" electricity="0.00" noise="82.03" route="routebottom" type="cfm_slow" waiting="0.00" lane="right_0" pos="15.60" speed="46.85" angle="336.40" x="121.27" y="94.42"/>
        <vehicle id="cfm_slow_3" eclass="HBEFA3/PC_G_EU4" CO2="13792.71" CO="482.93" HC="2.58" NOx="5.40" PMx="0.45" fuel="5.93" electricity="0.00" noise="80.97" route="routetop" type="cfm_slow" waiting="0.00" lane="top_0" pos="6.01" speed="46.81" angle="263.68" x="51.39" y="127.80"/>
        <vehicle id="cfm_slow_4" eclass="HBEFA3/PC_G_EU4" CO2="15254.64" CO="502.41" HC="2.70" NOx="6.10" PMx="0.48" fuel="6.56" electricity="0.00" noise="81.07" route="routetop" type="cfm_slow" waiting="0.00" lane="top_0" pos="46.32" speed="46.31" angle="191.20" x="-1.21" y="71.22"/>
    </timestep>
    <timestep time="5.92">
        <vehicle id="cfm_slow_0" eclass="HBEFA3/PC_G_EU4" CO2="26526.85" CO="721.44" HC="3.98" NOx="11.43" PMx="0.77" fuel="11.40" electricity="0.00" noise="83.37" route="routetop" type="cfm_slow" waiting="0.00" lane="left_0" pos="36.90" speed="45.69" angle="118.08" x="37.52" y="3.82"/>
        <vehicle id="cfm_slow_1" eclass="HBEFA3/PC_G_EU4" CO2="25210.24" CO="708.44" HC="3.89" NOx="10.80" PMx="0.74" fuel="10.84" electricity="0.00" noise="83.18" route="routebottom" type="cfm_slow" waiting="0.00" lane="bottom_0" pos="26.14" speed="46.36" angle="47.47" x="111.46" y="19.17"/>
        <vehicle id="cfm_slow_2" eclass="HBEFA3/PC_G_EU4" CO2="19481.21" CO="600.94" HC="3.26" NOx="8.09" PMx="0.60" fuel="8.37" electricity="0.00" noise="82.01" route="routebottom" type="cfm_slow" waiting="0.00" lane="right_0" pos="16.07" speed="46.86" angle="335.56" x="120.81" y="95.26"/>
        <vehicle id="cfm_slow_3" eclass="HBEFA3/PC_G_EU4" CO2="0.00" CO="0.00" HC="0.00" NOx="0.00" PMx="0.00" fuel="0.00" electricity="0.00" noise="80.96" route="routetop" type="cfm_slow" waiting="0.00" lane="top_0" pos="6.47" speed="46.81" angle="262.87" x="50.45" y="127.62"/>
        <vehicle id="cfm_slow_4" eclass="HBEFA3/PC_G_EU4" CO2="15277.22" CO="502.91" HC="2.71" NOx="6.11" PMx="0.48" fuel="6.57" electricity="0.00" noise="81.07" route="routetop" type="cfm_slow" waiting="0.00" lane="top_0" pos="46.78" speed="46.32" angle="190.33" x="-1.30" y="70.27"/>
    </timestep>
    <timestep time="5.93">
        <vehicle id="cfm_slow_0" eclass="HBEFA3/PC_G_EU4" CO2="26470.75" CO="720.52" HC="3.97" NOx="11.40" PMx="0.77" fuel="11.38" electricity="0.00" noise="83.36" route="routetop" type="cfm_slow" waiting="0.00" lane="left_0" pos="37.36" speed="45.70" angle="117.29" x="38.38" y="3.45"/>
        <vehicle id="cfm_slow_1" eclass="HBEFA3/PC_G_EU4" CO2="25110.46" CO="706.58" HC="3.88" NOx="10.75" PMx="0.74" fuel="10.79" electricity="0.00" noise="83.16" route="routebottom" type="cfm_slow" waiting="0.00" lane="bottom_0" pos="26.61" speed="46.37" angle="46.62" x="112.11" y="19.87"/>
        <vehicle id="cfm_slow_2" eclass="HBEFA3/PC_G_EU4" CO2="19376.28" CO="598.87" HC="3.25" NOx="8.04" PMx="0.60" fuel="8.33" electricity="0.00" noise="81.99" route="routebottom" type="cfm_slow" waiting="0.00" lane="right_0" pos="16.54" speed="46.86" angle="334.73" x="120.34" y="96.10"/>
        <vehicle id="cfm_slow_3" eclass="HBEFA3/PC_G_EU4" CO2="0.00" CO="0.00" HC="0.00" NOx="0.00" PMx="0.00" fuel="0.00" electricity="0.00" noise="80.95" route="routetop" type="cfm_slow" waiting="0.00" lane="top_0" pos="6.94" speed="46.81" angle="261.97" x="49.51" y="127.41"/>
        <vehicle id="cfm_slow_4" eclass="HBEFA3/PC_G_EU4" CO2="15299.87" CO="503.41" HC="2.71" NOx="6.12" PMx="0.49" fuel="6.58" electricity="0.00" noise="81.08" route="routetop" type="cfm_slow" waiting="0.00" lane="top_0" pos="47.25" speed="46.32" angle="189.46" x="-1.40" y="69.33"/>
    </timestep>
    <timestep time="5.94">
        <vehicle id="cfm_slow_0" eclass="HBEFA3/PC_G_EU4" CO2="26414.64" CO="719.59" HC="3.97" NOx="11.38" PMx="0.77" fuel="11.35" electricity="0.00" noise="83.34" route="routetop" type="cfm_slow" waiting="0.00" lane="left_0" pos="37.81" speed="45.71" angle="116.43" x="39.25" y="3.10"/>
        <vehicle id="cfm_slow_1" eclass="HBEFA3/PC_G_EU4" CO2="25011.00" CO="704.74" HC="3.87" NOx="10.70" PMx="0.74" fuel="10.75" electricity="0.00" noise="83.13" route="routebottom" type="cfm_slow" waiting="0.00" lane="bottom_0" pos="27.07" speed="46.38" angle="45.82" x="112.74" y="20.58"/>
        <vehicle id="cfm_slow_2" eclass="HBEFA3/PC_G_EU4" CO2="19272.36" CO="596.83" HC="3.23" NOx="7.99" PMx="0.59" fuel="8.28" electricity="0.00" noise="81.97" route="routebottom" type="cfm_slow" waiting="0.00" lane="right_0" pos="17.01" speed="46.87" angle="333.91" x="119.85" y="96.93"/>
        <vehicle id="cfm_slow_3" eclass="HBEFA3/PC_G_EU4" CO2="0.00" CO="0.00" HC="0.00" NOx="0.00" PMx="0.00" fuel="0.00" electricity="0.00" noise="80.95" route="routetop" type="cfm_slow" waiting="0.00" lane="top_0" pos="7.41" speed="46.81" angle="261.06" x="48.57" y="127.19"/>
        <vehicle id="cfm_slow_4" eclass="HBEFA3/PC_G_EU4" CO2="15322.60" CO="503.91" HC="2.71" NOx="6.13" PMx="0.49" fuel="6.59" electricity="0.00" noise="81.08" route="routetop" type="cfm_slow" waiting="0.00" lane="top_0" pos="47.71" speed="46.32" angle="188.67" x="-1.47" y="68.38"/>
    </timestep>
    <timestep time="5.95">
        <vehicle id="cfm_slow_0" eclass="HBEFA3/PC_G_EU4" CO2="26358.50" CO="718.67" HC="3.96" NOx="11.35" PMx="0.77" fuel="11.33" electricity="0.00" noise="83.33" route="routetop" type="cfm_slow" waiting="0.00" lane="left_0" pos="38.27" speed="45.72" angle="115.58" x="40.12" y="2.75"/>
        <vehicle id="cfm_slow_1" eclass="HBEFA3/PC_G_EU4" CO2="24911.86" CO="702.89" HC="3.86" NOx="10.66" PMx="0.74" fuel="10.71" electricity="0.00" noise="83.11" route="routebottom" type="cfm_slow" waiting="0.00" lane="bottom_0" pos="27.53" speed="46.39" angle="44.94" x="113.36" y="21.30"/>
        <vehicle id="cfm_slow_2" eclass="HBEFA3/PC_G_EU4" CO2="19169.46" CO="594.81" HC="3.22" NOx="7.94" PMx="0.59" fuel="8.24" electricity="0.00" noise="81.95" route="routebottom" type="cfm_slow" waiting="0.00" lane="right_0" pos="17.48" speed="46.87" angle="333.04" x="119.36" y="97.75"/>
        <vehicle id="cfm_slow_3" eclass="HBEFA3/PC_G_EU4" CO2="0.00" CO="0.00" HC="0.00" NOx="0.00" PMx="0.00" fuel="0.00" electricity="0.00" noise="80.94" route="routetop" type="cfm_slow" waiting="0.00" lane="top_0" pos="7.88" speed="46.81" angle="260.26" x="47.64" y="126.97"/>
        <vehicle id="cfm_slow_4" eclass="HBEFA3/PC_G_EU4" CO2="15345.40" CO="504.41" HC="2.71" NOx="6.14" PMx="0.49" fuel="6.60" electricity="0.00" noise="81.08" route="routetop" type="cfm_slow" waiting="0.00" lane="top_0" pos="48.17" speed="46.32" angle="187.82" x="-1.53" y="67.43"/>
    </timestep>
    <timestep time="5.96">
        <vehicle id="cfm_slow_0" eclass="HBEFA3/PC_G_EU4" CO2="26302.35" CO="717.74" HC="3.96" NOx="11.32" PMx="0.77" fuel="11.31" electricity="0.00" noise="83.32" route="routetop" type="cfm_slow" waiting="0.00" lane="left_0" pos="38.73" speed="45.73" angle="114.78" x="41.00" y="2.42"/>
        <vehicle id="cfm_slow_1" eclass="HBEFA3/PC_G_EU4" CO2="24813.04" CO="701.06" HC="3.85" NOx="10.61" PMx="0.73" fuel="10.67" electricity="0.00" noise="83.09" route="routebottom" type="cfm_slow" waiting="0.00" lane="bottom_0" pos="28.00" speed="46.40" angle="44.05" x="113.97" y="22.03"/>
        <vehicle id="cfm_slow_2" eclass="HBEFA3/PC_G_EU4" CO2="19067.58" CO="592.80" HC="3.21" NOx="7.89" PMx="0.59" fuel="8.20" electricity="0.00" noise="81.93" route="routebottom" type="cfm_slow" waiting="0.00" lane="right_0" pos="17.95" speed="46.87" angle="332.24" x="118.87" y="98.58"/>
        <vehicle id="cfm_slow_3" eclass="HBEFA3/PC_G_EU4" CO2="0.00" CO="0.00" HC="0.00" NOx="0.00" PMx="0.00" fuel="0.00" electricity="0.00" noise="80.94" route="routetop" type="cfm_slow" waiting="0.00" lane="top_0" pos="8.35" speed="46.81" angle="259.43" x="46.71" y="126.72"/>
        <vehicle id="cfm_slow_4" eclass="HBEFA3/PC_G_EU4" CO2="15368.26" CO="504.91" HC="2.72" NOx="6.15" PMx="0.49" fuel="6.61" electricity="0.00" noise="81.09" route="routetop" type="cfm_slow" waiting="0.00" lane="top_0" pos="48.64" speed="46.32" angle="186.98" x="-1.59" y="66.48"/>
    </timestep>
    <timestep time="5.97">
        <vehicle id="cfm_slow_0" eclass="HBEFA3/PC_G_EU4" CO2="26246.16" CO="716.81" HC="3.95" NOx="11.30" PMx="0.77" fuel="11.28" electricity="0.00" noise="83.31" route="routetop" type="cfm_slow" waiting="0.00" lane="left_0" pos="39.18" speed="45.74" angle="113.94" x="41.88" y="2.11"/>
        <vehicle id="cfm_slow_1" eclass="HBEFA3/PC_G_EU4" CO2="24714.55" CO="699.23" HC="3.83" NOx="10.56" PMx="0.73" fuel="10.62" electricity="0.00" noise="83.07" route="routebottom" type="cfm_slow" waiting="0.00" lane="bottom_0" pos="28.46" speed="46.41" angle="43.25" x="114.57" y="22.77"/>
        <vehicle id="cfm_slow_2" eclass="HBEFA3/PC_G_EU4" CO2="18966.71" CO="590.82" HC="3.20" NOx="7.84" PMx="0.59" fuel="8.15" electricity="0.00" noise="81.91" route="routebottom" type="cfm_slow" waiting="0.00" lane="right_0" pos="18.42" speed="46.88" angle="331.35" x="118.33" y="99.38"/>
        <vehicle id="cfm_slow_3" eclass="HBEFA3/PC_G_EU4" CO2="0.00" CO="0.00" HC="0.00" NOx="0.00" PMx="0.00" fuel="0.00" electricity="0.00" noise="80.93" route="routetop" type="cfm_slow" waiting="0.00" lane="top_0" pos="8.82" speed="46.81" angle="258.59" x="45.79" y="126.48"/>
        <vehicle id="cfm_slow_4" eclass="HBEFA3/PC_G_EU4" CO2="15391.17" CO="505.42" HC="2.72" NOx="6.17" PMx="0.49" fuel="6.62" electricity="0.00" noise="81.09" route="routetop" type="cfm_slow" waiting="0.00" lane="top_0" pos="49.10" speed="46.32" angle="186.15" x="-1.61" y="65.53"/>
    </timestep>
    <timestep time="5.98">
        <vehicle id="cfm_slow_0" eclass="HBEFA3/PC_G_EU4" CO2="26189.96" CO="715.88" HC="3.95" NOx="11.27" PMx="0.76" fuel="11.26" electricity="0.00" noise="83.29" route="routetop" type="cfm_slow" waiting="0.00" lane="left_0" pos="39.64" speed="45.75" angle="113.11" x="42.77" y="1.79"/>
        <vehicle id="cfm_slow_1" eclass="HBEFA3/PC_G_EU4" CO2="24616.39" CO="697.40" HC="3.82" NOx="10.52" PMx="0.73" fuel="10.58" electricity="0.00" noise="83.05" route="routebottom" type="cfm_slow" waiting="0.00" lane="bottom_0" pos="28.93" speed="46.42" angle="42.38" x="115.16" y="23.52"/>
        <vehicle id="cfm_slow_2" eclass="HBEFA3/PC_G_EU4" CO2="18866.85" CO="588.85" HC="3.19" NOx="7.80" PMx="0.58" fuel="8.11" electricity="0.00" noise="81.89" route="routebottom" type="cfm_slow" waiting="0.00" lane="right_0" pos="18.89" speed="46.88" angle="330.47" x="117.80" y="100.18"/>
        <vehicle id="cfm_slow_3" eclass="HBEFA3/PC_G_EU4" CO2="0.00" CO="0.00" HC="0.00" NOx="0.00" PMx="0.00" fuel="0.00" electricity="0.00" noise="80.93" route="routetop" type="cfm_slow" waiting="0.00" lane="top_0" pos="9.28" speed="46.81" angle="257.80" x="44.86" y="126.21"/>
        <vehicle id="cfm_slow_4" eclass="HBEFA3/PC_G_EU4" CO2="15414.12" CO="505.92" HC="2.72" NOx="6.18" PMx="0.49" fuel="6.63" electricity="0.00" noise="81.10" route="routetop" type="cfm_slow" waiting="0.00" lane="top_0" pos="49.56" speed="46.33" angle="185.28" x="-1.63" y="64.58"/>
    </timestep>
    <timestep time="5.99">
        <vehicle id="cfm_slow_0" eclass="HBEFA3/PC_G_EU4" CO2="26133.73" CO="714.94" HC="3.94" NOx="11.24" PMx="0.76" fuel="11.23" electricity="0.00" noise="83.28" route="routetop" type="cfm_slow" waiting="0.00" lane="left_0" pos="40.10" speed="45.76" angle="112.32" x="43.66" y="1.50"/>
        <vehicle id="cfm_slow_1" eclass="HBEFA3/PC_G_EU4" CO2="24518.56" CO="695.58" HC="3.81" NOx="10.47" PMx="0.73" fuel="10.54" electricity="0.00" noise="83.02" route="routebottom" type="cfm_slow" waiting="0.00" lane="bottom_0" pos="29.39" speed="46.43" angle="41.54" x="115.74" y="24.27"/>
        <vehicle id="cfm_slow_2" eclass="HBEFA3/PC_G_EU4" CO2="18768.01" CO="586.90" HC="3.18" NOx="7.75" PMx="0.58" fuel="8.07" electricity="0.00" noise="81.88" route="routebottom" type="cfm_slow" waiting="0.00" lane="right_0" pos="19.35" speed="46.89" angle="329.64" x="117.26" y="100.97"/>
        <vehicle id="cfm_slow_3" eclass="HBEFA3/PC_G_EU4" CO2="0.00" CO="0.00" HC="0.00" NOx="0.00" PMx="0.00" fuel="0.00" electricity="0.00" noise="80.92" route="routetop" type="cfm_slow" waiting="0.00" lane="top_0" pos="9.75" speed="46.81" angle="256.94" x="43.95" y="125.92"/>
        <vehicle id="cfm_slow_4" eclass="HBEFA3/PC_G_EU4" CO2="15437.10" CO="506.43" HC="2.73" NOx="6.19" PMx="0.49" fuel="6.64" electricity="0.00" noise="81.10" route="routetop" type="cfm_slow" waiting="0.00" lane="left_0" pos="0.03" speed="46.33" angle="184.44" x="-1.65" y="63.57"/>
    </timestep>
    <timestep time="6.00">
        <vehicle id="cfm_slow_0" eclass="HBEFA3/PC_G_EU4" CO2="26077.48" CO="714.01" HC="3.93" NOx="11.22" PMx="0.76" fuel="11.21" electricity="0.00" noise="83.27" route="routetop" type="cfm_slow" waiting="0.00" lane="left_0" pos="40.56" speed="45.77" angle="111.46" x="44.55" y="1.22"/>
        <vehicle id="cfm_slow_1" eclass="HBEFA3/PC_G_EU4" CO2="24421.07" CO="693.76" HC="3.80" NOx="10.42" PMx="0.72" fuel="10.50" electricity="0.00" noise="83.00" route="routebottom" type="cfm_slow" waiting="0.00" lane="bottom_0" pos="29.85" speed="46.44" angle="40.75" x="116.31" y="25.04"/>
        <vehicle id="cfm_slow_2" eclass="HBEFA3/PC_G_EU4" CO2="18670.16" CO="584.97" HC="3.16" NOx="7.70" PMx="0.58" fuel="8.03" electricity="0.00" noise="81.86" route="routebottom" type="cfm_slow" waiting="0.00" lane="right_0" pos="19.82" speed="46.89" angle="328.77" x="116.69" y="101.75"/>
        <vehicle id="cfm_slow_3" eclass="HBEFA3/PC_G_EU4" CO2="0.00" CO="0.00" HC="0.00" NOx="0.00" PMx="0.00" fuel="0.00" electricity="0.00" noise="80.92" route="routetop" type="cfm_slow" waiting="0.00" lane="top_0" pos="10.22" speed="46.81" angle="256.13" x="43.03" y="125.64"/>
        <vehicle id="cfm_slow_4" eclass="HBEFA3/PC_G_EU4" CO2="15460.12" CO="506.94" HC="2.73" NOx="6.20" PMx="0.49" fuel="6.65" electricity="0.00" noise="81.11" route="routetop" type="cfm_slow" waiting="0.00" lane="left_0" pos="0.49" speed="46.33" angle="183.59" x="-1.63" y="62.63"/>
    </timestep>
    <timestep time="6.01">
        <vehicle id="cfm_slow_0" eclass="HBEFA3/PC_G_EU4" CO2="26021.20" CO="713.07" HC="3.93" NOx="11.19" PMx="0.76" fuel="11.19" electricity="0.00" noise="83.26" route="routetop" type="cfm_slow" waiting="0.00" lane="left_0" pos="41.01" speed="45.79" angle="110.67" x="45.45" y="0.94"/>
        <vehicle id="cfm_slow_1" eclass="HBEFA3/PC_G_EU4" CO2="24323.92" CO="691.95" HC="3.79" NOx="10.38" PMx="0.72" fuel="10.46" electricity="0.00" noise="82.98" route="routebottom" type="cfm_slow" waiting="0.00" lane="bottom_0" pos="30.32" speed="46.45" angle="39.91" x="116.87" y="25.81"/>
        <vehicle id="cfm_slow_2" eclass="HBEFA3/PC_G_EU4" CO2="18573.32" CO="583.06" HC="3.15" NOx="7.66" PMx="0.58" fuel="7.98" electricity="0.00" noise="81.84" route="routebottom" type="cfm_slow" waiting="0.00" lane="right_0" pos="20.29" speed="46.89" angle="327.90" x="116.13" y="102.53"/>
        <vehicle id="cfm_slow_3" eclass="HBEFA3/PC_G_EU4" CO2="0.00" CO="0.00" HC="0.00" NOx="0.00" PMx="0.00" fuel="0.00" electricity="0.00" noise="80.91" route="routetop" type="cfm_slow" waiting="0.00" lane="top_0" pos="10.69" speed="46.81" angle="255.23" x="42.13" y="125.31"/>
        <vehicle id="cfm_slow_4" eclass="HBEFA3/PC_G_EU4" CO2="15483.15" CO="507.45" HC="2.73" NOx="6.21" PMx="0.49" fuel="6.66" electricity="0.00" noise="81.11" route="routetop" type="cfm_slow" waiting="0.00" lane="left_0" pos="0.95" speed="46.33" angle="182.75" x="-1.61" y="61.68"/>
    </timestep>
    <timestep time="6.02">
        <vehicle id="cfm_slow_0" eclass="HBEFA3/PC_G_EU4" CO2="25964.90" CO="712.13" HC="3.92" NOx="11.16" PMx="0.76" fuel="11.16" electricity="0.00" noise="83.25" route="routetop" type="cfm_slow" waiting="0.00" lane="left_0" pos="41.47" speed="45.80" angle="109.84" x="46.36" y="0.70"/>
        <vehicle id="cfm_slow_1" eclass="HBEFA3/PC_G_EU4" CO2="24227.11" CO="690.14" HC="3.78" NOx="10.33" PMx="0.72" fuel="10.41" electricity="0.00" noise="82.96" route="routebottom" type="cfm_slow" waiting="0.00" lane="bottom_0" pos="30.78" speed="46.46" angle="39.13" x="117.42" y="26.58"/>
        <vehicle id="cfm_slow_2" eclass="HBEFA3/PC_G_EU4" CO2="18477.48" CO="581.17" HC="3.14" NOx="7.61" PMx="0.57" fuel="7.94" electricity="0.00" noise="81.82" route="routebottom" type="cfm_slow" waiting="0.00" lane="right_0" pos="20.76" speed="46.90" angle="327.09" x="115.55" y="103.30"/>
        <vehicle id="cfm_slow_3" eclass="HBEFA3/PC_G_EU4" CO2="0.00" CO="0.00" HC="0.00" NOx="0.00" PMx="0.00" fuel="0.00" electricity="0.00" noise="80.91" route="routetop" type="cfm_slow" waiting="0.00" lane="top_0" pos="11.16" speed="46.81" angle="254.32" x="41.23" y="124.98"/>
        <vehicle id="cfm_slow_4" eclass="HBEFA3/PC_G_EU4" CO2="15506.19" CO="507.96" HC="2.73" NOx="6.22" PMx="0.49" fuel="6.67" electricity="0.00" noise="81.12" route="routetop" type="cfm_slow" waiting="0.00" lane="left_0" pos="1.42" speed="46.33" angle="181.95" x="-1.58" y="60.73"/>
    </timestep>
    <timestep time="6.03">
        <vehicle id="cfm_slow_0" eclass="HBEFA3/PC_G_EU4" CO2="25908.57" CO="711.19" HC="3.92" NOx="11.14" PMx="0.76" fuel="11.14" electricity="0.00" noise="83.23" route="routetop" type="cfm_slow" waiting="0.00" lane="left_0" pos="41.93" speed="45.81" angle="109.00" x="47.26" y="0.45"/>
        <vehicle id="cfm_slow_1" eclass="HBEFA3/PC_G_EU4" CO2="24130.65" CO="688.34" HC="3.77" NOx="10.29" PMx="0.72" fuel="10.37" electricity="0.00" noise="82.94" route="routebottom" type="cfm_slow" waiting="0.00" lane="bottom_0" pos="31.25" speed="46.47" angle="38.28" x="117.95" y="27.37"/>
        <vehicle id="cfm_slow_2" eclass="HBEFA3/PC_G_EU4" CO2="18382.64" CO="579.30" HC="3.13" NOx="7.57" PMx="0.57" fuel="7.90" electricity="0.00" noise="81.80" route="routebottom" type="cfm_slow" waiting="0.00" lane="right_0" pos="21.23" speed="46.90" angle="326.24" x="114.96" y="104.05"/>
        <vehicle id="cfm_slow_3" eclass="HBEFA3/PC_G_EU4" CO2="0.00" CO="0.00" HC="0.00" NOx="0.00" PMx="0.00" fuel="0.00" electricity="0.00" noise="80.90" route="routetop" type="cfm_slow" waiting="0.00" lane="top_0" pos="11.62" speed="46.81" angle="253.50" x="40.33" y="124.65"/>
        <vehicle id="cfm_slow_4" eclass="HBEFA3/PC_G_EU4" CO2="15529.23" CO="508.47" HC="2.74" NOx="6.23" PMx="0.49" fuel="6.68" electricity="0.00" noise="81.12" route="routetop" type="cfm_slow" waiting="0.00" lane="left_0" pos="1.88" speed="46.33" angle="181.11" x="-1.52" y="59.78"/>
    </timestep>
    <timestep time="6.04">
        <vehicle id="cfm_slow_0" eclass="HBEFA3/PC_G_EU4" CO2="25852.23" CO="710.25" HC="3.91" NOx="11.11" PMx="0.76" fuel="11.11" electricity="0.00" noise="83.22" route="routetop" type="cfm_slow" waiting="0.00" lane="left_0" pos="42.39" speed="45.82" angle="108.22" x="48.17" y="0.22"/>
        <vehicle id="cfm_slow_1" eclass="HBEFA3/PC_G_EU4" CO2="24034.54" CO="686.54" HC="3.76" NOx="10.24" PMx="0.71" fuel="10.33" electricity="0.00" noise="82.92" route="routebottom" type="cfm_slow" waiting="0.00" lane="bottom_0" pos="31.71" speed="46.47" angle="37.43" x="118.48" y="28.17"/>
        <vehicle id="cfm_slow_2" eclass="HBEFA3/PC_G_EU4" CO2="18288.79" CO="577.45" HC="3.12" NOx="7.52" PMx="0.57" fuel="7.86" electricity="0.00" noise="81.79" route="routebottom" type="cfm_slow" waiting="0.00" lane="right_0" pos="21.70" speed="46.91" angle="325.39" x="114.37" y="104.81"/>
        <vehicle id="cfm_slow_3" eclass="HBEFA3/PC_G_EU4" CO2="0.00" CO="0.00" HC="0.00" NOx="0.00" PMx="0.00" fuel="0.00" electricity="0.00" noise="80.90" route="routetop" type="cfm_slow" waiting="0.00" lane="top_0" pos="12.09" speed="46.81" angle="252.68" x="39.44" y="124.29"/>
        <vehicle id="cfm_slow_4" eclass="HBEFA3/PC_G_EU4" CO2="15552.28" CO="508.98" HC="2.74" NOx="6.24" PMx="0.49" fuel="6.69" electricity="0.00" noise="81.13" route="routetop" type="cfm_slow" waiting="0.00" lane="left_0" pos="2.34" speed="46.34" angle="180.26" x="-1.47" y="58.83"/>
    </timestep>
    <timestep time="6.05">
        <vehicle id="cfm_slow_0" eclass="HBEFA3/PC_G_EU4" CO2="25795.85" CO="709.31" HC="3.91" NOx="11.08" PMx="0.75" fuel="11.09" electricity="0.00" noise="83.21" route="routetop" type="cfm_slow" waiting="0.00" lane="left_0" pos="42.85" speed="45.83" angle="107.40" x="49.09" y="0.01"/>
        <vehicle id="cfm_slow_1" eclass="HBEFA3/PC_G_EU4" CO2="23938.78" CO="684.75" HC="3.75" NOx="10.20" PMx="0.71" fuel="10.29" electricity="0.00" noise="82.90" route="routebottom" type="cfm_slow" waiting="0.00" lane="bottom_0" pos="32.18" speed="46.48" angle="36.64" x="119.00" y="28.96"/>
        <vehicle id="cfm_slow_2" eclass="HBEFA3/PC_G_EU4" CO2="18195.93" CO="575.61" HC="3.11" NOx="7.48" PMx="0.57" fuel="7.82" electricity="0.00" noise="81.77" route="routebottom" type="cfm_slow" waiting="0.00" lane="right_0" pos="22.17" speed="46.91" angle="324.57" x="113.75" y="105.55"/>
        <vehicle id="cfm_slow_3" eclass="HBEFA3/PC_G_EU4" CO2="0.00" CO="0.00" HC="0.00" NOx="0.00" PMx="0.00" fuel="0.00" electricity="0.00" noise="80.89" route="routetop" type="cfm_slow" waiting="0.00" lane="top_0" pos="12.56" speed="46.81" angle="251.86" x="38.54" y="123.94"/>
        <vehicle id="cfm_slow_4" eclass="HBEFA3/PC_G_EU4" CO2="15575.31" CO="509.49" HC="2.74" NOx="6.25" PMx="0.49" fuel="6.70" electricity="0.00" noise="81.13" route="routetop" type="cfm_slow" waiting="0.00" lane="left_0" pos="2.81" speed="46.34" angle="179.46" x="-1.39" y="57.88"/>
    </timestep>
    <timestep time="6.06">
        <vehicle id="cfm_slow_0" eclass="HBEFA3/PC_G_EU4" CO2="25739.46" CO="708.37" HC="3.90" NOx="11.06" PMx="0.75" fuel="11.06" electricity="0.00" noise="83.20" route="routetop" type="cfm_slow" waiting="0.00" lane="left_0" pos="43.31" speed="45.84" angle="106.58" x="50.01" y="-0.20"/>
        <vehicle id="cfm_slow_1" eclass="HBEFA3/PC_G_EU4" CO2="23843.37" CO="682.97" HC="3.74" NOx="10.15" PMx="0.71" fuel="10.25" electricity="0.00" noise="82.88" route="routebottom" type="cfm_slow" waiting="0.00" lane="bottom_0" pos="32.64" speed="46.49" angle="35.77" x="119.49" y="29.78"/>
        <vehicle id="cfm_slow_2" eclass="HBEFA3/PC_G_EU4" CO2="18104.06" CO="573.80" HC="3.10" NOx="7.43" PMx="0.56" fuel="7.78" electricity="0.00" noise="81.75" route="routebottom" type="cfm_slow" waiting="0.00" lane="right_0" pos="22.64" speed="46.91" angle="323.72" x="113.13" y="106.29"/>
        <vehicle id="cfm_slow_3" eclass="HBEFA3/PC_G_EU4" CO2="0.00" CO="0.00" HC="0.00" NOx="0.00" PMx="0.00" fuel="0.00" electricity="0.00" noise="80.89" route="routetop" type="cfm_slow" waiting="0.00" lane="top_0" pos="13.03" speed="46.81" angle="251.06" x="37.66" y="123.57"/>
        <vehicle id="cfm_slow_4" eclass="HBEFA3/PC_G_EU4" CO2="15598.32" CO="510.00" HC="2.75" NOx="6.26" PMx="0.49" fuel="6.71" electricity="0.00" noise="81.13" route="routetop" type="cfm_slow" waiting="0.00" lane="left_0" pos="3.27" speed="46.34" angle="178.62" x="-1.29" y="56.94"/>
    </timestep>
    <timestep time="6.07">
        <vehicle id="cfm_slow_0" eclass="HBEFA3/PC_G_EU4" CO2="25683.04" CO="707.42" HC="3.89" NOx="11.03" PMx="0.75" fuel="11.04" electricity="0.00" noise="83.19" route="routetop" type="cfm_slow" waiting="0.00" lane="left_0" pos="43.76" speed="45.85" angle="105.80" x="50.93" y="-0.39"/>
        <vehicle id="cfm_slow_1" eclass="HBEFA3/PC_G_EU4" CO2="23748.33" CO="681.19" HC="3.73" NOx="10.11" PMx="0.71" fuel="10.21" electricity="0.00" noise="82.86" route="routebottom" type="cfm_slow" waiting="0.00" lane="bottom_0" pos="33.11" speed="46.50" angle="34.90" x="119.98" y="30.60"/>
        <vehicle id="cfm_slow_2" eclass="HBEFA3/PC_G_EU4" CO2="18013.17" CO="572.00" HC="3.09" NOx="7.39" PMx="0.56" fuel="7.74" electricity="0.00" noise="81.74" route="routebottom" type="cfm_slow" waiting="0.00" lane="right_0" pos="23.11" speed="46.92" angle="322.94" x="112.51" y="107.02"/>
        <vehicle id="cfm_slow_3" eclass="HBEFA3/PC_G_EU4" CO2="0.00" CO="0.00" HC="0.00" NOx="0.00" PMx="0.00" fuel="0.00" electricity="0.00" noise="80.88" route="routetop" type="cfm_slow" waiting="0.00" lane="top_0" pos="13.50" speed="46.81" angle="250.19" x="36.78" y="123.17"/>
        <vehicle id="cfm_slow_4" eclass="HBEFA3/PC_G_EU4" CO2="15621.31" CO="510.51" HC="2.75" NOx="6.27" PMx="0.49" fuel="6.71" electricity="0.00" noise="81.14" route="routetop" type="cfm_slow" waiting="0.00" lane="left_0" pos="3.73" speed="46.34" angle="177.77" x="-1.20" y="55.99"/>
    </timestep>
    <timestep time="6.08">
        <vehicle id="cfm_slow_0" eclass="HBEFA3/PC_G_EU4" CO2="25626.60" CO="706.47" HC="3.89" NOx="11.00" PMx="0.75" fuel="11.02" electricity="0.00" noise="83.17" route="routetop" type="cfm_slow" waiting="0.00" lane="left_0" pos="44.22" speed="45.86" angle="104.94" x="51.85" y="-0.56"/>
        <vehicle id="cfm_slow_1" eclass="HBEFA3/PC_G_EU4" CO2="23653.64" CO="679.42" HC="3.72" NOx="10.06" PMx="0.71" fuel="10.17" electricity="0.00" noise="82.84" route="routebottom" type="cfm_slow" waiting="0.00" lane="bottom_0" pos="33.57" speed="46.51" angle="34.10" x="120.45" y="31.43"/>
        <vehicle id="cfm_slow_2" eclass="HBEFA3/PC_G_EU4" CO2="17923.26" CO="570.22" HC="3.08" NOx="7.35" PMx="0.56" fuel="7.70" electricity="0.00" noise="81.72" route="routebottom" type="cfm_slow" waiting="0.00" lane="right_0" pos="23.58" speed="46.92" angle="322.08" x="111.86" y="107.73"/>
        <vehicle id="cfm_slow_3" eclass="HBEFA3/PC_G_EU4" CO2="0.00" CO="0.00" HC="0.00" NOx="0.00" PMx="0.00" fuel="0.00" electricity="0.00" noise="80.88" route="routetop" type="cfm_slow" waiting="0.00" lane="top_0" pos="13.96" speed="46.81" angle="249.31" x="35.91" y="122.78"/>
        <vehicle id="cfm_slow_4" eclass="HBEFA3/PC_G_EU4" CO2="15644.26" CO="511.02" HC="2.75" NOx="6.28" PMx="0.49" fuel="6.72" electricity="0.00" noise="81.14" route="routetop" type="cfm_slow" waiting="0.00" lane="left_0" pos="4.20" speed="46.34" angle="176.97" x="-1.07" y="55.05"/>
    </timestep>
    <timestep time="6.09">
        <vehicle id="cfm_slow_0" eclass="HBEFA3/PC_G_EU4" CO2="25570.13" CO="705.52" HC="3.88" NOx="10.98" PMx="0.75" fuel="10.99" electricity="0.00" noise="83.16" route="routetop" type="cfm_slow" waiting="0.00" lane="left_0" pos="44.68" speed="45.87" angle="104.09" x="52.78" y="-0.73"/>
        <vehicle id="cfm_slow_1" eclass="HBEFA3/PC_G_EU4" CO2="23559.32" CO="677.65" HC="3.71" NOx="10.02" PMx="0.70" fuel="10.13" electricity="0.00" noise="82.82" route="routebottom" type="cfm_slow" waiting="0.00" lane="bottom_0" pos="34.04" speed="46.52" angle="33.26" x="120.91" y="32.26"/>
        <vehicle id="cfm_slow_2" eclass="HBEFA3/PC_G_EU4" CO2="17834.33" CO="568.46" HC="3.07" NOx="7.31" PMx="0.56" fuel="7.67" electricity="0.00" noise="81.70" route="routebottom" type="cfm_slow" waiting="0.00" lane="right_0" pos="24.05" speed="46.92" angle="321.22" x="111.20" y="108.43"/>
        <vehicle id="cfm_slow_3" eclass="HBEFA3/PC_G_EU4" CO2="0.00" CO="0.00" HC="0.00" NOx="0.00" PMx="0.00" fuel="0.00" electricity="0.00" noise="80.88" route="routetop" type="cfm_slow" waiting="0.00" lane="top_0" pos="14.43" speed="46.81" angle="248.50" x="35.04" y="122.36"/>
        <vehicle id="cfm_slow_4" eclass="HBEFA3/PC_G_EU4" CO2="15667.18" CO="511.53" HC="2.75" NOx="6.30" PMx="0.50" fuel="6.73" electricity="0.00" noise="81.15" route="routetop" type="cfm_slow" waiting="0.00" lane="left_0" pos="4.66" speed="46.34" angle="176.13" x="-0.94" y="54.11"/>
    </timestep>
    <timestep time="6.10">
        <vehicle id="cfm_slow_0" eclass="HBEFA3/PC_G_EU4" CO2="25513.65" CO="704.57" HC="3.88" NOx="10.95" PMx="0.75" fuel="10.97" electricity="0.00" noise="83.15" route="routetop" type="cfm_slow" waiting="0.00" lane="left_0" pos="45.14" speed="45.88" angle="103.31" x="53.70" y="-0.88"/>
        <vehicle id="cfm_slow_1" eclass="HBEFA3/PC_G_EU4" CO2="23465.37" CO="675.89" HC="3.70" NOx="9.97" PMx="0.70" fuel="10.09" electricity="0.00" noise="82.80" route="routebottom" type="cfm_slow" waiting="0.00" lane="bottom_0" pos="34.50" speed="46.52" angle="32.43" x="121.38" y="33.10"/>
        <vehicle id="cfm_slow_2" eclass="HBEFA3/PC_G_EU4" CO2="17746.37" CO="566.72" HC="3.06" NOx="7.27" PMx="0.56" fuel="7.63" electricity="0.00" noise="81.69" route="routebottom" type="cfm_slow" waiting="0.00" lane="right_0" pos="24.51" speed="46.93" angle="320.42" x="110.54" y="109.13"/>
        <vehicle id="cfm_slow_3" eclass="HBEFA3/PC_G_EU4" CO2="0.00" CO="0.00" HC="0.00" NOx="0.00" PMx="0.00" fuel="0.00" electricity="0.00" noise="80.87" route="routetop" type="cfm_slow" waiting="0.00" lane="top_0" pos="14.90" speed="46.81" angle="247.63" x="34.18" y="121.93"/>
        <vehicle id="cfm_slow_4" eclass="HBEFA3/PC_G_EU4" CO2="15690.05" CO="512.04" HC="2.76" NOx="6.31" PMx="0.50" fuel="6.74" electricity="0.00" noise="81.15" route="routetop" type="cfm_slow" waiting="0.00" lane="left_0" pos="5.12" speed="46.35" angle="175.30" x="-0.81" y="53.17"/>
    </timestep>
    <timestep time="6.11">
        <vehicle id="cfm_slow_0" eclass="HBEFA3/PC_G_EU4" CO2="25457.14" CO="703.62" HC="3.87" NOx="10.92" PMx="0.75" fuel="10.94" electricity="0.00" noise="83.14" route="routetop" type="cfm_slow" waiting="0.00" lane="left_0" pos="45.60" speed="45.89" angle="102.47" x="54.64" y="-1.02"/>
        <vehicle id="cfm_slow_1" eclass="HBEFA3/PC_G_EU4" CO2="23371.78" CO="674.13" HC="3.69" NOx="9.93" PMx="0.70" fuel="10.05" electricity="0.00" noise="82.78" route="routebottom" type="cfm_slow" waiting="0.00" lane="bottom_0" pos="34.97" speed="46.53" angle="31.61" x="121.81" y="33.95"/>
        <vehicle id="cfm_slow_2" eclass="HBEFA3/PC_G_EU4" CO2="17659.38" CO="565.00" HC="3.05" NOx="7.22" PMx="0.55" fuel="7.59" electricity="0.00" noise="81.67" route="routebottom" type="cfm_slow" waiting="0.00" lane="right_0" pos="24.98" speed="46.93" angle="319.56" x="109.86" y="109.81"/>
        <vehicle id="cfm_slow_3" eclass="HBEFA3/PC_G_EU4" CO2="0.00" CO="0.00" HC="0.00" NOx="0.00" PMx="0.00" fuel="0.00" electricity="0.00" noise="80.87" route="routetop" type="cfm_slow" waiting="0.00" lane="top_0" pos="15.37" speed="46.81" angle="246.83" x="33.33" y="121.50"/>
        <vehicle id="cfm_slow_4" eclass="HBEFA3/PC_G_EU4" CO2="15712.87" CO="512.55" HC="2.76" NOx="6.32" PMx="0.50" fuel="6.75" electricity="0.00" noise="81.16" route="routetop" type="cfm_slow" waiting="0.00" lane="left_0" pos="5.59" speed="46.35" angle="174.43" x="-0.63" y="52.23"/>
    </timestep>
    <timestep time="6.12">
        <vehicle id="cfm_slow_0" eclass="HBEFA3/PC_G_EU4" CO2="25400.61" CO="702.67" HC="3.87" NOx="10.90" PMx="0.75" fuel="10.92" electricity="0.00" noise="83.12" route="routetop" type="cfm_slow" waiting="0.00" lane="left_0" pos="46.06" speed="45.90" angle="101.64" x="55.57" y="-1.15"/>
        <vehicle id="cfm_slow_1" eclass="HBEFA3/PC_G_EU4" CO2="23278.57" CO="672.38" HC="3.68" NOx="9.88" PMx="0.70" fuel="10.01" electricity="0.00" noise="82.76" route="routebottom" type="cfm_slow" waiting="0.00" lane="bottom_0" pos="35.43" speed="46.54" angle="30.75" x="122.24" y="34.80"/>
        <vehicle id="cfm_slow_2" eclass="HBEFA3/PC_G_EU4" CO2="17573.36" CO="563.29" HC="3.04" NOx="7.18" PMx="0.55" fuel="7.55" electricity="0.00" noise="81.66" route="routebottom" type="cfm_slow" waiting="0.00" lane="right_0" pos="25.45" speed="46.93" angle="318.70" x="109.18" y="110.49"/>
        <vehicle id="cfm_slow_3" eclass="HBEFA3/PC_G_EU4" CO2="0.00" CO="0.00" HC="0.00" NOx="0.00" PMx="0.00" fuel="0.00" electricity="0.00" noise="80.87" route="routetop" type="cfm_slow" waiting="0.00" lane="top_0" pos="15.84" speed="46.81" angle="245.99" x="32.49" y="121.04"/>
        <vehicle id="cfm_slow_4" eclass="HBEFA3/PC_G_EU4" CO2="15735.64" CO="513.06" HC="2.76" NOx="6.33" PMx="0.50" fuel="6.76" electricity="0.00" noise="81.16" route="routetop" type="cfm_slow" waiting="0.00" lane="left_0" pos="6.05" speed="46.35" angle="173.56" x="-0.46" y="51.30"/>
    </timestep>
    <timestep time="6.13">
        <vehicle id="cfm_slow_0" eclass="HBEFA3/PC_G_EU4" CO2="25344.06" CO="701.71" HC="3.86" NOx="10.87" PMx="0.74" fuel="10.89" electricity="0.00" noise="83.11" route="routetop" type="cfm_slow" waiting="0.00" lane="left_0" pos="46.52" speed="45.91" angle="100.83" x="56.50" y="-1.25"/>
        <vehicle id="cfm_slow_1" eclass="HBEFA3/PC_G_EU4" CO2="23185.74" CO="670.64" HC="3.67" NOx="9.84" PMx="0.69" fuel="9.97" electricity="0.00" noise="82.74" route="routebottom" type="cfm_slow" waiting="0.00" lane="bottom_0" pos="35.90" speed="46.55" angle="29.94" x="122.67" y="35.65"/>
        <vehicle id="cfm_slow_2" eclass="HBEFA3/PC_G_EU4" CO2="17488.30" CO="561.60" HC="3.03" NOx="7.14" PMx="0.55" fuel="7.52" electricity="0.00" noise="81.64" route="routebottom" type="cfm_slow" waiting="0.00" lane="right_0" pos="25.92" speed="46.94" angle="317.90" x="108.48" y="111.16"/>
        <vehicle id="cfm_slow_3" eclass="HBEFA3/PC_G_EU4" CO2="0.00" CO="0.00" HC="0.00" NOx="0.00" PMx="0.00" fuel="0.00" electricity="0.00" noise="80.86" route="routetop" type="cfm_slow" waiting="0.00" lane="top_0" pos="16.31" speed="46.81" angle="245.15" x="31.65" y="120.57"/>
        <vehicle id="cfm_slow_4" eclass="HBEFA3/PC_G_EU4" CO2="15758.34" CO="513.57" HC="2.77" NOx="6.34" PMx="0.50" fuel="6.77" electricity="0.00" noise="81.17" route="routetop" type="cfm_slow" waiting="0.00" lane="left_0" pos="6.51" speed="46.35" angle="172.76" x="-0.28" y="50.37"/>
    </timestep>
    <timestep time="6.14">
        <vehicle id="cfm_slow_0" eclass="HBEFA3/PC_G_EU4" CO2="25287.49" CO="700.76" HC="3.85" NOx="10.84" PMx="0.74" fuel="10.87" electricity="0.00" noise="83.10" route="routetop" type="cfm_slow" waiting="0.00" lane="left_0" pos="46.98" speed="45.92" angle="99.98" x="57.44" y="-1.34"/>
        <vehicle id="cfm_slow_1" eclass="HBEFA3/PC_G_EU4" CO2="23093.29" CO="668.90" HC="3.66" NOx="9.80" PMx="0.69" fuel="9.93" electricity="0.00" noise="82.72" route="routebottom" type="cfm_slow" waiting="0.00" lane="bottom_0" pos="36.37" speed="46.56" angle="29.05" x="123.06" y="36.52"/>
        <vehicle id="cfm_slow_2" eclass="HBEFA3/PC_G_EU4" CO2="17404.20" CO="559.94" HC="3.02" NOx="7.10" PMx="0.55" fuel="7.48" electricity="0.00" noise="81.63" route="routebottom" type="cfm_slow" waiting="0.00" lane="right_0" pos="26.39" speed="46.94" angle="317.05" x="107.78" y="111.81"/>
        <vehicle id="cfm_slow_3" eclass="HBEFA3/PC_G_EU4" CO2="0.00" CO="0.00" HC="0.00" NOx="0.00" PMx="0.00" fuel="0.00" electricity="0.00" noise="80.86" route="routetop" type="cfm_slow" waiting="0.00" lane="top_0" pos="16.77" speed="46.81" angle="244.35" x="30.81" y="120.10"/>
        <vehicle id="cfm_slow_4" eclass="HBEFA3/PC_G_EU4" CO2="15780.96" CO="514.07" HC="2.77" NOx="6.35" PMx="0.50" fuel="6.78" electricity="0.00" noise="81.17" route="routetop" type="cfm_slow" waiting="0.00" lane="left_0" pos="6.98" speed="46.35" angle="171.90" x="-0.07" y="49.44"/>
    </timestep>
    <timestep time="6.15">
        <vehicle id="cfm_slow_0" eclass="HBEFA3/PC_G_EU4" CO2="25230.90" CO="699.80" HC="3.85" NOx="10.82" PMx="0.74" fuel="10.85" electricity="0.00" noise="83.09" route="routetop" type="cfm_slow" waiting="0.00" lane="left_0" pos="47.44" speed="45.93" angle="99.18" x="58.38" y="-1.44"/>
        <vehicle id="cfm_slow_1" eclass="HBEFA3/PC_G_EU4" CO2="23001.21" CO="667.17" HC="3.65" NOx="9.75" PMx="0.69" fuel="9.89" electricity="0.00" noise="82.70" route="routebottom" type="cfm_slow" waiting="0.00" lane="bottom_0" pos="36.83" speed="46.56" angle="28.16" x="123.45" y="37.40"/>
        <vehicle id="cfm_slow_2" eclass="HBEFA3/PC_G_EU4" CO2="17321.05" CO="558.28" HC="3.01" NOx="7.06" PMx="0.54" fuel="7.45" electricity="0.00" noise="81.61" route="routebottom" type="cfm_slow" waiting="0.00" lane="right_0" pos="26.86" speed="46.94" angle="316.22" x="107.07" y="112.47"/>
        <vehicle id="cfm_slow_3" eclass="HBEFA3/PC_G_EU4" CO2="0.00" CO="0.00" HC="0.00" NOx="0.00" PMx="0.00" fuel="0.00" electricity="0.00" noise="80.86" route="routetop" type="cfm_slow" waiting="0.00" lane="top_0" pos="17.24" speed="46.81" angle="243.49" x="29.99" y="119.61"/>
        <vehicle id="cfm_slow_4" eclass="HBEFA3/PC_G_EU4" CO2="15803.52" CO="514.58" HC="2.77" NOx="6.36" PMx="0.50" fuel="6.79" electricity="0.00" noise="81.18" route="routetop" type="cfm_slow" waiting="0.00" lane="left_0" pos="7.44" speed="46.36" angle="171.04" x="0.14" y="48.51"/>
    </timestep>
    <timestep time="6.16">
        <vehicle id="cfm_slow_0" eclass="HBEFA3/PC_G_EU4" CO2="25174.29" CO="698.84" HC="3.84" NOx="10.79" PMx="0.74" fuel="10.82" electricity="0.00" noise="83.08" route="routetop" type="cfm_slow" waiting="0.00" lane="left_0" pos="47.90" speed="45.94" angle="98.33" x="59.32" y="-1.50"/>
        <vehicle id="cfm_slow_1" eclass="HBEFA3/PC_G_EU4" CO2="22909.52" CO="665.45" HC="3.64" NOx="9.71" PMx="0.69" fuel="9.85" electricity="0.00" noise="82.68" route="routebottom" type="cfm_slow" waiting="0.00" lane="bottom_0" pos="37.30" speed="46.57" angle="27.36" x="123.83" y="38.27"/>
        <vehicle id="cfm_slow_2" eclass="HBEFA3/PC_G_EU4" CO2="17238.86" CO="556.65" HC="3.00" NOx="7.03" PMx="0.54" fuel="7.41" electricity="0.00" noise="81.60" route="routebottom" type="cfm_slow" waiting="0.00" lane="right_0" pos="27.33" speed="46.94" angle="315.33" x="106.34" y="113.09"/>
        <vehicle id="cfm_slow_3" eclass="HBEFA3/PC_G_EU4" CO2="0.00" CO="0.00" HC="0.00" NOx="0.00" PMx="0.00" fuel="0.00" electricity="0.00" noise="80.85" route="routetop" type="cfm_slow" waiting="0.00" lane="top_0" pos="17.71" speed="46.81" angle="242.63" x="29.16" y="119.12"/>
        <vehicle id="cfm_slow_4" eclass="HBEFA3/PC_G_EU4" CO2="15825.99" CO="515.08" HC="2.77" NOx="6.37" PMx="0.50" fuel="6.80" electricity="0.00" noise="81.18" route="routetop" type="cfm_slow" waiting="0.00" lane="left_0" pos="7.91" speed="46.36" angle="170.24" x="0.37" y="47.59"/>
    </timestep>
    <timestep time="6.17">
        <vehicle id="cfm_slow_0" eclass="HBEFA3/PC_G_EU4" CO2="25117.67" CO="697.88" HC="3.84" NOx="10.76" PMx="0.74" fuel="10.80" electricity="0.00" noise="83.06" route="routetop" type="cfm_slow" waiting="0.00" lane="left_0" pos="48.35" speed="45.95" angle="97.49" x="60.26" y="-1.55"/>
        <vehicle id="cfm_slow_1" eclass="HBEFA3/PC_G_EU4" CO2="22818.22" CO="663.73" HC="3.63" NOx="9.67" PMx="0.68" fuel="9.81" electricity="0.00" noise="82.66" route="routebottom" type="cfm_slow" waiting="0.00" lane="bottom_0" pos="37.76" speed="46.58" angle="26.50" x="124.18" y="39.16"/>
        <vehicle id="cfm_slow_2" eclass="HBEFA3/PC_G_EU4" CO2="17157.61" CO="555.04" HC="2.99" NOx="6.99" PMx="0.54" fuel="7.38" electricity="0.00" noise="81.58" route="routebottom" type="cfm_slow" waiting="0.00" lane="right_0" pos="27.80" speed="46.95" angle="314.41" x="105.60" y="113.71"/>
        <vehicle id="cfm_slow_3" eclass="HBEFA3/PC_G_EU4" CO2="0.00" CO="0.00" HC="0.00" NOx="0.00" PMx="0.00" fuel="0.00" electricity="0.00" noise="80.85" route="routetop" type="cfm_slow" waiting="0.00" lane="top_0" pos="18.18" speed="46.81" angle="241.82" x="28.35" y="118.60"/>
        <vehicle id="cfm_slow_4" eclass="HBEFA3/PC_G_EU4" CO2="15848.37" CO="515.58" HC="2.78" NOx="6.38" PMx="0.50" fuel="6.81" electricity="0.00" noise="81.18" route="routetop" type="cfm_slow" waiting="0.00" lane="left_0" pos="8.37" speed="46.36" angle="169.38" x="0.61" y="46.67"/>
    </timestep>
    <timestep time="6.18">
        <vehicle id="cfm_slow_0" eclass="HBEFA3/PC_G_EU4" CO2="25061.02" CO="696.92" HC="3.83" NOx="10.73" PMx="0.74" fuel="10.77" electricity="0.00" noise="83.05" route="routetop" type="cfm_slow" waiting="0.00" lane="left_0" pos="48.81" speed="45.96" angle="96.69" x="61.20" y="-1.60"/>
        <vehicle id="cfm_slow_1" eclass="HBEFA3/PC_G_EU4" CO2="22727.31" CO="662.01" HC="3.62" NOx="9.62" PMx="0.68" fuel="9.77" electricity="0.00" noise="82.64" route="routebottom" type="cfm_slow" waiting="0.00" lane="bottom_0" pos="38.23" speed="46.59" angle="25.65" x="124.54" y="40.05"/>
        <vehicle id="cfm_slow_2" eclass="HBEFA3/PC_G_EU4" CO2="17077.31" CO="553.44" HC="2.98" NOx="6.95" PMx="0.54" fuel="7.34" electricity="0.00" noise="81.57" route="routebottom" type="cfm_slow" waiting="0.00" lane="right_0" pos="28.27" speed="46.95" angle="313.57" x="104.86" y="114.33"/>
        <vehicle id="cfm_slow_3" eclass="HBEFA3/PC_G_EU4" CO2="0.00" CO="0.00" HC="0.00" NOx="0.00" PMx="0.00" fuel="0.00" electricity="0.00" noise="80.85" route="routetop" type="cfm_slow" waiting="0.00" lane="top_0" pos="18.65" speed="46.81" angle="240.93" x="27.55" y="118.07"/>
        <vehicle id="cfm_slow_4" eclass="HBEFA3/PC_G_EU4" CO2="15870.66" CO="516.08" HC="2.78" NOx="6.39" PMx="0.50" fuel="6.82" electricity="0.00" noise="81.19" route="routetop" type="cfm_slow" waiting="0.00" lane="left_0" pos="8.83" speed="46.36" angle="168.51" x="0.86" y="45.75"/>
    </timestep>
    <timestep time="6.19">
        <vehicle id="cfm_slow_0" eclass="HBEFA3/PC_G_EU4" CO2="25004.36" CO="695.96" HC="3.83" NOx="10.71" PMx="0.74" fuel="10.75" electricity="0.00" noise="83.04" route="routetop" type="cfm_slow" waiting="0.00" lane="left_0" pos="49.27" speed="45.97" angle="95.83" x="62.14" y="-1.62"/>
        <vehicle id="cfm_slow_1" eclass="HBEFA3/PC_G_EU4" CO2="22636.78" CO="660.31" HC="3.61" NOx="9.58" PMx="0.68" fuel="9.73" electricity="0.00" noise="82.62" route="routebottom" type="cfm_slow" waiting="0.00" lane="bottom_0" pos="38.69" speed="46.59" angle="24.85" x="124.88" y="40.94"/>
        <vehicle id="cfm_slow_2" eclass="HBEFA3/PC_G_EU4" CO2="16997.94" CO="551.86" HC="2.97" NOx="6.91" PMx="0.54" fuel="7.31" electricity="0.00" noise="81.56" route="routebottom" type="cfm_slow" waiting="0.00" lane="right_0" pos="28.74" speed="46.95" angle="312.71" x="104.10" y="114.92"/>
        <vehicle id="cfm_slow_3" eclass="HBEFA3/PC_G_EU4" CO2="0.00" CO="0.00" HC="0.00" NOx="0.00" PMx="0.00" fuel="0.00" electricity="0.00" noise="80.85" route="routetop" type="cfm_slow" waiting="0.00" lane="top_0" pos="19.11" speed="46.81" angle="240.04" x="26.75" y="117.54"/>
        <vehicle id="cfm_slow_4" eclass="HBEFA3/PC_G_EU4" CO2="15892.85" CO="516.58" HC="2.78" NOx="6.40" PMx="0.50" fuel="6.83" electricity="0.00" noise="81.19" route="routetop" type="cfm_slow" waiting="0.00" lane="left_0" pos="9.30" speed="46.36" angle="167.72" x="1.13" y="44.84"/>
    </timestep>
    <timestep time="6.20">
        <vehicle id="cfm_slow_0" eclass="HBEFA3/PC_G_EU4" CO2="24947.69" CO="694.99" HC="3.82" NOx="10.68" PMx="0.73" fuel="10.72" electricity="0.00" noise="83.03" route="routetop" type="cfm_slow" waiting="0.00" lane="left_0" pos="49.73" speed="45.98" angle="94.97" x="63.08" y="-1.64"/>
        <vehicle id="cfm_slow_1" eclass="HBEFA3/PC_G_EU4" CO2="22546.66" CO="658.61" HC="3.60" NOx="9.54" PMx="0.68" fuel="9.69" electricity="0.00" noise="82.60" route="routebottom" type="cfm_slow" waiting="0.00" lane="bottom_0" pos="39.16" speed="46.60" angle="24.01" x="125.20" y="41.84"/>
        <vehicle id="cfm_slow_2" eclass="HBEFA3/PC_G_EU4" CO2="16919.51" CO="550.30" HC="2.96" NOx="6.88" PMx="0.53" fuel="7.27" electricity="0.00" noise="81.54" route="routebottom" type="cfm_slow" waiting="0.00" lane="right_0" pos="29.21" speed="46.95" angle="311.86" x="103.35" y="115.51"/>
        <vehicle id="cfm_slow_3" eclass="HBEFA3/PC_G_EU4" CO2="0.00" CO="0.00" HC="0.00" NOx="0.00" PMx="0.00" fuel="0.00" electricity="0.00" noise="80.84" route="routetop" type="cfm_slow" waiting="0.00" lane="top_0" pos="19.58" speed="46.80" angle="239.22" x="25.97" y="116.98"/>
        <vehicle id="cfm_slow_4" eclass="HBEFA3/PC_G_EU4" CO2="15914.94" CO="517.08" HC="2.79" NOx="6.41" PMx="0.50" fuel="6.84" electricity="0.00" noise="81.20" route="routetop" type="cfm_slow" waiting="0.00" lane="left_0" pos="9.76" speed="46.37" angle="166.87" x="1.41" y="43.93"/>
    </timestep>
    <timestep time="6.21">
        <vehicle id="cfm_slow_0" eclass="HBEFA3/PC_G_EU4" CO2="24891.00" CO="694.03" HC="3.81" NOx="10.65" PMx="0.73" fuel="10.70" electricity="0.00" noise="83.02" route="routebottom" type="cfm_slow" waiting="0.00" lane="bottom_0" pos="0.19" speed="45.99" angle="94.14" x="64.09" y="-1.64"/>
        <vehicle id="cfm_slow_1" eclass="HBEFA3/PC_G_EU4" CO2="22456.93" CO="656.92" HC="3.59" NOx="9.49" PMx="0.68" fuel="9.65" electricity="0.00" noise="82.58" route="routebottom" type="cfm_slow" waiting="0.00" lane="bottom_0" pos="39.63" speed="46.61" angle="23.18" x="125.53" y="42.73"/>
        <vehicle id="cfm_slow_2" eclass="HBEFA3/PC_G_EU4" CO2="16842.01" CO="548.76" HC="2.95" NOx="6.84" PMx="0.53" fuel="7.24" electricity="0.00" noise="81.53" route="routebottom" type="cfm_slow" waiting="0.00" lane="right_0" pos="29.68" speed="46.96" angle="311.06" x="102.58" y="116.09"/>
        <vehicle id="cfm_slow_3" eclass="HBEFA3/PC_G_EU4" CO2="0.00" CO="0.00" HC="0.00" NOx="0.00" PMx="0.00" fuel="0.00" electricity="0.00" noise="80.84" route="routetop" type="cfm_slow" waiting="0.00" lane="top_0" pos="20.05" speed="46.80" angle="238.35" x="25.19" y="116.42"/>
        <vehicle id="cfm_slow_4" eclass="HBEFA3/PC_G_EU4" CO2="15936.92" CO="517.58" HC="2.79" NOx="6.42" PMx="0.50" fuel="6.85" electricity="0.00" noise="81.20" route="routetop" type="cfm_slow" waiting="0.00" lane="left_0" pos="10.22" speed="46.37" angle="166.08" x="1.70" y="43.03"/>
    </timestep>
    <timestep time="6.22">
        <vehicle id="cfm_slow_0" eclass="HBEFA3/PC_G_EU4" CO2="24834.29" CO="693.06" HC="3.81" NOx="10.63" PMx="0.73" fuel="10.68" electricity="0.00" noise="83.01" route="routebottom" type="cfm_slow" waiting="0.00" lane="bottom_0" pos="0.65" speed="46.00" angle="93.30" x="65.03" y="-1.62"/>
        <vehicle id="cfm_slow_1" eclass="HBEFA3/PC_G_EU4" CO2="22367.60" CO="655.23" HC="3.58" NOx="9.45" PMx="0.67" fuel="9.61" electricity="0.00" noise="82.57" route="routebottom" type="cfm_slow" waiting="0.00" lane="bottom_0" pos="40.09" speed="46.62" angle="22.38" x="125.83" y="43.64"/>
        <vehicle id="cfm_slow_2" eclass="HBEFA3/PC_G_EU4" CO2="16765.44" CO="547.24" HC="2.95" NOx="6.80" PMx="0.53" fuel="7.21" electricity="0.00" noise="81.52" route="routebottom" type="cfm_slow" waiting="0.00" lane="right_0" pos="30.15" speed="46.96" angle="310.20" x="101.80" y="116.66"/>
        <vehicle id="cfm_slow_3" eclass="HBEFA3/PC_G_EU4" CO2="0.00" CO="0.00" HC="0.00" NOx="0.00" PMx="0.00" fuel="0.00" electricity="0.00" noise="80.84" route="routetop" type="cfm_slow" waiting="0.00" lane="top_0" pos="20.52" speed="46.80" angle="237.54" x="24.42" y="115.86"/>
        <vehicle id="cfm_slow_4" eclass="HBEFA3/PC_G_EU4" CO2="15958.78" CO="518.07" HC="2.79" NOx="6.43" PMx="0.50" fuel="6.86" electricity="0.00" noise="81.21" route="routetop" type="cfm_slow" waiting="0.00" lane="left_0" pos="10.69" speed="46.37" angle="165.23" x="2.02" y="42.13"/>
    </timestep>
    <timestep time="6.23">
        <vehicle id="cfm_slow_0" eclass="HBEFA3/PC_G_EU4" CO2="24777.58" CO="692.09" HC="3.80" NOx="10.60" PMx="0.73" fuel="10.65" electricity="0.00" noise="82.99" route="routebottom" type="cfm_slow" waiting="0.00" lane="bottom_0" pos="1.11" speed="46.01" angle="92.46" x="65.97" y="-1.61"/>
        <vehicle id="cfm_slow_1" eclass="HBEFA3/PC_G_EU4" CO2="22278.67" CO="653.55" HC="3.57" NOx="9.41" PMx="0.67" fuel="9.58" electricity="0.00" noise="82.55" route="routebottom" type="cfm_slow" waiting="0.00" lane="bottom_0" pos="40.56" speed="46.62" angle="21.51" x="126.11" y="44.56"/>
        <vehicle id="cfm_slow_2" eclass="HBEFA3/PC_G_EU4" CO2="16689.79" CO="545.73" HC="2.94" NOx="6.77" PMx="0.53" fuel="7.17" electricity="0.00" noise="81.50" route="routebottom" type="cfm_slow" waiting="0.00" lane="right_0" pos="30.62" speed="46.96" angle="309.34" x="101.02" y="117.22"/>
        <vehicle id="cfm_slow_3" eclass="HBEFA3/PC_G_EU4" CO2="0.00" CO="0.00" HC="0.00" NOx="0.00" PMx="0.00" fuel="0.00" electricity="0.00" noise="80.84" route="routetop" type="cfm_slow" waiting="0.00" lane="top_0" pos="20.99" speed="46.80" angle="236.70" x="23.66" y="115.27"/>
        <vehicle id="cfm_slow_4" eclass="HBEFA3/PC_G_EU4" CO2="15980.53" CO="518.56" HC="2.79" NOx="6.44" PMx="0.50" fuel="6.87" electricity="0.00" noise="81.21" route="routetop" type="cfm_slow" waiting="0.00" lane="left_0" pos="11.15" speed="46.37" angle="164.36" x="2.34" y="41.24"/>
    </timestep>
    <timestep time="6.24">
        <vehicle id="cfm_slow_0" eclass="HBEFA3/PC_G_EU4" CO2="24720.85" CO="691.12" HC="3.80" NOx="10.57" PMx="0.73" fuel="10.63" electricity="0.00" noise="82.98" route="routebottom" type="cfm_slow" waiting="0.00" lane="bottom_0" pos="1.57" speed="46.02" angle="91.67" x="66.92" y="-1.56"/>
        <vehicle id="cfm_slow_1" eclass="HBEFA3/PC_G_EU4" CO2="22190.15" CO="651.88" HC="3.56" NOx="9.37" PMx="0.67" fuel="9.54" electricity="0.00" noise="82.53" route="routebottom" type="cfm_slow" waiting="0.00" lane="bottom_0" pos="41.03" speed="46.63" angle="20.71" x="126.39" y="45.47"/>
        <vehicle id="cfm_slow_2" eclass="HBEFA3/PC_G_EU4" CO2="16615.06" CO="544.24" HC="2.93" NOx="6.73" PMx="0.53" fuel="7.14" electricity="0.00" noise="81.49" route="routebottom" type="cfm_slow" waiting="0.00" lane="right_0" pos="31.09" speed="46.96" angle="308.54" x="100.22" y="117.77"/>
        <vehicle id="cfm_slow_3" eclass="HBEFA3/PC_G_EU4" CO2="0.00" CO="0.00" HC="0.00" NOx="0.00" PMx="0.00" fuel="0.00" electricity="0.00" noise="80.84" route="routetop" type="cfm_slow" waiting="0.00" lane="top_0" pos="21.45" speed="46.80" angle="235.85" x="22.91" y="114.68"/>
        <vehicle id="cfm_slow_4" eclass="HBEFA3/PC_G_EU4" CO2="16002.15" CO="519.05" HC="2.80" NOx="6.45" PMx="0.50" fuel="6.88" electricity="0.00" noise="81.22" route="routetop" type="cfm_slow" waiting="0.00" lane="left_0" pos="11.61" speed="46.37" angle="163.56" x="2.67" y="40.34"/>
    </timestep>
    <timestep time="6.25">
        <vehicle id="cfm_slow_0" eclass="HBEFA3/PC_G_EU4" CO2="24664.11" CO="690.15" HC="3.79" NOx="10.55" PMx="0.73" fuel="10.60" electricity="0.00" noise="82.97" route="routebottom" type="cfm_slow" waiting="0.00" lane="bottom_0" pos="2.03" speed="46.03" angle="90.83" x="67.86" y="-1.50"/>
        <vehicle id="cfm_slow_1" eclass="HBEFA3/PC_G_EU4" CO2="22102.04" CO="650.21" HC="3.55" NOx="9.33" PMx="0.67" fuel="9.50" electricity="0.00" noise="82.51" route="routebottom" type="cfm_slow" waiting="0.00" lane="bottom_0" pos="41.49" speed="46.64" angle="19.84" x="126.64" y="46.39"/>
        <vehicle id="cfm_slow_2" eclass="HBEFA3/PC_G_EU4" CO2="16541.24" CO="542.77" HC="2.92" NOx="6.70" PMx="0.52" fuel="7.11" electricity="0.00" noise="81.48" route="routebottom" type="cfm_slow" waiting="0.00" lane="right_0" pos="31.56" speed="46.97" angle="307.68" x="99.42" y="118.30"/>
        <vehicle id="cfm_slow_3" eclass="HBEFA3/PC_G_EU4" CO2="0.00" CO="0.00" HC="0.00" NOx="0.00" PMx="0.00" fuel="0.00" electricity="0.00" noise="80.83" route="routetop" type="cfm_slow" waiting="0.00" lane="top_0" pos="21.92" speed="46.80" angle="235.04" x="22.16" y="114.08"/>
        <vehicle id="cfm_slow_4" eclass="HBEFA3/PC_G_EU4" CO2="16023.64" CO="519.54" HC="2.80" NOx="6.46" PMx="0.50" fuel="6.89" electricity="0.00" noise="81.22" route="routetop" type="cfm_slow" waiting="0.00" lane="left_0" pos="12.08" speed="46.38" angle="162.73" x="3.02" y="39.46"/>
    </timestep>
    <timestep time="6.26">
        <vehicle id="cfm_slow_0" eclass="HBEFA3/PC_G_EU4" CO2="24607.36" CO="689.18" HC="3.78" NOx="10.52" PMx="0.73" fuel="10.58" electricity="0.00" noise="82.96" route="routebottom" type="cfm_slow" waiting="0.00" lane="bottom_0" pos="2.49" speed="46.04" angle="90.01" x="68.80" y="-1.45"/>
        <vehicle id="cfm_slow_1" eclass="HBEFA3/PC_G_EU4" CO2="22014.33" CO="648.55" HC="3.54" NOx="9.28" PMx="0.66" fuel="9.46" electricity="0.00" noise="82.49" route="routebottom" type="cfm_slow" waiting="0.00" lane="bottom_0" pos="41.96" speed="46.64" angle="18.96" x="126.88" y="47.32"/>
        <vehicle id="cfm_slow_2" eclass="HBEFA3/PC_G_EU4" CO2="16468.34" CO="541.31" HC="2.91" NOx="6.66" PMx="0.52" fuel="7.08" electricity="0.00" noise="81.46" route="routebottom" type="cfm_slow" waiting="0.00" lane="right_0" pos="32.03" speed="46.97" angle="306.88" x="98.62" y="118.84"/>
        <vehicle id="cfm_slow_3" eclass="HBEFA3/PC_G_EU4" CO2="0.00" CO="0.00" HC="0.00" NOx="0.00" PMx="0.00" fuel="0.00" electricity="0.00" noise="80.83" route="routetop" type="cfm_slow" waiting="0.00" lane="top_0" pos="22.39" speed="46.80" angle="234.17" x="21.42" y="113.46"/>
        <vehicle id="cfm_slow_4" eclass="HBEFA3/PC_G_EU4" CO2="16045.00" CO="520.02" HC="2.80" NOx="6.47" PMx="0.51" fuel="6.90" electricity="0.00" noise="81.22" route="routetop" type="cfm_slow" waiting="0.00" lane="left_0" pos="12.54" speed="46.38" angle="161.90" x="3.37" y="38.58"/>
    </timestep>
    <timestep time="6.27">
        <vehicle id="cfm_slow_0" eclass="HBEFA3/PC_G_EU4" CO2="24550.61" CO="688.20" HC="3.78" NOx="10.49" PMx="0.72" fuel="10.55" electricity="0.00" noise="82.95" route="routebottom" type="cfm_slow" waiting="0.00" lane="bottom_0" pos="2.96" speed="46.05" angle="89.19" x="69.74" y="-1.36"/>
        <vehicle id="cfm_slow_1" eclass="HBEFA3/PC_G_EU4" CO2="21927.04" CO="646.90" HC="3.53" NOx="9.24" PMx="0.66" fuel="9.43" electricity="0.00" noise="82.48" route="routebottom" type="cfm_slow" waiting="0.00" lane="bottom_0" pos="42.42" speed="46.65" angle="18.17" x="127.12" y="48.24"/>
        <vehicle id="cfm_slow_2" eclass="HBEFA3/PC_G_EU4" CO2="16396.34" CO="539.87" HC="2.90" NOx="6.63" PMx="0.52" fuel="7.05" electricity="0.00" noise="81.45" route="routebottom" type="cfm_slow" waiting="0.00" lane="right_0" pos="32.50" speed="46.97" angle="306.04" x="97.80" y="119.33"/>
        <vehicle id="cfm_slow_3" eclass="HBEFA3/PC_G_EU4" CO2="0.00" CO="0.00" HC="0.00" NOx="0.00" PMx="0.00" fuel="0.00" electricity="0.00" noise="80.83" route="routetop" type="cfm_slow" waiting="0.00" lane="top_0" pos="22.86" speed="46.80" angle="233.29" x="20.69" y="112.84"/>
        <vehicle id="cfm_slow_4" eclass="HBEFA3/PC_G_EU4" CO2="16066.22" CO="520.50" HC="2.81" NOx="6.48" PMx="0.51" fuel="6.91" electricity="0.00" noise="81.23" route="routetop" type="cfm_slow" waiting="0.00" lane="left_0" pos="13.01" speed="46.38" angle="161.12" x="3.74" y="37.70"/>
    </timestep>
    <timestep time="6.28">
        <vehicle id="cfm_slow_0" eclass="HBEFA3/PC_G_EU4" CO2="24493.84" CO="687.23" HC="3.77" NOx="10.47" PMx="0.72" fuel="10.53" electricity="0.00" noise="82.93" route="routebottom" type="cfm_slow" waiting="0.00" lane="bottom_0" pos="3.42" speed="46.06" angle="88.36" x="70.68" y="-1.26"/>
        <vehicle id="cfm_slow_1" eclass="HBEFA3/PC_G_EU4" CO2="21840.16" CO="645.25" HC="3.52" NOx="9.20" PMx="0.66" fuel="9.39" electricity="0.00" noise="82.46" route="routebottom" type="cfm_slow" waiting="0.00" lane="bottom_0" pos="42.89" speed="46.66" angle="17.35" x="127.33" y="49.18"/>
        <vehicle id="cfm_slow_2" eclass="HBEFA3/PC_G_EU4" CO2="16325.23" CO="538.45" HC="2.90" NOx="6.59" PMx="0.52" fuel="7.02" electricity="0.00" noise="81.44" route="routebottom" type="cfm_slow" waiting="0.00" lane="right_0" pos="32.97" speed="46.97" angle="305.18" x="96.97" y="119.83"/>
        <vehicle id="cfm_slow_3" eclass="HBEFA3/PC_G_EU4" CO2="0.00" CO="0.00" HC="0.00" NOx="0.00" PMx="0.00" fuel="0.00" electricity="0.00" noise="80.83" route="routetop" type="cfm_slow" waiting="0.00" lane="top_0" pos="23.33" speed="46.80" angle="232.50" x="19.97" y="112.20"/>
        <vehicle id="cfm_slow_4" eclass="HBEFA3/PC_G_EU4" CO2="16087.29" CO="520.98" HC="2.81" NOx="6.49" PMx="0.51" fuel="6.92" electricity="0.00" noise="81.23" route="routetop" type="cfm_slow" waiting="0.00" lane="left_0" pos="13.47" speed="46.38" angle="160.27" x="4.12" y="36.83"/>
    </timestep>
    <timestep time="6.29">
        <vehicle id="cfm_slow_0" eclass="HBEFA3/PC_G_EU4" CO2="24437.08" CO="686.25" HC="3.77" NOx="10.44" PMx="0.72" fuel="10.50" electricity="0.00" noise="82.92" route="routebottom" type="cfm_slow" waiting="0.00" lane="bottom_0" pos="3.88" speed="46.07" angle="87.56" x="71.62" y="-1.17"/>
        <vehicle id="cfm_slow_1" eclass="HBEFA3/PC_G_EU4" CO2="21753.70" CO="643.62" HC="3.51" NOx="9.16" PMx="0.66" fuel="9.35" electricity="0.00" noise="82.44" route="routebottom" type="cfm_slow" waiting="0.00" lane="bottom_0" pos="43.36" speed="46.66" angle="16.53" x="127.55" y="50.11"/>
        <vehicle id="cfm_slow_2" eclass="HBEFA3/PC_G_EU4" CO2="16255.03" CO="537.05" HC="2.89" NOx="6.56" PMx="0.52" fuel="6.99" electricity="0.00" noise="81.43" route="routebottom" type="cfm_slow" waiting="0.00" lane="right_0" pos="33.44" speed="46.97" angle="304.38" x="96.14" y="120.32"/>
        <vehicle id="cfm_slow_3" eclass="HBEFA3/PC_G_EU4" CO2="0.00" CO="0.00" HC="0.00" NOx="0.00" PMx="0.00" fuel="0.00" electricity="0.00" noise="80.83" route="routetop" type="cfm_slow" waiting="0.00" lane="top_0" pos="23.79" speed="46.80" angle="231.64" x="19.27" y="111.55"/>
        <vehicle id="cfm_slow_4" eclass="HBEFA3/PC_G_EU4" CO2="16108.22" CO="521.46" HC="2.81" NOx="6.50" PMx="0.51" fuel="6.92" electricity="0.00" noise="81.24" route="routetop" type="cfm_slow" waiting="0.00" lane="left_0" pos="13.93" speed="46.38" angle="159.42" x="4.51" y="35.96"/>
    </timestep>
    <timestep time="6.30">
        <vehicle id="cfm_slow_0" eclass="HBEFA3/PC_G_EU4" CO2="24380.30" CO="685.28" HC="3.76" NOx="10.41" PMx="0.72" fuel="10.48" electricity="0.00" noise="82.91" route="routebottom" type="cfm_slow" waiting="0.00" lane="bottom_0" pos="4.34" speed="46.08" angle="86.72" x="72.55" y="-1.03"/>
        <vehicle id="cfm_slow_1" eclass="HBEFA3/PC_G_EU4" CO2="21667.65" CO="641.98" HC="3.50" NOx="9.12" PMx="0.66" fuel="9.31" electricity="0.00" noise="82.42" route="routebottom" type="cfm_slow" waiting="0.00" lane="bottom_0" pos="43.82" speed="46.67" angle="15.72" x="127.74" y="51.05"/>
        <vehicle id="cfm_slow_2" eclass="HBEFA3/PC_G_EU4" CO2="16185.72" CO="535.66" HC="2.88" NOx="6.53" PMx="0.51" fuel="6.96" electricity="0.00" noise="81.42" route="routebottom" type="cfm_slow" waiting="0.00" lane="right_0" pos="33.91" speed="46.98" angle="303.52" x="95.30" y="120.78"/>
        <vehicle id="cfm_slow_3" eclass="HBEFA3/PC_G_EU4" CO2="0.00" CO="0.00" HC="0.00" NOx="0.00" PMx="0.00" fuel="0.00" electricity="0.00" noise="80.83" route="routetop" type="cfm_slow" waiting="0.00" lane="top_0" pos="24.26" speed="46.80" angle="230.80" x="18.57" y="110.90"/>
        <vehicle id="cfm_slow_4" eclass="HBEFA3/PC_G_EU4" CO2="16129.00" CO="521.93" HC="2.81" NOx="6.51" PMx="0.51" fuel="6.93" electricity="0.00" noise="81.24" route="routetop" type="cfm_slow" waiting="0.00" lane="left_0" pos="14.40" speed="46.39" angle="158.62" x="4.93" y="35.11"/>
    </timestep>
    <timestep time="6.31">
        <vehicle id="cfm_slow_0" eclass="HBEFA3/PC_G_EU4" CO2="24323.53" CO="684.30" HC="3.76" NOx="10.38" PMx="0.72" fuel="10.46" electricity="0.00" noise="82.90" route="routebottom" type="cfm_slow" waiting="0.00" lane="bottom_0" pos="4.80" speed="46.08" angle="85.88" x="73.49" y="-0.90"/>
        <vehicle id="cfm_slow_1" eclass="HBEFA3/PC_G_EU4" CO2="21582.03" CO="640.36" HC="3.49" NOx="9.08" PMx="0.65" fuel="9.28" electricity="0.00" noise="82.41" route="routebottom" type="cfm_slow" waiting="0.00" lane="bottom_0" pos="44.29" speed="46.68" angle="14.81" x="127.91" y="51.99"/>
        <vehicle id="cfm_slow_2" eclass="HBEFA3/PC_G_EU4" CO2="16117.29" CO="534.30" HC="2.87" NOx="6.50" PMx="0.51" fuel="6.93" electricity="0.00" noise="81.40" route="routebottom" type="cfm_slow" waiting="0.00" lane="right_0" pos="34.37" speed="46.98" angle="302.66" x="94.45" y="121.25"/>
        <vehicle id="cfm_slow_3" eclass="HBEFA3/PC_G_EU4" CO2="0.00" CO="0.00" HC="0.00" NOx="0.00" PMx="0.00" fuel="0.00" electricity="0.00" noise="80.82" route="routetop" type="cfm_slow" waiting="0.00" lane="top_0" pos="24.73" speed="46.80" angle="230.00" x="17.88" y="110.22"/>
        <vehicle id="cfm_slow_4" eclass="HBEFA3/PC_G_EU4" CO2="16149.62" CO="522.40" HC="2.82" NOx="6.52" PMx="0.51" fuel="6.94" electricity="0.00" noise="81.25" route="routetop" type="cfm_slow" waiting="0.00" lane="left_0" pos="14.86" speed="46.39" angle="157.76" x="5.35" y="34.26"/>
    </timestep>
    <timestep time="6.32">
        <vehicle id="cfm_slow_0" eclass="HBEFA3/PC_G_EU4" CO2="24266.75" CO="683.32" HC="3.75" NOx="10.36" PMx="0.72" fuel="10.43" electricity="0.00" noise="82.89" route="routebottom" type="cfm_slow" waiting="0.00" lane="bottom_0" pos="5.26" speed="46.09" angle="85.06" x="74.42" y="-0.76"/>
        <vehicle id="cfm_slow_1" eclass="HBEFA3/PC_G_EU4" CO2="21496.83" CO="638.74" HC="3.48" NOx="9.04" PMx="0.65" fuel="9.24" electricity="0.00" noise="82.39" route="routebottom" type="cfm_slow" waiting="0.00" lane="bottom_0" pos="44.76" speed="46.68" angle="13.90" x="128.08" y="52.93"/>
        <vehicle id="cfm_slow_2" eclass="HBEFA3/PC_G_EU4" CO2="16049.75" CO="532.94" HC="2.86" NOx="6.46" PMx="0.51" fuel="6.90" electricity="0.00" noise="81.39" route="routebottom" type="cfm_slow" waiting="0.00" lane="right_0" pos="34.84" speed="46.98" angle="301.85" x="93.60" y="121.70"/>
        <vehicle id="cfm_slow_3" eclass="HBEFA3/PC_G_EU4" CO2="0.00" CO="0.00" HC="0.00" NOx="0.00" PMx="0.00" fuel="0.00" electricity="0.00" noise="80.82" route="routetop" type="cfm_slow" waiting="0.00" lane="top_0" pos="25.20" speed="46.80" angle="229.16" x="17.20" y="109.55"/>
        <vehicle id="cfm_slow_4" eclass="HBEFA3/PC_G_EU4" CO2="16170.08" CO="522.87" HC="2.82" NOx="6.53" PMx="0.51" fuel="6.95" electricity="0.00" noise="81.25" route="routetop" type="cfm_slow" waiting="0.00" lane="left_0" pos="15.33" speed="46.39" angle="156.93" x="5.78" y="33.41"/>
    </timestep>
    <timestep time="6.33">
        <vehicle id="cfm_slow_0" eclass="HBEFA3/PC_G_EU4" CO2="24209.97" CO="682.34" HC="3.74" NOx="10.33" PMx="0.72" fuel="10.41" electricity="0.00" noise="82.88" route="routebottom" type="cfm_slow" waiting="0.00" lane="bottom_0" pos="5.72" speed="46.10" angle="84.19" x="75.35" y="-0.58"/>
        <vehicle id="cfm_slow_1" eclass="HBEFA3/PC_G_EU4" CO2="21412.05" CO="637.13" HC="3.47" NOx="9.00" PMx="0.65" fuel="9.20" electricity="0.00" noise="82.37" route="routebottom" type="cfm_slow" waiting="0.00" lane="bottom_0" pos="45.22" speed="46.69" angle="13.10" x="128.23" y="53.88"/>
        <vehicle id="cfm_slow_2" eclass="HBEFA3/PC_G_EU4" CO2="15983.08" CO="531.61" HC="2.86" NOx="6.43" PMx="0.51" fuel="6.87" electricity="0.00" noise="81.38" route="routebottom" type="cfm_slow" waiting="0.00" lane="right_0" pos="35.31" speed="46.98" angle="300.97" x="92.74" y="122.13"/>
        <vehicle id="cfm_slow_3" eclass="HBEFA3/PC_G_EU4" CO2="0.00" CO="0.00" HC="0.00" NOx="0.00" PMx="0.00" fuel="0.00" electricity="0.00" noise="80.82" route="routetop" type="cfm_slow" waiting="0.00" lane="top_0" pos="25.67" speed="46.80" angle="228.37" x="16.52" y="108.87"/>
        <vehicle id="cfm_slow_4" eclass="HBEFA3/PC_G_EU4" CO2="16190.37" CO="523.33" HC="2.82" NOx="6.54" PMx="0.51" fuel="6.96" electricity="0.00" noise="81.25" route="routetop" type="cfm_slow" waiting="0.00" lane="left_0" pos="15.79" speed="46.39" angle="156.11" x="6.23" y="32.57"/>
    </timestep>
    <timestep time="6.34">
        <vehicle id="cfm_slow_0" eclass="HBEFA3/PC_G_EU4" CO2="24153.19" CO="681.36" HC="3.74" NOx="10.30" PMx="0.71" fuel="10.38" electricity="0.00" noise="82.86" route="routebottom" type="cfm_slow" waiting="0.00" lane="bottom_0" pos="6.18" speed="46.11" angle="83.32" x="76.28" y="-0.41"/>
        <vehicle id="cfm_slow_1" eclass="HBEFA3/PC_G_EU4" CO2="21327.70" CO="635.53" HC="3.46" NOx="8.96" PMx="0.65" fuel="9.17" electricity="0.00" noise="82.36" route="routebottom" type="cfm_slow" waiting="0.00" lane="bottom_0" pos="45.69" speed="46.70" angle="12.24" x="128.36" y="54.82"/>
        <vehicle id="cfm_slow_2" eclass="HBEFA3/PC_G_EU4" CO2="15917.29" CO="530.29" HC="2.85" NOx="6.40" PMx="0.51" fuel="6.84" electricity="0.00" noise="81.37" route="routebottom" type="cfm_slow" waiting="0.00" lane="right_0" pos="35.78" speed="46.98" angle="300.10" x="91.88" y="122.56"/>
        <vehicle id="cfm_slow_3" eclass="HBEFA3/PC_G_EU4" CO2="0.00" CO="0.00" HC="0.00" NOx="0.00" PMx="0.00" fuel="0.00" electricity="0.00" noise="80.82" route="routetop" type="cfm_slow" waiting="0.00" lane="top_0" pos="26.13" speed="46.80" angle="227.50" x="15.87" y="108.16"/>
        <vehicle id="cfm_slow_4" eclass="HBEFA3/PC_G_EU4" CO2="16210.50" CO="523.80" HC="2.82" NOx="6.55" PMx="0.51" fuel="6.97" electricity="0.00" noise="81.26" route="routetop" type="cfm_slow" waiting="0.00" lane="left_0" pos="16.25" speed="46.40" angle="155.26" x="6.70" y="31.74"/>
    </timestep>
    <timestep time="6.35">
        <vehicle id="cfm_slow_0" eclass="HBEFA3/PC_G_EU4" CO2="24096.41" CO="680.38" HC="3.73" NOx="10.28" PMx="0.71" fuel="10.36" electricity="0.00" noise="82.85" route="routebottom" type="cfm_slow" waiting="0.00" lane="bottom_0" pos="6.64" speed="46.12" angle="82.52" x="77.21" y="-0.22"/>
        <vehicle id="cfm_slow_1" eclass="HBEFA3/PC_G_EU4" CO2="21243.79" CO="633.94" HC="3.45" NOx="8.92" PMx="0.64" fuel="9.13" electricity="0.00" noise="82.34" route="routebottom" type="cfm_slow" waiting="0.00" lane="bottom_0" pos="46.16" speed="46.70" angle="11.45" x="128.50" y="55.77"/>
        <vehicle id="cfm_slow_2" eclass="HBEFA3/PC_G_EU4" CO2="15852.36" CO="528.99" HC="2.84" NOx="6.37" PMx="0.51" fuel="6.81" electricity="0.00" noise="81.36" route="routebottom" type="cfm_slow" waiting="0.00" lane="right_0" pos="36.25" speed="46.98" angle="299.27" x="91.00" y="122.96"/>
        <vehicle id="cfm_slow_3" eclass="HBEFA3/PC_G_EU4" CO2="0.00" CO="0.00" HC="0.00" NOx="0.00" PMx="0.00" fuel="0.00" electricity="0.00" noise="80.82" route="routetop" type="cfm_slow" waiting="0.00" lane="top_0" pos="26.60" speed="46.80" angle="226.64" x="15.22" y="107.46"/>
        <vehicle id="cfm_slow_4" eclass="HBEFA3/PC_G_EU4" CO2="16230.46" CO="524.25" HC="2.83" NOx="6.56" PMx="0.51" fuel="6.98" electricity="0.00" noise="81.26" route="routetop" type="cfm_slow" waiting="0.00" lane="left_0" pos="16.72" speed="46.40" angle="154.45" x="7.16" y="30.91"/>
    </timestep>
    <timestep time="6.36">
        <vehicle id="cfm_slow_0" eclass="HBEFA3/PC_G_EU4" CO2="24039.64" CO="679.39" HC="3.73" NOx="10.25" PMx="0.71" fuel="10.33" electricity="0.00" noise="82.84" route="routebottom" type="cfm_slow" waiting="0.00" lane="bottom_0" pos="7.10" speed="46.13" angle="81.67" x="78.13" y="-0.01"/>
        <vehicle id="cfm_slow_1" eclass="HBEFA3/PC_G_EU4" CO2="21160.30" CO="632.35" HC="3.44" NOx="8.88" PMx="0.64" fuel="9.10" electricity="0.00" noise="82.32" route="routebottom" type="cfm_slow" waiting="0.00" lane="bottom_0" pos="46.63" speed="46.71" angle="10.62" x="128.60" y="56.72"/>
        <vehicle id="cfm_slow_2" eclass="HBEFA3/PC_G_EU4" CO2="15788.30" CO="527.70" HC="2.83" NOx="6.34" PMx="0.50" fuel="6.79" electricity="0.00" noise="81.35" route="routebottom" type="cfm_slow" waiting="0.00" lane="right_0" pos="36.72" speed="46.99" angle="298.38" x="90.13" y="123.36"/>
        <vehicle id="cfm_slow_3" eclass="HBEFA3/PC_G_EU4" CO2="0.00" CO="0.00" HC="0.00" NOx="0.00" PMx="0.00" fuel="0.00" electricity="0.00" noise="80.82" route="routetop" type="cfm_slow" waiting="0.00" lane="top_0" pos="27.07" speed="46.79" angle="225.82" x="14.58" y="106.74"/>
        <vehicle id="cfm_slow_4" eclass="HBEFA3/PC_G_EU4" CO2="16250.24" CO="524.71" HC="2.83" NOx="6.57" PMx="0.51" fuel="6.99" electricity="0.00" noise="81.27" route="routetop" type="cfm_slow" waiting="0.00" lane="left_0" pos="17.18" speed="46.40" angle="153.58" x="7.65" y="30.09"/>
    </timestep>
    <timestep time="6.37">
        <vehicle id="cfm_slow_0" eclass="HBEFA3/PC_G_EU4" CO2="23982.87" CO="678.41" HC="3.72" NOx="10.22" PMx="0.71" fuel="10.31" electricity="0.00" noise="82.83" route="routebottom" type="cfm_slow" waiting="0.00" lane="bottom_0" pos="7.56" speed="46.14" angle="80.83" x="79.06" y="0.19"/>
        <vehicle id="cfm_slow_1" eclass="HBEFA3/PC_G_EU4" CO2="21077.24" CO="630.77" HC="3.43" NOx="8.84" PMx="0.64" fuel="9.06" electricity="0.00" noise="82.31" route="routebottom" type="cfm_slow" waiting="0.00" lane="bottom_0" pos="47.09" speed="46.71" angle="9.79" x="128.69" y="57.68"/>
        <vehicle id="cfm_slow_2" eclass="HBEFA3/PC_G_EU4" CO2="15725.10" CO="526.44" HC="2.83" NOx="6.31" PMx="0.50" fuel="6.76" electricity="0.00" noise="81.34" route="routebottom" type="cfm_slow" waiting="0.00" lane="right_0" pos="37.19" speed="46.99" angle="297.56" x="89.25" y="123.76"/>
        <vehicle id="cfm_slow_3" eclass="HBEFA3/PC_G_EU4" CO2="0.00" CO="0.00" HC="0.00" NOx="0.00" PMx="0.00" fuel="0.00" electricity="0.00" noise="80.82" route="routetop" type="cfm_slow" waiting="0.00" lane="top_0" pos="27.54" speed="46.79" angle="224.93" x="13.96" y="106.01"/>
        <vehicle id="cfm_slow_4" eclass="HBEFA3/PC_G_EU4" CO2="16269.85" CO="525.16" HC="2.83" NOx="6.58" PMx="0.51" fuel="6.99" electricity="0.00" noise="81.27" route="routetop" type="cfm_slow" waiting="0.00" lane="left_0" pos="17.65" speed="46.40" angle="152.71" x="8.14" y="29.28"/>
    </timestep>
    <timestep time="6.38">
        <vehicle id="cfm_slow_0" eclass="HBEFA3/PC_G_EU4" CO2="23926.11" CO="677.42" HC="3.71" NOx="10.20" PMx="0.71" fuel="10.28" electricity="0.00" noise="82.82" route="routebottom" type="cfm_slow" waiting="0.00" lane="bottom_0" pos="8.03" speed="46.15" angle="80.03" x="79.97" y="0.43"/>
        <vehicle id="cfm_slow_1" eclass="HBEFA3/PC_G_EU4" CO2="20994.62" CO="629.19" HC="3.42" NOx="8.80" PMx="0.64" fuel="9.02" electricity="0.00" noise="82.29" route="routebottom" type="cfm_slow" waiting="0.00" lane="bottom_0" pos="47.56" speed="46.72" angle="8.99" x="128.78" y="58.63"/>
        <vehicle id="cfm_slow_2" eclass="HBEFA3/PC_G_EU4" CO2="15662.75" CO="525.18" HC="2.82" NOx="6.28" PMx="0.50" fuel="6.73" electricity="0.00" noise="81.33" route="routebottom" type="cfm_slow" waiting="0.00" lane="right_0" pos="37.66" speed="46.99" angle="296.69" x="88.35" y="124.11"/>
        <vehicle id="cfm_slow_3" eclass="HBEFA3/PC_G_EU4" CO2="0.00" CO="0.00" HC="0.00" NOx="0.00" PMx="0.00" fuel="0.00" electricity="0.00" noise="80.82" route="routetop" type="cfm_slow" waiting="0.00" lane="top_0" pos="28.01" speed="46.79" angle="224.03" x="13.34" y="105.28"/>
        <vehicle id="cfm_slow_4" eclass="HBEFA3/PC_G_EU4" CO2="16289.27" CO="525.61" HC="2.83" NOx="6.59" PMx="0.51" fuel="7.00" electricity="0.00" noise="81.28" route="routetop" type="cfm_slow" waiting="0.00" lane="left_0" pos="18.11" speed="46.40" angle="151.91" x="8.65" y="28.47"/>
    </timestep>
    <timestep time="6.39">
        <vehicle id="cfm_slow_0" eclass="HBEFA3/PC_G_EU4" CO2="23869.36" CO="676.44" HC="3.71" NOx="10.17" PMx="0.71" fuel="10.26" electricity="0.00" noise="82.81" route="routebottom" type="cfm_slow" waiting="0.00" lane="bottom_0" pos="8.49" speed="46.16" angle="79.16" x="80.89" y="0.68"/>
        <vehicle id="cfm_slow_1" eclass="HBEFA3/PC_G_EU4" CO2="20912.44" CO="627.63" HC="3.41" NOx="8.76" PMx="0.64" fuel="8.99" electricity="0.00" noise="82.27" route="routebottom" type="cfm_slow" waiting="0.00" lane="bottom_0" pos="48.03" speed="46.73" angle="8.09" x="128.84" y="59.59"/>
        <vehicle id="cfm_slow_2" eclass="HBEFA3/PC_G_EU4" CO2="15601.25" CO="523.95" HC="2.81" NOx="6.25" PMx="0.50" fuel="6.71" electricity="0.00" noise="81.32" route="routebottom" type="cfm_slow" waiting="0.00" lane="right_0" pos="38.13" speed="46.99" angle="295.82" x="87.46" y="124.47"/>
        <vehicle id="cfm_slow_3" eclass="HBEFA3/PC_G_EU4" CO2="0.00" CO="0.00" HC="0.00" NOx="0.00" PMx="0.00" fuel="0.00" electricity="0.00" noise="80.82" route="routetop" type="cfm_slow" waiting="0.00" lane="top_0" pos="28.47" speed="46.79" angle="223.24" x="12.74" y="104.53"/>
        <vehicle id="cfm_slow_4" eclass="HBEFA3/PC_G_EU4" CO2="16308.51" CO="526.05" HC="2.84" NOx="6.60" PMx="0.51" fuel="7.01" electricity="0.00" noise="81.28" route="routetop" type="cfm_slow" waiting="0.00" lane="left_0" pos="18.57" speed="46.41" angle="151.02" x="9.17" y="27.68"/>
    </timestep>
    <timestep time="6.40">
        <vehicle id="cfm_slow_0" eclass="HBEFA3/PC_G_EU4" CO2="23812.62" CO="675.45" HC="3.70" NOx="10.14" PMx="0.71" fuel="10.24" electricity="0.00" noise="82.79" route="routebottom" type="cfm_slow" waiting="0.00" lane="bottom_0" pos="8.95" speed="46.16" angle="78.35" x="81.80" y="0.92"/>
        <vehicle id="cfm_slow_1" eclass="HBEFA3/PC_G_EU4" CO2="20830.70" CO="626.07" HC="3.41" NOx="8.72" PMx="0.63" fuel="8.95" electricity="0.00" noise="82.26" route="routebottom" type="cfm_slow" waiting="0.00" lane="bottom_0" pos="48.49" speed="46.73" angle="7.19" x="128.89" y="60.54"/>
        <vehicle id="cfm_slow_2" eclass="HBEFA3/PC_G_EU4" CO2="15540.60" CO="522.73" HC="2.80" NOx="6.22" PMx="0.50" fuel="6.68" electricity="0.00" noise="81.31" route="routebottom" type="cfm_slow" waiting="0.00" lane="right_0" pos="38.60" speed="46.99" angle="295.01" x="86.56" y="124.82"/>
        <vehicle id="cfm_slow_3" eclass="HBEFA3/PC_G_EU4" CO2="0.00" CO="0.00" HC="0.00" NOx="0.00" PMx="0.00" fuel="0.00" electricity="0.00" noise="80.82" route="routetop" type="cfm_slow" waiting="0.00" lane="top_0" pos="28.94" speed="46.79" angle="222.38" x="12.15" y="103.78"/>
        <vehicle id="cfm_slow_4" eclass="HBEFA3/PC_G_EU4" CO2="16327.55" CO="526.50" HC="2.84" NOx="6.61" PMx="0.51" fuel="7.02" electricity="0.00" noise="81.28" route="routetop" type="cfm_slow" waiting="0.00" lane="left_0" pos="19.04" speed="46.41" angle="150.13" x="9.70" y="26.89"/>
    </timestep>
    <timestep time="6.41">
        <vehicle id="cfm_slow_0" eclass="HBEFA3/PC_G_EU4" CO2="23755.89" CO="674.46" HC="3.70" NOx="10.12" PMx="0.70" fuel="10.21" electricity="0.00" noise="82.78" route="routebottom" type="cfm_slow" waiting="0.00" lane="bottom_0" pos="9.41" speed="46.17" angle="77.51" x="82.70" y="1.20"/>
        <vehicle id="cfm_slow_1" eclass="HBEFA3/PC_G_EU4" CO2="20749.39" CO="624.52" HC="3.40" NOx="8.69" PMx="0.63" fuel="8.92" electricity="0.00" noise="82.24" route="routebottom" type="cfm_slow" waiting="0.00" lane="bottom_0" pos="48.96" speed="46.74" angle="6.38" x="128.93" y="61.50"/>
        <vehicle id="cfm_slow_2" eclass="HBEFA3/PC_G_EU4" CO2="15480.78" CO="521.53" HC="2.80" NOx="6.20" PMx="0.50" fuel="6.65" electricity="0.00" noise="81.30" route="routebottom" type="cfm_slow" waiting="0.00" lane="right_0" pos="39.07" speed="46.99" angle="294.18" x="85.65" y="125.15"/>
        <vehicle id="cfm_slow_3" eclass="HBEFA3/PC_G_EU4" CO2="0.00" CO="0.00" HC="0.00" NOx="0.00" PMx="0.00" fuel="0.00" electricity="0.00" noise="80.82" route="routetop" type="cfm_slow" waiting="0.00" lane="top_0" pos="29.41" speed="46.79" angle="221.55" x="11.55" y="103.02"/>
        <vehicle id="cfm_slow_4" eclass="HBEFA3/PC_G_EU4" CO2="16346.41" CO="526.93" HC="2.84" NOx="6.61" PMx="0.51" fuel="7.03" electricity="0.00" noise="81.29" route="routetop" type="cfm_slow" waiting="0.00" lane="left_0" pos="19.50" speed="46.41" angle="149.33" x="10.24" y="26.11"/>
    </timestep>
    <timestep time="6.42">
        <vehicle id="cfm_slow_0" eclass="HBEFA3/PC_G_EU4" CO2="23699.17" CO="673.47" HC="3.69" NOx="10.09" PMx="0.70" fuel="10.19" electricity="0.00" noise="82.77" route="routebottom" type="cfm_slow" waiting="0.00" lane="bottom_0" pos="9.87" speed="46.18" angle="76.67" x="83.61" y="1.48"/>
        <vehicle id="cfm_slow_1" eclass="HBEFA3/PC_G_EU4" CO2="20668.53" CO="622.98" HC="3.39" NOx="8.65" PMx="0.63" fuel="8.88" electricity="0.00" noise="82.23" route="routebottom" type="cfm_slow" waiting="0.00" lane="bottom_0" pos="49.43" speed="46.74" angle="5.52" x="128.95" y="62.46"/>
        <vehicle id="cfm_slow_2" eclass="HBEFA3/PC_G_EU4" CO2="15421.80" CO="520.34" HC="2.79" NOx="6.17" PMx="0.50" fuel="6.63" electricity="0.00" noise="81.29" route="routebottom" type="cfm_slow" waiting="0.00" lane="right_0" pos="39.54" speed="46.99" angle="293.34" x="84.75" y="125.48"/>
        <vehicle id="cfm_slow_3" eclass="HBEFA3/PC_G_EU4" CO2="0.00" CO="0.00" HC="0.00" NOx="0.00" PMx="0.00" fuel="0.00" electricity="0.00" noise="80.82" route="routetop" type="cfm_slow" waiting="0.00" lane="top_0" pos="29.88" speed="46.79" angle="220.70" x="10.99" y="102.25"/>
        <vehicle id="cfm_slow_4" eclass="HBEFA3/PC_G_EU4" CO2="16365.07" CO="527.37" HC="2.84" NOx="6.62" PMx="0.51" fuel="7.03" electricity="0.00" noise="81.29" route="routetop" type="cfm_slow" waiting="0.00" lane="left_0" pos="19.97" speed="46.41" angle="148.49" x="10.80" y="25.34"/>
    </timestep>
    <timestep time="6.43">
        <vehicle id="cfm_slow_0" eclass="HBEFA3/PC_G_EU4" CO2="23642.47" CO="672.49" HC="3.69" NOx="10.06" PMx="0.70" fuel="10.16" electricity="0.00" noise="82.76" route="routebottom" type="cfm_slow" waiting="0.00" lane="bottom_0" pos="10.34" speed="46.19" angle="75.89" x="84.51" y="1.77"/>
        <vehicle id="cfm_slow_1" eclass="HBEFA3/PC_G_EU4" CO2="20588.12" CO="621.44" HC="3.38" NOx="8.61" PMx="0.63" fuel="8.85" electricity="0.00" noise="82.21" route="routebottom" type="cfm_slow" waiting="0.00" lane="bottom_0" pos="49.90" speed="46.75" angle="4.66" x="128.97" y="63.42"/>
        <vehicle id="cfm_slow_2" eclass="HBEFA3/PC_G_EU4" CO2="15363.65" CO="519.17" HC="2.78" NOx="6.14" PMx="0.49" fuel="6.60" electricity="0.00" noise="81.28" route="routebottom" type="cfm_slow" waiting="0.00" lane="right_0" pos="40.01" speed="47.00" angle="292.54" x="83.83" y="125.78"/>
        <vehicle id="cfm_slow_3" eclass="HBEFA3/PC_G_EU4" CO2="0.00" CO="0.00" HC="0.00" NOx="0.00" PMx="0.00" fuel="0.00" electricity="0.00" noise="80.82" route="routetop" type="cfm_slow" waiting="0.00" lane="top_0" pos="30.34" speed="46.79" angle="219.82" x="10.43" y="101.47"/>
        <vehicle id="cfm_slow_4" eclass="HBEFA3/PC_G_EU4" CO2="16383.53" CO="527.80" HC="2.85" NOx="6.63" PMx="0.51" fuel="7.04" electricity="0.00" noise="81.30" route="routetop" type="cfm_slow" waiting="0.00" lane="left_0" pos="20.43" speed="46.42" angle="147.66" x="11.36" y="24.56"/>
    </timestep>
    <timestep time="6.44">
        <vehicle id="cfm_slow_0" eclass="HBEFA3/PC_G_EU4" CO2="23585.78" CO="671.50" HC="3.68" NOx="10.03" PMx="0.70" fuel="10.14" electricity="0.00" noise="82.75" route="routebottom" type="cfm_slow" waiting="0.00" lane="bottom_0" pos="10.80" speed="46.20" angle="75.03" x="85.40" y="2.09"/>
        <vehicle id="cfm_slow_1" eclass="HBEFA3/PC_G_EU4" CO2="20508.14" CO="619.92" HC="3.37" NOx="8.57" PMx="0.63" fuel="8.82" electricity="0.00" noise="82.20" route="routebottom" type="cfm_slow" waiting="0.00" lane="right_0" pos="0.36" speed="46.76" angle="3.83" x="128.96" y="64.44"/>
        <vehicle id="cfm_slow_2" eclass="HBEFA3/PC_G_EU4" CO2="15306.32" CO="518.01" HC="2.78" NOx="6.11" PMx="0.49" fuel="6.58" electricity="0.00" noise="81.27" route="routebottom" type="cfm_slow" waiting="0.00" lane="right_0" pos="40.48" speed="47.00" angle="291.66" x="82.91" y="126.06"/>
        <vehicle id="cfm_slow_3" eclass="HBEFA3/PC_G_EU4" CO2="0.00" CO="0.00" HC="0.00" NOx="0.00" PMx="0.00" fuel="0.00" electricity="0.00" noise="80.82" route="routetop" type="cfm_slow" waiting="0.00" lane="top_0" pos="30.81" speed="46.79" angle="219.00" x="9.87" y="100.69"/>
        <vehicle id="cfm_slow_4" eclass="HBEFA3/PC_G_EU4" CO2="16401.79" CO="528.22" HC="2.85" NOx="6.64" PMx="0.52" fuel="7.05" electricity="0.00" noise="81.30" route="routetop" type="cfm_slow" waiting="0.00" lane="left_0" pos="20.89" speed="46.42" angle="146.86" x="11.94" y="23.81"/>
    </timestep>
    <timestep time="6.45">
        <vehicle id="cfm_slow_0" eclass="HBEFA3/PC_G_EU4" CO2="23529.11" CO="670.51" HC="3.67" NOx="10.01" PMx="0.70" fuel="10.11" electricity="0.00" noise="82.74" route="routebottom" type="cfm_slow" waiting="0.00" lane="bottom_0" pos="11.26" speed="46.21" angle="74.18" x="86.29" y="2.41"/>
        <vehicle id="cfm_slow_1" eclass="HBEFA3/PC_G_EU4" CO2="20428.62" CO="618.40" HC="3.36" NOx="8.53" PMx="0.62" fuel="8.78" electricity="0.00" noise="82.18" route="routebottom" type="cfm_slow" waiting="0.00" lane="right_0" pos="0.83" speed="46.76" angle="2.97" x="128.94" y="65.40"/>
        <vehicle id="cfm_slow_2" eclass="HBEFA3/PC_G_EU4" CO2="15249.81" CO="516.87" HC="2.77" NOx="6.09" PMx="0.49" fuel="6.56" electricity="0.00" noise="81.26" route="routebottom" type="cfm_slow" waiting="0.00" lane="right_0" pos="40.95" speed="47.00" angle="290.80" x="81.99" y="126.35"/>
        <vehicle id="cfm_slow_3" eclass="HBEFA3/PC_G_EU4" CO2="0.00" CO="0.00" HC="0.00" NOx="0.00" PMx="0.00" fuel="0.00" electricity="0.00" noise="80.82" route="routetop" type="cfm_slow" waiting="0.00" lane="top_0" pos="31.28" speed="46.79" angle="218.16" x="9.34" y="99.89"/>
        <vehicle id="cfm_slow_4" eclass="HBEFA3/PC_G_EU4" CO2="16419.85" CO="528.65" HC="2.85" NOx="6.65" PMx="0.52" fuel="7.06" electricity="0.00" noise="81.30" route="routetop" type="cfm_slow" waiting="0.00" lane="left_0" pos="21.36" speed="46.42" angle="146.02" x="12.52" y="23.06"/>
    </timestep>
    <timestep time="6.46">
        <vehicle id="cfm_slow_0" eclass="HBEFA3/PC_G_EU4" CO2="23472.46" CO="669.51" HC="3.67" NOx="9.98" PMx="0.70" fuel="10.09" electricity="0.00" noise="82.73" route="routebottom" type="cfm_slow" waiting="0.00" lane="bottom_0" pos="11.72" speed="46.22" angle="73.39" x="87.18" y="2.74"/>
        <vehicle id="cfm_slow_1" eclass="HBEFA3/PC_G_EU4" CO2="20349.54" CO="616.88" HC="3.35" NOx="8.50" PMx="0.62" fuel="8.75" electricity="0.00" noise="82.16" route="routebottom" type="cfm_slow" waiting="0.00" lane="right_0" pos="1.30" speed="46.77" angle="2.16" x="128.92" y="66.36"/>
        <vehicle id="cfm_slow_2" eclass="HBEFA3/PC_G_EU4" CO2="15194.11" CO="515.75" HC="2.76" NOx="6.06" PMx="0.49" fuel="6.53" electricity="0.00" noise="81.25" route="routebottom" type="cfm_slow" waiting="0.00" lane="right_0" pos="41.42" speed="47.00" angle="289.96" x="81.06" y="126.60"/>
        <vehicle id="cfm_slow_3" eclass="HBEFA3/PC_G_EU4" CO2="0.00" CO="0.00" HC="0.00" NOx="0.00" PMx="0.00" fuel="0.00" electricity="0.00" noise="80.82" route="routetop" type="cfm_slow" waiting="0.00" lane="top_0" pos="31.75" speed="46.79" angle="217.32" x="8.81" y="99.09"/>
        <vehicle id="cfm_slow_4" eclass="HBEFA3/PC_G_EU4" CO2="16437.69" CO="529.06" HC="2.85" NOx="6.66" PMx="0.52" fuel="7.07" electricity="0.00" noise="81.31" route="routetop" type="cfm_slow" waiting="0.00" lane="left_0" pos="21.82" speed="46.42" angle="145.24" x="13.11" y="22.31"/>
    </timestep>
    <timestep time="6.47">
        <vehicle id="cfm_slow_0" eclass="HBEFA3/PC_G_EU4" CO2="23415.83" CO="668.52" HC="3.66" NOx="9.95" PMx="0.70" fuel="10.07" electricity="0.00" noise="82.71" route="routebottom" type="cfm_slow" waiting="0.00" lane="bottom_0" pos="12.18" speed="46.22" angle="72.55" x="88.06" y="3.09"/>
        <vehicle id="cfm_slow_1" eclass="HBEFA3/PC_G_EU4" CO2="20270.92" CO="615.38" HC="3.34" NOx="8.46" PMx="0.62" fuel="8.71" electricity="0.00" noise="82.15" route="routebottom" type="cfm_slow" waiting="0.00" lane="right_0" pos="1.77" speed="46.77" angle="1.31" x="128.86" y="67.31"/>
        <vehicle id="cfm_slow_2" eclass="HBEFA3/PC_G_EU4" CO2="15139.23" CO="514.64" HC="2.76" NOx="6.03" PMx="0.49" fuel="6.51" electricity="0.00" noise="81.24" route="routebottom" type="cfm_slow" waiting="0.00" lane="right_0" pos="41.89" speed="47.00" angle="289.08" x="80.13" y="126.85"/>
        <vehicle id="cfm_slow_3" eclass="HBEFA3/PC_G_EU4" CO2="0.00" CO="0.00" HC="0.00" NOx="0.00" PMx="0.00" fuel="0.00" electricity="0.00" noise="80.82" route="routetop" type="cfm_slow" waiting="0.00" lane="top_0" pos="32.22" speed="46.79" angle="216.54" x="8.29" y="98.28"/>
        <vehicle id="cfm_slow_4" eclass="HBEFA3/PC_G_EU4" CO2="16455.33" CO="529.48" HC="2.86" NOx="6.67" PMx="0.52" fuel="7.07" electricity="0.00" noise="81.31" route="routetop" type="cfm_slow" waiting="0.00" lane="left_0" pos="22.29" speed="46.43" angle="144.37" x="13.73" y="21.59"/>
    </timestep>
    <timestep time="6.48">
        <vehicle id="cfm_slow_0" eclass="HBEFA3/PC_G_EU4" CO2="23359.23" CO="667.53" HC="3.66" NOx="9.93" PMx="0.70" fuel="10.04" electricity="0.00" noise="82.70" route="routebottom" type="cfm_slow" waiting="0.00" lane="bottom_0" pos="12.65" speed="46.23" angle="71.72" x="88.94" y="3.44"/>
        <vehicle id="cfm_slow_1" eclass="HBEFA3/PC_G_EU4" CO2="20192.74" CO="613.88" HC="3.33" NOx="8.42" PMx="0.62" fuel="8.68" electricity="0.00" noise="82.13" route="routebottom" type="cfm_slow" waiting="0.00" lane="right_0" pos="2.24" speed="46.78" angle="0.46" x="128.81" y="68.27"/>
        <vehicle id="cfm_slow_2" eclass="HBEFA3/PC_G_EU4" CO2="15085.15" CO="513.55" HC="2.75" NOx="6.01" PMx="0.49" fuel="6.48" electricity="0.00" noise="81.23" route="routebottom" type="cfm_slow" waiting="0.00" lane="right_0" pos="42.36" speed="47.00" angle="288.26" x="79.20" y="127.09"/>
        <vehicle id="cfm_slow_3" eclass="HBEFA3/PC_G_EU4" CO2="0.00" CO="0.00" HC="0.00" NOx="0.00" PMx="0.00" fuel="0.00" electricity="0.00" noise="80.82" route="routetop" type="cfm_slow" waiting="0.00" lane="top_0" pos="32.68" speed="46.79" angle="215.69" x="7.79" y="97.46"/>
        <vehicle id="cfm_slow_4" eclass="HBEFA3/PC_G_EU4" CO2="16472.76" CO="529.89" HC="2.86" NOx="6.67" PMx="0.52" fuel="7.08" electricity="0.00" noise="81.32" route="routetop" type="cfm_slow" waiting="0.00" lane="left_0" pos="22.75" speed="46.43" angle="143.50" x="14.35" y="20.86"/>
    </timestep>
    <timestep time="6.49">
        <vehicle id="cfm_slow_0" eclass="HBEFA3/PC_G_EU4" CO2="23302.65" CO="666.54" HC="3.65" NOx="9.90" PMx="0.69" fuel="10.02" electricity="0.00" noise="82.69" route="routebottom" type="cfm_slow" waiting="0.00" lane="bottom_0" pos="13.11" speed="46.24" angle="70.94" x="89.81" y="3.82"/>
        <vehicle id="cfm_slow_1" eclass="HBEFA3/PC_G_EU4" CO2="20115.02" CO="612.40" HC="3.33" NOx="8.39" PMx="0.62" fuel="8.65" electricity="0.00" noise="82.12" route="routebottom" type="cfm_slow" waiting="0.00" lane="right_0" pos="2.70" speed="46.78" angle="359.66" x="128.74" y="69.23"/>
        <vehicle id="cfm_slow_2" eclass="HBEFA3/PC_G_EU4" CO2="15031.86" CO="512.48" HC="2.74" NOx="5.98" PMx="0.49" fuel="6.46" electricity="0.00" noise="81.22" route="routebottom" type="cfm_slow" waiting="0.00" lane="right_0" pos="42.83" speed="47.00" angle="287.44" x="78.26" y="127.31"/>
        <vehicle id="cfm_slow_3" eclass="HBEFA3/PC_G_EU4" CO2="0.00" CO="0.00" HC="0.00" NOx="0.00" PMx="0.00" fuel="0.00" electricity="0.00" noise="80.82" route="routetop" type="cfm_slow" waiting="0.00" lane="top_0" pos="33.15" speed="46.79" angle="214.84" x="7.30" y="96.64"/>
        <vehicle id="cfm_slow_4" eclass="HBEFA3/PC_G_EU4" CO2="16489.97" CO="530.30" HC="2.86" NOx="6.68" PMx="0.52" fuel="7.09" electricity="0.00" noise="81.32" route="routetop" type="cfm_slow" waiting="0.00" lane="left_0" pos="23.22" speed="46.43" angle="142.71" x="14.97" y="20.14"/>
    </timestep>
    <timestep time="6.50">
        <vehicle id="cfm_slow_0" eclass="HBEFA3/PC_G_EU4" CO2="23246.10" CO="665.54" HC="3.64" NOx="9.87" PMx="0.69" fuel="9.99" electricity="0.00" noise="82.68" route="routebottom" type="cfm_slow" waiting="0.00" lane="bottom_0" pos="13.57" speed="46.25" angle="70.09" x="90.68" y="4.21"/>
        <vehicle id="cfm_slow_1" eclass="HBEFA3/PC_G_EU4" CO2="20037.76" CO="610.92" HC="3.32" NOx="8.35" PMx="0.61" fuel="8.61" electricity="0.00" noise="82.11" route="routebottom" type="cfm_slow" waiting="0.00" lane="right_0" pos="3.17" speed="46.79" angle="358.80" x="128.64" y="70.18"/>
        <vehicle id="cfm_slow_2" eclass="HBEFA3/PC_G_EU4" CO2="14979.37" CO="511.41" HC="2.74" NOx="5.96" PMx="0.48" fuel="6.44" electricity="0.00" noise="81.22" route="routebottom" type="cfm_slow" waiting="0.00" lane="right_0" pos="43.30" speed="47.00" angle="286.61" x="77.32" y="127.52"/>
        <vehicle id="cfm_slow_3" eclass="HBEFA3/PC_G_EU4" CO2="0.00" CO="0.00" HC="0.00" NOx="0.00" PMx="0.00" fuel="0.00" electricity="0.00" noise="80.82" route="routetop" type="cfm_slow" waiting="0.00" lane="top_0" pos="33.62" speed="46.78" angle="214.04" x="6.82" y="95.81"/>
        <vehicle id="cfm_slow_4" eclass="HBEFA3/PC_G_EU4" CO2="16506.97" CO="530.70" HC="2.86" NOx="6.69" PMx="0.52" fuel="7.10" electricity="0.00" noise="81.32" route="routetop" type="cfm_slow" waiting="0.00" lane="left_0" pos="23.68" speed="46.43" angle="141.87" x="15.62" y="19.44"/>
    </timestep>
    <timestep time="6.51">
        <vehicle id="cfm_slow_0" eclass="HBEFA3/PC_G_EU4" CO2="23189.57" CO="664.55" HC="3.64" NOx="9.85" PMx="0.69" fuel="9.97" electricity="0.00" noise="82.67" route="routebottom" type="cfm_slow" waiting="0.00" lane="bottom_0" pos="14.03" speed="46.26" angle="69.27" x="91.54" y="4.60"/>
        <vehicle id="cfm_slow_1" eclass="HBEFA3/PC_G_EU4" CO2="19960.94" CO="609.44" HC="3.31" NOx="8.31" PMx="0.61" fuel="8.58" electricity="0.00" noise="82.09" route="routebottom" type="cfm_slow" waiting="0.00" lane="right_0" pos="3.64" speed="46.79" angle="357.95" x="128.54" y="71.14"/>
        <vehicle id="cfm_slow_2" eclass="HBEFA3/PC_G_EU4" CO2="14927.67" CO="510.37" HC="2.73" NOx="5.93" PMx="0.48" fuel="6.42" electricity="0.00" noise="81.21" route="routebottom" type="cfm_slow" waiting="0.00" lane="right_0" pos="43.77" speed="47.00" angle="285.80" x="76.38" y="127.72"/>
        <vehicle id="cfm_slow_3" eclass="HBEFA3/PC_G_EU4" CO2="0.00" CO="0.00" HC="0.00" NOx="0.00" PMx="0.00" fuel="0.00" electricity="0.00" noise="80.82" route="routetop" type="cfm_slow" waiting="0.00" lane="top_0" pos="34.09" speed="46.78" angle="213.18" x="6.35" y="94.97"/>
        <vehicle id="cfm_slow_4" eclass="HBEFA3/PC_G_EU4" CO2="16523.74" CO="531.10" HC="2.87" NOx="6.70" PMx="0.52" fuel="7.10" electricity="0.00" noise="81.33" route="routetop" type="cfm_slow" waiting="0.00" lane="left_0" pos="24.14" speed="46.44" angle="141.04" x="16.26" y="18.74"/>
    </timestep>
    <timestep time="6.52">
        <vehicle id="cfm_slow_0" eclass="HBEFA3/PC_G_EU4" CO2="23133.08" CO="663.56" HC="3.63" NOx="9.82" PMx="0.69" fuel="9.94" electricity="0.00" noise="82.66" route="routebottom" type="cfm_slow" waiting="0.00" lane="bottom_0" pos="14.50" speed="46.26" angle="68.43" x="92.39" y="5.02"/>
        <vehicle id="cfm_slow_1" eclass="HBEFA3/PC_G_EU4" CO2="19884.59" CO="607.98" HC="3.30" NOx="8.28" PMx="0.61" fuel="8.55" electricity="0.00" noise="82.08" route="routebottom" type="cfm_slow" waiting="0.00" lane="right_0" pos="4.11" speed="46.80" angle="357.14" x="128.42" y="72.09"/>
        <vehicle id="cfm_slow_2" eclass="HBEFA3/PC_G_EU4" CO2="14876.75" CO="509.34" HC="2.73" NOx="5.91" PMx="0.48" fuel="6.39" electricity="0.00" noise="81.20" route="routebottom" type="cfm_slow" waiting="0.00" lane="right_0" pos="44.24" speed="47.00" angle="284.89" x="75.43" y="127.90"/>
        <vehicle id="cfm_slow_3" eclass="HBEFA3/PC_G_EU4" CO2="0.00" CO="0.00" HC="0.00" NOx="0.00" PMx="0.00" fuel="0.00" electricity="0.00" noise="80.82" route="routetop" type="cfm_slow" waiting="0.00" lane="top_0" pos="34.56" speed="46.78" angle="212.36" x="5.89" y="94.13"/>
        <vehicle id="cfm_slow_4" eclass="HBEFA3/PC_G_EU4" CO2="16540.30" CO="531.49" HC="2.87" NOx="6.71" PMx="0.52" fuel="7.11" electricity="0.00" noise="81.33" route="routetop" type="cfm_slow" waiting="0.00" lane="left_0" pos="24.61" speed="46.44" angle="140.24" x="16.92" y="18.06"/>
    </timestep>
    <timestep time="6.53">
        <vehicle id="cfm_slow_0" eclass="HBEFA3/PC_G_EU4" CO2="23076.61" CO="662.56" HC="3.63" NOx="9.79" PMx="0.69" fuel="9.92" electricity="0.00" noise="82.65" route="routebottom" type="cfm_slow" waiting="0.00" lane="bottom_0" pos="14.96" speed="46.27" angle="67.56" x="93.24" y="5.44"/>
        <vehicle id="cfm_slow_1" eclass="HBEFA3/PC_G_EU4" CO2="19808.70" CO="606.52" HC="3.29" NOx="8.24" PMx="0.61" fuel="8.51" electricity="0.00" noise="82.06" route="routebottom" type="cfm_slow" waiting="0.00" lane="right_0" pos="4.58" speed="46.80" angle="356.29" x="128.29" y="73.04"/>
        <vehicle id="cfm_slow_2" eclass="HBEFA3/PC_G_EU4" CO2="14826.61" CO="508.32" HC="2.72" NOx="5.89" PMx="0.48" fuel="6.37" electricity="0.00" noise="81.19" route="routebottom" type="cfm_slow" waiting="0.00" lane="right_0" pos="44.71" speed="47.01" angle="283.97" x="74.48" y="128.07"/>
        <vehicle id="cfm_slow_3" eclass="HBEFA3/PC_G_EU4" CO2="0.00" CO="0.00" HC="0.00" NOx="0.00" PMx="0.00" fuel="0.00" electricity="0.00" noise="80.82" route="routetop" type="cfm_slow" waiting="0.00" lane="top_0" pos="35.02" speed="46.78" angle="211.53" x="5.46" y="93.28"/>
        <vehicle id="cfm_slow_4" eclass="HBEFA3/PC_G_EU4" CO2="16556.63" CO="531.88" HC="2.87" NOx="6.71" PMx="0.52" fuel="7.12" electricity="0.00" noise="81.33" route="routetop" type="cfm_slow" waiting="0.00" lane="left_0" pos="25.07" speed="46.44" angle="139.37" x="17.60" y="17.38"/>
    </timestep>
    <timestep time="6.54">
        <vehicle id="cfm_slow_0" eclass="HBEFA3/PC_G_EU4" CO2="23020.19" CO="661.57" HC="3.62" NOx="9.77" PMx="0.69" fuel="9.90" electricity="0.00" noise="82.63" route="routebottom" type="cfm_slow" waiting="0.00" lane="bottom_0" pos="15.42" speed="46.28" angle="66.77" x="94.09" y="5.87"/>
        <vehicle id="cfm_slow_1" eclass="HBEFA3/PC_G_EU4" CO2="19733.26" CO="605.08" HC="3.28" NOx="8.21" PMx="0.61" fuel="8.48" electricity="0.00" noise="82.05" route="routebottom" type="cfm_slow" waiting="0.00" lane="right_0" pos="5.04" speed="46.81" angle="355.43" x="128.15" y="73.99"/>
        <vehicle id="cfm_slow_2" eclass="HBEFA3/PC_G_EU4" CO2="14777.24" CO="507.32" HC="2.71" NOx="5.86" PMx="0.48" fuel="6.35" electricity="0.00" noise="81.18" route="routebottom" type="cfm_slow" waiting="0.00" lane="right_0" pos="45.18" speed="47.01" angle="283.17" x="73.53" y="128.22"/>
        <vehicle id="cfm_slow_3" eclass="HBEFA3/PC_G_EU4" CO2="0.00" CO="0.00" HC="0.00" NOx="0.00" PMx="0.00" fuel="0.00" electricity="0.00" noise="80.82" route="routetop" type="cfm_slow" waiting="0.00" lane="top_0" pos="35.49" speed="46.78" angle="210.68" x="5.03" y="92.42"/>
        <vehicle id="cfm_slow_4" eclass="HBEFA3/PC_G_EU4" CO2="16572.73" CO="532.26" HC="2.87" NOx="6.72" PMx="0.52" fuel="7.12" electricity="0.00" noise="81.34" route="routetop" type="cfm_slow" waiting="0.00" lane="left_0" pos="25.54" speed="46.44" angle="138.52" x="18.27" y="16.71"/>
    </timestep>
    <timestep time="6.55">
        <vehicle id="cfm_slow_0" eclass="HBEFA3/PC_G_EU4" CO2="22963.79" CO="660.57" HC="3.61" NOx="9.74" PMx="0.69" fuel="9.87" electricity="0.00" noise="82.62" route="routebottom" type="cfm_slow" waiting="0.00" lane="bottom_0" pos="15.88" speed="46.29" angle="65.93" x="94.92" y="6.33"/>
        <vehicle id="cfm_slow_1" eclass="HBEFA3/PC_G_EU4" CO2="19658.29" CO="603.64" HC="3.27" NOx="8.17" PMx="0.60" fuel="8.45" electricity="0.00" noise="82.03" route="routebottom" type="cfm_slow" waiting="0.00" lane="right_0" pos="5.51" speed="46.81" angle="354.60" x="127.99" y="74.93"/>
        <vehicle id="cfm_slow_2" eclass="HBEFA3/PC_G_EU4" CO2="14728.64" CO="506.34" HC="2.71" NOx="5.84" PMx="0.48" fuel="6.33" electricity="0.00" noise="81.18" route="routebottom" type="cfm_slow" waiting="0.00" lane="right_0" pos="45.65" speed="47.01" angle="282.31" x="72.57" y="128.35"/>
        <vehicle id="cfm_slow_3" eclass="HBEFA3/PC_G_EU4" CO2="0.00" CO="0.00" HC="0.00" NOx="0.00" PMx="0.00" fuel="0.00" electricity="0.00" noise="80.82" route="routetop" type="cfm_slow" waiting="0.00" lane="top_0" pos="35.96" speed="46.78" angle="209.88" x="4.60" y="91.56"/>
        <vehicle id="cfm_slow_4" eclass="HBEFA3/PC_G_EU4" CO2="16588.61" CO="532.64" HC="2.87" NOx="6.73" PMx="0.52" fuel="7.13" electricity="0.00" noise="81.34" route="routetop" type="cfm_slow" waiting="0.00" lane="left_0" pos="26.00" speed="46.45" angle="137.71" x="18.96" y="16.06"/>
    </timestep>
    <timestep time="6.56">
        <vehicle id="cfm_slow_0" eclass="HBEFA3/PC_G_EU4" CO2="22907.44" CO="659.58" HC="3.61" NOx="9.71" PMx="0.68" fuel="9.85" electricity="0.00" noise="82.61" route="routebottom" type="cfm_slow" waiting="0.00" lane="bottom_0" pos="16.35" speed="46.30" angle="65.08" x="95.75" y="6.79"/>
        <vehicle id="cfm_slow_1" eclass="HBEFA3/PC_G_EU4" CO2="19583.77" CO="602.20" HC="3.27" NOx="8.13" PMx="0.60" fuel="8.42" electricity="0.00" noise="82.02" route="routebottom" type="cfm_slow" waiting="0.00" lane="right_0" pos="5.98" speed="46.82" angle="353.73" x="127.81" y="75.88"/>
        <vehicle id="cfm_slow_2" eclass="HBEFA3/PC_G_EU4" CO2="14680.80" CO="505.37" HC="2.70" NOx="5.82" PMx="0.48" fuel="6.31" electricity="0.00" noise="81.17" route="routebottom" type="cfm_slow" waiting="0.00" lane="right_0" pos="46.12" speed="47.01" angle="281.50" x="71.62" y="128.49"/>
        <vehicle id="cfm_slow_3" eclass="HBEFA3/PC_G_EU4" CO2="0.00" CO="0.00" HC="0.00" NOx="0.00" PMx="0.00" fuel="0.00" electricity="0.00" noise="80.82" route="routetop" type="cfm_slow" waiting="0.00" lane="top_0" pos="36.43" speed="46.78" angle="208.99" x="4.21" y="90.68"/>
        <vehicle id="cfm_slow_4" eclass="HBEFA3/PC_G_EU4" CO2="16604.25" CO="533.02" HC="2.88" NOx="6.74" PMx="0.52" fuel="7.14" electricity="0.00" noise="81.35" route="routetop" type="cfm_slow" waiting="0.00" lane="left_0" pos="26.47" speed="46.45" angle="136.85" x="19.66" y="15.41"/>
    </timestep>
    <timestep time="6.57">
        <vehicle id="cfm_slow_0" eclass="HBEFA3/PC_G_EU4" CO2="22851.12" CO="658.58" HC="3.60" NOx="9.69" PMx="0.68" fuel="9.82" electricity="0.00" noise="82.60" route="routebottom" type="cfm_slow" waiting="0.00" lane="bottom_0" pos="16.81" speed="46.30" angle="64.28" x="96.58" y="7.26"/>
        <vehicle id="cfm_slow_1" eclass="HBEFA3/PC_G_EU4" CO2="19509.72" CO="600.78" HC="3.26" NOx="8.10" PMx="0.60" fuel="8.39" electricity="0.00" noise="82.01" route="routebottom" type="cfm_slow" waiting="0.00" lane="right_0" pos="6.45" speed="46.82" angle="352.92" x="127.64" y="76.82"/>
        <vehicle id="cfm_slow_2" eclass="HBEFA3/PC_G_EU4" CO2="14633.71" CO="504.41" HC="2.70" NOx="5.80" PMx="0.47" fuel="6.29" electricity="0.00" noise="81.16" route="routebottom" type="cfm_slow" waiting="0.00" lane="right_0" pos="46.59" speed="47.01" angle="280.67" x="70.66" y="128.59"/>
        <vehicle id="cfm_slow_3" eclass="HBEFA3/PC_G_EU4" CO2="0.00" CO="0.00" HC="0.00" NOx="0.00" PMx="0.00" fuel="0.00" electricity="0.00" noise="80.82" route="routetop" type="cfm_slow" waiting="0.00" lane="top_0" pos="36.89" speed="46.78" angle="208.10" x="3.82" y="89.81"/>
        <vehicle id="cfm_slow_4" eclass="HBEFA3/PC_G_EU4" CO2="16619.67" CO="533.39" HC="2.88" NOx="6.74" PMx="0.52" fuel="7.14" electricity="0.00" noise="81.35" route="routetop" type="cfm_slow" waiting="0.00" lane="left_0" pos="26.93" speed="46.45" angle="136.05" x="20.36" y="14.77"/>
    </timestep>
    <timestep time="6.58">
        <vehicle id="cfm_slow_0" eclass="HBEFA3/PC_G_EU4" CO2="22794.85" CO="657.58" HC="3.60" NOx="9.66" PMx="0.68" fuel="9.80" electricity="0.00" noise="82.59" route="routebottom" type="cfm_slow" waiting="0.00" lane="bottom_0" pos="17.27" speed="46.31" angle="63.40" x="97.39" y="7.75"/>
        <vehicle id="cfm_slow_1" eclass="HBEFA3/PC_G_EU4" CO2="19436.14" CO="599.37" HC="3.25" NOx="8.07" PMx="0.60" fuel="8.35" electricity="0.00" noise="81.99" route="routebottom" type="cfm_slow" waiting="0.00" lane="right_0" pos="6.92" speed="46.83" angle="352.02" x="127.42" y="77.76"/>
        <vehicle id="cfm_slow_2" eclass="HBEFA3/PC_G_EU4" CO2="14587.38" CO="503.47" HC="2.69" NOx="5.77" PMx="0.47" fuel="6.27" electricity="0.00" noise="81.15" route="routebottom" type="cfm_slow" waiting="0.00" lane="right_0" pos="47.06" speed="47.01" angle="279.83" x="69.70" y="128.69"/>
        <vehicle id="cfm_slow_3" eclass="HBEFA3/PC_G_EU4" CO2="0.00" CO="0.00" HC="0.00" NOx="0.00" PMx="0.00" fuel="0.00" electricity="0.00" noise="80.82" route="routetop" type="cfm_slow" waiting="0.00" lane="top_0" pos="37.36" speed="46.78" angle="207.29" x="3.44" y="88.93"/>
        <vehicle id="cfm_slow_4" eclass="HBEFA3/PC_G_EU4" CO2="16634.85" CO="533.76" HC="2.88" NOx="6.75" PMx="0.52" fuel="7.15" electricity="0.00" noise="81.35" route="routetop" type="cfm_slow" waiting="0.00" lane="left_0" pos="27.40" speed="46.45" angle="135.19" x="21.09" y="14.15"/>
    </timestep>
    <timestep time="6.59">
        <vehicle id="cfm_slow_0" eclass="HBEFA3/PC_G_EU4" CO2="22738.62" CO="656.59" HC="3.59" NOx="9.63" PMx="0.68" fuel="9.77" electricity="0.00" noise="82.58" route="routebottom" type="cfm_slow" waiting="0.00" lane="bottom_0" pos="17.74" speed="46.32" angle="62.53" x="98.20" y="8.24"/>
        <vehicle id="cfm_slow_1" eclass="HBEFA3/PC_G_EU4" CO2="19363.02" CO="597.96" HC="3.24" NOx="8.03" PMx="0.60" fuel="8.32" electricity="0.00" noise="81.98" route="routebottom" type="cfm_slow" waiting="0.00" lane="right_0" pos="7.38" speed="46.83" angle="351.12" x="127.21" y="78.69"/>
        <vehicle id="cfm_slow_2" eclass="HBEFA3/PC_G_EU4" CO2="14541.80" CO="502.54" HC="2.69" NOx="5.75" PMx="0.47" fuel="6.25" electricity="0.00" noise="81.14" route="routebottom" type="cfm_slow" waiting="0.00" lane="right_0" pos="47.53" speed="47.01" angle="279.03" x="68.74" y="128.78"/>
        <vehicle id="cfm_slow_3" eclass="HBEFA3/PC_G_EU4" CO2="0.00" CO="0.00" HC="0.00" NOx="0.00" PMx="0.00" fuel="0.00" electricity="0.00" noise="80.82" route="routetop" type="cfm_slow" waiting="0.00" lane="top_0" pos="37.83" speed="46.78" angle="206.40" x="3.08" y="88.04"/>
        <vehicle id="cfm_slow_4" eclass="HBEFA3/PC_G_EU4" CO2="16649.79" CO="534.12" HC="2.88" NOx="6.76" PMx="0.52" fuel="7.16" electricity="0.00" noise="81.36" route="routetop" type="cfm_slow" waiting="0.00" lane="left_0" pos="27.86" speed="46.46" angle="134.34" x="21.81" y="13.53"/>
    </timestep>
    <timestep time="6.60">
        <vehicle id="cfm_slow_0" eclass="HBEFA3/PC_G_EU4" CO2="22682.44" CO="655.59" HC="3.58" NOx="9.61" PMx="0.68" fuel="9.75" electricity="0.00" noise="82.57" route="routebottom" type="cfm_slow" waiting="0.00" lane="bottom_0" pos="18.20" speed="46.33" angle="61.72" x="99.00" y="8.75"/>
        <vehicle id="cfm_slow_1" eclass="HBEFA3/PC_G_EU4" CO2="19290.37" CO="596.56" HC="3.23" NOx="8.00" PMx="0.59" fuel="8.29" electricity="0.00" noise="81.97" route="routebottom" type="cfm_slow" waiting="0.00" lane="right_0" pos="7.85" speed="46.84" angle="350.32" x="126.98" y="79.63"/>
        <vehicle id="cfm_slow_2" eclass="HBEFA3/PC_G_EU4" CO2="14496.95" CO="501.63" HC="2.68" NOx="5.73" PMx="0.47" fuel="6.23" electricity="0.00" noise="81.14" route="routebottom" type="cfm_slow" waiting="0.00" lane="right_0" pos="48.00" speed="47.01" angle="278.13" x="67.78" y="128.83"/>
        <vehicle id="cfm_slow_3" eclass="HBEFA3/PC_G_EU4" CO2="0.00" CO="0.00" HC="0.00" NOx="0.00" PMx="0.00" fuel="0.00" electricity="0.00" noise="80.82" route="routetop" type="cfm_slow" waiting="0.00" lane="top_0" pos="38.30" speed="46.78" angle="205.52" x="2.73" y="87.14"/>
        <vehicle id="cfm_slow_4" eclass="HBEFA3/PC_G_EU4" CO2="16664.50" CO="534.48" HC="2.88" NOx="6.76" PMx="0.52" fuel="7.16" electricity="0.00" noise="81.36" route="routetop" type="cfm_slow" waiting="0.00" lane="left_0" pos="28.32" speed="46.46" angle="133.54" x="22.55" y="12.92"/>
    </timestep>
    <timestep time="6.61">
        <vehicle id="cfm_slow_0" eclass="HBEFA3/PC_G_EU4" CO2="22626.30" CO="654.60" HC="3.58" NOx="9.58" PMx="0.68" fuel="9.73" electricity="0.00" noise="82.56" route="routebottom" type="cfm_slow" waiting="0.00" lane="bottom_0" pos="18.66" speed="46.33" angle="60.84" x="99.79" y="9.28"/>
        <vehicle id="cfm_slow_1" eclass="HBEFA3/PC_G_EU4" CO2="19218.18" CO="595.17" HC="3.22" NOx="7.96" PMx="0.59" fuel="8.26" electricity="0.00" noise="81.95" route="routebottom" type="cfm_slow" waiting="0.00" lane="right_0" pos="8.32" speed="46.84" angle="349.48" x="126.74" y="80.56"/>
        <vehicle id="cfm_slow_2" eclass="HBEFA3/PC_G_EU4" CO2="14452.84" CO="500.73" HC="2.68" NOx="5.71" PMx="0.47" fuel="6.21" electricity="0.00" noise="81.13" route="routebottom" type="cfm_slow" waiting="0.00" lane="right_0" pos="48.47" speed="47.01" angle="277.23" x="66.82" y="128.89"/>
        <vehicle id="cfm_slow_3" eclass="HBEFA3/PC_G_EU4" CO2="0.00" CO="0.00" HC="0.00" NOx="0.00" PMx="0.00" fuel="0.00" electricity="0.00" noise="80.82" route="routetop" type="cfm_slow" waiting="0.00" lane="top_0" pos="38.77" speed="46.78" angle="204.71" x="2.39" y="86.25"/>
        <vehicle id="cfm_slow_4" eclass="HBEFA3/PC_G_EU4" CO2="16678.97" CO="534.83" HC="2.89" NOx="6.77" PMx="0.52" fuel="7.17" electricity="0.00" noise="81.36" route="routetop" type="cfm_slow" waiting="0.00" lane="left_0" pos="28.79" speed="46.46" angle="132.68" x="23.30" y="12.34"/>
    </timestep>
    <timestep time="6.62">
        <vehicle id="cfm_slow_0" eclass="HBEFA3/PC_G_EU4" CO2="22570.21" CO="653.60" HC="3.57" NOx="9.55" PMx="0.68" fuel="9.70" electricity="0.00" noise="82.55" route="routebottom" type="cfm_slow" waiting="0.00" lane="bottom_0" pos="19.13" speed="46.34" angle="59.98" x="100.58" y="9.80"/>
        <vehicle id="cfm_slow_1" eclass="HBEFA3/PC_G_EU4" CO2="19146.46" CO="593.79" HC="3.22" NOx="7.93" PMx="0.59" fuel="8.23" electricity="0.00" noise="81.94" route="routebottom" type="cfm_slow" waiting="0.00" lane="right_0" pos="8.79" speed="46.84" angle="348.64" x="126.49" y="81.48"/>
        <vehicle id="cfm_slow_2" eclass="HBEFA3/PC_G_EU4" CO2="14409.46" CO="499.85" HC="2.67" NOx="5.69" PMx="0.47" fuel="6.19" electricity="0.00" noise="81.12" route="routebottom" type="cfm_slow" waiting="0.00" lane="right_0" pos="48.94" speed="47.01" angle="276.41" x="65.85" y="128.93"/>
        <vehicle id="cfm_slow_3" eclass="HBEFA3/PC_G_EU4" CO2="0.00" CO="0.00" HC="0.00" NOx="0.00" PMx="0.00" fuel="0.00" electricity="0.00" noise="80.82" route="routetop" type="cfm_slow" waiting="0.00" lane="top_0" pos="39.23" speed="46.78" angle="203.86" x="2.07" y="85.34"/>
        <vehicle id="cfm_slow_4" eclass="HBEFA3/PC_G_EU4" CO2="16693.20" CO="535.18" HC="2.89" NOx="6.78" PMx="0.52" fuel="7.18" electricity="0.00" noise="81.37" route="routetop" type="cfm_slow" waiting="0.00" lane="left_0" pos="29.25" speed="46.46" angle="131.82" x="24.05" y="11.75"/>
    </timestep>
    <timestep time="6.63">
        <vehicle id="cfm_slow_0" eclass="HBEFA3/PC_G_EU4" CO2="22514.17" CO="652.60" HC="3.57" NOx="9.53" PMx="0.67" fuel="9.68" electricity="0.00" noise="82.54" route="routebottom" type="cfm_slow" waiting="0.00" lane="bottom_0" pos="19.59" speed="46.35" angle="59.17" x="101.36" y="10.35"/>
        <vehicle id="cfm_slow_1" eclass="HBEFA3/PC_G_EU4" CO2="19075.21" CO="592.41" HC="3.21" NOx="7.89" PMx="0.59" fuel="8.20" electricity="0.00" noise="81.93" route="routebottom" type="cfm_slow" waiting="0.00" lane="right_0" pos="9.26" speed="46.85" angle="347.85" x="126.22" y="82.41"/>
        <vehicle id="cfm_slow_2" eclass="HBEFA3/PC_G_EU4" CO2="14366.80" CO="498.98" HC="2.67" NOx="5.67" PMx="0.47" fuel="6.18" electricity="0.00" noise="81.12" route="routebottom" type="cfm_slow" waiting="0.00" lane="right_0" pos="49.41" speed="47.01" angle="275.54" x="64.89" y="128.95"/>
        <vehicle id="cfm_slow_3" eclass="HBEFA3/PC_G_EU4" CO2="0.00" CO="0.00" HC="0.00" NOx="0.00" PMx="0.00" fuel="0.00" electricity="0.00" noise="80.83" route="routetop" type="cfm_slow" waiting="0.00" lane="top_0" pos="39.70" speed="46.78" angle="203.05" x="1.74" y="84.44"/>
        <vehicle id="cfm_slow_4" eclass="HBEFA3/PC_G_EU4" CO2="16707.19" CO="535.52" HC="2.89" NOx="6.78" PMx="0.52" fuel="7.18" electricity="0.00" noise="81.37" route="routetop" type="cfm_slow" waiting="0.00" lane="left_0" pos="29.72" speed="46.47" angle="131.01" x="24.81" y="11.18"/>
    </timestep>
    <timestep time="6.64">
        <vehicle id="cfm_slow_0" eclass="HBEFA3/PC_G_EU4" CO2="22458.19" CO="651.61" HC="3.56" NOx="9.50" PMx="0.67" fuel="9.65" electricity="0.00" noise="82.52" route="routebottom" type="cfm_slow" waiting="0.00" lane="bottom_0" pos="20.05" speed="46.36" angle="58.33" x="102.13" y="10.91"/>
        <vehicle id="cfm_slow_1" eclass="HBEFA3/PC_G_EU4" CO2="19004.43" CO="591.05" HC="3.20" NOx="7.86" PMx="0.59" fuel="8.17" electricity="0.00" noise="81.91" route="routebottom" type="cfm_slow" waiting="0.00" lane="right_0" pos="9.73" speed="46.85" angle="346.99" x="125.94" y="83.32"/>
        <vehicle id="cfm_slow_2" eclass="HBEFA3/PC_G_EU4" CO2="14324.86" CO="498.12" HC="2.66" NOx="5.65" PMx="0.47" fuel="6.16" electricity="0.00" noise="81.11" route="routebottom" type="cfm_slow" waiting="0.00" lane="right_0" pos="49.88" speed="47.01" angle="274.67" x="63.93" y="128.97"/>
        <vehicle id="cfm_slow_3" eclass="HBEFA3/PC_G_EU4" CO2="0.00" CO="0.00" HC="0.00" NOx="0.00" PMx="0.00" fuel="0.00" electricity="0.00" noise="80.83" route="routetop" type="cfm_slow" waiting="0.00" lane="top_0" pos="40.17" speed="46.78" angle="202.20" x="1.46" y="83.53"/>
        <vehicle id="cfm_slow_4" eclass="HBEFA3/PC_G_EU4" CO2="16720.93" CO="535.86" HC="2.89" NOx="6.79" PMx="0.52" fuel="7.19" electricity="0.00" noise="81.37" route="routetop" type="cfm_slow" waiting="0.00" lane="left_0" pos="30.18" speed="46.47" angle="130.15" x="25.58" y="10.62"/>
    </timestep>
    <timestep time="6.65">
        <vehicle id="cfm_slow_0" eclass="HBEFA3/PC_G_EU4" CO2="22402.26" CO="650.61" HC="3.56" NOx="9.47" PMx="0.67" fuel="9.63" electricity="0.00" noise="82.51" route="routebottom" type="cfm_slow" waiting="0.00" lane="bottom_0" pos="20.52" speed="46.36" angle="57.54" x="102.90" y="11.46"/>
        <vehicle id="cfm_slow_1" eclass="HBEFA3/PC_G_EU4" CO2="18934.12" CO="589.69" HC="3.19" NOx="7.83" PMx="0.59" fuel="8.14" electricity="0.00" noise="81.90" route="routebottom" type="cfm_slow" waiting="0.00" lane="right_0" pos="10.19" speed="46.86" angle="346.17" x="125.65" y="84.24"/>
        <vehicle id="cfm_slow_2" eclass="HBEFA3/PC_G_EU4" CO2="14283.64" CO="497.28" HC="2.66" NOx="5.63" PMx="0.47" fuel="6.14" electricity="0.00" noise="81.10" route="routetop" type="cfm_slow" waiting="0.00" lane="top_0" pos="0.35" speed="47.01" angle="273.84" x="62.90" y="128.96"/>
        <vehicle id="cfm_slow_3" eclass="HBEFA3/PC_G_EU4" CO2="0.00" CO="0.00" HC="0.00" NOx="0.00" PMx="0.00" fuel="0.00" electricity="0.00" noise="80.83" route="routetop" type="cfm_slow" waiting="0.00" lane="top_0" pos="40.64" speed="46.77" angle="201.32" x="1.17" y="82.61"/>
        <vehicle id="cfm_slow_4" eclass="HBEFA3/PC_G_EU4" CO2="16734.43" CO="536.19" HC="2.89" NOx="6.80" PMx="0.52" fuel="7.19" electricity="0.00" noise="81.38" route="routetop" type="cfm_slow" waiting="0.00" lane="left_0" pos="30.65" speed="46.47" angle="129.29" x="26.36" y="10.07"/>
    </timestep>
    <timestep time="6.66">
        <vehicle id="cfm_slow_0" eclass="HBEFA3/PC_G_EU4" CO2="22346.39" CO="649.62" HC="3.55" NOx="9.45" PMx="0.67" fuel="9.61" electricity="0.00" noise="82.50" route="routebottom" type="cfm_slow" waiting="0.00" lane="bottom_0" pos="20.98" speed="46.37" angle="56.69" x="103.65" y="12.05"/>
        <vehicle id="cfm_slow_1" eclass="HBEFA3/PC_G_EU4" CO2="18864.28" CO="588.34" HC="3.19" NOx="7.79" PMx="0.58" fuel="8.11" electricity="0.00" noise="81.89" route="routebottom" type="cfm_slow" waiting="0.00" lane="right_0" pos="10.66" speed="46.86" angle="345.29" x="125.33" y="85.15"/>
        <vehicle id="cfm_slow_2" eclass="HBEFA3/PC_G_EU4" CO2="14243.12" CO="496.45" HC="2.65" NOx="5.61" PMx="0.46" fuel="6.12" electricity="0.00" noise="81.10" route="routetop" type="cfm_slow" waiting="0.00" lane="top_0" pos="0.82" speed="47.01" angle="272.98" x="61.94" y="128.94"/>
        <vehicle id="cfm_slow_3" eclass="HBEFA3/PC_G_EU4" CO2="0.00" CO="0.00" HC="0.00" NOx="0.00" PMx="0.00" fuel="0.00" electricity="0.00" noise="80.83" route="routetop" type="cfm_slow" waiting="0.00" lane="top_0" pos="41.10" speed="46.77" angle="200.51" x="0.89" y="81.69"/>
        <vehicle id="cfm_slow_4" eclass="HBEFA3/PC_G_EU4" CO2="16747.68" CO="536.52" HC="2.90" NOx="6.80" PMx="0.52" fuel="7.20" electricity="0.00" noise="81.38" route="routetop" type="cfm_slow" waiting="0.00" lane="left_0" pos="31.11" speed="46.47" angle="128.50" x="27.14" y="9.53"/>
    </timestep>
    <timestep time="6.67">
        <vehicle id="cfm_slow_0" eclass="HBEFA3/PC_G_EU4" CO2="22290.58" CO="648.62" HC="3.54" NOx="9.42" PMx="0.67" fuel="9.58" electricity="0.00" noise="82.49" route="routebottom" type="cfm_slow" waiting="0.00" lane="bottom_0" pos="21.44" speed="46.38" angle="55.84" x="104.40" y="12.63"/>
        <vehicle id="cfm_slow_1" eclass="HBEFA3/PC_G_EU4" CO2="18794.91" CO="587.00" HC="3.18" NOx="7.76" PMx="0.58" fuel="8.08" electricity="0.00" noise="81.87" route="routebottom" type="cfm_slow" waiting="0.00" lane="right_0" pos="11.13" speed="46.87" angle="344.39" x="125.00" y="86.05"/>
        <vehicle id="cfm_slow_2" eclass="HBEFA3/PC_G_EU4" CO2="14203.30" CO="495.64" HC="2.65" NOx="5.59" PMx="0.46" fuel="6.11" electricity="0.00" noise="81.09" route="routetop" type="cfm_slow" waiting="0.00" lane="top_0" pos="1.30" speed="47.01" angle="272.17" x="60.98" y="128.92"/>
        <vehicle id="cfm_slow_3" eclass="HBEFA3/PC_G_EU4" CO2="0.00" CO="0.00" HC="0.00" NOx="0.00" PMx="0.00" fuel="0.00" electricity="0.00" noise="80.83" route="routetop" type="cfm_slow" waiting="0.00" lane="top_0" pos="41.57" speed="46.77" angle="199.65" x="0.64" y="80.77"/>
        <vehicle id="cfm_slow_4" eclass="HBEFA3/PC_G_EU4" CO2="16760.69" CO="536.84" HC="2.90" NOx="6.81" PMx="0.53" fuel="7.20" electricity="0.00" noise="81.38" route="routetop" type="cfm_slow" waiting="0.00" lane="left_0" pos="31.58" speed="46.48" angle="127.66" x="27.94" y="9.00"/>
    </timestep>
    <timestep time="6.68">
        <vehicle id="cfm_slow_0" eclass="HBEFA3/PC_G_EU4" CO2="22234.83" CO="647.62" HC="3.54" NOx="9.39" PMx="0.67" fuel="9.56" electricity="0.00" noise="82.48" route="routebottom" type="cfm_slow" waiting="0.00" lane="bottom_0" pos="21.91" speed="46.39" angle="55.05" x="105.14" y="13.23"/>
        <vehicle id="cfm_slow_1" eclass="HBEFA3/PC_G_EU4" CO2="18726.02" CO="585.67" HC="3.17" NOx="7.73" PMx="0.58" fuel="8.05" electricity="0.00" noise="81.86" route="routebottom" type="cfm_slow" waiting="0.00" lane="right_0" pos="11.60" speed="46.87" angle="343.56" x="124.67" y="86.95"/>
        <vehicle id="cfm_slow_2" eclass="HBEFA3/PC_G_EU4" CO2="14164.19" CO="494.84" HC="2.64" NOx="5.57" PMx="0.46" fuel="6.09" electricity="0.00" noise="81.08" route="routetop" type="cfm_slow" waiting="0.00" lane="top_0" pos="1.77" speed="47.01" angle="271.31" x="60.01" y="128.86"/>
        <vehicle id="cfm_slow_3" eclass="HBEFA3/PC_G_EU4" CO2="0.00" CO="0.00" HC="0.00" NOx="0.00" PMx="0.00" fuel="0.00" electricity="0.00" noise="80.83" route="routetop" type="cfm_slow" waiting="0.00" lane="top_0" pos="42.04" speed="46.77" angle="198.79" x="0.40" y="79.84"/>
        <vehicle id="cfm_slow_4" eclass="HBEFA3/PC_G_EU4" CO2="16773.45" CO="537.16" HC="2.90" NOx="6.81" PMx="0.53" fuel="7.21" electricity="0.00" noise="81.39" route="routetop" type="cfm_slow" waiting="0.00" lane="left_0" pos="32.04" speed="46.48" angle="126.88" x="28.73" y="8.47"/>
    </timestep>
    <timestep time="6.69">
        <vehicle id="cfm_slow_0" eclass="HBEFA3/PC_G_EU4" CO2="22179.14" CO="646.63" HC="3.53" NOx="9.37" PMx="0.67" fuel="9.53" electricity="0.00" noise="82.47" route="routebottom" type="cfm_slow" waiting="0.00" lane="bottom_0" pos="22.37" speed="46.39" angle="54.21" x="105.87" y="13.84"/>
        <vehicle id="cfm_slow_1" eclass="HBEFA3/PC_G_EU4" CO2="18657.60" CO="584.35" HC="3.16" NOx="7.70" PMx="0.58" fuel="8.02" electricity="0.00" noise="81.85" route="routebottom" type="cfm_slow" waiting="0.00" lane="right_0" pos="12.07" speed="46.87" angle="342.73" x="124.31" y="87.84"/>
        <vehicle id="cfm_slow_2" eclass="HBEFA3/PC_G_EU4" CO2="14125.76" CO="494.05" HC="2.64" NOx="5.56" PMx="0.46" fuel="6.07" electricity="0.00" noise="81.08" route="routetop" type="cfm_slow" waiting="0.00" lane="top_0" pos="2.24" speed="47.01" angle="270.46" x="59.05" y="128.81"/>
        <vehicle id="cfm_slow_3" eclass="HBEFA3/PC_G_EU4" CO2="0.00" CO="0.00" HC="0.00" NOx="0.00" PMx="0.00" fuel="0.00" electricity="0.00" noise="80.83" route="routetop" type="cfm_slow" waiting="0.00" lane="top_0" pos="42.51" speed="46.77" angle="198.00" x="0.16" y="78.91"/>
        <vehicle id="cfm_slow_4" eclass="HBEFA3/PC_G_EU4" CO2="16785.96" CO="537.48" HC="2.90" NOx="6.82" PMx="0.53" fuel="7.22" electricity="0.00" noise="81.39" route="routetop" type="cfm_slow" waiting="0.00" lane="left_0" pos="32.51" speed="46.48" angle="126.02" x="29.55" y="7.98"/>
    </timestep>
    <timestep time="6.70">
        <vehicle id="cfm_slow_0" eclass="HBEFA3/PC_G_EU4" CO2="22123.52" CO="645.63" HC="3.53" NOx="9.34" PMx="0.66" fuel="9.51" electricity="0.00" noise="82.46" route="routebottom" type="cfm_slow" waiting="0.00" lane="bottom_0" pos="22.84" speed="46.40" angle="53.36" x="106.60" y="14.46"/>
        <vehicle id="cfm_slow_1" eclass="HBEFA3/PC_G_EU4" CO2="18589.65" CO="583.03" HC="3.15" NOx="7.66" PMx="0.58" fuel="7.99" electricity="0.00" noise="81.84" route="routebottom" type="cfm_slow" waiting="0.00" lane="right_0" pos="12.54" speed="46.88" angle="341.91" x="123.96" y="88.74"/>
        <vehicle id="cfm_slow_2" eclass="HBEFA3/PC_G_EU4" CO2="14088.02" CO="493.28" HC="2.63" NOx="5.54" PMx="0.46" fuel="6.06" electricity="0.00" noise="81.07" route="routetop" type="cfm_slow" waiting="0.00" lane="top_0" pos="2.71" speed="47.01" angle="269.65" x="58.09" y="128.74"/>
        <vehicle id="cfm_slow_3" eclass="HBEFA3/PC_G_EU4" CO2="0.00" CO="0.00" HC="0.00" NOx="0.00" PMx="0.00" fuel="0.00" electricity="0.00" noise="80.83" route="routetop" type="cfm_slow" waiting="0.00" lane="top_0" pos="42.98" speed="46.77" angle="197.16" x="-0.05" y="77.97"/>
        <vehicle id="cfm_slow_4" eclass="HBEFA3/PC_G_EU4" CO2="16798.22" CO="537.79" HC="2.90" NOx="6.83" PMx="0.53" fuel="7.22" electricity="0.00" noise="81.39" route="routetop" type="cfm_slow" waiting="0.00" lane="left_0" pos="32.97" speed="46.49" angle="125.15" x="30.36" y="7.49"/>
    </timestep>
    <timestep time="6.71">
        <vehicle id="cfm_slow_0" eclass="HBEFA3/PC_G_EU4" CO2="22067.96" CO="644.64" HC="3.52" NOx="9.31" PMx="0.66" fuel="9.49" electricity="0.00" noise="82.45" route="routebottom" type="cfm_slow" waiting="0.00" lane="bottom_0" pos="23.30" speed="46.41" angle="52.59" x="107.31" y="15.09"/>
        <vehicle id="cfm_slow_1" eclass="HBEFA3/PC_G_EU4" CO2="18522.17" CO="581.73" HC="3.15" NOx="7.63" PMx="0.57" fuel="7.96" electricity="0.00" noise="81.83" route="routebottom" type="cfm_slow" waiting="0.00" lane="right_0" pos="13.01" speed="46.88" angle="341.11" x="123.59" y="89.62"/>
        <vehicle id="cfm_slow_2" eclass="HBEFA3/PC_G_EU4" CO2="14050.96" CO="492.52" HC="2.63" NOx="5.52" PMx="0.46" fuel="6.04" electricity="0.00" noise="81.07" route="routetop" type="cfm_slow" waiting="0.00" lane="top_0" pos="3.18" speed="47.01" angle="268.79" x="57.13" y="128.64"/>
        <vehicle id="cfm_slow_3" eclass="HBEFA3/PC_G_EU4" CO2="0.00" CO="0.00" HC="0.00" NOx="0.00" PMx="0.00" fuel="0.00" electricity="0.00" noise="80.84" route="routetop" type="cfm_slow" waiting="0.00" lane="top_0" pos="43.44" speed="46.77" angle="196.32" x="-0.26" y="77.04"/>
        <vehicle id="cfm_slow_4" eclass="HBEFA3/PC_G_EU4" CO2="16810.23" CO="538.09" HC="2.90" NOx="6.83" PMx="0.53" fuel="7.23" electricity="0.00" noise="81.39" route="routetop" type="cfm_slow" waiting="0.00" lane="left_0" pos="33.44" speed="46.49" angle="124.35" x="31.18" y="7.00"/>
    </timestep>
    <timestep time="6.72">
        <vehicle id="cfm_slow_0" eclass="HBEFA3/PC_G_EU4" CO2="22012.47" CO="643.65" HC="3.51" NOx="9.29" PMx="0.66" fuel="9.46" electricity="0.00" noise="82.44" route="routebottom" type="cfm_slow" waiting="0.00" lane="bottom_0" pos="23.76" speed="46.41" angle="51.76" x="108.01" y="15.73"/>
        <vehicle id="cfm_slow_1" eclass="HBEFA3/PC_G_EU4" CO2="18455.18" CO="580.43" HC="3.14" NOx="7.60" PMx="0.57" fuel="7.93" electricity="0.00" noise="81.81" route="routebottom" type="cfm_slow" waiting="0.00" lane="right_0" pos="13.48" speed="46.88" angle="340.23" x="123.19" y="90.50"/>
        <vehicle id="cfm_slow_2" eclass="HBEFA3/PC_G_EU4" CO2="14014.57" CO="491.77" HC="2.63" NOx="5.50" PMx="0.46" fuel="6.02" electricity="0.00" noise="81.06" route="routetop" type="cfm_slow" waiting="0.00" lane="top_0" pos="3.65" speed="47.01" angle="267.94" x="56.17" y="128.54"/>
        <vehicle id="cfm_slow_3" eclass="HBEFA3/PC_G_EU4" CO2="0.00" CO="0.00" HC="0.00" NOx="0.00" PMx="0.00" fuel="0.00" electricity="0.00" noise="80.84" route="routetop" type="cfm_slow" waiting="0.00" lane="top_0" pos="43.91" speed="46.77" angle="195.51" x="-0.45" y="76.10"/>
        <vehicle id="cfm_slow_4" eclass="HBEFA3/PC_G_EU4" CO2="16821.99" CO="538.39" HC="2.91" NOx="6.84" PMx="0.53" fuel="7.23" electricity="0.00" noise="81.40" route="routetop" type="cfm_slow" waiting="0.00" lane="left_0" pos="33.90" speed="46.49" angle="123.51" x="32.02" y="6.54"/>
    </timestep>
    <timestep time="6.73">
        <vehicle id="cfm_slow_0" eclass="HBEFA3/PC_G_EU4" CO2="21957.06" CO="642.65" HC="3.51" NOx="9.26" PMx="0.66" fuel="9.44" electricity="0.00" noise="82.43" route="routebottom" type="cfm_slow" waiting="0.00" lane="bottom_0" pos="24.23" speed="46.42" angle="50.92" x="108.71" y="16.38"/>
        <vehicle id="cfm_slow_1" eclass="HBEFA3/PC_G_EU4" CO2="18388.65" CO="579.14" HC="3.13" NOx="7.57" PMx="0.57" fuel="7.90" electricity="0.00" noise="81.80" route="routebottom" type="cfm_slow" waiting="0.00" lane="right_0" pos="13.94" speed="46.89" angle="339.35" x="122.80" y="91.38"/>
        <vehicle id="cfm_slow_2" eclass="HBEFA3/PC_G_EU4" CO2="13978.86" CO="491.04" HC="2.62" NOx="5.49" PMx="0.46" fuel="6.01" electricity="0.00" noise="81.05" route="routetop" type="cfm_slow" waiting="0.00" lane="top_0" pos="4.12" speed="47.01" angle="267.12" x="55.21" y="128.42"/>
        <vehicle id="cfm_slow_3" eclass="HBEFA3/PC_G_EU4" CO2="0.00" CO="0.00" HC="0.00" NOx="0.00" PMx="0.00" fuel="0.00" electricity="0.00" noise="80.84" route="routetop" type="cfm_slow" waiting="0.00" lane="top_0" pos="44.38" speed="46.77" angle="194.64" x="-0.62" y="75.16"/>
        <vehicle id="cfm_slow_4" eclass="HBEFA3/PC_G_EU4" CO2="16833.50" CO="538.68" HC="2.91" NOx="6.84" PMx="0.53" fuel="7.24" electricity="0.00" noise="81.40" route="routetop" type="cfm_slow" waiting="0.00" lane="left_0" pos="34.37" speed="46.49" angle="122.67" x="32.85" y="6.08"/>
    </timestep>
    <timestep time="6.74">
        <vehicle id="cfm_slow_0" eclass="HBEFA3/PC_G_EU4" CO2="21901.72" CO="641.66" HC="3.50" NOx="9.24" PMx="0.66" fuel="9.41" electricity="0.00" noise="82.42" route="routebottom" type="cfm_slow" waiting="0.00" lane="bottom_0" pos="24.69" speed="46.43" angle="50.11" x="109.39" y="17.04"/>
        <vehicle id="cfm_slow_1" eclass="HBEFA3/PC_G_EU4" CO2="18322.60" CO="577.86" HC="3.12" NOx="7.54" PMx="0.57" fuel="7.88" electricity="0.00" noise="81.79" route="routebottom" type="cfm_slow" waiting="0.00" lane="right_0" pos="14.41" speed="46.89" angle="338.53" x="122.38" y="92.24"/>
        <vehicle id="cfm_slow_2" eclass="HBEFA3/PC_G_EU4" CO2="13943.81" CO="490.32" HC="2.62" NOx="5.47" PMx="0.46" fuel="5.99" electricity="0.00" noise="81.05" route="routetop" type="cfm_slow" waiting="0.00" lane="top_0" pos="4.59" speed="47.01" angle="266.26" x="54.26" y="128.28"/>
        <vehicle id="cfm_slow_3" eclass="HBEFA3/PC_G_EU4" CO2="0.00" CO="0.00" HC="0.00" NOx="0.00" PMx="0.00" fuel="0.00" electricity="0.00" noise="80.84" route="routetop" type="cfm_slow" waiting="0.00" lane="top_0" pos="44.85" speed="46.77" angle="193.82" x="-0.80" y="74.21"/>
        <vehicle id="cfm_slow_4" eclass="HBEFA3/PC_G_EU4" CO2="16844.75" CO="538.97" HC="2.91" NOx="6.85" PMx="0.53" fuel="7.24" electricity="0.00" noise="81.40" route="routetop" type="cfm_slow" waiting="0.00" lane="left_0" pos="34.83" speed="46.50" angle="121.88" x="33.69" y="5.63"/>
    </timestep>
    <timestep time="6.75">
        <vehicle id="cfm_slow_0" eclass="HBEFA3/PC_G_EU4" CO2="21846.45" CO="640.67" HC="3.50" NOx="9.21" PMx="0.66" fuel="9.39" electricity="0.00" noise="82.41" route="routebottom" type="cfm_slow" waiting="0.00" lane="bottom_0" pos="25.16" speed="46.44" angle="49.23" x="110.06" y="17.72"/>
        <vehicle id="cfm_slow_1" eclass="HBEFA3/PC_G_EU4" CO2="18257.03" CO="576.59" HC="3.12" NOx="7.51" PMx="0.57" fuel="7.85" electricity="0.00" noise="81.78" route="routebottom" type="cfm_slow" waiting="0.00" lane="right_0" pos="14.88" speed="46.90" angle="337.65" x="121.95" y="93.10"/>
        <vehicle id="cfm_slow_2" eclass="HBEFA3/PC_G_EU4" CO2="13909.41" CO="489.61" HC="2.61" NOx="5.45" PMx="0.46" fuel="5.98" electricity="0.00" noise="81.04" route="routetop" type="cfm_slow" waiting="0.00" lane="top_0" pos="5.06" speed="47.01" angle="265.40" x="53.31" y="128.15"/>
        <vehicle id="cfm_slow_3" eclass="HBEFA3/PC_G_EU4" CO2="0.00" CO="0.00" HC="0.00" NOx="0.00" PMx="0.00" fuel="0.00" electricity="0.00" noise="80.84" route="routetop" type="cfm_slow" waiting="0.00" lane="top_0" pos="45.31" speed="46.77" angle="192.99" x="-0.93" y="73.26"/>
        <vehicle id="cfm_slow_4" eclass="HBEFA3/PC_G_EU4" CO2="16855.75" CO="539.26" HC="2.91" NOx="6.85" PMx="0.53" fuel="7.25" electricity="0.00" noise="81.41" route="routetop" type="cfm_slow" waiting="0.00" lane="left_0" pos="35.30" speed="46.50" angle="121.03" x="34.55" y="5.21"/>
    </timestep>
    <timestep time="6.76">
        <vehicle id="cfm_slow_0" eclass="HBEFA3/PC_G_EU4" CO2="21791.26" CO="639.67" HC="3.49" NOx="9.18" PMx="0.66" fuel="9.37" electricity="0.00" noise="82.39" route="routebottom" type="cfm_slow" waiting="0.00" lane="bottom_0" pos="25.62" speed="46.44" angle="48.41" x="110.73" y="18.39"/>
        <vehicle id="cfm_slow_1" eclass="HBEFA3/PC_G_EU4" CO2="18191.93" CO="575.33" HC="3.11" NOx="7.48" PMx="0.57" fuel="7.82" electricity="0.00" noise="81.77" route="routebottom" type="cfm_slow" waiting="0.00" lane="right_0" pos="15.35" speed="46.90" angle="336.83" x="121.52" y="93.96"/>
        <vehicle id="cfm_slow_2" eclass="HBEFA3/PC_G_EU4" CO2="13875.67" CO="488.92" HC="2.61" NOx="5.44" PMx="0.45" fuel="5.96" electricity="0.00" noise="81.04" route="routetop" type="cfm_slow" waiting="0.00" lane="top_0" pos="5.53" speed="47.01" angle="264.56" x="52.36" y="127.98"/>
        <vehicle id="cfm_slow_3" eclass="HBEFA3/PC_G_EU4" CO2="0.00" CO="0.00" HC="0.00" NOx="0.00" PMx="0.00" fuel="0.00" electricity="0.00" noise="80.84" route="routetop" type="cfm_slow" waiting="0.00" lane="top_0" pos="45.78" speed="46.77" angle="192.13" x="-1.07" y="72.31"/>
        <vehicle id="cfm_slow_4" eclass="HBEFA3/PC_G_EU4" CO2="16866.49" CO="539.54" HC="2.91" NOx="6.86" PMx="0.53" fuel="7.25" electricity="0.00" noise="81.41" route="routetop" type="cfm_slow" waiting="0.00" lane="left_0" pos="35.76" speed="46.50" angle="120.19" x="35.40" y="4.78"/>
    </timestep>
    <timestep time="6.77">
        <vehicle id="cfm_slow_0" eclass="HBEFA3/PC_G_EU4" CO2="21736.15" CO="638.68" HC="3.48" NOx="9.16" PMx="0.65" fuel="9.34" electricity="0.00" noise="82.38" route="routebottom" type="cfm_slow" waiting="0.00" lane="bottom_0" pos="26.09" speed="46.45" angle="47.57" x="111.38" y="19.09"/>
        <vehicle id="cfm_slow_1" eclass="HBEFA3/PC_G_EU4" CO2="18127.31" CO="574.07" HC="3.10" NOx="7.45" PMx="0.56" fuel="7.79" electricity="0.00" noise="81.75" route="routebottom" type="cfm_slow" waiting="0.00" lane="right_0" pos="15.82" speed="46.90" angle="336.01" x="121.06" y="94.81"/>
        <vehicle id="cfm_slow_2" eclass="HBEFA3/PC_G_EU4" CO2="0.00" CO="0.00" HC="0.00" NOx="0.00" PMx="0.00" fuel="0.00" electricity="0.00" noise="81.03" route="routetop" type="cfm_slow" waiting="0.00" lane="top_0" pos="6.00" speed="47.01" angle="263.70" x="51.41" y="127.81"/>
        <vehicle id="cfm_slow_3" eclass="HBEFA3/PC_G_EU4" CO2="0.00" CO="0.00" HC="0.00" NOx="0.00" PMx="0.00" fuel="0.00" electricity="0.00" noise="80.84" route="routetop" type="cfm_slow" waiting="0.00" lane="top_0" pos="46.25" speed="46.77" angle="191.33" x="-1.20" y="71.36"/>
        <vehicle id="cfm_slow_4" eclass="HBEFA3/PC_G_EU4" CO2="16876.98" CO="539.81" HC="2.91" NOx="6.86" PMx="0.53" fuel="7.25" electricity="0.00" noise="81.41" route="routetop" type="cfm_slow" waiting="0.00" lane="left_0" pos="36.23" speed="46.50" angle="119.36" x="36.26" y="4.38"/>
    </timestep>
    <timestep time="6.78">
        <vehicle id="cfm_slow_0" eclass="HBEFA3/PC_G_EU4" CO2="21681.13" CO="637.69" HC="3.48" NOx="9.13" PMx="0.65" fuel="9.32" electricity="0.00" noise="82.37" route="routebottom" type="cfm_slow" waiting="0.00" lane="bottom_0" pos="26.55" speed="46.46" angle="46.72" x="112.03" y="19.79"/>
        <vehicle id="cfm_slow_1" eclass="HBEFA3/PC_G_EU4" CO2="18063.16" CO="572.83" HC="3.09" NOx="7.42" PMx="0.56" fuel="7.76" electricity="0.00" noise="81.74" route="routebottom" type="cfm_slow" waiting="0.00" lane="right_0" pos="16.29" speed="46.91" angle="335.18" x="120.59" y="95.65"/>
        <vehicle id="cfm_slow_2" eclass="HBEFA3/PC_G_EU4" CO2="0.00" CO="0.00" HC="0.00" NOx="0.00" PMx="0.00" fuel="0.00" electricity="0.00" noise="81.03" route="routetop" type="cfm_slow" waiting="0.00" lane="top_0" pos="6.47" speed="47.01" angle="262.89" x="50.46" y="127.63"/>
        <vehicle id="cfm_slow_3" eclass="HBEFA3/PC_G_EU4" CO2="0.00" CO="0.00" HC="0.00" NOx="0.00" PMx="0.00" fuel="0.00" electricity="0.00" noise="80.85" route="routetop" type="cfm_slow" waiting="0.00" lane="top_0" pos="46.72" speed="46.77" angle="190.46" x="-1.29" y="70.41"/>
        <vehicle id="cfm_slow_4" eclass="HBEFA3/PC_G_EU4" CO2="16887.21" CO="540.08" HC="2.92" NOx="6.87" PMx="0.53" fuel="7.26" electricity="0.00" noise="81.41" route="routetop" type="cfm_slow" waiting="0.00" lane="left_0" pos="36.69" speed="46.51" angle="118.47" x="37.13" y="3.99"/>
    </timestep>
    <timestep time="6.79">
        <vehicle id="cfm_slow_0" eclass="HBEFA3/PC_G_EU4" CO2="21626.18" CO="636.70" HC="3.47" NOx="9.10" PMx="0.65" fuel="9.30" electricity="0.00" noise="82.36" route="routebottom" type="cfm_slow" waiting="0.00" lane="bottom_0" pos="27.02" speed="46.46" angle="45.93" x="112.67" y="20.49"/>
        <vehicle id="cfm_slow_1" eclass="HBEFA3/PC_G_EU4" CO2="17999.49" CO="571.59" HC="3.09" NOx="7.39" PMx="0.56" fuel="7.74" electricity="0.00" noise="81.73" route="routebottom" type="cfm_slow" waiting="0.00" lane="right_0" pos="16.76" speed="46.91" angle="334.38" x="120.12" y="96.49"/>
        <vehicle id="cfm_slow_2" eclass="HBEFA3/PC_G_EU4" CO2="0.00" CO="0.00" HC="0.00" NOx="0.00" PMx="0.00" fuel="0.00" electricity="0.00" noise="81.02" route="routetop" type="cfm_slow" waiting="0.00" lane="top_0" pos="6.94" speed="47.01" angle="261.98" x="49.52" y="127.41"/>
        <vehicle id="cfm_slow_3" eclass="HBEFA3/PC_G_EU4" CO2="0.00" CO="0.00" HC="0.00" NOx="0.00" PMx="0.00" fuel="0.00" electricity="0.00" noise="80.85" route="routetop" type="cfm_slow" waiting="0.00" lane="top_0" pos="47.18" speed="46.77" angle="189.58" x="-1.39" y="69.45"/>
        <vehicle id="cfm_slow_4" eclass="HBEFA3/PC_G_EU4" CO2="16897.19" CO="540.34" HC="2.92" NOx="6.87" PMx="0.53" fuel="7.26" electricity="0.00" noise="81.42" route="routetop" type="cfm_slow" waiting="0.00" lane="left_0" pos="37.16" speed="46.51" angle="117.64" x="38.00" y="3.60"/>
    </timestep>
    <timestep time="6.80">
        <vehicle id="cfm_slow_0" eclass="HBEFA3/PC_G_EU4" CO2="21571.32" CO="635.71" HC="3.47" NOx="9.08" PMx="0.65" fuel="9.27" electricity="0.00" noise="82.35" route="routebottom" type="cfm_slow" waiting="0.00" lane="bottom_0" pos="27.48" speed="46.47" angle="45.04" x="113.29" y="21.22"/>
        <vehicle id="cfm_slow_1" eclass="HBEFA3/PC_G_EU4" CO2="17936.30" CO="570.36" HC="3.08" NOx="7.36" PMx="0.56" fuel="7.71" electricity="0.00" noise="81.72" route="routebottom" type="cfm_slow" waiting="0.00" lane="right_0" pos="17.23" speed="46.91" angle="333.51" x="119.62" y="97.31"/>
        <vehicle id="cfm_slow_2" eclass="HBEFA3/PC_G_EU4" CO2="0.00" CO="0.00" HC="0.00" NOx="0.00" PMx="0.00" fuel="0.00" electricity="0.00" noise="81.02" route="routetop" type="cfm_slow" waiting="0.00" lane="top_0" pos="7.41" speed="47.01" angle="261.07" x="48.58" y="127.20"/>
        <vehicle id="cfm_slow_3" eclass="HBEFA3/PC_G_EU4" CO2="0.00" CO="0.00" HC="0.00" NOx="0.00" PMx="0.00" fuel="0.00" electricity="0.00" noise="80.85" route="routetop" type="cfm_slow" waiting="0.00" lane="top_0" pos="47.65" speed="46.77" angle="188.78" x="-1.47" y="68.50"/>
        <vehicle id="cfm_slow_4" eclass="HBEFA3/PC_G_EU4" CO2="16906.91" CO="540.60" HC="2.92" NOx="6.88" PMx="0.53" fuel="7.27" electricity="0.00" noise="81.42" route="routetop" type="cfm_slow" waiting="0.00" lane="left_0" pos="37.62" speed="46.51" angle="116.79" x="38.89" y="3.24"/>
    </timestep>
    <timestep time="6.81">
        <vehicle id="cfm_slow_0" eclass="HBEFA3/PC_G_EU4" CO2="21516.55" CO="634.72" HC="3.46" NOx="9.05" PMx="0.65" fuel="9.25" electricity="0.00" noise="82.34" route="routebottom" type="cfm_slow" waiting="0.00" lane="bottom_0" pos="27.95" speed="46.48" angle="44.15" x="113.90" y="21.95"/>
        <vehicle id="cfm_slow_1" eclass="HBEFA3/PC_G_EU4" CO2="17873.59" CO="569.14" HC="3.07" NOx="7.33" PMx="0.56" fuel="7.68" electricity="0.00" noise="81.71" route="routebottom" type="cfm_slow" waiting="0.00" lane="right_0" pos="17.70" speed="46.92" angle="332.64" x="119.13" y="98.14"/>
        <vehicle id="cfm_slow_2" eclass="HBEFA3/PC_G_EU4" CO2="0.00" CO="0.00" HC="0.00" NOx="0.00" PMx="0.00" fuel="0.00" electricity="0.00" noise="81.01" route="routetop" type="cfm_slow" waiting="0.00" lane="top_0" pos="7.88" speed="47.01" angle="260.26" x="47.65" y="126.97"/>
        <vehicle id="cfm_slow_3" eclass="HBEFA3/PC_G_EU4" CO2="0.00" CO="0.00" HC="0.00" NOx="0.00" PMx="0.00" fuel="0.00" electricity="0.00" noise="80.85" route="routetop" type="cfm_slow" waiting="0.00" lane="top_0" pos="48.12" speed="46.77" angle="187.92" x="-1.52" y="67.54"/>
        <vehicle id="cfm_slow_4" eclass="HBEFA3/PC_G_EU4" CO2="16916.38" CO="540.85" HC="2.92" NOx="6.88" PMx="0.53" fuel="7.27" electricity="0.00" noise="81.42" route="routetop" type="cfm_slow" waiting="0.00" lane="left_0" pos="38.09" speed="46.52" angle="115.92" x="39.78" y="2.89"/>
    </timestep>
    <timestep time="6.82">
        <vehicle id="cfm_slow_0" eclass="HBEFA3/PC_G_EU4" CO2="21461.87" CO="633.74" HC="3.46" NOx="9.03" PMx="0.65" fuel="9.23" electricity="0.00" noise="82.33" route="routebottom" type="cfm_slow" waiting="0.00" lane="bottom_0" pos="28.41" speed="46.48" angle="43.34" x="114.50" y="22.69"/>
        <vehicle id="cfm_slow_1" eclass="HBEFA3/PC_G_EU4" CO2="17811.35" CO="567.93" HC="3.07" NOx="7.30" PMx="0.56" fuel="7.66" electricity="0.00" noise="81.70" route="routebottom" type="cfm_slow" waiting="0.00" lane="right_0" pos="18.17" speed="46.92" angle="331.83" x="118.62" y="98.95"/>
        <vehicle id="cfm_slow_2" eclass="HBEFA3/PC_G_EU4" CO2="0.00" CO="0.00" HC="0.00" NOx="0.00" PMx="0.00" fuel="0.00" electricity="0.00" noise="81.01" route="routetop" type="cfm_slow" waiting="0.00" lane="top_0" pos="8.35" speed="47.01" angle="259.43" x="46.71" y="126.72"/>
        <vehicle id="cfm_slow_3" eclass="HBEFA3/PC_G_EU4" CO2="0.00" CO="0.00" HC="0.00" NOx="0.00" PMx="0.00" fuel="0.00" electricity="0.00" noise="80.85" route="routetop" type="cfm_slow" waiting="0.00" lane="top_0" pos="48.59" speed="46.77" angle="187.06" x="-1.58" y="66.59"/>
        <vehicle id="cfm_slow_4" eclass="HBEFA3/PC_G_EU4" CO2="16925.59" CO="541.10" HC="2.92" NOx="6.89" PMx="0.53" fuel="7.28" electricity="0.00" noise="81.42" route="routetop" type="cfm_slow" waiting="0.00" lane="left_0" pos="38.55" speed="46.52" angle="115.10" x="40.66" y="2.54"/>
    </timestep>
    <timestep time="6.83">
        <vehicle id="cfm_slow_0" eclass="HBEFA3/PC_G_EU4" CO2="21407.28" CO="632.75" HC="3.45" NOx="9.00" PMx="0.65" fuel="9.20" electricity="0.00" noise="82.32" route="routebottom" type="cfm_slow" waiting="0.00" lane="bottom_0" pos="28.87" speed="46.49" angle="42.48" x="115.09" y="23.44"/>
        <vehicle id="cfm_slow_1" eclass="HBEFA3/PC_G_EU4" CO2="17749.59" CO="566.73" HC="3.06" NOx="7.27" PMx="0.56" fuel="7.63" electricity="0.00" noise="81.69" route="routebottom" type="cfm_slow" waiting="0.00" lane="right_0" pos="18.64" speed="46.92" angle="330.94" x="118.08" y="99.75"/>
        <vehicle id="cfm_slow_2" eclass="HBEFA3/PC_G_EU4" CO2="0.00" CO="0.00" HC="0.00" NOx="0.00" PMx="0.00" fuel="0.00" electricity="0.00" noise="81.00" route="routetop" type="cfm_slow" waiting="0.00" lane="top_0" pos="8.82" speed="47.01" angle="258.59" x="45.78" y="126.48"/>
        <vehicle id="cfm_slow_3" eclass="HBEFA3/PC_G_EU4" CO2="0.00" CO="0.00" HC="0.00" NOx="0.00" PMx="0.00" fuel="0.00" electricity="0.00" noise="80.86" route="routetop" type="cfm_slow" waiting="0.00" lane="top_0" pos="49.06" speed="46.77" angle="186.24" x="-1.61" y="65.63"/>
        <vehicle id="cfm_slow_4" eclass="HBEFA3/PC_G_EU4" CO2="16934.54" CO="541.34" HC="2.92" NOx="6.89" PMx="0.53" fuel="7.28" electricity="0.00" noise="81.43" route="routetop" type="cfm_slow" waiting="0.00" lane="left_0" pos="39.02" speed="46.52" angle="114.25" x="41.56" y="2.22"/>
    </timestep>
    <timestep time="6.84">
        <vehicle id="cfm_slow_0" eclass="HBEFA3/PC_G_EU4" CO2="21352.79" CO="631.76" HC="3.44" NOx="8.98" PMx="0.65" fuel="9.18" electricity="0.00" noise="82.31" route="routebottom" type="cfm_slow" waiting="0.00" lane="bottom_0" pos="29.34" speed="46.49" angle="41.62" x="115.68" y="24.19"/>
        <vehicle id="cfm_slow_1" eclass="HBEFA3/PC_G_EU4" CO2="17688.31" CO="565.53" HC="3.05" NOx="7.24" PMx="0.55" fuel="7.60" electricity="0.00" noise="81.68" route="routebottom" type="cfm_slow" waiting="0.00" lane="right_0" pos="19.11" speed="46.93" angle="330.05" x="117.55" y="100.55"/>
        <vehicle id="cfm_slow_2" eclass="HBEFA3/PC_G_EU4" CO2="0.00" CO="0.00" HC="0.00" NOx="0.00" PMx="0.00" fuel="0.00" electricity="0.00" noise="81.00" route="routetop" type="cfm_slow" waiting="0.00" lane="top_0" pos="9.29" speed="47.01" angle="257.79" x="44.86" y="126.20"/>
        <vehicle id="cfm_slow_3" eclass="HBEFA3/PC_G_EU4" CO2="0.00" CO="0.00" HC="0.00" NOx="0.00" PMx="0.00" fuel="0.00" electricity="0.00" noise="80.86" route="routetop" type="cfm_slow" waiting="0.00" lane="top_0" pos="49.52" speed="46.76" angle="185.36" x="-1.63" y="64.67"/>
        <vehicle id="cfm_slow_4" eclass="HBEFA3/PC_G_EU4" CO2="16943.23" CO="541.58" HC="2.92" NOx="6.89" PMx="0.53" fuel="7.28" electricity="0.00" noise="81.43" route="routetop" type="cfm_slow" waiting="0.00" lane="left_0" pos="39.48" speed="46.52" angle="113.39" x="42.46" y="1.90"/>
    </timestep>
    <timestep time="6.85">
        <vehicle id="cfm_slow_0" eclass="HBEFA3/PC_G_EU4" CO2="21298.38" CO="630.78" HC="3.44" NOx="8.95" PMx="0.64" fuel="9.16" electricity="0.00" noise="82.30" route="routebottom" type="cfm_slow" waiting="0.00" lane="bottom_0" pos="29.80" speed="46.50" angle="40.84" x="116.25" y="24.95"/>
        <vehicle id="cfm_slow_1" eclass="HBEFA3/PC_G_EU4" CO2="17627.50" CO="564.35" HC="3.05" NOx="7.21" PMx="0.55" fuel="7.58" electricity="0.00" noise="81.67" route="routebottom" type="cfm_slow" waiting="0.00" lane="right_0" pos="19.57" speed="46.93" angle="329.23" x="116.99" y="101.34"/>
        <vehicle id="cfm_slow_2" eclass="HBEFA3/PC_G_EU4" CO2="0.00" CO="0.00" HC="0.00" NOx="0.00" PMx="0.00" fuel="0.00" electricity="0.00" noise="80.99" route="routetop" type="cfm_slow" waiting="0.00" lane="top_0" pos="9.76" speed="47.01" angle="256.93" x="43.94" y="125.92"/>
        <vehicle id="cfm_slow_3" eclass="HBEFA3/PC_G_EU4" CO2="0.00" CO="0.00" HC="0.00" NOx="0.00" PMx="0.00" fuel="0.00" electricity="0.00" noise="80.86" route="routetop" type="cfm_slow" waiting="0.00" lane="top_0" pos="49.99" speed="46.76" angle="184.53" x="-1.65" y="63.71"/>
        <vehicle id="cfm_slow_4" eclass="HBEFA3/PC_G_EU4" CO2="16951.67" CO="541.81" HC="2.92" NOx="6.90" PMx="0.53" fuel="7.29" electricity="0.00" noise="81.43" route="routetop" type="cfm_slow" waiting="0.00" lane="left_0" pos="39.95" speed="46.53" angle="112.60" x="43.36" y="1.59"/>
    </timestep>
    <timestep time="6.86">
        <vehicle id="cfm_slow_0" eclass="HBEFA3/PC_G_EU4" CO2="21244.08" CO="629.80" HC="3.43" NOx="8.92" PMx="0.64" fuel="9.13" electricity="0.00" noise="82.29" route="routebottom" type="cfm_slow" waiting="0.00" lane="bottom_0" pos="30.27" speed="46.51" angle="40.00" x="116.81" y="25.73"/>
        <vehicle id="cfm_slow_1" eclass="HBEFA3/PC_G_EU4" CO2="17567.17" CO="563.17" HC="3.04" NOx="7.18" PMx="0.55" fuel="7.55" electricity="0.00" noise="81.66" route="routebottom" type="cfm_slow" waiting="0.00" lane="right_0" pos="20.04" speed="46.93" angle="328.36" x="116.43" y="102.12"/>
        <vehicle id="cfm_slow_2" eclass="HBEFA3/PC_G_EU4" CO2="0.00" CO="0.00" HC="0.00" NOx="0.00" PMx="0.00" fuel="0.00" electricity="0.00" noise="80.99" route="routetop" type="cfm_slow" waiting="0.00" lane="top_0" pos="10.23" speed="47.01" angle="256.12" x="43.02" y="125.63"/>
        <vehicle id="cfm_slow_3" eclass="HBEFA3/PC_G_EU4" CO2="0.00" CO="0.00" HC="0.00" NOx="0.00" PMx="0.00" fuel="0.00" electricity="0.00" noise="80.86" route="routetop" type="cfm_slow" waiting="0.00" lane="left_0" pos="0.46" speed="46.76" angle="183.65" x="-1.63" y="62.69"/>
        <vehicle id="cfm_slow_4" eclass="HBEFA3/PC_G_EU4" CO2="16959.85" CO="542.04" HC="2.93" NOx="6.90" PMx="0.53" fuel="7.29" electricity="0.00" noise="81.43" route="routetop" type="cfm_slow" waiting="0.00" lane="left_0" pos="40.41" speed="46.53" angle="111.73" x="44.27" y="1.31"/>
    </timestep>
    <timestep time="6.87">
        <vehicle id="cfm_slow_0" eclass="HBEFA3/PC_G_EU4" CO2="21189.88" CO="628.81" HC="3.43" NOx="8.90" PMx="0.64" fuel="9.11" electricity="0.00" noise="82.28" route="routebottom" type="cfm_slow" waiting="0.00" lane="bottom_0" pos="30.74" speed="46.51" angle="39.20" x="117.37" y="26.50"/>
        <vehicle id="cfm_slow_1" eclass="HBEFA3/PC_G_EU4" CO2="17507.32" CO="562.01" HC="3.03" NOx="7.15" PMx="0.55" fuel="7.53" electricity="0.00" noise="81.65" route="routebottom" type="cfm_slow" waiting="0.00" lane="right_0" pos="20.51" speed="46.94" angle="327.55" x="115.86" y="102.90"/>
        <vehicle id="cfm_slow_2" eclass="HBEFA3/PC_G_EU4" CO2="0.00" CO="0.00" HC="0.00" NOx="0.00" PMx="0.00" fuel="0.00" electricity="0.00" noise="80.99" route="routetop" type="cfm_slow" waiting="0.00" lane="top_0" pos="10.70" speed="47.01" angle="255.22" x="42.11" y="125.30"/>
        <vehicle id="cfm_slow_3" eclass="HBEFA3/PC_G_EU4" CO2="0.00" CO="0.00" HC="0.00" NOx="0.00" PMx="0.00" fuel="0.00" electricity="0.00" noise="80.86" route="routetop" type="cfm_slow" waiting="0.00" lane="left_0" pos="0.93" speed="46.76" angle="182.80" x="-1.61" y="61.73"/>
        <vehicle id="cfm_slow_4" eclass="HBEFA3/PC_G_EU4" CO2="16967.77" CO="542.26" HC="2.93" NOx="6.91" PMx="0.53" fuel="7.29" electricity="0.00" noise="81.44" route="routetop" type="cfm_slow" waiting="0.00" lane="left_0" pos="40.88" speed="46.53" angle="110.87" x="45.18" y="1.03"/>
    </timestep>
    <timestep time="6.88">
        <vehicle id="cfm_slow_0" eclass="HBEFA3/PC_G_EU4" CO2="21135.78" CO="627.83" HC="3.42" NOx="8.87" PMx="0.64" fuel="9.09" electricity="0.00" noise="82.27" route="routebottom" type="cfm_slow" waiting="0.00" lane="bottom_0" pos="31.20" speed="46.52" angle="38.37" x="117.90" y="27.29"/>
        <vehicle id="cfm_slow_1" eclass="HBEFA3/PC_G_EU4" CO2="17447.94" CO="560.85" HC="3.02" NOx="7.12" PMx="0.55" fuel="7.50" electricity="0.00" noise="81.64" route="routebottom" type="cfm_slow" waiting="0.00" lane="right_0" pos="20.98" speed="46.94" angle="326.69" x="115.27" y="103.65"/>
        <vehicle id="cfm_slow_2" eclass="HBEFA3/PC_G_EU4" CO2="0.00" CO="0.00" HC="0.00" NOx="0.00" PMx="0.00" fuel="0.00" electricity="0.00" noise="80.98" route="routetop" type="cfm_slow" waiting="0.00" lane="top_0" pos="11.17" speed="47.01" angle="254.30" x="41.20" y="124.97"/>
        <vehicle id="cfm_slow_3" eclass="HBEFA3/PC_G_EU4" CO2="0.00" CO="0.00" HC="0.00" NOx="0.00" PMx="0.00" fuel="0.00" electricity="0.00" noise="80.87" route="routetop" type="cfm_slow" waiting="0.00" lane="left_0" pos="1.39" speed="46.76" angle="181.99" x="-1.58" y="60.77"/>
        <vehicle id="cfm_slow_4" eclass="HBEFA3/PC_G_EU4" CO2="16975.43" CO="542.48" HC="2.93" NOx="6.91" PMx="0.53" fuel="7.30" electricity="0.00" noise="81.44" route="routetop" type="cfm_slow" waiting="0.00" lane="left_0" pos="41.34" speed="46.53" angle="110.07" x="46.10" y="0.77"/>
    </timestep>
    <timestep time="6.89">
        <vehicle id="cfm_slow_0" eclass="HBEFA3/PC_G_EU4" CO2="21081.78" CO="626.85" HC="3.41" NOx="8.85" PMx="0.64" fuel="9.06" electricity="0.00" noise="82.26" route="routebottom" type="cfm_slow" waiting="0.00" lane="bottom_0" pos="31.67" speed="46.53" angle="37.52" x="118.43" y="28.08"/>
        <vehicle id="cfm_slow_1" eclass="HBEFA3/PC_G_EU4" CO2="17389.04" CO="559.70" HC="3.02" NOx="7.10" PMx="0.55" fuel="7.47" electricity="0.00" noise="81.63" route="routebottom" type="cfm_slow" waiting="0.00" lane="right_0" pos="21.45" speed="46.94" angle="325.83" x="114.68" y="104.41"/>
        <vehicle id="cfm_slow_2" eclass="HBEFA3/PC_G_EU4" CO2="0.00" CO="0.00" HC="0.00" NOx="0.00" PMx="0.00" fuel="0.00" electricity="0.00" noise="80.98" route="routetop" type="cfm_slow" waiting="0.00" lane="top_0" pos="11.64" speed="47.01" angle="253.48" x="40.30" y="124.64"/>
        <vehicle id="cfm_slow_3" eclass="HBEFA3/PC_G_EU4" CO2="0.00" CO="0.00" HC="0.00" NOx="0.00" PMx="0.00" fuel="0.00" electricity="0.00" noise="80.87" route="routetop" type="cfm_slow" waiting="0.00" lane="left_0" pos="1.86" speed="46.76" angle="181.14" x="-1.53" y="59.82"/>
        <vehicle id="cfm_slow_4" eclass="HBEFA3/PC_G_EU4" CO2="16982.84" CO="542.69" HC="2.93" NOx="6.91" PMx="0.53" fuel="7.30" electricity="0.00" noise="81.44" route="routetop" type="cfm_slow" waiting="0.00" lane="left_0" pos="41.81" speed="46.54" angle="109.22" x="47.02" y="0.52"/>
    </timestep>
    <timestep time="6.90">
        <vehicle id="cfm_slow_0" eclass="HBEFA3/PC_G_EU4" CO2="21027.89" CO="625.87" HC="3.41" NOx="8.82" PMx="0.64" fuel="9.04" electricity="0.00" noise="82.25" route="routebottom" type="cfm_slow" waiting="0.00" lane="bottom_0" pos="32.13" speed="46.53" angle="36.73" x="118.95" y="28.88"/>
        <vehicle id="cfm_slow_1" eclass="HBEFA3/PC_G_EU4" CO2="17330.62" CO="558.56" HC="3.01" NOx="7.07" PMx="0.54" fuel="7.45" electricity="0.00" noise="81.62" route="routebottom" type="cfm_slow" waiting="0.00" lane="right_0" pos="21.92" speed="46.94" angle="325.03" x="114.08" y="105.16"/>
        <vehicle id="cfm_slow_2" eclass="HBEFA3/PC_G_EU4" CO2="0.00" CO="0.00" HC="0.00" NOx="0.00" PMx="0.00" fuel="0.00" electricity="0.00" noise="80.97" route="routetop" type="cfm_slow" waiting="0.00" lane="top_0" pos="12.11" speed="47.01" angle="252.65" x="39.40" y="124.28"/>
        <vehicle id="cfm_slow_3" eclass="HBEFA3/PC_G_EU4" CO2="0.00" CO="0.00" HC="0.00" NOx="0.00" PMx="0.00" fuel="0.00" electricity="0.00" noise="80.87" route="routetop" type="cfm_slow" waiting="0.00" lane="left_0" pos="2.33" speed="46.76" angle="180.29" x="-1.47" y="58.86"/>
        <vehicle id="cfm_slow_4" eclass="HBEFA3/PC_G_EU4" CO2="16989.99" CO="542.90" HC="2.93" NOx="6.92" PMx="0.53" fuel="7.30" electricity="0.00" noise="81.44" route="routetop" type="cfm_slow" waiting="0.00" lane="left_0" pos="42.27" speed="46.54" angle="108.41" x="47.95" y="0.27"/>
    </timestep>
    <timestep time="6.91">
        <vehicle id="cfm_slow_0" eclass="HBEFA3/PC_G_EU4" CO2="20974.11" CO="624.89" HC="3.40" NOx="8.80" PMx="0.64" fuel="9.02" electricity="0.00" noise="82.24" route="routebottom" type="cfm_slow" waiting="0.00" lane="bottom_0" pos="32.60" speed="46.54" angle="35.86" x="119.44" y="29.70"/>
        <vehicle id="cfm_slow_1" eclass="HBEFA3/PC_G_EU4" CO2="17272.67" CO="557.42" HC="3.00" NOx="7.04" PMx="0.54" fuel="7.42" electricity="0.00" noise="81.61" route="routebottom" type="cfm_slow" waiting="0.00" lane="right_0" pos="22.39" speed="46.95" angle="324.17" x="113.46" y="105.90"/>
        <vehicle id="cfm_slow_2" eclass="HBEFA3/PC_G_EU4" CO2="0.00" CO="0.00" HC="0.00" NOx="0.00" PMx="0.00" fuel="0.00" electricity="0.00" noise="80.97" route="routetop" type="cfm_slow" waiting="0.00" lane="top_0" pos="12.58" speed="47.01" angle="251.83" x="38.51" y="123.92"/>
        <vehicle id="cfm_slow_3" eclass="HBEFA3/PC_G_EU4" CO2="0.00" CO="0.00" HC="0.00" NOx="0.00" PMx="0.00" fuel="0.00" electricity="0.00" noise="80.87" route="routetop" type="cfm_slow" waiting="0.00" lane="left_0" pos="2.80" speed="46.76" angle="179.48" x="-1.39" y="57.90"/>
        <vehicle id="cfm_slow_4" eclass="HBEFA3/PC_G_EU4" CO2="16996.88" CO="543.10" HC="2.93" NOx="6.92" PMx="0.53" fuel="7.31" electricity="0.00" noise="81.44" route="routetop" type="cfm_slow" waiting="0.00" lane="left_0" pos="42.74" speed="46.54" angle="107.60" x="48.88" y="0.06"/>
    </timestep>
    <timestep time="6.92">
        <vehicle id="cfm_slow_0" eclass="HBEFA3/PC_G_EU4" CO2="20920.43" CO="623.92" HC="3.40" NOx="8.77" PMx="0.63" fuel="8.99" electricity="0.00" noise="82.23" route="routebottom" type="cfm_slow" waiting="0.00" lane="bottom_0" pos="33.06" speed="46.54" angle="34.99" x="119.93" y="30.52"/>
        <vehicle id="cfm_slow_1" eclass="HBEFA3/PC_G_EU4" CO2="17215.19" CO="556.30" HC="3.00" NOx="7.01" PMx="0.54" fuel="7.40" electricity="0.00" noise="81.60" route="routebottom" type="cfm_slow" waiting="0.00" lane="right_0" pos="22.86" speed="46.95" angle="323.31" x="112.84" y="106.64"/>
        <vehicle id="cfm_slow_2" eclass="HBEFA3/PC_G_EU4" CO2="0.00" CO="0.00" HC="0.00" NOx="0.00" PMx="0.00" fuel="0.00" electricity="0.00" noise="80.96" route="routetop" type="cfm_slow" waiting="0.00" lane="top_0" pos="13.05" speed="47.01" angle="251.02" x="37.62" y="123.55"/>
        <vehicle id="cfm_slow_3" eclass="HBEFA3/PC_G_EU4" CO2="0.00" CO="0.00" HC="0.00" NOx="0.00" PMx="0.00" fuel="0.00" electricity="0.00" noise="80.87" route="routetop" type="cfm_slow" waiting="0.00" lane="left_0" pos="3.26" speed="46.76" angle="178.63" x="-1.30" y="56.95"/>
        <vehicle id="cfm_slow_4" eclass="HBEFA3/PC_G_EU4" CO2="17003.51" CO="543.30" HC="2.93" NOx="6.92" PMx="0.53" fuel="7.31" electricity="0.00" noise="81.45" route="routetop" type="cfm_slow" waiting="0.00" lane="left_0" pos="43.21" speed="46.55" angle="106.76" x="49.81" y="-0.15"/>
    </timestep>
    <timestep time="6.93">
        <vehicle id="cfm_slow_0" eclass="HBEFA3/PC_G_EU4" CO2="20866.87" CO="622.94" HC="3.39" NOx="8.75" PMx="0.63" fuel="8.97" electricity="0.00" noise="82.22" route="routebottom" type="cfm_slow" waiting="0.00" lane="bottom_0" pos="33.53" speed="46.55" angle="34.18" x="120.41" y="31.35"/>
        <vehicle id="cfm_slow_1" eclass="HBEFA3/PC_G_EU4" CO2="17158.20" CO="555.18" HC="2.99" NOx="6.99" PMx="0.54" fuel="7.38" electricity="0.00" noise="81.59" route="routebottom" type="cfm_slow" waiting="0.00" lane="right_0" pos="23.33" speed="46.95" angle="322.53" x="112.20" y="107.36"/>
        <vehicle id="cfm_slow_2" eclass="HBEFA3/PC_G_EU4" CO2="0.00" CO="0.00" HC="0.00" NOx="0.00" PMx="0.00" fuel="0.00" electricity="0.00" noise="80.96" route="routetop" type="cfm_slow" waiting="0.00" lane="top_0" pos="13.52" speed="47.01" angle="250.14" x="36.74" y="123.15"/>
        <vehicle id="cfm_slow_3" eclass="HBEFA3/PC_G_EU4" CO2="0.00" CO="0.00" HC="0.00" NOx="0.00" PMx="0.00" fuel="0.00" electricity="0.00" noise="80.88" route="routetop" type="cfm_slow" waiting="0.00" lane="left_0" pos="3.73" speed="46.76" angle="177.78" x="-1.20" y="56.00"/>
        <vehicle id="cfm_slow_4" eclass="HBEFA3/PC_G_EU4" CO2="17009.89" CO="543.49" HC="2.93" NOx="6.93" PMx="0.53" fuel="7.31" electricity="0.00" noise="81.45" route="routetop" type="cfm_slow" waiting="0.00" lane="left_0" pos="43.67" speed="46.55" angle="105.97" x="50.74" y="-0.36"/>
    </timestep>
    <timestep time="6.94">
        <vehicle id="cfm_slow_0" eclass="HBEFA3/PC_G_EU4" CO2="20813.42" CO="621.97" HC="3.39" NOx="8.72" PMx="0.63" fuel="8.95" electricity="0.00" noise="82.21" route="routebottom" type="cfm_slow" waiting="0.00" lane="bottom_0" pos="33.99" speed="46.56" angle="33.34" x="120.87" y="32.18"/>
        <vehicle id="cfm_slow_1" eclass="HBEFA3/PC_G_EU4" CO2="17101.67" CO="554.08" HC="2.99" NOx="6.96" PMx="0.54" fuel="7.35" electricity="0.00" noise="81.58" route="routebottom" type="cfm_slow" waiting="0.00" lane="right_0" pos="23.80" speed="46.96" angle="321.67" x="111.54" y="108.06"/>
        <vehicle id="cfm_slow_2" eclass="HBEFA3/PC_G_EU4" CO2="0.00" CO="0.00" HC="0.00" NOx="0.00" PMx="0.00" fuel="0.00" electricity="0.00" noise="80.96" route="routetop" type="cfm_slow" waiting="0.00" lane="top_0" pos="13.99" speed="47.01" angle="249.28" x="35.86" y="122.76"/>
        <vehicle id="cfm_slow_3" eclass="HBEFA3/PC_G_EU4" CO2="0.00" CO="0.00" HC="0.00" NOx="0.00" PMx="0.00" fuel="0.00" electricity="0.00" noise="80.88" route="routetop" type="cfm_slow" waiting="0.00" lane="left_0" pos="4.20" speed="46.76" angle="176.97" x="-1.07" y="55.05"/>
        <vehicle id="cfm_slow_4" eclass="HBEFA3/PC_G_EU4" CO2="17016.02" CO="543.67" HC="2.93" NOx="6.93" PMx="0.53" fuel="7.31" electricity="0.00" noise="81.45" route="routetop" type="cfm_slow" waiting="0.00" lane="left_0" pos="44.14" speed="46.55" angle="105.10" x="51.68" y="-0.53"/>
    </timestep>
    <timestep time="6.95">
        <vehicle id="cfm_slow_0" eclass="HBEFA3/PC_G_EU4" CO2="20760.09" CO="620.99" HC="3.38" NOx="8.69" PMx="0.63" fuel="8.92" electricity="0.00" noise="82.20" route="routebottom" type="cfm_slow" waiting="0.00" lane="bottom_0" pos="34.46" speed="46.56" angle="32.50" x="121.33" y="33.02"/>
        <vehicle id="cfm_slow_1" eclass="HBEFA3/PC_G_EU4" CO2="17045.62" CO="552.98" HC="2.98" NOx="6.93" PMx="0.54" fuel="7.33" electricity="0.00" noise="81.57" route="routebottom" type="cfm_slow" waiting="0.00" lane="right_0" pos="24.27" speed="46.96" angle="320.83" x="110.89" y="108.77"/>
        <vehicle id="cfm_slow_2" eclass="HBEFA3/PC_G_EU4" CO2="0.00" CO="0.00" HC="0.00" NOx="0.00" PMx="0.00" fuel="0.00" electricity="0.00" noise="80.95" route="routetop" type="cfm_slow" waiting="0.00" lane="top_0" pos="14.46" speed="47.01" angle="248.45" x="35.00" y="122.34"/>
        <vehicle id="cfm_slow_3" eclass="HBEFA3/PC_G_EU4" CO2="0.00" CO="0.00" HC="0.00" NOx="0.00" PMx="0.00" fuel="0.00" electricity="0.00" noise="80.88" route="routetop" type="cfm_slow" waiting="0.00" lane="left_0" pos="4.67" speed="46.76" angle="176.12" x="-0.94" y="54.10"/>
        <vehicle id="cfm_slow_4" eclass="HBEFA3/PC_G_EU4" CO2="17021.88" CO="543.86" HC="2.94" NOx="6.93" PMx="0.53" fuel="7.32" electricity="0.00" noise="81.45" route="routetop" type="cfm_slow" waiting="0.00" lane="left_0" pos="44.60" speed="46.55" angle="104.24" x="52.62" y="-0.70"/>
    </timestep>
    <timestep time="6.96">
        <vehicle id="cfm_slow_0" eclass="HBEFA3/PC_G_EU4" CO2="20706.88" CO="620.02" HC="3.37" NOx="8.67" PMx="0.63" fuel="8.90" electricity="0.00" noise="82.19" route="routebottom" type="cfm_slow" waiting="0.00" lane="bottom_0" pos="34.92" speed="46.57" angle="31.70" x="121.77" y="33.86"/>
        <vehicle id="cfm_slow_1" eclass="HBEFA3/PC_G_EU4" CO2="16990.05" CO="551.89" HC="2.97" NOx="6.91" PMx="0.54" fuel="7.30" electricity="0.00" noise="81.56" route="routebottom" type="cfm_slow" waiting="0.00" lane="right_0" pos="24.74" speed="46.96" angle="320.01" x="110.21" y="109.46"/>
        <vehicle id="cfm_slow_2" eclass="HBEFA3/PC_G_EU4" CO2="0.00" CO="0.00" HC="0.00" NOx="0.00" PMx="0.00" fuel="0.00" electricity="0.00" noise="80.95" route="routetop" type="cfm_slow" waiting="0.00" lane="top_0" pos="14.93" speed="47.01" angle="247.58" x="34.13" y="121.91"/>
        <vehicle id="cfm_slow_3" eclass="HBEFA3/PC_G_EU4" CO2="0.00" CO="0.00" HC="0.00" NOx="0.00" PMx="0.00" fuel="0.00" electricity="0.00" noise="80.88" route="routetop" type="cfm_slow" waiting="0.00" lane="left_0" pos="5.13" speed="46.76" angle="175.28" x="-0.80" y="53.15"/>
        <vehicle id="cfm_slow_4" eclass="HBEFA3/PC_G_EU4" CO2="17027.49" CO="544.03" HC="2.94" NOx="6.93" PMx="0.53" fuel="7.32" electricity="0.00" noise="81.45" route="routetop" type="cfm_slow" waiting="0.00" lane="left_0" pos="45.07" speed="46.56" angle="103.44" x="53.56" y="-0.86"/>
    </timestep>
    <timestep time="6.97">
        <vehicle id="cfm_slow_0" eclass="HBEFA3/PC_G_EU4" CO2="20653.78" CO="619.05" HC="3.37" NOx="8.64" PMx="0.63" fuel="8.88" electricity="0.00" noise="82.18" route="routebottom" type="cfm_slow" waiting="0.00" lane="bottom_0" pos="35.39" speed="46.57" angle="30.83" x="122.20" y="34.72"/>
        <vehicle id="cfm_slow_1" eclass="HBEFA3/PC_G_EU4" CO2="16934.95" CO="550.81" HC="2.97" NOx="6.88" PMx="0.53" fuel="7.28" electricity="0.00" noise="81.55" route="routebottom" type="cfm_slow" waiting="0.00" lane="right_0" pos="25.21" speed="46.96" angle="319.15" x="109.53" y="110.14"/>
        <vehicle id="cfm_slow_2" eclass="HBEFA3/PC_G_EU4" CO2="0.00" CO="0.00" HC="0.00" NOx="0.00" PMx="0.00" fuel="0.00" electricity="0.00" noise="80.95" route="routetop" type="cfm_slow" waiting="0.00" lane="top_0" pos="15.40" speed="47.01" angle="246.78" x="33.27" y="121.47"/>
        <vehicle id="cfm_slow_3" eclass="HBEFA3/PC_G_EU4" CO2="0.00" CO="0.00" HC="0.00" NOx="0.00" PMx="0.00" fuel="0.00" electricity="0.00" noise="80.89" route="routetop" type="cfm_slow" waiting="0.00" lane="left_0" pos="5.60" speed="46.76" angle="174.40" x="-0.63" y="52.20"/>
        <vehicle id="cfm_slow_4" eclass="HBEFA3/PC_G_EU4" CO2="17032.85" CO="544.20" HC="2.94" NOx="6.94" PMx="0.53" fuel="7.32" electricity="0.00" noise="81.46" route="routetop" type="cfm_slow" waiting="0.00" lane="left_0" pos="45.53" speed="46.56" angle="102.59" x="54.50" y="-1.00"/>
    </timestep>
    <timestep time="6.98">
        <vehicle id="cfm_slow_0" eclass="HBEFA3/PC_G_EU4" CO2="20600.81" CO="618.08" HC="3.36" NOx="8.62" PMx="0.63" fuel="8.86" electricity="0.00" noise="82.17" route="routebottom" type="cfm_slow" waiting="0.00" lane="bottom_0" pos="35.86" speed="46.58" angle="30.00" x="122.63" y="35.57"/>
        <vehicle id="cfm_slow_1" eclass="HBEFA3/PC_G_EU4" CO2="16880.32" CO="549.74" HC="2.96" NOx="6.86" PMx="0.53" fuel="7.26" electricity="0.00" noise="81.54" route="routebottom" type="cfm_slow" waiting="0.00" lane="right_0" pos="25.68" speed="46.97" angle="318.35" x="108.85" y="110.82"/>
        <vehicle id="cfm_slow_2" eclass="HBEFA3/PC_G_EU4" CO2="0.00" CO="0.00" HC="0.00" NOx="0.00" PMx="0.00" fuel="0.00" electricity="0.00" noise="80.94" route="routetop" type="cfm_slow" waiting="0.00" lane="top_0" pos="15.87" speed="47.01" angle="245.94" x="32.43" y="121.01"/>
        <vehicle id="cfm_slow_3" eclass="HBEFA3/PC_G_EU4" CO2="0.00" CO="0.00" HC="0.00" NOx="0.00" PMx="0.00" fuel="0.00" electricity="0.00" noise="80.89" route="routetop" type="cfm_slow" waiting="0.00" lane="left_0" pos="6.07" speed="46.76" angle="173.52" x="-0.45" y="51.26"/>
        <vehicle id="cfm_slow_4" eclass="HBEFA3/PC_G_EU4" CO2="17037.95" CO="544.37" HC="2.94" NOx="6.94" PMx="0.53" fuel="7.32" electricity="0.00" noise="81.46" route="routetop" type="cfm_slow" waiting="0.00" lane="left_0" pos="46.00" speed="46.56" angle="101.74" x="55.45" y="-1.13"/>
    </timestep>
    <timestep time="6.99">
        <vehicle id="cfm_slow_0" eclass="HBEFA3/PC_G_EU4" CO2="20547.96" CO="617.12" HC="3.36" NOx="8.59" PMx="0.63" fuel="8.83" electricity="0.00" noise="82.16" route="routebottom" type="cfm_slow" waiting="0.00" lane="bottom_0" pos="36.32" speed="46.59" angle="29.13" x="123.02" y="36.44"/>
        <vehicle id="cfm_slow_1" eclass="HBEFA3/PC_G_EU4" CO2="16826.16" CO="548.68" HC="2.95" NOx="6.83" PMx="0.53" fuel="7.23" electricity="0.00" noise="81.53" route="routebottom" type="cfm_slow" waiting="0.00" lane="right_0" pos="26.15" speed="46.97" angle="317.49" x="108.14" y="111.47"/>
        <vehicle id="cfm_slow_2" eclass="HBEFA3/PC_G_EU4" CO2="0.00" CO="0.00" HC="0.00" NOx="0.00" PMx="0.00" fuel="0.00" electricity="0.00" noise="80.94" route="routetop" type="cfm_slow" waiting="0.00" lane="top_0" pos="16.34" speed="47.01" angle="245.09" x="31.59" y="120.54"/>
        <vehicle id="cfm_slow_3" eclass="HBEFA3/PC_G_EU4" CO2="0.00" CO="0.00" HC="0.00" NOx="0.00" PMx="0.00" fuel="0.00" electricity="0.00" noise="80.89" route="routetop" type="cfm_slow" waiting="0.00" lane="left_0" pos="6.54" speed="46.76" angle="172.71" x="-0.27" y="50.32"/>
        <vehicle id="cfm_slow_4" eclass="HBEFA3/PC_G_EU4" CO2="17042.80" CO="544.53" HC="2.94" NOx="6.94" PMx="0.53" fuel="7.33" electricity="0.00" noise="81.46" route="routetop" type="cfm_slow" waiting="0.00" lane="left_0" pos="46.46" speed="46.57" angle="100.93" x="56.40" y="-1.24"/>
    </timestep>
    <timestep time="7.00">
        <vehicle id="cfm_slow_0" eclass="HBEFA3/PC_G_EU4" CO2="20495.24" CO="616.15" HC="3.35" NOx="8.57" PMx="0.62" fuel="8.81" electricity="0.00" noise="82.15" route="routebottom" type="cfm_slow" waiting="0.00" lane="bottom_0" pos="36.79" speed="46.59" angle="28.24" x="123.41" y="37.31"/>
        <vehicle id="cfm_slow_1" eclass="HBEFA3/PC_G_EU4" CO2="16772.48" CO="547.62" HC="2.95" NOx="6.81" PMx="0.53" fuel="7.21" electricity="0.00" noise="81.52" route="routebottom" type="cfm_slow" waiting="0.00" lane="right_0" pos="26.62" speed="46.97" angle="316.64" x="107.44" y="112.13"/>
        <vehicle id="cfm_slow_2" eclass="HBEFA3/PC_G_EU4" CO2="0.00" CO="0.00" HC="0.00" NOx="0.00" PMx="0.00" fuel="0.00" electricity="0.00" noise="80.94" route="routetop" type="cfm_slow" waiting="0.00" lane="top_0" pos="16.81" speed="47.01" angle="244.28" x="30.75" y="120.06"/>
        <vehicle id="cfm_slow_3" eclass="HBEFA3/PC_G_EU4" CO2="0.00" CO="0.00" HC="0.00" NOx="0.00" PMx="0.00" fuel="0.00" electricity="0.00" noise="80.89" route="routetop" type="cfm_slow" waiting="0.00" lane="left_0" pos="7.00" speed="46.76" angle="171.85" x="-0.06" y="49.39"/>
        <vehicle id="cfm_slow_4" eclass="HBEFA3/PC_G_EU4" CO2="17047.40" CO="544.68" HC="2.94" NOx="6.94" PMx="0.53" fuel="7.33" electricity="0.00" noise="81.46" route="routetop" type="cfm_slow" waiting="0.00" lane="left_0" pos="46.93" speed="46.57" angle="100.07" x="57.35" y="-1.33"/>
    </timestep>
    <timestep time="7.01">
        <vehicle id="cfm_slow_0" eclass="HBEFA3/PC_G_EU4" CO2="20442.64" CO="615.19" HC="3.35" NOx="8.54" PMx="0.62" fuel="8.79" electricity="0.00" noise="82.14" route="routebottom" type="cfm_slow" waiting="0.00" lane="bottom_0" pos="37.25" speed="46.60" angle="27.44" x="123.80" y="38.19"/>
        <vehicle id="cfm_slow_1" eclass="HBEFA3/PC_G_EU4" CO2="16719.26" CO="546.58" HC="2.94" NOx="6.78" PMx="0.53" fuel="7.19" electricity="0.00" noise="81.51" route="routebottom" type="cfm_slow" waiting="0.00" lane="right_0" pos="27.09" speed="46.97" angle="315.81" x="106.72" y="112.77"/>
        <vehicle id="cfm_slow_2" eclass="HBEFA3/PC_G_EU4" CO2="0.00" CO="0.00" HC="0.00" NOx="0.00" PMx="0.00" fuel="0.00" electricity="0.00" noise="80.93" route="routetop" type="cfm_slow" waiting="0.00" lane="top_0" pos="17.28" speed="47.01" angle="243.42" x="29.92" y="119.57"/>
        <vehicle id="cfm_slow_3" eclass="HBEFA3/PC_G_EU4" CO2="0.00" CO="0.00" HC="0.00" NOx="0.00" PMx="0.00" fuel="0.00" electricity="0.00" noise="80.89" route="routetop" type="cfm_slow" waiting="0.00" lane="left_0" pos="7.47" speed="46.76" angle="170.99" x="0.15" y="48.45"/>
        <vehicle id="cfm_slow_4" eclass="HBEFA3/PC_G_EU4" CO2="17051.74" CO="544.83" HC="2.94" NOx="6.94" PMx="0.53" fuel="7.33" electricity="0.00" noise="81.46" route="routetop" type="cfm_slow" waiting="0.00" lane="left_0" pos="47.40" speed="46.57" angle="99.23" x="58.30" y="-1.43"/>
    </timestep>
    <timestep time="7.02">
        <vehicle id="cfm_slow_0" eclass="HBEFA3/PC_G_EU4" CO2="20390.18" CO="614.23" HC="3.34" NOx="8.52" PMx="0.62" fuel="8.76" electricity="0.00" noise="82.13" route="routebottom" type="cfm_slow" waiting="0.00" lane="bottom_0" pos="37.72" speed="46.60" angle="26.58" x="124.15" y="39.08"/>
        <vehicle id="cfm_slow_1" eclass="HBEFA3/PC_G_EU4" CO2="16666.52" CO="545.54" HC="2.94" NOx="6.76" PMx="0.53" fuel="7.16" electricity="0.00" noise="81.50" route="routebottom" type="cfm_slow" waiting="0.00" lane="right_0" pos="27.56" speed="46.97" angle="314.89" x="105.98" y="113.39"/>
        <vehicle id="cfm_slow_2" eclass="HBEFA3/PC_G_EU4" CO2="0.00" CO="0.00" HC="0.00" NOx="0.00" PMx="0.00" fuel="0.00" electricity="0.00" noise="80.93" route="routetop" type="cfm_slow" waiting="0.00" lane="top_0" pos="17.75" speed="47.01" angle="242.56" x="29.09" y="119.08"/>
        <vehicle id="cfm_slow_3" eclass="HBEFA3/PC_G_EU4" CO2="0.00" CO="0.00" HC="0.00" NOx="0.00" PMx="0.00" fuel="0.00" electricity="0.00" noise="80.90" route="routetop" type="cfm_slow" waiting="0.00" lane="left_0" pos="7.94" speed="46.76" angle="170.18" x="0.39" y="47.52"/>
        <vehicle id="cfm_slow_4" eclass="HBEFA3/PC_G_EU4" CO2="17055.83" CO="544.97" HC="2.94" NOx="6.95" PMx="0.53" fuel="7.33" electricity="0.00" noise="81.46" route="routetop" type="cfm_slow" waiting="0.00" lane="left_0" pos="47.86" speed="46.57" angle="98.40" x="59.25" y="-1.49"/>
    </timestep>
    <timestep time="7.03">
        <vehicle id="cfm_slow_0" eclass="HBEFA3/PC_G_EU4" CO2="20337.84" CO="613.27" HC="3.33" NOx="8.49" PMx="0.62" fuel="8.74" electricity="0.00" noise="82.12" route="routebottom" type="cfm_slow" waiting="0.00" lane="bottom_0" pos="38.19" speed="46.61" angle="25.73" x="124.50" y="39.96"/>
        <vehicle id="cfm_slow_1" eclass="HBEFA3/PC_G_EU4" CO2="16614.25" CO="544.52" HC="2.93" NOx="6.73" PMx="0.53" fuel="7.14" electricity="0.00" noise="81.49" route="routebottom" type="cfm_slow" waiting="0.00" lane="right_0" pos="28.03" speed="46.98" angle="313.96" x="105.25" y="114.01"/>
        <vehicle id="cfm_slow_2" eclass="HBEFA3/PC_G_EU4" CO2="0.00" CO="0.00" HC="0.00" NOx="0.00" PMx="0.00" fuel="0.00" electricity="0.00" noise="80.93" route="routetop" type="cfm_slow" waiting="0.00" lane="top_0" pos="18.22" speed="47.00" angle="241.74" x="28.28" y="118.56"/>
        <vehicle id="cfm_slow_3" eclass="HBEFA3/PC_G_EU4" CO2="0.00" CO="0.00" HC="0.00" NOx="0.00" PMx="0.00" fuel="0.00" electricity="0.00" noise="80.90" route="routetop" type="cfm_slow" waiting="0.00" lane="left_0" pos="8.41" speed="46.76" angle="169.31" x="0.63" y="46.59"/>
        <vehicle id="cfm_slow_4" eclass="HBEFA3/PC_G_EU4" CO2="17059.67" CO="545.11" HC="2.94" NOx="6.95" PMx="0.53" fuel="7.33" electricity="0.00" noise="81.46" route="routetop" type="cfm_slow" waiting="0.00" lane="left_0" pos="48.33" speed="46.58" angle="97.54" x="60.20" y="-1.55"/>
    </timestep>
    <timestep time="7.04">
        <vehicle id="cfm_slow_0" eclass="HBEFA3/PC_G_EU4" CO2="20285.64" CO="612.31" HC="3.33" NOx="8.47" PMx="0.62" fuel="8.72" electricity="0.00" noise="82.11" route="routebottom" type="cfm_slow" waiting="0.00" lane="bottom_0" pos="38.65" speed="46.61" angle="24.93" x="124.85" y="40.86"/>
        <vehicle id="cfm_slow_1" eclass="HBEFA3/PC_G_EU4" CO2="16562.44" CO="543.50" HC="2.92" NOx="6.71" PMx="0.52" fuel="7.12" electricity="0.00" noise="81.48" route="routebottom" type="cfm_slow" waiting="0.00" lane="right_0" pos="28.50" speed="46.98" angle="313.15" x="104.50" y="114.61"/>
        <vehicle id="cfm_slow_2" eclass="HBEFA3/PC_G_EU4" CO2="0.00" CO="0.00" HC="0.00" NOx="0.00" PMx="0.00" fuel="0.00" electricity="0.00" noise="80.92" route="routetop" type="cfm_slow" waiting="0.00" lane="top_0" pos="18.69" speed="47.00" angle="240.85" x="27.48" y="118.02"/>
        <vehicle id="cfm_slow_3" eclass="HBEFA3/PC_G_EU4" CO2="0.00" CO="0.00" HC="0.00" NOx="0.00" PMx="0.00" fuel="0.00" electricity="0.00" noise="80.90" route="routetop" type="cfm_slow" waiting="0.00" lane="left_0" pos="8.88" speed="46.76" angle="168.45" x="0.88" y="45.67"/>
        <vehicle id="cfm_slow_4" eclass="HBEFA3/PC_G_EU4" CO2="17063.25" CO="545.25" HC="2.94" NOx="6.95" PMx="0.53" fuel="7.33" electricity="0.00" noise="81.47" route="routetop" type="cfm_slow" waiting="0.00" lane="left_0" pos="48.79" speed="46.58" angle="96.73" x="61.16" y="-1.60"/>
    </timestep>
    <timestep time="7.05">
        <vehicle id="cfm_slow_0" eclass="HBEFA3/PC_G_EU4" CO2="20233.57" CO="611.35" HC="3.32" NOx="8.45" PMx="0.62" fuel="8.70" electricity="0.00" noise="82.10" route="routebottom" type="cfm_slow" waiting="0.00" lane="bottom_0" pos="39.12" speed="46.62" angle="24.09" x="125.17" y="41.75"/>
        <vehicle id="cfm_slow_1" eclass="HBEFA3/PC_G_EU4" CO2="16511.10" CO="542.49" HC="2.92" NOx="6.68" PMx="0.52" fuel="7.10" electricity="0.00" noise="81.48" route="routebottom" type="cfm_slow" waiting="0.00" lane="right_0" pos="28.97" speed="46.98" angle="312.30" x="103.74" y="115.21"/>
        <vehicle id="cfm_slow_2" eclass="HBEFA3/PC_G_EU4" CO2="0.00" CO="0.00" HC="0.00" NOx="0.00" PMx="0.00" fuel="0.00" electricity="0.00" noise="80.92" route="routetop" type="cfm_slow" waiting="0.00" lane="top_0" pos="19.16" speed="47.00" angle="239.98" x="26.68" y="117.49"/>
        <vehicle id="cfm_slow_3" eclass="HBEFA3/PC_G_EU4" CO2="0.00" CO="0.00" HC="0.00" NOx="0.00" PMx="0.00" fuel="0.00" electricity="0.00" noise="80.90" route="routetop" type="cfm_slow" waiting="0.00" lane="left_0" pos="9.34" speed="46.76" angle="167.64" x="1.16" y="44.75"/>
        <vehicle id="cfm_slow_4" eclass="HBEFA3/PC_G_EU4" CO2="17066.59" CO="545.38" HC="2.94" NOx="6.95" PMx="0.53" fuel="7.34" electricity="0.00" noise="81.47" route="routetop" type="cfm_slow" waiting="0.00" lane="left_0" pos="49.26" speed="46.58" angle="95.86" x="62.11" y="-1.62"/>
    </timestep>
    <timestep time="7.06">
        <vehicle id="cfm_slow_0" eclass="HBEFA3/PC_G_EU4" CO2="20181.65" CO="610.40" HC="3.32" NOx="8.42" PMx="0.62" fuel="8.68" electricity="0.00" noise="82.09" route="routebottom" type="cfm_slow" waiting="0.00" lane="bottom_0" pos="39.58" speed="46.62" angle="23.25" x="125.50" y="42.65"/>
        <vehicle id="cfm_slow_1" eclass="HBEFA3/PC_G_EU4" CO2="16460.24" CO="541.49" HC="2.91" NOx="6.66" PMx="0.52" fuel="7.08" electricity="0.00" noise="81.47" route="routebottom" type="cfm_slow" waiting="0.00" lane="right_0" pos="29.44" speed="46.98" angle="311.47" x="102.98" y="115.80"/>
        <vehicle id="cfm_slow_2" eclass="HBEFA3/PC_G_EU4" CO2="0.00" CO="0.00" HC="0.00" NOx="0.00" PMx="0.00" fuel="0.00" electricity="0.00" noise="80.92" route="routetop" type="cfm_slow" waiting="0.00" lane="top_0" pos="19.63" speed="47.00" angle="239.13" x="25.89" y="116.93"/>
        <vehicle id="cfm_slow_3" eclass="HBEFA3/PC_G_EU4" CO2="0.00" CO="0.00" HC="0.00" NOx="0.00" PMx="0.00" fuel="0.00" electricity="0.00" noise="80.91" route="routetop" type="cfm_slow" waiting="0.00" lane="left_0" pos="9.81" speed="46.76" angle="166.78" x="1.44" y="43.84"/>
        <vehicle id="cfm_slow_4" eclass="HBEFA3/PC_G_EU4" CO2="17069.68" CO="545.50" HC="2.94" NOx="6.95" PMx="0.53" fuel="7.34" electricity="0.00" noise="81.47" route="routetop" type="cfm_slow" waiting="0.00" lane="left_0" pos="49.72" speed="46.59" angle="94.98" x="63.07" y="-1.64"/>
    </timestep>
    <timestep time="7.07">
        <vehicle id="cfm_slow_0" eclass="HBEFA3/PC_G_EU4" CO2="20129.85" CO="609.44" HC="3.31" NOx="8.40" PMx="0.61" fuel="8.65" electricity="0.00" noise="82.08" route="routebottom" type="cfm_slow" waiting="0.00" lane="bottom_0" pos="40.05" speed="46.63" angle="22.46" x="125.80" y="43.56"/>
        <vehicle id="cfm_slow_1" eclass="HBEFA3/PC_G_EU4" CO2="16409.83" CO="540.49" HC="2.91" NOx="6.63" PMx="0.52" fuel="7.05" electricity="0.00" noise="81.46" route="routebottom" type="cfm_slow" waiting="0.00" lane="right_0" pos="29.91" speed="46.99" angle="310.64" x="102.20" y="116.37"/>
        <vehicle id="cfm_slow_2" eclass="HBEFA3/PC_G_EU4" CO2="0.00" CO="0.00" HC="0.00" NOx="0.00" PMx="0.00" fuel="0.00" electricity="0.00" noise="80.92" route="routetop" type="cfm_slow" waiting="0.00" lane="top_0" pos="20.10" speed="47.00" angle="238.26" x="25.11" y="116.36"/>
        <vehicle id="cfm_slow_3" eclass="HBEFA3/PC_G_EU4" CO2="0.00" CO="0.00" HC="0.00" NOx="0.00" PMx="0.00" fuel="0.00" electricity="0.00" noise="80.91" route="routetop" type="cfm_slow" waiting="0.00" lane="left_0" pos="10.28" speed="46.76" angle="165.99" x="1.73" y="42.92"/>
        <vehicle id="cfm_slow_4" eclass="HBEFA3/PC_G_EU4" CO2="17072.52" CO="545.62" HC="2.95" NOx="6.95" PMx="0.53" fuel="7.34" electricity="0.00" noise="81.47" route="routebottom" type="cfm_slow" waiting="0.00" lane="bottom_0" pos="0.19" speed="46.59" angle="94.15" x="64.08" y="-1.64"/>
    </timestep>
    <timestep time="7.08">
        <vehicle id="cfm_slow_0" eclass="HBEFA3/PC_G_EU4" CO2="20078.21" CO="608.49" HC="3.31" NOx="8.37" PMx="0.61" fuel="8.63" electricity="0.00" noise="82.07" route="routebottom" type="cfm_slow" waiting="0.00" lane="bottom_0" pos="40.52" speed="46.63" angle="21.59" x="126.08" y="44.47"/>
        <vehicle id="cfm_slow_1" eclass="HBEFA3/PC_G_EU4" CO2="16359.89" CO="539.51" HC="2.90" NOx="6.61" PMx="0.52" fuel="7.03" electricity="0.00" noise="81.45" route="routebottom" type="cfm_slow" waiting="0.00" lane="right_0" pos="30.38" speed="46.99" angle="309.78" x="101.42" y="116.93"/>
        <vehicle id="cfm_slow_2" eclass="HBEFA3/PC_G_EU4" CO2="0.00" CO="0.00" HC="0.00" NOx="0.00" PMx="0.00" fuel="0.00" electricity="0.00" noise="80.91" route="routetop" type="cfm_slow" waiting="0.00" lane="top_0" pos="20.57" speed="47.00" angle="237.45" x="24.33" y="115.79"/>
        <vehicle id="cfm_slow_3" eclass="HBEFA3/PC_G_EU4" CO2="0.00" CO="0.00" HC="0.00" NOx="0.00" PMx="0.00" fuel="0.00" electricity="0.00" noise="80.91" route="routetop" type="cfm_slow" waiting="0.00" lane="left_0" pos="10.75" speed="46.76" angle="165.12" x="2.06" y="42.02"/>
        <vehicle id="cfm_slow_4" eclass="HBEFA3/PC_G_EU4" CO2="17075.11" CO="545.73" HC="2.95" NOx="6.96" PMx="0.53" fuel="7.34" electricity="0.00" noise="81.47" route="routebottom" type="cfm_slow" waiting="0.00" lane="bottom_0" pos="0.66" speed="46.59" angle="93.29" x="65.04" y="-1.62"/>
    </timestep>
    <timestep time="7.09">
        <vehicle id="cfm_slow_0" eclass="HBEFA3/PC_G_EU4" CO2="20026.70" CO="607.54" HC="3.30" NOx="8.35" PMx="0.61" fuel="8.61" electricity="0.00" noise="82.07" route="routebottom" type="cfm_slow" waiting="0.00" lane="bottom_0" pos="40.98" speed="46.64" angle="20.76" x="126.37" y="45.39"/>
        <vehicle id="cfm_slow_1" eclass="HBEFA3/PC_G_EU4" CO2="16310.42" CO="538.53" HC="2.90" NOx="6.59" PMx="0.52" fuel="7.01" electricity="0.00" noise="81.44" route="routebottom" type="cfm_slow" waiting="0.00" lane="right_0" pos="30.85" speed="46.99" angle="308.98" x="100.64" y="117.49"/>
        <vehicle id="cfm_slow_2" eclass="HBEFA3/PC_G_EU4" CO2="0.00" CO="0.00" HC="0.00" NOx="0.00" PMx="0.00" fuel="0.00" electricity="0.00" noise="80.91" route="routetop" type="cfm_slow" waiting="0.00" lane="top_0" pos="21.04" speed="47.00" angle="236.60" x="23.57" y="115.20"/>
        <vehicle id="cfm_slow_3" eclass="HBEFA3/PC_G_EU4" CO2="0.00" CO="0.00" HC="0.00" NOx="0.00" PMx="0.00" fuel="0.00" electricity="0.00" noise="80.91" route="routetop" type="cfm_slow" waiting="0.00" lane="left_0" pos="11.21" speed="46.76" angle="164.25" x="2.38" y="41.12"/>
        <vehicle id="cfm_slow_4" eclass="HBEFA3/PC_G_EU4" CO2="17077.46" CO="545.84" HC="2.95" NOx="6.96" PMx="0.53" fuel="7.34" electricity="0.00" noise="81.47" route="routebottom" type="cfm_slow" waiting="0.00" lane="bottom_0" pos="1.12" speed="46.59" angle="92.44" x="65.99" y="-1.61"/>
    </timestep>
    <timestep time="7.10">
        <vehicle id="cfm_slow_0" eclass="HBEFA3/PC_G_EU4" CO2="19975.34" CO="606.60" HC="3.30" NOx="8.32" PMx="0.61" fuel="8.59" electricity="0.00" noise="82.06" route="routebottom" type="cfm_slow" waiting="0.00" lane="bottom_0" pos="41.45" speed="46.65" angle="19.92" x="126.62" y="46.31"/>
        <vehicle id="cfm_slow_1" eclass="HBEFA3/PC_G_EU4" CO2="16261.41" CO="537.57" HC="2.89" NOx="6.56" PMx="0.52" fuel="6.99" electricity="0.00" noise="81.43" route="routebottom" type="cfm_slow" waiting="0.00" lane="right_0" pos="31.32" speed="46.99" angle="308.12" x="99.83" y="118.03"/>
        <vehicle id="cfm_slow_2" eclass="HBEFA3/PC_G_EU4" CO2="0.00" CO="0.00" HC="0.00" NOx="0.00" PMx="0.00" fuel="0.00" electricity="0.00" noise="80.91" route="routetop" type="cfm_slow" waiting="0.00" lane="top_0" pos="21.51" speed="47.00" angle="235.75" x="22.82" y="114.61"/>
        <vehicle id="cfm_slow_3" eclass="HBEFA3/PC_G_EU4" CO2="0.00" CO="0.00" HC="0.00" NOx="0.00" PMx="0.00" fuel="0.00" electricity="0.00" noise="80.92" route="routetop" type="cfm_slow" waiting="0.00" lane="left_0" pos="11.68" speed="46.76" angle="163.44" x="2.72" y="40.22"/>
        <vehicle id="cfm_slow_4" eclass="HBEFA3/PC_G_EU4" CO2="17079.56" CO="545.95" HC="2.95" NOx="6.96" PMx="0.53" fuel="7.34" electricity="0.00" noise="81.47" route="routebottom" type="cfm_slow" waiting="0.00" lane="bottom_0" pos="1.59" speed="46.60" angle="91.64" x="66.95" y="-1.56"/>
    </timestep>
    <timestep time="7.11">
        <vehicle id="cfm_slow_0" eclass="HBEFA3/PC_G_EU4" CO2="19924.12" CO="605.65" HC="3.29" NOx="8.30" PMx="0.61" fuel="8.56" electricity="0.00" noise="82.05" route="routebottom" type="cfm_slow" waiting="0.00" lane="bottom_0" pos="41.92" speed="46.65" angle="19.04" x="126.86" y="47.23"/>
        <vehicle id="cfm_slow_1" eclass="HBEFA3/PC_G_EU4" CO2="16212.87" CO="536.61" HC="2.88" NOx="6.54" PMx="0.52" fuel="6.97" electricity="0.00" noise="81.43" route="routebottom" type="cfm_slow" waiting="0.00" lane="right_0" pos="31.79" speed="46.99" angle="307.26" x="99.03" y="118.56"/>
        <vehicle id="cfm_slow_2" eclass="HBEFA3/PC_G_EU4" CO2="0.00" CO="0.00" HC="0.00" NOx="0.00" PMx="0.00" fuel="0.00" electricity="0.00" noise="80.91" route="routetop" type="cfm_slow" waiting="0.00" lane="top_0" pos="21.98" speed="47.00" angle="234.94" x="22.07" y="114.00"/>
        <vehicle id="cfm_slow_3" eclass="HBEFA3/PC_G_EU4" CO2="0.00" CO="0.00" HC="0.00" NOx="0.00" PMx="0.00" fuel="0.00" electricity="0.00" noise="80.92" route="routetop" type="cfm_slow" waiting="0.00" lane="left_0" pos="12.15" speed="46.76" angle="162.60" x="3.07" y="39.33"/>
        <vehicle id="cfm_slow_4" eclass="HBEFA3/PC_G_EU4" CO2="17081.42" CO="546.05" HC="2.95" NOx="6.96" PMx="0.53" fuel="7.34" electricity="0.00" noise="81.48" route="routebottom" type="cfm_slow" waiting="0.00" lane="bottom_0" pos="2.05" speed="46.60" angle="90.79" x="67.90" y="-1.50"/>
    </timestep>
    <timestep time="7.12">
        <vehicle id="cfm_slow_0" eclass="HBEFA3/PC_G_EU4" CO2="19873.05" CO="604.71" HC="3.28" NOx="8.27" PMx="0.61" fuel="8.54" electricity="0.00" noise="82.04" route="routebottom" type="cfm_slow" waiting="0.00" lane="bottom_0" pos="42.38" speed="46.66" angle="18.24" x="127.10" y="48.16"/>
        <vehicle id="cfm_slow_1" eclass="HBEFA3/PC_G_EU4" CO2="16164.78" CO="535.66" HC="2.88" NOx="6.52" PMx="0.51" fuel="6.95" electricity="0.00" noise="81.42" route="routebottom" type="cfm_slow" waiting="0.00" lane="right_0" pos="32.26" speed="47.00" angle="306.48" x="98.22" y="119.08"/>
        <vehicle id="cfm_slow_2" eclass="HBEFA3/PC_G_EU4" CO2="0.00" CO="0.00" HC="0.00" NOx="0.00" PMx="0.00" fuel="0.00" electricity="0.00" noise="80.90" route="routetop" type="cfm_slow" waiting="0.00" lane="top_0" pos="22.45" speed="47.00" angle="234.06" x="21.33" y="113.38"/>
        <vehicle id="cfm_slow_3" eclass="HBEFA3/PC_G_EU4" CO2="0.00" CO="0.00" HC="0.00" NOx="0.00" PMx="0.00" fuel="0.00" electricity="0.00" noise="80.92" route="routetop" type="cfm_slow" waiting="0.00" lane="left_0" pos="12.62" speed="46.76" angle="161.77" x="3.42" y="38.44"/>
        <vehicle id="cfm_slow_4" eclass="HBEFA3/PC_G_EU4" CO2="17083.03" CO="546.14" HC="2.95" NOx="6.96" PMx="0.53" fuel="7.34" electricity="0.00" noise="81.48" route="routebottom" type="cfm_slow" waiting="0.00" lane="bottom_0" pos="2.52" speed="46.60" angle="89.97" x="68.85" y="-1.44"/>
    </timestep>
    <timestep time="7.13">
        <vehicle id="cfm_slow_0" eclass="HBEFA3/PC_G_EU4" CO2="19822.13" CO="603.77" HC="3.28" NOx="8.25" PMx="0.61" fuel="8.52" electricity="0.00" noise="82.03" route="routebottom" type="cfm_slow" waiting="0.00" lane="bottom_0" pos="42.85" speed="46.66" angle="17.42" x="127.31" y="49.09"/>
        <vehicle id="cfm_slow_1" eclass="HBEFA3/PC_G_EU4" CO2="16117.16" CO="534.72" HC="2.87" NOx="6.50" PMx="0.51" fuel="6.93" electricity="0.00" noise="81.41" route="routebottom" type="cfm_slow" waiting="0.00" lane="right_0" pos="32.73" speed="47.00" angle="305.62" x="97.39" y="119.58"/>
        <vehicle id="cfm_slow_2" eclass="HBEFA3/PC_G_EU4" CO2="0.00" CO="0.00" HC="0.00" NOx="0.00" PMx="0.00" fuel="0.00" electricity="0.00" noise="80.90" route="routetop" type="cfm_slow" waiting="0.00" lane="top_0" pos="22.92" speed="47.00" angle="233.18" x="20.59" y="112.76"/>
        <vehicle id="cfm_slow_3" eclass="HBEFA3/PC_G_EU4" CO2="0.00" CO="0.00" HC="0.00" NOx="0.00" PMx="0.00" fuel="0.00" electricity="0.00" noise="80.92" route="routetop" type="cfm_slow" waiting="0.00" lane="left_0" pos="13.08" speed="46.76" angle="160.98" x="3.80" y="37.56"/>
        <vehicle id="cfm_slow_4" eclass="HBEFA3/PC_G_EU4" CO2="17084.40" CO="546.23" HC="2.95" NOx="6.96" PMx="0.53" fuel="7.34" electricity="0.00" noise="81.48" route="routebottom" type="cfm_slow" waiting="0.00" lane="bottom_0" pos="2.99" speed="46.61" angle="89.14" x="69.80" y="-1.35"/>
    </timestep>
    <timestep time="7.14">
        <vehicle id="cfm_slow_0" eclass="HBEFA3/PC_G_EU4" CO2="19771.37" CO="602.83" HC="3.27" NOx="8.23" PMx="0.61" fuel="8.50" electricity="0.00" noise="82.02" route="routebottom" type="cfm_slow" waiting="0.00" lane="bottom_0" pos="43.32" speed="46.67" angle="16.61" x="127.53" y="50.03"/>
        <vehicle id="cfm_slow_1" eclass="HBEFA3/PC_G_EU4" CO2="16069.99" CO="533.79" HC="2.87" NOx="6.47" PMx="0.51" fuel="6.91" electricity="0.00" noise="81.40" route="routebottom" type="cfm_slow" waiting="0.00" lane="right_0" pos="33.20" speed="47.00" angle="304.76" x="96.57" y="120.07"/>
        <vehicle id="cfm_slow_2" eclass="HBEFA3/PC_G_EU4" CO2="0.00" CO="0.00" HC="0.00" NOx="0.00" PMx="0.00" fuel="0.00" electricity="0.00" noise="80.90" route="routetop" type="cfm_slow" waiting="0.00" lane="top_0" pos="23.39" speed="47.00" angle="232.38" x="19.88" y="112.11"/>
        <vehicle id="cfm_slow_3" eclass="HBEFA3/PC_G_EU4" CO2="0.00" CO="0.00" HC="0.00" NOx="0.00" PMx="0.00" fuel="0.00" electricity="0.00" noise="80.93" route="routetop" type="cfm_slow" waiting="0.00" lane="left_0" pos="13.55" speed="46.76" angle="160.12" x="4.19" y="36.68"/>
        <vehicle id="cfm_slow_4" eclass="HBEFA3/PC_G_EU4" CO2="17085.53" CO="546.31" HC="2.95" NOx="6.96" PMx="0.53" fuel="7.34" electricity="0.00" noise="81.48" route="routebottom" type="cfm_slow" waiting="0.00" lane="bottom_0" pos="3.45" speed="46.61" angle="88.29" x="70.75" y="-1.26"/>
    </timestep>
    <timestep time="7.15">
        <vehicle id="cfm_slow_0" eclass="HBEFA3/PC_G_EU4" CO2="19720.76" CO="601.90" HC="3.27" NOx="8.20" PMx="0.60" fuel="8.48" electricity="0.00" noise="82.01" route="routebottom" type="cfm_slow" waiting="0.00" lane="bottom_0" pos="43.78" speed="46.67" angle="15.80" x="127.73" y="50.96"/>
        <vehicle id="cfm_slow_1" eclass="HBEFA3/PC_G_EU4" CO2="16023.29" CO="532.86" HC="2.86" NOx="6.45" PMx="0.51" fuel="6.89" electricity="0.00" noise="81.39" route="routebottom" type="cfm_slow" waiting="0.00" lane="right_0" pos="33.67" speed="47.00" angle="303.95" x="95.73" y="120.55"/>
        <vehicle id="cfm_slow_2" eclass="HBEFA3/PC_G_EU4" CO2="0.00" CO="0.00" HC="0.00" NOx="0.00" PMx="0.00" fuel="0.00" electricity="0.00" noise="80.90" route="routetop" type="cfm_slow" waiting="0.00" lane="top_0" pos="23.86" speed="47.00" angle="231.52" x="19.17" y="111.46"/>
        <vehicle id="cfm_slow_3" eclass="HBEFA3/PC_G_EU4" CO2="0.00" CO="0.00" HC="0.00" NOx="0.00" PMx="0.00" fuel="0.00" electricity="0.00" noise="80.93" route="routetop" type="cfm_slow" waiting="0.00" lane="left_0" pos="14.02" speed="46.76" angle="159.29" x="4.58" y="35.81"/>
        <vehicle id="cfm_slow_4" eclass="HBEFA3/PC_G_EU4" CO2="17086.42" CO="546.39" HC="2.95" NOx="6.96" PMx="0.53" fuel="7.34" electricity="0.00" noise="81.48" route="routebottom" type="cfm_slow" waiting="0.00" lane="bottom_0" pos="3.92" speed="46.61" angle="87.49" x="71.71" y="-1.16"/>
    </timestep>
    <timestep time="7.16">
        <vehicle id="cfm_slow_0" eclass="HBEFA3/PC_G_EU4" CO2="19670.30" CO="600.96" HC="3.26" NOx="8.18" PMx="0.60" fuel="8.46" electricity="0.00" noise="82.00" route="routebottom" type="cfm_slow" waiting="0.00" lane="bottom_0" pos="44.25" speed="46.68" angle="14.89" x="127.90" y="51.90"/>
        <vehicle id="cfm_slow_1" eclass="HBEFA3/PC_G_EU4" CO2="15977.04" CO="531.95" HC="2.86" NOx="6.43" PMx="0.51" fuel="6.87" electricity="0.00" noise="81.39" route="routebottom" type="cfm_slow" waiting="0.00" lane="right_0" pos="34.14" speed="47.00" angle="303.10" x="94.89" y="121.01"/>
        <vehicle id="cfm_slow_2" eclass="HBEFA3/PC_G_EU4" CO2="0.00" CO="0.00" HC="0.00" NOx="0.00" PMx="0.00" fuel="0.00" electricity="0.00" noise="80.90" route="routetop" type="cfm_slow" waiting="0.00" lane="top_0" pos="24.33" speed="47.00" angle="230.71" x="18.46" y="110.80"/>
        <vehicle id="cfm_slow_3" eclass="HBEFA3/PC_G_EU4" CO2="0.00" CO="0.00" HC="0.00" NOx="0.00" PMx="0.00" fuel="0.00" electricity="0.00" noise="80.93" route="routetop" type="cfm_slow" waiting="0.00" lane="left_0" pos="14.49" speed="46.76" angle="158.46" x="5.01" y="34.94"/>
        <vehicle id="cfm_slow_4" eclass="HBEFA3/PC_G_EU4" CO2="17087.07" CO="546.46" HC="2.95" NOx="6.96" PMx="0.53" fuel="7.35" electricity="0.00" noise="81.48" route="routebottom" type="cfm_slow" waiting="0.00" lane="bottom_0" pos="4.38" speed="46.61" angle="86.63" x="72.65" y="-1.02"/>
    </timestep>
    <timestep time="7.17">
        <vehicle id="cfm_slow_0" eclass="HBEFA3/PC_G_EU4" CO2="19620.00" CO="600.03" HC="3.26" NOx="8.15" PMx="0.60" fuel="8.43" electricity="0.00" noise="81.99" route="routebottom" type="cfm_slow" waiting="0.00" lane="bottom_0" pos="44.72" speed="46.68" angle="13.98" x="128.07" y="52.85"/>
        <vehicle id="cfm_slow_1" eclass="HBEFA3/PC_G_EU4" CO2="15931.25" CO="531.04" HC="2.85" NOx="6.41" PMx="0.51" fuel="6.85" electricity="0.00" noise="81.38" route="routebottom" type="cfm_slow" waiting="0.00" lane="right_0" pos="34.61" speed="47.00" angle="302.29" x="94.04" y="121.48"/>
        <vehicle id="cfm_slow_2" eclass="HBEFA3/PC_G_EU4" CO2="0.00" CO="0.00" HC="0.00" NOx="0.00" PMx="0.00" fuel="0.00" electricity="0.00" noise="80.89" route="routetop" type="cfm_slow" waiting="0.00" lane="top_0" pos="24.80" speed="47.00" angle="229.87" x="17.78" y="110.12"/>
        <vehicle id="cfm_slow_3" eclass="HBEFA3/PC_G_EU4" CO2="0.00" CO="0.00" HC="0.00" NOx="0.00" PMx="0.00" fuel="0.00" electricity="0.00" noise="80.94" route="routetop" type="cfm_slow" waiting="0.00" lane="left_0" pos="14.95" speed="46.76" angle="157.59" x="5.44" y="34.09"/>
        <vehicle id="cfm_slow_4" eclass="HBEFA3/PC_G_EU4" CO2="17087.49" CO="546.53" HC="2.95" NOx="6.96" PMx="0.53" fuel="7.35" electricity="0.00" noise="81.48" route="routebottom" type="cfm_slow" waiting="0.00" lane="bottom_0" pos="4.85" speed="46.62" angle="85.78" x="73.60" y="-0.89"/>
    </timestep>
    <timestep time="7.18">
        <vehicle id="cfm_slow_0" eclass="HBEFA3/PC_G_EU4" CO2="19569.86" CO="599.10" HC="3.25" NOx="8.13" PMx="0.60" fuel="8.41" electricity="0.00" noise="81.98" route="routebottom" type="cfm_slow" waiting="0.00" lane="bottom_0" pos="45.18" speed="46.69" angle="13.18" x="128.22" y="53.79"/>
        <vehicle id="cfm_slow_1" eclass="HBEFA3/PC_G_EU4" CO2="15885.91" CO="530.14" HC="2.85" NOx="6.39" PMx="0.51" fuel="6.83" electricity="0.00" noise="81.37" route="routebottom" type="cfm_slow" waiting="0.00" lane="right_0" pos="35.08" speed="47.01" angle="301.42" x="93.18" y="121.91"/>
        <vehicle id="cfm_slow_2" eclass="HBEFA3/PC_G_EU4" CO2="0.00" CO="0.00" HC="0.00" NOx="0.00" PMx="0.00" fuel="0.00" electricity="0.00" noise="80.89" route="routetop" type="cfm_slow" waiting="0.00" lane="top_0" pos="25.27" speed="47.00" angle="229.03" x="17.10" y="109.44"/>
        <vehicle id="cfm_slow_3" eclass="HBEFA3/PC_G_EU4" CO2="0.00" CO="0.00" HC="0.00" NOx="0.00" PMx="0.00" fuel="0.00" electricity="0.00" noise="80.94" route="routetop" type="cfm_slow" waiting="0.00" lane="left_0" pos="15.42" speed="46.76" angle="156.79" x="5.87" y="33.23"/>
        <vehicle id="cfm_slow_4" eclass="HBEFA3/PC_G_EU4" CO2="17087.66" CO="546.60" HC="2.95" NOx="6.96" PMx="0.53" fuel="7.35" electricity="0.00" noise="81.48" route="routebottom" type="cfm_slow" waiting="0.00" lane="bottom_0" pos="5.32" speed="46.62" angle="84.95" x="74.54" y="-0.74"/>
    </timestep>
    <timestep time="7.19">
        <vehicle id="cfm_slow_0" eclass="HBEFA3/PC_G_EU4" CO2="19519.87" CO="598.18" HC="3.25" NOx="8.11" PMx="0.60" fuel="8.39" electricity="0.00" noise="81.97" route="routebottom" type="cfm_slow" waiting="0.00" lane="bottom_0" pos="45.65" speed="46.69" angle="12.32" x="128.35" y="54.74"/>
        <vehicle id="cfm_slow_1" eclass="HBEFA3/PC_G_EU4" CO2="15841.03" CO="529.25" HC="2.84" NOx="6.37" PMx="0.51" fuel="6.81" electricity="0.00" noise="81.36" route="routebottom" type="cfm_slow" waiting="0.00" lane="right_0" pos="35.55" speed="47.01" angle="300.54" x="92.32" y="122.34"/>
        <vehicle id="cfm_slow_2" eclass="HBEFA3/PC_G_EU4" CO2="0.00" CO="0.00" HC="0.00" NOx="0.00" PMx="0.00" fuel="0.00" electricity="0.00" noise="80.89" route="routetop" type="cfm_slow" waiting="0.00" lane="top_0" pos="25.74" speed="46.99" angle="228.24" x="16.42" y="108.76"/>
        <vehicle id="cfm_slow_3" eclass="HBEFA3/PC_G_EU4" CO2="13729.77" CO="480.40" HC="2.57" NOx="5.37" PMx="0.45" fuel="5.90" electricity="0.00" noise="80.94" route="routetop" type="cfm_slow" waiting="0.00" lane="left_0" pos="15.89" speed="46.76" angle="155.93" x="6.33" y="32.39"/>
        <vehicle id="cfm_slow_4" eclass="HBEFA3/PC_G_EU4" CO2="17087.60" CO="546.66" HC="2.95" NOx="6.96" PMx="0.54" fuel="7.35" electricity="0.00" noise="81.48" route="routebottom" type="cfm_slow" waiting="0.00" lane="bottom_0" pos="5.78" speed="46.62" angle="84.07" x="75.48" y="-0.56"/>
    </timestep>
    <timestep time="7.20">
        <vehicle id="cfm_slow_0" eclass="HBEFA3/PC_G_EU4" CO2="19470.06" CO="597.25" HC="3.24" NOx="8.08" PMx="0.60" fuel="8.37" electricity="0.00" noise="81.97" route="routebottom" type="cfm_slow" waiting="0.00" lane="bottom_0" pos="46.12" speed="46.69" angle="11.51" x="128.49" y="55.69"/>
        <vehicle id="cfm_slow_1" eclass="HBEFA3/PC_G_EU4" CO2="15796.60" CO="528.37" HC="2.84" NOx="6.34" PMx="0.51" fuel="6.79" electricity="0.00" noise="81.36" route="routebottom" type="cfm_slow" waiting="0.00" lane="right_0" pos="36.02" speed="47.01" angle="299.72" x="91.45" y="122.76"/>
        <vehicle id="cfm_slow_2" eclass="HBEFA3/PC_G_EU4" CO2="0.00" CO="0.00" HC="0.00" NOx="0.00" PMx="0.00" fuel="0.00" electricity="0.00" noise="80.89" route="routetop" type="cfm_slow" waiting="0.00" lane="top_0" pos="26.21" speed="46.99" angle="227.37" x="15.77" y="108.05"/>
        <vehicle id="cfm_slow_3" eclass="HBEFA3/PC_G_EU4" CO2="13746.10" CO="480.74" HC="2.57" NOx="5.38" PMx="0.45" fuel="5.91" electricity="0.00" noise="80.94" route="routetop" type="cfm_slow" waiting="0.00" lane="left_0" pos="16.36" speed="46.76" angle="155.07" x="6.80" y="31.55"/>
        <vehicle id="cfm_slow_4" eclass="HBEFA3/PC_G_EU4" CO2="17087.31" CO="546.71" HC="2.95" NOx="6.96" PMx="0.54" fuel="7.35" electricity="0.00" noise="81.48" route="routebottom" type="cfm_slow" waiting="0.00" lane="bottom_0" pos="6.25" speed="46.63" angle="83.19" x="76.42" y="-0.39"/>
    </timestep>
    <timestep time="7.21">
        <vehicle id="cfm_slow_0" eclass="HBEFA3/PC_G_EU4" CO2="19420.40" CO="596.33" HC="3.23" NOx="8.06" PMx="0.60" fuel="8.35" electricity="0.00" noise="81.96" route="routebottom" type="cfm_slow" waiting="0.00" lane="bottom_0" pos="46.58" speed="46.70" angle="10.70" x="128.59" y="56.64"/>
        <vehicle id="cfm_slow_1" eclass="HBEFA3/PC_G_EU4" CO2="15752.62" CO="527.50" HC="2.83" NOx="6.32" PMx="0.50" fuel="6.77" electricity="0.00" noise="81.35" route="routebottom" type="cfm_slow" waiting="0.00" lane="right_0" pos="36.49" speed="47.01" angle="298.83" x="90.57" y="123.16"/>
        <vehicle id="cfm_slow_2" eclass="HBEFA3/PC_G_EU4" CO2="0.00" CO="0.00" HC="0.00" NOx="0.00" PMx="0.00" fuel="0.00" electricity="0.00" noise="80.89" route="routetop" type="cfm_slow" waiting="0.00" lane="top_0" pos="26.68" speed="46.99" angle="226.49" x="15.11" y="107.34"/>
        <vehicle id="cfm_slow_3" eclass="HBEFA3/PC_G_EU4" CO2="13762.43" CO="481.08" HC="2.57" NOx="5.39" PMx="0.45" fuel="5.92" electricity="0.00" noise="80.95" route="routetop" type="cfm_slow" waiting="0.00" lane="left_0" pos="16.82" speed="46.76" angle="154.25" x="7.27" y="30.72"/>
        <vehicle id="cfm_slow_4" eclass="HBEFA3/PC_G_EU4" CO2="17086.78" CO="546.76" HC="2.95" NOx="6.96" PMx="0.54" fuel="7.34" electricity="0.00" noise="81.48" route="routebottom" type="cfm_slow" waiting="0.00" lane="bottom_0" pos="6.72" speed="46.63" angle="82.38" x="77.36" y="-0.19"/>
    </timestep>
    <timestep time="7.22">
        <vehicle id="cfm_slow_0" eclass="HBEFA3/PC_G_EU4" CO2="19370.91" CO="595.41" HC="3.23" NOx="8.04" PMx="0.60" fuel="8.33" electricity="0.00" noise="81.95" route="routebottom" type="cfm_slow" waiting="0.00" lane="bottom_0" pos="47.05" speed="46.70" angle="9.87" x="128.69" y="57.59"/>
        <vehicle id="cfm_slow_1" eclass="HBEFA3/PC_G_EU4" CO2="15709.09" CO="526.64" HC="2.83" NOx="6.30" PMx="0.50" fuel="6.75" electricity="0.00" noise="81.34" route="routebottom" type="cfm_slow" waiting="0.00" lane="right_0" pos="36.96" speed="47.01" angle="297.94" x="89.69" y="123.56"/>
        <vehicle id="cfm_slow_2" eclass="HBEFA3/PC_G_EU4" CO2="0.00" CO="0.00" HC="0.00" NOx="0.00" PMx="0.00" fuel="0.00" electricity="0.00" noise="80.88" route="routetop" type="cfm_slow" waiting="0.00" lane="top_0" pos="27.15" speed="46.99" angle="225.67" x="14.48" y="106.62"/>
        <vehicle id="cfm_slow_3" eclass="HBEFA3/PC_G_EU4" CO2="13778.76" CO="481.42" HC="2.57" NOx="5.40" PMx="0.45" fuel="5.92" electricity="0.00" noise="80.95" route="routetop" type="cfm_slow" waiting="0.00" lane="left_0" pos="17.29" speed="46.76" angle="153.37" x="7.77" y="29.90"/>
        <vehicle id="cfm_slow_4" eclass="HBEFA3/PC_G_EU4" CO2="17086.02" CO="546.81" HC="2.95" NOx="6.96" PMx="0.54" fuel="7.34" electricity="0.00" noise="81.48" route="routebottom" type="cfm_slow" waiting="0.00" lane="bottom_0" pos="7.18" speed="46.63" angle="81.53" x="78.29" y="0.02"/>
    </timestep>
    <timestep time="7.23">
        <vehicle id="cfm_slow_0" eclass="HBEFA3/PC_G_EU4" CO2="19321.59" CO="594.49" HC="3.22" NOx="8.01" PMx="0.59" fuel="8.31" electricity="0.00" noise="81.94" route="routebottom" type="cfm_slow" waiting="0.00" lane="bottom_0" pos="47.52" speed="46.71" angle="9.08" x="128.78" y="58.55"/>
        <vehicle id="cfm_slow_1" eclass="HBEFA3/PC_G_EU4" CO2="15666.01" CO="525.78" HC="2.82" NOx="6.28" PMx="0.50" fuel="6.73" electricity="0.00" noise="81.34" route="routebottom" type="cfm_slow" waiting="0.00" lane="right_0" pos="37.43" speed="47.01" angle="297.13" x="88.81" y="123.93"/>
        <vehicle id="cfm_slow_2" eclass="HBEFA3/PC_G_EU4" CO2="0.00" CO="0.00" HC="0.00" NOx="0.00" PMx="0.00" fuel="0.00" electricity="0.00" noise="80.88" route="routetop" type="cfm_slow" waiting="0.00" lane="top_0" pos="27.62" speed="46.99" angle="224.77" x="13.85" y="105.88"/>
        <vehicle id="cfm_slow_3" eclass="HBEFA3/PC_G_EU4" CO2="13795.09" CO="481.75" HC="2.57" NOx="5.40" PMx="0.45" fuel="5.93" electricity="0.00" noise="80.95" route="routetop" type="cfm_slow" waiting="0.00" lane="left_0" pos="17.76" speed="46.76" angle="152.50" x="8.26" y="29.08"/>
        <vehicle id="cfm_slow_4" eclass="HBEFA3/PC_G_EU4" CO2="17085.03" CO="546.85" HC="2.95" NOx="6.96" PMx="0.54" fuel="7.34" electricity="0.00" noise="81.49" route="routebottom" type="cfm_slow" waiting="0.00" lane="bottom_0" pos="7.65" speed="46.63" angle="80.72" x="79.22" y="0.23"/>
    </timestep>
    <timestep time="7.24">
        <vehicle id="cfm_slow_0" eclass="HBEFA3/PC_G_EU4" CO2="19272.43" CO="593.58" HC="3.22" NOx="7.99" PMx="0.59" fuel="8.28" electricity="0.00" noise="81.93" route="routebottom" type="cfm_slow" waiting="0.00" lane="bottom_0" pos="47.99" speed="46.71" angle="8.17" x="128.83" y="59.50"/>
        <vehicle id="cfm_slow_1" eclass="HBEFA3/PC_G_EU4" CO2="15623.37" CO="524.93" HC="2.82" NOx="6.26" PMx="0.50" fuel="6.72" electricity="0.00" noise="81.33" route="routebottom" type="cfm_slow" waiting="0.00" lane="right_0" pos="37.90" speed="47.02" angle="296.26" x="87.91" y="124.29"/>
        <vehicle id="cfm_slow_2" eclass="HBEFA3/PC_G_EU4" CO2="0.00" CO="0.00" HC="0.00" NOx="0.00" PMx="0.00" fuel="0.00" electricity="0.00" noise="80.88" route="routetop" type="cfm_slow" waiting="0.00" lane="top_0" pos="28.09" speed="46.99" angle="223.88" x="13.23" y="105.15"/>
        <vehicle id="cfm_slow_3" eclass="HBEFA3/PC_G_EU4" CO2="13811.41" CO="482.09" HC="2.58" NOx="5.41" PMx="0.45" fuel="5.94" electricity="0.00" noise="80.95" route="routetop" type="cfm_slow" waiting="0.00" lane="left_0" pos="18.23" speed="46.76" angle="151.68" x="8.78" y="28.27"/>
        <vehicle id="cfm_slow_4" eclass="HBEFA3/PC_G_EU4" CO2="17083.82" CO="546.88" HC="2.95" NOx="6.96" PMx="0.54" fuel="7.34" electricity="0.00" noise="81.49" route="routebottom" type="cfm_slow" waiting="0.00" lane="bottom_0" pos="8.11" speed="46.64" angle="79.86" x="80.15" y="0.48"/>
    </timestep>
    <timestep time="7.25">
        <vehicle id="cfm_slow_0" eclass="HBEFA3/PC_G_EU4" CO2="19223.45" CO="592.67" HC="3.21" NOx="7.97" PMx="0.59" fuel="8.26" electricity="0.00" noise="81.92" route="routebottom" type="cfm_slow" waiting="0.00" lane="bottom_0" pos="48.45" speed="46.72" angle="7.27" x="128.89" y="60.46"/>
        <vehicle id="cfm_slow_1" eclass="HBEFA3/PC_G_EU4" CO2="15581.19" CO="524.10" HC="2.81" NOx="6.24" PMx="0.50" fuel="6.70" electricity="0.00" noise="81.32" route="routebottom" type="cfm_slow" waiting="0.00" lane="right_0" pos="38.37" speed="47.02" angle="295.40" x="87.01" y="124.64"/>
        <vehicle id="cfm_slow_2" eclass="HBEFA3/PC_G_EU4" CO2="0.00" CO="0.00" HC="0.00" NOx="0.00" PMx="0.00" fuel="0.00" electricity="0.00" noise="80.88" route="routetop" type="cfm_slow" waiting="0.00" lane="top_0" pos="28.56" speed="46.99" angle="223.08" x="12.63" y="104.40"/>
        <vehicle id="cfm_slow_3" eclass="HBEFA3/PC_G_EU4" CO2="13827.72" CO="482.43" HC="2.58" NOx="5.42" PMx="0.45" fuel="5.94" electricity="0.00" noise="80.96" route="routetop" type="cfm_slow" waiting="0.00" lane="left_0" pos="18.69" speed="46.76" angle="150.79" x="9.31" y="27.47"/>
        <vehicle id="cfm_slow_4" eclass="HBEFA3/PC_G_EU4" CO2="17082.37" CO="546.91" HC="2.95" NOx="6.96" PMx="0.54" fuel="7.34" electricity="0.00" noise="81.49" route="routebottom" type="cfm_slow" waiting="0.00" lane="bottom_0" pos="8.58" speed="46.64" angle="78.99" x="81.07" y="0.73"/>
    </timestep>
    <timestep time="7.26">
        <vehicle id="cfm_slow_0" eclass="HBEFA3/PC_G_EU4" CO2="19174.64" CO="591.76" HC="3.21" NOx="7.94" PMx="0.59" fuel="8.24" electricity="0.00" noise="81.91" route="routebottom" type="cfm_slow" waiting="0.00" lane="bottom_0" pos="48.92" speed="46.72" angle="6.46" x="128.93" y="61.41"/>
        <vehicle id="cfm_slow_1" eclass="HBEFA3/PC_G_EU4" CO2="15539.45" CO="523.27" HC="2.81" NOx="6.22" PMx="0.50" fuel="6.68" electricity="0.00" noise="81.32" route="routebottom" type="cfm_slow" waiting="0.00" lane="right_0" pos="38.84" speed="47.02" angle="294.60" x="86.11" y="124.98"/>
        <vehicle id="cfm_slow_2" eclass="HBEFA3/PC_G_EU4" CO2="0.00" CO="0.00" HC="0.00" NOx="0.00" PMx="0.00" fuel="0.00" electricity="0.00" noise="80.88" route="routetop" type="cfm_slow" waiting="0.00" lane="top_0" pos="29.03" speed="46.99" angle="222.22" x="12.04" y="103.64"/>
        <vehicle id="cfm_slow_3" eclass="HBEFA3/PC_G_EU4" CO2="13844.02" CO="482.77" HC="2.58" NOx="5.43" PMx="0.45" fuel="5.95" electricity="0.00" noise="80.96" route="routetop" type="cfm_slow" waiting="0.00" lane="left_0" pos="19.16" speed="46.76" angle="149.93" x="9.84" y="26.68"/>
        <vehicle id="cfm_slow_4" eclass="HBEFA3/PC_G_EU4" CO2="17080.70" CO="546.94" HC="2.95" NOx="6.96" PMx="0.54" fuel="7.34" electricity="0.00" noise="81.49" route="routebottom" type="cfm_slow" waiting="0.00" lane="bottom_0" pos="9.05" speed="46.64" angle="78.18" x="81.99" y="0.98"/>
    </timestep>
    <timestep time="7.27">
        <vehicle id="cfm_slow_0" eclass="HBEFA3/PC_G_EU4" CO2="19126.00" CO="590.85" HC="3.20" NOx="7.92" PMx="0.59" fuel="8.22" electricity="0.00" noise="81.90" route="routebottom" type="cfm_slow" waiting="0.00" lane="bottom_0" pos="49.39" speed="46.73" angle="5.60" x="128.95" y="62.37"/>
        <vehicle id="cfm_slow_1" eclass="HBEFA3/PC_G_EU4" CO2="15498.15" CO="522.44" HC="2.80" NOx="6.20" PMx="0.50" fuel="6.66" electricity="0.00" noise="81.31" route="routebottom" type="cfm_slow" waiting="0.00" lane="right_0" pos="39.31" speed="47.02" angle="293.76" x="85.20" y="125.31"/>
        <vehicle id="cfm_slow_2" eclass="HBEFA3/PC_G_EU4" CO2="0.00" CO="0.00" HC="0.00" NOx="0.00" PMx="0.00" fuel="0.00" electricity="0.00" noise="80.88" route="routetop" type="cfm_slow" waiting="0.00" lane="top_0" pos="29.50" speed="46.99" angle="221.42" x="11.44" y="102.88"/>
        <vehicle id="cfm_slow_3" eclass="HBEFA3/PC_G_EU4" CO2="13860.29" CO="483.10" HC="2.58" NOx="5.44" PMx="0.45" fuel="5.96" electricity="0.00" noise="80.96" route="routetop" type="cfm_slow" waiting="0.00" lane="left_0" pos="19.63" speed="46.76" angle="149.10" x="10.40" y="25.90"/>
        <vehicle id="cfm_slow_4" eclass="HBEFA3/PC_G_EU4" CO2="17078.80" CO="546.96" HC="2.95" NOx="6.96" PMx="0.54" fuel="7.34" electricity="0.00" noise="81.49" route="routebottom" type="cfm_slow" waiting="0.00" lane="bottom_0" pos="9.51" speed="46.64" angle="77.33" x="82.91" y="1.26"/>
    </timestep>
    <timestep time="7.28">
        <vehicle id="cfm_slow_0" eclass="HBEFA3/PC_G_EU4" CO2="19077.53" CO="589.95" HC="3.20" NOx="7.90" PMx="0.59" fuel="8.20" electricity="0.00" noise="81.90" route="routebottom" type="cfm_slow" waiting="0.00" lane="bottom_0" pos="49.85" speed="46.73" angle="4.74" x="128.96" y="63.33"/>
        <vehicle id="cfm_slow_1" eclass="HBEFA3/PC_G_EU4" CO2="15457.29" CO="521.63" HC="2.80" NOx="6.18" PMx="0.50" fuel="6.64" electricity="0.00" noise="81.30" route="routebottom" type="cfm_slow" waiting="0.00" lane="right_0" pos="39.78" speed="47.02" angle="292.99" x="84.30" y="125.64"/>
        <vehicle id="cfm_slow_2" eclass="HBEFA3/PC_G_EU4" CO2="0.00" CO="0.00" HC="0.00" NOx="0.00" PMx="0.00" fuel="0.00" electricity="0.00" noise="80.88" route="routetop" type="cfm_slow" waiting="0.00" lane="top_0" pos="29.97" speed="46.99" angle="220.53" x="10.88" y="102.10"/>
        <vehicle id="cfm_slow_3" eclass="HBEFA3/PC_G_EU4" CO2="13876.55" CO="483.44" HC="2.58" NOx="5.44" PMx="0.45" fuel="5.97" electricity="0.00" noise="80.96" route="routetop" type="cfm_slow" waiting="0.00" lane="left_0" pos="20.10" speed="46.76" angle="148.25" x="10.96" y="25.12"/>
        <vehicle id="cfm_slow_4" eclass="HBEFA3/PC_G_EU4" CO2="17076.68" CO="546.97" HC="2.95" NOx="6.95" PMx="0.53" fuel="7.34" electricity="0.00" noise="81.49" route="routebottom" type="cfm_slow" waiting="0.00" lane="bottom_0" pos="9.98" speed="46.65" angle="76.48" x="83.82" y="1.55"/>
    </timestep>
    <timestep time="7.29">
        <vehicle id="cfm_slow_0" eclass="HBEFA3/PC_G_EU4" CO2="19029.25" CO="589.05" HC="3.19" NOx="7.87" PMx="0.59" fuel="8.18" electricity="0.00" noise="81.89" route="routebottom" type="cfm_slow" waiting="0.00" lane="right_0" pos="0.32" speed="46.74" angle="3.91" x="128.96" y="64.35"/>
        <vehicle id="cfm_slow_1" eclass="HBEFA3/PC_G_EU4" CO2="15416.87" CO="520.83" HC="2.79" NOx="6.16" PMx="0.50" fuel="6.63" electricity="0.00" noise="81.30" route="routebottom" type="cfm_slow" waiting="0.00" lane="right_0" pos="40.25" speed="47.02" angle="292.10" x="83.38" y="125.92"/>
        <vehicle id="cfm_slow_2" eclass="HBEFA3/PC_G_EU4" CO2="0.00" CO="0.00" HC="0.00" NOx="0.00" PMx="0.00" fuel="0.00" electricity="0.00" noise="80.87" route="routetop" type="cfm_slow" waiting="0.00" lane="top_0" pos="30.44" speed="46.99" angle="219.64" x="10.32" y="101.31"/>
        <vehicle id="cfm_slow_3" eclass="HBEFA3/PC_G_EU4" CO2="13892.78" CO="483.78" HC="2.59" NOx="5.45" PMx="0.45" fuel="5.97" electricity="0.00" noise="80.97" route="routetop" type="cfm_slow" waiting="0.00" lane="left_0" pos="20.56" speed="46.76" angle="147.46" x="11.52" y="24.34"/>
        <vehicle id="cfm_slow_4" eclass="HBEFA3/PC_G_EU4" CO2="17074.34" CO="546.99" HC="2.95" NOx="6.95" PMx="0.53" fuel="7.34" electricity="0.00" noise="81.49" route="routebottom" type="cfm_slow" waiting="0.00" lane="bottom_0" pos="10.45" speed="46.65" angle="75.68" x="84.73" y="1.85"/>
    </timestep>
    <timestep time="7.30">
        <vehicle id="cfm_slow_0" eclass="HBEFA3/PC_G_EU4" CO2="18981.14" CO="588.15" HC="3.19" NOx="7.85" PMx="0.59" fuel="8.16" electricity="0.00" noise="81.88" route="routebottom" type="cfm_slow" waiting="0.00" lane="right_0" pos="0.79" speed="46.74" angle="3.05" x="128.94" y="65.31"/>
        <vehicle id="cfm_slow_1" eclass="HBEFA3/PC_G_EU4" CO2="15376.89" CO="520.03" HC="2.79" NOx="6.15" PMx="0.49" fuel="6.61" electricity="0.00" noise="81.29" route="routebottom" type="cfm_slow" waiting="0.00" lane="right_0" pos="40.72" speed="47.02" angle="291.22" x="82.45" y="126.21"/>
        <vehicle id="cfm_slow_2" eclass="HBEFA3/PC_G_EU4" CO2="0.00" CO="0.00" HC="0.00" NOx="0.00" PMx="0.00" fuel="0.00" electricity="0.00" noise="80.87" route="routetop" type="cfm_slow" waiting="0.00" lane="top_0" pos="30.91" speed="46.99" angle="218.83" x="9.76" y="100.53"/>
        <vehicle id="cfm_slow_3" eclass="HBEFA3/PC_G_EU4" CO2="13908.98" CO="484.11" HC="2.59" NOx="5.46" PMx="0.45" fuel="5.98" electricity="0.00" noise="80.97" route="routetop" type="cfm_slow" waiting="0.00" lane="left_0" pos="21.03" speed="46.76" angle="146.61" x="12.11" y="23.59"/>
        <vehicle id="cfm_slow_4" eclass="HBEFA3/PC_G_EU4" CO2="17071.78" CO="546.99" HC="2.95" NOx="6.95" PMx="0.53" fuel="7.34" electricity="0.00" noise="81.49" route="routebottom" type="cfm_slow" waiting="0.00" lane="bottom_0" pos="10.91" speed="46.65" angle="74.82" x="85.63" y="2.17"/>
    </timestep>
    <timestep time="7.31">
        <vehicle id="cfm_slow_0" eclass="HBEFA3/PC_G_EU4" CO2="18933.21" CO="587.26" HC="3.18" NOx="7.83" PMx="0.58" fuel="8.14" electricity="0.00" noise="81.87" route="routebottom" type="cfm_slow" waiting="0.00" lane="right_0" pos="1.26" speed="46.74" angle="2.24" x="128.92" y="66.27"/>
        <vehicle id="cfm_slow_1" eclass="HBEFA3/PC_G_EU4" CO2="15337.35" CO="519.24" HC="2.78" NOx="6.13" PMx="0.49" fuel="6.59" electricity="0.00" noise="81.28" route="routebottom" type="cfm_slow" waiting="0.00" lane="right_0" pos="41.19" speed="47.02" angle="290.40" x="81.53" y="126.48"/>
        <vehicle id="cfm_slow_2" eclass="HBEFA3/PC_G_EU4" CO2="0.00" CO="0.00" HC="0.00" NOx="0.00" PMx="0.00" fuel="0.00" electricity="0.00" noise="80.87" route="routetop" type="cfm_slow" waiting="0.00" lane="top_0" pos="31.38" speed="46.99" angle="217.99" x="9.23" y="99.72"/>
        <vehicle id="cfm_slow_3" eclass="HBEFA3/PC_G_EU4" CO2="13925.15" CO="484.45" HC="2.59" NOx="5.47" PMx="0.45" fuel="5.99" electricity="0.00" noise="80.97" route="routetop" type="cfm_slow" waiting="0.00" lane="left_0" pos="21.50" speed="46.76" angle="145.77" x="12.70" y="22.83"/>
        <vehicle id="cfm_slow_4" eclass="HBEFA3/PC_G_EU4" CO2="17069.00" CO="547.00" HC="2.95" NOx="6.95" PMx="0.53" fuel="7.34" electricity="0.00" noise="81.49" route="routebottom" type="cfm_slow" waiting="0.00" lane="bottom_0" pos="11.38" speed="46.66" angle="73.95" x="86.53" y="2.49"/>
    </timestep>
    <timestep time="7.32">
        <vehicle id="cfm_slow_0" eclass="HBEFA3/PC_G_EU4" CO2="18885.46" CO="586.36" HC="3.18" NOx="7.81" PMx="0.58" fuel="8.12" electricity="0.00" noise="81.86" route="routebottom" type="cfm_slow" waiting="0.00" lane="right_0" pos="1.72" speed="46.75" angle="1.39" x="128.87" y="67.22"/>
        <vehicle id="cfm_slow_1" eclass="HBEFA3/PC_G_EU4" CO2="15298.25" CO="518.46" HC="2.78" NOx="6.11" PMx="0.49" fuel="6.58" electricity="0.00" noise="81.28" route="routebottom" type="cfm_slow" waiting="0.00" lane="right_0" pos="41.66" speed="47.03" angle="289.52" x="80.60" y="126.73"/>
        <vehicle id="cfm_slow_2" eclass="HBEFA3/PC_G_EU4" CO2="0.00" CO="0.00" HC="0.00" NOx="0.00" PMx="0.00" fuel="0.00" electricity="0.00" noise="80.87" route="routetop" type="cfm_slow" waiting="0.00" lane="top_0" pos="31.85" speed="46.98" angle="217.14" x="8.69" y="98.92"/>
        <vehicle id="cfm_slow_3" eclass="HBEFA3/PC_G_EU4" CO2="13941.28" CO="484.79" HC="2.59" NOx="5.47" PMx="0.45" fuel="5.99" electricity="0.00" noise="80.97" route="routetop" type="cfm_slow" waiting="0.00" lane="left_0" pos="21.97" speed="46.76" angle="144.96" x="13.30" y="22.08"/>
        <vehicle id="cfm_slow_4" eclass="HBEFA3/PC_G_EU4" CO2="17066.00" CO="546.99" HC="2.95" NOx="6.95" PMx="0.53" fuel="7.34" electricity="0.00" noise="81.49" route="routebottom" type="cfm_slow" waiting="0.00" lane="bottom_0" pos="11.85" speed="46.66" angle="73.16" x="87.42" y="2.84"/>
    </timestep>
    <timestep time="7.33">
        <vehicle id="cfm_slow_0" eclass="HBEFA3/PC_G_EU4" CO2="18837.90" CO="585.47" HC="3.17" NOx="7.78" PMx="0.58" fuel="8.10" electricity="0.00" noise="81.85" route="routebottom" type="cfm_slow" waiting="0.00" lane="right_0" pos="2.19" speed="46.75" angle="0.54" x="128.81" y="68.18"/>
        <vehicle id="cfm_slow_1" eclass="HBEFA3/PC_G_EU4" CO2="15259.58" CO="517.69" HC="2.77" NOx="6.09" PMx="0.49" fuel="6.56" electricity="0.00" noise="81.27" route="routebottom" type="cfm_slow" waiting="0.00" lane="right_0" pos="42.13" speed="47.03" angle="288.64" x="79.67" y="126.97"/>
        <vehicle id="cfm_slow_2" eclass="HBEFA3/PC_G_EU4" CO2="0.00" CO="0.00" HC="0.00" NOx="0.00" PMx="0.00" fuel="0.00" electricity="0.00" noise="80.87" route="routetop" type="cfm_slow" waiting="0.00" lane="top_0" pos="32.32" speed="46.98" angle="216.36" x="8.18" y="98.11"/>
        <vehicle id="cfm_slow_3" eclass="HBEFA3/PC_G_EU4" CO2="13957.38" CO="485.12" HC="2.59" NOx="5.48" PMx="0.45" fuel="6.00" electricity="0.00" noise="80.98" route="routetop" type="cfm_slow" waiting="0.00" lane="left_0" pos="22.43" speed="46.76" angle="144.09" x="13.93" y="21.35"/>
        <vehicle id="cfm_slow_4" eclass="HBEFA3/PC_G_EU4" CO2="17062.79" CO="546.99" HC="2.95" NOx="6.95" PMx="0.53" fuel="7.33" electricity="0.00" noise="81.49" route="routebottom" type="cfm_slow" waiting="0.00" lane="bottom_0" pos="12.31" speed="46.66" angle="72.32" x="88.31" y="3.19"/>
    </timestep>
    <timestep time="7.34">
        <vehicle id="cfm_slow_0" eclass="HBEFA3/PC_G_EU4" CO2="18790.52" CO="584.59" HC="3.17" NOx="7.76" PMx="0.58" fuel="8.08" electricity="0.00" noise="81.85" route="routebottom" type="cfm_slow" waiting="0.00" lane="right_0" pos="2.66" speed="46.76" angle="359.74" x="128.75" y="69.14"/>
        <vehicle id="cfm_slow_1" eclass="HBEFA3/PC_G_EU4" CO2="15221.34" CO="516.92" HC="2.77" NOx="6.07" PMx="0.49" fuel="6.54" electricity="0.00" noise="81.26" route="routebottom" type="cfm_slow" waiting="0.00" lane="right_0" pos="42.60" speed="47.03" angle="287.85" x="78.73" y="127.20"/>
        <vehicle id="cfm_slow_2" eclass="HBEFA3/PC_G_EU4" CO2="0.00" CO="0.00" HC="0.00" NOx="0.00" PMx="0.00" fuel="0.00" electricity="0.00" noise="80.87" route="routetop" type="cfm_slow" waiting="0.00" lane="top_0" pos="32.79" speed="46.98" angle="215.50" x="7.68" y="97.28"/>
        <vehicle id="cfm_slow_3" eclass="HBEFA3/PC_G_EU4" CO2="13973.44" CO="485.46" HC="2.59" NOx="5.49" PMx="0.46" fuel="6.01" electricity="0.00" noise="80.98" route="routetop" type="cfm_slow" waiting="0.00" lane="left_0" pos="22.90" speed="46.76" angle="143.22" x="14.55" y="20.62"/>
        <vehicle id="cfm_slow_4" eclass="HBEFA3/PC_G_EU4" CO2="17059.36" CO="546.98" HC="2.95" NOx="6.95" PMx="0.53" fuel="7.33" electricity="0.00" noise="81.49" route="routebottom" type="cfm_slow" waiting="0.00" lane="bottom_0" pos="12.78" speed="46.66" angle="71.52" x="89.20" y="3.55"/>
    </timestep>
    <timestep time="7.35">
        <vehicle id="cfm_slow_0" eclass="HBEFA3/PC_G_EU4" CO2="18743.32" CO="583.70" HC="3.16" NOx="7.74" PMx="0.58" fuel="8.06" electricity="0.00" noise="81.84" route="routebottom" type="cfm_slow" waiting="0.00" lane="right_0" pos="3.13" speed="46.76" angle="358.89" x="128.65" y="70.09"/>
        <vehicle id="cfm_slow_1" eclass="HBEFA3/PC_G_EU4" CO2="15183.53" CO="516.17" HC="2.77" NOx="6.05" PMx="0.49" fuel="6.53" electricity="0.00" noise="81.26" route="routebottom" type="cfm_slow" waiting="0.00" lane="right_0" pos="43.07" speed="47.03" angle="287.02" x="77.79" y="127.42"/>
        <vehicle id="cfm_slow_2" eclass="HBEFA3/PC_G_EU4" CO2="0.00" CO="0.00" HC="0.00" NOx="0.00" PMx="0.00" fuel="0.00" electricity="0.00" noise="80.87" route="routetop" type="cfm_slow" waiting="0.00" lane="top_0" pos="33.26" speed="46.98" angle="214.67" x="7.18" y="96.46"/>
        <vehicle id="cfm_slow_3" eclass="HBEFA3/PC_G_EU4" CO2="13989.45" CO="485.79" HC="2.60" NOx="5.50" PMx="0.46" fuel="6.01" electricity="0.00" noise="80.98" route="routetop" type="cfm_slow" waiting="0.00" lane="left_0" pos="23.37" speed="46.76" angle="142.43" x="15.19" y="19.91"/>
        <vehicle id="cfm_slow_4" eclass="HBEFA3/PC_G_EU4" CO2="17055.72" CO="546.96" HC="2.95" NOx="6.94" PMx="0.53" fuel="7.33" electricity="0.00" noise="81.49" route="routebottom" type="cfm_slow" waiting="0.00" lane="bottom_0" pos="13.25" speed="46.67" angle="70.68" x="90.07" y="3.94"/>
    </timestep>
    <timestep time="7.36">
        <vehicle id="cfm_slow_0" eclass="HBEFA3/PC_G_EU4" CO2="18696.31" CO="582.82" HC="3.16" NOx="7.72" PMx="0.58" fuel="8.04" electricity="0.00" noise="81.83" route="routebottom" type="cfm_slow" waiting="0.00" lane="right_0" pos="3.59" speed="46.77" angle="358.03" x="128.55" y="71.04"/>
        <vehicle id="cfm_slow_1" eclass="HBEFA3/PC_G_EU4" CO2="15146.15" CO="515.42" HC="2.76" NOx="6.04" PMx="0.49" fuel="6.51" electricity="0.00" noise="81.25" route="routebottom" type="cfm_slow" waiting="0.00" lane="right_0" pos="43.54" speed="47.03" angle="286.22" x="76.85" y="127.63"/>
        <vehicle id="cfm_slow_2" eclass="HBEFA3/PC_G_EU4" CO2="0.00" CO="0.00" HC="0.00" NOx="0.00" PMx="0.00" fuel="0.00" electricity="0.00" noise="80.87" route="routetop" type="cfm_slow" waiting="0.00" lane="top_0" pos="33.73" speed="46.98" angle="213.84" x="6.71" y="95.62"/>
        <vehicle id="cfm_slow_3" eclass="HBEFA3/PC_G_EU4" CO2="14005.42" CO="486.13" HC="2.60" NOx="5.50" PMx="0.46" fuel="6.02" electricity="0.00" noise="80.99" route="routetop" type="cfm_slow" waiting="0.00" lane="left_0" pos="23.84" speed="46.76" angle="141.59" x="15.84" y="19.21"/>
        <vehicle id="cfm_slow_4" eclass="HBEFA3/PC_G_EU4" CO2="17051.87" CO="546.94" HC="2.95" NOx="6.94" PMx="0.53" fuel="7.33" electricity="0.00" noise="81.49" route="routebottom" type="cfm_slow" waiting="0.00" lane="bottom_0" pos="13.71" speed="46.67" angle="69.83" x="90.94" y="4.33"/>
    </timestep>
    <timestep time="7.37">
        <vehicle id="cfm_slow_0" eclass="HBEFA3/PC_G_EU4" CO2="18649.49" CO="581.95" HC="3.15" NOx="7.69" PMx="0.58" fuel="8.02" electricity="0.00" noise="81.82" route="routebottom" type="cfm_slow" waiting="0.00" lane="right_0" pos="4.06" speed="46.77" angle="357.22" x="128.43" y="72.00"/>
        <vehicle id="cfm_slow_1" eclass="HBEFA3/PC_G_EU4" CO2="15109.20" CO="514.68" HC="2.76" NOx="6.02" PMx="0.49" fuel="6.49" electricity="0.00" noise="81.25" route="routebottom" type="cfm_slow" waiting="0.00" lane="right_0" pos="44.01" speed="47.03" angle="285.34" x="75.90" y="127.81"/>
        <vehicle id="cfm_slow_2" eclass="HBEFA3/PC_G_EU4" CO2="0.00" CO="0.00" HC="0.00" NOx="0.00" PMx="0.00" fuel="0.00" electricity="0.00" noise="80.87" route="routetop" type="cfm_slow" waiting="0.00" lane="top_0" pos="34.20" speed="46.98" angle="212.98" x="6.25" y="94.78"/>
        <vehicle id="cfm_slow_3" eclass="HBEFA3/PC_G_EU4" CO2="14021.34" CO="486.46" HC="2.60" NOx="5.51" PMx="0.46" fuel="6.03" electricity="0.00" noise="80.99" route="routetop" type="cfm_slow" waiting="0.00" lane="left_0" pos="24.31" speed="46.76" angle="140.78" x="16.49" y="18.50"/>
        <vehicle id="cfm_slow_4" eclass="HBEFA3/PC_G_EU4" CO2="17047.81" CO="546.92" HC="2.95" NOx="6.94" PMx="0.53" fuel="7.33" electricity="0.00" noise="81.49" route="routebottom" type="cfm_slow" waiting="0.00" lane="bottom_0" pos="14.18" speed="46.67" angle="69.02" x="91.81" y="4.73"/>
    </timestep>
    <timestep time="7.38">
        <vehicle id="cfm_slow_0" eclass="HBEFA3/PC_G_EU4" CO2="18602.86" CO="581.07" HC="3.15" NOx="7.67" PMx="0.58" fuel="8.00" electricity="0.00" noise="81.81" route="routebottom" type="cfm_slow" waiting="0.00" lane="right_0" pos="4.53" speed="46.77" angle="356.37" x="128.30" y="72.95"/>
        <vehicle id="cfm_slow_1" eclass="HBEFA3/PC_G_EU4" CO2="15072.68" CO="513.95" HC="2.75" NOx="6.00" PMx="0.49" fuel="6.48" electricity="0.00" noise="81.24" route="routebottom" type="cfm_slow" waiting="0.00" lane="right_0" pos="44.48" speed="47.03" angle="284.43" x="74.95" y="127.98"/>
        <vehicle id="cfm_slow_2" eclass="HBEFA3/PC_G_EU4" CO2="0.00" CO="0.00" HC="0.00" NOx="0.00" PMx="0.00" fuel="0.00" electricity="0.00" noise="80.86" route="routetop" type="cfm_slow" waiting="0.00" lane="top_0" pos="34.67" speed="46.98" angle="212.18" x="5.79" y="93.93"/>
        <vehicle id="cfm_slow_3" eclass="HBEFA3/PC_G_EU4" CO2="14037.20" CO="486.79" HC="2.60" NOx="5.52" PMx="0.46" fuel="6.03" electricity="0.00" noise="80.99" route="routetop" type="cfm_slow" waiting="0.00" lane="left_0" pos="24.77" speed="46.76" angle="139.93" x="17.16" y="17.82"/>
        <vehicle id="cfm_slow_4" eclass="HBEFA3/PC_G_EU4" CO2="17043.55" CO="546.89" HC="2.95" NOx="6.94" PMx="0.53" fuel="7.33" electricity="0.00" noise="81.49" route="routebottom" type="cfm_slow" waiting="0.00" lane="bottom_0" pos="14.65" speed="46.68" angle="68.15" x="92.67" y="5.16"/>
    </timestep>
    <timestep time="7.39">
        <vehicle id="cfm_slow_0" eclass="HBEFA3/PC_G_EU4" CO2="18556.42" CO="580.20" HC="3.14" NOx="7.65" PMx="0.57" fuel="7.98" electricity="0.00" noise="81.80" route="routebottom" type="cfm_slow" waiting="0.00" lane="right_0" pos="5.00" speed="46.78" angle="355.52" x="128.16" y="73.90"/>
        <vehicle id="cfm_slow_1" eclass="HBEFA3/PC_G_EU4" CO2="15036.58" CO="513.23" HC="2.75" NOx="5.99" PMx="0.49" fuel="6.46" electricity="0.00" noise="81.23" route="routebottom" type="cfm_slow" waiting="0.00" lane="right_0" pos="44.95" speed="47.03" angle="283.60" x="74.00" y="128.15"/>
        <vehicle id="cfm_slow_2" eclass="HBEFA3/PC_G_EU4" CO2="0.00" CO="0.00" HC="0.00" NOx="0.00" PMx="0.00" fuel="0.00" electricity="0.00" noise="80.86" route="routetop" type="cfm_slow" waiting="0.00" lane="top_0" pos="35.14" speed="46.98" angle="211.33" x="5.35" y="93.07"/>
        <vehicle id="cfm_slow_3" eclass="HBEFA3/PC_G_EU4" CO2="14053.01" CO="487.12" HC="2.60" NOx="5.53" PMx="0.46" fuel="6.04" electricity="0.00" noise="80.99" route="routetop" type="cfm_slow" waiting="0.00" lane="left_0" pos="25.24" speed="46.76" angle="139.06" x="17.84" y="17.14"/>
        <vehicle id="cfm_slow_4" eclass="HBEFA3/PC_G_EU4" CO2="17039.07" CO="546.85" HC="2.95" NOx="6.94" PMx="0.53" fuel="7.32" electricity="0.00" noise="81.49" route="routebottom" type="cfm_slow" waiting="0.00" lane="bottom_0" pos="15.11" speed="46.68" angle="67.27" x="93.53" y="5.58"/>
    </timestep>
    <timestep time="7.40">
        <vehicle id="cfm_slow_0" eclass="HBEFA3/PC_G_EU4" CO2="18510.17" CO="579.33" HC="3.14" NOx="7.63" PMx="0.57" fuel="7.96" electricity="0.00" noise="81.80" route="routebottom" type="cfm_slow" waiting="0.00" lane="right_0" pos="5.47" speed="46.78" angle="354.68" x="128.00" y="74.84"/>
        <vehicle id="cfm_slow_1" eclass="HBEFA3/PC_G_EU4" CO2="15000.90" CO="512.51" HC="2.74" NOx="5.97" PMx="0.48" fuel="6.45" electricity="0.00" noise="81.23" route="routebottom" type="cfm_slow" waiting="0.00" lane="right_0" pos="45.42" speed="47.03" angle="282.74" x="73.05" y="128.28"/>
        <vehicle id="cfm_slow_2" eclass="HBEFA3/PC_G_EU4" CO2="0.00" CO="0.00" HC="0.00" NOx="0.00" PMx="0.00" fuel="0.00" electricity="0.00" noise="80.86" route="routetop" type="cfm_slow" waiting="0.00" lane="top_0" pos="35.61" speed="46.98" angle="210.47" x="4.92" y="92.21"/>
        <vehicle id="cfm_slow_3" eclass="HBEFA3/PC_G_EU4" CO2="14068.76" CO="487.45" HC="2.61" NOx="5.53" PMx="0.46" fuel="6.05" electricity="0.00" noise="81.00" route="routetop" type="cfm_slow" waiting="0.00" lane="left_0" pos="25.71" speed="46.76" angle="138.25" x="18.52" y="16.47"/>
        <vehicle id="cfm_slow_4" eclass="HBEFA3/PC_G_EU4" CO2="17034.40" CO="546.82" HC="2.95" NOx="6.93" PMx="0.53" fuel="7.32" electricity="0.00" noise="81.49" route="routebottom" type="cfm_slow" waiting="0.00" lane="bottom_0" pos="15.58" speed="46.68" angle="66.48" x="94.38" y="6.03"/>
    </timestep>
    <timestep time="7.41">
        <vehicle id="cfm_slow_0" eclass="HBEFA3/PC_G_EU4" CO2="18464.12" CO="578.47" HC="3.13" NOx="7.61" PMx="0.57" fuel="7.94" electricity="0.00" noise="81.79" route="routebottom" type="cfm_slow" waiting="0.00" lane="right_0" pos="5.93" speed="46.78" angle="353.82" x="127.83" y="75.78"/>
        <vehicle id="cfm_slow_1" eclass="HBEFA3/PC_G_EU4" CO2="14965.64" CO="511.81" HC="2.74" NOx="5.95" PMx="0.48" fuel="6.43" electricity="0.00" noise="81.22" route="routebottom" type="cfm_slow" waiting="0.00" lane="right_0" pos="45.89" speed="47.03" angle="281.88" x="72.09" y="128.42"/>
        <vehicle id="cfm_slow_2" eclass="HBEFA3/PC_G_EU4" CO2="0.00" CO="0.00" HC="0.00" NOx="0.00" PMx="0.00" fuel="0.00" electricity="0.00" noise="80.86" route="routetop" type="cfm_slow" waiting="0.00" lane="top_0" pos="36.08" speed="46.98" angle="209.65" x="4.51" y="91.34"/>
        <vehicle id="cfm_slow_3" eclass="HBEFA3/PC_G_EU4" CO2="14084.46" CO="487.78" HC="2.61" NOx="5.54" PMx="0.46" fuel="6.05" electricity="0.00" noise="81.00" route="routetop" type="cfm_slow" waiting="0.00" lane="left_0" pos="26.18" speed="46.76" angle="137.39" x="19.23" y="15.82"/>
        <vehicle id="cfm_slow_4" eclass="HBEFA3/PC_G_EU4" CO2="17029.52" CO="546.77" HC="2.95" NOx="6.93" PMx="0.53" fuel="7.32" electricity="0.00" noise="81.49" route="routebottom" type="cfm_slow" waiting="0.00" lane="bottom_0" pos="16.05" speed="46.68" angle="65.63" x="95.21" y="6.49"/>
    </timestep>
    <timestep time="7.42">
        <vehicle id="cfm_slow_0" eclass="HBEFA3/PC_G_EU4" CO2="18418.26" CO="577.60" HC="3.12" NOx="7.59" PMx="0.57" fuel="7.92" electricity="0.00" noise="81.78" route="routebottom" type="cfm_slow" waiting="0.00" lane="right_0" pos="6.40" speed="46.79" angle="353.01" x="127.66" y="76.73"/>
        <vehicle id="cfm_slow_1" eclass="HBEFA3/PC_G_EU4" CO2="14930.80" CO="511.11" HC="2.74" NOx="5.94" PMx="0.48" fuel="6.42" electricity="0.00" noise="81.22" route="routebottom" type="cfm_slow" waiting="0.00" lane="right_0" pos="46.36" speed="47.04" angle="281.09" x="71.14" y="128.54"/>
        <vehicle id="cfm_slow_2" eclass="HBEFA3/PC_G_EU4" CO2="0.00" CO="0.00" HC="0.00" NOx="0.00" PMx="0.00" fuel="0.00" electricity="0.00" noise="80.86" route="routetop" type="cfm_slow" waiting="0.00" lane="top_0" pos="36.55" speed="46.98" angle="208.77" x="4.11" y="90.46"/>
        <vehicle id="cfm_slow_3" eclass="HBEFA3/PC_G_EU4" CO2="14100.09" CO="488.11" HC="2.61" NOx="5.55" PMx="0.46" fuel="6.06" electricity="0.00" noise="81.00" route="routetop" type="cfm_slow" waiting="0.00" lane="left_0" pos="26.64" speed="46.76" angle="136.52" x="19.93" y="15.17"/>
        <vehicle id="cfm_slow_4" eclass="HBEFA3/PC_G_EU4" CO2="17024.44" CO="546.73" HC="2.95" NOx="6.93" PMx="0.53" fuel="7.32" electricity="0.00" noise="81.49" route="routebottom" type="cfm_slow" waiting="0.00" lane="bottom_0" pos="16.51" speed="46.69" angle="64.78" x="96.05" y="6.95"/>
    </timestep>
    <timestep time="7.43">
        <vehicle id="cfm_slow_0" eclass="HBEFA3/PC_G_EU4" CO2="18372.60" CO="576.75" HC="3.12" NOx="7.56" PMx="0.57" fuel="7.90" electricity="0.00" noise="81.77" route="routebottom" type="cfm_slow" waiting="0.00" lane="right_0" pos="6.87" speed="46.79" angle="352.11" x="127.44" y="77.66"/>
        <vehicle id="cfm_slow_1" eclass="HBEFA3/PC_G_EU4" CO2="14896.38" CO="510.42" HC="2.73" NOx="5.92" PMx="0.48" fuel="6.40" electricity="0.00" noise="81.21" route="routebottom" type="cfm_slow" waiting="0.00" lane="right_0" pos="46.83" speed="47.04" angle="280.25" x="70.18" y="128.64"/>
        <vehicle id="cfm_slow_2" eclass="HBEFA3/PC_G_EU4" CO2="0.00" CO="0.00" HC="0.00" NOx="0.00" PMx="0.00" fuel="0.00" electricity="0.00" noise="80.86" route="routetop" type="cfm_slow" waiting="0.00" lane="top_0" pos="37.02" speed="46.98" angle="207.88" x="3.72" y="89.58"/>
        <vehicle id="cfm_slow_3" eclass="HBEFA3/PC_G_EU4" CO2="14115.65" CO="488.44" HC="2.61" NOx="5.56" PMx="0.46" fuel="6.07" electricity="0.00" noise="81.00" route="routetop" type="cfm_slow" waiting="0.00" lane="left_0" pos="27.11" speed="46.76" angle="135.72" x="20.65" y="14.53"/>
        <vehicle id="cfm_slow_4" eclass="HBEFA3/PC_G_EU4" CO2="17019.16" CO="546.68" HC="2.95" NOx="6.93" PMx="0.53" fuel="7.32" electricity="0.00" noise="81.49" route="routebottom" type="cfm_slow" waiting="0.00" lane="bottom_0" pos="16.98" speed="46.69" angle="63.96" x="96.88" y="7.44"/>
    </timestep>
    <timestep time="7.44">
        <vehicle id="cfm_slow_0" eclass="HBEFA3/PC_G_EU4" CO2="18327.14" CO="575.89" HC="3.11" NOx="7.54" PMx="0.57" fuel="7.88" electricity="0.00" noise="81.76" route="routebottom" type="cfm_slow" waiting="0.00" lane="right_0" pos="7.34" speed="46.80" angle="351.21" x="127.23" y="78.60"/>
        <vehicle id="cfm_slow_1" eclass="HBEFA3/PC_G_EU4" CO2="14862.37" CO="509.73" HC="2.73" NOx="5.90" PMx="0.48" fuel="6.39" electricity="0.00" noise="81.21" route="routebottom" type="cfm_slow" waiting="0.00" lane="right_0" pos="47.30" speed="47.04" angle="279.41" x="69.22" y="128.74"/>
        <vehicle id="cfm_slow_2" eclass="HBEFA3/PC_G_EU4" CO2="0.00" CO="0.00" HC="0.00" NOx="0.00" PMx="0.00" fuel="0.00" electricity="0.00" noise="80.86" route="routetop" type="cfm_slow" waiting="0.00" lane="top_0" pos="37.48" speed="46.97" angle="207.06" x="3.34" y="88.69"/>
        <vehicle id="cfm_slow_3" eclass="HBEFA3/PC_G_EU4" CO2="14131.15" CO="488.76" HC="2.61" NOx="5.56" PMx="0.46" fuel="6.07" electricity="0.00" noise="81.01" route="routetop" type="cfm_slow" waiting="0.00" lane="left_0" pos="27.58" speed="46.76" angle="134.86" x="21.38" y="13.91"/>
        <vehicle id="cfm_slow_4" eclass="HBEFA3/PC_G_EU4" CO2="17013.68" CO="546.62" HC="2.95" NOx="6.92" PMx="0.53" fuel="7.31" electricity="0.00" noise="81.49" route="routebottom" type="cfm_slow" waiting="0.00" lane="bottom_0" pos="17.45" speed="46.69" angle="63.07" x="97.70" y="7.93"/>
    </timestep>
    <timestep time="7.45">
        <vehicle id="cfm_slow_0" eclass="HBEFA3/PC_G_EU4" CO2="18281.87" CO="575.04" HC="3.11" NOx="7.52" PMx="0.57" fuel="7.86" electricity="0.00" noise="81.76" route="routebottom" type="cfm_slow" waiting="0.00" lane="right_0" pos="7.80" speed="46.80" angle="350.40" x="127.01" y="79.53"/>
        <vehicle id="cfm_slow_1" eclass="HBEFA3/PC_G_EU4" CO2="14828.78" CO="509.06" HC="2.72" NOx="5.89" PMx="0.48" fuel="6.37" electricity="0.00" noise="81.20" route="routebottom" type="cfm_slow" waiting="0.00" lane="right_0" pos="47.77" speed="47.04" angle="278.58" x="68.26" y="128.81"/>
        <vehicle id="cfm_slow_2" eclass="HBEFA3/PC_G_EU4" CO2="0.00" CO="0.00" HC="0.00" NOx="0.00" PMx="0.00" fuel="0.00" electricity="0.00" noise="80.86" route="routetop" type="cfm_slow" waiting="0.00" lane="top_0" pos="37.95" speed="46.97" angle="206.17" x="2.99" y="87.80"/>
        <vehicle id="cfm_slow_3" eclass="HBEFA3/PC_G_EU4" CO2="14146.57" CO="489.09" HC="2.62" NOx="5.57" PMx="0.46" fuel="6.08" electricity="0.00" noise="81.01" route="routetop" type="cfm_slow" waiting="0.00" lane="left_0" pos="28.05" speed="46.76" angle="133.99" x="22.11" y="13.29"/>
        <vehicle id="cfm_slow_4" eclass="HBEFA3/PC_G_EU4" CO2="17008.01" CO="546.57" HC="2.95" NOx="6.92" PMx="0.53" fuel="7.31" electricity="0.00" noise="81.49" route="routebottom" type="cfm_slow" waiting="0.00" lane="bottom_0" pos="17.91" speed="46.69" angle="62.24" x="98.52" y="8.43"/>
    </timestep>
    <timestep time="7.46">
        <vehicle id="cfm_slow_0" eclass="HBEFA3/PC_G_EU4" CO2="18236.81" CO="574.19" HC="3.10" NOx="7.50" PMx="0.57" fuel="7.84" electricity="0.00" noise="81.75" route="routebottom" type="cfm_slow" waiting="0.00" lane="right_0" pos="8.27" speed="46.80" angle="349.56" x="126.76" y="80.46"/>
        <vehicle id="cfm_slow_1" eclass="HBEFA3/PC_G_EU4" CO2="14795.60" CO="508.39" HC="2.72" NOx="5.87" PMx="0.48" fuel="6.36" electricity="0.00" noise="81.20" route="routebottom" type="cfm_slow" waiting="0.00" lane="right_0" pos="48.24" speed="47.04" angle="277.67" x="67.29" y="128.86"/>
        <vehicle id="cfm_slow_2" eclass="HBEFA3/PC_G_EU4" CO2="0.00" CO="0.00" HC="0.00" NOx="0.00" PMx="0.00" fuel="0.00" electricity="0.00" noise="80.86" route="routetop" type="cfm_slow" waiting="0.00" lane="top_0" pos="38.42" speed="46.97" angle="205.32" x="2.63" y="86.90"/>
        <vehicle id="cfm_slow_3" eclass="HBEFA3/PC_G_EU4" CO2="14161.92" CO="489.41" HC="2.62" NOx="5.58" PMx="0.46" fuel="6.09" electricity="0.00" noise="81.01" route="routetop" type="cfm_slow" waiting="0.00" lane="left_0" pos="28.51" speed="46.76" angle="133.19" x="22.85" y="12.68"/>
        <vehicle id="cfm_slow_4" eclass="HBEFA3/PC_G_EU4" CO2="17002.15" CO="546.50" HC="2.95" NOx="6.92" PMx="0.53" fuel="7.31" electricity="0.00" noise="81.49" route="routebottom" type="cfm_slow" waiting="0.00" lane="bottom_0" pos="18.38" speed="46.70" angle="61.37" x="99.31" y="8.96"/>
    </timestep>
    <timestep time="7.47">
        <vehicle id="cfm_slow_0" eclass="HBEFA3/PC_G_EU4" CO2="18191.94" CO="573.34" HC="3.10" NOx="7.48" PMx="0.57" fuel="7.82" electricity="0.00" noise="81.74" route="routebottom" type="cfm_slow" waiting="0.00" lane="right_0" pos="8.74" speed="46.81" angle="348.73" x="126.52" y="81.39"/>
        <vehicle id="cfm_slow_1" eclass="HBEFA3/PC_G_EU4" CO2="14762.82" CO="507.73" HC="2.72" NOx="5.86" PMx="0.48" fuel="6.35" electricity="0.00" noise="81.19" route="routebottom" type="cfm_slow" waiting="0.00" lane="right_0" pos="48.71" speed="47.04" angle="276.83" x="66.33" y="128.92"/>
        <vehicle id="cfm_slow_2" eclass="HBEFA3/PC_G_EU4" CO2="0.00" CO="0.00" HC="0.00" NOx="0.00" PMx="0.00" fuel="0.00" electricity="0.00" noise="80.86" route="routetop" type="cfm_slow" waiting="0.00" lane="top_0" pos="38.89" speed="46.97" angle="204.48" x="2.30" y="86.00"/>
        <vehicle id="cfm_slow_3" eclass="HBEFA3/PC_G_EU4" CO2="14177.20" CO="489.74" HC="2.62" NOx="5.58" PMx="0.46" fuel="6.09" electricity="0.00" noise="81.01" route="routetop" type="cfm_slow" waiting="0.00" lane="left_0" pos="28.98" speed="46.76" angle="132.32" x="23.61" y="12.09"/>
        <vehicle id="cfm_slow_4" eclass="HBEFA3/PC_G_EU4" CO2="16996.09" CO="546.44" HC="2.95" NOx="6.92" PMx="0.53" fuel="7.31" electricity="0.00" noise="81.49" route="routebottom" type="cfm_slow" waiting="0.00" lane="bottom_0" pos="18.85" speed="46.70" angle="60.49" x="100.11" y="9.49"/>
    </timestep>
    <timestep time="7.48">
        <vehicle id="cfm_slow_0" eclass="HBEFA3/PC_G_EU4" CO2="18147.28" CO="572.50" HC="3.09" NOx="7.46" PMx="0.56" fuel="7.80" electricity="0.00" noise="81.73" route="routebottom" type="cfm_slow" waiting="0.00" lane="right_0" pos="9.21" speed="46.81" angle="347.94" x="126.25" y="82.31"/>
        <vehicle id="cfm_slow_1" eclass="HBEFA3/PC_G_EU4" CO2="14730.46" CO="507.08" HC="2.71" NOx="5.84" PMx="0.48" fuel="6.33" electricity="0.00" noise="81.18" route="routebottom" type="cfm_slow" waiting="0.00" lane="right_0" pos="49.18" speed="47.04" angle="275.97" x="65.36" y="128.94"/>
        <vehicle id="cfm_slow_2" eclass="HBEFA3/PC_G_EU4" CO2="0.00" CO="0.00" HC="0.00" NOx="0.00" PMx="0.00" fuel="0.00" electricity="0.00" noise="80.86" route="routetop" type="cfm_slow" waiting="0.00" lane="top_0" pos="39.36" speed="46.97" angle="203.62" x="1.98" y="85.09"/>
        <vehicle id="cfm_slow_3" eclass="HBEFA3/PC_G_EU4" CO2="14192.40" CO="490.06" HC="2.62" NOx="5.59" PMx="0.46" fuel="6.10" electricity="0.00" noise="81.02" route="routetop" type="cfm_slow" waiting="0.00" lane="left_0" pos="29.45" speed="46.76" angle="131.50" x="24.36" y="11.50"/>
        <vehicle id="cfm_slow_4" eclass="HBEFA3/PC_G_EU4" CO2="16989.84" CO="546.37" HC="2.95" NOx="6.91" PMx="0.53" fuel="7.30" electricity="0.00" noise="81.49" route="routebottom" type="cfm_slow" waiting="0.00" lane="bottom_0" pos="19.32" speed="46.70" angle="59.67" x="100.90" y="10.02"/>
    </timestep>
    <timestep time="7.49">
        <vehicle id="cfm_slow_0" eclass="HBEFA3/PC_G_EU4" CO2="18102.82" CO="571.66" HC="3.09" NOx="7.44" PMx="0.56" fuel="7.78" electricity="0.00" noise="81.73" route="routebottom" type="cfm_slow" waiting="0.00" lane="right_0" pos="9.68" speed="46.81" angle="347.08" x="125.97" y="83.23"/>
        <vehicle id="cfm_slow_1" eclass="HBEFA3/PC_G_EU4" CO2="14698.50" CO="506.44" HC="2.71" NOx="5.83" PMx="0.48" fuel="6.32" electricity="0.00" noise="81.18" route="routebottom" type="cfm_slow" waiting="0.00" lane="right_0" pos="49.65" speed="47.04" angle="275.10" x="64.40" y="128.96"/>
        <vehicle id="cfm_slow_2" eclass="HBEFA3/PC_G_EU4" CO2="0.00" CO="0.00" HC="0.00" NOx="0.00" PMx="0.00" fuel="0.00" electricity="0.00" noise="80.86" route="routetop" type="cfm_slow" waiting="0.00" lane="top_0" pos="39.83" speed="46.97" angle="202.83" x="1.66" y="84.18"/>
        <vehicle id="cfm_slow_3" eclass="HBEFA3/PC_G_EU4" CO2="14207.52" CO="490.38" HC="2.62" NOx="5.60" PMx="0.46" fuel="6.11" electricity="0.00" noise="81.02" route="routetop" type="cfm_slow" waiting="0.00" lane="left_0" pos="29.92" speed="46.76" angle="130.64" x="25.14" y="10.94"/>
        <vehicle id="cfm_slow_4" eclass="HBEFA3/PC_G_EU4" CO2="16983.41" CO="546.29" HC="2.95" NOx="6.91" PMx="0.53" fuel="7.30" electricity="0.00" noise="81.49" route="routebottom" type="cfm_slow" waiting="0.00" lane="bottom_0" pos="19.78" speed="46.71" angle="58.82" x="101.68" y="10.58"/>
    </timestep>
    <timestep time="7.50">
        <vehicle id="cfm_slow_0" eclass="HBEFA3/PC_G_EU4" CO2="18058.57" CO="570.83" HC="3.09" NOx="7.42" PMx="0.56" fuel="7.76" electricity="0.00" noise="81.72" route="routebottom" type="cfm_slow" waiting="0.00" lane="right_0" pos="10.15" speed="46.82" angle="346.24" x="125.68" y="84.14"/>
        <vehicle id="cfm_slow_1" eclass="HBEFA3/PC_G_EU4" CO2="14666.95" CO="505.80" HC="2.71" NOx="5.81" PMx="0.48" fuel="6.30" electricity="0.00" noise="81.17" route="routetop" type="cfm_slow" waiting="0.00" lane="top_0" pos="0.12" speed="47.04" angle="274.26" x="63.38" y="128.97"/>
        <vehicle id="cfm_slow_2" eclass="HBEFA3/PC_G_EU4" CO2="0.00" CO="0.00" HC="0.00" NOx="0.00" PMx="0.00" fuel="0.00" electricity="0.00" noise="80.86" route="routetop" type="cfm_slow" waiting="0.00" lane="top_0" pos="40.30" speed="46.97" angle="201.95" x="1.37" y="83.26"/>
        <vehicle id="cfm_slow_3" eclass="HBEFA3/PC_G_EU4" CO2="14222.56" CO="490.70" HC="2.62" NOx="5.61" PMx="0.46" fuel="6.11" electricity="0.00" noise="81.02" route="routetop" type="cfm_slow" waiting="0.00" lane="left_0" pos="30.38" speed="46.76" angle="129.77" x="25.92" y="10.38"/>
        <vehicle id="cfm_slow_4" eclass="HBEFA3/PC_G_EU4" CO2="16976.79" CO="546.21" HC="2.95" NOx="6.91" PMx="0.53" fuel="7.30" electricity="0.00" noise="81.49" route="routebottom" type="cfm_slow" waiting="0.00" lane="bottom_0" pos="20.25" speed="46.71" angle="57.97" x="102.46" y="11.14"/>
    </timestep>
    <timestep time="7.51">
        <vehicle id="cfm_slow_0" eclass="HBEFA3/PC_G_EU4" CO2="18014.52" CO="570.00" HC="3.08" NOx="7.39" PMx="0.56" fuel="7.74" electricity="0.00" noise="81.71" route="routebottom" type="cfm_slow" waiting="0.00" lane="right_0" pos="10.61" speed="46.82" angle="345.39" x="125.36" y="85.05"/>
        <vehicle id="cfm_slow_1" eclass="HBEFA3/PC_G_EU4" CO2="14635.79" CO="505.17" HC="2.70" NOx="5.80" PMx="0.48" fuel="6.29" electricity="0.00" noise="81.17" route="routetop" type="cfm_slow" waiting="0.00" lane="top_0" pos="0.59" speed="47.04" angle="273.40" x="62.41" y="128.95"/>
        <vehicle id="cfm_slow_2" eclass="HBEFA3/PC_G_EU4" CO2="0.00" CO="0.00" HC="0.00" NOx="0.00" PMx="0.00" fuel="0.00" electricity="0.00" noise="80.86" route="routetop" type="cfm_slow" waiting="0.00" lane="top_0" pos="40.77" speed="46.97" angle="201.07" x="1.09" y="82.34"/>
        <vehicle id="cfm_slow_3" eclass="HBEFA3/PC_G_EU4" CO2="14237.51" CO="491.01" HC="2.63" NOx="5.61" PMx="0.46" fuel="6.12" electricity="0.00" noise="81.02" route="routetop" type="cfm_slow" waiting="0.00" lane="left_0" pos="30.85" speed="46.76" angle="128.97" x="26.70" y="9.83"/>
        <vehicle id="cfm_slow_4" eclass="HBEFA3/PC_G_EU4" CO2="16969.98" CO="546.13" HC="2.95" NOx="6.90" PMx="0.53" fuel="7.29" electricity="0.00" noise="81.49" route="routebottom" type="cfm_slow" waiting="0.00" lane="bottom_0" pos="20.72" speed="46.71" angle="57.17" x="103.23" y="11.71"/>
    </timestep>
    <timestep time="7.52">
        <vehicle id="cfm_slow_0" eclass="HBEFA3/PC_G_EU4" CO2="17970.68" CO="569.17" HC="3.08" NOx="7.37" PMx="0.56" fuel="7.72" electricity="0.00" noise="81.70" route="routebottom" type="cfm_slow" waiting="0.00" lane="right_0" pos="11.08" speed="46.82" angle="344.48" x="125.04" y="85.95"/>
        <vehicle id="cfm_slow_1" eclass="HBEFA3/PC_G_EU4" CO2="14605.04" CO="504.55" HC="2.70" NOx="5.78" PMx="0.47" fuel="6.28" electricity="0.00" noise="81.16" route="routetop" type="cfm_slow" waiting="0.00" lane="top_0" pos="1.06" speed="47.04" angle="272.55" x="61.45" y="128.93"/>
        <vehicle id="cfm_slow_2" eclass="HBEFA3/PC_G_EU4" CO2="0.00" CO="0.00" HC="0.00" NOx="0.00" PMx="0.00" fuel="0.00" electricity="0.00" noise="80.86" route="routetop" type="cfm_slow" waiting="0.00" lane="top_0" pos="41.24" speed="46.97" angle="200.26" x="0.82" y="81.42"/>
        <vehicle id="cfm_slow_3" eclass="HBEFA3/PC_G_EU4" CO2="14252.38" CO="491.33" HC="2.63" NOx="5.62" PMx="0.46" fuel="6.13" electricity="0.00" noise="81.03" route="routetop" type="cfm_slow" waiting="0.00" lane="left_0" pos="31.32" speed="46.76" angle="128.13" x="27.50" y="9.29"/>
        <vehicle id="cfm_slow_4" eclass="HBEFA3/PC_G_EU4" CO2="16962.99" CO="546.04" HC="2.94" NOx="6.90" PMx="0.53" fuel="7.29" electricity="0.00" noise="81.48" route="routebottom" type="cfm_slow" waiting="0.00" lane="bottom_0" pos="21.18" speed="46.71" angle="56.32" x="103.98" y="12.30"/>
    </timestep>
    <timestep time="7.53">
        <vehicle id="cfm_slow_0" eclass="HBEFA3/PC_G_EU4" CO2="17927.05" CO="568.34" HC="3.07" NOx="7.35" PMx="0.56" fuel="7.71" electricity="0.00" noise="81.70" route="routebottom" type="cfm_slow" waiting="0.00" lane="right_0" pos="11.55" speed="46.83" angle="343.65" x="124.71" y="86.85"/>
        <vehicle id="cfm_slow_1" eclass="HBEFA3/PC_G_EU4" CO2="14574.69" CO="503.94" HC="2.69" NOx="5.77" PMx="0.47" fuel="6.27" electricity="0.00" noise="81.16" route="routetop" type="cfm_slow" waiting="0.00" lane="top_0" pos="1.54" speed="47.04" angle="271.73" x="60.48" y="128.89"/>
        <vehicle id="cfm_slow_2" eclass="HBEFA3/PC_G_EU4" CO2="0.00" CO="0.00" HC="0.00" NOx="0.00" PMx="0.00" fuel="0.00" electricity="0.00" noise="80.86" route="routetop" type="cfm_slow" waiting="0.00" lane="top_0" pos="41.71" speed="46.97" angle="199.39" x="0.57" y="80.49"/>
        <vehicle id="cfm_slow_3" eclass="HBEFA3/PC_G_EU4" CO2="14267.16" CO="491.64" HC="2.63" NOx="5.63" PMx="0.46" fuel="6.13" electricity="0.00" noise="81.03" route="routetop" type="cfm_slow" waiting="0.00" lane="left_0" pos="31.79" speed="46.77" angle="127.29" x="28.30" y="8.76"/>
        <vehicle id="cfm_slow_4" eclass="HBEFA3/PC_G_EU4" CO2="16955.83" CO="545.95" HC="2.94" NOx="6.90" PMx="0.53" fuel="7.29" electricity="0.00" noise="81.48" route="routebottom" type="cfm_slow" waiting="0.00" lane="bottom_0" pos="21.65" speed="46.72" angle="55.47" x="104.74" y="12.89"/>
    </timestep>
    <timestep time="7.54">
        <vehicle id="cfm_slow_0" eclass="HBEFA3/PC_G_EU4" CO2="17883.63" CO="567.52" HC="3.07" NOx="7.33" PMx="0.56" fuel="7.69" electricity="0.00" noise="81.69" route="routebottom" type="cfm_slow" waiting="0.00" lane="right_0" pos="12.02" speed="46.83" angle="342.82" x="124.35" y="87.75"/>
        <vehicle id="cfm_slow_1" eclass="HBEFA3/PC_G_EU4" CO2="14544.73" CO="503.33" HC="2.69" NOx="5.75" PMx="0.47" fuel="6.25" electricity="0.00" noise="81.15" route="routetop" type="cfm_slow" waiting="0.00" lane="top_0" pos="2.01" speed="47.04" angle="270.87" x="59.52" y="128.83"/>
        <vehicle id="cfm_slow_2" eclass="HBEFA3/PC_G_EU4" CO2="0.00" CO="0.00" HC="0.00" NOx="0.00" PMx="0.00" fuel="0.00" electricity="0.00" noise="80.86" route="routetop" type="cfm_slow" waiting="0.00" lane="top_0" pos="42.18" speed="46.97" angle="198.53" x="0.32" y="79.56"/>
        <vehicle id="cfm_slow_3" eclass="HBEFA3/PC_G_EU4" CO2="14281.85" CO="491.95" HC="2.63" NOx="5.63" PMx="0.46" fuel="6.14" electricity="0.00" noise="81.03" route="routetop" type="cfm_slow" waiting="0.00" lane="left_0" pos="32.25" speed="46.77" angle="126.49" x="29.10" y="8.25"/>
        <vehicle id="cfm_slow_4" eclass="HBEFA3/PC_G_EU4" CO2="16948.48" CO="545.86" HC="2.94" NOx="6.89" PMx="0.53" fuel="7.29" electricity="0.00" noise="81.48" route="routebottom" type="cfm_slow" waiting="0.00" lane="bottom_0" pos="22.12" speed="46.72" angle="54.67" x="105.47" y="13.50"/>
    </timestep>
    <timestep time="7.55">
        <vehicle id="cfm_slow_0" eclass="HBEFA3/PC_G_EU4" CO2="17840.42" CO="566.70" HC="3.06" NOx="7.31" PMx="0.56" fuel="7.67" electricity="0.00" noise="81.68" route="routebottom" type="cfm_slow" waiting="0.00" lane="right_0" pos="12.49" speed="46.84" angle="342.00" x="124.00" y="88.64"/>
        <vehicle id="cfm_slow_1" eclass="HBEFA3/PC_G_EU4" CO2="14515.16" CO="502.74" HC="2.69" NOx="5.74" PMx="0.47" fuel="6.24" electricity="0.00" noise="81.15" route="routetop" type="cfm_slow" waiting="0.00" lane="top_0" pos="2.48" speed="47.04" angle="270.03" x="58.56" y="128.78"/>
        <vehicle id="cfm_slow_2" eclass="HBEFA3/PC_G_EU4" CO2="0.00" CO="0.00" HC="0.00" NOx="0.00" PMx="0.00" fuel="0.00" electricity="0.00" noise="80.86" route="routetop" type="cfm_slow" waiting="0.00" lane="top_0" pos="42.65" speed="46.96" angle="197.74" x="0.10" y="78.62"/>
        <vehicle id="cfm_slow_3" eclass="HBEFA3/PC_G_EU4" CO2="14296.44" CO="492.26" HC="2.63" NOx="5.64" PMx="0.46" fuel="6.15" electricity="0.00" noise="81.03" route="routetop" type="cfm_slow" waiting="0.00" lane="left_0" pos="32.72" speed="46.77" angle="125.62" x="29.93" y="7.75"/>
        <vehicle id="cfm_slow_4" eclass="HBEFA3/PC_G_EU4" CO2="16940.95" CO="545.76" HC="2.94" NOx="6.89" PMx="0.53" fuel="7.28" electricity="0.00" noise="81.48" route="routebottom" type="cfm_slow" waiting="0.00" lane="bottom_0" pos="22.59" speed="46.72" angle="53.82" x="106.20" y="14.12"/>
    </timestep>
    <timestep time="7.56">
        <vehicle id="cfm_slow_0" eclass="HBEFA3/PC_G_EU4" CO2="17797.42" CO="565.89" HC="3.06" NOx="7.29" PMx="0.56" fuel="7.65" electricity="0.00" noise="81.67" route="routebottom" type="cfm_slow" waiting="0.00" lane="right_0" pos="12.96" speed="46.84" angle="341.21" x="123.63" y="89.53"/>
        <vehicle id="cfm_slow_1" eclass="HBEFA3/PC_G_EU4" CO2="14485.99" CO="502.15" HC="2.68" NOx="5.73" PMx="0.47" fuel="6.23" electricity="0.00" noise="81.15" route="routetop" type="cfm_slow" waiting="0.00" lane="top_0" pos="2.95" speed="47.04" angle="269.21" x="57.60" y="128.69"/>
        <vehicle id="cfm_slow_2" eclass="HBEFA3/PC_G_EU4" CO2="0.00" CO="0.00" HC="0.00" NOx="0.00" PMx="0.00" fuel="0.00" electricity="0.00" noise="80.86" route="routetop" type="cfm_slow" waiting="0.00" lane="top_0" pos="43.12" speed="46.96" angle="196.90" x="-0.11" y="77.68"/>
        <vehicle id="cfm_slow_3" eclass="HBEFA3/PC_G_EU4" CO2="14310.94" CO="492.57" HC="2.64" NOx="5.65" PMx="0.46" fuel="6.15" electricity="0.00" noise="81.04" route="routetop" type="cfm_slow" waiting="0.00" lane="left_0" pos="33.19" speed="46.77" angle="124.74" x="30.75" y="7.26"/>
        <vehicle id="cfm_slow_4" eclass="HBEFA3/PC_G_EU4" CO2="16933.25" CO="545.66" HC="2.94" NOx="6.89" PMx="0.53" fuel="7.28" electricity="0.00" noise="81.48" route="routebottom" type="cfm_slow" waiting="0.00" lane="bottom_0" pos="23.05" speed="46.72" angle="53.03" x="106.94" y="14.74"/>
    </timestep>
    <timestep time="7.57">
        <vehicle id="cfm_slow_0" eclass="HBEFA3/PC_G_EU4" CO2="17754.63" CO="565.08" HC="3.05" NOx="7.27" PMx="0.55" fuel="7.63" electricity="0.00" noise="81.67" route="routebottom" type="cfm_slow" waiting="0.00" lane="right_0" pos="13.42" speed="46.84" angle="340.33" x="123.24" y="90.40"/>
        <vehicle id="cfm_slow_1" eclass="HBEFA3/PC_G_EU4" CO2="14457.21" CO="501.56" HC="2.68" NOx="5.71" PMx="0.47" fuel="6.21" electricity="0.00" noise="81.14" route="routetop" type="cfm_slow" waiting="0.00" lane="top_0" pos="3.42" speed="47.04" angle="268.35" x="56.64" y="128.59"/>
        <vehicle id="cfm_slow_2" eclass="HBEFA3/PC_G_EU4" CO2="0.00" CO="0.00" HC="0.00" NOx="0.00" PMx="0.00" fuel="0.00" electricity="0.00" noise="80.86" route="routetop" type="cfm_slow" waiting="0.00" lane="top_0" pos="43.59" speed="46.96" angle="196.10" x="-0.32" y="76.74"/>
        <vehicle id="cfm_slow_3" eclass="HBEFA3/PC_G_EU4" CO2="14325.35" CO="492.88" HC="2.64" NOx="5.65" PMx="0.46" fuel="6.16" electricity="0.00" noise="81.04" route="routetop" type="cfm_slow" waiting="0.00" lane="left_0" pos="33.66" speed="46.77" angle="123.95" x="31.58" y="6.78"/>
        <vehicle id="cfm_slow_4" eclass="HBEFA3/PC_G_EU4" CO2="16925.38" CO="545.55" HC="2.94" NOx="6.88" PMx="0.53" fuel="7.28" electricity="0.00" noise="81.48" route="routebottom" type="cfm_slow" waiting="0.00" lane="bottom_0" pos="23.52" speed="46.73" angle="52.20" x="107.64" y="15.39"/>
    </timestep>
    <timestep time="7.58">
        <vehicle id="cfm_slow_0" eclass="HBEFA3/PC_G_EU4" CO2="17712.05" CO="564.27" HC="3.05" NOx="7.25" PMx="0.55" fuel="7.61" electricity="0.00" noise="81.66" route="routebottom" type="cfm_slow" waiting="0.00" lane="right_0" pos="13.89" speed="46.84" angle="339.45" x="122.84" y="91.28"/>
        <vehicle id="cfm_slow_1" eclass="HBEFA3/PC_G_EU4" CO2="14428.81" CO="500.99" HC="2.68" NOx="5.70" PMx="0.47" fuel="6.20" electricity="0.00" noise="81.14" route="routetop" type="cfm_slow" waiting="0.00" lane="top_0" pos="3.89" speed="47.05" angle="267.54" x="55.68" y="128.48"/>
        <vehicle id="cfm_slow_2" eclass="HBEFA3/PC_G_EU4" CO2="0.00" CO="0.00" HC="0.00" NOx="0.00" PMx="0.00" fuel="0.00" electricity="0.00" noise="80.86" route="routetop" type="cfm_slow" waiting="0.00" lane="top_0" pos="44.06" speed="46.96" angle="195.23" x="-0.50" y="75.80"/>
        <vehicle id="cfm_slow_3" eclass="HBEFA3/PC_G_EU4" CO2="14339.66" CO="493.19" HC="2.64" NOx="5.66" PMx="0.46" fuel="6.16" electricity="0.00" noise="81.04" route="routetop" type="cfm_slow" waiting="0.00" lane="left_0" pos="34.13" speed="46.77" angle="123.10" x="32.42" y="6.32"/>
        <vehicle id="cfm_slow_4" eclass="HBEFA3/PC_G_EU4" CO2="16917.34" CO="545.44" HC="2.94" NOx="6.88" PMx="0.53" fuel="7.27" electricity="0.00" noise="81.48" route="routebottom" type="cfm_slow" waiting="0.00" lane="bottom_0" pos="23.99" speed="46.73" angle="51.36" x="108.35" y="16.04"/>
    </timestep>
    <timestep time="7.59">
        <vehicle id="cfm_slow_0" eclass="HBEFA3/PC_G_EU4" CO2="17669.69" CO="563.47" HC="3.04" NOx="7.23" PMx="0.55" fuel="7.60" electricity="0.00" noise="81.65" route="routebottom" type="cfm_slow" waiting="0.00" lane="right_0" pos="14.36" speed="46.85" angle="338.63" x="122.43" y="92.14"/>
        <vehicle id="cfm_slow_1" eclass="HBEFA3/PC_G_EU4" CO2="14400.80" CO="500.42" HC="2.67" NOx="5.69" PMx="0.47" fuel="6.19" electricity="0.00" noise="81.13" route="routetop" type="cfm_slow" waiting="0.00" lane="top_0" pos="4.36" speed="47.05" angle="266.68" x="54.72" y="128.35"/>
        <vehicle id="cfm_slow_2" eclass="HBEFA3/PC_G_EU4" CO2="0.00" CO="0.00" HC="0.00" NOx="0.00" PMx="0.00" fuel="0.00" electricity="0.00" noise="80.86" route="routetop" type="cfm_slow" waiting="0.00" lane="top_0" pos="44.53" speed="46.96" angle="194.36" x="-0.68" y="74.85"/>
        <vehicle id="cfm_slow_3" eclass="HBEFA3/PC_G_EU4" CO2="14353.86" CO="493.49" HC="2.64" NOx="5.67" PMx="0.47" fuel="6.17" electricity="0.00" noise="81.04" route="routetop" type="cfm_slow" waiting="0.00" lane="left_0" pos="34.59" speed="46.77" angle="122.31" x="33.26" y="5.85"/>
        <vehicle id="cfm_slow_4" eclass="HBEFA3/PC_G_EU4" CO2="16909.12" CO="545.33" HC="2.94" NOx="6.87" PMx="0.53" fuel="7.27" electricity="0.00" noise="81.48" route="routebottom" type="cfm_slow" waiting="0.00" lane="bottom_0" pos="24.46" speed="46.73" angle="50.56" x="109.05" y="16.70"/>
    </timestep>
    <timestep time="7.60">
        <vehicle id="cfm_slow_0" eclass="HBEFA3/PC_G_EU4" CO2="17627.55" CO="562.67" HC="3.04" NOx="7.21" PMx="0.55" fuel="7.58" electricity="0.00" noise="81.65" route="routebottom" type="cfm_slow" waiting="0.00" lane="right_0" pos="14.83" speed="46.85" angle="337.75" x="122.00" y="93.00"/>
        <vehicle id="cfm_slow_1" eclass="HBEFA3/PC_G_EU4" CO2="14373.18" CO="499.86" HC="2.67" NOx="5.67" PMx="0.47" fuel="6.18" electricity="0.00" noise="81.13" route="routetop" type="cfm_slow" waiting="0.00" lane="top_0" pos="4.83" speed="47.05" angle="265.82" x="53.77" y="128.21"/>
        <vehicle id="cfm_slow_2" eclass="HBEFA3/PC_G_EU4" CO2="0.00" CO="0.00" HC="0.00" NOx="0.00" PMx="0.00" fuel="0.00" electricity="0.00" noise="80.86" route="routetop" type="cfm_slow" waiting="0.00" lane="top_0" pos="45.00" speed="46.96" angle="193.56" x="-0.84" y="73.90"/>
        <vehicle id="cfm_slow_3" eclass="HBEFA3/PC_G_EU4" CO2="14367.97" CO="493.79" HC="2.64" NOx="5.67" PMx="0.47" fuel="6.18" electricity="0.00" noise="81.05" route="routetop" type="cfm_slow" waiting="0.00" lane="left_0" pos="35.06" speed="46.77" angle="121.46" x="34.11" y="5.42"/>
        <vehicle id="cfm_slow_4" eclass="HBEFA3/PC_G_EU4" CO2="16900.74" CO="545.22" HC="2.94" NOx="6.87" PMx="0.53" fuel="7.26" electricity="0.00" noise="81.48" route="routebottom" type="cfm_slow" waiting="0.00" lane="bottom_0" pos="24.92" speed="46.74" angle="49.68" x="109.72" y="17.38"/>
    </timestep>
    <timestep time="7.61">
        <vehicle id="cfm_slow_0" eclass="HBEFA3/PC_G_EU4" CO2="17585.62" CO="561.87" HC="3.03" NOx="7.19" PMx="0.55" fuel="7.56" electricity="0.00" noise="81.64" route="routebottom" type="cfm_slow" waiting="0.00" lane="right_0" pos="15.30" speed="46.85" angle="336.90" x="121.57" y="93.86"/>
        <vehicle id="cfm_slow_1" eclass="HBEFA3/PC_G_EU4" CO2="14345.94" CO="499.31" HC="2.67" NOx="5.66" PMx="0.47" fuel="6.17" electricity="0.00" noise="81.12" route="routetop" type="cfm_slow" waiting="0.00" lane="top_0" pos="5.30" speed="47.05" angle="264.98" x="52.82" y="128.06"/>
        <vehicle id="cfm_slow_2" eclass="HBEFA3/PC_G_EU4" CO2="0.00" CO="0.00" HC="0.00" NOx="0.00" PMx="0.00" fuel="0.00" electricity="0.00" noise="80.86" route="routetop" type="cfm_slow" waiting="0.00" lane="top_0" pos="45.47" speed="46.96" angle="192.70" x="-0.98" y="72.95"/>
        <vehicle id="cfm_slow_3" eclass="HBEFA3/PC_G_EU4" CO2="14381.97" CO="494.09" HC="2.64" NOx="5.68" PMx="0.47" fuel="6.18" electricity="0.00" noise="81.05" route="routetop" type="cfm_slow" waiting="0.00" lane="left_0" pos="35.53" speed="46.77" angle="120.61" x="34.97" y="4.99"/>
        <vehicle id="cfm_slow_4" eclass="HBEFA3/PC_G_EU4" CO2="16892.20" CO="545.10" HC="2.94" NOx="6.87" PMx="0.53" fuel="7.26" electricity="0.00" noise="81.48" route="routebottom" type="cfm_slow" waiting="0.00" lane="bottom_0" pos="25.39" speed="46.74" angle="48.79" x="110.40" y="18.05"/>
    </timestep>
    <timestep time="7.62">
        <vehicle id="cfm_slow_0" eclass="HBEFA3/PC_G_EU4" CO2="17543.90" CO="561.08" HC="3.03" NOx="7.17" PMx="0.55" fuel="7.54" electricity="0.00" noise="81.63" route="routebottom" type="cfm_slow" waiting="0.00" lane="right_0" pos="15.77" speed="46.86" angle="336.11" x="121.11" y="94.71"/>
        <vehicle id="cfm_slow_1" eclass="HBEFA3/PC_G_EU4" CO2="14319.07" CO="498.76" HC="2.66" NOx="5.65" PMx="0.47" fuel="6.16" electricity="0.00" noise="81.12" route="routetop" type="cfm_slow" waiting="0.00" lane="top_0" pos="5.77" speed="47.05" angle="264.12" x="51.87" y="127.89"/>
        <vehicle id="cfm_slow_2" eclass="HBEFA3/PC_G_EU4" CO2="0.00" CO="0.00" HC="0.00" NOx="0.00" PMx="0.00" fuel="0.00" electricity="0.00" noise="80.86" route="routetop" type="cfm_slow" waiting="0.00" lane="top_0" pos="45.94" speed="46.96" angle="191.85" x="-1.11" y="71.99"/>
        <vehicle id="cfm_slow_3" eclass="HBEFA3/PC_G_EU4" CO2="14395.87" CO="494.39" HC="2.65" NOx="5.69" PMx="0.47" fuel="6.19" electricity="0.00" noise="81.05" route="routetop" type="cfm_slow" waiting="0.00" lane="left_0" pos="36.00" speed="46.77" angle="119.80" x="35.83" y="4.57"/>
        <vehicle id="cfm_slow_4" eclass="HBEFA3/PC_G_EU4" CO2="16883.49" CO="544.97" HC="2.94" NOx="6.86" PMx="0.53" fuel="7.26" electricity="0.00" noise="81.48" route="routebottom" type="cfm_slow" waiting="0.00" lane="bottom_0" pos="25.86" speed="46.74" angle="47.98" x="111.06" y="18.74"/>
    </timestep>
    <timestep time="7.63">
        <vehicle id="cfm_slow_0" eclass="HBEFA3/PC_G_EU4" CO2="17502.41" CO="560.29" HC="3.02" NOx="7.15" PMx="0.55" fuel="7.52" electricity="0.00" noise="81.62" route="routebottom" type="cfm_slow" waiting="0.00" lane="right_0" pos="16.23" speed="46.86" angle="335.28" x="120.65" y="95.55"/>
        <vehicle id="cfm_slow_1" eclass="HBEFA3/PC_G_EU4" CO2="14292.58" CO="498.22" HC="2.66" NOx="5.63" PMx="0.47" fuel="6.14" electricity="0.00" noise="81.11" route="routetop" type="cfm_slow" waiting="0.00" lane="top_0" pos="6.24" speed="47.05" angle="263.25" x="50.92" y="127.72"/>
        <vehicle id="cfm_slow_2" eclass="HBEFA3/PC_G_EU4" CO2="0.00" CO="0.00" HC="0.00" NOx="0.00" PMx="0.00" fuel="0.00" electricity="0.00" noise="80.86" route="routetop" type="cfm_slow" waiting="0.00" lane="top_0" pos="46.41" speed="46.96" angle="191.03" x="-1.23" y="71.04"/>
        <vehicle id="cfm_slow_3" eclass="HBEFA3/PC_G_EU4" CO2="14409.66" CO="494.68" HC="2.65" NOx="5.69" PMx="0.47" fuel="6.19" electricity="0.00" noise="81.05" route="routetop" type="cfm_slow" waiting="0.00" lane="left_0" pos="36.46" speed="46.77" angle="118.91" x="36.71" y="4.18"/>
        <vehicle id="cfm_slow_4" eclass="HBEFA3/PC_G_EU4" CO2="16874.62" CO="544.84" HC="2.94" NOx="6.86" PMx="0.53" fuel="7.25" electricity="0.00" noise="81.48" route="routebottom" type="cfm_slow" waiting="0.00" lane="bottom_0" pos="26.32" speed="46.74" angle="47.13" x="111.71" y="19.45"/>
    </timestep>
    <timestep time="7.64">
        <vehicle id="cfm_slow_0" eclass="HBEFA3/PC_G_EU4" CO2="17461.13" CO="559.50" HC="3.02" NOx="7.13" PMx="0.55" fuel="7.51" electricity="0.00" noise="81.62" route="routebottom" type="cfm_slow" waiting="0.00" lane="right_0" pos="16.70" speed="46.86" angle="334.48" x="120.18" y="96.39"/>
        <vehicle id="cfm_slow_1" eclass="HBEFA3/PC_G_EU4" CO2="14266.47" CO="497.69" HC="2.66" NOx="5.62" PMx="0.47" fuel="6.13" electricity="0.00" noise="81.11" route="routetop" type="cfm_slow" waiting="0.00" lane="top_0" pos="6.71" speed="47.05" angle="262.42" x="49.97" y="127.52"/>
        <vehicle id="cfm_slow_2" eclass="HBEFA3/PC_G_EU4" CO2="0.00" CO="0.00" HC="0.00" NOx="0.00" PMx="0.00" fuel="0.00" electricity="0.00" noise="80.86" route="routetop" type="cfm_slow" waiting="0.00" lane="top_0" pos="46.88" speed="46.96" angle="190.15" x="-1.32" y="70.08"/>
        <vehicle id="cfm_slow_3" eclass="HBEFA3/PC_G_EU4" CO2="14423.34" CO="494.98" HC="2.65" NOx="5.70" PMx="0.47" fuel="6.20" electricity="0.00" noise="81.06" route="routetop" type="cfm_slow" waiting="0.00" lane="left_0" pos="36.93" speed="46.77" angle="118.02" x="37.58" y="3.79"/>
        <vehicle id="cfm_slow_4" eclass="HBEFA3/PC_G_EU4" CO2="16865.59" CO="544.71" HC="2.94" NOx="6.85" PMx="0.53" fuel="7.25" electricity="0.00" noise="81.48" route="routebottom" type="cfm_slow" waiting="0.00" lane="bottom_0" pos="26.79" speed="46.75" angle="46.28" x="112.36" y="20.15"/>
    </timestep>
    <timestep time="7.65">
        <vehicle id="cfm_slow_0" eclass="HBEFA3/PC_G_EU4" CO2="17420.08" CO="558.72" HC="3.01" NOx="7.11" PMx="0.55" fuel="7.49" electricity="0.00" noise="81.61" route="routebottom" type="cfm_slow" waiting="0.00" lane="right_0" pos="17.17" speed="46.87" angle="333.61" x="119.68" y="97.21"/>
        <vehicle id="cfm_slow_1" eclass="HBEFA3/PC_G_EU4" CO2="14240.73" CO="497.17" HC="2.66" NOx="5.61" PMx="0.46" fuel="6.12" electricity="0.00" noise="81.11" route="routetop" type="cfm_slow" waiting="0.00" lane="top_0" pos="7.18" speed="47.05" angle="261.51" x="49.03" y="127.30"/>
        <vehicle id="cfm_slow_2" eclass="HBEFA3/PC_G_EU4" CO2="0.00" CO="0.00" HC="0.00" NOx="0.00" PMx="0.00" fuel="0.00" electricity="0.00" noise="80.86" route="routetop" type="cfm_slow" waiting="0.00" lane="top_0" pos="47.35" speed="46.96" angle="189.29" x="-1.42" y="69.12"/>
        <vehicle id="cfm_slow_3" eclass="HBEFA3/PC_G_EU4" CO2="14436.92" CO="495.27" HC="2.65" NOx="5.71" PMx="0.47" fuel="6.21" electricity="0.00" noise="81.06" route="routetop" type="cfm_slow" waiting="0.00" lane="left_0" pos="37.40" speed="46.77" angle="117.20" x="38.47" y="3.41"/>
        <vehicle id="cfm_slow_4" eclass="HBEFA3/PC_G_EU4" CO2="16856.40" CO="544.58" HC="2.94" NOx="6.85" PMx="0.53" fuel="7.25" electricity="0.00" noise="81.47" route="routebottom" type="cfm_slow" waiting="0.00" lane="bottom_0" pos="27.26" speed="46.75" angle="45.46" x="112.99" y="20.87"/>
    </timestep>
    <timestep time="7.66">
        <vehicle id="cfm_slow_0" eclass="HBEFA3/PC_G_EU4" CO2="17379.24" CO="557.94" HC="3.01" NOx="7.09" PMx="0.55" fuel="7.47" electricity="0.00" noise="81.60" route="routebottom" type="cfm_slow" waiting="0.00" lane="right_0" pos="17.64" speed="46.87" angle="332.74" x="119.19" y="98.04"/>
        <vehicle id="cfm_slow_1" eclass="HBEFA3/PC_G_EU4" CO2="14215.37" CO="496.65" HC="2.65" NOx="5.60" PMx="0.46" fuel="6.11" electricity="0.00" noise="81.10" route="routetop" type="cfm_slow" waiting="0.00" lane="top_0" pos="7.65" speed="47.05" angle="260.65" x="48.09" y="127.08"/>
        <vehicle id="cfm_slow_2" eclass="HBEFA3/PC_G_EU4" CO2="0.00" CO="0.00" HC="0.00" NOx="0.00" PMx="0.00" fuel="0.00" electricity="0.00" noise="80.86" route="routetop" type="cfm_slow" waiting="0.00" lane="top_0" pos="47.82" speed="46.96" angle="188.47" x="-1.49" y="68.16"/>
        <vehicle id="cfm_slow_3" eclass="HBEFA3/PC_G_EU4" CO2="14450.38" CO="495.56" HC="2.65" NOx="5.71" PMx="0.47" fuel="6.21" electricity="0.00" noise="81.06" route="routetop" type="cfm_slow" waiting="0.00" lane="left_0" pos="37.87" speed="46.77" angle="116.33" x="39.36" y="3.06"/>
        <vehicle id="cfm_slow_4" eclass="HBEFA3/PC_G_EU4" CO2="16847.06" CO="544.44" HC="2.93" NOx="6.84" PMx="0.53" fuel="7.24" electricity="0.00" noise="81.47" route="routebottom" type="cfm_slow" waiting="0.00" lane="bottom_0" pos="27.73" speed="46.75" angle="44.57" x="113.61" y="21.61"/>
    </timestep>
    <timestep time="7.67">
        <vehicle id="cfm_slow_0" eclass="HBEFA3/PC_G_EU4" CO2="17338.63" CO="557.17" HC="3.01" NOx="7.07" PMx="0.54" fuel="7.45" electricity="0.00" noise="81.60" route="routebottom" type="cfm_slow" waiting="0.00" lane="right_0" pos="18.11" speed="46.87" angle="331.93" x="118.68" y="98.85"/>
        <vehicle id="cfm_slow_1" eclass="HBEFA3/PC_G_EU4" CO2="14190.37" CO="496.14" HC="2.65" NOx="5.59" PMx="0.46" fuel="6.10" electricity="0.00" noise="81.10" route="routetop" type="cfm_slow" waiting="0.00" lane="top_0" pos="8.12" speed="47.05" angle="259.83" x="47.16" y="126.84"/>
        <vehicle id="cfm_slow_2" eclass="HBEFA3/PC_G_EU4" CO2="0.00" CO="0.00" HC="0.00" NOx="0.00" PMx="0.00" fuel="0.00" electricity="0.00" noise="80.86" route="routetop" type="cfm_slow" waiting="0.00" lane="top_0" pos="48.29" speed="46.95" angle="187.61" x="-1.54" y="67.20"/>
        <vehicle id="cfm_slow_3" eclass="HBEFA3/PC_G_EU4" CO2="14463.73" CO="495.85" HC="2.65" NOx="5.72" PMx="0.47" fuel="6.22" electricity="0.00" noise="81.06" route="routetop" type="cfm_slow" waiting="0.00" lane="left_0" pos="38.33" speed="46.77" angle="115.45" x="40.25" y="2.70"/>
        <vehicle id="cfm_slow_4" eclass="HBEFA3/PC_G_EU4" CO2="16837.56" CO="544.30" HC="2.93" NOx="6.84" PMx="0.53" fuel="7.24" electricity="0.00" noise="81.47" route="routebottom" type="cfm_slow" waiting="0.00" lane="bottom_0" pos="28.19" speed="46.75" angle="43.73" x="114.23" y="22.34"/>
    </timestep>
    <timestep time="7.68">
        <vehicle id="cfm_slow_0" eclass="HBEFA3/PC_G_EU4" CO2="17298.23" CO="556.40" HC="3.00" NOx="7.06" PMx="0.54" fuel="7.44" electricity="0.00" noise="81.59" route="routebottom" type="cfm_slow" waiting="0.00" lane="right_0" pos="18.58" speed="46.88" angle="331.05" x="118.15" y="99.65"/>
        <vehicle id="cfm_slow_1" eclass="HBEFA3/PC_G_EU4" CO2="14165.73" CO="495.64" HC="2.65" NOx="5.57" PMx="0.46" fuel="6.09" electricity="0.00" noise="81.09" route="routetop" type="cfm_slow" waiting="0.00" lane="top_0" pos="8.59" speed="47.05" angle="258.99" x="46.23" y="126.59"/>
        <vehicle id="cfm_slow_2" eclass="HBEFA3/PC_G_EU4" CO2="0.00" CO="0.00" HC="0.00" NOx="0.00" PMx="0.00" fuel="0.00" electricity="0.00" noise="80.86" route="routetop" type="cfm_slow" waiting="0.00" lane="top_0" pos="48.76" speed="46.95" angle="186.80" x="-1.60" y="66.24"/>
        <vehicle id="cfm_slow_3" eclass="HBEFA3/PC_G_EU4" CO2="14476.97" CO="496.13" HC="2.66" NOx="5.73" PMx="0.47" fuel="6.22" electricity="0.00" noise="81.07" route="routetop" type="cfm_slow" waiting="0.00" lane="left_0" pos="38.80" speed="46.77" angle="114.64" x="41.15" y="2.37"/>
        <vehicle id="cfm_slow_4" eclass="HBEFA3/PC_G_EU4" CO2="16827.91" CO="544.16" HC="2.93" NOx="6.84" PMx="0.53" fuel="7.23" electricity="0.00" noise="81.47" route="routebottom" type="cfm_slow" waiting="0.00" lane="bottom_0" pos="28.66" speed="46.76" angle="42.87" x="114.82" y="23.09"/>
    </timestep>
    <timestep time="7.69">
        <vehicle id="cfm_slow_0" eclass="HBEFA3/PC_G_EU4" CO2="17258.06" CO="555.63" HC="3.00" NOx="7.04" PMx="0.54" fuel="7.42" electricity="0.00" noise="81.58" route="routebottom" type="cfm_slow" waiting="0.00" lane="right_0" pos="19.05" speed="46.88" angle="330.16" x="117.62" y="100.45"/>
        <vehicle id="cfm_slow_1" eclass="HBEFA3/PC_G_EU4" CO2="14141.47" CO="495.14" HC="2.64" NOx="5.56" PMx="0.46" fuel="6.08" electricity="0.00" noise="81.09" route="routetop" type="cfm_slow" waiting="0.00" lane="top_0" pos="9.06" speed="47.05" angle="258.21" x="45.30" y="126.34"/>
        <vehicle id="cfm_slow_2" eclass="HBEFA3/PC_G_EU4" CO2="0.00" CO="0.00" HC="0.00" NOx="0.00" PMx="0.00" fuel="0.00" electricity="0.00" noise="80.86" route="routetop" type="cfm_slow" waiting="0.00" lane="top_0" pos="49.23" speed="46.95" angle="185.92" x="-1.62" y="65.28"/>
        <vehicle id="cfm_slow_3" eclass="HBEFA3/PC_G_EU4" CO2="14490.09" CO="496.42" HC="2.66" NOx="5.73" PMx="0.47" fuel="6.23" electricity="0.00" noise="81.07" route="routetop" type="cfm_slow" waiting="0.00" lane="left_0" pos="39.27" speed="46.77" angle="113.78" x="42.05" y="2.05"/>
        <vehicle id="cfm_slow_4" eclass="HBEFA3/PC_G_EU4" CO2="16818.12" CO="544.01" HC="2.93" NOx="6.83" PMx="0.53" fuel="7.23" electricity="0.00" noise="81.47" route="routebottom" type="cfm_slow" waiting="0.00" lane="bottom_0" pos="29.13" speed="46.76" angle="42.01" x="115.41" y="23.85"/>
    </timestep>
    <timestep time="7.70">
        <vehicle id="cfm_slow_0" eclass="HBEFA3/PC_G_EU4" CO2="17218.12" CO="554.87" HC="2.99" NOx="7.02" PMx="0.54" fuel="7.40" electricity="0.00" noise="81.58" route="routebottom" type="cfm_slow" waiting="0.00" lane="right_0" pos="19.52" speed="46.88" angle="329.34" x="117.06" y="101.24"/>
        <vehicle id="cfm_slow_1" eclass="HBEFA3/PC_G_EU4" CO2="14117.56" CO="494.66" HC="2.64" NOx="5.55" PMx="0.46" fuel="6.07" electricity="0.00" noise="81.09" route="routetop" type="cfm_slow" waiting="0.00" lane="top_0" pos="9.53" speed="47.05" angle="257.34" x="44.38" y="126.05"/>
        <vehicle id="cfm_slow_2" eclass="HBEFA3/PC_G_EU4" CO2="0.00" CO="0.00" HC="0.00" NOx="0.00" PMx="0.00" fuel="0.00" electricity="0.00" noise="80.86" route="routetop" type="cfm_slow" waiting="0.00" lane="top_0" pos="49.70" speed="46.95" angle="185.03" x="-1.64" y="64.31"/>
        <vehicle id="cfm_slow_3" eclass="HBEFA3/PC_G_EU4" CO2="14503.09" CO="496.70" HC="2.66" NOx="5.74" PMx="0.47" fuel="6.23" electricity="0.00" noise="81.07" route="routetop" type="cfm_slow" waiting="0.00" lane="left_0" pos="39.74" speed="46.77" angle="112.98" x="42.95" y="1.72"/>
        <vehicle id="cfm_slow_4" eclass="HBEFA3/PC_G_EU4" CO2="16808.17" CO="543.86" HC="2.93" NOx="6.83" PMx="0.53" fuel="7.23" electricity="0.00" noise="81.47" route="routebottom" type="cfm_slow" waiting="0.00" lane="bottom_0" pos="29.60" speed="46.76" angle="41.21" x="116.00" y="24.61"/>
    </timestep>
    <timestep time="7.71">
        <vehicle id="cfm_slow_0" eclass="HBEFA3/PC_G_EU4" CO2="17178.40" CO="554.11" HC="2.99" NOx="7.00" PMx="0.54" fuel="7.38" electricity="0.00" noise="81.57" route="routebottom" type="cfm_slow" waiting="0.00" lane="right_0" pos="19.98" speed="46.88" angle="328.47" x="116.50" y="102.02"/>
        <vehicle id="cfm_slow_1" eclass="HBEFA3/PC_G_EU4" CO2="14094.01" CO="494.18" HC="2.64" NOx="5.54" PMx="0.46" fuel="6.06" electricity="0.00" noise="81.08" route="routetop" type="cfm_slow" waiting="0.00" lane="top_0" pos="10.00" speed="47.05" angle="256.48" x="43.45" y="125.77"/>
        <vehicle id="cfm_slow_2" eclass="HBEFA3/PC_G_EU4" CO2="0.00" CO="0.00" HC="0.00" NOx="0.00" PMx="0.00" fuel="0.00" electricity="0.00" noise="80.86" route="routetop" type="cfm_slow" waiting="0.00" lane="left_0" pos="0.16" speed="46.95" angle="184.19" x="-1.64" y="63.29"/>
        <vehicle id="cfm_slow_3" eclass="HBEFA3/PC_G_EU4" CO2="14515.97" CO="496.98" HC="2.66" NOx="5.74" PMx="0.47" fuel="6.24" electricity="0.00" noise="81.07" route="routetop" type="cfm_slow" waiting="0.00" lane="left_0" pos="40.21" speed="46.78" angle="112.12" x="43.87" y="1.43"/>
        <vehicle id="cfm_slow_4" eclass="HBEFA3/PC_G_EU4" CO2="16798.08" CO="543.71" HC="2.93" NOx="6.82" PMx="0.53" fuel="7.22" electricity="0.00" noise="81.47" route="routebottom" type="cfm_slow" waiting="0.00" lane="bottom_0" pos="30.07" speed="46.76" angle="40.37" x="116.56" y="25.38"/>
    </timestep>
    <timestep time="7.72">
        <vehicle id="cfm_slow_0" eclass="HBEFA3/PC_G_EU4" CO2="17138.90" CO="553.36" HC="2.98" NOx="6.98" PMx="0.54" fuel="7.37" electricity="0.00" noise="81.56" route="routebottom" type="cfm_slow" waiting="0.00" lane="right_0" pos="20.45" speed="46.89" angle="327.63" x="115.94" y="102.80"/>
        <vehicle id="cfm_slow_1" eclass="HBEFA3/PC_G_EU4" CO2="14070.82" CO="493.70" HC="2.64" NOx="5.53" PMx="0.46" fuel="6.05" electricity="0.00" noise="81.08" route="routetop" type="cfm_slow" waiting="0.00" lane="top_0" pos="10.47" speed="47.05" angle="255.65" x="42.54" y="125.46"/>
        <vehicle id="cfm_slow_2" eclass="HBEFA3/PC_G_EU4" CO2="0.00" CO="0.00" HC="0.00" NOx="0.00" PMx="0.00" fuel="0.00" electricity="0.00" noise="80.86" route="routetop" type="cfm_slow" waiting="0.00" lane="left_0" pos="0.63" speed="46.95" angle="183.33" x="-1.62" y="62.33"/>
        <vehicle id="cfm_slow_3" eclass="HBEFA3/PC_G_EU4" CO2="14528.74" CO="497.25" HC="2.66" NOx="5.75" PMx="0.47" fuel="6.25" electricity="0.00" noise="81.08" route="routetop" type="cfm_slow" waiting="0.00" lane="left_0" pos="40.67" speed="46.78" angle="111.25" x="44.78" y="1.15"/>
        <vehicle id="cfm_slow_4" eclass="HBEFA3/PC_G_EU4" CO2="16787.84" CO="543.55" HC="2.93" NOx="6.82" PMx="0.53" fuel="7.22" electricity="0.00" noise="81.47" route="routebottom" type="cfm_slow" waiting="0.00" lane="bottom_0" pos="30.53" speed="46.77" angle="39.53" x="117.12" y="26.16"/>
    </timestep>
    <timestep time="7.73">
        <vehicle id="cfm_slow_0" eclass="HBEFA3/PC_G_EU4" CO2="17099.63" CO="552.61" HC="2.98" NOx="6.96" PMx="0.54" fuel="7.35" electricity="0.00" noise="81.56" route="routebottom" type="cfm_slow" waiting="0.00" lane="right_0" pos="20.92" speed="46.89" angle="326.80" x="115.35" y="103.56"/>
        <vehicle id="cfm_slow_1" eclass="HBEFA3/PC_G_EU4" CO2="14047.99" CO="493.23" HC="2.63" NOx="5.52" PMx="0.46" fuel="6.04" electricity="0.00" noise="81.08" route="routetop" type="cfm_slow" waiting="0.00" lane="top_0" pos="10.94" speed="47.05" angle="254.73" x="41.63" y="125.13"/>
        <vehicle id="cfm_slow_2" eclass="HBEFA3/PC_G_EU4" CO2="0.00" CO="0.00" HC="0.00" NOx="0.00" PMx="0.00" fuel="0.00" electricity="0.00" noise="80.86" route="routetop" type="cfm_slow" waiting="0.00" lane="left_0" pos="1.10" speed="46.95" angle="182.47" x="-1.61" y="61.37"/>
        <vehicle id="cfm_slow_3" eclass="HBEFA3/PC_G_EU4" CO2="14541.39" CO="497.53" HC="2.66" NOx="5.76" PMx="0.47" fuel="6.25" electricity="0.00" noise="81.08" route="routetop" type="cfm_slow" waiting="0.00" lane="left_0" pos="41.14" speed="46.78" angle="110.44" x="45.70" y="0.87"/>
        <vehicle id="cfm_slow_4" eclass="HBEFA3/PC_G_EU4" CO2="16777.47" CO="543.39" HC="2.93" NOx="6.81" PMx="0.53" fuel="7.21" electricity="0.00" noise="81.47" route="routebottom" type="cfm_slow" waiting="0.00" lane="bottom_0" pos="31.00" speed="46.77" angle="38.74" x="117.67" y="26.95"/>
    </timestep>
    <timestep time="7.74">
        <vehicle id="cfm_slow_0" eclass="HBEFA3/PC_G_EU4" CO2="17060.58" CO="551.86" HC="2.97" NOx="6.94" PMx="0.54" fuel="7.33" electricity="0.00" noise="81.55" route="routebottom" type="cfm_slow" waiting="0.00" lane="right_0" pos="21.39" speed="46.89" angle="325.94" x="114.76" y="104.31"/>
        <vehicle id="cfm_slow_1" eclass="HBEFA3/PC_G_EU4" CO2="14025.51" CO="492.77" HC="2.63" NOx="5.51" PMx="0.46" fuel="6.03" electricity="0.00" noise="81.07" route="routetop" type="cfm_slow" waiting="0.00" lane="top_0" pos="11.41" speed="47.05" angle="253.83" x="40.73" y="124.80"/>
        <vehicle id="cfm_slow_2" eclass="HBEFA3/PC_G_EU4" CO2="0.00" CO="0.00" HC="0.00" NOx="0.00" PMx="0.00" fuel="0.00" electricity="0.00" noise="80.86" route="routetop" type="cfm_slow" waiting="0.00" lane="left_0" pos="1.57" speed="46.95" angle="181.66" x="-1.56" y="60.41"/>
        <vehicle id="cfm_slow_3" eclass="HBEFA3/PC_G_EU4" CO2="14553.91" CO="497.80" HC="2.67" NOx="5.76" PMx="0.47" fuel="6.26" electricity="0.00" noise="81.08" route="routetop" type="cfm_slow" waiting="0.00" lane="left_0" pos="41.61" speed="46.78" angle="109.59" x="46.63" y="0.63"/>
        <vehicle id="cfm_slow_4" eclass="HBEFA3/PC_G_EU4" CO2="16766.95" CO="543.23" HC="2.93" NOx="6.81" PMx="0.53" fuel="7.21" electricity="0.00" noise="81.46" route="routebottom" type="cfm_slow" waiting="0.00" lane="bottom_0" pos="31.47" speed="46.77" angle="37.88" x="118.20" y="27.75"/>
    </timestep>
    <timestep time="7.75">
        <vehicle id="cfm_slow_0" eclass="HBEFA3/PC_G_EU4" CO2="17021.76" CO="551.12" HC="2.97" NOx="6.92" PMx="0.54" fuel="7.32" electricity="0.00" noise="81.54" route="routebottom" type="cfm_slow" waiting="0.00" lane="right_0" pos="21.86" speed="46.89" angle="325.14" x="114.16" y="105.07"/>
        <vehicle id="cfm_slow_1" eclass="HBEFA3/PC_G_EU4" CO2="14003.38" CO="492.32" HC="2.63" NOx="5.50" PMx="0.46" fuel="6.02" electricity="0.00" noise="81.07" route="routetop" type="cfm_slow" waiting="0.00" lane="top_0" pos="11.89" speed="47.05" angle="253.04" x="39.83" y="124.45"/>
        <vehicle id="cfm_slow_2" eclass="HBEFA3/PC_G_EU4" CO2="0.00" CO="0.00" HC="0.00" NOx="0.00" PMx="0.00" fuel="0.00" electricity="0.00" noise="80.86" route="routetop" type="cfm_slow" waiting="0.00" lane="left_0" pos="2.04" speed="46.95" angle="180.81" x="-1.50" y="59.44"/>
        <vehicle id="cfm_slow_3" eclass="HBEFA3/PC_G_EU4" CO2="14566.31" CO="498.07" HC="2.67" NOx="5.77" PMx="0.47" fuel="6.26" electricity="0.00" noise="81.08" route="routetop" type="cfm_slow" waiting="0.00" lane="left_0" pos="42.08" speed="46.78" angle="108.73" x="47.55" y="0.38"/>
        <vehicle id="cfm_slow_4" eclass="HBEFA3/PC_G_EU4" CO2="16756.30" CO="543.06" HC="2.93" NOx="6.80" PMx="0.53" fuel="7.20" electricity="0.00" noise="81.46" route="routebottom" type="cfm_slow" waiting="0.00" lane="bottom_0" pos="31.94" speed="46.77" angle="37.03" x="118.73" y="28.54"/>
    </timestep>
    <timestep time="7.76">
        <vehicle id="cfm_slow_0" eclass="HBEFA3/PC_G_EU4" CO2="16983.17" CO="550.38" HC="2.97" NOx="6.91" PMx="0.53" fuel="7.30" electricity="0.00" noise="81.54" route="routebottom" type="cfm_slow" waiting="0.00" lane="right_0" pos="22.33" speed="46.90" angle="324.28" x="113.54" y="105.80"/>
        <vehicle id="cfm_slow_1" eclass="HBEFA3/PC_G_EU4" CO2="13981.60" CO="491.87" HC="2.62" NOx="5.49" PMx="0.46" fuel="6.01" electricity="0.00" noise="81.07" route="routetop" type="cfm_slow" waiting="0.00" lane="top_0" pos="12.36" speed="47.05" angle="252.22" x="38.93" y="124.09"/>
        <vehicle id="cfm_slow_2" eclass="HBEFA3/PC_G_EU4" CO2="0.00" CO="0.00" HC="0.00" NOx="0.00" PMx="0.00" fuel="0.00" electricity="0.00" noise="80.86" route="routetop" type="cfm_slow" waiting="0.00" lane="left_0" pos="2.51" speed="46.95" angle="179.98" x="-1.44" y="58.48"/>
        <vehicle id="cfm_slow_3" eclass="HBEFA3/PC_G_EU4" CO2="14578.59" CO="498.34" HC="2.67" NOx="5.77" PMx="0.47" fuel="6.27" electricity="0.00" noise="81.08" route="routetop" type="cfm_slow" waiting="0.00" lane="left_0" pos="42.54" speed="46.78" angle="107.95" x="48.49" y="0.15"/>
        <vehicle id="cfm_slow_4" eclass="HBEFA3/PC_G_EU4" CO2="16745.51" CO="542.89" HC="2.93" NOx="6.80" PMx="0.53" fuel="7.20" electricity="0.00" noise="81.46" route="routebottom" type="cfm_slow" waiting="0.00" lane="bottom_0" pos="32.40" speed="46.78" angle="36.22" x="119.24" y="29.36"/>
    </timestep>
    <timestep time="7.77">
        <vehicle id="cfm_slow_0" eclass="HBEFA3/PC_G_EU4" CO2="16944.81" CO="549.65" HC="2.96" NOx="6.89" PMx="0.53" fuel="7.28" electricity="0.00" noise="81.53" route="routebottom" type="cfm_slow" waiting="0.00" lane="right_0" pos="22.80" speed="46.90" angle="323.43" x="112.92" y="106.54"/>
        <vehicle id="cfm_slow_1" eclass="HBEFA3/PC_G_EU4" CO2="13960.16" CO="491.43" HC="2.62" NOx="5.48" PMx="0.46" fuel="6.00" electricity="0.00" noise="81.06" route="routetop" type="cfm_slow" waiting="0.00" lane="top_0" pos="12.83" speed="47.05" angle="251.44" x="38.04" y="123.73"/>
        <vehicle id="cfm_slow_2" eclass="HBEFA3/PC_G_EU4" CO2="0.00" CO="0.00" HC="0.00" NOx="0.00" PMx="0.00" fuel="0.00" electricity="0.00" noise="80.86" route="routetop" type="cfm_slow" waiting="0.00" lane="left_0" pos="2.98" speed="46.95" angle="179.14" x="-1.35" y="57.53"/>
        <vehicle id="cfm_slow_3" eclass="HBEFA3/PC_G_EU4" CO2="14590.74" CO="498.60" HC="2.67" NOx="5.78" PMx="0.47" fuel="6.27" electricity="0.00" noise="81.09" route="routetop" type="cfm_slow" waiting="0.00" lane="left_0" pos="43.01" speed="46.78" angle="107.11" x="49.42" y="-0.06"/>
        <vehicle id="cfm_slow_4" eclass="HBEFA3/PC_G_EU4" CO2="16734.59" CO="542.72" HC="2.92" NOx="6.79" PMx="0.53" fuel="7.19" electricity="0.00" noise="81.46" route="routebottom" type="cfm_slow" waiting="0.00" lane="bottom_0" pos="32.87" speed="46.78" angle="35.34" x="119.73" y="30.19"/>
    </timestep>
    <timestep time="7.78">
        <vehicle id="cfm_slow_0" eclass="HBEFA3/PC_G_EU4" CO2="16906.67" CO="548.92" HC="2.96" NOx="6.87" PMx="0.53" fuel="7.27" electricity="0.00" noise="81.53" route="routebottom" type="cfm_slow" waiting="0.00" lane="right_0" pos="23.27" speed="46.90" angle="322.64" x="112.29" y="107.26"/>
        <vehicle id="cfm_slow_1" eclass="HBEFA3/PC_G_EU4" CO2="13939.07" CO="491.00" HC="2.62" NOx="5.47" PMx="0.46" fuel="5.99" electricity="0.00" noise="81.06" route="routetop" type="cfm_slow" waiting="0.00" lane="top_0" pos="13.30" speed="47.05" angle="250.56" x="37.16" y="123.34"/>
        <vehicle id="cfm_slow_2" eclass="HBEFA3/PC_G_EU4" CO2="0.00" CO="0.00" HC="0.00" NOx="0.00" PMx="0.00" fuel="0.00" electricity="0.00" noise="80.87" route="routetop" type="cfm_slow" waiting="0.00" lane="left_0" pos="3.45" speed="46.95" angle="178.29" x="-1.26" y="56.57"/>
        <vehicle id="cfm_slow_3" eclass="HBEFA3/PC_G_EU4" CO2="14602.77" CO="498.87" HC="2.67" NOx="5.79" PMx="0.47" fuel="6.28" electricity="0.00" noise="81.09" route="routetop" type="cfm_slow" waiting="0.00" lane="left_0" pos="43.48" speed="46.78" angle="106.27" x="50.36" y="-0.28"/>
        <vehicle id="cfm_slow_4" eclass="HBEFA3/PC_G_EU4" CO2="16723.54" CO="542.54" HC="2.92" NOx="6.79" PMx="0.53" fuel="7.19" electricity="0.00" noise="81.46" route="routebottom" type="cfm_slow" waiting="0.00" lane="bottom_0" pos="33.34" speed="46.78" angle="34.52" x="120.22" y="31.01"/>
    </timestep>
    <timestep time="7.79">
        <vehicle id="cfm_slow_0" eclass="HBEFA3/PC_G_EU4" CO2="16868.77" CO="548.19" HC="2.95" NOx="6.85" PMx="0.53" fuel="7.25" electricity="0.00" noise="81.52" route="routebottom" type="cfm_slow" waiting="0.00" lane="right_0" pos="23.74" speed="46.90" angle="321.78" x="111.63" y="107.97"/>
        <vehicle id="cfm_slow_1" eclass="HBEFA3/PC_G_EU4" CO2="13918.32" CO="490.57" HC="2.62" NOx="5.46" PMx="0.46" fuel="5.98" electricity="0.00" noise="81.06" route="routetop" type="cfm_slow" waiting="0.00" lane="top_0" pos="13.77" speed="47.05" angle="249.68" x="36.28" y="122.95"/>
        <vehicle id="cfm_slow_2" eclass="HBEFA3/PC_G_EU4" CO2="0.00" CO="0.00" HC="0.00" NOx="0.00" PMx="0.00" fuel="0.00" electricity="0.00" noise="80.87" route="routetop" type="cfm_slow" waiting="0.00" lane="left_0" pos="3.92" speed="46.95" angle="177.48" x="-1.15" y="55.61"/>
        <vehicle id="cfm_slow_3" eclass="HBEFA3/PC_G_EU4" CO2="14614.67" CO="499.13" HC="2.67" NOx="5.79" PMx="0.47" fuel="6.28" electricity="0.00" noise="81.09" route="routetop" type="cfm_slow" waiting="0.00" lane="left_0" pos="43.95" speed="46.78" angle="105.45" x="51.30" y="-0.46"/>
        <vehicle id="cfm_slow_4" eclass="HBEFA3/PC_G_EU4" CO2="16712.35" CO="542.37" HC="2.92" NOx="6.78" PMx="0.53" fuel="7.18" electricity="0.00" noise="81.46" route="routebottom" type="cfm_slow" waiting="0.00" lane="bottom_0" pos="33.81" speed="46.78" angle="33.68" x="120.68" y="31.85"/>
    </timestep>
    <timestep time="7.80">
        <vehicle id="cfm_slow_0" eclass="HBEFA3/PC_G_EU4" CO2="16831.09" CO="547.47" HC="2.95" NOx="6.83" PMx="0.53" fuel="7.24" electricity="0.00" noise="81.51" route="routebottom" type="cfm_slow" waiting="0.00" lane="right_0" pos="24.21" speed="46.91" angle="320.93" x="110.98" y="108.67"/>
        <vehicle id="cfm_slow_1" eclass="HBEFA3/PC_G_EU4" CO2="13897.91" CO="490.15" HC="2.61" NOx="5.45" PMx="0.46" fuel="5.97" electricity="0.00" noise="81.05" route="routetop" type="cfm_slow" waiting="0.00" lane="top_0" pos="14.24" speed="47.05" angle="248.86" x="35.40" y="122.54"/>
        <vehicle id="cfm_slow_2" eclass="HBEFA3/PC_G_EU4" CO2="0.00" CO="0.00" HC="0.00" NOx="0.00" PMx="0.00" fuel="0.00" electricity="0.00" noise="80.87" route="routetop" type="cfm_slow" waiting="0.00" lane="left_0" pos="4.39" speed="46.94" angle="176.62" x="-1.02" y="54.66"/>
        <vehicle id="cfm_slow_3" eclass="HBEFA3/PC_G_EU4" CO2="14626.44" CO="499.38" HC="2.67" NOx="5.80" PMx="0.47" fuel="6.29" electricity="0.00" noise="81.09" route="routetop" type="cfm_slow" waiting="0.00" lane="left_0" pos="44.42" speed="46.78" angle="104.58" x="52.24" y="-0.63"/>
        <vehicle id="cfm_slow_4" eclass="HBEFA3/PC_G_EU4" CO2="16701.04" CO="542.18" HC="2.92" NOx="6.78" PMx="0.53" fuel="7.18" electricity="0.00" noise="81.46" route="routebottom" type="cfm_slow" waiting="0.00" lane="bottom_0" pos="34.27" speed="46.79" angle="32.83" x="121.15" y="32.69"/>
    </timestep>
    <timestep time="7.81">
        <vehicle id="cfm_slow_0" eclass="HBEFA3/PC_G_EU4" CO2="16793.65" CO="546.75" HC="2.94" NOx="6.82" PMx="0.53" fuel="7.22" electricity="0.00" noise="81.51" route="routebottom" type="cfm_slow" waiting="0.00" lane="right_0" pos="24.67" speed="46.91" angle="320.13" x="110.31" y="109.36"/>
        <vehicle id="cfm_slow_1" eclass="HBEFA3/PC_G_EU4" CO2="0.00" CO="0.00" HC="0.00" NOx="0.00" PMx="0.00" fuel="0.00" electricity="0.00" noise="81.05" route="routetop" type="cfm_slow" waiting="0.00" lane="top_0" pos="14.71" speed="47.05" angle="247.99" x="34.54" y="122.11"/>
        <vehicle id="cfm_slow_2" eclass="HBEFA3/PC_G_EU4" CO2="0.00" CO="0.00" HC="0.00" NOx="0.00" PMx="0.00" fuel="0.00" electricity="0.00" noise="80.87" route="routetop" type="cfm_slow" waiting="0.00" lane="left_0" pos="4.86" speed="46.94" angle="175.76" x="-0.88" y="53.71"/>
        <vehicle id="cfm_slow_3" eclass="HBEFA3/PC_G_EU4" CO2="14638.08" CO="499.64" HC="2.68" NOx="5.80" PMx="0.47" fuel="6.29" electricity="0.00" noise="81.10" route="routetop" type="cfm_slow" waiting="0.00" lane="left_0" pos="44.88" speed="46.78" angle="103.78" x="53.18" y="-0.81"/>
        <vehicle id="cfm_slow_4" eclass="HBEFA3/PC_G_EU4" CO2="16689.61" CO="542.00" HC="2.92" NOx="6.77" PMx="0.53" fuel="7.17" electricity="0.00" noise="81.45" route="routebottom" type="cfm_slow" waiting="0.00" lane="bottom_0" pos="34.74" speed="46.79" angle="32.04" x="121.61" y="33.53"/>
    </timestep>
    <timestep time="7.82">
        <vehicle id="cfm_slow_0" eclass="HBEFA3/PC_G_EU4" CO2="16756.43" CO="546.03" HC="2.94" NOx="6.80" PMx="0.53" fuel="7.20" electricity="0.00" noise="81.50" route="routebottom" type="cfm_slow" waiting="0.00" lane="right_0" pos="25.14" speed="46.91" angle="319.27" x="109.63" y="110.04"/>
        <vehicle id="cfm_slow_1" eclass="HBEFA3/PC_G_EU4" CO2="0.00" CO="0.00" HC="0.00" NOx="0.00" PMx="0.00" fuel="0.00" electricity="0.00" noise="81.05" route="routetop" type="cfm_slow" waiting="0.00" lane="top_0" pos="15.18" speed="47.05" angle="247.11" x="33.67" y="121.68"/>
        <vehicle id="cfm_slow_2" eclass="HBEFA3/PC_G_EU4" CO2="0.00" CO="0.00" HC="0.00" NOx="0.00" PMx="0.00" fuel="0.00" electricity="0.00" noise="80.87" route="routetop" type="cfm_slow" waiting="0.00" lane="left_0" pos="5.33" speed="46.94" angle="174.92" x="-0.73" y="52.76"/>
        <vehicle id="cfm_slow_3" eclass="HBEFA3/PC_G_EU4" CO2="14649.59" CO="499.89" HC="2.68" NOx="5.81" PMx="0.47" fuel="6.30" electricity="0.00" noise="81.10" route="routetop" type="cfm_slow" waiting="0.00" lane="left_0" pos="45.35" speed="46.78" angle="102.92" x="54.13" y="-0.94"/>
        <vehicle id="cfm_slow_4" eclass="HBEFA3/PC_G_EU4" CO2="16678.05" CO="541.81" HC="2.92" NOx="6.76" PMx="0.53" fuel="7.17" electricity="0.00" noise="81.45" route="routebottom" type="cfm_slow" waiting="0.00" lane="bottom_0" pos="35.21" speed="46.79" angle="31.16" x="122.03" y="34.39"/>
    </timestep>
    <timestep time="7.83">
        <vehicle id="cfm_slow_0" eclass="HBEFA3/PC_G_EU4" CO2="16719.45" CO="545.32" HC="2.94" NOx="6.78" PMx="0.53" fuel="7.19" electricity="0.00" noise="81.50" route="routebottom" type="cfm_slow" waiting="0.00" lane="right_0" pos="25.61" speed="46.91" angle="318.46" x="108.95" y="110.72"/>
        <vehicle id="cfm_slow_1" eclass="HBEFA3/PC_G_EU4" CO2="0.00" CO="0.00" HC="0.00" NOx="0.00" PMx="0.00" fuel="0.00" electricity="0.00" noise="81.04" route="routetop" type="cfm_slow" waiting="0.00" lane="top_0" pos="15.65" speed="47.05" angle="246.33" x="32.82" y="121.23"/>
        <vehicle id="cfm_slow_2" eclass="HBEFA3/PC_G_EU4" CO2="0.00" CO="0.00" HC="0.00" NOx="0.00" PMx="0.00" fuel="0.00" electricity="0.00" noise="80.87" route="routetop" type="cfm_slow" waiting="0.00" lane="left_0" pos="5.80" speed="46.94" angle="174.03" x="-0.55" y="51.81"/>
        <vehicle id="cfm_slow_3" eclass="HBEFA3/PC_G_EU4" CO2="14660.97" CO="500.14" HC="2.68" NOx="5.81" PMx="0.47" fuel="6.30" electricity="0.00" noise="81.10" route="routetop" type="cfm_slow" waiting="0.00" lane="left_0" pos="45.82" speed="46.78" angle="102.06" x="55.08" y="-1.08"/>
        <vehicle id="cfm_slow_4" eclass="HBEFA3/PC_G_EU4" CO2="16666.36" CO="541.63" HC="2.92" NOx="6.76" PMx="0.53" fuel="7.16" electricity="0.00" noise="81.45" route="routebottom" type="cfm_slow" waiting="0.00" lane="bottom_0" pos="35.68" speed="46.79" angle="30.29" x="122.46" y="35.25"/>
    </timestep>
    <timestep time="7.84">
        <vehicle id="cfm_slow_0" eclass="HBEFA3/PC_G_EU4" CO2="16682.70" CO="544.62" HC="2.93" NOx="6.76" PMx="0.53" fuel="7.17" electricity="0.00" noise="81.49" route="routebottom" type="cfm_slow" waiting="0.00" lane="right_0" pos="26.08" speed="46.92" angle="317.61" x="108.24" y="111.38"/>
        <vehicle id="cfm_slow_1" eclass="HBEFA3/PC_G_EU4" CO2="0.00" CO="0.00" HC="0.00" NOx="0.00" PMx="0.00" fuel="0.00" electricity="0.00" noise="81.04" route="routetop" type="cfm_slow" waiting="0.00" lane="top_0" pos="16.12" speed="47.05" angle="245.48" x="31.98" y="120.76"/>
        <vehicle id="cfm_slow_2" eclass="HBEFA3/PC_G_EU4" CO2="0.00" CO="0.00" HC="0.00" NOx="0.00" PMx="0.00" fuel="0.00" electricity="0.00" noise="80.87" route="routetop" type="cfm_slow" waiting="0.00" lane="left_0" pos="6.27" speed="46.94" angle="173.15" x="-0.38" y="50.86"/>
        <vehicle id="cfm_slow_3" eclass="HBEFA3/PC_G_EU4" CO2="14672.22" CO="500.39" HC="2.68" NOx="5.82" PMx="0.47" fuel="6.31" electricity="0.00" noise="81.10" route="routetop" type="cfm_slow" waiting="0.00" lane="left_0" pos="46.29" speed="46.78" angle="101.26" x="56.03" y="-1.20"/>
        <vehicle id="cfm_slow_4" eclass="HBEFA3/PC_G_EU4" CO2="16654.56" CO="541.43" HC="2.92" NOx="6.75" PMx="0.53" fuel="7.16" electricity="0.00" noise="81.45" route="routebottom" type="cfm_slow" waiting="0.00" lane="bottom_0" pos="36.15" speed="46.80" angle="29.47" x="122.87" y="36.11"/>
    </timestep>
    <timestep time="7.85">
        <vehicle id="cfm_slow_0" eclass="HBEFA3/PC_G_EU4" CO2="16646.18" CO="543.92" HC="2.93" NOx="6.75" PMx="0.53" fuel="7.16" electricity="0.00" noise="81.48" route="routebottom" type="cfm_slow" waiting="0.00" lane="right_0" pos="26.55" speed="46.92" angle="316.76" x="107.54" y="112.03"/>
        <vehicle id="cfm_slow_1" eclass="HBEFA3/PC_G_EU4" CO2="0.00" CO="0.00" HC="0.00" NOx="0.00" PMx="0.00" fuel="0.00" electricity="0.00" noise="81.04" route="routetop" type="cfm_slow" waiting="0.00" lane="top_0" pos="16.59" speed="47.05" angle="244.66" x="31.14" y="120.29"/>
        <vehicle id="cfm_slow_2" eclass="HBEFA3/PC_G_EU4" CO2="0.00" CO="0.00" HC="0.00" NOx="0.00" PMx="0.00" fuel="0.00" electricity="0.00" noise="80.87" route="routetop" type="cfm_slow" waiting="0.00" lane="left_0" pos="6.74" speed="46.94" angle="172.34" x="-0.18" y="49.92"/>
        <vehicle id="cfm_slow_3" eclass="HBEFA3/PC_G_EU4" CO2="14683.34" CO="500.64" HC="2.68" NOx="5.82" PMx="0.47" fuel="6.31" electricity="0.00" noise="81.10" route="routetop" type="cfm_slow" waiting="0.00" lane="left_0" pos="46.76" speed="46.79" angle="100.39" x="56.99" y="-1.30"/>
        <vehicle id="cfm_slow_4" eclass="HBEFA3/PC_G_EU4" CO2="16642.65" CO="541.24" HC="2.92" NOx="6.75" PMx="0.53" fuel="7.15" electricity="0.00" noise="81.45" route="routebottom" type="cfm_slow" waiting="0.00" lane="bottom_0" pos="36.61" speed="46.80" angle="28.57" x="123.27" y="36.99"/>
    </timestep>
    <timestep time="7.86">
        <vehicle id="cfm_slow_0" eclass="HBEFA3/PC_G_EU4" CO2="16609.89" CO="543.22" HC="2.92" NOx="6.73" PMx="0.53" fuel="7.14" electricity="0.00" noise="81.48" route="routebottom" type="cfm_slow" waiting="0.00" lane="right_0" pos="27.02" speed="46.92" angle="315.94" x="106.83" y="112.68"/>
        <vehicle id="cfm_slow_1" eclass="HBEFA3/PC_G_EU4" CO2="0.00" CO="0.00" HC="0.00" NOx="0.00" PMx="0.00" fuel="0.00" electricity="0.00" noise="81.03" route="routetop" type="cfm_slow" waiting="0.00" lane="top_0" pos="17.06" speed="47.05" angle="243.82" x="30.30" y="119.80"/>
        <vehicle id="cfm_slow_2" eclass="HBEFA3/PC_G_EU4" CO2="0.00" CO="0.00" HC="0.00" NOx="0.00" PMx="0.00" fuel="0.00" electricity="0.00" noise="80.87" route="routetop" type="cfm_slow" waiting="0.00" lane="left_0" pos="7.21" speed="46.94" angle="171.48" x="0.04" y="48.98"/>
        <vehicle id="cfm_slow_3" eclass="HBEFA3/PC_G_EU4" CO2="14694.33" CO="500.88" HC="2.68" NOx="5.83" PMx="0.47" fuel="6.32" electricity="0.00" noise="81.11" route="routetop" type="cfm_slow" waiting="0.00" lane="left_0" pos="47.22" speed="46.79" angle="99.52" x="57.94" y="-1.39"/>
        <vehicle id="cfm_slow_4" eclass="HBEFA3/PC_G_EU4" CO2="16630.61" CO="541.04" HC="2.91" NOx="6.74" PMx="0.52" fuel="7.15" electricity="0.00" noise="81.45" route="routebottom" type="cfm_slow" waiting="0.00" lane="bottom_0" pos="37.08" speed="46.80" angle="27.70" x="123.66" y="37.87"/>
    </timestep>
    <timestep time="7.87">
        <vehicle id="cfm_slow_0" eclass="HBEFA3/PC_G_EU4" CO2="16573.84" CO="542.52" HC="2.92" NOx="6.71" PMx="0.52" fuel="7.12" electricity="0.00" noise="81.47" route="routebottom" type="cfm_slow" waiting="0.00" lane="right_0" pos="27.49" speed="46.92" angle="315.02" x="106.09" y="113.30"/>
        <vehicle id="cfm_slow_1" eclass="HBEFA3/PC_G_EU4" CO2="0.00" CO="0.00" HC="0.00" NOx="0.00" PMx="0.00" fuel="0.00" electricity="0.00" noise="81.03" route="routetop" type="cfm_slow" waiting="0.00" lane="top_0" pos="17.53" speed="47.05" angle="242.96" x="29.48" y="119.30"/>
        <vehicle id="cfm_slow_2" eclass="HBEFA3/PC_G_EU4" CO2="0.00" CO="0.00" HC="0.00" NOx="0.00" PMx="0.00" fuel="0.00" electricity="0.00" noise="80.87" route="routetop" type="cfm_slow" waiting="0.00" lane="left_0" pos="7.68" speed="46.94" angle="170.67" x="0.25" y="48.04"/>
        <vehicle id="cfm_slow_3" eclass="HBEFA3/PC_G_EU4" CO2="14705.18" CO="501.12" HC="2.68" NOx="5.83" PMx="0.47" fuel="6.32" electricity="0.00" noise="81.11" route="routetop" type="cfm_slow" waiting="0.00" lane="left_0" pos="47.69" speed="46.79" angle="98.71" x="58.90" y="-1.47"/>
        <vehicle id="cfm_slow_4" eclass="HBEFA3/PC_G_EU4" CO2="16618.47" CO="540.84" HC="2.91" NOx="6.74" PMx="0.52" fuel="7.14" electricity="0.00" noise="81.45" route="routebottom" type="cfm_slow" waiting="0.00" lane="bottom_0" pos="37.55" speed="46.80" angle="26.89" x="124.02" y="38.75"/>
    </timestep>
    <timestep time="7.88">
        <vehicle id="cfm_slow_0" eclass="HBEFA3/PC_G_EU4" CO2="16538.02" CO="541.83" HC="2.92" NOx="6.70" PMx="0.52" fuel="7.11" electricity="0.00" noise="81.47" route="routebottom" type="cfm_slow" waiting="0.00" lane="right_0" pos="27.96" speed="46.93" angle="314.10" x="105.35" y="113.92"/>
        <vehicle id="cfm_slow_1" eclass="HBEFA3/PC_G_EU4" CO2="0.00" CO="0.00" HC="0.00" NOx="0.00" PMx="0.00" fuel="0.00" electricity="0.00" noise="81.03" route="routetop" type="cfm_slow" waiting="0.00" lane="top_0" pos="18.00" speed="47.05" angle="242.16" x="28.65" y="118.80"/>
        <vehicle id="cfm_slow_2" eclass="HBEFA3/PC_G_EU4" CO2="0.00" CO="0.00" HC="0.00" NOx="0.00" PMx="0.00" fuel="0.00" electricity="0.00" noise="80.87" route="routetop" type="cfm_slow" waiting="0.00" lane="left_0" pos="8.15" speed="46.94" angle="169.79" x="0.50" y="47.11"/>
        <vehicle id="cfm_slow_3" eclass="HBEFA3/PC_G_EU4" CO2="14715.90" CO="501.36" HC="2.69" NOx="5.84" PMx="0.47" fuel="6.33" electricity="0.00" noise="81.11" route="routetop" type="cfm_slow" waiting="0.00" lane="left_0" pos="48.16" speed="46.79" angle="97.85" x="59.86" y="-1.53"/>
        <vehicle id="cfm_slow_4" eclass="HBEFA3/PC_G_EU4" CO2="16606.21" CO="540.64" HC="2.91" NOx="6.73" PMx="0.52" fuel="7.14" electricity="0.00" noise="81.44" route="routebottom" type="cfm_slow" waiting="0.00" lane="bottom_0" pos="38.02" speed="46.80" angle="26.03" x="124.38" y="39.65"/>
    </timestep>
    <timestep time="7.89">
        <vehicle id="cfm_slow_0" eclass="HBEFA3/PC_G_EU4" CO2="16502.43" CO="541.15" HC="2.91" NOx="6.68" PMx="0.52" fuel="7.09" electricity="0.00" noise="81.46" route="routebottom" type="cfm_slow" waiting="0.00" lane="right_0" pos="28.43" speed="46.93" angle="313.28" x="104.61" y="114.53"/>
        <vehicle id="cfm_slow_1" eclass="HBEFA3/PC_G_EU4" CO2="0.00" CO="0.00" HC="0.00" NOx="0.00" PMx="0.00" fuel="0.00" electricity="0.00" noise="81.02" route="routetop" type="cfm_slow" waiting="0.00" lane="top_0" pos="18.47" speed="47.05" angle="241.26" x="27.85" y="118.27"/>
        <vehicle id="cfm_slow_2" eclass="HBEFA3/PC_G_EU4" CO2="0.00" CO="0.00" HC="0.00" NOx="0.00" PMx="0.00" fuel="0.00" electricity="0.00" noise="80.87" route="routetop" type="cfm_slow" waiting="0.00" lane="left_0" pos="8.61" speed="46.94" angle="168.92" x="0.74" y="46.18"/>
        <vehicle id="cfm_slow_3" eclass="HBEFA3/PC_G_EU4" CO2="14726.48" CO="501.59" HC="2.69" NOx="5.84" PMx="0.47" fuel="6.33" electricity="0.00" noise="81.11" route="routetop" type="cfm_slow" waiting="0.00" lane="left_0" pos="48.63" speed="46.79" angle="96.99" x="60.81" y="-1.59"/>
        <vehicle id="cfm_slow_4" eclass="HBEFA3/PC_G_EU4" CO2="16593.84" CO="540.44" HC="2.91" NOx="6.72" PMx="0.52" fuel="7.13" electricity="0.00" noise="81.44" route="routebottom" type="cfm_slow" waiting="0.00" lane="bottom_0" pos="38.49" speed="46.81" angle="25.22" x="124.73" y="40.54"/>
    </timestep>
    <timestep time="7.90">
        <vehicle id="cfm_slow_0" eclass="HBEFA3/PC_G_EU4" CO2="16467.07" CO="540.47" HC="2.91" NOx="6.66" PMx="0.52" fuel="7.08" electricity="0.00" noise="81.45" route="routebottom" type="cfm_slow" waiting="0.00" lane="right_0" pos="28.90" speed="46.93" angle="312.42" x="103.85" y="115.12"/>
        <vehicle id="cfm_slow_1" eclass="HBEFA3/PC_G_EU4" CO2="0.00" CO="0.00" HC="0.00" NOx="0.00" PMx="0.00" fuel="0.00" electricity="0.00" noise="81.02" route="routetop" type="cfm_slow" waiting="0.00" lane="top_0" pos="18.94" speed="47.05" angle="240.36" x="27.05" y="117.73"/>
        <vehicle id="cfm_slow_2" eclass="HBEFA3/PC_G_EU4" CO2="0.00" CO="0.00" HC="0.00" NOx="0.00" PMx="0.00" fuel="0.00" electricity="0.00" noise="80.88" route="routetop" type="cfm_slow" waiting="0.00" lane="left_0" pos="9.08" speed="46.94" angle="168.11" x="1.00" y="45.26"/>
        <vehicle id="cfm_slow_3" eclass="HBEFA3/PC_G_EU4" CO2="14736.93" CO="501.83" HC="2.69" NOx="5.85" PMx="0.48" fuel="6.33" electricity="0.00" noise="81.11" route="routetop" type="cfm_slow" waiting="0.00" lane="left_0" pos="49.09" speed="46.79" angle="96.17" x="61.77" y="-1.61"/>
        <vehicle id="cfm_slow_4" eclass="HBEFA3/PC_G_EU4" CO2="16581.37" CO="540.23" HC="2.91" NOx="6.72" PMx="0.52" fuel="7.13" electricity="0.00" noise="81.44" route="routebottom" type="cfm_slow" waiting="0.00" lane="bottom_0" pos="38.95" speed="46.81" angle="24.38" x="125.06" y="41.44"/>
    </timestep>
    <timestep time="7.91">
        <vehicle id="cfm_slow_0" eclass="HBEFA3/PC_G_EU4" CO2="16431.95" CO="539.79" HC="2.90" NOx="6.65" PMx="0.52" fuel="7.06" electricity="0.00" noise="81.45" route="routebottom" type="cfm_slow" waiting="0.00" lane="right_0" pos="29.37" speed="46.93" angle="311.57" x="103.09" y="115.71"/>
        <vehicle id="cfm_slow_1" eclass="HBEFA3/PC_G_EU4" CO2="0.00" CO="0.00" HC="0.00" NOx="0.00" PMx="0.00" fuel="0.00" electricity="0.00" noise="81.02" route="routetop" type="cfm_slow" waiting="0.00" lane="top_0" pos="19.41" speed="47.05" angle="239.53" x="26.25" y="117.19"/>
        <vehicle id="cfm_slow_2" eclass="HBEFA3/PC_G_EU4" CO2="0.00" CO="0.00" HC="0.00" NOx="0.00" PMx="0.00" fuel="0.00" electricity="0.00" noise="80.88" route="routetop" type="cfm_slow" waiting="0.00" lane="left_0" pos="9.55" speed="46.94" angle="167.25" x="1.29" y="44.34"/>
        <vehicle id="cfm_slow_3" eclass="HBEFA3/PC_G_EU4" CO2="14747.24" CO="502.06" HC="2.69" NOx="5.85" PMx="0.48" fuel="6.34" electricity="0.00" noise="81.12" route="routetop" type="cfm_slow" waiting="0.00" lane="left_0" pos="49.56" speed="46.79" angle="95.29" x="62.73" y="-1.63"/>
        <vehicle id="cfm_slow_4" eclass="HBEFA3/PC_G_EU4" CO2="16568.79" CO="540.02" HC="2.91" NOx="6.71" PMx="0.52" fuel="7.12" electricity="0.00" noise="81.44" route="routebottom" type="cfm_slow" waiting="0.00" lane="bottom_0" pos="39.42" speed="46.81" angle="23.54" x="125.39" y="42.34"/>
    </timestep>
    <timestep time="7.92">
        <vehicle id="cfm_slow_0" eclass="HBEFA3/PC_G_EU4" CO2="16397.07" CO="539.12" HC="2.90" NOx="6.63" PMx="0.52" fuel="7.05" electricity="0.00" noise="81.44" route="routebottom" type="cfm_slow" waiting="0.00" lane="right_0" pos="29.84" speed="46.93" angle="310.77" x="102.32" y="116.28"/>
        <vehicle id="cfm_slow_1" eclass="HBEFA3/PC_G_EU4" CO2="0.00" CO="0.00" HC="0.00" NOx="0.00" PMx="0.00" fuel="0.00" electricity="0.00" noise="81.02" route="routetop" type="cfm_slow" waiting="0.00" lane="top_0" pos="19.88" speed="47.05" angle="238.66" x="25.47" y="116.62"/>
        <vehicle id="cfm_slow_2" eclass="HBEFA3/PC_G_EU4" CO2="0.00" CO="0.00" HC="0.00" NOx="0.00" PMx="0.00" fuel="0.00" electricity="0.00" noise="80.88" route="routetop" type="cfm_slow" waiting="0.00" lane="left_0" pos="10.02" speed="46.94" angle="166.39" x="1.57" y="43.42"/>
        <vehicle id="cfm_slow_3" eclass="HBEFA3/PC_G_EU4" CO2="14757.41" CO="502.28" HC="2.69" NOx="5.86" PMx="0.48" fuel="6.34" electricity="0.00" noise="81.12" route="routebottom" type="cfm_slow" waiting="0.00" lane="bottom_0" pos="0.03" speed="46.79" angle="94.44" x="63.75" y="-1.65"/>
        <vehicle id="cfm_slow_4" eclass="HBEFA3/PC_G_EU4" CO2="16556.10" CO="539.81" HC="2.91" NOx="6.71" PMx="0.52" fuel="7.12" electricity="0.00" noise="81.44" route="routebottom" type="cfm_slow" waiting="0.00" lane="bottom_0" pos="39.89" speed="46.81" angle="22.76" x="125.70" y="43.25"/>
    </timestep>
    <timestep time="7.93">
        <vehicle id="cfm_slow_0" eclass="HBEFA3/PC_G_EU4" CO2="16362.42" CO="538.45" HC="2.90" NOx="6.61" PMx="0.52" fuel="7.03" electricity="0.00" noise="81.44" route="routebottom" type="cfm_slow" waiting="0.00" lane="right_0" pos="30.31" speed="46.94" angle="309.91" x="101.54" y="116.85"/>
        <vehicle id="cfm_slow_1" eclass="HBEFA3/PC_G_EU4" CO2="0.00" CO="0.00" HC="0.00" NOx="0.00" PMx="0.00" fuel="0.00" electricity="0.00" noise="81.01" route="routetop" type="cfm_slow" waiting="0.00" lane="top_0" pos="20.35" speed="47.05" angle="237.78" x="24.69" y="116.06"/>
        <vehicle id="cfm_slow_2" eclass="HBEFA3/PC_G_EU4" CO2="0.00" CO="0.00" HC="0.00" NOx="0.00" PMx="0.00" fuel="0.00" electricity="0.00" noise="80.88" route="routetop" type="cfm_slow" waiting="0.00" lane="left_0" pos="10.49" speed="46.94" angle="165.59" x="1.88" y="42.51"/>
        <vehicle id="cfm_slow_3" eclass="HBEFA3/PC_G_EU4" CO2="14767.45" CO="502.51" HC="2.69" NOx="5.86" PMx="0.48" fuel="6.35" electricity="0.00" noise="81.12" route="routebottom" type="cfm_slow" waiting="0.00" lane="bottom_0" pos="0.50" speed="46.79" angle="93.58" x="64.71" y="-1.63"/>
        <vehicle id="cfm_slow_4" eclass="HBEFA3/PC_G_EU4" CO2="16543.32" CO="539.59" HC="2.91" NOx="6.70" PMx="0.52" fuel="7.11" electricity="0.00" noise="81.44" route="routebottom" type="cfm_slow" waiting="0.00" lane="bottom_0" pos="40.36" speed="46.82" angle="21.89" x="125.99" y="44.16"/>
    </timestep>
    <timestep time="7.94">
        <vehicle id="cfm_slow_0" eclass="HBEFA3/PC_G_EU4" CO2="16328.00" CO="537.78" HC="2.89" NOx="6.60" PMx="0.52" fuel="7.02" electricity="0.00" noise="81.43" route="routebottom" type="cfm_slow" waiting="0.00" lane="right_0" pos="30.77" speed="46.94" angle="309.11" x="100.76" y="117.41"/>
        <vehicle id="cfm_slow_1" eclass="HBEFA3/PC_G_EU4" CO2="0.00" CO="0.00" HC="0.00" NOx="0.00" PMx="0.00" fuel="0.00" electricity="0.00" noise="81.01" route="routetop" type="cfm_slow" waiting="0.00" lane="top_0" pos="20.82" speed="47.05" angle="236.99" x="23.92" y="115.47"/>
        <vehicle id="cfm_slow_2" eclass="HBEFA3/PC_G_EU4" CO2="0.00" CO="0.00" HC="0.00" NOx="0.00" PMx="0.00" fuel="0.00" electricity="0.00" noise="80.88" route="routetop" type="cfm_slow" waiting="0.00" lane="left_0" pos="10.96" speed="46.93" angle="164.71" x="2.21" y="41.60"/>
        <vehicle id="cfm_slow_3" eclass="HBEFA3/PC_G_EU4" CO2="14777.35" CO="502.73" HC="2.69" NOx="5.87" PMx="0.48" fuel="6.35" electricity="0.00" noise="81.12" route="routebottom" type="cfm_slow" waiting="0.00" lane="bottom_0" pos="0.97" speed="46.79" angle="92.73" x="65.67" y="-1.61"/>
        <vehicle id="cfm_slow_4" eclass="HBEFA3/PC_G_EU4" CO2="16530.43" CO="539.38" HC="2.90" NOx="6.69" PMx="0.52" fuel="7.11" electricity="0.00" noise="81.43" route="routebottom" type="cfm_slow" waiting="0.00" lane="bottom_0" pos="40.83" speed="46.82" angle="21.01" x="126.27" y="45.08"/>
    </timestep>
    <timestep time="7.95">
        <vehicle id="cfm_slow_0" eclass="HBEFA3/PC_G_EU4" CO2="16293.82" CO="537.12" HC="2.89" NOx="6.58" PMx="0.52" fuel="7.00" electricity="0.00" noise="81.43" route="routebottom" type="cfm_slow" waiting="0.00" lane="right_0" pos="31.24" speed="46.94" angle="308.25" x="99.96" y="117.95"/>
        <vehicle id="cfm_slow_1" eclass="HBEFA3/PC_G_EU4" CO2="0.00" CO="0.00" HC="0.00" NOx="0.00" PMx="0.00" fuel="0.00" electricity="0.00" noise="81.01" route="routetop" type="cfm_slow" waiting="0.00" lane="top_0" pos="21.30" speed="47.05" angle="236.14" x="23.16" y="114.88"/>
        <vehicle id="cfm_slow_2" eclass="HBEFA3/PC_G_EU4" CO2="0.00" CO="0.00" HC="0.00" NOx="0.00" PMx="0.00" fuel="0.00" electricity="0.00" noise="80.88" route="routetop" type="cfm_slow" waiting="0.00" lane="left_0" pos="11.43" speed="46.93" angle="163.85" x="2.53" y="40.70"/>
        <vehicle id="cfm_slow_3" eclass="HBEFA3/PC_G_EU4" CO2="14787.11" CO="502.95" HC="2.69" NOx="5.87" PMx="0.48" fuel="6.36" electricity="0.00" noise="81.12" route="routebottom" type="cfm_slow" waiting="0.00" lane="bottom_0" pos="1.43" speed="46.79" angle="91.92" x="66.63" y="-1.58"/>
        <vehicle id="cfm_slow_4" eclass="HBEFA3/PC_G_EU4" CO2="16517.45" CO="539.16" HC="2.90" NOx="6.69" PMx="0.52" fuel="7.10" electricity="0.00" noise="81.43" route="routebottom" type="cfm_slow" waiting="0.00" lane="bottom_0" pos="41.30" speed="46.82" angle="20.20" x="126.54" y="46.00"/>
    </timestep>
    <timestep time="7.96">
        <vehicle id="cfm_slow_0" eclass="HBEFA3/PC_G_EU4" CO2="16259.88" CO="536.47" HC="2.88" NOx="6.56" PMx="0.52" fuel="6.99" electricity="0.00" noise="81.42" route="routebottom" type="cfm_slow" waiting="0.00" lane="right_0" pos="31.71" speed="46.94" angle="307.39" x="99.15" y="118.48"/>
        <vehicle id="cfm_slow_1" eclass="HBEFA3/PC_G_EU4" CO2="0.00" CO="0.00" HC="0.00" NOx="0.00" PMx="0.00" fuel="0.00" electricity="0.00" noise="81.01" route="routetop" type="cfm_slow" waiting="0.00" lane="top_0" pos="21.77" speed="47.05" angle="235.33" x="22.40" y="114.28"/>
        <vehicle id="cfm_slow_2" eclass="HBEFA3/PC_G_EU4" CO2="0.00" CO="0.00" HC="0.00" NOx="0.00" PMx="0.00" fuel="0.00" electricity="0.00" noise="80.88" route="routetop" type="cfm_slow" waiting="0.00" lane="left_0" pos="11.90" speed="46.93" angle="163.05" x="2.88" y="39.80"/>
        <vehicle id="cfm_slow_3" eclass="HBEFA3/PC_G_EU4" CO2="14796.73" CO="503.17" HC="2.70" NOx="5.88" PMx="0.48" fuel="6.36" electricity="0.00" noise="81.13" route="routebottom" type="cfm_slow" waiting="0.00" lane="bottom_0" pos="1.90" speed="46.79" angle="91.07" x="67.59" y="-1.52"/>
        <vehicle id="cfm_slow_4" eclass="HBEFA3/PC_G_EU4" CO2="16504.38" CO="538.94" HC="2.90" NOx="6.68" PMx="0.52" fuel="7.09" electricity="0.00" noise="81.43" route="routebottom" type="cfm_slow" waiting="0.00" lane="bottom_0" pos="41.76" speed="46.82" angle="19.33" x="126.78" y="46.93"/>
    </timestep>
    <timestep time="7.97">
        <vehicle id="cfm_slow_0" eclass="HBEFA3/PC_G_EU4" CO2="16226.17" CO="535.82" HC="2.88" NOx="6.55" PMx="0.52" fuel="6.97" electricity="0.00" noise="81.41" route="routebottom" type="cfm_slow" waiting="0.00" lane="right_0" pos="32.18" speed="46.94" angle="306.61" x="98.35" y="119.00"/>
        <vehicle id="cfm_slow_1" eclass="HBEFA3/PC_G_EU4" CO2="0.00" CO="0.00" HC="0.00" NOx="0.00" PMx="0.00" fuel="0.00" electricity="0.00" noise="81.00" route="routetop" type="cfm_slow" waiting="0.00" lane="top_0" pos="22.24" speed="47.05" angle="234.46" x="21.66" y="113.66"/>
        <vehicle id="cfm_slow_2" eclass="HBEFA3/PC_G_EU4" CO2="0.00" CO="0.00" HC="0.00" NOx="0.00" PMx="0.00" fuel="0.00" electricity="0.00" noise="80.88" route="routetop" type="cfm_slow" waiting="0.00" lane="left_0" pos="12.37" speed="46.93" angle="162.21" x="3.24" y="38.91"/>
        <vehicle id="cfm_slow_3" eclass="HBEFA3/PC_G_EU4" CO2="14806.21" CO="503.38" HC="2.70" NOx="5.88" PMx="0.48" fuel="6.36" electricity="0.00" noise="81.13" route="routebottom" type="cfm_slow" waiting="0.00" lane="bottom_0" pos="2.37" speed="46.80" angle="90.22" x="68.55" y="-1.46"/>
        <vehicle id="cfm_slow_4" eclass="HBEFA3/PC_G_EU4" CO2="16491.21" CO="538.71" HC="2.90" NOx="6.68" PMx="0.52" fuel="7.09" electricity="0.00" noise="81.43" route="routebottom" type="cfm_slow" waiting="0.00" lane="bottom_0" pos="42.23" speed="46.83" angle="18.47" x="127.03" y="47.86"/>
    </timestep>
    <timestep time="7.98">
        <vehicle id="cfm_slow_0" eclass="HBEFA3/PC_G_EU4" CO2="16192.70" CO="535.17" HC="2.88" NOx="6.53" PMx="0.51" fuel="6.96" electricity="0.00" noise="81.41" route="routebottom" type="cfm_slow" waiting="0.00" lane="right_0" pos="32.65" speed="46.95" angle="305.75" x="97.52" y="119.50"/>
        <vehicle id="cfm_slow_1" eclass="HBEFA3/PC_G_EU4" CO2="0.00" CO="0.00" HC="0.00" NOx="0.00" PMx="0.00" fuel="0.00" electricity="0.00" noise="81.00" route="routetop" type="cfm_slow" waiting="0.00" lane="top_0" pos="22.71" speed="47.05" angle="233.57" x="20.93" y="113.04"/>
        <vehicle id="cfm_slow_2" eclass="HBEFA3/PC_G_EU4" CO2="0.00" CO="0.00" HC="0.00" NOx="0.00" PMx="0.00" fuel="0.00" electricity="0.00" noise="80.88" route="routetop" type="cfm_slow" waiting="0.00" lane="left_0" pos="12.84" speed="46.93" angle="161.42" x="3.60" y="38.01"/>
        <vehicle id="cfm_slow_3" eclass="HBEFA3/PC_G_EU4" CO2="14815.55" CO="503.59" HC="2.70" NOx="5.89" PMx="0.48" fuel="6.37" electricity="0.00" noise="81.13" route="routebottom" type="cfm_slow" waiting="0.00" lane="bottom_0" pos="2.84" speed="46.80" angle="89.41" x="69.50" y="-1.38"/>
        <vehicle id="cfm_slow_4" eclass="HBEFA3/PC_G_EU4" CO2="16477.94" CO="538.49" HC="2.90" NOx="6.67" PMx="0.52" fuel="7.08" electricity="0.00" noise="81.43" route="routebottom" type="cfm_slow" waiting="0.00" lane="bottom_0" pos="42.70" speed="46.83" angle="17.68" x="127.25" y="48.80"/>
    </timestep>
    <timestep time="7.99">
        <vehicle id="cfm_slow_0" eclass="HBEFA3/PC_G_EU4" CO2="16159.46" CO="534.52" HC="2.87" NOx="6.52" PMx="0.51" fuel="6.95" electricity="0.00" noise="81.40" route="routebottom" type="cfm_slow" waiting="0.00" lane="right_0" pos="33.12" speed="46.95" angle="304.90" x="96.70" y="119.99"/>
        <vehicle id="cfm_slow_1" eclass="HBEFA3/PC_G_EU4" CO2="0.00" CO="0.00" HC="0.00" NOx="0.00" PMx="0.00" fuel="0.00" electricity="0.00" noise="81.00" route="routetop" type="cfm_slow" waiting="0.00" lane="top_0" pos="23.18" speed="47.05" angle="232.77" x="20.20" y="112.41"/>
        <vehicle id="cfm_slow_2" eclass="HBEFA3/PC_G_EU4" CO2="0.00" CO="0.00" HC="0.00" NOx="0.00" PMx="0.00" fuel="0.00" electricity="0.00" noise="80.88" route="routetop" type="cfm_slow" waiting="0.00" lane="left_0" pos="13.31" speed="46.93" angle="160.56" x="3.99" y="37.13"/>
        <vehicle id="cfm_slow_3" eclass="HBEFA3/PC_G_EU4" CO2="14824.76" CO="503.80" HC="2.70" NOx="5.89" PMx="0.48" fuel="6.37" electricity="0.00" noise="81.13" route="routebottom" type="cfm_slow" waiting="0.00" lane="bottom_0" pos="3.31" speed="46.80" angle="88.55" x="70.46" y="-1.29"/>
        <vehicle id="cfm_slow_4" eclass="HBEFA3/PC_G_EU4" CO2="16464.59" CO="538.26" HC="2.90" NOx="6.66" PMx="0.52" fuel="7.08" electricity="0.00" noise="81.43" route="routebottom" type="cfm_slow" waiting="0.00" lane="bottom_0" pos="43.17" speed="46.83" angle="16.86" x="127.46" y="49.73"/>
    </timestep>
    <timestep time="8.00">
        <vehicle id="cfm_slow_0" eclass="HBEFA3/PC_G_EU4" CO2="16126.46" CO="533.89" HC="2.87" NOx="6.50" PMx="0.51" fuel="6.93" electricity="0.00" noise="81.40" route="routebottom" type="cfm_slow" waiting="0.00" lane="right_0" pos="33.59" speed="46.95" angle="304.09" x="95.86" y="120.47"/>
        <vehicle id="cfm_slow_1" eclass="HBEFA3/PC_G_EU4" CO2="0.00" CO="0.00" HC="0.00" NOx="0.00" PMx="0.00" fuel="0.00" electricity="0.00" noise="81.00" route="routetop" type="cfm_slow" waiting="0.00" lane="top_0" pos="23.65" speed="47.05" angle="231.91" x="19.49" y="111.75"/>
        <vehicle id="cfm_slow_2" eclass="HBEFA3/PC_G_EU4" CO2="0.00" CO="0.00" HC="0.00" NOx="0.00" PMx="0.00" fuel="0.00" electricity="0.00" noise="80.89" route="routetop" type="cfm_slow" waiting="0.00" lane="left_0" pos="13.78" speed="46.93" angle="159.70" x="4.38" y="36.26"/>
        <vehicle id="cfm_slow_3" eclass="HBEFA3/PC_G_EU4" CO2="14833.82" CO="504.01" HC="2.70" NOx="5.89" PMx="0.48" fuel="6.38" electricity="0.00" noise="81.13" route="routebottom" type="cfm_slow" waiting="0.00" lane="bottom_0" pos="3.77" speed="46.80" angle="87.72" x="71.41" y="-1.19"/>
        <vehicle id="cfm_slow_4" eclass="HBEFA3/PC_G_EU4" CO2="16451.15" CO="538.03" HC="2.90" NOx="6.66" PMx="0.52" fuel="7.07" electricity="0.00" noise="81.42" route="routebottom" type="cfm_slow" waiting="0.00" lane="bottom_0" pos="43.64" speed="46.83" angle="16.08" x="127.67" y="50.67"/>
    </timestep>
    <timestep time="8.01">
        <vehicle id="cfm_slow_0" eclass="HBEFA3/PC_G_EU4" CO2="16093.69" CO="533.25" HC="2.87" NOx="6.49" PMx="0.51" fuel="6.92" electricity="0.00" noise="81.39" route="routebottom" type="cfm_slow" waiting="0.00" lane="right_0" pos="34.06" speed="46.95" angle="303.23" x="95.02" y="120.94"/>
        <vehicle id="cfm_slow_1" eclass="HBEFA3/PC_G_EU4" CO2="0.00" CO="0.00" HC="0.00" NOx="0.00" PMx="0.00" fuel="0.00" electricity="0.00" noise="80.99" route="routetop" type="cfm_slow" waiting="0.00" lane="top_0" pos="24.12" speed="47.05" angle="231.05" x="18.78" y="111.10"/>
        <vehicle id="cfm_slow_2" eclass="HBEFA3/PC_G_EU4" CO2="0.00" CO="0.00" HC="0.00" NOx="0.00" PMx="0.00" fuel="0.00" electricity="0.00" noise="80.89" route="routetop" type="cfm_slow" waiting="0.00" lane="left_0" pos="14.25" speed="46.93" angle="158.90" x="4.79" y="35.38"/>
        <vehicle id="cfm_slow_3" eclass="HBEFA3/PC_G_EU4" CO2="14842.75" CO="504.21" HC="2.70" NOx="5.90" PMx="0.48" fuel="6.38" electricity="0.00" noise="81.13" route="routebottom" type="cfm_slow" waiting="0.00" lane="bottom_0" pos="4.24" speed="46.80" angle="86.90" x="72.36" y="-1.06"/>
        <vehicle id="cfm_slow_4" eclass="HBEFA3/PC_G_EU4" CO2="16437.63" CO="537.80" HC="2.89" NOx="6.65" PMx="0.52" fuel="7.07" electricity="0.00" noise="81.42" route="routebottom" type="cfm_slow" waiting="0.00" lane="bottom_0" pos="44.11" speed="46.83" angle="15.17" x="127.84" y="51.61"/>
    </timestep>
    <timestep time="8.02">
        <vehicle id="cfm_slow_0" eclass="HBEFA3/PC_G_EU4" CO2="16061.16" CO="532.62" HC="2.86" NOx="6.47" PMx="0.51" fuel="6.90" electricity="0.00" noise="81.39" route="routebottom" type="cfm_slow" waiting="0.00" lane="right_0" pos="34.53" speed="46.95" angle="302.39" x="94.18" y="121.40"/>
        <vehicle id="cfm_slow_1" eclass="HBEFA3/PC_G_EU4" CO2="0.00" CO="0.00" HC="0.00" NOx="0.00" PMx="0.00" fuel="0.00" electricity="0.00" noise="80.99" route="routetop" type="cfm_slow" waiting="0.00" lane="top_0" pos="24.59" speed="47.05" angle="230.25" x="18.09" y="110.43"/>
        <vehicle id="cfm_slow_2" eclass="HBEFA3/PC_G_EU4" CO2="0.00" CO="0.00" HC="0.00" NOx="0.00" PMx="0.00" fuel="0.00" electricity="0.00" noise="80.89" route="routetop" type="cfm_slow" waiting="0.00" lane="left_0" pos="14.72" speed="46.93" angle="158.03" x="5.22" y="34.52"/>
        <vehicle id="cfm_slow_3" eclass="HBEFA3/PC_G_EU4" CO2="14851.53" CO="504.41" HC="2.70" NOx="5.90" PMx="0.48" fuel="6.38" electricity="0.00" noise="81.14" route="routebottom" type="cfm_slow" waiting="0.00" lane="bottom_0" pos="4.71" speed="46.80" angle="86.04" x="73.31" y="-0.93"/>
        <vehicle id="cfm_slow_4" eclass="HBEFA3/PC_G_EU4" CO2="16424.02" CO="537.57" HC="2.89" NOx="6.64" PMx="0.52" fuel="7.06" electricity="0.00" noise="81.42" route="routebottom" type="cfm_slow" waiting="0.00" lane="bottom_0" pos="44.57" speed="46.84" angle="14.26" x="128.02" y="52.56"/>
    </timestep>
    <timestep time="8.03">
        <vehicle id="cfm_slow_0" eclass="HBEFA3/PC_G_EU4" CO2="16028.87" CO="531.99" HC="2.86" NOx="6.45" PMx="0.51" fuel="6.89" electricity="0.00" noise="81.38" route="routebottom" type="cfm_slow" waiting="0.00" lane="right_0" pos="35.00" speed="46.96" angle="301.56" x="93.32" y="121.84"/>
        <vehicle id="cfm_slow_1" eclass="HBEFA3/PC_G_EU4" CO2="0.00" CO="0.00" HC="0.00" NOx="0.00" PMx="0.00" fuel="0.00" electricity="0.00" noise="80.99" route="routetop" type="cfm_slow" waiting="0.00" lane="top_0" pos="25.06" speed="47.05" angle="229.41" x="17.40" y="109.75"/>
        <vehicle id="cfm_slow_2" eclass="HBEFA3/PC_G_EU4" CO2="0.00" CO="0.00" HC="0.00" NOx="0.00" PMx="0.00" fuel="0.00" electricity="0.00" noise="80.89" route="routetop" type="cfm_slow" waiting="0.00" lane="left_0" pos="15.19" speed="46.93" angle="157.15" x="5.65" y="33.66"/>
        <vehicle id="cfm_slow_3" eclass="HBEFA3/PC_G_EU4" CO2="14860.17" CO="504.61" HC="2.70" NOx="5.91" PMx="0.48" fuel="6.39" electricity="0.00" noise="81.14" route="routebottom" type="cfm_slow" waiting="0.00" lane="bottom_0" pos="5.18" speed="46.80" angle="85.21" x="74.26" y="-0.79"/>
        <vehicle id="cfm_slow_4" eclass="HBEFA3/PC_G_EU4" CO2="16410.33" CO="537.33" HC="2.89" NOx="6.64" PMx="0.52" fuel="7.05" electricity="0.00" noise="81.42" route="routebottom" type="cfm_slow" waiting="0.00" lane="bottom_0" pos="45.04" speed="46.84" angle="13.44" x="128.17" y="53.51"/>
    </timestep>
    <timestep time="8.04">
        <vehicle id="cfm_slow_0" eclass="HBEFA3/PC_G_EU4" CO2="15996.81" CO="531.37" HC="2.85" NOx="6.44" PMx="0.51" fuel="6.88" electricity="0.00" noise="81.38" route="routebottom" type="cfm_slow" waiting="0.00" lane="right_0" pos="35.47" speed="46.96" angle="300.68" x="92.46" y="122.27"/>
        <vehicle id="cfm_slow_1" eclass="HBEFA3/PC_G_EU4" CO2="0.00" CO="0.00" HC="0.00" NOx="0.00" PMx="0.00" fuel="0.00" electricity="0.00" noise="80.99" route="routetop" type="cfm_slow" waiting="0.00" lane="top_0" pos="25.53" speed="47.05" angle="228.57" x="16.72" y="109.07"/>
        <vehicle id="cfm_slow_2" eclass="HBEFA3/PC_G_EU4" CO2="0.00" CO="0.00" HC="0.00" NOx="0.00" PMx="0.00" fuel="0.00" electricity="0.00" noise="80.89" route="routetop" type="cfm_slow" waiting="0.00" lane="left_0" pos="15.65" speed="46.93" angle="156.36" x="6.10" y="32.81"/>
        <vehicle id="cfm_slow_3" eclass="HBEFA3/PC_G_EU4" CO2="14868.67" CO="504.80" HC="2.71" NOx="5.91" PMx="0.48" fuel="6.39" electricity="0.00" noise="81.14" route="routebottom" type="cfm_slow" waiting="0.00" lane="bottom_0" pos="5.65" speed="46.80" angle="84.33" x="75.20" y="-0.61"/>
        <vehicle id="cfm_slow_4" eclass="HBEFA3/PC_G_EU4" CO2="16396.56" CO="537.09" HC="2.89" NOx="6.63" PMx="0.52" fuel="7.05" electricity="0.00" noise="81.42" route="routebottom" type="cfm_slow" waiting="0.00" lane="bottom_0" pos="45.51" speed="46.84" angle="12.58" x="128.31" y="54.46"/>
    </timestep>
    <timestep time="8.05">
        <vehicle id="cfm_slow_0" eclass="HBEFA3/PC_G_EU4" CO2="15964.99" CO="530.75" HC="2.85" NOx="6.42" PMx="0.51" fuel="6.86" electricity="0.00" noise="81.37" route="routebottom" type="cfm_slow" waiting="0.00" lane="right_0" pos="35.94" speed="46.96" angle="299.87" x="91.59" y="122.70"/>
        <vehicle id="cfm_slow_1" eclass="HBEFA3/PC_G_EU4" CO2="0.00" CO="0.00" HC="0.00" NOx="0.00" PMx="0.00" fuel="0.00" electricity="0.00" noise="80.99" route="routetop" type="cfm_slow" waiting="0.00" lane="top_0" pos="26.00" speed="47.04" angle="227.75" x="16.06" y="108.37"/>
        <vehicle id="cfm_slow_2" eclass="HBEFA3/PC_G_EU4" CO2="0.00" CO="0.00" HC="0.00" NOx="0.00" PMx="0.00" fuel="0.00" electricity="0.00" noise="80.89" route="routetop" type="cfm_slow" waiting="0.00" lane="left_0" pos="16.12" speed="46.93" angle="155.49" x="6.57" y="31.97"/>
        <vehicle id="cfm_slow_3" eclass="HBEFA3/PC_G_EU4" CO2="14877.03" CO="504.99" HC="2.71" NOx="5.91" PMx="0.48" fuel="6.40" electricity="0.00" noise="81.14" route="routebottom" type="cfm_slow" waiting="0.00" lane="bottom_0" pos="6.11" speed="46.80" angle="83.44" x="76.15" y="-0.44"/>
        <vehicle id="cfm_slow_4" eclass="HBEFA3/PC_G_EU4" CO2="16382.72" CO="536.85" HC="2.89" NOx="6.62" PMx="0.52" fuel="7.04" electricity="0.00" noise="81.41" route="routebottom" type="cfm_slow" waiting="0.00" lane="bottom_0" pos="45.98" speed="46.84" angle="11.72" x="128.45" y="55.41"/>
    </timestep>
    <timestep time="8.06">
        <vehicle id="cfm_slow_0" eclass="HBEFA3/PC_G_EU4" CO2="15933.41" CO="530.14" HC="2.85" NOx="6.41" PMx="0.51" fuel="6.85" electricity="0.00" noise="81.37" route="routebottom" type="cfm_slow" waiting="0.00" lane="right_0" pos="36.41" speed="46.96" angle="298.98" x="90.72" y="123.09"/>
        <vehicle id="cfm_slow_1" eclass="HBEFA3/PC_G_EU4" CO2="0.00" CO="0.00" HC="0.00" NOx="0.00" PMx="0.00" fuel="0.00" electricity="0.00" noise="80.98" route="routetop" type="cfm_slow" waiting="0.00" lane="top_0" pos="26.47" speed="47.04" angle="226.88" x="15.40" y="107.66"/>
        <vehicle id="cfm_slow_2" eclass="HBEFA3/PC_G_EU4" CO2="0.00" CO="0.00" HC="0.00" NOx="0.00" PMx="0.00" fuel="0.00" electricity="0.00" noise="80.89" route="routetop" type="cfm_slow" waiting="0.00" lane="left_0" pos="16.59" speed="46.93" angle="154.65" x="7.03" y="31.13"/>
        <vehicle id="cfm_slow_3" eclass="HBEFA3/PC_G_EU4" CO2="14885.25" CO="505.18" HC="2.71" NOx="5.92" PMx="0.48" fuel="6.40" electricity="0.00" noise="81.14" route="routebottom" type="cfm_slow" waiting="0.00" lane="bottom_0" pos="6.58" speed="46.80" angle="82.63" x="77.09" y="-0.25"/>
        <vehicle id="cfm_slow_4" eclass="HBEFA3/PC_G_EU4" CO2="16368.79" CO="536.61" HC="2.89" NOx="6.62" PMx="0.52" fuel="7.04" electricity="0.00" noise="81.41" route="routebottom" type="cfm_slow" waiting="0.00" lane="bottom_0" pos="46.45" speed="46.84" angle="10.94" x="128.56" y="56.36"/>
    </timestep>
    <timestep time="8.07">
        <vehicle id="cfm_slow_0" eclass="HBEFA3/PC_G_EU4" CO2="15902.06" CO="529.53" HC="2.84" NOx="6.39" PMx="0.51" fuel="6.84" electricity="0.00" noise="81.36" route="routebottom" type="cfm_slow" waiting="0.00" lane="right_0" pos="36.88" speed="46.96" angle="298.09" x="89.84" y="123.49"/>
        <vehicle id="cfm_slow_1" eclass="HBEFA3/PC_G_EU4" CO2="0.00" CO="0.00" HC="0.00" NOx="0.00" PMx="0.00" fuel="0.00" electricity="0.00" noise="80.98" route="routetop" type="cfm_slow" waiting="0.00" lane="top_0" pos="26.94" speed="47.04" angle="226.06" x="14.75" y="106.95"/>
        <vehicle id="cfm_slow_2" eclass="HBEFA3/PC_G_EU4" CO2="0.00" CO="0.00" HC="0.00" NOx="0.00" PMx="0.00" fuel="0.00" electricity="0.00" noise="80.89" route="routetop" type="cfm_slow" waiting="0.00" lane="left_0" pos="17.06" speed="46.93" angle="153.80" x="7.53" y="30.30"/>
        <vehicle id="cfm_slow_3" eclass="HBEFA3/PC_G_EU4" CO2="14893.33" CO="505.37" HC="2.71" NOx="5.92" PMx="0.48" fuel="6.40" electricity="0.00" noise="81.14" route="routebottom" type="cfm_slow" waiting="0.00" lane="bottom_0" pos="7.05" speed="46.80" angle="81.77" x="78.03" y="-0.04"/>
        <vehicle id="cfm_slow_4" eclass="HBEFA3/PC_G_EU4" CO2="16354.80" CO="536.37" HC="2.89" NOx="6.61" PMx="0.52" fuel="7.03" electricity="0.00" noise="81.41" route="routebottom" type="cfm_slow" waiting="0.00" lane="bottom_0" pos="46.92" speed="46.85" angle="10.11" x="128.66" y="57.32"/>
    </timestep>
    <timestep time="8.08">
        <vehicle id="cfm_slow_0" eclass="HBEFA3/PC_G_EU4" CO2="15870.95" CO="528.93" HC="2.84" NOx="6.38" PMx="0.51" fuel="6.82" electricity="0.00" noise="81.36" route="routebottom" type="cfm_slow" waiting="0.00" lane="right_0" pos="37.35" speed="46.96" angle="297.28" x="88.95" y="123.87"/>
        <vehicle id="cfm_slow_1" eclass="HBEFA3/PC_G_EU4" CO2="0.00" CO="0.00" HC="0.00" NOx="0.00" PMx="0.00" fuel="0.00" electricity="0.00" noise="80.98" route="routetop" type="cfm_slow" waiting="0.00" lane="top_0" pos="27.41" speed="47.04" angle="225.17" x="14.13" y="106.21"/>
        <vehicle id="cfm_slow_2" eclass="HBEFA3/PC_G_EU4" CO2="0.00" CO="0.00" HC="0.00" NOx="0.00" PMx="0.00" fuel="0.00" electricity="0.00" noise="80.90" route="routetop" type="cfm_slow" waiting="0.00" lane="left_0" pos="17.53" speed="46.93" angle="152.92" x="8.02" y="29.48"/>
        <vehicle id="cfm_slow_3" eclass="HBEFA3/PC_G_EU4" CO2="14901.27" CO="505.55" HC="2.71" NOx="5.93" PMx="0.48" fuel="6.41" electricity="0.00" noise="81.15" route="routebottom" type="cfm_slow" waiting="0.00" lane="bottom_0" pos="7.52" speed="46.81" angle="80.91" x="78.96" y="0.17"/>
        <vehicle id="cfm_slow_4" eclass="HBEFA3/PC_G_EU4" CO2="16340.73" CO="536.13" HC="2.88" NOx="6.60" PMx="0.52" fuel="7.02" electricity="0.00" noise="81.41" route="routebottom" type="cfm_slow" waiting="0.00" lane="bottom_0" pos="47.38" speed="46.85" angle="9.30" x="128.76" y="58.27"/>
    </timestep>
    <timestep time="8.09">
        <vehicle id="cfm_slow_0" eclass="HBEFA3/PC_G_EU4" CO2="15840.07" CO="528.33" HC="2.84" NOx="6.37" PMx="0.51" fuel="6.81" electricity="0.00" noise="81.35" route="routebottom" type="cfm_slow" waiting="0.00" lane="right_0" pos="37.82" speed="46.97" angle="296.41" x="88.06" y="124.23"/>
        <vehicle id="cfm_slow_1" eclass="HBEFA3/PC_G_EU4" CO2="0.00" CO="0.00" HC="0.00" NOx="0.00" PMx="0.00" fuel="0.00" electricity="0.00" noise="80.98" route="routetop" type="cfm_slow" waiting="0.00" lane="top_0" pos="27.88" speed="47.04" angle="224.27" x="13.50" y="105.47"/>
        <vehicle id="cfm_slow_2" eclass="HBEFA3/PC_G_EU4" CO2="0.00" CO="0.00" HC="0.00" NOx="0.00" PMx="0.00" fuel="0.00" electricity="0.00" noise="80.90" route="routetop" type="cfm_slow" waiting="0.00" lane="left_0" pos="18.00" speed="46.93" angle="152.11" x="8.52" y="28.66"/>
        <vehicle id="cfm_slow_3" eclass="HBEFA3/PC_G_EU4" CO2="14909.06" CO="505.73" HC="2.71" NOx="5.93" PMx="0.48" fuel="6.41" electricity="0.00" noise="81.15" route="routebottom" type="cfm_slow" waiting="0.00" lane="bottom_0" pos="7.99" speed="46.81" angle="80.10" x="79.89" y="0.41"/>
        <vehicle id="cfm_slow_4" eclass="HBEFA3/PC_G_EU4" CO2="16326.59" CO="535.88" HC="2.88" NOx="6.60" PMx="0.52" fuel="7.02" electricity="0.00" noise="81.41" route="routebottom" type="cfm_slow" waiting="0.00" lane="bottom_0" pos="47.85" speed="46.85" angle="8.43" x="128.82" y="59.23"/>
    </timestep>
    <timestep time="8.10">
        <vehicle id="cfm_slow_0" eclass="HBEFA3/PC_G_EU4" CO2="15809.43" CO="527.73" HC="2.83" NOx="6.35" PMx="0.50" fuel="6.80" electricity="0.00" noise="81.35" route="routebottom" type="cfm_slow" waiting="0.00" lane="right_0" pos="38.29" speed="46.97" angle="295.53" x="87.16" y="124.58"/>
        <vehicle id="cfm_slow_1" eclass="HBEFA3/PC_G_EU4" CO2="0.00" CO="0.00" HC="0.00" NOx="0.00" PMx="0.00" fuel="0.00" electricity="0.00" noise="80.98" route="routetop" type="cfm_slow" waiting="0.00" lane="top_0" pos="28.35" speed="47.04" angle="223.46" x="12.89" y="104.73"/>
        <vehicle id="cfm_slow_2" eclass="HBEFA3/PC_G_EU4" CO2="0.00" CO="0.00" HC="0.00" NOx="0.00" PMx="0.00" fuel="0.00" electricity="0.00" noise="80.90" route="routetop" type="cfm_slow" waiting="0.00" lane="left_0" pos="18.47" speed="46.93" angle="151.22" x="9.06" y="27.86"/>
        <vehicle id="cfm_slow_3" eclass="HBEFA3/PC_G_EU4" CO2="14916.71" CO="505.91" HC="2.71" NOx="5.93" PMx="0.48" fuel="6.41" electricity="0.00" noise="81.15" route="routebottom" type="cfm_slow" waiting="0.00" lane="bottom_0" pos="8.45" speed="46.81" angle="79.22" x="80.82" y="0.66"/>
        <vehicle id="cfm_slow_4" eclass="HBEFA3/PC_G_EU4" CO2="16312.38" CO="535.63" HC="2.88" NOx="6.59" PMx="0.52" fuel="7.01" electricity="0.00" noise="81.40" route="routebottom" type="cfm_slow" waiting="0.00" lane="bottom_0" pos="48.32" speed="46.85" angle="7.52" x="128.87" y="60.19"/>
    </timestep>
    <timestep time="8.11">
        <vehicle id="cfm_slow_0" eclass="HBEFA3/PC_G_EU4" CO2="15779.03" CO="527.14" HC="2.83" NOx="6.34" PMx="0.50" fuel="6.78" electricity="0.00" noise="81.34" route="routebottom" type="cfm_slow" waiting="0.00" lane="right_0" pos="38.76" speed="46.97" angle="294.74" x="86.26" y="124.92"/>
        <vehicle id="cfm_slow_1" eclass="HBEFA3/PC_G_EU4" CO2="0.00" CO="0.00" HC="0.00" NOx="0.00" PMx="0.00" fuel="0.00" electricity="0.00" noise="80.97" route="routetop" type="cfm_slow" waiting="0.00" lane="top_0" pos="28.82" speed="47.04" angle="222.60" x="12.30" y="103.97"/>
        <vehicle id="cfm_slow_2" eclass="HBEFA3/PC_G_EU4" CO2="0.00" CO="0.00" HC="0.00" NOx="0.00" PMx="0.00" fuel="0.00" electricity="0.00" noise="80.90" route="routetop" type="cfm_slow" waiting="0.00" lane="left_0" pos="18.94" speed="46.92" angle="150.32" x="9.59" y="27.06"/>
        <vehicle id="cfm_slow_3" eclass="HBEFA3/PC_G_EU4" CO2="14924.22" CO="506.09" HC="2.71" NOx="5.94" PMx="0.48" fuel="6.42" electricity="0.00" noise="81.15" route="routebottom" type="cfm_slow" waiting="0.00" lane="bottom_0" pos="8.92" speed="46.81" angle="78.39" x="81.75" y="0.91"/>
        <vehicle id="cfm_slow_4" eclass="HBEFA3/PC_G_EU4" CO2="16298.11" CO="535.38" HC="2.88" NOx="6.58" PMx="0.52" fuel="7.01" electricity="0.00" noise="81.40" route="routebottom" type="cfm_slow" waiting="0.00" lane="bottom_0" pos="48.79" speed="46.86" angle="6.69" x="128.92" y="61.15"/>
    </timestep>
    <timestep time="8.12">
        <vehicle id="cfm_slow_0" eclass="HBEFA3/PC_G_EU4" CO2="15748.86" CO="526.55" HC="2.83" NOx="6.32" PMx="0.50" fuel="6.77" electricity="0.00" noise="81.34" route="routebottom" type="cfm_slow" waiting="0.00" lane="right_0" pos="39.23" speed="46.97" angle="293.90" x="85.36" y="125.25"/>
        <vehicle id="cfm_slow_1" eclass="HBEFA3/PC_G_EU4" CO2="0.00" CO="0.00" HC="0.00" NOx="0.00" PMx="0.00" fuel="0.00" electricity="0.00" noise="80.97" route="routetop" type="cfm_slow" waiting="0.00" lane="top_0" pos="29.29" speed="47.04" angle="221.74" x="11.70" y="103.21"/>
        <vehicle id="cfm_slow_2" eclass="HBEFA3/PC_G_EU4" CO2="0.00" CO="0.00" HC="0.00" NOx="0.00" PMx="0.00" fuel="0.00" electricity="0.00" noise="80.90" route="routetop" type="cfm_slow" waiting="0.00" lane="left_0" pos="19.41" speed="46.92" angle="149.50" x="10.13" y="26.26"/>
        <vehicle id="cfm_slow_3" eclass="HBEFA3/PC_G_EU4" CO2="14931.59" CO="506.26" HC="2.71" NOx="5.94" PMx="0.48" fuel="6.42" electricity="0.00" noise="81.15" route="routebottom" type="cfm_slow" waiting="0.00" lane="bottom_0" pos="9.39" speed="46.81" angle="77.55" x="82.66" y="1.19"/>
        <vehicle id="cfm_slow_4" eclass="HBEFA3/PC_G_EU4" CO2="16283.77" CO="535.13" HC="2.88" NOx="6.58" PMx="0.52" fuel="7.00" electricity="0.00" noise="81.40" route="routebottom" type="cfm_slow" waiting="0.00" lane="bottom_0" pos="49.26" speed="46.86" angle="5.83" x="128.94" y="62.11"/>
    </timestep>
    <timestep time="8.13">
        <vehicle id="cfm_slow_0" eclass="HBEFA3/PC_G_EU4" CO2="15718.93" CO="525.97" HC="2.82" NOx="6.31" PMx="0.50" fuel="6.76" electricity="0.00" noise="81.33" route="routebottom" type="cfm_slow" waiting="0.00" lane="right_0" pos="39.70" speed="46.97" angle="293.11" x="84.45" y="125.58"/>
        <vehicle id="cfm_slow_1" eclass="HBEFA3/PC_G_EU4" CO2="0.00" CO="0.00" HC="0.00" NOx="0.00" PMx="0.00" fuel="0.00" electricity="0.00" noise="80.97" route="routetop" type="cfm_slow" waiting="0.00" lane="top_0" pos="29.76" speed="47.04" angle="220.92" x="11.12" y="102.44"/>
        <vehicle id="cfm_slow_2" eclass="HBEFA3/PC_G_EU4" CO2="0.00" CO="0.00" HC="0.00" NOx="0.00" PMx="0.00" fuel="0.00" electricity="0.00" noise="80.90" route="routetop" type="cfm_slow" waiting="0.00" lane="left_0" pos="19.88" speed="46.92" angle="148.65" x="10.70" y="25.48"/>
        <vehicle id="cfm_slow_3" eclass="HBEFA3/PC_G_EU4" CO2="14938.82" CO="506.43" HC="2.71" NOx="5.94" PMx="0.48" fuel="6.42" electricity="0.00" noise="81.15" route="routebottom" type="cfm_slow" waiting="0.00" lane="bottom_0" pos="9.86" speed="46.81" angle="76.70" x="83.58" y="1.47"/>
        <vehicle id="cfm_slow_4" eclass="HBEFA3/PC_G_EU4" CO2="16269.37" CO="534.88" HC="2.88" NOx="6.57" PMx="0.52" fuel="6.99" electricity="0.00" noise="81.40" route="routebottom" type="cfm_slow" waiting="0.00" lane="bottom_0" pos="49.73" speed="46.86" angle="4.97" x="128.96" y="63.07"/>
    </timestep>
    <timestep time="8.14">
        <vehicle id="cfm_slow_0" eclass="HBEFA3/PC_G_EU4" CO2="15689.24" CO="525.39" HC="2.82" NOx="6.29" PMx="0.50" fuel="6.74" electricity="0.00" noise="81.33" route="routebottom" type="cfm_slow" waiting="0.00" lane="right_0" pos="40.17" speed="46.97" angle="292.26" x="83.53" y="125.87"/>
        <vehicle id="cfm_slow_1" eclass="HBEFA3/PC_G_EU4" CO2="0.00" CO="0.00" HC="0.00" NOx="0.00" PMx="0.00" fuel="0.00" electricity="0.00" noise="80.97" route="routetop" type="cfm_slow" waiting="0.00" lane="top_0" pos="30.23" speed="47.04" angle="220.03" x="10.56" y="101.65"/>
        <vehicle id="cfm_slow_2" eclass="HBEFA3/PC_G_EU4" CO2="0.00" CO="0.00" HC="0.00" NOx="0.00" PMx="0.00" fuel="0.00" electricity="0.00" noise="80.90" route="routetop" type="cfm_slow" waiting="0.00" lane="left_0" pos="20.35" speed="46.92" angle="147.79" x="11.26" y="24.70"/>
        <vehicle id="cfm_slow_3" eclass="HBEFA3/PC_G_EU4" CO2="14945.91" CO="506.60" HC="2.72" NOx="5.95" PMx="0.48" fuel="6.42" electricity="0.00" noise="81.16" route="routebottom" type="cfm_slow" waiting="0.00" lane="bottom_0" pos="10.33" speed="46.81" angle="75.91" x="84.49" y="1.76"/>
        <vehicle id="cfm_slow_4" eclass="HBEFA3/PC_G_EU4" CO2="16254.91" CO="534.62" HC="2.88" NOx="6.56" PMx="0.52" fuel="6.99" electricity="0.00" noise="81.40" route="routebottom" type="cfm_slow" waiting="0.00" lane="right_0" pos="0.20" speed="46.86" angle="4.14" x="128.96" y="64.09"/>
    </timestep>
    <timestep time="8.15">
        <vehicle id="cfm_slow_0" eclass="HBEFA3/PC_G_EU4" CO2="15659.78" CO="524.81" HC="2.82" NOx="6.28" PMx="0.50" fuel="6.73" electricity="0.00" noise="81.32" route="routebottom" type="cfm_slow" waiting="0.00" lane="right_0" pos="40.64" speed="46.97" angle="291.38" x="82.61" y="126.16"/>
        <vehicle id="cfm_slow_1" eclass="HBEFA3/PC_G_EU4" CO2="0.00" CO="0.00" HC="0.00" NOx="0.00" PMx="0.00" fuel="0.00" electricity="0.00" noise="80.97" route="routetop" type="cfm_slow" waiting="0.00" lane="top_0" pos="30.70" speed="47.04" angle="219.17" x="10.00" y="100.87"/>
        <vehicle id="cfm_slow_2" eclass="HBEFA3/PC_G_EU4" CO2="0.00" CO="0.00" HC="0.00" NOx="0.00" PMx="0.00" fuel="0.00" electricity="0.00" noise="80.90" route="routetop" type="cfm_slow" waiting="0.00" lane="left_0" pos="20.82" speed="46.92" angle="147.00" x="11.84" y="23.93"/>
        <vehicle id="cfm_slow_3" eclass="HBEFA3/PC_G_EU4" CO2="14952.85" CO="506.76" HC="2.72" NOx="5.95" PMx="0.48" fuel="6.43" electricity="0.00" noise="81.16" route="routebottom" type="cfm_slow" waiting="0.00" lane="bottom_0" pos="10.79" speed="46.81" angle="75.04" x="85.40" y="2.09"/>
        <vehicle id="cfm_slow_4" eclass="HBEFA3/PC_G_EU4" CO2="16240.39" CO="534.37" HC="2.87" NOx="6.56" PMx="0.52" fuel="6.98" electricity="0.00" noise="81.39" route="routebottom" type="cfm_slow" waiting="0.00" lane="right_0" pos="0.66" speed="46.86" angle="3.28" x="128.94" y="65.05"/>
    </timestep>
    <timestep time="8.16">
        <vehicle id="cfm_slow_0" eclass="HBEFA3/PC_G_EU4" CO2="15630.56" CO="524.24" HC="2.81" NOx="6.27" PMx="0.50" fuel="6.72" electricity="0.00" noise="81.32" route="routebottom" type="cfm_slow" waiting="0.00" lane="right_0" pos="41.11" speed="46.98" angle="290.56" x="81.69" y="126.44"/>
        <vehicle id="cfm_slow_1" eclass="HBEFA3/PC_G_EU4" CO2="0.00" CO="0.00" HC="0.00" NOx="0.00" PMx="0.00" fuel="0.00" electricity="0.00" noise="80.97" route="routetop" type="cfm_slow" waiting="0.00" lane="top_0" pos="31.17" speed="47.04" angle="218.35" x="9.46" y="100.07"/>
        <vehicle id="cfm_slow_2" eclass="HBEFA3/PC_G_EU4" CO2="0.00" CO="0.00" HC="0.00" NOx="0.00" PMx="0.00" fuel="0.00" electricity="0.00" noise="80.91" route="routetop" type="cfm_slow" waiting="0.00" lane="left_0" pos="21.29" speed="46.92" angle="146.15" x="12.43" y="23.18"/>
        <vehicle id="cfm_slow_3" eclass="HBEFA3/PC_G_EU4" CO2="14959.65" CO="506.92" HC="2.72" NOx="5.95" PMx="0.48" fuel="6.43" electricity="0.00" noise="81.16" route="routebottom" type="cfm_slow" waiting="0.00" lane="bottom_0" pos="11.26" speed="46.81" angle="74.17" x="86.30" y="2.41"/>
        <vehicle id="cfm_slow_4" eclass="HBEFA3/PC_G_EU4" CO2="16225.82" CO="534.11" HC="2.87" NOx="6.55" PMx="0.51" fuel="6.97" electricity="0.00" noise="81.39" route="routebottom" type="cfm_slow" waiting="0.00" lane="right_0" pos="1.13" speed="46.87" angle="2.42" x="128.93" y="66.01"/>
    </timestep>
    <timestep time="8.17">
        <vehicle id="cfm_slow_0" eclass="HBEFA3/PC_G_EU4" CO2="15601.57" CO="523.68" HC="2.81" NOx="6.25" PMx="0.50" fuel="6.71" electricity="0.00" noise="81.31" route="routebottom" type="cfm_slow" waiting="0.00" lane="right_0" pos="41.58" speed="46.98" angle="289.67" x="80.76" y="126.68"/>
        <vehicle id="cfm_slow_1" eclass="HBEFA3/PC_G_EU4" CO2="0.00" CO="0.00" HC="0.00" NOx="0.00" PMx="0.00" fuel="0.00" electricity="0.00" noise="80.96" route="routetop" type="cfm_slow" waiting="0.00" lane="top_0" pos="31.64" speed="47.04" angle="217.50" x="8.93" y="99.27"/>
        <vehicle id="cfm_slow_2" eclass="HBEFA3/PC_G_EU4" CO2="0.00" CO="0.00" HC="0.00" NOx="0.00" PMx="0.00" fuel="0.00" electricity="0.00" noise="80.91" route="routetop" type="cfm_slow" waiting="0.00" lane="left_0" pos="21.75" speed="46.92" angle="145.34" x="13.02" y="22.42"/>
        <vehicle id="cfm_slow_3" eclass="HBEFA3/PC_G_EU4" CO2="14966.32" CO="507.08" HC="2.72" NOx="5.96" PMx="0.48" fuel="6.43" electricity="0.00" noise="81.16" route="routebottom" type="cfm_slow" waiting="0.00" lane="bottom_0" pos="11.73" speed="46.81" angle="73.37" x="87.20" y="2.75"/>
        <vehicle id="cfm_slow_4" eclass="HBEFA3/PC_G_EU4" CO2="16211.19" CO="533.85" HC="2.87" NOx="6.54" PMx="0.51" fuel="6.97" electricity="0.00" noise="81.39" route="routebottom" type="cfm_slow" waiting="0.00" lane="right_0" pos="1.60" speed="46.87" angle="1.61" x="128.88" y="66.97"/>
    </timestep>
    <timestep time="8.18">
        <vehicle id="cfm_slow_0" eclass="HBEFA3/PC_G_EU4" CO2="15572.82" CO="523.11" HC="2.81" NOx="6.24" PMx="0.50" fuel="6.69" electricity="0.00" noise="81.31" route="routebottom" type="cfm_slow" waiting="0.00" lane="right_0" pos="42.05" speed="46.98" angle="288.79" x="79.83" y="126.93"/>
        <vehicle id="cfm_slow_1" eclass="HBEFA3/PC_G_EU4" CO2="0.00" CO="0.00" HC="0.00" NOx="0.00" PMx="0.00" fuel="0.00" electricity="0.00" noise="80.96" route="routetop" type="cfm_slow" waiting="0.00" lane="top_0" pos="32.12" speed="47.04" angle="216.72" x="8.39" y="98.46"/>
        <vehicle id="cfm_slow_2" eclass="HBEFA3/PC_G_EU4" CO2="0.00" CO="0.00" HC="0.00" NOx="0.00" PMx="0.00" fuel="0.00" electricity="0.00" noise="80.91" route="routetop" type="cfm_slow" waiting="0.00" lane="left_0" pos="22.22" speed="46.92" angle="144.48" x="13.65" y="21.68"/>
        <vehicle id="cfm_slow_3" eclass="HBEFA3/PC_G_EU4" CO2="14972.84" CO="507.23" HC="2.72" NOx="5.96" PMx="0.48" fuel="6.44" electricity="0.00" noise="81.16" route="routebottom" type="cfm_slow" waiting="0.00" lane="bottom_0" pos="12.20" speed="46.82" angle="72.53" x="88.09" y="3.11"/>
        <vehicle id="cfm_slow_4" eclass="HBEFA3/PC_G_EU4" CO2="16196.50" CO="533.59" HC="2.87" NOx="6.54" PMx="0.51" fuel="6.96" electricity="0.00" noise="81.39" route="routebottom" type="cfm_slow" waiting="0.00" lane="right_0" pos="2.07" speed="46.87" angle="0.76" x="128.83" y="67.93"/>
    </timestep>
    <timestep time="8.19">
        <vehicle id="cfm_slow_0" eclass="HBEFA3/PC_G_EU4" CO2="15544.30" CO="522.56" HC="2.80" NOx="6.23" PMx="0.50" fuel="6.68" electricity="0.00" noise="81.31" route="routebottom" type="cfm_slow" waiting="0.00" lane="right_0" pos="42.52" speed="46.98" angle="288.00" x="78.90" y="127.16"/>
        <vehicle id="cfm_slow_1" eclass="HBEFA3/PC_G_EU4" CO2="0.00" CO="0.00" HC="0.00" NOx="0.00" PMx="0.00" fuel="0.00" electricity="0.00" noise="80.96" route="routetop" type="cfm_slow" waiting="0.00" lane="top_0" pos="32.59" speed="47.04" angle="215.87" x="7.90" y="97.64"/>
        <vehicle id="cfm_slow_2" eclass="HBEFA3/PC_G_EU4" CO2="0.00" CO="0.00" HC="0.00" NOx="0.00" PMx="0.00" fuel="0.00" electricity="0.00" noise="80.91" route="routetop" type="cfm_slow" waiting="0.00" lane="left_0" pos="22.69" speed="46.92" angle="143.61" x="14.27" y="20.95"/>
        <vehicle id="cfm_slow_3" eclass="HBEFA3/PC_G_EU4" CO2="14979.22" CO="507.39" HC="2.72" NOx="5.96" PMx="0.48" fuel="6.44" electricity="0.00" noise="81.16" route="routebottom" type="cfm_slow" waiting="0.00" lane="bottom_0" pos="12.67" speed="46.82" angle="71.68" x="88.98" y="3.46"/>
        <vehicle id="cfm_slow_4" eclass="HBEFA3/PC_G_EU4" CO2="16181.76" CO="533.33" HC="2.87" NOx="6.53" PMx="0.51" fuel="6.96" electricity="0.00" noise="81.39" route="routebottom" type="cfm_slow" waiting="0.00" lane="right_0" pos="2.54" speed="46.87" angle="359.95" x="128.77" y="68.89"/>
    </timestep>
    <timestep time="8.20">
        <vehicle id="cfm_slow_0" eclass="HBEFA3/PC_G_EU4" CO2="15516.01" CO="522.00" HC="2.80" NOx="6.21" PMx="0.50" fuel="6.67" electricity="0.00" noise="81.30" route="routebottom" type="cfm_slow" waiting="0.00" lane="right_0" pos="42.98" speed="46.98" angle="287.17" x="77.96" y="127.38"/>
        <vehicle id="cfm_slow_1" eclass="HBEFA3/PC_G_EU4" CO2="0.00" CO="0.00" HC="0.00" NOx="0.00" PMx="0.00" fuel="0.00" electricity="0.00" noise="80.96" route="routetop" type="cfm_slow" waiting="0.00" lane="top_0" pos="33.06" speed="47.04" angle="215.01" x="7.40" y="96.81"/>
        <vehicle id="cfm_slow_2" eclass="HBEFA3/PC_G_EU4" CO2="0.00" CO="0.00" HC="0.00" NOx="0.00" PMx="0.00" fuel="0.00" electricity="0.00" noise="80.91" route="routetop" type="cfm_slow" waiting="0.00" lane="left_0" pos="23.16" speed="46.92" angle="142.80" x="14.90" y="20.22"/>
        <vehicle id="cfm_slow_3" eclass="HBEFA3/PC_G_EU4" CO2="14985.45" CO="507.54" HC="2.72" NOx="5.97" PMx="0.48" fuel="6.44" electricity="0.00" noise="81.16" route="routebottom" type="cfm_slow" waiting="0.00" lane="bottom_0" pos="13.14" speed="46.82" angle="70.89" x="89.86" y="3.84"/>
        <vehicle id="cfm_slow_4" eclass="HBEFA3/PC_G_EU4" CO2="16166.98" CO="533.07" HC="2.87" NOx="6.52" PMx="0.51" fuel="6.95" electricity="0.00" noise="81.38" route="routebottom" type="cfm_slow" waiting="0.00" lane="right_0" pos="3.01" speed="46.87" angle="359.10" x="128.67" y="69.85"/>
    </timestep>
    <timestep time="8.21">
        <vehicle id="cfm_slow_0" eclass="HBEFA3/PC_G_EU4" CO2="15487.96" CO="521.46" HC="2.80" NOx="6.20" PMx="0.50" fuel="6.66" electricity="0.00" noise="81.30" route="routebottom" type="cfm_slow" waiting="0.00" lane="right_0" pos="43.45" speed="46.98" angle="286.34" x="77.02" y="127.59"/>
        <vehicle id="cfm_slow_1" eclass="HBEFA3/PC_G_EU4" CO2="0.00" CO="0.00" HC="0.00" NOx="0.00" PMx="0.00" fuel="0.00" electricity="0.00" noise="80.96" route="routetop" type="cfm_slow" waiting="0.00" lane="top_0" pos="33.53" speed="47.04" angle="214.21" x="6.91" y="95.98"/>
        <vehicle id="cfm_slow_2" eclass="HBEFA3/PC_G_EU4" CO2="0.00" CO="0.00" HC="0.00" NOx="0.00" PMx="0.00" fuel="0.00" electricity="0.00" noise="80.91" route="routetop" type="cfm_slow" waiting="0.00" lane="left_0" pos="23.63" speed="46.92" angle="141.96" x="15.55" y="19.52"/>
        <vehicle id="cfm_slow_3" eclass="HBEFA3/PC_G_EU4" CO2="14991.55" CO="507.69" HC="2.72" NOx="5.97" PMx="0.48" fuel="6.44" electricity="0.00" noise="81.17" route="routebottom" type="cfm_slow" waiting="0.00" lane="bottom_0" pos="13.60" speed="46.82" angle="70.03" x="90.74" y="4.24"/>
        <vehicle id="cfm_slow_4" eclass="HBEFA3/PC_G_EU4" CO2="16152.14" CO="532.80" HC="2.86" NOx="6.51" PMx="0.51" fuel="6.94" electricity="0.00" noise="81.38" route="routebottom" type="cfm_slow" waiting="0.00" lane="right_0" pos="3.48" speed="46.88" angle="358.25" x="128.57" y="70.80"/>
    </timestep>
    <timestep time="8.22">
        <vehicle id="cfm_slow_0" eclass="HBEFA3/PC_G_EU4" CO2="15460.15" CO="520.91" HC="2.79" NOx="6.19" PMx="0.50" fuel="6.65" electricity="0.00" noise="81.29" route="routebottom" type="cfm_slow" waiting="0.00" lane="right_0" pos="43.92" speed="46.98" angle="285.50" x="76.07" y="127.78"/>
        <vehicle id="cfm_slow_1" eclass="HBEFA3/PC_G_EU4" CO2="0.00" CO="0.00" HC="0.00" NOx="0.00" PMx="0.00" fuel="0.00" electricity="0.00" noise="80.96" route="routetop" type="cfm_slow" waiting="0.00" lane="top_0" pos="34.00" speed="47.04" angle="213.35" x="6.45" y="95.13"/>
        <vehicle id="cfm_slow_2" eclass="HBEFA3/PC_G_EU4" CO2="0.00" CO="0.00" HC="0.00" NOx="0.00" PMx="0.00" fuel="0.00" electricity="0.00" noise="80.91" route="routetop" type="cfm_slow" waiting="0.00" lane="left_0" pos="24.10" speed="46.92" angle="141.12" x="16.20" y="18.81"/>
        <vehicle id="cfm_slow_3" eclass="HBEFA3/PC_G_EU4" CO2="14997.51" CO="507.83" HC="2.72" NOx="5.97" PMx="0.48" fuel="6.45" electricity="0.00" noise="81.17" route="routebottom" type="cfm_slow" waiting="0.00" lane="bottom_0" pos="14.07" speed="46.82" angle="69.21" x="91.62" y="4.63"/>
        <vehicle id="cfm_slow_4" eclass="HBEFA3/PC_G_EU4" CO2="16137.27" CO="532.54" HC="2.86" NOx="6.51" PMx="0.51" fuel="6.94" electricity="0.00" noise="81.38" route="routebottom" type="cfm_slow" waiting="0.00" lane="right_0" pos="3.95" speed="46.88" angle="357.44" x="128.47" y="71.76"/>
    </timestep>
    <timestep time="8.23">
        <vehicle id="cfm_slow_0" eclass="HBEFA3/PC_G_EU4" CO2="15432.57" CO="520.37" HC="2.79" NOx="6.17" PMx="0.50" fuel="6.63" electricity="0.00" noise="81.29" route="routebottom" type="cfm_slow" waiting="0.00" lane="right_0" pos="44.39" speed="46.99" angle="284.59" x="75.12" y="127.95"/>
        <vehicle id="cfm_slow_1" eclass="HBEFA3/PC_G_EU4" CO2="0.00" CO="0.00" HC="0.00" NOx="0.00" PMx="0.00" fuel="0.00" electricity="0.00" noise="80.96" route="routetop" type="cfm_slow" waiting="0.00" lane="top_0" pos="34.47" speed="47.04" angle="212.49" x="5.98" y="94.29"/>
        <vehicle id="cfm_slow_2" eclass="HBEFA3/PC_G_EU4" CO2="0.00" CO="0.00" HC="0.00" NOx="0.00" PMx="0.00" fuel="0.00" electricity="0.00" noise="80.92" route="routetop" type="cfm_slow" waiting="0.00" lane="left_0" pos="24.57" speed="46.92" angle="140.31" x="16.87" y="18.11"/>
        <vehicle id="cfm_slow_3" eclass="HBEFA3/PC_G_EU4" CO2="15003.33" CO="507.97" HC="2.72" NOx="5.97" PMx="0.48" fuel="6.45" electricity="0.00" noise="81.17" route="routebottom" type="cfm_slow" waiting="0.00" lane="bottom_0" pos="14.54" speed="46.82" angle="68.35" x="92.47" y="5.06"/>
        <vehicle id="cfm_slow_4" eclass="HBEFA3/PC_G_EU4" CO2="16122.34" CO="532.27" HC="2.86" NOx="6.50" PMx="0.51" fuel="6.93" electricity="0.00" noise="81.38" route="routebottom" type="cfm_slow" waiting="0.00" lane="right_0" pos="4.41" speed="46.88" angle="356.58" x="128.33" y="72.71"/>
    </timestep>
    <timestep time="8.24">
        <vehicle id="cfm_slow_0" eclass="HBEFA3/PC_G_EU4" CO2="15405.22" CO="519.84" HC="2.79" NOx="6.16" PMx="0.49" fuel="6.62" electricity="0.00" noise="81.28" route="routebottom" type="cfm_slow" waiting="0.00" lane="right_0" pos="44.86" speed="46.99" angle="283.75" x="74.18" y="128.12"/>
        <vehicle id="cfm_slow_1" eclass="HBEFA3/PC_G_EU4" CO2="0.00" CO="0.00" HC="0.00" NOx="0.00" PMx="0.00" fuel="0.00" electricity="0.00" noise="80.95" route="routetop" type="cfm_slow" waiting="0.00" lane="top_0" pos="34.94" speed="47.04" angle="211.69" x="5.54" y="93.43"/>
        <vehicle id="cfm_slow_2" eclass="HBEFA3/PC_G_EU4" CO2="0.00" CO="0.00" HC="0.00" NOx="0.00" PMx="0.00" fuel="0.00" electricity="0.00" noise="80.92" route="routetop" type="cfm_slow" waiting="0.00" lane="left_0" pos="25.04" speed="46.92" angle="139.44" x="17.55" y="17.43"/>
        <vehicle id="cfm_slow_3" eclass="HBEFA3/PC_G_EU4" CO2="15009.01" CO="508.11" HC="2.72" NOx="5.98" PMx="0.48" fuel="6.45" electricity="0.00" noise="81.17" route="routebottom" type="cfm_slow" waiting="0.00" lane="bottom_0" pos="15.01" speed="46.82" angle="67.47" x="93.33" y="5.49"/>
        <vehicle id="cfm_slow_4" eclass="HBEFA3/PC_G_EU4" CO2="16107.37" CO="532.01" HC="2.86" NOx="6.49" PMx="0.51" fuel="6.92" electricity="0.00" noise="81.38" route="routebottom" type="cfm_slow" waiting="0.00" lane="right_0" pos="4.88" speed="46.88" angle="355.73" x="128.20" y="73.66"/>
    </timestep>
    <timestep time="8.25">
        <vehicle id="cfm_slow_0" eclass="HBEFA3/PC_G_EU4" CO2="15378.11" CO="519.30" HC="2.78" NOx="6.15" PMx="0.49" fuel="6.61" electricity="0.00" noise="81.28" route="routebottom" type="cfm_slow" waiting="0.00" lane="right_0" pos="45.33" speed="46.99" angle="282.90" x="73.22" y="128.26"/>
        <vehicle id="cfm_slow_1" eclass="HBEFA3/PC_G_EU4" CO2="0.00" CO="0.00" HC="0.00" NOx="0.00" PMx="0.00" fuel="0.00" electricity="0.00" noise="80.95" route="routetop" type="cfm_slow" waiting="0.00" lane="top_0" pos="35.41" speed="47.04" angle="210.83" x="5.10" y="92.57"/>
        <vehicle id="cfm_slow_2" eclass="HBEFA3/PC_G_EU4" CO2="0.00" CO="0.00" HC="0.00" NOx="0.00" PMx="0.00" fuel="0.00" electricity="0.00" noise="80.92" route="routetop" type="cfm_slow" waiting="0.00" lane="left_0" pos="25.51" speed="46.92" angle="138.56" x="18.23" y="16.75"/>
        <vehicle id="cfm_slow_3" eclass="HBEFA3/PC_G_EU4" CO2="15014.54" CO="508.25" HC="2.72" NOx="5.98" PMx="0.48" fuel="6.45" electricity="0.00" noise="81.17" route="routebottom" type="cfm_slow" waiting="0.00" lane="bottom_0" pos="15.48" speed="46.82" angle="66.67" x="94.19" y="5.92"/>
        <vehicle id="cfm_slow_4" eclass="HBEFA3/PC_G_EU4" CO2="16092.37" CO="531.74" HC="2.86" NOx="6.49" PMx="0.51" fuel="6.92" electricity="0.00" noise="81.37" route="routebottom" type="cfm_slow" waiting="0.00" lane="right_0" pos="5.35" speed="46.88" angle="354.89" x="128.04" y="74.61"/>
    </timestep>
    <timestep time="8.26">
        <vehicle id="cfm_slow_0" eclass="HBEFA3/PC_G_EU4" CO2="15351.23" CO="518.78" HC="2.78" NOx="6.13" PMx="0.49" fuel="6.60" electricity="0.00" noise="81.27" route="routebottom" type="cfm_slow" waiting="0.00" lane="right_0" pos="45.80" speed="46.99" angle="282.04" x="72.27" y="128.40"/>
        <vehicle id="cfm_slow_1" eclass="HBEFA3/PC_G_EU4" CO2="0.00" CO="0.00" HC="0.00" NOx="0.00" PMx="0.00" fuel="0.00" electricity="0.00" noise="80.95" route="routetop" type="cfm_slow" waiting="0.00" lane="top_0" pos="35.88" speed="47.04" angle="210.02" x="4.67" y="91.71"/>
        <vehicle id="cfm_slow_2" eclass="HBEFA3/PC_G_EU4" CO2="0.00" CO="0.00" HC="0.00" NOx="0.00" PMx="0.00" fuel="0.00" electricity="0.00" noise="80.92" route="routetop" type="cfm_slow" waiting="0.00" lane="left_0" pos="25.98" speed="46.92" angle="137.76" x="18.93" y="16.09"/>
        <vehicle id="cfm_slow_3" eclass="HBEFA3/PC_G_EU4" CO2="15019.94" CO="508.38" HC="2.73" NOx="5.98" PMx="0.48" fuel="6.46" electricity="0.00" noise="81.17" route="routebottom" type="cfm_slow" waiting="0.00" lane="bottom_0" pos="15.94" speed="46.82" angle="65.82" x="95.03" y="6.39"/>
        <vehicle id="cfm_slow_4" eclass="HBEFA3/PC_G_EU4" CO2="16077.32" CO="531.47" HC="2.86" NOx="6.48" PMx="0.51" fuel="6.91" electricity="0.00" noise="81.37" route="routebottom" type="cfm_slow" waiting="0.00" lane="right_0" pos="5.82" speed="46.88" angle="354.03" x="127.87" y="75.56"/>
    </timestep>
    <timestep time="8.27">
        <vehicle id="cfm_slow_0" eclass="HBEFA3/PC_G_EU4" CO2="15324.58" CO="518.25" HC="2.78" NOx="6.12" PMx="0.49" fuel="6.59" electricity="0.00" noise="81.27" route="routebottom" type="cfm_slow" waiting="0.00" lane="right_0" pos="46.27" speed="46.99" angle="281.25" x="71.31" y="128.52"/>
        <vehicle id="cfm_slow_1" eclass="HBEFA3/PC_G_EU4" CO2="0.00" CO="0.00" HC="0.00" NOx="0.00" PMx="0.00" fuel="0.00" electricity="0.00" noise="80.95" route="routetop" type="cfm_slow" waiting="0.00" lane="top_0" pos="36.35" speed="47.04" angle="209.14" x="4.28" y="90.83"/>
        <vehicle id="cfm_slow_2" eclass="HBEFA3/PC_G_EU4" CO2="0.00" CO="0.00" HC="0.00" NOx="0.00" PMx="0.00" fuel="0.00" electricity="0.00" noise="80.92" route="routetop" type="cfm_slow" waiting="0.00" lane="left_0" pos="26.45" speed="46.92" angle="136.89" x="19.63" y="15.44"/>
        <vehicle id="cfm_slow_3" eclass="HBEFA3/PC_G_EU4" CO2="15025.20" CO="508.51" HC="2.73" NOx="5.98" PMx="0.48" fuel="6.46" electricity="0.00" noise="81.17" route="routebottom" type="cfm_slow" waiting="0.00" lane="bottom_0" pos="16.41" speed="46.82" angle="64.96" x="95.87" y="6.85"/>
        <vehicle id="cfm_slow_4" eclass="HBEFA3/PC_G_EU4" CO2="16062.24" CO="531.20" HC="2.86" NOx="6.47" PMx="0.51" fuel="6.90" electricity="0.00" noise="81.37" route="routebottom" type="cfm_slow" waiting="0.00" lane="right_0" pos="6.29" speed="46.89" angle="353.17" x="127.70" y="76.50"/>
    </timestep>
    <timestep time="8.28">
        <vehicle id="cfm_slow_0" eclass="HBEFA3/PC_G_EU4" CO2="15298.16" CO="517.74" HC="2.78" NOx="6.11" PMx="0.49" fuel="6.58" electricity="0.00" noise="81.27" route="routebottom" type="cfm_slow" waiting="0.00" lane="right_0" pos="46.74" speed="46.99" angle="280.41" x="70.35" y="128.62"/>
        <vehicle id="cfm_slow_1" eclass="HBEFA3/PC_G_EU4" CO2="0.00" CO="0.00" HC="0.00" NOx="0.00" PMx="0.00" fuel="0.00" electricity="0.00" noise="80.95" route="routetop" type="cfm_slow" waiting="0.00" lane="top_0" pos="36.82" speed="47.03" angle="208.25" x="3.88" y="89.95"/>
        <vehicle id="cfm_slow_2" eclass="HBEFA3/PC_G_EU4" CO2="0.00" CO="0.00" HC="0.00" NOx="0.00" PMx="0.00" fuel="0.00" electricity="0.00" noise="80.92" route="routetop" type="cfm_slow" waiting="0.00" lane="left_0" pos="26.92" speed="46.92" angle="136.07" x="20.34" y="14.79"/>
        <vehicle id="cfm_slow_3" eclass="HBEFA3/PC_G_EU4" CO2="15030.33" CO="508.64" HC="2.73" NOx="5.99" PMx="0.48" fuel="6.46" electricity="0.00" noise="81.17" route="routebottom" type="cfm_slow" waiting="0.00" lane="bottom_0" pos="16.88" speed="46.83" angle="64.15" x="96.70" y="7.33"/>
        <vehicle id="cfm_slow_4" eclass="HBEFA3/PC_G_EU4" CO2="16047.12" CO="530.93" HC="2.85" NOx="6.46" PMx="0.51" fuel="6.90" electricity="0.00" noise="81.37" route="routebottom" type="cfm_slow" waiting="0.00" lane="right_0" pos="6.76" speed="46.89" angle="352.32" x="127.49" y="77.44"/>
    </timestep>
    <timestep time="8.29">
        <vehicle id="cfm_slow_0" eclass="HBEFA3/PC_G_EU4" CO2="15271.98" CO="517.22" HC="2.77" NOx="6.10" PMx="0.49" fuel="6.56" electricity="0.00" noise="81.26" route="routebottom" type="cfm_slow" waiting="0.00" lane="right_0" pos="47.21" speed="46.99" angle="279.56" x="69.40" y="128.72"/>
        <vehicle id="cfm_slow_1" eclass="HBEFA3/PC_G_EU4" CO2="0.00" CO="0.00" HC="0.00" NOx="0.00" PMx="0.00" fuel="0.00" electricity="0.00" noise="80.95" route="routetop" type="cfm_slow" waiting="0.00" lane="top_0" pos="37.29" speed="47.03" angle="207.43" x="3.49" y="89.07"/>
        <vehicle id="cfm_slow_2" eclass="HBEFA3/PC_G_EU4" CO2="0.00" CO="0.00" HC="0.00" NOx="0.00" PMx="0.00" fuel="0.00" electricity="0.00" noise="80.92" route="routetop" type="cfm_slow" waiting="0.00" lane="left_0" pos="27.39" speed="46.92" angle="135.21" x="21.07" y="14.16"/>
        <vehicle id="cfm_slow_3" eclass="HBEFA3/PC_G_EU4" CO2="15035.31" CO="508.76" HC="2.73" NOx="5.99" PMx="0.48" fuel="6.46" electricity="0.00" noise="81.18" route="routebottom" type="cfm_slow" waiting="0.00" lane="bottom_0" pos="17.35" speed="46.83" angle="63.26" x="97.52" y="7.83"/>
        <vehicle id="cfm_slow_4" eclass="HBEFA3/PC_G_EU4" CO2="16031.97" CO="530.65" HC="2.85" NOx="6.46" PMx="0.51" fuel="6.89" electricity="0.00" noise="81.37" route="routebottom" type="cfm_slow" waiting="0.00" lane="right_0" pos="7.23" speed="46.89" angle="351.42" x="127.28" y="78.38"/>
    </timestep>
    <timestep time="8.30">
        <vehicle id="cfm_slow_0" eclass="HBEFA3/PC_G_EU4" CO2="15246.02" CO="516.71" HC="2.77" NOx="6.08" PMx="0.49" fuel="6.55" electricity="0.00" noise="81.26" route="routebottom" type="cfm_slow" waiting="0.00" lane="right_0" pos="47.68" speed="46.99" angle="278.75" x="68.44" y="128.80"/>
        <vehicle id="cfm_slow_1" eclass="HBEFA3/PC_G_EU4" CO2="0.00" CO="0.00" HC="0.00" NOx="0.00" PMx="0.00" fuel="0.00" electricity="0.00" noise="80.95" route="routetop" type="cfm_slow" waiting="0.00" lane="top_0" pos="37.76" speed="47.03" angle="206.53" x="3.14" y="88.17"/>
        <vehicle id="cfm_slow_2" eclass="HBEFA3/PC_G_EU4" CO2="0.00" CO="0.00" HC="0.00" NOx="0.00" PMx="0.00" fuel="0.00" electricity="0.00" noise="80.93" route="routetop" type="cfm_slow" waiting="0.00" lane="left_0" pos="27.85" speed="46.92" angle="134.35" x="21.81" y="13.54"/>
        <vehicle id="cfm_slow_3" eclass="HBEFA3/PC_G_EU4" CO2="15040.15" CO="508.88" HC="2.73" NOx="5.99" PMx="0.48" fuel="6.47" electricity="0.00" noise="81.18" route="routebottom" type="cfm_slow" waiting="0.00" lane="bottom_0" pos="17.82" speed="46.83" angle="62.37" x="98.34" y="8.32"/>
        <vehicle id="cfm_slow_4" eclass="HBEFA3/PC_G_EU4" CO2="16016.78" CO="530.38" HC="2.85" NOx="6.45" PMx="0.51" fuel="6.88" electricity="0.00" noise="81.36" route="routebottom" type="cfm_slow" waiting="0.00" lane="right_0" pos="7.70" speed="46.89" angle="350.60" x="127.07" y="79.32"/>
    </timestep>
    <timestep time="8.31">
        <vehicle id="cfm_slow_0" eclass="HBEFA3/PC_G_EU4" CO2="15220.30" CO="516.21" HC="2.77" NOx="6.07" PMx="0.49" fuel="6.54" electricity="0.00" noise="81.25" route="routebottom" type="cfm_slow" waiting="0.00" lane="right_0" pos="48.15" speed="47.00" angle="277.84" x="67.47" y="128.85"/>
        <vehicle id="cfm_slow_1" eclass="HBEFA3/PC_G_EU4" CO2="0.00" CO="0.00" HC="0.00" NOx="0.00" PMx="0.00" fuel="0.00" electricity="0.00" noise="80.95" route="routetop" type="cfm_slow" waiting="0.00" lane="top_0" pos="38.23" speed="47.03" angle="205.64" x="2.78" y="87.27"/>
        <vehicle id="cfm_slow_2" eclass="HBEFA3/PC_G_EU4" CO2="0.00" CO="0.00" HC="0.00" NOx="0.00" PMx="0.00" fuel="0.00" electricity="0.00" noise="80.93" route="routetop" type="cfm_slow" waiting="0.00" lane="left_0" pos="28.32" speed="46.92" angle="133.54" x="22.55" y="12.93"/>
        <vehicle id="cfm_slow_3" eclass="HBEFA3/PC_G_EU4" CO2="15044.86" CO="509.00" HC="2.73" NOx="5.99" PMx="0.48" fuel="6.47" electricity="0.00" noise="81.18" route="routebottom" type="cfm_slow" waiting="0.00" lane="bottom_0" pos="18.29" speed="46.83" angle="61.55" x="99.15" y="8.85"/>
        <vehicle id="cfm_slow_4" eclass="HBEFA3/PC_G_EU4" CO2="16001.57" CO="530.10" HC="2.85" NOx="6.44" PMx="0.51" fuel="6.88" electricity="0.00" noise="81.36" route="routebottom" type="cfm_slow" waiting="0.00" lane="right_0" pos="8.16" speed="46.89" angle="349.76" x="126.82" y="80.25"/>
    </timestep>
    <timestep time="8.32">
        <vehicle id="cfm_slow_0" eclass="HBEFA3/PC_G_EU4" CO2="15194.81" CO="515.70" HC="2.76" NOx="6.06" PMx="0.49" fuel="6.53" electricity="0.00" noise="81.25" route="routebottom" type="cfm_slow" waiting="0.00" lane="right_0" pos="48.62" speed="47.00" angle="276.95" x="66.51" y="128.91"/>
        <vehicle id="cfm_slow_1" eclass="HBEFA3/PC_G_EU4" CO2="0.00" CO="0.00" HC="0.00" NOx="0.00" PMx="0.00" fuel="0.00" electricity="0.00" noise="80.94" route="routetop" type="cfm_slow" waiting="0.00" lane="top_0" pos="38.70" speed="47.03" angle="204.83" x="2.44" y="86.37"/>
        <vehicle id="cfm_slow_2" eclass="HBEFA3/PC_G_EU4" CO2="0.00" CO="0.00" HC="0.00" NOx="0.00" PMx="0.00" fuel="0.00" electricity="0.00" noise="80.93" route="routetop" type="cfm_slow" waiting="0.00" lane="left_0" pos="28.79" speed="46.92" angle="132.67" x="23.30" y="12.33"/>
        <vehicle id="cfm_slow_3" eclass="HBEFA3/PC_G_EU4" CO2="15049.43" CO="509.12" HC="2.73" NOx="6.00" PMx="0.48" fuel="6.47" electricity="0.00" noise="81.18" route="routebottom" type="cfm_slow" waiting="0.00" lane="bottom_0" pos="18.75" speed="46.83" angle="60.67" x="99.95" y="9.38"/>
        <vehicle id="cfm_slow_4" eclass="HBEFA3/PC_G_EU4" CO2="15986.33" CO="529.83" HC="2.85" NOx="6.44" PMx="0.51" fuel="6.87" electricity="0.00" noise="81.36" route="routebottom" type="cfm_slow" waiting="0.00" lane="right_0" pos="8.63" speed="46.90" angle="348.92" x="126.57" y="81.18"/>
    </timestep>
    <timestep time="8.33">
        <vehicle id="cfm_slow_0" eclass="HBEFA3/PC_G_EU4" CO2="15169.55" CO="515.21" HC="2.76" NOx="6.05" PMx="0.49" fuel="6.52" electricity="0.00" noise="81.25" route="routebottom" type="cfm_slow" waiting="0.00" lane="right_0" pos="49.09" speed="47.00" angle="276.13" x="65.55" y="128.93"/>
        <vehicle id="cfm_slow_1" eclass="HBEFA3/PC_G_EU4" CO2="0.00" CO="0.00" HC="0.00" NOx="0.00" PMx="0.00" fuel="0.00" electricity="0.00" noise="80.94" route="routetop" type="cfm_slow" waiting="0.00" lane="top_0" pos="39.17" speed="47.03" angle="203.97" x="2.11" y="85.46"/>
        <vehicle id="cfm_slow_2" eclass="HBEFA3/PC_G_EU4" CO2="0.00" CO="0.00" HC="0.00" NOx="0.00" PMx="0.00" fuel="0.00" electricity="0.00" noise="80.93" route="routetop" type="cfm_slow" waiting="0.00" lane="left_0" pos="29.26" speed="46.91" angle="131.80" x="24.06" y="11.74"/>
        <vehicle id="cfm_slow_3" eclass="HBEFA3/PC_G_EU4" CO2="15053.87" CO="509.24" HC="2.73" NOx="6.00" PMx="0.48" fuel="6.47" electricity="0.00" noise="81.18" route="routebottom" type="cfm_slow" waiting="0.00" lane="bottom_0" pos="19.22" speed="46.83" angle="59.84" x="100.75" y="9.91"/>
        <vehicle id="cfm_slow_4" eclass="HBEFA3/PC_G_EU4" CO2="15971.06" CO="529.55" HC="2.85" NOx="6.43" PMx="0.51" fuel="6.87" electricity="0.00" noise="81.36" route="routebottom" type="cfm_slow" waiting="0.00" lane="right_0" pos="9.10" speed="46.90" angle="348.13" x="126.32" y="82.10"/>
    </timestep>
    <timestep time="8.34">
        <vehicle id="cfm_slow_0" eclass="HBEFA3/PC_G_EU4" CO2="15144.52" CO="514.71" HC="2.76" NOx="6.04" PMx="0.49" fuel="6.51" electricity="0.00" noise="81.24" route="routebottom" type="cfm_slow" waiting="0.00" lane="right_0" pos="49.56" speed="47.00" angle="275.27" x="64.58" y="128.95"/>
        <vehicle id="cfm_slow_1" eclass="HBEFA3/PC_G_EU4" CO2="0.00" CO="0.00" HC="0.00" NOx="0.00" PMx="0.00" fuel="0.00" electricity="0.00" noise="80.94" route="routetop" type="cfm_slow" waiting="0.00" lane="top_0" pos="39.64" speed="47.03" angle="203.13" x="1.78" y="84.56"/>
        <vehicle id="cfm_slow_2" eclass="HBEFA3/PC_G_EU4" CO2="0.00" CO="0.00" HC="0.00" NOx="0.00" PMx="0.00" fuel="0.00" electricity="0.00" noise="80.93" route="routetop" type="cfm_slow" waiting="0.00" lane="left_0" pos="29.73" speed="46.91" angle="130.99" x="24.83" y="11.16"/>
        <vehicle id="cfm_slow_3" eclass="HBEFA3/PC_G_EU4" CO2="15058.17" CO="509.35" HC="2.73" NOx="6.00" PMx="0.48" fuel="6.47" electricity="0.00" noise="81.18" route="routebottom" type="cfm_slow" waiting="0.00" lane="bottom_0" pos="19.69" speed="46.83" angle="58.99" x="101.53" y="10.47"/>
        <vehicle id="cfm_slow_4" eclass="HBEFA3/PC_G_EU4" CO2="15955.76" CO="529.28" HC="2.84" NOx="6.42" PMx="0.51" fuel="6.86" electricity="0.00" noise="81.35" route="routebottom" type="cfm_slow" waiting="0.00" lane="right_0" pos="9.57" speed="46.90" angle="347.28" x="126.03" y="83.02"/>
    </timestep>
    <timestep time="8.35">
        <vehicle id="cfm_slow_0" eclass="HBEFA3/PC_G_EU4" CO2="15119.71" CO="514.23" HC="2.75" NOx="6.03" PMx="0.49" fuel="6.50" electricity="0.00" noise="81.24" route="routetop" type="cfm_slow" waiting="0.00" lane="top_0" pos="0.03" speed="47.00" angle="274.43" x="63.56" y="128.97"/>
        <vehicle id="cfm_slow_1" eclass="HBEFA3/PC_G_EU4" CO2="0.00" CO="0.00" HC="0.00" NOx="0.00" PMx="0.00" fuel="0.00" electricity="0.00" noise="80.94" route="routetop" type="cfm_slow" waiting="0.00" lane="top_0" pos="40.11" speed="47.03" angle="202.31" x="1.49" y="83.64"/>
        <vehicle id="cfm_slow_2" eclass="HBEFA3/PC_G_EU4" CO2="0.00" CO="0.00" HC="0.00" NOx="0.00" PMx="0.00" fuel="0.00" electricity="0.00" noise="80.93" route="routetop" type="cfm_slow" waiting="0.00" lane="left_0" pos="30.20" speed="46.91" angle="130.12" x="25.61" y="10.60"/>
        <vehicle id="cfm_slow_3" eclass="HBEFA3/PC_G_EU4" CO2="15062.33" CO="509.45" HC="2.73" NOx="6.00" PMx="0.48" fuel="6.47" electricity="0.00" noise="81.18" route="routebottom" type="cfm_slow" waiting="0.00" lane="bottom_0" pos="20.16" speed="46.83" angle="58.13" x="102.31" y="11.03"/>
        <vehicle id="cfm_slow_4" eclass="HBEFA3/PC_G_EU4" CO2="15940.44" CO="529.00" HC="2.84" NOx="6.41" PMx="0.51" fuel="6.85" electricity="0.00" noise="81.35" route="routebottom" type="cfm_slow" waiting="0.00" lane="right_0" pos="10.04" speed="46.90" angle="346.42" x="125.75" y="83.94"/>
    </timestep>
    <timestep time="8.36">
        <vehicle id="cfm_slow_0" eclass="HBEFA3/PC_G_EU4" CO2="15095.14" CO="513.74" HC="2.75" NOx="6.01" PMx="0.49" fuel="6.49" electricity="0.00" noise="81.23" route="routetop" type="cfm_slow" waiting="0.00" lane="top_0" pos="0.50" speed="47.00" angle="273.57" x="62.60" y="128.95"/>
        <vehicle id="cfm_slow_1" eclass="HBEFA3/PC_G_EU4" CO2="0.00" CO="0.00" HC="0.00" NOx="0.00" PMx="0.00" fuel="0.00" electricity="0.00" noise="80.94" route="routetop" type="cfm_slow" waiting="0.00" lane="top_0" pos="40.58" speed="47.03" angle="201.42" x="1.20" y="82.72"/>
        <vehicle id="cfm_slow_2" eclass="HBEFA3/PC_G_EU4" CO2="0.00" CO="0.00" HC="0.00" NOx="0.00" PMx="0.00" fuel="0.00" electricity="0.00" noise="80.93" route="routetop" type="cfm_slow" waiting="0.00" lane="left_0" pos="30.67" speed="46.91" angle="129.26" x="26.39" y="10.04"/>
        <vehicle id="cfm_slow_3" eclass="HBEFA3/PC_G_EU4" CO2="15066.36" CO="509.56" HC="2.73" NOx="6.00" PMx="0.48" fuel="6.48" electricity="0.00" noise="81.18" route="routebottom" type="cfm_slow" waiting="0.00" lane="bottom_0" pos="20.63" speed="46.83" angle="57.34" x="103.08" y="11.60"/>
        <vehicle id="cfm_slow_4" eclass="HBEFA3/PC_G_EU4" CO2="15925.10" CO="528.72" HC="2.84" NOx="6.41" PMx="0.51" fuel="6.85" electricity="0.00" noise="81.35" route="routebottom" type="cfm_slow" waiting="0.00" lane="right_0" pos="10.51" speed="46.90" angle="345.59" x="125.44" y="84.85"/>
    </timestep>
    <timestep time="8.37">
        <vehicle id="cfm_slow_0" eclass="HBEFA3/PC_G_EU4" CO2="15070.79" CO="513.26" HC="2.75" NOx="6.00" PMx="0.49" fuel="6.48" electricity="0.00" noise="81.23" route="routetop" type="cfm_slow" waiting="0.00" lane="top_0" pos="0.97" speed="47.00" angle="272.71" x="61.63" y="128.93"/>
        <vehicle id="cfm_slow_1" eclass="HBEFA3/PC_G_EU4" CO2="0.00" CO="0.00" HC="0.00" NOx="0.00" PMx="0.00" fuel="0.00" electricity="0.00" noise="80.94" route="routetop" type="cfm_slow" waiting="0.00" lane="top_0" pos="41.05" speed="47.03" angle="200.61" x="0.92" y="81.80"/>
        <vehicle id="cfm_slow_2" eclass="HBEFA3/PC_G_EU4" CO2="0.00" CO="0.00" HC="0.00" NOx="0.00" PMx="0.00" fuel="0.00" electricity="0.00" noise="80.94" route="routetop" type="cfm_slow" waiting="0.00" lane="left_0" pos="31.14" speed="46.91" angle="128.45" x="27.19" y="9.50"/>
        <vehicle id="cfm_slow_3" eclass="HBEFA3/PC_G_EU4" CO2="15070.25" CO="509.66" HC="2.73" NOx="6.00" PMx="0.48" fuel="6.48" electricity="0.00" noise="81.18" route="routebottom" type="cfm_slow" waiting="0.00" lane="bottom_0" pos="21.10" speed="46.83" angle="56.48" x="103.84" y="12.19"/>
        <vehicle id="cfm_slow_4" eclass="HBEFA3/PC_G_EU4" CO2="15909.74" CO="528.44" HC="2.84" NOx="6.40" PMx="0.51" fuel="6.84" electricity="0.00" noise="81.35" route="routebottom" type="cfm_slow" waiting="0.00" lane="right_0" pos="10.98" speed="46.90" angle="344.68" x="125.11" y="85.75"/>
    </timestep>
    <timestep time="8.38">
        <vehicle id="cfm_slow_0" eclass="HBEFA3/PC_G_EU4" CO2="15046.68" CO="512.79" HC="2.75" NOx="5.99" PMx="0.49" fuel="6.47" electricity="0.00" noise="81.23" route="routetop" type="cfm_slow" waiting="0.00" lane="top_0" pos="1.44" speed="47.00" angle="271.90" x="60.67" y="128.90"/>
        <vehicle id="cfm_slow_1" eclass="HBEFA3/PC_G_EU4" CO2="0.00" CO="0.00" HC="0.00" NOx="0.00" PMx="0.00" fuel="0.00" electricity="0.00" noise="80.94" route="routetop" type="cfm_slow" waiting="0.00" lane="top_0" pos="41.52" speed="47.03" angle="199.74" x="0.67" y="80.87"/>
        <vehicle id="cfm_slow_2" eclass="HBEFA3/PC_G_EU4" CO2="0.00" CO="0.00" HC="0.00" NOx="0.00" PMx="0.00" fuel="0.00" electricity="0.00" noise="80.94" route="routetop" type="cfm_slow" waiting="0.00" lane="left_0" pos="31.61" speed="46.91" angle="127.61" x="27.99" y="8.97"/>
        <vehicle id="cfm_slow_3" eclass="HBEFA3/PC_G_EU4" CO2="15074.01" CO="509.76" HC="2.73" NOx="6.01" PMx="0.48" fuel="6.48" electricity="0.00" noise="81.18" route="routebottom" type="cfm_slow" waiting="0.00" lane="bottom_0" pos="21.56" speed="46.84" angle="55.62" x="104.59" y="12.78"/>
        <vehicle id="cfm_slow_4" eclass="HBEFA3/PC_G_EU4" CO2="15894.36" CO="528.16" HC="2.84" NOx="6.39" PMx="0.51" fuel="6.83" electricity="0.00" noise="81.35" route="routebottom" type="cfm_slow" waiting="0.00" lane="right_0" pos="11.45" speed="46.91" angle="343.80" x="124.78" y="86.66"/>
    </timestep>
    <timestep time="8.39">
        <vehicle id="cfm_slow_0" eclass="HBEFA3/PC_G_EU4" CO2="15022.78" CO="512.31" HC="2.74" NOx="5.98" PMx="0.48" fuel="6.46" electricity="0.00" noise="81.22" route="routetop" type="cfm_slow" waiting="0.00" lane="top_0" pos="1.91" speed="47.00" angle="271.04" x="59.71" y="128.84"/>
        <vehicle id="cfm_slow_1" eclass="HBEFA3/PC_G_EU4" CO2="0.00" CO="0.00" HC="0.00" NOx="0.00" PMx="0.00" fuel="0.00" electricity="0.00" noise="80.94" route="routetop" type="cfm_slow" waiting="0.00" lane="top_0" pos="41.99" speed="47.03" angle="198.88" x="0.42" y="79.93"/>
        <vehicle id="cfm_slow_2" eclass="HBEFA3/PC_G_EU4" CO2="0.00" CO="0.00" HC="0.00" NOx="0.00" PMx="0.00" fuel="0.00" electricity="0.00" noise="80.94" route="routetop" type="cfm_slow" waiting="0.00" lane="left_0" pos="32.08" speed="46.91" angle="126.82" x="28.79" y="8.44"/>
        <vehicle id="cfm_slow_3" eclass="HBEFA3/PC_G_EU4" CO2="15077.64" CO="509.86" HC="2.73" NOx="6.01" PMx="0.48" fuel="6.48" electricity="0.00" noise="81.19" route="routebottom" type="cfm_slow" waiting="0.00" lane="bottom_0" pos="22.03" speed="46.84" angle="54.83" x="105.34" y="13.39"/>
        <vehicle id="cfm_slow_4" eclass="HBEFA3/PC_G_EU4" CO2="15878.96" CO="527.88" HC="2.84" NOx="6.39" PMx="0.51" fuel="6.83" electricity="0.00" noise="81.34" route="routebottom" type="cfm_slow" waiting="0.00" lane="right_0" pos="11.92" speed="46.91" angle="343.00" x="124.43" y="87.55"/>
    </timestep>
    <timestep time="8.40">
        <vehicle id="cfm_slow_0" eclass="HBEFA3/PC_G_EU4" CO2="14999.12" CO="511.85" HC="2.74" NOx="5.97" PMx="0.48" fuel="6.45" electricity="0.00" noise="81.22" route="routetop" type="cfm_slow" waiting="0.00" lane="top_0" pos="2.38" speed="47.00" angle="270.19" x="58.75" y="128.79"/>
        <vehicle id="cfm_slow_1" eclass="HBEFA3/PC_G_EU4" CO2="0.00" CO="0.00" HC="0.00" NOx="0.00" PMx="0.00" fuel="0.00" electricity="0.00" noise="80.94" route="routetop" type="cfm_slow" waiting="0.00" lane="top_0" pos="42.46" speed="47.03" angle="198.08" x="0.18" y="79.00"/>
        <vehicle id="cfm_slow_2" eclass="HBEFA3/PC_G_EU4" CO2="0.00" CO="0.00" HC="0.00" NOx="0.00" PMx="0.00" fuel="0.00" electricity="0.00" noise="80.94" route="routetop" type="cfm_slow" waiting="0.00" lane="left_0" pos="32.55" speed="46.91" angle="125.95" x="29.61" y="7.94"/>
        <vehicle id="cfm_slow_3" eclass="HBEFA3/PC_G_EU4" CO2="15081.13" CO="509.96" HC="2.73" NOx="6.01" PMx="0.48" fuel="6.48" electricity="0.00" noise="81.19" route="routebottom" type="cfm_slow" waiting="0.00" lane="bottom_0" pos="22.50" speed="46.84" angle="53.98" x="106.07" y="14.01"/>
        <vehicle id="cfm_slow_4" eclass="HBEFA3/PC_G_EU4" CO2="15863.55" CO="527.60" HC="2.83" NOx="6.38" PMx="0.51" fuel="6.82" electricity="0.00" noise="81.34" route="routebottom" type="cfm_slow" waiting="0.00" lane="right_0" pos="12.39" speed="46.91" angle="342.18" x="124.07" y="88.45"/>
    </timestep>
    <timestep time="8.41">
        <vehicle id="cfm_slow_0" eclass="HBEFA3/PC_G_EU4" CO2="14975.68" CO="511.38" HC="2.74" NOx="5.96" PMx="0.48" fuel="6.44" electricity="0.00" noise="81.22" route="routetop" type="cfm_slow" waiting="0.00" lane="top_0" pos="2.85" speed="47.01" angle="269.38" x="57.79" y="128.71"/>
        <vehicle id="cfm_slow_1" eclass="HBEFA3/PC_G_EU4" CO2="0.00" CO="0.00" HC="0.00" NOx="0.00" PMx="0.00" fuel="0.00" electricity="0.00" noise="80.94" route="routetop" type="cfm_slow" waiting="0.00" lane="top_0" pos="42.93" speed="47.03" angle="197.24" x="-0.03" y="78.06"/>
        <vehicle id="cfm_slow_2" eclass="HBEFA3/PC_G_EU4" CO2="0.00" CO="0.00" HC="0.00" NOx="0.00" PMx="0.00" fuel="0.00" electricity="0.00" noise="80.94" route="routetop" type="cfm_slow" waiting="0.00" lane="left_0" pos="33.01" speed="46.91" angle="125.07" x="30.44" y="7.44"/>
        <vehicle id="cfm_slow_3" eclass="HBEFA3/PC_G_EU4" CO2="15084.49" CO="510.05" HC="2.73" NOx="6.01" PMx="0.48" fuel="6.48" electricity="0.00" noise="81.19" route="routebottom" type="cfm_slow" waiting="0.00" lane="bottom_0" pos="22.97" speed="46.84" angle="53.13" x="106.80" y="14.63"/>
        <vehicle id="cfm_slow_4" eclass="HBEFA3/PC_G_EU4" CO2="15848.13" CO="527.32" HC="2.83" NOx="6.37" PMx="0.51" fuel="6.81" electricity="0.00" noise="81.34" route="routebottom" type="cfm_slow" waiting="0.00" lane="right_0" pos="12.86" speed="46.91" angle="341.39" x="123.71" y="89.34"/>
    </timestep>
    <timestep time="8.42">
        <vehicle id="cfm_slow_0" eclass="HBEFA3/PC_G_EU4" CO2="14952.47" CO="510.92" HC="2.74" NOx="5.95" PMx="0.48" fuel="6.43" electricity="0.00" noise="81.21" route="routetop" type="cfm_slow" waiting="0.00" lane="top_0" pos="3.32" speed="47.01" angle="268.52" x="56.83" y="128.61"/>
        <vehicle id="cfm_slow_1" eclass="HBEFA3/PC_G_EU4" CO2="0.00" CO="0.00" HC="0.00" NOx="0.00" PMx="0.00" fuel="0.00" electricity="0.00" noise="80.93" route="routetop" type="cfm_slow" waiting="0.00" lane="top_0" pos="43.40" speed="47.03" angle="196.39" x="-0.24" y="77.12"/>
        <vehicle id="cfm_slow_2" eclass="HBEFA3/PC_G_EU4" CO2="0.00" CO="0.00" HC="0.00" NOx="0.00" PMx="0.00" fuel="0.00" electricity="0.00" noise="80.94" route="routetop" type="cfm_slow" waiting="0.00" lane="left_0" pos="33.48" speed="46.91" angle="124.26" x="31.27" y="6.96"/>
        <vehicle id="cfm_slow_3" eclass="HBEFA3/PC_G_EU4" CO2="15087.72" CO="510.14" HC="2.74" NOx="6.01" PMx="0.48" fuel="6.49" electricity="0.00" noise="81.19" route="routebottom" type="cfm_slow" waiting="0.00" lane="bottom_0" pos="23.44" speed="46.84" angle="52.35" x="107.52" y="15.28"/>
        <vehicle id="cfm_slow_4" eclass="HBEFA3/PC_G_EU4" CO2="15832.69" CO="527.03" HC="2.83" NOx="6.36" PMx="0.51" fuel="6.81" electricity="0.00" noise="81.34" route="routebottom" type="cfm_slow" waiting="0.00" lane="right_0" pos="13.32" speed="46.91" angle="340.51" x="123.32" y="90.22"/>
    </timestep>
    <timestep time="8.43">
        <vehicle id="cfm_slow_0" eclass="HBEFA3/PC_G_EU4" CO2="14929.48" CO="510.47" HC="2.73" NOx="5.94" PMx="0.48" fuel="6.42" electricity="0.00" noise="81.21" route="routetop" type="cfm_slow" waiting="0.00" lane="top_0" pos="3.79" speed="47.01" angle="267.70" x="55.87" y="128.51"/>
        <vehicle id="cfm_slow_1" eclass="HBEFA3/PC_G_EU4" CO2="0.00" CO="0.00" HC="0.00" NOx="0.00" PMx="0.00" fuel="0.00" electricity="0.00" noise="80.93" route="routetop" type="cfm_slow" waiting="0.00" lane="top_0" pos="43.87" speed="47.03" angle="195.58" x="-0.43" y="76.17"/>
        <vehicle id="cfm_slow_2" eclass="HBEFA3/PC_G_EU4" CO2="0.00" CO="0.00" HC="0.00" NOx="0.00" PMx="0.00" fuel="0.00" electricity="0.00" noise="80.95" route="routetop" type="cfm_slow" waiting="0.00" lane="left_0" pos="33.95" speed="46.91" angle="123.41" x="32.11" y="6.49"/>
        <vehicle id="cfm_slow_3" eclass="HBEFA3/PC_G_EU4" CO2="15090.81" CO="510.23" HC="2.74" NOx="6.01" PMx="0.48" fuel="6.49" electricity="0.00" noise="81.19" route="routebottom" type="cfm_slow" waiting="0.00" lane="bottom_0" pos="23.91" speed="46.84" angle="51.50" x="108.22" y="15.93"/>
        <vehicle id="cfm_slow_4" eclass="HBEFA3/PC_G_EU4" CO2="15817.24" CO="526.75" HC="2.83" NOx="6.36" PMx="0.50" fuel="6.80" electricity="0.00" noise="81.33" route="routebottom" type="cfm_slow" waiting="0.00" lane="right_0" pos="13.79" speed="46.91" angle="339.63" x="122.92" y="91.09"/>
    </timestep>
    <timestep time="8.44">
        <vehicle id="cfm_slow_0" eclass="HBEFA3/PC_G_EU4" CO2="14906.72" CO="510.02" HC="2.73" NOx="5.92" PMx="0.48" fuel="6.41" electricity="0.00" noise="81.20" route="routetop" type="cfm_slow" waiting="0.00" lane="top_0" pos="4.26" speed="47.01" angle="266.85" x="54.91" y="128.38"/>
        <vehicle id="cfm_slow_1" eclass="HBEFA3/PC_G_EU4" CO2="0.00" CO="0.00" HC="0.00" NOx="0.00" PMx="0.00" fuel="0.00" electricity="0.00" noise="80.93" route="routetop" type="cfm_slow" waiting="0.00" lane="top_0" pos="44.34" speed="47.03" angle="194.70" x="-0.61" y="75.22"/>
        <vehicle id="cfm_slow_2" eclass="HBEFA3/PC_G_EU4" CO2="0.00" CO="0.00" HC="0.00" NOx="0.00" PMx="0.00" fuel="0.00" electricity="0.00" noise="80.95" route="routetop" type="cfm_slow" waiting="0.00" lane="left_0" pos="34.42" speed="46.91" angle="122.57" x="32.95" y="6.02"/>
        <vehicle id="cfm_slow_3" eclass="HBEFA3/PC_G_EU4" CO2="15093.78" CO="510.31" HC="2.74" NOx="6.02" PMx="0.49" fuel="6.49" electricity="0.00" noise="81.19" route="routebottom" type="cfm_slow" waiting="0.00" lane="bottom_0" pos="24.37" speed="46.84" angle="50.71" x="108.93" y="16.58"/>
        <vehicle id="cfm_slow_4" eclass="HBEFA3/PC_G_EU4" CO2="15801.78" CO="526.47" HC="2.83" NOx="6.35" PMx="0.50" fuel="6.79" electricity="0.00" noise="81.33" route="routebottom" type="cfm_slow" waiting="0.00" lane="right_0" pos="14.26" speed="46.92" angle="338.81" x="122.52" y="91.97"/>
    </timestep>
    <timestep time="8.45">
        <vehicle id="cfm_slow_0" eclass="HBEFA3/PC_G_EU4" CO2="14884.18" CO="509.57" HC="2.73" NOx="5.91" PMx="0.48" fuel="6.40" electricity="0.00" noise="81.20" route="routetop" type="cfm_slow" waiting="0.00" lane="top_0" pos="4.73" speed="47.01" angle="265.99" x="53.96" y="128.24"/>
        <vehicle id="cfm_slow_1" eclass="HBEFA3/PC_G_EU4" CO2="0.00" CO="0.00" HC="0.00" NOx="0.00" PMx="0.00" fuel="0.00" electricity="0.00" noise="80.93" route="routetop" type="cfm_slow" waiting="0.00" lane="top_0" pos="44.81" speed="47.03" angle="193.87" x="-0.78" y="74.28"/>
        <vehicle id="cfm_slow_2" eclass="HBEFA3/PC_G_EU4" CO2="0.00" CO="0.00" HC="0.00" NOx="0.00" PMx="0.00" fuel="0.00" electricity="0.00" noise="80.95" route="routetop" type="cfm_slow" waiting="0.00" lane="left_0" pos="34.89" speed="46.91" angle="121.77" x="33.80" y="5.58"/>
        <vehicle id="cfm_slow_3" eclass="HBEFA3/PC_G_EU4" CO2="15096.61" CO="510.39" HC="2.74" NOx="6.02" PMx="0.49" fuel="6.49" electricity="0.00" noise="81.19" route="routebottom" type="cfm_slow" waiting="0.00" lane="bottom_0" pos="24.84" speed="46.84" angle="49.83" x="109.61" y="17.26"/>
        <vehicle id="cfm_slow_4" eclass="HBEFA3/PC_G_EU4" CO2="15786.31" CO="526.18" HC="2.83" NOx="6.34" PMx="0.50" fuel="6.79" electricity="0.00" noise="81.33" route="routebottom" type="cfm_slow" waiting="0.00" lane="right_0" pos="14.73" speed="46.92" angle="337.93" x="122.09" y="92.83"/>
    </timestep>
    <timestep time="8.46">
        <vehicle id="cfm_slow_0" eclass="HBEFA3/PC_G_EU4" CO2="14861.86" CO="509.13" HC="2.73" NOx="5.90" PMx="0.48" fuel="6.39" electricity="0.00" noise="81.20" route="routetop" type="cfm_slow" waiting="0.00" lane="top_0" pos="5.20" speed="47.01" angle="265.15" x="53.01" y="128.10"/>
        <vehicle id="cfm_slow_1" eclass="HBEFA3/PC_G_EU4" CO2="0.00" CO="0.00" HC="0.00" NOx="0.00" PMx="0.00" fuel="0.00" electricity="0.00" noise="80.93" route="routetop" type="cfm_slow" waiting="0.00" lane="top_0" pos="45.28" speed="47.03" angle="193.04" x="-0.93" y="73.32"/>
        <vehicle id="cfm_slow_2" eclass="HBEFA3/PC_G_EU4" CO2="0.00" CO="0.00" HC="0.00" NOx="0.00" PMx="0.00" fuel="0.00" electricity="0.00" noise="80.95" route="routetop" type="cfm_slow" waiting="0.00" lane="left_0" pos="35.36" speed="46.91" angle="120.92" x="34.66" y="5.15"/>
        <vehicle id="cfm_slow_3" eclass="HBEFA3/PC_G_EU4" CO2="15099.32" CO="510.47" HC="2.74" NOx="6.02" PMx="0.49" fuel="6.49" electricity="0.00" noise="81.19" route="routebottom" type="cfm_slow" waiting="0.00" lane="bottom_0" pos="25.31" speed="46.84" angle="48.94" x="110.28" y="17.94"/>
        <vehicle id="cfm_slow_4" eclass="HBEFA3/PC_G_EU4" CO2="15770.84" CO="525.90" HC="2.82" NOx="6.33" PMx="0.50" fuel="6.78" electricity="0.00" noise="81.33" route="routebottom" type="cfm_slow" waiting="0.00" lane="right_0" pos="15.20" speed="46.92" angle="337.06" x="121.66" y="93.69"/>
    </timestep>
    <timestep time="8.47">
        <vehicle id="cfm_slow_0" eclass="HBEFA3/PC_G_EU4" CO2="14839.77" CO="508.69" HC="2.72" NOx="5.89" PMx="0.48" fuel="6.38" electricity="0.00" noise="81.19" route="routetop" type="cfm_slow" waiting="0.00" lane="top_0" pos="5.67" speed="47.01" angle="264.29" x="52.06" y="127.92"/>
        <vehicle id="cfm_slow_1" eclass="HBEFA3/PC_G_EU4" CO2="0.00" CO="0.00" HC="0.00" NOx="0.00" PMx="0.00" fuel="0.00" electricity="0.00" noise="80.93" route="routetop" type="cfm_slow" waiting="0.00" lane="top_0" pos="45.75" speed="47.02" angle="192.18" x="-1.06" y="72.37"/>
        <vehicle id="cfm_slow_2" eclass="HBEFA3/PC_G_EU4" CO2="0.00" CO="0.00" HC="0.00" NOx="0.00" PMx="0.00" fuel="0.00" electricity="0.00" noise="80.95" route="routetop" type="cfm_slow" waiting="0.00" lane="left_0" pos="35.83" speed="46.91" angle="120.09" x="35.52" y="4.72"/>
        <vehicle id="cfm_slow_3" eclass="HBEFA3/PC_G_EU4" CO2="15101.90" CO="510.55" HC="2.74" NOx="6.02" PMx="0.49" fuel="6.49" electricity="0.00" noise="81.19" route="routebottom" type="cfm_slow" waiting="0.00" lane="bottom_0" pos="25.78" speed="46.85" angle="48.13" x="110.95" y="18.63"/>
        <vehicle id="cfm_slow_4" eclass="HBEFA3/PC_G_EU4" CO2="15755.37" CO="525.62" HC="2.82" NOx="6.33" PMx="0.50" fuel="6.77" electricity="0.00" noise="81.33" route="routebottom" type="cfm_slow" waiting="0.00" lane="right_0" pos="15.67" speed="46.92" angle="336.28" x="121.21" y="94.54"/>
    </timestep>
    <timestep time="8.48">
        <vehicle id="cfm_slow_0" eclass="HBEFA3/PC_G_EU4" CO2="14817.90" CO="508.26" HC="2.72" NOx="5.88" PMx="0.48" fuel="6.37" electricity="0.00" noise="81.19" route="routetop" type="cfm_slow" waiting="0.00" lane="top_0" pos="6.14" speed="47.01" angle="263.43" x="51.11" y="127.75"/>
        <vehicle id="cfm_slow_1" eclass="HBEFA3/PC_G_EU4" CO2="0.00" CO="0.00" HC="0.00" NOx="0.00" PMx="0.00" fuel="0.00" electricity="0.00" noise="80.93" route="routetop" type="cfm_slow" waiting="0.00" lane="top_0" pos="46.22" speed="47.02" angle="191.38" x="-1.19" y="71.41"/>
        <vehicle id="cfm_slow_2" eclass="HBEFA3/PC_G_EU4" CO2="0.00" CO="0.00" HC="0.00" NOx="0.00" PMx="0.00" fuel="0.00" electricity="0.00" noise="80.95" route="routetop" type="cfm_slow" waiting="0.00" lane="left_0" pos="36.30" speed="46.91" angle="119.23" x="36.40" y="4.32"/>
        <vehicle id="cfm_slow_3" eclass="HBEFA3/PC_G_EU4" CO2="15104.35" CO="510.62" HC="2.74" NOx="6.02" PMx="0.49" fuel="6.49" electricity="0.00" noise="81.19" route="routebottom" type="cfm_slow" waiting="0.00" lane="bottom_0" pos="26.25" speed="46.85" angle="47.27" x="111.61" y="19.33"/>
        <vehicle id="cfm_slow_4" eclass="HBEFA3/PC_G_EU4" CO2="15739.89" CO="525.33" HC="2.82" NOx="6.32" PMx="0.50" fuel="6.77" electricity="0.00" noise="81.32" route="routebottom" type="cfm_slow" waiting="0.00" lane="right_0" pos="16.14" speed="46.92" angle="335.45" x="120.74" y="95.38"/>
    </timestep>
    <timestep time="8.49">
        <vehicle id="cfm_slow_0" eclass="HBEFA3/PC_G_EU4" CO2="14796.25" CO="507.83" HC="2.72" NOx="5.87" PMx="0.48" fuel="6.36" electricity="0.00" noise="81.19" route="routetop" type="cfm_slow" waiting="0.00" lane="top_0" pos="6.61" speed="47.01" angle="262.60" x="50.17" y="127.56"/>
        <vehicle id="cfm_slow_1" eclass="HBEFA3/PC_G_EU4" CO2="0.00" CO="0.00" HC="0.00" NOx="0.00" PMx="0.00" fuel="0.00" electricity="0.00" noise="80.93" route="routetop" type="cfm_slow" waiting="0.00" lane="top_0" pos="46.70" speed="47.02" angle="190.50" x="-1.29" y="70.45"/>
        <vehicle id="cfm_slow_2" eclass="HBEFA3/PC_G_EU4" CO2="0.00" CO="0.00" HC="0.00" NOx="0.00" PMx="0.00" fuel="0.00" electricity="0.00" noise="80.95" route="routetop" type="cfm_slow" waiting="0.00" lane="left_0" pos="36.77" speed="46.91" angle="118.33" x="37.28" y="3.93"/>
        <vehicle id="cfm_slow_3" eclass="HBEFA3/PC_G_EU4" CO2="15106.67" CO="510.69" HC="2.74" NOx="6.02" PMx="0.49" fuel="6.49" electricity="0.00" noise="81.19" route="routebottom" type="cfm_slow" waiting="0.00" lane="bottom_0" pos="26.72" speed="46.85" angle="46.42" x="112.26" y="20.04"/>
        <vehicle id="cfm_slow_4" eclass="HBEFA3/PC_G_EU4" CO2="15724.40" CO="525.05" HC="2.82" NOx="6.31" PMx="0.50" fuel="6.76" electricity="0.00" noise="81.32" route="routebottom" type="cfm_slow" waiting="0.00" lane="right_0" pos="16.61" speed="46.92" angle="334.64" x="120.27" y="96.22"/>
    </timestep>
    <timestep time="8.50">
        <vehicle id="cfm_slow_0" eclass="HBEFA3/PC_G_EU4" CO2="14774.82" CO="507.41" HC="2.72" NOx="5.86" PMx="0.48" fuel="6.35" electricity="0.00" noise="81.18" route="routetop" type="cfm_slow" waiting="0.00" lane="top_0" pos="7.08" speed="47.01" angle="261.69" x="49.23" y="127.34"/>
        <vehicle id="cfm_slow_1" eclass="HBEFA3/PC_G_EU4" CO2="0.00" CO="0.00" HC="0.00" NOx="0.00" PMx="0.00" fuel="0.00" electricity="0.00" noise="80.93" route="routetop" type="cfm_slow" waiting="0.00" lane="top_0" pos="47.17" speed="47.02" angle="189.61" x="-1.38" y="69.49"/>
        <vehicle id="cfm_slow_2" eclass="HBEFA3/PC_G_EU4" CO2="0.00" CO="0.00" HC="0.00" NOx="0.00" PMx="0.00" fuel="0.00" electricity="0.00" noise="80.96" route="routetop" type="cfm_slow" waiting="0.00" lane="left_0" pos="37.24" speed="46.91" angle="117.51" x="38.16" y="3.54"/>
        <vehicle id="cfm_slow_3" eclass="HBEFA3/PC_G_EU4" CO2="15108.87" CO="510.76" HC="2.74" NOx="6.02" PMx="0.49" fuel="6.49" electricity="0.00" noise="81.19" route="routebottom" type="cfm_slow" waiting="0.00" lane="bottom_0" pos="27.19" speed="46.85" angle="45.60" x="112.90" y="20.76"/>
        <vehicle id="cfm_slow_4" eclass="HBEFA3/PC_G_EU4" CO2="15708.92" CO="524.76" HC="2.82" NOx="6.30" PMx="0.50" fuel="6.75" electricity="0.00" noise="81.32" route="routebottom" type="cfm_slow" waiting="0.00" lane="right_0" pos="17.08" speed="46.93" angle="333.79" x="119.78" y="97.05"/>
    </timestep>
    <timestep time="8.51">
        <vehicle id="cfm_slow_0" eclass="HBEFA3/PC_G_EU4" CO2="14753.60" CO="506.98" HC="2.71" NOx="5.85" PMx="0.48" fuel="6.34" electricity="0.00" noise="81.18" route="routetop" type="cfm_slow" waiting="0.00" lane="top_0" pos="7.55" speed="47.01" angle="260.79" x="48.29" y="127.13"/>
        <vehicle id="cfm_slow_1" eclass="HBEFA3/PC_G_EU4" CO2="0.00" CO="0.00" HC="0.00" NOx="0.00" PMx="0.00" fuel="0.00" electricity="0.00" noise="80.93" route="routetop" type="cfm_slow" waiting="0.00" lane="top_0" pos="47.64" speed="47.02" angle="188.81" x="-1.46" y="68.53"/>
        <vehicle id="cfm_slow_2" eclass="HBEFA3/PC_G_EU4" CO2="0.00" CO="0.00" HC="0.00" NOx="0.00" PMx="0.00" fuel="0.00" electricity="0.00" noise="80.96" route="routetop" type="cfm_slow" waiting="0.00" lane="left_0" pos="37.71" speed="46.91" angle="116.63" x="39.05" y="3.18"/>
        <vehicle id="cfm_slow_3" eclass="HBEFA3/PC_G_EU4" CO2="15110.93" CO="510.83" HC="2.74" NOx="6.02" PMx="0.49" fuel="6.50" electricity="0.00" noise="81.19" route="routebottom" type="cfm_slow" waiting="0.00" lane="bottom_0" pos="27.65" speed="46.85" angle="44.71" x="113.52" y="21.49"/>
        <vehicle id="cfm_slow_4" eclass="HBEFA3/PC_G_EU4" CO2="15693.44" CO="524.47" HC="2.82" NOx="6.30" PMx="0.50" fuel="6.75" electricity="0.00" noise="81.32" route="routebottom" type="cfm_slow" waiting="0.00" lane="right_0" pos="17.55" speed="46.93" angle="332.92" x="119.29" y="97.87"/>
    </timestep>
    <timestep time="8.52">
        <vehicle id="cfm_slow_0" eclass="HBEFA3/PC_G_EU4" CO2="14732.61" CO="506.57" HC="2.71" NOx="5.84" PMx="0.48" fuel="6.33" electricity="0.00" noise="81.18" route="routetop" type="cfm_slow" waiting="0.00" lane="top_0" pos="8.02" speed="47.01" angle="260.00" x="47.35" y="126.89"/>
        <vehicle id="cfm_slow_1" eclass="HBEFA3/PC_G_EU4" CO2="0.00" CO="0.00" HC="0.00" NOx="0.00" PMx="0.00" fuel="0.00" electricity="0.00" noise="80.93" route="routetop" type="cfm_slow" waiting="0.00" lane="top_0" pos="48.11" speed="47.02" angle="187.94" x="-1.52" y="67.57"/>
        <vehicle id="cfm_slow_2" eclass="HBEFA3/PC_G_EU4" CO2="0.00" CO="0.00" HC="0.00" NOx="0.00" PMx="0.00" fuel="0.00" electricity="0.00" noise="80.96" route="routetop" type="cfm_slow" waiting="0.00" lane="left_0" pos="38.18" speed="46.91" angle="115.75" x="39.94" y="2.83"/>
        <vehicle id="cfm_slow_3" eclass="HBEFA3/PC_G_EU4" CO2="15112.88" CO="510.89" HC="2.74" NOx="6.02" PMx="0.49" fuel="6.50" electricity="0.00" noise="81.20" route="routebottom" type="cfm_slow" waiting="0.00" lane="bottom_0" pos="28.12" speed="46.85" angle="43.84" x="114.14" y="22.23"/>
        <vehicle id="cfm_slow_4" eclass="HBEFA3/PC_G_EU4" CO2="15677.97" CO="524.19" HC="2.81" NOx="6.29" PMx="0.50" fuel="6.74" electricity="0.00" noise="81.31" route="routebottom" type="cfm_slow" waiting="0.00" lane="right_0" pos="18.02" speed="46.93" angle="332.11" x="118.79" y="98.69"/>
    </timestep>
    <timestep time="8.53">
        <vehicle id="cfm_slow_0" eclass="HBEFA3/PC_G_EU4" CO2="14711.84" CO="506.15" HC="2.71" NOx="5.83" PMx="0.48" fuel="6.32" electricity="0.00" noise="81.17" route="routetop" type="cfm_slow" waiting="0.00" lane="top_0" pos="8.49" speed="47.01" angle="259.16" x="46.42" y="126.65"/>
        <vehicle id="cfm_slow_1" eclass="HBEFA3/PC_G_EU4" CO2="0.00" CO="0.00" HC="0.00" NOx="0.00" PMx="0.00" fuel="0.00" electricity="0.00" noise="80.93" route="routetop" type="cfm_slow" waiting="0.00" lane="top_0" pos="48.58" speed="47.02" angle="187.08" x="-1.58" y="66.61"/>
        <vehicle id="cfm_slow_2" eclass="HBEFA3/PC_G_EU4" CO2="0.00" CO="0.00" HC="0.00" NOx="0.00" PMx="0.00" fuel="0.00" electricity="0.00" noise="80.96" route="routetop" type="cfm_slow" waiting="0.00" lane="left_0" pos="38.64" speed="46.91" angle="114.93" x="40.84" y="2.48"/>
        <vehicle id="cfm_slow_3" eclass="HBEFA3/PC_G_EU4" CO2="15114.70" CO="510.95" HC="2.74" NOx="6.03" PMx="0.49" fuel="6.50" electricity="0.00" noise="81.20" route="routebottom" type="cfm_slow" waiting="0.00" lane="bottom_0" pos="28.59" speed="46.85" angle="43.01" x="114.73" y="22.98"/>
        <vehicle id="cfm_slow_4" eclass="HBEFA3/PC_G_EU4" CO2="15662.49" CO="523.90" HC="2.81" NOx="6.28" PMx="0.50" fuel="6.73" electricity="0.00" noise="81.31" route="routebottom" type="cfm_slow" waiting="0.00" lane="right_0" pos="18.49" speed="46.93" angle="331.22" x="118.25" y="99.50"/>
    </timestep>
    <timestep time="8.54">
        <vehicle id="cfm_slow_0" eclass="HBEFA3/PC_G_EU4" CO2="14691.28" CO="505.75" HC="2.71" NOx="5.82" PMx="0.48" fuel="6.32" electricity="0.00" noise="81.17" route="routetop" type="cfm_slow" waiting="0.00" lane="top_0" pos="8.97" speed="47.02" angle="258.38" x="45.49" y="126.40"/>
        <vehicle id="cfm_slow_1" eclass="HBEFA3/PC_G_EU4" CO2="0.00" CO="0.00" HC="0.00" NOx="0.00" PMx="0.00" fuel="0.00" electricity="0.00" noise="80.93" route="routetop" type="cfm_slow" waiting="0.00" lane="top_0" pos="49.05" speed="47.02" angle="186.26" x="-1.61" y="65.65"/>
        <vehicle id="cfm_slow_2" eclass="HBEFA3/PC_G_EU4" CO2="0.00" CO="0.00" HC="0.00" NOx="0.00" PMx="0.00" fuel="0.00" electricity="0.00" noise="80.96" route="routetop" type="cfm_slow" waiting="0.00" lane="left_0" pos="39.11" speed="46.91" angle="114.07" x="41.75" y="2.15"/>
        <vehicle id="cfm_slow_3" eclass="HBEFA3/PC_G_EU4" CO2="15116.39" CO="511.01" HC="2.74" NOx="6.03" PMx="0.49" fuel="6.50" electricity="0.00" noise="81.20" route="routebottom" type="cfm_slow" waiting="0.00" lane="bottom_0" pos="29.06" speed="46.85" angle="42.14" x="115.33" y="23.73"/>
        <vehicle id="cfm_slow_4" eclass="HBEFA3/PC_G_EU4" CO2="15647.03" CO="523.62" HC="2.81" NOx="6.28" PMx="0.50" fuel="6.73" electricity="0.00" noise="81.31" route="routebottom" type="cfm_slow" waiting="0.00" lane="right_0" pos="18.96" speed="46.93" angle="330.33" x="117.72" y="100.30"/>
    </timestep>
    <timestep time="8.55">
        <vehicle id="cfm_slow_0" eclass="HBEFA3/PC_G_EU4" CO2="14670.94" CO="505.34" HC="2.70" NOx="5.81" PMx="0.48" fuel="6.31" electricity="0.00" noise="81.17" route="routetop" type="cfm_slow" waiting="0.00" lane="top_0" pos="9.44" speed="47.02" angle="257.52" x="44.57" y="126.11"/>
        <vehicle id="cfm_slow_1" eclass="HBEFA3/PC_G_EU4" CO2="0.00" CO="0.00" HC="0.00" NOx="0.00" PMx="0.00" fuel="0.00" electricity="0.00" noise="80.93" route="routetop" type="cfm_slow" waiting="0.00" lane="top_0" pos="49.52" speed="47.02" angle="185.37" x="-1.63" y="64.68"/>
        <vehicle id="cfm_slow_2" eclass="HBEFA3/PC_G_EU4" CO2="0.00" CO="0.00" HC="0.00" NOx="0.00" PMx="0.00" fuel="0.00" electricity="0.00" noise="80.96" route="routetop" type="cfm_slow" waiting="0.00" lane="left_0" pos="39.58" speed="46.91" angle="113.21" x="42.65" y="1.83"/>
        <vehicle id="cfm_slow_3" eclass="HBEFA3/PC_G_EU4" CO2="15117.97" CO="511.07" HC="2.74" NOx="6.03" PMx="0.49" fuel="6.50" electricity="0.00" noise="81.20" route="routebottom" type="cfm_slow" waiting="0.00" lane="bottom_0" pos="29.53" speed="46.85" angle="41.33" x="115.92" y="24.49"/>
        <vehicle id="cfm_slow_4" eclass="HBEFA3/PC_G_EU4" CO2="15631.57" CO="523.33" HC="2.81" NOx="6.27" PMx="0.50" fuel="6.72" electricity="0.00" noise="81.31" route="routebottom" type="cfm_slow" waiting="0.00" lane="right_0" pos="19.42" speed="46.93" angle="329.51" x="117.17" y="101.09"/>
    </timestep>
    <timestep time="8.56">
        <vehicle id="cfm_slow_0" eclass="HBEFA3/PC_G_EU4" CO2="14650.82" CO="504.94" HC="2.70" NOx="5.80" PMx="0.48" fuel="6.30" electricity="0.00" noise="81.16" route="routetop" type="cfm_slow" waiting="0.00" lane="top_0" pos="9.91" speed="47.02" angle="256.66" x="43.65" y="125.83"/>
        <vehicle id="cfm_slow_1" eclass="HBEFA3/PC_G_EU4" CO2="0.00" CO="0.00" HC="0.00" NOx="0.00" PMx="0.00" fuel="0.00" electricity="0.00" noise="80.93" route="routetop" type="cfm_slow" waiting="0.00" lane="top_0" pos="49.99" speed="47.02" angle="184.53" x="-1.65" y="63.72"/>
        <vehicle id="cfm_slow_2" eclass="HBEFA3/PC_G_EU4" CO2="0.00" CO="0.00" HC="0.00" NOx="0.00" PMx="0.00" fuel="0.00" electricity="0.00" noise="80.97" route="routetop" type="cfm_slow" waiting="0.00" lane="left_0" pos="40.05" speed="46.91" angle="112.40" x="43.56" y="1.53"/>
        <vehicle id="cfm_slow_3" eclass="HBEFA3/PC_G_EU4" CO2="15119.42" CO="511.12" HC="2.74" NOx="6.03" PMx="0.49" fuel="6.50" electricity="0.00" noise="81.20" route="routebottom" type="cfm_slow" waiting="0.00" lane="bottom_0" pos="30.00" speed="46.86" angle="40.49" x="116.48" y="25.27"/>
        <vehicle id="cfm_slow_4" eclass="HBEFA3/PC_G_EU4" CO2="15616.11" CO="523.04" HC="2.81" NOx="6.26" PMx="0.50" fuel="6.71" electricity="0.00" noise="81.31" route="routebottom" type="cfm_slow" waiting="0.00" lane="right_0" pos="19.89" speed="46.93" angle="328.64" x="116.61" y="101.87"/>
    </timestep>
    <timestep time="8.57">
        <vehicle id="cfm_slow_0" eclass="HBEFA3/PC_G_EU4" CO2="14630.91" CO="504.54" HC="2.70" NOx="5.79" PMx="0.47" fuel="6.29" electricity="0.00" noise="81.16" route="routetop" type="cfm_slow" waiting="0.00" lane="top_0" pos="10.38" speed="47.02" angle="255.84" x="42.73" y="125.53"/>
        <vehicle id="cfm_slow_1" eclass="HBEFA3/PC_G_EU4" CO2="0.00" CO="0.00" HC="0.00" NOx="0.00" PMx="0.00" fuel="0.00" electricity="0.00" noise="80.93" route="routetop" type="cfm_slow" waiting="0.00" lane="left_0" pos="0.46" speed="47.02" angle="183.65" x="-1.63" y="62.69"/>
        <vehicle id="cfm_slow_2" eclass="HBEFA3/PC_G_EU4" CO2="0.00" CO="0.00" HC="0.00" NOx="0.00" PMx="0.00" fuel="0.00" electricity="0.00" noise="80.97" route="routetop" type="cfm_slow" waiting="0.00" lane="left_0" pos="40.52" speed="46.91" angle="111.53" x="44.48" y="1.24"/>
        <vehicle id="cfm_slow_3" eclass="HBEFA3/PC_G_EU4" CO2="15120.74" CO="511.17" HC="2.74" NOx="6.03" PMx="0.49" fuel="6.50" electricity="0.00" noise="81.20" route="routebottom" type="cfm_slow" waiting="0.00" lane="bottom_0" pos="30.47" speed="46.86" angle="39.65" x="117.04" y="26.05"/>
        <vehicle id="cfm_slow_4" eclass="HBEFA3/PC_G_EU4" CO2="15600.67" CO="522.76" HC="2.81" NOx="6.25" PMx="0.50" fuel="6.71" electricity="0.00" noise="81.30" route="routebottom" type="cfm_slow" waiting="0.00" lane="right_0" pos="20.36" speed="46.94" angle="327.77" x="116.05" y="102.65"/>
    </timestep>
    <timestep time="8.58">
        <vehicle id="cfm_slow_0" eclass="HBEFA3/PC_G_EU4" CO2="14611.22" CO="504.15" HC="2.70" NOx="5.78" PMx="0.47" fuel="6.28" electricity="0.00" noise="81.16" route="routetop" type="cfm_slow" waiting="0.00" lane="top_0" pos="10.85" speed="47.02" angle="254.93" x="41.82" y="125.20"/>
        <vehicle id="cfm_slow_1" eclass="HBEFA3/PC_G_EU4" CO2="0.00" CO="0.00" HC="0.00" NOx="0.00" PMx="0.00" fuel="0.00" electricity="0.00" noise="80.93" route="routetop" type="cfm_slow" waiting="0.00" lane="left_0" pos="0.93" speed="47.02" angle="182.80" x="-1.61" y="61.73"/>
        <vehicle id="cfm_slow_2" eclass="HBEFA3/PC_G_EU4" CO2="0.00" CO="0.00" HC="0.00" NOx="0.00" PMx="0.00" fuel="0.00" electricity="0.00" noise="80.97" route="routetop" type="cfm_slow" waiting="0.00" lane="left_0" pos="40.99" speed="46.91" angle="110.70" x="45.40" y="0.96"/>
        <vehicle id="cfm_slow_3" eclass="HBEFA3/PC_G_EU4" CO2="15121.95" CO="511.22" HC="2.74" NOx="6.03" PMx="0.49" fuel="6.50" electricity="0.00" noise="81.20" route="routebottom" type="cfm_slow" waiting="0.00" lane="bottom_0" pos="30.93" speed="46.86" angle="38.86" x="117.59" y="26.84"/>
        <vehicle id="cfm_slow_4" eclass="HBEFA3/PC_G_EU4" CO2="15585.24" CO="522.47" HC="2.80" NOx="6.25" PMx="0.50" fuel="6.70" electricity="0.00" noise="81.30" route="routebottom" type="cfm_slow" waiting="0.00" lane="right_0" pos="20.83" speed="46.94" angle="326.96" x="115.46" y="103.41"/>
    </timestep>
    <timestep time="8.59">
        <vehicle id="cfm_slow_0" eclass="HBEFA3/PC_G_EU4" CO2="14591.74" CO="503.76" HC="2.69" NOx="5.78" PMx="0.47" fuel="6.27" electricity="0.00" noise="81.16" route="routetop" type="cfm_slow" waiting="0.00" lane="top_0" pos="11.32" speed="47.02" angle="254.01" x="40.92" y="124.87"/>
        <vehicle id="cfm_slow_1" eclass="HBEFA3/PC_G_EU4" CO2="0.00" CO="0.00" HC="0.00" NOx="0.00" PMx="0.00" fuel="0.00" electricity="0.00" noise="80.93" route="routetop" type="cfm_slow" waiting="0.00" lane="left_0" pos="1.40" speed="47.02" angle="181.99" x="-1.58" y="60.77"/>
        <vehicle id="cfm_slow_2" eclass="HBEFA3/PC_G_EU4" CO2="0.00" CO="0.00" HC="0.00" NOx="0.00" PMx="0.00" fuel="0.00" electricity="0.00" noise="80.97" route="routetop" type="cfm_slow" waiting="0.00" lane="left_0" pos="41.46" speed="46.91" angle="109.86" x="46.33" y="0.71"/>
        <vehicle id="cfm_slow_3" eclass="HBEFA3/PC_G_EU4" CO2="15123.04" CO="511.26" HC="2.74" NOx="6.03" PMx="0.49" fuel="6.50" electricity="0.00" noise="81.20" route="routebottom" type="cfm_slow" waiting="0.00" lane="bottom_0" pos="31.40" speed="46.86" angle="38.00" x="118.13" y="27.63"/>
        <vehicle id="cfm_slow_4" eclass="HBEFA3/PC_G_EU4" CO2="15569.82" CO="522.18" HC="2.80" NOx="6.24" PMx="0.50" fuel="6.69" electricity="0.00" noise="81.30" route="routebottom" type="cfm_slow" waiting="0.00" lane="right_0" pos="21.30" speed="46.94" angle="326.10" x="114.87" y="104.17"/>
    </timestep>
    <timestep time="8.60">
        <vehicle id="cfm_slow_0" eclass="HBEFA3/PC_G_EU4" CO2="14572.48" CO="503.38" HC="2.69" NOx="5.77" PMx="0.47" fuel="6.26" electricity="0.00" noise="81.15" route="routetop" type="cfm_slow" waiting="0.00" lane="top_0" pos="11.79" speed="47.02" angle="253.22" x="40.02" y="124.52"/>
        <vehicle id="cfm_slow_1" eclass="HBEFA3/PC_G_EU4" CO2="0.00" CO="0.00" HC="0.00" NOx="0.00" PMx="0.00" fuel="0.00" electricity="0.00" noise="80.93" route="routetop" type="cfm_slow" waiting="0.00" lane="left_0" pos="1.87" speed="47.02" angle="181.13" x="-1.52" y="59.80"/>
        <vehicle id="cfm_slow_2" eclass="HBEFA3/PC_G_EU4" CO2="0.00" CO="0.00" HC="0.00" NOx="0.00" PMx="0.00" fuel="0.00" electricity="0.00" noise="80.97" route="routetop" type="cfm_slow" waiting="0.00" lane="left_0" pos="41.93" speed="46.91" angle="109.00" x="47.26" y="0.46"/>
        <vehicle id="cfm_slow_3" eclass="HBEFA3/PC_G_EU4" CO2="15124.01" CO="511.31" HC="2.74" NOx="6.03" PMx="0.49" fuel="6.50" electricity="0.00" noise="81.20" route="routebottom" type="cfm_slow" waiting="0.00" lane="bottom_0" pos="31.87" speed="46.86" angle="37.14" x="118.66" y="28.43"/>
        <vehicle id="cfm_slow_4" eclass="HBEFA3/PC_G_EU4" CO2="15554.42" CO="521.90" HC="2.80" NOx="6.23" PMx="0.50" fuel="6.69" electricity="0.00" noise="81.30" route="routebottom" type="cfm_slow" waiting="0.00" lane="right_0" pos="21.77" speed="46.94" angle="325.29" x="114.27" y="104.93"/>
    </timestep>
    <timestep time="8.61">
        <vehicle id="cfm_slow_0" eclass="HBEFA3/PC_G_EU4" CO2="14553.42" CO="503.00" HC="2.69" NOx="5.76" PMx="0.47" fuel="6.26" electricity="0.00" noise="81.15" route="routetop" type="cfm_slow" waiting="0.00" lane="top_0" pos="12.26" speed="47.02" angle="252.39" x="39.12" y="124.17"/>
        <vehicle id="cfm_slow_1" eclass="HBEFA3/PC_G_EU4" CO2="0.00" CO="0.00" HC="0.00" NOx="0.00" PMx="0.00" fuel="0.00" electricity="0.00" noise="80.93" route="routetop" type="cfm_slow" waiting="0.00" lane="left_0" pos="2.34" speed="47.02" angle="180.27" x="-1.47" y="58.84"/>
        <vehicle id="cfm_slow_2" eclass="HBEFA3/PC_G_EU4" CO2="0.00" CO="0.00" HC="0.00" NOx="0.00" PMx="0.00" fuel="0.00" electricity="0.00" noise="80.97" route="routetop" type="cfm_slow" waiting="0.00" lane="left_0" pos="42.40" speed="46.91" angle="108.21" x="48.19" y="0.21"/>
        <vehicle id="cfm_slow_3" eclass="HBEFA3/PC_G_EU4" CO2="15124.86" CO="511.35" HC="2.74" NOx="6.03" PMx="0.49" fuel="6.50" electricity="0.00" noise="81.20" route="routebottom" type="cfm_slow" waiting="0.00" lane="bottom_0" pos="32.34" speed="46.86" angle="36.34" x="119.17" y="29.25"/>
        <vehicle id="cfm_slow_4" eclass="HBEFA3/PC_G_EU4" CO2="15539.03" CO="521.61" HC="2.80" NOx="6.22" PMx="0.50" fuel="6.68" electricity="0.00" noise="81.29" route="routebottom" type="cfm_slow" waiting="0.00" lane="right_0" pos="22.24" speed="46.94" angle="324.44" x="113.66" y="105.67"/>
    </timestep>
    <timestep time="8.62">
        <vehicle id="cfm_slow_0" eclass="HBEFA3/PC_G_EU4" CO2="14534.58" CO="502.62" HC="2.69" NOx="5.75" PMx="0.47" fuel="6.25" electricity="0.00" noise="81.15" route="routetop" type="cfm_slow" waiting="0.00" lane="top_0" pos="12.73" speed="47.02" angle="251.59" x="38.23" y="123.81"/>
        <vehicle id="cfm_slow_1" eclass="HBEFA3/PC_G_EU4" CO2="0.00" CO="0.00" HC="0.00" NOx="0.00" PMx="0.00" fuel="0.00" electricity="0.00" noise="80.92" route="routetop" type="cfm_slow" waiting="0.00" lane="left_0" pos="2.81" speed="47.02" angle="179.46" x="-1.39" y="57.88"/>
        <vehicle id="cfm_slow_2" eclass="HBEFA3/PC_G_EU4" CO2="0.00" CO="0.00" HC="0.00" NOx="0.00" PMx="0.00" fuel="0.00" electricity="0.00" noise="80.97" route="routetop" type="cfm_slow" waiting="0.00" lane="left_0" pos="42.87" speed="46.91" angle="107.37" x="49.13" y="0.00"/>
        <vehicle id="cfm_slow_3" eclass="HBEFA3/PC_G_EU4" CO2="15125.59" CO="511.39" HC="2.74" NOx="6.03" PMx="0.49" fuel="6.50" electricity="0.00" noise="81.20" route="routebottom" type="cfm_slow" waiting="0.00" lane="bottom_0" pos="32.81" speed="46.86" angle="35.46" x="119.66" y="30.07"/>
        <vehicle id="cfm_slow_4" eclass="HBEFA3/PC_G_EU4" CO2="15523.66" CO="521.32" HC="2.80" NOx="6.22" PMx="0.50" fuel="6.67" electricity="0.00" noise="81.29" route="routebottom" type="cfm_slow" waiting="0.00" lane="right_0" pos="22.71" speed="46.94" angle="323.59" x="113.04" y="106.40"/>
    </timestep>
    <timestep time="8.63">
        <vehicle id="cfm_slow_0" eclass="HBEFA3/PC_G_EU4" CO2="14515.95" CO="502.25" HC="2.69" NOx="5.74" PMx="0.47" fuel="6.24" electricity="0.00" noise="81.14" route="routetop" type="cfm_slow" waiting="0.00" lane="top_0" pos="13.20" speed="47.02" angle="250.75" x="37.34" y="123.42"/>
        <vehicle id="cfm_slow_1" eclass="HBEFA3/PC_G_EU4" CO2="0.00" CO="0.00" HC="0.00" NOx="0.00" PMx="0.00" fuel="0.00" electricity="0.00" noise="80.92" route="routetop" type="cfm_slow" waiting="0.00" lane="left_0" pos="3.28" speed="47.02" angle="178.60" x="-1.29" y="56.92"/>
        <vehicle id="cfm_slow_2" eclass="HBEFA3/PC_G_EU4" CO2="0.00" CO="0.00" HC="0.00" NOx="0.00" PMx="0.00" fuel="0.00" electricity="0.00" noise="80.98" route="routetop" type="cfm_slow" waiting="0.00" lane="left_0" pos="43.34" speed="46.91" angle="106.53" x="50.07" y="-0.21"/>
        <vehicle id="cfm_slow_3" eclass="HBEFA3/PC_G_EU4" CO2="15126.21" CO="511.42" HC="2.74" NOx="6.03" PMx="0.49" fuel="6.50" electricity="0.00" noise="81.20" route="routebottom" type="cfm_slow" waiting="0.00" lane="bottom_0" pos="33.28" speed="46.86" angle="34.61" x="120.15" y="30.90"/>
        <vehicle id="cfm_slow_4" eclass="HBEFA3/PC_G_EU4" CO2="15508.31" CO="521.04" HC="2.80" NOx="6.21" PMx="0.50" fuel="6.67" electricity="0.00" noise="81.29" route="routebottom" type="cfm_slow" waiting="0.00" lane="right_0" pos="23.18" speed="46.94" angle="322.80" x="112.41" y="107.13"/>
    </timestep>
    <timestep time="8.64">
        <vehicle id="cfm_slow_0" eclass="HBEFA3/PC_G_EU4" CO2="14497.53" CO="501.88" HC="2.68" NOx="5.73" PMx="0.47" fuel="6.23" electricity="0.00" noise="81.14" route="routetop" type="cfm_slow" waiting="0.00" lane="top_0" pos="13.67" speed="47.02" angle="249.87" x="36.46" y="123.03"/>
        <vehicle id="cfm_slow_1" eclass="HBEFA3/PC_G_EU4" CO2="0.00" CO="0.00" HC="0.00" NOx="0.00" PMx="0.00" fuel="0.00" electricity="0.00" noise="80.92" route="routetop" type="cfm_slow" waiting="0.00" lane="left_0" pos="3.75" speed="47.01" angle="177.76" x="-1.20" y="55.96"/>
        <vehicle id="cfm_slow_2" eclass="HBEFA3/PC_G_EU4" CO2="0.00" CO="0.00" HC="0.00" NOx="0.00" PMx="0.00" fuel="0.00" electricity="0.00" noise="80.98" route="routetop" type="cfm_slow" waiting="0.00" lane="left_0" pos="43.80" speed="46.91" angle="105.72" x="51.01" y="-0.41"/>
        <vehicle id="cfm_slow_3" eclass="HBEFA3/PC_G_EU4" CO2="15126.71" CO="511.46" HC="2.74" NOx="6.03" PMx="0.49" fuel="6.50" electricity="0.00" noise="81.20" route="routebottom" type="cfm_slow" waiting="0.00" lane="bottom_0" pos="33.75" speed="46.86" angle="33.79" x="120.62" y="31.74"/>
        <vehicle id="cfm_slow_4" eclass="HBEFA3/PC_G_EU4" CO2="15492.97" CO="520.75" HC="2.79" NOx="6.20" PMx="0.50" fuel="6.66" electricity="0.00" noise="81.29" route="routebottom" type="cfm_slow" waiting="0.00" lane="right_0" pos="23.65" speed="46.95" angle="321.94" x="111.75" y="107.84"/>
    </timestep>
    <timestep time="8.65">
        <vehicle id="cfm_slow_0" eclass="HBEFA3/PC_G_EU4" CO2="14479.32" CO="501.52" HC="2.68" NOx="5.72" PMx="0.47" fuel="6.22" electricity="0.00" noise="81.14" route="routetop" type="cfm_slow" waiting="0.00" lane="top_0" pos="14.14" speed="47.02" angle="249.05" x="35.59" y="122.63"/>
        <vehicle id="cfm_slow_1" eclass="HBEFA3/PC_G_EU4" CO2="0.00" CO="0.00" HC="0.00" NOx="0.00" PMx="0.00" fuel="0.00" electricity="0.00" noise="80.92" route="routetop" type="cfm_slow" waiting="0.00" lane="left_0" pos="4.22" speed="47.01" angle="176.94" x="-1.07" y="55.01"/>
        <vehicle id="cfm_slow_2" eclass="HBEFA3/PC_G_EU4" CO2="0.00" CO="0.00" HC="0.00" NOx="0.00" PMx="0.00" fuel="0.00" electricity="0.00" noise="80.98" route="routetop" type="cfm_slow" waiting="0.00" lane="left_0" pos="44.27" speed="46.91" angle="104.85" x="51.95" y="-0.58"/>
        <vehicle id="cfm_slow_3" eclass="HBEFA3/PC_G_EU4" CO2="15127.09" CO="511.49" HC="2.74" NOx="6.03" PMx="0.49" fuel="6.50" electricity="0.00" noise="81.20" route="routebottom" type="cfm_slow" waiting="0.00" lane="bottom_0" pos="34.21" speed="46.87" angle="32.94" x="121.09" y="32.58"/>
        <vehicle id="cfm_slow_4" eclass="HBEFA3/PC_G_EU4" CO2="15477.66" CO="520.46" HC="2.79" NOx="6.19" PMx="0.50" fuel="6.65" electricity="0.00" noise="81.28" route="routebottom" type="cfm_slow" waiting="0.00" lane="right_0" pos="24.12" speed="46.95" angle="321.08" x="111.10" y="108.54"/>
    </timestep>
    <timestep time="8.66">
        <vehicle id="cfm_slow_0" eclass="HBEFA3/PC_G_EU4" CO2="14461.31" CO="501.16" HC="2.68" NOx="5.71" PMx="0.47" fuel="6.22" electricity="0.00" noise="81.14" route="routetop" type="cfm_slow" waiting="0.00" lane="top_0" pos="14.61" speed="47.02" angle="248.18" x="34.72" y="122.20"/>
        <vehicle id="cfm_slow_1" eclass="HBEFA3/PC_G_EU4" CO2="0.00" CO="0.00" HC="0.00" NOx="0.00" PMx="0.00" fuel="0.00" electricity="0.00" noise="80.92" route="routetop" type="cfm_slow" waiting="0.00" lane="left_0" pos="4.69" speed="47.01" angle="176.08" x="-0.93" y="54.05"/>
        <vehicle id="cfm_slow_2" eclass="HBEFA3/PC_G_EU4" CO2="0.00" CO="0.00" HC="0.00" NOx="0.00" PMx="0.00" fuel="0.00" electricity="0.00" noise="80.98" route="routetop" type="cfm_slow" waiting="0.00" lane="left_0" pos="44.74" speed="46.91" angle="103.97" x="52.90" y="-0.76"/>
        <vehicle id="cfm_slow_3" eclass="HBEFA3/PC_G_EU4" CO2="15127.36" CO="511.52" HC="2.74" NOx="6.03" PMx="0.49" fuel="6.50" electricity="0.00" noise="81.20" route="routebottom" type="cfm_slow" waiting="0.00" lane="bottom_0" pos="34.68" speed="46.87" angle="32.15" x="121.55" y="33.42"/>
        <vehicle id="cfm_slow_4" eclass="HBEFA3/PC_G_EU4" CO2="15462.36" CO="520.18" HC="2.79" NOx="6.19" PMx="0.50" fuel="6.65" electricity="0.00" noise="81.28" route="routebottom" type="cfm_slow" waiting="0.00" lane="right_0" pos="24.59" speed="46.95" angle="320.28" x="110.43" y="109.24"/>
    </timestep>
    <timestep time="8.67">
        <vehicle id="cfm_slow_0" eclass="HBEFA3/PC_G_EU4" CO2="14443.52" CO="500.80" HC="2.68" NOx="5.71" PMx="0.47" fuel="6.21" electricity="0.00" noise="81.13" route="routetop" type="cfm_slow" waiting="0.00" lane="top_0" pos="15.08" speed="47.02" angle="247.30" x="33.86" y="121.77"/>
        <vehicle id="cfm_slow_1" eclass="HBEFA3/PC_G_EU4" CO2="0.00" CO="0.00" HC="0.00" NOx="0.00" PMx="0.00" fuel="0.00" electricity="0.00" noise="80.92" route="routetop" type="cfm_slow" waiting="0.00" lane="left_0" pos="5.16" speed="47.01" angle="175.24" x="-0.79" y="53.10"/>
        <vehicle id="cfm_slow_2" eclass="HBEFA3/PC_G_EU4" CO2="0.00" CO="0.00" HC="0.00" NOx="0.00" PMx="0.00" fuel="0.00" electricity="0.00" noise="80.98" route="routetop" type="cfm_slow" waiting="0.00" lane="left_0" pos="45.21" speed="46.91" angle="103.18" x="53.85" y="-0.90"/>
        <vehicle id="cfm_slow_3" eclass="HBEFA3/PC_G_EU4" CO2="15127.52" CO="511.55" HC="2.74" NOx="6.03" PMx="0.49" fuel="6.50" electricity="0.00" noise="81.20" route="routebottom" type="cfm_slow" waiting="0.00" lane="bottom_0" pos="35.15" speed="46.87" angle="31.28" x="121.98" y="34.28"/>
        <vehicle id="cfm_slow_4" eclass="HBEFA3/PC_G_EU4" CO2="15447.09" CO="519.89" HC="2.79" NOx="6.18" PMx="0.50" fuel="6.64" electricity="0.00" noise="81.28" route="routebottom" type="cfm_slow" waiting="0.00" lane="right_0" pos="25.06" speed="46.95" angle="319.43" x="109.75" y="109.92"/>
    </timestep>
    <timestep time="8.68">
        <vehicle id="cfm_slow_0" eclass="HBEFA3/PC_G_EU4" CO2="14425.92" CO="500.45" HC="2.67" NOx="5.70" PMx="0.47" fuel="6.20" electricity="0.00" noise="81.13" route="routetop" type="cfm_slow" waiting="0.00" lane="top_0" pos="15.55" speed="47.02" angle="246.51" x="33.00" y="121.33"/>
        <vehicle id="cfm_slow_1" eclass="HBEFA3/PC_G_EU4" CO2="0.00" CO="0.00" HC="0.00" NOx="0.00" PMx="0.00" fuel="0.00" electricity="0.00" noise="80.92" route="routetop" type="cfm_slow" waiting="0.00" lane="left_0" pos="5.63" speed="47.01" angle="174.35" x="-0.62" y="52.15"/>
        <vehicle id="cfm_slow_2" eclass="HBEFA3/PC_G_EU4" CO2="0.00" CO="0.00" HC="0.00" NOx="0.00" PMx="0.00" fuel="0.00" electricity="0.00" noise="80.98" route="routetop" type="cfm_slow" waiting="0.00" lane="left_0" pos="45.68" speed="46.91" angle="102.32" x="54.80" y="-1.04"/>
        <vehicle id="cfm_slow_3" eclass="HBEFA3/PC_G_EU4" CO2="15127.56" CO="511.57" HC="2.74" NOx="6.03" PMx="0.49" fuel="6.50" electricity="0.00" noise="81.20" route="routebottom" type="cfm_slow" waiting="0.00" lane="bottom_0" pos="35.62" speed="46.87" angle="30.40" x="122.41" y="35.14"/>
        <vehicle id="cfm_slow_4" eclass="HBEFA3/PC_G_EU4" CO2="15431.85" CO="519.60" HC="2.79" NOx="6.17" PMx="0.49" fuel="6.63" electricity="0.00" noise="81.28" route="routebottom" type="cfm_slow" waiting="0.00" lane="right_0" pos="25.53" speed="46.95" angle="318.58" x="109.07" y="110.60"/>
    </timestep>
    <timestep time="8.69">
        <vehicle id="cfm_slow_0" eclass="HBEFA3/PC_G_EU4" CO2="14408.54" CO="500.10" HC="2.67" NOx="5.69" PMx="0.47" fuel="6.19" electricity="0.00" noise="81.13" route="routetop" type="cfm_slow" waiting="0.00" lane="top_0" pos="16.02" speed="47.02" angle="245.67" x="32.16" y="120.86"/>
        <vehicle id="cfm_slow_1" eclass="HBEFA3/PC_G_EU4" CO2="0.00" CO="0.00" HC="0.00" NOx="0.00" PMx="0.00" fuel="0.00" electricity="0.00" noise="80.92" route="routetop" type="cfm_slow" waiting="0.00" lane="left_0" pos="6.10" speed="47.01" angle="173.47" x="-0.44" y="51.20"/>
        <vehicle id="cfm_slow_2" eclass="HBEFA3/PC_G_EU4" CO2="0.00" CO="0.00" HC="0.00" NOx="0.00" PMx="0.00" fuel="0.00" electricity="0.00" noise="80.98" route="routetop" type="cfm_slow" waiting="0.00" lane="left_0" pos="46.15" speed="46.91" angle="101.51" x="55.75" y="-1.17"/>
        <vehicle id="cfm_slow_3" eclass="HBEFA3/PC_G_EU4" CO2="15127.49" CO="511.59" HC="2.74" NOx="6.03" PMx="0.49" fuel="6.50" electricity="0.00" noise="81.20" route="routebottom" type="cfm_slow" waiting="0.00" lane="bottom_0" pos="36.09" speed="46.87" angle="29.58" x="122.83" y="36.01"/>
        <vehicle id="cfm_slow_4" eclass="HBEFA3/PC_G_EU4" CO2="15416.63" CO="519.32" HC="2.79" NOx="6.17" PMx="0.49" fuel="6.63" electricity="0.00" noise="81.28" route="routebottom" type="cfm_slow" waiting="0.00" lane="right_0" pos="26.00" speed="46.95" angle="317.77" x="108.37" y="111.26"/>
    </timestep>
    <timestep time="8.70">
        <vehicle id="cfm_slow_0" eclass="HBEFA3/PC_G_EU4" CO2="14391.36" CO="499.75" HC="2.67" NOx="5.68" PMx="0.47" fuel="6.19" electricity="0.00" noise="81.12" route="routetop" type="cfm_slow" waiting="0.00" lane="top_0" pos="16.49" speed="47.02" angle="244.82" x="31.32" y="120.39"/>
        <vehicle id="cfm_slow_1" eclass="HBEFA3/PC_G_EU4" CO2="0.00" CO="0.00" HC="0.00" NOx="0.00" PMx="0.00" fuel="0.00" electricity="0.00" noise="80.92" route="routetop" type="cfm_slow" waiting="0.00" lane="left_0" pos="6.57" speed="47.01" angle="172.66" x="-0.25" y="50.26"/>
        <vehicle id="cfm_slow_2" eclass="HBEFA3/PC_G_EU4" CO2="0.00" CO="0.00" HC="0.00" NOx="0.00" PMx="0.00" fuel="0.00" electricity="0.00" noise="80.99" route="routetop" type="cfm_slow" waiting="0.00" lane="left_0" pos="46.62" speed="46.91" angle="100.65" x="56.71" y="-1.27"/>
        <vehicle id="cfm_slow_3" eclass="HBEFA3/PC_G_EU4" CO2="15127.32" CO="511.61" HC="2.74" NOx="6.03" PMx="0.49" fuel="6.50" electricity="0.00" noise="81.20" route="routebottom" type="cfm_slow" waiting="0.00" lane="bottom_0" pos="36.56" speed="46.87" angle="28.68" x="123.22" y="36.88"/>
        <vehicle id="cfm_slow_4" eclass="HBEFA3/PC_G_EU4" CO2="15401.44" CO="519.03" HC="2.78" NOx="6.16" PMx="0.49" fuel="6.62" electricity="0.00" noise="81.27" route="routebottom" type="cfm_slow" waiting="0.00" lane="right_0" pos="26.47" speed="46.95" angle="316.91" x="107.66" y="111.91"/>
    </timestep>
    <timestep time="8.71">
        <vehicle id="cfm_slow_0" eclass="HBEFA3/PC_G_EU4" CO2="14374.38" CO="499.41" HC="2.67" NOx="5.67" PMx="0.47" fuel="6.18" electricity="0.00" noise="81.12" route="routetop" type="cfm_slow" waiting="0.00" lane="top_0" pos="16.96" speed="47.02" angle="244.01" x="30.48" y="119.91"/>
        <vehicle id="cfm_slow_1" eclass="HBEFA3/PC_G_EU4" CO2="0.00" CO="0.00" HC="0.00" NOx="0.00" PMx="0.00" fuel="0.00" electricity="0.00" noise="80.92" route="routetop" type="cfm_slow" waiting="0.00" lane="left_0" pos="7.04" speed="47.01" angle="171.79" x="-0.04" y="49.32"/>
        <vehicle id="cfm_slow_2" eclass="HBEFA3/PC_G_EU4" CO2="0.00" CO="0.00" HC="0.00" NOx="0.00" PMx="0.00" fuel="0.00" electricity="0.00" noise="80.99" route="routetop" type="cfm_slow" waiting="0.00" lane="left_0" pos="47.09" speed="46.91" angle="99.77" x="57.67" y="-1.37"/>
        <vehicle id="cfm_slow_3" eclass="HBEFA3/PC_G_EU4" CO2="15127.03" CO="511.63" HC="2.74" NOx="6.03" PMx="0.49" fuel="6.50" electricity="0.00" noise="81.20" route="routebottom" type="cfm_slow" waiting="0.00" lane="bottom_0" pos="37.03" speed="46.87" angle="27.79" x="123.61" y="37.76"/>
        <vehicle id="cfm_slow_4" eclass="HBEFA3/PC_G_EU4" CO2="15386.27" CO="518.75" HC="2.78" NOx="6.15" PMx="0.49" fuel="6.61" electricity="0.00" noise="81.27" route="routebottom" type="cfm_slow" waiting="0.00" lane="right_0" pos="26.94" speed="46.95" angle="316.11" x="106.96" y="112.57"/>
    </timestep>
    <timestep time="8.72">
        <vehicle id="cfm_slow_0" eclass="HBEFA3/PC_G_EU4" CO2="14357.61" CO="499.08" HC="2.67" NOx="5.67" PMx="0.47" fuel="6.17" electricity="0.00" noise="81.12" route="routetop" type="cfm_slow" waiting="0.00" lane="top_0" pos="17.43" speed="47.02" angle="243.15" x="29.66" y="119.41"/>
        <vehicle id="cfm_slow_1" eclass="HBEFA3/PC_G_EU4" CO2="0.00" CO="0.00" HC="0.00" NOx="0.00" PMx="0.00" fuel="0.00" electricity="0.00" noise="80.92" route="routetop" type="cfm_slow" waiting="0.00" lane="left_0" pos="7.51" speed="47.01" angle="170.92" x="0.17" y="48.38"/>
        <vehicle id="cfm_slow_2" eclass="HBEFA3/PC_G_EU4" CO2="0.00" CO="0.00" HC="0.00" NOx="0.00" PMx="0.00" fuel="0.00" electricity="0.00" noise="80.99" route="routetop" type="cfm_slow" waiting="0.00" lane="left_0" pos="47.56" speed="46.91" angle="98.96" x="58.63" y="-1.45"/>
        <vehicle id="cfm_slow_3" eclass="HBEFA3/PC_G_EU4" CO2="15126.63" CO="511.64" HC="2.74" NOx="6.03" PMx="0.49" fuel="6.50" electricity="0.00" noise="81.20" route="routebottom" type="cfm_slow" waiting="0.00" lane="bottom_0" pos="37.49" speed="46.87" angle="26.99" x="123.98" y="38.65"/>
        <vehicle id="cfm_slow_4" eclass="HBEFA3/PC_G_EU4" CO2="15371.13" CO="518.46" HC="2.78" NOx="6.14" PMx="0.49" fuel="6.61" electricity="0.00" noise="81.27" route="routebottom" type="cfm_slow" waiting="0.00" lane="right_0" pos="27.41" speed="46.96" angle="315.19" x="106.22" y="113.19"/>
    </timestep>
    <timestep time="8.73">
        <vehicle id="cfm_slow_0" eclass="HBEFA3/PC_G_EU4" CO2="14341.04" CO="498.74" HC="2.67" NOx="5.66" PMx="0.47" fuel="6.16" electricity="0.00" noise="81.12" route="routetop" type="cfm_slow" waiting="0.00" lane="top_0" pos="17.90" speed="47.02" angle="242.33" x="28.83" y="118.92"/>
        <vehicle id="cfm_slow_1" eclass="HBEFA3/PC_G_EU4" CO2="0.00" CO="0.00" HC="0.00" NOx="0.00" PMx="0.00" fuel="0.00" electricity="0.00" noise="80.92" route="routetop" type="cfm_slow" waiting="0.00" lane="left_0" pos="7.98" speed="47.01" angle="170.10" x="0.41" y="47.44"/>
        <vehicle id="cfm_slow_2" eclass="HBEFA3/PC_G_EU4" CO2="0.00" CO="0.00" HC="0.00" NOx="0.00" PMx="0.00" fuel="0.00" electricity="0.00" noise="80.99" route="routetop" type="cfm_slow" waiting="0.00" lane="left_0" pos="48.03" speed="46.91" angle="98.09" x="59.59" y="-1.51"/>
        <vehicle id="cfm_slow_3" eclass="HBEFA3/PC_G_EU4" CO2="15126.13" CO="511.66" HC="2.74" NOx="6.03" PMx="0.49" fuel="6.50" electricity="0.00" noise="81.20" route="routebottom" type="cfm_slow" waiting="0.00" lane="bottom_0" pos="37.96" speed="46.87" angle="26.13" x="124.33" y="39.54"/>
        <vehicle id="cfm_slow_4" eclass="HBEFA3/PC_G_EU4" CO2="15356.03" CO="518.18" HC="2.78" NOx="6.14" PMx="0.49" fuel="6.60" electricity="0.00" noise="81.27" route="routebottom" type="cfm_slow" waiting="0.00" lane="right_0" pos="27.87" speed="46.96" angle="314.26" x="105.48" y="113.81"/>
    </timestep>
    <timestep time="8.74">
        <vehicle id="cfm_slow_0" eclass="HBEFA3/PC_G_EU4" CO2="14324.66" CO="498.41" HC="2.66" NOx="5.65" PMx="0.47" fuel="6.16" electricity="0.00" noise="81.11" route="routetop" type="cfm_slow" waiting="0.00" lane="top_0" pos="18.37" speed="47.03" angle="241.46" x="28.02" y="118.39"/>
        <vehicle id="cfm_slow_1" eclass="HBEFA3/PC_G_EU4" CO2="0.00" CO="0.00" HC="0.00" NOx="0.00" PMx="0.00" fuel="0.00" electricity="0.00" noise="80.92" route="routetop" type="cfm_slow" waiting="0.00" lane="left_0" pos="8.45" speed="47.01" angle="169.23" x="0.66" y="46.51"/>
        <vehicle id="cfm_slow_2" eclass="HBEFA3/PC_G_EU4" CO2="0.00" CO="0.00" HC="0.00" NOx="0.00" PMx="0.00" fuel="0.00" electricity="0.00" noise="80.99" route="routetop" type="cfm_slow" waiting="0.00" lane="left_0" pos="48.49" speed="46.91" angle="97.23" x="60.55" y="-1.57"/>
        <vehicle id="cfm_slow_3" eclass="HBEFA3/PC_G_EU4" CO2="15125.52" CO="511.67" HC="2.74" NOx="6.03" PMx="0.49" fuel="6.50" electricity="0.00" noise="81.20" route="routebottom" type="cfm_slow" waiting="0.00" lane="bottom_0" pos="38.43" speed="46.88" angle="25.31" x="124.69" y="40.43"/>
        <vehicle id="cfm_slow_4" eclass="HBEFA3/PC_G_EU4" CO2="15340.95" CO="517.90" HC="2.78" NOx="6.13" PMx="0.49" fuel="6.59" electricity="0.00" noise="81.26" route="routebottom" type="cfm_slow" waiting="0.00" lane="right_0" pos="28.34" speed="46.96" angle="313.43" x="104.74" y="114.42"/>
    </timestep>
    <timestep time="8.75">
        <vehicle id="cfm_slow_0" eclass="HBEFA3/PC_G_EU4" CO2="14308.49" CO="498.09" HC="2.66" NOx="5.64" PMx="0.47" fuel="6.15" electricity="0.00" noise="81.11" route="routetop" type="cfm_slow" waiting="0.00" lane="top_0" pos="18.84" speed="47.03" angle="240.56" x="27.22" y="117.85"/>
        <vehicle id="cfm_slow_1" eclass="HBEFA3/PC_G_EU4" CO2="0.00" CO="0.00" HC="0.00" NOx="0.00" PMx="0.00" fuel="0.00" electricity="0.00" noise="80.92" route="routetop" type="cfm_slow" waiting="0.00" lane="left_0" pos="8.92" speed="47.01" angle="168.39" x="0.91" y="45.58"/>
        <vehicle id="cfm_slow_2" eclass="HBEFA3/PC_G_EU4" CO2="0.00" CO="0.00" HC="0.00" NOx="0.00" PMx="0.00" fuel="0.00" electricity="0.00" noise="80.99" route="routetop" type="cfm_slow" waiting="0.00" lane="left_0" pos="48.96" speed="46.91" angle="96.41" x="61.51" y="-1.61"/>
        <vehicle id="cfm_slow_3" eclass="HBEFA3/PC_G_EU4" CO2="15124.80" CO="511.68" HC="2.74" NOx="6.03" PMx="0.49" fuel="6.50" electricity="0.00" noise="81.20" route="routebottom" type="cfm_slow" waiting="0.00" lane="bottom_0" pos="38.90" speed="46.88" angle="24.48" x="125.02" y="41.34"/>
        <vehicle id="cfm_slow_4" eclass="HBEFA3/PC_G_EU4" CO2="15325.91" CO="517.61" HC="2.78" NOx="6.12" PMx="0.49" fuel="6.59" electricity="0.00" noise="81.26" route="routebottom" type="cfm_slow" waiting="0.00" lane="right_0" pos="28.81" speed="46.96" angle="312.58" x="103.98" y="115.01"/>
    </timestep>
    <timestep time="8.76">
        <vehicle id="cfm_slow_0" eclass="HBEFA3/PC_G_EU4" CO2="14292.52" CO="497.77" HC="2.66" NOx="5.63" PMx="0.47" fuel="6.14" electricity="0.00" noise="81.11" route="routetop" type="cfm_slow" waiting="0.00" lane="top_0" pos="19.31" speed="47.03" angle="239.73" x="26.42" y="117.31"/>
        <vehicle id="cfm_slow_1" eclass="HBEFA3/PC_G_EU4" CO2="0.00" CO="0.00" HC="0.00" NOx="0.00" PMx="0.00" fuel="0.00" electricity="0.00" noise="80.92" route="routetop" type="cfm_slow" waiting="0.00" lane="left_0" pos="9.39" speed="47.01" angle="167.55" x="1.19" y="44.66"/>
        <vehicle id="cfm_slow_2" eclass="HBEFA3/PC_G_EU4" CO2="0.00" CO="0.00" HC="0.00" NOx="0.00" PMx="0.00" fuel="0.00" electricity="0.00" noise="80.99" route="routetop" type="cfm_slow" waiting="0.00" lane="left_0" pos="49.43" speed="46.91" angle="95.53" x="62.47" y="-1.63"/>
        <vehicle id="cfm_slow_3" eclass="HBEFA3/PC_G_EU4" CO2="15123.97" CO="511.68" HC="2.74" NOx="6.03" PMx="0.49" fuel="6.50" electricity="0.00" noise="81.20" route="routebottom" type="cfm_slow" waiting="0.00" lane="bottom_0" pos="39.37" speed="46.88" angle="23.63" x="125.35" y="42.24"/>
        <vehicle id="cfm_slow_4" eclass="HBEFA3/PC_G_EU4" CO2="15310.90" CO="517.33" HC="2.77" NOx="6.12" PMx="0.49" fuel="6.58" electricity="0.00" noise="81.26" route="routebottom" type="cfm_slow" waiting="0.00" lane="right_0" pos="29.28" speed="46.96" angle="311.72" x="103.22" y="115.61"/>
    </timestep>
    <timestep time="8.77">
        <vehicle id="cfm_slow_0" eclass="HBEFA3/PC_G_EU4" CO2="14276.75" CO="497.45" HC="2.66" NOx="5.63" PMx="0.47" fuel="6.14" electricity="0.00" noise="81.11" route="routetop" type="cfm_slow" waiting="0.00" lane="top_0" pos="19.78" speed="47.03" angle="238.85" x="25.64" y="116.75"/>
        <vehicle id="cfm_slow_1" eclass="HBEFA3/PC_G_EU4" CO2="0.00" CO="0.00" HC="0.00" NOx="0.00" PMx="0.00" fuel="0.00" electricity="0.00" noise="80.92" route="routetop" type="cfm_slow" waiting="0.00" lane="left_0" pos="9.86" speed="47.01" angle="166.69" x="1.47" y="43.74"/>
        <vehicle id="cfm_slow_2" eclass="HBEFA3/PC_G_EU4" CO2="0.00" CO="0.00" HC="0.00" NOx="0.00" PMx="0.00" fuel="0.00" electricity="0.00" noise="81.00" route="routetop" type="cfm_slow" waiting="0.00" lane="left_0" pos="49.90" speed="46.91" angle="94.66" x="63.43" y="-1.65"/>
        <vehicle id="cfm_slow_3" eclass="HBEFA3/PC_G_EU4" CO2="15123.05" CO="511.69" HC="2.74" NOx="6.03" PMx="0.49" fuel="6.50" electricity="0.00" noise="81.20" route="routebottom" type="cfm_slow" waiting="0.00" lane="bottom_0" pos="39.84" speed="46.88" angle="22.85" x="125.67" y="43.15"/>
        <vehicle id="cfm_slow_4" eclass="HBEFA3/PC_G_EU4" CO2="15295.93" CO="517.05" HC="2.77" NOx="6.11" PMx="0.49" fuel="6.58" electricity="0.00" noise="81.26" route="routebottom" type="cfm_slow" waiting="0.00" lane="right_0" pos="29.75" speed="46.96" angle="310.92" x="102.45" y="116.19"/>
    </timestep>
    <timestep time="8.78">
        <vehicle id="cfm_slow_0" eclass="HBEFA3/PC_G_EU4" CO2="14261.17" CO="497.13" HC="2.66" NOx="5.62" PMx="0.47" fuel="6.13" electricity="0.00" noise="81.10" route="routetop" type="cfm_slow" waiting="0.00" lane="top_0" pos="20.25" speed="47.03" angle="237.98" x="24.86" y="116.18"/>
        <vehicle id="cfm_slow_1" eclass="HBEFA3/PC_G_EU4" CO2="0.00" CO="0.00" HC="0.00" NOx="0.00" PMx="0.00" fuel="0.00" electricity="0.00" noise="80.92" route="routetop" type="cfm_slow" waiting="0.00" lane="left_0" pos="10.33" speed="47.01" angle="165.89" x="1.77" y="42.82"/>
        <vehicle id="cfm_slow_2" eclass="HBEFA3/PC_G_EU4" CO2="13816.63" CO="485.41" HC="2.59" NOx="5.41" PMx="0.45" fuel="5.94" electricity="0.00" noise="81.00" route="routebottom" type="cfm_slow" waiting="0.00" lane="bottom_0" pos="0.37" speed="46.91" angle="93.82" x="64.45" y="-1.64"/>
        <vehicle id="cfm_slow_3" eclass="HBEFA3/PC_G_EU4" CO2="15122.01" CO="511.69" HC="2.74" NOx="6.03" PMx="0.49" fuel="6.50" electricity="0.00" noise="81.20" route="routebottom" type="cfm_slow" waiting="0.00" lane="bottom_0" pos="40.31" speed="46.88" angle="21.98" x="125.96" y="44.06"/>
        <vehicle id="cfm_slow_4" eclass="HBEFA3/PC_G_EU4" CO2="15280.99" CO="516.76" HC="2.77" NOx="6.10" PMx="0.49" fuel="6.57" electricity="0.00" noise="81.26" route="routebottom" type="cfm_slow" waiting="0.00" lane="right_0" pos="30.22" speed="46.96" angle="310.06" x="101.67" y="116.75"/>
    </timestep>
    <timestep time="8.79">
        <vehicle id="cfm_slow_0" eclass="HBEFA3/PC_G_EU4" CO2="14245.79" CO="496.82" HC="2.65" NOx="5.61" PMx="0.46" fuel="6.12" electricity="0.00" noise="81.10" route="routetop" type="cfm_slow" waiting="0.00" lane="top_0" pos="20.72" speed="47.03" angle="237.18" x="24.09" y="115.60"/>
        <vehicle id="cfm_slow_1" eclass="HBEFA3/PC_G_EU4" CO2="0.00" CO="0.00" HC="0.00" NOx="0.00" PMx="0.00" fuel="0.00" electricity="0.00" noise="80.92" route="routetop" type="cfm_slow" waiting="0.00" lane="left_0" pos="10.80" speed="47.01" angle="165.02" x="2.09" y="41.91"/>
        <vehicle id="cfm_slow_2" eclass="HBEFA3/PC_G_EU4" CO2="13825.52" CO="485.60" HC="2.59" NOx="5.42" PMx="0.45" fuel="5.94" electricity="0.00" noise="81.00" route="routebottom" type="cfm_slow" waiting="0.00" lane="bottom_0" pos="0.84" speed="46.91" angle="92.96" x="65.41" y="-1.62"/>
        <vehicle id="cfm_slow_3" eclass="HBEFA3/PC_G_EU4" CO2="15120.88" CO="511.69" HC="2.74" NOx="6.03" PMx="0.49" fuel="6.50" electricity="0.00" noise="81.20" route="routebottom" type="cfm_slow" waiting="0.00" lane="bottom_0" pos="40.78" speed="46.88" angle="21.11" x="126.24" y="44.98"/>
        <vehicle id="cfm_slow_4" eclass="HBEFA3/PC_G_EU4" CO2="15266.09" CO="516.48" HC="2.77" NOx="6.09" PMx="0.49" fuel="6.56" electricity="0.00" noise="81.25" route="routebottom" type="cfm_slow" waiting="0.00" lane="right_0" pos="30.69" speed="46.96" angle="309.23" x="100.89" y="117.31"/>
    </timestep>
    <timestep time="8.80">
        <vehicle id="cfm_slow_0" eclass="HBEFA3/PC_G_EU4" CO2="14230.60" CO="496.52" HC="2.65" NOx="5.61" PMx="0.46" fuel="6.12" electricity="0.00" noise="81.10" route="routetop" type="cfm_slow" waiting="0.00" lane="top_0" pos="21.19" speed="47.03" angle="236.33" x="23.33" y="115.01"/>
        <vehicle id="cfm_slow_1" eclass="HBEFA3/PC_G_EU4" CO2="0.00" CO="0.00" HC="0.00" NOx="0.00" PMx="0.00" fuel="0.00" electricity="0.00" noise="80.92" route="routetop" type="cfm_slow" waiting="0.00" lane="left_0" pos="11.27" speed="47.01" angle="164.14" x="2.42" y="41.01"/>
        <vehicle id="cfm_slow_2" eclass="HBEFA3/PC_G_EU4" CO2="13834.36" CO="485.78" HC="2.59" NOx="5.42" PMx="0.45" fuel="5.95" electricity="0.00" noise="81.00" route="routebottom" type="cfm_slow" waiting="0.00" lane="bottom_0" pos="1.31" speed="46.91" angle="92.15" x="66.37" y="-1.59"/>
        <vehicle id="cfm_slow_3" eclass="HBEFA3/PC_G_EU4" CO2="15119.65" CO="511.69" HC="2.74" NOx="6.03" PMx="0.49" fuel="6.50" electricity="0.00" noise="81.21" route="routebottom" type="cfm_slow" waiting="0.00" lane="bottom_0" pos="41.25" speed="46.88" angle="20.30" x="126.51" y="45.90"/>
        <vehicle id="cfm_slow_4" eclass="HBEFA3/PC_G_EU4" CO2="15251.22" CO="516.20" HC="2.77" NOx="6.09" PMx="0.49" fuel="6.56" electricity="0.00" noise="81.25" route="routebottom" type="cfm_slow" waiting="0.00" lane="right_0" pos="31.16" speed="46.97" angle="308.40" x="100.10" y="117.85"/>
    </timestep>
    <timestep time="8.81">
        <vehicle id="cfm_slow_0" eclass="HBEFA3/PC_G_EU4" CO2="14215.61" CO="496.21" HC="2.65" NOx="5.60" PMx="0.46" fuel="6.11" electricity="0.00" noise="81.10" route="routetop" type="cfm_slow" waiting="0.00" lane="top_0" pos="21.66" speed="47.03" angle="235.48" x="22.57" y="114.41"/>
        <vehicle id="cfm_slow_1" eclass="HBEFA3/PC_G_EU4" CO2="0.00" CO="0.00" HC="0.00" NOx="0.00" PMx="0.00" fuel="0.00" electricity="0.00" noise="80.92" route="routetop" type="cfm_slow" waiting="0.00" lane="left_0" pos="11.74" speed="47.00" angle="163.34" x="2.76" y="40.11"/>
        <vehicle id="cfm_slow_2" eclass="HBEFA3/PC_G_EU4" CO2="13843.14" CO="485.96" HC="2.59" NOx="5.42" PMx="0.45" fuel="5.95" electricity="0.00" noise="81.00" route="routebottom" type="cfm_slow" waiting="0.00" lane="bottom_0" pos="1.78" speed="46.91" angle="91.29" x="67.33" y="-1.54"/>
        <vehicle id="cfm_slow_3" eclass="HBEFA3/PC_G_EU4" CO2="15118.31" CO="511.68" HC="2.74" NOx="6.03" PMx="0.49" fuel="6.50" electricity="0.00" noise="81.21" route="routebottom" type="cfm_slow" waiting="0.00" lane="bottom_0" pos="41.71" speed="46.88" angle="19.42" x="126.75" y="46.83"/>
        <vehicle id="cfm_slow_4" eclass="HBEFA3/PC_G_EU4" CO2="15236.40" CO="515.92" HC="2.77" NOx="6.08" PMx="0.49" fuel="6.55" electricity="0.00" noise="81.25" route="routebottom" type="cfm_slow" waiting="0.00" lane="right_0" pos="31.63" speed="46.97" angle="307.54" x="99.29" y="118.39"/>
    </timestep>
    <timestep time="8.82">
        <vehicle id="cfm_slow_0" eclass="HBEFA3/PC_G_EU4" CO2="14200.81" CO="495.92" HC="2.65" NOx="5.59" PMx="0.46" fuel="6.10" electricity="0.00" noise="81.09" route="routetop" type="cfm_slow" waiting="0.00" lane="top_0" pos="22.13" speed="47.03" angle="234.65" x="21.83" y="113.80"/>
        <vehicle id="cfm_slow_1" eclass="HBEFA3/PC_G_EU4" CO2="0.00" CO="0.00" HC="0.00" NOx="0.00" PMx="0.00" fuel="0.00" electricity="0.00" noise="80.92" route="routetop" type="cfm_slow" waiting="0.00" lane="left_0" pos="12.21" speed="47.00" angle="162.49" x="3.12" y="39.21"/>
        <vehicle id="cfm_slow_2" eclass="HBEFA3/PC_G_EU4" CO2="13851.87" CO="486.14" HC="2.60" NOx="5.43" PMx="0.45" fuel="5.95" electricity="0.00" noise="81.00" route="routebottom" type="cfm_slow" waiting="0.00" lane="bottom_0" pos="2.25" speed="46.91" angle="90.44" x="68.29" y="-1.48"/>
        <vehicle id="cfm_slow_3" eclass="HBEFA3/PC_G_EU4" CO2="15116.87" CO="511.68" HC="2.74" NOx="6.03" PMx="0.49" fuel="6.50" electricity="0.00" noise="81.21" route="routebottom" type="cfm_slow" waiting="0.00" lane="bottom_0" pos="42.18" speed="46.88" angle="18.54" x="127.00" y="47.76"/>
        <vehicle id="cfm_slow_4" eclass="HBEFA3/PC_G_EU4" CO2="15221.62" CO="515.64" HC="2.76" NOx="6.07" PMx="0.49" fuel="6.54" electricity="0.00" noise="81.25" route="routebottom" type="cfm_slow" waiting="0.00" lane="right_0" pos="32.10" speed="46.97" angle="306.76" x="98.49" y="118.92"/>
    </timestep>
    <timestep time="8.83">
        <vehicle id="cfm_slow_0" eclass="HBEFA3/PC_G_EU4" CO2="14186.21" CO="495.62" HC="2.65" NOx="5.58" PMx="0.46" fuel="6.10" electricity="0.00" noise="81.09" route="routetop" type="cfm_slow" waiting="0.00" lane="top_0" pos="22.60" speed="47.03" angle="233.77" x="21.09" y="113.18"/>
        <vehicle id="cfm_slow_1" eclass="HBEFA3/PC_G_EU4" CO2="0.00" CO="0.00" HC="0.00" NOx="0.00" PMx="0.00" fuel="0.00" electricity="0.00" noise="80.92" route="routetop" type="cfm_slow" waiting="0.00" lane="left_0" pos="12.68" speed="47.00" angle="161.65" x="3.47" y="38.31"/>
        <vehicle id="cfm_slow_2" eclass="HBEFA3/PC_G_EU4" CO2="13860.53" CO="486.32" HC="2.60" NOx="5.43" PMx="0.45" fuel="5.96" electricity="0.00" noise="81.00" route="routebottom" type="cfm_slow" waiting="0.00" lane="bottom_0" pos="2.72" speed="46.91" angle="89.63" x="69.25" y="-1.41"/>
        <vehicle id="cfm_slow_3" eclass="HBEFA3/PC_G_EU4" CO2="15115.34" CO="511.67" HC="2.74" NOx="6.03" PMx="0.49" fuel="6.50" electricity="0.00" noise="81.21" route="routebottom" type="cfm_slow" waiting="0.00" lane="bottom_0" pos="42.65" speed="46.88" angle="17.77" x="127.22" y="48.70"/>
        <vehicle id="cfm_slow_4" eclass="HBEFA3/PC_G_EU4" CO2="15206.87" CO="515.36" HC="2.76" NOx="6.07" PMx="0.49" fuel="6.54" electricity="0.00" noise="81.24" route="routebottom" type="cfm_slow" waiting="0.00" lane="right_0" pos="32.57" speed="46.97" angle="305.90" x="97.66" y="119.41"/>
    </timestep>
    <timestep time="8.84">
        <vehicle id="cfm_slow_0" eclass="HBEFA3/PC_G_EU4" CO2="14171.79" CO="495.33" HC="2.65" NOx="5.58" PMx="0.46" fuel="6.09" electricity="0.00" noise="81.09" route="routetop" type="cfm_slow" waiting="0.00" lane="top_0" pos="23.07" speed="47.03" angle="232.96" x="20.36" y="112.55"/>
        <vehicle id="cfm_slow_1" eclass="HBEFA3/PC_G_EU4" CO2="0.00" CO="0.00" HC="0.00" NOx="0.00" PMx="0.00" fuel="0.00" electricity="0.00" noise="80.92" route="routetop" type="cfm_slow" waiting="0.00" lane="left_0" pos="13.15" speed="47.00" angle="160.85" x="3.86" y="37.43"/>
        <vehicle id="cfm_slow_2" eclass="HBEFA3/PC_G_EU4" CO2="13869.15" CO="486.50" HC="2.60" NOx="5.44" PMx="0.45" fuel="5.96" electricity="0.00" noise="81.01" route="routebottom" type="cfm_slow" waiting="0.00" lane="bottom_0" pos="3.19" speed="46.91" angle="88.77" x="70.21" y="-1.31"/>
        <vehicle id="cfm_slow_3" eclass="HBEFA3/PC_G_EU4" CO2="15113.71" CO="511.66" HC="2.74" NOx="6.02" PMx="0.49" fuel="6.50" electricity="0.00" noise="81.21" route="routebottom" type="cfm_slow" waiting="0.00" lane="bottom_0" pos="43.12" speed="46.89" angle="16.95" x="127.44" y="49.64"/>
        <vehicle id="cfm_slow_4" eclass="HBEFA3/PC_G_EU4" CO2="15192.17" CO="515.08" HC="2.76" NOx="6.06" PMx="0.49" fuel="6.53" electricity="0.00" noise="81.24" route="routebottom" type="cfm_slow" waiting="0.00" lane="right_0" pos="33.04" speed="46.97" angle="305.04" x="96.84" y="119.91"/>
    </timestep>
    <timestep time="8.85">
        <vehicle id="cfm_slow_0" eclass="HBEFA3/PC_G_EU4" CO2="14157.57" CO="495.04" HC="2.64" NOx="5.57" PMx="0.46" fuel="6.09" electricity="0.00" noise="81.09" route="routetop" type="cfm_slow" waiting="0.00" lane="top_0" pos="23.54" speed="47.03" angle="232.10" x="19.65" y="111.90"/>
        <vehicle id="cfm_slow_1" eclass="HBEFA3/PC_G_EU4" CO2="0.00" CO="0.00" HC="0.00" NOx="0.00" PMx="0.00" fuel="0.00" electricity="0.00" noise="80.92" route="routetop" type="cfm_slow" waiting="0.00" lane="left_0" pos="13.62" speed="47.00" angle="159.99" x="4.25" y="36.55"/>
        <vehicle id="cfm_slow_2" eclass="HBEFA3/PC_G_EU4" CO2="13877.70" CO="486.68" HC="2.60" NOx="5.44" PMx="0.45" fuel="5.97" electricity="0.00" noise="81.01" route="routebottom" type="cfm_slow" waiting="0.00" lane="bottom_0" pos="3.65" speed="46.91" angle="87.92" x="71.17" y="-1.22"/>
        <vehicle id="cfm_slow_3" eclass="HBEFA3/PC_G_EU4" CO2="15111.98" CO="511.65" HC="2.74" NOx="6.02" PMx="0.49" fuel="6.50" electricity="0.00" noise="81.21" route="routebottom" type="cfm_slow" waiting="0.00" lane="bottom_0" pos="43.59" speed="46.89" angle="16.17" x="127.65" y="50.57"/>
        <vehicle id="cfm_slow_4" eclass="HBEFA3/PC_G_EU4" CO2="15177.51" CO="514.80" HC="2.76" NOx="6.05" PMx="0.49" fuel="6.52" electricity="0.00" noise="81.24" route="routebottom" type="cfm_slow" waiting="0.00" lane="right_0" pos="33.51" speed="46.97" angle="304.24" x="96.01" y="120.39"/>
    </timestep>
    <timestep time="8.86">
        <vehicle id="cfm_slow_0" eclass="HBEFA3/PC_G_EU4" CO2="14143.54" CO="494.76" HC="2.64" NOx="5.56" PMx="0.46" fuel="6.08" electricity="0.00" noise="81.09" route="routetop" type="cfm_slow" waiting="0.00" lane="top_0" pos="24.01" speed="47.03" angle="231.24" x="18.94" y="111.24"/>
        <vehicle id="cfm_slow_1" eclass="HBEFA3/PC_G_EU4" CO2="0.00" CO="0.00" HC="0.00" NOx="0.00" PMx="0.00" fuel="0.00" electricity="0.00" noise="80.92" route="routetop" type="cfm_slow" waiting="0.00" lane="left_0" pos="14.09" speed="47.00" angle="159.19" x="4.64" y="35.67"/>
        <vehicle id="cfm_slow_2" eclass="HBEFA3/PC_G_EU4" CO2="13886.19" CO="486.85" HC="2.60" NOx="5.44" PMx="0.45" fuel="5.97" electricity="0.00" noise="81.01" route="routebottom" type="cfm_slow" waiting="0.00" lane="bottom_0" pos="4.12" speed="46.91" angle="87.11" x="72.12" y="-1.10"/>
        <vehicle id="cfm_slow_3" eclass="HBEFA3/PC_G_EU4" CO2="15110.16" CO="511.63" HC="2.74" NOx="6.02" PMx="0.49" fuel="6.50" electricity="0.00" noise="81.21" route="routebottom" type="cfm_slow" waiting="0.00" lane="bottom_0" pos="44.06" speed="46.89" angle="15.26" x="127.83" y="51.52"/>
        <vehicle id="cfm_slow_4" eclass="HBEFA3/PC_G_EU4" CO2="15162.90" CO="514.53" HC="2.76" NOx="6.05" PMx="0.49" fuel="6.52" electricity="0.00" noise="81.24" route="routebottom" type="cfm_slow" waiting="0.00" lane="right_0" pos="33.98" speed="46.97" angle="303.38" x="95.16" y="120.86"/>
    </timestep>
    <timestep time="8.87">
        <vehicle id="cfm_slow_0" eclass="HBEFA3/PC_G_EU4" CO2="14129.69" CO="494.48" HC="2.64" NOx="5.56" PMx="0.46" fuel="6.07" electricity="0.00" noise="81.08" route="routetop" type="cfm_slow" waiting="0.00" lane="top_0" pos="24.48" speed="47.03" angle="230.44" x="18.24" y="110.58"/>
        <vehicle id="cfm_slow_1" eclass="HBEFA3/PC_G_EU4" CO2="0.00" CO="0.00" HC="0.00" NOx="0.00" PMx="0.00" fuel="0.00" electricity="0.00" noise="80.92" route="routetop" type="cfm_slow" waiting="0.00" lane="left_0" pos="14.56" speed="47.00" angle="158.32" x="5.08" y="34.81"/>
        <vehicle id="cfm_slow_2" eclass="HBEFA3/PC_G_EU4" CO2="13894.63" CO="487.03" HC="2.60" NOx="5.45" PMx="0.45" fuel="5.97" electricity="0.00" noise="81.01" route="routebottom" type="cfm_slow" waiting="0.00" lane="bottom_0" pos="4.59" speed="46.91" angle="86.26" x="73.07" y="-0.96"/>
        <vehicle id="cfm_slow_3" eclass="HBEFA3/PC_G_EU4" CO2="15108.24" CO="511.62" HC="2.74" NOx="6.02" PMx="0.49" fuel="6.49" electricity="0.00" noise="81.21" route="routebottom" type="cfm_slow" waiting="0.00" lane="bottom_0" pos="44.53" speed="46.89" angle="14.35" x="128.00" y="52.46"/>
        <vehicle id="cfm_slow_4" eclass="HBEFA3/PC_G_EU4" CO2="15148.33" CO="514.25" HC="2.76" NOx="6.04" PMx="0.49" fuel="6.51" electricity="0.00" noise="81.24" route="routebottom" type="cfm_slow" waiting="0.00" lane="right_0" pos="34.45" speed="46.97" angle="302.52" x="94.32" y="121.32"/>
    </timestep>
    <timestep time="8.88">
        <vehicle id="cfm_slow_0" eclass="HBEFA3/PC_G_EU4" CO2="14116.03" CO="494.20" HC="2.64" NOx="5.55" PMx="0.46" fuel="6.07" electricity="0.00" noise="81.08" route="routetop" type="cfm_slow" waiting="0.00" lane="top_0" pos="24.95" speed="47.03" angle="229.60" x="17.56" y="109.90"/>
        <vehicle id="cfm_slow_1" eclass="HBEFA3/PC_G_EU4" CO2="0.00" CO="0.00" HC="0.00" NOx="0.00" PMx="0.00" fuel="0.00" electricity="0.00" noise="80.92" route="routetop" type="cfm_slow" waiting="0.00" lane="left_0" pos="15.03" speed="47.00" angle="157.44" x="5.51" y="33.95"/>
        <vehicle id="cfm_slow_2" eclass="HBEFA3/PC_G_EU4" CO2="13903.00" CO="487.20" HC="2.60" NOx="5.45" PMx="0.45" fuel="5.98" electricity="0.00" noise="81.01" route="routebottom" type="cfm_slow" waiting="0.00" lane="bottom_0" pos="5.06" speed="46.91" angle="85.40" x="74.03" y="-0.83"/>
        <vehicle id="cfm_slow_3" eclass="HBEFA3/PC_G_EU4" CO2="15106.22" CO="511.60" HC="2.74" NOx="6.02" PMx="0.49" fuel="6.49" electricity="0.00" noise="81.21" route="routebottom" type="cfm_slow" waiting="0.00" lane="bottom_0" pos="45.00" speed="46.89" angle="13.52" x="128.16" y="53.41"/>
        <vehicle id="cfm_slow_4" eclass="HBEFA3/PC_G_EU4" CO2="15133.81" CO="513.97" HC="2.75" NOx="6.03" PMx="0.49" fuel="6.51" electricity="0.00" noise="81.23" route="routebottom" type="cfm_slow" waiting="0.00" lane="right_0" pos="34.92" speed="46.97" angle="301.71" x="93.47" y="121.77"/>
    </timestep>
    <timestep time="8.89">
        <vehicle id="cfm_slow_0" eclass="HBEFA3/PC_G_EU4" CO2="14102.56" CO="493.92" HC="2.64" NOx="5.54" PMx="0.46" fuel="6.06" electricity="0.00" noise="81.08" route="routetop" type="cfm_slow" waiting="0.00" lane="top_0" pos="25.42" speed="47.03" angle="228.75" x="16.87" y="109.22"/>
        <vehicle id="cfm_slow_1" eclass="HBEFA3/PC_G_EU4" CO2="0.00" CO="0.00" HC="0.00" NOx="0.00" PMx="0.00" fuel="0.00" electricity="0.00" noise="80.93" route="routetop" type="cfm_slow" waiting="0.00" lane="left_0" pos="15.50" speed="47.00" angle="156.64" x="5.95" y="33.09"/>
        <vehicle id="cfm_slow_2" eclass="HBEFA3/PC_G_EU4" CO2="13911.31" CO="487.37" HC="2.60" NOx="5.46" PMx="0.45" fuel="5.98" electricity="0.00" noise="81.01" route="routebottom" type="cfm_slow" waiting="0.00" lane="bottom_0" pos="5.53" speed="46.91" angle="84.54" x="74.97" y="-0.66"/>
        <vehicle id="cfm_slow_3" eclass="HBEFA3/PC_G_EU4" CO2="15104.12" CO="511.58" HC="2.74" NOx="6.02" PMx="0.49" fuel="6.49" electricity="0.00" noise="81.21" route="routebottom" type="cfm_slow" waiting="0.00" lane="bottom_0" pos="45.47" speed="46.89" angle="12.66" x="128.30" y="54.36"/>
        <vehicle id="cfm_slow_4" eclass="HBEFA3/PC_G_EU4" CO2="15119.33" CO="513.70" HC="2.75" NOx="6.03" PMx="0.49" fuel="6.50" electricity="0.00" noise="81.23" route="routebottom" type="cfm_slow" waiting="0.00" lane="right_0" pos="35.39" speed="46.98" angle="300.83" x="92.60" y="122.20"/>
    </timestep>
    <timestep time="8.90">
        <vehicle id="cfm_slow_0" eclass="HBEFA3/PC_G_EU4" CO2="14089.27" CO="493.65" HC="2.64" NOx="5.54" PMx="0.46" fuel="6.06" electricity="0.00" noise="81.08" route="routetop" type="cfm_slow" waiting="0.00" lane="top_0" pos="25.89" speed="47.03" angle="227.95" x="16.20" y="108.53"/>
        <vehicle id="cfm_slow_1" eclass="HBEFA3/PC_G_EU4" CO2="0.00" CO="0.00" HC="0.00" NOx="0.00" PMx="0.00" fuel="0.00" electricity="0.00" noise="80.93" route="routetop" type="cfm_slow" waiting="0.00" lane="left_0" pos="15.97" speed="47.00" angle="155.78" x="6.41" y="32.25"/>
        <vehicle id="cfm_slow_2" eclass="HBEFA3/PC_G_EU4" CO2="13919.56" CO="487.55" HC="2.60" NOx="5.46" PMx="0.46" fuel="5.98" electricity="0.00" noise="81.01" route="routebottom" type="cfm_slow" waiting="0.00" lane="bottom_0" pos="6.00" speed="46.91" angle="83.66" x="75.92" y="-0.48"/>
        <vehicle id="cfm_slow_3" eclass="HBEFA3/PC_G_EU4" CO2="15101.92" CO="511.55" HC="2.74" NOx="6.02" PMx="0.49" fuel="6.49" electricity="0.00" noise="81.21" route="routebottom" type="cfm_slow" waiting="0.00" lane="bottom_0" pos="45.93" speed="46.89" angle="11.80" x="128.43" y="55.32"/>
        <vehicle id="cfm_slow_4" eclass="HBEFA3/PC_G_EU4" CO2="15104.91" CO="513.42" HC="2.75" NOx="6.02" PMx="0.49" fuel="6.49" electricity="0.00" noise="81.23" route="routebottom" type="cfm_slow" waiting="0.00" lane="right_0" pos="35.86" speed="46.98" angle="300.00" x="91.74" y="122.63"/>
    </timestep>
    <timestep time="8.91">
        <vehicle id="cfm_slow_0" eclass="HBEFA3/PC_G_EU4" CO2="14076.16" CO="493.39" HC="2.63" NOx="5.53" PMx="0.46" fuel="6.05" electricity="0.00" noise="81.07" route="routetop" type="cfm_slow" waiting="0.00" lane="top_0" pos="26.36" speed="47.03" angle="227.08" x="15.55" y="107.82"/>
        <vehicle id="cfm_slow_1" eclass="HBEFA3/PC_G_EU4" CO2="0.00" CO="0.00" HC="0.00" NOx="0.00" PMx="0.00" fuel="0.00" electricity="0.00" noise="80.93" route="routetop" type="cfm_slow" waiting="0.00" lane="left_0" pos="16.44" speed="47.00" angle="154.91" x="6.88" y="31.41"/>
        <vehicle id="cfm_slow_2" eclass="HBEFA3/PC_G_EU4" CO2="13927.75" CO="487.72" HC="2.60" NOx="5.46" PMx="0.46" fuel="5.99" electricity="0.00" noise="81.02" route="routebottom" type="cfm_slow" waiting="0.00" lane="bottom_0" pos="6.47" speed="46.91" angle="82.84" x="76.86" y="-0.30"/>
        <vehicle id="cfm_slow_3" eclass="HBEFA3/PC_G_EU4" CO2="15099.63" CO="511.53" HC="2.74" NOx="6.02" PMx="0.49" fuel="6.49" electricity="0.00" noise="81.20" route="routebottom" type="cfm_slow" waiting="0.00" lane="bottom_0" pos="46.40" speed="46.89" angle="11.02" x="128.55" y="56.27"/>
        <vehicle id="cfm_slow_4" eclass="HBEFA3/PC_G_EU4" CO2="15090.53" CO="513.15" HC="2.75" NOx="6.01" PMx="0.49" fuel="6.49" electricity="0.00" noise="81.23" route="routebottom" type="cfm_slow" waiting="0.00" lane="right_0" pos="36.33" speed="46.98" angle="299.13" x="90.86" y="123.03"/>
    </timestep>
    <timestep time="8.92">
        <vehicle id="cfm_slow_0" eclass="HBEFA3/PC_G_EU4" CO2="14063.24" CO="493.13" HC="2.63" NOx="5.53" PMx="0.46" fuel="6.05" electricity="0.00" noise="81.07" route="routetop" type="cfm_slow" waiting="0.00" lane="top_0" pos="26.83" speed="47.03" angle="226.22" x="14.90" y="107.11"/>
        <vehicle id="cfm_slow_1" eclass="HBEFA3/PC_G_EU4" CO2="0.00" CO="0.00" HC="0.00" NOx="0.00" PMx="0.00" fuel="0.00" electricity="0.00" noise="80.93" route="routetop" type="cfm_slow" waiting="0.00" lane="left_0" pos="16.91" speed="47.00" angle="154.09" x="7.36" y="30.57"/>
        <vehicle id="cfm_slow_2" eclass="HBEFA3/PC_G_EU4" CO2="13935.87" CO="487.89" HC="2.61" NOx="5.47" PMx="0.46" fuel="5.99" electricity="0.00" noise="81.02" route="routebottom" type="cfm_slow" waiting="0.00" lane="bottom_0" pos="6.94" speed="46.91" angle="81.98" x="77.80" y="-0.09"/>
        <vehicle id="cfm_slow_3" eclass="HBEFA3/PC_G_EU4" CO2="15097.26" CO="511.50" HC="2.74" NOx="6.02" PMx="0.49" fuel="6.49" electricity="0.00" noise="81.20" route="routebottom" type="cfm_slow" waiting="0.00" lane="bottom_0" pos="46.87" speed="46.89" angle="10.19" x="128.65" y="57.23"/>
        <vehicle id="cfm_slow_4" eclass="HBEFA3/PC_G_EU4" CO2="15076.20" CO="512.87" HC="2.75" NOx="6.00" PMx="0.49" fuel="6.48" electricity="0.00" noise="81.23" route="routebottom" type="cfm_slow" waiting="0.00" lane="right_0" pos="36.80" speed="46.98" angle="298.24" x="89.99" y="123.42"/>
    </timestep>
    <timestep time="8.93">
        <vehicle id="cfm_slow_0" eclass="HBEFA3/PC_G_EU4" CO2="14050.50" CO="492.87" HC="2.63" NOx="5.52" PMx="0.46" fuel="6.04" electricity="0.00" noise="81.07" route="routetop" type="cfm_slow" waiting="0.00" lane="top_0" pos="27.30" speed="47.03" angle="225.37" x="14.27" y="106.38"/>
        <vehicle id="cfm_slow_1" eclass="HBEFA3/PC_G_EU4" CO2="0.00" CO="0.00" HC="0.00" NOx="0.00" PMx="0.00" fuel="0.00" electricity="0.00" noise="80.93" route="routetop" type="cfm_slow" waiting="0.00" lane="left_0" pos="17.38" speed="47.00" angle="153.21" x="7.86" y="29.75"/>
        <vehicle id="cfm_slow_2" eclass="HBEFA3/PC_G_EU4" CO2="13943.93" CO="488.05" HC="2.61" NOx="5.47" PMx="0.46" fuel="5.99" electricity="0.00" noise="81.02" route="routebottom" type="cfm_slow" waiting="0.00" lane="bottom_0" pos="7.41" speed="46.91" angle="81.12" x="78.74" y="0.12"/>
        <vehicle id="cfm_slow_3" eclass="HBEFA3/PC_G_EU4" CO2="15094.79" CO="511.48" HC="2.74" NOx="6.02" PMx="0.49" fuel="6.49" electricity="0.00" noise="81.20" route="routebottom" type="cfm_slow" waiting="0.00" lane="bottom_0" pos="47.34" speed="46.90" angle="9.36" x="128.75" y="58.18"/>
        <vehicle id="cfm_slow_4" eclass="HBEFA3/PC_G_EU4" CO2="15061.92" CO="512.60" HC="2.75" NOx="6.00" PMx="0.49" fuel="6.47" electricity="0.00" noise="81.22" route="routebottom" type="cfm_slow" waiting="0.00" lane="right_0" pos="37.27" speed="46.98" angle="297.42" x="89.11" y="123.81"/>
    </timestep>
    <timestep time="8.94">
        <vehicle id="cfm_slow_0" eclass="HBEFA3/PC_G_EU4" CO2="14037.95" CO="492.61" HC="2.63" NOx="5.51" PMx="0.46" fuel="6.03" electricity="0.00" noise="81.07" route="routetop" type="cfm_slow" waiting="0.00" lane="top_0" pos="27.77" speed="47.03" angle="224.47" x="13.65" y="105.64"/>
        <vehicle id="cfm_slow_1" eclass="HBEFA3/PC_G_EU4" CO2="0.00" CO="0.00" HC="0.00" NOx="0.00" PMx="0.00" fuel="0.00" electricity="0.00" noise="80.93" route="routetop" type="cfm_slow" waiting="0.00" lane="left_0" pos="17.85" speed="47.00" angle="152.35" x="8.36" y="28.92"/>
        <vehicle id="cfm_slow_2" eclass="HBEFA3/PC_G_EU4" CO2="13951.93" CO="488.22" HC="2.61" NOx="5.48" PMx="0.46" fuel="6.00" electricity="0.00" noise="81.02" route="routebottom" type="cfm_slow" waiting="0.00" lane="bottom_0" pos="7.88" speed="46.91" angle="80.31" x="79.67" y="0.35"/>
        <vehicle id="cfm_slow_3" eclass="HBEFA3/PC_G_EU4" CO2="15092.23" CO="511.45" HC="2.74" NOx="6.01" PMx="0.49" fuel="6.49" electricity="0.00" noise="81.20" route="routebottom" type="cfm_slow" waiting="0.00" lane="bottom_0" pos="47.81" speed="46.90" angle="8.51" x="128.81" y="59.14"/>
        <vehicle id="cfm_slow_4" eclass="HBEFA3/PC_G_EU4" CO2="15047.69" CO="512.33" HC="2.74" NOx="5.99" PMx="0.49" fuel="6.47" electricity="0.00" noise="81.22" route="routebottom" type="cfm_slow" waiting="0.00" lane="right_0" pos="37.74" speed="46.98" angle="296.55" x="88.21" y="124.17"/>
    </timestep>
    <timestep time="8.95">
        <vehicle id="cfm_slow_0" eclass="HBEFA3/PC_G_EU4" CO2="14025.57" CO="492.36" HC="2.63" NOx="5.51" PMx="0.46" fuel="6.03" electricity="0.00" noise="81.07" route="routetop" type="cfm_slow" waiting="0.00" lane="top_0" pos="28.25" speed="47.03" angle="223.65" x="13.02" y="104.90"/>
        <vehicle id="cfm_slow_1" eclass="HBEFA3/PC_G_EU4" CO2="0.00" CO="0.00" HC="0.00" NOx="0.00" PMx="0.00" fuel="0.00" electricity="0.00" noise="80.93" route="routetop" type="cfm_slow" waiting="0.00" lane="left_0" pos="18.32" speed="47.00" angle="151.50" x="8.88" y="28.11"/>
        <vehicle id="cfm_slow_2" eclass="HBEFA3/PC_G_EU4" CO2="13959.86" CO="488.39" HC="2.61" NOx="5.48" PMx="0.46" fuel="6.00" electricity="0.00" noise="81.02" route="routebottom" type="cfm_slow" waiting="0.00" lane="bottom_0" pos="8.35" speed="46.91" angle="79.43" x="80.60" y="0.60"/>
        <vehicle id="cfm_slow_3" eclass="HBEFA3/PC_G_EU4" CO2="15089.59" CO="511.41" HC="2.74" NOx="6.01" PMx="0.49" fuel="6.49" electricity="0.00" noise="81.20" route="routebottom" type="cfm_slow" waiting="0.00" lane="bottom_0" pos="48.28" speed="46.90" angle="7.61" x="128.87" y="60.10"/>
        <vehicle id="cfm_slow_4" eclass="HBEFA3/PC_G_EU4" CO2="15033.52" CO="512.06" HC="2.74" NOx="5.98" PMx="0.48" fuel="6.46" electricity="0.00" noise="81.22" route="routebottom" type="cfm_slow" waiting="0.00" lane="right_0" pos="38.21" speed="46.98" angle="295.68" x="87.31" y="124.52"/>
    </timestep>
    <timestep time="8.96">
        <vehicle id="cfm_slow_0" eclass="HBEFA3/PC_G_EU4" CO2="14013.37" CO="492.11" HC="2.63" NOx="5.50" PMx="0.46" fuel="6.02" electricity="0.00" noise="81.06" route="routetop" type="cfm_slow" waiting="0.00" lane="top_0" pos="28.72" speed="47.03" angle="222.79" x="12.43" y="104.14"/>
        <vehicle id="cfm_slow_1" eclass="HBEFA3/PC_G_EU4" CO2="0.00" CO="0.00" HC="0.00" NOx="0.00" PMx="0.00" fuel="0.00" electricity="0.00" noise="80.93" route="routetop" type="cfm_slow" waiting="0.00" lane="left_0" pos="18.79" speed="47.00" angle="150.61" x="9.42" y="27.31"/>
        <vehicle id="cfm_slow_2" eclass="HBEFA3/PC_G_EU4" CO2="13967.72" CO="488.55" HC="2.61" NOx="5.48" PMx="0.46" fuel="6.00" electricity="0.00" noise="81.02" route="routebottom" type="cfm_slow" waiting="0.00" lane="bottom_0" pos="8.81" speed="46.91" angle="78.55" x="81.53" y="0.85"/>
        <vehicle id="cfm_slow_3" eclass="HBEFA3/PC_G_EU4" CO2="15086.87" CO="511.38" HC="2.74" NOx="6.01" PMx="0.49" fuel="6.49" electricity="0.00" noise="81.20" route="routebottom" type="cfm_slow" waiting="0.00" lane="bottom_0" pos="48.75" speed="46.90" angle="6.77" x="128.92" y="61.06"/>
        <vehicle id="cfm_slow_4" eclass="HBEFA3/PC_G_EU4" CO2="15019.40" CO="511.79" HC="2.74" NOx="5.98" PMx="0.48" fuel="6.46" electricity="0.00" noise="81.22" route="routebottom" type="cfm_slow" waiting="0.00" lane="right_0" pos="38.68" speed="46.98" angle="294.88" x="86.41" y="124.87"/>
    </timestep>
    <timestep time="8.97">
        <vehicle id="cfm_slow_0" eclass="HBEFA3/PC_G_EU4" CO2="14001.35" CO="491.86" HC="2.63" NOx="5.50" PMx="0.46" fuel="6.02" electricity="0.00" noise="81.06" route="routetop" type="cfm_slow" waiting="0.00" lane="top_0" pos="29.19" speed="47.03" angle="221.94" x="11.84" y="103.38"/>
        <vehicle id="cfm_slow_1" eclass="HBEFA3/PC_G_EU4" CO2="0.00" CO="0.00" HC="0.00" NOx="0.00" PMx="0.00" fuel="0.00" electricity="0.00" noise="80.93" route="routetop" type="cfm_slow" waiting="0.00" lane="left_0" pos="19.26" speed="47.00" angle="149.78" x="9.96" y="26.51"/>
        <vehicle id="cfm_slow_2" eclass="HBEFA3/PC_G_EU4" CO2="13975.52" CO="488.71" HC="2.61" NOx="5.49" PMx="0.46" fuel="6.01" electricity="0.00" noise="81.02" route="routebottom" type="cfm_slow" waiting="0.00" lane="bottom_0" pos="9.28" speed="46.91" angle="77.75" x="82.45" y="1.12"/>
        <vehicle id="cfm_slow_3" eclass="HBEFA3/PC_G_EU4" CO2="15084.05" CO="511.34" HC="2.74" NOx="6.01" PMx="0.49" fuel="6.48" electricity="0.00" noise="81.20" route="routebottom" type="cfm_slow" waiting="0.00" lane="bottom_0" pos="49.22" speed="46.90" angle="5.91" x="128.94" y="62.02"/>
        <vehicle id="cfm_slow_4" eclass="HBEFA3/PC_G_EU4" CO2="15005.33" CO="511.52" HC="2.74" NOx="5.97" PMx="0.48" fuel="6.45" electricity="0.00" noise="81.21" route="routebottom" type="cfm_slow" waiting="0.00" lane="right_0" pos="39.15" speed="46.98" angle="294.04" x="85.51" y="125.20"/>
    </timestep>
    <timestep time="8.98">
        <vehicle id="cfm_slow_0" eclass="HBEFA3/PC_G_EU4" CO2="13989.50" CO="491.62" HC="2.62" NOx="5.49" PMx="0.46" fuel="6.01" electricity="0.00" noise="81.06" route="routetop" type="cfm_slow" waiting="0.00" lane="top_0" pos="29.66" speed="47.03" angle="221.12" x="11.25" y="102.62"/>
        <vehicle id="cfm_slow_1" eclass="HBEFA3/PC_G_EU4" CO2="0.00" CO="0.00" HC="0.00" NOx="0.00" PMx="0.00" fuel="0.00" electricity="0.00" noise="80.93" route="routetop" type="cfm_slow" waiting="0.00" lane="left_0" pos="19.73" speed="47.00" angle="148.92" x="10.52" y="25.73"/>
        <vehicle id="cfm_slow_2" eclass="HBEFA3/PC_G_EU4" CO2="13983.25" CO="488.88" HC="2.61" NOx="5.49" PMx="0.46" fuel="6.01" electricity="0.00" noise="81.02" route="routebottom" type="cfm_slow" waiting="0.00" lane="bottom_0" pos="9.75" speed="46.91" angle="76.89" x="83.37" y="1.41"/>
        <vehicle id="cfm_slow_3" eclass="HBEFA3/PC_G_EU4" CO2="15081.16" CO="511.31" HC="2.74" NOx="6.01" PMx="0.49" fuel="6.48" electricity="0.00" noise="81.20" route="routebottom" type="cfm_slow" waiting="0.00" lane="bottom_0" pos="49.69" speed="46.90" angle="5.05" x="128.96" y="62.99"/>
        <vehicle id="cfm_slow_4" eclass="HBEFA3/PC_G_EU4" CO2="14991.32" CO="511.25" HC="2.74" NOx="5.96" PMx="0.48" fuel="6.44" electricity="0.00" noise="81.21" route="routebottom" type="cfm_slow" waiting="0.00" lane="right_0" pos="39.62" speed="46.98" angle="293.21" x="84.60" y="125.53"/>
    </timestep>
    <timestep time="8.99">
        <vehicle id="cfm_slow_0" eclass="HBEFA3/PC_G_EU4" CO2="13977.83" CO="491.38" HC="2.62" NOx="5.49" PMx="0.46" fuel="6.01" electricity="0.00" noise="81.06" route="routetop" type="cfm_slow" waiting="0.00" lane="top_0" pos="30.13" speed="47.03" angle="220.23" x="10.69" y="101.83"/>
        <vehicle id="cfm_slow_1" eclass="HBEFA3/PC_G_EU4" CO2="0.00" CO="0.00" HC="0.00" NOx="0.00" PMx="0.00" fuel="0.00" electricity="0.00" noise="80.93" route="routetop" type="cfm_slow" waiting="0.00" lane="left_0" pos="20.20" speed="46.99" angle="148.06" x="11.08" y="24.95"/>
        <vehicle id="cfm_slow_2" eclass="HBEFA3/PC_G_EU4" CO2="13990.92" CO="489.04" HC="2.61" NOx="5.49" PMx="0.46" fuel="6.01" electricity="0.00" noise="81.03" route="routebottom" type="cfm_slow" waiting="0.00" lane="bottom_0" pos="10.22" speed="46.91" angle="76.09" x="84.29" y="1.69"/>
        <vehicle id="cfm_slow_3" eclass="HBEFA3/PC_G_EU4" CO2="15078.18" CO="511.27" HC="2.74" NOx="6.01" PMx="0.49" fuel="6.48" electricity="0.00" noise="81.20" route="routebottom" type="cfm_slow" waiting="0.00" lane="right_0" pos="0.15" speed="46.90" angle="4.21" x="128.96" y="64.01"/>
        <vehicle id="cfm_slow_4" eclass="HBEFA3/PC_G_EU4" CO2="14977.36" CO="510.98" HC="2.74" NOx="5.96" PMx="0.48" fuel="6.44" electricity="0.00" noise="81.21" route="routebottom" type="cfm_slow" waiting="0.00" lane="right_0" pos="40.09" speed="46.98" angle="292.40" x="83.69" y="125.82"/>
    </timestep>
    <timestep time="9.00">
        <vehicle id="cfm_slow_0" eclass="HBEFA3/PC_G_EU4" CO2="13966.34" CO="491.15" HC="2.62" NOx="5.48" PMx="0.46" fuel="6.00" electricity="0.00" noise="81.06" route="routetop" type="cfm_slow" waiting="0.00" lane="top_0" pos="30.60" speed="47.03" angle="219.34" x="10.13" y="101.05"/>
        <vehicle id="cfm_slow_1" eclass="HBEFA3/PC_G_EU4" CO2="0.00" CO="0.00" HC="0.00" NOx="0.00" PMx="0.00" fuel="0.00" electricity="0.00" noise="80.93" route="routetop" type="cfm_slow" waiting="0.00" lane="left_0" pos="20.67" speed="46.99" angle="147.27" x="11.65" y="24.17"/>
        <vehicle id="cfm_slow_2" eclass="HBEFA3/PC_G_EU4" CO2="13998.51" CO="489.20" HC="2.61" NOx="5.50" PMx="0.46" fuel="6.02" electricity="0.00" noise="81.03" route="routebottom" type="cfm_slow" waiting="0.00" lane="bottom_0" pos="10.69" speed="46.91" angle="75.23" x="85.20" y="2.02"/>
        <vehicle id="cfm_slow_3" eclass="HBEFA3/PC_G_EU4" CO2="15075.12" CO="511.23" HC="2.74" NOx="6.01" PMx="0.49" fuel="6.48" electricity="0.00" noise="81.20" route="routebottom" type="cfm_slow" waiting="0.00" lane="right_0" pos="0.62" speed="46.90" angle="3.35" x="128.95" y="64.97"/>
        <vehicle id="cfm_slow_4" eclass="HBEFA3/PC_G_EU4" CO2="14963.46" CO="510.72" HC="2.73" NOx="5.95" PMx="0.48" fuel="6.43" electricity="0.00" noise="81.21" route="routebottom" type="cfm_slow" waiting="0.00" lane="right_0" pos="40.56" speed="46.99" angle="291.52" x="82.77" y="126.11"/>
    </timestep>
    <timestep time="9.01">
        <vehicle id="cfm_slow_0" eclass="HBEFA3/PC_G_EU4" CO2="13955.02" CO="490.92" HC="2.62" NOx="5.47" PMx="0.46" fuel="6.00" electricity="0.00" noise="81.06" route="routetop" type="cfm_slow" waiting="0.00" lane="top_0" pos="31.07" speed="47.03" angle="218.54" x="9.58" y="100.25"/>
        <vehicle id="cfm_slow_1" eclass="HBEFA3/PC_G_EU4" CO2="0.00" CO="0.00" HC="0.00" NOx="0.00" PMx="0.00" fuel="0.00" electricity="0.00" noise="80.93" route="routetop" type="cfm_slow" waiting="0.00" lane="left_0" pos="21.14" speed="46.99" angle="146.42" x="12.25" y="23.41"/>
        <vehicle id="cfm_slow_2" eclass="HBEFA3/PC_G_EU4" CO2="14006.04" CO="489.36" HC="2.61" NOx="5.50" PMx="0.46" fuel="6.02" electricity="0.00" noise="81.03" route="routebottom" type="cfm_slow" waiting="0.00" lane="bottom_0" pos="11.16" speed="46.91" angle="74.36" x="86.10" y="2.34"/>
        <vehicle id="cfm_slow_3" eclass="HBEFA3/PC_G_EU4" CO2="15071.98" CO="511.19" HC="2.74" NOx="6.00" PMx="0.49" fuel="6.48" electricity="0.00" noise="81.20" route="routebottom" type="cfm_slow" waiting="0.00" lane="right_0" pos="1.09" speed="46.90" angle="2.50" x="128.93" y="65.93"/>
        <vehicle id="cfm_slow_4" eclass="HBEFA3/PC_G_EU4" CO2="14949.62" CO="510.45" HC="2.73" NOx="5.95" PMx="0.48" fuel="6.43" electricity="0.00" noise="81.21" route="routebottom" type="cfm_slow" waiting="0.00" lane="right_0" pos="41.03" speed="46.99" angle="290.70" x="81.85" y="126.39"/>
    </timestep>
    <timestep time="9.02">
        <vehicle id="cfm_slow_0" eclass="HBEFA3/PC_G_EU4" CO2="13943.87" CO="490.69" HC="2.62" NOx="5.47" PMx="0.46" fuel="5.99" electricity="0.00" noise="81.05" route="routetop" type="cfm_slow" waiting="0.00" lane="top_0" pos="31.54" speed="47.03" angle="217.70" x="9.05" y="99.45"/>
        <vehicle id="cfm_slow_1" eclass="HBEFA3/PC_G_EU4" CO2="0.00" CO="0.00" HC="0.00" NOx="0.00" PMx="0.00" fuel="0.00" electricity="0.00" noise="80.93" route="routetop" type="cfm_slow" waiting="0.00" lane="left_0" pos="21.61" speed="46.99" angle="145.57" x="12.84" y="22.65"/>
        <vehicle id="cfm_slow_2" eclass="HBEFA3/PC_G_EU4" CO2="14013.50" CO="489.51" HC="2.61" NOx="5.50" PMx="0.46" fuel="6.02" electricity="0.00" noise="81.03" route="routebottom" type="cfm_slow" waiting="0.00" lane="bottom_0" pos="11.63" speed="46.91" angle="73.55" x="87.01" y="2.67"/>
        <vehicle id="cfm_slow_3" eclass="HBEFA3/PC_G_EU4" CO2="15068.76" CO="511.14" HC="2.74" NOx="6.00" PMx="0.49" fuel="6.48" electricity="0.00" noise="81.20" route="routebottom" type="cfm_slow" waiting="0.00" lane="right_0" pos="1.56" speed="46.90" angle="1.68" x="128.89" y="66.89"/>
        <vehicle id="cfm_slow_4" eclass="HBEFA3/PC_G_EU4" CO2="14935.83" CO="510.19" HC="2.73" NOx="5.94" PMx="0.48" fuel="6.42" electricity="0.00" noise="81.20" route="routebottom" type="cfm_slow" waiting="0.00" lane="right_0" pos="41.50" speed="46.99" angle="289.82" x="80.92" y="126.64"/>
    </timestep>
    <timestep time="9.03">
        <vehicle id="cfm_slow_0" eclass="HBEFA3/PC_G_EU4" CO2="13932.89" CO="490.46" HC="2.62" NOx="5.46" PMx="0.46" fuel="5.99" electricity="0.00" noise="81.05" route="routetop" type="cfm_slow" waiting="0.00" lane="top_0" pos="32.01" speed="47.03" angle="216.90" x="8.51" y="98.65"/>
        <vehicle id="cfm_slow_1" eclass="HBEFA3/PC_G_EU4" CO2="0.00" CO="0.00" HC="0.00" NOx="0.00" PMx="0.00" fuel="0.00" electricity="0.00" noise="80.93" route="routetop" type="cfm_slow" waiting="0.00" lane="left_0" pos="22.08" speed="46.99" angle="144.76" x="13.45" y="21.91"/>
        <vehicle id="cfm_slow_2" eclass="HBEFA3/PC_G_EU4" CO2="14020.89" CO="489.67" HC="2.62" NOx="5.51" PMx="0.46" fuel="6.03" electricity="0.00" noise="81.03" route="routebottom" type="cfm_slow" waiting="0.00" lane="bottom_0" pos="12.10" speed="46.91" angle="72.71" x="87.90" y="3.03"/>
        <vehicle id="cfm_slow_3" eclass="HBEFA3/PC_G_EU4" CO2="15065.46" CO="511.10" HC="2.74" NOx="6.00" PMx="0.48" fuel="6.48" electricity="0.00" noise="81.20" route="routebottom" type="cfm_slow" waiting="0.00" lane="right_0" pos="2.03" speed="46.91" angle="0.83" x="128.83" y="67.85"/>
        <vehicle id="cfm_slow_4" eclass="HBEFA3/PC_G_EU4" CO2="14922.10" CO="509.92" HC="2.73" NOx="5.93" PMx="0.48" fuel="6.41" electricity="0.00" noise="81.20" route="routebottom" type="cfm_slow" waiting="0.00" lane="right_0" pos="41.97" speed="46.99" angle="288.94" x="79.98" y="126.89"/>
    </timestep>
    <timestep time="9.04">
        <vehicle id="cfm_slow_0" eclass="HBEFA3/PC_G_EU4" CO2="13922.08" CO="490.24" HC="2.62" NOx="5.46" PMx="0.46" fuel="5.98" electricity="0.00" noise="81.05" route="routetop" type="cfm_slow" waiting="0.00" lane="top_0" pos="32.48" speed="47.03" angle="216.06" x="8.01" y="97.83"/>
        <vehicle id="cfm_slow_1" eclass="HBEFA3/PC_G_EU4" CO2="0.00" CO="0.00" HC="0.00" NOx="0.00" PMx="0.00" fuel="0.00" electricity="0.00" noise="80.93" route="routetop" type="cfm_slow" waiting="0.00" lane="left_0" pos="22.55" speed="46.99" angle="143.88" x="14.08" y="21.18"/>
        <vehicle id="cfm_slow_2" eclass="HBEFA3/PC_G_EU4" CO2="14028.21" CO="489.82" HC="2.62" NOx="5.51" PMx="0.46" fuel="6.03" electricity="0.00" noise="81.03" route="routebottom" type="cfm_slow" waiting="0.00" lane="bottom_0" pos="12.57" speed="46.91" angle="71.86" x="88.79" y="3.38"/>
        <vehicle id="cfm_slow_3" eclass="HBEFA3/PC_G_EU4" CO2="15062.08" CO="511.05" HC="2.74" NOx="6.00" PMx="0.48" fuel="6.47" electricity="0.00" noise="81.20" route="routebottom" type="cfm_slow" waiting="0.00" lane="right_0" pos="2.50" speed="46.91" angle="0.00" x="128.78" y="68.81"/>
        <vehicle id="cfm_slow_4" eclass="HBEFA3/PC_G_EU4" CO2="14908.44" CO="509.66" HC="2.73" NOx="5.93" PMx="0.48" fuel="6.41" electricity="0.00" noise="81.20" route="routebottom" type="cfm_slow" waiting="0.00" lane="right_0" pos="42.44" speed="46.99" angle="288.13" x="79.05" y="127.13"/>
    </timestep>
    <timestep time="9.05">
        <vehicle id="cfm_slow_0" eclass="HBEFA3/PC_G_EU4" CO2="13911.44" CO="490.02" HC="2.61" NOx="5.45" PMx="0.46" fuel="5.98" electricity="0.00" noise="81.05" route="routetop" type="cfm_slow" waiting="0.00" lane="top_0" pos="32.95" speed="47.03" angle="215.21" x="7.51" y="97.00"/>
        <vehicle id="cfm_slow_1" eclass="HBEFA3/PC_G_EU4" CO2="0.00" CO="0.00" HC="0.00" NOx="0.00" PMx="0.00" fuel="0.00" electricity="0.00" noise="80.93" route="routetop" type="cfm_slow" waiting="0.00" lane="left_0" pos="23.02" speed="46.99" angle="143.04" x="14.70" y="20.44"/>
        <vehicle id="cfm_slow_2" eclass="HBEFA3/PC_G_EU4" CO2="14035.46" CO="489.98" HC="2.62" NOx="5.52" PMx="0.46" fuel="6.03" electricity="0.00" noise="81.03" route="routebottom" type="cfm_slow" waiting="0.00" lane="bottom_0" pos="13.04" speed="46.91" angle="71.07" x="89.68" y="3.76"/>
        <vehicle id="cfm_slow_3" eclass="HBEFA3/PC_G_EU4" CO2="15058.63" CO="511.00" HC="2.74" NOx="6.00" PMx="0.48" fuel="6.47" electricity="0.00" noise="81.20" route="routebottom" type="cfm_slow" waiting="0.00" lane="right_0" pos="2.97" speed="46.91" angle="359.17" x="128.68" y="69.77"/>
        <vehicle id="cfm_slow_4" eclass="HBEFA3/PC_G_EU4" CO2="14894.83" CO="509.40" HC="2.73" NOx="5.92" PMx="0.48" fuel="6.40" electricity="0.00" noise="81.20" route="routebottom" type="cfm_slow" waiting="0.00" lane="right_0" pos="42.91" speed="46.99" angle="287.31" x="78.11" y="127.34"/>
    </timestep>
    <timestep time="9.06">
        <vehicle id="cfm_slow_0" eclass="HBEFA3/PC_G_EU4" CO2="13900.97" CO="489.81" HC="2.61" NOx="5.45" PMx="0.46" fuel="5.98" electricity="0.00" noise="81.05" route="routetop" type="cfm_slow" waiting="0.00" lane="top_0" pos="33.42" speed="47.03" angle="214.41" x="7.02" y="96.17"/>
        <vehicle id="cfm_slow_1" eclass="HBEFA3/PC_G_EU4" CO2="0.00" CO="0.00" HC="0.00" NOx="0.00" PMx="0.00" fuel="0.00" electricity="0.00" noise="80.93" route="routetop" type="cfm_slow" waiting="0.00" lane="left_0" pos="23.49" speed="46.99" angle="142.22" x="15.35" y="19.73"/>
        <vehicle id="cfm_slow_2" eclass="HBEFA3/PC_G_EU4" CO2="14042.64" CO="490.13" HC="2.62" NOx="5.52" PMx="0.46" fuel="6.04" electricity="0.00" noise="81.03" route="routebottom" type="cfm_slow" waiting="0.00" lane="bottom_0" pos="13.51" speed="46.91" angle="70.21" x="90.56" y="4.15"/>
        <vehicle id="cfm_slow_3" eclass="HBEFA3/PC_G_EU4" CO2="15055.10" CO="510.95" HC="2.74" NOx="6.00" PMx="0.48" fuel="6.47" electricity="0.00" noise="81.20" route="routebottom" type="cfm_slow" waiting="0.00" lane="right_0" pos="3.44" speed="46.91" angle="358.32" x="128.58" y="70.73"/>
        <vehicle id="cfm_slow_4" eclass="HBEFA3/PC_G_EU4" CO2="14881.28" CO="509.14" HC="2.73" NOx="5.91" PMx="0.48" fuel="6.40" electricity="0.00" noise="81.20" route="routebottom" type="cfm_slow" waiting="0.00" lane="right_0" pos="43.38" speed="46.99" angle="286.48" x="77.17" y="127.56"/>
    </timestep>
    <timestep time="9.07">
        <vehicle id="cfm_slow_0" eclass="HBEFA3/PC_G_EU4" CO2="13890.66" CO="489.59" HC="2.61" NOx="5.44" PMx="0.46" fuel="5.97" electricity="0.00" noise="81.05" route="routetop" type="cfm_slow" waiting="0.00" lane="top_0" pos="33.89" speed="47.03" angle="213.55" x="6.55" y="95.33"/>
        <vehicle id="cfm_slow_1" eclass="HBEFA3/PC_G_EU4" CO2="0.00" CO="0.00" HC="0.00" NOx="0.00" PMx="0.00" fuel="0.00" electricity="0.00" noise="80.93" route="routetop" type="cfm_slow" waiting="0.00" lane="left_0" pos="23.96" speed="46.99" angle="141.37" x="16.00" y="19.02"/>
        <vehicle id="cfm_slow_2" eclass="HBEFA3/PC_G_EU4" CO2="14049.75" CO="490.28" HC="2.62" NOx="5.52" PMx="0.46" fuel="6.04" electricity="0.00" noise="81.04" route="routebottom" type="cfm_slow" waiting="0.00" lane="bottom_0" pos="13.97" speed="46.91" angle="69.35" x="91.43" y="4.55"/>
        <vehicle id="cfm_slow_3" eclass="HBEFA3/PC_G_EU4" CO2="15051.49" CO="510.90" HC="2.74" NOx="5.99" PMx="0.48" fuel="6.47" electricity="0.00" noise="81.20" route="routebottom" type="cfm_slow" waiting="0.00" lane="right_0" pos="3.91" speed="46.91" angle="357.51" x="128.48" y="71.68"/>
        <vehicle id="cfm_slow_4" eclass="HBEFA3/PC_G_EU4" CO2="14867.80" CO="508.88" HC="2.72" NOx="5.91" PMx="0.48" fuel="6.39" electricity="0.00" noise="81.19" route="routebottom" type="cfm_slow" waiting="0.00" lane="right_0" pos="43.85" speed="46.99" angle="285.65" x="76.23" y="127.75"/>
    </timestep>
    <timestep time="9.08">
        <vehicle id="cfm_slow_0" eclass="HBEFA3/PC_G_EU4" CO2="0.00" CO="0.00" HC="0.00" NOx="0.00" PMx="0.00" fuel="0.00" electricity="0.00" noise="81.04" route="routetop" type="cfm_slow" waiting="0.00" lane="top_0" pos="34.36" speed="47.03" angle="212.69" x="6.09" y="94.48"/>
        <vehicle id="cfm_slow_1" eclass="HBEFA3/PC_G_EU4" CO2="0.00" CO="0.00" HC="0.00" NOx="0.00" PMx="0.00" fuel="0.00" electricity="0.00" noise="80.93" route="routetop" type="cfm_slow" waiting="0.00" lane="left_0" pos="24.43" speed="46.99" angle="140.57" x="16.66" y="18.32"/>
        <vehicle id="cfm_slow_2" eclass="HBEFA3/PC_G_EU4" CO2="14056.79" CO="490.43" HC="2.62" NOx="5.53" PMx="0.46" fuel="6.04" electricity="0.00" noise="81.04" route="routebottom" type="cfm_slow" waiting="0.00" lane="bottom_0" pos="14.44" speed="46.91" angle="68.53" x="92.30" y="4.97"/>
        <vehicle id="cfm_slow_3" eclass="HBEFA3/PC_G_EU4" CO2="15047.82" CO="510.84" HC="2.74" NOx="5.99" PMx="0.48" fuel="6.47" electricity="0.00" noise="81.20" route="routebottom" type="cfm_slow" waiting="0.00" lane="right_0" pos="4.38" speed="46.91" angle="356.65" x="128.34" y="72.63"/>
        <vehicle id="cfm_slow_4" eclass="HBEFA3/PC_G_EU4" CO2="14854.38" CO="508.62" HC="2.72" NOx="5.90" PMx="0.48" fuel="6.39" electricity="0.00" noise="81.19" route="routebottom" type="cfm_slow" waiting="0.00" lane="right_0" pos="44.32" speed="46.99" angle="284.74" x="75.28" y="127.92"/>
    </timestep>
    <timestep time="9.09">
        <vehicle id="cfm_slow_0" eclass="HBEFA3/PC_G_EU4" CO2="0.00" CO="0.00" HC="0.00" NOx="0.00" PMx="0.00" fuel="0.00" electricity="0.00" noise="81.04" route="routetop" type="cfm_slow" waiting="0.00" lane="top_0" pos="34.83" speed="47.03" angle="211.89" x="5.64" y="93.63"/>
        <vehicle id="cfm_slow_1" eclass="HBEFA3/PC_G_EU4" CO2="0.00" CO="0.00" HC="0.00" NOx="0.00" PMx="0.00" fuel="0.00" electricity="0.00" noise="80.93" route="routetop" type="cfm_slow" waiting="0.00" lane="left_0" pos="24.90" speed="46.99" angle="139.70" x="17.34" y="17.64"/>
        <vehicle id="cfm_slow_2" eclass="HBEFA3/PC_G_EU4" CO2="14063.76" CO="490.58" HC="2.62" NOx="5.53" PMx="0.46" fuel="6.05" electricity="0.00" noise="81.04" route="routebottom" type="cfm_slow" waiting="0.00" lane="bottom_0" pos="14.91" speed="46.91" angle="67.65" x="93.16" y="5.40"/>
        <vehicle id="cfm_slow_3" eclass="HBEFA3/PC_G_EU4" CO2="15044.06" CO="510.79" HC="2.74" NOx="5.99" PMx="0.48" fuel="6.47" electricity="0.00" noise="81.20" route="routebottom" type="cfm_slow" waiting="0.00" lane="right_0" pos="4.85" speed="46.91" angle="355.79" x="128.21" y="73.59"/>
        <vehicle id="cfm_slow_4" eclass="HBEFA3/PC_G_EU4" CO2="14841.02" CO="508.36" HC="2.72" NOx="5.89" PMx="0.48" fuel="6.38" electricity="0.00" noise="81.19" route="routebottom" type="cfm_slow" waiting="0.00" lane="right_0" pos="44.79" speed="46.99" angle="283.85" x="74.33" y="128.09"/>
    </timestep>
    <timestep time="9.10">
        <vehicle id="cfm_slow_0" eclass="HBEFA3/PC_G_EU4" CO2="0.00" CO="0.00" HC="0.00" NOx="0.00" PMx="0.00" fuel="0.00" electricity="0.00" noise="81.04" route="routetop" type="cfm_slow" waiting="0.00" lane="top_0" pos="35.30" speed="47.03" angle="211.03" x="5.20" y="92.77"/>
        <vehicle id="cfm_slow_1" eclass="HBEFA3/PC_G_EU4" CO2="0.00" CO="0.00" HC="0.00" NOx="0.00" PMx="0.00" fuel="0.00" electricity="0.00" noise="80.93" route="routetop" type="cfm_slow" waiting="0.00" lane="left_0" pos="25.37" speed="46.99" angle="138.82" x="18.02" y="16.96"/>
        <vehicle id="cfm_slow_2" eclass="HBEFA3/PC_G_EU4" CO2="14070.66" CO="490.72" HC="2.62" NOx="5.53" PMx="0.46" fuel="6.05" electricity="0.00" noise="81.04" route="routebottom" type="cfm_slow" waiting="0.00" lane="bottom_0" pos="15.38" speed="46.91" angle="66.84" x="94.02" y="5.83"/>
        <vehicle id="cfm_slow_3" eclass="HBEFA3/PC_G_EU4" CO2="15040.24" CO="510.73" HC="2.74" NOx="5.99" PMx="0.48" fuel="6.47" electricity="0.00" noise="81.20" route="routebottom" type="cfm_slow" waiting="0.00" lane="right_0" pos="5.31" speed="46.91" angle="354.96" x="128.06" y="74.54"/>
        <vehicle id="cfm_slow_4" eclass="HBEFA3/PC_G_EU4" CO2="14827.73" CO="508.10" HC="2.72" NOx="5.89" PMx="0.48" fuel="6.37" electricity="0.00" noise="81.19" route="routebottom" type="cfm_slow" waiting="0.00" lane="right_0" pos="45.26" speed="46.99" angle="283.04" x="73.38" y="128.24"/>
    </timestep>
    <timestep time="9.11">
        <vehicle id="cfm_slow_0" eclass="HBEFA3/PC_G_EU4" CO2="0.00" CO="0.00" HC="0.00" NOx="0.00" PMx="0.00" fuel="0.00" electricity="0.00" noise="81.04" route="routetop" type="cfm_slow" waiting="0.00" lane="top_0" pos="35.77" speed="47.03" angle="210.17" x="4.77" y="91.91"/>
        <vehicle id="cfm_slow_1" eclass="HBEFA3/PC_G_EU4" CO2="0.00" CO="0.00" HC="0.00" NOx="0.00" PMx="0.00" fuel="0.00" electricity="0.00" noise="80.93" route="routetop" type="cfm_slow" waiting="0.00" lane="left_0" pos="25.84" speed="46.99" angle="138.01" x="18.72" y="16.29"/>
        <vehicle id="cfm_slow_2" eclass="HBEFA3/PC_G_EU4" CO2="14077.48" CO="490.87" HC="2.62" NOx="5.53" PMx="0.46" fuel="6.05" electricity="0.00" noise="81.04" route="routebottom" type="cfm_slow" waiting="0.00" lane="bottom_0" pos="15.85" speed="46.91" angle="65.99" x="94.86" y="6.29"/>
        <vehicle id="cfm_slow_3" eclass="HBEFA3/PC_G_EU4" CO2="15036.35" CO="510.67" HC="2.74" NOx="5.99" PMx="0.48" fuel="6.46" electricity="0.00" noise="81.20" route="routebottom" type="cfm_slow" waiting="0.00" lane="right_0" pos="5.78" speed="46.91" angle="354.09" x="127.89" y="75.48"/>
        <vehicle id="cfm_slow_4" eclass="HBEFA3/PC_G_EU4" CO2="14814.50" CO="507.85" HC="2.72" NOx="5.88" PMx="0.48" fuel="6.37" electricity="0.00" noise="81.19" route="routebottom" type="cfm_slow" waiting="0.00" lane="right_0" pos="45.73" speed="46.99" angle="282.18" x="72.43" y="128.37"/>
    </timestep>
    <timestep time="9.12">
        <vehicle id="cfm_slow_0" eclass="HBEFA3/PC_G_EU4" CO2="0.00" CO="0.00" HC="0.00" NOx="0.00" PMx="0.00" fuel="0.00" electricity="0.00" noise="81.04" route="routetop" type="cfm_slow" waiting="0.00" lane="top_0" pos="36.24" speed="47.03" angle="209.34" x="4.37" y="91.03"/>
        <vehicle id="cfm_slow_1" eclass="HBEFA3/PC_G_EU4" CO2="0.00" CO="0.00" HC="0.00" NOx="0.00" PMx="0.00" fuel="0.00" electricity="0.00" noise="80.93" route="routetop" type="cfm_slow" waiting="0.00" lane="left_0" pos="26.31" speed="46.99" angle="137.14" x="19.42" y="15.63"/>
        <vehicle id="cfm_slow_2" eclass="HBEFA3/PC_G_EU4" CO2="14084.23" CO="491.01" HC="2.62" NOx="5.54" PMx="0.46" fuel="6.05" electricity="0.00" noise="81.04" route="routebottom" type="cfm_slow" waiting="0.00" lane="bottom_0" pos="16.32" speed="46.91" angle="65.13" x="95.70" y="6.76"/>
        <vehicle id="cfm_slow_3" eclass="HBEFA3/PC_G_EU4" CO2="15032.39" CO="510.61" HC="2.74" NOx="5.99" PMx="0.48" fuel="6.46" electricity="0.00" noise="81.20" route="routebottom" type="cfm_slow" waiting="0.00" lane="right_0" pos="6.25" speed="46.92" angle="353.23" x="127.71" y="76.43"/>
        <vehicle id="cfm_slow_4" eclass="HBEFA3/PC_G_EU4" CO2="14801.33" CO="507.59" HC="2.72" NOx="5.87" PMx="0.48" fuel="6.36" electricity="0.00" noise="81.18" route="routebottom" type="cfm_slow" waiting="0.00" lane="right_0" pos="46.20" speed="47.00" angle="281.39" x="71.47" y="128.51"/>
    </timestep>
    <timestep time="9.13">
        <vehicle id="cfm_slow_0" eclass="HBEFA3/PC_G_EU4" CO2="0.00" CO="0.00" HC="0.00" NOx="0.00" PMx="0.00" fuel="0.00" electricity="0.00" noise="81.04" route="routetop" type="cfm_slow" waiting="0.00" lane="top_0" pos="36.71" speed="47.03" angle="208.45" x="3.97" y="90.15"/>
        <vehicle id="cfm_slow_1" eclass="HBEFA3/PC_G_EU4" CO2="0.00" CO="0.00" HC="0.00" NOx="0.00" PMx="0.00" fuel="0.00" electricity="0.00" noise="80.94" route="routetop" type="cfm_slow" waiting="0.00" lane="left_0" pos="26.78" speed="46.99" angle="136.27" x="20.13" y="14.98"/>
        <vehicle id="cfm_slow_2" eclass="HBEFA3/PC_G_EU4" CO2="14090.91" CO="491.15" HC="2.62" NOx="5.54" PMx="0.46" fuel="6.06" electricity="0.00" noise="81.04" route="routebottom" type="cfm_slow" waiting="0.00" lane="bottom_0" pos="16.79" speed="46.91" angle="64.32" x="96.54" y="7.23"/>
        <vehicle id="cfm_slow_3" eclass="HBEFA3/PC_G_EU4" CO2="15028.36" CO="510.55" HC="2.74" NOx="5.98" PMx="0.48" fuel="6.46" electricity="0.00" noise="81.20" route="routebottom" type="cfm_slow" waiting="0.00" lane="right_0" pos="6.72" speed="46.92" angle="352.39" x="127.51" y="77.37"/>
        <vehicle id="cfm_slow_4" eclass="HBEFA3/PC_G_EU4" CO2="14788.23" CO="507.34" HC="2.72" NOx="5.87" PMx="0.48" fuel="6.36" electricity="0.00" noise="81.18" route="routebottom" type="cfm_slow" waiting="0.00" lane="right_0" pos="46.67" speed="47.00" angle="280.54" x="70.51" y="128.60"/>
    </timestep>
    <timestep time="9.14">
        <vehicle id="cfm_slow_0" eclass="HBEFA3/PC_G_EU4" CO2="0.00" CO="0.00" HC="0.00" NOx="0.00" PMx="0.00" fuel="0.00" electricity="0.00" noise="81.03" route="routetop" type="cfm_slow" waiting="0.00" lane="top_0" pos="37.18" speed="47.03" angle="207.63" x="3.58" y="89.27"/>
        <vehicle id="cfm_slow_1" eclass="HBEFA3/PC_G_EU4" CO2="0.00" CO="0.00" HC="0.00" NOx="0.00" PMx="0.00" fuel="0.00" electricity="0.00" noise="80.94" route="routetop" type="cfm_slow" waiting="0.00" lane="left_0" pos="27.25" speed="46.99" angle="135.46" x="20.86" y="14.35"/>
        <vehicle id="cfm_slow_2" eclass="HBEFA3/PC_G_EU4" CO2="14097.51" CO="491.29" HC="2.62" NOx="5.54" PMx="0.46" fuel="6.06" electricity="0.00" noise="81.04" route="routebottom" type="cfm_slow" waiting="0.00" lane="bottom_0" pos="17.26" speed="46.91" angle="63.43" x="97.36" y="7.73"/>
        <vehicle id="cfm_slow_3" eclass="HBEFA3/PC_G_EU4" CO2="15024.26" CO="510.49" HC="2.74" NOx="5.98" PMx="0.48" fuel="6.46" electricity="0.00" noise="81.20" route="routebottom" type="cfm_slow" waiting="0.00" lane="right_0" pos="7.19" speed="46.92" angle="351.49" x="127.30" y="78.31"/>
        <vehicle id="cfm_slow_4" eclass="HBEFA3/PC_G_EU4" CO2="14775.20" CO="507.09" HC="2.71" NOx="5.86" PMx="0.48" fuel="6.35" electricity="0.00" noise="81.18" route="routebottom" type="cfm_slow" waiting="0.00" lane="right_0" pos="47.14" speed="47.00" angle="279.70" x="69.55" y="128.70"/>
    </timestep>
    <timestep time="9.15">
        <vehicle id="cfm_slow_0" eclass="HBEFA3/PC_G_EU4" CO2="0.00" CO="0.00" HC="0.00" NOx="0.00" PMx="0.00" fuel="0.00" electricity="0.00" noise="81.03" route="routetop" type="cfm_slow" waiting="0.00" lane="top_0" pos="37.65" speed="47.03" angle="206.74" x="3.22" y="88.38"/>
        <vehicle id="cfm_slow_1" eclass="HBEFA3/PC_G_EU4" CO2="0.00" CO="0.00" HC="0.00" NOx="0.00" PMx="0.00" fuel="0.00" electricity="0.00" noise="80.94" route="routetop" type="cfm_slow" waiting="0.00" lane="left_0" pos="27.72" speed="46.99" angle="134.60" x="21.59" y="13.72"/>
        <vehicle id="cfm_slow_2" eclass="HBEFA3/PC_G_EU4" CO2="14104.05" CO="491.43" HC="2.63" NOx="5.55" PMx="0.46" fuel="6.06" electricity="0.00" noise="81.05" route="routebottom" type="cfm_slow" waiting="0.00" lane="bottom_0" pos="17.73" speed="46.91" angle="62.54" x="98.19" y="8.23"/>
        <vehicle id="cfm_slow_3" eclass="HBEFA3/PC_G_EU4" CO2="15020.09" CO="510.42" HC="2.73" NOx="5.98" PMx="0.48" fuel="6.46" electricity="0.00" noise="81.20" route="routebottom" type="cfm_slow" waiting="0.00" lane="right_0" pos="7.66" speed="46.92" angle="350.65" x="127.08" y="79.25"/>
        <vehicle id="cfm_slow_4" eclass="HBEFA3/PC_G_EU4" CO2="14762.23" CO="506.84" HC="2.71" NOx="5.86" PMx="0.48" fuel="6.35" electricity="0.00" noise="81.18" route="routebottom" type="cfm_slow" waiting="0.00" lane="right_0" pos="47.61" speed="47.00" angle="278.90" x="68.59" y="128.79"/>
    </timestep>
    <timestep time="9.16">
        <vehicle id="cfm_slow_0" eclass="HBEFA3/PC_G_EU4" CO2="0.00" CO="0.00" HC="0.00" NOx="0.00" PMx="0.00" fuel="0.00" electricity="0.00" noise="81.03" route="routetop" type="cfm_slow" waiting="0.00" lane="top_0" pos="38.12" speed="47.03" angle="205.85" x="2.86" y="87.48"/>
        <vehicle id="cfm_slow_1" eclass="HBEFA3/PC_G_EU4" CO2="0.00" CO="0.00" HC="0.00" NOx="0.00" PMx="0.00" fuel="0.00" electricity="0.00" noise="80.94" route="routetop" type="cfm_slow" waiting="0.00" lane="left_0" pos="28.19" speed="46.99" angle="133.78" x="22.33" y="13.10"/>
        <vehicle id="cfm_slow_2" eclass="HBEFA3/PC_G_EU4" CO2="14110.51" CO="491.57" HC="2.63" NOx="5.55" PMx="0.46" fuel="6.07" electricity="0.00" noise="81.05" route="routebottom" type="cfm_slow" waiting="0.00" lane="bottom_0" pos="18.20" speed="46.91" angle="61.72" x="99.00" y="8.74"/>
        <vehicle id="cfm_slow_3" eclass="HBEFA3/PC_G_EU4" CO2="15015.86" CO="510.36" HC="2.73" NOx="5.98" PMx="0.48" fuel="6.45" electricity="0.00" noise="81.20" route="routebottom" type="cfm_slow" waiting="0.00" lane="right_0" pos="8.13" speed="46.92" angle="349.82" x="126.84" y="80.18"/>
        <vehicle id="cfm_slow_4" eclass="HBEFA3/PC_G_EU4" CO2="14749.33" CO="506.59" HC="2.71" NOx="5.85" PMx="0.48" fuel="6.34" electricity="0.00" noise="81.18" route="routebottom" type="cfm_slow" waiting="0.00" lane="right_0" pos="48.08" speed="47.00" angle="277.99" x="67.63" y="128.84"/>
    </timestep>
    <timestep time="9.17">
        <vehicle id="cfm_slow_0" eclass="HBEFA3/PC_G_EU4" CO2="0.00" CO="0.00" HC="0.00" NOx="0.00" PMx="0.00" fuel="0.00" electricity="0.00" noise="81.03" route="routetop" type="cfm_slow" waiting="0.00" lane="top_0" pos="38.59" speed="47.03" angle="205.03" x="2.51" y="86.58"/>
        <vehicle id="cfm_slow_1" eclass="HBEFA3/PC_G_EU4" CO2="0.00" CO="0.00" HC="0.00" NOx="0.00" PMx="0.00" fuel="0.00" electricity="0.00" noise="80.94" route="routetop" type="cfm_slow" waiting="0.00" lane="left_0" pos="28.66" speed="46.99" angle="132.92" x="23.08" y="12.50"/>
        <vehicle id="cfm_slow_2" eclass="HBEFA3/PC_G_EU4" CO2="14116.89" CO="491.71" HC="2.63" NOx="5.55" PMx="0.46" fuel="6.07" electricity="0.00" noise="81.05" route="routebottom" type="cfm_slow" waiting="0.00" lane="bottom_0" pos="18.67" speed="46.91" angle="60.83" x="99.80" y="9.28"/>
        <vehicle id="cfm_slow_3" eclass="HBEFA3/PC_G_EU4" CO2="15011.57" CO="510.29" HC="2.73" NOx="5.98" PMx="0.48" fuel="6.45" electricity="0.00" noise="81.20" route="routebottom" type="cfm_slow" waiting="0.00" lane="right_0" pos="8.60" speed="46.92" angle="348.98" x="126.59" y="81.11"/>
        <vehicle id="cfm_slow_4" eclass="HBEFA3/PC_G_EU4" CO2="14736.50" CO="506.34" HC="2.71" NOx="5.84" PMx="0.48" fuel="6.33" electricity="0.00" noise="81.17" route="routebottom" type="cfm_slow" waiting="0.00" lane="right_0" pos="48.55" speed="47.00" angle="277.09" x="66.67" y="128.90"/>
    </timestep>
    <timestep time="9.18">
        <vehicle id="cfm_slow_0" eclass="HBEFA3/PC_G_EU4" CO2="0.00" CO="0.00" HC="0.00" NOx="0.00" PMx="0.00" fuel="0.00" electricity="0.00" noise="81.03" route="routetop" type="cfm_slow" waiting="0.00" lane="top_0" pos="39.06" speed="47.03" angle="204.17" x="2.19" y="85.67"/>
        <vehicle id="cfm_slow_1" eclass="HBEFA3/PC_G_EU4" CO2="0.00" CO="0.00" HC="0.00" NOx="0.00" PMx="0.00" fuel="0.00" electricity="0.00" noise="80.94" route="routetop" type="cfm_slow" waiting="0.00" lane="left_0" pos="29.13" speed="46.99" angle="132.05" x="23.84" y="11.91"/>
        <vehicle id="cfm_slow_2" eclass="HBEFA3/PC_G_EU4" CO2="14123.20" CO="491.84" HC="2.63" NOx="5.56" PMx="0.46" fuel="6.07" electricity="0.00" noise="81.05" route="routebottom" type="cfm_slow" waiting="0.00" lane="bottom_0" pos="19.13" speed="46.91" angle="59.97" x="100.60" y="9.81"/>
        <vehicle id="cfm_slow_3" eclass="HBEFA3/PC_G_EU4" CO2="15007.21" CO="510.22" HC="2.73" NOx="5.97" PMx="0.48" fuel="6.45" electricity="0.00" noise="81.20" route="routebottom" type="cfm_slow" waiting="0.00" lane="right_0" pos="9.07" speed="46.92" angle="348.20" x="126.34" y="82.03"/>
        <vehicle id="cfm_slow_4" eclass="HBEFA3/PC_G_EU4" CO2="14723.73" CO="506.09" HC="2.71" NOx="5.84" PMx="0.48" fuel="6.33" electricity="0.00" noise="81.17" route="routebottom" type="cfm_slow" waiting="0.00" lane="right_0" pos="49.02" speed="47.00" angle="276.28" x="65.71" y="128.93"/>
    </timestep>
    <timestep time="9.19">
        <vehicle id="cfm_slow_0" eclass="HBEFA3/PC_G_EU4" CO2="0.00" CO="0.00" HC="0.00" NOx="0.00" PMx="0.00" fuel="0.00" electricity="0.00" noise="81.03" route="routetop" type="cfm_slow" waiting="0.00" lane="top_0" pos="39.53" speed="47.03" angle="203.32" x="1.86" y="84.77"/>
        <vehicle id="cfm_slow_1" eclass="HBEFA3/PC_G_EU4" CO2="0.00" CO="0.00" HC="0.00" NOx="0.00" PMx="0.00" fuel="0.00" electricity="0.00" noise="80.94" route="routetop" type="cfm_slow" waiting="0.00" lane="left_0" pos="29.60" speed="46.98" angle="131.24" x="24.61" y="11.32"/>
        <vehicle id="cfm_slow_2" eclass="HBEFA3/PC_G_EU4" CO2="14129.44" CO="491.98" HC="2.63" NOx="5.56" PMx="0.46" fuel="6.07" electricity="0.00" noise="81.05" route="routebottom" type="cfm_slow" waiting="0.00" lane="bottom_0" pos="19.60" speed="46.91" angle="59.15" x="101.38" y="10.37"/>
        <vehicle id="cfm_slow_3" eclass="HBEFA3/PC_G_EU4" CO2="15002.79" CO="510.15" HC="2.73" NOx="5.97" PMx="0.48" fuel="6.45" electricity="0.00" noise="81.20" route="routebottom" type="cfm_slow" waiting="0.00" lane="right_0" pos="9.54" speed="46.92" angle="347.34" x="126.05" y="82.95"/>
        <vehicle id="cfm_slow_4" eclass="HBEFA3/PC_G_EU4" CO2="14711.04" CO="505.84" HC="2.71" NOx="5.83" PMx="0.48" fuel="6.32" electricity="0.00" noise="81.17" route="routebottom" type="cfm_slow" waiting="0.00" lane="right_0" pos="49.49" speed="47.00" angle="275.41" x="64.74" y="128.95"/>
    </timestep>
    <timestep time="9.20">
        <vehicle id="cfm_slow_0" eclass="HBEFA3/PC_G_EU4" CO2="0.00" CO="0.00" HC="0.00" NOx="0.00" PMx="0.00" fuel="0.00" electricity="0.00" noise="81.03" route="routetop" type="cfm_slow" waiting="0.00" lane="top_0" pos="40.00" speed="47.03" angle="202.51" x="1.56" y="83.85"/>
        <vehicle id="cfm_slow_1" eclass="HBEFA3/PC_G_EU4" CO2="0.00" CO="0.00" HC="0.00" NOx="0.00" PMx="0.00" fuel="0.00" electricity="0.00" noise="80.94" route="routetop" type="cfm_slow" waiting="0.00" lane="left_0" pos="30.07" speed="46.98" angle="130.36" x="25.39" y="10.76"/>
        <vehicle id="cfm_slow_2" eclass="HBEFA3/PC_G_EU4" CO2="14135.60" CO="492.11" HC="2.63" NOx="5.56" PMx="0.46" fuel="6.08" electricity="0.00" noise="81.05" route="routebottom" type="cfm_slow" waiting="0.00" lane="bottom_0" pos="20.07" speed="46.91" angle="58.29" x="102.16" y="10.93"/>
        <vehicle id="cfm_slow_3" eclass="HBEFA3/PC_G_EU4" CO2="14998.31" CO="510.08" HC="2.73" NOx="5.97" PMx="0.48" fuel="6.45" electricity="0.00" noise="81.20" route="routebottom" type="cfm_slow" waiting="0.00" lane="right_0" pos="10.01" speed="46.92" angle="346.48" x="125.77" y="83.87"/>
        <vehicle id="cfm_slow_4" eclass="HBEFA3/PC_G_EU4" CO2="14698.41" CO="505.60" HC="2.71" NOx="5.83" PMx="0.48" fuel="6.32" electricity="0.00" noise="81.17" route="routebottom" type="cfm_slow" waiting="0.00" lane="right_0" pos="49.96" speed="47.00" angle="274.57" x="63.78" y="128.97"/>
    </timestep>
    <timestep time="9.21">
        <vehicle id="cfm_slow_0" eclass="HBEFA3/PC_G_EU4" CO2="0.00" CO="0.00" HC="0.00" NOx="0.00" PMx="0.00" fuel="0.00" electricity="0.00" noise="81.02" route="routetop" type="cfm_slow" waiting="0.00" lane="top_0" pos="40.47" speed="47.03" angle="201.63" x="1.27" y="82.93"/>
        <vehicle id="cfm_slow_1" eclass="HBEFA3/PC_G_EU4" CO2="0.00" CO="0.00" HC="0.00" NOx="0.00" PMx="0.00" fuel="0.00" electricity="0.00" noise="80.94" route="routetop" type="cfm_slow" waiting="0.00" lane="left_0" pos="30.54" speed="46.98" angle="129.49" x="26.17" y="10.20"/>
        <vehicle id="cfm_slow_2" eclass="HBEFA3/PC_G_EU4" CO2="14141.69" CO="492.24" HC="2.63" NOx="5.57" PMx="0.46" fuel="6.08" electricity="0.00" noise="81.05" route="routebottom" type="cfm_slow" waiting="0.00" lane="bottom_0" pos="20.54" speed="46.91" angle="57.49" x="102.94" y="11.49"/>
        <vehicle id="cfm_slow_3" eclass="HBEFA3/PC_G_EU4" CO2="14993.76" CO="510.00" HC="2.73" NOx="5.97" PMx="0.48" fuel="6.45" electricity="0.00" noise="81.20" route="routebottom" type="cfm_slow" waiting="0.00" lane="right_0" pos="10.48" speed="46.92" angle="345.66" x="125.46" y="84.78"/>
        <vehicle id="cfm_slow_4" eclass="HBEFA3/PC_G_EU4" CO2="14685.86" CO="505.35" HC="2.70" NOx="5.82" PMx="0.48" fuel="6.31" electricity="0.00" noise="81.17" route="routetop" type="cfm_slow" waiting="0.00" lane="top_0" pos="0.43" speed="47.00" angle="273.71" x="62.76" y="128.95"/>
    </timestep>
    <timestep time="9.22">
        <vehicle id="cfm_slow_0" eclass="HBEFA3/PC_G_EU4" CO2="0.00" CO="0.00" HC="0.00" NOx="0.00" PMx="0.00" fuel="0.00" electricity="0.00" noise="81.02" route="routetop" type="cfm_slow" waiting="0.00" lane="top_0" pos="40.94" speed="47.03" angle="200.77" x="0.99" y="82.01"/>
        <vehicle id="cfm_slow_1" eclass="HBEFA3/PC_G_EU4" CO2="0.00" CO="0.00" HC="0.00" NOx="0.00" PMx="0.00" fuel="0.00" electricity="0.00" noise="80.94" route="routetop" type="cfm_slow" waiting="0.00" lane="left_0" pos="31.01" speed="46.98" angle="128.69" x="26.96" y="9.65"/>
        <vehicle id="cfm_slow_2" eclass="HBEFA3/PC_G_EU4" CO2="14147.70" CO="492.37" HC="2.63" NOx="5.57" PMx="0.46" fuel="6.08" electricity="0.00" noise="81.05" route="routebottom" type="cfm_slow" waiting="0.00" lane="bottom_0" pos="21.01" speed="46.91" angle="56.64" x="103.70" y="12.09"/>
        <vehicle id="cfm_slow_3" eclass="HBEFA3/PC_G_EU4" CO2="14989.16" CO="509.93" HC="2.73" NOx="5.96" PMx="0.48" fuel="6.44" electricity="0.00" noise="81.20" route="routebottom" type="cfm_slow" waiting="0.00" lane="right_0" pos="10.94" speed="46.92" angle="344.75" x="125.13" y="85.69"/>
        <vehicle id="cfm_slow_4" eclass="HBEFA3/PC_G_EU4" CO2="14673.37" CO="505.11" HC="2.70" NOx="5.81" PMx="0.48" fuel="6.31" electricity="0.00" noise="81.16" route="routetop" type="cfm_slow" waiting="0.00" lane="top_0" pos="0.90" speed="47.00" angle="272.85" x="61.79" y="128.93"/>
    </timestep>
    <timestep time="9.23">
        <vehicle id="cfm_slow_0" eclass="HBEFA3/PC_G_EU4" CO2="0.00" CO="0.00" HC="0.00" NOx="0.00" PMx="0.00" fuel="0.00" electricity="0.00" noise="81.02" route="routetop" type="cfm_slow" waiting="0.00" lane="top_0" pos="41.41" speed="47.03" angle="199.94" x="0.73" y="81.08"/>
        <vehicle id="cfm_slow_1" eclass="HBEFA3/PC_G_EU4" CO2="0.00" CO="0.00" HC="0.00" NOx="0.00" PMx="0.00" fuel="0.00" electricity="0.00" noise="80.94" route="routetop" type="cfm_slow" waiting="0.00" lane="left_0" pos="31.48" speed="46.98" angle="127.84" x="27.77" y="9.12"/>
        <vehicle id="cfm_slow_2" eclass="HBEFA3/PC_G_EU4" CO2="14153.64" CO="492.50" HC="2.63" NOx="5.57" PMx="0.46" fuel="6.08" electricity="0.00" noise="81.05" route="routebottom" type="cfm_slow" waiting="0.00" lane="bottom_0" pos="21.48" speed="46.91" angle="55.78" x="104.46" y="12.68"/>
        <vehicle id="cfm_slow_3" eclass="HBEFA3/PC_G_EU4" CO2="14984.50" CO="509.85" HC="2.73" NOx="5.96" PMx="0.48" fuel="6.44" electricity="0.00" noise="81.19" route="routebottom" type="cfm_slow" waiting="0.00" lane="right_0" pos="11.41" speed="46.93" angle="343.85" x="124.80" y="86.59"/>
        <vehicle id="cfm_slow_4" eclass="HBEFA3/PC_G_EU4" CO2="14660.96" CO="504.87" HC="2.70" NOx="5.81" PMx="0.48" fuel="6.30" electricity="0.00" noise="81.16" route="routetop" type="cfm_slow" waiting="0.00" lane="top_0" pos="1.37" speed="47.00" angle="272.04" x="60.83" y="128.91"/>
    </timestep>
    <timestep time="9.24">
        <vehicle id="cfm_slow_0" eclass="HBEFA3/PC_G_EU4" CO2="0.00" CO="0.00" HC="0.00" NOx="0.00" PMx="0.00" fuel="0.00" electricity="0.00" noise="81.02" route="routetop" type="cfm_slow" waiting="0.00" lane="top_0" pos="41.88" speed="47.03" angle="199.08" x="0.48" y="80.15"/>
        <vehicle id="cfm_slow_1" eclass="HBEFA3/PC_G_EU4" CO2="0.00" CO="0.00" HC="0.00" NOx="0.00" PMx="0.00" fuel="0.00" electricity="0.00" noise="80.94" route="routetop" type="cfm_slow" waiting="0.00" lane="left_0" pos="31.95" speed="46.98" angle="127.01" x="28.57" y="8.58"/>
        <vehicle id="cfm_slow_2" eclass="HBEFA3/PC_G_EU4" CO2="14159.51" CO="492.63" HC="2.63" NOx="5.57" PMx="0.46" fuel="6.09" electricity="0.00" noise="81.05" route="routebottom" type="cfm_slow" waiting="0.00" lane="bottom_0" pos="21.95" speed="46.91" angle="54.98" x="105.21" y="13.28"/>
        <vehicle id="cfm_slow_3" eclass="HBEFA3/PC_G_EU4" CO2="14979.78" CO="509.78" HC="2.73" NOx="5.96" PMx="0.48" fuel="6.44" electricity="0.00" noise="81.19" route="routebottom" type="cfm_slow" waiting="0.00" lane="right_0" pos="11.88" speed="46.93" angle="343.06" x="124.45" y="87.49"/>
        <vehicle id="cfm_slow_4" eclass="HBEFA3/PC_G_EU4" CO2="14648.62" CO="504.63" HC="2.70" NOx="5.80" PMx="0.48" fuel="6.30" electricity="0.00" noise="81.16" route="routetop" type="cfm_slow" waiting="0.00" lane="top_0" pos="1.84" speed="47.00" angle="271.18" x="59.87" y="128.85"/>
    </timestep>
    <timestep time="9.25">
        <vehicle id="cfm_slow_0" eclass="HBEFA3/PC_G_EU4" CO2="0.00" CO="0.00" HC="0.00" NOx="0.00" PMx="0.00" fuel="0.00" electricity="0.00" noise="81.02" route="routetop" type="cfm_slow" waiting="0.00" lane="top_0" pos="42.35" speed="47.03" angle="198.28" x="0.23" y="79.22"/>
        <vehicle id="cfm_slow_1" eclass="HBEFA3/PC_G_EU4" CO2="0.00" CO="0.00" HC="0.00" NOx="0.00" PMx="0.00" fuel="0.00" electricity="0.00" noise="80.94" route="routetop" type="cfm_slow" waiting="0.00" lane="left_0" pos="32.42" speed="46.98" angle="126.19" x="29.39" y="8.08"/>
        <vehicle id="cfm_slow_2" eclass="HBEFA3/PC_G_EU4" CO2="14165.29" CO="492.75" HC="2.63" NOx="5.58" PMx="0.46" fuel="6.09" electricity="0.00" noise="81.06" route="routebottom" type="cfm_slow" waiting="0.00" lane="bottom_0" pos="22.42" speed="46.91" angle="54.12" x="105.94" y="13.90"/>
        <vehicle id="cfm_slow_3" eclass="HBEFA3/PC_G_EU4" CO2="14975.01" CO="509.70" HC="2.73" NOx="5.96" PMx="0.48" fuel="6.44" electricity="0.00" noise="81.19" route="routebottom" type="cfm_slow" waiting="0.00" lane="right_0" pos="12.35" speed="46.93" angle="342.24" x="124.10" y="88.38"/>
        <vehicle id="cfm_slow_4" eclass="HBEFA3/PC_G_EU4" CO2="14636.35" CO="504.39" HC="2.70" NOx="5.80" PMx="0.47" fuel="6.29" electricity="0.00" noise="81.16" route="routetop" type="cfm_slow" waiting="0.00" lane="top_0" pos="2.31" speed="47.00" angle="270.33" x="58.90" y="128.80"/>
    </timestep>
    <timestep time="9.26">
        <vehicle id="cfm_slow_0" eclass="HBEFA3/PC_G_EU4" CO2="0.00" CO="0.00" HC="0.00" NOx="0.00" PMx="0.00" fuel="0.00" electricity="0.00" noise="81.02" route="routetop" type="cfm_slow" waiting="0.00" lane="top_0" pos="42.82" speed="47.03" angle="197.43" x="0.02" y="78.28"/>
        <vehicle id="cfm_slow_1" eclass="HBEFA3/PC_G_EU4" CO2="0.00" CO="0.00" HC="0.00" NOx="0.00" PMx="0.00" fuel="0.00" electricity="0.00" noise="80.94" route="routetop" type="cfm_slow" waiting="0.00" lane="left_0" pos="32.89" speed="46.98" angle="125.31" x="30.21" y="7.58"/>
        <vehicle id="cfm_slow_2" eclass="HBEFA3/PC_G_EU4" CO2="14171.01" CO="492.88" HC="2.63" NOx="5.58" PMx="0.46" fuel="6.09" electricity="0.00" noise="81.06" route="routebottom" type="cfm_slow" waiting="0.00" lane="bottom_0" pos="22.89" speed="46.92" angle="53.27" x="106.68" y="14.52"/>
        <vehicle id="cfm_slow_3" eclass="HBEFA3/PC_G_EU4" CO2="14970.18" CO="509.62" HC="2.73" NOx="5.96" PMx="0.48" fuel="6.44" electricity="0.00" noise="81.19" route="routebottom" type="cfm_slow" waiting="0.00" lane="right_0" pos="12.82" speed="46.93" angle="341.46" x="123.74" y="89.28"/>
        <vehicle id="cfm_slow_4" eclass="HBEFA3/PC_G_EU4" CO2="14624.15" CO="504.15" HC="2.70" NOx="5.79" PMx="0.47" fuel="6.29" electricity="0.00" noise="81.16" route="routetop" type="cfm_slow" waiting="0.00" lane="top_0" pos="2.78" speed="47.01" angle="269.52" x="57.94" y="128.72"/>
    </timestep>
    <timestep time="9.27">
        <vehicle id="cfm_slow_0" eclass="HBEFA3/PC_G_EU4" CO2="0.00" CO="0.00" HC="0.00" NOx="0.00" PMx="0.00" fuel="0.00" electricity="0.00" noise="81.02" route="routetop" type="cfm_slow" waiting="0.00" lane="top_0" pos="43.29" speed="47.03" angle="196.58" x="-0.19" y="77.34"/>
        <vehicle id="cfm_slow_1" eclass="HBEFA3/PC_G_EU4" CO2="0.00" CO="0.00" HC="0.00" NOx="0.00" PMx="0.00" fuel="0.00" electricity="0.00" noise="80.94" route="routetop" type="cfm_slow" waiting="0.00" lane="left_0" pos="33.36" speed="46.98" angle="124.49" x="31.04" y="7.08"/>
        <vehicle id="cfm_slow_2" eclass="HBEFA3/PC_G_EU4" CO2="14176.65" CO="493.00" HC="2.63" NOx="5.58" PMx="0.46" fuel="6.09" electricity="0.00" noise="81.06" route="routebottom" type="cfm_slow" waiting="0.00" lane="bottom_0" pos="23.36" speed="46.92" angle="52.49" x="107.40" y="15.16"/>
        <vehicle id="cfm_slow_3" eclass="HBEFA3/PC_G_EU4" CO2="14965.30" CO="509.54" HC="2.73" NOx="5.95" PMx="0.48" fuel="6.43" electricity="0.00" noise="81.19" route="routebottom" type="cfm_slow" waiting="0.00" lane="right_0" pos="13.29" speed="46.93" angle="340.58" x="123.35" y="90.16"/>
        <vehicle id="cfm_slow_4" eclass="HBEFA3/PC_G_EU4" CO2="14612.03" CO="503.91" HC="2.70" NOx="5.79" PMx="0.47" fuel="6.28" electricity="0.00" noise="81.16" route="routetop" type="cfm_slow" waiting="0.00" lane="top_0" pos="3.25" speed="47.01" angle="268.67" x="56.99" y="128.62"/>
    </timestep>
    <timestep time="9.28">
        <vehicle id="cfm_slow_0" eclass="HBEFA3/PC_G_EU4" CO2="0.00" CO="0.00" HC="0.00" NOx="0.00" PMx="0.00" fuel="0.00" electricity="0.00" noise="81.02" route="routetop" type="cfm_slow" waiting="0.00" lane="top_0" pos="43.77" speed="47.03" angle="195.78" x="-0.39" y="76.39"/>
        <vehicle id="cfm_slow_1" eclass="HBEFA3/PC_G_EU4" CO2="0.00" CO="0.00" HC="0.00" NOx="0.00" PMx="0.00" fuel="0.00" electricity="0.00" noise="80.94" route="routetop" type="cfm_slow" waiting="0.00" lane="left_0" pos="33.83" speed="46.98" angle="123.64" x="31.88" y="6.62"/>
        <vehicle id="cfm_slow_2" eclass="HBEFA3/PC_G_EU4" CO2="14182.21" CO="493.12" HC="2.64" NOx="5.58" PMx="0.46" fuel="6.10" electricity="0.00" noise="81.06" route="routebottom" type="cfm_slow" waiting="0.00" lane="bottom_0" pos="23.83" speed="46.92" angle="51.65" x="108.10" y="15.82"/>
        <vehicle id="cfm_slow_3" eclass="HBEFA3/PC_G_EU4" CO2="14960.36" CO="509.46" HC="2.73" NOx="5.95" PMx="0.48" fuel="6.43" electricity="0.00" noise="81.19" route="routebottom" type="cfm_slow" waiting="0.00" lane="right_0" pos="13.76" speed="46.93" angle="339.69" x="122.95" y="91.03"/>
        <vehicle id="cfm_slow_4" eclass="HBEFA3/PC_G_EU4" CO2="14599.98" CO="503.68" HC="2.69" NOx="5.78" PMx="0.47" fuel="6.28" electricity="0.00" noise="81.15" route="routetop" type="cfm_slow" waiting="0.00" lane="top_0" pos="3.72" speed="47.01" angle="267.81" x="56.03" y="128.52"/>
    </timestep>
    <timestep time="9.29">
        <vehicle id="cfm_slow_0" eclass="HBEFA3/PC_G_EU4" CO2="0.00" CO="0.00" HC="0.00" NOx="0.00" PMx="0.00" fuel="0.00" electricity="0.00" noise="81.01" route="routetop" type="cfm_slow" waiting="0.00" lane="top_0" pos="44.24" speed="47.03" angle="194.91" x="-0.57" y="75.44"/>
        <vehicle id="cfm_slow_1" eclass="HBEFA3/PC_G_EU4" CO2="0.00" CO="0.00" HC="0.00" NOx="0.00" PMx="0.00" fuel="0.00" electricity="0.00" noise="80.95" route="routetop" type="cfm_slow" waiting="0.00" lane="left_0" pos="34.30" speed="46.98" angle="122.80" x="32.72" y="6.15"/>
        <vehicle id="cfm_slow_2" eclass="HBEFA3/PC_G_EU4" CO2="14187.70" CO="493.24" HC="2.64" NOx="5.59" PMx="0.46" fuel="6.10" electricity="0.00" noise="81.06" route="routebottom" type="cfm_slow" waiting="0.00" lane="bottom_0" pos="24.30" speed="46.92" angle="50.83" x="108.81" y="16.47"/>
        <vehicle id="cfm_slow_3" eclass="HBEFA3/PC_G_EU4" CO2="14955.37" CO="509.38" HC="2.73" NOx="5.95" PMx="0.48" fuel="6.43" electricity="0.00" noise="81.19" route="routebottom" type="cfm_slow" waiting="0.00" lane="right_0" pos="14.23" speed="46.93" angle="338.88" x="122.55" y="91.91"/>
        <vehicle id="cfm_slow_4" eclass="HBEFA3/PC_G_EU4" CO2="14588.00" CO="503.45" HC="2.69" NOx="5.77" PMx="0.47" fuel="6.27" electricity="0.00" noise="81.15" route="routetop" type="cfm_slow" waiting="0.00" lane="top_0" pos="4.19" speed="47.01" angle="266.99" x="55.07" y="128.40"/>
    </timestep>
    <timestep time="9.30">
        <vehicle id="cfm_slow_0" eclass="HBEFA3/PC_G_EU4" CO2="0.00" CO="0.00" HC="0.00" NOx="0.00" PMx="0.00" fuel="0.00" electricity="0.00" noise="81.01" route="routetop" type="cfm_slow" waiting="0.00" lane="top_0" pos="44.71" speed="47.03" angle="194.03" x="-0.74" y="74.50"/>
        <vehicle id="cfm_slow_1" eclass="HBEFA3/PC_G_EU4" CO2="0.00" CO="0.00" HC="0.00" NOx="0.00" PMx="0.00" fuel="0.00" electricity="0.00" noise="80.95" route="routetop" type="cfm_slow" waiting="0.00" lane="left_0" pos="34.77" speed="46.98" angle="122.00" x="33.57" y="5.69"/>
        <vehicle id="cfm_slow_2" eclass="HBEFA3/PC_G_EU4" CO2="14193.11" CO="493.36" HC="2.64" NOx="5.59" PMx="0.46" fuel="6.10" electricity="0.00" noise="81.06" route="routebottom" type="cfm_slow" waiting="0.00" lane="bottom_0" pos="24.76" speed="46.92" angle="49.97" x="109.49" y="17.15"/>
        <vehicle id="cfm_slow_3" eclass="HBEFA3/PC_G_EU4" CO2="14950.33" CO="509.29" HC="2.73" NOx="5.95" PMx="0.48" fuel="6.43" electricity="0.00" noise="81.19" route="routebottom" type="cfm_slow" waiting="0.00" lane="right_0" pos="14.70" speed="46.93" angle="338.00" x="122.12" y="92.77"/>
        <vehicle id="cfm_slow_4" eclass="HBEFA3/PC_G_EU4" CO2="14576.10" CO="503.21" HC="2.69" NOx="5.77" PMx="0.47" fuel="6.27" electricity="0.00" noise="81.15" route="routetop" type="cfm_slow" waiting="0.00" lane="top_0" pos="4.66" speed="47.01" angle="266.13" x="54.12" y="128.26"/>
    </timestep>
    <timestep time="9.31">
        <vehicle id="cfm_slow_0" eclass="HBEFA3/PC_G_EU4" CO2="0.00" CO="0.00" HC="0.00" NOx="0.00" PMx="0.00" fuel="0.00" electricity="0.00" noise="81.01" route="routetop" type="cfm_slow" waiting="0.00" lane="top_0" pos="45.18" speed="47.03" angle="193.24" x="-0.89" y="73.54"/>
        <vehicle id="cfm_slow_1" eclass="HBEFA3/PC_G_EU4" CO2="0.00" CO="0.00" HC="0.00" NOx="0.00" PMx="0.00" fuel="0.00" electricity="0.00" noise="80.95" route="routetop" type="cfm_slow" waiting="0.00" lane="left_0" pos="35.24" speed="46.98" angle="121.15" x="34.43" y="5.26"/>
        <vehicle id="cfm_slow_2" eclass="HBEFA3/PC_G_EU4" CO2="14198.45" CO="493.47" HC="2.64" NOx="5.59" PMx="0.46" fuel="6.10" electricity="0.00" noise="81.06" route="routebottom" type="cfm_slow" waiting="0.00" lane="bottom_0" pos="25.23" speed="46.92" angle="49.09" x="110.17" y="17.83"/>
        <vehicle id="cfm_slow_3" eclass="HBEFA3/PC_G_EU4" CO2="14945.23" CO="509.21" HC="2.73" NOx="5.94" PMx="0.48" fuel="6.42" electricity="0.00" noise="81.19" route="routebottom" type="cfm_slow" waiting="0.00" lane="right_0" pos="15.17" speed="46.93" angle="337.12" x="121.69" y="93.63"/>
        <vehicle id="cfm_slow_4" eclass="HBEFA3/PC_G_EU4" CO2="14564.27" CO="502.98" HC="2.69" NOx="5.76" PMx="0.47" fuel="6.26" electricity="0.00" noise="81.15" route="routetop" type="cfm_slow" waiting="0.00" lane="top_0" pos="5.13" speed="47.01" angle="265.30" x="53.16" y="128.13"/>
    </timestep>
    <timestep time="9.32">
        <vehicle id="cfm_slow_0" eclass="HBEFA3/PC_G_EU4" CO2="0.00" CO="0.00" HC="0.00" NOx="0.00" PMx="0.00" fuel="0.00" electricity="0.00" noise="81.01" route="routetop" type="cfm_slow" waiting="0.00" lane="top_0" pos="45.65" speed="47.03" angle="192.38" x="-1.03" y="72.59"/>
        <vehicle id="cfm_slow_1" eclass="HBEFA3/PC_G_EU4" CO2="0.00" CO="0.00" HC="0.00" NOx="0.00" PMx="0.00" fuel="0.00" electricity="0.00" noise="80.95" route="routetop" type="cfm_slow" waiting="0.00" lane="left_0" pos="35.70" speed="46.98" angle="120.29" x="35.29" y="4.83"/>
        <vehicle id="cfm_slow_2" eclass="HBEFA3/PC_G_EU4" CO2="14203.71" CO="493.59" HC="2.64" NOx="5.59" PMx="0.46" fuel="6.11" electricity="0.00" noise="81.06" route="routebottom" type="cfm_slow" waiting="0.00" lane="bottom_0" pos="25.70" speed="46.92" angle="48.27" x="110.85" y="18.51"/>
        <vehicle id="cfm_slow_3" eclass="HBEFA3/PC_G_EU4" CO2="14940.09" CO="509.12" HC="2.73" NOx="5.94" PMx="0.48" fuel="6.42" electricity="0.00" noise="81.19" route="routebottom" type="cfm_slow" waiting="0.00" lane="right_0" pos="15.64" speed="46.93" angle="336.34" x="121.24" y="94.48"/>
        <vehicle id="cfm_slow_4" eclass="HBEFA3/PC_G_EU4" CO2="14552.52" CO="502.75" HC="2.69" NOx="5.76" PMx="0.47" fuel="6.26" electricity="0.00" noise="81.15" route="routetop" type="cfm_slow" waiting="0.00" lane="top_0" pos="5.60" speed="47.01" angle="264.43" x="52.21" y="127.95"/>
    </timestep>
    <timestep time="9.33">
        <vehicle id="cfm_slow_0" eclass="HBEFA3/PC_G_EU4" CO2="0.00" CO="0.00" HC="0.00" NOx="0.00" PMx="0.00" fuel="0.00" electricity="0.00" noise="81.01" route="routetop" type="cfm_slow" waiting="0.00" lane="top_0" pos="46.12" speed="47.03" angle="191.56" x="-1.17" y="71.63"/>
        <vehicle id="cfm_slow_1" eclass="HBEFA3/PC_G_EU4" CO2="0.00" CO="0.00" HC="0.00" NOx="0.00" PMx="0.00" fuel="0.00" electricity="0.00" noise="80.95" route="routetop" type="cfm_slow" waiting="0.00" lane="left_0" pos="36.17" speed="46.98" angle="119.46" x="36.17" y="4.42"/>
        <vehicle id="cfm_slow_2" eclass="HBEFA3/PC_G_EU4" CO2="14208.89" CO="493.70" HC="2.64" NOx="5.60" PMx="0.46" fuel="6.11" electricity="0.00" noise="81.06" route="routebottom" type="cfm_slow" waiting="0.00" lane="bottom_0" pos="26.17" speed="46.92" angle="47.41" x="111.50" y="19.22"/>
        <vehicle id="cfm_slow_3" eclass="HBEFA3/PC_G_EU4" CO2="14934.90" CO="509.03" HC="2.73" NOx="5.94" PMx="0.48" fuel="6.42" electricity="0.00" noise="81.19" route="routebottom" type="cfm_slow" waiting="0.00" lane="right_0" pos="16.11" speed="46.94" angle="335.50" x="120.77" y="95.32"/>
        <vehicle id="cfm_slow_4" eclass="HBEFA3/PC_G_EU4" CO2="14540.84" CO="502.52" HC="2.69" NOx="5.75" PMx="0.47" fuel="6.25" electricity="0.00" noise="81.14" route="routetop" type="cfm_slow" waiting="0.00" lane="top_0" pos="6.07" speed="47.01" angle="263.57" x="51.27" y="127.78"/>
    </timestep>
    <timestep time="9.34">
        <vehicle id="cfm_slow_0" eclass="HBEFA3/PC_G_EU4" CO2="0.00" CO="0.00" HC="0.00" NOx="0.00" PMx="0.00" fuel="0.00" electricity="0.00" noise="81.01" route="routetop" type="cfm_slow" waiting="0.00" lane="top_0" pos="46.59" speed="47.03" angle="190.70" x="-1.26" y="70.67"/>
        <vehicle id="cfm_slow_1" eclass="HBEFA3/PC_G_EU4" CO2="0.00" CO="0.00" HC="0.00" NOx="0.00" PMx="0.00" fuel="0.00" electricity="0.00" noise="80.95" route="routetop" type="cfm_slow" waiting="0.00" lane="left_0" pos="36.64" speed="46.98" angle="118.56" x="37.05" y="4.03"/>
        <vehicle id="cfm_slow_2" eclass="HBEFA3/PC_G_EU4" CO2="14214.00" CO="493.81" HC="2.64" NOx="5.60" PMx="0.46" fuel="6.11" electricity="0.00" noise="81.06" route="routebottom" type="cfm_slow" waiting="0.00" lane="bottom_0" pos="26.64" speed="46.92" angle="46.56" x="112.15" y="19.92"/>
        <vehicle id="cfm_slow_3" eclass="HBEFA3/PC_G_EU4" CO2="14929.66" CO="508.94" HC="2.73" NOx="5.94" PMx="0.48" fuel="6.42" electricity="0.00" noise="81.19" route="routebottom" type="cfm_slow" waiting="0.00" lane="right_0" pos="16.58" speed="46.94" angle="334.68" x="120.31" y="96.16"/>
        <vehicle id="cfm_slow_4" eclass="HBEFA3/PC_G_EU4" CO2="14529.24" CO="502.30" HC="2.69" NOx="5.75" PMx="0.47" fuel="6.25" electricity="0.00" noise="81.14" route="routetop" type="cfm_slow" waiting="0.00" lane="top_0" pos="6.54" speed="47.01" angle="262.75" x="50.32" y="127.60"/>
    </timestep>
    <timestep time="9.35">
        <vehicle id="cfm_slow_0" eclass="HBEFA3/PC_G_EU4" CO2="0.00" CO="0.00" HC="0.00" NOx="0.00" PMx="0.00" fuel="0.00" electricity="0.00" noise="81.01" route="routetop" type="cfm_slow" waiting="0.00" lane="top_0" pos="47.06" speed="47.03" angle="189.82" x="-1.36" y="69.72"/>
        <vehicle id="cfm_slow_1" eclass="HBEFA3/PC_G_EU4" CO2="0.00" CO="0.00" HC="0.00" NOx="0.00" PMx="0.00" fuel="0.00" electricity="0.00" noise="80.95" route="routetop" type="cfm_slow" waiting="0.00" lane="left_0" pos="37.11" speed="46.98" angle="117.70" x="37.92" y="3.64"/>
        <vehicle id="cfm_slow_2" eclass="HBEFA3/PC_G_EU4" CO2="14219.04" CO="493.93" HC="2.64" NOx="5.60" PMx="0.46" fuel="6.11" electricity="0.00" noise="81.07" route="routebottom" type="cfm_slow" waiting="0.00" lane="bottom_0" pos="27.11" speed="46.92" angle="45.75" x="112.80" y="20.64"/>
        <vehicle id="cfm_slow_3" eclass="HBEFA3/PC_G_EU4" CO2="14924.38" CO="508.85" HC="2.73" NOx="5.93" PMx="0.48" fuel="6.42" electricity="0.00" noise="81.19" route="routebottom" type="cfm_slow" waiting="0.00" lane="right_0" pos="17.05" speed="46.94" angle="333.85" x="119.82" y="96.99"/>
        <vehicle id="cfm_slow_4" eclass="HBEFA3/PC_G_EU4" CO2="14517.71" CO="502.07" HC="2.68" NOx="5.74" PMx="0.47" fuel="6.24" electricity="0.00" noise="81.14" route="routetop" type="cfm_slow" waiting="0.00" lane="top_0" pos="7.01" speed="47.01" angle="261.84" x="49.38" y="127.38"/>
    </timestep>
    <timestep time="9.36">
        <vehicle id="cfm_slow_0" eclass="HBEFA3/PC_G_EU4" CO2="0.00" CO="0.00" HC="0.00" NOx="0.00" PMx="0.00" fuel="0.00" electricity="0.00" noise="81.01" route="routetop" type="cfm_slow" waiting="0.00" lane="top_0" pos="47.53" speed="47.03" angle="189.00" x="-1.45" y="68.76"/>
        <vehicle id="cfm_slow_1" eclass="HBEFA3/PC_G_EU4" CO2="0.00" CO="0.00" HC="0.00" NOx="0.00" PMx="0.00" fuel="0.00" electricity="0.00" noise="80.95" route="routetop" type="cfm_slow" waiting="0.00" lane="left_0" pos="37.58" speed="46.98" angle="116.86" x="38.82" y="3.27"/>
        <vehicle id="cfm_slow_2" eclass="HBEFA3/PC_G_EU4" CO2="14224.00" CO="494.03" HC="2.64" NOx="5.60" PMx="0.46" fuel="6.11" electricity="0.00" noise="81.07" route="routebottom" type="cfm_slow" waiting="0.00" lane="bottom_0" pos="27.58" speed="46.92" angle="44.85" x="113.42" y="21.38"/>
        <vehicle id="cfm_slow_3" eclass="HBEFA3/PC_G_EU4" CO2="14919.05" CO="508.76" HC="2.72" NOx="5.93" PMx="0.48" fuel="6.41" electricity="0.00" noise="81.19" route="routebottom" type="cfm_slow" waiting="0.00" lane="right_0" pos="17.52" speed="46.94" angle="332.98" x="119.32" y="97.82"/>
        <vehicle id="cfm_slow_4" eclass="HBEFA3/PC_G_EU4" CO2="14506.26" CO="501.84" HC="2.68" NOx="5.74" PMx="0.47" fuel="6.24" electricity="0.00" noise="81.14" route="routetop" type="cfm_slow" waiting="0.00" lane="top_0" pos="7.48" speed="47.01" angle="260.93" x="48.44" y="127.16"/>
    </timestep>
    <timestep time="9.37">
        <vehicle id="cfm_slow_0" eclass="HBEFA3/PC_G_EU4" CO2="0.00" CO="0.00" HC="0.00" NOx="0.00" PMx="0.00" fuel="0.00" electricity="0.00" noise="81.01" route="routetop" type="cfm_slow" waiting="0.00" lane="top_0" pos="48.00" speed="47.03" angle="188.14" x="-1.51" y="67.79"/>
        <vehicle id="cfm_slow_1" eclass="HBEFA3/PC_G_EU4" CO2="0.00" CO="0.00" HC="0.00" NOx="0.00" PMx="0.00" fuel="0.00" electricity="0.00" noise="80.95" route="routetop" type="cfm_slow" waiting="0.00" lane="left_0" pos="38.05" speed="46.98" angle="115.98" x="39.71" y="2.92"/>
        <vehicle id="cfm_slow_2" eclass="HBEFA3/PC_G_EU4" CO2="14228.88" CO="494.14" HC="2.64" NOx="5.61" PMx="0.46" fuel="6.12" electricity="0.00" noise="81.07" route="routebottom" type="cfm_slow" waiting="0.00" lane="bottom_0" pos="28.05" speed="46.92" angle="43.96" x="114.04" y="22.11"/>
        <vehicle id="cfm_slow_3" eclass="HBEFA3/PC_G_EU4" CO2="14913.67" CO="508.67" HC="2.72" NOx="5.93" PMx="0.48" fuel="6.41" electricity="0.00" noise="81.19" route="routebottom" type="cfm_slow" waiting="0.00" lane="right_0" pos="17.98" speed="46.94" angle="332.17" x="118.82" y="98.64"/>
        <vehicle id="cfm_slow_4" eclass="HBEFA3/PC_G_EU4" CO2="14494.89" CO="501.62" HC="2.68" NOx="5.73" PMx="0.47" fuel="6.23" electricity="0.00" noise="81.14" route="routetop" type="cfm_slow" waiting="0.00" lane="top_0" pos="7.95" speed="47.01" angle="260.14" x="47.51" y="126.93"/>
    </timestep>
    <timestep time="9.38">
        <vehicle id="cfm_slow_0" eclass="HBEFA3/PC_G_EU4" CO2="0.00" CO="0.00" HC="0.00" NOx="0.00" PMx="0.00" fuel="0.00" electricity="0.00" noise="81.01" route="routetop" type="cfm_slow" waiting="0.00" lane="top_0" pos="48.47" speed="47.03" angle="187.28" x="-1.57" y="66.83"/>
        <vehicle id="cfm_slow_1" eclass="HBEFA3/PC_G_EU4" CO2="0.00" CO="0.00" HC="0.00" NOx="0.00" PMx="0.00" fuel="0.00" electricity="0.00" noise="80.95" route="routetop" type="cfm_slow" waiting="0.00" lane="left_0" pos="38.52" speed="46.98" angle="115.16" x="40.61" y="2.56"/>
        <vehicle id="cfm_slow_2" eclass="HBEFA3/PC_G_EU4" CO2="14233.69" CO="494.25" HC="2.64" NOx="5.61" PMx="0.46" fuel="6.12" electricity="0.00" noise="81.07" route="routebottom" type="cfm_slow" waiting="0.00" lane="bottom_0" pos="28.52" speed="46.92" angle="43.14" x="114.64" y="22.86"/>
        <vehicle id="cfm_slow_3" eclass="HBEFA3/PC_G_EU4" CO2="14908.26" CO="508.58" HC="2.72" NOx="5.93" PMx="0.48" fuel="6.41" electricity="0.00" noise="81.19" route="routebottom" type="cfm_slow" waiting="0.00" lane="right_0" pos="18.45" speed="46.94" angle="331.28" x="118.29" y="99.44"/>
        <vehicle id="cfm_slow_4" eclass="HBEFA3/PC_G_EU4" CO2="14483.59" CO="501.40" HC="2.68" NOx="5.72" PMx="0.47" fuel="6.23" electricity="0.00" noise="81.14" route="routetop" type="cfm_slow" waiting="0.00" lane="top_0" pos="8.42" speed="47.01" angle="259.30" x="46.57" y="126.69"/>
    </timestep>
    <timestep time="9.39">
        <vehicle id="cfm_slow_0" eclass="HBEFA3/PC_G_EU4" CO2="0.00" CO="0.00" HC="0.00" NOx="0.00" PMx="0.00" fuel="0.00" electricity="0.00" noise="81.00" route="routetop" type="cfm_slow" waiting="0.00" lane="top_0" pos="48.94" speed="47.03" angle="186.46" x="-1.61" y="65.87"/>
        <vehicle id="cfm_slow_1" eclass="HBEFA3/PC_G_EU4" CO2="0.00" CO="0.00" HC="0.00" NOx="0.00" PMx="0.00" fuel="0.00" electricity="0.00" noise="80.95" route="routetop" type="cfm_slow" waiting="0.00" lane="left_0" pos="38.99" speed="46.98" angle="114.29" x="41.51" y="2.24"/>
        <vehicle id="cfm_slow_2" eclass="HBEFA3/PC_G_EU4" CO2="14238.42" CO="494.35" HC="2.64" NOx="5.61" PMx="0.46" fuel="6.12" electricity="0.00" noise="81.07" route="routebottom" type="cfm_slow" waiting="0.00" lane="bottom_0" pos="28.99" speed="46.92" angle="42.27" x="115.23" y="23.62"/>
        <vehicle id="cfm_slow_3" eclass="HBEFA3/PC_G_EU4" CO2="14902.79" CO="508.49" HC="2.72" NOx="5.92" PMx="0.48" fuel="6.41" electricity="0.00" noise="81.19" route="routebottom" type="cfm_slow" waiting="0.00" lane="right_0" pos="18.92" speed="46.94" angle="330.39" x="117.76" y="100.24"/>
        <vehicle id="cfm_slow_4" eclass="HBEFA3/PC_G_EU4" CO2="14472.37" CO="501.18" HC="2.68" NOx="5.72" PMx="0.47" fuel="6.22" electricity="0.00" noise="81.13" route="routetop" type="cfm_slow" waiting="0.00" lane="top_0" pos="8.89" speed="47.01" angle="258.49" x="45.64" y="126.44"/>
    </timestep>
    <timestep time="9.40">
        <vehicle id="cfm_slow_0" eclass="HBEFA3/PC_G_EU4" CO2="0.00" CO="0.00" HC="0.00" NOx="0.00" PMx="0.00" fuel="0.00" electricity="0.00" noise="81.00" route="routetop" type="cfm_slow" waiting="0.00" lane="top_0" pos="49.41" speed="47.03" angle="185.57" x="-1.63" y="64.90"/>
        <vehicle id="cfm_slow_1" eclass="HBEFA3/PC_G_EU4" CO2="0.00" CO="0.00" HC="0.00" NOx="0.00" PMx="0.00" fuel="0.00" electricity="0.00" noise="80.95" route="routetop" type="cfm_slow" waiting="0.00" lane="left_0" pos="39.46" speed="46.98" angle="113.43" x="42.42" y="1.91"/>
        <vehicle id="cfm_slow_2" eclass="HBEFA3/PC_G_EU4" CO2="14243.08" CO="494.46" HC="2.64" NOx="5.61" PMx="0.46" fuel="6.12" electricity="0.00" noise="81.07" route="routebottom" type="cfm_slow" waiting="0.00" lane="bottom_0" pos="29.46" speed="46.92" angle="41.45" x="115.83" y="24.37"/>
        <vehicle id="cfm_slow_3" eclass="HBEFA3/PC_G_EU4" CO2="14897.29" CO="508.39" HC="2.72" NOx="5.92" PMx="0.48" fuel="6.40" electricity="0.00" noise="81.18" route="routebottom" type="cfm_slow" waiting="0.00" lane="right_0" pos="19.39" speed="46.94" angle="329.57" x="117.21" y="101.04"/>
        <vehicle id="cfm_slow_4" eclass="HBEFA3/PC_G_EU4" CO2="14461.23" CO="500.96" HC="2.68" NOx="5.71" PMx="0.47" fuel="6.22" electricity="0.00" noise="81.13" route="routetop" type="cfm_slow" waiting="0.00" lane="top_0" pos="9.36" speed="47.01" angle="257.66" x="44.72" y="126.16"/>
    </timestep>
    <timestep time="9.41">
        <vehicle id="cfm_slow_0" eclass="HBEFA3/PC_G_EU4" CO2="0.00" CO="0.00" HC="0.00" NOx="0.00" PMx="0.00" fuel="0.00" electricity="0.00" noise="81.00" route="routetop" type="cfm_slow" waiting="0.00" lane="top_0" pos="49.88" speed="47.03" angle="184.68" x="-1.65" y="63.94"/>
        <vehicle id="cfm_slow_1" eclass="HBEFA3/PC_G_EU4" CO2="0.00" CO="0.00" HC="0.00" NOx="0.00" PMx="0.00" fuel="0.00" electricity="0.00" noise="80.95" route="routetop" type="cfm_slow" waiting="0.00" lane="left_0" pos="39.93" speed="46.98" angle="112.63" x="43.33" y="1.60"/>
        <vehicle id="cfm_slow_2" eclass="HBEFA3/PC_G_EU4" CO2="14247.66" CO="494.56" HC="2.64" NOx="5.62" PMx="0.46" fuel="6.12" electricity="0.00" noise="81.07" route="routebottom" type="cfm_slow" waiting="0.00" lane="bottom_0" pos="29.93" speed="46.92" angle="40.62" x="116.39" y="25.15"/>
        <vehicle id="cfm_slow_3" eclass="HBEFA3/PC_G_EU4" CO2="14891.75" CO="508.30" HC="2.72" NOx="5.92" PMx="0.48" fuel="6.40" electricity="0.00" noise="81.18" route="routebottom" type="cfm_slow" waiting="0.00" lane="right_0" pos="19.86" speed="46.94" angle="328.70" x="116.65" y="101.82"/>
        <vehicle id="cfm_slow_4" eclass="HBEFA3/PC_G_EU4" CO2="14450.16" CO="500.74" HC="2.68" NOx="5.71" PMx="0.47" fuel="6.21" electricity="0.00" noise="81.13" route="routetop" type="cfm_slow" waiting="0.00" lane="top_0" pos="9.83" speed="47.01" angle="256.80" x="43.80" y="125.87"/>
    </timestep>
    <timestep time="9.42">
        <vehicle id="cfm_slow_0" eclass="HBEFA3/PC_G_EU4" CO2="0.00" CO="0.00" HC="0.00" NOx="0.00" PMx="0.00" fuel="0.00" electricity="0.00" noise="81.00" route="routetop" type="cfm_slow" waiting="0.00" lane="left_0" pos="0.35" speed="47.03" angle="183.85" x="-1.64" y="62.91"/>
        <vehicle id="cfm_slow_1" eclass="HBEFA3/PC_G_EU4" CO2="0.00" CO="0.00" HC="0.00" NOx="0.00" PMx="0.00" fuel="0.00" electricity="0.00" noise="80.95" route="routetop" type="cfm_slow" waiting="0.00" lane="left_0" pos="40.40" speed="46.98" angle="111.75" x="44.25" y="1.31"/>
        <vehicle id="cfm_slow_2" eclass="HBEFA3/PC_G_EU4" CO2="14252.17" CO="494.66" HC="2.64" NOx="5.62" PMx="0.46" fuel="6.13" electricity="0.00" noise="81.07" route="routebottom" type="cfm_slow" waiting="0.00" lane="bottom_0" pos="30.39" speed="46.92" angle="39.78" x="116.96" y="25.93"/>
        <vehicle id="cfm_slow_3" eclass="HBEFA3/PC_G_EU4" CO2="14886.16" CO="508.20" HC="2.72" NOx="5.92" PMx="0.48" fuel="6.40" electricity="0.00" noise="81.18" route="routebottom" type="cfm_slow" waiting="0.00" lane="right_0" pos="20.33" speed="46.94" angle="327.83" x="116.08" y="102.60"/>
        <vehicle id="cfm_slow_4" eclass="HBEFA3/PC_G_EU4" CO2="14439.18" CO="500.53" HC="2.68" NOx="5.70" PMx="0.47" fuel="6.21" electricity="0.00" noise="81.13" route="routetop" type="cfm_slow" waiting="0.00" lane="top_0" pos="10.30" speed="47.01" angle="255.99" x="42.88" y="125.58"/>
    </timestep>
    <timestep time="9.43">
        <vehicle id="cfm_slow_0" eclass="HBEFA3/PC_G_EU4" CO2="0.00" CO="0.00" HC="0.00" NOx="0.00" PMx="0.00" fuel="0.00" electricity="0.00" noise="81.00" route="routetop" type="cfm_slow" waiting="0.00" lane="left_0" pos="0.82" speed="47.03" angle="182.99" x="-1.62" y="61.95"/>
        <vehicle id="cfm_slow_1" eclass="HBEFA3/PC_G_EU4" CO2="0.00" CO="0.00" HC="0.00" NOx="0.00" PMx="0.00" fuel="0.00" electricity="0.00" noise="80.96" route="routetop" type="cfm_slow" waiting="0.00" lane="left_0" pos="40.87" speed="46.98" angle="110.88" x="45.17" y="1.03"/>
        <vehicle id="cfm_slow_2" eclass="HBEFA3/PC_G_EU4" CO2="14256.60" CO="494.76" HC="2.64" NOx="5.62" PMx="0.46" fuel="6.13" electricity="0.00" noise="81.07" route="routebottom" type="cfm_slow" waiting="0.00" lane="bottom_0" pos="30.86" speed="46.92" angle="38.98" x="117.51" y="26.72"/>
        <vehicle id="cfm_slow_3" eclass="HBEFA3/PC_G_EU4" CO2="14880.54" CO="508.10" HC="2.72" NOx="5.91" PMx="0.48" fuel="6.40" electricity="0.00" noise="81.18" route="routebottom" type="cfm_slow" waiting="0.00" lane="right_0" pos="20.80" speed="46.94" angle="327.02" x="115.50" y="103.36"/>
        <vehicle id="cfm_slow_4" eclass="HBEFA3/PC_G_EU4" CO2="14428.27" CO="500.31" HC="2.67" NOx="5.70" PMx="0.47" fuel="6.20" electricity="0.00" noise="81.13" route="routetop" type="cfm_slow" waiting="0.00" lane="top_0" pos="10.77" speed="47.01" angle="255.08" x="41.97" y="125.25"/>
    </timestep>
    <timestep time="9.44">
        <vehicle id="cfm_slow_0" eclass="HBEFA3/PC_G_EU4" CO2="0.00" CO="0.00" HC="0.00" NOx="0.00" PMx="0.00" fuel="0.00" electricity="0.00" noise="81.00" route="routetop" type="cfm_slow" waiting="0.00" lane="left_0" pos="1.29" speed="47.03" angle="182.18" x="-1.60" y="60.99"/>
        <vehicle id="cfm_slow_1" eclass="HBEFA3/PC_G_EU4" CO2="0.00" CO="0.00" HC="0.00" NOx="0.00" PMx="0.00" fuel="0.00" electricity="0.00" noise="80.96" route="routetop" type="cfm_slow" waiting="0.00" lane="left_0" pos="41.34" speed="46.97" angle="110.08" x="46.10" y="0.77"/>
        <vehicle id="cfm_slow_2" eclass="HBEFA3/PC_G_EU4" CO2="14260.96" CO="494.86" HC="2.65" NOx="5.62" PMx="0.46" fuel="6.13" electricity="0.00" noise="81.07" route="routebottom" type="cfm_slow" waiting="0.00" lane="bottom_0" pos="31.33" speed="46.92" angle="38.13" x="118.05" y="27.52"/>
        <vehicle id="cfm_slow_3" eclass="HBEFA3/PC_G_EU4" CO2="14874.88" CO="508.00" HC="2.72" NOx="5.91" PMx="0.48" fuel="6.39" electricity="0.00" noise="81.18" route="routebottom" type="cfm_slow" waiting="0.00" lane="right_0" pos="21.27" speed="46.94" angle="326.16" x="114.91" y="104.12"/>
        <vehicle id="cfm_slow_4" eclass="HBEFA3/PC_G_EU4" CO2="14417.44" CO="500.10" HC="2.67" NOx="5.69" PMx="0.47" fuel="6.20" electricity="0.00" noise="81.13" route="routetop" type="cfm_slow" waiting="0.00" lane="top_0" pos="11.24" speed="47.01" angle="254.16" x="41.07" y="124.92"/>
    </timestep>
    <timestep time="9.45">
        <vehicle id="cfm_slow_0" eclass="HBEFA3/PC_G_EU4" CO2="0.00" CO="0.00" HC="0.00" NOx="0.00" PMx="0.00" fuel="0.00" electricity="0.00" noise="81.00" route="routetop" type="cfm_slow" waiting="0.00" lane="left_0" pos="1.76" speed="47.03" angle="181.33" x="-1.54" y="60.02"/>
        <vehicle id="cfm_slow_1" eclass="HBEFA3/PC_G_EU4" CO2="0.00" CO="0.00" HC="0.00" NOx="0.00" PMx="0.00" fuel="0.00" electricity="0.00" noise="80.96" route="routetop" type="cfm_slow" waiting="0.00" lane="left_0" pos="41.81" speed="46.97" angle="109.22" x="47.03" y="0.52"/>
        <vehicle id="cfm_slow_2" eclass="HBEFA3/PC_G_EU4" CO2="14265.24" CO="494.95" HC="2.65" NOx="5.62" PMx="0.46" fuel="6.13" electricity="0.00" noise="81.07" route="routebottom" type="cfm_slow" waiting="0.00" lane="bottom_0" pos="31.80" speed="46.92" angle="37.27" x="118.58" y="28.32"/>
        <vehicle id="cfm_slow_3" eclass="HBEFA3/PC_G_EU4" CO2="14869.18" CO="507.91" HC="2.72" NOx="5.91" PMx="0.48" fuel="6.39" electricity="0.00" noise="81.18" route="routebottom" type="cfm_slow" waiting="0.00" lane="right_0" pos="21.74" speed="46.95" angle="325.34" x="114.31" y="104.88"/>
        <vehicle id="cfm_slow_4" eclass="HBEFA3/PC_G_EU4" CO2="14406.69" CO="499.89" HC="2.67" NOx="5.69" PMx="0.47" fuel="6.19" electricity="0.00" noise="81.12" route="routetop" type="cfm_slow" waiting="0.00" lane="top_0" pos="11.71" speed="47.02" angle="253.35" x="40.17" y="124.58"/>
    </timestep>
    <timestep time="9.46">
        <vehicle id="cfm_slow_0" eclass="HBEFA3/PC_G_EU4" CO2="0.00" CO="0.00" HC="0.00" NOx="0.00" PMx="0.00" fuel="0.00" electricity="0.00" noise="81.00" route="routetop" type="cfm_slow" waiting="0.00" lane="left_0" pos="2.23" speed="47.03" angle="180.47" x="-1.48" y="59.06"/>
        <vehicle id="cfm_slow_1" eclass="HBEFA3/PC_G_EU4" CO2="0.00" CO="0.00" HC="0.00" NOx="0.00" PMx="0.00" fuel="0.00" electricity="0.00" noise="80.96" route="routetop" type="cfm_slow" waiting="0.00" lane="left_0" pos="42.28" speed="46.97" angle="108.40" x="47.96" y="0.27"/>
        <vehicle id="cfm_slow_2" eclass="HBEFA3/PC_G_EU4" CO2="14269.45" CO="495.05" HC="2.65" NOx="5.63" PMx="0.46" fuel="6.13" electricity="0.00" noise="81.07" route="routebottom" type="cfm_slow" waiting="0.00" lane="bottom_0" pos="32.27" speed="46.92" angle="36.47" x="119.10" y="29.13"/>
        <vehicle id="cfm_slow_3" eclass="HBEFA3/PC_G_EU4" CO2="14863.45" CO="507.81" HC="2.72" NOx="5.91" PMx="0.48" fuel="6.39" electricity="0.00" noise="81.18" route="routebottom" type="cfm_slow" waiting="0.00" lane="right_0" pos="22.21" speed="46.95" angle="324.50" x="113.70" y="105.62"/>
        <vehicle id="cfm_slow_4" eclass="HBEFA3/PC_G_EU4" CO2="14396.02" CO="499.68" HC="2.67" NOx="5.68" PMx="0.47" fuel="6.19" electricity="0.00" noise="81.12" route="routetop" type="cfm_slow" waiting="0.00" lane="top_0" pos="12.18" speed="47.02" angle="252.53" x="39.27" y="124.23"/>
    </timestep>
    <timestep time="9.47">
        <vehicle id="cfm_slow_0" eclass="HBEFA3/PC_G_EU4" CO2="0.00" CO="0.00" HC="0.00" NOx="0.00" PMx="0.00" fuel="0.00" electricity="0.00" noise="81.00" route="routetop" type="cfm_slow" waiting="0.00" lane="left_0" pos="2.70" speed="47.03" angle="179.66" x="-1.41" y="58.10"/>
        <vehicle id="cfm_slow_1" eclass="HBEFA3/PC_G_EU4" CO2="0.00" CO="0.00" HC="0.00" NOx="0.00" PMx="0.00" fuel="0.00" electricity="0.00" noise="80.96" route="routetop" type="cfm_slow" waiting="0.00" lane="left_0" pos="42.75" speed="46.97" angle="107.58" x="48.90" y="0.05"/>
        <vehicle id="cfm_slow_2" eclass="HBEFA3/PC_G_EU4" CO2="14273.58" CO="495.14" HC="2.65" NOx="5.63" PMx="0.46" fuel="6.14" electricity="0.00" noise="81.08" route="routebottom" type="cfm_slow" waiting="0.00" lane="bottom_0" pos="32.74" speed="46.92" angle="35.59" x="119.59" y="29.96"/>
        <vehicle id="cfm_slow_3" eclass="HBEFA3/PC_G_EU4" CO2="14857.68" CO="507.70" HC="2.72" NOx="5.90" PMx="0.48" fuel="6.39" electricity="0.00" noise="81.18" route="routebottom" type="cfm_slow" waiting="0.00" lane="right_0" pos="22.68" speed="46.95" angle="323.64" x="113.08" y="106.35"/>
        <vehicle id="cfm_slow_4" eclass="HBEFA3/PC_G_EU4" CO2="14385.43" CO="499.47" HC="2.67" NOx="5.68" PMx="0.47" fuel="6.18" electricity="0.00" noise="81.12" route="routetop" type="cfm_slow" waiting="0.00" lane="top_0" pos="12.65" speed="47.02" angle="251.71" x="38.37" y="123.87"/>
    </timestep>
    <timestep time="9.48">
        <vehicle id="cfm_slow_0" eclass="HBEFA3/PC_G_EU4" CO2="0.00" CO="0.00" HC="0.00" NOx="0.00" PMx="0.00" fuel="0.00" electricity="0.00" noise="81.00" route="routetop" type="cfm_slow" waiting="0.00" lane="left_0" pos="3.17" speed="47.02" angle="178.80" x="-1.31" y="57.14"/>
        <vehicle id="cfm_slow_1" eclass="HBEFA3/PC_G_EU4" CO2="0.00" CO="0.00" HC="0.00" NOx="0.00" PMx="0.00" fuel="0.00" electricity="0.00" noise="80.96" route="routetop" type="cfm_slow" waiting="0.00" lane="left_0" pos="43.22" speed="46.97" angle="106.73" x="49.84" y="-0.16"/>
        <vehicle id="cfm_slow_2" eclass="HBEFA3/PC_G_EU4" CO2="14277.64" CO="495.23" HC="2.65" NOx="5.63" PMx="0.46" fuel="6.14" electricity="0.00" noise="81.08" route="routebottom" type="cfm_slow" waiting="0.00" lane="bottom_0" pos="33.21" speed="46.92" angle="34.71" x="120.08" y="30.78"/>
        <vehicle id="cfm_slow_3" eclass="HBEFA3/PC_G_EU4" CO2="14851.88" CO="507.60" HC="2.72" NOx="5.90" PMx="0.48" fuel="6.38" electricity="0.00" noise="81.18" route="routebottom" type="cfm_slow" waiting="0.00" lane="right_0" pos="23.15" speed="46.95" angle="322.86" x="112.45" y="107.09"/>
        <vehicle id="cfm_slow_4" eclass="HBEFA3/PC_G_EU4" CO2="14374.92" CO="499.26" HC="2.67" NOx="5.67" PMx="0.47" fuel="6.18" electricity="0.00" noise="81.12" route="routetop" type="cfm_slow" waiting="0.00" lane="top_0" pos="13.12" speed="47.02" angle="250.89" x="37.49" y="123.49"/>
    </timestep>
    <timestep time="9.49">
        <vehicle id="cfm_slow_0" eclass="HBEFA3/PC_G_EU4" CO2="0.00" CO="0.00" HC="0.00" NOx="0.00" PMx="0.00" fuel="0.00" electricity="0.00" noise="81.00" route="routetop" type="cfm_slow" waiting="0.00" lane="left_0" pos="3.64" speed="47.02" angle="177.94" x="-1.22" y="56.18"/>
        <vehicle id="cfm_slow_1" eclass="HBEFA3/PC_G_EU4" CO2="0.00" CO="0.00" HC="0.00" NOx="0.00" PMx="0.00" fuel="0.00" electricity="0.00" noise="80.96" route="routetop" type="cfm_slow" waiting="0.00" lane="left_0" pos="43.69" speed="46.97" angle="105.93" x="50.78" y="-0.36"/>
        <vehicle id="cfm_slow_2" eclass="HBEFA3/PC_G_EU4" CO2="14281.62" CO="495.32" HC="2.65" NOx="5.63" PMx="0.46" fuel="6.14" electricity="0.00" noise="81.08" route="routebottom" type="cfm_slow" waiting="0.00" lane="bottom_0" pos="33.68" speed="46.92" angle="33.91" x="120.56" y="31.62"/>
        <vehicle id="cfm_slow_3" eclass="HBEFA3/PC_G_EU4" CO2="14846.04" CO="507.50" HC="2.72" NOx="5.90" PMx="0.48" fuel="6.38" electricity="0.00" noise="81.18" route="routebottom" type="cfm_slow" waiting="0.00" lane="right_0" pos="23.62" speed="46.95" angle="322.00" x="111.80" y="107.79"/>
        <vehicle id="cfm_slow_4" eclass="HBEFA3/PC_G_EU4" CO2="14364.49" CO="499.05" HC="2.67" NOx="5.67" PMx="0.47" fuel="6.17" electricity="0.00" noise="81.12" route="routetop" type="cfm_slow" waiting="0.00" lane="top_0" pos="13.59" speed="47.02" angle="250.01" x="36.61" y="123.10"/>
    </timestep>
    <timestep time="9.50">
        <vehicle id="cfm_slow_0" eclass="HBEFA3/PC_G_EU4" CO2="0.00" CO="0.00" HC="0.00" NOx="0.00" PMx="0.00" fuel="0.00" electricity="0.00" noise="81.00" route="routetop" type="cfm_slow" waiting="0.00" lane="left_0" pos="4.11" speed="47.02" angle="177.13" x="-1.10" y="55.22"/>
        <vehicle id="cfm_slow_1" eclass="HBEFA3/PC_G_EU4" CO2="0.00" CO="0.00" HC="0.00" NOx="0.00" PMx="0.00" fuel="0.00" electricity="0.00" noise="80.96" route="routetop" type="cfm_slow" waiting="0.00" lane="left_0" pos="44.16" speed="46.97" angle="105.06" x="51.73" y="-0.54"/>
        <vehicle id="cfm_slow_2" eclass="HBEFA3/PC_G_EU4" CO2="14285.53" CO="495.41" HC="2.65" NOx="5.63" PMx="0.46" fuel="6.14" electricity="0.00" noise="81.08" route="routebottom" type="cfm_slow" waiting="0.00" lane="bottom_0" pos="34.15" speed="46.92" angle="33.06" x="121.02" y="32.46"/>
        <vehicle id="cfm_slow_3" eclass="HBEFA3/PC_G_EU4" CO2="14840.17" CO="507.40" HC="2.72" NOx="5.89" PMx="0.48" fuel="6.38" electricity="0.00" noise="81.18" route="routebottom" type="cfm_slow" waiting="0.00" lane="right_0" pos="24.09" speed="46.95" angle="321.14" x="111.14" y="108.50"/>
        <vehicle id="cfm_slow_4" eclass="HBEFA3/PC_G_EU4" CO2="14354.14" CO="498.85" HC="2.67" NOx="5.66" PMx="0.47" fuel="6.17" electricity="0.00" noise="81.12" route="routetop" type="cfm_slow" waiting="0.00" lane="top_0" pos="14.06" speed="47.02" angle="249.18" x="35.73" y="122.70"/>
    </timestep>
    <timestep time="9.51">
        <vehicle id="cfm_slow_0" eclass="HBEFA3/PC_G_EU4" CO2="0.00" CO="0.00" HC="0.00" NOx="0.00" PMx="0.00" fuel="0.00" electricity="0.00" noise="80.99" route="routetop" type="cfm_slow" waiting="0.00" lane="left_0" pos="4.58" speed="47.02" angle="176.27" x="-0.96" y="54.27"/>
        <vehicle id="cfm_slow_1" eclass="HBEFA3/PC_G_EU4" CO2="0.00" CO="0.00" HC="0.00" NOx="0.00" PMx="0.00" fuel="0.00" electricity="0.00" noise="80.96" route="routetop" type="cfm_slow" waiting="0.00" lane="left_0" pos="44.63" speed="46.97" angle="104.18" x="52.67" y="-0.71"/>
        <vehicle id="cfm_slow_2" eclass="HBEFA3/PC_G_EU4" CO2="14289.37" CO="495.50" HC="2.65" NOx="5.63" PMx="0.46" fuel="6.14" electricity="0.00" noise="81.08" route="routebottom" type="cfm_slow" waiting="0.00" lane="bottom_0" pos="34.62" speed="46.92" angle="32.27" x="121.49" y="33.30"/>
        <vehicle id="cfm_slow_3" eclass="HBEFA3/PC_G_EU4" CO2="14834.27" CO="507.29" HC="2.72" NOx="5.89" PMx="0.48" fuel="6.38" electricity="0.00" noise="81.18" route="routebottom" type="cfm_slow" waiting="0.00" lane="right_0" pos="24.56" speed="46.95" angle="320.34" x="110.48" y="109.19"/>
        <vehicle id="cfm_slow_4" eclass="HBEFA3/PC_G_EU4" CO2="14343.87" CO="498.64" HC="2.66" NOx="5.66" PMx="0.47" fuel="6.17" electricity="0.00" noise="81.11" route="routetop" type="cfm_slow" waiting="0.00" lane="top_0" pos="14.53" speed="47.02" angle="248.32" x="34.87" y="122.27"/>
    </timestep>
    <timestep time="9.52">
        <vehicle id="cfm_slow_0" eclass="HBEFA3/PC_G_EU4" CO2="0.00" CO="0.00" HC="0.00" NOx="0.00" PMx="0.00" fuel="0.00" electricity="0.00" noise="80.99" route="routetop" type="cfm_slow" waiting="0.00" lane="left_0" pos="5.05" speed="47.02" angle="175.41" x="-0.83" y="53.32"/>
        <vehicle id="cfm_slow_1" eclass="HBEFA3/PC_G_EU4" CO2="0.00" CO="0.00" HC="0.00" NOx="0.00" PMx="0.00" fuel="0.00" electricity="0.00" noise="80.96" route="routetop" type="cfm_slow" waiting="0.00" lane="left_0" pos="45.10" speed="46.97" angle="103.38" x="53.62" y="-0.87"/>
        <vehicle id="cfm_slow_2" eclass="HBEFA3/PC_G_EU4" CO2="14293.13" CO="495.58" HC="2.65" NOx="5.64" PMx="0.46" fuel="6.14" electricity="0.00" noise="81.08" route="routebottom" type="cfm_slow" waiting="0.00" lane="bottom_0" pos="35.09" speed="46.92" angle="31.39" x="121.92" y="34.16"/>
        <vehicle id="cfm_slow_3" eclass="HBEFA3/PC_G_EU4" CO2="14828.34" CO="507.19" HC="2.72" NOx="5.89" PMx="0.48" fuel="6.37" electricity="0.00" noise="81.18" route="routebottom" type="cfm_slow" waiting="0.00" lane="right_0" pos="25.03" speed="46.95" angle="319.48" x="109.80" y="109.87"/>
        <vehicle id="cfm_slow_4" eclass="HBEFA3/PC_G_EU4" CO2="14333.67" CO="498.44" HC="2.66" NOx="5.65" PMx="0.47" fuel="6.16" electricity="0.00" noise="81.11" route="routetop" type="cfm_slow" waiting="0.00" lane="top_0" pos="15.00" speed="47.02" angle="247.45" x="34.00" y="121.84"/>
    </timestep>
    <timestep time="9.53">
        <vehicle id="cfm_slow_0" eclass="HBEFA3/PC_G_EU4" CO2="0.00" CO="0.00" HC="0.00" NOx="0.00" PMx="0.00" fuel="0.00" electricity="0.00" noise="80.99" route="routetop" type="cfm_slow" waiting="0.00" lane="left_0" pos="5.52" speed="47.02" angle="174.55" x="-0.66" y="52.37"/>
        <vehicle id="cfm_slow_1" eclass="HBEFA3/PC_G_EU4" CO2="0.00" CO="0.00" HC="0.00" NOx="0.00" PMx="0.00" fuel="0.00" electricity="0.00" noise="80.96" route="routetop" type="cfm_slow" waiting="0.00" lane="left_0" pos="45.57" speed="46.97" angle="102.52" x="54.58" y="-1.01"/>
        <vehicle id="cfm_slow_2" eclass="HBEFA3/PC_G_EU4" CO2="14296.82" CO="495.67" HC="2.65" NOx="5.64" PMx="0.47" fuel="6.15" electricity="0.00" noise="81.08" route="routebottom" type="cfm_slow" waiting="0.00" lane="bottom_0" pos="35.56" speed="46.92" angle="30.52" x="122.35" y="35.02"/>
        <vehicle id="cfm_slow_3" eclass="HBEFA3/PC_G_EU4" CO2="14822.38" CO="507.08" HC="2.71" NOx="5.89" PMx="0.48" fuel="6.37" electricity="0.00" noise="81.18" route="routebottom" type="cfm_slow" waiting="0.00" lane="right_0" pos="25.50" speed="46.95" angle="318.63" x="109.12" y="110.55"/>
        <vehicle id="cfm_slow_4" eclass="HBEFA3/PC_G_EU4" CO2="14323.56" CO="498.24" HC="2.66" NOx="5.65" PMx="0.47" fuel="6.16" electricity="0.00" noise="81.11" route="routetop" type="cfm_slow" waiting="0.00" lane="top_0" pos="15.47" speed="47.02" angle="246.65" x="33.14" y="121.40"/>
    </timestep>
    <timestep time="9.54">
        <vehicle id="cfm_slow_0" eclass="HBEFA3/PC_G_EU4" CO2="0.00" CO="0.00" HC="0.00" NOx="0.00" PMx="0.00" fuel="0.00" electricity="0.00" noise="80.99" route="routetop" type="cfm_slow" waiting="0.00" lane="left_0" pos="5.99" speed="47.02" angle="173.67" x="-0.48" y="51.42"/>
        <vehicle id="cfm_slow_1" eclass="HBEFA3/PC_G_EU4" CO2="0.00" CO="0.00" HC="0.00" NOx="0.00" PMx="0.00" fuel="0.00" electricity="0.00" noise="80.96" route="routetop" type="cfm_slow" waiting="0.00" lane="left_0" pos="46.04" speed="46.97" angle="101.66" x="55.53" y="-1.14"/>
        <vehicle id="cfm_slow_2" eclass="HBEFA3/PC_G_EU4" CO2="14300.43" CO="495.75" HC="2.65" NOx="5.64" PMx="0.47" fuel="6.15" electricity="0.00" noise="81.08" route="routebottom" type="cfm_slow" waiting="0.00" lane="bottom_0" pos="36.03" speed="46.92" angle="29.70" x="122.77" y="35.89"/>
        <vehicle id="cfm_slow_3" eclass="HBEFA3/PC_G_EU4" CO2="14816.39" CO="506.98" HC="2.71" NOx="5.88" PMx="0.48" fuel="6.37" electricity="0.00" noise="81.17" route="routebottom" type="cfm_slow" waiting="0.00" lane="right_0" pos="25.97" speed="46.95" angle="317.83" x="108.42" y="111.22"/>
        <vehicle id="cfm_slow_4" eclass="HBEFA3/PC_G_EU4" CO2="14313.53" CO="498.04" HC="2.66" NOx="5.64" PMx="0.47" fuel="6.15" electricity="0.00" noise="81.11" route="routetop" type="cfm_slow" waiting="0.00" lane="top_0" pos="15.94" speed="47.02" angle="245.81" x="32.30" y="120.94"/>
    </timestep>
    <timestep time="9.55">
        <vehicle id="cfm_slow_0" eclass="HBEFA3/PC_G_EU4" CO2="0.00" CO="0.00" HC="0.00" NOx="0.00" PMx="0.00" fuel="0.00" electricity="0.00" noise="80.99" route="routetop" type="cfm_slow" waiting="0.00" lane="left_0" pos="6.46" speed="47.02" angle="172.85" x="-0.30" y="50.47"/>
        <vehicle id="cfm_slow_1" eclass="HBEFA3/PC_G_EU4" CO2="0.00" CO="0.00" HC="0.00" NOx="0.00" PMx="0.00" fuel="0.00" electricity="0.00" noise="80.96" route="routetop" type="cfm_slow" waiting="0.00" lane="left_0" pos="46.51" speed="46.97" angle="100.85" x="56.49" y="-1.25"/>
        <vehicle id="cfm_slow_2" eclass="HBEFA3/PC_G_EU4" CO2="14303.97" CO="495.83" HC="2.65" NOx="5.64" PMx="0.47" fuel="6.15" electricity="0.00" noise="81.08" route="routebottom" type="cfm_slow" waiting="0.00" lane="bottom_0" pos="36.49" speed="46.93" angle="28.80" x="123.17" y="36.77"/>
        <vehicle id="cfm_slow_3" eclass="HBEFA3/PC_G_EU4" CO2="14810.37" CO="506.87" HC="2.71" NOx="5.88" PMx="0.48" fuel="6.37" electricity="0.00" noise="81.17" route="routebottom" type="cfm_slow" waiting="0.00" lane="right_0" pos="26.44" speed="46.95" angle="316.97" x="107.71" y="111.87"/>
        <vehicle id="cfm_slow_4" eclass="HBEFA3/PC_G_EU4" CO2="14303.58" CO="497.85" HC="2.66" NOx="5.64" PMx="0.47" fuel="6.15" electricity="0.00" noise="81.11" route="routetop" type="cfm_slow" waiting="0.00" lane="top_0" pos="16.41" speed="47.02" angle="244.96" x="31.46" y="120.47"/>
    </timestep>
    <timestep time="9.56">
        <vehicle id="cfm_slow_0" eclass="HBEFA3/PC_G_EU4" CO2="0.00" CO="0.00" HC="0.00" NOx="0.00" PMx="0.00" fuel="0.00" electricity="0.00" noise="80.99" route="routetop" type="cfm_slow" waiting="0.00" lane="left_0" pos="6.93" speed="47.02" angle="171.98" x="-0.09" y="49.53"/>
        <vehicle id="cfm_slow_1" eclass="HBEFA3/PC_G_EU4" CO2="0.00" CO="0.00" HC="0.00" NOx="0.00" PMx="0.00" fuel="0.00" electricity="0.00" noise="80.97" route="routetop" type="cfm_slow" waiting="0.00" lane="left_0" pos="46.98" speed="46.97" angle="99.97" x="57.45" y="-1.34"/>
        <vehicle id="cfm_slow_2" eclass="HBEFA3/PC_G_EU4" CO2="14307.44" CO="495.91" HC="2.65" NOx="5.64" PMx="0.47" fuel="6.15" electricity="0.00" noise="81.08" route="routebottom" type="cfm_slow" waiting="0.00" lane="bottom_0" pos="36.96" speed="46.93" angle="27.91" x="123.56" y="37.64"/>
        <vehicle id="cfm_slow_3" eclass="HBEFA3/PC_G_EU4" CO2="14804.33" CO="506.76" HC="2.71" NOx="5.88" PMx="0.48" fuel="6.36" electricity="0.00" noise="81.17" route="routebottom" type="cfm_slow" waiting="0.00" lane="right_0" pos="26.90" speed="46.95" angle="316.16" x="107.01" y="112.53"/>
        <vehicle id="cfm_slow_4" eclass="HBEFA3/PC_G_EU4" CO2="14293.71" CO="497.65" HC="2.66" NOx="5.64" PMx="0.47" fuel="6.14" electricity="0.00" noise="81.11" route="routetop" type="cfm_slow" waiting="0.00" lane="top_0" pos="16.88" speed="47.02" angle="244.15" x="30.62" y="119.99"/>
    </timestep>
    <timestep time="9.57">
        <vehicle id="cfm_slow_0" eclass="HBEFA3/PC_G_EU4" CO2="0.00" CO="0.00" HC="0.00" NOx="0.00" PMx="0.00" fuel="0.00" electricity="0.00" noise="80.99" route="routetop" type="cfm_slow" waiting="0.00" lane="left_0" pos="7.40" speed="47.02" angle="171.12" x="0.12" y="48.59"/>
        <vehicle id="cfm_slow_1" eclass="HBEFA3/PC_G_EU4" CO2="0.00" CO="0.00" HC="0.00" NOx="0.00" PMx="0.00" fuel="0.00" electricity="0.00" noise="80.97" route="routetop" type="cfm_slow" waiting="0.00" lane="left_0" pos="47.45" speed="46.97" angle="99.16" x="58.40" y="-1.44"/>
        <vehicle id="cfm_slow_2" eclass="HBEFA3/PC_G_EU4" CO2="14310.84" CO="495.99" HC="2.65" NOx="5.64" PMx="0.47" fuel="6.15" electricity="0.00" noise="81.08" route="routebottom" type="cfm_slow" waiting="0.00" lane="bottom_0" pos="37.43" speed="46.93" angle="27.11" x="123.93" y="38.53"/>
        <vehicle id="cfm_slow_3" eclass="HBEFA3/PC_G_EU4" CO2="14798.26" CO="506.66" HC="2.71" NOx="5.87" PMx="0.48" fuel="6.36" electricity="0.00" noise="81.17" route="routebottom" type="cfm_slow" waiting="0.00" lane="right_0" pos="27.37" speed="46.96" angle="315.25" x="106.27" y="113.15"/>
        <vehicle id="cfm_slow_4" eclass="HBEFA3/PC_G_EU4" CO2="14283.93" CO="497.46" HC="2.66" NOx="5.63" PMx="0.47" fuel="6.14" electricity="0.00" noise="81.11" route="routetop" type="cfm_slow" waiting="0.00" lane="top_0" pos="17.35" speed="47.02" angle="243.29" x="29.79" y="119.49"/>
    </timestep>
    <timestep time="9.58">
        <vehicle id="cfm_slow_0" eclass="HBEFA3/PC_G_EU4" CO2="0.00" CO="0.00" HC="0.00" NOx="0.00" PMx="0.00" fuel="0.00" electricity="0.00" noise="80.99" route="routetop" type="cfm_slow" waiting="0.00" lane="left_0" pos="7.87" speed="47.02" angle="170.30" x="0.35" y="47.65"/>
        <vehicle id="cfm_slow_1" eclass="HBEFA3/PC_G_EU4" CO2="0.00" CO="0.00" HC="0.00" NOx="0.00" PMx="0.00" fuel="0.00" electricity="0.00" noise="80.97" route="routetop" type="cfm_slow" waiting="0.00" lane="left_0" pos="47.92" speed="46.97" angle="98.29" x="59.37" y="-1.50"/>
        <vehicle id="cfm_slow_2" eclass="HBEFA3/PC_G_EU4" CO2="14314.16" CO="496.07" HC="2.65" NOx="5.65" PMx="0.47" fuel="6.15" electricity="0.00" noise="81.08" route="routebottom" type="cfm_slow" waiting="0.00" lane="bottom_0" pos="37.90" speed="46.93" angle="26.25" x="124.29" y="39.42"/>
        <vehicle id="cfm_slow_3" eclass="HBEFA3/PC_G_EU4" CO2="14792.16" CO="506.55" HC="2.71" NOx="5.87" PMx="0.48" fuel="6.36" electricity="0.00" noise="81.17" route="routebottom" type="cfm_slow" waiting="0.00" lane="right_0" pos="27.84" speed="46.96" angle="314.32" x="105.53" y="113.77"/>
        <vehicle id="cfm_slow_4" eclass="HBEFA3/PC_G_EU4" CO2="14274.22" CO="497.26" HC="2.66" NOx="5.63" PMx="0.47" fuel="6.14" electricity="0.00" noise="81.10" route="routetop" type="cfm_slow" waiting="0.00" lane="top_0" pos="17.82" speed="47.02" angle="242.43" x="28.97" y="119.00"/>
    </timestep>
    <timestep time="9.59">
        <vehicle id="cfm_slow_0" eclass="HBEFA3/PC_G_EU4" CO2="0.00" CO="0.00" HC="0.00" NOx="0.00" PMx="0.00" fuel="0.00" electricity="0.00" noise="80.99" route="routetop" type="cfm_slow" waiting="0.00" lane="left_0" pos="8.34" speed="47.02" angle="169.43" x="0.60" y="46.72"/>
        <vehicle id="cfm_slow_1" eclass="HBEFA3/PC_G_EU4" CO2="0.00" CO="0.00" HC="0.00" NOx="0.00" PMx="0.00" fuel="0.00" electricity="0.00" noise="80.97" route="routetop" type="cfm_slow" waiting="0.00" lane="left_0" pos="48.39" speed="46.97" angle="97.42" x="60.33" y="-1.56"/>
        <vehicle id="cfm_slow_2" eclass="HBEFA3/PC_G_EU4" CO2="14317.41" CO="496.14" HC="2.65" NOx="5.65" PMx="0.47" fuel="6.15" electricity="0.00" noise="81.08" route="routebottom" type="cfm_slow" waiting="0.00" lane="bottom_0" pos="38.37" speed="46.93" angle="25.40" x="124.64" y="40.32"/>
        <vehicle id="cfm_slow_3" eclass="HBEFA3/PC_G_EU4" CO2="14786.04" CO="506.44" HC="2.71" NOx="5.87" PMx="0.48" fuel="6.36" electricity="0.00" noise="81.17" route="routebottom" type="cfm_slow" waiting="0.00" lane="right_0" pos="28.31" speed="46.96" angle="313.49" x="104.79" y="114.38"/>
        <vehicle id="cfm_slow_4" eclass="HBEFA3/PC_G_EU4" CO2="14264.59" CO="497.07" HC="2.66" NOx="5.62" PMx="0.47" fuel="6.13" electricity="0.00" noise="81.10" route="routetop" type="cfm_slow" waiting="0.00" lane="top_0" pos="18.29" speed="47.02" angle="241.61" x="28.16" y="118.48"/>
    </timestep>
    <timestep time="9.60">
        <vehicle id="cfm_slow_0" eclass="HBEFA3/PC_G_EU4" CO2="0.00" CO="0.00" HC="0.00" NOx="0.00" PMx="0.00" fuel="0.00" electricity="0.00" noise="80.99" route="routetop" type="cfm_slow" waiting="0.00" lane="left_0" pos="8.81" speed="47.02" angle="168.55" x="0.85" y="45.79"/>
        <vehicle id="cfm_slow_1" eclass="HBEFA3/PC_G_EU4" CO2="0.00" CO="0.00" HC="0.00" NOx="0.00" PMx="0.00" fuel="0.00" electricity="0.00" noise="80.97" route="routetop" type="cfm_slow" waiting="0.00" lane="left_0" pos="48.86" speed="46.97" angle="96.61" x="61.29" y="-1.60"/>
        <vehicle id="cfm_slow_2" eclass="HBEFA3/PC_G_EU4" CO2="14320.59" CO="496.22" HC="2.65" NOx="5.65" PMx="0.47" fuel="6.16" electricity="0.00" noise="81.08" route="routebottom" type="cfm_slow" waiting="0.00" lane="bottom_0" pos="38.84" speed="46.93" angle="24.59" x="124.98" y="41.22"/>
        <vehicle id="cfm_slow_3" eclass="HBEFA3/PC_G_EU4" CO2="14779.89" CO="506.33" HC="2.71" NOx="5.87" PMx="0.48" fuel="6.35" electricity="0.00" noise="81.17" route="routebottom" type="cfm_slow" waiting="0.00" lane="right_0" pos="28.78" speed="46.96" angle="312.63" x="104.03" y="114.98"/>
        <vehicle id="cfm_slow_4" eclass="HBEFA3/PC_G_EU4" CO2="14255.05" CO="496.88" HC="2.65" NOx="5.62" PMx="0.46" fuel="6.13" electricity="0.00" noise="81.10" route="routetop" type="cfm_slow" waiting="0.00" lane="top_0" pos="18.76" speed="47.02" angle="240.71" x="27.36" y="117.94"/>
    </timestep>
    <timestep time="9.61">
        <vehicle id="cfm_slow_0" eclass="HBEFA3/PC_G_EU4" CO2="0.00" CO="0.00" HC="0.00" NOx="0.00" PMx="0.00" fuel="0.00" electricity="0.00" noise="80.99" route="routetop" type="cfm_slow" waiting="0.00" lane="left_0" pos="9.28" speed="47.02" angle="167.75" x="1.12" y="44.87"/>
        <vehicle id="cfm_slow_1" eclass="HBEFA3/PC_G_EU4" CO2="0.00" CO="0.00" HC="0.00" NOx="0.00" PMx="0.00" fuel="0.00" electricity="0.00" noise="80.97" route="routetop" type="cfm_slow" waiting="0.00" lane="left_0" pos="49.33" speed="46.97" angle="95.73" x="62.25" y="-1.62"/>
        <vehicle id="cfm_slow_2" eclass="HBEFA3/PC_G_EU4" CO2="14323.70" CO="496.29" HC="2.65" NOx="5.65" PMx="0.47" fuel="6.16" electricity="0.00" noise="81.09" route="routebottom" type="cfm_slow" waiting="0.00" lane="bottom_0" pos="39.31" speed="46.93" angle="23.74" x="125.31" y="42.13"/>
        <vehicle id="cfm_slow_3" eclass="HBEFA3/PC_G_EU4" CO2="14773.73" CO="506.22" HC="2.71" NOx="5.86" PMx="0.48" fuel="6.35" electricity="0.00" noise="81.17" route="routebottom" type="cfm_slow" waiting="0.00" lane="right_0" pos="29.25" speed="46.96" angle="311.78" x="103.27" y="115.57"/>
        <vehicle id="cfm_slow_4" eclass="HBEFA3/PC_G_EU4" CO2="14245.58" CO="496.69" HC="2.65" NOx="5.61" PMx="0.46" fuel="6.12" electricity="0.00" noise="81.10" route="routetop" type="cfm_slow" waiting="0.00" lane="top_0" pos="19.23" speed="47.02" angle="239.87" x="26.55" y="117.41"/>
    </timestep>
    <timestep time="9.62">
        <vehicle id="cfm_slow_0" eclass="HBEFA3/PC_G_EU4" CO2="0.00" CO="0.00" HC="0.00" NOx="0.00" PMx="0.00" fuel="0.00" electricity="0.00" noise="80.99" route="routetop" type="cfm_slow" waiting="0.00" lane="left_0" pos="9.75" speed="47.02" angle="166.89" x="1.41" y="43.95"/>
        <vehicle id="cfm_slow_1" eclass="HBEFA3/PC_G_EU4" CO2="0.00" CO="0.00" HC="0.00" NOx="0.00" PMx="0.00" fuel="0.00" electricity="0.00" noise="80.97" route="routetop" type="cfm_slow" waiting="0.00" lane="left_0" pos="49.80" speed="46.97" angle="94.85" x="63.21" y="-1.64"/>
        <vehicle id="cfm_slow_2" eclass="HBEFA3/PC_G_EU4" CO2="14326.73" CO="496.36" HC="2.65" NOx="5.65" PMx="0.47" fuel="6.16" electricity="0.00" noise="81.09" route="routebottom" type="cfm_slow" waiting="0.00" lane="bottom_0" pos="39.78" speed="46.93" angle="22.96" x="125.64" y="43.03"/>
        <vehicle id="cfm_slow_3" eclass="HBEFA3/PC_G_EU4" CO2="14767.54" CO="506.11" HC="2.71" NOx="5.86" PMx="0.48" fuel="6.35" electricity="0.00" noise="81.17" route="routebottom" type="cfm_slow" waiting="0.00" lane="right_0" pos="29.72" speed="46.96" angle="310.98" x="102.51" y="116.15"/>
        <vehicle id="cfm_slow_4" eclass="HBEFA3/PC_G_EU4" CO2="14236.20" CO="496.51" HC="2.65" NOx="5.61" PMx="0.46" fuel="6.12" electricity="0.00" noise="81.10" route="routetop" type="cfm_slow" waiting="0.00" lane="top_0" pos="19.70" speed="47.02" angle="239.00" x="25.77" y="116.84"/>
    </timestep>
    <timestep time="9.63">
        <vehicle id="cfm_slow_0" eclass="HBEFA3/PC_G_EU4" CO2="0.00" CO="0.00" HC="0.00" NOx="0.00" PMx="0.00" fuel="0.00" electricity="0.00" noise="80.99" route="routetop" type="cfm_slow" waiting="0.00" lane="left_0" pos="10.22" speed="47.02" angle="166.08" x="1.70" y="43.03"/>
        <vehicle id="cfm_slow_1" eclass="HBEFA3/PC_G_EU4" CO2="0.00" CO="0.00" HC="0.00" NOx="0.00" PMx="0.00" fuel="0.00" electricity="0.00" noise="80.97" route="routebottom" type="cfm_slow" waiting="0.00" lane="bottom_0" pos="0.27" speed="46.97" angle="94.01" x="64.24" y="-1.64"/>
        <vehicle id="cfm_slow_2" eclass="HBEFA3/PC_G_EU4" CO2="14329.69" CO="496.43" HC="2.65" NOx="5.65" PMx="0.47" fuel="6.16" electricity="0.00" noise="81.09" route="routebottom" type="cfm_slow" waiting="0.00" lane="bottom_0" pos="40.25" speed="46.93" angle="22.09" x="125.92" y="43.95"/>
        <vehicle id="cfm_slow_3" eclass="HBEFA3/PC_G_EU4" CO2="14761.33" CO="505.99" HC="2.71" NOx="5.86" PMx="0.48" fuel="6.35" electricity="0.00" noise="81.17" route="routebottom" type="cfm_slow" waiting="0.00" lane="right_0" pos="30.19" speed="46.96" angle="310.12" x="101.73" y="116.71"/>
        <vehicle id="cfm_slow_4" eclass="HBEFA3/PC_G_EU4" CO2="14226.90" CO="496.32" HC="2.65" NOx="5.60" PMx="0.46" fuel="6.12" electricity="0.00" noise="81.10" route="routetop" type="cfm_slow" waiting="0.00" lane="top_0" pos="20.17" speed="47.02" angle="238.12" x="24.99" y="116.28"/>
    </timestep>
    <timestep time="9.64">
        <vehicle id="cfm_slow_0" eclass="HBEFA3/PC_G_EU4" CO2="0.00" CO="0.00" HC="0.00" NOx="0.00" PMx="0.00" fuel="0.00" electricity="0.00" noise="80.99" route="routetop" type="cfm_slow" waiting="0.00" lane="left_0" pos="10.69" speed="47.02" angle="165.21" x="2.02" y="42.12"/>
        <vehicle id="cfm_slow_1" eclass="HBEFA3/PC_G_EU4" CO2="0.00" CO="0.00" HC="0.00" NOx="0.00" PMx="0.00" fuel="0.00" electricity="0.00" noise="80.97" route="routebottom" type="cfm_slow" waiting="0.00" lane="bottom_0" pos="0.74" speed="46.97" angle="93.15" x="65.20" y="-1.62"/>
        <vehicle id="cfm_slow_2" eclass="HBEFA3/PC_G_EU4" CO2="14332.59" CO="496.50" HC="2.65" NOx="5.65" PMx="0.47" fuel="6.16" electricity="0.00" noise="81.09" route="routebottom" type="cfm_slow" waiting="0.00" lane="bottom_0" pos="40.72" speed="46.93" angle="21.22" x="126.21" y="44.87"/>
        <vehicle id="cfm_slow_3" eclass="HBEFA3/PC_G_EU4" CO2="14755.10" CO="505.88" HC="2.71" NOx="5.85" PMx="0.48" fuel="6.34" electricity="0.00" noise="81.17" route="routebottom" type="cfm_slow" waiting="0.00" lane="right_0" pos="30.66" speed="46.96" angle="309.27" x="100.95" y="117.28"/>
        <vehicle id="cfm_slow_4" eclass="HBEFA3/PC_G_EU4" CO2="14217.68" CO="496.14" HC="2.65" NOx="5.60" PMx="0.46" fuel="6.11" electricity="0.00" noise="81.10" route="routetop" type="cfm_slow" waiting="0.00" lane="top_0" pos="20.64" speed="47.02" angle="237.32" x="24.22" y="115.70"/>
    </timestep>
    <timestep time="9.65">
        <vehicle id="cfm_slow_0" eclass="HBEFA3/PC_G_EU4" CO2="0.00" CO="0.00" HC="0.00" NOx="0.00" PMx="0.00" fuel="0.00" electricity="0.00" noise="80.99" route="routetop" type="cfm_slow" waiting="0.00" lane="left_0" pos="11.16" speed="47.02" angle="164.34" x="2.35" y="41.21"/>
        <vehicle id="cfm_slow_1" eclass="HBEFA3/PC_G_EU4" CO2="0.00" CO="0.00" HC="0.00" NOx="0.00" PMx="0.00" fuel="0.00" electricity="0.00" noise="80.97" route="routebottom" type="cfm_slow" waiting="0.00" lane="bottom_0" pos="1.21" speed="46.97" angle="92.31" x="66.16" y="-1.60"/>
        <vehicle id="cfm_slow_2" eclass="HBEFA3/PC_G_EU4" CO2="14335.41" CO="496.57" HC="2.65" NOx="5.66" PMx="0.47" fuel="6.16" electricity="0.00" noise="81.09" route="routebottom" type="cfm_slow" waiting="0.00" lane="bottom_0" pos="41.19" speed="46.93" angle="20.41" x="126.48" y="45.79"/>
        <vehicle id="cfm_slow_3" eclass="HBEFA3/PC_G_EU4" CO2="14748.85" CO="505.77" HC="2.71" NOx="5.85" PMx="0.48" fuel="6.34" electricity="0.00" noise="81.17" route="routebottom" type="cfm_slow" waiting="0.00" lane="right_0" pos="31.13" speed="46.96" angle="308.46" x="100.15" y="117.82"/>
        <vehicle id="cfm_slow_4" eclass="HBEFA3/PC_G_EU4" CO2="14208.54" CO="495.96" HC="2.65" NOx="5.59" PMx="0.46" fuel="6.11" electricity="0.00" noise="81.09" route="routetop" type="cfm_slow" waiting="0.00" lane="top_0" pos="21.11" speed="47.02" angle="236.47" x="23.46" y="115.11"/>
    </timestep>
    <timestep time="9.66">
        <vehicle id="cfm_slow_0" eclass="HBEFA3/PC_G_EU4" CO2="0.00" CO="0.00" HC="0.00" NOx="0.00" PMx="0.00" fuel="0.00" electricity="0.00" noise="80.99" route="routetop" type="cfm_slow" waiting="0.00" lane="left_0" pos="11.63" speed="47.02" angle="163.53" x="2.68" y="40.31"/>
        <vehicle id="cfm_slow_1" eclass="HBEFA3/PC_G_EU4" CO2="0.00" CO="0.00" HC="0.00" NOx="0.00" PMx="0.00" fuel="0.00" electricity="0.00" noise="80.97" route="routebottom" type="cfm_slow" waiting="0.00" lane="bottom_0" pos="1.68" speed="46.97" angle="91.48" x="67.12" y="-1.55"/>
        <vehicle id="cfm_slow_2" eclass="HBEFA3/PC_G_EU4" CO2="14338.16" CO="496.63" HC="2.66" NOx="5.66" PMx="0.47" fuel="6.16" electricity="0.00" noise="81.09" route="routebottom" type="cfm_slow" waiting="0.00" lane="bottom_0" pos="41.66" speed="46.93" angle="19.53" x="126.72" y="46.72"/>
        <vehicle id="cfm_slow_3" eclass="HBEFA3/PC_G_EU4" CO2="14742.58" CO="505.66" HC="2.71" NOx="5.85" PMx="0.48" fuel="6.34" electricity="0.00" noise="81.16" route="routebottom" type="cfm_slow" waiting="0.00" lane="right_0" pos="31.60" speed="46.96" angle="307.60" x="99.35" y="118.35"/>
        <vehicle id="cfm_slow_4" eclass="HBEFA3/PC_G_EU4" CO2="14199.49" CO="495.77" HC="2.65" NOx="5.59" PMx="0.46" fuel="6.10" electricity="0.00" noise="81.09" route="routetop" type="cfm_slow" waiting="0.00" lane="top_0" pos="21.58" speed="47.02" angle="235.62" x="22.70" y="114.51"/>
    </timestep>
    <timestep time="9.67">
        <vehicle id="cfm_slow_0" eclass="HBEFA3/PC_G_EU4" CO2="0.00" CO="0.00" HC="0.00" NOx="0.00" PMx="0.00" fuel="0.00" electricity="0.00" noise="80.99" route="routetop" type="cfm_slow" waiting="0.00" lane="left_0" pos="12.10" speed="47.02" angle="162.68" x="3.04" y="39.41"/>
        <vehicle id="cfm_slow_1" eclass="HBEFA3/PC_G_EU4" CO2="0.00" CO="0.00" HC="0.00" NOx="0.00" PMx="0.00" fuel="0.00" electricity="0.00" noise="80.97" route="routebottom" type="cfm_slow" waiting="0.00" lane="bottom_0" pos="2.15" speed="46.97" angle="90.62" x="68.09" y="-1.49"/>
        <vehicle id="cfm_slow_2" eclass="HBEFA3/PC_G_EU4" CO2="14340.84" CO="496.70" HC="2.66" NOx="5.66" PMx="0.47" fuel="6.16" electricity="0.00" noise="81.09" route="routebottom" type="cfm_slow" waiting="0.00" lane="bottom_0" pos="42.13" speed="46.93" angle="18.65" x="126.97" y="47.65"/>
        <vehicle id="cfm_slow_3" eclass="HBEFA3/PC_G_EU4" CO2="14736.29" CO="505.54" HC="2.71" NOx="5.84" PMx="0.48" fuel="6.33" electricity="0.00" noise="81.16" route="routebottom" type="cfm_slow" waiting="0.00" lane="right_0" pos="32.07" speed="46.96" angle="306.81" x="98.55" y="118.88"/>
        <vehicle id="cfm_slow_4" eclass="HBEFA3/PC_G_EU4" CO2="14190.51" CO="495.60" HC="2.65" NOx="5.59" PMx="0.46" fuel="6.10" electricity="0.00" noise="81.09" route="routetop" type="cfm_slow" waiting="0.00" lane="top_0" pos="22.05" speed="47.02" angle="234.80" x="21.95" y="113.90"/>
    </timestep>
    <timestep time="9.68">
        <vehicle id="cfm_slow_0" eclass="HBEFA3/PC_G_EU4" CO2="0.00" CO="0.00" HC="0.00" NOx="0.00" PMx="0.00" fuel="0.00" electricity="0.00" noise="80.99" route="routetop" type="cfm_slow" waiting="0.00" lane="left_0" pos="12.57" speed="47.02" angle="161.84" x="3.39" y="38.51"/>
        <vehicle id="cfm_slow_1" eclass="HBEFA3/PC_G_EU4" CO2="0.00" CO="0.00" HC="0.00" NOx="0.00" PMx="0.00" fuel="0.00" electricity="0.00" noise="80.98" route="routebottom" type="cfm_slow" waiting="0.00" lane="bottom_0" pos="2.62" speed="46.97" angle="89.81" x="69.05" y="-1.43"/>
        <vehicle id="cfm_slow_2" eclass="HBEFA3/PC_G_EU4" CO2="14343.45" CO="496.76" HC="2.66" NOx="5.66" PMx="0.47" fuel="6.17" electricity="0.00" noise="81.09" route="routebottom" type="cfm_slow" waiting="0.00" lane="bottom_0" pos="42.60" speed="46.93" angle="17.87" x="127.20" y="48.59"/>
        <vehicle id="cfm_slow_3" eclass="HBEFA3/PC_G_EU4" CO2="14729.99" CO="505.43" HC="2.70" NOx="5.84" PMx="0.48" fuel="6.33" electricity="0.00" noise="81.16" route="routebottom" type="cfm_slow" waiting="0.00" lane="right_0" pos="32.54" speed="46.96" angle="305.96" x="97.72" y="119.38"/>
        <vehicle id="cfm_slow_4" eclass="HBEFA3/PC_G_EU4" CO2="14181.62" CO="495.42" HC="2.65" NOx="5.58" PMx="0.46" fuel="6.10" electricity="0.00" noise="81.09" route="routetop" type="cfm_slow" waiting="0.00" lane="top_0" pos="22.52" speed="47.02" angle="233.92" x="21.21" y="113.28"/>
    </timestep>
    <timestep time="9.69">
        <vehicle id="cfm_slow_0" eclass="HBEFA3/PC_G_EU4" CO2="0.00" CO="0.00" HC="0.00" NOx="0.00" PMx="0.00" fuel="0.00" electricity="0.00" noise="80.98" route="routetop" type="cfm_slow" waiting="0.00" lane="left_0" pos="13.05" speed="47.02" angle="161.04" x="3.77" y="37.63"/>
        <vehicle id="cfm_slow_1" eclass="HBEFA3/PC_G_EU4" CO2="0.00" CO="0.00" HC="0.00" NOx="0.00" PMx="0.00" fuel="0.00" electricity="0.00" noise="80.98" route="routebottom" type="cfm_slow" waiting="0.00" lane="bottom_0" pos="3.08" speed="46.97" angle="88.96" x="70.00" y="-1.33"/>
        <vehicle id="cfm_slow_2" eclass="HBEFA3/PC_G_EU4" CO2="14345.99" CO="496.82" HC="2.66" NOx="5.66" PMx="0.47" fuel="6.17" electricity="0.00" noise="81.09" route="routebottom" type="cfm_slow" waiting="0.00" lane="bottom_0" pos="43.06" speed="46.93" angle="17.04" x="127.41" y="49.52"/>
        <vehicle id="cfm_slow_3" eclass="HBEFA3/PC_G_EU4" CO2="14723.67" CO="505.31" HC="2.70" NOx="5.84" PMx="0.48" fuel="6.33" electricity="0.00" noise="81.16" route="routebottom" type="cfm_slow" waiting="0.00" lane="right_0" pos="33.01" speed="46.96" angle="305.10" x="96.89" y="119.88"/>
        <vehicle id="cfm_slow_4" eclass="HBEFA3/PC_G_EU4" CO2="14172.80" CO="495.24" HC="2.64" NOx="5.58" PMx="0.46" fuel="6.09" electricity="0.00" noise="81.09" route="routetop" type="cfm_slow" waiting="0.00" lane="top_0" pos="22.99" speed="47.02" angle="233.06" x="20.48" y="112.66"/>
    </timestep>
    <timestep time="9.70">
        <vehicle id="cfm_slow_0" eclass="HBEFA3/PC_G_EU4" CO2="0.00" CO="0.00" HC="0.00" NOx="0.00" PMx="0.00" fuel="0.00" electricity="0.00" noise="80.98" route="routetop" type="cfm_slow" waiting="0.00" lane="left_0" pos="13.52" speed="47.02" angle="160.18" x="4.16" y="36.75"/>
        <vehicle id="cfm_slow_1" eclass="HBEFA3/PC_G_EU4" CO2="0.00" CO="0.00" HC="0.00" NOx="0.00" PMx="0.00" fuel="0.00" electricity="0.00" noise="80.98" route="routebottom" type="cfm_slow" waiting="0.00" lane="bottom_0" pos="3.55" speed="46.97" angle="88.10" x="70.96" y="-1.24"/>
        <vehicle id="cfm_slow_2" eclass="HBEFA3/PC_G_EU4" CO2="14348.46" CO="496.88" HC="2.66" NOx="5.66" PMx="0.47" fuel="6.17" electricity="0.00" noise="81.09" route="routebottom" type="cfm_slow" waiting="0.00" lane="bottom_0" pos="43.53" speed="46.93" angle="16.24" x="127.63" y="50.46"/>
        <vehicle id="cfm_slow_3" eclass="HBEFA3/PC_G_EU4" CO2="14717.34" CO="505.20" HC="2.70" NOx="5.84" PMx="0.48" fuel="6.33" electricity="0.00" noise="81.16" route="routebottom" type="cfm_slow" waiting="0.00" lane="right_0" pos="33.48" speed="46.96" angle="304.30" x="96.06" y="120.36"/>
        <vehicle id="cfm_slow_4" eclass="HBEFA3/PC_G_EU4" CO2="14164.07" CO="495.07" HC="2.64" NOx="5.57" PMx="0.46" fuel="6.09" electricity="0.00" noise="81.09" route="routetop" type="cfm_slow" waiting="0.00" lane="top_0" pos="23.46" speed="47.02" angle="232.25" x="19.77" y="112.01"/>
    </timestep>
    <timestep time="9.71">
        <vehicle id="cfm_slow_0" eclass="HBEFA3/PC_G_EU4" CO2="0.00" CO="0.00" HC="0.00" NOx="0.00" PMx="0.00" fuel="0.00" electricity="0.00" noise="80.98" route="routetop" type="cfm_slow" waiting="0.00" lane="left_0" pos="13.99" speed="47.02" angle="159.33" x="4.56" y="35.87"/>
        <vehicle id="cfm_slow_1" eclass="HBEFA3/PC_G_EU4" CO2="0.00" CO="0.00" HC="0.00" NOx="0.00" PMx="0.00" fuel="0.00" electricity="0.00" noise="80.98" route="routebottom" type="cfm_slow" waiting="0.00" lane="bottom_0" pos="4.02" speed="46.97" angle="87.29" x="71.92" y="-1.12"/>
        <vehicle id="cfm_slow_2" eclass="HBEFA3/PC_G_EU4" CO2="14350.86" CO="496.94" HC="2.66" NOx="5.66" PMx="0.47" fuel="6.17" electricity="0.00" noise="81.09" route="routebottom" type="cfm_slow" waiting="0.00" lane="bottom_0" pos="44.00" speed="46.93" angle="15.37" x="127.81" y="51.41"/>
        <vehicle id="cfm_slow_3" eclass="HBEFA3/PC_G_EU4" CO2="14710.99" CO="505.08" HC="2.70" NOx="5.83" PMx="0.48" fuel="6.32" electricity="0.00" noise="81.16" route="routebottom" type="cfm_slow" waiting="0.00" lane="right_0" pos="33.95" speed="46.97" angle="303.44" x="95.22" y="120.83"/>
        <vehicle id="cfm_slow_4" eclass="HBEFA3/PC_G_EU4" CO2="14155.43" CO="494.89" HC="2.64" NOx="5.57" PMx="0.46" fuel="6.08" electricity="0.00" noise="81.09" route="routetop" type="cfm_slow" waiting="0.00" lane="top_0" pos="23.93" speed="47.02" angle="231.39" x="19.06" y="111.35"/>
    </timestep>
    <timestep time="9.72">
        <vehicle id="cfm_slow_0" eclass="HBEFA3/PC_G_EU4" CO2="0.00" CO="0.00" HC="0.00" NOx="0.00" PMx="0.00" fuel="0.00" electricity="0.00" noise="80.98" route="routetop" type="cfm_slow" waiting="0.00" lane="left_0" pos="14.46" speed="47.02" angle="158.51" x="4.98" y="35.00"/>
        <vehicle id="cfm_slow_1" eclass="HBEFA3/PC_G_EU4" CO2="0.00" CO="0.00" HC="0.00" NOx="0.00" PMx="0.00" fuel="0.00" electricity="0.00" noise="80.98" route="routebottom" type="cfm_slow" waiting="0.00" lane="bottom_0" pos="4.49" speed="46.97" angle="86.44" x="72.87" y="-0.99"/>
        <vehicle id="cfm_slow_2" eclass="HBEFA3/PC_G_EU4" CO2="14353.20" CO="497.00" HC="2.66" NOx="5.66" PMx="0.47" fuel="6.17" electricity="0.00" noise="81.09" route="routebottom" type="cfm_slow" waiting="0.00" lane="bottom_0" pos="44.47" speed="46.93" angle="14.45" x="127.98" y="52.35"/>
        <vehicle id="cfm_slow_3" eclass="HBEFA3/PC_G_EU4" CO2="14704.62" CO="504.97" HC="2.70" NOx="5.83" PMx="0.48" fuel="6.32" electricity="0.00" noise="81.16" route="routebottom" type="cfm_slow" waiting="0.00" lane="right_0" pos="34.42" speed="46.97" angle="302.58" x="94.38" y="121.29"/>
        <vehicle id="cfm_slow_4" eclass="HBEFA3/PC_G_EU4" CO2="14146.86" CO="494.72" HC="2.64" NOx="5.57" PMx="0.46" fuel="6.08" electricity="0.00" noise="81.08" route="routetop" type="cfm_slow" waiting="0.00" lane="top_0" pos="24.40" speed="47.02" angle="230.58" x="18.35" y="110.69"/>
    </timestep>
    <timestep time="9.73">
        <vehicle id="cfm_slow_0" eclass="HBEFA3/PC_G_EU4" CO2="0.00" CO="0.00" HC="0.00" NOx="0.00" PMx="0.00" fuel="0.00" electricity="0.00" noise="80.98" route="routetop" type="cfm_slow" waiting="0.00" lane="left_0" pos="14.93" speed="47.02" angle="157.64" x="5.41" y="34.14"/>
        <vehicle id="cfm_slow_1" eclass="HBEFA3/PC_G_EU4" CO2="0.00" CO="0.00" HC="0.00" NOx="0.00" PMx="0.00" fuel="0.00" electricity="0.00" noise="80.98" route="routebottom" type="cfm_slow" waiting="0.00" lane="bottom_0" pos="4.96" speed="46.97" angle="85.58" x="73.83" y="-0.85"/>
        <vehicle id="cfm_slow_2" eclass="HBEFA3/PC_G_EU4" CO2="14355.46" CO="497.05" HC="2.66" NOx="5.67" PMx="0.47" fuel="6.17" electricity="0.00" noise="81.09" route="routebottom" type="cfm_slow" waiting="0.00" lane="bottom_0" pos="44.94" speed="46.93" angle="13.62" x="128.15" y="53.30"/>
        <vehicle id="cfm_slow_3" eclass="HBEFA3/PC_G_EU4" CO2="14698.25" CO="504.85" HC="2.70" NOx="5.83" PMx="0.48" fuel="6.32" electricity="0.00" noise="81.16" route="routebottom" type="cfm_slow" waiting="0.00" lane="right_0" pos="34.89" speed="46.97" angle="301.77" x="93.52" y="121.74"/>
        <vehicle id="cfm_slow_4" eclass="HBEFA3/PC_G_EU4" CO2="14138.37" CO="494.55" HC="2.64" NOx="5.56" PMx="0.46" fuel="6.08" electricity="0.00" noise="81.08" route="routetop" type="cfm_slow" waiting="0.00" lane="top_0" pos="24.87" speed="47.02" angle="229.74" x="17.67" y="110.01"/>
    </timestep>
    <timestep time="9.74">
        <vehicle id="cfm_slow_0" eclass="HBEFA3/PC_G_EU4" CO2="0.00" CO="0.00" HC="0.00" NOx="0.00" PMx="0.00" fuel="0.00" electricity="0.00" noise="80.98" route="routetop" type="cfm_slow" waiting="0.00" lane="left_0" pos="15.40" speed="47.02" angle="156.83" x="5.84" y="33.28"/>
        <vehicle id="cfm_slow_1" eclass="HBEFA3/PC_G_EU4" CO2="0.00" CO="0.00" HC="0.00" NOx="0.00" PMx="0.00" fuel="0.00" electricity="0.00" noise="80.98" route="routebottom" type="cfm_slow" waiting="0.00" lane="bottom_0" pos="5.43" speed="46.97" angle="84.73" x="74.78" y="-0.69"/>
        <vehicle id="cfm_slow_2" eclass="HBEFA3/PC_G_EU4" CO2="14357.66" CO="497.11" HC="2.66" NOx="5.67" PMx="0.47" fuel="6.17" electricity="0.00" noise="81.09" route="routebottom" type="cfm_slow" waiting="0.00" lane="bottom_0" pos="45.41" speed="46.93" angle="12.76" x="128.28" y="54.26"/>
        <vehicle id="cfm_slow_3" eclass="HBEFA3/PC_G_EU4" CO2="14691.86" CO="504.73" HC="2.70" NOx="5.82" PMx="0.48" fuel="6.32" electricity="0.00" noise="81.16" route="routebottom" type="cfm_slow" waiting="0.00" lane="right_0" pos="35.36" speed="46.97" angle="300.89" x="92.66" y="122.17"/>
        <vehicle id="cfm_slow_4" eclass="HBEFA3/PC_G_EU4" CO2="14129.97" CO="494.38" HC="2.64" NOx="5.56" PMx="0.46" fuel="6.07" electricity="0.00" noise="81.08" route="routetop" type="cfm_slow" waiting="0.00" lane="top_0" pos="25.34" speed="47.02" angle="228.89" x="16.99" y="109.33"/>
    </timestep>
    <timestep time="9.75">
        <vehicle id="cfm_slow_0" eclass="HBEFA3/PC_G_EU4" CO2="0.00" CO="0.00" HC="0.00" NOx="0.00" PMx="0.00" fuel="0.00" electricity="0.00" noise="80.98" route="routetop" type="cfm_slow" waiting="0.00" lane="left_0" pos="15.87" speed="47.02" angle="155.97" x="6.31" y="32.43"/>
        <vehicle id="cfm_slow_1" eclass="HBEFA3/PC_G_EU4" CO2="0.00" CO="0.00" HC="0.00" NOx="0.00" PMx="0.00" fuel="0.00" electricity="0.00" noise="80.98" route="routebottom" type="cfm_slow" waiting="0.00" lane="bottom_0" pos="5.90" speed="46.97" angle="83.84" x="75.72" y="-0.52"/>
        <vehicle id="cfm_slow_2" eclass="HBEFA3/PC_G_EU4" CO2="14359.79" CO="497.16" HC="2.66" NOx="5.67" PMx="0.47" fuel="6.17" electricity="0.00" noise="81.09" route="routebottom" type="cfm_slow" waiting="0.00" lane="bottom_0" pos="45.88" speed="46.93" angle="11.90" x="128.42" y="55.21"/>
        <vehicle id="cfm_slow_3" eclass="HBEFA3/PC_G_EU4" CO2="14685.46" CO="504.62" HC="2.70" NOx="5.82" PMx="0.48" fuel="6.31" electricity="0.00" noise="81.16" route="routebottom" type="cfm_slow" waiting="0.00" lane="right_0" pos="35.83" speed="46.97" angle="300.04" x="91.80" y="122.60"/>
        <vehicle id="cfm_slow_4" eclass="HBEFA3/PC_G_EU4" CO2="14121.64" CO="494.22" HC="2.64" NOx="5.55" PMx="0.46" fuel="6.07" electricity="0.00" noise="81.08" route="routetop" type="cfm_slow" waiting="0.00" lane="top_0" pos="25.81" speed="47.02" angle="228.10" x="16.31" y="108.64"/>
    </timestep>
    <timestep time="9.76">
        <vehicle id="cfm_slow_0" eclass="HBEFA3/PC_G_EU4" CO2="0.00" CO="0.00" HC="0.00" NOx="0.00" PMx="0.00" fuel="0.00" electricity="0.00" noise="80.98" route="routetop" type="cfm_slow" waiting="0.00" lane="left_0" pos="16.34" speed="47.02" angle="155.10" x="6.78" y="31.59"/>
        <vehicle id="cfm_slow_1" eclass="HBEFA3/PC_G_EU4" CO2="0.00" CO="0.00" HC="0.00" NOx="0.00" PMx="0.00" fuel="0.00" electricity="0.00" noise="80.98" route="routebottom" type="cfm_slow" waiting="0.00" lane="bottom_0" pos="6.37" speed="46.97" angle="83.00" x="76.67" y="-0.34"/>
        <vehicle id="cfm_slow_2" eclass="HBEFA3/PC_G_EU4" CO2="14361.85" CO="497.21" HC="2.66" NOx="5.67" PMx="0.47" fuel="6.17" electricity="0.00" noise="81.09" route="routebottom" type="cfm_slow" waiting="0.00" lane="bottom_0" pos="46.35" speed="46.93" angle="11.11" x="128.54" y="56.16"/>
        <vehicle id="cfm_slow_3" eclass="HBEFA3/PC_G_EU4" CO2="14679.05" CO="504.50" HC="2.70" NOx="5.82" PMx="0.48" fuel="6.31" electricity="0.00" noise="81.16" route="routebottom" type="cfm_slow" waiting="0.00" lane="right_0" pos="36.30" speed="46.97" angle="299.19" x="90.92" y="123.00"/>
        <vehicle id="cfm_slow_4" eclass="HBEFA3/PC_G_EU4" CO2="14113.40" CO="494.05" HC="2.64" NOx="5.55" PMx="0.46" fuel="6.07" electricity="0.00" noise="81.08" route="routetop" type="cfm_slow" waiting="0.00" lane="top_0" pos="26.28" speed="47.02" angle="227.22" x="15.66" y="107.94"/>
    </timestep>
    <timestep time="9.77">
        <vehicle id="cfm_slow_0" eclass="HBEFA3/PC_G_EU4" CO2="0.00" CO="0.00" HC="0.00" NOx="0.00" PMx="0.00" fuel="0.00" electricity="0.00" noise="80.98" route="routetop" type="cfm_slow" waiting="0.00" lane="left_0" pos="16.81" speed="47.02" angle="154.28" x="7.25" y="30.75"/>
        <vehicle id="cfm_slow_1" eclass="HBEFA3/PC_G_EU4" CO2="0.00" CO="0.00" HC="0.00" NOx="0.00" PMx="0.00" fuel="0.00" electricity="0.00" noise="80.98" route="routebottom" type="cfm_slow" waiting="0.00" lane="bottom_0" pos="6.84" speed="46.97" angle="82.15" x="77.61" y="-0.13"/>
        <vehicle id="cfm_slow_2" eclass="HBEFA3/PC_G_EU4" CO2="14363.85" CO="497.26" HC="2.66" NOx="5.67" PMx="0.47" fuel="6.17" electricity="0.00" noise="81.09" route="routebottom" type="cfm_slow" waiting="0.00" lane="bottom_0" pos="46.82" speed="46.93" angle="10.28" x="128.64" y="57.12"/>
        <vehicle id="cfm_slow_3" eclass="HBEFA3/PC_G_EU4" CO2="14672.63" CO="504.38" HC="2.70" NOx="5.81" PMx="0.48" fuel="6.31" electricity="0.00" noise="81.16" route="routebottom" type="cfm_slow" waiting="0.00" lane="right_0" pos="36.77" speed="46.97" angle="298.30" x="90.05" y="123.40"/>
        <vehicle id="cfm_slow_4" eclass="HBEFA3/PC_G_EU4" CO2="14105.24" CO="493.89" HC="2.64" NOx="5.55" PMx="0.46" fuel="6.06" electricity="0.00" noise="81.08" route="routetop" type="cfm_slow" waiting="0.00" lane="top_0" pos="26.76" speed="47.02" angle="226.35" x="15.01" y="107.23"/>
    </timestep>
    <timestep time="9.78">
        <vehicle id="cfm_slow_0" eclass="HBEFA3/PC_G_EU4" CO2="0.00" CO="0.00" HC="0.00" NOx="0.00" PMx="0.00" fuel="0.00" electricity="0.00" noise="80.98" route="routetop" type="cfm_slow" waiting="0.00" lane="left_0" pos="17.28" speed="47.02" angle="153.40" x="7.75" y="29.93"/>
        <vehicle id="cfm_slow_1" eclass="HBEFA3/PC_G_EU4" CO2="0.00" CO="0.00" HC="0.00" NOx="0.00" PMx="0.00" fuel="0.00" electricity="0.00" noise="80.98" route="routebottom" type="cfm_slow" waiting="0.00" lane="bottom_0" pos="7.31" speed="46.97" angle="81.29" x="78.55" y="0.08"/>
        <vehicle id="cfm_slow_2" eclass="HBEFA3/PC_G_EU4" CO2="14365.78" CO="497.31" HC="2.66" NOx="5.67" PMx="0.47" fuel="6.18" electricity="0.00" noise="81.09" route="routebottom" type="cfm_slow" waiting="0.00" lane="bottom_0" pos="47.29" speed="46.93" angle="9.44" x="128.74" y="58.08"/>
        <vehicle id="cfm_slow_3" eclass="HBEFA3/PC_G_EU4" CO2="14666.20" CO="504.26" HC="2.70" NOx="5.81" PMx="0.48" fuel="6.30" electricity="0.00" noise="81.15" route="routebottom" type="cfm_slow" waiting="0.00" lane="right_0" pos="37.24" speed="46.97" angle="297.48" x="89.17" y="123.79"/>
        <vehicle id="cfm_slow_4" eclass="HBEFA3/PC_G_EU4" CO2="14097.16" CO="493.72" HC="2.64" NOx="5.54" PMx="0.46" fuel="6.06" electricity="0.00" noise="81.08" route="routetop" type="cfm_slow" waiting="0.00" lane="top_0" pos="27.23" speed="47.02" angle="225.52" x="14.37" y="106.50"/>
    </timestep>
    <timestep time="9.79">
        <vehicle id="cfm_slow_0" eclass="HBEFA3/PC_G_EU4" CO2="0.00" CO="0.00" HC="0.00" NOx="0.00" PMx="0.00" fuel="0.00" electricity="0.00" noise="80.98" route="routetop" type="cfm_slow" waiting="0.00" lane="left_0" pos="17.75" speed="47.02" angle="152.52" x="8.25" y="29.10"/>
        <vehicle id="cfm_slow_1" eclass="HBEFA3/PC_G_EU4" CO2="0.00" CO="0.00" HC="0.00" NOx="0.00" PMx="0.00" fuel="0.00" electricity="0.00" noise="80.98" route="routebottom" type="cfm_slow" waiting="0.00" lane="bottom_0" pos="7.78" speed="46.97" angle="80.49" x="79.49" y="0.30"/>
        <vehicle id="cfm_slow_2" eclass="HBEFA3/PC_G_EU4" CO2="14367.64" CO="497.36" HC="2.66" NOx="5.67" PMx="0.47" fuel="6.18" electricity="0.00" noise="81.09" route="routebottom" type="cfm_slow" waiting="0.00" lane="bottom_0" pos="47.76" speed="46.94" angle="8.61" x="128.81" y="59.04"/>
        <vehicle id="cfm_slow_3" eclass="HBEFA3/PC_G_EU4" CO2="14659.77" CO="504.15" HC="2.70" NOx="5.81" PMx="0.47" fuel="6.30" electricity="0.00" noise="81.15" route="routebottom" type="cfm_slow" waiting="0.00" lane="right_0" pos="37.71" speed="46.97" angle="296.61" x="88.27" y="124.14"/>
        <vehicle id="cfm_slow_4" eclass="HBEFA3/PC_G_EU4" CO2="14089.16" CO="493.56" HC="2.64" NOx="5.54" PMx="0.46" fuel="6.06" electricity="0.00" noise="81.08" route="routetop" type="cfm_slow" waiting="0.00" lane="top_0" pos="27.70" speed="47.02" angle="224.62" x="13.75" y="105.76"/>
    </timestep>
    <timestep time="9.80">
        <vehicle id="cfm_slow_0" eclass="HBEFA3/PC_G_EU4" CO2="0.00" CO="0.00" HC="0.00" NOx="0.00" PMx="0.00" fuel="0.00" electricity="0.00" noise="80.98" route="routetop" type="cfm_slow" waiting="0.00" lane="left_0" pos="18.22" speed="47.02" angle="151.70" x="8.77" y="28.29"/>
        <vehicle id="cfm_slow_1" eclass="HBEFA3/PC_G_EU4" CO2="0.00" CO="0.00" HC="0.00" NOx="0.00" PMx="0.00" fuel="0.00" electricity="0.00" noise="80.98" route="routebottom" type="cfm_slow" waiting="0.00" lane="bottom_0" pos="8.25" speed="46.97" angle="79.60" x="80.42" y="0.55"/>
        <vehicle id="cfm_slow_2" eclass="HBEFA3/PC_G_EU4" CO2="14369.44" CO="497.41" HC="2.66" NOx="5.67" PMx="0.47" fuel="6.18" electricity="0.00" noise="81.10" route="routebottom" type="cfm_slow" waiting="0.00" lane="bottom_0" pos="48.23" speed="46.94" angle="7.70" x="128.86" y="60.00"/>
        <vehicle id="cfm_slow_3" eclass="HBEFA3/PC_G_EU4" CO2="14653.32" CO="504.03" HC="2.70" NOx="5.81" PMx="0.47" fuel="6.30" electricity="0.00" noise="81.15" route="routebottom" type="cfm_slow" waiting="0.00" lane="right_0" pos="38.18" speed="46.97" angle="295.74" x="87.38" y="124.50"/>
        <vehicle id="cfm_slow_4" eclass="HBEFA3/PC_G_EU4" CO2="14081.24" CO="493.40" HC="2.63" NOx="5.53" PMx="0.46" fuel="6.05" electricity="0.00" noise="81.07" route="routetop" type="cfm_slow" waiting="0.00" lane="top_0" pos="28.17" speed="47.03" angle="223.78" x="13.13" y="105.03"/>
    </timestep>
    <timestep time="9.81">
        <vehicle id="cfm_slow_0" eclass="HBEFA3/PC_G_EU4" CO2="0.00" CO="0.00" HC="0.00" NOx="0.00" PMx="0.00" fuel="0.00" electricity="0.00" noise="80.98" route="routetop" type="cfm_slow" waiting="0.00" lane="left_0" pos="18.69" speed="47.02" angle="150.80" x="9.30" y="27.49"/>
        <vehicle id="cfm_slow_1" eclass="HBEFA3/PC_G_EU4" CO2="0.00" CO="0.00" HC="0.00" NOx="0.00" PMx="0.00" fuel="0.00" electricity="0.00" noise="80.99" route="routebottom" type="cfm_slow" waiting="0.00" lane="bottom_0" pos="8.72" speed="46.97" angle="78.72" x="81.35" y="0.80"/>
        <vehicle id="cfm_slow_2" eclass="HBEFA3/PC_G_EU4" CO2="14371.17" CO="497.45" HC="2.66" NOx="5.67" PMx="0.47" fuel="6.18" electricity="0.00" noise="81.10" route="routebottom" type="cfm_slow" waiting="0.00" lane="bottom_0" pos="48.70" speed="46.94" angle="6.85" x="128.92" y="60.96"/>
        <vehicle id="cfm_slow_3" eclass="HBEFA3/PC_G_EU4" CO2="14646.87" CO="503.91" HC="2.70" NOx="5.80" PMx="0.47" fuel="6.30" electricity="0.00" noise="81.15" route="routebottom" type="cfm_slow" waiting="0.00" lane="right_0" pos="38.65" speed="46.97" angle="294.94" x="86.48" y="124.84"/>
        <vehicle id="cfm_slow_4" eclass="HBEFA3/PC_G_EU4" CO2="14073.41" CO="493.24" HC="2.63" NOx="5.53" PMx="0.46" fuel="6.05" electricity="0.00" noise="81.07" route="routetop" type="cfm_slow" waiting="0.00" lane="top_0" pos="28.64" speed="47.03" angle="222.94" x="12.53" y="104.27"/>
    </timestep>
    <timestep time="9.82">
        <vehicle id="cfm_slow_0" eclass="HBEFA3/PC_G_EU4" CO2="0.00" CO="0.00" HC="0.00" NOx="0.00" PMx="0.00" fuel="0.00" electricity="0.00" noise="80.98" route="routetop" type="cfm_slow" waiting="0.00" lane="left_0" pos="19.16" speed="47.02" angle="149.93" x="9.84" y="26.68"/>
        <vehicle id="cfm_slow_1" eclass="HBEFA3/PC_G_EU4" CO2="0.00" CO="0.00" HC="0.00" NOx="0.00" PMx="0.00" fuel="0.00" electricity="0.00" noise="80.99" route="routebottom" type="cfm_slow" waiting="0.00" lane="bottom_0" pos="9.19" speed="46.97" angle="77.92" x="82.27" y="1.07"/>
        <vehicle id="cfm_slow_2" eclass="HBEFA3/PC_G_EU4" CO2="14372.84" CO="497.50" HC="2.66" NOx="5.67" PMx="0.47" fuel="6.18" electricity="0.00" noise="81.10" route="routebottom" type="cfm_slow" waiting="0.00" lane="bottom_0" pos="49.17" speed="46.94" angle="6.00" x="128.94" y="61.92"/>
        <vehicle id="cfm_slow_3" eclass="HBEFA3/PC_G_EU4" CO2="14640.41" CO="503.79" HC="2.70" NOx="5.80" PMx="0.47" fuel="6.29" electricity="0.00" noise="81.15" route="routebottom" type="cfm_slow" waiting="0.00" lane="right_0" pos="39.12" speed="46.97" angle="294.10" x="85.57" y="125.17"/>
        <vehicle id="cfm_slow_4" eclass="HBEFA3/PC_G_EU4" CO2="14065.65" CO="493.09" HC="2.63" NOx="5.53" PMx="0.46" fuel="6.05" electricity="0.00" noise="81.07" route="routetop" type="cfm_slow" waiting="0.00" lane="top_0" pos="29.11" speed="47.03" angle="222.08" x="11.94" y="103.51"/>
    </timestep>
    <timestep time="9.83">
        <vehicle id="cfm_slow_0" eclass="HBEFA3/PC_G_EU4" CO2="0.00" CO="0.00" HC="0.00" NOx="0.00" PMx="0.00" fuel="0.00" electricity="0.00" noise="80.98" route="routetop" type="cfm_slow" waiting="0.00" lane="left_0" pos="19.63" speed="47.02" angle="149.10" x="10.40" y="25.90"/>
        <vehicle id="cfm_slow_1" eclass="HBEFA3/PC_G_EU4" CO2="0.00" CO="0.00" HC="0.00" NOx="0.00" PMx="0.00" fuel="0.00" electricity="0.00" noise="80.99" route="routebottom" type="cfm_slow" waiting="0.00" lane="bottom_0" pos="9.66" speed="46.97" angle="77.06" x="83.19" y="1.35"/>
        <vehicle id="cfm_slow_2" eclass="HBEFA3/PC_G_EU4" CO2="14374.44" CO="497.54" HC="2.66" NOx="5.67" PMx="0.47" fuel="6.18" electricity="0.00" noise="81.10" route="routebottom" type="cfm_slow" waiting="0.00" lane="bottom_0" pos="49.64" speed="46.94" angle="5.14" x="128.96" y="62.88"/>
        <vehicle id="cfm_slow_3" eclass="HBEFA3/PC_G_EU4" CO2="14633.95" CO="503.67" HC="2.69" NOx="5.80" PMx="0.47" fuel="6.29" electricity="0.00" noise="81.15" route="routebottom" type="cfm_slow" waiting="0.00" lane="right_0" pos="39.59" speed="46.97" angle="293.27" x="84.67" y="125.50"/>
        <vehicle id="cfm_slow_4" eclass="HBEFA3/PC_G_EU4" CO2="14057.97" CO="492.93" HC="2.63" NOx="5.52" PMx="0.46" fuel="6.04" electricity="0.00" noise="81.07" route="routetop" type="cfm_slow" waiting="0.00" lane="top_0" pos="29.58" speed="47.03" angle="221.27" x="11.35" y="102.75"/>
    </timestep>
    <timestep time="9.84">
        <vehicle id="cfm_slow_0" eclass="HBEFA3/PC_G_EU4" CO2="0.00" CO="0.00" HC="0.00" NOx="0.00" PMx="0.00" fuel="0.00" electricity="0.00" noise="80.98" route="routetop" type="cfm_slow" waiting="0.00" lane="left_0" pos="20.10" speed="47.02" angle="148.25" x="10.96" y="25.12"/>
        <vehicle id="cfm_slow_1" eclass="HBEFA3/PC_G_EU4" CO2="0.00" CO="0.00" HC="0.00" NOx="0.00" PMx="0.00" fuel="0.00" electricity="0.00" noise="80.99" route="routebottom" type="cfm_slow" waiting="0.00" lane="bottom_0" pos="10.13" speed="46.96" angle="76.21" x="84.11" y="1.64"/>
        <vehicle id="cfm_slow_2" eclass="HBEFA3/PC_G_EU4" CO2="14375.98" CO="497.58" HC="2.66" NOx="5.68" PMx="0.47" fuel="6.18" electricity="0.00" noise="81.10" route="routebottom" type="cfm_slow" waiting="0.00" lane="right_0" pos="0.10" speed="46.94" angle="4.30" x="128.97" y="63.91"/>
        <vehicle id="cfm_slow_3" eclass="HBEFA3/PC_G_EU4" CO2="14627.48" CO="503.55" HC="2.69" NOx="5.79" PMx="0.47" fuel="6.29" electricity="0.00" noise="81.15" route="routebottom" type="cfm_slow" waiting="0.00" lane="right_0" pos="40.05" speed="46.97" angle="292.46" x="83.75" y="125.81"/>
        <vehicle id="cfm_slow_4" eclass="HBEFA3/PC_G_EU4" CO2="14050.38" CO="492.78" HC="2.63" NOx="5.52" PMx="0.46" fuel="6.04" electricity="0.00" noise="81.07" route="routetop" type="cfm_slow" waiting="0.00" lane="top_0" pos="30.05" speed="47.03" angle="220.38" x="10.79" y="101.96"/>
    </timestep>
    <timestep time="9.85">
        <vehicle id="cfm_slow_0" eclass="HBEFA3/PC_G_EU4" CO2="0.00" CO="0.00" HC="0.00" NOx="0.00" PMx="0.00" fuel="0.00" electricity="0.00" noise="80.98" route="routetop" type="cfm_slow" waiting="0.00" lane="left_0" pos="20.57" speed="47.01" angle="147.45" x="11.52" y="24.34"/>
        <vehicle id="cfm_slow_1" eclass="HBEFA3/PC_G_EU4" CO2="0.00" CO="0.00" HC="0.00" NOx="0.00" PMx="0.00" fuel="0.00" electricity="0.00" noise="80.99" route="routebottom" type="cfm_slow" waiting="0.00" lane="bottom_0" pos="10.60" speed="46.96" angle="75.40" x="85.02" y="1.95"/>
        <vehicle id="cfm_slow_2" eclass="HBEFA3/PC_G_EU4" CO2="14377.45" CO="497.62" HC="2.66" NOx="5.68" PMx="0.47" fuel="6.18" electricity="0.00" noise="81.10" route="routebottom" type="cfm_slow" waiting="0.00" lane="right_0" pos="0.57" speed="46.94" angle="3.44" x="128.95" y="64.87"/>
        <vehicle id="cfm_slow_3" eclass="HBEFA3/PC_G_EU4" CO2="14621.01" CO="503.43" HC="2.69" NOx="5.79" PMx="0.47" fuel="6.29" electricity="0.00" noise="81.15" route="routebottom" type="cfm_slow" waiting="0.00" lane="right_0" pos="40.52" speed="46.97" angle="291.58" x="82.83" y="126.09"/>
        <vehicle id="cfm_slow_4" eclass="HBEFA3/PC_G_EU4" CO2="14042.86" CO="492.63" HC="2.63" NOx="5.52" PMx="0.46" fuel="6.04" electricity="0.00" noise="81.07" route="routetop" type="cfm_slow" waiting="0.00" lane="top_0" pos="30.52" speed="47.03" angle="219.49" x="10.22" y="101.18"/>
    </timestep>
    <timestep time="9.86">
        <vehicle id="cfm_slow_0" eclass="HBEFA3/PC_G_EU4" CO2="0.00" CO="0.00" HC="0.00" NOx="0.00" PMx="0.00" fuel="0.00" electricity="0.00" noise="80.98" route="routetop" type="cfm_slow" waiting="0.00" lane="left_0" pos="21.04" speed="47.01" angle="146.60" x="12.12" y="23.58"/>
        <vehicle id="cfm_slow_1" eclass="HBEFA3/PC_G_EU4" CO2="0.00" CO="0.00" HC="0.00" NOx="0.00" PMx="0.00" fuel="0.00" electricity="0.00" noise="80.99" route="routebottom" type="cfm_slow" waiting="0.00" lane="bottom_0" pos="11.07" speed="46.96" angle="74.53" x="85.93" y="2.28"/>
        <vehicle id="cfm_slow_2" eclass="HBEFA3/PC_G_EU4" CO2="14378.86" CO="497.66" HC="2.66" NOx="5.68" PMx="0.47" fuel="6.18" electricity="0.00" noise="81.10" route="routebottom" type="cfm_slow" waiting="0.00" lane="right_0" pos="1.04" speed="46.94" angle="2.58" x="128.93" y="65.83"/>
        <vehicle id="cfm_slow_3" eclass="HBEFA3/PC_G_EU4" CO2="14614.54" CO="503.31" HC="2.69" NOx="5.79" PMx="0.47" fuel="6.28" electricity="0.00" noise="81.15" route="routebottom" type="cfm_slow" waiting="0.00" lane="right_0" pos="40.99" speed="46.98" angle="290.75" x="81.91" y="126.37"/>
        <vehicle id="cfm_slow_4" eclass="HBEFA3/PC_G_EU4" CO2="14035.43" CO="492.48" HC="2.63" NOx="5.51" PMx="0.46" fuel="6.03" electricity="0.00" noise="81.07" route="routetop" type="cfm_slow" waiting="0.00" lane="top_0" pos="30.99" speed="47.03" angle="218.69" x="9.67" y="100.39"/>
    </timestep>
    <timestep time="9.87">
        <vehicle id="cfm_slow_0" eclass="HBEFA3/PC_G_EU4" CO2="0.00" CO="0.00" HC="0.00" NOx="0.00" PMx="0.00" fuel="0.00" electricity="0.00" noise="80.98" route="routetop" type="cfm_slow" waiting="0.00" lane="left_0" pos="21.51" speed="47.01" angle="145.75" x="12.71" y="22.82"/>
        <vehicle id="cfm_slow_1" eclass="HBEFA3/PC_G_EU4" CO2="0.00" CO="0.00" HC="0.00" NOx="0.00" PMx="0.00" fuel="0.00" electricity="0.00" noise="80.99" route="routebottom" type="cfm_slow" waiting="0.00" lane="bottom_0" pos="11.54" speed="46.96" angle="73.72" x="86.83" y="2.61"/>
        <vehicle id="cfm_slow_2" eclass="HBEFA3/PC_G_EU4" CO2="14380.21" CO="497.70" HC="2.66" NOx="5.68" PMx="0.47" fuel="6.18" electricity="0.00" noise="81.10" route="routebottom" type="cfm_slow" waiting="0.00" lane="right_0" pos="1.51" speed="46.94" angle="1.77" x="128.89" y="66.79"/>
        <vehicle id="cfm_slow_3" eclass="HBEFA3/PC_G_EU4" CO2="14608.06" CO="503.19" HC="2.69" NOx="5.78" PMx="0.47" fuel="6.28" electricity="0.00" noise="81.15" route="routebottom" type="cfm_slow" waiting="0.00" lane="right_0" pos="41.46" speed="46.98" angle="289.88" x="80.98" y="126.62"/>
        <vehicle id="cfm_slow_4" eclass="HBEFA3/PC_G_EU4" CO2="14028.07" CO="492.33" HC="2.63" NOx="5.51" PMx="0.46" fuel="6.03" electricity="0.00" noise="81.07" route="routetop" type="cfm_slow" waiting="0.00" lane="top_0" pos="31.46" speed="47.03" angle="217.84" x="9.14" y="99.59"/>
    </timestep>
    <timestep time="9.88">
        <vehicle id="cfm_slow_0" eclass="HBEFA3/PC_G_EU4" CO2="0.00" CO="0.00" HC="0.00" NOx="0.00" PMx="0.00" fuel="0.00" electricity="0.00" noise="80.98" route="routetop" type="cfm_slow" waiting="0.00" lane="left_0" pos="21.98" speed="47.01" angle="144.94" x="13.32" y="22.07"/>
        <vehicle id="cfm_slow_1" eclass="HBEFA3/PC_G_EU4" CO2="0.00" CO="0.00" HC="0.00" NOx="0.00" PMx="0.00" fuel="0.00" electricity="0.00" noise="80.99" route="routebottom" type="cfm_slow" waiting="0.00" lane="bottom_0" pos="12.01" speed="46.96" angle="72.87" x="87.73" y="2.96"/>
        <vehicle id="cfm_slow_2" eclass="HBEFA3/PC_G_EU4" CO2="14381.50" CO="497.73" HC="2.66" NOx="5.68" PMx="0.47" fuel="6.18" electricity="0.00" noise="81.10" route="routebottom" type="cfm_slow" waiting="0.00" lane="right_0" pos="1.98" speed="46.94" angle="0.92" x="128.84" y="67.75"/>
        <vehicle id="cfm_slow_3" eclass="HBEFA3/PC_G_EU4" CO2="14601.58" CO="503.07" HC="2.69" NOx="5.78" PMx="0.47" fuel="6.28" electricity="0.00" noise="81.15" route="routebottom" type="cfm_slow" waiting="0.00" lane="right_0" pos="41.93" speed="46.98" angle="289.00" x="80.05" y="126.87"/>
        <vehicle id="cfm_slow_4" eclass="HBEFA3/PC_G_EU4" CO2="14020.80" CO="492.18" HC="2.63" NOx="5.51" PMx="0.46" fuel="6.03" electricity="0.00" noise="81.06" route="routetop" type="cfm_slow" waiting="0.00" lane="top_0" pos="31.93" speed="47.03" angle="217.00" x="8.60" y="98.78"/>
    </timestep>
    <timestep time="9.89">
        <vehicle id="cfm_slow_0" eclass="HBEFA3/PC_G_EU4" CO2="0.00" CO="0.00" HC="0.00" NOx="0.00" PMx="0.00" fuel="0.00" electricity="0.00" noise="80.98" route="routetop" type="cfm_slow" waiting="0.00" lane="left_0" pos="22.45" speed="47.01" angle="144.06" x="13.94" y="21.33"/>
        <vehicle id="cfm_slow_1" eclass="HBEFA3/PC_G_EU4" CO2="0.00" CO="0.00" HC="0.00" NOx="0.00" PMx="0.00" fuel="0.00" electricity="0.00" noise="80.99" route="routebottom" type="cfm_slow" waiting="0.00" lane="bottom_0" pos="12.48" speed="46.96" angle="72.02" x="88.62" y="3.32"/>
        <vehicle id="cfm_slow_2" eclass="HBEFA3/PC_G_EU4" CO2="14382.72" CO="497.77" HC="2.66" NOx="5.68" PMx="0.47" fuel="6.18" electricity="0.00" noise="81.10" route="routebottom" type="cfm_slow" waiting="0.00" lane="right_0" pos="2.45" speed="46.94" angle="0.06" x="128.78" y="68.71"/>
        <vehicle id="cfm_slow_3" eclass="HBEFA3/PC_G_EU4" CO2="14595.10" CO="502.95" HC="2.69" NOx="5.78" PMx="0.47" fuel="6.27" electricity="0.00" noise="81.14" route="routebottom" type="cfm_slow" waiting="0.00" lane="right_0" pos="42.40" speed="46.98" angle="288.19" x="79.12" y="127.11"/>
        <vehicle id="cfm_slow_4" eclass="HBEFA3/PC_G_EU4" CO2="14013.60" CO="492.04" HC="2.63" NOx="5.50" PMx="0.46" fuel="6.02" electricity="0.00" noise="81.06" route="routetop" type="cfm_slow" waiting="0.00" lane="top_0" pos="32.40" speed="47.03" angle="216.21" x="8.09" y="97.97"/>
    </timestep>
    <timestep time="9.90">
        <vehicle id="cfm_slow_0" eclass="HBEFA3/PC_G_EU4" CO2="0.00" CO="0.00" HC="0.00" NOx="0.00" PMx="0.00" fuel="0.00" electricity="0.00" noise="80.98" route="routetop" type="cfm_slow" waiting="0.00" lane="left_0" pos="22.92" speed="47.01" angle="143.19" x="14.57" y="20.60"/>
        <vehicle id="cfm_slow_1" eclass="HBEFA3/PC_G_EU4" CO2="0.00" CO="0.00" HC="0.00" NOx="0.00" PMx="0.00" fuel="0.00" electricity="0.00" noise="80.99" route="routebottom" type="cfm_slow" waiting="0.00" lane="bottom_0" pos="12.95" speed="46.96" angle="71.23" x="89.51" y="3.68"/>
        <vehicle id="cfm_slow_2" eclass="HBEFA3/PC_G_EU4" CO2="14383.88" CO="497.80" HC="2.66" NOx="5.68" PMx="0.47" fuel="6.18" electricity="0.00" noise="81.10" route="routebottom" type="cfm_slow" waiting="0.00" lane="right_0" pos="2.92" speed="46.94" angle="359.26" x="128.69" y="69.67"/>
        <vehicle id="cfm_slow_3" eclass="HBEFA3/PC_G_EU4" CO2="14588.62" CO="502.83" HC="2.69" NOx="5.77" PMx="0.47" fuel="6.27" electricity="0.00" noise="81.14" route="routebottom" type="cfm_slow" waiting="0.00" lane="right_0" pos="42.87" speed="46.98" angle="287.37" x="78.18" y="127.33"/>
        <vehicle id="cfm_slow_4" eclass="HBEFA3/PC_G_EU4" CO2="14006.49" CO="491.89" HC="2.63" NOx="5.50" PMx="0.46" fuel="6.02" electricity="0.00" noise="81.06" route="routetop" type="cfm_slow" waiting="0.00" lane="top_0" pos="32.87" speed="47.03" angle="215.35" x="7.60" y="97.14"/>
    </timestep>
    <timestep time="9.91">
        <vehicle id="cfm_slow_0" eclass="HBEFA3/PC_G_EU4" CO2="0.00" CO="0.00" HC="0.00" NOx="0.00" PMx="0.00" fuel="0.00" electricity="0.00" noise="80.98" route="routetop" type="cfm_slow" waiting="0.00" lane="left_0" pos="23.39" speed="47.01" angle="142.40" x="15.21" y="19.88"/>
        <vehicle id="cfm_slow_1" eclass="HBEFA3/PC_G_EU4" CO2="0.00" CO="0.00" HC="0.00" NOx="0.00" PMx="0.00" fuel="0.00" electricity="0.00" noise="80.99" route="routebottom" type="cfm_slow" waiting="0.00" lane="bottom_0" pos="13.42" speed="46.96" angle="70.37" x="90.39" y="4.08"/>
        <vehicle id="cfm_slow_2" eclass="HBEFA3/PC_G_EU4" CO2="14384.98" CO="497.83" HC="2.66" NOx="5.68" PMx="0.47" fuel="6.18" electricity="0.00" noise="81.10" route="routebottom" type="cfm_slow" waiting="0.00" lane="right_0" pos="3.39" speed="46.94" angle="358.40" x="128.59" y="70.63"/>
        <vehicle id="cfm_slow_3" eclass="HBEFA3/PC_G_EU4" CO2="14582.14" CO="502.71" HC="2.69" NOx="5.77" PMx="0.47" fuel="6.27" electricity="0.00" noise="81.14" route="routebottom" type="cfm_slow" waiting="0.00" lane="right_0" pos="43.34" speed="46.98" angle="286.54" x="77.24" y="127.54"/>
        <vehicle id="cfm_slow_4" eclass="HBEFA3/PC_G_EU4" CO2="13999.45" CO="491.75" HC="2.62" NOx="5.50" PMx="0.46" fuel="6.02" electricity="0.00" noise="81.06" route="routetop" type="cfm_slow" waiting="0.00" lane="top_0" pos="33.34" speed="47.03" angle="214.55" x="7.10" y="96.32"/>
    </timestep>
    <timestep time="9.92">
        <vehicle id="cfm_slow_0" eclass="HBEFA3/PC_G_EU4" CO2="0.00" CO="0.00" HC="0.00" NOx="0.00" PMx="0.00" fuel="0.00" electricity="0.00" noise="80.98" route="routetop" type="cfm_slow" waiting="0.00" lane="left_0" pos="23.86" speed="47.01" angle="141.55" x="15.87" y="19.17"/>
        <vehicle id="cfm_slow_1" eclass="HBEFA3/PC_G_EU4" CO2="0.00" CO="0.00" HC="0.00" NOx="0.00" PMx="0.00" fuel="0.00" electricity="0.00" noise="80.99" route="routebottom" type="cfm_slow" waiting="0.00" lane="bottom_0" pos="13.89" speed="46.96" angle="69.51" x="91.27" y="4.47"/>
        <vehicle id="cfm_slow_2" eclass="HBEFA3/PC_G_EU4" CO2="14386.02" CO="497.86" HC="2.66" NOx="5.68" PMx="0.47" fuel="6.18" electricity="0.00" noise="81.10" route="routebottom" type="cfm_slow" waiting="0.00" lane="right_0" pos="3.86" speed="46.94" angle="357.59" x="128.49" y="71.59"/>
        <vehicle id="cfm_slow_3" eclass="HBEFA3/PC_G_EU4" CO2="14575.66" CO="502.59" HC="2.69" NOx="5.77" PMx="0.47" fuel="6.27" electricity="0.00" noise="81.14" route="routebottom" type="cfm_slow" waiting="0.00" lane="right_0" pos="43.81" speed="46.98" angle="285.72" x="76.30" y="127.74"/>
        <vehicle id="cfm_slow_4" eclass="HBEFA3/PC_G_EU4" CO2="13992.50" CO="491.61" HC="2.62" NOx="5.49" PMx="0.46" fuel="6.01" electricity="0.00" noise="81.06" route="routetop" type="cfm_slow" waiting="0.00" lane="top_0" pos="33.81" speed="47.03" angle="213.69" x="6.63" y="95.47"/>
    </timestep>
    <timestep time="9.93">
        <vehicle id="cfm_slow_0" eclass="HBEFA3/PC_G_EU4" CO2="0.00" CO="0.00" HC="0.00" NOx="0.00" PMx="0.00" fuel="0.00" electricity="0.00" noise="80.98" route="routetop" type="cfm_slow" waiting="0.00" lane="left_0" pos="24.33" speed="47.01" angle="140.75" x="16.52" y="18.46"/>
        <vehicle id="cfm_slow_1" eclass="HBEFA3/PC_G_EU4" CO2="0.00" CO="0.00" HC="0.00" NOx="0.00" PMx="0.00" fuel="0.00" electricity="0.00" noise="81.00" route="routebottom" type="cfm_slow" waiting="0.00" lane="bottom_0" pos="14.36" speed="46.96" angle="68.69" x="92.14" y="4.89"/>
        <vehicle id="cfm_slow_2" eclass="HBEFA3/PC_G_EU4" CO2="14387.00" CO="497.89" HC="2.66" NOx="5.68" PMx="0.47" fuel="6.18" electricity="0.00" noise="81.10" route="routebottom" type="cfm_slow" waiting="0.00" lane="right_0" pos="4.33" speed="46.94" angle="356.74" x="128.36" y="72.54"/>
        <vehicle id="cfm_slow_3" eclass="HBEFA3/PC_G_EU4" CO2="14569.18" CO="502.47" HC="2.69" NOx="5.77" PMx="0.47" fuel="6.26" electricity="0.00" noise="81.14" route="routebottom" type="cfm_slow" waiting="0.00" lane="right_0" pos="44.28" speed="46.98" angle="284.81" x="75.35" y="127.91"/>
        <vehicle id="cfm_slow_4" eclass="HBEFA3/PC_G_EU4" CO2="13985.62" CO="491.47" HC="2.62" NOx="5.49" PMx="0.46" fuel="6.01" electricity="0.00" noise="81.06" route="routetop" type="cfm_slow" waiting="0.00" lane="top_0" pos="34.28" speed="47.03" angle="212.83" x="6.17" y="94.63"/>
    </timestep>
    <timestep time="9.94">
        <vehicle id="cfm_slow_0" eclass="HBEFA3/PC_G_EU4" CO2="0.00" CO="0.00" HC="0.00" NOx="0.00" PMx="0.00" fuel="0.00" electricity="0.00" noise="80.98" route="routetop" type="cfm_slow" waiting="0.00" lane="left_0" pos="24.80" speed="47.01" angle="139.88" x="17.20" y="17.78"/>
        <vehicle id="cfm_slow_1" eclass="HBEFA3/PC_G_EU4" CO2="0.00" CO="0.00" HC="0.00" NOx="0.00" PMx="0.00" fuel="0.00" electricity="0.00" noise="81.00" route="routebottom" type="cfm_slow" waiting="0.00" lane="bottom_0" pos="14.83" speed="46.96" angle="67.81" x="93.00" y="5.32"/>
        <vehicle id="cfm_slow_2" eclass="HBEFA3/PC_G_EU4" CO2="14387.91" CO="497.92" HC="2.66" NOx="5.68" PMx="0.47" fuel="6.18" electricity="0.00" noise="81.10" route="routebottom" type="cfm_slow" waiting="0.00" lane="right_0" pos="4.80" speed="46.94" angle="355.88" x="128.22" y="73.49"/>
        <vehicle id="cfm_slow_3" eclass="HBEFA3/PC_G_EU4" CO2="14562.70" CO="502.35" HC="2.69" NOx="5.76" PMx="0.47" fuel="6.26" electricity="0.00" noise="81.14" route="routebottom" type="cfm_slow" waiting="0.00" lane="right_0" pos="44.75" speed="46.98" angle="283.90" x="74.40" y="128.08"/>
        <vehicle id="cfm_slow_4" eclass="HBEFA3/PC_G_EU4" CO2="13978.82" CO="491.33" HC="2.62" NOx="5.49" PMx="0.46" fuel="6.01" electricity="0.00" noise="81.06" route="routetop" type="cfm_slow" waiting="0.00" lane="top_0" pos="34.75" speed="47.03" angle="212.03" x="5.71" y="93.78"/>
    </timestep>
    <timestep time="9.95">
        <vehicle id="cfm_slow_0" eclass="HBEFA3/PC_G_EU4" CO2="0.00" CO="0.00" HC="0.00" NOx="0.00" PMx="0.00" fuel="0.00" electricity="0.00" noise="80.98" route="routetop" type="cfm_slow" waiting="0.00" lane="left_0" pos="25.27" speed="47.01" angle="139.01" x="17.88" y="17.10"/>
        <vehicle id="cfm_slow_1" eclass="HBEFA3/PC_G_EU4" CO2="0.00" CO="0.00" HC="0.00" NOx="0.00" PMx="0.00" fuel="0.00" electricity="0.00" noise="81.00" route="routebottom" type="cfm_slow" waiting="0.00" lane="bottom_0" pos="15.30" speed="46.96" angle="66.95" x="93.86" y="5.75"/>
        <vehicle id="cfm_slow_2" eclass="HBEFA3/PC_G_EU4" CO2="14388.77" CO="497.95" HC="2.66" NOx="5.68" PMx="0.47" fuel="6.19" electricity="0.00" noise="81.10" route="routebottom" type="cfm_slow" waiting="0.00" lane="right_0" pos="5.27" speed="46.94" angle="355.04" x="128.07" y="74.44"/>
        <vehicle id="cfm_slow_3" eclass="HBEFA3/PC_G_EU4" CO2="14556.23" CO="502.23" HC="2.69" NOx="5.76" PMx="0.47" fuel="6.26" electricity="0.00" noise="81.14" route="routebottom" type="cfm_slow" waiting="0.00" lane="right_0" pos="45.22" speed="46.98" angle="283.10" x="73.45" y="128.23"/>
        <vehicle id="cfm_slow_4" eclass="HBEFA3/PC_G_EU4" CO2="13972.10" CO="491.19" HC="2.62" NOx="5.48" PMx="0.46" fuel="6.01" electricity="0.00" noise="81.06" route="routetop" type="cfm_slow" waiting="0.00" lane="top_0" pos="35.22" speed="47.03" angle="211.17" x="5.28" y="92.92"/>
    </timestep>
    <timestep time="9.96">
        <vehicle id="cfm_slow_0" eclass="HBEFA3/PC_G_EU4" CO2="0.00" CO="0.00" HC="0.00" NOx="0.00" PMx="0.00" fuel="0.00" electricity="0.00" noise="80.98" route="routetop" type="cfm_slow" waiting="0.00" lane="left_0" pos="25.74" speed="47.01" angle="138.20" x="18.57" y="16.42"/>
        <vehicle id="cfm_slow_1" eclass="HBEFA3/PC_G_EU4" CO2="0.00" CO="0.00" HC="0.00" NOx="0.00" PMx="0.00" fuel="0.00" electricity="0.00" noise="81.00" route="routebottom" type="cfm_slow" waiting="0.00" lane="bottom_0" pos="15.77" speed="46.96" angle="66.14" x="94.71" y="6.21"/>
        <vehicle id="cfm_slow_2" eclass="HBEFA3/PC_G_EU4" CO2="14389.57" CO="497.98" HC="2.66" NOx="5.68" PMx="0.47" fuel="6.19" electricity="0.00" noise="81.10" route="routebottom" type="cfm_slow" waiting="0.00" lane="right_0" pos="5.74" speed="46.94" angle="354.18" x="127.90" y="75.39"/>
        <vehicle id="cfm_slow_3" eclass="HBEFA3/PC_G_EU4" CO2="14549.76" CO="502.11" HC="2.69" NOx="5.76" PMx="0.47" fuel="6.25" electricity="0.00" noise="81.14" route="routebottom" type="cfm_slow" waiting="0.00" lane="right_0" pos="45.69" speed="46.98" angle="282.24" x="72.49" y="128.36"/>
        <vehicle id="cfm_slow_4" eclass="HBEFA3/PC_G_EU4" CO2="13965.46" CO="491.06" HC="2.62" NOx="5.48" PMx="0.46" fuel="6.00" electricity="0.00" noise="81.06" route="routetop" type="cfm_slow" waiting="0.00" lane="top_0" pos="35.69" speed="47.03" angle="210.32" x="4.85" y="92.05"/>
    </timestep>
    <timestep time="9.97">
        <vehicle id="cfm_slow_0" eclass="HBEFA3/PC_G_EU4" CO2="0.00" CO="0.00" HC="0.00" NOx="0.00" PMx="0.00" fuel="0.00" electricity="0.00" noise="80.98" route="routetop" type="cfm_slow" waiting="0.00" lane="left_0" pos="26.21" speed="47.01" angle="137.33" x="19.28" y="15.77"/>
        <vehicle id="cfm_slow_1" eclass="HBEFA3/PC_G_EU4" CO2="0.00" CO="0.00" HC="0.00" NOx="0.00" PMx="0.00" fuel="0.00" electricity="0.00" noise="81.00" route="routebottom" type="cfm_slow" waiting="0.00" lane="bottom_0" pos="16.24" speed="46.96" angle="65.29" x="95.55" y="6.67"/>
        <vehicle id="cfm_slow_2" eclass="HBEFA3/PC_G_EU4" CO2="14390.31" CO="498.00" HC="2.66" NOx="5.68" PMx="0.47" fuel="6.19" electricity="0.00" noise="81.10" route="routebottom" type="cfm_slow" waiting="0.00" lane="right_0" pos="6.21" speed="46.94" angle="353.31" x="127.73" y="76.34"/>
        <vehicle id="cfm_slow_3" eclass="HBEFA3/PC_G_EU4" CO2="14543.30" CO="501.98" HC="2.68" NOx="5.75" PMx="0.47" fuel="6.25" electricity="0.00" noise="81.14" route="routebottom" type="cfm_slow" waiting="0.00" lane="right_0" pos="46.16" speed="46.98" angle="281.44" x="71.54" y="128.50"/>
        <vehicle id="cfm_slow_4" eclass="HBEFA3/PC_G_EU4" CO2="13958.90" CO="490.92" HC="2.62" NOx="5.48" PMx="0.46" fuel="6.00" electricity="0.00" noise="81.06" route="routetop" type="cfm_slow" waiting="0.00" lane="top_0" pos="36.16" speed="47.03" angle="209.49" x="4.43" y="91.18"/>
    </timestep>
    <timestep time="9.98">
        <vehicle id="cfm_slow_0" eclass="HBEFA3/PC_G_EU4" CO2="0.00" CO="0.00" HC="0.00" NOx="0.00" PMx="0.00" fuel="0.00" electricity="0.00" noise="80.98" route="routetop" type="cfm_slow" waiting="0.00" lane="left_0" pos="26.68" speed="47.01" angle="136.45" x="19.98" y="15.12"/>
        <vehicle id="cfm_slow_1" eclass="HBEFA3/PC_G_EU4" CO2="0.00" CO="0.00" HC="0.00" NOx="0.00" PMx="0.00" fuel="0.00" electricity="0.00" noise="81.00" route="routebottom" type="cfm_slow" waiting="0.00" lane="bottom_0" pos="16.70" speed="46.96" angle="64.48" x="96.39" y="7.14"/>
        <vehicle id="cfm_slow_2" eclass="HBEFA3/PC_G_EU4" CO2="14390.99" CO="498.03" HC="2.66" NOx="5.68" PMx="0.47" fuel="6.19" electricity="0.00" noise="81.10" route="routebottom" type="cfm_slow" waiting="0.00" lane="right_0" pos="6.68" speed="46.94" angle="352.48" x="127.53" y="77.28"/>
        <vehicle id="cfm_slow_3" eclass="HBEFA3/PC_G_EU4" CO2="14536.84" CO="501.86" HC="2.68" NOx="5.75" PMx="0.47" fuel="6.25" electricity="0.00" noise="81.14" route="routebottom" type="cfm_slow" waiting="0.00" lane="right_0" pos="46.63" speed="46.98" angle="280.61" x="70.58" y="128.60"/>
        <vehicle id="cfm_slow_4" eclass="HBEFA3/PC_G_EU4" CO2="13952.41" CO="490.79" HC="2.62" NOx="5.47" PMx="0.46" fuel="6.00" electricity="0.00" noise="81.05" route="routetop" type="cfm_slow" waiting="0.00" lane="top_0" pos="36.63" speed="47.03" angle="208.60" x="4.04" y="90.30"/>
    </timestep>
    <timestep time="9.99">
        <vehicle id="cfm_slow_0" eclass="HBEFA3/PC_G_EU4" CO2="0.00" CO="0.00" HC="0.00" NOx="0.00" PMx="0.00" fuel="0.00" electricity="0.00" noise="80.98" route="routetop" type="cfm_slow" waiting="0.00" lane="left_0" pos="27.15" speed="47.01" angle="135.65" x="20.71" y="14.48"/>
        <vehicle id="cfm_slow_1" eclass="HBEFA3/PC_G_EU4" CO2="0.00" CO="0.00" HC="0.00" NOx="0.00" PMx="0.00" fuel="0.00" electricity="0.00" noise="81.00" route="routebottom" type="cfm_slow" waiting="0.00" lane="bottom_0" pos="17.17" speed="46.96" angle="63.59" x="97.22" y="7.64"/>
        <vehicle id="cfm_slow_2" eclass="HBEFA3/PC_G_EU4" CO2="14391.62" CO="498.05" HC="2.66" NOx="5.68" PMx="0.47" fuel="6.19" electricity="0.00" noise="81.10" route="routebottom" type="cfm_slow" waiting="0.00" lane="right_0" pos="7.15" speed="46.94" angle="351.58" x="127.32" y="78.22"/>
        <vehicle id="cfm_slow_3" eclass="HBEFA3/PC_G_EU4" CO2="14530.38" CO="501.74" HC="2.68" NOx="5.75" PMx="0.47" fuel="6.25" electricity="0.00" noise="81.14" route="routebottom" type="cfm_slow" waiting="0.00" lane="right_0" pos="47.10" speed="46.98" angle="279.76" x="69.62" y="128.70"/>
        <vehicle id="cfm_slow_4" eclass="HBEFA3/PC_G_EU4" CO2="13946.01" CO="490.66" HC="2.62" NOx="5.47" PMx="0.46" fuel="5.99" electricity="0.00" noise="81.05" route="routetop" type="cfm_slow" waiting="0.00" lane="top_0" pos="37.10" speed="47.03" angle="207.74" x="3.64" y="89.42"/>
    </timestep>
    <timestep time="10.00">
        <vehicle id="cfm_slow_0" eclass="HBEFA3/PC_G_EU4" CO2="0.00" CO="0.00" HC="0.00" NOx="0.00" PMx="0.00" fuel="0.00" electricity="0.00" noise="80.98" route="routetop" type="cfm_slow" waiting="0.00" lane="left_0" pos="27.62" speed="47.01" angle="134.78" x="21.44" y="13.85"/>
        <vehicle id="cfm_slow_1" eclass="HBEFA3/PC_G_EU4" CO2="0.00" CO="0.00" HC="0.00" NOx="0.00" PMx="0.00" fuel="0.00" electricity="0.00" noise="81.00" route="routebottom" type="cfm_slow" waiting="0.00" lane="bottom_0" pos="17.64" speed="46.96" angle="62.70" x="98.04" y="8.14"/>
        <vehicle id="cfm_slow_2" eclass="HBEFA3/PC_G_EU4" CO2="14392.19" CO="498.07" HC="2.66" NOx="5.68" PMx="0.47" fuel="6.19" electricity="0.00" noise="81.10" route="routebottom" type="cfm_slow" waiting="0.00" lane="right_0" pos="7.62" speed="46.94" angle="350.71" x="127.10" y="79.16"/>
        <vehicle id="cfm_slow_3" eclass="HBEFA3/PC_G_EU4" CO2="14523.93" CO="501.62" HC="2.68" NOx="5.74" PMx="0.47" fuel="6.24" electricity="0.00" noise="81.13" route="routebottom" type="cfm_slow" waiting="0.00" lane="right_0" pos="47.57" speed="46.98" angle="278.96" x="68.67" y="128.78"/>
        <vehicle id="cfm_slow_4" eclass="HBEFA3/PC_G_EU4" CO2="13939.68" CO="490.53" HC="2.62" NOx="5.47" PMx="0.46" fuel="5.99" electricity="0.00" noise="81.05" route="routetop" type="cfm_slow" waiting="0.00" lane="top_0" pos="37.57" speed="47.03" angle="206.89" x="3.28" y="88.53"/>
    </timestep>
    <timestep time="10.01">
        <vehicle id="cfm_slow_0" eclass="HBEFA3/PC_G_EU4" CO2="2624.72" CO="164.78" HC="0.81" NOx="1.20" PMx="0.07" fuel="1.13" electricity="0.00" noise="55.94" route="routebottom" type="cfm_slow" waiting="0.00" lane="bottom_0" pos="1.00" speed="0.00" angle="92.66" x="65.74" y="-1.61"/>
        <vehicle id="cfm_slow_1" eclass="HBEFA3/PC_G_EU4" CO2="2624.72" CO="164.78" HC="0.81" NOx="1.20" PMx="0.07" fuel="1.13" electricity="0.00" noise="55.94" route="routebottom" type="cfm_slow" waiting="0.00" lane="bottom_0" pos="39.00" speed="0.00" angle="24.30" x="125.09" y="41.53"/>
        <vehicle id="cfm_slow_2" eclass="HBEFA3/PC_G_EU4" CO2="2624.72" CO="164.78" HC="0.81" NOx="1.20" PMx="0.07" fuel="1.13" electricity="0.00" noise="55.94" route="routeright" type="cfm_slow" waiting="0.00" lane="right_0" pos="27.00" speed="0.00" angle="315.98" x="106.86" y="112.65"/>
        <vehicle id="cfm_slow_3" eclass="HBEFA3/PC_G_EU4" CO2="2624.72" CO="164.78" HC="0.81" NOx="1.20" PMx="0.07" fuel="1.13" electricity="0.00" noise="55.94" route="routetop" type="cfm_slow" waiting="0.00" lane="top_0" pos="15.00" speed="0.00" angle="247.45" x="34.00" y="121.84"/>
        <vehicle id="cfm_slow_4" eclass="HBEFA3/PC_G_EU4" CO2="2624.72" CO="164.78" HC="0.81" NOx="1.20" PMx="0.07" fuel="1.13" electricity="0.00" noise="55.94" route="routeleft" type="cfm_slow" waiting="0.00" lane="left_0" pos="3.00" speed="0.00" angle="179.11" x="-1.35" y="57.49"/>
    </timestep>
    <timestep time="10.02">
        <vehicle id="cfm_slow_0" eclass="HBEFA3/PC_G_EU4" CO2="2638.92" CO="164.61" HC="0.81" NOx="1.21" PMx="0.07" fuel="1.13" electricity="0.00" noise="67.37" route="routebottom" type="cfm_slow" waiting="0.01" lane="bottom_0" pos="1.00" speed="0.03" angle="92.66" x="65.74" y="-1.61"/>
        <vehicle id="cfm_slow_1" eclass="HBEFA3/PC_G_EU4" CO2="2638.92" CO="164.61" HC="0.81" NOx="1.21" PMx="0.07" fuel="1.13" electricity="0.00" noise="67.37" route="routebottom" type="cfm_slow" waiting="0.01" lane="bottom_0" pos="39.00" speed="0.03" angle="24.30" x="125.09" y="41.53"/>
        <vehicle id="cfm_slow_2" eclass="HBEFA3/PC_G_EU4" CO2="2638.90" CO="164.61" HC="0.81" NOx="1.21" PMx="0.07" fuel="1.13" electricity="0.00" noise="67.36" route="routeright" type="cfm_slow" waiting="0.01" lane="right_0" pos="27.00" speed="0.03" angle="315.98" x="106.86" y="112.65"/>
        <vehicle id="cfm_slow_3" eclass="HBEFA3/PC_G_EU4" CO2="2638.85" CO="164.61" HC="0.81" NOx="1.21" PMx="0.07" fuel="1.13" electricity="0.00" noise="67.35" route="routetop" type="cfm_slow" waiting="0.01" lane="top_0" pos="15.00" speed="0.03" angle="247.45" x="34.00" y="121.84"/>
        <vehicle id="cfm_slow_4" eclass="HBEFA3/PC_G_EU4" CO2="2638.96" CO="164.61" HC="0.81" NOx="1.21" PMx="0.07" fuel="1.13" electricity="0.00" noise="67.39" route="routeleft" type="cfm_slow" waiting="0.01" lane="left_0" pos="3.00" speed="0.03" angle="179.11" x="-1.35" y="57.49"/>
    </timestep>
</emission-export>
