<?xml version="1.0" encoding="UTF-8"?>

<!-- generated on Mon Feb 27 13:04:32 2017 by SUMO Version 0.29.0
<?xml version="1.0" encoding="UTF-8"?>

<configuration xmlns:xsi="http://www.w3.org/2001/XMLSchema-instance" xsi:noNamespaceSchemaLocation="http://sumo.dlr.de/xsd/sumoConfiguration.xsd">

    <input>
        <net-file value="tests/debug/cfg/test-single-lane-one-controller-200m1l.net.xml"/>
        <route-files value="tests/debug/cfg/test-single-lane-one-controller-200m1l.rou.xml"/>
        <additional-files value="tests/debug/cfg/test-single-lane-one-controller-200m1l.add.xml"/>
    </input>

    <output>
        <netstate-dump value="tests/debug/cfg/data/test-single-lane-one-controller-200m1l.netstate.xml"/>
        <emission-output value="tests/debug/cfg/data/test-single-lane-one-controller-200m1l.emission.xml"/>
        <amitran-output value="tests/debug/cfg/data/test-single-lane-one-controller-200m1l.amitran.xml"/>
        <lanechange-output value="tests/debug/cfg/data/test-single-lane-one-controller-200m1l.lanechange.xml"/>
    </output>

    <time>
        <begin value="0"/>
        <end value="1000"/>
        <step-length value="0.01"/>
    </time>

    <traci_server>
        <remote-port value="8873"/>
    </traci_server>

    <gui_only>
        <gui-settings-file value="tests/debug/cfg/test-single-lane-one-controller-200m1l.gui.cfg"/>
    </gui_only>

</configuration>
-->

<netstate xmlns:xsi="http://www.w3.org/2001/XMLSchema-instance" xsi:noNamespaceSchemaLocation="http://sumo.dlr.de/xsd/netstate_file.xsd">
    <timestep time="0.00">
        <edge id="bottom">
            <lane id="bottom_0">
                <vehicle id="cfm_slow_0" pos="1.00" speed="0.00"/>
                <vehicle id="cfm_slow_1" pos="39.00" speed="0.00"/>
            </lane>
        </edge>
        <edge id="left">
            <lane id="left_0">
                <vehicle id="cfm_slow_4" pos="3.00" speed="0.00"/>
            </lane>
        </edge>
        <edge id="right">
            <lane id="right_0">
                <vehicle id="cfm_slow_2" pos="27.00" speed="0.00"/>
            </lane>
        </edge>
        <edge id="top">
            <lane id="top_0">
                <vehicle id="cfm_slow_3" pos="15.00" speed="0.00"/>
            </lane>
        </edge>
    </timestep>
    <timestep time="0.01">
        <edge id="bottom">
            <lane id="bottom_0">
                <vehicle id="cfm_slow_0" pos="1.00" speed="0.14"/>
                <vehicle id="cfm_slow_1" pos="39.00" speed="0.14"/>
            </lane>
        </edge>
        <edge id="left">
            <lane id="left_0">
                <vehicle id="cfm_slow_4" pos="3.00" speed="0.14"/>
            </lane>
        </edge>
        <edge id="right">
            <lane id="right_0">
                <vehicle id="cfm_slow_2" pos="27.00" speed="0.14"/>
            </lane>
        </edge>
        <edge id="top">
            <lane id="top_0">
                <vehicle id="cfm_slow_3" pos="15.00" speed="0.14"/>
            </lane>
        </edge>
    </timestep>
    <timestep time="0.02">
        <edge id="bottom">
            <lane id="bottom_0">
                <vehicle id="cfm_slow_0" pos="1.00" speed="0.27"/>
                <vehicle id="cfm_slow_1" pos="39.00" speed="0.27"/>
            </lane>
        </edge>
        <edge id="left">
            <lane id="left_0">
                <vehicle id="cfm_slow_4" pos="3.00" speed="0.27"/>
            </lane>
        </edge>
        <edge id="right">
            <lane id="right_0">
                <vehicle id="cfm_slow_2" pos="27.00" speed="0.27"/>
            </lane>
        </edge>
        <edge id="top">
            <lane id="top_0">
                <vehicle id="cfm_slow_3" pos="15.00" speed="0.27"/>
            </lane>
        </edge>
    </timestep>
    <timestep time="0.03">
        <edge id="bottom">
            <lane id="bottom_0">
                <vehicle id="cfm_slow_0" pos="1.01" speed="0.41"/>
                <vehicle id="cfm_slow_1" pos="39.01" speed="0.41"/>
            </lane>
        </edge>
        <edge id="left">
            <lane id="left_0">
                <vehicle id="cfm_slow_4" pos="3.01" speed="0.41"/>
            </lane>
        </edge>
        <edge id="right">
            <lane id="right_0">
                <vehicle id="cfm_slow_2" pos="27.01" speed="0.41"/>
            </lane>
        </edge>
        <edge id="top">
            <lane id="top_0">
                <vehicle id="cfm_slow_3" pos="15.01" speed="0.41"/>
            </lane>
        </edge>
    </timestep>
    <timestep time="0.04">
        <edge id="bottom">
            <lane id="bottom_0">
                <vehicle id="cfm_slow_0" pos="1.01" speed="0.55"/>
                <vehicle id="cfm_slow_1" pos="39.01" speed="0.55"/>
            </lane>
        </edge>
        <edge id="left">
            <lane id="left_0">
                <vehicle id="cfm_slow_4" pos="3.01" speed="0.55"/>
            </lane>
        </edge>
        <edge id="right">
            <lane id="right_0">
                <vehicle id="cfm_slow_2" pos="27.01" speed="0.55"/>
            </lane>
        </edge>
        <edge id="top">
            <lane id="top_0">
                <vehicle id="cfm_slow_3" pos="15.01" speed="0.55"/>
            </lane>
        </edge>
    </timestep>
    <timestep time="0.05">
        <edge id="bottom">
            <lane id="bottom_0">
                <vehicle id="cfm_slow_0" pos="1.02" speed="0.68"/>
                <vehicle id="cfm_slow_1" pos="39.02" speed="0.68"/>
            </lane>
        </edge>
        <edge id="left">
            <lane id="left_0">
                <vehicle id="cfm_slow_4" pos="3.02" speed="0.68"/>
            </lane>
        </edge>
        <edge id="right">
            <lane id="right_0">
                <vehicle id="cfm_slow_2" pos="27.02" speed="0.68"/>
            </lane>
        </edge>
        <edge id="top">
            <lane id="top_0">
                <vehicle id="cfm_slow_3" pos="15.02" speed="0.68"/>
            </lane>
        </edge>
    </timestep>
    <timestep time="0.06">
        <edge id="bottom">
            <lane id="bottom_0">
                <vehicle id="cfm_slow_0" pos="1.03" speed="0.82"/>
                <vehicle id="cfm_slow_1" pos="39.03" speed="0.82"/>
            </lane>
        </edge>
        <edge id="left">
            <lane id="left_0">
                <vehicle id="cfm_slow_4" pos="3.03" speed="0.82"/>
            </lane>
        </edge>
        <edge id="right">
            <lane id="right_0">
                <vehicle id="cfm_slow_2" pos="27.03" speed="0.82"/>
            </lane>
        </edge>
        <edge id="top">
            <lane id="top_0">
                <vehicle id="cfm_slow_3" pos="15.03" speed="0.82"/>
            </lane>
        </edge>
    </timestep>
    <timestep time="0.07">
        <edge id="bottom">
            <lane id="bottom_0">
                <vehicle id="cfm_slow_0" pos="1.04" speed="0.95"/>
                <vehicle id="cfm_slow_1" pos="39.04" speed="0.95"/>
            </lane>
        </edge>
        <edge id="left">
            <lane id="left_0">
                <vehicle id="cfm_slow_4" pos="3.04" speed="0.95"/>
            </lane>
        </edge>
        <edge id="right">
            <lane id="right_0">
                <vehicle id="cfm_slow_2" pos="27.04" speed="0.95"/>
            </lane>
        </edge>
        <edge id="top">
            <lane id="top_0">
                <vehicle id="cfm_slow_3" pos="15.04" speed="0.95"/>
            </lane>
        </edge>
    </timestep>
    <timestep time="0.08">
        <edge id="bottom">
            <lane id="bottom_0">
                <vehicle id="cfm_slow_0" pos="1.05" speed="1.09"/>
                <vehicle id="cfm_slow_1" pos="39.05" speed="1.09"/>
            </lane>
        </edge>
        <edge id="left">
            <lane id="left_0">
                <vehicle id="cfm_slow_4" pos="3.05" speed="1.09"/>
            </lane>
        </edge>
        <edge id="right">
            <lane id="right_0">
                <vehicle id="cfm_slow_2" pos="27.05" speed="1.09"/>
            </lane>
        </edge>
        <edge id="top">
            <lane id="top_0">
                <vehicle id="cfm_slow_3" pos="15.05" speed="1.09"/>
            </lane>
        </edge>
    </timestep>
    <timestep time="0.09">
        <edge id="bottom">
            <lane id="bottom_0">
                <vehicle id="cfm_slow_0" pos="1.06" speed="1.23"/>
                <vehicle id="cfm_slow_1" pos="39.06" speed="1.23"/>
            </lane>
        </edge>
        <edge id="left">
            <lane id="left_0">
                <vehicle id="cfm_slow_4" pos="3.06" speed="1.23"/>
            </lane>
        </edge>
        <edge id="right">
            <lane id="right_0">
                <vehicle id="cfm_slow_2" pos="27.06" speed="1.23"/>
            </lane>
        </edge>
        <edge id="top">
            <lane id="top_0">
                <vehicle id="cfm_slow_3" pos="15.06" speed="1.23"/>
            </lane>
        </edge>
    </timestep>
    <timestep time="0.10">
        <edge id="bottom">
            <lane id="bottom_0">
                <vehicle id="cfm_slow_0" pos="1.08" speed="1.36"/>
                <vehicle id="cfm_slow_1" pos="39.08" speed="1.36"/>
            </lane>
        </edge>
        <edge id="left">
            <lane id="left_0">
                <vehicle id="cfm_slow_4" pos="3.08" speed="1.36"/>
            </lane>
        </edge>
        <edge id="right">
            <lane id="right_0">
                <vehicle id="cfm_slow_2" pos="27.07" speed="1.36"/>
            </lane>
        </edge>
        <edge id="top">
            <lane id="top_0">
                <vehicle id="cfm_slow_3" pos="15.07" speed="1.36"/>
            </lane>
        </edge>
    </timestep>
    <timestep time="0.11">
        <edge id="bottom">
            <lane id="bottom_0">
                <vehicle id="cfm_slow_0" pos="1.09" speed="1.50"/>
                <vehicle id="cfm_slow_1" pos="39.09" speed="1.50"/>
            </lane>
        </edge>
        <edge id="left">
            <lane id="left_0">
                <vehicle id="cfm_slow_4" pos="3.09" speed="1.50"/>
            </lane>
        </edge>
        <edge id="right">
            <lane id="right_0">
                <vehicle id="cfm_slow_2" pos="27.09" speed="1.50"/>
            </lane>
        </edge>
        <edge id="top">
            <lane id="top_0">
                <vehicle id="cfm_slow_3" pos="15.09" speed="1.50"/>
            </lane>
        </edge>
    </timestep>
    <timestep time="0.12">
        <edge id="bottom">
            <lane id="bottom_0">
                <vehicle id="cfm_slow_0" pos="1.11" speed="1.64"/>
                <vehicle id="cfm_slow_1" pos="39.11" speed="1.64"/>
            </lane>
        </edge>
        <edge id="left">
            <lane id="left_0">
                <vehicle id="cfm_slow_4" pos="3.11" speed="1.64"/>
            </lane>
        </edge>
        <edge id="right">
            <lane id="right_0">
                <vehicle id="cfm_slow_2" pos="27.11" speed="1.64"/>
            </lane>
        </edge>
        <edge id="top">
            <lane id="top_0">
                <vehicle id="cfm_slow_3" pos="15.11" speed="1.64"/>
            </lane>
        </edge>
    </timestep>
    <timestep time="0.13">
        <edge id="bottom">
            <lane id="bottom_0">
                <vehicle id="cfm_slow_0" pos="1.12" speed="1.77"/>
                <vehicle id="cfm_slow_1" pos="39.12" speed="1.77"/>
            </lane>
        </edge>
        <edge id="left">
            <lane id="left_0">
                <vehicle id="cfm_slow_4" pos="3.12" speed="1.77"/>
            </lane>
        </edge>
        <edge id="right">
            <lane id="right_0">
                <vehicle id="cfm_slow_2" pos="27.12" speed="1.77"/>
            </lane>
        </edge>
        <edge id="top">
            <lane id="top_0">
                <vehicle id="cfm_slow_3" pos="15.12" speed="1.77"/>
            </lane>
        </edge>
    </timestep>
    <timestep time="0.14">
        <edge id="bottom">
            <lane id="bottom_0">
                <vehicle id="cfm_slow_0" pos="1.14" speed="1.91"/>
                <vehicle id="cfm_slow_1" pos="39.14" speed="1.91"/>
            </lane>
        </edge>
        <edge id="left">
            <lane id="left_0">
                <vehicle id="cfm_slow_4" pos="3.14" speed="1.91"/>
            </lane>
        </edge>
        <edge id="right">
            <lane id="right_0">
                <vehicle id="cfm_slow_2" pos="27.14" speed="1.91"/>
            </lane>
        </edge>
        <edge id="top">
            <lane id="top_0">
                <vehicle id="cfm_slow_3" pos="15.14" speed="1.91"/>
            </lane>
        </edge>
    </timestep>
    <timestep time="0.15">
        <edge id="bottom">
            <lane id="bottom_0">
                <vehicle id="cfm_slow_0" pos="1.16" speed="2.05"/>
                <vehicle id="cfm_slow_1" pos="39.16" speed="2.05"/>
            </lane>
        </edge>
        <edge id="left">
            <lane id="left_0">
                <vehicle id="cfm_slow_4" pos="3.16" speed="2.05"/>
            </lane>
        </edge>
        <edge id="right">
            <lane id="right_0">
                <vehicle id="cfm_slow_2" pos="27.16" speed="2.05"/>
            </lane>
        </edge>
        <edge id="top">
            <lane id="top_0">
                <vehicle id="cfm_slow_3" pos="15.16" speed="2.05"/>
            </lane>
        </edge>
    </timestep>
    <timestep time="0.16">
        <edge id="bottom">
            <lane id="bottom_0">
                <vehicle id="cfm_slow_0" pos="1.19" speed="2.18"/>
                <vehicle id="cfm_slow_1" pos="39.19" speed="2.18"/>
            </lane>
        </edge>
        <edge id="left">
            <lane id="left_0">
                <vehicle id="cfm_slow_4" pos="3.19" speed="2.18"/>
            </lane>
        </edge>
        <edge id="right">
            <lane id="right_0">
                <vehicle id="cfm_slow_2" pos="27.19" speed="2.18"/>
            </lane>
        </edge>
        <edge id="top">
            <lane id="top_0">
                <vehicle id="cfm_slow_3" pos="15.19" speed="2.18"/>
            </lane>
        </edge>
    </timestep>
    <timestep time="0.17">
        <edge id="bottom">
            <lane id="bottom_0">
                <vehicle id="cfm_slow_0" pos="1.21" speed="2.32"/>
                <vehicle id="cfm_slow_1" pos="39.21" speed="2.32"/>
            </lane>
        </edge>
        <edge id="left">
            <lane id="left_0">
                <vehicle id="cfm_slow_4" pos="3.21" speed="2.32"/>
            </lane>
        </edge>
        <edge id="right">
            <lane id="right_0">
                <vehicle id="cfm_slow_2" pos="27.21" speed="2.32"/>
            </lane>
        </edge>
        <edge id="top">
            <lane id="top_0">
                <vehicle id="cfm_slow_3" pos="15.21" speed="2.32"/>
            </lane>
        </edge>
    </timestep>
    <timestep time="0.18">
        <edge id="bottom">
            <lane id="bottom_0">
                <vehicle id="cfm_slow_0" pos="1.23" speed="2.45"/>
                <vehicle id="cfm_slow_1" pos="39.23" speed="2.45"/>
            </lane>
        </edge>
        <edge id="left">
            <lane id="left_0">
                <vehicle id="cfm_slow_4" pos="3.23" speed="2.45"/>
            </lane>
        </edge>
        <edge id="right">
            <lane id="right_0">
                <vehicle id="cfm_slow_2" pos="27.23" speed="2.45"/>
            </lane>
        </edge>
        <edge id="top">
            <lane id="top_0">
                <vehicle id="cfm_slow_3" pos="15.23" speed="2.45"/>
            </lane>
        </edge>
    </timestep>
    <timestep time="0.19">
        <edge id="bottom">
            <lane id="bottom_0">
                <vehicle id="cfm_slow_0" pos="1.26" speed="2.59"/>
                <vehicle id="cfm_slow_1" pos="39.26" speed="2.59"/>
            </lane>
        </edge>
        <edge id="left">
            <lane id="left_0">
                <vehicle id="cfm_slow_4" pos="3.26" speed="2.59"/>
            </lane>
        </edge>
        <edge id="right">
            <lane id="right_0">
                <vehicle id="cfm_slow_2" pos="27.26" speed="2.59"/>
            </lane>
        </edge>
        <edge id="top">
            <lane id="top_0">
                <vehicle id="cfm_slow_3" pos="15.26" speed="2.59"/>
            </lane>
        </edge>
    </timestep>
    <timestep time="0.20">
        <edge id="bottom">
            <lane id="bottom_0">
                <vehicle id="cfm_slow_0" pos="1.29" speed="2.73"/>
                <vehicle id="cfm_slow_1" pos="39.29" speed="2.73"/>
            </lane>
        </edge>
        <edge id="left">
            <lane id="left_0">
                <vehicle id="cfm_slow_4" pos="3.29" speed="2.73"/>
            </lane>
        </edge>
        <edge id="right">
            <lane id="right_0">
                <vehicle id="cfm_slow_2" pos="27.29" speed="2.73"/>
            </lane>
        </edge>
        <edge id="top">
            <lane id="top_0">
                <vehicle id="cfm_slow_3" pos="15.29" speed="2.73"/>
            </lane>
        </edge>
    </timestep>
    <timestep time="0.21">
        <edge id="bottom">
            <lane id="bottom_0">
                <vehicle id="cfm_slow_0" pos="1.32" speed="2.86"/>
                <vehicle id="cfm_slow_1" pos="39.31" speed="2.86"/>
            </lane>
        </edge>
        <edge id="left">
            <lane id="left_0">
                <vehicle id="cfm_slow_4" pos="3.32" speed="2.86"/>
            </lane>
        </edge>
        <edge id="right">
            <lane id="right_0">
                <vehicle id="cfm_slow_2" pos="27.31" speed="2.86"/>
            </lane>
        </edge>
        <edge id="top">
            <lane id="top_0">
                <vehicle id="cfm_slow_3" pos="15.31" speed="2.86"/>
            </lane>
        </edge>
    </timestep>
    <timestep time="0.22">
        <edge id="bottom">
            <lane id="bottom_0">
                <vehicle id="cfm_slow_0" pos="1.35" speed="3.00"/>
                <vehicle id="cfm_slow_1" pos="39.34" speed="3.00"/>
            </lane>
        </edge>
        <edge id="left">
            <lane id="left_0">
                <vehicle id="cfm_slow_4" pos="3.35" speed="3.00"/>
            </lane>
        </edge>
        <edge id="right">
            <lane id="right_0">
                <vehicle id="cfm_slow_2" pos="27.34" speed="3.00"/>
            </lane>
        </edge>
        <edge id="top">
            <lane id="top_0">
                <vehicle id="cfm_slow_3" pos="15.34" speed="3.00"/>
            </lane>
        </edge>
    </timestep>
    <timestep time="0.23">
        <edge id="bottom">
            <lane id="bottom_0">
                <vehicle id="cfm_slow_0" pos="1.38" speed="3.14"/>
                <vehicle id="cfm_slow_1" pos="39.38" speed="3.14"/>
            </lane>
        </edge>
        <edge id="left">
            <lane id="left_0">
                <vehicle id="cfm_slow_4" pos="3.38" speed="3.14"/>
            </lane>
        </edge>
        <edge id="right">
            <lane id="right_0">
                <vehicle id="cfm_slow_2" pos="27.38" speed="3.14"/>
            </lane>
        </edge>
        <edge id="top">
            <lane id="top_0">
                <vehicle id="cfm_slow_3" pos="15.38" speed="3.14"/>
            </lane>
        </edge>
    </timestep>
    <timestep time="0.24">
        <edge id="bottom">
            <lane id="bottom_0">
                <vehicle id="cfm_slow_0" pos="1.41" speed="3.27"/>
                <vehicle id="cfm_slow_1" pos="39.41" speed="3.27"/>
            </lane>
        </edge>
        <edge id="left">
            <lane id="left_0">
                <vehicle id="cfm_slow_4" pos="3.41" speed="3.27"/>
            </lane>
        </edge>
        <edge id="right">
            <lane id="right_0">
                <vehicle id="cfm_slow_2" pos="27.41" speed="3.27"/>
            </lane>
        </edge>
        <edge id="top">
            <lane id="top_0">
                <vehicle id="cfm_slow_3" pos="15.41" speed="3.27"/>
            </lane>
        </edge>
    </timestep>
    <timestep time="0.25">
        <edge id="bottom">
            <lane id="bottom_0">
                <vehicle id="cfm_slow_0" pos="1.44" speed="3.41"/>
                <vehicle id="cfm_slow_1" pos="39.44" speed="3.41"/>
            </lane>
        </edge>
        <edge id="left">
            <lane id="left_0">
                <vehicle id="cfm_slow_4" pos="3.44" speed="3.41"/>
            </lane>
        </edge>
        <edge id="right">
            <lane id="right_0">
                <vehicle id="cfm_slow_2" pos="27.44" speed="3.41"/>
            </lane>
        </edge>
        <edge id="top">
            <lane id="top_0">
                <vehicle id="cfm_slow_3" pos="15.44" speed="3.41"/>
            </lane>
        </edge>
    </timestep>
    <timestep time="0.26">
        <edge id="bottom">
            <lane id="bottom_0">
                <vehicle id="cfm_slow_0" pos="1.48" speed="3.55"/>
                <vehicle id="cfm_slow_1" pos="39.48" speed="3.55"/>
            </lane>
        </edge>
        <edge id="left">
            <lane id="left_0">
                <vehicle id="cfm_slow_4" pos="3.48" speed="3.55"/>
            </lane>
        </edge>
        <edge id="right">
            <lane id="right_0">
                <vehicle id="cfm_slow_2" pos="27.48" speed="3.55"/>
            </lane>
        </edge>
        <edge id="top">
            <lane id="top_0">
                <vehicle id="cfm_slow_3" pos="15.48" speed="3.55"/>
            </lane>
        </edge>
    </timestep>
    <timestep time="0.27">
        <edge id="bottom">
            <lane id="bottom_0">
                <vehicle id="cfm_slow_0" pos="1.52" speed="3.68"/>
                <vehicle id="cfm_slow_1" pos="39.52" speed="3.68"/>
            </lane>
        </edge>
        <edge id="left">
            <lane id="left_0">
                <vehicle id="cfm_slow_4" pos="3.52" speed="3.68"/>
            </lane>
        </edge>
        <edge id="right">
            <lane id="right_0">
                <vehicle id="cfm_slow_2" pos="27.52" speed="3.68"/>
            </lane>
        </edge>
        <edge id="top">
            <lane id="top_0">
                <vehicle id="cfm_slow_3" pos="15.52" speed="3.68"/>
            </lane>
        </edge>
    </timestep>
    <timestep time="0.28">
        <edge id="bottom">
            <lane id="bottom_0">
                <vehicle id="cfm_slow_0" pos="1.55" speed="3.82"/>
                <vehicle id="cfm_slow_1" pos="39.55" speed="3.82"/>
            </lane>
        </edge>
        <edge id="left">
            <lane id="left_0">
                <vehicle id="cfm_slow_4" pos="3.55" speed="3.82"/>
            </lane>
        </edge>
        <edge id="right">
            <lane id="right_0">
                <vehicle id="cfm_slow_2" pos="27.55" speed="3.82"/>
            </lane>
        </edge>
        <edge id="top">
            <lane id="top_0">
                <vehicle id="cfm_slow_3" pos="15.55" speed="3.82"/>
            </lane>
        </edge>
    </timestep>
    <timestep time="0.29">
        <edge id="bottom">
            <lane id="bottom_0">
                <vehicle id="cfm_slow_0" pos="1.59" speed="3.95"/>
                <vehicle id="cfm_slow_1" pos="39.59" speed="3.95"/>
            </lane>
        </edge>
        <edge id="left">
            <lane id="left_0">
                <vehicle id="cfm_slow_4" pos="3.59" speed="3.95"/>
            </lane>
        </edge>
        <edge id="right">
            <lane id="right_0">
                <vehicle id="cfm_slow_2" pos="27.59" speed="3.95"/>
            </lane>
        </edge>
        <edge id="top">
            <lane id="top_0">
                <vehicle id="cfm_slow_3" pos="15.59" speed="3.95"/>
            </lane>
        </edge>
    </timestep>
    <timestep time="0.30">
        <edge id="bottom">
            <lane id="bottom_0">
                <vehicle id="cfm_slow_0" pos="1.63" speed="4.09"/>
                <vehicle id="cfm_slow_1" pos="39.63" speed="4.09"/>
            </lane>
        </edge>
        <edge id="left">
            <lane id="left_0">
                <vehicle id="cfm_slow_4" pos="3.63" speed="4.09"/>
            </lane>
        </edge>
        <edge id="right">
            <lane id="right_0">
                <vehicle id="cfm_slow_2" pos="27.63" speed="4.09"/>
            </lane>
        </edge>
        <edge id="top">
            <lane id="top_0">
                <vehicle id="cfm_slow_3" pos="15.63" speed="4.09"/>
            </lane>
        </edge>
    </timestep>
    <timestep time="0.31">
        <edge id="bottom">
            <lane id="bottom_0">
                <vehicle id="cfm_slow_0" pos="1.68" speed="4.23"/>
                <vehicle id="cfm_slow_1" pos="39.68" speed="4.23"/>
            </lane>
        </edge>
        <edge id="left">
            <lane id="left_0">
                <vehicle id="cfm_slow_4" pos="3.68" speed="4.23"/>
            </lane>
        </edge>
        <edge id="right">
            <lane id="right_0">
                <vehicle id="cfm_slow_2" pos="27.68" speed="4.23"/>
            </lane>
        </edge>
        <edge id="top">
            <lane id="top_0">
                <vehicle id="cfm_slow_3" pos="15.68" speed="4.23"/>
            </lane>
        </edge>
    </timestep>
    <timestep time="0.32">
        <edge id="bottom">
            <lane id="bottom_0">
                <vehicle id="cfm_slow_0" pos="1.72" speed="4.36"/>
                <vehicle id="cfm_slow_1" pos="39.72" speed="4.36"/>
            </lane>
        </edge>
        <edge id="left">
            <lane id="left_0">
                <vehicle id="cfm_slow_4" pos="3.72" speed="4.36"/>
            </lane>
        </edge>
        <edge id="right">
            <lane id="right_0">
                <vehicle id="cfm_slow_2" pos="27.72" speed="4.36"/>
            </lane>
        </edge>
        <edge id="top">
            <lane id="top_0">
                <vehicle id="cfm_slow_3" pos="15.72" speed="4.36"/>
            </lane>
        </edge>
    </timestep>
    <timestep time="0.33">
        <edge id="bottom">
            <lane id="bottom_0">
                <vehicle id="cfm_slow_0" pos="1.76" speed="4.50"/>
                <vehicle id="cfm_slow_1" pos="39.77" speed="4.50"/>
            </lane>
        </edge>
        <edge id="left">
            <lane id="left_0">
                <vehicle id="cfm_slow_4" pos="3.77" speed="4.50"/>
            </lane>
        </edge>
        <edge id="right">
            <lane id="right_0">
                <vehicle id="cfm_slow_2" pos="27.76" speed="4.50"/>
            </lane>
        </edge>
        <edge id="top">
            <lane id="top_0">
                <vehicle id="cfm_slow_3" pos="15.76" speed="4.50"/>
            </lane>
        </edge>
    </timestep>
    <timestep time="0.34">
        <edge id="bottom">
            <lane id="bottom_0">
                <vehicle id="cfm_slow_0" pos="1.81" speed="4.64"/>
                <vehicle id="cfm_slow_1" pos="39.81" speed="4.64"/>
            </lane>
        </edge>
        <edge id="left">
            <lane id="left_0">
                <vehicle id="cfm_slow_4" pos="3.81" speed="4.64"/>
            </lane>
        </edge>
        <edge id="right">
            <lane id="right_0">
                <vehicle id="cfm_slow_2" pos="27.81" speed="4.64"/>
            </lane>
        </edge>
        <edge id="top">
            <lane id="top_0">
                <vehicle id="cfm_slow_3" pos="15.81" speed="4.64"/>
            </lane>
        </edge>
    </timestep>
    <timestep time="0.35">
        <edge id="bottom">
            <lane id="bottom_0">
                <vehicle id="cfm_slow_0" pos="1.86" speed="4.77"/>
                <vehicle id="cfm_slow_1" pos="39.86" speed="4.77"/>
            </lane>
        </edge>
        <edge id="left">
            <lane id="left_0">
                <vehicle id="cfm_slow_4" pos="3.86" speed="4.77"/>
            </lane>
        </edge>
        <edge id="right">
            <lane id="right_0">
                <vehicle id="cfm_slow_2" pos="27.86" speed="4.77"/>
            </lane>
        </edge>
        <edge id="top">
            <lane id="top_0">
                <vehicle id="cfm_slow_3" pos="15.86" speed="4.77"/>
            </lane>
        </edge>
    </timestep>
    <timestep time="0.36">
        <edge id="bottom">
            <lane id="bottom_0">
                <vehicle id="cfm_slow_0" pos="1.91" speed="4.91"/>
                <vehicle id="cfm_slow_1" pos="39.91" speed="4.91"/>
            </lane>
        </edge>
        <edge id="left">
            <lane id="left_0">
                <vehicle id="cfm_slow_4" pos="3.91" speed="4.91"/>
            </lane>
        </edge>
        <edge id="right">
            <lane id="right_0">
                <vehicle id="cfm_slow_2" pos="27.91" speed="4.91"/>
            </lane>
        </edge>
        <edge id="top">
            <lane id="top_0">
                <vehicle id="cfm_slow_3" pos="15.91" speed="4.91"/>
            </lane>
        </edge>
    </timestep>
    <timestep time="0.37">
        <edge id="bottom">
            <lane id="bottom_0">
                <vehicle id="cfm_slow_0" pos="1.96" speed="5.05"/>
                <vehicle id="cfm_slow_1" pos="39.96" speed="5.05"/>
            </lane>
        </edge>
        <edge id="left">
            <lane id="left_0">
                <vehicle id="cfm_slow_4" pos="3.96" speed="5.05"/>
            </lane>
        </edge>
        <edge id="right">
            <lane id="right_0">
                <vehicle id="cfm_slow_2" pos="27.96" speed="5.05"/>
            </lane>
        </edge>
        <edge id="top">
            <lane id="top_0">
                <vehicle id="cfm_slow_3" pos="15.96" speed="5.05"/>
            </lane>
        </edge>
    </timestep>
    <timestep time="0.38">
        <edge id="bottom">
            <lane id="bottom_0">
                <vehicle id="cfm_slow_0" pos="2.01" speed="5.18"/>
                <vehicle id="cfm_slow_1" pos="40.01" speed="5.18"/>
            </lane>
        </edge>
        <edge id="left">
            <lane id="left_0">
                <vehicle id="cfm_slow_4" pos="4.01" speed="5.18"/>
            </lane>
        </edge>
        <edge id="right">
            <lane id="right_0">
                <vehicle id="cfm_slow_2" pos="28.01" speed="5.18"/>
            </lane>
        </edge>
        <edge id="top">
            <lane id="top_0">
                <vehicle id="cfm_slow_3" pos="16.01" speed="5.18"/>
            </lane>
        </edge>
    </timestep>
    <timestep time="0.39">
        <edge id="bottom">
            <lane id="bottom_0">
                <vehicle id="cfm_slow_0" pos="2.06" speed="5.32"/>
                <vehicle id="cfm_slow_1" pos="40.06" speed="5.32"/>
            </lane>
        </edge>
        <edge id="left">
            <lane id="left_0">
                <vehicle id="cfm_slow_4" pos="4.06" speed="5.32"/>
            </lane>
        </edge>
        <edge id="right">
            <lane id="right_0">
                <vehicle id="cfm_slow_2" pos="28.06" speed="5.32"/>
            </lane>
        </edge>
        <edge id="top">
            <lane id="top_0">
                <vehicle id="cfm_slow_3" pos="16.06" speed="5.32"/>
            </lane>
        </edge>
    </timestep>
    <timestep time="0.40">
        <edge id="bottom">
            <lane id="bottom_0">
                <vehicle id="cfm_slow_0" pos="2.12" speed="5.45"/>
                <vehicle id="cfm_slow_1" pos="40.12" speed="5.45"/>
            </lane>
        </edge>
        <edge id="left">
            <lane id="left_0">
                <vehicle id="cfm_slow_4" pos="4.12" speed="5.45"/>
            </lane>
        </edge>
        <edge id="right">
            <lane id="right_0">
                <vehicle id="cfm_slow_2" pos="28.12" speed="5.45"/>
            </lane>
        </edge>
        <edge id="top">
            <lane id="top_0">
                <vehicle id="cfm_slow_3" pos="16.12" speed="5.45"/>
            </lane>
        </edge>
    </timestep>
    <timestep time="0.41">
        <edge id="bottom">
            <lane id="bottom_0">
                <vehicle id="cfm_slow_0" pos="2.17" speed="5.59"/>
                <vehicle id="cfm_slow_1" pos="40.17" speed="5.59"/>
            </lane>
        </edge>
        <edge id="left">
            <lane id="left_0">
                <vehicle id="cfm_slow_4" pos="4.17" speed="5.59"/>
            </lane>
        </edge>
        <edge id="right">
            <lane id="right_0">
                <vehicle id="cfm_slow_2" pos="28.17" speed="5.59"/>
            </lane>
        </edge>
        <edge id="top">
            <lane id="top_0">
                <vehicle id="cfm_slow_3" pos="16.17" speed="5.59"/>
            </lane>
        </edge>
    </timestep>
    <timestep time="0.42">
        <edge id="bottom">
            <lane id="bottom_0">
                <vehicle id="cfm_slow_0" pos="2.23" speed="5.73"/>
                <vehicle id="cfm_slow_1" pos="40.23" speed="5.73"/>
            </lane>
        </edge>
        <edge id="left">
            <lane id="left_0">
                <vehicle id="cfm_slow_4" pos="4.23" speed="5.73"/>
            </lane>
        </edge>
        <edge id="right">
            <lane id="right_0">
                <vehicle id="cfm_slow_2" pos="28.23" speed="5.73"/>
            </lane>
        </edge>
        <edge id="top">
            <lane id="top_0">
                <vehicle id="cfm_slow_3" pos="16.23" speed="5.73"/>
            </lane>
        </edge>
    </timestep>
    <timestep time="0.43">
        <edge id="bottom">
            <lane id="bottom_0">
                <vehicle id="cfm_slow_0" pos="2.29" speed="5.86"/>
                <vehicle id="cfm_slow_1" pos="40.29" speed="5.86"/>
            </lane>
        </edge>
        <edge id="left">
            <lane id="left_0">
                <vehicle id="cfm_slow_4" pos="4.29" speed="5.86"/>
            </lane>
        </edge>
        <edge id="right">
            <lane id="right_0">
                <vehicle id="cfm_slow_2" pos="28.29" speed="5.86"/>
            </lane>
        </edge>
        <edge id="top">
            <lane id="top_0">
                <vehicle id="cfm_slow_3" pos="16.29" speed="5.86"/>
            </lane>
        </edge>
    </timestep>
    <timestep time="0.44">
        <edge id="bottom">
            <lane id="bottom_0">
                <vehicle id="cfm_slow_0" pos="2.35" speed="6.00"/>
                <vehicle id="cfm_slow_1" pos="40.35" speed="6.00"/>
            </lane>
        </edge>
        <edge id="left">
            <lane id="left_0">
                <vehicle id="cfm_slow_4" pos="4.35" speed="6.00"/>
            </lane>
        </edge>
        <edge id="right">
            <lane id="right_0">
                <vehicle id="cfm_slow_2" pos="28.35" speed="6.00"/>
            </lane>
        </edge>
        <edge id="top">
            <lane id="top_0">
                <vehicle id="cfm_slow_3" pos="16.35" speed="6.00"/>
            </lane>
        </edge>
    </timestep>
    <timestep time="0.45">
        <edge id="bottom">
            <lane id="bottom_0">
                <vehicle id="cfm_slow_0" pos="2.41" speed="6.14"/>
                <vehicle id="cfm_slow_1" pos="40.41" speed="6.14"/>
            </lane>
        </edge>
        <edge id="left">
            <lane id="left_0">
                <vehicle id="cfm_slow_4" pos="4.41" speed="6.14"/>
            </lane>
        </edge>
        <edge id="right">
            <lane id="right_0">
                <vehicle id="cfm_slow_2" pos="28.41" speed="6.14"/>
            </lane>
        </edge>
        <edge id="top">
            <lane id="top_0">
                <vehicle id="cfm_slow_3" pos="16.41" speed="6.14"/>
            </lane>
        </edge>
    </timestep>
    <timestep time="0.46">
        <edge id="bottom">
            <lane id="bottom_0">
                <vehicle id="cfm_slow_0" pos="2.47" speed="6.27"/>
                <vehicle id="cfm_slow_1" pos="40.47" speed="6.27"/>
            </lane>
        </edge>
        <edge id="left">
            <lane id="left_0">
                <vehicle id="cfm_slow_4" pos="4.47" speed="6.27"/>
            </lane>
        </edge>
        <edge id="right">
            <lane id="right_0">
                <vehicle id="cfm_slow_2" pos="28.47" speed="6.27"/>
            </lane>
        </edge>
        <edge id="top">
            <lane id="top_0">
                <vehicle id="cfm_slow_3" pos="16.47" speed="6.27"/>
            </lane>
        </edge>
    </timestep>
    <timestep time="0.47">
        <edge id="bottom">
            <lane id="bottom_0">
                <vehicle id="cfm_slow_0" pos="2.54" speed="6.41"/>
                <vehicle id="cfm_slow_1" pos="40.54" speed="6.41"/>
            </lane>
        </edge>
        <edge id="left">
            <lane id="left_0">
                <vehicle id="cfm_slow_4" pos="4.54" speed="6.41"/>
            </lane>
        </edge>
        <edge id="right">
            <lane id="right_0">
                <vehicle id="cfm_slow_2" pos="28.54" speed="6.41"/>
            </lane>
        </edge>
        <edge id="top">
            <lane id="top_0">
                <vehicle id="cfm_slow_3" pos="16.54" speed="6.41"/>
            </lane>
        </edge>
    </timestep>
    <timestep time="0.48">
        <edge id="bottom">
            <lane id="bottom_0">
                <vehicle id="cfm_slow_0" pos="2.60" speed="6.55"/>
                <vehicle id="cfm_slow_1" pos="40.60" speed="6.55"/>
            </lane>
        </edge>
        <edge id="left">
            <lane id="left_0">
                <vehicle id="cfm_slow_4" pos="4.60" speed="6.55"/>
            </lane>
        </edge>
        <edge id="right">
            <lane id="right_0">
                <vehicle id="cfm_slow_2" pos="28.60" speed="6.55"/>
            </lane>
        </edge>
        <edge id="top">
            <lane id="top_0">
                <vehicle id="cfm_slow_3" pos="16.60" speed="6.55"/>
            </lane>
        </edge>
    </timestep>
    <timestep time="0.49">
        <edge id="bottom">
            <lane id="bottom_0">
                <vehicle id="cfm_slow_0" pos="2.67" speed="6.68"/>
                <vehicle id="cfm_slow_1" pos="40.67" speed="6.68"/>
            </lane>
        </edge>
        <edge id="left">
            <lane id="left_0">
                <vehicle id="cfm_slow_4" pos="4.67" speed="6.68"/>
            </lane>
        </edge>
        <edge id="right">
            <lane id="right_0">
                <vehicle id="cfm_slow_2" pos="28.67" speed="6.68"/>
            </lane>
        </edge>
        <edge id="top">
            <lane id="top_0">
                <vehicle id="cfm_slow_3" pos="16.67" speed="6.68"/>
            </lane>
        </edge>
    </timestep>
    <timestep time="0.50">
        <edge id="bottom">
            <lane id="bottom_0">
                <vehicle id="cfm_slow_0" pos="2.74" speed="6.82"/>
                <vehicle id="cfm_slow_1" pos="40.74" speed="6.82"/>
            </lane>
        </edge>
        <edge id="left">
            <lane id="left_0">
                <vehicle id="cfm_slow_4" pos="4.74" speed="6.82"/>
            </lane>
        </edge>
        <edge id="right">
            <lane id="right_0">
                <vehicle id="cfm_slow_2" pos="28.74" speed="6.82"/>
            </lane>
        </edge>
        <edge id="top">
            <lane id="top_0">
                <vehicle id="cfm_slow_3" pos="16.74" speed="6.82"/>
            </lane>
        </edge>
    </timestep>
    <timestep time="0.51">
        <edge id="bottom">
            <lane id="bottom_0">
                <vehicle id="cfm_slow_0" pos="2.81" speed="6.95"/>
                <vehicle id="cfm_slow_1" pos="40.81" speed="6.95"/>
            </lane>
        </edge>
        <edge id="left">
            <lane id="left_0">
                <vehicle id="cfm_slow_4" pos="4.81" speed="6.95"/>
            </lane>
        </edge>
        <edge id="right">
            <lane id="right_0">
                <vehicle id="cfm_slow_2" pos="28.81" speed="6.95"/>
            </lane>
        </edge>
        <edge id="top">
            <lane id="top_0">
                <vehicle id="cfm_slow_3" pos="16.81" speed="6.95"/>
            </lane>
        </edge>
    </timestep>
    <timestep time="0.52">
        <edge id="bottom">
            <lane id="bottom_0">
                <vehicle id="cfm_slow_0" pos="2.88" speed="7.09"/>
                <vehicle id="cfm_slow_1" pos="40.88" speed="7.09"/>
            </lane>
        </edge>
        <edge id="left">
            <lane id="left_0">
                <vehicle id="cfm_slow_4" pos="4.88" speed="7.09"/>
            </lane>
        </edge>
        <edge id="right">
            <lane id="right_0">
                <vehicle id="cfm_slow_2" pos="28.88" speed="7.09"/>
            </lane>
        </edge>
        <edge id="top">
            <lane id="top_0">
                <vehicle id="cfm_slow_3" pos="16.88" speed="7.09"/>
            </lane>
        </edge>
    </timestep>
    <timestep time="0.53">
        <edge id="bottom">
            <lane id="bottom_0">
                <vehicle id="cfm_slow_0" pos="2.95" speed="7.23"/>
                <vehicle id="cfm_slow_1" pos="40.95" speed="7.23"/>
            </lane>
        </edge>
        <edge id="left">
            <lane id="left_0">
                <vehicle id="cfm_slow_4" pos="4.95" speed="7.23"/>
            </lane>
        </edge>
        <edge id="right">
            <lane id="right_0">
                <vehicle id="cfm_slow_2" pos="28.95" speed="7.23"/>
            </lane>
        </edge>
        <edge id="top">
            <lane id="top_0">
                <vehicle id="cfm_slow_3" pos="16.95" speed="7.23"/>
            </lane>
        </edge>
    </timestep>
    <timestep time="0.54">
        <edge id="bottom">
            <lane id="bottom_0">
                <vehicle id="cfm_slow_0" pos="3.03" speed="7.36"/>
                <vehicle id="cfm_slow_1" pos="41.02" speed="7.36"/>
            </lane>
        </edge>
        <edge id="left">
            <lane id="left_0">
                <vehicle id="cfm_slow_4" pos="5.02" speed="7.36"/>
            </lane>
        </edge>
        <edge id="right">
            <lane id="right_0">
                <vehicle id="cfm_slow_2" pos="29.02" speed="7.36"/>
            </lane>
        </edge>
        <edge id="top">
            <lane id="top_0">
                <vehicle id="cfm_slow_3" pos="17.02" speed="7.36"/>
            </lane>
        </edge>
    </timestep>
    <timestep time="0.55">
        <edge id="bottom">
            <lane id="bottom_0">
                <vehicle id="cfm_slow_0" pos="3.10" speed="7.50"/>
                <vehicle id="cfm_slow_1" pos="41.10" speed="7.50"/>
            </lane>
        </edge>
        <edge id="left">
            <lane id="left_0">
                <vehicle id="cfm_slow_4" pos="5.10" speed="7.50"/>
            </lane>
        </edge>
        <edge id="right">
            <lane id="right_0">
                <vehicle id="cfm_slow_2" pos="29.10" speed="7.50"/>
            </lane>
        </edge>
        <edge id="top">
            <lane id="top_0">
                <vehicle id="cfm_slow_3" pos="17.10" speed="7.50"/>
            </lane>
        </edge>
    </timestep>
    <timestep time="0.56">
        <edge id="bottom">
            <lane id="bottom_0">
                <vehicle id="cfm_slow_0" pos="3.18" speed="7.64"/>
                <vehicle id="cfm_slow_1" pos="41.18" speed="7.64"/>
            </lane>
        </edge>
        <edge id="left">
            <lane id="left_0">
                <vehicle id="cfm_slow_4" pos="5.18" speed="7.64"/>
            </lane>
        </edge>
        <edge id="right">
            <lane id="right_0">
                <vehicle id="cfm_slow_2" pos="29.18" speed="7.64"/>
            </lane>
        </edge>
        <edge id="top">
            <lane id="top_0">
                <vehicle id="cfm_slow_3" pos="17.18" speed="7.64"/>
            </lane>
        </edge>
    </timestep>
    <timestep time="0.57">
        <edge id="bottom">
            <lane id="bottom_0">
                <vehicle id="cfm_slow_0" pos="3.25" speed="7.77"/>
                <vehicle id="cfm_slow_1" pos="41.25" speed="7.77"/>
            </lane>
        </edge>
        <edge id="left">
            <lane id="left_0">
                <vehicle id="cfm_slow_4" pos="5.25" speed="7.77"/>
            </lane>
        </edge>
        <edge id="right">
            <lane id="right_0">
                <vehicle id="cfm_slow_2" pos="29.25" speed="7.77"/>
            </lane>
        </edge>
        <edge id="top">
            <lane id="top_0">
                <vehicle id="cfm_slow_3" pos="17.25" speed="7.77"/>
            </lane>
        </edge>
    </timestep>
    <timestep time="0.58">
        <edge id="bottom">
            <lane id="bottom_0">
                <vehicle id="cfm_slow_0" pos="3.33" speed="7.91"/>
                <vehicle id="cfm_slow_1" pos="41.33" speed="7.91"/>
            </lane>
        </edge>
        <edge id="left">
            <lane id="left_0">
                <vehicle id="cfm_slow_4" pos="5.33" speed="7.91"/>
            </lane>
        </edge>
        <edge id="right">
            <lane id="right_0">
                <vehicle id="cfm_slow_2" pos="29.33" speed="7.91"/>
            </lane>
        </edge>
        <edge id="top">
            <lane id="top_0">
                <vehicle id="cfm_slow_3" pos="17.33" speed="7.91"/>
            </lane>
        </edge>
    </timestep>
    <timestep time="0.59">
        <edge id="bottom">
            <lane id="bottom_0">
                <vehicle id="cfm_slow_0" pos="3.41" speed="8.05"/>
                <vehicle id="cfm_slow_1" pos="41.41" speed="8.05"/>
            </lane>
        </edge>
        <edge id="left">
            <lane id="left_0">
                <vehicle id="cfm_slow_4" pos="5.41" speed="8.05"/>
            </lane>
        </edge>
        <edge id="right">
            <lane id="right_0">
                <vehicle id="cfm_slow_2" pos="29.41" speed="8.05"/>
            </lane>
        </edge>
        <edge id="top">
            <lane id="top_0">
                <vehicle id="cfm_slow_3" pos="17.41" speed="8.05"/>
            </lane>
        </edge>
    </timestep>
    <timestep time="0.60">
        <edge id="bottom">
            <lane id="bottom_0">
                <vehicle id="cfm_slow_0" pos="3.50" speed="8.18"/>
                <vehicle id="cfm_slow_1" pos="41.50" speed="8.18"/>
            </lane>
        </edge>
        <edge id="left">
            <lane id="left_0">
                <vehicle id="cfm_slow_4" pos="5.50" speed="8.18"/>
            </lane>
        </edge>
        <edge id="right">
            <lane id="right_0">
                <vehicle id="cfm_slow_2" pos="29.50" speed="8.18"/>
            </lane>
        </edge>
        <edge id="top">
            <lane id="top_0">
                <vehicle id="cfm_slow_3" pos="17.50" speed="8.18"/>
            </lane>
        </edge>
    </timestep>
    <timestep time="0.61">
        <edge id="bottom">
            <lane id="bottom_0">
                <vehicle id="cfm_slow_0" pos="3.58" speed="8.32"/>
                <vehicle id="cfm_slow_1" pos="41.58" speed="8.32"/>
            </lane>
        </edge>
        <edge id="left">
            <lane id="left_0">
                <vehicle id="cfm_slow_4" pos="5.58" speed="8.32"/>
            </lane>
        </edge>
        <edge id="right">
            <lane id="right_0">
                <vehicle id="cfm_slow_2" pos="29.58" speed="8.32"/>
            </lane>
        </edge>
        <edge id="top">
            <lane id="top_0">
                <vehicle id="cfm_slow_3" pos="17.58" speed="8.32"/>
            </lane>
        </edge>
    </timestep>
    <timestep time="0.62">
        <edge id="bottom">
            <lane id="bottom_0">
                <vehicle id="cfm_slow_0" pos="3.66" speed="8.45"/>
                <vehicle id="cfm_slow_1" pos="41.66" speed="8.45"/>
            </lane>
        </edge>
        <edge id="left">
            <lane id="left_0">
                <vehicle id="cfm_slow_4" pos="5.66" speed="8.45"/>
            </lane>
        </edge>
        <edge id="right">
            <lane id="right_0">
                <vehicle id="cfm_slow_2" pos="29.66" speed="8.45"/>
            </lane>
        </edge>
        <edge id="top">
            <lane id="top_0">
                <vehicle id="cfm_slow_3" pos="17.66" speed="8.45"/>
            </lane>
        </edge>
    </timestep>
    <timestep time="0.63">
        <edge id="bottom">
            <lane id="bottom_0">
                <vehicle id="cfm_slow_0" pos="3.75" speed="8.59"/>
                <vehicle id="cfm_slow_1" pos="41.75" speed="8.59"/>
            </lane>
        </edge>
        <edge id="left">
            <lane id="left_0">
                <vehicle id="cfm_slow_4" pos="5.75" speed="8.59"/>
            </lane>
        </edge>
        <edge id="right">
            <lane id="right_0">
                <vehicle id="cfm_slow_2" pos="29.75" speed="8.59"/>
            </lane>
        </edge>
        <edge id="top">
            <lane id="top_0">
                <vehicle id="cfm_slow_3" pos="17.75" speed="8.59"/>
            </lane>
        </edge>
    </timestep>
    <timestep time="0.64">
        <edge id="bottom">
            <lane id="bottom_0">
                <vehicle id="cfm_slow_0" pos="3.84" speed="8.73"/>
                <vehicle id="cfm_slow_1" pos="41.84" speed="8.73"/>
            </lane>
        </edge>
        <edge id="left">
            <lane id="left_0">
                <vehicle id="cfm_slow_4" pos="5.84" speed="8.73"/>
            </lane>
        </edge>
        <edge id="right">
            <lane id="right_0">
                <vehicle id="cfm_slow_2" pos="29.84" speed="8.73"/>
            </lane>
        </edge>
        <edge id="top">
            <lane id="top_0">
                <vehicle id="cfm_slow_3" pos="17.84" speed="8.73"/>
            </lane>
        </edge>
    </timestep>
    <timestep time="0.65">
        <edge id="bottom">
            <lane id="bottom_0">
                <vehicle id="cfm_slow_0" pos="3.93" speed="8.86"/>
                <vehicle id="cfm_slow_1" pos="41.92" speed="8.86"/>
            </lane>
        </edge>
        <edge id="left">
            <lane id="left_0">
                <vehicle id="cfm_slow_4" pos="5.92" speed="8.86"/>
            </lane>
        </edge>
        <edge id="right">
            <lane id="right_0">
                <vehicle id="cfm_slow_2" pos="29.93" speed="8.86"/>
            </lane>
        </edge>
        <edge id="top">
            <lane id="top_0">
                <vehicle id="cfm_slow_3" pos="17.93" speed="8.86"/>
            </lane>
        </edge>
    </timestep>
    <timestep time="0.66">
        <edge id="bottom">
            <lane id="bottom_0">
                <vehicle id="cfm_slow_0" pos="4.02" speed="9.00"/>
                <vehicle id="cfm_slow_1" pos="42.02" speed="9.00"/>
            </lane>
        </edge>
        <edge id="left">
            <lane id="left_0">
                <vehicle id="cfm_slow_4" pos="6.01" speed="9.00"/>
            </lane>
        </edge>
        <edge id="right">
            <lane id="right_0">
                <vehicle id="cfm_slow_2" pos="30.02" speed="9.00"/>
            </lane>
        </edge>
        <edge id="top">
            <lane id="top_0">
                <vehicle id="cfm_slow_3" pos="18.02" speed="9.00"/>
            </lane>
        </edge>
    </timestep>
    <timestep time="0.67">
        <edge id="bottom">
            <lane id="bottom_0">
                <vehicle id="cfm_slow_0" pos="4.11" speed="9.14"/>
                <vehicle id="cfm_slow_1" pos="42.11" speed="9.14"/>
            </lane>
        </edge>
        <edge id="left">
            <lane id="left_0">
                <vehicle id="cfm_slow_4" pos="6.11" speed="9.14"/>
            </lane>
        </edge>
        <edge id="right">
            <lane id="right_0">
                <vehicle id="cfm_slow_2" pos="30.11" speed="9.14"/>
            </lane>
        </edge>
        <edge id="top">
            <lane id="top_0">
                <vehicle id="cfm_slow_3" pos="18.11" speed="9.14"/>
            </lane>
        </edge>
    </timestep>
    <timestep time="0.68">
        <edge id="bottom">
            <lane id="bottom_0">
                <vehicle id="cfm_slow_0" pos="4.20" speed="9.27"/>
                <vehicle id="cfm_slow_1" pos="42.20" speed="9.27"/>
            </lane>
        </edge>
        <edge id="left">
            <lane id="left_0">
                <vehicle id="cfm_slow_4" pos="6.20" speed="9.27"/>
            </lane>
        </edge>
        <edge id="right">
            <lane id="right_0">
                <vehicle id="cfm_slow_2" pos="30.20" speed="9.27"/>
            </lane>
        </edge>
        <edge id="top">
            <lane id="top_0">
                <vehicle id="cfm_slow_3" pos="18.20" speed="9.27"/>
            </lane>
        </edge>
    </timestep>
    <timestep time="0.69">
        <edge id="bottom">
            <lane id="bottom_0">
                <vehicle id="cfm_slow_0" pos="4.29" speed="9.41"/>
                <vehicle id="cfm_slow_1" pos="42.29" speed="9.41"/>
            </lane>
        </edge>
        <edge id="left">
            <lane id="left_0">
                <vehicle id="cfm_slow_4" pos="6.29" speed="9.41"/>
            </lane>
        </edge>
        <edge id="right">
            <lane id="right_0">
                <vehicle id="cfm_slow_2" pos="30.29" speed="9.41"/>
            </lane>
        </edge>
        <edge id="top">
            <lane id="top_0">
                <vehicle id="cfm_slow_3" pos="18.29" speed="9.41"/>
            </lane>
        </edge>
    </timestep>
    <timestep time="0.70">
        <edge id="bottom">
            <lane id="bottom_0">
                <vehicle id="cfm_slow_0" pos="4.39" speed="9.55"/>
                <vehicle id="cfm_slow_1" pos="42.39" speed="9.55"/>
            </lane>
        </edge>
        <edge id="left">
            <lane id="left_0">
                <vehicle id="cfm_slow_4" pos="6.39" speed="9.55"/>
            </lane>
        </edge>
        <edge id="right">
            <lane id="right_0">
                <vehicle id="cfm_slow_2" pos="30.39" speed="9.55"/>
            </lane>
        </edge>
        <edge id="top">
            <lane id="top_0">
                <vehicle id="cfm_slow_3" pos="18.39" speed="9.55"/>
            </lane>
        </edge>
    </timestep>
    <timestep time="0.71">
        <edge id="bottom">
            <lane id="bottom_0">
                <vehicle id="cfm_slow_0" pos="4.49" speed="9.68"/>
                <vehicle id="cfm_slow_1" pos="42.49" speed="9.68"/>
            </lane>
        </edge>
        <edge id="left">
            <lane id="left_0">
                <vehicle id="cfm_slow_4" pos="6.49" speed="9.68"/>
            </lane>
        </edge>
        <edge id="right">
            <lane id="right_0">
                <vehicle id="cfm_slow_2" pos="30.49" speed="9.68"/>
            </lane>
        </edge>
        <edge id="top">
            <lane id="top_0">
                <vehicle id="cfm_slow_3" pos="18.49" speed="9.68"/>
            </lane>
        </edge>
    </timestep>
    <timestep time="0.72">
        <edge id="bottom">
            <lane id="bottom_0">
                <vehicle id="cfm_slow_0" pos="4.58" speed="9.82"/>
                <vehicle id="cfm_slow_1" pos="42.58" speed="9.82"/>
            </lane>
        </edge>
        <edge id="left">
            <lane id="left_0">
                <vehicle id="cfm_slow_4" pos="6.58" speed="9.82"/>
            </lane>
        </edge>
        <edge id="right">
            <lane id="right_0">
                <vehicle id="cfm_slow_2" pos="30.58" speed="9.82"/>
            </lane>
        </edge>
        <edge id="top">
            <lane id="top_0">
                <vehicle id="cfm_slow_3" pos="18.58" speed="9.82"/>
            </lane>
        </edge>
    </timestep>
    <timestep time="0.73">
        <edge id="bottom">
            <lane id="bottom_0">
                <vehicle id="cfm_slow_0" pos="4.68" speed="9.95"/>
                <vehicle id="cfm_slow_1" pos="42.68" speed="9.95"/>
            </lane>
        </edge>
        <edge id="left">
            <lane id="left_0">
                <vehicle id="cfm_slow_4" pos="6.68" speed="9.95"/>
            </lane>
        </edge>
        <edge id="right">
            <lane id="right_0">
                <vehicle id="cfm_slow_2" pos="30.68" speed="9.95"/>
            </lane>
        </edge>
        <edge id="top">
            <lane id="top_0">
                <vehicle id="cfm_slow_3" pos="18.68" speed="9.95"/>
            </lane>
        </edge>
    </timestep>
    <timestep time="0.74">
        <edge id="bottom">
            <lane id="bottom_0">
                <vehicle id="cfm_slow_0" pos="4.78" speed="10.09"/>
                <vehicle id="cfm_slow_1" pos="42.78" speed="10.09"/>
            </lane>
        </edge>
        <edge id="left">
            <lane id="left_0">
                <vehicle id="cfm_slow_4" pos="6.78" speed="10.09"/>
            </lane>
        </edge>
        <edge id="right">
            <lane id="right_0">
                <vehicle id="cfm_slow_2" pos="30.78" speed="10.09"/>
            </lane>
        </edge>
        <edge id="top">
            <lane id="top_0">
                <vehicle id="cfm_slow_3" pos="18.78" speed="10.09"/>
            </lane>
        </edge>
    </timestep>
    <timestep time="0.75">
        <edge id="bottom">
            <lane id="bottom_0">
                <vehicle id="cfm_slow_0" pos="4.89" speed="10.23"/>
                <vehicle id="cfm_slow_1" pos="42.89" speed="10.23"/>
            </lane>
        </edge>
        <edge id="left">
            <lane id="left_0">
                <vehicle id="cfm_slow_4" pos="6.89" speed="10.23"/>
            </lane>
        </edge>
        <edge id="right">
            <lane id="right_0">
                <vehicle id="cfm_slow_2" pos="30.89" speed="10.23"/>
            </lane>
        </edge>
        <edge id="top">
            <lane id="top_0">
                <vehicle id="cfm_slow_3" pos="18.89" speed="10.23"/>
            </lane>
        </edge>
    </timestep>
    <timestep time="0.76">
        <edge id="bottom">
            <lane id="bottom_0">
                <vehicle id="cfm_slow_0" pos="4.99" speed="10.36"/>
                <vehicle id="cfm_slow_1" pos="42.99" speed="10.36"/>
            </lane>
        </edge>
        <edge id="left">
            <lane id="left_0">
                <vehicle id="cfm_slow_4" pos="6.99" speed="10.36"/>
            </lane>
        </edge>
        <edge id="right">
            <lane id="right_0">
                <vehicle id="cfm_slow_2" pos="30.99" speed="10.36"/>
            </lane>
        </edge>
        <edge id="top">
            <lane id="top_0">
                <vehicle id="cfm_slow_3" pos="18.99" speed="10.36"/>
            </lane>
        </edge>
    </timestep>
    <timestep time="0.77">
        <edge id="bottom">
            <lane id="bottom_0">
                <vehicle id="cfm_slow_0" pos="5.10" speed="10.50"/>
                <vehicle id="cfm_slow_1" pos="43.09" speed="10.50"/>
            </lane>
        </edge>
        <edge id="left">
            <lane id="left_0">
                <vehicle id="cfm_slow_4" pos="7.10" speed="10.50"/>
            </lane>
        </edge>
        <edge id="right">
            <lane id="right_0">
                <vehicle id="cfm_slow_2" pos="31.10" speed="10.50"/>
            </lane>
        </edge>
        <edge id="top">
            <lane id="top_0">
                <vehicle id="cfm_slow_3" pos="19.10" speed="10.50"/>
            </lane>
        </edge>
    </timestep>
    <timestep time="0.78">
        <edge id="bottom">
            <lane id="bottom_0">
                <vehicle id="cfm_slow_0" pos="5.20" speed="10.64"/>
                <vehicle id="cfm_slow_1" pos="43.20" speed="10.64"/>
            </lane>
        </edge>
        <edge id="left">
            <lane id="left_0">
                <vehicle id="cfm_slow_4" pos="7.20" speed="10.64"/>
            </lane>
        </edge>
        <edge id="right">
            <lane id="right_0">
                <vehicle id="cfm_slow_2" pos="31.20" speed="10.64"/>
            </lane>
        </edge>
        <edge id="top">
            <lane id="top_0">
                <vehicle id="cfm_slow_3" pos="19.20" speed="10.64"/>
            </lane>
        </edge>
    </timestep>
    <timestep time="0.79">
        <edge id="bottom">
            <lane id="bottom_0">
                <vehicle id="cfm_slow_0" pos="5.31" speed="10.77"/>
                <vehicle id="cfm_slow_1" pos="43.31" speed="10.77"/>
            </lane>
        </edge>
        <edge id="left">
            <lane id="left_0">
                <vehicle id="cfm_slow_4" pos="7.31" speed="10.77"/>
            </lane>
        </edge>
        <edge id="right">
            <lane id="right_0">
                <vehicle id="cfm_slow_2" pos="31.31" speed="10.77"/>
            </lane>
        </edge>
        <edge id="top">
            <lane id="top_0">
                <vehicle id="cfm_slow_3" pos="19.31" speed="10.77"/>
            </lane>
        </edge>
    </timestep>
    <timestep time="0.80">
        <edge id="bottom">
            <lane id="bottom_0">
                <vehicle id="cfm_slow_0" pos="5.42" speed="10.91"/>
                <vehicle id="cfm_slow_1" pos="43.42" speed="10.91"/>
            </lane>
        </edge>
        <edge id="left">
            <lane id="left_0">
                <vehicle id="cfm_slow_4" pos="7.42" speed="10.91"/>
            </lane>
        </edge>
        <edge id="right">
            <lane id="right_0">
                <vehicle id="cfm_slow_2" pos="31.42" speed="10.91"/>
            </lane>
        </edge>
        <edge id="top">
            <lane id="top_0">
                <vehicle id="cfm_slow_3" pos="19.42" speed="10.91"/>
            </lane>
        </edge>
    </timestep>
    <timestep time="0.81">
        <edge id="bottom">
            <lane id="bottom_0">
                <vehicle id="cfm_slow_0" pos="5.53" speed="11.05"/>
                <vehicle id="cfm_slow_1" pos="43.53" speed="11.05"/>
            </lane>
        </edge>
        <edge id="left">
            <lane id="left_0">
                <vehicle id="cfm_slow_4" pos="7.53" speed="11.05"/>
            </lane>
        </edge>
        <edge id="right">
            <lane id="right_0">
                <vehicle id="cfm_slow_2" pos="31.53" speed="11.05"/>
            </lane>
        </edge>
        <edge id="top">
            <lane id="top_0">
                <vehicle id="cfm_slow_3" pos="19.53" speed="11.05"/>
            </lane>
        </edge>
    </timestep>
    <timestep time="0.82">
        <edge id="bottom">
            <lane id="bottom_0">
                <vehicle id="cfm_slow_0" pos="5.64" speed="11.18"/>
                <vehicle id="cfm_slow_1" pos="43.64" speed="11.18"/>
            </lane>
        </edge>
        <edge id="left">
            <lane id="left_0">
                <vehicle id="cfm_slow_4" pos="7.64" speed="11.18"/>
            </lane>
        </edge>
        <edge id="right">
            <lane id="right_0">
                <vehicle id="cfm_slow_2" pos="31.64" speed="11.18"/>
            </lane>
        </edge>
        <edge id="top">
            <lane id="top_0">
                <vehicle id="cfm_slow_3" pos="19.64" speed="11.18"/>
            </lane>
        </edge>
    </timestep>
    <timestep time="0.83">
        <edge id="bottom">
            <lane id="bottom_0">
                <vehicle id="cfm_slow_0" pos="5.75" speed="11.32"/>
                <vehicle id="cfm_slow_1" pos="43.75" speed="11.32"/>
            </lane>
        </edge>
        <edge id="left">
            <lane id="left_0">
                <vehicle id="cfm_slow_4" pos="7.75" speed="11.32"/>
            </lane>
        </edge>
        <edge id="right">
            <lane id="right_0">
                <vehicle id="cfm_slow_2" pos="31.75" speed="11.32"/>
            </lane>
        </edge>
        <edge id="top">
            <lane id="top_0">
                <vehicle id="cfm_slow_3" pos="19.75" speed="11.32"/>
            </lane>
        </edge>
    </timestep>
    <timestep time="0.84">
        <edge id="bottom">
            <lane id="bottom_0">
                <vehicle id="cfm_slow_0" pos="5.87" speed="11.45"/>
                <vehicle id="cfm_slow_1" pos="43.87" speed="11.45"/>
            </lane>
        </edge>
        <edge id="left">
            <lane id="left_0">
                <vehicle id="cfm_slow_4" pos="7.87" speed="11.45"/>
            </lane>
        </edge>
        <edge id="right">
            <lane id="right_0">
                <vehicle id="cfm_slow_2" pos="31.87" speed="11.45"/>
            </lane>
        </edge>
        <edge id="top">
            <lane id="top_0">
                <vehicle id="cfm_slow_3" pos="19.87" speed="11.45"/>
            </lane>
        </edge>
    </timestep>
    <timestep time="0.85">
        <edge id="bottom">
            <lane id="bottom_0">
                <vehicle id="cfm_slow_0" pos="5.98" speed="11.59"/>
                <vehicle id="cfm_slow_1" pos="43.98" speed="11.59"/>
            </lane>
        </edge>
        <edge id="left">
            <lane id="left_0">
                <vehicle id="cfm_slow_4" pos="7.98" speed="11.59"/>
            </lane>
        </edge>
        <edge id="right">
            <lane id="right_0">
                <vehicle id="cfm_slow_2" pos="31.98" speed="11.59"/>
            </lane>
        </edge>
        <edge id="top">
            <lane id="top_0">
                <vehicle id="cfm_slow_3" pos="19.98" speed="11.59"/>
            </lane>
        </edge>
    </timestep>
    <timestep time="0.86">
        <edge id="bottom">
            <lane id="bottom_0">
                <vehicle id="cfm_slow_0" pos="6.10" speed="11.73"/>
                <vehicle id="cfm_slow_1" pos="44.10" speed="11.73"/>
            </lane>
        </edge>
        <edge id="left">
            <lane id="left_0">
                <vehicle id="cfm_slow_4" pos="8.10" speed="11.73"/>
            </lane>
        </edge>
        <edge id="right">
            <lane id="right_0">
                <vehicle id="cfm_slow_2" pos="32.10" speed="11.73"/>
            </lane>
        </edge>
        <edge id="top">
            <lane id="top_0">
                <vehicle id="cfm_slow_3" pos="20.10" speed="11.73"/>
            </lane>
        </edge>
    </timestep>
    <timestep time="0.87">
        <edge id="bottom">
            <lane id="bottom_0">
                <vehicle id="cfm_slow_0" pos="6.22" speed="11.86"/>
                <vehicle id="cfm_slow_1" pos="44.22" speed="11.86"/>
            </lane>
        </edge>
        <edge id="left">
            <lane id="left_0">
                <vehicle id="cfm_slow_4" pos="8.22" speed="11.86"/>
            </lane>
        </edge>
        <edge id="right">
            <lane id="right_0">
                <vehicle id="cfm_slow_2" pos="32.22" speed="11.86"/>
            </lane>
        </edge>
        <edge id="top">
            <lane id="top_0">
                <vehicle id="cfm_slow_3" pos="20.22" speed="11.86"/>
            </lane>
        </edge>
    </timestep>
    <timestep time="0.88">
        <edge id="bottom">
            <lane id="bottom_0">
                <vehicle id="cfm_slow_0" pos="6.34" speed="12.00"/>
                <vehicle id="cfm_slow_1" pos="44.34" speed="12.00"/>
            </lane>
        </edge>
        <edge id="left">
            <lane id="left_0">
                <vehicle id="cfm_slow_4" pos="8.34" speed="12.00"/>
            </lane>
        </edge>
        <edge id="right">
            <lane id="right_0">
                <vehicle id="cfm_slow_2" pos="32.34" speed="12.00"/>
            </lane>
        </edge>
        <edge id="top">
            <lane id="top_0">
                <vehicle id="cfm_slow_3" pos="20.34" speed="12.00"/>
            </lane>
        </edge>
    </timestep>
    <timestep time="0.89">
        <edge id="bottom">
            <lane id="bottom_0">
                <vehicle id="cfm_slow_0" pos="6.46" speed="12.14"/>
                <vehicle id="cfm_slow_1" pos="44.46" speed="12.14"/>
            </lane>
        </edge>
        <edge id="left">
            <lane id="left_0">
                <vehicle id="cfm_slow_4" pos="8.46" speed="12.14"/>
            </lane>
        </edge>
        <edge id="right">
            <lane id="right_0">
                <vehicle id="cfm_slow_2" pos="32.46" speed="12.14"/>
            </lane>
        </edge>
        <edge id="top">
            <lane id="top_0">
                <vehicle id="cfm_slow_3" pos="20.46" speed="12.14"/>
            </lane>
        </edge>
    </timestep>
    <timestep time="0.90">
        <edge id="bottom">
            <lane id="bottom_0">
                <vehicle id="cfm_slow_0" pos="6.58" speed="12.27"/>
                <vehicle id="cfm_slow_1" pos="44.58" speed="12.27"/>
            </lane>
        </edge>
        <edge id="left">
            <lane id="left_0">
                <vehicle id="cfm_slow_4" pos="8.58" speed="12.27"/>
            </lane>
        </edge>
        <edge id="right">
            <lane id="right_0">
                <vehicle id="cfm_slow_2" pos="32.58" speed="12.27"/>
            </lane>
        </edge>
        <edge id="top">
            <lane id="top_0">
                <vehicle id="cfm_slow_3" pos="20.58" speed="12.27"/>
            </lane>
        </edge>
    </timestep>
    <timestep time="0.91">
        <edge id="bottom">
            <lane id="bottom_0">
                <vehicle id="cfm_slow_0" pos="6.71" speed="12.41"/>
                <vehicle id="cfm_slow_1" pos="44.71" speed="12.41"/>
            </lane>
        </edge>
        <edge id="left">
            <lane id="left_0">
                <vehicle id="cfm_slow_4" pos="8.71" speed="12.41"/>
            </lane>
        </edge>
        <edge id="right">
            <lane id="right_0">
                <vehicle id="cfm_slow_2" pos="32.71" speed="12.41"/>
            </lane>
        </edge>
        <edge id="top">
            <lane id="top_0">
                <vehicle id="cfm_slow_3" pos="20.71" speed="12.41"/>
            </lane>
        </edge>
    </timestep>
    <timestep time="0.92">
        <edge id="bottom">
            <lane id="bottom_0">
                <vehicle id="cfm_slow_0" pos="6.83" speed="12.55"/>
                <vehicle id="cfm_slow_1" pos="44.83" speed="12.55"/>
            </lane>
        </edge>
        <edge id="left">
            <lane id="left_0">
                <vehicle id="cfm_slow_4" pos="8.83" speed="12.55"/>
            </lane>
        </edge>
        <edge id="right">
            <lane id="right_0">
                <vehicle id="cfm_slow_2" pos="32.83" speed="12.55"/>
            </lane>
        </edge>
        <edge id="top">
            <lane id="top_0">
                <vehicle id="cfm_slow_3" pos="20.83" speed="12.55"/>
            </lane>
        </edge>
    </timestep>
    <timestep time="0.93">
        <edge id="bottom">
            <lane id="bottom_0">
                <vehicle id="cfm_slow_0" pos="6.96" speed="12.68"/>
                <vehicle id="cfm_slow_1" pos="44.96" speed="12.68"/>
            </lane>
        </edge>
        <edge id="left">
            <lane id="left_0">
                <vehicle id="cfm_slow_4" pos="8.96" speed="12.68"/>
            </lane>
        </edge>
        <edge id="right">
            <lane id="right_0">
                <vehicle id="cfm_slow_2" pos="32.96" speed="12.68"/>
            </lane>
        </edge>
        <edge id="top">
            <lane id="top_0">
                <vehicle id="cfm_slow_3" pos="20.96" speed="12.68"/>
            </lane>
        </edge>
    </timestep>
    <timestep time="0.94">
        <edge id="bottom">
            <lane id="bottom_0">
                <vehicle id="cfm_slow_0" pos="7.09" speed="12.82"/>
                <vehicle id="cfm_slow_1" pos="45.09" speed="12.82"/>
            </lane>
        </edge>
        <edge id="left">
            <lane id="left_0">
                <vehicle id="cfm_slow_4" pos="9.09" speed="12.82"/>
            </lane>
        </edge>
        <edge id="right">
            <lane id="right_0">
                <vehicle id="cfm_slow_2" pos="33.09" speed="12.82"/>
            </lane>
        </edge>
        <edge id="top">
            <lane id="top_0">
                <vehicle id="cfm_slow_3" pos="21.09" speed="12.82"/>
            </lane>
        </edge>
    </timestep>
    <timestep time="0.95">
        <edge id="bottom">
            <lane id="bottom_0">
                <vehicle id="cfm_slow_0" pos="7.22" speed="12.95"/>
                <vehicle id="cfm_slow_1" pos="45.22" speed="12.95"/>
            </lane>
        </edge>
        <edge id="left">
            <lane id="left_0">
                <vehicle id="cfm_slow_4" pos="9.22" speed="12.95"/>
            </lane>
        </edge>
        <edge id="right">
            <lane id="right_0">
                <vehicle id="cfm_slow_2" pos="33.22" speed="12.95"/>
            </lane>
        </edge>
        <edge id="top">
            <lane id="top_0">
                <vehicle id="cfm_slow_3" pos="21.22" speed="12.95"/>
            </lane>
        </edge>
    </timestep>
    <timestep time="0.96">
        <edge id="bottom">
            <lane id="bottom_0">
                <vehicle id="cfm_slow_0" pos="7.35" speed="13.09"/>
                <vehicle id="cfm_slow_1" pos="45.35" speed="13.09"/>
            </lane>
        </edge>
        <edge id="left">
            <lane id="left_0">
                <vehicle id="cfm_slow_4" pos="9.35" speed="13.09"/>
            </lane>
        </edge>
        <edge id="right">
            <lane id="right_0">
                <vehicle id="cfm_slow_2" pos="33.35" speed="13.09"/>
            </lane>
        </edge>
        <edge id="top">
            <lane id="top_0">
                <vehicle id="cfm_slow_3" pos="21.35" speed="13.09"/>
            </lane>
        </edge>
    </timestep>
    <timestep time="0.97">
        <edge id="bottom">
            <lane id="bottom_0">
                <vehicle id="cfm_slow_0" pos="7.48" speed="13.23"/>
                <vehicle id="cfm_slow_1" pos="45.48" speed="13.23"/>
            </lane>
        </edge>
        <edge id="left">
            <lane id="left_0">
                <vehicle id="cfm_slow_4" pos="9.48" speed="13.23"/>
            </lane>
        </edge>
        <edge id="right">
            <lane id="right_0">
                <vehicle id="cfm_slow_2" pos="33.48" speed="13.23"/>
            </lane>
        </edge>
        <edge id="top">
            <lane id="top_0">
                <vehicle id="cfm_slow_3" pos="21.48" speed="13.23"/>
            </lane>
        </edge>
    </timestep>
    <timestep time="0.98">
        <edge id="bottom">
            <lane id="bottom_0">
                <vehicle id="cfm_slow_0" pos="7.62" speed="13.36"/>
                <vehicle id="cfm_slow_1" pos="45.62" speed="13.36"/>
            </lane>
        </edge>
        <edge id="left">
            <lane id="left_0">
                <vehicle id="cfm_slow_4" pos="9.62" speed="13.36"/>
            </lane>
        </edge>
        <edge id="right">
            <lane id="right_0">
                <vehicle id="cfm_slow_2" pos="33.62" speed="13.36"/>
            </lane>
        </edge>
        <edge id="top">
            <lane id="top_0">
                <vehicle id="cfm_slow_3" pos="21.62" speed="13.36"/>
            </lane>
        </edge>
    </timestep>
    <timestep time="0.99">
        <edge id="bottom">
            <lane id="bottom_0">
                <vehicle id="cfm_slow_0" pos="7.75" speed="13.50"/>
                <vehicle id="cfm_slow_1" pos="45.75" speed="13.50"/>
            </lane>
        </edge>
        <edge id="left">
            <lane id="left_0">
                <vehicle id="cfm_slow_4" pos="9.75" speed="13.50"/>
            </lane>
        </edge>
        <edge id="right">
            <lane id="right_0">
                <vehicle id="cfm_slow_2" pos="33.75" speed="13.50"/>
            </lane>
        </edge>
        <edge id="top">
            <lane id="top_0">
                <vehicle id="cfm_slow_3" pos="21.75" speed="13.50"/>
            </lane>
        </edge>
    </timestep>
    <timestep time="1.00">
        <edge id="bottom">
            <lane id="bottom_0">
                <vehicle id="cfm_slow_0" pos="7.89" speed="13.64"/>
                <vehicle id="cfm_slow_1" pos="45.89" speed="13.64"/>
            </lane>
        </edge>
        <edge id="left">
            <lane id="left_0">
                <vehicle id="cfm_slow_4" pos="9.89" speed="13.64"/>
            </lane>
        </edge>
        <edge id="right">
            <lane id="right_0">
                <vehicle id="cfm_slow_2" pos="33.89" speed="13.64"/>
            </lane>
        </edge>
        <edge id="top">
            <lane id="top_0">
                <vehicle id="cfm_slow_3" pos="21.89" speed="13.64"/>
            </lane>
        </edge>
    </timestep>
    <timestep time="1.01">
        <edge id="bottom">
            <lane id="bottom_0">
                <vehicle id="cfm_slow_0" pos="8.02" speed="13.77"/>
                <vehicle id="cfm_slow_1" pos="46.02" speed="13.77"/>
            </lane>
        </edge>
        <edge id="left">
            <lane id="left_0">
                <vehicle id="cfm_slow_4" pos="10.02" speed="13.77"/>
            </lane>
        </edge>
        <edge id="right">
            <lane id="right_0">
                <vehicle id="cfm_slow_2" pos="34.02" speed="13.77"/>
            </lane>
        </edge>
        <edge id="top">
            <lane id="top_0">
                <vehicle id="cfm_slow_3" pos="22.02" speed="13.77"/>
            </lane>
        </edge>
    </timestep>
    <timestep time="1.02">
        <edge id="bottom">
            <lane id="bottom_0">
                <vehicle id="cfm_slow_0" pos="8.16" speed="13.91"/>
                <vehicle id="cfm_slow_1" pos="46.16" speed="13.91"/>
            </lane>
        </edge>
        <edge id="left">
            <lane id="left_0">
                <vehicle id="cfm_slow_4" pos="10.16" speed="13.91"/>
            </lane>
        </edge>
        <edge id="right">
            <lane id="right_0">
                <vehicle id="cfm_slow_2" pos="34.16" speed="13.91"/>
            </lane>
        </edge>
        <edge id="top">
            <lane id="top_0">
                <vehicle id="cfm_slow_3" pos="22.16" speed="13.91"/>
            </lane>
        </edge>
    </timestep>
    <timestep time="1.03">
        <edge id="bottom">
            <lane id="bottom_0">
                <vehicle id="cfm_slow_0" pos="8.30" speed="14.05"/>
                <vehicle id="cfm_slow_1" pos="46.30" speed="14.05"/>
            </lane>
        </edge>
        <edge id="left">
            <lane id="left_0">
                <vehicle id="cfm_slow_4" pos="10.30" speed="14.05"/>
            </lane>
        </edge>
        <edge id="right">
            <lane id="right_0">
                <vehicle id="cfm_slow_2" pos="34.30" speed="14.05"/>
            </lane>
        </edge>
        <edge id="top">
            <lane id="top_0">
                <vehicle id="cfm_slow_3" pos="22.30" speed="14.05"/>
            </lane>
        </edge>
    </timestep>
    <timestep time="1.04">
        <edge id="bottom">
            <lane id="bottom_0">
                <vehicle id="cfm_slow_0" pos="8.45" speed="14.18"/>
                <vehicle id="cfm_slow_1" pos="46.45" speed="14.18"/>
            </lane>
        </edge>
        <edge id="left">
            <lane id="left_0">
                <vehicle id="cfm_slow_4" pos="10.45" speed="14.18"/>
            </lane>
        </edge>
        <edge id="right">
            <lane id="right_0">
                <vehicle id="cfm_slow_2" pos="34.45" speed="14.18"/>
            </lane>
        </edge>
        <edge id="top">
            <lane id="top_0">
                <vehicle id="cfm_slow_3" pos="22.45" speed="14.18"/>
            </lane>
        </edge>
    </timestep>
    <timestep time="1.05">
        <edge id="bottom">
            <lane id="bottom_0">
                <vehicle id="cfm_slow_0" pos="8.59" speed="14.32"/>
                <vehicle id="cfm_slow_1" pos="46.59" speed="14.32"/>
            </lane>
        </edge>
        <edge id="left">
            <lane id="left_0">
                <vehicle id="cfm_slow_4" pos="10.59" speed="14.32"/>
            </lane>
        </edge>
        <edge id="right">
            <lane id="right_0">
                <vehicle id="cfm_slow_2" pos="34.59" speed="14.32"/>
            </lane>
        </edge>
        <edge id="top">
            <lane id="top_0">
                <vehicle id="cfm_slow_3" pos="22.59" speed="14.32"/>
            </lane>
        </edge>
    </timestep>
    <timestep time="1.06">
        <edge id="bottom">
            <lane id="bottom_0">
                <vehicle id="cfm_slow_0" pos="8.73" speed="14.45"/>
                <vehicle id="cfm_slow_1" pos="46.73" speed="14.45"/>
            </lane>
        </edge>
        <edge id="left">
            <lane id="left_0">
                <vehicle id="cfm_slow_4" pos="10.73" speed="14.45"/>
            </lane>
        </edge>
        <edge id="right">
            <lane id="right_0">
                <vehicle id="cfm_slow_2" pos="34.73" speed="14.45"/>
            </lane>
        </edge>
        <edge id="top">
            <lane id="top_0">
                <vehicle id="cfm_slow_3" pos="22.73" speed="14.45"/>
            </lane>
        </edge>
    </timestep>
    <timestep time="1.07">
        <edge id="bottom">
            <lane id="bottom_0">
                <vehicle id="cfm_slow_0" pos="8.88" speed="14.59"/>
                <vehicle id="cfm_slow_1" pos="46.88" speed="14.59"/>
            </lane>
        </edge>
        <edge id="left">
            <lane id="left_0">
                <vehicle id="cfm_slow_4" pos="10.88" speed="14.59"/>
            </lane>
        </edge>
        <edge id="right">
            <lane id="right_0">
                <vehicle id="cfm_slow_2" pos="34.88" speed="14.59"/>
            </lane>
        </edge>
        <edge id="top">
            <lane id="top_0">
                <vehicle id="cfm_slow_3" pos="22.88" speed="14.59"/>
            </lane>
        </edge>
    </timestep>
    <timestep time="1.08">
        <edge id="bottom">
            <lane id="bottom_0">
                <vehicle id="cfm_slow_0" pos="9.03" speed="14.73"/>
                <vehicle id="cfm_slow_1" pos="47.03" speed="14.73"/>
            </lane>
        </edge>
        <edge id="left">
            <lane id="left_0">
                <vehicle id="cfm_slow_4" pos="11.03" speed="14.73"/>
            </lane>
        </edge>
        <edge id="right">
            <lane id="right_0">
                <vehicle id="cfm_slow_2" pos="35.03" speed="14.73"/>
            </lane>
        </edge>
        <edge id="top">
            <lane id="top_0">
                <vehicle id="cfm_slow_3" pos="23.03" speed="14.73"/>
            </lane>
        </edge>
    </timestep>
    <timestep time="1.09">
        <edge id="bottom">
            <lane id="bottom_0">
                <vehicle id="cfm_slow_0" pos="9.18" speed="14.86"/>
                <vehicle id="cfm_slow_1" pos="47.18" speed="14.86"/>
            </lane>
        </edge>
        <edge id="left">
            <lane id="left_0">
                <vehicle id="cfm_slow_4" pos="11.18" speed="14.86"/>
            </lane>
        </edge>
        <edge id="right">
            <lane id="right_0">
                <vehicle id="cfm_slow_2" pos="35.18" speed="14.86"/>
            </lane>
        </edge>
        <edge id="top">
            <lane id="top_0">
                <vehicle id="cfm_slow_3" pos="23.18" speed="14.86"/>
            </lane>
        </edge>
    </timestep>
    <timestep time="1.10">
        <edge id="bottom">
            <lane id="bottom_0">
                <vehicle id="cfm_slow_0" pos="9.33" speed="15.00"/>
                <vehicle id="cfm_slow_1" pos="47.33" speed="15.00"/>
            </lane>
        </edge>
        <edge id="left">
            <lane id="left_0">
                <vehicle id="cfm_slow_4" pos="11.33" speed="15.00"/>
            </lane>
        </edge>
        <edge id="right">
            <lane id="right_0">
                <vehicle id="cfm_slow_2" pos="35.33" speed="15.00"/>
            </lane>
        </edge>
        <edge id="top">
            <lane id="top_0">
                <vehicle id="cfm_slow_3" pos="23.33" speed="15.00"/>
            </lane>
        </edge>
    </timestep>
    <timestep time="1.11">
        <edge id="bottom">
            <lane id="bottom_0">
                <vehicle id="cfm_slow_0" pos="9.48" speed="15.14"/>
                <vehicle id="cfm_slow_1" pos="47.48" speed="15.14"/>
            </lane>
        </edge>
        <edge id="left">
            <lane id="left_0">
                <vehicle id="cfm_slow_4" pos="11.48" speed="15.14"/>
            </lane>
        </edge>
        <edge id="right">
            <lane id="right_0">
                <vehicle id="cfm_slow_2" pos="35.48" speed="15.14"/>
            </lane>
        </edge>
        <edge id="top">
            <lane id="top_0">
                <vehicle id="cfm_slow_3" pos="23.48" speed="15.14"/>
            </lane>
        </edge>
    </timestep>
    <timestep time="1.12">
        <edge id="bottom">
            <lane id="bottom_0">
                <vehicle id="cfm_slow_0" pos="9.63" speed="15.27"/>
                <vehicle id="cfm_slow_1" pos="47.63" speed="15.27"/>
            </lane>
        </edge>
        <edge id="left">
            <lane id="left_0">
                <vehicle id="cfm_slow_4" pos="11.63" speed="15.27"/>
            </lane>
        </edge>
        <edge id="right">
            <lane id="right_0">
                <vehicle id="cfm_slow_2" pos="35.63" speed="15.27"/>
            </lane>
        </edge>
        <edge id="top">
            <lane id="top_0">
                <vehicle id="cfm_slow_3" pos="23.63" speed="15.27"/>
            </lane>
        </edge>
    </timestep>
    <timestep time="1.13">
        <edge id="bottom">
            <lane id="bottom_0">
                <vehicle id="cfm_slow_0" pos="9.78" speed="15.41"/>
                <vehicle id="cfm_slow_1" pos="47.78" speed="15.41"/>
            </lane>
        </edge>
        <edge id="left">
            <lane id="left_0">
                <vehicle id="cfm_slow_4" pos="11.78" speed="15.41"/>
            </lane>
        </edge>
        <edge id="right">
            <lane id="right_0">
                <vehicle id="cfm_slow_2" pos="35.78" speed="15.41"/>
            </lane>
        </edge>
        <edge id="top">
            <lane id="top_0">
                <vehicle id="cfm_slow_3" pos="23.78" speed="15.41"/>
            </lane>
        </edge>
    </timestep>
    <timestep time="1.14">
        <edge id="bottom">
            <lane id="bottom_0">
                <vehicle id="cfm_slow_0" pos="9.94" speed="15.55"/>
                <vehicle id="cfm_slow_1" pos="47.94" speed="15.55"/>
            </lane>
        </edge>
        <edge id="left">
            <lane id="left_0">
                <vehicle id="cfm_slow_4" pos="11.94" speed="15.55"/>
            </lane>
        </edge>
        <edge id="right">
            <lane id="right_0">
                <vehicle id="cfm_slow_2" pos="35.94" speed="15.55"/>
            </lane>
        </edge>
        <edge id="top">
            <lane id="top_0">
                <vehicle id="cfm_slow_3" pos="23.94" speed="15.55"/>
            </lane>
        </edge>
    </timestep>
    <timestep time="1.15">
        <edge id="bottom">
            <lane id="bottom_0">
                <vehicle id="cfm_slow_0" pos="10.10" speed="15.68"/>
                <vehicle id="cfm_slow_1" pos="48.10" speed="15.68"/>
            </lane>
        </edge>
        <edge id="left">
            <lane id="left_0">
                <vehicle id="cfm_slow_4" pos="12.10" speed="15.68"/>
            </lane>
        </edge>
        <edge id="right">
            <lane id="right_0">
                <vehicle id="cfm_slow_2" pos="36.10" speed="15.68"/>
            </lane>
        </edge>
        <edge id="top">
            <lane id="top_0">
                <vehicle id="cfm_slow_3" pos="24.10" speed="15.68"/>
            </lane>
        </edge>
    </timestep>
    <timestep time="1.16">
        <edge id="bottom">
            <lane id="bottom_0">
                <vehicle id="cfm_slow_0" pos="10.25" speed="15.82"/>
                <vehicle id="cfm_slow_1" pos="48.25" speed="15.82"/>
            </lane>
        </edge>
        <edge id="left">
            <lane id="left_0">
                <vehicle id="cfm_slow_4" pos="12.25" speed="15.82"/>
            </lane>
        </edge>
        <edge id="right">
            <lane id="right_0">
                <vehicle id="cfm_slow_2" pos="36.25" speed="15.82"/>
            </lane>
        </edge>
        <edge id="top">
            <lane id="top_0">
                <vehicle id="cfm_slow_3" pos="24.25" speed="15.82"/>
            </lane>
        </edge>
    </timestep>
    <timestep time="1.17">
        <edge id="bottom">
            <lane id="bottom_0">
                <vehicle id="cfm_slow_0" pos="10.41" speed="15.95"/>
                <vehicle id="cfm_slow_1" pos="48.41" speed="15.95"/>
            </lane>
        </edge>
        <edge id="left">
            <lane id="left_0">
                <vehicle id="cfm_slow_4" pos="12.41" speed="15.95"/>
            </lane>
        </edge>
        <edge id="right">
            <lane id="right_0">
                <vehicle id="cfm_slow_2" pos="36.41" speed="15.95"/>
            </lane>
        </edge>
        <edge id="top">
            <lane id="top_0">
                <vehicle id="cfm_slow_3" pos="24.41" speed="15.95"/>
            </lane>
        </edge>
    </timestep>
    <timestep time="1.18">
        <edge id="bottom">
            <lane id="bottom_0">
                <vehicle id="cfm_slow_0" pos="10.57" speed="16.09"/>
                <vehicle id="cfm_slow_1" pos="48.57" speed="16.09"/>
            </lane>
        </edge>
        <edge id="left">
            <lane id="left_0">
                <vehicle id="cfm_slow_4" pos="12.57" speed="16.09"/>
            </lane>
        </edge>
        <edge id="right">
            <lane id="right_0">
                <vehicle id="cfm_slow_2" pos="36.57" speed="16.09"/>
            </lane>
        </edge>
        <edge id="top">
            <lane id="top_0">
                <vehicle id="cfm_slow_3" pos="24.57" speed="16.09"/>
            </lane>
        </edge>
    </timestep>
    <timestep time="1.19">
        <edge id="bottom">
            <lane id="bottom_0">
                <vehicle id="cfm_slow_0" pos="10.74" speed="16.23"/>
                <vehicle id="cfm_slow_1" pos="48.74" speed="16.23"/>
            </lane>
        </edge>
        <edge id="left">
            <lane id="left_0">
                <vehicle id="cfm_slow_4" pos="12.74" speed="16.23"/>
            </lane>
        </edge>
        <edge id="right">
            <lane id="right_0">
                <vehicle id="cfm_slow_2" pos="36.74" speed="16.23"/>
            </lane>
        </edge>
        <edge id="top">
            <lane id="top_0">
                <vehicle id="cfm_slow_3" pos="24.74" speed="16.23"/>
            </lane>
        </edge>
    </timestep>
    <timestep time="1.20">
        <edge id="bottom">
            <lane id="bottom_0">
                <vehicle id="cfm_slow_0" pos="10.90" speed="16.36"/>
                <vehicle id="cfm_slow_1" pos="48.90" speed="16.36"/>
            </lane>
        </edge>
        <edge id="left">
            <lane id="left_0">
                <vehicle id="cfm_slow_4" pos="12.90" speed="16.36"/>
            </lane>
        </edge>
        <edge id="right">
            <lane id="right_0">
                <vehicle id="cfm_slow_2" pos="36.90" speed="16.36"/>
            </lane>
        </edge>
        <edge id="top">
            <lane id="top_0">
                <vehicle id="cfm_slow_3" pos="24.90" speed="16.36"/>
            </lane>
        </edge>
    </timestep>
    <timestep time="1.21">
        <edge id="bottom">
            <lane id="bottom_0">
                <vehicle id="cfm_slow_0" pos="11.07" speed="16.50"/>
                <vehicle id="cfm_slow_1" pos="49.07" speed="16.50"/>
            </lane>
        </edge>
        <edge id="left">
            <lane id="left_0">
                <vehicle id="cfm_slow_4" pos="13.07" speed="16.50"/>
            </lane>
        </edge>
        <edge id="right">
            <lane id="right_0">
                <vehicle id="cfm_slow_2" pos="37.07" speed="16.50"/>
            </lane>
        </edge>
        <edge id="top">
            <lane id="top_0">
                <vehicle id="cfm_slow_3" pos="25.07" speed="16.50"/>
            </lane>
        </edge>
    </timestep>
    <timestep time="1.22">
        <edge id="bottom">
            <lane id="bottom_0">
                <vehicle id="cfm_slow_0" pos="11.23" speed="16.64"/>
                <vehicle id="cfm_slow_1" pos="49.23" speed="16.64"/>
            </lane>
        </edge>
        <edge id="left">
            <lane id="left_0">
                <vehicle id="cfm_slow_4" pos="13.23" speed="16.64"/>
            </lane>
        </edge>
        <edge id="right">
            <lane id="right_0">
                <vehicle id="cfm_slow_2" pos="37.23" speed="16.64"/>
            </lane>
        </edge>
        <edge id="top">
            <lane id="top_0">
                <vehicle id="cfm_slow_3" pos="25.23" speed="16.64"/>
            </lane>
        </edge>
    </timestep>
    <timestep time="1.23">
        <edge id="bottom">
            <lane id="bottom_0">
                <vehicle id="cfm_slow_0" pos="11.40" speed="16.77"/>
                <vehicle id="cfm_slow_1" pos="49.40" speed="16.77"/>
            </lane>
        </edge>
        <edge id="left">
            <lane id="left_0">
                <vehicle id="cfm_slow_4" pos="13.40" speed="16.77"/>
            </lane>
        </edge>
        <edge id="right">
            <lane id="right_0">
                <vehicle id="cfm_slow_2" pos="37.40" speed="16.77"/>
            </lane>
        </edge>
        <edge id="top">
            <lane id="top_0">
                <vehicle id="cfm_slow_3" pos="25.40" speed="16.77"/>
            </lane>
        </edge>
    </timestep>
    <timestep time="1.24">
        <edge id="bottom">
            <lane id="bottom_0">
                <vehicle id="cfm_slow_0" pos="11.57" speed="16.91"/>
                <vehicle id="cfm_slow_1" pos="49.57" speed="16.91"/>
            </lane>
        </edge>
        <edge id="left">
            <lane id="left_0">
                <vehicle id="cfm_slow_4" pos="13.57" speed="16.91"/>
            </lane>
        </edge>
        <edge id="right">
            <lane id="right_0">
                <vehicle id="cfm_slow_2" pos="37.57" speed="16.91"/>
            </lane>
        </edge>
        <edge id="top">
            <lane id="top_0">
                <vehicle id="cfm_slow_3" pos="25.57" speed="16.91"/>
            </lane>
        </edge>
    </timestep>
    <timestep time="1.25">
        <edge id="bottom">
            <lane id="bottom_0">
                <vehicle id="cfm_slow_0" pos="11.74" speed="17.05"/>
                <vehicle id="cfm_slow_1" pos="49.74" speed="17.05"/>
            </lane>
        </edge>
        <edge id="left">
            <lane id="left_0">
                <vehicle id="cfm_slow_4" pos="13.74" speed="17.05"/>
            </lane>
        </edge>
        <edge id="right">
            <lane id="right_0">
                <vehicle id="cfm_slow_2" pos="37.74" speed="17.05"/>
            </lane>
        </edge>
        <edge id="top">
            <lane id="top_0">
                <vehicle id="cfm_slow_3" pos="25.74" speed="17.05"/>
            </lane>
        </edge>
    </timestep>
    <timestep time="1.26">
        <edge id="bottom">
            <lane id="bottom_0">
                <vehicle id="cfm_slow_0" pos="11.91" speed="17.18"/>
                <vehicle id="cfm_slow_1" pos="49.91" speed="17.18"/>
            </lane>
        </edge>
        <edge id="left">
            <lane id="left_0">
                <vehicle id="cfm_slow_4" pos="13.91" speed="17.18"/>
            </lane>
        </edge>
        <edge id="right">
            <lane id="right_0">
                <vehicle id="cfm_slow_2" pos="37.91" speed="17.18"/>
            </lane>
        </edge>
        <edge id="top">
            <lane id="top_0">
                <vehicle id="cfm_slow_3" pos="25.91" speed="17.18"/>
            </lane>
        </edge>
    </timestep>
    <timestep time="1.27">
        <edge id="bottom">
            <lane id="bottom_0">
                <vehicle id="cfm_slow_0" pos="12.08" speed="17.32"/>
            </lane>
        </edge>
        <edge id="left">
            <lane id="left_0">
                <vehicle id="cfm_slow_4" pos="14.08" speed="17.32"/>
            </lane>
        </edge>
        <edge id="right">
            <lane id="right_0">
                <vehicle id="cfm_slow_1" pos="0.08" speed="17.32"/>
                <vehicle id="cfm_slow_2" pos="38.08" speed="17.32"/>
            </lane>
        </edge>
        <edge id="top">
            <lane id="top_0">
                <vehicle id="cfm_slow_3" pos="26.08" speed="17.32"/>
            </lane>
        </edge>
    </timestep>
    <timestep time="1.28">
        <edge id="bottom">
            <lane id="bottom_0">
                <vehicle id="cfm_slow_0" pos="12.26" speed="17.45"/>
            </lane>
        </edge>
        <edge id="left">
            <lane id="left_0">
                <vehicle id="cfm_slow_4" pos="14.26" speed="17.45"/>
            </lane>
        </edge>
        <edge id="right">
            <lane id="right_0">
                <vehicle id="cfm_slow_1" pos="0.26" speed="17.45"/>
                <vehicle id="cfm_slow_2" pos="38.26" speed="17.45"/>
            </lane>
        </edge>
        <edge id="top">
            <lane id="top_0">
                <vehicle id="cfm_slow_3" pos="26.26" speed="17.45"/>
            </lane>
        </edge>
    </timestep>
    <timestep time="1.29">
        <edge id="bottom">
            <lane id="bottom_0">
                <vehicle id="cfm_slow_0" pos="12.43" speed="17.59"/>
            </lane>
        </edge>
        <edge id="left">
            <lane id="left_0">
                <vehicle id="cfm_slow_4" pos="14.43" speed="17.59"/>
            </lane>
        </edge>
        <edge id="right">
            <lane id="right_0">
                <vehicle id="cfm_slow_1" pos="0.43" speed="17.59"/>
                <vehicle id="cfm_slow_2" pos="38.43" speed="17.59"/>
            </lane>
        </edge>
        <edge id="top">
            <lane id="top_0">
                <vehicle id="cfm_slow_3" pos="26.43" speed="17.59"/>
            </lane>
        </edge>
    </timestep>
    <timestep time="1.30">
        <edge id="bottom">
            <lane id="bottom_0">
                <vehicle id="cfm_slow_0" pos="12.61" speed="17.73"/>
            </lane>
        </edge>
        <edge id="left">
            <lane id="left_0">
                <vehicle id="cfm_slow_4" pos="14.61" speed="17.73"/>
            </lane>
        </edge>
        <edge id="right">
            <lane id="right_0">
                <vehicle id="cfm_slow_1" pos="0.61" speed="17.73"/>
                <vehicle id="cfm_slow_2" pos="38.61" speed="17.73"/>
            </lane>
        </edge>
        <edge id="top">
            <lane id="top_0">
                <vehicle id="cfm_slow_3" pos="26.61" speed="17.73"/>
            </lane>
        </edge>
    </timestep>
    <timestep time="1.31">
        <edge id="bottom">
            <lane id="bottom_0">
                <vehicle id="cfm_slow_0" pos="12.79" speed="17.86"/>
            </lane>
        </edge>
        <edge id="left">
            <lane id="left_0">
                <vehicle id="cfm_slow_4" pos="14.79" speed="17.86"/>
            </lane>
        </edge>
        <edge id="right">
            <lane id="right_0">
                <vehicle id="cfm_slow_1" pos="0.79" speed="17.86"/>
                <vehicle id="cfm_slow_2" pos="38.79" speed="17.86"/>
            </lane>
        </edge>
        <edge id="top">
            <lane id="top_0">
                <vehicle id="cfm_slow_3" pos="26.79" speed="17.86"/>
            </lane>
        </edge>
    </timestep>
    <timestep time="1.32">
        <edge id="bottom">
            <lane id="bottom_0">
                <vehicle id="cfm_slow_0" pos="12.97" speed="18.00"/>
            </lane>
        </edge>
        <edge id="left">
            <lane id="left_0">
                <vehicle id="cfm_slow_4" pos="14.97" speed="18.00"/>
            </lane>
        </edge>
        <edge id="right">
            <lane id="right_0">
                <vehicle id="cfm_slow_1" pos="0.97" speed="18.00"/>
                <vehicle id="cfm_slow_2" pos="38.97" speed="18.00"/>
            </lane>
        </edge>
        <edge id="top">
            <lane id="top_0">
                <vehicle id="cfm_slow_3" pos="26.97" speed="18.00"/>
            </lane>
        </edge>
    </timestep>
    <timestep time="1.33">
        <edge id="bottom">
            <lane id="bottom_0">
                <vehicle id="cfm_slow_0" pos="13.15" speed="18.14"/>
            </lane>
        </edge>
        <edge id="left">
            <lane id="left_0">
                <vehicle id="cfm_slow_4" pos="15.15" speed="18.14"/>
            </lane>
        </edge>
        <edge id="right">
            <lane id="right_0">
                <vehicle id="cfm_slow_1" pos="1.15" speed="18.14"/>
                <vehicle id="cfm_slow_2" pos="39.15" speed="18.14"/>
            </lane>
        </edge>
        <edge id="top">
            <lane id="top_0">
                <vehicle id="cfm_slow_3" pos="27.15" speed="18.14"/>
            </lane>
        </edge>
    </timestep>
    <timestep time="1.34">
        <edge id="bottom">
            <lane id="bottom_0">
                <vehicle id="cfm_slow_0" pos="13.33" speed="18.27"/>
            </lane>
        </edge>
        <edge id="left">
            <lane id="left_0">
                <vehicle id="cfm_slow_4" pos="15.33" speed="18.27"/>
            </lane>
        </edge>
        <edge id="right">
            <lane id="right_0">
                <vehicle id="cfm_slow_1" pos="1.33" speed="18.27"/>
                <vehicle id="cfm_slow_2" pos="39.33" speed="18.27"/>
            </lane>
        </edge>
        <edge id="top">
            <lane id="top_0">
                <vehicle id="cfm_slow_3" pos="27.33" speed="18.27"/>
            </lane>
        </edge>
    </timestep>
    <timestep time="1.35">
        <edge id="bottom">
            <lane id="bottom_0">
                <vehicle id="cfm_slow_0" pos="13.52" speed="18.41"/>
            </lane>
        </edge>
        <edge id="left">
            <lane id="left_0">
                <vehicle id="cfm_slow_4" pos="15.52" speed="18.41"/>
            </lane>
        </edge>
        <edge id="right">
            <lane id="right_0">
                <vehicle id="cfm_slow_1" pos="1.52" speed="18.41"/>
                <vehicle id="cfm_slow_2" pos="39.52" speed="18.41"/>
            </lane>
        </edge>
        <edge id="top">
            <lane id="top_0">
                <vehicle id="cfm_slow_3" pos="27.52" speed="18.41"/>
            </lane>
        </edge>
    </timestep>
    <timestep time="1.36">
        <edge id="bottom">
            <lane id="bottom_0">
                <vehicle id="cfm_slow_0" pos="13.70" speed="18.55"/>
            </lane>
        </edge>
        <edge id="left">
            <lane id="left_0">
                <vehicle id="cfm_slow_4" pos="15.70" speed="18.55"/>
            </lane>
        </edge>
        <edge id="right">
            <lane id="right_0">
                <vehicle id="cfm_slow_1" pos="1.70" speed="18.55"/>
                <vehicle id="cfm_slow_2" pos="39.70" speed="18.55"/>
            </lane>
        </edge>
        <edge id="top">
            <lane id="top_0">
                <vehicle id="cfm_slow_3" pos="27.70" speed="18.55"/>
            </lane>
        </edge>
    </timestep>
    <timestep time="1.37">
        <edge id="bottom">
            <lane id="bottom_0">
                <vehicle id="cfm_slow_0" pos="13.89" speed="18.68"/>
            </lane>
        </edge>
        <edge id="left">
            <lane id="left_0">
                <vehicle id="cfm_slow_4" pos="15.89" speed="18.68"/>
            </lane>
        </edge>
        <edge id="right">
            <lane id="right_0">
                <vehicle id="cfm_slow_1" pos="1.89" speed="18.68"/>
                <vehicle id="cfm_slow_2" pos="39.89" speed="18.68"/>
            </lane>
        </edge>
        <edge id="top">
            <lane id="top_0">
                <vehicle id="cfm_slow_3" pos="27.89" speed="18.68"/>
            </lane>
        </edge>
    </timestep>
    <timestep time="1.38">
        <edge id="bottom">
            <lane id="bottom_0">
                <vehicle id="cfm_slow_0" pos="14.08" speed="18.82"/>
            </lane>
        </edge>
        <edge id="left">
            <lane id="left_0">
                <vehicle id="cfm_slow_4" pos="16.08" speed="18.82"/>
            </lane>
        </edge>
        <edge id="right">
            <lane id="right_0">
                <vehicle id="cfm_slow_1" pos="2.08" speed="18.82"/>
                <vehicle id="cfm_slow_2" pos="40.08" speed="18.82"/>
            </lane>
        </edge>
        <edge id="top">
            <lane id="top_0">
                <vehicle id="cfm_slow_3" pos="28.08" speed="18.82"/>
            </lane>
        </edge>
    </timestep>
    <timestep time="1.39">
        <edge id="bottom">
            <lane id="bottom_0">
                <vehicle id="cfm_slow_0" pos="14.27" speed="18.95"/>
            </lane>
        </edge>
        <edge id="left">
            <lane id="left_0">
                <vehicle id="cfm_slow_4" pos="16.27" speed="18.95"/>
            </lane>
        </edge>
        <edge id="right">
            <lane id="right_0">
                <vehicle id="cfm_slow_1" pos="2.27" speed="18.95"/>
                <vehicle id="cfm_slow_2" pos="40.27" speed="18.95"/>
            </lane>
        </edge>
        <edge id="top">
            <lane id="top_0">
                <vehicle id="cfm_slow_3" pos="28.27" speed="18.95"/>
            </lane>
        </edge>
    </timestep>
    <timestep time="1.40">
        <edge id="bottom">
            <lane id="bottom_0">
                <vehicle id="cfm_slow_0" pos="14.46" speed="19.09"/>
            </lane>
        </edge>
        <edge id="left">
            <lane id="left_0">
                <vehicle id="cfm_slow_4" pos="16.46" speed="19.09"/>
            </lane>
        </edge>
        <edge id="right">
            <lane id="right_0">
                <vehicle id="cfm_slow_1" pos="2.46" speed="19.09"/>
                <vehicle id="cfm_slow_2" pos="40.46" speed="19.09"/>
            </lane>
        </edge>
        <edge id="top">
            <lane id="top_0">
                <vehicle id="cfm_slow_3" pos="28.46" speed="19.09"/>
            </lane>
        </edge>
    </timestep>
    <timestep time="1.41">
        <edge id="bottom">
            <lane id="bottom_0">
                <vehicle id="cfm_slow_0" pos="14.65" speed="19.23"/>
            </lane>
        </edge>
        <edge id="left">
            <lane id="left_0">
                <vehicle id="cfm_slow_4" pos="16.65" speed="19.23"/>
            </lane>
        </edge>
        <edge id="right">
            <lane id="right_0">
                <vehicle id="cfm_slow_1" pos="2.65" speed="19.23"/>
                <vehicle id="cfm_slow_2" pos="40.65" speed="19.23"/>
            </lane>
        </edge>
        <edge id="top">
            <lane id="top_0">
                <vehicle id="cfm_slow_3" pos="28.65" speed="19.23"/>
            </lane>
        </edge>
    </timestep>
    <timestep time="1.42">
        <edge id="bottom">
            <lane id="bottom_0">
                <vehicle id="cfm_slow_0" pos="14.85" speed="19.36"/>
            </lane>
        </edge>
        <edge id="left">
            <lane id="left_0">
                <vehicle id="cfm_slow_4" pos="16.85" speed="19.36"/>
            </lane>
        </edge>
        <edge id="right">
            <lane id="right_0">
                <vehicle id="cfm_slow_1" pos="2.85" speed="19.36"/>
                <vehicle id="cfm_slow_2" pos="40.85" speed="19.36"/>
            </lane>
        </edge>
        <edge id="top">
            <lane id="top_0">
                <vehicle id="cfm_slow_3" pos="28.85" speed="19.36"/>
            </lane>
        </edge>
    </timestep>
    <timestep time="1.43">
        <edge id="bottom">
            <lane id="bottom_0">
                <vehicle id="cfm_slow_0" pos="15.04" speed="19.50"/>
            </lane>
        </edge>
        <edge id="left">
            <lane id="left_0">
                <vehicle id="cfm_slow_4" pos="17.04" speed="19.50"/>
            </lane>
        </edge>
        <edge id="right">
            <lane id="right_0">
                <vehicle id="cfm_slow_1" pos="3.04" speed="19.50"/>
                <vehicle id="cfm_slow_2" pos="41.04" speed="19.50"/>
            </lane>
        </edge>
        <edge id="top">
            <lane id="top_0">
                <vehicle id="cfm_slow_3" pos="29.04" speed="19.50"/>
            </lane>
        </edge>
    </timestep>
    <timestep time="1.44">
        <edge id="bottom">
            <lane id="bottom_0">
                <vehicle id="cfm_slow_0" pos="15.24" speed="19.64"/>
            </lane>
        </edge>
        <edge id="left">
            <lane id="left_0">
                <vehicle id="cfm_slow_4" pos="17.24" speed="19.64"/>
            </lane>
        </edge>
        <edge id="right">
            <lane id="right_0">
                <vehicle id="cfm_slow_1" pos="3.24" speed="19.64"/>
                <vehicle id="cfm_slow_2" pos="41.24" speed="19.64"/>
            </lane>
        </edge>
        <edge id="top">
            <lane id="top_0">
                <vehicle id="cfm_slow_3" pos="29.24" speed="19.64"/>
            </lane>
        </edge>
    </timestep>
    <timestep time="1.45">
        <edge id="bottom">
            <lane id="bottom_0">
                <vehicle id="cfm_slow_0" pos="15.43" speed="19.77"/>
            </lane>
        </edge>
        <edge id="left">
            <lane id="left_0">
                <vehicle id="cfm_slow_4" pos="17.43" speed="19.77"/>
            </lane>
        </edge>
        <edge id="right">
            <lane id="right_0">
                <vehicle id="cfm_slow_1" pos="3.43" speed="19.77"/>
                <vehicle id="cfm_slow_2" pos="41.43" speed="19.77"/>
            </lane>
        </edge>
        <edge id="top">
            <lane id="top_0">
                <vehicle id="cfm_slow_3" pos="29.43" speed="19.77"/>
            </lane>
        </edge>
    </timestep>
    <timestep time="1.46">
        <edge id="bottom">
            <lane id="bottom_0">
                <vehicle id="cfm_slow_0" pos="15.63" speed="19.91"/>
            </lane>
        </edge>
        <edge id="left">
            <lane id="left_0">
                <vehicle id="cfm_slow_4" pos="17.63" speed="19.91"/>
            </lane>
        </edge>
        <edge id="right">
            <lane id="right_0">
                <vehicle id="cfm_slow_1" pos="3.63" speed="19.91"/>
                <vehicle id="cfm_slow_2" pos="41.63" speed="19.91"/>
            </lane>
        </edge>
        <edge id="top">
            <lane id="top_0">
                <vehicle id="cfm_slow_3" pos="29.63" speed="19.91"/>
            </lane>
        </edge>
    </timestep>
    <timestep time="1.47">
        <edge id="bottom">
            <lane id="bottom_0">
                <vehicle id="cfm_slow_0" pos="15.83" speed="20.05"/>
            </lane>
        </edge>
        <edge id="left">
            <lane id="left_0">
                <vehicle id="cfm_slow_4" pos="17.83" speed="20.05"/>
            </lane>
        </edge>
        <edge id="right">
            <lane id="right_0">
                <vehicle id="cfm_slow_1" pos="3.83" speed="20.05"/>
                <vehicle id="cfm_slow_2" pos="41.83" speed="20.05"/>
            </lane>
        </edge>
        <edge id="top">
            <lane id="top_0">
                <vehicle id="cfm_slow_3" pos="29.83" speed="20.05"/>
            </lane>
        </edge>
    </timestep>
    <timestep time="1.48">
        <edge id="bottom">
            <lane id="bottom_0">
                <vehicle id="cfm_slow_0" pos="16.04" speed="20.18"/>
            </lane>
        </edge>
        <edge id="left">
            <lane id="left_0">
                <vehicle id="cfm_slow_4" pos="18.04" speed="20.18"/>
            </lane>
        </edge>
        <edge id="right">
            <lane id="right_0">
                <vehicle id="cfm_slow_1" pos="4.04" speed="20.18"/>
                <vehicle id="cfm_slow_2" pos="42.04" speed="20.18"/>
            </lane>
        </edge>
        <edge id="top">
            <lane id="top_0">
                <vehicle id="cfm_slow_3" pos="30.04" speed="20.18"/>
            </lane>
        </edge>
    </timestep>
    <timestep time="1.49">
        <edge id="bottom">
            <lane id="bottom_0">
                <vehicle id="cfm_slow_0" pos="16.24" speed="20.32"/>
            </lane>
        </edge>
        <edge id="left">
            <lane id="left_0">
                <vehicle id="cfm_slow_4" pos="18.24" speed="20.32"/>
            </lane>
        </edge>
        <edge id="right">
            <lane id="right_0">
                <vehicle id="cfm_slow_1" pos="4.24" speed="20.32"/>
                <vehicle id="cfm_slow_2" pos="42.24" speed="20.32"/>
            </lane>
        </edge>
        <edge id="top">
            <lane id="top_0">
                <vehicle id="cfm_slow_3" pos="30.24" speed="20.32"/>
            </lane>
        </edge>
    </timestep>
    <timestep time="1.50">
        <edge id="bottom">
            <lane id="bottom_0">
                <vehicle id="cfm_slow_0" pos="16.44" speed="20.45"/>
            </lane>
        </edge>
        <edge id="left">
            <lane id="left_0">
                <vehicle id="cfm_slow_4" pos="18.44" speed="20.45"/>
            </lane>
        </edge>
        <edge id="right">
            <lane id="right_0">
                <vehicle id="cfm_slow_1" pos="4.44" speed="20.45"/>
                <vehicle id="cfm_slow_2" pos="42.44" speed="20.45"/>
            </lane>
        </edge>
        <edge id="top">
            <lane id="top_0">
                <vehicle id="cfm_slow_3" pos="30.44" speed="20.45"/>
            </lane>
        </edge>
    </timestep>
    <timestep time="1.51">
        <edge id="bottom">
            <lane id="bottom_0">
                <vehicle id="cfm_slow_0" pos="16.65" speed="20.59"/>
            </lane>
        </edge>
        <edge id="left">
            <lane id="left_0">
                <vehicle id="cfm_slow_4" pos="18.65" speed="20.59"/>
            </lane>
        </edge>
        <edge id="right">
            <lane id="right_0">
                <vehicle id="cfm_slow_1" pos="4.65" speed="20.59"/>
                <vehicle id="cfm_slow_2" pos="42.65" speed="20.59"/>
            </lane>
        </edge>
        <edge id="top">
            <lane id="top_0">
                <vehicle id="cfm_slow_3" pos="30.65" speed="20.59"/>
            </lane>
        </edge>
    </timestep>
    <timestep time="1.52">
        <edge id="bottom">
            <lane id="bottom_0">
                <vehicle id="cfm_slow_0" pos="16.86" speed="20.73"/>
            </lane>
        </edge>
        <edge id="left">
            <lane id="left_0">
                <vehicle id="cfm_slow_4" pos="18.86" speed="20.73"/>
            </lane>
        </edge>
        <edge id="right">
            <lane id="right_0">
                <vehicle id="cfm_slow_1" pos="4.86" speed="20.73"/>
                <vehicle id="cfm_slow_2" pos="42.86" speed="20.73"/>
            </lane>
        </edge>
        <edge id="top">
            <lane id="top_0">
                <vehicle id="cfm_slow_3" pos="30.86" speed="20.73"/>
            </lane>
        </edge>
    </timestep>
    <timestep time="1.53">
        <edge id="bottom">
            <lane id="bottom_0">
                <vehicle id="cfm_slow_0" pos="17.07" speed="20.86"/>
            </lane>
        </edge>
        <edge id="left">
            <lane id="left_0">
                <vehicle id="cfm_slow_4" pos="19.07" speed="20.86"/>
            </lane>
        </edge>
        <edge id="right">
            <lane id="right_0">
                <vehicle id="cfm_slow_1" pos="5.07" speed="20.86"/>
                <vehicle id="cfm_slow_2" pos="43.07" speed="20.86"/>
            </lane>
        </edge>
        <edge id="top">
            <lane id="top_0">
                <vehicle id="cfm_slow_3" pos="31.07" speed="20.86"/>
            </lane>
        </edge>
    </timestep>
    <timestep time="1.54">
        <edge id="bottom">
            <lane id="bottom_0">
                <vehicle id="cfm_slow_0" pos="17.28" speed="21.00"/>
            </lane>
        </edge>
        <edge id="left">
            <lane id="left_0">
                <vehicle id="cfm_slow_4" pos="19.28" speed="21.00"/>
            </lane>
        </edge>
        <edge id="right">
            <lane id="right_0">
                <vehicle id="cfm_slow_1" pos="5.28" speed="21.00"/>
                <vehicle id="cfm_slow_2" pos="43.28" speed="21.00"/>
            </lane>
        </edge>
        <edge id="top">
            <lane id="top_0">
                <vehicle id="cfm_slow_3" pos="31.28" speed="21.00"/>
            </lane>
        </edge>
    </timestep>
    <timestep time="1.55">
        <edge id="bottom">
            <lane id="bottom_0">
                <vehicle id="cfm_slow_0" pos="17.49" speed="21.14"/>
            </lane>
        </edge>
        <edge id="left">
            <lane id="left_0">
                <vehicle id="cfm_slow_4" pos="19.49" speed="21.14"/>
            </lane>
        </edge>
        <edge id="right">
            <lane id="right_0">
                <vehicle id="cfm_slow_1" pos="5.49" speed="21.14"/>
                <vehicle id="cfm_slow_2" pos="43.49" speed="21.14"/>
            </lane>
        </edge>
        <edge id="top">
            <lane id="top_0">
                <vehicle id="cfm_slow_3" pos="31.49" speed="21.14"/>
            </lane>
        </edge>
    </timestep>
    <timestep time="1.56">
        <edge id="bottom">
            <lane id="bottom_0">
                <vehicle id="cfm_slow_0" pos="17.70" speed="21.27"/>
            </lane>
        </edge>
        <edge id="left">
            <lane id="left_0">
                <vehicle id="cfm_slow_4" pos="19.70" speed="21.27"/>
            </lane>
        </edge>
        <edge id="right">
            <lane id="right_0">
                <vehicle id="cfm_slow_1" pos="5.70" speed="21.27"/>
                <vehicle id="cfm_slow_2" pos="43.70" speed="21.27"/>
            </lane>
        </edge>
        <edge id="top">
            <lane id="top_0">
                <vehicle id="cfm_slow_3" pos="31.70" speed="21.27"/>
            </lane>
        </edge>
    </timestep>
    <timestep time="1.57">
        <edge id="bottom">
            <lane id="bottom_0">
                <vehicle id="cfm_slow_0" pos="17.91" speed="21.41"/>
            </lane>
        </edge>
        <edge id="left">
            <lane id="left_0">
                <vehicle id="cfm_slow_4" pos="19.91" speed="21.41"/>
            </lane>
        </edge>
        <edge id="right">
            <lane id="right_0">
                <vehicle id="cfm_slow_1" pos="5.91" speed="21.41"/>
                <vehicle id="cfm_slow_2" pos="43.91" speed="21.41"/>
            </lane>
        </edge>
        <edge id="top">
            <lane id="top_0">
                <vehicle id="cfm_slow_3" pos="31.91" speed="21.41"/>
            </lane>
        </edge>
    </timestep>
    <timestep time="1.58">
        <edge id="bottom">
            <lane id="bottom_0">
                <vehicle id="cfm_slow_0" pos="18.13" speed="21.55"/>
            </lane>
        </edge>
        <edge id="left">
            <lane id="left_0">
                <vehicle id="cfm_slow_4" pos="20.13" speed="21.55"/>
            </lane>
        </edge>
        <edge id="right">
            <lane id="right_0">
                <vehicle id="cfm_slow_1" pos="6.13" speed="21.55"/>
                <vehicle id="cfm_slow_2" pos="44.13" speed="21.55"/>
            </lane>
        </edge>
        <edge id="top">
            <lane id="top_0">
                <vehicle id="cfm_slow_3" pos="32.13" speed="21.55"/>
            </lane>
        </edge>
    </timestep>
    <timestep time="1.59">
        <edge id="bottom">
            <lane id="bottom_0">
                <vehicle id="cfm_slow_0" pos="18.35" speed="21.68"/>
            </lane>
        </edge>
        <edge id="left">
            <lane id="left_0">
                <vehicle id="cfm_slow_4" pos="20.35" speed="21.68"/>
            </lane>
        </edge>
        <edge id="right">
            <lane id="right_0">
                <vehicle id="cfm_slow_1" pos="6.35" speed="21.68"/>
                <vehicle id="cfm_slow_2" pos="44.35" speed="21.68"/>
            </lane>
        </edge>
        <edge id="top">
            <lane id="top_0">
                <vehicle id="cfm_slow_3" pos="32.35" speed="21.68"/>
            </lane>
        </edge>
    </timestep>
    <timestep time="1.60">
        <edge id="bottom">
            <lane id="bottom_0">
                <vehicle id="cfm_slow_0" pos="18.56" speed="21.82"/>
            </lane>
        </edge>
        <edge id="left">
            <lane id="left_0">
                <vehicle id="cfm_slow_4" pos="20.56" speed="21.82"/>
            </lane>
        </edge>
        <edge id="right">
            <lane id="right_0">
                <vehicle id="cfm_slow_1" pos="6.56" speed="21.82"/>
                <vehicle id="cfm_slow_2" pos="44.56" speed="21.82"/>
            </lane>
        </edge>
        <edge id="top">
            <lane id="top_0">
                <vehicle id="cfm_slow_3" pos="32.56" speed="21.82"/>
            </lane>
        </edge>
    </timestep>
    <timestep time="1.61">
        <edge id="bottom">
            <lane id="bottom_0">
                <vehicle id="cfm_slow_0" pos="18.78" speed="21.95"/>
            </lane>
        </edge>
        <edge id="left">
            <lane id="left_0">
                <vehicle id="cfm_slow_4" pos="20.78" speed="21.95"/>
            </lane>
        </edge>
        <edge id="right">
            <lane id="right_0">
                <vehicle id="cfm_slow_1" pos="6.78" speed="21.95"/>
                <vehicle id="cfm_slow_2" pos="44.78" speed="21.95"/>
            </lane>
        </edge>
        <edge id="top">
            <lane id="top_0">
                <vehicle id="cfm_slow_3" pos="32.78" speed="21.95"/>
            </lane>
        </edge>
    </timestep>
    <timestep time="1.62">
        <edge id="bottom">
            <lane id="bottom_0">
                <vehicle id="cfm_slow_0" pos="19.00" speed="22.09"/>
            </lane>
        </edge>
        <edge id="left">
            <lane id="left_0">
                <vehicle id="cfm_slow_4" pos="21.00" speed="22.09"/>
            </lane>
        </edge>
        <edge id="right">
            <lane id="right_0">
                <vehicle id="cfm_slow_1" pos="7.00" speed="22.09"/>
                <vehicle id="cfm_slow_2" pos="45.00" speed="22.09"/>
            </lane>
        </edge>
        <edge id="top">
            <lane id="top_0">
                <vehicle id="cfm_slow_3" pos="33.00" speed="22.09"/>
            </lane>
        </edge>
    </timestep>
    <timestep time="1.63">
        <edge id="bottom">
            <lane id="bottom_0">
                <vehicle id="cfm_slow_0" pos="19.23" speed="22.23"/>
            </lane>
        </edge>
        <edge id="left">
            <lane id="left_0">
                <vehicle id="cfm_slow_4" pos="21.23" speed="22.23"/>
            </lane>
        </edge>
        <edge id="right">
            <lane id="right_0">
                <vehicle id="cfm_slow_1" pos="7.23" speed="22.23"/>
                <vehicle id="cfm_slow_2" pos="45.23" speed="22.23"/>
            </lane>
        </edge>
        <edge id="top">
            <lane id="top_0">
                <vehicle id="cfm_slow_3" pos="33.23" speed="22.23"/>
            </lane>
        </edge>
    </timestep>
    <timestep time="1.64">
        <edge id="bottom">
            <lane id="bottom_0">
                <vehicle id="cfm_slow_0" pos="19.45" speed="22.36"/>
            </lane>
        </edge>
        <edge id="left">
            <lane id="left_0">
                <vehicle id="cfm_slow_4" pos="21.45" speed="22.36"/>
            </lane>
        </edge>
        <edge id="right">
            <lane id="right_0">
                <vehicle id="cfm_slow_1" pos="7.45" speed="22.36"/>
                <vehicle id="cfm_slow_2" pos="45.45" speed="22.36"/>
            </lane>
        </edge>
        <edge id="top">
            <lane id="top_0">
                <vehicle id="cfm_slow_3" pos="33.45" speed="22.36"/>
            </lane>
        </edge>
    </timestep>
    <timestep time="1.65">
        <edge id="bottom">
            <lane id="bottom_0">
                <vehicle id="cfm_slow_0" pos="19.68" speed="22.50"/>
            </lane>
        </edge>
        <edge id="left">
            <lane id="left_0">
                <vehicle id="cfm_slow_4" pos="21.68" speed="22.50"/>
            </lane>
        </edge>
        <edge id="right">
            <lane id="right_0">
                <vehicle id="cfm_slow_1" pos="7.68" speed="22.50"/>
                <vehicle id="cfm_slow_2" pos="45.68" speed="22.50"/>
            </lane>
        </edge>
        <edge id="top">
            <lane id="top_0">
                <vehicle id="cfm_slow_3" pos="33.68" speed="22.50"/>
            </lane>
        </edge>
    </timestep>
    <timestep time="1.66">
        <edge id="bottom">
            <lane id="bottom_0">
                <vehicle id="cfm_slow_0" pos="19.90" speed="22.64"/>
            </lane>
        </edge>
        <edge id="left">
            <lane id="left_0">
                <vehicle id="cfm_slow_4" pos="21.90" speed="22.64"/>
            </lane>
        </edge>
        <edge id="right">
            <lane id="right_0">
                <vehicle id="cfm_slow_1" pos="7.90" speed="22.64"/>
                <vehicle id="cfm_slow_2" pos="45.90" speed="22.64"/>
            </lane>
        </edge>
        <edge id="top">
            <lane id="top_0">
                <vehicle id="cfm_slow_3" pos="33.90" speed="22.64"/>
            </lane>
        </edge>
    </timestep>
    <timestep time="1.67">
        <edge id="bottom">
            <lane id="bottom_0">
                <vehicle id="cfm_slow_0" pos="20.13" speed="22.77"/>
            </lane>
        </edge>
        <edge id="left">
            <lane id="left_0">
                <vehicle id="cfm_slow_4" pos="22.13" speed="22.77"/>
            </lane>
        </edge>
        <edge id="right">
            <lane id="right_0">
                <vehicle id="cfm_slow_1" pos="8.13" speed="22.77"/>
                <vehicle id="cfm_slow_2" pos="46.13" speed="22.77"/>
            </lane>
        </edge>
        <edge id="top">
            <lane id="top_0">
                <vehicle id="cfm_slow_3" pos="34.13" speed="22.77"/>
            </lane>
        </edge>
    </timestep>
    <timestep time="1.68">
        <edge id="bottom">
            <lane id="bottom_0">
                <vehicle id="cfm_slow_0" pos="20.36" speed="22.91"/>
            </lane>
        </edge>
        <edge id="left">
            <lane id="left_0">
                <vehicle id="cfm_slow_4" pos="22.36" speed="22.91"/>
            </lane>
        </edge>
        <edge id="right">
            <lane id="right_0">
                <vehicle id="cfm_slow_1" pos="8.36" speed="22.91"/>
                <vehicle id="cfm_slow_2" pos="46.36" speed="22.91"/>
            </lane>
        </edge>
        <edge id="top">
            <lane id="top_0">
                <vehicle id="cfm_slow_3" pos="34.36" speed="22.91"/>
            </lane>
        </edge>
    </timestep>
    <timestep time="1.69">
        <edge id="bottom">
            <lane id="bottom_0">
                <vehicle id="cfm_slow_0" pos="20.59" speed="23.05"/>
            </lane>
        </edge>
        <edge id="left">
            <lane id="left_0">
                <vehicle id="cfm_slow_4" pos="22.59" speed="23.05"/>
            </lane>
        </edge>
        <edge id="right">
            <lane id="right_0">
                <vehicle id="cfm_slow_1" pos="8.59" speed="23.05"/>
                <vehicle id="cfm_slow_2" pos="46.59" speed="23.05"/>
            </lane>
        </edge>
        <edge id="top">
            <lane id="top_0">
                <vehicle id="cfm_slow_3" pos="34.59" speed="23.05"/>
            </lane>
        </edge>
    </timestep>
    <timestep time="1.70">
        <edge id="bottom">
            <lane id="bottom_0">
                <vehicle id="cfm_slow_0" pos="20.82" speed="23.18"/>
            </lane>
        </edge>
        <edge id="left">
            <lane id="left_0">
                <vehicle id="cfm_slow_4" pos="22.82" speed="23.18"/>
            </lane>
        </edge>
        <edge id="right">
            <lane id="right_0">
                <vehicle id="cfm_slow_1" pos="8.82" speed="23.18"/>
                <vehicle id="cfm_slow_2" pos="46.82" speed="23.18"/>
            </lane>
        </edge>
        <edge id="top">
            <lane id="top_0">
                <vehicle id="cfm_slow_3" pos="34.82" speed="23.18"/>
            </lane>
        </edge>
    </timestep>
    <timestep time="1.71">
        <edge id="bottom">
            <lane id="bottom_0">
                <vehicle id="cfm_slow_0" pos="21.05" speed="23.32"/>
            </lane>
        </edge>
        <edge id="left">
            <lane id="left_0">
                <vehicle id="cfm_slow_4" pos="23.05" speed="23.32"/>
            </lane>
        </edge>
        <edge id="right">
            <lane id="right_0">
                <vehicle id="cfm_slow_1" pos="9.05" speed="23.32"/>
                <vehicle id="cfm_slow_2" pos="47.05" speed="23.32"/>
            </lane>
        </edge>
        <edge id="top">
            <lane id="top_0">
                <vehicle id="cfm_slow_3" pos="35.05" speed="23.32"/>
            </lane>
        </edge>
    </timestep>
    <timestep time="1.72">
        <edge id="bottom">
            <lane id="bottom_0">
                <vehicle id="cfm_slow_0" pos="21.29" speed="23.45"/>
            </lane>
        </edge>
        <edge id="left">
            <lane id="left_0">
                <vehicle id="cfm_slow_4" pos="23.29" speed="23.45"/>
            </lane>
        </edge>
        <edge id="right">
            <lane id="right_0">
                <vehicle id="cfm_slow_1" pos="9.29" speed="23.45"/>
                <vehicle id="cfm_slow_2" pos="47.29" speed="23.45"/>
            </lane>
        </edge>
        <edge id="top">
            <lane id="top_0">
                <vehicle id="cfm_slow_3" pos="35.29" speed="23.45"/>
            </lane>
        </edge>
    </timestep>
    <timestep time="1.73">
        <edge id="bottom">
            <lane id="bottom_0">
                <vehicle id="cfm_slow_0" pos="21.52" speed="23.59"/>
            </lane>
        </edge>
        <edge id="left">
            <lane id="left_0">
                <vehicle id="cfm_slow_4" pos="23.52" speed="23.59"/>
            </lane>
        </edge>
        <edge id="right">
            <lane id="right_0">
                <vehicle id="cfm_slow_1" pos="9.52" speed="23.59"/>
                <vehicle id="cfm_slow_2" pos="47.52" speed="23.59"/>
            </lane>
        </edge>
        <edge id="top">
            <lane id="top_0">
                <vehicle id="cfm_slow_3" pos="35.52" speed="23.59"/>
            </lane>
        </edge>
    </timestep>
    <timestep time="1.74">
        <edge id="bottom">
            <lane id="bottom_0">
                <vehicle id="cfm_slow_0" pos="21.76" speed="23.73"/>
            </lane>
        </edge>
        <edge id="left">
            <lane id="left_0">
                <vehicle id="cfm_slow_4" pos="23.76" speed="23.73"/>
            </lane>
        </edge>
        <edge id="right">
            <lane id="right_0">
                <vehicle id="cfm_slow_1" pos="9.76" speed="23.73"/>
                <vehicle id="cfm_slow_2" pos="47.76" speed="23.73"/>
            </lane>
        </edge>
        <edge id="top">
            <lane id="top_0">
                <vehicle id="cfm_slow_3" pos="35.76" speed="23.73"/>
            </lane>
        </edge>
    </timestep>
    <timestep time="1.75">
        <edge id="bottom">
            <lane id="bottom_0">
                <vehicle id="cfm_slow_0" pos="22.00" speed="23.86"/>
            </lane>
        </edge>
        <edge id="left">
            <lane id="left_0">
                <vehicle id="cfm_slow_4" pos="24.00" speed="23.86"/>
            </lane>
        </edge>
        <edge id="right">
            <lane id="right_0">
                <vehicle id="cfm_slow_1" pos="10.00" speed="23.86"/>
                <vehicle id="cfm_slow_2" pos="48.00" speed="23.86"/>
            </lane>
        </edge>
        <edge id="top">
            <lane id="top_0">
                <vehicle id="cfm_slow_3" pos="36.00" speed="23.86"/>
            </lane>
        </edge>
    </timestep>
    <timestep time="1.76">
        <edge id="bottom">
            <lane id="bottom_0">
                <vehicle id="cfm_slow_0" pos="22.24" speed="24.00"/>
            </lane>
        </edge>
        <edge id="left">
            <lane id="left_0">
                <vehicle id="cfm_slow_4" pos="24.24" speed="24.00"/>
            </lane>
        </edge>
        <edge id="right">
            <lane id="right_0">
                <vehicle id="cfm_slow_1" pos="10.24" speed="24.00"/>
                <vehicle id="cfm_slow_2" pos="48.24" speed="24.00"/>
            </lane>
        </edge>
        <edge id="top">
            <lane id="top_0">
                <vehicle id="cfm_slow_3" pos="36.24" speed="24.00"/>
            </lane>
        </edge>
    </timestep>
    <timestep time="1.77">
        <edge id="bottom">
            <lane id="bottom_0">
                <vehicle id="cfm_slow_0" pos="22.48" speed="24.14"/>
            </lane>
        </edge>
        <edge id="left">
            <lane id="left_0">
                <vehicle id="cfm_slow_4" pos="24.48" speed="24.14"/>
            </lane>
        </edge>
        <edge id="right">
            <lane id="right_0">
                <vehicle id="cfm_slow_1" pos="10.48" speed="24.14"/>
                <vehicle id="cfm_slow_2" pos="48.48" speed="24.14"/>
            </lane>
        </edge>
        <edge id="top">
            <lane id="top_0">
                <vehicle id="cfm_slow_3" pos="36.48" speed="24.14"/>
            </lane>
        </edge>
    </timestep>
    <timestep time="1.78">
        <edge id="bottom">
            <lane id="bottom_0">
                <vehicle id="cfm_slow_0" pos="22.72" speed="24.27"/>
            </lane>
        </edge>
        <edge id="left">
            <lane id="left_0">
                <vehicle id="cfm_slow_4" pos="24.72" speed="24.27"/>
            </lane>
        </edge>
        <edge id="right">
            <lane id="right_0">
                <vehicle id="cfm_slow_1" pos="10.72" speed="24.27"/>
                <vehicle id="cfm_slow_2" pos="48.72" speed="24.27"/>
            </lane>
        </edge>
        <edge id="top">
            <lane id="top_0">
                <vehicle id="cfm_slow_3" pos="36.72" speed="24.27"/>
            </lane>
        </edge>
    </timestep>
    <timestep time="1.79">
        <edge id="bottom">
            <lane id="bottom_0">
                <vehicle id="cfm_slow_0" pos="22.97" speed="24.41"/>
            </lane>
        </edge>
        <edge id="left">
            <lane id="left_0">
                <vehicle id="cfm_slow_4" pos="24.97" speed="24.41"/>
            </lane>
        </edge>
        <edge id="right">
            <lane id="right_0">
                <vehicle id="cfm_slow_1" pos="10.97" speed="24.41"/>
                <vehicle id="cfm_slow_2" pos="48.97" speed="24.41"/>
            </lane>
        </edge>
        <edge id="top">
            <lane id="top_0">
                <vehicle id="cfm_slow_3" pos="36.97" speed="24.41"/>
            </lane>
        </edge>
    </timestep>
    <timestep time="1.80">
        <edge id="bottom">
            <lane id="bottom_0">
                <vehicle id="cfm_slow_0" pos="23.21" speed="24.55"/>
            </lane>
        </edge>
        <edge id="left">
            <lane id="left_0">
                <vehicle id="cfm_slow_4" pos="25.21" speed="24.55"/>
            </lane>
        </edge>
        <edge id="right">
            <lane id="right_0">
                <vehicle id="cfm_slow_1" pos="11.21" speed="24.55"/>
                <vehicle id="cfm_slow_2" pos="49.21" speed="24.55"/>
            </lane>
        </edge>
        <edge id="top">
            <lane id="top_0">
                <vehicle id="cfm_slow_3" pos="37.21" speed="24.55"/>
            </lane>
        </edge>
    </timestep>
    <timestep time="1.81">
        <edge id="bottom">
            <lane id="bottom_0">
                <vehicle id="cfm_slow_0" pos="23.46" speed="24.68"/>
            </lane>
        </edge>
        <edge id="left">
            <lane id="left_0">
                <vehicle id="cfm_slow_4" pos="25.46" speed="24.68"/>
            </lane>
        </edge>
        <edge id="right">
            <lane id="right_0">
                <vehicle id="cfm_slow_1" pos="11.46" speed="24.68"/>
                <vehicle id="cfm_slow_2" pos="49.46" speed="24.68"/>
            </lane>
        </edge>
        <edge id="top">
            <lane id="top_0">
                <vehicle id="cfm_slow_3" pos="37.46" speed="24.68"/>
            </lane>
        </edge>
    </timestep>
    <timestep time="1.82">
        <edge id="bottom">
            <lane id="bottom_0">
                <vehicle id="cfm_slow_0" pos="23.71" speed="24.82"/>
            </lane>
        </edge>
        <edge id="left">
            <lane id="left_0">
                <vehicle id="cfm_slow_4" pos="25.71" speed="24.82"/>
            </lane>
        </edge>
        <edge id="right">
            <lane id="right_0">
                <vehicle id="cfm_slow_1" pos="11.71" speed="24.82"/>
                <vehicle id="cfm_slow_2" pos="49.71" speed="24.82"/>
            </lane>
        </edge>
        <edge id="top">
            <lane id="top_0">
                <vehicle id="cfm_slow_3" pos="37.71" speed="24.82"/>
            </lane>
        </edge>
    </timestep>
    <timestep time="1.83">
        <edge id="bottom">
            <lane id="bottom_0">
                <vehicle id="cfm_slow_0" pos="23.96" speed="24.95"/>
            </lane>
        </edge>
        <edge id="left">
            <lane id="left_0">
                <vehicle id="cfm_slow_4" pos="25.96" speed="24.95"/>
            </lane>
        </edge>
        <edge id="right">
            <lane id="right_0">
                <vehicle id="cfm_slow_1" pos="11.96" speed="24.95"/>
                <vehicle id="cfm_slow_2" pos="49.96" speed="24.95"/>
            </lane>
        </edge>
        <edge id="top">
            <lane id="top_0">
                <vehicle id="cfm_slow_3" pos="37.96" speed="24.95"/>
            </lane>
        </edge>
    </timestep>
    <timestep time="1.84">
        <edge id="bottom">
            <lane id="bottom_0">
                <vehicle id="cfm_slow_0" pos="24.21" speed="25.09"/>
            </lane>
        </edge>
        <edge id="left">
            <lane id="left_0">
                <vehicle id="cfm_slow_4" pos="26.21" speed="25.09"/>
            </lane>
        </edge>
        <edge id="right">
            <lane id="right_0">
                <vehicle id="cfm_slow_1" pos="12.21" speed="25.09"/>
            </lane>
        </edge>
        <edge id="top">
            <lane id="top_0">
                <vehicle id="cfm_slow_2" pos="0.21" speed="25.09"/>
                <vehicle id="cfm_slow_3" pos="38.21" speed="25.09"/>
            </lane>
        </edge>
    </timestep>
    <timestep time="1.85">
        <edge id="bottom">
            <lane id="bottom_0">
                <vehicle id="cfm_slow_0" pos="24.46" speed="25.23"/>
            </lane>
        </edge>
        <edge id="left">
            <lane id="left_0">
                <vehicle id="cfm_slow_4" pos="26.46" speed="25.23"/>
            </lane>
        </edge>
        <edge id="right">
            <lane id="right_0">
                <vehicle id="cfm_slow_1" pos="12.46" speed="25.23"/>
            </lane>
        </edge>
        <edge id="top">
            <lane id="top_0">
                <vehicle id="cfm_slow_2" pos="0.46" speed="25.23"/>
                <vehicle id="cfm_slow_3" pos="38.46" speed="25.23"/>
            </lane>
        </edge>
    </timestep>
    <timestep time="1.86">
        <edge id="bottom">
            <lane id="bottom_0">
                <vehicle id="cfm_slow_0" pos="24.72" speed="25.36"/>
            </lane>
        </edge>
        <edge id="left">
            <lane id="left_0">
                <vehicle id="cfm_slow_4" pos="26.72" speed="25.36"/>
            </lane>
        </edge>
        <edge id="right">
            <lane id="right_0">
                <vehicle id="cfm_slow_1" pos="12.72" speed="25.36"/>
            </lane>
        </edge>
        <edge id="top">
            <lane id="top_0">
                <vehicle id="cfm_slow_2" pos="0.72" speed="25.36"/>
                <vehicle id="cfm_slow_3" pos="38.72" speed="25.36"/>
            </lane>
        </edge>
    </timestep>
    <timestep time="1.87">
        <edge id="bottom">
            <lane id="bottom_0">
                <vehicle id="cfm_slow_0" pos="24.97" speed="25.50"/>
            </lane>
        </edge>
        <edge id="left">
            <lane id="left_0">
                <vehicle id="cfm_slow_4" pos="26.97" speed="25.50"/>
            </lane>
        </edge>
        <edge id="right">
            <lane id="right_0">
                <vehicle id="cfm_slow_1" pos="12.97" speed="25.50"/>
            </lane>
        </edge>
        <edge id="top">
            <lane id="top_0">
                <vehicle id="cfm_slow_2" pos="0.97" speed="25.50"/>
                <vehicle id="cfm_slow_3" pos="38.97" speed="25.50"/>
            </lane>
        </edge>
    </timestep>
    <timestep time="1.88">
        <edge id="bottom">
            <lane id="bottom_0">
                <vehicle id="cfm_slow_0" pos="25.23" speed="25.64"/>
            </lane>
        </edge>
        <edge id="left">
            <lane id="left_0">
                <vehicle id="cfm_slow_4" pos="27.23" speed="25.64"/>
            </lane>
        </edge>
        <edge id="right">
            <lane id="right_0">
                <vehicle id="cfm_slow_1" pos="13.23" speed="25.64"/>
            </lane>
        </edge>
        <edge id="top">
            <lane id="top_0">
                <vehicle id="cfm_slow_2" pos="1.23" speed="25.64"/>
                <vehicle id="cfm_slow_3" pos="39.23" speed="25.64"/>
            </lane>
        </edge>
    </timestep>
    <timestep time="1.89">
        <edge id="bottom">
            <lane id="bottom_0">
                <vehicle id="cfm_slow_0" pos="25.48" speed="25.77"/>
            </lane>
        </edge>
        <edge id="left">
            <lane id="left_0">
                <vehicle id="cfm_slow_4" pos="27.48" speed="25.77"/>
            </lane>
        </edge>
        <edge id="right">
            <lane id="right_0">
                <vehicle id="cfm_slow_1" pos="13.48" speed="25.77"/>
            </lane>
        </edge>
        <edge id="top">
            <lane id="top_0">
                <vehicle id="cfm_slow_2" pos="1.48" speed="25.77"/>
                <vehicle id="cfm_slow_3" pos="39.48" speed="25.77"/>
            </lane>
        </edge>
    </timestep>
    <timestep time="1.90">
        <edge id="bottom">
            <lane id="bottom_0">
                <vehicle id="cfm_slow_0" pos="25.74" speed="25.91"/>
            </lane>
        </edge>
        <edge id="left">
            <lane id="left_0">
                <vehicle id="cfm_slow_4" pos="27.74" speed="25.91"/>
            </lane>
        </edge>
        <edge id="right">
            <lane id="right_0">
                <vehicle id="cfm_slow_1" pos="13.74" speed="25.91"/>
            </lane>
        </edge>
        <edge id="top">
            <lane id="top_0">
                <vehicle id="cfm_slow_2" pos="1.74" speed="25.91"/>
                <vehicle id="cfm_slow_3" pos="39.74" speed="25.91"/>
            </lane>
        </edge>
    </timestep>
    <timestep time="1.91">
        <edge id="bottom">
            <lane id="bottom_0">
                <vehicle id="cfm_slow_0" pos="26.00" speed="26.05"/>
            </lane>
        </edge>
        <edge id="left">
            <lane id="left_0">
                <vehicle id="cfm_slow_4" pos="28.00" speed="26.05"/>
            </lane>
        </edge>
        <edge id="right">
            <lane id="right_0">
                <vehicle id="cfm_slow_1" pos="14.00" speed="26.05"/>
            </lane>
        </edge>
        <edge id="top">
            <lane id="top_0">
                <vehicle id="cfm_slow_2" pos="2.00" speed="26.05"/>
                <vehicle id="cfm_slow_3" pos="40.00" speed="26.05"/>
            </lane>
        </edge>
    </timestep>
    <timestep time="1.92">
        <edge id="bottom">
            <lane id="bottom_0">
                <vehicle id="cfm_slow_0" pos="26.27" speed="26.18"/>
            </lane>
        </edge>
        <edge id="left">
            <lane id="left_0">
                <vehicle id="cfm_slow_4" pos="28.27" speed="26.18"/>
            </lane>
        </edge>
        <edge id="right">
            <lane id="right_0">
                <vehicle id="cfm_slow_1" pos="14.27" speed="26.18"/>
            </lane>
        </edge>
        <edge id="top">
            <lane id="top_0">
                <vehicle id="cfm_slow_2" pos="2.27" speed="26.18"/>
                <vehicle id="cfm_slow_3" pos="40.27" speed="26.18"/>
            </lane>
        </edge>
    </timestep>
    <timestep time="1.93">
        <edge id="bottom">
            <lane id="bottom_0">
                <vehicle id="cfm_slow_0" pos="26.53" speed="26.32"/>
            </lane>
        </edge>
        <edge id="left">
            <lane id="left_0">
                <vehicle id="cfm_slow_4" pos="28.53" speed="26.32"/>
            </lane>
        </edge>
        <edge id="right">
            <lane id="right_0">
                <vehicle id="cfm_slow_1" pos="14.53" speed="26.32"/>
            </lane>
        </edge>
        <edge id="top">
            <lane id="top_0">
                <vehicle id="cfm_slow_2" pos="2.53" speed="26.32"/>
                <vehicle id="cfm_slow_3" pos="40.53" speed="26.32"/>
            </lane>
        </edge>
    </timestep>
    <timestep time="1.94">
        <edge id="bottom">
            <lane id="bottom_0">
                <vehicle id="cfm_slow_0" pos="26.79" speed="26.45"/>
            </lane>
        </edge>
        <edge id="left">
            <lane id="left_0">
                <vehicle id="cfm_slow_4" pos="28.79" speed="26.45"/>
            </lane>
        </edge>
        <edge id="right">
            <lane id="right_0">
                <vehicle id="cfm_slow_1" pos="14.79" speed="26.45"/>
            </lane>
        </edge>
        <edge id="top">
            <lane id="top_0">
                <vehicle id="cfm_slow_2" pos="2.79" speed="26.45"/>
                <vehicle id="cfm_slow_3" pos="40.79" speed="26.45"/>
            </lane>
        </edge>
    </timestep>
    <timestep time="1.95">
        <edge id="bottom">
            <lane id="bottom_0">
                <vehicle id="cfm_slow_0" pos="27.06" speed="26.59"/>
            </lane>
        </edge>
        <edge id="left">
            <lane id="left_0">
                <vehicle id="cfm_slow_4" pos="29.06" speed="26.59"/>
            </lane>
        </edge>
        <edge id="right">
            <lane id="right_0">
                <vehicle id="cfm_slow_1" pos="15.06" speed="26.59"/>
            </lane>
        </edge>
        <edge id="top">
            <lane id="top_0">
                <vehicle id="cfm_slow_2" pos="3.06" speed="26.59"/>
                <vehicle id="cfm_slow_3" pos="41.06" speed="26.59"/>
            </lane>
        </edge>
    </timestep>
    <timestep time="1.96">
        <edge id="bottom">
            <lane id="bottom_0">
                <vehicle id="cfm_slow_0" pos="27.33" speed="26.73"/>
            </lane>
        </edge>
        <edge id="left">
            <lane id="left_0">
                <vehicle id="cfm_slow_4" pos="29.33" speed="26.73"/>
            </lane>
        </edge>
        <edge id="right">
            <lane id="right_0">
                <vehicle id="cfm_slow_1" pos="15.33" speed="26.73"/>
            </lane>
        </edge>
        <edge id="top">
            <lane id="top_0">
                <vehicle id="cfm_slow_2" pos="3.33" speed="26.73"/>
                <vehicle id="cfm_slow_3" pos="41.33" speed="26.73"/>
            </lane>
        </edge>
    </timestep>
    <timestep time="1.97">
        <edge id="bottom">
            <lane id="bottom_0">
                <vehicle id="cfm_slow_0" pos="27.60" speed="26.86"/>
            </lane>
        </edge>
        <edge id="left">
            <lane id="left_0">
                <vehicle id="cfm_slow_4" pos="29.60" speed="26.86"/>
            </lane>
        </edge>
        <edge id="right">
            <lane id="right_0">
                <vehicle id="cfm_slow_1" pos="15.60" speed="26.86"/>
            </lane>
        </edge>
        <edge id="top">
            <lane id="top_0">
                <vehicle id="cfm_slow_2" pos="3.60" speed="26.86"/>
                <vehicle id="cfm_slow_3" pos="41.60" speed="26.86"/>
            </lane>
        </edge>
    </timestep>
    <timestep time="1.98">
        <edge id="bottom">
            <lane id="bottom_0">
                <vehicle id="cfm_slow_0" pos="27.87" speed="27.00"/>
            </lane>
        </edge>
        <edge id="left">
            <lane id="left_0">
                <vehicle id="cfm_slow_4" pos="29.87" speed="27.00"/>
            </lane>
        </edge>
        <edge id="right">
            <lane id="right_0">
                <vehicle id="cfm_slow_1" pos="15.87" speed="27.00"/>
            </lane>
        </edge>
        <edge id="top">
            <lane id="top_0">
                <vehicle id="cfm_slow_2" pos="3.87" speed="27.00"/>
                <vehicle id="cfm_slow_3" pos="41.87" speed="27.00"/>
            </lane>
        </edge>
    </timestep>
    <timestep time="1.99">
        <edge id="bottom">
            <lane id="bottom_0">
                <vehicle id="cfm_slow_0" pos="28.14" speed="27.14"/>
            </lane>
        </edge>
        <edge id="left">
            <lane id="left_0">
                <vehicle id="cfm_slow_4" pos="30.14" speed="27.14"/>
            </lane>
        </edge>
        <edge id="right">
            <lane id="right_0">
                <vehicle id="cfm_slow_1" pos="16.14" speed="27.14"/>
            </lane>
        </edge>
        <edge id="top">
            <lane id="top_0">
                <vehicle id="cfm_slow_2" pos="4.14" speed="27.14"/>
                <vehicle id="cfm_slow_3" pos="42.14" speed="27.14"/>
            </lane>
        </edge>
    </timestep>
    <timestep time="2.00">
        <edge id="bottom">
            <lane id="bottom_0">
                <vehicle id="cfm_slow_0" pos="28.41" speed="27.27"/>
            </lane>
        </edge>
        <edge id="left">
            <lane id="left_0">
                <vehicle id="cfm_slow_4" pos="30.41" speed="27.27"/>
            </lane>
        </edge>
        <edge id="right">
            <lane id="right_0">
                <vehicle id="cfm_slow_1" pos="16.41" speed="27.27"/>
            </lane>
        </edge>
        <edge id="top">
            <lane id="top_0">
                <vehicle id="cfm_slow_2" pos="4.41" speed="27.27"/>
                <vehicle id="cfm_slow_3" pos="42.41" speed="27.27"/>
            </lane>
        </edge>
    </timestep>
    <timestep time="2.01">
        <edge id="bottom">
            <lane id="bottom_0">
                <vehicle id="cfm_slow_0" pos="28.68" speed="27.41"/>
            </lane>
        </edge>
        <edge id="left">
            <lane id="left_0">
                <vehicle id="cfm_slow_4" pos="30.68" speed="27.41"/>
            </lane>
        </edge>
        <edge id="right">
            <lane id="right_0">
                <vehicle id="cfm_slow_1" pos="16.68" speed="27.41"/>
            </lane>
        </edge>
        <edge id="top">
            <lane id="top_0">
                <vehicle id="cfm_slow_2" pos="4.68" speed="27.41"/>
                <vehicle id="cfm_slow_3" pos="42.68" speed="27.41"/>
            </lane>
        </edge>
    </timestep>
    <timestep time="2.02">
        <edge id="bottom">
            <lane id="bottom_0">
                <vehicle id="cfm_slow_0" pos="28.96" speed="27.55"/>
            </lane>
        </edge>
        <edge id="left">
            <lane id="left_0">
                <vehicle id="cfm_slow_4" pos="30.96" speed="27.55"/>
            </lane>
        </edge>
        <edge id="right">
            <lane id="right_0">
                <vehicle id="cfm_slow_1" pos="16.96" speed="27.55"/>
            </lane>
        </edge>
        <edge id="top">
            <lane id="top_0">
                <vehicle id="cfm_slow_2" pos="4.96" speed="27.55"/>
                <vehicle id="cfm_slow_3" pos="42.96" speed="27.55"/>
            </lane>
        </edge>
    </timestep>
    <timestep time="2.03">
        <edge id="bottom">
            <lane id="bottom_0">
                <vehicle id="cfm_slow_0" pos="29.24" speed="27.68"/>
            </lane>
        </edge>
        <edge id="left">
            <lane id="left_0">
                <vehicle id="cfm_slow_4" pos="31.24" speed="27.68"/>
            </lane>
        </edge>
        <edge id="right">
            <lane id="right_0">
                <vehicle id="cfm_slow_1" pos="17.24" speed="27.68"/>
            </lane>
        </edge>
        <edge id="top">
            <lane id="top_0">
                <vehicle id="cfm_slow_2" pos="5.24" speed="27.68"/>
                <vehicle id="cfm_slow_3" pos="43.24" speed="27.68"/>
            </lane>
        </edge>
    </timestep>
    <timestep time="2.04">
        <edge id="bottom">
            <lane id="bottom_0">
                <vehicle id="cfm_slow_0" pos="29.51" speed="27.82"/>
            </lane>
        </edge>
        <edge id="left">
            <lane id="left_0">
                <vehicle id="cfm_slow_4" pos="31.51" speed="27.82"/>
            </lane>
        </edge>
        <edge id="right">
            <lane id="right_0">
                <vehicle id="cfm_slow_1" pos="17.51" speed="27.82"/>
            </lane>
        </edge>
        <edge id="top">
            <lane id="top_0">
                <vehicle id="cfm_slow_2" pos="5.51" speed="27.82"/>
                <vehicle id="cfm_slow_3" pos="43.51" speed="27.82"/>
            </lane>
        </edge>
    </timestep>
    <timestep time="2.05">
        <edge id="bottom">
            <lane id="bottom_0">
                <vehicle id="cfm_slow_0" pos="29.79" speed="27.95"/>
            </lane>
        </edge>
        <edge id="left">
            <lane id="left_0">
                <vehicle id="cfm_slow_4" pos="31.79" speed="27.95"/>
            </lane>
        </edge>
        <edge id="right">
            <lane id="right_0">
                <vehicle id="cfm_slow_1" pos="17.79" speed="27.95"/>
            </lane>
        </edge>
        <edge id="top">
            <lane id="top_0">
                <vehicle id="cfm_slow_2" pos="5.79" speed="27.95"/>
                <vehicle id="cfm_slow_3" pos="43.79" speed="27.95"/>
            </lane>
        </edge>
    </timestep>
    <timestep time="2.06">
        <edge id="bottom">
            <lane id="bottom_0">
                <vehicle id="cfm_slow_0" pos="30.07" speed="28.09"/>
            </lane>
        </edge>
        <edge id="left">
            <lane id="left_0">
                <vehicle id="cfm_slow_4" pos="32.07" speed="28.09"/>
            </lane>
        </edge>
        <edge id="right">
            <lane id="right_0">
                <vehicle id="cfm_slow_1" pos="18.07" speed="28.09"/>
            </lane>
        </edge>
        <edge id="top">
            <lane id="top_0">
                <vehicle id="cfm_slow_2" pos="6.07" speed="28.09"/>
                <vehicle id="cfm_slow_3" pos="44.07" speed="28.09"/>
            </lane>
        </edge>
    </timestep>
    <timestep time="2.07">
        <edge id="bottom">
            <lane id="bottom_0">
                <vehicle id="cfm_slow_0" pos="30.36" speed="28.23"/>
            </lane>
        </edge>
        <edge id="left">
            <lane id="left_0">
                <vehicle id="cfm_slow_4" pos="32.36" speed="28.23"/>
            </lane>
        </edge>
        <edge id="right">
            <lane id="right_0">
                <vehicle id="cfm_slow_1" pos="18.36" speed="28.23"/>
            </lane>
        </edge>
        <edge id="top">
            <lane id="top_0">
                <vehicle id="cfm_slow_2" pos="6.36" speed="28.23"/>
                <vehicle id="cfm_slow_3" pos="44.36" speed="28.23"/>
            </lane>
        </edge>
    </timestep>
    <timestep time="2.08">
        <edge id="bottom">
            <lane id="bottom_0">
                <vehicle id="cfm_slow_0" pos="30.64" speed="28.36"/>
            </lane>
        </edge>
        <edge id="left">
            <lane id="left_0">
                <vehicle id="cfm_slow_4" pos="32.64" speed="28.36"/>
            </lane>
        </edge>
        <edge id="right">
            <lane id="right_0">
                <vehicle id="cfm_slow_1" pos="18.64" speed="28.36"/>
            </lane>
        </edge>
        <edge id="top">
            <lane id="top_0">
                <vehicle id="cfm_slow_2" pos="6.64" speed="28.36"/>
                <vehicle id="cfm_slow_3" pos="44.64" speed="28.36"/>
            </lane>
        </edge>
    </timestep>
    <timestep time="2.09">
        <edge id="bottom">
            <lane id="bottom_0">
                <vehicle id="cfm_slow_0" pos="30.93" speed="28.50"/>
            </lane>
        </edge>
        <edge id="left">
            <lane id="left_0">
                <vehicle id="cfm_slow_4" pos="32.93" speed="28.50"/>
            </lane>
        </edge>
        <edge id="right">
            <lane id="right_0">
                <vehicle id="cfm_slow_1" pos="18.93" speed="28.50"/>
            </lane>
        </edge>
        <edge id="top">
            <lane id="top_0">
                <vehicle id="cfm_slow_2" pos="6.93" speed="28.50"/>
                <vehicle id="cfm_slow_3" pos="44.93" speed="28.50"/>
            </lane>
        </edge>
    </timestep>
    <timestep time="2.10">
        <edge id="bottom">
            <lane id="bottom_0">
                <vehicle id="cfm_slow_0" pos="31.21" speed="28.64"/>
            </lane>
        </edge>
        <edge id="left">
            <lane id="left_0">
                <vehicle id="cfm_slow_4" pos="33.21" speed="28.64"/>
            </lane>
        </edge>
        <edge id="right">
            <lane id="right_0">
                <vehicle id="cfm_slow_1" pos="19.21" speed="28.64"/>
            </lane>
        </edge>
        <edge id="top">
            <lane id="top_0">
                <vehicle id="cfm_slow_2" pos="7.21" speed="28.64"/>
                <vehicle id="cfm_slow_3" pos="45.21" speed="28.64"/>
            </lane>
        </edge>
    </timestep>
    <timestep time="2.11">
        <edge id="bottom">
            <lane id="bottom_0">
                <vehicle id="cfm_slow_0" pos="31.50" speed="28.77"/>
            </lane>
        </edge>
        <edge id="left">
            <lane id="left_0">
                <vehicle id="cfm_slow_4" pos="33.50" speed="28.77"/>
            </lane>
        </edge>
        <edge id="right">
            <lane id="right_0">
                <vehicle id="cfm_slow_1" pos="19.50" speed="28.77"/>
            </lane>
        </edge>
        <edge id="top">
            <lane id="top_0">
                <vehicle id="cfm_slow_2" pos="7.50" speed="28.77"/>
                <vehicle id="cfm_slow_3" pos="45.50" speed="28.77"/>
            </lane>
        </edge>
    </timestep>
    <timestep time="2.12">
        <edge id="bottom">
            <lane id="bottom_0">
                <vehicle id="cfm_slow_0" pos="31.79" speed="28.91"/>
            </lane>
        </edge>
        <edge id="left">
            <lane id="left_0">
                <vehicle id="cfm_slow_4" pos="33.79" speed="28.91"/>
            </lane>
        </edge>
        <edge id="right">
            <lane id="right_0">
                <vehicle id="cfm_slow_1" pos="19.79" speed="28.91"/>
            </lane>
        </edge>
        <edge id="top">
            <lane id="top_0">
                <vehicle id="cfm_slow_2" pos="7.79" speed="28.91"/>
                <vehicle id="cfm_slow_3" pos="45.79" speed="28.91"/>
            </lane>
        </edge>
    </timestep>
    <timestep time="2.13">
        <edge id="bottom">
            <lane id="bottom_0">
                <vehicle id="cfm_slow_0" pos="32.08" speed="29.05"/>
            </lane>
        </edge>
        <edge id="left">
            <lane id="left_0">
                <vehicle id="cfm_slow_4" pos="34.08" speed="29.05"/>
            </lane>
        </edge>
        <edge id="right">
            <lane id="right_0">
                <vehicle id="cfm_slow_1" pos="20.08" speed="29.05"/>
            </lane>
        </edge>
        <edge id="top">
            <lane id="top_0">
                <vehicle id="cfm_slow_2" pos="8.08" speed="29.05"/>
                <vehicle id="cfm_slow_3" pos="46.08" speed="29.05"/>
            </lane>
        </edge>
    </timestep>
    <timestep time="2.14">
        <edge id="bottom">
            <lane id="bottom_0">
                <vehicle id="cfm_slow_0" pos="32.37" speed="29.18"/>
            </lane>
        </edge>
        <edge id="left">
            <lane id="left_0">
                <vehicle id="cfm_slow_4" pos="34.37" speed="29.18"/>
            </lane>
        </edge>
        <edge id="right">
            <lane id="right_0">
                <vehicle id="cfm_slow_1" pos="20.37" speed="29.18"/>
            </lane>
        </edge>
        <edge id="top">
            <lane id="top_0">
                <vehicle id="cfm_slow_2" pos="8.37" speed="29.18"/>
                <vehicle id="cfm_slow_3" pos="46.37" speed="29.18"/>
            </lane>
        </edge>
    </timestep>
    <timestep time="2.15">
        <edge id="bottom">
            <lane id="bottom_0">
                <vehicle id="cfm_slow_0" pos="32.66" speed="29.32"/>
            </lane>
        </edge>
        <edge id="left">
            <lane id="left_0">
                <vehicle id="cfm_slow_4" pos="34.66" speed="29.32"/>
            </lane>
        </edge>
        <edge id="right">
            <lane id="right_0">
                <vehicle id="cfm_slow_1" pos="20.66" speed="29.32"/>
            </lane>
        </edge>
        <edge id="top">
            <lane id="top_0">
                <vehicle id="cfm_slow_2" pos="8.66" speed="29.32"/>
                <vehicle id="cfm_slow_3" pos="46.66" speed="29.32"/>
            </lane>
        </edge>
    </timestep>
    <timestep time="2.16">
        <edge id="bottom">
            <lane id="bottom_0">
                <vehicle id="cfm_slow_0" pos="32.96" speed="29.45"/>
            </lane>
        </edge>
        <edge id="left">
            <lane id="left_0">
                <vehicle id="cfm_slow_4" pos="34.96" speed="29.45"/>
            </lane>
        </edge>
        <edge id="right">
            <lane id="right_0">
                <vehicle id="cfm_slow_1" pos="20.96" speed="29.45"/>
            </lane>
        </edge>
        <edge id="top">
            <lane id="top_0">
                <vehicle id="cfm_slow_2" pos="8.96" speed="29.45"/>
                <vehicle id="cfm_slow_3" pos="46.96" speed="29.45"/>
            </lane>
        </edge>
    </timestep>
    <timestep time="2.17">
        <edge id="bottom">
            <lane id="bottom_0">
                <vehicle id="cfm_slow_0" pos="33.25" speed="29.59"/>
            </lane>
        </edge>
        <edge id="left">
            <lane id="left_0">
                <vehicle id="cfm_slow_4" pos="35.25" speed="29.59"/>
            </lane>
        </edge>
        <edge id="right">
            <lane id="right_0">
                <vehicle id="cfm_slow_1" pos="21.25" speed="29.59"/>
            </lane>
        </edge>
        <edge id="top">
            <lane id="top_0">
                <vehicle id="cfm_slow_2" pos="9.25" speed="29.59"/>
                <vehicle id="cfm_slow_3" pos="47.25" speed="29.59"/>
            </lane>
        </edge>
    </timestep>
    <timestep time="2.18">
        <edge id="bottom">
            <lane id="bottom_0">
                <vehicle id="cfm_slow_0" pos="33.55" speed="29.73"/>
            </lane>
        </edge>
        <edge id="left">
            <lane id="left_0">
                <vehicle id="cfm_slow_4" pos="35.55" speed="29.73"/>
            </lane>
        </edge>
        <edge id="right">
            <lane id="right_0">
                <vehicle id="cfm_slow_1" pos="21.55" speed="29.73"/>
            </lane>
        </edge>
        <edge id="top">
            <lane id="top_0">
                <vehicle id="cfm_slow_2" pos="9.55" speed="29.73"/>
                <vehicle id="cfm_slow_3" pos="47.55" speed="29.73"/>
            </lane>
        </edge>
    </timestep>
    <timestep time="2.19">
        <edge id="bottom">
            <lane id="bottom_0">
                <vehicle id="cfm_slow_0" pos="33.85" speed="29.86"/>
            </lane>
        </edge>
        <edge id="left">
            <lane id="left_0">
                <vehicle id="cfm_slow_4" pos="35.85" speed="29.86"/>
            </lane>
        </edge>
        <edge id="right">
            <lane id="right_0">
                <vehicle id="cfm_slow_1" pos="21.85" speed="29.86"/>
            </lane>
        </edge>
        <edge id="top">
            <lane id="top_0">
                <vehicle id="cfm_slow_2" pos="9.85" speed="29.86"/>
                <vehicle id="cfm_slow_3" pos="47.85" speed="29.86"/>
            </lane>
        </edge>
    </timestep>
    <timestep time="2.20">
        <edge id="bottom">
            <lane id="bottom_0">
                <vehicle id="cfm_slow_0" pos="34.15" speed="30.00"/>
            </lane>
        </edge>
        <edge id="left">
            <lane id="left_0">
                <vehicle id="cfm_slow_4" pos="36.15" speed="30.00"/>
            </lane>
        </edge>
        <edge id="right">
            <lane id="right_0">
                <vehicle id="cfm_slow_1" pos="22.15" speed="30.00"/>
            </lane>
        </edge>
        <edge id="top">
            <lane id="top_0">
                <vehicle id="cfm_slow_2" pos="10.15" speed="30.00"/>
                <vehicle id="cfm_slow_3" pos="48.15" speed="30.00"/>
            </lane>
        </edge>
    </timestep>
    <timestep time="2.21">
        <edge id="bottom">
            <lane id="bottom_0">
                <vehicle id="cfm_slow_0" pos="34.45" speed="30.14"/>
            </lane>
        </edge>
        <edge id="left">
            <lane id="left_0">
                <vehicle id="cfm_slow_4" pos="36.45" speed="30.14"/>
            </lane>
        </edge>
        <edge id="right">
            <lane id="right_0">
                <vehicle id="cfm_slow_1" pos="22.45" speed="30.14"/>
            </lane>
        </edge>
        <edge id="top">
            <lane id="top_0">
                <vehicle id="cfm_slow_2" pos="10.45" speed="30.14"/>
                <vehicle id="cfm_slow_3" pos="48.45" speed="30.14"/>
            </lane>
        </edge>
    </timestep>
    <timestep time="2.22">
        <edge id="bottom">
            <lane id="bottom_0">
                <vehicle id="cfm_slow_0" pos="34.75" speed="30.27"/>
            </lane>
        </edge>
        <edge id="left">
            <lane id="left_0">
                <vehicle id="cfm_slow_4" pos="36.75" speed="30.27"/>
            </lane>
        </edge>
        <edge id="right">
            <lane id="right_0">
                <vehicle id="cfm_slow_1" pos="22.75" speed="30.27"/>
            </lane>
        </edge>
        <edge id="top">
            <lane id="top_0">
                <vehicle id="cfm_slow_2" pos="10.75" speed="30.27"/>
                <vehicle id="cfm_slow_3" pos="48.75" speed="30.27"/>
            </lane>
        </edge>
    </timestep>
    <timestep time="2.23">
        <edge id="bottom">
            <lane id="bottom_0">
                <vehicle id="cfm_slow_0" pos="35.06" speed="30.41"/>
            </lane>
        </edge>
        <edge id="left">
            <lane id="left_0">
                <vehicle id="cfm_slow_4" pos="37.06" speed="30.41"/>
            </lane>
        </edge>
        <edge id="right">
            <lane id="right_0">
                <vehicle id="cfm_slow_1" pos="23.06" speed="30.41"/>
            </lane>
        </edge>
        <edge id="top">
            <lane id="top_0">
                <vehicle id="cfm_slow_2" pos="11.06" speed="30.41"/>
                <vehicle id="cfm_slow_3" pos="49.06" speed="30.41"/>
            </lane>
        </edge>
    </timestep>
    <timestep time="2.24">
        <edge id="bottom">
            <lane id="bottom_0">
                <vehicle id="cfm_slow_0" pos="35.36" speed="30.54"/>
            </lane>
        </edge>
        <edge id="left">
            <lane id="left_0">
                <vehicle id="cfm_slow_4" pos="37.36" speed="30.55"/>
            </lane>
        </edge>
        <edge id="right">
            <lane id="right_0">
                <vehicle id="cfm_slow_1" pos="23.36" speed="30.54"/>
            </lane>
        </edge>
        <edge id="top">
            <lane id="top_0">
                <vehicle id="cfm_slow_2" pos="11.36" speed="30.54"/>
                <vehicle id="cfm_slow_3" pos="49.36" speed="30.54"/>
            </lane>
        </edge>
    </timestep>
    <timestep time="2.25">
        <edge id="bottom">
            <lane id="bottom_0">
                <vehicle id="cfm_slow_0" pos="35.67" speed="30.67"/>
            </lane>
        </edge>
        <edge id="left">
            <lane id="left_0">
                <vehicle id="cfm_slow_4" pos="37.67" speed="30.68"/>
            </lane>
        </edge>
        <edge id="right">
            <lane id="right_0">
                <vehicle id="cfm_slow_1" pos="23.67" speed="30.67"/>
            </lane>
        </edge>
        <edge id="top">
            <lane id="top_0">
                <vehicle id="cfm_slow_2" pos="11.67" speed="30.67"/>
                <vehicle id="cfm_slow_3" pos="49.67" speed="30.67"/>
            </lane>
        </edge>
    </timestep>
    <timestep time="2.26">
        <edge id="bottom">
            <lane id="bottom_0">
                <vehicle id="cfm_slow_0" pos="35.98" speed="30.80"/>
            </lane>
        </edge>
        <edge id="left">
            <lane id="left_0">
                <vehicle id="cfm_slow_4" pos="37.98" speed="30.82"/>
            </lane>
        </edge>
        <edge id="right">
            <lane id="right_0">
                <vehicle id="cfm_slow_1" pos="23.98" speed="30.80"/>
            </lane>
        </edge>
        <edge id="top">
            <lane id="top_0">
                <vehicle id="cfm_slow_2" pos="11.98" speed="30.80"/>
                <vehicle id="cfm_slow_3" pos="49.98" speed="30.80"/>
            </lane>
        </edge>
    </timestep>
    <timestep time="2.27">
        <edge id="bottom">
            <lane id="bottom_0">
                <vehicle id="cfm_slow_0" pos="36.29" speed="30.93"/>
            </lane>
        </edge>
        <edge id="left">
            <lane id="left_0">
                <vehicle id="cfm_slow_3" pos="0.29" speed="30.93"/>
                <vehicle id="cfm_slow_4" pos="38.29" speed="30.95"/>
            </lane>
        </edge>
        <edge id="right">
            <lane id="right_0">
                <vehicle id="cfm_slow_1" pos="24.29" speed="30.93"/>
            </lane>
        </edge>
        <edge id="top">
            <lane id="top_0">
                <vehicle id="cfm_slow_2" pos="12.29" speed="30.93"/>
            </lane>
        </edge>
    </timestep>
    <timestep time="2.28">
        <edge id="bottom">
            <lane id="bottom_0">
                <vehicle id="cfm_slow_0" pos="36.60" speed="31.06"/>
            </lane>
        </edge>
        <edge id="left">
            <lane id="left_0">
                <vehicle id="cfm_slow_3" pos="0.60" speed="31.06"/>
                <vehicle id="cfm_slow_4" pos="38.60" speed="31.09"/>
            </lane>
        </edge>
        <edge id="right">
            <lane id="right_0">
                <vehicle id="cfm_slow_1" pos="24.60" speed="31.06"/>
            </lane>
        </edge>
        <edge id="top">
            <lane id="top_0">
                <vehicle id="cfm_slow_2" pos="12.60" speed="31.06"/>
            </lane>
        </edge>
    </timestep>
    <timestep time="2.29">
        <edge id="bottom">
            <lane id="bottom_0">
                <vehicle id="cfm_slow_0" pos="36.91" speed="31.18"/>
            </lane>
        </edge>
        <edge id="left">
            <lane id="left_0">
                <vehicle id="cfm_slow_3" pos="0.91" speed="31.18"/>
                <vehicle id="cfm_slow_4" pos="38.91" speed="31.23"/>
            </lane>
        </edge>
        <edge id="right">
            <lane id="right_0">
                <vehicle id="cfm_slow_1" pos="24.91" speed="31.18"/>
            </lane>
        </edge>
        <edge id="top">
            <lane id="top_0">
                <vehicle id="cfm_slow_2" pos="12.91" speed="31.18"/>
            </lane>
        </edge>
    </timestep>
    <timestep time="2.30">
        <edge id="bottom">
            <lane id="bottom_0">
                <vehicle id="cfm_slow_0" pos="37.22" speed="31.31"/>
            </lane>
        </edge>
        <edge id="left">
            <lane id="left_0">
                <vehicle id="cfm_slow_3" pos="1.22" speed="31.31"/>
                <vehicle id="cfm_slow_4" pos="39.23" speed="31.36"/>
            </lane>
        </edge>
        <edge id="right">
            <lane id="right_0">
                <vehicle id="cfm_slow_1" pos="25.22" speed="31.31"/>
            </lane>
        </edge>
        <edge id="top">
            <lane id="top_0">
                <vehicle id="cfm_slow_2" pos="13.22" speed="31.31"/>
            </lane>
        </edge>
    </timestep>
    <timestep time="2.31">
        <edge id="bottom">
            <lane id="bottom_0">
                <vehicle id="cfm_slow_0" pos="37.54" speed="31.43"/>
            </lane>
        </edge>
        <edge id="left">
            <lane id="left_0">
                <vehicle id="cfm_slow_3" pos="1.54" speed="31.44"/>
                <vehicle id="cfm_slow_4" pos="39.54" speed="31.50"/>
            </lane>
        </edge>
        <edge id="right">
            <lane id="right_0">
                <vehicle id="cfm_slow_1" pos="25.54" speed="31.43"/>
            </lane>
        </edge>
        <edge id="top">
            <lane id="top_0">
                <vehicle id="cfm_slow_2" pos="13.54" speed="31.43"/>
            </lane>
        </edge>
    </timestep>
    <timestep time="2.32">
        <edge id="bottom">
            <lane id="bottom_0">
                <vehicle id="cfm_slow_0" pos="37.85" speed="31.56"/>
            </lane>
        </edge>
        <edge id="left">
            <lane id="left_0">
                <vehicle id="cfm_slow_3" pos="1.85" speed="31.56"/>
                <vehicle id="cfm_slow_4" pos="39.86" speed="31.64"/>
            </lane>
        </edge>
        <edge id="right">
            <lane id="right_0">
                <vehicle id="cfm_slow_1" pos="25.85" speed="31.56"/>
            </lane>
        </edge>
        <edge id="top">
            <lane id="top_0">
                <vehicle id="cfm_slow_2" pos="13.85" speed="31.56"/>
            </lane>
        </edge>
    </timestep>
    <timestep time="2.33">
        <edge id="bottom">
            <lane id="bottom_0">
                <vehicle id="cfm_slow_0" pos="38.17" speed="31.68"/>
            </lane>
        </edge>
        <edge id="left">
            <lane id="left_0">
                <vehicle id="cfm_slow_3" pos="2.17" speed="31.68"/>
                <vehicle id="cfm_slow_4" pos="40.17" speed="31.77"/>
            </lane>
        </edge>
        <edge id="right">
            <lane id="right_0">
                <vehicle id="cfm_slow_1" pos="26.17" speed="31.68"/>
            </lane>
        </edge>
        <edge id="top">
            <lane id="top_0">
                <vehicle id="cfm_slow_2" pos="14.17" speed="31.68"/>
            </lane>
        </edge>
    </timestep>
    <timestep time="2.34">
        <edge id="bottom">
            <lane id="bottom_0">
                <vehicle id="cfm_slow_0" pos="38.49" speed="31.80"/>
            </lane>
        </edge>
        <edge id="left">
            <lane id="left_0">
                <vehicle id="cfm_slow_3" pos="2.49" speed="31.80"/>
                <vehicle id="cfm_slow_4" pos="40.49" speed="31.91"/>
            </lane>
        </edge>
        <edge id="right">
            <lane id="right_0">
                <vehicle id="cfm_slow_1" pos="26.49" speed="31.80"/>
            </lane>
        </edge>
        <edge id="top">
            <lane id="top_0">
                <vehicle id="cfm_slow_2" pos="14.49" speed="31.80"/>
            </lane>
        </edge>
    </timestep>
    <timestep time="2.35">
        <edge id="bottom">
            <lane id="bottom_0">
                <vehicle id="cfm_slow_0" pos="38.81" speed="31.92"/>
            </lane>
        </edge>
        <edge id="left">
            <lane id="left_0">
                <vehicle id="cfm_slow_3" pos="2.81" speed="31.93"/>
                <vehicle id="cfm_slow_4" pos="40.81" speed="32.05"/>
            </lane>
        </edge>
        <edge id="right">
            <lane id="right_0">
                <vehicle id="cfm_slow_1" pos="26.81" speed="31.92"/>
            </lane>
        </edge>
        <edge id="top">
            <lane id="top_0">
                <vehicle id="cfm_slow_2" pos="14.81" speed="31.92"/>
            </lane>
        </edge>
    </timestep>
    <timestep time="2.36">
        <edge id="bottom">
            <lane id="bottom_0">
                <vehicle id="cfm_slow_0" pos="39.13" speed="32.04"/>
            </lane>
        </edge>
        <edge id="left">
            <lane id="left_0">
                <vehicle id="cfm_slow_3" pos="3.13" speed="32.05"/>
                <vehicle id="cfm_slow_4" pos="41.14" speed="32.18"/>
            </lane>
        </edge>
        <edge id="right">
            <lane id="right_0">
                <vehicle id="cfm_slow_1" pos="27.13" speed="32.04"/>
            </lane>
        </edge>
        <edge id="top">
            <lane id="top_0">
                <vehicle id="cfm_slow_2" pos="15.13" speed="32.04"/>
            </lane>
        </edge>
    </timestep>
    <timestep time="2.37">
        <edge id="bottom">
            <lane id="bottom_0">
                <vehicle id="cfm_slow_0" pos="39.45" speed="32.16"/>
            </lane>
        </edge>
        <edge id="left">
            <lane id="left_0">
                <vehicle id="cfm_slow_3" pos="3.45" speed="32.16"/>
                <vehicle id="cfm_slow_4" pos="41.46" speed="32.32"/>
            </lane>
        </edge>
        <edge id="right">
            <lane id="right_0">
                <vehicle id="cfm_slow_1" pos="27.45" speed="32.16"/>
            </lane>
        </edge>
        <edge id="top">
            <lane id="top_0">
                <vehicle id="cfm_slow_2" pos="15.45" speed="32.16"/>
            </lane>
        </edge>
    </timestep>
    <timestep time="2.38">
        <edge id="bottom">
            <lane id="bottom_0">
                <vehicle id="cfm_slow_0" pos="39.77" speed="32.27"/>
            </lane>
        </edge>
        <edge id="left">
            <lane id="left_0">
                <vehicle id="cfm_slow_3" pos="3.77" speed="32.28"/>
                <vehicle id="cfm_slow_4" pos="41.78" speed="32.45"/>
            </lane>
        </edge>
        <edge id="right">
            <lane id="right_0">
                <vehicle id="cfm_slow_1" pos="27.77" speed="32.27"/>
            </lane>
        </edge>
        <edge id="top">
            <lane id="top_0">
                <vehicle id="cfm_slow_2" pos="15.77" speed="32.27"/>
            </lane>
        </edge>
    </timestep>
    <timestep time="2.39">
        <edge id="bottom">
            <lane id="bottom_0">
                <vehicle id="cfm_slow_0" pos="40.10" speed="32.39"/>
            </lane>
        </edge>
        <edge id="left">
            <lane id="left_0">
                <vehicle id="cfm_slow_3" pos="4.10" speed="32.40"/>
                <vehicle id="cfm_slow_4" pos="42.11" speed="32.59"/>
            </lane>
        </edge>
        <edge id="right">
            <lane id="right_0">
                <vehicle id="cfm_slow_1" pos="28.10" speed="32.39"/>
            </lane>
        </edge>
        <edge id="top">
            <lane id="top_0">
                <vehicle id="cfm_slow_2" pos="16.10" speed="32.39"/>
            </lane>
        </edge>
    </timestep>
    <timestep time="2.40">
        <edge id="bottom">
            <lane id="bottom_0">
                <vehicle id="cfm_slow_0" pos="40.42" speed="32.50"/>
            </lane>
        </edge>
        <edge id="left">
            <lane id="left_0">
                <vehicle id="cfm_slow_3" pos="4.42" speed="32.52"/>
                <vehicle id="cfm_slow_4" pos="42.44" speed="32.73"/>
            </lane>
        </edge>
        <edge id="right">
            <lane id="right_0">
                <vehicle id="cfm_slow_1" pos="28.42" speed="32.50"/>
            </lane>
        </edge>
        <edge id="top">
            <lane id="top_0">
                <vehicle id="cfm_slow_2" pos="16.42" speed="32.50"/>
            </lane>
        </edge>
    </timestep>
    <timestep time="2.41">
        <edge id="bottom">
            <lane id="bottom_0">
                <vehicle id="cfm_slow_0" pos="40.75" speed="32.62"/>
            </lane>
        </edge>
        <edge id="left">
            <lane id="left_0">
                <vehicle id="cfm_slow_3" pos="4.75" speed="32.63"/>
                <vehicle id="cfm_slow_4" pos="42.77" speed="32.86"/>
            </lane>
        </edge>
        <edge id="right">
            <lane id="right_0">
                <vehicle id="cfm_slow_1" pos="28.75" speed="32.62"/>
            </lane>
        </edge>
        <edge id="top">
            <lane id="top_0">
                <vehicle id="cfm_slow_2" pos="16.75" speed="32.62"/>
            </lane>
        </edge>
    </timestep>
    <timestep time="2.42">
        <edge id="bottom">
            <lane id="bottom_0">
                <vehicle id="cfm_slow_0" pos="41.07" speed="32.73"/>
            </lane>
        </edge>
        <edge id="left">
            <lane id="left_0">
                <vehicle id="cfm_slow_3" pos="5.07" speed="32.75"/>
                <vehicle id="cfm_slow_4" pos="43.10" speed="33.00"/>
            </lane>
        </edge>
        <edge id="right">
            <lane id="right_0">
                <vehicle id="cfm_slow_1" pos="29.07" speed="32.73"/>
            </lane>
        </edge>
        <edge id="top">
            <lane id="top_0">
                <vehicle id="cfm_slow_2" pos="17.07" speed="32.73"/>
            </lane>
        </edge>
    </timestep>
    <timestep time="2.43">
        <edge id="bottom">
            <lane id="bottom_0">
                <vehicle id="cfm_slow_0" pos="41.40" speed="32.84"/>
            </lane>
        </edge>
        <edge id="left">
            <lane id="left_0">
                <vehicle id="cfm_slow_3" pos="5.40" speed="32.86"/>
                <vehicle id="cfm_slow_4" pos="43.43" speed="33.14"/>
            </lane>
        </edge>
        <edge id="right">
            <lane id="right_0">
                <vehicle id="cfm_slow_1" pos="29.40" speed="32.84"/>
            </lane>
        </edge>
        <edge id="top">
            <lane id="top_0">
                <vehicle id="cfm_slow_2" pos="17.40" speed="32.84"/>
            </lane>
        </edge>
    </timestep>
    <timestep time="2.44">
        <edge id="bottom">
            <lane id="bottom_0">
                <vehicle id="cfm_slow_0" pos="41.73" speed="32.95"/>
            </lane>
        </edge>
        <edge id="left">
            <lane id="left_0">
                <vehicle id="cfm_slow_3" pos="5.73" speed="32.97"/>
                <vehicle id="cfm_slow_4" pos="43.76" speed="33.27"/>
            </lane>
        </edge>
        <edge id="right">
            <lane id="right_0">
                <vehicle id="cfm_slow_1" pos="29.73" speed="32.95"/>
            </lane>
        </edge>
        <edge id="top">
            <lane id="top_0">
                <vehicle id="cfm_slow_2" pos="17.73" speed="32.95"/>
            </lane>
        </edge>
    </timestep>
    <timestep time="2.45">
        <edge id="bottom">
            <lane id="bottom_0">
                <vehicle id="cfm_slow_0" pos="42.06" speed="33.06"/>
            </lane>
        </edge>
        <edge id="left">
            <lane id="left_0">
                <vehicle id="cfm_slow_3" pos="6.06" speed="33.09"/>
                <vehicle id="cfm_slow_4" pos="44.09" speed="33.41"/>
            </lane>
        </edge>
        <edge id="right">
            <lane id="right_0">
                <vehicle id="cfm_slow_1" pos="30.06" speed="33.06"/>
            </lane>
        </edge>
        <edge id="top">
            <lane id="top_0">
                <vehicle id="cfm_slow_2" pos="18.06" speed="33.06"/>
            </lane>
        </edge>
    </timestep>
    <timestep time="2.46">
        <edge id="bottom">
            <lane id="bottom_0">
                <vehicle id="cfm_slow_0" pos="42.39" speed="33.17"/>
            </lane>
        </edge>
        <edge id="left">
            <lane id="left_0">
                <vehicle id="cfm_slow_3" pos="6.40" speed="33.20"/>
                <vehicle id="cfm_slow_4" pos="44.43" speed="33.55"/>
            </lane>
        </edge>
        <edge id="right">
            <lane id="right_0">
                <vehicle id="cfm_slow_1" pos="30.39" speed="33.17"/>
            </lane>
        </edge>
        <edge id="top">
            <lane id="top_0">
                <vehicle id="cfm_slow_2" pos="18.39" speed="33.17"/>
            </lane>
        </edge>
    </timestep>
    <timestep time="2.47">
        <edge id="bottom">
            <lane id="bottom_0">
                <vehicle id="cfm_slow_0" pos="42.73" speed="33.28"/>
            </lane>
        </edge>
        <edge id="left">
            <lane id="left_0">
                <vehicle id="cfm_slow_3" pos="6.73" speed="33.31"/>
                <vehicle id="cfm_slow_4" pos="44.77" speed="33.68"/>
            </lane>
        </edge>
        <edge id="right">
            <lane id="right_0">
                <vehicle id="cfm_slow_1" pos="30.73" speed="33.28"/>
            </lane>
        </edge>
        <edge id="top">
            <lane id="top_0">
                <vehicle id="cfm_slow_2" pos="18.73" speed="33.28"/>
            </lane>
        </edge>
    </timestep>
    <timestep time="2.48">
        <edge id="bottom">
            <lane id="bottom_0">
                <vehicle id="cfm_slow_0" pos="43.06" speed="33.38"/>
            </lane>
        </edge>
        <edge id="left">
            <lane id="left_0">
                <vehicle id="cfm_slow_3" pos="7.06" speed="33.42"/>
                <vehicle id="cfm_slow_4" pos="45.10" speed="33.82"/>
            </lane>
        </edge>
        <edge id="right">
            <lane id="right_0">
                <vehicle id="cfm_slow_1" pos="31.06" speed="33.38"/>
            </lane>
        </edge>
        <edge id="top">
            <lane id="top_0">
                <vehicle id="cfm_slow_2" pos="19.06" speed="33.39"/>
            </lane>
        </edge>
    </timestep>
    <timestep time="2.49">
        <edge id="bottom">
            <lane id="bottom_0">
                <vehicle id="cfm_slow_0" pos="43.40" speed="33.49"/>
            </lane>
        </edge>
        <edge id="left">
            <lane id="left_0">
                <vehicle id="cfm_slow_3" pos="7.40" speed="33.53"/>
                <vehicle id="cfm_slow_4" pos="45.44" speed="33.95"/>
            </lane>
        </edge>
        <edge id="right">
            <lane id="right_0">
                <vehicle id="cfm_slow_1" pos="31.40" speed="33.49"/>
            </lane>
        </edge>
        <edge id="top">
            <lane id="top_0">
                <vehicle id="cfm_slow_2" pos="19.40" speed="33.49"/>
            </lane>
        </edge>
    </timestep>
    <timestep time="2.50">
        <edge id="bottom">
            <lane id="bottom_0">
                <vehicle id="cfm_slow_0" pos="43.73" speed="33.59"/>
            </lane>
        </edge>
        <edge id="left">
            <lane id="left_0">
                <vehicle id="cfm_slow_3" pos="7.74" speed="33.64"/>
                <vehicle id="cfm_slow_4" pos="45.78" speed="34.09"/>
            </lane>
        </edge>
        <edge id="right">
            <lane id="right_0">
                <vehicle id="cfm_slow_1" pos="31.73" speed="33.59"/>
            </lane>
        </edge>
        <edge id="top">
            <lane id="top_0">
                <vehicle id="cfm_slow_2" pos="19.73" speed="33.60"/>
            </lane>
        </edge>
    </timestep>
    <timestep time="2.51">
        <edge id="bottom">
            <lane id="bottom_0">
                <vehicle id="cfm_slow_0" pos="44.07" speed="33.70"/>
            </lane>
        </edge>
        <edge id="left">
            <lane id="left_0">
                <vehicle id="cfm_slow_3" pos="8.07" speed="33.74"/>
                <vehicle id="cfm_slow_4" pos="46.13" speed="34.23"/>
            </lane>
        </edge>
        <edge id="right">
            <lane id="right_0">
                <vehicle id="cfm_slow_1" pos="32.07" speed="33.70"/>
            </lane>
        </edge>
        <edge id="top">
            <lane id="top_0">
                <vehicle id="cfm_slow_2" pos="20.07" speed="33.70"/>
            </lane>
        </edge>
    </timestep>
    <timestep time="2.52">
        <edge id="bottom">
            <lane id="bottom_0">
                <vehicle id="cfm_slow_0" pos="44.41" speed="33.80"/>
            </lane>
        </edge>
        <edge id="left">
            <lane id="left_0">
                <vehicle id="cfm_slow_3" pos="8.41" speed="33.85"/>
                <vehicle id="cfm_slow_4" pos="46.47" speed="34.36"/>
            </lane>
        </edge>
        <edge id="right">
            <lane id="right_0">
                <vehicle id="cfm_slow_1" pos="32.41" speed="33.80"/>
            </lane>
        </edge>
        <edge id="top">
            <lane id="top_0">
                <vehicle id="cfm_slow_2" pos="20.41" speed="33.80"/>
            </lane>
        </edge>
    </timestep>
    <timestep time="2.53">
        <edge id="bottom">
            <lane id="bottom_0">
                <vehicle id="cfm_slow_0" pos="44.75" speed="33.90"/>
            </lane>
        </edge>
        <edge id="left">
            <lane id="left_0">
                <vehicle id="cfm_slow_3" pos="8.75" speed="33.96"/>
                <vehicle id="cfm_slow_4" pos="46.82" speed="34.50"/>
            </lane>
        </edge>
        <edge id="right">
            <lane id="right_0">
                <vehicle id="cfm_slow_1" pos="32.75" speed="33.90"/>
            </lane>
        </edge>
        <edge id="top">
            <lane id="top_0">
                <vehicle id="cfm_slow_2" pos="20.75" speed="33.91"/>
            </lane>
        </edge>
    </timestep>
    <timestep time="2.54">
        <edge id="bottom">
            <lane id="bottom_0">
                <vehicle id="cfm_slow_0" pos="45.09" speed="34.00"/>
            </lane>
        </edge>
        <edge id="left">
            <lane id="left_0">
                <vehicle id="cfm_slow_3" pos="9.09" speed="34.06"/>
                <vehicle id="cfm_slow_4" pos="47.16" speed="34.64"/>
            </lane>
        </edge>
        <edge id="right">
            <lane id="right_0">
                <vehicle id="cfm_slow_1" pos="33.09" speed="34.00"/>
            </lane>
        </edge>
        <edge id="top">
            <lane id="top_0">
                <vehicle id="cfm_slow_2" pos="21.09" speed="34.01"/>
            </lane>
        </edge>
    </timestep>
    <timestep time="2.55">
        <edge id="bottom">
            <lane id="bottom_0">
                <vehicle id="cfm_slow_0" pos="45.43" speed="34.10"/>
            </lane>
        </edge>
        <edge id="left">
            <lane id="left_0">
                <vehicle id="cfm_slow_3" pos="9.43" speed="34.17"/>
                <vehicle id="cfm_slow_4" pos="47.51" speed="34.77"/>
            </lane>
        </edge>
        <edge id="right">
            <lane id="right_0">
                <vehicle id="cfm_slow_1" pos="33.43" speed="34.10"/>
            </lane>
        </edge>
        <edge id="top">
            <lane id="top_0">
                <vehicle id="cfm_slow_2" pos="21.43" speed="34.11"/>
            </lane>
        </edge>
    </timestep>
    <timestep time="2.56">
        <edge id="bottom">
            <lane id="bottom_0">
                <vehicle id="cfm_slow_0" pos="45.77" speed="34.20"/>
            </lane>
        </edge>
        <edge id="left">
            <lane id="left_0">
                <vehicle id="cfm_slow_3" pos="9.78" speed="34.27"/>
                <vehicle id="cfm_slow_4" pos="47.86" speed="34.91"/>
            </lane>
        </edge>
        <edge id="right">
            <lane id="right_0">
                <vehicle id="cfm_slow_1" pos="33.77" speed="34.20"/>
            </lane>
        </edge>
        <edge id="top">
            <lane id="top_0">
                <vehicle id="cfm_slow_2" pos="21.77" speed="34.21"/>
            </lane>
        </edge>
    </timestep>
    <timestep time="2.57">
        <edge id="bottom">
            <lane id="bottom_0">
                <vehicle id="cfm_slow_0" pos="46.11" speed="34.30"/>
            </lane>
        </edge>
        <edge id="left">
            <lane id="left_0">
                <vehicle id="cfm_slow_3" pos="10.12" speed="34.38"/>
                <vehicle id="cfm_slow_4" pos="48.21" speed="35.05"/>
            </lane>
        </edge>
        <edge id="right">
            <lane id="right_0">
                <vehicle id="cfm_slow_1" pos="34.11" speed="34.30"/>
            </lane>
        </edge>
        <edge id="top">
            <lane id="top_0">
                <vehicle id="cfm_slow_2" pos="22.11" speed="34.31"/>
            </lane>
        </edge>
    </timestep>
    <timestep time="2.58">
        <edge id="bottom">
            <lane id="bottom_0">
                <vehicle id="cfm_slow_0" pos="46.46" speed="34.40"/>
            </lane>
        </edge>
        <edge id="left">
            <lane id="left_0">
                <vehicle id="cfm_slow_3" pos="10.46" speed="34.48"/>
                <vehicle id="cfm_slow_4" pos="48.56" speed="35.18"/>
            </lane>
        </edge>
        <edge id="right">
            <lane id="right_0">
                <vehicle id="cfm_slow_1" pos="34.46" speed="34.40"/>
            </lane>
        </edge>
        <edge id="top">
            <lane id="top_0">
                <vehicle id="cfm_slow_2" pos="22.46" speed="34.40"/>
            </lane>
        </edge>
    </timestep>
    <timestep time="2.59">
        <edge id="bottom">
            <lane id="bottom_0">
                <vehicle id="cfm_slow_0" pos="46.80" speed="34.49"/>
            </lane>
        </edge>
        <edge id="left">
            <lane id="left_0">
                <vehicle id="cfm_slow_3" pos="10.81" speed="34.58"/>
                <vehicle id="cfm_slow_4" pos="48.91" speed="35.32"/>
            </lane>
        </edge>
        <edge id="right">
            <lane id="right_0">
                <vehicle id="cfm_slow_1" pos="34.80" speed="34.50"/>
            </lane>
        </edge>
        <edge id="top">
            <lane id="top_0">
                <vehicle id="cfm_slow_2" pos="22.80" speed="34.50"/>
            </lane>
        </edge>
    </timestep>
    <timestep time="2.60">
        <edge id="bottom">
            <lane id="bottom_0">
                <vehicle id="cfm_slow_0" pos="47.15" speed="34.59"/>
            </lane>
        </edge>
        <edge id="left">
            <lane id="left_0">
                <vehicle id="cfm_slow_3" pos="11.16" speed="34.69"/>
                <vehicle id="cfm_slow_4" pos="49.27" speed="35.45"/>
            </lane>
        </edge>
        <edge id="right">
            <lane id="right_0">
                <vehicle id="cfm_slow_1" pos="35.15" speed="34.59"/>
            </lane>
        </edge>
        <edge id="top">
            <lane id="top_0">
                <vehicle id="cfm_slow_2" pos="23.15" speed="34.60"/>
            </lane>
        </edge>
    </timestep>
    <timestep time="2.61">
        <edge id="bottom">
            <lane id="bottom_0">
                <vehicle id="cfm_slow_0" pos="47.49" speed="34.68"/>
            </lane>
        </edge>
        <edge id="left">
            <lane id="left_0">
                <vehicle id="cfm_slow_3" pos="11.50" speed="34.79"/>
                <vehicle id="cfm_slow_4" pos="49.62" speed="35.59"/>
            </lane>
        </edge>
        <edge id="right">
            <lane id="right_0">
                <vehicle id="cfm_slow_1" pos="35.49" speed="34.69"/>
            </lane>
        </edge>
        <edge id="top">
            <lane id="top_0">
                <vehicle id="cfm_slow_2" pos="23.49" speed="34.69"/>
            </lane>
        </edge>
    </timestep>
    <timestep time="2.62">
        <edge id="bottom">
            <lane id="bottom_0">
                <vehicle id="cfm_slow_0" pos="47.84" speed="34.78"/>
            </lane>
        </edge>
        <edge id="left">
            <lane id="left_0">
                <vehicle id="cfm_slow_3" pos="11.85" speed="34.89"/>
                <vehicle id="cfm_slow_4" pos="49.98" speed="35.73"/>
            </lane>
        </edge>
        <edge id="right">
            <lane id="right_0">
                <vehicle id="cfm_slow_1" pos="35.84" speed="34.78"/>
            </lane>
        </edge>
        <edge id="top">
            <lane id="top_0">
                <vehicle id="cfm_slow_2" pos="23.84" speed="34.79"/>
            </lane>
        </edge>
    </timestep>
    <timestep time="2.63">
        <edge id="bottom">
            <lane id="bottom_0">
                <vehicle id="cfm_slow_4" pos="0.34" speed="35.86"/>
                <vehicle id="cfm_slow_0" pos="48.19" speed="34.87"/>
            </lane>
        </edge>
        <edge id="left">
            <lane id="left_0">
                <vehicle id="cfm_slow_3" pos="12.20" speed="34.99"/>
            </lane>
        </edge>
        <edge id="right">
            <lane id="right_0">
                <vehicle id="cfm_slow_1" pos="36.19" speed="34.87"/>
            </lane>
        </edge>
        <edge id="top">
            <lane id="top_0">
                <vehicle id="cfm_slow_2" pos="24.19" speed="34.88"/>
            </lane>
        </edge>
    </timestep>
    <timestep time="2.64">
        <edge id="bottom">
            <lane id="bottom_0">
                <vehicle id="cfm_slow_4" pos="0.70" speed="36.00"/>
                <vehicle id="cfm_slow_0" pos="48.54" speed="34.96"/>
            </lane>
        </edge>
        <edge id="left">
            <lane id="left_0">
                <vehicle id="cfm_slow_3" pos="12.55" speed="35.09"/>
            </lane>
        </edge>
        <edge id="right">
            <lane id="right_0">
                <vehicle id="cfm_slow_1" pos="36.54" speed="34.96"/>
            </lane>
        </edge>
        <edge id="top">
            <lane id="top_0">
                <vehicle id="cfm_slow_2" pos="24.54" speed="34.98"/>
            </lane>
        </edge>
    </timestep>
    <timestep time="2.65">
        <edge id="bottom">
            <lane id="bottom_0">
                <vehicle id="cfm_slow_4" pos="1.06" speed="36.14"/>
                <vehicle id="cfm_slow_0" pos="48.89" speed="35.05"/>
            </lane>
        </edge>
        <edge id="left">
            <lane id="left_0">
                <vehicle id="cfm_slow_3" pos="12.91" speed="35.19"/>
            </lane>
        </edge>
        <edge id="right">
            <lane id="right_0">
                <vehicle id="cfm_slow_1" pos="36.89" speed="35.06"/>
            </lane>
        </edge>
        <edge id="top">
            <lane id="top_0">
                <vehicle id="cfm_slow_2" pos="24.89" speed="35.07"/>
            </lane>
        </edge>
    </timestep>
    <timestep time="2.66">
        <edge id="bottom">
            <lane id="bottom_0">
                <vehicle id="cfm_slow_4" pos="1.42" speed="36.27"/>
                <vehicle id="cfm_slow_0" pos="49.24" speed="35.15"/>
            </lane>
        </edge>
        <edge id="left">
            <lane id="left_0">
                <vehicle id="cfm_slow_3" pos="13.26" speed="35.29"/>
            </lane>
        </edge>
        <edge id="right">
            <lane id="right_0">
                <vehicle id="cfm_slow_1" pos="37.24" speed="35.15"/>
            </lane>
        </edge>
        <edge id="top">
            <lane id="top_0">
                <vehicle id="cfm_slow_2" pos="25.24" speed="35.16"/>
            </lane>
        </edge>
    </timestep>
    <timestep time="2.67">
        <edge id="bottom">
            <lane id="bottom_0">
                <vehicle id="cfm_slow_4" pos="1.79" speed="36.41"/>
                <vehicle id="cfm_slow_0" pos="49.59" speed="35.23"/>
            </lane>
        </edge>
        <edge id="left">
            <lane id="left_0">
                <vehicle id="cfm_slow_3" pos="13.61" speed="35.39"/>
            </lane>
        </edge>
        <edge id="right">
            <lane id="right_0">
                <vehicle id="cfm_slow_1" pos="37.59" speed="35.24"/>
            </lane>
        </edge>
        <edge id="top">
            <lane id="top_0">
                <vehicle id="cfm_slow_2" pos="25.60" speed="35.25"/>
            </lane>
        </edge>
    </timestep>
    <timestep time="2.68">
        <edge id="bottom">
            <lane id="bottom_0">
                <vehicle id="cfm_slow_4" pos="2.15" speed="36.55"/>
                <vehicle id="cfm_slow_0" pos="49.95" speed="35.32"/>
            </lane>
        </edge>
        <edge id="left">
            <lane id="left_0">
                <vehicle id="cfm_slow_3" pos="13.97" speed="35.49"/>
            </lane>
        </edge>
        <edge id="right">
            <lane id="right_0">
                <vehicle id="cfm_slow_1" pos="37.95" speed="35.32"/>
            </lane>
        </edge>
        <edge id="top">
            <lane id="top_0">
                <vehicle id="cfm_slow_2" pos="25.95" speed="35.34"/>
            </lane>
        </edge>
    </timestep>
    <timestep time="2.69">
        <edge id="bottom">
            <lane id="bottom_0">
                <vehicle id="cfm_slow_4" pos="2.52" speed="36.68"/>
            </lane>
        </edge>
        <edge id="left">
            <lane id="left_0">
                <vehicle id="cfm_slow_3" pos="14.32" speed="35.58"/>
            </lane>
        </edge>
        <edge id="right">
            <lane id="right_0">
                <vehicle id="cfm_slow_0" pos="0.30" speed="35.41"/>
                <vehicle id="cfm_slow_1" pos="38.30" speed="35.41"/>
            </lane>
        </edge>
        <edge id="top">
            <lane id="top_0">
                <vehicle id="cfm_slow_2" pos="26.30" speed="35.43"/>
            </lane>
        </edge>
    </timestep>
    <timestep time="2.70">
        <edge id="bottom">
            <lane id="bottom_0">
                <vehicle id="cfm_slow_4" pos="2.89" speed="36.82"/>
            </lane>
        </edge>
        <edge id="left">
            <lane id="left_0">
                <vehicle id="cfm_slow_3" pos="14.68" speed="35.68"/>
            </lane>
        </edge>
        <edge id="right">
            <lane id="right_0">
                <vehicle id="cfm_slow_0" pos="0.66" speed="35.50"/>
                <vehicle id="cfm_slow_1" pos="38.66" speed="35.50"/>
            </lane>
        </edge>
        <edge id="top">
            <lane id="top_0">
                <vehicle id="cfm_slow_2" pos="26.66" speed="35.52"/>
            </lane>
        </edge>
    </timestep>
    <timestep time="2.71">
        <edge id="bottom">
            <lane id="bottom_0">
                <vehicle id="cfm_slow_4" pos="3.26" speed="36.95"/>
            </lane>
        </edge>
        <edge id="left">
            <lane id="left_0">
                <vehicle id="cfm_slow_3" pos="15.04" speed="35.78"/>
            </lane>
        </edge>
        <edge id="right">
            <lane id="right_0">
                <vehicle id="cfm_slow_0" pos="1.01" speed="35.59"/>
                <vehicle id="cfm_slow_1" pos="39.01" speed="35.59"/>
            </lane>
        </edge>
        <edge id="top">
            <lane id="top_0">
                <vehicle id="cfm_slow_2" pos="27.01" speed="35.61"/>
            </lane>
        </edge>
    </timestep>
    <timestep time="2.72">
        <edge id="bottom">
            <lane id="bottom_0">
                <vehicle id="cfm_slow_4" pos="3.63" speed="37.09"/>
            </lane>
        </edge>
        <edge id="left">
            <lane id="left_0">
                <vehicle id="cfm_slow_3" pos="15.40" speed="35.87"/>
            </lane>
        </edge>
        <edge id="right">
            <lane id="right_0">
                <vehicle id="cfm_slow_0" pos="1.37" speed="35.67"/>
                <vehicle id="cfm_slow_1" pos="39.37" speed="35.67"/>
            </lane>
        </edge>
        <edge id="top">
            <lane id="top_0">
                <vehicle id="cfm_slow_2" pos="27.37" speed="35.69"/>
            </lane>
        </edge>
    </timestep>
    <timestep time="2.73">
        <edge id="bottom">
            <lane id="bottom_0">
                <vehicle id="cfm_slow_4" pos="4.00" speed="37.23"/>
            </lane>
        </edge>
        <edge id="left">
            <lane id="left_0">
                <vehicle id="cfm_slow_3" pos="15.76" speed="35.97"/>
            </lane>
        </edge>
        <edge id="right">
            <lane id="right_0">
                <vehicle id="cfm_slow_0" pos="1.73" speed="35.76"/>
                <vehicle id="cfm_slow_1" pos="39.73" speed="35.76"/>
            </lane>
        </edge>
        <edge id="top">
            <lane id="top_0">
                <vehicle id="cfm_slow_2" pos="27.73" speed="35.78"/>
            </lane>
        </edge>
    </timestep>
    <timestep time="2.74">
        <edge id="bottom">
            <lane id="bottom_0">
                <vehicle id="cfm_slow_4" pos="4.38" speed="37.36"/>
            </lane>
        </edge>
        <edge id="left">
            <lane id="left_0">
                <vehicle id="cfm_slow_3" pos="16.12" speed="36.07"/>
            </lane>
        </edge>
        <edge id="right">
            <lane id="right_0">
                <vehicle id="cfm_slow_0" pos="2.08" speed="35.84"/>
                <vehicle id="cfm_slow_1" pos="40.09" speed="35.84"/>
            </lane>
        </edge>
        <edge id="top">
            <lane id="top_0">
                <vehicle id="cfm_slow_2" pos="28.09" speed="35.87"/>
            </lane>
        </edge>
    </timestep>
    <timestep time="2.75">
        <edge id="bottom">
            <lane id="bottom_0">
                <vehicle id="cfm_slow_4" pos="4.75" speed="37.50"/>
            </lane>
        </edge>
        <edge id="left">
            <lane id="left_0">
                <vehicle id="cfm_slow_3" pos="16.48" speed="36.16"/>
            </lane>
        </edge>
        <edge id="right">
            <lane id="right_0">
                <vehicle id="cfm_slow_0" pos="2.44" speed="35.92"/>
                <vehicle id="cfm_slow_1" pos="40.44" speed="35.93"/>
            </lane>
        </edge>
        <edge id="top">
            <lane id="top_0">
                <vehicle id="cfm_slow_2" pos="28.45" speed="35.95"/>
            </lane>
        </edge>
    </timestep>
    <timestep time="2.76">
        <edge id="bottom">
            <lane id="bottom_0">
                <vehicle id="cfm_slow_4" pos="5.13" speed="37.64"/>
            </lane>
        </edge>
        <edge id="left">
            <lane id="left_0">
                <vehicle id="cfm_slow_3" pos="16.84" speed="36.26"/>
            </lane>
        </edge>
        <edge id="right">
            <lane id="right_0">
                <vehicle id="cfm_slow_0" pos="2.80" speed="36.01"/>
                <vehicle id="cfm_slow_1" pos="40.80" speed="36.01"/>
            </lane>
        </edge>
        <edge id="top">
            <lane id="top_0">
                <vehicle id="cfm_slow_2" pos="28.81" speed="36.03"/>
            </lane>
        </edge>
    </timestep>
    <timestep time="2.77">
        <edge id="bottom">
            <lane id="bottom_0">
                <vehicle id="cfm_slow_4" pos="5.50" speed="37.77"/>
            </lane>
        </edge>
        <edge id="left">
            <lane id="left_0">
                <vehicle id="cfm_slow_3" pos="17.21" speed="36.35"/>
            </lane>
        </edge>
        <edge id="right">
            <lane id="right_0">
                <vehicle id="cfm_slow_0" pos="3.17" speed="36.09"/>
                <vehicle id="cfm_slow_1" pos="41.17" speed="36.09"/>
            </lane>
        </edge>
        <edge id="top">
            <lane id="top_0">
                <vehicle id="cfm_slow_2" pos="29.17" speed="36.12"/>
            </lane>
        </edge>
    </timestep>
    <timestep time="2.78">
        <edge id="bottom">
            <lane id="bottom_0">
                <vehicle id="cfm_slow_4" pos="5.88" speed="37.91"/>
            </lane>
        </edge>
        <edge id="left">
            <lane id="left_0">
                <vehicle id="cfm_slow_3" pos="17.57" speed="36.45"/>
            </lane>
        </edge>
        <edge id="right">
            <lane id="right_0">
                <vehicle id="cfm_slow_0" pos="3.53" speed="36.17"/>
                <vehicle id="cfm_slow_1" pos="41.53" speed="36.17"/>
            </lane>
        </edge>
        <edge id="top">
            <lane id="top_0">
                <vehicle id="cfm_slow_2" pos="29.53" speed="36.20"/>
            </lane>
        </edge>
    </timestep>
    <timestep time="2.79">
        <edge id="bottom">
            <lane id="bottom_0">
                <vehicle id="cfm_slow_4" pos="6.26" speed="38.05"/>
            </lane>
        </edge>
        <edge id="left">
            <lane id="left_0">
                <vehicle id="cfm_slow_3" pos="17.94" speed="36.54"/>
            </lane>
        </edge>
        <edge id="right">
            <lane id="right_0">
                <vehicle id="cfm_slow_0" pos="3.89" speed="36.25"/>
                <vehicle id="cfm_slow_1" pos="41.89" speed="36.25"/>
            </lane>
        </edge>
        <edge id="top">
            <lane id="top_0">
                <vehicle id="cfm_slow_2" pos="29.89" speed="36.28"/>
            </lane>
        </edge>
    </timestep>
    <timestep time="2.80">
        <edge id="bottom">
            <lane id="bottom_0">
                <vehicle id="cfm_slow_4" pos="6.65" speed="38.18"/>
            </lane>
        </edge>
        <edge id="left">
            <lane id="left_0">
                <vehicle id="cfm_slow_3" pos="18.30" speed="36.63"/>
            </lane>
        </edge>
        <edge id="right">
            <lane id="right_0">
                <vehicle id="cfm_slow_0" pos="4.25" speed="36.33"/>
                <vehicle id="cfm_slow_1" pos="42.25" speed="36.33"/>
            </lane>
        </edge>
        <edge id="top">
            <lane id="top_0">
                <vehicle id="cfm_slow_2" pos="30.26" speed="36.37"/>
            </lane>
        </edge>
    </timestep>
    <timestep time="2.81">
        <edge id="bottom">
            <lane id="bottom_0">
                <vehicle id="cfm_slow_4" pos="7.03" speed="38.31"/>
            </lane>
        </edge>
        <edge id="left">
            <lane id="left_0">
                <vehicle id="cfm_slow_3" pos="18.67" speed="36.73"/>
            </lane>
        </edge>
        <edge id="right">
            <lane id="right_0">
                <vehicle id="cfm_slow_0" pos="4.62" speed="36.41"/>
                <vehicle id="cfm_slow_1" pos="42.62" speed="36.41"/>
            </lane>
        </edge>
        <edge id="top">
            <lane id="top_0">
                <vehicle id="cfm_slow_2" pos="30.62" speed="36.45"/>
            </lane>
        </edge>
    </timestep>
    <timestep time="2.82">
        <edge id="bottom">
            <lane id="bottom_0">
                <vehicle id="cfm_slow_4" pos="7.41" speed="38.44"/>
            </lane>
        </edge>
        <edge id="left">
            <lane id="left_0">
                <vehicle id="cfm_slow_3" pos="19.04" speed="36.82"/>
            </lane>
        </edge>
        <edge id="right">
            <lane id="right_0">
                <vehicle id="cfm_slow_0" pos="4.98" speed="36.49"/>
                <vehicle id="cfm_slow_1" pos="42.98" speed="36.49"/>
            </lane>
        </edge>
        <edge id="top">
            <lane id="top_0">
                <vehicle id="cfm_slow_2" pos="30.99" speed="36.53"/>
            </lane>
        </edge>
    </timestep>
    <timestep time="2.83">
        <edge id="bottom">
            <lane id="bottom_0">
                <vehicle id="cfm_slow_4" pos="7.80" speed="38.57"/>
            </lane>
        </edge>
        <edge id="left">
            <lane id="left_0">
                <vehicle id="cfm_slow_3" pos="19.41" speed="36.91"/>
            </lane>
        </edge>
        <edge id="right">
            <lane id="right_0">
                <vehicle id="cfm_slow_0" pos="5.35" speed="36.56"/>
                <vehicle id="cfm_slow_1" pos="43.35" speed="36.57"/>
            </lane>
        </edge>
        <edge id="top">
            <lane id="top_0">
                <vehicle id="cfm_slow_2" pos="31.35" speed="36.61"/>
            </lane>
        </edge>
    </timestep>
    <timestep time="2.84">
        <edge id="bottom">
            <lane id="bottom_0">
                <vehicle id="cfm_slow_4" pos="8.19" speed="38.70"/>
            </lane>
        </edge>
        <edge id="left">
            <lane id="left_0">
                <vehicle id="cfm_slow_3" pos="19.78" speed="37.00"/>
            </lane>
        </edge>
        <edge id="right">
            <lane id="right_0">
                <vehicle id="cfm_slow_0" pos="5.71" speed="36.64"/>
                <vehicle id="cfm_slow_1" pos="43.71" speed="36.64"/>
            </lane>
        </edge>
        <edge id="top">
            <lane id="top_0">
                <vehicle id="cfm_slow_2" pos="31.72" speed="36.69"/>
            </lane>
        </edge>
    </timestep>
    <timestep time="2.85">
        <edge id="bottom">
            <lane id="bottom_0">
                <vehicle id="cfm_slow_4" pos="8.57" speed="38.82"/>
            </lane>
        </edge>
        <edge id="left">
            <lane id="left_0">
                <vehicle id="cfm_slow_3" pos="20.15" speed="37.10"/>
            </lane>
        </edge>
        <edge id="right">
            <lane id="right_0">
                <vehicle id="cfm_slow_0" pos="6.08" speed="36.72"/>
                <vehicle id="cfm_slow_1" pos="44.08" speed="36.72"/>
            </lane>
        </edge>
        <edge id="top">
            <lane id="top_0">
                <vehicle id="cfm_slow_2" pos="32.09" speed="36.77"/>
            </lane>
        </edge>
    </timestep>
    <timestep time="2.86">
        <edge id="bottom">
            <lane id="bottom_0">
                <vehicle id="cfm_slow_4" pos="8.96" speed="38.95"/>
            </lane>
        </edge>
        <edge id="left">
            <lane id="left_0">
                <vehicle id="cfm_slow_3" pos="20.52" speed="37.19"/>
            </lane>
        </edge>
        <edge id="right">
            <lane id="right_0">
                <vehicle id="cfm_slow_0" pos="6.45" speed="36.79"/>
                <vehicle id="cfm_slow_1" pos="44.45" speed="36.80"/>
            </lane>
        </edge>
        <edge id="top">
            <lane id="top_0">
                <vehicle id="cfm_slow_2" pos="32.46" speed="36.85"/>
            </lane>
        </edge>
    </timestep>
    <timestep time="2.87">
        <edge id="bottom">
            <lane id="bottom_0">
                <vehicle id="cfm_slow_4" pos="9.35" speed="39.07"/>
            </lane>
        </edge>
        <edge id="left">
            <lane id="left_0">
                <vehicle id="cfm_slow_3" pos="20.89" speed="37.28"/>
            </lane>
        </edge>
        <edge id="right">
            <lane id="right_0">
                <vehicle id="cfm_slow_0" pos="6.82" speed="36.87"/>
                <vehicle id="cfm_slow_1" pos="44.82" speed="36.87"/>
            </lane>
        </edge>
        <edge id="top">
            <lane id="top_0">
                <vehicle id="cfm_slow_2" pos="32.83" speed="36.92"/>
            </lane>
        </edge>
    </timestep>
    <timestep time="2.88">
        <edge id="bottom">
            <lane id="bottom_0">
                <vehicle id="cfm_slow_4" pos="9.75" speed="39.19"/>
            </lane>
        </edge>
        <edge id="left">
            <lane id="left_0">
                <vehicle id="cfm_slow_3" pos="21.27" speed="37.37"/>
            </lane>
        </edge>
        <edge id="right">
            <lane id="right_0">
                <vehicle id="cfm_slow_0" pos="7.19" speed="36.94"/>
                <vehicle id="cfm_slow_1" pos="45.19" speed="36.95"/>
            </lane>
        </edge>
        <edge id="top">
            <lane id="top_0">
                <vehicle id="cfm_slow_2" pos="33.20" speed="37.00"/>
            </lane>
        </edge>
    </timestep>
    <timestep time="2.89">
        <edge id="bottom">
            <lane id="bottom_0">
                <vehicle id="cfm_slow_4" pos="10.14" speed="39.31"/>
            </lane>
        </edge>
        <edge id="left">
            <lane id="left_0">
                <vehicle id="cfm_slow_3" pos="21.64" speed="37.46"/>
            </lane>
        </edge>
        <edge id="right">
            <lane id="right_0">
                <vehicle id="cfm_slow_0" pos="7.56" speed="37.01"/>
                <vehicle id="cfm_slow_1" pos="45.56" speed="37.02"/>
            </lane>
        </edge>
        <edge id="top">
            <lane id="top_0">
                <vehicle id="cfm_slow_2" pos="33.57" speed="37.08"/>
            </lane>
        </edge>
    </timestep>
    <timestep time="2.90">
        <edge id="bottom">
            <lane id="bottom_0">
                <vehicle id="cfm_slow_4" pos="10.53" speed="39.42"/>
            </lane>
        </edge>
        <edge id="left">
            <lane id="left_0">
                <vehicle id="cfm_slow_3" pos="22.02" speed="37.55"/>
            </lane>
        </edge>
        <edge id="right">
            <lane id="right_0">
                <vehicle id="cfm_slow_0" pos="7.93" speed="37.09"/>
                <vehicle id="cfm_slow_1" pos="45.93" speed="37.09"/>
            </lane>
        </edge>
        <edge id="top">
            <lane id="top_0">
                <vehicle id="cfm_slow_2" pos="33.94" speed="37.15"/>
            </lane>
        </edge>
    </timestep>
    <timestep time="2.91">
        <edge id="bottom">
            <lane id="bottom_0">
                <vehicle id="cfm_slow_4" pos="10.93" speed="39.54"/>
            </lane>
        </edge>
        <edge id="left">
            <lane id="left_0">
                <vehicle id="cfm_slow_3" pos="22.39" speed="37.64"/>
            </lane>
        </edge>
        <edge id="right">
            <lane id="right_0">
                <vehicle id="cfm_slow_0" pos="8.30" speed="37.16"/>
                <vehicle id="cfm_slow_1" pos="46.30" speed="37.17"/>
            </lane>
        </edge>
        <edge id="top">
            <lane id="top_0">
                <vehicle id="cfm_slow_2" pos="34.31" speed="37.23"/>
            </lane>
        </edge>
    </timestep>
    <timestep time="2.92">
        <edge id="bottom">
            <lane id="bottom_0">
                <vehicle id="cfm_slow_4" pos="11.33" speed="39.65"/>
            </lane>
        </edge>
        <edge id="left">
            <lane id="left_0">
                <vehicle id="cfm_slow_3" pos="22.77" speed="37.73"/>
            </lane>
        </edge>
        <edge id="right">
            <lane id="right_0">
                <vehicle id="cfm_slow_0" pos="8.67" speed="37.23"/>
                <vehicle id="cfm_slow_1" pos="46.67" speed="37.24"/>
            </lane>
        </edge>
        <edge id="top">
            <lane id="top_0">
                <vehicle id="cfm_slow_2" pos="34.68" speed="37.30"/>
            </lane>
        </edge>
    </timestep>
    <timestep time="2.93">
        <edge id="bottom">
            <lane id="bottom_0">
                <vehicle id="cfm_slow_4" pos="11.72" speed="39.76"/>
            </lane>
        </edge>
        <edge id="left">
            <lane id="left_0">
                <vehicle id="cfm_slow_3" pos="23.15" speed="37.82"/>
            </lane>
        </edge>
        <edge id="right">
            <lane id="right_0">
                <vehicle id="cfm_slow_0" pos="9.04" speed="37.30"/>
                <vehicle id="cfm_slow_1" pos="47.05" speed="37.31"/>
            </lane>
        </edge>
        <edge id="top">
            <lane id="top_0">
                <vehicle id="cfm_slow_2" pos="35.06" speed="37.38"/>
            </lane>
        </edge>
    </timestep>
    <timestep time="2.94">
        <edge id="bottom">
            <lane id="bottom_0">
                <vehicle id="cfm_slow_4" pos="12.12" speed="39.87"/>
            </lane>
        </edge>
        <edge id="left">
            <lane id="left_0">
                <vehicle id="cfm_slow_3" pos="23.53" speed="37.90"/>
            </lane>
        </edge>
        <edge id="right">
            <lane id="right_0">
                <vehicle id="cfm_slow_0" pos="9.42" speed="37.37"/>
                <vehicle id="cfm_slow_1" pos="47.42" speed="37.38"/>
            </lane>
        </edge>
        <edge id="top">
            <lane id="top_0">
                <vehicle id="cfm_slow_2" pos="35.43" speed="37.45"/>
            </lane>
        </edge>
    </timestep>
    <timestep time="2.95">
        <edge id="bottom">
            <lane id="bottom_0">
                <vehicle id="cfm_slow_4" pos="12.52" speed="39.98"/>
            </lane>
        </edge>
        <edge id="left">
            <lane id="left_0">
                <vehicle id="cfm_slow_3" pos="23.91" speed="37.99"/>
            </lane>
        </edge>
        <edge id="right">
            <lane id="right_0">
                <vehicle id="cfm_slow_0" pos="9.79" speed="37.44"/>
                <vehicle id="cfm_slow_1" pos="47.79" speed="37.45"/>
            </lane>
        </edge>
        <edge id="top">
            <lane id="top_0">
                <vehicle id="cfm_slow_2" pos="35.81" speed="37.53"/>
            </lane>
        </edge>
    </timestep>
    <timestep time="2.96">
        <edge id="bottom">
            <lane id="bottom_0">
                <vehicle id="cfm_slow_4" pos="12.92" speed="40.09"/>
            </lane>
        </edge>
        <edge id="left">
            <lane id="left_0">
                <vehicle id="cfm_slow_3" pos="24.29" speed="38.08"/>
            </lane>
        </edge>
        <edge id="right">
            <lane id="right_0">
                <vehicle id="cfm_slow_0" pos="10.17" speed="37.51"/>
                <vehicle id="cfm_slow_1" pos="48.17" speed="37.52"/>
            </lane>
        </edge>
        <edge id="top">
            <lane id="top_0">
                <vehicle id="cfm_slow_2" pos="36.18" speed="37.60"/>
            </lane>
        </edge>
    </timestep>
    <timestep time="2.97">
        <edge id="bottom">
            <lane id="bottom_0">
                <vehicle id="cfm_slow_4" pos="13.32" speed="40.19"/>
            </lane>
        </edge>
        <edge id="left">
            <lane id="left_0">
                <vehicle id="cfm_slow_3" pos="24.67" speed="38.17"/>
            </lane>
        </edge>
        <edge id="right">
            <lane id="right_0">
                <vehicle id="cfm_slow_0" pos="10.54" speed="37.58"/>
                <vehicle id="cfm_slow_1" pos="48.54" speed="37.59"/>
            </lane>
        </edge>
        <edge id="top">
            <lane id="top_0">
                <vehicle id="cfm_slow_2" pos="36.56" speed="37.67"/>
            </lane>
        </edge>
    </timestep>
    <timestep time="2.98">
        <edge id="bottom">
            <lane id="bottom_0">
                <vehicle id="cfm_slow_4" pos="13.73" speed="40.30"/>
            </lane>
        </edge>
        <edge id="left">
            <lane id="left_0">
                <vehicle id="cfm_slow_3" pos="25.05" speed="38.25"/>
            </lane>
        </edge>
        <edge id="right">
            <lane id="right_0">
                <vehicle id="cfm_slow_0" pos="10.92" speed="37.64"/>
                <vehicle id="cfm_slow_1" pos="48.92" speed="37.66"/>
            </lane>
        </edge>
        <edge id="top">
            <lane id="top_0">
                <vehicle id="cfm_slow_2" pos="36.94" speed="37.74"/>
            </lane>
        </edge>
    </timestep>
    <timestep time="2.99">
        <edge id="bottom">
            <lane id="bottom_0">
                <vehicle id="cfm_slow_4" pos="14.13" speed="40.40"/>
            </lane>
        </edge>
        <edge id="left">
            <lane id="left_0">
                <vehicle id="cfm_slow_3" pos="25.43" speed="38.34"/>
            </lane>
        </edge>
        <edge id="right">
            <lane id="right_0">
                <vehicle id="cfm_slow_0" pos="11.30" speed="37.71"/>
                <vehicle id="cfm_slow_1" pos="49.30" speed="37.72"/>
            </lane>
        </edge>
        <edge id="top">
            <lane id="top_0">
                <vehicle id="cfm_slow_2" pos="37.31" speed="37.82"/>
            </lane>
        </edge>
    </timestep>
    <timestep time="3.00">
        <edge id="bottom">
            <lane id="bottom_0">
                <vehicle id="cfm_slow_4" pos="14.54" speed="40.50"/>
            </lane>
        </edge>
        <edge id="left">
            <lane id="left_0">
                <vehicle id="cfm_slow_3" pos="25.82" speed="38.42"/>
            </lane>
        </edge>
        <edge id="right">
            <lane id="right_0">
                <vehicle id="cfm_slow_0" pos="11.67" speed="37.78"/>
                <vehicle id="cfm_slow_1" pos="49.68" speed="37.79"/>
            </lane>
        </edge>
        <edge id="top">
            <lane id="top_0">
                <vehicle id="cfm_slow_2" pos="37.69" speed="37.89"/>
            </lane>
        </edge>
    </timestep>
    <timestep time="3.01">
        <edge id="bottom">
            <lane id="bottom_0">
                <vehicle id="cfm_slow_4" pos="14.94" speed="40.60"/>
            </lane>
        </edge>
        <edge id="left">
            <lane id="left_0">
                <vehicle id="cfm_slow_3" pos="26.20" speed="38.51"/>
            </lane>
        </edge>
        <edge id="right">
            <lane id="right_0">
                <vehicle id="cfm_slow_0" pos="12.05" speed="37.84"/>
            </lane>
        </edge>
        <edge id="top">
            <lane id="top_0">
                <vehicle id="cfm_slow_1" pos="0.06" speed="37.86"/>
                <vehicle id="cfm_slow_2" pos="38.07" speed="37.96"/>
            </lane>
        </edge>
    </timestep>
    <timestep time="3.02">
        <edge id="bottom">
            <lane id="bottom_0">
                <vehicle id="cfm_slow_4" pos="15.35" speed="40.70"/>
            </lane>
        </edge>
        <edge id="left">
            <lane id="left_0">
                <vehicle id="cfm_slow_3" pos="26.59" speed="38.59"/>
            </lane>
        </edge>
        <edge id="right">
            <lane id="right_0">
                <vehicle id="cfm_slow_0" pos="12.43" speed="37.91"/>
            </lane>
        </edge>
        <edge id="top">
            <lane id="top_0">
                <vehicle id="cfm_slow_1" pos="0.43" speed="37.92"/>
                <vehicle id="cfm_slow_2" pos="38.45" speed="38.03"/>
            </lane>
        </edge>
    </timestep>
    <timestep time="3.03">
        <edge id="bottom">
            <lane id="bottom_0">
                <vehicle id="cfm_slow_4" pos="15.76" speed="40.79"/>
            </lane>
        </edge>
        <edge id="left">
            <lane id="left_0">
                <vehicle id="cfm_slow_3" pos="26.98" speed="38.68"/>
            </lane>
        </edge>
        <edge id="right">
            <lane id="right_0">
                <vehicle id="cfm_slow_0" pos="12.81" speed="37.97"/>
            </lane>
        </edge>
        <edge id="top">
            <lane id="top_0">
                <vehicle id="cfm_slow_1" pos="0.81" speed="37.99"/>
                <vehicle id="cfm_slow_2" pos="38.83" speed="38.10"/>
            </lane>
        </edge>
    </timestep>
    <timestep time="3.04">
        <edge id="bottom">
            <lane id="bottom_0">
                <vehicle id="cfm_slow_4" pos="16.17" speed="40.89"/>
            </lane>
        </edge>
        <edge id="left">
            <lane id="left_0">
                <vehicle id="cfm_slow_3" pos="27.36" speed="38.76"/>
            </lane>
        </edge>
        <edge id="right">
            <lane id="right_0">
                <vehicle id="cfm_slow_0" pos="13.19" speed="38.04"/>
            </lane>
        </edge>
        <edge id="top">
            <lane id="top_0">
                <vehicle id="cfm_slow_1" pos="1.19" speed="38.05"/>
                <vehicle id="cfm_slow_2" pos="39.22" speed="38.17"/>
            </lane>
        </edge>
    </timestep>
    <timestep time="3.05">
        <edge id="bottom">
            <lane id="bottom_0">
                <vehicle id="cfm_slow_4" pos="16.58" speed="40.98"/>
            </lane>
        </edge>
        <edge id="left">
            <lane id="left_0">
                <vehicle id="cfm_slow_3" pos="27.75" speed="38.85"/>
            </lane>
        </edge>
        <edge id="right">
            <lane id="right_0">
                <vehicle id="cfm_slow_0" pos="13.57" speed="38.10"/>
            </lane>
        </edge>
        <edge id="top">
            <lane id="top_0">
                <vehicle id="cfm_slow_1" pos="1.58" speed="38.12"/>
                <vehicle id="cfm_slow_2" pos="39.60" speed="38.24"/>
            </lane>
        </edge>
    </timestep>
    <timestep time="3.06">
        <edge id="bottom">
            <lane id="bottom_0">
                <vehicle id="cfm_slow_4" pos="16.99" speed="41.07"/>
            </lane>
        </edge>
        <edge id="left">
            <lane id="left_0">
                <vehicle id="cfm_slow_3" pos="28.14" speed="38.93"/>
            </lane>
        </edge>
        <edge id="right">
            <lane id="right_0">
                <vehicle id="cfm_slow_0" pos="13.95" speed="38.16"/>
            </lane>
        </edge>
        <edge id="top">
            <lane id="top_0">
                <vehicle id="cfm_slow_1" pos="1.96" speed="38.18"/>
                <vehicle id="cfm_slow_2" pos="39.98" speed="38.30"/>
            </lane>
        </edge>
    </timestep>
    <timestep time="3.07">
        <edge id="bottom">
            <lane id="bottom_0">
                <vehicle id="cfm_slow_4" pos="17.40" speed="41.16"/>
            </lane>
        </edge>
        <edge id="left">
            <lane id="left_0">
                <vehicle id="cfm_slow_3" pos="28.53" speed="39.01"/>
            </lane>
        </edge>
        <edge id="right">
            <lane id="right_0">
                <vehicle id="cfm_slow_0" pos="14.34" speed="38.23"/>
            </lane>
        </edge>
        <edge id="top">
            <lane id="top_0">
                <vehicle id="cfm_slow_1" pos="2.34" speed="38.25"/>
                <vehicle id="cfm_slow_2" pos="40.37" speed="38.37"/>
            </lane>
        </edge>
    </timestep>
    <timestep time="3.08">
        <edge id="bottom">
            <lane id="bottom_0">
                <vehicle id="cfm_slow_4" pos="17.81" speed="41.25"/>
            </lane>
        </edge>
        <edge id="left">
            <lane id="left_0">
                <vehicle id="cfm_slow_3" pos="28.92" speed="39.09"/>
            </lane>
        </edge>
        <edge id="right">
            <lane id="right_0">
                <vehicle id="cfm_slow_0" pos="14.72" speed="38.29"/>
            </lane>
        </edge>
        <edge id="top">
            <lane id="top_0">
                <vehicle id="cfm_slow_1" pos="2.72" speed="38.31"/>
                <vehicle id="cfm_slow_2" pos="40.75" speed="38.44"/>
            </lane>
        </edge>
    </timestep>
    <timestep time="3.09">
        <edge id="bottom">
            <lane id="bottom_0">
                <vehicle id="cfm_slow_4" pos="18.22" speed="41.34"/>
            </lane>
        </edge>
        <edge id="left">
            <lane id="left_0">
                <vehicle id="cfm_slow_3" pos="29.31" speed="39.17"/>
            </lane>
        </edge>
        <edge id="right">
            <lane id="right_0">
                <vehicle id="cfm_slow_0" pos="15.10" speed="38.35"/>
            </lane>
        </edge>
        <edge id="top">
            <lane id="top_0">
                <vehicle id="cfm_slow_1" pos="3.11" speed="38.37"/>
                <vehicle id="cfm_slow_2" pos="41.13" speed="38.51"/>
            </lane>
        </edge>
    </timestep>
    <timestep time="3.10">
        <edge id="bottom">
            <lane id="bottom_0">
                <vehicle id="cfm_slow_4" pos="18.64" speed="41.43"/>
            </lane>
        </edge>
        <edge id="left">
            <lane id="left_0">
                <vehicle id="cfm_slow_3" pos="29.71" speed="39.26"/>
            </lane>
        </edge>
        <edge id="right">
            <lane id="right_0">
                <vehicle id="cfm_slow_0" pos="15.49" speed="38.41"/>
            </lane>
        </edge>
        <edge id="top">
            <lane id="top_0">
                <vehicle id="cfm_slow_1" pos="3.49" speed="38.43"/>
                <vehicle id="cfm_slow_2" pos="41.52" speed="38.57"/>
            </lane>
        </edge>
    </timestep>
    <timestep time="3.11">
        <edge id="bottom">
            <lane id="bottom_0">
                <vehicle id="cfm_slow_4" pos="19.05" speed="41.51"/>
            </lane>
        </edge>
        <edge id="left">
            <lane id="left_0">
                <vehicle id="cfm_slow_3" pos="30.10" speed="39.34"/>
            </lane>
        </edge>
        <edge id="right">
            <lane id="right_0">
                <vehicle id="cfm_slow_0" pos="15.87" speed="38.47"/>
            </lane>
        </edge>
        <edge id="top">
            <lane id="top_0">
                <vehicle id="cfm_slow_1" pos="3.88" speed="38.49"/>
                <vehicle id="cfm_slow_2" pos="41.91" speed="38.64"/>
            </lane>
        </edge>
    </timestep>
    <timestep time="3.12">
        <edge id="bottom">
            <lane id="bottom_0">
                <vehicle id="cfm_slow_4" pos="19.47" speed="41.60"/>
            </lane>
        </edge>
        <edge id="left">
            <lane id="left_0">
                <vehicle id="cfm_slow_3" pos="30.49" speed="39.42"/>
            </lane>
        </edge>
        <edge id="right">
            <lane id="right_0">
                <vehicle id="cfm_slow_0" pos="16.26" speed="38.53"/>
            </lane>
        </edge>
        <edge id="top">
            <lane id="top_0">
                <vehicle id="cfm_slow_1" pos="4.26" speed="38.55"/>
                <vehicle id="cfm_slow_2" pos="42.29" speed="38.71"/>
            </lane>
        </edge>
    </timestep>
    <timestep time="3.13">
        <edge id="bottom">
            <lane id="bottom_0">
                <vehicle id="cfm_slow_4" pos="19.89" speed="41.68"/>
            </lane>
        </edge>
        <edge id="left">
            <lane id="left_0">
                <vehicle id="cfm_slow_3" pos="30.89" speed="39.50"/>
            </lane>
        </edge>
        <edge id="right">
            <lane id="right_0">
                <vehicle id="cfm_slow_0" pos="16.64" speed="38.59"/>
            </lane>
        </edge>
        <edge id="top">
            <lane id="top_0">
                <vehicle id="cfm_slow_1" pos="4.65" speed="38.61"/>
                <vehicle id="cfm_slow_2" pos="42.68" speed="38.77"/>
            </lane>
        </edge>
    </timestep>
    <timestep time="3.14">
        <edge id="bottom">
            <lane id="bottom_0">
                <vehicle id="cfm_slow_4" pos="20.30" speed="41.76"/>
            </lane>
        </edge>
        <edge id="left">
            <lane id="left_0">
                <vehicle id="cfm_slow_3" pos="31.29" speed="39.57"/>
            </lane>
        </edge>
        <edge id="right">
            <lane id="right_0">
                <vehicle id="cfm_slow_0" pos="17.03" speed="38.65"/>
            </lane>
        </edge>
        <edge id="top">
            <lane id="top_0">
                <vehicle id="cfm_slow_1" pos="5.03" speed="38.67"/>
                <vehicle id="cfm_slow_2" pos="43.07" speed="38.84"/>
            </lane>
        </edge>
    </timestep>
    <timestep time="3.15">
        <edge id="bottom">
            <lane id="bottom_0">
                <vehicle id="cfm_slow_4" pos="20.72" speed="41.84"/>
            </lane>
        </edge>
        <edge id="left">
            <lane id="left_0">
                <vehicle id="cfm_slow_3" pos="31.68" speed="39.65"/>
            </lane>
        </edge>
        <edge id="right">
            <lane id="right_0">
                <vehicle id="cfm_slow_0" pos="17.42" speed="38.70"/>
            </lane>
        </edge>
        <edge id="top">
            <lane id="top_0">
                <vehicle id="cfm_slow_1" pos="5.42" speed="38.73"/>
                <vehicle id="cfm_slow_2" pos="43.46" speed="38.90"/>
            </lane>
        </edge>
    </timestep>
    <timestep time="3.16">
        <edge id="bottom">
            <lane id="bottom_0">
                <vehicle id="cfm_slow_4" pos="21.14" speed="41.92"/>
            </lane>
        </edge>
        <edge id="left">
            <lane id="left_0">
                <vehicle id="cfm_slow_3" pos="32.08" speed="39.73"/>
            </lane>
        </edge>
        <edge id="right">
            <lane id="right_0">
                <vehicle id="cfm_slow_0" pos="17.80" speed="38.76"/>
            </lane>
        </edge>
        <edge id="top">
            <lane id="top_0">
                <vehicle id="cfm_slow_1" pos="5.81" speed="38.79"/>
                <vehicle id="cfm_slow_2" pos="43.85" speed="38.97"/>
            </lane>
        </edge>
    </timestep>
    <timestep time="3.17">
        <edge id="bottom">
            <lane id="bottom_0">
                <vehicle id="cfm_slow_4" pos="21.56" speed="42.00"/>
            </lane>
        </edge>
        <edge id="left">
            <lane id="left_0">
                <vehicle id="cfm_slow_3" pos="32.48" speed="39.81"/>
            </lane>
        </edge>
        <edge id="right">
            <lane id="right_0">
                <vehicle id="cfm_slow_0" pos="18.19" speed="38.82"/>
            </lane>
        </edge>
        <edge id="top">
            <lane id="top_0">
                <vehicle id="cfm_slow_1" pos="6.20" speed="38.85"/>
                <vehicle id="cfm_slow_2" pos="44.24" speed="39.03"/>
            </lane>
        </edge>
    </timestep>
    <timestep time="3.18">
        <edge id="bottom">
            <lane id="bottom_0">
                <vehicle id="cfm_slow_4" pos="21.98" speed="42.08"/>
            </lane>
        </edge>
        <edge id="left">
            <lane id="left_0">
                <vehicle id="cfm_slow_3" pos="32.88" speed="39.89"/>
            </lane>
        </edge>
        <edge id="right">
            <lane id="right_0">
                <vehicle id="cfm_slow_0" pos="18.58" speed="38.88"/>
            </lane>
        </edge>
        <edge id="top">
            <lane id="top_0">
                <vehicle id="cfm_slow_1" pos="6.59" speed="38.91"/>
                <vehicle id="cfm_slow_2" pos="44.63" speed="39.09"/>
            </lane>
        </edge>
    </timestep>
    <timestep time="3.19">
        <edge id="bottom">
            <lane id="bottom_0">
                <vehicle id="cfm_slow_4" pos="22.40" speed="42.15"/>
            </lane>
        </edge>
        <edge id="left">
            <lane id="left_0">
                <vehicle id="cfm_slow_3" pos="33.28" speed="39.96"/>
            </lane>
        </edge>
        <edge id="right">
            <lane id="right_0">
                <vehicle id="cfm_slow_0" pos="18.97" speed="38.93"/>
            </lane>
        </edge>
        <edge id="top">
            <lane id="top_0">
                <vehicle id="cfm_slow_1" pos="6.98" speed="38.97"/>
                <vehicle id="cfm_slow_2" pos="45.02" speed="39.16"/>
            </lane>
        </edge>
    </timestep>
    <timestep time="3.20">
        <edge id="bottom">
            <lane id="bottom_0">
                <vehicle id="cfm_slow_4" pos="22.83" speed="42.23"/>
            </lane>
        </edge>
        <edge id="left">
            <lane id="left_0">
                <vehicle id="cfm_slow_3" pos="33.68" speed="40.04"/>
            </lane>
        </edge>
        <edge id="right">
            <lane id="right_0">
                <vehicle id="cfm_slow_0" pos="19.36" speed="38.99"/>
            </lane>
        </edge>
        <edge id="top">
            <lane id="top_0">
                <vehicle id="cfm_slow_1" pos="7.37" speed="39.02"/>
                <vehicle id="cfm_slow_2" pos="45.41" speed="39.22"/>
            </lane>
        </edge>
    </timestep>
    <timestep time="3.21">
        <edge id="bottom">
            <lane id="bottom_0">
                <vehicle id="cfm_slow_4" pos="23.25" speed="42.30"/>
            </lane>
        </edge>
        <edge id="left">
            <lane id="left_0">
                <vehicle id="cfm_slow_3" pos="34.08" speed="40.11"/>
            </lane>
        </edge>
        <edge id="right">
            <lane id="right_0">
                <vehicle id="cfm_slow_0" pos="19.75" speed="39.04"/>
            </lane>
        </edge>
        <edge id="top">
            <lane id="top_0">
                <vehicle id="cfm_slow_1" pos="7.76" speed="39.08"/>
                <vehicle id="cfm_slow_2" pos="45.81" speed="39.28"/>
            </lane>
        </edge>
    </timestep>
    <timestep time="3.22">
        <edge id="bottom">
            <lane id="bottom_0">
                <vehicle id="cfm_slow_4" pos="23.67" speed="42.37"/>
            </lane>
        </edge>
        <edge id="left">
            <lane id="left_0">
                <vehicle id="cfm_slow_3" pos="34.48" speed="40.19"/>
            </lane>
        </edge>
        <edge id="right">
            <lane id="right_0">
                <vehicle id="cfm_slow_0" pos="20.14" speed="39.10"/>
            </lane>
        </edge>
        <edge id="top">
            <lane id="top_0">
                <vehicle id="cfm_slow_1" pos="8.15" speed="39.14"/>
                <vehicle id="cfm_slow_2" pos="46.20" speed="39.34"/>
            </lane>
        </edge>
    </timestep>
    <timestep time="3.23">
        <edge id="bottom">
            <lane id="bottom_0">
                <vehicle id="cfm_slow_4" pos="24.10" speed="42.44"/>
            </lane>
        </edge>
        <edge id="left">
            <lane id="left_0">
                <vehicle id="cfm_slow_3" pos="34.88" speed="40.26"/>
            </lane>
        </edge>
        <edge id="right">
            <lane id="right_0">
                <vehicle id="cfm_slow_0" pos="20.53" speed="39.15"/>
            </lane>
        </edge>
        <edge id="top">
            <lane id="top_0">
                <vehicle id="cfm_slow_1" pos="8.54" speed="39.19"/>
                <vehicle id="cfm_slow_2" pos="46.59" speed="39.40"/>
            </lane>
        </edge>
    </timestep>
    <timestep time="3.24">
        <edge id="bottom">
            <lane id="bottom_0">
                <vehicle id="cfm_slow_4" pos="24.52" speed="42.51"/>
            </lane>
        </edge>
        <edge id="left">
            <lane id="left_0">
                <vehicle id="cfm_slow_3" pos="35.29" speed="40.34"/>
            </lane>
        </edge>
        <edge id="right">
            <lane id="right_0">
                <vehicle id="cfm_slow_0" pos="20.93" speed="39.20"/>
            </lane>
        </edge>
        <edge id="top">
            <lane id="top_0">
                <vehicle id="cfm_slow_1" pos="8.93" speed="39.25"/>
                <vehicle id="cfm_slow_2" pos="46.99" speed="39.47"/>
            </lane>
        </edge>
    </timestep>
    <timestep time="3.25">
        <edge id="bottom">
            <lane id="bottom_0">
                <vehicle id="cfm_slow_4" pos="24.95" speed="42.58"/>
            </lane>
        </edge>
        <edge id="left">
            <lane id="left_0">
                <vehicle id="cfm_slow_3" pos="35.69" speed="40.41"/>
            </lane>
        </edge>
        <edge id="right">
            <lane id="right_0">
                <vehicle id="cfm_slow_0" pos="21.32" speed="39.26"/>
            </lane>
        </edge>
        <edge id="top">
            <lane id="top_0">
                <vehicle id="cfm_slow_1" pos="9.33" speed="39.30"/>
                <vehicle id="cfm_slow_2" pos="47.38" speed="39.53"/>
            </lane>
        </edge>
    </timestep>
    <timestep time="3.26">
        <edge id="bottom">
            <lane id="bottom_0">
                <vehicle id="cfm_slow_4" pos="25.37" speed="42.65"/>
            </lane>
        </edge>
        <edge id="left">
            <lane id="left_0">
                <vehicle id="cfm_slow_3" pos="36.09" speed="40.48"/>
            </lane>
        </edge>
        <edge id="right">
            <lane id="right_0">
                <vehicle id="cfm_slow_0" pos="21.71" speed="39.31"/>
            </lane>
        </edge>
        <edge id="top">
            <lane id="top_0">
                <vehicle id="cfm_slow_1" pos="9.72" speed="39.36"/>
                <vehicle id="cfm_slow_2" pos="47.78" speed="39.59"/>
            </lane>
        </edge>
    </timestep>
    <timestep time="3.27">
        <edge id="bottom">
            <lane id="bottom_0">
                <vehicle id="cfm_slow_4" pos="25.80" speed="42.72"/>
            </lane>
        </edge>
        <edge id="left">
            <lane id="left_0">
                <vehicle id="cfm_slow_3" pos="36.50" speed="40.56"/>
            </lane>
        </edge>
        <edge id="right">
            <lane id="right_0">
                <vehicle id="cfm_slow_0" pos="22.11" speed="39.36"/>
            </lane>
        </edge>
        <edge id="top">
            <lane id="top_0">
                <vehicle id="cfm_slow_1" pos="10.11" speed="39.41"/>
                <vehicle id="cfm_slow_2" pos="48.18" speed="39.65"/>
            </lane>
        </edge>
    </timestep>
    <timestep time="3.28">
        <edge id="bottom">
            <lane id="bottom_0">
                <vehicle id="cfm_slow_4" pos="26.23" speed="42.78"/>
            </lane>
        </edge>
        <edge id="left">
            <lane id="left_0">
                <vehicle id="cfm_slow_3" pos="36.91" speed="40.63"/>
            </lane>
        </edge>
        <edge id="right">
            <lane id="right_0">
                <vehicle id="cfm_slow_0" pos="22.50" speed="39.41"/>
            </lane>
        </edge>
        <edge id="top">
            <lane id="top_0">
                <vehicle id="cfm_slow_1" pos="10.51" speed="39.46"/>
                <vehicle id="cfm_slow_2" pos="48.57" speed="39.71"/>
            </lane>
        </edge>
    </timestep>
    <timestep time="3.29">
        <edge id="bottom">
            <lane id="bottom_0">
                <vehicle id="cfm_slow_4" pos="26.66" speed="42.85"/>
            </lane>
        </edge>
        <edge id="left">
            <lane id="left_0">
                <vehicle id="cfm_slow_3" pos="37.31" speed="40.70"/>
            </lane>
        </edge>
        <edge id="right">
            <lane id="right_0">
                <vehicle id="cfm_slow_0" pos="22.89" speed="39.47"/>
            </lane>
        </edge>
        <edge id="top">
            <lane id="top_0">
                <vehicle id="cfm_slow_1" pos="10.90" speed="39.52"/>
                <vehicle id="cfm_slow_2" pos="48.97" speed="39.77"/>
            </lane>
        </edge>
    </timestep>
    <timestep time="3.30">
        <edge id="bottom">
            <lane id="bottom_0">
                <vehicle id="cfm_slow_4" pos="27.09" speed="42.91"/>
            </lane>
        </edge>
        <edge id="left">
            <lane id="left_0">
                <vehicle id="cfm_slow_3" pos="37.72" speed="40.77"/>
            </lane>
        </edge>
        <edge id="right">
            <lane id="right_0">
                <vehicle id="cfm_slow_0" pos="23.29" speed="39.52"/>
            </lane>
        </edge>
        <edge id="top">
            <lane id="top_0">
                <vehicle id="cfm_slow_1" pos="11.30" speed="39.57"/>
                <vehicle id="cfm_slow_2" pos="49.37" speed="39.83"/>
            </lane>
        </edge>
    </timestep>
    <timestep time="3.31">
        <edge id="bottom">
            <lane id="bottom_0">
                <vehicle id="cfm_slow_4" pos="27.52" speed="42.97"/>
            </lane>
        </edge>
        <edge id="left">
            <lane id="left_0">
                <vehicle id="cfm_slow_3" pos="38.13" speed="40.84"/>
            </lane>
        </edge>
        <edge id="right">
            <lane id="right_0">
                <vehicle id="cfm_slow_0" pos="23.68" speed="39.57"/>
            </lane>
        </edge>
        <edge id="top">
            <lane id="top_0">
                <vehicle id="cfm_slow_1" pos="11.70" speed="39.62"/>
                <vehicle id="cfm_slow_2" pos="49.77" speed="39.89"/>
            </lane>
        </edge>
    </timestep>
    <timestep time="3.32">
        <edge id="bottom">
            <lane id="bottom_0">
                <vehicle id="cfm_slow_4" pos="27.95" speed="43.04"/>
            </lane>
        </edge>
        <edge id="left">
            <lane id="left_0">
                <vehicle id="cfm_slow_2" pos="0.17" speed="39.94"/>
                <vehicle id="cfm_slow_3" pos="38.54" speed="40.91"/>
            </lane>
        </edge>
        <edge id="right">
            <lane id="right_0">
                <vehicle id="cfm_slow_0" pos="24.08" speed="39.62"/>
            </lane>
        </edge>
        <edge id="top">
            <lane id="top_0">
                <vehicle id="cfm_slow_1" pos="12.09" speed="39.67"/>
            </lane>
        </edge>
    </timestep>
    <timestep time="3.33">
        <edge id="bottom">
            <lane id="bottom_0">
                <vehicle id="cfm_slow_4" pos="28.38" speed="43.10"/>
            </lane>
        </edge>
        <edge id="left">
            <lane id="left_0">
                <vehicle id="cfm_slow_2" pos="0.57" speed="40.00"/>
                <vehicle id="cfm_slow_3" pos="38.95" speed="40.98"/>
            </lane>
        </edge>
        <edge id="right">
            <lane id="right_0">
                <vehicle id="cfm_slow_0" pos="24.48" speed="39.67"/>
            </lane>
        </edge>
        <edge id="top">
            <lane id="top_0">
                <vehicle id="cfm_slow_1" pos="12.49" speed="39.72"/>
            </lane>
        </edge>
    </timestep>
    <timestep time="3.34">
        <edge id="bottom">
            <lane id="bottom_0">
                <vehicle id="cfm_slow_4" pos="28.81" speed="43.16"/>
            </lane>
        </edge>
        <edge id="left">
            <lane id="left_0">
                <vehicle id="cfm_slow_2" pos="0.97" speed="40.06"/>
                <vehicle id="cfm_slow_3" pos="39.36" speed="41.05"/>
            </lane>
        </edge>
        <edge id="right">
            <lane id="right_0">
                <vehicle id="cfm_slow_0" pos="24.87" speed="39.72"/>
            </lane>
        </edge>
        <edge id="top">
            <lane id="top_0">
                <vehicle id="cfm_slow_1" pos="12.89" speed="39.78"/>
            </lane>
        </edge>
    </timestep>
    <timestep time="3.35">
        <edge id="bottom">
            <lane id="bottom_0">
                <vehicle id="cfm_slow_4" pos="29.24" speed="43.22"/>
            </lane>
        </edge>
        <edge id="left">
            <lane id="left_0">
                <vehicle id="cfm_slow_2" pos="1.37" speed="40.12"/>
                <vehicle id="cfm_slow_3" pos="39.77" speed="41.12"/>
            </lane>
        </edge>
        <edge id="right">
            <lane id="right_0">
                <vehicle id="cfm_slow_0" pos="25.27" speed="39.76"/>
            </lane>
        </edge>
        <edge id="top">
            <lane id="top_0">
                <vehicle id="cfm_slow_1" pos="13.29" speed="39.83"/>
            </lane>
        </edge>
    </timestep>
    <timestep time="3.36">
        <edge id="bottom">
            <lane id="bottom_0">
                <vehicle id="cfm_slow_4" pos="29.68" speed="43.27"/>
            </lane>
        </edge>
        <edge id="left">
            <lane id="left_0">
                <vehicle id="cfm_slow_2" pos="1.77" speed="40.17"/>
                <vehicle id="cfm_slow_3" pos="40.18" speed="41.18"/>
            </lane>
        </edge>
        <edge id="right">
            <lane id="right_0">
                <vehicle id="cfm_slow_0" pos="25.67" speed="39.81"/>
            </lane>
        </edge>
        <edge id="top">
            <lane id="top_0">
                <vehicle id="cfm_slow_1" pos="13.69" speed="39.88"/>
            </lane>
        </edge>
    </timestep>
    <timestep time="3.37">
        <edge id="bottom">
            <lane id="bottom_0">
                <vehicle id="cfm_slow_4" pos="30.11" speed="43.33"/>
            </lane>
        </edge>
        <edge id="left">
            <lane id="left_0">
                <vehicle id="cfm_slow_2" pos="2.17" speed="40.23"/>
                <vehicle id="cfm_slow_3" pos="40.59" speed="41.25"/>
            </lane>
        </edge>
        <edge id="right">
            <lane id="right_0">
                <vehicle id="cfm_slow_0" pos="26.07" speed="39.86"/>
            </lane>
        </edge>
        <edge id="top">
            <lane id="top_0">
                <vehicle id="cfm_slow_1" pos="14.08" speed="39.93"/>
            </lane>
        </edge>
    </timestep>
    <timestep time="3.38">
        <edge id="bottom">
            <lane id="bottom_0">
                <vehicle id="cfm_slow_4" pos="30.54" speed="43.39"/>
            </lane>
        </edge>
        <edge id="left">
            <lane id="left_0">
                <vehicle id="cfm_slow_2" pos="2.58" speed="40.29"/>
                <vehicle id="cfm_slow_3" pos="41.01" speed="41.32"/>
            </lane>
        </edge>
        <edge id="right">
            <lane id="right_0">
                <vehicle id="cfm_slow_0" pos="26.47" speed="39.91"/>
            </lane>
        </edge>
        <edge id="top">
            <lane id="top_0">
                <vehicle id="cfm_slow_1" pos="14.48" speed="39.98"/>
            </lane>
        </edge>
    </timestep>
    <timestep time="3.39">
        <edge id="bottom">
            <lane id="bottom_0">
                <vehicle id="cfm_slow_4" pos="30.98" speed="43.44"/>
            </lane>
        </edge>
        <edge id="left">
            <lane id="left_0">
                <vehicle id="cfm_slow_2" pos="2.98" speed="40.34"/>
                <vehicle id="cfm_slow_3" pos="41.42" speed="41.38"/>
            </lane>
        </edge>
        <edge id="right">
            <lane id="right_0">
                <vehicle id="cfm_slow_0" pos="26.87" speed="39.96"/>
            </lane>
        </edge>
        <edge id="top">
            <lane id="top_0">
                <vehicle id="cfm_slow_1" pos="14.88" speed="40.03"/>
            </lane>
        </edge>
    </timestep>
    <timestep time="3.40">
        <edge id="bottom">
            <lane id="bottom_0">
                <vehicle id="cfm_slow_4" pos="31.41" speed="43.50"/>
            </lane>
        </edge>
        <edge id="left">
            <lane id="left_0">
                <vehicle id="cfm_slow_2" pos="3.38" speed="40.40"/>
                <vehicle id="cfm_slow_3" pos="41.84" speed="41.45"/>
            </lane>
        </edge>
        <edge id="right">
            <lane id="right_0">
                <vehicle id="cfm_slow_0" pos="27.27" speed="40.00"/>
            </lane>
        </edge>
        <edge id="top">
            <lane id="top_0">
                <vehicle id="cfm_slow_1" pos="15.29" speed="40.08"/>
            </lane>
        </edge>
    </timestep>
    <timestep time="3.41">
        <edge id="bottom">
            <lane id="bottom_0">
                <vehicle id="cfm_slow_4" pos="31.85" speed="43.55"/>
            </lane>
        </edge>
        <edge id="left">
            <lane id="left_0">
                <vehicle id="cfm_slow_2" pos="3.79" speed="40.45"/>
                <vehicle id="cfm_slow_3" pos="42.25" speed="41.52"/>
            </lane>
        </edge>
        <edge id="right">
            <lane id="right_0">
                <vehicle id="cfm_slow_0" pos="27.67" speed="40.05"/>
            </lane>
        </edge>
        <edge id="top">
            <lane id="top_0">
                <vehicle id="cfm_slow_1" pos="15.69" speed="40.12"/>
            </lane>
        </edge>
    </timestep>
    <timestep time="3.42">
        <edge id="bottom">
            <lane id="bottom_0">
                <vehicle id="cfm_slow_4" pos="32.28" speed="43.60"/>
            </lane>
        </edge>
        <edge id="left">
            <lane id="left_0">
                <vehicle id="cfm_slow_2" pos="4.19" speed="40.51"/>
                <vehicle id="cfm_slow_3" pos="42.67" speed="41.58"/>
            </lane>
        </edge>
        <edge id="right">
            <lane id="right_0">
                <vehicle id="cfm_slow_0" pos="28.07" speed="40.09"/>
            </lane>
        </edge>
        <edge id="top">
            <lane id="top_0">
                <vehicle id="cfm_slow_1" pos="16.09" speed="40.17"/>
            </lane>
        </edge>
    </timestep>
    <timestep time="3.43">
        <edge id="bottom">
            <lane id="bottom_0">
                <vehicle id="cfm_slow_4" pos="32.72" speed="43.65"/>
            </lane>
        </edge>
        <edge id="left">
            <lane id="left_0">
                <vehicle id="cfm_slow_2" pos="4.60" speed="40.56"/>
                <vehicle id="cfm_slow_3" pos="43.08" speed="41.64"/>
            </lane>
        </edge>
        <edge id="right">
            <lane id="right_0">
                <vehicle id="cfm_slow_0" pos="28.47" speed="40.14"/>
            </lane>
        </edge>
        <edge id="top">
            <lane id="top_0">
                <vehicle id="cfm_slow_1" pos="16.49" speed="40.22"/>
            </lane>
        </edge>
    </timestep>
    <timestep time="3.44">
        <edge id="bottom">
            <lane id="bottom_0">
                <vehicle id="cfm_slow_4" pos="33.16" speed="43.70"/>
            </lane>
        </edge>
        <edge id="left">
            <lane id="left_0">
                <vehicle id="cfm_slow_2" pos="5.01" speed="40.62"/>
                <vehicle id="cfm_slow_3" pos="43.50" speed="41.71"/>
            </lane>
        </edge>
        <edge id="right">
            <lane id="right_0">
                <vehicle id="cfm_slow_0" pos="28.87" speed="40.18"/>
            </lane>
        </edge>
        <edge id="top">
            <lane id="top_0">
                <vehicle id="cfm_slow_1" pos="16.89" speed="40.27"/>
            </lane>
        </edge>
    </timestep>
    <timestep time="3.45">
        <edge id="bottom">
            <lane id="bottom_0">
                <vehicle id="cfm_slow_4" pos="33.59" speed="43.75"/>
            </lane>
        </edge>
        <edge id="left">
            <lane id="left_0">
                <vehicle id="cfm_slow_2" pos="5.41" speed="40.67"/>
                <vehicle id="cfm_slow_3" pos="43.92" speed="41.77"/>
            </lane>
        </edge>
        <edge id="right">
            <lane id="right_0">
                <vehicle id="cfm_slow_0" pos="29.27" speed="40.23"/>
            </lane>
        </edge>
        <edge id="top">
            <lane id="top_0">
                <vehicle id="cfm_slow_1" pos="17.30" speed="40.31"/>
            </lane>
        </edge>
    </timestep>
    <timestep time="3.46">
        <edge id="bottom">
            <lane id="bottom_0">
                <vehicle id="cfm_slow_4" pos="34.03" speed="43.80"/>
            </lane>
        </edge>
        <edge id="left">
            <lane id="left_0">
                <vehicle id="cfm_slow_2" pos="5.82" speed="40.73"/>
                <vehicle id="cfm_slow_3" pos="44.34" speed="41.83"/>
            </lane>
        </edge>
        <edge id="right">
            <lane id="right_0">
                <vehicle id="cfm_slow_0" pos="29.68" speed="40.27"/>
            </lane>
        </edge>
        <edge id="top">
            <lane id="top_0">
                <vehicle id="cfm_slow_1" pos="17.70" speed="40.36"/>
            </lane>
        </edge>
    </timestep>
    <timestep time="3.47">
        <edge id="bottom">
            <lane id="bottom_0">
                <vehicle id="cfm_slow_4" pos="34.47" speed="43.85"/>
            </lane>
        </edge>
        <edge id="left">
            <lane id="left_0">
                <vehicle id="cfm_slow_2" pos="6.23" speed="40.78"/>
                <vehicle id="cfm_slow_3" pos="44.76" speed="41.90"/>
            </lane>
        </edge>
        <edge id="right">
            <lane id="right_0">
                <vehicle id="cfm_slow_0" pos="30.08" speed="40.32"/>
            </lane>
        </edge>
        <edge id="top">
            <lane id="top_0">
                <vehicle id="cfm_slow_1" pos="18.10" speed="40.41"/>
            </lane>
        </edge>
    </timestep>
    <timestep time="3.48">
        <edge id="bottom">
            <lane id="bottom_0">
                <vehicle id="cfm_slow_4" pos="34.91" speed="43.90"/>
            </lane>
        </edge>
        <edge id="left">
            <lane id="left_0">
                <vehicle id="cfm_slow_2" pos="6.64" speed="40.83"/>
                <vehicle id="cfm_slow_3" pos="45.17" speed="41.96"/>
            </lane>
        </edge>
        <edge id="right">
            <lane id="right_0">
                <vehicle id="cfm_slow_0" pos="30.48" speed="40.36"/>
            </lane>
        </edge>
        <edge id="top">
            <lane id="top_0">
                <vehicle id="cfm_slow_1" pos="18.51" speed="40.45"/>
            </lane>
        </edge>
    </timestep>
    <timestep time="3.49">
        <edge id="bottom">
            <lane id="bottom_0">
                <vehicle id="cfm_slow_4" pos="35.35" speed="43.95"/>
            </lane>
        </edge>
        <edge id="left">
            <lane id="left_0">
                <vehicle id="cfm_slow_2" pos="7.04" speed="40.89"/>
                <vehicle id="cfm_slow_3" pos="45.59" speed="42.02"/>
            </lane>
        </edge>
        <edge id="right">
            <lane id="right_0">
                <vehicle id="cfm_slow_0" pos="30.89" speed="40.40"/>
            </lane>
        </edge>
        <edge id="top">
            <lane id="top_0">
                <vehicle id="cfm_slow_1" pos="18.91" speed="40.50"/>
            </lane>
        </edge>
    </timestep>
    <timestep time="3.50">
        <edge id="bottom">
            <lane id="bottom_0">
                <vehicle id="cfm_slow_4" pos="35.79" speed="43.99"/>
            </lane>
        </edge>
        <edge id="left">
            <lane id="left_0">
                <vehicle id="cfm_slow_2" pos="7.45" speed="40.94"/>
                <vehicle id="cfm_slow_3" pos="46.02" speed="42.08"/>
            </lane>
        </edge>
        <edge id="right">
            <lane id="right_0">
                <vehicle id="cfm_slow_0" pos="31.29" speed="40.45"/>
            </lane>
        </edge>
        <edge id="top">
            <lane id="top_0">
                <vehicle id="cfm_slow_1" pos="19.32" speed="40.55"/>
            </lane>
        </edge>
    </timestep>
    <timestep time="3.51">
        <edge id="bottom">
            <lane id="bottom_0">
                <vehicle id="cfm_slow_4" pos="36.23" speed="44.04"/>
            </lane>
        </edge>
        <edge id="left">
            <lane id="left_0">
                <vehicle id="cfm_slow_2" pos="7.86" speed="40.99"/>
                <vehicle id="cfm_slow_3" pos="46.44" speed="42.14"/>
            </lane>
        </edge>
        <edge id="right">
            <lane id="right_0">
                <vehicle id="cfm_slow_0" pos="31.70" speed="40.49"/>
            </lane>
        </edge>
        <edge id="top">
            <lane id="top_0">
                <vehicle id="cfm_slow_1" pos="19.72" speed="40.59"/>
            </lane>
        </edge>
    </timestep>
    <timestep time="3.52">
        <edge id="bottom">
            <lane id="bottom_0">
                <vehicle id="cfm_slow_4" pos="36.67" speed="44.08"/>
            </lane>
        </edge>
        <edge id="left">
            <lane id="left_0">
                <vehicle id="cfm_slow_2" pos="8.27" speed="41.04"/>
                <vehicle id="cfm_slow_3" pos="46.86" speed="42.20"/>
            </lane>
        </edge>
        <edge id="right">
            <lane id="right_0">
                <vehicle id="cfm_slow_0" pos="32.10" speed="40.53"/>
            </lane>
        </edge>
        <edge id="top">
            <lane id="top_0">
                <vehicle id="cfm_slow_1" pos="20.13" speed="40.64"/>
            </lane>
        </edge>
    </timestep>
    <timestep time="3.53">
        <edge id="bottom">
            <lane id="bottom_0">
                <vehicle id="cfm_slow_4" pos="37.11" speed="44.12"/>
            </lane>
        </edge>
        <edge id="left">
            <lane id="left_0">
                <vehicle id="cfm_slow_2" pos="8.69" speed="41.10"/>
                <vehicle id="cfm_slow_3" pos="47.28" speed="42.26"/>
            </lane>
        </edge>
        <edge id="right">
            <lane id="right_0">
                <vehicle id="cfm_slow_0" pos="32.51" speed="40.57"/>
            </lane>
        </edge>
        <edge id="top">
            <lane id="top_0">
                <vehicle id="cfm_slow_1" pos="20.54" speed="40.68"/>
            </lane>
        </edge>
    </timestep>
    <timestep time="3.54">
        <edge id="bottom">
            <lane id="bottom_0">
                <vehicle id="cfm_slow_4" pos="37.55" speed="44.17"/>
            </lane>
        </edge>
        <edge id="left">
            <lane id="left_0">
                <vehicle id="cfm_slow_2" pos="9.10" speed="41.15"/>
                <vehicle id="cfm_slow_3" pos="47.70" speed="42.32"/>
            </lane>
        </edge>
        <edge id="right">
            <lane id="right_0">
                <vehicle id="cfm_slow_0" pos="32.91" speed="40.62"/>
            </lane>
        </edge>
        <edge id="top">
            <lane id="top_0">
                <vehicle id="cfm_slow_1" pos="20.95" speed="40.73"/>
            </lane>
        </edge>
    </timestep>
    <timestep time="3.55">
        <edge id="bottom">
            <lane id="bottom_0">
                <vehicle id="cfm_slow_4" pos="38.00" speed="44.21"/>
            </lane>
        </edge>
        <edge id="left">
            <lane id="left_0">
                <vehicle id="cfm_slow_2" pos="9.51" speed="41.20"/>
                <vehicle id="cfm_slow_3" pos="48.13" speed="42.37"/>
            </lane>
        </edge>
        <edge id="right">
            <lane id="right_0">
                <vehicle id="cfm_slow_0" pos="33.32" speed="40.66"/>
            </lane>
        </edge>
        <edge id="top">
            <lane id="top_0">
                <vehicle id="cfm_slow_1" pos="21.35" speed="40.77"/>
            </lane>
        </edge>
    </timestep>
    <timestep time="3.56">
        <edge id="bottom">
            <lane id="bottom_0">
                <vehicle id="cfm_slow_4" pos="38.44" speed="44.25"/>
            </lane>
        </edge>
        <edge id="left">
            <lane id="left_0">
                <vehicle id="cfm_slow_2" pos="9.92" speed="41.25"/>
                <vehicle id="cfm_slow_3" pos="48.55" speed="42.43"/>
            </lane>
        </edge>
        <edge id="right">
            <lane id="right_0">
                <vehicle id="cfm_slow_0" pos="33.73" speed="40.70"/>
            </lane>
        </edge>
        <edge id="top">
            <lane id="top_0">
                <vehicle id="cfm_slow_1" pos="21.76" speed="40.81"/>
            </lane>
        </edge>
    </timestep>
    <timestep time="3.57">
        <edge id="bottom">
            <lane id="bottom_0">
                <vehicle id="cfm_slow_4" pos="38.88" speed="44.29"/>
            </lane>
        </edge>
        <edge id="left">
            <lane id="left_0">
                <vehicle id="cfm_slow_2" pos="10.33" speed="41.30"/>
                <vehicle id="cfm_slow_3" pos="48.98" speed="42.49"/>
            </lane>
        </edge>
        <edge id="right">
            <lane id="right_0">
                <vehicle id="cfm_slow_0" pos="34.14" speed="40.74"/>
            </lane>
        </edge>
        <edge id="top">
            <lane id="top_0">
                <vehicle id="cfm_slow_1" pos="22.17" speed="40.86"/>
            </lane>
        </edge>
    </timestep>
    <timestep time="3.58">
        <edge id="bottom">
            <lane id="bottom_0">
                <vehicle id="cfm_slow_4" pos="39.32" speed="44.33"/>
            </lane>
        </edge>
        <edge id="left">
            <lane id="left_0">
                <vehicle id="cfm_slow_2" pos="10.75" speed="41.35"/>
                <vehicle id="cfm_slow_3" pos="49.40" speed="42.55"/>
            </lane>
        </edge>
        <edge id="right">
            <lane id="right_0">
                <vehicle id="cfm_slow_0" pos="34.54" speed="40.78"/>
            </lane>
        </edge>
        <edge id="top">
            <lane id="top_0">
                <vehicle id="cfm_slow_1" pos="22.58" speed="40.90"/>
            </lane>
        </edge>
    </timestep>
    <timestep time="3.59">
        <edge id="bottom">
            <lane id="bottom_0">
                <vehicle id="cfm_slow_4" pos="39.77" speed="44.37"/>
            </lane>
        </edge>
        <edge id="left">
            <lane id="left_0">
                <vehicle id="cfm_slow_2" pos="11.16" speed="41.40"/>
                <vehicle id="cfm_slow_3" pos="49.83" speed="42.60"/>
            </lane>
        </edge>
        <edge id="right">
            <lane id="right_0">
                <vehicle id="cfm_slow_0" pos="34.95" speed="40.82"/>
            </lane>
        </edge>
        <edge id="top">
            <lane id="top_0">
                <vehicle id="cfm_slow_1" pos="22.99" speed="40.94"/>
            </lane>
        </edge>
    </timestep>
    <timestep time="3.60">
        <edge id="bottom">
            <lane id="bottom_0">
                <vehicle id="cfm_slow_3" pos="0.26" speed="42.66"/>
                <vehicle id="cfm_slow_4" pos="40.21" speed="44.41"/>
            </lane>
        </edge>
        <edge id="left">
            <lane id="left_0">
                <vehicle id="cfm_slow_2" pos="11.58" speed="41.45"/>
            </lane>
        </edge>
        <edge id="right">
            <lane id="right_0">
                <vehicle id="cfm_slow_0" pos="35.36" speed="40.86"/>
            </lane>
        </edge>
        <edge id="top">
            <lane id="top_0">
                <vehicle id="cfm_slow_1" pos="23.40" speed="40.99"/>
            </lane>
        </edge>
    </timestep>
    <timestep time="3.61">
        <edge id="bottom">
            <lane id="bottom_0">
                <vehicle id="cfm_slow_3" pos="0.68" speed="42.71"/>
                <vehicle id="cfm_slow_4" pos="40.66" speed="44.45"/>
            </lane>
        </edge>
        <edge id="left">
            <lane id="left_0">
                <vehicle id="cfm_slow_2" pos="11.99" speed="41.50"/>
            </lane>
        </edge>
        <edge id="right">
            <lane id="right_0">
                <vehicle id="cfm_slow_0" pos="35.77" speed="40.90"/>
            </lane>
        </edge>
        <edge id="top">
            <lane id="top_0">
                <vehicle id="cfm_slow_1" pos="23.81" speed="41.03"/>
            </lane>
        </edge>
    </timestep>
    <timestep time="3.62">
        <edge id="bottom">
            <lane id="bottom_0">
                <vehicle id="cfm_slow_3" pos="1.11" speed="42.77"/>
                <vehicle id="cfm_slow_4" pos="41.10" speed="44.49"/>
            </lane>
        </edge>
        <edge id="left">
            <lane id="left_0">
                <vehicle id="cfm_slow_2" pos="12.41" speed="41.55"/>
            </lane>
        </edge>
        <edge id="right">
            <lane id="right_0">
                <vehicle id="cfm_slow_0" pos="36.18" speed="40.94"/>
            </lane>
        </edge>
        <edge id="top">
            <lane id="top_0">
                <vehicle id="cfm_slow_1" pos="24.22" speed="41.07"/>
            </lane>
        </edge>
    </timestep>
    <timestep time="3.63">
        <edge id="bottom">
            <lane id="bottom_0">
                <vehicle id="cfm_slow_3" pos="1.54" speed="42.82"/>
                <vehicle id="cfm_slow_4" pos="41.55" speed="44.52"/>
            </lane>
        </edge>
        <edge id="left">
            <lane id="left_0">
                <vehicle id="cfm_slow_2" pos="12.82" speed="41.60"/>
            </lane>
        </edge>
        <edge id="right">
            <lane id="right_0">
                <vehicle id="cfm_slow_0" pos="36.59" speed="40.97"/>
            </lane>
        </edge>
        <edge id="top">
            <lane id="top_0">
                <vehicle id="cfm_slow_1" pos="24.63" speed="41.11"/>
            </lane>
        </edge>
    </timestep>
    <timestep time="3.64">
        <edge id="bottom">
            <lane id="bottom_0">
                <vehicle id="cfm_slow_3" pos="1.97" speed="42.87"/>
                <vehicle id="cfm_slow_4" pos="41.99" speed="44.56"/>
            </lane>
        </edge>
        <edge id="left">
            <lane id="left_0">
                <vehicle id="cfm_slow_2" pos="13.24" speed="41.65"/>
            </lane>
        </edge>
        <edge id="right">
            <lane id="right_0">
                <vehicle id="cfm_slow_0" pos="37.00" speed="41.01"/>
            </lane>
        </edge>
        <edge id="top">
            <lane id="top_0">
                <vehicle id="cfm_slow_1" pos="25.04" speed="41.15"/>
            </lane>
        </edge>
    </timestep>
    <timestep time="3.65">
        <edge id="bottom">
            <lane id="bottom_0">
                <vehicle id="cfm_slow_3" pos="2.40" speed="42.93"/>
                <vehicle id="cfm_slow_4" pos="42.44" speed="44.59"/>
            </lane>
        </edge>
        <edge id="left">
            <lane id="left_0">
                <vehicle id="cfm_slow_2" pos="13.66" speed="41.69"/>
            </lane>
        </edge>
        <edge id="right">
            <lane id="right_0">
                <vehicle id="cfm_slow_0" pos="37.41" speed="41.05"/>
            </lane>
        </edge>
        <edge id="top">
            <lane id="top_0">
                <vehicle id="cfm_slow_1" pos="25.45" speed="41.19"/>
            </lane>
        </edge>
    </timestep>
    <timestep time="3.66">
        <edge id="bottom">
            <lane id="bottom_0">
                <vehicle id="cfm_slow_3" pos="2.83" speed="42.98"/>
                <vehicle id="cfm_slow_4" pos="42.88" speed="44.63"/>
            </lane>
        </edge>
        <edge id="left">
            <lane id="left_0">
                <vehicle id="cfm_slow_2" pos="14.07" speed="41.74"/>
            </lane>
        </edge>
        <edge id="right">
            <lane id="right_0">
                <vehicle id="cfm_slow_0" pos="37.82" speed="41.09"/>
            </lane>
        </edge>
        <edge id="top">
            <lane id="top_0">
                <vehicle id="cfm_slow_1" pos="25.87" speed="41.24"/>
            </lane>
        </edge>
    </timestep>
    <timestep time="3.67">
        <edge id="bottom">
            <lane id="bottom_0">
                <vehicle id="cfm_slow_3" pos="3.26" speed="43.03"/>
                <vehicle id="cfm_slow_4" pos="43.33" speed="44.66"/>
            </lane>
        </edge>
        <edge id="left">
            <lane id="left_0">
                <vehicle id="cfm_slow_2" pos="14.49" speed="41.79"/>
            </lane>
        </edge>
        <edge id="right">
            <lane id="right_0">
                <vehicle id="cfm_slow_0" pos="38.23" speed="41.12"/>
            </lane>
        </edge>
        <edge id="top">
            <lane id="top_0">
                <vehicle id="cfm_slow_1" pos="26.28" speed="41.28"/>
            </lane>
        </edge>
    </timestep>
    <timestep time="3.68">
        <edge id="bottom">
            <lane id="bottom_0">
                <vehicle id="cfm_slow_3" pos="3.69" speed="43.08"/>
                <vehicle id="cfm_slow_4" pos="43.78" speed="44.70"/>
            </lane>
        </edge>
        <edge id="left">
            <lane id="left_0">
                <vehicle id="cfm_slow_2" pos="14.91" speed="41.84"/>
            </lane>
        </edge>
        <edge id="right">
            <lane id="right_0">
                <vehicle id="cfm_slow_0" pos="38.64" speed="41.16"/>
            </lane>
        </edge>
        <edge id="top">
            <lane id="top_0">
                <vehicle id="cfm_slow_1" pos="26.69" speed="41.32"/>
            </lane>
        </edge>
    </timestep>
    <timestep time="3.69">
        <edge id="bottom">
            <lane id="bottom_0">
                <vehicle id="cfm_slow_3" pos="4.12" speed="43.13"/>
                <vehicle id="cfm_slow_4" pos="44.23" speed="44.73"/>
            </lane>
        </edge>
        <edge id="left">
            <lane id="left_0">
                <vehicle id="cfm_slow_2" pos="15.33" speed="41.88"/>
            </lane>
        </edge>
        <edge id="right">
            <lane id="right_0">
                <vehicle id="cfm_slow_0" pos="39.05" speed="41.20"/>
            </lane>
        </edge>
        <edge id="top">
            <lane id="top_0">
                <vehicle id="cfm_slow_1" pos="27.11" speed="41.36"/>
            </lane>
        </edge>
    </timestep>
    <timestep time="3.70">
        <edge id="bottom">
            <lane id="bottom_0">
                <vehicle id="cfm_slow_3" pos="4.55" speed="43.18"/>
                <vehicle id="cfm_slow_4" pos="44.67" speed="44.76"/>
            </lane>
        </edge>
        <edge id="left">
            <lane id="left_0">
                <vehicle id="cfm_slow_2" pos="15.75" speed="41.93"/>
            </lane>
        </edge>
        <edge id="right">
            <lane id="right_0">
                <vehicle id="cfm_slow_0" pos="39.47" speed="41.24"/>
            </lane>
        </edge>
        <edge id="top">
            <lane id="top_0">
                <vehicle id="cfm_slow_1" pos="27.52" speed="41.40"/>
            </lane>
        </edge>
    </timestep>
    <timestep time="3.71">
        <edge id="bottom">
            <lane id="bottom_0">
                <vehicle id="cfm_slow_3" pos="4.98" speed="43.23"/>
                <vehicle id="cfm_slow_4" pos="45.12" speed="44.79"/>
            </lane>
        </edge>
        <edge id="left">
            <lane id="left_0">
                <vehicle id="cfm_slow_2" pos="16.17" speed="41.98"/>
            </lane>
        </edge>
        <edge id="right">
            <lane id="right_0">
                <vehicle id="cfm_slow_0" pos="39.88" speed="41.27"/>
            </lane>
        </edge>
        <edge id="top">
            <lane id="top_0">
                <vehicle id="cfm_slow_1" pos="27.93" speed="41.44"/>
            </lane>
        </edge>
    </timestep>
    <timestep time="3.72">
        <edge id="bottom">
            <lane id="bottom_0">
                <vehicle id="cfm_slow_3" pos="5.42" speed="43.28"/>
                <vehicle id="cfm_slow_4" pos="45.57" speed="44.83"/>
            </lane>
        </edge>
        <edge id="left">
            <lane id="left_0">
                <vehicle id="cfm_slow_2" pos="16.59" speed="42.02"/>
            </lane>
        </edge>
        <edge id="right">
            <lane id="right_0">
                <vehicle id="cfm_slow_0" pos="40.29" speed="41.31"/>
            </lane>
        </edge>
        <edge id="top">
            <lane id="top_0">
                <vehicle id="cfm_slow_1" pos="28.35" speed="41.48"/>
            </lane>
        </edge>
    </timestep>
    <timestep time="3.73">
        <edge id="bottom">
            <lane id="bottom_0">
                <vehicle id="cfm_slow_3" pos="5.85" speed="43.33"/>
                <vehicle id="cfm_slow_4" pos="46.02" speed="44.86"/>
            </lane>
        </edge>
        <edge id="left">
            <lane id="left_0">
                <vehicle id="cfm_slow_2" pos="17.01" speed="42.07"/>
            </lane>
        </edge>
        <edge id="right">
            <lane id="right_0">
                <vehicle id="cfm_slow_0" pos="40.71" speed="41.34"/>
            </lane>
        </edge>
        <edge id="top">
            <lane id="top_0">
                <vehicle id="cfm_slow_1" pos="28.76" speed="41.52"/>
            </lane>
        </edge>
    </timestep>
    <timestep time="3.74">
        <edge id="bottom">
            <lane id="bottom_0">
                <vehicle id="cfm_slow_3" pos="6.28" speed="43.38"/>
                <vehicle id="cfm_slow_4" pos="46.47" speed="44.89"/>
            </lane>
        </edge>
        <edge id="left">
            <lane id="left_0">
                <vehicle id="cfm_slow_2" pos="17.43" speed="42.12"/>
            </lane>
        </edge>
        <edge id="right">
            <lane id="right_0">
                <vehicle id="cfm_slow_0" pos="41.12" speed="41.38"/>
            </lane>
        </edge>
        <edge id="top">
            <lane id="top_0">
                <vehicle id="cfm_slow_1" pos="29.18" speed="41.55"/>
            </lane>
        </edge>
    </timestep>
    <timestep time="3.75">
        <edge id="bottom">
            <lane id="bottom_0">
                <vehicle id="cfm_slow_3" pos="6.72" speed="43.43"/>
                <vehicle id="cfm_slow_4" pos="46.92" speed="44.92"/>
            </lane>
        </edge>
        <edge id="left">
            <lane id="left_0">
                <vehicle id="cfm_slow_2" pos="17.85" speed="42.16"/>
            </lane>
        </edge>
        <edge id="right">
            <lane id="right_0">
                <vehicle id="cfm_slow_0" pos="41.53" speed="41.41"/>
            </lane>
        </edge>
        <edge id="top">
            <lane id="top_0">
                <vehicle id="cfm_slow_1" pos="29.60" speed="41.59"/>
            </lane>
        </edge>
    </timestep>
    <timestep time="3.76">
        <edge id="bottom">
            <lane id="bottom_0">
                <vehicle id="cfm_slow_3" pos="7.15" speed="43.48"/>
                <vehicle id="cfm_slow_4" pos="47.37" speed="44.94"/>
            </lane>
        </edge>
        <edge id="left">
            <lane id="left_0">
                <vehicle id="cfm_slow_2" pos="18.27" speed="42.21"/>
            </lane>
        </edge>
        <edge id="right">
            <lane id="right_0">
                <vehicle id="cfm_slow_0" pos="41.95" speed="41.45"/>
            </lane>
        </edge>
        <edge id="top">
            <lane id="top_0">
                <vehicle id="cfm_slow_1" pos="30.01" speed="41.63"/>
            </lane>
        </edge>
    </timestep>
    <timestep time="3.77">
        <edge id="bottom">
            <lane id="bottom_0">
                <vehicle id="cfm_slow_3" pos="7.59" speed="43.53"/>
                <vehicle id="cfm_slow_4" pos="47.81" speed="44.97"/>
            </lane>
        </edge>
        <edge id="left">
            <lane id="left_0">
                <vehicle id="cfm_slow_2" pos="18.70" speed="42.25"/>
            </lane>
        </edge>
        <edge id="right">
            <lane id="right_0">
                <vehicle id="cfm_slow_0" pos="42.36" speed="41.48"/>
            </lane>
        </edge>
        <edge id="top">
            <lane id="top_0">
                <vehicle id="cfm_slow_1" pos="30.43" speed="41.67"/>
            </lane>
        </edge>
    </timestep>
    <timestep time="3.78">
        <edge id="bottom">
            <lane id="bottom_0">
                <vehicle id="cfm_slow_3" pos="8.02" speed="43.57"/>
                <vehicle id="cfm_slow_4" pos="48.26" speed="45.00"/>
            </lane>
        </edge>
        <edge id="left">
            <lane id="left_0">
                <vehicle id="cfm_slow_2" pos="19.12" speed="42.30"/>
            </lane>
        </edge>
        <edge id="right">
            <lane id="right_0">
                <vehicle id="cfm_slow_0" pos="42.78" speed="41.52"/>
            </lane>
        </edge>
        <edge id="top">
            <lane id="top_0">
                <vehicle id="cfm_slow_1" pos="30.85" speed="41.71"/>
            </lane>
        </edge>
    </timestep>
    <timestep time="3.79">
        <edge id="bottom">
            <lane id="bottom_0">
                <vehicle id="cfm_slow_3" pos="8.46" speed="43.62"/>
                <vehicle id="cfm_slow_4" pos="48.72" speed="45.03"/>
            </lane>
        </edge>
        <edge id="left">
            <lane id="left_0">
                <vehicle id="cfm_slow_2" pos="19.54" speed="42.34"/>
            </lane>
        </edge>
        <edge id="right">
            <lane id="right_0">
                <vehicle id="cfm_slow_0" pos="43.19" speed="41.55"/>
            </lane>
        </edge>
        <edge id="top">
            <lane id="top_0">
                <vehicle id="cfm_slow_1" pos="31.26" speed="41.75"/>
            </lane>
        </edge>
    </timestep>
    <timestep time="3.80">
        <edge id="bottom">
            <lane id="bottom_0">
                <vehicle id="cfm_slow_3" pos="8.90" speed="43.66"/>
                <vehicle id="cfm_slow_4" pos="49.17" speed="45.06"/>
            </lane>
        </edge>
        <edge id="left">
            <lane id="left_0">
                <vehicle id="cfm_slow_2" pos="19.97" speed="42.39"/>
            </lane>
        </edge>
        <edge id="right">
            <lane id="right_0">
                <vehicle id="cfm_slow_0" pos="43.61" speed="41.58"/>
            </lane>
        </edge>
        <edge id="top">
            <lane id="top_0">
                <vehicle id="cfm_slow_1" pos="31.68" speed="41.78"/>
            </lane>
        </edge>
    </timestep>
    <timestep time="3.81">
        <edge id="bottom">
            <lane id="bottom_0">
                <vehicle id="cfm_slow_3" pos="9.33" speed="43.71"/>
                <vehicle id="cfm_slow_4" pos="49.62" speed="45.08"/>
            </lane>
        </edge>
        <edge id="left">
            <lane id="left_0">
                <vehicle id="cfm_slow_2" pos="20.39" speed="42.43"/>
            </lane>
        </edge>
        <edge id="right">
            <lane id="right_0">
                <vehicle id="cfm_slow_0" pos="44.03" speed="41.62"/>
            </lane>
        </edge>
        <edge id="top">
            <lane id="top_0">
                <vehicle id="cfm_slow_1" pos="32.10" speed="41.82"/>
            </lane>
        </edge>
    </timestep>
    <timestep time="3.82">
        <edge id="bottom">
            <lane id="bottom_0">
                <vehicle id="cfm_slow_3" pos="9.77" speed="43.76"/>
            </lane>
        </edge>
        <edge id="left">
            <lane id="left_0">
                <vehicle id="cfm_slow_2" pos="20.82" speed="42.47"/>
            </lane>
        </edge>
        <edge id="right">
            <lane id="right_0">
                <vehicle id="cfm_slow_4" pos="0.07" speed="45.11"/>
                <vehicle id="cfm_slow_0" pos="44.44" speed="41.65"/>
            </lane>
        </edge>
        <edge id="top">
            <lane id="top_0">
                <vehicle id="cfm_slow_1" pos="32.52" speed="41.86"/>
            </lane>
        </edge>
    </timestep>
    <timestep time="3.83">
        <edge id="bottom">
            <lane id="bottom_0">
                <vehicle id="cfm_slow_3" pos="10.21" speed="43.80"/>
            </lane>
        </edge>
        <edge id="left">
            <lane id="left_0">
                <vehicle id="cfm_slow_2" pos="21.24" speed="42.52"/>
            </lane>
        </edge>
        <edge id="right">
            <lane id="right_0">
                <vehicle id="cfm_slow_4" pos="0.52" speed="45.13"/>
                <vehicle id="cfm_slow_0" pos="44.86" speed="41.68"/>
            </lane>
        </edge>
        <edge id="top">
            <lane id="top_0">
                <vehicle id="cfm_slow_1" pos="32.94" speed="41.89"/>
            </lane>
        </edge>
    </timestep>
    <timestep time="3.84">
        <edge id="bottom">
            <lane id="bottom_0">
                <vehicle id="cfm_slow_3" pos="10.65" speed="43.84"/>
            </lane>
        </edge>
        <edge id="left">
            <lane id="left_0">
                <vehicle id="cfm_slow_2" pos="21.67" speed="42.56"/>
            </lane>
        </edge>
        <edge id="right">
            <lane id="right_0">
                <vehicle id="cfm_slow_4" pos="0.97" speed="45.16"/>
                <vehicle id="cfm_slow_0" pos="45.28" speed="41.72"/>
            </lane>
        </edge>
        <edge id="top">
            <lane id="top_0">
                <vehicle id="cfm_slow_1" pos="33.36" speed="41.93"/>
            </lane>
        </edge>
    </timestep>
    <timestep time="3.85">
        <edge id="bottom">
            <lane id="bottom_0">
                <vehicle id="cfm_slow_3" pos="11.09" speed="43.89"/>
            </lane>
        </edge>
        <edge id="left">
            <lane id="left_0">
                <vehicle id="cfm_slow_2" pos="22.09" speed="42.60"/>
            </lane>
        </edge>
        <edge id="right">
            <lane id="right_0">
                <vehicle id="cfm_slow_4" pos="1.42" speed="45.18"/>
                <vehicle id="cfm_slow_0" pos="45.69" speed="41.75"/>
            </lane>
        </edge>
        <edge id="top">
            <lane id="top_0">
                <vehicle id="cfm_slow_1" pos="33.78" speed="41.97"/>
            </lane>
        </edge>
    </timestep>
    <timestep time="3.86">
        <edge id="bottom">
            <lane id="bottom_0">
                <vehicle id="cfm_slow_3" pos="11.53" speed="43.93"/>
            </lane>
        </edge>
        <edge id="left">
            <lane id="left_0">
                <vehicle id="cfm_slow_2" pos="22.52" speed="42.64"/>
            </lane>
        </edge>
        <edge id="right">
            <lane id="right_0">
                <vehicle id="cfm_slow_4" pos="1.87" speed="45.21"/>
                <vehicle id="cfm_slow_0" pos="46.11" speed="41.78"/>
            </lane>
        </edge>
        <edge id="top">
            <lane id="top_0">
                <vehicle id="cfm_slow_1" pos="34.20" speed="42.00"/>
            </lane>
        </edge>
    </timestep>
    <timestep time="3.87">
        <edge id="bottom">
            <lane id="bottom_0">
                <vehicle id="cfm_slow_3" pos="11.97" speed="43.97"/>
            </lane>
        </edge>
        <edge id="left">
            <lane id="left_0">
                <vehicle id="cfm_slow_2" pos="22.95" speed="42.69"/>
            </lane>
        </edge>
        <edge id="right">
            <lane id="right_0">
                <vehicle id="cfm_slow_4" pos="2.33" speed="45.23"/>
                <vehicle id="cfm_slow_0" pos="46.53" speed="41.81"/>
            </lane>
        </edge>
        <edge id="top">
            <lane id="top_0">
                <vehicle id="cfm_slow_1" pos="34.62" speed="42.04"/>
            </lane>
        </edge>
    </timestep>
    <timestep time="3.88">
        <edge id="bottom">
            <lane id="bottom_0">
                <vehicle id="cfm_slow_3" pos="12.41" speed="44.02"/>
            </lane>
        </edge>
        <edge id="left">
            <lane id="left_0">
                <vehicle id="cfm_slow_2" pos="23.37" speed="42.73"/>
            </lane>
        </edge>
        <edge id="right">
            <lane id="right_0">
                <vehicle id="cfm_slow_4" pos="2.78" speed="45.25"/>
                <vehicle id="cfm_slow_0" pos="46.95" speed="41.85"/>
            </lane>
        </edge>
        <edge id="top">
            <lane id="top_0">
                <vehicle id="cfm_slow_1" pos="35.04" speed="42.08"/>
            </lane>
        </edge>
    </timestep>
    <timestep time="3.89">
        <edge id="bottom">
            <lane id="bottom_0">
                <vehicle id="cfm_slow_3" pos="12.85" speed="44.06"/>
            </lane>
        </edge>
        <edge id="left">
            <lane id="left_0">
                <vehicle id="cfm_slow_2" pos="23.80" speed="42.77"/>
            </lane>
        </edge>
        <edge id="right">
            <lane id="right_0">
                <vehicle id="cfm_slow_4" pos="3.23" speed="45.28"/>
                <vehicle id="cfm_slow_0" pos="47.37" speed="41.88"/>
            </lane>
        </edge>
        <edge id="top">
            <lane id="top_0">
                <vehicle id="cfm_slow_1" pos="35.46" speed="42.11"/>
            </lane>
        </edge>
    </timestep>
    <timestep time="3.90">
        <edge id="bottom">
            <lane id="bottom_0">
                <vehicle id="cfm_slow_3" pos="13.29" speed="44.10"/>
            </lane>
        </edge>
        <edge id="left">
            <lane id="left_0">
                <vehicle id="cfm_slow_2" pos="24.23" speed="42.81"/>
            </lane>
        </edge>
        <edge id="right">
            <lane id="right_0">
                <vehicle id="cfm_slow_4" pos="3.69" speed="45.30"/>
                <vehicle id="cfm_slow_0" pos="47.79" speed="41.91"/>
            </lane>
        </edge>
        <edge id="top">
            <lane id="top_0">
                <vehicle id="cfm_slow_1" pos="35.88" speed="42.15"/>
            </lane>
        </edge>
    </timestep>
    <timestep time="3.91">
        <edge id="bottom">
            <lane id="bottom_0">
                <vehicle id="cfm_slow_3" pos="13.73" speed="44.14"/>
            </lane>
        </edge>
        <edge id="left">
            <lane id="left_0">
                <vehicle id="cfm_slow_2" pos="24.66" speed="42.85"/>
            </lane>
        </edge>
        <edge id="right">
            <lane id="right_0">
                <vehicle id="cfm_slow_4" pos="4.14" speed="45.32"/>
                <vehicle id="cfm_slow_0" pos="48.21" speed="41.94"/>
            </lane>
        </edge>
        <edge id="top">
            <lane id="top_0">
                <vehicle id="cfm_slow_1" pos="36.30" speed="42.18"/>
            </lane>
        </edge>
    </timestep>
    <timestep time="3.92">
        <edge id="bottom">
            <lane id="bottom_0">
                <vehicle id="cfm_slow_3" pos="14.17" speed="44.18"/>
            </lane>
        </edge>
        <edge id="left">
            <lane id="left_0">
                <vehicle id="cfm_slow_2" pos="25.09" speed="42.89"/>
            </lane>
        </edge>
        <edge id="right">
            <lane id="right_0">
                <vehicle id="cfm_slow_4" pos="4.59" speed="45.34"/>
                <vehicle id="cfm_slow_0" pos="48.63" speed="41.97"/>
            </lane>
        </edge>
        <edge id="top">
            <lane id="top_0">
                <vehicle id="cfm_slow_1" pos="36.72" speed="42.22"/>
            </lane>
        </edge>
    </timestep>
    <timestep time="3.93">
        <edge id="bottom">
            <lane id="bottom_0">
                <vehicle id="cfm_slow_3" pos="14.61" speed="44.22"/>
            </lane>
        </edge>
        <edge id="left">
            <lane id="left_0">
                <vehicle id="cfm_slow_2" pos="25.52" speed="42.93"/>
            </lane>
        </edge>
        <edge id="right">
            <lane id="right_0">
                <vehicle id="cfm_slow_4" pos="5.05" speed="45.36"/>
                <vehicle id="cfm_slow_0" pos="49.05" speed="42.00"/>
            </lane>
        </edge>
        <edge id="top">
            <lane id="top_0">
                <vehicle id="cfm_slow_1" pos="37.15" speed="42.25"/>
            </lane>
        </edge>
    </timestep>
    <timestep time="3.94">
        <edge id="bottom">
            <lane id="bottom_0">
                <vehicle id="cfm_slow_3" pos="15.05" speed="44.26"/>
            </lane>
        </edge>
        <edge id="left">
            <lane id="left_0">
                <vehicle id="cfm_slow_2" pos="25.94" speed="42.98"/>
            </lane>
        </edge>
        <edge id="right">
            <lane id="right_0">
                <vehicle id="cfm_slow_4" pos="5.50" speed="45.39"/>
                <vehicle id="cfm_slow_0" pos="49.47" speed="42.03"/>
            </lane>
        </edge>
        <edge id="top">
            <lane id="top_0">
                <vehicle id="cfm_slow_1" pos="37.57" speed="42.29"/>
            </lane>
        </edge>
    </timestep>
    <timestep time="3.95">
        <edge id="bottom">
            <lane id="bottom_0">
                <vehicle id="cfm_slow_3" pos="15.50" speed="44.30"/>
            </lane>
        </edge>
        <edge id="left">
            <lane id="left_0">
                <vehicle id="cfm_slow_2" pos="26.38" speed="43.02"/>
            </lane>
        </edge>
        <edge id="right">
            <lane id="right_0">
                <vehicle id="cfm_slow_4" pos="5.95" speed="45.41"/>
                <vehicle id="cfm_slow_0" pos="49.89" speed="42.06"/>
            </lane>
        </edge>
        <edge id="top">
            <lane id="top_0">
                <vehicle id="cfm_slow_1" pos="37.99" speed="42.32"/>
            </lane>
        </edge>
    </timestep>
    <timestep time="3.96">
        <edge id="bottom">
            <lane id="bottom_0">
                <vehicle id="cfm_slow_3" pos="15.94" speed="44.34"/>
            </lane>
        </edge>
        <edge id="left">
            <lane id="left_0">
                <vehicle id="cfm_slow_2" pos="26.81" speed="43.06"/>
            </lane>
        </edge>
        <edge id="right">
            <lane id="right_0">
                <vehicle id="cfm_slow_4" pos="6.41" speed="45.43"/>
            </lane>
        </edge>
        <edge id="top">
            <lane id="top_0">
                <vehicle id="cfm_slow_0" pos="0.31" speed="42.09"/>
                <vehicle id="cfm_slow_1" pos="38.42" speed="42.35"/>
            </lane>
        </edge>
    </timestep>
    <timestep time="3.97">
        <edge id="bottom">
            <lane id="bottom_0">
                <vehicle id="cfm_slow_3" pos="16.38" speed="44.38"/>
            </lane>
        </edge>
        <edge id="left">
            <lane id="left_0">
                <vehicle id="cfm_slow_2" pos="27.24" speed="43.09"/>
            </lane>
        </edge>
        <edge id="right">
            <lane id="right_0">
                <vehicle id="cfm_slow_4" pos="6.86" speed="45.44"/>
            </lane>
        </edge>
        <edge id="top">
            <lane id="top_0">
                <vehicle id="cfm_slow_0" pos="0.73" speed="42.12"/>
                <vehicle id="cfm_slow_1" pos="38.84" speed="42.39"/>
            </lane>
        </edge>
    </timestep>
    <timestep time="3.98">
        <edge id="bottom">
            <lane id="bottom_0">
                <vehicle id="cfm_slow_3" pos="16.83" speed="44.41"/>
            </lane>
        </edge>
        <edge id="left">
            <lane id="left_0">
                <vehicle id="cfm_slow_2" pos="27.67" speed="43.13"/>
            </lane>
        </edge>
        <edge id="right">
            <lane id="right_0">
                <vehicle id="cfm_slow_4" pos="7.32" speed="45.46"/>
            </lane>
        </edge>
        <edge id="top">
            <lane id="top_0">
                <vehicle id="cfm_slow_0" pos="1.15" speed="42.15"/>
                <vehicle id="cfm_slow_1" pos="39.26" speed="42.42"/>
            </lane>
        </edge>
    </timestep>
    <timestep time="3.99">
        <edge id="bottom">
            <lane id="bottom_0">
                <vehicle id="cfm_slow_3" pos="17.27" speed="44.45"/>
            </lane>
        </edge>
        <edge id="left">
            <lane id="left_0">
                <vehicle id="cfm_slow_2" pos="28.10" speed="43.17"/>
            </lane>
        </edge>
        <edge id="right">
            <lane id="right_0">
                <vehicle id="cfm_slow_4" pos="7.77" speed="45.48"/>
            </lane>
        </edge>
        <edge id="top">
            <lane id="top_0">
                <vehicle id="cfm_slow_0" pos="1.57" speed="42.18"/>
                <vehicle id="cfm_slow_1" pos="39.69" speed="42.46"/>
            </lane>
        </edge>
    </timestep>
    <timestep time="4.00">
        <edge id="bottom">
            <lane id="bottom_0">
                <vehicle id="cfm_slow_3" pos="17.72" speed="44.49"/>
            </lane>
        </edge>
        <edge id="left">
            <lane id="left_0">
                <vehicle id="cfm_slow_2" pos="28.53" speed="43.21"/>
            </lane>
        </edge>
        <edge id="right">
            <lane id="right_0">
                <vehicle id="cfm_slow_4" pos="8.23" speed="45.50"/>
            </lane>
        </edge>
        <edge id="top">
            <lane id="top_0">
                <vehicle id="cfm_slow_0" pos="1.99" speed="42.21"/>
                <vehicle id="cfm_slow_1" pos="40.11" speed="42.49"/>
            </lane>
        </edge>
    </timestep>
    <timestep time="4.01">
        <edge id="bottom">
            <lane id="bottom_0">
                <vehicle id="cfm_slow_3" pos="18.16" speed="44.52"/>
            </lane>
        </edge>
        <edge id="left">
            <lane id="left_0">
                <vehicle id="cfm_slow_2" pos="28.96" speed="43.25"/>
            </lane>
        </edge>
        <edge id="right">
            <lane id="right_0">
                <vehicle id="cfm_slow_4" pos="8.68" speed="45.52"/>
            </lane>
        </edge>
        <edge id="top">
            <lane id="top_0">
                <vehicle id="cfm_slow_0" pos="2.42" speed="42.24"/>
                <vehicle id="cfm_slow_1" pos="40.54" speed="42.52"/>
            </lane>
        </edge>
    </timestep>
    <timestep time="4.02">
        <edge id="bottom">
            <lane id="bottom_0">
                <vehicle id="cfm_slow_3" pos="18.61" speed="44.56"/>
            </lane>
        </edge>
        <edge id="left">
            <lane id="left_0">
                <vehicle id="cfm_slow_2" pos="29.40" speed="43.29"/>
            </lane>
        </edge>
        <edge id="right">
            <lane id="right_0">
                <vehicle id="cfm_slow_4" pos="9.14" speed="45.54"/>
            </lane>
        </edge>
        <edge id="top">
            <lane id="top_0">
                <vehicle id="cfm_slow_0" pos="2.84" speed="42.27"/>
                <vehicle id="cfm_slow_1" pos="40.96" speed="42.56"/>
            </lane>
        </edge>
    </timestep>
    <timestep time="4.03">
        <edge id="bottom">
            <lane id="bottom_0">
                <vehicle id="cfm_slow_3" pos="19.06" speed="44.60"/>
            </lane>
        </edge>
        <edge id="left">
            <lane id="left_0">
                <vehicle id="cfm_slow_2" pos="29.83" speed="43.33"/>
            </lane>
        </edge>
        <edge id="right">
            <lane id="right_0">
                <vehicle id="cfm_slow_4" pos="9.59" speed="45.55"/>
            </lane>
        </edge>
        <edge id="top">
            <lane id="top_0">
                <vehicle id="cfm_slow_0" pos="3.26" speed="42.30"/>
                <vehicle id="cfm_slow_1" pos="41.39" speed="42.59"/>
            </lane>
        </edge>
    </timestep>
    <timestep time="4.04">
        <edge id="bottom">
            <lane id="bottom_0">
                <vehicle id="cfm_slow_3" pos="19.50" speed="44.63"/>
            </lane>
        </edge>
        <edge id="left">
            <lane id="left_0">
                <vehicle id="cfm_slow_2" pos="30.26" speed="43.37"/>
            </lane>
        </edge>
        <edge id="right">
            <lane id="right_0">
                <vehicle id="cfm_slow_4" pos="10.05" speed="45.57"/>
            </lane>
        </edge>
        <edge id="top">
            <lane id="top_0">
                <vehicle id="cfm_slow_0" pos="3.69" speed="42.32"/>
                <vehicle id="cfm_slow_1" pos="41.82" speed="42.62"/>
            </lane>
        </edge>
    </timestep>
    <timestep time="4.05">
        <edge id="bottom">
            <lane id="bottom_0">
                <vehicle id="cfm_slow_3" pos="19.95" speed="44.67"/>
            </lane>
        </edge>
        <edge id="left">
            <lane id="left_0">
                <vehicle id="cfm_slow_2" pos="30.70" speed="43.40"/>
            </lane>
        </edge>
        <edge id="right">
            <lane id="right_0">
                <vehicle id="cfm_slow_4" pos="10.50" speed="45.59"/>
            </lane>
        </edge>
        <edge id="top">
            <lane id="top_0">
                <vehicle id="cfm_slow_0" pos="4.11" speed="42.35"/>
                <vehicle id="cfm_slow_1" pos="42.24" speed="42.65"/>
            </lane>
        </edge>
    </timestep>
    <timestep time="4.06">
        <edge id="bottom">
            <lane id="bottom_0">
                <vehicle id="cfm_slow_3" pos="20.40" speed="44.70"/>
            </lane>
        </edge>
        <edge id="left">
            <lane id="left_0">
                <vehicle id="cfm_slow_2" pos="31.13" speed="43.44"/>
            </lane>
        </edge>
        <edge id="right">
            <lane id="right_0">
                <vehicle id="cfm_slow_4" pos="10.96" speed="45.60"/>
            </lane>
        </edge>
        <edge id="top">
            <lane id="top_0">
                <vehicle id="cfm_slow_0" pos="4.53" speed="42.38"/>
                <vehicle id="cfm_slow_1" pos="42.67" speed="42.69"/>
            </lane>
        </edge>
    </timestep>
    <timestep time="4.07">
        <edge id="bottom">
            <lane id="bottom_0">
                <vehicle id="cfm_slow_3" pos="20.84" speed="44.74"/>
            </lane>
        </edge>
        <edge id="left">
            <lane id="left_0">
                <vehicle id="cfm_slow_2" pos="31.57" speed="43.48"/>
            </lane>
        </edge>
        <edge id="right">
            <lane id="right_0">
                <vehicle id="cfm_slow_4" pos="11.42" speed="45.62"/>
            </lane>
        </edge>
        <edge id="top">
            <lane id="top_0">
                <vehicle id="cfm_slow_0" pos="4.96" speed="42.41"/>
                <vehicle id="cfm_slow_1" pos="43.10" speed="42.72"/>
            </lane>
        </edge>
    </timestep>
    <timestep time="4.08">
        <edge id="bottom">
            <lane id="bottom_0">
                <vehicle id="cfm_slow_3" pos="21.29" speed="44.77"/>
            </lane>
        </edge>
        <edge id="left">
            <lane id="left_0">
                <vehicle id="cfm_slow_2" pos="32.00" speed="43.51"/>
            </lane>
        </edge>
        <edge id="right">
            <lane id="right_0">
                <vehicle id="cfm_slow_4" pos="11.87" speed="45.63"/>
            </lane>
        </edge>
        <edge id="top">
            <lane id="top_0">
                <vehicle id="cfm_slow_0" pos="5.38" speed="42.44"/>
                <vehicle id="cfm_slow_1" pos="43.52" speed="42.75"/>
            </lane>
        </edge>
    </timestep>
    <timestep time="4.09">
        <edge id="bottom">
            <lane id="bottom_0">
                <vehicle id="cfm_slow_3" pos="21.74" speed="44.80"/>
            </lane>
        </edge>
        <edge id="left">
            <lane id="left_0">
                <vehicle id="cfm_slow_2" pos="32.44" speed="43.55"/>
            </lane>
        </edge>
        <edge id="right">
            <lane id="right_0">
                <vehicle id="cfm_slow_4" pos="12.33" speed="45.65"/>
            </lane>
        </edge>
        <edge id="top">
            <lane id="top_0">
                <vehicle id="cfm_slow_0" pos="5.81" speed="42.46"/>
                <vehicle id="cfm_slow_1" pos="43.95" speed="42.78"/>
            </lane>
        </edge>
    </timestep>
    <timestep time="4.10">
        <edge id="bottom">
            <lane id="bottom_0">
                <vehicle id="cfm_slow_3" pos="22.19" speed="44.84"/>
            </lane>
        </edge>
        <edge id="left">
            <lane id="left_0">
                <vehicle id="cfm_slow_2" pos="32.87" speed="43.59"/>
            </lane>
        </edge>
        <edge id="right">
            <lane id="right_0">
                <vehicle id="cfm_slow_4" pos="12.79" speed="45.66"/>
            </lane>
        </edge>
        <edge id="top">
            <lane id="top_0">
                <vehicle id="cfm_slow_0" pos="6.23" speed="42.49"/>
                <vehicle id="cfm_slow_1" pos="44.38" speed="42.81"/>
            </lane>
        </edge>
    </timestep>
    <timestep time="4.11">
        <edge id="bottom">
            <lane id="bottom_0">
                <vehicle id="cfm_slow_3" pos="22.64" speed="44.87"/>
            </lane>
        </edge>
        <edge id="left">
            <lane id="left_0">
                <vehicle id="cfm_slow_2" pos="33.31" speed="43.62"/>
            </lane>
        </edge>
        <edge id="right">
            <lane id="right_0">
                <vehicle id="cfm_slow_4" pos="13.24" speed="45.68"/>
            </lane>
        </edge>
        <edge id="top">
            <lane id="top_0">
                <vehicle id="cfm_slow_0" pos="6.66" speed="42.52"/>
                <vehicle id="cfm_slow_1" pos="44.81" speed="42.84"/>
            </lane>
        </edge>
    </timestep>
    <timestep time="4.12">
        <edge id="bottom">
            <lane id="bottom_0">
                <vehicle id="cfm_slow_3" pos="23.08" speed="44.90"/>
            </lane>
        </edge>
        <edge id="left">
            <lane id="left_0">
                <vehicle id="cfm_slow_2" pos="33.75" speed="43.66"/>
            </lane>
        </edge>
        <edge id="right">
            <lane id="right_0">
                <vehicle id="cfm_slow_4" pos="13.70" speed="45.69"/>
            </lane>
        </edge>
        <edge id="top">
            <lane id="top_0">
                <vehicle id="cfm_slow_0" pos="7.08" speed="42.54"/>
                <vehicle id="cfm_slow_1" pos="45.24" speed="42.88"/>
            </lane>
        </edge>
    </timestep>
    <timestep time="4.13">
        <edge id="bottom">
            <lane id="bottom_0">
                <vehicle id="cfm_slow_3" pos="23.53" speed="44.93"/>
            </lane>
        </edge>
        <edge id="left">
            <lane id="left_0">
                <vehicle id="cfm_slow_2" pos="34.18" speed="43.69"/>
            </lane>
        </edge>
        <edge id="right">
            <lane id="right_0">
                <vehicle id="cfm_slow_4" pos="14.16" speed="45.71"/>
            </lane>
        </edge>
        <edge id="top">
            <lane id="top_0">
                <vehicle id="cfm_slow_0" pos="7.51" speed="42.57"/>
                <vehicle id="cfm_slow_1" pos="45.67" speed="42.91"/>
            </lane>
        </edge>
    </timestep>
    <timestep time="4.14">
        <edge id="bottom">
            <lane id="bottom_0">
                <vehicle id="cfm_slow_3" pos="23.98" speed="44.96"/>
            </lane>
        </edge>
        <edge id="left">
            <lane id="left_0">
                <vehicle id="cfm_slow_2" pos="34.62" speed="43.73"/>
            </lane>
        </edge>
        <edge id="right">
            <lane id="right_0">
                <vehicle id="cfm_slow_4" pos="14.61" speed="45.72"/>
            </lane>
        </edge>
        <edge id="top">
            <lane id="top_0">
                <vehicle id="cfm_slow_0" pos="7.93" speed="42.60"/>
                <vehicle id="cfm_slow_1" pos="46.10" speed="42.94"/>
            </lane>
        </edge>
    </timestep>
    <timestep time="4.15">
        <edge id="bottom">
            <lane id="bottom_0">
                <vehicle id="cfm_slow_3" pos="24.43" speed="45.00"/>
            </lane>
        </edge>
        <edge id="left">
            <lane id="left_0">
                <vehicle id="cfm_slow_2" pos="35.06" speed="43.77"/>
            </lane>
        </edge>
        <edge id="right">
            <lane id="right_0">
                <vehicle id="cfm_slow_4" pos="15.07" speed="45.73"/>
            </lane>
        </edge>
        <edge id="top">
            <lane id="top_0">
                <vehicle id="cfm_slow_0" pos="8.36" speed="42.62"/>
                <vehicle id="cfm_slow_1" pos="46.52" speed="42.97"/>
            </lane>
        </edge>
    </timestep>
    <timestep time="4.16">
        <edge id="bottom">
            <lane id="bottom_0">
                <vehicle id="cfm_slow_3" pos="24.88" speed="45.03"/>
            </lane>
        </edge>
        <edge id="left">
            <lane id="left_0">
                <vehicle id="cfm_slow_2" pos="35.50" speed="43.80"/>
            </lane>
        </edge>
        <edge id="right">
            <lane id="right_0">
                <vehicle id="cfm_slow_4" pos="15.53" speed="45.75"/>
            </lane>
        </edge>
        <edge id="top">
            <lane id="top_0">
                <vehicle id="cfm_slow_0" pos="8.79" speed="42.65"/>
                <vehicle id="cfm_slow_1" pos="46.95" speed="43.00"/>
            </lane>
        </edge>
    </timestep>
    <timestep time="4.17">
        <edge id="bottom">
            <lane id="bottom_0">
                <vehicle id="cfm_slow_3" pos="25.33" speed="45.06"/>
            </lane>
        </edge>
        <edge id="left">
            <lane id="left_0">
                <vehicle id="cfm_slow_2" pos="35.93" speed="43.84"/>
            </lane>
        </edge>
        <edge id="right">
            <lane id="right_0">
                <vehicle id="cfm_slow_4" pos="15.99" speed="45.76"/>
            </lane>
        </edge>
        <edge id="top">
            <lane id="top_0">
                <vehicle id="cfm_slow_0" pos="9.21" speed="42.68"/>
                <vehicle id="cfm_slow_1" pos="47.39" speed="43.03"/>
            </lane>
        </edge>
    </timestep>
    <timestep time="4.18">
        <edge id="bottom">
            <lane id="bottom_0">
                <vehicle id="cfm_slow_3" pos="25.79" speed="45.09"/>
            </lane>
        </edge>
        <edge id="left">
            <lane id="left_0">
                <vehicle id="cfm_slow_2" pos="36.37" speed="43.87"/>
            </lane>
        </edge>
        <edge id="right">
            <lane id="right_0">
                <vehicle id="cfm_slow_4" pos="16.44" speed="45.77"/>
            </lane>
        </edge>
        <edge id="top">
            <lane id="top_0">
                <vehicle id="cfm_slow_0" pos="9.64" speed="42.70"/>
                <vehicle id="cfm_slow_1" pos="47.82" speed="43.06"/>
            </lane>
        </edge>
    </timestep>
    <timestep time="4.19">
        <edge id="bottom">
            <lane id="bottom_0">
                <vehicle id="cfm_slow_3" pos="26.24" speed="45.12"/>
            </lane>
        </edge>
        <edge id="left">
            <lane id="left_0">
                <vehicle id="cfm_slow_2" pos="36.81" speed="43.90"/>
            </lane>
        </edge>
        <edge id="right">
            <lane id="right_0">
                <vehicle id="cfm_slow_4" pos="16.90" speed="45.79"/>
            </lane>
        </edge>
        <edge id="top">
            <lane id="top_0">
                <vehicle id="cfm_slow_0" pos="10.07" speed="42.73"/>
                <vehicle id="cfm_slow_1" pos="48.25" speed="43.09"/>
            </lane>
        </edge>
    </timestep>
    <timestep time="4.20">
        <edge id="bottom">
            <lane id="bottom_0">
                <vehicle id="cfm_slow_3" pos="26.69" speed="45.15"/>
            </lane>
        </edge>
        <edge id="left">
            <lane id="left_0">
                <vehicle id="cfm_slow_2" pos="37.25" speed="43.94"/>
            </lane>
        </edge>
        <edge id="right">
            <lane id="right_0">
                <vehicle id="cfm_slow_4" pos="17.36" speed="45.80"/>
            </lane>
        </edge>
        <edge id="top">
            <lane id="top_0">
                <vehicle id="cfm_slow_0" pos="10.49" speed="42.75"/>
                <vehicle id="cfm_slow_1" pos="48.68" speed="43.12"/>
            </lane>
        </edge>
    </timestep>
    <timestep time="4.21">
        <edge id="bottom">
            <lane id="bottom_0">
                <vehicle id="cfm_slow_3" pos="27.14" speed="45.17"/>
            </lane>
        </edge>
        <edge id="left">
            <lane id="left_0">
                <vehicle id="cfm_slow_2" pos="37.69" speed="43.97"/>
            </lane>
        </edge>
        <edge id="right">
            <lane id="right_0">
                <vehicle id="cfm_slow_4" pos="17.82" speed="45.81"/>
            </lane>
        </edge>
        <edge id="top">
            <lane id="top_0">
                <vehicle id="cfm_slow_0" pos="10.92" speed="42.78"/>
                <vehicle id="cfm_slow_1" pos="49.11" speed="43.15"/>
            </lane>
        </edge>
    </timestep>
    <timestep time="4.22">
        <edge id="bottom">
            <lane id="bottom_0">
                <vehicle id="cfm_slow_3" pos="27.59" speed="45.20"/>
            </lane>
        </edge>
        <edge id="left">
            <lane id="left_0">
                <vehicle id="cfm_slow_2" pos="38.13" speed="44.00"/>
            </lane>
        </edge>
        <edge id="right">
            <lane id="right_0">
                <vehicle id="cfm_slow_4" pos="18.28" speed="45.82"/>
            </lane>
        </edge>
        <edge id="top">
            <lane id="top_0">
                <vehicle id="cfm_slow_0" pos="11.35" speed="42.80"/>
                <vehicle id="cfm_slow_1" pos="49.54" speed="43.18"/>
            </lane>
        </edge>
    </timestep>
    <timestep time="4.23">
        <edge id="bottom">
            <lane id="bottom_0">
                <vehicle id="cfm_slow_3" pos="28.04" speed="45.23"/>
            </lane>
        </edge>
        <edge id="left">
            <lane id="left_0">
                <vehicle id="cfm_slow_2" pos="38.57" speed="44.04"/>
            </lane>
        </edge>
        <edge id="right">
            <lane id="right_0">
                <vehicle id="cfm_slow_4" pos="18.73" speed="45.83"/>
            </lane>
        </edge>
        <edge id="top">
            <lane id="top_0">
                <vehicle id="cfm_slow_0" pos="11.78" speed="42.83"/>
                <vehicle id="cfm_slow_1" pos="49.97" speed="43.21"/>
            </lane>
        </edge>
    </timestep>
    <timestep time="4.24">
        <edge id="bottom">
            <lane id="bottom_0">
                <vehicle id="cfm_slow_3" pos="28.50" speed="45.26"/>
            </lane>
        </edge>
        <edge id="left">
            <lane id="left_0">
                <vehicle id="cfm_slow_1" pos="0.41" speed="43.24"/>
                <vehicle id="cfm_slow_2" pos="39.01" speed="44.07"/>
            </lane>
        </edge>
        <edge id="right">
            <lane id="right_0">
                <vehicle id="cfm_slow_4" pos="19.19" speed="45.84"/>
            </lane>
        </edge>
        <edge id="top">
            <lane id="top_0">
                <vehicle id="cfm_slow_0" pos="12.21" speed="42.85"/>
            </lane>
        </edge>
    </timestep>
    <timestep time="4.25">
        <edge id="bottom">
            <lane id="bottom_0">
                <vehicle id="cfm_slow_3" pos="28.95" speed="45.29"/>
            </lane>
        </edge>
        <edge id="left">
            <lane id="left_0">
                <vehicle id="cfm_slow_1" pos="0.84" speed="43.27"/>
                <vehicle id="cfm_slow_2" pos="39.45" speed="44.10"/>
            </lane>
        </edge>
        <edge id="right">
            <lane id="right_0">
                <vehicle id="cfm_slow_4" pos="19.65" speed="45.85"/>
            </lane>
        </edge>
        <edge id="top">
            <lane id="top_0">
                <vehicle id="cfm_slow_0" pos="12.64" speed="42.88"/>
            </lane>
        </edge>
    </timestep>
    <timestep time="4.26">
        <edge id="bottom">
            <lane id="bottom_0">
                <vehicle id="cfm_slow_3" pos="29.40" speed="45.31"/>
            </lane>
        </edge>
        <edge id="left">
            <lane id="left_0">
                <vehicle id="cfm_slow_1" pos="1.27" speed="43.30"/>
                <vehicle id="cfm_slow_2" pos="39.90" speed="44.14"/>
            </lane>
        </edge>
        <edge id="right">
            <lane id="right_0">
                <vehicle id="cfm_slow_4" pos="20.11" speed="45.86"/>
            </lane>
        </edge>
        <edge id="top">
            <lane id="top_0">
                <vehicle id="cfm_slow_0" pos="13.06" speed="42.90"/>
            </lane>
        </edge>
    </timestep>
    <timestep time="4.27">
        <edge id="bottom">
            <lane id="bottom_0">
                <vehicle id="cfm_slow_3" pos="29.86" speed="45.34"/>
            </lane>
        </edge>
        <edge id="left">
            <lane id="left_0">
                <vehicle id="cfm_slow_1" pos="1.70" speed="43.32"/>
                <vehicle id="cfm_slow_2" pos="40.34" speed="44.17"/>
            </lane>
        </edge>
        <edge id="right">
            <lane id="right_0">
                <vehicle id="cfm_slow_4" pos="20.57" speed="45.87"/>
            </lane>
        </edge>
        <edge id="top">
            <lane id="top_0">
                <vehicle id="cfm_slow_0" pos="13.49" speed="42.93"/>
            </lane>
        </edge>
    </timestep>
    <timestep time="4.28">
        <edge id="bottom">
            <lane id="bottom_0">
                <vehicle id="cfm_slow_3" pos="30.31" speed="45.37"/>
            </lane>
        </edge>
        <edge id="left">
            <lane id="left_0">
                <vehicle id="cfm_slow_1" pos="2.14" speed="43.35"/>
                <vehicle id="cfm_slow_2" pos="40.78" speed="44.20"/>
            </lane>
        </edge>
        <edge id="right">
            <lane id="right_0">
                <vehicle id="cfm_slow_4" pos="21.03" speed="45.88"/>
            </lane>
        </edge>
        <edge id="top">
            <lane id="top_0">
                <vehicle id="cfm_slow_0" pos="13.92" speed="42.95"/>
            </lane>
        </edge>
    </timestep>
    <timestep time="4.29">
        <edge id="bottom">
            <lane id="bottom_0">
                <vehicle id="cfm_slow_3" pos="30.76" speed="45.39"/>
            </lane>
        </edge>
        <edge id="left">
            <lane id="left_0">
                <vehicle id="cfm_slow_1" pos="2.57" speed="43.38"/>
                <vehicle id="cfm_slow_2" pos="41.22" speed="44.23"/>
            </lane>
        </edge>
        <edge id="right">
            <lane id="right_0">
                <vehicle id="cfm_slow_4" pos="21.49" speed="45.89"/>
            </lane>
        </edge>
        <edge id="top">
            <lane id="top_0">
                <vehicle id="cfm_slow_0" pos="14.35" speed="42.98"/>
            </lane>
        </edge>
    </timestep>
    <timestep time="4.30">
        <edge id="bottom">
            <lane id="bottom_0">
                <vehicle id="cfm_slow_3" pos="31.22" speed="45.42"/>
            </lane>
        </edge>
        <edge id="left">
            <lane id="left_0">
                <vehicle id="cfm_slow_1" pos="3.01" speed="43.41"/>
                <vehicle id="cfm_slow_2" pos="41.66" speed="44.26"/>
            </lane>
        </edge>
        <edge id="right">
            <lane id="right_0">
                <vehicle id="cfm_slow_4" pos="21.95" speed="45.90"/>
            </lane>
        </edge>
        <edge id="top">
            <lane id="top_0">
                <vehicle id="cfm_slow_0" pos="14.78" speed="43.00"/>
            </lane>
        </edge>
    </timestep>
    <timestep time="4.31">
        <edge id="bottom">
            <lane id="bottom_0">
                <vehicle id="cfm_slow_3" pos="31.67" speed="45.44"/>
            </lane>
        </edge>
        <edge id="left">
            <lane id="left_0">
                <vehicle id="cfm_slow_1" pos="3.44" speed="43.44"/>
                <vehicle id="cfm_slow_2" pos="42.11" speed="44.30"/>
            </lane>
        </edge>
        <edge id="right">
            <lane id="right_0">
                <vehicle id="cfm_slow_4" pos="22.40" speed="45.91"/>
            </lane>
        </edge>
        <edge id="top">
            <lane id="top_0">
                <vehicle id="cfm_slow_0" pos="15.21" speed="43.03"/>
            </lane>
        </edge>
    </timestep>
    <timestep time="4.32">
        <edge id="bottom">
            <lane id="bottom_0">
                <vehicle id="cfm_slow_3" pos="32.13" speed="45.47"/>
            </lane>
        </edge>
        <edge id="left">
            <lane id="left_0">
                <vehicle id="cfm_slow_1" pos="3.87" speed="43.47"/>
                <vehicle id="cfm_slow_2" pos="42.55" speed="44.33"/>
            </lane>
        </edge>
        <edge id="right">
            <lane id="right_0">
                <vehicle id="cfm_slow_4" pos="22.86" speed="45.92"/>
            </lane>
        </edge>
        <edge id="top">
            <lane id="top_0">
                <vehicle id="cfm_slow_0" pos="15.64" speed="43.05"/>
            </lane>
        </edge>
    </timestep>
    <timestep time="4.33">
        <edge id="bottom">
            <lane id="bottom_0">
                <vehicle id="cfm_slow_3" pos="32.58" speed="45.49"/>
            </lane>
        </edge>
        <edge id="left">
            <lane id="left_0">
                <vehicle id="cfm_slow_1" pos="4.31" speed="43.49"/>
                <vehicle id="cfm_slow_2" pos="42.99" speed="44.36"/>
            </lane>
        </edge>
        <edge id="right">
            <lane id="right_0">
                <vehicle id="cfm_slow_4" pos="23.32" speed="45.93"/>
            </lane>
        </edge>
        <edge id="top">
            <lane id="top_0">
                <vehicle id="cfm_slow_0" pos="16.08" speed="43.07"/>
            </lane>
        </edge>
    </timestep>
    <timestep time="4.34">
        <edge id="bottom">
            <lane id="bottom_0">
                <vehicle id="cfm_slow_3" pos="33.04" speed="45.52"/>
            </lane>
        </edge>
        <edge id="left">
            <lane id="left_0">
                <vehicle id="cfm_slow_1" pos="4.74" speed="43.52"/>
                <vehicle id="cfm_slow_2" pos="43.44" speed="44.39"/>
            </lane>
        </edge>
        <edge id="right">
            <lane id="right_0">
                <vehicle id="cfm_slow_4" pos="23.78" speed="45.94"/>
            </lane>
        </edge>
        <edge id="top">
            <lane id="top_0">
                <vehicle id="cfm_slow_0" pos="16.51" speed="43.10"/>
            </lane>
        </edge>
    </timestep>
    <timestep time="4.35">
        <edge id="bottom">
            <lane id="bottom_0">
                <vehicle id="cfm_slow_3" pos="33.49" speed="45.54"/>
            </lane>
        </edge>
        <edge id="left">
            <lane id="left_0">
                <vehicle id="cfm_slow_1" pos="5.18" speed="43.55"/>
                <vehicle id="cfm_slow_2" pos="43.88" speed="44.42"/>
            </lane>
        </edge>
        <edge id="right">
            <lane id="right_0">
                <vehicle id="cfm_slow_4" pos="24.24" speed="45.95"/>
            </lane>
        </edge>
        <edge id="top">
            <lane id="top_0">
                <vehicle id="cfm_slow_0" pos="16.94" speed="43.12"/>
            </lane>
        </edge>
    </timestep>
    <timestep time="4.36">
        <edge id="bottom">
            <lane id="bottom_0">
                <vehicle id="cfm_slow_3" pos="33.95" speed="45.57"/>
            </lane>
        </edge>
        <edge id="left">
            <lane id="left_0">
                <vehicle id="cfm_slow_1" pos="5.62" speed="43.58"/>
                <vehicle id="cfm_slow_2" pos="44.33" speed="44.45"/>
            </lane>
        </edge>
        <edge id="right">
            <lane id="right_0">
                <vehicle id="cfm_slow_4" pos="24.70" speed="45.96"/>
            </lane>
        </edge>
        <edge id="top">
            <lane id="top_0">
                <vehicle id="cfm_slow_0" pos="17.37" speed="43.14"/>
            </lane>
        </edge>
    </timestep>
    <timestep time="4.37">
        <edge id="bottom">
            <lane id="bottom_0">
                <vehicle id="cfm_slow_3" pos="34.40" speed="45.59"/>
            </lane>
        </edge>
        <edge id="left">
            <lane id="left_0">
                <vehicle id="cfm_slow_1" pos="6.05" speed="43.60"/>
                <vehicle id="cfm_slow_2" pos="44.77" speed="44.48"/>
            </lane>
        </edge>
        <edge id="right">
            <lane id="right_0">
                <vehicle id="cfm_slow_4" pos="25.16" speed="45.97"/>
            </lane>
        </edge>
        <edge id="top">
            <lane id="top_0">
                <vehicle id="cfm_slow_0" pos="17.80" speed="43.17"/>
            </lane>
        </edge>
    </timestep>
    <timestep time="4.38">
        <edge id="bottom">
            <lane id="bottom_0">
                <vehicle id="cfm_slow_3" pos="34.86" speed="45.61"/>
            </lane>
        </edge>
        <edge id="left">
            <lane id="left_0">
                <vehicle id="cfm_slow_1" pos="6.49" speed="43.63"/>
                <vehicle id="cfm_slow_2" pos="45.22" speed="44.51"/>
            </lane>
        </edge>
        <edge id="right">
            <lane id="right_0">
                <vehicle id="cfm_slow_4" pos="25.62" speed="45.97"/>
            </lane>
        </edge>
        <edge id="top">
            <lane id="top_0">
                <vehicle id="cfm_slow_0" pos="18.23" speed="43.19"/>
            </lane>
        </edge>
    </timestep>
    <timestep time="4.39">
        <edge id="bottom">
            <lane id="bottom_0">
                <vehicle id="cfm_slow_3" pos="35.32" speed="45.64"/>
            </lane>
        </edge>
        <edge id="left">
            <lane id="left_0">
                <vehicle id="cfm_slow_1" pos="6.93" speed="43.66"/>
                <vehicle id="cfm_slow_2" pos="45.66" speed="44.54"/>
            </lane>
        </edge>
        <edge id="right">
            <lane id="right_0">
                <vehicle id="cfm_slow_4" pos="26.08" speed="45.98"/>
            </lane>
        </edge>
        <edge id="top">
            <lane id="top_0">
                <vehicle id="cfm_slow_0" pos="18.66" speed="43.21"/>
            </lane>
        </edge>
    </timestep>
    <timestep time="4.40">
        <edge id="bottom">
            <lane id="bottom_0">
                <vehicle id="cfm_slow_3" pos="35.77" speed="45.66"/>
            </lane>
        </edge>
        <edge id="left">
            <lane id="left_0">
                <vehicle id="cfm_slow_1" pos="7.36" speed="43.69"/>
                <vehicle id="cfm_slow_2" pos="46.11" speed="44.57"/>
            </lane>
        </edge>
        <edge id="right">
            <lane id="right_0">
                <vehicle id="cfm_slow_4" pos="26.54" speed="45.99"/>
            </lane>
        </edge>
        <edge id="top">
            <lane id="top_0">
                <vehicle id="cfm_slow_0" pos="19.10" speed="43.23"/>
            </lane>
        </edge>
    </timestep>
    <timestep time="4.41">
        <edge id="bottom">
            <lane id="bottom_0">
                <vehicle id="cfm_slow_3" pos="36.23" speed="45.68"/>
            </lane>
        </edge>
        <edge id="left">
            <lane id="left_0">
                <vehicle id="cfm_slow_1" pos="7.80" speed="43.71"/>
                <vehicle id="cfm_slow_2" pos="46.55" speed="44.60"/>
            </lane>
        </edge>
        <edge id="right">
            <lane id="right_0">
                <vehicle id="cfm_slow_4" pos="27.00" speed="46.00"/>
            </lane>
        </edge>
        <edge id="top">
            <lane id="top_0">
                <vehicle id="cfm_slow_0" pos="19.53" speed="43.26"/>
            </lane>
        </edge>
    </timestep>
    <timestep time="4.42">
        <edge id="bottom">
            <lane id="bottom_0">
                <vehicle id="cfm_slow_3" pos="36.69" speed="45.70"/>
            </lane>
        </edge>
        <edge id="left">
            <lane id="left_0">
                <vehicle id="cfm_slow_1" pos="8.24" speed="43.74"/>
                <vehicle id="cfm_slow_2" pos="47.00" speed="44.62"/>
            </lane>
        </edge>
        <edge id="right">
            <lane id="right_0">
                <vehicle id="cfm_slow_4" pos="27.46" speed="46.00"/>
            </lane>
        </edge>
        <edge id="top">
            <lane id="top_0">
                <vehicle id="cfm_slow_0" pos="19.96" speed="43.28"/>
            </lane>
        </edge>
    </timestep>
    <timestep time="4.43">
        <edge id="bottom">
            <lane id="bottom_0">
                <vehicle id="cfm_slow_3" pos="37.14" speed="45.72"/>
            </lane>
        </edge>
        <edge id="left">
            <lane id="left_0">
                <vehicle id="cfm_slow_1" pos="8.67" speed="43.77"/>
                <vehicle id="cfm_slow_2" pos="47.45" speed="44.65"/>
            </lane>
        </edge>
        <edge id="right">
            <lane id="right_0">
                <vehicle id="cfm_slow_4" pos="27.92" speed="46.01"/>
            </lane>
        </edge>
        <edge id="top">
            <lane id="top_0">
                <vehicle id="cfm_slow_0" pos="20.39" speed="43.30"/>
            </lane>
        </edge>
    </timestep>
    <timestep time="4.44">
        <edge id="bottom">
            <lane id="bottom_0">
                <vehicle id="cfm_slow_3" pos="37.60" speed="45.75"/>
            </lane>
        </edge>
        <edge id="left">
            <lane id="left_0">
                <vehicle id="cfm_slow_1" pos="9.11" speed="43.79"/>
                <vehicle id="cfm_slow_2" pos="47.89" speed="44.68"/>
            </lane>
        </edge>
        <edge id="right">
            <lane id="right_0">
                <vehicle id="cfm_slow_4" pos="28.38" speed="46.02"/>
            </lane>
        </edge>
        <edge id="top">
            <lane id="top_0">
                <vehicle id="cfm_slow_0" pos="20.83" speed="43.32"/>
            </lane>
        </edge>
    </timestep>
    <timestep time="4.45">
        <edge id="bottom">
            <lane id="bottom_0">
                <vehicle id="cfm_slow_3" pos="38.06" speed="45.77"/>
            </lane>
        </edge>
        <edge id="left">
            <lane id="left_0">
                <vehicle id="cfm_slow_1" pos="9.55" speed="43.82"/>
                <vehicle id="cfm_slow_2" pos="48.34" speed="44.71"/>
            </lane>
        </edge>
        <edge id="right">
            <lane id="right_0">
                <vehicle id="cfm_slow_4" pos="28.84" speed="46.02"/>
            </lane>
        </edge>
        <edge id="top">
            <lane id="top_0">
                <vehicle id="cfm_slow_0" pos="21.26" speed="43.35"/>
            </lane>
        </edge>
    </timestep>
    <timestep time="4.46">
        <edge id="bottom">
            <lane id="bottom_0">
                <vehicle id="cfm_slow_3" pos="38.52" speed="45.79"/>
            </lane>
        </edge>
        <edge id="left">
            <lane id="left_0">
                <vehicle id="cfm_slow_1" pos="9.99" speed="43.84"/>
                <vehicle id="cfm_slow_2" pos="48.79" speed="44.74"/>
            </lane>
        </edge>
        <edge id="right">
            <lane id="right_0">
                <vehicle id="cfm_slow_4" pos="29.30" speed="46.03"/>
            </lane>
        </edge>
        <edge id="top">
            <lane id="top_0">
                <vehicle id="cfm_slow_0" pos="21.70" speed="43.37"/>
            </lane>
        </edge>
    </timestep>
    <timestep time="4.47">
        <edge id="bottom">
            <lane id="bottom_0">
                <vehicle id="cfm_slow_3" pos="38.98" speed="45.81"/>
            </lane>
        </edge>
        <edge id="left">
            <lane id="left_0">
                <vehicle id="cfm_slow_1" pos="10.43" speed="43.87"/>
                <vehicle id="cfm_slow_2" pos="49.23" speed="44.76"/>
            </lane>
        </edge>
        <edge id="right">
            <lane id="right_0">
                <vehicle id="cfm_slow_4" pos="29.76" speed="46.04"/>
            </lane>
        </edge>
        <edge id="top">
            <lane id="top_0">
                <vehicle id="cfm_slow_0" pos="22.13" speed="43.39"/>
            </lane>
        </edge>
    </timestep>
    <timestep time="4.48">
        <edge id="bottom">
            <lane id="bottom_0">
                <vehicle id="cfm_slow_3" pos="39.43" speed="45.83"/>
            </lane>
        </edge>
        <edge id="left">
            <lane id="left_0">
                <vehicle id="cfm_slow_1" pos="10.87" speed="43.90"/>
                <vehicle id="cfm_slow_2" pos="49.68" speed="44.79"/>
            </lane>
        </edge>
        <edge id="right">
            <lane id="right_0">
                <vehicle id="cfm_slow_4" pos="30.22" speed="46.04"/>
            </lane>
        </edge>
        <edge id="top">
            <lane id="top_0">
                <vehicle id="cfm_slow_0" pos="22.56" speed="43.41"/>
            </lane>
        </edge>
    </timestep>
    <timestep time="4.49">
        <edge id="bottom">
            <lane id="bottom_0">
                <vehicle id="cfm_slow_2" pos="0.13" speed="44.82"/>
                <vehicle id="cfm_slow_3" pos="39.89" speed="45.85"/>
            </lane>
        </edge>
        <edge id="left">
            <lane id="left_0">
                <vehicle id="cfm_slow_1" pos="11.31" speed="43.92"/>
            </lane>
        </edge>
        <edge id="right">
            <lane id="right_0">
                <vehicle id="cfm_slow_4" pos="30.68" speed="46.05"/>
            </lane>
        </edge>
        <edge id="top">
            <lane id="top_0">
                <vehicle id="cfm_slow_0" pos="23.00" speed="43.43"/>
            </lane>
        </edge>
    </timestep>
    <timestep time="4.50">
        <edge id="bottom">
            <lane id="bottom_0">
                <vehicle id="cfm_slow_2" pos="0.58" speed="44.85"/>
                <vehicle id="cfm_slow_3" pos="40.35" speed="45.87"/>
            </lane>
        </edge>
        <edge id="left">
            <lane id="left_0">
                <vehicle id="cfm_slow_1" pos="11.75" speed="43.95"/>
            </lane>
        </edge>
        <edge id="right">
            <lane id="right_0">
                <vehicle id="cfm_slow_4" pos="31.14" speed="46.05"/>
            </lane>
        </edge>
        <edge id="top">
            <lane id="top_0">
                <vehicle id="cfm_slow_0" pos="23.43" speed="43.45"/>
            </lane>
        </edge>
    </timestep>
    <timestep time="4.51">
        <edge id="bottom">
            <lane id="bottom_0">
                <vehicle id="cfm_slow_2" pos="1.03" speed="44.87"/>
                <vehicle id="cfm_slow_3" pos="40.81" speed="45.89"/>
            </lane>
        </edge>
        <edge id="left">
            <lane id="left_0">
                <vehicle id="cfm_slow_1" pos="12.18" speed="43.97"/>
            </lane>
        </edge>
        <edge id="right">
            <lane id="right_0">
                <vehicle id="cfm_slow_4" pos="31.60" speed="46.06"/>
            </lane>
        </edge>
        <edge id="top">
            <lane id="top_0">
                <vehicle id="cfm_slow_0" pos="23.87" speed="43.48"/>
            </lane>
        </edge>
    </timestep>
    <timestep time="4.52">
        <edge id="bottom">
            <lane id="bottom_0">
                <vehicle id="cfm_slow_2" pos="1.48" speed="44.90"/>
                <vehicle id="cfm_slow_3" pos="41.27" speed="45.90"/>
            </lane>
        </edge>
        <edge id="left">
            <lane id="left_0">
                <vehicle id="cfm_slow_1" pos="12.62" speed="44.00"/>
            </lane>
        </edge>
        <edge id="right">
            <lane id="right_0">
                <vehicle id="cfm_slow_4" pos="32.06" speed="46.07"/>
            </lane>
        </edge>
        <edge id="top">
            <lane id="top_0">
                <vehicle id="cfm_slow_0" pos="24.30" speed="43.50"/>
            </lane>
        </edge>
    </timestep>
    <timestep time="4.53">
        <edge id="bottom">
            <lane id="bottom_0">
                <vehicle id="cfm_slow_2" pos="1.93" speed="44.93"/>
                <vehicle id="cfm_slow_3" pos="41.73" speed="45.92"/>
            </lane>
        </edge>
        <edge id="left">
            <lane id="left_0">
                <vehicle id="cfm_slow_1" pos="13.06" speed="44.02"/>
            </lane>
        </edge>
        <edge id="right">
            <lane id="right_0">
                <vehicle id="cfm_slow_4" pos="32.53" speed="46.07"/>
            </lane>
        </edge>
        <edge id="top">
            <lane id="top_0">
                <vehicle id="cfm_slow_0" pos="24.74" speed="43.52"/>
            </lane>
        </edge>
    </timestep>
    <timestep time="4.54">
        <edge id="bottom">
            <lane id="bottom_0">
                <vehicle id="cfm_slow_2" pos="2.38" speed="44.95"/>
                <vehicle id="cfm_slow_3" pos="42.19" speed="45.94"/>
            </lane>
        </edge>
        <edge id="left">
            <lane id="left_0">
                <vehicle id="cfm_slow_1" pos="13.51" speed="44.05"/>
            </lane>
        </edge>
        <edge id="right">
            <lane id="right_0">
                <vehicle id="cfm_slow_4" pos="32.99" speed="46.08"/>
            </lane>
        </edge>
        <edge id="top">
            <lane id="top_0">
                <vehicle id="cfm_slow_0" pos="25.17" speed="43.54"/>
            </lane>
        </edge>
    </timestep>
    <timestep time="4.55">
        <edge id="bottom">
            <lane id="bottom_0">
                <vehicle id="cfm_slow_2" pos="2.83" speed="44.98"/>
                <vehicle id="cfm_slow_3" pos="42.65" speed="45.96"/>
            </lane>
        </edge>
        <edge id="left">
            <lane id="left_0">
                <vehicle id="cfm_slow_1" pos="13.95" speed="44.07"/>
            </lane>
        </edge>
        <edge id="right">
            <lane id="right_0">
                <vehicle id="cfm_slow_4" pos="33.45" speed="46.08"/>
            </lane>
        </edge>
        <edge id="top">
            <lane id="top_0">
                <vehicle id="cfm_slow_0" pos="25.61" speed="43.56"/>
            </lane>
        </edge>
    </timestep>
    <timestep time="4.56">
        <edge id="bottom">
            <lane id="bottom_0">
                <vehicle id="cfm_slow_2" pos="3.28" speed="45.00"/>
                <vehicle id="cfm_slow_3" pos="43.11" speed="45.98"/>
            </lane>
        </edge>
        <edge id="left">
            <lane id="left_0">
                <vehicle id="cfm_slow_1" pos="14.39" speed="44.10"/>
            </lane>
        </edge>
        <edge id="right">
            <lane id="right_0">
                <vehicle id="cfm_slow_4" pos="33.91" speed="46.09"/>
            </lane>
        </edge>
        <edge id="top">
            <lane id="top_0">
                <vehicle id="cfm_slow_0" pos="26.04" speed="43.58"/>
            </lane>
        </edge>
    </timestep>
    <timestep time="4.57">
        <edge id="bottom">
            <lane id="bottom_0">
                <vehicle id="cfm_slow_2" pos="3.73" speed="45.03"/>
                <vehicle id="cfm_slow_3" pos="43.57" speed="46.00"/>
            </lane>
        </edge>
        <edge id="left">
            <lane id="left_0">
                <vehicle id="cfm_slow_1" pos="14.83" speed="44.12"/>
            </lane>
        </edge>
        <edge id="right">
            <lane id="right_0">
                <vehicle id="cfm_slow_4" pos="34.37" speed="46.09"/>
            </lane>
        </edge>
        <edge id="top">
            <lane id="top_0">
                <vehicle id="cfm_slow_0" pos="26.48" speed="43.60"/>
            </lane>
        </edge>
    </timestep>
    <timestep time="4.58">
        <edge id="bottom">
            <lane id="bottom_0">
                <vehicle id="cfm_slow_2" pos="4.18" speed="45.05"/>
                <vehicle id="cfm_slow_3" pos="44.03" speed="46.01"/>
            </lane>
        </edge>
        <edge id="left">
            <lane id="left_0">
                <vehicle id="cfm_slow_1" pos="15.27" speed="44.15"/>
            </lane>
        </edge>
        <edge id="right">
            <lane id="right_0">
                <vehicle id="cfm_slow_4" pos="34.83" speed="46.10"/>
            </lane>
        </edge>
        <edge id="top">
            <lane id="top_0">
                <vehicle id="cfm_slow_0" pos="26.92" speed="43.62"/>
            </lane>
        </edge>
    </timestep>
    <timestep time="4.59">
        <edge id="bottom">
            <lane id="bottom_0">
                <vehicle id="cfm_slow_2" pos="4.63" speed="45.08"/>
                <vehicle id="cfm_slow_3" pos="44.49" speed="46.03"/>
            </lane>
        </edge>
        <edge id="left">
            <lane id="left_0">
                <vehicle id="cfm_slow_1" pos="15.71" speed="44.17"/>
            </lane>
        </edge>
        <edge id="right">
            <lane id="right_0">
                <vehicle id="cfm_slow_4" pos="35.29" speed="46.10"/>
            </lane>
        </edge>
        <edge id="top">
            <lane id="top_0">
                <vehicle id="cfm_slow_0" pos="27.35" speed="43.64"/>
            </lane>
        </edge>
    </timestep>
    <timestep time="4.60">
        <edge id="bottom">
            <lane id="bottom_0">
                <vehicle id="cfm_slow_2" pos="5.08" speed="45.10"/>
                <vehicle id="cfm_slow_3" pos="44.95" speed="46.05"/>
            </lane>
        </edge>
        <edge id="left">
            <lane id="left_0">
                <vehicle id="cfm_slow_1" pos="16.15" speed="44.19"/>
            </lane>
        </edge>
        <edge id="right">
            <lane id="right_0">
                <vehicle id="cfm_slow_4" pos="35.75" speed="46.11"/>
            </lane>
        </edge>
        <edge id="top">
            <lane id="top_0">
                <vehicle id="cfm_slow_0" pos="27.79" speed="43.66"/>
            </lane>
        </edge>
    </timestep>
    <timestep time="4.61">
        <edge id="bottom">
            <lane id="bottom_0">
                <vehicle id="cfm_slow_2" pos="5.53" speed="45.13"/>
                <vehicle id="cfm_slow_3" pos="45.41" speed="46.06"/>
            </lane>
        </edge>
        <edge id="left">
            <lane id="left_0">
                <vehicle id="cfm_slow_1" pos="16.60" speed="44.22"/>
            </lane>
        </edge>
        <edge id="right">
            <lane id="right_0">
                <vehicle id="cfm_slow_4" pos="36.21" speed="46.11"/>
            </lane>
        </edge>
        <edge id="top">
            <lane id="top_0">
                <vehicle id="cfm_slow_0" pos="28.23" speed="43.68"/>
            </lane>
        </edge>
    </timestep>
    <timestep time="4.62">
        <edge id="bottom">
            <lane id="bottom_0">
                <vehicle id="cfm_slow_2" pos="5.98" speed="45.15"/>
                <vehicle id="cfm_slow_3" pos="45.87" speed="46.08"/>
            </lane>
        </edge>
        <edge id="left">
            <lane id="left_0">
                <vehicle id="cfm_slow_1" pos="17.04" speed="44.24"/>
            </lane>
        </edge>
        <edge id="right">
            <lane id="right_0">
                <vehicle id="cfm_slow_4" pos="36.67" speed="46.12"/>
            </lane>
        </edge>
        <edge id="top">
            <lane id="top_0">
                <vehicle id="cfm_slow_0" pos="28.66" speed="43.70"/>
            </lane>
        </edge>
    </timestep>
    <timestep time="4.63">
        <edge id="bottom">
            <lane id="bottom_0">
                <vehicle id="cfm_slow_2" pos="6.43" speed="45.18"/>
                <vehicle id="cfm_slow_3" pos="46.33" speed="46.10"/>
            </lane>
        </edge>
        <edge id="left">
            <lane id="left_0">
                <vehicle id="cfm_slow_1" pos="17.48" speed="44.27"/>
            </lane>
        </edge>
        <edge id="right">
            <lane id="right_0">
                <vehicle id="cfm_slow_4" pos="37.14" speed="46.12"/>
            </lane>
        </edge>
        <edge id="top">
            <lane id="top_0">
                <vehicle id="cfm_slow_0" pos="29.10" speed="43.72"/>
            </lane>
        </edge>
    </timestep>
    <timestep time="4.64">
        <edge id="bottom">
            <lane id="bottom_0">
                <vehicle id="cfm_slow_2" pos="6.88" speed="45.20"/>
                <vehicle id="cfm_slow_3" pos="46.79" speed="46.11"/>
            </lane>
        </edge>
        <edge id="left">
            <lane id="left_0">
                <vehicle id="cfm_slow_1" pos="17.92" speed="44.29"/>
            </lane>
        </edge>
        <edge id="right">
            <lane id="right_0">
                <vehicle id="cfm_slow_4" pos="37.60" speed="46.12"/>
            </lane>
        </edge>
        <edge id="top">
            <lane id="top_0">
                <vehicle id="cfm_slow_0" pos="29.54" speed="43.74"/>
            </lane>
        </edge>
    </timestep>
    <timestep time="4.65">
        <edge id="bottom">
            <lane id="bottom_0">
                <vehicle id="cfm_slow_2" pos="7.34" speed="45.23"/>
                <vehicle id="cfm_slow_3" pos="47.25" speed="46.13"/>
            </lane>
        </edge>
        <edge id="left">
            <lane id="left_0">
                <vehicle id="cfm_slow_1" pos="18.37" speed="44.31"/>
            </lane>
        </edge>
        <edge id="right">
            <lane id="right_0">
                <vehicle id="cfm_slow_4" pos="38.06" speed="46.13"/>
            </lane>
        </edge>
        <edge id="top">
            <lane id="top_0">
                <vehicle id="cfm_slow_0" pos="29.98" speed="43.76"/>
            </lane>
        </edge>
    </timestep>
    <timestep time="4.66">
        <edge id="bottom">
            <lane id="bottom_0">
                <vehicle id="cfm_slow_2" pos="7.79" speed="45.25"/>
                <vehicle id="cfm_slow_3" pos="47.71" speed="46.14"/>
            </lane>
        </edge>
        <edge id="left">
            <lane id="left_0">
                <vehicle id="cfm_slow_1" pos="18.81" speed="44.34"/>
            </lane>
        </edge>
        <edge id="right">
            <lane id="right_0">
                <vehicle id="cfm_slow_4" pos="38.52" speed="46.13"/>
            </lane>
        </edge>
        <edge id="top">
            <lane id="top_0">
                <vehicle id="cfm_slow_0" pos="30.41" speed="43.78"/>
            </lane>
        </edge>
    </timestep>
    <timestep time="4.67">
        <edge id="bottom">
            <lane id="bottom_0">
                <vehicle id="cfm_slow_2" pos="8.24" speed="45.27"/>
                <vehicle id="cfm_slow_3" pos="48.17" speed="46.16"/>
            </lane>
        </edge>
        <edge id="left">
            <lane id="left_0">
                <vehicle id="cfm_slow_1" pos="19.25" speed="44.36"/>
            </lane>
        </edge>
        <edge id="right">
            <lane id="right_0">
                <vehicle id="cfm_slow_4" pos="38.98" speed="46.13"/>
            </lane>
        </edge>
        <edge id="top">
            <lane id="top_0">
                <vehicle id="cfm_slow_0" pos="30.85" speed="43.80"/>
            </lane>
        </edge>
    </timestep>
    <timestep time="4.68">
        <edge id="bottom">
            <lane id="bottom_0">
                <vehicle id="cfm_slow_2" pos="8.70" speed="45.30"/>
                <vehicle id="cfm_slow_3" pos="48.64" speed="46.17"/>
            </lane>
        </edge>
        <edge id="left">
            <lane id="left_0">
                <vehicle id="cfm_slow_1" pos="19.70" speed="44.38"/>
            </lane>
        </edge>
        <edge id="right">
            <lane id="right_0">
                <vehicle id="cfm_slow_4" pos="39.44" speed="46.14"/>
            </lane>
        </edge>
        <edge id="top">
            <lane id="top_0">
                <vehicle id="cfm_slow_0" pos="31.29" speed="43.82"/>
            </lane>
        </edge>
    </timestep>
    <timestep time="4.69">
        <edge id="bottom">
            <lane id="bottom_0">
                <vehicle id="cfm_slow_2" pos="9.15" speed="45.32"/>
                <vehicle id="cfm_slow_3" pos="49.10" speed="46.19"/>
            </lane>
        </edge>
        <edge id="left">
            <lane id="left_0">
                <vehicle id="cfm_slow_1" pos="20.14" speed="44.41"/>
            </lane>
        </edge>
        <edge id="right">
            <lane id="right_0">
                <vehicle id="cfm_slow_4" pos="39.90" speed="46.14"/>
            </lane>
        </edge>
        <edge id="top">
            <lane id="top_0">
                <vehicle id="cfm_slow_0" pos="31.73" speed="43.84"/>
            </lane>
        </edge>
    </timestep>
    <timestep time="4.70">
        <edge id="bottom">
            <lane id="bottom_0">
                <vehicle id="cfm_slow_2" pos="9.60" speed="45.34"/>
                <vehicle id="cfm_slow_3" pos="49.56" speed="46.20"/>
            </lane>
        </edge>
        <edge id="left">
            <lane id="left_0">
                <vehicle id="cfm_slow_1" pos="20.59" speed="44.43"/>
            </lane>
        </edge>
        <edge id="right">
            <lane id="right_0">
                <vehicle id="cfm_slow_4" pos="40.36" speed="46.15"/>
            </lane>
        </edge>
        <edge id="top">
            <lane id="top_0">
                <vehicle id="cfm_slow_0" pos="32.17" speed="43.86"/>
            </lane>
        </edge>
    </timestep>
    <timestep time="4.71">
        <edge id="bottom">
            <lane id="bottom_0">
                <vehicle id="cfm_slow_2" pos="10.06" speed="45.36"/>
            </lane>
        </edge>
        <edge id="left">
            <lane id="left_0">
                <vehicle id="cfm_slow_1" pos="21.03" speed="44.45"/>
            </lane>
        </edge>
        <edge id="right">
            <lane id="right_0">
                <vehicle id="cfm_slow_3" pos="0.02" speed="46.21"/>
                <vehicle id="cfm_slow_4" pos="40.83" speed="46.15"/>
            </lane>
        </edge>
        <edge id="top">
            <lane id="top_0">
                <vehicle id="cfm_slow_0" pos="32.61" speed="43.88"/>
            </lane>
        </edge>
    </timestep>
    <timestep time="4.72">
        <edge id="bottom">
            <lane id="bottom_0">
                <vehicle id="cfm_slow_2" pos="10.51" speed="45.39"/>
            </lane>
        </edge>
        <edge id="left">
            <lane id="left_0">
                <vehicle id="cfm_slow_1" pos="21.47" speed="44.47"/>
            </lane>
        </edge>
        <edge id="right">
            <lane id="right_0">
                <vehicle id="cfm_slow_3" pos="0.49" speed="46.23"/>
                <vehicle id="cfm_slow_4" pos="41.29" speed="46.15"/>
            </lane>
        </edge>
        <edge id="top">
            <lane id="top_0">
                <vehicle id="cfm_slow_0" pos="33.04" speed="43.90"/>
            </lane>
        </edge>
    </timestep>
    <timestep time="4.73">
        <edge id="bottom">
            <lane id="bottom_0">
                <vehicle id="cfm_slow_2" pos="10.96" speed="45.41"/>
            </lane>
        </edge>
        <edge id="left">
            <lane id="left_0">
                <vehicle id="cfm_slow_1" pos="21.92" speed="44.50"/>
            </lane>
        </edge>
        <edge id="right">
            <lane id="right_0">
                <vehicle id="cfm_slow_3" pos="0.95" speed="46.24"/>
                <vehicle id="cfm_slow_4" pos="41.75" speed="46.16"/>
            </lane>
        </edge>
        <edge id="top">
            <lane id="top_0">
                <vehicle id="cfm_slow_0" pos="33.48" speed="43.92"/>
            </lane>
        </edge>
    </timestep>
    <timestep time="4.74">
        <edge id="bottom">
            <lane id="bottom_0">
                <vehicle id="cfm_slow_2" pos="11.42" speed="45.43"/>
            </lane>
        </edge>
        <edge id="left">
            <lane id="left_0">
                <vehicle id="cfm_slow_1" pos="22.37" speed="44.52"/>
            </lane>
        </edge>
        <edge id="right">
            <lane id="right_0">
                <vehicle id="cfm_slow_3" pos="1.41" speed="46.26"/>
                <vehicle id="cfm_slow_4" pos="42.21" speed="46.16"/>
            </lane>
        </edge>
        <edge id="top">
            <lane id="top_0">
                <vehicle id="cfm_slow_0" pos="33.92" speed="43.94"/>
            </lane>
        </edge>
    </timestep>
    <timestep time="4.75">
        <edge id="bottom">
            <lane id="bottom_0">
                <vehicle id="cfm_slow_2" pos="11.87" speed="45.45"/>
            </lane>
        </edge>
        <edge id="left">
            <lane id="left_0">
                <vehicle id="cfm_slow_1" pos="22.81" speed="44.54"/>
            </lane>
        </edge>
        <edge id="right">
            <lane id="right_0">
                <vehicle id="cfm_slow_3" pos="1.87" speed="46.27"/>
                <vehicle id="cfm_slow_4" pos="42.67" speed="46.16"/>
            </lane>
        </edge>
        <edge id="top">
            <lane id="top_0">
                <vehicle id="cfm_slow_0" pos="34.36" speed="43.96"/>
            </lane>
        </edge>
    </timestep>
    <timestep time="4.76">
        <edge id="bottom">
            <lane id="bottom_0">
                <vehicle id="cfm_slow_2" pos="12.33" speed="45.47"/>
            </lane>
        </edge>
        <edge id="left">
            <lane id="left_0">
                <vehicle id="cfm_slow_1" pos="23.26" speed="44.56"/>
            </lane>
        </edge>
        <edge id="right">
            <lane id="right_0">
                <vehicle id="cfm_slow_3" pos="2.34" speed="46.28"/>
                <vehicle id="cfm_slow_4" pos="43.13" speed="46.16"/>
            </lane>
        </edge>
        <edge id="top">
            <lane id="top_0">
                <vehicle id="cfm_slow_0" pos="34.80" speed="43.98"/>
            </lane>
        </edge>
    </timestep>
    <timestep time="4.77">
        <edge id="bottom">
            <lane id="bottom_0">
                <vehicle id="cfm_slow_2" pos="12.78" speed="45.49"/>
            </lane>
        </edge>
        <edge id="left">
            <lane id="left_0">
                <vehicle id="cfm_slow_1" pos="23.70" speed="44.58"/>
            </lane>
        </edge>
        <edge id="right">
            <lane id="right_0">
                <vehicle id="cfm_slow_3" pos="2.80" speed="46.29"/>
                <vehicle id="cfm_slow_4" pos="43.60" speed="46.17"/>
            </lane>
        </edge>
        <edge id="top">
            <lane id="top_0">
                <vehicle id="cfm_slow_0" pos="35.24" speed="43.99"/>
            </lane>
        </edge>
    </timestep>
    <timestep time="4.78">
        <edge id="bottom">
            <lane id="bottom_0">
                <vehicle id="cfm_slow_2" pos="13.24" speed="45.52"/>
            </lane>
        </edge>
        <edge id="left">
            <lane id="left_0">
                <vehicle id="cfm_slow_1" pos="24.15" speed="44.61"/>
            </lane>
        </edge>
        <edge id="right">
            <lane id="right_0">
                <vehicle id="cfm_slow_3" pos="3.26" speed="46.31"/>
                <vehicle id="cfm_slow_4" pos="44.06" speed="46.17"/>
            </lane>
        </edge>
        <edge id="top">
            <lane id="top_0">
                <vehicle id="cfm_slow_0" pos="35.68" speed="44.01"/>
            </lane>
        </edge>
    </timestep>
    <timestep time="4.79">
        <edge id="bottom">
            <lane id="bottom_0">
                <vehicle id="cfm_slow_2" pos="13.69" speed="45.54"/>
            </lane>
        </edge>
        <edge id="left">
            <lane id="left_0">
                <vehicle id="cfm_slow_1" pos="24.59" speed="44.63"/>
            </lane>
        </edge>
        <edge id="right">
            <lane id="right_0">
                <vehicle id="cfm_slow_3" pos="3.72" speed="46.32"/>
                <vehicle id="cfm_slow_4" pos="44.52" speed="46.17"/>
            </lane>
        </edge>
        <edge id="top">
            <lane id="top_0">
                <vehicle id="cfm_slow_0" pos="36.12" speed="44.03"/>
            </lane>
        </edge>
    </timestep>
    <timestep time="4.80">
        <edge id="bottom">
            <lane id="bottom_0">
                <vehicle id="cfm_slow_2" pos="14.15" speed="45.56"/>
            </lane>
        </edge>
        <edge id="left">
            <lane id="left_0">
                <vehicle id="cfm_slow_1" pos="25.04" speed="44.65"/>
            </lane>
        </edge>
        <edge id="right">
            <lane id="right_0">
                <vehicle id="cfm_slow_3" pos="4.19" speed="46.33"/>
                <vehicle id="cfm_slow_4" pos="44.98" speed="46.18"/>
            </lane>
        </edge>
        <edge id="top">
            <lane id="top_0">
                <vehicle id="cfm_slow_0" pos="36.56" speed="44.05"/>
            </lane>
        </edge>
    </timestep>
    <timestep time="4.81">
        <edge id="bottom">
            <lane id="bottom_0">
                <vehicle id="cfm_slow_2" pos="14.60" speed="45.58"/>
            </lane>
        </edge>
        <edge id="left">
            <lane id="left_0">
                <vehicle id="cfm_slow_1" pos="25.49" speed="44.67"/>
            </lane>
        </edge>
        <edge id="right">
            <lane id="right_0">
                <vehicle id="cfm_slow_3" pos="4.65" speed="46.34"/>
                <vehicle id="cfm_slow_4" pos="45.44" speed="46.18"/>
            </lane>
        </edge>
        <edge id="top">
            <lane id="top_0">
                <vehicle id="cfm_slow_0" pos="37.00" speed="44.07"/>
            </lane>
        </edge>
    </timestep>
    <timestep time="4.82">
        <edge id="bottom">
            <lane id="bottom_0">
                <vehicle id="cfm_slow_2" pos="15.06" speed="45.60"/>
            </lane>
        </edge>
        <edge id="left">
            <lane id="left_0">
                <vehicle id="cfm_slow_1" pos="25.93" speed="44.69"/>
            </lane>
        </edge>
        <edge id="right">
            <lane id="right_0">
                <vehicle id="cfm_slow_3" pos="5.11" speed="46.35"/>
                <vehicle id="cfm_slow_4" pos="45.90" speed="46.18"/>
            </lane>
        </edge>
        <edge id="top">
            <lane id="top_0">
                <vehicle id="cfm_slow_0" pos="37.44" speed="44.09"/>
            </lane>
        </edge>
    </timestep>
    <timestep time="4.83">
        <edge id="bottom">
            <lane id="bottom_0">
                <vehicle id="cfm_slow_2" pos="15.52" speed="45.62"/>
            </lane>
        </edge>
        <edge id="left">
            <lane id="left_0">
                <vehicle id="cfm_slow_1" pos="26.38" speed="44.71"/>
            </lane>
        </edge>
        <edge id="right">
            <lane id="right_0">
                <vehicle id="cfm_slow_3" pos="5.58" speed="46.37"/>
                <vehicle id="cfm_slow_4" pos="46.37" speed="46.18"/>
            </lane>
        </edge>
        <edge id="top">
            <lane id="top_0">
                <vehicle id="cfm_slow_0" pos="37.89" speed="44.11"/>
            </lane>
        </edge>
    </timestep>
    <timestep time="4.84">
        <edge id="bottom">
            <lane id="bottom_0">
                <vehicle id="cfm_slow_2" pos="15.97" speed="45.64"/>
            </lane>
        </edge>
        <edge id="left">
            <lane id="left_0">
                <vehicle id="cfm_slow_1" pos="26.83" speed="44.74"/>
            </lane>
        </edge>
        <edge id="right">
            <lane id="right_0">
                <vehicle id="cfm_slow_3" pos="6.04" speed="46.38"/>
                <vehicle id="cfm_slow_4" pos="46.83" speed="46.19"/>
            </lane>
        </edge>
        <edge id="top">
            <lane id="top_0">
                <vehicle id="cfm_slow_0" pos="38.33" speed="44.12"/>
            </lane>
        </edge>
    </timestep>
    <timestep time="4.85">
        <edge id="bottom">
            <lane id="bottom_0">
                <vehicle id="cfm_slow_2" pos="16.43" speed="45.66"/>
            </lane>
        </edge>
        <edge id="left">
            <lane id="left_0">
                <vehicle id="cfm_slow_1" pos="27.28" speed="44.76"/>
            </lane>
        </edge>
        <edge id="right">
            <lane id="right_0">
                <vehicle id="cfm_slow_3" pos="6.51" speed="46.39"/>
                <vehicle id="cfm_slow_4" pos="47.29" speed="46.19"/>
            </lane>
        </edge>
        <edge id="top">
            <lane id="top_0">
                <vehicle id="cfm_slow_0" pos="38.77" speed="44.14"/>
            </lane>
        </edge>
    </timestep>
    <timestep time="4.86">
        <edge id="bottom">
            <lane id="bottom_0">
                <vehicle id="cfm_slow_2" pos="16.89" speed="45.68"/>
            </lane>
        </edge>
        <edge id="left">
            <lane id="left_0">
                <vehicle id="cfm_slow_1" pos="27.72" speed="44.78"/>
            </lane>
        </edge>
        <edge id="right">
            <lane id="right_0">
                <vehicle id="cfm_slow_3" pos="6.97" speed="46.40"/>
                <vehicle id="cfm_slow_4" pos="47.75" speed="46.19"/>
            </lane>
        </edge>
        <edge id="top">
            <lane id="top_0">
                <vehicle id="cfm_slow_0" pos="39.21" speed="44.16"/>
            </lane>
        </edge>
    </timestep>
    <timestep time="4.87">
        <edge id="bottom">
            <lane id="bottom_0">
                <vehicle id="cfm_slow_2" pos="17.34" speed="45.70"/>
            </lane>
        </edge>
        <edge id="left">
            <lane id="left_0">
                <vehicle id="cfm_slow_1" pos="28.17" speed="44.80"/>
            </lane>
        </edge>
        <edge id="right">
            <lane id="right_0">
                <vehicle id="cfm_slow_3" pos="7.43" speed="46.41"/>
                <vehicle id="cfm_slow_4" pos="48.21" speed="46.19"/>
            </lane>
        </edge>
        <edge id="top">
            <lane id="top_0">
                <vehicle id="cfm_slow_0" pos="39.65" speed="44.18"/>
            </lane>
        </edge>
    </timestep>
    <timestep time="4.88">
        <edge id="bottom">
            <lane id="bottom_0">
                <vehicle id="cfm_slow_2" pos="17.80" speed="45.72"/>
            </lane>
        </edge>
        <edge id="left">
            <lane id="left_0">
                <vehicle id="cfm_slow_1" pos="28.62" speed="44.82"/>
            </lane>
        </edge>
        <edge id="right">
            <lane id="right_0">
                <vehicle id="cfm_slow_3" pos="7.90" speed="46.42"/>
                <vehicle id="cfm_slow_4" pos="48.68" speed="46.19"/>
            </lane>
        </edge>
        <edge id="top">
            <lane id="top_0">
                <vehicle id="cfm_slow_0" pos="40.09" speed="44.20"/>
            </lane>
        </edge>
    </timestep>
    <timestep time="4.89">
        <edge id="bottom">
            <lane id="bottom_0">
                <vehicle id="cfm_slow_2" pos="18.26" speed="45.73"/>
            </lane>
        </edge>
        <edge id="left">
            <lane id="left_0">
                <vehicle id="cfm_slow_1" pos="29.07" speed="44.84"/>
            </lane>
        </edge>
        <edge id="right">
            <lane id="right_0">
                <vehicle id="cfm_slow_3" pos="8.36" speed="46.43"/>
                <vehicle id="cfm_slow_4" pos="49.14" speed="46.20"/>
            </lane>
        </edge>
        <edge id="top">
            <lane id="top_0">
                <vehicle id="cfm_slow_0" pos="40.54" speed="44.21"/>
            </lane>
        </edge>
    </timestep>
    <timestep time="4.90">
        <edge id="bottom">
            <lane id="bottom_0">
                <vehicle id="cfm_slow_2" pos="18.71" speed="45.75"/>
            </lane>
        </edge>
        <edge id="left">
            <lane id="left_0">
                <vehicle id="cfm_slow_1" pos="29.52" speed="44.86"/>
            </lane>
        </edge>
        <edge id="right">
            <lane id="right_0">
                <vehicle id="cfm_slow_3" pos="8.83" speed="46.44"/>
                <vehicle id="cfm_slow_4" pos="49.60" speed="46.20"/>
            </lane>
        </edge>
        <edge id="top">
            <lane id="top_0">
                <vehicle id="cfm_slow_0" pos="40.98" speed="44.23"/>
            </lane>
        </edge>
    </timestep>
    <timestep time="4.91">
        <edge id="bottom">
            <lane id="bottom_0">
                <vehicle id="cfm_slow_2" pos="19.17" speed="45.77"/>
            </lane>
        </edge>
        <edge id="left">
            <lane id="left_0">
                <vehicle id="cfm_slow_1" pos="29.97" speed="44.88"/>
            </lane>
        </edge>
        <edge id="right">
            <lane id="right_0">
                <vehicle id="cfm_slow_3" pos="9.29" speed="46.45"/>
            </lane>
        </edge>
        <edge id="top">
            <lane id="top_0">
                <vehicle id="cfm_slow_4" pos="0.06" speed="46.20"/>
                <vehicle id="cfm_slow_0" pos="41.42" speed="44.25"/>
            </lane>
        </edge>
    </timestep>
    <timestep time="4.92">
        <edge id="bottom">
            <lane id="bottom_0">
                <vehicle id="cfm_slow_2" pos="19.63" speed="45.79"/>
            </lane>
        </edge>
        <edge id="left">
            <lane id="left_0">
                <vehicle id="cfm_slow_1" pos="30.42" speed="44.90"/>
            </lane>
        </edge>
        <edge id="right">
            <lane id="right_0">
                <vehicle id="cfm_slow_3" pos="9.76" speed="46.46"/>
            </lane>
        </edge>
        <edge id="top">
            <lane id="top_0">
                <vehicle id="cfm_slow_4" pos="0.52" speed="46.20"/>
                <vehicle id="cfm_slow_0" pos="41.86" speed="44.27"/>
            </lane>
        </edge>
    </timestep>
    <timestep time="4.93">
        <edge id="bottom">
            <lane id="bottom_0">
                <vehicle id="cfm_slow_2" pos="20.09" speed="45.81"/>
            </lane>
        </edge>
        <edge id="left">
            <lane id="left_0">
                <vehicle id="cfm_slow_1" pos="30.86" speed="44.92"/>
            </lane>
        </edge>
        <edge id="right">
            <lane id="right_0">
                <vehicle id="cfm_slow_3" pos="10.22" speed="46.47"/>
            </lane>
        </edge>
        <edge id="top">
            <lane id="top_0">
                <vehicle id="cfm_slow_4" pos="0.99" speed="46.20"/>
                <vehicle id="cfm_slow_0" pos="42.31" speed="44.28"/>
            </lane>
        </edge>
    </timestep>
    <timestep time="4.94">
        <edge id="bottom">
            <lane id="bottom_0">
                <vehicle id="cfm_slow_2" pos="20.55" speed="45.83"/>
            </lane>
        </edge>
        <edge id="left">
            <lane id="left_0">
                <vehicle id="cfm_slow_1" pos="31.31" speed="44.94"/>
            </lane>
        </edge>
        <edge id="right">
            <lane id="right_0">
                <vehicle id="cfm_slow_3" pos="10.69" speed="46.48"/>
            </lane>
        </edge>
        <edge id="top">
            <lane id="top_0">
                <vehicle id="cfm_slow_4" pos="1.45" speed="46.21"/>
                <vehicle id="cfm_slow_0" pos="42.75" speed="44.30"/>
            </lane>
        </edge>
    </timestep>
    <timestep time="4.95">
        <edge id="bottom">
            <lane id="bottom_0">
                <vehicle id="cfm_slow_2" pos="21.01" speed="45.84"/>
            </lane>
        </edge>
        <edge id="left">
            <lane id="left_0">
                <vehicle id="cfm_slow_1" pos="31.76" speed="44.96"/>
            </lane>
        </edge>
        <edge id="right">
            <lane id="right_0">
                <vehicle id="cfm_slow_3" pos="11.15" speed="46.49"/>
            </lane>
        </edge>
        <edge id="top">
            <lane id="top_0">
                <vehicle id="cfm_slow_4" pos="1.91" speed="46.21"/>
                <vehicle id="cfm_slow_0" pos="43.19" speed="44.32"/>
            </lane>
        </edge>
    </timestep>
    <timestep time="4.96">
        <edge id="bottom">
            <lane id="bottom_0">
                <vehicle id="cfm_slow_2" pos="21.46" speed="45.86"/>
            </lane>
        </edge>
        <edge id="left">
            <lane id="left_0">
                <vehicle id="cfm_slow_1" pos="32.21" speed="44.98"/>
            </lane>
        </edge>
        <edge id="right">
            <lane id="right_0">
                <vehicle id="cfm_slow_3" pos="11.62" speed="46.50"/>
            </lane>
        </edge>
        <edge id="top">
            <lane id="top_0">
                <vehicle id="cfm_slow_4" pos="2.37" speed="46.21"/>
                <vehicle id="cfm_slow_0" pos="43.64" speed="44.34"/>
            </lane>
        </edge>
    </timestep>
    <timestep time="4.97">
        <edge id="bottom">
            <lane id="bottom_0">
                <vehicle id="cfm_slow_2" pos="21.92" speed="45.88"/>
            </lane>
        </edge>
        <edge id="left">
            <lane id="left_0">
                <vehicle id="cfm_slow_1" pos="32.66" speed="45.00"/>
            </lane>
        </edge>
        <edge id="right">
            <lane id="right_0">
                <vehicle id="cfm_slow_3" pos="12.08" speed="46.51"/>
            </lane>
        </edge>
        <edge id="top">
            <lane id="top_0">
                <vehicle id="cfm_slow_4" pos="2.83" speed="46.21"/>
                <vehicle id="cfm_slow_0" pos="44.08" speed="44.35"/>
            </lane>
        </edge>
    </timestep>
    <timestep time="4.98">
        <edge id="bottom">
            <lane id="bottom_0">
                <vehicle id="cfm_slow_2" pos="22.38" speed="45.90"/>
            </lane>
        </edge>
        <edge id="left">
            <lane id="left_0">
                <vehicle id="cfm_slow_1" pos="33.11" speed="45.02"/>
            </lane>
        </edge>
        <edge id="right">
            <lane id="right_0">
                <vehicle id="cfm_slow_3" pos="12.55" speed="46.52"/>
            </lane>
        </edge>
        <edge id="top">
            <lane id="top_0">
                <vehicle id="cfm_slow_4" pos="3.30" speed="46.21"/>
                <vehicle id="cfm_slow_0" pos="44.52" speed="44.37"/>
            </lane>
        </edge>
    </timestep>
    <timestep time="4.99">
        <edge id="bottom">
            <lane id="bottom_0">
                <vehicle id="cfm_slow_2" pos="22.84" speed="45.91"/>
            </lane>
        </edge>
        <edge id="left">
            <lane id="left_0">
                <vehicle id="cfm_slow_1" pos="33.56" speed="45.04"/>
            </lane>
        </edge>
        <edge id="right">
            <lane id="right_0">
                <vehicle id="cfm_slow_3" pos="13.01" speed="46.52"/>
            </lane>
        </edge>
        <edge id="top">
            <lane id="top_0">
                <vehicle id="cfm_slow_4" pos="3.76" speed="46.21"/>
                <vehicle id="cfm_slow_0" pos="44.97" speed="44.39"/>
            </lane>
        </edge>
    </timestep>
    <timestep time="5.00">
        <edge id="bottom">
            <lane id="bottom_0">
                <vehicle id="cfm_slow_2" pos="23.30" speed="45.93"/>
            </lane>
        </edge>
        <edge id="left">
            <lane id="left_0">
                <vehicle id="cfm_slow_1" pos="34.01" speed="45.06"/>
            </lane>
        </edge>
        <edge id="right">
            <lane id="right_0">
                <vehicle id="cfm_slow_3" pos="13.48" speed="46.53"/>
            </lane>
        </edge>
        <edge id="top">
            <lane id="top_0">
                <vehicle id="cfm_slow_4" pos="4.22" speed="46.22"/>
                <vehicle id="cfm_slow_0" pos="45.41" speed="44.40"/>
            </lane>
        </edge>
    </timestep>
    <timestep time="5.01">
        <edge id="bottom">
            <lane id="bottom_0">
                <vehicle id="cfm_slow_2" pos="23.76" speed="45.95"/>
            </lane>
        </edge>
        <edge id="left">
            <lane id="left_0">
                <vehicle id="cfm_slow_1" pos="34.47" speed="45.08"/>
            </lane>
        </edge>
        <edge id="right">
            <lane id="right_0">
                <vehicle id="cfm_slow_3" pos="13.94" speed="46.54"/>
            </lane>
        </edge>
        <edge id="top">
            <lane id="top_0">
                <vehicle id="cfm_slow_4" pos="4.68" speed="46.22"/>
                <vehicle id="cfm_slow_0" pos="45.86" speed="44.42"/>
            </lane>
        </edge>
    </timestep>
    <timestep time="5.02">
        <edge id="bottom">
            <lane id="bottom_0">
                <vehicle id="cfm_slow_2" pos="24.22" speed="45.96"/>
            </lane>
        </edge>
        <edge id="left">
            <lane id="left_0">
                <vehicle id="cfm_slow_1" pos="34.92" speed="45.10"/>
            </lane>
        </edge>
        <edge id="right">
            <lane id="right_0">
                <vehicle id="cfm_slow_3" pos="14.41" speed="46.55"/>
            </lane>
        </edge>
        <edge id="top">
            <lane id="top_0">
                <vehicle id="cfm_slow_4" pos="5.15" speed="46.22"/>
                <vehicle id="cfm_slow_0" pos="46.30" speed="44.44"/>
            </lane>
        </edge>
    </timestep>
    <timestep time="5.03">
        <edge id="bottom">
            <lane id="bottom_0">
                <vehicle id="cfm_slow_2" pos="24.68" speed="45.98"/>
            </lane>
        </edge>
        <edge id="left">
            <lane id="left_0">
                <vehicle id="cfm_slow_1" pos="35.37" speed="45.11"/>
            </lane>
        </edge>
        <edge id="right">
            <lane id="right_0">
                <vehicle id="cfm_slow_3" pos="14.87" speed="46.56"/>
            </lane>
        </edge>
        <edge id="top">
            <lane id="top_0">
                <vehicle id="cfm_slow_4" pos="5.61" speed="46.22"/>
                <vehicle id="cfm_slow_0" pos="46.74" speed="44.45"/>
            </lane>
        </edge>
    </timestep>
    <timestep time="5.04">
        <edge id="bottom">
            <lane id="bottom_0">
                <vehicle id="cfm_slow_2" pos="25.14" speed="46.00"/>
            </lane>
        </edge>
        <edge id="left">
            <lane id="left_0">
                <vehicle id="cfm_slow_1" pos="35.82" speed="45.13"/>
            </lane>
        </edge>
        <edge id="right">
            <lane id="right_0">
                <vehicle id="cfm_slow_3" pos="15.34" speed="46.56"/>
            </lane>
        </edge>
        <edge id="top">
            <lane id="top_0">
                <vehicle id="cfm_slow_4" pos="6.07" speed="46.22"/>
                <vehicle id="cfm_slow_0" pos="47.19" speed="44.47"/>
            </lane>
        </edge>
    </timestep>
    <timestep time="5.05">
        <edge id="bottom">
            <lane id="bottom_0">
                <vehicle id="cfm_slow_2" pos="25.60" speed="46.01"/>
            </lane>
        </edge>
        <edge id="left">
            <lane id="left_0">
                <vehicle id="cfm_slow_1" pos="36.27" speed="45.15"/>
            </lane>
        </edge>
        <edge id="right">
            <lane id="right_0">
                <vehicle id="cfm_slow_3" pos="15.80" speed="46.57"/>
            </lane>
        </edge>
        <edge id="top">
            <lane id="top_0">
                <vehicle id="cfm_slow_4" pos="6.53" speed="46.22"/>
                <vehicle id="cfm_slow_0" pos="47.63" speed="44.49"/>
            </lane>
        </edge>
    </timestep>
    <timestep time="5.06">
        <edge id="bottom">
            <lane id="bottom_0">
                <vehicle id="cfm_slow_2" pos="26.06" speed="46.03"/>
            </lane>
        </edge>
        <edge id="left">
            <lane id="left_0">
                <vehicle id="cfm_slow_1" pos="36.72" speed="45.17"/>
            </lane>
        </edge>
        <edge id="right">
            <lane id="right_0">
                <vehicle id="cfm_slow_3" pos="16.27" speed="46.58"/>
            </lane>
        </edge>
        <edge id="top">
            <lane id="top_0">
                <vehicle id="cfm_slow_4" pos="6.99" speed="46.22"/>
                <vehicle id="cfm_slow_0" pos="48.08" speed="44.50"/>
            </lane>
        </edge>
    </timestep>
    <timestep time="5.07">
        <edge id="bottom">
            <lane id="bottom_0">
                <vehicle id="cfm_slow_2" pos="26.52" speed="46.05"/>
            </lane>
        </edge>
        <edge id="left">
            <lane id="left_0">
                <vehicle id="cfm_slow_1" pos="37.17" speed="45.19"/>
            </lane>
        </edge>
        <edge id="right">
            <lane id="right_0">
                <vehicle id="cfm_slow_3" pos="16.74" speed="46.59"/>
            </lane>
        </edge>
        <edge id="top">
            <lane id="top_0">
                <vehicle id="cfm_slow_4" pos="7.46" speed="46.23"/>
                <vehicle id="cfm_slow_0" pos="48.52" speed="44.52"/>
            </lane>
        </edge>
    </timestep>
    <timestep time="5.08">
        <edge id="bottom">
            <lane id="bottom_0">
                <vehicle id="cfm_slow_2" pos="26.98" speed="46.06"/>
            </lane>
        </edge>
        <edge id="left">
            <lane id="left_0">
                <vehicle id="cfm_slow_1" pos="37.63" speed="45.21"/>
            </lane>
        </edge>
        <edge id="right">
            <lane id="right_0">
                <vehicle id="cfm_slow_3" pos="17.20" speed="46.59"/>
            </lane>
        </edge>
        <edge id="top">
            <lane id="top_0">
                <vehicle id="cfm_slow_4" pos="7.92" speed="46.23"/>
                <vehicle id="cfm_slow_0" pos="48.97" speed="44.54"/>
            </lane>
        </edge>
    </timestep>
    <timestep time="5.09">
        <edge id="bottom">
            <lane id="bottom_0">
                <vehicle id="cfm_slow_2" pos="27.44" speed="46.08"/>
            </lane>
        </edge>
        <edge id="left">
            <lane id="left_0">
                <vehicle id="cfm_slow_1" pos="38.08" speed="45.22"/>
            </lane>
        </edge>
        <edge id="right">
            <lane id="right_0">
                <vehicle id="cfm_slow_3" pos="17.67" speed="46.60"/>
            </lane>
        </edge>
        <edge id="top">
            <lane id="top_0">
                <vehicle id="cfm_slow_4" pos="8.38" speed="46.23"/>
                <vehicle id="cfm_slow_0" pos="49.41" speed="44.55"/>
            </lane>
        </edge>
    </timestep>
    <timestep time="5.10">
        <edge id="bottom">
            <lane id="bottom_0">
                <vehicle id="cfm_slow_2" pos="27.90" speed="46.09"/>
            </lane>
        </edge>
        <edge id="left">
            <lane id="left_0">
                <vehicle id="cfm_slow_1" pos="38.53" speed="45.24"/>
            </lane>
        </edge>
        <edge id="right">
            <lane id="right_0">
                <vehicle id="cfm_slow_3" pos="18.13" speed="46.61"/>
            </lane>
        </edge>
        <edge id="top">
            <lane id="top_0">
                <vehicle id="cfm_slow_4" pos="8.84" speed="46.23"/>
                <vehicle id="cfm_slow_0" pos="49.86" speed="44.57"/>
            </lane>
        </edge>
    </timestep>
    <timestep time="5.11">
        <edge id="bottom">
            <lane id="bottom_0">
                <vehicle id="cfm_slow_2" pos="28.36" speed="46.11"/>
            </lane>
        </edge>
        <edge id="left">
            <lane id="left_0">
                <vehicle id="cfm_slow_0" pos="0.31" speed="44.59"/>
                <vehicle id="cfm_slow_1" pos="38.98" speed="45.26"/>
            </lane>
        </edge>
        <edge id="right">
            <lane id="right_0">
                <vehicle id="cfm_slow_3" pos="18.60" speed="46.61"/>
            </lane>
        </edge>
        <edge id="top">
            <lane id="top_0">
                <vehicle id="cfm_slow_4" pos="9.31" speed="46.23"/>
            </lane>
        </edge>
    </timestep>
    <timestep time="5.12">
        <edge id="bottom">
            <lane id="bottom_0">
                <vehicle id="cfm_slow_2" pos="28.82" speed="46.12"/>
            </lane>
        </edge>
        <edge id="left">
            <lane id="left_0">
                <vehicle id="cfm_slow_0" pos="0.75" speed="44.60"/>
                <vehicle id="cfm_slow_1" pos="39.44" speed="45.28"/>
            </lane>
        </edge>
        <edge id="right">
            <lane id="right_0">
                <vehicle id="cfm_slow_3" pos="19.07" speed="46.62"/>
            </lane>
        </edge>
        <edge id="top">
            <lane id="top_0">
                <vehicle id="cfm_slow_4" pos="9.77" speed="46.23"/>
            </lane>
        </edge>
    </timestep>
    <timestep time="5.13">
        <edge id="bottom">
            <lane id="bottom_0">
                <vehicle id="cfm_slow_2" pos="29.29" speed="46.14"/>
            </lane>
        </edge>
        <edge id="left">
            <lane id="left_0">
                <vehicle id="cfm_slow_0" pos="1.20" speed="44.62"/>
                <vehicle id="cfm_slow_1" pos="39.89" speed="45.30"/>
            </lane>
        </edge>
        <edge id="right">
            <lane id="right_0">
                <vehicle id="cfm_slow_3" pos="19.53" speed="46.63"/>
            </lane>
        </edge>
        <edge id="top">
            <lane id="top_0">
                <vehicle id="cfm_slow_4" pos="10.23" speed="46.23"/>
            </lane>
        </edge>
    </timestep>
    <timestep time="5.14">
        <edge id="bottom">
            <lane id="bottom_0">
                <vehicle id="cfm_slow_2" pos="29.75" speed="46.15"/>
            </lane>
        </edge>
        <edge id="left">
            <lane id="left_0">
                <vehicle id="cfm_slow_0" pos="1.64" speed="44.63"/>
                <vehicle id="cfm_slow_1" pos="40.34" speed="45.31"/>
            </lane>
        </edge>
        <edge id="right">
            <lane id="right_0">
                <vehicle id="cfm_slow_3" pos="20.00" speed="46.63"/>
            </lane>
        </edge>
        <edge id="top">
            <lane id="top_0">
                <vehicle id="cfm_slow_4" pos="10.69" speed="46.23"/>
            </lane>
        </edge>
    </timestep>
    <timestep time="5.15">
        <edge id="bottom">
            <lane id="bottom_0">
                <vehicle id="cfm_slow_2" pos="30.21" speed="46.16"/>
            </lane>
        </edge>
        <edge id="left">
            <lane id="left_0">
                <vehicle id="cfm_slow_0" pos="2.09" speed="44.65"/>
                <vehicle id="cfm_slow_1" pos="40.80" speed="45.33"/>
            </lane>
        </edge>
        <edge id="right">
            <lane id="right_0">
                <vehicle id="cfm_slow_3" pos="20.47" speed="46.64"/>
            </lane>
        </edge>
        <edge id="top">
            <lane id="top_0">
                <vehicle id="cfm_slow_4" pos="11.15" speed="46.23"/>
            </lane>
        </edge>
    </timestep>
    <timestep time="5.16">
        <edge id="bottom">
            <lane id="bottom_0">
                <vehicle id="cfm_slow_2" pos="30.67" speed="46.18"/>
            </lane>
        </edge>
        <edge id="left">
            <lane id="left_0">
                <vehicle id="cfm_slow_0" pos="2.54" speed="44.66"/>
                <vehicle id="cfm_slow_1" pos="41.25" speed="45.35"/>
            </lane>
        </edge>
        <edge id="right">
            <lane id="right_0">
                <vehicle id="cfm_slow_3" pos="20.93" speed="46.64"/>
            </lane>
        </edge>
        <edge id="top">
            <lane id="top_0">
                <vehicle id="cfm_slow_4" pos="11.62" speed="46.24"/>
            </lane>
        </edge>
    </timestep>
    <timestep time="5.17">
        <edge id="bottom">
            <lane id="bottom_0">
                <vehicle id="cfm_slow_2" pos="31.13" speed="46.19"/>
            </lane>
        </edge>
        <edge id="left">
            <lane id="left_0">
                <vehicle id="cfm_slow_0" pos="2.98" speed="44.68"/>
                <vehicle id="cfm_slow_1" pos="41.70" speed="45.37"/>
            </lane>
        </edge>
        <edge id="right">
            <lane id="right_0">
                <vehicle id="cfm_slow_3" pos="21.40" speed="46.65"/>
            </lane>
        </edge>
        <edge id="top">
            <lane id="top_0">
                <vehicle id="cfm_slow_4" pos="12.08" speed="46.24"/>
            </lane>
        </edge>
    </timestep>
    <timestep time="5.18">
        <edge id="bottom">
            <lane id="bottom_0">
                <vehicle id="cfm_slow_2" pos="31.59" speed="46.21"/>
            </lane>
        </edge>
        <edge id="left">
            <lane id="left_0">
                <vehicle id="cfm_slow_0" pos="3.43" speed="44.70"/>
                <vehicle id="cfm_slow_1" pos="42.16" speed="45.38"/>
            </lane>
        </edge>
        <edge id="right">
            <lane id="right_0">
                <vehicle id="cfm_slow_3" pos="21.86" speed="46.65"/>
            </lane>
        </edge>
        <edge id="top">
            <lane id="top_0">
                <vehicle id="cfm_slow_4" pos="12.54" speed="46.24"/>
            </lane>
        </edge>
    </timestep>
    <timestep time="5.19">
        <edge id="bottom">
            <lane id="bottom_0">
                <vehicle id="cfm_slow_2" pos="32.06" speed="46.22"/>
            </lane>
        </edge>
        <edge id="left">
            <lane id="left_0">
                <vehicle id="cfm_slow_0" pos="3.88" speed="44.71"/>
                <vehicle id="cfm_slow_1" pos="42.61" speed="45.40"/>
            </lane>
        </edge>
        <edge id="right">
            <lane id="right_0">
                <vehicle id="cfm_slow_3" pos="22.33" speed="46.66"/>
            </lane>
        </edge>
        <edge id="top">
            <lane id="top_0">
                <vehicle id="cfm_slow_4" pos="13.00" speed="46.24"/>
            </lane>
        </edge>
    </timestep>
    <timestep time="5.20">
        <edge id="bottom">
            <lane id="bottom_0">
                <vehicle id="cfm_slow_2" pos="32.52" speed="46.23"/>
            </lane>
        </edge>
        <edge id="left">
            <lane id="left_0">
                <vehicle id="cfm_slow_0" pos="4.33" speed="44.73"/>
                <vehicle id="cfm_slow_1" pos="43.06" speed="45.42"/>
            </lane>
        </edge>
        <edge id="right">
            <lane id="right_0">
                <vehicle id="cfm_slow_3" pos="22.80" speed="46.67"/>
            </lane>
        </edge>
        <edge id="top">
            <lane id="top_0">
                <vehicle id="cfm_slow_4" pos="13.47" speed="46.24"/>
            </lane>
        </edge>
    </timestep>
    <timestep time="5.21">
        <edge id="bottom">
            <lane id="bottom_0">
                <vehicle id="cfm_slow_2" pos="32.98" speed="46.25"/>
            </lane>
        </edge>
        <edge id="left">
            <lane id="left_0">
                <vehicle id="cfm_slow_0" pos="4.77" speed="44.74"/>
                <vehicle id="cfm_slow_1" pos="43.52" speed="45.43"/>
            </lane>
        </edge>
        <edge id="right">
            <lane id="right_0">
                <vehicle id="cfm_slow_3" pos="23.26" speed="46.67"/>
            </lane>
        </edge>
        <edge id="top">
            <lane id="top_0">
                <vehicle id="cfm_slow_4" pos="13.93" speed="46.24"/>
            </lane>
        </edge>
    </timestep>
    <timestep time="5.22">
        <edge id="bottom">
            <lane id="bottom_0">
                <vehicle id="cfm_slow_2" pos="33.44" speed="46.26"/>
            </lane>
        </edge>
        <edge id="left">
            <lane id="left_0">
                <vehicle id="cfm_slow_0" pos="5.22" speed="44.76"/>
                <vehicle id="cfm_slow_1" pos="43.97" speed="45.45"/>
            </lane>
        </edge>
        <edge id="right">
            <lane id="right_0">
                <vehicle id="cfm_slow_3" pos="23.73" speed="46.68"/>
            </lane>
        </edge>
        <edge id="top">
            <lane id="top_0">
                <vehicle id="cfm_slow_4" pos="14.39" speed="46.24"/>
            </lane>
        </edge>
    </timestep>
    <timestep time="5.23">
        <edge id="bottom">
            <lane id="bottom_0">
                <vehicle id="cfm_slow_2" pos="33.91" speed="46.27"/>
            </lane>
        </edge>
        <edge id="left">
            <lane id="left_0">
                <vehicle id="cfm_slow_0" pos="5.67" speed="44.77"/>
                <vehicle id="cfm_slow_1" pos="44.43" speed="45.47"/>
            </lane>
        </edge>
        <edge id="right">
            <lane id="right_0">
                <vehicle id="cfm_slow_3" pos="24.20" speed="46.68"/>
            </lane>
        </edge>
        <edge id="top">
            <lane id="top_0">
                <vehicle id="cfm_slow_4" pos="14.85" speed="46.24"/>
            </lane>
        </edge>
    </timestep>
    <timestep time="5.24">
        <edge id="bottom">
            <lane id="bottom_0">
                <vehicle id="cfm_slow_2" pos="34.37" speed="46.29"/>
            </lane>
        </edge>
        <edge id="left">
            <lane id="left_0">
                <vehicle id="cfm_slow_0" pos="6.12" speed="44.79"/>
                <vehicle id="cfm_slow_1" pos="44.88" speed="45.48"/>
            </lane>
        </edge>
        <edge id="right">
            <lane id="right_0">
                <vehicle id="cfm_slow_3" pos="24.67" speed="46.69"/>
            </lane>
        </edge>
        <edge id="top">
            <lane id="top_0">
                <vehicle id="cfm_slow_4" pos="15.32" speed="46.24"/>
            </lane>
        </edge>
    </timestep>
    <timestep time="5.25">
        <edge id="bottom">
            <lane id="bottom_0">
                <vehicle id="cfm_slow_2" pos="34.83" speed="46.30"/>
            </lane>
        </edge>
        <edge id="left">
            <lane id="left_0">
                <vehicle id="cfm_slow_0" pos="6.56" speed="44.80"/>
                <vehicle id="cfm_slow_1" pos="45.34" speed="45.50"/>
            </lane>
        </edge>
        <edge id="right">
            <lane id="right_0">
                <vehicle id="cfm_slow_3" pos="25.13" speed="46.69"/>
            </lane>
        </edge>
        <edge id="top">
            <lane id="top_0">
                <vehicle id="cfm_slow_4" pos="15.78" speed="46.24"/>
            </lane>
        </edge>
    </timestep>
    <timestep time="5.26">
        <edge id="bottom">
            <lane id="bottom_0">
                <vehicle id="cfm_slow_2" pos="35.30" speed="46.31"/>
            </lane>
        </edge>
        <edge id="left">
            <lane id="left_0">
                <vehicle id="cfm_slow_0" pos="7.01" speed="44.82"/>
                <vehicle id="cfm_slow_1" pos="45.79" speed="45.52"/>
            </lane>
        </edge>
        <edge id="right">
            <lane id="right_0">
                <vehicle id="cfm_slow_3" pos="25.60" speed="46.70"/>
            </lane>
        </edge>
        <edge id="top">
            <lane id="top_0">
                <vehicle id="cfm_slow_4" pos="16.24" speed="46.25"/>
            </lane>
        </edge>
    </timestep>
    <timestep time="5.27">
        <edge id="bottom">
            <lane id="bottom_0">
                <vehicle id="cfm_slow_2" pos="35.76" speed="46.32"/>
            </lane>
        </edge>
        <edge id="left">
            <lane id="left_0">
                <vehicle id="cfm_slow_0" pos="7.46" speed="44.83"/>
                <vehicle id="cfm_slow_1" pos="46.25" speed="45.53"/>
            </lane>
        </edge>
        <edge id="right">
            <lane id="right_0">
                <vehicle id="cfm_slow_3" pos="26.07" speed="46.70"/>
            </lane>
        </edge>
        <edge id="top">
            <lane id="top_0">
                <vehicle id="cfm_slow_4" pos="16.70" speed="46.25"/>
            </lane>
        </edge>
    </timestep>
    <timestep time="5.28">
        <edge id="bottom">
            <lane id="bottom_0">
                <vehicle id="cfm_slow_2" pos="36.22" speed="46.34"/>
            </lane>
        </edge>
        <edge id="left">
            <lane id="left_0">
                <vehicle id="cfm_slow_0" pos="7.91" speed="44.85"/>
                <vehicle id="cfm_slow_1" pos="46.70" speed="45.55"/>
            </lane>
        </edge>
        <edge id="right">
            <lane id="right_0">
                <vehicle id="cfm_slow_3" pos="26.53" speed="46.70"/>
            </lane>
        </edge>
        <edge id="top">
            <lane id="top_0">
                <vehicle id="cfm_slow_4" pos="17.17" speed="46.25"/>
            </lane>
        </edge>
    </timestep>
    <timestep time="5.29">
        <edge id="bottom">
            <lane id="bottom_0">
                <vehicle id="cfm_slow_2" pos="36.69" speed="46.35"/>
            </lane>
        </edge>
        <edge id="left">
            <lane id="left_0">
                <vehicle id="cfm_slow_0" pos="8.36" speed="44.86"/>
                <vehicle id="cfm_slow_1" pos="47.16" speed="45.57"/>
            </lane>
        </edge>
        <edge id="right">
            <lane id="right_0">
                <vehicle id="cfm_slow_3" pos="27.00" speed="46.71"/>
            </lane>
        </edge>
        <edge id="top">
            <lane id="top_0">
                <vehicle id="cfm_slow_4" pos="17.63" speed="46.25"/>
            </lane>
        </edge>
    </timestep>
    <timestep time="5.30">
        <edge id="bottom">
            <lane id="bottom_0">
                <vehicle id="cfm_slow_2" pos="37.15" speed="46.36"/>
            </lane>
        </edge>
        <edge id="left">
            <lane id="left_0">
                <vehicle id="cfm_slow_0" pos="8.81" speed="44.88"/>
                <vehicle id="cfm_slow_1" pos="47.62" speed="45.58"/>
            </lane>
        </edge>
        <edge id="right">
            <lane id="right_0">
                <vehicle id="cfm_slow_3" pos="27.47" speed="46.71"/>
            </lane>
        </edge>
        <edge id="top">
            <lane id="top_0">
                <vehicle id="cfm_slow_4" pos="18.09" speed="46.25"/>
            </lane>
        </edge>
    </timestep>
    <timestep time="5.31">
        <edge id="bottom">
            <lane id="bottom_0">
                <vehicle id="cfm_slow_2" pos="37.61" speed="46.37"/>
            </lane>
        </edge>
        <edge id="left">
            <lane id="left_0">
                <vehicle id="cfm_slow_0" pos="9.26" speed="44.89"/>
                <vehicle id="cfm_slow_1" pos="48.07" speed="45.60"/>
            </lane>
        </edge>
        <edge id="right">
            <lane id="right_0">
                <vehicle id="cfm_slow_3" pos="27.93" speed="46.72"/>
            </lane>
        </edge>
        <edge id="top">
            <lane id="top_0">
                <vehicle id="cfm_slow_4" pos="18.55" speed="46.25"/>
            </lane>
        </edge>
    </timestep>
    <timestep time="5.32">
        <edge id="bottom">
            <lane id="bottom_0">
                <vehicle id="cfm_slow_2" pos="38.08" speed="46.39"/>
            </lane>
        </edge>
        <edge id="left">
            <lane id="left_0">
                <vehicle id="cfm_slow_0" pos="9.71" speed="44.91"/>
                <vehicle id="cfm_slow_1" pos="48.53" speed="45.61"/>
            </lane>
        </edge>
        <edge id="right">
            <lane id="right_0">
                <vehicle id="cfm_slow_3" pos="28.40" speed="46.72"/>
            </lane>
        </edge>
        <edge id="top">
            <lane id="top_0">
                <vehicle id="cfm_slow_4" pos="19.02" speed="46.25"/>
            </lane>
        </edge>
    </timestep>
    <timestep time="5.33">
        <edge id="bottom">
            <lane id="bottom_0">
                <vehicle id="cfm_slow_2" pos="38.54" speed="46.40"/>
            </lane>
        </edge>
        <edge id="left">
            <lane id="left_0">
                <vehicle id="cfm_slow_0" pos="10.15" speed="44.92"/>
                <vehicle id="cfm_slow_1" pos="48.98" speed="45.63"/>
            </lane>
        </edge>
        <edge id="right">
            <lane id="right_0">
                <vehicle id="cfm_slow_3" pos="28.87" speed="46.72"/>
            </lane>
        </edge>
        <edge id="top">
            <lane id="top_0">
                <vehicle id="cfm_slow_4" pos="19.48" speed="46.25"/>
            </lane>
        </edge>
    </timestep>
    <timestep time="5.34">
        <edge id="bottom">
            <lane id="bottom_0">
                <vehicle id="cfm_slow_2" pos="39.01" speed="46.41"/>
            </lane>
        </edge>
        <edge id="left">
            <lane id="left_0">
                <vehicle id="cfm_slow_0" pos="10.60" speed="44.94"/>
                <vehicle id="cfm_slow_1" pos="49.44" speed="45.64"/>
            </lane>
        </edge>
        <edge id="right">
            <lane id="right_0">
                <vehicle id="cfm_slow_3" pos="29.34" speed="46.73"/>
            </lane>
        </edge>
        <edge id="top">
            <lane id="top_0">
                <vehicle id="cfm_slow_4" pos="19.94" speed="46.25"/>
            </lane>
        </edge>
    </timestep>
    <timestep time="5.35">
        <edge id="bottom">
            <lane id="bottom_0">
                <vehicle id="cfm_slow_2" pos="39.47" speed="46.42"/>
            </lane>
        </edge>
        <edge id="left">
            <lane id="left_0">
                <vehicle id="cfm_slow_0" pos="11.05" speed="44.95"/>
                <vehicle id="cfm_slow_1" pos="49.90" speed="45.66"/>
            </lane>
        </edge>
        <edge id="right">
            <lane id="right_0">
                <vehicle id="cfm_slow_3" pos="29.80" speed="46.73"/>
            </lane>
        </edge>
        <edge id="top">
            <lane id="top_0">
                <vehicle id="cfm_slow_4" pos="20.40" speed="46.25"/>
            </lane>
        </edge>
    </timestep>
    <timestep time="5.36">
        <edge id="bottom">
            <lane id="bottom_0">
                <vehicle id="cfm_slow_1" pos="0.35" speed="45.67"/>
                <vehicle id="cfm_slow_2" pos="39.93" speed="46.43"/>
            </lane>
        </edge>
        <edge id="left">
            <lane id="left_0">
                <vehicle id="cfm_slow_0" pos="11.50" speed="44.97"/>
            </lane>
        </edge>
        <edge id="right">
            <lane id="right_0">
                <vehicle id="cfm_slow_3" pos="30.27" speed="46.74"/>
            </lane>
        </edge>
        <edge id="top">
            <lane id="top_0">
                <vehicle id="cfm_slow_4" pos="20.87" speed="46.25"/>
            </lane>
        </edge>
    </timestep>
    <timestep time="5.37">
        <edge id="bottom">
            <lane id="bottom_0">
                <vehicle id="cfm_slow_1" pos="0.81" speed="45.69"/>
                <vehicle id="cfm_slow_2" pos="40.40" speed="46.44"/>
            </lane>
        </edge>
        <edge id="left">
            <lane id="left_0">
                <vehicle id="cfm_slow_0" pos="11.95" speed="44.98"/>
            </lane>
        </edge>
        <edge id="right">
            <lane id="right_0">
                <vehicle id="cfm_slow_3" pos="30.74" speed="46.74"/>
            </lane>
        </edge>
        <edge id="top">
            <lane id="top_0">
                <vehicle id="cfm_slow_4" pos="21.33" speed="46.25"/>
            </lane>
        </edge>
    </timestep>
    <timestep time="5.38">
        <edge id="bottom">
            <lane id="bottom_0">
                <vehicle id="cfm_slow_1" pos="1.27" speed="45.70"/>
                <vehicle id="cfm_slow_2" pos="40.86" speed="46.45"/>
            </lane>
        </edge>
        <edge id="left">
            <lane id="left_0">
                <vehicle id="cfm_slow_0" pos="12.40" speed="45.00"/>
            </lane>
        </edge>
        <edge id="right">
            <lane id="right_0">
                <vehicle id="cfm_slow_3" pos="31.21" speed="46.74"/>
            </lane>
        </edge>
        <edge id="top">
            <lane id="top_0">
                <vehicle id="cfm_slow_4" pos="21.79" speed="46.26"/>
            </lane>
        </edge>
    </timestep>
    <timestep time="5.39">
        <edge id="bottom">
            <lane id="bottom_0">
                <vehicle id="cfm_slow_1" pos="1.72" speed="45.72"/>
                <vehicle id="cfm_slow_2" pos="41.33" speed="46.46"/>
            </lane>
        </edge>
        <edge id="left">
            <lane id="left_0">
                <vehicle id="cfm_slow_0" pos="12.85" speed="45.01"/>
            </lane>
        </edge>
        <edge id="right">
            <lane id="right_0">
                <vehicle id="cfm_slow_3" pos="31.67" speed="46.75"/>
            </lane>
        </edge>
        <edge id="top">
            <lane id="top_0">
                <vehicle id="cfm_slow_4" pos="22.25" speed="46.26"/>
            </lane>
        </edge>
    </timestep>
    <timestep time="5.40">
        <edge id="bottom">
            <lane id="bottom_0">
                <vehicle id="cfm_slow_1" pos="2.18" speed="45.73"/>
                <vehicle id="cfm_slow_2" pos="41.79" speed="46.47"/>
            </lane>
        </edge>
        <edge id="left">
            <lane id="left_0">
                <vehicle id="cfm_slow_0" pos="13.30" speed="45.02"/>
            </lane>
        </edge>
        <edge id="right">
            <lane id="right_0">
                <vehicle id="cfm_slow_3" pos="32.14" speed="46.75"/>
            </lane>
        </edge>
        <edge id="top">
            <lane id="top_0">
                <vehicle id="cfm_slow_4" pos="22.72" speed="46.26"/>
            </lane>
        </edge>
    </timestep>
    <timestep time="5.41">
        <edge id="bottom">
            <lane id="bottom_0">
                <vehicle id="cfm_slow_1" pos="2.64" speed="45.75"/>
                <vehicle id="cfm_slow_2" pos="42.26" speed="46.48"/>
            </lane>
        </edge>
        <edge id="left">
            <lane id="left_0">
                <vehicle id="cfm_slow_0" pos="13.75" speed="45.04"/>
            </lane>
        </edge>
        <edge id="right">
            <lane id="right_0">
                <vehicle id="cfm_slow_3" pos="32.61" speed="46.75"/>
            </lane>
        </edge>
        <edge id="top">
            <lane id="top_0">
                <vehicle id="cfm_slow_4" pos="23.18" speed="46.26"/>
            </lane>
        </edge>
    </timestep>
    <timestep time="5.42">
        <edge id="bottom">
            <lane id="bottom_0">
                <vehicle id="cfm_slow_1" pos="3.10" speed="45.76"/>
                <vehicle id="cfm_slow_2" pos="42.72" speed="46.49"/>
            </lane>
        </edge>
        <edge id="left">
            <lane id="left_0">
                <vehicle id="cfm_slow_0" pos="14.20" speed="45.05"/>
            </lane>
        </edge>
        <edge id="right">
            <lane id="right_0">
                <vehicle id="cfm_slow_3" pos="33.08" speed="46.75"/>
            </lane>
        </edge>
        <edge id="top">
            <lane id="top_0">
                <vehicle id="cfm_slow_4" pos="23.64" speed="46.26"/>
            </lane>
        </edge>
    </timestep>
    <timestep time="5.43">
        <edge id="bottom">
            <lane id="bottom_0">
                <vehicle id="cfm_slow_1" pos="3.55" speed="45.78"/>
                <vehicle id="cfm_slow_2" pos="43.19" speed="46.50"/>
            </lane>
        </edge>
        <edge id="left">
            <lane id="left_0">
                <vehicle id="cfm_slow_0" pos="14.65" speed="45.07"/>
            </lane>
        </edge>
        <edge id="right">
            <lane id="right_0">
                <vehicle id="cfm_slow_3" pos="33.54" speed="46.76"/>
            </lane>
        </edge>
        <edge id="top">
            <lane id="top_0">
                <vehicle id="cfm_slow_4" pos="24.10" speed="46.26"/>
            </lane>
        </edge>
    </timestep>
    <timestep time="5.44">
        <edge id="bottom">
            <lane id="bottom_0">
                <vehicle id="cfm_slow_1" pos="4.01" speed="45.79"/>
                <vehicle id="cfm_slow_2" pos="43.65" speed="46.51"/>
            </lane>
        </edge>
        <edge id="left">
            <lane id="left_0">
                <vehicle id="cfm_slow_0" pos="15.11" speed="45.08"/>
            </lane>
        </edge>
        <edge id="right">
            <lane id="right_0">
                <vehicle id="cfm_slow_3" pos="34.01" speed="46.76"/>
            </lane>
        </edge>
        <edge id="top">
            <lane id="top_0">
                <vehicle id="cfm_slow_4" pos="24.57" speed="46.26"/>
            </lane>
        </edge>
    </timestep>
    <timestep time="5.45">
        <edge id="bottom">
            <lane id="bottom_0">
                <vehicle id="cfm_slow_1" pos="4.47" speed="45.81"/>
                <vehicle id="cfm_slow_2" pos="44.12" speed="46.52"/>
            </lane>
        </edge>
        <edge id="left">
            <lane id="left_0">
                <vehicle id="cfm_slow_0" pos="15.56" speed="45.10"/>
            </lane>
        </edge>
        <edge id="right">
            <lane id="right_0">
                <vehicle id="cfm_slow_3" pos="34.48" speed="46.76"/>
            </lane>
        </edge>
        <edge id="top">
            <lane id="top_0">
                <vehicle id="cfm_slow_4" pos="25.03" speed="46.26"/>
            </lane>
        </edge>
    </timestep>
    <timestep time="5.46">
        <edge id="bottom">
            <lane id="bottom_0">
                <vehicle id="cfm_slow_1" pos="4.93" speed="45.82"/>
                <vehicle id="cfm_slow_2" pos="44.58" speed="46.53"/>
            </lane>
        </edge>
        <edge id="left">
            <lane id="left_0">
                <vehicle id="cfm_slow_0" pos="16.01" speed="45.11"/>
            </lane>
        </edge>
        <edge id="right">
            <lane id="right_0">
                <vehicle id="cfm_slow_3" pos="34.95" speed="46.77"/>
            </lane>
        </edge>
        <edge id="top">
            <lane id="top_0">
                <vehicle id="cfm_slow_4" pos="25.49" speed="46.26"/>
            </lane>
        </edge>
    </timestep>
    <timestep time="5.47">
        <edge id="bottom">
            <lane id="bottom_0">
                <vehicle id="cfm_slow_1" pos="5.39" speed="45.83"/>
                <vehicle id="cfm_slow_2" pos="45.05" speed="46.54"/>
            </lane>
        </edge>
        <edge id="left">
            <lane id="left_0">
                <vehicle id="cfm_slow_0" pos="16.46" speed="45.12"/>
            </lane>
        </edge>
        <edge id="right">
            <lane id="right_0">
                <vehicle id="cfm_slow_3" pos="35.41" speed="46.77"/>
            </lane>
        </edge>
        <edge id="top">
            <lane id="top_0">
                <vehicle id="cfm_slow_4" pos="25.95" speed="46.26"/>
            </lane>
        </edge>
    </timestep>
    <timestep time="5.48">
        <edge id="bottom">
            <lane id="bottom_0">
                <vehicle id="cfm_slow_1" pos="5.85" speed="45.85"/>
                <vehicle id="cfm_slow_2" pos="45.51" speed="46.55"/>
            </lane>
        </edge>
        <edge id="left">
            <lane id="left_0">
                <vehicle id="cfm_slow_0" pos="16.91" speed="45.14"/>
            </lane>
        </edge>
        <edge id="right">
            <lane id="right_0">
                <vehicle id="cfm_slow_3" pos="35.88" speed="46.77"/>
            </lane>
        </edge>
        <edge id="top">
            <lane id="top_0">
                <vehicle id="cfm_slow_4" pos="26.42" speed="46.26"/>
            </lane>
        </edge>
    </timestep>
    <timestep time="5.49">
        <edge id="bottom">
            <lane id="bottom_0">
                <vehicle id="cfm_slow_1" pos="6.30" speed="45.86"/>
                <vehicle id="cfm_slow_2" pos="45.98" speed="46.56"/>
            </lane>
        </edge>
        <edge id="left">
            <lane id="left_0">
                <vehicle id="cfm_slow_0" pos="17.36" speed="45.15"/>
            </lane>
        </edge>
        <edge id="right">
            <lane id="right_0">
                <vehicle id="cfm_slow_3" pos="36.35" speed="46.77"/>
            </lane>
        </edge>
        <edge id="top">
            <lane id="top_0">
                <vehicle id="cfm_slow_4" pos="26.88" speed="46.27"/>
            </lane>
        </edge>
    </timestep>
    <timestep time="5.50">
        <edge id="bottom">
            <lane id="bottom_0">
                <vehicle id="cfm_slow_1" pos="6.76" speed="45.88"/>
                <vehicle id="cfm_slow_2" pos="46.45" speed="46.57"/>
            </lane>
        </edge>
        <edge id="left">
            <lane id="left_0">
                <vehicle id="cfm_slow_0" pos="17.81" speed="45.16"/>
            </lane>
        </edge>
        <edge id="right">
            <lane id="right_0">
                <vehicle id="cfm_slow_3" pos="36.82" speed="46.78"/>
            </lane>
        </edge>
        <edge id="top">
            <lane id="top_0">
                <vehicle id="cfm_slow_4" pos="27.34" speed="46.27"/>
            </lane>
        </edge>
    </timestep>
    <timestep time="5.51">
        <edge id="bottom">
            <lane id="bottom_0">
                <vehicle id="cfm_slow_1" pos="7.22" speed="45.89"/>
                <vehicle id="cfm_slow_2" pos="46.91" speed="46.58"/>
            </lane>
        </edge>
        <edge id="left">
            <lane id="left_0">
                <vehicle id="cfm_slow_0" pos="18.27" speed="45.18"/>
            </lane>
        </edge>
        <edge id="right">
            <lane id="right_0">
                <vehicle id="cfm_slow_3" pos="37.28" speed="46.78"/>
            </lane>
        </edge>
        <edge id="top">
            <lane id="top_0">
                <vehicle id="cfm_slow_4" pos="27.81" speed="46.27"/>
            </lane>
        </edge>
    </timestep>
    <timestep time="5.52">
        <edge id="bottom">
            <lane id="bottom_0">
                <vehicle id="cfm_slow_1" pos="7.68" speed="45.90"/>
                <vehicle id="cfm_slow_2" pos="47.38" speed="46.59"/>
            </lane>
        </edge>
        <edge id="left">
            <lane id="left_0">
                <vehicle id="cfm_slow_0" pos="18.72" speed="45.19"/>
            </lane>
        </edge>
        <edge id="right">
            <lane id="right_0">
                <vehicle id="cfm_slow_3" pos="37.75" speed="46.78"/>
            </lane>
        </edge>
        <edge id="top">
            <lane id="top_0">
                <vehicle id="cfm_slow_4" pos="28.27" speed="46.27"/>
            </lane>
        </edge>
    </timestep>
    <timestep time="5.53">
        <edge id="bottom">
            <lane id="bottom_0">
                <vehicle id="cfm_slow_1" pos="8.14" speed="45.92"/>
                <vehicle id="cfm_slow_2" pos="47.84" speed="46.60"/>
            </lane>
        </edge>
        <edge id="left">
            <lane id="left_0">
                <vehicle id="cfm_slow_0" pos="19.17" speed="45.20"/>
            </lane>
        </edge>
        <edge id="right">
            <lane id="right_0">
                <vehicle id="cfm_slow_3" pos="38.22" speed="46.78"/>
            </lane>
        </edge>
        <edge id="top">
            <lane id="top_0">
                <vehicle id="cfm_slow_4" pos="28.73" speed="46.27"/>
            </lane>
        </edge>
    </timestep>
    <timestep time="5.54">
        <edge id="bottom">
            <lane id="bottom_0">
                <vehicle id="cfm_slow_1" pos="8.60" speed="45.93"/>
                <vehicle id="cfm_slow_2" pos="48.31" speed="46.61"/>
            </lane>
        </edge>
        <edge id="left">
            <lane id="left_0">
                <vehicle id="cfm_slow_0" pos="19.62" speed="45.22"/>
            </lane>
        </edge>
        <edge id="right">
            <lane id="right_0">
                <vehicle id="cfm_slow_3" pos="38.69" speed="46.78"/>
            </lane>
        </edge>
        <edge id="top">
            <lane id="top_0">
                <vehicle id="cfm_slow_4" pos="29.19" speed="46.27"/>
            </lane>
        </edge>
    </timestep>
    <timestep time="5.55">
        <edge id="bottom">
            <lane id="bottom_0">
                <vehicle id="cfm_slow_1" pos="9.06" speed="45.94"/>
                <vehicle id="cfm_slow_2" pos="48.78" speed="46.62"/>
            </lane>
        </edge>
        <edge id="left">
            <lane id="left_0">
                <vehicle id="cfm_slow_0" pos="20.07" speed="45.23"/>
            </lane>
        </edge>
        <edge id="right">
            <lane id="right_0">
                <vehicle id="cfm_slow_3" pos="39.16" speed="46.79"/>
            </lane>
        </edge>
        <edge id="top">
            <lane id="top_0">
                <vehicle id="cfm_slow_4" pos="29.66" speed="46.27"/>
            </lane>
        </edge>
    </timestep>
    <timestep time="5.56">
        <edge id="bottom">
            <lane id="bottom_0">
                <vehicle id="cfm_slow_1" pos="9.52" speed="45.96"/>
                <vehicle id="cfm_slow_2" pos="49.24" speed="46.62"/>
            </lane>
        </edge>
        <edge id="left">
            <lane id="left_0">
                <vehicle id="cfm_slow_0" pos="20.53" speed="45.24"/>
            </lane>
        </edge>
        <edge id="right">
            <lane id="right_0">
                <vehicle id="cfm_slow_3" pos="39.62" speed="46.79"/>
            </lane>
        </edge>
        <edge id="top">
            <lane id="top_0">
                <vehicle id="cfm_slow_4" pos="30.12" speed="46.27"/>
            </lane>
        </edge>
    </timestep>
    <timestep time="5.57">
        <edge id="bottom">
            <lane id="bottom_0">
                <vehicle id="cfm_slow_1" pos="9.98" speed="45.97"/>
                <vehicle id="cfm_slow_2" pos="49.71" speed="46.63"/>
            </lane>
        </edge>
        <edge id="left">
            <lane id="left_0">
                <vehicle id="cfm_slow_0" pos="20.98" speed="45.26"/>
            </lane>
        </edge>
        <edge id="right">
            <lane id="right_0">
                <vehicle id="cfm_slow_3" pos="40.09" speed="46.79"/>
            </lane>
        </edge>
        <edge id="top">
            <lane id="top_0">
                <vehicle id="cfm_slow_4" pos="30.58" speed="46.27"/>
            </lane>
        </edge>
    </timestep>
    <timestep time="5.58">
        <edge id="bottom">
            <lane id="bottom_0">
                <vehicle id="cfm_slow_1" pos="10.44" speed="45.98"/>
            </lane>
        </edge>
        <edge id="left">
            <lane id="left_0">
                <vehicle id="cfm_slow_0" pos="21.43" speed="45.27"/>
            </lane>
        </edge>
        <edge id="right">
            <lane id="right_0">
                <vehicle id="cfm_slow_2" pos="0.17" speed="46.64"/>
                <vehicle id="cfm_slow_3" pos="40.56" speed="46.79"/>
            </lane>
        </edge>
        <edge id="top">
            <lane id="top_0">
                <vehicle id="cfm_slow_4" pos="31.04" speed="46.27"/>
            </lane>
        </edge>
    </timestep>
    <timestep time="5.59">
        <edge id="bottom">
            <lane id="bottom_0">
                <vehicle id="cfm_slow_1" pos="10.90" speed="46.00"/>
            </lane>
        </edge>
        <edge id="left">
            <lane id="left_0">
                <vehicle id="cfm_slow_0" pos="21.88" speed="45.28"/>
            </lane>
        </edge>
        <edge id="right">
            <lane id="right_0">
                <vehicle id="cfm_slow_2" pos="0.64" speed="46.65"/>
                <vehicle id="cfm_slow_3" pos="41.03" speed="46.79"/>
            </lane>
        </edge>
        <edge id="top">
            <lane id="top_0">
                <vehicle id="cfm_slow_4" pos="31.51" speed="46.28"/>
            </lane>
        </edge>
    </timestep>
    <timestep time="5.60">
        <edge id="bottom">
            <lane id="bottom_0">
                <vehicle id="cfm_slow_1" pos="11.36" speed="46.01"/>
            </lane>
        </edge>
        <edge id="left">
            <lane id="left_0">
                <vehicle id="cfm_slow_0" pos="22.34" speed="45.30"/>
            </lane>
        </edge>
        <edge id="right">
            <lane id="right_0">
                <vehicle id="cfm_slow_2" pos="1.11" speed="46.66"/>
                <vehicle id="cfm_slow_3" pos="41.50" speed="46.79"/>
            </lane>
        </edge>
        <edge id="top">
            <lane id="top_0">
                <vehicle id="cfm_slow_4" pos="31.97" speed="46.28"/>
            </lane>
        </edge>
    </timestep>
    <timestep time="5.61">
        <edge id="bottom">
            <lane id="bottom_0">
                <vehicle id="cfm_slow_1" pos="11.82" speed="46.02"/>
            </lane>
        </edge>
        <edge id="left">
            <lane id="left_0">
                <vehicle id="cfm_slow_0" pos="22.79" speed="45.31"/>
            </lane>
        </edge>
        <edge id="right">
            <lane id="right_0">
                <vehicle id="cfm_slow_2" pos="1.57" speed="46.67"/>
                <vehicle id="cfm_slow_3" pos="41.96" speed="46.80"/>
            </lane>
        </edge>
        <edge id="top">
            <lane id="top_0">
                <vehicle id="cfm_slow_4" pos="32.43" speed="46.28"/>
            </lane>
        </edge>
    </timestep>
    <timestep time="5.62">
        <edge id="bottom">
            <lane id="bottom_0">
                <vehicle id="cfm_slow_1" pos="12.28" speed="46.03"/>
            </lane>
        </edge>
        <edge id="left">
            <lane id="left_0">
                <vehicle id="cfm_slow_0" pos="23.24" speed="45.32"/>
            </lane>
        </edge>
        <edge id="right">
            <lane id="right_0">
                <vehicle id="cfm_slow_2" pos="2.04" speed="46.67"/>
                <vehicle id="cfm_slow_3" pos="42.43" speed="46.80"/>
            </lane>
        </edge>
        <edge id="top">
            <lane id="top_0">
                <vehicle id="cfm_slow_4" pos="32.90" speed="46.28"/>
            </lane>
        </edge>
    </timestep>
    <timestep time="5.63">
        <edge id="bottom">
            <lane id="bottom_0">
                <vehicle id="cfm_slow_1" pos="12.74" speed="46.05"/>
            </lane>
        </edge>
        <edge id="left">
            <lane id="left_0">
                <vehicle id="cfm_slow_0" pos="23.70" speed="45.34"/>
            </lane>
        </edge>
        <edge id="right">
            <lane id="right_0">
                <vehicle id="cfm_slow_2" pos="2.51" speed="46.68"/>
                <vehicle id="cfm_slow_3" pos="42.90" speed="46.80"/>
            </lane>
        </edge>
        <edge id="top">
            <lane id="top_0">
                <vehicle id="cfm_slow_4" pos="33.36" speed="46.28"/>
            </lane>
        </edge>
    </timestep>
    <timestep time="5.64">
        <edge id="bottom">
            <lane id="bottom_0">
                <vehicle id="cfm_slow_1" pos="13.20" speed="46.06"/>
            </lane>
        </edge>
        <edge id="left">
            <lane id="left_0">
                <vehicle id="cfm_slow_0" pos="24.15" speed="45.35"/>
            </lane>
        </edge>
        <edge id="right">
            <lane id="right_0">
                <vehicle id="cfm_slow_2" pos="2.97" speed="46.69"/>
                <vehicle id="cfm_slow_3" pos="43.37" speed="46.80"/>
            </lane>
        </edge>
        <edge id="top">
            <lane id="top_0">
                <vehicle id="cfm_slow_4" pos="33.82" speed="46.28"/>
            </lane>
        </edge>
    </timestep>
    <timestep time="5.65">
        <edge id="bottom">
            <lane id="bottom_0">
                <vehicle id="cfm_slow_1" pos="13.66" speed="46.07"/>
            </lane>
        </edge>
        <edge id="left">
            <lane id="left_0">
                <vehicle id="cfm_slow_0" pos="24.60" speed="45.36"/>
            </lane>
        </edge>
        <edge id="right">
            <lane id="right_0">
                <vehicle id="cfm_slow_2" pos="3.44" speed="46.70"/>
                <vehicle id="cfm_slow_3" pos="43.84" speed="46.80"/>
            </lane>
        </edge>
        <edge id="top">
            <lane id="top_0">
                <vehicle id="cfm_slow_4" pos="34.28" speed="46.28"/>
            </lane>
        </edge>
    </timestep>
    <timestep time="5.66">
        <edge id="bottom">
            <lane id="bottom_0">
                <vehicle id="cfm_slow_1" pos="14.12" speed="46.08"/>
            </lane>
        </edge>
        <edge id="left">
            <lane id="left_0">
                <vehicle id="cfm_slow_0" pos="25.06" speed="45.37"/>
            </lane>
        </edge>
        <edge id="right">
            <lane id="right_0">
                <vehicle id="cfm_slow_2" pos="3.91" speed="46.70"/>
                <vehicle id="cfm_slow_3" pos="44.30" speed="46.80"/>
            </lane>
        </edge>
        <edge id="top">
            <lane id="top_0">
                <vehicle id="cfm_slow_4" pos="34.75" speed="46.28"/>
            </lane>
        </edge>
    </timestep>
    <timestep time="5.67">
        <edge id="bottom">
            <lane id="bottom_0">
                <vehicle id="cfm_slow_1" pos="14.58" speed="46.09"/>
            </lane>
        </edge>
        <edge id="left">
            <lane id="left_0">
                <vehicle id="cfm_slow_0" pos="25.51" speed="45.39"/>
            </lane>
        </edge>
        <edge id="right">
            <lane id="right_0">
                <vehicle id="cfm_slow_2" pos="4.38" speed="46.71"/>
                <vehicle id="cfm_slow_3" pos="44.77" speed="46.80"/>
            </lane>
        </edge>
        <edge id="top">
            <lane id="top_0">
                <vehicle id="cfm_slow_4" pos="35.21" speed="46.28"/>
            </lane>
        </edge>
    </timestep>
    <timestep time="5.68">
        <edge id="bottom">
            <lane id="bottom_0">
                <vehicle id="cfm_slow_1" pos="15.04" speed="46.11"/>
            </lane>
        </edge>
        <edge id="left">
            <lane id="left_0">
                <vehicle id="cfm_slow_0" pos="25.97" speed="45.40"/>
            </lane>
        </edge>
        <edge id="right">
            <lane id="right_0">
                <vehicle id="cfm_slow_2" pos="4.84" speed="46.72"/>
                <vehicle id="cfm_slow_3" pos="45.24" speed="46.80"/>
            </lane>
        </edge>
        <edge id="top">
            <lane id="top_0">
                <vehicle id="cfm_slow_4" pos="35.67" speed="46.28"/>
            </lane>
        </edge>
    </timestep>
    <timestep time="5.69">
        <edge id="bottom">
            <lane id="bottom_0">
                <vehicle id="cfm_slow_1" pos="15.50" speed="46.12"/>
            </lane>
        </edge>
        <edge id="left">
            <lane id="left_0">
                <vehicle id="cfm_slow_0" pos="26.42" speed="45.41"/>
            </lane>
        </edge>
        <edge id="right">
            <lane id="right_0">
                <vehicle id="cfm_slow_2" pos="5.31" speed="46.72"/>
                <vehicle id="cfm_slow_3" pos="45.71" speed="46.80"/>
            </lane>
        </edge>
        <edge id="top">
            <lane id="top_0">
                <vehicle id="cfm_slow_4" pos="36.14" speed="46.29"/>
            </lane>
        </edge>
    </timestep>
    <timestep time="5.70">
        <edge id="bottom">
            <lane id="bottom_0">
                <vehicle id="cfm_slow_1" pos="15.97" speed="46.13"/>
            </lane>
        </edge>
        <edge id="left">
            <lane id="left_0">
                <vehicle id="cfm_slow_0" pos="26.87" speed="45.43"/>
            </lane>
        </edge>
        <edge id="right">
            <lane id="right_0">
                <vehicle id="cfm_slow_2" pos="5.78" speed="46.73"/>
                <vehicle id="cfm_slow_3" pos="46.18" speed="46.81"/>
            </lane>
        </edge>
        <edge id="top">
            <lane id="top_0">
                <vehicle id="cfm_slow_4" pos="36.60" speed="46.29"/>
            </lane>
        </edge>
    </timestep>
    <timestep time="5.71">
        <edge id="bottom">
            <lane id="bottom_0">
                <vehicle id="cfm_slow_1" pos="16.43" speed="46.14"/>
            </lane>
        </edge>
        <edge id="left">
            <lane id="left_0">
                <vehicle id="cfm_slow_0" pos="27.33" speed="45.44"/>
            </lane>
        </edge>
        <edge id="right">
            <lane id="right_0">
                <vehicle id="cfm_slow_2" pos="6.24" speed="46.74"/>
                <vehicle id="cfm_slow_3" pos="46.64" speed="46.81"/>
            </lane>
        </edge>
        <edge id="top">
            <lane id="top_0">
                <vehicle id="cfm_slow_4" pos="37.06" speed="46.29"/>
            </lane>
        </edge>
    </timestep>
    <timestep time="5.72">
        <edge id="bottom">
            <lane id="bottom_0">
                <vehicle id="cfm_slow_1" pos="16.89" speed="46.15"/>
            </lane>
        </edge>
        <edge id="left">
            <lane id="left_0">
                <vehicle id="cfm_slow_0" pos="27.78" speed="45.45"/>
            </lane>
        </edge>
        <edge id="right">
            <lane id="right_0">
                <vehicle id="cfm_slow_2" pos="6.71" speed="46.74"/>
                <vehicle id="cfm_slow_3" pos="47.11" speed="46.81"/>
            </lane>
        </edge>
        <edge id="top">
            <lane id="top_0">
                <vehicle id="cfm_slow_4" pos="37.52" speed="46.29"/>
            </lane>
        </edge>
    </timestep>
    <timestep time="5.73">
        <edge id="bottom">
            <lane id="bottom_0">
                <vehicle id="cfm_slow_1" pos="17.35" speed="46.16"/>
            </lane>
        </edge>
        <edge id="left">
            <lane id="left_0">
                <vehicle id="cfm_slow_0" pos="28.24" speed="45.46"/>
            </lane>
        </edge>
        <edge id="right">
            <lane id="right_0">
                <vehicle id="cfm_slow_2" pos="7.18" speed="46.75"/>
                <vehicle id="cfm_slow_3" pos="47.58" speed="46.81"/>
            </lane>
        </edge>
        <edge id="top">
            <lane id="top_0">
                <vehicle id="cfm_slow_4" pos="37.99" speed="46.29"/>
            </lane>
        </edge>
    </timestep>
    <timestep time="5.74">
        <edge id="bottom">
            <lane id="bottom_0">
                <vehicle id="cfm_slow_1" pos="17.81" speed="46.18"/>
            </lane>
        </edge>
        <edge id="left">
            <lane id="left_0">
                <vehicle id="cfm_slow_0" pos="28.69" speed="45.47"/>
            </lane>
        </edge>
        <edge id="right">
            <lane id="right_0">
                <vehicle id="cfm_slow_2" pos="7.65" speed="46.76"/>
                <vehicle id="cfm_slow_3" pos="48.05" speed="46.81"/>
            </lane>
        </edge>
        <edge id="top">
            <lane id="top_0">
                <vehicle id="cfm_slow_4" pos="38.45" speed="46.29"/>
            </lane>
        </edge>
    </timestep>
    <timestep time="5.75">
        <edge id="bottom">
            <lane id="bottom_0">
                <vehicle id="cfm_slow_1" pos="18.27" speed="46.19"/>
            </lane>
        </edge>
        <edge id="left">
            <lane id="left_0">
                <vehicle id="cfm_slow_0" pos="29.15" speed="45.49"/>
            </lane>
        </edge>
        <edge id="right">
            <lane id="right_0">
                <vehicle id="cfm_slow_2" pos="8.11" speed="46.76"/>
                <vehicle id="cfm_slow_3" pos="48.52" speed="46.81"/>
            </lane>
        </edge>
        <edge id="top">
            <lane id="top_0">
                <vehicle id="cfm_slow_4" pos="38.91" speed="46.29"/>
            </lane>
        </edge>
    </timestep>
    <timestep time="5.76">
        <edge id="bottom">
            <lane id="bottom_0">
                <vehicle id="cfm_slow_1" pos="18.74" speed="46.20"/>
            </lane>
        </edge>
        <edge id="left">
            <lane id="left_0">
                <vehicle id="cfm_slow_0" pos="29.60" speed="45.50"/>
            </lane>
        </edge>
        <edge id="right">
            <lane id="right_0">
                <vehicle id="cfm_slow_2" pos="8.58" speed="46.77"/>
                <vehicle id="cfm_slow_3" pos="48.98" speed="46.81"/>
            </lane>
        </edge>
        <edge id="top">
            <lane id="top_0">
                <vehicle id="cfm_slow_4" pos="39.38" speed="46.29"/>
            </lane>
        </edge>
    </timestep>
    <timestep time="5.77">
        <edge id="bottom">
            <lane id="bottom_0">
                <vehicle id="cfm_slow_1" pos="19.20" speed="46.21"/>
            </lane>
        </edge>
        <edge id="left">
            <lane id="left_0">
                <vehicle id="cfm_slow_0" pos="30.06" speed="45.51"/>
            </lane>
        </edge>
        <edge id="right">
            <lane id="right_0">
                <vehicle id="cfm_slow_2" pos="9.05" speed="46.78"/>
                <vehicle id="cfm_slow_3" pos="49.45" speed="46.81"/>
            </lane>
        </edge>
        <edge id="top">
            <lane id="top_0">
                <vehicle id="cfm_slow_4" pos="39.84" speed="46.30"/>
            </lane>
        </edge>
    </timestep>
    <timestep time="5.78">
        <edge id="bottom">
            <lane id="bottom_0">
                <vehicle id="cfm_slow_1" pos="19.66" speed="46.22"/>
            </lane>
        </edge>
        <edge id="left">
            <lane id="left_0">
                <vehicle id="cfm_slow_0" pos="30.51" speed="45.52"/>
            </lane>
        </edge>
        <edge id="right">
            <lane id="right_0">
                <vehicle id="cfm_slow_2" pos="9.52" speed="46.78"/>
                <vehicle id="cfm_slow_3" pos="49.92" speed="46.81"/>
            </lane>
        </edge>
        <edge id="top">
            <lane id="top_0">
                <vehicle id="cfm_slow_4" pos="40.30" speed="46.30"/>
            </lane>
        </edge>
    </timestep>
    <timestep time="5.79">
        <edge id="bottom">
            <lane id="bottom_0">
                <vehicle id="cfm_slow_1" pos="20.12" speed="46.23"/>
            </lane>
        </edge>
        <edge id="left">
            <lane id="left_0">
                <vehicle id="cfm_slow_0" pos="30.97" speed="45.54"/>
            </lane>
        </edge>
        <edge id="right">
            <lane id="right_0">
                <vehicle id="cfm_slow_2" pos="9.99" speed="46.79"/>
            </lane>
        </edge>
        <edge id="top">
            <lane id="top_0">
                <vehicle id="cfm_slow_3" pos="0.39" speed="46.81"/>
                <vehicle id="cfm_slow_4" pos="40.76" speed="46.30"/>
            </lane>
        </edge>
    </timestep>
    <timestep time="5.80">
        <edge id="bottom">
            <lane id="bottom_0">
                <vehicle id="cfm_slow_1" pos="20.59" speed="46.24"/>
            </lane>
        </edge>
        <edge id="left">
            <lane id="left_0">
                <vehicle id="cfm_slow_0" pos="31.42" speed="45.55"/>
            </lane>
        </edge>
        <edge id="right">
            <lane id="right_0">
                <vehicle id="cfm_slow_2" pos="10.45" speed="46.79"/>
            </lane>
        </edge>
        <edge id="top">
            <lane id="top_0">
                <vehicle id="cfm_slow_3" pos="0.86" speed="46.81"/>
                <vehicle id="cfm_slow_4" pos="41.23" speed="46.30"/>
            </lane>
        </edge>
    </timestep>
    <timestep time="5.81">
        <edge id="bottom">
            <lane id="bottom_0">
                <vehicle id="cfm_slow_1" pos="21.05" speed="46.25"/>
            </lane>
        </edge>
        <edge id="left">
            <lane id="left_0">
                <vehicle id="cfm_slow_0" pos="31.88" speed="45.56"/>
            </lane>
        </edge>
        <edge id="right">
            <lane id="right_0">
                <vehicle id="cfm_slow_2" pos="10.92" speed="46.80"/>
            </lane>
        </edge>
        <edge id="top">
            <lane id="top_0">
                <vehicle id="cfm_slow_3" pos="1.32" speed="46.81"/>
                <vehicle id="cfm_slow_4" pos="41.69" speed="46.30"/>
            </lane>
        </edge>
    </timestep>
    <timestep time="5.82">
        <edge id="bottom">
            <lane id="bottom_0">
                <vehicle id="cfm_slow_1" pos="21.51" speed="46.26"/>
            </lane>
        </edge>
        <edge id="left">
            <lane id="left_0">
                <vehicle id="cfm_slow_0" pos="32.33" speed="45.57"/>
            </lane>
        </edge>
        <edge id="right">
            <lane id="right_0">
                <vehicle id="cfm_slow_2" pos="11.39" speed="46.81"/>
            </lane>
        </edge>
        <edge id="top">
            <lane id="top_0">
                <vehicle id="cfm_slow_3" pos="1.79" speed="46.81"/>
                <vehicle id="cfm_slow_4" pos="42.15" speed="46.30"/>
            </lane>
        </edge>
    </timestep>
    <timestep time="5.83">
        <edge id="bottom">
            <lane id="bottom_0">
                <vehicle id="cfm_slow_1" pos="21.97" speed="46.27"/>
            </lane>
        </edge>
        <edge id="left">
            <lane id="left_0">
                <vehicle id="cfm_slow_0" pos="32.79" speed="45.58"/>
            </lane>
        </edge>
        <edge id="right">
            <lane id="right_0">
                <vehicle id="cfm_slow_2" pos="11.86" speed="46.81"/>
            </lane>
        </edge>
        <edge id="top">
            <lane id="top_0">
                <vehicle id="cfm_slow_3" pos="2.26" speed="46.81"/>
                <vehicle id="cfm_slow_4" pos="42.62" speed="46.30"/>
            </lane>
        </edge>
    </timestep>
    <timestep time="5.84">
        <edge id="bottom">
            <lane id="bottom_0">
                <vehicle id="cfm_slow_1" pos="22.44" speed="46.28"/>
            </lane>
        </edge>
        <edge id="left">
            <lane id="left_0">
                <vehicle id="cfm_slow_0" pos="33.25" speed="45.59"/>
            </lane>
        </edge>
        <edge id="right">
            <lane id="right_0">
                <vehicle id="cfm_slow_2" pos="12.33" speed="46.82"/>
            </lane>
        </edge>
        <edge id="top">
            <lane id="top_0">
                <vehicle id="cfm_slow_3" pos="2.73" speed="46.81"/>
                <vehicle id="cfm_slow_4" pos="43.08" speed="46.30"/>
            </lane>
        </edge>
    </timestep>
    <timestep time="5.85">
        <edge id="bottom">
            <lane id="bottom_0">
                <vehicle id="cfm_slow_1" pos="22.90" speed="46.30"/>
            </lane>
        </edge>
        <edge id="left">
            <lane id="left_0">
                <vehicle id="cfm_slow_0" pos="33.70" speed="45.61"/>
            </lane>
        </edge>
        <edge id="right">
            <lane id="right_0">
                <vehicle id="cfm_slow_2" pos="12.79" speed="46.82"/>
            </lane>
        </edge>
        <edge id="top">
            <lane id="top_0">
                <vehicle id="cfm_slow_3" pos="3.20" speed="46.81"/>
                <vehicle id="cfm_slow_4" pos="43.54" speed="46.31"/>
            </lane>
        </edge>
    </timestep>
    <timestep time="5.86">
        <edge id="bottom">
            <lane id="bottom_0">
                <vehicle id="cfm_slow_1" pos="23.36" speed="46.31"/>
            </lane>
        </edge>
        <edge id="left">
            <lane id="left_0">
                <vehicle id="cfm_slow_0" pos="34.16" speed="45.62"/>
            </lane>
        </edge>
        <edge id="right">
            <lane id="right_0">
                <vehicle id="cfm_slow_2" pos="13.26" speed="46.83"/>
            </lane>
        </edge>
        <edge id="top">
            <lane id="top_0">
                <vehicle id="cfm_slow_3" pos="3.67" speed="46.81"/>
                <vehicle id="cfm_slow_4" pos="44.01" speed="46.31"/>
            </lane>
        </edge>
    </timestep>
    <timestep time="5.87">
        <edge id="bottom">
            <lane id="bottom_0">
                <vehicle id="cfm_slow_1" pos="23.82" speed="46.32"/>
            </lane>
        </edge>
        <edge id="left">
            <lane id="left_0">
                <vehicle id="cfm_slow_0" pos="34.61" speed="45.63"/>
            </lane>
        </edge>
        <edge id="right">
            <lane id="right_0">
                <vehicle id="cfm_slow_2" pos="13.73" speed="46.83"/>
            </lane>
        </edge>
        <edge id="top">
            <lane id="top_0">
                <vehicle id="cfm_slow_3" pos="4.13" speed="46.81"/>
                <vehicle id="cfm_slow_4" pos="44.47" speed="46.31"/>
            </lane>
        </edge>
    </timestep>
    <timestep time="5.88">
        <edge id="bottom">
            <lane id="bottom_0">
                <vehicle id="cfm_slow_1" pos="24.29" speed="46.33"/>
            </lane>
        </edge>
        <edge id="left">
            <lane id="left_0">
                <vehicle id="cfm_slow_0" pos="35.07" speed="45.64"/>
            </lane>
        </edge>
        <edge id="right">
            <lane id="right_0">
                <vehicle id="cfm_slow_2" pos="14.20" speed="46.84"/>
            </lane>
        </edge>
        <edge id="top">
            <lane id="top_0">
                <vehicle id="cfm_slow_3" pos="4.60" speed="46.81"/>
                <vehicle id="cfm_slow_4" pos="44.93" speed="46.31"/>
            </lane>
        </edge>
    </timestep>
    <timestep time="5.89">
        <edge id="bottom">
            <lane id="bottom_0">
                <vehicle id="cfm_slow_1" pos="24.75" speed="46.34"/>
            </lane>
        </edge>
        <edge id="left">
            <lane id="left_0">
                <vehicle id="cfm_slow_0" pos="35.53" speed="45.65"/>
            </lane>
        </edge>
        <edge id="right">
            <lane id="right_0">
                <vehicle id="cfm_slow_2" pos="14.67" speed="46.84"/>
            </lane>
        </edge>
        <edge id="top">
            <lane id="top_0">
                <vehicle id="cfm_slow_3" pos="5.07" speed="46.81"/>
                <vehicle id="cfm_slow_4" pos="45.39" speed="46.31"/>
            </lane>
        </edge>
    </timestep>
    <timestep time="5.90">
        <edge id="bottom">
            <lane id="bottom_0">
                <vehicle id="cfm_slow_1" pos="25.22" speed="46.35"/>
            </lane>
        </edge>
        <edge id="left">
            <lane id="left_0">
                <vehicle id="cfm_slow_0" pos="35.98" speed="45.66"/>
            </lane>
        </edge>
        <edge id="right">
            <lane id="right_0">
                <vehicle id="cfm_slow_2" pos="15.14" speed="46.85"/>
            </lane>
        </edge>
        <edge id="top">
            <lane id="top_0">
                <vehicle id="cfm_slow_3" pos="5.54" speed="46.81"/>
                <vehicle id="cfm_slow_4" pos="45.86" speed="46.31"/>
            </lane>
        </edge>
    </timestep>
    <timestep time="5.91">
        <edge id="bottom">
            <lane id="bottom_0">
                <vehicle id="cfm_slow_1" pos="25.68" speed="46.36"/>
            </lane>
        </edge>
        <edge id="left">
            <lane id="left_0">
                <vehicle id="cfm_slow_0" pos="36.44" speed="45.68"/>
            </lane>
        </edge>
        <edge id="right">
            <lane id="right_0">
                <vehicle id="cfm_slow_2" pos="15.60" speed="46.85"/>
            </lane>
        </edge>
        <edge id="top">
            <lane id="top_0">
                <vehicle id="cfm_slow_3" pos="6.01" speed="46.81"/>
                <vehicle id="cfm_slow_4" pos="46.32" speed="46.31"/>
            </lane>
        </edge>
    </timestep>
    <timestep time="5.92">
        <edge id="bottom">
            <lane id="bottom_0">
                <vehicle id="cfm_slow_1" pos="26.14" speed="46.36"/>
            </lane>
        </edge>
        <edge id="left">
            <lane id="left_0">
                <vehicle id="cfm_slow_0" pos="36.90" speed="45.69"/>
            </lane>
        </edge>
        <edge id="right">
            <lane id="right_0">
                <vehicle id="cfm_slow_2" pos="16.07" speed="46.86"/>
            </lane>
        </edge>
        <edge id="top">
            <lane id="top_0">
                <vehicle id="cfm_slow_3" pos="6.47" speed="46.81"/>
                <vehicle id="cfm_slow_4" pos="46.78" speed="46.32"/>
            </lane>
        </edge>
    </timestep>
    <timestep time="5.93">
        <edge id="bottom">
            <lane id="bottom_0">
                <vehicle id="cfm_slow_1" pos="26.61" speed="46.37"/>
            </lane>
        </edge>
        <edge id="left">
            <lane id="left_0">
                <vehicle id="cfm_slow_0" pos="37.36" speed="45.70"/>
            </lane>
        </edge>
        <edge id="right">
            <lane id="right_0">
                <vehicle id="cfm_slow_2" pos="16.54" speed="46.86"/>
            </lane>
        </edge>
        <edge id="top">
            <lane id="top_0">
                <vehicle id="cfm_slow_3" pos="6.94" speed="46.81"/>
                <vehicle id="cfm_slow_4" pos="47.25" speed="46.32"/>
            </lane>
        </edge>
    </timestep>
    <timestep time="5.94">
        <edge id="bottom">
            <lane id="bottom_0">
                <vehicle id="cfm_slow_1" pos="27.07" speed="46.38"/>
            </lane>
        </edge>
        <edge id="left">
            <lane id="left_0">
                <vehicle id="cfm_slow_0" pos="37.81" speed="45.71"/>
            </lane>
        </edge>
        <edge id="right">
            <lane id="right_0">
                <vehicle id="cfm_slow_2" pos="17.01" speed="46.87"/>
            </lane>
        </edge>
        <edge id="top">
            <lane id="top_0">
                <vehicle id="cfm_slow_3" pos="7.41" speed="46.81"/>
                <vehicle id="cfm_slow_4" pos="47.71" speed="46.32"/>
            </lane>
        </edge>
    </timestep>
    <timestep time="5.95">
        <edge id="bottom">
            <lane id="bottom_0">
                <vehicle id="cfm_slow_1" pos="27.53" speed="46.39"/>
            </lane>
        </edge>
        <edge id="left">
            <lane id="left_0">
                <vehicle id="cfm_slow_0" pos="38.27" speed="45.72"/>
            </lane>
        </edge>
        <edge id="right">
            <lane id="right_0">
                <vehicle id="cfm_slow_2" pos="17.48" speed="46.87"/>
            </lane>
        </edge>
        <edge id="top">
            <lane id="top_0">
                <vehicle id="cfm_slow_3" pos="7.88" speed="46.81"/>
                <vehicle id="cfm_slow_4" pos="48.17" speed="46.32"/>
            </lane>
        </edge>
    </timestep>
    <timestep time="5.96">
        <edge id="bottom">
            <lane id="bottom_0">
                <vehicle id="cfm_slow_1" pos="28.00" speed="46.40"/>
            </lane>
        </edge>
        <edge id="left">
            <lane id="left_0">
                <vehicle id="cfm_slow_0" pos="38.73" speed="45.73"/>
            </lane>
        </edge>
        <edge id="right">
            <lane id="right_0">
                <vehicle id="cfm_slow_2" pos="17.95" speed="46.87"/>
            </lane>
        </edge>
        <edge id="top">
            <lane id="top_0">
                <vehicle id="cfm_slow_3" pos="8.35" speed="46.81"/>
                <vehicle id="cfm_slow_4" pos="48.64" speed="46.32"/>
            </lane>
        </edge>
    </timestep>
    <timestep time="5.97">
        <edge id="bottom">
            <lane id="bottom_0">
                <vehicle id="cfm_slow_1" pos="28.46" speed="46.41"/>
            </lane>
        </edge>
        <edge id="left">
            <lane id="left_0">
                <vehicle id="cfm_slow_0" pos="39.18" speed="45.74"/>
            </lane>
        </edge>
        <edge id="right">
            <lane id="right_0">
                <vehicle id="cfm_slow_2" pos="18.42" speed="46.88"/>
            </lane>
        </edge>
        <edge id="top">
            <lane id="top_0">
                <vehicle id="cfm_slow_3" pos="8.82" speed="46.81"/>
                <vehicle id="cfm_slow_4" pos="49.10" speed="46.32"/>
            </lane>
        </edge>
    </timestep>
    <timestep time="5.98">
        <edge id="bottom">
            <lane id="bottom_0">
                <vehicle id="cfm_slow_1" pos="28.93" speed="46.42"/>
            </lane>
        </edge>
        <edge id="left">
            <lane id="left_0">
                <vehicle id="cfm_slow_0" pos="39.64" speed="45.75"/>
            </lane>
        </edge>
        <edge id="right">
            <lane id="right_0">
                <vehicle id="cfm_slow_2" pos="18.89" speed="46.88"/>
            </lane>
        </edge>
        <edge id="top">
            <lane id="top_0">
                <vehicle id="cfm_slow_3" pos="9.28" speed="46.81"/>
                <vehicle id="cfm_slow_4" pos="49.56" speed="46.33"/>
            </lane>
        </edge>
    </timestep>
    <timestep time="5.99">
        <edge id="bottom">
            <lane id="bottom_0">
                <vehicle id="cfm_slow_1" pos="29.39" speed="46.43"/>
            </lane>
        </edge>
        <edge id="left">
            <lane id="left_0">
                <vehicle id="cfm_slow_4" pos="0.03" speed="46.33"/>
                <vehicle id="cfm_slow_0" pos="40.10" speed="45.76"/>
            </lane>
        </edge>
        <edge id="right">
            <lane id="right_0">
                <vehicle id="cfm_slow_2" pos="19.35" speed="46.89"/>
            </lane>
        </edge>
        <edge id="top">
            <lane id="top_0">
                <vehicle id="cfm_slow_3" pos="9.75" speed="46.81"/>
            </lane>
        </edge>
    </timestep>
    <timestep time="6.00">
        <edge id="bottom">
            <lane id="bottom_0">
                <vehicle id="cfm_slow_1" pos="29.85" speed="46.44"/>
            </lane>
        </edge>
        <edge id="left">
            <lane id="left_0">
                <vehicle id="cfm_slow_4" pos="0.49" speed="46.33"/>
                <vehicle id="cfm_slow_0" pos="40.56" speed="45.77"/>
            </lane>
        </edge>
        <edge id="right">
            <lane id="right_0">
                <vehicle id="cfm_slow_2" pos="19.82" speed="46.89"/>
            </lane>
        </edge>
        <edge id="top">
            <lane id="top_0">
                <vehicle id="cfm_slow_3" pos="10.22" speed="46.81"/>
            </lane>
        </edge>
    </timestep>
    <timestep time="6.01">
        <edge id="bottom">
            <lane id="bottom_0">
                <vehicle id="cfm_slow_1" pos="30.32" speed="46.45"/>
            </lane>
        </edge>
        <edge id="left">
            <lane id="left_0">
                <vehicle id="cfm_slow_4" pos="0.95" speed="46.33"/>
                <vehicle id="cfm_slow_0" pos="41.01" speed="45.79"/>
            </lane>
        </edge>
        <edge id="right">
            <lane id="right_0">
                <vehicle id="cfm_slow_2" pos="20.29" speed="46.89"/>
            </lane>
        </edge>
        <edge id="top">
            <lane id="top_0">
                <vehicle id="cfm_slow_3" pos="10.69" speed="46.81"/>
            </lane>
        </edge>
    </timestep>
    <timestep time="6.02">
        <edge id="bottom">
            <lane id="bottom_0">
                <vehicle id="cfm_slow_1" pos="30.78" speed="46.46"/>
            </lane>
        </edge>
        <edge id="left">
            <lane id="left_0">
                <vehicle id="cfm_slow_4" pos="1.42" speed="46.33"/>
                <vehicle id="cfm_slow_0" pos="41.47" speed="45.80"/>
            </lane>
        </edge>
        <edge id="right">
            <lane id="right_0">
                <vehicle id="cfm_slow_2" pos="20.76" speed="46.90"/>
            </lane>
        </edge>
        <edge id="top">
            <lane id="top_0">
                <vehicle id="cfm_slow_3" pos="11.16" speed="46.81"/>
            </lane>
        </edge>
    </timestep>
    <timestep time="6.03">
        <edge id="bottom">
            <lane id="bottom_0">
                <vehicle id="cfm_slow_1" pos="31.25" speed="46.47"/>
            </lane>
        </edge>
        <edge id="left">
            <lane id="left_0">
                <vehicle id="cfm_slow_4" pos="1.88" speed="46.33"/>
                <vehicle id="cfm_slow_0" pos="41.93" speed="45.81"/>
            </lane>
        </edge>
        <edge id="right">
            <lane id="right_0">
                <vehicle id="cfm_slow_2" pos="21.23" speed="46.90"/>
            </lane>
        </edge>
        <edge id="top">
            <lane id="top_0">
                <vehicle id="cfm_slow_3" pos="11.62" speed="46.81"/>
            </lane>
        </edge>
    </timestep>
    <timestep time="6.04">
        <edge id="bottom">
            <lane id="bottom_0">
                <vehicle id="cfm_slow_1" pos="31.71" speed="46.47"/>
            </lane>
        </edge>
        <edge id="left">
            <lane id="left_0">
                <vehicle id="cfm_slow_4" pos="2.34" speed="46.34"/>
                <vehicle id="cfm_slow_0" pos="42.39" speed="45.82"/>
            </lane>
        </edge>
        <edge id="right">
            <lane id="right_0">
                <vehicle id="cfm_slow_2" pos="21.70" speed="46.91"/>
            </lane>
        </edge>
        <edge id="top">
            <lane id="top_0">
                <vehicle id="cfm_slow_3" pos="12.09" speed="46.81"/>
            </lane>
        </edge>
    </timestep>
    <timestep time="6.05">
        <edge id="bottom">
            <lane id="bottom_0">
                <vehicle id="cfm_slow_1" pos="32.18" speed="46.48"/>
            </lane>
        </edge>
        <edge id="left">
            <lane id="left_0">
                <vehicle id="cfm_slow_4" pos="2.81" speed="46.34"/>
                <vehicle id="cfm_slow_0" pos="42.85" speed="45.83"/>
            </lane>
        </edge>
        <edge id="right">
            <lane id="right_0">
                <vehicle id="cfm_slow_2" pos="22.17" speed="46.91"/>
            </lane>
        </edge>
        <edge id="top">
            <lane id="top_0">
                <vehicle id="cfm_slow_3" pos="12.56" speed="46.81"/>
            </lane>
        </edge>
    </timestep>
    <timestep time="6.06">
        <edge id="bottom">
            <lane id="bottom_0">
                <vehicle id="cfm_slow_1" pos="32.64" speed="46.49"/>
            </lane>
        </edge>
        <edge id="left">
            <lane id="left_0">
                <vehicle id="cfm_slow_4" pos="3.27" speed="46.34"/>
                <vehicle id="cfm_slow_0" pos="43.31" speed="45.84"/>
            </lane>
        </edge>
        <edge id="right">
            <lane id="right_0">
                <vehicle id="cfm_slow_2" pos="22.64" speed="46.91"/>
            </lane>
        </edge>
        <edge id="top">
            <lane id="top_0">
                <vehicle id="cfm_slow_3" pos="13.03" speed="46.81"/>
            </lane>
        </edge>
    </timestep>
    <timestep time="6.07">
        <edge id="bottom">
            <lane id="bottom_0">
                <vehicle id="cfm_slow_1" pos="33.11" speed="46.50"/>
            </lane>
        </edge>
        <edge id="left">
            <lane id="left_0">
                <vehicle id="cfm_slow_4" pos="3.73" speed="46.34"/>
                <vehicle id="cfm_slow_0" pos="43.76" speed="45.85"/>
            </lane>
        </edge>
        <edge id="right">
            <lane id="right_0">
                <vehicle id="cfm_slow_2" pos="23.11" speed="46.92"/>
            </lane>
        </edge>
        <edge id="top">
            <lane id="top_0">
                <vehicle id="cfm_slow_3" pos="13.50" speed="46.81"/>
            </lane>
        </edge>
    </timestep>
    <timestep time="6.08">
        <edge id="bottom">
            <lane id="bottom_0">
                <vehicle id="cfm_slow_1" pos="33.57" speed="46.51"/>
            </lane>
        </edge>
        <edge id="left">
            <lane id="left_0">
                <vehicle id="cfm_slow_4" pos="4.20" speed="46.34"/>
                <vehicle id="cfm_slow_0" pos="44.22" speed="45.86"/>
            </lane>
        </edge>
        <edge id="right">
            <lane id="right_0">
                <vehicle id="cfm_slow_2" pos="23.58" speed="46.92"/>
            </lane>
        </edge>
        <edge id="top">
            <lane id="top_0">
                <vehicle id="cfm_slow_3" pos="13.96" speed="46.81"/>
            </lane>
        </edge>
    </timestep>
    <timestep time="6.09">
        <edge id="bottom">
            <lane id="bottom_0">
                <vehicle id="cfm_slow_1" pos="34.04" speed="46.52"/>
            </lane>
        </edge>
        <edge id="left">
            <lane id="left_0">
                <vehicle id="cfm_slow_4" pos="4.66" speed="46.34"/>
                <vehicle id="cfm_slow_0" pos="44.68" speed="45.87"/>
            </lane>
        </edge>
        <edge id="right">
            <lane id="right_0">
                <vehicle id="cfm_slow_2" pos="24.05" speed="46.92"/>
            </lane>
        </edge>
        <edge id="top">
            <lane id="top_0">
                <vehicle id="cfm_slow_3" pos="14.43" speed="46.81"/>
            </lane>
        </edge>
    </timestep>
    <timestep time="6.10">
        <edge id="bottom">
            <lane id="bottom_0">
                <vehicle id="cfm_slow_1" pos="34.50" speed="46.52"/>
            </lane>
        </edge>
        <edge id="left">
            <lane id="left_0">
                <vehicle id="cfm_slow_4" pos="5.12" speed="46.35"/>
                <vehicle id="cfm_slow_0" pos="45.14" speed="45.88"/>
            </lane>
        </edge>
        <edge id="right">
            <lane id="right_0">
                <vehicle id="cfm_slow_2" pos="24.51" speed="46.93"/>
            </lane>
        </edge>
        <edge id="top">
            <lane id="top_0">
                <vehicle id="cfm_slow_3" pos="14.90" speed="46.81"/>
            </lane>
        </edge>
    </timestep>
    <timestep time="6.11">
        <edge id="bottom">
            <lane id="bottom_0">
                <vehicle id="cfm_slow_1" pos="34.97" speed="46.53"/>
            </lane>
        </edge>
        <edge id="left">
            <lane id="left_0">
                <vehicle id="cfm_slow_4" pos="5.59" speed="46.35"/>
                <vehicle id="cfm_slow_0" pos="45.60" speed="45.89"/>
            </lane>
        </edge>
        <edge id="right">
            <lane id="right_0">
                <vehicle id="cfm_slow_2" pos="24.98" speed="46.93"/>
            </lane>
        </edge>
        <edge id="top">
            <lane id="top_0">
                <vehicle id="cfm_slow_3" pos="15.37" speed="46.81"/>
            </lane>
        </edge>
    </timestep>
    <timestep time="6.12">
        <edge id="bottom">
            <lane id="bottom_0">
                <vehicle id="cfm_slow_1" pos="35.43" speed="46.54"/>
            </lane>
        </edge>
        <edge id="left">
            <lane id="left_0">
                <vehicle id="cfm_slow_4" pos="6.05" speed="46.35"/>
                <vehicle id="cfm_slow_0" pos="46.06" speed="45.90"/>
            </lane>
        </edge>
        <edge id="right">
            <lane id="right_0">
                <vehicle id="cfm_slow_2" pos="25.45" speed="46.93"/>
            </lane>
        </edge>
        <edge id="top">
            <lane id="top_0">
                <vehicle id="cfm_slow_3" pos="15.84" speed="46.81"/>
            </lane>
        </edge>
    </timestep>
    <timestep time="6.13">
        <edge id="bottom">
            <lane id="bottom_0">
                <vehicle id="cfm_slow_1" pos="35.90" speed="46.55"/>
            </lane>
        </edge>
        <edge id="left">
            <lane id="left_0">
                <vehicle id="cfm_slow_4" pos="6.51" speed="46.35"/>
                <vehicle id="cfm_slow_0" pos="46.52" speed="45.91"/>
            </lane>
        </edge>
        <edge id="right">
            <lane id="right_0">
                <vehicle id="cfm_slow_2" pos="25.92" speed="46.94"/>
            </lane>
        </edge>
        <edge id="top">
            <lane id="top_0">
                <vehicle id="cfm_slow_3" pos="16.31" speed="46.81"/>
            </lane>
        </edge>
    </timestep>
    <timestep time="6.14">
        <edge id="bottom">
            <lane id="bottom_0">
                <vehicle id="cfm_slow_1" pos="36.37" speed="46.56"/>
            </lane>
        </edge>
        <edge id="left">
            <lane id="left_0">
                <vehicle id="cfm_slow_4" pos="6.98" speed="46.35"/>
                <vehicle id="cfm_slow_0" pos="46.98" speed="45.92"/>
            </lane>
        </edge>
        <edge id="right">
            <lane id="right_0">
                <vehicle id="cfm_slow_2" pos="26.39" speed="46.94"/>
            </lane>
        </edge>
        <edge id="top">
            <lane id="top_0">
                <vehicle id="cfm_slow_3" pos="16.77" speed="46.81"/>
            </lane>
        </edge>
    </timestep>
    <timestep time="6.15">
        <edge id="bottom">
            <lane id="bottom_0">
                <vehicle id="cfm_slow_1" pos="36.83" speed="46.56"/>
            </lane>
        </edge>
        <edge id="left">
            <lane id="left_0">
                <vehicle id="cfm_slow_4" pos="7.44" speed="46.36"/>
                <vehicle id="cfm_slow_0" pos="47.44" speed="45.93"/>
            </lane>
        </edge>
        <edge id="right">
            <lane id="right_0">
                <vehicle id="cfm_slow_2" pos="26.86" speed="46.94"/>
            </lane>
        </edge>
        <edge id="top">
            <lane id="top_0">
                <vehicle id="cfm_slow_3" pos="17.24" speed="46.81"/>
            </lane>
        </edge>
    </timestep>
    <timestep time="6.16">
        <edge id="bottom">
            <lane id="bottom_0">
                <vehicle id="cfm_slow_1" pos="37.30" speed="46.57"/>
            </lane>
        </edge>
        <edge id="left">
            <lane id="left_0">
                <vehicle id="cfm_slow_4" pos="7.91" speed="46.36"/>
                <vehicle id="cfm_slow_0" pos="47.90" speed="45.94"/>
            </lane>
        </edge>
        <edge id="right">
            <lane id="right_0">
                <vehicle id="cfm_slow_2" pos="27.33" speed="46.94"/>
            </lane>
        </edge>
        <edge id="top">
            <lane id="top_0">
                <vehicle id="cfm_slow_3" pos="17.71" speed="46.81"/>
            </lane>
        </edge>
    </timestep>
    <timestep time="6.17">
        <edge id="bottom">
            <lane id="bottom_0">
                <vehicle id="cfm_slow_1" pos="37.76" speed="46.58"/>
            </lane>
        </edge>
        <edge id="left">
            <lane id="left_0">
                <vehicle id="cfm_slow_4" pos="8.37" speed="46.36"/>
                <vehicle id="cfm_slow_0" pos="48.35" speed="45.95"/>
            </lane>
        </edge>
        <edge id="right">
            <lane id="right_0">
                <vehicle id="cfm_slow_2" pos="27.80" speed="46.95"/>
            </lane>
        </edge>
        <edge id="top">
            <lane id="top_0">
                <vehicle id="cfm_slow_3" pos="18.18" speed="46.81"/>
            </lane>
        </edge>
    </timestep>
    <timestep time="6.18">
        <edge id="bottom">
            <lane id="bottom_0">
                <vehicle id="cfm_slow_1" pos="38.23" speed="46.59"/>
            </lane>
        </edge>
        <edge id="left">
            <lane id="left_0">
                <vehicle id="cfm_slow_4" pos="8.83" speed="46.36"/>
                <vehicle id="cfm_slow_0" pos="48.81" speed="45.96"/>
            </lane>
        </edge>
        <edge id="right">
            <lane id="right_0">
                <vehicle id="cfm_slow_2" pos="28.27" speed="46.95"/>
            </lane>
        </edge>
        <edge id="top">
            <lane id="top_0">
                <vehicle id="cfm_slow_3" pos="18.65" speed="46.81"/>
            </lane>
        </edge>
    </timestep>
    <timestep time="6.19">
        <edge id="bottom">
            <lane id="bottom_0">
                <vehicle id="cfm_slow_1" pos="38.69" speed="46.59"/>
            </lane>
        </edge>
        <edge id="left">
            <lane id="left_0">
                <vehicle id="cfm_slow_4" pos="9.30" speed="46.36"/>
                <vehicle id="cfm_slow_0" pos="49.27" speed="45.97"/>
            </lane>
        </edge>
        <edge id="right">
            <lane id="right_0">
                <vehicle id="cfm_slow_2" pos="28.74" speed="46.95"/>
            </lane>
        </edge>
        <edge id="top">
            <lane id="top_0">
                <vehicle id="cfm_slow_3" pos="19.11" speed="46.81"/>
            </lane>
        </edge>
    </timestep>
    <timestep time="6.20">
        <edge id="bottom">
            <lane id="bottom_0">
                <vehicle id="cfm_slow_1" pos="39.16" speed="46.60"/>
            </lane>
        </edge>
        <edge id="left">
            <lane id="left_0">
                <vehicle id="cfm_slow_4" pos="9.76" speed="46.37"/>
                <vehicle id="cfm_slow_0" pos="49.73" speed="45.98"/>
            </lane>
        </edge>
        <edge id="right">
            <lane id="right_0">
                <vehicle id="cfm_slow_2" pos="29.21" speed="46.95"/>
            </lane>
        </edge>
        <edge id="top">
            <lane id="top_0">
                <vehicle id="cfm_slow_3" pos="19.58" speed="46.80"/>
            </lane>
        </edge>
    </timestep>
    <timestep time="6.21">
        <edge id="bottom">
            <lane id="bottom_0">
                <vehicle id="cfm_slow_0" pos="0.19" speed="45.99"/>
                <vehicle id="cfm_slow_1" pos="39.63" speed="46.61"/>
            </lane>
        </edge>
        <edge id="left">
            <lane id="left_0">
                <vehicle id="cfm_slow_4" pos="10.22" speed="46.37"/>
            </lane>
        </edge>
        <edge id="right">
            <lane id="right_0">
                <vehicle id="cfm_slow_2" pos="29.68" speed="46.96"/>
            </lane>
        </edge>
        <edge id="top">
            <lane id="top_0">
                <vehicle id="cfm_slow_3" pos="20.05" speed="46.80"/>
            </lane>
        </edge>
    </timestep>
    <timestep time="6.22">
        <edge id="bottom">
            <lane id="bottom_0">
                <vehicle id="cfm_slow_0" pos="0.65" speed="46.00"/>
                <vehicle id="cfm_slow_1" pos="40.09" speed="46.62"/>
            </lane>
        </edge>
        <edge id="left">
            <lane id="left_0">
                <vehicle id="cfm_slow_4" pos="10.69" speed="46.37"/>
            </lane>
        </edge>
        <edge id="right">
            <lane id="right_0">
                <vehicle id="cfm_slow_2" pos="30.15" speed="46.96"/>
            </lane>
        </edge>
        <edge id="top">
            <lane id="top_0">
                <vehicle id="cfm_slow_3" pos="20.52" speed="46.80"/>
            </lane>
        </edge>
    </timestep>
    <timestep time="6.23">
        <edge id="bottom">
            <lane id="bottom_0">
                <vehicle id="cfm_slow_0" pos="1.11" speed="46.01"/>
                <vehicle id="cfm_slow_1" pos="40.56" speed="46.62"/>
            </lane>
        </edge>
        <edge id="left">
            <lane id="left_0">
                <vehicle id="cfm_slow_4" pos="11.15" speed="46.37"/>
            </lane>
        </edge>
        <edge id="right">
            <lane id="right_0">
                <vehicle id="cfm_slow_2" pos="30.62" speed="46.96"/>
            </lane>
        </edge>
        <edge id="top">
            <lane id="top_0">
                <vehicle id="cfm_slow_3" pos="20.99" speed="46.80"/>
            </lane>
        </edge>
    </timestep>
    <timestep time="6.24">
        <edge id="bottom">
            <lane id="bottom_0">
                <vehicle id="cfm_slow_0" pos="1.57" speed="46.02"/>
                <vehicle id="cfm_slow_1" pos="41.03" speed="46.63"/>
            </lane>
        </edge>
        <edge id="left">
            <lane id="left_0">
                <vehicle id="cfm_slow_4" pos="11.61" speed="46.37"/>
            </lane>
        </edge>
        <edge id="right">
            <lane id="right_0">
                <vehicle id="cfm_slow_2" pos="31.09" speed="46.96"/>
            </lane>
        </edge>
        <edge id="top">
            <lane id="top_0">
                <vehicle id="cfm_slow_3" pos="21.45" speed="46.80"/>
            </lane>
        </edge>
    </timestep>
    <timestep time="6.25">
        <edge id="bottom">
            <lane id="bottom_0">
                <vehicle id="cfm_slow_0" pos="2.03" speed="46.03"/>
                <vehicle id="cfm_slow_1" pos="41.49" speed="46.64"/>
            </lane>
        </edge>
        <edge id="left">
            <lane id="left_0">
                <vehicle id="cfm_slow_4" pos="12.08" speed="46.38"/>
            </lane>
        </edge>
        <edge id="right">
            <lane id="right_0">
                <vehicle id="cfm_slow_2" pos="31.56" speed="46.97"/>
            </lane>
        </edge>
        <edge id="top">
            <lane id="top_0">
                <vehicle id="cfm_slow_3" pos="21.92" speed="46.80"/>
            </lane>
        </edge>
    </timestep>
    <timestep time="6.26">
        <edge id="bottom">
            <lane id="bottom_0">
                <vehicle id="cfm_slow_0" pos="2.49" speed="46.04"/>
                <vehicle id="cfm_slow_1" pos="41.96" speed="46.64"/>
            </lane>
        </edge>
        <edge id="left">
            <lane id="left_0">
                <vehicle id="cfm_slow_4" pos="12.54" speed="46.38"/>
            </lane>
        </edge>
        <edge id="right">
            <lane id="right_0">
                <vehicle id="cfm_slow_2" pos="32.03" speed="46.97"/>
            </lane>
        </edge>
        <edge id="top">
            <lane id="top_0">
                <vehicle id="cfm_slow_3" pos="22.39" speed="46.80"/>
            </lane>
        </edge>
    </timestep>
    <timestep time="6.27">
        <edge id="bottom">
            <lane id="bottom_0">
                <vehicle id="cfm_slow_0" pos="2.96" speed="46.05"/>
                <vehicle id="cfm_slow_1" pos="42.42" speed="46.65"/>
            </lane>
        </edge>
        <edge id="left">
            <lane id="left_0">
                <vehicle id="cfm_slow_4" pos="13.01" speed="46.38"/>
            </lane>
        </edge>
        <edge id="right">
            <lane id="right_0">
                <vehicle id="cfm_slow_2" pos="32.50" speed="46.97"/>
            </lane>
        </edge>
        <edge id="top">
            <lane id="top_0">
                <vehicle id="cfm_slow_3" pos="22.86" speed="46.80"/>
            </lane>
        </edge>
    </timestep>
    <timestep time="6.28">
        <edge id="bottom">
            <lane id="bottom_0">
                <vehicle id="cfm_slow_0" pos="3.42" speed="46.06"/>
                <vehicle id="cfm_slow_1" pos="42.89" speed="46.66"/>
            </lane>
        </edge>
        <edge id="left">
            <lane id="left_0">
                <vehicle id="cfm_slow_4" pos="13.47" speed="46.38"/>
            </lane>
        </edge>
        <edge id="right">
            <lane id="right_0">
                <vehicle id="cfm_slow_2" pos="32.97" speed="46.97"/>
            </lane>
        </edge>
        <edge id="top">
            <lane id="top_0">
                <vehicle id="cfm_slow_3" pos="23.33" speed="46.80"/>
            </lane>
        </edge>
    </timestep>
    <timestep time="6.29">
        <edge id="bottom">
            <lane id="bottom_0">
                <vehicle id="cfm_slow_0" pos="3.88" speed="46.07"/>
                <vehicle id="cfm_slow_1" pos="43.36" speed="46.66"/>
            </lane>
        </edge>
        <edge id="left">
            <lane id="left_0">
                <vehicle id="cfm_slow_4" pos="13.93" speed="46.38"/>
            </lane>
        </edge>
        <edge id="right">
            <lane id="right_0">
                <vehicle id="cfm_slow_2" pos="33.44" speed="46.97"/>
            </lane>
        </edge>
        <edge id="top">
            <lane id="top_0">
                <vehicle id="cfm_slow_3" pos="23.79" speed="46.80"/>
            </lane>
        </edge>
    </timestep>
    <timestep time="6.30">
        <edge id="bottom">
            <lane id="bottom_0">
                <vehicle id="cfm_slow_0" pos="4.34" speed="46.08"/>
                <vehicle id="cfm_slow_1" pos="43.82" speed="46.67"/>
            </lane>
        </edge>
        <edge id="left">
            <lane id="left_0">
                <vehicle id="cfm_slow_4" pos="14.40" speed="46.39"/>
            </lane>
        </edge>
        <edge id="right">
            <lane id="right_0">
                <vehicle id="cfm_slow_2" pos="33.91" speed="46.98"/>
            </lane>
        </edge>
        <edge id="top">
            <lane id="top_0">
                <vehicle id="cfm_slow_3" pos="24.26" speed="46.80"/>
            </lane>
        </edge>
    </timestep>
    <timestep time="6.31">
        <edge id="bottom">
            <lane id="bottom_0">
                <vehicle id="cfm_slow_0" pos="4.80" speed="46.08"/>
                <vehicle id="cfm_slow_1" pos="44.29" speed="46.68"/>
            </lane>
        </edge>
        <edge id="left">
            <lane id="left_0">
                <vehicle id="cfm_slow_4" pos="14.86" speed="46.39"/>
            </lane>
        </edge>
        <edge id="right">
            <lane id="right_0">
                <vehicle id="cfm_slow_2" pos="34.37" speed="46.98"/>
            </lane>
        </edge>
        <edge id="top">
            <lane id="top_0">
                <vehicle id="cfm_slow_3" pos="24.73" speed="46.80"/>
            </lane>
        </edge>
    </timestep>
    <timestep time="6.32">
        <edge id="bottom">
            <lane id="bottom_0">
                <vehicle id="cfm_slow_0" pos="5.26" speed="46.09"/>
                <vehicle id="cfm_slow_1" pos="44.76" speed="46.68"/>
            </lane>
        </edge>
        <edge id="left">
            <lane id="left_0">
                <vehicle id="cfm_slow_4" pos="15.33" speed="46.39"/>
            </lane>
        </edge>
        <edge id="right">
            <lane id="right_0">
                <vehicle id="cfm_slow_2" pos="34.84" speed="46.98"/>
            </lane>
        </edge>
        <edge id="top">
            <lane id="top_0">
                <vehicle id="cfm_slow_3" pos="25.20" speed="46.80"/>
            </lane>
        </edge>
    </timestep>
    <timestep time="6.33">
        <edge id="bottom">
            <lane id="bottom_0">
                <vehicle id="cfm_slow_0" pos="5.72" speed="46.10"/>
                <vehicle id="cfm_slow_1" pos="45.22" speed="46.69"/>
            </lane>
        </edge>
        <edge id="left">
            <lane id="left_0">
                <vehicle id="cfm_slow_4" pos="15.79" speed="46.39"/>
            </lane>
        </edge>
        <edge id="right">
            <lane id="right_0">
                <vehicle id="cfm_slow_2" pos="35.31" speed="46.98"/>
            </lane>
        </edge>
        <edge id="top">
            <lane id="top_0">
                <vehicle id="cfm_slow_3" pos="25.67" speed="46.80"/>
            </lane>
        </edge>
    </timestep>
    <timestep time="6.34">
        <edge id="bottom">
            <lane id="bottom_0">
                <vehicle id="cfm_slow_0" pos="6.18" speed="46.11"/>
                <vehicle id="cfm_slow_1" pos="45.69" speed="46.70"/>
            </lane>
        </edge>
        <edge id="left">
            <lane id="left_0">
                <vehicle id="cfm_slow_4" pos="16.25" speed="46.40"/>
            </lane>
        </edge>
        <edge id="right">
            <lane id="right_0">
                <vehicle id="cfm_slow_2" pos="35.78" speed="46.98"/>
            </lane>
        </edge>
        <edge id="top">
            <lane id="top_0">
                <vehicle id="cfm_slow_3" pos="26.13" speed="46.80"/>
            </lane>
        </edge>
    </timestep>
    <timestep time="6.35">
        <edge id="bottom">
            <lane id="bottom_0">
                <vehicle id="cfm_slow_0" pos="6.64" speed="46.12"/>
                <vehicle id="cfm_slow_1" pos="46.16" speed="46.70"/>
            </lane>
        </edge>
        <edge id="left">
            <lane id="left_0">
                <vehicle id="cfm_slow_4" pos="16.72" speed="46.40"/>
            </lane>
        </edge>
        <edge id="right">
            <lane id="right_0">
                <vehicle id="cfm_slow_2" pos="36.25" speed="46.98"/>
            </lane>
        </edge>
        <edge id="top">
            <lane id="top_0">
                <vehicle id="cfm_slow_3" pos="26.60" speed="46.80"/>
            </lane>
        </edge>
    </timestep>
    <timestep time="6.36">
        <edge id="bottom">
            <lane id="bottom_0">
                <vehicle id="cfm_slow_0" pos="7.10" speed="46.13"/>
                <vehicle id="cfm_slow_1" pos="46.63" speed="46.71"/>
            </lane>
        </edge>
        <edge id="left">
            <lane id="left_0">
                <vehicle id="cfm_slow_4" pos="17.18" speed="46.40"/>
            </lane>
        </edge>
        <edge id="right">
            <lane id="right_0">
                <vehicle id="cfm_slow_2" pos="36.72" speed="46.99"/>
            </lane>
        </edge>
        <edge id="top">
            <lane id="top_0">
                <vehicle id="cfm_slow_3" pos="27.07" speed="46.79"/>
            </lane>
        </edge>
    </timestep>
    <timestep time="6.37">
        <edge id="bottom">
            <lane id="bottom_0">
                <vehicle id="cfm_slow_0" pos="7.56" speed="46.14"/>
                <vehicle id="cfm_slow_1" pos="47.09" speed="46.71"/>
            </lane>
        </edge>
        <edge id="left">
            <lane id="left_0">
                <vehicle id="cfm_slow_4" pos="17.65" speed="46.40"/>
            </lane>
        </edge>
        <edge id="right">
            <lane id="right_0">
                <vehicle id="cfm_slow_2" pos="37.19" speed="46.99"/>
            </lane>
        </edge>
        <edge id="top">
            <lane id="top_0">
                <vehicle id="cfm_slow_3" pos="27.54" speed="46.79"/>
            </lane>
        </edge>
    </timestep>
    <timestep time="6.38">
        <edge id="bottom">
            <lane id="bottom_0">
                <vehicle id="cfm_slow_0" pos="8.03" speed="46.15"/>
                <vehicle id="cfm_slow_1" pos="47.56" speed="46.72"/>
            </lane>
        </edge>
        <edge id="left">
            <lane id="left_0">
                <vehicle id="cfm_slow_4" pos="18.11" speed="46.40"/>
            </lane>
        </edge>
        <edge id="right">
            <lane id="right_0">
                <vehicle id="cfm_slow_2" pos="37.66" speed="46.99"/>
            </lane>
        </edge>
        <edge id="top">
            <lane id="top_0">
                <vehicle id="cfm_slow_3" pos="28.01" speed="46.79"/>
            </lane>
        </edge>
    </timestep>
    <timestep time="6.39">
        <edge id="bottom">
            <lane id="bottom_0">
                <vehicle id="cfm_slow_0" pos="8.49" speed="46.16"/>
                <vehicle id="cfm_slow_1" pos="48.03" speed="46.73"/>
            </lane>
        </edge>
        <edge id="left">
            <lane id="left_0">
                <vehicle id="cfm_slow_4" pos="18.57" speed="46.41"/>
            </lane>
        </edge>
        <edge id="right">
            <lane id="right_0">
                <vehicle id="cfm_slow_2" pos="38.13" speed="46.99"/>
            </lane>
        </edge>
        <edge id="top">
            <lane id="top_0">
                <vehicle id="cfm_slow_3" pos="28.47" speed="46.79"/>
            </lane>
        </edge>
    </timestep>
    <timestep time="6.40">
        <edge id="bottom">
            <lane id="bottom_0">
                <vehicle id="cfm_slow_0" pos="8.95" speed="46.16"/>
                <vehicle id="cfm_slow_1" pos="48.49" speed="46.73"/>
            </lane>
        </edge>
        <edge id="left">
            <lane id="left_0">
                <vehicle id="cfm_slow_4" pos="19.04" speed="46.41"/>
            </lane>
        </edge>
        <edge id="right">
            <lane id="right_0">
                <vehicle id="cfm_slow_2" pos="38.60" speed="46.99"/>
            </lane>
        </edge>
        <edge id="top">
            <lane id="top_0">
                <vehicle id="cfm_slow_3" pos="28.94" speed="46.79"/>
            </lane>
        </edge>
    </timestep>
    <timestep time="6.41">
        <edge id="bottom">
            <lane id="bottom_0">
                <vehicle id="cfm_slow_0" pos="9.41" speed="46.17"/>
                <vehicle id="cfm_slow_1" pos="48.96" speed="46.74"/>
            </lane>
        </edge>
        <edge id="left">
            <lane id="left_0">
                <vehicle id="cfm_slow_4" pos="19.50" speed="46.41"/>
            </lane>
        </edge>
        <edge id="right">
            <lane id="right_0">
                <vehicle id="cfm_slow_2" pos="39.07" speed="46.99"/>
            </lane>
        </edge>
        <edge id="top">
            <lane id="top_0">
                <vehicle id="cfm_slow_3" pos="29.41" speed="46.79"/>
            </lane>
        </edge>
    </timestep>
    <timestep time="6.42">
        <edge id="bottom">
            <lane id="bottom_0">
                <vehicle id="cfm_slow_0" pos="9.87" speed="46.18"/>
                <vehicle id="cfm_slow_1" pos="49.43" speed="46.74"/>
            </lane>
        </edge>
        <edge id="left">
            <lane id="left_0">
                <vehicle id="cfm_slow_4" pos="19.97" speed="46.41"/>
            </lane>
        </edge>
        <edge id="right">
            <lane id="right_0">
                <vehicle id="cfm_slow_2" pos="39.54" speed="46.99"/>
            </lane>
        </edge>
        <edge id="top">
            <lane id="top_0">
                <vehicle id="cfm_slow_3" pos="29.88" speed="46.79"/>
            </lane>
        </edge>
    </timestep>
    <timestep time="6.43">
        <edge id="bottom">
            <lane id="bottom_0">
                <vehicle id="cfm_slow_0" pos="10.34" speed="46.19"/>
                <vehicle id="cfm_slow_1" pos="49.90" speed="46.75"/>
            </lane>
        </edge>
        <edge id="left">
            <lane id="left_0">
                <vehicle id="cfm_slow_4" pos="20.43" speed="46.42"/>
            </lane>
        </edge>
        <edge id="right">
            <lane id="right_0">
                <vehicle id="cfm_slow_2" pos="40.01" speed="47.00"/>
            </lane>
        </edge>
        <edge id="top">
            <lane id="top_0">
                <vehicle id="cfm_slow_3" pos="30.34" speed="46.79"/>
            </lane>
        </edge>
    </timestep>
    <timestep time="6.44">
        <edge id="bottom">
            <lane id="bottom_0">
                <vehicle id="cfm_slow_0" pos="10.80" speed="46.20"/>
            </lane>
        </edge>
        <edge id="left">
            <lane id="left_0">
                <vehicle id="cfm_slow_4" pos="20.89" speed="46.42"/>
            </lane>
        </edge>
        <edge id="right">
            <lane id="right_0">
                <vehicle id="cfm_slow_1" pos="0.36" speed="46.76"/>
                <vehicle id="cfm_slow_2" pos="40.48" speed="47.00"/>
            </lane>
        </edge>
        <edge id="top">
            <lane id="top_0">
                <vehicle id="cfm_slow_3" pos="30.81" speed="46.79"/>
            </lane>
        </edge>
    </timestep>
    <timestep time="6.45">
        <edge id="bottom">
            <lane id="bottom_0">
                <vehicle id="cfm_slow_0" pos="11.26" speed="46.21"/>
            </lane>
        </edge>
        <edge id="left">
            <lane id="left_0">
                <vehicle id="cfm_slow_4" pos="21.36" speed="46.42"/>
            </lane>
        </edge>
        <edge id="right">
            <lane id="right_0">
                <vehicle id="cfm_slow_1" pos="0.83" speed="46.76"/>
                <vehicle id="cfm_slow_2" pos="40.95" speed="47.00"/>
            </lane>
        </edge>
        <edge id="top">
            <lane id="top_0">
                <vehicle id="cfm_slow_3" pos="31.28" speed="46.79"/>
            </lane>
        </edge>
    </timestep>
    <timestep time="6.46">
        <edge id="bottom">
            <lane id="bottom_0">
                <vehicle id="cfm_slow_0" pos="11.72" speed="46.22"/>
            </lane>
        </edge>
        <edge id="left">
            <lane id="left_0">
                <vehicle id="cfm_slow_4" pos="21.82" speed="46.42"/>
            </lane>
        </edge>
        <edge id="right">
            <lane id="right_0">
                <vehicle id="cfm_slow_1" pos="1.30" speed="46.77"/>
                <vehicle id="cfm_slow_2" pos="41.42" speed="47.00"/>
            </lane>
        </edge>
        <edge id="top">
            <lane id="top_0">
                <vehicle id="cfm_slow_3" pos="31.75" speed="46.79"/>
            </lane>
        </edge>
    </timestep>
    <timestep time="6.47">
        <edge id="bottom">
            <lane id="bottom_0">
                <vehicle id="cfm_slow_0" pos="12.18" speed="46.22"/>
            </lane>
        </edge>
        <edge id="left">
            <lane id="left_0">
                <vehicle id="cfm_slow_4" pos="22.29" speed="46.43"/>
            </lane>
        </edge>
        <edge id="right">
            <lane id="right_0">
                <vehicle id="cfm_slow_1" pos="1.77" speed="46.77"/>
                <vehicle id="cfm_slow_2" pos="41.89" speed="47.00"/>
            </lane>
        </edge>
        <edge id="top">
            <lane id="top_0">
                <vehicle id="cfm_slow_3" pos="32.22" speed="46.79"/>
            </lane>
        </edge>
    </timestep>
    <timestep time="6.48">
        <edge id="bottom">
            <lane id="bottom_0">
                <vehicle id="cfm_slow_0" pos="12.65" speed="46.23"/>
            </lane>
        </edge>
        <edge id="left">
            <lane id="left_0">
                <vehicle id="cfm_slow_4" pos="22.75" speed="46.43"/>
            </lane>
        </edge>
        <edge id="right">
            <lane id="right_0">
                <vehicle id="cfm_slow_1" pos="2.24" speed="46.78"/>
                <vehicle id="cfm_slow_2" pos="42.36" speed="47.00"/>
            </lane>
        </edge>
        <edge id="top">
            <lane id="top_0">
                <vehicle id="cfm_slow_3" pos="32.68" speed="46.79"/>
            </lane>
        </edge>
    </timestep>
    <timestep time="6.49">
        <edge id="bottom">
            <lane id="bottom_0">
                <vehicle id="cfm_slow_0" pos="13.11" speed="46.24"/>
            </lane>
        </edge>
        <edge id="left">
            <lane id="left_0">
                <vehicle id="cfm_slow_4" pos="23.22" speed="46.43"/>
            </lane>
        </edge>
        <edge id="right">
            <lane id="right_0">
                <vehicle id="cfm_slow_1" pos="2.70" speed="46.78"/>
                <vehicle id="cfm_slow_2" pos="42.83" speed="47.00"/>
            </lane>
        </edge>
        <edge id="top">
            <lane id="top_0">
                <vehicle id="cfm_slow_3" pos="33.15" speed="46.79"/>
            </lane>
        </edge>
    </timestep>
    <timestep time="6.50">
        <edge id="bottom">
            <lane id="bottom_0">
                <vehicle id="cfm_slow_0" pos="13.57" speed="46.25"/>
            </lane>
        </edge>
        <edge id="left">
            <lane id="left_0">
                <vehicle id="cfm_slow_4" pos="23.68" speed="46.43"/>
            </lane>
        </edge>
        <edge id="right">
            <lane id="right_0">
                <vehicle id="cfm_slow_1" pos="3.17" speed="46.79"/>
                <vehicle id="cfm_slow_2" pos="43.30" speed="47.00"/>
            </lane>
        </edge>
        <edge id="top">
            <lane id="top_0">
                <vehicle id="cfm_slow_3" pos="33.62" speed="46.78"/>
            </lane>
        </edge>
    </timestep>
    <timestep time="6.51">
        <edge id="bottom">
            <lane id="bottom_0">
                <vehicle id="cfm_slow_0" pos="14.03" speed="46.26"/>
            </lane>
        </edge>
        <edge id="left">
            <lane id="left_0">
                <vehicle id="cfm_slow_4" pos="24.14" speed="46.44"/>
            </lane>
        </edge>
        <edge id="right">
            <lane id="right_0">
                <vehicle id="cfm_slow_1" pos="3.64" speed="46.79"/>
                <vehicle id="cfm_slow_2" pos="43.77" speed="47.00"/>
            </lane>
        </edge>
        <edge id="top">
            <lane id="top_0">
                <vehicle id="cfm_slow_3" pos="34.09" speed="46.78"/>
            </lane>
        </edge>
    </timestep>
    <timestep time="6.52">
        <edge id="bottom">
            <lane id="bottom_0">
                <vehicle id="cfm_slow_0" pos="14.50" speed="46.26"/>
            </lane>
        </edge>
        <edge id="left">
            <lane id="left_0">
                <vehicle id="cfm_slow_4" pos="24.61" speed="46.44"/>
            </lane>
        </edge>
        <edge id="right">
            <lane id="right_0">
                <vehicle id="cfm_slow_1" pos="4.11" speed="46.80"/>
                <vehicle id="cfm_slow_2" pos="44.24" speed="47.00"/>
            </lane>
        </edge>
        <edge id="top">
            <lane id="top_0">
                <vehicle id="cfm_slow_3" pos="34.56" speed="46.78"/>
            </lane>
        </edge>
    </timestep>
    <timestep time="6.53">
        <edge id="bottom">
            <lane id="bottom_0">
                <vehicle id="cfm_slow_0" pos="14.96" speed="46.27"/>
            </lane>
        </edge>
        <edge id="left">
            <lane id="left_0">
                <vehicle id="cfm_slow_4" pos="25.07" speed="46.44"/>
            </lane>
        </edge>
        <edge id="right">
            <lane id="right_0">
                <vehicle id="cfm_slow_1" pos="4.58" speed="46.80"/>
                <vehicle id="cfm_slow_2" pos="44.71" speed="47.01"/>
            </lane>
        </edge>
        <edge id="top">
            <lane id="top_0">
                <vehicle id="cfm_slow_3" pos="35.02" speed="46.78"/>
            </lane>
        </edge>
    </timestep>
    <timestep time="6.54">
        <edge id="bottom">
            <lane id="bottom_0">
                <vehicle id="cfm_slow_0" pos="15.42" speed="46.28"/>
            </lane>
        </edge>
        <edge id="left">
            <lane id="left_0">
                <vehicle id="cfm_slow_4" pos="25.54" speed="46.44"/>
            </lane>
        </edge>
        <edge id="right">
            <lane id="right_0">
                <vehicle id="cfm_slow_1" pos="5.04" speed="46.81"/>
                <vehicle id="cfm_slow_2" pos="45.18" speed="47.01"/>
            </lane>
        </edge>
        <edge id="top">
            <lane id="top_0">
                <vehicle id="cfm_slow_3" pos="35.49" speed="46.78"/>
            </lane>
        </edge>
    </timestep>
    <timestep time="6.55">
        <edge id="bottom">
            <lane id="bottom_0">
                <vehicle id="cfm_slow_0" pos="15.88" speed="46.29"/>
            </lane>
        </edge>
        <edge id="left">
            <lane id="left_0">
                <vehicle id="cfm_slow_4" pos="26.00" speed="46.45"/>
            </lane>
        </edge>
        <edge id="right">
            <lane id="right_0">
                <vehicle id="cfm_slow_1" pos="5.51" speed="46.81"/>
                <vehicle id="cfm_slow_2" pos="45.65" speed="47.01"/>
            </lane>
        </edge>
        <edge id="top">
            <lane id="top_0">
                <vehicle id="cfm_slow_3" pos="35.96" speed="46.78"/>
            </lane>
        </edge>
    </timestep>
    <timestep time="6.56">
        <edge id="bottom">
            <lane id="bottom_0">
                <vehicle id="cfm_slow_0" pos="16.35" speed="46.30"/>
            </lane>
        </edge>
        <edge id="left">
            <lane id="left_0">
                <vehicle id="cfm_slow_4" pos="26.47" speed="46.45"/>
            </lane>
        </edge>
        <edge id="right">
            <lane id="right_0">
                <vehicle id="cfm_slow_1" pos="5.98" speed="46.82"/>
                <vehicle id="cfm_slow_2" pos="46.12" speed="47.01"/>
            </lane>
        </edge>
        <edge id="top">
            <lane id="top_0">
                <vehicle id="cfm_slow_3" pos="36.43" speed="46.78"/>
            </lane>
        </edge>
    </timestep>
    <timestep time="6.57">
        <edge id="bottom">
            <lane id="bottom_0">
                <vehicle id="cfm_slow_0" pos="16.81" speed="46.30"/>
            </lane>
        </edge>
        <edge id="left">
            <lane id="left_0">
                <vehicle id="cfm_slow_4" pos="26.93" speed="46.45"/>
            </lane>
        </edge>
        <edge id="right">
            <lane id="right_0">
                <vehicle id="cfm_slow_1" pos="6.45" speed="46.82"/>
                <vehicle id="cfm_slow_2" pos="46.59" speed="47.01"/>
            </lane>
        </edge>
        <edge id="top">
            <lane id="top_0">
                <vehicle id="cfm_slow_3" pos="36.89" speed="46.78"/>
            </lane>
        </edge>
    </timestep>
    <timestep time="6.58">
        <edge id="bottom">
            <lane id="bottom_0">
                <vehicle id="cfm_slow_0" pos="17.27" speed="46.31"/>
            </lane>
        </edge>
        <edge id="left">
            <lane id="left_0">
                <vehicle id="cfm_slow_4" pos="27.40" speed="46.45"/>
            </lane>
        </edge>
        <edge id="right">
            <lane id="right_0">
                <vehicle id="cfm_slow_1" pos="6.92" speed="46.83"/>
                <vehicle id="cfm_slow_2" pos="47.06" speed="47.01"/>
            </lane>
        </edge>
        <edge id="top">
            <lane id="top_0">
                <vehicle id="cfm_slow_3" pos="37.36" speed="46.78"/>
            </lane>
        </edge>
    </timestep>
    <timestep time="6.59">
        <edge id="bottom">
            <lane id="bottom_0">
                <vehicle id="cfm_slow_0" pos="17.74" speed="46.32"/>
            </lane>
        </edge>
        <edge id="left">
            <lane id="left_0">
                <vehicle id="cfm_slow_4" pos="27.86" speed="46.46"/>
            </lane>
        </edge>
        <edge id="right">
            <lane id="right_0">
                <vehicle id="cfm_slow_1" pos="7.38" speed="46.83"/>
                <vehicle id="cfm_slow_2" pos="47.53" speed="47.01"/>
            </lane>
        </edge>
        <edge id="top">
            <lane id="top_0">
                <vehicle id="cfm_slow_3" pos="37.83" speed="46.78"/>
            </lane>
        </edge>
    </timestep>
    <timestep time="6.60">
        <edge id="bottom">
            <lane id="bottom_0">
                <vehicle id="cfm_slow_0" pos="18.20" speed="46.33"/>
            </lane>
        </edge>
        <edge id="left">
            <lane id="left_0">
                <vehicle id="cfm_slow_4" pos="28.32" speed="46.46"/>
            </lane>
        </edge>
        <edge id="right">
            <lane id="right_0">
                <vehicle id="cfm_slow_1" pos="7.85" speed="46.84"/>
                <vehicle id="cfm_slow_2" pos="48.00" speed="47.01"/>
            </lane>
        </edge>
        <edge id="top">
            <lane id="top_0">
                <vehicle id="cfm_slow_3" pos="38.30" speed="46.78"/>
            </lane>
        </edge>
    </timestep>
    <timestep time="6.61">
        <edge id="bottom">
            <lane id="bottom_0">
                <vehicle id="cfm_slow_0" pos="18.66" speed="46.33"/>
            </lane>
        </edge>
        <edge id="left">
            <lane id="left_0">
                <vehicle id="cfm_slow_4" pos="28.79" speed="46.46"/>
            </lane>
        </edge>
        <edge id="right">
            <lane id="right_0">
                <vehicle id="cfm_slow_1" pos="8.32" speed="46.84"/>
                <vehicle id="cfm_slow_2" pos="48.47" speed="47.01"/>
            </lane>
        </edge>
        <edge id="top">
            <lane id="top_0">
                <vehicle id="cfm_slow_3" pos="38.77" speed="46.78"/>
            </lane>
        </edge>
    </timestep>
    <timestep time="6.62">
        <edge id="bottom">
            <lane id="bottom_0">
                <vehicle id="cfm_slow_0" pos="19.13" speed="46.34"/>
            </lane>
        </edge>
        <edge id="left">
            <lane id="left_0">
                <vehicle id="cfm_slow_4" pos="29.25" speed="46.46"/>
            </lane>
        </edge>
        <edge id="right">
            <lane id="right_0">
                <vehicle id="cfm_slow_1" pos="8.79" speed="46.84"/>
                <vehicle id="cfm_slow_2" pos="48.94" speed="47.01"/>
            </lane>
        </edge>
        <edge id="top">
            <lane id="top_0">
                <vehicle id="cfm_slow_3" pos="39.23" speed="46.78"/>
            </lane>
        </edge>
    </timestep>
    <timestep time="6.63">
        <edge id="bottom">
            <lane id="bottom_0">
                <vehicle id="cfm_slow_0" pos="19.59" speed="46.35"/>
            </lane>
        </edge>
        <edge id="left">
            <lane id="left_0">
                <vehicle id="cfm_slow_4" pos="29.72" speed="46.47"/>
            </lane>
        </edge>
        <edge id="right">
            <lane id="right_0">
                <vehicle id="cfm_slow_1" pos="9.26" speed="46.85"/>
                <vehicle id="cfm_slow_2" pos="49.41" speed="47.01"/>
            </lane>
        </edge>
        <edge id="top">
            <lane id="top_0">
                <vehicle id="cfm_slow_3" pos="39.70" speed="46.78"/>
            </lane>
        </edge>
    </timestep>
    <timestep time="6.64">
        <edge id="bottom">
            <lane id="bottom_0">
                <vehicle id="cfm_slow_0" pos="20.05" speed="46.36"/>
            </lane>
        </edge>
        <edge id="left">
            <lane id="left_0">
                <vehicle id="cfm_slow_4" pos="30.18" speed="46.47"/>
            </lane>
        </edge>
        <edge id="right">
            <lane id="right_0">
                <vehicle id="cfm_slow_1" pos="9.73" speed="46.85"/>
                <vehicle id="cfm_slow_2" pos="49.88" speed="47.01"/>
            </lane>
        </edge>
        <edge id="top">
            <lane id="top_0">
                <vehicle id="cfm_slow_3" pos="40.17" speed="46.78"/>
            </lane>
        </edge>
    </timestep>
    <timestep time="6.65">
        <edge id="bottom">
            <lane id="bottom_0">
                <vehicle id="cfm_slow_0" pos="20.52" speed="46.36"/>
            </lane>
        </edge>
        <edge id="left">
            <lane id="left_0">
                <vehicle id="cfm_slow_4" pos="30.65" speed="46.47"/>
            </lane>
        </edge>
        <edge id="right">
            <lane id="right_0">
                <vehicle id="cfm_slow_1" pos="10.19" speed="46.86"/>
            </lane>
        </edge>
        <edge id="top">
            <lane id="top_0">
                <vehicle id="cfm_slow_2" pos="0.35" speed="47.01"/>
                <vehicle id="cfm_slow_3" pos="40.64" speed="46.77"/>
            </lane>
        </edge>
    </timestep>
    <timestep time="6.66">
        <edge id="bottom">
            <lane id="bottom_0">
                <vehicle id="cfm_slow_0" pos="20.98" speed="46.37"/>
            </lane>
        </edge>
        <edge id="left">
            <lane id="left_0">
                <vehicle id="cfm_slow_4" pos="31.11" speed="46.47"/>
            </lane>
        </edge>
        <edge id="right">
            <lane id="right_0">
                <vehicle id="cfm_slow_1" pos="10.66" speed="46.86"/>
            </lane>
        </edge>
        <edge id="top">
            <lane id="top_0">
                <vehicle id="cfm_slow_2" pos="0.82" speed="47.01"/>
                <vehicle id="cfm_slow_3" pos="41.10" speed="46.77"/>
            </lane>
        </edge>
    </timestep>
    <timestep time="6.67">
        <edge id="bottom">
            <lane id="bottom_0">
                <vehicle id="cfm_slow_0" pos="21.44" speed="46.38"/>
            </lane>
        </edge>
        <edge id="left">
            <lane id="left_0">
                <vehicle id="cfm_slow_4" pos="31.58" speed="46.48"/>
            </lane>
        </edge>
        <edge id="right">
            <lane id="right_0">
                <vehicle id="cfm_slow_1" pos="11.13" speed="46.87"/>
            </lane>
        </edge>
        <edge id="top">
            <lane id="top_0">
                <vehicle id="cfm_slow_2" pos="1.30" speed="47.01"/>
                <vehicle id="cfm_slow_3" pos="41.57" speed="46.77"/>
            </lane>
        </edge>
    </timestep>
    <timestep time="6.68">
        <edge id="bottom">
            <lane id="bottom_0">
                <vehicle id="cfm_slow_0" pos="21.91" speed="46.39"/>
            </lane>
        </edge>
        <edge id="left">
            <lane id="left_0">
                <vehicle id="cfm_slow_4" pos="32.04" speed="46.48"/>
            </lane>
        </edge>
        <edge id="right">
            <lane id="right_0">
                <vehicle id="cfm_slow_1" pos="11.60" speed="46.87"/>
            </lane>
        </edge>
        <edge id="top">
            <lane id="top_0">
                <vehicle id="cfm_slow_2" pos="1.77" speed="47.01"/>
                <vehicle id="cfm_slow_3" pos="42.04" speed="46.77"/>
            </lane>
        </edge>
    </timestep>
    <timestep time="6.69">
        <edge id="bottom">
            <lane id="bottom_0">
                <vehicle id="cfm_slow_0" pos="22.37" speed="46.39"/>
            </lane>
        </edge>
        <edge id="left">
            <lane id="left_0">
                <vehicle id="cfm_slow_4" pos="32.51" speed="46.48"/>
            </lane>
        </edge>
        <edge id="right">
            <lane id="right_0">
                <vehicle id="cfm_slow_1" pos="12.07" speed="46.87"/>
            </lane>
        </edge>
        <edge id="top">
            <lane id="top_0">
                <vehicle id="cfm_slow_2" pos="2.24" speed="47.01"/>
                <vehicle id="cfm_slow_3" pos="42.51" speed="46.77"/>
            </lane>
        </edge>
    </timestep>
    <timestep time="6.70">
        <edge id="bottom">
            <lane id="bottom_0">
                <vehicle id="cfm_slow_0" pos="22.84" speed="46.40"/>
            </lane>
        </edge>
        <edge id="left">
            <lane id="left_0">
                <vehicle id="cfm_slow_4" pos="32.97" speed="46.49"/>
            </lane>
        </edge>
        <edge id="right">
            <lane id="right_0">
                <vehicle id="cfm_slow_1" pos="12.54" speed="46.88"/>
            </lane>
        </edge>
        <edge id="top">
            <lane id="top_0">
                <vehicle id="cfm_slow_2" pos="2.71" speed="47.01"/>
                <vehicle id="cfm_slow_3" pos="42.98" speed="46.77"/>
            </lane>
        </edge>
    </timestep>
    <timestep time="6.71">
        <edge id="bottom">
            <lane id="bottom_0">
                <vehicle id="cfm_slow_0" pos="23.30" speed="46.41"/>
            </lane>
        </edge>
        <edge id="left">
            <lane id="left_0">
                <vehicle id="cfm_slow_4" pos="33.44" speed="46.49"/>
            </lane>
        </edge>
        <edge id="right">
            <lane id="right_0">
                <vehicle id="cfm_slow_1" pos="13.01" speed="46.88"/>
            </lane>
        </edge>
        <edge id="top">
            <lane id="top_0">
                <vehicle id="cfm_slow_2" pos="3.18" speed="47.01"/>
                <vehicle id="cfm_slow_3" pos="43.44" speed="46.77"/>
            </lane>
        </edge>
    </timestep>
    <timestep time="6.72">
        <edge id="bottom">
            <lane id="bottom_0">
                <vehicle id="cfm_slow_0" pos="23.76" speed="46.41"/>
            </lane>
        </edge>
        <edge id="left">
            <lane id="left_0">
                <vehicle id="cfm_slow_4" pos="33.90" speed="46.49"/>
            </lane>
        </edge>
        <edge id="right">
            <lane id="right_0">
                <vehicle id="cfm_slow_1" pos="13.48" speed="46.88"/>
            </lane>
        </edge>
        <edge id="top">
            <lane id="top_0">
                <vehicle id="cfm_slow_2" pos="3.65" speed="47.01"/>
                <vehicle id="cfm_slow_3" pos="43.91" speed="46.77"/>
            </lane>
        </edge>
    </timestep>
    <timestep time="6.73">
        <edge id="bottom">
            <lane id="bottom_0">
                <vehicle id="cfm_slow_0" pos="24.23" speed="46.42"/>
            </lane>
        </edge>
        <edge id="left">
            <lane id="left_0">
                <vehicle id="cfm_slow_4" pos="34.37" speed="46.49"/>
            </lane>
        </edge>
        <edge id="right">
            <lane id="right_0">
                <vehicle id="cfm_slow_1" pos="13.94" speed="46.89"/>
            </lane>
        </edge>
        <edge id="top">
            <lane id="top_0">
                <vehicle id="cfm_slow_2" pos="4.12" speed="47.01"/>
                <vehicle id="cfm_slow_3" pos="44.38" speed="46.77"/>
            </lane>
        </edge>
    </timestep>
    <timestep time="6.74">
        <edge id="bottom">
            <lane id="bottom_0">
                <vehicle id="cfm_slow_0" pos="24.69" speed="46.43"/>
            </lane>
        </edge>
        <edge id="left">
            <lane id="left_0">
                <vehicle id="cfm_slow_4" pos="34.83" speed="46.50"/>
            </lane>
        </edge>
        <edge id="right">
            <lane id="right_0">
                <vehicle id="cfm_slow_1" pos="14.41" speed="46.89"/>
            </lane>
        </edge>
        <edge id="top">
            <lane id="top_0">
                <vehicle id="cfm_slow_2" pos="4.59" speed="47.01"/>
                <vehicle id="cfm_slow_3" pos="44.85" speed="46.77"/>
            </lane>
        </edge>
    </timestep>
    <timestep time="6.75">
        <edge id="bottom">
            <lane id="bottom_0">
                <vehicle id="cfm_slow_0" pos="25.16" speed="46.44"/>
            </lane>
        </edge>
        <edge id="left">
            <lane id="left_0">
                <vehicle id="cfm_slow_4" pos="35.30" speed="46.50"/>
            </lane>
        </edge>
        <edge id="right">
            <lane id="right_0">
                <vehicle id="cfm_slow_1" pos="14.88" speed="46.90"/>
            </lane>
        </edge>
        <edge id="top">
            <lane id="top_0">
                <vehicle id="cfm_slow_2" pos="5.06" speed="47.01"/>
                <vehicle id="cfm_slow_3" pos="45.31" speed="46.77"/>
            </lane>
        </edge>
    </timestep>
    <timestep time="6.76">
        <edge id="bottom">
            <lane id="bottom_0">
                <vehicle id="cfm_slow_0" pos="25.62" speed="46.44"/>
            </lane>
        </edge>
        <edge id="left">
            <lane id="left_0">
                <vehicle id="cfm_slow_4" pos="35.76" speed="46.50"/>
            </lane>
        </edge>
        <edge id="right">
            <lane id="right_0">
                <vehicle id="cfm_slow_1" pos="15.35" speed="46.90"/>
            </lane>
        </edge>
        <edge id="top">
            <lane id="top_0">
                <vehicle id="cfm_slow_2" pos="5.53" speed="47.01"/>
                <vehicle id="cfm_slow_3" pos="45.78" speed="46.77"/>
            </lane>
        </edge>
    </timestep>
    <timestep time="6.77">
        <edge id="bottom">
            <lane id="bottom_0">
                <vehicle id="cfm_slow_0" pos="26.09" speed="46.45"/>
            </lane>
        </edge>
        <edge id="left">
            <lane id="left_0">
                <vehicle id="cfm_slow_4" pos="36.23" speed="46.50"/>
            </lane>
        </edge>
        <edge id="right">
            <lane id="right_0">
                <vehicle id="cfm_slow_1" pos="15.82" speed="46.90"/>
            </lane>
        </edge>
        <edge id="top">
            <lane id="top_0">
                <vehicle id="cfm_slow_2" pos="6.00" speed="47.01"/>
                <vehicle id="cfm_slow_3" pos="46.25" speed="46.77"/>
            </lane>
        </edge>
    </timestep>
    <timestep time="6.78">
        <edge id="bottom">
            <lane id="bottom_0">
                <vehicle id="cfm_slow_0" pos="26.55" speed="46.46"/>
            </lane>
        </edge>
        <edge id="left">
            <lane id="left_0">
                <vehicle id="cfm_slow_4" pos="36.69" speed="46.51"/>
            </lane>
        </edge>
        <edge id="right">
            <lane id="right_0">
                <vehicle id="cfm_slow_1" pos="16.29" speed="46.91"/>
            </lane>
        </edge>
        <edge id="top">
            <lane id="top_0">
                <vehicle id="cfm_slow_2" pos="6.47" speed="47.01"/>
                <vehicle id="cfm_slow_3" pos="46.72" speed="46.77"/>
            </lane>
        </edge>
    </timestep>
    <timestep time="6.79">
        <edge id="bottom">
            <lane id="bottom_0">
                <vehicle id="cfm_slow_0" pos="27.02" speed="46.46"/>
            </lane>
        </edge>
        <edge id="left">
            <lane id="left_0">
                <vehicle id="cfm_slow_4" pos="37.16" speed="46.51"/>
            </lane>
        </edge>
        <edge id="right">
            <lane id="right_0">
                <vehicle id="cfm_slow_1" pos="16.76" speed="46.91"/>
            </lane>
        </edge>
        <edge id="top">
            <lane id="top_0">
                <vehicle id="cfm_slow_2" pos="6.94" speed="47.01"/>
                <vehicle id="cfm_slow_3" pos="47.18" speed="46.77"/>
            </lane>
        </edge>
    </timestep>
    <timestep time="6.80">
        <edge id="bottom">
            <lane id="bottom_0">
                <vehicle id="cfm_slow_0" pos="27.48" speed="46.47"/>
            </lane>
        </edge>
        <edge id="left">
            <lane id="left_0">
                <vehicle id="cfm_slow_4" pos="37.62" speed="46.51"/>
            </lane>
        </edge>
        <edge id="right">
            <lane id="right_0">
                <vehicle id="cfm_slow_1" pos="17.23" speed="46.91"/>
            </lane>
        </edge>
        <edge id="top">
            <lane id="top_0">
                <vehicle id="cfm_slow_2" pos="7.41" speed="47.01"/>
                <vehicle id="cfm_slow_3" pos="47.65" speed="46.77"/>
            </lane>
        </edge>
    </timestep>
    <timestep time="6.81">
        <edge id="bottom">
            <lane id="bottom_0">
                <vehicle id="cfm_slow_0" pos="27.95" speed="46.48"/>
            </lane>
        </edge>
        <edge id="left">
            <lane id="left_0">
                <vehicle id="cfm_slow_4" pos="38.09" speed="46.52"/>
            </lane>
        </edge>
        <edge id="right">
            <lane id="right_0">
                <vehicle id="cfm_slow_1" pos="17.70" speed="46.92"/>
            </lane>
        </edge>
        <edge id="top">
            <lane id="top_0">
                <vehicle id="cfm_slow_2" pos="7.88" speed="47.01"/>
                <vehicle id="cfm_slow_3" pos="48.12" speed="46.77"/>
            </lane>
        </edge>
    </timestep>
    <timestep time="6.82">
        <edge id="bottom">
            <lane id="bottom_0">
                <vehicle id="cfm_slow_0" pos="28.41" speed="46.48"/>
            </lane>
        </edge>
        <edge id="left">
            <lane id="left_0">
                <vehicle id="cfm_slow_4" pos="38.55" speed="46.52"/>
            </lane>
        </edge>
        <edge id="right">
            <lane id="right_0">
                <vehicle id="cfm_slow_1" pos="18.17" speed="46.92"/>
            </lane>
        </edge>
        <edge id="top">
            <lane id="top_0">
                <vehicle id="cfm_slow_2" pos="8.35" speed="47.01"/>
                <vehicle id="cfm_slow_3" pos="48.59" speed="46.77"/>
            </lane>
        </edge>
    </timestep>
    <timestep time="6.83">
        <edge id="bottom">
            <lane id="bottom_0">
                <vehicle id="cfm_slow_0" pos="28.87" speed="46.49"/>
            </lane>
        </edge>
        <edge id="left">
            <lane id="left_0">
                <vehicle id="cfm_slow_4" pos="39.02" speed="46.52"/>
            </lane>
        </edge>
        <edge id="right">
            <lane id="right_0">
                <vehicle id="cfm_slow_1" pos="18.64" speed="46.92"/>
            </lane>
        </edge>
        <edge id="top">
            <lane id="top_0">
                <vehicle id="cfm_slow_2" pos="8.82" speed="47.01"/>
                <vehicle id="cfm_slow_3" pos="49.06" speed="46.77"/>
            </lane>
        </edge>
    </timestep>
    <timestep time="6.84">
        <edge id="bottom">
            <lane id="bottom_0">
                <vehicle id="cfm_slow_0" pos="29.34" speed="46.49"/>
            </lane>
        </edge>
        <edge id="left">
            <lane id="left_0">
                <vehicle id="cfm_slow_4" pos="39.48" speed="46.52"/>
            </lane>
        </edge>
        <edge id="right">
            <lane id="right_0">
                <vehicle id="cfm_slow_1" pos="19.11" speed="46.93"/>
            </lane>
        </edge>
        <edge id="top">
            <lane id="top_0">
                <vehicle id="cfm_slow_2" pos="9.29" speed="47.01"/>
                <vehicle id="cfm_slow_3" pos="49.52" speed="46.76"/>
            </lane>
        </edge>
    </timestep>
    <timestep time="6.85">
        <edge id="bottom">
            <lane id="bottom_0">
                <vehicle id="cfm_slow_0" pos="29.80" speed="46.50"/>
            </lane>
        </edge>
        <edge id="left">
            <lane id="left_0">
                <vehicle id="cfm_slow_4" pos="39.95" speed="46.53"/>
            </lane>
        </edge>
        <edge id="right">
            <lane id="right_0">
                <vehicle id="cfm_slow_1" pos="19.57" speed="46.93"/>
            </lane>
        </edge>
        <edge id="top">
            <lane id="top_0">
                <vehicle id="cfm_slow_2" pos="9.76" speed="47.01"/>
                <vehicle id="cfm_slow_3" pos="49.99" speed="46.76"/>
            </lane>
        </edge>
    </timestep>
    <timestep time="6.86">
        <edge id="bottom">
            <lane id="bottom_0">
                <vehicle id="cfm_slow_0" pos="30.27" speed="46.51"/>
            </lane>
        </edge>
        <edge id="left">
            <lane id="left_0">
                <vehicle id="cfm_slow_3" pos="0.46" speed="46.76"/>
                <vehicle id="cfm_slow_4" pos="40.41" speed="46.53"/>
            </lane>
        </edge>
        <edge id="right">
            <lane id="right_0">
                <vehicle id="cfm_slow_1" pos="20.04" speed="46.93"/>
            </lane>
        </edge>
        <edge id="top">
            <lane id="top_0">
                <vehicle id="cfm_slow_2" pos="10.23" speed="47.01"/>
            </lane>
        </edge>
    </timestep>
    <timestep time="6.87">
        <edge id="bottom">
            <lane id="bottom_0">
                <vehicle id="cfm_slow_0" pos="30.74" speed="46.51"/>
            </lane>
        </edge>
        <edge id="left">
            <lane id="left_0">
                <vehicle id="cfm_slow_3" pos="0.93" speed="46.76"/>
                <vehicle id="cfm_slow_4" pos="40.88" speed="46.53"/>
            </lane>
        </edge>
        <edge id="right">
            <lane id="right_0">
                <vehicle id="cfm_slow_1" pos="20.51" speed="46.94"/>
            </lane>
        </edge>
        <edge id="top">
            <lane id="top_0">
                <vehicle id="cfm_slow_2" pos="10.70" speed="47.01"/>
            </lane>
        </edge>
    </timestep>
    <timestep time="6.88">
        <edge id="bottom">
            <lane id="bottom_0">
                <vehicle id="cfm_slow_0" pos="31.20" speed="46.52"/>
            </lane>
        </edge>
        <edge id="left">
            <lane id="left_0">
                <vehicle id="cfm_slow_3" pos="1.39" speed="46.76"/>
                <vehicle id="cfm_slow_4" pos="41.34" speed="46.53"/>
            </lane>
        </edge>
        <edge id="right">
            <lane id="right_0">
                <vehicle id="cfm_slow_1" pos="20.98" speed="46.94"/>
            </lane>
        </edge>
        <edge id="top">
            <lane id="top_0">
                <vehicle id="cfm_slow_2" pos="11.17" speed="47.01"/>
            </lane>
        </edge>
    </timestep>
    <timestep time="6.89">
        <edge id="bottom">
            <lane id="bottom_0">
                <vehicle id="cfm_slow_0" pos="31.67" speed="46.53"/>
            </lane>
        </edge>
        <edge id="left">
            <lane id="left_0">
                <vehicle id="cfm_slow_3" pos="1.86" speed="46.76"/>
                <vehicle id="cfm_slow_4" pos="41.81" speed="46.54"/>
            </lane>
        </edge>
        <edge id="right">
            <lane id="right_0">
                <vehicle id="cfm_slow_1" pos="21.45" speed="46.94"/>
            </lane>
        </edge>
        <edge id="top">
            <lane id="top_0">
                <vehicle id="cfm_slow_2" pos="11.64" speed="47.01"/>
            </lane>
        </edge>
    </timestep>
    <timestep time="6.90">
        <edge id="bottom">
            <lane id="bottom_0">
                <vehicle id="cfm_slow_0" pos="32.13" speed="46.53"/>
            </lane>
        </edge>
        <edge id="left">
            <lane id="left_0">
                <vehicle id="cfm_slow_3" pos="2.33" speed="46.76"/>
                <vehicle id="cfm_slow_4" pos="42.27" speed="46.54"/>
            </lane>
        </edge>
        <edge id="right">
            <lane id="right_0">
                <vehicle id="cfm_slow_1" pos="21.92" speed="46.94"/>
            </lane>
        </edge>
        <edge id="top">
            <lane id="top_0">
                <vehicle id="cfm_slow_2" pos="12.11" speed="47.01"/>
            </lane>
        </edge>
    </timestep>
    <timestep time="6.91">
        <edge id="bottom">
            <lane id="bottom_0">
                <vehicle id="cfm_slow_0" pos="32.60" speed="46.54"/>
            </lane>
        </edge>
        <edge id="left">
            <lane id="left_0">
                <vehicle id="cfm_slow_3" pos="2.80" speed="46.76"/>
                <vehicle id="cfm_slow_4" pos="42.74" speed="46.54"/>
            </lane>
        </edge>
        <edge id="right">
            <lane id="right_0">
                <vehicle id="cfm_slow_1" pos="22.39" speed="46.95"/>
            </lane>
        </edge>
        <edge id="top">
            <lane id="top_0">
                <vehicle id="cfm_slow_2" pos="12.58" speed="47.01"/>
            </lane>
        </edge>
    </timestep>
    <timestep time="6.92">
        <edge id="bottom">
            <lane id="bottom_0">
                <vehicle id="cfm_slow_0" pos="33.06" speed="46.54"/>
            </lane>
        </edge>
        <edge id="left">
            <lane id="left_0">
                <vehicle id="cfm_slow_3" pos="3.26" speed="46.76"/>
                <vehicle id="cfm_slow_4" pos="43.21" speed="46.55"/>
            </lane>
        </edge>
        <edge id="right">
            <lane id="right_0">
                <vehicle id="cfm_slow_1" pos="22.86" speed="46.95"/>
            </lane>
        </edge>
        <edge id="top">
            <lane id="top_0">
                <vehicle id="cfm_slow_2" pos="13.05" speed="47.01"/>
            </lane>
        </edge>
    </timestep>
    <timestep time="6.93">
        <edge id="bottom">
            <lane id="bottom_0">
                <vehicle id="cfm_slow_0" pos="33.53" speed="46.55"/>
            </lane>
        </edge>
        <edge id="left">
            <lane id="left_0">
                <vehicle id="cfm_slow_3" pos="3.73" speed="46.76"/>
                <vehicle id="cfm_slow_4" pos="43.67" speed="46.55"/>
            </lane>
        </edge>
        <edge id="right">
            <lane id="right_0">
                <vehicle id="cfm_slow_1" pos="23.33" speed="46.95"/>
            </lane>
        </edge>
        <edge id="top">
            <lane id="top_0">
                <vehicle id="cfm_slow_2" pos="13.52" speed="47.01"/>
            </lane>
        </edge>
    </timestep>
    <timestep time="6.94">
        <edge id="bottom">
            <lane id="bottom_0">
                <vehicle id="cfm_slow_0" pos="33.99" speed="46.56"/>
            </lane>
        </edge>
        <edge id="left">
            <lane id="left_0">
                <vehicle id="cfm_slow_3" pos="4.20" speed="46.76"/>
                <vehicle id="cfm_slow_4" pos="44.14" speed="46.55"/>
            </lane>
        </edge>
        <edge id="right">
            <lane id="right_0">
                <vehicle id="cfm_slow_1" pos="23.80" speed="46.96"/>
            </lane>
        </edge>
        <edge id="top">
            <lane id="top_0">
                <vehicle id="cfm_slow_2" pos="13.99" speed="47.01"/>
            </lane>
        </edge>
    </timestep>
    <timestep time="6.95">
        <edge id="bottom">
            <lane id="bottom_0">
                <vehicle id="cfm_slow_0" pos="34.46" speed="46.56"/>
            </lane>
        </edge>
        <edge id="left">
            <lane id="left_0">
                <vehicle id="cfm_slow_3" pos="4.67" speed="46.76"/>
                <vehicle id="cfm_slow_4" pos="44.60" speed="46.55"/>
            </lane>
        </edge>
        <edge id="right">
            <lane id="right_0">
                <vehicle id="cfm_slow_1" pos="24.27" speed="46.96"/>
            </lane>
        </edge>
        <edge id="top">
            <lane id="top_0">
                <vehicle id="cfm_slow_2" pos="14.46" speed="47.01"/>
            </lane>
        </edge>
    </timestep>
    <timestep time="6.96">
        <edge id="bottom">
            <lane id="bottom_0">
                <vehicle id="cfm_slow_0" pos="34.92" speed="46.57"/>
            </lane>
        </edge>
        <edge id="left">
            <lane id="left_0">
                <vehicle id="cfm_slow_3" pos="5.13" speed="46.76"/>
                <vehicle id="cfm_slow_4" pos="45.07" speed="46.56"/>
            </lane>
        </edge>
        <edge id="right">
            <lane id="right_0">
                <vehicle id="cfm_slow_1" pos="24.74" speed="46.96"/>
            </lane>
        </edge>
        <edge id="top">
            <lane id="top_0">
                <vehicle id="cfm_slow_2" pos="14.93" speed="47.01"/>
            </lane>
        </edge>
    </timestep>
    <timestep time="6.97">
        <edge id="bottom">
            <lane id="bottom_0">
                <vehicle id="cfm_slow_0" pos="35.39" speed="46.57"/>
            </lane>
        </edge>
        <edge id="left">
            <lane id="left_0">
                <vehicle id="cfm_slow_3" pos="5.60" speed="46.76"/>
                <vehicle id="cfm_slow_4" pos="45.53" speed="46.56"/>
            </lane>
        </edge>
        <edge id="right">
            <lane id="right_0">
                <vehicle id="cfm_slow_1" pos="25.21" speed="46.96"/>
            </lane>
        </edge>
        <edge id="top">
            <lane id="top_0">
                <vehicle id="cfm_slow_2" pos="15.40" speed="47.01"/>
            </lane>
        </edge>
    </timestep>
    <timestep time="6.98">
        <edge id="bottom">
            <lane id="bottom_0">
                <vehicle id="cfm_slow_0" pos="35.86" speed="46.58"/>
            </lane>
        </edge>
        <edge id="left">
            <lane id="left_0">
                <vehicle id="cfm_slow_3" pos="6.07" speed="46.76"/>
                <vehicle id="cfm_slow_4" pos="46.00" speed="46.56"/>
            </lane>
        </edge>
        <edge id="right">
            <lane id="right_0">
                <vehicle id="cfm_slow_1" pos="25.68" speed="46.97"/>
            </lane>
        </edge>
        <edge id="top">
            <lane id="top_0">
                <vehicle id="cfm_slow_2" pos="15.87" speed="47.01"/>
            </lane>
        </edge>
    </timestep>
    <timestep time="6.99">
        <edge id="bottom">
            <lane id="bottom_0">
                <vehicle id="cfm_slow_0" pos="36.32" speed="46.59"/>
            </lane>
        </edge>
        <edge id="left">
            <lane id="left_0">
                <vehicle id="cfm_slow_3" pos="6.54" speed="46.76"/>
                <vehicle id="cfm_slow_4" pos="46.46" speed="46.57"/>
            </lane>
        </edge>
        <edge id="right">
            <lane id="right_0">
                <vehicle id="cfm_slow_1" pos="26.15" speed="46.97"/>
            </lane>
        </edge>
        <edge id="top">
            <lane id="top_0">
                <vehicle id="cfm_slow_2" pos="16.34" speed="47.01"/>
            </lane>
        </edge>
    </timestep>
    <timestep time="7.00">
        <edge id="bottom">
            <lane id="bottom_0">
                <vehicle id="cfm_slow_0" pos="36.79" speed="46.59"/>
            </lane>
        </edge>
        <edge id="left">
            <lane id="left_0">
                <vehicle id="cfm_slow_3" pos="7.00" speed="46.76"/>
                <vehicle id="cfm_slow_4" pos="46.93" speed="46.57"/>
            </lane>
        </edge>
        <edge id="right">
            <lane id="right_0">
                <vehicle id="cfm_slow_1" pos="26.62" speed="46.97"/>
            </lane>
        </edge>
        <edge id="top">
            <lane id="top_0">
                <vehicle id="cfm_slow_2" pos="16.81" speed="47.01"/>
            </lane>
        </edge>
    </timestep>
    <timestep time="7.01">
        <edge id="bottom">
            <lane id="bottom_0">
                <vehicle id="cfm_slow_0" pos="37.25" speed="46.60"/>
            </lane>
        </edge>
        <edge id="left">
            <lane id="left_0">
                <vehicle id="cfm_slow_3" pos="7.47" speed="46.76"/>
                <vehicle id="cfm_slow_4" pos="47.40" speed="46.57"/>
            </lane>
        </edge>
        <edge id="right">
            <lane id="right_0">
                <vehicle id="cfm_slow_1" pos="27.09" speed="46.97"/>
            </lane>
        </edge>
        <edge id="top">
            <lane id="top_0">
                <vehicle id="cfm_slow_2" pos="17.28" speed="47.01"/>
            </lane>
        </edge>
    </timestep>
    <timestep time="7.02">
        <edge id="bottom">
            <lane id="bottom_0">
                <vehicle id="cfm_slow_0" pos="37.72" speed="46.60"/>
            </lane>
        </edge>
        <edge id="left">
            <lane id="left_0">
                <vehicle id="cfm_slow_3" pos="7.94" speed="46.76"/>
                <vehicle id="cfm_slow_4" pos="47.86" speed="46.57"/>
            </lane>
        </edge>
        <edge id="right">
            <lane id="right_0">
                <vehicle id="cfm_slow_1" pos="27.56" speed="46.97"/>
            </lane>
        </edge>
        <edge id="top">
            <lane id="top_0">
                <vehicle id="cfm_slow_2" pos="17.75" speed="47.01"/>
            </lane>
        </edge>
    </timestep>
    <timestep time="7.03">
        <edge id="bottom">
            <lane id="bottom_0">
                <vehicle id="cfm_slow_0" pos="38.19" speed="46.61"/>
            </lane>
        </edge>
        <edge id="left">
            <lane id="left_0">
                <vehicle id="cfm_slow_3" pos="8.41" speed="46.76"/>
                <vehicle id="cfm_slow_4" pos="48.33" speed="46.58"/>
            </lane>
        </edge>
        <edge id="right">
            <lane id="right_0">
                <vehicle id="cfm_slow_1" pos="28.03" speed="46.98"/>
            </lane>
        </edge>
        <edge id="top">
            <lane id="top_0">
                <vehicle id="cfm_slow_2" pos="18.22" speed="47.00"/>
            </lane>
        </edge>
    </timestep>
    <timestep time="7.04">
        <edge id="bottom">
            <lane id="bottom_0">
                <vehicle id="cfm_slow_0" pos="38.65" speed="46.61"/>
            </lane>
        </edge>
        <edge id="left">
            <lane id="left_0">
                <vehicle id="cfm_slow_3" pos="8.88" speed="46.76"/>
                <vehicle id="cfm_slow_4" pos="48.79" speed="46.58"/>
            </lane>
        </edge>
        <edge id="right">
            <lane id="right_0">
                <vehicle id="cfm_slow_1" pos="28.50" speed="46.98"/>
            </lane>
        </edge>
        <edge id="top">
            <lane id="top_0">
                <vehicle id="cfm_slow_2" pos="18.69" speed="47.00"/>
            </lane>
        </edge>
    </timestep>
    <timestep time="7.05">
        <edge id="bottom">
            <lane id="bottom_0">
                <vehicle id="cfm_slow_0" pos="39.12" speed="46.62"/>
            </lane>
        </edge>
        <edge id="left">
            <lane id="left_0">
                <vehicle id="cfm_slow_3" pos="9.34" speed="46.76"/>
                <vehicle id="cfm_slow_4" pos="49.26" speed="46.58"/>
            </lane>
        </edge>
        <edge id="right">
            <lane id="right_0">
                <vehicle id="cfm_slow_1" pos="28.97" speed="46.98"/>
            </lane>
        </edge>
        <edge id="top">
            <lane id="top_0">
                <vehicle id="cfm_slow_2" pos="19.16" speed="47.00"/>
            </lane>
        </edge>
    </timestep>
    <timestep time="7.06">
        <edge id="bottom">
            <lane id="bottom_0">
                <vehicle id="cfm_slow_0" pos="39.58" speed="46.62"/>
            </lane>
        </edge>
        <edge id="left">
            <lane id="left_0">
                <vehicle id="cfm_slow_3" pos="9.81" speed="46.76"/>
                <vehicle id="cfm_slow_4" pos="49.72" speed="46.59"/>
            </lane>
        </edge>
        <edge id="right">
            <lane id="right_0">
                <vehicle id="cfm_slow_1" pos="29.44" speed="46.98"/>
            </lane>
        </edge>
        <edge id="top">
            <lane id="top_0">
                <vehicle id="cfm_slow_2" pos="19.63" speed="47.00"/>
            </lane>
        </edge>
    </timestep>
    <timestep time="7.07">
        <edge id="bottom">
            <lane id="bottom_0">
                <vehicle id="cfm_slow_4" pos="0.19" speed="46.59"/>
                <vehicle id="cfm_slow_0" pos="40.05" speed="46.63"/>
            </lane>
        </edge>
        <edge id="left">
            <lane id="left_0">
                <vehicle id="cfm_slow_3" pos="10.28" speed="46.76"/>
            </lane>
        </edge>
        <edge id="right">
            <lane id="right_0">
                <vehicle id="cfm_slow_1" pos="29.91" speed="46.99"/>
            </lane>
        </edge>
        <edge id="top">
            <lane id="top_0">
                <vehicle id="cfm_slow_2" pos="20.10" speed="47.00"/>
            </lane>
        </edge>
    </timestep>
    <timestep time="7.08">
        <edge id="bottom">
            <lane id="bottom_0">
                <vehicle id="cfm_slow_4" pos="0.66" speed="46.59"/>
                <vehicle id="cfm_slow_0" pos="40.52" speed="46.63"/>
            </lane>
        </edge>
        <edge id="left">
            <lane id="left_0">
                <vehicle id="cfm_slow_3" pos="10.75" speed="46.76"/>
            </lane>
        </edge>
        <edge id="right">
            <lane id="right_0">
                <vehicle id="cfm_slow_1" pos="30.38" speed="46.99"/>
            </lane>
        </edge>
        <edge id="top">
            <lane id="top_0">
                <vehicle id="cfm_slow_2" pos="20.57" speed="47.00"/>
            </lane>
        </edge>
    </timestep>
    <timestep time="7.09">
        <edge id="bottom">
            <lane id="bottom_0">
                <vehicle id="cfm_slow_4" pos="1.12" speed="46.59"/>
                <vehicle id="cfm_slow_0" pos="40.98" speed="46.64"/>
            </lane>
        </edge>
        <edge id="left">
            <lane id="left_0">
                <vehicle id="cfm_slow_3" pos="11.21" speed="46.76"/>
            </lane>
        </edge>
        <edge id="right">
            <lane id="right_0">
                <vehicle id="cfm_slow_1" pos="30.85" speed="46.99"/>
            </lane>
        </edge>
        <edge id="top">
            <lane id="top_0">
                <vehicle id="cfm_slow_2" pos="21.04" speed="47.00"/>
            </lane>
        </edge>
    </timestep>
    <timestep time="7.10">
        <edge id="bottom">
            <lane id="bottom_0">
                <vehicle id="cfm_slow_4" pos="1.59" speed="46.60"/>
                <vehicle id="cfm_slow_0" pos="41.45" speed="46.65"/>
            </lane>
        </edge>
        <edge id="left">
            <lane id="left_0">
                <vehicle id="cfm_slow_3" pos="11.68" speed="46.76"/>
            </lane>
        </edge>
        <edge id="right">
            <lane id="right_0">
                <vehicle id="cfm_slow_1" pos="31.32" speed="46.99"/>
            </lane>
        </edge>
        <edge id="top">
            <lane id="top_0">
                <vehicle id="cfm_slow_2" pos="21.51" speed="47.00"/>
            </lane>
        </edge>
    </timestep>
    <timestep time="7.11">
        <edge id="bottom">
            <lane id="bottom_0">
                <vehicle id="cfm_slow_4" pos="2.05" speed="46.60"/>
                <vehicle id="cfm_slow_0" pos="41.92" speed="46.65"/>
            </lane>
        </edge>
        <edge id="left">
            <lane id="left_0">
                <vehicle id="cfm_slow_3" pos="12.15" speed="46.76"/>
            </lane>
        </edge>
        <edge id="right">
            <lane id="right_0">
                <vehicle id="cfm_slow_1" pos="31.79" speed="46.99"/>
            </lane>
        </edge>
        <edge id="top">
            <lane id="top_0">
                <vehicle id="cfm_slow_2" pos="21.98" speed="47.00"/>
            </lane>
        </edge>
    </timestep>
    <timestep time="7.12">
        <edge id="bottom">
            <lane id="bottom_0">
                <vehicle id="cfm_slow_4" pos="2.52" speed="46.60"/>
                <vehicle id="cfm_slow_0" pos="42.38" speed="46.66"/>
            </lane>
        </edge>
        <edge id="left">
            <lane id="left_0">
                <vehicle id="cfm_slow_3" pos="12.62" speed="46.76"/>
            </lane>
        </edge>
        <edge id="right">
            <lane id="right_0">
                <vehicle id="cfm_slow_1" pos="32.26" speed="47.00"/>
            </lane>
        </edge>
        <edge id="top">
            <lane id="top_0">
                <vehicle id="cfm_slow_2" pos="22.45" speed="47.00"/>
            </lane>
        </edge>
    </timestep>
    <timestep time="7.13">
        <edge id="bottom">
            <lane id="bottom_0">
                <vehicle id="cfm_slow_4" pos="2.99" speed="46.61"/>
                <vehicle id="cfm_slow_0" pos="42.85" speed="46.66"/>
            </lane>
        </edge>
        <edge id="left">
            <lane id="left_0">
                <vehicle id="cfm_slow_3" pos="13.08" speed="46.76"/>
            </lane>
        </edge>
        <edge id="right">
            <lane id="right_0">
                <vehicle id="cfm_slow_1" pos="32.73" speed="47.00"/>
            </lane>
        </edge>
        <edge id="top">
            <lane id="top_0">
                <vehicle id="cfm_slow_2" pos="22.92" speed="47.00"/>
            </lane>
        </edge>
    </timestep>
    <timestep time="7.14">
        <edge id="bottom">
            <lane id="bottom_0">
                <vehicle id="cfm_slow_4" pos="3.45" speed="46.61"/>
                <vehicle id="cfm_slow_0" pos="43.32" speed="46.67"/>
            </lane>
        </edge>
        <edge id="left">
            <lane id="left_0">
                <vehicle id="cfm_slow_3" pos="13.55" speed="46.76"/>
            </lane>
        </edge>
        <edge id="right">
            <lane id="right_0">
                <vehicle id="cfm_slow_1" pos="33.20" speed="47.00"/>
            </lane>
        </edge>
        <edge id="top">
            <lane id="top_0">
                <vehicle id="cfm_slow_2" pos="23.39" speed="47.00"/>
            </lane>
        </edge>
    </timestep>
    <timestep time="7.15">
        <edge id="bottom">
            <lane id="bottom_0">
                <vehicle id="cfm_slow_4" pos="3.92" speed="46.61"/>
                <vehicle id="cfm_slow_0" pos="43.78" speed="46.67"/>
            </lane>
        </edge>
        <edge id="left">
            <lane id="left_0">
                <vehicle id="cfm_slow_3" pos="14.02" speed="46.76"/>
            </lane>
        </edge>
        <edge id="right">
            <lane id="right_0">
                <vehicle id="cfm_slow_1" pos="33.67" speed="47.00"/>
            </lane>
        </edge>
        <edge id="top">
            <lane id="top_0">
                <vehicle id="cfm_slow_2" pos="23.86" speed="47.00"/>
            </lane>
        </edge>
    </timestep>
    <timestep time="7.16">
        <edge id="bottom">
            <lane id="bottom_0">
                <vehicle id="cfm_slow_4" pos="4.38" speed="46.61"/>
                <vehicle id="cfm_slow_0" pos="44.25" speed="46.68"/>
            </lane>
        </edge>
        <edge id="left">
            <lane id="left_0">
                <vehicle id="cfm_slow_3" pos="14.49" speed="46.76"/>
            </lane>
        </edge>
        <edge id="right">
            <lane id="right_0">
                <vehicle id="cfm_slow_1" pos="34.14" speed="47.00"/>
            </lane>
        </edge>
        <edge id="top">
            <lane id="top_0">
                <vehicle id="cfm_slow_2" pos="24.33" speed="47.00"/>
            </lane>
        </edge>
    </timestep>
    <timestep time="7.17">
        <edge id="bottom">
            <lane id="bottom_0">
                <vehicle id="cfm_slow_4" pos="4.85" speed="46.62"/>
                <vehicle id="cfm_slow_0" pos="44.72" speed="46.68"/>
            </lane>
        </edge>
        <edge id="left">
            <lane id="left_0">
                <vehicle id="cfm_slow_3" pos="14.95" speed="46.76"/>
            </lane>
        </edge>
        <edge id="right">
            <lane id="right_0">
                <vehicle id="cfm_slow_1" pos="34.61" speed="47.00"/>
            </lane>
        </edge>
        <edge id="top">
            <lane id="top_0">
                <vehicle id="cfm_slow_2" pos="24.80" speed="47.00"/>
            </lane>
        </edge>
    </timestep>
    <timestep time="7.18">
        <edge id="bottom">
            <lane id="bottom_0">
                <vehicle id="cfm_slow_4" pos="5.32" speed="46.62"/>
                <vehicle id="cfm_slow_0" pos="45.18" speed="46.69"/>
            </lane>
        </edge>
        <edge id="left">
            <lane id="left_0">
                <vehicle id="cfm_slow_3" pos="15.42" speed="46.76"/>
            </lane>
        </edge>
        <edge id="right">
            <lane id="right_0">
                <vehicle id="cfm_slow_1" pos="35.08" speed="47.01"/>
            </lane>
        </edge>
        <edge id="top">
            <lane id="top_0">
                <vehicle id="cfm_slow_2" pos="25.27" speed="47.00"/>
            </lane>
        </edge>
    </timestep>
    <timestep time="7.19">
        <edge id="bottom">
            <lane id="bottom_0">
                <vehicle id="cfm_slow_4" pos="5.78" speed="46.62"/>
                <vehicle id="cfm_slow_0" pos="45.65" speed="46.69"/>
            </lane>
        </edge>
        <edge id="left">
            <lane id="left_0">
                <vehicle id="cfm_slow_3" pos="15.89" speed="46.76"/>
            </lane>
        </edge>
        <edge id="right">
            <lane id="right_0">
                <vehicle id="cfm_slow_1" pos="35.55" speed="47.01"/>
            </lane>
        </edge>
        <edge id="top">
            <lane id="top_0">
                <vehicle id="cfm_slow_2" pos="25.74" speed="46.99"/>
            </lane>
        </edge>
    </timestep>
    <timestep time="7.20">
        <edge id="bottom">
            <lane id="bottom_0">
                <vehicle id="cfm_slow_4" pos="6.25" speed="46.63"/>
                <vehicle id="cfm_slow_0" pos="46.12" speed="46.69"/>
            </lane>
        </edge>
        <edge id="left">
            <lane id="left_0">
                <vehicle id="cfm_slow_3" pos="16.36" speed="46.76"/>
            </lane>
        </edge>
        <edge id="right">
            <lane id="right_0">
                <vehicle id="cfm_slow_1" pos="36.02" speed="47.01"/>
            </lane>
        </edge>
        <edge id="top">
            <lane id="top_0">
                <vehicle id="cfm_slow_2" pos="26.21" speed="46.99"/>
            </lane>
        </edge>
    </timestep>
    <timestep time="7.21">
        <edge id="bottom">
            <lane id="bottom_0">
                <vehicle id="cfm_slow_4" pos="6.72" speed="46.63"/>
                <vehicle id="cfm_slow_0" pos="46.58" speed="46.70"/>
            </lane>
        </edge>
        <edge id="left">
            <lane id="left_0">
                <vehicle id="cfm_slow_3" pos="16.82" speed="46.76"/>
            </lane>
        </edge>
        <edge id="right">
            <lane id="right_0">
                <vehicle id="cfm_slow_1" pos="36.49" speed="47.01"/>
            </lane>
        </edge>
        <edge id="top">
            <lane id="top_0">
                <vehicle id="cfm_slow_2" pos="26.68" speed="46.99"/>
            </lane>
        </edge>
    </timestep>
    <timestep time="7.22">
        <edge id="bottom">
            <lane id="bottom_0">
                <vehicle id="cfm_slow_4" pos="7.18" speed="46.63"/>
                <vehicle id="cfm_slow_0" pos="47.05" speed="46.70"/>
            </lane>
        </edge>
        <edge id="left">
            <lane id="left_0">
                <vehicle id="cfm_slow_3" pos="17.29" speed="46.76"/>
            </lane>
        </edge>
        <edge id="right">
            <lane id="right_0">
                <vehicle id="cfm_slow_1" pos="36.96" speed="47.01"/>
            </lane>
        </edge>
        <edge id="top">
            <lane id="top_0">
                <vehicle id="cfm_slow_2" pos="27.15" speed="46.99"/>
            </lane>
        </edge>
    </timestep>
    <timestep time="7.23">
        <edge id="bottom">
            <lane id="bottom_0">
                <vehicle id="cfm_slow_4" pos="7.65" speed="46.63"/>
                <vehicle id="cfm_slow_0" pos="47.52" speed="46.71"/>
            </lane>
        </edge>
        <edge id="left">
            <lane id="left_0">
                <vehicle id="cfm_slow_3" pos="17.76" speed="46.76"/>
            </lane>
        </edge>
        <edge id="right">
            <lane id="right_0">
                <vehicle id="cfm_slow_1" pos="37.43" speed="47.01"/>
            </lane>
        </edge>
        <edge id="top">
            <lane id="top_0">
                <vehicle id="cfm_slow_2" pos="27.62" speed="46.99"/>
            </lane>
        </edge>
    </timestep>
    <timestep time="7.24">
        <edge id="bottom">
            <lane id="bottom_0">
                <vehicle id="cfm_slow_4" pos="8.11" speed="46.64"/>
                <vehicle id="cfm_slow_0" pos="47.99" speed="46.71"/>
            </lane>
        </edge>
        <edge id="left">
            <lane id="left_0">
                <vehicle id="cfm_slow_3" pos="18.23" speed="46.76"/>
            </lane>
        </edge>
        <edge id="right">
            <lane id="right_0">
                <vehicle id="cfm_slow_1" pos="37.90" speed="47.02"/>
            </lane>
        </edge>
        <edge id="top">
            <lane id="top_0">
                <vehicle id="cfm_slow_2" pos="28.09" speed="46.99"/>
            </lane>
        </edge>
    </timestep>
    <timestep time="7.25">
        <edge id="bottom">
            <lane id="bottom_0">
                <vehicle id="cfm_slow_4" pos="8.58" speed="46.64"/>
                <vehicle id="cfm_slow_0" pos="48.45" speed="46.72"/>
            </lane>
        </edge>
        <edge id="left">
            <lane id="left_0">
                <vehicle id="cfm_slow_3" pos="18.69" speed="46.76"/>
            </lane>
        </edge>
        <edge id="right">
            <lane id="right_0">
                <vehicle id="cfm_slow_1" pos="38.37" speed="47.02"/>
            </lane>
        </edge>
        <edge id="top">
            <lane id="top_0">
                <vehicle id="cfm_slow_2" pos="28.56" speed="46.99"/>
            </lane>
        </edge>
    </timestep>
    <timestep time="7.26">
        <edge id="bottom">
            <lane id="bottom_0">
                <vehicle id="cfm_slow_4" pos="9.05" speed="46.64"/>
                <vehicle id="cfm_slow_0" pos="48.92" speed="46.72"/>
            </lane>
        </edge>
        <edge id="left">
            <lane id="left_0">
                <vehicle id="cfm_slow_3" pos="19.16" speed="46.76"/>
            </lane>
        </edge>
        <edge id="right">
            <lane id="right_0">
                <vehicle id="cfm_slow_1" pos="38.84" speed="47.02"/>
            </lane>
        </edge>
        <edge id="top">
            <lane id="top_0">
                <vehicle id="cfm_slow_2" pos="29.03" speed="46.99"/>
            </lane>
        </edge>
    </timestep>
    <timestep time="7.27">
        <edge id="bottom">
            <lane id="bottom_0">
                <vehicle id="cfm_slow_4" pos="9.51" speed="46.64"/>
                <vehicle id="cfm_slow_0" pos="49.39" speed="46.73"/>
            </lane>
        </edge>
        <edge id="left">
            <lane id="left_0">
                <vehicle id="cfm_slow_3" pos="19.63" speed="46.76"/>
            </lane>
        </edge>
        <edge id="right">
            <lane id="right_0">
                <vehicle id="cfm_slow_1" pos="39.31" speed="47.02"/>
            </lane>
        </edge>
        <edge id="top">
            <lane id="top_0">
                <vehicle id="cfm_slow_2" pos="29.50" speed="46.99"/>
            </lane>
        </edge>
    </timestep>
    <timestep time="7.28">
        <edge id="bottom">
            <lane id="bottom_0">
                <vehicle id="cfm_slow_4" pos="9.98" speed="46.65"/>
                <vehicle id="cfm_slow_0" pos="49.85" speed="46.73"/>
            </lane>
        </edge>
        <edge id="left">
            <lane id="left_0">
                <vehicle id="cfm_slow_3" pos="20.10" speed="46.76"/>
            </lane>
        </edge>
        <edge id="right">
            <lane id="right_0">
                <vehicle id="cfm_slow_1" pos="39.78" speed="47.02"/>
            </lane>
        </edge>
        <edge id="top">
            <lane id="top_0">
                <vehicle id="cfm_slow_2" pos="29.97" speed="46.99"/>
            </lane>
        </edge>
    </timestep>
    <timestep time="7.29">
        <edge id="bottom">
            <lane id="bottom_0">
                <vehicle id="cfm_slow_4" pos="10.45" speed="46.65"/>
            </lane>
        </edge>
        <edge id="left">
            <lane id="left_0">
                <vehicle id="cfm_slow_3" pos="20.56" speed="46.76"/>
            </lane>
        </edge>
        <edge id="right">
            <lane id="right_0">
                <vehicle id="cfm_slow_0" pos="0.32" speed="46.74"/>
                <vehicle id="cfm_slow_1" pos="40.25" speed="47.02"/>
            </lane>
        </edge>
        <edge id="top">
            <lane id="top_0">
                <vehicle id="cfm_slow_2" pos="30.44" speed="46.99"/>
            </lane>
        </edge>
    </timestep>
    <timestep time="7.30">
        <edge id="bottom">
            <lane id="bottom_0">
                <vehicle id="cfm_slow_4" pos="10.91" speed="46.65"/>
            </lane>
        </edge>
        <edge id="left">
            <lane id="left_0">
                <vehicle id="cfm_slow_3" pos="21.03" speed="46.76"/>
            </lane>
        </edge>
        <edge id="right">
            <lane id="right_0">
                <vehicle id="cfm_slow_0" pos="0.79" speed="46.74"/>
                <vehicle id="cfm_slow_1" pos="40.72" speed="47.02"/>
            </lane>
        </edge>
        <edge id="top">
            <lane id="top_0">
                <vehicle id="cfm_slow_2" pos="30.91" speed="46.99"/>
            </lane>
        </edge>
    </timestep>
    <timestep time="7.31">
        <edge id="bottom">
            <lane id="bottom_0">
                <vehicle id="cfm_slow_4" pos="11.38" speed="46.66"/>
            </lane>
        </edge>
        <edge id="left">
            <lane id="left_0">
                <vehicle id="cfm_slow_3" pos="21.50" speed="46.76"/>
            </lane>
        </edge>
        <edge id="right">
            <lane id="right_0">
                <vehicle id="cfm_slow_0" pos="1.26" speed="46.74"/>
                <vehicle id="cfm_slow_1" pos="41.19" speed="47.02"/>
            </lane>
        </edge>
        <edge id="top">
            <lane id="top_0">
                <vehicle id="cfm_slow_2" pos="31.38" speed="46.99"/>
            </lane>
        </edge>
    </timestep>
    <timestep time="7.32">
        <edge id="bottom">
            <lane id="bottom_0">
                <vehicle id="cfm_slow_4" pos="11.85" speed="46.66"/>
            </lane>
        </edge>
        <edge id="left">
            <lane id="left_0">
                <vehicle id="cfm_slow_3" pos="21.97" speed="46.76"/>
            </lane>
        </edge>
        <edge id="right">
            <lane id="right_0">
                <vehicle id="cfm_slow_0" pos="1.72" speed="46.75"/>
                <vehicle id="cfm_slow_1" pos="41.66" speed="47.03"/>
            </lane>
        </edge>
        <edge id="top">
            <lane id="top_0">
                <vehicle id="cfm_slow_2" pos="31.85" speed="46.98"/>
            </lane>
        </edge>
    </timestep>
    <timestep time="7.33">
        <edge id="bottom">
            <lane id="bottom_0">
                <vehicle id="cfm_slow_4" pos="12.31" speed="46.66"/>
            </lane>
        </edge>
        <edge id="left">
            <lane id="left_0">
                <vehicle id="cfm_slow_3" pos="22.43" speed="46.76"/>
            </lane>
        </edge>
        <edge id="right">
            <lane id="right_0">
                <vehicle id="cfm_slow_0" pos="2.19" speed="46.75"/>
                <vehicle id="cfm_slow_1" pos="42.13" speed="47.03"/>
            </lane>
        </edge>
        <edge id="top">
            <lane id="top_0">
                <vehicle id="cfm_slow_2" pos="32.32" speed="46.98"/>
            </lane>
        </edge>
    </timestep>
    <timestep time="7.34">
        <edge id="bottom">
            <lane id="bottom_0">
                <vehicle id="cfm_slow_4" pos="12.78" speed="46.66"/>
            </lane>
        </edge>
        <edge id="left">
            <lane id="left_0">
                <vehicle id="cfm_slow_3" pos="22.90" speed="46.76"/>
            </lane>
        </edge>
        <edge id="right">
            <lane id="right_0">
                <vehicle id="cfm_slow_0" pos="2.66" speed="46.76"/>
                <vehicle id="cfm_slow_1" pos="42.60" speed="47.03"/>
            </lane>
        </edge>
        <edge id="top">
            <lane id="top_0">
                <vehicle id="cfm_slow_2" pos="32.79" speed="46.98"/>
            </lane>
        </edge>
    </timestep>
    <timestep time="7.35">
        <edge id="bottom">
            <lane id="bottom_0">
                <vehicle id="cfm_slow_4" pos="13.25" speed="46.67"/>
            </lane>
        </edge>
        <edge id="left">
            <lane id="left_0">
                <vehicle id="cfm_slow_3" pos="23.37" speed="46.76"/>
            </lane>
        </edge>
        <edge id="right">
            <lane id="right_0">
                <vehicle id="cfm_slow_0" pos="3.13" speed="46.76"/>
                <vehicle id="cfm_slow_1" pos="43.07" speed="47.03"/>
            </lane>
        </edge>
        <edge id="top">
            <lane id="top_0">
                <vehicle id="cfm_slow_2" pos="33.26" speed="46.98"/>
            </lane>
        </edge>
    </timestep>
    <timestep time="7.36">
        <edge id="bottom">
            <lane id="bottom_0">
                <vehicle id="cfm_slow_4" pos="13.71" speed="46.67"/>
            </lane>
        </edge>
        <edge id="left">
            <lane id="left_0">
                <vehicle id="cfm_slow_3" pos="23.84" speed="46.76"/>
            </lane>
        </edge>
        <edge id="right">
            <lane id="right_0">
                <vehicle id="cfm_slow_0" pos="3.59" speed="46.77"/>
                <vehicle id="cfm_slow_1" pos="43.54" speed="47.03"/>
            </lane>
        </edge>
        <edge id="top">
            <lane id="top_0">
                <vehicle id="cfm_slow_2" pos="33.73" speed="46.98"/>
            </lane>
        </edge>
    </timestep>
    <timestep time="7.37">
        <edge id="bottom">
            <lane id="bottom_0">
                <vehicle id="cfm_slow_4" pos="14.18" speed="46.67"/>
            </lane>
        </edge>
        <edge id="left">
            <lane id="left_0">
                <vehicle id="cfm_slow_3" pos="24.31" speed="46.76"/>
            </lane>
        </edge>
        <edge id="right">
            <lane id="right_0">
                <vehicle id="cfm_slow_0" pos="4.06" speed="46.77"/>
                <vehicle id="cfm_slow_1" pos="44.01" speed="47.03"/>
            </lane>
        </edge>
        <edge id="top">
            <lane id="top_0">
                <vehicle id="cfm_slow_2" pos="34.20" speed="46.98"/>
            </lane>
        </edge>
    </timestep>
    <timestep time="7.38">
        <edge id="bottom">
            <lane id="bottom_0">
                <vehicle id="cfm_slow_4" pos="14.65" speed="46.68"/>
            </lane>
        </edge>
        <edge id="left">
            <lane id="left_0">
                <vehicle id="cfm_slow_3" pos="24.77" speed="46.76"/>
            </lane>
        </edge>
        <edge id="right">
            <lane id="right_0">
                <vehicle id="cfm_slow_0" pos="4.53" speed="46.77"/>
                <vehicle id="cfm_slow_1" pos="44.48" speed="47.03"/>
            </lane>
        </edge>
        <edge id="top">
            <lane id="top_0">
                <vehicle id="cfm_slow_2" pos="34.67" speed="46.98"/>
            </lane>
        </edge>
    </timestep>
    <timestep time="7.39">
        <edge id="bottom">
            <lane id="bottom_0">
                <vehicle id="cfm_slow_4" pos="15.11" speed="46.68"/>
            </lane>
        </edge>
        <edge id="left">
            <lane id="left_0">
                <vehicle id="cfm_slow_3" pos="25.24" speed="46.76"/>
            </lane>
        </edge>
        <edge id="right">
            <lane id="right_0">
                <vehicle id="cfm_slow_0" pos="5.00" speed="46.78"/>
                <vehicle id="cfm_slow_1" pos="44.95" speed="47.03"/>
            </lane>
        </edge>
        <edge id="top">
            <lane id="top_0">
                <vehicle id="cfm_slow_2" pos="35.14" speed="46.98"/>
            </lane>
        </edge>
    </timestep>
    <timestep time="7.40">
        <edge id="bottom">
            <lane id="bottom_0">
                <vehicle id="cfm_slow_4" pos="15.58" speed="46.68"/>
            </lane>
        </edge>
        <edge id="left">
            <lane id="left_0">
                <vehicle id="cfm_slow_3" pos="25.71" speed="46.76"/>
            </lane>
        </edge>
        <edge id="right">
            <lane id="right_0">
                <vehicle id="cfm_slow_0" pos="5.47" speed="46.78"/>
                <vehicle id="cfm_slow_1" pos="45.42" speed="47.03"/>
            </lane>
        </edge>
        <edge id="top">
            <lane id="top_0">
                <vehicle id="cfm_slow_2" pos="35.61" speed="46.98"/>
            </lane>
        </edge>
    </timestep>
    <timestep time="7.41">
        <edge id="bottom">
            <lane id="bottom_0">
                <vehicle id="cfm_slow_4" pos="16.05" speed="46.68"/>
            </lane>
        </edge>
        <edge id="left">
            <lane id="left_0">
                <vehicle id="cfm_slow_3" pos="26.18" speed="46.76"/>
            </lane>
        </edge>
        <edge id="right">
            <lane id="right_0">
                <vehicle id="cfm_slow_0" pos="5.93" speed="46.78"/>
                <vehicle id="cfm_slow_1" pos="45.89" speed="47.03"/>
            </lane>
        </edge>
        <edge id="top">
            <lane id="top_0">
                <vehicle id="cfm_slow_2" pos="36.08" speed="46.98"/>
            </lane>
        </edge>
    </timestep>
    <timestep time="7.42">
        <edge id="bottom">
            <lane id="bottom_0">
                <vehicle id="cfm_slow_4" pos="16.51" speed="46.69"/>
            </lane>
        </edge>
        <edge id="left">
            <lane id="left_0">
                <vehicle id="cfm_slow_3" pos="26.64" speed="46.76"/>
            </lane>
        </edge>
        <edge id="right">
            <lane id="right_0">
                <vehicle id="cfm_slow_0" pos="6.40" speed="46.79"/>
                <vehicle id="cfm_slow_1" pos="46.36" speed="47.04"/>
            </lane>
        </edge>
        <edge id="top">
            <lane id="top_0">
                <vehicle id="cfm_slow_2" pos="36.55" speed="46.98"/>
            </lane>
        </edge>
    </timestep>
    <timestep time="7.43">
        <edge id="bottom">
            <lane id="bottom_0">
                <vehicle id="cfm_slow_4" pos="16.98" speed="46.69"/>
            </lane>
        </edge>
        <edge id="left">
            <lane id="left_0">
                <vehicle id="cfm_slow_3" pos="27.11" speed="46.76"/>
            </lane>
        </edge>
        <edge id="right">
            <lane id="right_0">
                <vehicle id="cfm_slow_0" pos="6.87" speed="46.79"/>
                <vehicle id="cfm_slow_1" pos="46.83" speed="47.04"/>
            </lane>
        </edge>
        <edge id="top">
            <lane id="top_0">
                <vehicle id="cfm_slow_2" pos="37.02" speed="46.98"/>
            </lane>
        </edge>
    </timestep>
    <timestep time="7.44">
        <edge id="bottom">
            <lane id="bottom_0">
                <vehicle id="cfm_slow_4" pos="17.45" speed="46.69"/>
            </lane>
        </edge>
        <edge id="left">
            <lane id="left_0">
                <vehicle id="cfm_slow_3" pos="27.58" speed="46.76"/>
            </lane>
        </edge>
        <edge id="right">
            <lane id="right_0">
                <vehicle id="cfm_slow_0" pos="7.34" speed="46.80"/>
                <vehicle id="cfm_slow_1" pos="47.30" speed="47.04"/>
            </lane>
        </edge>
        <edge id="top">
            <lane id="top_0">
                <vehicle id="cfm_slow_2" pos="37.48" speed="46.97"/>
            </lane>
        </edge>
    </timestep>
    <timestep time="7.45">
        <edge id="bottom">
            <lane id="bottom_0">
                <vehicle id="cfm_slow_4" pos="17.91" speed="46.69"/>
            </lane>
        </edge>
        <edge id="left">
            <lane id="left_0">
                <vehicle id="cfm_slow_3" pos="28.05" speed="46.76"/>
            </lane>
        </edge>
        <edge id="right">
            <lane id="right_0">
                <vehicle id="cfm_slow_0" pos="7.80" speed="46.80"/>
                <vehicle id="cfm_slow_1" pos="47.77" speed="47.04"/>
            </lane>
        </edge>
        <edge id="top">
            <lane id="top_0">
                <vehicle id="cfm_slow_2" pos="37.95" speed="46.97"/>
            </lane>
        </edge>
    </timestep>
    <timestep time="7.46">
        <edge id="bottom">
            <lane id="bottom_0">
                <vehicle id="cfm_slow_4" pos="18.38" speed="46.70"/>
            </lane>
        </edge>
        <edge id="left">
            <lane id="left_0">
                <vehicle id="cfm_slow_3" pos="28.51" speed="46.76"/>
            </lane>
        </edge>
        <edge id="right">
            <lane id="right_0">
                <vehicle id="cfm_slow_0" pos="8.27" speed="46.80"/>
                <vehicle id="cfm_slow_1" pos="48.24" speed="47.04"/>
            </lane>
        </edge>
        <edge id="top">
            <lane id="top_0">
                <vehicle id="cfm_slow_2" pos="38.42" speed="46.97"/>
            </lane>
        </edge>
    </timestep>
    <timestep time="7.47">
        <edge id="bottom">
            <lane id="bottom_0">
                <vehicle id="cfm_slow_4" pos="18.85" speed="46.70"/>
            </lane>
        </edge>
        <edge id="left">
            <lane id="left_0">
                <vehicle id="cfm_slow_3" pos="28.98" speed="46.76"/>
            </lane>
        </edge>
        <edge id="right">
            <lane id="right_0">
                <vehicle id="cfm_slow_0" pos="8.74" speed="46.81"/>
                <vehicle id="cfm_slow_1" pos="48.71" speed="47.04"/>
            </lane>
        </edge>
        <edge id="top">
            <lane id="top_0">
                <vehicle id="cfm_slow_2" pos="38.89" speed="46.97"/>
            </lane>
        </edge>
    </timestep>
    <timestep time="7.48">
        <edge id="bottom">
            <lane id="bottom_0">
                <vehicle id="cfm_slow_4" pos="19.32" speed="46.70"/>
            </lane>
        </edge>
        <edge id="left">
            <lane id="left_0">
                <vehicle id="cfm_slow_3" pos="29.45" speed="46.76"/>
            </lane>
        </edge>
        <edge id="right">
            <lane id="right_0">
                <vehicle id="cfm_slow_0" pos="9.21" speed="46.81"/>
                <vehicle id="cfm_slow_1" pos="49.18" speed="47.04"/>
            </lane>
        </edge>
        <edge id="top">
            <lane id="top_0">
                <vehicle id="cfm_slow_2" pos="39.36" speed="46.97"/>
            </lane>
        </edge>
    </timestep>
    <timestep time="7.49">
        <edge id="bottom">
            <lane id="bottom_0">
                <vehicle id="cfm_slow_4" pos="19.78" speed="46.71"/>
            </lane>
        </edge>
        <edge id="left">
            <lane id="left_0">
                <vehicle id="cfm_slow_3" pos="29.92" speed="46.76"/>
            </lane>
        </edge>
        <edge id="right">
            <lane id="right_0">
                <vehicle id="cfm_slow_0" pos="9.68" speed="46.81"/>
                <vehicle id="cfm_slow_1" pos="49.65" speed="47.04"/>
            </lane>
        </edge>
        <edge id="top">
            <lane id="top_0">
                <vehicle id="cfm_slow_2" pos="39.83" speed="46.97"/>
            </lane>
        </edge>
    </timestep>
    <timestep time="7.50">
        <edge id="bottom">
            <lane id="bottom_0">
                <vehicle id="cfm_slow_4" pos="20.25" speed="46.71"/>
            </lane>
        </edge>
        <edge id="left">
            <lane id="left_0">
                <vehicle id="cfm_slow_3" pos="30.38" speed="46.76"/>
            </lane>
        </edge>
        <edge id="right">
            <lane id="right_0">
                <vehicle id="cfm_slow_0" pos="10.15" speed="46.82"/>
            </lane>
        </edge>
        <edge id="top">
            <lane id="top_0">
                <vehicle id="cfm_slow_1" pos="0.12" speed="47.04"/>
                <vehicle id="cfm_slow_2" pos="40.30" speed="46.97"/>
            </lane>
        </edge>
    </timestep>
    <timestep time="7.51">
        <edge id="bottom">
            <lane id="bottom_0">
                <vehicle id="cfm_slow_4" pos="20.72" speed="46.71"/>
            </lane>
        </edge>
        <edge id="left">
            <lane id="left_0">
                <vehicle id="cfm_slow_3" pos="30.85" speed="46.76"/>
            </lane>
        </edge>
        <edge id="right">
            <lane id="right_0">
                <vehicle id="cfm_slow_0" pos="10.61" speed="46.82"/>
            </lane>
        </edge>
        <edge id="top">
            <lane id="top_0">
                <vehicle id="cfm_slow_1" pos="0.59" speed="47.04"/>
                <vehicle id="cfm_slow_2" pos="40.77" speed="46.97"/>
            </lane>
        </edge>
    </timestep>
    <timestep time="7.52">
        <edge id="bottom">
            <lane id="bottom_0">
                <vehicle id="cfm_slow_4" pos="21.18" speed="46.71"/>
            </lane>
        </edge>
        <edge id="left">
            <lane id="left_0">
                <vehicle id="cfm_slow_3" pos="31.32" speed="46.76"/>
            </lane>
        </edge>
        <edge id="right">
            <lane id="right_0">
                <vehicle id="cfm_slow_0" pos="11.08" speed="46.82"/>
            </lane>
        </edge>
        <edge id="top">
            <lane id="top_0">
                <vehicle id="cfm_slow_1" pos="1.06" speed="47.04"/>
                <vehicle id="cfm_slow_2" pos="41.24" speed="46.97"/>
            </lane>
        </edge>
    </timestep>
    <timestep time="7.53">
        <edge id="bottom">
            <lane id="bottom_0">
                <vehicle id="cfm_slow_4" pos="21.65" speed="46.72"/>
            </lane>
        </edge>
        <edge id="left">
            <lane id="left_0">
                <vehicle id="cfm_slow_3" pos="31.79" speed="46.77"/>
            </lane>
        </edge>
        <edge id="right">
            <lane id="right_0">
                <vehicle id="cfm_slow_0" pos="11.55" speed="46.83"/>
            </lane>
        </edge>
        <edge id="top">
            <lane id="top_0">
                <vehicle id="cfm_slow_1" pos="1.54" speed="47.04"/>
                <vehicle id="cfm_slow_2" pos="41.71" speed="46.97"/>
            </lane>
        </edge>
    </timestep>
    <timestep time="7.54">
        <edge id="bottom">
            <lane id="bottom_0">
                <vehicle id="cfm_slow_4" pos="22.12" speed="46.72"/>
            </lane>
        </edge>
        <edge id="left">
            <lane id="left_0">
                <vehicle id="cfm_slow_3" pos="32.25" speed="46.77"/>
            </lane>
        </edge>
        <edge id="right">
            <lane id="right_0">
                <vehicle id="cfm_slow_0" pos="12.02" speed="46.83"/>
            </lane>
        </edge>
        <edge id="top">
            <lane id="top_0">
                <vehicle id="cfm_slow_1" pos="2.01" speed="47.04"/>
                <vehicle id="cfm_slow_2" pos="42.18" speed="46.97"/>
            </lane>
        </edge>
    </timestep>
    <timestep time="7.55">
        <edge id="bottom">
            <lane id="bottom_0">
                <vehicle id="cfm_slow_4" pos="22.59" speed="46.72"/>
            </lane>
        </edge>
        <edge id="left">
            <lane id="left_0">
                <vehicle id="cfm_slow_3" pos="32.72" speed="46.77"/>
            </lane>
        </edge>
        <edge id="right">
            <lane id="right_0">
                <vehicle id="cfm_slow_0" pos="12.49" speed="46.84"/>
            </lane>
        </edge>
        <edge id="top">
            <lane id="top_0">
                <vehicle id="cfm_slow_1" pos="2.48" speed="47.04"/>
                <vehicle id="cfm_slow_2" pos="42.65" speed="46.96"/>
            </lane>
        </edge>
    </timestep>
    <timestep time="7.56">
        <edge id="bottom">
            <lane id="bottom_0">
                <vehicle id="cfm_slow_4" pos="23.05" speed="46.72"/>
            </lane>
        </edge>
        <edge id="left">
            <lane id="left_0">
                <vehicle id="cfm_slow_3" pos="33.19" speed="46.77"/>
            </lane>
        </edge>
        <edge id="right">
            <lane id="right_0">
                <vehicle id="cfm_slow_0" pos="12.96" speed="46.84"/>
            </lane>
        </edge>
        <edge id="top">
            <lane id="top_0">
                <vehicle id="cfm_slow_1" pos="2.95" speed="47.04"/>
                <vehicle id="cfm_slow_2" pos="43.12" speed="46.96"/>
            </lane>
        </edge>
    </timestep>
    <timestep time="7.57">
        <edge id="bottom">
            <lane id="bottom_0">
                <vehicle id="cfm_slow_4" pos="23.52" speed="46.73"/>
            </lane>
        </edge>
        <edge id="left">
            <lane id="left_0">
                <vehicle id="cfm_slow_3" pos="33.66" speed="46.77"/>
            </lane>
        </edge>
        <edge id="right">
            <lane id="right_0">
                <vehicle id="cfm_slow_0" pos="13.42" speed="46.84"/>
            </lane>
        </edge>
        <edge id="top">
            <lane id="top_0">
                <vehicle id="cfm_slow_1" pos="3.42" speed="47.04"/>
                <vehicle id="cfm_slow_2" pos="43.59" speed="46.96"/>
            </lane>
        </edge>
    </timestep>
    <timestep time="7.58">
        <edge id="bottom">
            <lane id="bottom_0">
                <vehicle id="cfm_slow_4" pos="23.99" speed="46.73"/>
            </lane>
        </edge>
        <edge id="left">
            <lane id="left_0">
                <vehicle id="cfm_slow_3" pos="34.13" speed="46.77"/>
            </lane>
        </edge>
        <edge id="right">
            <lane id="right_0">
                <vehicle id="cfm_slow_0" pos="13.89" speed="46.84"/>
            </lane>
        </edge>
        <edge id="top">
            <lane id="top_0">
                <vehicle id="cfm_slow_1" pos="3.89" speed="47.05"/>
                <vehicle id="cfm_slow_2" pos="44.06" speed="46.96"/>
            </lane>
        </edge>
    </timestep>
    <timestep time="7.59">
        <edge id="bottom">
            <lane id="bottom_0">
                <vehicle id="cfm_slow_4" pos="24.46" speed="46.73"/>
            </lane>
        </edge>
        <edge id="left">
            <lane id="left_0">
                <vehicle id="cfm_slow_3" pos="34.59" speed="46.77"/>
            </lane>
        </edge>
        <edge id="right">
            <lane id="right_0">
                <vehicle id="cfm_slow_0" pos="14.36" speed="46.85"/>
            </lane>
        </edge>
        <edge id="top">
            <lane id="top_0">
                <vehicle id="cfm_slow_1" pos="4.36" speed="47.05"/>
                <vehicle id="cfm_slow_2" pos="44.53" speed="46.96"/>
            </lane>
        </edge>
    </timestep>
    <timestep time="7.60">
        <edge id="bottom">
            <lane id="bottom_0">
                <vehicle id="cfm_slow_4" pos="24.92" speed="46.74"/>
            </lane>
        </edge>
        <edge id="left">
            <lane id="left_0">
                <vehicle id="cfm_slow_3" pos="35.06" speed="46.77"/>
            </lane>
        </edge>
        <edge id="right">
            <lane id="right_0">
                <vehicle id="cfm_slow_0" pos="14.83" speed="46.85"/>
            </lane>
        </edge>
        <edge id="top">
            <lane id="top_0">
                <vehicle id="cfm_slow_1" pos="4.83" speed="47.05"/>
                <vehicle id="cfm_slow_2" pos="45.00" speed="46.96"/>
            </lane>
        </edge>
    </timestep>
    <timestep time="7.61">
        <edge id="bottom">
            <lane id="bottom_0">
                <vehicle id="cfm_slow_4" pos="25.39" speed="46.74"/>
            </lane>
        </edge>
        <edge id="left">
            <lane id="left_0">
                <vehicle id="cfm_slow_3" pos="35.53" speed="46.77"/>
            </lane>
        </edge>
        <edge id="right">
            <lane id="right_0">
                <vehicle id="cfm_slow_0" pos="15.30" speed="46.85"/>
            </lane>
        </edge>
        <edge id="top">
            <lane id="top_0">
                <vehicle id="cfm_slow_1" pos="5.30" speed="47.05"/>
                <vehicle id="cfm_slow_2" pos="45.47" speed="46.96"/>
            </lane>
        </edge>
    </timestep>
    <timestep time="7.62">
        <edge id="bottom">
            <lane id="bottom_0">
                <vehicle id="cfm_slow_4" pos="25.86" speed="46.74"/>
            </lane>
        </edge>
        <edge id="left">
            <lane id="left_0">
                <vehicle id="cfm_slow_3" pos="36.00" speed="46.77"/>
            </lane>
        </edge>
        <edge id="right">
            <lane id="right_0">
                <vehicle id="cfm_slow_0" pos="15.77" speed="46.86"/>
            </lane>
        </edge>
        <edge id="top">
            <lane id="top_0">
                <vehicle id="cfm_slow_1" pos="5.77" speed="47.05"/>
                <vehicle id="cfm_slow_2" pos="45.94" speed="46.96"/>
            </lane>
        </edge>
    </timestep>
    <timestep time="7.63">
        <edge id="bottom">
            <lane id="bottom_0">
                <vehicle id="cfm_slow_4" pos="26.32" speed="46.74"/>
            </lane>
        </edge>
        <edge id="left">
            <lane id="left_0">
                <vehicle id="cfm_slow_3" pos="36.46" speed="46.77"/>
            </lane>
        </edge>
        <edge id="right">
            <lane id="right_0">
                <vehicle id="cfm_slow_0" pos="16.23" speed="46.86"/>
            </lane>
        </edge>
        <edge id="top">
            <lane id="top_0">
                <vehicle id="cfm_slow_1" pos="6.24" speed="47.05"/>
                <vehicle id="cfm_slow_2" pos="46.41" speed="46.96"/>
            </lane>
        </edge>
    </timestep>
    <timestep time="7.64">
        <edge id="bottom">
            <lane id="bottom_0">
                <vehicle id="cfm_slow_4" pos="26.79" speed="46.75"/>
            </lane>
        </edge>
        <edge id="left">
            <lane id="left_0">
                <vehicle id="cfm_slow_3" pos="36.93" speed="46.77"/>
            </lane>
        </edge>
        <edge id="right">
            <lane id="right_0">
                <vehicle id="cfm_slow_0" pos="16.70" speed="46.86"/>
            </lane>
        </edge>
        <edge id="top">
            <lane id="top_0">
                <vehicle id="cfm_slow_1" pos="6.71" speed="47.05"/>
                <vehicle id="cfm_slow_2" pos="46.88" speed="46.96"/>
            </lane>
        </edge>
    </timestep>
    <timestep time="7.65">
        <edge id="bottom">
            <lane id="bottom_0">
                <vehicle id="cfm_slow_4" pos="27.26" speed="46.75"/>
            </lane>
        </edge>
        <edge id="left">
            <lane id="left_0">
                <vehicle id="cfm_slow_3" pos="37.40" speed="46.77"/>
            </lane>
        </edge>
        <edge id="right">
            <lane id="right_0">
                <vehicle id="cfm_slow_0" pos="17.17" speed="46.87"/>
            </lane>
        </edge>
        <edge id="top">
            <lane id="top_0">
                <vehicle id="cfm_slow_1" pos="7.18" speed="47.05"/>
                <vehicle id="cfm_slow_2" pos="47.35" speed="46.96"/>
            </lane>
        </edge>
    </timestep>
    <timestep time="7.66">
        <edge id="bottom">
            <lane id="bottom_0">
                <vehicle id="cfm_slow_4" pos="27.73" speed="46.75"/>
            </lane>
        </edge>
        <edge id="left">
            <lane id="left_0">
                <vehicle id="cfm_slow_3" pos="37.87" speed="46.77"/>
            </lane>
        </edge>
        <edge id="right">
            <lane id="right_0">
                <vehicle id="cfm_slow_0" pos="17.64" speed="46.87"/>
            </lane>
        </edge>
        <edge id="top">
            <lane id="top_0">
                <vehicle id="cfm_slow_1" pos="7.65" speed="47.05"/>
                <vehicle id="cfm_slow_2" pos="47.82" speed="46.96"/>
            </lane>
        </edge>
    </timestep>
    <timestep time="7.67">
        <edge id="bottom">
            <lane id="bottom_0">
                <vehicle id="cfm_slow_4" pos="28.19" speed="46.75"/>
            </lane>
        </edge>
        <edge id="left">
            <lane id="left_0">
                <vehicle id="cfm_slow_3" pos="38.33" speed="46.77"/>
            </lane>
        </edge>
        <edge id="right">
            <lane id="right_0">
                <vehicle id="cfm_slow_0" pos="18.11" speed="46.87"/>
            </lane>
        </edge>
        <edge id="top">
            <lane id="top_0">
                <vehicle id="cfm_slow_1" pos="8.12" speed="47.05"/>
                <vehicle id="cfm_slow_2" pos="48.29" speed="46.95"/>
            </lane>
        </edge>
    </timestep>
    <timestep time="7.68">
        <edge id="bottom">
            <lane id="bottom_0">
                <vehicle id="cfm_slow_4" pos="28.66" speed="46.76"/>
            </lane>
        </edge>
        <edge id="left">
            <lane id="left_0">
                <vehicle id="cfm_slow_3" pos="38.80" speed="46.77"/>
            </lane>
        </edge>
        <edge id="right">
            <lane id="right_0">
                <vehicle id="cfm_slow_0" pos="18.58" speed="46.88"/>
            </lane>
        </edge>
        <edge id="top">
            <lane id="top_0">
                <vehicle id="cfm_slow_1" pos="8.59" speed="47.05"/>
                <vehicle id="cfm_slow_2" pos="48.76" speed="46.95"/>
            </lane>
        </edge>
    </timestep>
    <timestep time="7.69">
        <edge id="bottom">
            <lane id="bottom_0">
                <vehicle id="cfm_slow_4" pos="29.13" speed="46.76"/>
            </lane>
        </edge>
        <edge id="left">
            <lane id="left_0">
                <vehicle id="cfm_slow_3" pos="39.27" speed="46.77"/>
            </lane>
        </edge>
        <edge id="right">
            <lane id="right_0">
                <vehicle id="cfm_slow_0" pos="19.05" speed="46.88"/>
            </lane>
        </edge>
        <edge id="top">
            <lane id="top_0">
                <vehicle id="cfm_slow_1" pos="9.06" speed="47.05"/>
                <vehicle id="cfm_slow_2" pos="49.23" speed="46.95"/>
            </lane>
        </edge>
    </timestep>
    <timestep time="7.70">
        <edge id="bottom">
            <lane id="bottom_0">
                <vehicle id="cfm_slow_4" pos="29.60" speed="46.76"/>
            </lane>
        </edge>
        <edge id="left">
            <lane id="left_0">
                <vehicle id="cfm_slow_3" pos="39.74" speed="46.77"/>
            </lane>
        </edge>
        <edge id="right">
            <lane id="right_0">
                <vehicle id="cfm_slow_0" pos="19.52" speed="46.88"/>
            </lane>
        </edge>
        <edge id="top">
            <lane id="top_0">
                <vehicle id="cfm_slow_1" pos="9.53" speed="47.05"/>
                <vehicle id="cfm_slow_2" pos="49.70" speed="46.95"/>
            </lane>
        </edge>
    </timestep>
    <timestep time="7.71">
        <edge id="bottom">
            <lane id="bottom_0">
                <vehicle id="cfm_slow_4" pos="30.07" speed="46.76"/>
            </lane>
        </edge>
        <edge id="left">
            <lane id="left_0">
                <vehicle id="cfm_slow_2" pos="0.16" speed="46.95"/>
                <vehicle id="cfm_slow_3" pos="40.21" speed="46.78"/>
            </lane>
        </edge>
        <edge id="right">
            <lane id="right_0">
                <vehicle id="cfm_slow_0" pos="19.98" speed="46.88"/>
            </lane>
        </edge>
        <edge id="top">
            <lane id="top_0">
                <vehicle id="cfm_slow_1" pos="10.00" speed="47.05"/>
            </lane>
        </edge>
    </timestep>
    <timestep time="7.72">
        <edge id="bottom">
            <lane id="bottom_0">
                <vehicle id="cfm_slow_4" pos="30.53" speed="46.77"/>
            </lane>
        </edge>
        <edge id="left">
            <lane id="left_0">
                <vehicle id="cfm_slow_2" pos="0.63" speed="46.95"/>
                <vehicle id="cfm_slow_3" pos="40.67" speed="46.78"/>
            </lane>
        </edge>
        <edge id="right">
            <lane id="right_0">
                <vehicle id="cfm_slow_0" pos="20.45" speed="46.89"/>
            </lane>
        </edge>
        <edge id="top">
            <lane id="top_0">
                <vehicle id="cfm_slow_1" pos="10.47" speed="47.05"/>
            </lane>
        </edge>
    </timestep>
    <timestep time="7.73">
        <edge id="bottom">
            <lane id="bottom_0">
                <vehicle id="cfm_slow_4" pos="31.00" speed="46.77"/>
            </lane>
        </edge>
        <edge id="left">
            <lane id="left_0">
                <vehicle id="cfm_slow_2" pos="1.10" speed="46.95"/>
                <vehicle id="cfm_slow_3" pos="41.14" speed="46.78"/>
            </lane>
        </edge>
        <edge id="right">
            <lane id="right_0">
                <vehicle id="cfm_slow_0" pos="20.92" speed="46.89"/>
            </lane>
        </edge>
        <edge id="top">
            <lane id="top_0">
                <vehicle id="cfm_slow_1" pos="10.94" speed="47.05"/>
            </lane>
        </edge>
    </timestep>
    <timestep time="7.74">
        <edge id="bottom">
            <lane id="bottom_0">
                <vehicle id="cfm_slow_4" pos="31.47" speed="46.77"/>
            </lane>
        </edge>
        <edge id="left">
            <lane id="left_0">
                <vehicle id="cfm_slow_2" pos="1.57" speed="46.95"/>
                <vehicle id="cfm_slow_3" pos="41.61" speed="46.78"/>
            </lane>
        </edge>
        <edge id="right">
            <lane id="right_0">
                <vehicle id="cfm_slow_0" pos="21.39" speed="46.89"/>
            </lane>
        </edge>
        <edge id="top">
            <lane id="top_0">
                <vehicle id="cfm_slow_1" pos="11.41" speed="47.05"/>
            </lane>
        </edge>
    </timestep>
    <timestep time="7.75">
        <edge id="bottom">
            <lane id="bottom_0">
                <vehicle id="cfm_slow_4" pos="31.94" speed="46.77"/>
            </lane>
        </edge>
        <edge id="left">
            <lane id="left_0">
                <vehicle id="cfm_slow_2" pos="2.04" speed="46.95"/>
                <vehicle id="cfm_slow_3" pos="42.08" speed="46.78"/>
            </lane>
        </edge>
        <edge id="right">
            <lane id="right_0">
                <vehicle id="cfm_slow_0" pos="21.86" speed="46.89"/>
            </lane>
        </edge>
        <edge id="top">
            <lane id="top_0">
                <vehicle id="cfm_slow_1" pos="11.89" speed="47.05"/>
            </lane>
        </edge>
    </timestep>
    <timestep time="7.76">
        <edge id="bottom">
            <lane id="bottom_0">
                <vehicle id="cfm_slow_4" pos="32.40" speed="46.78"/>
            </lane>
        </edge>
        <edge id="left">
            <lane id="left_0">
                <vehicle id="cfm_slow_2" pos="2.51" speed="46.95"/>
                <vehicle id="cfm_slow_3" pos="42.54" speed="46.78"/>
            </lane>
        </edge>
        <edge id="right">
            <lane id="right_0">
                <vehicle id="cfm_slow_0" pos="22.33" speed="46.90"/>
            </lane>
        </edge>
        <edge id="top">
            <lane id="top_0">
                <vehicle id="cfm_slow_1" pos="12.36" speed="47.05"/>
            </lane>
        </edge>
    </timestep>
    <timestep time="7.77">
        <edge id="bottom">
            <lane id="bottom_0">
                <vehicle id="cfm_slow_4" pos="32.87" speed="46.78"/>
            </lane>
        </edge>
        <edge id="left">
            <lane id="left_0">
                <vehicle id="cfm_slow_2" pos="2.98" speed="46.95"/>
                <vehicle id="cfm_slow_3" pos="43.01" speed="46.78"/>
            </lane>
        </edge>
        <edge id="right">
            <lane id="right_0">
                <vehicle id="cfm_slow_0" pos="22.80" speed="46.90"/>
            </lane>
        </edge>
        <edge id="top">
            <lane id="top_0">
                <vehicle id="cfm_slow_1" pos="12.83" speed="47.05"/>
            </lane>
        </edge>
    </timestep>
    <timestep time="7.78">
        <edge id="bottom">
            <lane id="bottom_0">
                <vehicle id="cfm_slow_4" pos="33.34" speed="46.78"/>
            </lane>
        </edge>
        <edge id="left">
            <lane id="left_0">
                <vehicle id="cfm_slow_2" pos="3.45" speed="46.95"/>
                <vehicle id="cfm_slow_3" pos="43.48" speed="46.78"/>
            </lane>
        </edge>
        <edge id="right">
            <lane id="right_0">
                <vehicle id="cfm_slow_0" pos="23.27" speed="46.90"/>
            </lane>
        </edge>
        <edge id="top">
            <lane id="top_0">
                <vehicle id="cfm_slow_1" pos="13.30" speed="47.05"/>
            </lane>
        </edge>
    </timestep>
    <timestep time="7.79">
        <edge id="bottom">
            <lane id="bottom_0">
                <vehicle id="cfm_slow_4" pos="33.81" speed="46.78"/>
            </lane>
        </edge>
        <edge id="left">
            <lane id="left_0">
                <vehicle id="cfm_slow_2" pos="3.92" speed="46.95"/>
                <vehicle id="cfm_slow_3" pos="43.95" speed="46.78"/>
            </lane>
        </edge>
        <edge id="right">
            <lane id="right_0">
                <vehicle id="cfm_slow_0" pos="23.74" speed="46.90"/>
            </lane>
        </edge>
        <edge id="top">
            <lane id="top_0">
                <vehicle id="cfm_slow_1" pos="13.77" speed="47.05"/>
            </lane>
        </edge>
    </timestep>
    <timestep time="7.80">
        <edge id="bottom">
            <lane id="bottom_0">
                <vehicle id="cfm_slow_4" pos="34.27" speed="46.79"/>
            </lane>
        </edge>
        <edge id="left">
            <lane id="left_0">
                <vehicle id="cfm_slow_2" pos="4.39" speed="46.94"/>
                <vehicle id="cfm_slow_3" pos="44.42" speed="46.78"/>
            </lane>
        </edge>
        <edge id="right">
            <lane id="right_0">
                <vehicle id="cfm_slow_0" pos="24.21" speed="46.91"/>
            </lane>
        </edge>
        <edge id="top">
            <lane id="top_0">
                <vehicle id="cfm_slow_1" pos="14.24" speed="47.05"/>
            </lane>
        </edge>
    </timestep>
    <timestep time="7.81">
        <edge id="bottom">
            <lane id="bottom_0">
                <vehicle id="cfm_slow_4" pos="34.74" speed="46.79"/>
            </lane>
        </edge>
        <edge id="left">
            <lane id="left_0">
                <vehicle id="cfm_slow_2" pos="4.86" speed="46.94"/>
                <vehicle id="cfm_slow_3" pos="44.88" speed="46.78"/>
            </lane>
        </edge>
        <edge id="right">
            <lane id="right_0">
                <vehicle id="cfm_slow_0" pos="24.67" speed="46.91"/>
            </lane>
        </edge>
        <edge id="top">
            <lane id="top_0">
                <vehicle id="cfm_slow_1" pos="14.71" speed="47.05"/>
            </lane>
        </edge>
    </timestep>
    <timestep time="7.82">
        <edge id="bottom">
            <lane id="bottom_0">
                <vehicle id="cfm_slow_4" pos="35.21" speed="46.79"/>
            </lane>
        </edge>
        <edge id="left">
            <lane id="left_0">
                <vehicle id="cfm_slow_2" pos="5.33" speed="46.94"/>
                <vehicle id="cfm_slow_3" pos="45.35" speed="46.78"/>
            </lane>
        </edge>
        <edge id="right">
            <lane id="right_0">
                <vehicle id="cfm_slow_0" pos="25.14" speed="46.91"/>
            </lane>
        </edge>
        <edge id="top">
            <lane id="top_0">
                <vehicle id="cfm_slow_1" pos="15.18" speed="47.05"/>
            </lane>
        </edge>
    </timestep>
    <timestep time="7.83">
        <edge id="bottom">
            <lane id="bottom_0">
                <vehicle id="cfm_slow_4" pos="35.68" speed="46.79"/>
            </lane>
        </edge>
        <edge id="left">
            <lane id="left_0">
                <vehicle id="cfm_slow_2" pos="5.80" speed="46.94"/>
                <vehicle id="cfm_slow_3" pos="45.82" speed="46.78"/>
            </lane>
        </edge>
        <edge id="right">
            <lane id="right_0">
                <vehicle id="cfm_slow_0" pos="25.61" speed="46.91"/>
            </lane>
        </edge>
        <edge id="top">
            <lane id="top_0">
                <vehicle id="cfm_slow_1" pos="15.65" speed="47.05"/>
            </lane>
        </edge>
    </timestep>
    <timestep time="7.84">
        <edge id="bottom">
            <lane id="bottom_0">
                <vehicle id="cfm_slow_4" pos="36.15" speed="46.80"/>
            </lane>
        </edge>
        <edge id="left">
            <lane id="left_0">
                <vehicle id="cfm_slow_2" pos="6.27" speed="46.94"/>
                <vehicle id="cfm_slow_3" pos="46.29" speed="46.78"/>
            </lane>
        </edge>
        <edge id="right">
            <lane id="right_0">
                <vehicle id="cfm_slow_0" pos="26.08" speed="46.92"/>
            </lane>
        </edge>
        <edge id="top">
            <lane id="top_0">
                <vehicle id="cfm_slow_1" pos="16.12" speed="47.05"/>
            </lane>
        </edge>
    </timestep>
    <timestep time="7.85">
        <edge id="bottom">
            <lane id="bottom_0">
                <vehicle id="cfm_slow_4" pos="36.61" speed="46.80"/>
            </lane>
        </edge>
        <edge id="left">
            <lane id="left_0">
                <vehicle id="cfm_slow_2" pos="6.74" speed="46.94"/>
                <vehicle id="cfm_slow_3" pos="46.76" speed="46.79"/>
            </lane>
        </edge>
        <edge id="right">
            <lane id="right_0">
                <vehicle id="cfm_slow_0" pos="26.55" speed="46.92"/>
            </lane>
        </edge>
        <edge id="top">
            <lane id="top_0">
                <vehicle id="cfm_slow_1" pos="16.59" speed="47.05"/>
            </lane>
        </edge>
    </timestep>
    <timestep time="7.86">
        <edge id="bottom">
            <lane id="bottom_0">
                <vehicle id="cfm_slow_4" pos="37.08" speed="46.80"/>
            </lane>
        </edge>
        <edge id="left">
            <lane id="left_0">
                <vehicle id="cfm_slow_2" pos="7.21" speed="46.94"/>
                <vehicle id="cfm_slow_3" pos="47.22" speed="46.79"/>
            </lane>
        </edge>
        <edge id="right">
            <lane id="right_0">
                <vehicle id="cfm_slow_0" pos="27.02" speed="46.92"/>
            </lane>
        </edge>
        <edge id="top">
            <lane id="top_0">
                <vehicle id="cfm_slow_1" pos="17.06" speed="47.05"/>
            </lane>
        </edge>
    </timestep>
    <timestep time="7.87">
        <edge id="bottom">
            <lane id="bottom_0">
                <vehicle id="cfm_slow_4" pos="37.55" speed="46.80"/>
            </lane>
        </edge>
        <edge id="left">
            <lane id="left_0">
                <vehicle id="cfm_slow_2" pos="7.68" speed="46.94"/>
                <vehicle id="cfm_slow_3" pos="47.69" speed="46.79"/>
            </lane>
        </edge>
        <edge id="right">
            <lane id="right_0">
                <vehicle id="cfm_slow_0" pos="27.49" speed="46.92"/>
            </lane>
        </edge>
        <edge id="top">
            <lane id="top_0">
                <vehicle id="cfm_slow_1" pos="17.53" speed="47.05"/>
            </lane>
        </edge>
    </timestep>
    <timestep time="7.88">
        <edge id="bottom">
            <lane id="bottom_0">
                <vehicle id="cfm_slow_4" pos="38.02" speed="46.80"/>
            </lane>
        </edge>
        <edge id="left">
            <lane id="left_0">
                <vehicle id="cfm_slow_2" pos="8.15" speed="46.94"/>
                <vehicle id="cfm_slow_3" pos="48.16" speed="46.79"/>
            </lane>
        </edge>
        <edge id="right">
            <lane id="right_0">
                <vehicle id="cfm_slow_0" pos="27.96" speed="46.93"/>
            </lane>
        </edge>
        <edge id="top">
            <lane id="top_0">
                <vehicle id="cfm_slow_1" pos="18.00" speed="47.05"/>
            </lane>
        </edge>
    </timestep>
    <timestep time="7.89">
        <edge id="bottom">
            <lane id="bottom_0">
                <vehicle id="cfm_slow_4" pos="38.49" speed="46.81"/>
            </lane>
        </edge>
        <edge id="left">
            <lane id="left_0">
                <vehicle id="cfm_slow_2" pos="8.61" speed="46.94"/>
                <vehicle id="cfm_slow_3" pos="48.63" speed="46.79"/>
            </lane>
        </edge>
        <edge id="right">
            <lane id="right_0">
                <vehicle id="cfm_slow_0" pos="28.43" speed="46.93"/>
            </lane>
        </edge>
        <edge id="top">
            <lane id="top_0">
                <vehicle id="cfm_slow_1" pos="18.47" speed="47.05"/>
            </lane>
        </edge>
    </timestep>
    <timestep time="7.90">
        <edge id="bottom">
            <lane id="bottom_0">
                <vehicle id="cfm_slow_4" pos="38.95" speed="46.81"/>
            </lane>
        </edge>
        <edge id="left">
            <lane id="left_0">
                <vehicle id="cfm_slow_2" pos="9.08" speed="46.94"/>
                <vehicle id="cfm_slow_3" pos="49.09" speed="46.79"/>
            </lane>
        </edge>
        <edge id="right">
            <lane id="right_0">
                <vehicle id="cfm_slow_0" pos="28.90" speed="46.93"/>
            </lane>
        </edge>
        <edge id="top">
            <lane id="top_0">
                <vehicle id="cfm_slow_1" pos="18.94" speed="47.05"/>
            </lane>
        </edge>
    </timestep>
    <timestep time="7.91">
        <edge id="bottom">
            <lane id="bottom_0">
                <vehicle id="cfm_slow_4" pos="39.42" speed="46.81"/>
            </lane>
        </edge>
        <edge id="left">
            <lane id="left_0">
                <vehicle id="cfm_slow_2" pos="9.55" speed="46.94"/>
                <vehicle id="cfm_slow_3" pos="49.56" speed="46.79"/>
            </lane>
        </edge>
        <edge id="right">
            <lane id="right_0">
                <vehicle id="cfm_slow_0" pos="29.37" speed="46.93"/>
            </lane>
        </edge>
        <edge id="top">
            <lane id="top_0">
                <vehicle id="cfm_slow_1" pos="19.41" speed="47.05"/>
            </lane>
        </edge>
    </timestep>
    <timestep time="7.92">
        <edge id="bottom">
            <lane id="bottom_0">
                <vehicle id="cfm_slow_3" pos="0.03" speed="46.79"/>
                <vehicle id="cfm_slow_4" pos="39.89" speed="46.81"/>
            </lane>
        </edge>
        <edge id="left">
            <lane id="left_0">
                <vehicle id="cfm_slow_2" pos="10.02" speed="46.94"/>
            </lane>
        </edge>
        <edge id="right">
            <lane id="right_0">
                <vehicle id="cfm_slow_0" pos="29.84" speed="46.93"/>
            </lane>
        </edge>
        <edge id="top">
            <lane id="top_0">
                <vehicle id="cfm_slow_1" pos="19.88" speed="47.05"/>
            </lane>
        </edge>
    </timestep>
    <timestep time="7.93">
        <edge id="bottom">
            <lane id="bottom_0">
                <vehicle id="cfm_slow_3" pos="0.50" speed="46.79"/>
                <vehicle id="cfm_slow_4" pos="40.36" speed="46.82"/>
            </lane>
        </edge>
        <edge id="left">
            <lane id="left_0">
                <vehicle id="cfm_slow_2" pos="10.49" speed="46.94"/>
            </lane>
        </edge>
        <edge id="right">
            <lane id="right_0">
                <vehicle id="cfm_slow_0" pos="30.31" speed="46.94"/>
            </lane>
        </edge>
        <edge id="top">
            <lane id="top_0">
                <vehicle id="cfm_slow_1" pos="20.35" speed="47.05"/>
            </lane>
        </edge>
    </timestep>
    <timestep time="7.94">
        <edge id="bottom">
            <lane id="bottom_0">
                <vehicle id="cfm_slow_3" pos="0.97" speed="46.79"/>
                <vehicle id="cfm_slow_4" pos="40.83" speed="46.82"/>
            </lane>
        </edge>
        <edge id="left">
            <lane id="left_0">
                <vehicle id="cfm_slow_2" pos="10.96" speed="46.93"/>
            </lane>
        </edge>
        <edge id="right">
            <lane id="right_0">
                <vehicle id="cfm_slow_0" pos="30.77" speed="46.94"/>
            </lane>
        </edge>
        <edge id="top">
            <lane id="top_0">
                <vehicle id="cfm_slow_1" pos="20.82" speed="47.05"/>
            </lane>
        </edge>
    </timestep>
    <timestep time="7.95">
        <edge id="bottom">
            <lane id="bottom_0">
                <vehicle id="cfm_slow_3" pos="1.43" speed="46.79"/>
                <vehicle id="cfm_slow_4" pos="41.30" speed="46.82"/>
            </lane>
        </edge>
        <edge id="left">
            <lane id="left_0">
                <vehicle id="cfm_slow_2" pos="11.43" speed="46.93"/>
            </lane>
        </edge>
        <edge id="right">
            <lane id="right_0">
                <vehicle id="cfm_slow_0" pos="31.24" speed="46.94"/>
            </lane>
        </edge>
        <edge id="top">
            <lane id="top_0">
                <vehicle id="cfm_slow_1" pos="21.30" speed="47.05"/>
            </lane>
        </edge>
    </timestep>
    <timestep time="7.96">
        <edge id="bottom">
            <lane id="bottom_0">
                <vehicle id="cfm_slow_3" pos="1.90" speed="46.79"/>
                <vehicle id="cfm_slow_4" pos="41.76" speed="46.82"/>
            </lane>
        </edge>
        <edge id="left">
            <lane id="left_0">
                <vehicle id="cfm_slow_2" pos="11.90" speed="46.93"/>
            </lane>
        </edge>
        <edge id="right">
            <lane id="right_0">
                <vehicle id="cfm_slow_0" pos="31.71" speed="46.94"/>
            </lane>
        </edge>
        <edge id="top">
            <lane id="top_0">
                <vehicle id="cfm_slow_1" pos="21.77" speed="47.05"/>
            </lane>
        </edge>
    </timestep>
    <timestep time="7.97">
        <edge id="bottom">
            <lane id="bottom_0">
                <vehicle id="cfm_slow_3" pos="2.37" speed="46.80"/>
                <vehicle id="cfm_slow_4" pos="42.23" speed="46.83"/>
            </lane>
        </edge>
        <edge id="left">
            <lane id="left_0">
                <vehicle id="cfm_slow_2" pos="12.37" speed="46.93"/>
            </lane>
        </edge>
        <edge id="right">
            <lane id="right_0">
                <vehicle id="cfm_slow_0" pos="32.18" speed="46.94"/>
            </lane>
        </edge>
        <edge id="top">
            <lane id="top_0">
                <vehicle id="cfm_slow_1" pos="22.24" speed="47.05"/>
            </lane>
        </edge>
    </timestep>
    <timestep time="7.98">
        <edge id="bottom">
            <lane id="bottom_0">
                <vehicle id="cfm_slow_3" pos="2.84" speed="46.80"/>
                <vehicle id="cfm_slow_4" pos="42.70" speed="46.83"/>
            </lane>
        </edge>
        <edge id="left">
            <lane id="left_0">
                <vehicle id="cfm_slow_2" pos="12.84" speed="46.93"/>
            </lane>
        </edge>
        <edge id="right">
            <lane id="right_0">
                <vehicle id="cfm_slow_0" pos="32.65" speed="46.95"/>
            </lane>
        </edge>
        <edge id="top">
            <lane id="top_0">
                <vehicle id="cfm_slow_1" pos="22.71" speed="47.05"/>
            </lane>
        </edge>
    </timestep>
    <timestep time="7.99">
        <edge id="bottom">
            <lane id="bottom_0">
                <vehicle id="cfm_slow_3" pos="3.31" speed="46.80"/>
                <vehicle id="cfm_slow_4" pos="43.17" speed="46.83"/>
            </lane>
        </edge>
        <edge id="left">
            <lane id="left_0">
                <vehicle id="cfm_slow_2" pos="13.31" speed="46.93"/>
            </lane>
        </edge>
        <edge id="right">
            <lane id="right_0">
                <vehicle id="cfm_slow_0" pos="33.12" speed="46.95"/>
            </lane>
        </edge>
        <edge id="top">
            <lane id="top_0">
                <vehicle id="cfm_slow_1" pos="23.18" speed="47.05"/>
            </lane>
        </edge>
    </timestep>
    <timestep time="8.00">
        <edge id="bottom">
            <lane id="bottom_0">
                <vehicle id="cfm_slow_3" pos="3.77" speed="46.80"/>
                <vehicle id="cfm_slow_4" pos="43.64" speed="46.83"/>
            </lane>
        </edge>
        <edge id="left">
            <lane id="left_0">
                <vehicle id="cfm_slow_2" pos="13.78" speed="46.93"/>
            </lane>
        </edge>
        <edge id="right">
            <lane id="right_0">
                <vehicle id="cfm_slow_0" pos="33.59" speed="46.95"/>
            </lane>
        </edge>
        <edge id="top">
            <lane id="top_0">
                <vehicle id="cfm_slow_1" pos="23.65" speed="47.05"/>
            </lane>
        </edge>
    </timestep>
    <timestep time="8.01">
        <edge id="bottom">
            <lane id="bottom_0">
                <vehicle id="cfm_slow_3" pos="4.24" speed="46.80"/>
                <vehicle id="cfm_slow_4" pos="44.11" speed="46.83"/>
            </lane>
        </edge>
        <edge id="left">
            <lane id="left_0">
                <vehicle id="cfm_slow_2" pos="14.25" speed="46.93"/>
            </lane>
        </edge>
        <edge id="right">
            <lane id="right_0">
                <vehicle id="cfm_slow_0" pos="34.06" speed="46.95"/>
            </lane>
        </edge>
        <edge id="top">
            <lane id="top_0">
                <vehicle id="cfm_slow_1" pos="24.12" speed="47.05"/>
            </lane>
        </edge>
    </timestep>
    <timestep time="8.02">
        <edge id="bottom">
            <lane id="bottom_0">
                <vehicle id="cfm_slow_3" pos="4.71" speed="46.80"/>
                <vehicle id="cfm_slow_4" pos="44.57" speed="46.84"/>
            </lane>
        </edge>
        <edge id="left">
            <lane id="left_0">
                <vehicle id="cfm_slow_2" pos="14.72" speed="46.93"/>
            </lane>
        </edge>
        <edge id="right">
            <lane id="right_0">
                <vehicle id="cfm_slow_0" pos="34.53" speed="46.95"/>
            </lane>
        </edge>
        <edge id="top">
            <lane id="top_0">
                <vehicle id="cfm_slow_1" pos="24.59" speed="47.05"/>
            </lane>
        </edge>
    </timestep>
    <timestep time="8.03">
        <edge id="bottom">
            <lane id="bottom_0">
                <vehicle id="cfm_slow_3" pos="5.18" speed="46.80"/>
                <vehicle id="cfm_slow_4" pos="45.04" speed="46.84"/>
            </lane>
        </edge>
        <edge id="left">
            <lane id="left_0">
                <vehicle id="cfm_slow_2" pos="15.19" speed="46.93"/>
            </lane>
        </edge>
        <edge id="right">
            <lane id="right_0">
                <vehicle id="cfm_slow_0" pos="35.00" speed="46.96"/>
            </lane>
        </edge>
        <edge id="top">
            <lane id="top_0">
                <vehicle id="cfm_slow_1" pos="25.06" speed="47.05"/>
            </lane>
        </edge>
    </timestep>
    <timestep time="8.04">
        <edge id="bottom">
            <lane id="bottom_0">
                <vehicle id="cfm_slow_3" pos="5.65" speed="46.80"/>
                <vehicle id="cfm_slow_4" pos="45.51" speed="46.84"/>
            </lane>
        </edge>
        <edge id="left">
            <lane id="left_0">
                <vehicle id="cfm_slow_2" pos="15.65" speed="46.93"/>
            </lane>
        </edge>
        <edge id="right">
            <lane id="right_0">
                <vehicle id="cfm_slow_0" pos="35.47" speed="46.96"/>
            </lane>
        </edge>
        <edge id="top">
            <lane id="top_0">
                <vehicle id="cfm_slow_1" pos="25.53" speed="47.05"/>
            </lane>
        </edge>
    </timestep>
    <timestep time="8.05">
        <edge id="bottom">
            <lane id="bottom_0">
                <vehicle id="cfm_slow_3" pos="6.11" speed="46.80"/>
                <vehicle id="cfm_slow_4" pos="45.98" speed="46.84"/>
            </lane>
        </edge>
        <edge id="left">
            <lane id="left_0">
                <vehicle id="cfm_slow_2" pos="16.12" speed="46.93"/>
            </lane>
        </edge>
        <edge id="right">
            <lane id="right_0">
                <vehicle id="cfm_slow_0" pos="35.94" speed="46.96"/>
            </lane>
        </edge>
        <edge id="top">
            <lane id="top_0">
                <vehicle id="cfm_slow_1" pos="26.00" speed="47.04"/>
            </lane>
        </edge>
    </timestep>
    <timestep time="8.06">
        <edge id="bottom">
            <lane id="bottom_0">
                <vehicle id="cfm_slow_3" pos="6.58" speed="46.80"/>
                <vehicle id="cfm_slow_4" pos="46.45" speed="46.84"/>
            </lane>
        </edge>
        <edge id="left">
            <lane id="left_0">
                <vehicle id="cfm_slow_2" pos="16.59" speed="46.93"/>
            </lane>
        </edge>
        <edge id="right">
            <lane id="right_0">
                <vehicle id="cfm_slow_0" pos="36.41" speed="46.96"/>
            </lane>
        </edge>
        <edge id="top">
            <lane id="top_0">
                <vehicle id="cfm_slow_1" pos="26.47" speed="47.04"/>
            </lane>
        </edge>
    </timestep>
    <timestep time="8.07">
        <edge id="bottom">
            <lane id="bottom_0">
                <vehicle id="cfm_slow_3" pos="7.05" speed="46.80"/>
                <vehicle id="cfm_slow_4" pos="46.92" speed="46.85"/>
            </lane>
        </edge>
        <edge id="left">
            <lane id="left_0">
                <vehicle id="cfm_slow_2" pos="17.06" speed="46.93"/>
            </lane>
        </edge>
        <edge id="right">
            <lane id="right_0">
                <vehicle id="cfm_slow_0" pos="36.88" speed="46.96"/>
            </lane>
        </edge>
        <edge id="top">
            <lane id="top_0">
                <vehicle id="cfm_slow_1" pos="26.94" speed="47.04"/>
            </lane>
        </edge>
    </timestep>
    <timestep time="8.08">
        <edge id="bottom">
            <lane id="bottom_0">
                <vehicle id="cfm_slow_3" pos="7.52" speed="46.81"/>
                <vehicle id="cfm_slow_4" pos="47.38" speed="46.85"/>
            </lane>
        </edge>
        <edge id="left">
            <lane id="left_0">
                <vehicle id="cfm_slow_2" pos="17.53" speed="46.93"/>
            </lane>
        </edge>
        <edge id="right">
            <lane id="right_0">
                <vehicle id="cfm_slow_0" pos="37.35" speed="46.96"/>
            </lane>
        </edge>
        <edge id="top">
            <lane id="top_0">
                <vehicle id="cfm_slow_1" pos="27.41" speed="47.04"/>
            </lane>
        </edge>
    </timestep>
    <timestep time="8.09">
        <edge id="bottom">
            <lane id="bottom_0">
                <vehicle id="cfm_slow_3" pos="7.99" speed="46.81"/>
                <vehicle id="cfm_slow_4" pos="47.85" speed="46.85"/>
            </lane>
        </edge>
        <edge id="left">
            <lane id="left_0">
                <vehicle id="cfm_slow_2" pos="18.00" speed="46.93"/>
            </lane>
        </edge>
        <edge id="right">
            <lane id="right_0">
                <vehicle id="cfm_slow_0" pos="37.82" speed="46.97"/>
            </lane>
        </edge>
        <edge id="top">
            <lane id="top_0">
                <vehicle id="cfm_slow_1" pos="27.88" speed="47.04"/>
            </lane>
        </edge>
    </timestep>
    <timestep time="8.10">
        <edge id="bottom">
            <lane id="bottom_0">
                <vehicle id="cfm_slow_3" pos="8.45" speed="46.81"/>
                <vehicle id="cfm_slow_4" pos="48.32" speed="46.85"/>
            </lane>
        </edge>
        <edge id="left">
            <lane id="left_0">
                <vehicle id="cfm_slow_2" pos="18.47" speed="46.93"/>
            </lane>
        </edge>
        <edge id="right">
            <lane id="right_0">
                <vehicle id="cfm_slow_0" pos="38.29" speed="46.97"/>
            </lane>
        </edge>
        <edge id="top">
            <lane id="top_0">
                <vehicle id="cfm_slow_1" pos="28.35" speed="47.04"/>
            </lane>
        </edge>
    </timestep>
    <timestep time="8.11">
        <edge id="bottom">
            <lane id="bottom_0">
                <vehicle id="cfm_slow_3" pos="8.92" speed="46.81"/>
                <vehicle id="cfm_slow_4" pos="48.79" speed="46.86"/>
            </lane>
        </edge>
        <edge id="left">
            <lane id="left_0">
                <vehicle id="cfm_slow_2" pos="18.94" speed="46.92"/>
            </lane>
        </edge>
        <edge id="right">
            <lane id="right_0">
                <vehicle id="cfm_slow_0" pos="38.76" speed="46.97"/>
            </lane>
        </edge>
        <edge id="top">
            <lane id="top_0">
                <vehicle id="cfm_slow_1" pos="28.82" speed="47.04"/>
            </lane>
        </edge>
    </timestep>
    <timestep time="8.12">
        <edge id="bottom">
            <lane id="bottom_0">
                <vehicle id="cfm_slow_3" pos="9.39" speed="46.81"/>
                <vehicle id="cfm_slow_4" pos="49.26" speed="46.86"/>
            </lane>
        </edge>
        <edge id="left">
            <lane id="left_0">
                <vehicle id="cfm_slow_2" pos="19.41" speed="46.92"/>
            </lane>
        </edge>
        <edge id="right">
            <lane id="right_0">
                <vehicle id="cfm_slow_0" pos="39.23" speed="46.97"/>
            </lane>
        </edge>
        <edge id="top">
            <lane id="top_0">
                <vehicle id="cfm_slow_1" pos="29.29" speed="47.04"/>
            </lane>
        </edge>
    </timestep>
    <timestep time="8.13">
        <edge id="bottom">
            <lane id="bottom_0">
                <vehicle id="cfm_slow_3" pos="9.86" speed="46.81"/>
                <vehicle id="cfm_slow_4" pos="49.73" speed="46.86"/>
            </lane>
        </edge>
        <edge id="left">
            <lane id="left_0">
                <vehicle id="cfm_slow_2" pos="19.88" speed="46.92"/>
            </lane>
        </edge>
        <edge id="right">
            <lane id="right_0">
                <vehicle id="cfm_slow_0" pos="39.70" speed="46.97"/>
            </lane>
        </edge>
        <edge id="top">
            <lane id="top_0">
                <vehicle id="cfm_slow_1" pos="29.76" speed="47.04"/>
            </lane>
        </edge>
    </timestep>
    <timestep time="8.14">
        <edge id="bottom">
            <lane id="bottom_0">
                <vehicle id="cfm_slow_3" pos="10.33" speed="46.81"/>
            </lane>
        </edge>
        <edge id="left">
            <lane id="left_0">
                <vehicle id="cfm_slow_2" pos="20.35" speed="46.92"/>
            </lane>
        </edge>
        <edge id="right">
            <lane id="right_0">
                <vehicle id="cfm_slow_4" pos="0.20" speed="46.86"/>
                <vehicle id="cfm_slow_0" pos="40.17" speed="46.97"/>
            </lane>
        </edge>
        <edge id="top">
            <lane id="top_0">
                <vehicle id="cfm_slow_1" pos="30.23" speed="47.04"/>
            </lane>
        </edge>
    </timestep>
    <timestep time="8.15">
        <edge id="bottom">
            <lane id="bottom_0">
                <vehicle id="cfm_slow_3" pos="10.79" speed="46.81"/>
            </lane>
        </edge>
        <edge id="left">
            <lane id="left_0">
                <vehicle id="cfm_slow_2" pos="20.82" speed="46.92"/>
            </lane>
        </edge>
        <edge id="right">
            <lane id="right_0">
                <vehicle id="cfm_slow_4" pos="0.66" speed="46.86"/>
                <vehicle id="cfm_slow_0" pos="40.64" speed="46.97"/>
            </lane>
        </edge>
        <edge id="top">
            <lane id="top_0">
                <vehicle id="cfm_slow_1" pos="30.70" speed="47.04"/>
            </lane>
        </edge>
    </timestep>
    <timestep time="8.16">
        <edge id="bottom">
            <lane id="bottom_0">
                <vehicle id="cfm_slow_3" pos="11.26" speed="46.81"/>
            </lane>
        </edge>
        <edge id="left">
            <lane id="left_0">
                <vehicle id="cfm_slow_2" pos="21.29" speed="46.92"/>
            </lane>
        </edge>
        <edge id="right">
            <lane id="right_0">
                <vehicle id="cfm_slow_4" pos="1.13" speed="46.87"/>
                <vehicle id="cfm_slow_0" pos="41.11" speed="46.98"/>
            </lane>
        </edge>
        <edge id="top">
            <lane id="top_0">
                <vehicle id="cfm_slow_1" pos="31.17" speed="47.04"/>
            </lane>
        </edge>
    </timestep>
    <timestep time="8.17">
        <edge id="bottom">
            <lane id="bottom_0">
                <vehicle id="cfm_slow_3" pos="11.73" speed="46.81"/>
            </lane>
        </edge>
        <edge id="left">
            <lane id="left_0">
                <vehicle id="cfm_slow_2" pos="21.75" speed="46.92"/>
            </lane>
        </edge>
        <edge id="right">
            <lane id="right_0">
                <vehicle id="cfm_slow_4" pos="1.60" speed="46.87"/>
                <vehicle id="cfm_slow_0" pos="41.58" speed="46.98"/>
            </lane>
        </edge>
        <edge id="top">
            <lane id="top_0">
                <vehicle id="cfm_slow_1" pos="31.64" speed="47.04"/>
            </lane>
        </edge>
    </timestep>
    <timestep time="8.18">
        <edge id="bottom">
            <lane id="bottom_0">
                <vehicle id="cfm_slow_3" pos="12.20" speed="46.82"/>
            </lane>
        </edge>
        <edge id="left">
            <lane id="left_0">
                <vehicle id="cfm_slow_2" pos="22.22" speed="46.92"/>
            </lane>
        </edge>
        <edge id="right">
            <lane id="right_0">
                <vehicle id="cfm_slow_4" pos="2.07" speed="46.87"/>
                <vehicle id="cfm_slow_0" pos="42.05" speed="46.98"/>
            </lane>
        </edge>
        <edge id="top">
            <lane id="top_0">
                <vehicle id="cfm_slow_1" pos="32.12" speed="47.04"/>
            </lane>
        </edge>
    </timestep>
    <timestep time="8.19">
        <edge id="bottom">
            <lane id="bottom_0">
                <vehicle id="cfm_slow_3" pos="12.67" speed="46.82"/>
            </lane>
        </edge>
        <edge id="left">
            <lane id="left_0">
                <vehicle id="cfm_slow_2" pos="22.69" speed="46.92"/>
            </lane>
        </edge>
        <edge id="right">
            <lane id="right_0">
                <vehicle id="cfm_slow_4" pos="2.54" speed="46.87"/>
                <vehicle id="cfm_slow_0" pos="42.52" speed="46.98"/>
            </lane>
        </edge>
        <edge id="top">
            <lane id="top_0">
                <vehicle id="cfm_slow_1" pos="32.59" speed="47.04"/>
            </lane>
        </edge>
    </timestep>
    <timestep time="8.20">
        <edge id="bottom">
            <lane id="bottom_0">
                <vehicle id="cfm_slow_3" pos="13.14" speed="46.82"/>
            </lane>
        </edge>
        <edge id="left">
            <lane id="left_0">
                <vehicle id="cfm_slow_2" pos="23.16" speed="46.92"/>
            </lane>
        </edge>
        <edge id="right">
            <lane id="right_0">
                <vehicle id="cfm_slow_4" pos="3.01" speed="46.87"/>
                <vehicle id="cfm_slow_0" pos="42.98" speed="46.98"/>
            </lane>
        </edge>
        <edge id="top">
            <lane id="top_0">
                <vehicle id="cfm_slow_1" pos="33.06" speed="47.04"/>
            </lane>
        </edge>
    </timestep>
    <timestep time="8.21">
        <edge id="bottom">
            <lane id="bottom_0">
                <vehicle id="cfm_slow_3" pos="13.60" speed="46.82"/>
            </lane>
        </edge>
        <edge id="left">
            <lane id="left_0">
                <vehicle id="cfm_slow_2" pos="23.63" speed="46.92"/>
            </lane>
        </edge>
        <edge id="right">
            <lane id="right_0">
                <vehicle id="cfm_slow_4" pos="3.48" speed="46.88"/>
                <vehicle id="cfm_slow_0" pos="43.45" speed="46.98"/>
            </lane>
        </edge>
        <edge id="top">
            <lane id="top_0">
                <vehicle id="cfm_slow_1" pos="33.53" speed="47.04"/>
            </lane>
        </edge>
    </timestep>
    <timestep time="8.22">
        <edge id="bottom">
            <lane id="bottom_0">
                <vehicle id="cfm_slow_3" pos="14.07" speed="46.82"/>
            </lane>
        </edge>
        <edge id="left">
            <lane id="left_0">
                <vehicle id="cfm_slow_2" pos="24.10" speed="46.92"/>
            </lane>
        </edge>
        <edge id="right">
            <lane id="right_0">
                <vehicle id="cfm_slow_4" pos="3.95" speed="46.88"/>
                <vehicle id="cfm_slow_0" pos="43.92" speed="46.98"/>
            </lane>
        </edge>
        <edge id="top">
            <lane id="top_0">
                <vehicle id="cfm_slow_1" pos="34.00" speed="47.04"/>
            </lane>
        </edge>
    </timestep>
    <timestep time="8.23">
        <edge id="bottom">
            <lane id="bottom_0">
                <vehicle id="cfm_slow_3" pos="14.54" speed="46.82"/>
            </lane>
        </edge>
        <edge id="left">
            <lane id="left_0">
                <vehicle id="cfm_slow_2" pos="24.57" speed="46.92"/>
            </lane>
        </edge>
        <edge id="right">
            <lane id="right_0">
                <vehicle id="cfm_slow_4" pos="4.41" speed="46.88"/>
                <vehicle id="cfm_slow_0" pos="44.39" speed="46.99"/>
            </lane>
        </edge>
        <edge id="top">
            <lane id="top_0">
                <vehicle id="cfm_slow_1" pos="34.47" speed="47.04"/>
            </lane>
        </edge>
    </timestep>
    <timestep time="8.24">
        <edge id="bottom">
            <lane id="bottom_0">
                <vehicle id="cfm_slow_3" pos="15.01" speed="46.82"/>
            </lane>
        </edge>
        <edge id="left">
            <lane id="left_0">
                <vehicle id="cfm_slow_2" pos="25.04" speed="46.92"/>
            </lane>
        </edge>
        <edge id="right">
            <lane id="right_0">
                <vehicle id="cfm_slow_4" pos="4.88" speed="46.88"/>
                <vehicle id="cfm_slow_0" pos="44.86" speed="46.99"/>
            </lane>
        </edge>
        <edge id="top">
            <lane id="top_0">
                <vehicle id="cfm_slow_1" pos="34.94" speed="47.04"/>
            </lane>
        </edge>
    </timestep>
    <timestep time="8.25">
        <edge id="bottom">
            <lane id="bottom_0">
                <vehicle id="cfm_slow_3" pos="15.48" speed="46.82"/>
            </lane>
        </edge>
        <edge id="left">
            <lane id="left_0">
                <vehicle id="cfm_slow_2" pos="25.51" speed="46.92"/>
            </lane>
        </edge>
        <edge id="right">
            <lane id="right_0">
                <vehicle id="cfm_slow_4" pos="5.35" speed="46.88"/>
                <vehicle id="cfm_slow_0" pos="45.33" speed="46.99"/>
            </lane>
        </edge>
        <edge id="top">
            <lane id="top_0">
                <vehicle id="cfm_slow_1" pos="35.41" speed="47.04"/>
            </lane>
        </edge>
    </timestep>
    <timestep time="8.26">
        <edge id="bottom">
            <lane id="bottom_0">
                <vehicle id="cfm_slow_3" pos="15.94" speed="46.82"/>
            </lane>
        </edge>
        <edge id="left">
            <lane id="left_0">
                <vehicle id="cfm_slow_2" pos="25.98" speed="46.92"/>
            </lane>
        </edge>
        <edge id="right">
            <lane id="right_0">
                <vehicle id="cfm_slow_4" pos="5.82" speed="46.88"/>
                <vehicle id="cfm_slow_0" pos="45.80" speed="46.99"/>
            </lane>
        </edge>
        <edge id="top">
            <lane id="top_0">
                <vehicle id="cfm_slow_1" pos="35.88" speed="47.04"/>
            </lane>
        </edge>
    </timestep>
    <timestep time="8.27">
        <edge id="bottom">
            <lane id="bottom_0">
                <vehicle id="cfm_slow_3" pos="16.41" speed="46.82"/>
            </lane>
        </edge>
        <edge id="left">
            <lane id="left_0">
                <vehicle id="cfm_slow_2" pos="26.45" speed="46.92"/>
            </lane>
        </edge>
        <edge id="right">
            <lane id="right_0">
                <vehicle id="cfm_slow_4" pos="6.29" speed="46.89"/>
                <vehicle id="cfm_slow_0" pos="46.27" speed="46.99"/>
            </lane>
        </edge>
        <edge id="top">
            <lane id="top_0">
                <vehicle id="cfm_slow_1" pos="36.35" speed="47.04"/>
            </lane>
        </edge>
    </timestep>
    <timestep time="8.28">
        <edge id="bottom">
            <lane id="bottom_0">
                <vehicle id="cfm_slow_3" pos="16.88" speed="46.83"/>
            </lane>
        </edge>
        <edge id="left">
            <lane id="left_0">
                <vehicle id="cfm_slow_2" pos="26.92" speed="46.92"/>
            </lane>
        </edge>
        <edge id="right">
            <lane id="right_0">
                <vehicle id="cfm_slow_4" pos="6.76" speed="46.89"/>
                <vehicle id="cfm_slow_0" pos="46.74" speed="46.99"/>
            </lane>
        </edge>
        <edge id="top">
            <lane id="top_0">
                <vehicle id="cfm_slow_1" pos="36.82" speed="47.03"/>
            </lane>
        </edge>
    </timestep>
    <timestep time="8.29">
        <edge id="bottom">
            <lane id="bottom_0">
                <vehicle id="cfm_slow_3" pos="17.35" speed="46.83"/>
            </lane>
        </edge>
        <edge id="left">
            <lane id="left_0">
                <vehicle id="cfm_slow_2" pos="27.39" speed="46.92"/>
            </lane>
        </edge>
        <edge id="right">
            <lane id="right_0">
                <vehicle id="cfm_slow_4" pos="7.23" speed="46.89"/>
                <vehicle id="cfm_slow_0" pos="47.21" speed="46.99"/>
            </lane>
        </edge>
        <edge id="top">
            <lane id="top_0">
                <vehicle id="cfm_slow_1" pos="37.29" speed="47.03"/>
            </lane>
        </edge>
    </timestep>
    <timestep time="8.30">
        <edge id="bottom">
            <lane id="bottom_0">
                <vehicle id="cfm_slow_3" pos="17.82" speed="46.83"/>
            </lane>
        </edge>
        <edge id="left">
            <lane id="left_0">
                <vehicle id="cfm_slow_2" pos="27.85" speed="46.92"/>
            </lane>
        </edge>
        <edge id="right">
            <lane id="right_0">
                <vehicle id="cfm_slow_4" pos="7.70" speed="46.89"/>
                <vehicle id="cfm_slow_0" pos="47.68" speed="46.99"/>
            </lane>
        </edge>
        <edge id="top">
            <lane id="top_0">
                <vehicle id="cfm_slow_1" pos="37.76" speed="47.03"/>
            </lane>
        </edge>
    </timestep>
    <timestep time="8.31">
        <edge id="bottom">
            <lane id="bottom_0">
                <vehicle id="cfm_slow_3" pos="18.29" speed="46.83"/>
            </lane>
        </edge>
        <edge id="left">
            <lane id="left_0">
                <vehicle id="cfm_slow_2" pos="28.32" speed="46.92"/>
            </lane>
        </edge>
        <edge id="right">
            <lane id="right_0">
                <vehicle id="cfm_slow_4" pos="8.16" speed="46.89"/>
                <vehicle id="cfm_slow_0" pos="48.15" speed="47.00"/>
            </lane>
        </edge>
        <edge id="top">
            <lane id="top_0">
                <vehicle id="cfm_slow_1" pos="38.23" speed="47.03"/>
            </lane>
        </edge>
    </timestep>
    <timestep time="8.32">
        <edge id="bottom">
            <lane id="bottom_0">
                <vehicle id="cfm_slow_3" pos="18.75" speed="46.83"/>
            </lane>
        </edge>
        <edge id="left">
            <lane id="left_0">
                <vehicle id="cfm_slow_2" pos="28.79" speed="46.92"/>
            </lane>
        </edge>
        <edge id="right">
            <lane id="right_0">
                <vehicle id="cfm_slow_4" pos="8.63" speed="46.90"/>
                <vehicle id="cfm_slow_0" pos="48.62" speed="47.00"/>
            </lane>
        </edge>
        <edge id="top">
            <lane id="top_0">
                <vehicle id="cfm_slow_1" pos="38.70" speed="47.03"/>
            </lane>
        </edge>
    </timestep>
    <timestep time="8.33">
        <edge id="bottom">
            <lane id="bottom_0">
                <vehicle id="cfm_slow_3" pos="19.22" speed="46.83"/>
            </lane>
        </edge>
        <edge id="left">
            <lane id="left_0">
                <vehicle id="cfm_slow_2" pos="29.26" speed="46.91"/>
            </lane>
        </edge>
        <edge id="right">
            <lane id="right_0">
                <vehicle id="cfm_slow_4" pos="9.10" speed="46.90"/>
                <vehicle id="cfm_slow_0" pos="49.09" speed="47.00"/>
            </lane>
        </edge>
        <edge id="top">
            <lane id="top_0">
                <vehicle id="cfm_slow_1" pos="39.17" speed="47.03"/>
            </lane>
        </edge>
    </timestep>
    <timestep time="8.34">
        <edge id="bottom">
            <lane id="bottom_0">
                <vehicle id="cfm_slow_3" pos="19.69" speed="46.83"/>
            </lane>
        </edge>
        <edge id="left">
            <lane id="left_0">
                <vehicle id="cfm_slow_2" pos="29.73" speed="46.91"/>
            </lane>
        </edge>
        <edge id="right">
            <lane id="right_0">
                <vehicle id="cfm_slow_4" pos="9.57" speed="46.90"/>
                <vehicle id="cfm_slow_0" pos="49.56" speed="47.00"/>
            </lane>
        </edge>
        <edge id="top">
            <lane id="top_0">
                <vehicle id="cfm_slow_1" pos="39.64" speed="47.03"/>
            </lane>
        </edge>
    </timestep>
    <timestep time="8.35">
        <edge id="bottom">
            <lane id="bottom_0">
                <vehicle id="cfm_slow_3" pos="20.16" speed="46.83"/>
            </lane>
        </edge>
        <edge id="left">
            <lane id="left_0">
                <vehicle id="cfm_slow_2" pos="30.20" speed="46.91"/>
            </lane>
        </edge>
        <edge id="right">
            <lane id="right_0">
                <vehicle id="cfm_slow_4" pos="10.04" speed="46.90"/>
            </lane>
        </edge>
        <edge id="top">
            <lane id="top_0">
                <vehicle id="cfm_slow_0" pos="0.03" speed="47.00"/>
                <vehicle id="cfm_slow_1" pos="40.11" speed="47.03"/>
            </lane>
        </edge>
    </timestep>
    <timestep time="8.36">
        <edge id="bottom">
            <lane id="bottom_0">
                <vehicle id="cfm_slow_3" pos="20.63" speed="46.83"/>
            </lane>
        </edge>
        <edge id="left">
            <lane id="left_0">
                <vehicle id="cfm_slow_2" pos="30.67" speed="46.91"/>
            </lane>
        </edge>
        <edge id="right">
            <lane id="right_0">
                <vehicle id="cfm_slow_4" pos="10.51" speed="46.90"/>
            </lane>
        </edge>
        <edge id="top">
            <lane id="top_0">
                <vehicle id="cfm_slow_0" pos="0.50" speed="47.00"/>
                <vehicle id="cfm_slow_1" pos="40.58" speed="47.03"/>
            </lane>
        </edge>
    </timestep>
    <timestep time="8.37">
        <edge id="bottom">
            <lane id="bottom_0">
                <vehicle id="cfm_slow_3" pos="21.10" speed="46.83"/>
            </lane>
        </edge>
        <edge id="left">
            <lane id="left_0">
                <vehicle id="cfm_slow_2" pos="31.14" speed="46.91"/>
            </lane>
        </edge>
        <edge id="right">
            <lane id="right_0">
                <vehicle id="cfm_slow_4" pos="10.98" speed="46.90"/>
            </lane>
        </edge>
        <edge id="top">
            <lane id="top_0">
                <vehicle id="cfm_slow_0" pos="0.97" speed="47.00"/>
                <vehicle id="cfm_slow_1" pos="41.05" speed="47.03"/>
            </lane>
        </edge>
    </timestep>
    <timestep time="8.38">
        <edge id="bottom">
            <lane id="bottom_0">
                <vehicle id="cfm_slow_3" pos="21.56" speed="46.84"/>
            </lane>
        </edge>
        <edge id="left">
            <lane id="left_0">
                <vehicle id="cfm_slow_2" pos="31.61" speed="46.91"/>
            </lane>
        </edge>
        <edge id="right">
            <lane id="right_0">
                <vehicle id="cfm_slow_4" pos="11.45" speed="46.91"/>
            </lane>
        </edge>
        <edge id="top">
            <lane id="top_0">
                <vehicle id="cfm_slow_0" pos="1.44" speed="47.00"/>
                <vehicle id="cfm_slow_1" pos="41.52" speed="47.03"/>
            </lane>
        </edge>
    </timestep>
    <timestep time="8.39">
        <edge id="bottom">
            <lane id="bottom_0">
                <vehicle id="cfm_slow_3" pos="22.03" speed="46.84"/>
            </lane>
        </edge>
        <edge id="left">
            <lane id="left_0">
                <vehicle id="cfm_slow_2" pos="32.08" speed="46.91"/>
            </lane>
        </edge>
        <edge id="right">
            <lane id="right_0">
                <vehicle id="cfm_slow_4" pos="11.92" speed="46.91"/>
            </lane>
        </edge>
        <edge id="top">
            <lane id="top_0">
                <vehicle id="cfm_slow_0" pos="1.91" speed="47.00"/>
                <vehicle id="cfm_slow_1" pos="41.99" speed="47.03"/>
            </lane>
        </edge>
    </timestep>
    <timestep time="8.40">
        <edge id="bottom">
            <lane id="bottom_0">
                <vehicle id="cfm_slow_3" pos="22.50" speed="46.84"/>
            </lane>
        </edge>
        <edge id="left">
            <lane id="left_0">
                <vehicle id="cfm_slow_2" pos="32.55" speed="46.91"/>
            </lane>
        </edge>
        <edge id="right">
            <lane id="right_0">
                <vehicle id="cfm_slow_4" pos="12.39" speed="46.91"/>
            </lane>
        </edge>
        <edge id="top">
            <lane id="top_0">
                <vehicle id="cfm_slow_0" pos="2.38" speed="47.00"/>
                <vehicle id="cfm_slow_1" pos="42.46" speed="47.03"/>
            </lane>
        </edge>
    </timestep>
    <timestep time="8.41">
        <edge id="bottom">
            <lane id="bottom_0">
                <vehicle id="cfm_slow_3" pos="22.97" speed="46.84"/>
            </lane>
        </edge>
        <edge id="left">
            <lane id="left_0">
                <vehicle id="cfm_slow_2" pos="33.01" speed="46.91"/>
            </lane>
        </edge>
        <edge id="right">
            <lane id="right_0">
                <vehicle id="cfm_slow_4" pos="12.86" speed="46.91"/>
            </lane>
        </edge>
        <edge id="top">
            <lane id="top_0">
                <vehicle id="cfm_slow_0" pos="2.85" speed="47.01"/>
                <vehicle id="cfm_slow_1" pos="42.93" speed="47.03"/>
            </lane>
        </edge>
    </timestep>
    <timestep time="8.42">
        <edge id="bottom">
            <lane id="bottom_0">
                <vehicle id="cfm_slow_3" pos="23.44" speed="46.84"/>
            </lane>
        </edge>
        <edge id="left">
            <lane id="left_0">
                <vehicle id="cfm_slow_2" pos="33.48" speed="46.91"/>
            </lane>
        </edge>
        <edge id="right">
            <lane id="right_0">
                <vehicle id="cfm_slow_4" pos="13.32" speed="46.91"/>
            </lane>
        </edge>
        <edge id="top">
            <lane id="top_0">
                <vehicle id="cfm_slow_0" pos="3.32" speed="47.01"/>
                <vehicle id="cfm_slow_1" pos="43.40" speed="47.03"/>
            </lane>
        </edge>
    </timestep>
    <timestep time="8.43">
        <edge id="bottom">
            <lane id="bottom_0">
                <vehicle id="cfm_slow_3" pos="23.91" speed="46.84"/>
            </lane>
        </edge>
        <edge id="left">
            <lane id="left_0">
                <vehicle id="cfm_slow_2" pos="33.95" speed="46.91"/>
            </lane>
        </edge>
        <edge id="right">
            <lane id="right_0">
                <vehicle id="cfm_slow_4" pos="13.79" speed="46.91"/>
            </lane>
        </edge>
        <edge id="top">
            <lane id="top_0">
                <vehicle id="cfm_slow_0" pos="3.79" speed="47.01"/>
                <vehicle id="cfm_slow_1" pos="43.87" speed="47.03"/>
            </lane>
        </edge>
    </timestep>
    <timestep time="8.44">
        <edge id="bottom">
            <lane id="bottom_0">
                <vehicle id="cfm_slow_3" pos="24.37" speed="46.84"/>
            </lane>
        </edge>
        <edge id="left">
            <lane id="left_0">
                <vehicle id="cfm_slow_2" pos="34.42" speed="46.91"/>
            </lane>
        </edge>
        <edge id="right">
            <lane id="right_0">
                <vehicle id="cfm_slow_4" pos="14.26" speed="46.92"/>
            </lane>
        </edge>
        <edge id="top">
            <lane id="top_0">
                <vehicle id="cfm_slow_0" pos="4.26" speed="47.01"/>
                <vehicle id="cfm_slow_1" pos="44.34" speed="47.03"/>
            </lane>
        </edge>
    </timestep>
    <timestep time="8.45">
        <edge id="bottom">
            <lane id="bottom_0">
                <vehicle id="cfm_slow_3" pos="24.84" speed="46.84"/>
            </lane>
        </edge>
        <edge id="left">
            <lane id="left_0">
                <vehicle id="cfm_slow_2" pos="34.89" speed="46.91"/>
            </lane>
        </edge>
        <edge id="right">
            <lane id="right_0">
                <vehicle id="cfm_slow_4" pos="14.73" speed="46.92"/>
            </lane>
        </edge>
        <edge id="top">
            <lane id="top_0">
                <vehicle id="cfm_slow_0" pos="4.73" speed="47.01"/>
                <vehicle id="cfm_slow_1" pos="44.81" speed="47.03"/>
            </lane>
        </edge>
    </timestep>
    <timestep time="8.46">
        <edge id="bottom">
            <lane id="bottom_0">
                <vehicle id="cfm_slow_3" pos="25.31" speed="46.84"/>
            </lane>
        </edge>
        <edge id="left">
            <lane id="left_0">
                <vehicle id="cfm_slow_2" pos="35.36" speed="46.91"/>
            </lane>
        </edge>
        <edge id="right">
            <lane id="right_0">
                <vehicle id="cfm_slow_4" pos="15.20" speed="46.92"/>
            </lane>
        </edge>
        <edge id="top">
            <lane id="top_0">
                <vehicle id="cfm_slow_0" pos="5.20" speed="47.01"/>
                <vehicle id="cfm_slow_1" pos="45.28" speed="47.03"/>
            </lane>
        </edge>
    </timestep>
    <timestep time="8.47">
        <edge id="bottom">
            <lane id="bottom_0">
                <vehicle id="cfm_slow_3" pos="25.78" speed="46.85"/>
            </lane>
        </edge>
        <edge id="left">
            <lane id="left_0">
                <vehicle id="cfm_slow_2" pos="35.83" speed="46.91"/>
            </lane>
        </edge>
        <edge id="right">
            <lane id="right_0">
                <vehicle id="cfm_slow_4" pos="15.67" speed="46.92"/>
            </lane>
        </edge>
        <edge id="top">
            <lane id="top_0">
                <vehicle id="cfm_slow_0" pos="5.67" speed="47.01"/>
                <vehicle id="cfm_slow_1" pos="45.75" speed="47.02"/>
            </lane>
        </edge>
    </timestep>
    <timestep time="8.48">
        <edge id="bottom">
            <lane id="bottom_0">
                <vehicle id="cfm_slow_3" pos="26.25" speed="46.85"/>
            </lane>
        </edge>
        <edge id="left">
            <lane id="left_0">
                <vehicle id="cfm_slow_2" pos="36.30" speed="46.91"/>
            </lane>
        </edge>
        <edge id="right">
            <lane id="right_0">
                <vehicle id="cfm_slow_4" pos="16.14" speed="46.92"/>
            </lane>
        </edge>
        <edge id="top">
            <lane id="top_0">
                <vehicle id="cfm_slow_0" pos="6.14" speed="47.01"/>
                <vehicle id="cfm_slow_1" pos="46.22" speed="47.02"/>
            </lane>
        </edge>
    </timestep>
    <timestep time="8.49">
        <edge id="bottom">
            <lane id="bottom_0">
                <vehicle id="cfm_slow_3" pos="26.72" speed="46.85"/>
            </lane>
        </edge>
        <edge id="left">
            <lane id="left_0">
                <vehicle id="cfm_slow_2" pos="36.77" speed="46.91"/>
            </lane>
        </edge>
        <edge id="right">
            <lane id="right_0">
                <vehicle id="cfm_slow_4" pos="16.61" speed="46.92"/>
            </lane>
        </edge>
        <edge id="top">
            <lane id="top_0">
                <vehicle id="cfm_slow_0" pos="6.61" speed="47.01"/>
                <vehicle id="cfm_slow_1" pos="46.70" speed="47.02"/>
            </lane>
        </edge>
    </timestep>
    <timestep time="8.50">
        <edge id="bottom">
            <lane id="bottom_0">
                <vehicle id="cfm_slow_3" pos="27.19" speed="46.85"/>
            </lane>
        </edge>
        <edge id="left">
            <lane id="left_0">
                <vehicle id="cfm_slow_2" pos="37.24" speed="46.91"/>
            </lane>
        </edge>
        <edge id="right">
            <lane id="right_0">
                <vehicle id="cfm_slow_4" pos="17.08" speed="46.93"/>
            </lane>
        </edge>
        <edge id="top">
            <lane id="top_0">
                <vehicle id="cfm_slow_0" pos="7.08" speed="47.01"/>
                <vehicle id="cfm_slow_1" pos="47.17" speed="47.02"/>
            </lane>
        </edge>
    </timestep>
    <timestep time="8.51">
        <edge id="bottom">
            <lane id="bottom_0">
                <vehicle id="cfm_slow_3" pos="27.65" speed="46.85"/>
            </lane>
        </edge>
        <edge id="left">
            <lane id="left_0">
                <vehicle id="cfm_slow_2" pos="37.71" speed="46.91"/>
            </lane>
        </edge>
        <edge id="right">
            <lane id="right_0">
                <vehicle id="cfm_slow_4" pos="17.55" speed="46.93"/>
            </lane>
        </edge>
        <edge id="top">
            <lane id="top_0">
                <vehicle id="cfm_slow_0" pos="7.55" speed="47.01"/>
                <vehicle id="cfm_slow_1" pos="47.64" speed="47.02"/>
            </lane>
        </edge>
    </timestep>
    <timestep time="8.52">
        <edge id="bottom">
            <lane id="bottom_0">
                <vehicle id="cfm_slow_3" pos="28.12" speed="46.85"/>
            </lane>
        </edge>
        <edge id="left">
            <lane id="left_0">
                <vehicle id="cfm_slow_2" pos="38.18" speed="46.91"/>
            </lane>
        </edge>
        <edge id="right">
            <lane id="right_0">
                <vehicle id="cfm_slow_4" pos="18.02" speed="46.93"/>
            </lane>
        </edge>
        <edge id="top">
            <lane id="top_0">
                <vehicle id="cfm_slow_0" pos="8.02" speed="47.01"/>
                <vehicle id="cfm_slow_1" pos="48.11" speed="47.02"/>
            </lane>
        </edge>
    </timestep>
    <timestep time="8.53">
        <edge id="bottom">
            <lane id="bottom_0">
                <vehicle id="cfm_slow_3" pos="28.59" speed="46.85"/>
            </lane>
        </edge>
        <edge id="left">
            <lane id="left_0">
                <vehicle id="cfm_slow_2" pos="38.64" speed="46.91"/>
            </lane>
        </edge>
        <edge id="right">
            <lane id="right_0">
                <vehicle id="cfm_slow_4" pos="18.49" speed="46.93"/>
            </lane>
        </edge>
        <edge id="top">
            <lane id="top_0">
                <vehicle id="cfm_slow_0" pos="8.49" speed="47.01"/>
                <vehicle id="cfm_slow_1" pos="48.58" speed="47.02"/>
            </lane>
        </edge>
    </timestep>
    <timestep time="8.54">
        <edge id="bottom">
            <lane id="bottom_0">
                <vehicle id="cfm_slow_3" pos="29.06" speed="46.85"/>
            </lane>
        </edge>
        <edge id="left">
            <lane id="left_0">
                <vehicle id="cfm_slow_2" pos="39.11" speed="46.91"/>
            </lane>
        </edge>
        <edge id="right">
            <lane id="right_0">
                <vehicle id="cfm_slow_4" pos="18.96" speed="46.93"/>
            </lane>
        </edge>
        <edge id="top">
            <lane id="top_0">
                <vehicle id="cfm_slow_0" pos="8.97" speed="47.02"/>
                <vehicle id="cfm_slow_1" pos="49.05" speed="47.02"/>
            </lane>
        </edge>
    </timestep>
    <timestep time="8.55">
        <edge id="bottom">
            <lane id="bottom_0">
                <vehicle id="cfm_slow_3" pos="29.53" speed="46.85"/>
            </lane>
        </edge>
        <edge id="left">
            <lane id="left_0">
                <vehicle id="cfm_slow_2" pos="39.58" speed="46.91"/>
            </lane>
        </edge>
        <edge id="right">
            <lane id="right_0">
                <vehicle id="cfm_slow_4" pos="19.42" speed="46.93"/>
            </lane>
        </edge>
        <edge id="top">
            <lane id="top_0">
                <vehicle id="cfm_slow_0" pos="9.44" speed="47.02"/>
                <vehicle id="cfm_slow_1" pos="49.52" speed="47.02"/>
            </lane>
        </edge>
    </timestep>
    <timestep time="8.56">
        <edge id="bottom">
            <lane id="bottom_0">
                <vehicle id="cfm_slow_3" pos="30.00" speed="46.86"/>
            </lane>
        </edge>
        <edge id="left">
            <lane id="left_0">
                <vehicle id="cfm_slow_2" pos="40.05" speed="46.91"/>
            </lane>
        </edge>
        <edge id="right">
            <lane id="right_0">
                <vehicle id="cfm_slow_4" pos="19.89" speed="46.93"/>
            </lane>
        </edge>
        <edge id="top">
            <lane id="top_0">
                <vehicle id="cfm_slow_0" pos="9.91" speed="47.02"/>
                <vehicle id="cfm_slow_1" pos="49.99" speed="47.02"/>
            </lane>
        </edge>
    </timestep>
    <timestep time="8.57">
        <edge id="bottom">
            <lane id="bottom_0">
                <vehicle id="cfm_slow_3" pos="30.47" speed="46.86"/>
            </lane>
        </edge>
        <edge id="left">
            <lane id="left_0">
                <vehicle id="cfm_slow_1" pos="0.46" speed="47.02"/>
                <vehicle id="cfm_slow_2" pos="40.52" speed="46.91"/>
            </lane>
        </edge>
        <edge id="right">
            <lane id="right_0">
                <vehicle id="cfm_slow_4" pos="20.36" speed="46.94"/>
            </lane>
        </edge>
        <edge id="top">
            <lane id="top_0">
                <vehicle id="cfm_slow_0" pos="10.38" speed="47.02"/>
            </lane>
        </edge>
    </timestep>
    <timestep time="8.58">
        <edge id="bottom">
            <lane id="bottom_0">
                <vehicle id="cfm_slow_3" pos="30.93" speed="46.86"/>
            </lane>
        </edge>
        <edge id="left">
            <lane id="left_0">
                <vehicle id="cfm_slow_1" pos="0.93" speed="47.02"/>
                <vehicle id="cfm_slow_2" pos="40.99" speed="46.91"/>
            </lane>
        </edge>
        <edge id="right">
            <lane id="right_0">
                <vehicle id="cfm_slow_4" pos="20.83" speed="46.94"/>
            </lane>
        </edge>
        <edge id="top">
            <lane id="top_0">
                <vehicle id="cfm_slow_0" pos="10.85" speed="47.02"/>
            </lane>
        </edge>
    </timestep>
    <timestep time="8.59">
        <edge id="bottom">
            <lane id="bottom_0">
                <vehicle id="cfm_slow_3" pos="31.40" speed="46.86"/>
            </lane>
        </edge>
        <edge id="left">
            <lane id="left_0">
                <vehicle id="cfm_slow_1" pos="1.40" speed="47.02"/>
                <vehicle id="cfm_slow_2" pos="41.46" speed="46.91"/>
            </lane>
        </edge>
        <edge id="right">
            <lane id="right_0">
                <vehicle id="cfm_slow_4" pos="21.30" speed="46.94"/>
            </lane>
        </edge>
        <edge id="top">
            <lane id="top_0">
                <vehicle id="cfm_slow_0" pos="11.32" speed="47.02"/>
            </lane>
        </edge>
    </timestep>
    <timestep time="8.60">
        <edge id="bottom">
            <lane id="bottom_0">
                <vehicle id="cfm_slow_3" pos="31.87" speed="46.86"/>
            </lane>
        </edge>
        <edge id="left">
            <lane id="left_0">
                <vehicle id="cfm_slow_1" pos="1.87" speed="47.02"/>
                <vehicle id="cfm_slow_2" pos="41.93" speed="46.91"/>
            </lane>
        </edge>
        <edge id="right">
            <lane id="right_0">
                <vehicle id="cfm_slow_4" pos="21.77" speed="46.94"/>
            </lane>
        </edge>
        <edge id="top">
            <lane id="top_0">
                <vehicle id="cfm_slow_0" pos="11.79" speed="47.02"/>
            </lane>
        </edge>
    </timestep>
    <timestep time="8.61">
        <edge id="bottom">
            <lane id="bottom_0">
                <vehicle id="cfm_slow_3" pos="32.34" speed="46.86"/>
            </lane>
        </edge>
        <edge id="left">
            <lane id="left_0">
                <vehicle id="cfm_slow_1" pos="2.34" speed="47.02"/>
                <vehicle id="cfm_slow_2" pos="42.40" speed="46.91"/>
            </lane>
        </edge>
        <edge id="right">
            <lane id="right_0">
                <vehicle id="cfm_slow_4" pos="22.24" speed="46.94"/>
            </lane>
        </edge>
        <edge id="top">
            <lane id="top_0">
                <vehicle id="cfm_slow_0" pos="12.26" speed="47.02"/>
            </lane>
        </edge>
    </timestep>
    <timestep time="8.62">
        <edge id="bottom">
            <lane id="bottom_0">
                <vehicle id="cfm_slow_3" pos="32.81" speed="46.86"/>
            </lane>
        </edge>
        <edge id="left">
            <lane id="left_0">
                <vehicle id="cfm_slow_1" pos="2.81" speed="47.02"/>
                <vehicle id="cfm_slow_2" pos="42.87" speed="46.91"/>
            </lane>
        </edge>
        <edge id="right">
            <lane id="right_0">
                <vehicle id="cfm_slow_4" pos="22.71" speed="46.94"/>
            </lane>
        </edge>
        <edge id="top">
            <lane id="top_0">
                <vehicle id="cfm_slow_0" pos="12.73" speed="47.02"/>
            </lane>
        </edge>
    </timestep>
    <timestep time="8.63">
        <edge id="bottom">
            <lane id="bottom_0">
                <vehicle id="cfm_slow_3" pos="33.28" speed="46.86"/>
            </lane>
        </edge>
        <edge id="left">
            <lane id="left_0">
                <vehicle id="cfm_slow_1" pos="3.28" speed="47.02"/>
                <vehicle id="cfm_slow_2" pos="43.34" speed="46.91"/>
            </lane>
        </edge>
        <edge id="right">
            <lane id="right_0">
                <vehicle id="cfm_slow_4" pos="23.18" speed="46.94"/>
            </lane>
        </edge>
        <edge id="top">
            <lane id="top_0">
                <vehicle id="cfm_slow_0" pos="13.20" speed="47.02"/>
            </lane>
        </edge>
    </timestep>
    <timestep time="8.64">
        <edge id="bottom">
            <lane id="bottom_0">
                <vehicle id="cfm_slow_3" pos="33.75" speed="46.86"/>
            </lane>
        </edge>
        <edge id="left">
            <lane id="left_0">
                <vehicle id="cfm_slow_1" pos="3.75" speed="47.01"/>
                <vehicle id="cfm_slow_2" pos="43.80" speed="46.91"/>
            </lane>
        </edge>
        <edge id="right">
            <lane id="right_0">
                <vehicle id="cfm_slow_4" pos="23.65" speed="46.95"/>
            </lane>
        </edge>
        <edge id="top">
            <lane id="top_0">
                <vehicle id="cfm_slow_0" pos="13.67" speed="47.02"/>
            </lane>
        </edge>
    </timestep>
    <timestep time="8.65">
        <edge id="bottom">
            <lane id="bottom_0">
                <vehicle id="cfm_slow_3" pos="34.21" speed="46.87"/>
            </lane>
        </edge>
        <edge id="left">
            <lane id="left_0">
                <vehicle id="cfm_slow_1" pos="4.22" speed="47.01"/>
                <vehicle id="cfm_slow_2" pos="44.27" speed="46.91"/>
            </lane>
        </edge>
        <edge id="right">
            <lane id="right_0">
                <vehicle id="cfm_slow_4" pos="24.12" speed="46.95"/>
            </lane>
        </edge>
        <edge id="top">
            <lane id="top_0">
                <vehicle id="cfm_slow_0" pos="14.14" speed="47.02"/>
            </lane>
        </edge>
    </timestep>
    <timestep time="8.66">
        <edge id="bottom">
            <lane id="bottom_0">
                <vehicle id="cfm_slow_3" pos="34.68" speed="46.87"/>
            </lane>
        </edge>
        <edge id="left">
            <lane id="left_0">
                <vehicle id="cfm_slow_1" pos="4.69" speed="47.01"/>
                <vehicle id="cfm_slow_2" pos="44.74" speed="46.91"/>
            </lane>
        </edge>
        <edge id="right">
            <lane id="right_0">
                <vehicle id="cfm_slow_4" pos="24.59" speed="46.95"/>
            </lane>
        </edge>
        <edge id="top">
            <lane id="top_0">
                <vehicle id="cfm_slow_0" pos="14.61" speed="47.02"/>
            </lane>
        </edge>
    </timestep>
    <timestep time="8.67">
        <edge id="bottom">
            <lane id="bottom_0">
                <vehicle id="cfm_slow_3" pos="35.15" speed="46.87"/>
            </lane>
        </edge>
        <edge id="left">
            <lane id="left_0">
                <vehicle id="cfm_slow_1" pos="5.16" speed="47.01"/>
                <vehicle id="cfm_slow_2" pos="45.21" speed="46.91"/>
            </lane>
        </edge>
        <edge id="right">
            <lane id="right_0">
                <vehicle id="cfm_slow_4" pos="25.06" speed="46.95"/>
            </lane>
        </edge>
        <edge id="top">
            <lane id="top_0">
                <vehicle id="cfm_slow_0" pos="15.08" speed="47.02"/>
            </lane>
        </edge>
    </timestep>
    <timestep time="8.68">
        <edge id="bottom">
            <lane id="bottom_0">
                <vehicle id="cfm_slow_3" pos="35.62" speed="46.87"/>
            </lane>
        </edge>
        <edge id="left">
            <lane id="left_0">
                <vehicle id="cfm_slow_1" pos="5.63" speed="47.01"/>
                <vehicle id="cfm_slow_2" pos="45.68" speed="46.91"/>
            </lane>
        </edge>
        <edge id="right">
            <lane id="right_0">
                <vehicle id="cfm_slow_4" pos="25.53" speed="46.95"/>
            </lane>
        </edge>
        <edge id="top">
            <lane id="top_0">
                <vehicle id="cfm_slow_0" pos="15.55" speed="47.02"/>
            </lane>
        </edge>
    </timestep>
    <timestep time="8.69">
        <edge id="bottom">
            <lane id="bottom_0">
                <vehicle id="cfm_slow_3" pos="36.09" speed="46.87"/>
            </lane>
        </edge>
        <edge id="left">
            <lane id="left_0">
                <vehicle id="cfm_slow_1" pos="6.10" speed="47.01"/>
                <vehicle id="cfm_slow_2" pos="46.15" speed="46.91"/>
            </lane>
        </edge>
        <edge id="right">
            <lane id="right_0">
                <vehicle id="cfm_slow_4" pos="26.00" speed="46.95"/>
            </lane>
        </edge>
        <edge id="top">
            <lane id="top_0">
                <vehicle id="cfm_slow_0" pos="16.02" speed="47.02"/>
            </lane>
        </edge>
    </timestep>
    <timestep time="8.70">
        <edge id="bottom">
            <lane id="bottom_0">
                <vehicle id="cfm_slow_3" pos="36.56" speed="46.87"/>
            </lane>
        </edge>
        <edge id="left">
            <lane id="left_0">
                <vehicle id="cfm_slow_1" pos="6.57" speed="47.01"/>
                <vehicle id="cfm_slow_2" pos="46.62" speed="46.91"/>
            </lane>
        </edge>
        <edge id="right">
            <lane id="right_0">
                <vehicle id="cfm_slow_4" pos="26.47" speed="46.95"/>
            </lane>
        </edge>
        <edge id="top">
            <lane id="top_0">
                <vehicle id="cfm_slow_0" pos="16.49" speed="47.02"/>
            </lane>
        </edge>
    </timestep>
    <timestep time="8.71">
        <edge id="bottom">
            <lane id="bottom_0">
                <vehicle id="cfm_slow_3" pos="37.03" speed="46.87"/>
            </lane>
        </edge>
        <edge id="left">
            <lane id="left_0">
                <vehicle id="cfm_slow_1" pos="7.04" speed="47.01"/>
                <vehicle id="cfm_slow_2" pos="47.09" speed="46.91"/>
            </lane>
        </edge>
        <edge id="right">
            <lane id="right_0">
                <vehicle id="cfm_slow_4" pos="26.94" speed="46.95"/>
            </lane>
        </edge>
        <edge id="top">
            <lane id="top_0">
                <vehicle id="cfm_slow_0" pos="16.96" speed="47.02"/>
            </lane>
        </edge>
    </timestep>
    <timestep time="8.72">
        <edge id="bottom">
            <lane id="bottom_0">
                <vehicle id="cfm_slow_3" pos="37.49" speed="46.87"/>
            </lane>
        </edge>
        <edge id="left">
            <lane id="left_0">
                <vehicle id="cfm_slow_1" pos="7.51" speed="47.01"/>
                <vehicle id="cfm_slow_2" pos="47.56" speed="46.91"/>
            </lane>
        </edge>
        <edge id="right">
            <lane id="right_0">
                <vehicle id="cfm_slow_4" pos="27.41" speed="46.96"/>
            </lane>
        </edge>
        <edge id="top">
            <lane id="top_0">
                <vehicle id="cfm_slow_0" pos="17.43" speed="47.02"/>
            </lane>
        </edge>
    </timestep>
    <timestep time="8.73">
        <edge id="bottom">
            <lane id="bottom_0">
                <vehicle id="cfm_slow_3" pos="37.96" speed="46.87"/>
            </lane>
        </edge>
        <edge id="left">
            <lane id="left_0">
                <vehicle id="cfm_slow_1" pos="7.98" speed="47.01"/>
                <vehicle id="cfm_slow_2" pos="48.03" speed="46.91"/>
            </lane>
        </edge>
        <edge id="right">
            <lane id="right_0">
                <vehicle id="cfm_slow_4" pos="27.87" speed="46.96"/>
            </lane>
        </edge>
        <edge id="top">
            <lane id="top_0">
                <vehicle id="cfm_slow_0" pos="17.90" speed="47.02"/>
            </lane>
        </edge>
    </timestep>
    <timestep time="8.74">
        <edge id="bottom">
            <lane id="bottom_0">
                <vehicle id="cfm_slow_3" pos="38.43" speed="46.88"/>
            </lane>
        </edge>
        <edge id="left">
            <lane id="left_0">
                <vehicle id="cfm_slow_1" pos="8.45" speed="47.01"/>
                <vehicle id="cfm_slow_2" pos="48.49" speed="46.91"/>
            </lane>
        </edge>
        <edge id="right">
            <lane id="right_0">
                <vehicle id="cfm_slow_4" pos="28.34" speed="46.96"/>
            </lane>
        </edge>
        <edge id="top">
            <lane id="top_0">
                <vehicle id="cfm_slow_0" pos="18.37" speed="47.03"/>
            </lane>
        </edge>
    </timestep>
    <timestep time="8.75">
        <edge id="bottom">
            <lane id="bottom_0">
                <vehicle id="cfm_slow_3" pos="38.90" speed="46.88"/>
            </lane>
        </edge>
        <edge id="left">
            <lane id="left_0">
                <vehicle id="cfm_slow_1" pos="8.92" speed="47.01"/>
                <vehicle id="cfm_slow_2" pos="48.96" speed="46.91"/>
            </lane>
        </edge>
        <edge id="right">
            <lane id="right_0">
                <vehicle id="cfm_slow_4" pos="28.81" speed="46.96"/>
            </lane>
        </edge>
        <edge id="top">
            <lane id="top_0">
                <vehicle id="cfm_slow_0" pos="18.84" speed="47.03"/>
            </lane>
        </edge>
    </timestep>
    <timestep time="8.76">
        <edge id="bottom">
            <lane id="bottom_0">
                <vehicle id="cfm_slow_3" pos="39.37" speed="46.88"/>
            </lane>
        </edge>
        <edge id="left">
            <lane id="left_0">
                <vehicle id="cfm_slow_1" pos="9.39" speed="47.01"/>
                <vehicle id="cfm_slow_2" pos="49.43" speed="46.91"/>
            </lane>
        </edge>
        <edge id="right">
            <lane id="right_0">
                <vehicle id="cfm_slow_4" pos="29.28" speed="46.96"/>
            </lane>
        </edge>
        <edge id="top">
            <lane id="top_0">
                <vehicle id="cfm_slow_0" pos="19.31" speed="47.03"/>
            </lane>
        </edge>
    </timestep>
    <timestep time="8.77">
        <edge id="bottom">
            <lane id="bottom_0">
                <vehicle id="cfm_slow_3" pos="39.84" speed="46.88"/>
            </lane>
        </edge>
        <edge id="left">
            <lane id="left_0">
                <vehicle id="cfm_slow_1" pos="9.86" speed="47.01"/>
                <vehicle id="cfm_slow_2" pos="49.90" speed="46.91"/>
            </lane>
        </edge>
        <edge id="right">
            <lane id="right_0">
                <vehicle id="cfm_slow_4" pos="29.75" speed="46.96"/>
            </lane>
        </edge>
        <edge id="top">
            <lane id="top_0">
                <vehicle id="cfm_slow_0" pos="19.78" speed="47.03"/>
            </lane>
        </edge>
    </timestep>
    <timestep time="8.78">
        <edge id="bottom">
            <lane id="bottom_0">
                <vehicle id="cfm_slow_2" pos="0.37" speed="46.91"/>
                <vehicle id="cfm_slow_3" pos="40.31" speed="46.88"/>
            </lane>
        </edge>
        <edge id="left">
            <lane id="left_0">
                <vehicle id="cfm_slow_1" pos="10.33" speed="47.01"/>
            </lane>
        </edge>
        <edge id="right">
            <lane id="right_0">
                <vehicle id="cfm_slow_4" pos="30.22" speed="46.96"/>
            </lane>
        </edge>
        <edge id="top">
            <lane id="top_0">
                <vehicle id="cfm_slow_0" pos="20.25" speed="47.03"/>
            </lane>
        </edge>
    </timestep>
    <timestep time="8.79">
        <edge id="bottom">
            <lane id="bottom_0">
                <vehicle id="cfm_slow_2" pos="0.84" speed="46.91"/>
                <vehicle id="cfm_slow_3" pos="40.78" speed="46.88"/>
            </lane>
        </edge>
        <edge id="left">
            <lane id="left_0">
                <vehicle id="cfm_slow_1" pos="10.80" speed="47.01"/>
            </lane>
        </edge>
        <edge id="right">
            <lane id="right_0">
                <vehicle id="cfm_slow_4" pos="30.69" speed="46.96"/>
            </lane>
        </edge>
        <edge id="top">
            <lane id="top_0">
                <vehicle id="cfm_slow_0" pos="20.72" speed="47.03"/>
            </lane>
        </edge>
    </timestep>
    <timestep time="8.80">
        <edge id="bottom">
            <lane id="bottom_0">
                <vehicle id="cfm_slow_2" pos="1.31" speed="46.91"/>
                <vehicle id="cfm_slow_3" pos="41.25" speed="46.88"/>
            </lane>
        </edge>
        <edge id="left">
            <lane id="left_0">
                <vehicle id="cfm_slow_1" pos="11.27" speed="47.01"/>
            </lane>
        </edge>
        <edge id="right">
            <lane id="right_0">
                <vehicle id="cfm_slow_4" pos="31.16" speed="46.97"/>
            </lane>
        </edge>
        <edge id="top">
            <lane id="top_0">
                <vehicle id="cfm_slow_0" pos="21.19" speed="47.03"/>
            </lane>
        </edge>
    </timestep>
    <timestep time="8.81">
        <edge id="bottom">
            <lane id="bottom_0">
                <vehicle id="cfm_slow_2" pos="1.78" speed="46.91"/>
                <vehicle id="cfm_slow_3" pos="41.71" speed="46.88"/>
            </lane>
        </edge>
        <edge id="left">
            <lane id="left_0">
                <vehicle id="cfm_slow_1" pos="11.74" speed="47.00"/>
            </lane>
        </edge>
        <edge id="right">
            <lane id="right_0">
                <vehicle id="cfm_slow_4" pos="31.63" speed="46.97"/>
            </lane>
        </edge>
        <edge id="top">
            <lane id="top_0">
                <vehicle id="cfm_slow_0" pos="21.66" speed="47.03"/>
            </lane>
        </edge>
    </timestep>
    <timestep time="8.82">
        <edge id="bottom">
            <lane id="bottom_0">
                <vehicle id="cfm_slow_2" pos="2.25" speed="46.91"/>
                <vehicle id="cfm_slow_3" pos="42.18" speed="46.88"/>
            </lane>
        </edge>
        <edge id="left">
            <lane id="left_0">
                <vehicle id="cfm_slow_1" pos="12.21" speed="47.00"/>
            </lane>
        </edge>
        <edge id="right">
            <lane id="right_0">
                <vehicle id="cfm_slow_4" pos="32.10" speed="46.97"/>
            </lane>
        </edge>
        <edge id="top">
            <lane id="top_0">
                <vehicle id="cfm_slow_0" pos="22.13" speed="47.03"/>
            </lane>
        </edge>
    </timestep>
    <timestep time="8.83">
        <edge id="bottom">
            <lane id="bottom_0">
                <vehicle id="cfm_slow_2" pos="2.72" speed="46.91"/>
                <vehicle id="cfm_slow_3" pos="42.65" speed="46.88"/>
            </lane>
        </edge>
        <edge id="left">
            <lane id="left_0">
                <vehicle id="cfm_slow_1" pos="12.68" speed="47.00"/>
            </lane>
        </edge>
        <edge id="right">
            <lane id="right_0">
                <vehicle id="cfm_slow_4" pos="32.57" speed="46.97"/>
            </lane>
        </edge>
        <edge id="top">
            <lane id="top_0">
                <vehicle id="cfm_slow_0" pos="22.60" speed="47.03"/>
            </lane>
        </edge>
    </timestep>
    <timestep time="8.84">
        <edge id="bottom">
            <lane id="bottom_0">
                <vehicle id="cfm_slow_2" pos="3.19" speed="46.91"/>
                <vehicle id="cfm_slow_3" pos="43.12" speed="46.89"/>
            </lane>
        </edge>
        <edge id="left">
            <lane id="left_0">
                <vehicle id="cfm_slow_1" pos="13.15" speed="47.00"/>
            </lane>
        </edge>
        <edge id="right">
            <lane id="right_0">
                <vehicle id="cfm_slow_4" pos="33.04" speed="46.97"/>
            </lane>
        </edge>
        <edge id="top">
            <lane id="top_0">
                <vehicle id="cfm_slow_0" pos="23.07" speed="47.03"/>
            </lane>
        </edge>
    </timestep>
    <timestep time="8.85">
        <edge id="bottom">
            <lane id="bottom_0">
                <vehicle id="cfm_slow_2" pos="3.65" speed="46.91"/>
                <vehicle id="cfm_slow_3" pos="43.59" speed="46.89"/>
            </lane>
        </edge>
        <edge id="left">
            <lane id="left_0">
                <vehicle id="cfm_slow_1" pos="13.62" speed="47.00"/>
            </lane>
        </edge>
        <edge id="right">
            <lane id="right_0">
                <vehicle id="cfm_slow_4" pos="33.51" speed="46.97"/>
            </lane>
        </edge>
        <edge id="top">
            <lane id="top_0">
                <vehicle id="cfm_slow_0" pos="23.54" speed="47.03"/>
            </lane>
        </edge>
    </timestep>
    <timestep time="8.86">
        <edge id="bottom">
            <lane id="bottom_0">
                <vehicle id="cfm_slow_2" pos="4.12" speed="46.91"/>
                <vehicle id="cfm_slow_3" pos="44.06" speed="46.89"/>
            </lane>
        </edge>
        <edge id="left">
            <lane id="left_0">
                <vehicle id="cfm_slow_1" pos="14.09" speed="47.00"/>
            </lane>
        </edge>
        <edge id="right">
            <lane id="right_0">
                <vehicle id="cfm_slow_4" pos="33.98" speed="46.97"/>
            </lane>
        </edge>
        <edge id="top">
            <lane id="top_0">
                <vehicle id="cfm_slow_0" pos="24.01" speed="47.03"/>
            </lane>
        </edge>
    </timestep>
    <timestep time="8.87">
        <edge id="bottom">
            <lane id="bottom_0">
                <vehicle id="cfm_slow_2" pos="4.59" speed="46.91"/>
                <vehicle id="cfm_slow_3" pos="44.53" speed="46.89"/>
            </lane>
        </edge>
        <edge id="left">
            <lane id="left_0">
                <vehicle id="cfm_slow_1" pos="14.56" speed="47.00"/>
            </lane>
        </edge>
        <edge id="right">
            <lane id="right_0">
                <vehicle id="cfm_slow_4" pos="34.45" speed="46.97"/>
            </lane>
        </edge>
        <edge id="top">
            <lane id="top_0">
                <vehicle id="cfm_slow_0" pos="24.48" speed="47.03"/>
            </lane>
        </edge>
    </timestep>
    <timestep time="8.88">
        <edge id="bottom">
            <lane id="bottom_0">
                <vehicle id="cfm_slow_2" pos="5.06" speed="46.91"/>
                <vehicle id="cfm_slow_3" pos="45.00" speed="46.89"/>
            </lane>
        </edge>
        <edge id="left">
            <lane id="left_0">
                <vehicle id="cfm_slow_1" pos="15.03" speed="47.00"/>
            </lane>
        </edge>
        <edge id="right">
            <lane id="right_0">
                <vehicle id="cfm_slow_4" pos="34.92" speed="46.97"/>
            </lane>
        </edge>
        <edge id="top">
            <lane id="top_0">
                <vehicle id="cfm_slow_0" pos="24.95" speed="47.03"/>
            </lane>
        </edge>
    </timestep>
    <timestep time="8.89">
        <edge id="bottom">
            <lane id="bottom_0">
                <vehicle id="cfm_slow_2" pos="5.53" speed="46.91"/>
                <vehicle id="cfm_slow_3" pos="45.47" speed="46.89"/>
            </lane>
        </edge>
        <edge id="left">
            <lane id="left_0">
                <vehicle id="cfm_slow_1" pos="15.50" speed="47.00"/>
            </lane>
        </edge>
        <edge id="right">
            <lane id="right_0">
                <vehicle id="cfm_slow_4" pos="35.39" speed="46.98"/>
            </lane>
        </edge>
        <edge id="top">
            <lane id="top_0">
                <vehicle id="cfm_slow_0" pos="25.42" speed="47.03"/>
            </lane>
        </edge>
    </timestep>
    <timestep time="8.90">
        <edge id="bottom">
            <lane id="bottom_0">
                <vehicle id="cfm_slow_2" pos="6.00" speed="46.91"/>
                <vehicle id="cfm_slow_3" pos="45.93" speed="46.89"/>
            </lane>
        </edge>
        <edge id="left">
            <lane id="left_0">
                <vehicle id="cfm_slow_1" pos="15.97" speed="47.00"/>
            </lane>
        </edge>
        <edge id="right">
            <lane id="right_0">
                <vehicle id="cfm_slow_4" pos="35.86" speed="46.98"/>
            </lane>
        </edge>
        <edge id="top">
            <lane id="top_0">
                <vehicle id="cfm_slow_0" pos="25.89" speed="47.03"/>
            </lane>
        </edge>
    </timestep>
    <timestep time="8.91">
        <edge id="bottom">
            <lane id="bottom_0">
                <vehicle id="cfm_slow_2" pos="6.47" speed="46.91"/>
                <vehicle id="cfm_slow_3" pos="46.40" speed="46.89"/>
            </lane>
        </edge>
        <edge id="left">
            <lane id="left_0">
                <vehicle id="cfm_slow_1" pos="16.44" speed="47.00"/>
            </lane>
        </edge>
        <edge id="right">
            <lane id="right_0">
                <vehicle id="cfm_slow_4" pos="36.33" speed="46.98"/>
            </lane>
        </edge>
        <edge id="top">
            <lane id="top_0">
                <vehicle id="cfm_slow_0" pos="26.36" speed="47.03"/>
            </lane>
        </edge>
    </timestep>
    <timestep time="8.92">
        <edge id="bottom">
            <lane id="bottom_0">
                <vehicle id="cfm_slow_2" pos="6.94" speed="46.91"/>
                <vehicle id="cfm_slow_3" pos="46.87" speed="46.89"/>
            </lane>
        </edge>
        <edge id="left">
            <lane id="left_0">
                <vehicle id="cfm_slow_1" pos="16.91" speed="47.00"/>
            </lane>
        </edge>
        <edge id="right">
            <lane id="right_0">
                <vehicle id="cfm_slow_4" pos="36.80" speed="46.98"/>
            </lane>
        </edge>
        <edge id="top">
            <lane id="top_0">
                <vehicle id="cfm_slow_0" pos="26.83" speed="47.03"/>
            </lane>
        </edge>
    </timestep>
    <timestep time="8.93">
        <edge id="bottom">
            <lane id="bottom_0">
                <vehicle id="cfm_slow_2" pos="7.41" speed="46.91"/>
                <vehicle id="cfm_slow_3" pos="47.34" speed="46.90"/>
            </lane>
        </edge>
        <edge id="left">
            <lane id="left_0">
                <vehicle id="cfm_slow_1" pos="17.38" speed="47.00"/>
            </lane>
        </edge>
        <edge id="right">
            <lane id="right_0">
                <vehicle id="cfm_slow_4" pos="37.27" speed="46.98"/>
            </lane>
        </edge>
        <edge id="top">
            <lane id="top_0">
                <vehicle id="cfm_slow_0" pos="27.30" speed="47.03"/>
            </lane>
        </edge>
    </timestep>
    <timestep time="8.94">
        <edge id="bottom">
            <lane id="bottom_0">
                <vehicle id="cfm_slow_2" pos="7.88" speed="46.91"/>
                <vehicle id="cfm_slow_3" pos="47.81" speed="46.90"/>
            </lane>
        </edge>
        <edge id="left">
            <lane id="left_0">
                <vehicle id="cfm_slow_1" pos="17.85" speed="47.00"/>
            </lane>
        </edge>
        <edge id="right">
            <lane id="right_0">
                <vehicle id="cfm_slow_4" pos="37.74" speed="46.98"/>
            </lane>
        </edge>
        <edge id="top">
            <lane id="top_0">
                <vehicle id="cfm_slow_0" pos="27.77" speed="47.03"/>
            </lane>
        </edge>
    </timestep>
    <timestep time="8.95">
        <edge id="bottom">
            <lane id="bottom_0">
                <vehicle id="cfm_slow_2" pos="8.35" speed="46.91"/>
                <vehicle id="cfm_slow_3" pos="48.28" speed="46.90"/>
            </lane>
        </edge>
        <edge id="left">
            <lane id="left_0">
                <vehicle id="cfm_slow_1" pos="18.32" speed="47.00"/>
            </lane>
        </edge>
        <edge id="right">
            <lane id="right_0">
                <vehicle id="cfm_slow_4" pos="38.21" speed="46.98"/>
            </lane>
        </edge>
        <edge id="top">
            <lane id="top_0">
                <vehicle id="cfm_slow_0" pos="28.25" speed="47.03"/>
            </lane>
        </edge>
    </timestep>
    <timestep time="8.96">
        <edge id="bottom">
            <lane id="bottom_0">
                <vehicle id="cfm_slow_2" pos="8.81" speed="46.91"/>
                <vehicle id="cfm_slow_3" pos="48.75" speed="46.90"/>
            </lane>
        </edge>
        <edge id="left">
            <lane id="left_0">
                <vehicle id="cfm_slow_1" pos="18.79" speed="47.00"/>
            </lane>
        </edge>
        <edge id="right">
            <lane id="right_0">
                <vehicle id="cfm_slow_4" pos="38.68" speed="46.98"/>
            </lane>
        </edge>
        <edge id="top">
            <lane id="top_0">
                <vehicle id="cfm_slow_0" pos="28.72" speed="47.03"/>
            </lane>
        </edge>
    </timestep>
    <timestep time="8.97">
        <edge id="bottom">
            <lane id="bottom_0">
                <vehicle id="cfm_slow_2" pos="9.28" speed="46.91"/>
                <vehicle id="cfm_slow_3" pos="49.22" speed="46.90"/>
            </lane>
        </edge>
        <edge id="left">
            <lane id="left_0">
                <vehicle id="cfm_slow_1" pos="19.26" speed="47.00"/>
            </lane>
        </edge>
        <edge id="right">
            <lane id="right_0">
                <vehicle id="cfm_slow_4" pos="39.15" speed="46.98"/>
            </lane>
        </edge>
        <edge id="top">
            <lane id="top_0">
                <vehicle id="cfm_slow_0" pos="29.19" speed="47.03"/>
            </lane>
        </edge>
    </timestep>
    <timestep time="8.98">
        <edge id="bottom">
            <lane id="bottom_0">
                <vehicle id="cfm_slow_2" pos="9.75" speed="46.91"/>
                <vehicle id="cfm_slow_3" pos="49.69" speed="46.90"/>
            </lane>
        </edge>
        <edge id="left">
            <lane id="left_0">
                <vehicle id="cfm_slow_1" pos="19.73" speed="47.00"/>
            </lane>
        </edge>
        <edge id="right">
            <lane id="right_0">
                <vehicle id="cfm_slow_4" pos="39.62" speed="46.98"/>
            </lane>
        </edge>
        <edge id="top">
            <lane id="top_0">
                <vehicle id="cfm_slow_0" pos="29.66" speed="47.03"/>
            </lane>
        </edge>
    </timestep>
    <timestep time="8.99">
        <edge id="bottom">
            <lane id="bottom_0">
                <vehicle id="cfm_slow_2" pos="10.22" speed="46.91"/>
            </lane>
        </edge>
        <edge id="left">
            <lane id="left_0">
                <vehicle id="cfm_slow_1" pos="20.20" speed="46.99"/>
            </lane>
        </edge>
        <edge id="right">
            <lane id="right_0">
                <vehicle id="cfm_slow_3" pos="0.15" speed="46.90"/>
                <vehicle id="cfm_slow_4" pos="40.09" speed="46.98"/>
            </lane>
        </edge>
        <edge id="top">
            <lane id="top_0">
                <vehicle id="cfm_slow_0" pos="30.13" speed="47.03"/>
            </lane>
        </edge>
    </timestep>
    <timestep time="9.00">
        <edge id="bottom">
            <lane id="bottom_0">
                <vehicle id="cfm_slow_2" pos="10.69" speed="46.91"/>
            </lane>
        </edge>
        <edge id="left">
            <lane id="left_0">
                <vehicle id="cfm_slow_1" pos="20.67" speed="46.99"/>
            </lane>
        </edge>
        <edge id="right">
            <lane id="right_0">
                <vehicle id="cfm_slow_3" pos="0.62" speed="46.90"/>
                <vehicle id="cfm_slow_4" pos="40.56" speed="46.99"/>
            </lane>
        </edge>
        <edge id="top">
            <lane id="top_0">
                <vehicle id="cfm_slow_0" pos="30.60" speed="47.03"/>
            </lane>
        </edge>
    </timestep>
    <timestep time="9.01">
        <edge id="bottom">
            <lane id="bottom_0">
                <vehicle id="cfm_slow_2" pos="11.16" speed="46.91"/>
            </lane>
        </edge>
        <edge id="left">
            <lane id="left_0">
                <vehicle id="cfm_slow_1" pos="21.14" speed="46.99"/>
            </lane>
        </edge>
        <edge id="right">
            <lane id="right_0">
                <vehicle id="cfm_slow_3" pos="1.09" speed="46.90"/>
                <vehicle id="cfm_slow_4" pos="41.03" speed="46.99"/>
            </lane>
        </edge>
        <edge id="top">
            <lane id="top_0">
                <vehicle id="cfm_slow_0" pos="31.07" speed="47.03"/>
            </lane>
        </edge>
    </timestep>
    <timestep time="9.02">
        <edge id="bottom">
            <lane id="bottom_0">
                <vehicle id="cfm_slow_2" pos="11.63" speed="46.91"/>
            </lane>
        </edge>
        <edge id="left">
            <lane id="left_0">
                <vehicle id="cfm_slow_1" pos="21.61" speed="46.99"/>
            </lane>
        </edge>
        <edge id="right">
            <lane id="right_0">
                <vehicle id="cfm_slow_3" pos="1.56" speed="46.90"/>
                <vehicle id="cfm_slow_4" pos="41.50" speed="46.99"/>
            </lane>
        </edge>
        <edge id="top">
            <lane id="top_0">
                <vehicle id="cfm_slow_0" pos="31.54" speed="47.03"/>
            </lane>
        </edge>
    </timestep>
    <timestep time="9.03">
        <edge id="bottom">
            <lane id="bottom_0">
                <vehicle id="cfm_slow_2" pos="12.10" speed="46.91"/>
            </lane>
        </edge>
        <edge id="left">
            <lane id="left_0">
                <vehicle id="cfm_slow_1" pos="22.08" speed="46.99"/>
            </lane>
        </edge>
        <edge id="right">
            <lane id="right_0">
                <vehicle id="cfm_slow_3" pos="2.03" speed="46.91"/>
                <vehicle id="cfm_slow_4" pos="41.97" speed="46.99"/>
            </lane>
        </edge>
        <edge id="top">
            <lane id="top_0">
                <vehicle id="cfm_slow_0" pos="32.01" speed="47.03"/>
            </lane>
        </edge>
    </timestep>
    <timestep time="9.04">
        <edge id="bottom">
            <lane id="bottom_0">
                <vehicle id="cfm_slow_2" pos="12.57" speed="46.91"/>
            </lane>
        </edge>
        <edge id="left">
            <lane id="left_0">
                <vehicle id="cfm_slow_1" pos="22.55" speed="46.99"/>
            </lane>
        </edge>
        <edge id="right">
            <lane id="right_0">
                <vehicle id="cfm_slow_3" pos="2.50" speed="46.91"/>
                <vehicle id="cfm_slow_4" pos="42.44" speed="46.99"/>
            </lane>
        </edge>
        <edge id="top">
            <lane id="top_0">
                <vehicle id="cfm_slow_0" pos="32.48" speed="47.03"/>
            </lane>
        </edge>
    </timestep>
    <timestep time="9.05">
        <edge id="bottom">
            <lane id="bottom_0">
                <vehicle id="cfm_slow_2" pos="13.04" speed="46.91"/>
            </lane>
        </edge>
        <edge id="left">
            <lane id="left_0">
                <vehicle id="cfm_slow_1" pos="23.02" speed="46.99"/>
            </lane>
        </edge>
        <edge id="right">
            <lane id="right_0">
                <vehicle id="cfm_slow_3" pos="2.97" speed="46.91"/>
                <vehicle id="cfm_slow_4" pos="42.91" speed="46.99"/>
            </lane>
        </edge>
        <edge id="top">
            <lane id="top_0">
                <vehicle id="cfm_slow_0" pos="32.95" speed="47.03"/>
            </lane>
        </edge>
    </timestep>
    <timestep time="9.06">
        <edge id="bottom">
            <lane id="bottom_0">
                <vehicle id="cfm_slow_2" pos="13.51" speed="46.91"/>
            </lane>
        </edge>
        <edge id="left">
            <lane id="left_0">
                <vehicle id="cfm_slow_1" pos="23.49" speed="46.99"/>
            </lane>
        </edge>
        <edge id="right">
            <lane id="right_0">
                <vehicle id="cfm_slow_3" pos="3.44" speed="46.91"/>
                <vehicle id="cfm_slow_4" pos="43.38" speed="46.99"/>
            </lane>
        </edge>
        <edge id="top">
            <lane id="top_0">
                <vehicle id="cfm_slow_0" pos="33.42" speed="47.03"/>
            </lane>
        </edge>
    </timestep>
    <timestep time="9.07">
        <edge id="bottom">
            <lane id="bottom_0">
                <vehicle id="cfm_slow_2" pos="13.97" speed="46.91"/>
            </lane>
        </edge>
        <edge id="left">
            <lane id="left_0">
                <vehicle id="cfm_slow_1" pos="23.96" speed="46.99"/>
            </lane>
        </edge>
        <edge id="right">
            <lane id="right_0">
                <vehicle id="cfm_slow_3" pos="3.91" speed="46.91"/>
                <vehicle id="cfm_slow_4" pos="43.85" speed="46.99"/>
            </lane>
        </edge>
        <edge id="top">
            <lane id="top_0">
                <vehicle id="cfm_slow_0" pos="33.89" speed="47.03"/>
            </lane>
        </edge>
    </timestep>
    <timestep time="9.08">
        <edge id="bottom">
            <lane id="bottom_0">
                <vehicle id="cfm_slow_2" pos="14.44" speed="46.91"/>
            </lane>
        </edge>
        <edge id="left">
            <lane id="left_0">
                <vehicle id="cfm_slow_1" pos="24.43" speed="46.99"/>
            </lane>
        </edge>
        <edge id="right">
            <lane id="right_0">
                <vehicle id="cfm_slow_3" pos="4.38" speed="46.91"/>
                <vehicle id="cfm_slow_4" pos="44.32" speed="46.99"/>
            </lane>
        </edge>
        <edge id="top">
            <lane id="top_0">
                <vehicle id="cfm_slow_0" pos="34.36" speed="47.03"/>
            </lane>
        </edge>
    </timestep>
    <timestep time="9.09">
        <edge id="bottom">
            <lane id="bottom_0">
                <vehicle id="cfm_slow_2" pos="14.91" speed="46.91"/>
            </lane>
        </edge>
        <edge id="left">
            <lane id="left_0">
                <vehicle id="cfm_slow_1" pos="24.90" speed="46.99"/>
            </lane>
        </edge>
        <edge id="right">
            <lane id="right_0">
                <vehicle id="cfm_slow_3" pos="4.85" speed="46.91"/>
                <vehicle id="cfm_slow_4" pos="44.79" speed="46.99"/>
            </lane>
        </edge>
        <edge id="top">
            <lane id="top_0">
                <vehicle id="cfm_slow_0" pos="34.83" speed="47.03"/>
            </lane>
        </edge>
    </timestep>
    <timestep time="9.10">
        <edge id="bottom">
            <lane id="bottom_0">
                <vehicle id="cfm_slow_2" pos="15.38" speed="46.91"/>
            </lane>
        </edge>
        <edge id="left">
            <lane id="left_0">
                <vehicle id="cfm_slow_1" pos="25.37" speed="46.99"/>
            </lane>
        </edge>
        <edge id="right">
            <lane id="right_0">
                <vehicle id="cfm_slow_3" pos="5.31" speed="46.91"/>
                <vehicle id="cfm_slow_4" pos="45.26" speed="46.99"/>
            </lane>
        </edge>
        <edge id="top">
            <lane id="top_0">
                <vehicle id="cfm_slow_0" pos="35.30" speed="47.03"/>
            </lane>
        </edge>
    </timestep>
    <timestep time="9.11">
        <edge id="bottom">
            <lane id="bottom_0">
                <vehicle id="cfm_slow_2" pos="15.85" speed="46.91"/>
            </lane>
        </edge>
        <edge id="left">
            <lane id="left_0">
                <vehicle id="cfm_slow_1" pos="25.84" speed="46.99"/>
            </lane>
        </edge>
        <edge id="right">
            <lane id="right_0">
                <vehicle id="cfm_slow_3" pos="5.78" speed="46.91"/>
                <vehicle id="cfm_slow_4" pos="45.73" speed="46.99"/>
            </lane>
        </edge>
        <edge id="top">
            <lane id="top_0">
                <vehicle id="cfm_slow_0" pos="35.77" speed="47.03"/>
            </lane>
        </edge>
    </timestep>
    <timestep time="9.12">
        <edge id="bottom">
            <lane id="bottom_0">
                <vehicle id="cfm_slow_2" pos="16.32" speed="46.91"/>
            </lane>
        </edge>
        <edge id="left">
            <lane id="left_0">
                <vehicle id="cfm_slow_1" pos="26.31" speed="46.99"/>
            </lane>
        </edge>
        <edge id="right">
            <lane id="right_0">
                <vehicle id="cfm_slow_3" pos="6.25" speed="46.92"/>
                <vehicle id="cfm_slow_4" pos="46.20" speed="47.00"/>
            </lane>
        </edge>
        <edge id="top">
            <lane id="top_0">
                <vehicle id="cfm_slow_0" pos="36.24" speed="47.03"/>
            </lane>
        </edge>
    </timestep>
    <timestep time="9.13">
        <edge id="bottom">
            <lane id="bottom_0">
                <vehicle id="cfm_slow_2" pos="16.79" speed="46.91"/>
            </lane>
        </edge>
        <edge id="left">
            <lane id="left_0">
                <vehicle id="cfm_slow_1" pos="26.78" speed="46.99"/>
            </lane>
        </edge>
        <edge id="right">
            <lane id="right_0">
                <vehicle id="cfm_slow_3" pos="6.72" speed="46.92"/>
                <vehicle id="cfm_slow_4" pos="46.67" speed="47.00"/>
            </lane>
        </edge>
        <edge id="top">
            <lane id="top_0">
                <vehicle id="cfm_slow_0" pos="36.71" speed="47.03"/>
            </lane>
        </edge>
    </timestep>
    <timestep time="9.14">
        <edge id="bottom">
            <lane id="bottom_0">
                <vehicle id="cfm_slow_2" pos="17.26" speed="46.91"/>
            </lane>
        </edge>
        <edge id="left">
            <lane id="left_0">
                <vehicle id="cfm_slow_1" pos="27.25" speed="46.99"/>
            </lane>
        </edge>
        <edge id="right">
            <lane id="right_0">
                <vehicle id="cfm_slow_3" pos="7.19" speed="46.92"/>
                <vehicle id="cfm_slow_4" pos="47.14" speed="47.00"/>
            </lane>
        </edge>
        <edge id="top">
            <lane id="top_0">
                <vehicle id="cfm_slow_0" pos="37.18" speed="47.03"/>
            </lane>
        </edge>
    </timestep>
    <timestep time="9.15">
        <edge id="bottom">
            <lane id="bottom_0">
                <vehicle id="cfm_slow_2" pos="17.73" speed="46.91"/>
            </lane>
        </edge>
        <edge id="left">
            <lane id="left_0">
                <vehicle id="cfm_slow_1" pos="27.72" speed="46.99"/>
            </lane>
        </edge>
        <edge id="right">
            <lane id="right_0">
                <vehicle id="cfm_slow_3" pos="7.66" speed="46.92"/>
                <vehicle id="cfm_slow_4" pos="47.61" speed="47.00"/>
            </lane>
        </edge>
        <edge id="top">
            <lane id="top_0">
                <vehicle id="cfm_slow_0" pos="37.65" speed="47.03"/>
            </lane>
        </edge>
    </timestep>
    <timestep time="9.16">
        <edge id="bottom">
            <lane id="bottom_0">
                <vehicle id="cfm_slow_2" pos="18.20" speed="46.91"/>
            </lane>
        </edge>
        <edge id="left">
            <lane id="left_0">
                <vehicle id="cfm_slow_1" pos="28.19" speed="46.99"/>
            </lane>
        </edge>
        <edge id="right">
            <lane id="right_0">
                <vehicle id="cfm_slow_3" pos="8.13" speed="46.92"/>
                <vehicle id="cfm_slow_4" pos="48.08" speed="47.00"/>
            </lane>
        </edge>
        <edge id="top">
            <lane id="top_0">
                <vehicle id="cfm_slow_0" pos="38.12" speed="47.03"/>
            </lane>
        </edge>
    </timestep>
    <timestep time="9.17">
        <edge id="bottom">
            <lane id="bottom_0">
                <vehicle id="cfm_slow_2" pos="18.67" speed="46.91"/>
            </lane>
        </edge>
        <edge id="left">
            <lane id="left_0">
                <vehicle id="cfm_slow_1" pos="28.66" speed="46.99"/>
            </lane>
        </edge>
        <edge id="right">
            <lane id="right_0">
                <vehicle id="cfm_slow_3" pos="8.60" speed="46.92"/>
                <vehicle id="cfm_slow_4" pos="48.55" speed="47.00"/>
            </lane>
        </edge>
        <edge id="top">
            <lane id="top_0">
                <vehicle id="cfm_slow_0" pos="38.59" speed="47.03"/>
            </lane>
        </edge>
    </timestep>
    <timestep time="9.18">
        <edge id="bottom">
            <lane id="bottom_0">
                <vehicle id="cfm_slow_2" pos="19.13" speed="46.91"/>
            </lane>
        </edge>
        <edge id="left">
            <lane id="left_0">
                <vehicle id="cfm_slow_1" pos="29.13" speed="46.99"/>
            </lane>
        </edge>
        <edge id="right">
            <lane id="right_0">
                <vehicle id="cfm_slow_3" pos="9.07" speed="46.92"/>
                <vehicle id="cfm_slow_4" pos="49.02" speed="47.00"/>
            </lane>
        </edge>
        <edge id="top">
            <lane id="top_0">
                <vehicle id="cfm_slow_0" pos="39.06" speed="47.03"/>
            </lane>
        </edge>
    </timestep>
    <timestep time="9.19">
        <edge id="bottom">
            <lane id="bottom_0">
                <vehicle id="cfm_slow_2" pos="19.60" speed="46.91"/>
            </lane>
        </edge>
        <edge id="left">
            <lane id="left_0">
                <vehicle id="cfm_slow_1" pos="29.60" speed="46.98"/>
            </lane>
        </edge>
        <edge id="right">
            <lane id="right_0">
                <vehicle id="cfm_slow_3" pos="9.54" speed="46.92"/>
                <vehicle id="cfm_slow_4" pos="49.49" speed="47.00"/>
            </lane>
        </edge>
        <edge id="top">
            <lane id="top_0">
                <vehicle id="cfm_slow_0" pos="39.53" speed="47.03"/>
            </lane>
        </edge>
    </timestep>
    <timestep time="9.20">
        <edge id="bottom">
            <lane id="bottom_0">
                <vehicle id="cfm_slow_2" pos="20.07" speed="46.91"/>
            </lane>
        </edge>
        <edge id="left">
            <lane id="left_0">
                <vehicle id="cfm_slow_1" pos="30.07" speed="46.98"/>
            </lane>
        </edge>
        <edge id="right">
            <lane id="right_0">
                <vehicle id="cfm_slow_3" pos="10.01" speed="46.92"/>
                <vehicle id="cfm_slow_4" pos="49.96" speed="47.00"/>
            </lane>
        </edge>
        <edge id="top">
            <lane id="top_0">
                <vehicle id="cfm_slow_0" pos="40.00" speed="47.03"/>
            </lane>
        </edge>
    </timestep>
    <timestep time="9.21">
        <edge id="bottom">
            <lane id="bottom_0">
                <vehicle id="cfm_slow_2" pos="20.54" speed="46.91"/>
            </lane>
        </edge>
        <edge id="left">
            <lane id="left_0">
                <vehicle id="cfm_slow_1" pos="30.54" speed="46.98"/>
            </lane>
        </edge>
        <edge id="right">
            <lane id="right_0">
                <vehicle id="cfm_slow_3" pos="10.48" speed="46.92"/>
            </lane>
        </edge>
        <edge id="top">
            <lane id="top_0">
                <vehicle id="cfm_slow_4" pos="0.43" speed="47.00"/>
                <vehicle id="cfm_slow_0" pos="40.47" speed="47.03"/>
            </lane>
        </edge>
    </timestep>
    <timestep time="9.22">
        <edge id="bottom">
            <lane id="bottom_0">
                <vehicle id="cfm_slow_2" pos="21.01" speed="46.91"/>
            </lane>
        </edge>
        <edge id="left">
            <lane id="left_0">
                <vehicle id="cfm_slow_1" pos="31.01" speed="46.98"/>
            </lane>
        </edge>
        <edge id="right">
            <lane id="right_0">
                <vehicle id="cfm_slow_3" pos="10.94" speed="46.92"/>
            </lane>
        </edge>
        <edge id="top">
            <lane id="top_0">
                <vehicle id="cfm_slow_4" pos="0.90" speed="47.00"/>
                <vehicle id="cfm_slow_0" pos="40.94" speed="47.03"/>
            </lane>
        </edge>
    </timestep>
    <timestep time="9.23">
        <edge id="bottom">
            <lane id="bottom_0">
                <vehicle id="cfm_slow_2" pos="21.48" speed="46.91"/>
            </lane>
        </edge>
        <edge id="left">
            <lane id="left_0">
                <vehicle id="cfm_slow_1" pos="31.48" speed="46.98"/>
            </lane>
        </edge>
        <edge id="right">
            <lane id="right_0">
                <vehicle id="cfm_slow_3" pos="11.41" speed="46.93"/>
            </lane>
        </edge>
        <edge id="top">
            <lane id="top_0">
                <vehicle id="cfm_slow_4" pos="1.37" speed="47.00"/>
                <vehicle id="cfm_slow_0" pos="41.41" speed="47.03"/>
            </lane>
        </edge>
    </timestep>
    <timestep time="9.24">
        <edge id="bottom">
            <lane id="bottom_0">
                <vehicle id="cfm_slow_2" pos="21.95" speed="46.91"/>
            </lane>
        </edge>
        <edge id="left">
            <lane id="left_0">
                <vehicle id="cfm_slow_1" pos="31.95" speed="46.98"/>
            </lane>
        </edge>
        <edge id="right">
            <lane id="right_0">
                <vehicle id="cfm_slow_3" pos="11.88" speed="46.93"/>
            </lane>
        </edge>
        <edge id="top">
            <lane id="top_0">
                <vehicle id="cfm_slow_4" pos="1.84" speed="47.00"/>
                <vehicle id="cfm_slow_0" pos="41.88" speed="47.03"/>
            </lane>
        </edge>
    </timestep>
    <timestep time="9.25">
        <edge id="bottom">
            <lane id="bottom_0">
                <vehicle id="cfm_slow_2" pos="22.42" speed="46.91"/>
            </lane>
        </edge>
        <edge id="left">
            <lane id="left_0">
                <vehicle id="cfm_slow_1" pos="32.42" speed="46.98"/>
            </lane>
        </edge>
        <edge id="right">
            <lane id="right_0">
                <vehicle id="cfm_slow_3" pos="12.35" speed="46.93"/>
            </lane>
        </edge>
        <edge id="top">
            <lane id="top_0">
                <vehicle id="cfm_slow_4" pos="2.31" speed="47.00"/>
                <vehicle id="cfm_slow_0" pos="42.35" speed="47.03"/>
            </lane>
        </edge>
    </timestep>
    <timestep time="9.26">
        <edge id="bottom">
            <lane id="bottom_0">
                <vehicle id="cfm_slow_2" pos="22.89" speed="46.92"/>
            </lane>
        </edge>
        <edge id="left">
            <lane id="left_0">
                <vehicle id="cfm_slow_1" pos="32.89" speed="46.98"/>
            </lane>
        </edge>
        <edge id="right">
            <lane id="right_0">
                <vehicle id="cfm_slow_3" pos="12.82" speed="46.93"/>
            </lane>
        </edge>
        <edge id="top">
            <lane id="top_0">
                <vehicle id="cfm_slow_4" pos="2.78" speed="47.01"/>
                <vehicle id="cfm_slow_0" pos="42.82" speed="47.03"/>
            </lane>
        </edge>
    </timestep>
    <timestep time="9.27">
        <edge id="bottom">
            <lane id="bottom_0">
                <vehicle id="cfm_slow_2" pos="23.36" speed="46.92"/>
            </lane>
        </edge>
        <edge id="left">
            <lane id="left_0">
                <vehicle id="cfm_slow_1" pos="33.36" speed="46.98"/>
            </lane>
        </edge>
        <edge id="right">
            <lane id="right_0">
                <vehicle id="cfm_slow_3" pos="13.29" speed="46.93"/>
            </lane>
        </edge>
        <edge id="top">
            <lane id="top_0">
                <vehicle id="cfm_slow_4" pos="3.25" speed="47.01"/>
                <vehicle id="cfm_slow_0" pos="43.29" speed="47.03"/>
            </lane>
        </edge>
    </timestep>
    <timestep time="9.28">
        <edge id="bottom">
            <lane id="bottom_0">
                <vehicle id="cfm_slow_2" pos="23.83" speed="46.92"/>
            </lane>
        </edge>
        <edge id="left">
            <lane id="left_0">
                <vehicle id="cfm_slow_1" pos="33.83" speed="46.98"/>
            </lane>
        </edge>
        <edge id="right">
            <lane id="right_0">
                <vehicle id="cfm_slow_3" pos="13.76" speed="46.93"/>
            </lane>
        </edge>
        <edge id="top">
            <lane id="top_0">
                <vehicle id="cfm_slow_4" pos="3.72" speed="47.01"/>
                <vehicle id="cfm_slow_0" pos="43.77" speed="47.03"/>
            </lane>
        </edge>
    </timestep>
    <timestep time="9.29">
        <edge id="bottom">
            <lane id="bottom_0">
                <vehicle id="cfm_slow_2" pos="24.30" speed="46.92"/>
            </lane>
        </edge>
        <edge id="left">
            <lane id="left_0">
                <vehicle id="cfm_slow_1" pos="34.30" speed="46.98"/>
            </lane>
        </edge>
        <edge id="right">
            <lane id="right_0">
                <vehicle id="cfm_slow_3" pos="14.23" speed="46.93"/>
            </lane>
        </edge>
        <edge id="top">
            <lane id="top_0">
                <vehicle id="cfm_slow_4" pos="4.19" speed="47.01"/>
                <vehicle id="cfm_slow_0" pos="44.24" speed="47.03"/>
            </lane>
        </edge>
    </timestep>
    <timestep time="9.30">
        <edge id="bottom">
            <lane id="bottom_0">
                <vehicle id="cfm_slow_2" pos="24.76" speed="46.92"/>
            </lane>
        </edge>
        <edge id="left">
            <lane id="left_0">
                <vehicle id="cfm_slow_1" pos="34.77" speed="46.98"/>
            </lane>
        </edge>
        <edge id="right">
            <lane id="right_0">
                <vehicle id="cfm_slow_3" pos="14.70" speed="46.93"/>
            </lane>
        </edge>
        <edge id="top">
            <lane id="top_0">
                <vehicle id="cfm_slow_4" pos="4.66" speed="47.01"/>
                <vehicle id="cfm_slow_0" pos="44.71" speed="47.03"/>
            </lane>
        </edge>
    </timestep>
    <timestep time="9.31">
        <edge id="bottom">
            <lane id="bottom_0">
                <vehicle id="cfm_slow_2" pos="25.23" speed="46.92"/>
            </lane>
        </edge>
        <edge id="left">
            <lane id="left_0">
                <vehicle id="cfm_slow_1" pos="35.24" speed="46.98"/>
            </lane>
        </edge>
        <edge id="right">
            <lane id="right_0">
                <vehicle id="cfm_slow_3" pos="15.17" speed="46.93"/>
            </lane>
        </edge>
        <edge id="top">
            <lane id="top_0">
                <vehicle id="cfm_slow_4" pos="5.13" speed="47.01"/>
                <vehicle id="cfm_slow_0" pos="45.18" speed="47.03"/>
            </lane>
        </edge>
    </timestep>
    <timestep time="9.32">
        <edge id="bottom">
            <lane id="bottom_0">
                <vehicle id="cfm_slow_2" pos="25.70" speed="46.92"/>
            </lane>
        </edge>
        <edge id="left">
            <lane id="left_0">
                <vehicle id="cfm_slow_1" pos="35.70" speed="46.98"/>
            </lane>
        </edge>
        <edge id="right">
            <lane id="right_0">
                <vehicle id="cfm_slow_3" pos="15.64" speed="46.93"/>
            </lane>
        </edge>
        <edge id="top">
            <lane id="top_0">
                <vehicle id="cfm_slow_4" pos="5.60" speed="47.01"/>
                <vehicle id="cfm_slow_0" pos="45.65" speed="47.03"/>
            </lane>
        </edge>
    </timestep>
    <timestep time="9.33">
        <edge id="bottom">
            <lane id="bottom_0">
                <vehicle id="cfm_slow_2" pos="26.17" speed="46.92"/>
            </lane>
        </edge>
        <edge id="left">
            <lane id="left_0">
                <vehicle id="cfm_slow_1" pos="36.17" speed="46.98"/>
            </lane>
        </edge>
        <edge id="right">
            <lane id="right_0">
                <vehicle id="cfm_slow_3" pos="16.11" speed="46.94"/>
            </lane>
        </edge>
        <edge id="top">
            <lane id="top_0">
                <vehicle id="cfm_slow_4" pos="6.07" speed="47.01"/>
                <vehicle id="cfm_slow_0" pos="46.12" speed="47.03"/>
            </lane>
        </edge>
    </timestep>
    <timestep time="9.34">
        <edge id="bottom">
            <lane id="bottom_0">
                <vehicle id="cfm_slow_2" pos="26.64" speed="46.92"/>
            </lane>
        </edge>
        <edge id="left">
            <lane id="left_0">
                <vehicle id="cfm_slow_1" pos="36.64" speed="46.98"/>
            </lane>
        </edge>
        <edge id="right">
            <lane id="right_0">
                <vehicle id="cfm_slow_3" pos="16.58" speed="46.94"/>
            </lane>
        </edge>
        <edge id="top">
            <lane id="top_0">
                <vehicle id="cfm_slow_4" pos="6.54" speed="47.01"/>
                <vehicle id="cfm_slow_0" pos="46.59" speed="47.03"/>
            </lane>
        </edge>
    </timestep>
    <timestep time="9.35">
        <edge id="bottom">
            <lane id="bottom_0">
                <vehicle id="cfm_slow_2" pos="27.11" speed="46.92"/>
            </lane>
        </edge>
        <edge id="left">
            <lane id="left_0">
                <vehicle id="cfm_slow_1" pos="37.11" speed="46.98"/>
            </lane>
        </edge>
        <edge id="right">
            <lane id="right_0">
                <vehicle id="cfm_slow_3" pos="17.05" speed="46.94"/>
            </lane>
        </edge>
        <edge id="top">
            <lane id="top_0">
                <vehicle id="cfm_slow_4" pos="7.01" speed="47.01"/>
                <vehicle id="cfm_slow_0" pos="47.06" speed="47.03"/>
            </lane>
        </edge>
    </timestep>
    <timestep time="9.36">
        <edge id="bottom">
            <lane id="bottom_0">
                <vehicle id="cfm_slow_2" pos="27.58" speed="46.92"/>
            </lane>
        </edge>
        <edge id="left">
            <lane id="left_0">
                <vehicle id="cfm_slow_1" pos="37.58" speed="46.98"/>
            </lane>
        </edge>
        <edge id="right">
            <lane id="right_0">
                <vehicle id="cfm_slow_3" pos="17.52" speed="46.94"/>
            </lane>
        </edge>
        <edge id="top">
            <lane id="top_0">
                <vehicle id="cfm_slow_4" pos="7.48" speed="47.01"/>
                <vehicle id="cfm_slow_0" pos="47.53" speed="47.03"/>
            </lane>
        </edge>
    </timestep>
    <timestep time="9.37">
        <edge id="bottom">
            <lane id="bottom_0">
                <vehicle id="cfm_slow_2" pos="28.05" speed="46.92"/>
            </lane>
        </edge>
        <edge id="left">
            <lane id="left_0">
                <vehicle id="cfm_slow_1" pos="38.05" speed="46.98"/>
            </lane>
        </edge>
        <edge id="right">
            <lane id="right_0">
                <vehicle id="cfm_slow_3" pos="17.98" speed="46.94"/>
            </lane>
        </edge>
        <edge id="top">
            <lane id="top_0">
                <vehicle id="cfm_slow_4" pos="7.95" speed="47.01"/>
                <vehicle id="cfm_slow_0" pos="48.00" speed="47.03"/>
            </lane>
        </edge>
    </timestep>
    <timestep time="9.38">
        <edge id="bottom">
            <lane id="bottom_0">
                <vehicle id="cfm_slow_2" pos="28.52" speed="46.92"/>
            </lane>
        </edge>
        <edge id="left">
            <lane id="left_0">
                <vehicle id="cfm_slow_1" pos="38.52" speed="46.98"/>
            </lane>
        </edge>
        <edge id="right">
            <lane id="right_0">
                <vehicle id="cfm_slow_3" pos="18.45" speed="46.94"/>
            </lane>
        </edge>
        <edge id="top">
            <lane id="top_0">
                <vehicle id="cfm_slow_4" pos="8.42" speed="47.01"/>
                <vehicle id="cfm_slow_0" pos="48.47" speed="47.03"/>
            </lane>
        </edge>
    </timestep>
    <timestep time="9.39">
        <edge id="bottom">
            <lane id="bottom_0">
                <vehicle id="cfm_slow_2" pos="28.99" speed="46.92"/>
            </lane>
        </edge>
        <edge id="left">
            <lane id="left_0">
                <vehicle id="cfm_slow_1" pos="38.99" speed="46.98"/>
            </lane>
        </edge>
        <edge id="right">
            <lane id="right_0">
                <vehicle id="cfm_slow_3" pos="18.92" speed="46.94"/>
            </lane>
        </edge>
        <edge id="top">
            <lane id="top_0">
                <vehicle id="cfm_slow_4" pos="8.89" speed="47.01"/>
                <vehicle id="cfm_slow_0" pos="48.94" speed="47.03"/>
            </lane>
        </edge>
    </timestep>
    <timestep time="9.40">
        <edge id="bottom">
            <lane id="bottom_0">
                <vehicle id="cfm_slow_2" pos="29.46" speed="46.92"/>
            </lane>
        </edge>
        <edge id="left">
            <lane id="left_0">
                <vehicle id="cfm_slow_1" pos="39.46" speed="46.98"/>
            </lane>
        </edge>
        <edge id="right">
            <lane id="right_0">
                <vehicle id="cfm_slow_3" pos="19.39" speed="46.94"/>
            </lane>
        </edge>
        <edge id="top">
            <lane id="top_0">
                <vehicle id="cfm_slow_4" pos="9.36" speed="47.01"/>
                <vehicle id="cfm_slow_0" pos="49.41" speed="47.03"/>
            </lane>
        </edge>
    </timestep>
    <timestep time="9.41">
        <edge id="bottom">
            <lane id="bottom_0">
                <vehicle id="cfm_slow_2" pos="29.93" speed="46.92"/>
            </lane>
        </edge>
        <edge id="left">
            <lane id="left_0">
                <vehicle id="cfm_slow_1" pos="39.93" speed="46.98"/>
            </lane>
        </edge>
        <edge id="right">
            <lane id="right_0">
                <vehicle id="cfm_slow_3" pos="19.86" speed="46.94"/>
            </lane>
        </edge>
        <edge id="top">
            <lane id="top_0">
                <vehicle id="cfm_slow_4" pos="9.83" speed="47.01"/>
                <vehicle id="cfm_slow_0" pos="49.88" speed="47.03"/>
            </lane>
        </edge>
    </timestep>
    <timestep time="9.42">
        <edge id="bottom">
            <lane id="bottom_0">
                <vehicle id="cfm_slow_2" pos="30.39" speed="46.92"/>
            </lane>
        </edge>
        <edge id="left">
            <lane id="left_0">
                <vehicle id="cfm_slow_0" pos="0.35" speed="47.03"/>
                <vehicle id="cfm_slow_1" pos="40.40" speed="46.98"/>
            </lane>
        </edge>
        <edge id="right">
            <lane id="right_0">
                <vehicle id="cfm_slow_3" pos="20.33" speed="46.94"/>
            </lane>
        </edge>
        <edge id="top">
            <lane id="top_0">
                <vehicle id="cfm_slow_4" pos="10.30" speed="47.01"/>
            </lane>
        </edge>
    </timestep>
    <timestep time="9.43">
        <edge id="bottom">
            <lane id="bottom_0">
                <vehicle id="cfm_slow_2" pos="30.86" speed="46.92"/>
            </lane>
        </edge>
        <edge id="left">
            <lane id="left_0">
                <vehicle id="cfm_slow_0" pos="0.82" speed="47.03"/>
                <vehicle id="cfm_slow_1" pos="40.87" speed="46.98"/>
            </lane>
        </edge>
        <edge id="right">
            <lane id="right_0">
                <vehicle id="cfm_slow_3" pos="20.80" speed="46.94"/>
            </lane>
        </edge>
        <edge id="top">
            <lane id="top_0">
                <vehicle id="cfm_slow_4" pos="10.77" speed="47.01"/>
            </lane>
        </edge>
    </timestep>
    <timestep time="9.44">
        <edge id="bottom">
            <lane id="bottom_0">
                <vehicle id="cfm_slow_2" pos="31.33" speed="46.92"/>
            </lane>
        </edge>
        <edge id="left">
            <lane id="left_0">
                <vehicle id="cfm_slow_0" pos="1.29" speed="47.03"/>
                <vehicle id="cfm_slow_1" pos="41.34" speed="46.97"/>
            </lane>
        </edge>
        <edge id="right">
            <lane id="right_0">
                <vehicle id="cfm_slow_3" pos="21.27" speed="46.94"/>
            </lane>
        </edge>
        <edge id="top">
            <lane id="top_0">
                <vehicle id="cfm_slow_4" pos="11.24" speed="47.01"/>
            </lane>
        </edge>
    </timestep>
    <timestep time="9.45">
        <edge id="bottom">
            <lane id="bottom_0">
                <vehicle id="cfm_slow_2" pos="31.80" speed="46.92"/>
            </lane>
        </edge>
        <edge id="left">
            <lane id="left_0">
                <vehicle id="cfm_slow_0" pos="1.76" speed="47.03"/>
                <vehicle id="cfm_slow_1" pos="41.81" speed="46.97"/>
            </lane>
        </edge>
        <edge id="right">
            <lane id="right_0">
                <vehicle id="cfm_slow_3" pos="21.74" speed="46.95"/>
            </lane>
        </edge>
        <edge id="top">
            <lane id="top_0">
                <vehicle id="cfm_slow_4" pos="11.71" speed="47.02"/>
            </lane>
        </edge>
    </timestep>
    <timestep time="9.46">
        <edge id="bottom">
            <lane id="bottom_0">
                <vehicle id="cfm_slow_2" pos="32.27" speed="46.92"/>
            </lane>
        </edge>
        <edge id="left">
            <lane id="left_0">
                <vehicle id="cfm_slow_0" pos="2.23" speed="47.03"/>
                <vehicle id="cfm_slow_1" pos="42.28" speed="46.97"/>
            </lane>
        </edge>
        <edge id="right">
            <lane id="right_0">
                <vehicle id="cfm_slow_3" pos="22.21" speed="46.95"/>
            </lane>
        </edge>
        <edge id="top">
            <lane id="top_0">
                <vehicle id="cfm_slow_4" pos="12.18" speed="47.02"/>
            </lane>
        </edge>
    </timestep>
    <timestep time="9.47">
        <edge id="bottom">
            <lane id="bottom_0">
                <vehicle id="cfm_slow_2" pos="32.74" speed="46.92"/>
            </lane>
        </edge>
        <edge id="left">
            <lane id="left_0">
                <vehicle id="cfm_slow_0" pos="2.70" speed="47.03"/>
                <vehicle id="cfm_slow_1" pos="42.75" speed="46.97"/>
            </lane>
        </edge>
        <edge id="right">
            <lane id="right_0">
                <vehicle id="cfm_slow_3" pos="22.68" speed="46.95"/>
            </lane>
        </edge>
        <edge id="top">
            <lane id="top_0">
                <vehicle id="cfm_slow_4" pos="12.65" speed="47.02"/>
            </lane>
        </edge>
    </timestep>
    <timestep time="9.48">
        <edge id="bottom">
            <lane id="bottom_0">
                <vehicle id="cfm_slow_2" pos="33.21" speed="46.92"/>
            </lane>
        </edge>
        <edge id="left">
            <lane id="left_0">
                <vehicle id="cfm_slow_0" pos="3.17" speed="47.02"/>
                <vehicle id="cfm_slow_1" pos="43.22" speed="46.97"/>
            </lane>
        </edge>
        <edge id="right">
            <lane id="right_0">
                <vehicle id="cfm_slow_3" pos="23.15" speed="46.95"/>
            </lane>
        </edge>
        <edge id="top">
            <lane id="top_0">
                <vehicle id="cfm_slow_4" pos="13.12" speed="47.02"/>
            </lane>
        </edge>
    </timestep>
    <timestep time="9.49">
        <edge id="bottom">
            <lane id="bottom_0">
                <vehicle id="cfm_slow_2" pos="33.68" speed="46.92"/>
            </lane>
        </edge>
        <edge id="left">
            <lane id="left_0">
                <vehicle id="cfm_slow_0" pos="3.64" speed="47.02"/>
                <vehicle id="cfm_slow_1" pos="43.69" speed="46.97"/>
            </lane>
        </edge>
        <edge id="right">
            <lane id="right_0">
                <vehicle id="cfm_slow_3" pos="23.62" speed="46.95"/>
            </lane>
        </edge>
        <edge id="top">
            <lane id="top_0">
                <vehicle id="cfm_slow_4" pos="13.59" speed="47.02"/>
            </lane>
        </edge>
    </timestep>
    <timestep time="9.50">
        <edge id="bottom">
            <lane id="bottom_0">
                <vehicle id="cfm_slow_2" pos="34.15" speed="46.92"/>
            </lane>
        </edge>
        <edge id="left">
            <lane id="left_0">
                <vehicle id="cfm_slow_0" pos="4.11" speed="47.02"/>
                <vehicle id="cfm_slow_1" pos="44.16" speed="46.97"/>
            </lane>
        </edge>
        <edge id="right">
            <lane id="right_0">
                <vehicle id="cfm_slow_3" pos="24.09" speed="46.95"/>
            </lane>
        </edge>
        <edge id="top">
            <lane id="top_0">
                <vehicle id="cfm_slow_4" pos="14.06" speed="47.02"/>
            </lane>
        </edge>
    </timestep>
    <timestep time="9.51">
        <edge id="bottom">
            <lane id="bottom_0">
                <vehicle id="cfm_slow_2" pos="34.62" speed="46.92"/>
            </lane>
        </edge>
        <edge id="left">
            <lane id="left_0">
                <vehicle id="cfm_slow_0" pos="4.58" speed="47.02"/>
                <vehicle id="cfm_slow_1" pos="44.63" speed="46.97"/>
            </lane>
        </edge>
        <edge id="right">
            <lane id="right_0">
                <vehicle id="cfm_slow_3" pos="24.56" speed="46.95"/>
            </lane>
        </edge>
        <edge id="top">
            <lane id="top_0">
                <vehicle id="cfm_slow_4" pos="14.53" speed="47.02"/>
            </lane>
        </edge>
    </timestep>
    <timestep time="9.52">
        <edge id="bottom">
            <lane id="bottom_0">
                <vehicle id="cfm_slow_2" pos="35.09" speed="46.92"/>
            </lane>
        </edge>
        <edge id="left">
            <lane id="left_0">
                <vehicle id="cfm_slow_0" pos="5.05" speed="47.02"/>
                <vehicle id="cfm_slow_1" pos="45.10" speed="46.97"/>
            </lane>
        </edge>
        <edge id="right">
            <lane id="right_0">
                <vehicle id="cfm_slow_3" pos="25.03" speed="46.95"/>
            </lane>
        </edge>
        <edge id="top">
            <lane id="top_0">
                <vehicle id="cfm_slow_4" pos="15.00" speed="47.02"/>
            </lane>
        </edge>
    </timestep>
    <timestep time="9.53">
        <edge id="bottom">
            <lane id="bottom_0">
                <vehicle id="cfm_slow_2" pos="35.56" speed="46.92"/>
            </lane>
        </edge>
        <edge id="left">
            <lane id="left_0">
                <vehicle id="cfm_slow_0" pos="5.52" speed="47.02"/>
                <vehicle id="cfm_slow_1" pos="45.57" speed="46.97"/>
            </lane>
        </edge>
        <edge id="right">
            <lane id="right_0">
                <vehicle id="cfm_slow_3" pos="25.50" speed="46.95"/>
            </lane>
        </edge>
        <edge id="top">
            <lane id="top_0">
                <vehicle id="cfm_slow_4" pos="15.47" speed="47.02"/>
            </lane>
        </edge>
    </timestep>
    <timestep time="9.54">
        <edge id="bottom">
            <lane id="bottom_0">
                <vehicle id="cfm_slow_2" pos="36.03" speed="46.92"/>
            </lane>
        </edge>
        <edge id="left">
            <lane id="left_0">
                <vehicle id="cfm_slow_0" pos="5.99" speed="47.02"/>
                <vehicle id="cfm_slow_1" pos="46.04" speed="46.97"/>
            </lane>
        </edge>
        <edge id="right">
            <lane id="right_0">
                <vehicle id="cfm_slow_3" pos="25.97" speed="46.95"/>
            </lane>
        </edge>
        <edge id="top">
            <lane id="top_0">
                <vehicle id="cfm_slow_4" pos="15.94" speed="47.02"/>
            </lane>
        </edge>
    </timestep>
    <timestep time="9.55">
        <edge id="bottom">
            <lane id="bottom_0">
                <vehicle id="cfm_slow_2" pos="36.49" speed="46.93"/>
            </lane>
        </edge>
        <edge id="left">
            <lane id="left_0">
                <vehicle id="cfm_slow_0" pos="6.46" speed="47.02"/>
                <vehicle id="cfm_slow_1" pos="46.51" speed="46.97"/>
            </lane>
        </edge>
        <edge id="right">
            <lane id="right_0">
                <vehicle id="cfm_slow_3" pos="26.44" speed="46.95"/>
            </lane>
        </edge>
        <edge id="top">
            <lane id="top_0">
                <vehicle id="cfm_slow_4" pos="16.41" speed="47.02"/>
            </lane>
        </edge>
    </timestep>
    <timestep time="9.56">
        <edge id="bottom">
            <lane id="bottom_0">
                <vehicle id="cfm_slow_2" pos="36.96" speed="46.93"/>
            </lane>
        </edge>
        <edge id="left">
            <lane id="left_0">
                <vehicle id="cfm_slow_0" pos="6.93" speed="47.02"/>
                <vehicle id="cfm_slow_1" pos="46.98" speed="46.97"/>
            </lane>
        </edge>
        <edge id="right">
            <lane id="right_0">
                <vehicle id="cfm_slow_3" pos="26.90" speed="46.95"/>
            </lane>
        </edge>
        <edge id="top">
            <lane id="top_0">
                <vehicle id="cfm_slow_4" pos="16.88" speed="47.02"/>
            </lane>
        </edge>
    </timestep>
    <timestep time="9.57">
        <edge id="bottom">
            <lane id="bottom_0">
                <vehicle id="cfm_slow_2" pos="37.43" speed="46.93"/>
            </lane>
        </edge>
        <edge id="left">
            <lane id="left_0">
                <vehicle id="cfm_slow_0" pos="7.40" speed="47.02"/>
                <vehicle id="cfm_slow_1" pos="47.45" speed="46.97"/>
            </lane>
        </edge>
        <edge id="right">
            <lane id="right_0">
                <vehicle id="cfm_slow_3" pos="27.37" speed="46.96"/>
            </lane>
        </edge>
        <edge id="top">
            <lane id="top_0">
                <vehicle id="cfm_slow_4" pos="17.35" speed="47.02"/>
            </lane>
        </edge>
    </timestep>
    <timestep time="9.58">
        <edge id="bottom">
            <lane id="bottom_0">
                <vehicle id="cfm_slow_2" pos="37.90" speed="46.93"/>
            </lane>
        </edge>
        <edge id="left">
            <lane id="left_0">
                <vehicle id="cfm_slow_0" pos="7.87" speed="47.02"/>
                <vehicle id="cfm_slow_1" pos="47.92" speed="46.97"/>
            </lane>
        </edge>
        <edge id="right">
            <lane id="right_0">
                <vehicle id="cfm_slow_3" pos="27.84" speed="46.96"/>
            </lane>
        </edge>
        <edge id="top">
            <lane id="top_0">
                <vehicle id="cfm_slow_4" pos="17.82" speed="47.02"/>
            </lane>
        </edge>
    </timestep>
    <timestep time="9.59">
        <edge id="bottom">
            <lane id="bottom_0">
                <vehicle id="cfm_slow_2" pos="38.37" speed="46.93"/>
            </lane>
        </edge>
        <edge id="left">
            <lane id="left_0">
                <vehicle id="cfm_slow_0" pos="8.34" speed="47.02"/>
                <vehicle id="cfm_slow_1" pos="48.39" speed="46.97"/>
            </lane>
        </edge>
        <edge id="right">
            <lane id="right_0">
                <vehicle id="cfm_slow_3" pos="28.31" speed="46.96"/>
            </lane>
        </edge>
        <edge id="top">
            <lane id="top_0">
                <vehicle id="cfm_slow_4" pos="18.29" speed="47.02"/>
            </lane>
        </edge>
    </timestep>
    <timestep time="9.60">
        <edge id="bottom">
            <lane id="bottom_0">
                <vehicle id="cfm_slow_2" pos="38.84" speed="46.93"/>
            </lane>
        </edge>
        <edge id="left">
            <lane id="left_0">
                <vehicle id="cfm_slow_0" pos="8.81" speed="47.02"/>
                <vehicle id="cfm_slow_1" pos="48.86" speed="46.97"/>
            </lane>
        </edge>
        <edge id="right">
            <lane id="right_0">
                <vehicle id="cfm_slow_3" pos="28.78" speed="46.96"/>
            </lane>
        </edge>
        <edge id="top">
            <lane id="top_0">
                <vehicle id="cfm_slow_4" pos="18.76" speed="47.02"/>
            </lane>
        </edge>
    </timestep>
    <timestep time="9.61">
        <edge id="bottom">
            <lane id="bottom_0">
                <vehicle id="cfm_slow_2" pos="39.31" speed="46.93"/>
            </lane>
        </edge>
        <edge id="left">
            <lane id="left_0">
                <vehicle id="cfm_slow_0" pos="9.28" speed="47.02"/>
                <vehicle id="cfm_slow_1" pos="49.33" speed="46.97"/>
            </lane>
        </edge>
        <edge id="right">
            <lane id="right_0">
                <vehicle id="cfm_slow_3" pos="29.25" speed="46.96"/>
            </lane>
        </edge>
        <edge id="top">
            <lane id="top_0">
                <vehicle id="cfm_slow_4" pos="19.23" speed="47.02"/>
            </lane>
        </edge>
    </timestep>
    <timestep time="9.62">
        <edge id="bottom">
            <lane id="bottom_0">
                <vehicle id="cfm_slow_2" pos="39.78" speed="46.93"/>
            </lane>
        </edge>
        <edge id="left">
            <lane id="left_0">
                <vehicle id="cfm_slow_0" pos="9.75" speed="47.02"/>
                <vehicle id="cfm_slow_1" pos="49.80" speed="46.97"/>
            </lane>
        </edge>
        <edge id="right">
            <lane id="right_0">
                <vehicle id="cfm_slow_3" pos="29.72" speed="46.96"/>
            </lane>
        </edge>
        <edge id="top">
            <lane id="top_0">
                <vehicle id="cfm_slow_4" pos="19.70" speed="47.02"/>
            </lane>
        </edge>
    </timestep>
    <timestep time="9.63">
        <edge id="bottom">
            <lane id="bottom_0">
                <vehicle id="cfm_slow_1" pos="0.27" speed="46.97"/>
                <vehicle id="cfm_slow_2" pos="40.25" speed="46.93"/>
            </lane>
        </edge>
        <edge id="left">
            <lane id="left_0">
                <vehicle id="cfm_slow_0" pos="10.22" speed="47.02"/>
            </lane>
        </edge>
        <edge id="right">
            <lane id="right_0">
                <vehicle id="cfm_slow_3" pos="30.19" speed="46.96"/>
            </lane>
        </edge>
        <edge id="top">
            <lane id="top_0">
                <vehicle id="cfm_slow_4" pos="20.17" speed="47.02"/>
            </lane>
        </edge>
    </timestep>
    <timestep time="9.64">
        <edge id="bottom">
            <lane id="bottom_0">
                <vehicle id="cfm_slow_1" pos="0.74" speed="46.97"/>
                <vehicle id="cfm_slow_2" pos="40.72" speed="46.93"/>
            </lane>
        </edge>
        <edge id="left">
            <lane id="left_0">
                <vehicle id="cfm_slow_0" pos="10.69" speed="47.02"/>
            </lane>
        </edge>
        <edge id="right">
            <lane id="right_0">
                <vehicle id="cfm_slow_3" pos="30.66" speed="46.96"/>
            </lane>
        </edge>
        <edge id="top">
            <lane id="top_0">
                <vehicle id="cfm_slow_4" pos="20.64" speed="47.02"/>
            </lane>
        </edge>
    </timestep>
    <timestep time="9.65">
        <edge id="bottom">
            <lane id="bottom_0">
                <vehicle id="cfm_slow_1" pos="1.21" speed="46.97"/>
                <vehicle id="cfm_slow_2" pos="41.19" speed="46.93"/>
            </lane>
        </edge>
        <edge id="left">
            <lane id="left_0">
                <vehicle id="cfm_slow_0" pos="11.16" speed="47.02"/>
            </lane>
        </edge>
        <edge id="right">
            <lane id="right_0">
                <vehicle id="cfm_slow_3" pos="31.13" speed="46.96"/>
            </lane>
        </edge>
        <edge id="top">
            <lane id="top_0">
                <vehicle id="cfm_slow_4" pos="21.11" speed="47.02"/>
            </lane>
        </edge>
    </timestep>
    <timestep time="9.66">
        <edge id="bottom">
            <lane id="bottom_0">
                <vehicle id="cfm_slow_1" pos="1.68" speed="46.97"/>
                <vehicle id="cfm_slow_2" pos="41.66" speed="46.93"/>
            </lane>
        </edge>
        <edge id="left">
            <lane id="left_0">
                <vehicle id="cfm_slow_0" pos="11.63" speed="47.02"/>
            </lane>
        </edge>
        <edge id="right">
            <lane id="right_0">
                <vehicle id="cfm_slow_3" pos="31.60" speed="46.96"/>
            </lane>
        </edge>
        <edge id="top">
            <lane id="top_0">
                <vehicle id="cfm_slow_4" pos="21.58" speed="47.02"/>
            </lane>
        </edge>
    </timestep>
    <timestep time="9.67">
        <edge id="bottom">
            <lane id="bottom_0">
                <vehicle id="cfm_slow_1" pos="2.15" speed="46.97"/>
                <vehicle id="cfm_slow_2" pos="42.13" speed="46.93"/>
            </lane>
        </edge>
        <edge id="left">
            <lane id="left_0">
                <vehicle id="cfm_slow_0" pos="12.10" speed="47.02"/>
            </lane>
        </edge>
        <edge id="right">
            <lane id="right_0">
                <vehicle id="cfm_slow_3" pos="32.07" speed="46.96"/>
            </lane>
        </edge>
        <edge id="top">
            <lane id="top_0">
                <vehicle id="cfm_slow_4" pos="22.05" speed="47.02"/>
            </lane>
        </edge>
    </timestep>
    <timestep time="9.68">
        <edge id="bottom">
            <lane id="bottom_0">
                <vehicle id="cfm_slow_1" pos="2.62" speed="46.97"/>
                <vehicle id="cfm_slow_2" pos="42.60" speed="46.93"/>
            </lane>
        </edge>
        <edge id="left">
            <lane id="left_0">
                <vehicle id="cfm_slow_0" pos="12.57" speed="47.02"/>
            </lane>
        </edge>
        <edge id="right">
            <lane id="right_0">
                <vehicle id="cfm_slow_3" pos="32.54" speed="46.96"/>
            </lane>
        </edge>
        <edge id="top">
            <lane id="top_0">
                <vehicle id="cfm_slow_4" pos="22.52" speed="47.02"/>
            </lane>
        </edge>
    </timestep>
    <timestep time="9.69">
        <edge id="bottom">
            <lane id="bottom_0">
                <vehicle id="cfm_slow_1" pos="3.08" speed="46.97"/>
                <vehicle id="cfm_slow_2" pos="43.06" speed="46.93"/>
            </lane>
        </edge>
        <edge id="left">
            <lane id="left_0">
                <vehicle id="cfm_slow_0" pos="13.05" speed="47.02"/>
            </lane>
        </edge>
        <edge id="right">
            <lane id="right_0">
                <vehicle id="cfm_slow_3" pos="33.01" speed="46.96"/>
            </lane>
        </edge>
        <edge id="top">
            <lane id="top_0">
                <vehicle id="cfm_slow_4" pos="22.99" speed="47.02"/>
            </lane>
        </edge>
    </timestep>
    <timestep time="9.70">
        <edge id="bottom">
            <lane id="bottom_0">
                <vehicle id="cfm_slow_1" pos="3.55" speed="46.97"/>
                <vehicle id="cfm_slow_2" pos="43.53" speed="46.93"/>
            </lane>
        </edge>
        <edge id="left">
            <lane id="left_0">
                <vehicle id="cfm_slow_0" pos="13.52" speed="47.02"/>
            </lane>
        </edge>
        <edge id="right">
            <lane id="right_0">
                <vehicle id="cfm_slow_3" pos="33.48" speed="46.96"/>
            </lane>
        </edge>
        <edge id="top">
            <lane id="top_0">
                <vehicle id="cfm_slow_4" pos="23.46" speed="47.02"/>
            </lane>
        </edge>
    </timestep>
    <timestep time="9.71">
        <edge id="bottom">
            <lane id="bottom_0">
                <vehicle id="cfm_slow_1" pos="4.02" speed="46.97"/>
                <vehicle id="cfm_slow_2" pos="44.00" speed="46.93"/>
            </lane>
        </edge>
        <edge id="left">
            <lane id="left_0">
                <vehicle id="cfm_slow_0" pos="13.99" speed="47.02"/>
            </lane>
        </edge>
        <edge id="right">
            <lane id="right_0">
                <vehicle id="cfm_slow_3" pos="33.95" speed="46.97"/>
            </lane>
        </edge>
        <edge id="top">
            <lane id="top_0">
                <vehicle id="cfm_slow_4" pos="23.93" speed="47.02"/>
            </lane>
        </edge>
    </timestep>
    <timestep time="9.72">
        <edge id="bottom">
            <lane id="bottom_0">
                <vehicle id="cfm_slow_1" pos="4.49" speed="46.97"/>
                <vehicle id="cfm_slow_2" pos="44.47" speed="46.93"/>
            </lane>
        </edge>
        <edge id="left">
            <lane id="left_0">
                <vehicle id="cfm_slow_0" pos="14.46" speed="47.02"/>
            </lane>
        </edge>
        <edge id="right">
            <lane id="right_0">
                <vehicle id="cfm_slow_3" pos="34.42" speed="46.97"/>
            </lane>
        </edge>
        <edge id="top">
            <lane id="top_0">
                <vehicle id="cfm_slow_4" pos="24.40" speed="47.02"/>
            </lane>
        </edge>
    </timestep>
    <timestep time="9.73">
        <edge id="bottom">
            <lane id="bottom_0">
                <vehicle id="cfm_slow_1" pos="4.96" speed="46.97"/>
                <vehicle id="cfm_slow_2" pos="44.94" speed="46.93"/>
            </lane>
        </edge>
        <edge id="left">
            <lane id="left_0">
                <vehicle id="cfm_slow_0" pos="14.93" speed="47.02"/>
            </lane>
        </edge>
        <edge id="right">
            <lane id="right_0">
                <vehicle id="cfm_slow_3" pos="34.89" speed="46.97"/>
            </lane>
        </edge>
        <edge id="top">
            <lane id="top_0">
                <vehicle id="cfm_slow_4" pos="24.87" speed="47.02"/>
            </lane>
        </edge>
    </timestep>
    <timestep time="9.74">
        <edge id="bottom">
            <lane id="bottom_0">
                <vehicle id="cfm_slow_1" pos="5.43" speed="46.97"/>
                <vehicle id="cfm_slow_2" pos="45.41" speed="46.93"/>
            </lane>
        </edge>
        <edge id="left">
            <lane id="left_0">
                <vehicle id="cfm_slow_0" pos="15.40" speed="47.02"/>
            </lane>
        </edge>
        <edge id="right">
            <lane id="right_0">
                <vehicle id="cfm_slow_3" pos="35.36" speed="46.97"/>
            </lane>
        </edge>
        <edge id="top">
            <lane id="top_0">
                <vehicle id="cfm_slow_4" pos="25.34" speed="47.02"/>
            </lane>
        </edge>
    </timestep>
    <timestep time="9.75">
        <edge id="bottom">
            <lane id="bottom_0">
                <vehicle id="cfm_slow_1" pos="5.90" speed="46.97"/>
                <vehicle id="cfm_slow_2" pos="45.88" speed="46.93"/>
            </lane>
        </edge>
        <edge id="left">
            <lane id="left_0">
                <vehicle id="cfm_slow_0" pos="15.87" speed="47.02"/>
            </lane>
        </edge>
        <edge id="right">
            <lane id="right_0">
                <vehicle id="cfm_slow_3" pos="35.83" speed="46.97"/>
            </lane>
        </edge>
        <edge id="top">
            <lane id="top_0">
                <vehicle id="cfm_slow_4" pos="25.81" speed="47.02"/>
            </lane>
        </edge>
    </timestep>
    <timestep time="9.76">
        <edge id="bottom">
            <lane id="bottom_0">
                <vehicle id="cfm_slow_1" pos="6.37" speed="46.97"/>
                <vehicle id="cfm_slow_2" pos="46.35" speed="46.93"/>
            </lane>
        </edge>
        <edge id="left">
            <lane id="left_0">
                <vehicle id="cfm_slow_0" pos="16.34" speed="47.02"/>
            </lane>
        </edge>
        <edge id="right">
            <lane id="right_0">
                <vehicle id="cfm_slow_3" pos="36.30" speed="46.97"/>
            </lane>
        </edge>
        <edge id="top">
            <lane id="top_0">
                <vehicle id="cfm_slow_4" pos="26.28" speed="47.02"/>
            </lane>
        </edge>
    </timestep>
    <timestep time="9.77">
        <edge id="bottom">
            <lane id="bottom_0">
                <vehicle id="cfm_slow_1" pos="6.84" speed="46.97"/>
                <vehicle id="cfm_slow_2" pos="46.82" speed="46.93"/>
            </lane>
        </edge>
        <edge id="left">
            <lane id="left_0">
                <vehicle id="cfm_slow_0" pos="16.81" speed="47.02"/>
            </lane>
        </edge>
        <edge id="right">
            <lane id="right_0">
                <vehicle id="cfm_slow_3" pos="36.77" speed="46.97"/>
            </lane>
        </edge>
        <edge id="top">
            <lane id="top_0">
                <vehicle id="cfm_slow_4" pos="26.76" speed="47.02"/>
            </lane>
        </edge>
    </timestep>
    <timestep time="9.78">
        <edge id="bottom">
            <lane id="bottom_0">
                <vehicle id="cfm_slow_1" pos="7.31" speed="46.97"/>
                <vehicle id="cfm_slow_2" pos="47.29" speed="46.93"/>
            </lane>
        </edge>
        <edge id="left">
            <lane id="left_0">
                <vehicle id="cfm_slow_0" pos="17.28" speed="47.02"/>
            </lane>
        </edge>
        <edge id="right">
            <lane id="right_0">
                <vehicle id="cfm_slow_3" pos="37.24" speed="46.97"/>
            </lane>
        </edge>
        <edge id="top">
            <lane id="top_0">
                <vehicle id="cfm_slow_4" pos="27.23" speed="47.02"/>
            </lane>
        </edge>
    </timestep>
    <timestep time="9.79">
        <edge id="bottom">
            <lane id="bottom_0">
                <vehicle id="cfm_slow_1" pos="7.78" speed="46.97"/>
                <vehicle id="cfm_slow_2" pos="47.76" speed="46.94"/>
            </lane>
        </edge>
        <edge id="left">
            <lane id="left_0">
                <vehicle id="cfm_slow_0" pos="17.75" speed="47.02"/>
            </lane>
        </edge>
        <edge id="right">
            <lane id="right_0">
                <vehicle id="cfm_slow_3" pos="37.71" speed="46.97"/>
            </lane>
        </edge>
        <edge id="top">
            <lane id="top_0">
                <vehicle id="cfm_slow_4" pos="27.70" speed="47.02"/>
            </lane>
        </edge>
    </timestep>
    <timestep time="9.80">
        <edge id="bottom">
            <lane id="bottom_0">
                <vehicle id="cfm_slow_1" pos="8.25" speed="46.97"/>
                <vehicle id="cfm_slow_2" pos="48.23" speed="46.94"/>
            </lane>
        </edge>
        <edge id="left">
            <lane id="left_0">
                <vehicle id="cfm_slow_0" pos="18.22" speed="47.02"/>
            </lane>
        </edge>
        <edge id="right">
            <lane id="right_0">
                <vehicle id="cfm_slow_3" pos="38.18" speed="46.97"/>
            </lane>
        </edge>
        <edge id="top">
            <lane id="top_0">
                <vehicle id="cfm_slow_4" pos="28.17" speed="47.03"/>
            </lane>
        </edge>
    </timestep>
    <timestep time="9.81">
        <edge id="bottom">
            <lane id="bottom_0">
                <vehicle id="cfm_slow_1" pos="8.72" speed="46.97"/>
                <vehicle id="cfm_slow_2" pos="48.70" speed="46.94"/>
            </lane>
        </edge>
        <edge id="left">
            <lane id="left_0">
                <vehicle id="cfm_slow_0" pos="18.69" speed="47.02"/>
            </lane>
        </edge>
        <edge id="right">
            <lane id="right_0">
                <vehicle id="cfm_slow_3" pos="38.65" speed="46.97"/>
            </lane>
        </edge>
        <edge id="top">
            <lane id="top_0">
                <vehicle id="cfm_slow_4" pos="28.64" speed="47.03"/>
            </lane>
        </edge>
    </timestep>
    <timestep time="9.82">
        <edge id="bottom">
            <lane id="bottom_0">
                <vehicle id="cfm_slow_1" pos="9.19" speed="46.97"/>
                <vehicle id="cfm_slow_2" pos="49.17" speed="46.94"/>
            </lane>
        </edge>
        <edge id="left">
            <lane id="left_0">
                <vehicle id="cfm_slow_0" pos="19.16" speed="47.02"/>
            </lane>
        </edge>
        <edge id="right">
            <lane id="right_0">
                <vehicle id="cfm_slow_3" pos="39.12" speed="46.97"/>
            </lane>
        </edge>
        <edge id="top">
            <lane id="top_0">
                <vehicle id="cfm_slow_4" pos="29.11" speed="47.03"/>
            </lane>
        </edge>
    </timestep>
    <timestep time="9.83">
        <edge id="bottom">
            <lane id="bottom_0">
                <vehicle id="cfm_slow_1" pos="9.66" speed="46.97"/>
                <vehicle id="cfm_slow_2" pos="49.64" speed="46.94"/>
            </lane>
        </edge>
        <edge id="left">
            <lane id="left_0">
                <vehicle id="cfm_slow_0" pos="19.63" speed="47.02"/>
            </lane>
        </edge>
        <edge id="right">
            <lane id="right_0">
                <vehicle id="cfm_slow_3" pos="39.59" speed="46.97"/>
            </lane>
        </edge>
        <edge id="top">
            <lane id="top_0">
                <vehicle id="cfm_slow_4" pos="29.58" speed="47.03"/>
            </lane>
        </edge>
    </timestep>
    <timestep time="9.84">
        <edge id="bottom">
            <lane id="bottom_0">
                <vehicle id="cfm_slow_1" pos="10.13" speed="46.96"/>
            </lane>
        </edge>
        <edge id="left">
            <lane id="left_0">
                <vehicle id="cfm_slow_0" pos="20.10" speed="47.02"/>
            </lane>
        </edge>
        <edge id="right">
            <lane id="right_0">
                <vehicle id="cfm_slow_2" pos="0.10" speed="46.94"/>
                <vehicle id="cfm_slow_3" pos="40.05" speed="46.97"/>
            </lane>
        </edge>
        <edge id="top">
            <lane id="top_0">
                <vehicle id="cfm_slow_4" pos="30.05" speed="47.03"/>
            </lane>
        </edge>
    </timestep>
    <timestep time="9.85">
        <edge id="bottom">
            <lane id="bottom_0">
                <vehicle id="cfm_slow_1" pos="10.60" speed="46.96"/>
            </lane>
        </edge>
        <edge id="left">
            <lane id="left_0">
                <vehicle id="cfm_slow_0" pos="20.57" speed="47.01"/>
            </lane>
        </edge>
        <edge id="right">
            <lane id="right_0">
                <vehicle id="cfm_slow_2" pos="0.57" speed="46.94"/>
                <vehicle id="cfm_slow_3" pos="40.52" speed="46.97"/>
            </lane>
        </edge>
        <edge id="top">
            <lane id="top_0">
                <vehicle id="cfm_slow_4" pos="30.52" speed="47.03"/>
            </lane>
        </edge>
    </timestep>
    <timestep time="9.86">
        <edge id="bottom">
            <lane id="bottom_0">
                <vehicle id="cfm_slow_1" pos="11.07" speed="46.96"/>
            </lane>
        </edge>
        <edge id="left">
            <lane id="left_0">
                <vehicle id="cfm_slow_0" pos="21.04" speed="47.01"/>
            </lane>
        </edge>
        <edge id="right">
            <lane id="right_0">
                <vehicle id="cfm_slow_2" pos="1.04" speed="46.94"/>
                <vehicle id="cfm_slow_3" pos="40.99" speed="46.98"/>
            </lane>
        </edge>
        <edge id="top">
            <lane id="top_0">
                <vehicle id="cfm_slow_4" pos="30.99" speed="47.03"/>
            </lane>
        </edge>
    </timestep>
    <timestep time="9.87">
        <edge id="bottom">
            <lane id="bottom_0">
                <vehicle id="cfm_slow_1" pos="11.54" speed="46.96"/>
            </lane>
        </edge>
        <edge id="left">
            <lane id="left_0">
                <vehicle id="cfm_slow_0" pos="21.51" speed="47.01"/>
            </lane>
        </edge>
        <edge id="right">
            <lane id="right_0">
                <vehicle id="cfm_slow_2" pos="1.51" speed="46.94"/>
                <vehicle id="cfm_slow_3" pos="41.46" speed="46.98"/>
            </lane>
        </edge>
        <edge id="top">
            <lane id="top_0">
                <vehicle id="cfm_slow_4" pos="31.46" speed="47.03"/>
            </lane>
        </edge>
    </timestep>
    <timestep time="9.88">
        <edge id="bottom">
            <lane id="bottom_0">
                <vehicle id="cfm_slow_1" pos="12.01" speed="46.96"/>
            </lane>
        </edge>
        <edge id="left">
            <lane id="left_0">
                <vehicle id="cfm_slow_0" pos="21.98" speed="47.01"/>
            </lane>
        </edge>
        <edge id="right">
            <lane id="right_0">
                <vehicle id="cfm_slow_2" pos="1.98" speed="46.94"/>
                <vehicle id="cfm_slow_3" pos="41.93" speed="46.98"/>
            </lane>
        </edge>
        <edge id="top">
            <lane id="top_0">
                <vehicle id="cfm_slow_4" pos="31.93" speed="47.03"/>
            </lane>
        </edge>
    </timestep>
    <timestep time="9.89">
        <edge id="bottom">
            <lane id="bottom_0">
                <vehicle id="cfm_slow_1" pos="12.48" speed="46.96"/>
            </lane>
        </edge>
        <edge id="left">
            <lane id="left_0">
                <vehicle id="cfm_slow_0" pos="22.45" speed="47.01"/>
            </lane>
        </edge>
        <edge id="right">
            <lane id="right_0">
                <vehicle id="cfm_slow_2" pos="2.45" speed="46.94"/>
                <vehicle id="cfm_slow_3" pos="42.40" speed="46.98"/>
            </lane>
        </edge>
        <edge id="top">
            <lane id="top_0">
                <vehicle id="cfm_slow_4" pos="32.40" speed="47.03"/>
            </lane>
        </edge>
    </timestep>
    <timestep time="9.90">
        <edge id="bottom">
            <lane id="bottom_0">
                <vehicle id="cfm_slow_1" pos="12.95" speed="46.96"/>
            </lane>
        </edge>
        <edge id="left">
            <lane id="left_0">
                <vehicle id="cfm_slow_0" pos="22.92" speed="47.01"/>
            </lane>
        </edge>
        <edge id="right">
            <lane id="right_0">
                <vehicle id="cfm_slow_2" pos="2.92" speed="46.94"/>
                <vehicle id="cfm_slow_3" pos="42.87" speed="46.98"/>
            </lane>
        </edge>
        <edge id="top">
            <lane id="top_0">
                <vehicle id="cfm_slow_4" pos="32.87" speed="47.03"/>
            </lane>
        </edge>
    </timestep>
    <timestep time="9.91">
        <edge id="bottom">
            <lane id="bottom_0">
                <vehicle id="cfm_slow_1" pos="13.42" speed="46.96"/>
            </lane>
        </edge>
        <edge id="left">
            <lane id="left_0">
                <vehicle id="cfm_slow_0" pos="23.39" speed="47.01"/>
            </lane>
        </edge>
        <edge id="right">
            <lane id="right_0">
                <vehicle id="cfm_slow_2" pos="3.39" speed="46.94"/>
                <vehicle id="cfm_slow_3" pos="43.34" speed="46.98"/>
            </lane>
        </edge>
        <edge id="top">
            <lane id="top_0">
                <vehicle id="cfm_slow_4" pos="33.34" speed="47.03"/>
            </lane>
        </edge>
    </timestep>
    <timestep time="9.92">
        <edge id="bottom">
            <lane id="bottom_0">
                <vehicle id="cfm_slow_1" pos="13.89" speed="46.96"/>
            </lane>
        </edge>
        <edge id="left">
            <lane id="left_0">
                <vehicle id="cfm_slow_0" pos="23.86" speed="47.01"/>
            </lane>
        </edge>
        <edge id="right">
            <lane id="right_0">
                <vehicle id="cfm_slow_2" pos="3.86" speed="46.94"/>
                <vehicle id="cfm_slow_3" pos="43.81" speed="46.98"/>
            </lane>
        </edge>
        <edge id="top">
            <lane id="top_0">
                <vehicle id="cfm_slow_4" pos="33.81" speed="47.03"/>
            </lane>
        </edge>
    </timestep>
    <timestep time="9.93">
        <edge id="bottom">
            <lane id="bottom_0">
                <vehicle id="cfm_slow_1" pos="14.36" speed="46.96"/>
            </lane>
        </edge>
        <edge id="left">
            <lane id="left_0">
                <vehicle id="cfm_slow_0" pos="24.33" speed="47.01"/>
            </lane>
        </edge>
        <edge id="right">
            <lane id="right_0">
                <vehicle id="cfm_slow_2" pos="4.33" speed="46.94"/>
                <vehicle id="cfm_slow_3" pos="44.28" speed="46.98"/>
            </lane>
        </edge>
        <edge id="top">
            <lane id="top_0">
                <vehicle id="cfm_slow_4" pos="34.28" speed="47.03"/>
            </lane>
        </edge>
    </timestep>
    <timestep time="9.94">
        <edge id="bottom">
            <lane id="bottom_0">
                <vehicle id="cfm_slow_1" pos="14.83" speed="46.96"/>
            </lane>
        </edge>
        <edge id="left">
            <lane id="left_0">
                <vehicle id="cfm_slow_0" pos="24.80" speed="47.01"/>
            </lane>
        </edge>
        <edge id="right">
            <lane id="right_0">
                <vehicle id="cfm_slow_2" pos="4.80" speed="46.94"/>
                <vehicle id="cfm_slow_3" pos="44.75" speed="46.98"/>
            </lane>
        </edge>
        <edge id="top">
            <lane id="top_0">
                <vehicle id="cfm_slow_4" pos="34.75" speed="47.03"/>
            </lane>
        </edge>
    </timestep>
    <timestep time="9.95">
        <edge id="bottom">
            <lane id="bottom_0">
                <vehicle id="cfm_slow_1" pos="15.30" speed="46.96"/>
            </lane>
        </edge>
        <edge id="left">
            <lane id="left_0">
                <vehicle id="cfm_slow_0" pos="25.27" speed="47.01"/>
            </lane>
        </edge>
        <edge id="right">
            <lane id="right_0">
                <vehicle id="cfm_slow_2" pos="5.27" speed="46.94"/>
                <vehicle id="cfm_slow_3" pos="45.22" speed="46.98"/>
            </lane>
        </edge>
        <edge id="top">
            <lane id="top_0">
                <vehicle id="cfm_slow_4" pos="35.22" speed="47.03"/>
            </lane>
        </edge>
    </timestep>
    <timestep time="9.96">
        <edge id="bottom">
            <lane id="bottom_0">
                <vehicle id="cfm_slow_1" pos="15.77" speed="46.96"/>
            </lane>
        </edge>
        <edge id="left">
            <lane id="left_0">
                <vehicle id="cfm_slow_0" pos="25.74" speed="47.01"/>
            </lane>
        </edge>
        <edge id="right">
            <lane id="right_0">
                <vehicle id="cfm_slow_2" pos="5.74" speed="46.94"/>
                <vehicle id="cfm_slow_3" pos="45.69" speed="46.98"/>
            </lane>
        </edge>
        <edge id="top">
            <lane id="top_0">
                <vehicle id="cfm_slow_4" pos="35.69" speed="47.03"/>
            </lane>
        </edge>
    </timestep>
    <timestep time="9.97">
        <edge id="bottom">
            <lane id="bottom_0">
                <vehicle id="cfm_slow_1" pos="16.24" speed="46.96"/>
            </lane>
        </edge>
        <edge id="left">
            <lane id="left_0">
                <vehicle id="cfm_slow_0" pos="26.21" speed="47.01"/>
            </lane>
        </edge>
        <edge id="right">
            <lane id="right_0">
                <vehicle id="cfm_slow_2" pos="6.21" speed="46.94"/>
                <vehicle id="cfm_slow_3" pos="46.16" speed="46.98"/>
            </lane>
        </edge>
        <edge id="top">
            <lane id="top_0">
                <vehicle id="cfm_slow_4" pos="36.16" speed="47.03"/>
            </lane>
        </edge>
    </timestep>
    <timestep time="9.98">
        <edge id="bottom">
            <lane id="bottom_0">
                <vehicle id="cfm_slow_1" pos="16.70" speed="46.96"/>
            </lane>
        </edge>
        <edge id="left">
            <lane id="left_0">
                <vehicle id="cfm_slow_0" pos="26.68" speed="47.01"/>
            </lane>
        </edge>
        <edge id="right">
            <lane id="right_0">
                <vehicle id="cfm_slow_2" pos="6.68" speed="46.94"/>
                <vehicle id="cfm_slow_3" pos="46.63" speed="46.98"/>
            </lane>
        </edge>
        <edge id="top">
            <lane id="top_0">
                <vehicle id="cfm_slow_4" pos="36.63" speed="47.03"/>
            </lane>
        </edge>
    </timestep>
    <timestep time="9.99">
        <edge id="bottom">
            <lane id="bottom_0">
                <vehicle id="cfm_slow_1" pos="17.17" speed="46.96"/>
            </lane>
        </edge>
        <edge id="left">
            <lane id="left_0">
                <vehicle id="cfm_slow_0" pos="27.15" speed="47.01"/>
            </lane>
        </edge>
        <edge id="right">
            <lane id="right_0">
                <vehicle id="cfm_slow_2" pos="7.15" speed="46.94"/>
                <vehicle id="cfm_slow_3" pos="47.10" speed="46.98"/>
            </lane>
        </edge>
        <edge id="top">
            <lane id="top_0">
                <vehicle id="cfm_slow_4" pos="37.10" speed="47.03"/>
            </lane>
        </edge>
    </timestep>
    <timestep time="10.00">
        <edge id="bottom">
            <lane id="bottom_0">
                <vehicle id="cfm_slow_1" pos="17.64" speed="46.96"/>
            </lane>
        </edge>
        <edge id="left">
            <lane id="left_0">
                <vehicle id="cfm_slow_0" pos="27.62" speed="47.01"/>
            </lane>
        </edge>
        <edge id="right">
            <lane id="right_0">
                <vehicle id="cfm_slow_2" pos="7.62" speed="46.94"/>
                <vehicle id="cfm_slow_3" pos="47.57" speed="46.98"/>
            </lane>
        </edge>
        <edge id="top">
            <lane id="top_0">
                <vehicle id="cfm_slow_4" pos="37.57" speed="47.03"/>
            </lane>
        </edge>
    </timestep>
    <timestep time="10.01">
        <edge id="bottom">
            <lane id="bottom_0">
                <vehicle id="cfm_slow_0" pos="1.00" speed="0.00"/>
                <vehicle id="cfm_slow_1" pos="39.00" speed="0.00"/>
            </lane>
        </edge>
        <edge id="left">
            <lane id="left_0">
                <vehicle id="cfm_slow_4" pos="3.00" speed="0.00"/>
            </lane>
        </edge>
        <edge id="right">
            <lane id="right_0">
                <vehicle id="cfm_slow_2" pos="27.00" speed="0.00"/>
            </lane>
        </edge>
        <edge id="top">
            <lane id="top_0">
                <vehicle id="cfm_slow_3" pos="15.00" speed="0.00"/>
            </lane>
        </edge>
    </timestep>
    <timestep time="10.02">
        <edge id="bottom">
            <lane id="bottom_0">
                <vehicle id="cfm_slow_0" pos="1.00" speed="0.03"/>
                <vehicle id="cfm_slow_1" pos="39.00" speed="0.03"/>
            </lane>
        </edge>
        <edge id="left">
            <lane id="left_0">
                <vehicle id="cfm_slow_4" pos="3.00" speed="0.03"/>
            </lane>
        </edge>
        <edge id="right">
            <lane id="right_0">
                <vehicle id="cfm_slow_2" pos="27.00" speed="0.03"/>
            </lane>
        </edge>
        <edge id="top">
            <lane id="top_0">
                <vehicle id="cfm_slow_3" pos="15.00" speed="0.03"/>
            </lane>
        </edge>
    </timestep>
</netstate>
