<?xml version="1.0" encoding="UTF-8"?>

<<<<<<< HEAD
<!-- generated on Mon Feb 27 13:49:00 2017 by SUMO Version 0.29.0
=======
<!-- generated on Mon Feb 27 13:04:35 2017 by SUMO Version 0.29.0
>>>>>>> f63c990... added xml files to gitignore
<?xml version="1.0" encoding="UTF-8"?>

<configuration xmlns:xsi="http://www.w3.org/2001/XMLSchema-instance" xsi:noNamespaceSchemaLocation="http://sumo.dlr.de/xsd/sumoConfiguration.xsd">

    <input>
        <net-file value="tests/debug/cfg/test-two-lane-two-controller-200m2l.net.xml"/>
        <route-files value="tests/debug/cfg/test-two-lane-two-controller-200m2l.rou.xml"/>
        <additional-files value="tests/debug/cfg/test-two-lane-two-controller-200m2l.add.xml"/>
    </input>

    <output>
        <netstate-dump value="tests/debug/cfg/data/test-two-lane-two-controller-200m2l.netstate.xml"/>
        <emission-output value="tests/debug/cfg/data/test-two-lane-two-controller-200m2l.emission.xml"/>
        <amitran-output value="tests/debug/cfg/data/test-two-lane-two-controller-200m2l.amitran.xml"/>
        <lanechange-output value="tests/debug/cfg/data/test-two-lane-two-controller-200m2l.lanechange.xml"/>
    </output>

    <time>
        <begin value="0"/>
        <end value="1000"/>
        <step-length value="0.01"/>
    </time>

    <traci_server>
        <remote-port value="8873"/>
    </traci_server>

    <gui_only>
        <gui-settings-file value="tests/debug/cfg/test-two-lane-two-controller-200m2l.gui.cfg"/>
    </gui_only>

</configuration>
-->

<trajectories xmlns:xsi="http://www.w3.org/2001/XMLSchema-instance" xsi:noNamespaceSchemaLocation="http://sumo.dlr.de/xsd/amitran/trajectories.xsd" timeStepSize="10">
    <actorConfig id="3" vehicleClass="Passenger" fuel="Gasoline" emissionClass="Euro4" ref="cfm-fast"/>
    <vehicle id="0" actorConfig="3" startTime="0" ref="cfm-fast_0"/>
    <motionState vehicle="0" speed="0" time="0" acceleration="0"/>
    <vehicle id="1" actorConfig="3" startTime="0" ref="cfm-fast_1"/>
    <motionState vehicle="1" speed="0" time="0" acceleration="0"/>
    <vehicle id="2" actorConfig="3" startTime="0" ref="cfm-fast_2"/>
    <motionState vehicle="2" speed="0" time="0" acceleration="0"/>
    <vehicle id="3" actorConfig="3" startTime="0" ref="cfm-fast_3"/>
    <motionState vehicle="3" speed="0" time="0" acceleration="0"/>
    <vehicle id="4" actorConfig="3" startTime="0" ref="cfm-fast_4"/>
    <motionState vehicle="4" speed="0" time="0" acceleration="0"/>
    <vehicle id="5" actorConfig="3" startTime="0" ref="cfm-fast_5"/>
    <motionState vehicle="5" speed="0" time="0" acceleration="0"/>
    <actorConfig id="2" vehicleClass="Passenger" fuel="Gasoline" emissionClass="Euro4" ref="cfm-slow"/>
    <vehicle id="6" actorConfig="2" startTime="0" ref="cfm-slow_0"/>
    <motionState vehicle="6" speed="0" time="0" acceleration="0"/>
    <vehicle id="7" actorConfig="2" startTime="0" ref="cfm-slow_1"/>
    <motionState vehicle="7" speed="0" time="0" acceleration="0"/>
    <vehicle id="8" actorConfig="2" startTime="0" ref="cfm-slow_2"/>
    <motionState vehicle="8" speed="0" time="0" acceleration="0"/>
    <vehicle id="9" actorConfig="2" startTime="0" ref="cfm-slow_3"/>
    <motionState vehicle="9" speed="0" time="0" acceleration="0"/>
    <vehicle id="10" actorConfig="2" startTime="0" ref="cfm-slow_4"/>
    <motionState vehicle="10" speed="0" time="0" acceleration="0"/>
    <vehicle id="11" actorConfig="2" startTime="0" ref="cfm-slow_5"/>
    <motionState vehicle="11" speed="0" time="0" acceleration="0"/>
    <motionState vehicle="0" speed="14" time="10" acceleration="13636"/>
    <motionState vehicle="1" speed="14" time="10" acceleration="13636"/>
    <motionState vehicle="2" speed="14" time="10" acceleration="13636"/>
    <motionState vehicle="3" speed="14" time="10" acceleration="13636"/>
    <motionState vehicle="4" speed="14" time="10" acceleration="13636"/>
    <motionState vehicle="5" speed="14" time="10" acceleration="13636"/>
    <motionState vehicle="6" speed="14" time="10" acceleration="13636"/>
    <motionState vehicle="7" speed="14" time="10" acceleration="13636"/>
    <motionState vehicle="8" speed="14" time="10" acceleration="13636"/>
    <motionState vehicle="9" speed="14" time="10" acceleration="13636"/>
    <motionState vehicle="10" speed="14" time="10" acceleration="13636"/>
    <motionState vehicle="11" speed="14" time="10" acceleration="13636"/>
    <motionState vehicle="0" speed="27" time="20" acceleration="13636"/>
    <motionState vehicle="1" speed="27" time="20" acceleration="13636"/>
    <motionState vehicle="2" speed="27" time="20" acceleration="13636"/>
    <motionState vehicle="3" speed="27" time="20" acceleration="13636"/>
    <motionState vehicle="4" speed="27" time="20" acceleration="13636"/>
    <motionState vehicle="5" speed="27" time="20" acceleration="13636"/>
    <motionState vehicle="6" speed="27" time="20" acceleration="13636"/>
    <motionState vehicle="7" speed="27" time="20" acceleration="13636"/>
    <motionState vehicle="8" speed="27" time="20" acceleration="13636"/>
    <motionState vehicle="9" speed="27" time="20" acceleration="13636"/>
    <motionState vehicle="10" speed="27" time="20" acceleration="13636"/>
    <motionState vehicle="11" speed="27" time="20" acceleration="13636"/>
    <motionState vehicle="0" speed="41" time="30" acceleration="13636"/>
    <motionState vehicle="1" speed="41" time="30" acceleration="13636"/>
    <motionState vehicle="2" speed="41" time="30" acceleration="13636"/>
    <motionState vehicle="3" speed="41" time="30" acceleration="13636"/>
    <motionState vehicle="4" speed="41" time="30" acceleration="13636"/>
    <motionState vehicle="5" speed="41" time="30" acceleration="13636"/>
    <motionState vehicle="6" speed="41" time="30" acceleration="13636"/>
    <motionState vehicle="7" speed="41" time="30" acceleration="13636"/>
    <motionState vehicle="8" speed="41" time="30" acceleration="13636"/>
    <motionState vehicle="9" speed="41" time="30" acceleration="13636"/>
    <motionState vehicle="10" speed="41" time="30" acceleration="13636"/>
    <motionState vehicle="11" speed="41" time="30" acceleration="13636"/>
    <motionState vehicle="0" speed="55" time="40" acceleration="13636"/>
    <motionState vehicle="1" speed="55" time="40" acceleration="13636"/>
    <motionState vehicle="2" speed="55" time="40" acceleration="13636"/>
    <motionState vehicle="3" speed="55" time="40" acceleration="13636"/>
    <motionState vehicle="4" speed="55" time="40" acceleration="13636"/>
    <motionState vehicle="5" speed="55" time="40" acceleration="13636"/>
    <motionState vehicle="6" speed="55" time="40" acceleration="13636"/>
    <motionState vehicle="7" speed="55" time="40" acceleration="13636"/>
    <motionState vehicle="8" speed="55" time="40" acceleration="13636"/>
    <motionState vehicle="9" speed="55" time="40" acceleration="13636"/>
    <motionState vehicle="10" speed="55" time="40" acceleration="13636"/>
    <motionState vehicle="11" speed="55" time="40" acceleration="13636"/>
    <motionState vehicle="0" speed="68" time="50" acceleration="13636"/>
    <motionState vehicle="1" speed="68" time="50" acceleration="13636"/>
    <motionState vehicle="2" speed="68" time="50" acceleration="13636"/>
    <motionState vehicle="3" speed="68" time="50" acceleration="13636"/>
    <motionState vehicle="4" speed="68" time="50" acceleration="13636"/>
    <motionState vehicle="5" speed="68" time="50" acceleration="13636"/>
    <motionState vehicle="6" speed="68" time="50" acceleration="13636"/>
    <motionState vehicle="7" speed="68" time="50" acceleration="13636"/>
    <motionState vehicle="8" speed="68" time="50" acceleration="13636"/>
    <motionState vehicle="9" speed="68" time="50" acceleration="13636"/>
    <motionState vehicle="10" speed="68" time="50" acceleration="13636"/>
    <motionState vehicle="11" speed="68" time="50" acceleration="13636"/>
    <motionState vehicle="0" speed="82" time="60" acceleration="13636"/>
    <motionState vehicle="1" speed="82" time="60" acceleration="13636"/>
    <motionState vehicle="2" speed="82" time="60" acceleration="13636"/>
    <motionState vehicle="3" speed="82" time="60" acceleration="13636"/>
    <motionState vehicle="4" speed="82" time="60" acceleration="13636"/>
    <motionState vehicle="5" speed="82" time="60" acceleration="13636"/>
    <motionState vehicle="6" speed="82" time="60" acceleration="13636"/>
    <motionState vehicle="7" speed="82" time="60" acceleration="13636"/>
    <motionState vehicle="8" speed="82" time="60" acceleration="13636"/>
    <motionState vehicle="9" speed="82" time="60" acceleration="13636"/>
    <motionState vehicle="10" speed="82" time="60" acceleration="13636"/>
    <motionState vehicle="11" speed="82" time="60" acceleration="13636"/>
    <motionState vehicle="0" speed="95" time="70" acceleration="13636"/>
    <motionState vehicle="1" speed="95" time="70" acceleration="13636"/>
    <motionState vehicle="2" speed="95" time="70" acceleration="13636"/>
    <motionState vehicle="3" speed="95" time="70" acceleration="13636"/>
    <motionState vehicle="4" speed="95" time="70" acceleration="13636"/>
    <motionState vehicle="5" speed="95" time="70" acceleration="13636"/>
    <motionState vehicle="6" speed="95" time="70" acceleration="13636"/>
    <motionState vehicle="7" speed="95" time="70" acceleration="13636"/>
    <motionState vehicle="8" speed="95" time="70" acceleration="13636"/>
    <motionState vehicle="9" speed="95" time="70" acceleration="13636"/>
    <motionState vehicle="10" speed="95" time="70" acceleration="13636"/>
    <motionState vehicle="11" speed="95" time="70" acceleration="13636"/>
    <motionState vehicle="0" speed="109" time="80" acceleration="13636"/>
    <motionState vehicle="1" speed="109" time="80" acceleration="13636"/>
    <motionState vehicle="2" speed="109" time="80" acceleration="13636"/>
    <motionState vehicle="3" speed="109" time="80" acceleration="13636"/>
    <motionState vehicle="4" speed="109" time="80" acceleration="13636"/>
    <motionState vehicle="5" speed="109" time="80" acceleration="13636"/>
    <motionState vehicle="6" speed="109" time="80" acceleration="13636"/>
    <motionState vehicle="7" speed="109" time="80" acceleration="13636"/>
    <motionState vehicle="8" speed="109" time="80" acceleration="13636"/>
    <motionState vehicle="9" speed="109" time="80" acceleration="13636"/>
    <motionState vehicle="10" speed="109" time="80" acceleration="13636"/>
    <motionState vehicle="11" speed="109" time="80" acceleration="13636"/>
    <motionState vehicle="0" speed="123" time="90" acceleration="13636"/>
    <motionState vehicle="1" speed="123" time="90" acceleration="13636"/>
    <motionState vehicle="2" speed="123" time="90" acceleration="13636"/>
    <motionState vehicle="3" speed="123" time="90" acceleration="13636"/>
    <motionState vehicle="4" speed="123" time="90" acceleration="13636"/>
    <motionState vehicle="5" speed="123" time="90" acceleration="13636"/>
    <motionState vehicle="6" speed="123" time="90" acceleration="13636"/>
    <motionState vehicle="7" speed="123" time="90" acceleration="13636"/>
    <motionState vehicle="8" speed="123" time="90" acceleration="13636"/>
    <motionState vehicle="9" speed="123" time="90" acceleration="13636"/>
    <motionState vehicle="10" speed="123" time="90" acceleration="13636"/>
    <motionState vehicle="11" speed="123" time="90" acceleration="13636"/>
    <motionState vehicle="0" speed="136" time="100" acceleration="13636"/>
    <motionState vehicle="1" speed="136" time="100" acceleration="13636"/>
    <motionState vehicle="2" speed="136" time="100" acceleration="13636"/>
    <motionState vehicle="3" speed="136" time="100" acceleration="13636"/>
    <motionState vehicle="4" speed="136" time="100" acceleration="13636"/>
    <motionState vehicle="5" speed="136" time="100" acceleration="13636"/>
    <motionState vehicle="6" speed="136" time="100" acceleration="13636"/>
    <motionState vehicle="7" speed="136" time="100" acceleration="13636"/>
    <motionState vehicle="8" speed="136" time="100" acceleration="13636"/>
    <motionState vehicle="9" speed="136" time="100" acceleration="13636"/>
    <motionState vehicle="10" speed="136" time="100" acceleration="13636"/>
    <motionState vehicle="11" speed="136" time="100" acceleration="13636"/>
    <motionState vehicle="0" speed="150" time="110" acceleration="13636"/>
    <motionState vehicle="1" speed="150" time="110" acceleration="13636"/>
    <motionState vehicle="2" speed="150" time="110" acceleration="13636"/>
    <motionState vehicle="3" speed="150" time="110" acceleration="13636"/>
    <motionState vehicle="4" speed="150" time="110" acceleration="13636"/>
    <motionState vehicle="5" speed="150" time="110" acceleration="13636"/>
    <motionState vehicle="6" speed="150" time="110" acceleration="13636"/>
    <motionState vehicle="7" speed="150" time="110" acceleration="13636"/>
    <motionState vehicle="8" speed="150" time="110" acceleration="13636"/>
    <motionState vehicle="9" speed="150" time="110" acceleration="13636"/>
    <motionState vehicle="10" speed="150" time="110" acceleration="13636"/>
    <motionState vehicle="11" speed="150" time="110" acceleration="13636"/>
    <motionState vehicle="0" speed="164" time="120" acceleration="13636"/>
    <motionState vehicle="1" speed="164" time="120" acceleration="13636"/>
    <motionState vehicle="2" speed="164" time="120" acceleration="13636"/>
    <motionState vehicle="3" speed="164" time="120" acceleration="13636"/>
    <motionState vehicle="4" speed="164" time="120" acceleration="13636"/>
    <motionState vehicle="5" speed="164" time="120" acceleration="13636"/>
    <motionState vehicle="6" speed="164" time="120" acceleration="13636"/>
    <motionState vehicle="7" speed="164" time="120" acceleration="13636"/>
    <motionState vehicle="8" speed="164" time="120" acceleration="13636"/>
    <motionState vehicle="9" speed="164" time="120" acceleration="13636"/>
    <motionState vehicle="10" speed="164" time="120" acceleration="13636"/>
    <motionState vehicle="11" speed="164" time="120" acceleration="13636"/>
    <motionState vehicle="0" speed="177" time="130" acceleration="13636"/>
    <motionState vehicle="1" speed="177" time="130" acceleration="13636"/>
    <motionState vehicle="2" speed="177" time="130" acceleration="13636"/>
    <motionState vehicle="3" speed="177" time="130" acceleration="13636"/>
    <motionState vehicle="4" speed="177" time="130" acceleration="13636"/>
    <motionState vehicle="5" speed="177" time="130" acceleration="13636"/>
    <motionState vehicle="6" speed="177" time="130" acceleration="13636"/>
    <motionState vehicle="7" speed="177" time="130" acceleration="13636"/>
    <motionState vehicle="8" speed="177" time="130" acceleration="13636"/>
    <motionState vehicle="9" speed="177" time="130" acceleration="13636"/>
    <motionState vehicle="10" speed="177" time="130" acceleration="13636"/>
    <motionState vehicle="11" speed="177" time="130" acceleration="13636"/>
    <motionState vehicle="0" speed="191" time="140" acceleration="13636"/>
    <motionState vehicle="1" speed="191" time="140" acceleration="13636"/>
    <motionState vehicle="2" speed="191" time="140" acceleration="13636"/>
    <motionState vehicle="3" speed="191" time="140" acceleration="13636"/>
    <motionState vehicle="4" speed="191" time="140" acceleration="13636"/>
    <motionState vehicle="5" speed="191" time="140" acceleration="13636"/>
    <motionState vehicle="6" speed="191" time="140" acceleration="13636"/>
    <motionState vehicle="7" speed="191" time="140" acceleration="13636"/>
    <motionState vehicle="8" speed="191" time="140" acceleration="13636"/>
    <motionState vehicle="9" speed="191" time="140" acceleration="13636"/>
    <motionState vehicle="10" speed="191" time="140" acceleration="13636"/>
    <motionState vehicle="11" speed="191" time="140" acceleration="13636"/>
    <motionState vehicle="0" speed="205" time="150" acceleration="13636"/>
    <motionState vehicle="1" speed="205" time="150" acceleration="13636"/>
    <motionState vehicle="2" speed="205" time="150" acceleration="13636"/>
    <motionState vehicle="3" speed="205" time="150" acceleration="13636"/>
    <motionState vehicle="4" speed="205" time="150" acceleration="13636"/>
    <motionState vehicle="5" speed="205" time="150" acceleration="13636"/>
    <motionState vehicle="6" speed="205" time="150" acceleration="13636"/>
    <motionState vehicle="7" speed="205" time="150" acceleration="13636"/>
    <motionState vehicle="8" speed="205" time="150" acceleration="13636"/>
    <motionState vehicle="9" speed="205" time="150" acceleration="13636"/>
    <motionState vehicle="10" speed="205" time="150" acceleration="13636"/>
    <motionState vehicle="11" speed="205" time="150" acceleration="13636"/>
    <motionState vehicle="0" speed="218" time="160" acceleration="13636"/>
    <motionState vehicle="1" speed="218" time="160" acceleration="13636"/>
    <motionState vehicle="2" speed="218" time="160" acceleration="13636"/>
    <motionState vehicle="3" speed="218" time="160" acceleration="13636"/>
    <motionState vehicle="4" speed="218" time="160" acceleration="13636"/>
    <motionState vehicle="5" speed="218" time="160" acceleration="13636"/>
    <motionState vehicle="6" speed="218" time="160" acceleration="13636"/>
    <motionState vehicle="7" speed="218" time="160" acceleration="13636"/>
    <motionState vehicle="8" speed="218" time="160" acceleration="13636"/>
    <motionState vehicle="9" speed="218" time="160" acceleration="13636"/>
    <motionState vehicle="10" speed="218" time="160" acceleration="13636"/>
    <motionState vehicle="11" speed="218" time="160" acceleration="13636"/>
    <motionState vehicle="0" speed="232" time="170" acceleration="13636"/>
    <motionState vehicle="1" speed="232" time="170" acceleration="13636"/>
    <motionState vehicle="2" speed="232" time="170" acceleration="13636"/>
    <motionState vehicle="3" speed="232" time="170" acceleration="13636"/>
    <motionState vehicle="4" speed="232" time="170" acceleration="13636"/>
    <motionState vehicle="5" speed="232" time="170" acceleration="13636"/>
    <motionState vehicle="6" speed="232" time="170" acceleration="13636"/>
    <motionState vehicle="7" speed="232" time="170" acceleration="13636"/>
    <motionState vehicle="8" speed="232" time="170" acceleration="13636"/>
    <motionState vehicle="9" speed="232" time="170" acceleration="13636"/>
    <motionState vehicle="10" speed="232" time="170" acceleration="13636"/>
    <motionState vehicle="11" speed="232" time="170" acceleration="13636"/>
    <motionState vehicle="0" speed="245" time="180" acceleration="13636"/>
    <motionState vehicle="1" speed="245" time="180" acceleration="13636"/>
    <motionState vehicle="2" speed="245" time="180" acceleration="13636"/>
    <motionState vehicle="3" speed="245" time="180" acceleration="13636"/>
    <motionState vehicle="4" speed="245" time="180" acceleration="13636"/>
    <motionState vehicle="5" speed="245" time="180" acceleration="13636"/>
    <motionState vehicle="6" speed="245" time="180" acceleration="13636"/>
    <motionState vehicle="7" speed="245" time="180" acceleration="13636"/>
    <motionState vehicle="8" speed="245" time="180" acceleration="13636"/>
    <motionState vehicle="9" speed="245" time="180" acceleration="13636"/>
    <motionState vehicle="10" speed="245" time="180" acceleration="13636"/>
    <motionState vehicle="11" speed="245" time="180" acceleration="13636"/>
    <motionState vehicle="0" speed="259" time="190" acceleration="13636"/>
    <motionState vehicle="1" speed="259" time="190" acceleration="13636"/>
    <motionState vehicle="2" speed="259" time="190" acceleration="13636"/>
    <motionState vehicle="3" speed="259" time="190" acceleration="13636"/>
    <motionState vehicle="4" speed="259" time="190" acceleration="13636"/>
    <motionState vehicle="5" speed="259" time="190" acceleration="13636"/>
    <motionState vehicle="6" speed="259" time="190" acceleration="13636"/>
    <motionState vehicle="7" speed="259" time="190" acceleration="13636"/>
    <motionState vehicle="8" speed="259" time="190" acceleration="13636"/>
    <motionState vehicle="9" speed="259" time="190" acceleration="13636"/>
    <motionState vehicle="10" speed="259" time="190" acceleration="13636"/>
    <motionState vehicle="11" speed="259" time="190" acceleration="13636"/>
    <motionState vehicle="0" speed="273" time="200" acceleration="13636"/>
    <motionState vehicle="1" speed="273" time="200" acceleration="13636"/>
    <motionState vehicle="2" speed="273" time="200" acceleration="13636"/>
    <motionState vehicle="3" speed="273" time="200" acceleration="13636"/>
    <motionState vehicle="4" speed="273" time="200" acceleration="13636"/>
    <motionState vehicle="5" speed="273" time="200" acceleration="13636"/>
    <motionState vehicle="6" speed="273" time="200" acceleration="13636"/>
    <motionState vehicle="7" speed="273" time="200" acceleration="13636"/>
    <motionState vehicle="8" speed="273" time="200" acceleration="13636"/>
    <motionState vehicle="9" speed="273" time="200" acceleration="13636"/>
    <motionState vehicle="10" speed="273" time="200" acceleration="13636"/>
    <motionState vehicle="11" speed="273" time="200" acceleration="13636"/>
    <motionState vehicle="0" speed="286" time="210" acceleration="13636"/>
    <motionState vehicle="1" speed="286" time="210" acceleration="13636"/>
    <motionState vehicle="2" speed="286" time="210" acceleration="13636"/>
    <motionState vehicle="3" speed="286" time="210" acceleration="13636"/>
    <motionState vehicle="4" speed="286" time="210" acceleration="13636"/>
    <motionState vehicle="5" speed="286" time="210" acceleration="13636"/>
    <motionState vehicle="6" speed="286" time="210" acceleration="13636"/>
    <motionState vehicle="7" speed="286" time="210" acceleration="13636"/>
    <motionState vehicle="8" speed="286" time="210" acceleration="13636"/>
    <motionState vehicle="9" speed="286" time="210" acceleration="13636"/>
    <motionState vehicle="10" speed="286" time="210" acceleration="13636"/>
    <motionState vehicle="11" speed="286" time="210" acceleration="13636"/>
    <motionState vehicle="0" speed="300" time="220" acceleration="13636"/>
    <motionState vehicle="1" speed="300" time="220" acceleration="13636"/>
    <motionState vehicle="2" speed="300" time="220" acceleration="13636"/>
    <motionState vehicle="3" speed="300" time="220" acceleration="13636"/>
    <motionState vehicle="4" speed="300" time="220" acceleration="13636"/>
    <motionState vehicle="5" speed="300" time="220" acceleration="13636"/>
    <motionState vehicle="6" speed="300" time="220" acceleration="13636"/>
    <motionState vehicle="7" speed="300" time="220" acceleration="13636"/>
    <motionState vehicle="8" speed="300" time="220" acceleration="13636"/>
    <motionState vehicle="9" speed="300" time="220" acceleration="13636"/>
    <motionState vehicle="10" speed="300" time="220" acceleration="13636"/>
    <motionState vehicle="11" speed="300" time="220" acceleration="13636"/>
    <motionState vehicle="0" speed="314" time="230" acceleration="13636"/>
    <motionState vehicle="1" speed="314" time="230" acceleration="13636"/>
    <motionState vehicle="2" speed="314" time="230" acceleration="13636"/>
    <motionState vehicle="3" speed="314" time="230" acceleration="13636"/>
    <motionState vehicle="4" speed="314" time="230" acceleration="13636"/>
    <motionState vehicle="5" speed="314" time="230" acceleration="13636"/>
    <motionState vehicle="6" speed="314" time="230" acceleration="13636"/>
    <motionState vehicle="7" speed="314" time="230" acceleration="13636"/>
    <motionState vehicle="8" speed="314" time="230" acceleration="13636"/>
    <motionState vehicle="9" speed="314" time="230" acceleration="13636"/>
    <motionState vehicle="10" speed="314" time="230" acceleration="13636"/>
    <motionState vehicle="11" speed="314" time="230" acceleration="13636"/>
    <motionState vehicle="0" speed="327" time="240" acceleration="13636"/>
    <motionState vehicle="1" speed="327" time="240" acceleration="13636"/>
    <motionState vehicle="2" speed="327" time="240" acceleration="13636"/>
    <motionState vehicle="3" speed="327" time="240" acceleration="13636"/>
    <motionState vehicle="4" speed="327" time="240" acceleration="13636"/>
    <motionState vehicle="5" speed="327" time="240" acceleration="13636"/>
    <motionState vehicle="6" speed="327" time="240" acceleration="13636"/>
    <motionState vehicle="7" speed="327" time="240" acceleration="13636"/>
    <motionState vehicle="8" speed="327" time="240" acceleration="13636"/>
    <motionState vehicle="9" speed="327" time="240" acceleration="13636"/>
    <motionState vehicle="10" speed="327" time="240" acceleration="13636"/>
    <motionState vehicle="11" speed="327" time="240" acceleration="13636"/>
    <motionState vehicle="0" speed="341" time="250" acceleration="13636"/>
    <motionState vehicle="1" speed="341" time="250" acceleration="13636"/>
    <motionState vehicle="2" speed="341" time="250" acceleration="13636"/>
    <motionState vehicle="3" speed="341" time="250" acceleration="13636"/>
    <motionState vehicle="4" speed="341" time="250" acceleration="13636"/>
    <motionState vehicle="5" speed="341" time="250" acceleration="13636"/>
    <motionState vehicle="6" speed="341" time="250" acceleration="13636"/>
    <motionState vehicle="7" speed="341" time="250" acceleration="13636"/>
    <motionState vehicle="8" speed="341" time="250" acceleration="13636"/>
    <motionState vehicle="9" speed="341" time="250" acceleration="13636"/>
    <motionState vehicle="10" speed="341" time="250" acceleration="13636"/>
    <motionState vehicle="11" speed="341" time="250" acceleration="13636"/>
    <motionState vehicle="0" speed="355" time="260" acceleration="13636"/>
    <motionState vehicle="1" speed="355" time="260" acceleration="13636"/>
    <motionState vehicle="2" speed="355" time="260" acceleration="13636"/>
    <motionState vehicle="3" speed="355" time="260" acceleration="13636"/>
    <motionState vehicle="4" speed="355" time="260" acceleration="13636"/>
    <motionState vehicle="5" speed="355" time="260" acceleration="13636"/>
    <motionState vehicle="6" speed="355" time="260" acceleration="13636"/>
    <motionState vehicle="7" speed="355" time="260" acceleration="13636"/>
    <motionState vehicle="8" speed="355" time="260" acceleration="13636"/>
    <motionState vehicle="9" speed="355" time="260" acceleration="13636"/>
    <motionState vehicle="10" speed="355" time="260" acceleration="13636"/>
    <motionState vehicle="11" speed="355" time="260" acceleration="13636"/>
    <motionState vehicle="0" speed="368" time="270" acceleration="13636"/>
    <motionState vehicle="1" speed="368" time="270" acceleration="13636"/>
    <motionState vehicle="2" speed="368" time="270" acceleration="13636"/>
    <motionState vehicle="3" speed="368" time="270" acceleration="13636"/>
    <motionState vehicle="4" speed="368" time="270" acceleration="13636"/>
    <motionState vehicle="5" speed="368" time="270" acceleration="13636"/>
    <motionState vehicle="6" speed="368" time="270" acceleration="13636"/>
    <motionState vehicle="7" speed="368" time="270" acceleration="13636"/>
    <motionState vehicle="8" speed="368" time="270" acceleration="13636"/>
    <motionState vehicle="9" speed="368" time="270" acceleration="13636"/>
    <motionState vehicle="10" speed="368" time="270" acceleration="13636"/>
    <motionState vehicle="11" speed="368" time="270" acceleration="13636"/>
    <motionState vehicle="0" speed="382" time="280" acceleration="13636"/>
    <motionState vehicle="1" speed="382" time="280" acceleration="13636"/>
    <motionState vehicle="2" speed="382" time="280" acceleration="13636"/>
    <motionState vehicle="3" speed="382" time="280" acceleration="13636"/>
    <motionState vehicle="4" speed="382" time="280" acceleration="13636"/>
    <motionState vehicle="5" speed="382" time="280" acceleration="13636"/>
    <motionState vehicle="6" speed="382" time="280" acceleration="13636"/>
    <motionState vehicle="7" speed="382" time="280" acceleration="13636"/>
    <motionState vehicle="8" speed="382" time="280" acceleration="13636"/>
    <motionState vehicle="9" speed="382" time="280" acceleration="13636"/>
    <motionState vehicle="10" speed="382" time="280" acceleration="13636"/>
    <motionState vehicle="11" speed="382" time="280" acceleration="13636"/>
    <motionState vehicle="0" speed="395" time="290" acceleration="13636"/>
    <motionState vehicle="1" speed="395" time="290" acceleration="13636"/>
    <motionState vehicle="2" speed="395" time="290" acceleration="13636"/>
    <motionState vehicle="3" speed="395" time="290" acceleration="13636"/>
    <motionState vehicle="4" speed="395" time="290" acceleration="13636"/>
    <motionState vehicle="5" speed="395" time="290" acceleration="13636"/>
    <motionState vehicle="6" speed="395" time="290" acceleration="13636"/>
    <motionState vehicle="7" speed="395" time="290" acceleration="13636"/>
    <motionState vehicle="8" speed="395" time="290" acceleration="13636"/>
    <motionState vehicle="9" speed="395" time="290" acceleration="13636"/>
    <motionState vehicle="10" speed="395" time="290" acceleration="13636"/>
    <motionState vehicle="11" speed="395" time="290" acceleration="13636"/>
    <motionState vehicle="0" speed="409" time="300" acceleration="13636"/>
    <motionState vehicle="1" speed="409" time="300" acceleration="13636"/>
    <motionState vehicle="2" speed="409" time="300" acceleration="13636"/>
    <motionState vehicle="3" speed="409" time="300" acceleration="13636"/>
    <motionState vehicle="4" speed="409" time="300" acceleration="13636"/>
    <motionState vehicle="5" speed="409" time="300" acceleration="13636"/>
    <motionState vehicle="6" speed="409" time="300" acceleration="13636"/>
    <motionState vehicle="7" speed="409" time="300" acceleration="13636"/>
    <motionState vehicle="8" speed="409" time="300" acceleration="13636"/>
    <motionState vehicle="9" speed="409" time="300" acceleration="13636"/>
    <motionState vehicle="10" speed="409" time="300" acceleration="13636"/>
    <motionState vehicle="11" speed="409" time="300" acceleration="13636"/>
    <motionState vehicle="0" speed="423" time="310" acceleration="13636"/>
    <motionState vehicle="1" speed="423" time="310" acceleration="13636"/>
    <motionState vehicle="2" speed="423" time="310" acceleration="13636"/>
    <motionState vehicle="3" speed="423" time="310" acceleration="13636"/>
    <motionState vehicle="4" speed="423" time="310" acceleration="13636"/>
    <motionState vehicle="5" speed="423" time="310" acceleration="13636"/>
    <motionState vehicle="6" speed="423" time="310" acceleration="13636"/>
    <motionState vehicle="7" speed="423" time="310" acceleration="13636"/>
    <motionState vehicle="8" speed="423" time="310" acceleration="13636"/>
    <motionState vehicle="9" speed="423" time="310" acceleration="13636"/>
    <motionState vehicle="10" speed="423" time="310" acceleration="13636"/>
    <motionState vehicle="11" speed="423" time="310" acceleration="13636"/>
    <motionState vehicle="0" speed="436" time="320" acceleration="13636"/>
    <motionState vehicle="1" speed="436" time="320" acceleration="13636"/>
    <motionState vehicle="2" speed="436" time="320" acceleration="13636"/>
    <motionState vehicle="3" speed="436" time="320" acceleration="13636"/>
    <motionState vehicle="4" speed="436" time="320" acceleration="13636"/>
    <motionState vehicle="5" speed="436" time="320" acceleration="13636"/>
    <motionState vehicle="6" speed="436" time="320" acceleration="13636"/>
    <motionState vehicle="7" speed="436" time="320" acceleration="13636"/>
    <motionState vehicle="8" speed="436" time="320" acceleration="13636"/>
    <motionState vehicle="9" speed="436" time="320" acceleration="13636"/>
    <motionState vehicle="10" speed="436" time="320" acceleration="13636"/>
    <motionState vehicle="11" speed="436" time="320" acceleration="13636"/>
    <motionState vehicle="0" speed="450" time="330" acceleration="13636"/>
    <motionState vehicle="1" speed="450" time="330" acceleration="13636"/>
    <motionState vehicle="2" speed="450" time="330" acceleration="13636"/>
    <motionState vehicle="3" speed="450" time="330" acceleration="13636"/>
    <motionState vehicle="4" speed="450" time="330" acceleration="13636"/>
    <motionState vehicle="5" speed="450" time="330" acceleration="13636"/>
    <motionState vehicle="6" speed="450" time="330" acceleration="13636"/>
    <motionState vehicle="7" speed="450" time="330" acceleration="13636"/>
    <motionState vehicle="8" speed="450" time="330" acceleration="13636"/>
    <motionState vehicle="9" speed="450" time="330" acceleration="13636"/>
    <motionState vehicle="10" speed="450" time="330" acceleration="13636"/>
    <motionState vehicle="11" speed="450" time="330" acceleration="13636"/>
    <motionState vehicle="0" speed="464" time="340" acceleration="13636"/>
    <motionState vehicle="1" speed="464" time="340" acceleration="13636"/>
    <motionState vehicle="2" speed="464" time="340" acceleration="13636"/>
    <motionState vehicle="3" speed="464" time="340" acceleration="13636"/>
    <motionState vehicle="4" speed="464" time="340" acceleration="13636"/>
    <motionState vehicle="5" speed="464" time="340" acceleration="13636"/>
    <motionState vehicle="6" speed="464" time="340" acceleration="13636"/>
    <motionState vehicle="7" speed="464" time="340" acceleration="13636"/>
    <motionState vehicle="8" speed="464" time="340" acceleration="13636"/>
    <motionState vehicle="9" speed="464" time="340" acceleration="13636"/>
    <motionState vehicle="10" speed="464" time="340" acceleration="13636"/>
    <motionState vehicle="11" speed="464" time="340" acceleration="13636"/>
    <motionState vehicle="0" speed="477" time="350" acceleration="13636"/>
    <motionState vehicle="1" speed="477" time="350" acceleration="13636"/>
    <motionState vehicle="2" speed="477" time="350" acceleration="13636"/>
    <motionState vehicle="3" speed="477" time="350" acceleration="13636"/>
    <motionState vehicle="4" speed="477" time="350" acceleration="13636"/>
    <motionState vehicle="5" speed="477" time="350" acceleration="13636"/>
    <motionState vehicle="6" speed="477" time="350" acceleration="13636"/>
    <motionState vehicle="7" speed="477" time="350" acceleration="13636"/>
    <motionState vehicle="8" speed="477" time="350" acceleration="13636"/>
    <motionState vehicle="9" speed="477" time="350" acceleration="13636"/>
    <motionState vehicle="10" speed="477" time="350" acceleration="13636"/>
    <motionState vehicle="11" speed="477" time="350" acceleration="13636"/>
    <motionState vehicle="0" speed="491" time="360" acceleration="13636"/>
    <motionState vehicle="1" speed="491" time="360" acceleration="13636"/>
    <motionState vehicle="2" speed="491" time="360" acceleration="13636"/>
    <motionState vehicle="3" speed="491" time="360" acceleration="13636"/>
    <motionState vehicle="4" speed="491" time="360" acceleration="13636"/>
    <motionState vehicle="5" speed="491" time="360" acceleration="13636"/>
    <motionState vehicle="6" speed="491" time="360" acceleration="13636"/>
    <motionState vehicle="7" speed="491" time="360" acceleration="13636"/>
    <motionState vehicle="8" speed="491" time="360" acceleration="13636"/>
    <motionState vehicle="9" speed="491" time="360" acceleration="13636"/>
    <motionState vehicle="10" speed="491" time="360" acceleration="13636"/>
    <motionState vehicle="11" speed="491" time="360" acceleration="13636"/>
    <motionState vehicle="0" speed="505" time="370" acceleration="13636"/>
    <motionState vehicle="1" speed="505" time="370" acceleration="13636"/>
    <motionState vehicle="2" speed="505" time="370" acceleration="13636"/>
    <motionState vehicle="3" speed="505" time="370" acceleration="13636"/>
    <motionState vehicle="4" speed="505" time="370" acceleration="13636"/>
    <motionState vehicle="5" speed="505" time="370" acceleration="13636"/>
    <motionState vehicle="6" speed="505" time="370" acceleration="13636"/>
    <motionState vehicle="7" speed="505" time="370" acceleration="13636"/>
    <motionState vehicle="8" speed="505" time="370" acceleration="13636"/>
    <motionState vehicle="9" speed="505" time="370" acceleration="13636"/>
    <motionState vehicle="10" speed="505" time="370" acceleration="13636"/>
    <motionState vehicle="11" speed="505" time="370" acceleration="13636"/>
    <motionState vehicle="0" speed="518" time="380" acceleration="13636"/>
    <motionState vehicle="1" speed="518" time="380" acceleration="13636"/>
    <motionState vehicle="2" speed="518" time="380" acceleration="13636"/>
    <motionState vehicle="3" speed="518" time="380" acceleration="13636"/>
    <motionState vehicle="4" speed="518" time="380" acceleration="13636"/>
    <motionState vehicle="5" speed="518" time="380" acceleration="13636"/>
    <motionState vehicle="6" speed="518" time="380" acceleration="13636"/>
    <motionState vehicle="7" speed="518" time="380" acceleration="13636"/>
    <motionState vehicle="8" speed="518" time="380" acceleration="13636"/>
    <motionState vehicle="9" speed="518" time="380" acceleration="13636"/>
    <motionState vehicle="10" speed="518" time="380" acceleration="13636"/>
    <motionState vehicle="11" speed="518" time="380" acceleration="13636"/>
    <motionState vehicle="0" speed="532" time="390" acceleration="13636"/>
    <motionState vehicle="1" speed="532" time="390" acceleration="13636"/>
    <motionState vehicle="2" speed="532" time="390" acceleration="13636"/>
    <motionState vehicle="3" speed="532" time="390" acceleration="13636"/>
    <motionState vehicle="4" speed="532" time="390" acceleration="13636"/>
    <motionState vehicle="5" speed="532" time="390" acceleration="13636"/>
    <motionState vehicle="6" speed="532" time="390" acceleration="13636"/>
    <motionState vehicle="7" speed="532" time="390" acceleration="13636"/>
    <motionState vehicle="8" speed="532" time="390" acceleration="13636"/>
    <motionState vehicle="9" speed="532" time="390" acceleration="13636"/>
    <motionState vehicle="10" speed="532" time="390" acceleration="13636"/>
    <motionState vehicle="11" speed="532" time="390" acceleration="13636"/>
    <motionState vehicle="0" speed="545" time="400" acceleration="13636"/>
    <motionState vehicle="1" speed="545" time="400" acceleration="13636"/>
    <motionState vehicle="2" speed="545" time="400" acceleration="13636"/>
    <motionState vehicle="3" speed="545" time="400" acceleration="13636"/>
    <motionState vehicle="4" speed="545" time="400" acceleration="13636"/>
    <motionState vehicle="5" speed="545" time="400" acceleration="13636"/>
    <motionState vehicle="6" speed="545" time="400" acceleration="13636"/>
    <motionState vehicle="7" speed="545" time="400" acceleration="13636"/>
    <motionState vehicle="8" speed="545" time="400" acceleration="13636"/>
    <motionState vehicle="9" speed="545" time="400" acceleration="13636"/>
    <motionState vehicle="10" speed="545" time="400" acceleration="13636"/>
    <motionState vehicle="11" speed="545" time="400" acceleration="13636"/>
    <motionState vehicle="0" speed="559" time="410" acceleration="13636"/>
    <motionState vehicle="1" speed="559" time="410" acceleration="13636"/>
    <motionState vehicle="2" speed="559" time="410" acceleration="13636"/>
    <motionState vehicle="3" speed="559" time="410" acceleration="13636"/>
    <motionState vehicle="4" speed="559" time="410" acceleration="13636"/>
    <motionState vehicle="5" speed="559" time="410" acceleration="13636"/>
    <motionState vehicle="6" speed="559" time="410" acceleration="13636"/>
    <motionState vehicle="7" speed="559" time="410" acceleration="13636"/>
    <motionState vehicle="8" speed="559" time="410" acceleration="13636"/>
    <motionState vehicle="9" speed="559" time="410" acceleration="13636"/>
    <motionState vehicle="10" speed="559" time="410" acceleration="13636"/>
    <motionState vehicle="11" speed="559" time="410" acceleration="13636"/>
    <motionState vehicle="0" speed="573" time="420" acceleration="13636"/>
    <motionState vehicle="1" speed="573" time="420" acceleration="13636"/>
    <motionState vehicle="2" speed="573" time="420" acceleration="13636"/>
    <motionState vehicle="3" speed="573" time="420" acceleration="13636"/>
    <motionState vehicle="4" speed="573" time="420" acceleration="13636"/>
    <motionState vehicle="5" speed="573" time="420" acceleration="13636"/>
    <motionState vehicle="6" speed="573" time="420" acceleration="13636"/>
    <motionState vehicle="7" speed="573" time="420" acceleration="13636"/>
    <motionState vehicle="8" speed="573" time="420" acceleration="13636"/>
    <motionState vehicle="9" speed="573" time="420" acceleration="13636"/>
    <motionState vehicle="10" speed="573" time="420" acceleration="13636"/>
    <motionState vehicle="11" speed="573" time="420" acceleration="13636"/>
    <motionState vehicle="0" speed="586" time="430" acceleration="13636"/>
    <motionState vehicle="1" speed="586" time="430" acceleration="13636"/>
    <motionState vehicle="2" speed="586" time="430" acceleration="13636"/>
    <motionState vehicle="3" speed="586" time="430" acceleration="13636"/>
    <motionState vehicle="4" speed="586" time="430" acceleration="13636"/>
    <motionState vehicle="5" speed="586" time="430" acceleration="13636"/>
    <motionState vehicle="6" speed="586" time="430" acceleration="13636"/>
    <motionState vehicle="7" speed="586" time="430" acceleration="13636"/>
    <motionState vehicle="8" speed="586" time="430" acceleration="13636"/>
    <motionState vehicle="9" speed="586" time="430" acceleration="13636"/>
    <motionState vehicle="10" speed="586" time="430" acceleration="13636"/>
    <motionState vehicle="11" speed="586" time="430" acceleration="13636"/>
    <motionState vehicle="0" speed="600" time="440" acceleration="13636"/>
    <motionState vehicle="1" speed="600" time="440" acceleration="13636"/>
    <motionState vehicle="2" speed="600" time="440" acceleration="13636"/>
    <motionState vehicle="3" speed="600" time="440" acceleration="13636"/>
    <motionState vehicle="4" speed="600" time="440" acceleration="13636"/>
    <motionState vehicle="5" speed="600" time="440" acceleration="13636"/>
    <motionState vehicle="6" speed="600" time="440" acceleration="13609"/>
    <motionState vehicle="7" speed="600" time="440" acceleration="13609"/>
    <motionState vehicle="8" speed="600" time="440" acceleration="13609"/>
    <motionState vehicle="9" speed="600" time="440" acceleration="13609"/>
    <motionState vehicle="10" speed="600" time="440" acceleration="13609"/>
    <motionState vehicle="11" speed="600" time="440" acceleration="13609"/>
    <motionState vehicle="0" speed="614" time="450" acceleration="13636"/>
    <motionState vehicle="1" speed="614" time="450" acceleration="13636"/>
    <motionState vehicle="2" speed="614" time="450" acceleration="13636"/>
    <motionState vehicle="3" speed="614" time="450" acceleration="13636"/>
    <motionState vehicle="4" speed="614" time="450" acceleration="13636"/>
    <motionState vehicle="5" speed="614" time="450" acceleration="13636"/>
    <motionState vehicle="6" speed="613" time="450" acceleration="13485"/>
    <motionState vehicle="7" speed="613" time="450" acceleration="13485"/>
    <motionState vehicle="8" speed="613" time="450" acceleration="13485"/>
    <motionState vehicle="9" speed="613" time="450" acceleration="13485"/>
    <motionState vehicle="10" speed="613" time="450" acceleration="13485"/>
    <motionState vehicle="11" speed="613" time="450" acceleration="13485"/>
    <motionState vehicle="0" speed="627" time="460" acceleration="13636"/>
    <motionState vehicle="1" speed="627" time="460" acceleration="13636"/>
    <motionState vehicle="2" speed="627" time="460" acceleration="13636"/>
    <motionState vehicle="3" speed="627" time="460" acceleration="13636"/>
    <motionState vehicle="4" speed="627" time="460" acceleration="13636"/>
    <motionState vehicle="5" speed="627" time="460" acceleration="13636"/>
    <motionState vehicle="6" speed="627" time="460" acceleration="13363"/>
    <motionState vehicle="7" speed="627" time="460" acceleration="13363"/>
    <motionState vehicle="8" speed="627" time="460" acceleration="13363"/>
    <motionState vehicle="9" speed="627" time="460" acceleration="13363"/>
    <motionState vehicle="10" speed="627" time="460" acceleration="13363"/>
    <motionState vehicle="11" speed="627" time="460" acceleration="13364"/>
    <motionState vehicle="0" speed="641" time="470" acceleration="13636"/>
    <motionState vehicle="1" speed="641" time="470" acceleration="13636"/>
    <motionState vehicle="2" speed="641" time="470" acceleration="13636"/>
    <motionState vehicle="3" speed="641" time="470" acceleration="13636"/>
    <motionState vehicle="4" speed="641" time="470" acceleration="13636"/>
    <motionState vehicle="5" speed="641" time="470" acceleration="13636"/>
    <motionState vehicle="6" speed="640" time="470" acceleration="13241"/>
    <motionState vehicle="7" speed="640" time="470" acceleration="13241"/>
    <motionState vehicle="8" speed="640" time="470" acceleration="13241"/>
    <motionState vehicle="9" speed="640" time="470" acceleration="13241"/>
    <motionState vehicle="10" speed="640" time="470" acceleration="13241"/>
    <motionState vehicle="11" speed="640" time="470" acceleration="13245"/>
    <motionState vehicle="0" speed="655" time="480" acceleration="13636"/>
    <motionState vehicle="1" speed="655" time="480" acceleration="13636"/>
    <motionState vehicle="2" speed="655" time="480" acceleration="13636"/>
    <motionState vehicle="3" speed="655" time="480" acceleration="13636"/>
    <motionState vehicle="4" speed="655" time="480" acceleration="13636"/>
    <motionState vehicle="5" speed="655" time="480" acceleration="13636"/>
    <motionState vehicle="6" speed="653" time="480" acceleration="13121"/>
    <motionState vehicle="7" speed="653" time="480" acceleration="13121"/>
    <motionState vehicle="8" speed="653" time="480" acceleration="13121"/>
    <motionState vehicle="9" speed="653" time="480" acceleration="13121"/>
    <motionState vehicle="10" speed="653" time="480" acceleration="13121"/>
    <motionState vehicle="11" speed="653" time="480" acceleration="13128"/>
    <motionState vehicle="0" speed="668" time="490" acceleration="13636"/>
    <motionState vehicle="1" speed="668" time="490" acceleration="13636"/>
    <motionState vehicle="2" speed="668" time="490" acceleration="13636"/>
    <motionState vehicle="3" speed="668" time="490" acceleration="13636"/>
    <motionState vehicle="4" speed="668" time="490" acceleration="13636"/>
    <motionState vehicle="5" speed="668" time="490" acceleration="13636"/>
    <motionState vehicle="6" speed="666" time="490" acceleration="13001"/>
    <motionState vehicle="7" speed="666" time="490" acceleration="13001"/>
    <motionState vehicle="8" speed="666" time="490" acceleration="13001"/>
    <motionState vehicle="9" speed="666" time="490" acceleration="13001"/>
    <motionState vehicle="10" speed="666" time="490" acceleration="13002"/>
    <motionState vehicle="11" speed="666" time="490" acceleration="13014"/>
    <motionState vehicle="0" speed="682" time="500" acceleration="13636"/>
    <motionState vehicle="1" speed="682" time="500" acceleration="13636"/>
    <motionState vehicle="2" speed="682" time="500" acceleration="13636"/>
    <motionState vehicle="3" speed="682" time="500" acceleration="13636"/>
    <motionState vehicle="4" speed="682" time="500" acceleration="13636"/>
    <motionState vehicle="5" speed="682" time="500" acceleration="13636"/>
    <motionState vehicle="6" speed="679" time="500" acceleration="12883"/>
    <motionState vehicle="7" speed="679" time="500" acceleration="12883"/>
    <motionState vehicle="8" speed="679" time="500" acceleration="12883"/>
    <motionState vehicle="9" speed="679" time="500" acceleration="12883"/>
    <motionState vehicle="10" speed="679" time="500" acceleration="12883"/>
    <motionState vehicle="11" speed="679" time="500" acceleration="12901"/>
    <motionState vehicle="0" speed="695" time="510" acceleration="13636"/>
    <motionState vehicle="1" speed="695" time="510" acceleration="13636"/>
    <motionState vehicle="2" speed="695" time="510" acceleration="13636"/>
    <motionState vehicle="3" speed="695" time="510" acceleration="13636"/>
    <motionState vehicle="4" speed="695" time="510" acceleration="13636"/>
    <motionState vehicle="5" speed="695" time="510" acceleration="13636"/>
    <motionState vehicle="6" speed="692" time="510" acceleration="12766"/>
    <motionState vehicle="7" speed="692" time="510" acceleration="12766"/>
    <motionState vehicle="8" speed="692" time="510" acceleration="12766"/>
    <motionState vehicle="9" speed="692" time="510" acceleration="12766"/>
    <motionState vehicle="10" speed="692" time="510" acceleration="12766"/>
    <motionState vehicle="11" speed="692" time="510" acceleration="12791"/>
    <motionState vehicle="0" speed="709" time="520" acceleration="13636"/>
    <motionState vehicle="1" speed="709" time="520" acceleration="13636"/>
    <motionState vehicle="2" speed="709" time="520" acceleration="13636"/>
    <motionState vehicle="3" speed="709" time="520" acceleration="13636"/>
    <motionState vehicle="4" speed="709" time="520" acceleration="13636"/>
    <motionState vehicle="5" speed="709" time="520" acceleration="13636"/>
    <motionState vehicle="6" speed="704" time="520" acceleration="12650"/>
    <motionState vehicle="7" speed="704" time="520" acceleration="12650"/>
    <motionState vehicle="8" speed="704" time="520" acceleration="12650"/>
    <motionState vehicle="9" speed="704" time="520" acceleration="12650"/>
    <motionState vehicle="10" speed="704" time="520" acceleration="12651"/>
    <motionState vehicle="11" speed="705" time="520" acceleration="12683"/>
    <motionState vehicle="0" speed="723" time="530" acceleration="13636"/>
    <motionState vehicle="1" speed="723" time="530" acceleration="13636"/>
    <motionState vehicle="2" speed="723" time="530" acceleration="13636"/>
    <motionState vehicle="3" speed="723" time="530" acceleration="13636"/>
    <motionState vehicle="4" speed="723" time="530" acceleration="13636"/>
    <motionState vehicle="5" speed="723" time="530" acceleration="13636"/>
    <motionState vehicle="6" speed="717" time="530" acceleration="12535"/>
    <motionState vehicle="7" speed="717" time="530" acceleration="12535"/>
    <motionState vehicle="8" speed="717" time="530" acceleration="12535"/>
    <motionState vehicle="9" speed="717" time="530" acceleration="12535"/>
    <motionState vehicle="10" speed="717" time="530" acceleration="12536"/>
    <motionState vehicle="11" speed="717" time="530" acceleration="12576"/>
    <motionState vehicle="0" speed="736" time="540" acceleration="13636"/>
    <motionState vehicle="1" speed="736" time="540" acceleration="13636"/>
    <motionState vehicle="2" speed="736" time="540" acceleration="13636"/>
    <motionState vehicle="3" speed="736" time="540" acceleration="13636"/>
    <motionState vehicle="4" speed="736" time="540" acceleration="13636"/>
    <motionState vehicle="5" speed="736" time="540" acceleration="13636"/>
    <motionState vehicle="6" speed="729" time="540" acceleration="12421"/>
    <motionState vehicle="7" speed="729" time="540" acceleration="12421"/>
    <motionState vehicle="8" speed="729" time="540" acceleration="12421"/>
    <motionState vehicle="9" speed="729" time="540" acceleration="12421"/>
    <motionState vehicle="10" speed="729" time="540" acceleration="12422"/>
    <motionState vehicle="11" speed="730" time="540" acceleration="12472"/>
    <motionState vehicle="0" speed="750" time="550" acceleration="13636"/>
    <motionState vehicle="1" speed="750" time="550" acceleration="13636"/>
    <motionState vehicle="2" speed="750" time="550" acceleration="13636"/>
    <motionState vehicle="3" speed="750" time="550" acceleration="13636"/>
    <motionState vehicle="4" speed="750" time="550" acceleration="13636"/>
    <motionState vehicle="5" speed="750" time="550" acceleration="13636"/>
    <motionState vehicle="6" speed="742" time="550" acceleration="12308"/>
    <motionState vehicle="7" speed="742" time="550" acceleration="12308"/>
    <motionState vehicle="8" speed="742" time="550" acceleration="12308"/>
    <motionState vehicle="9" speed="742" time="550" acceleration="12308"/>
    <motionState vehicle="10" speed="742" time="550" acceleration="12310"/>
    <motionState vehicle="11" speed="742" time="550" acceleration="12370"/>
    <motionState vehicle="0" speed="764" time="560" acceleration="13636"/>
    <motionState vehicle="1" speed="764" time="560" acceleration="13636"/>
    <motionState vehicle="2" speed="764" time="560" acceleration="13636"/>
    <motionState vehicle="3" speed="764" time="560" acceleration="13636"/>
    <motionState vehicle="4" speed="764" time="560" acceleration="13636"/>
    <motionState vehicle="5" speed="764" time="560" acceleration="13636"/>
    <motionState vehicle="6" speed="754" time="560" acceleration="12196"/>
    <motionState vehicle="7" speed="754" time="560" acceleration="12196"/>
    <motionState vehicle="8" speed="754" time="560" acceleration="12196"/>
    <motionState vehicle="9" speed="754" time="560" acceleration="12196"/>
    <motionState vehicle="10" speed="754" time="560" acceleration="12199"/>
    <motionState vehicle="11" speed="754" time="560" acceleration="12270"/>
    <motionState vehicle="0" speed="777" time="570" acceleration="13636"/>
    <motionState vehicle="1" speed="777" time="570" acceleration="13636"/>
    <motionState vehicle="2" speed="777" time="570" acceleration="13636"/>
    <motionState vehicle="3" speed="777" time="570" acceleration="13636"/>
    <motionState vehicle="4" speed="777" time="570" acceleration="13636"/>
    <motionState vehicle="5" speed="777" time="570" acceleration="13636"/>
    <motionState vehicle="6" speed="766" time="570" acceleration="12085"/>
    <motionState vehicle="7" speed="766" time="570" acceleration="12085"/>
    <motionState vehicle="8" speed="766" time="570" acceleration="12085"/>
    <motionState vehicle="9" speed="766" time="570" acceleration="12085"/>
    <motionState vehicle="10" speed="766" time="570" acceleration="12088"/>
    <motionState vehicle="11" speed="766" time="570" acceleration="12172"/>
    <motionState vehicle="0" speed="791" time="580" acceleration="13636"/>
    <motionState vehicle="1" speed="791" time="580" acceleration="13636"/>
    <motionState vehicle="2" speed="791" time="580" acceleration="13636"/>
    <motionState vehicle="3" speed="791" time="580" acceleration="13636"/>
    <motionState vehicle="4" speed="791" time="580" acceleration="13636"/>
    <motionState vehicle="5" speed="791" time="580" acceleration="13636"/>
    <motionState vehicle="6" speed="778" time="580" acceleration="11976"/>
    <motionState vehicle="7" speed="778" time="580" acceleration="11976"/>
    <motionState vehicle="8" speed="778" time="580" acceleration="11976"/>
    <motionState vehicle="9" speed="778" time="580" acceleration="11976"/>
    <motionState vehicle="10" speed="778" time="580" acceleration="11979"/>
    <motionState vehicle="11" speed="779" time="580" acceleration="12075"/>
    <motionState vehicle="0" speed="805" time="590" acceleration="13636"/>
    <motionState vehicle="1" speed="805" time="590" acceleration="13636"/>
    <motionState vehicle="2" speed="805" time="590" acceleration="13636"/>
    <motionState vehicle="3" speed="805" time="590" acceleration="13636"/>
    <motionState vehicle="4" speed="805" time="590" acceleration="13636"/>
    <motionState vehicle="5" speed="805" time="590" acceleration="13636"/>
    <motionState vehicle="6" speed="790" time="590" acceleration="11867"/>
    <motionState vehicle="7" speed="790" time="590" acceleration="11867"/>
    <motionState vehicle="8" speed="790" time="590" acceleration="11867"/>
    <motionState vehicle="9" speed="790" time="590" acceleration="11867"/>
    <motionState vehicle="10" speed="790" time="590" acceleration="11871"/>
    <motionState vehicle="11" speed="791" time="590" acceleration="11981"/>
    <motionState vehicle="0" speed="818" time="600" acceleration="13636"/>
    <motionState vehicle="1" speed="818" time="600" acceleration="13636"/>
    <motionState vehicle="2" speed="818" time="600" acceleration="13636"/>
    <motionState vehicle="3" speed="818" time="600" acceleration="13636"/>
    <motionState vehicle="4" speed="818" time="600" acceleration="13636"/>
    <motionState vehicle="5" speed="818" time="600" acceleration="13636"/>
    <motionState vehicle="6" speed="802" time="600" acceleration="11759"/>
    <motionState vehicle="7" speed="802" time="600" acceleration="11759"/>
    <motionState vehicle="8" speed="802" time="600" acceleration="11759"/>
    <motionState vehicle="9" speed="802" time="600" acceleration="11759"/>
    <motionState vehicle="10" speed="802" time="600" acceleration="11764"/>
    <motionState vehicle="11" speed="802" time="600" acceleration="11888"/>
    <motionState vehicle="0" speed="832" time="610" acceleration="13636"/>
    <motionState vehicle="1" speed="832" time="610" acceleration="13636"/>
    <motionState vehicle="2" speed="832" time="610" acceleration="13636"/>
    <motionState vehicle="3" speed="832" time="610" acceleration="13636"/>
    <motionState vehicle="4" speed="832" time="610" acceleration="13636"/>
    <motionState vehicle="5" speed="832" time="610" acceleration="13636"/>
    <motionState vehicle="6" speed="813" time="610" acceleration="11652"/>
    <motionState vehicle="7" speed="813" time="610" acceleration="11652"/>
    <motionState vehicle="8" speed="813" time="610" acceleration="11652"/>
    <motionState vehicle="9" speed="813" time="610" acceleration="11652"/>
    <motionState vehicle="10" speed="813" time="610" acceleration="11659"/>
    <motionState vehicle="11" speed="814" time="610" acceleration="11797"/>
    <motionState vehicle="0" speed="845" time="620" acceleration="13636"/>
    <motionState vehicle="1" speed="845" time="620" acceleration="13636"/>
    <motionState vehicle="2" speed="845" time="620" acceleration="13636"/>
    <motionState vehicle="3" speed="845" time="620" acceleration="13636"/>
    <motionState vehicle="4" speed="845" time="620" acceleration="13636"/>
    <motionState vehicle="5" speed="845" time="620" acceleration="13636"/>
    <motionState vehicle="6" speed="825" time="620" acceleration="11546"/>
    <motionState vehicle="7" speed="825" time="620" acceleration="11546"/>
    <motionState vehicle="8" speed="825" time="620" acceleration="11546"/>
    <motionState vehicle="9" speed="825" time="620" acceleration="11546"/>
    <motionState vehicle="10" speed="825" time="620" acceleration="11554"/>
    <motionState vehicle="11" speed="826" time="620" acceleration="11709"/>
    <motionState vehicle="0" speed="859" time="630" acceleration="13636"/>
    <motionState vehicle="1" speed="859" time="630" acceleration="13636"/>
    <motionState vehicle="2" speed="859" time="630" acceleration="13636"/>
    <motionState vehicle="3" speed="859" time="630" acceleration="13636"/>
    <motionState vehicle="4" speed="859" time="630" acceleration="13636"/>
    <motionState vehicle="5" speed="859" time="630" acceleration="13636"/>
    <motionState vehicle="6" speed="836" time="630" acceleration="11441"/>
    <motionState vehicle="7" speed="836" time="630" acceleration="11441"/>
    <motionState vehicle="8" speed="836" time="630" acceleration="11441"/>
    <motionState vehicle="9" speed="836" time="630" acceleration="11441"/>
    <motionState vehicle="10" speed="836" time="630" acceleration="11450"/>
    <motionState vehicle="11" speed="838" time="630" acceleration="11621"/>
    <motionState vehicle="0" speed="873" time="640" acceleration="13636"/>
    <motionState vehicle="1" speed="873" time="640" acceleration="13636"/>
    <motionState vehicle="2" speed="873" time="640" acceleration="13636"/>
    <motionState vehicle="3" speed="873" time="640" acceleration="13636"/>
    <motionState vehicle="4" speed="873" time="640" acceleration="13636"/>
    <motionState vehicle="5" speed="873" time="640" acceleration="13636"/>
    <motionState vehicle="6" speed="848" time="640" acceleration="11337"/>
    <motionState vehicle="7" speed="848" time="640" acceleration="11337"/>
    <motionState vehicle="8" speed="848" time="640" acceleration="11337"/>
    <motionState vehicle="9" speed="848" time="640" acceleration="11337"/>
    <motionState vehicle="10" speed="848" time="640" acceleration="11348"/>
    <motionState vehicle="11" speed="849" time="640" acceleration="11536"/>
    <motionState vehicle="0" speed="886" time="650" acceleration="13636"/>
    <motionState vehicle="1" speed="886" time="650" acceleration="13636"/>
    <motionState vehicle="2" speed="886" time="650" acceleration="13636"/>
    <motionState vehicle="3" speed="886" time="650" acceleration="13636"/>
    <motionState vehicle="4" speed="886" time="650" acceleration="13636"/>
    <motionState vehicle="5" speed="886" time="650" acceleration="13636"/>
    <motionState vehicle="6" speed="859" time="650" acceleration="11234"/>
    <motionState vehicle="7" speed="859" time="650" acceleration="11234"/>
    <motionState vehicle="8" speed="859" time="650" acceleration="11234"/>
    <motionState vehicle="9" speed="859" time="650" acceleration="11234"/>
    <motionState vehicle="10" speed="859" time="650" acceleration="11247"/>
    <motionState vehicle="11" speed="861" time="650" acceleration="11452"/>
    <motionState vehicle="0" speed="900" time="660" acceleration="13636"/>
    <motionState vehicle="1" speed="900" time="660" acceleration="13636"/>
    <motionState vehicle="2" speed="900" time="660" acceleration="13636"/>
    <motionState vehicle="3" speed="900" time="660" acceleration="13636"/>
    <motionState vehicle="4" speed="900" time="660" acceleration="13636"/>
    <motionState vehicle="5" speed="900" time="660" acceleration="13636"/>
    <motionState vehicle="6" speed="870" time="660" acceleration="11132"/>
    <motionState vehicle="7" speed="870" time="660" acceleration="11132"/>
    <motionState vehicle="8" speed="870" time="660" acceleration="11132"/>
    <motionState vehicle="9" speed="870" time="660" acceleration="11132"/>
    <motionState vehicle="10" speed="870" time="660" acceleration="11146"/>
    <motionState vehicle="11" speed="872" time="660" acceleration="11370"/>
    <motionState vehicle="0" speed="914" time="670" acceleration="13636"/>
    <motionState vehicle="1" speed="914" time="670" acceleration="13636"/>
    <motionState vehicle="2" speed="914" time="670" acceleration="13636"/>
    <motionState vehicle="3" speed="914" time="670" acceleration="13636"/>
    <motionState vehicle="4" speed="914" time="670" acceleration="13636"/>
    <motionState vehicle="5" speed="914" time="670" acceleration="13636"/>
    <motionState vehicle="6" speed="881" time="670" acceleration="11031"/>
    <motionState vehicle="7" speed="881" time="670" acceleration="11031"/>
    <motionState vehicle="8" speed="881" time="670" acceleration="11031"/>
    <motionState vehicle="9" speed="881" time="670" acceleration="11031"/>
    <motionState vehicle="10" speed="881" time="670" acceleration="11047"/>
    <motionState vehicle="11" speed="883" time="670" acceleration="11290"/>
    <motionState vehicle="0" speed="927" time="680" acceleration="13636"/>
    <motionState vehicle="1" speed="927" time="680" acceleration="13636"/>
    <motionState vehicle="2" speed="927" time="680" acceleration="13636"/>
    <motionState vehicle="3" speed="927" time="680" acceleration="13636"/>
    <motionState vehicle="4" speed="927" time="680" acceleration="13636"/>
    <motionState vehicle="5" speed="927" time="680" acceleration="13636"/>
    <motionState vehicle="6" speed="892" time="680" acceleration="10930"/>
    <motionState vehicle="7" speed="892" time="680" acceleration="10930"/>
    <motionState vehicle="8" speed="892" time="680" acceleration="10930"/>
    <motionState vehicle="9" speed="892" time="680" acceleration="10931"/>
    <motionState vehicle="10" speed="892" time="680" acceleration="10949"/>
    <motionState vehicle="11" speed="894" time="680" acceleration="11212"/>
    <motionState vehicle="0" speed="941" time="690" acceleration="13636"/>
    <motionState vehicle="1" speed="941" time="690" acceleration="13636"/>
    <motionState vehicle="2" speed="941" time="690" acceleration="13636"/>
    <motionState vehicle="3" speed="941" time="690" acceleration="13636"/>
    <motionState vehicle="4" speed="941" time="690" acceleration="13636"/>
    <motionState vehicle="5" speed="941" time="690" acceleration="13636"/>
    <motionState vehicle="6" speed="903" time="690" acceleration="10831"/>
    <motionState vehicle="7" speed="903" time="690" acceleration="10831"/>
    <motionState vehicle="8" speed="903" time="690" acceleration="10831"/>
    <motionState vehicle="9" speed="903" time="690" acceleration="10832"/>
    <motionState vehicle="10" speed="903" time="690" acceleration="10852"/>
    <motionState vehicle="11" speed="906" time="690" acceleration="11135"/>
    <motionState vehicle="0" speed="955" time="700" acceleration="13636"/>
    <motionState vehicle="1" speed="955" time="700" acceleration="13636"/>
    <motionState vehicle="2" speed="955" time="700" acceleration="13636"/>
    <motionState vehicle="3" speed="955" time="700" acceleration="13636"/>
    <motionState vehicle="4" speed="955" time="700" acceleration="13636"/>
    <motionState vehicle="5" speed="955" time="700" acceleration="13636"/>
    <motionState vehicle="6" speed="913" time="700" acceleration="10732"/>
    <motionState vehicle="7" speed="913" time="700" acceleration="10732"/>
    <motionState vehicle="8" speed="913" time="700" acceleration="10733"/>
    <motionState vehicle="9" speed="914" time="700" acceleration="10734"/>
    <motionState vehicle="10" speed="914" time="700" acceleration="10756"/>
    <motionState vehicle="11" speed="917" time="700" acceleration="11060"/>
    <motionState vehicle="0" speed="968" time="710" acceleration="13636"/>
    <motionState vehicle="1" speed="968" time="710" acceleration="13636"/>
    <motionState vehicle="2" speed="968" time="710" acceleration="13636"/>
    <motionState vehicle="3" speed="968" time="710" acceleration="13636"/>
    <motionState vehicle="4" speed="968" time="710" acceleration="13636"/>
    <motionState vehicle="5" speed="968" time="710" acceleration="13636"/>
    <motionState vehicle="6" speed="924" time="710" acceleration="10635"/>
    <motionState vehicle="7" speed="924" time="710" acceleration="10635"/>
    <motionState vehicle="8" speed="924" time="710" acceleration="10635"/>
    <motionState vehicle="9" speed="924" time="710" acceleration="10636"/>
    <motionState vehicle="10" speed="924" time="710" acceleration="10662"/>
    <motionState vehicle="11" speed="928" time="710" acceleration="10986"/>
    <motionState vehicle="0" speed="982" time="720" acceleration="13636"/>
    <motionState vehicle="1" speed="982" time="720" acceleration="13636"/>
    <motionState vehicle="2" speed="982" time="720" acceleration="13636"/>
    <motionState vehicle="3" speed="982" time="720" acceleration="13636"/>
    <motionState vehicle="4" speed="982" time="720" acceleration="13636"/>
    <motionState vehicle="5" speed="982" time="720" acceleration="13636"/>
    <motionState vehicle="6" speed="935" time="720" acceleration="10538"/>
    <motionState vehicle="7" speed="935" time="720" acceleration="10538"/>
    <motionState vehicle="8" speed="935" time="720" acceleration="10538"/>
    <motionState vehicle="9" speed="935" time="720" acceleration="10540"/>
    <motionState vehicle="10" speed="935" time="720" acceleration="10568"/>
    <motionState vehicle="11" speed="938" time="720" acceleration="10914"/>
    <motionState vehicle="0" speed="995" time="730" acceleration="13636"/>
    <motionState vehicle="1" speed="995" time="730" acceleration="13636"/>
    <motionState vehicle="2" speed="995" time="730" acceleration="13636"/>
    <motionState vehicle="3" speed="995" time="730" acceleration="13636"/>
    <motionState vehicle="4" speed="995" time="730" acceleration="13636"/>
    <motionState vehicle="5" speed="995" time="730" acceleration="13636"/>
    <motionState vehicle="6" speed="945" time="730" acceleration="10442"/>
    <motionState vehicle="7" speed="945" time="730" acceleration="10442"/>
    <motionState vehicle="8" speed="945" time="730" acceleration="10443"/>
    <motionState vehicle="9" speed="945" time="730" acceleration="10444"/>
    <motionState vehicle="10" speed="945" time="730" acceleration="10475"/>
    <motionState vehicle="11" speed="949" time="730" acceleration="10843"/>
    <motionState vehicle="0" speed="1009" time="740" acceleration="13526"/>
    <motionState vehicle="1" speed="1009" time="740" acceleration="13526"/>
    <motionState vehicle="2" speed="1009" time="740" acceleration="13526"/>
    <motionState vehicle="3" speed="1009" time="740" acceleration="13526"/>
    <motionState vehicle="4" speed="1009" time="740" acceleration="13526"/>
    <motionState vehicle="5" speed="1009" time="740" acceleration="13636"/>
    <motionState vehicle="6" speed="955" time="740" acceleration="10347"/>
    <motionState vehicle="7" speed="955" time="740" acceleration="10347"/>
    <motionState vehicle="8" speed="955" time="740" acceleration="10348"/>
    <motionState vehicle="9" speed="955" time="740" acceleration="10350"/>
    <motionState vehicle="10" speed="956" time="740" acceleration="10384"/>
    <motionState vehicle="11" speed="960" time="740" acceleration="10774"/>
    <motionState vehicle="0" speed="1022" time="750" acceleration="13403"/>
    <motionState vehicle="1" speed="1022" time="750" acceleration="13403"/>
    <motionState vehicle="2" speed="1022" time="750" acceleration="13403"/>
    <motionState vehicle="3" speed="1022" time="750" acceleration="13403"/>
    <motionState vehicle="4" speed="1022" time="750" acceleration="13404"/>
    <motionState vehicle="5" speed="1023" time="750" acceleration="13636"/>
    <motionState vehicle="6" speed="966" time="750" acceleration="10253"/>
    <motionState vehicle="7" speed="966" time="750" acceleration="10253"/>
    <motionState vehicle="8" speed="966" time="750" acceleration="10254"/>
    <motionState vehicle="9" speed="966" time="750" acceleration="10256"/>
    <motionState vehicle="10" speed="966" time="750" acceleration="10293"/>
    <motionState vehicle="11" speed="971" time="750" acceleration="10706"/>
    <motionState vehicle="0" speed="1036" time="760" acceleration="13281"/>
    <motionState vehicle="1" speed="1036" time="760" acceleration="13281"/>
    <motionState vehicle="2" speed="1036" time="760" acceleration="13281"/>
    <motionState vehicle="3" speed="1036" time="760" acceleration="13281"/>
    <motionState vehicle="4" speed="1036" time="760" acceleration="13285"/>
    <motionState vehicle="5" speed="1036" time="760" acceleration="13636"/>
    <motionState vehicle="6" speed="976" time="760" acceleration="10160"/>
    <motionState vehicle="7" speed="976" time="760" acceleration="10160"/>
    <motionState vehicle="8" speed="976" time="760" acceleration="10160"/>
    <motionState vehicle="9" speed="976" time="760" acceleration="10163"/>
    <motionState vehicle="10" speed="976" time="760" acceleration="10204"/>
    <motionState vehicle="11" speed="981" time="760" acceleration="10638"/>
    <motionState vehicle="0" speed="1049" time="770" acceleration="13161"/>
    <motionState vehicle="1" speed="1049" time="770" acceleration="13161"/>
    <motionState vehicle="2" speed="1049" time="770" acceleration="13161"/>
    <motionState vehicle="3" speed="1049" time="770" acceleration="13161"/>
    <motionState vehicle="4" speed="1049" time="770" acceleration="13167"/>
    <motionState vehicle="5" speed="1050" time="770" acceleration="13636"/>
    <motionState vehicle="6" speed="986" time="770" acceleration="10068"/>
    <motionState vehicle="7" speed="986" time="770" acceleration="10068"/>
    <motionState vehicle="8" speed="986" time="770" acceleration="10068"/>
    <motionState vehicle="9" speed="986" time="770" acceleration="10071"/>
    <motionState vehicle="10" speed="986" time="770" acceleration="10116"/>
    <motionState vehicle="11" speed="992" time="770" acceleration="10570"/>
    <motionState vehicle="0" speed="1062" time="780" acceleration="13041"/>
    <motionState vehicle="1" speed="1062" time="780" acceleration="13041"/>
    <motionState vehicle="2" speed="1062" time="780" acceleration="13041"/>
    <motionState vehicle="3" speed="1062" time="780" acceleration="13041"/>
    <motionState vehicle="4" speed="1062" time="780" acceleration="13052"/>
    <motionState vehicle="5" speed="1064" time="780" acceleration="13636"/>
    <motionState vehicle="6" speed="996" time="780" acceleration="9976"/>
    <motionState vehicle="7" speed="996" time="780" acceleration="9976"/>
    <motionState vehicle="8" speed="996" time="780" acceleration="9977"/>
    <motionState vehicle="9" speed="996" time="780" acceleration="9980"/>
    <motionState vehicle="10" speed="996" time="780" acceleration="10028"/>
    <motionState vehicle="11" speed="1003" time="780" acceleration="10503"/>
    <motionState vehicle="0" speed="1075" time="790" acceleration="12922"/>
    <motionState vehicle="1" speed="1075" time="790" acceleration="12922"/>
    <motionState vehicle="2" speed="1075" time="790" acceleration="12922"/>
    <motionState vehicle="3" speed="1075" time="790" acceleration="12923"/>
    <motionState vehicle="4" speed="1075" time="790" acceleration="12938"/>
    <motionState vehicle="5" speed="1077" time="790" acceleration="13636"/>
    <motionState vehicle="6" speed="1006" time="790" acceleration="9886"/>
    <motionState vehicle="7" speed="1006" time="790" acceleration="9886"/>
    <motionState vehicle="8" speed="1006" time="790" acceleration="9886"/>
    <motionState vehicle="9" speed="1006" time="790" acceleration="9890"/>
    <motionState vehicle="10" speed="1006" time="790" acceleration="9942"/>
    <motionState vehicle="11" speed="1013" time="790" acceleration="10436"/>
    <motionState vehicle="0" speed="1088" time="800" acceleration="12805"/>
    <motionState vehicle="1" speed="1088" time="800" acceleration="12805"/>
    <motionState vehicle="2" speed="1088" time="800" acceleration="12805"/>
    <motionState vehicle="3" speed="1088" time="800" acceleration="12805"/>
    <motionState vehicle="4" speed="1088" time="800" acceleration="12827"/>
    <motionState vehicle="5" speed="1091" time="800" acceleration="13636"/>
    <motionState vehicle="6" speed="1016" time="800" acceleration="9796"/>
    <motionState vehicle="7" speed="1016" time="800" acceleration="9796"/>
    <motionState vehicle="8" speed="1016" time="800" acceleration="9796"/>
    <motionState vehicle="9" speed="1016" time="800" acceleration="9800"/>
    <motionState vehicle="10" speed="1016" time="800" acceleration="9857"/>
    <motionState vehicle="11" speed="1023" time="800" acceleration="10369"/>
    <motionState vehicle="0" speed="1100" time="810" acceleration="12689"/>
    <motionState vehicle="1" speed="1100" time="810" acceleration="12689"/>
    <motionState vehicle="2" speed="1100" time="810" acceleration="12689"/>
    <motionState vehicle="3" speed="1100" time="810" acceleration="12689"/>
    <motionState vehicle="4" speed="1100" time="810" acceleration="12718"/>
    <motionState vehicle="5" speed="1105" time="810" acceleration="13636"/>
    <motionState vehicle="6" speed="1025" time="810" acceleration="9707"/>
    <motionState vehicle="7" speed="1025" time="810" acceleration="9707"/>
    <motionState vehicle="8" speed="1025" time="810" acceleration="9707"/>
    <motionState vehicle="9" speed="1025" time="810" acceleration="9712"/>
    <motionState vehicle="10" speed="1026" time="810" acceleration="9772"/>
    <motionState vehicle="11" speed="1034" time="810" acceleration="10303"/>
    <motionState vehicle="0" speed="1113" time="820" acceleration="12573"/>
    <motionState vehicle="1" speed="1113" time="820" acceleration="12573"/>
    <motionState vehicle="2" speed="1113" time="820" acceleration="12573"/>
    <motionState vehicle="3" speed="1113" time="820" acceleration="12574"/>
    <motionState vehicle="4" speed="1113" time="820" acceleration="12612"/>
    <motionState vehicle="5" speed="1118" time="820" acceleration="13636"/>
    <motionState vehicle="6" speed="1035" time="820" acceleration="9618"/>
    <motionState vehicle="7" speed="1035" time="820" acceleration="9618"/>
    <motionState vehicle="8" speed="1035" time="820" acceleration="9619"/>
    <motionState vehicle="9" speed="1035" time="820" acceleration="9624"/>
    <motionState vehicle="10" speed="1036" time="820" acceleration="9689"/>
    <motionState vehicle="11" speed="1044" time="820" acceleration="10237"/>
    <motionState vehicle="0" speed="1125" time="830" acceleration="12459"/>
    <motionState vehicle="1" speed="1125" time="830" acceleration="12459"/>
    <motionState vehicle="2" speed="1125" time="830" acceleration="12459"/>
    <motionState vehicle="3" speed="1125" time="830" acceleration="12460"/>
    <motionState vehicle="4" speed="1125" time="830" acceleration="12507"/>
    <motionState vehicle="5" speed="1132" time="830" acceleration="13636"/>
    <motionState vehicle="6" speed="1044" time="830" acceleration="9531"/>
    <motionState vehicle="7" speed="1044" time="830" acceleration="9531"/>
    <motionState vehicle="8" speed="1044" time="830" acceleration="9531"/>
    <motionState vehicle="9" speed="1045" time="830" acceleration="9537"/>
    <motionState vehicle="10" speed="1045" time="830" acceleration="9607"/>
    <motionState vehicle="11" speed="1054" time="830" acceleration="10171"/>
    <motionState vehicle="0" speed="1138" time="840" acceleration="12346"/>
    <motionState vehicle="1" speed="1138" time="840" acceleration="12346"/>
    <motionState vehicle="2" speed="1138" time="840" acceleration="12346"/>
    <motionState vehicle="3" speed="1138" time="840" acceleration="12347"/>
    <motionState vehicle="4" speed="1138" time="840" acceleration="12404"/>
    <motionState vehicle="5" speed="1145" time="840" acceleration="13636"/>
    <motionState vehicle="6" speed="1054" time="840" acceleration="9444"/>
    <motionState vehicle="7" speed="1054" time="840" acceleration="9444"/>
    <motionState vehicle="8" speed="1054" time="840" acceleration="9445"/>
    <motionState vehicle="9" speed="1054" time="840" acceleration="9451"/>
    <motionState vehicle="10" speed="1055" time="840" acceleration="9525"/>
    <motionState vehicle="11" speed="1064" time="840" acceleration="10106"/>
    <motionState vehicle="0" speed="1150" time="850" acceleration="12233"/>
    <motionState vehicle="1" speed="1150" time="850" acceleration="12233"/>
    <motionState vehicle="2" speed="1150" time="850" acceleration="12233"/>
    <motionState vehicle="3" speed="1150" time="850" acceleration="12235"/>
    <motionState vehicle="4" speed="1150" time="850" acceleration="12303"/>
    <motionState vehicle="5" speed="1159" time="850" acceleration="13636"/>
    <motionState vehicle="6" speed="1063" time="850" acceleration="9359"/>
    <motionState vehicle="7" speed="1063" time="850" acceleration="9359"/>
    <motionState vehicle="8" speed="1063" time="850" acceleration="9359"/>
    <motionState vehicle="9" speed="1063" time="850" acceleration="9366"/>
    <motionState vehicle="10" speed="1064" time="850" acceleration="9445"/>
    <motionState vehicle="11" speed="1074" time="850" acceleration="10041"/>
    <motionState vehicle="0" speed="1162" time="860" acceleration="12122"/>
    <motionState vehicle="1" speed="1162" time="860" acceleration="12122"/>
    <motionState vehicle="2" speed="1162" time="860" acceleration="12122"/>
    <motionState vehicle="3" speed="1162" time="860" acceleration="12125"/>
    <motionState vehicle="4" speed="1162" time="860" acceleration="12204"/>
    <motionState vehicle="5" speed="1173" time="860" acceleration="13636"/>
    <motionState vehicle="6" speed="1073" time="860" acceleration="9273"/>
    <motionState vehicle="7" speed="1073" time="860" acceleration="9273"/>
    <motionState vehicle="8" speed="1073" time="860" acceleration="9274"/>
    <motionState vehicle="9" speed="1073" time="860" acceleration="9282"/>
    <motionState vehicle="10" speed="1074" time="860" acceleration="9365"/>
    <motionState vehicle="11" speed="1084" time="860" acceleration="9977"/>
    <motionState vehicle="0" speed="1174" time="870" acceleration="12012"/>
    <motionState vehicle="1" speed="1174" time="870" acceleration="12012"/>
    <motionState vehicle="2" speed="1174" time="870" acceleration="12012"/>
    <motionState vehicle="3" speed="1174" time="870" acceleration="12015"/>
    <motionState vehicle="4" speed="1175" time="870" acceleration="12107"/>
    <motionState vehicle="5" speed="1186" time="870" acceleration="13636"/>
    <motionState vehicle="6" speed="1082" time="870" acceleration="9189"/>
    <motionState vehicle="7" speed="1082" time="870" acceleration="9189"/>
    <motionState vehicle="8" speed="1082" time="870" acceleration="9190"/>
    <motionState vehicle="9" speed="1082" time="870" acceleration="9198"/>
    <motionState vehicle="10" speed="1083" time="870" acceleration="9287"/>
    <motionState vehicle="11" speed="1094" time="870" acceleration="9913"/>
    <motionState vehicle="0" speed="1186" time="880" acceleration="11903"/>
    <motionState vehicle="1" speed="1186" time="880" acceleration="11903"/>
    <motionState vehicle="2" speed="1186" time="880" acceleration="11903"/>
    <motionState vehicle="3" speed="1186" time="880" acceleration="11907"/>
    <motionState vehicle="4" speed="1187" time="880" acceleration="12012"/>
    <motionState vehicle="5" speed="1200" time="880" acceleration="13636"/>
    <motionState vehicle="6" speed="1091" time="880" acceleration="9106"/>
    <motionState vehicle="7" speed="1091" time="880" acceleration="9106"/>
    <motionState vehicle="8" speed="1091" time="880" acceleration="9106"/>
    <motionState vehicle="9" speed="1091" time="880" acceleration="9116"/>
    <motionState vehicle="10" speed="1092" time="880" acceleration="9209"/>
    <motionState vehicle="11" speed="1104" time="880" acceleration="9849"/>
    <motionState vehicle="0" speed="1198" time="890" acceleration="11795"/>
    <motionState vehicle="1" speed="1198" time="890" acceleration="11795"/>
    <motionState vehicle="2" speed="1198" time="890" acceleration="11795"/>
    <motionState vehicle="3" speed="1198" time="890" acceleration="11800"/>
    <motionState vehicle="4" speed="1198" time="890" acceleration="11919"/>
    <motionState vehicle="5" speed="1214" time="890" acceleration="13636"/>
    <motionState vehicle="6" speed="1100" time="890" acceleration="9023"/>
    <motionState vehicle="7" speed="1100" time="890" acceleration="9023"/>
    <motionState vehicle="8" speed="1100" time="890" acceleration="9024"/>
    <motionState vehicle="9" speed="1100" time="890" acceleration="9034"/>
    <motionState vehicle="10" speed="1101" time="890" acceleration="9132"/>
    <motionState vehicle="11" speed="1114" time="890" acceleration="9785"/>
    <motionState vehicle="0" speed="1209" time="900" acceleration="11687"/>
    <motionState vehicle="1" speed="1209" time="900" acceleration="11687"/>
    <motionState vehicle="2" speed="1209" time="900" acceleration="11688"/>
    <motionState vehicle="3" speed="1209" time="900" acceleration="11694"/>
    <motionState vehicle="4" speed="1210" time="900" acceleration="11827"/>
    <motionState vehicle="5" speed="1227" time="900" acceleration="13636"/>
    <motionState vehicle="6" speed="1109" time="900" acceleration="8941"/>
    <motionState vehicle="7" speed="1109" time="900" acceleration="8941"/>
    <motionState vehicle="8" speed="1109" time="900" acceleration="8942"/>
    <motionState vehicle="9" speed="1109" time="900" acceleration="8953"/>
    <motionState vehicle="10" speed="1110" time="900" acceleration="9056"/>
    <motionState vehicle="11" speed="1123" time="900" acceleration="9722"/>
    <motionState vehicle="0" speed="1221" time="910" acceleration="11581"/>
    <motionState vehicle="1" speed="1221" time="910" acceleration="11581"/>
    <motionState vehicle="2" speed="1221" time="910" acceleration="11581"/>
    <motionState vehicle="3" speed="1221" time="910" acceleration="11589"/>
    <motionState vehicle="4" speed="1222" time="910" acceleration="11738"/>
    <motionState vehicle="5" speed="1241" time="910" acceleration="13636"/>
    <motionState vehicle="6" speed="1118" time="910" acceleration="8860"/>
    <motionState vehicle="7" speed="1118" time="910" acceleration="8860"/>
    <motionState vehicle="8" speed="1118" time="910" acceleration="8861"/>
    <motionState vehicle="9" speed="1118" time="910" acceleration="8872"/>
    <motionState vehicle="10" speed="1119" time="910" acceleration="8981"/>
    <motionState vehicle="11" speed="1133" time="910" acceleration="9660"/>
    <motionState vehicle="0" speed="1232" time="920" acceleration="11476"/>
    <motionState vehicle="1" speed="1232" time="920" acceleration="11476"/>
    <motionState vehicle="2" speed="1232" time="920" acceleration="11476"/>
    <motionState vehicle="3" speed="1233" time="920" acceleration="11485"/>
    <motionState vehicle="4" speed="1234" time="920" acceleration="11650"/>
    <motionState vehicle="5" speed="1255" time="920" acceleration="13636"/>
    <motionState vehicle="6" speed="1126" time="920" acceleration="8779"/>
    <motionState vehicle="7" speed="1126" time="920" acceleration="8779"/>
    <motionState vehicle="8" speed="1126" time="920" acceleration="8780"/>
    <motionState vehicle="9" speed="1127" time="920" acceleration="8793"/>
    <motionState vehicle="10" speed="1128" time="920" acceleration="8907"/>
    <motionState vehicle="11" speed="1143" time="920" acceleration="9597"/>
    <motionState vehicle="0" speed="1244" time="930" acceleration="11371"/>
    <motionState vehicle="1" speed="1244" time="930" acceleration="11372"/>
    <motionState vehicle="2" speed="1244" time="930" acceleration="11372"/>
    <motionState vehicle="3" speed="1244" time="930" acceleration="11382"/>
    <motionState vehicle="4" speed="1245" time="930" acceleration="11564"/>
    <motionState vehicle="5" speed="1268" time="930" acceleration="13636"/>
    <motionState vehicle="6" speed="1135" time="930" acceleration="8699"/>
    <motionState vehicle="7" speed="1135" time="930" acceleration="8699"/>
    <motionState vehicle="8" speed="1135" time="930" acceleration="8700"/>
    <motionState vehicle="9" speed="1135" time="930" acceleration="8714"/>
    <motionState vehicle="10" speed="1137" time="930" acceleration="8834"/>
    <motionState vehicle="11" speed="1152" time="930" acceleration="9535"/>
    <motionState vehicle="0" speed="1255" time="940" acceleration="11268"/>
    <motionState vehicle="1" speed="1255" time="940" acceleration="11268"/>
    <motionState vehicle="2" speed="1255" time="940" acceleration="11269"/>
    <motionState vehicle="3" speed="1255" time="940" acceleration="11280"/>
    <motionState vehicle="4" speed="1257" time="940" acceleration="11480"/>
    <motionState vehicle="5" speed="1282" time="940" acceleration="13636"/>
    <motionState vehicle="6" speed="1144" time="940" acceleration="8620"/>
    <motionState vehicle="7" speed="1144" time="940" acceleration="8620"/>
    <motionState vehicle="8" speed="1144" time="940" acceleration="8621"/>
    <motionState vehicle="9" speed="1144" time="940" acceleration="8636"/>
    <motionState vehicle="10" speed="1146" time="940" acceleration="8761"/>
    <motionState vehicle="11" speed="1162" time="940" acceleration="9474"/>
    <motionState vehicle="0" speed="1266" time="950" acceleration="11166"/>
    <motionState vehicle="1" speed="1266" time="950" acceleration="11166"/>
    <motionState vehicle="2" speed="1266" time="950" acceleration="11166"/>
    <motionState vehicle="3" speed="1266" time="950" acceleration="11180"/>
    <motionState vehicle="4" speed="1268" time="950" acceleration="11398"/>
    <motionState vehicle="5" speed="1295" time="950" acceleration="13636"/>
    <motionState vehicle="6" speed="1152" time="950" acceleration="8542"/>
    <motionState vehicle="7" speed="1152" time="950" acceleration="8542"/>
    <motionState vehicle="8" speed="1152" time="950" acceleration="8543"/>
    <motionState vehicle="9" speed="1152" time="950" acceleration="8559"/>
    <motionState vehicle="10" speed="1154" time="950" acceleration="8689"/>
    <motionState vehicle="11" speed="1171" time="950" acceleration="9412"/>
    <motionState vehicle="0" speed="1277" time="960" acceleration="11064"/>
    <motionState vehicle="1" speed="1277" time="960" acceleration="11064"/>
    <motionState vehicle="2" speed="1277" time="960" acceleration="11065"/>
    <motionState vehicle="3" speed="1277" time="960" acceleration="11080"/>
    <motionState vehicle="4" speed="1279" time="960" acceleration="11317"/>
    <motionState vehicle="5" speed="1309" time="960" acceleration="13636"/>
    <motionState vehicle="6" speed="1161" time="960" acceleration="8464"/>
    <motionState vehicle="7" speed="1161" time="960" acceleration="8464"/>
    <motionState vehicle="8" speed="1161" time="960" acceleration="8466"/>
    <motionState vehicle="9" speed="1161" time="960" acceleration="8482"/>
    <motionState vehicle="10" speed="1163" time="960" acceleration="8618"/>
    <motionState vehicle="11" speed="1180" time="960" acceleration="9351"/>
    <motionState vehicle="0" speed="1288" time="970" acceleration="10964"/>
    <motionState vehicle="1" speed="1288" time="970" acceleration="10964"/>
    <motionState vehicle="2" speed="1288" time="970" acceleration="10964"/>
    <motionState vehicle="3" speed="1288" time="970" acceleration="10982"/>
    <motionState vehicle="4" speed="1291" time="970" acceleration="11238"/>
    <motionState vehicle="5" speed="1323" time="970" acceleration="13636"/>
    <motionState vehicle="6" speed="1169" time="970" acceleration="8387"/>
    <motionState vehicle="7" speed="1169" time="970" acceleration="8387"/>
    <motionState vehicle="8" speed="1169" time="970" acceleration="8389"/>
    <motionState vehicle="9" speed="1169" time="970" acceleration="8407"/>
    <motionState vehicle="10" speed="1172" time="970" acceleration="8548"/>
    <motionState vehicle="11" speed="1190" time="970" acceleration="9291"/>
    <motionState vehicle="0" speed="1299" time="980" acceleration="10864"/>
    <motionState vehicle="1" speed="1299" time="980" acceleration="10864"/>
    <motionState vehicle="2" speed="1299" time="980" acceleration="10865"/>
    <motionState vehicle="3" speed="1299" time="980" acceleration="10885"/>
    <motionState vehicle="4" speed="1302" time="980" acceleration="11160"/>
    <motionState vehicle="5" speed="1336" time="980" acceleration="13636"/>
    <motionState vehicle="6" speed="1177" time="980" acceleration="8311"/>
    <motionState vehicle="7" speed="1177" time="980" acceleration="8311"/>
    <motionState vehicle="8" speed="1177" time="980" acceleration="8313"/>
    <motionState vehicle="9" speed="1178" time="980" acceleration="8332"/>
    <motionState vehicle="10" speed="1180" time="980" acceleration="8479"/>
    <motionState vehicle="11" speed="1199" time="980" acceleration="9230"/>
    <motionState vehicle="0" speed="1310" time="990" acceleration="10765"/>
    <motionState vehicle="1" speed="1310" time="990" acceleration="10765"/>
    <motionState vehicle="2" speed="1310" time="990" acceleration="10766"/>
    <motionState vehicle="3" speed="1310" time="990" acceleration="10788"/>
    <motionState vehicle="4" speed="1313" time="990" acceleration="11084"/>
    <motionState vehicle="5" speed="1350" time="990" acceleration="13636"/>
    <motionState vehicle="6" speed="1186" time="990" acceleration="8235"/>
    <motionState vehicle="7" speed="1186" time="990" acceleration="8235"/>
    <motionState vehicle="8" speed="1186" time="990" acceleration="8237"/>
    <motionState vehicle="9" speed="1186" time="990" acceleration="8258"/>
    <motionState vehicle="10" speed="1189" time="990" acceleration="8410"/>
    <motionState vehicle="11" speed="1208" time="990" acceleration="9170"/>
    <motionState vehicle="0" speed="1321" time="1000" acceleration="10667"/>
    <motionState vehicle="1" speed="1321" time="1000" acceleration="10667"/>
    <motionState vehicle="2" speed="1321" time="1000" acceleration="10669"/>
    <motionState vehicle="3" speed="1321" time="1000" acceleration="10693"/>
    <motionState vehicle="4" speed="1324" time="1000" acceleration="11010"/>
    <motionState vehicle="5" speed="1364" time="1000" acceleration="13636"/>
    <motionState vehicle="6" speed="1194" time="1000" acceleration="8160"/>
    <motionState vehicle="7" speed="1194" time="1000" acceleration="8161"/>
    <motionState vehicle="8" speed="1194" time="1000" acceleration="8163"/>
    <motionState vehicle="9" speed="1194" time="1000" acceleration="8184"/>
    <motionState vehicle="10" speed="1197" time="1000" acceleration="8343"/>
    <motionState vehicle="11" speed="1217" time="1000" acceleration="9111"/>
<<<<<<< HEAD
    <motionState vehicle="0" speed="1334" time="1010" acceleration="13636"/>
    <motionState vehicle="1" speed="1334" time="1010" acceleration="13636"/>
    <motionState vehicle="2" speed="1334" time="1010" acceleration="13636"/>
=======
    <motionState vehicle="0" speed="1331" time="1010" acceleration="10570"/>
    <motionState vehicle="1" speed="1331" time="1010" acceleration="10570"/>
    <motionState vehicle="2" speed="1331" time="1010" acceleration="10572"/>
>>>>>>> f63c990... added xml files to gitignore
    <motionState vehicle="3" speed="1334" time="1010" acceleration="13636"/>
    <motionState vehicle="4" speed="1338" time="1010" acceleration="13636"/>
    <motionState vehicle="5" speed="1377" time="1010" acceleration="13636"/>
    <motionState vehicle="6" speed="1202" time="1010" acceleration="8086"/>
    <motionState vehicle="7" speed="1202" time="1010" acceleration="8086"/>
    <motionState vehicle="8" speed="1202" time="1010" acceleration="8089"/>
    <motionState vehicle="9" speed="1202" time="1010" acceleration="8111"/>
    <motionState vehicle="10" speed="1205" time="1010" acceleration="8276"/>
<<<<<<< HEAD
    <motionState vehicle="11" speed="1231" time="1010" acceleration="13636"/>
    <motionState vehicle="0" speed="1348" time="1020" acceleration="13636"/>
    <motionState vehicle="1" speed="1348" time="1020" acceleration="13636"/>
    <motionState vehicle="2" speed="1348" time="1020" acceleration="13636"/>
=======
    <motionState vehicle="11" speed="1226" time="1010" acceleration="9052"/>
    <motionState vehicle="0" speed="1342" time="1020" acceleration="10474"/>
    <motionState vehicle="1" speed="1342" time="1020" acceleration="10474"/>
    <motionState vehicle="2" speed="1342" time="1020" acceleration="10504"/>
>>>>>>> f63c990... added xml files to gitignore
    <motionState vehicle="3" speed="1348" time="1020" acceleration="13636"/>
    <motionState vehicle="4" speed="1351" time="1020" acceleration="13636"/>
    <motionState vehicle="5" speed="1391" time="1020" acceleration="13636"/>
    <motionState vehicle="6" speed="1210" time="1020" acceleration="8013"/>
    <motionState vehicle="7" speed="1210" time="1020" acceleration="8013"/>
    <motionState vehicle="8" speed="1210" time="1020" acceleration="8015"/>
    <motionState vehicle="9" speed="1210" time="1020" acceleration="8039"/>
<<<<<<< HEAD
    <motionState vehicle="10" speed="1213" time="1020" acceleration="8252"/>
    <motionState vehicle="11" speed="1245" time="1020" acceleration="13636"/>
    <motionState vehicle="0" speed="1362" time="1030" acceleration="13636"/>
    <motionState vehicle="1" speed="1362" time="1030" acceleration="13636"/>
    <motionState vehicle="2" speed="1362" time="1030" acceleration="13636"/>
=======
    <motionState vehicle="10" speed="1213" time="1020" acceleration="8209"/>
    <motionState vehicle="11" speed="1235" time="1020" acceleration="8993"/>
    <motionState vehicle="0" speed="1352" time="1030" acceleration="10379"/>
    <motionState vehicle="1" speed="1352" time="1030" acceleration="10379"/>
    <motionState vehicle="2" speed="1352" time="1030" acceleration="10438"/>
>>>>>>> f63c990... added xml files to gitignore
    <motionState vehicle="3" speed="1362" time="1030" acceleration="13636"/>
    <motionState vehicle="4" speed="1365" time="1030" acceleration="13636"/>
    <motionState vehicle="5" speed="1405" time="1030" acceleration="13636"/>
    <motionState vehicle="6" speed="1218" time="1030" acceleration="7940"/>
    <motionState vehicle="7" speed="1218" time="1030" acceleration="7940"/>
    <motionState vehicle="8" speed="1218" time="1030" acceleration="7943"/>
<<<<<<< HEAD
    <motionState vehicle="9" speed="1218" time="1030" acceleration="7969"/>
    <motionState vehicle="10" speed="1222" time="1030" acceleration="8228"/>
    <motionState vehicle="11" speed="1258" time="1030" acceleration="13636"/>
    <motionState vehicle="0" speed="1375" time="1040" acceleration="13636"/>
    <motionState vehicle="1" speed="1375" time="1040" acceleration="13636"/>
    <motionState vehicle="2" speed="1375" time="1040" acceleration="13636"/>
=======
    <motionState vehicle="9" speed="1218" time="1030" acceleration="7968"/>
    <motionState vehicle="10" speed="1221" time="1030" acceleration="8144"/>
    <motionState vehicle="11" speed="1244" time="1030" acceleration="8934"/>
    <motionState vehicle="0" speed="1362" time="1040" acceleration="10285"/>
    <motionState vehicle="1" speed="1362" time="1040" acceleration="10286"/>
    <motionState vehicle="2" speed="1362" time="1040" acceleration="10373"/>
>>>>>>> f63c990... added xml files to gitignore
    <motionState vehicle="3" speed="1375" time="1040" acceleration="13636"/>
    <motionState vehicle="4" speed="1378" time="1040" acceleration="13636"/>
    <motionState vehicle="5" speed="1418" time="1040" acceleration="13636"/>
    <motionState vehicle="6" speed="1226" time="1040" acceleration="7868"/>
    <motionState vehicle="7" speed="1226" time="1040" acceleration="7868"/>
    <motionState vehicle="8" speed="1226" time="1040" acceleration="7871"/>
<<<<<<< HEAD
    <motionState vehicle="9" speed="1226" time="1040" acceleration="7899"/>
    <motionState vehicle="10" speed="1230" time="1040" acceleration="8206"/>
    <motionState vehicle="11" speed="1272" time="1040" acceleration="13636"/>
    <motionState vehicle="0" speed="1389" time="1050" acceleration="13636"/>
    <motionState vehicle="1" speed="1389" time="1050" acceleration="13636"/>
    <motionState vehicle="2" speed="1389" time="1050" acceleration="13636"/>
=======
    <motionState vehicle="9" speed="1226" time="1040" acceleration="7898"/>
    <motionState vehicle="10" speed="1230" time="1040" acceleration="8079"/>
    <motionState vehicle="11" speed="1253" time="1040" acceleration="8876"/>
    <motionState vehicle="0" speed="1372" time="1050" acceleration="10191"/>
    <motionState vehicle="1" speed="1373" time="1050" acceleration="10193"/>
    <motionState vehicle="2" speed="1373" time="1050" acceleration="10309"/>
>>>>>>> f63c990... added xml files to gitignore
    <motionState vehicle="3" speed="1389" time="1050" acceleration="13636"/>
    <motionState vehicle="4" speed="1392" time="1050" acceleration="13636"/>
    <motionState vehicle="5" speed="1432" time="1050" acceleration="13636"/>
    <motionState vehicle="6" speed="1234" time="1050" acceleration="7796"/>
    <motionState vehicle="7" speed="1234" time="1050" acceleration="7796"/>
    <motionState vehicle="8" speed="1234" time="1050" acceleration="7800"/>
<<<<<<< HEAD
    <motionState vehicle="9" speed="1234" time="1050" acceleration="7830"/>
    <motionState vehicle="10" speed="1238" time="1050" acceleration="8185"/>
    <motionState vehicle="11" speed="1285" time="1050" acceleration="13636"/>
    <motionState vehicle="0" speed="1402" time="1060" acceleration="13636"/>
    <motionState vehicle="1" speed="1402" time="1060" acceleration="13636"/>
    <motionState vehicle="2" speed="1402" time="1060" acceleration="13636"/>
=======
    <motionState vehicle="9" speed="1234" time="1050" acceleration="7828"/>
    <motionState vehicle="10" speed="1238" time="1050" acceleration="8015"/>
    <motionState vehicle="11" speed="1262" time="1050" acceleration="8818"/>
    <motionState vehicle="0" speed="1383" time="1060" acceleration="10099"/>
    <motionState vehicle="1" speed="1383" time="1060" acceleration="10101"/>
    <motionState vehicle="2" speed="1383" time="1060" acceleration="10247"/>
>>>>>>> f63c990... added xml files to gitignore
    <motionState vehicle="3" speed="1403" time="1060" acceleration="13636"/>
    <motionState vehicle="4" speed="1406" time="1060" acceleration="13636"/>
    <motionState vehicle="5" speed="1445" time="1060" acceleration="13636"/>
    <motionState vehicle="6" speed="1241" time="1060" acceleration="7725"/>
    <motionState vehicle="7" speed="1241" time="1060" acceleration="7726"/>
    <motionState vehicle="8" speed="1241" time="1060" acceleration="7729"/>
<<<<<<< HEAD
    <motionState vehicle="9" speed="1242" time="1060" acceleration="7762"/>
    <motionState vehicle="10" speed="1246" time="1060" acceleration="8164"/>
    <motionState vehicle="11" speed="1299" time="1060" acceleration="13636"/>
    <motionState vehicle="0" speed="1416" time="1070" acceleration="13636"/>
    <motionState vehicle="1" speed="1416" time="1070" acceleration="13636"/>
    <motionState vehicle="2" speed="1416" time="1070" acceleration="13636"/>
=======
    <motionState vehicle="9" speed="1242" time="1060" acceleration="7759"/>
    <motionState vehicle="10" speed="1246" time="1060" acceleration="7952"/>
    <motionState vehicle="11" speed="1271" time="1060" acceleration="8760"/>
    <motionState vehicle="0" speed="1393" time="1070" acceleration="10007"/>
    <motionState vehicle="1" speed="1393" time="1070" acceleration="10011"/>
    <motionState vehicle="2" speed="1393" time="1070" acceleration="10187"/>
>>>>>>> f63c990... added xml files to gitignore
    <motionState vehicle="3" speed="1416" time="1070" acceleration="13636"/>
    <motionState vehicle="4" speed="1419" time="1070" acceleration="13636"/>
    <motionState vehicle="5" speed="1459" time="1070" acceleration="13636"/>
    <motionState vehicle="6" speed="1249" time="1070" acceleration="7655"/>
    <motionState vehicle="7" speed="1249" time="1070" acceleration="7655"/>
    <motionState vehicle="8" speed="1249" time="1070" acceleration="7659"/>
<<<<<<< HEAD
    <motionState vehicle="9" speed="1249" time="1070" acceleration="7696"/>
    <motionState vehicle="10" speed="1254" time="1070" acceleration="8144"/>
    <motionState vehicle="11" speed="1313" time="1070" acceleration="13636"/>
    <motionState vehicle="0" speed="1430" time="1080" acceleration="13636"/>
    <motionState vehicle="1" speed="1430" time="1080" acceleration="13636"/>
    <motionState vehicle="2" speed="1430" time="1080" acceleration="13636"/>
=======
    <motionState vehicle="9" speed="1249" time="1070" acceleration="7690"/>
    <motionState vehicle="10" speed="1253" time="1070" acceleration="7889"/>
    <motionState vehicle="11" speed="1279" time="1070" acceleration="8703"/>
    <motionState vehicle="0" speed="1403" time="1080" acceleration="9916"/>
    <motionState vehicle="1" speed="1403" time="1080" acceleration="9921"/>
    <motionState vehicle="2" speed="1403" time="1080" acceleration="10127"/>
>>>>>>> f63c990... added xml files to gitignore
    <motionState vehicle="3" speed="1430" time="1080" acceleration="13636"/>
    <motionState vehicle="4" speed="1433" time="1080" acceleration="13636"/>
    <motionState vehicle="5" speed="1473" time="1080" acceleration="13636"/>
    <motionState vehicle="6" speed="1257" time="1080" acceleration="7586"/>
    <motionState vehicle="7" speed="1257" time="1080" acceleration="7586"/>
    <motionState vehicle="8" speed="1257" time="1080" acceleration="7590"/>
<<<<<<< HEAD
    <motionState vehicle="9" speed="1257" time="1080" acceleration="7630"/>
    <motionState vehicle="10" speed="1262" time="1080" acceleration="8126"/>
    <motionState vehicle="11" speed="1326" time="1080" acceleration="13636"/>
    <motionState vehicle="0" speed="1443" time="1090" acceleration="13636"/>
    <motionState vehicle="1" speed="1443" time="1090" acceleration="13636"/>
    <motionState vehicle="2" speed="1443" time="1090" acceleration="13636"/>
=======
    <motionState vehicle="9" speed="1257" time="1080" acceleration="7622"/>
    <motionState vehicle="10" speed="1261" time="1080" acceleration="7827"/>
    <motionState vehicle="11" speed="1288" time="1080" acceleration="8646"/>
    <motionState vehicle="0" speed="1412" time="1090" acceleration="9826"/>
    <motionState vehicle="1" speed="1412" time="1090" acceleration="9833"/>
    <motionState vehicle="2" speed="1413" time="1090" acceleration="10070"/>
>>>>>>> f63c990... added xml files to gitignore
    <motionState vehicle="3" speed="1444" time="1090" acceleration="13636"/>
    <motionState vehicle="4" speed="1447" time="1090" acceleration="13636"/>
    <motionState vehicle="5" speed="1486" time="1090" acceleration="13636"/>
    <motionState vehicle="6" speed="1264" time="1090" acceleration="7517"/>
    <motionState vehicle="7" speed="1264" time="1090" acceleration="7517"/>
    <motionState vehicle="8" speed="1264" time="1090" acceleration="7521"/>
<<<<<<< HEAD
    <motionState vehicle="9" speed="1265" time="1090" acceleration="7566"/>
    <motionState vehicle="10" speed="1271" time="1090" acceleration="8108"/>
    <motionState vehicle="11" speed="1340" time="1090" acceleration="13636"/>
    <motionState vehicle="0" speed="1457" time="1100" acceleration="13636"/>
    <motionState vehicle="1" speed="1457" time="1100" acceleration="13636"/>
    <motionState vehicle="2" speed="1457" time="1100" acceleration="13636"/>
=======
    <motionState vehicle="9" speed="1265" time="1090" acceleration="7555"/>
    <motionState vehicle="10" speed="1269" time="1090" acceleration="7766"/>
    <motionState vehicle="11" speed="1297" time="1090" acceleration="8589"/>
    <motionState vehicle="0" speed="1422" time="1100" acceleration="9736"/>
    <motionState vehicle="1" speed="1422" time="1100" acceleration="9746"/>
    <motionState vehicle="2" speed="1423" time="1100" acceleration="10013"/>
>>>>>>> f63c990... added xml files to gitignore
    <motionState vehicle="3" speed="1457" time="1100" acceleration="13636"/>
    <motionState vehicle="4" speed="1460" time="1100" acceleration="13636"/>
    <motionState vehicle="5" speed="1500" time="1100" acceleration="13636"/>
    <motionState vehicle="6" speed="1271" time="1100" acceleration="7448"/>
    <motionState vehicle="7" speed="1271" time="1100" acceleration="7449"/>
    <motionState vehicle="8" speed="1272" time="1100" acceleration="7453"/>
<<<<<<< HEAD
    <motionState vehicle="9" speed="1272" time="1100" acceleration="7503"/>
    <motionState vehicle="10" speed="1279" time="1100" acceleration="8090"/>
    <motionState vehicle="11" speed="1354" time="1100" acceleration="13636"/>
    <motionState vehicle="0" speed="1471" time="1110" acceleration="13636"/>
    <motionState vehicle="1" speed="1471" time="1110" acceleration="13636"/>
    <motionState vehicle="2" speed="1471" time="1110" acceleration="13636"/>
=======
    <motionState vehicle="9" speed="1272" time="1100" acceleration="7489"/>
    <motionState vehicle="10" speed="1277" time="1100" acceleration="7705"/>
    <motionState vehicle="11" speed="1305" time="1100" acceleration="8533"/>
    <motionState vehicle="0" speed="1432" time="1110" acceleration="9648"/>
    <motionState vehicle="1" speed="1432" time="1110" acceleration="9660"/>
    <motionState vehicle="2" speed="1433" time="1110" acceleration="9958"/>
>>>>>>> f63c990... added xml files to gitignore
    <motionState vehicle="3" speed="1471" time="1110" acceleration="13636"/>
    <motionState vehicle="4" speed="1474" time="1110" acceleration="13636"/>
    <motionState vehicle="5" speed="1514" time="1110" acceleration="13636"/>
    <motionState vehicle="6" speed="1279" time="1110" acceleration="7381"/>
    <motionState vehicle="7" speed="1279" time="1110" acceleration="7381"/>
    <motionState vehicle="8" speed="1279" time="1110" acceleration="7386"/>
<<<<<<< HEAD
    <motionState vehicle="9" speed="1280" time="1110" acceleration="7441"/>
    <motionState vehicle="10" speed="1287" time="1110" acceleration="8074"/>
    <motionState vehicle="11" speed="1367" time="1110" acceleration="13636"/>
    <motionState vehicle="0" speed="1484" time="1120" acceleration="13636"/>
    <motionState vehicle="1" speed="1484" time="1120" acceleration="13636"/>
    <motionState vehicle="2" speed="1484" time="1120" acceleration="13636"/>
=======
    <motionState vehicle="9" speed="1280" time="1110" acceleration="7423"/>
    <motionState vehicle="10" speed="1284" time="1110" acceleration="7645"/>
    <motionState vehicle="11" speed="1314" time="1110" acceleration="8477"/>
    <motionState vehicle="0" speed="1441" time="1120" acceleration="9560"/>
    <motionState vehicle="1" speed="1441" time="1120" acceleration="9575"/>
    <motionState vehicle="2" speed="1443" time="1120" acceleration="9905"/>
>>>>>>> f63c990... added xml files to gitignore
    <motionState vehicle="3" speed="1484" time="1120" acceleration="13636"/>
    <motionState vehicle="4" speed="1488" time="1120" acceleration="13636"/>
    <motionState vehicle="5" speed="1527" time="1120" acceleration="13636"/>
    <motionState vehicle="6" speed="1286" time="1120" acceleration="7313"/>
    <motionState vehicle="7" speed="1286" time="1120" acceleration="7314"/>
<<<<<<< HEAD
    <motionState vehicle="8" speed="1286" time="1120" acceleration="7320"/>
    <motionState vehicle="9" speed="1287" time="1120" acceleration="7379"/>
    <motionState vehicle="10" speed="1295" time="1120" acceleration="8059"/>
    <motionState vehicle="11" speed="1381" time="1120" acceleration="13636"/>
    <motionState vehicle="0" speed="1498" time="1130" acceleration="13636"/>
    <motionState vehicle="1" speed="1498" time="1130" acceleration="13636"/>
    <motionState vehicle="2" speed="1498" time="1130" acceleration="13636"/>
=======
    <motionState vehicle="8" speed="1286" time="1120" acceleration="7319"/>
    <motionState vehicle="9" speed="1287" time="1120" acceleration="7358"/>
    <motionState vehicle="10" speed="1292" time="1120" acceleration="7586"/>
    <motionState vehicle="11" speed="1322" time="1120" acceleration="8421"/>
    <motionState vehicle="0" speed="1451" time="1130" acceleration="9474"/>
    <motionState vehicle="1" speed="1451" time="1130" acceleration="9491"/>
    <motionState vehicle="2" speed="1453" time="1130" acceleration="9852"/>
>>>>>>> f63c990... added xml files to gitignore
    <motionState vehicle="3" speed="1498" time="1130" acceleration="13636"/>
    <motionState vehicle="4" speed="1501" time="1130" acceleration="13636"/>
    <motionState vehicle="5" speed="1541" time="1130" acceleration="13636"/>
    <motionState vehicle="6" speed="1293" time="1130" acceleration="7247"/>
    <motionState vehicle="7" speed="1293" time="1130" acceleration="7248"/>
<<<<<<< HEAD
    <motionState vehicle="8" speed="1293" time="1130" acceleration="7254"/>
    <motionState vehicle="9" speed="1294" time="1130" acceleration="7319"/>
    <motionState vehicle="10" speed="1303" time="1130" acceleration="8044"/>
    <motionState vehicle="11" speed="1395" time="1130" acceleration="13636"/>
    <motionState vehicle="0" speed="1512" time="1140" acceleration="13636"/>
    <motionState vehicle="1" speed="1512" time="1140" acceleration="13636"/>
    <motionState vehicle="2" speed="1512" time="1140" acceleration="13636"/>
=======
    <motionState vehicle="8" speed="1293" time="1130" acceleration="7253"/>
    <motionState vehicle="9" speed="1294" time="1130" acceleration="7294"/>
    <motionState vehicle="10" speed="1299" time="1130" acceleration="7527"/>
    <motionState vehicle="11" speed="1330" time="1130" acceleration="8366"/>
    <motionState vehicle="0" speed="1460" time="1140" acceleration="9388"/>
    <motionState vehicle="1" speed="1460" time="1140" acceleration="9408"/>
    <motionState vehicle="2" speed="1463" time="1140" acceleration="9801"/>
>>>>>>> f63c990... added xml files to gitignore
    <motionState vehicle="3" speed="1512" time="1140" acceleration="13636"/>
    <motionState vehicle="4" speed="1515" time="1140" acceleration="13636"/>
    <motionState vehicle="5" speed="1555" time="1140" acceleration="13636"/>
    <motionState vehicle="6" speed="1301" time="1140" acceleration="7181"/>
    <motionState vehicle="7" speed="1301" time="1140" acceleration="7182"/>
<<<<<<< HEAD
    <motionState vehicle="8" speed="1301" time="1140" acceleration="7188"/>
    <motionState vehicle="9" speed="1302" time="1140" acceleration="7260"/>
    <motionState vehicle="10" speed="1311" time="1140" acceleration="8030"/>
    <motionState vehicle="11" speed="1408" time="1140" acceleration="13636"/>
    <motionState vehicle="0" speed="1525" time="1150" acceleration="13636"/>
    <motionState vehicle="1" speed="1525" time="1150" acceleration="13636"/>
    <motionState vehicle="2" speed="1525" time="1150" acceleration="13636"/>
=======
    <motionState vehicle="8" speed="1301" time="1140" acceleration="7187"/>
    <motionState vehicle="9" speed="1301" time="1140" acceleration="7230"/>
    <motionState vehicle="10" speed="1307" time="1140" acceleration="7469"/>
    <motionState vehicle="11" speed="1339" time="1140" acceleration="8311"/>
    <motionState vehicle="0" speed="1469" time="1150" acceleration="9303"/>
    <motionState vehicle="1" speed="1470" time="1150" acceleration="9327"/>
    <motionState vehicle="2" speed="1473" time="1150" acceleration="9751"/>
>>>>>>> f63c990... added xml files to gitignore
    <motionState vehicle="3" speed="1525" time="1150" acceleration="13636"/>
    <motionState vehicle="4" speed="1528" time="1150" acceleration="13636"/>
    <motionState vehicle="5" speed="1568" time="1150" acceleration="13636"/>
    <motionState vehicle="6" speed="1308" time="1150" acceleration="7116"/>
    <motionState vehicle="7" speed="1308" time="1150" acceleration="7116"/>
<<<<<<< HEAD
    <motionState vehicle="8" speed="1308" time="1150" acceleration="7124"/>
    <motionState vehicle="9" speed="1309" time="1150" acceleration="7202"/>
    <motionState vehicle="10" speed="1319" time="1150" acceleration="8017"/>
    <motionState vehicle="11" speed="1422" time="1150" acceleration="13636"/>
    <motionState vehicle="0" speed="1539" time="1160" acceleration="13636"/>
    <motionState vehicle="1" speed="1539" time="1160" acceleration="13636"/>
    <motionState vehicle="2" speed="1539" time="1160" acceleration="13636"/>
=======
    <motionState vehicle="8" speed="1308" time="1150" acceleration="7122"/>
    <motionState vehicle="9" speed="1309" time="1150" acceleration="7167"/>
    <motionState vehicle="10" speed="1314" time="1150" acceleration="7412"/>
    <motionState vehicle="11" speed="1347" time="1150" acceleration="8256"/>
    <motionState vehicle="0" speed="1479" time="1160" acceleration="9218"/>
    <motionState vehicle="1" speed="1479" time="1160" acceleration="9246"/>
    <motionState vehicle="2" speed="1482" time="1160" acceleration="9703"/>
>>>>>>> f63c990... added xml files to gitignore
    <motionState vehicle="3" speed="1539" time="1160" acceleration="13636"/>
    <motionState vehicle="4" speed="1542" time="1160" acceleration="13636"/>
    <motionState vehicle="5" speed="1582" time="1160" acceleration="13636"/>
    <motionState vehicle="6" speed="1315" time="1160" acceleration="7051"/>
    <motionState vehicle="7" speed="1315" time="1160" acceleration="7052"/>
<<<<<<< HEAD
    <motionState vehicle="8" speed="1315" time="1160" acceleration="7060"/>
    <motionState vehicle="9" speed="1316" time="1160" acceleration="7145"/>
    <motionState vehicle="10" speed="1327" time="1160" acceleration="8004"/>
    <motionState vehicle="11" speed="1435" time="1160" acceleration="13636"/>
    <motionState vehicle="0" speed="1552" time="1170" acceleration="13636"/>
    <motionState vehicle="1" speed="1552" time="1170" acceleration="13636"/>
    <motionState vehicle="2" speed="1552" time="1170" acceleration="13636"/>
=======
    <motionState vehicle="8" speed="1315" time="1160" acceleration="7058"/>
    <motionState vehicle="9" speed="1316" time="1160" acceleration="7105"/>
    <motionState vehicle="10" speed="1322" time="1160" acceleration="7355"/>
    <motionState vehicle="11" speed="1355" time="1160" acceleration="8202"/>
    <motionState vehicle="0" speed="1488" time="1170" acceleration="9135"/>
    <motionState vehicle="1" speed="1488" time="1170" acceleration="9166"/>
    <motionState vehicle="2" speed="1492" time="1170" acceleration="9655"/>
>>>>>>> f63c990... added xml files to gitignore
    <motionState vehicle="3" speed="1553" time="1170" acceleration="13636"/>
    <motionState vehicle="4" speed="1556" time="1170" acceleration="13636"/>
    <motionState vehicle="5" speed="1595" time="1170" acceleration="13636"/>
    <motionState vehicle="6" speed="1322" time="1170" acceleration="6987"/>
    <motionState vehicle="7" speed="1322" time="1170" acceleration="6988"/>
<<<<<<< HEAD
    <motionState vehicle="8" speed="1322" time="1170" acceleration="6996"/>
    <motionState vehicle="9" speed="1323" time="1170" acceleration="7088"/>
    <motionState vehicle="10" speed="1335" time="1170" acceleration="7993"/>
    <motionState vehicle="11" speed="1449" time="1170" acceleration="13636"/>
    <motionState vehicle="0" speed="1566" time="1180" acceleration="13636"/>
    <motionState vehicle="1" speed="1566" time="1180" acceleration="13636"/>
    <motionState vehicle="2" speed="1566" time="1180" acceleration="13636"/>
=======
    <motionState vehicle="8" speed="1322" time="1170" acceleration="6995"/>
    <motionState vehicle="9" speed="1323" time="1170" acceleration="7043"/>
    <motionState vehicle="10" speed="1329" time="1170" acceleration="7299"/>
    <motionState vehicle="11" speed="1363" time="1170" acceleration="8148"/>
    <motionState vehicle="0" speed="1497" time="1180" acceleration="9052"/>
    <motionState vehicle="1" speed="1497" time="1180" acceleration="9088"/>
    <motionState vehicle="2" speed="1502" time="1180" acceleration="9609"/>
>>>>>>> f63c990... added xml files to gitignore
    <motionState vehicle="3" speed="1566" time="1180" acceleration="13636"/>
    <motionState vehicle="4" speed="1569" time="1180" acceleration="13636"/>
    <motionState vehicle="5" speed="1609" time="1180" acceleration="13636"/>
    <motionState vehicle="6" speed="1329" time="1180" acceleration="6924"/>
    <motionState vehicle="7" speed="1329" time="1180" acceleration="6924"/>
<<<<<<< HEAD
    <motionState vehicle="8" speed="1329" time="1180" acceleration="6934"/>
    <motionState vehicle="9" speed="1330" time="1180" acceleration="7033"/>
    <motionState vehicle="10" speed="1343" time="1180" acceleration="7982"/>
    <motionState vehicle="11" speed="1463" time="1180" acceleration="13636"/>
    <motionState vehicle="0" speed="1580" time="1190" acceleration="13636"/>
    <motionState vehicle="1" speed="1580" time="1190" acceleration="13636"/>
    <motionState vehicle="2" speed="1580" time="1190" acceleration="13636"/>
=======
    <motionState vehicle="8" speed="1329" time="1180" acceleration="6931"/>
    <motionState vehicle="9" speed="1330" time="1180" acceleration="6982"/>
    <motionState vehicle="10" speed="1336" time="1180" acceleration="7244"/>
    <motionState vehicle="11" speed="1371" time="1180" acceleration="8094"/>
    <motionState vehicle="0" speed="1506" time="1190" acceleration="8970"/>
    <motionState vehicle="1" speed="1506" time="1190" acceleration="9010"/>
    <motionState vehicle="2" speed="1511" time="1190" acceleration="9564"/>
>>>>>>> f63c990... added xml files to gitignore
    <motionState vehicle="3" speed="1580" time="1190" acceleration="13636"/>
    <motionState vehicle="4" speed="1583" time="1190" acceleration="13636"/>
    <motionState vehicle="5" speed="1623" time="1190" acceleration="13636"/>
    <motionState vehicle="6" speed="1336" time="1190" acceleration="6861"/>
<<<<<<< HEAD
    <motionState vehicle="7" speed="1336" time="1190" acceleration="6862"/>
    <motionState vehicle="8" speed="1336" time="1190" acceleration="6872"/>
    <motionState vehicle="9" speed="1337" time="1190" acceleration="6979"/>
    <motionState vehicle="10" speed="1351" time="1190" acceleration="7971"/>
    <motionState vehicle="11" speed="1476" time="1190" acceleration="13636"/>
    <motionState vehicle="0" speed="1593" time="1200" acceleration="13636"/>
    <motionState vehicle="1" speed="1593" time="1200" acceleration="13636"/>
    <motionState vehicle="2" speed="1593" time="1200" acceleration="13636"/>
=======
    <motionState vehicle="7" speed="1336" time="1190" acceleration="6861"/>
    <motionState vehicle="8" speed="1336" time="1190" acceleration="6869"/>
    <motionState vehicle="9" speed="1337" time="1190" acceleration="6921"/>
    <motionState vehicle="10" speed="1343" time="1190" acceleration="7189"/>
    <motionState vehicle="11" speed="1379" time="1190" acceleration="8040"/>
    <motionState vehicle="0" speed="1515" time="1200" acceleration="8889"/>
    <motionState vehicle="1" speed="1515" time="1200" acceleration="8934"/>
    <motionState vehicle="2" speed="1521" time="1200" acceleration="9521"/>
>>>>>>> f63c990... added xml files to gitignore
    <motionState vehicle="3" speed="1594" time="1200" acceleration="13636"/>
    <motionState vehicle="4" speed="1597" time="1200" acceleration="13636"/>
    <motionState vehicle="5" speed="1636" time="1200" acceleration="13596"/>
    <motionState vehicle="6" speed="1342" time="1200" acceleration="6798"/>
    <motionState vehicle="7" speed="1342" time="1200" acceleration="6799"/>
<<<<<<< HEAD
    <motionState vehicle="8" speed="1342" time="1200" acceleration="6810"/>
    <motionState vehicle="9" speed="1344" time="1200" acceleration="6926"/>
    <motionState vehicle="10" speed="1359" time="1200" acceleration="7962"/>
    <motionState vehicle="11" speed="1490" time="1200" acceleration="13636"/>
    <motionState vehicle="0" speed="1607" time="1210" acceleration="13636"/>
    <motionState vehicle="1" speed="1607" time="1210" acceleration="13636"/>
    <motionState vehicle="2" speed="1607" time="1210" acceleration="13636"/>
=======
    <motionState vehicle="8" speed="1342" time="1200" acceleration="6807"/>
    <motionState vehicle="9" speed="1343" time="1200" acceleration="6862"/>
    <motionState vehicle="10" speed="1351" time="1200" acceleration="7134"/>
    <motionState vehicle="11" speed="1387" time="1200" acceleration="7987"/>
    <motionState vehicle="0" speed="1524" time="1210" acceleration="8808"/>
    <motionState vehicle="1" speed="1524" time="1210" acceleration="8859"/>
    <motionState vehicle="2" speed="1530" time="1210" acceleration="9478"/>
>>>>>>> f63c990... added xml files to gitignore
    <motionState vehicle="3" speed="1607" time="1210" acceleration="13636"/>
    <motionState vehicle="4" speed="1610" time="1210" acceleration="13636"/>
    <motionState vehicle="5" speed="1650" time="1210" acceleration="13383"/>
    <motionState vehicle="6" speed="1349" time="1210" acceleration="6736"/>
<<<<<<< HEAD
    <motionState vehicle="7" speed="1349" time="1210" acceleration="6738"/>
    <motionState vehicle="8" speed="1349" time="1210" acceleration="6750"/>
    <motionState vehicle="9" speed="1351" time="1210" acceleration="6874"/>
    <motionState vehicle="10" speed="1367" time="1210" acceleration="7953"/>
    <motionState vehicle="11" speed="1504" time="1210" acceleration="13636"/>
    <motionState vehicle="0" speed="1621" time="1220" acceleration="13636"/>
    <motionState vehicle="1" speed="1621" time="1220" acceleration="13636"/>
    <motionState vehicle="2" speed="1621" time="1220" acceleration="13636"/>
=======
    <motionState vehicle="7" speed="1349" time="1210" acceleration="6737"/>
    <motionState vehicle="8" speed="1349" time="1210" acceleration="6746"/>
    <motionState vehicle="9" speed="1350" time="1210" acceleration="6802"/>
    <motionState vehicle="10" speed="1358" time="1210" acceleration="7081"/>
    <motionState vehicle="11" speed="1395" time="1210" acceleration="7934"/>
    <motionState vehicle="0" speed="1532" time="1220" acceleration="8729"/>
    <motionState vehicle="1" speed="1533" time="1220" acceleration="8784"/>
    <motionState vehicle="2" speed="1540" time="1220" acceleration="9437"/>
>>>>>>> f63c990... added xml files to gitignore
    <motionState vehicle="3" speed="1621" time="1220" acceleration="13636"/>
    <motionState vehicle="4" speed="1624" time="1220" acceleration="13636"/>
    <motionState vehicle="5" speed="1663" time="1220" acceleration="13174"/>
    <motionState vehicle="6" speed="1356" time="1220" acceleration="6675"/>
    <motionState vehicle="7" speed="1356" time="1220" acceleration="6676"/>
<<<<<<< HEAD
    <motionState vehicle="8" speed="1356" time="1220" acceleration="6690"/>
    <motionState vehicle="9" speed="1358" time="1220" acceleration="6823"/>
    <motionState vehicle="10" speed="1375" time="1220" acceleration="7945"/>
    <motionState vehicle="11" speed="1517" time="1220" acceleration="13636"/>
    <motionState vehicle="0" speed="1634" time="1230" acceleration="13636"/>
    <motionState vehicle="1" speed="1634" time="1230" acceleration="13636"/>
    <motionState vehicle="2" speed="1634" time="1230" acceleration="13636"/>
=======
    <motionState vehicle="8" speed="1356" time="1220" acceleration="6685"/>
    <motionState vehicle="9" speed="1357" time="1220" acceleration="6744"/>
    <motionState vehicle="10" speed="1365" time="1220" acceleration="7027"/>
    <motionState vehicle="11" speed="1403" time="1220" acceleration="7882"/>
    <motionState vehicle="0" speed="1541" time="1230" acceleration="8650"/>
    <motionState vehicle="1" speed="1541" time="1230" acceleration="8711"/>
    <motionState vehicle="2" speed="1549" time="1230" acceleration="9397"/>
>>>>>>> f63c990... added xml files to gitignore
    <motionState vehicle="3" speed="1634" time="1230" acceleration="13636"/>
    <motionState vehicle="4" speed="1638" time="1230" acceleration="13636"/>
    <motionState vehicle="5" speed="1676" time="1230" acceleration="12967"/>
    <motionState vehicle="6" speed="1362" time="1230" acceleration="6615"/>
    <motionState vehicle="7" speed="1362" time="1230" acceleration="6616"/>
<<<<<<< HEAD
    <motionState vehicle="8" speed="1363" time="1230" acceleration="6630"/>
    <motionState vehicle="9" speed="1364" time="1230" acceleration="6772"/>
    <motionState vehicle="10" speed="1383" time="1230" acceleration="7937"/>
    <motionState vehicle="11" speed="1531" time="1230" acceleration="13636"/>
    <motionState vehicle="0" speed="1648" time="1240" acceleration="13636"/>
    <motionState vehicle="1" speed="1648" time="1240" acceleration="13636"/>
    <motionState vehicle="2" speed="1648" time="1240" acceleration="13636"/>
=======
    <motionState vehicle="8" speed="1363" time="1230" acceleration="6625"/>
    <motionState vehicle="9" speed="1364" time="1230" acceleration="6686"/>
    <motionState vehicle="10" speed="1372" time="1230" acceleration="6975"/>
    <motionState vehicle="11" speed="1411" time="1230" acceleration="7830"/>
    <motionState vehicle="0" speed="1549" time="1240" acceleration="8572"/>
    <motionState vehicle="1" speed="1550" time="1240" acceleration="8639"/>
    <motionState vehicle="2" speed="1558" time="1240" acceleration="9358"/>
>>>>>>> f63c990... added xml files to gitignore
    <motionState vehicle="3" speed="1648" time="1240" acceleration="13636"/>
    <motionState vehicle="4" speed="1651" time="1240" acceleration="13636"/>
    <motionState vehicle="5" speed="1689" time="1240" acceleration="12763"/>
    <motionState vehicle="6" speed="1369" time="1240" acceleration="6554"/>
    <motionState vehicle="7" speed="1369" time="1240" acceleration="6556"/>
<<<<<<< HEAD
    <motionState vehicle="8" speed="1369" time="1240" acceleration="6571"/>
    <motionState vehicle="9" speed="1371" time="1240" acceleration="6723"/>
    <motionState vehicle="10" speed="1391" time="1240" acceleration="7930"/>
    <motionState vehicle="11" speed="1545" time="1240" acceleration="13636"/>
    <motionState vehicle="0" speed="1662" time="1250" acceleration="13636"/>
    <motionState vehicle="1" speed="1662" time="1250" acceleration="13636"/>
    <motionState vehicle="2" speed="1662" time="1250" acceleration="13636"/>
=======
    <motionState vehicle="8" speed="1369" time="1240" acceleration="6565"/>
    <motionState vehicle="9" speed="1370" time="1240" acceleration="6628"/>
    <motionState vehicle="10" speed="1379" time="1240" acceleration="6923"/>
    <motionState vehicle="11" speed="1419" time="1240" acceleration="7778"/>
    <motionState vehicle="0" speed="1558" time="1250" acceleration="8495"/>
    <motionState vehicle="1" speed="1559" time="1250" acceleration="8568"/>
    <motionState vehicle="2" speed="1568" time="1250" acceleration="9320"/>
>>>>>>> f63c990... added xml files to gitignore
    <motionState vehicle="3" speed="1662" time="1250" acceleration="13636"/>
    <motionState vehicle="4" speed="1665" time="1250" acceleration="13636"/>
    <motionState vehicle="5" speed="1701" time="1250" acceleration="12562"/>
    <motionState vehicle="6" speed="1375" time="1250" acceleration="6495"/>
    <motionState vehicle="7" speed="1375" time="1250" acceleration="6496"/>
<<<<<<< HEAD
    <motionState vehicle="8" speed="1376" time="1250" acceleration="6513"/>
    <motionState vehicle="9" speed="1378" time="1250" acceleration="6675"/>
    <motionState vehicle="10" speed="1398" time="1250" acceleration="7924"/>
    <motionState vehicle="11" speed="1558" time="1250" acceleration="13636"/>
    <motionState vehicle="0" speed="1675" time="1260" acceleration="13636"/>
    <motionState vehicle="1" speed="1675" time="1260" acceleration="13636"/>
    <motionState vehicle="2" speed="1675" time="1260" acceleration="13636"/>
=======
    <motionState vehicle="8" speed="1376" time="1250" acceleration="6506"/>
    <motionState vehicle="9" speed="1377" time="1250" acceleration="6571"/>
    <motionState vehicle="10" speed="1385" time="1250" acceleration="6871"/>
    <motionState vehicle="11" speed="1427" time="1250" acceleration="7726"/>
    <motionState vehicle="0" speed="1566" time="1260" acceleration="8418"/>
    <motionState vehicle="1" speed="1567" time="1260" acceleration="8497"/>
    <motionState vehicle="2" speed="1577" time="1260" acceleration="9283"/>
>>>>>>> f63c990... added xml files to gitignore
    <motionState vehicle="3" speed="1675" time="1260" acceleration="13636"/>
    <motionState vehicle="4" speed="1678" time="1260" acceleration="13636"/>
    <motionState vehicle="5" speed="1714" time="1260" acceleration="12363"/>
    <motionState vehicle="6" speed="1382" time="1260" acceleration="6436"/>
<<<<<<< HEAD
    <motionState vehicle="7" speed="1382" time="1260" acceleration="6438"/>
    <motionState vehicle="8" speed="1382" time="1260" acceleration="6456"/>
    <motionState vehicle="9" speed="1384" time="1260" acceleration="6627"/>
    <motionState vehicle="10" speed="1406" time="1260" acceleration="7919"/>
    <motionState vehicle="11" speed="1572" time="1260" acceleration="13636"/>
    <motionState vehicle="0" speed="1689" time="1270" acceleration="13636"/>
    <motionState vehicle="1" speed="1689" time="1270" acceleration="13636"/>
    <motionState vehicle="2" speed="1689" time="1270" acceleration="13636"/>
=======
    <motionState vehicle="7" speed="1382" time="1260" acceleration="6437"/>
    <motionState vehicle="8" speed="1382" time="1260" acceleration="6448"/>
    <motionState vehicle="9" speed="1383" time="1260" acceleration="6515"/>
    <motionState vehicle="10" speed="1392" time="1260" acceleration="6820"/>
    <motionState vehicle="11" speed="1434" time="1260" acceleration="7675"/>
    <motionState vehicle="0" speed="1575" time="1270" acceleration="8343"/>
    <motionState vehicle="1" speed="1576" time="1270" acceleration="8428"/>
    <motionState vehicle="2" speed="1586" time="1270" acceleration="9247"/>
>>>>>>> f63c990... added xml files to gitignore
    <motionState vehicle="3" speed="1689" time="1270" acceleration="13636"/>
    <motionState vehicle="4" speed="1692" time="1270" acceleration="13636"/>
    <motionState vehicle="5" speed="1726" time="1270" acceleration="12166"/>
    <motionState vehicle="6" speed="1388" time="1270" acceleration="6377"/>
    <motionState vehicle="7" speed="1388" time="1270" acceleration="6379"/>
<<<<<<< HEAD
    <motionState vehicle="8" speed="1388" time="1270" acceleration="6399"/>
    <motionState vehicle="9" speed="1391" time="1270" acceleration="6581"/>
    <motionState vehicle="10" speed="1414" time="1270" acceleration="7914"/>
    <motionState vehicle="11" speed="1585" time="1270" acceleration="13636"/>
    <motionState vehicle="0" speed="1702" time="1280" acceleration="13636"/>
    <motionState vehicle="1" speed="1702" time="1280" acceleration="13636"/>
    <motionState vehicle="2" speed="1702" time="1280" acceleration="13636"/>
=======
    <motionState vehicle="8" speed="1388" time="1270" acceleration="6390"/>
    <motionState vehicle="9" speed="1390" time="1270" acceleration="6459"/>
    <motionState vehicle="10" speed="1399" time="1270" acceleration="6770"/>
    <motionState vehicle="11" speed="1442" time="1270" acceleration="7624"/>
    <motionState vehicle="0" speed="1583" time="1280" acceleration="8268"/>
    <motionState vehicle="1" speed="1584" time="1280" acceleration="8360"/>
    <motionState vehicle="2" speed="1595" time="1280" acceleration="9212"/>
>>>>>>> f63c990... added xml files to gitignore
    <motionState vehicle="3" speed="1703" time="1280" acceleration="13636"/>
    <motionState vehicle="4" speed="1706" time="1280" acceleration="13636"/>
    <motionState vehicle="5" speed="1738" time="1280" acceleration="11972"/>
    <motionState vehicle="6" speed="1395" time="1280" acceleration="6319"/>
    <motionState vehicle="7" speed="1395" time="1280" acceleration="6321"/>
<<<<<<< HEAD
    <motionState vehicle="8" speed="1395" time="1280" acceleration="6342"/>
    <motionState vehicle="9" speed="1398" time="1280" acceleration="6535"/>
    <motionState vehicle="10" speed="1422" time="1280" acceleration="7909"/>
    <motionState vehicle="11" speed="1599" time="1280" acceleration="13636"/>
    <motionState vehicle="0" speed="1716" time="1290" acceleration="13636"/>
    <motionState vehicle="1" speed="1716" time="1290" acceleration="13636"/>
    <motionState vehicle="2" speed="1716" time="1290" acceleration="13636"/>
=======
    <motionState vehicle="8" speed="1395" time="1280" acceleration="6333"/>
    <motionState vehicle="9" speed="1396" time="1280" acceleration="6404"/>
    <motionState vehicle="10" speed="1406" time="1280" acceleration="6720"/>
    <motionState vehicle="11" speed="1449" time="1280" acceleration="7573"/>
    <motionState vehicle="0" speed="1591" time="1290" acceleration="8193"/>
    <motionState vehicle="1" speed="1592" time="1290" acceleration="8293"/>
    <motionState vehicle="2" speed="1605" time="1290" acceleration="9178"/>
>>>>>>> f63c990... added xml files to gitignore
    <motionState vehicle="3" speed="1716" time="1290" acceleration="13636"/>
    <motionState vehicle="4" speed="1719" time="1290" acceleration="13636"/>
    <motionState vehicle="5" speed="1749" time="1290" acceleration="11781"/>
    <motionState vehicle="6" speed="1401" time="1290" acceleration="6262"/>
    <motionState vehicle="7" speed="1401" time="1290" acceleration="6264"/>
<<<<<<< HEAD
    <motionState vehicle="8" speed="1401" time="1290" acceleration="6287"/>
    <motionState vehicle="9" speed="1404" time="1290" acceleration="6490"/>
    <motionState vehicle="10" speed="1430" time="1290" acceleration="7906"/>
    <motionState vehicle="11" speed="1613" time="1290" acceleration="13636"/>
    <motionState vehicle="0" speed="1730" time="1300" acceleration="13636"/>
    <motionState vehicle="1" speed="1730" time="1300" acceleration="13636"/>
    <motionState vehicle="2" speed="1730" time="1300" acceleration="13636"/>
=======
    <motionState vehicle="8" speed="1401" time="1290" acceleration="6276"/>
    <motionState vehicle="9" speed="1403" time="1290" acceleration="6350"/>
    <motionState vehicle="10" speed="1412" time="1290" acceleration="6671"/>
    <motionState vehicle="11" speed="1457" time="1290" acceleration="7523"/>
    <motionState vehicle="0" speed="1599" time="1300" acceleration="8120"/>
    <motionState vehicle="1" speed="1600" time="1300" acceleration="8227"/>
    <motionState vehicle="2" speed="1614" time="1300" acceleration="9145"/>
>>>>>>> f63c990... added xml files to gitignore
    <motionState vehicle="3" speed="1730" time="1300" acceleration="13636"/>
    <motionState vehicle="4" speed="1733" time="1300" acceleration="13636"/>
    <motionState vehicle="5" speed="1761" time="1300" acceleration="11592"/>
    <motionState vehicle="6" speed="1407" time="1300" acceleration="6205"/>
    <motionState vehicle="7" speed="1407" time="1300" acceleration="6207"/>
<<<<<<< HEAD
    <motionState vehicle="8" speed="1407" time="1300" acceleration="6232"/>
    <motionState vehicle="9" speed="1410" time="1300" acceleration="6447"/>
    <motionState vehicle="10" speed="1438" time="1300" acceleration="7902"/>
    <motionState vehicle="11" speed="1626" time="1300" acceleration="13636"/>
    <motionState vehicle="0" speed="1743" time="1310" acceleration="13636"/>
    <motionState vehicle="1" speed="1743" time="1310" acceleration="13636"/>
    <motionState vehicle="2" speed="1743" time="1310" acceleration="13636"/>
=======
    <motionState vehicle="8" speed="1407" time="1300" acceleration="6220"/>
    <motionState vehicle="9" speed="1409" time="1300" acceleration="6296"/>
    <motionState vehicle="10" speed="1419" time="1300" acceleration="6622"/>
    <motionState vehicle="11" speed="1464" time="1300" acceleration="7473"/>
    <motionState vehicle="0" speed="1607" time="1310" acceleration="8047"/>
    <motionState vehicle="1" speed="1609" time="1310" acceleration="8161"/>
    <motionState vehicle="2" speed="1623" time="1310" acceleration="9114"/>
>>>>>>> f63c990... added xml files to gitignore
    <motionState vehicle="3" speed="1744" time="1310" acceleration="13636"/>
    <motionState vehicle="4" speed="1747" time="1310" acceleration="13636"/>
    <motionState vehicle="5" speed="1772" time="1310" acceleration="11405"/>
    <motionState vehicle="6" speed="1413" time="1310" acceleration="6149"/>
<<<<<<< HEAD
    <motionState vehicle="7" speed="1413" time="1310" acceleration="6151"/>
    <motionState vehicle="8" speed="1414" time="1310" acceleration="6177"/>
    <motionState vehicle="9" speed="1417" time="1310" acceleration="6404"/>
    <motionState vehicle="10" speed="1446" time="1310" acceleration="7900"/>
    <motionState vehicle="11" speed="1640" time="1310" acceleration="13636"/>
    <motionState vehicle="0" speed="1757" time="1320" acceleration="13636"/>
    <motionState vehicle="1" speed="1757" time="1320" acceleration="13636"/>
    <motionState vehicle="2" speed="1757" time="1320" acceleration="13636"/>
=======
    <motionState vehicle="7" speed="1413" time="1310" acceleration="6150"/>
    <motionState vehicle="8" speed="1413" time="1310" acceleration="6164"/>
    <motionState vehicle="9" speed="1415" time="1310" acceleration="6243"/>
    <motionState vehicle="10" speed="1426" time="1310" acceleration="6573"/>
    <motionState vehicle="11" speed="1472" time="1310" acceleration="7423"/>
    <motionState vehicle="0" speed="1615" time="1320" acceleration="7975"/>
    <motionState vehicle="1" speed="1617" time="1320" acceleration="8097"/>
    <motionState vehicle="2" speed="1632" time="1320" acceleration="9083"/>
>>>>>>> f63c990... added xml files to gitignore
    <motionState vehicle="3" speed="1757" time="1320" acceleration="13636"/>
    <motionState vehicle="4" speed="1760" time="1320" acceleration="13636"/>
    <motionState vehicle="5" speed="1784" time="1320" acceleration="11221"/>
    <motionState vehicle="6" speed="1419" time="1320" acceleration="6093"/>
<<<<<<< HEAD
    <motionState vehicle="7" speed="1419" time="1320" acceleration="6096"/>
    <motionState vehicle="8" speed="1420" time="1320" acceleration="6123"/>
    <motionState vehicle="9" speed="1423" time="1320" acceleration="6362"/>
    <motionState vehicle="10" speed="1454" time="1320" acceleration="7898"/>
    <motionState vehicle="11" speed="1654" time="1320" acceleration="13636"/>
    <motionState vehicle="0" speed="1771" time="1330" acceleration="13636"/>
    <motionState vehicle="1" speed="1771" time="1330" acceleration="13636"/>
    <motionState vehicle="2" speed="1771" time="1330" acceleration="13636"/>
=======
    <motionState vehicle="7" speed="1419" time="1320" acceleration="6095"/>
    <motionState vehicle="8" speed="1420" time="1320" acceleration="6109"/>
    <motionState vehicle="9" speed="1421" time="1320" acceleration="6190"/>
    <motionState vehicle="10" speed="1432" time="1320" acceleration="6526"/>
    <motionState vehicle="11" speed="1479" time="1320" acceleration="7373"/>
    <motionState vehicle="0" speed="1623" time="1330" acceleration="7904"/>
    <motionState vehicle="1" speed="1625" time="1330" acceleration="8034"/>
    <motionState vehicle="2" speed="1641" time="1330" acceleration="9053"/>
>>>>>>> f63c990... added xml files to gitignore
    <motionState vehicle="3" speed="1771" time="1330" acceleration="13636"/>
    <motionState vehicle="4" speed="1774" time="1330" acceleration="13636"/>
    <motionState vehicle="5" speed="1795" time="1330" acceleration="11039"/>
    <motionState vehicle="6" speed="1425" time="1330" acceleration="6037"/>
<<<<<<< HEAD
    <motionState vehicle="7" speed="1425" time="1330" acceleration="6040"/>
    <motionState vehicle="8" speed="1426" time="1330" acceleration="6070"/>
    <motionState vehicle="9" speed="1430" time="1330" acceleration="6321"/>
    <motionState vehicle="10" speed="1462" time="1330" acceleration="7896"/>
    <motionState vehicle="11" speed="1667" time="1330" acceleration="13636"/>
    <motionState vehicle="0" speed="1784" time="1340" acceleration="13636"/>
    <motionState vehicle="1" speed="1784" time="1340" acceleration="13636"/>
    <motionState vehicle="2" speed="1784" time="1340" acceleration="13636"/>
=======
    <motionState vehicle="7" speed="1425" time="1330" acceleration="6039"/>
    <motionState vehicle="8" speed="1426" time="1330" acceleration="6054"/>
    <motionState vehicle="9" speed="1428" time="1330" acceleration="6138"/>
    <motionState vehicle="10" speed="1439" time="1330" acceleration="6478"/>
    <motionState vehicle="11" speed="1487" time="1330" acceleration="7324"/>
    <motionState vehicle="0" speed="1631" time="1340" acceleration="7833"/>
    <motionState vehicle="1" speed="1633" time="1340" acceleration="7972"/>
    <motionState vehicle="2" speed="1650" time="1340" acceleration="9024"/>
>>>>>>> f63c990... added xml files to gitignore
    <motionState vehicle="3" speed="1784" time="1340" acceleration="13636"/>
    <motionState vehicle="4" speed="1788" time="1340" acceleration="13636"/>
    <motionState vehicle="5" speed="1806" time="1340" acceleration="10860"/>
    <motionState vehicle="6" speed="1431" time="1340" acceleration="5983"/>
<<<<<<< HEAD
    <motionState vehicle="7" speed="1431" time="1340" acceleration="5986"/>
    <motionState vehicle="8" speed="1432" time="1340" acceleration="6018"/>
    <motionState vehicle="9" speed="1436" time="1340" acceleration="6280"/>
    <motionState vehicle="10" speed="1470" time="1340" acceleration="7895"/>
    <motionState vehicle="11" speed="1681" time="1340" acceleration="13636"/>
    <motionState vehicle="0" speed="1798" time="1350" acceleration="13636"/>
    <motionState vehicle="1" speed="1798" time="1350" acceleration="13636"/>
    <motionState vehicle="2" speed="1798" time="1350" acceleration="13636"/>
=======
    <motionState vehicle="7" speed="1431" time="1340" acceleration="5985"/>
    <motionState vehicle="8" speed="1432" time="1340" acceleration="6000"/>
    <motionState vehicle="9" speed="1434" time="1340" acceleration="6086"/>
    <motionState vehicle="10" speed="1445" time="1340" acceleration="6431"/>
    <motionState vehicle="11" speed="1494" time="1340" acceleration="7275"/>
    <motionState vehicle="0" speed="1639" time="1350" acceleration="7763"/>
    <motionState vehicle="1" speed="1641" time="1350" acceleration="7910"/>
    <motionState vehicle="2" speed="1659" time="1350" acceleration="8996"/>
>>>>>>> f63c990... added xml files to gitignore
    <motionState vehicle="3" speed="1798" time="1350" acceleration="13636"/>
    <motionState vehicle="4" speed="1801" time="1350" acceleration="13636"/>
    <motionState vehicle="5" speed="1816" time="1350" acceleration="10683"/>
    <motionState vehicle="6" speed="1437" time="1350" acceleration="5928"/>
<<<<<<< HEAD
    <motionState vehicle="7" speed="1437" time="1350" acceleration="5932"/>
    <motionState vehicle="8" speed="1438" time="1350" acceleration="5966"/>
    <motionState vehicle="9" speed="1442" time="1350" acceleration="6241"/>
    <motionState vehicle="10" speed="1477" time="1350" acceleration="7895"/>
    <motionState vehicle="11" speed="1695" time="1350" acceleration="13636"/>
    <motionState vehicle="0" speed="1812" time="1360" acceleration="13636"/>
    <motionState vehicle="1" speed="1812" time="1360" acceleration="13636"/>
    <motionState vehicle="2" speed="1812" time="1360" acceleration="13636"/>
=======
    <motionState vehicle="7" speed="1437" time="1350" acceleration="5930"/>
    <motionState vehicle="8" speed="1438" time="1350" acceleration="5947"/>
    <motionState vehicle="9" speed="1440" time="1350" acceleration="6035"/>
    <motionState vehicle="10" speed="1451" time="1350" acceleration="6385"/>
    <motionState vehicle="11" speed="1501" time="1350" acceleration="7227"/>
    <motionState vehicle="0" speed="1647" time="1360" acceleration="7694"/>
    <motionState vehicle="1" speed="1648" time="1360" acceleration="7850"/>
    <motionState vehicle="2" speed="1668" time="1360" acceleration="8969"/>
>>>>>>> f63c990... added xml files to gitignore
    <motionState vehicle="3" speed="1812" time="1360" acceleration="13636"/>
    <motionState vehicle="4" speed="1815" time="1360" acceleration="13636"/>
    <motionState vehicle="5" speed="1827" time="1360" acceleration="10508"/>
    <motionState vehicle="6" speed="1443" time="1360" acceleration="5874"/>
<<<<<<< HEAD
    <motionState vehicle="7" speed="1443" time="1360" acceleration="5878"/>
    <motionState vehicle="8" speed="1444" time="1360" acceleration="5914"/>
    <motionState vehicle="9" speed="1448" time="1360" acceleration="6203"/>
    <motionState vehicle="10" speed="1485" time="1360" acceleration="7895"/>
    <motionState vehicle="11" speed="1708" time="1360" acceleration="13636"/>
    <motionState vehicle="0" speed="1825" time="1370" acceleration="13636"/>
    <motionState vehicle="1" speed="1825" time="1370" acceleration="13636"/>
    <motionState vehicle="2" speed="1825" time="1370" acceleration="13636"/>
=======
    <motionState vehicle="7" speed="1443" time="1360" acceleration="5877"/>
    <motionState vehicle="8" speed="1443" time="1360" acceleration="5893"/>
    <motionState vehicle="9" speed="1446" time="1360" acceleration="5984"/>
    <motionState vehicle="10" speed="1458" time="1360" acceleration="6339"/>
    <motionState vehicle="11" speed="1508" time="1360" acceleration="7178"/>
    <motionState vehicle="0" speed="1654" time="1370" acceleration="7626"/>
    <motionState vehicle="1" speed="1656" time="1370" acceleration="7791"/>
    <motionState vehicle="2" speed="1677" time="1370" acceleration="8943"/>
>>>>>>> f63c990... added xml files to gitignore
    <motionState vehicle="3" speed="1825" time="1370" acceleration="13636"/>
    <motionState vehicle="4" speed="1828" time="1370" acceleration="13636"/>
    <motionState vehicle="5" speed="1837" time="1370" acceleration="10336"/>
    <motionState vehicle="6" speed="1449" time="1370" acceleration="5821"/>
<<<<<<< HEAD
    <motionState vehicle="7" speed="1449" time="1370" acceleration="5825"/>
    <motionState vehicle="8" speed="1449" time="1370" acceleration="5864"/>
    <motionState vehicle="9" speed="1454" time="1370" acceleration="6165"/>
    <motionState vehicle="10" speed="1493" time="1370" acceleration="7896"/>
    <motionState vehicle="11" speed="1722" time="1370" acceleration="13636"/>
    <motionState vehicle="0" speed="1839" time="1380" acceleration="13636"/>
    <motionState vehicle="1" speed="1839" time="1380" acceleration="13636"/>
    <motionState vehicle="2" speed="1839" time="1380" acceleration="13636"/>
=======
    <motionState vehicle="7" speed="1449" time="1370" acceleration="5823"/>
    <motionState vehicle="8" speed="1449" time="1370" acceleration="5841"/>
    <motionState vehicle="9" speed="1452" time="1370" acceleration="5934"/>
    <motionState vehicle="10" speed="1464" time="1370" acceleration="6294"/>
    <motionState vehicle="11" speed="1515" time="1370" acceleration="7130"/>
    <motionState vehicle="0" speed="1662" time="1380" acceleration="7558"/>
    <motionState vehicle="1" speed="1664" time="1380" acceleration="7732"/>
    <motionState vehicle="2" speed="1686" time="1380" acceleration="8918"/>
>>>>>>> f63c990... added xml files to gitignore
    <motionState vehicle="3" speed="1839" time="1380" acceleration="13636"/>
    <motionState vehicle="4" speed="1842" time="1380" acceleration="13636"/>
    <motionState vehicle="5" speed="1847" time="1380" acceleration="10165"/>
    <motionState vehicle="6" speed="1455" time="1380" acceleration="5768"/>
<<<<<<< HEAD
    <motionState vehicle="7" speed="1455" time="1380" acceleration="5773"/>
    <motionState vehicle="8" speed="1455" time="1380" acceleration="5814"/>
    <motionState vehicle="9" speed="1461" time="1380" acceleration="6128"/>
    <motionState vehicle="10" speed="1501" time="1380" acceleration="7897"/>
    <motionState vehicle="11" speed="1735" time="1380" acceleration="13636"/>
    <motionState vehicle="0" speed="1852" time="1390" acceleration="13636"/>
    <motionState vehicle="1" speed="1852" time="1390" acceleration="13636"/>
    <motionState vehicle="2" speed="1852" time="1390" acceleration="13636"/>
=======
    <motionState vehicle="7" speed="1455" time="1380" acceleration="5771"/>
    <motionState vehicle="8" speed="1455" time="1380" acceleration="5789"/>
    <motionState vehicle="9" speed="1457" time="1380" acceleration="5885"/>
    <motionState vehicle="10" speed="1470" time="1380" acceleration="6249"/>
    <motionState vehicle="11" speed="1522" time="1380" acceleration="7083"/>
    <motionState vehicle="0" speed="1669" time="1390" acceleration="7491"/>
    <motionState vehicle="1" speed="1672" time="1390" acceleration="7675"/>
    <motionState vehicle="2" speed="1695" time="1390" acceleration="8894"/>
>>>>>>> f63c990... added xml files to gitignore
    <motionState vehicle="3" speed="1853" time="1390" acceleration="13636"/>
    <motionState vehicle="4" speed="1856" time="1390" acceleration="13636"/>
    <motionState vehicle="5" speed="1857" time="1390" acceleration="9997"/>
    <motionState vehicle="6" speed="1460" time="1390" acceleration="5716"/>
<<<<<<< HEAD
    <motionState vehicle="7" speed="1460" time="1390" acceleration="5721"/>
    <motionState vehicle="8" speed="1461" time="1390" acceleration="5764"/>
    <motionState vehicle="9" speed="1467" time="1390" acceleration="6092"/>
    <motionState vehicle="10" speed="1509" time="1390" acceleration="7899"/>
    <motionState vehicle="11" speed="1749" time="1390" acceleration="13636"/>
    <motionState vehicle="0" speed="1866" time="1400" acceleration="13636"/>
    <motionState vehicle="1" speed="1866" time="1400" acceleration="13636"/>
    <motionState vehicle="2" speed="1866" time="1400" acceleration="13636"/>
=======
    <motionState vehicle="7" speed="1460" time="1390" acceleration="5718"/>
    <motionState vehicle="8" speed="1461" time="1390" acceleration="5737"/>
    <motionState vehicle="9" speed="1463" time="1390" acceleration="5836"/>
    <motionState vehicle="10" speed="1477" time="1390" acceleration="6204"/>
    <motionState vehicle="11" speed="1530" time="1390" acceleration="7035"/>
    <motionState vehicle="0" speed="1677" time="1400" acceleration="7425"/>
    <motionState vehicle="1" speed="1679" time="1400" acceleration="7618"/>
    <motionState vehicle="2" speed="1704" time="1400" acceleration="8870"/>
>>>>>>> f63c990... added xml files to gitignore
    <motionState vehicle="3" speed="1866" time="1400" acceleration="13636"/>
    <motionState vehicle="4" speed="1869" time="1400" acceleration="13636"/>
    <motionState vehicle="5" speed="1867" time="1400" acceleration="9831"/>
    <motionState vehicle="6" speed="1466" time="1400" acceleration="5664"/>
<<<<<<< HEAD
    <motionState vehicle="7" speed="1466" time="1400" acceleration="5669"/>
    <motionState vehicle="8" speed="1467" time="1400" acceleration="5715"/>
    <motionState vehicle="9" speed="1473" time="1400" acceleration="6057"/>
    <motionState vehicle="10" speed="1517" time="1400" acceleration="7901"/>
    <motionState vehicle="11" speed="1763" time="1400" acceleration="13636"/>
    <motionState vehicle="0" speed="1880" time="1410" acceleration="13636"/>
    <motionState vehicle="1" speed="1880" time="1410" acceleration="13636"/>
    <motionState vehicle="2" speed="1880" time="1410" acceleration="13636"/>
=======
    <motionState vehicle="7" speed="1466" time="1400" acceleration="5667"/>
    <motionState vehicle="8" speed="1466" time="1400" acceleration="5686"/>
    <motionState vehicle="9" speed="1469" time="1400" acceleration="5787"/>
    <motionState vehicle="10" speed="1483" time="1400" acceleration="6160"/>
    <motionState vehicle="11" speed="1537" time="1400" acceleration="6988"/>
    <motionState vehicle="0" speed="1684" time="1410" acceleration="7360"/>
    <motionState vehicle="1" speed="1687" time="1410" acceleration="7562"/>
    <motionState vehicle="2" speed="1713" time="1410" acceleration="8848"/>
>>>>>>> f63c990... added xml files to gitignore
    <motionState vehicle="3" speed="1880" time="1410" acceleration="13636"/>
    <motionState vehicle="4" speed="1883" time="1410" acceleration="13636"/>
    <motionState vehicle="5" speed="1877" time="1410" acceleration="9668"/>
    <motionState vehicle="6" speed="1472" time="1410" acceleration="5612"/>
<<<<<<< HEAD
    <motionState vehicle="7" speed="1472" time="1410" acceleration="5618"/>
    <motionState vehicle="8" speed="1472" time="1410" acceleration="5667"/>
    <motionState vehicle="9" speed="1479" time="1410" acceleration="6023"/>
    <motionState vehicle="10" speed="1525" time="1410" acceleration="7903"/>
    <motionState vehicle="11" speed="1776" time="1410" acceleration="13636"/>
    <motionState vehicle="0" speed="1893" time="1420" acceleration="13636"/>
    <motionState vehicle="1" speed="1893" time="1420" acceleration="13636"/>
    <motionState vehicle="2" speed="1893" time="1420" acceleration="13636"/>
=======
    <motionState vehicle="7" speed="1472" time="1410" acceleration="5615"/>
    <motionState vehicle="8" speed="1472" time="1410" acceleration="5636"/>
    <motionState vehicle="9" speed="1475" time="1410" acceleration="5739"/>
    <motionState vehicle="10" speed="1489" time="1410" acceleration="6117"/>
    <motionState vehicle="11" speed="1543" time="1410" acceleration="6941"/>
    <motionState vehicle="0" speed="1691" time="1420" acceleration="7295"/>
    <motionState vehicle="1" speed="1694" time="1420" acceleration="7508"/>
    <motionState vehicle="2" speed="1721" time="1420" acceleration="8826"/>
>>>>>>> f63c990... added xml files to gitignore
    <motionState vehicle="3" speed="1894" time="1420" acceleration="13636"/>
    <motionState vehicle="4" speed="1897" time="1420" acceleration="13636"/>
    <motionState vehicle="5" speed="1886" time="1420" acceleration="9506"/>
    <motionState vehicle="6" speed="1477" time="1420" acceleration="5561"/>
<<<<<<< HEAD
    <motionState vehicle="7" speed="1477" time="1420" acceleration="5567"/>
    <motionState vehicle="8" speed="1478" time="1420" acceleration="5619"/>
    <motionState vehicle="9" speed="1485" time="1420" acceleration="5989"/>
    <motionState vehicle="10" speed="1533" time="1420" acceleration="7907"/>
    <motionState vehicle="11" speed="1790" time="1420" acceleration="13636"/>
    <motionState vehicle="0" speed="1907" time="1430" acceleration="13636"/>
    <motionState vehicle="1" speed="1907" time="1430" acceleration="13636"/>
    <motionState vehicle="2" speed="1907" time="1430" acceleration="13636"/>
=======
    <motionState vehicle="7" speed="1477" time="1420" acceleration="5565"/>
    <motionState vehicle="8" speed="1478" time="1420" acceleration="5586"/>
    <motionState vehicle="9" speed="1480" time="1420" acceleration="5692"/>
    <motionState vehicle="10" speed="1495" time="1420" acceleration="6074"/>
    <motionState vehicle="11" speed="1550" time="1420" acceleration="6895"/>
    <motionState vehicle="0" speed="1699" time="1430" acceleration="7231"/>
    <motionState vehicle="1" speed="1702" time="1430" acceleration="7454"/>
    <motionState vehicle="2" speed="1730" time="1430" acceleration="8805"/>
>>>>>>> f63c990... added xml files to gitignore
    <motionState vehicle="3" speed="1907" time="1430" acceleration="13636"/>
    <motionState vehicle="4" speed="1910" time="1430" acceleration="13636"/>
    <motionState vehicle="5" speed="1896" time="1430" acceleration="9347"/>
    <motionState vehicle="6" speed="1483" time="1430" acceleration="5511"/>
<<<<<<< HEAD
    <motionState vehicle="7" speed="1483" time="1430" acceleration="5517"/>
    <motionState vehicle="8" speed="1484" time="1430" acceleration="5572"/>
    <motionState vehicle="9" speed="1491" time="1430" acceleration="5957"/>
    <motionState vehicle="10" speed="1541" time="1430" acceleration="7910"/>
    <motionState vehicle="11" speed="1804" time="1430" acceleration="13636"/>
    <motionState vehicle="0" speed="1921" time="1440" acceleration="13636"/>
    <motionState vehicle="1" speed="1921" time="1440" acceleration="13636"/>
    <motionState vehicle="2" speed="1921" time="1440" acceleration="13636"/>
=======
    <motionState vehicle="7" speed="1483" time="1430" acceleration="5514"/>
    <motionState vehicle="8" speed="1483" time="1430" acceleration="5536"/>
    <motionState vehicle="9" speed="1486" time="1430" acceleration="5645"/>
    <motionState vehicle="10" speed="1501" time="1430" acceleration="6031"/>
    <motionState vehicle="11" speed="1557" time="1430" acceleration="6849"/>
    <motionState vehicle="0" speed="1706" time="1440" acceleration="7167"/>
    <motionState vehicle="1" speed="1709" time="1440" acceleration="7401"/>
    <motionState vehicle="2" speed="1739" time="1440" acceleration="8785"/>
>>>>>>> f63c990... added xml files to gitignore
    <motionState vehicle="3" speed="1921" time="1440" acceleration="13636"/>
    <motionState vehicle="4" speed="1924" time="1440" acceleration="13636"/>
    <motionState vehicle="5" speed="1905" time="1440" acceleration="9189"/>
    <motionState vehicle="6" speed="1488" time="1440" acceleration="5461"/>
<<<<<<< HEAD
    <motionState vehicle="7" speed="1488" time="1440" acceleration="5468"/>
    <motionState vehicle="8" speed="1489" time="1440" acceleration="5526"/>
    <motionState vehicle="9" speed="1497" time="1440" acceleration="5925"/>
    <motionState vehicle="10" speed="1549" time="1440" acceleration="7914"/>
    <motionState vehicle="11" speed="1817" time="1440" acceleration="13636"/>
    <motionState vehicle="0" speed="1934" time="1450" acceleration="13636"/>
    <motionState vehicle="1" speed="1934" time="1450" acceleration="13636"/>
    <motionState vehicle="2" speed="1934" time="1450" acceleration="13636"/>
=======
    <motionState vehicle="7" speed="1488" time="1440" acceleration="5464"/>
    <motionState vehicle="8" speed="1489" time="1440" acceleration="5487"/>
    <motionState vehicle="9" speed="1492" time="1440" acceleration="5598"/>
    <motionState vehicle="10" speed="1507" time="1440" acceleration="5989"/>
    <motionState vehicle="11" speed="1564" time="1440" acceleration="6803"/>
    <motionState vehicle="0" speed="1713" time="1450" acceleration="7105"/>
    <motionState vehicle="1" speed="1716" time="1450" acceleration="7349"/>
    <motionState vehicle="2" speed="1748" time="1450" acceleration="8766"/>
>>>>>>> f63c990... added xml files to gitignore
    <motionState vehicle="3" speed="1934" time="1450" acceleration="13636"/>
    <motionState vehicle="4" speed="1938" time="1450" acceleration="13636"/>
    <motionState vehicle="5" speed="1914" time="1450" acceleration="9034"/>
    <motionState vehicle="6" speed="1494" time="1450" acceleration="5411"/>
<<<<<<< HEAD
    <motionState vehicle="7" speed="1494" time="1450" acceleration="5419"/>
    <motionState vehicle="8" speed="1495" time="1450" acceleration="5480"/>
    <motionState vehicle="9" speed="1503" time="1450" acceleration="5894"/>
    <motionState vehicle="10" speed="1557" time="1450" acceleration="7919"/>
    <motionState vehicle="11" speed="1831" time="1450" acceleration="13636"/>
    <motionState vehicle="0" speed="1948" time="1460" acceleration="13636"/>
    <motionState vehicle="1" speed="1948" time="1460" acceleration="13636"/>
    <motionState vehicle="2" speed="1948" time="1460" acceleration="13636"/>
=======
    <motionState vehicle="7" speed="1494" time="1450" acceleration="5415"/>
    <motionState vehicle="8" speed="1494" time="1450" acceleration="5438"/>
    <motionState vehicle="9" speed="1497" time="1450" acceleration="5552"/>
    <motionState vehicle="10" speed="1513" time="1450" acceleration="5947"/>
    <motionState vehicle="11" speed="1571" time="1450" acceleration="6757"/>
    <motionState vehicle="0" speed="1720" time="1460" acceleration="7043"/>
    <motionState vehicle="1" speed="1724" time="1460" acceleration="7298"/>
    <motionState vehicle="2" speed="1756" time="1460" acceleration="8748"/>
>>>>>>> f63c990... added xml files to gitignore
    <motionState vehicle="3" speed="1948" time="1460" acceleration="13636"/>
    <motionState vehicle="4" speed="1951" time="1460" acceleration="13636"/>
    <motionState vehicle="5" speed="1923" time="1460" acceleration="8881"/>
    <motionState vehicle="6" speed="1499" time="1460" acceleration="5362"/>
<<<<<<< HEAD
    <motionState vehicle="7" speed="1499" time="1460" acceleration="5370"/>
    <motionState vehicle="8" speed="1500" time="1460" acceleration="5434"/>
    <motionState vehicle="9" speed="1508" time="1460" acceleration="5864"/>
    <motionState vehicle="10" speed="1564" time="1460" acceleration="7924"/>
    <motionState vehicle="11" speed="1845" time="1460" acceleration="13636"/>
    <motionState vehicle="0" speed="1962" time="1470" acceleration="13636"/>
    <motionState vehicle="1" speed="1962" time="1470" acceleration="13636"/>
    <motionState vehicle="2" speed="1962" time="1470" acceleration="13636"/>
    <motionState vehicle="3" speed="1962" time="1470" acceleration="13636"/>
    <motionState vehicle="4" speed="1965" time="1470" acceleration="13636"/>
    <motionState vehicle="5" speed="1931" time="1470" acceleration="8729"/>
    <motionState vehicle="6" speed="1504" time="1470" acceleration="5314"/>
    <motionState vehicle="7" speed="1504" time="1470" acceleration="5322"/>
    <motionState vehicle="8" speed="1505" time="1470" acceleration="5390"/>
    <motionState vehicle="9" speed="1514" time="1470" acceleration="5834"/>
    <motionState vehicle="10" speed="1572" time="1470" acceleration="7929"/>
    <motionState vehicle="11" speed="1858" time="1470" acceleration="13636"/>
    <motionState vehicle="0" speed="1975" time="1480" acceleration="13636"/>
    <motionState vehicle="1" speed="1975" time="1480" acceleration="13636"/>
    <motionState vehicle="2" speed="1975" time="1480" acceleration="13636"/>
=======
    <motionState vehicle="7" speed="1499" time="1460" acceleration="5366"/>
    <motionState vehicle="8" speed="1500" time="1460" acceleration="5390"/>
    <motionState vehicle="9" speed="1503" time="1460" acceleration="5507"/>
    <motionState vehicle="10" speed="1519" time="1460" acceleration="5905"/>
    <motionState vehicle="11" speed="1577" time="1460" acceleration="6712"/>
    <motionState vehicle="0" speed="1727" time="1470" acceleration="6981"/>
    <motionState vehicle="1" speed="1731" time="1470" acceleration="7248"/>
    <motionState vehicle="2" speed="1765" time="1470" acceleration="8730"/>
    <motionState vehicle="3" speed="1962" time="1470" acceleration="13636"/>
    <motionState vehicle="4" speed="1965" time="1470" acceleration="13636"/>
    <motionState vehicle="5" speed="1931" time="1470" acceleration="8729"/>
    <motionState vehicle="6" speed="1504" time="1470" acceleration="5313"/>
    <motionState vehicle="7" speed="1504" time="1470" acceleration="5317"/>
    <motionState vehicle="8" speed="1505" time="1470" acceleration="5343"/>
    <motionState vehicle="9" speed="1508" time="1470" acceleration="5462"/>
    <motionState vehicle="10" speed="1525" time="1470" acceleration="5864"/>
    <motionState vehicle="11" speed="1584" time="1470" acceleration="6667"/>
    <motionState vehicle="0" speed="1734" time="1480" acceleration="6921"/>
    <motionState vehicle="1" speed="1738" time="1480" acceleration="7198"/>
    <motionState vehicle="2" speed="1774" time="1480" acceleration="8713"/>
>>>>>>> f63c990... added xml files to gitignore
    <motionState vehicle="3" speed="1975" time="1480" acceleration="13636"/>
    <motionState vehicle="4" speed="1978" time="1480" acceleration="13636"/>
    <motionState vehicle="5" speed="1940" time="1480" acceleration="8580"/>
    <motionState vehicle="6" speed="1510" time="1480" acceleration="5265"/>
<<<<<<< HEAD
    <motionState vehicle="7" speed="1510" time="1480" acceleration="5274"/>
    <motionState vehicle="8" speed="1511" time="1480" acceleration="5345"/>
    <motionState vehicle="9" speed="1520" time="1480" acceleration="5805"/>
    <motionState vehicle="10" speed="1580" time="1480" acceleration="7935"/>
    <motionState vehicle="11" speed="1872" time="1480" acceleration="13636"/>
    <motionState vehicle="0" speed="1989" time="1490" acceleration="13636"/>
    <motionState vehicle="1" speed="1989" time="1490" acceleration="13636"/>
    <motionState vehicle="2" speed="1989" time="1490" acceleration="13636"/>
    <motionState vehicle="3" speed="1989" time="1490" acceleration="13636"/>
    <motionState vehicle="4" speed="1992" time="1490" acceleration="13636"/>
    <motionState vehicle="5" speed="1948" time="1490" acceleration="8433"/>
    <motionState vehicle="6" speed="1515" time="1490" acceleration="5218"/>
    <motionState vehicle="7" speed="1515" time="1490" acceleration="5227"/>
    <motionState vehicle="8" speed="1516" time="1490" acceleration="5302"/>
    <motionState vehicle="9" speed="1526" time="1490" acceleration="5778"/>
    <motionState vehicle="10" speed="1588" time="1490" acceleration="7941"/>
    <motionState vehicle="11" speed="1885" time="1490" acceleration="13636"/>
    <motionState vehicle="0" speed="2002" time="1500" acceleration="13636"/>
    <motionState vehicle="1" speed="2002" time="1500" acceleration="13636"/>
    <motionState vehicle="2" speed="2002" time="1500" acceleration="13636"/>
=======
    <motionState vehicle="7" speed="1510" time="1480" acceleration="5269"/>
    <motionState vehicle="8" speed="1510" time="1480" acceleration="5296"/>
    <motionState vehicle="9" speed="1514" time="1480" acceleration="5417"/>
    <motionState vehicle="10" speed="1530" time="1480" acceleration="5824"/>
    <motionState vehicle="11" speed="1591" time="1480" acceleration="6622"/>
    <motionState vehicle="0" speed="1741" time="1490" acceleration="6861"/>
    <motionState vehicle="1" speed="1745" time="1490" acceleration="7150"/>
    <motionState vehicle="2" speed="1783" time="1490" acceleration="8697"/>
    <motionState vehicle="3" speed="1989" time="1490" acceleration="13636"/>
    <motionState vehicle="4" speed="1992" time="1490" acceleration="13636"/>
    <motionState vehicle="5" speed="1948" time="1490" acceleration="8433"/>
    <motionState vehicle="6" speed="1515" time="1490" acceleration="5217"/>
    <motionState vehicle="7" speed="1515" time="1490" acceleration="5222"/>
    <motionState vehicle="8" speed="1515" time="1490" acceleration="5249"/>
    <motionState vehicle="9" speed="1519" time="1490" acceleration="5373"/>
    <motionState vehicle="10" speed="1536" time="1490" acceleration="5784"/>
    <motionState vehicle="11" speed="1597" time="1490" acceleration="6577"/>
    <motionState vehicle="0" speed="1747" time="1500" acceleration="6801"/>
    <motionState vehicle="1" speed="1752" time="1500" acceleration="7102"/>
    <motionState vehicle="2" speed="1791" time="1500" acceleration="8682"/>
>>>>>>> f63c990... added xml files to gitignore
    <motionState vehicle="3" speed="2003" time="1500" acceleration="13636"/>
    <motionState vehicle="4" speed="2006" time="1500" acceleration="13636"/>
    <motionState vehicle="5" speed="1957" time="1500" acceleration="8288"/>
    <motionState vehicle="6" speed="1520" time="1500" acceleration="5170"/>
<<<<<<< HEAD
    <motionState vehicle="7" speed="1520" time="1500" acceleration="5180"/>
    <motionState vehicle="8" speed="1521" time="1500" acceleration="5259"/>
    <motionState vehicle="9" speed="1532" time="1500" acceleration="5750"/>
    <motionState vehicle="10" speed="1596" time="1500" acceleration="7948"/>
    <motionState vehicle="11" speed="1899" time="1500" acceleration="13636"/>
    <motionState vehicle="0" speed="2016" time="1510" acceleration="13636"/>
    <motionState vehicle="1" speed="2016" time="1510" acceleration="13636"/>
    <motionState vehicle="2" speed="2016" time="1510" acceleration="13636"/>
=======
    <motionState vehicle="7" speed="1520" time="1500" acceleration="5175"/>
    <motionState vehicle="8" speed="1521" time="1500" acceleration="5203"/>
    <motionState vehicle="9" speed="1524" time="1500" acceleration="5330"/>
    <motionState vehicle="10" speed="1542" time="1500" acceleration="5744"/>
    <motionState vehicle="11" speed="1604" time="1500" acceleration="6533"/>
    <motionState vehicle="0" speed="1754" time="1510" acceleration="6743"/>
    <motionState vehicle="1" speed="1760" time="1510" acceleration="7056"/>
    <motionState vehicle="2" speed="1800" time="1510" acceleration="8667"/>
>>>>>>> f63c990... added xml files to gitignore
    <motionState vehicle="3" speed="2016" time="1510" acceleration="13636"/>
    <motionState vehicle="4" speed="2019" time="1510" acceleration="13636"/>
    <motionState vehicle="5" speed="1965" time="1510" acceleration="8144"/>
    <motionState vehicle="6" speed="1525" time="1510" acceleration="5123"/>
<<<<<<< HEAD
    <motionState vehicle="7" speed="1525" time="1510" acceleration="5134"/>
    <motionState vehicle="8" speed="1527" time="1510" acceleration="5216"/>
    <motionState vehicle="9" speed="1537" time="1510" acceleration="5724"/>
    <motionState vehicle="10" speed="1604" time="1510" acceleration="7955"/>
    <motionState vehicle="11" speed="1913" time="1510" acceleration="13636"/>
    <motionState vehicle="0" speed="2030" time="1520" acceleration="13636"/>
    <motionState vehicle="1" speed="2030" time="1520" acceleration="13636"/>
    <motionState vehicle="2" speed="2030" time="1520" acceleration="13636"/>
    <motionState vehicle="3" speed="2030" time="1520" acceleration="13636"/>
    <motionState vehicle="4" speed="2033" time="1520" acceleration="13636"/>
    <motionState vehicle="5" speed="1973" time="1520" acceleration="8003"/>
    <motionState vehicle="6" speed="1530" time="1520" acceleration="5077"/>
    <motionState vehicle="7" speed="1530" time="1520" acceleration="5088"/>
    <motionState vehicle="8" speed="1532" time="1520" acceleration="5175"/>
    <motionState vehicle="9" speed="1543" time="1520" acceleration="5698"/>
    <motionState vehicle="10" speed="1612" time="1520" acceleration="7962"/>
    <motionState vehicle="11" speed="1926" time="1520" acceleration="13636"/>
    <motionState vehicle="0" speed="2043" time="1530" acceleration="13636"/>
    <motionState vehicle="1" speed="2043" time="1530" acceleration="13636"/>
    <motionState vehicle="2" speed="2043" time="1530" acceleration="13636"/>
    <motionState vehicle="3" speed="2044" time="1530" acceleration="13636"/>
    <motionState vehicle="4" speed="2047" time="1530" acceleration="13636"/>
    <motionState vehicle="5" speed="1981" time="1530" acceleration="7863"/>
    <motionState vehicle="6" speed="1535" time="1530" acceleration="5031"/>
    <motionState vehicle="7" speed="1535" time="1530" acceleration="5043"/>
    <motionState vehicle="8" speed="1537" time="1530" acceleration="5133"/>
    <motionState vehicle="9" speed="1549" time="1530" acceleration="5673"/>
    <motionState vehicle="10" speed="1620" time="1530" acceleration="7970"/>
    <motionState vehicle="11" speed="1940" time="1530" acceleration="13636"/>
    <motionState vehicle="0" speed="2057" time="1540" acceleration="13636"/>
    <motionState vehicle="1" speed="2057" time="1540" acceleration="13636"/>
    <motionState vehicle="2" speed="2057" time="1540" acceleration="13636"/>
=======
    <motionState vehicle="7" speed="1525" time="1510" acceleration="5128"/>
    <motionState vehicle="8" speed="1526" time="1510" acceleration="5157"/>
    <motionState vehicle="9" speed="1530" time="1510" acceleration="5287"/>
    <motionState vehicle="10" speed="1548" time="1510" acceleration="5704"/>
    <motionState vehicle="11" speed="1610" time="1510" acceleration="6489"/>
    <motionState vehicle="0" speed="1761" time="1520" acceleration="6685"/>
    <motionState vehicle="1" speed="1767" time="1520" acceleration="7010"/>
    <motionState vehicle="2" speed="1809" time="1520" acceleration="8653"/>
    <motionState vehicle="3" speed="2030" time="1520" acceleration="13636"/>
    <motionState vehicle="4" speed="2033" time="1520" acceleration="13636"/>
    <motionState vehicle="5" speed="1973" time="1520" acceleration="8003"/>
    <motionState vehicle="6" speed="1530" time="1520" acceleration="5076"/>
    <motionState vehicle="7" speed="1530" time="1520" acceleration="5082"/>
    <motionState vehicle="8" speed="1531" time="1520" acceleration="5111"/>
    <motionState vehicle="9" speed="1535" time="1520" acceleration="5244"/>
    <motionState vehicle="10" speed="1553" time="1520" acceleration="5665"/>
    <motionState vehicle="11" speed="1617" time="1520" acceleration="6446"/>
    <motionState vehicle="0" speed="1767" time="1530" acceleration="6627"/>
    <motionState vehicle="1" speed="1774" time="1530" acceleration="6965"/>
    <motionState vehicle="2" speed="1817" time="1530" acceleration="8640"/>
    <motionState vehicle="3" speed="2044" time="1530" acceleration="13636"/>
    <motionState vehicle="4" speed="2047" time="1530" acceleration="13636"/>
    <motionState vehicle="5" speed="1981" time="1530" acceleration="7863"/>
    <motionState vehicle="6" speed="1535" time="1530" acceleration="5030"/>
    <motionState vehicle="7" speed="1535" time="1530" acceleration="5036"/>
    <motionState vehicle="8" speed="1536" time="1530" acceleration="5066"/>
    <motionState vehicle="9" speed="1540" time="1530" acceleration="5202"/>
    <motionState vehicle="10" speed="1559" time="1530" acceleration="5627"/>
    <motionState vehicle="11" speed="1623" time="1530" acceleration="6402"/>
    <motionState vehicle="0" speed="1774" time="1540" acceleration="6571"/>
    <motionState vehicle="1" speed="1780" time="1540" acceleration="6921"/>
    <motionState vehicle="2" speed="1826" time="1540" acceleration="8627"/>
>>>>>>> f63c990... added xml files to gitignore
    <motionState vehicle="3" speed="2057" time="1540" acceleration="13636"/>
    <motionState vehicle="4" speed="2060" time="1540" acceleration="13636"/>
    <motionState vehicle="5" speed="1988" time="1540" acceleration="7725"/>
    <motionState vehicle="6" speed="1540" time="1540" acceleration="4985"/>
<<<<<<< HEAD
    <motionState vehicle="7" speed="1540" time="1540" acceleration="4998"/>
    <motionState vehicle="8" speed="1542" time="1540" acceleration="5093"/>
    <motionState vehicle="9" speed="1554" time="1540" acceleration="5649"/>
    <motionState vehicle="10" speed="1628" time="1540" acceleration="7978"/>
    <motionState vehicle="11" speed="1954" time="1540" acceleration="13636"/>
    <motionState vehicle="0" speed="2071" time="1550" acceleration="13636"/>
    <motionState vehicle="1" speed="2071" time="1550" acceleration="13636"/>
    <motionState vehicle="2" speed="2071" time="1550" acceleration="13636"/>
    <motionState vehicle="3" speed="2071" time="1550" acceleration="13636"/>
    <motionState vehicle="4" speed="2074" time="1550" acceleration="13636"/>
    <motionState vehicle="5" speed="1996" time="1550" acceleration="7589"/>
    <motionState vehicle="6" speed="1545" time="1550" acceleration="4940"/>
    <motionState vehicle="7" speed="1545" time="1550" acceleration="4954"/>
    <motionState vehicle="8" speed="1547" time="1550" acceleration="5052"/>
    <motionState vehicle="9" speed="1560" time="1550" acceleration="5626"/>
    <motionState vehicle="10" speed="1636" time="1550" acceleration="7986"/>
    <motionState vehicle="11" speed="1967" time="1550" acceleration="13636"/>
    <motionState vehicle="0" speed="2084" time="1560" acceleration="13636"/>
    <motionState vehicle="1" speed="2084" time="1560" acceleration="13636"/>
    <motionState vehicle="2" speed="2084" time="1560" acceleration="13636"/>
    <motionState vehicle="3" speed="2084" time="1560" acceleration="13636"/>
    <motionState vehicle="4" speed="2088" time="1560" acceleration="13636"/>
    <motionState vehicle="5" speed="2004" time="1560" acceleration="7455"/>
    <motionState vehicle="6" speed="1550" time="1560" acceleration="4895"/>
    <motionState vehicle="7" speed="1550" time="1560" acceleration="4910"/>
    <motionState vehicle="8" speed="1552" time="1560" acceleration="5013"/>
    <motionState vehicle="9" speed="1566" time="1560" acceleration="5603"/>
    <motionState vehicle="10" speed="1644" time="1560" acceleration="7995"/>
    <motionState vehicle="11" speed="1981" time="1560" acceleration="13636"/>
    <motionState vehicle="0" speed="2098" time="1570" acceleration="13636"/>
    <motionState vehicle="1" speed="2098" time="1570" acceleration="13636"/>
    <motionState vehicle="2" speed="2098" time="1570" acceleration="13636"/>
    <motionState vehicle="3" speed="2098" time="1570" acceleration="13636"/>
    <motionState vehicle="4" speed="2101" time="1570" acceleration="13636"/>
    <motionState vehicle="5" speed="2011" time="1570" acceleration="7323"/>
    <motionState vehicle="6" speed="1555" time="1570" acceleration="4851"/>
    <motionState vehicle="7" speed="1555" time="1570" acceleration="4866"/>
    <motionState vehicle="8" speed="1557" time="1570" acceleration="4974"/>
    <motionState vehicle="9" speed="1571" time="1570" acceleration="5581"/>
    <motionState vehicle="10" speed="1652" time="1570" acceleration="8005"/>
    <motionState vehicle="11" speed="1995" time="1570" acceleration="13636"/>
    <motionState vehicle="0" speed="2112" time="1580" acceleration="13636"/>
    <motionState vehicle="1" speed="2112" time="1580" acceleration="13636"/>
    <motionState vehicle="2" speed="2112" time="1580" acceleration="13636"/>
    <motionState vehicle="3" speed="2112" time="1580" acceleration="13636"/>
    <motionState vehicle="4" speed="2115" time="1580" acceleration="13636"/>
    <motionState vehicle="5" speed="2018" time="1580" acceleration="7193"/>
    <motionState vehicle="6" speed="1560" time="1580" acceleration="4807"/>
    <motionState vehicle="7" speed="1560" time="1580" acceleration="4823"/>
    <motionState vehicle="8" speed="1562" time="1580" acceleration="4936"/>
    <motionState vehicle="9" speed="1577" time="1580" acceleration="5559"/>
    <motionState vehicle="10" speed="1660" time="1580" acceleration="8014"/>
    <motionState vehicle="11" speed="2008" time="1580" acceleration="13636"/>
    <motionState vehicle="0" speed="2125" time="1590" acceleration="13636"/>
    <motionState vehicle="1" speed="2125" time="1590" acceleration="13636"/>
    <motionState vehicle="2" speed="2125" time="1590" acceleration="13636"/>
    <motionState vehicle="3" speed="2125" time="1590" acceleration="13636"/>
    <motionState vehicle="4" speed="2128" time="1590" acceleration="13636"/>
    <motionState vehicle="5" speed="2025" time="1590" acceleration="7064"/>
    <motionState vehicle="6" speed="1564" time="1590" acceleration="4763"/>
    <motionState vehicle="7" speed="1565" time="1590" acceleration="4780"/>
    <motionState vehicle="8" speed="1567" time="1590" acceleration="4898"/>
    <motionState vehicle="9" speed="1582" time="1590" acceleration="5539"/>
    <motionState vehicle="10" speed="1668" time="1590" acceleration="8024"/>
    <motionState vehicle="11" speed="2022" time="1590" acceleration="13636"/>
    <motionState vehicle="0" speed="2139" time="1600" acceleration="13636"/>
    <motionState vehicle="1" speed="2139" time="1600" acceleration="13636"/>
    <motionState vehicle="2" speed="2139" time="1600" acceleration="13636"/>
    <motionState vehicle="3" speed="2139" time="1600" acceleration="13636"/>
    <motionState vehicle="4" speed="2142" time="1600" acceleration="13636"/>
    <motionState vehicle="5" speed="2032" time="1600" acceleration="6937"/>
    <motionState vehicle="6" speed="1569" time="1600" acceleration="4720"/>
    <motionState vehicle="7" speed="1569" time="1600" acceleration="4738"/>
    <motionState vehicle="8" speed="1572" time="1600" acceleration="4860"/>
    <motionState vehicle="9" speed="1588" time="1600" acceleration="5519"/>
    <motionState vehicle="10" speed="1676" time="1600" acceleration="8034"/>
    <motionState vehicle="11" speed="2035" time="1600" acceleration="13636"/>
    <motionState vehicle="0" speed="2152" time="1610" acceleration="13636"/>
    <motionState vehicle="1" speed="2152" time="1610" acceleration="13636"/>
    <motionState vehicle="2" speed="2152" time="1610" acceleration="13636"/>
    <motionState vehicle="3" speed="2153" time="1610" acceleration="13636"/>
    <motionState vehicle="4" speed="2156" time="1610" acceleration="13636"/>
    <motionState vehicle="5" speed="2039" time="1610" acceleration="6812"/>
    <motionState vehicle="6" speed="1574" time="1610" acceleration="4678"/>
    <motionState vehicle="7" speed="1574" time="1610" acceleration="4696"/>
    <motionState vehicle="8" speed="1577" time="1610" acceleration="4824"/>
    <motionState vehicle="9" speed="1593" time="1610" acceleration="5500"/>
    <motionState vehicle="10" speed="1684" time="1610" acceleration="8045"/>
    <motionState vehicle="11" speed="2049" time="1610" acceleration="13636"/>
    <motionState vehicle="0" speed="2166" time="1620" acceleration="13636"/>
    <motionState vehicle="1" speed="2166" time="1620" acceleration="13636"/>
    <motionState vehicle="2" speed="2166" time="1620" acceleration="13636"/>
    <motionState vehicle="3" speed="2166" time="1620" acceleration="13636"/>
    <motionState vehicle="4" speed="2169" time="1620" acceleration="13636"/>
    <motionState vehicle="5" speed="2046" time="1620" acceleration="6688"/>
    <motionState vehicle="6" speed="1578" time="1620" acceleration="4635"/>
    <motionState vehicle="7" speed="1579" time="1620" acceleration="4655"/>
    <motionState vehicle="8" speed="1581" time="1620" acceleration="4787"/>
    <motionState vehicle="9" speed="1599" time="1620" acceleration="5481"/>
    <motionState vehicle="10" speed="1692" time="1620" acceleration="8056"/>
    <motionState vehicle="11" speed="2063" time="1620" acceleration="13636"/>
    <motionState vehicle="0" speed="2180" time="1630" acceleration="13636"/>
    <motionState vehicle="1" speed="2180" time="1630" acceleration="13636"/>
    <motionState vehicle="2" speed="2180" time="1630" acceleration="13636"/>
    <motionState vehicle="3" speed="2180" time="1630" acceleration="13636"/>
    <motionState vehicle="4" speed="2183" time="1630" acceleration="13636"/>
    <motionState vehicle="5" speed="2052" time="1630" acceleration="6566"/>
    <motionState vehicle="6" speed="1583" time="1630" acceleration="4593"/>
    <motionState vehicle="7" speed="1583" time="1630" acceleration="4614"/>
    <motionState vehicle="8" speed="1586" time="1630" acceleration="4752"/>
    <motionState vehicle="9" speed="1604" time="1630" acceleration="5463"/>
    <motionState vehicle="10" speed="1700" time="1630" acceleration="8067"/>
    <motionState vehicle="11" speed="2076" time="1630" acceleration="13636"/>
    <motionState vehicle="0" speed="2193" time="1640" acceleration="13636"/>
    <motionState vehicle="1" speed="2193" time="1640" acceleration="13636"/>
    <motionState vehicle="2" speed="2193" time="1640" acceleration="13636"/>
    <motionState vehicle="3" speed="2194" time="1640" acceleration="13636"/>
    <motionState vehicle="4" speed="2197" time="1640" acceleration="13636"/>
    <motionState vehicle="5" speed="2059" time="1640" acceleration="6446"/>
    <motionState vehicle="6" speed="1588" time="1640" acceleration="4552"/>
    <motionState vehicle="7" speed="1588" time="1640" acceleration="4574"/>
    <motionState vehicle="8" speed="1591" time="1640" acceleration="4717"/>
    <motionState vehicle="9" speed="1610" time="1640" acceleration="5446"/>
    <motionState vehicle="10" speed="1708" time="1640" acceleration="8078"/>
    <motionState vehicle="11" speed="2090" time="1640" acceleration="13636"/>
    <motionState vehicle="0" speed="2207" time="1650" acceleration="13636"/>
    <motionState vehicle="1" speed="2207" time="1650" acceleration="13636"/>
    <motionState vehicle="2" speed="2207" time="1650" acceleration="13636"/>
    <motionState vehicle="3" speed="2207" time="1650" acceleration="13636"/>
    <motionState vehicle="4" speed="2210" time="1650" acceleration="13636"/>
    <motionState vehicle="5" speed="2065" time="1650" acceleration="6327"/>
    <motionState vehicle="6" speed="1592" time="1650" acceleration="4511"/>
    <motionState vehicle="7" speed="1592" time="1650" acceleration="4534"/>
    <motionState vehicle="8" speed="1595" time="1650" acceleration="4682"/>
    <motionState vehicle="9" speed="1615" time="1650" acceleration="5429"/>
    <motionState vehicle="10" speed="1716" time="1650" acceleration="8090"/>
    <motionState vehicle="11" speed="2104" time="1650" acceleration="13636"/>
    <motionState vehicle="0" speed="2221" time="1660" acceleration="13636"/>
    <motionState vehicle="1" speed="2221" time="1660" acceleration="13636"/>
    <motionState vehicle="2" speed="2221" time="1660" acceleration="13636"/>
    <motionState vehicle="3" speed="2221" time="1660" acceleration="13636"/>
    <motionState vehicle="4" speed="2224" time="1660" acceleration="13636"/>
    <motionState vehicle="5" speed="2071" time="1660" acceleration="6210"/>
    <motionState vehicle="6" speed="1597" time="1660" acceleration="4470"/>
    <motionState vehicle="7" speed="1597" time="1660" acceleration="4494"/>
    <motionState vehicle="8" speed="1600" time="1660" acceleration="4648"/>
    <motionState vehicle="9" speed="1620" time="1660" acceleration="5413"/>
    <motionState vehicle="10" speed="1725" time="1660" acceleration="8102"/>
    <motionState vehicle="11" speed="2117" time="1660" acceleration="13636"/>
    <motionState vehicle="0" speed="2234" time="1670" acceleration="13636"/>
    <motionState vehicle="1" speed="2234" time="1670" acceleration="13636"/>
    <motionState vehicle="2" speed="2234" time="1670" acceleration="13636"/>
    <motionState vehicle="3" speed="2234" time="1670" acceleration="13636"/>
    <motionState vehicle="4" speed="2238" time="1670" acceleration="13636"/>
    <motionState vehicle="5" speed="2077" time="1670" acceleration="6095"/>
    <motionState vehicle="6" speed="1601" time="1670" acceleration="4429"/>
    <motionState vehicle="7" speed="1601" time="1670" acceleration="4455"/>
    <motionState vehicle="8" speed="1605" time="1670" acceleration="4615"/>
    <motionState vehicle="9" speed="1626" time="1670" acceleration="5398"/>
    <motionState vehicle="10" speed="1733" time="1670" acceleration="8114"/>
    <motionState vehicle="11" speed="2131" time="1670" acceleration="13636"/>
    <motionState vehicle="0" speed="2248" time="1680" acceleration="13636"/>
    <motionState vehicle="1" speed="2248" time="1680" acceleration="13636"/>
    <motionState vehicle="2" speed="2248" time="1680" acceleration="13636"/>
    <motionState vehicle="3" speed="2248" time="1680" acceleration="13636"/>
    <motionState vehicle="4" speed="2251" time="1680" acceleration="13636"/>
    <motionState vehicle="5" speed="2083" time="1680" acceleration="5981"/>
    <motionState vehicle="6" speed="1605" time="1680" acceleration="4390"/>
    <motionState vehicle="7" speed="1606" time="1680" acceleration="4416"/>
    <motionState vehicle="8" speed="1609" time="1680" acceleration="4582"/>
    <motionState vehicle="9" speed="1631" time="1680" acceleration="5383"/>
    <motionState vehicle="10" speed="1741" time="1680" acceleration="8127"/>
    <motionState vehicle="11" speed="2145" time="1680" acceleration="13636"/>
    <motionState vehicle="0" speed="2262" time="1690" acceleration="13636"/>
    <motionState vehicle="1" speed="2262" time="1690" acceleration="13636"/>
    <motionState vehicle="2" speed="2262" time="1690" acceleration="13636"/>
    <motionState vehicle="3" speed="2262" time="1690" acceleration="13636"/>
    <motionState vehicle="4" speed="2265" time="1690" acceleration="13636"/>
    <motionState vehicle="5" speed="2089" time="1690" acceleration="5869"/>
    <motionState vehicle="6" speed="1610" time="1690" acceleration="4350"/>
    <motionState vehicle="7" speed="1610" time="1690" acceleration="4378"/>
    <motionState vehicle="8" speed="1614" time="1690" acceleration="4549"/>
    <motionState vehicle="9" speed="1637" time="1690" acceleration="5369"/>
    <motionState vehicle="10" speed="1749" time="1690" acceleration="8140"/>
    <motionState vehicle="11" speed="2158" time="1690" acceleration="13636"/>
    <motionState vehicle="0" speed="2275" time="1700" acceleration="13636"/>
    <motionState vehicle="1" speed="2275" time="1700" acceleration="13636"/>
    <motionState vehicle="2" speed="2275" time="1700" acceleration="13636"/>
    <motionState vehicle="3" speed="2275" time="1700" acceleration="13636"/>
    <motionState vehicle="4" speed="2278" time="1700" acceleration="13636"/>
    <motionState vehicle="5" speed="2095" time="1700" acceleration="5758"/>
    <motionState vehicle="6" speed="1614" time="1700" acceleration="4311"/>
    <motionState vehicle="7" speed="1615" time="1700" acceleration="4340"/>
    <motionState vehicle="8" speed="1618" time="1700" acceleration="4518"/>
    <motionState vehicle="9" speed="1642" time="1700" acceleration="5356"/>
    <motionState vehicle="10" speed="1757" time="1700" acceleration="8153"/>
    <motionState vehicle="11" speed="2172" time="1700" acceleration="13636"/>
    <motionState vehicle="0" speed="2289" time="1710" acceleration="13636"/>
    <motionState vehicle="1" speed="2289" time="1710" acceleration="13636"/>
    <motionState vehicle="2" speed="2289" time="1710" acceleration="13636"/>
    <motionState vehicle="3" speed="2289" time="1710" acceleration="13636"/>
    <motionState vehicle="4" speed="2292" time="1710" acceleration="13636"/>
    <motionState vehicle="5" speed="2100" time="1710" acceleration="5649"/>
    <motionState vehicle="6" speed="1618" time="1710" acceleration="4272"/>
    <motionState vehicle="7" speed="1619" time="1710" acceleration="4302"/>
    <motionState vehicle="8" speed="1623" time="1710" acceleration="4486"/>
    <motionState vehicle="9" speed="1647" time="1710" acceleration="5343"/>
    <motionState vehicle="10" speed="1765" time="1710" acceleration="8167"/>
    <motionState vehicle="11" speed="2185" time="1710" acceleration="13636"/>
    <motionState vehicle="0" speed="2302" time="1720" acceleration="13636"/>
    <motionState vehicle="1" speed="2302" time="1720" acceleration="13636"/>
    <motionState vehicle="2" speed="2302" time="1720" acceleration="13636"/>
    <motionState vehicle="3" speed="2303" time="1720" acceleration="13636"/>
    <motionState vehicle="4" speed="2306" time="1720" acceleration="13636"/>
    <motionState vehicle="5" speed="2106" time="1720" acceleration="5541"/>
    <motionState vehicle="6" speed="1623" time="1720" acceleration="4233"/>
    <motionState vehicle="7" speed="1623" time="1720" acceleration="4265"/>
    <motionState vehicle="8" speed="1627" time="1720" acceleration="4456"/>
    <motionState vehicle="9" speed="1653" time="1720" acceleration="5331"/>
    <motionState vehicle="10" speed="1773" time="1720" acceleration="8180"/>
    <motionState vehicle="11" speed="2199" time="1720" acceleration="13636"/>
    <motionState vehicle="0" speed="2316" time="1730" acceleration="13636"/>
    <motionState vehicle="1" speed="2316" time="1730" acceleration="13636"/>
    <motionState vehicle="2" speed="2316" time="1730" acceleration="13636"/>
    <motionState vehicle="3" speed="2316" time="1730" acceleration="13636"/>
    <motionState vehicle="4" speed="2319" time="1730" acceleration="13636"/>
    <motionState vehicle="5" speed="2111" time="1730" acceleration="5435"/>
    <motionState vehicle="6" speed="1627" time="1730" acceleration="4195"/>
    <motionState vehicle="7" speed="1627" time="1730" acceleration="4229"/>
    <motionState vehicle="8" speed="1632" time="1730" acceleration="4425"/>
    <motionState vehicle="9" speed="1658" time="1730" acceleration="5319"/>
    <motionState vehicle="10" speed="1782" time="1730" acceleration="8194"/>
    <motionState vehicle="11" speed="2213" time="1730" acceleration="13636"/>
    <motionState vehicle="0" speed="2330" time="1740" acceleration="13636"/>
    <motionState vehicle="1" speed="2330" time="1740" acceleration="13636"/>
    <motionState vehicle="2" speed="2330" time="1740" acceleration="13636"/>
    <motionState vehicle="3" speed="2330" time="1740" acceleration="13636"/>
    <motionState vehicle="4" speed="2333" time="1740" acceleration="13636"/>
    <motionState vehicle="5" speed="2117" time="1740" acceleration="5330"/>
    <motionState vehicle="6" speed="1631" time="1740" acceleration="4157"/>
    <motionState vehicle="7" speed="1632" time="1740" acceleration="4192"/>
    <motionState vehicle="8" speed="1636" time="1740" acceleration="4396"/>
    <motionState vehicle="9" speed="1663" time="1740" acceleration="5308"/>
    <motionState vehicle="10" speed="1790" time="1740" acceleration="8208"/>
    <motionState vehicle="11" speed="2226" time="1740" acceleration="13636"/>
    <motionState vehicle="0" speed="2343" time="1750" acceleration="13636"/>
    <motionState vehicle="1" speed="2343" time="1750" acceleration="13636"/>
    <motionState vehicle="2" speed="2343" time="1750" acceleration="13636"/>
    <motionState vehicle="3" speed="2344" time="1750" acceleration="13636"/>
    <motionState vehicle="4" speed="2347" time="1750" acceleration="13636"/>
    <motionState vehicle="5" speed="2122" time="1750" acceleration="5227"/>
    <motionState vehicle="6" speed="1635" time="1750" acceleration="4120"/>
    <motionState vehicle="7" speed="1636" time="1750" acceleration="4157"/>
    <motionState vehicle="8" speed="1641" time="1750" acceleration="4366"/>
    <motionState vehicle="9" speed="1669" time="1750" acceleration="5298"/>
    <motionState vehicle="10" speed="1798" time="1750" acceleration="8223"/>
    <motionState vehicle="11" speed="2240" time="1750" acceleration="13636"/>
    <motionState vehicle="0" speed="2357" time="1760" acceleration="13636"/>
    <motionState vehicle="1" speed="2357" time="1760" acceleration="13636"/>
    <motionState vehicle="2" speed="2357" time="1760" acceleration="13636"/>
    <motionState vehicle="3" speed="2357" time="1760" acceleration="13497"/>
    <motionState vehicle="4" speed="2360" time="1760" acceleration="13636"/>
    <motionState vehicle="5" speed="2127" time="1760" acceleration="5125"/>
    <motionState vehicle="6" speed="1639" time="1760" acceleration="4083"/>
    <motionState vehicle="7" speed="1640" time="1760" acceleration="4121"/>
    <motionState vehicle="8" speed="1645" time="1760" acceleration="4338"/>
    <motionState vehicle="9" speed="1674" time="1760" acceleration="5288"/>
    <motionState vehicle="10" speed="1806" time="1760" acceleration="8237"/>
    <motionState vehicle="11" speed="2254" time="1760" acceleration="13636"/>
    <motionState vehicle="0" speed="2371" time="1770" acceleration="13636"/>
    <motionState vehicle="1" speed="2371" time="1770" acceleration="13636"/>
    <motionState vehicle="2" speed="2371" time="1770" acceleration="13636"/>
    <motionState vehicle="3" speed="2370" time="1770" acceleration="13278"/>
    <motionState vehicle="4" speed="2374" time="1770" acceleration="13636"/>
    <motionState vehicle="5" speed="2132" time="1770" acceleration="5024"/>
    <motionState vehicle="6" speed="1643" time="1770" acceleration="4046"/>
    <motionState vehicle="7" speed="1644" time="1770" acceleration="4086"/>
    <motionState vehicle="8" speed="1649" time="1770" acceleration="4310"/>
    <motionState vehicle="9" speed="1679" time="1770" acceleration="5279"/>
    <motionState vehicle="10" speed="1815" time="1770" acceleration="8252"/>
    <motionState vehicle="11" speed="2267" time="1770" acceleration="13636"/>
    <motionState vehicle="0" speed="2384" time="1780" acceleration="13636"/>
    <motionState vehicle="1" speed="2384" time="1780" acceleration="13636"/>
    <motionState vehicle="2" speed="2384" time="1780" acceleration="13636"/>
    <motionState vehicle="3" speed="2383" time="1780" acceleration="13060"/>
    <motionState vehicle="4" speed="2388" time="1780" acceleration="13636"/>
    <motionState vehicle="5" speed="2137" time="1780" acceleration="4925"/>
    <motionState vehicle="6" speed="1647" time="1780" acceleration="4010"/>
    <motionState vehicle="7" speed="1648" time="1780" acceleration="4052"/>
    <motionState vehicle="8" speed="1653" time="1780" acceleration="4282"/>
    <motionState vehicle="9" speed="1684" time="1780" acceleration="5270"/>
    <motionState vehicle="10" speed="1823" time="1780" acceleration="8267"/>
    <motionState vehicle="11" speed="2281" time="1780" acceleration="13636"/>
    <motionState vehicle="0" speed="2398" time="1790" acceleration="13636"/>
    <motionState vehicle="1" speed="2398" time="1790" acceleration="13636"/>
    <motionState vehicle="2" speed="2398" time="1790" acceleration="13636"/>
    <motionState vehicle="3" speed="2396" time="1790" acceleration="12845"/>
    <motionState vehicle="4" speed="2401" time="1790" acceleration="13636"/>
    <motionState vehicle="5" speed="2142" time="1790" acceleration="4828"/>
    <motionState vehicle="6" speed="1651" time="1790" acceleration="3974"/>
    <motionState vehicle="7" speed="1652" time="1790" acceleration="4017"/>
    <motionState vehicle="8" speed="1658" time="1790" acceleration="4255"/>
    <motionState vehicle="9" speed="1690" time="1790" acceleration="5262"/>
    <motionState vehicle="10" speed="1831" time="1790" acceleration="8283"/>
    <motionState vehicle="11" speed="2295" time="1790" acceleration="13636"/>
    <motionState vehicle="0" speed="2412" time="1800" acceleration="13636"/>
    <motionState vehicle="1" speed="2412" time="1800" acceleration="13636"/>
    <motionState vehicle="2" speed="2412" time="1800" acceleration="13636"/>
    <motionState vehicle="3" speed="2409" time="1800" acceleration="12632"/>
    <motionState vehicle="4" speed="2415" time="1800" acceleration="13636"/>
    <motionState vehicle="5" speed="2147" time="1800" acceleration="4732"/>
    <motionState vehicle="6" speed="1655" time="1800" acceleration="3938"/>
    <motionState vehicle="7" speed="1656" time="1800" acceleration="3983"/>
    <motionState vehicle="8" speed="1662" time="1800" acceleration="4228"/>
    <motionState vehicle="9" speed="1695" time="1800" acceleration="5255"/>
    <motionState vehicle="10" speed="1839" time="1800" acceleration="8298"/>
    <motionState vehicle="11" speed="2308" time="1800" acceleration="13636"/>
    <motionState vehicle="0" speed="2425" time="1810" acceleration="13636"/>
    <motionState vehicle="1" speed="2425" time="1810" acceleration="13636"/>
    <motionState vehicle="2" speed="2425" time="1810" acceleration="13636"/>
    <motionState vehicle="3" speed="2421" time="1810" acceleration="12422"/>
    <motionState vehicle="4" speed="2428" time="1810" acceleration="13636"/>
    <motionState vehicle="5" speed="2151" time="1810" acceleration="4637"/>
    <motionState vehicle="6" speed="1659" time="1810" acceleration="3903"/>
    <motionState vehicle="7" speed="1660" time="1810" acceleration="3950"/>
    <motionState vehicle="8" speed="1666" time="1810" acceleration="4202"/>
    <motionState vehicle="9" speed="1700" time="1810" acceleration="5248"/>
    <motionState vehicle="10" speed="1848" time="1810" acceleration="8314"/>
    <motionState vehicle="11" speed="2322" time="1810" acceleration="13636"/>
    <motionState vehicle="0" speed="2439" time="1820" acceleration="13636"/>
    <motionState vehicle="1" speed="2439" time="1820" acceleration="13636"/>
    <motionState vehicle="2" speed="2439" time="1820" acceleration="13636"/>
    <motionState vehicle="3" speed="2433" time="1820" acceleration="12214"/>
    <motionState vehicle="4" speed="2442" time="1820" acceleration="13636"/>
    <motionState vehicle="5" speed="2156" time="1820" acceleration="4543"/>
    <motionState vehicle="6" speed="1663" time="1820" acceleration="3868"/>
    <motionState vehicle="7" speed="1664" time="1820" acceleration="3917"/>
    <motionState vehicle="8" speed="1670" time="1820" acceleration="4176"/>
    <motionState vehicle="9" speed="1705" time="1820" acceleration="5241"/>
    <motionState vehicle="10" speed="1856" time="1820" acceleration="8330"/>
    <motionState vehicle="11" speed="2335" time="1820" acceleration="13636"/>
    <motionState vehicle="0" speed="2452" time="1830" acceleration="13636"/>
    <motionState vehicle="1" speed="2452" time="1830" acceleration="13636"/>
    <motionState vehicle="2" speed="2452" time="1830" acceleration="13636"/>
    <motionState vehicle="3" speed="2445" time="1830" acceleration="12008"/>
    <motionState vehicle="4" speed="2456" time="1830" acceleration="13636"/>
    <motionState vehicle="5" speed="2160" time="1830" acceleration="4451"/>
    <motionState vehicle="6" speed="1667" time="1830" acceleration="3833"/>
    <motionState vehicle="7" speed="1668" time="1830" acceleration="3884"/>
    <motionState vehicle="8" speed="1674" time="1830" acceleration="4151"/>
    <motionState vehicle="9" speed="1711" time="1830" acceleration="5235"/>
    <motionState vehicle="10" speed="1864" time="1830" acceleration="8346"/>
    <motionState vehicle="11" speed="2349" time="1830" acceleration="13636"/>
    <motionState vehicle="0" speed="2466" time="1840" acceleration="13636"/>
    <motionState vehicle="1" speed="2466" time="1840" acceleration="13636"/>
    <motionState vehicle="2" speed="2466" time="1840" acceleration="13636"/>
    <motionState vehicle="3" speed="2457" time="1840" acceleration="11804"/>
    <motionState vehicle="4" speed="2469" time="1840" acceleration="13636"/>
    <motionState vehicle="5" speed="2165" time="1840" acceleration="4360"/>
    <motionState vehicle="6" speed="1670" time="1840" acceleration="3799"/>
    <motionState vehicle="7" speed="1672" time="1840" acceleration="3852"/>
    <motionState vehicle="8" speed="1679" time="1840" acceleration="4127"/>
    <motionState vehicle="9" speed="1716" time="1840" acceleration="5230"/>
    <motionState vehicle="10" speed="1873" time="1840" acceleration="8362"/>
    <motionState vehicle="11" speed="2363" time="1840" acceleration="13636"/>
    <motionState vehicle="0" speed="2480" time="1850" acceleration="13636"/>
    <motionState vehicle="1" speed="2480" time="1850" acceleration="13636"/>
    <motionState vehicle="2" speed="2480" time="1850" acceleration="13636"/>
    <motionState vehicle="3" speed="2469" time="1850" acceleration="11602"/>
    <motionState vehicle="4" speed="2483" time="1850" acceleration="13636"/>
    <motionState vehicle="5" speed="2169" time="1850" acceleration="4270"/>
    <motionState vehicle="6" speed="1674" time="1850" acceleration="3765"/>
    <motionState vehicle="7" speed="1675" time="1850" acceleration="3820"/>
    <motionState vehicle="8" speed="1683" time="1850" acceleration="4103"/>
    <motionState vehicle="9" speed="1721" time="1850" acceleration="5225"/>
    <motionState vehicle="10" speed="1881" time="1850" acceleration="8379"/>
    <motionState vehicle="11" speed="2376" time="1850" acceleration="13636"/>
    <motionState vehicle="0" speed="2493" time="1860" acceleration="13636"/>
    <motionState vehicle="1" speed="2493" time="1860" acceleration="13636"/>
    <motionState vehicle="2" speed="2493" time="1860" acceleration="13636"/>
    <motionState vehicle="3" speed="2480" time="1860" acceleration="11403"/>
    <motionState vehicle="4" speed="2497" time="1860" acceleration="13636"/>
    <motionState vehicle="5" speed="2173" time="1860" acceleration="4182"/>
    <motionState vehicle="6" speed="1678" time="1860" acceleration="3731"/>
    <motionState vehicle="7" speed="1679" time="1860" acceleration="3789"/>
    <motionState vehicle="8" speed="1687" time="1860" acceleration="4079"/>
    <motionState vehicle="9" speed="1726" time="1860" acceleration="5221"/>
    <motionState vehicle="10" speed="1890" time="1860" acceleration="8395"/>
    <motionState vehicle="11" speed="2390" time="1860" acceleration="13636"/>
    <motionState vehicle="0" speed="2507" time="1870" acceleration="13636"/>
    <motionState vehicle="1" speed="2507" time="1870" acceleration="13636"/>
    <motionState vehicle="2" speed="2507" time="1870" acceleration="13636"/>
    <motionState vehicle="3" speed="2491" time="1870" acceleration="11206"/>
    <motionState vehicle="4" speed="2510" time="1870" acceleration="13636"/>
    <motionState vehicle="5" speed="2177" time="1870" acceleration="4095"/>
    <motionState vehicle="6" speed="1682" time="1870" acceleration="3698"/>
    <motionState vehicle="7" speed="1683" time="1870" acceleration="3758"/>
    <motionState vehicle="8" speed="1691" time="1870" acceleration="4056"/>
    <motionState vehicle="9" speed="1732" time="1870" acceleration="5217"/>
    <motionState vehicle="10" speed="1898" time="1870" acceleration="8412"/>
    <motionState vehicle="11" speed="2404" time="1870" acceleration="13592"/>
    <motionState vehicle="0" speed="2521" time="1880" acceleration="13636"/>
    <motionState vehicle="1" speed="2521" time="1880" acceleration="13636"/>
    <motionState vehicle="2" speed="2521" time="1880" acceleration="13636"/>
    <motionState vehicle="3" speed="2502" time="1880" acceleration="11011"/>
    <motionState vehicle="4" speed="2524" time="1880" acceleration="13636"/>
    <motionState vehicle="5" speed="2181" time="1880" acceleration="4009"/>
    <motionState vehicle="6" speed="1685" time="1880" acceleration="3665"/>
    <motionState vehicle="7" speed="1687" time="1880" acceleration="3727"/>
    <motionState vehicle="8" speed="1695" time="1880" acceleration="4033"/>
    <motionState vehicle="9" speed="1737" time="1880" acceleration="5214"/>
    <motionState vehicle="10" speed="1906" time="1880" acceleration="8429"/>
    <motionState vehicle="11" speed="2417" time="1880" acceleration="13479"/>
    <motionState vehicle="0" speed="2534" time="1890" acceleration="13636"/>
    <motionState vehicle="1" speed="2534" time="1890" acceleration="13636"/>
    <motionState vehicle="2" speed="2534" time="1890" acceleration="13636"/>
    <motionState vehicle="3" speed="2513" time="1890" acceleration="10818"/>
    <motionState vehicle="4" speed="2538" time="1890" acceleration="13636"/>
    <motionState vehicle="5" speed="2185" time="1890" acceleration="3924"/>
    <motionState vehicle="6" speed="1689" time="1890" acceleration="3633"/>
    <motionState vehicle="7" speed="1690" time="1890" acceleration="3696"/>
    <motionState vehicle="8" speed="1699" time="1890" acceleration="4011"/>
    <motionState vehicle="9" speed="1742" time="1890" acceleration="5211"/>
    <motionState vehicle="10" speed="1915" time="1890" acceleration="8444"/>
    <motionState vehicle="11" speed="2430" time="1890" acceleration="13367"/>
    <motionState vehicle="0" speed="2548" time="1900" acceleration="13636"/>
    <motionState vehicle="1" speed="2548" time="1900" acceleration="13636"/>
    <motionState vehicle="2" speed="2548" time="1900" acceleration="13636"/>
    <motionState vehicle="3" speed="2524" time="1900" acceleration="10627"/>
    <motionState vehicle="4" speed="2551" time="1900" acceleration="13636"/>
    <motionState vehicle="5" speed="2189" time="1900" acceleration="3841"/>
    <motionState vehicle="6" speed="1693" time="1900" acceleration="3600"/>
    <motionState vehicle="7" speed="1694" time="1900" acceleration="3666"/>
    <motionState vehicle="8" speed="1703" time="1900" acceleration="3990"/>
    <motionState vehicle="9" speed="1747" time="1900" acceleration="5209"/>
    <motionState vehicle="10" speed="1923" time="1900" acceleration="8459"/>
    <motionState vehicle="11" speed="2444" time="1900" acceleration="13257"/>
    <motionState vehicle="0" speed="2562" time="1910" acceleration="13636"/>
    <motionState vehicle="1" speed="2561" time="1910" acceleration="13579"/>
    <motionState vehicle="2" speed="2562" time="1910" acceleration="13636"/>
    <motionState vehicle="3" speed="2534" time="1910" acceleration="10438"/>
    <motionState vehicle="4" speed="2565" time="1910" acceleration="13636"/>
    <motionState vehicle="5" speed="2193" time="1910" acceleration="3759"/>
    <motionState vehicle="6" speed="1696" time="1910" acceleration="3568"/>
    <motionState vehicle="7" speed="1698" time="1910" acceleration="3637"/>
    <motionState vehicle="8" speed="1707" time="1910" acceleration="3968"/>
    <motionState vehicle="9" speed="1752" time="1910" acceleration="5207"/>
    <motionState vehicle="10" speed="1932" time="1910" acceleration="8473"/>
    <motionState vehicle="11" speed="2457" time="1910" acceleration="13150"/>
    <motionState vehicle="0" speed="2575" time="1920" acceleration="13636"/>
    <motionState vehicle="1" speed="2575" time="1920" acceleration="13424"/>
    <motionState vehicle="2" speed="2575" time="1920" acceleration="13636"/>
    <motionState vehicle="3" speed="2545" time="1920" acceleration="10251"/>
    <motionState vehicle="4" speed="2578" time="1920" acceleration="13636"/>
    <motionState vehicle="5" speed="2196" time="1920" acceleration="3677"/>
    <motionState vehicle="6" speed="1700" time="1920" acceleration="3537"/>
    <motionState vehicle="7" speed="1701" time="1920" acceleration="3608"/>
    <motionState vehicle="8" speed="1711" time="1920" acceleration="3948"/>
    <motionState vehicle="9" speed="1758" time="1920" acceleration="5206"/>
    <motionState vehicle="10" speed="1940" time="1920" acceleration="8486"/>
    <motionState vehicle="11" speed="2470" time="1920" acceleration="13044"/>
    <motionState vehicle="0" speed="2589" time="1930" acceleration="13559"/>
    <motionState vehicle="1" speed="2588" time="1930" acceleration="13271"/>
    <motionState vehicle="2" speed="2589" time="1930" acceleration="13619"/>
    <motionState vehicle="3" speed="2555" time="1930" acceleration="10067"/>
    <motionState vehicle="4" speed="2592" time="1930" acceleration="13636"/>
    <motionState vehicle="5" speed="2200" time="1930" acceleration="3598"/>
    <motionState vehicle="6" speed="1703" time="1930" acceleration="3505"/>
    <motionState vehicle="7" speed="1705" time="1930" acceleration="3579"/>
    <motionState vehicle="8" speed="1715" time="1930" acceleration="3928"/>
    <motionState vehicle="9" speed="1763" time="1930" acceleration="5205"/>
    <motionState vehicle="10" speed="1949" time="1930" acceleration="8499"/>
    <motionState vehicle="11" speed="2483" time="1930" acceleration="12938"/>
    <motionState vehicle="0" speed="2602" time="1940" acceleration="13437"/>
    <motionState vehicle="1" speed="2601" time="1940" acceleration="13118"/>
    <motionState vehicle="2" speed="2602" time="1940" acceleration="13496"/>
    <motionState vehicle="3" speed="2565" time="1940" acceleration="9884"/>
    <motionState vehicle="4" speed="2606" time="1940" acceleration="13636"/>
    <motionState vehicle="5" speed="2203" time="1940" acceleration="3519"/>
    <motionState vehicle="6" speed="1707" time="1940" acceleration="3474"/>
    <motionState vehicle="7" speed="1708" time="1940" acceleration="3550"/>
    <motionState vehicle="8" speed="1719" time="1940" acceleration="3908"/>
    <motionState vehicle="9" speed="1768" time="1940" acceleration="5204"/>
    <motionState vehicle="10" speed="1957" time="1940" acceleration="8511"/>
    <motionState vehicle="11" speed="2496" time="1940" acceleration="12833"/>
    <motionState vehicle="0" speed="2615" time="1950" acceleration="13315"/>
    <motionState vehicle="1" speed="2614" time="1950" acceleration="12966"/>
    <motionState vehicle="2" speed="2616" time="1950" acceleration="13375"/>
    <motionState vehicle="3" speed="2574" time="1950" acceleration="9704"/>
    <motionState vehicle="4" speed="2619" time="1950" acceleration="13636"/>
    <motionState vehicle="5" speed="2207" time="1950" acceleration="3441"/>
    <motionState vehicle="6" speed="1710" time="1950" acceleration="3443"/>
    <motionState vehicle="7" speed="1712" time="1950" acceleration="3522"/>
    <motionState vehicle="8" speed="1723" time="1950" acceleration="3889"/>
    <motionState vehicle="9" speed="1773" time="1950" acceleration="5204"/>
    <motionState vehicle="10" speed="1966" time="1950" acceleration="8521"/>
    <motionState vehicle="11" speed="2508" time="1950" acceleration="12729"/>
    <motionState vehicle="0" speed="2629" time="1960" acceleration="13195"/>
    <motionState vehicle="1" speed="2627" time="1960" acceleration="12815"/>
    <motionState vehicle="2" speed="2629" time="1960" acceleration="13256"/>
    <motionState vehicle="3" speed="2584" time="1960" acceleration="9525"/>
    <motionState vehicle="4" speed="2633" time="1960" acceleration="13636"/>
    <motionState vehicle="5" speed="2210" time="1960" acceleration="3365"/>
    <motionState vehicle="6" speed="1714" time="1960" acceleration="3413"/>
    <motionState vehicle="7" speed="1715" time="1960" acceleration="3495"/>
    <motionState vehicle="8" speed="1726" time="1960" acceleration="3870"/>
    <motionState vehicle="9" speed="1778" time="1960" acceleration="5205"/>
    <motionState vehicle="10" speed="1974" time="1960" acceleration="8532"/>
    <motionState vehicle="11" speed="2521" time="1960" acceleration="12625"/>
    <motionState vehicle="0" speed="2642" time="1970" acceleration="13075"/>
    <motionState vehicle="1" speed="2640" time="1970" acceleration="12665"/>
    <motionState vehicle="2" speed="2642" time="1970" acceleration="13139"/>
    <motionState vehicle="3" speed="2593" time="1970" acceleration="9349"/>
    <motionState vehicle="4" speed="2647" time="1970" acceleration="13636"/>
    <motionState vehicle="5" speed="2214" time="1970" acceleration="3290"/>
    <motionState vehicle="6" speed="1717" time="1970" acceleration="3383"/>
    <motionState vehicle="7" speed="1719" time="1970" acceleration="3467"/>
    <motionState vehicle="8" speed="1730" time="1970" acceleration="3851"/>
    <motionState vehicle="9" speed="1784" time="1970" acceleration="5206"/>
    <motionState vehicle="10" speed="1983" time="1970" acceleration="8541"/>
    <motionState vehicle="11" speed="2534" time="1970" acceleration="12521"/>
    <motionState vehicle="0" speed="2655" time="1980" acceleration="12957"/>
    <motionState vehicle="1" speed="2652" time="1980" acceleration="12515"/>
    <motionState vehicle="2" speed="2655" time="1980" acceleration="13025"/>
    <motionState vehicle="3" speed="2602" time="1980" acceleration="9174"/>
    <motionState vehicle="4" speed="2660" time="1980" acceleration="13636"/>
    <motionState vehicle="5" speed="2217" time="1980" acceleration="3215"/>
    <motionState vehicle="6" speed="1720" time="1980" acceleration="3353"/>
    <motionState vehicle="7" speed="1722" time="1980" acceleration="3440"/>
    <motionState vehicle="8" speed="1734" time="1980" acceleration="3834"/>
    <motionState vehicle="9" speed="1789" time="1980" acceleration="5207"/>
    <motionState vehicle="10" speed="1991" time="1980" acceleration="8549"/>
    <motionState vehicle="11" speed="2546" time="1980" acceleration="12418"/>
    <motionState vehicle="0" speed="2668" time="1990" acceleration="12840"/>
    <motionState vehicle="1" speed="2665" time="1990" acceleration="12366"/>
    <motionState vehicle="2" speed="2668" time="1990" acceleration="12912"/>
    <motionState vehicle="3" speed="2611" time="1990" acceleration="9001"/>
    <motionState vehicle="4" speed="2674" time="1990" acceleration="13636"/>
    <motionState vehicle="5" speed="2220" time="1990" acceleration="3142"/>
    <motionState vehicle="6" speed="1724" time="1990" acceleration="3324"/>
    <motionState vehicle="7" speed="1726" time="1990" acceleration="3414"/>
    <motionState vehicle="8" speed="1738" time="1990" acceleration="3816"/>
    <motionState vehicle="9" speed="1794" time="1990" acceleration="5208"/>
    <motionState vehicle="10" speed="2000" time="1990" acceleration="8557"/>
    <motionState vehicle="11" speed="2558" time="1990" acceleration="12316"/>
    <motionState vehicle="0" speed="2680" time="2000" acceleration="12724"/>
    <motionState vehicle="1" speed="2677" time="2000" acceleration="12219"/>
    <motionState vehicle="2" speed="2681" time="2000" acceleration="12802"/>
    <motionState vehicle="3" speed="2620" time="2000" acceleration="8831"/>
    <motionState vehicle="4" speed="2688" time="2000" acceleration="13636"/>
    <motionState vehicle="5" speed="2223" time="2000" acceleration="3070"/>
    <motionState vehicle="6" speed="1727" time="2000" acceleration="3294"/>
    <motionState vehicle="7" speed="1729" time="2000" acceleration="3387"/>
    <motionState vehicle="8" speed="1742" time="2000" acceleration="3799"/>
    <motionState vehicle="9" speed="1799" time="2000" acceleration="5210"/>
    <motionState vehicle="10" speed="2009" time="2000" acceleration="8564"/>
    <motionState vehicle="11" speed="2570" time="2000" acceleration="12214"/>
    <motionState vehicle="0" speed="2693" time="2010" acceleration="12609"/>
    <motionState vehicle="1" speed="2689" time="2010" acceleration="12071"/>
    <motionState vehicle="2" speed="2693" time="2010" acceleration="12694"/>
    <motionState vehicle="3" speed="2629" time="2010" acceleration="8662"/>
    <motionState vehicle="4" speed="2701" time="2010" acceleration="13636"/>
    <motionState vehicle="5" speed="2226" time="2010" acceleration="2999"/>
    <motionState vehicle="6" speed="1730" time="2010" acceleration="3265"/>
    <motionState vehicle="7" speed="1732" time="2010" acceleration="3361"/>
    <motionState vehicle="8" speed="1745" time="2010" acceleration="3783"/>
    <motionState vehicle="9" speed="1804" time="2010" acceleration="5212"/>
    <motionState vehicle="10" speed="2017" time="2010" acceleration="8571"/>
    <motionState vehicle="11" speed="2583" time="2010" acceleration="12113"/>
    <motionState vehicle="0" speed="2705" time="2020" acceleration="12495"/>
    <motionState vehicle="1" speed="2701" time="2020" acceleration="11925"/>
    <motionState vehicle="2" speed="2706" time="2020" acceleration="12588"/>
    <motionState vehicle="3" speed="2637" time="2020" acceleration="8495"/>
    <motionState vehicle="4" speed="2715" time="2020" acceleration="13636"/>
    <motionState vehicle="5" speed="2229" time="2020" acceleration="2929"/>
    <motionState vehicle="6" speed="1733" time="2020" acceleration="3237"/>
    <motionState vehicle="7" speed="1736" time="2020" acceleration="3336"/>
    <motionState vehicle="8" speed="1749" time="2020" acceleration="3767"/>
    <motionState vehicle="9" speed="1810" time="2020" acceleration="5215"/>
    <motionState vehicle="10" speed="2026" time="2020" acceleration="8577"/>
    <motionState vehicle="11" speed="2595" time="2020" acceleration="12012"/>
    <motionState vehicle="0" speed="2718" time="2030" acceleration="12382"/>
    <motionState vehicle="1" speed="2713" time="2030" acceleration="11780"/>
    <motionState vehicle="2" speed="2719" time="2030" acceleration="12483"/>
    <motionState vehicle="3" speed="2646" time="2030" acceleration="8330"/>
    <motionState vehicle="4" speed="2728" time="2030" acceleration="13636"/>
    <motionState vehicle="5" speed="2232" time="2030" acceleration="2860"/>
    <motionState vehicle="6" speed="1737" time="2030" acceleration="3209"/>
    <motionState vehicle="7" speed="1739" time="2030" acceleration="3311"/>
    <motionState vehicle="8" speed="1753" time="2030" acceleration="3751"/>
    <motionState vehicle="9" speed="1815" time="2030" acceleration="5217"/>
    <motionState vehicle="10" speed="2034" time="2030" acceleration="8582"/>
    <motionState vehicle="11" speed="2606" time="2030" acceleration="11912"/>
    <motionState vehicle="0" speed="2730" time="2040" acceleration="12271"/>
    <motionState vehicle="1" speed="2724" time="2040" acceleration="11635"/>
    <motionState vehicle="2" speed="2731" time="2040" acceleration="12381"/>
    <motionState vehicle="3" speed="2654" time="2040" acceleration="8167"/>
    <motionState vehicle="4" speed="2742" time="2040" acceleration="13636"/>
    <motionState vehicle="5" speed="2235" time="2040" acceleration="2793"/>
    <motionState vehicle="6" speed="1740" time="2040" acceleration="3181"/>
    <motionState vehicle="7" speed="1742" time="2040" acceleration="3286"/>
    <motionState vehicle="8" speed="1757" time="2040" acceleration="3736"/>
    <motionState vehicle="9" speed="1820" time="2040" acceleration="5220"/>
    <motionState vehicle="10" speed="2043" time="2040" acceleration="8586"/>
    <motionState vehicle="11" speed="2618" time="2040" acceleration="11812"/>
    <motionState vehicle="0" speed="2742" time="2050" acceleration="12160"/>
    <motionState vehicle="1" speed="2736" time="2050" acceleration="11492"/>
    <motionState vehicle="2" speed="2743" time="2050" acceleration="12281"/>
    <motionState vehicle="3" speed="2662" time="2050" acceleration="8006"/>
    <motionState vehicle="4" speed="2756" time="2050" acceleration="13636"/>
    <motionState vehicle="5" speed="2237" time="2050" acceleration="2726"/>
    <motionState vehicle="6" speed="1743" time="2050" acceleration="3153"/>
    <motionState vehicle="7" speed="1746" time="2050" acceleration="3261"/>
    <motionState vehicle="8" speed="1760" time="2050" acceleration="3721"/>
    <motionState vehicle="9" speed="1825" time="2050" acceleration="5224"/>
    <motionState vehicle="10" speed="2051" time="2050" acceleration="8589"/>
    <motionState vehicle="11" speed="2630" time="2050" acceleration="11712"/>
    <motionState vehicle="0" speed="2754" time="2060" acceleration="12051"/>
    <motionState vehicle="1" speed="2747" time="2060" acceleration="11349"/>
    <motionState vehicle="2" speed="2755" time="2060" acceleration="12183"/>
    <motionState vehicle="3" speed="2670" time="2060" acceleration="7846"/>
    <motionState vehicle="4" speed="2769" time="2060" acceleration="13636"/>
    <motionState vehicle="5" speed="2240" time="2060" acceleration="2660"/>
    <motionState vehicle="6" speed="1746" time="2060" acceleration="3125"/>
    <motionState vehicle="7" speed="1749" time="2060" acceleration="3237"/>
    <motionState vehicle="8" speed="1764" time="2060" acceleration="3707"/>
    <motionState vehicle="9" speed="1831" time="2060" acceleration="5228"/>
    <motionState vehicle="10" speed="2060" time="2060" acceleration="8592"/>
    <motionState vehicle="11" speed="2642" time="2060" acceleration="11614"/>
    <motionState vehicle="0" speed="2766" time="2070" acceleration="11943"/>
    <motionState vehicle="1" speed="2758" time="2070" acceleration="11207"/>
    <motionState vehicle="2" speed="2767" time="2070" acceleration="12087"/>
    <motionState vehicle="3" speed="2677" time="2070" acceleration="7689"/>
    <motionState vehicle="4" speed="2783" time="2070" acceleration="13636"/>
    <motionState vehicle="5" speed="2243" time="2070" acceleration="2595"/>
    <motionState vehicle="6" speed="1749" time="2070" acceleration="3098"/>
    <motionState vehicle="7" speed="1752" time="2070" acceleration="3213"/>
    <motionState vehicle="8" speed="1768" time="2070" acceleration="3693"/>
    <motionState vehicle="9" speed="1836" time="2070" acceleration="5231"/>
    <motionState vehicle="10" speed="2069" time="2070" acceleration="8595"/>
    <motionState vehicle="11" speed="2653" time="2070" acceleration="11515"/>
    <motionState vehicle="0" speed="2778" time="2080" acceleration="11836"/>
    <motionState vehicle="1" speed="2769" time="2080" acceleration="11066"/>
    <motionState vehicle="2" speed="2779" time="2080" acceleration="11992"/>
    <motionState vehicle="3" speed="2685" time="2080" acceleration="7533"/>
    <motionState vehicle="4" speed="2797" time="2080" acceleration="13636"/>
    <motionState vehicle="5" speed="2245" time="2080" acceleration="2531"/>
    <motionState vehicle="6" speed="1752" time="2080" acceleration="3071"/>
    <motionState vehicle="7" speed="1755" time="2080" acceleration="3190"/>
    <motionState vehicle="8" speed="1772" time="2080" acceleration="3680"/>
    <motionState vehicle="9" speed="1841" time="2080" acceleration="5236"/>
    <motionState vehicle="10" speed="2077" time="2080" acceleration="8596"/>
    <motionState vehicle="11" speed="2665" time="2080" acceleration="11417"/>
    <motionState vehicle="0" speed="2790" time="2090" acceleration="11730"/>
    <motionState vehicle="1" speed="2780" time="2090" acceleration="10925"/>
    <motionState vehicle="2" speed="2791" time="2090" acceleration="11900"/>
    <motionState vehicle="3" speed="2692" time="2090" acceleration="7379"/>
    <motionState vehicle="4" speed="2810" time="2090" acceleration="13636"/>
    <motionState vehicle="5" speed="2248" time="2090" acceleration="2468"/>
    <motionState vehicle="6" speed="1755" time="2090" acceleration="3045"/>
    <motionState vehicle="7" speed="1758" time="2090" acceleration="3167"/>
    <motionState vehicle="8" speed="1775" time="2090" acceleration="3667"/>
    <motionState vehicle="9" speed="1846" time="2090" acceleration="5240"/>
    <motionState vehicle="10" speed="2086" time="2090" acceleration="8597"/>
    <motionState vehicle="11" speed="2676" time="2090" acceleration="11320"/>
    <motionState vehicle="0" speed="2801" time="2100" acceleration="11625"/>
    <motionState vehicle="1" speed="2791" time="2100" acceleration="10786"/>
    <motionState vehicle="2" speed="2803" time="2100" acceleration="11809"/>
    <motionState vehicle="3" speed="2699" time="2100" acceleration="7227"/>
    <motionState vehicle="4" speed="2824" time="2100" acceleration="13636"/>
    <motionState vehicle="5" speed="2250" time="2100" acceleration="2406"/>
    <motionState vehicle="6" speed="1758" time="2100" acceleration="3019"/>
    <motionState vehicle="7" speed="1762" time="2100" acceleration="3144"/>
    <motionState vehicle="8" speed="1779" time="2100" acceleration="3654"/>
    <motionState vehicle="9" speed="1851" time="2100" acceleration="5245"/>
    <motionState vehicle="10" speed="2094" time="2100" acceleration="8597"/>
    <motionState vehicle="11" speed="2687" time="2100" acceleration="11223"/>
    <motionState vehicle="0" speed="2813" time="2110" acceleration="11521"/>
    <motionState vehicle="1" speed="2802" time="2110" acceleration="10647"/>
    <motionState vehicle="2" speed="2815" time="2110" acceleration="11720"/>
    <motionState vehicle="3" speed="2707" time="2110" acceleration="7077"/>
    <motionState vehicle="4" speed="2838" time="2110" acceleration="13636"/>
    <motionState vehicle="5" speed="2252" time="2110" acceleration="2345"/>
    <motionState vehicle="6" speed="1761" time="2110" acceleration="2993"/>
    <motionState vehicle="7" speed="1765" time="2110" acceleration="3122"/>
    <motionState vehicle="8" speed="1782" time="2110" acceleration="3642"/>
    <motionState vehicle="9" speed="1857" time="2110" acceleration="5250"/>
    <motionState vehicle="10" speed="2103" time="2110" acceleration="8597"/>
    <motionState vehicle="11" speed="2698" time="2110" acceleration="11126"/>
    <motionState vehicle="0" speed="2824" time="2120" acceleration="11418"/>
    <motionState vehicle="1" speed="2812" time="2120" acceleration="10509"/>
    <motionState vehicle="2" speed="2827" time="2120" acceleration="11633"/>
    <motionState vehicle="3" speed="2714" time="2120" acceleration="6928"/>
    <motionState vehicle="4" speed="2851" time="2120" acceleration="13636"/>
    <motionState vehicle="5" speed="2255" time="2120" acceleration="2285"/>
    <motionState vehicle="6" speed="1764" time="2120" acceleration="2967"/>
    <motionState vehicle="7" speed="1768" time="2120" acceleration="3100"/>
    <motionState vehicle="8" speed="1786" time="2120" acceleration="3630"/>
    <motionState vehicle="9" speed="1862" time="2120" acceleration="5255"/>
    <motionState vehicle="10" speed="2112" time="2120" acceleration="8596"/>
    <motionState vehicle="11" speed="2709" time="2120" acceleration="11030"/>
    <motionState vehicle="0" speed="2836" time="2130" acceleration="11316"/>
    <motionState vehicle="1" speed="2823" time="2130" acceleration="10372"/>
    <motionState vehicle="2" speed="2838" time="2130" acceleration="11548"/>
    <motionState vehicle="3" speed="2720" time="2130" acceleration="6781"/>
    <motionState vehicle="4" speed="2865" time="2130" acceleration="13636"/>
    <motionState vehicle="5" speed="2257" time="2130" acceleration="2226"/>
    <motionState vehicle="6" speed="1767" time="2130" acceleration="2941"/>
    <motionState vehicle="7" speed="1771" time="2130" acceleration="3078"/>
    <motionState vehicle="8" speed="1790" time="2130" acceleration="3619"/>
    <motionState vehicle="9" speed="1867" time="2130" acceleration="5260"/>
    <motionState vehicle="10" speed="2120" time="2130" acceleration="8594"/>
    <motionState vehicle="11" speed="2720" time="2130" acceleration="10934"/>
    <motionState vehicle="0" speed="2847" time="2140" acceleration="11216"/>
    <motionState vehicle="1" speed="2833" time="2140" acceleration="10236"/>
    <motionState vehicle="2" speed="2850" time="2140" acceleration="11464"/>
    <motionState vehicle="3" speed="2727" time="2140" acceleration="6636"/>
    <motionState vehicle="4" speed="2878" time="2140" acceleration="13636"/>
    <motionState vehicle="5" speed="2259" time="2140" acceleration="2168"/>
    <motionState vehicle="6" speed="1770" time="2140" acceleration="2916"/>
    <motionState vehicle="7" speed="1774" time="2140" acceleration="3057"/>
    <motionState vehicle="8" speed="1793" time="2140" acceleration="3608"/>
    <motionState vehicle="9" speed="1873" time="2140" acceleration="5265"/>
    <motionState vehicle="10" speed="2129" time="2140" acceleration="8592"/>
    <motionState vehicle="11" speed="2731" time="2140" acceleration="10839"/>
    <motionState vehicle="0" speed="2858" time="2150" acceleration="11116"/>
    <motionState vehicle="1" speed="2843" time="2150" acceleration="10100"/>
    <motionState vehicle="2" speed="2861" time="2150" acceleration="11383"/>
    <motionState vehicle="3" speed="2733" time="2150" acceleration="6492"/>
    <motionState vehicle="4" speed="2892" time="2150" acceleration="13636"/>
    <motionState vehicle="5" speed="2261" time="2150" acceleration="2110"/>
    <motionState vehicle="6" speed="1773" time="2150" acceleration="2891"/>
    <motionState vehicle="7" speed="1777" time="2150" acceleration="3036"/>
    <motionState vehicle="8" speed="1797" time="2150" acceleration="3598"/>
    <motionState vehicle="9" speed="1878" time="2150" acceleration="5271"/>
    <motionState vehicle="10" speed="2137" time="2150" acceleration="8589"/>
    <motionState vehicle="11" speed="2742" time="2150" acceleration="10745"/>
    <motionState vehicle="0" speed="2869" time="2160" acceleration="11018"/>
    <motionState vehicle="1" speed="2853" time="2160" acceleration="9966"/>
    <motionState vehicle="2" speed="2872" time="2160" acceleration="11302"/>
    <motionState vehicle="3" speed="2740" time="2160" acceleration="6351"/>
    <motionState vehicle="4" speed="2906" time="2160" acceleration="13636"/>
    <motionState vehicle="5" speed="2263" time="2160" acceleration="2054"/>
    <motionState vehicle="6" speed="1776" time="2160" acceleration="2867"/>
    <motionState vehicle="7" speed="1780" time="2160" acceleration="3015"/>
    <motionState vehicle="8" speed="1801" time="2160" acceleration="3587"/>
    <motionState vehicle="9" speed="1883" time="2160" acceleration="5277"/>
    <motionState vehicle="10" speed="2146" time="2160" acceleration="8585"/>
    <motionState vehicle="11" speed="2752" time="2160" acceleration="10650"/>
    <motionState vehicle="0" speed="2880" time="2170" acceleration="10921"/>
    <motionState vehicle="1" speed="2863" time="2170" acceleration="9832"/>
    <motionState vehicle="2" speed="2883" time="2170" acceleration="11224"/>
    <motionState vehicle="3" speed="2746" time="2170" acceleration="6211"/>
    <motionState vehicle="4" speed="2919" time="2170" acceleration="13636"/>
    <motionState vehicle="5" speed="2265" time="2170" acceleration="1998"/>
    <motionState vehicle="6" speed="1779" time="2170" acceleration="2842"/>
    <motionState vehicle="7" speed="1783" time="2170" acceleration="2995"/>
    <motionState vehicle="8" speed="1804" time="2170" acceleration="3578"/>
    <motionState vehicle="9" speed="1888" time="2170" acceleration="5283"/>
    <motionState vehicle="10" speed="2155" time="2170" acceleration="8581"/>
    <motionState vehicle="11" speed="2763" time="2170" acceleration="10556"/>
    <motionState vehicle="0" speed="2891" time="2180" acceleration="10825"/>
    <motionState vehicle="1" speed="2872" time="2180" acceleration="9699"/>
    <motionState vehicle="2" speed="2895" time="2180" acceleration="11147"/>
    <motionState vehicle="3" speed="2752" time="2180" acceleration="6072"/>
    <motionState vehicle="4" speed="2933" time="2180" acceleration="13636"/>
    <motionState vehicle="5" speed="2267" time="2180" acceleration="1944"/>
    <motionState vehicle="6" speed="1781" time="2180" acceleration="2818"/>
    <motionState vehicle="7" speed="1786" time="2180" acceleration="2975"/>
    <motionState vehicle="8" speed="1808" time="2180" acceleration="3568"/>
    <motionState vehicle="9" speed="1894" time="2180" acceleration="5289"/>
    <motionState vehicle="10" speed="2163" time="2180" acceleration="8576"/>
    <motionState vehicle="11" speed="2773" time="2180" acceleration="10463"/>
    <motionState vehicle="0" speed="2901" time="2190" acceleration="10729"/>
    <motionState vehicle="1" speed="2882" time="2190" acceleration="9567"/>
    <motionState vehicle="2" speed="2906" time="2190" acceleration="11072"/>
    <motionState vehicle="3" speed="2758" time="2190" acceleration="5935"/>
    <motionState vehicle="4" speed="2947" time="2190" acceleration="13636"/>
    <motionState vehicle="5" speed="2269" time="2190" acceleration="1890"/>
    <motionState vehicle="6" speed="1784" time="2190" acceleration="2795"/>
    <motionState vehicle="7" speed="1789" time="2190" acceleration="2955"/>
    <motionState vehicle="8" speed="1811" time="2190" acceleration="3559"/>
    <motionState vehicle="9" speed="1899" time="2190" acceleration="5295"/>
    <motionState vehicle="10" speed="2172" time="2190" acceleration="8571"/>
    <motionState vehicle="11" speed="2784" time="2190" acceleration="10370"/>
    <motionState vehicle="0" speed="2912" time="2200" acceleration="10635"/>
    <motionState vehicle="1" speed="2891" time="2200" acceleration="9436"/>
    <motionState vehicle="2" speed="2917" time="2200" acceleration="10998"/>
    <motionState vehicle="3" speed="2764" time="2200" acceleration="5800"/>
    <motionState vehicle="4" speed="2960" time="2200" acceleration="13636"/>
    <motionState vehicle="5" speed="2271" time="2200" acceleration="1837"/>
    <motionState vehicle="6" speed="1787" time="2200" acceleration="2771"/>
    <motionState vehicle="7" speed="1792" time="2200" acceleration="2936"/>
    <motionState vehicle="8" speed="1815" time="2200" acceleration="3551"/>
    <motionState vehicle="9" speed="1904" time="2200" acceleration="5302"/>
    <motionState vehicle="10" speed="2180" time="2200" acceleration="8565"/>
    <motionState vehicle="11" speed="2794" time="2200" acceleration="10277"/>
    <motionState vehicle="0" speed="2923" time="2210" acceleration="10542"/>
    <motionState vehicle="1" speed="2901" time="2210" acceleration="9305"/>
    <motionState vehicle="2" speed="2928" time="2210" acceleration="10926"/>
    <motionState vehicle="3" speed="2769" time="2210" acceleration="5666"/>
    <motionState vehicle="4" speed="2974" time="2210" acceleration="13636"/>
    <motionState vehicle="5" speed="2273" time="2210" acceleration="1785"/>
    <motionState vehicle="6" speed="1790" time="2210" acceleration="2748"/>
    <motionState vehicle="7" speed="1795" time="2210" acceleration="2917"/>
    <motionState vehicle="8" speed="1818" time="2210" acceleration="3542"/>
    <motionState vehicle="9" speed="1910" time="2210" acceleration="5308"/>
    <motionState vehicle="10" speed="2189" time="2210" acceleration="8559"/>
    <motionState vehicle="11" speed="2804" time="2210" acceleration="10185"/>
    <motionState vehicle="0" speed="2933" time="2220" acceleration="10451"/>
    <motionState vehicle="1" speed="2910" time="2220" acceleration="9176"/>
    <motionState vehicle="2" speed="2938" time="2220" acceleration="10856"/>
    <motionState vehicle="3" speed="2775" time="2220" acceleration="5535"/>
    <motionState vehicle="4" speed="2988" time="2220" acceleration="13636"/>
    <motionState vehicle="5" speed="2274" time="2220" acceleration="1733"/>
    <motionState vehicle="6" speed="1793" time="2220" acceleration="2725"/>
    <motionState vehicle="7" speed="1798" time="2220" acceleration="2898"/>
    <motionState vehicle="8" speed="1822" time="2220" acceleration="3535"/>
    <motionState vehicle="9" speed="1915" time="2220" acceleration="5315"/>
    <motionState vehicle="10" speed="2197" time="2220" acceleration="8552"/>
    <motionState vehicle="11" speed="2814" time="2220" acceleration="10093"/>
    <motionState vehicle="0" speed="2943" time="2230" acceleration="10360"/>
    <motionState vehicle="1" speed="2919" time="2230" acceleration="9047"/>
    <motionState vehicle="2" speed="2949" time="2230" acceleration="10787"/>
    <motionState vehicle="3" speed="2780" time="2230" acceleration="5404"/>
    <motionState vehicle="4" speed="3001" time="2230" acceleration="13636"/>
    <motionState vehicle="5" speed="2276" time="2230" acceleration="1683"/>
    <motionState vehicle="6" speed="1795" time="2230" acceleration="2702"/>
    <motionState vehicle="7" speed="1801" time="2230" acceleration="2880"/>
    <motionState vehicle="8" speed="1825" time="2230" acceleration="3527"/>
    <motionState vehicle="9" speed="1920" time="2230" acceleration="5322"/>
    <motionState vehicle="10" speed="2206" time="2230" acceleration="8544"/>
    <motionState vehicle="11" speed="2824" time="2230" acceleration="10002"/>
    <motionState vehicle="0" speed="2954" time="2240" acceleration="10270"/>
    <motionState vehicle="1" speed="2928" time="2240" acceleration="8919"/>
    <motionState vehicle="2" speed="2960" time="2240" acceleration="10719"/>
    <motionState vehicle="3" speed="2786" time="2240" acceleration="5275"/>
    <motionState vehicle="4" speed="3015" time="2240" acceleration="13636"/>
    <motionState vehicle="5" speed="2278" time="2240" acceleration="1633"/>
    <motionState vehicle="6" speed="1798" time="2240" acceleration="2680"/>
    <motionState vehicle="7" speed="1803" time="2240" acceleration="2862"/>
    <motionState vehicle="8" speed="1829" time="2240" acceleration="3520"/>
    <motionState vehicle="9" speed="1926" time="2240" acceleration="5329"/>
    <motionState vehicle="10" speed="2214" time="2240" acceleration="8536"/>
    <motionState vehicle="11" speed="2834" time="2240" acceleration="9911"/>
    <motionState vehicle="0" speed="2964" time="2250" acceleration="10181"/>
    <motionState vehicle="1" speed="2937" time="2250" acceleration="8792"/>
    <motionState vehicle="2" speed="2971" time="2250" acceleration="10653"/>
    <motionState vehicle="3" speed="2791" time="2250" acceleration="5148"/>
    <motionState vehicle="4" speed="3028" time="2250" acceleration="13636"/>
    <motionState vehicle="5" speed="2279" time="2250" acceleration="1584"/>
    <motionState vehicle="6" speed="1801" time="2250" acceleration="2657"/>
    <motionState vehicle="7" speed="1806" time="2250" acceleration="2844"/>
    <motionState vehicle="8" speed="1832" time="2250" acceleration="3513"/>
    <motionState vehicle="9" speed="1931" time="2250" acceleration="5336"/>
    <motionState vehicle="10" speed="2223" time="2250" acceleration="8527"/>
    <motionState vehicle="11" speed="2844" time="2250" acceleration="9820"/>
    <motionState vehicle="0" speed="2974" time="2260" acceleration="10094"/>
    <motionState vehicle="1" speed="2945" time="2260" acceleration="8665"/>
    <motionState vehicle="2" speed="2981" time="2260" acceleration="10589"/>
    <motionState vehicle="3" speed="2796" time="2260" acceleration="5022"/>
    <motionState vehicle="4" speed="3042" time="2260" acceleration="13636"/>
    <motionState vehicle="5" speed="2281" time="2260" acceleration="1536"/>
    <motionState vehicle="6" speed="1803" time="2260" acceleration="2636"/>
    <motionState vehicle="7" speed="1809" time="2260" acceleration="2826"/>
    <motionState vehicle="8" speed="1836" time="2260" acceleration="3507"/>
    <motionState vehicle="9" speed="1936" time="2260" acceleration="5343"/>
    <motionState vehicle="10" speed="2231" time="2260" acceleration="8518"/>
    <motionState vehicle="11" speed="2854" time="2260" acceleration="9730"/>
    <motionState vehicle="0" speed="2984" time="2270" acceleration="10007"/>
    <motionState vehicle="1" speed="2954" time="2270" acceleration="8540"/>
    <motionState vehicle="2" speed="2992" time="2270" acceleration="10526"/>
    <motionState vehicle="3" speed="2801" time="2270" acceleration="4898"/>
    <motionState vehicle="4" speed="3056" time="2270" acceleration="13636"/>
    <motionState vehicle="5" speed="2282" time="2270" acceleration="1489"/>
    <motionState vehicle="6" speed="1806" time="2270" acceleration="2614"/>
    <motionState vehicle="7" speed="1812" time="2270" acceleration="2809"/>
    <motionState vehicle="8" speed="1839" time="2270" acceleration="3501"/>
    <motionState vehicle="9" speed="1942" time="2270" acceleration="5350"/>
    <motionState vehicle="10" speed="2240" time="2270" acceleration="8508"/>
    <motionState vehicle="11" speed="2863" time="2270" acceleration="9640"/>
    <motionState vehicle="0" speed="2994" time="2280" acceleration="9921"/>
    <motionState vehicle="1" speed="2962" time="2280" acceleration="8415"/>
    <motionState vehicle="2" speed="3002" time="2280" acceleration="10464"/>
    <motionState vehicle="3" speed="2806" time="2280" acceleration="4776"/>
    <motionState vehicle="4" speed="3069" time="2280" acceleration="13636"/>
    <motionState vehicle="5" speed="2284" time="2280" acceleration="1442"/>
    <motionState vehicle="6" speed="1808" time="2280" acceleration="2592"/>
    <motionState vehicle="7" speed="1815" time="2280" acceleration="2793"/>
    <motionState vehicle="8" speed="1843" time="2280" acceleration="3495"/>
    <motionState vehicle="9" speed="1947" time="2280" acceleration="5357"/>
    <motionState vehicle="10" speed="2248" time="2280" acceleration="8498"/>
    <motionState vehicle="11" speed="2873" time="2280" acceleration="9551"/>
    <motionState vehicle="0" speed="3004" time="2290" acceleration="9837"/>
    <motionState vehicle="1" speed="2971" time="2290" acceleration="8291"/>
    <motionState vehicle="2" speed="3013" time="2290" acceleration="10404"/>
    <motionState vehicle="3" speed="2810" time="2290" acceleration="4654"/>
    <motionState vehicle="4" speed="3083" time="2290" acceleration="13636"/>
    <motionState vehicle="5" speed="2285" time="2290" acceleration="1396"/>
    <motionState vehicle="6" speed="1811" time="2290" acceleration="2571"/>
    <motionState vehicle="7" speed="1818" time="2290" acceleration="2776"/>
    <motionState vehicle="8" speed="1846" time="2290" acceleration="3490"/>
    <motionState vehicle="9" speed="1952" time="2290" acceleration="5364"/>
    <motionState vehicle="10" speed="2257" time="2290" acceleration="8487"/>
    <motionState vehicle="11" speed="2882" time="2290" acceleration="9462"/>
    <motionState vehicle="0" speed="3013" time="2300" acceleration="9753"/>
    <motionState vehicle="1" speed="2979" time="2300" acceleration="8168"/>
    <motionState vehicle="2" speed="3023" time="2300" acceleration="10345"/>
    <motionState vehicle="3" speed="2815" time="2300" acceleration="4535"/>
    <motionState vehicle="4" speed="3097" time="2300" acceleration="13636"/>
    <motionState vehicle="5" speed="2286" time="2300" acceleration="1351"/>
    <motionState vehicle="6" speed="1814" time="2300" acceleration="2550"/>
    <motionState vehicle="7" speed="1820" time="2300" acceleration="2760"/>
    <motionState vehicle="8" speed="1850" time="2300" acceleration="3485"/>
    <motionState vehicle="9" speed="1958" time="2300" acceleration="5372"/>
    <motionState vehicle="10" speed="2265" time="2300" acceleration="8475"/>
    <motionState vehicle="11" speed="2892" time="2300" acceleration="9373"/>
    <motionState vehicle="0" speed="3023" time="2310" acceleration="9671"/>
    <motionState vehicle="1" speed="2987" time="2310" acceleration="8046"/>
    <motionState vehicle="2" speed="3033" time="2310" acceleration="10288"/>
    <motionState vehicle="3" speed="2819" time="2310" acceleration="4417"/>
    <motionState vehicle="4" speed="3110" time="2310" acceleration="13636"/>
    <motionState vehicle="5" speed="2288" time="2310" acceleration="1307"/>
    <motionState vehicle="6" speed="1816" time="2310" acceleration="2530"/>
    <motionState vehicle="7" speed="1823" time="2310" acceleration="2744"/>
    <motionState vehicle="8" speed="1853" time="2310" acceleration="3480"/>
    <motionState vehicle="9" speed="1963" time="2310" acceleration="5379"/>
    <motionState vehicle="10" speed="2274" time="2310" acceleration="8463"/>
    <motionState vehicle="11" speed="2901" time="2310" acceleration="9285"/>
    <motionState vehicle="0" speed="3033" time="2320" acceleration="9590"/>
    <motionState vehicle="1" speed="2995" time="2320" acceleration="7925"/>
    <motionState vehicle="2" speed="3043" time="2320" acceleration="10232"/>
    <motionState vehicle="3" speed="2823" time="2320" acceleration="4300"/>
    <motionState vehicle="4" speed="3124" time="2320" acceleration="13636"/>
    <motionState vehicle="5" speed="2289" time="2320" acceleration="1263"/>
    <motionState vehicle="6" speed="1819" time="2320" acceleration="2509"/>
    <motionState vehicle="7" speed="1826" time="2320" acceleration="2729"/>
    <motionState vehicle="8" speed="1857" time="2320" acceleration="3475"/>
    <motionState vehicle="9" speed="1968" time="2320" acceleration="5387"/>
    <motionState vehicle="10" speed="2282" time="2320" acceleration="8451"/>
    <motionState vehicle="11" speed="2910" time="2320" acceleration="9197"/>
    <motionState vehicle="0" speed="3042" time="2330" acceleration="9509"/>
    <motionState vehicle="1" speed="3003" time="2330" acceleration="7804"/>
    <motionState vehicle="2" speed="3054" time="2330" acceleration="10177"/>
    <motionState vehicle="3" speed="2828" time="2330" acceleration="4185"/>
    <motionState vehicle="4" speed="3138" time="2330" acceleration="13636"/>
    <motionState vehicle="5" speed="2290" time="2330" acceleration="1220"/>
    <motionState vehicle="6" speed="1821" time="2330" acceleration="2489"/>
    <motionState vehicle="7" speed="1828" time="2330" acceleration="2714"/>
    <motionState vehicle="8" speed="1860" time="2330" acceleration="3471"/>
    <motionState vehicle="9" speed="1974" time="2330" acceleration="5394"/>
    <motionState vehicle="10" speed="2291" time="2330" acceleration="8438"/>
    <motionState vehicle="11" speed="2919" time="2330" acceleration="9109"/>
    <motionState vehicle="0" speed="3052" time="2340" acceleration="9430"/>
    <motionState vehicle="1" speed="3010" time="2340" acceleration="7685"/>
    <motionState vehicle="2" speed="3064" time="2340" acceleration="10124"/>
    <motionState vehicle="3" speed="2832" time="2340" acceleration="4071"/>
    <motionState vehicle="4" speed="3151" time="2340" acceleration="13636"/>
    <motionState vehicle="5" speed="2291" time="2340" acceleration="1178"/>
    <motionState vehicle="6" speed="1824" time="2340" acceleration="2469"/>
    <motionState vehicle="7" speed="1831" time="2340" acceleration="2699"/>
    <motionState vehicle="8" speed="1864" time="2340" acceleration="3468"/>
    <motionState vehicle="9" speed="1979" time="2340" acceleration="5401"/>
    <motionState vehicle="10" speed="2299" time="2340" acceleration="8424"/>
    <motionState vehicle="11" speed="2928" time="2340" acceleration="9022"/>
    <motionState vehicle="0" speed="3061" time="2350" acceleration="9352"/>
    <motionState vehicle="1" speed="3018" time="2350" acceleration="7566"/>
    <motionState vehicle="2" speed="3074" time="2350" acceleration="10071"/>
    <motionState vehicle="3" speed="2836" time="2350" acceleration="3958"/>
    <motionState vehicle="4" speed="3165" time="2350" acceleration="13636"/>
    <motionState vehicle="5" speed="2293" time="2350" acceleration="1136"/>
    <motionState vehicle="6" speed="1826" time="2350" acceleration="2449"/>
    <motionState vehicle="7" speed="1834" time="2350" acceleration="2684"/>
    <motionState vehicle="8" speed="1867" time="2350" acceleration="3464"/>
    <motionState vehicle="9" speed="1985" time="2350" acceleration="5409"/>
    <motionState vehicle="10" speed="2308" time="2350" acceleration="8410"/>
    <motionState vehicle="11" speed="2937" time="2350" acceleration="8935"/>
    <motionState vehicle="0" speed="3070" time="2360" acceleration="9274"/>
    <motionState vehicle="1" speed="3025" time="2360" acceleration="7447"/>
    <motionState vehicle="2" speed="3084" time="2360" acceleration="10021"/>
    <motionState vehicle="3" speed="2839" time="2360" acceleration="3847"/>
    <motionState vehicle="4" speed="3178" time="2360" acceleration="13636"/>
    <motionState vehicle="5" speed="2294" time="2360" acceleration="1095"/>
    <motionState vehicle="6" speed="1828" time="2360" acceleration="2430"/>
    <motionState vehicle="7" speed="1837" time="2360" acceleration="2670"/>
    <motionState vehicle="8" speed="1871" time="2360" acceleration="3461"/>
    <motionState vehicle="9" speed="1990" time="2360" acceleration="5416"/>
    <motionState vehicle="10" speed="2316" time="2360" acceleration="8396"/>
    <motionState vehicle="11" speed="2946" time="2360" acceleration="8849"/>
    <motionState vehicle="0" speed="3080" time="2370" acceleration="9198"/>
    <motionState vehicle="1" speed="3033" time="2370" acceleration="7330"/>
    <motionState vehicle="2" speed="3094" time="2370" acceleration="9971"/>
    <motionState vehicle="3" speed="2843" time="2370" acceleration="3738"/>
    <motionState vehicle="4" speed="3192" time="2370" acceleration="13636"/>
    <motionState vehicle="5" speed="2295" time="2370" acceleration="1055"/>
    <motionState vehicle="6" speed="1831" time="2370" acceleration="2411"/>
    <motionState vehicle="7" speed="1839" time="2370" acceleration="2656"/>
    <motionState vehicle="8" speed="1874" time="2370" acceleration="3458"/>
    <motionState vehicle="9" speed="1995" time="2370" acceleration="5424"/>
    <motionState vehicle="10" speed="2324" time="2370" acceleration="8381"/>
    <motionState vehicle="11" speed="2955" time="2370" acceleration="8763"/>
    <motionState vehicle="0" speed="3089" time="2380" acceleration="9123"/>
    <motionState vehicle="1" speed="3040" time="2380" acceleration="7214"/>
    <motionState vehicle="2" speed="3104" time="2380" acceleration="9923"/>
    <motionState vehicle="3" speed="2847" time="2380" acceleration="3629"/>
    <motionState vehicle="4" speed="3206" time="2380" acceleration="13636"/>
    <motionState vehicle="5" speed="2296" time="2380" acceleration="1016"/>
    <motionState vehicle="6" speed="1833" time="2380" acceleration="2392"/>
    <motionState vehicle="7" speed="1842" time="2380" acceleration="2642"/>
    <motionState vehicle="8" speed="1878" time="2380" acceleration="3456"/>
    <motionState vehicle="9" speed="2001" time="2380" acceleration="5431"/>
    <motionState vehicle="10" speed="2333" time="2380" acceleration="8366"/>
    <motionState vehicle="11" speed="2964" time="2380" acceleration="8677"/>
    <motionState vehicle="0" speed="3098" time="2390" acceleration="9048"/>
    <motionState vehicle="1" speed="3047" time="2390" acceleration="7098"/>
    <motionState vehicle="2" speed="3114" time="2390" acceleration="9875"/>
    <motionState vehicle="3" speed="2850" time="2390" acceleration="3523"/>
    <motionState vehicle="4" speed="3219" time="2390" acceleration="13636"/>
    <motionState vehicle="5" speed="2297" time="2390" acceleration="977"/>
    <motionState vehicle="6" speed="1836" time="2390" acceleration="2373"/>
    <motionState vehicle="7" speed="1844" time="2390" acceleration="2629"/>
    <motionState vehicle="8" speed="1881" time="2390" acceleration="3453"/>
    <motionState vehicle="9" speed="2006" time="2390" acceleration="5439"/>
    <motionState vehicle="10" speed="2341" time="2390" acceleration="8350"/>
    <motionState vehicle="11" speed="2972" time="2390" acceleration="8592"/>
    <motionState vehicle="0" speed="3107" time="2400" acceleration="8975"/>
    <motionState vehicle="1" speed="3054" time="2400" acceleration="6983"/>
    <motionState vehicle="2" speed="3123" time="2400" acceleration="9829"/>
    <motionState vehicle="3" speed="2854" time="2400" acceleration="3417"/>
    <motionState vehicle="4" speed="3233" time="2400" acceleration="13636"/>
    <motionState vehicle="5" speed="2298" time="2400" acceleration="939"/>
    <motionState vehicle="6" speed="1838" time="2400" acceleration="2355"/>
    <motionState vehicle="7" speed="1847" time="2400" acceleration="2616"/>
    <motionState vehicle="8" speed="1885" time="2400" acceleration="3451"/>
    <motionState vehicle="9" speed="2012" time="2400" acceleration="5446"/>
    <motionState vehicle="10" speed="2349" time="2400" acceleration="8334"/>
    <motionState vehicle="11" speed="2981" time="2400" acceleration="8507"/>
    <motionState vehicle="0" speed="3116" time="2410" acceleration="8903"/>
    <motionState vehicle="1" speed="3061" time="2410" acceleration="6869"/>
    <motionState vehicle="2" speed="3133" time="2410" acceleration="9785"/>
    <motionState vehicle="3" speed="2857" time="2410" acceleration="3313"/>
    <motionState vehicle="4" speed="3247" time="2410" acceleration="13636"/>
    <motionState vehicle="5" speed="2299" time="2410" acceleration="902"/>
    <motionState vehicle="6" speed="1840" time="2410" acceleration="2337"/>
    <motionState vehicle="7" speed="1850" time="2410" acceleration="2603"/>
    <motionState vehicle="8" speed="1888" time="2410" acceleration="3450"/>
    <motionState vehicle="9" speed="2017" time="2410" acceleration="5454"/>
    <motionState vehicle="10" speed="2358" time="2410" acceleration="8317"/>
    <motionState vehicle="11" speed="2989" time="2410" acceleration="8423"/>
    <motionState vehicle="0" speed="3124" time="2420" acceleration="8832"/>
    <motionState vehicle="1" speed="3067" time="2420" acceleration="6756"/>
    <motionState vehicle="2" speed="3143" time="2420" acceleration="9741"/>
    <motionState vehicle="3" speed="2860" time="2420" acceleration="3210"/>
    <motionState vehicle="4" speed="3260" time="2420" acceleration="13636"/>
    <motionState vehicle="5" speed="2299" time="2420" acceleration="865"/>
    <motionState vehicle="6" speed="1843" time="2420" acceleration="2319"/>
    <motionState vehicle="7" speed="1852" time="2420" acceleration="2590"/>
    <motionState vehicle="8" speed="1891" time="2420" acceleration="3448"/>
    <motionState vehicle="9" speed="2023" time="2420" acceleration="5461"/>
    <motionState vehicle="10" speed="2366" time="2420" acceleration="8300"/>
    <motionState vehicle="11" speed="2998" time="2420" acceleration="8338"/>
    <motionState vehicle="0" speed="3133" time="2430" acceleration="8761"/>
    <motionState vehicle="1" speed="3074" time="2430" acceleration="6643"/>
    <motionState vehicle="2" speed="3153" time="2430" acceleration="9699"/>
    <motionState vehicle="3" speed="2863" time="2430" acceleration="3109"/>
    <motionState vehicle="4" speed="3274" time="2430" acceleration="13636"/>
    <motionState vehicle="5" speed="2300" time="2430" acceleration="829"/>
    <motionState vehicle="6" speed="1845" time="2430" acceleration="2301"/>
    <motionState vehicle="7" speed="1855" time="2430" acceleration="2578"/>
    <motionState vehicle="8" speed="1895" time="2430" acceleration="3447"/>
    <motionState vehicle="9" speed="2028" time="2430" acceleration="5468"/>
    <motionState vehicle="10" speed="2374" time="2430" acceleration="8282"/>
    <motionState vehicle="11" speed="3006" time="2430" acceleration="8255"/>
    <motionState vehicle="0" speed="3142" time="2440" acceleration="8692"/>
    <motionState vehicle="1" speed="3081" time="2440" acceleration="6532"/>
    <motionState vehicle="2" speed="3162" time="2440" acceleration="9657"/>
    <motionState vehicle="3" speed="2866" time="2440" acceleration="3008"/>
    <motionState vehicle="4" speed="3288" time="2440" acceleration="13636"/>
    <motionState vehicle="5" speed="2301" time="2440" acceleration="793"/>
    <motionState vehicle="6" speed="1847" time="2440" acceleration="2283"/>
    <motionState vehicle="7" speed="1857" time="2440" acceleration="2566"/>
    <motionState vehicle="8" speed="1898" time="2440" acceleration="3446"/>
    <motionState vehicle="9" speed="2034" time="2440" acceleration="5476"/>
    <motionState vehicle="10" speed="2383" time="2440" acceleration="8264"/>
    <motionState vehicle="11" speed="3014" time="2440" acceleration="8171"/>
    <motionState vehicle="0" speed="3150" time="2450" acceleration="8623"/>
    <motionState vehicle="1" speed="3087" time="2450" acceleration="6421"/>
    <motionState vehicle="2" speed="3172" time="2450" acceleration="9617"/>
    <motionState vehicle="3" speed="2869" time="2450" acceleration="2910"/>
    <motionState vehicle="4" speed="3301" time="2450" acceleration="13636"/>
    <motionState vehicle="5" speed="2302" time="2450" acceleration="758"/>
    <motionState vehicle="6" speed="1849" time="2450" acceleration="2266"/>
    <motionState vehicle="7" speed="1860" time="2450" acceleration="2555"/>
    <motionState vehicle="8" speed="1902" time="2450" acceleration="3446"/>
    <motionState vehicle="9" speed="2039" time="2450" acceleration="5483"/>
    <motionState vehicle="10" speed="2391" time="2450" acceleration="8245"/>
    <motionState vehicle="11" speed="3022" time="2450" acceleration="8088"/>
    <motionState vehicle="0" speed="3159" time="2460" acceleration="8556"/>
    <motionState vehicle="1" speed="3093" time="2460" acceleration="6311"/>
    <motionState vehicle="2" speed="3182" time="2460" acceleration="9578"/>
    <motionState vehicle="3" speed="2872" time="2460" acceleration="2812"/>
    <motionState vehicle="4" speed="3315" time="2460" acceleration="13636"/>
    <motionState vehicle="5" speed="2303" time="2460" acceleration="724"/>
    <motionState vehicle="6" speed="1852" time="2460" acceleration="2249"/>
    <motionState vehicle="7" speed="1862" time="2460" acceleration="2543"/>
    <motionState vehicle="8" speed="1905" time="2460" acceleration="3445"/>
    <motionState vehicle="9" speed="2045" time="2460" acceleration="5490"/>
    <motionState vehicle="10" speed="2399" time="2460" acceleration="8226"/>
    <motionState vehicle="11" speed="3030" time="2460" acceleration="8005"/>
    <motionState vehicle="0" speed="3168" time="2470" acceleration="8490"/>
    <motionState vehicle="1" speed="3100" time="2470" acceleration="6201"/>
    <motionState vehicle="2" speed="3191" time="2470" acceleration="9540"/>
    <motionState vehicle="3" speed="2875" time="2470" acceleration="2716"/>
    <motionState vehicle="4" speed="3328" time="2470" acceleration="13636"/>
    <motionState vehicle="5" speed="2303" time="2470" acceleration="690"/>
    <motionState vehicle="6" speed="1854" time="2470" acceleration="2232"/>
    <motionState vehicle="7" speed="1865" time="2470" acceleration="2532"/>
    <motionState vehicle="8" speed="1909" time="2470" acceleration="3445"/>
    <motionState vehicle="9" speed="2050" time="2470" acceleration="5498"/>
    <motionState vehicle="10" speed="2407" time="2470" acceleration="8207"/>
    <motionState vehicle="11" speed="3038" time="2470" acceleration="7923"/>
    <motionState vehicle="0" speed="3176" time="2480" acceleration="8424"/>
    <motionState vehicle="1" speed="3106" time="2480" acceleration="6093"/>
    <motionState vehicle="2" speed="3201" time="2480" acceleration="9503"/>
    <motionState vehicle="3" speed="2877" time="2480" acceleration="2621"/>
    <motionState vehicle="4" speed="3342" time="2480" acceleration="13636"/>
    <motionState vehicle="5" speed="2304" time="2480" acceleration="657"/>
    <motionState vehicle="6" speed="1856" time="2480" acceleration="2216"/>
    <motionState vehicle="7" speed="1868" time="2480" acceleration="2522"/>
    <motionState vehicle="8" speed="1912" time="2480" acceleration="3446"/>
    <motionState vehicle="9" speed="2056" time="2480" acceleration="5505"/>
    <motionState vehicle="10" speed="2415" time="2480" acceleration="8187"/>
    <motionState vehicle="11" speed="3046" time="2480" acceleration="7841"/>
    <motionState vehicle="0" speed="3184" time="2490" acceleration="8360"/>
    <motionState vehicle="1" speed="3112" time="2490" acceleration="5985"/>
    <motionState vehicle="2" speed="3210" time="2490" acceleration="9467"/>
    <motionState vehicle="3" speed="2880" time="2490" acceleration="2527"/>
    <motionState vehicle="4" speed="3356" time="2490" acceleration="13636"/>
    <motionState vehicle="5" speed="2304" time="2490" acceleration="625"/>
    <motionState vehicle="6" speed="1858" time="2490" acceleration="2199"/>
    <motionState vehicle="7" speed="1870" time="2490" acceleration="2511"/>
    <motionState vehicle="8" speed="1916" time="2490" acceleration="3446"/>
    <motionState vehicle="9" speed="2061" time="2490" acceleration="5512"/>
    <motionState vehicle="10" speed="2424" time="2490" acceleration="8167"/>
    <motionState vehicle="11" speed="3054" time="2490" acceleration="7759"/>
    <motionState vehicle="0" speed="3193" time="2500" acceleration="8296"/>
    <motionState vehicle="1" speed="3118" time="2500" acceleration="5878"/>
    <motionState vehicle="2" speed="3219" time="2500" acceleration="9432"/>
    <motionState vehicle="3" speed="2882" time="2500" acceleration="2434"/>
    <motionState vehicle="4" speed="3369" time="2500" acceleration="13636"/>
    <motionState vehicle="5" speed="2305" time="2500" acceleration="593"/>
    <motionState vehicle="6" speed="1861" time="2500" acceleration="2183"/>
    <motionState vehicle="7" speed="1873" time="2500" acceleration="2501"/>
    <motionState vehicle="8" speed="1919" time="2500" acceleration="3447"/>
    <motionState vehicle="9" speed="2067" time="2500" acceleration="5519"/>
    <motionState vehicle="10" speed="2432" time="2500" acceleration="8146"/>
    <motionState vehicle="11" speed="3061" time="2500" acceleration="7678"/>
    <motionState vehicle="0" speed="3201" time="2510" acceleration="8233"/>
    <motionState vehicle="1" speed="3123" time="2510" acceleration="5772"/>
    <motionState vehicle="2" speed="3229" time="2510" acceleration="9398"/>
    <motionState vehicle="3" speed="2885" time="2510" acceleration="2343"/>
    <motionState vehicle="4" speed="3383" time="2510" acceleration="13636"/>
    <motionState vehicle="5" speed="2306" time="2510" acceleration="561"/>
    <motionState vehicle="6" speed="1863" time="2510" acceleration="2167"/>
    <motionState vehicle="7" speed="1875" time="2510" acceleration="2491"/>
    <motionState vehicle="8" speed="1922" time="2510" acceleration="3448"/>
    <motionState vehicle="9" speed="2072" time="2510" acceleration="5526"/>
    <motionState vehicle="10" speed="2440" time="2510" acceleration="8125"/>
    <motionState vehicle="11" speed="3069" time="2510" acceleration="7597"/>
    <motionState vehicle="0" speed="3209" time="2520" acceleration="8172"/>
    <motionState vehicle="1" speed="3129" time="2520" acceleration="5667"/>
    <motionState vehicle="2" speed="3238" time="2520" acceleration="9365"/>
    <motionState vehicle="3" speed="2887" time="2520" acceleration="2253"/>
    <motionState vehicle="4" speed="3397" time="2520" acceleration="13636"/>
    <motionState vehicle="5" speed="2306" time="2520" acceleration="531"/>
    <motionState vehicle="6" speed="1865" time="2520" acceleration="2152"/>
    <motionState vehicle="7" speed="1878" time="2520" acceleration="2481"/>
    <motionState vehicle="8" speed="1926" time="2520" acceleration="3449"/>
    <motionState vehicle="9" speed="2078" time="2520" acceleration="5532"/>
    <motionState vehicle="10" speed="2448" time="2520" acceleration="8103"/>
    <motionState vehicle="11" speed="3076" time="2520" acceleration="7516"/>
    <motionState vehicle="0" speed="3217" time="2530" acceleration="8111"/>
    <motionState vehicle="1" speed="3135" time="2530" acceleration="5562"/>
    <motionState vehicle="2" speed="3248" time="2530" acceleration="9333"/>
    <motionState vehicle="3" speed="2889" time="2530" acceleration="2164"/>
    <motionState vehicle="4" speed="3410" time="2530" acceleration="13636"/>
    <motionState vehicle="5" speed="2307" time="2530" acceleration="500"/>
    <motionState vehicle="6" speed="1867" time="2530" acceleration="2136"/>
    <motionState vehicle="7" speed="1880" time="2530" acceleration="2472"/>
    <motionState vehicle="8" speed="1929" time="2530" acceleration="3450"/>
    <motionState vehicle="9" speed="2083" time="2530" acceleration="5539"/>
    <motionState vehicle="10" speed="2456" time="2530" acceleration="8081"/>
    <motionState vehicle="11" speed="3084" time="2530" acceleration="7435"/>
    <motionState vehicle="0" speed="3225" time="2540" acceleration="8051"/>
    <motionState vehicle="1" speed="3140" time="2540" acceleration="5458"/>
    <motionState vehicle="2" speed="3257" time="2540" acceleration="9302"/>
    <motionState vehicle="3" speed="2891" time="2540" acceleration="2076"/>
    <motionState vehicle="4" speed="3424" time="2540" acceleration="13636"/>
    <motionState vehicle="5" speed="2307" time="2540" acceleration="471"/>
    <motionState vehicle="6" speed="1869" time="2540" acceleration="2121"/>
    <motionState vehicle="7" speed="1882" time="2540" acceleration="2463"/>
    <motionState vehicle="8" speed="1933" time="2540" acceleration="3452"/>
    <motionState vehicle="9" speed="2089" time="2540" acceleration="5546"/>
    <motionState vehicle="10" speed="2464" time="2540" acceleration="8059"/>
    <motionState vehicle="11" speed="3091" time="2540" acceleration="7355"/>
    <motionState vehicle="0" speed="3233" time="2550" acceleration="7992"/>
    <motionState vehicle="1" speed="3145" time="2550" acceleration="5355"/>
    <motionState vehicle="2" speed="3266" time="2550" acceleration="9272"/>
    <motionState vehicle="3" speed="2893" time="2550" acceleration="1989"/>
    <motionState vehicle="4" speed="3438" time="2550" acceleration="13636"/>
    <motionState vehicle="5" speed="2308" time="2550" acceleration="442"/>
    <motionState vehicle="6" speed="1871" time="2550" acceleration="2106"/>
    <motionState vehicle="7" speed="1885" time="2550" acceleration="2454"/>
    <motionState vehicle="8" speed="1936" time="2550" acceleration="3454"/>
    <motionState vehicle="9" speed="2094" time="2550" acceleration="5552"/>
    <motionState vehicle="10" speed="2472" time="2550" acceleration="8036"/>
    <motionState vehicle="11" speed="3098" time="2550" acceleration="7276"/>
    <motionState vehicle="0" speed="3241" time="2560" acceleration="7934"/>
    <motionState vehicle="1" speed="3151" time="2560" acceleration="5253"/>
    <motionState vehicle="2" speed="3275" time="2560" acceleration="9243"/>
    <motionState vehicle="3" speed="2895" time="2560" acceleration="1904"/>
    <motionState vehicle="4" speed="3451" time="2560" acceleration="13636"/>
    <motionState vehicle="5" speed="2308" time="2560" acceleration="413"/>
    <motionState vehicle="6" speed="1873" time="2560" acceleration="2092"/>
    <motionState vehicle="7" speed="1887" time="2560" acceleration="2446"/>
    <motionState vehicle="8" speed="1940" time="2560" acceleration="3456"/>
    <motionState vehicle="9" speed="2100" time="2560" acceleration="5559"/>
    <motionState vehicle="10" speed="2480" time="2560" acceleration="8013"/>
    <motionState vehicle="11" speed="3106" time="2560" acceleration="7196"/>
    <motionState vehicle="0" speed="3249" time="2570" acceleration="7877"/>
    <motionState vehicle="1" speed="3156" time="2570" acceleration="5152"/>
    <motionState vehicle="2" speed="3285" time="2570" acceleration="9215"/>
    <motionState vehicle="3" speed="2897" time="2570" acceleration="1820"/>
    <motionState vehicle="4" speed="3465" time="2570" acceleration="13636"/>
    <motionState vehicle="5" speed="2308" time="2570" acceleration="385"/>
    <motionState vehicle="6" speed="1875" time="2570" acceleration="2077"/>
    <motionState vehicle="7" speed="1890" time="2570" acceleration="2437"/>
    <motionState vehicle="8" speed="1943" time="2570" acceleration="3458"/>
    <motionState vehicle="9" speed="2105" time="2570" acceleration="5565"/>
    <motionState vehicle="10" speed="2488" time="2570" acceleration="7990"/>
    <motionState vehicle="11" speed="3113" time="2570" acceleration="7117"/>
    <motionState vehicle="0" speed="3257" time="2580" acceleration="7821"/>
    <motionState vehicle="1" speed="3161" time="2580" acceleration="5051"/>
    <motionState vehicle="2" speed="3294" time="2580" acceleration="9188"/>
    <motionState vehicle="3" speed="2899" time="2580" acceleration="1737"/>
    <motionState vehicle="4" speed="3478" time="2580" acceleration="13636"/>
    <motionState vehicle="5" speed="2309" time="2580" acceleration="358"/>
    <motionState vehicle="6" speed="1877" time="2580" acceleration="2063"/>
    <motionState vehicle="7" speed="1892" time="2580" acceleration="2429"/>
    <motionState vehicle="8" speed="1947" time="2580" acceleration="3460"/>
    <motionState vehicle="9" speed="2111" time="2580" acceleration="5571"/>
    <motionState vehicle="10" speed="2496" time="2580" acceleration="7966"/>
    <motionState vehicle="11" speed="3120" time="2580" acceleration="7039"/>
    <motionState vehicle="0" speed="3265" time="2590" acceleration="7765"/>
    <motionState vehicle="1" speed="3166" time="2590" acceleration="4951"/>
    <motionState vehicle="2" speed="3303" time="2590" acceleration="9162"/>
    <motionState vehicle="3" speed="2900" time="2590" acceleration="1655"/>
    <motionState vehicle="4" speed="3492" time="2590" acceleration="13636"/>
    <motionState vehicle="5" speed="2309" time="2590" acceleration="331"/>
    <motionState vehicle="6" speed="1879" time="2590" acceleration="2049"/>
    <motionState vehicle="7" speed="1895" time="2590" acceleration="2421"/>
    <motionState vehicle="8" speed="1950" time="2590" acceleration="3463"/>
    <motionState vehicle="9" speed="2117" time="2590" acceleration="5578"/>
    <motionState vehicle="10" speed="2504" time="2590" acceleration="7942"/>
    <motionState vehicle="11" speed="3127" time="2590" acceleration="6960"/>
    <motionState vehicle="0" speed="3272" time="2600" acceleration="7711"/>
    <motionState vehicle="1" speed="3171" time="2600" acceleration="4852"/>
    <motionState vehicle="2" speed="3312" time="2600" acceleration="9136"/>
    <motionState vehicle="3" speed="2902" time="2600" acceleration="1574"/>
    <motionState vehicle="4" speed="3506" time="2600" acceleration="13636"/>
    <motionState vehicle="5" speed="2309" time="2600" acceleration="304"/>
    <motionState vehicle="6" speed="1882" time="2600" acceleration="2035"/>
    <motionState vehicle="7" speed="1897" time="2600" acceleration="2414"/>
    <motionState vehicle="8" speed="1954" time="2600" acceleration="3466"/>
    <motionState vehicle="9" speed="2122" time="2600" acceleration="5584"/>
    <motionState vehicle="10" speed="2512" time="2600" acceleration="7918"/>
    <motionState vehicle="11" speed="3134" time="2600" acceleration="6882"/>
    <motionState vehicle="0" speed="3280" time="2610" acceleration="7658"/>
    <motionState vehicle="1" speed="3175" time="2610" acceleration="4754"/>
    <motionState vehicle="2" speed="3321" time="2610" acceleration="9112"/>
    <motionState vehicle="3" speed="2903" time="2610" acceleration="1494"/>
    <motionState vehicle="4" speed="3519" time="2610" acceleration="13636"/>
    <motionState vehicle="5" speed="2310" time="2610" acceleration="278"/>
    <motionState vehicle="6" speed="1884" time="2610" acceleration="2021"/>
    <motionState vehicle="7" speed="1899" time="2610" acceleration="2407"/>
    <motionState vehicle="8" speed="1957" time="2610" acceleration="3469"/>
    <motionState vehicle="9" speed="2128" time="2610" acceleration="5590"/>
    <motionState vehicle="10" speed="2520" time="2610" acceleration="7893"/>
    <motionState vehicle="11" speed="3140" time="2610" acceleration="6805"/>
    <motionState vehicle="0" speed="3288" time="2620" acceleration="7605"/>
    <motionState vehicle="1" speed="3180" time="2620" acceleration="4656"/>
    <motionState vehicle="2" speed="3330" time="2620" acceleration="9088"/>
    <motionState vehicle="3" speed="2905" time="2620" acceleration="1415"/>
    <motionState vehicle="4" speed="3533" time="2620" acceleration="13636"/>
    <motionState vehicle="5" speed="2310" time="2620" acceleration="253"/>
    <motionState vehicle="6" speed="1886" time="2620" acceleration="2008"/>
    <motionState vehicle="7" speed="1902" time="2620" acceleration="2400"/>
    <motionState vehicle="8" speed="1960" time="2620" acceleration="3472"/>
    <motionState vehicle="9" speed="2133" time="2620" acceleration="5595"/>
    <motionState vehicle="10" speed="2528" time="2620" acceleration="7867"/>
    <motionState vehicle="11" speed="3147" time="2620" acceleration="6727"/>
    <motionState vehicle="0" speed="3295" time="2630" acceleration="7553"/>
    <motionState vehicle="1" speed="3185" time="2630" acceleration="4559"/>
    <motionState vehicle="2" speed="3339" time="2630" acceleration="9065"/>
    <motionState vehicle="3" speed="2906" time="2630" acceleration="1338"/>
    <motionState vehicle="4" speed="3547" time="2630" acceleration="13636"/>
    <motionState vehicle="5" speed="2310" time="2630" acceleration="228"/>
    <motionState vehicle="6" speed="1888" time="2630" acceleration="1995"/>
    <motionState vehicle="7" speed="1904" time="2630" acceleration="2393"/>
    <motionState vehicle="8" speed="1964" time="2630" acceleration="3476"/>
    <motionState vehicle="9" speed="2139" time="2630" acceleration="5601"/>
    <motionState vehicle="10" speed="2536" time="2630" acceleration="7842"/>
    <motionState vehicle="11" speed="3154" time="2630" acceleration="6650"/>
    <motionState vehicle="0" speed="3303" time="2640" acceleration="7502"/>
    <motionState vehicle="1" speed="3189" time="2640" acceleration="4463"/>
    <motionState vehicle="2" speed="3348" time="2640" acceleration="9043"/>
    <motionState vehicle="3" speed="2907" time="2640" acceleration="1262"/>
    <motionState vehicle="4" speed="3560" time="2640" acceleration="13636"/>
    <motionState vehicle="5" speed="2310" time="2640" acceleration="203"/>
    <motionState vehicle="6" speed="1890" time="2640" acceleration="1982"/>
    <motionState vehicle="7" speed="1907" time="2640" acceleration="2387"/>
    <motionState vehicle="8" speed="1967" time="2640" acceleration="3479"/>
    <motionState vehicle="9" speed="2145" time="2640" acceleration="5606"/>
    <motionState vehicle="10" speed="2543" time="2640" acceleration="7816"/>
    <motionState vehicle="11" speed="3160" time="2640" acceleration="6574"/>
    <motionState vehicle="0" speed="3310" time="2650" acceleration="7452"/>
    <motionState vehicle="1" speed="3193" time="2650" acceleration="4368"/>
    <motionState vehicle="2" speed="3357" time="2650" acceleration="9022"/>
    <motionState vehicle="3" speed="2909" time="2650" acceleration="1186"/>
    <motionState vehicle="4" speed="3574" time="2650" acceleration="13636"/>
    <motionState vehicle="5" speed="2311" time="2650" acceleration="180"/>
    <motionState vehicle="6" speed="1892" time="2650" acceleration="1969"/>
    <motionState vehicle="7" speed="1909" time="2650" acceleration="2380"/>
    <motionState vehicle="8" speed="1971" time="2650" acceleration="3483"/>
    <motionState vehicle="9" speed="2150" time="2650" acceleration="5612"/>
    <motionState vehicle="10" speed="2551" time="2650" acceleration="7790"/>
    <motionState vehicle="11" speed="3167" time="2650" acceleration="6497"/>
    <motionState vehicle="0" speed="3317" time="2660" acceleration="7403"/>
    <motionState vehicle="1" speed="3198" time="2660" acceleration="4274"/>
    <motionState vehicle="2" speed="3366" time="2660" acceleration="9002"/>
    <motionState vehicle="3" speed="2910" time="2660" acceleration="1112"/>
    <motionState vehicle="4" speed="3588" time="2660" acceleration="13636"/>
    <motionState vehicle="5" speed="2311" time="2660" acceleration="156"/>
    <motionState vehicle="6" speed="1893" time="2660" acceleration="1956"/>
    <motionState vehicle="7" speed="1911" time="2660" acceleration="2374"/>
    <motionState vehicle="8" speed="1974" time="2660" acceleration="3487"/>
    <motionState vehicle="9" speed="2156" time="2660" acceleration="5617"/>
    <motionState vehicle="10" speed="2559" time="2660" acceleration="7763"/>
    <motionState vehicle="11" speed="3173" time="2660" acceleration="6421"/>
    <motionState vehicle="0" speed="3325" time="2670" acceleration="7355"/>
    <motionState vehicle="1" speed="3202" time="2670" acceleration="4180"/>
    <motionState vehicle="2" speed="3375" time="2670" acceleration="8982"/>
    <motionState vehicle="3" speed="2911" time="2670" acceleration="1039"/>
    <motionState vehicle="4" speed="3601" time="2670" acceleration="13636"/>
    <motionState vehicle="5" speed="2311" time="2670" acceleration="133"/>
    <motionState vehicle="6" speed="1895" time="2670" acceleration="1944"/>
    <motionState vehicle="7" speed="1914" time="2670" acceleration="2369"/>
    <motionState vehicle="8" speed="1978" time="2670" acceleration="3491"/>
    <motionState vehicle="9" speed="2161" time="2670" acceleration="5622"/>
    <motionState vehicle="10" speed="2567" time="2670" acceleration="7736"/>
    <motionState vehicle="11" speed="3180" time="2670" acceleration="6346"/>
    <motionState vehicle="0" speed="3332" time="2680" acceleration="7307"/>
    <motionState vehicle="1" speed="3206" time="2680" acceleration="4087"/>
    <motionState vehicle="2" speed="3384" time="2680" acceleration="8963"/>
    <motionState vehicle="3" speed="2912" time="2680" acceleration="966"/>
    <motionState vehicle="4" speed="3615" time="2680" acceleration="13636"/>
    <motionState vehicle="5" speed="2311" time="2680" acceleration="111"/>
    <motionState vehicle="6" speed="1897" time="2680" acceleration="1932"/>
    <motionState vehicle="7" speed="1916" time="2680" acceleration="2363"/>
    <motionState vehicle="8" speed="1981" time="2680" acceleration="3496"/>
    <motionState vehicle="9" speed="2167" time="2680" acceleration="5627"/>
    <motionState vehicle="10" speed="2574" time="2680" acceleration="7709"/>
    <motionState vehicle="11" speed="3186" time="2680" acceleration="6270"/>
    <motionState vehicle="0" speed="3339" time="2690" acceleration="7261"/>
    <motionState vehicle="1" speed="3210" time="2690" acceleration="3995"/>
    <motionState vehicle="2" speed="3393" time="2690" acceleration="8945"/>
    <motionState vehicle="3" speed="2913" time="2690" acceleration="895"/>
    <motionState vehicle="4" speed="3628" time="2690" acceleration="13636"/>
    <motionState vehicle="5" speed="2311" time="2690" acceleration="89"/>
    <motionState vehicle="6" speed="1899" time="2690" acceleration="1920"/>
    <motionState vehicle="7" speed="1918" time="2690" acceleration="2358"/>
    <motionState vehicle="8" speed="1985" time="2690" acceleration="3500"/>
    <motionState vehicle="9" speed="2173" time="2690" acceleration="5632"/>
    <motionState vehicle="10" speed="2582" time="2690" acceleration="7681"/>
    <motionState vehicle="11" speed="3192" time="2690" acceleration="6195"/>
    <motionState vehicle="0" speed="3347" time="2700" acceleration="7215"/>
    <motionState vehicle="1" speed="3214" time="2700" acceleration="3903"/>
    <motionState vehicle="2" speed="3402" time="2700" acceleration="8928"/>
    <motionState vehicle="3" speed="2913" time="2700" acceleration="825"/>
    <motionState vehicle="4" speed="3642" time="2700" acceleration="13636"/>
    <motionState vehicle="5" speed="2311" time="2700" acceleration="67"/>
    <motionState vehicle="6" speed="1901" time="2700" acceleration="1908"/>
    <motionState vehicle="7" speed="1921" time="2700" acceleration="2353"/>
    <motionState vehicle="8" speed="1988" time="2700" acceleration="3505"/>
    <motionState vehicle="9" speed="2178" time="2700" acceleration="5637"/>
    <motionState vehicle="10" speed="2590" time="2700" acceleration="7653"/>
    <motionState vehicle="11" speed="3198" time="2700" acceleration="6121"/>
    <motionState vehicle="0" speed="3354" time="2710" acceleration="7170"/>
    <motionState vehicle="1" speed="3218" time="2710" acceleration="3812"/>
    <motionState vehicle="2" speed="3411" time="2710" acceleration="8911"/>
    <motionState vehicle="3" speed="2914" time="2710" acceleration="756"/>
    <motionState vehicle="4" speed="3656" time="2710" acceleration="13636"/>
    <motionState vehicle="5" speed="2311" time="2710" acceleration="46"/>
    <motionState vehicle="6" speed="1903" time="2710" acceleration="1897"/>
    <motionState vehicle="7" speed="1923" time="2710" acceleration="2348"/>
    <motionState vehicle="8" speed="1992" time="2710" acceleration="3510"/>
    <motionState vehicle="9" speed="2184" time="2710" acceleration="5641"/>
    <motionState vehicle="10" speed="2597" time="2710" acceleration="7625"/>
    <motionState vehicle="11" speed="3204" time="2710" acceleration="6046"/>
    <motionState vehicle="0" speed="3361" time="2720" acceleration="7126"/>
    <motionState vehicle="1" speed="3221" time="2720" acceleration="3722"/>
    <motionState vehicle="2" speed="3420" time="2720" acceleration="8895"/>
    <motionState vehicle="3" speed="2915" time="2720" acceleration="688"/>
    <motionState vehicle="4" speed="3669" time="2720" acceleration="13636"/>
    <motionState vehicle="5" speed="2311" time="2720" acceleration="25"/>
    <motionState vehicle="6" speed="1905" time="2720" acceleration="1885"/>
    <motionState vehicle="7" speed="1926" time="2720" acceleration="2343"/>
    <motionState vehicle="8" speed="1995" time="2720" acceleration="3514"/>
    <motionState vehicle="9" speed="2190" time="2720" acceleration="5645"/>
    <motionState vehicle="10" speed="2605" time="2720" acceleration="7597"/>
    <motionState vehicle="11" speed="3210" time="2720" acceleration="5972"/>
    <motionState vehicle="0" speed="3368" time="2730" acceleration="7082"/>
    <motionState vehicle="1" speed="3225" time="2730" acceleration="3633"/>
    <motionState vehicle="2" speed="3429" time="2730" acceleration="8880"/>
    <motionState vehicle="3" speed="2916" time="2730" acceleration="621"/>
    <motionState vehicle="4" speed="3683" time="2730" acceleration="13636"/>
    <motionState vehicle="5" speed="2311" time="2730" acceleration="5"/>
    <motionState vehicle="6" speed="1907" time="2730" acceleration="1874"/>
    <motionState vehicle="7" speed="1928" time="2730" acceleration="2339"/>
    <motionState vehicle="8" speed="1999" time="2730" acceleration="3520"/>
    <motionState vehicle="9" speed="2195" time="2730" acceleration="5650"/>
    <motionState vehicle="10" speed="2613" time="2730" acceleration="7568"/>
    <motionState vehicle="11" speed="3216" time="2730" acceleration="5898"/>
    <motionState vehicle="0" speed="3375" time="2740" acceleration="7040"/>
    <motionState vehicle="1" speed="3229" time="2740" acceleration="3544"/>
    <motionState vehicle="2" speed="3438" time="2740" acceleration="8866"/>
    <motionState vehicle="3" speed="2916" time="2740" acceleration="554"/>
    <motionState vehicle="4" speed="3697" time="2740" acceleration="13636"/>
    <motionState vehicle="5" speed="2311" time="2740" acceleration="-14"/>
    <motionState vehicle="6" speed="1909" time="2740" acceleration="1863"/>
    <motionState vehicle="7" speed="1930" time="2740" acceleration="2335"/>
    <motionState vehicle="8" speed="2002" time="2740" acceleration="3525"/>
    <motionState vehicle="9" speed="2201" time="2740" acceleration="5654"/>
    <motionState vehicle="10" speed="2620" time="2740" acceleration="7539"/>
    <motionState vehicle="11" speed="3222" time="2740" acceleration="5825"/>
    <motionState vehicle="0" speed="3382" time="2750" acceleration="6998"/>
    <motionState vehicle="1" speed="3232" time="2750" acceleration="3457"/>
    <motionState vehicle="2" speed="3447" time="2750" acceleration="8852"/>
    <motionState vehicle="3" speed="2917" time="2750" acceleration="489"/>
    <motionState vehicle="4" speed="3710" time="2750" acceleration="13636"/>
    <motionState vehicle="5" speed="2311" time="2750" acceleration="-33"/>
    <motionState vehicle="6" speed="1911" time="2750" acceleration="1853"/>
    <motionState vehicle="7" speed="1933" time="2750" acceleration="2331"/>
    <motionState vehicle="8" speed="2006" time="2750" acceleration="3530"/>
    <motionState vehicle="9" speed="2207" time="2750" acceleration="5657"/>
    <motionState vehicle="10" speed="2628" time="2750" acceleration="7509"/>
    <motionState vehicle="11" speed="3228" time="2750" acceleration="5752"/>
    <motionState vehicle="0" speed="3389" time="2760" acceleration="6957"/>
    <motionState vehicle="1" speed="3235" time="2760" acceleration="3370"/>
    <motionState vehicle="2" speed="3455" time="2760" acceleration="8839"/>
    <motionState vehicle="3" speed="2917" time="2760" acceleration="425"/>
    <motionState vehicle="4" speed="3724" time="2760" acceleration="13636"/>
    <motionState vehicle="5" speed="2311" time="2760" acceleration="-52"/>
    <motionState vehicle="6" speed="1912" time="2760" acceleration="1842"/>
    <motionState vehicle="7" speed="1935" time="2760" acceleration="2328"/>
    <motionState vehicle="8" speed="2010" time="2760" acceleration="3536"/>
    <motionState vehicle="9" speed="2212" time="2760" acceleration="5661"/>
    <motionState vehicle="10" speed="2635" time="2760" acceleration="7480"/>
    <motionState vehicle="11" speed="3233" time="2760" acceleration="5679"/>
    <motionState vehicle="0" speed="3396" time="2770" acceleration="6917"/>
    <motionState vehicle="1" speed="3239" time="2770" acceleration="3283"/>
    <motionState vehicle="2" speed="3464" time="2770" acceleration="8827"/>
    <motionState vehicle="3" speed="2917" time="2770" acceleration="362"/>
    <motionState vehicle="4" speed="3738" time="2770" acceleration="13636"/>
    <motionState vehicle="5" speed="2311" time="2770" acceleration="-71"/>
    <motionState vehicle="6" speed="1914" time="2770" acceleration="1832"/>
    <motionState vehicle="7" speed="1937" time="2770" acceleration="2324"/>
    <motionState vehicle="8" speed="2013" time="2770" acceleration="3541"/>
    <motionState vehicle="9" speed="2218" time="2770" acceleration="5665"/>
    <motionState vehicle="10" speed="2643" time="2770" acceleration="7450"/>
    <motionState vehicle="11" speed="3239" time="2770" acceleration="5607"/>
    <motionState vehicle="0" speed="3403" time="2780" acceleration="6878"/>
    <motionState vehicle="1" speed="3242" time="2780" acceleration="3198"/>
    <motionState vehicle="2" speed="3473" time="2780" acceleration="8815"/>
    <motionState vehicle="3" speed="2918" time="2780" acceleration="299"/>
    <motionState vehicle="4" speed="3751" time="2780" acceleration="13636"/>
    <motionState vehicle="5" speed="2311" time="2780" acceleration="-89"/>
    <motionState vehicle="6" speed="1916" time="2780" acceleration="1822"/>
    <motionState vehicle="7" speed="1940" time="2780" acceleration="2321"/>
    <motionState vehicle="8" speed="2017" time="2780" acceleration="3547"/>
    <motionState vehicle="9" speed="2224" time="2780" acceleration="5668"/>
    <motionState vehicle="10" speed="2650" time="2780" acceleration="7420"/>
    <motionState vehicle="11" speed="3245" time="2780" acceleration="5535"/>
    <motionState vehicle="0" speed="3410" time="2790" acceleration="6839"/>
    <motionState vehicle="1" speed="3245" time="2790" acceleration="3113"/>
    <motionState vehicle="2" speed="3482" time="2790" acceleration="8804"/>
    <motionState vehicle="3" speed="2918" time="2790" acceleration="238"/>
    <motionState vehicle="4" speed="3765" time="2790" acceleration="13636"/>
    <motionState vehicle="5" speed="2311" time="2790" acceleration="-107"/>
    <motionState vehicle="6" speed="1918" time="2790" acceleration="1812"/>
    <motionState vehicle="7" speed="1942" time="2790" acceleration="2318"/>
    <motionState vehicle="8" speed="2020" time="2790" acceleration="3553"/>
    <motionState vehicle="9" speed="2229" time="2790" acceleration="5671"/>
    <motionState vehicle="10" speed="2657" time="2790" acceleration="7389"/>
    <motionState vehicle="11" speed="3250" time="2790" acceleration="5463"/>
    <motionState vehicle="0" speed="3416" time="2800" acceleration="6802"/>
    <motionState vehicle="1" speed="3248" time="2800" acceleration="3029"/>
    <motionState vehicle="2" speed="3491" time="2800" acceleration="8794"/>
    <motionState vehicle="3" speed="2918" time="2800" acceleration="177"/>
    <motionState vehicle="4" speed="3778" time="2800" acceleration="13636"/>
    <motionState vehicle="5" speed="2311" time="2800" acceleration="-124"/>
    <motionState vehicle="6" speed="1920" time="2800" acceleration="1802"/>
    <motionState vehicle="7" speed="1944" time="2800" acceleration="2315"/>
    <motionState vehicle="8" speed="2024" time="2800" acceleration="3559"/>
    <motionState vehicle="9" speed="2235" time="2800" acceleration="5674"/>
    <motionState vehicle="10" speed="2665" time="2800" acceleration="7358"/>
    <motionState vehicle="11" speed="3255" time="2800" acceleration="5391"/>
    <motionState vehicle="0" speed="3423" time="2810" acceleration="6765"/>
    <motionState vehicle="1" speed="3251" time="2810" acceleration="2945"/>
    <motionState vehicle="2" speed="3499" time="2810" acceleration="8784"/>
    <motionState vehicle="3" speed="2918" time="2810" acceleration="118"/>
    <motionState vehicle="4" speed="3792" time="2810" acceleration="13636"/>
    <motionState vehicle="5" speed="2311" time="2810" acceleration="-141"/>
    <motionState vehicle="6" speed="1921" time="2810" acceleration="1793"/>
    <motionState vehicle="7" speed="1946" time="2810" acceleration="2313"/>
    <motionState vehicle="8" speed="2027" time="2810" acceleration="3565"/>
    <motionState vehicle="9" speed="2241" time="2810" acceleration="5677"/>
    <motionState vehicle="10" speed="2672" time="2810" acceleration="7327"/>
    <motionState vehicle="11" speed="3261" time="2810" acceleration="5320"/>
    <motionState vehicle="0" speed="3430" time="2820" acceleration="6729"/>
    <motionState vehicle="1" speed="3254" time="2820" acceleration="2862"/>
    <motionState vehicle="2" speed="3508" time="2820" acceleration="8775"/>
    <motionState vehicle="3" speed="2918" time="2820" acceleration="59"/>
    <motionState vehicle="4" speed="3806" time="2820" acceleration="13636"/>
    <motionState vehicle="5" speed="2310" time="2820" acceleration="-157"/>
    <motionState vehicle="6" speed="1923" time="2820" acceleration="1783"/>
    <motionState vehicle="7" speed="1949" time="2820" acceleration="2311"/>
    <motionState vehicle="8" speed="2031" time="2820" acceleration="3571"/>
    <motionState vehicle="9" speed="2246" time="2820" acceleration="5680"/>
    <motionState vehicle="10" speed="2679" time="2820" acceleration="7296"/>
    <motionState vehicle="11" speed="3266" time="2820" acceleration="5249"/>
    <motionState vehicle="0" speed="3437" time="2830" acceleration="6693"/>
    <motionState vehicle="1" speed="3257" time="2830" acceleration="2780"/>
    <motionState vehicle="2" speed="3517" time="2830" acceleration="8766"/>
    <motionState vehicle="3" speed="2918" time="2830" acceleration="1"/>
    <motionState vehicle="4" speed="3819" time="2830" acceleration="13636"/>
    <motionState vehicle="5" speed="2310" time="2830" acceleration="-173"/>
    <motionState vehicle="6" speed="1925" time="2830" acceleration="1774"/>
    <motionState vehicle="7" speed="1951" time="2830" acceleration="2309"/>
    <motionState vehicle="8" speed="2034" time="2830" acceleration="3577"/>
    <motionState vehicle="9" speed="2252" time="2830" acceleration="5682"/>
    <motionState vehicle="10" speed="2687" time="2830" acceleration="7264"/>
    <motionState vehicle="11" speed="3271" time="2830" acceleration="5179"/>
    <motionState vehicle="0" speed="3443" time="2840" acceleration="6658"/>
    <motionState vehicle="1" speed="3259" time="2840" acceleration="2699"/>
    <motionState vehicle="2" speed="3526" time="2840" acceleration="8758"/>
    <motionState vehicle="3" speed="2918" time="2840" acceleration="-55"/>
    <motionState vehicle="4" speed="3833" time="2840" acceleration="13636"/>
    <motionState vehicle="5" speed="2310" time="2840" acceleration="-189"/>
    <motionState vehicle="6" speed="1927" time="2840" acceleration="1765"/>
    <motionState vehicle="7" speed="1953" time="2840" acceleration="2307"/>
    <motionState vehicle="8" speed="2038" time="2840" acceleration="3584"/>
    <motionState vehicle="9" speed="2258" time="2840" acceleration="5684"/>
    <motionState vehicle="10" speed="2694" time="2840" acceleration="7232"/>
    <motionState vehicle="11" speed="3276" time="2840" acceleration="5108"/>
    <motionState vehicle="0" speed="3450" time="2850" acceleration="6624"/>
    <motionState vehicle="1" speed="3262" time="2850" acceleration="2618"/>
    <motionState vehicle="2" speed="3535" time="2850" acceleration="8751"/>
    <motionState vehicle="3" speed="2918" time="2850" acceleration="-111"/>
    <motionState vehicle="4" speed="3847" time="2850" acceleration="13636"/>
    <motionState vehicle="5" speed="2310" time="2850" acceleration="-204"/>
    <motionState vehicle="6" speed="1929" time="2850" acceleration="1757"/>
    <motionState vehicle="7" speed="1956" time="2850" acceleration="2305"/>
    <motionState vehicle="8" speed="2042" time="2850" acceleration="3590"/>
    <motionState vehicle="9" speed="2263" time="2850" acceleration="5686"/>
    <motionState vehicle="10" speed="2701" time="2850" acceleration="7200"/>
    <motionState vehicle="11" speed="3281" time="2850" acceleration="5039"/>
    <motionState vehicle="0" speed="3456" time="2860" acceleration="6591"/>
    <motionState vehicle="1" speed="3264" time="2860" acceleration="2539"/>
    <motionState vehicle="2" speed="3543" time="2860" acceleration="8744"/>
    <motionState vehicle="3" speed="2918" time="2860" acceleration="-166"/>
    <motionState vehicle="4" speed="3860" time="2860" acceleration="13636"/>
    <motionState vehicle="5" speed="2310" time="2860" acceleration="-219"/>
    <motionState vehicle="6" speed="1930" time="2860" acceleration="1748"/>
    <motionState vehicle="7" speed="1958" time="2860" acceleration="2304"/>
    <motionState vehicle="8" speed="2045" time="2860" acceleration="3597"/>
    <motionState vehicle="9" speed="2269" time="2860" acceleration="5688"/>
    <motionState vehicle="10" speed="2708" time="2860" acceleration="7168"/>
    <motionState vehicle="11" speed="3286" time="2860" acceleration="4969"/>
    <motionState vehicle="0" speed="3463" time="2870" acceleration="6559"/>
    <motionState vehicle="1" speed="3267" time="2870" acceleration="2459"/>
    <motionState vehicle="2" speed="3552" time="2870" acceleration="8738"/>
    <motionState vehicle="3" speed="2918" time="2870" acceleration="-220"/>
    <motionState vehicle="4" speed="3874" time="2870" acceleration="13636"/>
    <motionState vehicle="5" speed="2309" time="2870" acceleration="-234"/>
    <motionState vehicle="6" speed="1932" time="2870" acceleration="1740"/>
    <motionState vehicle="7" speed="1960" time="2870" acceleration="2302"/>
    <motionState vehicle="8" speed="2049" time="2870" acceleration="3603"/>
    <motionState vehicle="9" speed="2275" time="2870" acceleration="5690"/>
    <motionState vehicle="10" speed="2715" time="2870" acceleration="7135"/>
    <motionState vehicle="11" speed="3291" time="2870" acceleration="4900"/>
    <motionState vehicle="0" speed="3470" time="2880" acceleration="6527"/>
    <motionState vehicle="1" speed="3269" time="2880" acceleration="2381"/>
    <motionState vehicle="2" speed="3561" time="2880" acceleration="8732"/>
    <motionState vehicle="3" speed="2917" time="2880" acceleration="-273"/>
    <motionState vehicle="4" speed="3888" time="2880" acceleration="13636"/>
    <motionState vehicle="5" speed="2309" time="2880" acceleration="-248"/>
    <motionState vehicle="6" speed="1934" time="2880" acceleration="1732"/>
    <motionState vehicle="7" speed="1963" time="2880" acceleration="2301"/>
    <motionState vehicle="8" speed="2052" time="2880" acceleration="3610"/>
    <motionState vehicle="9" speed="2280" time="2880" acceleration="5691"/>
    <motionState vehicle="10" speed="2722" time="2880" acceleration="7102"/>
    <motionState vehicle="11" speed="3296" time="2880" acceleration="4831"/>
    <motionState vehicle="0" speed="3476" time="2890" acceleration="6496"/>
    <motionState vehicle="1" speed="3272" time="2890" acceleration="2303"/>
    <motionState vehicle="2" speed="3569" time="2890" acceleration="8727"/>
    <motionState vehicle="3" speed="2917" time="2890" acceleration="-326"/>
    <motionState vehicle="4" speed="3901" time="2890" acceleration="13636"/>
    <motionState vehicle="5" speed="2309" time="2890" acceleration="-262"/>
    <motionState vehicle="6" speed="1935" time="2890" acceleration="1724"/>
    <motionState vehicle="7" speed="1965" time="2890" acceleration="2300"/>
    <motionState vehicle="8" speed="2056" time="2890" acceleration="3617"/>
    <motionState vehicle="9" speed="2286" time="2890" acceleration="5693"/>
    <motionState vehicle="10" speed="2730" time="2890" acceleration="7069"/>
    <motionState vehicle="11" speed="3301" time="2890" acceleration="4762"/>
    <motionState vehicle="0" speed="3482" time="2900" acceleration="6466"/>
    <motionState vehicle="1" speed="3274" time="2900" acceleration="2226"/>
    <motionState vehicle="2" speed="3578" time="2900" acceleration="8723"/>
    <motionState vehicle="3" speed="2917" time="2900" acceleration="-378"/>
    <motionState vehicle="4" speed="3915" time="2900" acceleration="13636"/>
    <motionState vehicle="5" speed="2309" time="2900" acceleration="-276"/>
    <motionState vehicle="6" speed="1937" time="2900" acceleration="1716"/>
    <motionState vehicle="7" speed="1967" time="2900" acceleration="2300"/>
    <motionState vehicle="8" speed="2060" time="2900" acceleration="3624"/>
    <motionState vehicle="9" speed="2292" time="2900" acceleration="5694"/>
    <motionState vehicle="10" speed="2737" time="2900" acceleration="7036"/>
    <motionState vehicle="11" speed="3305" time="2900" acceleration="4694"/>
    <motionState vehicle="0" speed="3489" time="2910" acceleration="6436"/>
    <motionState vehicle="1" speed="3276" time="2910" acceleration="2150"/>
    <motionState vehicle="2" speed="3587" time="2910" acceleration="8719"/>
    <motionState vehicle="3" speed="2916" time="2910" acceleration="-429"/>
    <motionState vehicle="4" speed="3928" time="2910" acceleration="13636"/>
    <motionState vehicle="5" speed="2308" time="2910" acceleration="-289"/>
    <motionState vehicle="6" speed="1939" time="2910" acceleration="1708"/>
    <motionState vehicle="7" speed="1969" time="2910" acceleration="2299"/>
    <motionState vehicle="8" speed="2063" time="2910" acceleration="3631"/>
    <motionState vehicle="9" speed="2297" time="2910" acceleration="5695"/>
    <motionState vehicle="10" speed="2744" time="2910" acceleration="7003"/>
    <motionState vehicle="11" speed="3310" time="2910" acceleration="4626"/>
    <motionState vehicle="0" speed="3495" time="2920" acceleration="6407"/>
    <motionState vehicle="1" speed="3278" time="2920" acceleration="2074"/>
    <motionState vehicle="2" speed="3596" time="2920" acceleration="8715"/>
    <motionState vehicle="3" speed="2916" time="2920" acceleration="-479"/>
    <motionState vehicle="4" speed="3942" time="2920" acceleration="13636"/>
    <motionState vehicle="5" speed="2308" time="2920" acceleration="-301"/>
    <motionState vehicle="6" speed="1941" time="2920" acceleration="1701"/>
    <motionState vehicle="7" speed="1972" time="2920" acceleration="2299"/>
    <motionState vehicle="8" speed="2067" time="2920" acceleration="3638"/>
    <motionState vehicle="9" speed="2303" time="2920" acceleration="5695"/>
    <motionState vehicle="10" speed="2751" time="2920" acceleration="6969"/>
    <motionState vehicle="11" speed="3315" time="2920" acceleration="4558"/>
    <motionState vehicle="0" speed="3502" time="2930" acceleration="6379"/>
    <motionState vehicle="1" speed="3280" time="2930" acceleration="1999"/>
    <motionState vehicle="2" speed="3604" time="2930" acceleration="8712"/>
    <motionState vehicle="3" speed="2915" time="2930" acceleration="-528"/>
    <motionState vehicle="4" speed="3956" time="2930" acceleration="13636"/>
    <motionState vehicle="5" speed="2308" time="2930" acceleration="-314"/>
    <motionState vehicle="6" speed="1942" time="2930" acceleration="1694"/>
    <motionState vehicle="7" speed="1974" time="2930" acceleration="2299"/>
    <motionState vehicle="8" speed="2071" time="2930" acceleration="3645"/>
    <motionState vehicle="9" speed="2309" time="2930" acceleration="5696"/>
    <motionState vehicle="10" speed="2757" time="2930" acceleration="6935"/>
    <motionState vehicle="11" speed="3319" time="2930" acceleration="4491"/>
    <motionState vehicle="0" speed="3508" time="2940" acceleration="6352"/>
    <motionState vehicle="1" speed="3282" time="2940" acceleration="1925"/>
    <motionState vehicle="2" speed="3613" time="2940" acceleration="8710"/>
    <motionState vehicle="3" speed="2915" time="2940" acceleration="-577"/>
    <motionState vehicle="4" speed="3969" time="2940" acceleration="13636"/>
    <motionState vehicle="5" speed="2307" time="2940" acceleration="-326"/>
    <motionState vehicle="6" speed="1944" time="2940" acceleration="1687"/>
    <motionState vehicle="7" speed="1976" time="2940" acceleration="2299"/>
    <motionState vehicle="8" speed="2074" time="2940" acceleration="3652"/>
    <motionState vehicle="9" speed="2315" time="2940" acceleration="5696"/>
    <motionState vehicle="10" speed="2764" time="2940" acceleration="6901"/>
    <motionState vehicle="11" speed="3324" time="2940" acceleration="4424"/>
    <motionState vehicle="0" speed="3514" time="2950" acceleration="6325"/>
    <motionState vehicle="1" speed="3284" time="2950" acceleration="1851"/>
    <motionState vehicle="2" speed="3622" time="2950" acceleration="8708"/>
    <motionState vehicle="3" speed="2914" time="2950" acceleration="-624"/>
    <motionState vehicle="4" speed="3983" time="2950" acceleration="13636"/>
    <motionState vehicle="5" speed="2307" time="2950" acceleration="-338"/>
    <motionState vehicle="6" speed="1946" time="2950" acceleration="1680"/>
    <motionState vehicle="7" speed="1979" time="2950" acceleration="2299"/>
    <motionState vehicle="8" speed="2078" time="2950" acceleration="3659"/>
    <motionState vehicle="9" speed="2320" time="2950" acceleration="5696"/>
    <motionState vehicle="10" speed="2771" time="2950" acceleration="6866"/>
    <motionState vehicle="11" speed="3328" time="2950" acceleration="4357"/>
    <motionState vehicle="0" speed="3521" time="2960" acceleration="6299"/>
    <motionState vehicle="1" speed="3286" time="2960" acceleration="1778"/>
    <motionState vehicle="2" speed="3630" time="2960" acceleration="8706"/>
    <motionState vehicle="3" speed="2913" time="2960" acceleration="-671"/>
    <motionState vehicle="4" speed="3997" time="2960" acceleration="13636"/>
    <motionState vehicle="5" speed="2307" time="2960" acceleration="-349"/>
    <motionState vehicle="6" speed="1947" time="2960" acceleration="1673"/>
    <motionState vehicle="7" speed="1981" time="2960" acceleration="2300"/>
    <motionState vehicle="8" speed="2082" time="2960" acceleration="3667"/>
    <motionState vehicle="9" speed="2326" time="2960" acceleration="5696"/>
    <motionState vehicle="10" speed="2778" time="2960" acceleration="6832"/>
    <motionState vehicle="11" speed="3332" time="2960" acceleration="4291"/>
    <motionState vehicle="0" speed="3527" time="2970" acceleration="6274"/>
    <motionState vehicle="1" speed="3287" time="2970" acceleration="1706"/>
    <motionState vehicle="2" speed="3639" time="2970" acceleration="8705"/>
    <motionState vehicle="3" speed="2913" time="2970" acceleration="-717"/>
    <motionState vehicle="4" speed="4010" time="2970" acceleration="13636"/>
    <motionState vehicle="5" speed="2306" time="2970" acceleration="-360"/>
    <motionState vehicle="6" speed="1949" time="2970" acceleration="1667"/>
    <motionState vehicle="7" speed="1983" time="2970" acceleration="2300"/>
    <motionState vehicle="8" speed="2085" time="2970" acceleration="3674"/>
    <motionState vehicle="9" speed="2332" time="2970" acceleration="5696"/>
    <motionState vehicle="10" speed="2785" time="2970" acceleration="6797"/>
    <motionState vehicle="11" speed="3336" time="2970" acceleration="4225"/>
    <motionState vehicle="0" speed="3533" time="2980" acceleration="6249"/>
    <motionState vehicle="1" speed="3289" time="2980" acceleration="1634"/>
    <motionState vehicle="2" speed="3648" time="2980" acceleration="8705"/>
    <motionState vehicle="3" speed="2912" time="2980" acceleration="-763"/>
    <motionState vehicle="4" speed="4024" time="2980" acceleration="13636"/>
    <motionState vehicle="5" speed="2306" time="2980" acceleration="-371"/>
    <motionState vehicle="6" speed="1951" time="2980" acceleration="1661"/>
    <motionState vehicle="7" speed="1986" time="2980" acceleration="2301"/>
    <motionState vehicle="8" speed="2089" time="2980" acceleration="3681"/>
    <motionState vehicle="9" speed="2337" time="2980" acceleration="5695"/>
    <motionState vehicle="10" speed="2792" time="2980" acceleration="6762"/>
    <motionState vehicle="11" speed="3341" time="2980" acceleration="4159"/>
    <motionState vehicle="0" speed="3539" time="2990" acceleration="6225"/>
    <motionState vehicle="1" speed="3290" time="2990" acceleration="1563"/>
    <motionState vehicle="2" speed="3657" time="2990" acceleration="8705"/>
    <motionState vehicle="3" speed="2911" time="2990" acceleration="-807"/>
    <motionState vehicle="4" speed="4038" time="2990" acceleration="13636"/>
    <motionState vehicle="5" speed="2305" time="2990" acceleration="-381"/>
    <motionState vehicle="6" speed="1952" time="2990" acceleration="1655"/>
    <motionState vehicle="7" speed="1988" time="2990" acceleration="2302"/>
    <motionState vehicle="8" speed="2093" time="2990" acceleration="3689"/>
    <motionState vehicle="9" speed="2343" time="2990" acceleration="5694"/>
    <motionState vehicle="10" speed="2798" time="2990" acceleration="6726"/>
    <motionState vehicle="11" speed="3345" time="2990" acceleration="4093"/>
    <motionState vehicle="0" speed="3546" time="3000" acceleration="6201"/>
    <motionState vehicle="1" speed="3292" time="3000" acceleration="1493"/>
    <motionState vehicle="2" speed="3665" time="3000" acceleration="8705"/>
    <motionState vehicle="3" speed="2910" time="3000" acceleration="-851"/>
    <motionState vehicle="4" speed="4051" time="3000" acceleration="13636"/>
    <motionState vehicle="5" speed="2305" time="3000" acceleration="-392"/>
    <motionState vehicle="6" speed="1954" time="3000" acceleration="1649"/>
    <motionState vehicle="7" speed="1990" time="3000" acceleration="2304"/>
    <motionState vehicle="8" speed="2096" time="3000" acceleration="3696"/>
    <motionState vehicle="9" speed="2349" time="3000" acceleration="5693"/>
    <motionState vehicle="10" speed="2805" time="3000" acceleration="6691"/>
    <motionState vehicle="11" speed="3349" time="3000" acceleration="4028"/>
    <motionState vehicle="0" speed="3552" time="3010" acceleration="6179"/>
    <motionState vehicle="1" speed="3293" time="3010" acceleration="1424"/>
    <motionState vehicle="2" speed="3674" time="3010" acceleration="8706"/>
    <motionState vehicle="3" speed="2909" time="3010" acceleration="-894"/>
    <motionState vehicle="4" speed="4065" time="3010" acceleration="13636"/>
    <motionState vehicle="5" speed="2305" time="3010" acceleration="-401"/>
    <motionState vehicle="6" speed="1956" time="3010" acceleration="1643"/>
    <motionState vehicle="7" speed="1993" time="3010" acceleration="2305"/>
    <motionState vehicle="8" speed="2100" time="3010" acceleration="3704"/>
    <motionState vehicle="9" speed="2354" time="3010" acceleration="5692"/>
    <motionState vehicle="10" speed="2812" time="3010" acceleration="6655"/>
    <motionState vehicle="11" speed="3353" time="3010" acceleration="3963"/>
    <motionState vehicle="0" speed="3558" time="3020" acceleration="6157"/>
    <motionState vehicle="1" speed="3295" time="3020" acceleration="1355"/>
    <motionState vehicle="2" speed="3683" time="3020" acceleration="8707"/>
    <motionState vehicle="3" speed="2908" time="3020" acceleration="-937"/>
    <motionState vehicle="4" speed="4078" time="3020" acceleration="13636"/>
    <motionState vehicle="5" speed="2304" time="3020" acceleration="-411"/>
    <motionState vehicle="6" speed="1957" time="3020" acceleration="1637"/>
    <motionState vehicle="7" speed="1995" time="3020" acceleration="2306"/>
    <motionState vehicle="8" speed="2104" time="3020" acceleration="3711"/>
    <motionState vehicle="9" speed="2360" time="3020" acceleration="5691"/>
    <motionState vehicle="10" speed="2818" time="3020" acceleration="6620"/>
    <motionState vehicle="11" speed="3357" time="3020" acceleration="3899"/>
    <motionState vehicle="0" speed="3564" time="3030" acceleration="6135"/>
    <motionState vehicle="1" speed="3296" time="3030" acceleration="1286"/>
    <motionState vehicle="2" speed="3691" time="3030" acceleration="8708"/>
    <motionState vehicle="3" speed="2907" time="3030" acceleration="-978"/>
    <motionState vehicle="4" speed="4092" time="3030" acceleration="13636"/>
    <motionState vehicle="5" speed="2304" time="3030" acceleration="-420"/>
    <motionState vehicle="6" speed="1959" time="3030" acceleration="1632"/>
    <motionState vehicle="7" speed="1997" time="3030" acceleration="2308"/>
    <motionState vehicle="8" speed="2107" time="3030" acceleration="3719"/>
    <motionState vehicle="9" speed="2366" time="3030" acceleration="5689"/>
    <motionState vehicle="10" speed="2825" time="3030" acceleration="6584"/>
    <motionState vehicle="11" speed="3360" time="3030" acceleration="3835"/>
    <motionState vehicle="0" speed="3570" time="3040" acceleration="6114"/>
    <motionState vehicle="1" speed="3297" time="3040" acceleration="1219"/>
    <motionState vehicle="2" speed="3700" time="3040" acceleration="8711"/>
    <motionState vehicle="3" speed="2906" time="3040" acceleration="-1019"/>
    <motionState vehicle="4" speed="4106" time="3040" acceleration="13636"/>
    <motionState vehicle="5" speed="2303" time="3040" acceleration="-429"/>
    <motionState vehicle="6" speed="1960" time="3040" acceleration="1627"/>
    <motionState vehicle="7" speed="1999" time="3040" acceleration="2310"/>
    <motionState vehicle="8" speed="2111" time="3040" acceleration="3726"/>
    <motionState vehicle="9" speed="2371" time="3040" acceleration="5687"/>
    <motionState vehicle="10" speed="2831" time="3040" acceleration="6548"/>
    <motionState vehicle="11" speed="3364" time="3040" acceleration="3771"/>
    <motionState vehicle="0" speed="3576" time="3050" acceleration="6094"/>
    <motionState vehicle="1" speed="3298" time="3050" acceleration="1152"/>
    <motionState vehicle="2" speed="3709" time="3050" acceleration="8713"/>
    <motionState vehicle="3" speed="2905" time="3050" acceleration="-1059"/>
    <motionState vehicle="4" speed="4119" time="3050" acceleration="13636"/>
    <motionState vehicle="5" speed="2303" time="3050" acceleration="-437"/>
    <motionState vehicle="6" speed="1962" time="3050" acceleration="1622"/>
    <motionState vehicle="7" speed="2002" time="3050" acceleration="2312"/>
    <motionState vehicle="8" speed="2115" time="3050" acceleration="3734"/>
    <motionState vehicle="9" speed="2377" time="3050" acceleration="5685"/>
    <motionState vehicle="10" speed="2838" time="3050" acceleration="6511"/>
    <motionState vehicle="11" speed="3368" time="3050" acceleration="3707"/>
    <motionState vehicle="0" speed="3582" time="3060" acceleration="6075"/>
    <motionState vehicle="1" speed="3299" time="3060" acceleration="1085"/>
    <motionState vehicle="2" speed="3718" time="3060" acceleration="8716"/>
    <motionState vehicle="3" speed="2904" time="3060" acceleration="-1099"/>
    <motionState vehicle="4" speed="4133" time="3060" acceleration="13636"/>
    <motionState vehicle="5" speed="2303" time="3060" acceleration="-446"/>
    <motionState vehicle="6" speed="1964" time="3060" acceleration="1617"/>
    <motionState vehicle="7" speed="2004" time="3060" acceleration="2314"/>
    <motionState vehicle="8" speed="2119" time="3060" acceleration="3742"/>
    <motionState vehicle="9" speed="2383" time="3060" acceleration="5683"/>
    <motionState vehicle="10" speed="2844" time="3060" acceleration="6475"/>
    <motionState vehicle="11" speed="3372" time="3060" acceleration="3644"/>
    <motionState vehicle="0" speed="3588" time="3070" acceleration="6056"/>
    <motionState vehicle="1" speed="3301" time="3070" acceleration="1020"/>
    <motionState vehicle="2" speed="3726" time="3070" acceleration="8719"/>
    <motionState vehicle="3" speed="2903" time="3070" acceleration="-1137"/>
    <motionState vehicle="4" speed="4147" time="3070" acceleration="13636"/>
    <motionState vehicle="5" speed="2302" time="3070" acceleration="-454"/>
    <motionState vehicle="6" speed="1965" time="3070" acceleration="1612"/>
    <motionState vehicle="7" speed="2006" time="3070" acceleration="2317"/>
    <motionState vehicle="8" speed="2122" time="3070" acceleration="3749"/>
    <motionState vehicle="9" speed="2389" time="3070" acceleration="5680"/>
    <motionState vehicle="10" speed="2851" time="3070" acceleration="6438"/>
    <motionState vehicle="11" speed="3375" time="3070" acceleration="3581"/>
    <motionState vehicle="0" speed="3594" time="3080" acceleration="6037"/>
    <motionState vehicle="1" speed="3301" time="3080" acceleration="955"/>
    <motionState vehicle="2" speed="3735" time="3080" acceleration="8723"/>
    <motionState vehicle="3" speed="2902" time="3080" acceleration="-1176"/>
    <motionState vehicle="4" speed="4160" time="3080" acceleration="13636"/>
    <motionState vehicle="5" speed="2302" time="3080" acceleration="-461"/>
    <motionState vehicle="6" speed="1967" time="3080" acceleration="1608"/>
    <motionState vehicle="7" speed="2009" time="3080" acceleration="2319"/>
    <motionState vehicle="8" speed="2126" time="3080" acceleration="3757"/>
    <motionState vehicle="9" speed="2394" time="3080" acceleration="5678"/>
    <motionState vehicle="10" speed="2857" time="3080" acceleration="6401"/>
    <motionState vehicle="11" speed="3379" time="3080" acceleration="3518"/>
    <motionState vehicle="0" speed="3600" time="3090" acceleration="6020"/>
    <motionState vehicle="1" speed="3302" time="3090" acceleration="890"/>
    <motionState vehicle="2" speed="3744" time="3090" acceleration="8727"/>
    <motionState vehicle="3" speed="2901" time="3090" acceleration="-1213"/>
    <motionState vehicle="4" speed="4174" time="3090" acceleration="13636"/>
    <motionState vehicle="5" speed="2301" time="3090" acceleration="-469"/>
    <motionState vehicle="6" speed="1969" time="3090" acceleration="1603"/>
    <motionState vehicle="7" speed="2011" time="3090" acceleration="2322"/>
    <motionState vehicle="8" speed="2130" time="3090" acceleration="3765"/>
    <motionState vehicle="9" speed="2400" time="3090" acceleration="5675"/>
    <motionState vehicle="10" speed="2864" time="3090" acceleration="6364"/>
    <motionState vehicle="11" speed="3382" time="3090" acceleration="3456"/>
    <motionState vehicle="0" speed="3606" time="3100" acceleration="6003"/>
    <motionState vehicle="1" speed="3303" time="3100" acceleration="827"/>
    <motionState vehicle="2" speed="3752" time="3100" acceleration="8731"/>
    <motionState vehicle="3" speed="2900" time="3100" acceleration="-1250"/>
    <motionState vehicle="4" speed="4188" time="3100" acceleration="13636"/>
    <motionState vehicle="5" speed="2301" time="3100" acceleration="-476"/>
    <motionState vehicle="6" speed="1970" time="3100" acceleration="1599"/>
    <motionState vehicle="7" speed="2013" time="3100" acceleration="2325"/>
    <motionState vehicle="8" speed="2134" time="3100" acceleration="3772"/>
    <motionState vehicle="9" speed="2406" time="3100" acceleration="5671"/>
    <motionState vehicle="10" speed="2870" time="3100" acceleration="6327"/>
    <motionState vehicle="11" speed="3385" time="3100" acceleration="3394"/>
    <motionState vehicle="0" speed="3612" time="3110" acceleration="5986"/>
    <motionState vehicle="1" speed="3304" time="3110" acceleration="764"/>
    <motionState vehicle="2" speed="3761" time="3110" acceleration="8736"/>
    <motionState vehicle="3" speed="2898" time="3110" acceleration="-1286"/>
    <motionState vehicle="4" speed="4201" time="3110" acceleration="13636"/>
    <motionState vehicle="5" speed="2300" time="3110" acceleration="-483"/>
    <motionState vehicle="6" speed="1972" time="3110" acceleration="1595"/>
    <motionState vehicle="7" speed="2016" time="3110" acceleration="2328"/>
    <motionState vehicle="8" speed="2137" time="3110" acceleration="3780"/>
    <motionState vehicle="9" speed="2411" time="3110" acceleration="5668"/>
    <motionState vehicle="10" speed="2876" time="3110" acceleration="6290"/>
    <motionState vehicle="11" speed="3389" time="3110" acceleration="3333"/>
    <motionState vehicle="0" speed="3618" time="3120" acceleration="5970"/>
    <motionState vehicle="1" speed="3305" time="3120" acceleration="701"/>
    <motionState vehicle="2" speed="3770" time="3120" acceleration="8741"/>
    <motionState vehicle="3" speed="2897" time="3120" acceleration="-1321"/>
    <motionState vehicle="4" speed="4215" time="3120" acceleration="13636"/>
    <motionState vehicle="5" speed="2300" time="3120" acceleration="-489"/>
    <motionState vehicle="6" speed="1973" time="3120" acceleration="1591"/>
    <motionState vehicle="7" speed="2018" time="3120" acceleration="2331"/>
    <motionState vehicle="8" speed="2141" time="3120" acceleration="3788"/>
    <motionState vehicle="9" speed="2417" time="3120" acceleration="5664"/>
    <motionState vehicle="10" speed="2882" time="3120" acceleration="6252"/>
    <motionState vehicle="11" speed="3392" time="3120" acceleration="3271"/>
    <motionState vehicle="0" speed="3624" time="3130" acceleration="5955"/>
    <motionState vehicle="1" speed="3305" time="3130" acceleration="639"/>
    <motionState vehicle="2" speed="3779" time="3130" acceleration="8747"/>
    <motionState vehicle="3" speed="2896" time="3130" acceleration="-1356"/>
    <motionState vehicle="4" speed="4228" time="3130" acceleration="13636"/>
    <motionState vehicle="5" speed="2299" time="3130" acceleration="-496"/>
    <motionState vehicle="6" speed="1975" time="3130" acceleration="1588"/>
    <motionState vehicle="7" speed="2020" time="3130" acceleration="2334"/>
    <motionState vehicle="8" speed="2145" time="3130" acceleration="3795"/>
    <motionState vehicle="9" speed="2423" time="3130" acceleration="5661"/>
    <motionState vehicle="10" speed="2889" time="3130" acceleration="6215"/>
    <motionState vehicle="11" speed="3395" time="3130" acceleration="3210"/>
    <motionState vehicle="0" speed="3630" time="3140" acceleration="5940"/>
    <motionState vehicle="1" speed="3306" time="3140" acceleration="578"/>
    <motionState vehicle="2" speed="3787" time="3140" acceleration="8752"/>
    <motionState vehicle="3" speed="2894" time="3140" acceleration="-1390"/>
    <motionState vehicle="4" speed="4242" time="3140" acceleration="13636"/>
    <motionState vehicle="5" speed="2299" time="3140" acceleration="-502"/>
    <motionState vehicle="6" speed="1977" time="3140" acceleration="1584"/>
    <motionState vehicle="7" speed="2023" time="3140" acceleration="2337"/>
    <motionState vehicle="8" speed="2149" time="3140" acceleration="3803"/>
    <motionState vehicle="9" speed="2428" time="3140" acceleration="5657"/>
    <motionState vehicle="10" speed="2895" time="3140" acceleration="6177"/>
    <motionState vehicle="11" speed="3398" time="3140" acceleration="3149"/>
    <motionState vehicle="0" speed="3636" time="3150" acceleration="5926"/>
    <motionState vehicle="1" speed="3306" time="3150" acceleration="517"/>
    <motionState vehicle="2" speed="3796" time="3150" acceleration="8759"/>
    <motionState vehicle="3" speed="2893" time="3150" acceleration="-1423"/>
    <motionState vehicle="4" speed="4256" time="3150" acceleration="13636"/>
    <motionState vehicle="5" speed="2298" time="3150" acceleration="-507"/>
    <motionState vehicle="6" speed="1978" time="3150" acceleration="1581"/>
    <motionState vehicle="7" speed="2025" time="3150" acceleration="2341"/>
    <motionState vehicle="8" speed="2153" time="3150" acceleration="3811"/>
    <motionState vehicle="9" speed="2434" time="3150" acceleration="5652"/>
    <motionState vehicle="10" speed="2901" time="3150" acceleration="6139"/>
    <motionState vehicle="11" speed="3402" time="3150" acceleration="3089"/>
    <motionState vehicle="0" speed="3642" time="3160" acceleration="5912"/>
    <motionState vehicle="1" speed="3307" time="3160" acceleration="457"/>
    <motionState vehicle="2" speed="3805" time="3160" acceleration="8765"/>
    <motionState vehicle="3" speed="2891" time="3160" acceleration="-1456"/>
    <motionState vehicle="4" speed="4269" time="3160" acceleration="13636"/>
    <motionState vehicle="5" speed="2298" time="3160" acceleration="-513"/>
    <motionState vehicle="6" speed="1980" time="3160" acceleration="1577"/>
    <motionState vehicle="7" speed="2027" time="3160" acceleration="2345"/>
    <motionState vehicle="8" speed="2156" time="3160" acceleration="3818"/>
    <motionState vehicle="9" speed="2439" time="3160" acceleration="5648"/>
    <motionState vehicle="10" speed="2907" time="3160" acceleration="6101"/>
    <motionState vehicle="11" speed="3405" time="3160" acceleration="3029"/>
    <motionState vehicle="0" speed="3648" time="3170" acceleration="5899"/>
    <motionState vehicle="1" speed="3307" time="3170" acceleration="398"/>
    <motionState vehicle="2" speed="3814" time="3170" acceleration="8772"/>
    <motionState vehicle="3" speed="2890" time="3170" acceleration="-1488"/>
    <motionState vehicle="4" speed="4283" time="3170" acceleration="13636"/>
    <motionState vehicle="5" speed="2297" time="3170" acceleration="-518"/>
    <motionState vehicle="6" speed="1981" time="3170" acceleration="1574"/>
    <motionState vehicle="7" speed="2030" time="3170" acceleration="2348"/>
    <motionState vehicle="8" speed="2160" time="3170" acceleration="3826"/>
    <motionState vehicle="9" speed="2445" time="3170" acceleration="5643"/>
    <motionState vehicle="10" speed="2913" time="3170" acceleration="6063"/>
    <motionState vehicle="11" speed="3408" time="3170" acceleration="2969"/>
    <motionState vehicle="0" speed="3654" time="3180" acceleration="5887"/>
    <motionState vehicle="1" speed="3308" time="3180" acceleration="339"/>
    <motionState vehicle="2" speed="3823" time="3180" acceleration="8779"/>
    <motionState vehicle="3" speed="2888" time="3180" acceleration="-1520"/>
    <motionState vehicle="4" speed="4297" time="3180" acceleration="13636"/>
    <motionState vehicle="5" speed="2297" time="3180" acceleration="-523"/>
    <motionState vehicle="6" speed="1983" time="3180" acceleration="1572"/>
    <motionState vehicle="7" speed="2032" time="3180" acceleration="2352"/>
    <motionState vehicle="8" speed="2164" time="3180" acceleration="3834"/>
    <motionState vehicle="9" speed="2451" time="3180" acceleration="5638"/>
    <motionState vehicle="10" speed="2919" time="3180" acceleration="6024"/>
    <motionState vehicle="11" speed="3410" time="3180" acceleration="2910"/>
    <motionState vehicle="0" speed="3660" time="3190" acceleration="5875"/>
    <motionState vehicle="1" speed="3308" time="3190" acceleration="281"/>
    <motionState vehicle="2" speed="3831" time="3190" acceleration="8786"/>
    <motionState vehicle="3" speed="2887" time="3190" acceleration="-1551"/>
    <motionState vehicle="4" speed="4310" time="3190" acceleration="13636"/>
    <motionState vehicle="5" speed="2296" time="3190" acceleration="-528"/>
    <motionState vehicle="6" speed="1984" time="3190" acceleration="1569"/>
    <motionState vehicle="7" speed="2034" time="3190" acceleration="2356"/>
    <motionState vehicle="8" speed="2168" time="3190" acceleration="3841"/>
    <motionState vehicle="9" speed="2456" time="3190" acceleration="5633"/>
    <motionState vehicle="10" speed="2925" time="3190" acceleration="5986"/>
    <motionState vehicle="11" speed="3413" time="3190" acceleration="2850"/>
    <motionState vehicle="0" speed="3666" time="3200" acceleration="5864"/>
    <motionState vehicle="1" speed="3308" time="3200" acceleration="224"/>
    <motionState vehicle="2" speed="3840" time="3200" acceleration="8794"/>
    <motionState vehicle="3" speed="2885" time="3200" acceleration="-1581"/>
    <motionState vehicle="4" speed="4324" time="3200" acceleration="13636"/>
    <motionState vehicle="5" speed="2296" time="3200" acceleration="-532"/>
    <motionState vehicle="6" speed="1986" time="3200" acceleration="1566"/>
    <motionState vehicle="7" speed="2037" time="3200" acceleration="2361"/>
    <motionState vehicle="8" speed="2172" time="3200" acceleration="3849"/>
    <motionState vehicle="9" speed="2462" time="3200" acceleration="5628"/>
    <motionState vehicle="10" speed="2931" time="3200" acceleration="5948"/>
    <motionState vehicle="11" speed="3416" time="3200" acceleration="2792"/>
    <motionState vehicle="0" speed="3672" time="3210" acceleration="5853"/>
    <motionState vehicle="1" speed="3308" time="3210" acceleration="167"/>
    <motionState vehicle="2" speed="3849" time="3210" acceleration="8802"/>
    <motionState vehicle="3" speed="2884" time="3210" acceleration="-1611"/>
    <motionState vehicle="4" speed="4338" time="3210" acceleration="13636"/>
    <motionState vehicle="5" speed="2295" time="3210" acceleration="-536"/>
    <motionState vehicle="6" speed="1988" time="3210" acceleration="1564"/>
    <motionState vehicle="7" speed="2039" time="3210" acceleration="2365"/>
    <motionState vehicle="8" speed="2176" time="3210" acceleration="3856"/>
    <motionState vehicle="9" speed="2468" time="3210" acceleration="5622"/>
    <motionState vehicle="10" speed="2937" time="3210" acceleration="5909"/>
    <motionState vehicle="11" speed="3419" time="3210" acceleration="2733"/>
    <motionState vehicle="0" speed="3677" time="3220" acceleration="5843"/>
    <motionState vehicle="1" speed="3308" time="3220" acceleration="111"/>
    <motionState vehicle="2" speed="3858" time="3220" acceleration="8811"/>
    <motionState vehicle="3" speed="2882" time="3220" acceleration="-1640"/>
    <motionState vehicle="4" speed="4351" time="3220" acceleration="13636"/>
    <motionState vehicle="5" speed="2295" time="3220" acceleration="-540"/>
    <motionState vehicle="6" speed="1989" time="3220" acceleration="1562"/>
    <motionState vehicle="7" speed="2042" time="3220" acceleration="2369"/>
    <motionState vehicle="8" speed="2180" time="3220" acceleration="3864"/>
    <motionState vehicle="9" speed="2473" time="3220" acceleration="5616"/>
    <motionState vehicle="10" speed="2943" time="3220" acceleration="5870"/>
    <motionState vehicle="11" speed="3422" time="3220" acceleration="2675"/>
    <motionState vehicle="0" speed="3683" time="3230" acceleration="5833"/>
    <motionState vehicle="1" speed="3308" time="3230" acceleration="55"/>
    <motionState vehicle="2" speed="3867" time="3230" acceleration="8819"/>
    <motionState vehicle="3" speed="2880" time="3230" acceleration="-1668"/>
    <motionState vehicle="4" speed="4365" time="3230" acceleration="13636"/>
    <motionState vehicle="5" speed="2294" time="3230" acceleration="-544"/>
    <motionState vehicle="6" speed="1991" time="3230" acceleration="1560"/>
    <motionState vehicle="7" speed="2044" time="3230" acceleration="2374"/>
    <motionState vehicle="8" speed="2183" time="3230" acceleration="3871"/>
    <motionState vehicle="9" speed="2479" time="3230" acceleration="5610"/>
    <motionState vehicle="10" speed="2949" time="3230" acceleration="5831"/>
    <motionState vehicle="11" speed="3424" time="3230" acceleration="2617"/>
    <motionState vehicle="0" speed="3689" time="3240" acceleration="5824"/>
    <motionState vehicle="1" speed="3308" time="3240" acceleration="0"/>
    <motionState vehicle="2" speed="3875" time="3240" acceleration="8828"/>
    <motionState vehicle="3" speed="2879" time="3240" acceleration="-1696"/>
    <motionState vehicle="4" speed="4378" time="3240" acceleration="13636"/>
    <motionState vehicle="5" speed="2293" time="3240" acceleration="-548"/>
    <motionState vehicle="6" speed="1992" time="3240" acceleration="1558"/>
    <motionState vehicle="7" speed="2046" time="3240" acceleration="2379"/>
    <motionState vehicle="8" speed="2187" time="3240" acceleration="3879"/>
    <motionState vehicle="9" speed="2484" time="3240" acceleration="5604"/>
    <motionState vehicle="10" speed="2955" time="3240" acceleration="5792"/>
    <motionState vehicle="11" speed="3427" time="3240" acceleration="2559"/>
    <motionState vehicle="0" speed="3695" time="3250" acceleration="5815"/>
    <motionState vehicle="1" speed="3308" time="3250" acceleration="-54"/>
    <motionState vehicle="2" speed="3884" time="3250" acceleration="8837"/>
    <motionState vehicle="3" speed="2877" time="3250" acceleration="-1723"/>
    <motionState vehicle="4" speed="4392" time="3250" acceleration="13636"/>
    <motionState vehicle="5" speed="2293" time="3250" acceleration="-551"/>
    <motionState vehicle="6" speed="1994" time="3250" acceleration="1556"/>
    <motionState vehicle="7" speed="2049" time="3250" acceleration="2384"/>
    <motionState vehicle="8" speed="2191" time="3250" acceleration="3886"/>
    <motionState vehicle="9" speed="2490" time="3250" acceleration="5597"/>
    <motionState vehicle="10" speed="2960" time="3250" acceleration="5753"/>
    <motionState vehicle="11" speed="3429" time="3250" acceleration="2502"/>
    <motionState vehicle="0" speed="3701" time="3260" acceleration="5807"/>
    <motionState vehicle="1" speed="3308" time="3260" acceleration="-108"/>
    <motionState vehicle="2" speed="3893" time="3260" acceleration="8847"/>
    <motionState vehicle="3" speed="2875" time="3260" acceleration="-1750"/>
    <motionState vehicle="4" speed="4406" time="3260" acceleration="13636"/>
    <motionState vehicle="5" speed="2292" time="3260" acceleration="-554"/>
    <motionState vehicle="6" speed="1995" time="3260" acceleration="1554"/>
    <motionState vehicle="7" speed="2051" time="3260" acceleration="2389"/>
    <motionState vehicle="8" speed="2195" time="3260" acceleration="3894"/>
    <motionState vehicle="9" speed="2496" time="3260" acceleration="5591"/>
    <motionState vehicle="10" speed="2966" time="3260" acceleration="5714"/>
    <motionState vehicle="11" speed="3432" time="3260" acceleration="2445"/>
    <motionState vehicle="0" speed="3706" time="3270" acceleration="5799"/>
    <motionState vehicle="1" speed="3308" time="3270" acceleration="-161"/>
    <motionState vehicle="2" speed="3902" time="3270" acceleration="8857"/>
    <motionState vehicle="3" speed="2873" time="3270" acceleration="-1776"/>
    <motionState vehicle="4" speed="4419" time="3270" acceleration="13636"/>
    <motionState vehicle="5" speed="2292" time="3270" acceleration="-557"/>
    <motionState vehicle="6" speed="1997" time="3270" acceleration="1553"/>
    <motionState vehicle="7" speed="2053" time="3270" acceleration="2394"/>
    <motionState vehicle="8" speed="2199" time="3270" acceleration="3901"/>
    <motionState vehicle="9" speed="2501" time="3270" acceleration="5584"/>
    <motionState vehicle="10" speed="2972" time="3270" acceleration="5674"/>
    <motionState vehicle="11" speed="3434" time="3270" acceleration="2388"/>
    <motionState vehicle="0" speed="3712" time="3280" acceleration="5792"/>
    <motionState vehicle="1" speed="3308" time="3280" acceleration="-214"/>
    <motionState vehicle="2" speed="3911" time="3280" acceleration="8867"/>
    <motionState vehicle="3" speed="2871" time="3280" acceleration="-1802"/>
    <motionState vehicle="4" speed="4433" time="3280" acceleration="13636"/>
    <motionState vehicle="5" speed="2291" time="3280" acceleration="-559"/>
    <motionState vehicle="6" speed="1998" time="3280" acceleration="1551"/>
    <motionState vehicle="7" speed="2056" time="3280" acceleration="2399"/>
    <motionState vehicle="8" speed="2203" time="3280" acceleration="3908"/>
    <motionState vehicle="9" speed="2507" time="3280" acceleration="5577"/>
    <motionState vehicle="10" speed="2977" time="3280" acceleration="5635"/>
    <motionState vehicle="11" speed="3436" time="3280" acceleration="2332"/>
    <motionState vehicle="0" speed="3718" time="3290" acceleration="5785"/>
    <motionState vehicle="1" speed="3308" time="3290" acceleration="-266"/>
    <motionState vehicle="2" speed="3920" time="3290" acceleration="8877"/>
    <motionState vehicle="3" speed="2870" time="3290" acceleration="-1827"/>
    <motionState vehicle="4" speed="4447" time="3290" acceleration="13636"/>
    <motionState vehicle="5" speed="2291" time="3290" acceleration="-562"/>
    <motionState vehicle="6" speed="2000" time="3290" acceleration="1550"/>
    <motionState vehicle="7" speed="2058" time="3290" acceleration="2404"/>
    <motionState vehicle="8" speed="2207" time="3290" acceleration="3916"/>
    <motionState vehicle="9" speed="2512" time="3290" acceleration="5569"/>
    <motionState vehicle="10" speed="2983" time="3290" acceleration="5595"/>
    <motionState vehicle="11" speed="3439" time="3290" acceleration="2276"/>
    <motionState vehicle="0" speed="3724" time="3300" acceleration="5779"/>
    <motionState vehicle="1" speed="3307" time="3300" acceleration="-317"/>
    <motionState vehicle="2" speed="3929" time="3300" acceleration="8887"/>
    <motionState vehicle="3" speed="2868" time="3300" acceleration="-1851"/>
    <motionState vehicle="4" speed="4460" time="3300" acceleration="13636"/>
    <motionState vehicle="5" speed="2290" time="3300" acceleration="-564"/>
    <motionState vehicle="6" speed="2002" time="3300" acceleration="1549"/>
    <motionState vehicle="7" speed="2061" time="3300" acceleration="2409"/>
    <motionState vehicle="8" speed="2211" time="3300" acceleration="3923"/>
    <motionState vehicle="9" speed="2518" time="3300" acceleration="5562"/>
    <motionState vehicle="10" speed="2988" time="3300" acceleration="5556"/>
    <motionState vehicle="11" speed="3441" time="3300" acceleration="2220"/>
    <motionState vehicle="0" speed="3730" time="3310" acceleration="5773"/>
    <motionState vehicle="1" speed="3307" time="3310" acceleration="-368"/>
    <motionState vehicle="2" speed="3937" time="3310" acceleration="8898"/>
    <motionState vehicle="3" speed="2866" time="3310" acceleration="-1875"/>
    <motionState vehicle="4" speed="4474" time="3310" acceleration="13636"/>
    <motionState vehicle="5" speed="2289" time="3310" acceleration="-566"/>
    <motionState vehicle="6" speed="2003" time="3310" acceleration="1548"/>
    <motionState vehicle="7" speed="2063" time="3310" acceleration="2415"/>
    <motionState vehicle="8" speed="2215" time="3310" acceleration="3930"/>
    <motionState vehicle="9" speed="2524" time="3310" acceleration="5554"/>
    <motionState vehicle="10" speed="2994" time="3310" acceleration="5516"/>
    <motionState vehicle="11" speed="3443" time="3310" acceleration="2165"/>
    <motionState vehicle="0" speed="3735" time="3320" acceleration="5768"/>
    <motionState vehicle="1" speed="3307" time="3320" acceleration="-419"/>
    <motionState vehicle="2" speed="3946" time="3320" acceleration="8909"/>
    <motionState vehicle="3" speed="2864" time="3320" acceleration="-1899"/>
    <motionState vehicle="4" speed="4488" time="3320" acceleration="13636"/>
    <motionState vehicle="5" speed="2289" time="3320" acceleration="-567"/>
    <motionState vehicle="6" speed="2005" time="3320" acceleration="1548"/>
    <motionState vehicle="7" speed="2065" time="3320" acceleration="2421"/>
    <motionState vehicle="8" speed="2219" time="3320" acceleration="3937"/>
    <motionState vehicle="9" speed="2529" time="3320" acceleration="5546"/>
    <motionState vehicle="10" speed="2999" time="3320" acceleration="5476"/>
    <motionState vehicle="11" speed="3445" time="3320" acceleration="2110"/>
    <motionState vehicle="0" speed="3741" time="3330" acceleration="5764"/>
    <motionState vehicle="1" speed="3306" time="3330" acceleration="-469"/>
    <motionState vehicle="2" speed="3955" time="3330" acceleration="8920"/>
    <motionState vehicle="3" speed="2862" time="3330" acceleration="-1922"/>
    <motionState vehicle="4" speed="4501" time="3330" acceleration="13636"/>
    <motionState vehicle="5" speed="2288" time="3330" acceleration="-569"/>
    <motionState vehicle="6" speed="2006" time="3330" acceleration="1547"/>
    <motionState vehicle="7" speed="2068" time="3330" acceleration="2426"/>
    <motionState vehicle="8" speed="2223" time="3330" acceleration="3944"/>
    <motionState vehicle="9" speed="2535" time="3330" acceleration="5537"/>
    <motionState vehicle="10" speed="3005" time="3330" acceleration="5436"/>
    <motionState vehicle="11" speed="3447" time="3330" acceleration="2055"/>
    <motionState vehicle="0" speed="3747" time="3340" acceleration="5759"/>
    <motionState vehicle="1" speed="3306" time="3340" acceleration="-518"/>
    <motionState vehicle="2" speed="3964" time="3340" acceleration="8932"/>
    <motionState vehicle="3" speed="2860" time="3340" acceleration="-1944"/>
    <motionState vehicle="4" speed="4515" time="3340" acceleration="13636"/>
    <motionState vehicle="5" speed="2288" time="3340" acceleration="-570"/>
    <motionState vehicle="6" speed="2008" time="3340" acceleration="1547"/>
    <motionState vehicle="7" speed="2070" time="3340" acceleration="2432"/>
    <motionState vehicle="8" speed="2226" time="3340" acceleration="3951"/>
    <motionState vehicle="9" speed="2540" time="3340" acceleration="5529"/>
    <motionState vehicle="10" speed="3010" time="3340" acceleration="5397"/>
    <motionState vehicle="11" speed="3449" time="3340" acceleration="2000"/>
    <motionState vehicle="0" speed="3753" time="3350" acceleration="5756"/>
    <motionState vehicle="1" speed="3305" time="3350" acceleration="-567"/>
    <motionState vehicle="2" speed="3973" time="3350" acceleration="8943"/>
    <motionState vehicle="3" speed="2858" time="3350" acceleration="-1966"/>
    <motionState vehicle="4" speed="4528" time="3350" acceleration="13636"/>
    <motionState vehicle="5" speed="2287" time="3350" acceleration="-571"/>
    <motionState vehicle="6" speed="2009" time="3350" acceleration="1546"/>
    <motionState vehicle="7" speed="2073" time="3350" acceleration="2438"/>
    <motionState vehicle="8" speed="2230" time="3350" acceleration="3958"/>
    <motionState vehicle="9" speed="2546" time="3350" acceleration="5520"/>
    <motionState vehicle="10" speed="3016" time="3350" acceleration="5356"/>
    <motionState vehicle="11" speed="3451" time="3350" acceleration="1946"/>
    <motionState vehicle="0" speed="3758" time="3360" acceleration="5752"/>
    <motionState vehicle="1" speed="3304" time="3360" acceleration="-615"/>
    <motionState vehicle="2" speed="3982" time="3360" acceleration="8955"/>
    <motionState vehicle="3" speed="2856" time="3360" acceleration="-1987"/>
    <motionState vehicle="4" speed="4542" time="3360" acceleration="13636"/>
    <motionState vehicle="5" speed="2287" time="3360" acceleration="-572"/>
    <motionState vehicle="6" speed="2011" time="3360" acceleration="1546"/>
    <motionState vehicle="7" speed="2075" time="3360" acceleration="2444"/>
    <motionState vehicle="8" speed="2234" time="3360" acceleration="3965"/>
    <motionState vehicle="9" speed="2551" time="3360" acceleration="5511"/>
    <motionState vehicle="10" speed="3021" time="3360" acceleration="5316"/>
    <motionState vehicle="11" speed="3453" time="3360" acceleration="1893"/>
    <motionState vehicle="0" speed="3764" time="3370" acceleration="5749"/>
    <motionState vehicle="1" speed="3304" time="3370" acceleration="-663"/>
    <motionState vehicle="2" speed="3991" time="3370" acceleration="8967"/>
    <motionState vehicle="3" speed="2854" time="3370" acceleration="-2008"/>
    <motionState vehicle="4" speed="4556" time="3370" acceleration="13636"/>
    <motionState vehicle="5" speed="2286" time="3370" acceleration="-572"/>
    <motionState vehicle="6" speed="2012" time="3370" acceleration="1546"/>
    <motionState vehicle="7" speed="2078" time="3370" acceleration="2450"/>
    <motionState vehicle="8" speed="2238" time="3370" acceleration="3972"/>
    <motionState vehicle="9" speed="2557" time="3370" acceleration="5502"/>
    <motionState vehicle="10" speed="3026" time="3370" acceleration="5276"/>
    <motionState vehicle="11" speed="3455" time="3370" acceleration="1839"/>
    <motionState vehicle="0" speed="3770" time="3380" acceleration="5747"/>
    <motionState vehicle="1" speed="3303" time="3380" acceleration="-710"/>
    <motionState vehicle="2" speed="4000" time="3380" acceleration="8979"/>
    <motionState vehicle="3" speed="2852" time="3380" acceleration="-2028"/>
    <motionState vehicle="4" speed="4569" time="3380" acceleration="13636"/>
    <motionState vehicle="5" speed="2285" time="3380" acceleration="-573"/>
    <motionState vehicle="6" speed="2014" time="3380" acceleration="1546"/>
    <motionState vehicle="7" speed="2080" time="3380" acceleration="2456"/>
    <motionState vehicle="8" speed="2242" time="3380" acceleration="3979"/>
    <motionState vehicle="9" speed="2562" time="3380" acceleration="5493"/>
    <motionState vehicle="10" speed="3031" time="3380" acceleration="5236"/>
    <motionState vehicle="11" speed="3457" time="3380" acceleration="1786"/>
    <motionState vehicle="0" speed="3776" time="3390" acceleration="5745"/>
    <motionState vehicle="1" speed="3302" time="3390" acceleration="-756"/>
    <motionState vehicle="2" speed="4009" time="3390" acceleration="8992"/>
    <motionState vehicle="3" speed="2850" time="3390" acceleration="-2048"/>
    <motionState vehicle="4" speed="4583" time="3390" acceleration="13636"/>
    <motionState vehicle="5" speed="2285" time="3390" acceleration="-573"/>
    <motionState vehicle="6" speed="2015" time="3390" acceleration="1546"/>
    <motionState vehicle="7" speed="2083" time="3390" acceleration="2463"/>
    <motionState vehicle="8" speed="2246" time="3390" acceleration="3985"/>
    <motionState vehicle="9" speed="2568" time="3390" acceleration="5483"/>
    <motionState vehicle="10" speed="3037" time="3390" acceleration="5196"/>
    <motionState vehicle="11" speed="3458" time="3390" acceleration="1733"/>
    <motionState vehicle="0" speed="3781" time="3400" acceleration="5744"/>
    <motionState vehicle="1" speed="3301" time="3400" acceleration="-802"/>
    <motionState vehicle="2" speed="4018" time="3400" acceleration="9004"/>
    <motionState vehicle="3" speed="2848" time="3400" acceleration="-2068"/>
    <motionState vehicle="4" speed="4597" time="3400" acceleration="13636"/>
    <motionState vehicle="5" speed="2284" time="3400" acceleration="-573"/>
    <motionState vehicle="6" speed="2017" time="3400" acceleration="1547"/>
    <motionState vehicle="7" speed="2085" time="3400" acceleration="2469"/>
    <motionState vehicle="8" speed="2250" time="3400" acceleration="3992"/>
    <motionState vehicle="9" speed="2573" time="3400" acceleration="5473"/>
    <motionState vehicle="10" speed="3042" time="3400" acceleration="5155"/>
    <motionState vehicle="11" speed="3460" time="3400" acceleration="1680"/>
    <motionState vehicle="0" speed="3787" time="3410" acceleration="5743"/>
    <motionState vehicle="1" speed="3301" time="3410" acceleration="-848"/>
    <motionState vehicle="2" speed="4027" time="3410" acceleration="9017"/>
    <motionState vehicle="3" speed="2846" time="3410" acceleration="-2087"/>
    <motionState vehicle="4" speed="4610" time="3410" acceleration="13636"/>
    <motionState vehicle="5" speed="2284" time="3410" acceleration="-573"/>
    <motionState vehicle="6" speed="2019" time="3410" acceleration="1547"/>
    <motionState vehicle="7" speed="2088" time="3410" acceleration="2475"/>
    <motionState vehicle="8" speed="2254" time="3410" acceleration="3998"/>
    <motionState vehicle="9" speed="2579" time="3410" acceleration="5463"/>
    <motionState vehicle="10" speed="3047" time="3410" acceleration="5115"/>
    <motionState vehicle="11" speed="3462" time="3410" acceleration="1628"/>
    <motionState vehicle="0" speed="3793" time="3420" acceleration="5742"/>
    <motionState vehicle="1" speed="3300" time="3420" acceleration="-892"/>
    <motionState vehicle="2" speed="4036" time="3420" acceleration="9030"/>
    <motionState vehicle="3" speed="2844" time="3420" acceleration="-2105"/>
    <motionState vehicle="4" speed="4624" time="3420" acceleration="13636"/>
    <motionState vehicle="5" speed="2283" time="3420" acceleration="-572"/>
    <motionState vehicle="6" speed="2020" time="3420" acceleration="1548"/>
    <motionState vehicle="7" speed="2090" time="3420" acceleration="2482"/>
    <motionState vehicle="8" speed="2258" time="3420" acceleration="4005"/>
    <motionState vehicle="9" speed="2584" time="3420" acceleration="5453"/>
    <motionState vehicle="10" speed="3052" time="3420" acceleration="5074"/>
    <motionState vehicle="11" speed="3463" time="3420" acceleration="1576"/>
    <motionState vehicle="0" speed="3799" time="3430" acceleration="5742"/>
    <motionState vehicle="1" speed="3299" time="3430" acceleration="-937"/>
    <motionState vehicle="2" speed="4045" time="3430" acceleration="9044"/>
    <motionState vehicle="3" speed="2842" time="3430" acceleration="-2123"/>
    <motionState vehicle="4" speed="4638" time="3430" acceleration="13636"/>
    <motionState vehicle="5" speed="2283" time="3430" acceleration="-572"/>
    <motionState vehicle="6" speed="2022" time="3430" acceleration="1549"/>
    <motionState vehicle="7" speed="2092" time="3430" acceleration="2488"/>
    <motionState vehicle="8" speed="2262" time="3430" acceleration="4011"/>
    <motionState vehicle="9" speed="2589" time="3430" acceleration="5442"/>
    <motionState vehicle="10" speed="3057" time="3430" acceleration="5034"/>
    <motionState vehicle="11" speed="3465" time="3430" acceleration="1524"/>
    <motionState vehicle="0" speed="3804" time="3440" acceleration="5742"/>
    <motionState vehicle="1" speed="3298" time="3440" acceleration="-981"/>
    <motionState vehicle="2" speed="4054" time="3440" acceleration="9057"/>
    <motionState vehicle="3" speed="2840" time="3440" acceleration="-2140"/>
    <motionState vehicle="4" speed="4651" time="3440" acceleration="13636"/>
    <motionState vehicle="5" speed="2282" time="3440" acceleration="-571"/>
    <motionState vehicle="6" speed="2023" time="3440" acceleration="1550"/>
    <motionState vehicle="7" speed="2095" time="3440" acceleration="2495"/>
    <motionState vehicle="8" speed="2266" time="3440" acceleration="4017"/>
    <motionState vehicle="9" speed="2595" time="3440" acceleration="5432"/>
    <motionState vehicle="10" speed="3062" time="3440" acceleration="4993"/>
    <motionState vehicle="11" speed="3466" time="3440" acceleration="1473"/>
    <motionState vehicle="0" speed="3810" time="3450" acceleration="5743"/>
    <motionState vehicle="1" speed="3297" time="3450" acceleration="-1024"/>
    <motionState vehicle="2" speed="4063" time="3450" acceleration="9071"/>
    <motionState vehicle="3" speed="2837" time="3450" acceleration="-2157"/>
    <motionState vehicle="4" speed="4665" time="3450" acceleration="13636"/>
    <motionState vehicle="5" speed="2281" time="3450" acceleration="-570"/>
    <motionState vehicle="6" speed="2025" time="3450" acceleration="1551"/>
    <motionState vehicle="7" speed="2097" time="3450" acceleration="2502"/>
    <motionState vehicle="8" speed="2270" time="3450" acceleration="4024"/>
    <motionState vehicle="9" speed="2600" time="3450" acceleration="5421"/>
    <motionState vehicle="10" speed="3067" time="3450" acceleration="4953"/>
    <motionState vehicle="11" speed="3468" time="3450" acceleration="1422"/>
    <motionState vehicle="0" speed="3816" time="3460" acceleration="5744"/>
    <motionState vehicle="1" speed="3296" time="3460" acceleration="-1067"/>
    <motionState vehicle="2" speed="4072" time="3460" acceleration="9084"/>
    <motionState vehicle="3" speed="2835" time="3460" acceleration="-2174"/>
    <motionState vehicle="4" speed="4678" time="3460" acceleration="13636"/>
    <motionState vehicle="5" speed="2281" time="3460" acceleration="-569"/>
    <motionState vehicle="6" speed="2026" time="3460" acceleration="1552"/>
    <motionState vehicle="7" speed="2100" time="3460" acceleration="2509"/>
    <motionState vehicle="8" speed="2274" time="3460" acceleration="4030"/>
    <motionState vehicle="9" speed="2606" time="3460" acceleration="5410"/>
    <motionState vehicle="10" speed="3072" time="3460" acceleration="4912"/>
    <motionState vehicle="11" speed="3469" time="3460" acceleration="1371"/>
    <motionState vehicle="0" speed="3822" time="3470" acceleration="5745"/>
    <motionState vehicle="1" speed="3295" time="3470" acceleration="-1109"/>
    <motionState vehicle="2" speed="4081" time="3470" acceleration="9098"/>
    <motionState vehicle="3" speed="2833" time="3470" acceleration="-2190"/>
    <motionState vehicle="4" speed="4692" time="3470" acceleration="13636"/>
    <motionState vehicle="5" speed="2280" time="3470" acceleration="-568"/>
    <motionState vehicle="6" speed="2028" time="3470" acceleration="1553"/>
    <motionState vehicle="7" speed="2103" time="3470" acceleration="2515"/>
    <motionState vehicle="8" speed="2278" time="3470" acceleration="4036"/>
    <motionState vehicle="9" speed="2611" time="3470" acceleration="5398"/>
    <motionState vehicle="10" speed="3077" time="3470" acceleration="4871"/>
    <motionState vehicle="11" speed="3470" time="3470" acceleration="1321"/>
    <motionState vehicle="0" speed="3827" time="3480" acceleration="5747"/>
    <motionState vehicle="1" speed="3293" time="3480" acceleration="-1150"/>
    <motionState vehicle="2" speed="4091" time="3480" acceleration="9112"/>
    <motionState vehicle="3" speed="2831" time="3480" acceleration="-2205"/>
    <motionState vehicle="4" speed="4706" time="3480" acceleration="13636"/>
    <motionState vehicle="5" speed="2280" time="3480" acceleration="-566"/>
    <motionState vehicle="6" speed="2029" time="3480" acceleration="1554"/>
    <motionState vehicle="7" speed="2105" time="3480" acceleration="2522"/>
    <motionState vehicle="8" speed="2283" time="3480" acceleration="4042"/>
    <motionState vehicle="9" speed="2617" time="3480" acceleration="5387"/>
    <motionState vehicle="10" speed="3082" time="3480" acceleration="4830"/>
    <motionState vehicle="11" speed="3472" time="3480" acceleration="1271"/>
    <motionState vehicle="0" speed="3833" time="3490" acceleration="5749"/>
    <motionState vehicle="1" speed="3292" time="3490" acceleration="-1192"/>
    <motionState vehicle="2" speed="4100" time="3490" acceleration="9126"/>
    <motionState vehicle="3" speed="2829" time="3490" acceleration="-2220"/>
    <motionState vehicle="4" speed="4719" time="3490" acceleration="13636"/>
    <motionState vehicle="5" speed="2279" time="3490" acceleration="-564"/>
    <motionState vehicle="6" speed="2031" time="3490" acceleration="1556"/>
    <motionState vehicle="7" speed="2108" time="3490" acceleration="2529"/>
    <motionState vehicle="8" speed="2287" time="3490" acceleration="4048"/>
    <motionState vehicle="9" speed="2622" time="3490" acceleration="5375"/>
    <motionState vehicle="10" speed="3086" time="3490" acceleration="4790"/>
    <motionState vehicle="11" speed="3473" time="3490" acceleration="1221"/>
    <motionState vehicle="0" speed="3839" time="3500" acceleration="5752"/>
    <motionState vehicle="1" speed="3291" time="3500" acceleration="-1232"/>
    <motionState vehicle="2" speed="4109" time="3500" acceleration="9141"/>
    <motionState vehicle="3" speed="2826" time="3500" acceleration="-2235"/>
    <motionState vehicle="4" speed="4733" time="3500" acceleration="13636"/>
    <motionState vehicle="5" speed="2279" time="3500" acceleration="-563"/>
    <motionState vehicle="6" speed="2032" time="3500" acceleration="1558"/>
    <motionState vehicle="7" speed="2110" time="3500" acceleration="2537"/>
    <motionState vehicle="8" speed="2291" time="3500" acceleration="4053"/>
    <motionState vehicle="9" speed="2627" time="3500" acceleration="5363"/>
    <motionState vehicle="10" speed="3091" time="3500" acceleration="4749"/>
    <motionState vehicle="11" speed="3474" time="3500" acceleration="1172"/>
    <motionState vehicle="0" speed="3845" time="3510" acceleration="5755"/>
    <motionState vehicle="1" speed="3290" time="3510" acceleration="-1272"/>
    <motionState vehicle="2" speed="4118" time="3510" acceleration="9155"/>
    <motionState vehicle="3" speed="2824" time="3510" acceleration="-2249"/>
    <motionState vehicle="4" speed="4747" time="3510" acceleration="13636"/>
    <motionState vehicle="5" speed="2278" time="3510" acceleration="-561"/>
    <motionState vehicle="6" speed="2034" time="3510" acceleration="1559"/>
    <motionState vehicle="7" speed="2113" time="3510" acceleration="2544"/>
    <motionState vehicle="8" speed="2295" time="3510" acceleration="4059"/>
    <motionState vehicle="9" speed="2633" time="3510" acceleration="5351"/>
    <motionState vehicle="10" speed="3096" time="3510" acceleration="4708"/>
    <motionState vehicle="11" speed="3475" time="3510" acceleration="1122"/>
    <motionState vehicle="0" speed="3850" time="3520" acceleration="5758"/>
    <motionState vehicle="1" speed="3288" time="3520" acceleration="-1312"/>
    <motionState vehicle="2" speed="4127" time="3520" acceleration="9170"/>
    <motionState vehicle="3" speed="2822" time="3520" acceleration="-2263"/>
    <motionState vehicle="4" speed="4760" time="3520" acceleration="13636"/>
    <motionState vehicle="5" speed="2278" time="3520" acceleration="-558"/>
    <motionState vehicle="6" speed="2036" time="3520" acceleration="1561"/>
    <motionState vehicle="7" speed="2115" time="3520" acceleration="2551"/>
    <motionState vehicle="8" speed="2299" time="3520" acceleration="4065"/>
    <motionState vehicle="9" speed="2638" time="3520" acceleration="5339"/>
    <motionState vehicle="10" speed="3101" time="3520" acceleration="4667"/>
    <motionState vehicle="11" speed="3476" time="3520" acceleration="1074"/>
    <motionState vehicle="0" speed="3856" time="3530" acceleration="5762"/>
    <motionState vehicle="1" speed="3287" time="3530" acceleration="-1351"/>
    <motionState vehicle="2" speed="4136" time="3530" acceleration="9185"/>
    <motionState vehicle="3" speed="2820" time="3530" acceleration="-2277"/>
    <motionState vehicle="4" speed="4774" time="3530" acceleration="13636"/>
    <motionState vehicle="5" speed="2277" time="3530" acceleration="-556"/>
    <motionState vehicle="6" speed="2037" time="3530" acceleration="1563"/>
    <motionState vehicle="7" speed="2118" time="3530" acceleration="2558"/>
    <motionState vehicle="8" speed="2303" time="3530" acceleration="4070"/>
    <motionState vehicle="9" speed="2643" time="3530" acceleration="5326"/>
    <motionState vehicle="10" speed="3105" time="3530" acceleration="4626"/>
    <motionState vehicle="11" speed="3477" time="3530" acceleration="1025"/>
    <motionState vehicle="0" speed="3862" time="3540" acceleration="5766"/>
    <motionState vehicle="1" speed="3286" time="3540" acceleration="-1390"/>
    <motionState vehicle="2" speed="4146" time="3540" acceleration="9200"/>
    <motionState vehicle="3" speed="2817" time="3540" acceleration="-2290"/>
    <motionState vehicle="4" speed="4788" time="3540" acceleration="13636"/>
    <motionState vehicle="5" speed="2276" time="3540" acceleration="-553"/>
    <motionState vehicle="6" speed="2039" time="3540" acceleration="1566"/>
    <motionState vehicle="7" speed="2120" time="3540" acceleration="2565"/>
    <motionState vehicle="8" speed="2307" time="3540" acceleration="4075"/>
    <motionState vehicle="9" speed="2649" time="3540" acceleration="5313"/>
    <motionState vehicle="10" speed="3110" time="3540" acceleration="4585"/>
    <motionState vehicle="11" speed="3478" time="3540" acceleration="977"/>
    <motionState vehicle="0" speed="3868" time="3550" acceleration="5771"/>
    <motionState vehicle="1" speed="3284" time="3550" acceleration="-1428"/>
    <motionState vehicle="2" speed="4155" time="3550" acceleration="9215"/>
    <motionState vehicle="3" speed="2815" time="3550" acceleration="-2302"/>
    <motionState vehicle="4" speed="4801" time="3550" acceleration="13636"/>
    <motionState vehicle="5" speed="2276" time="3550" acceleration="-551"/>
    <motionState vehicle="6" speed="2040" time="3550" acceleration="1568"/>
    <motionState vehicle="7" speed="2123" time="3550" acceleration="2573"/>
    <motionState vehicle="8" speed="2311" time="3550" acceleration="4081"/>
    <motionState vehicle="9" speed="2654" time="3550" acceleration="5300"/>
    <motionState vehicle="10" speed="3114" time="3550" acceleration="4544"/>
    <motionState vehicle="11" speed="3479" time="3550" acceleration="929"/>
    <motionState vehicle="0" speed="3873" time="3560" acceleration="5776"/>
    <motionState vehicle="1" speed="3283" time="3560" acceleration="-1466"/>
    <motionState vehicle="2" speed="4164" time="3560" acceleration="9230"/>
    <motionState vehicle="3" speed="2813" time="3560" acceleration="-2314"/>
    <motionState vehicle="4" speed="4815" time="3560" acceleration="13636"/>
    <motionState vehicle="5" speed="2275" time="3560" acceleration="-548"/>
    <motionState vehicle="6" speed="2042" time="3560" acceleration="1570"/>
    <motionState vehicle="7" speed="2125" time="3560" acceleration="2580"/>
    <motionState vehicle="8" speed="2315" time="3560" acceleration="4086"/>
    <motionState vehicle="9" speed="2659" time="3560" acceleration="5287"/>
    <motionState vehicle="10" speed="3119" time="3560" acceleration="4503"/>
    <motionState vehicle="11" speed="3480" time="3560" acceleration="881"/>
    <motionState vehicle="0" speed="3879" time="3570" acceleration="5781"/>
    <motionState vehicle="1" speed="3281" time="3570" acceleration="-1503"/>
    <motionState vehicle="2" speed="4173" time="3570" acceleration="9245"/>
    <motionState vehicle="3" speed="2810" time="3570" acceleration="-2326"/>
    <motionState vehicle="4" speed="4828" time="3570" acceleration="13636"/>
    <motionState vehicle="5" speed="2275" time="3570" acceleration="-545"/>
    <motionState vehicle="6" speed="2043" time="3570" acceleration="1573"/>
    <motionState vehicle="7" speed="2128" time="3570" acceleration="2588"/>
    <motionState vehicle="8" speed="2319" time="3570" acceleration="4091"/>
    <motionState vehicle="9" speed="2664" time="3570" acceleration="5274"/>
    <motionState vehicle="10" speed="3123" time="3570" acceleration="4462"/>
    <motionState vehicle="11" speed="3481" time="3570" acceleration="834"/>
    <motionState vehicle="0" speed="3885" time="3580" acceleration="5787"/>
    <motionState vehicle="1" speed="3280" time="3580" acceleration="-1539"/>
    <motionState vehicle="2" speed="4182" time="3580" acceleration="9261"/>
    <motionState vehicle="3" speed="2808" time="3580" acceleration="-2337"/>
    <motionState vehicle="4" speed="4842" time="3580" acceleration="13636"/>
    <motionState vehicle="5" speed="2274" time="3580" acceleration="-542"/>
    <motionState vehicle="6" speed="2045" time="3580" acceleration="1575"/>
    <motionState vehicle="7" speed="2131" time="3580" acceleration="2595"/>
    <motionState vehicle="8" speed="2323" time="3580" acceleration="4096"/>
    <motionState vehicle="9" speed="2670" time="3580" acceleration="5260"/>
    <motionState vehicle="10" speed="3128" time="3580" acceleration="4421"/>
    <motionState vehicle="11" speed="3482" time="3580" acceleration="787"/>
    <motionState vehicle="0" speed="3891" time="3590" acceleration="5793"/>
    <motionState vehicle="1" speed="3278" time="3590" acceleration="-1575"/>
    <motionState vehicle="2" speed="4192" time="3590" acceleration="9276"/>
    <motionState vehicle="3" speed="2806" time="3590" acceleration="-2348"/>
    <motionState vehicle="4" speed="4856" time="3590" acceleration="13636"/>
    <motionState vehicle="5" speed="2274" time="3590" acceleration="-538"/>
    <motionState vehicle="6" speed="2047" time="3590" acceleration="1578"/>
    <motionState vehicle="7" speed="2133" time="3590" acceleration="2603"/>
    <motionState vehicle="8" speed="2327" time="3590" acceleration="4101"/>
    <motionState vehicle="9" speed="2675" time="3590" acceleration="5246"/>
    <motionState vehicle="10" speed="3132" time="3590" acceleration="4380"/>
    <motionState vehicle="11" speed="3482" time="3590" acceleration="740"/>
    <motionState vehicle="0" speed="3897" time="3600" acceleration="5799"/>
    <motionState vehicle="1" speed="3276" time="3600" acceleration="-1611"/>
    <motionState vehicle="2" speed="4201" time="3600" acceleration="9292"/>
    <motionState vehicle="3" speed="2803" time="3600" acceleration="-2359"/>
    <motionState vehicle="4" speed="4869" time="3600" acceleration="13636"/>
    <motionState vehicle="5" speed="2273" time="3600" acceleration="-535"/>
    <motionState vehicle="6" speed="2048" time="3600" acceleration="1581"/>
    <motionState vehicle="7" speed="2136" time="3600" acceleration="2610"/>
    <motionState vehicle="8" speed="2331" time="3600" acceleration="4105"/>
    <motionState vehicle="9" speed="2680" time="3600" acceleration="5232"/>
    <motionState vehicle="10" speed="3136" time="3600" acceleration="4339"/>
    <motionState vehicle="11" speed="3483" time="3600" acceleration="694"/>
    <motionState vehicle="0" speed="3902" time="3610" acceleration="5806"/>
    <motionState vehicle="1" speed="3275" time="3610" acceleration="-1646"/>
    <motionState vehicle="2" speed="4210" time="3610" acceleration="9308"/>
    <motionState vehicle="3" speed="2801" time="3610" acceleration="-2369"/>
    <motionState vehicle="4" speed="4883" time="3610" acceleration="13636"/>
    <motionState vehicle="5" speed="2273" time="3610" acceleration="-531"/>
    <motionState vehicle="6" speed="2050" time="3610" acceleration="1584"/>
    <motionState vehicle="7" speed="2138" time="3610" acceleration="2618"/>
    <motionState vehicle="8" speed="2336" time="3610" acceleration="4110"/>
    <motionState vehicle="9" speed="2685" time="3610" acceleration="5218"/>
    <motionState vehicle="10" speed="3141" time="3610" acceleration="4298"/>
    <motionState vehicle="11" speed="3484" time="3610" acceleration="648"/>
    <motionState vehicle="0" speed="3908" time="3620" acceleration="5813"/>
    <motionState vehicle="1" speed="3273" time="3620" acceleration="-1681"/>
    <motionState vehicle="2" speed="4220" time="3620" acceleration="9324"/>
    <motionState vehicle="3" speed="2799" time="3620" acceleration="-2379"/>
    <motionState vehicle="4" speed="4897" time="3620" acceleration="13636"/>
    <motionState vehicle="5" speed="2272" time="3620" acceleration="-527"/>
    <motionState vehicle="6" speed="2051" time="3620" acceleration="1587"/>
    <motionState vehicle="7" speed="2141" time="3620" acceleration="2626"/>
    <motionState vehicle="8" speed="2340" time="3620" acceleration="4115"/>
    <motionState vehicle="9" speed="2691" time="3620" acceleration="5204"/>
    <motionState vehicle="10" speed="3145" time="3620" acceleration="4257"/>
    <motionState vehicle="11" speed="3484" time="3620" acceleration="602"/>
    <motionState vehicle="0" speed="3914" time="3630" acceleration="5820"/>
    <motionState vehicle="1" speed="3271" time="3630" acceleration="-1715"/>
    <motionState vehicle="2" speed="4229" time="3630" acceleration="9340"/>
    <motionState vehicle="3" speed="2796" time="3630" acceleration="-2388"/>
    <motionState vehicle="4" speed="4910" time="3630" acceleration="13636"/>
    <motionState vehicle="5" speed="2272" time="3630" acceleration="-523"/>
    <motionState vehicle="6" speed="2053" time="3630" acceleration="1590"/>
    <motionState vehicle="7" speed="2144" time="3630" acceleration="2633"/>
    <motionState vehicle="8" speed="2344" time="3630" acceleration="4119"/>
    <motionState vehicle="9" speed="2696" time="3630" acceleration="5189"/>
    <motionState vehicle="10" speed="3149" time="3630" acceleration="4216"/>
    <motionState vehicle="11" speed="3485" time="3630" acceleration="557"/>
    <motionState vehicle="0" speed="3920" time="3640" acceleration="5828"/>
    <motionState vehicle="1" speed="3270" time="3640" acceleration="-1749"/>
    <motionState vehicle="2" speed="4238" time="3640" acceleration="9356"/>
    <motionState vehicle="3" speed="2794" time="3640" acceleration="-2397"/>
    <motionState vehicle="4" speed="4924" time="3640" acceleration="13636"/>
    <motionState vehicle="5" speed="2271" time="3640" acceleration="-519"/>
    <motionState vehicle="6" speed="2055" time="3640" acceleration="1593"/>
    <motionState vehicle="7" speed="2146" time="3640" acceleration="2641"/>
    <motionState vehicle="8" speed="2348" time="3640" acceleration="4123"/>
    <motionState vehicle="9" speed="2701" time="3640" acceleration="5174"/>
    <motionState vehicle="10" speed="3153" time="3640" acceleration="4175"/>
    <motionState vehicle="11" speed="3485" time="3640" acceleration="512"/>
    <motionState vehicle="0" speed="3926" time="3650" acceleration="5836"/>
    <motionState vehicle="1" speed="3268" time="3650" acceleration="-1782"/>
    <motionState vehicle="2" speed="4248" time="3650" acceleration="9372"/>
    <motionState vehicle="3" speed="2791" time="3650" acceleration="-2406"/>
    <motionState vehicle="4" speed="4938" time="3650" acceleration="13636"/>
    <motionState vehicle="5" speed="2271" time="3650" acceleration="-515"/>
    <motionState vehicle="6" speed="2056" time="3650" acceleration="1597"/>
    <motionState vehicle="7" speed="2149" time="3650" acceleration="2649"/>
    <motionState vehicle="8" speed="2352" time="3650" acceleration="4127"/>
    <motionState vehicle="9" speed="2706" time="3650" acceleration="5159"/>
    <motionState vehicle="10" speed="3157" time="3650" acceleration="4134"/>
    <motionState vehicle="11" speed="3486" time="3650" acceleration="467"/>
    <motionState vehicle="0" speed="3932" time="3660" acceleration="5845"/>
    <motionState vehicle="1" speed="3266" time="3660" acceleration="-1815"/>
    <motionState vehicle="2" speed="4257" time="3660" acceleration="9388"/>
    <motionState vehicle="3" speed="2789" time="3660" acceleration="-2414"/>
    <motionState vehicle="4" speed="4951" time="3660" acceleration="13636"/>
    <motionState vehicle="5" speed="2270" time="3660" acceleration="-511"/>
    <motionState vehicle="6" speed="2058" time="3660" acceleration="1600"/>
    <motionState vehicle="7" speed="2152" time="3660" acceleration="2657"/>
    <motionState vehicle="8" speed="2356" time="3660" acceleration="4132"/>
    <motionState vehicle="9" speed="2711" time="3660" acceleration="5144"/>
    <motionState vehicle="10" speed="3162" time="3660" acceleration="4092"/>
    <motionState vehicle="11" speed="3486" time="3660" acceleration="422"/>
    <motionState vehicle="0" speed="3937" time="3670" acceleration="5853"/>
    <motionState vehicle="1" speed="3264" time="3670" acceleration="-1847"/>
    <motionState vehicle="2" speed="4267" time="3670" acceleration="9405"/>
    <motionState vehicle="3" speed="2787" time="3670" acceleration="-2422"/>
    <motionState vehicle="4" speed="4965" time="3670" acceleration="13636"/>
    <motionState vehicle="5" speed="2270" time="3670" acceleration="-506"/>
    <motionState vehicle="6" speed="2059" time="3670" acceleration="1604"/>
    <motionState vehicle="7" speed="2154" time="3670" acceleration="2665"/>
    <motionState vehicle="8" speed="2360" time="3670" acceleration="4135"/>
    <motionState vehicle="9" speed="2716" time="3670" acceleration="5129"/>
    <motionState vehicle="10" speed="3166" time="3670" acceleration="4051"/>
    <motionState vehicle="11" speed="3487" time="3670" acceleration="378"/>
    <motionState vehicle="0" speed="3943" time="3680" acceleration="5862"/>
    <motionState vehicle="1" speed="3262" time="3680" acceleration="-1879"/>
    <motionState vehicle="2" speed="4276" time="3680" acceleration="9421"/>
    <motionState vehicle="3" speed="2784" time="3680" acceleration="-2430"/>
    <motionState vehicle="4" speed="4978" time="3680" acceleration="13636"/>
    <motionState vehicle="5" speed="2269" time="3680" acceleration="-501"/>
    <motionState vehicle="6" speed="2061" time="3680" acceleration="1608"/>
    <motionState vehicle="7" speed="2157" time="3680" acceleration="2672"/>
    <motionState vehicle="8" speed="2364" time="3680" acceleration="4139"/>
    <motionState vehicle="9" speed="2722" time="3680" acceleration="5113"/>
    <motionState vehicle="10" speed="3170" time="3680" acceleration="4010"/>
    <motionState vehicle="11" speed="3487" time="3680" acceleration="334"/>
    <motionState vehicle="0" speed="3949" time="3690" acceleration="5872"/>
    <motionState vehicle="1" speed="3260" time="3690" acceleration="-1910"/>
    <motionState vehicle="2" speed="4285" time="3690" acceleration="9438"/>
    <motionState vehicle="3" speed="2782" time="3690" acceleration="-2437"/>
    <motionState vehicle="4" speed="4992" time="3690" acceleration="13636"/>
    <motionState vehicle="5" speed="2269" time="3690" acceleration="-496"/>
    <motionState vehicle="6" speed="2063" time="3690" acceleration="1611"/>
    <motionState vehicle="7" speed="2160" time="3690" acceleration="2680"/>
    <motionState vehicle="8" speed="2369" time="3690" acceleration="4143"/>
    <motionState vehicle="9" speed="2727" time="3690" acceleration="5097"/>
    <motionState vehicle="10" speed="3174" time="3690" acceleration="3969"/>
    <motionState vehicle="11" speed="3487" time="3690" acceleration="291"/>
    <motionState vehicle="0" speed="3955" time="3700" acceleration="5881"/>
    <motionState vehicle="1" speed="3259" time="3700" acceleration="-1941"/>
    <motionState vehicle="2" speed="4295" time="3700" acceleration="9454"/>
    <motionState vehicle="3" speed="2779" time="3700" acceleration="-2444"/>
    <motionState vehicle="4" speed="5006" time="3700" acceleration="13636"/>
    <motionState vehicle="5" speed="2268" time="3700" acceleration="-492"/>
    <motionState vehicle="6" speed="2064" time="3700" acceleration="1615"/>
    <motionState vehicle="7" speed="2162" time="3700" acceleration="2688"/>
    <motionState vehicle="8" speed="2373" time="3700" acceleration="4146"/>
    <motionState vehicle="9" speed="2732" time="3700" acceleration="5081"/>
    <motionState vehicle="10" speed="3178" time="3700" acceleration="3928"/>
    <motionState vehicle="11" speed="3488" time="3700" acceleration="247"/>
    <motionState vehicle="0" speed="3961" time="3710" acceleration="5891"/>
    <motionState vehicle="1" speed="3257" time="3710" acceleration="-1972"/>
    <motionState vehicle="2" speed="4304" time="3710" acceleration="9471"/>
    <motionState vehicle="3" speed="2777" time="3710" acceleration="-2450"/>
    <motionState vehicle="4" speed="5019" time="3710" acceleration="13636"/>
    <motionState vehicle="5" speed="2268" time="3710" acceleration="-486"/>
    <motionState vehicle="6" speed="2066" time="3710" acceleration="1619"/>
    <motionState vehicle="7" speed="2165" time="3710" acceleration="2696"/>
    <motionState vehicle="8" speed="2377" time="3710" acceleration="4150"/>
    <motionState vehicle="9" speed="2737" time="3710" acceleration="5065"/>
    <motionState vehicle="10" speed="3181" time="3710" acceleration="3887"/>
    <motionState vehicle="11" speed="3488" time="3710" acceleration="204"/>
    <motionState vehicle="0" speed="3967" time="3720" acceleration="5901"/>
    <motionState vehicle="1" speed="3255" time="3720" acceleration="-2002"/>
    <motionState vehicle="2" speed="4314" time="3720" acceleration="9488"/>
    <motionState vehicle="3" speed="2774" time="3720" acceleration="-2456"/>
    <motionState vehicle="4" speed="5033" time="3720" acceleration="13636"/>
    <motionState vehicle="5" speed="2267" time="3720" acceleration="-481"/>
    <motionState vehicle="6" speed="2067" time="3720" acceleration="1623"/>
    <motionState vehicle="7" speed="2168" time="3720" acceleration="2704"/>
    <motionState vehicle="8" speed="2381" time="3720" acceleration="4153"/>
    <motionState vehicle="9" speed="2742" time="3720" acceleration="5049"/>
    <motionState vehicle="10" speed="3185" time="3720" acceleration="3846"/>
    <motionState vehicle="11" speed="3488" time="3720" acceleration="162"/>
    <motionState vehicle="0" speed="3973" time="3730" acceleration="5912"/>
    <motionState vehicle="1" speed="3253" time="3730" acceleration="-2031"/>
    <motionState vehicle="2" speed="4323" time="3730" acceleration="9504"/>
    <motionState vehicle="3" speed="2772" time="3730" acceleration="-2462"/>
    <motionState vehicle="4" speed="5047" time="3730" acceleration="13636"/>
    <motionState vehicle="5" speed="2267" time="3730" acceleration="-476"/>
    <motionState vehicle="6" speed="2069" time="3730" acceleration="1628"/>
    <motionState vehicle="7" speed="2171" time="3730" acceleration="2712"/>
    <motionState vehicle="8" speed="2385" time="3730" acceleration="4156"/>
    <motionState vehicle="9" speed="2747" time="3730" acceleration="5032"/>
    <motionState vehicle="10" speed="3189" time="3730" acceleration="3805"/>
    <motionState vehicle="11" speed="3488" time="3730" acceleration="119"/>
    <motionState vehicle="0" speed="3979" time="3740" acceleration="5923"/>
    <motionState vehicle="1" speed="3250" time="3740" acceleration="-2061"/>
    <motionState vehicle="2" speed="4333" time="3740" acceleration="9521"/>
    <motionState vehicle="3" speed="2769" time="3740" acceleration="-2468"/>
    <motionState vehicle="4" speed="5060" time="3740" acceleration="13636"/>
    <motionState vehicle="5" speed="2266" time="3740" acceleration="-470"/>
    <motionState vehicle="6" speed="2071" time="3740" acceleration="1632"/>
    <motionState vehicle="7" speed="2173" time="3740" acceleration="2720"/>
    <motionState vehicle="8" speed="2389" time="3740" acceleration="4159"/>
    <motionState vehicle="9" speed="2752" time="3740" acceleration="5016"/>
    <motionState vehicle="10" speed="3193" time="3740" acceleration="3765"/>
    <motionState vehicle="11" speed="3488" time="3740" acceleration="77"/>
    <motionState vehicle="0" speed="3985" time="3750" acceleration="5934"/>
    <motionState vehicle="1" speed="3248" time="3750" acceleration="-2089"/>
    <motionState vehicle="2" speed="4342" time="3750" acceleration="9538"/>
    <motionState vehicle="3" speed="2767" time="3750" acceleration="-2473"/>
    <motionState vehicle="4" speed="5074" time="3750" acceleration="13636"/>
    <motionState vehicle="5" speed="2266" time="3750" acceleration="-465"/>
    <motionState vehicle="6" speed="2072" time="3750" acceleration="1636"/>
    <motionState vehicle="7" speed="2176" time="3750" acceleration="2728"/>
    <motionState vehicle="8" speed="2394" time="3750" acceleration="4162"/>
    <motionState vehicle="9" speed="2757" time="3750" acceleration="4999"/>
    <motionState vehicle="10" speed="3197" time="3750" acceleration="3724"/>
    <motionState vehicle="11" speed="3488" time="3750" acceleration="36"/>
    <motionState vehicle="0" speed="3991" time="3760" acceleration="5945"/>
    <motionState vehicle="1" speed="3246" time="3760" acceleration="-2118"/>
    <motionState vehicle="2" speed="4352" time="3760" acceleration="9555"/>
    <motionState vehicle="3" speed="2764" time="3760" acceleration="-2478"/>
    <motionState vehicle="4" speed="5088" time="3760" acceleration="13636"/>
    <motionState vehicle="5" speed="2265" time="3760" acceleration="-459"/>
    <motionState vehicle="6" speed="2074" time="3760" acceleration="1641"/>
    <motionState vehicle="7" speed="2179" time="3760" acceleration="2736"/>
    <motionState vehicle="8" speed="2398" time="3760" acceleration="4165"/>
    <motionState vehicle="9" speed="2762" time="3760" acceleration="4982"/>
    <motionState vehicle="10" speed="3200" time="3760" acceleration="3683"/>
    <motionState vehicle="11" speed="3488" time="3760" acceleration="-5"/>
    <motionState vehicle="0" speed="3996" time="3770" acceleration="5957"/>
    <motionState vehicle="1" speed="3244" time="3770" acceleration="-2145"/>
    <motionState vehicle="2" speed="4361" time="3770" acceleration="9573"/>
    <motionState vehicle="3" speed="2762" time="3770" acceleration="-2482"/>
    <motionState vehicle="4" speed="5101" time="3770" acceleration="13636"/>
    <motionState vehicle="5" speed="2265" time="3770" acceleration="-453"/>
    <motionState vehicle="6" speed="2076" time="3770" acceleration="1645"/>
    <motionState vehicle="7" speed="2181" time="3770" acceleration="2744"/>
    <motionState vehicle="8" speed="2402" time="3770" acceleration="4168"/>
    <motionState vehicle="9" speed="2767" time="3770" acceleration="4964"/>
    <motionState vehicle="10" speed="3204" time="3770" acceleration="3642"/>
    <motionState vehicle="11" speed="3488" time="3770" acceleration="-46"/>
    <motionState vehicle="0" speed="4002" time="3780" acceleration="5969"/>
    <motionState vehicle="1" speed="3242" time="3780" acceleration="-2173"/>
    <motionState vehicle="2" speed="4371" time="3780" acceleration="9590"/>
    <motionState vehicle="3" speed="2759" time="3780" acceleration="-2486"/>
    <motionState vehicle="4" speed="5115" time="3780" acceleration="13636"/>
    <motionState vehicle="5" speed="2264" time="3780" acceleration="-447"/>
    <motionState vehicle="6" speed="2077" time="3780" acceleration="1650"/>
    <motionState vehicle="7" speed="2184" time="3780" acceleration="2752"/>
    <motionState vehicle="8" speed="2406" time="3780" acceleration="4170"/>
    <motionState vehicle="9" speed="2772" time="3780" acceleration="4947"/>
    <motionState vehicle="10" speed="3207" time="3780" acceleration="3601"/>
    <motionState vehicle="11" speed="3488" time="3780" acceleration="-87"/>
    <motionState vehicle="0" speed="4008" time="3790" acceleration="5981"/>
    <motionState vehicle="1" speed="3240" time="3790" acceleration="-2200"/>
    <motionState vehicle="2" speed="4381" time="3790" acceleration="9607"/>
    <motionState vehicle="3" speed="2757" time="3790" acceleration="-2490"/>
    <motionState vehicle="4" speed="5128" time="3790" acceleration="13636"/>
    <motionState vehicle="5" speed="2264" time="3790" acceleration="-441"/>
    <motionState vehicle="6" speed="2079" time="3790" acceleration="1655"/>
    <motionState vehicle="7" speed="2187" time="3790" acceleration="2760"/>
    <motionState vehicle="8" speed="2410" time="3790" acceleration="4173"/>
    <motionState vehicle="9" speed="2777" time="3790" acceleration="4929"/>
    <motionState vehicle="10" speed="3211" time="3790" acceleration="3560"/>
    <motionState vehicle="11" speed="3488" time="3790" acceleration="-127"/>
    <motionState vehicle="0" speed="4014" time="3800" acceleration="5993"/>
    <motionState vehicle="1" speed="3237" time="3800" acceleration="-2226"/>
    <motionState vehicle="2" speed="4390" time="3800" acceleration="9624"/>
    <motionState vehicle="3" speed="2754" time="3800" acceleration="-2494"/>
    <motionState vehicle="4" speed="5142" time="3800" acceleration="13636"/>
    <motionState vehicle="5" speed="2263" time="3800" acceleration="-435"/>
    <motionState vehicle="6" speed="2081" time="3800" acceleration="1660"/>
    <motionState vehicle="7" speed="2190" time="3800" acceleration="2768"/>
    <motionState vehicle="8" speed="2414" time="3800" acceleration="4175"/>
    <motionState vehicle="9" speed="2782" time="3800" acceleration="4912"/>
    <motionState vehicle="10" speed="3215" time="3800" acceleration="3520"/>
    <motionState vehicle="11" speed="3488" time="3800" acceleration="-168"/>
    <motionState vehicle="0" speed="4020" time="3810" acceleration="6006"/>
    <motionState vehicle="1" speed="3235" time="3810" acceleration="-2252"/>
    <motionState vehicle="2" speed="4400" time="3810" acceleration="9642"/>
    <motionState vehicle="3" speed="2752" time="3810" acceleration="-2497"/>
    <motionState vehicle="4" speed="5156" time="3810" acceleration="13636"/>
    <motionState vehicle="5" speed="2263" time="3810" acceleration="-428"/>
    <motionState vehicle="6" speed="2082" time="3810" acceleration="1664"/>
    <motionState vehicle="7" speed="2192" time="3810" acceleration="2776"/>
    <motionState vehicle="8" speed="2419" time="3810" acceleration="4177"/>
    <motionState vehicle="9" speed="2786" time="3810" acceleration="4894"/>
    <motionState vehicle="10" speed="3218" time="3810" acceleration="3479"/>
    <motionState vehicle="11" speed="3488" time="3810" acceleration="-208"/>
    <motionState vehicle="0" speed="4026" time="3820" acceleration="6019"/>
    <motionState vehicle="1" speed="3233" time="3820" acceleration="-2278"/>
    <motionState vehicle="2" speed="4410" time="3820" acceleration="9659"/>
    <motionState vehicle="3" speed="2749" time="3820" acceleration="-2500"/>
    <motionState vehicle="4" speed="5169" time="3820" acceleration="13636"/>
    <motionState vehicle="5" speed="2263" time="3820" acceleration="-422"/>
    <motionState vehicle="6" speed="2084" time="3820" acceleration="1669"/>
    <motionState vehicle="7" speed="2195" time="3820" acceleration="2784"/>
    <motionState vehicle="8" speed="2423" time="3820" acceleration="4179"/>
    <motionState vehicle="9" speed="2791" time="3820" acceleration="4876"/>
    <motionState vehicle="10" speed="3221" time="3820" acceleration="3438"/>
    <motionState vehicle="11" speed="3487" time="3820" acceleration="-247"/>
    <motionState vehicle="0" speed="4032" time="3830" acceleration="6032"/>
    <motionState vehicle="1" speed="3231" time="3830" acceleration="-2303"/>
    <motionState vehicle="2" speed="4419" time="3830" acceleration="9676"/>
    <motionState vehicle="3" speed="2747" time="3830" acceleration="-2502"/>
    <motionState vehicle="4" speed="5183" time="3830" acceleration="13636"/>
    <motionState vehicle="5" speed="2262" time="3830" acceleration="-415"/>
    <motionState vehicle="6" speed="2086" time="3830" acceleration="1675"/>
    <motionState vehicle="7" speed="2198" time="3830" acceleration="2792"/>
    <motionState vehicle="8" speed="2427" time="3830" acceleration="4181"/>
    <motionState vehicle="9" speed="2796" time="3830" acceleration="4857"/>
    <motionState vehicle="10" speed="3225" time="3830" acceleration="3398"/>
    <motionState vehicle="11" speed="3487" time="3830" acceleration="-287"/>
    <motionState vehicle="0" speed="4039" time="3840" acceleration="6045"/>
    <motionState vehicle="1" speed="3228" time="3840" acceleration="-2328"/>
    <motionState vehicle="2" speed="4429" time="3840" acceleration="9694"/>
    <motionState vehicle="3" speed="2744" time="3840" acceleration="-2505"/>
    <motionState vehicle="4" speed="5197" time="3840" acceleration="13636"/>
    <motionState vehicle="5" speed="2262" time="3840" acceleration="-408"/>
    <motionState vehicle="6" speed="2087" time="3840" acceleration="1680"/>
    <motionState vehicle="7" speed="2201" time="3840" acceleration="2800"/>
    <motionState vehicle="8" speed="2431" time="3840" acceleration="4183"/>
    <motionState vehicle="9" speed="2801" time="3840" acceleration="4839"/>
    <motionState vehicle="10" speed="3228" time="3840" acceleration="3357"/>
    <motionState vehicle="11" speed="3487" time="3840" acceleration="-326"/>
    <motionState vehicle="0" speed="4045" time="3850" acceleration="6059"/>
    <motionState vehicle="1" speed="3226" time="3850" acceleration="-2353"/>
    <motionState vehicle="2" speed="4439" time="3850" acceleration="9711"/>
    <motionState vehicle="3" speed="2742" time="3850" acceleration="-2507"/>
    <motionState vehicle="4" speed="5210" time="3850" acceleration="13636"/>
    <motionState vehicle="5" speed="2261" time="3850" acceleration="-401"/>
    <motionState vehicle="6" speed="2089" time="3850" acceleration="1685"/>
    <motionState vehicle="7" speed="2204" time="3850" acceleration="2808"/>
    <motionState vehicle="8" speed="2435" time="3850" acceleration="4184"/>
    <motionState vehicle="9" speed="2806" time="3850" acceleration="4820"/>
    <motionState vehicle="10" speed="3232" time="3850" acceleration="3317"/>
    <motionState vehicle="11" speed="3486" time="3850" acceleration="-364"/>
    <motionState vehicle="0" speed="4051" time="3860" acceleration="6073"/>
    <motionState vehicle="1" speed="3224" time="3860" acceleration="-2377"/>
    <motionState vehicle="2" speed="4448" time="3860" acceleration="9729"/>
    <motionState vehicle="3" speed="2739" time="3860" acceleration="-2509"/>
    <motionState vehicle="4" speed="5224" time="3860" acceleration="13636"/>
    <motionState vehicle="5" speed="2261" time="3860" acceleration="-395"/>
    <motionState vehicle="6" speed="2091" time="3860" acceleration="1690"/>
    <motionState vehicle="7" speed="2206" time="3860" acceleration="2817"/>
    <motionState vehicle="8" speed="2439" time="3860" acceleration="4186"/>
    <motionState vehicle="9" speed="2811" time="3860" acceleration="4801"/>
    <motionState vehicle="10" speed="3235" time="3860" acceleration="3276"/>
    <motionState vehicle="11" speed="3486" time="3860" acceleration="-403"/>
    <motionState vehicle="0" speed="4057" time="3870" acceleration="6087"/>
    <motionState vehicle="1" speed="3221" time="3870" acceleration="-2400"/>
    <motionState vehicle="2" speed="4458" time="3870" acceleration="9746"/>
    <motionState vehicle="3" speed="2737" time="3870" acceleration="-2510"/>
    <motionState vehicle="4" speed="5238" time="3870" acceleration="13636"/>
    <motionState vehicle="5" speed="2261" time="3870" acceleration="-387"/>
    <motionState vehicle="6" speed="2092" time="3870" acceleration="1696"/>
    <motionState vehicle="7" speed="2209" time="3870" acceleration="2825"/>
    <motionState vehicle="8" speed="2444" time="3870" acceleration="4187"/>
    <motionState vehicle="9" speed="2815" time="3870" acceleration="4782"/>
    <motionState vehicle="10" speed="3238" time="3870" acceleration="3236"/>
    <motionState vehicle="11" speed="3485" time="3870" acceleration="-441"/>
    <motionState vehicle="0" speed="4063" time="3880" acceleration="6102"/>
    <motionState vehicle="1" speed="3219" time="3880" acceleration="-2423"/>
    <motionState vehicle="2" speed="4468" time="3880" acceleration="9764"/>
    <motionState vehicle="3" speed="2734" time="3880" acceleration="-2511"/>
    <motionState vehicle="4" speed="5251" time="3880" acceleration="13636"/>
    <motionState vehicle="5" speed="2260" time="3880" acceleration="-380"/>
    <motionState vehicle="6" speed="2094" time="3880" acceleration="1701"/>
    <motionState vehicle="7" speed="2212" time="3880" acceleration="2833"/>
    <motionState vehicle="8" speed="2448" time="3880" acceleration="4188"/>
    <motionState vehicle="9" speed="2820" time="3880" acceleration="4763"/>
    <motionState vehicle="10" speed="3241" time="3880" acceleration="3195"/>
    <motionState vehicle="11" speed="3485" time="3880" acceleration="-479"/>
    <motionState vehicle="0" speed="4069" time="3890" acceleration="6116"/>
    <motionState vehicle="1" speed="3216" time="3890" acceleration="-2446"/>
    <motionState vehicle="2" speed="4478" time="3890" acceleration="9782"/>
    <motionState vehicle="3" speed="2732" time="3890" acceleration="-2512"/>
    <motionState vehicle="4" speed="5265" time="3890" acceleration="13636"/>
    <motionState vehicle="5" speed="2260" time="3890" acceleration="-373"/>
    <motionState vehicle="6" speed="2096" time="3890" acceleration="1707"/>
    <motionState vehicle="7" speed="2215" time="3890" acceleration="2841"/>
    <motionState vehicle="8" speed="2452" time="3890" acceleration="4189"/>
    <motionState vehicle="9" speed="2825" time="3890" acceleration="4744"/>
    <motionState vehicle="10" speed="3244" time="3890" acceleration="3155"/>
    <motionState vehicle="11" speed="3484" time="3890" acceleration="-516"/>
    <motionState vehicle="0" speed="4075" time="3900" acceleration="6131"/>
    <motionState vehicle="1" speed="3214" time="3900" acceleration="-2469"/>
    <motionState vehicle="2" speed="4488" time="3900" acceleration="9799"/>
    <motionState vehicle="3" speed="2729" time="3900" acceleration="-2513"/>
    <motionState vehicle="4" speed="5278" time="3900" acceleration="13636"/>
    <motionState vehicle="5" speed="2259" time="3900" acceleration="-366"/>
    <motionState vehicle="6" speed="2097" time="3900" acceleration="1712"/>
    <motionState vehicle="7" speed="2218" time="3900" acceleration="2849"/>
    <motionState vehicle="8" speed="2456" time="3900" acceleration="4190"/>
    <motionState vehicle="9" speed="2830" time="3900" acceleration="4725"/>
    <motionState vehicle="10" speed="3248" time="3900" acceleration="3115"/>
    <motionState vehicle="11" speed="3484" time="3900" acceleration="-553"/>
    <motionState vehicle="0" speed="4081" time="3910" acceleration="6146"/>
    <motionState vehicle="1" speed="3211" time="3910" acceleration="-2491"/>
    <motionState vehicle="2" speed="4497" time="3910" acceleration="9817"/>
    <motionState vehicle="3" speed="2727" time="3910" acceleration="-2513"/>
    <motionState vehicle="4" speed="5292" time="3910" acceleration="13636"/>
    <motionState vehicle="5" speed="2259" time="3910" acceleration="-358"/>
    <motionState vehicle="6" speed="2099" time="3910" acceleration="1718"/>
    <motionState vehicle="7" speed="2221" time="3910" acceleration="2856"/>
    <motionState vehicle="8" speed="2460" time="3910" acceleration="4191"/>
    <motionState vehicle="9" speed="2834" time="3910" acceleration="4705"/>
    <motionState vehicle="10" speed="3251" time="3910" acceleration="3075"/>
    <motionState vehicle="11" speed="3483" time="3910" acceleration="-590"/>
    <motionState vehicle="0" speed="4087" time="3920" acceleration="6162"/>
    <motionState vehicle="1" speed="3209" time="3920" acceleration="-2512"/>
    <motionState vehicle="2" speed="4507" time="3920" acceleration="9835"/>
    <motionState vehicle="3" speed="2724" time="3920" acceleration="-2513"/>
    <motionState vehicle="4" speed="5306" time="3920" acceleration="13636"/>
    <motionState vehicle="5" speed="2259" time="3920" acceleration="-350"/>
    <motionState vehicle="6" speed="2101" time="3920" acceleration="1724"/>
    <motionState vehicle="7" speed="2224" time="3920" acceleration="2864"/>
    <motionState vehicle="8" speed="2465" time="3920" acceleration="4191"/>
    <motionState vehicle="9" speed="2839" time="3920" acceleration="4685"/>
    <motionState vehicle="10" speed="3254" time="3920" acceleration="3034"/>
    <motionState vehicle="11" speed="3483" time="3920" acceleration="-627"/>
    <motionState vehicle="0" speed="4094" time="3930" acceleration="6177"/>
    <motionState vehicle="1" speed="3206" time="3930" acceleration="-2533"/>
    <motionState vehicle="2" speed="4517" time="3930" acceleration="9852"/>
    <motionState vehicle="3" speed="2722" time="3930" acceleration="-2513"/>
    <motionState vehicle="4" speed="5319" time="3930" acceleration="13636"/>
    <motionState vehicle="5" speed="2258" time="3930" acceleration="-343"/>
    <motionState vehicle="6" speed="2103" time="3930" acceleration="1730"/>
    <motionState vehicle="7" speed="2226" time="3930" acceleration="2872"/>
    <motionState vehicle="8" speed="2469" time="3930" acceleration="4192"/>
    <motionState vehicle="9" speed="2844" time="3930" acceleration="4665"/>
    <motionState vehicle="10" speed="3257" time="3930" acceleration="2994"/>
    <motionState vehicle="11" speed="3482" time="3930" acceleration="-663"/>
    <motionState vehicle="0" speed="4100" time="3940" acceleration="6193"/>
    <motionState vehicle="1" speed="3204" time="3940" acceleration="-2554"/>
    <motionState vehicle="2" speed="4527" time="3940" acceleration="9870"/>
    <motionState vehicle="3" speed="2719" time="3940" acceleration="-2513"/>
    <motionState vehicle="4" speed="5333" time="3940" acceleration="13636"/>
    <motionState vehicle="5" speed="2258" time="3940" acceleration="-335"/>
    <motionState vehicle="6" speed="2104" time="3940" acceleration="1736"/>
    <motionState vehicle="7" speed="2229" time="3940" acceleration="2880"/>
    <motionState vehicle="8" speed="2473" time="3940" acceleration="4192"/>
    <motionState vehicle="9" speed="2848" time="3940" acceleration="4645"/>
    <motionState vehicle="10" speed="3260" time="3940" acceleration="2954"/>
    <motionState vehicle="11" speed="3481" time="3940" acceleration="-699"/>
    <motionState vehicle="0" speed="4106" time="3950" acceleration="6209"/>
    <motionState vehicle="1" speed="3201" time="3950" acceleration="-2575"/>
    <motionState vehicle="2" speed="4537" time="3950" acceleration="9888"/>
    <motionState vehicle="3" speed="2717" time="3950" acceleration="-2512"/>
    <motionState vehicle="4" speed="5347" time="3950" acceleration="13636"/>
    <motionState vehicle="5" speed="2258" time="3950" acceleration="-327"/>
    <motionState vehicle="6" speed="2106" time="3950" acceleration="1742"/>
    <motionState vehicle="7" speed="2232" time="3950" acceleration="2888"/>
    <motionState vehicle="8" speed="2477" time="3950" acceleration="4192"/>
    <motionState vehicle="9" speed="2853" time="3950" acceleration="4625"/>
    <motionState vehicle="10" speed="3262" time="3950" acceleration="2914"/>
    <motionState vehicle="11" speed="3481" time="3950" acceleration="-735"/>
    <motionState vehicle="0" speed="4112" time="3960" acceleration="6225"/>
    <motionState vehicle="1" speed="3199" time="3960" acceleration="-2595"/>
    <motionState vehicle="2" speed="4547" time="3960" acceleration="9906"/>
    <motionState vehicle="3" speed="2714" time="3960" acceleration="-2511"/>
    <motionState vehicle="4" speed="5360" time="3960" acceleration="13636"/>
    <motionState vehicle="5" speed="2257" time="3960" acceleration="-319"/>
    <motionState vehicle="6" speed="2108" time="3960" acceleration="1748"/>
    <motionState vehicle="7" speed="2235" time="3960" acceleration="2896"/>
    <motionState vehicle="8" speed="2481" time="3960" acceleration="4192"/>
    <motionState vehicle="9" speed="2858" time="3960" acceleration="4605"/>
    <motionState vehicle="10" speed="3265" time="3960" acceleration="2875"/>
    <motionState vehicle="11" speed="3480" time="3960" acceleration="-770"/>
    <motionState vehicle="0" speed="4118" time="3970" acceleration="6241"/>
    <motionState vehicle="1" speed="3196" time="3970" acceleration="-2614"/>
    <motionState vehicle="2" speed="4557" time="3970" acceleration="9924"/>
    <motionState vehicle="3" speed="2712" time="3970" acceleration="-2510"/>
    <motionState vehicle="4" speed="5374" time="3970" acceleration="13636"/>
    <motionState vehicle="5" speed="2257" time="3970" acceleration="-311"/>
    <motionState vehicle="6" speed="2110" time="3970" acceleration="1754"/>
    <motionState vehicle="7" speed="2238" time="3970" acceleration="2904"/>
    <motionState vehicle="8" speed="2486" time="3970" acceleration="4192"/>
    <motionState vehicle="9" speed="2862" time="3970" acceleration="4584"/>
    <motionState vehicle="10" speed="3268" time="3970" acceleration="2835"/>
    <motionState vehicle="11" speed="3479" time="3970" acceleration="-806"/>
    <motionState vehicle="0" speed="4125" time="3980" acceleration="6258"/>
    <motionState vehicle="1" speed="3193" time="3980" acceleration="-2634"/>
    <motionState vehicle="2" speed="4567" time="3980" acceleration="9942"/>
    <motionState vehicle="3" speed="2709" time="3980" acceleration="-2508"/>
    <motionState vehicle="4" speed="5388" time="3980" acceleration="13636"/>
    <motionState vehicle="5" speed="2257" time="3980" acceleration="-303"/>
    <motionState vehicle="6" speed="2111" time="3980" acceleration="1760"/>
    <motionState vehicle="7" speed="2241" time="3980" acceleration="2912"/>
    <motionState vehicle="8" speed="2490" time="3980" acceleration="4192"/>
    <motionState vehicle="9" speed="2867" time="3980" acceleration="4563"/>
    <motionState vehicle="10" speed="3271" time="3980" acceleration="2795"/>
    <motionState vehicle="11" speed="3478" time="3980" acceleration="-840"/>
    <motionState vehicle="0" speed="4131" time="3990" acceleration="6275"/>
    <motionState vehicle="1" speed="3191" time="3990" acceleration="-2653"/>
    <motionState vehicle="2" speed="4577" time="3990" acceleration="9959"/>
    <motionState vehicle="3" speed="2707" time="3990" acceleration="-2506"/>
    <motionState vehicle="4" speed="5401" time="3990" acceleration="13636"/>
    <motionState vehicle="5" speed="2256" time="3990" acceleration="-294"/>
    <motionState vehicle="6" speed="2113" time="3990" acceleration="1766"/>
    <motionState vehicle="7" speed="2244" time="3990" acceleration="2919"/>
    <motionState vehicle="8" speed="2494" time="3990" acceleration="4191"/>
    <motionState vehicle="9" speed="2871" time="3990" acceleration="4543"/>
    <motionState vehicle="10" speed="3274" time="3990" acceleration="2755"/>
    <motionState vehicle="11" speed="3477" time="3990" acceleration="-875"/>
    <motionState vehicle="0" speed="4137" time="4000" acceleration="6292"/>
    <motionState vehicle="1" speed="3188" time="4000" acceleration="-2671"/>
    <motionState vehicle="2" speed="4586" time="4000" acceleration="9977"/>
    <motionState vehicle="3" speed="2704" time="4000" acceleration="-2505"/>
    <motionState vehicle="4" speed="5415" time="4000" acceleration="13636"/>
    <motionState vehicle="5" speed="2256" time="4000" acceleration="-286"/>
    <motionState vehicle="6" speed="2115" time="4000" acceleration="1773"/>
    <motionState vehicle="7" speed="2247" time="4000" acceleration="2927"/>
    <motionState vehicle="8" speed="2498" time="4000" acceleration="4191"/>
    <motionState vehicle="9" speed="2876" time="4000" acceleration="4522"/>
    <motionState vehicle="10" speed="3276" time="4000" acceleration="2716"/>
    <motionState vehicle="11" speed="3476" time="4000" acceleration="-909"/>
    <motionState vehicle="0" speed="4144" time="4010" acceleration="6309"/>
    <motionState vehicle="1" speed="3185" time="4010" acceleration="-2689"/>
    <motionState vehicle="2" speed="4596" time="4010" acceleration="9995"/>
    <motionState vehicle="3" speed="2702" time="4010" acceleration="-2502"/>
    <motionState vehicle="4" speed="5428" time="4010" acceleration="13636"/>
    <motionState vehicle="5" speed="2256" time="4010" acceleration="-277"/>
    <motionState vehicle="6" speed="2117" time="4010" acceleration="1779"/>
    <motionState vehicle="7" speed="2250" time="4010" acceleration="2935"/>
    <motionState vehicle="8" speed="2502" time="4010" acceleration="4190"/>
    <motionState vehicle="9" speed="2880" time="4010" acceleration="4501"/>
    <motionState vehicle="10" speed="3279" time="4010" acceleration="2676"/>
    <motionState vehicle="11" speed="3475" time="4010" acceleration="-943"/>
    <motionState vehicle="0" speed="4150" time="4020" acceleration="6326"/>
    <motionState vehicle="1" speed="3183" time="4020" acceleration="-2707"/>
    <motionState vehicle="2" speed="4606" time="4020" acceleration="10013"/>
    <motionState vehicle="3" speed="2699" time="4020" acceleration="-2500"/>
    <motionState vehicle="4" speed="5442" time="4020" acceleration="13636"/>
    <motionState vehicle="5" speed="2256" time="4020" acceleration="-269"/>
    <motionState vehicle="6" speed="2118" time="4020" acceleration="1785"/>
    <motionState vehicle="7" speed="2253" time="4020" acceleration="2943"/>
    <motionState vehicle="8" speed="2506" time="4020" acceleration="4189"/>
    <motionState vehicle="9" speed="2885" time="4020" acceleration="4479"/>
    <motionState vehicle="10" speed="3282" time="4020" acceleration="2637"/>
    <motionState vehicle="11" speed="3474" time="4020" acceleration="-977"/>
    <motionState vehicle="0" speed="4156" time="4030" acceleration="6344"/>
    <motionState vehicle="1" speed="3180" time="4030" acceleration="-2724"/>
    <motionState vehicle="2" speed="4617" time="4030" acceleration="10031"/>
    <motionState vehicle="3" speed="2697" time="4030" acceleration="-2497"/>
    <motionState vehicle="4" speed="5456" time="4030" acceleration="13636"/>
    <motionState vehicle="5" speed="2255" time="4030" acceleration="-260"/>
    <motionState vehicle="6" speed="2120" time="4030" acceleration="1792"/>
    <motionState vehicle="7" speed="2256" time="4030" acceleration="2950"/>
    <motionState vehicle="8" speed="2511" time="4030" acceleration="4188"/>
    <motionState vehicle="9" speed="2889" time="4030" acceleration="4458"/>
    <motionState vehicle="10" speed="3284" time="4030" acceleration="2598"/>
    <motionState vehicle="11" speed="3473" time="4030" acceleration="-1010"/>
    <motionState vehicle="0" speed="4163" time="4040" acceleration="6361"/>
    <motionState vehicle="1" speed="3177" time="4040" acceleration="-2742"/>
    <motionState vehicle="2" speed="4627" time="4040" acceleration="10049"/>
    <motionState vehicle="3" speed="2694" time="4040" acceleration="-2494"/>
    <motionState vehicle="4" speed="5469" time="4040" acceleration="13636"/>
    <motionState vehicle="5" speed="2255" time="4040" acceleration="-251"/>
    <motionState vehicle="6" speed="2122" time="4040" acceleration="1798"/>
    <motionState vehicle="7" speed="2259" time="4040" acceleration="2958"/>
    <motionState vehicle="8" speed="2515" time="4040" acceleration="4187"/>
    <motionState vehicle="9" speed="2894" time="4040" acceleration="4436"/>
    <motionState vehicle="10" speed="3287" time="4040" acceleration="2558"/>
    <motionState vehicle="11" speed="3472" time="4040" acceleration="-1043"/>
    <motionState vehicle="0" speed="4169" time="4050" acceleration="6379"/>
    <motionState vehicle="1" speed="3174" time="4050" acceleration="-2758"/>
    <motionState vehicle="2" speed="4637" time="4050" acceleration="10067"/>
    <motionState vehicle="3" speed="2692" time="4050" acceleration="-2491"/>
    <motionState vehicle="4" speed="5483" time="4050" acceleration="13636"/>
    <motionState vehicle="5" speed="2255" time="4050" acceleration="-243"/>
    <motionState vehicle="6" speed="2124" time="4050" acceleration="1805"/>
    <motionState vehicle="7" speed="2262" time="4050" acceleration="2966"/>
    <motionState vehicle="8" speed="2519" time="4050" acceleration="4185"/>
    <motionState vehicle="9" speed="2898" time="4050" acceleration="4415"/>
    <motionState vehicle="10" speed="3289" time="4050" acceleration="2519"/>
    <motionState vehicle="11" speed="3471" time="4050" acceleration="-1076"/>
    <motionState vehicle="0" speed="4175" time="4060" acceleration="6397"/>
    <motionState vehicle="1" speed="3172" time="4060" acceleration="-2775"/>
    <motionState vehicle="2" speed="4647" time="4060" acceleration="10084"/>
    <motionState vehicle="3" speed="2689" time="4060" acceleration="-2488"/>
    <motionState vehicle="4" speed="5497" time="4060" acceleration="13636"/>
    <motionState vehicle="5" speed="2255" time="4060" acceleration="-234"/>
    <motionState vehicle="6" speed="2126" time="4060" acceleration="1812"/>
    <motionState vehicle="7" speed="2264" time="4060" acceleration="2973"/>
    <motionState vehicle="8" speed="2523" time="4060" acceleration="4184"/>
    <motionState vehicle="9" speed="2903" time="4060" acceleration="4393"/>
    <motionState vehicle="10" speed="3292" time="4060" acceleration="2480"/>
    <motionState vehicle="11" speed="3470" time="4060" acceleration="-1109"/>
    <motionState vehicle="0" speed="4182" time="4070" acceleration="6416"/>
    <motionState vehicle="1" speed="3169" time="4070" acceleration="-2791"/>
    <motionState vehicle="2" speed="4657" time="4070" acceleration="10102"/>
    <motionState vehicle="3" speed="2687" time="4070" acceleration="-2484"/>
    <motionState vehicle="4" speed="5510" time="4070" acceleration="13636"/>
    <motionState vehicle="5" speed="2254" time="4070" acceleration="-225"/>
    <motionState vehicle="6" speed="2127" time="4070" acceleration="1818"/>
    <motionState vehicle="7" speed="2267" time="4070" acceleration="2981"/>
    <motionState vehicle="8" speed="2527" time="4070" acceleration="4182"/>
    <motionState vehicle="9" speed="2907" time="4070" acceleration="4371"/>
    <motionState vehicle="10" speed="3294" time="4070" acceleration="2441"/>
    <motionState vehicle="11" speed="3469" time="4070" acceleration="-1141"/>
    <motionState vehicle="0" speed="4188" time="4080" acceleration="6434"/>
    <motionState vehicle="1" speed="3166" time="4080" acceleration="-2806"/>
    <motionState vehicle="2" speed="4667" time="4080" acceleration="10120"/>
    <motionState vehicle="3" speed="2684" time="4080" acceleration="-2480"/>
    <motionState vehicle="4" speed="5524" time="4080" acceleration="13636"/>
    <motionState vehicle="5" speed="2254" time="4080" acceleration="-216"/>
    <motionState vehicle="6" speed="2129" time="4080" acceleration="1825"/>
    <motionState vehicle="7" speed="2270" time="4080" acceleration="2988"/>
    <motionState vehicle="8" speed="2532" time="4080" acceleration="4180"/>
    <motionState vehicle="9" speed="2911" time="4080" acceleration="4349"/>
    <motionState vehicle="10" speed="3297" time="4080" acceleration="2402"/>
    <motionState vehicle="11" speed="3468" time="4080" acceleration="-1173"/>
    <motionState vehicle="0" speed="4195" time="4090" acceleration="6452"/>
    <motionState vehicle="1" speed="3163" time="4090" acceleration="-2822"/>
    <motionState vehicle="2" speed="4677" time="4090" acceleration="10138"/>
    <motionState vehicle="3" speed="2682" time="4090" acceleration="-2476"/>
    <motionState vehicle="4" speed="5538" time="4090" acceleration="13636"/>
    <motionState vehicle="5" speed="2254" time="4090" acceleration="-206"/>
    <motionState vehicle="6" speed="2131" time="4090" acceleration="1832"/>
    <motionState vehicle="7" speed="2273" time="4090" acceleration="2995"/>
    <motionState vehicle="8" speed="2536" time="4090" acceleration="4179"/>
    <motionState vehicle="9" speed="2916" time="4090" acceleration="4327"/>
    <motionState vehicle="10" speed="3299" time="4090" acceleration="2364"/>
    <motionState vehicle="11" speed="3467" time="4090" acceleration="-1204"/>
    <motionState vehicle="0" speed="4201" time="4100" acceleration="6471"/>
    <motionState vehicle="1" speed="3160" time="4100" acceleration="-2837"/>
    <motionState vehicle="2" speed="4687" time="4100" acceleration="10156"/>
    <motionState vehicle="3" speed="2679" time="4100" acceleration="-2472"/>
    <motionState vehicle="4" speed="5551" time="4100" acceleration="13636"/>
    <motionState vehicle="5" speed="2254" time="4100" acceleration="-197"/>
    <motionState vehicle="6" speed="2133" time="4100" acceleration="1839"/>
    <motionState vehicle="7" speed="2276" time="4100" acceleration="3003"/>
    <motionState vehicle="8" speed="2540" time="4100" acceleration="4176"/>
    <motionState vehicle="9" speed="2920" time="4100" acceleration="4305"/>
    <motionState vehicle="10" speed="3301" time="4100" acceleration="2325"/>
    <motionState vehicle="11" speed="3465" time="4100" acceleration="-1236"/>
    <motionState vehicle="0" speed="4208" time="4110" acceleration="6490"/>
    <motionState vehicle="1" speed="3158" time="4110" acceleration="-2851"/>
    <motionState vehicle="2" speed="4697" time="4110" acceleration="10174"/>
    <motionState vehicle="3" speed="2677" time="4110" acceleration="-2468"/>
    <motionState vehicle="4" speed="5565" time="4110" acceleration="13636"/>
    <motionState vehicle="5" speed="2254" time="4110" acceleration="-188"/>
    <motionState vehicle="6" speed="2135" time="4110" acceleration="1846"/>
    <motionState vehicle="7" speed="2279" time="4110" acceleration="3010"/>
    <motionState vehicle="8" speed="2544" time="4110" acceleration="4174"/>
    <motionState vehicle="9" speed="2924" time="4110" acceleration="4282"/>
    <motionState vehicle="10" speed="3304" time="4110" acceleration="2286"/>
    <motionState vehicle="11" speed="3464" time="4110" acceleration="-1267"/>
    <motionState vehicle="0" speed="4214" time="4120" acceleration="6509"/>
    <motionState vehicle="1" speed="3155" time="4120" acceleration="-2865"/>
    <motionState vehicle="2" speed="4708" time="4120" acceleration="10192"/>
    <motionState vehicle="3" speed="2674" time="4120" acceleration="-2463"/>
    <motionState vehicle="4" speed="5578" time="4120" acceleration="13636"/>
    <motionState vehicle="5" speed="2253" time="4120" acceleration="-178"/>
    <motionState vehicle="6" speed="2137" time="4120" acceleration="1853"/>
    <motionState vehicle="7" speed="2282" time="4120" acceleration="3017"/>
    <motionState vehicle="8" speed="2548" time="4120" acceleration="4172"/>
    <motionState vehicle="9" speed="2928" time="4120" acceleration="4260"/>
    <motionState vehicle="10" speed="3306" time="4120" acceleration="2248"/>
    <motionState vehicle="11" speed="3463" time="4120" acceleration="-1297"/>
    <motionState vehicle="0" speed="4221" time="4130" acceleration="6528"/>
    <motionState vehicle="1" speed="3152" time="4130" acceleration="-2879"/>
    <motionState vehicle="2" speed="4718" time="4130" acceleration="10209"/>
    <motionState vehicle="3" speed="2672" time="4130" acceleration="-2458"/>
    <motionState vehicle="4" speed="5592" time="4130" acceleration="13636"/>
    <motionState vehicle="5" speed="2253" time="4130" acceleration="-169"/>
    <motionState vehicle="6" speed="2139" time="4130" acceleration="1860"/>
    <motionState vehicle="7" speed="2286" time="4130" acceleration="3025"/>
    <motionState vehicle="8" speed="2552" time="4130" acceleration="4169"/>
    <motionState vehicle="9" speed="2933" time="4130" acceleration="4237"/>
    <motionState vehicle="10" speed="3308" time="4130" acceleration="2209"/>
    <motionState vehicle="11" speed="3462" time="4130" acceleration="-1328"/>
    <motionState vehicle="0" speed="4227" time="4140" acceleration="6547"/>
    <motionState vehicle="1" speed="3149" time="4140" acceleration="-2893"/>
    <motionState vehicle="2" speed="4728" time="4140" acceleration="10227"/>
    <motionState vehicle="3" speed="2670" time="4140" acceleration="-2453"/>
    <motionState vehicle="4" speed="5606" time="4140" acceleration="13636"/>
    <motionState vehicle="5" speed="2253" time="4140" acceleration="-159"/>
    <motionState vehicle="6" speed="2140" time="4140" acceleration="1867"/>
    <motionState vehicle="7" speed="2289" time="4140" acceleration="3032"/>
    <motionState vehicle="8" speed="2557" time="4140" acceleration="4166"/>
    <motionState vehicle="9" speed="2937" time="4140" acceleration="4214"/>
    <motionState vehicle="10" speed="3310" time="4140" acceleration="2171"/>
    <motionState vehicle="11" speed="3460" time="4140" acceleration="-1358"/>
    <motionState vehicle="0" speed="4234" time="4150" acceleration="6567"/>
    <motionState vehicle="1" speed="3146" time="4150" acceleration="-2906"/>
    <motionState vehicle="2" speed="4738" time="4150" acceleration="10245"/>
    <motionState vehicle="3" speed="2667" time="4150" acceleration="-2448"/>
    <motionState vehicle="4" speed="5619" time="4150" acceleration="13636"/>
    <motionState vehicle="5" speed="2253" time="4150" acceleration="-150"/>
    <motionState vehicle="6" speed="2142" time="4150" acceleration="1874"/>
    <motionState vehicle="7" speed="2292" time="4150" acceleration="3039"/>
    <motionState vehicle="8" speed="2561" time="4150" acceleration="4164"/>
    <motionState vehicle="9" speed="2941" time="4150" acceleration="4191"/>
    <motionState vehicle="10" speed="3313" time="4150" acceleration="2133"/>
    <motionState vehicle="11" speed="3459" time="4150" acceleration="-1388"/>
    <motionState vehicle="0" speed="4240" time="4160" acceleration="6587"/>
    <motionState vehicle="1" speed="3143" time="4160" acceleration="-2919"/>
    <motionState vehicle="2" speed="4749" time="4160" acceleration="10263"/>
    <motionState vehicle="3" speed="2665" time="4160" acceleration="-2442"/>
    <motionState vehicle="4" speed="5633" time="4160" acceleration="13636"/>
    <motionState vehicle="5" speed="2253" time="4160" acceleration="-140"/>
    <motionState vehicle="6" speed="2144" time="4160" acceleration="1881"/>
    <motionState vehicle="7" speed="2295" time="4160" acceleration="3046"/>
    <motionState vehicle="8" speed="2565" time="4160" acceleration="4161"/>
    <motionState vehicle="9" speed="2945" time="4160" acceleration="4168"/>
    <motionState vehicle="10" speed="3315" time="4160" acceleration="2095"/>
    <motionState vehicle="11" speed="3457" time="4160" acceleration="-1418"/>
    <motionState vehicle="0" speed="4247" time="4170" acceleration="6606"/>
    <motionState vehicle="1" speed="3140" time="4170" acceleration="-2932"/>
    <motionState vehicle="2" speed="4759" time="4170" acceleration="10281"/>
    <motionState vehicle="3" speed="2662" time="4170" acceleration="-2436"/>
    <motionState vehicle="4" speed="5647" time="4170" acceleration="13636"/>
    <motionState vehicle="5" speed="2253" time="4170" acceleration="-130"/>
    <motionState vehicle="6" speed="2146" time="4170" acceleration="1888"/>
    <motionState vehicle="7" speed="2298" time="4170" acceleration="3053"/>
    <motionState vehicle="8" speed="2569" time="4170" acceleration="4157"/>
    <motionState vehicle="9" speed="2949" time="4170" acceleration="4145"/>
    <motionState vehicle="10" speed="3317" time="4170" acceleration="2057"/>
    <motionState vehicle="11" speed="3456" time="4170" acceleration="-1447"/>
    <motionState vehicle="0" speed="4254" time="4180" acceleration="6626"/>
    <motionState vehicle="1" speed="3137" time="4180" acceleration="-2944"/>
    <motionState vehicle="2" speed="4769" time="4180" acceleration="10298"/>
    <motionState vehicle="3" speed="2660" time="4180" acceleration="-2430"/>
    <motionState vehicle="4" speed="5660" time="4180" acceleration="13636"/>
    <motionState vehicle="5" speed="2253" time="4180" acceleration="-120"/>
    <motionState vehicle="6" speed="2148" time="4180" acceleration="1895"/>
    <motionState vehicle="7" speed="2301" time="4180" acceleration="3060"/>
    <motionState vehicle="8" speed="2573" time="4180" acceleration="4154"/>
    <motionState vehicle="9" speed="2953" time="4180" acceleration="4122"/>
    <motionState vehicle="10" speed="3319" time="4180" acceleration="2019"/>
    <motionState vehicle="11" speed="3454" time="4180" acceleration="-1476"/>
    <motionState vehicle="0" speed="4260" time="4190" acceleration="6646"/>
    <motionState vehicle="1" speed="3134" time="4190" acceleration="-2956"/>
    <motionState vehicle="2" speed="4779" time="4190" acceleration="10316"/>
    <motionState vehicle="3" speed="2657" time="4190" acceleration="-2424"/>
    <motionState vehicle="4" speed="5674" time="4190" acceleration="13636"/>
    <motionState vehicle="5" speed="2252" time="4190" acceleration="-110"/>
    <motionState vehicle="6" speed="2150" time="4190" acceleration="1903"/>
    <motionState vehicle="7" speed="2304" time="4190" acceleration="3067"/>
    <motionState vehicle="8" speed="2577" time="4190" acceleration="4150"/>
    <motionState vehicle="9" speed="2958" time="4190" acceleration="4098"/>
    <motionState vehicle="10" speed="3321" time="4190" acceleration="1981"/>
    <motionState vehicle="11" speed="3453" time="4190" acceleration="-1505"/>
    <motionState vehicle="0" speed="4267" time="4200" acceleration="6666"/>
    <motionState vehicle="1" speed="3131" time="4200" acceleration="-2968"/>
    <motionState vehicle="2" speed="4790" time="4200" acceleration="10334"/>
    <motionState vehicle="3" speed="2655" time="4200" acceleration="-2418"/>
    <motionState vehicle="4" speed="5688" time="4200" acceleration="13636"/>
    <motionState vehicle="5" speed="2252" time="4200" acceleration="-100"/>
    <motionState vehicle="6" speed="2152" time="4200" acceleration="1910"/>
    <motionState vehicle="7" speed="2307" time="4200" acceleration="3074"/>
    <motionState vehicle="8" speed="2582" time="4200" acceleration="4147"/>
    <motionState vehicle="9" speed="2962" time="4200" acceleration="4075"/>
    <motionState vehicle="10" speed="3323" time="4200" acceleration="1943"/>
    <motionState vehicle="11" speed="3451" time="4200" acceleration="-1533"/>
    <motionState vehicle="0" speed="4274" time="4210" acceleration="6687"/>
    <motionState vehicle="1" speed="3128" time="4210" acceleration="-2979"/>
    <motionState vehicle="2" speed="4800" time="4210" acceleration="10352"/>
    <motionState vehicle="3" speed="2653" time="4210" acceleration="-2412"/>
    <motionState vehicle="4" speed="5701" time="4210" acceleration="13636"/>
    <motionState vehicle="5" speed="2252" time="4210" acceleration="-90"/>
    <motionState vehicle="6" speed="2154" time="4210" acceleration="1917"/>
    <motionState vehicle="7" speed="2310" time="4210" acceleration="3081"/>
    <motionState vehicle="8" speed="2586" time="4210" acceleration="4143"/>
    <motionState vehicle="9" speed="2966" time="4210" acceleration="4051"/>
    <motionState vehicle="10" speed="3325" time="4210" acceleration="1906"/>
    <motionState vehicle="11" speed="3450" time="4210" acceleration="-1561"/>
    <motionState vehicle="0" speed="4280" time="4220" acceleration="6707"/>
    <motionState vehicle="1" speed="3125" time="4220" acceleration="-2990"/>
    <motionState vehicle="2" speed="4810" time="4220" acceleration="10369"/>
    <motionState vehicle="3" speed="2650" time="4220" acceleration="-2405"/>
    <motionState vehicle="4" speed="5715" time="4220" acceleration="13636"/>
    <motionState vehicle="5" speed="2252" time="4220" acceleration="-80"/>
    <motionState vehicle="6" speed="2156" time="4220" acceleration="1925"/>
    <motionState vehicle="7" speed="2313" time="4220" acceleration="3087"/>
    <motionState vehicle="8" speed="2590" time="4220" acceleration="4139"/>
    <motionState vehicle="9" speed="2970" time="4220" acceleration="4027"/>
    <motionState vehicle="10" speed="3326" time="4220" acceleration="1868"/>
    <motionState vehicle="11" speed="3448" time="4220" acceleration="-1589"/>
    <motionState vehicle="0" speed="4287" time="4230" acceleration="6727"/>
    <motionState vehicle="1" speed="3122" time="4230" acceleration="-3001"/>
    <motionState vehicle="2" speed="4821" time="4230" acceleration="10387"/>
    <motionState vehicle="3" speed="2648" time="4230" acceleration="-2398"/>
    <motionState vehicle="4" speed="5728" time="4230" acceleration="13636"/>
    <motionState vehicle="5" speed="2252" time="4230" acceleration="-70"/>
    <motionState vehicle="6" speed="2158" time="4230" acceleration="1932"/>
    <motionState vehicle="7" speed="2316" time="4230" acceleration="3094"/>
    <motionState vehicle="8" speed="2594" time="4230" acceleration="4135"/>
    <motionState vehicle="9" speed="2974" time="4230" acceleration="4004"/>
    <motionState vehicle="10" speed="3328" time="4230" acceleration="1831"/>
    <motionState vehicle="11" speed="3447" time="4230" acceleration="-1617"/>
    <motionState vehicle="0" speed="4294" time="4240" acceleration="6748"/>
    <motionState vehicle="1" speed="3119" time="4240" acceleration="-3011"/>
    <motionState vehicle="2" speed="4831" time="4240" acceleration="10405"/>
    <motionState vehicle="3" speed="2645" time="4240" acceleration="-2391"/>
    <motionState vehicle="4" speed="5742" time="4240" acceleration="13636"/>
    <motionState vehicle="5" speed="2252" time="4240" acceleration="-60"/>
    <motionState vehicle="6" speed="2159" time="4240" acceleration="1939"/>
    <motionState vehicle="7" speed="2319" time="4240" acceleration="3101"/>
    <motionState vehicle="8" speed="2598" time="4240" acceleration="4131"/>
    <motionState vehicle="9" speed="2978" time="4240" acceleration="3980"/>
    <motionState vehicle="10" speed="3330" time="4240" acceleration="1794"/>
    <motionState vehicle="11" speed="3445" time="4240" acceleration="-1644"/>
    <motionState vehicle="0" speed="4301" time="4250" acceleration="6769"/>
    <motionState vehicle="1" speed="3116" time="4250" acceleration="-3021"/>
    <motionState vehicle="2" speed="4842" time="4250" acceleration="10422"/>
    <motionState vehicle="3" speed="2643" time="4250" acceleration="-2384"/>
    <motionState vehicle="4" speed="5756" time="4250" acceleration="13636"/>
    <motionState vehicle="5" speed="2252" time="4250" acceleration="-49"/>
    <motionState vehicle="6" speed="2161" time="4250" acceleration="1947"/>
    <motionState vehicle="7" speed="2322" time="4250" acceleration="3107"/>
    <motionState vehicle="8" speed="2602" time="4250" acceleration="4126"/>
    <motionState vehicle="9" speed="2982" time="4250" acceleration="3956"/>
    <motionState vehicle="10" speed="3332" time="4250" acceleration="1757"/>
    <motionState vehicle="11" speed="3443" time="4250" acceleration="-1671"/>
    <motionState vehicle="0" speed="4307" time="4260" acceleration="6790"/>
    <motionState vehicle="1" speed="3113" time="4260" acceleration="-3031"/>
    <motionState vehicle="2" speed="4852" time="4260" acceleration="10440"/>
    <motionState vehicle="3" speed="2641" time="4260" acceleration="-2377"/>
    <motionState vehicle="4" speed="5769" time="4260" acceleration="13636"/>
    <motionState vehicle="5" speed="2252" time="4260" acceleration="-39"/>
    <motionState vehicle="6" speed="2163" time="4260" acceleration="1954"/>
    <motionState vehicle="7" speed="2325" time="4260" acceleration="3114"/>
    <motionState vehicle="8" speed="2606" time="4260" acceleration="4122"/>
    <motionState vehicle="9" speed="2986" time="4260" acceleration="3932"/>
    <motionState vehicle="10" speed="3333" time="4260" acceleration="1720"/>
    <motionState vehicle="11" speed="3442" time="4260" acceleration="-1698"/>
    <motionState vehicle="0" speed="4314" time="4270" acceleration="6811"/>
    <motionState vehicle="1" speed="3110" time="4270" acceleration="-3040"/>
    <motionState vehicle="2" speed="4863" time="4270" acceleration="10457"/>
    <motionState vehicle="3" speed="2638" time="4270" acceleration="-2369"/>
    <motionState vehicle="4" speed="5783" time="4270" acceleration="13636"/>
    <motionState vehicle="5" speed="2252" time="4270" acceleration="-29"/>
    <motionState vehicle="6" speed="2165" time="4270" acceleration="1962"/>
    <motionState vehicle="7" speed="2329" time="4270" acceleration="3120"/>
    <motionState vehicle="8" speed="2610" time="4270" acceleration="4117"/>
    <motionState vehicle="9" speed="2990" time="4270" acceleration="3907"/>
    <motionState vehicle="10" speed="3335" time="4270" acceleration="1683"/>
    <motionState vehicle="11" speed="3440" time="4270" acceleration="-1725"/>
    <motionState vehicle="0" speed="4321" time="4280" acceleration="6832"/>
    <motionState vehicle="1" speed="3107" time="4280" acceleration="-3049"/>
    <motionState vehicle="2" speed="4873" time="4280" acceleration="10475"/>
    <motionState vehicle="3" speed="2636" time="4280" acceleration="-2361"/>
    <motionState vehicle="4" speed="5797" time="4280" acceleration="13636"/>
    <motionState vehicle="5" speed="2252" time="4280" acceleration="-18"/>
    <motionState vehicle="6" speed="2167" time="4280" acceleration="1969"/>
    <motionState vehicle="7" speed="2332" time="4280" acceleration="3126"/>
    <motionState vehicle="8" speed="2615" time="4280" acceleration="4112"/>
    <motionState vehicle="9" speed="2993" time="4280" acceleration="3883"/>
    <motionState vehicle="10" speed="3337" time="4280" acceleration="1646"/>
    <motionState vehicle="11" speed="3438" time="4280" acceleration="-1751"/>
    <motionState vehicle="0" speed="4328" time="4290" acceleration="6853"/>
    <motionState vehicle="1" speed="3104" time="4290" acceleration="-3058"/>
    <motionState vehicle="2" speed="4884" time="4290" acceleration="10492"/>
    <motionState vehicle="3" speed="2633" time="4290" acceleration="-2353"/>
    <motionState vehicle="4" speed="5810" time="4290" acceleration="13636"/>
    <motionState vehicle="5" speed="2252" time="4290" acceleration="-8"/>
    <motionState vehicle="6" speed="2169" time="4290" acceleration="1977"/>
    <motionState vehicle="7" speed="2335" time="4290" acceleration="3132"/>
    <motionState vehicle="8" speed="2619" time="4290" acceleration="4107"/>
    <motionState vehicle="9" speed="2997" time="4290" acceleration="3859"/>
    <motionState vehicle="10" speed="3338" time="4290" acceleration="1609"/>
    <motionState vehicle="11" speed="3436" time="4290" acceleration="-1777"/>
    <motionState vehicle="0" speed="4335" time="4300" acceleration="6874"/>
    <motionState vehicle="1" speed="3101" time="4300" acceleration="-3067"/>
    <motionState vehicle="2" speed="4894" time="4300" acceleration="10510"/>
    <motionState vehicle="3" speed="2631" time="4300" acceleration="-2345"/>
    <motionState vehicle="4" speed="5824" time="4300" acceleration="13636"/>
    <motionState vehicle="5" speed="2252" time="4300" acceleration="2"/>
    <motionState vehicle="6" speed="2171" time="4300" acceleration="1984"/>
    <motionState vehicle="7" speed="2338" time="4300" acceleration="3139"/>
    <motionState vehicle="8" speed="2623" time="4300" acceleration="4102"/>
    <motionState vehicle="9" speed="3001" time="4300" acceleration="3834"/>
    <motionState vehicle="10" speed="3340" time="4300" acceleration="1573"/>
    <motionState vehicle="11" speed="3435" time="4300" acceleration="-1803"/>
    <motionState vehicle="0" speed="4342" time="4310" acceleration="6896"/>
    <motionState vehicle="1" speed="3098" time="4310" acceleration="-3075"/>
    <motionState vehicle="2" speed="4905" time="4310" acceleration="10527"/>
    <motionState vehicle="3" speed="2629" time="4310" acceleration="-2337"/>
    <motionState vehicle="4" speed="5838" time="4310" acceleration="13636"/>
    <motionState vehicle="5" speed="2252" time="4310" acceleration="13"/>
    <motionState vehicle="6" speed="2173" time="4310" acceleration="1992"/>
    <motionState vehicle="7" speed="2341" time="4310" acceleration="3145"/>
    <motionState vehicle="8" speed="2627" time="4310" acceleration="4097"/>
    <motionState vehicle="9" speed="3005" time="4310" acceleration="3809"/>
    <motionState vehicle="10" speed="3342" time="4310" acceleration="1536"/>
    <motionState vehicle="11" speed="3433" time="4310" acceleration="-1828"/>
    <motionState vehicle="0" speed="4349" time="4320" acceleration="6917"/>
    <motionState vehicle="1" speed="3095" time="4320" acceleration="-3083"/>
    <motionState vehicle="2" speed="4915" time="4320" acceleration="10544"/>
    <motionState vehicle="3" speed="2626" time="4320" acceleration="-2329"/>
    <motionState vehicle="4" speed="5851" time="4320" acceleration="13636"/>
    <motionState vehicle="5" speed="2252" time="4320" acceleration="23"/>
    <motionState vehicle="6" speed="2175" time="4320" acceleration="2000"/>
    <motionState vehicle="7" speed="2344" time="4320" acceleration="3151"/>
    <motionState vehicle="8" speed="2631" time="4320" acceleration="4091"/>
    <motionState vehicle="9" speed="3009" time="4320" acceleration="3785"/>
    <motionState vehicle="10" speed="3343" time="4320" acceleration="1500"/>
    <motionState vehicle="11" speed="3431" time="4320" acceleration="-1853"/>
    <motionState vehicle="0" speed="4355" time="4330" acceleration="6939"/>
    <motionState vehicle="1" speed="3092" time="4330" acceleration="-3091"/>
    <motionState vehicle="2" speed="4926" time="4330" acceleration="10562"/>
    <motionState vehicle="3" speed="2624" time="4330" acceleration="-2320"/>
    <motionState vehicle="4" speed="5865" time="4330" acceleration="13636"/>
    <motionState vehicle="5" speed="2252" time="4330" acceleration="34"/>
    <motionState vehicle="6" speed="2177" time="4330" acceleration="2007"/>
    <motionState vehicle="7" speed="2347" time="4330" acceleration="3157"/>
    <motionState vehicle="8" speed="2635" time="4330" acceleration="4085"/>
    <motionState vehicle="9" speed="3012" time="4330" acceleration="3760"/>
    <motionState vehicle="10" speed="3344" time="4330" acceleration="1464"/>
    <motionState vehicle="11" speed="3429" time="4330" acceleration="-1878"/>
    <motionState vehicle="0" speed="4362" time="4340" acceleration="6961"/>
    <motionState vehicle="1" speed="3089" time="4340" acceleration="-3098"/>
    <motionState vehicle="2" speed="4936" time="4340" acceleration="10579"/>
    <motionState vehicle="3" speed="2622" time="4340" acceleration="-2312"/>
    <motionState vehicle="4" speed="5878" time="4340" acceleration="13636"/>
    <motionState vehicle="5" speed="2252" time="4340" acceleration="45"/>
    <motionState vehicle="6" speed="2179" time="4340" acceleration="2015"/>
    <motionState vehicle="7" speed="2351" time="4340" acceleration="3163"/>
    <motionState vehicle="8" speed="2639" time="4340" acceleration="4080"/>
    <motionState vehicle="9" speed="3016" time="4340" acceleration="3735"/>
    <motionState vehicle="10" speed="3346" time="4340" acceleration="1428"/>
    <motionState vehicle="11" speed="3427" time="4340" acceleration="-1903"/>
    <motionState vehicle="0" speed="4369" time="4350" acceleration="6982"/>
    <motionState vehicle="1" speed="3086" time="4350" acceleration="-3105"/>
    <motionState vehicle="2" speed="4947" time="4350" acceleration="10596"/>
    <motionState vehicle="3" speed="2620" time="4350" acceleration="-2303"/>
    <motionState vehicle="4" speed="5892" time="4350" acceleration="13636"/>
    <motionState vehicle="5" speed="2252" time="4350" acceleration="56"/>
    <motionState vehicle="6" speed="2181" time="4350" acceleration="2023"/>
    <motionState vehicle="7" speed="2354" time="4350" acceleration="3169"/>
    <motionState vehicle="8" speed="2643" time="4350" acceleration="4074"/>
    <motionState vehicle="9" speed="3020" time="4350" acceleration="3710"/>
    <motionState vehicle="10" speed="3347" time="4350" acceleration="1392"/>
    <motionState vehicle="11" speed="3425" time="4350" acceleration="-1927"/>
    <motionState vehicle="0" speed="4376" time="4360" acceleration="7004"/>
    <motionState vehicle="1" speed="3082" time="4360" acceleration="-3112"/>
    <motionState vehicle="2" speed="4958" time="4360" acceleration="10614"/>
    <motionState vehicle="3" speed="2617" time="4360" acceleration="-2294"/>
    <motionState vehicle="4" speed="5906" time="4360" acceleration="13636"/>
    <motionState vehicle="5" speed="2252" time="4360" acceleration="67"/>
    <motionState vehicle="6" speed="2183" time="4360" acceleration="2030"/>
    <motionState vehicle="7" speed="2357" time="4360" acceleration="3174"/>
    <motionState vehicle="8" speed="2647" time="4360" acceleration="4068"/>
    <motionState vehicle="9" speed="3024" time="4360" acceleration="3685"/>
    <motionState vehicle="10" speed="3349" time="4360" acceleration="1356"/>
    <motionState vehicle="11" speed="3423" time="4360" acceleration="-1951"/>
    <motionState vehicle="0" speed="4383" time="4370" acceleration="7026"/>
    <motionState vehicle="1" speed="3079" time="4370" acceleration="-3119"/>
    <motionState vehicle="2" speed="4968" time="4370" acceleration="10631"/>
    <motionState vehicle="3" speed="2615" time="4370" acceleration="-2285"/>
    <motionState vehicle="4" speed="5919" time="4370" acceleration="13636"/>
    <motionState vehicle="5" speed="2252" time="4370" acceleration="78"/>
    <motionState vehicle="6" speed="2185" time="4370" acceleration="2038"/>
    <motionState vehicle="7" speed="2360" time="4370" acceleration="3180"/>
    <motionState vehicle="8" speed="2651" time="4370" acceleration="4061"/>
    <motionState vehicle="9" speed="3027" time="4370" acceleration="3660"/>
    <motionState vehicle="10" speed="3350" time="4370" acceleration="1321"/>
    <motionState vehicle="11" speed="3421" time="4370" acceleration="-1975"/>
    <motionState vehicle="0" speed="4391" time="4380" acceleration="7048"/>
    <motionState vehicle="1" speed="3076" time="4380" acceleration="-3125"/>
    <motionState vehicle="2" speed="4979" time="4380" acceleration="10648"/>
    <motionState vehicle="3" speed="2613" time="4380" acceleration="-2275"/>
    <motionState vehicle="4" speed="5933" time="4380" acceleration="13636"/>
    <motionState vehicle="5" speed="2252" time="4380" acceleration="89"/>
    <motionState vehicle="6" speed="2187" time="4380" acceleration="2046"/>
    <motionState vehicle="7" speed="2363" time="4380" acceleration="3186"/>
    <motionState vehicle="8" speed="2655" time="4380" acceleration="4055"/>
    <motionState vehicle="9" speed="3031" time="4380" acceleration="3635"/>
    <motionState vehicle="10" speed="3351" time="4380" acceleration="1285"/>
    <motionState vehicle="11" speed="3419" time="4380" acceleration="-1998"/>
    <motionState vehicle="0" speed="4398" time="4390" acceleration="7070"/>
    <motionState vehicle="1" speed="3073" time="4390" acceleration="-3131"/>
    <motionState vehicle="2" speed="4989" time="4390" acceleration="10665"/>
    <motionState vehicle="3" speed="2610" time="4390" acceleration="-2266"/>
    <motionState vehicle="4" speed="5947" time="4390" acceleration="13636"/>
    <motionState vehicle="5" speed="2252" time="4390" acceleration="100"/>
    <motionState vehicle="6" speed="2189" time="4390" acceleration="2054"/>
    <motionState vehicle="7" speed="2366" time="4390" acceleration="3191"/>
    <motionState vehicle="8" speed="2659" time="4390" acceleration="4048"/>
    <motionState vehicle="9" speed="3034" time="4390" acceleration="3610"/>
    <motionState vehicle="10" speed="3353" time="4390" acceleration="1250"/>
    <motionState vehicle="11" speed="3417" time="4390" acceleration="-2022"/>
    <motionState vehicle="0" speed="4405" time="4400" acceleration="7093"/>
    <motionState vehicle="1" speed="3070" time="4400" acceleration="-3137"/>
    <motionState vehicle="2" speed="5000" time="4400" acceleration="10682"/>
    <motionState vehicle="3" speed="2608" time="4400" acceleration="-2256"/>
    <motionState vehicle="4" speed="5960" time="4400" acceleration="13636"/>
    <motionState vehicle="5" speed="2252" time="4400" acceleration="111"/>
    <motionState vehicle="6" speed="2192" time="4400" acceleration="2061"/>
    <motionState vehicle="7" speed="2370" time="4400" acceleration="3196"/>
    <motionState vehicle="8" speed="2664" time="4400" acceleration="4042"/>
    <motionState vehicle="9" speed="3038" time="4400" acceleration="3584"/>
    <motionState vehicle="10" speed="3354" time="4400" acceleration="1215"/>
    <motionState vehicle="11" speed="3415" time="4400" acceleration="-2045"/>
    <motionState vehicle="0" speed="4412" time="4410" acceleration="7115"/>
    <motionState vehicle="1" speed="3067" time="4410" acceleration="-3142"/>
    <motionState vehicle="2" speed="5011" time="4410" acceleration="10699"/>
    <motionState vehicle="3" speed="2606" time="4410" acceleration="-2247"/>
    <motionState vehicle="4" speed="5974" time="4410" acceleration="13636"/>
    <motionState vehicle="5" speed="2253" time="4410" acceleration="122"/>
    <motionState vehicle="6" speed="2194" time="4410" acceleration="2069"/>
    <motionState vehicle="7" speed="2373" time="4410" acceleration="3202"/>
    <motionState vehicle="8" speed="2668" time="4410" acceleration="4035"/>
    <motionState vehicle="9" speed="3042" time="4410" acceleration="3559"/>
    <motionState vehicle="10" speed="3355" time="4410" acceleration="1180"/>
    <motionState vehicle="11" speed="3413" time="4410" acceleration="-2067"/>
    <motionState vehicle="0" speed="4419" time="4420" acceleration="7137"/>
    <motionState vehicle="1" speed="3064" time="4420" acceleration="-3147"/>
    <motionState vehicle="2" speed="5022" time="4420" acceleration="10716"/>
    <motionState vehicle="3" speed="2604" time="4420" acceleration="-2237"/>
    <motionState vehicle="4" speed="5988" time="4420" acceleration="13636"/>
    <motionState vehicle="5" speed="2253" time="4420" acceleration="134"/>
    <motionState vehicle="6" speed="2196" time="4420" acceleration="2077"/>
    <motionState vehicle="7" speed="2376" time="4420" acceleration="3207"/>
    <motionState vehicle="8" speed="2672" time="4420" acceleration="4028"/>
    <motionState vehicle="9" speed="3045" time="4420" acceleration="3533"/>
    <motionState vehicle="10" speed="3356" time="4420" acceleration="1145"/>
    <motionState vehicle="11" speed="3411" time="4420" acceleration="-2090"/>
    <motionState vehicle="0" speed="4426" time="4430" acceleration="7160"/>
    <motionState vehicle="1" speed="3060" time="4430" acceleration="-3152"/>
    <motionState vehicle="2" speed="5032" time="4430" acceleration="10733"/>
    <motionState vehicle="3" speed="2601" time="4430" acceleration="-2227"/>
    <motionState vehicle="4" speed="6001" time="4430" acceleration="13636"/>
    <motionState vehicle="5" speed="2253" time="4430" acceleration="145"/>
    <motionState vehicle="6" speed="2198" time="4430" acceleration="2085"/>
    <motionState vehicle="7" speed="2379" time="4430" acceleration="3212"/>
    <motionState vehicle="8" speed="2676" time="4430" acceleration="4021"/>
    <motionState vehicle="9" speed="3049" time="4430" acceleration="3508"/>
    <motionState vehicle="10" speed="3357" time="4430" acceleration="1110"/>
    <motionState vehicle="11" speed="3409" time="4430" acceleration="-2112"/>
    <motionState vehicle="0" speed="4433" time="4440" acceleration="7182"/>
    <motionState vehicle="1" speed="3057" time="4440" acceleration="-3157"/>
    <motionState vehicle="2" speed="5043" time="4440" acceleration="10750"/>
    <motionState vehicle="3" speed="2599" time="4440" acceleration="-2217"/>
    <motionState vehicle="4" speed="6015" time="4440" acceleration="13636"/>
    <motionState vehicle="5" speed="2253" time="4440" acceleration="156"/>
    <motionState vehicle="6" speed="2200" time="4440" acceleration="2093"/>
    <motionState vehicle="7" speed="2383" time="4440" acceleration="3217"/>
    <motionState vehicle="8" speed="2680" time="4440" acceleration="4013"/>
    <motionState vehicle="9" speed="3052" time="4440" acceleration="3482"/>
    <motionState vehicle="10" speed="3358" time="4440" acceleration="1075"/>
    <motionState vehicle="11" speed="3407" time="4440" acceleration="-2134"/>
    <motionState vehicle="0" speed="4440" time="4450" acceleration="7205"/>
    <motionState vehicle="1" speed="3054" time="4450" acceleration="-3161"/>
    <motionState vehicle="2" speed="5054" time="4450" acceleration="10767"/>
    <motionState vehicle="3" speed="2597" time="4450" acceleration="-2206"/>
    <motionState vehicle="4" speed="6028" time="4450" acceleration="13636"/>
    <motionState vehicle="5" speed="2253" time="4450" acceleration="167"/>
    <motionState vehicle="6" speed="2202" time="4450" acceleration="2100"/>
    <motionState vehicle="7" speed="2386" time="4450" acceleration="3222"/>
    <motionState vehicle="8" speed="2684" time="4450" acceleration="4006"/>
    <motionState vehicle="9" speed="3056" time="4450" acceleration="3456"/>
    <motionState vehicle="10" speed="3359" time="4450" acceleration="1040"/>
    <motionState vehicle="11" speed="3405" time="4450" acceleration="-2156"/>
    <motionState vehicle="0" speed="4448" time="4460" acceleration="7227"/>
    <motionState vehicle="1" speed="3051" time="4460" acceleration="-3165"/>
    <motionState vehicle="2" speed="5065" time="4460" acceleration="10784"/>
    <motionState vehicle="3" speed="2595" time="4460" acceleration="-2196"/>
    <motionState vehicle="4" speed="6042" time="4460" acceleration="13636"/>
    <motionState vehicle="5" speed="2253" time="4460" acceleration="179"/>
    <motionState vehicle="6" speed="2204" time="4460" acceleration="2108"/>
    <motionState vehicle="7" speed="2389" time="4460" acceleration="3227"/>
    <motionState vehicle="8" speed="2688" time="4460" acceleration="3998"/>
    <motionState vehicle="9" speed="3059" time="4460" acceleration="3431"/>
    <motionState vehicle="10" speed="3360" time="4460" acceleration="1006"/>
    <motionState vehicle="11" speed="3402" time="4460" acceleration="-2177"/>
    <motionState vehicle="0" speed="4455" time="4470" acceleration="7250"/>
    <motionState vehicle="1" speed="3048" time="4470" acceleration="-3169"/>
    <motionState vehicle="2" speed="5075" time="4470" acceleration="10800"/>
    <motionState vehicle="3" speed="2593" time="4470" acceleration="-2185"/>
    <motionState vehicle="4" speed="6056" time="4470" acceleration="13636"/>
    <motionState vehicle="5" speed="2254" time="4470" acceleration="190"/>
    <motionState vehicle="6" speed="2206" time="4470" acceleration="2116"/>
    <motionState vehicle="7" speed="2392" time="4470" acceleration="3232"/>
    <motionState vehicle="8" speed="2692" time="4470" acceleration="3991"/>
    <motionState vehicle="9" speed="3062" time="4470" acceleration="3405"/>
    <motionState vehicle="10" speed="3361" time="4470" acceleration="972"/>
    <motionState vehicle="11" speed="3400" time="4470" acceleration="-2198"/>
    <motionState vehicle="0" speed="4462" time="4480" acceleration="7273"/>
    <motionState vehicle="1" speed="3045" time="4480" acceleration="-3173"/>
    <motionState vehicle="2" speed="5086" time="4480" acceleration="10817"/>
    <motionState vehicle="3" speed="2590" time="4480" acceleration="-2175"/>
    <motionState vehicle="4" speed="6069" time="4480" acceleration="13636"/>
    <motionState vehicle="5" speed="2254" time="4480" acceleration="202"/>
    <motionState vehicle="6" speed="2208" time="4480" acceleration="2124"/>
    <motionState vehicle="7" speed="2395" time="4480" acceleration="3237"/>
    <motionState vehicle="8" speed="2696" time="4480" acceleration="3983"/>
    <motionState vehicle="9" speed="3066" time="4480" acceleration="3379"/>
    <motionState vehicle="10" speed="3362" time="4480" acceleration="938"/>
    <motionState vehicle="11" speed="3398" time="4480" acceleration="-2219"/>
    <motionState vehicle="0" speed="4470" time="4490" acceleration="7296"/>
    <motionState vehicle="1" speed="3041" time="4490" acceleration="-3176"/>
    <motionState vehicle="2" speed="5097" time="4490" acceleration="10834"/>
    <motionState vehicle="3" speed="2588" time="4490" acceleration="-2164"/>
    <motionState vehicle="4" speed="6083" time="4490" acceleration="13636"/>
    <motionState vehicle="5" speed="2254" time="4490" acceleration="213"/>
    <motionState vehicle="6" speed="2210" time="4490" acceleration="2132"/>
    <motionState vehicle="7" speed="2399" time="4490" acceleration="3241"/>
    <motionState vehicle="8" speed="2700" time="4490" acceleration="3975"/>
    <motionState vehicle="9" speed="3069" time="4490" acceleration="3353"/>
    <motionState vehicle="10" speed="3363" time="4490" acceleration="904"/>
    <motionState vehicle="11" speed="3396" time="4490" acceleration="-2240"/>
    <motionState vehicle="0" speed="4477" time="4500" acceleration="7319"/>
    <motionState vehicle="1" speed="3038" time="4500" acceleration="-3179"/>
    <motionState vehicle="2" speed="5108" time="4500" acceleration="10850"/>
    <motionState vehicle="3" speed="2586" time="4500" acceleration="-2153"/>
    <motionState vehicle="4" speed="6097" time="4500" acceleration="13636"/>
    <motionState vehicle="5" speed="2254" time="4500" acceleration="225"/>
    <motionState vehicle="6" speed="2213" time="4500" acceleration="2139"/>
    <motionState vehicle="7" speed="2402" time="4500" acceleration="3246"/>
    <motionState vehicle="8" speed="2704" time="4500" acceleration="3967"/>
    <motionState vehicle="9" speed="3072" time="4500" acceleration="3327"/>
    <motionState vehicle="10" speed="3364" time="4500" acceleration="870"/>
    <motionState vehicle="11" speed="3394" time="4500" acceleration="-2260"/>
    <motionState vehicle="0" speed="4484" time="4510" acceleration="7342"/>
    <motionState vehicle="1" speed="3035" time="4510" acceleration="-3182"/>
    <motionState vehicle="2" speed="5119" time="4510" acceleration="10867"/>
    <motionState vehicle="3" speed="2584" time="4510" acceleration="-2142"/>
    <motionState vehicle="4" speed="6110" time="4510" acceleration="13636"/>
    <motionState vehicle="5" speed="2254" time="4510" acceleration="236"/>
    <motionState vehicle="6" speed="2215" time="4510" acceleration="2147"/>
    <motionState vehicle="7" speed="2405" time="4510" acceleration="3250"/>
    <motionState vehicle="8" speed="2707" time="4510" acceleration="3958"/>
    <motionState vehicle="9" speed="3076" time="4510" acceleration="3301"/>
    <motionState vehicle="10" speed="3365" time="4510" acceleration="836"/>
    <motionState vehicle="11" speed="3391" time="4510" acceleration="-2280"/>
    <motionState vehicle="0" speed="4492" time="4520" acceleration="7365"/>
    <motionState vehicle="1" speed="3032" time="4520" acceleration="-3185"/>
    <motionState vehicle="2" speed="5130" time="4520" acceleration="10884"/>
    <motionState vehicle="3" speed="2582" time="4520" acceleration="-2131"/>
    <motionState vehicle="4" speed="6124" time="4520" acceleration="13636"/>
    <motionState vehicle="5" speed="2255" time="4520" acceleration="248"/>
    <motionState vehicle="6" speed="2217" time="4520" acceleration="2155"/>
    <motionState vehicle="7" speed="2408" time="4520" acceleration="3255"/>
    <motionState vehicle="8" speed="2711" time="4520" acceleration="3950"/>
    <motionState vehicle="9" speed="3079" time="4520" acceleration="3275"/>
    <motionState vehicle="10" speed="3366" time="4520" acceleration="803"/>
    <motionState vehicle="11" speed="3389" time="4520" acceleration="-2300"/>
    <motionState vehicle="0" speed="4499" time="4530" acceleration="7388"/>
    <motionState vehicle="1" speed="3029" time="4530" acceleration="-3187"/>
    <motionState vehicle="2" speed="5141" time="4530" acceleration="10900"/>
    <motionState vehicle="3" speed="2580" time="4530" acceleration="-2120"/>
    <motionState vehicle="4" speed="6138" time="4530" acceleration="13636"/>
    <motionState vehicle="5" speed="2255" time="4530" acceleration="260"/>
    <motionState vehicle="6" speed="2219" time="4530" acceleration="2163"/>
    <motionState vehicle="7" speed="2412" time="4530" acceleration="3259"/>
    <motionState vehicle="8" speed="2715" time="4530" acceleration="3941"/>
    <motionState vehicle="9" speed="3082" time="4530" acceleration="3248"/>
    <motionState vehicle="10" speed="3366" time="4530" acceleration="769"/>
    <motionState vehicle="11" speed="3387" time="4530" acceleration="-2320"/>
    <motionState vehicle="0" speed="4506" time="4540" acceleration="7411"/>
    <motionState vehicle="1" speed="3026" time="4540" acceleration="-3189"/>
    <motionState vehicle="2" speed="5151" time="4540" acceleration="10916"/>
    <motionState vehicle="3" speed="2578" time="4540" acceleration="-2108"/>
    <motionState vehicle="4" speed="6151" time="4540" acceleration="13636"/>
    <motionState vehicle="5" speed="2255" time="4540" acceleration="271"/>
    <motionState vehicle="6" speed="2221" time="4540" acceleration="2171"/>
    <motionState vehicle="7" speed="2415" time="4540" acceleration="3263"/>
    <motionState vehicle="8" speed="2719" time="4540" acceleration="3932"/>
    <motionState vehicle="9" speed="3086" time="4540" acceleration="3222"/>
    <motionState vehicle="10" speed="3367" time="4540" acceleration="736"/>
    <motionState vehicle="11" speed="3384" time="4540" acceleration="-2339"/>
    <motionState vehicle="0" speed="4514" time="4550" acceleration="7434"/>
    <motionState vehicle="1" speed="3022" time="4550" acceleration="-3191"/>
    <motionState vehicle="2" speed="5162" time="4550" acceleration="10933"/>
    <motionState vehicle="3" speed="2576" time="4550" acceleration="-2097"/>
    <motionState vehicle="4" speed="6165" time="4550" acceleration="13636"/>
    <motionState vehicle="5" speed="2256" time="4550" acceleration="283"/>
    <motionState vehicle="6" speed="2223" time="4550" acceleration="2179"/>
    <motionState vehicle="7" speed="2418" time="4550" acceleration="3267"/>
    <motionState vehicle="8" speed="2723" time="4550" acceleration="3923"/>
    <motionState vehicle="9" speed="3089" time="4550" acceleration="3196"/>
    <motionState vehicle="10" speed="3368" time="4550" acceleration="703"/>
    <motionState vehicle="11" speed="3382" time="4550" acceleration="-2358"/>
    <motionState vehicle="0" speed="4521" time="4560" acceleration="7457"/>
    <motionState vehicle="1" speed="3019" time="4560" acceleration="-3193"/>
    <motionState vehicle="2" speed="5173" time="4560" acceleration="10949"/>
    <motionState vehicle="3" speed="2573" time="4560" acceleration="-2085"/>
    <motionState vehicle="4" speed="6178" time="4560" acceleration="13636"/>
    <motionState vehicle="5" speed="2256" time="4560" acceleration="295"/>
    <motionState vehicle="6" speed="2226" time="4560" acceleration="2186"/>
    <motionState vehicle="7" speed="2421" time="4560" acceleration="3271"/>
    <motionState vehicle="8" speed="2727" time="4560" acceleration="3914"/>
    <motionState vehicle="9" speed="3092" time="4560" acceleration="3170"/>
    <motionState vehicle="10" speed="3369" time="4560" acceleration="670"/>
    <motionState vehicle="11" speed="3380" time="4560" acceleration="-2377"/>
    <motionState vehicle="0" speed="4529" time="4570" acceleration="7480"/>
    <motionState vehicle="1" speed="3016" time="4570" acceleration="-3194"/>
    <motionState vehicle="2" speed="5184" time="4570" acceleration="10965"/>
    <motionState vehicle="3" speed="2571" time="4570" acceleration="-2073"/>
    <motionState vehicle="4" speed="6192" time="4570" acceleration="13636"/>
    <motionState vehicle="5" speed="2256" time="4570" acceleration="306"/>
    <motionState vehicle="6" speed="2228" time="4570" acceleration="2194"/>
    <motionState vehicle="7" speed="2425" time="4570" acceleration="3275"/>
    <motionState vehicle="8" speed="2731" time="4570" acceleration="3905"/>
    <motionState vehicle="9" speed="3095" time="4570" acceleration="3143"/>
    <motionState vehicle="10" speed="3369" time="4570" acceleration="637"/>
    <motionState vehicle="11" speed="3377" time="4570" acceleration="-2395"/>
    <motionState vehicle="0" speed="4536" time="4580" acceleration="7504"/>
    <motionState vehicle="1" speed="3013" time="4580" acceleration="-3195"/>
    <motionState vehicle="2" speed="5195" time="4580" acceleration="10982"/>
    <motionState vehicle="3" speed="2569" time="4580" acceleration="-2061"/>
    <motionState vehicle="4" speed="6206" time="4580" acceleration="13636"/>
    <motionState vehicle="5" speed="2256" time="4580" acceleration="318"/>
    <motionState vehicle="6" speed="2230" time="4580" acceleration="2202"/>
    <motionState vehicle="7" speed="2428" time="4580" acceleration="3279"/>
    <motionState vehicle="8" speed="2735" time="4580" acceleration="3896"/>
    <motionState vehicle="9" speed="3098" time="4580" acceleration="3117"/>
    <motionState vehicle="10" speed="3370" time="4580" acceleration="605"/>
    <motionState vehicle="11" speed="3375" time="4580" acceleration="-2414"/>
    <motionState vehicle="0" speed="4544" time="4590" acceleration="7527"/>
    <motionState vehicle="1" speed="3010" time="4590" acceleration="-3196"/>
    <motionState vehicle="2" speed="5206" time="4590" acceleration="10998"/>
    <motionState vehicle="3" speed="2567" time="4590" acceleration="-2050"/>
    <motionState vehicle="4" speed="6219" time="4590" acceleration="13636"/>
    <motionState vehicle="5" speed="2257" time="4590" acceleration="330"/>
    <motionState vehicle="6" speed="2232" time="4590" acceleration="2210"/>
    <motionState vehicle="7" speed="2431" time="4590" acceleration="3283"/>
    <motionState vehicle="8" speed="2739" time="4590" acceleration="3886"/>
    <motionState vehicle="9" speed="3101" time="4590" acceleration="3090"/>
    <motionState vehicle="10" speed="3370" time="4590" acceleration="572"/>
    <motionState vehicle="11" speed="3372" time="4590" acceleration="-2432"/>
    <motionState vehicle="0" speed="4551" time="4600" acceleration="7550"/>
    <motionState vehicle="1" speed="3006" time="4600" acceleration="-3197"/>
    <motionState vehicle="2" speed="5217" time="4600" acceleration="11014"/>
    <motionState vehicle="3" speed="2565" time="4600" acceleration="-2037"/>
    <motionState vehicle="4" speed="6233" time="4600" acceleration="13636"/>
    <motionState vehicle="5" speed="2257" time="4600" acceleration="342"/>
    <motionState vehicle="6" speed="2234" time="4600" acceleration="2218"/>
    <motionState vehicle="7" speed="2435" time="4600" acceleration="3286"/>
    <motionState vehicle="8" speed="2743" time="4600" acceleration="3877"/>
    <motionState vehicle="9" speed="3104" time="4600" acceleration="3064"/>
    <motionState vehicle="10" speed="3371" time="4600" acceleration="540"/>
    <motionState vehicle="11" speed="3370" time="4600" acceleration="-2450"/>
    <motionState vehicle="0" speed="4559" time="4610" acceleration="7574"/>
    <motionState vehicle="1" speed="3003" time="4610" acceleration="-3198"/>
    <motionState vehicle="2" speed="5228" time="4610" acceleration="11030"/>
    <motionState vehicle="3" speed="2563" time="4610" acceleration="-2025"/>
    <motionState vehicle="4" speed="6247" time="4610" acceleration="13636"/>
    <motionState vehicle="5" speed="2257" time="4610" acceleration="354"/>
    <motionState vehicle="6" speed="2237" time="4610" acceleration="2225"/>
    <motionState vehicle="7" speed="2438" time="4610" acceleration="3290"/>
    <motionState vehicle="8" speed="2747" time="4610" acceleration="3867"/>
    <motionState vehicle="9" speed="3107" time="4610" acceleration="3037"/>
    <motionState vehicle="10" speed="3371" time="4610" acceleration="508"/>
    <motionState vehicle="11" speed="3367" time="4610" acceleration="-2467"/>
    <motionState vehicle="0" speed="4566" time="4620" acceleration="7597"/>
    <motionState vehicle="1" speed="3000" time="4620" acceleration="-3198"/>
    <motionState vehicle="2" speed="5239" time="4620" acceleration="11046"/>
    <motionState vehicle="3" speed="2561" time="4620" acceleration="-2013"/>
    <motionState vehicle="4" speed="6260" time="4620" acceleration="13636"/>
    <motionState vehicle="5" speed="2258" time="4620" acceleration="366"/>
    <motionState vehicle="6" speed="2239" time="4620" acceleration="2233"/>
    <motionState vehicle="7" speed="2441" time="4620" acceleration="3293"/>
    <motionState vehicle="8" speed="2750" time="4620" acceleration="3857"/>
    <motionState vehicle="9" speed="3110" time="4620" acceleration="3011"/>
    <motionState vehicle="10" speed="3372" time="4620" acceleration="476"/>
    <motionState vehicle="11" speed="3365" time="4620" acceleration="-2484"/>
    <motionState vehicle="0" speed="4574" time="4630" acceleration="7620"/>
    <motionState vehicle="1" speed="2997" time="4630" acceleration="-3198"/>
    <motionState vehicle="2" speed="5250" time="4630" acceleration="11062"/>
    <motionState vehicle="3" speed="2559" time="4630" acceleration="-2001"/>
    <motionState vehicle="4" speed="6274" time="4630" acceleration="13636"/>
    <motionState vehicle="5" speed="2258" time="4630" acceleration="378"/>
    <motionState vehicle="6" speed="2241" time="4630" acceleration="2241"/>
    <motionState vehicle="7" speed="2445" time="4630" acceleration="3296"/>
    <motionState vehicle="8" speed="2754" time="4630" acceleration="3847"/>
    <motionState vehicle="9" speed="3113" time="4630" acceleration="2984"/>
    <motionState vehicle="10" speed="3372" time="4630" acceleration="444"/>
    <motionState vehicle="11" speed="3362" time="4630" acceleration="-2501"/>
    <motionState vehicle="0" speed="4582" time="4640" acceleration="7644"/>
    <motionState vehicle="1" speed="2994" time="4640" acceleration="-3198"/>
    <motionState vehicle="2" speed="5262" time="4640" acceleration="11078"/>
    <motionState vehicle="3" speed="2557" time="4640" acceleration="-1988"/>
    <motionState vehicle="4" speed="6288" time="4640" acceleration="13636"/>
    <motionState vehicle="5" speed="2259" time="4640" acceleration="390"/>
    <motionState vehicle="6" speed="2243" time="4640" acceleration="2248"/>
    <motionState vehicle="7" speed="2448" time="4640" acceleration="3300"/>
    <motionState vehicle="8" speed="2758" time="4640" acceleration="3837"/>
    <motionState vehicle="9" speed="3116" time="4640" acceleration="2957"/>
    <motionState vehicle="10" speed="3373" time="4640" acceleration="412"/>
    <motionState vehicle="11" speed="3360" time="4640" acceleration="-2518"/>
    <motionState vehicle="0" speed="4589" time="4650" acceleration="7668"/>
    <motionState vehicle="1" speed="2990" time="4650" acceleration="-3197"/>
    <motionState vehicle="2" speed="5273" time="4650" acceleration="11094"/>
    <motionState vehicle="3" speed="2555" time="4650" acceleration="-1976"/>
    <motionState vehicle="4" speed="6301" time="4650" acceleration="13636"/>
    <motionState vehicle="5" speed="2259" time="4650" acceleration="402"/>
    <motionState vehicle="6" speed="2246" time="4650" acceleration="2256"/>
    <motionState vehicle="7" speed="2451" time="4650" acceleration="3303"/>
    <motionState vehicle="8" speed="2762" time="4650" acceleration="3827"/>
    <motionState vehicle="9" speed="3119" time="4650" acceleration="2930"/>
    <motionState vehicle="10" speed="3373" time="4650" acceleration="380"/>
    <motionState vehicle="11" speed="3357" time="4650" acceleration="-2535"/>
    <motionState vehicle="0" speed="4597" time="4660" acceleration="7691"/>
    <motionState vehicle="1" speed="2987" time="4660" acceleration="-3197"/>
    <motionState vehicle="2" speed="5284" time="4660" acceleration="11109"/>
    <motionState vehicle="3" speed="2553" time="4660" acceleration="-1963"/>
    <motionState vehicle="4" speed="6315" time="4660" acceleration="13636"/>
    <motionState vehicle="5" speed="2259" time="4660" acceleration="414"/>
    <motionState vehicle="6" speed="2248" time="4660" acceleration="2264"/>
    <motionState vehicle="7" speed="2454" time="4660" acceleration="3306"/>
    <motionState vehicle="8" speed="2766" time="4660" acceleration="3816"/>
    <motionState vehicle="9" speed="3122" time="4660" acceleration="2904"/>
    <motionState vehicle="10" speed="3373" time="4660" acceleration="349"/>
    <motionState vehicle="11" speed="3355" time="4660" acceleration="-2551"/>
    <motionState vehicle="0" speed="4605" time="4670" acceleration="7715"/>
    <motionState vehicle="1" speed="2984" time="4670" acceleration="-3196"/>
    <motionState vehicle="2" speed="5295" time="4670" acceleration="11125"/>
    <motionState vehicle="3" speed="2551" time="4670" acceleration="-1950"/>
    <motionState vehicle="4" speed="6328" time="4670" acceleration="13636"/>
    <motionState vehicle="5" speed="2260" time="4670" acceleration="426"/>
    <motionState vehicle="6" speed="2250" time="4670" acceleration="2272"/>
    <motionState vehicle="7" speed="2458" time="4670" acceleration="3309"/>
    <motionState vehicle="8" speed="2770" time="4670" acceleration="3805"/>
    <motionState vehicle="9" speed="3125" time="4670" acceleration="2877"/>
    <motionState vehicle="10" speed="3374" time="4670" acceleration="318"/>
    <motionState vehicle="11" speed="3352" time="4670" acceleration="-2567"/>
    <motionState vehicle="0" speed="4613" time="4680" acceleration="7738"/>
    <motionState vehicle="1" speed="2981" time="4680" acceleration="-3195"/>
    <motionState vehicle="2" speed="5306" time="4680" acceleration="11141"/>
    <motionState vehicle="3" speed="2549" time="4680" acceleration="-1937"/>
    <motionState vehicle="4" speed="6342" time="4680" acceleration="13636"/>
    <motionState vehicle="5" speed="2260" time="4680" acceleration="438"/>
    <motionState vehicle="6" speed="2252" time="4680" acceleration="2279"/>
    <motionState vehicle="7" speed="2461" time="4680" acceleration="3311"/>
    <motionState vehicle="8" speed="2773" time="4680" acceleration="3795"/>
    <motionState vehicle="9" speed="3128" time="4680" acceleration="2850"/>
    <motionState vehicle="10" speed="3374" time="4680" acceleration="287"/>
    <motionState vehicle="11" speed="3350" time="4680" acceleration="-2583"/>
    <motionState vehicle="0" speed="4620" time="4690" acceleration="7762"/>
    <motionState vehicle="1" speed="2978" time="4690" acceleration="-3194"/>
    <motionState vehicle="2" speed="5317" time="4690" acceleration="11156"/>
    <motionState vehicle="3" speed="2547" time="4690" acceleration="-1924"/>
    <motionState vehicle="4" speed="6356" time="4690" acceleration="13636"/>
    <motionState vehicle="5" speed="2261" time="4690" acceleration="450"/>
    <motionState vehicle="6" speed="2255" time="4690" acceleration="2287"/>
    <motionState vehicle="7" speed="2464" time="4690" acceleration="3314"/>
    <motionState vehicle="8" speed="2777" time="4690" acceleration="3784"/>
    <motionState vehicle="9" speed="3131" time="4690" acceleration="2823"/>
    <motionState vehicle="10" speed="3374" time="4690" acceleration="256"/>
    <motionState vehicle="11" speed="3347" time="4690" acceleration="-2599"/>
    <motionState vehicle="0" speed="4628" time="4700" acceleration="7786"/>
    <motionState vehicle="1" speed="2974" time="4700" acceleration="-3192"/>
    <motionState vehicle="2" speed="5328" time="4700" acceleration="11172"/>
    <motionState vehicle="3" speed="2545" time="4700" acceleration="-1911"/>
    <motionState vehicle="4" speed="6369" time="4700" acceleration="13636"/>
    <motionState vehicle="5" speed="2261" time="4700" acceleration="462"/>
    <motionState vehicle="6" speed="2257" time="4700" acceleration="2294"/>
    <motionState vehicle="7" speed="2468" time="4700" acceleration="3317"/>
    <motionState vehicle="8" speed="2781" time="4700" acceleration="3773"/>
    <motionState vehicle="9" speed="3133" time="4700" acceleration="2796"/>
    <motionState vehicle="10" speed="3375" time="4700" acceleration="225"/>
    <motionState vehicle="11" speed="3344" time="4700" acceleration="-2614"/>
    <motionState vehicle="0" speed="4636" time="4710" acceleration="7809"/>
    <motionState vehicle="1" speed="2971" time="4710" acceleration="-3190"/>
    <motionState vehicle="2" speed="5339" time="4710" acceleration="11187"/>
    <motionState vehicle="3" speed="2544" time="4710" acceleration="-1898"/>
    <motionState vehicle="4" speed="6383" time="4710" acceleration="13636"/>
    <motionState vehicle="5" speed="2262" time="4710" acceleration="474"/>
    <motionState vehicle="6" speed="2259" time="4710" acceleration="2302"/>
    <motionState vehicle="7" speed="2471" time="4710" acceleration="3319"/>
    <motionState vehicle="8" speed="2785" time="4710" acceleration="3762"/>
    <motionState vehicle="9" speed="3136" time="4710" acceleration="2770"/>
    <motionState vehicle="10" speed="3375" time="4710" acceleration="194"/>
    <motionState vehicle="11" speed="3342" time="4710" acceleration="-2629"/>
    <motionState vehicle="0" speed="4644" time="4720" acceleration="7833"/>
    <motionState vehicle="1" speed="2968" time="4720" acceleration="-3189"/>
    <motionState vehicle="2" speed="5351" time="4720" acceleration="11203"/>
    <motionState vehicle="3" speed="2542" time="4720" acceleration="-1885"/>
    <motionState vehicle="4" speed="6397" time="4720" acceleration="13636"/>
    <motionState vehicle="5" speed="2262" time="4720" acceleration="486"/>
    <motionState vehicle="6" speed="2262" time="4720" acceleration="2310"/>
    <motionState vehicle="7" speed="2474" time="4720" acceleration="3322"/>
    <motionState vehicle="8" speed="2788" time="4720" acceleration="3751"/>
    <motionState vehicle="9" speed="3139" time="4720" acceleration="2743"/>
    <motionState vehicle="10" speed="3375" time="4720" acceleration="164"/>
    <motionState vehicle="11" speed="3339" time="4720" acceleration="-2644"/>
    <motionState vehicle="0" speed="4652" time="4730" acceleration="7857"/>
    <motionState vehicle="1" speed="2965" time="4730" acceleration="-3186"/>
    <motionState vehicle="2" speed="5362" time="4730" acceleration="11218"/>
    <motionState vehicle="3" speed="2540" time="4730" acceleration="-1872"/>
    <motionState vehicle="4" speed="6410" time="4730" acceleration="13636"/>
    <motionState vehicle="5" speed="2263" time="4730" acceleration="498"/>
    <motionState vehicle="6" speed="2264" time="4730" acceleration="2317"/>
    <motionState vehicle="7" speed="2478" time="4730" acceleration="3324"/>
    <motionState vehicle="8" speed="2792" time="4730" acceleration="3739"/>
    <motionState vehicle="9" speed="3142" time="4730" acceleration="2716"/>
    <motionState vehicle="10" speed="3375" time="4730" acceleration="134"/>
    <motionState vehicle="11" speed="3336" time="4730" acceleration="-2659"/>
    <motionState vehicle="0" speed="4659" time="4740" acceleration="7880"/>
    <motionState vehicle="1" speed="2962" time="4740" acceleration="-3184"/>
    <motionState vehicle="2" speed="5373" time="4740" acceleration="11233"/>
    <motionState vehicle="3" speed="2538" time="4740" acceleration="-1858"/>
    <motionState vehicle="4" speed="6424" time="4740" acceleration="13636"/>
    <motionState vehicle="5" speed="2263" time="4740" acceleration="510"/>
    <motionState vehicle="6" speed="2266" time="4740" acceleration="2325"/>
    <motionState vehicle="7" speed="2481" time="4740" acceleration="3326"/>
    <motionState vehicle="8" speed="2796" time="4740" acceleration="3728"/>
    <motionState vehicle="9" speed="3144" time="4740" acceleration="2689"/>
    <motionState vehicle="10" speed="3375" time="4740" acceleration="104"/>
    <motionState vehicle="11" speed="3334" time="4740" acceleration="-2673"/>
    <motionState vehicle="0" speed="4667" time="4750" acceleration="7904"/>
    <motionState vehicle="1" speed="2958" time="4750" acceleration="-3182"/>
    <motionState vehicle="2" speed="5384" time="4750" acceleration="11249"/>
    <motionState vehicle="3" speed="2536" time="4750" acceleration="-1845"/>
    <motionState vehicle="4" speed="6438" time="4750" acceleration="13636"/>
    <motionState vehicle="5" speed="2264" time="4750" acceleration="522"/>
    <motionState vehicle="6" speed="2269" time="4750" acceleration="2332"/>
    <motionState vehicle="7" speed="2484" time="4750" acceleration="3328"/>
    <motionState vehicle="8" speed="2800" time="4750" acceleration="3716"/>
    <motionState vehicle="9" speed="3147" time="4750" acceleration="2662"/>
    <motionState vehicle="10" speed="3375" time="4750" acceleration="74"/>
    <motionState vehicle="11" speed="3331" time="4750" acceleration="-2687"/>
    <motionState vehicle="0" speed="4675" time="4760" acceleration="7928"/>
    <motionState vehicle="1" speed="2955" time="4760" acceleration="-3179"/>
    <motionState vehicle="2" speed="5396" time="4760" acceleration="11264"/>
    <motionState vehicle="3" speed="2534" time="4760" acceleration="-1831"/>
    <motionState vehicle="4" speed="6451" time="4760" acceleration="13636"/>
    <motionState vehicle="5" speed="2264" time="4760" acceleration="534"/>
    <motionState vehicle="6" speed="2271" time="4760" acceleration="2340"/>
    <motionState vehicle="7" speed="2488" time="4760" acceleration="3330"/>
    <motionState vehicle="8" speed="2803" time="4760" acceleration="3704"/>
    <motionState vehicle="9" speed="3150" time="4760" acceleration="2635"/>
    <motionState vehicle="10" speed="3375" time="4760" acceleration="44"/>
    <motionState vehicle="11" speed="3328" time="4760" acceleration="-2701"/>
    <motionState vehicle="0" speed="4683" time="4770" acceleration="7951"/>
    <motionState vehicle="1" speed="2952" time="4770" acceleration="-3176"/>
    <motionState vehicle="2" speed="5407" time="4770" acceleration="11279"/>
    <motionState vehicle="3" speed="2532" time="4770" acceleration="-1818"/>
    <motionState vehicle="4" speed="6465" time="4770" acceleration="13636"/>
    <motionState vehicle="5" speed="2265" time="4770" acceleration="547"/>
    <motionState vehicle="6" speed="2273" time="4770" acceleration="2347"/>
    <motionState vehicle="7" speed="2491" time="4770" acceleration="3332"/>
    <motionState vehicle="8" speed="2807" time="4770" acceleration="3692"/>
    <motionState vehicle="9" speed="3152" time="4770" acceleration="2608"/>
    <motionState vehicle="10" speed="3375" time="4770" acceleration="14"/>
    <motionState vehicle="11" speed="3326" time="4770" acceleration="-2715"/>
    <motionState vehicle="0" speed="4691" time="4780" acceleration="7975"/>
    <motionState vehicle="1" speed="2949" time="4780" acceleration="-3173"/>
    <motionState vehicle="2" speed="5418" time="4780" acceleration="11294"/>
    <motionState vehicle="3" speed="2531" time="4780" acceleration="-1804"/>
    <motionState vehicle="4" speed="6478" time="4780" acceleration="13636"/>
    <motionState vehicle="5" speed="2265" time="4780" acceleration="559"/>
    <motionState vehicle="6" speed="2276" time="4780" acceleration="2354"/>
    <motionState vehicle="7" speed="2494" time="4780" acceleration="3333"/>
    <motionState vehicle="8" speed="2811" time="4780" acceleration="3680"/>
    <motionState vehicle="9" speed="3155" time="4780" acceleration="2581"/>
    <motionState vehicle="10" speed="3375" time="4780" acceleration="-14"/>
    <motionState vehicle="11" speed="3323" time="4780" acceleration="-2728"/>
    <motionState vehicle="0" speed="4699" time="4790" acceleration="7999"/>
    <motionState vehicle="1" speed="2946" time="4790" acceleration="-3170"/>
    <motionState vehicle="2" speed="5430" time="4790" acceleration="11309"/>
    <motionState vehicle="3" speed="2529" time="4790" acceleration="-1790"/>
    <motionState vehicle="4" speed="6492" time="4790" acceleration="13636"/>
    <motionState vehicle="5" speed="2266" time="4790" acceleration="571"/>
    <motionState vehicle="6" speed="2278" time="4790" acceleration="2362"/>
    <motionState vehicle="7" speed="2498" time="4790" acceleration="3335"/>
    <motionState vehicle="8" speed="2814" time="4790" acceleration="3668"/>
    <motionState vehicle="9" speed="3157" time="4790" acceleration="2554"/>
    <motionState vehicle="10" speed="3375" time="4790" acceleration="-44"/>
    <motionState vehicle="11" speed="3320" time="4790" acceleration="-2742"/>
    <motionState vehicle="0" speed="4707" time="4800" acceleration="8023"/>
    <motionState vehicle="1" speed="2943" time="4800" acceleration="-3166"/>
    <motionState vehicle="2" speed="5441" time="4800" acceleration="11324"/>
    <motionState vehicle="3" speed="2527" time="4800" acceleration="-1776"/>
    <motionState vehicle="4" speed="6506" time="4800" acceleration="13636"/>
    <motionState vehicle="5" speed="2266" time="4800" acceleration="583"/>
    <motionState vehicle="6" speed="2280" time="4800" acceleration="2369"/>
    <motionState vehicle="7" speed="2501" time="4800" acceleration="3337"/>
    <motionState vehicle="8" speed="2818" time="4800" acceleration="3656"/>
    <motionState vehicle="9" speed="3160" time="4800" acceleration="2527"/>
    <motionState vehicle="10" speed="3375" time="4800" acceleration="-73"/>
    <motionState vehicle="11" speed="3317" time="4800" acceleration="-2755"/>
    <motionState vehicle="0" speed="4715" time="4810" acceleration="8047"/>
    <motionState vehicle="1" speed="2939" time="4810" acceleration="-3163"/>
    <motionState vehicle="2" speed="5452" time="4810" acceleration="11339"/>
    <motionState vehicle="3" speed="2525" time="4810" acceleration="-1762"/>
    <motionState vehicle="4" speed="6519" time="4810" acceleration="13636"/>
    <motionState vehicle="5" speed="2267" time="4810" acceleration="595"/>
    <motionState vehicle="6" speed="2283" time="4810" acceleration="2376"/>
    <motionState vehicle="7" speed="2504" time="4810" acceleration="3338"/>
    <motionState vehicle="8" speed="2822" time="4810" acceleration="3643"/>
    <motionState vehicle="9" speed="3162" time="4810" acceleration="2500"/>
    <motionState vehicle="10" speed="3375" time="4810" acceleration="-102"/>
    <motionState vehicle="11" speed="3315" time="4810" acceleration="-2767"/>
    <motionState vehicle="0" speed="4723" time="4820" acceleration="8070"/>
    <motionState vehicle="1" speed="2936" time="4820" acceleration="-3159"/>
    <motionState vehicle="2" speed="5464" time="4820" acceleration="11354"/>
    <motionState vehicle="3" speed="2524" time="4820" acceleration="-1748"/>
    <motionState vehicle="4" speed="6533" time="4820" acceleration="13636"/>
    <motionState vehicle="5" speed="2268" time="4820" acceleration="608"/>
    <motionState vehicle="6" speed="2285" time="4820" acceleration="2384"/>
    <motionState vehicle="7" speed="2508" time="4820" acceleration="3339"/>
    <motionState vehicle="8" speed="2825" time="4820" acceleration="3631"/>
    <motionState vehicle="9" speed="3165" time="4820" acceleration="2473"/>
    <motionState vehicle="10" speed="3375" time="4820" acceleration="-130"/>
    <motionState vehicle="11" speed="3312" time="4820" acceleration="-2780"/>
    <motionState vehicle="0" speed="4731" time="4830" acceleration="8094"/>
    <motionState vehicle="1" speed="2933" time="4830" acceleration="-3155"/>
    <motionState vehicle="2" speed="5475" time="4830" acceleration="11368"/>
    <motionState vehicle="3" speed="2522" time="4830" acceleration="-1734"/>
    <motionState vehicle="4" speed="6547" time="4830" acceleration="13636"/>
    <motionState vehicle="5" speed="2268" time="4830" acceleration="620"/>
    <motionState vehicle="6" speed="2287" time="4830" acceleration="2391"/>
    <motionState vehicle="7" speed="2511" time="4830" acceleration="3340"/>
    <motionState vehicle="8" speed="2829" time="4830" acceleration="3618"/>
    <motionState vehicle="9" speed="3167" time="4830" acceleration="2446"/>
    <motionState vehicle="10" speed="3375" time="4830" acceleration="-159"/>
    <motionState vehicle="11" speed="3309" time="4830" acceleration="-2792"/>
    <motionState vehicle="0" speed="4740" time="4840" acceleration="8118"/>
    <motionState vehicle="1" speed="2930" time="4840" acceleration="-3150"/>
    <motionState vehicle="2" speed="5486" time="4840" acceleration="11383"/>
    <motionState vehicle="3" speed="2520" time="4840" acceleration="-1720"/>
    <motionState vehicle="4" speed="6560" time="4840" acceleration="13636"/>
    <motionState vehicle="5" speed="2269" time="4840" acceleration="632"/>
    <motionState vehicle="6" speed="2290" time="4840" acceleration="2398"/>
    <motionState vehicle="7" speed="2514" time="4840" acceleration="3342"/>
    <motionState vehicle="8" speed="2833" time="4840" acceleration="3605"/>
    <motionState vehicle="9" speed="3170" time="4840" acceleration="2418"/>
    <motionState vehicle="10" speed="3375" time="4840" acceleration="-187"/>
    <motionState vehicle="11" speed="3306" time="4840" acceleration="-2804"/>
    <motionState vehicle="0" speed="4748" time="4850" acceleration="8142"/>
    <motionState vehicle="1" speed="2927" time="4850" acceleration="-3146"/>
    <motionState vehicle="2" speed="5498" time="4850" acceleration="11398"/>
    <motionState vehicle="3" speed="2518" time="4850" acceleration="-1706"/>
    <motionState vehicle="4" speed="6574" time="4850" acceleration="13636"/>
    <motionState vehicle="5" speed="2270" time="4850" acceleration="644"/>
    <motionState vehicle="6" speed="2292" time="4850" acceleration="2405"/>
    <motionState vehicle="7" speed="2518" time="4850" acceleration="3342"/>
    <motionState vehicle="8" speed="2836" time="4850" acceleration="3593"/>
    <motionState vehicle="9" speed="3172" time="4850" acceleration="2391"/>
    <motionState vehicle="10" speed="3374" time="4850" acceleration="-216"/>
    <motionState vehicle="11" speed="3303" time="4850" acceleration="-2816"/>
    <motionState vehicle="0" speed="4756" time="4860" acceleration="8165"/>
    <motionState vehicle="1" speed="2924" time="4860" acceleration="-3141"/>
    <motionState vehicle="2" speed="5509" time="4860" acceleration="11412"/>
    <motionState vehicle="3" speed="2517" time="4860" acceleration="-1692"/>
    <motionState vehicle="4" speed="6588" time="4860" acceleration="13636"/>
    <motionState vehicle="5" speed="2270" time="4860" acceleration="656"/>
    <motionState vehicle="6" speed="2295" time="4860" acceleration="2412"/>
    <motionState vehicle="7" speed="2521" time="4860" acceleration="3343"/>
    <motionState vehicle="8" speed="2840" time="4860" acceleration="3580"/>
    <motionState vehicle="9" speed="3175" time="4860" acceleration="2364"/>
    <motionState vehicle="10" speed="3374" time="4860" acceleration="-244"/>
    <motionState vehicle="11" speed="3301" time="4860" acceleration="-2828"/>
    <motionState vehicle="0" speed="4764" time="4870" acceleration="8189"/>
    <motionState vehicle="1" speed="2921" time="4870" acceleration="-3137"/>
    <motionState vehicle="2" speed="5521" time="4870" acceleration="11427"/>
    <motionState vehicle="3" speed="2515" time="4870" acceleration="-1677"/>
    <motionState vehicle="4" speed="6601" time="4870" acceleration="13636"/>
    <motionState vehicle="5" speed="2271" time="4870" acceleration="669"/>
    <motionState vehicle="6" speed="2297" time="4870" acceleration="2420"/>
    <motionState vehicle="7" speed="2524" time="4870" acceleration="3344"/>
    <motionState vehicle="8" speed="2843" time="4870" acceleration="3566"/>
    <motionState vehicle="9" speed="3177" time="4870" acceleration="2337"/>
    <motionState vehicle="10" speed="3374" time="4870" acceleration="-272"/>
    <motionState vehicle="11" speed="3298" time="4870" acceleration="-2839"/>
    <motionState vehicle="0" speed="4772" time="4880" acceleration="8213"/>
    <motionState vehicle="1" speed="2917" time="4880" acceleration="-3132"/>
    <motionState vehicle="2" speed="5532" time="4880" acceleration="11441"/>
    <motionState vehicle="3" speed="2513" time="4880" acceleration="-1663"/>
    <motionState vehicle="4" speed="6615" time="4880" acceleration="13636"/>
    <motionState vehicle="5" speed="2272" time="4880" acceleration="681"/>
    <motionState vehicle="6" speed="2300" time="4880" acceleration="2427"/>
    <motionState vehicle="7" speed="2528" time="4880" acceleration="3345"/>
    <motionState vehicle="8" speed="2847" time="4880" acceleration="3553"/>
    <motionState vehicle="9" speed="3179" time="4880" acceleration="2310"/>
    <motionState vehicle="10" speed="3373" time="4880" acceleration="-300"/>
    <motionState vehicle="11" speed="3295" time="4880" acceleration="-2850"/>
    <motionState vehicle="0" speed="4781" time="4890" acceleration="8237"/>
    <motionState vehicle="1" speed="2914" time="4890" acceleration="-3127"/>
    <motionState vehicle="2" speed="5543" time="4890" acceleration="11456"/>
    <motionState vehicle="3" speed="2512" time="4890" acceleration="-1649"/>
    <motionState vehicle="4" speed="6628" time="4890" acceleration="13636"/>
    <motionState vehicle="5" speed="2272" time="4890" acceleration="693"/>
    <motionState vehicle="6" speed="2302" time="4890" acceleration="2434"/>
    <motionState vehicle="7" speed="2531" time="4890" acceleration="3345"/>
    <motionState vehicle="8" speed="2850" time="4890" acceleration="3540"/>
    <motionState vehicle="9" speed="3181" time="4890" acceleration="2283"/>
    <motionState vehicle="10" speed="3373" time="4890" acceleration="-327"/>
    <motionState vehicle="11" speed="3292" time="4890" acceleration="-2861"/>
    <motionState vehicle="0" speed="4789" time="4900" acceleration="8260"/>
    <motionState vehicle="1" speed="2911" time="4900" acceleration="-3121"/>
    <motionState vehicle="2" speed="5555" time="4900" acceleration="11470"/>
    <motionState vehicle="3" speed="2510" time="4900" acceleration="-1634"/>
    <motionState vehicle="4" speed="6642" time="4900" acceleration="13636"/>
    <motionState vehicle="5" speed="2273" time="4900" acceleration="705"/>
    <motionState vehicle="6" speed="2304" time="4900" acceleration="2441"/>
    <motionState vehicle="7" speed="2534" time="4900" acceleration="3346"/>
    <motionState vehicle="8" speed="2854" time="4900" acceleration="3526"/>
    <motionState vehicle="9" speed="3184" time="4900" acceleration="2256"/>
    <motionState vehicle="10" speed="3373" time="4900" acceleration="-355"/>
    <motionState vehicle="11" speed="3289" time="4900" acceleration="-2872"/>
    <motionState vehicle="0" speed="4797" time="4910" acceleration="8284"/>
    <motionState vehicle="1" speed="2908" time="4910" acceleration="-3116"/>
    <motionState vehicle="2" speed="5566" time="4910" acceleration="11484"/>
    <motionState vehicle="3" speed="2508" time="4910" acceleration="-1620"/>
    <motionState vehicle="4" speed="6656" time="4910" acceleration="13636"/>
    <motionState vehicle="5" speed="2274" time="4910" acceleration="717"/>
    <motionState vehicle="6" speed="2307" time="4910" acceleration="2448"/>
    <motionState vehicle="7" speed="2538" time="4910" acceleration="3346"/>
    <motionState vehicle="8" speed="2857" time="4910" acceleration="3513"/>
    <motionState vehicle="9" speed="3186" time="4910" acceleration="2229"/>
    <motionState vehicle="10" speed="3372" time="4910" acceleration="-382"/>
    <motionState vehicle="11" speed="3286" time="4910" acceleration="-2883"/>
    <motionState vehicle="0" speed="4805" time="4920" acceleration="8308"/>
    <motionState vehicle="1" speed="2905" time="4920" acceleration="-3110"/>
    <motionState vehicle="2" speed="5578" time="4920" acceleration="11498"/>
    <motionState vehicle="3" speed="2507" time="4920" acceleration="-1605"/>
    <motionState vehicle="4" speed="6669" time="4920" acceleration="13636"/>
    <motionState vehicle="5" speed="2274" time="4920" acceleration="730"/>
    <motionState vehicle="6" speed="2309" time="4920" acceleration="2455"/>
    <motionState vehicle="7" speed="2541" time="4920" acceleration="3346"/>
    <motionState vehicle="8" speed="2861" time="4920" acceleration="3499"/>
    <motionState vehicle="9" speed="3188" time="4920" acceleration="2202"/>
    <motionState vehicle="10" speed="3372" time="4920" acceleration="-409"/>
    <motionState vehicle="11" speed="3283" time="4920" acceleration="-2893"/>
    <motionState vehicle="0" speed="4814" time="4930" acceleration="8332"/>
    <motionState vehicle="1" speed="2902" time="4930" acceleration="-3105"/>
    <motionState vehicle="2" speed="5589" time="4930" acceleration="11513"/>
    <motionState vehicle="3" speed="2505" time="4930" acceleration="-1590"/>
    <motionState vehicle="4" speed="6683" time="4930" acceleration="13636"/>
    <motionState vehicle="5" speed="2275" time="4930" acceleration="742"/>
    <motionState vehicle="6" speed="2312" time="4930" acceleration="2461"/>
    <motionState vehicle="7" speed="2544" time="4930" acceleration="3346"/>
    <motionState vehicle="8" speed="2864" time="4930" acceleration="3485"/>
    <motionState vehicle="9" speed="3190" time="4930" acceleration="2175"/>
    <motionState vehicle="10" speed="3372" time="4930" acceleration="-436"/>
    <motionState vehicle="11" speed="3281" time="4930" acceleration="-2903"/>
    <motionState vehicle="0" speed="4822" time="4940" acceleration="8355"/>
    <motionState vehicle="1" speed="2899" time="4940" acceleration="-3099"/>
    <motionState vehicle="2" speed="5601" time="4940" acceleration="11527"/>
    <motionState vehicle="3" speed="2504" time="4940" acceleration="-1575"/>
    <motionState vehicle="4" speed="6697" time="4940" acceleration="13636"/>
    <motionState vehicle="5" speed="2276" time="4940" acceleration="754"/>
    <motionState vehicle="6" speed="2314" time="4940" acceleration="2468"/>
    <motionState vehicle="7" speed="2548" time="4940" acceleration="3346"/>
    <motionState vehicle="8" speed="2868" time="4940" acceleration="3471"/>
    <motionState vehicle="9" speed="3193" time="4940" acceleration="2148"/>
    <motionState vehicle="10" speed="3371" time="4940" acceleration="-463"/>
    <motionState vehicle="11" speed="3278" time="4940" acceleration="-2913"/>
    <motionState vehicle="0" speed="4830" time="4950" acceleration="8379"/>
    <motionState vehicle="1" speed="2896" time="4950" acceleration="-3092"/>
    <motionState vehicle="2" speed="5612" time="4950" acceleration="11541"/>
    <motionState vehicle="3" speed="2502" time="4950" acceleration="-1561"/>
    <motionState vehicle="4" speed="6710" time="4950" acceleration="13636"/>
    <motionState vehicle="5" speed="2277" time="4950" acceleration="766"/>
    <motionState vehicle="6" speed="2317" time="4950" acceleration="2475"/>
    <motionState vehicle="7" speed="2551" time="4950" acceleration="3346"/>
    <motionState vehicle="8" speed="2871" time="4950" acceleration="3457"/>
    <motionState vehicle="9" speed="3195" time="4950" acceleration="2121"/>
    <motionState vehicle="10" speed="3371" time="4950" acceleration="-489"/>
    <motionState vehicle="11" speed="3275" time="4950" acceleration="-2923"/>
    <motionState vehicle="0" speed="4839" time="4960" acceleration="8403"/>
    <motionState vehicle="1" speed="2893" time="4960" acceleration="-3086"/>
    <motionState vehicle="2" speed="5624" time="4960" acceleration="11555"/>
    <motionState vehicle="3" speed="2501" time="4960" acceleration="-1546"/>
    <motionState vehicle="4" speed="6724" time="4960" acceleration="13636"/>
    <motionState vehicle="5" speed="2277" time="4960" acceleration="779"/>
    <motionState vehicle="6" speed="2319" time="4960" acceleration="2482"/>
    <motionState vehicle="7" speed="2554" time="4960" acceleration="3345"/>
    <motionState vehicle="8" speed="2875" time="4960" acceleration="3443"/>
    <motionState vehicle="9" speed="3197" time="4960" acceleration="2094"/>
    <motionState vehicle="10" speed="3370" time="4960" acceleration="-515"/>
    <motionState vehicle="11" speed="3272" time="4960" acceleration="-2932"/>
    <motionState vehicle="0" speed="4847" time="4970" acceleration="8426"/>
    <motionState vehicle="1" speed="2889" time="4970" acceleration="-3080"/>
    <motionState vehicle="2" speed="5636" time="4970" acceleration="11568"/>
    <motionState vehicle="3" speed="2499" time="4970" acceleration="-1531"/>
    <motionState vehicle="4" speed="6738" time="4970" acceleration="13636"/>
    <motionState vehicle="5" speed="2278" time="4970" acceleration="791"/>
    <motionState vehicle="6" speed="2322" time="4970" acceleration="2488"/>
    <motionState vehicle="7" speed="2558" time="4970" acceleration="3345"/>
    <motionState vehicle="8" speed="2878" time="4970" acceleration="3429"/>
    <motionState vehicle="9" speed="3199" time="4970" acceleration="2067"/>
    <motionState vehicle="10" speed="3370" time="4970" acceleration="-542"/>
    <motionState vehicle="11" speed="3269" time="4970" acceleration="-2941"/>
    <motionState vehicle="0" speed="4856" time="4980" acceleration="8450"/>
    <motionState vehicle="1" speed="2886" time="4980" acceleration="-3073"/>
    <motionState vehicle="2" speed="5647" time="4980" acceleration="11582"/>
    <motionState vehicle="3" speed="2498" time="4980" acceleration="-1516"/>
    <motionState vehicle="4" speed="6751" time="4980" acceleration="13636"/>
    <motionState vehicle="5" speed="2279" time="4980" acceleration="803"/>
    <motionState vehicle="6" speed="2324" time="4980" acceleration="2495"/>
    <motionState vehicle="7" speed="2561" time="4980" acceleration="3345"/>
    <motionState vehicle="8" speed="2882" time="4980" acceleration="3414"/>
    <motionState vehicle="9" speed="3201" time="4980" acceleration="2040"/>
    <motionState vehicle="10" speed="3369" time="4980" acceleration="-568"/>
    <motionState vehicle="11" speed="3266" time="4980" acceleration="-2950"/>
    <motionState vehicle="0" speed="4864" time="4990" acceleration="8474"/>
    <motionState vehicle="1" speed="2883" time="4990" acceleration="-3066"/>
    <motionState vehicle="2" speed="5659" time="4990" acceleration="11596"/>
    <motionState vehicle="3" speed="2496" time="4990" acceleration="-1501"/>
    <motionState vehicle="4" speed="6765" time="4990" acceleration="13636"/>
    <motionState vehicle="5" speed="2280" time="4990" acceleration="815"/>
    <motionState vehicle="6" speed="2327" time="4990" acceleration="2502"/>
    <motionState vehicle="7" speed="2564" time="4990" acceleration="3344"/>
    <motionState vehicle="8" speed="2885" time="4990" acceleration="3400"/>
    <motionState vehicle="9" speed="3203" time="4990" acceleration="2013"/>
    <motionState vehicle="10" speed="3368" time="4990" acceleration="-594"/>
    <motionState vehicle="11" speed="3263" time="4990" acceleration="-2959"/>
    <motionState vehicle="0" speed="4873" time="5000" acceleration="8497"/>
    <motionState vehicle="1" speed="2880" time="5000" acceleration="-3059"/>
    <motionState vehicle="2" speed="5670" time="5000" acceleration="11610"/>
    <motionState vehicle="3" speed="2495" time="5000" acceleration="-1486"/>
    <motionState vehicle="4" speed="6778" time="5000" acceleration="13636"/>
    <motionState vehicle="5" speed="2281" time="5000" acceleration="827"/>
    <motionState vehicle="6" speed="2329" time="5000" acceleration="2508"/>
    <motionState vehicle="7" speed="2568" time="5000" acceleration="3343"/>
    <motionState vehicle="8" speed="2888" time="5000" acceleration="3385"/>
    <motionState vehicle="9" speed="3205" time="5000" acceleration="1986"/>
    <motionState vehicle="10" speed="3368" time="5000" acceleration="-619"/>
    <motionState vehicle="11" speed="3260" time="5000" acceleration="-2968"/>
    <motionState vehicle="0" speed="4881" time="5010" acceleration="8521"/>
    <motionState vehicle="1" speed="2877" time="5010" acceleration="-3052"/>
    <motionState vehicle="2" speed="5682" time="5010" acceleration="11623"/>
    <motionState vehicle="3" speed="2493" time="5010" acceleration="-1471"/>
    <motionState vehicle="4" speed="6792" time="5010" acceleration="13636"/>
    <motionState vehicle="5" speed="2282" time="5010" acceleration="839"/>
    <motionState vehicle="6" speed="2332" time="5010" acceleration="2515"/>
    <motionState vehicle="7" speed="2571" time="5010" acceleration="3342"/>
    <motionState vehicle="8" speed="2892" time="5010" acceleration="3370"/>
    <motionState vehicle="9" speed="3207" time="5010" acceleration="1959"/>
    <motionState vehicle="10" speed="3367" time="5010" acceleration="-645"/>
    <motionState vehicle="11" speed="3257" time="5010" acceleration="-2976"/>
    <motionState vehicle="0" speed="4890" time="5020" acceleration="8544"/>
    <motionState vehicle="1" speed="2874" time="5020" acceleration="-3045"/>
    <motionState vehicle="2" speed="5694" time="5020" acceleration="11637"/>
    <motionState vehicle="3" speed="2492" time="5020" acceleration="-1456"/>
    <motionState vehicle="4" speed="6806" time="5020" acceleration="13636"/>
    <motionState vehicle="5" speed="2282" time="5020" acceleration="852"/>
    <motionState vehicle="6" speed="2334" time="5020" acceleration="2521"/>
    <motionState vehicle="7" speed="2575" time="5020" acceleration="3341"/>
    <motionState vehicle="8" speed="2895" time="5020" acceleration="3355"/>
    <motionState vehicle="9" speed="3209" time="5020" acceleration="1932"/>
    <motionState vehicle="10" speed="3366" time="5020" acceleration="-670"/>
    <motionState vehicle="11" speed="3254" time="5020" acceleration="-2984"/>
    <motionState vehicle="0" speed="4898" time="5030" acceleration="8568"/>
    <motionState vehicle="1" speed="2871" time="5030" acceleration="-3038"/>
    <motionState vehicle="2" speed="5705" time="5030" acceleration="11650"/>
    <motionState vehicle="3" speed="2490" time="5030" acceleration="-1440"/>
    <motionState vehicle="4" speed="6819" time="5030" acceleration="13636"/>
    <motionState vehicle="5" speed="2283" time="5030" acceleration="864"/>
    <motionState vehicle="6" speed="2337" time="5030" acceleration="2527"/>
    <motionState vehicle="7" speed="2578" time="5030" acceleration="3340"/>
    <motionState vehicle="8" speed="2898" time="5030" acceleration="3341"/>
    <motionState vehicle="9" speed="3211" time="5030" acceleration="1905"/>
    <motionState vehicle="10" speed="3366" time="5030" acceleration="-695"/>
    <motionState vehicle="11" speed="3251" time="5030" acceleration="-2992"/>
    <motionState vehicle="0" speed="4907" time="5040" acceleration="8591"/>
    <motionState vehicle="1" speed="2868" time="5040" acceleration="-3030"/>
    <motionState vehicle="2" speed="5717" time="5040" acceleration="11664"/>
    <motionState vehicle="3" speed="2489" time="5040" acceleration="-1425"/>
    <motionState vehicle="4" speed="6833" time="5040" acceleration="13636"/>
    <motionState vehicle="5" speed="2284" time="5040" acceleration="876"/>
    <motionState vehicle="6" speed="2339" time="5040" acceleration="2534"/>
    <motionState vehicle="7" speed="2581" time="5040" acceleration="3339"/>
    <motionState vehicle="8" speed="2902" time="5040" acceleration="3325"/>
    <motionState vehicle="9" speed="3212" time="5040" acceleration="1878"/>
    <motionState vehicle="10" speed="3365" time="5040" acceleration="-720"/>
    <motionState vehicle="11" speed="3248" time="5040" acceleration="-3000"/>
    <motionState vehicle="0" speed="4916" time="5050" acceleration="8615"/>
    <motionState vehicle="1" speed="2865" time="5050" acceleration="-3023"/>
    <motionState vehicle="2" speed="5729" time="5050" acceleration="11677"/>
    <motionState vehicle="3" speed="2487" time="5050" acceleration="-1410"/>
    <motionState vehicle="4" speed="6847" time="5050" acceleration="13636"/>
    <motionState vehicle="5" speed="2285" time="5050" acceleration="888"/>
    <motionState vehicle="6" speed="2342" time="5050" acceleration="2540"/>
    <motionState vehicle="7" speed="2585" time="5050" acceleration="3338"/>
    <motionState vehicle="8" speed="2905" time="5050" acceleration="3310"/>
    <motionState vehicle="9" speed="3214" time="5050" acceleration="1851"/>
    <motionState vehicle="10" speed="3364" time="5050" acceleration="-745"/>
    <motionState vehicle="11" speed="3245" time="5050" acceleration="-3007"/>
    <motionState vehicle="0" speed="4924" time="5060" acceleration="8638"/>
    <motionState vehicle="1" speed="2862" time="5060" acceleration="-3015"/>
    <motionState vehicle="2" speed="5740" time="5060" acceleration="11690"/>
    <motionState vehicle="3" speed="2486" time="5060" acceleration="-1394"/>
    <motionState vehicle="4" speed="6860" time="5060" acceleration="13636"/>
    <motionState vehicle="5" speed="2286" time="5060" acceleration="900"/>
    <motionState vehicle="6" speed="2344" time="5060" acceleration="2546"/>
    <motionState vehicle="7" speed="2588" time="5060" acceleration="3336"/>
    <motionState vehicle="8" speed="2908" time="5060" acceleration="3295"/>
    <motionState vehicle="9" speed="3216" time="5060" acceleration="1825"/>
    <motionState vehicle="10" speed="3364" time="5060" acceleration="-770"/>
    <motionState vehicle="11" speed="3242" time="5060" acceleration="-3015"/>
    <motionState vehicle="0" speed="4933" time="5070" acceleration="8662"/>
    <motionState vehicle="1" speed="2859" time="5070" acceleration="-3007"/>
    <motionState vehicle="2" speed="5752" time="5070" acceleration="11704"/>
    <motionState vehicle="3" speed="2485" time="5070" acceleration="-1379"/>
    <motionState vehicle="4" speed="6874" time="5070" acceleration="13636"/>
    <motionState vehicle="5" speed="2287" time="5070" acceleration="912"/>
    <motionState vehicle="6" speed="2347" time="5070" acceleration="2552"/>
    <motionState vehicle="7" speed="2591" time="5070" acceleration="3335"/>
    <motionState vehicle="8" speed="2912" time="5070" acceleration="3280"/>
    <motionState vehicle="9" speed="3218" time="5070" acceleration="1798"/>
    <motionState vehicle="10" speed="3363" time="5070" acceleration="-794"/>
    <motionState vehicle="11" speed="3239" time="5070" acceleration="-3022"/>
    <motionState vehicle="0" speed="4942" time="5080" acceleration="8685"/>
    <motionState vehicle="1" speed="2856" time="5080" acceleration="-2999"/>
    <motionState vehicle="2" speed="5764" time="5080" acceleration="11717"/>
    <motionState vehicle="3" speed="2483" time="5080" acceleration="-1364"/>
    <motionState vehicle="4" speed="6888" time="5080" acceleration="13636"/>
    <motionState vehicle="5" speed="2288" time="5080" acceleration="924"/>
    <motionState vehicle="6" speed="2350" time="5080" acceleration="2558"/>
    <motionState vehicle="7" speed="2595" time="5080" acceleration="3333"/>
    <motionState vehicle="8" speed="2915" time="5080" acceleration="3264"/>
    <motionState vehicle="9" speed="3220" time="5080" acceleration="1771"/>
    <motionState vehicle="10" speed="3362" time="5080" acceleration="-818"/>
    <motionState vehicle="11" speed="3236" time="5080" acceleration="-3029"/>
    <motionState vehicle="0" speed="4950" time="5090" acceleration="8708"/>
    <motionState vehicle="1" speed="2853" time="5090" acceleration="-2990"/>
    <motionState vehicle="2" speed="5775" time="5090" acceleration="11730"/>
    <motionState vehicle="3" speed="2482" time="5090" acceleration="-1348"/>
    <motionState vehicle="4" speed="6901" time="5090" acceleration="13636"/>
    <motionState vehicle="5" speed="2289" time="5090" acceleration="936"/>
    <motionState vehicle="6" speed="2352" time="5090" acceleration="2565"/>
    <motionState vehicle="7" speed="2598" time="5090" acceleration="3331"/>
    <motionState vehicle="8" speed="2918" time="5090" acceleration="3249"/>
    <motionState vehicle="9" speed="3221" time="5090" acceleration="1744"/>
    <motionState vehicle="10" speed="3361" time="5090" acceleration="-843"/>
    <motionState vehicle="11" speed="3233" time="5090" acceleration="-3035"/>
    <motionState vehicle="0" speed="4959" time="5100" acceleration="8732"/>
    <motionState vehicle="1" speed="2850" time="5100" acceleration="-2982"/>
    <motionState vehicle="2" speed="5787" time="5100" acceleration="11743"/>
    <motionState vehicle="3" speed="2481" time="5100" acceleration="-1333"/>
    <motionState vehicle="4" speed="6915" time="5100" acceleration="13636"/>
    <motionState vehicle="5" speed="2290" time="5100" acceleration="948"/>
    <motionState vehicle="6" speed="2355" time="5100" acceleration="2571"/>
    <motionState vehicle="7" speed="2601" time="5100" acceleration="3329"/>
    <motionState vehicle="8" speed="2921" time="5100" acceleration="3233"/>
    <motionState vehicle="9" speed="3223" time="5100" acceleration="1718"/>
    <motionState vehicle="10" speed="3360" time="5100" acceleration="-866"/>
    <motionState vehicle="11" speed="3230" time="5100" acceleration="-3042"/>
    <motionState vehicle="0" speed="4968" time="5110" acceleration="8755"/>
    <motionState vehicle="1" speed="2847" time="5110" acceleration="-2974"/>
    <motionState vehicle="2" speed="5799" time="5110" acceleration="11756"/>
    <motionState vehicle="3" speed="2479" time="5110" acceleration="-1317"/>
    <motionState vehicle="4" speed="6928" time="5110" acceleration="13636"/>
    <motionState vehicle="5" speed="2291" time="5110" acceleration="960"/>
    <motionState vehicle="6" speed="2357" time="5110" acceleration="2576"/>
    <motionState vehicle="7" speed="2605" time="5110" acceleration="3327"/>
    <motionState vehicle="8" speed="2925" time="5110" acceleration="3217"/>
    <motionState vehicle="9" speed="3225" time="5110" acceleration="1691"/>
    <motionState vehicle="10" speed="3359" time="5110" acceleration="-890"/>
    <motionState vehicle="11" speed="3227" time="5110" acceleration="-3048"/>
    <motionState vehicle="0" speed="4976" time="5120" acceleration="8778"/>
    <motionState vehicle="1" speed="2844" time="5120" acceleration="-2965"/>
    <motionState vehicle="2" speed="5811" time="5120" acceleration="11769"/>
    <motionState vehicle="3" speed="2478" time="5120" acceleration="-1302"/>
    <motionState vehicle="4" speed="6942" time="5120" acceleration="13636"/>
    <motionState vehicle="5" speed="2292" time="5120" acceleration="973"/>
    <motionState vehicle="6" speed="2360" time="5120" acceleration="2582"/>
    <motionState vehicle="7" speed="2608" time="5120" acceleration="3325"/>
    <motionState vehicle="8" speed="2928" time="5120" acceleration="3202"/>
    <motionState vehicle="9" speed="3227" time="5120" acceleration="1664"/>
    <motionState vehicle="10" speed="3358" time="5120" acceleration="-914"/>
    <motionState vehicle="11" speed="3224" time="5120" acceleration="-3054"/>
    <motionState vehicle="0" speed="4985" time="5130" acceleration="8801"/>
    <motionState vehicle="1" speed="2841" time="5130" acceleration="-2956"/>
    <motionState vehicle="2" speed="5823" time="5130" acceleration="11782"/>
    <motionState vehicle="3" speed="2477" time="5130" acceleration="-1286"/>
    <motionState vehicle="4" speed="6956" time="5130" acceleration="13636"/>
    <motionState vehicle="5" speed="2293" time="5130" acceleration="984"/>
    <motionState vehicle="6" speed="2362" time="5130" acceleration="2588"/>
    <motionState vehicle="7" speed="2611" time="5130" acceleration="3323"/>
    <motionState vehicle="8" speed="2931" time="5130" acceleration="3186"/>
    <motionState vehicle="9" speed="3228" time="5130" acceleration="1638"/>
    <motionState vehicle="10" speed="3357" time="5130" acceleration="-937"/>
    <motionState vehicle="11" speed="3221" time="5130" acceleration="-3060"/>
    <motionState vehicle="0" speed="4994" time="5140" acceleration="8825"/>
    <motionState vehicle="1" speed="2838" time="5140" acceleration="-2947"/>
    <motionState vehicle="2" speed="5834" time="5140" acceleration="11794"/>
    <motionState vehicle="3" speed="2475" time="5140" acceleration="-1270"/>
    <motionState vehicle="4" speed="6969" time="5140" acceleration="13636"/>
    <motionState vehicle="5" speed="2294" time="5140" acceleration="996"/>
    <motionState vehicle="6" speed="2365" time="5140" acceleration="2594"/>
    <motionState vehicle="7" speed="2614" time="5140" acceleration="3320"/>
    <motionState vehicle="8" speed="2934" time="5140" acceleration="3170"/>
    <motionState vehicle="9" speed="3230" time="5140" acceleration="1611"/>
    <motionState vehicle="10" speed="3356" time="5140" acceleration="-960"/>
    <motionState vehicle="11" speed="3218" time="5140" acceleration="-3066"/>
    <motionState vehicle="0" speed="5003" time="5150" acceleration="8848"/>
    <motionState vehicle="1" speed="2835" time="5150" acceleration="-2938"/>
    <motionState vehicle="2" speed="5846" time="5150" acceleration="11807"/>
    <motionState vehicle="3" speed="2474" time="5150" acceleration="-1255"/>
    <motionState vehicle="4" speed="6983" time="5150" acceleration="13636"/>
    <motionState vehicle="5" speed="2295" time="5150" acceleration="1008"/>
    <motionState vehicle="6" speed="2368" time="5150" acceleration="2600"/>
    <motionState vehicle="7" speed="2618" time="5150" acceleration="3318"/>
    <motionState vehicle="8" speed="2937" time="5150" acceleration="3154"/>
    <motionState vehicle="9" speed="3231" time="5150" acceleration="1585"/>
    <motionState vehicle="10" speed="3356" time="5150" acceleration="-983"/>
    <motionState vehicle="11" speed="3215" time="5150" acceleration="-3072"/>
    <motionState vehicle="0" speed="5012" time="5160" acceleration="8871"/>
    <motionState vehicle="1" speed="2832" time="5160" acceleration="-2929"/>
    <motionState vehicle="2" speed="5858" time="5160" acceleration="11820"/>
    <motionState vehicle="3" speed="2473" time="5160" acceleration="-1239"/>
    <motionState vehicle="4" speed="6997" time="5160" acceleration="13636"/>
    <motionState vehicle="5" speed="2296" time="5160" acceleration="1020"/>
    <motionState vehicle="6" speed="2370" time="5160" acceleration="2605"/>
    <motionState vehicle="7" speed="2621" time="5160" acceleration="3315"/>
    <motionState vehicle="8" speed="2940" time="5160" acceleration="3137"/>
    <motionState vehicle="9" speed="3233" time="5160" acceleration="1558"/>
    <motionState vehicle="10" speed="3355" time="5160" acceleration="-1006"/>
    <motionState vehicle="11" speed="3211" time="5160" acceleration="-3077"/>
    <motionState vehicle="0" speed="5021" time="5170" acceleration="8894"/>
    <motionState vehicle="1" speed="2829" time="5170" acceleration="-2920"/>
    <motionState vehicle="2" speed="5870" time="5170" acceleration="11832"/>
    <motionState vehicle="3" speed="2472" time="5170" acceleration="-1223"/>
    <motionState vehicle="4" speed="7010" time="5170" acceleration="13636"/>
    <motionState vehicle="5" speed="2297" time="5170" acceleration="1032"/>
    <motionState vehicle="6" speed="2373" time="5170" acceleration="2611"/>
    <motionState vehicle="7" speed="2624" time="5170" acceleration="3313"/>
    <motionState vehicle="8" speed="2944" time="5170" acceleration="3121"/>
    <motionState vehicle="9" speed="3234" time="5170" acceleration="1532"/>
    <motionState vehicle="10" speed="3353" time="5170" acceleration="-1029"/>
    <motionState vehicle="11" speed="3208" time="5170" acceleration="-3082"/>
    <motionState vehicle="0" speed="5030" time="5180" acceleration="8917"/>
    <motionState vehicle="1" speed="2826" time="5180" acceleration="-2910"/>
    <motionState vehicle="2" speed="5882" time="5180" acceleration="11845"/>
    <motionState vehicle="3" speed="2470" time="5180" acceleration="-1208"/>
    <motionState vehicle="4" speed="7024" time="5180" acceleration="13636"/>
    <motionState vehicle="5" speed="2298" time="5180" acceleration="1044"/>
    <motionState vehicle="6" speed="2375" time="5180" acceleration="2616"/>
    <motionState vehicle="7" speed="2628" time="5180" acceleration="3310"/>
    <motionState vehicle="8" speed="2947" time="5180" acceleration="3105"/>
    <motionState vehicle="9" speed="3236" time="5180" acceleration="1505"/>
    <motionState vehicle="10" speed="3352" time="5180" acceleration="-1051"/>
    <motionState vehicle="11" speed="3205" time="5180" acceleration="-3087"/>
    <motionState vehicle="0" speed="5039" time="5190" acceleration="8940"/>
    <motionState vehicle="1" speed="2824" time="5190" acceleration="-2901"/>
    <motionState vehicle="2" speed="5893" time="5190" acceleration="11857"/>
    <motionState vehicle="3" speed="2469" time="5190" acceleration="-1192"/>
    <motionState vehicle="4" speed="7038" time="5190" acceleration="13636"/>
    <motionState vehicle="5" speed="2299" time="5190" acceleration="1056"/>
    <motionState vehicle="6" speed="2378" time="5190" acceleration="2622"/>
    <motionState vehicle="7" speed="2631" time="5190" acceleration="3307"/>
    <motionState vehicle="8" speed="2950" time="5190" acceleration="3088"/>
    <motionState vehicle="9" speed="3237" time="5190" acceleration="1479"/>
    <motionState vehicle="10" speed="3351" time="5190" acceleration="-1074"/>
    <motionState vehicle="11" speed="3202" time="5190" acceleration="-3092"/>
    <motionState vehicle="0" speed="5048" time="5200" acceleration="8963"/>
    <motionState vehicle="1" speed="2821" time="5200" acceleration="-2891"/>
    <motionState vehicle="2" speed="5905" time="5200" acceleration="11870"/>
    <motionState vehicle="3" speed="2468" time="5200" acceleration="-1176"/>
    <motionState vehicle="4" speed="7051" time="5200" acceleration="13636"/>
    <motionState vehicle="5" speed="2300" time="5200" acceleration="1068"/>
    <motionState vehicle="6" speed="2381" time="5200" acceleration="2627"/>
    <motionState vehicle="7" speed="2634" time="5200" acceleration="3304"/>
    <motionState vehicle="8" speed="2953" time="5200" acceleration="3072"/>
    <motionState vehicle="9" speed="3239" time="5200" acceleration="1453"/>
    <motionState vehicle="10" speed="3350" time="5200" acceleration="-1096"/>
    <motionState vehicle="11" speed="3199" time="5200" acceleration="-3096"/>
    <motionState vehicle="0" speed="5057" time="5210" acceleration="8986"/>
    <motionState vehicle="1" speed="2818" time="5210" acceleration="-2881"/>
    <motionState vehicle="2" speed="5917" time="5210" acceleration="11882"/>
    <motionState vehicle="3" speed="2467" time="5210" acceleration="-1160"/>
    <motionState vehicle="4" speed="7065" time="5210" acceleration="13636"/>
    <motionState vehicle="5" speed="2301" time="5210" acceleration="1080"/>
    <motionState vehicle="6" speed="2383" time="5210" acceleration="2633"/>
    <motionState vehicle="7" speed="2638" time="5210" acceleration="3300"/>
    <motionState vehicle="8" speed="2956" time="5210" acceleration="3055"/>
    <motionState vehicle="9" speed="3240" time="5210" acceleration="1426"/>
    <motionState vehicle="10" speed="3349" time="5210" acceleration="-1118"/>
    <motionState vehicle="11" speed="3196" time="5210" acceleration="-3101"/>
    <motionState vehicle="0" speed="5066" time="5220" acceleration="9009"/>
    <motionState vehicle="1" speed="2815" time="5220" acceleration="-2871"/>
    <motionState vehicle="2" speed="5929" time="5220" acceleration="11894"/>
    <motionState vehicle="3" speed="2466" time="5220" acceleration="-1144"/>
    <motionState vehicle="4" speed="7078" time="5220" acceleration="13636"/>
    <motionState vehicle="5" speed="2302" time="5220" acceleration="1092"/>
    <motionState vehicle="6" speed="2386" time="5220" acceleration="2638"/>
    <motionState vehicle="7" speed="2641" time="5220" acceleration="3297"/>
    <motionState vehicle="8" speed="2959" time="5220" acceleration="3038"/>
    <motionState vehicle="9" speed="3242" time="5220" acceleration="1400"/>
    <motionState vehicle="10" speed="3348" time="5220" acceleration="-1140"/>
    <motionState vehicle="11" speed="3193" time="5220" acceleration="-3105"/>
    <motionState vehicle="0" speed="5075" time="5230" acceleration="9032"/>
    <motionState vehicle="1" speed="2812" time="5230" acceleration="-2861"/>
    <motionState vehicle="2" speed="5941" time="5230" acceleration="11906"/>
    <motionState vehicle="3" speed="2465" time="5230" acceleration="-1129"/>
    <motionState vehicle="4" speed="7092" time="5230" acceleration="13636"/>
    <motionState vehicle="5" speed="2303" time="5230" acceleration="1103"/>
    <motionState vehicle="6" speed="2389" time="5230" acceleration="2643"/>
    <motionState vehicle="7" speed="2644" time="5230" acceleration="3294"/>
    <motionState vehicle="8" speed="2962" time="5230" acceleration="3022"/>
    <motionState vehicle="9" speed="3243" time="5230" acceleration="1374"/>
    <motionState vehicle="10" speed="3347" time="5230" acceleration="-1161"/>
    <motionState vehicle="11" speed="3190" time="5230" acceleration="-3109"/>
    <motionState vehicle="0" speed="5084" time="5240" acceleration="9054"/>
    <motionState vehicle="1" speed="2809" time="5240" acceleration="-2851"/>
    <motionState vehicle="2" speed="5953" time="5240" acceleration="11919"/>
    <motionState vehicle="3" speed="2464" time="5240" acceleration="-1113"/>
    <motionState vehicle="4" speed="7106" time="5240" acceleration="13636"/>
    <motionState vehicle="5" speed="2304" time="5240" acceleration="1115"/>
    <motionState vehicle="6" speed="2391" time="5240" acceleration="2648"/>
    <motionState vehicle="7" speed="2648" time="5240" acceleration="3290"/>
    <motionState vehicle="8" speed="2965" time="5240" acceleration="3005"/>
    <motionState vehicle="9" speed="3244" time="5240" acceleration="1348"/>
    <motionState vehicle="10" speed="3346" time="5240" acceleration="-1183"/>
    <motionState vehicle="11" speed="3187" time="5240" acceleration="-3113"/>
    <motionState vehicle="0" speed="5093" time="5250" acceleration="9077"/>
    <motionState vehicle="1" speed="2806" time="5250" acceleration="-2841"/>
    <motionState vehicle="2" speed="5965" time="5250" acceleration="11931"/>
    <motionState vehicle="3" speed="2462" time="5250" acceleration="-1097"/>
    <motionState vehicle="4" speed="7119" time="5250" acceleration="13636"/>
    <motionState vehicle="5" speed="2305" time="5250" acceleration="1127"/>
    <motionState vehicle="6" speed="2394" time="5250" acceleration="2653"/>
    <motionState vehicle="7" speed="2651" time="5250" acceleration="3287"/>
    <motionState vehicle="8" speed="2968" time="5250" acceleration="2988"/>
    <motionState vehicle="9" speed="3246" time="5250" acceleration="1322"/>
    <motionState vehicle="10" speed="3344" time="5250" acceleration="-1204"/>
    <motionState vehicle="11" speed="3184" time="5250" acceleration="-3116"/>
    <motionState vehicle="0" speed="5102" time="5260" acceleration="9100"/>
    <motionState vehicle="1" speed="2804" time="5260" acceleration="-2830"/>
    <motionState vehicle="2" speed="5977" time="5260" acceleration="11943"/>
    <motionState vehicle="3" speed="2461" time="5260" acceleration="-1081"/>
    <motionState vehicle="4" speed="7133" time="5260" acceleration="13636"/>
    <motionState vehicle="5" speed="2306" time="5260" acceleration="1138"/>
    <motionState vehicle="6" speed="2397" time="5260" acceleration="2658"/>
    <motionState vehicle="7" speed="2654" time="5260" acceleration="3283"/>
    <motionState vehicle="8" speed="2971" time="5260" acceleration="2971"/>
    <motionState vehicle="9" speed="3247" time="5260" acceleration="1296"/>
    <motionState vehicle="10" speed="3343" time="5260" acceleration="-1225"/>
    <motionState vehicle="11" speed="3180" time="5260" acceleration="-3120"/>
    <motionState vehicle="0" speed="5111" time="5270" acceleration="9123"/>
    <motionState vehicle="1" speed="2801" time="5270" acceleration="-2820"/>
    <motionState vehicle="2" speed="5989" time="5270" acceleration="11955"/>
    <motionState vehicle="3" speed="2460" time="5270" acceleration="-1065"/>
    <motionState vehicle="4" speed="7147" time="5270" acceleration="13636"/>
    <motionState vehicle="5" speed="2308" time="5270" acceleration="1150"/>
    <motionState vehicle="6" speed="2399" time="5270" acceleration="2663"/>
    <motionState vehicle="7" speed="2657" time="5270" acceleration="3279"/>
    <motionState vehicle="8" speed="2974" time="5270" acceleration="2954"/>
    <motionState vehicle="9" speed="3248" time="5270" acceleration="1270"/>
    <motionState vehicle="10" speed="3342" time="5270" acceleration="-1246"/>
    <motionState vehicle="11" speed="3177" time="5270" acceleration="-3123"/>
    <motionState vehicle="0" speed="5120" time="5280" acceleration="9145"/>
    <motionState vehicle="1" speed="2798" time="5280" acceleration="-2809"/>
    <motionState vehicle="2" speed="6001" time="5280" acceleration="11966"/>
    <motionState vehicle="3" speed="2459" time="5280" acceleration="-1049"/>
    <motionState vehicle="4" speed="7160" time="5280" acceleration="13636"/>
    <motionState vehicle="5" speed="2309" time="5280" acceleration="1162"/>
    <motionState vehicle="6" speed="2402" time="5280" acceleration="2668"/>
    <motionState vehicle="7" speed="2661" time="5280" acceleration="3275"/>
    <motionState vehicle="8" speed="2977" time="5280" acceleration="2936"/>
    <motionState vehicle="9" speed="3250" time="5280" acceleration="1244"/>
    <motionState vehicle="10" speed="3341" time="5280" acceleration="-1266"/>
    <motionState vehicle="11" speed="3174" time="5280" acceleration="-3126"/>
    <motionState vehicle="0" speed="5129" time="5290" acceleration="9168"/>
    <motionState vehicle="1" speed="2795" time="5290" acceleration="-2798"/>
    <motionState vehicle="2" speed="6013" time="5290" acceleration="11978"/>
    <motionState vehicle="3" speed="2458" time="5290" acceleration="-1033"/>
    <motionState vehicle="4" speed="7174" time="5290" acceleration="13636"/>
    <motionState vehicle="5" speed="2310" time="5290" acceleration="1173"/>
    <motionState vehicle="6" speed="2405" time="5290" acceleration="2673"/>
    <motionState vehicle="7" speed="2664" time="5290" acceleration="3271"/>
    <motionState vehicle="8" speed="2980" time="5290" acceleration="2919"/>
    <motionState vehicle="9" speed="3251" time="5290" acceleration="1218"/>
    <motionState vehicle="10" speed="3339" time="5290" acceleration="-1287"/>
    <motionState vehicle="11" speed="3171" time="5290" acceleration="-3129"/>
    <motionState vehicle="0" speed="5138" time="5300" acceleration="9190"/>
    <motionState vehicle="1" speed="2792" time="5300" acceleration="-2787"/>
    <motionState vehicle="2" speed="6025" time="5300" acceleration="11990"/>
    <motionState vehicle="3" speed="2457" time="5300" acceleration="-1017"/>
    <motionState vehicle="4" speed="7188" time="5300" acceleration="13636"/>
    <motionState vehicle="5" speed="2311" time="5300" acceleration="1185"/>
    <motionState vehicle="6" speed="2407" time="5300" acceleration="2678"/>
    <motionState vehicle="7" speed="2667" time="5300" acceleration="3267"/>
    <motionState vehicle="8" speed="2983" time="5300" acceleration="2902"/>
    <motionState vehicle="9" speed="3252" time="5300" acceleration="1192"/>
    <motionState vehicle="10" speed="3338" time="5300" acceleration="-1307"/>
    <motionState vehicle="11" speed="3168" time="5300" acceleration="-3132"/>
    <motionState vehicle="0" speed="5148" time="5310" acceleration="9213"/>
    <motionState vehicle="1" speed="2790" time="5310" acceleration="-2776"/>
    <motionState vehicle="2" speed="6037" time="5310" acceleration="12002"/>
    <motionState vehicle="3" speed="2456" time="5310" acceleration="-1001"/>
    <motionState vehicle="4" speed="7201" time="5310" acceleration="13636"/>
    <motionState vehicle="5" speed="2312" time="5310" acceleration="1196"/>
    <motionState vehicle="6" speed="2410" time="5310" acceleration="2682"/>
    <motionState vehicle="7" speed="2670" time="5310" acceleration="3262"/>
    <motionState vehicle="8" speed="2986" time="5310" acceleration="2884"/>
    <motionState vehicle="9" speed="3253" time="5310" acceleration="1167"/>
    <motionState vehicle="10" speed="3337" time="5310" acceleration="-1327"/>
    <motionState vehicle="11" speed="3165" time="5310" acceleration="-3134"/>
    <motionState vehicle="0" speed="5157" time="5320" acceleration="9235"/>
    <motionState vehicle="1" speed="2787" time="5320" acceleration="-2765"/>
    <motionState vehicle="2" speed="6049" time="5320" acceleration="12013"/>
    <motionState vehicle="3" speed="2455" time="5320" acceleration="-985"/>
    <motionState vehicle="4" speed="7215" time="5320" acceleration="13636"/>
    <motionState vehicle="5" speed="2314" time="5320" acceleration="1208"/>
    <motionState vehicle="6" speed="2413" time="5320" acceleration="2687"/>
    <motionState vehicle="7" speed="2674" time="5320" acceleration="3258"/>
    <motionState vehicle="8" speed="2988" time="5320" acceleration="2867"/>
    <motionState vehicle="9" speed="3254" time="5320" acceleration="1141"/>
    <motionState vehicle="10" speed="3335" time="5320" acceleration="-1347"/>
    <motionState vehicle="11" speed="3162" time="5320" acceleration="-3137"/>
    <motionState vehicle="0" speed="5166" time="5330" acceleration="9258"/>
    <motionState vehicle="1" speed="2784" time="5330" acceleration="-2754"/>
    <motionState vehicle="2" speed="6061" time="5330" acceleration="12025"/>
    <motionState vehicle="3" speed="2454" time="5330" acceleration="-969"/>
    <motionState vehicle="4" speed="7228" time="5330" acceleration="13636"/>
    <motionState vehicle="5" speed="2315" time="5330" acceleration="1219"/>
    <motionState vehicle="6" speed="2415" time="5330" acceleration="2691"/>
    <motionState vehicle="7" speed="2677" time="5330" acceleration="3253"/>
    <motionState vehicle="8" speed="2991" time="5330" acceleration="2849"/>
    <motionState vehicle="9" speed="3255" time="5330" acceleration="1115"/>
    <motionState vehicle="10" speed="3334" time="5330" acceleration="-1367"/>
    <motionState vehicle="11" speed="3159" time="5330" acceleration="-3139"/>
    <motionState vehicle="0" speed="5175" time="5340" acceleration="9280"/>
    <motionState vehicle="1" speed="2781" time="5340" acceleration="-2743"/>
    <motionState vehicle="2" speed="6073" time="5340" acceleration="12036"/>
    <motionState vehicle="3" speed="2453" time="5340" acceleration="-953"/>
    <motionState vehicle="4" speed="7242" time="5340" acceleration="13636"/>
    <motionState vehicle="5" speed="2316" time="5340" acceleration="1231"/>
    <motionState vehicle="6" speed="2418" time="5340" acceleration="2696"/>
    <motionState vehicle="7" speed="2680" time="5340" acceleration="3249"/>
    <motionState vehicle="8" speed="2994" time="5340" acceleration="2832"/>
    <motionState vehicle="9" speed="3257" time="5340" acceleration="1090"/>
    <motionState vehicle="10" speed="3333" time="5340" acceleration="-1387"/>
    <motionState vehicle="11" speed="3155" time="5340" acceleration="-3141"/>
    <motionState vehicle="0" speed="5185" time="5350" acceleration="9302"/>
    <motionState vehicle="1" speed="2779" time="5350" acceleration="-2731"/>
    <motionState vehicle="2" speed="6085" time="5350" acceleration="12048"/>
    <motionState vehicle="3" speed="2452" time="5350" acceleration="-937"/>
    <motionState vehicle="4" speed="7256" time="5350" acceleration="13636"/>
    <motionState vehicle="5" speed="2317" time="5350" acceleration="1242"/>
    <motionState vehicle="6" speed="2421" time="5350" acceleration="2700"/>
    <motionState vehicle="7" speed="2683" time="5350" acceleration="3244"/>
    <motionState vehicle="8" speed="2997" time="5350" acceleration="2814"/>
    <motionState vehicle="9" speed="3258" time="5350" acceleration="1064"/>
    <motionState vehicle="10" speed="3331" time="5350" acceleration="-1406"/>
    <motionState vehicle="11" speed="3152" time="5350" acceleration="-3143"/>
    <motionState vehicle="0" speed="5194" time="5360" acceleration="9324"/>
    <motionState vehicle="1" speed="2776" time="5360" acceleration="-2720"/>
    <motionState vehicle="2" speed="6097" time="5360" acceleration="12059"/>
    <motionState vehicle="3" speed="2451" time="5360" acceleration="-921"/>
    <motionState vehicle="4" speed="7269" time="5360" acceleration="13636"/>
    <motionState vehicle="5" speed="2318" time="5360" acceleration="1254"/>
    <motionState vehicle="6" speed="2423" time="5360" acceleration="2704"/>
    <motionState vehicle="7" speed="2687" time="5360" acceleration="3239"/>
    <motionState vehicle="8" speed="3000" time="5360" acceleration="2796"/>
    <motionState vehicle="9" speed="3259" time="5360" acceleration="1039"/>
    <motionState vehicle="10" speed="3330" time="5360" acceleration="-1426"/>
    <motionState vehicle="11" speed="3149" time="5360" acceleration="-3144"/>
    <motionState vehicle="0" speed="5203" time="5370" acceleration="9347"/>
    <motionState vehicle="1" speed="2773" time="5370" acceleration="-2708"/>
    <motionState vehicle="2" speed="6109" time="5370" acceleration="12070"/>
    <motionState vehicle="3" speed="2450" time="5370" acceleration="-905"/>
    <motionState vehicle="4" speed="7283" time="5370" acceleration="13636"/>
    <motionState vehicle="5" speed="2320" time="5370" acceleration="1265"/>
    <motionState vehicle="6" speed="2426" time="5370" acceleration="2709"/>
    <motionState vehicle="7" speed="2690" time="5370" acceleration="3234"/>
    <motionState vehicle="8" speed="3002" time="5370" acceleration="2778"/>
    <motionState vehicle="9" speed="3260" time="5370" acceleration="1013"/>
    <motionState vehicle="10" speed="3328" time="5370" acceleration="-1445"/>
    <motionState vehicle="11" speed="3146" time="5370" acceleration="-3146"/>
    <motionState vehicle="0" speed="5213" time="5380" acceleration="9369"/>
    <motionState vehicle="1" speed="2770" time="5380" acceleration="-2697"/>
    <motionState vehicle="2" speed="6121" time="5380" acceleration="12082"/>
    <motionState vehicle="3" speed="2450" time="5380" acceleration="-889"/>
    <motionState vehicle="4" speed="7297" time="5380" acceleration="13636"/>
    <motionState vehicle="5" speed="2321" time="5380" acceleration="1276"/>
    <motionState vehicle="6" speed="2429" time="5380" acceleration="2713"/>
    <motionState vehicle="7" speed="2693" time="5380" acceleration="3229"/>
    <motionState vehicle="8" speed="3005" time="5380" acceleration="2760"/>
    <motionState vehicle="9" speed="3261" time="5380" acceleration="988"/>
    <motionState vehicle="10" speed="3327" time="5380" acceleration="-1464"/>
    <motionState vehicle="11" speed="3143" time="5380" acceleration="-3147"/>
    <motionState vehicle="0" speed="5222" time="5390" acceleration="9391"/>
    <motionState vehicle="1" speed="2768" time="5390" acceleration="-2685"/>
    <motionState vehicle="2" speed="6133" time="5390" acceleration="12093"/>
    <motionState vehicle="3" speed="2449" time="5390" acceleration="-873"/>
    <motionState vehicle="4" speed="7310" time="5390" acceleration="13636"/>
    <motionState vehicle="5" speed="2322" time="5390" acceleration="1287"/>
    <motionState vehicle="6" speed="2432" time="5390" acceleration="2717"/>
    <motionState vehicle="7" speed="2696" time="5390" acceleration="3223"/>
    <motionState vehicle="8" speed="3008" time="5390" acceleration="2742"/>
    <motionState vehicle="9" speed="3262" time="5390" acceleration="963"/>
    <motionState vehicle="10" speed="3325" time="5390" acceleration="-1482"/>
    <motionState vehicle="11" speed="3140" time="5390" acceleration="-3148"/>
    <motionState vehicle="0" speed="5232" time="5400" acceleration="9413"/>
    <motionState vehicle="1" speed="2765" time="5400" acceleration="-2673"/>
    <motionState vehicle="2" speed="6145" time="5400" acceleration="12104"/>
    <motionState vehicle="3" speed="2448" time="5400" acceleration="-857"/>
    <motionState vehicle="4" speed="7324" time="5400" acceleration="13636"/>
    <motionState vehicle="5" speed="2324" time="5400" acceleration="1299"/>
    <motionState vehicle="6" speed="2434" time="5400" acceleration="2721"/>
    <motionState vehicle="7" speed="2700" time="5400" acceleration="3218"/>
    <motionState vehicle="8" speed="3011" time="5400" acceleration="2724"/>
    <motionState vehicle="9" speed="3263" time="5400" acceleration="938"/>
    <motionState vehicle="10" speed="3324" time="5400" acceleration="-1501"/>
    <motionState vehicle="11" speed="3136" time="5400" acceleration="-3149"/>
    <motionState vehicle="0" speed="5241" time="5410" acceleration="9435"/>
    <motionState vehicle="1" speed="2762" time="5410" acceleration="-2661"/>
    <motionState vehicle="2" speed="6157" time="5410" acceleration="12115"/>
    <motionState vehicle="3" speed="2447" time="5410" acceleration="-840"/>
    <motionState vehicle="4" speed="7338" time="5410" acceleration="13636"/>
    <motionState vehicle="5" speed="2325" time="5410" acceleration="1310"/>
    <motionState vehicle="6" speed="2437" time="5410" acceleration="2725"/>
    <motionState vehicle="7" speed="2703" time="5410" acceleration="3213"/>
    <motionState vehicle="8" speed="3013" time="5410" acceleration="2706"/>
    <motionState vehicle="9" speed="3263" time="5410" acceleration="912"/>
    <motionState vehicle="10" speed="3322" time="5410" acceleration="-1519"/>
    <motionState vehicle="11" speed="3133" time="5410" acceleration="-3150"/>
    <motionState vehicle="0" speed="5250" time="5420" acceleration="9457"/>
    <motionState vehicle="1" speed="2760" time="5420" acceleration="-2649"/>
    <motionState vehicle="2" speed="6169" time="5420" acceleration="12126"/>
    <motionState vehicle="3" speed="2446" time="5420" acceleration="-824"/>
    <motionState vehicle="4" speed="7351" time="5420" acceleration="13636"/>
    <motionState vehicle="5" speed="2326" time="5420" acceleration="1321"/>
    <motionState vehicle="6" speed="2440" time="5420" acceleration="2728"/>
    <motionState vehicle="7" speed="2706" time="5420" acceleration="3207"/>
    <motionState vehicle="8" speed="3016" time="5420" acceleration="2688"/>
    <motionState vehicle="9" speed="3264" time="5420" acceleration="887"/>
    <motionState vehicle="10" speed="3321" time="5420" acceleration="-1537"/>
    <motionState vehicle="11" speed="3130" time="5420" acceleration="-3151"/>
    <motionState vehicle="0" speed="5260" time="5430" acceleration="9478"/>
    <motionState vehicle="1" speed="2757" time="5430" acceleration="-2637"/>
    <motionState vehicle="2" speed="6182" time="5430" acceleration="12137"/>
    <motionState vehicle="3" speed="2445" time="5430" acceleration="-808"/>
    <motionState vehicle="4" speed="7365" time="5430" acceleration="13636"/>
    <motionState vehicle="5" speed="2328" time="5430" acceleration="1332"/>
    <motionState vehicle="6" speed="2442" time="5430" acceleration="2732"/>
    <motionState vehicle="7" speed="2709" time="5430" acceleration="3201"/>
    <motionState vehicle="8" speed="3019" time="5430" acceleration="2670"/>
    <motionState vehicle="9" speed="3265" time="5430" acceleration="862"/>
    <motionState vehicle="10" speed="3319" time="5430" acceleration="-1555"/>
    <motionState vehicle="11" speed="3127" time="5430" acceleration="-3151"/>
    <motionState vehicle="0" speed="5269" time="5440" acceleration="9500"/>
    <motionState vehicle="1" speed="2754" time="5440" acceleration="-2624"/>
    <motionState vehicle="2" speed="6194" time="5440" acceleration="12148"/>
    <motionState vehicle="3" speed="2445" time="5440" acceleration="-792"/>
    <motionState vehicle="4" speed="7378" time="5440" acceleration="13636"/>
    <motionState vehicle="5" speed="2329" time="5440" acceleration="1343"/>
    <motionState vehicle="6" speed="2445" time="5440" acceleration="2736"/>
    <motionState vehicle="7" speed="2712" time="5440" acceleration="3196"/>
    <motionState vehicle="8" speed="3021" time="5440" acceleration="2651"/>
    <motionState vehicle="9" speed="3266" time="5440" acceleration="838"/>
    <motionState vehicle="10" speed="3318" time="5440" acceleration="-1573"/>
    <motionState vehicle="11" speed="3124" time="5440" acceleration="-3151"/>
    <motionState vehicle="0" speed="5279" time="5450" acceleration="9522"/>
    <motionState vehicle="1" speed="2752" time="5450" acceleration="-2612"/>
    <motionState vehicle="2" speed="6206" time="5450" acceleration="12159"/>
    <motionState vehicle="3" speed="2444" time="5450" acceleration="-776"/>
    <motionState vehicle="4" speed="7392" time="5450" acceleration="13395"/>
    <motionState vehicle="5" speed="2330" time="5450" acceleration="1354"/>
    <motionState vehicle="6" speed="2448" time="5450" acceleration="2740"/>
    <motionState vehicle="7" speed="2716" time="5450" acceleration="3190"/>
    <motionState vehicle="8" speed="3024" time="5450" acceleration="2633"/>
    <motionState vehicle="9" speed="3267" time="5450" acceleration="813"/>
    <motionState vehicle="10" speed="3316" time="5450" acceleration="-1591"/>
    <motionState vehicle="11" speed="3121" time="5450" acceleration="-3152"/>
    <motionState vehicle="0" speed="5288" time="5460" acceleration="9544"/>
    <motionState vehicle="1" speed="2749" time="5460" acceleration="-2600"/>
    <motionState vehicle="2" speed="6218" time="5460" acceleration="12167"/>
    <motionState vehicle="3" speed="2443" time="5460" acceleration="-760"/>
    <motionState vehicle="4" speed="7405" time="5460" acceleration="13046"/>
    <motionState vehicle="5" speed="2332" time="5460" acceleration="1365"/>
    <motionState vehicle="6" speed="2451" time="5460" acceleration="2743"/>
    <motionState vehicle="7" speed="2719" time="5460" acceleration="3184"/>
    <motionState vehicle="8" speed="3027" time="5460" acceleration="2615"/>
    <motionState vehicle="9" speed="3268" time="5460" acceleration="788"/>
    <motionState vehicle="10" speed="3315" time="5460" acceleration="-1608"/>
    <motionState vehicle="11" speed="3118" time="5460" acceleration="-3151"/>
    <motionState vehicle="0" speed="5298" time="5470" acceleration="9565"/>
    <motionState vehicle="1" speed="2747" time="5470" acceleration="-2587"/>
    <motionState vehicle="2" speed="6230" time="5470" acceleration="12172"/>
    <motionState vehicle="3" speed="2442" time="5470" acceleration="-744"/>
    <motionState vehicle="4" speed="7418" time="5470" acceleration="12703"/>
    <motionState vehicle="5" speed="2333" time="5470" acceleration="1376"/>
    <motionState vehicle="6" speed="2453" time="5470" acceleration="2746"/>
    <motionState vehicle="7" speed="2722" time="5470" acceleration="3178"/>
    <motionState vehicle="8" speed="3029" time="5470" acceleration="2596"/>
    <motionState vehicle="9" speed="3268" time="5470" acceleration="763"/>
    <motionState vehicle="10" speed="3313" time="5470" acceleration="-1626"/>
    <motionState vehicle="11" speed="3114" time="5470" acceleration="-3151"/>
    <motionState vehicle="0" speed="5308" time="5480" acceleration="9587"/>
    <motionState vehicle="1" speed="2744" time="5480" acceleration="-2575"/>
    <motionState vehicle="2" speed="6242" time="5480" acceleration="12174"/>
    <motionState vehicle="3" speed="2442" time="5480" acceleration="-728"/>
    <motionState vehicle="4" speed="7430" time="5480" acceleration="12367"/>
    <motionState vehicle="5" speed="2334" time="5480" acceleration="1387"/>
    <motionState vehicle="6" speed="2456" time="5480" acceleration="2750"/>
    <motionState vehicle="7" speed="2725" time="5480" acceleration="3171"/>
    <motionState vehicle="8" speed="3032" time="5480" acceleration="2578"/>
    <motionState vehicle="9" speed="3269" time="5480" acceleration="739"/>
    <motionState vehicle="10" speed="3311" time="5480" acceleration="-1643"/>
    <motionState vehicle="11" speed="3111" time="5480" acceleration="-3151"/>
    <motionState vehicle="0" speed="5317" time="5490" acceleration="9608"/>
    <motionState vehicle="1" speed="2742" time="5490" acceleration="-2562"/>
    <motionState vehicle="2" speed="6255" time="5490" acceleration="12173"/>
    <motionState vehicle="3" speed="2441" time="5490" acceleration="-712"/>
    <motionState vehicle="4" speed="7442" time="5490" acceleration="12036"/>
    <motionState vehicle="5" speed="2336" time="5490" acceleration="1398"/>
    <motionState vehicle="6" speed="2459" time="5490" acceleration="2753"/>
    <motionState vehicle="7" speed="2728" time="5490" acceleration="3165"/>
    <motionState vehicle="8" speed="3034" time="5490" acceleration="2559"/>
    <motionState vehicle="9" speed="3270" time="5490" acceleration="714"/>
    <motionState vehicle="10" speed="3310" time="5490" acceleration="-1660"/>
    <motionState vehicle="11" speed="3108" time="5490" acceleration="-3150"/>
    <motionState vehicle="0" speed="5327" time="5500" acceleration="9629"/>
    <motionState vehicle="1" speed="2739" time="5500" acceleration="-2549"/>
    <motionState vehicle="2" speed="6267" time="5500" acceleration="12170"/>
    <motionState vehicle="3" speed="2440" time="5500" acceleration="-695"/>
    <motionState vehicle="4" speed="7454" time="5500" acceleration="11712"/>
    <motionState vehicle="5" speed="2337" time="5500" acceleration="1409"/>
    <motionState vehicle="6" speed="2462" time="5500" acceleration="2756"/>
    <motionState vehicle="7" speed="2731" time="5500" acceleration="3158"/>
    <motionState vehicle="8" speed="3037" time="5500" acceleration="2540"/>
    <motionState vehicle="9" speed="3271" time="5500" acceleration="690"/>
    <motionState vehicle="10" speed="3308" time="5500" acceleration="-1677"/>
    <motionState vehicle="11" speed="3105" time="5500" acceleration="-3150"/>
    <motionState vehicle="0" speed="5337" time="5510" acceleration="9650"/>
    <motionState vehicle="1" speed="2736" time="5510" acceleration="-2536"/>
    <motionState vehicle="2" speed="6279" time="5510" acceleration="12163"/>
    <motionState vehicle="3" speed="2439" time="5510" acceleration="-679"/>
    <motionState vehicle="4" speed="7465" time="5510" acceleration="11393"/>
    <motionState vehicle="5" speed="2339" time="5510" acceleration="1419"/>
    <motionState vehicle="6" speed="2464" time="5510" acceleration="2759"/>
    <motionState vehicle="7" speed="2735" time="5510" acceleration="3152"/>
    <motionState vehicle="8" speed="3039" time="5510" acceleration="2522"/>
    <motionState vehicle="9" speed="3271" time="5510" acceleration="665"/>
    <motionState vehicle="10" speed="3306" time="5510" acceleration="-1693"/>
    <motionState vehicle="11" speed="3102" time="5510" acceleration="-3149"/>
    <motionState vehicle="0" speed="5346" time="5520" acceleration="9671"/>
    <motionState vehicle="1" speed="2734" time="5520" acceleration="-2523"/>
    <motionState vehicle="2" speed="6291" time="5520" acceleration="12153"/>
    <motionState vehicle="3" speed="2439" time="5520" acceleration="-663"/>
    <motionState vehicle="4" speed="7476" time="5520" acceleration="11080"/>
    <motionState vehicle="5" speed="2340" time="5520" acceleration="1430"/>
    <motionState vehicle="6" speed="2467" time="5520" acceleration="2763"/>
    <motionState vehicle="7" speed="2738" time="5520" acceleration="3145"/>
    <motionState vehicle="8" speed="3042" time="5520" acceleration="2503"/>
    <motionState vehicle="9" speed="3272" time="5520" acceleration="641"/>
    <motionState vehicle="10" speed="3305" time="5520" acceleration="-1710"/>
    <motionState vehicle="11" speed="3099" time="5520" acceleration="-3148"/>
    <motionState vehicle="0" speed="5356" time="5530" acceleration="9692"/>
    <motionState vehicle="1" speed="2731" time="5530" acceleration="-2510"/>
    <motionState vehicle="2" speed="6303" time="5530" acceleration="12140"/>
    <motionState vehicle="3" speed="2438" time="5530" acceleration="-647"/>
    <motionState vehicle="4" speed="7487" time="5530" acceleration="10773"/>
    <motionState vehicle="5" speed="2341" time="5530" acceleration="1441"/>
    <motionState vehicle="6" speed="2470" time="5530" acceleration="2765"/>
    <motionState vehicle="7" speed="2741" time="5530" acceleration="3138"/>
    <motionState vehicle="8" speed="3044" time="5530" acceleration="2484"/>
    <motionState vehicle="9" speed="3272" time="5530" acceleration="617"/>
    <motionState vehicle="10" speed="3303" time="5530" acceleration="-1726"/>
    <motionState vehicle="11" speed="3096" time="5530" acceleration="-3147"/>
    <motionState vehicle="0" speed="5366" time="5540" acceleration="9712"/>
    <motionState vehicle="1" speed="2729" time="5540" acceleration="-2497"/>
    <motionState vehicle="2" speed="6315" time="5540" acceleration="12125"/>
    <motionState vehicle="3" speed="2438" time="5540" acceleration="-631"/>
    <motionState vehicle="4" speed="7497" time="5540" acceleration="10471"/>
    <motionState vehicle="5" speed="2343" time="5540" acceleration="1451"/>
    <motionState vehicle="6" speed="2473" time="5540" acceleration="2768"/>
    <motionState vehicle="7" speed="2744" time="5540" acceleration="3132"/>
    <motionState vehicle="8" speed="3047" time="5540" acceleration="2465"/>
    <motionState vehicle="9" speed="3273" time="5540" acceleration="593"/>
    <motionState vehicle="10" speed="3301" time="5540" acceleration="-1742"/>
    <motionState vehicle="11" speed="3092" time="5540" acceleration="-3145"/>
    <motionState vehicle="0" speed="5375" time="5550" acceleration="9732"/>
    <motionState vehicle="1" speed="2726" time="5550" acceleration="-2484"/>
    <motionState vehicle="2" speed="6327" time="5550" acceleration="12107"/>
    <motionState vehicle="3" speed="2437" time="5550" acceleration="-615"/>
    <motionState vehicle="4" speed="7508" time="5550" acceleration="10175"/>
    <motionState vehicle="5" speed="2344" time="5550" acceleration="1462"/>
    <motionState vehicle="6" speed="2475" time="5550" acceleration="2771"/>
    <motionState vehicle="7" speed="2747" time="5550" acceleration="3125"/>
    <motionState vehicle="8" speed="3049" time="5550" acceleration="2447"/>
    <motionState vehicle="9" speed="3274" time="5550" acceleration="568"/>
    <motionState vehicle="10" speed="3299" time="5550" acceleration="-1758"/>
    <motionState vehicle="11" speed="3089" time="5550" acceleration="-3144"/>
    <motionState vehicle="0" speed="5385" time="5560" acceleration="9752"/>
    <motionState vehicle="1" speed="2724" time="5560" acceleration="-2471"/>
    <motionState vehicle="2" speed="6340" time="5560" acceleration="12087"/>
    <motionState vehicle="3" speed="2436" time="5560" acceleration="-599"/>
    <motionState vehicle="4" speed="7517" time="5560" acceleration="9885"/>
    <motionState vehicle="5" speed="2346" time="5560" acceleration="1473"/>
    <motionState vehicle="6" speed="2478" time="5560" acceleration="2774"/>
    <motionState vehicle="7" speed="2750" time="5560" acceleration="3118"/>
    <motionState vehicle="8" speed="3052" time="5560" acceleration="2428"/>
    <motionState vehicle="9" speed="3274" time="5560" acceleration="544"/>
    <motionState vehicle="10" speed="3298" time="5560" acceleration="-1773"/>
    <motionState vehicle="11" speed="3086" time="5560" acceleration="-3142"/>
    <motionState vehicle="0" speed="5395" time="5570" acceleration="9771"/>
    <motionState vehicle="1" speed="2722" time="5570" acceleration="-2457"/>
    <motionState vehicle="2" speed="6352" time="5570" acceleration="12064"/>
    <motionState vehicle="3" speed="2436" time="5570" acceleration="-583"/>
    <motionState vehicle="4" speed="7527" time="5570" acceleration="9600"/>
    <motionState vehicle="5" speed="2347" time="5570" acceleration="1483"/>
    <motionState vehicle="6" speed="2481" time="5570" acceleration="2777"/>
    <motionState vehicle="7" speed="2753" time="5570" acceleration="3110"/>
    <motionState vehicle="8" speed="3054" time="5570" acceleration="2409"/>
    <motionState vehicle="9" speed="3275" time="5570" acceleration="521"/>
    <motionState vehicle="10" speed="3296" time="5570" acceleration="-1789"/>
    <motionState vehicle="11" speed="3083" time="5570" acceleration="-3141"/>
    <motionState vehicle="0" speed="5405" time="5580" acceleration="9790"/>
    <motionState vehicle="1" speed="2719" time="5580" acceleration="-2444"/>
    <motionState vehicle="2" speed="6364" time="5580" acceleration="12039"/>
    <motionState vehicle="3" speed="2435" time="5580" acceleration="-567"/>
    <motionState vehicle="4" speed="7536" time="5580" acceleration="9320"/>
    <motionState vehicle="5" speed="2349" time="5580" acceleration="1493"/>
    <motionState vehicle="6" speed="2484" time="5580" acceleration="2779"/>
    <motionState vehicle="7" speed="2756" time="5580" acceleration="3103"/>
    <motionState vehicle="8" speed="3057" time="5580" acceleration="2390"/>
    <motionState vehicle="9" speed="3275" time="5580" acceleration="497"/>
    <motionState vehicle="10" speed="3294" time="5580" acceleration="-1804"/>
    <motionState vehicle="11" speed="3080" time="5580" acceleration="-3139"/>
    <motionState vehicle="0" speed="5414" time="5590" acceleration="9809"/>
    <motionState vehicle="1" speed="2717" time="5590" acceleration="-2430"/>
    <motionState vehicle="2" speed="6376" time="5590" acceleration="12011"/>
    <motionState vehicle="3" speed="2435" time="5590" acceleration="-551"/>
    <motionState vehicle="4" speed="7545" time="5590" acceleration="9046"/>
    <motionState vehicle="5" speed="2350" time="5590" acceleration="1504"/>
    <motionState vehicle="6" speed="2487" time="5590" acceleration="2782"/>
    <motionState vehicle="7" speed="2760" time="5590" acceleration="3096"/>
    <motionState vehicle="8" speed="3059" time="5590" acceleration="2371"/>
    <motionState vehicle="9" speed="3276" time="5590" acceleration="473"/>
    <motionState vehicle="10" speed="3292" time="5590" acceleration="-1820"/>
    <motionState vehicle="11" speed="3077" time="5590" acceleration="-3137"/>
    <motionState vehicle="0" speed="5424" time="5600" acceleration="9827"/>
    <motionState vehicle="1" speed="2714" time="5600" acceleration="-2417"/>
    <motionState vehicle="2" speed="6388" time="5600" acceleration="11982"/>
    <motionState vehicle="3" speed="2434" time="5600" acceleration="-535"/>
    <motionState vehicle="4" speed="7554" time="5600" acceleration="8777"/>
    <motionState vehicle="5" speed="2352" time="5600" acceleration="1514"/>
    <motionState vehicle="6" speed="2489" time="5600" acceleration="2784"/>
    <motionState vehicle="7" speed="2763" time="5600" acceleration="3088"/>
    <motionState vehicle="8" speed="3061" time="5600" acceleration="2351"/>
    <motionState vehicle="9" speed="3276" time="5600" acceleration="449"/>
    <motionState vehicle="10" speed="3290" time="5600" acceleration="-1835"/>
    <motionState vehicle="11" speed="3074" time="5600" acceleration="-3134"/>
    <motionState vehicle="0" speed="5434" time="5610" acceleration="9845"/>
    <motionState vehicle="1" speed="2712" time="5610" acceleration="-2403"/>
    <motionState vehicle="2" speed="6400" time="5610" acceleration="11950"/>
    <motionState vehicle="3" speed="2434" time="5610" acceleration="-519"/>
    <motionState vehicle="4" speed="7563" time="5610" acceleration="8513"/>
    <motionState vehicle="5" speed="2353" time="5610" acceleration="1524"/>
    <motionState vehicle="6" speed="2492" time="5610" acceleration="2786"/>
    <motionState vehicle="7" speed="2766" time="5610" acceleration="3080"/>
    <motionState vehicle="8" speed="3064" time="5610" acceleration="2332"/>
    <motionState vehicle="9" speed="3277" time="5610" acceleration="426"/>
    <motionState vehicle="10" speed="3288" time="5610" acceleration="-1849"/>
    <motionState vehicle="11" speed="3070" time="5610" acceleration="-3132"/>
    <motionState vehicle="0" speed="5444" time="5620" acceleration="9862"/>
    <motionState vehicle="1" speed="2709" time="5620" acceleration="-2390"/>
    <motionState vehicle="2" speed="6412" time="5620" acceleration="11916"/>
    <motionState vehicle="3" speed="2433" time="5620" acceleration="-503"/>
    <motionState vehicle="4" speed="7571" time="5620" acceleration="8254"/>
    <motionState vehicle="5" speed="2355" time="5620" acceleration="1535"/>
    <motionState vehicle="6" speed="2495" time="5620" acceleration="2788"/>
    <motionState vehicle="7" speed="2769" time="5620" acceleration="3073"/>
    <motionState vehicle="8" speed="3066" time="5620" acceleration="2313"/>
    <motionState vehicle="9" speed="3277" time="5620" acceleration="402"/>
    <motionState vehicle="10" speed="3287" time="5620" acceleration="-1864"/>
    <motionState vehicle="11" speed="3067" time="5620" acceleration="-3130"/>
    <motionState vehicle="0" speed="5454" time="5630" acceleration="9879"/>
    <motionState vehicle="1" speed="2707" time="5630" acceleration="-2376"/>
    <motionState vehicle="2" speed="6423" time="5630" acceleration="11879"/>
    <motionState vehicle="3" speed="2433" time="5630" acceleration="-487"/>
    <motionState vehicle="4" speed="7579" time="5630" acceleration="8001"/>
    <motionState vehicle="5" speed="2356" time="5630" acceleration="1545"/>
    <motionState vehicle="6" speed="2498" time="5630" acceleration="2791"/>
    <motionState vehicle="7" speed="2772" time="5630" acceleration="3065"/>
    <motionState vehicle="8" speed="3068" time="5630" acceleration="2294"/>
    <motionState vehicle="9" speed="3277" time="5630" acceleration="379"/>
    <motionState vehicle="10" speed="3285" time="5630" acceleration="-1879"/>
    <motionState vehicle="11" speed="3064" time="5630" acceleration="-3127"/>
    <motionState vehicle="0" speed="5464" time="5640" acceleration="9896"/>
    <motionState vehicle="1" speed="2705" time="5640" acceleration="-2362"/>
    <motionState vehicle="2" speed="6435" time="5640" acceleration="11841"/>
    <motionState vehicle="3" speed="2432" time="5640" acceleration="-471"/>
    <motionState vehicle="4" speed="7587" time="5640" acceleration="7752"/>
    <motionState vehicle="5" speed="2358" time="5640" acceleration="1555"/>
    <motionState vehicle="6" speed="2501" time="5640" acceleration="2793"/>
    <motionState vehicle="7" speed="2775" time="5640" acceleration="3057"/>
    <motionState vehicle="8" speed="3070" time="5640" acceleration="2275"/>
    <motionState vehicle="9" speed="3278" time="5640" acceleration="356"/>
    <motionState vehicle="10" speed="3283" time="5640" acceleration="-1893"/>
    <motionState vehicle="11" speed="3061" time="5640" acceleration="-3124"/>
    <motionState vehicle="0" speed="5474" time="5650" acceleration="9912"/>
    <motionState vehicle="1" speed="2702" time="5650" acceleration="-2348"/>
    <motionState vehicle="2" speed="6447" time="5650" acceleration="11801"/>
    <motionState vehicle="3" speed="2432" time="5650" acceleration="-455"/>
    <motionState vehicle="4" speed="7594" time="5650" acceleration="7508"/>
    <motionState vehicle="5" speed="2360" time="5650" acceleration="1565"/>
    <motionState vehicle="6" speed="2503" time="5650" acceleration="2795"/>
    <motionState vehicle="7" speed="2778" time="5650" acceleration="3049"/>
    <motionState vehicle="8" speed="3073" time="5650" acceleration="2255"/>
    <motionState vehicle="9" speed="3278" time="5650" acceleration="332"/>
    <motionState vehicle="10" speed="3281" time="5650" acceleration="-1907"/>
    <motionState vehicle="11" speed="3058" time="5650" acceleration="-3121"/>
    <motionState vehicle="0" speed="5484" time="5660" acceleration="9927"/>
    <motionState vehicle="1" speed="2700" time="5660" acceleration="-2334"/>
    <motionState vehicle="2" speed="6459" time="5660" acceleration="11759"/>
    <motionState vehicle="3" speed="2431" time="5660" acceleration="-439"/>
    <motionState vehicle="4" speed="7602" time="5660" acceleration="7269"/>
    <motionState vehicle="5" speed="2361" time="5660" acceleration="1575"/>
    <motionState vehicle="6" speed="2506" time="5660" acceleration="2796"/>
    <motionState vehicle="7" speed="2781" time="5660" acceleration="3041"/>
    <motionState vehicle="8" speed="3075" time="5660" acceleration="2236"/>
    <motionState vehicle="9" speed="3278" time="5660" acceleration="309"/>
    <motionState vehicle="10" speed="3279" time="5660" acceleration="-1921"/>
    <motionState vehicle="11" speed="3055" time="5660" acceleration="-3118"/>
    <motionState vehicle="0" speed="5494" time="5670" acceleration="9942"/>
    <motionState vehicle="1" speed="2698" time="5670" acceleration="-2320"/>
    <motionState vehicle="2" speed="6471" time="5670" acceleration="11715"/>
    <motionState vehicle="3" speed="2431" time="5670" acceleration="-423"/>
    <motionState vehicle="4" speed="7609" time="5670" acceleration="7034"/>
    <motionState vehicle="5" speed="2363" time="5670" acceleration="1585"/>
    <motionState vehicle="6" speed="2509" time="5670" acceleration="2798"/>
    <motionState vehicle="7" speed="2784" time="5670" acceleration="3033"/>
    <motionState vehicle="8" speed="3077" time="5670" acceleration="2217"/>
    <motionState vehicle="9" speed="3279" time="5670" acceleration="286"/>
    <motionState vehicle="10" speed="3277" time="5670" acceleration="-1935"/>
    <motionState vehicle="11" speed="3052" time="5670" acceleration="-3115"/>
    <motionState vehicle="0" speed="5503" time="5680" acceleration="9957"/>
    <motionState vehicle="1" speed="2695" time="5680" acceleration="-2306"/>
    <motionState vehicle="2" speed="6482" time="5680" acceleration="11670"/>
    <motionState vehicle="3" speed="2430" time="5680" acceleration="-407"/>
    <motionState vehicle="4" speed="7615" time="5680" acceleration="6804"/>
    <motionState vehicle="5" speed="2364" time="5680" acceleration="1595"/>
    <motionState vehicle="6" speed="2512" time="5680" acceleration="2800"/>
    <motionState vehicle="7" speed="2787" time="5680" acceleration="3024"/>
    <motionState vehicle="8" speed="3079" time="5680" acceleration="2197"/>
    <motionState vehicle="9" speed="3279" time="5680" acceleration="263"/>
    <motionState vehicle="10" speed="3275" time="5680" acceleration="-1948"/>
    <motionState vehicle="11" speed="3049" time="5680" acceleration="-3111"/>
    <motionState vehicle="0" speed="5513" time="5690" acceleration="9971"/>
    <motionState vehicle="1" speed="2693" time="5690" acceleration="-2292"/>
    <motionState vehicle="2" speed="6494" time="5690" acceleration="11622"/>
    <motionState vehicle="3" speed="2430" time="5690" acceleration="-391"/>
    <motionState vehicle="4" speed="7622" time="5690" acceleration="6579"/>
    <motionState vehicle="5" speed="2366" time="5690" acceleration="1605"/>
    <motionState vehicle="6" speed="2515" time="5690" acceleration="2802"/>
    <motionState vehicle="7" speed="2790" time="5690" acceleration="3016"/>
    <motionState vehicle="8" speed="3082" time="5690" acceleration="2178"/>
    <motionState vehicle="9" speed="3279" time="5690" acceleration="240"/>
    <motionState vehicle="10" speed="3273" time="5690" acceleration="-1962"/>
    <motionState vehicle="11" speed="3045" time="5690" acceleration="-3108"/>
    <motionState vehicle="0" speed="5523" time="5700" acceleration="9984"/>
    <motionState vehicle="1" speed="2691" time="5700" acceleration="-2278"/>
    <motionState vehicle="2" speed="6505" time="5700" acceleration="11573"/>
    <motionState vehicle="3" speed="2430" time="5700" acceleration="-375"/>
    <motionState vehicle="4" speed="7628" time="5700" acceleration="6359"/>
    <motionState vehicle="5" speed="2368" time="5700" acceleration="1615"/>
    <motionState vehicle="6" speed="2517" time="5700" acceleration="2803"/>
    <motionState vehicle="7" speed="2793" time="5700" acceleration="3007"/>
    <motionState vehicle="8" speed="3084" time="5700" acceleration="2158"/>
    <motionState vehicle="9" speed="3279" time="5700" acceleration="218"/>
    <motionState vehicle="10" speed="3271" time="5700" acceleration="-1975"/>
    <motionState vehicle="11" speed="3042" time="5700" acceleration="-3104"/>
    <motionState vehicle="0" speed="5533" time="5710" acceleration="9997"/>
    <motionState vehicle="1" speed="2689" time="5710" acceleration="-2263"/>
    <motionState vehicle="2" speed="6517" time="5710" acceleration="11523"/>
    <motionState vehicle="3" speed="2429" time="5710" acceleration="-359"/>
    <motionState vehicle="4" speed="7634" time="5710" acceleration="6142"/>
    <motionState vehicle="5" speed="2369" time="5710" acceleration="1624"/>
    <motionState vehicle="6" speed="2520" time="5710" acceleration="2805"/>
    <motionState vehicle="7" speed="2796" time="5710" acceleration="2999"/>
    <motionState vehicle="8" speed="3086" time="5710" acceleration="2139"/>
    <motionState vehicle="9" speed="3280" time="5710" acceleration="195"/>
    <motionState vehicle="10" speed="3269" time="5710" acceleration="-1988"/>
    <motionState vehicle="11" speed="3039" time="5710" acceleration="-3101"/>
    <motionState vehicle="0" speed="5543" time="5720" acceleration="10010"/>
    <motionState vehicle="1" speed="2686" time="5720" acceleration="-2249"/>
    <motionState vehicle="2" speed="6528" time="5720" acceleration="11471"/>
    <motionState vehicle="3" speed="2429" time="5720" acceleration="-343"/>
    <motionState vehicle="4" speed="7640" time="5720" acceleration="5931"/>
    <motionState vehicle="5" speed="2371" time="5720" acceleration="1634"/>
    <motionState vehicle="6" speed="2523" time="5720" acceleration="2806"/>
    <motionState vehicle="7" speed="2799" time="5720" acceleration="2990"/>
    <motionState vehicle="8" speed="3088" time="5720" acceleration="2119"/>
    <motionState vehicle="9" speed="3280" time="5720" acceleration="172"/>
    <motionState vehicle="10" speed="3267" time="5720" acceleration="-2001"/>
    <motionState vehicle="11" speed="3036" time="5720" acceleration="-3097"/>
    <motionState vehicle="0" speed="5553" time="5730" acceleration="10021"/>
    <motionState vehicle="1" speed="2684" time="5730" acceleration="-2235"/>
    <motionState vehicle="2" speed="6540" time="5730" acceleration="11417"/>
    <motionState vehicle="3" speed="2429" time="5730" acceleration="-327"/>
    <motionState vehicle="4" speed="7646" time="5730" acceleration="5723"/>
    <motionState vehicle="5" speed="2372" time="5730" acceleration="1644"/>
    <motionState vehicle="6" speed="2526" time="5730" acceleration="2807"/>
    <motionState vehicle="7" speed="2802" time="5730" acceleration="2981"/>
    <motionState vehicle="8" speed="3090" time="5730" acceleration="2100"/>
    <motionState vehicle="9" speed="3280" time="5730" acceleration="150"/>
    <motionState vehicle="10" speed="3265" time="5730" acceleration="-2014"/>
    <motionState vehicle="11" speed="3033" time="5730" acceleration="-3093"/>
    <motionState vehicle="0" speed="5564" time="5740" acceleration="10033"/>
    <motionState vehicle="1" speed="2682" time="5740" acceleration="-2220"/>
    <motionState vehicle="2" speed="6551" time="5740" acceleration="11362"/>
    <motionState vehicle="3" speed="2428" time="5740" acceleration="-312"/>
    <motionState vehicle="4" speed="7652" time="5740" acceleration="5520"/>
    <motionState vehicle="5" speed="2374" time="5740" acceleration="1653"/>
    <motionState vehicle="6" speed="2529" time="5740" acceleration="2808"/>
    <motionState vehicle="7" speed="2805" time="5740" acceleration="2972"/>
    <motionState vehicle="8" speed="3092" time="5740" acceleration="2080"/>
    <motionState vehicle="9" speed="3280" time="5740" acceleration="128"/>
    <motionState vehicle="10" speed="3263" time="5740" acceleration="-2026"/>
    <motionState vehicle="11" speed="3030" time="5740" acceleration="-3088"/>
    <motionState vehicle="0" speed="5574" time="5750" acceleration="10043"/>
    <motionState vehicle="1" speed="2680" time="5750" acceleration="-2206"/>
    <motionState vehicle="2" speed="6562" time="5750" acceleration="11306"/>
    <motionState vehicle="3" speed="2428" time="5750" acceleration="-296"/>
    <motionState vehicle="4" speed="7657" time="5750" acceleration="5321"/>
    <motionState vehicle="5" speed="2376" time="5750" acceleration="1663"/>
    <motionState vehicle="6" speed="2531" time="5750" acceleration="2809"/>
    <motionState vehicle="7" speed="2808" time="5750" acceleration="2963"/>
    <motionState vehicle="8" speed="3094" time="5750" acceleration="2061"/>
    <motionState vehicle="9" speed="3280" time="5750" acceleration="105"/>
    <motionState vehicle="10" speed="3261" time="5750" acceleration="-2039"/>
    <motionState vehicle="11" speed="3027" time="5750" acceleration="-3084"/>
    <motionState vehicle="0" speed="5584" time="5760" acceleration="10053"/>
    <motionState vehicle="1" speed="2677" time="5760" acceleration="-2191"/>
    <motionState vehicle="2" speed="6574" time="5760" acceleration="11248"/>
    <motionState vehicle="3" speed="2428" time="5760" acceleration="-280"/>
    <motionState vehicle="4" speed="7662" time="5760" acceleration="5126"/>
    <motionState vehicle="5" speed="2377" time="5760" acceleration="1672"/>
    <motionState vehicle="6" speed="2534" time="5760" acceleration="2810"/>
    <motionState vehicle="7" speed="2811" time="5760" acceleration="2954"/>
    <motionState vehicle="8" speed="3096" time="5760" acceleration="2041"/>
    <motionState vehicle="9" speed="3280" time="5760" acceleration="83"/>
    <motionState vehicle="10" speed="3259" time="5760" acceleration="-2051"/>
    <motionState vehicle="11" speed="3024" time="5760" acceleration="-3080"/>
    <motionState vehicle="0" speed="5594" time="5770" acceleration="10063"/>
    <motionState vehicle="1" speed="2675" time="5770" acceleration="-2177"/>
    <motionState vehicle="2" speed="6585" time="5770" acceleration="11189"/>
    <motionState vehicle="3" speed="2427" time="5770" acceleration="-264"/>
    <motionState vehicle="4" speed="7667" time="5770" acceleration="4935"/>
    <motionState vehicle="5" speed="2379" time="5770" acceleration="1682"/>
    <motionState vehicle="6" speed="2537" time="5770" acceleration="2811"/>
    <motionState vehicle="7" speed="2814" time="5770" acceleration="2945"/>
    <motionState vehicle="8" speed="3098" time="5770" acceleration="2021"/>
    <motionState vehicle="9" speed="3280" time="5770" acceleration="61"/>
    <motionState vehicle="10" speed="3257" time="5770" acceleration="-2063"/>
    <motionState vehicle="11" speed="3021" time="5770" acceleration="-3075"/>
    <motionState vehicle="0" speed="5604" time="5780" acceleration="10072"/>
    <motionState vehicle="1" speed="2673" time="5780" acceleration="-2162"/>
    <motionState vehicle="2" speed="6596" time="5780" acceleration="11129"/>
    <motionState vehicle="3" speed="2427" time="5780" acceleration="-249"/>
    <motionState vehicle="4" speed="7672" time="5780" acceleration="4749"/>
    <motionState vehicle="5" speed="2381" time="5780" acceleration="1691"/>
    <motionState vehicle="6" speed="2540" time="5780" acceleration="2812"/>
    <motionState vehicle="7" speed="2817" time="5780" acceleration="2935"/>
    <motionState vehicle="8" speed="3100" time="5780" acceleration="2002"/>
    <motionState vehicle="9" speed="3280" time="5780" acceleration="39"/>
    <motionState vehicle="10" speed="3255" time="5780" acceleration="-2075"/>
    <motionState vehicle="11" speed="3018" time="5780" acceleration="-3070"/>
    <motionState vehicle="0" speed="5614" time="5790" acceleration="10080"/>
    <motionState vehicle="1" speed="2671" time="5790" acceleration="-2147"/>
    <motionState vehicle="2" speed="6607" time="5790" acceleration="11068"/>
    <motionState vehicle="3" speed="2427" time="5790" acceleration="-233"/>
    <motionState vehicle="4" speed="7676" time="5790" acceleration="4566"/>
    <motionState vehicle="5" speed="2383" time="5790" acceleration="1700"/>
    <motionState vehicle="6" speed="2543" time="5790" acceleration="2813"/>
    <motionState vehicle="7" speed="2820" time="5790" acceleration="2926"/>
    <motionState vehicle="8" speed="3102" time="5790" acceleration="1982"/>
    <motionState vehicle="9" speed="3280" time="5790" acceleration="17"/>
    <motionState vehicle="10" speed="3253" time="5790" acceleration="-2087"/>
    <motionState vehicle="11" speed="3015" time="5790" acceleration="-3065"/>
    <motionState vehicle="0" speed="5624" time="5800" acceleration="10088"/>
    <motionState vehicle="1" speed="2669" time="5800" acceleration="-2132"/>
    <motionState vehicle="2" speed="6618" time="5800" acceleration="11005"/>
    <motionState vehicle="3" speed="2427" time="5800" acceleration="-217"/>
    <motionState vehicle="4" speed="7681" time="5800" acceleration="4387"/>
    <motionState vehicle="5" speed="2384" time="5800" acceleration="1709"/>
    <motionState vehicle="6" speed="2545" time="5800" acceleration="2814"/>
    <motionState vehicle="7" speed="2823" time="5800" acceleration="2917"/>
    <motionState vehicle="8" speed="3104" time="5800" acceleration="1962"/>
    <motionState vehicle="9" speed="3280" time="5800" acceleration="-4"/>
    <motionState vehicle="10" speed="3251" time="5800" acceleration="-2098"/>
    <motionState vehicle="11" speed="3012" time="5800" acceleration="-3060"/>
    <motionState vehicle="0" speed="5634" time="5810" acceleration="10095"/>
    <motionState vehicle="1" speed="2667" time="5810" acceleration="-2118"/>
    <motionState vehicle="2" speed="6629" time="5810" acceleration="10941"/>
    <motionState vehicle="3" speed="2427" time="5810" acceleration="-202"/>
    <motionState vehicle="4" speed="7685" time="5810" acceleration="4212"/>
    <motionState vehicle="5" speed="2386" time="5810" acceleration="1719"/>
    <motionState vehicle="6" speed="2548" time="5810" acceleration="2814"/>
    <motionState vehicle="7" speed="2826" time="5810" acceleration="2907"/>
    <motionState vehicle="8" speed="3106" time="5810" acceleration="1943"/>
    <motionState vehicle="9" speed="3280" time="5810" acceleration="-25"/>
    <motionState vehicle="10" speed="3249" time="5810" acceleration="-2110"/>
    <motionState vehicle="11" speed="3008" time="5810" acceleration="-3055"/>
    <motionState vehicle="0" speed="5644" time="5820" acceleration="10101"/>
    <motionState vehicle="1" speed="2665" time="5820" acceleration="-2103"/>
    <motionState vehicle="2" speed="6640" time="5820" acceleration="10877"/>
    <motionState vehicle="3" speed="2426" time="5820" acceleration="-186"/>
    <motionState vehicle="4" speed="7689" time="5820" acceleration="4041"/>
    <motionState vehicle="5" speed="2388" time="5820" acceleration="1728"/>
    <motionState vehicle="6" speed="2551" time="5820" acceleration="2815"/>
    <motionState vehicle="7" speed="2828" time="5820" acceleration="2897"/>
    <motionState vehicle="8" speed="3108" time="5820" acceleration="1923"/>
    <motionState vehicle="9" speed="3280" time="5820" acceleration="-47"/>
    <motionState vehicle="10" speed="3246" time="5820" acceleration="-2121"/>
    <motionState vehicle="11" speed="3005" time="5820" acceleration="-3050"/>
    <motionState vehicle="0" speed="5654" time="5830" acceleration="10107"/>
    <motionState vehicle="1" speed="2662" time="5830" acceleration="-2088"/>
    <motionState vehicle="2" speed="6651" time="5830" acceleration="10811"/>
    <motionState vehicle="3" speed="2426" time="5830" acceleration="-170"/>
    <motionState vehicle="4" speed="7693" time="5830" acceleration="3873"/>
    <motionState vehicle="5" speed="2389" time="5830" acceleration="1737"/>
    <motionState vehicle="6" speed="2554" time="5830" acceleration="2815"/>
    <motionState vehicle="7" speed="2831" time="5830" acceleration="2887"/>
    <motionState vehicle="8" speed="3110" time="5830" acceleration="1903"/>
    <motionState vehicle="9" speed="3280" time="5830" acceleration="-68"/>
    <motionState vehicle="10" speed="3244" time="5830" acceleration="-2132"/>
    <motionState vehicle="11" speed="3002" time="5830" acceleration="-3045"/>
    <motionState vehicle="0" speed="5664" time="5840" acceleration="10112"/>
    <motionState vehicle="1" speed="2660" time="5840" acceleration="-2073"/>
    <motionState vehicle="2" speed="6661" time="5840" acceleration="10744"/>
    <motionState vehicle="3" speed="2426" time="5840" acceleration="-155"/>
    <motionState vehicle="4" speed="7697" time="5840" acceleration="3709"/>
    <motionState vehicle="5" speed="2391" time="5840" acceleration="1746"/>
    <motionState vehicle="6" speed="2557" time="5840" acceleration="2815"/>
    <motionState vehicle="7" speed="2834" time="5840" acceleration="2878"/>
    <motionState vehicle="8" speed="3112" time="5840" acceleration="1883"/>
    <motionState vehicle="9" speed="3280" time="5840" acceleration="-90"/>
    <motionState vehicle="10" speed="3242" time="5840" acceleration="-2143"/>
    <motionState vehicle="11" speed="2999" time="5840" acceleration="-3039"/>
    <motionState vehicle="0" speed="5674" time="5850" acceleration="10116"/>
    <motionState vehicle="1" speed="2658" time="5850" acceleration="-2058"/>
    <motionState vehicle="2" speed="6672" time="5850" acceleration="10677"/>
    <motionState vehicle="3" speed="2426" time="5850" acceleration="-139"/>
    <motionState vehicle="4" speed="7700" time="5850" acceleration="3549"/>
    <motionState vehicle="5" speed="2393" time="5850" acceleration="1755"/>
    <motionState vehicle="6" speed="2559" time="5850" acceleration="2816"/>
    <motionState vehicle="7" speed="2837" time="5850" acceleration="2868"/>
    <motionState vehicle="8" speed="3114" time="5850" acceleration="1864"/>
    <motionState vehicle="9" speed="3280" time="5850" acceleration="-111"/>
    <motionState vehicle="10" speed="3240" time="5850" acceleration="-2154"/>
    <motionState vehicle="11" speed="2996" time="5850" acceleration="-3034"/>
    <motionState vehicle="0" speed="5685" time="5860" acceleration="10120"/>
    <motionState vehicle="1" speed="2656" time="5860" acceleration="-2043"/>
    <motionState vehicle="2" speed="6683" time="5860" acceleration="10609"/>
    <motionState vehicle="3" speed="2426" time="5860" acceleration="-124"/>
    <motionState vehicle="4" speed="7703" time="5860" acceleration="3392"/>
    <motionState vehicle="5" speed="2395" time="5860" acceleration="1763"/>
    <motionState vehicle="6" speed="2562" time="5860" acceleration="2816"/>
    <motionState vehicle="7" speed="2840" time="5860" acceleration="2858"/>
    <motionState vehicle="8" speed="3116" time="5860" acceleration="1844"/>
    <motionState vehicle="9" speed="3280" time="5860" acceleration="-132"/>
    <motionState vehicle="10" speed="3238" time="5860" acceleration="-2164"/>
    <motionState vehicle="11" speed="2993" time="5860" acceleration="-3028"/>
    <motionState vehicle="0" speed="5695" time="5870" acceleration="10123"/>
    <motionState vehicle="1" speed="2654" time="5870" acceleration="-2028"/>
    <motionState vehicle="2" speed="6693" time="5870" acceleration="10539"/>
    <motionState vehicle="3" speed="2426" time="5870" acceleration="-108"/>
    <motionState vehicle="4" speed="7707" time="5870" acceleration="3239"/>
    <motionState vehicle="5" speed="2396" time="5870" acceleration="1772"/>
    <motionState vehicle="6" speed="2565" time="5870" acceleration="2816"/>
    <motionState vehicle="7" speed="2843" time="5870" acceleration="2847"/>
    <motionState vehicle="8" speed="3117" time="5870" acceleration="1824"/>
    <motionState vehicle="9" speed="3280" time="5870" acceleration="-153"/>
    <motionState vehicle="10" speed="3236" time="5870" acceleration="-2175"/>
    <motionState vehicle="11" speed="2990" time="5870" acceleration="-3022"/>
    <motionState vehicle="0" speed="5705" time="5880" acceleration="10126"/>
    <motionState vehicle="1" speed="2652" time="5880" acceleration="-2013"/>
    <motionState vehicle="2" speed="6704" time="5880" acceleration="10469"/>
    <motionState vehicle="3" speed="2426" time="5880" acceleration="-93"/>
    <motionState vehicle="4" speed="7710" time="5880" acceleration="3089"/>
    <motionState vehicle="5" speed="2398" time="5880" acceleration="1781"/>
    <motionState vehicle="6" speed="2568" time="5880" acceleration="2816"/>
    <motionState vehicle="7" speed="2846" time="5880" acceleration="2837"/>
    <motionState vehicle="8" speed="3119" time="5880" acceleration="1804"/>
    <motionState vehicle="9" speed="3279" time="5880" acceleration="-174"/>
    <motionState vehicle="10" speed="3233" time="5880" acceleration="-2185"/>
    <motionState vehicle="11" speed="2987" time="5880" acceleration="-3016"/>
    <motionState vehicle="0" speed="5715" time="5890" acceleration="10128"/>
    <motionState vehicle="1" speed="2650" time="5890" acceleration="-1998"/>
    <motionState vehicle="2" speed="6714" time="5890" acceleration="10398"/>
    <motionState vehicle="3" speed="2425" time="5890" acceleration="-77"/>
    <motionState vehicle="4" speed="7713" time="5890" acceleration="2943"/>
    <motionState vehicle="5" speed="2400" time="5890" acceleration="1789"/>
    <motionState vehicle="6" speed="2571" time="5890" acceleration="2815"/>
    <motionState vehicle="7" speed="2848" time="5890" acceleration="2827"/>
    <motionState vehicle="8" speed="3121" time="5890" acceleration="1784"/>
    <motionState vehicle="9" speed="3279" time="5890" acceleration="-195"/>
    <motionState vehicle="10" speed="3231" time="5890" acceleration="-2195"/>
    <motionState vehicle="11" speed="2984" time="5890" acceleration="-3010"/>
    <motionState vehicle="0" speed="5725" time="5900" acceleration="10129"/>
    <motionState vehicle="1" speed="2648" time="5900" acceleration="-1982"/>
    <motionState vehicle="2" speed="6724" time="5900" acceleration="10327"/>
    <motionState vehicle="3" speed="2425" time="5900" acceleration="-62"/>
    <motionState vehicle="4" speed="7716" time="5900" acceleration="2800"/>
    <motionState vehicle="5" speed="2402" time="5900" acceleration="1798"/>
    <motionState vehicle="6" speed="2574" time="5900" acceleration="2815"/>
    <motionState vehicle="7" speed="2851" time="5900" acceleration="2817"/>
    <motionState vehicle="8" speed="3123" time="5900" acceleration="1765"/>
    <motionState vehicle="9" speed="3279" time="5900" acceleration="-216"/>
    <motionState vehicle="10" speed="3229" time="5900" acceleration="-2205"/>
    <motionState vehicle="11" speed="2981" time="5900" acceleration="-3004"/>
    <motionState vehicle="0" speed="5735" time="5910" acceleration="10130"/>
    <motionState vehicle="1" speed="2646" time="5910" acceleration="-1967"/>
    <motionState vehicle="2" speed="6735" time="5910" acceleration="10255"/>
    <motionState vehicle="3" speed="2425" time="5910" acceleration="-47"/>
    <motionState vehicle="4" speed="7718" time="5910" acceleration="2660"/>
    <motionState vehicle="5" speed="2404" time="5910" acceleration="1807"/>
    <motionState vehicle="6" speed="2576" time="5910" acceleration="2815"/>
    <motionState vehicle="7" speed="2854" time="5910" acceleration="2806"/>
    <motionState vehicle="8" speed="3125" time="5910" acceleration="1745"/>
    <motionState vehicle="9" speed="3279" time="5910" acceleration="-237"/>
    <motionState vehicle="10" speed="3227" time="5910" acceleration="-2215"/>
    <motionState vehicle="11" speed="2978" time="5910" acceleration="-2997"/>
    <motionState vehicle="0" speed="5745" time="5920" acceleration="10130"/>
    <motionState vehicle="1" speed="2644" time="5920" acceleration="-1952"/>
    <motionState vehicle="2" speed="6745" time="5920" acceleration="10182"/>
    <motionState vehicle="3" speed="2425" time="5920" acceleration="-31"/>
    <motionState vehicle="4" speed="7721" time="5920" acceleration="2524"/>
    <motionState vehicle="5" speed="2405" time="5920" acceleration="1815"/>
    <motionState vehicle="6" speed="2579" time="5920" acceleration="2814"/>
    <motionState vehicle="7" speed="2857" time="5920" acceleration="2795"/>
    <motionState vehicle="8" speed="3126" time="5920" acceleration="1725"/>
    <motionState vehicle="9" speed="3279" time="5920" acceleration="-257"/>
    <motionState vehicle="10" speed="3225" time="5920" acceleration="-2224"/>
    <motionState vehicle="11" speed="2975" time="5920" acceleration="-2991"/>
    <motionState vehicle="0" speed="5755" time="5930" acceleration="10129"/>
    <motionState vehicle="1" speed="2642" time="5930" acceleration="-1937"/>
    <motionState vehicle="2" speed="6755" time="5930" acceleration="10108"/>
    <motionState vehicle="3" speed="2425" time="5930" acceleration="-16"/>
    <motionState vehicle="4" speed="7723" time="5930" acceleration="2390"/>
    <motionState vehicle="5" speed="2407" time="5930" acceleration="1823"/>
    <motionState vehicle="6" speed="2582" time="5930" acceleration="2814"/>
    <motionState vehicle="7" speed="2860" time="5930" acceleration="2785"/>
    <motionState vehicle="8" speed="3128" time="5930" acceleration="1705"/>
    <motionState vehicle="9" speed="3278" time="5930" acceleration="-278"/>
    <motionState vehicle="10" speed="3222" time="5930" acceleration="-2234"/>
    <motionState vehicle="11" speed="2972" time="5930" acceleration="-2984"/>
    <motionState vehicle="0" speed="5766" time="5940" acceleration="10127"/>
    <motionState vehicle="1" speed="2641" time="5940" acceleration="-1921"/>
    <motionState vehicle="2" speed="6765" time="5940" acceleration="10034"/>
    <motionState vehicle="3" speed="2425" time="5940" acceleration="-1"/>
    <motionState vehicle="4" speed="7725" time="5940" acceleration="2260"/>
    <motionState vehicle="5" speed="2409" time="5940" acceleration="1832"/>
    <motionState vehicle="6" speed="2585" time="5940" acceleration="2813"/>
    <motionState vehicle="7" speed="2862" time="5940" acceleration="2774"/>
    <motionState vehicle="8" speed="3130" time="5940" acceleration="1685"/>
    <motionState vehicle="9" speed="3278" time="5940" acceleration="-298"/>
    <motionState vehicle="10" speed="3220" time="5940" acceleration="-2243"/>
    <motionState vehicle="11" speed="2969" time="5940" acceleration="-2978"/>
    <motionState vehicle="0" speed="5776" time="5950" acceleration="10125"/>
    <motionState vehicle="1" speed="2639" time="5950" acceleration="-1906"/>
    <motionState vehicle="2" speed="6775" time="5950" acceleration="9960"/>
    <motionState vehicle="3" speed="2425" time="5950" acceleration="13"/>
    <motionState vehicle="4" speed="7728" time="5950" acceleration="2133"/>
    <motionState vehicle="5" speed="2411" time="5950" acceleration="1840"/>
    <motionState vehicle="6" speed="2588" time="5950" acceleration="2813"/>
    <motionState vehicle="7" speed="2865" time="5950" acceleration="2763"/>
    <motionState vehicle="8" speed="3131" time="5950" acceleration="1665"/>
    <motionState vehicle="9" speed="3278" time="5950" acceleration="-318"/>
    <motionState vehicle="10" speed="3218" time="5950" acceleration="-2252"/>
    <motionState vehicle="11" speed="2966" time="5950" acceleration="-2971"/>
    <motionState vehicle="0" speed="5786" time="5960" acceleration="10123"/>
    <motionState vehicle="1" speed="2637" time="5960" acceleration="-1891"/>
    <motionState vehicle="2" speed="6785" time="5960" acceleration="9885"/>
    <motionState vehicle="3" speed="2425" time="5960" acceleration="28"/>
    <motionState vehicle="4" speed="7730" time="5960" acceleration="2009"/>
    <motionState vehicle="5" speed="2413" time="5960" acceleration="1848"/>
    <motionState vehicle="6" speed="2590" time="5960" acceleration="2812"/>
    <motionState vehicle="7" speed="2868" time="5960" acceleration="2752"/>
    <motionState vehicle="8" speed="3133" time="5960" acceleration="1645"/>
    <motionState vehicle="9" speed="3277" time="5960" acceleration="-338"/>
    <motionState vehicle="10" speed="3216" time="5960" acceleration="-2261"/>
    <motionState vehicle="11" speed="2963" time="5960" acceleration="-2964"/>
    <motionState vehicle="0" speed="5796" time="5970" acceleration="10119"/>
    <motionState vehicle="1" speed="2635" time="5970" acceleration="-1875"/>
    <motionState vehicle="2" speed="6795" time="5970" acceleration="9809"/>
    <motionState vehicle="3" speed="2425" time="5970" acceleration="44"/>
    <motionState vehicle="4" speed="7731" time="5970" acceleration="1887"/>
    <motionState vehicle="5" speed="2415" time="5970" acceleration="1856"/>
    <motionState vehicle="6" speed="2593" time="5970" acceleration="2811"/>
    <motionState vehicle="7" speed="2871" time="5970" acceleration="2741"/>
    <motionState vehicle="8" speed="3135" time="5970" acceleration="1626"/>
    <motionState vehicle="9" speed="3277" time="5970" acceleration="-358"/>
    <motionState vehicle="10" speed="3213" time="5970" acceleration="-2270"/>
    <motionState vehicle="11" speed="2960" time="5970" acceleration="-2957"/>
    <motionState vehicle="0" speed="5806" time="5980" acceleration="10115"/>
    <motionState vehicle="1" speed="2633" time="5980" acceleration="-1860"/>
    <motionState vehicle="2" speed="6804" time="5980" acceleration="9733"/>
    <motionState vehicle="3" speed="2425" time="5980" acceleration="59"/>
    <motionState vehicle="4" speed="7733" time="5980" acceleration="1769"/>
    <motionState vehicle="5" speed="2416" time="5980" acceleration="1864"/>
    <motionState vehicle="6" speed="2596" time="5980" acceleration="2810"/>
    <motionState vehicle="7" speed="2873" time="5980" acceleration="2730"/>
    <motionState vehicle="8" speed="3136" time="5980" acceleration="1606"/>
    <motionState vehicle="9" speed="3277" time="5980" acceleration="-378"/>
    <motionState vehicle="10" speed="3211" time="5980" acceleration="-2278"/>
    <motionState vehicle="11" speed="2957" time="5980" acceleration="-2950"/>
    <motionState vehicle="0" speed="5816" time="5990" acceleration="10111"/>
    <motionState vehicle="1" speed="2631" time="5990" acceleration="-1844"/>
    <motionState vehicle="2" speed="6814" time="5990" acceleration="9657"/>
    <motionState vehicle="3" speed="2426" time="5990" acceleration="74"/>
    <motionState vehicle="4" speed="7735" time="5990" acceleration="1654"/>
    <motionState vehicle="5" speed="2418" time="5990" acceleration="1872"/>
    <motionState vehicle="6" speed="2599" time="5990" acceleration="2809"/>
    <motionState vehicle="7" speed="2876" time="5990" acceleration="2719"/>
    <motionState vehicle="8" speed="3138" time="5990" acceleration="1586"/>
    <motionState vehicle="9" speed="3276" time="5990" acceleration="-398"/>
    <motionState vehicle="10" speed="3209" time="5990" acceleration="-2287"/>
    <motionState vehicle="11" speed="2954" time="5990" acceleration="-2943"/>
    <motionState vehicle="0" speed="5826" time="6000" acceleration="10105"/>
    <motionState vehicle="1" speed="2629" time="6000" acceleration="-1829"/>
    <motionState vehicle="2" speed="6824" time="6000" acceleration="9580"/>
    <motionState vehicle="3" speed="2426" time="6000" acceleration="89"/>
    <motionState vehicle="4" speed="7736" time="6000" acceleration="1541"/>
    <motionState vehicle="5" speed="2420" time="6000" acceleration="1880"/>
    <motionState vehicle="6" speed="2602" time="6000" acceleration="2808"/>
    <motionState vehicle="7" speed="2879" time="6000" acceleration="2708"/>
    <motionState vehicle="8" speed="3139" time="6000" acceleration="1566"/>
    <motionState vehicle="9" speed="3276" time="6000" acceleration="-418"/>
    <motionState vehicle="10" speed="3207" time="6000" acceleration="-2295"/>
    <motionState vehicle="11" speed="2952" time="6000" acceleration="-2935"/>
    <motionState vehicle="0" speed="5836" time="6010" acceleration="10099"/>
    <motionState vehicle="1" speed="2627" time="6010" acceleration="-1813"/>
    <motionState vehicle="2" speed="6833" time="6010" acceleration="9502"/>
    <motionState vehicle="3" speed="2426" time="6010" acceleration="104"/>
    <motionState vehicle="4" speed="7738" time="6010" acceleration="1431"/>
    <motionState vehicle="5" speed="2422" time="6010" acceleration="1888"/>
    <motionState vehicle="6" speed="2604" time="6010" acceleration="2807"/>
    <motionState vehicle="7" speed="2882" time="6010" acceleration="2696"/>
    <motionState vehicle="8" speed="3141" time="6010" acceleration="1546"/>
    <motionState vehicle="9" speed="3275" time="6010" acceleration="-437"/>
    <motionState vehicle="10" speed="3204" time="6010" acceleration="-2303"/>
    <motionState vehicle="11" speed="2949" time="6010" acceleration="-2928"/>
    <motionState vehicle="0" speed="5846" time="6020" acceleration="10093"/>
    <motionState vehicle="1" speed="2626" time="6020" acceleration="-1798"/>
    <motionState vehicle="2" speed="6843" time="6020" acceleration="9425"/>
    <motionState vehicle="3" speed="2426" time="6020" acceleration="119"/>
    <motionState vehicle="4" speed="7739" time="6020" acceleration="1324"/>
    <motionState vehicle="5" speed="2424" time="6020" acceleration="1896"/>
    <motionState vehicle="6" speed="2607" time="6020" acceleration="2805"/>
    <motionState vehicle="7" speed="2884" time="6020" acceleration="2685"/>
    <motionState vehicle="8" speed="3142" time="6020" acceleration="1526"/>
    <motionState vehicle="9" speed="3275" time="6020" acceleration="-457"/>
    <motionState vehicle="10" speed="3202" time="6020" acceleration="-2311"/>
    <motionState vehicle="11" speed="2946" time="6020" acceleration="-2920"/>
    <motionState vehicle="0" speed="5857" time="6030" acceleration="10085"/>
    <motionState vehicle="1" speed="2624" time="6030" acceleration="-1782"/>
    <motionState vehicle="2" speed="6852" time="6030" acceleration="9347"/>
    <motionState vehicle="3" speed="2426" time="6030" acceleration="134"/>
    <motionState vehicle="4" speed="7740" time="6030" acceleration="1220"/>
    <motionState vehicle="5" speed="2426" time="6030" acceleration="1903"/>
    <motionState vehicle="6" speed="2610" time="6030" acceleration="2804"/>
    <motionState vehicle="7" speed="2887" time="6030" acceleration="2674"/>
    <motionState vehicle="8" speed="3144" time="6030" acceleration="1506"/>
    <motionState vehicle="9" speed="3274" time="6030" acceleration="-476"/>
    <motionState vehicle="10" speed="3200" time="6030" acceleration="-2319"/>
    <motionState vehicle="11" speed="2943" time="6030" acceleration="-2912"/>
    <motionState vehicle="0" speed="5867" time="6040" acceleration="10078"/>
    <motionState vehicle="1" speed="2622" time="6040" acceleration="-1766"/>
    <motionState vehicle="2" speed="6861" time="6040" acceleration="9269"/>
    <motionState vehicle="3" speed="2426" time="6040" acceleration="149"/>
    <motionState vehicle="4" speed="7741" time="6040" acceleration="1118"/>
    <motionState vehicle="5" speed="2428" time="6040" acceleration="1911"/>
    <motionState vehicle="6" speed="2613" time="6040" acceleration="2802"/>
    <motionState vehicle="7" speed="2890" time="6040" acceleration="2662"/>
    <motionState vehicle="8" speed="3145" time="6040" acceleration="1486"/>
    <motionState vehicle="9" speed="3274" time="6040" acceleration="-495"/>
    <motionState vehicle="10" speed="3197" time="6040" acceleration="-2327"/>
    <motionState vehicle="11" speed="2940" time="6040" acceleration="-2905"/>
    <motionState vehicle="0" speed="5877" time="6050" acceleration="10069"/>
    <motionState vehicle="1" speed="2620" time="6050" acceleration="-1751"/>
    <motionState vehicle="2" speed="6870" time="6050" acceleration="9191"/>
    <motionState vehicle="3" speed="2426" time="6050" acceleration="163"/>
    <motionState vehicle="4" speed="7742" time="6050" acceleration="1019"/>
    <motionState vehicle="5" speed="2430" time="6050" acceleration="1919"/>
    <motionState vehicle="6" speed="2616" time="6050" acceleration="2801"/>
    <motionState vehicle="7" speed="2892" time="6050" acceleration="2650"/>
    <motionState vehicle="8" speed="3147" time="6050" acceleration="1467"/>
    <motionState vehicle="9" speed="3273" time="6050" acceleration="-514"/>
    <motionState vehicle="10" speed="3195" time="6050" acceleration="-2334"/>
    <motionState vehicle="11" speed="2937" time="6050" acceleration="-2897"/>
    <motionState vehicle="0" speed="5887" time="6060" acceleration="10060"/>
    <motionState vehicle="1" speed="2619" time="6060" acceleration="-1735"/>
    <motionState vehicle="2" speed="6880" time="6060" acceleration="9112"/>
    <motionState vehicle="3" speed="2426" time="6060" acceleration="178"/>
    <motionState vehicle="4" speed="7743" time="6060" acceleration="922"/>
    <motionState vehicle="5" speed="2432" time="6060" acceleration="1926"/>
    <motionState vehicle="6" speed="2619" time="6060" acceleration="2799"/>
    <motionState vehicle="7" speed="2895" time="6060" acceleration="2639"/>
    <motionState vehicle="8" speed="3148" time="6060" acceleration="1447"/>
    <motionState vehicle="9" speed="3273" time="6060" acceleration="-533"/>
    <motionState vehicle="10" speed="3193" time="6060" acceleration="-2341"/>
    <motionState vehicle="11" speed="2934" time="6060" acceleration="-2889"/>
    <motionState vehicle="0" speed="5897" time="6070" acceleration="10050"/>
    <motionState vehicle="1" speed="2617" time="6070" acceleration="-1719"/>
    <motionState vehicle="2" speed="6889" time="6070" acceleration="9033"/>
    <motionState vehicle="3" speed="2427" time="6070" acceleration="193"/>
    <motionState vehicle="4" speed="7744" time="6070" acceleration="828"/>
    <motionState vehicle="5" speed="2434" time="6070" acceleration="1934"/>
    <motionState vehicle="6" speed="2621" time="6070" acceleration="2797"/>
    <motionState vehicle="7" speed="2898" time="6070" acceleration="2627"/>
    <motionState vehicle="8" speed="3150" time="6070" acceleration="1427"/>
    <motionState vehicle="9" speed="3272" time="6070" acceleration="-552"/>
    <motionState vehicle="10" speed="3190" time="6070" acceleration="-2349"/>
    <motionState vehicle="11" speed="2931" time="6070" acceleration="-2881"/>
    <motionState vehicle="0" speed="5907" time="6080" acceleration="10040"/>
    <motionState vehicle="1" speed="2615" time="6080" acceleration="-1703"/>
    <motionState vehicle="2" speed="6898" time="6080" acceleration="8954"/>
    <motionState vehicle="3" speed="2427" time="6080" acceleration="208"/>
    <motionState vehicle="4" speed="7745" time="6080" acceleration="737"/>
    <motionState vehicle="5" speed="2436" time="6080" acceleration="1941"/>
    <motionState vehicle="6" speed="2624" time="6080" acceleration="2795"/>
    <motionState vehicle="7" speed="2900" time="6080" acceleration="2615"/>
    <motionState vehicle="8" speed="3151" time="6080" acceleration="1407"/>
    <motionState vehicle="9" speed="3272" time="6080" acceleration="-571"/>
    <motionState vehicle="10" speed="3188" time="6080" acceleration="-2356"/>
    <motionState vehicle="11" speed="2928" time="6080" acceleration="-2873"/>
    <motionState vehicle="0" speed="5917" time="6090" acceleration="10028"/>
    <motionState vehicle="1" speed="2614" time="6090" acceleration="-1688"/>
    <motionState vehicle="2" speed="6906" time="6090" acceleration="8875"/>
    <motionState vehicle="3" speed="2427" time="6090" acceleration="222"/>
    <motionState vehicle="4" speed="7746" time="6090" acceleration="647"/>
    <motionState vehicle="5" speed="2438" time="6090" acceleration="1948"/>
    <motionState vehicle="6" speed="2627" time="6090" acceleration="2793"/>
    <motionState vehicle="7" speed="2903" time="6090" acceleration="2603"/>
    <motionState vehicle="8" speed="3153" time="6090" acceleration="1387"/>
    <motionState vehicle="9" speed="3271" time="6090" acceleration="-590"/>
    <motionState vehicle="10" speed="3186" time="6090" acceleration="-2363"/>
    <motionState vehicle="11" speed="2925" time="6090" acceleration="-2864"/>
    <motionState vehicle="0" speed="5927" time="6100" acceleration="10017"/>
    <motionState vehicle="1" speed="2612" time="6100" acceleration="-1672"/>
    <motionState vehicle="2" speed="6915" time="6100" acceleration="8796"/>
    <motionState vehicle="3" speed="2427" time="6100" acceleration="237"/>
    <motionState vehicle="4" speed="7746" time="6100" acceleration="561"/>
    <motionState vehicle="5" speed="2439" time="6100" acceleration="1955"/>
    <motionState vehicle="6" speed="2630" time="6100" acceleration="2791"/>
    <motionState vehicle="7" speed="2905" time="6100" acceleration="2591"/>
    <motionState vehicle="8" speed="3154" time="6100" acceleration="1367"/>
    <motionState vehicle="9" speed="3271" time="6100" acceleration="-608"/>
    <motionState vehicle="10" speed="3183" time="6100" acceleration="-2369"/>
    <motionState vehicle="11" speed="2923" time="6100" acceleration="-2856"/>
    <motionState vehicle="0" speed="5937" time="6110" acceleration="10004"/>
    <motionState vehicle="1" speed="2610" time="6110" acceleration="-1656"/>
    <motionState vehicle="2" speed="6924" time="6110" acceleration="8717"/>
    <motionState vehicle="3" speed="2428" time="6110" acceleration="251"/>
    <motionState vehicle="4" speed="7747" time="6110" acceleration="476"/>
    <motionState vehicle="5" speed="2441" time="6110" acceleration="1962"/>
    <motionState vehicle="6" speed="2632" time="6110" acceleration="2789"/>
    <motionState vehicle="7" speed="2908" time="6110" acceleration="2579"/>
    <motionState vehicle="8" speed="3155" time="6110" acceleration="1348"/>
    <motionState vehicle="9" speed="3270" time="6110" acceleration="-626"/>
    <motionState vehicle="10" speed="3181" time="6110" acceleration="-2376"/>
    <motionState vehicle="11" speed="2920" time="6110" acceleration="-2847"/>
    <motionState vehicle="0" speed="5947" time="6120" acceleration="9992"/>
    <motionState vehicle="1" speed="2609" time="6120" acceleration="-1640"/>
    <motionState vehicle="2" speed="6933" time="6120" acceleration="8638"/>
    <motionState vehicle="3" speed="2428" time="6120" acceleration="266"/>
    <motionState vehicle="4" speed="7747" time="6120" acceleration="394"/>
    <motionState vehicle="5" speed="2443" time="6120" acceleration="1969"/>
    <motionState vehicle="6" speed="2635" time="6120" acceleration="2787"/>
    <motionState vehicle="7" speed="2910" time="6120" acceleration="2567"/>
    <motionState vehicle="8" speed="3157" time="6120" acceleration="1328"/>
    <motionState vehicle="9" speed="3269" time="6120" acceleration="-645"/>
    <motionState vehicle="10" speed="3178" time="6120" acceleration="-2382"/>
    <motionState vehicle="11" speed="2917" time="6120" acceleration="-2839"/>
    <motionState vehicle="0" speed="5957" time="6130" acceleration="9978"/>
    <motionState vehicle="1" speed="2607" time="6130" acceleration="-1625"/>
    <motionState vehicle="2" speed="6941" time="6130" acceleration="8558"/>
    <motionState vehicle="3" speed="2428" time="6130" acceleration="280"/>
    <motionState vehicle="4" speed="7747" time="6130" acceleration="314"/>
    <motionState vehicle="5" speed="2445" time="6130" acceleration="1976"/>
    <motionState vehicle="6" speed="2638" time="6130" acceleration="2785"/>
    <motionState vehicle="7" speed="2913" time="6130" acceleration="2555"/>
    <motionState vehicle="8" speed="3158" time="6130" acceleration="1308"/>
    <motionState vehicle="9" speed="3269" time="6130" acceleration="-663"/>
    <motionState vehicle="10" speed="3176" time="6130" acceleration="-2388"/>
    <motionState vehicle="11" speed="2914" time="6130" acceleration="-2830"/>
    <motionState vehicle="0" speed="5967" time="6140" acceleration="9964"/>
    <motionState vehicle="1" speed="2605" time="6140" acceleration="-1609"/>
    <motionState vehicle="2" speed="6950" time="6140" acceleration="8479"/>
    <motionState vehicle="3" speed="2428" time="6140" acceleration="295"/>
    <motionState vehicle="4" speed="7748" time="6140" acceleration="236"/>
    <motionState vehicle="5" speed="2447" time="6140" acceleration="1983"/>
    <motionState vehicle="6" speed="2641" time="6140" acceleration="2782"/>
    <motionState vehicle="7" speed="2916" time="6140" acceleration="2542"/>
    <motionState vehicle="8" speed="3159" time="6140" acceleration="1288"/>
    <motionState vehicle="9" speed="3268" time="6140" acceleration="-681"/>
    <motionState vehicle="10" speed="3174" time="6140" acceleration="-2395"/>
    <motionState vehicle="11" speed="2911" time="6140" acceleration="-2821"/>
    <motionState vehicle="0" speed="5977" time="6150" acceleration="9949"/>
    <motionState vehicle="1" speed="2604" time="6150" acceleration="-1593"/>
    <motionState vehicle="2" speed="6958" time="6150" acceleration="8399"/>
    <motionState vehicle="3" speed="2429" time="6150" acceleration="309"/>
    <motionState vehicle="4" speed="7748" time="6150" acceleration="160"/>
    <motionState vehicle="5" speed="2449" time="6150" acceleration="1990"/>
    <motionState vehicle="6" speed="2644" time="6150" acceleration="2780"/>
    <motionState vehicle="7" speed="2918" time="6150" acceleration="2530"/>
    <motionState vehicle="8" speed="3160" time="6150" acceleration="1269"/>
    <motionState vehicle="9" speed="3267" time="6150" acceleration="-699"/>
    <motionState vehicle="10" speed="3171" time="6150" acceleration="-2401"/>
    <motionState vehicle="11" speed="2908" time="6150" acceleration="-2812"/>
    <motionState vehicle="0" speed="5987" time="6160" acceleration="9934"/>
    <motionState vehicle="1" speed="2602" time="6160" acceleration="-1577"/>
    <motionState vehicle="2" speed="6966" time="6160" acceleration="8320"/>
    <motionState vehicle="3" speed="2429" time="6160" acceleration="324"/>
    <motionState vehicle="4" speed="7748" time="6160" acceleration="87"/>
    <motionState vehicle="5" speed="2451" time="6160" acceleration="1997"/>
    <motionState vehicle="6" speed="2646" time="6160" acceleration="2777"/>
    <motionState vehicle="7" speed="2921" time="6160" acceleration="2518"/>
    <motionState vehicle="8" speed="3162" time="6160" acceleration="1249"/>
    <motionState vehicle="9" speed="3266" time="6160" acceleration="-717"/>
    <motionState vehicle="10" speed="3169" time="6160" acceleration="-2406"/>
    <motionState vehicle="11" speed="2906" time="6160" acceleration="-2804"/>
    <motionState vehicle="0" speed="5997" time="6170" acceleration="9918"/>
    <motionState vehicle="1" speed="2601" time="6170" acceleration="-1561"/>
    <motionState vehicle="2" speed="6975" time="6170" acceleration="8240"/>
    <motionState vehicle="3" speed="2429" time="6170" acceleration="338"/>
    <motionState vehicle="4" speed="7748" time="6170" acceleration="16"/>
    <motionState vehicle="5" speed="2453" time="6170" acceleration="2004"/>
    <motionState vehicle="6" speed="2649" time="6170" acceleration="2775"/>
    <motionState vehicle="7" speed="2923" time="6170" acceleration="2505"/>
    <motionState vehicle="8" speed="3163" time="6170" acceleration="1229"/>
    <motionState vehicle="9" speed="3266" time="6170" acceleration="-735"/>
    <motionState vehicle="10" speed="3166" time="6170" acceleration="-2412"/>
    <motionState vehicle="11" speed="2903" time="6170" acceleration="-2794"/>
    <motionState vehicle="0" speed="6007" time="6180" acceleration="9901"/>
    <motionState vehicle="1" speed="2599" time="6180" acceleration="-1545"/>
    <motionState vehicle="2" speed="6983" time="6180" acceleration="8161"/>
    <motionState vehicle="3" speed="2430" time="6180" acceleration="352"/>
    <motionState vehicle="4" speed="7748" time="6180" acceleration="-53"/>
    <motionState vehicle="5" speed="2455" time="6180" acceleration="2010"/>
    <motionState vehicle="6" speed="2652" time="6180" acceleration="2772"/>
    <motionState vehicle="7" speed="2926" time="6180" acceleration="2492"/>
    <motionState vehicle="8" speed="3164" time="6180" acceleration="1209"/>
    <motionState vehicle="9" speed="3265" time="6180" acceleration="-752"/>
    <motionState vehicle="10" speed="3164" time="6180" acceleration="-2418"/>
    <motionState vehicle="11" speed="2900" time="6180" acceleration="-2785"/>
    <motionState vehicle="0" speed="6016" time="6190" acceleration="9884"/>
    <motionState vehicle="1" speed="2598" time="6190" acceleration="-1529"/>
    <motionState vehicle="2" speed="6991" time="6190" acceleration="8082"/>
    <motionState vehicle="3" speed="2430" time="6190" acceleration="366"/>
    <motionState vehicle="4" speed="7748" time="6190" acceleration="-120"/>
    <motionState vehicle="5" speed="2457" time="6190" acceleration="2017"/>
    <motionState vehicle="6" speed="2655" time="6190" acceleration="2769"/>
    <motionState vehicle="7" speed="2928" time="6190" acceleration="2480"/>
    <motionState vehicle="8" speed="3165" time="6190" acceleration="1190"/>
    <motionState vehicle="9" speed="3264" time="6190" acceleration="-770"/>
    <motionState vehicle="10" speed="3162" time="6190" acceleration="-2423"/>
    <motionState vehicle="11" speed="2897" time="6190" acceleration="-2776"/>
    <motionState vehicle="0" speed="6026" time="6200" acceleration="9867"/>
    <motionState vehicle="1" speed="2596" time="6200" acceleration="-1513"/>
    <motionState vehicle="2" speed="6999" time="6200" acceleration="8002"/>
    <motionState vehicle="3" speed="2430" time="6200" acceleration="381"/>
    <motionState vehicle="4" speed="7748" time="6200" acceleration="-185"/>
    <motionState vehicle="5" speed="2459" time="6200" acceleration="2023"/>
    <motionState vehicle="6" speed="2657" time="6200" acceleration="2766"/>
    <motionState vehicle="7" speed="2931" time="6200" acceleration="2467"/>
    <motionState vehicle="8" speed="3166" time="6200" acceleration="1170"/>
    <motionState vehicle="9" speed="3263" time="6200" acceleration="-787"/>
    <motionState vehicle="10" speed="3159" time="6200" acceleration="-2428"/>
    <motionState vehicle="11" speed="2894" time="6200" acceleration="-2767"/>
    <motionState vehicle="0" speed="6036" time="6210" acceleration="9848"/>
    <motionState vehicle="1" speed="2595" time="6210" acceleration="-1497"/>
    <motionState vehicle="2" speed="7007" time="6210" acceleration="7923"/>
    <motionState vehicle="3" speed="2431" time="6210" acceleration="395"/>
    <motionState vehicle="4" speed="7747" time="6210" acceleration="-249"/>
    <motionState vehicle="5" speed="2461" time="6210" acceleration="2030"/>
    <motionState vehicle="6" speed="2660" time="6210" acceleration="2763"/>
    <motionState vehicle="7" speed="2933" time="6210" acceleration="2454"/>
    <motionState vehicle="8" speed="3168" time="6210" acceleration="1150"/>
    <motionState vehicle="9" speed="3263" time="6210" acceleration="-804"/>
    <motionState vehicle="10" speed="3157" time="6210" acceleration="-2433"/>
    <motionState vehicle="11" speed="2892" time="6210" acceleration="-2757"/>
    <motionState vehicle="0" speed="6046" time="6220" acceleration="9830"/>
    <motionState vehicle="1" speed="2593" time="6220" acceleration="-1481"/>
    <motionState vehicle="2" speed="7015" time="6220" acceleration="7844"/>
    <motionState vehicle="3" speed="2431" time="6220" acceleration="409"/>
    <motionState vehicle="4" speed="7747" time="6220" acceleration="-310"/>
    <motionState vehicle="5" speed="2463" time="6220" acceleration="2036"/>
    <motionState vehicle="6" speed="2663" time="6220" acceleration="2760"/>
    <motionState vehicle="7" speed="2935" time="6220" acceleration="2442"/>
    <motionState vehicle="8" speed="3169" time="6220" acceleration="1131"/>
    <motionState vehicle="9" speed="3262" time="6220" acceleration="-821"/>
    <motionState vehicle="10" speed="3154" time="6220" acceleration="-2438"/>
    <motionState vehicle="11" speed="2889" time="6220" acceleration="-2748"/>
    <motionState vehicle="0" speed="6056" time="6230" acceleration="9810"/>
    <motionState vehicle="1" speed="2592" time="6230" acceleration="-1465"/>
    <motionState vehicle="2" speed="7022" time="6230" acceleration="7765"/>
    <motionState vehicle="3" speed="2432" time="6230" acceleration="423"/>
    <motionState vehicle="4" speed="7747" time="6230" acceleration="-370"/>
    <motionState vehicle="5" speed="2466" time="6230" acceleration="2042"/>
    <motionState vehicle="6" speed="2666" time="6230" acceleration="2757"/>
    <motionState vehicle="7" speed="2938" time="6230" acceleration="2429"/>
    <motionState vehicle="8" speed="3170" time="6230" acceleration="1111"/>
    <motionState vehicle="9" speed="3261" time="6230" acceleration="-838"/>
    <motionState vehicle="10" speed="3152" time="6230" acceleration="-2443"/>
    <motionState vehicle="11" speed="2886" time="6230" acceleration="-2738"/>
    <motionState vehicle="0" speed="6066" time="6240" acceleration="9790"/>
    <motionState vehicle="1" speed="2590" time="6240" acceleration="-1449"/>
    <motionState vehicle="2" speed="7030" time="6240" acceleration="7687"/>
    <motionState vehicle="3" speed="2432" time="6240" acceleration="437"/>
    <motionState vehicle="4" speed="7746" time="6240" acceleration="-428"/>
    <motionState vehicle="5" speed="2468" time="6240" acceleration="2048"/>
    <motionState vehicle="6" speed="2668" time="6240" acceleration="2753"/>
    <motionState vehicle="7" speed="2940" time="6240" acceleration="2416"/>
    <motionState vehicle="8" speed="3171" time="6240" acceleration="1092"/>
    <motionState vehicle="9" speed="3260" time="6240" acceleration="-855"/>
    <motionState vehicle="10" speed="3149" time="6240" acceleration="-2447"/>
    <motionState vehicle="11" speed="2884" time="6240" acceleration="-2729"/>
    <motionState vehicle="0" speed="6075" time="6250" acceleration="9770"/>
    <motionState vehicle="1" speed="2589" time="6250" acceleration="-1433"/>
    <motionState vehicle="2" speed="7038" time="6250" acceleration="7608"/>
    <motionState vehicle="3" speed="2433" time="6250" acceleration="451"/>
    <motionState vehicle="4" speed="7746" time="6250" acceleration="-484"/>
    <motionState vehicle="5" speed="2470" time="6250" acceleration="2054"/>
    <motionState vehicle="6" speed="2671" time="6250" acceleration="2750"/>
    <motionState vehicle="7" speed="2943" time="6250" acceleration="2403"/>
    <motionState vehicle="8" speed="3172" time="6250" acceleration="1072"/>
    <motionState vehicle="9" speed="3259" time="6250" acceleration="-872"/>
    <motionState vehicle="10" speed="3147" time="6250" acceleration="-2452"/>
    <motionState vehicle="11" speed="2881" time="6250" acceleration="-2719"/>
    <motionState vehicle="0" speed="6085" time="6260" acceleration="9749"/>
    <motionState vehicle="1" speed="2587" time="6260" acceleration="-1417"/>
    <motionState vehicle="2" speed="7045" time="6260" acceleration="7530"/>
    <motionState vehicle="3" speed="2433" time="6260" acceleration="464"/>
    <motionState vehicle="4" speed="7745" time="6260" acceleration="-538"/>
    <motionState vehicle="5" speed="2472" time="6260" acceleration="2060"/>
    <motionState vehicle="6" speed="2674" time="6260" acceleration="2746"/>
    <motionState vehicle="7" speed="2945" time="6260" acceleration="2390"/>
    <motionState vehicle="8" speed="3173" time="6260" acceleration="1053"/>
    <motionState vehicle="9" speed="3258" time="6260" acceleration="-889"/>
    <motionState vehicle="10" speed="3144" time="6260" acceleration="-2456"/>
    <motionState vehicle="11" speed="2878" time="6260" acceleration="-2709"/>
    <motionState vehicle="0" speed="6095" time="6270" acceleration="9727"/>
    <motionState vehicle="1" speed="2586" time="6270" acceleration="-1401"/>
    <motionState vehicle="2" speed="7053" time="6270" acceleration="7452"/>
    <motionState vehicle="3" speed="2434" time="6270" acceleration="478"/>
    <motionState vehicle="4" speed="7745" time="6270" acceleration="-590"/>
    <motionState vehicle="5" speed="2474" time="6270" acceleration="2066"/>
    <motionState vehicle="6" speed="2677" time="6270" acceleration="2743"/>
    <motionState vehicle="7" speed="2947" time="6270" acceleration="2376"/>
    <motionState vehicle="8" speed="3174" time="6270" acceleration="1033"/>
    <motionState vehicle="9" speed="3257" time="6270" acceleration="-905"/>
    <motionState vehicle="10" speed="3142" time="6270" acceleration="-2460"/>
    <motionState vehicle="11" speed="2875" time="6270" acceleration="-2699"/>
    <motionState vehicle="0" speed="6105" time="6280" acceleration="9705"/>
    <motionState vehicle="1" speed="2584" time="6280" acceleration="-1385"/>
    <motionState vehicle="2" speed="7060" time="6280" acceleration="7374"/>
    <motionState vehicle="3" speed="2434" time="6280" acceleration="492"/>
    <motionState vehicle="4" speed="7744" time="6280" acceleration="-641"/>
    <motionState vehicle="5" speed="2476" time="6280" acceleration="2072"/>
    <motionState vehicle="6" speed="2679" time="6280" acceleration="2739"/>
    <motionState vehicle="7" speed="2950" time="6280" acceleration="2363"/>
    <motionState vehicle="8" speed="3175" time="6280" acceleration="1014"/>
    <motionState vehicle="9" speed="3257" time="6280" acceleration="-922"/>
    <motionState vehicle="10" speed="3139" time="6280" acceleration="-2464"/>
    <motionState vehicle="11" speed="2873" time="6280" acceleration="-2689"/>
    <motionState vehicle="0" speed="6114" time="6290" acceleration="9683"/>
    <motionState vehicle="1" speed="2583" time="6290" acceleration="-1369"/>
    <motionState vehicle="2" speed="7067" time="6290" acceleration="7296"/>
    <motionState vehicle="3" speed="2435" time="6290" acceleration="506"/>
    <motionState vehicle="4" speed="7743" time="6290" acceleration="-690"/>
    <motionState vehicle="5" speed="2478" time="6290" acceleration="2078"/>
    <motionState vehicle="6" speed="2682" time="6290" acceleration="2735"/>
    <motionState vehicle="7" speed="2952" time="6290" acceleration="2350"/>
    <motionState vehicle="8" speed="3176" time="6290" acceleration="994"/>
    <motionState vehicle="9" speed="3256" time="6290" acceleration="-938"/>
    <motionState vehicle="10" speed="3137" time="6290" acceleration="-2468"/>
    <motionState vehicle="11" speed="2870" time="6290" acceleration="-2679"/>
    <motionState vehicle="0" speed="6124" time="6300" acceleration="9660"/>
    <motionState vehicle="1" speed="2582" time="6300" acceleration="-1353"/>
    <motionState vehicle="2" speed="7074" time="6300" acceleration="7218"/>
    <motionState vehicle="3" speed="2435" time="6300" acceleration="519"/>
    <motionState vehicle="4" speed="7742" time="6300" acceleration="-738"/>
    <motionState vehicle="5" speed="2480" time="6300" acceleration="2083"/>
    <motionState vehicle="6" speed="2685" time="6300" acceleration="2732"/>
    <motionState vehicle="7" speed="2955" time="6300" acceleration="2337"/>
    <motionState vehicle="8" speed="3177" time="6300" acceleration="975"/>
    <motionState vehicle="9" speed="3255" time="6300" acceleration="-954"/>
    <motionState vehicle="10" speed="3135" time="6300" acceleration="-2472"/>
    <motionState vehicle="11" speed="2867" time="6300" acceleration="-2669"/>
    <motionState vehicle="0" speed="6134" time="6310" acceleration="9636"/>
    <motionState vehicle="1" speed="2580" time="6310" acceleration="-1337"/>
    <motionState vehicle="2" speed="7082" time="6310" acceleration="7141"/>
    <motionState vehicle="3" speed="2436" time="6310" acceleration="533"/>
    <motionState vehicle="4" speed="7742" time="6310" acceleration="-784"/>
    <motionState vehicle="5" speed="2482" time="6310" acceleration="2089"/>
    <motionState vehicle="6" speed="2688" time="6310" acceleration="2728"/>
    <motionState vehicle="7" speed="2957" time="6310" acceleration="2323"/>
    <motionState vehicle="8" speed="3178" time="6310" acceleration="956"/>
    <motionState vehicle="9" speed="3254" time="6310" acceleration="-970"/>
    <motionState vehicle="10" speed="3132" time="6310" acceleration="-2476"/>
    <motionState vehicle="11" speed="2865" time="6310" acceleration="-2658"/>
    <motionState vehicle="0" speed="6143" time="6320" acceleration="9612"/>
    <motionState vehicle="1" speed="2579" time="6320" acceleration="-1321"/>
    <motionState vehicle="2" speed="7089" time="6320" acceleration="7064"/>
    <motionState vehicle="3" speed="2436" time="6320" acceleration="546"/>
    <motionState vehicle="4" speed="7741" time="6320" acceleration="-828"/>
    <motionState vehicle="5" speed="2484" time="6320" acceleration="2094"/>
    <motionState vehicle="6" speed="2690" time="6320" acceleration="2724"/>
    <motionState vehicle="7" speed="2959" time="6320" acceleration="2310"/>
    <motionState vehicle="8" speed="3179" time="6320" acceleration="936"/>
    <motionState vehicle="9" speed="3253" time="6320" acceleration="-986"/>
    <motionState vehicle="10" speed="3130" time="6320" acceleration="-2479"/>
    <motionState vehicle="11" speed="2862" time="6320" acceleration="-2648"/>
    <motionState vehicle="0" speed="6153" time="6330" acceleration="9587"/>
    <motionState vehicle="1" speed="2578" time="6330" acceleration="-1305"/>
    <motionState vehicle="2" speed="7096" time="6330" acceleration="6987"/>
    <motionState vehicle="3" speed="2437" time="6330" acceleration="560"/>
    <motionState vehicle="4" speed="7740" time="6330" acceleration="-871"/>
    <motionState vehicle="5" speed="2486" time="6330" acceleration="2100"/>
    <motionState vehicle="6" speed="2693" time="6330" acceleration="2720"/>
    <motionState vehicle="7" speed="2961" time="6330" acceleration="2296"/>
    <motionState vehicle="8" speed="3180" time="6330" acceleration="917"/>
    <motionState vehicle="9" speed="3252" time="6330" acceleration="-1002"/>
    <motionState vehicle="10" speed="3127" time="6330" acceleration="-2482"/>
    <motionState vehicle="11" speed="2859" time="6330" acceleration="-2638"/>
    <motionState vehicle="0" speed="6162" time="6340" acceleration="9562"/>
    <motionState vehicle="1" speed="2576" time="6340" acceleration="-1289"/>
    <motionState vehicle="2" speed="7103" time="6340" acceleration="6911"/>
    <motionState vehicle="3" speed="2437" time="6340" acceleration="573"/>
    <motionState vehicle="4" speed="7739" time="6340" acceleration="-912"/>
    <motionState vehicle="5" speed="2488" time="6340" acceleration="2105"/>
    <motionState vehicle="6" speed="2696" time="6340" acceleration="2715"/>
    <motionState vehicle="7" speed="2964" time="6340" acceleration="2283"/>
    <motionState vehicle="8" speed="3181" time="6340" acceleration="898"/>
    <motionState vehicle="9" speed="3251" time="6340" acceleration="-1017"/>
    <motionState vehicle="10" speed="3125" time="6340" acceleration="-2486"/>
    <motionState vehicle="11" speed="2857" time="6340" acceleration="-2627"/>
    <motionState vehicle="0" speed="6172" time="6350" acceleration="9537"/>
    <motionState vehicle="1" speed="2575" time="6350" acceleration="-1273"/>
    <motionState vehicle="2" speed="7109" time="6350" acceleration="6835"/>
    <motionState vehicle="3" speed="2438" time="6350" acceleration="587"/>
    <motionState vehicle="4" speed="7738" time="6350" acceleration="-952"/>
    <motionState vehicle="5" speed="2490" time="6350" acceleration="2110"/>
    <motionState vehicle="6" speed="2699" time="6350" acceleration="2711"/>
    <motionState vehicle="7" speed="2966" time="6350" acceleration="2269"/>
    <motionState vehicle="8" speed="3182" time="6350" acceleration="878"/>
    <motionState vehicle="9" speed="3250" time="6350" acceleration="-1033"/>
    <motionState vehicle="10" speed="3122" time="6350" acceleration="-2489"/>
    <motionState vehicle="11" speed="2854" time="6350" acceleration="-2617"/>
    <motionState vehicle="0" speed="6181" time="6360" acceleration="9511"/>
    <motionState vehicle="1" speed="2574" time="6360" acceleration="-1257"/>
    <motionState vehicle="2" speed="7116" time="6360" acceleration="6759"/>
    <motionState vehicle="3" speed="2438" time="6360" acceleration="600"/>
    <motionState vehicle="4" speed="7737" time="6360" acceleration="-990"/>
    <motionState vehicle="5" speed="2493" time="6360" acceleration="2116"/>
    <motionState vehicle="6" speed="2701" time="6360" acceleration="2707"/>
    <motionState vehicle="7" speed="2968" time="6360" acceleration="2255"/>
    <motionState vehicle="8" speed="3183" time="6360" acceleration="859"/>
    <motionState vehicle="9" speed="3249" time="6360" acceleration="-1048"/>
    <motionState vehicle="10" speed="3120" time="6360" acceleration="-2491"/>
    <motionState vehicle="11" speed="2852" time="6360" acceleration="-2606"/>
    <motionState vehicle="0" speed="6191" time="6370" acceleration="9484"/>
    <motionState vehicle="1" speed="2573" time="6370" acceleration="-1241"/>
    <motionState vehicle="2" speed="7123" time="6370" acceleration="6684"/>
    <motionState vehicle="3" speed="2439" time="6370" acceleration="613"/>
    <motionState vehicle="4" speed="7736" time="6370" acceleration="-1027"/>
    <motionState vehicle="5" speed="2495" time="6370" acceleration="2121"/>
    <motionState vehicle="6" speed="2704" time="6370" acceleration="2702"/>
    <motionState vehicle="7" speed="2971" time="6370" acceleration="2242"/>
    <motionState vehicle="8" speed="3183" time="6370" acceleration="840"/>
    <motionState vehicle="9" speed="3247" time="6370" acceleration="-1064"/>
    <motionState vehicle="10" speed="3117" time="6370" acceleration="-2494"/>
    <motionState vehicle="11" speed="2849" time="6370" acceleration="-2595"/>
    <motionState vehicle="0" speed="6200" time="6380" acceleration="9457"/>
    <motionState vehicle="1" speed="2571" time="6380" acceleration="-1225"/>
    <motionState vehicle="2" speed="7129" time="6380" acceleration="6609"/>
    <motionState vehicle="3" speed="2440" time="6380" acceleration="626"/>
    <motionState vehicle="4" speed="7735" time="6380" acceleration="-1063"/>
    <motionState vehicle="5" speed="2497" time="6380" acceleration="2126"/>
    <motionState vehicle="6" speed="2707" time="6380" acceleration="2698"/>
    <motionState vehicle="7" speed="2973" time="6380" acceleration="2228"/>
    <motionState vehicle="8" speed="3184" time="6380" acceleration="821"/>
    <motionState vehicle="9" speed="3246" time="6380" acceleration="-1079"/>
    <motionState vehicle="10" speed="3115" time="6380" acceleration="-2497"/>
    <motionState vehicle="11" speed="2846" time="6380" acceleration="-2584"/>
    <motionState vehicle="0" speed="6210" time="6390" acceleration="9430"/>
    <motionState vehicle="1" speed="2570" time="6390" acceleration="-1209"/>
    <motionState vehicle="2" speed="7136" time="6390" acceleration="6534"/>
    <motionState vehicle="3" speed="2440" time="6390" acceleration="640"/>
    <motionState vehicle="4" speed="7734" time="6390" acceleration="-1097"/>
    <motionState vehicle="5" speed="2499" time="6390" acceleration="2131"/>
    <motionState vehicle="6" speed="2709" time="6390" acceleration="2693"/>
    <motionState vehicle="7" speed="2975" time="6390" acceleration="2214"/>
    <motionState vehicle="8" speed="3185" time="6390" acceleration="802"/>
    <motionState vehicle="9" speed="3245" time="6390" acceleration="-1094"/>
    <motionState vehicle="10" speed="3112" time="6390" acceleration="-2499"/>
    <motionState vehicle="11" speed="2844" time="6390" acceleration="-2574"/>
    <motionState vehicle="0" speed="6219" time="6400" acceleration="9402"/>
    <motionState vehicle="1" speed="2569" time="6400" acceleration="-1193"/>
    <motionState vehicle="2" speed="7142" time="6400" acceleration="6459"/>
    <motionState vehicle="3" speed="2441" time="6400" acceleration="653"/>
    <motionState vehicle="4" speed="7733" time="6400" acceleration="-1130"/>
    <motionState vehicle="5" speed="2501" time="6400" acceleration="2136"/>
    <motionState vehicle="6" speed="2712" time="6400" acceleration="2689"/>
    <motionState vehicle="7" speed="2977" time="6400" acceleration="2200"/>
    <motionState vehicle="8" speed="3186" time="6400" acceleration="783"/>
    <motionState vehicle="9" speed="3244" time="6400" acceleration="-1109"/>
    <motionState vehicle="10" speed="3110" time="6400" acceleration="-2502"/>
    <motionState vehicle="11" speed="2841" time="6400" acceleration="-2563"/>
    <motionState vehicle="0" speed="6228" time="6410" acceleration="9374"/>
    <motionState vehicle="1" speed="2568" time="6410" acceleration="-1177"/>
    <motionState vehicle="2" speed="7149" time="6410" acceleration="6385"/>
    <motionState vehicle="3" speed="2442" time="6410" acceleration="666"/>
    <motionState vehicle="4" speed="7732" time="6410" acceleration="-1161"/>
    <motionState vehicle="5" speed="2503" time="6410" acceleration="2140"/>
    <motionState vehicle="6" speed="2715" time="6410" acceleration="2684"/>
    <motionState vehicle="7" speed="2979" time="6410" acceleration="2186"/>
    <motionState vehicle="8" speed="3187" time="6410" acceleration="764"/>
    <motionState vehicle="9" speed="3243" time="6410" acceleration="-1124"/>
    <motionState vehicle="10" speed="3107" time="6410" acceleration="-2504"/>
    <motionState vehicle="11" speed="2839" time="6410" acceleration="-2552"/>
    <motionState vehicle="0" speed="6238" time="6420" acceleration="9345"/>
    <motionState vehicle="1" speed="2567" time="6420" acceleration="-1161"/>
    <motionState vehicle="2" speed="7155" time="6420" acceleration="6312"/>
    <motionState vehicle="3" speed="2442" time="6420" acceleration="679"/>
    <motionState vehicle="4" speed="7730" time="6420" acceleration="-1192"/>
    <motionState vehicle="5" speed="2505" time="6420" acceleration="2145"/>
    <motionState vehicle="6" speed="2717" time="6420" acceleration="2679"/>
    <motionState vehicle="7" speed="2982" time="6420" acceleration="2172"/>
    <motionState vehicle="8" speed="3187" time="6420" acceleration="745"/>
    <motionState vehicle="9" speed="3242" time="6420" acceleration="-1138"/>
    <motionState vehicle="10" speed="3105" time="6420" acceleration="-2506"/>
    <motionState vehicle="11" speed="2836" time="6420" acceleration="-2540"/>
    <motionState vehicle="0" speed="6247" time="6430" acceleration="9316"/>
    <motionState vehicle="1" speed="2566" time="6430" acceleration="-1145"/>
    <motionState vehicle="2" speed="7161" time="6430" acceleration="6238"/>
    <motionState vehicle="3" speed="2443" time="6430" acceleration="691"/>
    <motionState vehicle="4" speed="7729" time="6430" acceleration="-1221"/>
    <motionState vehicle="5" speed="2508" time="6430" acceleration="2150"/>
    <motionState vehicle="6" speed="2720" time="6430" acceleration="2674"/>
    <motionState vehicle="7" speed="2984" time="6430" acceleration="2158"/>
    <motionState vehicle="8" speed="3188" time="6430" acceleration="726"/>
    <motionState vehicle="9" speed="3241" time="6430" acceleration="-1153"/>
    <motionState vehicle="10" speed="3102" time="6430" acceleration="-2508"/>
    <motionState vehicle="11" speed="2834" time="6430" acceleration="-2529"/>
    <motionState vehicle="0" speed="6256" time="6440" acceleration="9286"/>
    <motionState vehicle="1" speed="2564" time="6440" acceleration="-1129"/>
    <motionState vehicle="2" speed="7168" time="6440" acceleration="6165"/>
    <motionState vehicle="3" speed="2444" time="6440" acceleration="704"/>
    <motionState vehicle="4" speed="7728" time="6440" acceleration="-1249"/>
    <motionState vehicle="5" speed="2510" time="6440" acceleration="2154"/>
    <motionState vehicle="6" speed="2723" time="6440" acceleration="2669"/>
    <motionState vehicle="7" speed="2986" time="6440" acceleration="2144"/>
    <motionState vehicle="8" speed="3189" time="6440" acceleration="707"/>
    <motionState vehicle="9" speed="3240" time="6440" acceleration="-1167"/>
    <motionState vehicle="10" speed="3100" time="6440" acceleration="-2510"/>
    <motionState vehicle="11" speed="2831" time="6440" acceleration="-2518"/>
    <motionState vehicle="0" speed="6266" time="6450" acceleration="9256"/>
    <motionState vehicle="1" speed="2563" time="6450" acceleration="-1113"/>
    <motionState vehicle="2" speed="7174" time="6450" acceleration="6093"/>
    <motionState vehicle="3" speed="2444" time="6450" acceleration="717"/>
    <motionState vehicle="4" speed="7727" time="6450" acceleration="-1275"/>
    <motionState vehicle="5" speed="2512" time="6450" acceleration="2159"/>
    <motionState vehicle="6" speed="2725" time="6450" acceleration="2664"/>
    <motionState vehicle="7" speed="2988" time="6450" acceleration="2130"/>
    <motionState vehicle="8" speed="3189" time="6450" acceleration="688"/>
    <motionState vehicle="9" speed="3238" time="6450" acceleration="-1182"/>
    <motionState vehicle="10" speed="3097" time="6450" acceleration="-2511"/>
    <motionState vehicle="11" speed="2829" time="6450" acceleration="-2507"/>
    <motionState vehicle="0" speed="6275" time="6460" acceleration="9226"/>
    <motionState vehicle="1" speed="2562" time="6460" acceleration="-1097"/>
    <motionState vehicle="2" speed="7180" time="6460" acceleration="6021"/>
    <motionState vehicle="3" speed="2445" time="6460" acceleration="730"/>
    <motionState vehicle="4" speed="7725" time="6460" acceleration="-1301"/>
    <motionState vehicle="5" speed="2514" time="6460" acceleration="2163"/>
    <motionState vehicle="6" speed="2728" time="6460" acceleration="2659"/>
    <motionState vehicle="7" speed="2990" time="6460" acceleration="2116"/>
    <motionState vehicle="8" speed="3190" time="6460" acceleration="669"/>
    <motionState vehicle="9" speed="3237" time="6460" acceleration="-1196"/>
    <motionState vehicle="10" speed="3095" time="6460" acceleration="-2513"/>
    <motionState vehicle="11" speed="2826" time="6460" acceleration="-2495"/>
    <motionState vehicle="0" speed="6284" time="6470" acceleration="9195"/>
    <motionState vehicle="1" speed="2561" time="6470" acceleration="-1081"/>
    <motionState vehicle="2" speed="7186" time="6470" acceleration="5949"/>
    <motionState vehicle="3" speed="2446" time="6470" acceleration="742"/>
    <motionState vehicle="4" speed="7724" time="6470" acceleration="-1325"/>
    <motionState vehicle="5" speed="2516" time="6470" acceleration="2167"/>
    <motionState vehicle="6" speed="2731" time="6470" acceleration="2653"/>
    <motionState vehicle="7" speed="2992" time="6470" acceleration="2102"/>
    <motionState vehicle="8" speed="3191" time="6470" acceleration="651"/>
    <motionState vehicle="9" speed="3236" time="6470" acceleration="-1210"/>
    <motionState vehicle="10" speed="3092" time="6470" acceleration="-2514"/>
    <motionState vehicle="11" speed="2824" time="6470" acceleration="-2484"/>
    <motionState vehicle="0" speed="6293" time="6480" acceleration="9164"/>
    <motionState vehicle="1" speed="2560" time="6480" acceleration="-1065"/>
    <motionState vehicle="2" speed="7192" time="6480" acceleration="5878"/>
    <motionState vehicle="3" speed="2447" time="6480" acceleration="755"/>
    <motionState vehicle="4" speed="7723" time="6480" acceleration="-1348"/>
    <motionState vehicle="5" speed="2518" time="6480" acceleration="2172"/>
    <motionState vehicle="6" speed="2733" time="6480" acceleration="2648"/>
    <motionState vehicle="7" speed="2994" time="6480" acceleration="2088"/>
    <motionState vehicle="8" speed="3191" time="6480" acceleration="632"/>
    <motionState vehicle="9" speed="3235" time="6480" acceleration="-1224"/>
    <motionState vehicle="10" speed="3090" time="6480" acceleration="-2516"/>
    <motionState vehicle="11" speed="2821" time="6480" acceleration="-2473"/>
    <motionState vehicle="0" speed="6302" time="6490" acceleration="9133"/>
    <motionState vehicle="1" speed="2559" time="6490" acceleration="-1050"/>
    <motionState vehicle="2" speed="7197" time="6490" acceleration="5807"/>
    <motionState vehicle="3" speed="2447" time="6490" acceleration="768"/>
    <motionState vehicle="4" speed="7721" time="6490" acceleration="-1370"/>
    <motionState vehicle="5" speed="2521" time="6490" acceleration="2176"/>
    <motionState vehicle="6" speed="2736" time="6490" acceleration="2643"/>
    <motionState vehicle="7" speed="2996" time="6490" acceleration="2073"/>
    <motionState vehicle="8" speed="3192" time="6490" acceleration="613"/>
    <motionState vehicle="9" speed="3234" time="6490" acceleration="-1238"/>
    <motionState vehicle="10" speed="3087" time="6490" acceleration="-2517"/>
    <motionState vehicle="11" speed="2819" time="6490" acceleration="-2461"/>
    <motionState vehicle="0" speed="6311" time="6500" acceleration="9101"/>
    <motionState vehicle="1" speed="2558" time="6500" acceleration="-1034"/>
    <motionState vehicle="2" speed="7203" time="6500" acceleration="5737"/>
    <motionState vehicle="3" speed="2448" time="6500" acceleration="780"/>
    <motionState vehicle="4" speed="7720" time="6500" acceleration="-1391"/>
    <motionState vehicle="5" speed="2523" time="6500" acceleration="2180"/>
    <motionState vehicle="6" speed="2739" time="6500" acceleration="2637"/>
    <motionState vehicle="7" speed="2998" time="6500" acceleration="2059"/>
    <motionState vehicle="8" speed="3193" time="6500" acceleration="595"/>
    <motionState vehicle="9" speed="3232" time="6500" acceleration="-1251"/>
    <motionState vehicle="10" speed="3085" time="6500" acceleration="-2518"/>
    <motionState vehicle="11" speed="2816" time="6500" acceleration="-2449"/>
    <motionState vehicle="0" speed="6321" time="6510" acceleration="9068"/>
    <motionState vehicle="1" speed="2557" time="6510" acceleration="-1018"/>
    <motionState vehicle="2" speed="7209" time="6510" acceleration="5667"/>
    <motionState vehicle="3" speed="2449" time="6510" acceleration="792"/>
    <motionState vehicle="4" speed="7719" time="6510" acceleration="-1411"/>
    <motionState vehicle="5" speed="2525" time="6510" acceleration="2184"/>
    <motionState vehicle="6" speed="2741" time="6510" acceleration="2631"/>
    <motionState vehicle="7" speed="3000" time="6510" acceleration="2045"/>
    <motionState vehicle="8" speed="3193" time="6510" acceleration="576"/>
    <motionState vehicle="9" speed="3231" time="6510" acceleration="-1265"/>
    <motionState vehicle="10" speed="3082" time="6510" acceleration="-2519"/>
    <motionState vehicle="11" speed="2814" time="6510" acceleration="-2438"/>
    <motionState vehicle="0" speed="6330" time="6520" acceleration="9036"/>
    <motionState vehicle="1" speed="2556" time="6520" acceleration="-1002"/>
    <motionState vehicle="2" speed="7214" time="6520" acceleration="5597"/>
    <motionState vehicle="3" speed="2450" time="6520" acceleration="805"/>
    <motionState vehicle="4" speed="7717" time="6520" acceleration="-1430"/>
    <motionState vehicle="5" speed="2527" time="6520" acceleration="2188"/>
    <motionState vehicle="6" speed="2744" time="6520" acceleration="2626"/>
    <motionState vehicle="7" speed="3002" time="6520" acceleration="2030"/>
    <motionState vehicle="8" speed="3194" time="6520" acceleration="557"/>
    <motionState vehicle="9" speed="3230" time="6520" acceleration="-1278"/>
    <motionState vehicle="10" speed="3079" time="6520" acceleration="-2519"/>
    <motionState vehicle="11" speed="2811" time="6520" acceleration="-2426"/>
    <motionState vehicle="0" speed="6339" time="6530" acceleration="9003"/>
    <motionState vehicle="1" speed="2555" time="6530" acceleration="-986"/>
    <motionState vehicle="2" speed="7220" time="6530" acceleration="5528"/>
    <motionState vehicle="3" speed="2451" time="6530" acceleration="817"/>
    <motionState vehicle="4" speed="7716" time="6530" acceleration="-1448"/>
    <motionState vehicle="5" speed="2529" time="6530" acceleration="2191"/>
    <motionState vehicle="6" speed="2747" time="6530" acceleration="2620"/>
    <motionState vehicle="7" speed="3004" time="6530" acceleration="2016"/>
    <motionState vehicle="8" speed="3194" time="6530" acceleration="539"/>
    <motionState vehicle="9" speed="3228" time="6530" acceleration="-1292"/>
    <motionState vehicle="10" speed="3077" time="6530" acceleration="-2520"/>
    <motionState vehicle="11" speed="2809" time="6530" acceleration="-2414"/>
    <motionState vehicle="0" speed="6348" time="6540" acceleration="8970"/>
    <motionState vehicle="1" speed="2554" time="6540" acceleration="-970"/>
    <motionState vehicle="2" speed="7225" time="6540" acceleration="5459"/>
    <motionState vehicle="3" speed="2451" time="6540" acceleration="829"/>
    <motionState vehicle="4" speed="7714" time="6540" acceleration="-1465"/>
    <motionState vehicle="5" speed="2531" time="6540" acceleration="2195"/>
    <motionState vehicle="6" speed="2749" time="6540" acceleration="2614"/>
    <motionState vehicle="7" speed="3006" time="6540" acceleration="2001"/>
    <motionState vehicle="8" speed="3195" time="6540" acceleration="521"/>
    <motionState vehicle="9" speed="3227" time="6540" acceleration="-1305"/>
    <motionState vehicle="10" speed="3074" time="6540" acceleration="-2520"/>
    <motionState vehicle="11" speed="2807" time="6540" acceleration="-2402"/>
    <motionState vehicle="0" speed="6356" time="6550" acceleration="8936"/>
    <motionState vehicle="1" speed="2553" time="6550" acceleration="-954"/>
    <motionState vehicle="2" speed="7231" time="6550" acceleration="5391"/>
    <motionState vehicle="3" speed="2452" time="6550" acceleration="841"/>
    <motionState vehicle="4" speed="7713" time="6550" acceleration="-1481"/>
    <motionState vehicle="5" speed="2534" time="6550" acceleration="2199"/>
    <motionState vehicle="6" speed="2752" time="6550" acceleration="2608"/>
    <motionState vehicle="7" speed="3008" time="6550" acceleration="1987"/>
    <motionState vehicle="8" speed="3195" time="6550" acceleration="502"/>
    <motionState vehicle="9" speed="3226" time="6550" acceleration="-1318"/>
    <motionState vehicle="10" speed="3072" time="6550" acceleration="-2521"/>
    <motionState vehicle="11" speed="2804" time="6550" acceleration="-2390"/>
    <motionState vehicle="0" speed="6365" time="6560" acceleration="8902"/>
    <motionState vehicle="1" speed="2552" time="6560" acceleration="-938"/>
    <motionState vehicle="2" speed="7236" time="6560" acceleration="5324"/>
    <motionState vehicle="3" speed="2453" time="6560" acceleration="854"/>
    <motionState vehicle="4" speed="7711" time="6560" acceleration="-1496"/>
    <motionState vehicle="5" speed="2536" time="6560" acceleration="2202"/>
    <motionState vehicle="6" speed="2754" time="6560" acceleration="2602"/>
    <motionState vehicle="7" speed="3010" time="6560" acceleration="1972"/>
    <motionState vehicle="8" speed="3196" time="6560" acceleration="484"/>
    <motionState vehicle="9" speed="3225" time="6560" acceleration="-1331"/>
    <motionState vehicle="10" speed="3069" time="6560" acceleration="-2521"/>
    <motionState vehicle="11" speed="2802" time="6560" acceleration="-2378"/>
    <motionState vehicle="0" speed="6374" time="6570" acceleration="8868"/>
    <motionState vehicle="1" speed="2551" time="6570" acceleration="-922"/>
    <motionState vehicle="2" speed="7241" time="6570" acceleration="5256"/>
    <motionState vehicle="3" speed="2454" time="6570" acceleration="866"/>
    <motionState vehicle="4" speed="7710" time="6570" acceleration="-1511"/>
    <motionState vehicle="5" speed="2538" time="6570" acceleration="2206"/>
    <motionState vehicle="6" speed="2757" time="6570" acceleration="2596"/>
    <motionState vehicle="7" speed="3012" time="6570" acceleration="1957"/>
    <motionState vehicle="8" speed="3196" time="6570" acceleration="466"/>
    <motionState vehicle="9" speed="3223" time="6570" acceleration="-1344"/>
    <motionState vehicle="10" speed="3067" time="6570" acceleration="-2521"/>
    <motionState vehicle="11" speed="2799" time="6570" acceleration="-2366"/>
    <motionState vehicle="0" speed="6383" time="6580" acceleration="8833"/>
    <motionState vehicle="1" speed="2550" time="6580" acceleration="-907"/>
    <motionState vehicle="2" speed="7246" time="6580" acceleration="5190"/>
    <motionState vehicle="3" speed="2455" time="6580" acceleration="878"/>
    <motionState vehicle="4" speed="7708" time="6580" acceleration="-1524"/>
    <motionState vehicle="5" speed="2540" time="6580" acceleration="2209"/>
    <motionState vehicle="6" speed="2760" time="6580" acceleration="2590"/>
    <motionState vehicle="7" speed="3014" time="6580" acceleration="1943"/>
    <motionState vehicle="8" speed="3197" time="6580" acceleration="447"/>
    <motionState vehicle="9" speed="3222" time="6580" acceleration="-1356"/>
    <motionState vehicle="10" speed="3064" time="6580" acceleration="-2521"/>
    <motionState vehicle="11" speed="2797" time="6580" acceleration="-2354"/>
    <motionState vehicle="0" speed="6392" time="6590" acceleration="8798"/>
    <motionState vehicle="1" speed="2549" time="6590" acceleration="-891"/>
    <motionState vehicle="2" speed="7252" time="6590" acceleration="5123"/>
    <motionState vehicle="3" speed="2456" time="6590" acceleration="889"/>
    <motionState vehicle="4" speed="7707" time="6590" acceleration="-1536"/>
    <motionState vehicle="5" speed="2542" time="6590" acceleration="2213"/>
    <motionState vehicle="6" speed="2762" time="6590" acceleration="2584"/>
    <motionState vehicle="7" speed="3016" time="6590" acceleration="1928"/>
    <motionState vehicle="8" speed="3197" time="6590" acceleration="429"/>
    <motionState vehicle="9" speed="3220" time="6590" acceleration="-1369"/>
    <motionState vehicle="10" speed="3062" time="6590" acceleration="-2521"/>
    <motionState vehicle="11" speed="2795" time="6590" acceleration="-2342"/>
    <motionState vehicle="0" speed="6401" time="6600" acceleration="8763"/>
    <motionState vehicle="1" speed="2549" time="6600" acceleration="-875"/>
    <motionState vehicle="2" speed="7257" time="6600" acceleration="5058"/>
    <motionState vehicle="3" speed="2457" time="6600" acceleration="901"/>
    <motionState vehicle="4" speed="7705" time="6600" acceleration="-1548"/>
    <motionState vehicle="5" speed="2545" time="6600" acceleration="2216"/>
    <motionState vehicle="6" speed="2765" time="6600" acceleration="2577"/>
    <motionState vehicle="7" speed="3018" time="6600" acceleration="1913"/>
    <motionState vehicle="8" speed="3198" time="6600" acceleration="411"/>
    <motionState vehicle="9" speed="3219" time="6600" acceleration="-1381"/>
    <motionState vehicle="10" speed="3059" time="6600" acceleration="-2521"/>
    <motionState vehicle="11" speed="2792" time="6600" acceleration="-2330"/>
    <motionState vehicle="0" speed="6409" time="6610" acceleration="8727"/>
    <motionState vehicle="1" speed="2548" time="6610" acceleration="-859"/>
    <motionState vehicle="2" speed="7262" time="6610" acceleration="4992"/>
    <motionState vehicle="3" speed="2458" time="6610" acceleration="913"/>
    <motionState vehicle="4" speed="7704" time="6610" acceleration="-1559"/>
    <motionState vehicle="5" speed="2547" time="6610" acceleration="2219"/>
    <motionState vehicle="6" speed="2767" time="6610" acceleration="2571"/>
    <motionState vehicle="7" speed="3020" time="6610" acceleration="1899"/>
    <motionState vehicle="8" speed="3198" time="6610" acceleration="393"/>
    <motionState vehicle="9" speed="3218" time="6610" acceleration="-1394"/>
    <motionState vehicle="10" speed="3057" time="6610" acceleration="-2520"/>
    <motionState vehicle="11" speed="2790" time="6610" acceleration="-2318"/>
    <motionState vehicle="0" speed="6418" time="6620" acceleration="8691"/>
    <motionState vehicle="1" speed="2547" time="6620" acceleration="-844"/>
    <motionState vehicle="2" speed="7267" time="6620" acceleration="4928"/>
    <motionState vehicle="3" speed="2459" time="6620" acceleration="925"/>
    <motionState vehicle="4" speed="7702" time="6620" acceleration="-1569"/>
    <motionState vehicle="5" speed="2549" time="6620" acceleration="2222"/>
    <motionState vehicle="6" speed="2770" time="6620" acceleration="2564"/>
    <motionState vehicle="7" speed="3022" time="6620" acceleration="1884"/>
    <motionState vehicle="8" speed="3198" time="6620" acceleration="375"/>
    <motionState vehicle="9" speed="3216" time="6620" acceleration="-1406"/>
    <motionState vehicle="10" speed="3054" time="6620" acceleration="-2520"/>
    <motionState vehicle="11" speed="2788" time="6620" acceleration="-2305"/>
    <motionState vehicle="0" speed="6427" time="6630" acceleration="8655"/>
    <motionState vehicle="1" speed="2546" time="6630" acceleration="-828"/>
    <motionState vehicle="2" speed="7271" time="6630" acceleration="4863"/>
    <motionState vehicle="3" speed="2459" time="6630" acceleration="936"/>
    <motionState vehicle="4" speed="7700" time="6630" acceleration="-1578"/>
    <motionState vehicle="5" speed="2551" time="6630" acceleration="2225"/>
    <motionState vehicle="6" speed="2772" time="6630" acceleration="2558"/>
    <motionState vehicle="7" speed="3024" time="6630" acceleration="1869"/>
    <motionState vehicle="8" speed="3199" time="6630" acceleration="357"/>
    <motionState vehicle="9" speed="3215" time="6630" acceleration="-1418"/>
    <motionState vehicle="10" speed="3052" time="6630" acceleration="-2519"/>
    <motionState vehicle="11" speed="2785" time="6630" acceleration="-2293"/>
    <motionState vehicle="0" speed="6435" time="6640" acceleration="8619"/>
    <motionState vehicle="1" speed="2545" time="6640" acceleration="-812"/>
    <motionState vehicle="2" speed="7276" time="6640" acceleration="4800"/>
    <motionState vehicle="3" speed="2460" time="6640" acceleration="948"/>
    <motionState vehicle="4" speed="7699" time="6640" acceleration="-1586"/>
    <motionState vehicle="5" speed="2554" time="6640" acceleration="2228"/>
    <motionState vehicle="6" speed="2775" time="6640" acceleration="2551"/>
    <motionState vehicle="7" speed="3026" time="6640" acceleration="1854"/>
    <motionState vehicle="8" speed="3199" time="6640" acceleration="339"/>
    <motionState vehicle="9" speed="3213" time="6640" acceleration="-1430"/>
    <motionState vehicle="10" speed="3049" time="6640" acceleration="-2518"/>
    <motionState vehicle="11" speed="2783" time="6640" acceleration="-2281"/>
    <motionState vehicle="0" speed="6444" time="6650" acceleration="8582"/>
    <motionState vehicle="1" speed="2544" time="6650" acceleration="-796"/>
    <motionState vehicle="2" speed="7281" time="6650" acceleration="4736"/>
    <motionState vehicle="3" speed="2461" time="6650" acceleration="959"/>
    <motionState vehicle="4" speed="7697" time="6650" acceleration="-1594"/>
    <motionState vehicle="5" speed="2556" time="6650" acceleration="2231"/>
    <motionState vehicle="6" speed="2777" time="6650" acceleration="2544"/>
    <motionState vehicle="7" speed="3028" time="6650" acceleration="1839"/>
    <motionState vehicle="8" speed="3199" time="6650" acceleration="321"/>
    <motionState vehicle="9" speed="3212" time="6650" acceleration="-1442"/>
    <motionState vehicle="10" speed="3047" time="6650" acceleration="-2517"/>
    <motionState vehicle="11" speed="2781" time="6650" acceleration="-2268"/>
    <motionState vehicle="0" speed="6452" time="6660" acceleration="8546"/>
    <motionState vehicle="1" speed="2544" time="6660" acceleration="-781"/>
    <motionState vehicle="2" speed="7286" time="6660" acceleration="4673"/>
    <motionState vehicle="3" speed="2462" time="6660" acceleration="971"/>
    <motionState vehicle="4" speed="7696" time="6660" acceleration="-1601"/>
    <motionState vehicle="5" speed="2558" time="6660" acceleration="2233"/>
    <motionState vehicle="6" speed="2780" time="6660" acceleration="2538"/>
    <motionState vehicle="7" speed="3029" time="6660" acceleration="1824"/>
    <motionState vehicle="8" speed="3200" time="6660" acceleration="303"/>
    <motionState vehicle="9" speed="3211" time="6660" acceleration="-1453"/>
    <motionState vehicle="10" speed="3044" time="6660" acceleration="-2516"/>
    <motionState vehicle="11" speed="2779" time="6660" acceleration="-2256"/>
    <motionState vehicle="0" speed="6461" time="6670" acceleration="8508"/>
    <motionState vehicle="1" speed="2543" time="6670" acceleration="-765"/>
    <motionState vehicle="2" speed="7290" time="6670" acceleration="4611"/>
    <motionState vehicle="3" speed="2463" time="6670" acceleration="982"/>
    <motionState vehicle="4" speed="7694" time="6670" acceleration="-1607"/>
    <motionState vehicle="5" speed="2560" time="6670" acceleration="2236"/>
    <motionState vehicle="6" speed="2783" time="6670" acceleration="2531"/>
    <motionState vehicle="7" speed="3031" time="6670" acceleration="1810"/>
    <motionState vehicle="8" speed="3200" time="6670" acceleration="286"/>
    <motionState vehicle="9" speed="3209" time="6670" acceleration="-1465"/>
    <motionState vehicle="10" speed="3042" time="6670" acceleration="-2515"/>
    <motionState vehicle="11" speed="2776" time="6670" acceleration="-2243"/>
    <motionState vehicle="0" speed="6469" time="6680" acceleration="8471"/>
    <motionState vehicle="1" speed="2542" time="6680" acceleration="-749"/>
    <motionState vehicle="2" speed="7295" time="6680" acceleration="4549"/>
    <motionState vehicle="3" speed="2464" time="6680" acceleration="993"/>
    <motionState vehicle="4" speed="7692" time="6680" acceleration="-1613"/>
    <motionState vehicle="5" speed="2563" time="6680" acceleration="2239"/>
    <motionState vehicle="6" speed="2785" time="6680" acceleration="2524"/>
    <motionState vehicle="7" speed="3033" time="6680" acceleration="1795"/>
    <motionState vehicle="8" speed="3200" time="6680" acceleration="268"/>
    <motionState vehicle="9" speed="3208" time="6680" acceleration="-1476"/>
    <motionState vehicle="10" speed="3039" time="6680" acceleration="-2514"/>
    <motionState vehicle="11" speed="2774" time="6680" acceleration="-2231"/>
    <motionState vehicle="0" speed="6478" time="6690" acceleration="8433"/>
    <motionState vehicle="1" speed="2541" time="6690" acceleration="-734"/>
    <motionState vehicle="2" speed="7299" time="6690" acceleration="4488"/>
    <motionState vehicle="3" speed="2465" time="6690" acceleration="1005"/>
    <motionState vehicle="4" speed="7691" time="6690" acceleration="-1617"/>
    <motionState vehicle="5" speed="2565" time="6690" acceleration="2241"/>
    <motionState vehicle="6" speed="2788" time="6690" acceleration="2517"/>
    <motionState vehicle="7" speed="3035" time="6690" acceleration="1780"/>
    <motionState vehicle="8" speed="3200" time="6690" acceleration="250"/>
    <motionState vehicle="9" speed="3206" time="6690" acceleration="-1488"/>
    <motionState vehicle="10" speed="3037" time="6690" acceleration="-2513"/>
    <motionState vehicle="11" speed="2772" time="6690" acceleration="-2218"/>
    <motionState vehicle="0" speed="6486" time="6700" acceleration="8395"/>
    <motionState vehicle="1" speed="2541" time="6700" acceleration="-718"/>
    <motionState vehicle="2" speed="7304" time="6700" acceleration="4427"/>
    <motionState vehicle="3" speed="2466" time="6700" acceleration="1016"/>
    <motionState vehicle="4" speed="7689" time="6700" acceleration="-1622"/>
    <motionState vehicle="5" speed="2567" time="6700" acceleration="2243"/>
    <motionState vehicle="6" speed="2790" time="6700" acceleration="2510"/>
    <motionState vehicle="7" speed="3036" time="6700" acceleration="1765"/>
    <motionState vehicle="8" speed="3201" time="6700" acceleration="233"/>
    <motionState vehicle="9" speed="3205" time="6700" acceleration="-1499"/>
    <motionState vehicle="10" speed="3034" time="6700" acceleration="-2511"/>
    <motionState vehicle="11" speed="2770" time="6700" acceleration="-2205"/>
    <motionState vehicle="0" speed="6495" time="6710" acceleration="8357"/>
    <motionState vehicle="1" speed="2540" time="6710" acceleration="-703"/>
    <motionState vehicle="2" speed="7308" time="6710" acceleration="4367"/>
    <motionState vehicle="3" speed="2467" time="6710" acceleration="1027"/>
    <motionState vehicle="4" speed="7688" time="6710" acceleration="-1625"/>
    <motionState vehicle="5" speed="2569" time="6710" acceleration="2246"/>
    <motionState vehicle="6" speed="2793" time="6710" acceleration="2502"/>
    <motionState vehicle="7" speed="3038" time="6710" acceleration="1750"/>
    <motionState vehicle="8" speed="3201" time="6710" acceleration="215"/>
    <motionState vehicle="9" speed="3203" time="6710" acceleration="-1510"/>
    <motionState vehicle="10" speed="3032" time="6710" acceleration="-2510"/>
    <motionState vehicle="11" speed="2768" time="6710" acceleration="-2192"/>
    <motionState vehicle="0" speed="6503" time="6720" acceleration="8319"/>
    <motionState vehicle="1" speed="2539" time="6720" acceleration="-687"/>
    <motionState vehicle="2" speed="7312" time="6720" acceleration="4308"/>
    <motionState vehicle="3" speed="2468" time="6720" acceleration="1038"/>
    <motionState vehicle="4" speed="7686" time="6720" acceleration="-1628"/>
    <motionState vehicle="5" speed="2572" time="6720" acceleration="2248"/>
    <motionState vehicle="6" speed="2795" time="6720" acceleration="2495"/>
    <motionState vehicle="7" speed="3040" time="6720" acceleration="1734"/>
    <motionState vehicle="8" speed="3201" time="6720" acceleration="198"/>
    <motionState vehicle="9" speed="3202" time="6720" acceleration="-1521"/>
    <motionState vehicle="10" speed="3029" time="6720" acceleration="-2508"/>
    <motionState vehicle="11" speed="2765" time="6720" acceleration="-2180"/>
    <motionState vehicle="0" speed="6511" time="6730" acceleration="8281"/>
    <motionState vehicle="1" speed="2539" time="6730" acceleration="-672"/>
    <motionState vehicle="2" speed="7317" time="6730" acceleration="4248"/>
    <motionState vehicle="3" speed="2469" time="6730" acceleration="1049"/>
    <motionState vehicle="4" speed="7684" time="6730" acceleration="-1630"/>
    <motionState vehicle="5" speed="2574" time="6730" acceleration="2250"/>
    <motionState vehicle="6" speed="2798" time="6730" acceleration="2488"/>
    <motionState vehicle="7" speed="3042" time="6730" acceleration="1719"/>
    <motionState vehicle="8" speed="3201" time="6730" acceleration="180"/>
    <motionState vehicle="9" speed="3200" time="6730" acceleration="-1532"/>
    <motionState vehicle="10" speed="3027" time="6730" acceleration="-2506"/>
    <motionState vehicle="11" speed="2763" time="6730" acceleration="-2167"/>
    <motionState vehicle="0" speed="6519" time="6740" acceleration="8242"/>
    <motionState vehicle="1" speed="2538" time="6740" acceleration="-656"/>
    <motionState vehicle="2" speed="7321" time="6740" acceleration="4190"/>
    <motionState vehicle="3" speed="2471" time="6740" acceleration="1060"/>
    <motionState vehicle="4" speed="7683" time="6740" acceleration="-1632"/>
    <motionState vehicle="5" speed="2576" time="6740" acceleration="2252"/>
    <motionState vehicle="6" speed="2800" time="6740" acceleration="2480"/>
    <motionState vehicle="7" speed="3043" time="6740" acceleration="1704"/>
    <motionState vehicle="8" speed="3201" time="6740" acceleration="163"/>
    <motionState vehicle="9" speed="3198" time="6740" acceleration="-1542"/>
    <motionState vehicle="10" speed="3024" time="6740" acceleration="-2504"/>
    <motionState vehicle="11" speed="2761" time="6740" acceleration="-2154"/>
    <motionState vehicle="0" speed="6528" time="6750" acceleration="8203"/>
    <motionState vehicle="1" speed="2537" time="6750" acceleration="-641"/>
    <motionState vehicle="2" speed="7325" time="6750" acceleration="4132"/>
    <motionState vehicle="3" speed="2472" time="6750" acceleration="1070"/>
    <motionState vehicle="4" speed="7681" time="6750" acceleration="-1633"/>
    <motionState vehicle="5" speed="2578" time="6750" acceleration="2254"/>
    <motionState vehicle="6" speed="2803" time="6750" acceleration="2473"/>
    <motionState vehicle="7" speed="3045" time="6750" acceleration="1689"/>
    <motionState vehicle="8" speed="3202" time="6750" acceleration="146"/>
    <motionState vehicle="9" speed="3197" time="6750" acceleration="-1553"/>
    <motionState vehicle="10" speed="3022" time="6750" acceleration="-2502"/>
    <motionState vehicle="11" speed="2759" time="6750" acceleration="-2141"/>
    <motionState vehicle="0" speed="6536" time="6760" acceleration="8164"/>
    <motionState vehicle="1" speed="2537" time="6760" acceleration="-625"/>
    <motionState vehicle="2" speed="7329" time="6760" acceleration="4074"/>
    <motionState vehicle="3" speed="2473" time="6760" acceleration="1081"/>
    <motionState vehicle="4" speed="7679" time="6760" acceleration="-1634"/>
    <motionState vehicle="5" speed="2581" time="6760" acceleration="2256"/>
    <motionState vehicle="6" speed="2805" time="6760" acceleration="2465"/>
    <motionState vehicle="7" speed="3047" time="6760" acceleration="1674"/>
    <motionState vehicle="8" speed="3202" time="6760" acceleration="129"/>
    <motionState vehicle="9" speed="3195" time="6760" acceleration="-1563"/>
    <motionState vehicle="10" speed="3019" time="6760" acceleration="-2500"/>
    <motionState vehicle="11" speed="2757" time="6760" acceleration="-2128"/>
    <motionState vehicle="0" speed="6544" time="6770" acceleration="8125"/>
    <motionState vehicle="1" speed="2536" time="6770" acceleration="-610"/>
    <motionState vehicle="2" speed="7333" time="6770" acceleration="4017"/>
    <motionState vehicle="3" speed="2474" time="6770" acceleration="1092"/>
    <motionState vehicle="4" speed="7678" time="6770" acceleration="-1634"/>
    <motionState vehicle="5" speed="2583" time="6770" acceleration="2258"/>
    <motionState vehicle="6" speed="2807" time="6770" acceleration="2458"/>
    <motionState vehicle="7" speed="3048" time="6770" acceleration="1659"/>
    <motionState vehicle="8" speed="3202" time="6770" acceleration="111"/>
    <motionState vehicle="9" speed="3194" time="6770" acceleration="-1574"/>
    <motionState vehicle="10" speed="3017" time="6770" acceleration="-2498"/>
    <motionState vehicle="11" speed="2755" time="6770" acceleration="-2115"/>
    <motionState vehicle="0" speed="6552" time="6780" acceleration="8085"/>
    <motionState vehicle="1" speed="2535" time="6780" acceleration="-595"/>
    <motionState vehicle="2" speed="7337" time="6780" acceleration="3960"/>
    <motionState vehicle="3" speed="2475" time="6780" acceleration="1102"/>
    <motionState vehicle="4" speed="7676" time="6780" acceleration="-1633"/>
    <motionState vehicle="5" speed="2585" time="6780" acceleration="2260"/>
    <motionState vehicle="6" speed="2810" time="6780" acceleration="2450"/>
    <motionState vehicle="7" speed="3050" time="6780" acceleration="1644"/>
    <motionState vehicle="8" speed="3202" time="6780" acceleration="94"/>
    <motionState vehicle="9" speed="3192" time="6780" acceleration="-1584"/>
    <motionState vehicle="10" speed="3014" time="6780" acceleration="-2495"/>
    <motionState vehicle="11" speed="2753" time="6780" acceleration="-2102"/>
    <motionState vehicle="0" speed="6560" time="6790" acceleration="8045"/>
    <motionState vehicle="1" speed="2535" time="6790" acceleration="-579"/>
    <motionState vehicle="2" speed="7341" time="6790" acceleration="3904"/>
    <motionState vehicle="3" speed="2476" time="6790" acceleration="1113"/>
    <motionState vehicle="4" speed="7674" time="6790" acceleration="-1632"/>
    <motionState vehicle="5" speed="2587" time="6790" acceleration="2261"/>
    <motionState vehicle="6" speed="2812" time="6790" acceleration="2442"/>
    <motionState vehicle="7" speed="3052" time="6790" acceleration="1628"/>
    <motionState vehicle="8" speed="3202" time="6790" acceleration="77"/>
    <motionState vehicle="9" speed="3191" time="6790" acceleration="-1594"/>
    <motionState vehicle="10" speed="3012" time="6790" acceleration="-2493"/>
    <motionState vehicle="11" speed="2750" time="6790" acceleration="-2089"/>
    <motionState vehicle="0" speed="6568" time="6800" acceleration="8006"/>
    <motionState vehicle="1" speed="2534" time="6800" acceleration="-564"/>
    <motionState vehicle="2" speed="7345" time="6800" acceleration="3849"/>
    <motionState vehicle="3" speed="2477" time="6800" acceleration="1123"/>
    <motionState vehicle="4" speed="7673" time="6800" acceleration="-1631"/>
    <motionState vehicle="5" speed="2590" time="6800" acceleration="2263"/>
    <motionState vehicle="6" speed="2815" time="6800" acceleration="2434"/>
    <motionState vehicle="7" speed="3053" time="6800" acceleration="1613"/>
    <motionState vehicle="8" speed="3202" time="6800" acceleration="60"/>
    <motionState vehicle="9" speed="3189" time="6800" acceleration="-1604"/>
    <motionState vehicle="10" speed="3009" time="6800" acceleration="-2490"/>
    <motionState vehicle="11" speed="2748" time="6800" acceleration="-2076"/>
    <motionState vehicle="0" speed="6576" time="6810" acceleration="7966"/>
    <motionState vehicle="1" speed="2534" time="6810" acceleration="-549"/>
    <motionState vehicle="2" speed="7349" time="6810" acceleration="3794"/>
    <motionState vehicle="3" speed="2478" time="6810" acceleration="1134"/>
    <motionState vehicle="4" speed="7671" time="6810" acceleration="-1629"/>
    <motionState vehicle="5" speed="2592" time="6810" acceleration="2264"/>
    <motionState vehicle="6" speed="2817" time="6810" acceleration="2426"/>
    <motionState vehicle="7" speed="3055" time="6810" acceleration="1598"/>
    <motionState vehicle="8" speed="3202" time="6810" acceleration="44"/>
    <motionState vehicle="9" speed="3187" time="6810" acceleration="-1614"/>
    <motionState vehicle="10" speed="3007" time="6810" acceleration="-2488"/>
    <motionState vehicle="11" speed="2746" time="6810" acceleration="-2063"/>
    <motionState vehicle="0" speed="6584" time="6820" acceleration="7926"/>
    <motionState vehicle="1" speed="2533" time="6820" acceleration="-533"/>
    <motionState vehicle="2" speed="7352" time="6820" acceleration="3739"/>
    <motionState vehicle="3" speed="2479" time="6820" acceleration="1144"/>
    <motionState vehicle="4" speed="7670" time="6820" acceleration="-1626"/>
    <motionState vehicle="5" speed="2594" time="6820" acceleration="2266"/>
    <motionState vehicle="6" speed="2820" time="6820" acceleration="2418"/>
    <motionState vehicle="7" speed="3056" time="6820" acceleration="1583"/>
    <motionState vehicle="8" speed="3202" time="6820" acceleration="27"/>
    <motionState vehicle="9" speed="3186" time="6820" acceleration="-1623"/>
    <motionState vehicle="10" speed="3004" time="6820" acceleration="-2485"/>
    <motionState vehicle="11" speed="2744" time="6820" acceleration="-2049"/>
    <motionState vehicle="0" speed="6592" time="6830" acceleration="7885"/>
    <motionState vehicle="1" speed="2533" time="6830" acceleration="-518"/>
    <motionState vehicle="2" speed="7356" time="6830" acceleration="3685"/>
    <motionState vehicle="3" speed="2481" time="6830" acceleration="1154"/>
    <motionState vehicle="4" speed="7668" time="6830" acceleration="-1623"/>
    <motionState vehicle="5" speed="2596" time="6830" acceleration="2267"/>
    <motionState vehicle="6" speed="2822" time="6830" acceleration="2410"/>
    <motionState vehicle="7" speed="3058" time="6830" acceleration="1567"/>
    <motionState vehicle="8" speed="3202" time="6830" acceleration="10"/>
    <motionState vehicle="9" speed="3184" time="6830" acceleration="-1633"/>
    <motionState vehicle="10" speed="3002" time="6830" acceleration="-2482"/>
    <motionState vehicle="11" speed="2742" time="6830" acceleration="-2036"/>
    <motionState vehicle="0" speed="6600" time="6840" acceleration="7845"/>
    <motionState vehicle="1" speed="2532" time="6840" acceleration="-503"/>
    <motionState vehicle="2" speed="7360" time="6840" acceleration="3632"/>
    <motionState vehicle="3" speed="2482" time="6840" acceleration="1164"/>
    <motionState vehicle="4" speed="7666" time="6840" acceleration="-1620"/>
    <motionState vehicle="5" speed="2599" time="6840" acceleration="2268"/>
    <motionState vehicle="6" speed="2824" time="6840" acceleration="2402"/>
    <motionState vehicle="7" speed="3060" time="6840" acceleration="1552"/>
    <motionState vehicle="8" speed="3202" time="6840" acceleration="-6"/>
    <motionState vehicle="9" speed="3182" time="6840" acceleration="-1642"/>
    <motionState vehicle="10" speed="2999" time="6840" acceleration="-2479"/>
    <motionState vehicle="11" speed="2740" time="6840" acceleration="-2023"/>
    <motionState vehicle="0" speed="6608" time="6850" acceleration="7804"/>
    <motionState vehicle="1" speed="2532" time="6850" acceleration="-488"/>
    <motionState vehicle="2" speed="7363" time="6850" acceleration="3579"/>
    <motionState vehicle="3" speed="2483" time="6850" acceleration="1175"/>
    <motionState vehicle="4" speed="7665" time="6850" acceleration="-1616"/>
    <motionState vehicle="5" speed="2601" time="6850" acceleration="2269"/>
    <motionState vehicle="6" speed="2827" time="6850" acceleration="2394"/>
    <motionState vehicle="7" speed="3061" time="6850" acceleration="1537"/>
    <motionState vehicle="8" speed="3202" time="6850" acceleration="-22"/>
    <motionState vehicle="9" speed="3181" time="6850" acceleration="-1652"/>
    <motionState vehicle="10" speed="2997" time="6850" acceleration="-2476"/>
    <motionState vehicle="11" speed="2738" time="6850" acceleration="-2010"/>
    <motionState vehicle="0" speed="6615" time="6860" acceleration="7764"/>
    <motionState vehicle="1" speed="2531" time="6860" acceleration="-473"/>
    <motionState vehicle="2" speed="7367" time="6860" acceleration="3527"/>
    <motionState vehicle="3" speed="2484" time="6860" acceleration="1185"/>
    <motionState vehicle="4" speed="7663" time="6860" acceleration="-1612"/>
    <motionState vehicle="5" speed="2603" time="6860" acceleration="2270"/>
    <motionState vehicle="6" speed="2829" time="6860" acceleration="2386"/>
    <motionState vehicle="7" speed="3063" time="6860" acceleration="1521"/>
    <motionState vehicle="8" speed="3202" time="6860" acceleration="-39"/>
    <motionState vehicle="9" speed="3179" time="6860" acceleration="-1661"/>
    <motionState vehicle="10" speed="2994" time="6860" acceleration="-2472"/>
    <motionState vehicle="11" speed="2736" time="6860" acceleration="-1996"/>
    <motionState vehicle="0" speed="6623" time="6870" acceleration="7723"/>
    <motionState vehicle="1" speed="2531" time="6870" acceleration="-458"/>
    <motionState vehicle="2" speed="7370" time="6870" acceleration="3475"/>
    <motionState vehicle="3" speed="2485" time="6870" acceleration="1194"/>
    <motionState vehicle="4" speed="7661" time="6870" acceleration="-1607"/>
    <motionState vehicle="5" speed="2605" time="6870" acceleration="2271"/>
    <motionState vehicle="6" speed="2832" time="6870" acceleration="2377"/>
    <motionState vehicle="7" speed="3064" time="6870" acceleration="1506"/>
    <motionState vehicle="8" speed="3202" time="6870" acceleration="-55"/>
    <motionState vehicle="9" speed="3177" time="6870" acceleration="-1670"/>
    <motionState vehicle="10" speed="2992" time="6870" acceleration="-2469"/>
    <motionState vehicle="11" speed="2734" time="6870" acceleration="-1983"/>
    <motionState vehicle="0" speed="6631" time="6880" acceleration="7682"/>
    <motionState vehicle="1" speed="2530" time="6880" acceleration="-443"/>
    <motionState vehicle="2" speed="7374" time="6880" acceleration="3424"/>
    <motionState vehicle="3" speed="2486" time="6880" acceleration="1204"/>
    <motionState vehicle="4" speed="7660" time="6880" acceleration="-1602"/>
    <motionState vehicle="5" speed="2608" time="6880" acceleration="2272"/>
    <motionState vehicle="6" speed="2834" time="6880" acceleration="2369"/>
    <motionState vehicle="7" speed="3066" time="6880" acceleration="1491"/>
    <motionState vehicle="8" speed="3202" time="6880" acceleration="-72"/>
    <motionState vehicle="9" speed="3176" time="6880" acceleration="-1679"/>
    <motionState vehicle="10" speed="2989" time="6880" acceleration="-2466"/>
    <motionState vehicle="11" speed="2732" time="6880" acceleration="-1969"/>
    <motionState vehicle="0" speed="6638" time="6890" acceleration="7641"/>
    <motionState vehicle="1" speed="2530" time="6890" acceleration="-427"/>
    <motionState vehicle="2" speed="7377" time="6890" acceleration="3373"/>
    <motionState vehicle="3" speed="2488" time="6890" acceleration="1214"/>
    <motionState vehicle="4" speed="7658" time="6890" acceleration="-1597"/>
    <motionState vehicle="5" speed="2610" time="6890" acceleration="2273"/>
    <motionState vehicle="6" speed="2836" time="6890" acceleration="2361"/>
    <motionState vehicle="7" speed="3067" time="6890" acceleration="1475"/>
    <motionState vehicle="8" speed="3202" time="6890" acceleration="-88"/>
    <motionState vehicle="9" speed="3174" time="6890" acceleration="-1688"/>
    <motionState vehicle="10" speed="2987" time="6890" acceleration="-2462"/>
    <motionState vehicle="11" speed="2730" time="6890" acceleration="-1956"/>
    <motionState vehicle="0" speed="6646" time="6900" acceleration="7600"/>
    <motionState vehicle="1" speed="2529" time="6900" acceleration="-413"/>
    <motionState vehicle="2" speed="7380" time="6900" acceleration="3323"/>
    <motionState vehicle="3" speed="2489" time="6900" acceleration="1224"/>
    <motionState vehicle="4" speed="7657" time="6900" acceleration="-1591"/>
    <motionState vehicle="5" speed="2612" time="6900" acceleration="2274"/>
    <motionState vehicle="6" speed="2839" time="6900" acceleration="2352"/>
    <motionState vehicle="7" speed="3069" time="6900" acceleration="1460"/>
    <motionState vehicle="8" speed="3202" time="6900" acceleration="-104"/>
    <motionState vehicle="9" speed="3172" time="6900" acceleration="-1697"/>
    <motionState vehicle="10" speed="2984" time="6900" acceleration="-2458"/>
    <motionState vehicle="11" speed="2728" time="6900" acceleration="-1943"/>
    <motionState vehicle="0" speed="6654" time="6910" acceleration="7559"/>
    <motionState vehicle="1" speed="2529" time="6910" acceleration="-398"/>
    <motionState vehicle="2" speed="7384" time="6910" acceleration="3273"/>
    <motionState vehicle="3" speed="2490" time="6910" acceleration="1233"/>
    <motionState vehicle="4" speed="7655" time="6910" acceleration="-1585"/>
    <motionState vehicle="5" speed="2615" time="6910" acceleration="2274"/>
    <motionState vehicle="6" speed="2841" time="6910" acceleration="2344"/>
    <motionState vehicle="7" speed="3070" time="6910" acceleration="1444"/>
    <motionState vehicle="8" speed="3202" time="6910" acceleration="-120"/>
    <motionState vehicle="9" speed="3171" time="6910" acceleration="-1705"/>
    <motionState vehicle="10" speed="2982" time="6910" acceleration="-2455"/>
    <motionState vehicle="11" speed="2726" time="6910" acceleration="-1929"/>
    <motionState vehicle="0" speed="6661" time="6920" acceleration="7517"/>
    <motionState vehicle="1" speed="2529" time="6920" acceleration="-383"/>
    <motionState vehicle="2" speed="7387" time="6920" acceleration="3224"/>
    <motionState vehicle="3" speed="2491" time="6920" acceleration="1243"/>
    <motionState vehicle="4" speed="7654" time="6920" acceleration="-1578"/>
    <motionState vehicle="5" speed="2617" time="6920" acceleration="2275"/>
    <motionState vehicle="6" speed="2843" time="6920" acceleration="2335"/>
    <motionState vehicle="7" speed="3071" time="6920" acceleration="1429"/>
    <motionState vehicle="8" speed="3201" time="6920" acceleration="-137"/>
    <motionState vehicle="9" speed="3169" time="6920" acceleration="-1714"/>
    <motionState vehicle="10" speed="2979" time="6920" acceleration="-2451"/>
    <motionState vehicle="11" speed="2724" time="6920" acceleration="-1916"/>
    <motionState vehicle="0" speed="6669" time="6930" acceleration="7476"/>
    <motionState vehicle="1" speed="2528" time="6930" acceleration="-368"/>
    <motionState vehicle="2" speed="7390" time="6930" acceleration="3175"/>
    <motionState vehicle="3" speed="2493" time="6930" acceleration="1253"/>
    <motionState vehicle="4" speed="7652" time="6930" acceleration="-1571"/>
    <motionState vehicle="5" speed="2619" time="6930" acceleration="2275"/>
    <motionState vehicle="6" speed="2846" time="6930" acceleration="2326"/>
    <motionState vehicle="7" speed="3073" time="6930" acceleration="1414"/>
    <motionState vehicle="8" speed="3201" time="6930" acceleration="-153"/>
    <motionState vehicle="9" speed="3167" time="6930" acceleration="-1722"/>
    <motionState vehicle="10" speed="2977" time="6930" acceleration="-2447"/>
    <motionState vehicle="11" speed="2723" time="6930" acceleration="-1902"/>
    <motionState vehicle="0" speed="6676" time="6940" acceleration="7435"/>
    <motionState vehicle="1" speed="2528" time="6940" acceleration="-353"/>
    <motionState vehicle="2" speed="7393" time="6940" acceleration="3127"/>
    <motionState vehicle="3" speed="2494" time="6940" acceleration="1262"/>
    <motionState vehicle="4" speed="7650" time="6940" acceleration="-1564"/>
    <motionState vehicle="5" speed="2621" time="6940" acceleration="2276"/>
    <motionState vehicle="6" speed="2848" time="6940" acceleration="2317"/>
    <motionState vehicle="7" speed="3074" time="6940" acceleration="1398"/>
    <motionState vehicle="8" speed="3201" time="6940" acceleration="-169"/>
    <motionState vehicle="9" speed="3166" time="6940" acceleration="-1730"/>
    <motionState vehicle="10" speed="2975" time="6940" acceleration="-2443"/>
    <motionState vehicle="11" speed="2721" time="6940" acceleration="-1888"/>
    <motionState vehicle="0" speed="6683" time="6950" acceleration="7393"/>
    <motionState vehicle="1" speed="2528" time="6950" acceleration="-338"/>
    <motionState vehicle="2" speed="7396" time="6950" acceleration="3079"/>
    <motionState vehicle="3" speed="2495" time="6950" acceleration="1271"/>
    <motionState vehicle="4" speed="7649" time="6950" acceleration="-1557"/>
    <motionState vehicle="5" speed="2624" time="6950" acceleration="2276"/>
    <motionState vehicle="6" speed="2850" time="6950" acceleration="2308"/>
    <motionState vehicle="7" speed="3076" time="6950" acceleration="1383"/>
    <motionState vehicle="8" speed="3201" time="6950" acceleration="-184"/>
    <motionState vehicle="9" speed="3164" time="6950" acceleration="-1738"/>
    <motionState vehicle="10" speed="2972" time="6950" acceleration="-2439"/>
    <motionState vehicle="11" speed="2719" time="6950" acceleration="-1875"/>
    <motionState vehicle="0" speed="6691" time="6960" acceleration="7351"/>
    <motionState vehicle="1" speed="2527" time="6960" acceleration="-323"/>
    <motionState vehicle="2" speed="7399" time="6960" acceleration="3032"/>
    <motionState vehicle="3" speed="2496" time="6960" acceleration="1281"/>
    <motionState vehicle="4" speed="7647" time="6960" acceleration="-1549"/>
    <motionState vehicle="5" speed="2626" time="6960" acceleration="2276"/>
    <motionState vehicle="6" speed="2853" time="6960" acceleration="2300"/>
    <motionState vehicle="7" speed="3077" time="6960" acceleration="1367"/>
    <motionState vehicle="8" speed="3201" time="6960" acceleration="-200"/>
    <motionState vehicle="9" speed="3162" time="6960" acceleration="-1746"/>
    <motionState vehicle="10" speed="2970" time="6960" acceleration="-2434"/>
    <motionState vehicle="11" speed="2717" time="6960" acceleration="-1861"/>
    <motionState vehicle="0" speed="6698" time="6970" acceleration="7310"/>
    <motionState vehicle="1" speed="2527" time="6970" acceleration="-309"/>
    <motionState vehicle="2" speed="7402" time="6970" acceleration="2985"/>
    <motionState vehicle="3" speed="2498" time="6970" acceleration="1290"/>
    <motionState vehicle="4" speed="7646" time="6970" acceleration="-1541"/>
    <motionState vehicle="5" speed="2628" time="6970" acceleration="2276"/>
    <motionState vehicle="6" speed="2855" time="6970" acceleration="2291"/>
    <motionState vehicle="7" speed="3078" time="6970" acceleration="1352"/>
    <motionState vehicle="8" speed="3201" time="6970" acceleration="-216"/>
    <motionState vehicle="9" speed="3160" time="6970" acceleration="-1754"/>
    <motionState vehicle="10" speed="2967" time="6970" acceleration="-2430"/>
    <motionState vehicle="11" speed="2715" time="6970" acceleration="-1847"/>
    <motionState vehicle="0" speed="6705" time="6980" acceleration="7268"/>
    <motionState vehicle="1" speed="2527" time="6980" acceleration="-294"/>
    <motionState vehicle="2" speed="7405" time="6980" acceleration="2939"/>
    <motionState vehicle="3" speed="2499" time="6980" acceleration="1299"/>
    <motionState vehicle="4" speed="7644" time="6980" acceleration="-1533"/>
    <motionState vehicle="5" speed="2630" time="6980" acceleration="2276"/>
    <motionState vehicle="6" speed="2857" time="6980" acceleration="2282"/>
    <motionState vehicle="7" speed="3080" time="6980" acceleration="1336"/>
    <motionState vehicle="8" speed="3200" time="6980" acceleration="-232"/>
    <motionState vehicle="9" speed="3159" time="6980" acceleration="-1762"/>
    <motionState vehicle="10" speed="2965" time="6980" acceleration="-2425"/>
    <motionState vehicle="11" speed="2713" time="6980" acceleration="-1834"/>
    <motionState vehicle="0" speed="6712" time="6990" acceleration="7226"/>
    <motionState vehicle="1" speed="2526" time="6990" acceleration="-279"/>
    <motionState vehicle="2" speed="7408" time="6990" acceleration="2893"/>
    <motionState vehicle="3" speed="2500" time="6990" acceleration="1308"/>
    <motionState vehicle="4" speed="7643" time="6990" acceleration="-1524"/>
    <motionState vehicle="5" speed="2633" time="6990" acceleration="2276"/>
    <motionState vehicle="6" speed="2859" time="6990" acceleration="2272"/>
    <motionState vehicle="7" speed="3081" time="6990" acceleration="1321"/>
    <motionState vehicle="8" speed="3200" time="6990" acceleration="-247"/>
    <motionState vehicle="9" speed="3157" time="6990" acceleration="-1769"/>
    <motionState vehicle="10" speed="2962" time="6990" acceleration="-2421"/>
    <motionState vehicle="11" speed="2711" time="6990" acceleration="-1820"/>
    <motionState vehicle="0" speed="6720" time="7000" acceleration="7184"/>
    <motionState vehicle="1" speed="2526" time="7000" acceleration="-265"/>
    <motionState vehicle="2" speed="7411" time="7000" acceleration="2848"/>
    <motionState vehicle="3" speed="2502" time="7000" acceleration="1317"/>
    <motionState vehicle="4" speed="7641" time="7000" acceleration="-1515"/>
    <motionState vehicle="5" speed="2635" time="7000" acceleration="2276"/>
    <motionState vehicle="6" speed="2862" time="7000" acceleration="2263"/>
    <motionState vehicle="7" speed="3082" time="7000" acceleration="1306"/>
    <motionState vehicle="8" speed="3200" time="7000" acceleration="-263"/>
    <motionState vehicle="9" speed="3155" time="7000" acceleration="-1777"/>
    <motionState vehicle="10" speed="2960" time="7000" acceleration="-2416"/>
    <motionState vehicle="11" speed="2710" time="7000" acceleration="-1806"/>
    <motionState vehicle="0" speed="6727" time="7010" acceleration="7142"/>
    <motionState vehicle="1" speed="2526" time="7010" acceleration="-250"/>
    <motionState vehicle="2" speed="7414" time="7010" acceleration="2803"/>
    <motionState vehicle="3" speed="2503" time="7010" acceleration="1326"/>
    <motionState vehicle="4" speed="7640" time="7010" acceleration="-1506"/>
    <motionState vehicle="5" speed="2637" time="7010" acceleration="2276"/>
    <motionState vehicle="6" speed="2864" time="7010" acceleration="2254"/>
    <motionState vehicle="7" speed="3084" time="7010" acceleration="1290"/>
    <motionState vehicle="8" speed="3199" time="7010" acceleration="-278"/>
    <motionState vehicle="9" speed="3153" time="7010" acceleration="-1784"/>
    <motionState vehicle="10" speed="2958" time="7010" acceleration="-2411"/>
    <motionState vehicle="11" speed="2708" time="7010" acceleration="-1793"/>
    <motionState vehicle="0" speed="6734" time="7020" acceleration="7100"/>
    <motionState vehicle="1" speed="2526" time="7020" acceleration="-236"/>
    <motionState vehicle="2" speed="7416" time="7020" acceleration="2759"/>
    <motionState vehicle="3" speed="2504" time="7020" acceleration="1334"/>
    <motionState vehicle="4" speed="7638" time="7020" acceleration="-1497"/>
    <motionState vehicle="5" speed="2640" time="7020" acceleration="2276"/>
    <motionState vehicle="6" speed="2866" time="7020" acceleration="2245"/>
    <motionState vehicle="7" speed="3085" time="7020" acceleration="1275"/>
    <motionState vehicle="8" speed="3199" time="7020" acceleration="-294"/>
    <motionState vehicle="9" speed="3151" time="7020" acceleration="-1792"/>
    <motionState vehicle="10" speed="2955" time="7020" acceleration="-2407"/>
    <motionState vehicle="11" speed="2706" time="7020" acceleration="-1779"/>
    <motionState vehicle="0" speed="6741" time="7030" acceleration="7058"/>
    <motionState vehicle="1" speed="2525" time="7030" acceleration="-221"/>
    <motionState vehicle="2" speed="7419" time="7030" acceleration="2716"/>
    <motionState vehicle="3" speed="2506" time="7030" acceleration="1343"/>
    <motionState vehicle="4" speed="7637" time="7030" acceleration="-1487"/>
    <motionState vehicle="5" speed="2642" time="7030" acceleration="2275"/>
    <motionState vehicle="6" speed="2868" time="7030" acceleration="2235"/>
    <motionState vehicle="7" speed="3086" time="7030" acceleration="1259"/>
    <motionState vehicle="8" speed="3199" time="7030" acceleration="-309"/>
    <motionState vehicle="9" speed="3150" time="7030" acceleration="-1799"/>
    <motionState vehicle="10" speed="2953" time="7030" acceleration="-2402"/>
    <motionState vehicle="11" speed="2704" time="7030" acceleration="-1765"/>
    <motionState vehicle="0" speed="6748" time="7040" acceleration="7016"/>
    <motionState vehicle="1" speed="2525" time="7040" acceleration="-207"/>
    <motionState vehicle="2" speed="7422" time="7040" acceleration="2673"/>
    <motionState vehicle="3" speed="2507" time="7040" acceleration="1352"/>
    <motionState vehicle="4" speed="7635" time="7040" acceleration="-1477"/>
    <motionState vehicle="5" speed="2644" time="7040" acceleration="2275"/>
    <motionState vehicle="6" speed="2871" time="7040" acceleration="2226"/>
    <motionState vehicle="7" speed="3087" time="7040" acceleration="1244"/>
    <motionState vehicle="8" speed="3199" time="7040" acceleration="-324"/>
    <motionState vehicle="9" speed="3148" time="7040" acceleration="-1806"/>
    <motionState vehicle="10" speed="2950" time="7040" acceleration="-2397"/>
    <motionState vehicle="11" speed="2703" time="7040" acceleration="-1751"/>
    <motionState vehicle="0" speed="6755" time="7050" acceleration="6974"/>
    <motionState vehicle="1" speed="2525" time="7050" acceleration="-192"/>
    <motionState vehicle="2" speed="7424" time="7050" acceleration="2630"/>
    <motionState vehicle="3" speed="2508" time="7050" acceleration="1360"/>
    <motionState vehicle="4" speed="7634" time="7050" acceleration="-1467"/>
    <motionState vehicle="5" speed="2646" time="7050" acceleration="2274"/>
    <motionState vehicle="6" speed="2873" time="7050" acceleration="2217"/>
    <motionState vehicle="7" speed="3089" time="7050" acceleration="1228"/>
    <motionState vehicle="8" speed="3198" time="7050" acceleration="-339"/>
    <motionState vehicle="9" speed="3146" time="7050" acceleration="-1813"/>
    <motionState vehicle="10" speed="2948" time="7050" acceleration="-2391"/>
    <motionState vehicle="11" speed="2701" time="7050" acceleration="-1737"/>
    <motionState vehicle="0" speed="6762" time="7060" acceleration="6932"/>
    <motionState vehicle="1" speed="2525" time="7060" acceleration="-178"/>
    <motionState vehicle="2" speed="7427" time="7060" acceleration="2588"/>
    <motionState vehicle="3" speed="2510" time="7060" acceleration="1369"/>
    <motionState vehicle="4" speed="7632" time="7060" acceleration="-1457"/>
    <motionState vehicle="5" speed="2649" time="7060" acceleration="2274"/>
    <motionState vehicle="6" speed="2875" time="7060" acceleration="2207"/>
    <motionState vehicle="7" speed="3090" time="7060" acceleration="1213"/>
    <motionState vehicle="8" speed="3198" time="7060" acceleration="-354"/>
    <motionState vehicle="9" speed="3144" time="7060" acceleration="-1819"/>
    <motionState vehicle="10" speed="2946" time="7060" acceleration="-2386"/>
    <motionState vehicle="11" speed="2699" time="7060" acceleration="-1723"/>
    <motionState vehicle="0" speed="6769" time="7070" acceleration="6890"/>
    <motionState vehicle="1" speed="2525" time="7070" acceleration="-164"/>
    <motionState vehicle="2" speed="7430" time="7070" acceleration="2546"/>
    <motionState vehicle="3" speed="2511" time="7070" acceleration="1377"/>
    <motionState vehicle="4" speed="7631" time="7070" acceleration="-1447"/>
    <motionState vehicle="5" speed="2651" time="7070" acceleration="2273"/>
    <motionState vehicle="6" speed="2877" time="7070" acceleration="2197"/>
    <motionState vehicle="7" speed="3091" time="7070" acceleration="1197"/>
    <motionState vehicle="8" speed="3198" time="7070" acceleration="-369"/>
    <motionState vehicle="9" speed="3142" time="7070" acceleration="-1826"/>
    <motionState vehicle="10" speed="2943" time="7070" acceleration="-2381"/>
    <motionState vehicle="11" speed="2697" time="7070" acceleration="-1709"/>
    <motionState vehicle="0" speed="6776" time="7080" acceleration="6848"/>
    <motionState vehicle="1" speed="2525" time="7080" acceleration="-149"/>
    <motionState vehicle="2" speed="7432" time="7080" acceleration="2505"/>
    <motionState vehicle="3" speed="2512" time="7080" acceleration="1386"/>
    <motionState vehicle="4" speed="7629" time="7080" acceleration="-1436"/>
    <motionState vehicle="5" speed="2653" time="7080" acceleration="2272"/>
    <motionState vehicle="6" speed="2879" time="7080" acceleration="2188"/>
    <motionState vehicle="7" speed="3092" time="7080" acceleration="1182"/>
    <motionState vehicle="8" speed="3197" time="7080" acceleration="-384"/>
    <motionState vehicle="9" speed="3141" time="7080" acceleration="-1833"/>
    <motionState vehicle="10" speed="2941" time="7080" acceleration="-2375"/>
    <motionState vehicle="11" speed="2696" time="7080" acceleration="-1696"/>
    <motionState vehicle="0" speed="6782" time="7090" acceleration="6806"/>
    <motionState vehicle="1" speed="2524" time="7090" acceleration="-135"/>
    <motionState vehicle="2" speed="7435" time="7090" acceleration="2464"/>
    <motionState vehicle="3" speed="2514" time="7090" acceleration="1394"/>
    <motionState vehicle="4" speed="7628" time="7090" acceleration="-1425"/>
    <motionState vehicle="5" speed="2655" time="7090" acceleration="2271"/>
    <motionState vehicle="6" speed="2882" time="7090" acceleration="2178"/>
    <motionState vehicle="7" speed="3093" time="7090" acceleration="1166"/>
    <motionState vehicle="8" speed="3197" time="7090" acceleration="-399"/>
    <motionState vehicle="9" speed="3139" time="7090" acceleration="-1839"/>
    <motionState vehicle="10" speed="2938" time="7090" acceleration="-2370"/>
    <motionState vehicle="11" speed="2694" time="7090" acceleration="-1682"/>
    <motionState vehicle="0" speed="6789" time="7100" acceleration="6764"/>
    <motionState vehicle="1" speed="2524" time="7100" acceleration="-121"/>
    <motionState vehicle="2" speed="7437" time="7100" acceleration="2424"/>
    <motionState vehicle="3" speed="2515" time="7100" acceleration="1402"/>
    <motionState vehicle="4" speed="7627" time="7100" acceleration="-1414"/>
    <motionState vehicle="5" speed="2658" time="7100" acceleration="2270"/>
    <motionState vehicle="6" speed="2884" time="7100" acceleration="2168"/>
    <motionState vehicle="7" speed="3095" time="7100" acceleration="1151"/>
    <motionState vehicle="8" speed="3196" time="7100" acceleration="-414"/>
    <motionState vehicle="9" speed="3137" time="7100" acceleration="-1845"/>
    <motionState vehicle="10" speed="2936" time="7100" acceleration="-2364"/>
    <motionState vehicle="11" speed="2692" time="7100" acceleration="-1668"/>
    <motionState vehicle="0" speed="6796" time="7110" acceleration="6722"/>
    <motionState vehicle="1" speed="2524" time="7110" acceleration="-107"/>
    <motionState vehicle="2" speed="7439" time="7110" acceleration="2384"/>
    <motionState vehicle="3" speed="2517" time="7110" acceleration="1410"/>
    <motionState vehicle="4" speed="7625" time="7110" acceleration="-1403"/>
    <motionState vehicle="5" speed="2660" time="7110" acceleration="2269"/>
    <motionState vehicle="6" speed="2886" time="7110" acceleration="2159"/>
    <motionState vehicle="7" speed="3096" time="7110" acceleration="1135"/>
    <motionState vehicle="8" speed="3196" time="7110" acceleration="-428"/>
    <motionState vehicle="9" speed="3135" time="7110" acceleration="-1851"/>
    <motionState vehicle="10" speed="2934" time="7110" acceleration="-2359"/>
    <motionState vehicle="11" speed="2691" time="7110" acceleration="-1654"/>
    <motionState vehicle="0" speed="6803" time="7120" acceleration="6680"/>
    <motionState vehicle="1" speed="2524" time="7120" acceleration="-93"/>
    <motionState vehicle="2" speed="7442" time="7120" acceleration="2345"/>
    <motionState vehicle="3" speed="2518" time="7120" acceleration="1418"/>
    <motionState vehicle="4" speed="7624" time="7120" acceleration="-1392"/>
    <motionState vehicle="5" speed="2662" time="7120" acceleration="2268"/>
    <motionState vehicle="6" speed="2888" time="7120" acceleration="2149"/>
    <motionState vehicle="7" speed="3097" time="7120" acceleration="1120"/>
    <motionState vehicle="8" speed="3195" time="7120" acceleration="-443"/>
    <motionState vehicle="9" speed="3133" time="7120" acceleration="-1858"/>
    <motionState vehicle="10" speed="2931" time="7120" acceleration="-2353"/>
    <motionState vehicle="11" speed="2689" time="7120" acceleration="-1640"/>
    <motionState vehicle="0" speed="6809" time="7130" acceleration="6638"/>
    <motionState vehicle="1" speed="2524" time="7130" acceleration="-79"/>
    <motionState vehicle="2" speed="7444" time="7130" acceleration="2306"/>
    <motionState vehicle="3" speed="2520" time="7130" acceleration="1426"/>
    <motionState vehicle="4" speed="7622" time="7130" acceleration="-1381"/>
    <motionState vehicle="5" speed="2665" time="7130" acceleration="2267"/>
    <motionState vehicle="6" speed="2890" time="7130" acceleration="2139"/>
    <motionState vehicle="7" speed="3098" time="7130" acceleration="1105"/>
    <motionState vehicle="8" speed="3195" time="7130" acceleration="-457"/>
    <motionState vehicle="9" speed="3131" time="7130" acceleration="-1863"/>
    <motionState vehicle="10" speed="2929" time="7130" acceleration="-2347"/>
    <motionState vehicle="11" speed="2687" time="7130" acceleration="-1626"/>
    <motionState vehicle="0" speed="6816" time="7140" acceleration="6596"/>
    <motionState vehicle="1" speed="2524" time="7140" acceleration="-65"/>
    <motionState vehicle="2" speed="7446" time="7140" acceleration="2268"/>
    <motionState vehicle="3" speed="2521" time="7140" acceleration="1434"/>
    <motionState vehicle="4" speed="7621" time="7140" acceleration="-1369"/>
    <motionState vehicle="5" speed="2667" time="7140" acceleration="2266"/>
    <motionState vehicle="6" speed="2892" time="7140" acceleration="2129"/>
    <motionState vehicle="7" speed="3099" time="7140" acceleration="1089"/>
    <motionState vehicle="8" speed="3194" time="7140" acceleration="-472"/>
    <motionState vehicle="9" speed="3129" time="7140" acceleration="-1869"/>
    <motionState vehicle="10" speed="2927" time="7140" acceleration="-2341"/>
    <motionState vehicle="11" speed="2686" time="7140" acceleration="-1612"/>
    <motionState vehicle="0" speed="6822" time="7150" acceleration="6554"/>
    <motionState vehicle="1" speed="2524" time="7150" acceleration="-51"/>
    <motionState vehicle="2" speed="7449" time="7150" acceleration="2230"/>
    <motionState vehicle="3" speed="2522" time="7150" acceleration="1442"/>
    <motionState vehicle="4" speed="7620" time="7150" acceleration="-1357"/>
    <motionState vehicle="5" speed="2669" time="7150" acceleration="2265"/>
    <motionState vehicle="6" speed="2895" time="7150" acceleration="2119"/>
    <motionState vehicle="7" speed="3100" time="7150" acceleration="1074"/>
    <motionState vehicle="8" speed="3194" time="7150" acceleration="-486"/>
    <motionState vehicle="9" speed="3128" time="7150" acceleration="-1875"/>
    <motionState vehicle="10" speed="2924" time="7150" acceleration="-2335"/>
    <motionState vehicle="11" speed="2684" time="7150" acceleration="-1598"/>
    <motionState vehicle="0" speed="6829" time="7160" acceleration="6512"/>
    <motionState vehicle="1" speed="2524" time="7160" acceleration="-37"/>
    <motionState vehicle="2" speed="7451" time="7160" acceleration="2193"/>
    <motionState vehicle="3" speed="2524" time="7160" acceleration="1449"/>
    <motionState vehicle="4" speed="7618" time="7160" acceleration="-1346"/>
    <motionState vehicle="5" speed="2671" time="7160" acceleration="2263"/>
    <motionState vehicle="6" speed="2897" time="7160" acceleration="2109"/>
    <motionState vehicle="7" speed="3101" time="7160" acceleration="1058"/>
    <motionState vehicle="8" speed="3194" time="7160" acceleration="-500"/>
    <motionState vehicle="9" speed="3126" time="7160" acceleration="-1881"/>
    <motionState vehicle="10" speed="2922" time="7160" acceleration="-2329"/>
    <motionState vehicle="11" speed="2683" time="7160" acceleration="-1584"/>
    <motionState vehicle="0" speed="6835" time="7170" acceleration="6470"/>
    <motionState vehicle="1" speed="2524" time="7170" acceleration="-23"/>
    <motionState vehicle="2" speed="7453" time="7170" acceleration="2156"/>
    <motionState vehicle="3" speed="2525" time="7170" acceleration="1457"/>
    <motionState vehicle="4" speed="7617" time="7170" acceleration="-1334"/>
    <motionState vehicle="5" speed="2674" time="7170" acceleration="2262"/>
    <motionState vehicle="6" speed="2899" time="7170" acceleration="2099"/>
    <motionState vehicle="7" speed="3102" time="7170" acceleration="1043"/>
    <motionState vehicle="8" speed="3193" time="7170" acceleration="-514"/>
    <motionState vehicle="9" speed="3124" time="7170" acceleration="-1886"/>
    <motionState vehicle="10" speed="2920" time="7170" acceleration="-2323"/>
    <motionState vehicle="11" speed="2681" time="7170" acceleration="-1570"/>
    <motionState vehicle="0" speed="6842" time="7180" acceleration="6428"/>
    <motionState vehicle="1" speed="2524" time="7180" acceleration="-9"/>
    <motionState vehicle="2" speed="7455" time="7180" acceleration="2120"/>
    <motionState vehicle="3" speed="2527" time="7180" acceleration="1465"/>
    <motionState vehicle="4" speed="7616" time="7180" acceleration="-1322"/>
    <motionState vehicle="5" speed="2676" time="7180" acceleration="2260"/>
    <motionState vehicle="6" speed="2901" time="7180" acceleration="2088"/>
    <motionState vehicle="7" speed="3103" time="7180" acceleration="1028"/>
    <motionState vehicle="8" speed="3192" time="7180" acceleration="-529"/>
    <motionState vehicle="9" speed="3122" time="7180" acceleration="-1891"/>
    <motionState vehicle="10" speed="2917" time="7180" acceleration="-2317"/>
    <motionState vehicle="11" speed="2679" time="7180" acceleration="-1556"/>
    <motionState vehicle="0" speed="6848" time="7190" acceleration="6386"/>
    <motionState vehicle="1" speed="2524" time="7190" acceleration="4"/>
    <motionState vehicle="2" speed="7457" time="7190" acceleration="2084"/>
    <motionState vehicle="3" speed="2528" time="7190" acceleration="1472"/>
    <motionState vehicle="4" speed="7614" time="7190" acceleration="-1309"/>
    <motionState vehicle="5" speed="2678" time="7190" acceleration="2258"/>
    <motionState vehicle="6" speed="2903" time="7190" acceleration="2078"/>
    <motionState vehicle="7" speed="3104" time="7190" acceleration="1012"/>
    <motionState vehicle="8" speed="3192" time="7190" acceleration="-543"/>
    <motionState vehicle="9" speed="3120" time="7190" acceleration="-1897"/>
    <motionState vehicle="10" speed="2915" time="7190" acceleration="-2310"/>
    <motionState vehicle="11" speed="2678" time="7190" acceleration="-1542"/>
    <motionState vehicle="0" speed="6855" time="7200" acceleration="6345"/>
    <motionState vehicle="1" speed="2524" time="7200" acceleration="17"/>
    <motionState vehicle="2" speed="7459" time="7200" acceleration="2048"/>
    <motionState vehicle="3" speed="2530" time="7200" acceleration="1480"/>
    <motionState vehicle="4" speed="7613" time="7200" acceleration="-1297"/>
    <motionState vehicle="5" speed="2680" time="7200" acceleration="2257"/>
    <motionState vehicle="6" speed="2905" time="7200" acceleration="2068"/>
    <motionState vehicle="7" speed="3105" time="7200" acceleration="997"/>
    <motionState vehicle="8" speed="3191" time="7200" acceleration="-556"/>
    <motionState vehicle="9" speed="3118" time="7200" acceleration="-1902"/>
    <motionState vehicle="10" speed="2913" time="7200" acceleration="-2304"/>
    <motionState vehicle="11" speed="2676" time="7200" acceleration="-1528"/>
    <motionState vehicle="0" speed="6861" time="7210" acceleration="6303"/>
    <motionState vehicle="1" speed="2524" time="7210" acceleration="31"/>
    <motionState vehicle="2" speed="7461" time="7210" acceleration="2013"/>
    <motionState vehicle="3" speed="2531" time="7210" acceleration="1487"/>
    <motionState vehicle="4" speed="7612" time="7210" acceleration="-1285"/>
    <motionState vehicle="5" speed="2683" time="7210" acceleration="2255"/>
    <motionState vehicle="6" speed="2907" time="7210" acceleration="2058"/>
    <motionState vehicle="7" speed="3106" time="7210" acceleration="981"/>
    <motionState vehicle="8" speed="3191" time="7210" acceleration="-570"/>
    <motionState vehicle="9" speed="3116" time="7210" acceleration="-1907"/>
    <motionState vehicle="10" speed="2910" time="7210" acceleration="-2297"/>
    <motionState vehicle="11" speed="2675" time="7210" acceleration="-1513"/>
    <motionState vehicle="0" speed="6867" time="7220" acceleration="6261"/>
    <motionState vehicle="1" speed="2524" time="7220" acceleration="45"/>
    <motionState vehicle="2" speed="7463" time="7220" acceleration="1979"/>
    <motionState vehicle="3" speed="2533" time="7220" acceleration="1494"/>
    <motionState vehicle="4" speed="7610" time="7220" acceleration="-1272"/>
    <motionState vehicle="5" speed="2685" time="7220" acceleration="2253"/>
    <motionState vehicle="6" speed="2909" time="7220" acceleration="2047"/>
    <motionState vehicle="7" speed="3107" time="7220" acceleration="966"/>
    <motionState vehicle="8" speed="3190" time="7220" acceleration="-584"/>
    <motionState vehicle="9" speed="3114" time="7220" acceleration="-1912"/>
    <motionState vehicle="10" speed="2908" time="7220" acceleration="-2291"/>
    <motionState vehicle="11" speed="2673" time="7220" acceleration="-1499"/>
    <motionState vehicle="0" speed="6873" time="7230" acceleration="6219"/>
    <motionState vehicle="1" speed="2524" time="7230" acceleration="58"/>
    <motionState vehicle="2" speed="7465" time="7230" acceleration="1944"/>
    <motionState vehicle="3" speed="2534" time="7230" acceleration="1501"/>
    <motionState vehicle="4" speed="7609" time="7230" acceleration="-1260"/>
    <motionState vehicle="5" speed="2687" time="7230" acceleration="2251"/>
    <motionState vehicle="6" speed="2911" time="7230" acceleration="2037"/>
    <motionState vehicle="7" speed="3108" time="7230" acceleration="951"/>
    <motionState vehicle="8" speed="3190" time="7230" acceleration="-598"/>
    <motionState vehicle="9" speed="3112" time="7230" acceleration="-1917"/>
    <motionState vehicle="10" speed="2906" time="7230" acceleration="-2284"/>
    <motionState vehicle="11" speed="2672" time="7230" acceleration="-1485"/>
    <motionState vehicle="0" speed="6879" time="7240" acceleration="6178"/>
    <motionState vehicle="1" speed="2524" time="7240" acceleration="72"/>
    <motionState vehicle="2" speed="7467" time="7240" acceleration="1911"/>
    <motionState vehicle="3" speed="2536" time="7240" acceleration="1508"/>
    <motionState vehicle="4" speed="7608" time="7240" acceleration="-1247"/>
    <motionState vehicle="5" speed="2689" time="7240" acceleration="2249"/>
    <motionState vehicle="6" speed="2913" time="7240" acceleration="2026"/>
    <motionState vehicle="7" speed="3109" time="7240" acceleration="935"/>
    <motionState vehicle="8" speed="3189" time="7240" acceleration="-611"/>
    <motionState vehicle="9" speed="3110" time="7240" acceleration="-1921"/>
    <motionState vehicle="10" speed="2904" time="7240" acceleration="-2277"/>
    <motionState vehicle="11" speed="2670" time="7240" acceleration="-1471"/>
    <motionState vehicle="0" speed="6886" time="7250" acceleration="6136"/>
    <motionState vehicle="1" speed="2524" time="7250" acceleration="85"/>
    <motionState vehicle="2" speed="7469" time="7250" acceleration="1877"/>
    <motionState vehicle="3" speed="2537" time="7250" acceleration="1515"/>
    <motionState vehicle="4" speed="7607" time="7250" acceleration="-1235"/>
    <motionState vehicle="5" speed="2692" time="7250" acceleration="2247"/>
    <motionState vehicle="6" speed="2915" time="7250" acceleration="2016"/>
    <motionState vehicle="7" speed="3110" time="7250" acceleration="920"/>
    <motionState vehicle="8" speed="3188" time="7250" acceleration="-625"/>
    <motionState vehicle="9" speed="3108" time="7250" acceleration="-1926"/>
    <motionState vehicle="10" speed="2901" time="7250" acceleration="-2270"/>
    <motionState vehicle="11" speed="2669" time="7250" acceleration="-1457"/>
    <motionState vehicle="0" speed="6892" time="7260" acceleration="6095"/>
    <motionState vehicle="1" speed="2524" time="7260" acceleration="99"/>
    <motionState vehicle="2" speed="7471" time="7260" acceleration="1845"/>
    <motionState vehicle="3" speed="2539" time="7260" acceleration="1522"/>
    <motionState vehicle="4" speed="7605" time="7260" acceleration="-1222"/>
    <motionState vehicle="5" speed="2694" time="7260" acceleration="2245"/>
    <motionState vehicle="6" speed="2917" time="7260" acceleration="2005"/>
    <motionState vehicle="7" speed="3111" time="7260" acceleration="905"/>
    <motionState vehicle="8" speed="3188" time="7260" acceleration="-638"/>
    <motionState vehicle="9" speed="3107" time="7260" acceleration="-1930"/>
    <motionState vehicle="10" speed="2899" time="7260" acceleration="-2263"/>
    <motionState vehicle="11" speed="2668" time="7260" acceleration="-1443"/>
    <motionState vehicle="0" speed="6898" time="7270" acceleration="6053"/>
    <motionState vehicle="1" speed="2524" time="7270" acceleration="112"/>
    <motionState vehicle="2" speed="7473" time="7270" acceleration="1812"/>
    <motionState vehicle="3" speed="2540" time="7270" acceleration="1529"/>
    <motionState vehicle="4" speed="7604" time="7270" acceleration="-1209"/>
    <motionState vehicle="5" speed="2696" time="7270" acceleration="2242"/>
    <motionState vehicle="6" speed="2919" time="7270" acceleration="1995"/>
    <motionState vehicle="7" speed="3112" time="7270" acceleration="890"/>
    <motionState vehicle="8" speed="3187" time="7270" acceleration="-651"/>
    <motionState vehicle="9" speed="3105" time="7270" acceleration="-1935"/>
    <motionState vehicle="10" speed="2897" time="7270" acceleration="-2256"/>
    <motionState vehicle="11" speed="2666" time="7270" acceleration="-1429"/>
    <motionState vehicle="0" speed="6904" time="7280" acceleration="6012"/>
    <motionState vehicle="1" speed="2524" time="7280" acceleration="125"/>
    <motionState vehicle="2" speed="7474" time="7280" acceleration="1780"/>
    <motionState vehicle="3" speed="2542" time="7280" acceleration="1536"/>
    <motionState vehicle="4" speed="7603" time="7280" acceleration="-1196"/>
    <motionState vehicle="5" speed="2698" time="7280" acceleration="2240"/>
    <motionState vehicle="6" speed="2921" time="7280" acceleration="1984"/>
    <motionState vehicle="7" speed="3113" time="7280" acceleration="874"/>
    <motionState vehicle="8" speed="3186" time="7280" acceleration="-665"/>
    <motionState vehicle="9" speed="3103" time="7280" acceleration="-1939"/>
    <motionState vehicle="10" speed="2895" time="7280" acceleration="-2249"/>
    <motionState vehicle="11" speed="2665" time="7280" acceleration="-1415"/>
    <motionState vehicle="0" speed="6910" time="7290" acceleration="5971"/>
    <motionState vehicle="1" speed="2525" time="7290" acceleration="139"/>
    <motionState vehicle="2" speed="7476" time="7290" acceleration="1749"/>
    <motionState vehicle="3" speed="2543" time="7290" acceleration="1542"/>
    <motionState vehicle="4" speed="7602" time="7290" acceleration="-1184"/>
    <motionState vehicle="5" speed="2701" time="7290" acceleration="2237"/>
    <motionState vehicle="6" speed="2923" time="7290" acceleration="1973"/>
    <motionState vehicle="7" speed="3113" time="7290" acceleration="859"/>
    <motionState vehicle="8" speed="3186" time="7290" acceleration="-678"/>
    <motionState vehicle="9" speed="3101" time="7290" acceleration="-1943"/>
    <motionState vehicle="10" speed="2892" time="7290" acceleration="-2242"/>
    <motionState vehicle="11" speed="2663" time="7290" acceleration="-1401"/>
    <motionState vehicle="0" speed="6916" time="7300" acceleration="5930"/>
    <motionState vehicle="1" speed="2525" time="7300" acceleration="152"/>
    <motionState vehicle="2" speed="7478" time="7300" acceleration="1718"/>
    <motionState vehicle="3" speed="2545" time="7300" acceleration="1549"/>
    <motionState vehicle="4" speed="7601" time="7300" acceleration="-1171"/>
    <motionState vehicle="5" speed="2703" time="7300" acceleration="2235"/>
    <motionState vehicle="6" speed="2925" time="7300" acceleration="1962"/>
    <motionState vehicle="7" speed="3114" time="7300" acceleration="844"/>
    <motionState vehicle="8" speed="3185" time="7300" acceleration="-691"/>
    <motionState vehicle="9" speed="3099" time="7300" acceleration="-1947"/>
    <motionState vehicle="10" speed="2890" time="7300" acceleration="-2235"/>
    <motionState vehicle="11" speed="2662" time="7300" acceleration="-1386"/>
    <motionState vehicle="0" speed="6922" time="7310" acceleration="5889"/>
    <motionState vehicle="1" speed="2525" time="7310" acceleration="165"/>
    <motionState vehicle="2" speed="7479" time="7310" acceleration="1687"/>
    <motionState vehicle="3" speed="2546" time="7310" acceleration="1556"/>
    <motionState vehicle="4" speed="7600" time="7310" acceleration="-1158"/>
    <motionState vehicle="5" speed="2705" time="7310" acceleration="2232"/>
    <motionState vehicle="6" speed="2927" time="7310" acceleration="1952"/>
    <motionState vehicle="7" speed="3115" time="7310" acceleration="829"/>
    <motionState vehicle="8" speed="3184" time="7310" acceleration="-704"/>
    <motionState vehicle="9" speed="3097" time="7310" acceleration="-1951"/>
    <motionState vehicle="10" speed="2888" time="7310" acceleration="-2228"/>
    <motionState vehicle="11" speed="2661" time="7310" acceleration="-1372"/>
    <motionState vehicle="0" speed="6927" time="7320" acceleration="5847"/>
    <motionState vehicle="1" speed="2525" time="7320" acceleration="178"/>
    <motionState vehicle="2" speed="7481" time="7320" acceleration="1657"/>
    <motionState vehicle="3" speed="2548" time="7320" acceleration="1562"/>
    <motionState vehicle="4" speed="7598" time="7320" acceleration="-1145"/>
    <motionState vehicle="5" speed="2707" time="7320" acceleration="2230"/>
    <motionState vehicle="6" speed="2929" time="7320" acceleration="1941"/>
    <motionState vehicle="7" speed="3116" time="7320" acceleration="813"/>
    <motionState vehicle="8" speed="3184" time="7320" acceleration="-717"/>
    <motionState vehicle="9" speed="3095" time="7320" acceleration="-1955"/>
    <motionState vehicle="10" speed="2886" time="7320" acceleration="-2220"/>
    <motionState vehicle="11" speed="2659" time="7320" acceleration="-1358"/>
    <motionState vehicle="0" speed="6933" time="7330" acceleration="5807"/>
    <motionState vehicle="1" speed="2525" time="7330" acceleration="191"/>
    <motionState vehicle="2" speed="7483" time="7330" acceleration="1627"/>
    <motionState vehicle="3" speed="2550" time="7330" acceleration="1568"/>
    <motionState vehicle="4" speed="7597" time="7330" acceleration="-1132"/>
    <motionState vehicle="5" speed="2710" time="7330" acceleration="2227"/>
    <motionState vehicle="6" speed="2931" time="7330" acceleration="1930"/>
    <motionState vehicle="7" speed="3117" time="7330" acceleration="798"/>
    <motionState vehicle="8" speed="3183" time="7330" acceleration="-730"/>
    <motionState vehicle="9" speed="3093" time="7330" acceleration="-1958"/>
    <motionState vehicle="10" speed="2883" time="7330" acceleration="-2213"/>
    <motionState vehicle="11" speed="2658" time="7330" acceleration="-1344"/>
    <motionState vehicle="0" speed="6939" time="7340" acceleration="5766"/>
    <motionState vehicle="1" speed="2526" time="7340" acceleration="204"/>
    <motionState vehicle="2" speed="7484" time="7340" acceleration="1597"/>
    <motionState vehicle="3" speed="2551" time="7340" acceleration="1575"/>
    <motionState vehicle="4" speed="7596" time="7340" acceleration="-1119"/>
    <motionState vehicle="5" speed="2712" time="7340" acceleration="2224"/>
    <motionState vehicle="6" speed="2933" time="7340" acceleration="1919"/>
    <motionState vehicle="7" speed="3118" time="7340" acceleration="783"/>
    <motionState vehicle="8" speed="3182" time="7340" acceleration="-742"/>
    <motionState vehicle="9" speed="3091" time="7340" acceleration="-1962"/>
    <motionState vehicle="10" speed="2881" time="7340" acceleration="-2205"/>
    <motionState vehicle="11" speed="2657" time="7340" acceleration="-1330"/>
    <motionState vehicle="0" speed="6945" time="7350" acceleration="5725"/>
    <motionState vehicle="1" speed="2526" time="7350" acceleration="217"/>
    <motionState vehicle="2" speed="7486" time="7350" acceleration="1568"/>
    <motionState vehicle="3" speed="2553" time="7350" acceleration="1581"/>
    <motionState vehicle="4" speed="7595" time="7350" acceleration="-1106"/>
    <motionState vehicle="5" speed="2714" time="7350" acceleration="2221"/>
    <motionState vehicle="6" speed="2935" time="7350" acceleration="1908"/>
    <motionState vehicle="7" speed="3118" time="7350" acceleration="768"/>
    <motionState vehicle="8" speed="3181" time="7350" acceleration="-755"/>
    <motionState vehicle="9" speed="3089" time="7350" acceleration="-1965"/>
    <motionState vehicle="10" speed="2879" time="7350" acceleration="-2198"/>
    <motionState vehicle="11" speed="2655" time="7350" acceleration="-1316"/>
    <motionState vehicle="0" speed="6950" time="7360" acceleration="5684"/>
    <motionState vehicle="1" speed="2526" time="7360" acceleration="230"/>
    <motionState vehicle="2" speed="7487" time="7360" acceleration="1539"/>
    <motionState vehicle="3" speed="2554" time="7360" acceleration="1587"/>
    <motionState vehicle="4" speed="7594" time="7360" acceleration="-1093"/>
    <motionState vehicle="5" speed="2716" time="7360" acceleration="2218"/>
    <motionState vehicle="6" speed="2937" time="7360" acceleration="1897"/>
    <motionState vehicle="7" speed="3119" time="7360" acceleration="753"/>
    <motionState vehicle="8" speed="3181" time="7360" acceleration="-767"/>
    <motionState vehicle="9" speed="3087" time="7360" acceleration="-1968"/>
    <motionState vehicle="10" speed="2877" time="7360" acceleration="-2190"/>
    <motionState vehicle="11" speed="2654" time="7360" acceleration="-1302"/>
    <motionState vehicle="0" speed="6956" time="7370" acceleration="5644"/>
    <motionState vehicle="1" speed="2526" time="7370" acceleration="243"/>
    <motionState vehicle="2" speed="7489" time="7370" acceleration="1511"/>
    <motionState vehicle="3" speed="2556" time="7370" acceleration="1593"/>
    <motionState vehicle="4" speed="7593" time="7370" acceleration="-1080"/>
    <motionState vehicle="5" speed="2718" time="7370" acceleration="2215"/>
    <motionState vehicle="6" speed="2939" time="7370" acceleration="1886"/>
    <motionState vehicle="7" speed="3120" time="7370" acceleration="738"/>
    <motionState vehicle="8" speed="3180" time="7370" acceleration="-780"/>
    <motionState vehicle="9" speed="3085" time="7370" acceleration="-1972"/>
    <motionState vehicle="10" speed="2875" time="7370" acceleration="-2182"/>
    <motionState vehicle="11" speed="2653" time="7370" acceleration="-1287"/>
    <motionState vehicle="0" speed="6962" time="7380" acceleration="5603"/>
    <motionState vehicle="1" speed="2526" time="7380" acceleration="256"/>
    <motionState vehicle="2" speed="7490" time="7380" acceleration="1483"/>
    <motionState vehicle="3" speed="2558" time="7380" acceleration="1599"/>
    <motionState vehicle="4" speed="7592" time="7380" acceleration="-1067"/>
    <motionState vehicle="5" speed="2721" time="7380" acceleration="2212"/>
    <motionState vehicle="6" speed="2940" time="7380" acceleration="1875"/>
    <motionState vehicle="7" speed="3121" time="7380" acceleration="723"/>
    <motionState vehicle="8" speed="3179" time="7380" acceleration="-792"/>
    <motionState vehicle="9" speed="3083" time="7380" acceleration="-1975"/>
    <motionState vehicle="10" speed="2872" time="7380" acceleration="-2175"/>
    <motionState vehicle="11" speed="2651" time="7380" acceleration="-1273"/>
    <motionState vehicle="0" speed="6967" time="7390" acceleration="5563"/>
    <motionState vehicle="1" speed="2527" time="7390" acceleration="268"/>
    <motionState vehicle="2" speed="7492" time="7390" acceleration="1456"/>
    <motionState vehicle="3" speed="2559" time="7390" acceleration="1605"/>
    <motionState vehicle="4" speed="7591" time="7390" acceleration="-1054"/>
    <motionState vehicle="5" speed="2723" time="7390" acceleration="2209"/>
    <motionState vehicle="6" speed="2942" time="7390" acceleration="1864"/>
    <motionState vehicle="7" speed="3121" time="7390" acceleration="708"/>
    <motionState vehicle="8" speed="3178" time="7390" acceleration="-804"/>
    <motionState vehicle="9" speed="3081" time="7390" acceleration="-1978"/>
    <motionState vehicle="10" speed="2870" time="7390" acceleration="-2167"/>
    <motionState vehicle="11" speed="2650" time="7390" acceleration="-1259"/>
    <motionState vehicle="0" speed="6973" time="7400" acceleration="5523"/>
    <motionState vehicle="1" speed="2527" time="7400" acceleration="281"/>
    <motionState vehicle="2" speed="7493" time="7400" acceleration="1429"/>
    <motionState vehicle="3" speed="2561" time="7400" acceleration="1611"/>
    <motionState vehicle="4" speed="7590" time="7400" acceleration="-1040"/>
    <motionState vehicle="5" speed="2725" time="7400" acceleration="2206"/>
    <motionState vehicle="6" speed="2944" time="7400" acceleration="1852"/>
    <motionState vehicle="7" speed="3122" time="7400" acceleration="693"/>
    <motionState vehicle="8" speed="3177" time="7400" acceleration="-817"/>
    <motionState vehicle="9" speed="3079" time="7400" acceleration="-1981"/>
    <motionState vehicle="10" speed="2868" time="7400" acceleration="-2159"/>
    <motionState vehicle="11" speed="2649" time="7400" acceleration="-1245"/>
    <motionState vehicle="0" speed="6978" time="7410" acceleration="5483"/>
    <motionState vehicle="1" speed="2527" time="7410" acceleration="294"/>
    <motionState vehicle="2" speed="7495" time="7410" acceleration="1402"/>
    <motionState vehicle="3" speed="2562" time="7410" acceleration="1616"/>
    <motionState vehicle="4" speed="7589" time="7410" acceleration="-1027"/>
    <motionState vehicle="5" speed="2727" time="7410" acceleration="2202"/>
    <motionState vehicle="6" speed="2946" time="7410" acceleration="1841"/>
    <motionState vehicle="7" speed="3123" time="7410" acceleration="678"/>
    <motionState vehicle="8" speed="3177" time="7410" acceleration="-829"/>
    <motionState vehicle="9" speed="3077" time="7410" acceleration="-1983"/>
    <motionState vehicle="10" speed="2866" time="7410" acceleration="-2151"/>
    <motionState vehicle="11" speed="2648" time="7410" acceleration="-1231"/>
    <motionState vehicle="0" speed="6984" time="7420" acceleration="5443"/>
    <motionState vehicle="1" speed="2528" time="7420" acceleration="306"/>
    <motionState vehicle="2" speed="7496" time="7420" acceleration="1376"/>
    <motionState vehicle="3" speed="2564" time="7420" acceleration="1622"/>
    <motionState vehicle="4" speed="7588" time="7420" acceleration="-1014"/>
    <motionState vehicle="5" speed="2729" time="7420" acceleration="2199"/>
    <motionState vehicle="6" speed="2948" time="7420" acceleration="1830"/>
    <motionState vehicle="7" speed="3123" time="7420" acceleration="663"/>
    <motionState vehicle="8" speed="3176" time="7420" acceleration="-841"/>
    <motionState vehicle="9" speed="3075" time="7420" acceleration="-1986"/>
    <motionState vehicle="10" speed="2864" time="7420" acceleration="-2143"/>
    <motionState vehicle="11" speed="2646" time="7420" acceleration="-1217"/>
    <motionState vehicle="0" speed="6989" time="7430" acceleration="5403"/>
    <motionState vehicle="1" speed="2528" time="7430" acceleration="319"/>
    <motionState vehicle="2" speed="7497" time="7430" acceleration="1350"/>
    <motionState vehicle="3" speed="2566" time="7430" acceleration="1627"/>
    <motionState vehicle="4" speed="7587" time="7430" acceleration="-1001"/>
    <motionState vehicle="5" speed="2732" time="7430" acceleration="2195"/>
    <motionState vehicle="6" speed="2950" time="7430" acceleration="1819"/>
    <motionState vehicle="7" speed="3124" time="7430" acceleration="648"/>
    <motionState vehicle="8" speed="3175" time="7430" acceleration="-853"/>
    <motionState vehicle="9" speed="3073" time="7430" acceleration="-1989"/>
    <motionState vehicle="10" speed="2862" time="7430" acceleration="-2135"/>
    <motionState vehicle="11" speed="2645" time="7430" acceleration="-1203"/>
    <motionState vehicle="0" speed="6994" time="7440" acceleration="5363"/>
    <motionState vehicle="1" speed="2528" time="7440" acceleration="331"/>
    <motionState vehicle="2" speed="7499" time="7440" acceleration="1324"/>
    <motionState vehicle="3" speed="2567" time="7440" acceleration="1633"/>
    <motionState vehicle="4" speed="7586" time="7440" acceleration="-988"/>
    <motionState vehicle="5" speed="2734" time="7440" acceleration="2192"/>
    <motionState vehicle="6" speed="2951" time="7440" acceleration="1807"/>
    <motionState vehicle="7" speed="3125" time="7440" acceleration="633"/>
    <motionState vehicle="8" speed="3174" time="7440" acceleration="-864"/>
    <motionState vehicle="9" speed="3071" time="7440" acceleration="-1991"/>
    <motionState vehicle="10" speed="2860" time="7440" acceleration="-2126"/>
    <motionState vehicle="11" speed="2644" time="7440" acceleration="-1188"/>
    <motionState vehicle="0" speed="7000" time="7450" acceleration="5324"/>
    <motionState vehicle="1" speed="2529" time="7450" acceleration="343"/>
    <motionState vehicle="2" speed="7500" time="7450" acceleration="1299"/>
    <motionState vehicle="3" speed="2569" time="7450" acceleration="1638"/>
    <motionState vehicle="4" speed="7585" time="7450" acceleration="-975"/>
    <motionState vehicle="5" speed="2736" time="7450" acceleration="2188"/>
    <motionState vehicle="6" speed="2953" time="7450" acceleration="1796"/>
    <motionState vehicle="7" speed="3125" time="7450" acceleration="618"/>
    <motionState vehicle="8" speed="3173" time="7450" acceleration="-876"/>
    <motionState vehicle="9" speed="3069" time="7450" acceleration="-1994"/>
    <motionState vehicle="10" speed="2857" time="7450" acceleration="-2118"/>
    <motionState vehicle="11" speed="2643" time="7450" acceleration="-1174"/>
    <motionState vehicle="0" speed="7005" time="7460" acceleration="5284"/>
    <motionState vehicle="1" speed="2529" time="7460" acceleration="356"/>
    <motionState vehicle="2" speed="7501" time="7460" acceleration="1274"/>
    <motionState vehicle="3" speed="2571" time="7460" acceleration="1644"/>
    <motionState vehicle="4" speed="7584" time="7460" acceleration="-962"/>
    <motionState vehicle="5" speed="2738" time="7460" acceleration="2184"/>
    <motionState vehicle="6" speed="2955" time="7460" acceleration="1785"/>
    <motionState vehicle="7" speed="3126" time="7460" acceleration="603"/>
    <motionState vehicle="8" speed="3172" time="7460" acceleration="-888"/>
    <motionState vehicle="9" speed="3067" time="7460" acceleration="-1996"/>
    <motionState vehicle="10" speed="2855" time="7460" acceleration="-2110"/>
    <motionState vehicle="11" speed="2642" time="7460" acceleration="-1160"/>
    <motionState vehicle="0" speed="7010" time="7470" acceleration="5245"/>
    <motionState vehicle="1" speed="2529" time="7470" acceleration="368"/>
    <motionState vehicle="2" speed="7503" time="7470" acceleration="1250"/>
    <motionState vehicle="3" speed="2572" time="7470" acceleration="1649"/>
    <motionState vehicle="4" speed="7583" time="7470" acceleration="-949"/>
    <motionState vehicle="5" speed="2740" time="7470" acceleration="2181"/>
    <motionState vehicle="6" speed="2957" time="7470" acceleration="1773"/>
    <motionState vehicle="7" speed="3126" time="7470" acceleration="588"/>
    <motionState vehicle="8" speed="3171" time="7470" acceleration="-899"/>
    <motionState vehicle="9" speed="3065" time="7470" acceleration="-1998"/>
    <motionState vehicle="10" speed="2853" time="7470" acceleration="-2101"/>
    <motionState vehicle="11" speed="2640" time="7470" acceleration="-1146"/>
    <motionState vehicle="0" speed="7015" time="7480" acceleration="5205"/>
    <motionState vehicle="1" speed="2530" time="7480" acceleration="380"/>
    <motionState vehicle="2" speed="7504" time="7480" acceleration="1226"/>
    <motionState vehicle="3" speed="2574" time="7480" acceleration="1654"/>
    <motionState vehicle="4" speed="7582" time="7480" acceleration="-937"/>
    <motionState vehicle="5" speed="2743" time="7480" acceleration="2177"/>
    <motionState vehicle="6" speed="2959" time="7480" acceleration="1762"/>
    <motionState vehicle="7" speed="3127" time="7480" acceleration="574"/>
    <motionState vehicle="8" speed="3170" time="7480" acceleration="-911"/>
    <motionState vehicle="9" speed="3063" time="7480" acceleration="-2000"/>
    <motionState vehicle="10" speed="2851" time="7480" acceleration="-2093"/>
    <motionState vehicle="11" speed="2639" time="7480" acceleration="-1132"/>
    <motionState vehicle="0" speed="7021" time="7490" acceleration="5166"/>
    <motionState vehicle="1" speed="2530" time="7490" acceleration="392"/>
    <motionState vehicle="2" speed="7505" time="7490" acceleration="1202"/>
    <motionState vehicle="3" speed="2575" time="7490" acceleration="1659"/>
    <motionState vehicle="4" speed="7581" time="7490" acceleration="-924"/>
    <motionState vehicle="5" speed="2745" time="7490" acceleration="2173"/>
    <motionState vehicle="6" speed="2960" time="7490" acceleration="1750"/>
    <motionState vehicle="7" speed="3128" time="7490" acceleration="559"/>
    <motionState vehicle="8" speed="3170" time="7490" acceleration="-922"/>
    <motionState vehicle="9" speed="3061" time="7490" acceleration="-2002"/>
    <motionState vehicle="10" speed="2849" time="7490" acceleration="-2084"/>
    <motionState vehicle="11" speed="2638" time="7490" acceleration="-1118"/>
    <motionState vehicle="0" speed="7026" time="7500" acceleration="5127"/>
    <motionState vehicle="1" speed="2531" time="7500" acceleration="404"/>
    <motionState vehicle="2" speed="7506" time="7500" acceleration="1179"/>
    <motionState vehicle="3" speed="2577" time="7500" acceleration="1664"/>
    <motionState vehicle="4" speed="7580" time="7500" acceleration="-911"/>
    <motionState vehicle="5" speed="2747" time="7500" acceleration="2169"/>
    <motionState vehicle="6" speed="2962" time="7500" acceleration="1739"/>
    <motionState vehicle="7" speed="3128" time="7500" acceleration="544"/>
    <motionState vehicle="8" speed="3169" time="7500" acceleration="-933"/>
    <motionState vehicle="9" speed="3059" time="7500" acceleration="-2004"/>
    <motionState vehicle="10" speed="2847" time="7500" acceleration="-2076"/>
    <motionState vehicle="11" speed="2637" time="7500" acceleration="-1104"/>
    <motionState vehicle="0" speed="7031" time="7510" acceleration="5089"/>
    <motionState vehicle="1" speed="2531" time="7510" acceleration="416"/>
    <motionState vehicle="2" speed="7507" time="7510" acceleration="1156"/>
    <motionState vehicle="3" speed="2579" time="7510" acceleration="1669"/>
    <motionState vehicle="4" speed="7579" time="7510" acceleration="-898"/>
    <motionState vehicle="5" speed="2749" time="7510" acceleration="2165"/>
    <motionState vehicle="6" speed="2964" time="7510" acceleration="1727"/>
    <motionState vehicle="7" speed="3129" time="7510" acceleration="529"/>
    <motionState vehicle="8" speed="3168" time="7510" acceleration="-945"/>
    <motionState vehicle="9" speed="3057" time="7510" acceleration="-2005"/>
    <motionState vehicle="10" speed="2845" time="7510" acceleration="-2067"/>
    <motionState vehicle="11" speed="2636" time="7510" acceleration="-1090"/>
    <motionState vehicle="0" speed="7036" time="7520" acceleration="5050"/>
    <motionState vehicle="1" speed="2531" time="7520" acceleration="428"/>
    <motionState vehicle="2" speed="7508" time="7520" acceleration="1133"/>
    <motionState vehicle="3" speed="2581" time="7520" acceleration="1674"/>
    <motionState vehicle="4" speed="7578" time="7520" acceleration="-885"/>
    <motionState vehicle="5" speed="2751" time="7520" acceleration="2161"/>
    <motionState vehicle="6" speed="2965" time="7520" acceleration="1715"/>
    <motionState vehicle="7" speed="3129" time="7520" acceleration="515"/>
    <motionState vehicle="8" speed="3167" time="7520" acceleration="-956"/>
    <motionState vehicle="9" speed="3055" time="7520" acceleration="-2007"/>
    <motionState vehicle="10" speed="2843" time="7520" acceleration="-2059"/>
    <motionState vehicle="11" speed="2635" time="7520" acceleration="-1076"/>
    <motionState vehicle="0" speed="7041" time="7530" acceleration="5011"/>
    <motionState vehicle="1" speed="2532" time="7530" acceleration="440"/>
    <motionState vehicle="2" speed="7510" time="7530" acceleration="1111"/>
    <motionState vehicle="3" speed="2582" time="7530" acceleration="1678"/>
    <motionState vehicle="4" speed="7577" time="7530" acceleration="-873"/>
    <motionState vehicle="5" speed="2753" time="7530" acceleration="2156"/>
    <motionState vehicle="6" speed="2967" time="7530" acceleration="1704"/>
    <motionState vehicle="7" speed="3130" time="7530" acceleration="500"/>
    <motionState vehicle="8" speed="3166" time="7530" acceleration="-967"/>
    <motionState vehicle="9" speed="3053" time="7530" acceleration="-2009"/>
    <motionState vehicle="10" speed="2841" time="7530" acceleration="-2050"/>
    <motionState vehicle="11" speed="2634" time="7530" acceleration="-1062"/>
    <motionState vehicle="0" speed="7046" time="7540" acceleration="4973"/>
    <motionState vehicle="1" speed="2532" time="7540" acceleration="452"/>
    <motionState vehicle="2" speed="7511" time="7540" acceleration="1089"/>
    <motionState vehicle="3" speed="2584" time="7540" acceleration="1683"/>
    <motionState vehicle="4" speed="7576" time="7540" acceleration="-860"/>
    <motionState vehicle="5" speed="2756" time="7540" acceleration="2152"/>
    <motionState vehicle="6" speed="2969" time="7540" acceleration="1692"/>
    <motionState vehicle="7" speed="3130" time="7540" acceleration="486"/>
    <motionState vehicle="8" speed="3165" time="7540" acceleration="-978"/>
    <motionState vehicle="9" speed="3051" time="7540" acceleration="-2010"/>
    <motionState vehicle="10" speed="2839" time="7540" acceleration="-2041"/>
    <motionState vehicle="11" speed="2633" time="7540" acceleration="-1048"/>
    <motionState vehicle="0" speed="7051" time="7550" acceleration="4935"/>
    <motionState vehicle="1" speed="2533" time="7550" acceleration="464"/>
    <motionState vehicle="2" speed="7512" time="7550" acceleration="1067"/>
    <motionState vehicle="3" speed="2586" time="7550" acceleration="1688"/>
    <motionState vehicle="4" speed="7576" time="7550" acceleration="-847"/>
    <motionState vehicle="5" speed="2758" time="7550" acceleration="2148"/>
    <motionState vehicle="6" speed="2971" time="7550" acceleration="1681"/>
    <motionState vehicle="7" speed="3131" time="7550" acceleration="471"/>
    <motionState vehicle="8" speed="3164" time="7550" acceleration="-988"/>
    <motionState vehicle="9" speed="3049" time="7550" acceleration="-2011"/>
    <motionState vehicle="10" speed="2837" time="7550" acceleration="-2032"/>
    <motionState vehicle="11" speed="2632" time="7550" acceleration="-1034"/>
    <motionState vehicle="0" speed="7056" time="7560" acceleration="4896"/>
    <motionState vehicle="1" speed="2533" time="7560" acceleration="476"/>
    <motionState vehicle="2" speed="7513" time="7560" acceleration="1046"/>
    <motionState vehicle="3" speed="2587" time="7560" acceleration="1692"/>
    <motionState vehicle="4" speed="7575" time="7560" acceleration="-835"/>
    <motionState vehicle="5" speed="2760" time="7560" acceleration="2143"/>
    <motionState vehicle="6" speed="2972" time="7560" acceleration="1669"/>
    <motionState vehicle="7" speed="3131" time="7560" acceleration="456"/>
    <motionState vehicle="8" speed="3163" time="7560" acceleration="-999"/>
    <motionState vehicle="9" speed="3047" time="7560" acceleration="-2012"/>
    <motionState vehicle="10" speed="2835" time="7560" acceleration="-2023"/>
    <motionState vehicle="11" speed="2631" time="7560" acceleration="-1020"/>
    <motionState vehicle="0" speed="7061" time="7570" acceleration="4859"/>
    <motionState vehicle="1" speed="2534" time="7570" acceleration="487"/>
    <motionState vehicle="2" speed="7514" time="7570" acceleration="1025"/>
    <motionState vehicle="3" speed="2589" time="7570" acceleration="1696"/>
    <motionState vehicle="4" speed="7574" time="7570" acceleration="-822"/>
    <motionState vehicle="5" speed="2762" time="7570" acceleration="2139"/>
    <motionState vehicle="6" speed="2974" time="7570" acceleration="1657"/>
    <motionState vehicle="7" speed="3131" time="7570" acceleration="442"/>
    <motionState vehicle="8" speed="3162" time="7570" acceleration="-1010"/>
    <motionState vehicle="9" speed="3045" time="7570" acceleration="-2014"/>
    <motionState vehicle="10" speed="2833" time="7570" acceleration="-2014"/>
    <motionState vehicle="11" speed="2630" time="7570" acceleration="-1006"/>
    <motionState vehicle="0" speed="7065" time="7580" acceleration="4821"/>
    <motionState vehicle="1" speed="2534" time="7580" acceleration="499"/>
    <motionState vehicle="2" speed="7515" time="7580" acceleration="1004"/>
    <motionState vehicle="3" speed="2591" time="7580" acceleration="1701"/>
    <motionState vehicle="4" speed="7573" time="7580" acceleration="-810"/>
    <motionState vehicle="5" speed="2764" time="7580" acceleration="2134"/>
    <motionState vehicle="6" speed="2975" time="7580" acceleration="1645"/>
    <motionState vehicle="7" speed="3132" time="7580" acceleration="427"/>
    <motionState vehicle="8" speed="3161" time="7580" acceleration="-1020"/>
    <motionState vehicle="9" speed="3043" time="7580" acceleration="-2015"/>
    <motionState vehicle="10" speed="2831" time="7580" acceleration="-2005"/>
    <motionState vehicle="11" speed="2629" time="7580" acceleration="-992"/>
    <motionState vehicle="0" speed="7070" time="7590" acceleration="4783"/>
    <motionState vehicle="1" speed="2535" time="7590" acceleration="510"/>
    <motionState vehicle="2" speed="7516" time="7590" acceleration="984"/>
    <motionState vehicle="3" speed="2592" time="7590" acceleration="1705"/>
    <motionState vehicle="4" speed="7572" time="7590" acceleration="-797"/>
    <motionState vehicle="5" speed="2766" time="7590" acceleration="2130"/>
    <motionState vehicle="6" speed="2977" time="7590" acceleration="1633"/>
    <motionState vehicle="7" speed="3132" time="7590" acceleration="413"/>
    <motionState vehicle="8" speed="3160" time="7590" acceleration="-1031"/>
    <motionState vehicle="9" speed="3041" time="7590" acceleration="-2015"/>
    <motionState vehicle="10" speed="2829" time="7590" acceleration="-1996"/>
    <motionState vehicle="11" speed="2628" time="7590" acceleration="-978"/>
    <motionState vehicle="0" speed="7075" time="7600" acceleration="4746"/>
    <motionState vehicle="1" speed="2535" time="7600" acceleration="522"/>
    <motionState vehicle="2" speed="7517" time="7600" acceleration="964"/>
    <motionState vehicle="3" speed="2594" time="7600" acceleration="1709"/>
    <motionState vehicle="4" speed="7572" time="7600" acceleration="-785"/>
    <motionState vehicle="5" speed="2768" time="7600" acceleration="2125"/>
    <motionState vehicle="6" speed="2979" time="7600" acceleration="1622"/>
    <motionState vehicle="7" speed="3133" time="7600" acceleration="399"/>
    <motionState vehicle="8" speed="3159" time="7600" acceleration="-1041"/>
    <motionState vehicle="9" speed="3039" time="7600" acceleration="-2016"/>
    <motionState vehicle="10" speed="2827" time="7600" acceleration="-1987"/>
    <motionState vehicle="11" speed="2627" time="7600" acceleration="-964"/>
    <motionState vehicle="0" speed="7080" time="7610" acceleration="4708"/>
    <motionState vehicle="1" speed="2536" time="7610" acceleration="533"/>
    <motionState vehicle="2" speed="7518" time="7610" acceleration="944"/>
    <motionState vehicle="3" speed="2596" time="7610" acceleration="1713"/>
    <motionState vehicle="4" speed="7571" time="7610" acceleration="-773"/>
    <motionState vehicle="5" speed="2770" time="7610" acceleration="2120"/>
    <motionState vehicle="6" speed="2980" time="7610" acceleration="1610"/>
    <motionState vehicle="7" speed="3133" time="7610" acceleration="384"/>
    <motionState vehicle="8" speed="3158" time="7610" acceleration="-1051"/>
    <motionState vehicle="9" speed="3037" time="7610" acceleration="-2017"/>
    <motionState vehicle="10" speed="2825" time="7610" acceleration="-1978"/>
    <motionState vehicle="11" speed="2626" time="7610" acceleration="-950"/>
    <motionState vehicle="0" speed="7084" time="7620" acceleration="4671"/>
    <motionState vehicle="1" speed="2536" time="7620" acceleration="544"/>
    <motionState vehicle="2" speed="7519" time="7620" acceleration="925"/>
    <motionState vehicle="3" speed="2597" time="7620" acceleration="1717"/>
    <motionState vehicle="4" speed="7570" time="7620" acceleration="-760"/>
    <motionState vehicle="5" speed="2773" time="7620" acceleration="2115"/>
    <motionState vehicle="6" speed="2982" time="7620" acceleration="1598"/>
    <motionState vehicle="7" speed="3133" time="7620" acceleration="370"/>
    <motionState vehicle="8" speed="3157" time="7620" acceleration="-1062"/>
    <motionState vehicle="9" speed="3035" time="7620" acceleration="-2017"/>
    <motionState vehicle="10" speed="2823" time="7620" acceleration="-1968"/>
    <motionState vehicle="11" speed="2625" time="7620" acceleration="-936"/>
    <motionState vehicle="0" speed="7089" time="7630" acceleration="4634"/>
    <motionState vehicle="1" speed="2537" time="7630" acceleration="556"/>
    <motionState vehicle="2" speed="7520" time="7630" acceleration="906"/>
    <motionState vehicle="3" speed="2599" time="7630" acceleration="1721"/>
    <motionState vehicle="4" speed="7569" time="7630" acceleration="-748"/>
    <motionState vehicle="5" speed="2775" time="7630" acceleration="2110"/>
    <motionState vehicle="6" speed="2984" time="7630" acceleration="1586"/>
    <motionState vehicle="7" speed="3134" time="7630" acceleration="356"/>
    <motionState vehicle="8" speed="3155" time="7630" acceleration="-1072"/>
    <motionState vehicle="9" speed="3033" time="7630" acceleration="-2018"/>
    <motionState vehicle="10" speed="2821" time="7630" acceleration="-1959"/>
    <motionState vehicle="11" speed="2624" time="7630" acceleration="-922"/>
    <motionState vehicle="0" speed="7094" time="7640" acceleration="4597"/>
    <motionState vehicle="1" speed="2537" time="7640" acceleration="567"/>
    <motionState vehicle="2" speed="7520" time="7640" acceleration="887"/>
    <motionState vehicle="3" speed="2601" time="7640" acceleration="1725"/>
    <motionState vehicle="4" speed="7569" time="7640" acceleration="-736"/>
    <motionState vehicle="5" speed="2777" time="7640" acceleration="2105"/>
    <motionState vehicle="6" speed="2985" time="7640" acceleration="1574"/>
    <motionState vehicle="7" speed="3134" time="7640" acceleration="341"/>
    <motionState vehicle="8" speed="3154" time="7640" acceleration="-1082"/>
    <motionState vehicle="9" speed="3031" time="7640" acceleration="-2018"/>
    <motionState vehicle="10" speed="2819" time="7640" acceleration="-1950"/>
    <motionState vehicle="11" speed="2623" time="7640" acceleration="-908"/>
    <motionState vehicle="0" speed="7098" time="7650" acceleration="4560"/>
    <motionState vehicle="1" speed="2538" time="7650" acceleration="578"/>
    <motionState vehicle="2" speed="7521" time="7650" acceleration="869"/>
    <motionState vehicle="3" speed="2603" time="7650" acceleration="1729"/>
    <motionState vehicle="4" speed="7568" time="7650" acceleration="-724"/>
    <motionState vehicle="5" speed="2779" time="7650" acceleration="2100"/>
    <motionState vehicle="6" speed="2987" time="7650" acceleration="1562"/>
    <motionState vehicle="7" speed="3134" time="7650" acceleration="327"/>
    <motionState vehicle="8" speed="3153" time="7650" acceleration="-1092"/>
    <motionState vehicle="9" speed="3029" time="7650" acceleration="-2019"/>
    <motionState vehicle="10" speed="2817" time="7650" acceleration="-1940"/>
    <motionState vehicle="11" speed="2622" time="7650" acceleration="-894"/>
    <motionState vehicle="0" speed="7103" time="7660" acceleration="4524"/>
    <motionState vehicle="1" speed="2539" time="7660" acceleration="589"/>
    <motionState vehicle="2" speed="7522" time="7660" acceleration="850"/>
    <motionState vehicle="3" speed="2604" time="7660" acceleration="1733"/>
    <motionState vehicle="4" speed="7567" time="7660" acceleration="-712"/>
    <motionState vehicle="5" speed="2781" time="7660" acceleration="2095"/>
    <motionState vehicle="6" speed="2988" time="7660" acceleration="1550"/>
    <motionState vehicle="7" speed="3135" time="7660" acceleration="313"/>
    <motionState vehicle="8" speed="3152" time="7660" acceleration="-1101"/>
    <motionState vehicle="9" speed="3027" time="7660" acceleration="-2019"/>
    <motionState vehicle="10" speed="2815" time="7660" acceleration="-1931"/>
    <motionState vehicle="11" speed="2621" time="7660" acceleration="-880"/>
    <motionState vehicle="0" speed="7107" time="7670" acceleration="4487"/>
    <motionState vehicle="1" speed="2539" time="7670" acceleration="600"/>
    <motionState vehicle="2" speed="7523" time="7670" acceleration="833"/>
    <motionState vehicle="3" speed="2606" time="7670" acceleration="1736"/>
    <motionState vehicle="4" speed="7566" time="7670" acceleration="-700"/>
    <motionState vehicle="5" speed="2783" time="7670" acceleration="2090"/>
    <motionState vehicle="6" speed="2990" time="7670" acceleration="1538"/>
    <motionState vehicle="7" speed="3135" time="7670" acceleration="299"/>
    <motionState vehicle="8" speed="3151" time="7670" acceleration="-1111"/>
    <motionState vehicle="9" speed="3025" time="7670" acceleration="-2019"/>
    <motionState vehicle="10" speed="2813" time="7670" acceleration="-1921"/>
    <motionState vehicle="11" speed="2620" time="7670" acceleration="-866"/>
    <motionState vehicle="0" speed="7112" time="7680" acceleration="4451"/>
    <motionState vehicle="1" speed="2540" time="7680" acceleration="611"/>
    <motionState vehicle="2" speed="7524" time="7680" acceleration="815"/>
    <motionState vehicle="3" speed="2608" time="7680" acceleration="1740"/>
    <motionState vehicle="4" speed="7566" time="7680" acceleration="-689"/>
    <motionState vehicle="5" speed="2785" time="7680" acceleration="2085"/>
    <motionState vehicle="6" speed="2991" time="7680" acceleration="1526"/>
    <motionState vehicle="7" speed="3135" time="7680" acceleration="285"/>
    <motionState vehicle="8" speed="3150" time="7680" acceleration="-1121"/>
    <motionState vehicle="9" speed="3023" time="7680" acceleration="-2019"/>
    <motionState vehicle="10" speed="2811" time="7680" acceleration="-1912"/>
    <motionState vehicle="11" speed="2620" time="7680" acceleration="-853"/>
    <motionState vehicle="0" speed="7116" time="7690" acceleration="4415"/>
    <motionState vehicle="1" speed="2540" time="7690" acceleration="622"/>
    <motionState vehicle="2" speed="7525" time="7690" acceleration="798"/>
    <motionState vehicle="3" speed="2610" time="7690" acceleration="1743"/>
    <motionState vehicle="4" speed="7565" time="7690" acceleration="-677"/>
    <motionState vehicle="5" speed="2787" time="7690" acceleration="2080"/>
    <motionState vehicle="6" speed="2993" time="7690" acceleration="1514"/>
    <motionState vehicle="7" speed="3136" time="7690" acceleration="271"/>
    <motionState vehicle="8" speed="3149" time="7690" acceleration="-1130"/>
    <motionState vehicle="9" speed="3021" time="7690" acceleration="-2019"/>
    <motionState vehicle="10" speed="2809" time="7690" acceleration="-1902"/>
    <motionState vehicle="11" speed="2619" time="7690" acceleration="-839"/>
    <motionState vehicle="0" speed="7120" time="7700" acceleration="4379"/>
    <motionState vehicle="1" speed="2541" time="7700" acceleration="633"/>
    <motionState vehicle="2" speed="7525" time="7700" acceleration="781"/>
    <motionState vehicle="3" speed="2611" time="7700" acceleration="1746"/>
    <motionState vehicle="4" speed="7564" time="7700" acceleration="-665"/>
    <motionState vehicle="5" speed="2789" time="7700" acceleration="2074"/>
    <motionState vehicle="6" speed="2994" time="7700" acceleration="1502"/>
    <motionState vehicle="7" speed="3136" time="7700" acceleration="257"/>
    <motionState vehicle="8" speed="3148" time="7700" acceleration="-1140"/>
    <motionState vehicle="9" speed="3019" time="7700" acceleration="-2019"/>
    <motionState vehicle="10" speed="2807" time="7700" acceleration="-1893"/>
    <motionState vehicle="11" speed="2618" time="7700" acceleration="-825"/>
    <motionState vehicle="0" speed="7125" time="7710" acceleration="4344"/>
    <motionState vehicle="1" speed="2542" time="7710" acceleration="644"/>
    <motionState vehicle="2" speed="7526" time="7710" acceleration="764"/>
    <motionState vehicle="3" speed="2613" time="7710" acceleration="1750"/>
    <motionState vehicle="4" speed="7564" time="7710" acceleration="-654"/>
    <motionState vehicle="5" speed="2791" time="7710" acceleration="2069"/>
    <motionState vehicle="6" speed="2996" time="7710" acceleration="1490"/>
    <motionState vehicle="7" speed="3136" time="7710" acceleration="243"/>
    <motionState vehicle="8" speed="3147" time="7710" acceleration="-1149"/>
    <motionState vehicle="9" speed="3017" time="7710" acceleration="-2018"/>
    <motionState vehicle="10" speed="2805" time="7710" acceleration="-1883"/>
    <motionState vehicle="11" speed="2617" time="7710" acceleration="-811"/>
    <motionState vehicle="0" speed="7129" time="7720" acceleration="4308"/>
    <motionState vehicle="1" speed="2542" time="7720" acceleration="654"/>
    <motionState vehicle="2" speed="7527" time="7720" acceleration="748"/>
    <motionState vehicle="3" speed="2615" time="7720" acceleration="1753"/>
    <motionState vehicle="4" speed="7563" time="7720" acceleration="-642"/>
    <motionState vehicle="5" speed="2793" time="7720" acceleration="2063"/>
    <motionState vehicle="6" speed="2997" time="7720" acceleration="1478"/>
    <motionState vehicle="7" speed="3136" time="7720" acceleration="229"/>
    <motionState vehicle="8" speed="3145" time="7720" acceleration="-1158"/>
    <motionState vehicle="9" speed="3015" time="7720" acceleration="-2018"/>
    <motionState vehicle="10" speed="2804" time="7720" acceleration="-1873"/>
    <motionState vehicle="11" speed="2616" time="7720" acceleration="-797"/>
    <motionState vehicle="0" speed="7133" time="7730" acceleration="4273"/>
    <motionState vehicle="1" speed="2543" time="7730" acceleration="665"/>
    <motionState vehicle="2" speed="7528" time="7730" acceleration="731"/>
    <motionState vehicle="3" speed="2617" time="7730" acceleration="1756"/>
    <motionState vehicle="4" speed="7562" time="7730" acceleration="-631"/>
    <motionState vehicle="5" speed="2796" time="7730" acceleration="2058"/>
    <motionState vehicle="6" speed="2999" time="7730" acceleration="1465"/>
    <motionState vehicle="7" speed="3137" time="7730" acceleration="215"/>
    <motionState vehicle="8" speed="3144" time="7730" acceleration="-1167"/>
    <motionState vehicle="9" speed="3013" time="7730" acceleration="-2018"/>
    <motionState vehicle="10" speed="2802" time="7730" acceleration="-1863"/>
    <motionState vehicle="11" speed="2616" time="7730" acceleration="-784"/>
    <motionState vehicle="0" speed="7138" time="7740" acceleration="4238"/>
    <motionState vehicle="1" speed="2544" time="7740" acceleration="676"/>
    <motionState vehicle="2" speed="7528" time="7740" acceleration="716"/>
    <motionState vehicle="3" speed="2618" time="7740" acceleration="1759"/>
    <motionState vehicle="4" speed="7562" time="7740" acceleration="-619"/>
    <motionState vehicle="5" speed="2798" time="7740" acceleration="2052"/>
    <motionState vehicle="6" speed="3000" time="7740" acceleration="1453"/>
    <motionState vehicle="7" speed="3137" time="7740" acceleration="201"/>
    <motionState vehicle="8" speed="3143" time="7740" acceleration="-1176"/>
    <motionState vehicle="9" speed="3011" time="7740" acceleration="-2017"/>
    <motionState vehicle="10" speed="2800" time="7740" acceleration="-1853"/>
    <motionState vehicle="11" speed="2615" time="7740" acceleration="-770"/>
    <motionState vehicle="0" speed="7142" time="7750" acceleration="4203"/>
    <motionState vehicle="1" speed="2544" time="7750" acceleration="686"/>
    <motionState vehicle="2" speed="7529" time="7750" acceleration="700"/>
    <motionState vehicle="3" speed="2620" time="7750" acceleration="1762"/>
    <motionState vehicle="4" speed="7561" time="7750" acceleration="-608"/>
    <motionState vehicle="5" speed="2800" time="7750" acceleration="2047"/>
    <motionState vehicle="6" speed="3002" time="7750" acceleration="1441"/>
    <motionState vehicle="7" speed="3137" time="7750" acceleration="187"/>
    <motionState vehicle="8" speed="3142" time="7750" acceleration="-1185"/>
    <motionState vehicle="9" speed="3009" time="7750" acceleration="-2016"/>
    <motionState vehicle="10" speed="2798" time="7750" acceleration="-1844"/>
    <motionState vehicle="11" speed="2614" time="7750" acceleration="-756"/>
    <motionState vehicle="0" speed="7146" time="7760" acceleration="4168"/>
    <motionState vehicle="1" speed="2545" time="7760" acceleration="696"/>
    <motionState vehicle="2" speed="7530" time="7760" acceleration="685"/>
    <motionState vehicle="3" speed="2622" time="7760" acceleration="1765"/>
    <motionState vehicle="4" speed="7561" time="7760" acceleration="-597"/>
    <motionState vehicle="5" speed="2802" time="7760" acceleration="2041"/>
    <motionState vehicle="6" speed="3003" time="7760" acceleration="1429"/>
    <motionState vehicle="7" speed="3137" time="7760" acceleration="174"/>
    <motionState vehicle="8" speed="3141" time="7760" acceleration="-1194"/>
    <motionState vehicle="9" speed="3007" time="7760" acceleration="-2016"/>
    <motionState vehicle="10" speed="2796" time="7760" acceleration="-1834"/>
    <motionState vehicle="11" speed="2613" time="7760" acceleration="-743"/>
    <motionState vehicle="0" speed="7150" time="7770" acceleration="4133"/>
    <motionState vehicle="1" speed="2546" time="7770" acceleration="707"/>
    <motionState vehicle="2" speed="7530" time="7770" acceleration="670"/>
    <motionState vehicle="3" speed="2624" time="7770" acceleration="1768"/>
    <motionState vehicle="4" speed="7560" time="7770" acceleration="-586"/>
    <motionState vehicle="5" speed="2804" time="7770" acceleration="2035"/>
    <motionState vehicle="6" speed="3004" time="7770" acceleration="1417"/>
    <motionState vehicle="7" speed="3137" time="7770" acceleration="160"/>
    <motionState vehicle="8" speed="3139" time="7770" acceleration="-1203"/>
    <motionState vehicle="9" speed="3005" time="7770" acceleration="-2015"/>
    <motionState vehicle="10" speed="2794" time="7770" acceleration="-1824"/>
    <motionState vehicle="11" speed="2613" time="7770" acceleration="-729"/>
    <motionState vehicle="0" speed="7154" time="7780" acceleration="4099"/>
    <motionState vehicle="1" speed="2546" time="7780" acceleration="717"/>
    <motionState vehicle="2" speed="7531" time="7780" acceleration="655"/>
    <motionState vehicle="3" speed="2625" time="7780" acceleration="1771"/>
    <motionState vehicle="4" speed="7559" time="7780" acceleration="-575"/>
    <motionState vehicle="5" speed="2806" time="7780" acceleration="2029"/>
    <motionState vehicle="6" speed="3006" time="7780" acceleration="1404"/>
    <motionState vehicle="7" speed="3137" time="7780" acceleration="146"/>
    <motionState vehicle="8" speed="3138" time="7780" acceleration="-1212"/>
    <motionState vehicle="9" speed="3003" time="7780" acceleration="-2014"/>
    <motionState vehicle="10" speed="2793" time="7780" acceleration="-1814"/>
    <motionState vehicle="11" speed="2612" time="7780" acceleration="-715"/>
    <motionState vehicle="0" speed="7158" time="7790" acceleration="4064"/>
    <motionState vehicle="1" speed="2547" time="7790" acceleration="727"/>
    <motionState vehicle="2" speed="7532" time="7790" acceleration="640"/>
    <motionState vehicle="3" speed="2627" time="7790" acceleration="1773"/>
    <motionState vehicle="4" speed="7559" time="7790" acceleration="-564"/>
    <motionState vehicle="5" speed="2808" time="7790" acceleration="2023"/>
    <motionState vehicle="6" speed="3007" time="7790" acceleration="1392"/>
    <motionState vehicle="7" speed="3138" time="7790" acceleration="133"/>
    <motionState vehicle="8" speed="3137" time="7790" acceleration="-1220"/>
    <motionState vehicle="9" speed="3001" time="7790" acceleration="-2013"/>
    <motionState vehicle="10" speed="2791" time="7790" acceleration="-1804"/>
    <motionState vehicle="11" speed="2611" time="7790" acceleration="-702"/>
    <motionState vehicle="0" speed="7162" time="7800" acceleration="4030"/>
    <motionState vehicle="1" speed="2548" time="7800" acceleration="738"/>
    <motionState vehicle="2" speed="7532" time="7800" acceleration="626"/>
    <motionState vehicle="3" speed="2629" time="7800" acceleration="1776"/>
    <motionState vehicle="4" speed="7558" time="7800" acceleration="-553"/>
    <motionState vehicle="5" speed="2810" time="7800" acceleration="2017"/>
    <motionState vehicle="6" speed="3009" time="7800" acceleration="1380"/>
    <motionState vehicle="7" speed="3138" time="7800" acceleration="119"/>
    <motionState vehicle="8" speed="3136" time="7800" acceleration="-1229"/>
    <motionState vehicle="9" speed="2999" time="7800" acceleration="-2012"/>
    <motionState vehicle="10" speed="2789" time="7800" acceleration="-1794"/>
    <motionState vehicle="11" speed="2610" time="7800" acceleration="-688"/>
    <motionState vehicle="0" speed="7166" time="7810" acceleration="3996"/>
    <motionState vehicle="1" speed="2549" time="7810" acceleration="748"/>
    <motionState vehicle="2" speed="7533" time="7810" acceleration="612"/>
    <motionState vehicle="3" speed="2631" time="7810" acceleration="1778"/>
    <motionState vehicle="4" speed="7558" time="7810" acceleration="-543"/>
    <motionState vehicle="5" speed="2812" time="7810" acceleration="2011"/>
    <motionState vehicle="6" speed="3010" time="7810" acceleration="1368"/>
    <motionState vehicle="7" speed="3138" time="7810" acceleration="106"/>
    <motionState vehicle="8" speed="3135" time="7810" acceleration="-1237"/>
    <motionState vehicle="9" speed="2997" time="7810" acceleration="-2010"/>
    <motionState vehicle="10" speed="2787" time="7810" acceleration="-1783"/>
    <motionState vehicle="11" speed="2610" time="7810" acceleration="-675"/>
    <motionState vehicle="0" speed="7170" time="7820" acceleration="3962"/>
    <motionState vehicle="1" speed="2549" time="7820" acceleration="758"/>
    <motionState vehicle="2" speed="7534" time="7820" acceleration="598"/>
    <motionState vehicle="3" speed="2633" time="7820" acceleration="1781"/>
    <motionState vehicle="4" speed="7557" time="7820" acceleration="-532"/>
    <motionState vehicle="5" speed="2814" time="7820" acceleration="2005"/>
    <motionState vehicle="6" speed="3011" time="7820" acceleration="1355"/>
    <motionState vehicle="7" speed="3138" time="7820" acceleration="92"/>
    <motionState vehicle="8" speed="3133" time="7820" acceleration="-1246"/>
    <motionState vehicle="9" speed="2995" time="7820" acceleration="-2009"/>
    <motionState vehicle="10" speed="2785" time="7820" acceleration="-1773"/>
    <motionState vehicle="11" speed="2609" time="7820" acceleration="-661"/>
    <motionState vehicle="0" speed="7174" time="7830" acceleration="3929"/>
    <motionState vehicle="1" speed="2550" time="7830" acceleration="768"/>
    <motionState vehicle="2" speed="7534" time="7830" acceleration="584"/>
    <motionState vehicle="3" speed="2634" time="7830" acceleration="1783"/>
    <motionState vehicle="4" speed="7557" time="7830" acceleration="-522"/>
    <motionState vehicle="5" speed="2816" time="7830" acceleration="1999"/>
    <motionState vehicle="6" speed="3013" time="7830" acceleration="1343"/>
    <motionState vehicle="7" speed="3138" time="7830" acceleration="79"/>
    <motionState vehicle="8" speed="3132" time="7830" acceleration="-1254"/>
    <motionState vehicle="9" speed="2993" time="7830" acceleration="-2008"/>
    <motionState vehicle="10" speed="2784" time="7830" acceleration="-1763"/>
    <motionState vehicle="11" speed="2608" time="7830" acceleration="-648"/>
    <motionState vehicle="0" speed="7178" time="7840" acceleration="3895"/>
    <motionState vehicle="1" speed="2551" time="7840" acceleration="778"/>
    <motionState vehicle="2" speed="7535" time="7840" acceleration="571"/>
    <motionState vehicle="3" speed="2636" time="7840" acceleration="1785"/>
    <motionState vehicle="4" speed="7556" time="7840" acceleration="-511"/>
    <motionState vehicle="5" speed="2818" time="7840" acceleration="1993"/>
    <motionState vehicle="6" speed="3014" time="7840" acceleration="1331"/>
    <motionState vehicle="7" speed="3138" time="7840" acceleration="65"/>
    <motionState vehicle="8" speed="3131" time="7840" acceleration="-1262"/>
    <motionState vehicle="9" speed="2991" time="7840" acceleration="-2006"/>
    <motionState vehicle="10" speed="2782" time="7840" acceleration="-1753"/>
    <motionState vehicle="11" speed="2608" time="7840" acceleration="-634"/>
    <motionState vehicle="0" speed="7182" time="7850" acceleration="3862"/>
    <motionState vehicle="1" speed="2552" time="7850" acceleration="787"/>
    <motionState vehicle="2" speed="7535" time="7850" acceleration="558"/>
    <motionState vehicle="3" speed="2638" time="7850" acceleration="1787"/>
    <motionState vehicle="4" speed="7556" time="7850" acceleration="-501"/>
    <motionState vehicle="5" speed="2820" time="7850" acceleration="1986"/>
    <motionState vehicle="6" speed="3015" time="7850" acceleration="1318"/>
    <motionState vehicle="7" speed="3138" time="7850" acceleration="52"/>
    <motionState vehicle="8" speed="3130" time="7850" acceleration="-1270"/>
    <motionState vehicle="9" speed="2989" time="7850" acceleration="-2005"/>
    <motionState vehicle="10" speed="2780" time="7850" acceleration="-1742"/>
    <motionState vehicle="11" speed="2607" time="7850" acceleration="-621"/>
    <motionState vehicle="0" speed="7186" time="7860" acceleration="3829"/>
    <motionState vehicle="1" speed="2553" time="7860" acceleration="797"/>
    <motionState vehicle="2" speed="7536" time="7860" acceleration="545"/>
    <motionState vehicle="3" speed="2640" time="7860" acceleration="1789"/>
    <motionState vehicle="4" speed="7555" time="7860" acceleration="-491"/>
    <motionState vehicle="5" speed="2822" time="7860" acceleration="1980"/>
    <motionState vehicle="6" speed="3017" time="7860" acceleration="1306"/>
    <motionState vehicle="7" speed="3138" time="7860" acceleration="39"/>
    <motionState vehicle="8" speed="3128" time="7860" acceleration="-1278"/>
    <motionState vehicle="9" speed="2987" time="7860" acceleration="-2003"/>
    <motionState vehicle="10" speed="2778" time="7860" acceleration="-1732"/>
    <motionState vehicle="11" speed="2607" time="7860" acceleration="-607"/>
    <motionState vehicle="0" speed="7190" time="7870" acceleration="3796"/>
    <motionState vehicle="1" speed="2553" time="7870" acceleration="807"/>
    <motionState vehicle="2" speed="7536" time="7870" acceleration="533"/>
    <motionState vehicle="3" speed="2641" time="7870" acceleration="1791"/>
    <motionState vehicle="4" speed="7555" time="7870" acceleration="-480"/>
    <motionState vehicle="5" speed="2824" time="7870" acceleration="1974"/>
    <motionState vehicle="6" speed="3018" time="7870" acceleration="1294"/>
    <motionState vehicle="7" speed="3138" time="7870" acceleration="25"/>
    <motionState vehicle="8" speed="3127" time="7870" acceleration="-1286"/>
    <motionState vehicle="9" speed="2985" time="7870" acceleration="-2001"/>
    <motionState vehicle="10" speed="2777" time="7870" acceleration="-1722"/>
    <motionState vehicle="11" speed="2606" time="7870" acceleration="-594"/>
    <motionState vehicle="0" speed="7193" time="7880" acceleration="3764"/>
    <motionState vehicle="1" speed="2554" time="7880" acceleration="816"/>
    <motionState vehicle="2" speed="7537" time="7880" acceleration="520"/>
    <motionState vehicle="3" speed="2643" time="7880" acceleration="1793"/>
    <motionState vehicle="4" speed="7554" time="7880" acceleration="-470"/>
    <motionState vehicle="5" speed="2826" time="7880" acceleration="1967"/>
    <motionState vehicle="6" speed="3019" time="7880" acceleration="1281"/>
    <motionState vehicle="7" speed="3138" time="7880" acceleration="12"/>
    <motionState vehicle="8" speed="3126" time="7880" acceleration="-1293"/>
    <motionState vehicle="9" speed="2983" time="7880" acceleration="-1999"/>
    <motionState vehicle="10" speed="2775" time="7880" acceleration="-1711"/>
    <motionState vehicle="11" speed="2605" time="7880" acceleration="-580"/>
    <motionState vehicle="0" speed="7197" time="7890" acceleration="3731"/>
    <motionState vehicle="1" speed="2555" time="7890" acceleration="826"/>
    <motionState vehicle="2" speed="7537" time="7890" acceleration="508"/>
    <motionState vehicle="3" speed="2645" time="7890" acceleration="1795"/>
    <motionState vehicle="4" speed="7554" time="7890" acceleration="-460"/>
    <motionState vehicle="5" speed="2828" time="7890" acceleration="1961"/>
    <motionState vehicle="6" speed="3021" time="7890" acceleration="1269"/>
    <motionState vehicle="7" speed="3138" time="7890" acceleration="0"/>
    <motionState vehicle="8" speed="3124" time="7890" acceleration="-1301"/>
    <motionState vehicle="9" speed="2981" time="7890" acceleration="-1997"/>
    <motionState vehicle="10" speed="2773" time="7890" acceleration="-1701"/>
    <motionState vehicle="11" speed="2605" time="7890" acceleration="-567"/>
    <motionState vehicle="0" speed="7201" time="7900" acceleration="3699"/>
    <motionState vehicle="1" speed="2556" time="7900" acceleration="836"/>
    <motionState vehicle="2" speed="7538" time="7900" acceleration="496"/>
    <motionState vehicle="3" speed="2647" time="7900" acceleration="1797"/>
    <motionState vehicle="4" speed="7553" time="7900" acceleration="-450"/>
    <motionState vehicle="5" speed="2830" time="7900" acceleration="1954"/>
    <motionState vehicle="6" speed="3022" time="7900" acceleration="1257"/>
    <motionState vehicle="7" speed="3138" time="7900" acceleration="-13"/>
    <motionState vehicle="8" speed="3123" time="7900" acceleration="-1309"/>
    <motionState vehicle="9" speed="2979" time="7900" acceleration="-1995"/>
    <motionState vehicle="10" speed="2772" time="7900" acceleration="-1690"/>
    <motionState vehicle="11" speed="2604" time="7900" acceleration="-554"/>
    <motionState vehicle="0" speed="7204" time="7910" acceleration="3667"/>
    <motionState vehicle="1" speed="2557" time="7910" acceleration="845"/>
    <motionState vehicle="2" speed="7538" time="7910" acceleration="484"/>
    <motionState vehicle="3" speed="2649" time="7910" acceleration="1799"/>
    <motionState vehicle="4" speed="7553" time="7910" acceleration="-441"/>
    <motionState vehicle="5" speed="2832" time="7910" acceleration="1947"/>
    <motionState vehicle="6" speed="3023" time="7910" acceleration="1244"/>
    <motionState vehicle="7" speed="3138" time="7910" acceleration="-26"/>
    <motionState vehicle="8" speed="3122" time="7910" acceleration="-1316"/>
    <motionState vehicle="9" speed="2977" time="7910" acceleration="-1993"/>
    <motionState vehicle="10" speed="2770" time="7910" acceleration="-1680"/>
    <motionState vehicle="11" speed="2604" time="7910" acceleration="-541"/>
    <motionState vehicle="0" speed="7208" time="7920" acceleration="3635"/>
    <motionState vehicle="1" speed="2558" time="7920" acceleration="854"/>
    <motionState vehicle="2" speed="7539" time="7920" acceleration="473"/>
    <motionState vehicle="3" speed="2650" time="7920" acceleration="1800"/>
    <motionState vehicle="4" speed="7553" time="7920" acceleration="-431"/>
    <motionState vehicle="5" speed="2833" time="7920" acceleration="1941"/>
    <motionState vehicle="6" speed="3024" time="7920" acceleration="1232"/>
    <motionState vehicle="7" speed="3138" time="7920" acceleration="-39"/>
    <motionState vehicle="8" speed="3120" time="7920" acceleration="-1323"/>
    <motionState vehicle="9" speed="2975" time="7920" acceleration="-1991"/>
    <motionState vehicle="10" speed="2768" time="7920" acceleration="-1669"/>
    <motionState vehicle="11" speed="2603" time="7920" acceleration="-527"/>
    <motionState vehicle="0" speed="7212" time="7930" acceleration="3603"/>
    <motionState vehicle="1" speed="2558" time="7930" acceleration="864"/>
    <motionState vehicle="2" speed="7539" time="7930" acceleration="462"/>
    <motionState vehicle="3" speed="2652" time="7930" acceleration="1802"/>
    <motionState vehicle="4" speed="7552" time="7930" acceleration="-421"/>
    <motionState vehicle="5" speed="2835" time="7930" acceleration="1934"/>
    <motionState vehicle="6" speed="3025" time="7930" acceleration="1219"/>
    <motionState vehicle="7" speed="3138" time="7930" acceleration="-52"/>
    <motionState vehicle="8" speed="3119" time="7930" acceleration="-1331"/>
    <motionState vehicle="9" speed="2973" time="7930" acceleration="-1989"/>
    <motionState vehicle="10" speed="2767" time="7930" acceleration="-1659"/>
    <motionState vehicle="11" speed="2603" time="7930" acceleration="-514"/>
    <motionState vehicle="0" speed="7215" time="7940" acceleration="3572"/>
    <motionState vehicle="1" speed="2559" time="7940" acceleration="873"/>
    <motionState vehicle="2" speed="7540" time="7940" acceleration="451"/>
    <motionState vehicle="3" speed="2654" time="7940" acceleration="1803"/>
    <motionState vehicle="4" speed="7552" time="7940" acceleration="-412"/>
    <motionState vehicle="5" speed="2837" time="7940" acceleration="1927"/>
    <motionState vehicle="6" speed="3027" time="7940" acceleration="1207"/>
    <motionState vehicle="7" speed="3138" time="7940" acceleration="-65"/>
    <motionState vehicle="8" speed="3118" time="7940" acceleration="-1338"/>
    <motionState vehicle="9" speed="2971" time="7940" acceleration="-1987"/>
    <motionState vehicle="10" speed="2765" time="7940" acceleration="-1648"/>
    <motionState vehicle="11" speed="2602" time="7940" acceleration="-501"/>
    <motionState vehicle="0" speed="7219" time="7950" acceleration="3540"/>
    <motionState vehicle="1" speed="2560" time="7950" acceleration="882"/>
    <motionState vehicle="2" speed="7540" time="7950" acceleration="440"/>
    <motionState vehicle="3" speed="2656" time="7950" acceleration="1805"/>
    <motionState vehicle="4" speed="7551" time="7950" acceleration="-403"/>
    <motionState vehicle="5" speed="2839" time="7950" acceleration="1920"/>
    <motionState vehicle="6" speed="3028" time="7950" acceleration="1195"/>
    <motionState vehicle="7" speed="3138" time="7950" acceleration="-78"/>
    <motionState vehicle="8" speed="3116" time="7950" acceleration="-1345"/>
    <motionState vehicle="9" speed="2969" time="7950" acceleration="-1984"/>
    <motionState vehicle="10" speed="2763" time="7950" acceleration="-1638"/>
    <motionState vehicle="11" speed="2602" time="7950" acceleration="-488"/>
    <motionState vehicle="0" speed="7222" time="7960" acceleration="3509"/>
    <motionState vehicle="1" speed="2561" time="7960" acceleration="891"/>
    <motionState vehicle="2" speed="7541" time="7960" acceleration="429"/>
    <motionState vehicle="3" speed="2658" time="7960" acceleration="1806"/>
    <motionState vehicle="4" speed="7551" time="7960" acceleration="-393"/>
    <motionState vehicle="5" speed="2841" time="7960" acceleration="1913"/>
    <motionState vehicle="6" speed="3029" time="7960" acceleration="1182"/>
    <motionState vehicle="7" speed="3138" time="7960" acceleration="-90"/>
    <motionState vehicle="8" speed="3115" time="7960" acceleration="-1352"/>
    <motionState vehicle="9" speed="2967" time="7960" acceleration="-1982"/>
    <motionState vehicle="10" speed="2762" time="7960" acceleration="-1627"/>
    <motionState vehicle="11" speed="2601" time="7960" acceleration="-475"/>
    <motionState vehicle="0" speed="7226" time="7970" acceleration="3478"/>
    <motionState vehicle="1" speed="2562" time="7970" acceleration="900"/>
    <motionState vehicle="2" speed="7541" time="7970" acceleration="419"/>
    <motionState vehicle="3" speed="2659" time="7970" acceleration="1807"/>
    <motionState vehicle="4" speed="7551" time="7970" acceleration="-384"/>
    <motionState vehicle="5" speed="2843" time="7970" acceleration="1906"/>
    <motionState vehicle="6" speed="3030" time="7970" acceleration="1170"/>
    <motionState vehicle="7" speed="3138" time="7970" acceleration="-103"/>
    <motionState vehicle="8" speed="3114" time="7970" acceleration="-1359"/>
    <motionState vehicle="9" speed="2965" time="7970" acceleration="-1979"/>
    <motionState vehicle="10" speed="2760" time="7970" acceleration="-1616"/>
    <motionState vehicle="11" speed="2601" time="7970" acceleration="-462"/>
    <motionState vehicle="0" speed="7229" time="7980" acceleration="3448"/>
    <motionState vehicle="1" speed="2563" time="7980" acceleration="909"/>
    <motionState vehicle="2" speed="7541" time="7980" acceleration="408"/>
    <motionState vehicle="3" speed="2661" time="7980" acceleration="1808"/>
    <motionState vehicle="4" speed="7550" time="7980" acceleration="-375"/>
    <motionState vehicle="5" speed="2845" time="7980" acceleration="1899"/>
    <motionState vehicle="6" speed="3031" time="7980" acceleration="1157"/>
    <motionState vehicle="7" speed="3138" time="7980" acceleration="-116"/>
    <motionState vehicle="8" speed="3112" time="7980" acceleration="-1366"/>
    <motionState vehicle="9" speed="2963" time="7980" acceleration="-1976"/>
    <motionState vehicle="10" speed="2758" time="7980" acceleration="-1606"/>
    <motionState vehicle="11" speed="2600" time="7980" acceleration="-448"/>
    <motionState vehicle="0" speed="7233" time="7990" acceleration="3417"/>
    <motionState vehicle="1" speed="2564" time="7990" acceleration="918"/>
    <motionState vehicle="2" speed="7542" time="7990" acceleration="398"/>
    <motionState vehicle="3" speed="2663" time="7990" acceleration="1810"/>
    <motionState vehicle="4" speed="7550" time="7990" acceleration="-366"/>
    <motionState vehicle="5" speed="2847" time="7990" acceleration="1892"/>
    <motionState vehicle="6" speed="3033" time="7990" acceleration="1145"/>
    <motionState vehicle="7" speed="3137" time="7990" acceleration="-128"/>
    <motionState vehicle="8" speed="3111" time="7990" acceleration="-1372"/>
    <motionState vehicle="9" speed="2961" time="7990" acceleration="-1973"/>
    <motionState vehicle="10" speed="2757" time="7990" acceleration="-1595"/>
    <motionState vehicle="11" speed="2600" time="7990" acceleration="-435"/>
    <motionState vehicle="0" speed="7236" time="8000" acceleration="3387"/>
    <motionState vehicle="1" speed="2565" time="8000" acceleration="927"/>
    <motionState vehicle="2" speed="7542" time="8000" acceleration="388"/>
    <motionState vehicle="3" speed="2665" time="8000" acceleration="1811"/>
    <motionState vehicle="4" speed="7549" time="8000" acceleration="-357"/>
    <motionState vehicle="5" speed="2849" time="8000" acceleration="1885"/>
    <motionState vehicle="6" speed="3034" time="8000" acceleration="1132"/>
    <motionState vehicle="7" speed="3137" time="8000" acceleration="-141"/>
    <motionState vehicle="8" speed="3110" time="8000" acceleration="-1379"/>
    <motionState vehicle="9" speed="2959" time="8000" acceleration="-1971"/>
    <motionState vehicle="10" speed="2755" time="8000" acceleration="-1584"/>
    <motionState vehicle="11" speed="2599" time="8000" acceleration="-422"/>
    <motionState vehicle="0" speed="7239" time="8010" acceleration="3356"/>
    <motionState vehicle="1" speed="2566" time="8010" acceleration="935"/>
    <motionState vehicle="2" speed="7543" time="8010" acceleration="379"/>
    <motionState vehicle="3" speed="2667" time="8010" acceleration="1812"/>
    <motionState vehicle="4" speed="7549" time="8010" acceleration="-348"/>
    <motionState vehicle="5" speed="2851" time="8010" acceleration="1878"/>
    <motionState vehicle="6" speed="3035" time="8010" acceleration="1120"/>
    <motionState vehicle="7" speed="3137" time="8010" acceleration="-153"/>
    <motionState vehicle="8" speed="3108" time="8010" acceleration="-1386"/>
    <motionState vehicle="9" speed="2957" time="8010" acceleration="-1968"/>
    <motionState vehicle="10" speed="2754" time="8010" acceleration="-1573"/>
    <motionState vehicle="11" speed="2599" time="8010" acceleration="-409"/>
    <motionState vehicle="0" speed="7243" time="8020" acceleration="3326"/>
    <motionState vehicle="1" speed="2567" time="8020" acceleration="944"/>
    <motionState vehicle="2" speed="7543" time="8020" acceleration="369"/>
    <motionState vehicle="3" speed="2669" time="8020" acceleration="1812"/>
    <motionState vehicle="4" speed="7549" time="8020" acceleration="-340"/>
    <motionState vehicle="5" speed="2853" time="8020" acceleration="1871"/>
    <motionState vehicle="6" speed="3036" time="8020" acceleration="1107"/>
    <motionState vehicle="7" speed="3137" time="8020" acceleration="-166"/>
    <motionState vehicle="8" speed="3107" time="8020" acceleration="-1392"/>
    <motionState vehicle="9" speed="2955" time="8020" acceleration="-1965"/>
    <motionState vehicle="10" speed="2752" time="8020" acceleration="-1562"/>
    <motionState vehicle="11" speed="2599" time="8020" acceleration="-397"/>
    <motionState vehicle="0" speed="7246" time="8030" acceleration="3297"/>
    <motionState vehicle="1" speed="2568" time="8030" acceleration="953"/>
    <motionState vehicle="2" speed="7543" time="8030" acceleration="360"/>
    <motionState vehicle="3" speed="2670" time="8030" acceleration="1813"/>
    <motionState vehicle="4" speed="7548" time="8030" acceleration="-331"/>
    <motionState vehicle="5" speed="2854" time="8030" acceleration="1864"/>
    <motionState vehicle="6" speed="3037" time="8030" acceleration="1095"/>
    <motionState vehicle="7" speed="3137" time="8030" acceleration="-178"/>
    <motionState vehicle="8" speed="3105" time="8030" acceleration="-1398"/>
    <motionState vehicle="9" speed="2953" time="8030" acceleration="-1962"/>
    <motionState vehicle="10" speed="2751" time="8030" acceleration="-1551"/>
    <motionState vehicle="11" speed="2598" time="8030" acceleration="-384"/>
    <motionState vehicle="0" speed="7249" time="8040" acceleration="3267"/>
    <motionState vehicle="1" speed="2569" time="8040" acceleration="961"/>
    <motionState vehicle="2" speed="7544" time="8040" acceleration="351"/>
    <motionState vehicle="3" speed="2672" time="8040" acceleration="1814"/>
    <motionState vehicle="4" speed="7548" time="8040" acceleration="-322"/>
    <motionState vehicle="5" speed="2856" time="8040" acceleration="1856"/>
    <motionState vehicle="6" speed="3038" time="8040" acceleration="1083"/>
    <motionState vehicle="7" speed="3137" time="8040" acceleration="-190"/>
    <motionState vehicle="8" speed="3104" time="8040" acceleration="-1405"/>
    <motionState vehicle="9" speed="2951" time="8040" acceleration="-1958"/>
    <motionState vehicle="10" speed="2749" time="8040" acceleration="-1541"/>
    <motionState vehicle="11" speed="2598" time="8040" acceleration="-371"/>
    <motionState vehicle="0" speed="7252" time="8050" acceleration="3237"/>
    <motionState vehicle="1" speed="2569" time="8050" acceleration="969"/>
    <motionState vehicle="2" speed="7544" time="8050" acceleration="342"/>
    <motionState vehicle="3" speed="2674" time="8050" acceleration="1814"/>
    <motionState vehicle="4" speed="7548" time="8050" acceleration="-314"/>
    <motionState vehicle="5" speed="2858" time="8050" acceleration="1849"/>
    <motionState vehicle="6" speed="3039" time="8050" acceleration="1070"/>
    <motionState vehicle="7" speed="3136" time="8050" acceleration="-203"/>
    <motionState vehicle="8" speed="3103" time="8050" acceleration="-1411"/>
    <motionState vehicle="9" speed="2949" time="8050" acceleration="-1955"/>
    <motionState vehicle="10" speed="2747" time="8050" acceleration="-1530"/>
    <motionState vehicle="11" speed="2598" time="8050" acceleration="-358"/>
    <motionState vehicle="0" speed="7256" time="8060" acceleration="3208"/>
    <motionState vehicle="1" speed="2570" time="8060" acceleration="978"/>
    <motionState vehicle="2" speed="7544" time="8060" acceleration="333"/>
    <motionState vehicle="3" speed="2676" time="8060" acceleration="1815"/>
    <motionState vehicle="4" speed="7547" time="8060" acceleration="-306"/>
    <motionState vehicle="5" speed="2860" time="8060" acceleration="1841"/>
    <motionState vehicle="6" speed="3040" time="8060" acceleration="1058"/>
    <motionState vehicle="7" speed="3136" time="8060" acceleration="-215"/>
    <motionState vehicle="8" speed="3101" time="8060" acceleration="-1417"/>
    <motionState vehicle="9" speed="2947" time="8060" acceleration="-1952"/>
    <motionState vehicle="10" speed="2746" time="8060" acceleration="-1519"/>
    <motionState vehicle="11" speed="2597" time="8060" acceleration="-345"/>
    <motionState vehicle="0" speed="7259" time="8070" acceleration="3179"/>
    <motionState vehicle="1" speed="2571" time="8070" acceleration="986"/>
    <motionState vehicle="2" speed="7545" time="8070" acceleration="325"/>
    <motionState vehicle="3" speed="2678" time="8070" acceleration="1816"/>
    <motionState vehicle="4" speed="7547" time="8070" acceleration="-298"/>
    <motionState vehicle="5" speed="2862" time="8070" acceleration="1834"/>
    <motionState vehicle="6" speed="3041" time="8070" acceleration="1045"/>
    <motionState vehicle="7" speed="3136" time="8070" acceleration="-227"/>
    <motionState vehicle="8" speed="3100" time="8070" acceleration="-1423"/>
    <motionState vehicle="9" speed="2945" time="8070" acceleration="-1948"/>
    <motionState vehicle="10" speed="2744" time="8070" acceleration="-1508"/>
    <motionState vehicle="11" speed="2597" time="8070" acceleration="-332"/>
    <motionState vehicle="0" speed="7262" time="8080" acceleration="3150"/>
    <motionState vehicle="1" speed="2572" time="8080" acceleration="994"/>
    <motionState vehicle="2" speed="7545" time="8080" acceleration="316"/>
    <motionState vehicle="3" speed="2679" time="8080" acceleration="1816"/>
    <motionState vehicle="4" speed="7547" time="8080" acceleration="-289"/>
    <motionState vehicle="5" speed="2864" time="8080" acceleration="1826"/>
    <motionState vehicle="6" speed="3042" time="8080" acceleration="1033"/>
    <motionState vehicle="7" speed="3136" time="8080" acceleration="-239"/>
    <motionState vehicle="8" speed="3098" time="8080" acceleration="-1429"/>
    <motionState vehicle="9" speed="2943" time="8080" acceleration="-1945"/>
    <motionState vehicle="10" speed="2743" time="8080" acceleration="-1497"/>
    <motionState vehicle="11" speed="2597" time="8080" acceleration="-320"/>
    <motionState vehicle="0" speed="7265" time="8090" acceleration="3122"/>
    <motionState vehicle="1" speed="2573" time="8090" acceleration="1003"/>
    <motionState vehicle="2" speed="7545" time="8090" acceleration="308"/>
    <motionState vehicle="3" speed="2681" time="8090" acceleration="1816"/>
    <motionState vehicle="4" speed="7547" time="8090" acceleration="-281"/>
    <motionState vehicle="5" speed="2865" time="8090" acceleration="1819"/>
    <motionState vehicle="6" speed="3043" time="8090" acceleration="1020"/>
    <motionState vehicle="7" speed="3135" time="8090" acceleration="-251"/>
    <motionState vehicle="8" speed="3097" time="8090" acceleration="-1435"/>
    <motionState vehicle="9" speed="2941" time="8090" acceleration="-1941"/>
    <motionState vehicle="10" speed="2741" time="8090" acceleration="-1486"/>
    <motionState vehicle="11" speed="2596" time="8090" acceleration="-307"/>
    <motionState vehicle="0" speed="7268" time="8100" acceleration="3093"/>
    <motionState vehicle="1" speed="2574" time="8100" acceleration="1011"/>
    <motionState vehicle="2" speed="7546" time="8100" acceleration="300"/>
    <motionState vehicle="3" speed="2683" time="8100" acceleration="1816"/>
    <motionState vehicle="4" speed="7546" time="8100" acceleration="-273"/>
    <motionState vehicle="5" speed="2867" time="8100" acceleration="1811"/>
    <motionState vehicle="6" speed="3044" time="8100" acceleration="1008"/>
    <motionState vehicle="7" speed="3135" time="8100" acceleration="-263"/>
    <motionState vehicle="8" speed="3095" time="8100" acceleration="-1440"/>
    <motionState vehicle="9" speed="2939" time="8100" acceleration="-1938"/>
    <motionState vehicle="10" speed="2740" time="8100" acceleration="-1475"/>
    <motionState vehicle="11" speed="2596" time="8100" acceleration="-294"/>
    <motionState vehicle="0" speed="7271" time="8110" acceleration="3065"/>
    <motionState vehicle="1" speed="2575" time="8110" acceleration="1019"/>
    <motionState vehicle="2" speed="7546" time="8110" acceleration="292"/>
    <motionState vehicle="3" speed="2685" time="8110" acceleration="1817"/>
    <motionState vehicle="4" speed="7546" time="8110" acceleration="-266"/>
    <motionState vehicle="5" speed="2869" time="8110" acceleration="1804"/>
    <motionState vehicle="6" speed="3045" time="8110" acceleration="995"/>
    <motionState vehicle="7" speed="3135" time="8110" acceleration="-275"/>
    <motionState vehicle="8" speed="3094" time="8110" acceleration="-1446"/>
    <motionState vehicle="9" speed="2937" time="8110" acceleration="-1934"/>
    <motionState vehicle="10" speed="2739" time="8110" acceleration="-1464"/>
    <motionState vehicle="11" speed="2596" time="8110" acceleration="-282"/>
    <motionState vehicle="0" speed="7274" time="8120" acceleration="3037"/>
    <motionState vehicle="1" speed="2577" time="8120" acceleration="1027"/>
    <motionState vehicle="2" speed="7546" time="8120" acceleration="284"/>
    <motionState vehicle="3" speed="2687" time="8120" acceleration="1817"/>
    <motionState vehicle="4" speed="7546" time="8120" acceleration="-258"/>
    <motionState vehicle="5" speed="2871" time="8120" acceleration="1796"/>
    <motionState vehicle="6" speed="3046" time="8120" acceleration="983"/>
    <motionState vehicle="7" speed="3135" time="8120" acceleration="-287"/>
    <motionState vehicle="8" speed="3092" time="8120" acceleration="-1451"/>
    <motionState vehicle="9" speed="2935" time="8120" acceleration="-1930"/>
    <motionState vehicle="10" speed="2737" time="8120" acceleration="-1453"/>
    <motionState vehicle="11" speed="2595" time="8120" acceleration="-269"/>
    <motionState vehicle="0" speed="7277" time="8130" acceleration="3009"/>
    <motionState vehicle="1" speed="2578" time="8130" acceleration="1034"/>
    <motionState vehicle="2" speed="7546" time="8130" acceleration="277"/>
    <motionState vehicle="3" speed="2689" time="8130" acceleration="1817"/>
    <motionState vehicle="4" speed="7546" time="8130" acceleration="-250"/>
    <motionState vehicle="5" speed="2873" time="8130" acceleration="1788"/>
    <motionState vehicle="6" speed="3047" time="8130" acceleration="970"/>
    <motionState vehicle="7" speed="3134" time="8130" acceleration="-299"/>
    <motionState vehicle="8" speed="3091" time="8130" acceleration="-1457"/>
    <motionState vehicle="9" speed="2933" time="8130" acceleration="-1926"/>
    <motionState vehicle="10" speed="2736" time="8130" acceleration="-1442"/>
    <motionState vehicle="11" speed="2595" time="8130" acceleration="-257"/>
    <motionState vehicle="0" speed="7280" time="8140" acceleration="2981"/>
    <motionState vehicle="1" speed="2579" time="8140" acceleration="1042"/>
    <motionState vehicle="2" speed="7547" time="8140" acceleration="269"/>
    <motionState vehicle="3" speed="2690" time="8140" acceleration="1817"/>
    <motionState vehicle="4" speed="7545" time="8140" acceleration="-243"/>
    <motionState vehicle="5" speed="2874" time="8140" acceleration="1780"/>
    <motionState vehicle="6" speed="3048" time="8140" acceleration="958"/>
    <motionState vehicle="7" speed="3134" time="8140" acceleration="-311"/>
    <motionState vehicle="8" speed="3090" time="8140" acceleration="-1462"/>
    <motionState vehicle="9" speed="2932" time="8140" acceleration="-1922"/>
    <motionState vehicle="10" speed="2734" time="8140" acceleration="-1430"/>
    <motionState vehicle="11" speed="2595" time="8140" acceleration="-244"/>
    <motionState vehicle="0" speed="7283" time="8150" acceleration="2954"/>
    <motionState vehicle="1" speed="2580" time="8150" acceleration="1050"/>
    <motionState vehicle="2" speed="7547" time="8150" acceleration="262"/>
    <motionState vehicle="3" speed="2692" time="8150" acceleration="1817"/>
    <motionState vehicle="4" speed="7545" time="8150" acceleration="-235"/>
    <motionState vehicle="5" speed="2876" time="8150" acceleration="1772"/>
    <motionState vehicle="6" speed="3049" time="8150" acceleration="945"/>
    <motionState vehicle="7" speed="3134" time="8150" acceleration="-322"/>
    <motionState vehicle="8" speed="3088" time="8150" acceleration="-1467"/>
    <motionState vehicle="9" speed="2930" time="8150" acceleration="-1918"/>
    <motionState vehicle="10" speed="2733" time="8150" acceleration="-1419"/>
    <motionState vehicle="11" speed="2595" time="8150" acceleration="-232"/>
    <motionState vehicle="0" speed="7286" time="8160" acceleration="2926"/>
    <motionState vehicle="1" speed="2581" time="8160" acceleration="1058"/>
    <motionState vehicle="2" speed="7547" time="8160" acceleration="255"/>
    <motionState vehicle="3" speed="2694" time="8160" acceleration="1816"/>
    <motionState vehicle="4" speed="7545" time="8160" acceleration="-228"/>
    <motionState vehicle="5" speed="2878" time="8160" acceleration="1764"/>
    <motionState vehicle="6" speed="3050" time="8160" acceleration="933"/>
    <motionState vehicle="7" speed="3133" time="8160" acceleration="-334"/>
    <motionState vehicle="8" speed="3087" time="8160" acceleration="-1473"/>
    <motionState vehicle="9" speed="2928" time="8160" acceleration="-1914"/>
    <motionState vehicle="10" speed="2731" time="8160" acceleration="-1408"/>
    <motionState vehicle="11" speed="2594" time="8160" acceleration="-219"/>
    <motionState vehicle="0" speed="7289" time="8170" acceleration="2899"/>
    <motionState vehicle="1" speed="2582" time="8170" acceleration="1065"/>
    <motionState vehicle="2" speed="7547" time="8170" acceleration="248"/>
    <motionState vehicle="3" speed="2696" time="8170" acceleration="1816"/>
    <motionState vehicle="4" speed="7545" time="8170" acceleration="-221"/>
    <motionState vehicle="5" speed="2880" time="8170" acceleration="1757"/>
    <motionState vehicle="6" speed="3051" time="8170" acceleration="921"/>
    <motionState vehicle="7" speed="3133" time="8170" acceleration="-345"/>
    <motionState vehicle="8" speed="3085" time="8170" acceleration="-1478"/>
    <motionState vehicle="9" speed="2926" time="8170" acceleration="-1910"/>
    <motionState vehicle="10" speed="2730" time="8170" acceleration="-1397"/>
    <motionState vehicle="11" speed="2594" time="8170" acceleration="-207"/>
    <motionState vehicle="0" speed="7292" time="8180" acceleration="2872"/>
    <motionState vehicle="1" speed="2583" time="8180" acceleration="1073"/>
    <motionState vehicle="2" speed="7548" time="8180" acceleration="241"/>
    <motionState vehicle="3" speed="2698" time="8180" acceleration="1816"/>
    <motionState vehicle="4" speed="7544" time="8180" acceleration="-214"/>
    <motionState vehicle="5" speed="2881" time="8180" acceleration="1749"/>
    <motionState vehicle="6" speed="3052" time="8180" acceleration="908"/>
    <motionState vehicle="7" speed="3133" time="8180" acceleration="-357"/>
    <motionState vehicle="8" speed="3084" time="8180" acceleration="-1483"/>
    <motionState vehicle="9" speed="2924" time="8180" acceleration="-1906"/>
    <motionState vehicle="10" speed="2729" time="8180" acceleration="-1386"/>
    <motionState vehicle="11" speed="2594" time="8180" acceleration="-195"/>
    <motionState vehicle="0" speed="7295" time="8190" acceleration="2845"/>
    <motionState vehicle="1" speed="2584" time="8190" acceleration="1080"/>
    <motionState vehicle="2" speed="7548" time="8190" acceleration="235"/>
    <motionState vehicle="3" speed="2699" time="8190" acceleration="1815"/>
    <motionState vehicle="4" speed="7544" time="8190" acceleration="-206"/>
    <motionState vehicle="5" speed="2883" time="8190" acceleration="1740"/>
    <motionState vehicle="6" speed="3053" time="8190" acceleration="896"/>
    <motionState vehicle="7" speed="3132" time="8190" acceleration="-368"/>
    <motionState vehicle="8" speed="3082" time="8190" acceleration="-1488"/>
    <motionState vehicle="9" speed="2922" time="8190" acceleration="-1902"/>
    <motionState vehicle="10" speed="2727" time="8190" acceleration="-1375"/>
    <motionState vehicle="11" speed="2594" time="8190" acceleration="-182"/>
    <motionState vehicle="0" speed="7298" time="8200" acceleration="2819"/>
    <motionState vehicle="1" speed="2585" time="8200" acceleration="1088"/>
    <motionState vehicle="2" speed="7548" time="8200" acceleration="228"/>
    <motionState vehicle="3" speed="2701" time="8200" acceleration="1815"/>
    <motionState vehicle="4" speed="7544" time="8200" acceleration="-200"/>
    <motionState vehicle="5" speed="2885" time="8200" acceleration="1732"/>
    <motionState vehicle="6" speed="3054" time="8200" acceleration="883"/>
    <motionState vehicle="7" speed="3132" time="8200" acceleration="-380"/>
    <motionState vehicle="8" speed="3081" time="8200" acceleration="-1492"/>
    <motionState vehicle="9" speed="2920" time="8200" acceleration="-1897"/>
    <motionState vehicle="10" speed="2726" time="8200" acceleration="-1363"/>
    <motionState vehicle="11" speed="2594" time="8200" acceleration="-170"/>
    <motionState vehicle="0" speed="7300" time="8210" acceleration="2792"/>
    <motionState vehicle="1" speed="2586" time="8210" acceleration="1095"/>
    <motionState vehicle="2" speed="7548" time="8210" acceleration="222"/>
    <motionState vehicle="3" speed="2703" time="8210" acceleration="1814"/>
    <motionState vehicle="4" speed="7544" time="8210" acceleration="-193"/>
    <motionState vehicle="5" speed="2887" time="8210" acceleration="1724"/>
    <motionState vehicle="6" speed="3055" time="8210" acceleration="871"/>
    <motionState vehicle="7" speed="3132" time="8210" acceleration="-391"/>
    <motionState vehicle="8" speed="3079" time="8210" acceleration="-1497"/>
    <motionState vehicle="9" speed="2918" time="8210" acceleration="-1893"/>
    <motionState vehicle="10" speed="2725" time="8210" acceleration="-1352"/>
    <motionState vehicle="11" speed="2594" time="8210" acceleration="-158"/>
    <motionState vehicle="0" speed="7303" time="8220" acceleration="2766"/>
    <motionState vehicle="1" speed="2587" time="8220" acceleration="1102"/>
    <motionState vehicle="2" speed="7549" time="8220" acceleration="216"/>
    <motionState vehicle="3" speed="2705" time="8220" acceleration="1814"/>
    <motionState vehicle="4" speed="7544" time="8220" acceleration="-186"/>
    <motionState vehicle="5" speed="2888" time="8220" acceleration="1716"/>
    <motionState vehicle="6" speed="3055" time="8220" acceleration="859"/>
    <motionState vehicle="7" speed="3131" time="8220" acceleration="-402"/>
    <motionState vehicle="8" speed="3078" time="8220" acceleration="-1502"/>
    <motionState vehicle="9" speed="2916" time="8220" acceleration="-1888"/>
    <motionState vehicle="10" speed="2723" time="8220" acceleration="-1341"/>
    <motionState vehicle="11" speed="2593" time="8220" acceleration="-146"/>
    <motionState vehicle="0" speed="7306" time="8230" acceleration="2740"/>
    <motionState vehicle="1" speed="2588" time="8230" acceleration="1109"/>
    <motionState vehicle="2" speed="7549" time="8230" acceleration="210"/>
    <motionState vehicle="3" speed="2707" time="8230" acceleration="1813"/>
    <motionState vehicle="4" speed="7543" time="8230" acceleration="-179"/>
    <motionState vehicle="5" speed="2890" time="8230" acceleration="1708"/>
    <motionState vehicle="6" speed="3056" time="8230" acceleration="846"/>
    <motionState vehicle="7" speed="3131" time="8230" acceleration="-413"/>
    <motionState vehicle="8" speed="3076" time="8230" acceleration="-1506"/>
    <motionState vehicle="9" speed="2914" time="8230" acceleration="-1884"/>
    <motionState vehicle="10" speed="2722" time="8230" acceleration="-1330"/>
    <motionState vehicle="11" speed="2593" time="8230" acceleration="-134"/>
    <motionState vehicle="0" speed="7309" time="8240" acceleration="2714"/>
    <motionState vehicle="1" speed="2589" time="8240" acceleration="1116"/>
    <motionState vehicle="2" speed="7549" time="8240" acceleration="204"/>
    <motionState vehicle="3" speed="2708" time="8240" acceleration="1812"/>
    <motionState vehicle="4" speed="7543" time="8240" acceleration="-173"/>
    <motionState vehicle="5" speed="2892" time="8240" acceleration="1700"/>
    <motionState vehicle="6" speed="3057" time="8240" acceleration="834"/>
    <motionState vehicle="7" speed="3130" time="8240" acceleration="-425"/>
    <motionState vehicle="8" speed="3075" time="8240" acceleration="-1511"/>
    <motionState vehicle="9" speed="2913" time="8240" acceleration="-1879"/>
    <motionState vehicle="10" speed="2721" time="8240" acceleration="-1318"/>
    <motionState vehicle="11" speed="2593" time="8240" acceleration="-122"/>
    <motionState vehicle="0" speed="7311" time="8250" acceleration="2689"/>
    <motionState vehicle="1" speed="2591" time="8250" acceleration="1123"/>
    <motionState vehicle="2" speed="7549" time="8250" acceleration="198"/>
    <motionState vehicle="3" speed="2710" time="8250" acceleration="1811"/>
    <motionState vehicle="4" speed="7543" time="8250" acceleration="-166"/>
    <motionState vehicle="5" speed="2893" time="8250" acceleration="1691"/>
    <motionState vehicle="6" speed="3058" time="8250" acceleration="821"/>
    <motionState vehicle="7" speed="3130" time="8250" acceleration="-436"/>
    <motionState vehicle="8" speed="3073" time="8250" acceleration="-1515"/>
    <motionState vehicle="9" speed="2911" time="8250" acceleration="-1874"/>
    <motionState vehicle="10" speed="2719" time="8250" acceleration="-1307"/>
    <motionState vehicle="11" speed="2593" time="8250" acceleration="-110"/>
    <motionState vehicle="0" speed="7314" time="8260" acceleration="2663"/>
    <motionState vehicle="1" speed="2592" time="8260" acceleration="1130"/>
    <motionState vehicle="2" speed="7549" time="8260" acceleration="192"/>
    <motionState vehicle="3" speed="2712" time="8260" acceleration="1811"/>
    <motionState vehicle="4" speed="7543" time="8260" acceleration="-160"/>
    <motionState vehicle="5" speed="2895" time="8260" acceleration="1683"/>
    <motionState vehicle="6" speed="3059" time="8260" acceleration="809"/>
    <motionState vehicle="7" speed="3129" time="8260" acceleration="-447"/>
    <motionState vehicle="8" speed="3072" time="8260" acceleration="-1519"/>
    <motionState vehicle="9" speed="2909" time="8260" acceleration="-1869"/>
    <motionState vehicle="10" speed="2718" time="8260" acceleration="-1296"/>
    <motionState vehicle="11" speed="2593" time="8260" acceleration="-98"/>
    <motionState vehicle="0" speed="7317" time="8270" acceleration="2638"/>
    <motionState vehicle="1" speed="2593" time="8270" acceleration="1137"/>
    <motionState vehicle="2" speed="7550" time="8270" acceleration="187"/>
    <motionState vehicle="3" speed="2714" time="8270" acceleration="1810"/>
    <motionState vehicle="4" speed="7543" time="8270" acceleration="-153"/>
    <motionState vehicle="5" speed="2897" time="8270" acceleration="1675"/>
    <motionState vehicle="6" speed="3060" time="8270" acceleration="797"/>
    <motionState vehicle="7" speed="3129" time="8270" acceleration="-458"/>
    <motionState vehicle="8" speed="3070" time="8270" acceleration="-1523"/>
    <motionState vehicle="9" speed="2907" time="8270" acceleration="-1865"/>
    <motionState vehicle="10" speed="2717" time="8270" acceleration="-1284"/>
    <motionState vehicle="11" speed="2593" time="8270" acceleration="-86"/>
    <motionState vehicle="0" speed="7319" time="8280" acceleration="2613"/>
    <motionState vehicle="1" speed="2594" time="8280" acceleration="1144"/>
    <motionState vehicle="2" speed="7550" time="8280" acceleration="181"/>
    <motionState vehicle="3" speed="2716" time="8280" acceleration="1809"/>
    <motionState vehicle="4" speed="7543" time="8280" acceleration="-147"/>
    <motionState vehicle="5" speed="2898" time="8280" acceleration="1666"/>
    <motionState vehicle="6" speed="3060" time="8280" acceleration="784"/>
    <motionState vehicle="7" speed="3128" time="8280" acceleration="-468"/>
    <motionState vehicle="8" speed="3069" time="8280" acceleration="-1527"/>
    <motionState vehicle="9" speed="2905" time="8280" acceleration="-1860"/>
    <motionState vehicle="10" speed="2715" time="8280" acceleration="-1273"/>
    <motionState vehicle="11" speed="2593" time="8280" acceleration="-74"/>
    <motionState vehicle="0" speed="7322" time="8290" acceleration="2588"/>
    <motionState vehicle="1" speed="2595" time="8290" acceleration="1151"/>
    <motionState vehicle="2" speed="7550" time="8290" acceleration="176"/>
    <motionState vehicle="3" speed="2718" time="8290" acceleration="1807"/>
    <motionState vehicle="4" speed="7542" time="8290" acceleration="-141"/>
    <motionState vehicle="5" speed="2900" time="8290" acceleration="1658"/>
    <motionState vehicle="6" speed="3061" time="8290" acceleration="772"/>
    <motionState vehicle="7" speed="3128" time="8290" acceleration="-479"/>
    <motionState vehicle="8" speed="3067" time="8290" acceleration="-1531"/>
    <motionState vehicle="9" speed="2903" time="8290" acceleration="-1855"/>
    <motionState vehicle="10" speed="2714" time="8290" acceleration="-1262"/>
    <motionState vehicle="11" speed="2593" time="8290" acceleration="-62"/>
    <motionState vehicle="0" speed="7324" time="8300" acceleration="2563"/>
    <motionState vehicle="1" speed="2596" time="8300" acceleration="1157"/>
    <motionState vehicle="2" speed="7550" time="8300" acceleration="171"/>
    <motionState vehicle="3" speed="2719" time="8300" acceleration="1806"/>
    <motionState vehicle="4" speed="7542" time="8300" acceleration="-135"/>
    <motionState vehicle="5" speed="2902" time="8300" acceleration="1649"/>
    <motionState vehicle="6" speed="3062" time="8300" acceleration="760"/>
    <motionState vehicle="7" speed="3127" time="8300" acceleration="-490"/>
    <motionState vehicle="8" speed="3066" time="8300" acceleration="-1535"/>
    <motionState vehicle="9" speed="2901" time="8300" acceleration="-1850"/>
    <motionState vehicle="10" speed="2713" time="8300" acceleration="-1250"/>
    <motionState vehicle="11" speed="2593" time="8300" acceleration="-50"/>
    <motionState vehicle="0" speed="7327" time="8310" acceleration="2539"/>
    <motionState vehicle="1" speed="2597" time="8310" acceleration="1164"/>
    <motionState vehicle="2" speed="7550" time="8310" acceleration="166"/>
    <motionState vehicle="3" speed="2721" time="8310" acceleration="1805"/>
    <motionState vehicle="4" speed="7542" time="8310" acceleration="-129"/>
    <motionState vehicle="5" speed="2903" time="8310" acceleration="1641"/>
    <motionState vehicle="6" speed="3063" time="8310" acceleration="747"/>
    <motionState vehicle="7" speed="3127" time="8310" acceleration="-501"/>
    <motionState vehicle="8" speed="3064" time="8310" acceleration="-1539"/>
    <motionState vehicle="9" speed="2899" time="8310" acceleration="-1844"/>
    <motionState vehicle="10" speed="2712" time="8310" acceleration="-1239"/>
    <motionState vehicle="11" speed="2593" time="8310" acceleration="-38"/>
    <motionState vehicle="0" speed="7329" time="8320" acceleration="2514"/>
    <motionState vehicle="1" speed="2599" time="8320" acceleration="1170"/>
    <motionState vehicle="2" speed="7550" time="8320" acceleration="161"/>
    <motionState vehicle="3" speed="2723" time="8320" acceleration="1804"/>
    <motionState vehicle="4" speed="7542" time="8320" acceleration="-123"/>
    <motionState vehicle="5" speed="2905" time="8320" acceleration="1632"/>
    <motionState vehicle="6" speed="3063" time="8320" acceleration="735"/>
    <motionState vehicle="7" speed="3126" time="8320" acceleration="-511"/>
    <motionState vehicle="8" speed="3062" time="8320" acceleration="-1543"/>
    <motionState vehicle="9" speed="2898" time="8320" acceleration="-1839"/>
    <motionState vehicle="10" speed="2710" time="8320" acceleration="-1228"/>
    <motionState vehicle="11" speed="2593" time="8320" acceleration="-26"/>
    <motionState vehicle="0" speed="7332" time="8330" acceleration="2490"/>
    <motionState vehicle="1" speed="2600" time="8330" acceleration="1177"/>
    <motionState vehicle="2" speed="7551" time="8330" acceleration="156"/>
    <motionState vehicle="3" speed="2725" time="8330" acceleration="1802"/>
    <motionState vehicle="4" speed="7542" time="8330" acceleration="-117"/>
    <motionState vehicle="5" speed="2907" time="8330" acceleration="1624"/>
    <motionState vehicle="6" speed="3064" time="8330" acceleration="723"/>
    <motionState vehicle="7" speed="3126" time="8330" acceleration="-522"/>
    <motionState vehicle="8" speed="3061" time="8330" acceleration="-1547"/>
    <motionState vehicle="9" speed="2896" time="8330" acceleration="-1834"/>
    <motionState vehicle="10" speed="2709" time="8330" acceleration="-1216"/>
    <motionState vehicle="11" speed="2593" time="8330" acceleration="-15"/>
    <motionState vehicle="0" speed="7334" time="8340" acceleration="2466"/>
    <motionState vehicle="1" speed="2601" time="8340" acceleration="1183"/>
    <motionState vehicle="2" speed="7551" time="8340" acceleration="151"/>
    <motionState vehicle="3" speed="2727" time="8340" acceleration="1801"/>
    <motionState vehicle="4" speed="7542" time="8340" acceleration="-112"/>
    <motionState vehicle="5" speed="2908" time="8340" acceleration="1615"/>
    <motionState vehicle="6" speed="3065" time="8340" acceleration="711"/>
    <motionState vehicle="7" speed="3125" time="8340" acceleration="-532"/>
    <motionState vehicle="8" speed="3059" time="8340" acceleration="-1550"/>
    <motionState vehicle="9" speed="2894" time="8340" acceleration="-1829"/>
    <motionState vehicle="10" speed="2708" time="8340" acceleration="-1205"/>
    <motionState vehicle="11" speed="2593" time="8340" acceleration="-3"/>
    <motionState vehicle="0" speed="7337" time="8350" acceleration="2442"/>
    <motionState vehicle="1" speed="2602" time="8350" acceleration="1189"/>
    <motionState vehicle="2" speed="7551" time="8350" acceleration="147"/>
    <motionState vehicle="3" speed="2728" time="8350" acceleration="1799"/>
    <motionState vehicle="4" speed="7542" time="8350" acceleration="-106"/>
    <motionState vehicle="5" speed="2910" time="8350" acceleration="1606"/>
    <motionState vehicle="6" speed="3065" time="8350" acceleration="698"/>
    <motionState vehicle="7" speed="3125" time="8350" acceleration="-543"/>
    <motionState vehicle="8" speed="3058" time="8350" acceleration="-1554"/>
    <motionState vehicle="9" speed="2892" time="8350" acceleration="-1823"/>
    <motionState vehicle="10" speed="2707" time="8350" acceleration="-1193"/>
    <motionState vehicle="11" speed="2593" time="8350" acceleration="7"/>
    <motionState vehicle="0" speed="7339" time="8360" acceleration="2419"/>
    <motionState vehicle="1" speed="2603" time="8360" acceleration="1196"/>
    <motionState vehicle="2" speed="7551" time="8360" acceleration="142"/>
    <motionState vehicle="3" speed="2730" time="8360" acceleration="1798"/>
    <motionState vehicle="4" speed="7542" time="8360" acceleration="-100"/>
    <motionState vehicle="5" speed="2911" time="8360" acceleration="1598"/>
    <motionState vehicle="6" speed="3066" time="8360" acceleration="686"/>
    <motionState vehicle="7" speed="3124" time="8360" acceleration="-553"/>
    <motionState vehicle="8" speed="3056" time="8360" acceleration="-1557"/>
    <motionState vehicle="9" speed="2890" time="8360" acceleration="-1818"/>
    <motionState vehicle="10" speed="2706" time="8360" acceleration="-1182"/>
    <motionState vehicle="11" speed="2593" time="8360" acceleration="19"/>
    <motionState vehicle="0" speed="7342" time="8370" acceleration="2395"/>
    <motionState vehicle="1" speed="2605" time="8370" acceleration="1202"/>
    <motionState vehicle="2" speed="7551" time="8370" acceleration="138"/>
    <motionState vehicle="3" speed="2732" time="8370" acceleration="1796"/>
    <motionState vehicle="4" speed="7542" time="8370" acceleration="-95"/>
    <motionState vehicle="5" speed="2913" time="8370" acceleration="1589"/>
    <motionState vehicle="6" speed="3067" time="8370" acceleration="674"/>
    <motionState vehicle="7" speed="3124" time="8370" acceleration="-563"/>
    <motionState vehicle="8" speed="3055" time="8370" acceleration="-1560"/>
    <motionState vehicle="9" speed="2889" time="8370" acceleration="-1812"/>
    <motionState vehicle="10" speed="2704" time="8370" acceleration="-1171"/>
    <motionState vehicle="11" speed="2593" time="8370" acceleration="30"/>
    <motionState vehicle="0" speed="7344" time="8380" acceleration="2372"/>
    <motionState vehicle="1" speed="2606" time="8380" acceleration="1208"/>
    <motionState vehicle="2" speed="7551" time="8380" acceleration="134"/>
    <motionState vehicle="3" speed="2734" time="8380" acceleration="1794"/>
    <motionState vehicle="4" speed="7541" time="8380" acceleration="-90"/>
    <motionState vehicle="5" speed="2915" time="8380" acceleration="1580"/>
    <motionState vehicle="6" speed="3067" time="8380" acceleration="662"/>
    <motionState vehicle="7" speed="3123" time="8380" acceleration="-574"/>
    <motionState vehicle="8" speed="3053" time="8380" acceleration="-1563"/>
    <motionState vehicle="9" speed="2887" time="8380" acceleration="-1807"/>
    <motionState vehicle="10" speed="2703" time="8380" acceleration="-1159"/>
    <motionState vehicle="11" speed="2593" time="8380" acceleration="42"/>
    <motionState vehicle="0" speed="7346" time="8390" acceleration="2349"/>
    <motionState vehicle="1" speed="2607" time="8390" acceleration="1214"/>
    <motionState vehicle="2" speed="7551" time="8390" acceleration="129"/>
    <motionState vehicle="3" speed="2736" time="8390" acceleration="1792"/>
    <motionState vehicle="4" speed="7541" time="8390" acceleration="-84"/>
    <motionState vehicle="5" speed="2916" time="8390" acceleration="1571"/>
    <motionState vehicle="6" speed="3068" time="8390" acceleration="649"/>
    <motionState vehicle="7" speed="3123" time="8390" acceleration="-584"/>
    <motionState vehicle="8" speed="3052" time="8390" acceleration="-1567"/>
    <motionState vehicle="9" speed="2885" time="8390" acceleration="-1801"/>
    <motionState vehicle="10" speed="2702" time="8390" acceleration="-1148"/>
    <motionState vehicle="11" speed="2593" time="8390" acceleration="53"/>
    <motionState vehicle="0" speed="7349" time="8400" acceleration="2326"/>
    <motionState vehicle="1" speed="2608" time="8400" acceleration="1220"/>
    <motionState vehicle="2" speed="7552" time="8400" acceleration="125"/>
    <motionState vehicle="3" speed="2737" time="8400" acceleration="1791"/>
    <motionState vehicle="4" speed="7541" time="8400" acceleration="-79"/>
    <motionState vehicle="5" speed="2918" time="8400" acceleration="1562"/>
    <motionState vehicle="6" speed="3069" time="8400" acceleration="637"/>
    <motionState vehicle="7" speed="3122" time="8400" acceleration="-594"/>
    <motionState vehicle="8" speed="3050" time="8400" acceleration="-1570"/>
    <motionState vehicle="9" speed="2883" time="8400" acceleration="-1795"/>
    <motionState vehicle="10" speed="2701" time="8400" acceleration="-1136"/>
    <motionState vehicle="11" speed="2593" time="8400" acceleration="65"/>
    <motionState vehicle="0" speed="7351" time="8410" acceleration="2303"/>
    <motionState vehicle="1" speed="2609" time="8410" acceleration="1225"/>
    <motionState vehicle="2" speed="7552" time="8410" acceleration="121"/>
    <motionState vehicle="3" speed="2739" time="8410" acceleration="1789"/>
    <motionState vehicle="4" speed="7541" time="8410" acceleration="-74"/>
    <motionState vehicle="5" speed="2919" time="8410" acceleration="1553"/>
    <motionState vehicle="6" speed="3069" time="8410" acceleration="625"/>
    <motionState vehicle="7" speed="3121" time="8410" acceleration="-604"/>
    <motionState vehicle="8" speed="3048" time="8410" acceleration="-1573"/>
    <motionState vehicle="9" speed="2881" time="8410" acceleration="-1790"/>
    <motionState vehicle="10" speed="2700" time="8410" acceleration="-1125"/>
    <motionState vehicle="11" speed="2593" time="8410" acceleration="76"/>
    <motionState vehicle="0" speed="7353" time="8420" acceleration="2281"/>
    <motionState vehicle="1" speed="2611" time="8420" acceleration="1231"/>
    <motionState vehicle="2" speed="7552" time="8420" acceleration="118"/>
    <motionState vehicle="3" speed="2741" time="8420" acceleration="1787"/>
    <motionState vehicle="4" speed="7541" time="8420" acceleration="-69"/>
    <motionState vehicle="5" speed="2921" time="8420" acceleration="1545"/>
    <motionState vehicle="6" speed="3070" time="8420" acceleration="613"/>
    <motionState vehicle="7" speed="3121" time="8420" acceleration="-614"/>
    <motionState vehicle="8" speed="3047" time="8420" acceleration="-1575"/>
    <motionState vehicle="9" speed="2880" time="8420" acceleration="-1784"/>
    <motionState vehicle="10" speed="2699" time="8420" acceleration="-1113"/>
    <motionState vehicle="11" speed="2593" time="8420" acceleration="87"/>
    <motionState vehicle="0" speed="7356" time="8430" acceleration="2259"/>
    <motionState vehicle="1" speed="2612" time="8430" acceleration="1237"/>
    <motionState vehicle="2" speed="7552" time="8430" acceleration="114"/>
    <motionState vehicle="3" speed="2743" time="8430" acceleration="1784"/>
    <motionState vehicle="4" speed="7541" time="8430" acceleration="-64"/>
    <motionState vehicle="5" speed="2922" time="8430" acceleration="1536"/>
    <motionState vehicle="6" speed="3071" time="8430" acceleration="601"/>
    <motionState vehicle="7" speed="3120" time="8430" acceleration="-624"/>
    <motionState vehicle="8" speed="3045" time="8430" acceleration="-1578"/>
    <motionState vehicle="9" speed="2878" time="8430" acceleration="-1778"/>
    <motionState vehicle="10" speed="2698" time="8430" acceleration="-1102"/>
    <motionState vehicle="11" speed="2593" time="8430" acceleration="98"/>
    <motionState vehicle="0" speed="7358" time="8440" acceleration="2236"/>
    <motionState vehicle="1" speed="2613" time="8440" acceleration="1243"/>
    <motionState vehicle="2" speed="7552" time="8440" acceleration="110"/>
    <motionState vehicle="3" speed="2744" time="8440" acceleration="1782"/>
    <motionState vehicle="4" speed="7541" time="8440" acceleration="-59"/>
    <motionState vehicle="5" speed="2924" time="8440" acceleration="1527"/>
    <motionState vehicle="6" speed="3071" time="8440" acceleration="589"/>
    <motionState vehicle="7" speed="3120" time="8440" acceleration="-633"/>
    <motionState vehicle="8" speed="3044" time="8440" acceleration="-1581"/>
    <motionState vehicle="9" speed="2876" time="8440" acceleration="-1772"/>
    <motionState vehicle="10" speed="2697" time="8440" acceleration="-1091"/>
    <motionState vehicle="11" speed="2593" time="8440" acceleration="110"/>
    <motionState vehicle="0" speed="7360" time="8450" acceleration="2214"/>
    <motionState vehicle="1" speed="2614" time="8450" acceleration="1248"/>
    <motionState vehicle="2" speed="7552" time="8450" acceleration="107"/>
    <motionState vehicle="3" speed="2746" time="8450" acceleration="1780"/>
    <motionState vehicle="4" speed="7541" time="8450" acceleration="-55"/>
    <motionState vehicle="5" speed="2925" time="8450" acceleration="1518"/>
    <motionState vehicle="6" speed="3072" time="8450" acceleration="577"/>
    <motionState vehicle="7" speed="3119" time="8450" acceleration="-643"/>
    <motionState vehicle="8" speed="3042" time="8450" acceleration="-1583"/>
    <motionState vehicle="9" speed="2874" time="8450" acceleration="-1766"/>
    <motionState vehicle="10" speed="2695" time="8450" acceleration="-1079"/>
    <motionState vehicle="11" speed="2593" time="8450" acceleration="121"/>
    <motionState vehicle="0" speed="7362" time="8460" acceleration="2193"/>
    <motionState vehicle="1" speed="2616" time="8460" acceleration="1254"/>
    <motionState vehicle="2" speed="7552" time="8460" acceleration="103"/>
    <motionState vehicle="3" speed="2748" time="8460" acceleration="1778"/>
    <motionState vehicle="4" speed="7541" time="8460" acceleration="-50"/>
    <motionState vehicle="5" speed="2927" time="8460" acceleration="1509"/>
    <motionState vehicle="6" speed="3072" time="8460" acceleration="565"/>
    <motionState vehicle="7" speed="3118" time="8460" acceleration="-653"/>
    <motionState vehicle="8" speed="3040" time="8460" acceleration="-1586"/>
    <motionState vehicle="9" speed="2872" time="8460" acceleration="-1760"/>
    <motionState vehicle="10" speed="2694" time="8460" acceleration="-1068"/>
    <motionState vehicle="11" speed="2593" time="8460" acceleration="132"/>
    <motionState vehicle="0" speed="7364" time="8470" acceleration="2171"/>
    <motionState vehicle="1" speed="2617" time="8470" acceleration="1259"/>
    <motionState vehicle="2" speed="7552" time="8470" acceleration="100"/>
    <motionState vehicle="3" speed="2750" time="8470" acceleration="1775"/>
    <motionState vehicle="4" speed="7541" time="8470" acceleration="-45"/>
    <motionState vehicle="5" speed="2928" time="8470" acceleration="1499"/>
    <motionState vehicle="6" speed="3073" time="8470" acceleration="553"/>
    <motionState vehicle="7" speed="3118" time="8470" acceleration="-662"/>
    <motionState vehicle="8" speed="3039" time="8470" acceleration="-1588"/>
    <motionState vehicle="9" speed="2871" time="8470" acceleration="-1754"/>
    <motionState vehicle="10" speed="2693" time="8470" acceleration="-1056"/>
    <motionState vehicle="11" speed="2594" time="8470" acceleration="143"/>
    <motionState vehicle="0" speed="7366" time="8480" acceleration="2149"/>
    <motionState vehicle="1" speed="2618" time="8480" acceleration="1264"/>
    <motionState vehicle="2" speed="7552" time="8480" acceleration="96"/>
    <motionState vehicle="3" speed="2752" time="8480" acceleration="1773"/>
    <motionState vehicle="4" speed="7541" time="8480" acceleration="-41"/>
    <motionState vehicle="5" speed="2930" time="8480" acceleration="1490"/>
    <motionState vehicle="6" speed="3073" time="8480" acceleration="541"/>
    <motionState vehicle="7" speed="3117" time="8480" acceleration="-672"/>
    <motionState vehicle="8" speed="3037" time="8480" acceleration="-1591"/>
    <motionState vehicle="9" speed="2869" time="8480" acceleration="-1748"/>
    <motionState vehicle="10" speed="2692" time="8480" acceleration="-1045"/>
    <motionState vehicle="11" speed="2594" time="8480" acceleration="154"/>
    <motionState vehicle="0" speed="7369" time="8490" acceleration="2128"/>
    <motionState vehicle="1" speed="2619" time="8490" acceleration="1270"/>
    <motionState vehicle="2" speed="7553" time="8490" acceleration="93"/>
    <motionState vehicle="3" speed="2753" time="8490" acceleration="1771"/>
    <motionState vehicle="4" speed="7541" time="8490" acceleration="-36"/>
    <motionState vehicle="5" speed="2931" time="8490" acceleration="1481"/>
    <motionState vehicle="6" speed="3074" time="8490" acceleration="529"/>
    <motionState vehicle="7" speed="3116" time="8490" acceleration="-681"/>
    <motionState vehicle="8" speed="3036" time="8490" acceleration="-1593"/>
    <motionState vehicle="9" speed="2867" time="8490" acceleration="-1741"/>
    <motionState vehicle="10" speed="2691" time="8490" acceleration="-1033"/>
    <motionState vehicle="11" speed="2594" time="8490" acceleration="165"/>
    <motionState vehicle="0" speed="7371" time="8500" acceleration="2107"/>
    <motionState vehicle="1" speed="2621" time="8500" acceleration="1275"/>
    <motionState vehicle="2" speed="7553" time="8500" acceleration="90"/>
    <motionState vehicle="3" speed="2755" time="8500" acceleration="1768"/>
    <motionState vehicle="4" speed="7541" time="8500" acceleration="-32"/>
    <motionState vehicle="5" speed="2933" time="8500" acceleration="1472"/>
    <motionState vehicle="6" speed="3074" time="8500" acceleration="517"/>
    <motionState vehicle="7" speed="3116" time="8500" acceleration="-691"/>
    <motionState vehicle="8" speed="3034" time="8500" acceleration="-1595"/>
    <motionState vehicle="9" speed="2865" time="8500" acceleration="-1735"/>
    <motionState vehicle="10" speed="2690" time="8500" acceleration="-1022"/>
    <motionState vehicle="11" speed="2594" time="8500" acceleration="176"/>
    <motionState vehicle="0" speed="7373" time="8510" acceleration="2086"/>
    <motionState vehicle="1" speed="2622" time="8510" acceleration="1280"/>
    <motionState vehicle="2" speed="7553" time="8510" acceleration="87"/>
    <motionState vehicle="3" speed="2757" time="8510" acceleration="1765"/>
    <motionState vehicle="4" speed="7541" time="8510" acceleration="-28"/>
    <motionState vehicle="5" speed="2934" time="8510" acceleration="1463"/>
    <motionState vehicle="6" speed="3075" time="8510" acceleration="505"/>
    <motionState vehicle="7" speed="3115" time="8510" acceleration="-700"/>
    <motionState vehicle="8" speed="3033" time="8510" acceleration="-1597"/>
    <motionState vehicle="9" speed="2864" time="8510" acceleration="-1729"/>
    <motionState vehicle="10" speed="2689" time="8510" acceleration="-1010"/>
    <motionState vehicle="11" speed="2594" time="8510" acceleration="186"/>
    <motionState vehicle="0" speed="7375" time="8520" acceleration="2065"/>
    <motionState vehicle="1" speed="2623" time="8520" acceleration="1285"/>
    <motionState vehicle="2" speed="7553" time="8520" acceleration="84"/>
    <motionState vehicle="3" speed="2759" time="8520" acceleration="1763"/>
    <motionState vehicle="4" speed="7541" time="8520" acceleration="-23"/>
    <motionState vehicle="5" speed="2936" time="8520" acceleration="1454"/>
    <motionState vehicle="6" speed="3075" time="8520" acceleration="493"/>
    <motionState vehicle="7" speed="3114" time="8520" acceleration="-709"/>
    <motionState vehicle="8" speed="3031" time="8520" acceleration="-1599"/>
    <motionState vehicle="9" speed="2862" time="8520" acceleration="-1722"/>
    <motionState vehicle="10" speed="2688" time="8520" acceleration="-999"/>
    <motionState vehicle="11" speed="2594" time="8520" acceleration="197"/>
    <motionState vehicle="0" speed="7377" time="8530" acceleration="2045"/>
    <motionState vehicle="1" speed="2625" time="8530" acceleration="1290"/>
    <motionState vehicle="2" speed="7553" time="8530" acceleration="81"/>
    <motionState vehicle="3" speed="2760" time="8530" acceleration="1760"/>
    <motionState vehicle="4" speed="7541" time="8530" acceleration="-19"/>
    <motionState vehicle="5" speed="2937" time="8530" acceleration="1444"/>
    <motionState vehicle="6" speed="3076" time="8530" acceleration="481"/>
    <motionState vehicle="7" speed="3113" time="8530" acceleration="-719"/>
    <motionState vehicle="8" speed="3029" time="8530" acceleration="-1601"/>
    <motionState vehicle="9" speed="2860" time="8530" acceleration="-1716"/>
    <motionState vehicle="10" speed="2687" time="8530" acceleration="-988"/>
    <motionState vehicle="11" speed="2595" time="8530" acceleration="208"/>
    <motionState vehicle="0" speed="7379" time="8540" acceleration="2024"/>
    <motionState vehicle="1" speed="2626" time="8540" acceleration="1295"/>
    <motionState vehicle="2" speed="7553" time="8540" acceleration="79"/>
    <motionState vehicle="3" speed="2762" time="8540" acceleration="1757"/>
    <motionState vehicle="4" speed="7541" time="8540" acceleration="-15"/>
    <motionState vehicle="5" speed="2939" time="8540" acceleration="1435"/>
    <motionState vehicle="6" speed="3076" time="8540" acceleration="469"/>
    <motionState vehicle="7" speed="3113" time="8540" acceleration="-728"/>
    <motionState vehicle="8" speed="3028" time="8540" acceleration="-1603"/>
    <motionState vehicle="9" speed="2859" time="8540" acceleration="-1709"/>
    <motionState vehicle="10" speed="2686" time="8540" acceleration="-976"/>
    <motionState vehicle="11" speed="2595" time="8540" acceleration="219"/>
    <motionState vehicle="0" speed="7381" time="8550" acceleration="2004"/>
    <motionState vehicle="1" speed="2627" time="8550" acceleration="1300"/>
    <motionState vehicle="2" speed="7553" time="8550" acceleration="76"/>
    <motionState vehicle="3" speed="2764" time="8550" acceleration="1754"/>
    <motionState vehicle="4" speed="7541" time="8550" acceleration="-11"/>
    <motionState vehicle="5" speed="2940" time="8550" acceleration="1426"/>
    <motionState vehicle="6" speed="3077" time="8550" acceleration="457"/>
    <motionState vehicle="7" speed="3112" time="8550" acceleration="-737"/>
    <motionState vehicle="8" speed="3026" time="8550" acceleration="-1605"/>
    <motionState vehicle="9" speed="2857" time="8550" acceleration="-1703"/>
    <motionState vehicle="10" speed="2685" time="8550" acceleration="-965"/>
    <motionState vehicle="11" speed="2595" time="8550" acceleration="229"/>
    <motionState vehicle="0" speed="7383" time="8560" acceleration="1984"/>
    <motionState vehicle="1" speed="2628" time="8560" acceleration="1304"/>
    <motionState vehicle="2" speed="7553" time="8560" acceleration="73"/>
    <motionState vehicle="3" speed="2766" time="8560" acceleration="1752"/>
    <motionState vehicle="4" speed="7541" time="8560" acceleration="-7"/>
    <motionState vehicle="5" speed="2942" time="8560" acceleration="1416"/>
    <motionState vehicle="6" speed="3077" time="8560" acceleration="445"/>
    <motionState vehicle="7" speed="3111" time="8560" acceleration="-746"/>
    <motionState vehicle="8" speed="3024" time="8560" acceleration="-1606"/>
    <motionState vehicle="9" speed="2855" time="8560" acceleration="-1696"/>
    <motionState vehicle="10" speed="2684" time="8560" acceleration="-953"/>
    <motionState vehicle="11" speed="2595" time="8560" acceleration="240"/>
    <motionState vehicle="0" speed="7385" time="8570" acceleration="1964"/>
    <motionState vehicle="1" speed="2630" time="8570" acceleration="1309"/>
    <motionState vehicle="2" speed="7553" time="8570" acceleration="71"/>
    <motionState vehicle="3" speed="2767" time="8570" acceleration="1749"/>
    <motionState vehicle="4" speed="7541" time="8570" acceleration="-3"/>
    <motionState vehicle="5" speed="2943" time="8570" acceleration="1407"/>
    <motionState vehicle="6" speed="3078" time="8570" acceleration="433"/>
    <motionState vehicle="7" speed="3110" time="8570" acceleration="-755"/>
    <motionState vehicle="8" speed="3023" time="8570" acceleration="-1608"/>
    <motionState vehicle="9" speed="2854" time="8570" acceleration="-1690"/>
    <motionState vehicle="10" speed="2683" time="8570" acceleration="-942"/>
    <motionState vehicle="11" speed="2596" time="8570" acceleration="250"/>
    <motionState vehicle="0" speed="7387" time="8580" acceleration="1944"/>
    <motionState vehicle="1" speed="2631" time="8580" acceleration="1314"/>
    <motionState vehicle="2" speed="7553" time="8580" acceleration="68"/>
    <motionState vehicle="3" speed="2769" time="8580" acceleration="1746"/>
    <motionState vehicle="4" speed="7541" time="8580" acceleration="0"/>
    <motionState vehicle="5" speed="2944" time="8580" acceleration="1398"/>
    <motionState vehicle="6" speed="3078" time="8580" acceleration="422"/>
    <motionState vehicle="7" speed="3110" time="8580" acceleration="-764"/>
    <motionState vehicle="8" speed="3021" time="8580" acceleration="-1610"/>
    <motionState vehicle="9" speed="2852" time="8580" acceleration="-1683"/>
    <motionState vehicle="10" speed="2682" time="8580" acceleration="-930"/>
    <motionState vehicle="11" speed="2596" time="8580" acceleration="261"/>
    <motionState vehicle="0" speed="7389" time="8590" acceleration="1925"/>
    <motionState vehicle="1" speed="2632" time="8590" acceleration="1318"/>
    <motionState vehicle="2" speed="7553" time="8590" acceleration="66"/>
    <motionState vehicle="3" speed="2771" time="8590" acceleration="1742"/>
    <motionState vehicle="4" speed="7541" time="8590" acceleration="3"/>
    <motionState vehicle="5" speed="2946" time="8590" acceleration="1388"/>
    <motionState vehicle="6" speed="3079" time="8590" acceleration="410"/>
    <motionState vehicle="7" speed="3109" time="8590" acceleration="-772"/>
    <motionState vehicle="8" speed="3020" time="8590" acceleration="-1611"/>
    <motionState vehicle="9" speed="2850" time="8590" acceleration="-1676"/>
    <motionState vehicle="10" speed="2682" time="8590" acceleration="-919"/>
    <motionState vehicle="11" speed="2596" time="8590" acceleration="271"/>
    <motionState vehicle="0" speed="7391" time="8600" acceleration="1905"/>
    <motionState vehicle="1" speed="2634" time="8600" acceleration="1323"/>
    <motionState vehicle="2" speed="7553" time="8600" acceleration="64"/>
    <motionState vehicle="3" speed="2773" time="8600" acceleration="1739"/>
    <motionState vehicle="4" speed="7541" time="8600" acceleration="7"/>
    <motionState vehicle="5" speed="2947" time="8600" acceleration="1379"/>
    <motionState vehicle="6" speed="3079" time="8600" acceleration="398"/>
    <motionState vehicle="7" speed="3108" time="8600" acceleration="-781"/>
    <motionState vehicle="8" speed="3018" time="8600" acceleration="-1612"/>
    <motionState vehicle="9" speed="2848" time="8600" acceleration="-1669"/>
    <motionState vehicle="10" speed="2681" time="8600" acceleration="-907"/>
    <motionState vehicle="11" speed="2596" time="8600" acceleration="281"/>
    <motionState vehicle="0" speed="7393" time="8610" acceleration="1886"/>
    <motionState vehicle="1" speed="2635" time="8610" acceleration="1327"/>
    <motionState vehicle="2" speed="7553" time="8610" acceleration="61"/>
    <motionState vehicle="3" speed="2774" time="8610" acceleration="1736"/>
    <motionState vehicle="4" speed="7541" time="8610" acceleration="10"/>
    <motionState vehicle="5" speed="2948" time="8610" acceleration="1369"/>
    <motionState vehicle="6" speed="3079" time="8610" acceleration="386"/>
    <motionState vehicle="7" speed="3107" time="8610" acceleration="-790"/>
    <motionState vehicle="8" speed="3016" time="8610" acceleration="-1614"/>
    <motionState vehicle="9" speed="2847" time="8610" acceleration="-1663"/>
    <motionState vehicle="10" speed="2680" time="8610" acceleration="-896"/>
    <motionState vehicle="11" speed="2597" time="8610" acceleration="292"/>
    <motionState vehicle="0" speed="7394" time="8620" acceleration="1867"/>
    <motionState vehicle="1" speed="2636" time="8620" acceleration="1331"/>
    <motionState vehicle="2" speed="7554" time="8620" acceleration="59"/>
    <motionState vehicle="3" speed="2776" time="8620" acceleration="1733"/>
    <motionState vehicle="4" speed="7541" time="8620" acceleration="14"/>
    <motionState vehicle="5" speed="2950" time="8620" acceleration="1360"/>
    <motionState vehicle="6" speed="3080" time="8620" acceleration="375"/>
    <motionState vehicle="7" speed="3107" time="8620" acceleration="-798"/>
    <motionState vehicle="8" speed="3015" time="8620" acceleration="-1615"/>
    <motionState vehicle="9" speed="2845" time="8620" acceleration="-1656"/>
    <motionState vehicle="10" speed="2679" time="8620" acceleration="-885"/>
    <motionState vehicle="11" speed="2597" time="8620" acceleration="302"/>
    <motionState vehicle="0" speed="7396" time="8630" acceleration="1848"/>
    <motionState vehicle="1" speed="2638" time="8630" acceleration="1336"/>
    <motionState vehicle="2" speed="7554" time="8630" acceleration="57"/>
    <motionState vehicle="3" speed="2778" time="8630" acceleration="1729"/>
    <motionState vehicle="4" speed="7541" time="8630" acceleration="17"/>
    <motionState vehicle="5" speed="2951" time="8630" acceleration="1350"/>
    <motionState vehicle="6" speed="3080" time="8630" acceleration="363"/>
    <motionState vehicle="7" speed="3106" time="8630" acceleration="-807"/>
    <motionState vehicle="8" speed="3013" time="8630" acceleration="-1616"/>
    <motionState vehicle="9" speed="2844" time="8630" acceleration="-1649"/>
    <motionState vehicle="10" speed="2678" time="8630" acceleration="-873"/>
    <motionState vehicle="11" speed="2597" time="8630" acceleration="312"/>
    <motionState vehicle="0" speed="7398" time="8640" acceleration="1829"/>
    <motionState vehicle="1" speed="2639" time="8640" acceleration="1340"/>
    <motionState vehicle="2" speed="7554" time="8640" acceleration="55"/>
    <motionState vehicle="3" speed="2780" time="8640" acceleration="1726"/>
    <motionState vehicle="4" speed="7541" time="8640" acceleration="21"/>
    <motionState vehicle="5" speed="2953" time="8640" acceleration="1341"/>
    <motionState vehicle="6" speed="3080" time="8640" acceleration="352"/>
    <motionState vehicle="7" speed="3105" time="8640" acceleration="-815"/>
    <motionState vehicle="8" speed="3012" time="8640" acceleration="-1617"/>
    <motionState vehicle="9" speed="2842" time="8640" acceleration="-1642"/>
    <motionState vehicle="10" speed="2677" time="8640" acceleration="-862"/>
    <motionState vehicle="11" speed="2598" time="8640" acceleration="322"/>
    <motionState vehicle="0" speed="7400" time="8650" acceleration="1810"/>
    <motionState vehicle="1" speed="2640" time="8650" acceleration="1344"/>
    <motionState vehicle="2" speed="7554" time="8650" acceleration="53"/>
    <motionState vehicle="3" speed="2781" time="8650" acceleration="1723"/>
    <motionState vehicle="4" speed="7541" time="8650" acceleration="24"/>
    <motionState vehicle="5" speed="2954" time="8650" acceleration="1331"/>
    <motionState vehicle="6" speed="3081" time="8650" acceleration="340"/>
    <motionState vehicle="7" speed="3104" time="8650" acceleration="-824"/>
    <motionState vehicle="8" speed="3010" time="8650" acceleration="-1618"/>
    <motionState vehicle="9" speed="2840" time="8650" acceleration="-1635"/>
    <motionState vehicle="10" speed="2676" time="8650" acceleration="-850"/>
    <motionState vehicle="11" speed="2598" time="8650" acceleration="332"/>
    <motionState vehicle="0" speed="7402" time="8660" acceleration="1792"/>
    <motionState vehicle="1" speed="2642" time="8660" acceleration="1348"/>
    <motionState vehicle="2" speed="7554" time="8660" acceleration="51"/>
    <motionState vehicle="3" speed="2783" time="8660" acceleration="1719"/>
    <motionState vehicle="4" speed="7541" time="8660" acceleration="27"/>
    <motionState vehicle="5" speed="2955" time="8660" acceleration="1322"/>
    <motionState vehicle="6" speed="3081" time="8660" acceleration="328"/>
    <motionState vehicle="7" speed="3103" time="8660" acceleration="-832"/>
    <motionState vehicle="8" speed="3008" time="8660" acceleration="-1619"/>
    <motionState vehicle="9" speed="2839" time="8660" acceleration="-1628"/>
    <motionState vehicle="10" speed="2675" time="8660" acceleration="-839"/>
    <motionState vehicle="11" speed="2598" time="8660" acceleration="342"/>
    <motionState vehicle="0" speed="7403" time="8670" acceleration="1774"/>
    <motionState vehicle="1" speed="2643" time="8670" acceleration="1352"/>
    <motionState vehicle="2" speed="7554" time="8670" acceleration="49"/>
    <motionState vehicle="3" speed="2785" time="8670" acceleration="1715"/>
    <motionState vehicle="4" speed="7541" time="8670" acceleration="30"/>
    <motionState vehicle="5" speed="2957" time="8670" acceleration="1312"/>
    <motionState vehicle="6" speed="3081" time="8670" acceleration="317"/>
    <motionState vehicle="7" speed="3102" time="8670" acceleration="-840"/>
    <motionState vehicle="8" speed="3007" time="8670" acceleration="-1619"/>
    <motionState vehicle="9" speed="2837" time="8670" acceleration="-1620"/>
    <motionState vehicle="10" speed="2675" time="8670" acceleration="-828"/>
    <motionState vehicle="11" speed="2599" time="8670" acceleration="352"/>
    <motionState vehicle="0" speed="7405" time="8680" acceleration="1756"/>
    <motionState vehicle="1" speed="2644" time="8680" acceleration="1356"/>
    <motionState vehicle="2" speed="7554" time="8680" acceleration="47"/>
    <motionState vehicle="3" speed="2786" time="8680" acceleration="1712"/>
    <motionState vehicle="4" speed="7541" time="8680" acceleration="33"/>
    <motionState vehicle="5" speed="2958" time="8680" acceleration="1302"/>
    <motionState vehicle="6" speed="3082" time="8680" acceleration="305"/>
    <motionState vehicle="7" speed="3102" time="8680" acceleration="-848"/>
    <motionState vehicle="8" speed="3005" time="8680" acceleration="-1620"/>
    <motionState vehicle="9" speed="2835" time="8680" acceleration="-1613"/>
    <motionState vehicle="10" speed="2674" time="8680" acceleration="-816"/>
    <motionState vehicle="11" speed="2599" time="8680" acceleration="362"/>
    <motionState vehicle="0" speed="7407" time="8690" acceleration="1738"/>
    <motionState vehicle="1" speed="2646" time="8690" acceleration="1360"/>
    <motionState vehicle="2" speed="7554" time="8690" acceleration="46"/>
    <motionState vehicle="3" speed="2788" time="8690" acceleration="1708"/>
    <motionState vehicle="4" speed="7541" time="8690" acceleration="36"/>
    <motionState vehicle="5" speed="2959" time="8690" acceleration="1293"/>
    <motionState vehicle="6" speed="3082" time="8690" acceleration="294"/>
    <motionState vehicle="7" speed="3101" time="8690" acceleration="-856"/>
    <motionState vehicle="8" speed="3003" time="8690" acceleration="-1621"/>
    <motionState vehicle="9" speed="2834" time="8690" acceleration="-1606"/>
    <motionState vehicle="10" speed="2673" time="8690" acceleration="-805"/>
    <motionState vehicle="11" speed="2599" time="8690" acceleration="372"/>
    <motionState vehicle="0" speed="7409" time="8700" acceleration="1720"/>
    <motionState vehicle="1" speed="2647" time="8700" acceleration="1363"/>
    <motionState vehicle="2" speed="7554" time="8700" acceleration="44"/>
    <motionState vehicle="3" speed="2790" time="8700" acceleration="1704"/>
    <motionState vehicle="4" speed="7541" time="8700" acceleration="39"/>
    <motionState vehicle="5" speed="2960" time="8700" acceleration="1283"/>
    <motionState vehicle="6" speed="3082" time="8700" acceleration="282"/>
    <motionState vehicle="7" speed="3100" time="8700" acceleration="-864"/>
    <motionState vehicle="8" speed="3002" time="8700" acceleration="-1621"/>
    <motionState vehicle="9" speed="2832" time="8700" acceleration="-1599"/>
    <motionState vehicle="10" speed="2672" time="8700" acceleration="-794"/>
    <motionState vehicle="11" speed="2600" time="8700" acceleration="382"/>
    <motionState vehicle="0" speed="7410" time="8710" acceleration="1702"/>
    <motionState vehicle="1" speed="2649" time="8710" acceleration="1367"/>
    <motionState vehicle="2" speed="7554" time="8710" acceleration="42"/>
    <motionState vehicle="3" speed="2792" time="8710" acceleration="1700"/>
    <motionState vehicle="4" speed="7541" time="8710" acceleration="42"/>
    <motionState vehicle="5" speed="2962" time="8710" acceleration="1274"/>
    <motionState vehicle="6" speed="3083" time="8710" acceleration="271"/>
    <motionState vehicle="7" speed="3099" time="8710" acceleration="-872"/>
    <motionState vehicle="8" speed="3000" time="8710" acceleration="-1622"/>
    <motionState vehicle="9" speed="2831" time="8710" acceleration="-1591"/>
    <motionState vehicle="10" speed="2671" time="8710" acceleration="-782"/>
    <motionState vehicle="11" speed="2600" time="8710" acceleration="392"/>
    <motionState vehicle="0" speed="7412" time="8720" acceleration="1685"/>
    <motionState vehicle="1" speed="2650" time="8720" acceleration="1371"/>
    <motionState vehicle="2" speed="7554" time="8720" acceleration="41"/>
    <motionState vehicle="3" speed="2793" time="8720" acceleration="1697"/>
    <motionState vehicle="4" speed="7541" time="8720" acceleration="45"/>
    <motionState vehicle="5" speed="2963" time="8720" acceleration="1264"/>
    <motionState vehicle="6" speed="3083" time="8720" acceleration="260"/>
    <motionState vehicle="7" speed="3098" time="8720" acceleration="-880"/>
    <motionState vehicle="8" speed="2999" time="8720" acceleration="-1622"/>
    <motionState vehicle="9" speed="2829" time="8720" acceleration="-1584"/>
    <motionState vehicle="10" speed="2671" time="8720" acceleration="-771"/>
    <motionState vehicle="11" speed="2601" time="8720" acceleration="401"/>
    <motionState vehicle="0" speed="7414" time="8730" acceleration="1667"/>
    <motionState vehicle="1" speed="2651" time="8730" acceleration="1374"/>
    <motionState vehicle="2" speed="7554" time="8730" acceleration="39"/>
    <motionState vehicle="3" speed="2795" time="8730" acceleration="1693"/>
    <motionState vehicle="4" speed="7541" time="8730" acceleration="48"/>
    <motionState vehicle="5" speed="2964" time="8730" acceleration="1254"/>
    <motionState vehicle="6" speed="3083" time="8730" acceleration="248"/>
    <motionState vehicle="7" speed="3097" time="8730" acceleration="-888"/>
    <motionState vehicle="8" speed="2997" time="8730" acceleration="-1623"/>
    <motionState vehicle="9" speed="2827" time="8730" acceleration="-1577"/>
    <motionState vehicle="10" speed="2670" time="8730" acceleration="-760"/>
    <motionState vehicle="11" speed="2601" time="8730" acceleration="411"/>
    <motionState vehicle="0" speed="7415" time="8740" acceleration="1650"/>
    <motionState vehicle="1" speed="2653" time="8740" acceleration="1378"/>
    <motionState vehicle="2" speed="7554" time="8740" acceleration="38"/>
    <motionState vehicle="3" speed="2797" time="8740" acceleration="1689"/>
    <motionState vehicle="4" speed="7541" time="8740" acceleration="51"/>
    <motionState vehicle="5" speed="2965" time="8740" acceleration="1244"/>
    <motionState vehicle="6" speed="3083" time="8740" acceleration="237"/>
    <motionState vehicle="7" speed="3096" time="8740" acceleration="-895"/>
    <motionState vehicle="8" speed="2995" time="8740" acceleration="-1623"/>
    <motionState vehicle="9" speed="2826" time="8740" acceleration="-1569"/>
    <motionState vehicle="10" speed="2669" time="8740" acceleration="-748"/>
    <motionState vehicle="11" speed="2601" time="8740" acceleration="421"/>
    <motionState vehicle="0" speed="7417" time="8750" acceleration="1633"/>
    <motionState vehicle="1" speed="2654" time="8750" acceleration="1381"/>
    <motionState vehicle="2" speed="7554" time="8750" acceleration="36"/>
    <motionState vehicle="3" speed="2798" time="8750" acceleration="1685"/>
    <motionState vehicle="4" speed="7541" time="8750" acceleration="53"/>
    <motionState vehicle="5" speed="2967" time="8750" acceleration="1235"/>
    <motionState vehicle="6" speed="3084" time="8750" acceleration="226"/>
    <motionState vehicle="7" speed="3095" time="8750" acceleration="-903"/>
    <motionState vehicle="8" speed="2994" time="8750" acceleration="-1623"/>
    <motionState vehicle="9" speed="2824" time="8750" acceleration="-1562"/>
    <motionState vehicle="10" speed="2668" time="8750" acceleration="-737"/>
    <motionState vehicle="11" speed="2602" time="8750" acceleration="430"/>
    <motionState vehicle="0" speed="7419" time="8760" acceleration="1616"/>
    <motionState vehicle="1" speed="2655" time="8760" acceleration="1384"/>
    <motionState vehicle="2" speed="7554" time="8760" acceleration="35"/>
    <motionState vehicle="3" speed="2800" time="8760" acceleration="1681"/>
    <motionState vehicle="4" speed="7541" time="8760" acceleration="56"/>
    <motionState vehicle="5" speed="2968" time="8760" acceleration="1225"/>
    <motionState vehicle="6" speed="3084" time="8760" acceleration="214"/>
    <motionState vehicle="7" speed="3094" time="8760" acceleration="-911"/>
    <motionState vehicle="8" speed="2992" time="8760" acceleration="-1623"/>
    <motionState vehicle="9" speed="2823" time="8760" acceleration="-1554"/>
    <motionState vehicle="10" speed="2668" time="8760" acceleration="-726"/>
    <motionState vehicle="11" speed="2602" time="8760" acceleration="440"/>
    <motionState vehicle="0" speed="7420" time="8770" acceleration="1599"/>
    <motionState vehicle="1" speed="2657" time="8770" acceleration="1388"/>
    <motionState vehicle="2" speed="7554" time="8770" acceleration="34"/>
    <motionState vehicle="3" speed="2802" time="8770" acceleration="1676"/>
    <motionState vehicle="4" speed="7541" time="8770" acceleration="58"/>
    <motionState vehicle="5" speed="2969" time="8770" acceleration="1215"/>
    <motionState vehicle="6" speed="3084" time="8770" acceleration="203"/>
    <motionState vehicle="7" speed="3094" time="8770" acceleration="-918"/>
    <motionState vehicle="8" speed="2990" time="8770" acceleration="-1623"/>
    <motionState vehicle="9" speed="2821" time="8770" acceleration="-1547"/>
    <motionState vehicle="10" speed="2667" time="8770" acceleration="-714"/>
    <motionState vehicle="11" speed="2603" time="8770" acceleration="449"/>
    <motionState vehicle="0" speed="7422" time="8780" acceleration="1583"/>
    <motionState vehicle="1" speed="2658" time="8780" acceleration="1391"/>
    <motionState vehicle="2" speed="7554" time="8780" acceleration="32"/>
    <motionState vehicle="3" speed="2803" time="8780" acceleration="1672"/>
    <motionState vehicle="4" speed="7541" time="8780" acceleration="61"/>
    <motionState vehicle="5" speed="2970" time="8780" acceleration="1205"/>
    <motionState vehicle="6" speed="3084" time="8780" acceleration="192"/>
    <motionState vehicle="7" speed="3093" time="8780" acceleration="-926"/>
    <motionState vehicle="8" speed="2989" time="8780" acceleration="-1623"/>
    <motionState vehicle="9" speed="2820" time="8780" acceleration="-1539"/>
    <motionState vehicle="10" speed="2666" time="8780" acceleration="-703"/>
    <motionState vehicle="11" speed="2603" time="8780" acceleration="459"/>
    <motionState vehicle="0" speed="7423" time="8790" acceleration="1566"/>
    <motionState vehicle="1" speed="2660" time="8790" acceleration="1394"/>
    <motionState vehicle="2" speed="7554" time="8790" acceleration="31"/>
    <motionState vehicle="3" speed="2805" time="8790" acceleration="1668"/>
    <motionState vehicle="4" speed="7541" time="8790" acceleration="63"/>
    <motionState vehicle="5" speed="2971" time="8790" acceleration="1195"/>
    <motionState vehicle="6" speed="3084" time="8790" acceleration="181"/>
    <motionState vehicle="7" speed="3092" time="8790" acceleration="-933"/>
    <motionState vehicle="8" speed="2987" time="8790" acceleration="-1623"/>
    <motionState vehicle="9" speed="2818" time="8790" acceleration="-1531"/>
    <motionState vehicle="10" speed="2666" time="8790" acceleration="-692"/>
    <motionState vehicle="11" speed="2604" time="8790" acceleration="468"/>
    <motionState vehicle="0" speed="7425" time="8800" acceleration="1550"/>
    <motionState vehicle="1" speed="2661" time="8800" acceleration="1397"/>
    <motionState vehicle="2" speed="7554" time="8800" acceleration="30"/>
    <motionState vehicle="3" speed="2807" time="8800" acceleration="1664"/>
    <motionState vehicle="4" speed="7541" time="8800" acceleration="66"/>
    <motionState vehicle="5" speed="2973" time="8800" acceleration="1186"/>
    <motionState vehicle="6" speed="3085" time="8800" acceleration="170"/>
    <motionState vehicle="7" speed="3091" time="8800" acceleration="-940"/>
    <motionState vehicle="8" speed="2986" time="8800" acceleration="-1623"/>
    <motionState vehicle="9" speed="2817" time="8800" acceleration="-1524"/>
    <motionState vehicle="10" speed="2665" time="8800" acceleration="-681"/>
    <motionState vehicle="11" speed="2604" time="8800" acceleration="477"/>
    <motionState vehicle="0" speed="7426" time="8810" acceleration="1534"/>
    <motionState vehicle="1" speed="2662" time="8810" acceleration="1400"/>
    <motionState vehicle="2" speed="7554" time="8810" acceleration="29"/>
    <motionState vehicle="3" speed="2808" time="8810" acceleration="1659"/>
    <motionState vehicle="4" speed="7541" time="8810" acceleration="68"/>
    <motionState vehicle="5" speed="2974" time="8810" acceleration="1176"/>
    <motionState vehicle="6" speed="3085" time="8810" acceleration="159"/>
    <motionState vehicle="7" speed="3090" time="8810" acceleration="-947"/>
    <motionState vehicle="8" speed="2984" time="8810" acceleration="-1622"/>
    <motionState vehicle="9" speed="2815" time="8810" acceleration="-1516"/>
    <motionState vehicle="10" speed="2664" time="8810" acceleration="-670"/>
    <motionState vehicle="11" speed="2605" time="8810" acceleration="486"/>
    <motionState vehicle="0" speed="7428" time="8820" acceleration="1518"/>
    <motionState vehicle="1" speed="2664" time="8820" acceleration="1403"/>
    <motionState vehicle="2" speed="7554" time="8820" acceleration="28"/>
    <motionState vehicle="3" speed="2810" time="8820" acceleration="1655"/>
    <motionState vehicle="4" speed="7542" time="8820" acceleration="70"/>
    <motionState vehicle="5" speed="2975" time="8820" acceleration="1166"/>
    <motionState vehicle="6" speed="3085" time="8820" acceleration="148"/>
    <motionState vehicle="7" speed="3089" time="8820" acceleration="-955"/>
    <motionState vehicle="8" speed="2982" time="8820" acceleration="-1622"/>
    <motionState vehicle="9" speed="2814" time="8820" acceleration="-1508"/>
    <motionState vehicle="10" speed="2663" time="8820" acceleration="-658"/>
    <motionState vehicle="11" speed="2605" time="8820" acceleration="495"/>
    <motionState vehicle="0" speed="7429" time="8830" acceleration="1502"/>
    <motionState vehicle="1" speed="2665" time="8830" acceleration="1406"/>
    <motionState vehicle="2" speed="7554" time="8830" acceleration="27"/>
    <motionState vehicle="3" speed="2812" time="8830" acceleration="1650"/>
    <motionState vehicle="4" speed="7542" time="8830" acceleration="72"/>
    <motionState vehicle="5" speed="2976" time="8830" acceleration="1156"/>
    <motionState vehicle="6" speed="3085" time="8830" acceleration="137"/>
    <motionState vehicle="7" speed="3088" time="8830" acceleration="-962"/>
    <motionState vehicle="8" speed="2981" time="8830" acceleration="-1622"/>
    <motionState vehicle="9" speed="2812" time="8830" acceleration="-1500"/>
    <motionState vehicle="10" speed="2663" time="8830" acceleration="-647"/>
    <motionState vehicle="11" speed="2606" time="8830" acceleration="505"/>
    <motionState vehicle="0" speed="7431" time="8840" acceleration="1486"/>
    <motionState vehicle="1" speed="2667" time="8840" acceleration="1408"/>
    <motionState vehicle="2" speed="7554" time="8840" acceleration="26"/>
    <motionState vehicle="3" speed="2813" time="8840" acceleration="1646"/>
    <motionState vehicle="4" speed="7542" time="8840" acceleration="75"/>
    <motionState vehicle="5" speed="2977" time="8840" acceleration="1146"/>
    <motionState vehicle="6" speed="3085" time="8840" acceleration="126"/>
    <motionState vehicle="7" speed="3087" time="8840" acceleration="-969"/>
    <motionState vehicle="8" speed="2979" time="8840" acceleration="-1621"/>
    <motionState vehicle="9" speed="2811" time="8840" acceleration="-1493"/>
    <motionState vehicle="10" speed="2662" time="8840" acceleration="-636"/>
    <motionState vehicle="11" speed="2606" time="8840" acceleration="514"/>
    <motionState vehicle="0" speed="7432" time="8850" acceleration="1471"/>
    <motionState vehicle="1" speed="2668" time="8850" acceleration="1411"/>
    <motionState vehicle="2" speed="7554" time="8850" acceleration="25"/>
    <motionState vehicle="3" speed="2815" time="8850" acceleration="1641"/>
    <motionState vehicle="4" speed="7542" time="8850" acceleration="77"/>
    <motionState vehicle="5" speed="2978" time="8850" acceleration="1136"/>
    <motionState vehicle="6" speed="3085" time="8850" acceleration="115"/>
    <motionState vehicle="7" speed="3086" time="8850" acceleration="-976"/>
    <motionState vehicle="8" speed="2977" time="8850" acceleration="-1620"/>
    <motionState vehicle="9" speed="2809" time="8850" acceleration="-1485"/>
    <motionState vehicle="10" speed="2662" time="8850" acceleration="-625"/>
    <motionState vehicle="11" speed="2607" time="8850" acceleration="522"/>
    <motionState vehicle="0" speed="7434" time="8860" acceleration="1455"/>
    <motionState vehicle="1" speed="2669" time="8860" acceleration="1414"/>
    <motionState vehicle="2" speed="7554" time="8860" acceleration="24"/>
    <motionState vehicle="3" speed="2817" time="8860" acceleration="1637"/>
    <motionState vehicle="4" speed="7542" time="8860" acceleration="79"/>
    <motionState vehicle="5" speed="2980" time="8860" acceleration="1126"/>
    <motionState vehicle="6" speed="3085" time="8860" acceleration="104"/>
    <motionState vehicle="7" speed="3085" time="8860" acceleration="-982"/>
    <motionState vehicle="8" speed="2976" time="8860" acceleration="-1620"/>
    <motionState vehicle="9" speed="2808" time="8860" acceleration="-1477"/>
    <motionState vehicle="10" speed="2661" time="8860" acceleration="-614"/>
    <motionState vehicle="11" speed="2607" time="8860" acceleration="531"/>
    <motionState vehicle="0" speed="7435" time="8870" acceleration="1440"/>
    <motionState vehicle="1" speed="2671" time="8870" acceleration="1416"/>
    <motionState vehicle="2" speed="7554" time="8870" acceleration="23"/>
    <motionState vehicle="3" speed="2818" time="8870" acceleration="1632"/>
    <motionState vehicle="4" speed="7542" time="8870" acceleration="81"/>
    <motionState vehicle="5" speed="2981" time="8870" acceleration="1116"/>
    <motionState vehicle="6" speed="3085" time="8870" acceleration="93"/>
    <motionState vehicle="7" speed="3084" time="8870" acceleration="-989"/>
    <motionState vehicle="8" speed="2974" time="8870" acceleration="-1619"/>
    <motionState vehicle="9" speed="2806" time="8870" acceleration="-1469"/>
    <motionState vehicle="10" speed="2660" time="8870" acceleration="-603"/>
    <motionState vehicle="11" speed="2608" time="8870" acceleration="540"/>
    <motionState vehicle="0" speed="7437" time="8880" acceleration="1425"/>
    <motionState vehicle="1" speed="2672" time="8880" acceleration="1419"/>
    <motionState vehicle="2" speed="7554" time="8880" acceleration="22"/>
    <motionState vehicle="3" speed="2820" time="8880" acceleration="1627"/>
    <motionState vehicle="4" speed="7542" time="8880" acceleration="83"/>
    <motionState vehicle="5" speed="2982" time="8880" acceleration="1106"/>
    <motionState vehicle="6" speed="3085" time="8880" acceleration="82"/>
    <motionState vehicle="7" speed="3083" time="8880" acceleration="-996"/>
    <motionState vehicle="8" speed="2973" time="8880" acceleration="-1618"/>
    <motionState vehicle="9" speed="2805" time="8880" acceleration="-1461"/>
    <motionState vehicle="10" speed="2660" time="8880" acceleration="-591"/>
    <motionState vehicle="11" speed="2608" time="8880" acceleration="549"/>
    <motionState vehicle="0" speed="7438" time="8890" acceleration="1410"/>
    <motionState vehicle="1" speed="2674" time="8890" acceleration="1421"/>
    <motionState vehicle="2" speed="7554" time="8890" acceleration="22"/>
    <motionState vehicle="3" speed="2821" time="8890" acceleration="1622"/>
    <motionState vehicle="4" speed="7542" time="8890" acceleration="84"/>
    <motionState vehicle="5" speed="2983" time="8890" acceleration="1097"/>
    <motionState vehicle="6" speed="3086" time="8890" acceleration="71"/>
    <motionState vehicle="7" speed="3082" time="8890" acceleration="-1002"/>
    <motionState vehicle="8" speed="2971" time="8890" acceleration="-1617"/>
    <motionState vehicle="9" speed="2803" time="8890" acceleration="-1453"/>
    <motionState vehicle="10" speed="2659" time="8890" acceleration="-580"/>
    <motionState vehicle="11" speed="2609" time="8890" acceleration="558"/>
    <motionState vehicle="0" speed="7440" time="8900" acceleration="1395"/>
    <motionState vehicle="1" speed="2675" time="8900" acceleration="1423"/>
    <motionState vehicle="2" speed="7555" time="8900" acceleration="21"/>
    <motionState vehicle="3" speed="2823" time="8900" acceleration="1617"/>
    <motionState vehicle="4" speed="7542" time="8900" acceleration="86"/>
    <motionState vehicle="5" speed="2984" time="8900" acceleration="1087"/>
    <motionState vehicle="6" speed="3086" time="8900" acceleration="61"/>
    <motionState vehicle="7" speed="3081" time="8900" acceleration="-1009"/>
    <motionState vehicle="8" speed="2969" time="8900" acceleration="-1616"/>
    <motionState vehicle="9" speed="2802" time="8900" acceleration="-1445"/>
    <motionState vehicle="10" speed="2659" time="8900" acceleration="-569"/>
    <motionState vehicle="11" speed="2609" time="8900" acceleration="566"/>
    <motionState vehicle="0" speed="7441" time="8910" acceleration="1380"/>
    <motionState vehicle="1" speed="2677" time="8910" acceleration="1426"/>
    <motionState vehicle="2" speed="7555" time="8910" acceleration="20"/>
    <motionState vehicle="3" speed="2825" time="8910" acceleration="1613"/>
    <motionState vehicle="4" speed="7542" time="8910" acceleration="88"/>
    <motionState vehicle="5" speed="2985" time="8910" acceleration="1077"/>
    <motionState vehicle="6" speed="3086" time="8910" acceleration="50"/>
    <motionState vehicle="7" speed="3080" time="8910" acceleration="-1015"/>
    <motionState vehicle="8" speed="2968" time="8910" acceleration="-1615"/>
    <motionState vehicle="9" speed="2800" time="8910" acceleration="-1437"/>
    <motionState vehicle="10" speed="2658" time="8910" acceleration="-558"/>
    <motionState vehicle="11" speed="2610" time="8910" acceleration="575"/>
    <motionState vehicle="0" speed="7442" time="8920" acceleration="1366"/>
    <motionState vehicle="1" speed="2678" time="8920" acceleration="1428"/>
    <motionState vehicle="2" speed="7555" time="8920" acceleration="19"/>
    <motionState vehicle="3" speed="2826" time="8920" acceleration="1608"/>
    <motionState vehicle="4" speed="7542" time="8920" acceleration="90"/>
    <motionState vehicle="5" speed="2986" time="8920" acceleration="1067"/>
    <motionState vehicle="6" speed="3086" time="8920" acceleration="39"/>
    <motionState vehicle="7" speed="3079" time="8920" acceleration="-1022"/>
    <motionState vehicle="8" speed="2966" time="8920" acceleration="-1614"/>
    <motionState vehicle="9" speed="2799" time="8920" acceleration="-1429"/>
    <motionState vehicle="10" speed="2658" time="8920" acceleration="-547"/>
    <motionState vehicle="11" speed="2611" time="8920" acceleration="584"/>
    <motionState vehicle="0" speed="7444" time="8930" acceleration="1351"/>
    <motionState vehicle="1" speed="2679" time="8930" acceleration="1430"/>
    <motionState vehicle="2" speed="7555" time="8930" acceleration="19"/>
    <motionState vehicle="3" speed="2828" time="8930" acceleration="1603"/>
    <motionState vehicle="4" speed="7542" time="8930" acceleration="91"/>
    <motionState vehicle="5" speed="2987" time="8930" acceleration="1057"/>
    <motionState vehicle="6" speed="3086" time="8930" acceleration="29"/>
    <motionState vehicle="7" speed="3078" time="8930" acceleration="-1028"/>
    <motionState vehicle="8" speed="2965" time="8930" acceleration="-1613"/>
    <motionState vehicle="9" speed="2797" time="8930" acceleration="-1420"/>
    <motionState vehicle="10" speed="2657" time="8930" acceleration="-536"/>
    <motionState vehicle="11" speed="2611" time="8930" acceleration="592"/>
    <motionState vehicle="0" speed="7445" time="8940" acceleration="1337"/>
    <motionState vehicle="1" speed="2681" time="8940" acceleration="1432"/>
    <motionState vehicle="2" speed="7555" time="8940" acceleration="18"/>
    <motionState vehicle="3" speed="2829" time="8940" acceleration="1598"/>
    <motionState vehicle="4" speed="7543" time="8940" acceleration="93"/>
    <motionState vehicle="5" speed="2988" time="8940" acceleration="1047"/>
    <motionState vehicle="6" speed="3086" time="8940" acceleration="18"/>
    <motionState vehicle="7" speed="3077" time="8940" acceleration="-1034"/>
    <motionState vehicle="8" speed="2963" time="8940" acceleration="-1612"/>
    <motionState vehicle="9" speed="2796" time="8940" acceleration="-1412"/>
    <motionState vehicle="10" speed="2656" time="8940" acceleration="-525"/>
    <motionState vehicle="11" speed="2612" time="8940" acceleration="601"/>
    <motionState vehicle="0" speed="7446" time="8950" acceleration="1323"/>
    <motionState vehicle="1" speed="2682" time="8950" acceleration="1434"/>
    <motionState vehicle="2" speed="7555" time="8950" acceleration="18"/>
    <motionState vehicle="3" speed="2831" time="8950" acceleration="1592"/>
    <motionState vehicle="4" speed="7543" time="8950" acceleration="95"/>
    <motionState vehicle="5" speed="2989" time="8950" acceleration="1037"/>
    <motionState vehicle="6" speed="3086" time="8950" acceleration="7"/>
    <motionState vehicle="7" speed="3076" time="8950" acceleration="-1041"/>
    <motionState vehicle="8" speed="2961" time="8950" acceleration="-1611"/>
    <motionState vehicle="9" speed="2795" time="8950" acceleration="-1404"/>
    <motionState vehicle="10" speed="2656" time="8950" acceleration="-514"/>
    <motionState vehicle="11" speed="2612" time="8950" acceleration="609"/>
    <motionState vehicle="0" speed="7448" time="8960" acceleration="1309"/>
    <motionState vehicle="1" speed="2684" time="8960" acceleration="1436"/>
    <motionState vehicle="2" speed="7555" time="8960" acceleration="17"/>
    <motionState vehicle="3" speed="2833" time="8960" acceleration="1587"/>
    <motionState vehicle="4" speed="7543" time="8960" acceleration="96"/>
    <motionState vehicle="5" speed="2990" time="8960" acceleration="1027"/>
    <motionState vehicle="6" speed="3086" time="8960" acceleration="-2"/>
    <motionState vehicle="7" speed="3075" time="8960" acceleration="-1047"/>
    <motionState vehicle="8" speed="2960" time="8960" acceleration="-1609"/>
    <motionState vehicle="9" speed="2793" time="8960" acceleration="-1396"/>
    <motionState vehicle="10" speed="2655" time="8960" acceleration="-503"/>
    <motionState vehicle="11" speed="2613" time="8960" acceleration="617"/>
    <motionState vehicle="0" speed="7449" time="8970" acceleration="1295"/>
    <motionState vehicle="1" speed="2685" time="8970" acceleration="1438"/>
    <motionState vehicle="2" speed="7555" time="8970" acceleration="16"/>
    <motionState vehicle="3" speed="2834" time="8970" acceleration="1582"/>
    <motionState vehicle="4" speed="7543" time="8970" acceleration="98"/>
    <motionState vehicle="5" speed="2991" time="8970" acceleration="1017"/>
    <motionState vehicle="6" speed="3086" time="8970" acceleration="-12"/>
    <motionState vehicle="7" speed="3074" time="8970" acceleration="-1053"/>
    <motionState vehicle="8" speed="2958" time="8970" acceleration="-1608"/>
    <motionState vehicle="9" speed="2792" time="8970" acceleration="-1387"/>
    <motionState vehicle="10" speed="2655" time="8970" acceleration="-492"/>
    <motionState vehicle="11" speed="2614" time="8970" acceleration="626"/>
    <motionState vehicle="0" speed="7450" time="8980" acceleration="1281"/>
    <motionState vehicle="1" speed="2687" time="8980" acceleration="1440"/>
    <motionState vehicle="2" speed="7555" time="8980" acceleration="16"/>
    <motionState vehicle="3" speed="2836" time="8980" acceleration="1577"/>
    <motionState vehicle="4" speed="7543" time="8980" acceleration="99"/>
    <motionState vehicle="5" speed="2992" time="8980" acceleration="1007"/>
    <motionState vehicle="6" speed="3086" time="8980" acceleration="-23"/>
    <motionState vehicle="7" speed="3073" time="8980" acceleration="-1059"/>
    <motionState vehicle="8" speed="2957" time="8980" acceleration="-1606"/>
    <motionState vehicle="9" speed="2790" time="8980" acceleration="-1379"/>
    <motionState vehicle="10" speed="2654" time="8980" acceleration="-482"/>
    <motionState vehicle="11" speed="2614" time="8980" acceleration="634"/>
    <motionState vehicle="0" speed="7451" time="8990" acceleration="1267"/>
    <motionState vehicle="1" speed="2688" time="8990" acceleration="1441"/>
    <motionState vehicle="2" speed="7555" time="8990" acceleration="16"/>
    <motionState vehicle="3" speed="2837" time="8990" acceleration="1572"/>
    <motionState vehicle="4" speed="7543" time="8990" acceleration="101"/>
    <motionState vehicle="5" speed="2993" time="8990" acceleration="997"/>
    <motionState vehicle="6" speed="3086" time="8990" acceleration="-33"/>
    <motionState vehicle="7" speed="3072" time="8990" acceleration="-1065"/>
    <motionState vehicle="8" speed="2955" time="8990" acceleration="-1605"/>
    <motionState vehicle="9" speed="2789" time="8990" acceleration="-1371"/>
    <motionState vehicle="10" speed="2654" time="8990" acceleration="-471"/>
    <motionState vehicle="11" speed="2615" time="8990" acceleration="642"/>
    <motionState vehicle="0" speed="7453" time="9000" acceleration="1254"/>
    <motionState vehicle="1" speed="2689" time="9000" acceleration="1443"/>
    <motionState vehicle="2" speed="7555" time="9000" acceleration="15"/>
    <motionState vehicle="3" speed="2839" time="9000" acceleration="1566"/>
    <motionState vehicle="4" speed="7543" time="9000" acceleration="102"/>
    <motionState vehicle="5" speed="2994" time="9000" acceleration="987"/>
    <motionState vehicle="6" speed="3086" time="9000" acceleration="-44"/>
    <motionState vehicle="7" speed="3071" time="9000" acceleration="-1071"/>
    <motionState vehicle="8" speed="2953" time="9000" acceleration="-1603"/>
    <motionState vehicle="9" speed="2788" time="9000" acceleration="-1362"/>
    <motionState vehicle="10" speed="2654" time="9000" acceleration="-460"/>
    <motionState vehicle="11" speed="2616" time="9000" acceleration="650"/>
    <motionState vehicle="0" speed="7454" time="9010" acceleration="1240"/>
    <motionState vehicle="1" speed="2691" time="9010" acceleration="1445"/>
    <motionState vehicle="2" speed="7555" time="9010" acceleration="15"/>
    <motionState vehicle="3" speed="2841" time="9010" acceleration="1561"/>
    <motionState vehicle="4" speed="7543" time="9010" acceleration="103"/>
    <motionState vehicle="5" speed="2995" time="9010" acceleration="977"/>
    <motionState vehicle="6" speed="3086" time="9010" acceleration="-54"/>
    <motionState vehicle="7" speed="3069" time="9010" acceleration="-1076"/>
    <motionState vehicle="8" speed="2952" time="9010" acceleration="-1601"/>
    <motionState vehicle="9" speed="2786" time="9010" acceleration="-1354"/>
    <motionState vehicle="10" speed="2653" time="9010" acceleration="-449"/>
    <motionState vehicle="11" speed="2616" time="9010" acceleration="658"/>
    <motionState vehicle="0" speed="7455" time="9020" acceleration="1227"/>
    <motionState vehicle="1" speed="2692" time="9020" acceleration="1446"/>
    <motionState vehicle="2" speed="7555" time="9020" acceleration="14"/>
    <motionState vehicle="3" speed="2842" time="9020" acceleration="1555"/>
    <motionState vehicle="4" speed="7543" time="9020" acceleration="105"/>
    <motionState vehicle="5" speed="2996" time="9020" acceleration="966"/>
    <motionState vehicle="6" speed="3086" time="9020" acceleration="-64"/>
    <motionState vehicle="7" speed="3068" time="9020" acceleration="-1082"/>
    <motionState vehicle="8" speed="2950" time="9020" acceleration="-1599"/>
    <motionState vehicle="9" speed="2785" time="9020" acceleration="-1346"/>
    <motionState vehicle="10" speed="2653" time="9020" acceleration="-438"/>
    <motionState vehicle="11" speed="2617" time="9020" acceleration="666"/>
    <motionState vehicle="0" speed="7456" time="9030" acceleration="1214"/>
    <motionState vehicle="1" speed="2694" time="9030" acceleration="1448"/>
    <motionState vehicle="2" speed="7555" time="9030" acceleration="14"/>
    <motionState vehicle="3" speed="2844" time="9030" acceleration="1550"/>
    <motionState vehicle="4" speed="7543" time="9030" acceleration="106"/>
    <motionState vehicle="5" speed="2997" time="9030" acceleration="956"/>
    <motionState vehicle="6" speed="3085" time="9030" acceleration="-74"/>
    <motionState vehicle="7" speed="3067" time="9030" acceleration="-1088"/>
    <motionState vehicle="8" speed="2948" time="9030" acceleration="-1598"/>
    <motionState vehicle="9" speed="2784" time="9030" acceleration="-1337"/>
    <motionState vehicle="10" speed="2652" time="9030" acceleration="-427"/>
    <motionState vehicle="11" speed="2618" time="9030" acceleration="674"/>
    <motionState vehicle="0" speed="7458" time="9040" acceleration="1201"/>
    <motionState vehicle="1" speed="2695" time="9040" acceleration="1449"/>
    <motionState vehicle="2" speed="7555" time="9040" acceleration="14"/>
    <motionState vehicle="3" speed="2845" time="9040" acceleration="1544"/>
    <motionState vehicle="4" speed="7544" time="9040" acceleration="107"/>
    <motionState vehicle="5" speed="2998" time="9040" acceleration="946"/>
    <motionState vehicle="6" speed="3085" time="9040" acceleration="-85"/>
    <motionState vehicle="7" speed="3066" time="9040" acceleration="-1093"/>
    <motionState vehicle="8" speed="2947" time="9040" acceleration="-1596"/>
    <motionState vehicle="9" speed="2782" time="9040" acceleration="-1329"/>
    <motionState vehicle="10" speed="2652" time="9040" acceleration="-417"/>
    <motionState vehicle="11" speed="2618" time="9040" acceleration="682"/>
    <motionState vehicle="0" speed="7459" time="9050" acceleration="1188"/>
    <motionState vehicle="1" speed="2697" time="9050" acceleration="1450"/>
    <motionState vehicle="2" speed="7555" time="9050" acceleration="13"/>
    <motionState vehicle="3" speed="2847" time="9050" acceleration="1539"/>
    <motionState vehicle="4" speed="7544" time="9050" acceleration="108"/>
    <motionState vehicle="5" speed="2999" time="9050" acceleration="936"/>
    <motionState vehicle="6" speed="3085" time="9050" acceleration="-95"/>
    <motionState vehicle="7" speed="3065" time="9050" acceleration="-1099"/>
    <motionState vehicle="8" speed="2945" time="9050" acceleration="-1594"/>
    <motionState vehicle="9" speed="2781" time="9050" acceleration="-1320"/>
    <motionState vehicle="10" speed="2651" time="9050" acceleration="-406"/>
    <motionState vehicle="11" speed="2619" time="9050" acceleration="689"/>
    <motionState vehicle="0" speed="7460" time="9060" acceleration="1175"/>
    <motionState vehicle="1" speed="2698" time="9060" acceleration="1452"/>
    <motionState vehicle="2" speed="7555" time="9060" acceleration="13"/>
    <motionState vehicle="3" speed="2848" time="9060" acceleration="1533"/>
    <motionState vehicle="4" speed="7544" time="9060" acceleration="109"/>
    <motionState vehicle="5" speed="3000" time="9060" acceleration="926"/>
    <motionState vehicle="6" speed="3085" time="9060" acceleration="-105"/>
    <motionState vehicle="7" speed="3064" time="9060" acceleration="-1104"/>
    <motionState vehicle="8" speed="2944" time="9060" acceleration="-1592"/>
    <motionState vehicle="9" speed="2780" time="9060" acceleration="-1312"/>
    <motionState vehicle="10" speed="2651" time="9060" acceleration="-395"/>
    <motionState vehicle="11" speed="2620" time="9060" acceleration="697"/>
    <motionState vehicle="0" speed="7461" time="9070" acceleration="1163"/>
    <motionState vehicle="1" speed="2700" time="9070" acceleration="1453"/>
    <motionState vehicle="2" speed="7555" time="9070" acceleration="13"/>
    <motionState vehicle="3" speed="2850" time="9070" acceleration="1528"/>
    <motionState vehicle="4" speed="7544" time="9070" acceleration="110"/>
    <motionState vehicle="5" speed="3001" time="9070" acceleration="916"/>
    <motionState vehicle="6" speed="3085" time="9070" acceleration="-115"/>
    <motionState vehicle="7" speed="3063" time="9070" acceleration="-1109"/>
    <motionState vehicle="8" speed="2942" time="9070" acceleration="-1590"/>
    <motionState vehicle="9" speed="2778" time="9070" acceleration="-1303"/>
    <motionState vehicle="10" speed="2651" time="9070" acceleration="-384"/>
    <motionState vehicle="11" speed="2620" time="9070" acceleration="705"/>
    <motionState vehicle="0" speed="7462" time="9080" acceleration="1150"/>
    <motionState vehicle="1" speed="2701" time="9080" acceleration="1454"/>
    <motionState vehicle="2" speed="7555" time="9080" acceleration="13"/>
    <motionState vehicle="3" speed="2851" time="9080" acceleration="1522"/>
    <motionState vehicle="4" speed="7544" time="9080" acceleration="111"/>
    <motionState vehicle="5" speed="3002" time="9080" acceleration="906"/>
    <motionState vehicle="6" speed="3085" time="9080" acceleration="-125"/>
    <motionState vehicle="7" speed="3062" time="9080" acceleration="-1115"/>
    <motionState vehicle="8" speed="2941" time="9080" acceleration="-1587"/>
    <motionState vehicle="9" speed="2777" time="9080" acceleration="-1295"/>
    <motionState vehicle="10" speed="2650" time="9080" acceleration="-374"/>
    <motionState vehicle="11" speed="2621" time="9080" acceleration="712"/>
    <motionState vehicle="0" speed="7463" time="9090" acceleration="1138"/>
    <motionState vehicle="1" speed="2703" time="9090" acceleration="1455"/>
    <motionState vehicle="2" speed="7555" time="9090" acceleration="12"/>
    <motionState vehicle="3" speed="2853" time="9090" acceleration="1516"/>
    <motionState vehicle="4" speed="7544" time="9090" acceleration="112"/>
    <motionState vehicle="5" speed="3003" time="9090" acceleration="896"/>
    <motionState vehicle="6" speed="3085" time="9090" acceleration="-135"/>
    <motionState vehicle="7" speed="3061" time="9090" acceleration="-1120"/>
    <motionState vehicle="8" speed="2939" time="9090" acceleration="-1585"/>
    <motionState vehicle="9" speed="2776" time="9090" acceleration="-1286"/>
    <motionState vehicle="10" speed="2650" time="9090" acceleration="-363"/>
    <motionState vehicle="11" speed="2622" time="9090" acceleration="720"/>
    <motionState vehicle="0" speed="7465" time="9100" acceleration="1126"/>
    <motionState vehicle="1" speed="2704" time="9100" acceleration="1456"/>
    <motionState vehicle="2" speed="7555" time="9100" acceleration="12"/>
    <motionState vehicle="3" speed="2854" time="9100" acceleration="1510"/>
    <motionState vehicle="4" speed="7544" time="9100" acceleration="113"/>
    <motionState vehicle="5" speed="3004" time="9100" acceleration="886"/>
    <motionState vehicle="6" speed="3085" time="9100" acceleration="-145"/>
    <motionState vehicle="7" speed="3059" time="9100" acceleration="-1125"/>
    <motionState vehicle="8" speed="2937" time="9100" acceleration="-1583"/>
    <motionState vehicle="9" speed="2775" time="9100" acceleration="-1277"/>
    <motionState vehicle="10" speed="2650" time="9100" acceleration="-353"/>
    <motionState vehicle="11" speed="2622" time="9100" acceleration="727"/>
    <motionState vehicle="0" speed="7466" time="9110" acceleration="1113"/>
    <motionState vehicle="1" speed="2705" time="9110" acceleration="1457"/>
    <motionState vehicle="2" speed="7555" time="9110" acceleration="12"/>
    <motionState vehicle="3" speed="2856" time="9110" acceleration="1505"/>
    <motionState vehicle="4" speed="7544" time="9110" acceleration="114"/>
    <motionState vehicle="5" speed="3005" time="9110" acceleration="876"/>
    <motionState vehicle="6" speed="3084" time="9110" acceleration="-155"/>
    <motionState vehicle="7" speed="3058" time="9110" acceleration="-1130"/>
    <motionState vehicle="8" speed="2936" time="9110" acceleration="-1580"/>
    <motionState vehicle="9" speed="2773" time="9110" acceleration="-1269"/>
    <motionState vehicle="10" speed="2649" time="9110" acceleration="-342"/>
    <motionState vehicle="11" speed="2623" time="9110" acceleration="735"/>
    <motionState vehicle="0" speed="7467" time="9120" acceleration="1101"/>
    <motionState vehicle="1" speed="2707" time="9120" acceleration="1458"/>
    <motionState vehicle="2" speed="7555" time="9120" acceleration="12"/>
    <motionState vehicle="3" speed="2857" time="9120" acceleration="1499"/>
    <motionState vehicle="4" speed="7544" time="9120" acceleration="115"/>
    <motionState vehicle="5" speed="3005" time="9120" acceleration="866"/>
    <motionState vehicle="6" speed="3084" time="9120" acceleration="-164"/>
    <motionState vehicle="7" speed="3057" time="9120" acceleration="-1135"/>
    <motionState vehicle="8" speed="2934" time="9120" acceleration="-1578"/>
    <motionState vehicle="9" speed="2772" time="9120" acceleration="-1260"/>
    <motionState vehicle="10" speed="2649" time="9120" acceleration="-331"/>
    <motionState vehicle="11" speed="2624" time="9120" acceleration="742"/>
    <motionState vehicle="0" speed="7468" time="9130" acceleration="1089"/>
    <motionState vehicle="1" speed="2708" time="9130" acceleration="1459"/>
    <motionState vehicle="2" speed="7555" time="9130" acceleration="12"/>
    <motionState vehicle="3" speed="2859" time="9130" acceleration="1493"/>
    <motionState vehicle="4" speed="7545" time="9130" acceleration="116"/>
    <motionState vehicle="5" speed="3006" time="9130" acceleration="856"/>
    <motionState vehicle="6" speed="3084" time="9130" acceleration="-174"/>
    <motionState vehicle="7" speed="3056" time="9130" acceleration="-1140"/>
    <motionState vehicle="8" speed="2933" time="9130" acceleration="-1575"/>
    <motionState vehicle="9" speed="2771" time="9130" acceleration="-1251"/>
    <motionState vehicle="10" speed="2649" time="9130" acceleration="-321"/>
    <motionState vehicle="11" speed="2625" time="9130" acceleration="750"/>
    <motionState vehicle="0" speed="7469" time="9140" acceleration="1078"/>
    <motionState vehicle="1" speed="2710" time="9140" acceleration="1459"/>
    <motionState vehicle="2" speed="7555" time="9140" acceleration="12"/>
    <motionState vehicle="3" speed="2860" time="9140" acceleration="1487"/>
    <motionState vehicle="4" speed="7545" time="9140" acceleration="117"/>
    <motionState vehicle="5" speed="3007" time="9140" acceleration="846"/>
    <motionState vehicle="6" speed="3084" time="9140" acceleration="-184"/>
    <motionState vehicle="7" speed="3055" time="9140" acceleration="-1145"/>
    <motionState vehicle="8" speed="2931" time="9140" acceleration="-1573"/>
    <motionState vehicle="9" speed="2770" time="9140" acceleration="-1243"/>
    <motionState vehicle="10" speed="2648" time="9140" acceleration="-310"/>
    <motionState vehicle="11" speed="2625" time="9140" acceleration="757"/>
    <motionState vehicle="0" speed="7470" time="9150" acceleration="1066"/>
    <motionState vehicle="1" speed="2711" time="9150" acceleration="1460"/>
    <motionState vehicle="2" speed="7555" time="9150" acceleration="12"/>
    <motionState vehicle="3" speed="2862" time="9150" acceleration="1481"/>
    <motionState vehicle="4" speed="7545" time="9150" acceleration="118"/>
    <motionState vehicle="5" speed="3008" time="9150" acceleration="836"/>
    <motionState vehicle="6" speed="3084" time="9150" acceleration="-194"/>
    <motionState vehicle="7" speed="3054" time="9150" acceleration="-1149"/>
    <motionState vehicle="8" speed="2929" time="9150" acceleration="-1570"/>
    <motionState vehicle="9" speed="2768" time="9150" acceleration="-1234"/>
    <motionState vehicle="10" speed="2648" time="9150" acceleration="-300"/>
    <motionState vehicle="11" speed="2626" time="9150" acceleration="764"/>
    <motionState vehicle="0" speed="7471" time="9160" acceleration="1054"/>
    <motionState vehicle="1" speed="2713" time="9160" acceleration="1461"/>
    <motionState vehicle="2" speed="7555" time="9160" acceleration="12"/>
    <motionState vehicle="3" speed="2863" time="9160" acceleration="1475"/>
    <motionState vehicle="4" speed="7545" time="9160" acceleration="118"/>
    <motionState vehicle="5" speed="3009" time="9160" acceleration="826"/>
    <motionState vehicle="6" speed="3084" time="9160" acceleration="-203"/>
    <motionState vehicle="7" speed="3053" time="9160" acceleration="-1154"/>
    <motionState vehicle="8" speed="2928" time="9160" acceleration="-1568"/>
    <motionState vehicle="9" speed="2767" time="9160" acceleration="-1225"/>
    <motionState vehicle="10" speed="2648" time="9160" acceleration="-290"/>
    <motionState vehicle="11" speed="2627" time="9160" acceleration="771"/>
    <motionState vehicle="0" speed="7472" time="9170" acceleration="1043"/>
    <motionState vehicle="1" speed="2714" time="9170" acceleration="1461"/>
    <motionState vehicle="2" speed="7555" time="9170" acceleration="12"/>
    <motionState vehicle="3" speed="2865" time="9170" acceleration="1469"/>
    <motionState vehicle="4" speed="7545" time="9170" acceleration="119"/>
    <motionState vehicle="5" speed="3010" time="9170" acceleration="815"/>
    <motionState vehicle="6" speed="3083" time="9170" acceleration="-213"/>
    <motionState vehicle="7" speed="3051" time="9170" acceleration="-1159"/>
    <motionState vehicle="8" speed="2926" time="9170" acceleration="-1565"/>
    <motionState vehicle="9" speed="2766" time="9170" acceleration="-1216"/>
    <motionState vehicle="10" speed="2647" time="9170" acceleration="-279"/>
    <motionState vehicle="11" speed="2628" time="9170" acceleration="778"/>
    <motionState vehicle="0" speed="7473" time="9180" acceleration="1032"/>
    <motionState vehicle="1" speed="2716" time="9180" acceleration="1462"/>
    <motionState vehicle="2" speed="7555" time="9180" acceleration="12"/>
    <motionState vehicle="3" speed="2866" time="9180" acceleration="1463"/>
    <motionState vehicle="4" speed="7545" time="9180" acceleration="120"/>
    <motionState vehicle="5" speed="3010" time="9180" acceleration="805"/>
    <motionState vehicle="6" speed="3083" time="9180" acceleration="-222"/>
    <motionState vehicle="7" speed="3050" time="9180" acceleration="-1163"/>
    <motionState vehicle="8" speed="2925" time="9180" acceleration="-1562"/>
    <motionState vehicle="9" speed="2765" time="9180" acceleration="-1207"/>
    <motionState vehicle="10" speed="2647" time="9180" acceleration="-269"/>
    <motionState vehicle="11" speed="2629" time="9180" acceleration="785"/>
    <motionState vehicle="0" speed="7474" time="9190" acceleration="1020"/>
    <motionState vehicle="1" speed="2717" time="9190" acceleration="1462"/>
    <motionState vehicle="2" speed="7555" time="9190" acceleration="12"/>
    <motionState vehicle="3" speed="2868" time="9190" acceleration="1456"/>
    <motionState vehicle="4" speed="7545" time="9190" acceleration="120"/>
    <motionState vehicle="5" speed="3011" time="9190" acceleration="795"/>
    <motionState vehicle="6" speed="3083" time="9190" acceleration="-232"/>
    <motionState vehicle="7" speed="3049" time="9190" acceleration="-1168"/>
    <motionState vehicle="8" speed="2923" time="9190" acceleration="-1559"/>
    <motionState vehicle="9" speed="2763" time="9190" acceleration="-1199"/>
    <motionState vehicle="10" speed="2647" time="9190" acceleration="-258"/>
    <motionState vehicle="11" speed="2629" time="9190" acceleration="792"/>
    <motionState vehicle="0" speed="7475" time="9200" acceleration="1009"/>
    <motionState vehicle="1" speed="2719" time="9200" acceleration="1462"/>
    <motionState vehicle="2" speed="7555" time="9200" acceleration="12"/>
    <motionState vehicle="3" speed="2869" time="9200" acceleration="1450"/>
    <motionState vehicle="4" speed="7545" time="9200" acceleration="121"/>
    <motionState vehicle="5" speed="3012" time="9200" acceleration="785"/>
    <motionState vehicle="6" speed="3083" time="9200" acceleration="-241"/>
    <motionState vehicle="7" speed="3048" time="9200" acceleration="-1172"/>
    <motionState vehicle="8" speed="2922" time="9200" acceleration="-1556"/>
    <motionState vehicle="9" speed="2762" time="9200" acceleration="-1190"/>
    <motionState vehicle="10" speed="2647" time="9200" acceleration="-248"/>
    <motionState vehicle="11" speed="2630" time="9200" acceleration="799"/>
    <motionState vehicle="0" speed="7476" time="9210" acceleration="998"/>
    <motionState vehicle="1" speed="2720" time="9210" acceleration="1463"/>
    <motionState vehicle="2" speed="7555" time="9210" acceleration="12"/>
    <motionState vehicle="3" speed="2871" time="9210" acceleration="1444"/>
    <motionState vehicle="4" speed="7546" time="9210" acceleration="122"/>
    <motionState vehicle="5" speed="3013" time="9210" acceleration="775"/>
    <motionState vehicle="6" speed="3082" time="9210" acceleration="-251"/>
    <motionState vehicle="7" speed="3047" time="9210" acceleration="-1176"/>
    <motionState vehicle="8" speed="2920" time="9210" acceleration="-1553"/>
    <motionState vehicle="9" speed="2761" time="9210" acceleration="-1181"/>
    <motionState vehicle="10" speed="2646" time="9210" acceleration="-238"/>
    <motionState vehicle="11" speed="2631" time="9210" acceleration="806"/>
    <motionState vehicle="0" speed="7477" time="9220" acceleration="987"/>
    <motionState vehicle="1" speed="2721" time="9220" acceleration="1463"/>
    <motionState vehicle="2" speed="7555" time="9220" acceleration="12"/>
    <motionState vehicle="3" speed="2872" time="9220" acceleration="1438"/>
    <motionState vehicle="4" speed="7546" time="9220" acceleration="122"/>
    <motionState vehicle="5" speed="3013" time="9220" acceleration="765"/>
    <motionState vehicle="6" speed="3082" time="9220" acceleration="-260"/>
    <motionState vehicle="7" speed="3046" time="9220" acceleration="-1180"/>
    <motionState vehicle="8" speed="2919" time="9220" acceleration="-1550"/>
    <motionState vehicle="9" speed="2760" time="9220" acceleration="-1172"/>
    <motionState vehicle="10" speed="2646" time="9220" acceleration="-227"/>
    <motionState vehicle="11" speed="2632" time="9220" acceleration="813"/>
    <motionState vehicle="0" speed="7478" time="9230" acceleration="977"/>
    <motionState vehicle="1" speed="2723" time="9230" acceleration="1463"/>
    <motionState vehicle="2" speed="7555" time="9230" acceleration="12"/>
    <motionState vehicle="3" speed="2873" time="9230" acceleration="1431"/>
    <motionState vehicle="4" speed="7546" time="9230" acceleration="123"/>
    <motionState vehicle="5" speed="3014" time="9230" acceleration="755"/>
    <motionState vehicle="6" speed="3082" time="9230" acceleration="-270"/>
    <motionState vehicle="7" speed="3044" time="9230" acceleration="-1185"/>
    <motionState vehicle="8" speed="2917" time="9230" acceleration="-1547"/>
    <motionState vehicle="9" speed="2759" time="9230" acceleration="-1163"/>
    <motionState vehicle="10" speed="2646" time="9230" acceleration="-217"/>
    <motionState vehicle="11" speed="2633" time="9230" acceleration="819"/>
    <motionState vehicle="0" speed="7479" time="9240" acceleration="966"/>
    <motionState vehicle="1" speed="2724" time="9240" acceleration="1463"/>
    <motionState vehicle="2" speed="7555" time="9240" acceleration="12"/>
    <motionState vehicle="3" speed="2875" time="9240" acceleration="1425"/>
    <motionState vehicle="4" speed="7546" time="9240" acceleration="123"/>
    <motionState vehicle="5" speed="3015" time="9240" acceleration="745"/>
    <motionState vehicle="6" speed="3082" time="9240" acceleration="-279"/>
    <motionState vehicle="7" speed="3043" time="9240" acceleration="-1189"/>
    <motionState vehicle="8" speed="2915" time="9240" acceleration="-1544"/>
    <motionState vehicle="9" speed="2758" time="9240" acceleration="-1154"/>
    <motionState vehicle="10" speed="2646" time="9240" acceleration="-207"/>
    <motionState vehicle="11" speed="2633" time="9240" acceleration="826"/>
    <motionState vehicle="0" speed="7480" time="9250" acceleration="955"/>
    <motionState vehicle="1" speed="2726" time="9250" acceleration="1463"/>
    <motionState vehicle="2" speed="7555" time="9250" acceleration="12"/>
    <motionState vehicle="3" speed="2876" time="9250" acceleration="1419"/>
    <motionState vehicle="4" speed="7546" time="9250" acceleration="124"/>
    <motionState vehicle="5" speed="3016" time="9250" acceleration="735"/>
    <motionState vehicle="6" speed="3081" time="9250" acceleration="-288"/>
    <motionState vehicle="7" speed="3042" time="9250" acceleration="-1193"/>
    <motionState vehicle="8" speed="2914" time="9250" acceleration="-1541"/>
    <motionState vehicle="9" speed="2756" time="9250" acceleration="-1145"/>
    <motionState vehicle="10" speed="2645" time="9250" acceleration="-197"/>
    <motionState vehicle="11" speed="2634" time="9250" acceleration="832"/>
    <motionState vehicle="0" speed="7481" time="9260" acceleration="945"/>
    <motionState vehicle="1" speed="2727" time="9260" acceleration="1463"/>
    <motionState vehicle="2" speed="7555" time="9260" acceleration="12"/>
    <motionState vehicle="3" speed="2878" time="9260" acceleration="1412"/>
    <motionState vehicle="4" speed="7546" time="9260" acceleration="124"/>
    <motionState vehicle="5" speed="3016" time="9260" acceleration="725"/>
    <motionState vehicle="6" speed="3081" time="9260" acceleration="-297"/>
    <motionState vehicle="7" speed="3041" time="9260" acceleration="-1197"/>
    <motionState vehicle="8" speed="2912" time="9260" acceleration="-1537"/>
    <motionState vehicle="9" speed="2755" time="9260" acceleration="-1136"/>
    <motionState vehicle="10" speed="2645" time="9260" acceleration="-187"/>
    <motionState vehicle="11" speed="2635" time="9260" acceleration="839"/>
    <motionState vehicle="0" speed="7482" time="9270" acceleration="935"/>
    <motionState vehicle="1" speed="2729" time="9270" acceleration="1463"/>
    <motionState vehicle="2" speed="7555" time="9270" acceleration="12"/>
    <motionState vehicle="3" speed="2879" time="9270" acceleration="1406"/>
    <motionState vehicle="4" speed="7546" time="9270" acceleration="125"/>
    <motionState vehicle="5" speed="3017" time="9270" acceleration="715"/>
    <motionState vehicle="6" speed="3081" time="9270" acceleration="-306"/>
    <motionState vehicle="7" speed="3040" time="9270" acceleration="-1201"/>
    <motionState vehicle="8" speed="2911" time="9270" acceleration="-1534"/>
    <motionState vehicle="9" speed="2754" time="9270" acceleration="-1127"/>
    <motionState vehicle="10" speed="2645" time="9270" acceleration="-177"/>
    <motionState vehicle="11" speed="2636" time="9270" acceleration="845"/>
    <motionState vehicle="0" speed="7483" time="9280" acceleration="924"/>
    <motionState vehicle="1" speed="2730" time="9280" acceleration="1463"/>
    <motionState vehicle="2" speed="7555" time="9280" acceleration="12"/>
    <motionState vehicle="3" speed="2880" time="9280" acceleration="1399"/>
    <motionState vehicle="4" speed="7546" time="9280" acceleration="125"/>
    <motionState vehicle="5" speed="3018" time="9280" acceleration="705"/>
    <motionState vehicle="6" speed="3080" time="9280" acceleration="-315"/>
    <motionState vehicle="7" speed="3038" time="9280" acceleration="-1204"/>
    <motionState vehicle="8" speed="2909" time="9280" acceleration="-1531"/>
    <motionState vehicle="9" speed="2753" time="9280" acceleration="-1118"/>
    <motionState vehicle="10" speed="2645" time="9280" acceleration="-167"/>
    <motionState vehicle="11" speed="2637" time="9280" acceleration="852"/>
    <motionState vehicle="0" speed="7484" time="9290" acceleration="914"/>
    <motionState vehicle="1" speed="2732" time="9290" acceleration="1463"/>
    <motionState vehicle="2" speed="7555" time="9290" acceleration="12"/>
    <motionState vehicle="3" speed="2882" time="9290" acceleration="1393"/>
    <motionState vehicle="4" speed="7547" time="9290" acceleration="125"/>
    <motionState vehicle="5" speed="3019" time="9290" acceleration="695"/>
    <motionState vehicle="6" speed="3080" time="9290" acceleration="-324"/>
    <motionState vehicle="7" speed="3037" time="9290" acceleration="-1208"/>
    <motionState vehicle="8" speed="2908" time="9290" acceleration="-1527"/>
    <motionState vehicle="9" speed="2752" time="9290" acceleration="-1109"/>
    <motionState vehicle="10" speed="2645" time="9290" acceleration="-156"/>
    <motionState vehicle="11" speed="2638" time="9290" acceleration="858"/>
    <motionState vehicle="0" speed="7485" time="9300" acceleration="904"/>
    <motionState vehicle="1" speed="2733" time="9300" acceleration="1462"/>
    <motionState vehicle="2" speed="7555" time="9300" acceleration="12"/>
    <motionState vehicle="3" speed="2883" time="9300" acceleration="1386"/>
    <motionState vehicle="4" speed="7547" time="9300" acceleration="126"/>
    <motionState vehicle="5" speed="3019" time="9300" acceleration="685"/>
    <motionState vehicle="6" speed="3080" time="9300" acceleration="-333"/>
    <motionState vehicle="7" speed="3036" time="9300" acceleration="-1212"/>
    <motionState vehicle="8" speed="2906" time="9300" acceleration="-1524"/>
    <motionState vehicle="9" speed="2751" time="9300" acceleration="-1100"/>
    <motionState vehicle="10" speed="2645" time="9300" acceleration="-146"/>
    <motionState vehicle="11" speed="2638" time="9300" acceleration="864"/>
    <motionState vehicle="0" speed="7486" time="9310" acceleration="894"/>
    <motionState vehicle="1" speed="2735" time="9310" acceleration="1462"/>
    <motionState vehicle="2" speed="7555" time="9310" acceleration="13"/>
    <motionState vehicle="3" speed="2885" time="9310" acceleration="1379"/>
    <motionState vehicle="4" speed="7547" time="9310" acceleration="126"/>
    <motionState vehicle="5" speed="3020" time="9310" acceleration="675"/>
    <motionState vehicle="6" speed="3079" time="9310" acceleration="-342"/>
    <motionState vehicle="7" speed="3035" time="9310" acceleration="-1215"/>
    <motionState vehicle="8" speed="2905" time="9310" acceleration="-1520"/>
    <motionState vehicle="9" speed="2750" time="9310" acceleration="-1091"/>
    <motionState vehicle="10" speed="2644" time="9310" acceleration="-136"/>
    <motionState vehicle="11" speed="2639" time="9310" acceleration="870"/>
    <motionState vehicle="0" speed="7486" time="9320" acceleration="885"/>
    <motionState vehicle="1" speed="2736" time="9320" acceleration="1462"/>
    <motionState vehicle="2" speed="7555" time="9320" acceleration="13"/>
    <motionState vehicle="3" speed="2886" time="9320" acceleration="1373"/>
    <motionState vehicle="4" speed="7547" time="9320" acceleration="126"/>
    <motionState vehicle="5" speed="3021" time="9320" acceleration="665"/>
    <motionState vehicle="6" speed="3079" time="9320" acceleration="-351"/>
    <motionState vehicle="7" speed="3034" time="9320" acceleration="-1219"/>
    <motionState vehicle="8" speed="2903" time="9320" acceleration="-1516"/>
    <motionState vehicle="9" speed="2749" time="9320" acceleration="-1082"/>
    <motionState vehicle="10" speed="2644" time="9320" acceleration="-127"/>
    <motionState vehicle="11" speed="2640" time="9320" acceleration="877"/>
    <motionState vehicle="0" speed="7487" time="9330" acceleration="875"/>
    <motionState vehicle="1" speed="2738" time="9330" acceleration="1461"/>
    <motionState vehicle="2" speed="7555" time="9330" acceleration="13"/>
    <motionState vehicle="3" speed="2887" time="9330" acceleration="1366"/>
    <motionState vehicle="4" speed="7547" time="9330" acceleration="126"/>
    <motionState vehicle="5" speed="3021" time="9330" acceleration="655"/>
    <motionState vehicle="6" speed="3079" time="9330" acceleration="-360"/>
    <motionState vehicle="7" speed="3032" time="9330" acceleration="-1222"/>
    <motionState vehicle="8" speed="2902" time="9330" acceleration="-1513"/>
    <motionState vehicle="9" speed="2748" time="9330" acceleration="-1073"/>
    <motionState vehicle="10" speed="2644" time="9330" acceleration="-117"/>
    <motionState vehicle="11" speed="2641" time="9330" acceleration="883"/>
    <motionState vehicle="0" speed="7488" time="9340" acceleration="865"/>
    <motionState vehicle="1" speed="2739" time="9340" acceleration="1461"/>
    <motionState vehicle="2" speed="7555" time="9340" acceleration="13"/>
    <motionState vehicle="3" speed="2889" time="9340" acceleration="1359"/>
    <motionState vehicle="4" speed="7547" time="9340" acceleration="127"/>
    <motionState vehicle="5" speed="3022" time="9340" acceleration="645"/>
    <motionState vehicle="6" speed="3078" time="9340" acceleration="-369"/>
    <motionState vehicle="7" speed="3031" time="9340" acceleration="-1226"/>
    <motionState vehicle="8" speed="2900" time="9340" acceleration="-1509"/>
    <motionState vehicle="9" speed="2747" time="9340" acceleration="-1064"/>
    <motionState vehicle="10" speed="2644" time="9340" acceleration="-107"/>
    <motionState vehicle="11" speed="2642" time="9340" acceleration="889"/>
    <motionState vehicle="0" speed="7489" time="9350" acceleration="856"/>
    <motionState vehicle="1" speed="2740" time="9350" acceleration="1460"/>
    <motionState vehicle="2" speed="7555" time="9350" acceleration="13"/>
    <motionState vehicle="3" speed="2890" time="9350" acceleration="1353"/>
    <motionState vehicle="4" speed="7547" time="9350" acceleration="127"/>
    <motionState vehicle="5" speed="3023" time="9350" acceleration="635"/>
    <motionState vehicle="6" speed="3078" time="9350" acceleration="-377"/>
    <motionState vehicle="7" speed="3030" time="9350" acceleration="-1229"/>
    <motionState vehicle="8" speed="2899" time="9350" acceleration="-1505"/>
    <motionState vehicle="9" speed="2746" time="9350" acceleration="-1055"/>
    <motionState vehicle="10" speed="2644" time="9350" acceleration="-97"/>
    <motionState vehicle="11" speed="2643" time="9350" acceleration="895"/>
    <motionState vehicle="0" speed="7490" time="9360" acceleration="846"/>
    <motionState vehicle="1" speed="2742" time="9360" acceleration="1459"/>
    <motionState vehicle="2" speed="7555" time="9360" acceleration="14"/>
    <motionState vehicle="3" speed="2891" time="9360" acceleration="1346"/>
    <motionState vehicle="4" speed="7547" time="9360" acceleration="127"/>
    <motionState vehicle="5" speed="3023" time="9360" acceleration="625"/>
    <motionState vehicle="6" speed="3078" time="9360" acceleration="-386"/>
    <motionState vehicle="7" speed="3029" time="9360" acceleration="-1232"/>
    <motionState vehicle="8" speed="2897" time="9360" acceleration="-1501"/>
    <motionState vehicle="9" speed="2744" time="9360" acceleration="-1046"/>
    <motionState vehicle="10" speed="2644" time="9360" acceleration="-87"/>
    <motionState vehicle="11" speed="2644" time="9360" acceleration="900"/>
    <motionState vehicle="0" speed="7491" time="9370" acceleration="837"/>
    <motionState vehicle="1" speed="2743" time="9370" acceleration="1459"/>
    <motionState vehicle="2" speed="7555" time="9370" acceleration="14"/>
    <motionState vehicle="3" speed="2893" time="9370" acceleration="1339"/>
    <motionState vehicle="4" speed="7548" time="9370" acceleration="127"/>
    <motionState vehicle="5" speed="3024" time="9370" acceleration="615"/>
    <motionState vehicle="6" speed="3077" time="9370" acceleration="-395"/>
    <motionState vehicle="7" speed="3027" time="9370" acceleration="-1236"/>
    <motionState vehicle="8" speed="2896" time="9370" acceleration="-1497"/>
    <motionState vehicle="9" speed="2743" time="9370" acceleration="-1037"/>
    <motionState vehicle="10" speed="2644" time="9370" acceleration="-77"/>
    <motionState vehicle="11" speed="2645" time="9370" acceleration="906"/>
    <motionState vehicle="0" speed="7492" time="9380" acceleration="828"/>
    <motionState vehicle="1" speed="2745" time="9380" acceleration="1458"/>
    <motionState vehicle="2" speed="7555" time="9380" acceleration="14"/>
    <motionState vehicle="3" speed="2894" time="9380" acceleration="1332"/>
    <motionState vehicle="4" speed="7548" time="9380" acceleration="127"/>
    <motionState vehicle="5" speed="3024" time="9380" acceleration="605"/>
    <motionState vehicle="6" speed="3077" time="9380" acceleration="-403"/>
    <motionState vehicle="7" speed="3026" time="9380" acceleration="-1239"/>
    <motionState vehicle="8" speed="2894" time="9380" acceleration="-1493"/>
    <motionState vehicle="9" speed="2742" time="9380" acceleration="-1028"/>
    <motionState vehicle="10" speed="2644" time="9380" acceleration="-68"/>
    <motionState vehicle="11" speed="2646" time="9380" acceleration="912"/>
    <motionState vehicle="0" speed="7492" time="9390" acceleration="819"/>
    <motionState vehicle="1" speed="2746" time="9390" acceleration="1457"/>
    <motionState vehicle="2" speed="7555" time="9390" acceleration="14"/>
    <motionState vehicle="3" speed="2895" time="9390" acceleration="1325"/>
    <motionState vehicle="4" speed="7548" time="9390" acceleration="127"/>
    <motionState vehicle="5" speed="3025" time="9390" acceleration="595"/>
    <motionState vehicle="6" speed="3076" time="9390" acceleration="-412"/>
    <motionState vehicle="7" speed="3025" time="9390" acceleration="-1242"/>
    <motionState vehicle="8" speed="2893" time="9390" acceleration="-1489"/>
    <motionState vehicle="9" speed="2741" time="9390" acceleration="-1019"/>
    <motionState vehicle="10" speed="2644" time="9390" acceleration="-58"/>
    <motionState vehicle="11" speed="2647" time="9390" acceleration="918"/>
    <motionState vehicle="0" speed="7493" time="9400" acceleration="809"/>
    <motionState vehicle="1" speed="2748" time="9400" acceleration="1456"/>
    <motionState vehicle="2" speed="7555" time="9400" acceleration="14"/>
    <motionState vehicle="3" speed="2897" time="9400" acceleration="1318"/>
    <motionState vehicle="4" speed="7548" time="9400" acceleration="128"/>
    <motionState vehicle="5" speed="3026" time="9400" acceleration="585"/>
    <motionState vehicle="6" speed="3076" time="9400" acceleration="-420"/>
    <motionState vehicle="7" speed="3024" time="9400" acceleration="-1245"/>
    <motionState vehicle="8" speed="2891" time="9400" acceleration="-1485"/>
    <motionState vehicle="9" speed="2740" time="9400" acceleration="-1010"/>
    <motionState vehicle="10" speed="2644" time="9400" acceleration="-48"/>
    <motionState vehicle="11" speed="2647" time="9400" acceleration="923"/>
    <motionState vehicle="0" speed="7494" time="9410" acceleration="801"/>
    <motionState vehicle="1" speed="2749" time="9410" acceleration="1455"/>
    <motionState vehicle="2" speed="7555" time="9410" acceleration="15"/>
    <motionState vehicle="3" speed="2898" time="9410" acceleration="1311"/>
    <motionState vehicle="4" speed="7548" time="9410" acceleration="128"/>
    <motionState vehicle="5" speed="3026" time="9410" acceleration="576"/>
    <motionState vehicle="6" speed="3075" time="9410" acceleration="-429"/>
    <motionState vehicle="7" speed="3022" time="9410" acceleration="-1248"/>
    <motionState vehicle="8" speed="2890" time="9410" acceleration="-1481"/>
    <motionState vehicle="9" speed="2739" time="9410" acceleration="-1000"/>
    <motionState vehicle="10" speed="2644" time="9410" acceleration="-39"/>
    <motionState vehicle="11" speed="2648" time="9410" acceleration="929"/>
    <motionState vehicle="0" speed="7495" time="9420" acceleration="792"/>
    <motionState vehicle="1" speed="2751" time="9420" acceleration="1454"/>
    <motionState vehicle="2" speed="7555" time="9420" acceleration="15"/>
    <motionState vehicle="3" speed="2899" time="9420" acceleration="1305"/>
    <motionState vehicle="4" speed="7548" time="9420" acceleration="128"/>
    <motionState vehicle="5" speed="3027" time="9420" acceleration="566"/>
    <motionState vehicle="6" speed="3075" time="9420" acceleration="-437"/>
    <motionState vehicle="7" speed="3021" time="9420" acceleration="-1250"/>
    <motionState vehicle="8" speed="2888" time="9420" acceleration="-1477"/>
    <motionState vehicle="9" speed="2738" time="9420" acceleration="-991"/>
    <motionState vehicle="10" speed="2644" time="9420" acceleration="-29"/>
    <motionState vehicle="11" speed="2649" time="9420" acceleration="934"/>
    <motionState vehicle="0" speed="7496" time="9430" acceleration="783"/>
    <motionState vehicle="1" speed="2752" time="9430" acceleration="1453"/>
    <motionState vehicle="2" speed="7555" time="9430" acceleration="15"/>
    <motionState vehicle="3" speed="2901" time="9430" acceleration="1298"/>
    <motionState vehicle="4" speed="7548" time="9430" acceleration="128"/>
    <motionState vehicle="5" speed="3027" time="9430" acceleration="556"/>
    <motionState vehicle="6" speed="3075" time="9430" acceleration="-445"/>
    <motionState vehicle="7" speed="3020" time="9430" acceleration="-1253"/>
    <motionState vehicle="8" speed="2887" time="9430" acceleration="-1473"/>
    <motionState vehicle="9" speed="2737" time="9430" acceleration="-982"/>
    <motionState vehicle="10" speed="2644" time="9430" acceleration="-19"/>
    <motionState vehicle="11" speed="2650" time="9430" acceleration="940"/>
    <motionState vehicle="0" speed="7496" time="9440" acceleration="774"/>
    <motionState vehicle="1" speed="2754" time="9440" acceleration="1452"/>
    <motionState vehicle="2" speed="7555" time="9440" acceleration="15"/>
    <motionState vehicle="3" speed="2902" time="9440" acceleration="1290"/>
    <motionState vehicle="4" speed="7548" time="9440" acceleration="128"/>
    <motionState vehicle="5" speed="3028" time="9440" acceleration="546"/>
    <motionState vehicle="6" speed="3074" time="9440" acceleration="-454"/>
    <motionState vehicle="7" speed="3019" time="9440" acceleration="-1256"/>
    <motionState vehicle="8" speed="2885" time="9440" acceleration="-1468"/>
    <motionState vehicle="9" speed="2736" time="9440" acceleration="-973"/>
    <motionState vehicle="10" speed="2644" time="9440" acceleration="-10"/>
    <motionState vehicle="11" speed="2651" time="9440" acceleration="945"/>
    <motionState vehicle="0" speed="7497" time="9450" acceleration="766"/>
    <motionState vehicle="1" speed="2755" time="9450" acceleration="1451"/>
    <motionState vehicle="2" speed="7555" time="9450" acceleration="16"/>
    <motionState vehicle="3" speed="2903" time="9450" acceleration="1283"/>
    <motionState vehicle="4" speed="7549" time="9450" acceleration="128"/>
    <motionState vehicle="5" speed="3028" time="9450" acceleration="536"/>
    <motionState vehicle="6" speed="3074" time="9450" acceleration="-462"/>
    <motionState vehicle="7" speed="3017" time="9450" acceleration="-1259"/>
    <motionState vehicle="8" speed="2884" time="9450" acceleration="-1464"/>
    <motionState vehicle="9" speed="2735" time="9450" acceleration="-964"/>
    <motionState vehicle="10" speed="2644" time="9450" acceleration="0"/>
    <motionState vehicle="11" speed="2652" time="9450" acceleration="951"/>
    <motionState vehicle="0" speed="7498" time="9460" acceleration="757"/>
    <motionState vehicle="1" speed="2756" time="9460" acceleration="1450"/>
    <motionState vehicle="2" speed="7555" time="9460" acceleration="16"/>
    <motionState vehicle="3" speed="2904" time="9460" acceleration="1276"/>
    <motionState vehicle="4" speed="7549" time="9460" acceleration="128"/>
    <motionState vehicle="5" speed="3029" time="9460" acceleration="526"/>
    <motionState vehicle="6" speed="3073" time="9460" acceleration="-470"/>
    <motionState vehicle="7" speed="3016" time="9460" acceleration="-1261"/>
    <motionState vehicle="8" speed="2882" time="9460" acceleration="-1460"/>
    <motionState vehicle="9" speed="2734" time="9460" acceleration="-955"/>
    <motionState vehicle="10" speed="2644" time="9460" acceleration="8"/>
    <motionState vehicle="11" speed="2653" time="9460" acceleration="956"/>
    <motionState vehicle="0" speed="7499" time="9470" acceleration="749"/>
    <motionState vehicle="1" speed="2758" time="9470" acceleration="1448"/>
    <motionState vehicle="2" speed="7555" time="9470" acceleration="16"/>
    <motionState vehicle="3" speed="2906" time="9470" acceleration="1269"/>
    <motionState vehicle="4" speed="7549" time="9470" acceleration="128"/>
    <motionState vehicle="5" speed="3029" time="9470" acceleration="516"/>
    <motionState vehicle="6" speed="3073" time="9470" acceleration="-478"/>
    <motionState vehicle="7" speed="3015" time="9470" acceleration="-1264"/>
    <motionState vehicle="8" speed="2881" time="9470" acceleration="-1455"/>
    <motionState vehicle="9" speed="2734" time="9470" acceleration="-945"/>
    <motionState vehicle="10" speed="2644" time="9470" acceleration="17"/>
    <motionState vehicle="11" speed="2654" time="9470" acceleration="961"/>
    <motionState vehicle="0" speed="7499" time="9480" acceleration="740"/>
    <motionState vehicle="1" speed="2759" time="9480" acceleration="1447"/>
    <motionState vehicle="2" speed="7555" time="9480" acceleration="16"/>
    <motionState vehicle="3" speed="2907" time="9480" acceleration="1262"/>
    <motionState vehicle="4" speed="7549" time="9480" acceleration="127"/>
    <motionState vehicle="5" speed="3030" time="9480" acceleration="507"/>
    <motionState vehicle="6" speed="3072" time="9480" acceleration="-486"/>
    <motionState vehicle="7" speed="3014" time="9480" acceleration="-1266"/>
    <motionState vehicle="8" speed="2879" time="9480" acceleration="-1451"/>
    <motionState vehicle="9" speed="2733" time="9480" acceleration="-936"/>
    <motionState vehicle="10" speed="2644" time="9480" acceleration="27"/>
    <motionState vehicle="11" speed="2655" time="9480" acceleration="966"/>
    <motionState vehicle="0" speed="7500" time="9490" acceleration="732"/>
    <motionState vehicle="1" speed="2761" time="9490" acceleration="1445"/>
    <motionState vehicle="2" speed="7555" time="9490" acceleration="17"/>
    <motionState vehicle="3" speed="2908" time="9490" acceleration="1255"/>
    <motionState vehicle="4" speed="7549" time="9490" acceleration="127"/>
    <motionState vehicle="5" speed="3030" time="9490" acceleration="497"/>
    <motionState vehicle="6" speed="3072" time="9490" acceleration="-494"/>
    <motionState vehicle="7" speed="3012" time="9490" acceleration="-1268"/>
    <motionState vehicle="8" speed="2878" time="9490" acceleration="-1446"/>
    <motionState vehicle="9" speed="2732" time="9490" acceleration="-927"/>
    <motionState vehicle="10" speed="2644" time="9490" acceleration="36"/>
    <motionState vehicle="11" speed="2656" time="9490" acceleration="971"/>
    <motionState vehicle="0" speed="7501" time="9500" acceleration="724"/>
    <motionState vehicle="1" speed="2762" time="9500" acceleration="1444"/>
    <motionState vehicle="2" speed="7555" time="9500" acceleration="17"/>
    <motionState vehicle="3" speed="2910" time="9500" acceleration="1248"/>
    <motionState vehicle="4" speed="7549" time="9500" acceleration="127"/>
    <motionState vehicle="5" speed="3031" time="9500" acceleration="487"/>
    <motionState vehicle="6" speed="3071" time="9500" acceleration="-502"/>
    <motionState vehicle="7" speed="3011" time="9500" acceleration="-1271"/>
    <motionState vehicle="8" speed="2877" time="9500" acceleration="-1442"/>
    <motionState vehicle="9" speed="2731" time="9500" acceleration="-918"/>
    <motionState vehicle="10" speed="2644" time="9500" acceleration="45"/>
    <motionState vehicle="11" speed="2657" time="9500" acceleration="976"/>
    <motionState vehicle="0" speed="7502" time="9510" acceleration="716"/>
    <motionState vehicle="1" speed="2764" time="9510" acceleration="1442"/>
    <motionState vehicle="2" speed="7555" time="9510" acceleration="17"/>
    <motionState vehicle="3" speed="2911" time="9510" acceleration="1240"/>
    <motionState vehicle="4" speed="7549" time="9510" acceleration="127"/>
    <motionState vehicle="5" speed="3031" time="9510" acceleration="477"/>
    <motionState vehicle="6" speed="3071" time="9510" acceleration="-510"/>
    <motionState vehicle="7" speed="3010" time="9510" acceleration="-1273"/>
    <motionState vehicle="8" speed="2875" time="9510" acceleration="-1437"/>
    <motionState vehicle="9" speed="2730" time="9510" acceleration="-909"/>
    <motionState vehicle="10" speed="2644" time="9510" acceleration="55"/>
    <motionState vehicle="11" speed="2658" time="9510" acceleration="981"/>
    <motionState vehicle="0" speed="7502" time="9520" acceleration="708"/>
    <motionState vehicle="1" speed="2765" time="9520" acceleration="1441"/>
    <motionState vehicle="2" speed="7555" time="9520" acceleration="18"/>
    <motionState vehicle="3" speed="2912" time="9520" acceleration="1233"/>
    <motionState vehicle="4" speed="7549" time="9520" acceleration="127"/>
    <motionState vehicle="5" speed="3032" time="9520" acceleration="468"/>
    <motionState vehicle="6" speed="3070" time="9520" acceleration="-518"/>
    <motionState vehicle="7" speed="3009" time="9520" acceleration="-1275"/>
    <motionState vehicle="8" speed="2874" time="9520" acceleration="-1433"/>
    <motionState vehicle="9" speed="2729" time="9520" acceleration="-899"/>
    <motionState vehicle="10" speed="2644" time="9520" acceleration="64"/>
    <motionState vehicle="11" speed="2659" time="9520" acceleration="986"/>
    <motionState vehicle="0" speed="7503" time="9530" acceleration="700"/>
    <motionState vehicle="1" speed="2767" time="9530" acceleration="1439"/>
    <motionState vehicle="2" speed="7555" time="9530" acceleration="18"/>
    <motionState vehicle="3" speed="2913" time="9530" acceleration="1226"/>
    <motionState vehicle="4" speed="7550" time="9530" acceleration="127"/>
    <motionState vehicle="5" speed="3032" time="9530" acceleration="458"/>
    <motionState vehicle="6" speed="3070" time="9530" acceleration="-525"/>
    <motionState vehicle="7" speed="3007" time="9530" acceleration="-1277"/>
    <motionState vehicle="8" speed="2872" time="9530" acceleration="-1428"/>
    <motionState vehicle="9" speed="2728" time="9530" acceleration="-890"/>
    <motionState vehicle="10" speed="2644" time="9530" acceleration="73"/>
    <motionState vehicle="11" speed="2660" time="9530" acceleration="991"/>
    <motionState vehicle="0" speed="7504" time="9540" acceleration="692"/>
    <motionState vehicle="1" speed="2768" time="9540" acceleration="1438"/>
    <motionState vehicle="2" speed="7555" time="9540" acceleration="18"/>
    <motionState vehicle="3" speed="2914" time="9540" acceleration="1219"/>
    <motionState vehicle="4" speed="7550" time="9540" acceleration="127"/>
    <motionState vehicle="5" speed="3033" time="9540" acceleration="448"/>
    <motionState vehicle="6" speed="3069" time="9540" acceleration="-533"/>
    <motionState vehicle="7" speed="3006" time="9540" acceleration="-1279"/>
    <motionState vehicle="8" speed="2871" time="9540" acceleration="-1423"/>
    <motionState vehicle="9" speed="2727" time="9540" acceleration="-881"/>
    <motionState vehicle="10" speed="2644" time="9540" acceleration="82"/>
    <motionState vehicle="11" speed="2661" time="9540" acceleration="996"/>
    <motionState vehicle="0" speed="7504" time="9550" acceleration="685"/>
    <motionState vehicle="1" speed="2769" time="9550" acceleration="1436"/>
    <motionState vehicle="2" speed="7555" time="9550" acceleration="18"/>
    <motionState vehicle="3" speed="2916" time="9550" acceleration="1211"/>
    <motionState vehicle="4" speed="7550" time="9550" acceleration="126"/>
    <motionState vehicle="5" speed="3033" time="9550" acceleration="438"/>
    <motionState vehicle="6" speed="3069" time="9550" acceleration="-541"/>
    <motionState vehicle="7" speed="3005" time="9550" acceleration="-1281"/>
    <motionState vehicle="8" speed="2869" time="9550" acceleration="-1418"/>
    <motionState vehicle="9" speed="2726" time="9550" acceleration="-872"/>
    <motionState vehicle="10" speed="2644" time="9550" acceleration="91"/>
    <motionState vehicle="11" speed="2662" time="9550" acceleration="1000"/>
    <motionState vehicle="0" speed="7505" time="9560" acceleration="677"/>
    <motionState vehicle="1" speed="2771" time="9560" acceleration="1434"/>
    <motionState vehicle="2" speed="7555" time="9560" acceleration="19"/>
    <motionState vehicle="3" speed="2917" time="9560" acceleration="1204"/>
    <motionState vehicle="4" speed="7550" time="9560" acceleration="126"/>
    <motionState vehicle="5" speed="3034" time="9560" acceleration="429"/>
    <motionState vehicle="6" speed="3068" time="9560" acceleration="-548"/>
    <motionState vehicle="7" speed="3003" time="9560" acceleration="-1283"/>
    <motionState vehicle="8" speed="2868" time="9560" acceleration="-1413"/>
    <motionState vehicle="9" speed="2725" time="9560" acceleration="-863"/>
    <motionState vehicle="10" speed="2644" time="9560" acceleration="100"/>
    <motionState vehicle="11" speed="2663" time="9560" acceleration="1005"/>
    <motionState vehicle="0" speed="7506" time="9570" acceleration="669"/>
    <motionState vehicle="1" speed="2772" time="9570" acceleration="1432"/>
    <motionState vehicle="2" speed="7555" time="9570" acceleration="19"/>
    <motionState vehicle="3" speed="2918" time="9570" acceleration="1197"/>
    <motionState vehicle="4" speed="7550" time="9570" acceleration="126"/>
    <motionState vehicle="5" speed="3034" time="9570" acceleration="419"/>
    <motionState vehicle="6" speed="3067" time="9570" acceleration="-556"/>
    <motionState vehicle="7" speed="3002" time="9570" acceleration="-1285"/>
    <motionState vehicle="8" speed="2867" time="9570" acceleration="-1408"/>
    <motionState vehicle="9" speed="2725" time="9570" acceleration="-853"/>
    <motionState vehicle="10" speed="2644" time="9570" acceleration="109"/>
    <motionState vehicle="11" speed="2664" time="9570" acceleration="1010"/>
    <motionState vehicle="0" speed="7506" time="9580" acceleration="662"/>
    <motionState vehicle="1" speed="2774" time="9580" acceleration="1430"/>
    <motionState vehicle="2" speed="7555" time="9580" acceleration="19"/>
    <motionState vehicle="3" speed="2919" time="9580" acceleration="1189"/>
    <motionState vehicle="4" speed="7550" time="9580" acceleration="126"/>
    <motionState vehicle="5" speed="3034" time="9580" acceleration="409"/>
    <motionState vehicle="6" speed="3067" time="9580" acceleration="-564"/>
    <motionState vehicle="7" speed="3001" time="9580" acceleration="-1287"/>
    <motionState vehicle="8" speed="2865" time="9580" acceleration="-1404"/>
    <motionState vehicle="9" speed="2724" time="9580" acceleration="-844"/>
    <motionState vehicle="10" speed="2644" time="9580" acceleration="118"/>
    <motionState vehicle="11" speed="2665" time="9580" acceleration="1014"/>
    <motionState vehicle="0" speed="7507" time="9590" acceleration="655"/>
    <motionState vehicle="1" speed="2775" time="9590" acceleration="1428"/>
    <motionState vehicle="2" speed="7556" time="9590" acceleration="20"/>
    <motionState vehicle="3" speed="2920" time="9590" acceleration="1182"/>
    <motionState vehicle="4" speed="7550" time="9590" acceleration="126"/>
    <motionState vehicle="5" speed="3035" time="9590" acceleration="400"/>
    <motionState vehicle="6" speed="3066" time="9590" acceleration="-571"/>
    <motionState vehicle="7" speed="3000" time="9590" acceleration="-1288"/>
    <motionState vehicle="8" speed="2864" time="9590" acceleration="-1399"/>
    <motionState vehicle="9" speed="2723" time="9590" acceleration="-835"/>
    <motionState vehicle="10" speed="2645" time="9590" acceleration="127"/>
    <motionState vehicle="11" speed="2666" time="9590" acceleration="1019"/>
    <motionState vehicle="0" speed="7508" time="9600" acceleration="647"/>
    <motionState vehicle="1" speed="2777" time="9600" acceleration="1426"/>
    <motionState vehicle="2" speed="7556" time="9600" acceleration="20"/>
    <motionState vehicle="3" speed="2922" time="9600" acceleration="1174"/>
    <motionState vehicle="4" speed="7550" time="9600" acceleration="125"/>
    <motionState vehicle="5" speed="3035" time="9600" acceleration="390"/>
    <motionState vehicle="6" speed="3066" time="9600" acceleration="-578"/>
    <motionState vehicle="7" speed="2998" time="9600" acceleration="-1290"/>
    <motionState vehicle="8" speed="2862" time="9600" acceleration="-1393"/>
    <motionState vehicle="9" speed="2722" time="9600" acceleration="-826"/>
    <motionState vehicle="10" speed="2645" time="9600" acceleration="136"/>
    <motionState vehicle="11" speed="2667" time="9600" acceleration="1023"/>
    <motionState vehicle="0" speed="7508" time="9610" acceleration="640"/>
    <motionState vehicle="1" speed="2778" time="9610" acceleration="1424"/>
    <motionState vehicle="2" speed="7556" time="9610" acceleration="20"/>
    <motionState vehicle="3" speed="2923" time="9610" acceleration="1167"/>
    <motionState vehicle="4" speed="7551" time="9610" acceleration="125"/>
    <motionState vehicle="5" speed="3036" time="9610" acceleration="381"/>
    <motionState vehicle="6" speed="3065" time="9610" acceleration="-586"/>
    <motionState vehicle="7" speed="2997" time="9610" acceleration="-1291"/>
    <motionState vehicle="8" speed="2861" time="9610" acceleration="-1388"/>
    <motionState vehicle="9" speed="2721" time="9610" acceleration="-816"/>
    <motionState vehicle="10" speed="2645" time="9610" acceleration="145"/>
    <motionState vehicle="11" speed="2668" time="9610" acceleration="1027"/>
    <motionState vehicle="0" speed="7509" time="9620" acceleration="633"/>
    <motionState vehicle="1" speed="2779" time="9620" acceleration="1422"/>
    <motionState vehicle="2" speed="7556" time="9620" acceleration="21"/>
    <motionState vehicle="3" speed="2924" time="9620" acceleration="1159"/>
    <motionState vehicle="4" speed="7551" time="9620" acceleration="125"/>
    <motionState vehicle="5" speed="3036" time="9620" acceleration="371"/>
    <motionState vehicle="6" speed="3065" time="9620" acceleration="-593"/>
    <motionState vehicle="7" speed="2996" time="9620" acceleration="-1293"/>
    <motionState vehicle="8" speed="2860" time="9620" acceleration="-1383"/>
    <motionState vehicle="9" speed="2720" time="9620" acceleration="-807"/>
    <motionState vehicle="10" speed="2645" time="9620" acceleration="154"/>
    <motionState vehicle="11" speed="2669" time="9620" acceleration="1032"/>
    <motionState vehicle="0" speed="7510" time="9630" acceleration="626"/>
    <motionState vehicle="1" speed="2781" time="9630" acceleration="1420"/>
    <motionState vehicle="2" speed="7556" time="9630" acceleration="21"/>
    <motionState vehicle="3" speed="2925" time="9630" acceleration="1152"/>
    <motionState vehicle="4" speed="7551" time="9630" acceleration="124"/>
    <motionState vehicle="5" speed="3036" time="9630" acceleration="362"/>
    <motionState vehicle="6" speed="3064" time="9630" acceleration="-600"/>
    <motionState vehicle="7" speed="2994" time="9630" acceleration="-1294"/>
    <motionState vehicle="8" speed="2858" time="9630" acceleration="-1378"/>
    <motionState vehicle="9" speed="2720" time="9630" acceleration="-798"/>
    <motionState vehicle="10" speed="2645" time="9630" acceleration="163"/>
    <motionState vehicle="11" speed="2670" time="9630" acceleration="1036"/>
    <motionState vehicle="0" speed="7510" time="9640" acceleration="619"/>
    <motionState vehicle="1" speed="2782" time="9640" acceleration="1418"/>
    <motionState vehicle="2" speed="7556" time="9640" acceleration="21"/>
    <motionState vehicle="3" speed="2926" time="9640" acceleration="1144"/>
    <motionState vehicle="4" speed="7551" time="9640" acceleration="124"/>
    <motionState vehicle="5" speed="3037" time="9640" acceleration="352"/>
    <motionState vehicle="6" speed="3063" time="9640" acceleration="-607"/>
    <motionState vehicle="7" speed="2993" time="9640" acceleration="-1296"/>
    <motionState vehicle="8" speed="2857" time="9640" acceleration="-1373"/>
    <motionState vehicle="9" speed="2719" time="9640" acceleration="-789"/>
    <motionState vehicle="10" speed="2645" time="9640" acceleration="171"/>
    <motionState vehicle="11" speed="2671" time="9640" acceleration="1040"/>
    <motionState vehicle="0" speed="7511" time="9650" acceleration="612"/>
    <motionState vehicle="1" speed="2784" time="9650" acceleration="1415"/>
    <motionState vehicle="2" speed="7556" time="9650" acceleration="22"/>
    <motionState vehicle="3" speed="2927" time="9650" acceleration="1137"/>
    <motionState vehicle="4" speed="7551" time="9650" acceleration="124"/>
    <motionState vehicle="5" speed="3037" time="9650" acceleration="343"/>
    <motionState vehicle="6" speed="3063" time="9650" acceleration="-615"/>
    <motionState vehicle="7" speed="2992" time="9650" acceleration="-1297"/>
    <motionState vehicle="8" speed="2856" time="9650" acceleration="-1368"/>
    <motionState vehicle="9" speed="2718" time="9650" acceleration="-779"/>
    <motionState vehicle="10" speed="2645" time="9650" acceleration="180"/>
    <motionState vehicle="11" speed="2672" time="9650" acceleration="1044"/>
    <motionState vehicle="0" speed="7511" time="9660" acceleration="605"/>
    <motionState vehicle="1" speed="2785" time="9660" acceleration="1413"/>
    <motionState vehicle="2" speed="7556" time="9660" acceleration="22"/>
    <motionState vehicle="3" speed="2928" time="9660" acceleration="1129"/>
    <motionState vehicle="4" speed="7551" time="9660" acceleration="123"/>
    <motionState vehicle="5" speed="3037" time="9660" acceleration="333"/>
    <motionState vehicle="6" speed="3062" time="9660" acceleration="-622"/>
    <motionState vehicle="7" speed="2990" time="9660" acceleration="-1298"/>
    <motionState vehicle="8" speed="2854" time="9660" acceleration="-1362"/>
    <motionState vehicle="9" speed="2717" time="9660" acceleration="-770"/>
    <motionState vehicle="10" speed="2646" time="9660" acceleration="189"/>
    <motionState vehicle="11" speed="2673" time="9660" acceleration="1048"/>
    <motionState vehicle="0" speed="7512" time="9670" acceleration="598"/>
    <motionState vehicle="1" speed="2787" time="9670" acceleration="1411"/>
    <motionState vehicle="2" speed="7556" time="9670" acceleration="22"/>
    <motionState vehicle="3" speed="2930" time="9670" acceleration="1121"/>
    <motionState vehicle="4" speed="7551" time="9670" acceleration="123"/>
    <motionState vehicle="5" speed="3038" time="9670" acceleration="324"/>
    <motionState vehicle="6" speed="3062" time="9670" acceleration="-629"/>
    <motionState vehicle="7" speed="2989" time="9670" acceleration="-1299"/>
    <motionState vehicle="8" speed="2853" time="9670" acceleration="-1357"/>
    <motionState vehicle="9" speed="2717" time="9670" acceleration="-761"/>
    <motionState vehicle="10" speed="2646" time="9670" acceleration="197"/>
    <motionState vehicle="11" speed="2674" time="9670" acceleration="1052"/>
    <motionState vehicle="0" speed="7513" time="9680" acceleration="592"/>
    <motionState vehicle="1" speed="2788" time="9680" acceleration="1408"/>
    <motionState vehicle="2" speed="7556" time="9680" acceleration="23"/>
    <motionState vehicle="3" speed="2931" time="9680" acceleration="1114"/>
    <motionState vehicle="4" speed="7551" time="9680" acceleration="123"/>
    <motionState vehicle="5" speed="3038" time="9680" acceleration="314"/>
    <motionState vehicle="6" speed="3061" time="9680" acceleration="-636"/>
    <motionState vehicle="7" speed="2988" time="9680" acceleration="-1300"/>
    <motionState vehicle="8" speed="2851" time="9680" acceleration="-1352"/>
    <motionState vehicle="9" speed="2716" time="9680" acceleration="-752"/>
    <motionState vehicle="10" speed="2646" time="9680" acceleration="206"/>
    <motionState vehicle="11" speed="2675" time="9680" acceleration="1056"/>
    <motionState vehicle="0" speed="7513" time="9690" acceleration="585"/>
    <motionState vehicle="1" speed="2789" time="9690" acceleration="1406"/>
    <motionState vehicle="2" speed="7556" time="9690" acceleration="23"/>
    <motionState vehicle="3" speed="2932" time="9690" acceleration="1106"/>
    <motionState vehicle="4" speed="7552" time="9690" acceleration="122"/>
    <motionState vehicle="5" speed="3038" time="9690" acceleration="305"/>
    <motionState vehicle="6" speed="3060" time="9690" acceleration="-642"/>
    <motionState vehicle="7" speed="2987" time="9690" acceleration="-1301"/>
    <motionState vehicle="8" speed="2850" time="9690" acceleration="-1346"/>
    <motionState vehicle="9" speed="2715" time="9690" acceleration="-743"/>
    <motionState vehicle="10" speed="2646" time="9690" acceleration="214"/>
    <motionState vehicle="11" speed="2676" time="9690" acceleration="1060"/>
    <motionState vehicle="0" speed="7514" time="9700" acceleration="578"/>
    <motionState vehicle="1" speed="2791" time="9700" acceleration="1403"/>
    <motionState vehicle="2" speed="7556" time="9700" acceleration="23"/>
    <motionState vehicle="3" speed="2933" time="9700" acceleration="1099"/>
    <motionState vehicle="4" speed="7552" time="9700" acceleration="122"/>
    <motionState vehicle="5" speed="3039" time="9700" acceleration="295"/>
    <motionState vehicle="6" speed="3060" time="9700" acceleration="-649"/>
    <motionState vehicle="7" speed="2985" time="9700" acceleration="-1302"/>
    <motionState vehicle="8" speed="2849" time="9700" acceleration="-1341"/>
    <motionState vehicle="9" speed="2714" time="9700" acceleration="-733"/>
    <motionState vehicle="10" speed="2647" time="9700" acceleration="223"/>
    <motionState vehicle="11" speed="2677" time="9700" acceleration="1064"/>
    <motionState vehicle="0" speed="7514" time="9710" acceleration="572"/>
    <motionState vehicle="1" speed="2792" time="9710" acceleration="1400"/>
    <motionState vehicle="2" speed="7556" time="9710" acceleration="23"/>
    <motionState vehicle="3" speed="2934" time="9710" acceleration="1091"/>
    <motionState vehicle="4" speed="7552" time="9710" acceleration="121"/>
    <motionState vehicle="5" speed="3039" time="9710" acceleration="286"/>
    <motionState vehicle="6" speed="3059" time="9710" acceleration="-656"/>
    <motionState vehicle="7" speed="2984" time="9710" acceleration="-1303"/>
    <motionState vehicle="8" speed="2847" time="9710" acceleration="-1335"/>
    <motionState vehicle="9" speed="2714" time="9710" acceleration="-724"/>
    <motionState vehicle="10" speed="2647" time="9710" acceleration="231"/>
    <motionState vehicle="11" speed="2679" time="9710" acceleration="1067"/>
    <motionState vehicle="0" speed="7515" time="9720" acceleration="566"/>
    <motionState vehicle="1" speed="2794" time="9720" acceleration="1398"/>
    <motionState vehicle="2" speed="7556" time="9720" acceleration="24"/>
    <motionState vehicle="3" speed="2935" time="9720" acceleration="1083"/>
    <motionState vehicle="4" speed="7552" time="9720" acceleration="121"/>
    <motionState vehicle="5" speed="3039" time="9720" acceleration="277"/>
    <motionState vehicle="6" speed="3058" time="9720" acceleration="-663"/>
    <motionState vehicle="7" speed="2983" time="9720" acceleration="-1304"/>
    <motionState vehicle="8" speed="2846" time="9720" acceleration="-1330"/>
    <motionState vehicle="9" speed="2713" time="9720" acceleration="-715"/>
    <motionState vehicle="10" speed="2647" time="9720" acceleration="240"/>
    <motionState vehicle="11" speed="2680" time="9720" acceleration="1071"/>
    <motionState vehicle="0" speed="7515" time="9730" acceleration="559"/>
    <motionState vehicle="1" speed="2795" time="9730" acceleration="1395"/>
    <motionState vehicle="2" speed="7556" time="9730" acceleration="24"/>
    <motionState vehicle="3" speed="2936" time="9730" acceleration="1075"/>
    <motionState vehicle="4" speed="7552" time="9730" acceleration="121"/>
    <motionState vehicle="5" speed="3039" time="9730" acceleration="267"/>
    <motionState vehicle="6" speed="3058" time="9730" acceleration="-669"/>
    <motionState vehicle="7" speed="2981" time="9730" acceleration="-1305"/>
    <motionState vehicle="8" speed="2845" time="9730" acceleration="-1324"/>
    <motionState vehicle="9" speed="2712" time="9730" acceleration="-706"/>
    <motionState vehicle="10" speed="2647" time="9730" acceleration="248"/>
    <motionState vehicle="11" speed="2681" time="9730" acceleration="1075"/>
    <motionState vehicle="0" speed="7516" time="9740" acceleration="553"/>
    <motionState vehicle="1" speed="2796" time="9740" acceleration="1392"/>
    <motionState vehicle="2" speed="7556" time="9740" acceleration="24"/>
    <motionState vehicle="3" speed="2937" time="9740" acceleration="1068"/>
    <motionState vehicle="4" speed="7552" time="9740" acceleration="120"/>
    <motionState vehicle="5" speed="3040" time="9740" acceleration="258"/>
    <motionState vehicle="6" speed="3057" time="9740" acceleration="-676"/>
    <motionState vehicle="7" speed="2980" time="9740" acceleration="-1306"/>
    <motionState vehicle="8" speed="2843" time="9740" acceleration="-1319"/>
    <motionState vehicle="9" speed="2711" time="9740" acceleration="-697"/>
    <motionState vehicle="10" speed="2647" time="9740" acceleration="256"/>
    <motionState vehicle="11" speed="2682" time="9740" acceleration="1078"/>
    <motionState vehicle="0" speed="7516" time="9750" acceleration="547"/>
    <motionState vehicle="1" speed="2798" time="9750" acceleration="1390"/>
    <motionState vehicle="2" speed="7556" time="9750" acceleration="25"/>
    <motionState vehicle="3" speed="2938" time="9750" acceleration="1060"/>
    <motionState vehicle="4" speed="7552" time="9750" acceleration="120"/>
    <motionState vehicle="5" speed="3040" time="9750" acceleration="249"/>
    <motionState vehicle="6" speed="3056" time="9750" acceleration="-683"/>
    <motionState vehicle="7" speed="2979" time="9750" acceleration="-1306"/>
    <motionState vehicle="8" speed="2842" time="9750" acceleration="-1313"/>
    <motionState vehicle="9" speed="2711" time="9750" acceleration="-687"/>
    <motionState vehicle="10" speed="2648" time="9750" acceleration="265"/>
    <motionState vehicle="11" speed="2683" time="9750" acceleration="1082"/>
    <motionState vehicle="0" speed="7517" time="9760" acceleration="541"/>
    <motionState vehicle="1" speed="2799" time="9760" acceleration="1387"/>
    <motionState vehicle="2" speed="7556" time="9760" acceleration="25"/>
    <motionState vehicle="3" speed="2939" time="9760" acceleration="1052"/>
    <motionState vehicle="4" speed="7552" time="9760" acceleration="119"/>
    <motionState vehicle="5" speed="3040" time="9760" acceleration="239"/>
    <motionState vehicle="6" speed="3056" time="9760" acceleration="-689"/>
    <motionState vehicle="7" speed="2977" time="9760" acceleration="-1307"/>
    <motionState vehicle="8" speed="2841" time="9760" acceleration="-1307"/>
    <motionState vehicle="9" speed="2710" time="9760" acceleration="-678"/>
    <motionState vehicle="10" speed="2648" time="9760" acceleration="273"/>
    <motionState vehicle="11" speed="2684" time="9760" acceleration="1085"/>
    <motionState vehicle="0" speed="7518" time="9770" acceleration="535"/>
    <motionState vehicle="1" speed="2801" time="9770" acceleration="1384"/>
    <motionState vehicle="2" speed="7556" time="9770" acceleration="25"/>
    <motionState vehicle="3" speed="2940" time="9770" acceleration="1044"/>
    <motionState vehicle="4" speed="7553" time="9770" acceleration="119"/>
    <motionState vehicle="5" speed="3040" time="9770" acceleration="230"/>
    <motionState vehicle="6" speed="3055" time="9770" acceleration="-696"/>
    <motionState vehicle="7" speed="2976" time="9770" acceleration="-1307"/>
    <motionState vehicle="8" speed="2840" time="9770" acceleration="-1301"/>
    <motionState vehicle="9" speed="2709" time="9770" acceleration="-669"/>
    <motionState vehicle="10" speed="2648" time="9770" acceleration="281"/>
    <motionState vehicle="11" speed="2685" time="9770" acceleration="1088"/>
    <motionState vehicle="0" speed="7518" time="9780" acceleration="529"/>
    <motionState vehicle="1" speed="2802" time="9780" acceleration="1381"/>
    <motionState vehicle="2" speed="7556" time="9780" acceleration="26"/>
    <motionState vehicle="3" speed="2941" time="9780" acceleration="1037"/>
    <motionState vehicle="4" speed="7553" time="9780" acceleration="118"/>
    <motionState vehicle="5" speed="3041" time="9780" acceleration="221"/>
    <motionState vehicle="6" speed="3054" time="9780" acceleration="-702"/>
    <motionState vehicle="7" speed="2975" time="9780" acceleration="-1308"/>
    <motionState vehicle="8" speed="2838" time="9780" acceleration="-1296"/>
    <motionState vehicle="9" speed="2709" time="9780" acceleration="-660"/>
    <motionState vehicle="10" speed="2649" time="9780" acceleration="289"/>
    <motionState vehicle="11" speed="2686" time="9780" acceleration="1092"/>
    <motionState vehicle="0" speed="7519" time="9790" acceleration="523"/>
    <motionState vehicle="1" speed="2803" time="9790" acceleration="1378"/>
    <motionState vehicle="2" speed="7556" time="9790" acceleration="26"/>
    <motionState vehicle="3" speed="2942" time="9790" acceleration="1029"/>
    <motionState vehicle="4" speed="7553" time="9790" acceleration="118"/>
    <motionState vehicle="5" speed="3041" time="9790" acceleration="212"/>
    <motionState vehicle="6" speed="3053" time="9790" acceleration="-708"/>
    <motionState vehicle="7" speed="2974" time="9790" acceleration="-1308"/>
    <motionState vehicle="8" speed="2837" time="9790" acceleration="-1290"/>
    <motionState vehicle="9" speed="2708" time="9790" acceleration="-651"/>
    <motionState vehicle="10" speed="2649" time="9790" acceleration="297"/>
    <motionState vehicle="11" speed="2687" time="9790" acceleration="1095"/>
    <motionState vehicle="0" speed="7519" time="9800" acceleration="517"/>
    <motionState vehicle="1" speed="2805" time="9800" acceleration="1375"/>
    <motionState vehicle="2" speed="7556" time="9800" acceleration="26"/>
    <motionState vehicle="3" speed="2943" time="9800" acceleration="1021"/>
    <motionState vehicle="4" speed="7553" time="9800" acceleration="117"/>
    <motionState vehicle="5" speed="3041" time="9800" acceleration="203"/>
    <motionState vehicle="6" speed="3053" time="9800" acceleration="-715"/>
    <motionState vehicle="7" speed="2972" time="9800" acceleration="-1309"/>
    <motionState vehicle="8" speed="2836" time="9800" acceleration="-1284"/>
    <motionState vehicle="9" speed="2707" time="9800" acceleration="-641"/>
    <motionState vehicle="10" speed="2649" time="9800" acceleration="305"/>
    <motionState vehicle="11" speed="2688" time="9800" acceleration="1098"/>
    <motionState vehicle="0" speed="7520" time="9810" acceleration="511"/>
    <motionState vehicle="1" speed="2806" time="9810" acceleration="1372"/>
    <motionState vehicle="2" speed="7556" time="9810" acceleration="27"/>
    <motionState vehicle="3" speed="2944" time="9810" acceleration="1013"/>
    <motionState vehicle="4" speed="7553" time="9810" acceleration="117"/>
    <motionState vehicle="5" speed="3041" time="9810" acceleration="194"/>
    <motionState vehicle="6" speed="3052" time="9810" acceleration="-721"/>
    <motionState vehicle="7" speed="2971" time="9810" acceleration="-1309"/>
    <motionState vehicle="8" speed="2834" time="9810" acceleration="-1278"/>
    <motionState vehicle="9" speed="2707" time="9810" acceleration="-632"/>
    <motionState vehicle="10" speed="2650" time="9810" acceleration="313"/>
    <motionState vehicle="11" speed="2689" time="9810" acceleration="1101"/>
    <motionState vehicle="0" speed="7520" time="9820" acceleration="505"/>
    <motionState vehicle="1" speed="2807" time="9820" acceleration="1369"/>
    <motionState vehicle="2" speed="7556" time="9820" acceleration="27"/>
    <motionState vehicle="3" speed="2946" time="9820" acceleration="1005"/>
    <motionState vehicle="4" speed="7553" time="9820" acceleration="116"/>
    <motionState vehicle="5" speed="3041" time="9820" acceleration="184"/>
    <motionState vehicle="6" speed="3051" time="9820" acceleration="-727"/>
    <motionState vehicle="7" speed="2970" time="9820" acceleration="-1309"/>
    <motionState vehicle="8" speed="2833" time="9820" acceleration="-1272"/>
    <motionState vehicle="9" speed="2706" time="9820" acceleration="-623"/>
    <motionState vehicle="10" speed="2650" time="9820" acceleration="321"/>
    <motionState vehicle="11" speed="2690" time="9820" acceleration="1104"/>
    <motionState vehicle="0" speed="7521" time="9830" acceleration="499"/>
    <motionState vehicle="1" speed="2809" time="9830" acceleration="1365"/>
    <motionState vehicle="2" speed="7556" time="9830" acceleration="27"/>
    <motionState vehicle="3" speed="2946" time="9830" acceleration="997"/>
    <motionState vehicle="4" speed="7553" time="9830" acceleration="116"/>
    <motionState vehicle="5" speed="3042" time="9830" acceleration="175"/>
    <motionState vehicle="6" speed="3051" time="9830" acceleration="-733"/>
    <motionState vehicle="7" speed="2968" time="9830" acceleration="-1309"/>
    <motionState vehicle="8" speed="2832" time="9830" acceleration="-1266"/>
    <motionState vehicle="9" speed="2706" time="9830" acceleration="-614"/>
    <motionState vehicle="10" speed="2650" time="9830" acceleration="329"/>
    <motionState vehicle="11" speed="2692" time="9830" acceleration="1107"/>
    <motionState vehicle="0" speed="7521" time="9840" acceleration="494"/>
    <motionState vehicle="1" speed="2810" time="9840" acceleration="1362"/>
    <motionState vehicle="2" speed="7556" time="9840" acceleration="28"/>
    <motionState vehicle="3" speed="2947" time="9840" acceleration="989"/>
    <motionState vehicle="4" speed="7553" time="9840" acceleration="115"/>
    <motionState vehicle="5" speed="3042" time="9840" acceleration="166"/>
    <motionState vehicle="6" speed="3050" time="9840" acceleration="-739"/>
    <motionState vehicle="7" speed="2967" time="9840" acceleration="-1309"/>
    <motionState vehicle="8" speed="2831" time="9840" acceleration="-1260"/>
    <motionState vehicle="9" speed="2705" time="9840" acceleration="-605"/>
    <motionState vehicle="10" speed="2651" time="9840" acceleration="337"/>
    <motionState vehicle="11" speed="2693" time="9840" acceleration="1110"/>
    <motionState vehicle="0" speed="7522" time="9850" acceleration="488"/>
    <motionState vehicle="1" speed="2811" time="9850" acceleration="1359"/>
    <motionState vehicle="2" speed="7556" time="9850" acceleration="28"/>
    <motionState vehicle="3" speed="2948" time="9850" acceleration="981"/>
    <motionState vehicle="4" speed="7553" time="9850" acceleration="115"/>
    <motionState vehicle="5" speed="3042" time="9850" acceleration="157"/>
    <motionState vehicle="6" speed="3049" time="9850" acceleration="-745"/>
    <motionState vehicle="7" speed="2966" time="9850" acceleration="-1309"/>
    <motionState vehicle="8" speed="2829" time="9850" acceleration="-1254"/>
    <motionState vehicle="9" speed="2704" time="9850" acceleration="-596"/>
    <motionState vehicle="10" speed="2651" time="9850" acceleration="345"/>
    <motionState vehicle="11" speed="2694" time="9850" acceleration="1113"/>
    <motionState vehicle="0" speed="7522" time="9860" acceleration="483"/>
    <motionState vehicle="1" speed="2813" time="9860" acceleration="1356"/>
    <motionState vehicle="2" speed="7556" time="9860" acceleration="28"/>
    <motionState vehicle="3" speed="2949" time="9860" acceleration="974"/>
    <motionState vehicle="4" speed="7554" time="9860" acceleration="114"/>
    <motionState vehicle="5" speed="3042" time="9860" acceleration="148"/>
    <motionState vehicle="6" speed="3048" time="9860" acceleration="-751"/>
    <motionState vehicle="7" speed="2964" time="9860" acceleration="-1309"/>
    <motionState vehicle="8" speed="2828" time="9860" acceleration="-1248"/>
    <motionState vehicle="9" speed="2704" time="9860" acceleration="-587"/>
    <motionState vehicle="10" speed="2651" time="9860" acceleration="352"/>
    <motionState vehicle="11" speed="2695" time="9860" acceleration="1116"/>
    <motionState vehicle="0" speed="7523" time="9870" acceleration="477"/>
    <motionState vehicle="1" speed="2814" time="9870" acceleration="1352"/>
    <motionState vehicle="2" speed="7556" time="9870" acceleration="28"/>
    <motionState vehicle="3" speed="2950" time="9870" acceleration="966"/>
    <motionState vehicle="4" speed="7554" time="9870" acceleration="114"/>
    <motionState vehicle="5" speed="3042" time="9870" acceleration="139"/>
    <motionState vehicle="6" speed="3048" time="9870" acceleration="-757"/>
    <motionState vehicle="7" speed="2963" time="9870" acceleration="-1309"/>
    <motionState vehicle="8" speed="2827" time="9870" acceleration="-1242"/>
    <motionState vehicle="9" speed="2703" time="9870" acceleration="-578"/>
    <motionState vehicle="10" speed="2652" time="9870" acceleration="360"/>
    <motionState vehicle="11" speed="2696" time="9870" acceleration="1119"/>
    <motionState vehicle="0" speed="7523" time="9880" acceleration="472"/>
    <motionState vehicle="1" speed="2816" time="9880" acceleration="1349"/>
    <motionState vehicle="2" speed="7556" time="9880" acceleration="29"/>
    <motionState vehicle="3" speed="2951" time="9880" acceleration="958"/>
    <motionState vehicle="4" speed="7554" time="9880" acceleration="113"/>
    <motionState vehicle="5" speed="3042" time="9880" acceleration="130"/>
    <motionState vehicle="6" speed="3047" time="9880" acceleration="-763"/>
    <motionState vehicle="7" speed="2962" time="9880" acceleration="-1309"/>
    <motionState vehicle="8" speed="2826" time="9880" acceleration="-1236"/>
    <motionState vehicle="9" speed="2703" time="9880" acceleration="-568"/>
    <motionState vehicle="10" speed="2652" time="9880" acceleration="368"/>
    <motionState vehicle="11" speed="2697" time="9880" acceleration="1121"/>
    <motionState vehicle="0" speed="7524" time="9890" acceleration="467"/>
    <motionState vehicle="1" speed="2817" time="9890" acceleration="1345"/>
    <motionState vehicle="2" speed="7556" time="9890" acceleration="29"/>
    <motionState vehicle="3" speed="2952" time="9890" acceleration="950"/>
    <motionState vehicle="4" speed="7554" time="9890" acceleration="112"/>
    <motionState vehicle="5" speed="3042" time="9890" acceleration="122"/>
    <motionState vehicle="6" speed="3046" time="9890" acceleration="-768"/>
    <motionState vehicle="7" speed="2960" time="9890" acceleration="-1309"/>
    <motionState vehicle="8" speed="2824" time="9890" acceleration="-1230"/>
    <motionState vehicle="9" speed="2702" time="9890" acceleration="-559"/>
    <motionState vehicle="10" speed="2652" time="9890" acceleration="375"/>
    <motionState vehicle="11" speed="2698" time="9890" acceleration="1124"/>
    <motionState vehicle="0" speed="7524" time="9900" acceleration="461"/>
    <motionState vehicle="1" speed="2818" time="9900" acceleration="1342"/>
    <motionState vehicle="2" speed="7556" time="9900" acceleration="29"/>
    <motionState vehicle="3" speed="2953" time="9900" acceleration="942"/>
    <motionState vehicle="4" speed="7554" time="9900" acceleration="112"/>
    <motionState vehicle="5" speed="3043" time="9900" acceleration="113"/>
    <motionState vehicle="6" speed="3045" time="9900" acceleration="-774"/>
    <motionState vehicle="7" speed="2959" time="9900" acceleration="-1309"/>
    <motionState vehicle="8" speed="2823" time="9900" acceleration="-1224"/>
    <motionState vehicle="9" speed="2702" time="9900" acceleration="-550"/>
    <motionState vehicle="10" speed="2653" time="9900" acceleration="383"/>
    <motionState vehicle="11" speed="2699" time="9900" acceleration="1126"/>
    <motionState vehicle="0" speed="7524" time="9910" acceleration="456"/>
    <motionState vehicle="1" speed="2820" time="9910" acceleration="1338"/>
    <motionState vehicle="2" speed="7556" time="9910" acceleration="30"/>
    <motionState vehicle="3" speed="2954" time="9910" acceleration="934"/>
    <motionState vehicle="4" speed="7554" time="9910" acceleration="111"/>
    <motionState vehicle="5" speed="3043" time="9910" acceleration="104"/>
    <motionState vehicle="6" speed="3044" time="9910" acceleration="-780"/>
    <motionState vehicle="7" speed="2958" time="9910" acceleration="-1308"/>
    <motionState vehicle="8" speed="2822" time="9910" acceleration="-1218"/>
    <motionState vehicle="9" speed="2701" time="9910" acceleration="-541"/>
    <motionState vehicle="10" speed="2653" time="9910" acceleration="390"/>
    <motionState vehicle="11" speed="2701" time="9910" acceleration="1129"/>
    <motionState vehicle="0" speed="7525" time="9920" acceleration="451"/>
    <motionState vehicle="1" speed="2821" time="9920" acceleration="1335"/>
    <motionState vehicle="2" speed="7556" time="9920" acceleration="30"/>
    <motionState vehicle="3" speed="2955" time="9920" acceleration="926"/>
    <motionState vehicle="4" speed="7554" time="9920" acceleration="111"/>
    <motionState vehicle="5" speed="3043" time="9920" acceleration="95"/>
    <motionState vehicle="6" speed="3044" time="9920" acceleration="-785"/>
    <motionState vehicle="7" speed="2956" time="9920" acceleration="-1308"/>
    <motionState vehicle="8" speed="2821" time="9920" acceleration="-1211"/>
    <motionState vehicle="9" speed="2700" time="9920" acceleration="-532"/>
    <motionState vehicle="10" speed="2653" time="9920" acceleration="398"/>
    <motionState vehicle="11" speed="2702" time="9920" acceleration="1131"/>
    <motionState vehicle="0" speed="7525" time="9930" acceleration="446"/>
    <motionState vehicle="1" speed="2822" time="9930" acceleration="1331"/>
    <motionState vehicle="2" speed="7556" time="9930" acceleration="30"/>
    <motionState vehicle="3" speed="2956" time="9930" acceleration="918"/>
    <motionState vehicle="4" speed="7554" time="9930" acceleration="110"/>
    <motionState vehicle="5" speed="3043" time="9930" acceleration="86"/>
    <motionState vehicle="6" speed="3043" time="9930" acceleration="-791"/>
    <motionState vehicle="7" speed="2955" time="9930" acceleration="-1308"/>
    <motionState vehicle="8" speed="2820" time="9930" acceleration="-1205"/>
    <motionState vehicle="9" speed="2700" time="9930" acceleration="-523"/>
    <motionState vehicle="10" speed="2654" time="9930" acceleration="405"/>
    <motionState vehicle="11" speed="2703" time="9930" acceleration="1134"/>
    <motionState vehicle="0" speed="7526" time="9940" acceleration="441"/>
    <motionState vehicle="1" speed="2824" time="9940" acceleration="1327"/>
    <motionState vehicle="2" speed="7556" time="9940" acceleration="30"/>
    <motionState vehicle="3" speed="2957" time="9940" acceleration="910"/>
    <motionState vehicle="4" speed="7554" time="9940" acceleration="110"/>
    <motionState vehicle="5" speed="3043" time="9940" acceleration="77"/>
    <motionState vehicle="6" speed="3042" time="9940" acceleration="-796"/>
    <motionState vehicle="7" speed="2954" time="9940" acceleration="-1307"/>
    <motionState vehicle="8" speed="2818" time="9940" acceleration="-1199"/>
    <motionState vehicle="9" speed="2699" time="9940" acceleration="-514"/>
    <motionState vehicle="10" speed="2654" time="9940" acceleration="413"/>
    <motionState vehicle="11" speed="2704" time="9940" acceleration="1136"/>
    <motionState vehicle="0" speed="7526" time="9950" acceleration="436"/>
    <motionState vehicle="1" speed="2825" time="9950" acceleration="1324"/>
    <motionState vehicle="2" speed="7556" time="9950" acceleration="31"/>
    <motionState vehicle="3" speed="2958" time="9950" acceleration="902"/>
    <motionState vehicle="4" speed="7555" time="9950" acceleration="109"/>
    <motionState vehicle="5" speed="3043" time="9950" acceleration="69"/>
    <motionState vehicle="6" speed="3041" time="9950" acceleration="-802"/>
    <motionState vehicle="7" speed="2953" time="9950" acceleration="-1307"/>
    <motionState vehicle="8" speed="2817" time="9950" acceleration="-1193"/>
    <motionState vehicle="9" speed="2699" time="9950" acceleration="-505"/>
    <motionState vehicle="10" speed="2655" time="9950" acceleration="420"/>
    <motionState vehicle="11" speed="2705" time="9950" acceleration="1138"/>
    <motionState vehicle="0" speed="7527" time="9960" acceleration="431"/>
    <motionState vehicle="1" speed="2826" time="9960" acceleration="1320"/>
    <motionState vehicle="2" speed="7556" time="9960" acceleration="31"/>
    <motionState vehicle="3" speed="2959" time="9960" acceleration="894"/>
    <motionState vehicle="4" speed="7555" time="9960" acceleration="108"/>
    <motionState vehicle="5" speed="3043" time="9960" acceleration="60"/>
    <motionState vehicle="6" speed="3040" time="9960" acceleration="-807"/>
    <motionState vehicle="7" speed="2951" time="9960" acceleration="-1306"/>
    <motionState vehicle="8" speed="2816" time="9960" acceleration="-1186"/>
    <motionState vehicle="9" speed="2698" time="9960" acceleration="-496"/>
    <motionState vehicle="10" speed="2655" time="9960" acceleration="427"/>
    <motionState vehicle="11" speed="2706" time="9960" acceleration="1141"/>
    <motionState vehicle="0" speed="7527" time="9970" acceleration="426"/>
    <motionState vehicle="1" speed="2828" time="9970" acceleration="1316"/>
    <motionState vehicle="2" speed="7556" time="9970" acceleration="31"/>
    <motionState vehicle="3" speed="2960" time="9970" acceleration="886"/>
    <motionState vehicle="4" speed="7555" time="9970" acceleration="108"/>
    <motionState vehicle="5" speed="3043" time="9970" acceleration="51"/>
    <motionState vehicle="6" speed="3040" time="9970" acceleration="-812"/>
    <motionState vehicle="7" speed="2950" time="9970" acceleration="-1305"/>
    <motionState vehicle="8" speed="2815" time="9970" acceleration="-1180"/>
    <motionState vehicle="9" speed="2698" time="9970" acceleration="-487"/>
    <motionState vehicle="10" speed="2656" time="9970" acceleration="435"/>
    <motionState vehicle="11" speed="2707" time="9970" acceleration="1143"/>
    <motionState vehicle="0" speed="7528" time="9980" acceleration="422"/>
    <motionState vehicle="1" speed="2829" time="9980" acceleration="1312"/>
    <motionState vehicle="2" speed="7557" time="9980" acceleration="31"/>
    <motionState vehicle="3" speed="2961" time="9980" acceleration="878"/>
    <motionState vehicle="4" speed="7555" time="9980" acceleration="107"/>
    <motionState vehicle="5" speed="3043" time="9980" acceleration="43"/>
    <motionState vehicle="6" speed="3039" time="9980" acceleration="-818"/>
    <motionState vehicle="7" speed="2949" time="9980" acceleration="-1305"/>
    <motionState vehicle="8" speed="2814" time="9980" acceleration="-1173"/>
    <motionState vehicle="9" speed="2697" time="9980" acceleration="-478"/>
    <motionState vehicle="10" speed="2656" time="9980" acceleration="442"/>
    <motionState vehicle="11" speed="2709" time="9980" acceleration="1145"/>
    <motionState vehicle="0" speed="7528" time="9990" acceleration="417"/>
    <motionState vehicle="1" speed="2830" time="9990" acceleration="1308"/>
    <motionState vehicle="2" speed="7557" time="9990" acceleration="32"/>
    <motionState vehicle="3" speed="2961" time="9990" acceleration="870"/>
    <motionState vehicle="4" speed="7555" time="9990" acceleration="107"/>
    <motionState vehicle="5" speed="3043" time="9990" acceleration="34"/>
    <motionState vehicle="6" speed="3038" time="9990" acceleration="-823"/>
    <motionState vehicle="7" speed="2947" time="9990" acceleration="-1304"/>
    <motionState vehicle="8" speed="2812" time="9990" acceleration="-1167"/>
    <motionState vehicle="9" speed="2697" time="9990" acceleration="-469"/>
    <motionState vehicle="10" speed="2656" time="9990" acceleration="449"/>
    <motionState vehicle="11" speed="2710" time="9990" acceleration="1147"/>
    <motionState vehicle="0" speed="7528" time="10000" acceleration="412"/>
    <motionState vehicle="1" speed="2831" time="10000" acceleration="1304"/>
    <motionState vehicle="2" speed="7557" time="10000" acceleration="32"/>
    <motionState vehicle="3" speed="2962" time="10000" acceleration="861"/>
    <motionState vehicle="4" speed="7555" time="10000" acceleration="106"/>
    <motionState vehicle="5" speed="3043" time="10000" acceleration="26"/>
    <motionState vehicle="6" speed="3037" time="10000" acceleration="-828"/>
    <motionState vehicle="7" speed="2946" time="10000" acceleration="-1303"/>
    <motionState vehicle="8" speed="2811" time="10000" acceleration="-1160"/>
    <motionState vehicle="9" speed="2697" time="10000" acceleration="-460"/>
    <motionState vehicle="10" speed="2657" time="10000" acceleration="456"/>
    <motionState vehicle="11" speed="2711" time="10000" acceleration="1149"/>
=======
    <motionState vehicle="7" speed="1540" time="1540" acceleration="4990"/>
    <motionState vehicle="8" speed="1541" time="1540" acceleration="5022"/>
    <motionState vehicle="9" speed="1545" time="1540" acceleration="5160"/>
    <motionState vehicle="10" speed="1565" time="1540" acceleration="5588"/>
    <motionState vehicle="11" speed="1630" time="1540" acceleration="6359"/>
    <motionState vehicle="0" speed="1781" time="1550" acceleration="6515"/>
    <motionState vehicle="1" speed="1787" time="1550" acceleration="6878"/>
    <motionState vehicle="2" speed="1834" time="1550" acceleration="8615"/>
    <motionState vehicle="3" speed="2071" time="1550" acceleration="13636"/>
    <motionState vehicle="4" speed="2074" time="1550" acceleration="13636"/>
    <motionState vehicle="5" speed="1996" time="1550" acceleration="7589"/>
    <motionState vehicle="6" speed="1545" time="1550" acceleration="4939"/>
    <motionState vehicle="7" speed="1545" time="1550" acceleration="4945"/>
    <motionState vehicle="8" speed="1546" time="1550" acceleration="4978"/>
    <motionState vehicle="9" speed="1550" time="1550" acceleration="5119"/>
    <motionState vehicle="10" speed="1570" time="1550" acceleration="5550"/>
    <motionState vehicle="11" speed="1636" time="1550" acceleration="6316"/>
    <motionState vehicle="0" speed="1787" time="1560" acceleration="6460"/>
    <motionState vehicle="1" speed="1794" time="1560" acceleration="6835"/>
    <motionState vehicle="2" speed="1843" time="1560" acceleration="8604"/>
    <motionState vehicle="3" speed="2084" time="1560" acceleration="13636"/>
    <motionState vehicle="4" speed="2088" time="1560" acceleration="13636"/>
    <motionState vehicle="5" speed="2004" time="1560" acceleration="7455"/>
    <motionState vehicle="6" speed="1550" time="1560" acceleration="4894"/>
    <motionState vehicle="7" speed="1550" time="1560" acceleration="4901"/>
    <motionState vehicle="8" speed="1551" time="1560" acceleration="4934"/>
    <motionState vehicle="9" speed="1555" time="1560" acceleration="5078"/>
    <motionState vehicle="10" speed="1576" time="1560" acceleration="5513"/>
    <motionState vehicle="11" speed="1642" time="1560" acceleration="6274"/>
    <motionState vehicle="0" speed="1793" time="1570" acceleration="6405"/>
    <motionState vehicle="1" speed="1801" time="1570" acceleration="6793"/>
    <motionState vehicle="2" speed="1852" time="1570" acceleration="8594"/>
    <motionState vehicle="3" speed="2098" time="1570" acceleration="13636"/>
    <motionState vehicle="4" speed="2101" time="1570" acceleration="13636"/>
    <motionState vehicle="5" speed="2011" time="1570" acceleration="7323"/>
    <motionState vehicle="6" speed="1555" time="1570" acceleration="4850"/>
    <motionState vehicle="7" speed="1555" time="1570" acceleration="4856"/>
    <motionState vehicle="8" speed="1556" time="1570" acceleration="4891"/>
    <motionState vehicle="9" speed="1560" time="1570" acceleration="5038"/>
    <motionState vehicle="10" speed="1581" time="1570" acceleration="5476"/>
    <motionState vehicle="11" speed="1648" time="1570" acceleration="6232"/>
    <motionState vehicle="0" speed="1800" time="1580" acceleration="6351"/>
    <motionState vehicle="1" speed="1808" time="1580" acceleration="6753"/>
    <motionState vehicle="2" speed="1860" time="1580" acceleration="8584"/>
    <motionState vehicle="3" speed="2112" time="1580" acceleration="13636"/>
    <motionState vehicle="4" speed="2115" time="1580" acceleration="13636"/>
    <motionState vehicle="5" speed="2018" time="1580" acceleration="7193"/>
    <motionState vehicle="6" speed="1560" time="1580" acceleration="4806"/>
    <motionState vehicle="7" speed="1560" time="1580" acceleration="4813"/>
    <motionState vehicle="8" speed="1561" time="1580" acceleration="4849"/>
    <motionState vehicle="9" speed="1565" time="1580" acceleration="4998"/>
    <motionState vehicle="10" speed="1587" time="1580" acceleration="5439"/>
    <motionState vehicle="11" speed="1655" time="1580" acceleration="6190"/>
    <motionState vehicle="0" speed="1806" time="1590" acceleration="6297"/>
    <motionState vehicle="1" speed="1814" time="1590" acceleration="6713"/>
    <motionState vehicle="2" speed="1869" time="1590" acceleration="8574"/>
    <motionState vehicle="3" speed="2125" time="1590" acceleration="13636"/>
    <motionState vehicle="4" speed="2128" time="1590" acceleration="13636"/>
    <motionState vehicle="5" speed="2025" time="1590" acceleration="7064"/>
    <motionState vehicle="6" speed="1564" time="1590" acceleration="4762"/>
    <motionState vehicle="7" speed="1565" time="1590" acceleration="4769"/>
    <motionState vehicle="8" speed="1565" time="1590" acceleration="4806"/>
    <motionState vehicle="9" speed="1570" time="1590" acceleration="4958"/>
    <motionState vehicle="10" speed="1592" time="1590" acceleration="5403"/>
    <motionState vehicle="11" speed="1661" time="1590" acceleration="6148"/>
    <motionState vehicle="0" speed="1812" time="1600" acceleration="6245"/>
    <motionState vehicle="1" speed="1821" time="1600" acceleration="6674"/>
    <motionState vehicle="2" speed="1877" time="1600" acceleration="8566"/>
    <motionState vehicle="3" speed="2139" time="1600" acceleration="13636"/>
    <motionState vehicle="4" speed="2142" time="1600" acceleration="13636"/>
    <motionState vehicle="5" speed="2032" time="1600" acceleration="6937"/>
    <motionState vehicle="6" speed="1569" time="1600" acceleration="4719"/>
    <motionState vehicle="7" speed="1569" time="1600" acceleration="4726"/>
    <motionState vehicle="8" speed="1570" time="1600" acceleration="4764"/>
    <motionState vehicle="9" speed="1575" time="1600" acceleration="4919"/>
    <motionState vehicle="10" speed="1597" time="1600" acceleration="5366"/>
    <motionState vehicle="11" speed="1667" time="1600" acceleration="6107"/>
    <motionState vehicle="0" speed="1818" time="1610" acceleration="6193"/>
    <motionState vehicle="1" speed="1828" time="1610" acceleration="6635"/>
    <motionState vehicle="2" speed="1886" time="1610" acceleration="8558"/>
    <motionState vehicle="3" speed="2153" time="1610" acceleration="13636"/>
    <motionState vehicle="4" speed="2156" time="1610" acceleration="13636"/>
    <motionState vehicle="5" speed="2039" time="1610" acceleration="6811"/>
    <motionState vehicle="6" speed="1574" time="1610" acceleration="4676"/>
    <motionState vehicle="7" speed="1574" time="1610" acceleration="4684"/>
    <motionState vehicle="8" speed="1575" time="1610" acceleration="4723"/>
    <motionState vehicle="9" speed="1580" time="1610" acceleration="4880"/>
    <motionState vehicle="10" speed="1603" time="1610" acceleration="5331"/>
    <motionState vehicle="11" speed="1673" time="1610" acceleration="6066"/>
    <motionState vehicle="0" speed="1825" time="1620" acceleration="6141"/>
    <motionState vehicle="1" speed="1834" time="1620" acceleration="6598"/>
    <motionState vehicle="2" speed="1895" time="1620" acceleration="8550"/>
    <motionState vehicle="3" speed="2166" time="1620" acceleration="13636"/>
    <motionState vehicle="4" speed="2169" time="1620" acceleration="13636"/>
    <motionState vehicle="5" speed="2046" time="1620" acceleration="6688"/>
    <motionState vehicle="6" speed="1578" time="1620" acceleration="4634"/>
    <motionState vehicle="7" speed="1579" time="1620" acceleration="4642"/>
    <motionState vehicle="8" speed="1580" time="1620" acceleration="4682"/>
    <motionState vehicle="9" speed="1585" time="1620" acceleration="4842"/>
    <motionState vehicle="10" speed="1608" time="1620" acceleration="5295"/>
    <motionState vehicle="11" speed="1679" time="1620" acceleration="6025"/>
    <motionState vehicle="0" speed="1831" time="1630" acceleration="6090"/>
    <motionState vehicle="1" speed="1841" time="1630" acceleration="6561"/>
    <motionState vehicle="2" speed="1903" time="1630" acceleration="8544"/>
    <motionState vehicle="3" speed="2180" time="1630" acceleration="13636"/>
    <motionState vehicle="4" speed="2183" time="1630" acceleration="13636"/>
    <motionState vehicle="5" speed="2052" time="1630" acceleration="6566"/>
    <motionState vehicle="6" speed="1583" time="1630" acceleration="4592"/>
    <motionState vehicle="7" speed="1583" time="1630" acceleration="4600"/>
    <motionState vehicle="8" speed="1584" time="1630" acceleration="4641"/>
    <motionState vehicle="9" speed="1590" time="1630" acceleration="4804"/>
    <motionState vehicle="10" speed="1613" time="1630" acceleration="5260"/>
    <motionState vehicle="11" speed="1685" time="1630" acceleration="5985"/>
    <motionState vehicle="0" speed="1837" time="1640" acceleration="6040"/>
    <motionState vehicle="1" speed="1847" time="1640" acceleration="6525"/>
    <motionState vehicle="2" speed="1912" time="1640" acceleration="8537"/>
    <motionState vehicle="3" speed="2194" time="1640" acceleration="13636"/>
    <motionState vehicle="4" speed="2197" time="1640" acceleration="13636"/>
    <motionState vehicle="5" speed="2059" time="1640" acceleration="6446"/>
    <motionState vehicle="6" speed="1588" time="1640" acceleration="4550"/>
    <motionState vehicle="7" speed="1588" time="1640" acceleration="4559"/>
    <motionState vehicle="8" speed="1589" time="1640" acceleration="4601"/>
    <motionState vehicle="9" speed="1595" time="1640" acceleration="4767"/>
    <motionState vehicle="10" speed="1618" time="1640" acceleration="5226"/>
    <motionState vehicle="11" speed="1691" time="1640" acceleration="5945"/>
    <motionState vehicle="0" speed="1843" time="1650" acceleration="5991"/>
    <motionState vehicle="1" speed="1854" time="1650" acceleration="6490"/>
    <motionState vehicle="2" speed="1920" time="1650" acceleration="8532"/>
    <motionState vehicle="3" speed="2207" time="1650" acceleration="13636"/>
    <motionState vehicle="4" speed="2210" time="1650" acceleration="13636"/>
    <motionState vehicle="5" speed="2065" time="1650" acceleration="6327"/>
    <motionState vehicle="6" speed="1592" time="1650" acceleration="4509"/>
    <motionState vehicle="7" speed="1592" time="1650" acceleration="4518"/>
    <motionState vehicle="8" speed="1593" time="1650" acceleration="4561"/>
    <motionState vehicle="9" speed="1599" time="1650" acceleration="4730"/>
    <motionState vehicle="10" speed="1624" time="1650" acceleration="5191"/>
    <motionState vehicle="11" speed="1697" time="1650" acceleration="5905"/>
    <motionState vehicle="0" speed="1849" time="1660" acceleration="5942"/>
    <motionState vehicle="1" speed="1860" time="1660" acceleration="6455"/>
    <motionState vehicle="2" speed="1929" time="1660" acceleration="8527"/>
    <motionState vehicle="3" speed="2221" time="1660" acceleration="13636"/>
    <motionState vehicle="4" speed="2224" time="1660" acceleration="13636"/>
    <motionState vehicle="5" speed="2071" time="1660" acceleration="6210"/>
    <motionState vehicle="6" speed="1597" time="1660" acceleration="4468"/>
    <motionState vehicle="7" speed="1597" time="1660" acceleration="4477"/>
    <motionState vehicle="8" speed="1598" time="1660" acceleration="4522"/>
    <motionState vehicle="9" speed="1604" time="1660" acceleration="4693"/>
    <motionState vehicle="10" speed="1629" time="1660" acceleration="5157"/>
    <motionState vehicle="11" speed="1703" time="1660" acceleration="5865"/>
    <motionState vehicle="0" speed="1855" time="1670" acceleration="5894"/>
    <motionState vehicle="1" speed="1867" time="1670" acceleration="6422"/>
    <motionState vehicle="2" speed="1937" time="1670" acceleration="8522"/>
    <motionState vehicle="3" speed="2234" time="1670" acceleration="13636"/>
    <motionState vehicle="4" speed="2238" time="1670" acceleration="13636"/>
    <motionState vehicle="5" speed="2077" time="1670" acceleration="6095"/>
    <motionState vehicle="6" speed="1601" time="1670" acceleration="4428"/>
    <motionState vehicle="7" speed="1601" time="1670" acceleration="4437"/>
    <motionState vehicle="8" speed="1602" time="1670" acceleration="4483"/>
    <motionState vehicle="9" speed="1609" time="1670" acceleration="4657"/>
    <motionState vehicle="10" speed="1634" time="1670" acceleration="5123"/>
    <motionState vehicle="11" speed="1708" time="1670" acceleration="5826"/>
    <motionState vehicle="0" speed="1860" time="1680" acceleration="5846"/>
    <motionState vehicle="1" speed="1873" time="1680" acceleration="6389"/>
    <motionState vehicle="2" speed="1946" time="1680" acceleration="8518"/>
    <motionState vehicle="3" speed="2248" time="1680" acceleration="13636"/>
    <motionState vehicle="4" speed="2251" time="1680" acceleration="13636"/>
    <motionState vehicle="5" speed="2083" time="1680" acceleration="5981"/>
    <motionState vehicle="6" speed="1605" time="1680" acceleration="4387"/>
    <motionState vehicle="7" speed="1606" time="1680" acceleration="4397"/>
    <motionState vehicle="8" speed="1607" time="1680" acceleration="4444"/>
    <motionState vehicle="9" speed="1613" time="1680" acceleration="4621"/>
    <motionState vehicle="10" speed="1639" time="1680" acceleration="5090"/>
    <motionState vehicle="11" speed="1714" time="1680" acceleration="5787"/>
    <motionState vehicle="0" speed="1866" time="1690" acceleration="5799"/>
    <motionState vehicle="1" speed="1880" time="1690" acceleration="6357"/>
    <motionState vehicle="2" speed="1954" time="1690" acceleration="8515"/>
    <motionState vehicle="3" speed="2262" time="1690" acceleration="13636"/>
    <motionState vehicle="4" speed="2265" time="1690" acceleration="13636"/>
    <motionState vehicle="5" speed="2089" time="1690" acceleration="5868"/>
    <motionState vehicle="6" speed="1610" time="1690" acceleration="4348"/>
    <motionState vehicle="7" speed="1610" time="1690" acceleration="4358"/>
    <motionState vehicle="8" speed="1611" time="1690" acceleration="4406"/>
    <motionState vehicle="9" speed="1618" time="1690" acceleration="4586"/>
    <motionState vehicle="10" speed="1644" time="1690" acceleration="5057"/>
    <motionState vehicle="11" speed="1720" time="1690" acceleration="5748"/>
    <motionState vehicle="0" speed="1872" time="1700" acceleration="5752"/>
    <motionState vehicle="1" speed="1886" time="1700" acceleration="6325"/>
    <motionState vehicle="2" speed="1963" time="1700" acceleration="8512"/>
    <motionState vehicle="3" speed="2275" time="1700" acceleration="13636"/>
    <motionState vehicle="4" speed="2278" time="1700" acceleration="13636"/>
    <motionState vehicle="5" speed="2095" time="1700" acceleration="5758"/>
    <motionState vehicle="6" speed="1614" time="1700" acceleration="4308"/>
    <motionState vehicle="7" speed="1614" time="1700" acceleration="4319"/>
    <motionState vehicle="8" speed="1616" time="1700" acceleration="4368"/>
    <motionState vehicle="9" speed="1623" time="1700" acceleration="4551"/>
    <motionState vehicle="10" speed="1649" time="1700" acceleration="5024"/>
    <motionState vehicle="11" speed="1726" time="1700" acceleration="5709"/>
    <motionState vehicle="0" speed="1878" time="1710" acceleration="5707"/>
    <motionState vehicle="1" speed="1892" time="1710" acceleration="6295"/>
    <motionState vehicle="2" speed="1971" time="1710" acceleration="8510"/>
    <motionState vehicle="3" speed="2289" time="1710" acceleration="13636"/>
    <motionState vehicle="4" speed="2292" time="1710" acceleration="13636"/>
    <motionState vehicle="5" speed="2100" time="1710" acceleration="5648"/>
    <motionState vehicle="6" speed="1618" time="1710" acceleration="4269"/>
    <motionState vehicle="7" speed="1619" time="1710" acceleration="4280"/>
    <motionState vehicle="8" speed="1620" time="1710" acceleration="4331"/>
    <motionState vehicle="9" speed="1627" time="1710" acceleration="4516"/>
    <motionState vehicle="10" speed="1654" time="1710" acceleration="4992"/>
    <motionState vehicle="11" speed="1731" time="1710" acceleration="5671"/>
    <motionState vehicle="0" speed="1883" time="1720" acceleration="5661"/>
    <motionState vehicle="1" speed="1898" time="1720" acceleration="6265"/>
    <motionState vehicle="2" speed="1980" time="1720" acceleration="8508"/>
    <motionState vehicle="3" speed="2303" time="1720" acceleration="13636"/>
    <motionState vehicle="4" speed="2306" time="1720" acceleration="13636"/>
    <motionState vehicle="5" speed="2106" time="1720" acceleration="5541"/>
    <motionState vehicle="6" speed="1623" time="1720" acceleration="4230"/>
    <motionState vehicle="7" speed="1623" time="1720" acceleration="4242"/>
    <motionState vehicle="8" speed="1624" time="1720" acceleration="4294"/>
    <motionState vehicle="9" speed="1632" time="1720" acceleration="4482"/>
    <motionState vehicle="10" speed="1659" time="1720" acceleration="4959"/>
    <motionState vehicle="11" speed="1737" time="1720" acceleration="5633"/>
    <motionState vehicle="0" speed="1889" time="1730" acceleration="5617"/>
    <motionState vehicle="1" speed="1905" time="1730" acceleration="6236"/>
    <motionState vehicle="2" speed="1988" time="1730" acceleration="8506"/>
    <motionState vehicle="3" speed="2316" time="1730" acceleration="13636"/>
    <motionState vehicle="4" speed="2319" time="1730" acceleration="13636"/>
    <motionState vehicle="5" speed="2111" time="1730" acceleration="5434"/>
    <motionState vehicle="6" speed="1627" time="1730" acceleration="4192"/>
    <motionState vehicle="7" speed="1627" time="1730" acceleration="4204"/>
    <motionState vehicle="8" speed="1629" time="1730" acceleration="4257"/>
    <motionState vehicle="9" speed="1636" time="1730" acceleration="4448"/>
    <motionState vehicle="10" speed="1664" time="1730" acceleration="4928"/>
    <motionState vehicle="11" speed="1743" time="1730" acceleration="5596"/>
    <motionState vehicle="0" speed="1895" time="1740" acceleration="5573"/>
    <motionState vehicle="1" speed="1911" time="1740" acceleration="6207"/>
    <motionState vehicle="2" speed="1997" time="1740" acceleration="8505"/>
    <motionState vehicle="3" speed="2330" time="1740" acceleration="13636"/>
    <motionState vehicle="4" speed="2333" time="1740" acceleration="13636"/>
    <motionState vehicle="5" speed="2117" time="1740" acceleration="5330"/>
    <motionState vehicle="6" speed="1631" time="1740" acceleration="4154"/>
    <motionState vehicle="7" speed="1631" time="1740" acceleration="4166"/>
    <motionState vehicle="8" speed="1633" time="1740" acceleration="4221"/>
    <motionState vehicle="9" speed="1640" time="1740" acceleration="4414"/>
    <motionState vehicle="10" speed="1669" time="1740" acceleration="4896"/>
    <motionState vehicle="11" speed="1748" time="1740" acceleration="5558"/>
    <motionState vehicle="0" speed="1900" time="1750" acceleration="5529"/>
    <motionState vehicle="1" speed="1917" time="1750" acceleration="6179"/>
    <motionState vehicle="2" speed="2005" time="1750" acceleration="8505"/>
    <motionState vehicle="3" speed="2344" time="1750" acceleration="13636"/>
    <motionState vehicle="4" speed="2347" time="1750" acceleration="13636"/>
    <motionState vehicle="5" speed="2122" time="1750" acceleration="5226"/>
    <motionState vehicle="6" speed="1635" time="1750" acceleration="4117"/>
    <motionState vehicle="7" speed="1635" time="1750" acceleration="4129"/>
    <motionState vehicle="8" speed="1637" time="1750" acceleration="4185"/>
    <motionState vehicle="9" speed="1645" time="1750" acceleration="4381"/>
    <motionState vehicle="10" speed="1674" time="1750" acceleration="4865"/>
    <motionState vehicle="11" speed="1754" time="1750" acceleration="5521"/>
    <motionState vehicle="0" speed="1906" time="1760" acceleration="5487"/>
    <motionState vehicle="1" speed="1923" time="1760" acceleration="6152"/>
    <motionState vehicle="2" speed="2014" time="1760" acceleration="8505"/>
    <motionState vehicle="3" speed="2357" time="1760" acceleration="13497"/>
    <motionState vehicle="4" speed="2360" time="1760" acceleration="13636"/>
    <motionState vehicle="5" speed="2127" time="1760" acceleration="5124"/>
    <motionState vehicle="6" speed="1639" time="1760" acceleration="4079"/>
    <motionState vehicle="7" speed="1639" time="1760" acceleration="4092"/>
    <motionState vehicle="8" speed="1641" time="1760" acceleration="4149"/>
    <motionState vehicle="9" speed="1649" time="1760" acceleration="4349"/>
    <motionState vehicle="10" speed="1679" time="1760" acceleration="4834"/>
    <motionState vehicle="11" speed="1759" time="1760" acceleration="5484"/>
    <motionState vehicle="0" speed="1911" time="1770" acceleration="5444"/>
    <motionState vehicle="1" speed="1929" time="1770" acceleration="6126"/>
    <motionState vehicle="2" speed="2022" time="1770" acceleration="8504"/>
    <motionState vehicle="3" speed="2370" time="1770" acceleration="13278"/>
    <motionState vehicle="4" speed="2374" time="1770" acceleration="13636"/>
    <motionState vehicle="5" speed="2132" time="1770" acceleration="5024"/>
    <motionState vehicle="6" speed="1643" time="1770" acceleration="4042"/>
    <motionState vehicle="7" speed="1643" time="1770" acceleration="4056"/>
    <motionState vehicle="8" speed="1645" time="1770" acceleration="4114"/>
    <motionState vehicle="9" speed="1653" time="1770" acceleration="4316"/>
    <motionState vehicle="10" speed="1683" time="1770" acceleration="4803"/>
    <motionState vehicle="11" speed="1765" time="1770" acceleration="5448"/>
    <motionState vehicle="0" speed="1916" time="1780" acceleration="5403"/>
    <motionState vehicle="1" speed="1935" time="1780" acceleration="6100"/>
    <motionState vehicle="2" speed="2031" time="1780" acceleration="8502"/>
    <motionState vehicle="3" speed="2383" time="1780" acceleration="13060"/>
    <motionState vehicle="4" speed="2388" time="1780" acceleration="13636"/>
    <motionState vehicle="5" speed="2137" time="1780" acceleration="4925"/>
    <motionState vehicle="6" speed="1647" time="1780" acceleration="4006"/>
    <motionState vehicle="7" speed="1647" time="1780" acceleration="4019"/>
    <motionState vehicle="8" speed="1649" time="1780" acceleration="4079"/>
    <motionState vehicle="9" speed="1658" time="1780" acceleration="4284"/>
    <motionState vehicle="10" speed="1688" time="1780" acceleration="4773"/>
    <motionState vehicle="11" speed="1770" time="1780" acceleration="5412"/>
    <motionState vehicle="0" speed="1922" time="1790" acceleration="5362"/>
    <motionState vehicle="1" speed="1941" time="1790" acceleration="6076"/>
    <motionState vehicle="2" speed="2039" time="1790" acceleration="8498"/>
    <motionState vehicle="3" speed="2396" time="1790" acceleration="12845"/>
    <motionState vehicle="4" speed="2401" time="1790" acceleration="13636"/>
    <motionState vehicle="5" speed="2142" time="1790" acceleration="4827"/>
    <motionState vehicle="6" speed="1651" time="1790" acceleration="3969"/>
    <motionState vehicle="7" speed="1651" time="1790" acceleration="3984"/>
    <motionState vehicle="8" speed="1653" time="1790" acceleration="4045"/>
    <motionState vehicle="9" speed="1662" time="1790" acceleration="4252"/>
    <motionState vehicle="10" speed="1693" time="1790" acceleration="4742"/>
    <motionState vehicle="11" speed="1775" time="1790" acceleration="5376"/>
    <motionState vehicle="0" speed="1927" time="1800" acceleration="5321"/>
    <motionState vehicle="1" speed="1948" time="1800" acceleration="6051"/>
    <motionState vehicle="2" speed="2048" time="1800" acceleration="8493"/>
    <motionState vehicle="3" speed="2409" time="1800" acceleration="12632"/>
    <motionState vehicle="4" speed="2415" time="1800" acceleration="13636"/>
    <motionState vehicle="5" speed="2147" time="1800" acceleration="4731"/>
    <motionState vehicle="6" speed="1655" time="1800" acceleration="3934"/>
    <motionState vehicle="7" speed="1655" time="1800" acceleration="3948"/>
    <motionState vehicle="8" speed="1657" time="1800" acceleration="4011"/>
    <motionState vehicle="9" speed="1666" time="1800" acceleration="4221"/>
    <motionState vehicle="10" speed="1698" time="1800" acceleration="4713"/>
    <motionState vehicle="11" speed="1781" time="1800" acceleration="5340"/>
    <motionState vehicle="0" speed="1932" time="1810" acceleration="5281"/>
    <motionState vehicle="1" speed="1954" time="1810" acceleration="6028"/>
    <motionState vehicle="2" speed="2056" time="1810" acceleration="8486"/>
    <motionState vehicle="3" speed="2421" time="1810" acceleration="12422"/>
    <motionState vehicle="4" speed="2428" time="1810" acceleration="13636"/>
    <motionState vehicle="5" speed="2151" time="1810" acceleration="4636"/>
    <motionState vehicle="6" speed="1659" time="1810" acceleration="3898"/>
    <motionState vehicle="7" speed="1659" time="1810" acceleration="3913"/>
    <motionState vehicle="8" speed="1661" time="1810" acceleration="3977"/>
    <motionState vehicle="9" speed="1670" time="1810" acceleration="4190"/>
    <motionState vehicle="10" speed="1702" time="1810" acceleration="4683"/>
    <motionState vehicle="11" speed="1786" time="1810" acceleration="5304"/>
    <motionState vehicle="0" speed="1938" time="1820" acceleration="5242"/>
    <motionState vehicle="1" speed="1960" time="1820" acceleration="6004"/>
    <motionState vehicle="2" speed="2065" time="1820" acceleration="8478"/>
    <motionState vehicle="3" speed="2433" time="1820" acceleration="12214"/>
    <motionState vehicle="4" speed="2442" time="1820" acceleration="13636"/>
    <motionState vehicle="5" speed="2156" time="1820" acceleration="4542"/>
    <motionState vehicle="6" speed="1663" time="1820" acceleration="3863"/>
    <motionState vehicle="7" speed="1663" time="1820" acceleration="3878"/>
    <motionState vehicle="8" speed="1665" time="1820" acceleration="3944"/>
    <motionState vehicle="9" speed="1675" time="1820" acceleration="4159"/>
    <motionState vehicle="10" speed="1707" time="1820" acceleration="4654"/>
    <motionState vehicle="11" speed="1791" time="1820" acceleration="5269"/>
    <motionState vehicle="0" speed="1943" time="1830" acceleration="5203"/>
    <motionState vehicle="1" speed="1966" time="1830" acceleration="5982"/>
    <motionState vehicle="2" speed="2073" time="1830" acceleration="8468"/>
    <motionState vehicle="3" speed="2445" time="1830" acceleration="12008"/>
    <motionState vehicle="4" speed="2456" time="1830" acceleration="13636"/>
    <motionState vehicle="5" speed="2160" time="1830" acceleration="4450"/>
    <motionState vehicle="6" speed="1667" time="1830" acceleration="3828"/>
    <motionState vehicle="7" speed="1667" time="1830" acceleration="3844"/>
    <motionState vehicle="8" speed="1669" time="1830" acceleration="3911"/>
    <motionState vehicle="9" speed="1679" time="1830" acceleration="4129"/>
    <motionState vehicle="10" speed="1712" time="1830" acceleration="4625"/>
    <motionState vehicle="11" speed="1797" time="1830" acceleration="5234"/>
    <motionState vehicle="0" speed="1948" time="1840" acceleration="5165"/>
    <motionState vehicle="1" speed="1972" time="1840" acceleration="5960"/>
    <motionState vehicle="2" speed="2082" time="1840" acceleration="8458"/>
    <motionState vehicle="3" speed="2457" time="1840" acceleration="11804"/>
    <motionState vehicle="4" speed="2469" time="1840" acceleration="13636"/>
    <motionState vehicle="5" speed="2165" time="1840" acceleration="4359"/>
    <motionState vehicle="6" speed="1670" time="1840" acceleration="3793"/>
    <motionState vehicle="7" speed="1671" time="1840" acceleration="3810"/>
    <motionState vehicle="8" speed="1673" time="1840" acceleration="3878"/>
    <motionState vehicle="9" speed="1683" time="1840" acceleration="4099"/>
    <motionState vehicle="10" speed="1716" time="1840" acceleration="4596"/>
    <motionState vehicle="11" speed="1802" time="1840" acceleration="5200"/>
    <motionState vehicle="0" speed="1953" time="1850" acceleration="5128"/>
    <motionState vehicle="1" speed="1977" time="1850" acceleration="5938"/>
    <motionState vehicle="2" speed="2090" time="1850" acceleration="8445"/>
    <motionState vehicle="3" speed="2469" time="1850" acceleration="11602"/>
    <motionState vehicle="4" speed="2483" time="1850" acceleration="13636"/>
    <motionState vehicle="5" speed="2169" time="1850" acceleration="4269"/>
    <motionState vehicle="6" speed="1674" time="1850" acceleration="3759"/>
    <motionState vehicle="7" speed="1675" time="1850" acceleration="3776"/>
    <motionState vehicle="8" speed="1677" time="1850" acceleration="3846"/>
    <motionState vehicle="9" speed="1687" time="1850" acceleration="4069"/>
    <motionState vehicle="10" speed="1721" time="1850" acceleration="4567"/>
    <motionState vehicle="11" speed="1807" time="1850" acceleration="5166"/>
    <motionState vehicle="0" speed="1958" time="1860" acceleration="5090"/>
    <motionState vehicle="1" speed="1983" time="1860" acceleration="5917"/>
    <motionState vehicle="2" speed="2099" time="1860" acceleration="8432"/>
    <motionState vehicle="3" speed="2480" time="1860" acceleration="11403"/>
    <motionState vehicle="4" speed="2497" time="1860" acceleration="13636"/>
    <motionState vehicle="5" speed="2173" time="1860" acceleration="4181"/>
    <motionState vehicle="6" speed="1678" time="1860" acceleration="3725"/>
    <motionState vehicle="7" speed="1678" time="1860" acceleration="3742"/>
    <motionState vehicle="8" speed="1681" time="1860" acceleration="3814"/>
    <motionState vehicle="9" speed="1691" time="1860" acceleration="4040"/>
    <motionState vehicle="10" speed="1725" time="1860" acceleration="4539"/>
    <motionState vehicle="11" speed="1812" time="1860" acceleration="5132"/>
    <motionState vehicle="0" speed="1963" time="1870" acceleration="5054"/>
    <motionState vehicle="1" speed="1989" time="1870" acceleration="5897"/>
    <motionState vehicle="2" speed="2107" time="1870" acceleration="8417"/>
    <motionState vehicle="3" speed="2491" time="1870" acceleration="11206"/>
    <motionState vehicle="4" speed="2510" time="1870" acceleration="13636"/>
    <motionState vehicle="5" speed="2177" time="1870" acceleration="4094"/>
    <motionState vehicle="6" speed="1682" time="1870" acceleration="3691"/>
    <motionState vehicle="7" speed="1682" time="1870" acceleration="3709"/>
    <motionState vehicle="8" speed="1684" time="1870" acceleration="3782"/>
    <motionState vehicle="9" speed="1695" time="1870" acceleration="4011"/>
    <motionState vehicle="10" speed="1730" time="1870" acceleration="4511"/>
    <motionState vehicle="11" speed="1817" time="1870" acceleration="5098"/>
    <motionState vehicle="0" speed="1968" time="1880" acceleration="5018"/>
    <motionState vehicle="1" speed="1995" time="1880" acceleration="5877"/>
    <motionState vehicle="2" speed="2115" time="1880" acceleration="8400"/>
    <motionState vehicle="3" speed="2502" time="1880" acceleration="11011"/>
    <motionState vehicle="4" speed="2524" time="1880" acceleration="13636"/>
    <motionState vehicle="5" speed="2181" time="1880" acceleration="4008"/>
    <motionState vehicle="6" speed="1685" time="1880" acceleration="3658"/>
    <motionState vehicle="7" speed="1686" time="1880" acceleration="3676"/>
    <motionState vehicle="8" speed="1688" time="1880" acceleration="3751"/>
    <motionState vehicle="9" speed="1699" time="1880" acceleration="3982"/>
    <motionState vehicle="10" speed="1734" time="1880" acceleration="4483"/>
    <motionState vehicle="11" speed="1822" time="1880" acceleration="5064"/>
    <motionState vehicle="0" speed="1973" time="1890" acceleration="4983"/>
    <motionState vehicle="1" speed="2001" time="1890" acceleration="5857"/>
    <motionState vehicle="2" speed="2124" time="1890" acceleration="8383"/>
    <motionState vehicle="3" speed="2513" time="1890" acceleration="10818"/>
    <motionState vehicle="4" speed="2538" time="1890" acceleration="13636"/>
    <motionState vehicle="5" speed="2185" time="1890" acceleration="3923"/>
    <motionState vehicle="6" speed="1689" time="1890" acceleration="3625"/>
    <motionState vehicle="7" speed="1689" time="1890" acceleration="3644"/>
    <motionState vehicle="8" speed="1692" time="1890" acceleration="3720"/>
    <motionState vehicle="9" speed="1703" time="1890" acceleration="3953"/>
    <motionState vehicle="10" speed="1739" time="1890" acceleration="4456"/>
    <motionState vehicle="11" speed="1827" time="1890" acceleration="5031"/>
    <motionState vehicle="0" speed="1978" time="1900" acceleration="4948"/>
    <motionState vehicle="1" speed="2007" time="1900" acceleration="5838"/>
    <motionState vehicle="2" speed="2132" time="1900" acceleration="8364"/>
    <motionState vehicle="3" speed="2524" time="1900" acceleration="10627"/>
    <motionState vehicle="4" speed="2551" time="1900" acceleration="13636"/>
    <motionState vehicle="5" speed="2189" time="1900" acceleration="3840"/>
    <motionState vehicle="6" speed="1692" time="1900" acceleration="3592"/>
    <motionState vehicle="7" speed="1693" time="1900" acceleration="3612"/>
    <motionState vehicle="8" speed="1696" time="1900" acceleration="3689"/>
    <motionState vehicle="9" speed="1707" time="1900" acceleration="3925"/>
    <motionState vehicle="10" speed="1743" time="1900" acceleration="4429"/>
    <motionState vehicle="11" speed="1832" time="1900" acceleration="4998"/>
    <motionState vehicle="0" speed="1983" time="1910" acceleration="4914"/>
    <motionState vehicle="1" speed="2013" time="1910" acceleration="5820"/>
    <motionState vehicle="2" speed="2140" time="1910" acceleration="8344"/>
    <motionState vehicle="3" speed="2534" time="1910" acceleration="10438"/>
    <motionState vehicle="4" speed="2565" time="1910" acceleration="13636"/>
    <motionState vehicle="5" speed="2193" time="1910" acceleration="3757"/>
    <motionState vehicle="6" speed="1696" time="1910" acceleration="3560"/>
    <motionState vehicle="7" speed="1697" time="1910" acceleration="3580"/>
    <motionState vehicle="8" speed="1699" time="1910" acceleration="3658"/>
    <motionState vehicle="9" speed="1711" time="1910" acceleration="3897"/>
    <motionState vehicle="10" speed="1748" time="1910" acceleration="4402"/>
    <motionState vehicle="11" speed="1837" time="1910" acceleration="4966"/>
    <motionState vehicle="0" speed="1988" time="1920" acceleration="4880"/>
    <motionState vehicle="1" speed="2018" time="1920" acceleration="5801"/>
    <motionState vehicle="2" speed="2149" time="1920" acceleration="8323"/>
    <motionState vehicle="3" speed="2545" time="1920" acceleration="10251"/>
    <motionState vehicle="4" speed="2578" time="1920" acceleration="13636"/>
    <motionState vehicle="5" speed="2196" time="1920" acceleration="3676"/>
    <motionState vehicle="6" speed="1700" time="1920" acceleration="3527"/>
    <motionState vehicle="7" speed="1700" time="1920" acceleration="3548"/>
    <motionState vehicle="8" speed="1703" time="1920" acceleration="3628"/>
    <motionState vehicle="9" speed="1714" time="1920" acceleration="3870"/>
    <motionState vehicle="10" speed="1752" time="1920" acceleration="4375"/>
    <motionState vehicle="11" speed="1842" time="1920" acceleration="4933"/>
    <motionState vehicle="0" speed="1993" time="1930" acceleration="4847"/>
    <motionState vehicle="1" speed="2024" time="1930" acceleration="5783"/>
    <motionState vehicle="2" speed="2157" time="1930" acceleration="8301"/>
    <motionState vehicle="3" speed="2555" time="1930" acceleration="10067"/>
    <motionState vehicle="4" speed="2592" time="1930" acceleration="13636"/>
    <motionState vehicle="5" speed="2200" time="1930" acceleration="3596"/>
    <motionState vehicle="6" speed="1703" time="1930" acceleration="3496"/>
    <motionState vehicle="7" speed="1704" time="1930" acceleration="3517"/>
    <motionState vehicle="8" speed="1707" time="1930" acceleration="3599"/>
    <motionState vehicle="9" speed="1718" time="1930" acceleration="3843"/>
    <motionState vehicle="10" speed="1756" time="1930" acceleration="4349"/>
    <motionState vehicle="11" speed="1847" time="1930" acceleration="4901"/>
    <motionState vehicle="0" speed="1998" time="1940" acceleration="4814"/>
    <motionState vehicle="1" speed="2030" time="1940" acceleration="5766"/>
    <motionState vehicle="2" speed="2165" time="1940" acceleration="8278"/>
    <motionState vehicle="3" speed="2565" time="1940" acceleration="9884"/>
    <motionState vehicle="4" speed="2606" time="1940" acceleration="13636"/>
    <motionState vehicle="5" speed="2203" time="1940" acceleration="3518"/>
    <motionState vehicle="6" speed="1706" time="1940" acceleration="3464"/>
    <motionState vehicle="7" speed="1707" time="1940" acceleration="3486"/>
    <motionState vehicle="8" speed="1710" time="1940" acceleration="3569"/>
    <motionState vehicle="9" speed="1722" time="1940" acceleration="3816"/>
    <motionState vehicle="10" speed="1761" time="1940" acceleration="4322"/>
    <motionState vehicle="11" speed="1852" time="1940" acceleration="4869"/>
    <motionState vehicle="0" speed="2002" time="1950" acceleration="4782"/>
    <motionState vehicle="1" speed="2036" time="1950" acceleration="5748"/>
    <motionState vehicle="2" speed="2174" time="1950" acceleration="8254"/>
    <motionState vehicle="3" speed="2574" time="1950" acceleration="9703"/>
    <motionState vehicle="4" speed="2619" time="1950" acceleration="13636"/>
    <motionState vehicle="5" speed="2207" time="1950" acceleration="3440"/>
    <motionState vehicle="6" speed="1710" time="1950" acceleration="3433"/>
    <motionState vehicle="7" speed="1711" time="1950" acceleration="3455"/>
    <motionState vehicle="8" speed="1714" time="1950" acceleration="3540"/>
    <motionState vehicle="9" speed="1726" time="1950" acceleration="3789"/>
    <motionState vehicle="10" speed="1765" time="1950" acceleration="4296"/>
    <motionState vehicle="11" speed="1857" time="1950" acceleration="4838"/>
    <motionState vehicle="0" speed="2007" time="1960" acceleration="4750"/>
    <motionState vehicle="1" speed="2041" time="1960" acceleration="5731"/>
    <motionState vehicle="2" speed="2182" time="1960" acceleration="8228"/>
    <motionState vehicle="3" speed="2584" time="1960" acceleration="9525"/>
    <motionState vehicle="4" speed="2633" time="1960" acceleration="13636"/>
    <motionState vehicle="5" speed="2210" time="1960" acceleration="3363"/>
    <motionState vehicle="6" speed="1713" time="1960" acceleration="3402"/>
    <motionState vehicle="7" speed="1714" time="1960" acceleration="3425"/>
    <motionState vehicle="8" speed="1717" time="1960" acceleration="3511"/>
    <motionState vehicle="9" speed="1730" time="1960" acceleration="3763"/>
    <motionState vehicle="10" speed="1769" time="1960" acceleration="4270"/>
    <motionState vehicle="11" speed="1862" time="1960" acceleration="4807"/>
    <motionState vehicle="0" speed="2012" time="1970" acceleration="4719"/>
    <motionState vehicle="1" speed="2047" time="1970" acceleration="5715"/>
    <motionState vehicle="2" speed="2190" time="1970" acceleration="8202"/>
    <motionState vehicle="3" speed="2593" time="1970" acceleration="9348"/>
    <motionState vehicle="4" speed="2647" time="1970" acceleration="13636"/>
    <motionState vehicle="5" speed="2214" time="1970" acceleration="3288"/>
    <motionState vehicle="6" speed="1717" time="1970" acceleration="3371"/>
    <motionState vehicle="7" speed="1717" time="1970" acceleration="3395"/>
    <motionState vehicle="8" speed="1721" time="1970" acceleration="3483"/>
    <motionState vehicle="9" speed="1733" time="1970" acceleration="3737"/>
    <motionState vehicle="10" speed="1773" time="1970" acceleration="4245"/>
    <motionState vehicle="11" speed="1866" time="1970" acceleration="4776"/>
    <motionState vehicle="0" speed="2017" time="1980" acceleration="4688"/>
    <motionState vehicle="1" speed="2053" time="1980" acceleration="5698"/>
    <motionState vehicle="2" speed="2198" time="1980" acceleration="8174"/>
    <motionState vehicle="3" speed="2602" time="1980" acceleration="9174"/>
    <motionState vehicle="4" speed="2660" time="1980" acceleration="13636"/>
    <motionState vehicle="5" speed="2217" time="1980" acceleration="3214"/>
    <motionState vehicle="6" speed="1720" time="1980" acceleration="3341"/>
    <motionState vehicle="7" speed="1721" time="1980" acceleration="3365"/>
    <motionState vehicle="8" speed="1724" time="1980" acceleration="3455"/>
    <motionState vehicle="9" speed="1737" time="1980" acceleration="3711"/>
    <motionState vehicle="10" speed="1778" time="1980" acceleration="4220"/>
    <motionState vehicle="11" speed="1871" time="1980" acceleration="4745"/>
    <motionState vehicle="0" speed="2021" time="1990" acceleration="4658"/>
    <motionState vehicle="1" speed="2059" time="1990" acceleration="5682"/>
    <motionState vehicle="2" speed="2206" time="1990" acceleration="8146"/>
    <motionState vehicle="3" speed="2611" time="1990" acceleration="9001"/>
    <motionState vehicle="4" speed="2674" time="1990" acceleration="13636"/>
    <motionState vehicle="5" speed="2220" time="1990" acceleration="3141"/>
    <motionState vehicle="6" speed="1723" time="1990" acceleration="3311"/>
    <motionState vehicle="7" speed="1724" time="1990" acceleration="3336"/>
    <motionState vehicle="8" speed="1728" time="1990" acceleration="3427"/>
    <motionState vehicle="9" speed="1741" time="1990" acceleration="3686"/>
    <motionState vehicle="10" speed="1782" time="1990" acceleration="4195"/>
    <motionState vehicle="11" speed="1876" time="1990" acceleration="4715"/>
    <motionState vehicle="0" speed="2026" time="2000" acceleration="4629"/>
    <motionState vehicle="1" speed="2064" time="2000" acceleration="5667"/>
    <motionState vehicle="2" speed="2214" time="2000" acceleration="8116"/>
    <motionState vehicle="3" speed="2620" time="2000" acceleration="8830"/>
    <motionState vehicle="4" speed="2688" time="2000" acceleration="13636"/>
    <motionState vehicle="5" speed="2223" time="2000" acceleration="3068"/>
    <motionState vehicle="6" speed="1727" time="2000" acceleration="3281"/>
    <motionState vehicle="7" speed="1727" time="2000" acceleration="3306"/>
    <motionState vehicle="8" speed="1731" time="2000" acceleration="3399"/>
    <motionState vehicle="9" speed="1744" time="2000" acceleration="3661"/>
    <motionState vehicle="10" speed="1786" time="2000" acceleration="4170"/>
    <motionState vehicle="11" speed="1880" time="2000" acceleration="4684"/>
    <motionState vehicle="0" speed="2030" time="2010" acceleration="4599"/>
    <motionState vehicle="1" speed="2070" time="2010" acceleration="5651"/>
    <motionState vehicle="2" speed="2223" time="2010" acceleration="8086"/>
    <motionState vehicle="3" speed="2629" time="2010" acceleration="8662"/>
    <motionState vehicle="4" speed="2701" time="2010" acceleration="13636"/>
    <motionState vehicle="5" speed="2226" time="2010" acceleration="2997"/>
    <motionState vehicle="6" speed="1730" time="2010" acceleration="3251"/>
    <motionState vehicle="7" speed="1731" time="2010" acceleration="3277"/>
    <motionState vehicle="8" speed="1734" time="2010" acceleration="3372"/>
    <motionState vehicle="9" speed="1748" time="2010" acceleration="3636"/>
    <motionState vehicle="10" speed="1790" time="2010" acceleration="4145"/>
    <motionState vehicle="11" speed="1885" time="2010" acceleration="4655"/>
    <motionState vehicle="0" speed="2035" time="2020" acceleration="4571"/>
    <motionState vehicle="1" speed="2076" time="2020" acceleration="5636"/>
    <motionState vehicle="2" speed="2231" time="2020" acceleration="8055"/>
    <motionState vehicle="3" speed="2637" time="2020" acceleration="8495"/>
    <motionState vehicle="4" speed="2715" time="2020" acceleration="13636"/>
    <motionState vehicle="5" speed="2229" time="2020" acceleration="2927"/>
    <motionState vehicle="6" speed="1733" time="2020" acceleration="3222"/>
    <motionState vehicle="7" speed="1734" time="2020" acceleration="3249"/>
    <motionState vehicle="8" speed="1738" time="2020" acceleration="3345"/>
    <motionState vehicle="9" speed="1752" time="2020" acceleration="3611"/>
    <motionState vehicle="10" speed="1794" time="2020" acceleration="4121"/>
    <motionState vehicle="11" speed="1890" time="2020" acceleration="4625"/>
    <motionState vehicle="0" speed="2040" time="2030" acceleration="4543"/>
    <motionState vehicle="1" speed="2081" time="2030" acceleration="5620"/>
    <motionState vehicle="2" speed="2239" time="2030" acceleration="8022"/>
    <motionState vehicle="3" speed="2646" time="2030" acceleration="8330"/>
    <motionState vehicle="4" speed="2728" time="2030" acceleration="13636"/>
    <motionState vehicle="5" speed="2232" time="2030" acceleration="2858"/>
    <motionState vehicle="6" speed="1736" time="2030" acceleration="3193"/>
    <motionState vehicle="7" speed="1737" time="2030" acceleration="3221"/>
    <motionState vehicle="8" speed="1741" time="2030" acceleration="3318"/>
    <motionState vehicle="9" speed="1755" time="2030" acceleration="3587"/>
    <motionState vehicle="10" speed="1798" time="2030" acceleration="4096"/>
    <motionState vehicle="11" speed="1894" time="2030" acceleration="4596"/>
    <motionState vehicle="0" speed="2044" time="2040" acceleration="4515"/>
    <motionState vehicle="1" speed="2087" time="2040" acceleration="5605"/>
    <motionState vehicle="2" speed="2247" time="2040" acceleration="7989"/>
    <motionState vehicle="3" speed="2654" time="2040" acceleration="8167"/>
    <motionState vehicle="4" speed="2742" time="2040" acceleration="13636"/>
    <motionState vehicle="5" speed="2235" time="2040" acceleration="2790"/>
    <motionState vehicle="6" speed="1739" time="2040" acceleration="3165"/>
    <motionState vehicle="7" speed="1740" time="2040" acceleration="3192"/>
    <motionState vehicle="8" speed="1744" time="2040" acceleration="3292"/>
    <motionState vehicle="9" speed="1759" time="2040" acceleration="3563"/>
    <motionState vehicle="10" speed="1802" time="2040" acceleration="4072"/>
    <motionState vehicle="11" speed="1899" time="2040" acceleration="4567"/>
    <motionState vehicle="0" speed="2049" time="2050" acceleration="4488"/>
    <motionState vehicle="1" speed="2092" time="2050" acceleration="5591"/>
    <motionState vehicle="2" speed="2255" time="2050" acceleration="7955"/>
    <motionState vehicle="3" speed="2662" time="2050" acceleration="8006"/>
    <motionState vehicle="4" speed="2756" time="2050" acceleration="13636"/>
    <motionState vehicle="5" speed="2237" time="2050" acceleration="2723"/>
    <motionState vehicle="6" speed="1743" time="2050" acceleration="3136"/>
    <motionState vehicle="7" speed="1743" time="2050" acceleration="3165"/>
    <motionState vehicle="8" speed="1748" time="2050" acceleration="3266"/>
    <motionState vehicle="9" speed="1762" time="2050" acceleration="3539"/>
    <motionState vehicle="10" speed="1806" time="2050" acceleration="4049"/>
    <motionState vehicle="11" speed="1903" time="2050" acceleration="4538"/>
    <motionState vehicle="0" speed="2053" time="2060" acceleration="4461"/>
    <motionState vehicle="1" speed="2098" time="2060" acceleration="5576"/>
    <motionState vehicle="2" speed="2262" time="2060" acceleration="7920"/>
    <motionState vehicle="3" speed="2670" time="2060" acceleration="7846"/>
    <motionState vehicle="4" speed="2769" time="2060" acceleration="13636"/>
    <motionState vehicle="5" speed="2240" time="2060" acceleration="2657"/>
    <motionState vehicle="6" speed="1746" time="2060" acceleration="3108"/>
    <motionState vehicle="7" speed="1747" time="2060" acceleration="3137"/>
    <motionState vehicle="8" speed="1751" time="2060" acceleration="3240"/>
    <motionState vehicle="9" speed="1766" time="2060" acceleration="3515"/>
    <motionState vehicle="10" speed="1810" time="2060" acceleration="4025"/>
    <motionState vehicle="11" speed="1908" time="2060" acceleration="4509"/>
    <motionState vehicle="0" speed="2057" time="2070" acceleration="4434"/>
    <motionState vehicle="1" speed="2103" time="2070" acceleration="5562"/>
    <motionState vehicle="2" speed="2270" time="2070" acceleration="7885"/>
    <motionState vehicle="3" speed="2677" time="2070" acceleration="7689"/>
    <motionState vehicle="4" speed="2783" time="2070" acceleration="13636"/>
    <motionState vehicle="5" speed="2243" time="2070" acceleration="2592"/>
    <motionState vehicle="6" speed="1749" time="2070" acceleration="3080"/>
    <motionState vehicle="7" speed="1750" time="2070" acceleration="3110"/>
    <motionState vehicle="8" speed="1754" time="2070" acceleration="3214"/>
    <motionState vehicle="9" speed="1769" time="2070" acceleration="3492"/>
    <motionState vehicle="10" speed="1814" time="2070" acceleration="4002"/>
    <motionState vehicle="11" speed="1912" time="2070" acceleration="4481"/>
    <motionState vehicle="0" speed="2062" time="2080" acceleration="4409"/>
    <motionState vehicle="1" speed="2109" time="2080" acceleration="5547"/>
    <motionState vehicle="2" speed="2278" time="2080" acceleration="7848"/>
    <motionState vehicle="3" speed="2685" time="2080" acceleration="7533"/>
    <motionState vehicle="4" speed="2797" time="2080" acceleration="13636"/>
    <motionState vehicle="5" speed="2245" time="2080" acceleration="2528"/>
    <motionState vehicle="6" speed="1752" time="2080" acceleration="3052"/>
    <motionState vehicle="7" speed="1753" time="2080" acceleration="3083"/>
    <motionState vehicle="8" speed="1757" time="2080" acceleration="3189"/>
    <motionState vehicle="9" speed="1773" time="2080" acceleration="3469"/>
    <motionState vehicle="10" speed="1818" time="2080" acceleration="3979"/>
    <motionState vehicle="11" speed="1917" time="2080" acceleration="4453"/>
    <motionState vehicle="0" speed="2066" time="2090" acceleration="4383"/>
    <motionState vehicle="1" speed="2115" time="2090" acceleration="5533"/>
    <motionState vehicle="2" speed="2286" time="2090" acceleration="7811"/>
    <motionState vehicle="3" speed="2692" time="2090" acceleration="7379"/>
    <motionState vehicle="4" speed="2810" time="2090" acceleration="13636"/>
    <motionState vehicle="5" speed="2248" time="2090" acceleration="2465"/>
    <motionState vehicle="6" speed="1755" time="2090" acceleration="3025"/>
    <motionState vehicle="7" speed="1756" time="2090" acceleration="3056"/>
    <motionState vehicle="8" speed="1760" time="2090" acceleration="3164"/>
    <motionState vehicle="9" speed="1776" time="2090" acceleration="3446"/>
    <motionState vehicle="10" speed="1822" time="2090" acceleration="3956"/>
    <motionState vehicle="11" speed="1921" time="2090" acceleration="4425"/>
    <motionState vehicle="0" speed="2071" time="2100" acceleration="4358"/>
    <motionState vehicle="1" speed="2120" time="2100" acceleration="5519"/>
    <motionState vehicle="2" speed="2294" time="2100" acceleration="7773"/>
    <motionState vehicle="3" speed="2699" time="2100" acceleration="7227"/>
    <motionState vehicle="4" speed="2824" time="2100" acceleration="13636"/>
    <motionState vehicle="5" speed="2250" time="2100" acceleration="2403"/>
    <motionState vehicle="6" speed="1758" time="2100" acceleration="2998"/>
    <motionState vehicle="7" speed="1759" time="2100" acceleration="3030"/>
    <motionState vehicle="8" speed="1763" time="2100" acceleration="3139"/>
    <motionState vehicle="9" speed="1780" time="2100" acceleration="3424"/>
    <motionState vehicle="10" speed="1826" time="2100" acceleration="3933"/>
    <motionState vehicle="11" speed="1926" time="2100" acceleration="4398"/>
    <motionState vehicle="0" speed="2075" time="2110" acceleration="4334"/>
    <motionState vehicle="1" speed="2126" time="2110" acceleration="5505"/>
    <motionState vehicle="2" speed="2302" time="2110" acceleration="7734"/>
    <motionState vehicle="3" speed="2707" time="2110" acceleration="7076"/>
    <motionState vehicle="4" speed="2838" time="2110" acceleration="13636"/>
    <motionState vehicle="5" speed="2252" time="2110" acceleration="2342"/>
    <motionState vehicle="6" speed="1761" time="2110" acceleration="2971"/>
    <motionState vehicle="7" speed="1762" time="2110" acceleration="3004"/>
    <motionState vehicle="8" speed="1767" time="2110" acceleration="3115"/>
    <motionState vehicle="9" speed="1783" time="2110" acceleration="3402"/>
    <motionState vehicle="10" speed="1830" time="2110" acceleration="3911"/>
    <motionState vehicle="11" speed="1930" time="2110" acceleration="4371"/>
    <motionState vehicle="0" speed="2079" time="2120" acceleration="4309"/>
    <motionState vehicle="1" speed="2131" time="2120" acceleration="5492"/>
    <motionState vehicle="2" speed="2309" time="2120" acceleration="7695"/>
    <motionState vehicle="3" speed="2713" time="2120" acceleration="6928"/>
    <motionState vehicle="4" speed="2851" time="2120" acceleration="13636"/>
    <motionState vehicle="5" speed="2255" time="2120" acceleration="2282"/>
    <motionState vehicle="6" speed="1764" time="2120" acceleration="2944"/>
    <motionState vehicle="7" speed="1765" time="2120" acceleration="2978"/>
    <motionState vehicle="8" speed="1770" time="2120" acceleration="3091"/>
    <motionState vehicle="9" speed="1787" time="2120" acceleration="3380"/>
    <motionState vehicle="10" speed="1834" time="2120" acceleration="3888"/>
    <motionState vehicle="11" speed="1934" time="2120" acceleration="4344"/>
    <motionState vehicle="0" speed="2084" time="2130" acceleration="4286"/>
    <motionState vehicle="1" speed="2137" time="2130" acceleration="5478"/>
    <motionState vehicle="2" speed="2317" time="2130" acceleration="7655"/>
    <motionState vehicle="3" speed="2720" time="2130" acceleration="6781"/>
    <motionState vehicle="4" speed="2865" time="2130" acceleration="13636"/>
    <motionState vehicle="5" speed="2257" time="2130" acceleration="2222"/>
    <motionState vehicle="6" speed="1767" time="2130" acceleration="2918"/>
    <motionState vehicle="7" speed="1768" time="2130" acceleration="2952"/>
    <motionState vehicle="8" speed="1773" time="2130" acceleration="3067"/>
    <motionState vehicle="9" speed="1790" time="2130" acceleration="3358"/>
    <motionState vehicle="10" speed="1838" time="2130" acceleration="3866"/>
    <motionState vehicle="11" speed="1939" time="2130" acceleration="4317"/>
    <motionState vehicle="0" speed="2088" time="2140" acceleration="4262"/>
    <motionState vehicle="1" speed="2142" time="2140" acceleration="5464"/>
    <motionState vehicle="2" speed="2325" time="2140" acceleration="7614"/>
    <motionState vehicle="3" speed="2727" time="2140" acceleration="6635"/>
    <motionState vehicle="4" speed="2878" time="2140" acceleration="13636"/>
    <motionState vehicle="5" speed="2259" time="2140" acceleration="2164"/>
    <motionState vehicle="6" speed="1770" time="2140" acceleration="2892"/>
    <motionState vehicle="7" speed="1771" time="2140" acceleration="2927"/>
    <motionState vehicle="8" speed="1776" time="2140" acceleration="3043"/>
    <motionState vehicle="9" speed="1793" time="2140" acceleration="3336"/>
    <motionState vehicle="10" speed="1842" time="2140" acceleration="3844"/>
    <motionState vehicle="11" speed="1943" time="2140" acceleration="4291"/>
    <motionState vehicle="0" speed="2092" time="2150" acceleration="4240"/>
    <motionState vehicle="1" speed="2147" time="2150" acceleration="5451"/>
    <motionState vehicle="2" speed="2332" time="2150" acceleration="7572"/>
    <motionState vehicle="3" speed="2733" time="2150" acceleration="6492"/>
    <motionState vehicle="4" speed="2892" time="2150" acceleration="13636"/>
    <motionState vehicle="5" speed="2261" time="2150" acceleration="2106"/>
    <motionState vehicle="6" speed="1772" time="2150" acceleration="2866"/>
    <motionState vehicle="7" speed="1774" time="2150" acceleration="2902"/>
    <motionState vehicle="8" speed="1779" time="2150" acceleration="3019"/>
    <motionState vehicle="9" speed="1797" time="2150" acceleration="3315"/>
    <motionState vehicle="10" speed="1846" time="2150" acceleration="3823"/>
    <motionState vehicle="11" speed="1947" time="2150" acceleration="4265"/>
    <motionState vehicle="0" speed="2096" time="2160" acceleration="4217"/>
    <motionState vehicle="1" speed="2153" time="2160" acceleration="5437"/>
    <motionState vehicle="2" speed="2340" time="2160" acceleration="7530"/>
    <motionState vehicle="3" speed="2740" time="2160" acceleration="6350"/>
    <motionState vehicle="4" speed="2906" time="2160" acceleration="13636"/>
    <motionState vehicle="5" speed="2263" time="2160" acceleration="2050"/>
    <motionState vehicle="6" speed="1775" time="2160" acceleration="2840"/>
    <motionState vehicle="7" speed="1777" time="2160" acceleration="2877"/>
    <motionState vehicle="8" speed="1782" time="2160" acceleration="2996"/>
    <motionState vehicle="9" speed="1800" time="2160" acceleration="3294"/>
    <motionState vehicle="10" speed="1849" time="2160" acceleration="3801"/>
    <motionState vehicle="11" speed="1952" time="2160" acceleration="4239"/>
    <motionState vehicle="0" speed="2100" time="2170" acceleration="4195"/>
    <motionState vehicle="1" speed="2158" time="2170" acceleration="5424"/>
    <motionState vehicle="2" speed="2347" time="2170" acceleration="7487"/>
    <motionState vehicle="3" speed="2746" time="2170" acceleration="6210"/>
    <motionState vehicle="4" speed="2919" time="2170" acceleration="13636"/>
    <motionState vehicle="5" speed="2265" time="2170" acceleration="1994"/>
    <motionState vehicle="6" speed="1778" time="2170" acceleration="2815"/>
    <motionState vehicle="7" speed="1779" time="2170" acceleration="2852"/>
    <motionState vehicle="8" speed="1785" time="2170" acceleration="2973"/>
    <motionState vehicle="9" speed="1803" time="2170" acceleration="3273"/>
    <motionState vehicle="10" speed="1853" time="2170" acceleration="3780"/>
    <motionState vehicle="11" speed="1956" time="2170" acceleration="4213"/>
    <motionState vehicle="0" speed="2105" time="2180" acceleration="4173"/>
    <motionState vehicle="1" speed="2164" time="2180" acceleration="5410"/>
    <motionState vehicle="2" speed="2355" time="2180" acceleration="7444"/>
    <motionState vehicle="3" speed="2752" time="2180" acceleration="6071"/>
    <motionState vehicle="4" speed="2933" time="2180" acceleration="13636"/>
    <motionState vehicle="5" speed="2267" time="2180" acceleration="1939"/>
    <motionState vehicle="6" speed="1781" time="2180" acceleration="2790"/>
    <motionState vehicle="7" speed="1782" time="2180" acceleration="2828"/>
    <motionState vehicle="8" speed="1788" time="2180" acceleration="2951"/>
    <motionState vehicle="9" speed="1806" time="2180" acceleration="3252"/>
    <motionState vehicle="10" speed="1857" time="2180" acceleration="3759"/>
    <motionState vehicle="11" speed="1960" time="2180" acceleration="4188"/>
    <motionState vehicle="0" speed="2109" time="2190" acceleration="4152"/>
    <motionState vehicle="1" speed="2169" time="2190" acceleration="5397"/>
    <motionState vehicle="2" speed="2362" time="2190" acceleration="7400"/>
    <motionState vehicle="3" speed="2758" time="2190" acceleration="5935"/>
    <motionState vehicle="4" speed="2947" time="2190" acceleration="13636"/>
    <motionState vehicle="5" speed="2269" time="2190" acceleration="1885"/>
    <motionState vehicle="6" speed="1784" time="2190" acceleration="2765"/>
    <motionState vehicle="7" speed="1785" time="2190" acceleration="2804"/>
    <motionState vehicle="8" speed="1791" time="2190" acceleration="2928"/>
    <motionState vehicle="9" speed="1810" time="2190" acceleration="3232"/>
    <motionState vehicle="10" speed="1861" time="2190" acceleration="3738"/>
    <motionState vehicle="11" speed="1964" time="2190" acceleration="4163"/>
    <motionState vehicle="0" speed="2113" time="2200" acceleration="4131"/>
    <motionState vehicle="1" speed="2175" time="2200" acceleration="5384"/>
    <motionState vehicle="2" speed="2369" time="2200" acceleration="7355"/>
    <motionState vehicle="3" speed="2764" time="2200" acceleration="5799"/>
    <motionState vehicle="4" speed="2960" time="2200" acceleration="13636"/>
    <motionState vehicle="5" speed="2271" time="2200" acceleration="1832"/>
    <motionState vehicle="6" speed="1786" time="2200" acceleration="2740"/>
    <motionState vehicle="7" speed="1788" time="2200" acceleration="2780"/>
    <motionState vehicle="8" speed="1794" time="2200" acceleration="2906"/>
    <motionState vehicle="9" speed="1813" time="2200" acceleration="3212"/>
    <motionState vehicle="10" speed="1864" time="2200" acceleration="3717"/>
    <motionState vehicle="11" speed="1968" time="2200" acceleration="4138"/>
    <motionState vehicle="0" speed="2117" time="2210" acceleration="4110"/>
    <motionState vehicle="1" speed="2180" time="2210" acceleration="5370"/>
    <motionState vehicle="2" speed="2377" time="2210" acceleration="7310"/>
    <motionState vehicle="3" speed="2769" time="2210" acceleration="5666"/>
    <motionState vehicle="4" speed="2974" time="2210" acceleration="13636"/>
    <motionState vehicle="5" speed="2273" time="2210" acceleration="1779"/>
    <motionState vehicle="6" speed="1789" time="2210" acceleration="2716"/>
    <motionState vehicle="7" speed="1791" time="2210" acceleration="2757"/>
    <motionState vehicle="8" speed="1796" time="2210" acceleration="2884"/>
    <motionState vehicle="9" speed="1816" time="2210" acceleration="3192"/>
    <motionState vehicle="10" speed="1868" time="2210" acceleration="3697"/>
    <motionState vehicle="11" speed="1972" time="2210" acceleration="4114"/>
    <motionState vehicle="0" speed="2121" time="2220" acceleration="4090"/>
    <motionState vehicle="1" speed="2185" time="2220" acceleration="5357"/>
    <motionState vehicle="2" speed="2384" time="2220" acceleration="7264"/>
    <motionState vehicle="3" speed="2775" time="2220" acceleration="5534"/>
    <motionState vehicle="4" speed="2988" time="2220" acceleration="13636"/>
    <motionState vehicle="5" speed="2274" time="2220" acceleration="1728"/>
    <motionState vehicle="6" speed="1792" time="2220" acceleration="2692"/>
    <motionState vehicle="7" speed="1793" time="2220" acceleration="2733"/>
    <motionState vehicle="8" speed="1799" time="2220" acceleration="2863"/>
    <motionState vehicle="9" speed="1819" time="2220" acceleration="3172"/>
    <motionState vehicle="10" speed="1872" time="2220" acceleration="3676"/>
    <motionState vehicle="11" speed="1976" time="2220" acceleration="4089"/>
    <motionState vehicle="0" speed="2125" time="2230" acceleration="4070"/>
    <motionState vehicle="1" speed="2191" time="2230" acceleration="5344"/>
    <motionState vehicle="2" speed="2391" time="2230" acceleration="7218"/>
    <motionState vehicle="3" speed="2780" time="2230" acceleration="5403"/>
    <motionState vehicle="4" speed="3001" time="2230" acceleration="13636"/>
    <motionState vehicle="5" speed="2276" time="2230" acceleration="1677"/>
    <motionState vehicle="6" speed="1794" time="2230" acceleration="2668"/>
    <motionState vehicle="7" speed="1796" time="2230" acceleration="2710"/>
    <motionState vehicle="8" speed="1802" time="2230" acceleration="2841"/>
    <motionState vehicle="9" speed="1822" time="2230" acceleration="3153"/>
    <motionState vehicle="10" speed="1875" time="2230" acceleration="3656"/>
    <motionState vehicle="11" speed="1980" time="2230" acceleration="4065"/>
    <motionState vehicle="0" speed="2129" time="2240" acceleration="4051"/>
    <motionState vehicle="1" speed="2196" time="2240" acceleration="5331"/>
    <motionState vehicle="2" speed="2398" time="2240" acceleration="7171"/>
    <motionState vehicle="3" speed="2786" time="2240" acceleration="5274"/>
    <motionState vehicle="4" speed="3015" time="2240" acceleration="13636"/>
    <motionState vehicle="5" speed="2278" time="2240" acceleration="1627"/>
    <motionState vehicle="6" speed="1797" time="2240" acceleration="2644"/>
    <motionState vehicle="7" speed="1799" time="2240" acceleration="2687"/>
    <motionState vehicle="8" speed="1805" time="2240" acceleration="2820"/>
    <motionState vehicle="9" speed="1825" time="2240" acceleration="3134"/>
    <motionState vehicle="10" speed="1879" time="2240" acceleration="3636"/>
    <motionState vehicle="11" speed="1985" time="2240" acceleration="4042"/>
    <motionState vehicle="0" speed="2133" time="2250" acceleration="4032"/>
    <motionState vehicle="1" speed="2201" time="2250" acceleration="5317"/>
    <motionState vehicle="2" speed="2405" time="2250" acceleration="7124"/>
    <motionState vehicle="3" speed="2791" time="2250" acceleration="5147"/>
    <motionState vehicle="4" speed="3028" time="2250" acceleration="13636"/>
    <motionState vehicle="5" speed="2279" time="2250" acceleration="1578"/>
    <motionState vehicle="6" speed="1800" time="2250" acceleration="2621"/>
    <motionState vehicle="7" speed="1801" time="2250" acceleration="2665"/>
    <motionState vehicle="8" speed="1808" time="2250" acceleration="2799"/>
    <motionState vehicle="9" speed="1829" time="2250" acceleration="3115"/>
    <motionState vehicle="10" speed="1883" time="2250" acceleration="3616"/>
    <motionState vehicle="11" speed="1989" time="2250" acceleration="4018"/>
    <motionState vehicle="0" speed="2137" time="2260" acceleration="4013"/>
    <motionState vehicle="1" speed="2207" time="2260" acceleration="5304"/>
    <motionState vehicle="2" speed="2412" time="2260" acceleration="7077"/>
    <motionState vehicle="3" speed="2796" time="2260" acceleration="5021"/>
    <motionState vehicle="4" speed="3042" time="2260" acceleration="13636"/>
    <motionState vehicle="5" speed="2281" time="2260" acceleration="1529"/>
    <motionState vehicle="6" speed="1802" time="2260" acceleration="2597"/>
    <motionState vehicle="7" speed="1804" time="2260" acceleration="2642"/>
    <motionState vehicle="8" speed="1811" time="2260" acceleration="2779"/>
    <motionState vehicle="9" speed="1832" time="2260" acceleration="3096"/>
    <motionState vehicle="10" speed="1886" time="2260" acceleration="3597"/>
    <motionState vehicle="11" speed="1993" time="2260" acceleration="3995"/>
    <motionState vehicle="0" speed="2141" time="2270" acceleration="3995"/>
    <motionState vehicle="1" speed="2212" time="2270" acceleration="5290"/>
    <motionState vehicle="2" speed="2419" time="2270" acceleration="7028"/>
    <motionState vehicle="3" speed="2801" time="2270" acceleration="4897"/>
    <motionState vehicle="4" speed="3056" time="2270" acceleration="13636"/>
    <motionState vehicle="5" speed="2282" time="2270" acceleration="1482"/>
    <motionState vehicle="6" speed="1805" time="2270" acceleration="2574"/>
    <motionState vehicle="7" speed="1807" time="2270" acceleration="2620"/>
    <motionState vehicle="8" speed="1813" time="2270" acceleration="2758"/>
    <motionState vehicle="9" speed="1835" time="2270" acceleration="3077"/>
    <motionState vehicle="10" speed="1890" time="2270" acceleration="3577"/>
    <motionState vehicle="11" speed="1997" time="2270" acceleration="3972"/>
    <motionState vehicle="0" speed="2145" time="2280" acceleration="3976"/>
    <motionState vehicle="1" speed="2217" time="2280" acceleration="5277"/>
    <motionState vehicle="2" speed="2426" time="2280" acceleration="6980"/>
    <motionState vehicle="3" speed="2805" time="2280" acceleration="4774"/>
    <motionState vehicle="4" speed="3069" time="2280" acceleration="13636"/>
    <motionState vehicle="5" speed="2284" time="2280" acceleration="1435"/>
    <motionState vehicle="6" speed="1807" time="2280" acceleration="2551"/>
    <motionState vehicle="7" speed="1809" time="2280" acceleration="2598"/>
    <motionState vehicle="8" speed="1816" time="2280" acceleration="2738"/>
    <motionState vehicle="9" speed="1838" time="2280" acceleration="3059"/>
    <motionState vehicle="10" speed="1893" time="2280" acceleration="3558"/>
    <motionState vehicle="11" speed="2000" time="2280" acceleration="3949"/>
    <motionState vehicle="0" speed="2149" time="2290" acceleration="3959"/>
    <motionState vehicle="1" speed="2222" time="2290" acceleration="5264"/>
    <motionState vehicle="2" speed="2433" time="2290" acceleration="6931"/>
    <motionState vehicle="3" speed="2810" time="2290" acceleration="4653"/>
    <motionState vehicle="4" speed="3083" time="2290" acceleration="13636"/>
    <motionState vehicle="5" speed="2285" time="2290" acceleration="1388"/>
    <motionState vehicle="6" speed="1810" time="2290" acceleration="2529"/>
    <motionState vehicle="7" speed="1812" time="2290" acceleration="2576"/>
    <motionState vehicle="8" speed="1819" time="2290" acceleration="2718"/>
    <motionState vehicle="9" speed="1841" time="2290" acceleration="3041"/>
    <motionState vehicle="10" speed="1897" time="2290" acceleration="3539"/>
    <motionState vehicle="11" speed="2004" time="2290" acceleration="3927"/>
    <motionState vehicle="0" speed="2153" time="2300" acceleration="3941"/>
    <motionState vehicle="1" speed="2228" time="2300" acceleration="5250"/>
    <motionState vehicle="2" speed="2440" time="2300" acceleration="6881"/>
    <motionState vehicle="3" speed="2815" time="2300" acceleration="4533"/>
    <motionState vehicle="4" speed="3097" time="2300" acceleration="13636"/>
    <motionState vehicle="5" speed="2286" time="2300" acceleration="1343"/>
    <motionState vehicle="6" speed="1812" time="2300" acceleration="2506"/>
    <motionState vehicle="7" speed="1814" time="2300" acceleration="2555"/>
    <motionState vehicle="8" speed="1821" time="2300" acceleration="2698"/>
    <motionState vehicle="9" speed="1844" time="2300" acceleration="3023"/>
    <motionState vehicle="10" speed="1901" time="2300" acceleration="3520"/>
    <motionState vehicle="11" speed="2008" time="2300" acceleration="3904"/>
    <motionState vehicle="0" speed="2157" time="2310" acceleration="3924"/>
    <motionState vehicle="1" speed="2233" time="2310" acceleration="5236"/>
    <motionState vehicle="2" speed="2447" time="2310" acceleration="6831"/>
    <motionState vehicle="3" speed="2819" time="2310" acceleration="4415"/>
    <motionState vehicle="4" speed="3110" time="2310" acceleration="13636"/>
    <motionState vehicle="5" speed="2288" time="2310" acceleration="1298"/>
    <motionState vehicle="6" speed="1815" time="2310" acceleration="2484"/>
    <motionState vehicle="7" speed="1817" time="2310" acceleration="2533"/>
    <motionState vehicle="8" speed="1824" time="2310" acceleration="2679"/>
    <motionState vehicle="9" speed="1847" time="2310" acceleration="3005"/>
    <motionState vehicle="10" speed="1904" time="2310" acceleration="3501"/>
    <motionState vehicle="11" speed="2012" time="2310" acceleration="3882"/>
    <motionState vehicle="0" speed="2161" time="2320" acceleration="3907"/>
    <motionState vehicle="1" speed="2238" time="2320" acceleration="5223"/>
    <motionState vehicle="2" speed="2454" time="2320" acceleration="6781"/>
    <motionState vehicle="3" speed="2823" time="2320" acceleration="4298"/>
    <motionState vehicle="4" speed="3124" time="2320" acceleration="13636"/>
    <motionState vehicle="5" speed="2289" time="2320" acceleration="1254"/>
    <motionState vehicle="6" speed="1817" time="2320" acceleration="2462"/>
    <motionState vehicle="7" speed="1819" time="2320" acceleration="2512"/>
    <motionState vehicle="8" speed="1827" time="2320" acceleration="2659"/>
    <motionState vehicle="9" speed="1850" time="2320" acceleration="2987"/>
    <motionState vehicle="10" speed="1908" time="2320" acceleration="3483"/>
    <motionState vehicle="11" speed="2016" time="2320" acceleration="3861"/>
    <motionState vehicle="0" speed="2165" time="2330" acceleration="3891"/>
    <motionState vehicle="1" speed="2243" time="2330" acceleration="5209"/>
    <motionState vehicle="2" speed="2461" time="2330" acceleration="6730"/>
    <motionState vehicle="3" speed="2828" time="2330" acceleration="4183"/>
    <motionState vehicle="4" speed="3138" time="2330" acceleration="13636"/>
    <motionState vehicle="5" speed="2290" time="2330" acceleration="1211"/>
    <motionState vehicle="6" speed="1820" time="2330" acceleration="2441"/>
    <motionState vehicle="7" speed="1822" time="2330" acceleration="2492"/>
    <motionState vehicle="8" speed="1829" time="2330" acceleration="2640"/>
    <motionState vehicle="9" speed="1853" time="2330" acceleration="2970"/>
    <motionState vehicle="10" speed="1911" time="2330" acceleration="3465"/>
    <motionState vehicle="11" speed="2020" time="2330" acceleration="3839"/>
    <motionState vehicle="0" speed="2169" time="2340" acceleration="3874"/>
    <motionState vehicle="1" speed="2248" time="2340" acceleration="5195"/>
    <motionState vehicle="2" speed="2467" time="2340" acceleration="6679"/>
    <motionState vehicle="3" speed="2832" time="2340" acceleration="4069"/>
    <motionState vehicle="4" speed="3151" time="2340" acceleration="13636"/>
    <motionState vehicle="5" speed="2291" time="2340" acceleration="1168"/>
    <motionState vehicle="6" speed="1822" time="2340" acceleration="2419"/>
    <motionState vehicle="7" speed="1824" time="2340" acceleration="2471"/>
    <motionState vehicle="8" speed="1832" time="2340" acceleration="2621"/>
    <motionState vehicle="9" speed="1856" time="2340" acceleration="2952"/>
    <motionState vehicle="10" speed="1914" time="2340" acceleration="3446"/>
    <motionState vehicle="11" speed="2024" time="2340" acceleration="3818"/>
    <motionState vehicle="0" speed="2173" time="2350" acceleration="3858"/>
    <motionState vehicle="1" speed="2254" time="2350" acceleration="5182"/>
    <motionState vehicle="2" speed="2474" time="2350" acceleration="6628"/>
    <motionState vehicle="3" speed="2836" time="2350" acceleration="3957"/>
    <motionState vehicle="4" speed="3165" time="2350" acceleration="13636"/>
    <motionState vehicle="5" speed="2292" time="2350" acceleration="1127"/>
    <motionState vehicle="6" speed="1825" time="2350" acceleration="2398"/>
    <motionState vehicle="7" speed="1827" time="2350" acceleration="2451"/>
    <motionState vehicle="8" speed="1835" time="2350" acceleration="2603"/>
    <motionState vehicle="9" speed="1859" time="2350" acceleration="2935"/>
    <motionState vehicle="10" speed="1918" time="2350" acceleration="3428"/>
    <motionState vehicle="11" speed="2027" time="2350" acceleration="3797"/>
    <motionState vehicle="0" speed="2176" time="2360" acceleration="3843"/>
    <motionState vehicle="1" speed="2259" time="2360" acceleration="5168"/>
    <motionState vehicle="2" speed="2481" time="2360" acceleration="6577"/>
    <motionState vehicle="3" speed="2839" time="2360" acceleration="3846"/>
    <motionState vehicle="4" speed="3178" time="2360" acceleration="13636"/>
    <motionState vehicle="5" speed="2293" time="2360" acceleration="1085"/>
    <motionState vehicle="6" speed="1827" time="2360" acceleration="2377"/>
    <motionState vehicle="7" speed="1829" time="2360" acceleration="2430"/>
    <motionState vehicle="8" speed="1837" time="2360" acceleration="2584"/>
    <motionState vehicle="9" speed="1862" time="2360" acceleration="2919"/>
    <motionState vehicle="10" speed="1921" time="2360" acceleration="3410"/>
    <motionState vehicle="11" speed="2031" time="2360" acceleration="3776"/>
    <motionState vehicle="0" speed="2180" time="2370" acceleration="3827"/>
    <motionState vehicle="1" speed="2264" time="2370" acceleration="5154"/>
    <motionState vehicle="2" speed="2487" time="2370" acceleration="6525"/>
    <motionState vehicle="3" speed="2843" time="2370" acceleration="3736"/>
    <motionState vehicle="4" speed="3192" time="2370" acceleration="13636"/>
    <motionState vehicle="5" speed="2294" time="2370" acceleration="1045"/>
    <motionState vehicle="6" speed="1829" time="2370" acceleration="2356"/>
    <motionState vehicle="7" speed="1832" time="2370" acceleration="2410"/>
    <motionState vehicle="8" speed="1840" time="2370" acceleration="2566"/>
    <motionState vehicle="9" speed="1865" time="2370" acceleration="2902"/>
    <motionState vehicle="10" speed="1925" time="2370" acceleration="3393"/>
    <motionState vehicle="11" speed="2035" time="2370" acceleration="3756"/>
    <motionState vehicle="0" speed="2184" time="2380" acceleration="3812"/>
    <motionState vehicle="1" speed="2269" time="2380" acceleration="5139"/>
    <motionState vehicle="2" speed="2493" time="2380" acceleration="6472"/>
    <motionState vehicle="3" speed="2847" time="2380" acceleration="3628"/>
    <motionState vehicle="4" speed="3206" time="2380" acceleration="13636"/>
    <motionState vehicle="5" speed="2295" time="2380" acceleration="1005"/>
    <motionState vehicle="6" speed="1832" time="2380" acceleration="2335"/>
    <motionState vehicle="7" speed="1834" time="2380" acceleration="2391"/>
    <motionState vehicle="8" speed="1842" time="2380" acceleration="2548"/>
    <motionState vehicle="9" speed="1867" time="2380" acceleration="2886"/>
    <motionState vehicle="10" speed="1928" time="2380" acceleration="3375"/>
    <motionState vehicle="11" speed="2039" time="2380" acceleration="3735"/>
    <motionState vehicle="0" speed="2188" time="2390" acceleration="3797"/>
    <motionState vehicle="1" speed="2274" time="2390" acceleration="5125"/>
    <motionState vehicle="2" speed="2500" time="2390" acceleration="6420"/>
    <motionState vehicle="3" speed="2850" time="2390" acceleration="3521"/>
    <motionState vehicle="4" speed="3219" time="2390" acceleration="13636"/>
    <motionState vehicle="5" speed="2296" time="2390" acceleration="966"/>
    <motionState vehicle="6" speed="1834" time="2390" acceleration="2314"/>
    <motionState vehicle="7" speed="1836" time="2390" acceleration="2371"/>
    <motionState vehicle="8" speed="1845" time="2390" acceleration="2530"/>
    <motionState vehicle="9" speed="1870" time="2390" acceleration="2869"/>
    <motionState vehicle="10" speed="1931" time="2390" acceleration="3358"/>
    <motionState vehicle="11" speed="2042" time="2390" acceleration="3715"/>
    <motionState vehicle="0" speed="2192" time="2400" acceleration="3783"/>
    <motionState vehicle="1" speed="2279" time="2400" acceleration="5111"/>
    <motionState vehicle="2" speed="2506" time="2400" acceleration="6367"/>
    <motionState vehicle="3" speed="2854" time="2400" acceleration="3415"/>
    <motionState vehicle="4" speed="3233" time="2400" acceleration="13636"/>
    <motionState vehicle="5" speed="2297" time="2400" acceleration="927"/>
    <motionState vehicle="6" speed="1836" time="2400" acceleration="2294"/>
    <motionState vehicle="7" speed="1839" time="2400" acceleration="2352"/>
    <motionState vehicle="8" speed="1847" time="2400" acceleration="2513"/>
    <motionState vehicle="9" speed="1873" time="2400" acceleration="2853"/>
    <motionState vehicle="10" speed="1935" time="2400" acceleration="3341"/>
    <motionState vehicle="11" speed="2046" time="2400" acceleration="3696"/>
    <motionState vehicle="0" speed="2195" time="2410" acceleration="3768"/>
    <motionState vehicle="1" speed="2284" time="2410" acceleration="5097"/>
    <motionState vehicle="2" speed="2513" time="2410" acceleration="6314"/>
    <motionState vehicle="3" speed="2857" time="2410" acceleration="3311"/>
    <motionState vehicle="4" speed="3247" time="2410" acceleration="13636"/>
    <motionState vehicle="5" speed="2298" time="2410" acceleration="889"/>
    <motionState vehicle="6" speed="1839" time="2410" acceleration="2274"/>
    <motionState vehicle="7" speed="1841" time="2410" acceleration="2333"/>
    <motionState vehicle="8" speed="1850" time="2410" acceleration="2495"/>
    <motionState vehicle="9" speed="1876" time="2410" acceleration="2837"/>
    <motionState vehicle="10" speed="1938" time="2410" acceleration="3324"/>
    <motionState vehicle="11" speed="2050" time="2410" acceleration="3676"/>
    <motionState vehicle="0" speed="2199" time="2420" acceleration="3754"/>
    <motionState vehicle="1" speed="2290" time="2420" acceleration="5082"/>
    <motionState vehicle="2" speed="2519" time="2420" acceleration="6260"/>
    <motionState vehicle="3" speed="2860" time="2420" acceleration="3208"/>
    <motionState vehicle="4" speed="3260" time="2420" acceleration="13636"/>
    <motionState vehicle="5" speed="2299" time="2420" acceleration="852"/>
    <motionState vehicle="6" speed="1841" time="2420" acceleration="2254"/>
    <motionState vehicle="7" speed="1843" time="2420" acceleration="2314"/>
    <motionState vehicle="8" speed="1852" time="2420" acceleration="2478"/>
    <motionState vehicle="9" speed="1879" time="2420" acceleration="2822"/>
    <motionState vehicle="10" speed="1941" time="2420" acceleration="3307"/>
    <motionState vehicle="11" speed="2054" time="2420" acceleration="3657"/>
    <motionState vehicle="0" speed="2203" time="2430" acceleration="3740"/>
    <motionState vehicle="1" speed="2295" time="2430" acceleration="5067"/>
    <motionState vehicle="2" speed="2525" time="2430" acceleration="6207"/>
    <motionState vehicle="3" speed="2863" time="2430" acceleration="3106"/>
    <motionState vehicle="4" speed="3274" time="2430" acceleration="13636"/>
    <motionState vehicle="5" speed="2300" time="2430" acceleration="815"/>
    <motionState vehicle="6" speed="1843" time="2430" acceleration="2234"/>
    <motionState vehicle="7" speed="1846" time="2430" acceleration="2295"/>
    <motionState vehicle="8" speed="1855" time="2430" acceleration="2461"/>
    <motionState vehicle="9" speed="1882" time="2430" acceleration="2806"/>
    <motionState vehicle="10" speed="1945" time="2430" acceleration="3290"/>
    <motionState vehicle="11" speed="2057" time="2430" acceleration="3637"/>
    <motionState vehicle="0" speed="2207" time="2440" acceleration="3727"/>
    <motionState vehicle="1" speed="2300" time="2440" acceleration="5053"/>
    <motionState vehicle="2" speed="2531" time="2440" acceleration="6153"/>
    <motionState vehicle="3" speed="2866" time="2440" acceleration="3006"/>
    <motionState vehicle="4" speed="3288" time="2440" acceleration="13636"/>
    <motionState vehicle="5" speed="2301" time="2440" acceleration="779"/>
    <motionState vehicle="6" speed="1845" time="2440" acceleration="2215"/>
    <motionState vehicle="7" speed="1848" time="2440" acceleration="2276"/>
    <motionState vehicle="8" speed="1857" time="2440" acceleration="2444"/>
    <motionState vehicle="9" speed="1884" time="2440" acceleration="2791"/>
    <motionState vehicle="10" speed="1948" time="2440" acceleration="3274"/>
    <motionState vehicle="11" speed="2061" time="2440" acceleration="3619"/>
    <motionState vehicle="0" speed="2210" time="2450" acceleration="3713"/>
    <motionState vehicle="1" speed="2305" time="2450" acceleration="5038"/>
    <motionState vehicle="2" speed="2537" time="2450" acceleration="6099"/>
    <motionState vehicle="3" speed="2869" time="2450" acceleration="2907"/>
    <motionState vehicle="4" speed="3301" time="2450" acceleration="13636"/>
    <motionState vehicle="5" speed="2301" time="2450" acceleration="744"/>
    <motionState vehicle="6" speed="1848" time="2450" acceleration="2195"/>
    <motionState vehicle="7" speed="1850" time="2450" acceleration="2258"/>
    <motionState vehicle="8" speed="1860" time="2450" acceleration="2428"/>
    <motionState vehicle="9" speed="1887" time="2450" acceleration="2775"/>
    <motionState vehicle="10" speed="1951" time="2450" acceleration="3257"/>
    <motionState vehicle="11" speed="2064" time="2450" acceleration="3600"/>
    <motionState vehicle="0" speed="2214" time="2460" acceleration="3700"/>
    <motionState vehicle="1" speed="2310" time="2460" acceleration="5023"/>
    <motionState vehicle="2" speed="2543" time="2460" acceleration="6044"/>
    <motionState vehicle="3" speed="2872" time="2460" acceleration="2809"/>
    <motionState vehicle="4" speed="3315" time="2460" acceleration="13636"/>
    <motionState vehicle="5" speed="2302" time="2460" acceleration="709"/>
    <motionState vehicle="6" speed="1850" time="2460" acceleration="2176"/>
    <motionState vehicle="7" speed="1852" time="2460" acceleration="2240"/>
    <motionState vehicle="8" speed="1862" time="2460" acceleration="2411"/>
    <motionState vehicle="9" speed="1890" time="2460" acceleration="2760"/>
    <motionState vehicle="10" speed="1954" time="2460" acceleration="3241"/>
    <motionState vehicle="11" speed="2068" time="2460" acceleration="3582"/>
    <motionState vehicle="0" speed="2218" time="2470" acceleration="3687"/>
    <motionState vehicle="1" speed="2315" time="2470" acceleration="5008"/>
    <motionState vehicle="2" speed="2549" time="2470" acceleration="5990"/>
    <motionState vehicle="3" speed="2875" time="2470" acceleration="2713"/>
    <motionState vehicle="4" speed="3328" time="2470" acceleration="13636"/>
    <motionState vehicle="5" speed="2303" time="2470" acceleration="675"/>
    <motionState vehicle="6" speed="1852" time="2470" acceleration="2157"/>
    <motionState vehicle="7" speed="1855" time="2470" acceleration="2222"/>
    <motionState vehicle="8" speed="1865" time="2470" acceleration="2395"/>
    <motionState vehicle="9" speed="1893" time="2470" acceleration="2745"/>
    <motionState vehicle="10" speed="1958" time="2470" acceleration="3225"/>
    <motionState vehicle="11" speed="2072" time="2470" acceleration="3563"/>
    <motionState vehicle="0" speed="2221" time="2480" acceleration="3675"/>
    <motionState vehicle="1" speed="2320" time="2480" acceleration="4992"/>
    <motionState vehicle="2" speed="2555" time="2480" acceleration="5935"/>
    <motionState vehicle="3" speed="2877" time="2480" acceleration="2618"/>
    <motionState vehicle="4" speed="3342" time="2480" acceleration="13636"/>
    <motionState vehicle="5" speed="2303" time="2480" acceleration="641"/>
    <motionState vehicle="6" speed="1854" time="2480" acceleration="2139"/>
    <motionState vehicle="7" speed="1857" time="2480" acceleration="2204"/>
    <motionState vehicle="8" speed="1867" time="2480" acceleration="2379"/>
    <motionState vehicle="9" speed="1895" time="2480" acceleration="2731"/>
    <motionState vehicle="10" speed="1961" time="2480" acceleration="3209"/>
    <motionState vehicle="11" speed="2075" time="2480" acceleration="3545"/>
    <motionState vehicle="0" speed="2225" time="2490" acceleration="3662"/>
    <motionState vehicle="1" speed="2325" time="2490" acceleration="4977"/>
    <motionState vehicle="2" speed="2561" time="2490" acceleration="5880"/>
    <motionState vehicle="3" speed="2880" time="2490" acceleration="2524"/>
    <motionState vehicle="4" speed="3356" time="2490" acceleration="13636"/>
    <motionState vehicle="5" speed="2304" time="2490" acceleration="608"/>
    <motionState vehicle="6" speed="1856" time="2490" acceleration="2120"/>
    <motionState vehicle="7" speed="1859" time="2490" acceleration="2187"/>
    <motionState vehicle="8" speed="1869" time="2490" acceleration="2363"/>
    <motionState vehicle="9" speed="1898" time="2490" acceleration="2716"/>
    <motionState vehicle="10" speed="1964" time="2490" acceleration="3193"/>
    <motionState vehicle="11" speed="2079" time="2490" acceleration="3528"/>
    <motionState vehicle="0" speed="2229" time="2500" acceleration="3650"/>
    <motionState vehicle="1" speed="2330" time="2500" acceleration="4961"/>
    <motionState vehicle="2" speed="2567" time="2500" acceleration="5825"/>
    <motionState vehicle="3" speed="2882" time="2500" acceleration="2431"/>
    <motionState vehicle="4" speed="3369" time="2500" acceleration="13636"/>
    <motionState vehicle="5" speed="2305" time="2500" acceleration="576"/>
    <motionState vehicle="6" speed="1858" time="2500" acceleration="2102"/>
    <motionState vehicle="7" speed="1861" time="2500" acceleration="2169"/>
    <motionState vehicle="8" speed="1872" time="2500" acceleration="2347"/>
    <motionState vehicle="9" speed="1901" time="2500" acceleration="2702"/>
    <motionState vehicle="10" speed="1967" time="2500" acceleration="3178"/>
    <motionState vehicle="11" speed="2082" time="2500" acceleration="3510"/>
    <motionState vehicle="0" speed="2232" time="2510" acceleration="3638"/>
    <motionState vehicle="1" speed="2335" time="2510" acceleration="4946"/>
    <motionState vehicle="2" speed="2573" time="2510" acceleration="5770"/>
    <motionState vehicle="3" speed="2885" time="2510" acceleration="2340"/>
    <motionState vehicle="4" speed="3383" time="2510" acceleration="13636"/>
    <motionState vehicle="5" speed="2305" time="2510" acceleration="544"/>
    <motionState vehicle="6" speed="1860" time="2510" acceleration="2083"/>
    <motionState vehicle="7" speed="1863" time="2510" acceleration="2152"/>
    <motionState vehicle="8" speed="1874" time="2510" acceleration="2332"/>
    <motionState vehicle="9" speed="1904" time="2510" acceleration="2688"/>
    <motionState vehicle="10" speed="1970" time="2510" acceleration="3162"/>
    <motionState vehicle="11" speed="2086" time="2510" acceleration="3493"/>
    <motionState vehicle="0" speed="2236" time="2520" acceleration="3626"/>
    <motionState vehicle="1" speed="2340" time="2520" acceleration="4930"/>
    <motionState vehicle="2" speed="2578" time="2520" acceleration="5715"/>
    <motionState vehicle="3" speed="2887" time="2520" acceleration="2249"/>
    <motionState vehicle="4" speed="3397" time="2520" acceleration="13636"/>
    <motionState vehicle="5" speed="2306" time="2520" acceleration="512"/>
    <motionState vehicle="6" speed="1862" time="2520" acceleration="2065"/>
    <motionState vehicle="7" speed="1866" time="2520" acceleration="2135"/>
    <motionState vehicle="8" speed="1876" time="2520" acceleration="2317"/>
    <motionState vehicle="9" speed="1906" time="2520" acceleration="2674"/>
    <motionState vehicle="10" speed="1974" time="2520" acceleration="3147"/>
    <motionState vehicle="11" speed="2089" time="2520" acceleration="3476"/>
    <motionState vehicle="0" speed="2240" time="2530" acceleration="3614"/>
    <motionState vehicle="1" speed="2344" time="2530" acceleration="4914"/>
    <motionState vehicle="2" speed="2584" time="2530" acceleration="5660"/>
    <motionState vehicle="3" speed="2889" time="2530" acceleration="2160"/>
    <motionState vehicle="4" speed="3410" time="2530" acceleration="13636"/>
    <motionState vehicle="5" speed="2306" time="2530" acceleration="481"/>
    <motionState vehicle="6" speed="1864" time="2530" acceleration="2048"/>
    <motionState vehicle="7" speed="1868" time="2530" acceleration="2119"/>
    <motionState vehicle="8" speed="1879" time="2530" acceleration="2302"/>
    <motionState vehicle="9" speed="1909" time="2530" acceleration="2660"/>
    <motionState vehicle="10" speed="1977" time="2530" acceleration="3132"/>
    <motionState vehicle="11" speed="2093" time="2530" acceleration="3459"/>
    <motionState vehicle="0" speed="2243" time="2540" acceleration="3603"/>
    <motionState vehicle="1" speed="2349" time="2540" acceleration="4898"/>
    <motionState vehicle="2" speed="2590" time="2540" acceleration="5604"/>
    <motionState vehicle="3" speed="2891" time="2540" acceleration="2072"/>
    <motionState vehicle="4" speed="3424" time="2540" acceleration="13636"/>
    <motionState vehicle="5" speed="2307" time="2540" acceleration="451"/>
    <motionState vehicle="6" speed="1866" time="2540" acceleration="2030"/>
    <motionState vehicle="7" speed="1870" time="2540" acceleration="2102"/>
    <motionState vehicle="8" speed="1881" time="2540" acceleration="2287"/>
    <motionState vehicle="9" speed="1912" time="2540" acceleration="2646"/>
    <motionState vehicle="10" speed="1980" time="2540" acceleration="3117"/>
    <motionState vehicle="11" speed="2096" time="2540" acceleration="3442"/>
    <motionState vehicle="0" speed="2247" time="2550" acceleration="3591"/>
    <motionState vehicle="1" speed="2354" time="2550" acceleration="4882"/>
    <motionState vehicle="2" speed="2595" time="2550" acceleration="5548"/>
    <motionState vehicle="3" speed="2893" time="2550" acceleration="1986"/>
    <motionState vehicle="4" speed="3438" time="2550" acceleration="13636"/>
    <motionState vehicle="5" speed="2307" time="2550" acceleration="421"/>
    <motionState vehicle="6" speed="1868" time="2550" acceleration="2012"/>
    <motionState vehicle="7" speed="1872" time="2550" acceleration="2085"/>
    <motionState vehicle="8" speed="1883" time="2550" acceleration="2272"/>
    <motionState vehicle="9" speed="1914" time="2550" acceleration="2632"/>
    <motionState vehicle="10" speed="1983" time="2550" acceleration="3102"/>
    <motionState vehicle="11" speed="2099" time="2550" acceleration="3426"/>
    <motionState vehicle="0" speed="2250" time="2560" acceleration="3580"/>
    <motionState vehicle="1" speed="2359" time="2560" acceleration="4865"/>
    <motionState vehicle="2" speed="2601" time="2560" acceleration="5493"/>
    <motionState vehicle="3" speed="2895" time="2560" acceleration="1900"/>
    <motionState vehicle="4" speed="3451" time="2560" acceleration="13636"/>
    <motionState vehicle="5" speed="2307" time="2560" acceleration="392"/>
    <motionState vehicle="6" speed="1870" time="2560" acceleration="1995"/>
    <motionState vehicle="7" speed="1874" time="2560" acceleration="2069"/>
    <motionState vehicle="8" speed="1885" time="2560" acceleration="2257"/>
    <motionState vehicle="9" speed="1917" time="2560" acceleration="2619"/>
    <motionState vehicle="10" speed="1986" time="2560" acceleration="3088"/>
    <motionState vehicle="11" speed="2103" time="2560" acceleration="3410"/>
    <motionState vehicle="0" speed="2254" time="2570" acceleration="3569"/>
    <motionState vehicle="1" speed="2364" time="2570" acceleration="4849"/>
    <motionState vehicle="2" speed="2606" time="2570" acceleration="5437"/>
    <motionState vehicle="3" speed="2897" time="2570" acceleration="1816"/>
    <motionState vehicle="4" speed="3465" time="2570" acceleration="13636"/>
    <motionState vehicle="5" speed="2308" time="2570" acceleration="363"/>
    <motionState vehicle="6" speed="1872" time="2570" acceleration="1978"/>
    <motionState vehicle="7" speed="1876" time="2570" acceleration="2053"/>
    <motionState vehicle="8" speed="1888" time="2570" acceleration="2243"/>
    <motionState vehicle="9" speed="1919" time="2570" acceleration="2606"/>
    <motionState vehicle="10" speed="1989" time="2570" acceleration="3073"/>
    <motionState vehicle="11" speed="2106" time="2570" acceleration="3393"/>
    <motionState vehicle="0" speed="2258" time="2580" acceleration="3558"/>
    <motionState vehicle="1" speed="2369" time="2580" acceleration="4832"/>
    <motionState vehicle="2" speed="2612" time="2580" acceleration="5381"/>
    <motionState vehicle="3" speed="2899" time="2580" acceleration="1732"/>
    <motionState vehicle="4" speed="3478" time="2580" acceleration="13636"/>
    <motionState vehicle="5" speed="2308" time="2580" acceleration="335"/>
    <motionState vehicle="6" speed="1874" time="2580" acceleration="1961"/>
    <motionState vehicle="7" speed="1878" time="2580" acceleration="2037"/>
    <motionState vehicle="8" speed="1890" time="2580" acceleration="2229"/>
    <motionState vehicle="9" speed="1922" time="2580" acceleration="2593"/>
    <motionState vehicle="10" speed="1992" time="2580" acceleration="3059"/>
    <motionState vehicle="11" speed="2110" time="2580" acceleration="3378"/>
    <motionState vehicle="0" speed="2261" time="2590" acceleration="3548"/>
    <motionState vehicle="1" speed="2374" time="2590" acceleration="4815"/>
    <motionState vehicle="2" speed="2617" time="2590" acceleration="5325"/>
    <motionState vehicle="3" speed="2900" time="2590" acceleration="1650"/>
    <motionState vehicle="4" speed="3492" time="2590" acceleration="13636"/>
    <motionState vehicle="5" speed="2308" time="2590" acceleration="308"/>
    <motionState vehicle="6" speed="1876" time="2590" acceleration="1944"/>
    <motionState vehicle="7" speed="1880" time="2590" acceleration="2022"/>
    <motionState vehicle="8" speed="1892" time="2590" acceleration="2215"/>
    <motionState vehicle="9" speed="1925" time="2590" acceleration="2580"/>
    <motionState vehicle="10" speed="1995" time="2590" acceleration="3044"/>
    <motionState vehicle="11" speed="2113" time="2590" acceleration="3362"/>
    <motionState vehicle="0" speed="2265" time="2600" acceleration="3537"/>
    <motionState vehicle="1" speed="2378" time="2600" acceleration="4798"/>
    <motionState vehicle="2" speed="2622" time="2600" acceleration="5269"/>
    <motionState vehicle="3" speed="2902" time="2600" acceleration="1569"/>
    <motionState vehicle="4" speed="3506" time="2600" acceleration="13636"/>
    <motionState vehicle="5" speed="2309" time="2600" acceleration="280"/>
    <motionState vehicle="6" speed="1878" time="2600" acceleration="1927"/>
    <motionState vehicle="7" speed="1882" time="2600" acceleration="2006"/>
    <motionState vehicle="8" speed="1894" time="2600" acceleration="2201"/>
    <motionState vehicle="9" speed="1927" time="2600" acceleration="2567"/>
    <motionState vehicle="10" speed="1998" time="2600" acceleration="3030"/>
    <motionState vehicle="11" speed="2116" time="2600" acceleration="3347"/>
    <motionState vehicle="0" speed="2268" time="2610" acceleration="3527"/>
    <motionState vehicle="1" speed="2383" time="2610" acceleration="4781"/>
    <motionState vehicle="2" speed="2627" time="2610" acceleration="5213"/>
    <motionState vehicle="3" speed="2903" time="2610" acceleration="1489"/>
    <motionState vehicle="4" speed="3519" time="2610" acceleration="13636"/>
    <motionState vehicle="5" speed="2309" time="2610" acceleration="254"/>
    <motionState vehicle="6" speed="1880" time="2610" acceleration="1911"/>
    <motionState vehicle="7" speed="1884" time="2610" acceleration="1991"/>
    <motionState vehicle="8" speed="1896" time="2610" acceleration="2187"/>
    <motionState vehicle="9" speed="1930" time="2610" acceleration="2554"/>
    <motionState vehicle="10" speed="2001" time="2610" acceleration="3016"/>
    <motionState vehicle="11" speed="2120" time="2610" acceleration="3331"/>
    <motionState vehicle="0" speed="2272" time="2620" acceleration="3517"/>
    <motionState vehicle="1" speed="2388" time="2620" acceleration="4764"/>
    <motionState vehicle="2" speed="2633" time="2620" acceleration="5157"/>
    <motionState vehicle="3" speed="2905" time="2620" acceleration="1411"/>
    <motionState vehicle="4" speed="3533" time="2620" acceleration="13636"/>
    <motionState vehicle="5" speed="2309" time="2620" acceleration="227"/>
    <motionState vehicle="6" speed="1882" time="2620" acceleration="1895"/>
    <motionState vehicle="7" speed="1886" time="2620" acceleration="1976"/>
    <motionState vehicle="8" speed="1899" time="2620" acceleration="2174"/>
    <motionState vehicle="9" speed="1932" time="2620" acceleration="2542"/>
    <motionState vehicle="10" speed="2004" time="2620" acceleration="3003"/>
    <motionState vehicle="11" speed="2123" time="2620" acceleration="3316"/>
    <motionState vehicle="0" speed="2275" time="2630" acceleration="3507"/>
    <motionState vehicle="1" speed="2393" time="2630" acceleration="4746"/>
    <motionState vehicle="2" speed="2638" time="2630" acceleration="5100"/>
    <motionState vehicle="3" speed="2906" time="2630" acceleration="1333"/>
    <motionState vehicle="4" speed="3547" time="2630" acceleration="13636"/>
    <motionState vehicle="5" speed="2309" time="2630" acceleration="202"/>
    <motionState vehicle="6" speed="1884" time="2630" acceleration="1879"/>
    <motionState vehicle="7" speed="1888" time="2630" acceleration="1961"/>
    <motionState vehicle="8" speed="1901" time="2630" acceleration="2160"/>
    <motionState vehicle="9" speed="1935" time="2630" acceleration="2529"/>
    <motionState vehicle="10" speed="2007" time="2630" acceleration="2989"/>
    <motionState vehicle="11" speed="2126" time="2630" acceleration="3302"/>
    <motionState vehicle="0" speed="2279" time="2640" acceleration="3497"/>
    <motionState vehicle="1" speed="2397" time="2640" acceleration="4728"/>
    <motionState vehicle="2" speed="2643" time="2640" acceleration="5044"/>
    <motionState vehicle="3" speed="2907" time="2640" acceleration="1256"/>
    <motionState vehicle="4" speed="3560" time="2640" acceleration="13636"/>
    <motionState vehicle="5" speed="2310" time="2640" acceleration="176"/>
    <motionState vehicle="6" speed="1886" time="2640" acceleration="1863"/>
    <motionState vehicle="7" speed="1890" time="2640" acceleration="1946"/>
    <motionState vehicle="8" speed="1903" time="2640" acceleration="2147"/>
    <motionState vehicle="9" speed="1937" time="2640" acceleration="2517"/>
    <motionState vehicle="10" speed="2010" time="2640" acceleration="2975"/>
    <motionState vehicle="11" speed="2130" time="2640" acceleration="3287"/>
    <motionState vehicle="0" speed="2282" time="2650" acceleration="3487"/>
    <motionState vehicle="1" speed="2402" time="2650" acceleration="4711"/>
    <motionState vehicle="2" speed="2648" time="2650" acceleration="4988"/>
    <motionState vehicle="3" speed="2909" time="2650" acceleration="1181"/>
    <motionState vehicle="4" speed="3574" time="2650" acceleration="13636"/>
    <motionState vehicle="5" speed="2310" time="2650" acceleration="152"/>
    <motionState vehicle="6" speed="1888" time="2650" acceleration="1847"/>
    <motionState vehicle="7" speed="1892" time="2650" acceleration="1931"/>
    <motionState vehicle="8" speed="1905" time="2650" acceleration="2134"/>
    <motionState vehicle="9" speed="1940" time="2650" acceleration="2505"/>
    <motionState vehicle="10" speed="2013" time="2650" acceleration="2962"/>
    <motionState vehicle="11" speed="2133" time="2650" acceleration="3273"/>
    <motionState vehicle="0" speed="2286" time="2660" acceleration="3477"/>
    <motionState vehicle="1" speed="2407" time="2660" acceleration="4693"/>
    <motionState vehicle="2" speed="2653" time="2660" acceleration="4932"/>
    <motionState vehicle="3" speed="2910" time="2660" acceleration="1106"/>
    <motionState vehicle="4" speed="3588" time="2660" acceleration="13636"/>
    <motionState vehicle="5" speed="2310" time="2660" acceleration="127"/>
    <motionState vehicle="6" speed="1890" time="2660" acceleration="1831"/>
    <motionState vehicle="7" speed="1894" time="2660" acceleration="1916"/>
    <motionState vehicle="8" speed="1907" time="2660" acceleration="2121"/>
    <motionState vehicle="9" speed="1942" time="2660" acceleration="2493"/>
    <motionState vehicle="10" speed="2016" time="2660" acceleration="2949"/>
    <motionState vehicle="11" speed="2136" time="2660" acceleration="3258"/>
    <motionState vehicle="0" speed="2289" time="2670" acceleration="3468"/>
    <motionState vehicle="1" speed="2411" time="2670" acceleration="4674"/>
    <motionState vehicle="2" speed="2658" time="2670" acceleration="4875"/>
    <motionState vehicle="3" speed="2911" time="2670" acceleration="1033"/>
    <motionState vehicle="4" speed="3601" time="2670" acceleration="13636"/>
    <motionState vehicle="5" speed="2310" time="2670" acceleration="103"/>
    <motionState vehicle="6" speed="1891" time="2670" acceleration="1816"/>
    <motionState vehicle="7" speed="1896" time="2670" acceleration="1902"/>
    <motionState vehicle="8" speed="1909" time="2670" acceleration="2109"/>
    <motionState vehicle="9" speed="1945" time="2670" acceleration="2481"/>
    <motionState vehicle="10" speed="2019" time="2670" acceleration="2936"/>
    <motionState vehicle="11" speed="2139" time="2670" acceleration="3244"/>
    <motionState vehicle="0" speed="2293" time="2680" acceleration="3458"/>
    <motionState vehicle="1" speed="2416" time="2680" acceleration="4656"/>
    <motionState vehicle="2" speed="2662" time="2680" acceleration="4819"/>
    <motionState vehicle="3" speed="2912" time="2680" acceleration="960"/>
    <motionState vehicle="4" speed="3615" time="2680" acceleration="13636"/>
    <motionState vehicle="5" speed="2310" time="2680" acceleration="80"/>
    <motionState vehicle="6" speed="1893" time="2680" acceleration="1800"/>
    <motionState vehicle="7" speed="1898" time="2680" acceleration="1888"/>
    <motionState vehicle="8" speed="1911" time="2680" acceleration="2096"/>
    <motionState vehicle="9" speed="1947" time="2680" acceleration="2470"/>
    <motionState vehicle="10" speed="2022" time="2680" acceleration="2923"/>
    <motionState vehicle="11" speed="2143" time="2680" acceleration="3231"/>
    <motionState vehicle="0" speed="2296" time="2690" acceleration="3449"/>
    <motionState vehicle="1" speed="2421" time="2690" acceleration="4638"/>
    <motionState vehicle="2" speed="2667" time="2690" acceleration="4763"/>
    <motionState vehicle="3" speed="2913" time="2690" acceleration="889"/>
    <motionState vehicle="4" speed="3628" time="2690" acceleration="13636"/>
    <motionState vehicle="5" speed="2310" time="2690" acceleration="57"/>
    <motionState vehicle="6" speed="1895" time="2690" acceleration="1785"/>
    <motionState vehicle="7" speed="1899" time="2690" acceleration="1874"/>
    <motionState vehicle="8" speed="1913" time="2690" acceleration="2084"/>
    <motionState vehicle="9" speed="1950" time="2690" acceleration="2458"/>
    <motionState vehicle="10" speed="2025" time="2690" acceleration="2910"/>
    <motionState vehicle="11" speed="2146" time="2690" acceleration="3217"/>
    <motionState vehicle="0" speed="2299" time="2700" acceleration="3440"/>
    <motionState vehicle="1" speed="2425" time="2700" acceleration="4619"/>
    <motionState vehicle="2" speed="2672" time="2700" acceleration="4707"/>
    <motionState vehicle="3" speed="2913" time="2700" acceleration="818"/>
    <motionState vehicle="4" speed="3642" time="2700" acceleration="13636"/>
    <motionState vehicle="5" speed="2310" time="2700" acceleration="34"/>
    <motionState vehicle="6" speed="1897" time="2700" acceleration="1770"/>
    <motionState vehicle="7" speed="1901" time="2700" acceleration="1860"/>
    <motionState vehicle="8" speed="1916" time="2700" acceleration="2071"/>
    <motionState vehicle="9" speed="1952" time="2700" acceleration="2447"/>
    <motionState vehicle="10" speed="2028" time="2700" acceleration="2897"/>
    <motionState vehicle="11" speed="2149" time="2700" acceleration="3203"/>
    <motionState vehicle="0" speed="2303" time="2710" acceleration="3431"/>
    <motionState vehicle="1" speed="2430" time="2710" acceleration="4600"/>
    <motionState vehicle="2" speed="2676" time="2710" acceleration="4651"/>
    <motionState vehicle="3" speed="2914" time="2710" acceleration="749"/>
    <motionState vehicle="4" speed="3656" time="2710" acceleration="13636"/>
    <motionState vehicle="5" speed="2310" time="2710" acceleration="12"/>
    <motionState vehicle="6" speed="1898" time="2710" acceleration="1755"/>
    <motionState vehicle="7" speed="1903" time="2710" acceleration="1846"/>
    <motionState vehicle="8" speed="1918" time="2710" acceleration="2059"/>
    <motionState vehicle="9" speed="1955" time="2710" acceleration="2435"/>
    <motionState vehicle="10" speed="2031" time="2710" acceleration="2885"/>
    <motionState vehicle="11" speed="2152" time="2710" acceleration="3190"/>
    <motionState vehicle="0" speed="2306" time="2720" acceleration="3422"/>
    <motionState vehicle="1" speed="2435" time="2720" acceleration="4581"/>
    <motionState vehicle="2" speed="2681" time="2720" acceleration="4594"/>
    <motionState vehicle="3" speed="2915" time="2720" acceleration="681"/>
    <motionState vehicle="4" speed="3669" time="2720" acceleration="13636"/>
    <motionState vehicle="5" speed="2310" time="2720" acceleration="-8"/>
    <motionState vehicle="6" speed="1900" time="2720" acceleration="1741"/>
    <motionState vehicle="7" speed="1905" time="2720" acceleration="1833"/>
    <motionState vehicle="8" speed="1920" time="2720" acceleration="2047"/>
    <motionState vehicle="9" speed="1957" time="2720" acceleration="2424"/>
    <motionState vehicle="10" speed="2033" time="2720" acceleration="2872"/>
    <motionState vehicle="11" speed="2155" time="2720" acceleration="3177"/>
    <motionState vehicle="0" speed="2310" time="2730" acceleration="3413"/>
    <motionState vehicle="1" speed="2439" time="2730" acceleration="4562"/>
    <motionState vehicle="2" speed="2686" time="2730" acceleration="4538"/>
    <motionState vehicle="3" speed="2915" time="2730" acceleration="613"/>
    <motionState vehicle="4" speed="3683" time="2730" acceleration="13636"/>
    <motionState vehicle="5" speed="2310" time="2730" acceleration="-30"/>
    <motionState vehicle="6" speed="1902" time="2730" acceleration="1726"/>
    <motionState vehicle="7" speed="1907" time="2730" acceleration="1819"/>
    <motionState vehicle="8" speed="1922" time="2730" acceleration="2036"/>
    <motionState vehicle="9" speed="1959" time="2730" acceleration="2413"/>
    <motionState vehicle="10" speed="2036" time="2730" acceleration="2860"/>
    <motionState vehicle="11" speed="2158" time="2730" acceleration="3164"/>
    <motionState vehicle="0" speed="2313" time="2740" acceleration="3404"/>
    <motionState vehicle="1" speed="2444" time="2740" acceleration="4543"/>
    <motionState vehicle="2" speed="2690" time="2740" acceleration="4482"/>
    <motionState vehicle="3" speed="2916" time="2740" acceleration="547"/>
    <motionState vehicle="4" speed="3697" time="2740" acceleration="13636"/>
    <motionState vehicle="5" speed="2310" time="2740" acceleration="-51"/>
    <motionState vehicle="6" speed="1904" time="2740" acceleration="1712"/>
    <motionState vehicle="7" speed="1909" time="2740" acceleration="1806"/>
    <motionState vehicle="8" speed="1924" time="2740" acceleration="2024"/>
    <motionState vehicle="9" speed="1962" time="2740" acceleration="2402"/>
    <motionState vehicle="10" speed="2039" time="2740" acceleration="2848"/>
    <motionState vehicle="11" speed="2162" time="2740" acceleration="3151"/>
    <motionState vehicle="0" speed="2317" time="2750" acceleration="3395"/>
    <motionState vehicle="1" speed="2448" time="2750" acceleration="4523"/>
    <motionState vehicle="2" speed="2694" time="2750" acceleration="4426"/>
    <motionState vehicle="3" speed="2916" time="2750" acceleration="481"/>
    <motionState vehicle="4" speed="3710" time="2750" acceleration="13636"/>
    <motionState vehicle="5" speed="2310" time="2750" acceleration="-71"/>
    <motionState vehicle="6" speed="1905" time="2750" acceleration="1697"/>
    <motionState vehicle="7" speed="1910" time="2750" acceleration="1793"/>
    <motionState vehicle="8" speed="1926" time="2750" acceleration="2012"/>
    <motionState vehicle="9" speed="1964" time="2750" acceleration="2392"/>
    <motionState vehicle="10" speed="2042" time="2750" acceleration="2836"/>
    <motionState vehicle="11" speed="2165" time="2750" acceleration="3139"/>
    <motionState vehicle="0" speed="2320" time="2760" acceleration="3387"/>
    <motionState vehicle="1" speed="2453" time="2760" acceleration="4504"/>
    <motionState vehicle="2" speed="2699" time="2760" acceleration="4370"/>
    <motionState vehicle="3" speed="2917" time="2760" acceleration="417"/>
    <motionState vehicle="4" speed="3724" time="2760" acceleration="13636"/>
    <motionState vehicle="5" speed="2310" time="2760" acceleration="-91"/>
    <motionState vehicle="6" speed="1907" time="2760" acceleration="1683"/>
    <motionState vehicle="7" speed="1912" time="2760" acceleration="1780"/>
    <motionState vehicle="8" speed="1928" time="2760" acceleration="2001"/>
    <motionState vehicle="9" speed="1967" time="2760" acceleration="2381"/>
    <motionState vehicle="10" speed="2045" time="2760" acceleration="2824"/>
    <motionState vehicle="11" speed="2168" time="2760" acceleration="3126"/>
    <motionState vehicle="0" speed="2323" time="2770" acceleration="3378"/>
    <motionState vehicle="1" speed="2457" time="2770" acceleration="4484"/>
    <motionState vehicle="2" speed="2703" time="2770" acceleration="4315"/>
    <motionState vehicle="3" speed="2917" time="2770" acceleration="353"/>
    <motionState vehicle="4" speed="3738" time="2770" acceleration="13636"/>
    <motionState vehicle="5" speed="2310" time="2770" acceleration="-111"/>
    <motionState vehicle="6" speed="1909" time="2770" acceleration="1669"/>
    <motionState vehicle="7" speed="1914" time="2770" acceleration="1768"/>
    <motionState vehicle="8" speed="1930" time="2770" acceleration="1990"/>
    <motionState vehicle="9" speed="1969" time="2770" acceleration="2371"/>
    <motionState vehicle="10" speed="2048" time="2770" acceleration="2812"/>
    <motionState vehicle="11" speed="2171" time="2770" acceleration="3114"/>
    <motionState vehicle="0" speed="2327" time="2780" acceleration="3370"/>
    <motionState vehicle="1" speed="2462" time="2780" acceleration="4464"/>
    <motionState vehicle="2" speed="2707" time="2780" acceleration="4259"/>
    <motionState vehicle="3" speed="2917" time="2780" acceleration="290"/>
    <motionState vehicle="4" speed="3751" time="2780" acceleration="13636"/>
    <motionState vehicle="5" speed="2310" time="2780" acceleration="-130"/>
    <motionState vehicle="6" speed="1910" time="2780" acceleration="1656"/>
    <motionState vehicle="7" speed="1916" time="2780" acceleration="1755"/>
    <motionState vehicle="8" speed="1932" time="2780" acceleration="1979"/>
    <motionState vehicle="9" speed="1971" time="2780" acceleration="2360"/>
    <motionState vehicle="10" speed="2050" time="2780" acceleration="2801"/>
    <motionState vehicle="11" speed="2174" time="2780" acceleration="3102"/>
    <motionState vehicle="0" speed="2330" time="2790" acceleration="3361"/>
    <motionState vehicle="1" speed="2466" time="2790" acceleration="4444"/>
    <motionState vehicle="2" speed="2712" time="2790" acceleration="4203"/>
    <motionState vehicle="3" speed="2918" time="2790" acceleration="229"/>
    <motionState vehicle="4" speed="3765" time="2790" acceleration="13636"/>
    <motionState vehicle="5" speed="2310" time="2790" acceleration="-149"/>
    <motionState vehicle="6" speed="1912" time="2790" acceleration="1642"/>
    <motionState vehicle="7" speed="1917" time="2790" acceleration="1742"/>
    <motionState vehicle="8" speed="1934" time="2790" acceleration="1968"/>
    <motionState vehicle="9" speed="1974" time="2790" acceleration="2350"/>
    <motionState vehicle="10" speed="2053" time="2790" acceleration="2789"/>
    <motionState vehicle="11" speed="2177" time="2790" acceleration="3090"/>
    <motionState vehicle="0" speed="2333" time="2800" acceleration="3353"/>
    <motionState vehicle="1" speed="2471" time="2800" acceleration="4424"/>
    <motionState vehicle="2" speed="2716" time="2800" acceleration="4147"/>
    <motionState vehicle="3" speed="2918" time="2800" acceleration="168"/>
    <motionState vehicle="4" speed="3778" time="2800" acceleration="13636"/>
    <motionState vehicle="5" speed="2309" time="2800" acceleration="-167"/>
    <motionState vehicle="6" speed="1914" time="2800" acceleration="1628"/>
    <motionState vehicle="7" speed="1919" time="2800" acceleration="1730"/>
    <motionState vehicle="8" speed="1936" time="2800" acceleration="1957"/>
    <motionState vehicle="9" speed="1976" time="2800" acceleration="2340"/>
    <motionState vehicle="10" speed="2056" time="2800" acceleration="2778"/>
    <motionState vehicle="11" speed="2180" time="2800" acceleration="3078"/>
    <motionState vehicle="0" speed="2337" time="2810" acceleration="3345"/>
    <motionState vehicle="1" speed="2475" time="2810" acceleration="4403"/>
    <motionState vehicle="2" speed="2720" time="2810" acceleration="4092"/>
    <motionState vehicle="3" speed="2918" time="2810" acceleration="108"/>
    <motionState vehicle="4" speed="3792" time="2810" acceleration="13636"/>
    <motionState vehicle="5" speed="2309" time="2810" acceleration="-185"/>
    <motionState vehicle="6" speed="1915" time="2810" acceleration="1615"/>
    <motionState vehicle="7" speed="1921" time="2810" acceleration="1718"/>
    <motionState vehicle="8" speed="1938" time="2810" acceleration="1946"/>
    <motionState vehicle="9" speed="1978" time="2810" acceleration="2330"/>
    <motionState vehicle="10" speed="2059" time="2810" acceleration="2767"/>
    <motionState vehicle="11" speed="2183" time="2810" acceleration="3067"/>
    <motionState vehicle="0" speed="2340" time="2820" acceleration="3336"/>
    <motionState vehicle="1" speed="2479" time="2820" acceleration="4383"/>
    <motionState vehicle="2" speed="2724" time="2820" acceleration="4037"/>
    <motionState vehicle="3" speed="2918" time="2820" acceleration="49"/>
    <motionState vehicle="4" speed="3806" time="2820" acceleration="13636"/>
    <motionState vehicle="5" speed="2309" time="2820" acceleration="-203"/>
    <motionState vehicle="6" speed="1917" time="2820" acceleration="1602"/>
    <motionState vehicle="7" speed="1923" time="2820" acceleration="1706"/>
    <motionState vehicle="8" speed="1939" time="2820" acceleration="1936"/>
    <motionState vehicle="9" speed="1981" time="2820" acceleration="2320"/>
    <motionState vehicle="10" speed="2062" time="2820" acceleration="2756"/>
    <motionState vehicle="11" speed="2186" time="2820" acceleration="3055"/>
    <motionState vehicle="0" speed="2343" time="2830" acceleration="3328"/>
    <motionState vehicle="1" speed="2484" time="2830" acceleration="4362"/>
    <motionState vehicle="2" speed="2728" time="2830" acceleration="3981"/>
    <motionState vehicle="3" speed="2918" time="2830" acceleration="-8"/>
    <motionState vehicle="4" speed="3819" time="2830" acceleration="13636"/>
    <motionState vehicle="5" speed="2309" time="2830" acceleration="-221"/>
    <motionState vehicle="6" speed="1918" time="2830" acceleration="1589"/>
    <motionState vehicle="7" speed="1924" time="2830" acceleration="1694"/>
    <motionState vehicle="8" speed="1941" time="2830" acceleration="1926"/>
    <motionState vehicle="9" speed="1983" time="2830" acceleration="2310"/>
    <motionState vehicle="10" speed="2064" time="2830" acceleration="2745"/>
    <motionState vehicle="11" speed="2189" time="2830" acceleration="3044"/>
    <motionState vehicle="0" speed="2347" time="2840" acceleration="3320"/>
    <motionState vehicle="1" speed="2488" time="2840" acceleration="4341"/>
    <motionState vehicle="2" speed="2732" time="2840" acceleration="3926"/>
    <motionState vehicle="3" speed="2918" time="2840" acceleration="-65"/>
    <motionState vehicle="4" speed="3833" time="2840" acceleration="13636"/>
    <motionState vehicle="5" speed="2309" time="2840" acceleration="-238"/>
    <motionState vehicle="6" speed="1920" time="2840" acceleration="1576"/>
    <motionState vehicle="7" speed="1926" time="2840" acceleration="1682"/>
    <motionState vehicle="8" speed="1943" time="2840" acceleration="1915"/>
    <motionState vehicle="9" speed="1985" time="2840" acceleration="2300"/>
    <motionState vehicle="10" speed="2067" time="2840" acceleration="2734"/>
    <motionState vehicle="11" speed="2192" time="2840" acceleration="3033"/>
    <motionState vehicle="0" speed="2350" time="2850" acceleration="3312"/>
    <motionState vehicle="1" speed="2492" time="2850" acceleration="4320"/>
    <motionState vehicle="2" speed="2736" time="2850" acceleration="3871"/>
    <motionState vehicle="3" speed="2918" time="2850" acceleration="-122"/>
    <motionState vehicle="4" speed="3847" time="2850" acceleration="13636"/>
    <motionState vehicle="5" speed="2308" time="2850" acceleration="-254"/>
    <motionState vehicle="6" speed="1922" time="2850" acceleration="1563"/>
    <motionState vehicle="7" speed="1928" time="2850" acceleration="1671"/>
    <motionState vehicle="8" speed="1945" time="2850" acceleration="1905"/>
    <motionState vehicle="9" speed="1988" time="2850" acceleration="2291"/>
    <motionState vehicle="10" speed="2070" time="2850" acceleration="2723"/>
    <motionState vehicle="11" speed="2195" time="2850" acceleration="3022"/>
    <motionState vehicle="0" speed="2353" time="2860" acceleration="3304"/>
    <motionState vehicle="1" speed="2497" time="2860" acceleration="4299"/>
    <motionState vehicle="2" speed="2740" time="2860" acceleration="3816"/>
    <motionState vehicle="3" speed="2918" time="2860" acceleration="-177"/>
    <motionState vehicle="4" speed="3860" time="2860" acceleration="13636"/>
    <motionState vehicle="5" speed="2308" time="2860" acceleration="-271"/>
    <motionState vehicle="6" speed="1923" time="2860" acceleration="1550"/>
    <motionState vehicle="7" speed="1929" time="2860" acceleration="1659"/>
    <motionState vehicle="8" speed="1947" time="2860" acceleration="1895"/>
    <motionState vehicle="9" speed="1990" time="2860" acceleration="2281"/>
    <motionState vehicle="10" speed="2072" time="2860" acceleration="2712"/>
    <motionState vehicle="11" speed="2199" time="2860" acceleration="3011"/>
    <motionState vehicle="0" speed="2357" time="2870" acceleration="3296"/>
    <motionState vehicle="1" speed="2501" time="2870" acceleration="4277"/>
    <motionState vehicle="2" speed="2743" time="2870" acceleration="3761"/>
    <motionState vehicle="3" speed="2917" time="2870" acceleration="-232"/>
    <motionState vehicle="4" speed="3874" time="2870" acceleration="13636"/>
    <motionState vehicle="5" speed="2308" time="2870" acceleration="-287"/>
    <motionState vehicle="6" speed="1925" time="2870" acceleration="1538"/>
    <motionState vehicle="7" speed="1931" time="2870" acceleration="1648"/>
    <motionState vehicle="8" speed="1949" time="2870" acceleration="1885"/>
    <motionState vehicle="9" speed="1992" time="2870" acceleration="2272"/>
    <motionState vehicle="10" speed="2075" time="2870" acceleration="2702"/>
    <motionState vehicle="11" speed="2202" time="2870" acceleration="3001"/>
    <motionState vehicle="0" speed="2360" time="2880" acceleration="3288"/>
    <motionState vehicle="1" speed="2505" time="2880" acceleration="4256"/>
    <motionState vehicle="2" speed="2747" time="2880" acceleration="3707"/>
    <motionState vehicle="3" speed="2917" time="2880" acceleration="-286"/>
    <motionState vehicle="4" speed="3888" time="2880" acceleration="13636"/>
    <motionState vehicle="5" speed="2307" time="2880" acceleration="-302"/>
    <motionState vehicle="6" speed="1926" time="2880" acceleration="1525"/>
    <motionState vehicle="7" speed="1933" time="2880" acceleration="1637"/>
    <motionState vehicle="8" speed="1951" time="2880" acceleration="1876"/>
    <motionState vehicle="9" speed="1994" time="2880" acceleration="2263"/>
    <motionState vehicle="10" speed="2078" time="2880" acceleration="2692"/>
    <motionState vehicle="11" speed="2204" time="2880" acceleration="2990"/>
    <motionState vehicle="0" speed="2363" time="2890" acceleration="3280"/>
    <motionState vehicle="1" speed="2509" time="2890" acceleration="4234"/>
    <motionState vehicle="2" speed="2751" time="2890" acceleration="3652"/>
    <motionState vehicle="3" speed="2917" time="2890" acceleration="-339"/>
    <motionState vehicle="4" speed="3901" time="2890" acceleration="13636"/>
    <motionState vehicle="5" speed="2307" time="2890" acceleration="-317"/>
    <motionState vehicle="6" speed="1928" time="2890" acceleration="1513"/>
    <motionState vehicle="7" speed="1934" time="2890" acceleration="1626"/>
    <motionState vehicle="8" speed="1953" time="2890" acceleration="1866"/>
    <motionState vehicle="9" speed="1997" time="2890" acceleration="2254"/>
    <motionState vehicle="10" speed="2081" time="2890" acceleration="2681"/>
    <motionState vehicle="11" speed="2207" time="2890" acceleration="2980"/>
    <motionState vehicle="0" speed="2366" time="2900" acceleration="3272"/>
    <motionState vehicle="1" speed="2514" time="2900" acceleration="4212"/>
    <motionState vehicle="2" speed="2754" time="2900" acceleration="3598"/>
    <motionState vehicle="3" speed="2916" time="2900" acceleration="-391"/>
    <motionState vehicle="4" speed="3915" time="2900" acceleration="13636"/>
    <motionState vehicle="5" speed="2307" time="2900" acceleration="-332"/>
    <motionState vehicle="6" speed="1929" time="2900" acceleration="1501"/>
    <motionState vehicle="7" speed="1936" time="2900" acceleration="1615"/>
    <motionState vehicle="8" speed="1955" time="2900" acceleration="1857"/>
    <motionState vehicle="9" speed="1999" time="2900" acceleration="2245"/>
    <motionState vehicle="10" speed="2083" time="2900" acceleration="2671"/>
    <motionState vehicle="11" speed="2210" time="2900" acceleration="2970"/>
    <motionState vehicle="0" speed="2370" time="2910" acceleration="3265"/>
    <motionState vehicle="1" speed="2518" time="2910" acceleration="4190"/>
    <motionState vehicle="2" speed="2758" time="2910" acceleration="3543"/>
    <motionState vehicle="3" speed="2916" time="2910" acceleration="-442"/>
    <motionState vehicle="4" speed="3928" time="2910" acceleration="13636"/>
    <motionState vehicle="5" speed="2306" time="2910" acceleration="-347"/>
    <motionState vehicle="6" speed="1931" time="2910" acceleration="1489"/>
    <motionState vehicle="7" speed="1937" time="2910" acceleration="1604"/>
    <motionState vehicle="8" speed="1956" time="2910" acceleration="1847"/>
    <motionState vehicle="9" speed="2001" time="2910" acceleration="2236"/>
    <motionState vehicle="10" speed="2086" time="2910" acceleration="2661"/>
    <motionState vehicle="11" speed="2213" time="2910" acceleration="2960"/>
    <motionState vehicle="0" speed="2373" time="2920" acceleration="3257"/>
    <motionState vehicle="1" speed="2522" time="2920" acceleration="4168"/>
    <motionState vehicle="2" speed="2761" time="2920" acceleration="3489"/>
    <motionState vehicle="3" speed="2915" time="2920" acceleration="-493"/>
    <motionState vehicle="4" speed="3942" time="2920" acceleration="13636"/>
    <motionState vehicle="5" speed="2306" time="2920" acceleration="-361"/>
    <motionState vehicle="6" speed="1932" time="2920" acceleration="1477"/>
    <motionState vehicle="7" speed="1939" time="2920" acceleration="1593"/>
    <motionState vehicle="8" speed="1958" time="2920" acceleration="1838"/>
    <motionState vehicle="9" speed="2003" time="2920" acceleration="2227"/>
    <motionState vehicle="10" speed="2089" time="2920" acceleration="2651"/>
    <motionState vehicle="11" speed="2216" time="2920" acceleration="2950"/>
    <motionState vehicle="0" speed="2376" time="2930" acceleration="3249"/>
    <motionState vehicle="1" speed="2526" time="2930" acceleration="4146"/>
    <motionState vehicle="2" speed="2765" time="2930" acceleration="3435"/>
    <motionState vehicle="3" speed="2915" time="2930" acceleration="-542"/>
    <motionState vehicle="4" speed="3956" time="2930" acceleration="13636"/>
    <motionState vehicle="5" speed="2306" time="2930" acceleration="-375"/>
    <motionState vehicle="6" speed="1934" time="2930" acceleration="1465"/>
    <motionState vehicle="7" speed="1941" time="2930" acceleration="1583"/>
    <motionState vehicle="8" speed="1960" time="2930" acceleration="1829"/>
    <motionState vehicle="9" speed="2006" time="2930" acceleration="2219"/>
    <motionState vehicle="10" speed="2091" time="2930" acceleration="2642"/>
    <motionState vehicle="11" speed="2219" time="2930" acceleration="2940"/>
    <motionState vehicle="0" speed="2379" time="2940" acceleration="3241"/>
    <motionState vehicle="1" speed="2530" time="2940" acceleration="4123"/>
    <motionState vehicle="2" speed="2768" time="2940" acceleration="3382"/>
    <motionState vehicle="3" speed="2914" time="2940" acceleration="-591"/>
    <motionState vehicle="4" speed="3969" time="2940" acceleration="13636"/>
    <motionState vehicle="5" speed="2305" time="2940" acceleration="-389"/>
    <motionState vehicle="6" speed="1935" time="2940" acceleration="1454"/>
    <motionState vehicle="7" speed="1942" time="2940" acceleration="1573"/>
    <motionState vehicle="8" speed="1962" time="2940" acceleration="1820"/>
    <motionState vehicle="9" speed="2008" time="2940" acceleration="2210"/>
    <motionState vehicle="10" speed="2094" time="2940" acceleration="2632"/>
    <motionState vehicle="11" speed="2222" time="2940" acceleration="2930"/>
    <motionState vehicle="0" speed="2383" time="2950" acceleration="3233"/>
    <motionState vehicle="1" speed="2534" time="2950" acceleration="4101"/>
    <motionState vehicle="2" speed="2771" time="2950" acceleration="3328"/>
    <motionState vehicle="3" speed="2914" time="2950" acceleration="-639"/>
    <motionState vehicle="4" speed="3983" time="2950" acceleration="13636"/>
    <motionState vehicle="5" speed="2305" time="2950" acceleration="-402"/>
    <motionState vehicle="6" speed="1936" time="2950" acceleration="1442"/>
    <motionState vehicle="7" speed="1944" time="2950" acceleration="1562"/>
    <motionState vehicle="8" speed="1964" time="2950" acceleration="1811"/>
    <motionState vehicle="9" speed="2010" time="2950" acceleration="2202"/>
    <motionState vehicle="10" speed="2096" time="2950" acceleration="2622"/>
    <motionState vehicle="11" speed="2225" time="2950" acceleration="2921"/>
    <motionState vehicle="0" speed="2386" time="2960" acceleration="3226"/>
    <motionState vehicle="1" speed="2538" time="2960" acceleration="4078"/>
    <motionState vehicle="2" speed="2775" time="2960" acceleration="3275"/>
    <motionState vehicle="3" speed="2913" time="2960" acceleration="-687"/>
    <motionState vehicle="4" speed="3997" time="2960" acceleration="13636"/>
    <motionState vehicle="5" speed="2304" time="2960" acceleration="-415"/>
    <motionState vehicle="6" speed="1938" time="2960" acceleration="1431"/>
    <motionState vehicle="7" speed="1945" time="2960" acceleration="1552"/>
    <motionState vehicle="8" speed="1966" time="2960" acceleration="1803"/>
    <motionState vehicle="9" speed="2012" time="2960" acceleration="2193"/>
    <motionState vehicle="10" speed="2099" time="2960" acceleration="2613"/>
    <motionState vehicle="11" speed="2228" time="2960" acceleration="2911"/>
    <motionState vehicle="0" speed="2389" time="2970" acceleration="3218"/>
    <motionState vehicle="1" speed="2542" time="2970" acceleration="4055"/>
    <motionState vehicle="2" speed="2778" time="2970" acceleration="3221"/>
    <motionState vehicle="3" speed="2912" time="2970" acceleration="-733"/>
    <motionState vehicle="4" speed="4010" time="2970" acceleration="13636"/>
    <motionState vehicle="5" speed="2304" time="2970" acceleration="-428"/>
    <motionState vehicle="6" speed="1939" time="2970" acceleration="1420"/>
    <motionState vehicle="7" speed="1947" time="2970" acceleration="1542"/>
    <motionState vehicle="8" speed="1967" time="2970" acceleration="1794"/>
    <motionState vehicle="9" speed="2014" time="2970" acceleration="2185"/>
    <motionState vehicle="10" speed="2102" time="2970" acceleration="2604"/>
    <motionState vehicle="11" speed="2231" time="2970" acceleration="2902"/>
    <motionState vehicle="0" speed="2392" time="2980" acceleration="3210"/>
    <motionState vehicle="1" speed="2547" time="2980" acceleration="4032"/>
    <motionState vehicle="2" speed="2781" time="2980" acceleration="3168"/>
    <motionState vehicle="3" speed="2911" time="2980" acceleration="-779"/>
    <motionState vehicle="4" speed="4024" time="2980" acceleration="13636"/>
    <motionState vehicle="5" speed="2304" time="2980" acceleration="-441"/>
    <motionState vehicle="6" speed="1941" time="2980" acceleration="1408"/>
    <motionState vehicle="7" speed="1948" time="2980" acceleration="1532"/>
    <motionState vehicle="8" speed="1969" time="2980" acceleration="1785"/>
    <motionState vehicle="9" speed="2017" time="2980" acceleration="2177"/>
    <motionState vehicle="10" speed="2104" time="2980" acceleration="2594"/>
    <motionState vehicle="11" speed="2234" time="2980" acceleration="2893"/>
    <motionState vehicle="0" speed="2396" time="2990" acceleration="3203"/>
    <motionState vehicle="1" speed="2551" time="2990" acceleration="4009"/>
    <motionState vehicle="2" speed="2784" time="2990" acceleration="3116"/>
    <motionState vehicle="3" speed="2911" time="2990" acceleration="-824"/>
    <motionState vehicle="4" speed="4038" time="2990" acceleration="13636"/>
    <motionState vehicle="5" speed="2303" time="2990" acceleration="-453"/>
    <motionState vehicle="6" speed="1942" time="2990" acceleration="1398"/>
    <motionState vehicle="7" speed="1950" time="2990" acceleration="1523"/>
    <motionState vehicle="8" speed="1971" time="2990" acceleration="1777"/>
    <motionState vehicle="9" speed="2019" time="2990" acceleration="2169"/>
    <motionState vehicle="10" speed="2107" time="2990" acceleration="2585"/>
    <motionState vehicle="11" speed="2237" time="2990" acceleration="2884"/>
    <motionState vehicle="0" speed="2399" time="3000" acceleration="3195"/>
    <motionState vehicle="1" speed="2555" time="3000" acceleration="3985"/>
    <motionState vehicle="2" speed="2787" time="3000" acceleration="3063"/>
    <motionState vehicle="3" speed="2910" time="3000" acceleration="-869"/>
    <motionState vehicle="4" speed="4051" time="3000" acceleration="13636"/>
    <motionState vehicle="5" speed="2303" time="3000" acceleration="-465"/>
    <motionState vehicle="6" speed="1944" time="3000" acceleration="1387"/>
    <motionState vehicle="7" speed="1951" time="3000" acceleration="1513"/>
    <motionState vehicle="8" speed="1973" time="3000" acceleration="1769"/>
    <motionState vehicle="9" speed="2021" time="3000" acceleration="2161"/>
    <motionState vehicle="10" speed="2109" time="3000" acceleration="2576"/>
    <motionState vehicle="11" speed="2240" time="3000" acceleration="2875"/>
    <motionState vehicle="0" speed="2402" time="3010" acceleration="3187"/>
    <motionState vehicle="1" speed="2558" time="3010" acceleration="3962"/>
    <motionState vehicle="2" speed="2790" time="3010" acceleration="3010"/>
    <motionState vehicle="3" speed="2909" time="3010" acceleration="-912"/>
    <motionState vehicle="4" speed="4065" time="3010" acceleration="13636"/>
    <motionState vehicle="5" speed="2302" time="3010" acceleration="-476"/>
    <motionState vehicle="6" speed="1945" time="3010" acceleration="1376"/>
    <motionState vehicle="7" speed="1953" time="3010" acceleration="1503"/>
    <motionState vehicle="8" speed="1974" time="3010" acceleration="1761"/>
    <motionState vehicle="9" speed="2023" time="3010" acceleration="2153"/>
    <motionState vehicle="10" speed="2112" time="3010" acceleration="2567"/>
    <motionState vehicle="11" speed="2242" time="3010" acceleration="2866"/>
    <motionState vehicle="0" speed="2405" time="3020" acceleration="3180"/>
    <motionState vehicle="1" speed="2562" time="3020" acceleration="3938"/>
    <motionState vehicle="2" speed="2793" time="3020" acceleration="2958"/>
    <motionState vehicle="3" speed="2908" time="3020" acceleration="-955"/>
    <motionState vehicle="4" speed="4078" time="3020" acceleration="13636"/>
    <motionState vehicle="5" speed="2302" time="3020" acceleration="-487"/>
    <motionState vehicle="6" speed="1946" time="3020" acceleration="1365"/>
    <motionState vehicle="7" speed="1954" time="3020" acceleration="1494"/>
    <motionState vehicle="8" speed="1976" time="3020" acceleration="1753"/>
    <motionState vehicle="9" speed="2025" time="3020" acceleration="2146"/>
    <motionState vehicle="10" speed="2115" time="3020" acceleration="2559"/>
    <motionState vehicle="11" speed="2245" time="3020" acceleration="2858"/>
    <motionState vehicle="0" speed="2408" time="3030" acceleration="3172"/>
    <motionState vehicle="1" speed="2566" time="3030" acceleration="3915"/>
    <motionState vehicle="2" speed="2796" time="3030" acceleration="2906"/>
    <motionState vehicle="3" speed="2907" time="3030" acceleration="-997"/>
    <motionState vehicle="4" speed="4092" time="3030" acceleration="13636"/>
    <motionState vehicle="5" speed="2301" time="3030" acceleration="-498"/>
    <motionState vehicle="6" speed="1948" time="3030" acceleration="1355"/>
    <motionState vehicle="7" speed="1956" time="3030" acceleration="1485"/>
    <motionState vehicle="8" speed="1978" time="3030" acceleration="1745"/>
    <motionState vehicle="9" speed="2027" time="3030" acceleration="2138"/>
    <motionState vehicle="10" speed="2117" time="3030" acceleration="2550"/>
    <motionState vehicle="11" speed="2248" time="3030" acceleration="2849"/>
    <motionState vehicle="0" speed="2411" time="3040" acceleration="3164"/>
    <motionState vehicle="1" speed="2570" time="3040" acceleration="3891"/>
    <motionState vehicle="2" speed="2799" time="3040" acceleration="2854"/>
    <motionState vehicle="3" speed="2906" time="3040" acceleration="-1039"/>
    <motionState vehicle="4" speed="4106" time="3040" acceleration="13636"/>
    <motionState vehicle="5" speed="2301" time="3040" acceleration="-509"/>
    <motionState vehicle="6" speed="1949" time="3040" acceleration="1344"/>
    <motionState vehicle="7" speed="1957" time="3040" acceleration="1476"/>
    <motionState vehicle="8" speed="1980" time="3040" acceleration="1737"/>
    <motionState vehicle="9" speed="2029" time="3040" acceleration="2130"/>
    <motionState vehicle="10" speed="2120" time="3040" acceleration="2542"/>
    <motionState vehicle="11" speed="2251" time="3040" acceleration="2841"/>
    <motionState vehicle="0" speed="2415" time="3050" acceleration="3156"/>
    <motionState vehicle="1" speed="2574" time="3050" acceleration="3867"/>
    <motionState vehicle="2" speed="2802" time="3050" acceleration="2803"/>
    <motionState vehicle="3" speed="2905" time="3050" acceleration="-1080"/>
    <motionState vehicle="4" speed="4119" time="3050" acceleration="13636"/>
    <motionState vehicle="5" speed="2300" time="3050" acceleration="-520"/>
    <motionState vehicle="6" speed="1950" time="3050" acceleration="1334"/>
    <motionState vehicle="7" speed="1959" time="3050" acceleration="1467"/>
    <motionState vehicle="8" speed="1981" time="3050" acceleration="1729"/>
    <motionState vehicle="9" speed="2032" time="3050" acceleration="2123"/>
    <motionState vehicle="10" speed="2122" time="3050" acceleration="2533"/>
    <motionState vehicle="11" speed="2254" time="3050" acceleration="2832"/>
    <motionState vehicle="0" speed="2418" time="3060" acceleration="3149"/>
    <motionState vehicle="1" speed="2578" time="3060" acceleration="3843"/>
    <motionState vehicle="2" speed="2805" time="3060" acceleration="2751"/>
    <motionState vehicle="3" speed="2904" time="3060" acceleration="-1120"/>
    <motionState vehicle="4" speed="4133" time="3060" acceleration="13636"/>
    <motionState vehicle="5" speed="2300" time="3060" acceleration="-530"/>
    <motionState vehicle="6" speed="1952" time="3060" acceleration="1324"/>
    <motionState vehicle="7" speed="1960" time="3060" acceleration="1458"/>
    <motionState vehicle="8" speed="1983" time="3060" acceleration="1722"/>
    <motionState vehicle="9" speed="2034" time="3060" acceleration="2116"/>
    <motionState vehicle="10" speed="2125" time="3060" acceleration="2525"/>
    <motionState vehicle="11" speed="2257" time="3060" acceleration="2824"/>
    <motionState vehicle="0" speed="2421" time="3070" acceleration="3141"/>
    <motionState vehicle="1" speed="2582" time="3070" acceleration="3818"/>
    <motionState vehicle="2" speed="2807" time="3070" acceleration="2700"/>
    <motionState vehicle="3" speed="2903" time="3070" acceleration="-1159"/>
    <motionState vehicle="4" speed="4147" time="3070" acceleration="13636"/>
    <motionState vehicle="5" speed="2299" time="3070" acceleration="-540"/>
    <motionState vehicle="6" speed="1953" time="3070" acceleration="1314"/>
    <motionState vehicle="7" speed="1962" time="3070" acceleration="1449"/>
    <motionState vehicle="8" speed="1985" time="3070" acceleration="1714"/>
    <motionState vehicle="9" speed="2036" time="3070" acceleration="2108"/>
    <motionState vehicle="10" speed="2127" time="3070" acceleration="2517"/>
    <motionState vehicle="11" speed="2259" time="3070" acceleration="2816"/>
    <motionState vehicle="0" speed="2424" time="3080" acceleration="3133"/>
    <motionState vehicle="1" speed="2586" time="3080" acceleration="3794"/>
    <motionState vehicle="2" speed="2810" time="3080" acceleration="2649"/>
    <motionState vehicle="3" speed="2901" time="3080" acceleration="-1198"/>
    <motionState vehicle="4" speed="4160" time="3080" acceleration="13636"/>
    <motionState vehicle="5" speed="2299" time="3080" acceleration="-550"/>
    <motionState vehicle="6" speed="1954" time="3080" acceleration="1304"/>
    <motionState vehicle="7" speed="1963" time="3080" acceleration="1440"/>
    <motionState vehicle="8" speed="1987" time="3080" acceleration="1707"/>
    <motionState vehicle="9" speed="2038" time="3080" acceleration="2101"/>
    <motionState vehicle="10" speed="2130" time="3080" acceleration="2508"/>
    <motionState vehicle="11" speed="2262" time="3080" acceleration="2808"/>
    <motionState vehicle="0" speed="2427" time="3090" acceleration="3125"/>
    <motionState vehicle="1" speed="2589" time="3090" acceleration="3770"/>
    <motionState vehicle="2" speed="2812" time="3090" acceleration="2598"/>
    <motionState vehicle="3" speed="2900" time="3090" acceleration="-1236"/>
    <motionState vehicle="4" speed="4174" time="3090" acceleration="13636"/>
    <motionState vehicle="5" speed="2298" time="3090" acceleration="-559"/>
    <motionState vehicle="6" speed="1956" time="3090" acceleration="1294"/>
    <motionState vehicle="7" speed="1965" time="3090" acceleration="1432"/>
    <motionState vehicle="8" speed="1988" time="3090" acceleration="1700"/>
    <motionState vehicle="9" speed="2040" time="3090" acceleration="2094"/>
    <motionState vehicle="10" speed="2132" time="3090" acceleration="2500"/>
    <motionState vehicle="11" speed="2265" time="3090" acceleration="2800"/>
    <motionState vehicle="0" speed="2430" time="3100" acceleration="3118"/>
    <motionState vehicle="1" speed="2593" time="3100" acceleration="3745"/>
    <motionState vehicle="2" speed="2815" time="3100" acceleration="2548"/>
    <motionState vehicle="3" speed="2899" time="3100" acceleration="-1273"/>
    <motionState vehicle="4" speed="4188" time="3100" acceleration="13636"/>
    <motionState vehicle="5" speed="2297" time="3100" acceleration="-568"/>
    <motionState vehicle="6" speed="1957" time="3100" acceleration="1285"/>
    <motionState vehicle="7" speed="1966" time="3100" acceleration="1423"/>
    <motionState vehicle="8" speed="1990" time="3100" acceleration="1692"/>
    <motionState vehicle="9" speed="2042" time="3100" acceleration="2087"/>
    <motionState vehicle="10" speed="2135" time="3100" acceleration="2492"/>
    <motionState vehicle="11" speed="2268" time="3100" acceleration="2792"/>
    <motionState vehicle="0" speed="2433" time="3110" acceleration="3110"/>
    <motionState vehicle="1" speed="2597" time="3110" acceleration="3720"/>
    <motionState vehicle="2" speed="2818" time="3110" acceleration="2498"/>
    <motionState vehicle="3" speed="2897" time="3110" acceleration="-1310"/>
    <motionState vehicle="4" speed="4201" time="3110" acceleration="13636"/>
    <motionState vehicle="5" speed="2297" time="3110" acceleration="-577"/>
    <motionState vehicle="6" speed="1958" time="3110" acceleration="1275"/>
    <motionState vehicle="7" speed="1967" time="3110" acceleration="1415"/>
    <motionState vehicle="8" speed="1992" time="3110" acceleration="1685"/>
    <motionState vehicle="9" speed="2044" time="3110" acceleration="2080"/>
    <motionState vehicle="10" speed="2137" time="3110" acceleration="2485"/>
    <motionState vehicle="11" speed="2271" time="3110" acceleration="2785"/>
    <motionState vehicle="0" speed="2436" time="3120" acceleration="3102"/>
    <motionState vehicle="1" speed="2600" time="3120" acceleration="3695"/>
    <motionState vehicle="2" speed="2820" time="3120" acceleration="2448"/>
    <motionState vehicle="3" speed="2896" time="3120" acceleration="-1346"/>
    <motionState vehicle="4" speed="4215" time="3120" acceleration="13636"/>
    <motionState vehicle="5" speed="2296" time="3120" acceleration="-586"/>
    <motionState vehicle="6" speed="1959" time="3120" acceleration="1265"/>
    <motionState vehicle="7" speed="1969" time="3120" acceleration="1407"/>
    <motionState vehicle="8" speed="1993" time="3120" acceleration="1678"/>
    <motionState vehicle="9" speed="2046" time="3120" acceleration="2074"/>
    <motionState vehicle="10" speed="2140" time="3120" acceleration="2477"/>
    <motionState vehicle="11" speed="2273" time="3120" acceleration="2777"/>
    <motionState vehicle="0" speed="2440" time="3130" acceleration="3094"/>
    <motionState vehicle="1" speed="2604" time="3130" acceleration="3670"/>
    <motionState vehicle="2" speed="2822" time="3130" acceleration="2398"/>
    <motionState vehicle="3" speed="2895" time="3130" acceleration="-1381"/>
    <motionState vehicle="4" speed="4228" time="3130" acceleration="13636"/>
    <motionState vehicle="5" speed="2296" time="3130" acceleration="-594"/>
    <motionState vehicle="6" speed="1961" time="3130" acceleration="1256"/>
    <motionState vehicle="7" speed="1970" time="3130" acceleration="1399"/>
    <motionState vehicle="8" speed="1995" time="3130" acceleration="1672"/>
    <motionState vehicle="9" speed="2048" time="3130" acceleration="2067"/>
    <motionState vehicle="10" speed="2142" time="3130" acceleration="2469"/>
    <motionState vehicle="11" speed="2276" time="3130" acceleration="2770"/>
    <motionState vehicle="0" speed="2443" time="3140" acceleration="3086"/>
    <motionState vehicle="1" speed="2608" time="3140" acceleration="3645"/>
    <motionState vehicle="2" speed="2825" time="3140" acceleration="2348"/>
    <motionState vehicle="3" speed="2893" time="3140" acceleration="-1416"/>
    <motionState vehicle="4" speed="4242" time="3140" acceleration="13636"/>
    <motionState vehicle="5" speed="2295" time="3140" acceleration="-602"/>
    <motionState vehicle="6" speed="1962" time="3140" acceleration="1247"/>
    <motionState vehicle="7" speed="1972" time="3140" acceleration="1391"/>
    <motionState vehicle="8" speed="1997" time="3140" acceleration="1665"/>
    <motionState vehicle="9" speed="2050" time="3140" acceleration="2060"/>
    <motionState vehicle="10" speed="2145" time="3140" acceleration="2462"/>
    <motionState vehicle="11" speed="2279" time="3140" acceleration="2762"/>
    <motionState vehicle="0" speed="2446" time="3150" acceleration="3078"/>
    <motionState vehicle="1" speed="2611" time="3150" acceleration="3620"/>
    <motionState vehicle="2" speed="2827" time="3150" acceleration="2299"/>
    <motionState vehicle="3" speed="2892" time="3150" acceleration="-1450"/>
    <motionState vehicle="4" speed="4256" time="3150" acceleration="13636"/>
    <motionState vehicle="5" speed="2294" time="3150" acceleration="-610"/>
    <motionState vehicle="6" speed="1963" time="3150" acceleration="1238"/>
    <motionState vehicle="7" speed="1973" time="3150" acceleration="1383"/>
    <motionState vehicle="8" speed="1998" time="3150" acceleration="1658"/>
    <motionState vehicle="9" speed="2052" time="3150" acceleration="2054"/>
    <motionState vehicle="10" speed="2147" time="3150" acceleration="2454"/>
    <motionState vehicle="11" speed="2282" time="3150" acceleration="2755"/>
    <motionState vehicle="0" speed="2449" time="3160" acceleration="3070"/>
    <motionState vehicle="1" speed="2615" time="3160" acceleration="3595"/>
    <motionState vehicle="2" speed="2829" time="3160" acceleration="2250"/>
    <motionState vehicle="3" speed="2890" time="3160" acceleration="-1483"/>
    <motionState vehicle="4" speed="4269" time="3160" acceleration="13636"/>
    <motionState vehicle="5" speed="2294" time="3160" acceleration="-618"/>
    <motionState vehicle="6" speed="1964" time="3160" acceleration="1229"/>
    <motionState vehicle="7" speed="1974" time="3160" acceleration="1375"/>
    <motionState vehicle="8" speed="2000" time="3160" acceleration="1652"/>
    <motionState vehicle="9" speed="2054" time="3160" acceleration="2047"/>
    <motionState vehicle="10" speed="2149" time="3160" acceleration="2447"/>
    <motionState vehicle="11" speed="2284" time="3160" acceleration="2748"/>
    <motionState vehicle="0" speed="2452" time="3170" acceleration="3062"/>
    <motionState vehicle="1" speed="2619" time="3170" acceleration="3569"/>
    <motionState vehicle="2" speed="2831" time="3170" acceleration="2201"/>
    <motionState vehicle="3" speed="2889" time="3170" acceleration="-1516"/>
    <motionState vehicle="4" speed="4283" time="3170" acceleration="13636"/>
    <motionState vehicle="5" speed="2293" time="3170" acceleration="-626"/>
    <motionState vehicle="6" speed="1966" time="3170" acceleration="1220"/>
    <motionState vehicle="7" speed="1976" time="3170" acceleration="1367"/>
    <motionState vehicle="8" speed="2002" time="3170" acceleration="1645"/>
    <motionState vehicle="9" speed="2056" time="3170" acceleration="2041"/>
    <motionState vehicle="10" speed="2152" time="3170" acceleration="2440"/>
    <motionState vehicle="11" speed="2287" time="3170" acceleration="2741"/>
    <motionState vehicle="0" speed="2455" time="3180" acceleration="3054"/>
    <motionState vehicle="1" speed="2622" time="3180" acceleration="3544"/>
    <motionState vehicle="2" speed="2834" time="3180" acceleration="2152"/>
    <motionState vehicle="3" speed="2887" time="3180" acceleration="-1549"/>
    <motionState vehicle="4" speed="4297" time="3180" acceleration="13636"/>
    <motionState vehicle="5" speed="2293" time="3180" acceleration="-633"/>
    <motionState vehicle="6" speed="1967" time="3180" acceleration="1211"/>
    <motionState vehicle="7" speed="1977" time="3180" acceleration="1360"/>
    <motionState vehicle="8" speed="2003" time="3180" acceleration="1639"/>
    <motionState vehicle="9" speed="2058" time="3180" acceleration="2035"/>
    <motionState vehicle="10" speed="2154" time="3180" acceleration="2433"/>
    <motionState vehicle="11" speed="2290" time="3180" acceleration="2734"/>
    <motionState vehicle="0" speed="2458" time="3190" acceleration="3046"/>
    <motionState vehicle="1" speed="2626" time="3190" acceleration="3518"/>
    <motionState vehicle="2" speed="2836" time="3190" acceleration="2104"/>
    <motionState vehicle="3" speed="2886" time="3190" acceleration="-1580"/>
    <motionState vehicle="4" speed="4310" time="3190" acceleration="13636"/>
    <motionState vehicle="5" speed="2292" time="3190" acceleration="-640"/>
    <motionState vehicle="6" speed="1968" time="3190" acceleration="1202"/>
    <motionState vehicle="7" speed="1978" time="3190" acceleration="1352"/>
    <motionState vehicle="8" speed="2005" time="3190" acceleration="1632"/>
    <motionState vehicle="9" speed="2061" time="3190" acceleration="2029"/>
    <motionState vehicle="10" speed="2157" time="3190" acceleration="2426"/>
    <motionState vehicle="11" speed="2293" time="3190" acceleration="2727"/>
    <motionState vehicle="0" speed="2461" time="3200" acceleration="3038"/>
    <motionState vehicle="1" speed="2629" time="3200" acceleration="3492"/>
    <motionState vehicle="2" speed="2838" time="3200" acceleration="2056"/>
    <motionState vehicle="3" speed="2884" time="3200" acceleration="-1611"/>
    <motionState vehicle="4" speed="4324" time="3200" acceleration="13636"/>
    <motionState vehicle="5" speed="2291" time="3200" acceleration="-647"/>
    <motionState vehicle="6" speed="1969" time="3200" acceleration="1194"/>
    <motionState vehicle="7" speed="1980" time="3200" acceleration="1345"/>
    <motionState vehicle="8" speed="2006" time="3200" acceleration="1626"/>
    <motionState vehicle="9" speed="2063" time="3200" acceleration="2023"/>
    <motionState vehicle="10" speed="2159" time="3200" acceleration="2419"/>
    <motionState vehicle="11" speed="2295" time="3200" acceleration="2720"/>
    <motionState vehicle="0" speed="2464" time="3210" acceleration="3029"/>
    <motionState vehicle="1" speed="2633" time="3210" acceleration="3467"/>
    <motionState vehicle="2" speed="2840" time="3210" acceleration="2008"/>
    <motionState vehicle="3" speed="2882" time="3210" acceleration="-1642"/>
    <motionState vehicle="4" speed="4338" time="3210" acceleration="13636"/>
    <motionState vehicle="5" speed="2291" time="3210" acceleration="-654"/>
    <motionState vehicle="6" speed="1970" time="3210" acceleration="1185"/>
    <motionState vehicle="7" speed="1981" time="3210" acceleration="1338"/>
    <motionState vehicle="8" speed="2008" time="3210" acceleration="1620"/>
    <motionState vehicle="9" speed="2065" time="3210" acceleration="2017"/>
    <motionState vehicle="10" speed="2162" time="3210" acceleration="2412"/>
    <motionState vehicle="11" speed="2298" time="3210" acceleration="2713"/>
    <motionState vehicle="0" speed="2467" time="3220" acceleration="3021"/>
    <motionState vehicle="1" speed="2636" time="3220" acceleration="3441"/>
    <motionState vehicle="2" speed="2842" time="3220" acceleration="1960"/>
    <motionState vehicle="3" speed="2881" time="3220" acceleration="-1672"/>
    <motionState vehicle="4" speed="4351" time="3220" acceleration="13636"/>
    <motionState vehicle="5" speed="2290" time="3220" acceleration="-660"/>
    <motionState vehicle="6" speed="1972" time="3220" acceleration="1177"/>
    <motionState vehicle="7" speed="1982" time="3220" acceleration="1331"/>
    <motionState vehicle="8" speed="2010" time="3220" acceleration="1614"/>
    <motionState vehicle="9" speed="2067" time="3220" acceleration="2011"/>
    <motionState vehicle="10" speed="2164" time="3220" acceleration="2405"/>
    <motionState vehicle="11" speed="2301" time="3220" acceleration="2706"/>
    <motionState vehicle="0" speed="2470" time="3230" acceleration="3013"/>
    <motionState vehicle="1" speed="2639" time="3230" acceleration="3415"/>
    <motionState vehicle="2" speed="2844" time="3230" acceleration="1913"/>
    <motionState vehicle="3" speed="2879" time="3230" acceleration="-1701"/>
    <motionState vehicle="4" speed="4365" time="3230" acceleration="13636"/>
    <motionState vehicle="5" speed="2289" time="3230" acceleration="-666"/>
    <motionState vehicle="6" speed="1973" time="3230" acceleration="1168"/>
    <motionState vehicle="7" speed="1984" time="3230" acceleration="1324"/>
    <motionState vehicle="8" speed="2011" time="3230" acceleration="1608"/>
    <motionState vehicle="9" speed="2069" time="3230" acceleration="2005"/>
    <motionState vehicle="10" speed="2166" time="3230" acceleration="2398"/>
    <motionState vehicle="11" speed="2304" time="3230" acceleration="2700"/>
    <motionState vehicle="0" speed="2473" time="3240" acceleration="3005"/>
    <motionState vehicle="1" speed="2643" time="3240" acceleration="3388"/>
    <motionState vehicle="2" speed="2846" time="3240" acceleration="1866"/>
    <motionState vehicle="3" speed="2877" time="3240" acceleration="-1730"/>
    <motionState vehicle="4" speed="4378" time="3240" acceleration="13636"/>
    <motionState vehicle="5" speed="2289" time="3240" acceleration="-672"/>
    <motionState vehicle="6" speed="1974" time="3240" acceleration="1160"/>
    <motionState vehicle="7" speed="1985" time="3240" acceleration="1317"/>
    <motionState vehicle="8" speed="2013" time="3240" acceleration="1602"/>
    <motionState vehicle="9" speed="2071" time="3240" acceleration="1999"/>
    <motionState vehicle="10" speed="2169" time="3240" acceleration="2392"/>
    <motionState vehicle="11" speed="2306" time="3240" acceleration="2693"/>
    <motionState vehicle="0" speed="2476" time="3250" acceleration="2996"/>
    <motionState vehicle="1" speed="2646" time="3250" acceleration="3362"/>
    <motionState vehicle="2" speed="2847" time="3250" acceleration="1819"/>
    <motionState vehicle="3" speed="2876" time="3250" acceleration="-1758"/>
    <motionState vehicle="4" speed="4392" time="3250" acceleration="13636"/>
    <motionState vehicle="5" speed="2288" time="3250" acceleration="-678"/>
    <motionState vehicle="6" speed="1975" time="3250" acceleration="1152"/>
    <motionState vehicle="7" speed="1986" time="3250" acceleration="1310"/>
    <motionState vehicle="8" speed="2015" time="3250" acceleration="1597"/>
    <motionState vehicle="9" speed="2073" time="3250" acceleration="1993"/>
    <motionState vehicle="10" speed="2171" time="3250" acceleration="2385"/>
    <motionState vehicle="11" speed="2309" time="3250" acceleration="2687"/>
    <motionState vehicle="0" speed="2479" time="3260" acceleration="2988"/>
    <motionState vehicle="1" speed="2650" time="3260" acceleration="3336"/>
    <motionState vehicle="2" speed="2849" time="3260" acceleration="1773"/>
    <motionState vehicle="3" speed="2874" time="3260" acceleration="-1786"/>
    <motionState vehicle="4" speed="4406" time="3260" acceleration="13636"/>
    <motionState vehicle="5" speed="2287" time="3260" acceleration="-684"/>
    <motionState vehicle="6" speed="1976" time="3260" acceleration="1144"/>
    <motionState vehicle="7" speed="1988" time="3260" acceleration="1303"/>
    <motionState vehicle="8" speed="2016" time="3260" acceleration="1591"/>
    <motionState vehicle="9" speed="2075" time="3260" acceleration="1988"/>
    <motionState vehicle="10" speed="2174" time="3260" acceleration="2379"/>
    <motionState vehicle="11" speed="2312" time="3260" acceleration="2680"/>
    <motionState vehicle="0" speed="2482" time="3270" acceleration="2979"/>
    <motionState vehicle="1" speed="2653" time="3270" acceleration="3309"/>
    <motionState vehicle="2" speed="2851" time="3270" acceleration="1727"/>
    <motionState vehicle="3" speed="2872" time="3270" acceleration="-1813"/>
    <motionState vehicle="4" speed="4419" time="3270" acceleration="13636"/>
    <motionState vehicle="5" speed="2287" time="3270" acceleration="-689"/>
    <motionState vehicle="6" speed="1977" time="3270" acceleration="1136"/>
    <motionState vehicle="7" speed="1989" time="3270" acceleration="1296"/>
    <motionState vehicle="8" speed="2018" time="3270" acceleration="1586"/>
    <motionState vehicle="9" speed="2077" time="3270" acceleration="1982"/>
    <motionState vehicle="10" speed="2176" time="3270" acceleration="2372"/>
    <motionState vehicle="11" speed="2314" time="3270" acceleration="2674"/>
    <motionState vehicle="0" speed="2485" time="3280" acceleration="2971"/>
    <motionState vehicle="1" speed="2656" time="3280" acceleration="3283"/>
    <motionState vehicle="2" speed="2853" time="3280" acceleration="1681"/>
    <motionState vehicle="3" speed="2870" time="3280" acceleration="-1839"/>
    <motionState vehicle="4" speed="4433" time="3280" acceleration="13636"/>
    <motionState vehicle="5" speed="2286" time="3280" acceleration="-694"/>
    <motionState vehicle="6" speed="1978" time="3280" acceleration="1128"/>
    <motionState vehicle="7" speed="1990" time="3280" acceleration="1290"/>
    <motionState vehicle="8" speed="2019" time="3280" acceleration="1580"/>
    <motionState vehicle="9" speed="2079" time="3280" acceleration="1977"/>
    <motionState vehicle="10" speed="2178" time="3280" acceleration="2366"/>
    <motionState vehicle="11" speed="2317" time="3280" acceleration="2668"/>
    <motionState vehicle="0" speed="2488" time="3290" acceleration="2962"/>
    <motionState vehicle="1" speed="2659" time="3290" acceleration="3256"/>
    <motionState vehicle="2" speed="2854" time="3290" acceleration="1635"/>
    <motionState vehicle="3" speed="2868" time="3290" acceleration="-1865"/>
    <motionState vehicle="4" speed="4447" time="3290" acceleration="13636"/>
    <motionState vehicle="5" speed="2285" time="3290" acceleration="-699"/>
    <motionState vehicle="6" speed="1980" time="3290" acceleration="1121"/>
    <motionState vehicle="7" speed="1992" time="3290" acceleration="1283"/>
    <motionState vehicle="8" speed="2021" time="3290" acceleration="1575"/>
    <motionState vehicle="9" speed="2080" time="3290" acceleration="1971"/>
    <motionState vehicle="10" speed="2181" time="3290" acceleration="2360"/>
    <motionState vehicle="11" speed="2320" time="3290" acceleration="2662"/>
    <motionState vehicle="0" speed="2491" time="3300" acceleration="2953"/>
    <motionState vehicle="1" speed="2663" time="3300" acceleration="3230"/>
    <motionState vehicle="2" speed="2856" time="3300" acceleration="1590"/>
    <motionState vehicle="3" speed="2866" time="3300" acceleration="-1891"/>
    <motionState vehicle="4" speed="4460" time="3300" acceleration="13636"/>
    <motionState vehicle="5" speed="2284" time="3300" acceleration="-704"/>
    <motionState vehicle="6" speed="1981" time="3300" acceleration="1113"/>
    <motionState vehicle="7" speed="1993" time="3300" acceleration="1277"/>
    <motionState vehicle="8" speed="2022" time="3300" acceleration="1569"/>
    <motionState vehicle="9" speed="2082" time="3300" acceleration="1966"/>
    <motionState vehicle="10" speed="2183" time="3300" acceleration="2354"/>
    <motionState vehicle="11" speed="2322" time="3300" acceleration="2655"/>
    <motionState vehicle="0" speed="2494" time="3310" acceleration="2945"/>
    <motionState vehicle="1" speed="2666" time="3310" acceleration="3203"/>
    <motionState vehicle="2" speed="2857" time="3310" acceleration="1544"/>
    <motionState vehicle="3" speed="2865" time="3310" acceleration="-1915"/>
    <motionState vehicle="4" speed="4474" time="3310" acceleration="13636"/>
    <motionState vehicle="5" speed="2284" time="3310" acceleration="-709"/>
    <motionState vehicle="6" speed="1982" time="3310" acceleration="1106"/>
    <motionState vehicle="7" speed="1994" time="3310" acceleration="1271"/>
    <motionState vehicle="8" speed="2024" time="3310" acceleration="1564"/>
    <motionState vehicle="9" speed="2084" time="3310" acceleration="1961"/>
    <motionState vehicle="10" speed="2185" time="3310" acceleration="2348"/>
    <motionState vehicle="11" speed="2325" time="3310" acceleration="2649"/>
    <motionState vehicle="0" speed="2497" time="3320" acceleration="2936"/>
    <motionState vehicle="1" speed="2669" time="3320" acceleration="3176"/>
    <motionState vehicle="2" speed="2859" time="3320" acceleration="1500"/>
    <motionState vehicle="3" speed="2863" time="3320" acceleration="-1940"/>
    <motionState vehicle="4" speed="4488" time="3320" acceleration="13636"/>
    <motionState vehicle="5" speed="2283" time="3320" acceleration="-713"/>
    <motionState vehicle="6" speed="1983" time="3320" acceleration="1098"/>
    <motionState vehicle="7" speed="1995" time="3320" acceleration="1265"/>
    <motionState vehicle="8" speed="2026" time="3320" acceleration="1559"/>
    <motionState vehicle="9" speed="2086" time="3320" acceleration="1956"/>
    <motionState vehicle="10" speed="2188" time="3320" acceleration="2342"/>
    <motionState vehicle="11" speed="2328" time="3320" acceleration="2643"/>
    <motionState vehicle="0" speed="2500" time="3330" acceleration="2927"/>
    <motionState vehicle="1" speed="2672" time="3330" acceleration="3149"/>
    <motionState vehicle="2" speed="2860" time="3330" acceleration="1455"/>
    <motionState vehicle="3" speed="2861" time="3330" acceleration="-1964"/>
    <motionState vehicle="4" speed="4501" time="3330" acceleration="13636"/>
    <motionState vehicle="5" speed="2282" time="3330" acceleration="-718"/>
    <motionState vehicle="6" speed="1984" time="3330" acceleration="1091"/>
    <motionState vehicle="7" speed="1997" time="3330" acceleration="1259"/>
    <motionState vehicle="8" speed="2027" time="3330" acceleration="1554"/>
    <motionState vehicle="9" speed="2088" time="3330" acceleration="1951"/>
    <motionState vehicle="10" speed="2190" time="3330" acceleration="2336"/>
    <motionState vehicle="11" speed="2330" time="3330" acceleration="2637"/>
    <motionState vehicle="0" speed="2503" time="3340" acceleration="2918"/>
    <motionState vehicle="1" speed="2675" time="3340" acceleration="3123"/>
    <motionState vehicle="2" speed="2862" time="3340" acceleration="1411"/>
    <motionState vehicle="3" speed="2859" time="3340" acceleration="-1987"/>
    <motionState vehicle="4" speed="4515" time="3340" acceleration="13636"/>
    <motionState vehicle="5" speed="2282" time="3340" acceleration="-722"/>
    <motionState vehicle="6" speed="1985" time="3340" acceleration="1084"/>
    <motionState vehicle="7" speed="1998" time="3340" acceleration="1253"/>
    <motionState vehicle="8" speed="2029" time="3340" acceleration="1549"/>
    <motionState vehicle="9" speed="2090" time="3340" acceleration="1946"/>
    <motionState vehicle="10" speed="2192" time="3340" acceleration="2330"/>
    <motionState vehicle="11" speed="2333" time="3340" acceleration="2631"/>
    <motionState vehicle="0" speed="2506" time="3350" acceleration="2909"/>
    <motionState vehicle="1" speed="2678" time="3350" acceleration="3096"/>
    <motionState vehicle="2" speed="2863" time="3350" acceleration="1367"/>
    <motionState vehicle="3" speed="2857" time="3350" acceleration="-2010"/>
    <motionState vehicle="4" speed="4528" time="3350" acceleration="13636"/>
    <motionState vehicle="5" speed="2281" time="3350" acceleration="-726"/>
    <motionState vehicle="6" speed="1986" time="3350" acceleration="1076"/>
    <motionState vehicle="7" speed="1999" time="3350" acceleration="1247"/>
    <motionState vehicle="8" speed="2030" time="3350" acceleration="1544"/>
    <motionState vehicle="9" speed="2092" time="3350" acceleration="1941"/>
    <motionState vehicle="10" speed="2195" time="3350" acceleration="2325"/>
    <motionState vehicle="11" speed="2335" time="3350" acceleration="2625"/>
    <motionState vehicle="0" speed="2508" time="3360" acceleration="2900"/>
    <motionState vehicle="1" speed="2681" time="3360" acceleration="3068"/>
    <motionState vehicle="2" speed="2864" time="3360" acceleration="1323"/>
    <motionState vehicle="3" speed="2855" time="3360" acceleration="-2032"/>
    <motionState vehicle="4" speed="4542" time="3360" acceleration="13636"/>
    <motionState vehicle="5" speed="2280" time="3360" acceleration="-730"/>
    <motionState vehicle="6" speed="1987" time="3360" acceleration="1069"/>
    <motionState vehicle="7" speed="2000" time="3360" acceleration="1241"/>
    <motionState vehicle="8" speed="2032" time="3360" acceleration="1539"/>
    <motionState vehicle="9" speed="2094" time="3360" acceleration="1936"/>
    <motionState vehicle="10" speed="2197" time="3360" acceleration="2319"/>
    <motionState vehicle="11" speed="2338" time="3360" acceleration="2620"/>
    <motionState vehicle="0" speed="2511" time="3370" acceleration="2891"/>
    <motionState vehicle="1" speed="2684" time="3370" acceleration="3041"/>
    <motionState vehicle="2" speed="2866" time="3370" acceleration="1280"/>
    <motionState vehicle="3" speed="2853" time="3370" acceleration="-2054"/>
    <motionState vehicle="4" speed="4556" time="3370" acceleration="13636"/>
    <motionState vehicle="5" speed="2279" time="3370" acceleration="-733"/>
    <motionState vehicle="6" speed="1988" time="3370" acceleration="1062"/>
    <motionState vehicle="7" speed="2002" time="3370" acceleration="1235"/>
    <motionState vehicle="8" speed="2033" time="3370" acceleration="1535"/>
    <motionState vehicle="9" speed="2096" time="3370" acceleration="1931"/>
    <motionState vehicle="10" speed="2199" time="3370" acceleration="2314"/>
    <motionState vehicle="11" speed="2341" time="3370" acceleration="2614"/>
    <motionState vehicle="0" speed="2514" time="3380" acceleration="2882"/>
    <motionState vehicle="1" speed="2687" time="3380" acceleration="3014"/>
    <motionState vehicle="2" speed="2867" time="3380" acceleration="1236"/>
    <motionState vehicle="3" speed="2850" time="3380" acceleration="-2076"/>
    <motionState vehicle="4" speed="4569" time="3380" acceleration="13636"/>
    <motionState vehicle="5" speed="2279" time="3380" acceleration="-737"/>
    <motionState vehicle="6" speed="1989" time="3380" acceleration="1056"/>
    <motionState vehicle="7" speed="2003" time="3380" acceleration="1230"/>
    <motionState vehicle="8" speed="2035" time="3380" acceleration="1530"/>
    <motionState vehicle="9" speed="2098" time="3380" acceleration="1927"/>
    <motionState vehicle="10" speed="2202" time="3380" acceleration="2308"/>
    <motionState vehicle="11" speed="2343" time="3380" acceleration="2608"/>
    <motionState vehicle="0" speed="2517" time="3390" acceleration="2873"/>
    <motionState vehicle="1" speed="2690" time="3390" acceleration="2987"/>
    <motionState vehicle="2" speed="2868" time="3390" acceleration="1194"/>
    <motionState vehicle="3" speed="2848" time="3390" acceleration="-2097"/>
    <motionState vehicle="4" speed="4583" time="3390" acceleration="13636"/>
    <motionState vehicle="5" speed="2278" time="3390" acceleration="-740"/>
    <motionState vehicle="6" speed="1990" time="3390" acceleration="1049"/>
    <motionState vehicle="7" speed="2004" time="3390" acceleration="1224"/>
    <motionState vehicle="8" speed="2036" time="3390" acceleration="1526"/>
    <motionState vehicle="9" speed="2100" time="3390" acceleration="1922"/>
    <motionState vehicle="10" speed="2204" time="3390" acceleration="2303"/>
    <motionState vehicle="11" speed="2346" time="3390" acceleration="2602"/>
    <motionState vehicle="0" speed="2520" time="3400" acceleration="2863"/>
    <motionState vehicle="1" speed="2693" time="3400" acceleration="2960"/>
    <motionState vehicle="2" speed="2869" time="3400" acceleration="1151"/>
    <motionState vehicle="3" speed="2846" time="3400" acceleration="-2117"/>
    <motionState vehicle="4" speed="4597" time="3400" acceleration="13636"/>
    <motionState vehicle="5" speed="2277" time="3400" acceleration="-743"/>
    <motionState vehicle="6" speed="1991" time="3400" acceleration="1042"/>
    <motionState vehicle="7" speed="2005" time="3400" acceleration="1219"/>
    <motionState vehicle="8" speed="2038" time="3400" acceleration="1521"/>
    <motionState vehicle="9" speed="2102" time="3400" acceleration="1917"/>
    <motionState vehicle="10" speed="2206" time="3400" acceleration="2297"/>
    <motionState vehicle="11" speed="2348" time="3400" acceleration="2597"/>
    <motionState vehicle="0" speed="2523" time="3410" acceleration="2854"/>
    <motionState vehicle="1" speed="2696" time="3410" acceleration="2932"/>
    <motionState vehicle="2" speed="2870" time="3410" acceleration="1109"/>
    <motionState vehicle="3" speed="2844" time="3410" acceleration="-2137"/>
    <motionState vehicle="4" speed="4610" time="3410" acceleration="13636"/>
    <motionState vehicle="5" speed="2276" time="3410" acceleration="-746"/>
    <motionState vehicle="6" speed="1992" time="3410" acceleration="1036"/>
    <motionState vehicle="7" speed="2007" time="3410" acceleration="1213"/>
    <motionState vehicle="8" speed="2039" time="3410" acceleration="1517"/>
    <motionState vehicle="9" speed="2104" time="3410" acceleration="1913"/>
    <motionState vehicle="10" speed="2209" time="3410" acceleration="2292"/>
    <motionState vehicle="11" speed="2351" time="3410" acceleration="2591"/>
    <motionState vehicle="0" speed="2526" time="3420" acceleration="2844"/>
    <motionState vehicle="1" speed="2699" time="3420" acceleration="2905"/>
    <motionState vehicle="2" speed="2871" time="3420" acceleration="1067"/>
    <motionState vehicle="3" speed="2842" time="3420" acceleration="-2157"/>
    <motionState vehicle="4" speed="4624" time="3420" acceleration="13636"/>
    <motionState vehicle="5" speed="2276" time="3420" acceleration="-749"/>
    <motionState vehicle="6" speed="1993" time="3420" acceleration="1029"/>
    <motionState vehicle="7" speed="2008" time="3420" acceleration="1208"/>
    <motionState vehicle="8" speed="2041" time="3420" acceleration="1512"/>
    <motionState vehicle="9" speed="2106" time="3420" acceleration="1909"/>
    <motionState vehicle="10" speed="2211" time="3420" acceleration="2287"/>
    <motionState vehicle="11" speed="2354" time="3420" acceleration="2586"/>
    <motionState vehicle="0" speed="2529" time="3430" acceleration="2835"/>
    <motionState vehicle="1" speed="2702" time="3430" acceleration="2877"/>
    <motionState vehicle="2" speed="2872" time="3430" acceleration="1025"/>
    <motionState vehicle="3" speed="2840" time="3430" acceleration="-2176"/>
    <motionState vehicle="4" speed="4638" time="3430" acceleration="13636"/>
    <motionState vehicle="5" speed="2275" time="3430" acceleration="-752"/>
    <motionState vehicle="6" speed="1994" time="3430" acceleration="1023"/>
    <motionState vehicle="7" speed="2009" time="3430" acceleration="1203"/>
    <motionState vehicle="8" speed="2042" time="3430" acceleration="1508"/>
    <motionState vehicle="9" speed="2108" time="3430" acceleration="1904"/>
    <motionState vehicle="10" speed="2213" time="3430" acceleration="2282"/>
    <motionState vehicle="11" speed="2356" time="3430" acceleration="2580"/>
    <motionState vehicle="0" speed="2531" time="3440" acceleration="2825"/>
    <motionState vehicle="1" speed="2705" time="3440" acceleration="2850"/>
    <motionState vehicle="2" speed="2873" time="3440" acceleration="984"/>
    <motionState vehicle="3" speed="2838" time="3440" acceleration="-2194"/>
    <motionState vehicle="4" speed="4651" time="3440" acceleration="13636"/>
    <motionState vehicle="5" speed="2274" time="3440" acceleration="-754"/>
    <motionState vehicle="6" speed="1995" time="3440" acceleration="1016"/>
    <motionState vehicle="7" speed="2010" time="3440" acceleration="1198"/>
    <motionState vehicle="8" speed="2044" time="3440" acceleration="1504"/>
    <motionState vehicle="9" speed="2109" time="3440" acceleration="1900"/>
    <motionState vehicle="10" speed="2215" time="3440" acceleration="2277"/>
    <motionState vehicle="11" speed="2359" time="3440" acceleration="2575"/>
    <motionState vehicle="0" speed="2534" time="3450" acceleration="2816"/>
    <motionState vehicle="1" speed="2708" time="3450" acceleration="2822"/>
    <motionState vehicle="2" speed="2874" time="3450" acceleration="943"/>
    <motionState vehicle="3" speed="2835" time="3450" acceleration="-2212"/>
    <motionState vehicle="4" speed="4665" time="3450" acceleration="13636"/>
    <motionState vehicle="5" speed="2273" time="3450" acceleration="-757"/>
    <motionState vehicle="6" speed="1996" time="3450" acceleration="1010"/>
    <motionState vehicle="7" speed="2011" time="3450" acceleration="1193"/>
    <motionState vehicle="8" speed="2045" time="3450" acceleration="1500"/>
    <motionState vehicle="9" speed="2111" time="3450" acceleration="1896"/>
    <motionState vehicle="10" speed="2218" time="3450" acceleration="2272"/>
    <motionState vehicle="11" speed="2361" time="3450" acceleration="2569"/>
    <motionState vehicle="0" speed="2537" time="3460" acceleration="2806"/>
    <motionState vehicle="1" speed="2711" time="3460" acceleration="2795"/>
    <motionState vehicle="2" speed="2875" time="3460" acceleration="902"/>
    <motionState vehicle="3" speed="2833" time="3460" acceleration="-2230"/>
    <motionState vehicle="4" speed="4678" time="3460" acceleration="13636"/>
    <motionState vehicle="5" speed="2273" time="3460" acceleration="-759"/>
    <motionState vehicle="6" speed="1997" time="3460" acceleration="1004"/>
    <motionState vehicle="7" speed="2013" time="3460" acceleration="1188"/>
    <motionState vehicle="8" speed="2047" time="3460" acceleration="1496"/>
    <motionState vehicle="9" speed="2113" time="3460" acceleration="1892"/>
    <motionState vehicle="10" speed="2220" time="3460" acceleration="2267"/>
    <motionState vehicle="11" speed="2364" time="3460" acceleration="2564"/>
    <motionState vehicle="0" speed="2540" time="3470" acceleration="2796"/>
    <motionState vehicle="1" speed="2713" time="3470" acceleration="2767"/>
    <motionState vehicle="2" speed="2876" time="3470" acceleration="861"/>
    <motionState vehicle="3" speed="2831" time="3470" acceleration="-2247"/>
    <motionState vehicle="4" speed="4692" time="3470" acceleration="13636"/>
    <motionState vehicle="5" speed="2272" time="3470" acceleration="-761"/>
    <motionState vehicle="6" speed="1998" time="3470" acceleration="998"/>
    <motionState vehicle="7" speed="2014" time="3470" acceleration="1183"/>
    <motionState vehicle="8" speed="2048" time="3470" acceleration="1492"/>
    <motionState vehicle="9" speed="2115" time="3470" acceleration="1887"/>
    <motionState vehicle="10" speed="2222" time="3470" acceleration="2262"/>
    <motionState vehicle="11" speed="2367" time="3470" acceleration="2558"/>
    <motionState vehicle="0" speed="2543" time="3480" acceleration="2786"/>
    <motionState vehicle="1" speed="2716" time="3480" acceleration="2739"/>
    <motionState vehicle="2" speed="2877" time="3480" acceleration="821"/>
    <motionState vehicle="3" speed="2829" time="3480" acceleration="-2264"/>
    <motionState vehicle="4" speed="4706" time="3480" acceleration="13636"/>
    <motionState vehicle="5" speed="2271" time="3480" acceleration="-763"/>
    <motionState vehicle="6" speed="1999" time="3480" acceleration="992"/>
    <motionState vehicle="7" speed="2015" time="3480" acceleration="1178"/>
    <motionState vehicle="8" speed="2050" time="3480" acceleration="1488"/>
    <motionState vehicle="9" speed="2117" time="3480" acceleration="1883"/>
    <motionState vehicle="10" speed="2224" time="3480" acceleration="2257"/>
    <motionState vehicle="11" speed="2369" time="3480" acceleration="2553"/>
    <motionState vehicle="0" speed="2545" time="3490" acceleration="2776"/>
    <motionState vehicle="1" speed="2719" time="3490" acceleration="2712"/>
    <motionState vehicle="2" speed="2878" time="3490" acceleration="781"/>
    <motionState vehicle="3" speed="2826" time="3490" acceleration="-2281"/>
    <motionState vehicle="4" speed="4719" time="3490" acceleration="13636"/>
    <motionState vehicle="5" speed="2270" time="3490" acceleration="-765"/>
    <motionState vehicle="6" speed="2000" time="3490" acceleration="986"/>
    <motionState vehicle="7" speed="2016" time="3490" acceleration="1173"/>
    <motionState vehicle="8" speed="2051" time="3490" acceleration="1484"/>
    <motionState vehicle="9" speed="2119" time="3490" acceleration="1879"/>
    <motionState vehicle="10" speed="2227" time="3490" acceleration="2253"/>
    <motionState vehicle="11" speed="2372" time="3490" acceleration="2548"/>
    <motionState vehicle="0" speed="2548" time="3500" acceleration="2766"/>
    <motionState vehicle="1" speed="2722" time="3500" acceleration="2684"/>
    <motionState vehicle="2" speed="2878" time="3500" acceleration="742"/>
    <motionState vehicle="3" speed="2824" time="3500" acceleration="-2297"/>
    <motionState vehicle="4" speed="4733" time="3500" acceleration="13636"/>
    <motionState vehicle="5" speed="2270" time="3500" acceleration="-766"/>
    <motionState vehicle="6" speed="2001" time="3500" acceleration="980"/>
    <motionState vehicle="7" speed="2017" time="3500" acceleration="1169"/>
    <motionState vehicle="8" speed="2053" time="3500" acceleration="1480"/>
    <motionState vehicle="9" speed="2121" time="3500" acceleration="1876"/>
    <motionState vehicle="10" speed="2229" time="3500" acceleration="2248"/>
    <motionState vehicle="11" speed="2374" time="3500" acceleration="2542"/>
    <motionState vehicle="0" speed="2551" time="3510" acceleration="2756"/>
    <motionState vehicle="1" speed="2724" time="3510" acceleration="2656"/>
    <motionState vehicle="2" speed="2879" time="3510" acceleration="702"/>
    <motionState vehicle="3" speed="2822" time="3510" acceleration="-2312"/>
    <motionState vehicle="4" speed="4747" time="3510" acceleration="13636"/>
    <motionState vehicle="5" speed="2269" time="3510" acceleration="-768"/>
    <motionState vehicle="6" speed="2002" time="3510" acceleration="974"/>
    <motionState vehicle="7" speed="2018" time="3510" acceleration="1164"/>
    <motionState vehicle="8" speed="2054" time="3510" acceleration="1477"/>
    <motionState vehicle="9" speed="2123" time="3510" acceleration="1872"/>
    <motionState vehicle="10" speed="2231" time="3510" acceleration="2244"/>
    <motionState vehicle="11" speed="2377" time="3510" acceleration="2537"/>
    <motionState vehicle="0" speed="2554" time="3520" acceleration="2746"/>
    <motionState vehicle="1" speed="2727" time="3520" acceleration="2628"/>
    <motionState vehicle="2" speed="2880" time="3520" acceleration="663"/>
    <motionState vehicle="3" speed="2819" time="3520" acceleration="-2328"/>
    <motionState vehicle="4" speed="4760" time="3520" acceleration="13636"/>
    <motionState vehicle="5" speed="2268" time="3520" acceleration="-769"/>
    <motionState vehicle="6" speed="2003" time="3520" acceleration="969"/>
    <motionState vehicle="7" speed="2020" time="3520" acceleration="1160"/>
    <motionState vehicle="8" speed="2056" time="3520" acceleration="1473"/>
    <motionState vehicle="9" speed="2125" time="3520" acceleration="1868"/>
    <motionState vehicle="10" speed="2233" time="3520" acceleration="2239"/>
    <motionState vehicle="11" speed="2379" time="3520" acceleration="2532"/>
    <motionState vehicle="0" speed="2556" time="3530" acceleration="2736"/>
    <motionState vehicle="1" speed="2729" time="3530" acceleration="2600"/>
    <motionState vehicle="2" speed="2880" time="3530" acceleration="625"/>
    <motionState vehicle="3" speed="2817" time="3530" acceleration="-2342"/>
    <motionState vehicle="4" speed="4774" time="3530" acceleration="13636"/>
    <motionState vehicle="5" speed="2267" time="3530" acceleration="-770"/>
    <motionState vehicle="6" speed="2004" time="3530" acceleration="963"/>
    <motionState vehicle="7" speed="2021" time="3530" acceleration="1155"/>
    <motionState vehicle="8" speed="2057" time="3530" acceleration="1469"/>
    <motionState vehicle="9" speed="2126" time="3530" acceleration="1864"/>
    <motionState vehicle="10" speed="2236" time="3530" acceleration="2235"/>
    <motionState vehicle="11" speed="2382" time="3530" acceleration="2527"/>
    <motionState vehicle="0" speed="2559" time="3540" acceleration="2725"/>
    <motionState vehicle="1" speed="2732" time="3540" acceleration="2572"/>
    <motionState vehicle="2" speed="2881" time="3540" acceleration="586"/>
    <motionState vehicle="3" speed="2815" time="3540" acceleration="-2357"/>
    <motionState vehicle="4" speed="4788" time="3540" acceleration="13636"/>
    <motionState vehicle="5" speed="2267" time="3540" acceleration="-772"/>
    <motionState vehicle="6" speed="2005" time="3540" acceleration="957"/>
    <motionState vehicle="7" speed="2022" time="3540" acceleration="1151"/>
    <motionState vehicle="8" speed="2059" time="3540" acceleration="1466"/>
    <motionState vehicle="9" speed="2128" time="3540" acceleration="1861"/>
    <motionState vehicle="10" speed="2238" time="3540" acceleration="2230"/>
    <motionState vehicle="11" speed="2384" time="3540" acceleration="2522"/>
    <motionState vehicle="0" speed="2562" time="3550" acceleration="2715"/>
    <motionState vehicle="1" speed="2735" time="3550" acceleration="2545"/>
    <motionState vehicle="2" speed="2882" time="3550" acceleration="548"/>
    <motionState vehicle="3" speed="2812" time="3550" acceleration="-2371"/>
    <motionState vehicle="4" speed="4801" time="3550" acceleration="13636"/>
    <motionState vehicle="5" speed="2266" time="3550" acceleration="-773"/>
    <motionState vehicle="6" speed="2006" time="3550" acceleration="952"/>
    <motionState vehicle="7" speed="2023" time="3550" acceleration="1147"/>
    <motionState vehicle="8" speed="2060" time="3550" acceleration="1463"/>
    <motionState vehicle="9" speed="2130" time="3550" acceleration="1857"/>
    <motionState vehicle="10" speed="2240" time="3550" acceleration="2226"/>
    <motionState vehicle="11" speed="2387" time="3550" acceleration="2516"/>
    <motionState vehicle="0" speed="2564" time="3560" acceleration="2704"/>
    <motionState vehicle="1" speed="2737" time="3560" acceleration="2517"/>
    <motionState vehicle="2" speed="2882" time="3560" acceleration="510"/>
    <motionState vehicle="3" speed="2810" time="3560" acceleration="-2384"/>
    <motionState vehicle="4" speed="4815" time="3560" acceleration="13636"/>
    <motionState vehicle="5" speed="2265" time="3560" acceleration="-773"/>
    <motionState vehicle="6" speed="2007" time="3560" acceleration="947"/>
    <motionState vehicle="7" speed="2024" time="3560" acceleration="1142"/>
    <motionState vehicle="8" speed="2062" time="3560" acceleration="1459"/>
    <motionState vehicle="9" speed="2132" time="3560" acceleration="1854"/>
    <motionState vehicle="10" speed="2242" time="3560" acceleration="2222"/>
    <motionState vehicle="11" speed="2389" time="3560" acceleration="2511"/>
    <motionState vehicle="0" speed="2567" time="3570" acceleration="2694"/>
    <motionState vehicle="1" speed="2740" time="3570" acceleration="2489"/>
    <motionState vehicle="2" speed="2883" time="3570" acceleration="473"/>
    <motionState vehicle="3" speed="2808" time="3570" acceleration="-2398"/>
    <motionState vehicle="4" speed="4828" time="3570" acceleration="13636"/>
    <motionState vehicle="5" speed="2264" time="3570" acceleration="-774"/>
    <motionState vehicle="6" speed="2008" time="3570" acceleration="941"/>
    <motionState vehicle="7" speed="2025" time="3570" acceleration="1138"/>
    <motionState vehicle="8" speed="2063" time="3570" acceleration="1456"/>
    <motionState vehicle="9" speed="2134" time="3570" acceleration="1850"/>
    <motionState vehicle="10" speed="2245" time="3570" acceleration="2217"/>
    <motionState vehicle="11" speed="2392" time="3570" acceleration="2506"/>
    <motionState vehicle="0" speed="2570" time="3580" acceleration="2683"/>
    <motionState vehicle="1" speed="2742" time="3580" acceleration="2461"/>
    <motionState vehicle="2" speed="2883" time="3580" acceleration="435"/>
    <motionState vehicle="3" speed="2805" time="3580" acceleration="-2410"/>
    <motionState vehicle="4" speed="4842" time="3580" acceleration="13636"/>
    <motionState vehicle="5" speed="2263" time="3580" acceleration="-775"/>
    <motionState vehicle="6" speed="2009" time="3580" acceleration="936"/>
    <motionState vehicle="7" speed="2026" time="3580" acceleration="1134"/>
    <motionState vehicle="8" speed="2065" time="3580" acceleration="1453"/>
    <motionState vehicle="9" speed="2136" time="3580" acceleration="1847"/>
    <motionState vehicle="10" speed="2247" time="3580" acceleration="2213"/>
    <motionState vehicle="11" speed="2394" time="3580" acceleration="2501"/>
    <motionState vehicle="0" speed="2573" time="3590" acceleration="2672"/>
    <motionState vehicle="1" speed="2744" time="3590" acceleration="2433"/>
    <motionState vehicle="2" speed="2883" time="3590" acceleration="399"/>
    <motionState vehicle="3" speed="2803" time="3590" acceleration="-2423"/>
    <motionState vehicle="4" speed="4856" time="3590" acceleration="13636"/>
    <motionState vehicle="5" speed="2263" time="3590" acceleration="-775"/>
    <motionState vehicle="6" speed="2010" time="3590" acceleration="931"/>
    <motionState vehicle="7" speed="2028" time="3590" acceleration="1130"/>
    <motionState vehicle="8" speed="2066" time="3590" acceleration="1449"/>
    <motionState vehicle="9" speed="2137" time="3590" acceleration="1843"/>
    <motionState vehicle="10" speed="2249" time="3590" acceleration="2209"/>
    <motionState vehicle="11" speed="2397" time="3590" acceleration="2496"/>
    <motionState vehicle="0" speed="2575" time="3600" acceleration="2661"/>
    <motionState vehicle="1" speed="2747" time="3600" acceleration="2405"/>
    <motionState vehicle="2" speed="2884" time="3600" acceleration="362"/>
    <motionState vehicle="3" speed="2800" time="3600" acceleration="-2435"/>
    <motionState vehicle="4" speed="4869" time="3600" acceleration="13636"/>
    <motionState vehicle="5" speed="2262" time="3600" acceleration="-776"/>
    <motionState vehicle="6" speed="2011" time="3600" acceleration="926"/>
    <motionState vehicle="7" speed="2029" time="3600" acceleration="1126"/>
    <motionState vehicle="8" speed="2067" time="3600" acceleration="1446"/>
    <motionState vehicle="9" speed="2139" time="3600" acceleration="1840"/>
    <motionState vehicle="10" speed="2251" time="3600" acceleration="2205"/>
    <motionState vehicle="11" speed="2399" time="3600" acceleration="2491"/>
    <motionState vehicle="0" speed="2578" time="3610" acceleration="2650"/>
    <motionState vehicle="1" speed="2749" time="3610" acceleration="2377"/>
    <motionState vehicle="2" speed="2884" time="3610" acceleration="326"/>
    <motionState vehicle="3" speed="2798" time="3610" acceleration="-2447"/>
    <motionState vehicle="4" speed="4883" time="3610" acceleration="13636"/>
    <motionState vehicle="5" speed="2261" time="3610" acceleration="-776"/>
    <motionState vehicle="6" speed="2012" time="3610" acceleration="921"/>
    <motionState vehicle="7" speed="2030" time="3610" acceleration="1123"/>
    <motionState vehicle="8" speed="2069" time="3610" acceleration="1443"/>
    <motionState vehicle="9" speed="2141" time="3610" acceleration="1837"/>
    <motionState vehicle="10" speed="2253" time="3610" acceleration="2201"/>
    <motionState vehicle="11" speed="2402" time="3610" acceleration="2486"/>
    <motionState vehicle="0" speed="2580" time="3620" acceleration="2639"/>
    <motionState vehicle="1" speed="2752" time="3620" acceleration="2349"/>
    <motionState vehicle="2" speed="2884" time="3620" acceleration="290"/>
    <motionState vehicle="3" speed="2795" time="3620" acceleration="-2458"/>
    <motionState vehicle="4" speed="4897" time="3620" acceleration="13636"/>
    <motionState vehicle="5" speed="2260" time="3620" acceleration="-776"/>
    <motionState vehicle="6" speed="2013" time="3620" acceleration="916"/>
    <motionState vehicle="7" speed="2031" time="3620" acceleration="1119"/>
    <motionState vehicle="8" speed="2070" time="3620" acceleration="1440"/>
    <motionState vehicle="9" speed="2143" time="3620" acceleration="1834"/>
    <motionState vehicle="10" speed="2256" time="3620" acceleration="2197"/>
    <motionState vehicle="11" speed="2404" time="3620" acceleration="2480"/>
    <motionState vehicle="0" speed="2583" time="3630" acceleration="2628"/>
    <motionState vehicle="1" speed="2754" time="3630" acceleration="2321"/>
    <motionState vehicle="2" speed="2885" time="3630" acceleration="254"/>
    <motionState vehicle="3" speed="2793" time="3630" acceleration="-2469"/>
    <motionState vehicle="4" speed="4910" time="3630" acceleration="13636"/>
    <motionState vehicle="5" speed="2260" time="3630" acceleration="-776"/>
    <motionState vehicle="6" speed="2014" time="3630" acceleration="911"/>
    <motionState vehicle="7" speed="2032" time="3630" acceleration="1115"/>
    <motionState vehicle="8" speed="2072" time="3630" acceleration="1437"/>
    <motionState vehicle="9" speed="2145" time="3630" acceleration="1830"/>
    <motionState vehicle="10" speed="2258" time="3630" acceleration="2193"/>
    <motionState vehicle="11" speed="2407" time="3630" acceleration="2475"/>
    <motionState vehicle="0" speed="2586" time="3640" acceleration="2617"/>
    <motionState vehicle="1" speed="2756" time="3640" acceleration="2293"/>
    <motionState vehicle="2" speed="2885" time="3640" acceleration="218"/>
    <motionState vehicle="3" speed="2790" time="3640" acceleration="-2480"/>
    <motionState vehicle="4" speed="4924" time="3640" acceleration="13636"/>
    <motionState vehicle="5" speed="2259" time="3640" acceleration="-776"/>
    <motionState vehicle="6" speed="2015" time="3640" acceleration="906"/>
    <motionState vehicle="7" speed="2033" time="3640" acceleration="1112"/>
    <motionState vehicle="8" speed="2073" time="3640" acceleration="1435"/>
    <motionState vehicle="9" speed="2147" time="3640" acceleration="1827"/>
    <motionState vehicle="10" speed="2260" time="3640" acceleration="2190"/>
    <motionState vehicle="11" speed="2409" time="3640" acceleration="2470"/>
    <motionState vehicle="0" speed="2588" time="3650" acceleration="2606"/>
    <motionState vehicle="1" speed="2758" time="3650" acceleration="2265"/>
    <motionState vehicle="2" speed="2885" time="3650" acceleration="183"/>
    <motionState vehicle="3" speed="2788" time="3650" acceleration="-2490"/>
    <motionState vehicle="4" speed="4938" time="3650" acceleration="13636"/>
    <motionState vehicle="5" speed="2258" time="3650" acceleration="-776"/>
    <motionState vehicle="6" speed="2016" time="3650" acceleration="902"/>
    <motionState vehicle="7" speed="2034" time="3650" acceleration="1108"/>
    <motionState vehicle="8" speed="2075" time="3650" acceleration="1432"/>
    <motionState vehicle="9" speed="2148" time="3650" acceleration="1824"/>
    <motionState vehicle="10" speed="2262" time="3650" acceleration="2186"/>
    <motionState vehicle="11" speed="2412" time="3650" acceleration="2465"/>
    <motionState vehicle="0" speed="2591" time="3660" acceleration="2595"/>
    <motionState vehicle="1" speed="2761" time="3660" acceleration="2237"/>
    <motionState vehicle="2" speed="2885" time="3660" acceleration="149"/>
    <motionState vehicle="3" speed="2785" time="3660" acceleration="-2500"/>
    <motionState vehicle="4" speed="4951" time="3660" acceleration="13636"/>
    <motionState vehicle="5" speed="2257" time="3660" acceleration="-776"/>
    <motionState vehicle="6" speed="2016" time="3660" acceleration="897"/>
    <motionState vehicle="7" speed="2035" time="3660" acceleration="1105"/>
    <motionState vehicle="8" speed="2076" time="3660" acceleration="1429"/>
    <motionState vehicle="9" speed="2150" time="3660" acceleration="1821"/>
    <motionState vehicle="10" speed="2264" time="3660" acceleration="2182"/>
    <motionState vehicle="11" speed="2414" time="3660" acceleration="2460"/>
    <motionState vehicle="0" speed="2593" time="3670" acceleration="2583"/>
    <motionState vehicle="1" speed="2763" time="3670" acceleration="2209"/>
    <motionState vehicle="2" speed="2885" time="3670" acceleration="114"/>
    <motionState vehicle="3" speed="2783" time="3670" acceleration="-2509"/>
    <motionState vehicle="4" speed="4965" time="3670" acceleration="13636"/>
    <motionState vehicle="5" speed="2256" time="3670" acceleration="-775"/>
    <motionState vehicle="6" speed="2017" time="3670" acceleration="893"/>
    <motionState vehicle="7" speed="2036" time="3670" acceleration="1101"/>
    <motionState vehicle="8" speed="2077" time="3670" acceleration="1426"/>
    <motionState vehicle="9" speed="2152" time="3670" acceleration="1819"/>
    <motionState vehicle="10" speed="2267" time="3670" acceleration="2178"/>
    <motionState vehicle="11" speed="2417" time="3670" acceleration="2455"/>
    <motionState vehicle="0" speed="2596" time="3680" acceleration="2572"/>
    <motionState vehicle="1" speed="2765" time="3680" acceleration="2181"/>
    <motionState vehicle="2" speed="2885" time="3680" acceleration="80"/>
    <motionState vehicle="3" speed="2780" time="3680" acceleration="-2519"/>
    <motionState vehicle="4" speed="4978" time="3680" acceleration="13636"/>
    <motionState vehicle="5" speed="2256" time="3680" acceleration="-775"/>
    <motionState vehicle="6" speed="2018" time="3680" acceleration="888"/>
    <motionState vehicle="7" speed="2038" time="3680" acceleration="1098"/>
    <motionState vehicle="8" speed="2079" time="3680" acceleration="1424"/>
    <motionState vehicle="9" speed="2154" time="3680" acceleration="1816"/>
    <motionState vehicle="10" speed="2269" time="3680" acceleration="2175"/>
    <motionState vehicle="11" speed="2419" time="3680" acceleration="2450"/>
    <motionState vehicle="0" speed="2599" time="3690" acceleration="2560"/>
    <motionState vehicle="1" speed="2767" time="3690" acceleration="2153"/>
    <motionState vehicle="2" speed="2885" time="3690" acceleration="46"/>
    <motionState vehicle="3" speed="2778" time="3690" acceleration="-2528"/>
    <motionState vehicle="4" speed="4992" time="3690" acceleration="13636"/>
    <motionState vehicle="5" speed="2255" time="3690" acceleration="-774"/>
    <motionState vehicle="6" speed="2019" time="3690" acceleration="884"/>
    <motionState vehicle="7" speed="2039" time="3690" acceleration="1095"/>
    <motionState vehicle="8" speed="2080" time="3690" acceleration="1421"/>
    <motionState vehicle="9" speed="2156" time="3690" acceleration="1813"/>
    <motionState vehicle="10" speed="2271" time="3690" acceleration="2171"/>
    <motionState vehicle="11" speed="2421" time="3690" acceleration="2445"/>
    <motionState vehicle="0" speed="2601" time="3700" acceleration="2548"/>
    <motionState vehicle="1" speed="2769" time="3700" acceleration="2125"/>
    <motionState vehicle="2" speed="2885" time="3700" acceleration="12"/>
    <motionState vehicle="3" speed="2775" time="3700" acceleration="-2536"/>
    <motionState vehicle="4" speed="5006" time="3700" acceleration="13636"/>
    <motionState vehicle="5" speed="2254" time="3700" acceleration="-773"/>
    <motionState vehicle="6" speed="2020" time="3700" acceleration="879"/>
    <motionState vehicle="7" speed="2040" time="3700" acceleration="1092"/>
    <motionState vehicle="8" speed="2082" time="3700" acceleration="1419"/>
    <motionState vehicle="9" speed="2158" time="3700" acceleration="1810"/>
    <motionState vehicle="10" speed="2273" time="3700" acceleration="2168"/>
    <motionState vehicle="11" speed="2424" time="3700" acceleration="2440"/>
    <motionState vehicle="0" speed="2604" time="3710" acceleration="2537"/>
    <motionState vehicle="1" speed="2771" time="3710" acceleration="2097"/>
    <motionState vehicle="2" speed="2885" time="3710" acceleration="-20"/>
    <motionState vehicle="3" speed="2773" time="3710" acceleration="-2545"/>
    <motionState vehicle="4" speed="5019" time="3710" acceleration="13636"/>
    <motionState vehicle="5" speed="2253" time="3710" acceleration="-773"/>
    <motionState vehicle="6" speed="2021" time="3710" acceleration="875"/>
    <motionState vehicle="7" speed="2041" time="3710" acceleration="1088"/>
    <motionState vehicle="8" speed="2083" time="3710" acceleration="1416"/>
    <motionState vehicle="9" speed="2159" time="3710" acceleration="1807"/>
    <motionState vehicle="10" speed="2275" time="3710" acceleration="2164"/>
    <motionState vehicle="11" speed="2426" time="3710" acceleration="2435"/>
    <motionState vehicle="0" speed="2606" time="3720" acceleration="2525"/>
    <motionState vehicle="1" speed="2773" time="3720" acceleration="2069"/>
    <motionState vehicle="2" speed="2885" time="3720" acceleration="-53"/>
    <motionState vehicle="3" speed="2770" time="3720" acceleration="-2553"/>
    <motionState vehicle="4" speed="5033" time="3720" acceleration="13636"/>
    <motionState vehicle="5" speed="2253" time="3720" acceleration="-772"/>
    <motionState vehicle="6" speed="2022" time="3720" acceleration="871"/>
    <motionState vehicle="7" speed="2042" time="3720" acceleration="1085"/>
    <motionState vehicle="8" speed="2085" time="3720" acceleration="1414"/>
    <motionState vehicle="9" speed="2161" time="3720" acceleration="1805"/>
    <motionState vehicle="10" speed="2277" time="3720" acceleration="2161"/>
    <motionState vehicle="11" speed="2429" time="3720" acceleration="2430"/>
    <motionState vehicle="0" speed="2609" time="3730" acceleration="2513"/>
    <motionState vehicle="1" speed="2776" time="3730" acceleration="2041"/>
    <motionState vehicle="2" speed="2885" time="3730" acceleration="-86"/>
    <motionState vehicle="3" speed="2768" time="3730" acceleration="-2560"/>
    <motionState vehicle="4" speed="5047" time="3730" acceleration="13636"/>
    <motionState vehicle="5" speed="2252" time="3730" acceleration="-771"/>
    <motionState vehicle="6" speed="2023" time="3730" acceleration="867"/>
    <motionState vehicle="7" speed="2043" time="3730" acceleration="1082"/>
    <motionState vehicle="8" speed="2086" time="3730" acceleration="1412"/>
    <motionState vehicle="9" speed="2163" time="3730" acceleration="1802"/>
    <motionState vehicle="10" speed="2280" time="3730" acceleration="2157"/>
    <motionState vehicle="11" speed="2431" time="3730" acceleration="2425"/>
    <motionState vehicle="0" speed="2611" time="3740" acceleration="2501"/>
    <motionState vehicle="1" speed="2778" time="3740" acceleration="2013"/>
    <motionState vehicle="2" speed="2885" time="3740" acceleration="-118"/>
    <motionState vehicle="3" speed="2765" time="3740" acceleration="-2568"/>
    <motionState vehicle="4" speed="5060" time="3740" acceleration="13636"/>
    <motionState vehicle="5" speed="2251" time="3740" acceleration="-770"/>
    <motionState vehicle="6" speed="2023" time="3740" acceleration="863"/>
    <motionState vehicle="7" speed="2044" time="3740" acceleration="1079"/>
    <motionState vehicle="8" speed="2087" time="3740" acceleration="1409"/>
    <motionState vehicle="9" speed="2165" time="3740" acceleration="1800"/>
    <motionState vehicle="10" speed="2282" time="3740" acceleration="2154"/>
    <motionState vehicle="11" speed="2434" time="3740" acceleration="2419"/>
    <motionState vehicle="0" speed="2614" time="3750" acceleration="2489"/>
    <motionState vehicle="1" speed="2780" time="3750" acceleration="1985"/>
    <motionState vehicle="2" speed="2885" time="3750" acceleration="-150"/>
    <motionState vehicle="3" speed="2763" time="3750" acceleration="-2575"/>
    <motionState vehicle="4" speed="5074" time="3750" acceleration="13636"/>
    <motionState vehicle="5" speed="2250" time="3750" acceleration="-769"/>
    <motionState vehicle="6" speed="2024" time="3750" acceleration="859"/>
    <motionState vehicle="7" speed="2045" time="3750" acceleration="1076"/>
    <motionState vehicle="8" speed="2089" time="3750" acceleration="1407"/>
    <motionState vehicle="9" speed="2167" time="3750" acceleration="1797"/>
    <motionState vehicle="10" speed="2284" time="3750" acceleration="2150"/>
    <motionState vehicle="11" speed="2436" time="3750" acceleration="2414"/>
    <motionState vehicle="0" speed="2616" time="3760" acceleration="2477"/>
    <motionState vehicle="1" speed="2781" time="3760" acceleration="1957"/>
    <motionState vehicle="2" speed="2885" time="3760" acceleration="-182"/>
    <motionState vehicle="3" speed="2760" time="3760" acceleration="-2581"/>
    <motionState vehicle="4" speed="5088" time="3760" acceleration="13636"/>
    <motionState vehicle="5" speed="2249" time="3760" acceleration="-767"/>
    <motionState vehicle="6" speed="2025" time="3760" acceleration="855"/>
    <motionState vehicle="7" speed="2046" time="3760" acceleration="1074"/>
    <motionState vehicle="8" speed="2090" time="3760" acceleration="1405"/>
    <motionState vehicle="9" speed="2168" time="3760" acceleration="1795"/>
    <motionState vehicle="10" speed="2286" time="3760" acceleration="2147"/>
    <motionState vehicle="11" speed="2438" time="3760" acceleration="2409"/>
    <motionState vehicle="0" speed="2619" time="3770" acceleration="2465"/>
    <motionState vehicle="1" speed="2783" time="3770" acceleration="1929"/>
    <motionState vehicle="2" speed="2885" time="3770" acceleration="-213"/>
    <motionState vehicle="3" speed="2757" time="3770" acceleration="-2588"/>
    <motionState vehicle="4" speed="5101" time="3770" acceleration="13636"/>
    <motionState vehicle="5" speed="2249" time="3770" acceleration="-766"/>
    <motionState vehicle="6" speed="2026" time="3770" acceleration="851"/>
    <motionState vehicle="7" speed="2047" time="3770" acceleration="1071"/>
    <motionState vehicle="8" speed="2092" time="3770" acceleration="1403"/>
    <motionState vehicle="9" speed="2170" time="3770" acceleration="1792"/>
    <motionState vehicle="10" speed="2288" time="3770" acceleration="2144"/>
    <motionState vehicle="11" speed="2441" time="3770" acceleration="2404"/>
    <motionState vehicle="0" speed="2621" time="3780" acceleration="2452"/>
    <motionState vehicle="1" speed="2785" time="3780" acceleration="1902"/>
    <motionState vehicle="2" speed="2884" time="3780" acceleration="-245"/>
    <motionState vehicle="3" speed="2755" time="3780" acceleration="-2594"/>
    <motionState vehicle="4" speed="5115" time="3780" acceleration="13636"/>
    <motionState vehicle="5" speed="2248" time="3780" acceleration="-765"/>
    <motionState vehicle="6" speed="2027" time="3780" acceleration="847"/>
    <motionState vehicle="7" speed="2048" time="3780" acceleration="1068"/>
    <motionState vehicle="8" speed="2093" time="3780" acceleration="1401"/>
    <motionState vehicle="9" speed="2172" time="3780" acceleration="1790"/>
    <motionState vehicle="10" speed="2290" time="3780" acceleration="2141"/>
    <motionState vehicle="11" speed="2443" time="3780" acceleration="2399"/>
    <motionState vehicle="0" speed="2624" time="3790" acceleration="2440"/>
    <motionState vehicle="1" speed="2787" time="3790" acceleration="1874"/>
    <motionState vehicle="2" speed="2884" time="3790" acceleration="-276"/>
    <motionState vehicle="3" speed="2752" time="3790" acceleration="-2600"/>
    <motionState vehicle="4" speed="5128" time="3790" acceleration="13636"/>
    <motionState vehicle="5" speed="2247" time="3790" acceleration="-763"/>
    <motionState vehicle="6" speed="2028" time="3790" acceleration="843"/>
    <motionState vehicle="7" speed="2049" time="3790" acceleration="1066"/>
    <motionState vehicle="8" speed="2094" time="3790" acceleration="1399"/>
    <motionState vehicle="9" speed="2174" time="3790" acceleration="1787"/>
    <motionState vehicle="10" speed="2292" time="3790" acceleration="2137"/>
    <motionState vehicle="11" speed="2446" time="3790" acceleration="2394"/>
    <motionState vehicle="0" speed="2626" time="3800" acceleration="2428"/>
    <motionState vehicle="1" speed="2789" time="3800" acceleration="1846"/>
    <motionState vehicle="2" speed="2884" time="3800" acceleration="-306"/>
    <motionState vehicle="3" speed="2750" time="3800" acceleration="-2605"/>
    <motionState vehicle="4" speed="5142" time="3800" acceleration="13636"/>
    <motionState vehicle="5" speed="2246" time="3800" acceleration="-761"/>
    <motionState vehicle="6" speed="2029" time="3800" acceleration="840"/>
    <motionState vehicle="7" speed="2051" time="3800" acceleration="1063"/>
    <motionState vehicle="8" speed="2096" time="3800" acceleration="1397"/>
    <motionState vehicle="9" speed="2176" time="3800" acceleration="1785"/>
    <motionState vehicle="10" speed="2295" time="3800" acceleration="2134"/>
    <motionState vehicle="11" speed="2448" time="3800" acceleration="2389"/>
    <motionState vehicle="0" speed="2628" time="3810" acceleration="2415"/>
    <motionState vehicle="1" speed="2791" time="3810" acceleration="1818"/>
    <motionState vehicle="2" speed="2883" time="3810" acceleration="-336"/>
    <motionState vehicle="3" speed="2747" time="3810" acceleration="-2611"/>
    <motionState vehicle="4" speed="5156" time="3810" acceleration="13636"/>
    <motionState vehicle="5" speed="2246" time="3810" acceleration="-760"/>
    <motionState vehicle="6" speed="2029" time="3810" acceleration="836"/>
    <motionState vehicle="7" speed="2052" time="3810" acceleration="1061"/>
    <motionState vehicle="8" speed="2097" time="3810" acceleration="1395"/>
    <motionState vehicle="9" speed="2177" time="3810" acceleration="1783"/>
    <motionState vehicle="10" speed="2297" time="3810" acceleration="2131"/>
    <motionState vehicle="11" speed="2450" time="3810" acceleration="2383"/>
    <motionState vehicle="0" speed="2631" time="3820" acceleration="2402"/>
    <motionState vehicle="1" speed="2793" time="3820" acceleration="1791"/>
    <motionState vehicle="2" speed="2883" time="3820" acceleration="-367"/>
    <motionState vehicle="3" speed="2744" time="3820" acceleration="-2616"/>
    <motionState vehicle="4" speed="5169" time="3820" acceleration="13636"/>
    <motionState vehicle="5" speed="2245" time="3820" acceleration="-758"/>
    <motionState vehicle="6" speed="2030" time="3820" acceleration="833"/>
    <motionState vehicle="7" speed="2053" time="3820" acceleration="1058"/>
    <motionState vehicle="8" speed="2099" time="3820" acceleration="1393"/>
    <motionState vehicle="9" speed="2179" time="3820" acceleration="1781"/>
    <motionState vehicle="10" speed="2299" time="3820" acceleration="2128"/>
    <motionState vehicle="11" speed="2453" time="3820" acceleration="2378"/>
    <motionState vehicle="0" speed="2633" time="3830" acceleration="2390"/>
    <motionState vehicle="1" speed="2794" time="3830" acceleration="1763"/>
    <motionState vehicle="2" speed="2883" time="3830" acceleration="-396"/>
    <motionState vehicle="3" speed="2742" time="3830" acceleration="-2620"/>
    <motionState vehicle="4" speed="5183" time="3830" acceleration="13636"/>
    <motionState vehicle="5" speed="2244" time="3830" acceleration="-756"/>
    <motionState vehicle="6" speed="2031" time="3830" acceleration="829"/>
    <motionState vehicle="7" speed="2054" time="3830" acceleration="1056"/>
    <motionState vehicle="8" speed="2100" time="3830" acceleration="1391"/>
    <motionState vehicle="9" speed="2181" time="3830" acceleration="1779"/>
    <motionState vehicle="10" speed="2301" time="3830" acceleration="2125"/>
    <motionState vehicle="11" speed="2455" time="3830" acceleration="2373"/>
    <motionState vehicle="0" speed="2636" time="3840" acceleration="2377"/>
    <motionState vehicle="1" speed="2796" time="3840" acceleration="1735"/>
    <motionState vehicle="2" speed="2882" time="3840" acceleration="-426"/>
    <motionState vehicle="3" speed="2739" time="3840" acceleration="-2625"/>
    <motionState vehicle="4" speed="5197" time="3840" acceleration="13636"/>
    <motionState vehicle="5" speed="2243" time="3840" acceleration="-754"/>
    <motionState vehicle="6" speed="2032" time="3840" acceleration="826"/>
    <motionState vehicle="7" speed="2055" time="3840" acceleration="1053"/>
    <motionState vehicle="8" speed="2101" time="3840" acceleration="1389"/>
    <motionState vehicle="9" speed="2183" time="3840" acceleration="1776"/>
    <motionState vehicle="10" speed="2303" time="3840" acceleration="2122"/>
    <motionState vehicle="11" speed="2458" time="3840" acceleration="2368"/>
    <motionState vehicle="0" speed="2638" time="3850" acceleration="2364"/>
    <motionState vehicle="1" speed="2798" time="3850" acceleration="1708"/>
    <motionState vehicle="2" speed="2882" time="3850" acceleration="-455"/>
    <motionState vehicle="3" speed="2736" time="3850" acceleration="-2629"/>
    <motionState vehicle="4" speed="5210" time="3850" acceleration="13636"/>
    <motionState vehicle="5" speed="2243" time="3850" acceleration="-752"/>
    <motionState vehicle="6" speed="2033" time="3850" acceleration="822"/>
    <motionState vehicle="7" speed="2056" time="3850" acceleration="1051"/>
    <motionState vehicle="8" speed="2103" time="3850" acceleration="1388"/>
    <motionState vehicle="9" speed="2184" time="3850" acceleration="1774"/>
    <motionState vehicle="10" speed="2305" time="3850" acceleration="2119"/>
    <motionState vehicle="11" speed="2460" time="3850" acceleration="2363"/>
    <motionState vehicle="0" speed="2640" time="3860" acceleration="2351"/>
    <motionState vehicle="1" speed="2800" time="3860" acceleration="1680"/>
    <motionState vehicle="2" speed="2881" time="3860" acceleration="-484"/>
    <motionState vehicle="3" speed="2734" time="3860" acceleration="-2633"/>
    <motionState vehicle="4" speed="5224" time="3860" acceleration="13636"/>
    <motionState vehicle="5" speed="2242" time="3860" acceleration="-750"/>
    <motionState vehicle="6" speed="2033" time="3860" acceleration="819"/>
    <motionState vehicle="7" speed="2057" time="3860" acceleration="1049"/>
    <motionState vehicle="8" speed="2104" time="3860" acceleration="1386"/>
    <motionState vehicle="9" speed="2186" time="3860" acceleration="1772"/>
    <motionState vehicle="10" speed="2307" time="3860" acceleration="2116"/>
    <motionState vehicle="11" speed="2462" time="3860" acceleration="2357"/>
    <motionState vehicle="0" speed="2643" time="3870" acceleration="2338"/>
    <motionState vehicle="1" speed="2801" time="3870" acceleration="1653"/>
    <motionState vehicle="2" speed="2881" time="3870" acceleration="-512"/>
    <motionState vehicle="3" speed="2731" time="3870" acceleration="-2637"/>
    <motionState vehicle="4" speed="5238" time="3870" acceleration="13636"/>
    <motionState vehicle="5" speed="2241" time="3870" acceleration="-748"/>
    <motionState vehicle="6" speed="2034" time="3870" acceleration="816"/>
    <motionState vehicle="7" speed="2058" time="3870" acceleration="1047"/>
    <motionState vehicle="8" speed="2106" time="3870" acceleration="1384"/>
    <motionState vehicle="9" speed="2188" time="3870" acceleration="1770"/>
    <motionState vehicle="10" speed="2309" time="3870" acceleration="2113"/>
    <motionState vehicle="11" speed="2465" time="3870" acceleration="2352"/>
    <motionState vehicle="0" speed="2645" time="3880" acceleration="2325"/>
    <motionState vehicle="1" speed="2803" time="3880" acceleration="1625"/>
    <motionState vehicle="2" speed="2880" time="3880" acceleration="-540"/>
    <motionState vehicle="3" speed="2729" time="3880" acceleration="-2640"/>
    <motionState vehicle="4" speed="5251" time="3880" acceleration="13636"/>
    <motionState vehicle="5" speed="2240" time="3880" acceleration="-746"/>
    <motionState vehicle="6" speed="2035" time="3880" acceleration="813"/>
    <motionState vehicle="7" speed="2059" time="3880" acceleration="1045"/>
    <motionState vehicle="8" speed="2107" time="3880" acceleration="1383"/>
    <motionState vehicle="9" speed="2190" time="3880" acceleration="1768"/>
    <motionState vehicle="10" speed="2311" time="3880" acceleration="2110"/>
    <motionState vehicle="11" speed="2467" time="3880" acceleration="2347"/>
    <motionState vehicle="0" speed="2647" time="3890" acceleration="2312"/>
    <motionState vehicle="1" speed="2804" time="3890" acceleration="1598"/>
    <motionState vehicle="2" speed="2880" time="3890" acceleration="-568"/>
    <motionState vehicle="3" speed="2726" time="3890" acceleration="-2643"/>
    <motionState vehicle="4" speed="5265" time="3890" acceleration="13636"/>
    <motionState vehicle="5" speed="2240" time="3890" acceleration="-743"/>
    <motionState vehicle="6" speed="2036" time="3890" acceleration="810"/>
    <motionState vehicle="7" speed="2060" time="3890" acceleration="1043"/>
    <motionState vehicle="8" speed="2108" time="3890" acceleration="1381"/>
    <motionState vehicle="9" speed="2191" time="3890" acceleration="1767"/>
    <motionState vehicle="10" speed="2314" time="3890" acceleration="2107"/>
    <motionState vehicle="11" speed="2469" time="3890" acceleration="2341"/>
    <motionState vehicle="0" speed="2650" time="3900" acceleration="2299"/>
    <motionState vehicle="1" speed="2806" time="3900" acceleration="1570"/>
    <motionState vehicle="2" speed="2879" time="3900" acceleration="-596"/>
    <motionState vehicle="3" speed="2723" time="3900" acceleration="-2646"/>
    <motionState vehicle="4" speed="5278" time="3900" acceleration="13636"/>
    <motionState vehicle="5" speed="2239" time="3900" acceleration="-741"/>
    <motionState vehicle="6" speed="2037" time="3900" acceleration="806"/>
    <motionState vehicle="7" speed="2061" time="3900" acceleration="1041"/>
    <motionState vehicle="8" speed="2110" time="3900" acceleration="1380"/>
    <motionState vehicle="9" speed="2193" time="3900" acceleration="1765"/>
    <motionState vehicle="10" speed="2316" time="3900" acceleration="2104"/>
    <motionState vehicle="11" speed="2472" time="3900" acceleration="2336"/>
    <motionState vehicle="0" speed="2652" time="3910" acceleration="2285"/>
    <motionState vehicle="1" speed="2808" time="3910" acceleration="1543"/>
    <motionState vehicle="2" speed="2878" time="3910" acceleration="-623"/>
    <motionState vehicle="3" speed="2721" time="3910" acceleration="-2649"/>
    <motionState vehicle="4" speed="5292" time="3910" acceleration="13636"/>
    <motionState vehicle="5" speed="2238" time="3910" acceleration="-739"/>
    <motionState vehicle="6" speed="2038" time="3910" acceleration="803"/>
    <motionState vehicle="7" speed="2062" time="3910" acceleration="1039"/>
    <motionState vehicle="8" speed="2111" time="3910" acceleration="1378"/>
    <motionState vehicle="9" speed="2195" time="3910" acceleration="1763"/>
    <motionState vehicle="10" speed="2318" time="3910" acceleration="2101"/>
    <motionState vehicle="11" speed="2474" time="3910" acceleration="2331"/>
    <motionState vehicle="0" speed="2654" time="3920" acceleration="2272"/>
    <motionState vehicle="1" speed="2809" time="3920" acceleration="1516"/>
    <motionState vehicle="2" speed="2878" time="3920" acceleration="-650"/>
    <motionState vehicle="3" speed="2718" time="3920" acceleration="-2651"/>
    <motionState vehicle="4" speed="5306" time="3920" acceleration="13636"/>
    <motionState vehicle="5" speed="2237" time="3920" acceleration="-736"/>
    <motionState vehicle="6" speed="2038" time="3920" acceleration="801"/>
    <motionState vehicle="7" speed="2063" time="3920" acceleration="1037"/>
    <motionState vehicle="8" speed="2112" time="3920" acceleration="1377"/>
    <motionState vehicle="9" speed="2197" time="3920" acceleration="1761"/>
    <motionState vehicle="10" speed="2320" time="3920" acceleration="2099"/>
    <motionState vehicle="11" speed="2476" time="3920" acceleration="2325"/>
    <motionState vehicle="0" speed="2656" time="3930" acceleration="2259"/>
    <motionState vehicle="1" speed="2811" time="3930" acceleration="1488"/>
    <motionState vehicle="2" speed="2877" time="3930" acceleration="-677"/>
    <motionState vehicle="3" speed="2715" time="3930" acceleration="-2653"/>
    <motionState vehicle="4" speed="5319" time="3930" acceleration="13636"/>
    <motionState vehicle="5" speed="2237" time="3930" acceleration="-733"/>
    <motionState vehicle="6" speed="2039" time="3930" acceleration="798"/>
    <motionState vehicle="7" speed="2064" time="3930" acceleration="1035"/>
    <motionState vehicle="8" speed="2114" time="3930" acceleration="1375"/>
    <motionState vehicle="9" speed="2199" time="3930" acceleration="1759"/>
    <motionState vehicle="10" speed="2322" time="3930" acceleration="2096"/>
    <motionState vehicle="11" speed="2479" time="3930" acceleration="2320"/>
    <motionState vehicle="0" speed="2659" time="3940" acceleration="2245"/>
    <motionState vehicle="1" speed="2812" time="3940" acceleration="1461"/>
    <motionState vehicle="2" speed="2876" time="3940" acceleration="-704"/>
    <motionState vehicle="3" speed="2713" time="3940" acceleration="-2655"/>
    <motionState vehicle="4" speed="5333" time="3940" acceleration="13636"/>
    <motionState vehicle="5" speed="2236" time="3940" acceleration="-731"/>
    <motionState vehicle="6" speed="2040" time="3940" acceleration="795"/>
    <motionState vehicle="7" speed="2065" time="3940" acceleration="1033"/>
    <motionState vehicle="8" speed="2115" time="3940" acceleration="1374"/>
    <motionState vehicle="9" speed="2200" time="3940" acceleration="1758"/>
    <motionState vehicle="10" speed="2324" time="3940" acceleration="2093"/>
    <motionState vehicle="11" speed="2481" time="3940" acceleration="2314"/>
    <motionState vehicle="0" speed="2661" time="3950" acceleration="2231"/>
    <motionState vehicle="1" speed="2813" time="3950" acceleration="1434"/>
    <motionState vehicle="2" speed="2876" time="3950" acceleration="-730"/>
    <motionState vehicle="3" speed="2710" time="3950" acceleration="-2657"/>
    <motionState vehicle="4" speed="5347" time="3950" acceleration="13636"/>
    <motionState vehicle="5" speed="2235" time="3950" acceleration="-728"/>
    <motionState vehicle="6" speed="2041" time="3950" acceleration="792"/>
    <motionState vehicle="7" speed="2066" time="3950" acceleration="1031"/>
    <motionState vehicle="8" speed="2117" time="3950" acceleration="1373"/>
    <motionState vehicle="9" speed="2202" time="3950" acceleration="1756"/>
    <motionState vehicle="10" speed="2326" time="3950" acceleration="2090"/>
    <motionState vehicle="11" speed="2483" time="3950" acceleration="2309"/>
    <motionState vehicle="0" speed="2663" time="3960" acceleration="2218"/>
    <motionState vehicle="1" speed="2815" time="3960" acceleration="1407"/>
    <motionState vehicle="2" speed="2875" time="3960" acceleration="-756"/>
    <motionState vehicle="3" speed="2707" time="3960" acceleration="-2658"/>
    <motionState vehicle="4" speed="5360" time="3960" acceleration="13636"/>
    <motionState vehicle="5" speed="2234" time="3960" acceleration="-725"/>
    <motionState vehicle="6" speed="2042" time="3960" acceleration="789"/>
    <motionState vehicle="7" speed="2067" time="3960" acceleration="1030"/>
    <motionState vehicle="8" speed="2118" time="3960" acceleration="1372"/>
    <motionState vehicle="9" speed="2204" time="3960" acceleration="1754"/>
    <motionState vehicle="10" speed="2328" time="3960" acceleration="2087"/>
    <motionState vehicle="11" speed="2486" time="3960" acceleration="2303"/>
    <motionState vehicle="0" speed="2665" time="3970" acceleration="2204"/>
    <motionState vehicle="1" speed="2816" time="3970" acceleration="1380"/>
    <motionState vehicle="2" speed="2874" time="3970" acceleration="-782"/>
    <motionState vehicle="3" speed="2705" time="3970" acceleration="-2660"/>
    <motionState vehicle="4" speed="5374" time="3970" acceleration="13636"/>
    <motionState vehicle="5" speed="2234" time="3970" acceleration="-723"/>
    <motionState vehicle="6" speed="2042" time="3970" acceleration="787"/>
    <motionState vehicle="7" speed="2068" time="3970" acceleration="1028"/>
    <motionState vehicle="8" speed="2119" time="3970" acceleration="1370"/>
    <motionState vehicle="9" speed="2206" time="3970" acceleration="1753"/>
    <motionState vehicle="10" speed="2330" time="3970" acceleration="2085"/>
    <motionState vehicle="11" speed="2488" time="3970" acceleration="2298"/>
    <motionState vehicle="0" speed="2667" time="3980" acceleration="2190"/>
    <motionState vehicle="1" speed="2818" time="3980" acceleration="1353"/>
    <motionState vehicle="2" speed="2873" time="3980" acceleration="-807"/>
    <motionState vehicle="3" speed="2702" time="3980" acceleration="-2661"/>
    <motionState vehicle="4" speed="5388" time="3980" acceleration="13636"/>
    <motionState vehicle="5" speed="2233" time="3980" acceleration="-720"/>
    <motionState vehicle="6" speed="2043" time="3980" acceleration="784"/>
    <motionState vehicle="7" speed="2069" time="3980" acceleration="1026"/>
    <motionState vehicle="8" speed="2121" time="3980" acceleration="1369"/>
    <motionState vehicle="9" speed="2207" time="3980" acceleration="1751"/>
    <motionState vehicle="10" speed="2332" time="3980" acceleration="2082"/>
    <motionState vehicle="11" speed="2490" time="3980" acceleration="2292"/>
    <motionState vehicle="0" speed="2670" time="3990" acceleration="2176"/>
    <motionState vehicle="1" speed="2819" time="3990" acceleration="1326"/>
    <motionState vehicle="2" speed="2872" time="3990" acceleration="-832"/>
    <motionState vehicle="3" speed="2699" time="3990" acceleration="-2661"/>
    <motionState vehicle="4" speed="5401" time="3990" acceleration="13636"/>
    <motionState vehicle="5" speed="2232" time="3990" acceleration="-717"/>
    <motionState vehicle="6" speed="2044" time="3990" acceleration="782"/>
    <motionState vehicle="7" speed="2070" time="3990" acceleration="1025"/>
    <motionState vehicle="8" speed="2122" time="3990" acceleration="1368"/>
    <motionState vehicle="9" speed="2209" time="3990" acceleration="1750"/>
    <motionState vehicle="10" speed="2335" time="3990" acceleration="2079"/>
    <motionState vehicle="11" speed="2492" time="3990" acceleration="2286"/>
    <motionState vehicle="0" speed="2672" time="4000" acceleration="2162"/>
    <motionState vehicle="1" speed="2820" time="4000" acceleration="1299"/>
    <motionState vehicle="2" speed="2872" time="4000" acceleration="-857"/>
    <motionState vehicle="3" speed="2697" time="4000" acceleration="-2662"/>
    <motionState vehicle="4" speed="5415" time="4000" acceleration="13636"/>
    <motionState vehicle="5" speed="2232" time="4000" acceleration="-714"/>
    <motionState vehicle="6" speed="2045" time="4000" acceleration="779"/>
    <motionState vehicle="7" speed="2071" time="4000" acceleration="1023"/>
    <motionState vehicle="8" speed="2123" time="4000" acceleration="1367"/>
    <motionState vehicle="9" speed="2211" time="4000" acceleration="1748"/>
    <motionState vehicle="10" speed="2337" time="4000" acceleration="2077"/>
    <motionState vehicle="11" speed="2495" time="4000" acceleration="2281"/>
    <motionState vehicle="0" speed="2674" time="4010" acceleration="2148"/>
    <motionState vehicle="1" speed="2821" time="4010" acceleration="1273"/>
    <motionState vehicle="2" speed="2871" time="4010" acceleration="-881"/>
    <motionState vehicle="3" speed="2694" time="4010" acceleration="-2662"/>
    <motionState vehicle="4" speed="5428" time="4010" acceleration="13636"/>
    <motionState vehicle="5" speed="2231" time="4010" acceleration="-711"/>
    <motionState vehicle="6" speed="2045" time="4010" acceleration="777"/>
    <motionState vehicle="7" speed="2072" time="4010" acceleration="1022"/>
    <motionState vehicle="8" speed="2125" time="4010" acceleration="1366"/>
    <motionState vehicle="9" speed="2213" time="4010" acceleration="1747"/>
    <motionState vehicle="10" speed="2339" time="4010" acceleration="2074"/>
    <motionState vehicle="11" speed="2497" time="4010" acceleration="2275"/>
    <motionState vehicle="0" speed="2676" time="4020" acceleration="2134"/>
    <motionState vehicle="1" speed="2823" time="4020" acceleration="1246"/>
    <motionState vehicle="2" speed="2870" time="4020" acceleration="-906"/>
    <motionState vehicle="3" speed="2691" time="4020" acceleration="-2662"/>
    <motionState vehicle="4" speed="5442" time="4020" acceleration="13636"/>
    <motionState vehicle="5" speed="2230" time="4020" acceleration="-707"/>
    <motionState vehicle="6" speed="2046" time="4020" acceleration="774"/>
    <motionState vehicle="7" speed="2073" time="4020" acceleration="1021"/>
    <motionState vehicle="8" speed="2126" time="4020" acceleration="1365"/>
    <motionState vehicle="9" speed="2214" time="4020" acceleration="1745"/>
    <motionState vehicle="10" speed="2341" time="4020" acceleration="2071"/>
    <motionState vehicle="11" speed="2499" time="4020" acceleration="2269"/>
    <motionState vehicle="0" speed="2678" time="4030" acceleration="2120"/>
    <motionState vehicle="1" speed="2824" time="4030" acceleration="1219"/>
    <motionState vehicle="2" speed="2869" time="4030" acceleration="-930"/>
    <motionState vehicle="3" speed="2689" time="4030" acceleration="-2662"/>
    <motionState vehicle="4" speed="5456" time="4030" acceleration="13636"/>
    <motionState vehicle="5" speed="2229" time="4030" acceleration="-704"/>
    <motionState vehicle="6" speed="2047" time="4030" acceleration="772"/>
    <motionState vehicle="7" speed="2074" time="4030" acceleration="1019"/>
    <motionState vehicle="8" speed="2128" time="4030" acceleration="1364"/>
    <motionState vehicle="9" speed="2216" time="4030" acceleration="1744"/>
    <motionState vehicle="10" speed="2343" time="4030" acceleration="2069"/>
    <motionState vehicle="11" speed="2501" time="4030" acceleration="2263"/>
    <motionState vehicle="0" speed="2680" time="4040" acceleration="2106"/>
    <motionState vehicle="1" speed="2825" time="4040" acceleration="1193"/>
    <motionState vehicle="2" speed="2868" time="4040" acceleration="-953"/>
    <motionState vehicle="3" speed="2686" time="4040" acceleration="-2662"/>
    <motionState vehicle="4" speed="5469" time="4040" acceleration="13636"/>
    <motionState vehicle="5" speed="2229" time="4040" acceleration="-701"/>
    <motionState vehicle="6" speed="2048" time="4040" acceleration="770"/>
    <motionState vehicle="7" speed="2075" time="4040" acceleration="1018"/>
    <motionState vehicle="8" speed="2129" time="4040" acceleration="1363"/>
    <motionState vehicle="9" speed="2218" time="4040" acceleration="1742"/>
    <motionState vehicle="10" speed="2345" time="4040" acceleration="2066"/>
    <motionState vehicle="11" speed="2504" time="4040" acceleration="2258"/>
    <motionState vehicle="0" speed="2682" time="4050" acceleration="2092"/>
    <motionState vehicle="1" speed="2826" time="4050" acceleration="1166"/>
    <motionState vehicle="2" speed="2867" time="4050" acceleration="-977"/>
    <motionState vehicle="3" speed="2683" time="4050" acceleration="-2662"/>
    <motionState vehicle="4" speed="5483" time="4050" acceleration="13636"/>
    <motionState vehicle="5" speed="2228" time="4050" acceleration="-698"/>
    <motionState vehicle="6" speed="2048" time="4050" acceleration="767"/>
    <motionState vehicle="7" speed="2076" time="4050" acceleration="1017"/>
    <motionState vehicle="8" speed="2130" time="4050" acceleration="1362"/>
    <motionState vehicle="9" speed="2220" time="4050" acceleration="1741"/>
    <motionState vehicle="10" speed="2347" time="4050" acceleration="2064"/>
    <motionState vehicle="11" speed="2506" time="4050" acceleration="2252"/>
    <motionState vehicle="0" speed="2684" time="4060" acceleration="2077"/>
    <motionState vehicle="1" speed="2827" time="4060" acceleration="1140"/>
    <motionState vehicle="2" speed="2866" time="4060" acceleration="-1000"/>
    <motionState vehicle="3" speed="2681" time="4060" acceleration="-2661"/>
    <motionState vehicle="4" speed="5497" time="4060" acceleration="13636"/>
    <motionState vehicle="5" speed="2227" time="4060" acceleration="-694"/>
    <motionState vehicle="6" speed="2049" time="4060" acceleration="765"/>
    <motionState vehicle="7" speed="2077" time="4060" acceleration="1015"/>
    <motionState vehicle="8" speed="2132" time="4060" acceleration="1362"/>
    <motionState vehicle="9" speed="2221" time="4060" acceleration="1740"/>
    <motionState vehicle="10" speed="2349" time="4060" acceleration="2061"/>
    <motionState vehicle="11" speed="2508" time="4060" acceleration="2246"/>
    <motionState vehicle="0" speed="2687" time="4070" acceleration="2063"/>
    <motionState vehicle="1" speed="2829" time="4070" acceleration="1114"/>
    <motionState vehicle="2" speed="2865" time="4070" acceleration="-1023"/>
    <motionState vehicle="3" speed="2678" time="4070" acceleration="-2660"/>
    <motionState vehicle="4" speed="5510" time="4070" acceleration="13636"/>
    <motionState vehicle="5" speed="2227" time="4070" acceleration="-691"/>
    <motionState vehicle="6" speed="2050" time="4070" acceleration="763"/>
    <motionState vehicle="7" speed="2078" time="4070" acceleration="1014"/>
    <motionState vehicle="8" speed="2133" time="4070" acceleration="1361"/>
    <motionState vehicle="9" speed="2223" time="4070" acceleration="1738"/>
    <motionState vehicle="10" speed="2351" time="4070" acceleration="2058"/>
    <motionState vehicle="11" speed="2510" time="4070" acceleration="2240"/>
    <motionState vehicle="0" speed="2689" time="4080" acceleration="2048"/>
    <motionState vehicle="1" speed="2830" time="4080" acceleration="1087"/>
    <motionState vehicle="2" speed="2864" time="4080" acceleration="-1045"/>
    <motionState vehicle="3" speed="2675" time="4080" acceleration="-2659"/>
    <motionState vehicle="4" speed="5524" time="4080" acceleration="13636"/>
    <motionState vehicle="5" speed="2226" time="4080" acceleration="-687"/>
    <motionState vehicle="6" speed="2051" time="4080" acceleration="761"/>
    <motionState vehicle="7" speed="2079" time="4080" acceleration="1013"/>
    <motionState vehicle="8" speed="2134" time="4080" acceleration="1360"/>
    <motionState vehicle="9" speed="2225" time="4080" acceleration="1737"/>
    <motionState vehicle="10" speed="2353" time="4080" acceleration="2056"/>
    <motionState vehicle="11" speed="2513" time="4080" acceleration="2234"/>
    <motionState vehicle="0" speed="2691" time="4090" acceleration="2034"/>
    <motionState vehicle="1" speed="2831" time="4090" acceleration="1061"/>
    <motionState vehicle="2" speed="2863" time="4090" acceleration="-1068"/>
    <motionState vehicle="3" speed="2673" time="4090" acceleration="-2658"/>
    <motionState vehicle="4" speed="5538" time="4090" acceleration="13636"/>
    <motionState vehicle="5" speed="2225" time="4090" acceleration="-684"/>
    <motionState vehicle="6" speed="2052" time="4090" acceleration="759"/>
    <motionState vehicle="7" speed="2080" time="4090" acceleration="1012"/>
    <motionState vehicle="8" speed="2136" time="4090" acceleration="1359"/>
    <motionState vehicle="9" speed="2226" time="4090" acceleration="1736"/>
    <motionState vehicle="10" speed="2355" time="4090" acceleration="2053"/>
    <motionState vehicle="11" speed="2515" time="4090" acceleration="2228"/>
    <motionState vehicle="0" speed="2693" time="4100" acceleration="2019"/>
    <motionState vehicle="1" speed="2832" time="4100" acceleration="1035"/>
    <motionState vehicle="2" speed="2862" time="4100" acceleration="-1090"/>
    <motionState vehicle="3" speed="2670" time="4100" acceleration="-2656"/>
    <motionState vehicle="4" speed="5551" time="4100" acceleration="13636"/>
    <motionState vehicle="5" speed="2225" time="4100" acceleration="-680"/>
    <motionState vehicle="6" speed="2052" time="4100" acceleration="757"/>
    <motionState vehicle="7" speed="2081" time="4100" acceleration="1011"/>
    <motionState vehicle="8" speed="2137" time="4100" acceleration="1359"/>
    <motionState vehicle="9" speed="2228" time="4100" acceleration="1735"/>
    <motionState vehicle="10" speed="2357" time="4100" acceleration="2051"/>
    <motionState vehicle="11" speed="2517" time="4100" acceleration="2222"/>
    <motionState vehicle="0" speed="2695" time="4110" acceleration="2005"/>
    <motionState vehicle="1" speed="2833" time="4110" acceleration="1009"/>
    <motionState vehicle="2" speed="2861" time="4110" acceleration="-1111"/>
    <motionState vehicle="3" speed="2667" time="4110" acceleration="-2655"/>
    <motionState vehicle="4" speed="5565" time="4110" acceleration="13636"/>
    <motionState vehicle="5" speed="2224" time="4110" acceleration="-677"/>
    <motionState vehicle="6" speed="2053" time="4110" acceleration="755"/>
    <motionState vehicle="7" speed="2082" time="4110" acceleration="1010"/>
    <motionState vehicle="8" speed="2138" time="4110" acceleration="1358"/>
    <motionState vehicle="9" speed="2230" time="4110" acceleration="1734"/>
    <motionState vehicle="10" speed="2359" time="4110" acceleration="2048"/>
    <motionState vehicle="11" speed="2519" time="4110" acceleration="2216"/>
    <motionState vehicle="0" speed="2697" time="4120" acceleration="1990"/>
    <motionState vehicle="1" speed="2834" time="4120" acceleration="983"/>
    <motionState vehicle="2" speed="2860" time="4120" acceleration="-1133"/>
    <motionState vehicle="3" speed="2665" time="4120" acceleration="-2653"/>
    <motionState vehicle="4" speed="5578" time="4120" acceleration="13636"/>
    <motionState vehicle="5" speed="2223" time="4120" acceleration="-673"/>
    <motionState vehicle="6" speed="2054" time="4120" acceleration="753"/>
    <motionState vehicle="7" speed="2083" time="4120" acceleration="1009"/>
    <motionState vehicle="8" speed="2140" time="4120" acceleration="1357"/>
    <motionState vehicle="9" speed="2232" time="4120" acceleration="1732"/>
    <motionState vehicle="10" speed="2361" time="4120" acceleration="2046"/>
    <motionState vehicle="11" speed="2522" time="4120" acceleration="2210"/>
    <motionState vehicle="0" speed="2699" time="4130" acceleration="1975"/>
    <motionState vehicle="1" speed="2835" time="4130" acceleration="957"/>
    <motionState vehicle="2" speed="2858" time="4130" acceleration="-1154"/>
    <motionState vehicle="3" speed="2662" time="4130" acceleration="-2651"/>
    <motionState vehicle="4" speed="5592" time="4130" acceleration="13636"/>
    <motionState vehicle="5" speed="2223" time="4130" acceleration="-669"/>
    <motionState vehicle="6" speed="2055" time="4130" acceleration="751"/>
    <motionState vehicle="7" speed="2084" time="4130" acceleration="1008"/>
    <motionState vehicle="8" speed="2141" time="4130" acceleration="1357"/>
    <motionState vehicle="9" speed="2233" time="4130" acceleration="1731"/>
    <motionState vehicle="10" speed="2363" time="4130" acceleration="2043"/>
    <motionState vehicle="11" speed="2524" time="4130" acceleration="2204"/>
    <motionState vehicle="0" speed="2701" time="4140" acceleration="1960"/>
    <motionState vehicle="1" speed="2836" time="4140" acceleration="932"/>
    <motionState vehicle="2" speed="2857" time="4140" acceleration="-1175"/>
    <motionState vehicle="3" speed="2659" time="4140" acceleration="-2649"/>
    <motionState vehicle="4" speed="5606" time="4140" acceleration="13636"/>
    <motionState vehicle="5" speed="2222" time="4140" acceleration="-666"/>
    <motionState vehicle="6" speed="2055" time="4140" acceleration="750"/>
    <motionState vehicle="7" speed="2086" time="4140" acceleration="1007"/>
    <motionState vehicle="8" speed="2142" time="4140" acceleration="1356"/>
    <motionState vehicle="9" speed="2235" time="4140" acceleration="1730"/>
    <motionState vehicle="10" speed="2365" time="4140" acceleration="2041"/>
    <motionState vehicle="11" speed="2526" time="4140" acceleration="2197"/>
    <motionState vehicle="0" speed="2703" time="4150" acceleration="1945"/>
    <motionState vehicle="1" speed="2837" time="4150" acceleration="906"/>
    <motionState vehicle="2" speed="2856" time="4150" acceleration="-1196"/>
    <motionState vehicle="3" speed="2657" time="4150" acceleration="-2646"/>
    <motionState vehicle="4" speed="5619" time="4150" acceleration="13636"/>
    <motionState vehicle="5" speed="2221" time="4150" acceleration="-662"/>
    <motionState vehicle="6" speed="2056" time="4150" acceleration="748"/>
    <motionState vehicle="7" speed="2087" time="4150" acceleration="1007"/>
    <motionState vehicle="8" speed="2144" time="4150" acceleration="1356"/>
    <motionState vehicle="9" speed="2237" time="4150" acceleration="1729"/>
    <motionState vehicle="10" speed="2367" time="4150" acceleration="2038"/>
    <motionState vehicle="11" speed="2528" time="4150" acceleration="2191"/>
    <motionState vehicle="0" speed="2704" time="4160" acceleration="1930"/>
    <motionState vehicle="1" speed="2837" time="4160" acceleration="880"/>
    <motionState vehicle="2" speed="2855" time="4160" acceleration="-1216"/>
    <motionState vehicle="3" speed="2654" time="4160" acceleration="-2644"/>
    <motionState vehicle="4" speed="5633" time="4160" acceleration="13636"/>
    <motionState vehicle="5" speed="2221" time="4160" acceleration="-658"/>
    <motionState vehicle="6" speed="2057" time="4160" acceleration="746"/>
    <motionState vehicle="7" speed="2088" time="4160" acceleration="1006"/>
    <motionState vehicle="8" speed="2145" time="4160" acceleration="1355"/>
    <motionState vehicle="9" speed="2239" time="4160" acceleration="1728"/>
    <motionState vehicle="10" speed="2369" time="4160" acceleration="2036"/>
    <motionState vehicle="11" speed="2530" time="4160" acceleration="2185"/>
    <motionState vehicle="0" speed="2706" time="4170" acceleration="1915"/>
    <motionState vehicle="1" speed="2838" time="4170" acceleration="855"/>
    <motionState vehicle="2" speed="2854" time="4170" acceleration="-1236"/>
    <motionState vehicle="3" speed="2651" time="4170" acceleration="-2641"/>
    <motionState vehicle="4" speed="5647" time="4170" acceleration="13636"/>
    <motionState vehicle="5" speed="2220" time="4170" acceleration="-654"/>
    <motionState vehicle="6" speed="2058" time="4170" acceleration="745"/>
    <motionState vehicle="7" speed="2089" time="4170" acceleration="1005"/>
    <motionState vehicle="8" speed="2147" time="4170" acceleration="1355"/>
    <motionState vehicle="9" speed="2240" time="4170" acceleration="1727"/>
    <motionState vehicle="10" speed="2371" time="4170" acceleration="2033"/>
    <motionState vehicle="11" speed="2533" time="4170" acceleration="2178"/>
    <motionState vehicle="0" speed="2708" time="4180" acceleration="1900"/>
    <motionState vehicle="1" speed="2839" time="4180" acceleration="830"/>
    <motionState vehicle="2" speed="2852" time="4180" acceleration="-1256"/>
    <motionState vehicle="3" speed="2649" time="4180" acceleration="-2638"/>
    <motionState vehicle="4" speed="5660" time="4180" acceleration="13636"/>
    <motionState vehicle="5" speed="2219" time="4180" acceleration="-650"/>
    <motionState vehicle="6" speed="2058" time="4180" acceleration="743"/>
    <motionState vehicle="7" speed="2090" time="4180" acceleration="1004"/>
    <motionState vehicle="8" speed="2148" time="4180" acceleration="1354"/>
    <motionState vehicle="9" speed="2242" time="4180" acceleration="1726"/>
    <motionState vehicle="10" speed="2374" time="4180" acceleration="2030"/>
    <motionState vehicle="11" speed="2535" time="4180" acceleration="2172"/>
    <motionState vehicle="0" speed="2710" time="4190" acceleration="1885"/>
    <motionState vehicle="1" speed="2840" time="4190" acceleration="804"/>
    <motionState vehicle="2" speed="2851" time="4190" acceleration="-1276"/>
    <motionState vehicle="3" speed="2646" time="4190" acceleration="-2635"/>
    <motionState vehicle="4" speed="5674" time="4190" acceleration="13636"/>
    <motionState vehicle="5" speed="2219" time="4190" acceleration="-646"/>
    <motionState vehicle="6" speed="2059" time="4190" acceleration="741"/>
    <motionState vehicle="7" speed="2091" time="4190" acceleration="1004"/>
    <motionState vehicle="8" speed="2149" time="4190" acceleration="1354"/>
    <motionState vehicle="9" speed="2244" time="4190" acceleration="1725"/>
    <motionState vehicle="10" speed="2376" time="4190" acceleration="2028"/>
    <motionState vehicle="11" speed="2537" time="4190" acceleration="2166"/>
    <motionState vehicle="0" speed="2712" time="4200" acceleration="1870"/>
    <motionState vehicle="1" speed="2841" time="4200" acceleration="779"/>
    <motionState vehicle="2" speed="2850" time="4200" acceleration="-1295"/>
    <motionState vehicle="3" speed="2644" time="4200" acceleration="-2632"/>
    <motionState vehicle="4" speed="5688" time="4200" acceleration="13636"/>
    <motionState vehicle="5" speed="2218" time="4200" acceleration="-642"/>
    <motionState vehicle="6" speed="2060" time="4200" acceleration="740"/>
    <motionState vehicle="7" speed="2092" time="4200" acceleration="1003"/>
    <motionState vehicle="8" speed="2151" time="4200" acceleration="1354"/>
    <motionState vehicle="9" speed="2246" time="4200" acceleration="1724"/>
    <motionState vehicle="10" speed="2378" time="4200" acceleration="2025"/>
    <motionState vehicle="11" speed="2539" time="4200" acceleration="2159"/>
    <motionState vehicle="0" speed="2714" time="4210" acceleration="1855"/>
    <motionState vehicle="1" speed="2841" time="4210" acceleration="754"/>
    <motionState vehicle="2" speed="2848" time="4210" acceleration="-1314"/>
    <motionState vehicle="3" speed="2641" time="4210" acceleration="-2629"/>
    <motionState vehicle="4" speed="5701" time="4210" acceleration="13636"/>
    <motionState vehicle="5" speed="2217" time="4210" acceleration="-638"/>
    <motionState vehicle="6" speed="2061" time="4210" acceleration="739"/>
    <motionState vehicle="7" speed="2093" time="4210" acceleration="1003"/>
    <motionState vehicle="8" speed="2152" time="4210" acceleration="1353"/>
    <motionState vehicle="9" speed="2247" time="4210" acceleration="1723"/>
    <motionState vehicle="10" speed="2380" time="4210" acceleration="2023"/>
    <motionState vehicle="11" speed="2541" time="4210" acceleration="2153"/>
    <motionState vehicle="0" speed="2716" time="4220" acceleration="1840"/>
    <motionState vehicle="1" speed="2842" time="4220" acceleration="729"/>
    <motionState vehicle="2" speed="2847" time="4220" acceleration="-1333"/>
    <motionState vehicle="3" speed="2638" time="4220" acceleration="-2625"/>
    <motionState vehicle="4" speed="5715" time="4220" acceleration="13636"/>
    <motionState vehicle="5" speed="2217" time="4220" acceleration="-634"/>
    <motionState vehicle="6" speed="2061" time="4220" acceleration="737"/>
    <motionState vehicle="7" speed="2094" time="4220" acceleration="1002"/>
    <motionState vehicle="8" speed="2153" time="4220" acceleration="1353"/>
    <motionState vehicle="9" speed="2249" time="4220" acceleration="1722"/>
    <motionState vehicle="10" speed="2382" time="4220" acceleration="2020"/>
    <motionState vehicle="11" speed="2543" time="4220" acceleration="2146"/>
    <motionState vehicle="0" speed="2718" time="4230" acceleration="1824"/>
    <motionState vehicle="1" speed="2843" time="4230" acceleration="704"/>
    <motionState vehicle="2" speed="2846" time="4230" acceleration="-1352"/>
    <motionState vehicle="3" speed="2636" time="4230" acceleration="-2622"/>
    <motionState vehicle="4" speed="5728" time="4230" acceleration="13636"/>
    <motionState vehicle="5" speed="2216" time="4230" acceleration="-630"/>
    <motionState vehicle="6" speed="2062" time="4230" acceleration="736"/>
    <motionState vehicle="7" speed="2095" time="4230" acceleration="1002"/>
    <motionState vehicle="8" speed="2155" time="4230" acceleration="1353"/>
    <motionState vehicle="9" speed="2251" time="4230" acceleration="1721"/>
    <motionState vehicle="10" speed="2384" time="4230" acceleration="2018"/>
    <motionState vehicle="11" speed="2545" time="4230" acceleration="2139"/>
    <motionState vehicle="0" speed="2719" time="4240" acceleration="1809"/>
    <motionState vehicle="1" speed="2844" time="4240" acceleration="679"/>
    <motionState vehicle="2" speed="2844" time="4240" acceleration="-1370"/>
    <motionState vehicle="3" speed="2633" time="4240" acceleration="-2618"/>
    <motionState vehicle="4" speed="5742" time="4240" acceleration="13636"/>
    <motionState vehicle="5" speed="2216" time="4240" acceleration="-626"/>
    <motionState vehicle="6" speed="2063" time="4240" acceleration="734"/>
    <motionState vehicle="7" speed="2096" time="4240" acceleration="1001"/>
    <motionState vehicle="8" speed="2156" time="4240" acceleration="1353"/>
    <motionState vehicle="9" speed="2252" time="4240" acceleration="1721"/>
    <motionState vehicle="10" speed="2386" time="4240" acceleration="2015"/>
    <motionState vehicle="11" speed="2548" time="4240" acceleration="2133"/>
    <motionState vehicle="0" speed="2721" time="4250" acceleration="1793"/>
    <motionState vehicle="1" speed="2844" time="4250" acceleration="654"/>
    <motionState vehicle="2" speed="2843" time="4250" acceleration="-1388"/>
    <motionState vehicle="3" speed="2630" time="4250" acceleration="-2614"/>
    <motionState vehicle="4" speed="5756" time="4250" acceleration="13636"/>
    <motionState vehicle="5" speed="2215" time="4250" acceleration="-622"/>
    <motionState vehicle="6" speed="2063" time="4250" acceleration="733"/>
    <motionState vehicle="7" speed="2097" time="4250" acceleration="1001"/>
    <motionState vehicle="8" speed="2157" time="4250" acceleration="1353"/>
    <motionState vehicle="9" speed="2254" time="4250" acceleration="1720"/>
    <motionState vehicle="10" speed="2388" time="4250" acceleration="2013"/>
    <motionState vehicle="11" speed="2550" time="4250" acceleration="2126"/>
    <motionState vehicle="0" speed="2723" time="4260" acceleration="1778"/>
    <motionState vehicle="1" speed="2845" time="4260" acceleration="630"/>
    <motionState vehicle="2" speed="2842" time="4260" acceleration="-1406"/>
    <motionState vehicle="3" speed="2628" time="4260" acceleration="-2610"/>
    <motionState vehicle="4" speed="5769" time="4260" acceleration="13636"/>
    <motionState vehicle="5" speed="2214" time="4260" acceleration="-618"/>
    <motionState vehicle="6" speed="2064" time="4260" acceleration="732"/>
    <motionState vehicle="7" speed="2098" time="4260" acceleration="1000"/>
    <motionState vehicle="8" speed="2159" time="4260" acceleration="1352"/>
    <motionState vehicle="9" speed="2256" time="4260" acceleration="1719"/>
    <motionState vehicle="10" speed="2390" time="4260" acceleration="2010"/>
    <motionState vehicle="11" speed="2552" time="4260" acceleration="2119"/>
    <motionState vehicle="0" speed="2725" time="4270" acceleration="1762"/>
    <motionState vehicle="1" speed="2845" time="4270" acceleration="605"/>
    <motionState vehicle="2" speed="2840" time="4270" acceleration="-1423"/>
    <motionState vehicle="3" speed="2625" time="4270" acceleration="-2605"/>
    <motionState vehicle="4" speed="5783" time="4270" acceleration="13636"/>
    <motionState vehicle="5" speed="2214" time="4270" acceleration="-613"/>
    <motionState vehicle="6" speed="2065" time="4270" acceleration="731"/>
    <motionState vehicle="7" speed="2099" time="4270" acceleration="1000"/>
    <motionState vehicle="8" speed="2160" time="4270" acceleration="1352"/>
    <motionState vehicle="9" speed="2258" time="4270" acceleration="1718"/>
    <motionState vehicle="10" speed="2392" time="4270" acceleration="2008"/>
    <motionState vehicle="11" speed="2554" time="4270" acceleration="2112"/>
    <motionState vehicle="0" speed="2726" time="4280" acceleration="1747"/>
    <motionState vehicle="1" speed="2846" time="4280" acceleration="581"/>
    <motionState vehicle="2" speed="2839" time="4280" acceleration="-1441"/>
    <motionState vehicle="3" speed="2623" time="4280" acceleration="-2601"/>
    <motionState vehicle="4" speed="5797" time="4280" acceleration="13636"/>
    <motionState vehicle="5" speed="2213" time="4280" acceleration="-609"/>
    <motionState vehicle="6" speed="2066" time="4280" acceleration="730"/>
    <motionState vehicle="7" speed="2100" time="4280" acceleration="1000"/>
    <motionState vehicle="8" speed="2161" time="4280" acceleration="1352"/>
    <motionState vehicle="9" speed="2259" time="4280" acceleration="1717"/>
    <motionState vehicle="10" speed="2394" time="4280" acceleration="2005"/>
    <motionState vehicle="11" speed="2556" time="4280" acceleration="2106"/>
    <motionState vehicle="0" speed="2728" time="4290" acceleration="1731"/>
    <motionState vehicle="1" speed="2847" time="4290" acceleration="556"/>
    <motionState vehicle="2" speed="2837" time="4290" acceleration="-1458"/>
    <motionState vehicle="3" speed="2620" time="4290" acceleration="-2597"/>
    <motionState vehicle="4" speed="5810" time="4290" acceleration="13636"/>
    <motionState vehicle="5" speed="2212" time="4290" acceleration="-605"/>
    <motionState vehicle="6" speed="2066" time="4290" acceleration="729"/>
    <motionState vehicle="7" speed="2101" time="4290" acceleration="999"/>
    <motionState vehicle="8" speed="2163" time="4290" acceleration="1352"/>
    <motionState vehicle="9" speed="2261" time="4290" acceleration="1717"/>
    <motionState vehicle="10" speed="2396" time="4290" acceleration="2003"/>
    <motionState vehicle="11" speed="2558" time="4290" acceleration="2099"/>
    <motionState vehicle="0" speed="2730" time="4300" acceleration="1716"/>
    <motionState vehicle="1" speed="2847" time="4300" acceleration="532"/>
    <motionState vehicle="2" speed="2836" time="4300" acceleration="-1475"/>
    <motionState vehicle="3" speed="2617" time="4300" acceleration="-2592"/>
    <motionState vehicle="4" speed="5824" time="4300" acceleration="13636"/>
    <motionState vehicle="5" speed="2212" time="4300" acceleration="-600"/>
    <motionState vehicle="6" speed="2067" time="4300" acceleration="728"/>
    <motionState vehicle="7" speed="2102" time="4300" acceleration="999"/>
    <motionState vehicle="8" speed="2164" time="4300" acceleration="1352"/>
    <motionState vehicle="9" speed="2263" time="4300" acceleration="1716"/>
    <motionState vehicle="10" speed="2398" time="4300" acceleration="2000"/>
    <motionState vehicle="11" speed="2560" time="4300" acceleration="2092"/>
    <motionState vehicle="0" speed="2732" time="4310" acceleration="1700"/>
    <motionState vehicle="1" speed="2848" time="4310" acceleration="508"/>
    <motionState vehicle="2" speed="2834" time="4310" acceleration="-1491"/>
    <motionState vehicle="3" speed="2615" time="4310" acceleration="-2587"/>
    <motionState vehicle="4" speed="5838" time="4310" acceleration="13636"/>
    <motionState vehicle="5" speed="2211" time="4310" acceleration="-596"/>
    <motionState vehicle="6" speed="2068" time="4310" acceleration="726"/>
    <motionState vehicle="7" speed="2103" time="4310" acceleration="999"/>
    <motionState vehicle="8" speed="2165" time="4310" acceleration="1352"/>
    <motionState vehicle="9" speed="2264" time="4310" acceleration="1715"/>
    <motionState vehicle="10" speed="2400" time="4310" acceleration="1998"/>
    <motionState vehicle="11" speed="2562" time="4310" acceleration="2085"/>
    <motionState vehicle="0" speed="2733" time="4320" acceleration="1684"/>
    <motionState vehicle="1" speed="2848" time="4320" acceleration="484"/>
    <motionState vehicle="2" speed="2833" time="4320" acceleration="-1508"/>
    <motionState vehicle="3" speed="2612" time="4320" acceleration="-2582"/>
    <motionState vehicle="4" speed="5851" time="4320" acceleration="13636"/>
    <motionState vehicle="5" speed="2211" time="4320" acceleration="-592"/>
    <motionState vehicle="6" speed="2069" time="4320" acceleration="726"/>
    <motionState vehicle="7" speed="2104" time="4320" acceleration="999"/>
    <motionState vehicle="8" speed="2167" time="4320" acceleration="1352"/>
    <motionState vehicle="9" speed="2266" time="4320" acceleration="1714"/>
    <motionState vehicle="10" speed="2402" time="4320" acceleration="1995"/>
    <motionState vehicle="11" speed="2564" time="4320" acceleration="2078"/>
    <motionState vehicle="0" speed="2735" time="4330" acceleration="1668"/>
    <motionState vehicle="1" speed="2849" time="4330" acceleration="460"/>
    <motionState vehicle="2" speed="2831" time="4330" acceleration="-1524"/>
    <motionState vehicle="3" speed="2610" time="4330" acceleration="-2577"/>
    <motionState vehicle="4" speed="5865" time="4330" acceleration="13636"/>
    <motionState vehicle="5" speed="2210" time="4330" acceleration="-587"/>
    <motionState vehicle="6" speed="2069" time="4330" acceleration="725"/>
    <motionState vehicle="7" speed="2105" time="4330" acceleration="999"/>
    <motionState vehicle="8" speed="2168" time="4330" acceleration="1352"/>
    <motionState vehicle="9" speed="2268" time="4330" acceleration="1714"/>
    <motionState vehicle="10" speed="2404" time="4330" acceleration="1992"/>
    <motionState vehicle="11" speed="2567" time="4330" acceleration="2070"/>
    <motionState vehicle="0" speed="2737" time="4340" acceleration="1653"/>
    <motionState vehicle="1" speed="2849" time="4340" acceleration="436"/>
    <motionState vehicle="2" speed="2830" time="4340" acceleration="-1540"/>
    <motionState vehicle="3" speed="2607" time="4340" acceleration="-2572"/>
    <motionState vehicle="4" speed="5878" time="4340" acceleration="13636"/>
    <motionState vehicle="5" speed="2209" time="4340" acceleration="-583"/>
    <motionState vehicle="6" speed="2070" time="4340" acceleration="724"/>
    <motionState vehicle="7" speed="2106" time="4340" acceleration="999"/>
    <motionState vehicle="8" speed="2170" time="4340" acceleration="1352"/>
    <motionState vehicle="9" speed="2270" time="4340" acceleration="1713"/>
    <motionState vehicle="10" speed="2406" time="4340" acceleration="1990"/>
    <motionState vehicle="11" speed="2569" time="4340" acceleration="2063"/>
    <motionState vehicle="0" speed="2738" time="4350" acceleration="1637"/>
    <motionState vehicle="1" speed="2849" time="4350" acceleration="413"/>
    <motionState vehicle="2" speed="2828" time="4350" acceleration="-1555"/>
    <motionState vehicle="3" speed="2605" time="4350" acceleration="-2567"/>
    <motionState vehicle="4" speed="5892" time="4350" acceleration="13636"/>
    <motionState vehicle="5" speed="2209" time="4350" acceleration="-578"/>
    <motionState vehicle="6" speed="2071" time="4350" acceleration="723"/>
    <motionState vehicle="7" speed="2107" time="4350" acceleration="999"/>
    <motionState vehicle="8" speed="2171" time="4350" acceleration="1352"/>
    <motionState vehicle="9" speed="2271" time="4350" acceleration="1712"/>
    <motionState vehicle="10" speed="2408" time="4350" acceleration="1987"/>
    <motionState vehicle="11" speed="2571" time="4350" acceleration="2056"/>
    <motionState vehicle="0" speed="2740" time="4360" acceleration="1621"/>
    <motionState vehicle="1" speed="2850" time="4360" acceleration="389"/>
    <motionState vehicle="2" speed="2827" time="4360" acceleration="-1571"/>
    <motionState vehicle="3" speed="2602" time="4360" acceleration="-2561"/>
    <motionState vehicle="4" speed="5906" time="4360" acceleration="13636"/>
    <motionState vehicle="5" speed="2208" time="4360" acceleration="-574"/>
    <motionState vehicle="6" speed="2071" time="4360" acceleration="722"/>
    <motionState vehicle="7" speed="2108" time="4360" acceleration="999"/>
    <motionState vehicle="8" speed="2172" time="4360" acceleration="1352"/>
    <motionState vehicle="9" speed="2273" time="4360" acceleration="1712"/>
    <motionState vehicle="10" speed="2410" time="4360" acceleration="1985"/>
    <motionState vehicle="11" speed="2573" time="4360" acceleration="2049"/>
    <motionState vehicle="0" speed="2741" time="4370" acceleration="1605"/>
    <motionState vehicle="1" speed="2850" time="4370" acceleration="366"/>
    <motionState vehicle="2" speed="2825" time="4370" acceleration="-1586"/>
    <motionState vehicle="3" speed="2599" time="4370" acceleration="-2556"/>
    <motionState vehicle="4" speed="5919" time="4370" acceleration="13636"/>
    <motionState vehicle="5" speed="2208" time="4370" acceleration="-569"/>
    <motionState vehicle="6" speed="2072" time="4370" acceleration="721"/>
    <motionState vehicle="7" speed="2109" time="4370" acceleration="999"/>
    <motionState vehicle="8" speed="2174" time="4370" acceleration="1352"/>
    <motionState vehicle="9" speed="2275" time="4370" acceleration="1711"/>
    <motionState vehicle="10" speed="2412" time="4370" acceleration="1982"/>
    <motionState vehicle="11" speed="2575" time="4370" acceleration="2041"/>
    <motionState vehicle="0" speed="2743" time="4380" acceleration="1589"/>
    <motionState vehicle="1" speed="2850" time="4380" acceleration="342"/>
    <motionState vehicle="2" speed="2823" time="4380" acceleration="-1601"/>
    <motionState vehicle="3" speed="2597" time="4380" acceleration="-2550"/>
    <motionState vehicle="4" speed="5933" time="4380" acceleration="13636"/>
    <motionState vehicle="5" speed="2207" time="4380" acceleration="-564"/>
    <motionState vehicle="6" speed="2073" time="4380" acceleration="721"/>
    <motionState vehicle="7" speed="2110" time="4380" acceleration="999"/>
    <motionState vehicle="8" speed="2175" time="4380" acceleration="1353"/>
    <motionState vehicle="9" speed="2276" time="4380" acceleration="1710"/>
    <motionState vehicle="10" speed="2414" time="4380" acceleration="1979"/>
    <motionState vehicle="11" speed="2577" time="4380" acceleration="2034"/>
    <motionState vehicle="0" speed="2745" time="4390" acceleration="1573"/>
    <motionState vehicle="1" speed="2851" time="4390" acceleration="319"/>
    <motionState vehicle="2" speed="2822" time="4390" acceleration="-1615"/>
    <motionState vehicle="3" speed="2594" time="4390" acceleration="-2544"/>
    <motionState vehicle="4" speed="5947" time="4390" acceleration="13636"/>
    <motionState vehicle="5" speed="2207" time="4390" acceleration="-560"/>
    <motionState vehicle="6" speed="2074" time="4390" acceleration="720"/>
    <motionState vehicle="7" speed="2111" time="4390" acceleration="999"/>
    <motionState vehicle="8" speed="2176" time="4390" acceleration="1353"/>
    <motionState vehicle="9" speed="2278" time="4390" acceleration="1710"/>
    <motionState vehicle="10" speed="2416" time="4390" acceleration="1977"/>
    <motionState vehicle="11" speed="2579" time="4390" acceleration="2027"/>
    <motionState vehicle="0" speed="2746" time="4400" acceleration="1557"/>
    <motionState vehicle="1" speed="2851" time="4400" acceleration="296"/>
    <motionState vehicle="2" speed="2820" time="4400" acceleration="-1630"/>
    <motionState vehicle="3" speed="2592" time="4400" acceleration="-2538"/>
    <motionState vehicle="4" speed="5960" time="4400" acceleration="13636"/>
    <motionState vehicle="5" speed="2206" time="4400" acceleration="-555"/>
    <motionState vehicle="6" speed="2074" time="4400" acceleration="719"/>
    <motionState vehicle="7" speed="2112" time="4400" acceleration="999"/>
    <motionState vehicle="8" speed="2178" time="4400" acceleration="1353"/>
    <motionState vehicle="9" speed="2280" time="4400" acceleration="1709"/>
    <motionState vehicle="10" speed="2418" time="4400" acceleration="1974"/>
    <motionState vehicle="11" speed="2581" time="4400" acceleration="2019"/>
    <motionState vehicle="0" speed="2748" time="4410" acceleration="1541"/>
    <motionState vehicle="1" speed="2851" time="4410" acceleration="273"/>
    <motionState vehicle="2" speed="2818" time="4410" acceleration="-1644"/>
    <motionState vehicle="3" speed="2589" time="4410" acceleration="-2532"/>
    <motionState vehicle="4" speed="5974" time="4410" acceleration="13636"/>
    <motionState vehicle="5" speed="2206" time="4410" acceleration="-550"/>
    <motionState vehicle="6" speed="2075" time="4410" acceleration="719"/>
    <motionState vehicle="7" speed="2113" time="4410" acceleration="999"/>
    <motionState vehicle="8" speed="2179" time="4410" acceleration="1353"/>
    <motionState vehicle="9" speed="2282" time="4410" acceleration="1708"/>
    <motionState vehicle="10" speed="2420" time="4410" acceleration="1971"/>
    <motionState vehicle="11" speed="2583" time="4410" acceleration="2012"/>
    <motionState vehicle="0" speed="2749" time="4420" acceleration="1525"/>
    <motionState vehicle="1" speed="2852" time="4420" acceleration="250"/>
    <motionState vehicle="2" speed="2817" time="4420" acceleration="-1658"/>
    <motionState vehicle="3" speed="2587" time="4420" acceleration="-2526"/>
    <motionState vehicle="4" speed="5988" time="4420" acceleration="13636"/>
    <motionState vehicle="5" speed="2205" time="4420" acceleration="-546"/>
    <motionState vehicle="6" speed="2076" time="4420" acceleration="718"/>
    <motionState vehicle="7" speed="2114" time="4420" acceleration="999"/>
    <motionState vehicle="8" speed="2180" time="4420" acceleration="1353"/>
    <motionState vehicle="9" speed="2283" time="4420" acceleration="1708"/>
    <motionState vehicle="10" speed="2421" time="4420" acceleration="1968"/>
    <motionState vehicle="11" speed="2585" time="4420" acceleration="2004"/>
    <motionState vehicle="0" speed="2751" time="4430" acceleration="1508"/>
    <motionState vehicle="1" speed="2852" time="4430" acceleration="227"/>
    <motionState vehicle="2" speed="2815" time="4430" acceleration="-1672"/>
    <motionState vehicle="3" speed="2584" time="4430" acceleration="-2520"/>
    <motionState vehicle="4" speed="6001" time="4430" acceleration="13636"/>
    <motionState vehicle="5" speed="2204" time="4430" acceleration="-541"/>
    <motionState vehicle="6" speed="2076" time="4430" acceleration="717"/>
    <motionState vehicle="7" speed="2115" time="4430" acceleration="999"/>
    <motionState vehicle="8" speed="2182" time="4430" acceleration="1354"/>
    <motionState vehicle="9" speed="2285" time="4430" acceleration="1707"/>
    <motionState vehicle="10" speed="2423" time="4430" acceleration="1966"/>
    <motionState vehicle="11" speed="2587" time="4430" acceleration="1996"/>
    <motionState vehicle="0" speed="2752" time="4440" acceleration="1492"/>
    <motionState vehicle="1" speed="2852" time="4440" acceleration="204"/>
    <motionState vehicle="2" speed="2813" time="4440" acceleration="-1685"/>
    <motionState vehicle="3" speed="2582" time="4440" acceleration="-2513"/>
    <motionState vehicle="4" speed="6015" time="4440" acceleration="13636"/>
    <motionState vehicle="5" speed="2204" time="4440" acceleration="-536"/>
    <motionState vehicle="6" speed="2077" time="4440" acceleration="717"/>
    <motionState vehicle="7" speed="2116" time="4440" acceleration="1000"/>
    <motionState vehicle="8" speed="2183" time="4440" acceleration="1354"/>
    <motionState vehicle="9" speed="2287" time="4440" acceleration="1707"/>
    <motionState vehicle="10" speed="2425" time="4440" acceleration="1963"/>
    <motionState vehicle="11" speed="2589" time="4440" acceleration="1989"/>
    <motionState vehicle="0" speed="2754" time="4450" acceleration="1476"/>
    <motionState vehicle="1" speed="2852" time="4450" acceleration="182"/>
    <motionState vehicle="2" speed="2812" time="4450" acceleration="-1698"/>
    <motionState vehicle="3" speed="2579" time="4450" acceleration="-2507"/>
    <motionState vehicle="4" speed="6028" time="4450" acceleration="13636"/>
    <motionState vehicle="5" speed="2203" time="4450" acceleration="-532"/>
    <motionState vehicle="6" speed="2078" time="4450" acceleration="717"/>
    <motionState vehicle="7" speed="2117" time="4450" acceleration="1000"/>
    <motionState vehicle="8" speed="2184" time="4450" acceleration="1354"/>
    <motionState vehicle="9" speed="2288" time="4450" acceleration="1706"/>
    <motionState vehicle="10" speed="2427" time="4450" acceleration="1960"/>
    <motionState vehicle="11" speed="2591" time="4450" acceleration="1981"/>
    <motionState vehicle="0" speed="2755" time="4460" acceleration="1460"/>
    <motionState vehicle="1" speed="2852" time="4460" acceleration="159"/>
    <motionState vehicle="2" speed="2810" time="4460" acceleration="-1711"/>
    <motionState vehicle="3" speed="2577" time="4460" acceleration="-2500"/>
    <motionState vehicle="4" speed="6042" time="4460" acceleration="13636"/>
    <motionState vehicle="5" speed="2203" time="4460" acceleration="-527"/>
    <motionState vehicle="6" speed="2079" time="4460" acceleration="716"/>
    <motionState vehicle="7" speed="2118" time="4460" acceleration="1000"/>
    <motionState vehicle="8" speed="2186" time="4460" acceleration="1355"/>
    <motionState vehicle="9" speed="2290" time="4460" acceleration="1706"/>
    <motionState vehicle="10" speed="2429" time="4460" acceleration="1957"/>
    <motionState vehicle="11" speed="2593" time="4460" acceleration="1973"/>
    <motionState vehicle="0" speed="2757" time="4470" acceleration="1444"/>
    <motionState vehicle="1" speed="2853" time="4470" acceleration="137"/>
    <motionState vehicle="2" speed="2808" time="4470" acceleration="-1724"/>
    <motionState vehicle="3" speed="2574" time="4470" acceleration="-2494"/>
    <motionState vehicle="4" speed="6056" time="4470" acceleration="13636"/>
    <motionState vehicle="5" speed="2202" time="4470" acceleration="-522"/>
    <motionState vehicle="6" speed="2079" time="4470" acceleration="716"/>
    <motionState vehicle="7" speed="2119" time="4470" acceleration="1001"/>
    <motionState vehicle="8" speed="2187" time="4470" acceleration="1355"/>
    <motionState vehicle="9" speed="2292" time="4470" acceleration="1705"/>
    <motionState vehicle="10" speed="2431" time="4470" acceleration="1955"/>
    <motionState vehicle="11" speed="2595" time="4470" acceleration="1965"/>
    <motionState vehicle="0" speed="2758" time="4480" acceleration="1427"/>
    <motionState vehicle="1" speed="2853" time="4480" acceleration="115"/>
    <motionState vehicle="2" speed="2807" time="4480" acceleration="-1737"/>
    <motionState vehicle="3" speed="2572" time="4480" acceleration="-2487"/>
    <motionState vehicle="4" speed="6069" time="4480" acceleration="13636"/>
    <motionState vehicle="5" speed="2202" time="4480" acceleration="-517"/>
    <motionState vehicle="6" speed="2080" time="4480" acceleration="715"/>
    <motionState vehicle="7" speed="2120" time="4480" acceleration="1001"/>
    <motionState vehicle="8" speed="2188" time="4480" acceleration="1355"/>
    <motionState vehicle="9" speed="2293" time="4480" acceleration="1704"/>
    <motionState vehicle="10" speed="2433" time="4480" acceleration="1952"/>
    <motionState vehicle="11" speed="2597" time="4480" acceleration="1958"/>
    <motionState vehicle="0" speed="2759" time="4490" acceleration="1411"/>
    <motionState vehicle="1" speed="2853" time="4490" acceleration="93"/>
    <motionState vehicle="2" speed="2805" time="4490" acceleration="-1749"/>
    <motionState vehicle="3" speed="2569" time="4490" acceleration="-2480"/>
    <motionState vehicle="4" speed="6083" time="4490" acceleration="13636"/>
    <motionState vehicle="5" speed="2201" time="4490" acceleration="-512"/>
    <motionState vehicle="6" speed="2081" time="4490" acceleration="715"/>
    <motionState vehicle="7" speed="2121" time="4490" acceleration="1001"/>
    <motionState vehicle="8" speed="2190" time="4490" acceleration="1356"/>
    <motionState vehicle="9" speed="2295" time="4490" acceleration="1704"/>
    <motionState vehicle="10" speed="2435" time="4490" acceleration="1949"/>
    <motionState vehicle="11" speed="2599" time="4490" acceleration="1950"/>
    <motionState vehicle="0" speed="2761" time="4500" acceleration="1395"/>
    <motionState vehicle="1" speed="2853" time="4500" acceleration="71"/>
    <motionState vehicle="2" speed="2803" time="4500" acceleration="-1761"/>
    <motionState vehicle="3" speed="2567" time="4500" acceleration="-2473"/>
    <motionState vehicle="4" speed="6097" time="4500" acceleration="13636"/>
    <motionState vehicle="5" speed="2201" time="4500" acceleration="-507"/>
    <motionState vehicle="6" speed="2081" time="4500" acceleration="715"/>
    <motionState vehicle="7" speed="2122" time="4500" acceleration="1002"/>
    <motionState vehicle="8" speed="2191" time="4500" acceleration="1356"/>
    <motionState vehicle="9" speed="2297" time="4500" acceleration="1703"/>
    <motionState vehicle="10" speed="2437" time="4500" acceleration="1946"/>
    <motionState vehicle="11" speed="2601" time="4500" acceleration="1942"/>
    <motionState vehicle="0" speed="2762" time="4510" acceleration="1378"/>
    <motionState vehicle="1" speed="2853" time="4510" acceleration="49"/>
    <motionState vehicle="2" speed="2801" time="4510" acceleration="-1773"/>
    <motionState vehicle="3" speed="2564" time="4510" acceleration="-2466"/>
    <motionState vehicle="4" speed="6110" time="4510" acceleration="13636"/>
    <motionState vehicle="5" speed="2200" time="4510" acceleration="-502"/>
    <motionState vehicle="6" speed="2082" time="4510" acceleration="714"/>
    <motionState vehicle="7" speed="2123" time="4510" acceleration="1002"/>
    <motionState vehicle="8" speed="2193" time="4510" acceleration="1357"/>
    <motionState vehicle="9" speed="2299" time="4510" acceleration="1703"/>
    <motionState vehicle="10" speed="2439" time="4510" acceleration="1943"/>
    <motionState vehicle="11" speed="2603" time="4510" acceleration="1934"/>
    <motionState vehicle="0" speed="2764" time="4520" acceleration="1362"/>
    <motionState vehicle="1" speed="2853" time="4520" acceleration="27"/>
    <motionState vehicle="2" speed="2799" time="4520" acceleration="-1785"/>
    <motionState vehicle="3" speed="2562" time="4520" acceleration="-2459"/>
    <motionState vehicle="4" speed="6124" time="4520" acceleration="13636"/>
    <motionState vehicle="5" speed="2200" time="4520" acceleration="-498"/>
    <motionState vehicle="6" speed="2083" time="4520" acceleration="714"/>
    <motionState vehicle="7" speed="2124" time="4520" acceleration="1003"/>
    <motionState vehicle="8" speed="2194" time="4520" acceleration="1357"/>
    <motionState vehicle="9" speed="2300" time="4520" acceleration="1702"/>
    <motionState vehicle="10" speed="2441" time="4520" acceleration="1940"/>
    <motionState vehicle="11" speed="2604" time="4520" acceleration="1925"/>
    <motionState vehicle="0" speed="2765" time="4530" acceleration="1346"/>
    <motionState vehicle="1" speed="2853" time="4530" acceleration="6"/>
    <motionState vehicle="2" speed="2798" time="4530" acceleration="-1796"/>
    <motionState vehicle="3" speed="2559" time="4530" acceleration="-2451"/>
    <motionState vehicle="4" speed="6138" time="4530" acceleration="13636"/>
    <motionState vehicle="5" speed="2199" time="4530" acceleration="-493"/>
    <motionState vehicle="6" speed="2084" time="4530" acceleration="714"/>
    <motionState vehicle="7" speed="2125" time="4530" acceleration="1003"/>
    <motionState vehicle="8" speed="2195" time="4530" acceleration="1358"/>
    <motionState vehicle="9" speed="2302" time="4530" acceleration="1702"/>
    <motionState vehicle="10" speed="2443" time="4530" acceleration="1937"/>
    <motionState vehicle="11" speed="2606" time="4530" acceleration="1917"/>
    <motionState vehicle="0" speed="2766" time="4540" acceleration="1329"/>
    <motionState vehicle="1" speed="2853" time="4540" acceleration="-15"/>
    <motionState vehicle="2" speed="2796" time="4540" acceleration="-1808"/>
    <motionState vehicle="3" speed="2557" time="4540" acceleration="-2444"/>
    <motionState vehicle="4" speed="6151" time="4540" acceleration="13636"/>
    <motionState vehicle="5" speed="2199" time="4540" acceleration="-488"/>
    <motionState vehicle="6" speed="2084" time="4540" acceleration="714"/>
    <motionState vehicle="7" speed="2126" time="4540" acceleration="1004"/>
    <motionState vehicle="8" speed="2197" time="4540" acceleration="1358"/>
    <motionState vehicle="9" speed="2304" time="4540" acceleration="1701"/>
    <motionState vehicle="10" speed="2445" time="4540" acceleration="1935"/>
    <motionState vehicle="11" speed="2608" time="4540" acceleration="1909"/>
    <motionState vehicle="0" speed="2768" time="4550" acceleration="1313"/>
    <motionState vehicle="1" speed="2853" time="4550" acceleration="-36"/>
    <motionState vehicle="2" speed="2794" time="4550" acceleration="-1819"/>
    <motionState vehicle="3" speed="2555" time="4550" acceleration="-2437"/>
    <motionState vehicle="4" speed="6165" time="4550" acceleration="13636"/>
    <motionState vehicle="5" speed="2198" time="4550" acceleration="-483"/>
    <motionState vehicle="6" speed="2085" time="4550" acceleration="714"/>
    <motionState vehicle="7" speed="2127" time="4550" acceleration="1004"/>
    <motionState vehicle="8" speed="2198" time="4550" acceleration="1359"/>
    <motionState vehicle="9" speed="2305" time="4550" acceleration="1701"/>
    <motionState vehicle="10" speed="2447" time="4550" acceleration="1932"/>
    <motionState vehicle="11" speed="2610" time="4550" acceleration="1901"/>
    <motionState vehicle="0" speed="2769" time="4560" acceleration="1296"/>
    <motionState vehicle="1" speed="2853" time="4560" acceleration="-57"/>
    <motionState vehicle="2" speed="2792" time="4560" acceleration="-1830"/>
    <motionState vehicle="3" speed="2552" time="4560" acceleration="-2429"/>
    <motionState vehicle="4" speed="6178" time="4560" acceleration="13636"/>
    <motionState vehicle="5" speed="2198" time="4560" acceleration="-478"/>
    <motionState vehicle="6" speed="2086" time="4560" acceleration="714"/>
    <motionState vehicle="7" speed="2128" time="4560" acceleration="1005"/>
    <motionState vehicle="8" speed="2199" time="4560" acceleration="1359"/>
    <motionState vehicle="9" speed="2307" time="4560" acceleration="1700"/>
    <motionState vehicle="10" speed="2449" time="4560" acceleration="1929"/>
    <motionState vehicle="11" speed="2612" time="4560" acceleration="1892"/>
    <motionState vehicle="0" speed="2770" time="4570" acceleration="1280"/>
    <motionState vehicle="1" speed="2853" time="4570" acceleration="-78"/>
    <motionState vehicle="2" speed="2790" time="4570" acceleration="-1840"/>
    <motionState vehicle="3" speed="2550" time="4570" acceleration="-2421"/>
    <motionState vehicle="4" speed="6192" time="4570" acceleration="13636"/>
    <motionState vehicle="5" speed="2197" time="4570" acceleration="-473"/>
    <motionState vehicle="6" speed="2086" time="4570" acceleration="714"/>
    <motionState vehicle="7" speed="2129" time="4570" acceleration="1005"/>
    <motionState vehicle="8" speed="2201" time="4570" acceleration="1360"/>
    <motionState vehicle="9" speed="2309" time="4570" acceleration="1700"/>
    <motionState vehicle="10" speed="2451" time="4570" acceleration="1926"/>
    <motionState vehicle="11" speed="2614" time="4570" acceleration="1884"/>
    <motionState vehicle="0" speed="2771" time="4580" acceleration="1263"/>
    <motionState vehicle="1" speed="2853" time="4580" acceleration="-99"/>
    <motionState vehicle="2" speed="2789" time="4580" acceleration="-1851"/>
    <motionState vehicle="3" speed="2547" time="4580" acceleration="-2414"/>
    <motionState vehicle="4" speed="6206" time="4580" acceleration="13636"/>
    <motionState vehicle="5" speed="2197" time="4580" acceleration="-468"/>
    <motionState vehicle="6" speed="2087" time="4580" acceleration="714"/>
    <motionState vehicle="7" speed="2130" time="4580" acceleration="1006"/>
    <motionState vehicle="8" speed="2202" time="4580" acceleration="1360"/>
    <motionState vehicle="9" speed="2310" time="4580" acceleration="1699"/>
    <motionState vehicle="10" speed="2453" time="4580" acceleration="1923"/>
    <motionState vehicle="11" speed="2616" time="4580" acceleration="1876"/>
    <motionState vehicle="0" speed="2773" time="4590" acceleration="1247"/>
    <motionState vehicle="1" speed="2852" time="4590" acceleration="-120"/>
    <motionState vehicle="2" speed="2787" time="4590" acceleration="-1861"/>
    <motionState vehicle="3" speed="2545" time="4590" acceleration="-2406"/>
    <motionState vehicle="4" speed="6219" time="4590" acceleration="13636"/>
    <motionState vehicle="5" speed="2196" time="4590" acceleration="-463"/>
    <motionState vehicle="6" speed="2088" time="4590" acceleration="714"/>
    <motionState vehicle="7" speed="2131" time="4590" acceleration="1007"/>
    <motionState vehicle="8" speed="2203" time="4590" acceleration="1361"/>
    <motionState vehicle="9" speed="2312" time="4590" acceleration="1699"/>
    <motionState vehicle="10" speed="2455" time="4590" acceleration="1919"/>
    <motionState vehicle="11" speed="2618" time="4590" acceleration="1867"/>
    <motionState vehicle="0" speed="2774" time="4600" acceleration="1230"/>
    <motionState vehicle="1" speed="2852" time="4600" acceleration="-141"/>
    <motionState vehicle="2" speed="2785" time="4600" acceleration="-1871"/>
    <motionState vehicle="3" speed="2542" time="4600" acceleration="-2398"/>
    <motionState vehicle="4" speed="6233" time="4600" acceleration="13636"/>
    <motionState vehicle="5" speed="2196" time="4600" acceleration="-458"/>
    <motionState vehicle="6" speed="2089" time="4600" acceleration="714"/>
    <motionState vehicle="7" speed="2132" time="4600" acceleration="1007"/>
    <motionState vehicle="8" speed="2205" time="4600" acceleration="1361"/>
    <motionState vehicle="9" speed="2314" time="4600" acceleration="1698"/>
    <motionState vehicle="10" speed="2456" time="4600" acceleration="1916"/>
    <motionState vehicle="11" speed="2620" time="4600" acceleration="1859"/>
    <motionState vehicle="0" speed="2775" time="4610" acceleration="1214"/>
    <motionState vehicle="1" speed="2852" time="4610" acceleration="-161"/>
    <motionState vehicle="2" speed="2783" time="4610" acceleration="-1881"/>
    <motionState vehicle="3" speed="2540" time="4610" acceleration="-2390"/>
    <motionState vehicle="4" speed="6247" time="4610" acceleration="13636"/>
    <motionState vehicle="5" speed="2196" time="4610" acceleration="-452"/>
    <motionState vehicle="6" speed="2089" time="4610" acceleration="714"/>
    <motionState vehicle="7" speed="2133" time="4610" acceleration="1008"/>
    <motionState vehicle="8" speed="2206" time="4610" acceleration="1362"/>
    <motionState vehicle="9" speed="2316" time="4610" acceleration="1698"/>
    <motionState vehicle="10" speed="2458" time="4610" acceleration="1913"/>
    <motionState vehicle="11" speed="2621" time="4610" acceleration="1850"/>
    <motionState vehicle="0" speed="2776" time="4620" acceleration="1197"/>
    <motionState vehicle="1" speed="2852" time="4620" acceleration="-182"/>
    <motionState vehicle="2" speed="2781" time="4620" acceleration="-1890"/>
    <motionState vehicle="3" speed="2538" time="4620" acceleration="-2382"/>
    <motionState vehicle="4" speed="6260" time="4620" acceleration="13636"/>
    <motionState vehicle="5" speed="2195" time="4620" acceleration="-447"/>
    <motionState vehicle="6" speed="2090" time="4620" acceleration="714"/>
    <motionState vehicle="7" speed="2134" time="4620" acceleration="1009"/>
    <motionState vehicle="8" speed="2207" time="4620" acceleration="1363"/>
    <motionState vehicle="9" speed="2317" time="4620" acceleration="1697"/>
    <motionState vehicle="10" speed="2460" time="4620" acceleration="1910"/>
    <motionState vehicle="11" speed="2623" time="4620" acceleration="1841"/>
    <motionState vehicle="0" speed="2777" time="4630" acceleration="1181"/>
    <motionState vehicle="1" speed="2852" time="4630" acceleration="-202"/>
    <motionState vehicle="2" speed="2779" time="4630" acceleration="-1900"/>
    <motionState vehicle="3" speed="2535" time="4630" acceleration="-2374"/>
    <motionState vehicle="4" speed="6274" time="4630" acceleration="13636"/>
    <motionState vehicle="5" speed="2195" time="4630" acceleration="-442"/>
    <motionState vehicle="6" speed="2091" time="4630" acceleration="714"/>
    <motionState vehicle="7" speed="2135" time="4630" acceleration="1010"/>
    <motionState vehicle="8" speed="2209" time="4630" acceleration="1363"/>
    <motionState vehicle="9" speed="2319" time="4630" acceleration="1697"/>
    <motionState vehicle="10" speed="2462" time="4630" acceleration="1907"/>
    <motionState vehicle="11" speed="2625" time="4630" acceleration="1833"/>
    <motionState vehicle="0" speed="2779" time="4640" acceleration="1164"/>
    <motionState vehicle="1" speed="2852" time="4640" acceleration="-222"/>
    <motionState vehicle="2" speed="2777" time="4640" acceleration="-1909"/>
    <motionState vehicle="3" speed="2533" time="4640" acceleration="-2366"/>
    <motionState vehicle="4" speed="6288" time="4640" acceleration="13636"/>
    <motionState vehicle="5" speed="2194" time="4640" acceleration="-437"/>
    <motionState vehicle="6" speed="2091" time="4640" acceleration="714"/>
    <motionState vehicle="7" speed="2136" time="4640" acceleration="1010"/>
    <motionState vehicle="8" speed="2210" time="4640" acceleration="1364"/>
    <motionState vehicle="9" speed="2321" time="4640" acceleration="1696"/>
    <motionState vehicle="10" speed="2464" time="4640" acceleration="1904"/>
    <motionState vehicle="11" speed="2627" time="4640" acceleration="1824"/>
    <motionState vehicle="0" speed="2780" time="4650" acceleration="1148"/>
    <motionState vehicle="1" speed="2851" time="4650" acceleration="-242"/>
    <motionState vehicle="2" speed="2775" time="4650" acceleration="-1918"/>
    <motionState vehicle="3" speed="2531" time="4650" acceleration="-2357"/>
    <motionState vehicle="4" speed="6301" time="4650" acceleration="13636"/>
    <motionState vehicle="5" speed="2194" time="4650" acceleration="-432"/>
    <motionState vehicle="6" speed="2092" time="4650" acceleration="715"/>
    <motionState vehicle="7" speed="2137" time="4650" acceleration="1011"/>
    <motionState vehicle="8" speed="2212" time="4650" acceleration="1365"/>
    <motionState vehicle="9" speed="2322" time="4650" acceleration="1696"/>
    <motionState vehicle="10" speed="2466" time="4650" acceleration="1900"/>
    <motionState vehicle="11" speed="2629" time="4650" acceleration="1815"/>
    <motionState vehicle="0" speed="2781" time="4660" acceleration="1131"/>
    <motionState vehicle="1" speed="2851" time="4660" acceleration="-262"/>
    <motionState vehicle="2" speed="2773" time="4660" acceleration="-1927"/>
    <motionState vehicle="3" speed="2528" time="4660" acceleration="-2349"/>
    <motionState vehicle="4" speed="6315" time="4660" acceleration="13636"/>
    <motionState vehicle="5" speed="2193" time="4660" acceleration="-427"/>
    <motionState vehicle="6" speed="2093" time="4660" acceleration="715"/>
    <motionState vehicle="7" speed="2138" time="4660" acceleration="1012"/>
    <motionState vehicle="8" speed="2213" time="4660" acceleration="1365"/>
    <motionState vehicle="9" speed="2324" time="4660" acceleration="1695"/>
    <motionState vehicle="10" speed="2468" time="4660" acceleration="1897"/>
    <motionState vehicle="11" speed="2631" time="4660" acceleration="1806"/>
    <motionState vehicle="0" speed="2782" time="4670" acceleration="1114"/>
    <motionState vehicle="1" speed="2851" time="4670" acceleration="-282"/>
    <motionState vehicle="2" speed="2771" time="4670" acceleration="-1935"/>
    <motionState vehicle="3" speed="2526" time="4670" acceleration="-2341"/>
    <motionState vehicle="4" speed="6328" time="4670" acceleration="13636"/>
    <motionState vehicle="5" speed="2193" time="4670" acceleration="-422"/>
    <motionState vehicle="6" speed="2094" time="4670" acceleration="715"/>
    <motionState vehicle="7" speed="2139" time="4670" acceleration="1013"/>
    <motionState vehicle="8" speed="2214" time="4670" acceleration="1366"/>
    <motionState vehicle="9" speed="2326" time="4670" acceleration="1695"/>
    <motionState vehicle="10" speed="2470" time="4670" acceleration="1894"/>
    <motionState vehicle="11" speed="2632" time="4670" acceleration="1798"/>
    <motionState vehicle="0" speed="2783" time="4680" acceleration="1098"/>
    <motionState vehicle="1" speed="2850" time="4680" acceleration="-302"/>
    <motionState vehicle="2" speed="2769" time="4680" acceleration="-1944"/>
    <motionState vehicle="3" speed="2524" time="4680" acceleration="-2332"/>
    <motionState vehicle="4" speed="6342" time="4680" acceleration="13636"/>
    <motionState vehicle="5" speed="2192" time="4680" acceleration="-417"/>
    <motionState vehicle="6" speed="2094" time="4680" acceleration="715"/>
    <motionState vehicle="7" speed="2140" time="4680" acceleration="1014"/>
    <motionState vehicle="8" speed="2216" time="4680" acceleration="1367"/>
    <motionState vehicle="9" speed="2327" time="4680" acceleration="1694"/>
    <motionState vehicle="10" speed="2472" time="4680" acceleration="1891"/>
    <motionState vehicle="11" speed="2634" time="4680" acceleration="1789"/>
    <motionState vehicle="0" speed="2784" time="4690" acceleration="1081"/>
    <motionState vehicle="1" speed="2850" time="4690" acceleration="-321"/>
    <motionState vehicle="2" speed="2768" time="4690" acceleration="-1952"/>
    <motionState vehicle="3" speed="2521" time="4690" acceleration="-2324"/>
    <motionState vehicle="4" speed="6356" time="4690" acceleration="13636"/>
    <motionState vehicle="5" speed="2192" time="4690" acceleration="-411"/>
    <motionState vehicle="6" speed="2095" time="4690" acceleration="716"/>
    <motionState vehicle="7" speed="2141" time="4690" acceleration="1015"/>
    <motionState vehicle="8" speed="2217" time="4690" acceleration="1367"/>
    <motionState vehicle="9" speed="2329" time="4690" acceleration="1694"/>
    <motionState vehicle="10" speed="2474" time="4690" acceleration="1887"/>
    <motionState vehicle="11" speed="2636" time="4690" acceleration="1780"/>
    <motionState vehicle="0" speed="2785" time="4700" acceleration="1065"/>
    <motionState vehicle="1" speed="2850" time="4700" acceleration="-341"/>
    <motionState vehicle="2" speed="2766" time="4700" acceleration="-1960"/>
    <motionState vehicle="3" speed="2519" time="4700" acceleration="-2315"/>
    <motionState vehicle="4" speed="6369" time="4700" acceleration="13636"/>
    <motionState vehicle="5" speed="2192" time="4700" acceleration="-406"/>
    <motionState vehicle="6" speed="2096" time="4700" acceleration="716"/>
    <motionState vehicle="7" speed="2142" time="4700" acceleration="1016"/>
    <motionState vehicle="8" speed="2218" time="4700" acceleration="1368"/>
    <motionState vehicle="9" speed="2331" time="4700" acceleration="1693"/>
    <motionState vehicle="10" speed="2475" time="4700" acceleration="1884"/>
    <motionState vehicle="11" speed="2638" time="4700" acceleration="1771"/>
    <motionState vehicle="0" speed="2786" time="4710" acceleration="1048"/>
    <motionState vehicle="1" speed="2849" time="4710" acceleration="-360"/>
    <motionState vehicle="2" speed="2764" time="4710" acceleration="-1968"/>
    <motionState vehicle="3" speed="2517" time="4710" acceleration="-2306"/>
    <motionState vehicle="4" speed="6383" time="4710" acceleration="13636"/>
    <motionState vehicle="5" speed="2191" time="4710" acceleration="-401"/>
    <motionState vehicle="6" speed="2096" time="4710" acceleration="716"/>
    <motionState vehicle="7" speed="2143" time="4710" acceleration="1017"/>
    <motionState vehicle="8" speed="2220" time="4710" acceleration="1369"/>
    <motionState vehicle="9" speed="2333" time="4710" acceleration="1693"/>
    <motionState vehicle="10" speed="2477" time="4710" acceleration="1880"/>
    <motionState vehicle="11" speed="2639" time="4710" acceleration="1762"/>
    <motionState vehicle="0" speed="2787" time="4720" acceleration="1031"/>
    <motionState vehicle="1" speed="2849" time="4720" acceleration="-379"/>
    <motionState vehicle="2" speed="2762" time="4720" acceleration="-1975"/>
    <motionState vehicle="3" speed="2514" time="4720" acceleration="-2298"/>
    <motionState vehicle="4" speed="6397" time="4720" acceleration="13636"/>
    <motionState vehicle="5" speed="2191" time="4720" acceleration="-396"/>
    <motionState vehicle="6" speed="2097" time="4720" acceleration="717"/>
    <motionState vehicle="7" speed="2144" time="4720" acceleration="1018"/>
    <motionState vehicle="8" speed="2221" time="4720" acceleration="1370"/>
    <motionState vehicle="9" speed="2334" time="4720" acceleration="1692"/>
    <motionState vehicle="10" speed="2479" time="4720" acceleration="1877"/>
    <motionState vehicle="11" speed="2641" time="4720" acceleration="1752"/>
    <motionState vehicle="0" speed="2788" time="4730" acceleration="1015"/>
    <motionState vehicle="1" speed="2849" time="4730" acceleration="-398"/>
    <motionState vehicle="2" speed="2760" time="4730" acceleration="-1983"/>
    <motionState vehicle="3" speed="2512" time="4730" acceleration="-2289"/>
    <motionState vehicle="4" speed="6410" time="4730" acceleration="13636"/>
    <motionState vehicle="5" speed="2190" time="4730" acceleration="-391"/>
    <motionState vehicle="6" speed="2098" time="4730" acceleration="717"/>
    <motionState vehicle="7" speed="2145" time="4730" acceleration="1019"/>
    <motionState vehicle="8" speed="2223" time="4730" acceleration="1370"/>
    <motionState vehicle="9" speed="2336" time="4730" acceleration="1692"/>
    <motionState vehicle="10" speed="2481" time="4730" acceleration="1874"/>
    <motionState vehicle="11" speed="2643" time="4730" acceleration="1743"/>
    <motionState vehicle="0" speed="2789" time="4740" acceleration="998"/>
    <motionState vehicle="1" speed="2848" time="4740" acceleration="-417"/>
    <motionState vehicle="2" speed="2758" time="4740" acceleration="-1990"/>
    <motionState vehicle="3" speed="2510" time="4740" acceleration="-2280"/>
    <motionState vehicle="4" speed="6424" time="4740" acceleration="13636"/>
    <motionState vehicle="5" speed="2190" time="4740" acceleration="-385"/>
    <motionState vehicle="6" speed="2099" time="4740" acceleration="718"/>
    <motionState vehicle="7" speed="2146" time="4740" acceleration="1020"/>
    <motionState vehicle="8" speed="2224" time="4740" acceleration="1371"/>
    <motionState vehicle="9" speed="2338" time="4740" acceleration="1691"/>
    <motionState vehicle="10" speed="2483" time="4740" acceleration="1870"/>
    <motionState vehicle="11" speed="2645" time="4740" acceleration="1734"/>
    <motionState vehicle="0" speed="2790" time="4750" acceleration="982"/>
    <motionState vehicle="1" speed="2848" time="4750" acceleration="-436"/>
    <motionState vehicle="2" speed="2756" time="4750" acceleration="-1997"/>
    <motionState vehicle="3" speed="2507" time="4750" acceleration="-2271"/>
    <motionState vehicle="4" speed="6438" time="4750" acceleration="13636"/>
    <motionState vehicle="5" speed="2190" time="4750" acceleration="-380"/>
    <motionState vehicle="6" speed="2099" time="4750" acceleration="718"/>
    <motionState vehicle="7" speed="2147" time="4750" acceleration="1021"/>
    <motionState vehicle="8" speed="2225" time="4750" acceleration="1372"/>
    <motionState vehicle="9" speed="2339" time="4750" acceleration="1691"/>
    <motionState vehicle="10" speed="2485" time="4750" acceleration="1867"/>
    <motionState vehicle="11" speed="2646" time="4750" acceleration="1725"/>
    <motionState vehicle="0" speed="2791" time="4760" acceleration="965"/>
    <motionState vehicle="1" speed="2847" time="4760" acceleration="-454"/>
    <motionState vehicle="2" speed="2754" time="4760" acceleration="-2004"/>
    <motionState vehicle="3" speed="2505" time="4760" acceleration="-2262"/>
    <motionState vehicle="4" speed="6451" time="4760" acceleration="13636"/>
    <motionState vehicle="5" speed="2189" time="4760" acceleration="-375"/>
    <motionState vehicle="6" speed="2100" time="4760" acceleration="719"/>
    <motionState vehicle="7" speed="2148" time="4760" acceleration="1022"/>
    <motionState vehicle="8" speed="2227" time="4760" acceleration="1373"/>
    <motionState vehicle="9" speed="2341" time="4760" acceleration="1690"/>
    <motionState vehicle="10" speed="2487" time="4760" acceleration="1863"/>
    <motionState vehicle="11" speed="2648" time="4760" acceleration="1715"/>
    <motionState vehicle="0" speed="2792" time="4770" acceleration="948"/>
    <motionState vehicle="1" speed="2847" time="4770" acceleration="-473"/>
    <motionState vehicle="2" speed="2752" time="4770" acceleration="-2011"/>
    <motionState vehicle="3" speed="2503" time="4770" acceleration="-2253"/>
    <motionState vehicle="4" speed="6465" time="4770" acceleration="13636"/>
    <motionState vehicle="5" speed="2189" time="4770" acceleration="-370"/>
    <motionState vehicle="6" speed="2101" time="4770" acceleration="719"/>
    <motionState vehicle="7" speed="2149" time="4770" acceleration="1023"/>
    <motionState vehicle="8" speed="2228" time="4770" acceleration="1373"/>
    <motionState vehicle="9" speed="2343" time="4770" acceleration="1690"/>
    <motionState vehicle="10" speed="2489" time="4770" acceleration="1859"/>
    <motionState vehicle="11" speed="2650" time="4770" acceleration="1706"/>
    <motionState vehicle="0" speed="2793" time="4780" acceleration="932"/>
    <motionState vehicle="1" speed="2846" time="4780" acceleration="-491"/>
    <motionState vehicle="2" speed="2750" time="4780" acceleration="-2017"/>
    <motionState vehicle="3" speed="2501" time="4780" acceleration="-2244"/>
    <motionState vehicle="4" speed="6478" time="4780" acceleration="13636"/>
    <motionState vehicle="5" speed="2189" time="4780" acceleration="-364"/>
    <motionState vehicle="6" speed="2102" time="4780" acceleration="720"/>
    <motionState vehicle="7" speed="2150" time="4780" acceleration="1024"/>
    <motionState vehicle="8" speed="2229" time="4780" acceleration="1374"/>
    <motionState vehicle="9" speed="2344" time="4780" acceleration="1689"/>
    <motionState vehicle="10" speed="2490" time="4780" acceleration="1856"/>
    <motionState vehicle="11" speed="2651" time="4780" acceleration="1696"/>
    <motionState vehicle="0" speed="2794" time="4790" acceleration="915"/>
    <motionState vehicle="1" speed="2846" time="4790" acceleration="-509"/>
    <motionState vehicle="2" speed="2748" time="4790" acceleration="-2024"/>
    <motionState vehicle="3" speed="2498" time="4790" acceleration="-2235"/>
    <motionState vehicle="4" speed="6492" time="4790" acceleration="13636"/>
    <motionState vehicle="5" speed="2188" time="4790" acceleration="-359"/>
    <motionState vehicle="6" speed="2102" time="4790" acceleration="721"/>
    <motionState vehicle="7" speed="2151" time="4790" acceleration="1025"/>
    <motionState vehicle="8" speed="2231" time="4790" acceleration="1375"/>
    <motionState vehicle="9" speed="2346" time="4790" acceleration="1688"/>
    <motionState vehicle="10" speed="2492" time="4790" acceleration="1852"/>
    <motionState vehicle="11" speed="2653" time="4790" acceleration="1687"/>
    <motionState vehicle="0" speed="2795" time="4800" acceleration="899"/>
    <motionState vehicle="1" speed="2845" time="4800" acceleration="-527"/>
    <motionState vehicle="2" speed="2746" time="4800" acceleration="-2030"/>
    <motionState vehicle="3" speed="2496" time="4800" acceleration="-2226"/>
    <motionState vehicle="4" speed="6506" time="4800" acceleration="13636"/>
    <motionState vehicle="5" speed="2188" time="4800" acceleration="-354"/>
    <motionState vehicle="6" speed="2103" time="4800" acceleration="721"/>
    <motionState vehicle="7" speed="2152" time="4800" acceleration="1026"/>
    <motionState vehicle="8" speed="2232" time="4800" acceleration="1376"/>
    <motionState vehicle="9" speed="2348" time="4800" acceleration="1688"/>
    <motionState vehicle="10" speed="2494" time="4800" acceleration="1848"/>
    <motionState vehicle="11" speed="2655" time="4800" acceleration="1677"/>
    <motionState vehicle="0" speed="2796" time="4810" acceleration="882"/>
    <motionState vehicle="1" speed="2845" time="4810" acceleration="-545"/>
    <motionState vehicle="2" speed="2744" time="4810" acceleration="-2036"/>
    <motionState vehicle="3" speed="2494" time="4810" acceleration="-2217"/>
    <motionState vehicle="4" speed="6519" time="4810" acceleration="13636"/>
    <motionState vehicle="5" speed="2188" time="4810" acceleration="-349"/>
    <motionState vehicle="6" speed="2104" time="4810" acceleration="722"/>
    <motionState vehicle="7" speed="2153" time="4810" acceleration="1027"/>
    <motionState vehicle="8" speed="2234" time="4810" acceleration="1377"/>
    <motionState vehicle="9" speed="2349" time="4810" acceleration="1687"/>
    <motionState vehicle="10" speed="2496" time="4810" acceleration="1845"/>
    <motionState vehicle="11" speed="2657" time="4810" acceleration="1668"/>
    <motionState vehicle="0" speed="2797" time="4820" acceleration="866"/>
    <motionState vehicle="1" speed="2844" time="4820" acceleration="-563"/>
    <motionState vehicle="2" speed="2741" time="4820" acceleration="-2042"/>
    <motionState vehicle="3" speed="2492" time="4820" acceleration="-2207"/>
    <motionState vehicle="4" speed="6533" time="4820" acceleration="13636"/>
    <motionState vehicle="5" speed="2187" time="4820" acceleration="-343"/>
    <motionState vehicle="6" speed="2104" time="4820" acceleration="723"/>
    <motionState vehicle="7" speed="2154" time="4820" acceleration="1028"/>
    <motionState vehicle="8" speed="2235" time="4820" acceleration="1378"/>
    <motionState vehicle="9" speed="2351" time="4820" acceleration="1687"/>
    <motionState vehicle="10" speed="2498" time="4820" acceleration="1841"/>
    <motionState vehicle="11" speed="2658" time="4820" acceleration="1658"/>
    <motionState vehicle="0" speed="2798" time="4830" acceleration="849"/>
    <motionState vehicle="1" speed="2844" time="4830" acceleration="-581"/>
    <motionState vehicle="2" speed="2739" time="4830" acceleration="-2047"/>
    <motionState vehicle="3" speed="2490" time="4830" acceleration="-2198"/>
    <motionState vehicle="4" speed="6547" time="4830" acceleration="13636"/>
    <motionState vehicle="5" speed="2187" time="4830" acceleration="-338"/>
    <motionState vehicle="6" speed="2105" time="4830" acceleration="723"/>
    <motionState vehicle="7" speed="2155" time="4830" acceleration="1030"/>
    <motionState vehicle="8" speed="2236" time="4830" acceleration="1378"/>
    <motionState vehicle="9" speed="2353" time="4830" acceleration="1686"/>
    <motionState vehicle="10" speed="2500" time="4830" acceleration="1837"/>
    <motionState vehicle="11" speed="2660" time="4830" acceleration="1649"/>
    <motionState vehicle="0" speed="2798" time="4840" acceleration="832"/>
    <motionState vehicle="1" speed="2843" time="4840" acceleration="-598"/>
    <motionState vehicle="2" speed="2737" time="4840" acceleration="-2053"/>
    <motionState vehicle="3" speed="2487" time="4840" acceleration="-2189"/>
    <motionState vehicle="4" speed="6560" time="4840" acceleration="13636"/>
    <motionState vehicle="5" speed="2187" time="4840" acceleration="-333"/>
    <motionState vehicle="6" speed="2106" time="4840" acceleration="724"/>
    <motionState vehicle="7" speed="2156" time="4840" acceleration="1031"/>
    <motionState vehicle="8" speed="2238" time="4840" acceleration="1379"/>
    <motionState vehicle="9" speed="2354" time="4840" acceleration="1685"/>
    <motionState vehicle="10" speed="2501" time="4840" acceleration="1833"/>
    <motionState vehicle="11" speed="2661" time="4840" acceleration="1639"/>
    <motionState vehicle="0" speed="2799" time="4850" acceleration="816"/>
    <motionState vehicle="1" speed="2842" time="4850" acceleration="-616"/>
    <motionState vehicle="2" speed="2735" time="4850" acceleration="-2058"/>
    <motionState vehicle="3" speed="2485" time="4850" acceleration="-2179"/>
    <motionState vehicle="4" speed="6574" time="4850" acceleration="13636"/>
    <motionState vehicle="5" speed="2186" time="4850" acceleration="-327"/>
    <motionState vehicle="6" speed="2107" time="4850" acceleration="725"/>
    <motionState vehicle="7" speed="2157" time="4850" acceleration="1032"/>
    <motionState vehicle="8" speed="2239" time="4850" acceleration="1380"/>
    <motionState vehicle="9" speed="2356" time="4850" acceleration="1685"/>
    <motionState vehicle="10" speed="2503" time="4850" acceleration="1829"/>
    <motionState vehicle="11" speed="2663" time="4850" acceleration="1629"/>
    <motionState vehicle="0" speed="2800" time="4860" acceleration="799"/>
    <motionState vehicle="1" speed="2842" time="4860" acceleration="-633"/>
    <motionState vehicle="2" speed="2733" time="4860" acceleration="-2063"/>
    <motionState vehicle="3" speed="2483" time="4860" acceleration="-2170"/>
    <motionState vehicle="4" speed="6588" time="4860" acceleration="13636"/>
    <motionState vehicle="5" speed="2186" time="4860" acceleration="-322"/>
    <motionState vehicle="6" speed="2107" time="4860" acceleration="726"/>
    <motionState vehicle="7" speed="2158" time="4860" acceleration="1033"/>
    <motionState vehicle="8" speed="2240" time="4860" acceleration="1381"/>
    <motionState vehicle="9" speed="2358" time="4860" acceleration="1684"/>
    <motionState vehicle="10" speed="2505" time="4860" acceleration="1825"/>
    <motionState vehicle="11" speed="2665" time="4860" acceleration="1619"/>
    <motionState vehicle="0" speed="2801" time="4870" acceleration="783"/>
    <motionState vehicle="1" speed="2841" time="4870" acceleration="-650"/>
    <motionState vehicle="2" speed="2731" time="4870" acceleration="-2068"/>
    <motionState vehicle="3" speed="2481" time="4870" acceleration="-2160"/>
    <motionState vehicle="4" speed="6601" time="4870" acceleration="13636"/>
    <motionState vehicle="5" speed="2186" time="4870" acceleration="-317"/>
    <motionState vehicle="6" speed="2108" time="4870" acceleration="726"/>
    <motionState vehicle="7" speed="2159" time="4870" acceleration="1034"/>
    <motionState vehicle="8" speed="2242" time="4870" acceleration="1382"/>
    <motionState vehicle="9" speed="2360" time="4870" acceleration="1684"/>
    <motionState vehicle="10" speed="2507" time="4870" acceleration="1821"/>
    <motionState vehicle="11" speed="2666" time="4870" acceleration="1609"/>
    <motionState vehicle="0" speed="2802" time="4880" acceleration="766"/>
    <motionState vehicle="1" speed="2840" time="4880" acceleration="-667"/>
    <motionState vehicle="2" speed="2729" time="4880" acceleration="-2073"/>
    <motionState vehicle="3" speed="2479" time="4880" acceleration="-2151"/>
    <motionState vehicle="4" speed="6615" time="4880" acceleration="13636"/>
    <motionState vehicle="5" speed="2185" time="4880" acceleration="-311"/>
    <motionState vehicle="6" speed="2109" time="4880" acceleration="727"/>
    <motionState vehicle="7" speed="2160" time="4880" acceleration="1036"/>
    <motionState vehicle="8" speed="2243" time="4880" acceleration="1383"/>
    <motionState vehicle="9" speed="2361" time="4880" acceleration="1683"/>
    <motionState vehicle="10" speed="2509" time="4880" acceleration="1817"/>
    <motionState vehicle="11" speed="2668" time="4880" acceleration="1599"/>
    <motionState vehicle="0" speed="2802" time="4890" acceleration="750"/>
    <motionState vehicle="1" speed="2840" time="4890" acceleration="-684"/>
    <motionState vehicle="2" speed="2727" time="4890" acceleration="-2077"/>
    <motionState vehicle="3" speed="2477" time="4890" acceleration="-2141"/>
    <motionState vehicle="4" speed="6628" time="4890" acceleration="13636"/>
    <motionState vehicle="5" speed="2185" time="4890" acceleration="-306"/>
    <motionState vehicle="6" speed="2109" time="4890" acceleration="728"/>
    <motionState vehicle="7" speed="2161" time="4890" acceleration="1037"/>
    <motionState vehicle="8" speed="2245" time="4890" acceleration="1384"/>
    <motionState vehicle="9" speed="2363" time="4890" acceleration="1682"/>
    <motionState vehicle="10" speed="2511" time="4890" acceleration="1813"/>
    <motionState vehicle="11" speed="2669" time="4890" acceleration="1589"/>
    <motionState vehicle="0" speed="2803" time="4900" acceleration="734"/>
    <motionState vehicle="1" speed="2839" time="4900" acceleration="-701"/>
    <motionState vehicle="2" speed="2725" time="4900" acceleration="-2082"/>
    <motionState vehicle="3" speed="2474" time="4900" acceleration="-2131"/>
    <motionState vehicle="4" speed="6642" time="4900" acceleration="13636"/>
    <motionState vehicle="5" speed="2185" time="4900" acceleration="-301"/>
    <motionState vehicle="6" speed="2110" time="4900" acceleration="729"/>
    <motionState vehicle="7" speed="2162" time="4900" acceleration="1038"/>
    <motionState vehicle="8" speed="2246" time="4900" acceleration="1385"/>
    <motionState vehicle="9" speed="2365" time="4900" acceleration="1682"/>
    <motionState vehicle="10" speed="2512" time="4900" acceleration="1809"/>
    <motionState vehicle="11" speed="2671" time="4900" acceleration="1579"/>
    <motionState vehicle="0" speed="2804" time="4910" acceleration="717"/>
    <motionState vehicle="1" speed="2838" time="4910" acceleration="-717"/>
    <motionState vehicle="2" speed="2723" time="4910" acceleration="-2086"/>
    <motionState vehicle="3" speed="2472" time="4910" acceleration="-2122"/>
    <motionState vehicle="4" speed="6656" time="4910" acceleration="13636"/>
    <motionState vehicle="5" speed="2184" time="4910" acceleration="-295"/>
    <motionState vehicle="6" speed="2111" time="4910" acceleration="730"/>
    <motionState vehicle="7" speed="2163" time="4910" acceleration="1040"/>
    <motionState vehicle="8" speed="2247" time="4910" acceleration="1385"/>
    <motionState vehicle="9" speed="2366" time="4910" acceleration="1681"/>
    <motionState vehicle="10" speed="2514" time="4910" acceleration="1805"/>
    <motionState vehicle="11" speed="2673" time="4910" acceleration="1569"/>
    <motionState vehicle="0" speed="2805" time="4920" acceleration="701"/>
    <motionState vehicle="1" speed="2838" time="4920" acceleration="-734"/>
    <motionState vehicle="2" speed="2721" time="4920" acceleration="-2090"/>
    <motionState vehicle="3" speed="2470" time="4920" acceleration="-2112"/>
    <motionState vehicle="4" speed="6669" time="4920" acceleration="13636"/>
    <motionState vehicle="5" speed="2184" time="4920" acceleration="-290"/>
    <motionState vehicle="6" speed="2112" time="4920" acceleration="731"/>
    <motionState vehicle="7" speed="2164" time="4920" acceleration="1041"/>
    <motionState vehicle="8" speed="2249" time="4920" acceleration="1386"/>
    <motionState vehicle="9" speed="2368" time="4920" acceleration="1680"/>
    <motionState vehicle="10" speed="2516" time="4920" acceleration="1801"/>
    <motionState vehicle="11" speed="2674" time="4920" acceleration="1559"/>
    <motionState vehicle="0" speed="2805" time="4930" acceleration="684"/>
    <motionState vehicle="1" speed="2837" time="4930" acceleration="-750"/>
    <motionState vehicle="2" speed="2719" time="4930" acceleration="-2094"/>
    <motionState vehicle="3" speed="2468" time="4930" acceleration="-2102"/>
    <motionState vehicle="4" speed="6683" time="4930" acceleration="13636"/>
    <motionState vehicle="5" speed="2184" time="4930" acceleration="-285"/>
    <motionState vehicle="6" speed="2112" time="4930" acceleration="732"/>
    <motionState vehicle="7" speed="2165" time="4930" acceleration="1042"/>
    <motionState vehicle="8" speed="2250" time="4930" acceleration="1387"/>
    <motionState vehicle="9" speed="2370" time="4930" acceleration="1679"/>
    <motionState vehicle="10" speed="2518" time="4930" acceleration="1797"/>
    <motionState vehicle="11" speed="2676" time="4930" acceleration="1549"/>
    <motionState vehicle="0" speed="2806" time="4940" acceleration="668"/>
    <motionState vehicle="1" speed="2836" time="4940" acceleration="-766"/>
    <motionState vehicle="2" speed="2717" time="4940" acceleration="-2098"/>
    <motionState vehicle="3" speed="2466" time="4940" acceleration="-2093"/>
    <motionState vehicle="4" speed="6697" time="4940" acceleration="13636"/>
    <motionState vehicle="5" speed="2183" time="4940" acceleration="-279"/>
    <motionState vehicle="6" speed="2113" time="4940" acceleration="733"/>
    <motionState vehicle="7" speed="2166" time="4940" acceleration="1044"/>
    <motionState vehicle="8" speed="2252" time="4940" acceleration="1388"/>
    <motionState vehicle="9" speed="2371" time="4940" acceleration="1679"/>
    <motionState vehicle="10" speed="2520" time="4940" acceleration="1793"/>
    <motionState vehicle="11" speed="2677" time="4940" acceleration="1539"/>
    <motionState vehicle="0" speed="2807" time="4950" acceleration="651"/>
    <motionState vehicle="1" speed="2835" time="4950" acceleration="-782"/>
    <motionState vehicle="2" speed="2714" time="4950" acceleration="-2102"/>
    <motionState vehicle="3" speed="2464" time="4950" acceleration="-2083"/>
    <motionState vehicle="4" speed="6710" time="4950" acceleration="13636"/>
    <motionState vehicle="5" speed="2183" time="4950" acceleration="-274"/>
    <motionState vehicle="6" speed="2114" time="4950" acceleration="734"/>
    <motionState vehicle="7" speed="2167" time="4950" acceleration="1045"/>
    <motionState vehicle="8" speed="2253" time="4950" acceleration="1389"/>
    <motionState vehicle="9" speed="2373" time="4950" acceleration="1678"/>
    <motionState vehicle="10" speed="2521" time="4950" acceleration="1788"/>
    <motionState vehicle="11" speed="2679" time="4950" acceleration="1529"/>
    <motionState vehicle="0" speed="2807" time="4960" acceleration="635"/>
    <motionState vehicle="1" speed="2835" time="4960" acceleration="-798"/>
    <motionState vehicle="2" speed="2712" time="4960" acceleration="-2105"/>
    <motionState vehicle="3" speed="2462" time="4960" acceleration="-2073"/>
    <motionState vehicle="4" speed="6724" time="4960" acceleration="13636"/>
    <motionState vehicle="5" speed="2183" time="4960" acceleration="-269"/>
    <motionState vehicle="6" speed="2115" time="4960" acceleration="735"/>
    <motionState vehicle="7" speed="2168" time="4960" acceleration="1046"/>
    <motionState vehicle="8" speed="2254" time="4960" acceleration="1390"/>
    <motionState vehicle="9" speed="2375" time="4960" acceleration="1677"/>
    <motionState vehicle="10" speed="2523" time="4960" acceleration="1784"/>
    <motionState vehicle="11" speed="2680" time="4960" acceleration="1519"/>
    <motionState vehicle="0" speed="2808" time="4970" acceleration="619"/>
    <motionState vehicle="1" speed="2834" time="4970" acceleration="-814"/>
    <motionState vehicle="2" speed="2710" time="4970" acceleration="-2109"/>
    <motionState vehicle="3" speed="2460" time="4970" acceleration="-2063"/>
    <motionState vehicle="4" speed="6738" time="4970" acceleration="13636"/>
    <motionState vehicle="5" speed="2183" time="4970" acceleration="-263"/>
    <motionState vehicle="6" speed="2115" time="4970" acceleration="736"/>
    <motionState vehicle="7" speed="2170" time="4970" acceleration="1048"/>
    <motionState vehicle="8" speed="2256" time="4970" acceleration="1391"/>
    <motionState vehicle="9" speed="2376" time="4970" acceleration="1676"/>
    <motionState vehicle="10" speed="2525" time="4970" acceleration="1780"/>
    <motionState vehicle="11" speed="2682" time="4970" acceleration="1508"/>
    <motionState vehicle="0" speed="2808" time="4980" acceleration="603"/>
    <motionState vehicle="1" speed="2833" time="4980" acceleration="-829"/>
    <motionState vehicle="2" speed="2708" time="4980" acceleration="-2112"/>
    <motionState vehicle="3" speed="2458" time="4980" acceleration="-2053"/>
    <motionState vehicle="4" speed="6751" time="4980" acceleration="13636"/>
    <motionState vehicle="5" speed="2182" time="4980" acceleration="-258"/>
    <motionState vehicle="6" speed="2116" time="4980" acceleration="737"/>
    <motionState vehicle="7" speed="2171" time="4980" acceleration="1049"/>
    <motionState vehicle="8" speed="2257" time="4980" acceleration="1392"/>
    <motionState vehicle="9" speed="2378" time="4980" acceleration="1676"/>
    <motionState vehicle="10" speed="2527" time="4980" acceleration="1775"/>
    <motionState vehicle="11" speed="2683" time="4980" acceleration="1498"/>
    <motionState vehicle="0" speed="2809" time="4990" acceleration="586"/>
    <motionState vehicle="1" speed="2832" time="4990" acceleration="-845"/>
    <motionState vehicle="2" speed="2706" time="4990" acceleration="-2115"/>
    <motionState vehicle="3" speed="2456" time="4990" acceleration="-2043"/>
    <motionState vehicle="4" speed="6765" time="4990" acceleration="13636"/>
    <motionState vehicle="5" speed="2182" time="4990" acceleration="-252"/>
    <motionState vehicle="6" speed="2117" time="4990" acceleration="738"/>
    <motionState vehicle="7" speed="2172" time="4990" acceleration="1051"/>
    <motionState vehicle="8" speed="2258" time="4990" acceleration="1393"/>
    <motionState vehicle="9" speed="2380" time="4990" acceleration="1675"/>
    <motionState vehicle="10" speed="2528" time="4990" acceleration="1771"/>
    <motionState vehicle="11" speed="2685" time="4990" acceleration="1487"/>
    <motionState vehicle="0" speed="2810" time="5000" acceleration="570"/>
    <motionState vehicle="1" speed="2831" time="5000" acceleration="-860"/>
    <motionState vehicle="2" speed="2704" time="5000" acceleration="-2118"/>
    <motionState vehicle="3" speed="2454" time="5000" acceleration="-2033"/>
    <motionState vehicle="4" speed="6778" time="5000" acceleration="13636"/>
    <motionState vehicle="5" speed="2182" time="5000" acceleration="-247"/>
    <motionState vehicle="6" speed="2118" time="5000" acceleration="739"/>
    <motionState vehicle="7" speed="2173" time="5000" acceleration="1052"/>
    <motionState vehicle="8" speed="2260" time="5000" acceleration="1394"/>
    <motionState vehicle="9" speed="2381" time="5000" acceleration="1674"/>
    <motionState vehicle="10" speed="2530" time="5000" acceleration="1766"/>
    <motionState vehicle="11" speed="2686" time="5000" acceleration="1477"/>
    <motionState vehicle="0" speed="2810" time="5010" acceleration="554"/>
    <motionState vehicle="1" speed="2830" time="5010" acceleration="-875"/>
    <motionState vehicle="2" speed="2702" time="5010" acceleration="-2120"/>
    <motionState vehicle="3" speed="2452" time="5010" acceleration="-2023"/>
    <motionState vehicle="4" speed="6792" time="5010" acceleration="13636"/>
    <motionState vehicle="5" speed="2182" time="5010" acceleration="-242"/>
    <motionState vehicle="6" speed="2118" time="5010" acceleration="740"/>
    <motionState vehicle="7" speed="2174" time="5010" acceleration="1054"/>
    <motionState vehicle="8" speed="2261" time="5010" acceleration="1395"/>
    <motionState vehicle="9" speed="2383" time="5010" acceleration="1673"/>
    <motionState vehicle="10" speed="2532" time="5010" acceleration="1762"/>
    <motionState vehicle="11" speed="2688" time="5010" acceleration="1467"/>
    <motionState vehicle="0" speed="2811" time="5020" acceleration="538"/>
    <motionState vehicle="1" speed="2829" time="5020" acceleration="-890"/>
    <motionState vehicle="2" speed="2700" time="5020" acceleration="-2123"/>
    <motionState vehicle="3" speed="2450" time="5020" acceleration="-2013"/>
    <motionState vehicle="4" speed="6806" time="5020" acceleration="13636"/>
    <motionState vehicle="5" speed="2181" time="5020" acceleration="-236"/>
    <motionState vehicle="6" speed="2119" time="5020" acceleration="741"/>
    <motionState vehicle="7" speed="2175" time="5020" acceleration="1055"/>
    <motionState vehicle="8" speed="2263" time="5020" acceleration="1396"/>
    <motionState vehicle="9" speed="2385" time="5020" acceleration="1672"/>
    <motionState vehicle="10" speed="2534" time="5020" acceleration="1757"/>
    <motionState vehicle="11" speed="2689" time="5020" acceleration="1456"/>
    <motionState vehicle="0" speed="2811" time="5030" acceleration="521"/>
    <motionState vehicle="1" speed="2829" time="5030" acceleration="-905"/>
    <motionState vehicle="2" speed="2698" time="5030" acceleration="-2125"/>
    <motionState vehicle="3" speed="2448" time="5030" acceleration="-2003"/>
    <motionState vehicle="4" speed="6819" time="5030" acceleration="13636"/>
    <motionState vehicle="5" speed="2181" time="5030" acceleration="-231"/>
    <motionState vehicle="6" speed="2120" time="5030" acceleration="743"/>
    <motionState vehicle="7" speed="2176" time="5030" acceleration="1057"/>
    <motionState vehicle="8" speed="2264" time="5030" acceleration="1396"/>
    <motionState vehicle="9" speed="2386" time="5030" acceleration="1671"/>
    <motionState vehicle="10" speed="2535" time="5030" acceleration="1753"/>
    <motionState vehicle="11" speed="2691" time="5030" acceleration="1446"/>
    <motionState vehicle="0" speed="2812" time="5040" acceleration="505"/>
    <motionState vehicle="1" speed="2828" time="5040" acceleration="-920"/>
    <motionState vehicle="2" speed="2695" time="5040" acceleration="-2128"/>
    <motionState vehicle="3" speed="2446" time="5040" acceleration="-1993"/>
    <motionState vehicle="4" speed="6833" time="5040" acceleration="13636"/>
    <motionState vehicle="5" speed="2181" time="5040" acceleration="-225"/>
    <motionState vehicle="6" speed="2121" time="5040" acceleration="744"/>
    <motionState vehicle="7" speed="2177" time="5040" acceleration="1058"/>
    <motionState vehicle="8" speed="2265" time="5040" acceleration="1397"/>
    <motionState vehicle="9" speed="2388" time="5040" acceleration="1671"/>
    <motionState vehicle="10" speed="2537" time="5040" acceleration="1748"/>
    <motionState vehicle="11" speed="2692" time="5040" acceleration="1435"/>
    <motionState vehicle="0" speed="2812" time="5050" acceleration="489"/>
    <motionState vehicle="1" speed="2827" time="5050" acceleration="-934"/>
    <motionState vehicle="2" speed="2693" time="5050" acceleration="-2130"/>
    <motionState vehicle="3" speed="2444" time="5050" acceleration="-1983"/>
    <motionState vehicle="4" speed="6847" time="5050" acceleration="13636"/>
    <motionState vehicle="5" speed="2181" time="5050" acceleration="-220"/>
    <motionState vehicle="6" speed="2121" time="5050" acceleration="745"/>
    <motionState vehicle="7" speed="2178" time="5050" acceleration="1060"/>
    <motionState vehicle="8" speed="2267" time="5050" acceleration="1398"/>
    <motionState vehicle="9" speed="2390" time="5050" acceleration="1670"/>
    <motionState vehicle="10" speed="2539" time="5050" acceleration="1744"/>
    <motionState vehicle="11" speed="2694" time="5050" acceleration="1424"/>
    <motionState vehicle="0" speed="2813" time="5060" acceleration="473"/>
    <motionState vehicle="1" speed="2826" time="5060" acceleration="-949"/>
    <motionState vehicle="2" speed="2691" time="5060" acceleration="-2132"/>
    <motionState vehicle="3" speed="2442" time="5060" acceleration="-1973"/>
    <motionState vehicle="4" speed="6860" time="5060" acceleration="13636"/>
    <motionState vehicle="5" speed="2181" time="5060" acceleration="-215"/>
    <motionState vehicle="6" speed="2122" time="5060" acceleration="746"/>
    <motionState vehicle="7" speed="2179" time="5060" acceleration="1061"/>
    <motionState vehicle="8" speed="2268" time="5060" acceleration="1399"/>
    <motionState vehicle="9" speed="2391" time="5060" acceleration="1669"/>
    <motionState vehicle="10" speed="2541" time="5060" acceleration="1739"/>
    <motionState vehicle="11" speed="2695" time="5060" acceleration="1414"/>
    <motionState vehicle="0" speed="2813" time="5070" acceleration="457"/>
    <motionState vehicle="1" speed="2825" time="5070" acceleration="-963"/>
    <motionState vehicle="2" speed="2689" time="5070" acceleration="-2134"/>
    <motionState vehicle="3" speed="2440" time="5070" acceleration="-1962"/>
    <motionState vehicle="4" speed="6874" time="5070" acceleration="13636"/>
    <motionState vehicle="5" speed="2180" time="5070" acceleration="-209"/>
    <motionState vehicle="6" speed="2123" time="5070" acceleration="748"/>
    <motionState vehicle="7" speed="2180" time="5070" acceleration="1063"/>
    <motionState vehicle="8" speed="2270" time="5070" acceleration="1400"/>
    <motionState vehicle="9" speed="2393" time="5070" acceleration="1668"/>
    <motionState vehicle="10" speed="2542" time="5070" acceleration="1734"/>
    <motionState vehicle="11" speed="2696" time="5070" acceleration="1403"/>
    <motionState vehicle="0" speed="2814" time="5080" acceleration="441"/>
    <motionState vehicle="1" speed="2824" time="5080" acceleration="-977"/>
    <motionState vehicle="2" speed="2687" time="5080" acceleration="-2135"/>
    <motionState vehicle="3" speed="2438" time="5080" acceleration="-1952"/>
    <motionState vehicle="4" speed="6888" time="5080" acceleration="13636"/>
    <motionState vehicle="5" speed="2180" time="5080" acceleration="-204"/>
    <motionState vehicle="6" speed="2124" time="5080" acceleration="749"/>
    <motionState vehicle="7" speed="2181" time="5080" acceleration="1064"/>
    <motionState vehicle="8" speed="2271" time="5080" acceleration="1401"/>
    <motionState vehicle="9" speed="2395" time="5080" acceleration="1667"/>
    <motionState vehicle="10" speed="2544" time="5080" acceleration="1729"/>
    <motionState vehicle="11" speed="2698" time="5080" acceleration="1392"/>
    <motionState vehicle="0" speed="2814" time="5090" acceleration="425"/>
    <motionState vehicle="1" speed="2823" time="5090" acceleration="-992"/>
    <motionState vehicle="2" speed="2685" time="5090" acceleration="-2137"/>
    <motionState vehicle="3" speed="2436" time="5090" acceleration="-1942"/>
    <motionState vehicle="4" speed="6901" time="5090" acceleration="13636"/>
    <motionState vehicle="5" speed="2180" time="5090" acceleration="-199"/>
    <motionState vehicle="6" speed="2124" time="5090" acceleration="750"/>
    <motionState vehicle="7" speed="2182" time="5090" acceleration="1066"/>
    <motionState vehicle="8" speed="2272" time="5090" acceleration="1402"/>
    <motionState vehicle="9" speed="2396" time="5090" acceleration="1666"/>
    <motionState vehicle="10" speed="2546" time="5090" acceleration="1725"/>
    <motionState vehicle="11" speed="2699" time="5090" acceleration="1381"/>
    <motionState vehicle="0" speed="2814" time="5100" acceleration="409"/>
    <motionState vehicle="1" speed="2822" time="5100" acceleration="-1005"/>
    <motionState vehicle="2" speed="2683" time="5100" acceleration="-2138"/>
    <motionState vehicle="3" speed="2434" time="5100" acceleration="-1932"/>
    <motionState vehicle="4" speed="6915" time="5100" acceleration="13636"/>
    <motionState vehicle="5" speed="2180" time="5100" acceleration="-193"/>
    <motionState vehicle="6" speed="2125" time="5100" acceleration="751"/>
    <motionState vehicle="7" speed="2183" time="5100" acceleration="1067"/>
    <motionState vehicle="8" speed="2274" time="5100" acceleration="1403"/>
    <motionState vehicle="9" speed="2398" time="5100" acceleration="1665"/>
    <motionState vehicle="10" speed="2548" time="5100" acceleration="1720"/>
    <motionState vehicle="11" speed="2700" time="5100" acceleration="1371"/>
    <motionState vehicle="0" speed="2815" time="5110" acceleration="393"/>
    <motionState vehicle="1" speed="2821" time="5110" acceleration="-1019"/>
    <motionState vehicle="2" speed="2680" time="5110" acceleration="-2140"/>
    <motionState vehicle="3" speed="2432" time="5110" acceleration="-1921"/>
    <motionState vehicle="4" speed="6928" time="5110" acceleration="13636"/>
    <motionState vehicle="5" speed="2180" time="5110" acceleration="-188"/>
    <motionState vehicle="6" speed="2126" time="5110" acceleration="753"/>
    <motionState vehicle="7" speed="2184" time="5110" acceleration="1069"/>
    <motionState vehicle="8" speed="2275" time="5110" acceleration="1404"/>
    <motionState vehicle="9" speed="2400" time="5110" acceleration="1664"/>
    <motionState vehicle="10" speed="2549" time="5110" acceleration="1715"/>
    <motionState vehicle="11" speed="2702" time="5110" acceleration="1360"/>
    <motionState vehicle="0" speed="2815" time="5120" acceleration="377"/>
    <motionState vehicle="1" speed="2820" time="5120" acceleration="-1033"/>
    <motionState vehicle="2" speed="2678" time="5120" acceleration="-2141"/>
    <motionState vehicle="3" speed="2430" time="5120" acceleration="-1911"/>
    <motionState vehicle="4" speed="6942" time="5120" acceleration="13636"/>
    <motionState vehicle="5" speed="2179" time="5120" acceleration="-182"/>
    <motionState vehicle="6" speed="2127" time="5120" acceleration="754"/>
    <motionState vehicle="7" speed="2185" time="5120" acceleration="1071"/>
    <motionState vehicle="8" speed="2277" time="5120" acceleration="1405"/>
    <motionState vehicle="9" speed="2401" time="5120" acceleration="1663"/>
    <motionState vehicle="10" speed="2551" time="5120" acceleration="1710"/>
    <motionState vehicle="11" speed="2703" time="5120" acceleration="1349"/>
    <motionState vehicle="0" speed="2815" time="5130" acceleration="361"/>
    <motionState vehicle="1" speed="2819" time="5130" acceleration="-1046"/>
    <motionState vehicle="2" speed="2676" time="5130" acceleration="-2142"/>
    <motionState vehicle="3" speed="2428" time="5130" acceleration="-1901"/>
    <motionState vehicle="4" speed="6956" time="5130" acceleration="13636"/>
    <motionState vehicle="5" speed="2179" time="5130" acceleration="-177"/>
    <motionState vehicle="6" speed="2127" time="5130" acceleration="756"/>
    <motionState vehicle="7" speed="2187" time="5130" acceleration="1072"/>
    <motionState vehicle="8" speed="2278" time="5130" acceleration="1406"/>
    <motionState vehicle="9" speed="2403" time="5130" acceleration="1662"/>
    <motionState vehicle="10" speed="2553" time="5130" acceleration="1705"/>
    <motionState vehicle="11" speed="2705" time="5130" acceleration="1338"/>
    <motionState vehicle="0" speed="2816" time="5140" acceleration="346"/>
    <motionState vehicle="1" speed="2818" time="5140" acceleration="-1060"/>
    <motionState vehicle="2" speed="2674" time="5140" acceleration="-2143"/>
    <motionState vehicle="3" speed="2426" time="5140" acceleration="-1890"/>
    <motionState vehicle="4" speed="6969" time="5140" acceleration="13636"/>
    <motionState vehicle="5" speed="2179" time="5140" acceleration="-172"/>
    <motionState vehicle="6" speed="2128" time="5140" acceleration="757"/>
    <motionState vehicle="7" speed="2188" time="5140" acceleration="1074"/>
    <motionState vehicle="8" speed="2279" time="5140" acceleration="1407"/>
    <motionState vehicle="9" speed="2405" time="5140" acceleration="1660"/>
    <motionState vehicle="10" speed="2554" time="5140" acceleration="1700"/>
    <motionState vehicle="11" speed="2706" time="5140" acceleration="1327"/>
    <motionState vehicle="0" speed="2816" time="5150" acceleration="330"/>
    <motionState vehicle="1" speed="2817" time="5150" acceleration="-1073"/>
    <motionState vehicle="2" speed="2672" time="5150" acceleration="-2143"/>
    <motionState vehicle="3" speed="2424" time="5150" acceleration="-1880"/>
    <motionState vehicle="4" speed="6983" time="5150" acceleration="13636"/>
    <motionState vehicle="5" speed="2179" time="5150" acceleration="-166"/>
    <motionState vehicle="6" speed="2129" time="5150" acceleration="758"/>
    <motionState vehicle="7" speed="2189" time="5150" acceleration="1075"/>
    <motionState vehicle="8" speed="2281" time="5150" acceleration="1407"/>
    <motionState vehicle="9" speed="2406" time="5150" acceleration="1659"/>
    <motionState vehicle="10" speed="2556" time="5150" acceleration="1695"/>
    <motionState vehicle="11" speed="2707" time="5150" acceleration="1316"/>
    <motionState vehicle="0" speed="2816" time="5160" acceleration="314"/>
    <motionState vehicle="1" speed="2815" time="5160" acceleration="-1086"/>
    <motionState vehicle="2" speed="2670" time="5160" acceleration="-2144"/>
    <motionState vehicle="3" speed="2423" time="5160" acceleration="-1870"/>
    <motionState vehicle="4" speed="6997" time="5160" acceleration="13636"/>
    <motionState vehicle="5" speed="2179" time="5160" acceleration="-161"/>
    <motionState vehicle="6" speed="2130" time="5160" acceleration="760"/>
    <motionState vehicle="7" speed="2190" time="5160" acceleration="1077"/>
    <motionState vehicle="8" speed="2282" time="5160" acceleration="1408"/>
    <motionState vehicle="9" speed="2408" time="5160" acceleration="1658"/>
    <motionState vehicle="10" speed="2558" time="5160" acceleration="1690"/>
    <motionState vehicle="11" speed="2708" time="5160" acceleration="1305"/>
    <motionState vehicle="0" speed="2817" time="5170" acceleration="299"/>
    <motionState vehicle="1" speed="2814" time="5170" acceleration="-1099"/>
    <motionState vehicle="2" speed="2668" time="5170" acceleration="-2144"/>
    <motionState vehicle="3" speed="2421" time="5170" acceleration="-1859"/>
    <motionState vehicle="4" speed="7010" time="5170" acceleration="13636"/>
    <motionState vehicle="5" speed="2178" time="5170" acceleration="-155"/>
    <motionState vehicle="6" speed="2130" time="5170" acceleration="761"/>
    <motionState vehicle="7" speed="2191" time="5170" acceleration="1079"/>
    <motionState vehicle="8" speed="2284" time="5170" acceleration="1409"/>
    <motionState vehicle="9" speed="2410" time="5170" acceleration="1657"/>
    <motionState vehicle="10" speed="2560" time="5170" acceleration="1684"/>
    <motionState vehicle="11" speed="2710" time="5170" acceleration="1294"/>
    <motionState vehicle="0" speed="2817" time="5180" acceleration="283"/>
    <motionState vehicle="1" speed="2813" time="5180" acceleration="-1112"/>
    <motionState vehicle="2" speed="2665" time="5180" acceleration="-2145"/>
    <motionState vehicle="3" speed="2419" time="5180" acceleration="-1849"/>
    <motionState vehicle="4" speed="7024" time="5180" acceleration="13636"/>
    <motionState vehicle="5" speed="2178" time="5180" acceleration="-150"/>
    <motionState vehicle="6" speed="2131" time="5180" acceleration="763"/>
    <motionState vehicle="7" speed="2192" time="5180" acceleration="1080"/>
    <motionState vehicle="8" speed="2285" time="5180" acceleration="1410"/>
    <motionState vehicle="9" speed="2411" time="5180" acceleration="1656"/>
    <motionState vehicle="10" speed="2561" time="5180" acceleration="1679"/>
    <motionState vehicle="11" speed="2711" time="5180" acceleration="1283"/>
    <motionState vehicle="0" speed="2817" time="5190" acceleration="267"/>
    <motionState vehicle="1" speed="2812" time="5190" acceleration="-1125"/>
    <motionState vehicle="2" speed="2663" time="5190" acceleration="-2145"/>
    <motionState vehicle="3" speed="2417" time="5190" acceleration="-1839"/>
    <motionState vehicle="4" speed="7038" time="5190" acceleration="13636"/>
    <motionState vehicle="5" speed="2178" time="5190" acceleration="-145"/>
    <motionState vehicle="6" speed="2132" time="5190" acceleration="764"/>
    <motionState vehicle="7" speed="2193" time="5190" acceleration="1082"/>
    <motionState vehicle="8" speed="2287" time="5190" acceleration="1411"/>
    <motionState vehicle="9" speed="2413" time="5190" acceleration="1655"/>
    <motionState vehicle="10" speed="2563" time="5190" acceleration="1674"/>
    <motionState vehicle="11" speed="2712" time="5190" acceleration="1272"/>
    <motionState vehicle="0" speed="2818" time="5200" acceleration="252"/>
    <motionState vehicle="1" speed="2811" time="5200" acceleration="-1137"/>
    <motionState vehicle="2" speed="2661" time="5200" acceleration="-2145"/>
    <motionState vehicle="3" speed="2415" time="5200" acceleration="-1828"/>
    <motionState vehicle="4" speed="7051" time="5200" acceleration="13636"/>
    <motionState vehicle="5" speed="2178" time="5200" acceleration="-139"/>
    <motionState vehicle="6" speed="2133" time="5200" acceleration="766"/>
    <motionState vehicle="7" speed="2194" time="5200" acceleration="1084"/>
    <motionState vehicle="8" speed="2288" time="5200" acceleration="1412"/>
    <motionState vehicle="9" speed="2415" time="5200" acceleration="1653"/>
    <motionState vehicle="10" speed="2565" time="5200" acceleration="1669"/>
    <motionState vehicle="11" speed="2714" time="5200" acceleration="1261"/>
    <motionState vehicle="0" speed="2818" time="5210" acceleration="236"/>
    <motionState vehicle="1" speed="2810" time="5210" acceleration="-1150"/>
    <motionState vehicle="2" speed="2659" time="5210" acceleration="-2145"/>
    <motionState vehicle="3" speed="2413" time="5210" acceleration="-1818"/>
    <motionState vehicle="4" speed="7065" time="5210" acceleration="13636"/>
    <motionState vehicle="5" speed="2178" time="5210" acceleration="-134"/>
    <motionState vehicle="6" speed="2133" time="5210" acceleration="767"/>
    <motionState vehicle="7" speed="2195" time="5210" acceleration="1085"/>
    <motionState vehicle="8" speed="2289" time="5210" acceleration="1413"/>
    <motionState vehicle="9" speed="2416" time="5210" acceleration="1652"/>
    <motionState vehicle="10" speed="2566" time="5210" acceleration="1663"/>
    <motionState vehicle="11" speed="2715" time="5210" acceleration="1249"/>
    <motionState vehicle="0" speed="2818" time="5220" acceleration="221"/>
    <motionState vehicle="1" speed="2809" time="5220" acceleration="-1162"/>
    <motionState vehicle="2" speed="2657" time="5220" acceleration="-2145"/>
    <motionState vehicle="3" speed="2412" time="5220" acceleration="-1807"/>
    <motionState vehicle="4" speed="7078" time="5220" acceleration="13636"/>
    <motionState vehicle="5" speed="2178" time="5220" acceleration="-129"/>
    <motionState vehicle="6" speed="2134" time="5220" acceleration="769"/>
    <motionState vehicle="7" speed="2196" time="5220" acceleration="1087"/>
    <motionState vehicle="8" speed="2291" time="5220" acceleration="1414"/>
    <motionState vehicle="9" speed="2418" time="5220" acceleration="1651"/>
    <motionState vehicle="10" speed="2568" time="5220" acceleration="1658"/>
    <motionState vehicle="11" speed="2716" time="5220" acceleration="1238"/>
    <motionState vehicle="0" speed="2818" time="5230" acceleration="205"/>
    <motionState vehicle="1" speed="2807" time="5230" acceleration="-1174"/>
    <motionState vehicle="2" speed="2655" time="5230" acceleration="-2145"/>
    <motionState vehicle="3" speed="2410" time="5230" acceleration="-1797"/>
    <motionState vehicle="4" speed="7092" time="5230" acceleration="13636"/>
    <motionState vehicle="5" speed="2178" time="5230" acceleration="-123"/>
    <motionState vehicle="6" speed="2135" time="5230" acceleration="770"/>
    <motionState vehicle="7" speed="2197" time="5230" acceleration="1089"/>
    <motionState vehicle="8" speed="2292" time="5230" acceleration="1415"/>
    <motionState vehicle="9" speed="2420" time="5230" acceleration="1649"/>
    <motionState vehicle="10" speed="2570" time="5230" acceleration="1653"/>
    <motionState vehicle="11" speed="2717" time="5230" acceleration="1227"/>
    <motionState vehicle="0" speed="2818" time="5240" acceleration="190"/>
    <motionState vehicle="1" speed="2806" time="5240" acceleration="-1186"/>
    <motionState vehicle="2" speed="2653" time="5240" acceleration="-2144"/>
    <motionState vehicle="3" speed="2408" time="5240" acceleration="-1786"/>
    <motionState vehicle="4" speed="7106" time="5240" acceleration="13636"/>
    <motionState vehicle="5" speed="2178" time="5240" acceleration="-118"/>
    <motionState vehicle="6" speed="2136" time="5240" acceleration="772"/>
    <motionState vehicle="7" speed="2198" time="5240" acceleration="1090"/>
    <motionState vehicle="8" speed="2294" time="5240" acceleration="1415"/>
    <motionState vehicle="9" speed="2421" time="5240" acceleration="1648"/>
    <motionState vehicle="10" speed="2571" time="5240" acceleration="1647"/>
    <motionState vehicle="11" speed="2719" time="5240" acceleration="1216"/>
    <motionState vehicle="0" speed="2819" time="5250" acceleration="175"/>
    <motionState vehicle="1" speed="2805" time="5250" acceleration="-1198"/>
    <motionState vehicle="2" speed="2650" time="5250" acceleration="-2144"/>
    <motionState vehicle="3" speed="2406" time="5250" acceleration="-1776"/>
    <motionState vehicle="4" speed="7119" time="5250" acceleration="13636"/>
    <motionState vehicle="5" speed="2177" time="5250" acceleration="-112"/>
    <motionState vehicle="6" speed="2136" time="5250" acceleration="773"/>
    <motionState vehicle="7" speed="2200" time="5250" acceleration="1092"/>
    <motionState vehicle="8" speed="2295" time="5250" acceleration="1416"/>
    <motionState vehicle="9" speed="2423" time="5250" acceleration="1647"/>
    <motionState vehicle="10" speed="2573" time="5250" acceleration="1642"/>
    <motionState vehicle="11" speed="2720" time="5250" acceleration="1204"/>
    <motionState vehicle="0" speed="2819" time="5260" acceleration="159"/>
    <motionState vehicle="1" speed="2804" time="5260" acceleration="-1210"/>
    <motionState vehicle="2" speed="2648" time="5260" acceleration="-2143"/>
    <motionState vehicle="3" speed="2404" time="5260" acceleration="-1765"/>
    <motionState vehicle="4" speed="7133" time="5260" acceleration="13636"/>
    <motionState vehicle="5" speed="2177" time="5260" acceleration="-107"/>
    <motionState vehicle="6" speed="2137" time="5260" acceleration="775"/>
    <motionState vehicle="7" speed="2201" time="5260" acceleration="1094"/>
    <motionState vehicle="8" speed="2296" time="5260" acceleration="1417"/>
    <motionState vehicle="9" speed="2425" time="5260" acceleration="1645"/>
    <motionState vehicle="10" speed="2574" time="5260" acceleration="1636"/>
    <motionState vehicle="11" speed="2721" time="5260" acceleration="1193"/>
    <motionState vehicle="0" speed="2819" time="5270" acceleration="144"/>
    <motionState vehicle="1" speed="2803" time="5270" acceleration="-1221"/>
    <motionState vehicle="2" speed="2646" time="5270" acceleration="-2142"/>
    <motionState vehicle="3" speed="2403" time="5270" acceleration="-1755"/>
    <motionState vehicle="4" speed="7147" time="5270" acceleration="13636"/>
    <motionState vehicle="5" speed="2177" time="5270" acceleration="-102"/>
    <motionState vehicle="6" speed="2138" time="5270" acceleration="777"/>
    <motionState vehicle="7" speed="2202" time="5270" acceleration="1095"/>
    <motionState vehicle="8" speed="2298" time="5270" acceleration="1418"/>
    <motionState vehicle="9" speed="2426" time="5270" acceleration="1644"/>
    <motionState vehicle="10" speed="2576" time="5270" acceleration="1630"/>
    <motionState vehicle="11" speed="2722" time="5270" acceleration="1182"/>
    <motionState vehicle="0" speed="2819" time="5280" acceleration="129"/>
    <motionState vehicle="1" speed="2801" time="5280" acceleration="-1233"/>
    <motionState vehicle="2" speed="2644" time="5280" acceleration="-2142"/>
    <motionState vehicle="3" speed="2401" time="5280" acceleration="-1744"/>
    <motionState vehicle="4" speed="7160" time="5280" acceleration="13636"/>
    <motionState vehicle="5" speed="2177" time="5280" acceleration="-96"/>
    <motionState vehicle="6" speed="2139" time="5280" acceleration="778"/>
    <motionState vehicle="7" speed="2203" time="5280" acceleration="1097"/>
    <motionState vehicle="8" speed="2299" time="5280" acceleration="1419"/>
    <motionState vehicle="9" speed="2428" time="5280" acceleration="1643"/>
    <motionState vehicle="10" speed="2578" time="5280" acceleration="1625"/>
    <motionState vehicle="11" speed="2723" time="5280" acceleration="1170"/>
    <motionState vehicle="0" speed="2819" time="5290" acceleration="114"/>
    <motionState vehicle="1" speed="2800" time="5290" acceleration="-1244"/>
    <motionState vehicle="2" speed="2642" time="5290" acceleration="-2141"/>
    <motionState vehicle="3" speed="2399" time="5290" acceleration="-1734"/>
    <motionState vehicle="4" speed="7174" time="5290" acceleration="13636"/>
    <motionState vehicle="5" speed="2177" time="5290" acceleration="-91"/>
    <motionState vehicle="6" speed="2140" time="5290" acceleration="780"/>
    <motionState vehicle="7" speed="2204" time="5290" acceleration="1099"/>
    <motionState vehicle="8" speed="2301" time="5290" acceleration="1420"/>
    <motionState vehicle="9" speed="2429" time="5290" acceleration="1641"/>
    <motionState vehicle="10" speed="2579" time="5290" acceleration="1619"/>
    <motionState vehicle="11" speed="2724" time="5290" acceleration="1159"/>
    <motionState vehicle="0" speed="2819" time="5300" acceleration="98"/>
    <motionState vehicle="1" speed="2799" time="5300" acceleration="-1256"/>
    <motionState vehicle="2" speed="2640" time="5300" acceleration="-2139"/>
    <motionState vehicle="3" speed="2397" time="5300" acceleration="-1723"/>
    <motionState vehicle="4" speed="7188" time="5300" acceleration="13636"/>
    <motionState vehicle="5" speed="2177" time="5300" acceleration="-86"/>
    <motionState vehicle="6" speed="2140" time="5300" acceleration="782"/>
    <motionState vehicle="7" speed="2205" time="5300" acceleration="1101"/>
    <motionState vehicle="8" speed="2302" time="5300" acceleration="1420"/>
    <motionState vehicle="9" speed="2431" time="5300" acceleration="1640"/>
    <motionState vehicle="10" speed="2581" time="5300" acceleration="1613"/>
    <motionState vehicle="11" speed="2726" time="5300" acceleration="1147"/>
    <motionState vehicle="0" speed="2819" time="5310" acceleration="83"/>
    <motionState vehicle="1" speed="2798" time="5310" acceleration="-1267"/>
    <motionState vehicle="2" speed="2638" time="5310" acceleration="-2138"/>
    <motionState vehicle="3" speed="2396" time="5310" acceleration="-1713"/>
    <motionState vehicle="4" speed="7201" time="5310" acceleration="13636"/>
    <motionState vehicle="5" speed="2177" time="5310" acceleration="-80"/>
    <motionState vehicle="6" speed="2141" time="5310" acceleration="783"/>
    <motionState vehicle="7" speed="2206" time="5310" acceleration="1102"/>
    <motionState vehicle="8" speed="2304" time="5310" acceleration="1421"/>
    <motionState vehicle="9" speed="2433" time="5310" acceleration="1638"/>
    <motionState vehicle="10" speed="2583" time="5310" acceleration="1608"/>
    <motionState vehicle="11" speed="2727" time="5310" acceleration="1136"/>
    <motionState vehicle="0" speed="2819" time="5320" acceleration="68"/>
    <motionState vehicle="1" speed="2796" time="5320" acceleration="-1278"/>
    <motionState vehicle="2" speed="2635" time="5320" acceleration="-2137"/>
    <motionState vehicle="3" speed="2394" time="5320" acceleration="-1702"/>
    <motionState vehicle="4" speed="7215" time="5320" acceleration="13636"/>
    <motionState vehicle="5" speed="2177" time="5320" acceleration="-75"/>
    <motionState vehicle="6" speed="2142" time="5320" acceleration="785"/>
    <motionState vehicle="7" speed="2207" time="5320" acceleration="1104"/>
    <motionState vehicle="8" speed="2305" time="5320" acceleration="1422"/>
    <motionState vehicle="9" speed="2434" time="5320" acceleration="1637"/>
    <motionState vehicle="10" speed="2584" time="5320" acceleration="1602"/>
    <motionState vehicle="11" speed="2728" time="5320" acceleration="1125"/>
    <motionState vehicle="0" speed="2819" time="5330" acceleration="53"/>
    <motionState vehicle="1" speed="2795" time="5330" acceleration="-1288"/>
    <motionState vehicle="2" speed="2633" time="5330" acceleration="-2135"/>
    <motionState vehicle="3" speed="2392" time="5330" acceleration="-1692"/>
    <motionState vehicle="4" speed="7228" time="5330" acceleration="13636"/>
    <motionState vehicle="5" speed="2177" time="5330" acceleration="-70"/>
    <motionState vehicle="6" speed="2143" time="5330" acceleration="787"/>
    <motionState vehicle="7" speed="2208" time="5330" acceleration="1106"/>
    <motionState vehicle="8" speed="2306" time="5330" acceleration="1423"/>
    <motionState vehicle="9" speed="2436" time="5330" acceleration="1635"/>
    <motionState vehicle="10" speed="2586" time="5330" acceleration="1596"/>
    <motionState vehicle="11" speed="2729" time="5330" acceleration="1113"/>
    <motionState vehicle="0" speed="2819" time="5340" acceleration="39"/>
    <motionState vehicle="1" speed="2794" time="5340" acceleration="-1299"/>
    <motionState vehicle="2" speed="2631" time="5340" acceleration="-2134"/>
    <motionState vehicle="3" speed="2391" time="5340" acceleration="-1681"/>
    <motionState vehicle="4" speed="7242" time="5340" acceleration="13636"/>
    <motionState vehicle="5" speed="2177" time="5340" acceleration="-64"/>
    <motionState vehicle="6" speed="2143" time="5340" acceleration="788"/>
    <motionState vehicle="7" speed="2209" time="5340" acceleration="1107"/>
    <motionState vehicle="8" speed="2308" time="5340" acceleration="1424"/>
    <motionState vehicle="9" speed="2438" time="5340" acceleration="1633"/>
    <motionState vehicle="10" speed="2587" time="5340" acceleration="1590"/>
    <motionState vehicle="11" speed="2730" time="5340" acceleration="1102"/>
    <motionState vehicle="0" speed="2820" time="5350" acceleration="24"/>
    <motionState vehicle="1" speed="2792" time="5350" acceleration="-1310"/>
    <motionState vehicle="2" speed="2629" time="5350" acceleration="-2132"/>
    <motionState vehicle="3" speed="2389" time="5350" acceleration="-1671"/>
    <motionState vehicle="4" speed="7256" time="5350" acceleration="13636"/>
    <motionState vehicle="5" speed="2177" time="5350" acceleration="-59"/>
    <motionState vehicle="6" speed="2144" time="5350" acceleration="790"/>
    <motionState vehicle="7" speed="2211" time="5350" acceleration="1109"/>
    <motionState vehicle="8" speed="2309" time="5350" acceleration="1424"/>
    <motionState vehicle="9" speed="2439" time="5350" acceleration="1632"/>
    <motionState vehicle="10" speed="2589" time="5350" acceleration="1584"/>
    <motionState vehicle="11" speed="2731" time="5350" acceleration="1090"/>
    <motionState vehicle="0" speed="2820" time="5360" acceleration="9"/>
    <motionState vehicle="1" speed="2791" time="5360" acceleration="-1320"/>
    <motionState vehicle="2" speed="2627" time="5360" acceleration="-2130"/>
    <motionState vehicle="3" speed="2387" time="5360" acceleration="-1660"/>
    <motionState vehicle="4" speed="7269" time="5360" acceleration="13636"/>
    <motionState vehicle="5" speed="2177" time="5360" acceleration="-54"/>
    <motionState vehicle="6" speed="2145" time="5360" acceleration="792"/>
    <motionState vehicle="7" speed="2212" time="5360" acceleration="1111"/>
    <motionState vehicle="8" speed="2311" time="5360" acceleration="1425"/>
    <motionState vehicle="9" speed="2441" time="5360" acceleration="1630"/>
    <motionState vehicle="10" speed="2590" time="5360" acceleration="1578"/>
    <motionState vehicle="11" speed="2732" time="5360" acceleration="1078"/>
    <motionState vehicle="0" speed="2820" time="5370" acceleration="-5"/>
    <motionState vehicle="1" speed="2790" time="5370" acceleration="-1330"/>
    <motionState vehicle="2" speed="2625" time="5370" acceleration="-2129"/>
    <motionState vehicle="3" speed="2386" time="5370" acceleration="-1650"/>
    <motionState vehicle="4" speed="7283" time="5370" acceleration="13636"/>
    <motionState vehicle="5" speed="2176" time="5370" acceleration="-48"/>
    <motionState vehicle="6" speed="2146" time="5370" acceleration="794"/>
    <motionState vehicle="7" speed="2213" time="5370" acceleration="1113"/>
    <motionState vehicle="8" speed="2312" time="5370" acceleration="1426"/>
    <motionState vehicle="9" speed="2443" time="5370" acceleration="1628"/>
    <motionState vehicle="10" speed="2592" time="5370" acceleration="1572"/>
    <motionState vehicle="11" speed="2733" time="5370" acceleration="1067"/>
    <motionState vehicle="0" speed="2819" time="5380" acceleration="-20"/>
    <motionState vehicle="1" speed="2788" time="5380" acceleration="-1341"/>
    <motionState vehicle="2" speed="2623" time="5380" acceleration="-2127"/>
    <motionState vehicle="3" speed="2384" time="5380" acceleration="-1639"/>
    <motionState vehicle="4" speed="7297" time="5380" acceleration="13636"/>
    <motionState vehicle="5" speed="2176" time="5380" acceleration="-43"/>
    <motionState vehicle="6" speed="2147" time="5380" acceleration="795"/>
    <motionState vehicle="7" speed="2214" time="5380" acceleration="1114"/>
    <motionState vehicle="8" speed="2313" time="5380" acceleration="1427"/>
    <motionState vehicle="9" speed="2444" time="5380" acceleration="1627"/>
    <motionState vehicle="10" speed="2594" time="5380" acceleration="1566"/>
    <motionState vehicle="11" speed="2734" time="5380" acceleration="1055"/>
    <motionState vehicle="0" speed="2819" time="5390" acceleration="-34"/>
    <motionState vehicle="1" speed="2787" time="5390" acceleration="-1351"/>
    <motionState vehicle="2" speed="2621" time="5390" acceleration="-2125"/>
    <motionState vehicle="3" speed="2382" time="5390" acceleration="-1629"/>
    <motionState vehicle="4" speed="7310" time="5390" acceleration="13636"/>
    <motionState vehicle="5" speed="2176" time="5390" acceleration="-38"/>
    <motionState vehicle="6" speed="2147" time="5390" acceleration="797"/>
    <motionState vehicle="7" speed="2215" time="5390" acceleration="1116"/>
    <motionState vehicle="8" speed="2315" time="5390" acceleration="1427"/>
    <motionState vehicle="9" speed="2446" time="5390" acceleration="1625"/>
    <motionState vehicle="10" speed="2595" time="5390" acceleration="1560"/>
    <motionState vehicle="11" speed="2735" time="5390" acceleration="1044"/>
    <motionState vehicle="0" speed="2819" time="5400" acceleration="-49"/>
    <motionState vehicle="1" speed="2786" time="5400" acceleration="-1360"/>
    <motionState vehicle="2" speed="2618" time="5400" acceleration="-2122"/>
    <motionState vehicle="3" speed="2381" time="5400" acceleration="-1618"/>
    <motionState vehicle="4" speed="7324" time="5400" acceleration="13636"/>
    <motionState vehicle="5" speed="2176" time="5400" acceleration="-32"/>
    <motionState vehicle="6" speed="2148" time="5400" acceleration="799"/>
    <motionState vehicle="7" speed="2216" time="5400" acceleration="1118"/>
    <motionState vehicle="8" speed="2316" time="5400" acceleration="1428"/>
    <motionState vehicle="9" speed="2447" time="5400" acceleration="1623"/>
    <motionState vehicle="10" speed="2597" time="5400" acceleration="1554"/>
    <motionState vehicle="11" speed="2736" time="5400" acceleration="1032"/>
    <motionState vehicle="0" speed="2819" time="5410" acceleration="-63"/>
    <motionState vehicle="1" speed="2784" time="5410" acceleration="-1370"/>
    <motionState vehicle="2" speed="2616" time="5410" acceleration="-2120"/>
    <motionState vehicle="3" speed="2379" time="5410" acceleration="-1607"/>
    <motionState vehicle="4" speed="7338" time="5410" acceleration="13636"/>
    <motionState vehicle="5" speed="2176" time="5410" acceleration="-27"/>
    <motionState vehicle="6" speed="2149" time="5410" acceleration="801"/>
    <motionState vehicle="7" speed="2217" time="5410" acceleration="1120"/>
    <motionState vehicle="8" speed="2318" time="5410" acceleration="1429"/>
    <motionState vehicle="9" speed="2449" time="5410" acceleration="1621"/>
    <motionState vehicle="10" speed="2598" time="5410" acceleration="1548"/>
    <motionState vehicle="11" speed="2737" time="5410" acceleration="1020"/>
    <motionState vehicle="0" speed="2819" time="5420" acceleration="-78"/>
    <motionState vehicle="1" speed="2783" time="5420" acceleration="-1380"/>
    <motionState vehicle="2" speed="2614" time="5420" acceleration="-2118"/>
    <motionState vehicle="3" speed="2378" time="5420" acceleration="-1597"/>
    <motionState vehicle="4" speed="7351" time="5420" acceleration="13636"/>
    <motionState vehicle="5" speed="2176" time="5420" acceleration="-22"/>
    <motionState vehicle="6" speed="2150" time="5420" acceleration="802"/>
    <motionState vehicle="7" speed="2218" time="5420" acceleration="1122"/>
    <motionState vehicle="8" speed="2319" time="5420" acceleration="1429"/>
    <motionState vehicle="9" speed="2451" time="5420" acceleration="1619"/>
    <motionState vehicle="10" speed="2600" time="5420" acceleration="1542"/>
    <motionState vehicle="11" speed="2738" time="5420" acceleration="1009"/>
    <motionState vehicle="0" speed="2819" time="5430" acceleration="-92"/>
    <motionState vehicle="1" speed="2782" time="5430" acceleration="-1389"/>
    <motionState vehicle="2" speed="2612" time="5430" acceleration="-2115"/>
    <motionState vehicle="3" speed="2376" time="5430" acceleration="-1586"/>
    <motionState vehicle="4" speed="7365" time="5430" acceleration="13636"/>
    <motionState vehicle="5" speed="2176" time="5430" acceleration="-16"/>
    <motionState vehicle="6" speed="2151" time="5430" acceleration="804"/>
    <motionState vehicle="7" speed="2219" time="5430" acceleration="1123"/>
    <motionState vehicle="8" speed="2321" time="5430" acceleration="1430"/>
    <motionState vehicle="9" speed="2452" time="5430" acceleration="1618"/>
    <motionState vehicle="10" speed="2601" time="5430" acceleration="1535"/>
    <motionState vehicle="11" speed="2739" time="5430" acceleration="997"/>
    <motionState vehicle="0" speed="2819" time="5440" acceleration="-107"/>
    <motionState vehicle="1" speed="2780" time="5440" acceleration="-1399"/>
    <motionState vehicle="2" speed="2610" time="5440" acceleration="-2113"/>
    <motionState vehicle="3" speed="2374" time="5440" acceleration="-1576"/>
    <motionState vehicle="4" speed="7378" time="5440" acceleration="13636"/>
    <motionState vehicle="5" speed="2176" time="5440" acceleration="-11"/>
    <motionState vehicle="6" speed="2151" time="5440" acceleration="806"/>
    <motionState vehicle="7" speed="2221" time="5440" acceleration="1125"/>
    <motionState vehicle="8" speed="2322" time="5440" acceleration="1431"/>
    <motionState vehicle="9" speed="2454" time="5440" acceleration="1616"/>
    <motionState vehicle="10" speed="2603" time="5440" acceleration="1529"/>
    <motionState vehicle="11" speed="2740" time="5440" acceleration="985"/>
    <motionState vehicle="0" speed="2819" time="5450" acceleration="-121"/>
    <motionState vehicle="1" speed="2779" time="5450" acceleration="-1408"/>
    <motionState vehicle="2" speed="2608" time="5450" acceleration="-2110"/>
    <motionState vehicle="3" speed="2373" time="5450" acceleration="-1565"/>
    <motionState vehicle="4" speed="7392" time="5450" acceleration="13636"/>
    <motionState vehicle="5" speed="2176" time="5450" acceleration="-6"/>
    <motionState vehicle="6" speed="2152" time="5450" acceleration="808"/>
    <motionState vehicle="7" speed="2222" time="5450" acceleration="1127"/>
    <motionState vehicle="8" speed="2323" time="5450" acceleration="1432"/>
    <motionState vehicle="9" speed="2455" time="5450" acceleration="1614"/>
    <motionState vehicle="10" speed="2604" time="5450" acceleration="1523"/>
    <motionState vehicle="11" speed="2741" time="5450" acceleration="973"/>
    <motionState vehicle="0" speed="2819" time="5460" acceleration="-135"/>
    <motionState vehicle="1" speed="2777" time="5460" acceleration="-1417"/>
    <motionState vehicle="2" speed="2606" time="5460" acceleration="-2107"/>
    <motionState vehicle="3" speed="2371" time="5460" acceleration="-1555"/>
    <motionState vehicle="4" speed="7406" time="5460" acceleration="13636"/>
    <motionState vehicle="5" speed="2176" time="5460" acceleration="0"/>
    <motionState vehicle="6" speed="2153" time="5460" acceleration="810"/>
    <motionState vehicle="7" speed="2223" time="5460" acceleration="1129"/>
    <motionState vehicle="8" speed="2325" time="5460" acceleration="1432"/>
    <motionState vehicle="9" speed="2457" time="5460" acceleration="1612"/>
    <motionState vehicle="10" speed="2606" time="5460" acceleration="1516"/>
    <motionState vehicle="11" speed="2742" time="5460" acceleration="962"/>
    <motionState vehicle="0" speed="2819" time="5470" acceleration="-149"/>
    <motionState vehicle="1" speed="2776" time="5470" acceleration="-1426"/>
    <motionState vehicle="2" speed="2604" time="5470" acceleration="-2104"/>
    <motionState vehicle="3" speed="2370" time="5470" acceleration="-1544"/>
    <motionState vehicle="4" speed="7419" time="5470" acceleration="13636"/>
    <motionState vehicle="5" speed="2176" time="5470" acceleration="4"/>
    <motionState vehicle="6" speed="2154" time="5470" acceleration="812"/>
    <motionState vehicle="7" speed="2224" time="5470" acceleration="1130"/>
    <motionState vehicle="8" speed="2326" time="5470" acceleration="1433"/>
    <motionState vehicle="9" speed="2459" time="5470" acceleration="1610"/>
    <motionState vehicle="10" speed="2607" time="5470" acceleration="1510"/>
    <motionState vehicle="11" speed="2743" time="5470" acceleration="950"/>
    <motionState vehicle="0" speed="2818" time="5480" acceleration="-163"/>
    <motionState vehicle="1" speed="2775" time="5480" acceleration="-1435"/>
    <motionState vehicle="2" speed="2602" time="5480" acceleration="-2101"/>
    <motionState vehicle="3" speed="2368" time="5480" acceleration="-1534"/>
    <motionState vehicle="4" speed="7433" time="5480" acceleration="13636"/>
    <motionState vehicle="5" speed="2176" time="5480" acceleration="9"/>
    <motionState vehicle="6" speed="2155" time="5480" acceleration="814"/>
    <motionState vehicle="7" speed="2225" time="5480" acceleration="1132"/>
    <motionState vehicle="8" speed="2328" time="5480" acceleration="1433"/>
    <motionState vehicle="9" speed="2460" time="5480" acceleration="1608"/>
    <motionState vehicle="10" speed="2609" time="5480" acceleration="1503"/>
    <motionState vehicle="11" speed="2744" time="5480" acceleration="938"/>
    <motionState vehicle="0" speed="2818" time="5490" acceleration="-177"/>
    <motionState vehicle="1" speed="2773" time="5490" acceleration="-1444"/>
    <motionState vehicle="2" speed="2599" time="5490" acceleration="-2098"/>
    <motionState vehicle="3" speed="2367" time="5490" acceleration="-1523"/>
    <motionState vehicle="4" speed="7447" time="5490" acceleration="13636"/>
    <motionState vehicle="5" speed="2176" time="5490" acceleration="14"/>
    <motionState vehicle="6" speed="2156" time="5490" acceleration="816"/>
    <motionState vehicle="7" speed="2226" time="5490" acceleration="1134"/>
    <motionState vehicle="8" speed="2329" time="5490" acceleration="1434"/>
    <motionState vehicle="9" speed="2462" time="5490" acceleration="1606"/>
    <motionState vehicle="10" speed="2610" time="5490" acceleration="1497"/>
    <motionState vehicle="11" speed="2745" time="5490" acceleration="926"/>
    <motionState vehicle="0" speed="2818" time="5500" acceleration="-191"/>
    <motionState vehicle="1" speed="2772" time="5500" acceleration="-1452"/>
    <motionState vehicle="2" speed="2597" time="5500" acceleration="-2095"/>
    <motionState vehicle="3" speed="2365" time="5500" acceleration="-1513"/>
    <motionState vehicle="4" speed="7460" time="5500" acceleration="13636"/>
    <motionState vehicle="5" speed="2176" time="5500" acceleration="20"/>
    <motionState vehicle="6" speed="2156" time="5500" acceleration="817"/>
    <motionState vehicle="7" speed="2227" time="5500" acceleration="1136"/>
    <motionState vehicle="8" speed="2331" time="5500" acceleration="1435"/>
    <motionState vehicle="9" speed="2464" time="5500" acceleration="1604"/>
    <motionState vehicle="10" speed="2612" time="5500" acceleration="1490"/>
    <motionState vehicle="11" speed="2746" time="5500" acceleration="914"/>
    <motionState vehicle="0" speed="2818" time="5510" acceleration="-205"/>
    <motionState vehicle="1" speed="2770" time="5510" acceleration="-1461"/>
    <motionState vehicle="2" speed="2595" time="5510" acceleration="-2092"/>
    <motionState vehicle="3" speed="2364" time="5510" acceleration="-1502"/>
    <motionState vehicle="4" speed="7474" time="5510" acceleration="13636"/>
    <motionState vehicle="5" speed="2176" time="5510" acceleration="25"/>
    <motionState vehicle="6" speed="2157" time="5510" acceleration="819"/>
    <motionState vehicle="7" speed="2229" time="5510" acceleration="1138"/>
    <motionState vehicle="8" speed="2332" time="5510" acceleration="1435"/>
    <motionState vehicle="9" speed="2465" time="5510" acceleration="1602"/>
    <motionState vehicle="10" speed="2613" time="5510" acceleration="1484"/>
    <motionState vehicle="11" speed="2747" time="5510" acceleration="903"/>
    <motionState vehicle="0" speed="2818" time="5520" acceleration="-219"/>
    <motionState vehicle="1" speed="2769" time="5520" acceleration="-1469"/>
    <motionState vehicle="2" speed="2593" time="5520" acceleration="-2089"/>
    <motionState vehicle="3" speed="2362" time="5520" acceleration="-1491"/>
    <motionState vehicle="4" speed="7488" time="5520" acceleration="13636"/>
    <motionState vehicle="5" speed="2176" time="5520" acceleration="30"/>
    <motionState vehicle="6" speed="2158" time="5520" acceleration="821"/>
    <motionState vehicle="7" speed="2230" time="5520" acceleration="1139"/>
    <motionState vehicle="8" speed="2334" time="5520" acceleration="1436"/>
    <motionState vehicle="9" speed="2467" time="5520" acceleration="1599"/>
    <motionState vehicle="10" speed="2615" time="5520" acceleration="1477"/>
    <motionState vehicle="11" speed="2748" time="5520" acceleration="891"/>
    <motionState vehicle="0" speed="2817" time="5530" acceleration="-233"/>
    <motionState vehicle="1" speed="2767" time="5530" acceleration="-1477"/>
    <motionState vehicle="2" speed="2591" time="5530" acceleration="-2085"/>
    <motionState vehicle="3" speed="2361" time="5530" acceleration="-1481"/>
    <motionState vehicle="4" speed="7501" time="5530" acceleration="13636"/>
    <motionState vehicle="5" speed="2176" time="5530" acceleration="35"/>
    <motionState vehicle="6" speed="2159" time="5530" acceleration="823"/>
    <motionState vehicle="7" speed="2231" time="5530" acceleration="1141"/>
    <motionState vehicle="8" speed="2335" time="5530" acceleration="1436"/>
    <motionState vehicle="9" speed="2468" time="5530" acceleration="1597"/>
    <motionState vehicle="10" speed="2616" time="5530" acceleration="1471"/>
    <motionState vehicle="11" speed="2749" time="5530" acceleration="879"/>
    <motionState vehicle="0" speed="2817" time="5540" acceleration="-247"/>
    <motionState vehicle="1" speed="2766" time="5540" acceleration="-1485"/>
    <motionState vehicle="2" speed="2589" time="5540" acceleration="-2082"/>
    <motionState vehicle="3" speed="2359" time="5540" acceleration="-1470"/>
    <motionState vehicle="4" speed="7515" time="5540" acceleration="13636"/>
    <motionState vehicle="5" speed="2176" time="5540" acceleration="41"/>
    <motionState vehicle="6" speed="2160" time="5540" acceleration="825"/>
    <motionState vehicle="7" speed="2232" time="5540" acceleration="1143"/>
    <motionState vehicle="8" speed="2336" time="5540" acceleration="1437"/>
    <motionState vehicle="9" speed="2470" time="5540" acceleration="1595"/>
    <motionState vehicle="10" speed="2618" time="5540" acceleration="1464"/>
    <motionState vehicle="11" speed="2750" time="5540" acceleration="867"/>
    <motionState vehicle="0" speed="2817" time="5550" acceleration="-261"/>
    <motionState vehicle="1" speed="2764" time="5550" acceleration="-1493"/>
    <motionState vehicle="2" speed="2587" time="5550" acceleration="-2078"/>
    <motionState vehicle="3" speed="2358" time="5550" acceleration="-1460"/>
    <motionState vehicle="4" speed="7528" time="5550" acceleration="13636"/>
    <motionState vehicle="5" speed="2177" time="5550" acceleration="46"/>
    <motionState vehicle="6" speed="2160" time="5550" acceleration="827"/>
    <motionState vehicle="7" speed="2233" time="5550" acceleration="1145"/>
    <motionState vehicle="8" speed="2338" time="5550" acceleration="1437"/>
    <motionState vehicle="9" speed="2472" time="5550" acceleration="1593"/>
    <motionState vehicle="10" speed="2619" time="5550" acceleration="1457"/>
    <motionState vehicle="11" speed="2750" time="5550" acceleration="855"/>
    <motionState vehicle="0" speed="2817" time="5560" acceleration="-274"/>
    <motionState vehicle="1" speed="2763" time="5560" acceleration="-1501"/>
    <motionState vehicle="2" speed="2585" time="5560" acceleration="-2074"/>
    <motionState vehicle="3" speed="2356" time="5560" acceleration="-1449"/>
    <motionState vehicle="4" speed="7542" time="5560" acceleration="13636"/>
    <motionState vehicle="5" speed="2177" time="5560" acceleration="51"/>
    <motionState vehicle="6" speed="2161" time="5560" acceleration="829"/>
    <motionState vehicle="7" speed="2234" time="5560" acceleration="1146"/>
    <motionState vehicle="8" speed="2339" time="5560" acceleration="1438"/>
    <motionState vehicle="9" speed="2473" time="5560" acceleration="1590"/>
    <motionState vehicle="10" speed="2621" time="5560" acceleration="1450"/>
    <motionState vehicle="11" speed="2751" time="5560" acceleration="843"/>
    <motionState vehicle="0" speed="2816" time="5570" acceleration="-288"/>
    <motionState vehicle="1" speed="2761" time="5570" acceleration="-1509"/>
    <motionState vehicle="2" speed="2583" time="5570" acceleration="-2071"/>
    <motionState vehicle="3" speed="2355" time="5570" acceleration="-1439"/>
    <motionState vehicle="4" speed="7556" time="5570" acceleration="13636"/>
    <motionState vehicle="5" speed="2177" time="5570" acceleration="56"/>
    <motionState vehicle="6" speed="2162" time="5570" acceleration="831"/>
    <motionState vehicle="7" speed="2235" time="5570" acceleration="1148"/>
    <motionState vehicle="8" speed="2341" time="5570" acceleration="1438"/>
    <motionState vehicle="9" speed="2475" time="5570" acceleration="1588"/>
    <motionState vehicle="10" speed="2622" time="5570" acceleration="1443"/>
    <motionState vehicle="11" speed="2752" time="5570" acceleration="831"/>
    <motionState vehicle="0" speed="2816" time="5580" acceleration="-301"/>
    <motionState vehicle="1" speed="2760" time="5580" acceleration="-1517"/>
    <motionState vehicle="2" speed="2581" time="5580" acceleration="-2067"/>
    <motionState vehicle="3" speed="2353" time="5580" acceleration="-1428"/>
    <motionState vehicle="4" speed="7569" time="5580" acceleration="13636"/>
    <motionState vehicle="5" speed="2177" time="5580" acceleration="62"/>
    <motionState vehicle="6" speed="2163" time="5580" acceleration="833"/>
    <motionState vehicle="7" speed="2237" time="5580" acceleration="1150"/>
    <motionState vehicle="8" speed="2342" time="5580" acceleration="1439"/>
    <motionState vehicle="9" speed="2476" time="5580" acceleration="1586"/>
    <motionState vehicle="10" speed="2624" time="5580" acceleration="1437"/>
    <motionState vehicle="11" speed="2753" time="5580" acceleration="819"/>
    <motionState vehicle="0" speed="2816" time="5590" acceleration="-315"/>
    <motionState vehicle="1" speed="2758" time="5590" acceleration="-1524"/>
    <motionState vehicle="2" speed="2579" time="5590" acceleration="-2063"/>
    <motionState vehicle="3" speed="2352" time="5590" acceleration="-1418"/>
    <motionState vehicle="4" speed="7583" time="5590" acceleration="13636"/>
    <motionState vehicle="5" speed="2177" time="5590" acceleration="67"/>
    <motionState vehicle="6" speed="2164" time="5590" acceleration="835"/>
    <motionState vehicle="7" speed="2238" time="5590" acceleration="1152"/>
    <motionState vehicle="8" speed="2344" time="5590" acceleration="1439"/>
    <motionState vehicle="9" speed="2478" time="5590" acceleration="1583"/>
    <motionState vehicle="10" speed="2625" time="5590" acceleration="1430"/>
    <motionState vehicle="11" speed="2754" time="5590" acceleration="808"/>
    <motionState vehicle="0" speed="2815" time="5600" acceleration="-328"/>
    <motionState vehicle="1" speed="2757" time="5600" acceleration="-1531"/>
    <motionState vehicle="2" speed="2577" time="5600" acceleration="-2059"/>
    <motionState vehicle="3" speed="2351" time="5600" acceleration="-1407"/>
    <motionState vehicle="4" speed="7597" time="5600" acceleration="13636"/>
    <motionState vehicle="5" speed="2177" time="5600" acceleration="72"/>
    <motionState vehicle="6" speed="2165" time="5600" acceleration="837"/>
    <motionState vehicle="7" speed="2239" time="5600" acceleration="1154"/>
    <motionState vehicle="8" speed="2345" time="5600" acceleration="1440"/>
    <motionState vehicle="9" speed="2479" time="5600" acceleration="1581"/>
    <motionState vehicle="10" speed="2626" time="5600" acceleration="1423"/>
    <motionState vehicle="11" speed="2755" time="5600" acceleration="796"/>
    <motionState vehicle="0" speed="2815" time="5610" acceleration="-341"/>
    <motionState vehicle="1" speed="2755" time="5610" acceleration="-1539"/>
    <motionState vehicle="2" speed="2574" time="5610" acceleration="-2055"/>
    <motionState vehicle="3" speed="2349" time="5610" acceleration="-1397"/>
    <motionState vehicle="4" speed="7610" time="5610" acceleration="13636"/>
    <motionState vehicle="5" speed="2177" time="5610" acceleration="77"/>
    <motionState vehicle="6" speed="2165" time="5610" acceleration="839"/>
    <motionState vehicle="7" speed="2240" time="5610" acceleration="1155"/>
    <motionState vehicle="8" speed="2346" time="5610" acceleration="1440"/>
    <motionState vehicle="9" speed="2481" time="5610" acceleration="1579"/>
    <motionState vehicle="10" speed="2628" time="5610" acceleration="1416"/>
    <motionState vehicle="11" speed="2755" time="5610" acceleration="784"/>
    <motionState vehicle="0" speed="2815" time="5620" acceleration="-354"/>
    <motionState vehicle="1" speed="2754" time="5620" acceleration="-1546"/>
    <motionState vehicle="2" speed="2572" time="5620" acceleration="-2050"/>
    <motionState vehicle="3" speed="2348" time="5620" acceleration="-1387"/>
    <motionState vehicle="4" speed="7624" time="5620" acceleration="13636"/>
    <motionState vehicle="5" speed="2177" time="5620" acceleration="82"/>
    <motionState vehicle="6" speed="2166" time="5620" acceleration="841"/>
    <motionState vehicle="7" speed="2241" time="5620" acceleration="1157"/>
    <motionState vehicle="8" speed="2348" time="5620" acceleration="1440"/>
    <motionState vehicle="9" speed="2483" time="5620" acceleration="1576"/>
    <motionState vehicle="10" speed="2629" time="5620" acceleration="1409"/>
    <motionState vehicle="11" speed="2756" time="5620" acceleration="772"/>
    <motionState vehicle="0" speed="2814" time="5630" acceleration="-368"/>
    <motionState vehicle="1" speed="2752" time="5630" acceleration="-1553"/>
    <motionState vehicle="2" speed="2570" time="5630" acceleration="-2046"/>
    <motionState vehicle="3" speed="2346" time="5630" acceleration="-1376"/>
    <motionState vehicle="4" speed="7638" time="5630" acceleration="13636"/>
    <motionState vehicle="5" speed="2177" time="5630" acceleration="87"/>
    <motionState vehicle="6" speed="2167" time="5630" acceleration="843"/>
    <motionState vehicle="7" speed="2242" time="5630" acceleration="1159"/>
    <motionState vehicle="8" speed="2349" time="5630" acceleration="1441"/>
    <motionState vehicle="9" speed="2484" time="5630" acceleration="1574"/>
    <motionState vehicle="10" speed="2631" time="5630" acceleration="1402"/>
    <motionState vehicle="11" speed="2757" time="5630" acceleration="760"/>
    <motionState vehicle="0" speed="2814" time="5640" acceleration="-381"/>
    <motionState vehicle="1" speed="2750" time="5640" acceleration="-1560"/>
    <motionState vehicle="2" speed="2568" time="5640" acceleration="-2042"/>
    <motionState vehicle="3" speed="2345" time="5640" acceleration="-1366"/>
    <motionState vehicle="4" speed="7651" time="5640" acceleration="13636"/>
    <motionState vehicle="5" speed="2177" time="5640" acceleration="93"/>
    <motionState vehicle="6" speed="2168" time="5640" acceleration="845"/>
    <motionState vehicle="7" speed="2243" time="5640" acceleration="1161"/>
    <motionState vehicle="8" speed="2351" time="5640" acceleration="1441"/>
    <motionState vehicle="9" speed="2486" time="5640" acceleration="1571"/>
    <motionState vehicle="10" speed="2632" time="5640" acceleration="1395"/>
    <motionState vehicle="11" speed="2758" time="5640" acceleration="748"/>
    <motionState vehicle="0" speed="2814" time="5650" acceleration="-394"/>
    <motionState vehicle="1" speed="2749" time="5650" acceleration="-1566"/>
    <motionState vehicle="2" speed="2566" time="5650" acceleration="-2037"/>
    <motionState vehicle="3" speed="2344" time="5650" acceleration="-1355"/>
    <motionState vehicle="4" speed="7665" time="5650" acceleration="13636"/>
    <motionState vehicle="5" speed="2177" time="5650" acceleration="98"/>
    <motionState vehicle="6" speed="2169" time="5650" acceleration="847"/>
    <motionState vehicle="7" speed="2245" time="5650" acceleration="1162"/>
    <motionState vehicle="8" speed="2352" time="5650" acceleration="1442"/>
    <motionState vehicle="9" speed="2487" time="5650" acceleration="1568"/>
    <motionState vehicle="10" speed="2633" time="5650" acceleration="1387"/>
    <motionState vehicle="11" speed="2758" time="5650" acceleration="736"/>
    <motionState vehicle="0" speed="2813" time="5660" acceleration="-407"/>
    <motionState vehicle="1" speed="2747" time="5660" acceleration="-1573"/>
    <motionState vehicle="2" speed="2564" time="5660" acceleration="-2033"/>
    <motionState vehicle="3" speed="2342" time="5660" acceleration="-1345"/>
    <motionState vehicle="4" speed="7678" time="5660" acceleration="13636"/>
    <motionState vehicle="5" speed="2177" time="5660" acceleration="103"/>
    <motionState vehicle="6" speed="2170" time="5660" acceleration="849"/>
    <motionState vehicle="7" speed="2246" time="5660" acceleration="1164"/>
    <motionState vehicle="8" speed="2354" time="5660" acceleration="1442"/>
    <motionState vehicle="9" speed="2489" time="5660" acceleration="1566"/>
    <motionState vehicle="10" speed="2635" time="5660" acceleration="1380"/>
    <motionState vehicle="11" speed="2759" time="5660" acceleration="724"/>
    <motionState vehicle="0" speed="2813" time="5670" acceleration="-420"/>
    <motionState vehicle="1" speed="2746" time="5670" acceleration="-1580"/>
    <motionState vehicle="2" speed="2562" time="5670" acceleration="-2028"/>
    <motionState vehicle="3" speed="2341" time="5670" acceleration="-1334"/>
    <motionState vehicle="4" speed="7692" time="5670" acceleration="13636"/>
    <motionState vehicle="5" speed="2177" time="5670" acceleration="108"/>
    <motionState vehicle="6" speed="2171" time="5670" acceleration="851"/>
    <motionState vehicle="7" speed="2247" time="5670" acceleration="1166"/>
    <motionState vehicle="8" speed="2355" time="5670" acceleration="1442"/>
    <motionState vehicle="9" speed="2490" time="5670" acceleration="1563"/>
    <motionState vehicle="10" speed="2636" time="5670" acceleration="1373"/>
    <motionState vehicle="11" speed="2760" time="5670" acceleration="712"/>
    <motionState vehicle="0" speed="2812" time="5680" acceleration="-432"/>
    <motionState vehicle="1" speed="2744" time="5680" acceleration="-1586"/>
    <motionState vehicle="2" speed="2560" time="5680" acceleration="-2024"/>
    <motionState vehicle="3" speed="2340" time="5680" acceleration="-1324"/>
    <motionState vehicle="4" speed="7706" time="5680" acceleration="13636"/>
    <motionState vehicle="5" speed="2178" time="5680" acceleration="113"/>
    <motionState vehicle="6" speed="2171" time="5680" acceleration="853"/>
    <motionState vehicle="7" speed="2248" time="5680" acceleration="1168"/>
    <motionState vehicle="8" speed="2357" time="5680" acceleration="1443"/>
    <motionState vehicle="9" speed="2492" time="5680" acceleration="1560"/>
    <motionState vehicle="10" speed="2638" time="5680" acceleration="1366"/>
    <motionState vehicle="11" speed="2761" time="5680" acceleration="700"/>
    <motionState vehicle="0" speed="2812" time="5690" acceleration="-445"/>
    <motionState vehicle="1" speed="2743" time="5690" acceleration="-1592"/>
    <motionState vehicle="2" speed="2558" time="5690" acceleration="-2019"/>
    <motionState vehicle="3" speed="2338" time="5690" acceleration="-1314"/>
    <motionState vehicle="4" speed="7719" time="5690" acceleration="13636"/>
    <motionState vehicle="5" speed="2178" time="5690" acceleration="118"/>
    <motionState vehicle="6" speed="2172" time="5690" acceleration="855"/>
    <motionState vehicle="7" speed="2249" time="5690" acceleration="1169"/>
    <motionState vehicle="8" speed="2358" time="5690" acceleration="1443"/>
    <motionState vehicle="9" speed="2494" time="5690" acceleration="1558"/>
    <motionState vehicle="10" speed="2639" time="5690" acceleration="1358"/>
    <motionState vehicle="11" speed="2761" time="5690" acceleration="688"/>
    <motionState vehicle="0" speed="2811" time="5700" acceleration="-458"/>
    <motionState vehicle="1" speed="2741" time="5700" acceleration="-1598"/>
    <motionState vehicle="2" speed="2556" time="5700" acceleration="-2014"/>
    <motionState vehicle="3" speed="2337" time="5700" acceleration="-1303"/>
    <motionState vehicle="4" speed="7733" time="5700" acceleration="13636"/>
    <motionState vehicle="5" speed="2178" time="5700" acceleration="124"/>
    <motionState vehicle="6" speed="2173" time="5700" acceleration="858"/>
    <motionState vehicle="7" speed="2250" time="5700" acceleration="1171"/>
    <motionState vehicle="8" speed="2359" time="5700" acceleration="1443"/>
    <motionState vehicle="9" speed="2495" time="5700" acceleration="1555"/>
    <motionState vehicle="10" speed="2640" time="5700" acceleration="1351"/>
    <motionState vehicle="11" speed="2762" time="5700" acceleration="676"/>
    <motionState vehicle="0" speed="2811" time="5710" acceleration="-470"/>
    <motionState vehicle="1" speed="2739" time="5710" acceleration="-1604"/>
    <motionState vehicle="2" speed="2554" time="5710" acceleration="-2009"/>
    <motionState vehicle="3" speed="2336" time="5710" acceleration="-1293"/>
    <motionState vehicle="4" speed="7747" time="5710" acceleration="13636"/>
    <motionState vehicle="5" speed="2178" time="5710" acceleration="129"/>
    <motionState vehicle="6" speed="2174" time="5710" acceleration="860"/>
    <motionState vehicle="7" speed="2252" time="5710" acceleration="1173"/>
    <motionState vehicle="8" speed="2361" time="5710" acceleration="1443"/>
    <motionState vehicle="9" speed="2497" time="5710" acceleration="1552"/>
    <motionState vehicle="10" speed="2642" time="5710" acceleration="1344"/>
    <motionState vehicle="11" speed="2763" time="5710" acceleration="664"/>
    <motionState vehicle="0" speed="2810" time="5720" acceleration="-483"/>
    <motionState vehicle="1" speed="2738" time="5720" acceleration="-1610"/>
    <motionState vehicle="2" speed="2552" time="5720" acceleration="-2004"/>
    <motionState vehicle="3" speed="2335" time="5720" acceleration="-1283"/>
    <motionState vehicle="4" speed="7760" time="5720" acceleration="13636"/>
    <motionState vehicle="5" speed="2178" time="5720" acceleration="134"/>
    <motionState vehicle="6" speed="2175" time="5720" acceleration="862"/>
    <motionState vehicle="7" speed="2253" time="5720" acceleration="1175"/>
    <motionState vehicle="8" speed="2362" time="5720" acceleration="1443"/>
    <motionState vehicle="9" speed="2498" time="5720" acceleration="1549"/>
    <motionState vehicle="10" speed="2643" time="5720" acceleration="1336"/>
    <motionState vehicle="11" speed="2763" time="5720" acceleration="652"/>
    <motionState vehicle="0" speed="2810" time="5730" acceleration="-495"/>
    <motionState vehicle="1" speed="2736" time="5730" acceleration="-1616"/>
    <motionState vehicle="2" speed="2550" time="5730" acceleration="-1999"/>
    <motionState vehicle="3" speed="2333" time="5730" acceleration="-1272"/>
    <motionState vehicle="4" speed="7774" time="5730" acceleration="13636"/>
    <motionState vehicle="5" speed="2178" time="5730" acceleration="139"/>
    <motionState vehicle="6" speed="2176" time="5730" acceleration="864"/>
    <motionState vehicle="7" speed="2254" time="5730" acceleration="1176"/>
    <motionState vehicle="8" speed="2364" time="5730" acceleration="1444"/>
    <motionState vehicle="9" speed="2500" time="5730" acceleration="1547"/>
    <motionState vehicle="10" speed="2644" time="5730" acceleration="1329"/>
    <motionState vehicle="11" speed="2764" time="5730" acceleration="640"/>
    <motionState vehicle="0" speed="2809" time="5740" acceleration="-508"/>
    <motionState vehicle="1" speed="2735" time="5740" acceleration="-1622"/>
    <motionState vehicle="2" speed="2548" time="5740" acceleration="-1994"/>
    <motionState vehicle="3" speed="2332" time="5740" acceleration="-1262"/>
    <motionState vehicle="4" speed="7788" time="5740" acceleration="13636"/>
    <motionState vehicle="5" speed="2178" time="5740" acceleration="144"/>
    <motionState vehicle="6" speed="2177" time="5740" acceleration="866"/>
    <motionState vehicle="7" speed="2255" time="5740" acceleration="1178"/>
    <motionState vehicle="8" speed="2365" time="5740" acceleration="1444"/>
    <motionState vehicle="9" speed="2501" time="5740" acceleration="1544"/>
    <motionState vehicle="10" speed="2646" time="5740" acceleration="1321"/>
    <motionState vehicle="11" speed="2764" time="5740" acceleration="628"/>
    <motionState vehicle="0" speed="2809" time="5750" acceleration="-520"/>
    <motionState vehicle="1" speed="2733" time="5750" acceleration="-1627"/>
    <motionState vehicle="2" speed="2546" time="5750" acceleration="-1989"/>
    <motionState vehicle="3" speed="2331" time="5750" acceleration="-1252"/>
    <motionState vehicle="4" speed="7801" time="5750" acceleration="13636"/>
    <motionState vehicle="5" speed="2179" time="5750" acceleration="149"/>
    <motionState vehicle="6" speed="2177" time="5750" acceleration="868"/>
    <motionState vehicle="7" speed="2256" time="5750" acceleration="1180"/>
    <motionState vehicle="8" speed="2367" time="5750" acceleration="1444"/>
    <motionState vehicle="9" speed="2503" time="5750" acceleration="1541"/>
    <motionState vehicle="10" speed="2647" time="5750" acceleration="1314"/>
    <motionState vehicle="11" speed="2765" time="5750" acceleration="616"/>
    <motionState vehicle="0" speed="2808" time="5760" acceleration="-532"/>
    <motionState vehicle="1" speed="2731" time="5760" acceleration="-1633"/>
    <motionState vehicle="2" speed="2544" time="5760" acceleration="-1984"/>
    <motionState vehicle="3" speed="2329" time="5760" acceleration="-1241"/>
    <motionState vehicle="4" speed="7815" time="5760" acceleration="13636"/>
    <motionState vehicle="5" speed="2179" time="5760" acceleration="154"/>
    <motionState vehicle="6" speed="2178" time="5760" acceleration="870"/>
    <motionState vehicle="7" speed="2258" time="5760" acceleration="1181"/>
    <motionState vehicle="8" speed="2368" time="5760" acceleration="1444"/>
    <motionState vehicle="9" speed="2504" time="5760" acceleration="1538"/>
    <motionState vehicle="10" speed="2648" time="5760" acceleration="1306"/>
    <motionState vehicle="11" speed="2766" time="5760" acceleration="604"/>
    <motionState vehicle="0" speed="2808" time="5770" acceleration="-545"/>
    <motionState vehicle="1" speed="2730" time="5770" acceleration="-1638"/>
    <motionState vehicle="2" speed="2542" time="5770" acceleration="-1979"/>
    <motionState vehicle="3" speed="2328" time="5770" acceleration="-1231"/>
    <motionState vehicle="4" speed="7828" time="5770" acceleration="13636"/>
    <motionState vehicle="5" speed="2179" time="5770" acceleration="159"/>
    <motionState vehicle="6" speed="2179" time="5770" acceleration="872"/>
    <motionState vehicle="7" speed="2259" time="5770" acceleration="1183"/>
    <motionState vehicle="8" speed="2370" time="5770" acceleration="1444"/>
    <motionState vehicle="9" speed="2506" time="5770" acceleration="1535"/>
    <motionState vehicle="10" speed="2650" time="5770" acceleration="1299"/>
    <motionState vehicle="11" speed="2766" time="5770" acceleration="592"/>
    <motionState vehicle="0" speed="2807" time="5780" acceleration="-557"/>
    <motionState vehicle="1" speed="2728" time="5780" acceleration="-1643"/>
    <motionState vehicle="2" speed="2540" time="5780" acceleration="-1973"/>
    <motionState vehicle="3" speed="2327" time="5780" acceleration="-1221"/>
    <motionState vehicle="4" speed="7842" time="5780" acceleration="13636"/>
    <motionState vehicle="5" speed="2179" time="5780" acceleration="164"/>
    <motionState vehicle="6" speed="2180" time="5780" acceleration="874"/>
    <motionState vehicle="7" speed="2260" time="5780" acceleration="1185"/>
    <motionState vehicle="8" speed="2371" time="5780" acceleration="1444"/>
    <motionState vehicle="9" speed="2507" time="5780" acceleration="1532"/>
    <motionState vehicle="10" speed="2651" time="5780" acceleration="1291"/>
    <motionState vehicle="11" speed="2767" time="5780" acceleration="581"/>
    <motionState vehicle="0" speed="2807" time="5790" acceleration="-569"/>
    <motionState vehicle="1" speed="2726" time="5790" acceleration="-1649"/>
    <motionState vehicle="2" speed="2538" time="5790" acceleration="-1968"/>
    <motionState vehicle="3" speed="2326" time="5790" acceleration="-1211"/>
    <motionState vehicle="4" speed="7856" time="5790" acceleration="13636"/>
    <motionState vehicle="5" speed="2179" time="5790" acceleration="169"/>
    <motionState vehicle="6" speed="2181" time="5790" acceleration="877"/>
    <motionState vehicle="7" speed="2261" time="5790" acceleration="1187"/>
    <motionState vehicle="8" speed="2372" time="5790" acceleration="1444"/>
    <motionState vehicle="9" speed="2509" time="5790" acceleration="1529"/>
    <motionState vehicle="10" speed="2652" time="5790" acceleration="1284"/>
    <motionState vehicle="11" speed="2767" time="5790" acceleration="569"/>
    <motionState vehicle="0" speed="2806" time="5800" acceleration="-581"/>
    <motionState vehicle="1" speed="2725" time="5800" acceleration="-1654"/>
    <motionState vehicle="2" speed="2536" time="5800" acceleration="-1962"/>
    <motionState vehicle="3" speed="2325" time="5800" acceleration="-1200"/>
    <motionState vehicle="4" speed="7869" time="5800" acceleration="13636"/>
    <motionState vehicle="5" speed="2179" time="5800" acceleration="174"/>
    <motionState vehicle="6" speed="2182" time="5800" acceleration="879"/>
    <motionState vehicle="7" speed="2262" time="5800" acceleration="1188"/>
    <motionState vehicle="8" speed="2374" time="5800" acceleration="1444"/>
    <motionState vehicle="9" speed="2511" time="5800" acceleration="1526"/>
    <motionState vehicle="10" speed="2653" time="5800" acceleration="1276"/>
    <motionState vehicle="11" speed="2768" time="5800" acceleration="557"/>
    <motionState vehicle="0" speed="2806" time="5810" acceleration="-592"/>
    <motionState vehicle="1" speed="2723" time="5810" acceleration="-1658"/>
    <motionState vehicle="2" speed="2534" time="5810" acceleration="-1957"/>
    <motionState vehicle="3" speed="2323" time="5810" acceleration="-1190"/>
    <motionState vehicle="4" speed="7883" time="5810" acceleration="13636"/>
    <motionState vehicle="5" speed="2180" time="5810" acceleration="179"/>
    <motionState vehicle="6" speed="2183" time="5810" acceleration="881"/>
    <motionState vehicle="7" speed="2263" time="5810" acceleration="1190"/>
    <motionState vehicle="8" speed="2375" time="5810" acceleration="1444"/>
    <motionState vehicle="9" speed="2512" time="5810" acceleration="1522"/>
    <motionState vehicle="10" speed="2655" time="5810" acceleration="1268"/>
    <motionState vehicle="11" speed="2769" time="5810" acceleration="545"/>
    <motionState vehicle="0" speed="2805" time="5820" acceleration="-604"/>
    <motionState vehicle="1" speed="2721" time="5820" acceleration="-1663"/>
    <motionState vehicle="2" speed="2532" time="5820" acceleration="-1951"/>
    <motionState vehicle="3" speed="2322" time="5820" acceleration="-1180"/>
    <motionState vehicle="4" speed="7897" time="5820" acceleration="13636"/>
    <motionState vehicle="5" speed="2180" time="5820" acceleration="184"/>
    <motionState vehicle="6" speed="2184" time="5820" acceleration="883"/>
    <motionState vehicle="7" speed="2265" time="5820" acceleration="1192"/>
    <motionState vehicle="8" speed="2377" time="5820" acceleration="1444"/>
    <motionState vehicle="9" speed="2514" time="5820" acceleration="1519"/>
    <motionState vehicle="10" speed="2656" time="5820" acceleration="1260"/>
    <motionState vehicle="11" speed="2769" time="5820" acceleration="533"/>
    <motionState vehicle="0" speed="2804" time="5830" acceleration="-616"/>
    <motionState vehicle="1" speed="2720" time="5830" acceleration="-1668"/>
    <motionState vehicle="2" speed="2530" time="5830" acceleration="-1946"/>
    <motionState vehicle="3" speed="2321" time="5830" acceleration="-1170"/>
    <motionState vehicle="4" speed="7910" time="5830" acceleration="13636"/>
    <motionState vehicle="5" speed="2180" time="5830" acceleration="189"/>
    <motionState vehicle="6" speed="2184" time="5830" acceleration="885"/>
    <motionState vehicle="7" speed="2266" time="5830" acceleration="1193"/>
    <motionState vehicle="8" speed="2378" time="5830" acceleration="1444"/>
    <motionState vehicle="9" speed="2515" time="5830" acceleration="1516"/>
    <motionState vehicle="10" speed="2657" time="5830" acceleration="1253"/>
    <motionState vehicle="11" speed="2770" time="5830" acceleration="521"/>
    <motionState vehicle="0" speed="2804" time="5840" acceleration="-628"/>
    <motionState vehicle="1" speed="2718" time="5840" acceleration="-1672"/>
    <motionState vehicle="2" speed="2529" time="5840" acceleration="-1940"/>
    <motionState vehicle="3" speed="2320" time="5840" acceleration="-1159"/>
    <motionState vehicle="4" speed="7924" time="5840" acceleration="13636"/>
    <motionState vehicle="5" speed="2180" time="5840" acceleration="194"/>
    <motionState vehicle="6" speed="2185" time="5840" acceleration="887"/>
    <motionState vehicle="7" speed="2267" time="5840" acceleration="1195"/>
    <motionState vehicle="8" speed="2380" time="5840" acceleration="1444"/>
    <motionState vehicle="9" speed="2517" time="5840" acceleration="1513"/>
    <motionState vehicle="10" speed="2658" time="5840" acceleration="1245"/>
    <motionState vehicle="11" speed="2770" time="5840" acceleration="509"/>
    <motionState vehicle="0" speed="2803" time="5850" acceleration="-639"/>
    <motionState vehicle="1" speed="2716" time="5850" acceleration="-1677"/>
    <motionState vehicle="2" speed="2527" time="5850" acceleration="-1934"/>
    <motionState vehicle="3" speed="2319" time="5850" acceleration="-1149"/>
    <motionState vehicle="4" speed="7938" time="5850" acceleration="13636"/>
    <motionState vehicle="5" speed="2180" time="5850" acceleration="200"/>
    <motionState vehicle="6" speed="2186" time="5850" acceleration="889"/>
    <motionState vehicle="7" speed="2268" time="5850" acceleration="1196"/>
    <motionState vehicle="8" speed="2381" time="5850" acceleration="1444"/>
    <motionState vehicle="9" speed="2518" time="5850" acceleration="1509"/>
    <motionState vehicle="10" speed="2660" time="5850" acceleration="1237"/>
    <motionState vehicle="11" speed="2771" time="5850" acceleration="497"/>
    <motionState vehicle="0" speed="2802" time="5860" acceleration="-651"/>
    <motionState vehicle="1" speed="2715" time="5860" acceleration="-1681"/>
    <motionState vehicle="2" speed="2525" time="5860" acceleration="-1928"/>
    <motionState vehicle="3" speed="2318" time="5860" acceleration="-1139"/>
    <motionState vehicle="4" speed="7951" time="5860" acceleration="13636"/>
    <motionState vehicle="5" speed="2180" time="5860" acceleration="205"/>
    <motionState vehicle="6" speed="2187" time="5860" acceleration="892"/>
    <motionState vehicle="7" speed="2269" time="5860" acceleration="1198"/>
    <motionState vehicle="8" speed="2383" time="5860" acceleration="1444"/>
    <motionState vehicle="9" speed="2520" time="5860" acceleration="1506"/>
    <motionState vehicle="10" speed="2661" time="5860" acceleration="1229"/>
    <motionState vehicle="11" speed="2771" time="5860" acceleration="485"/>
    <motionState vehicle="0" speed="2802" time="5870" acceleration="-662"/>
    <motionState vehicle="1" speed="2713" time="5870" acceleration="-1685"/>
    <motionState vehicle="2" speed="2523" time="5870" acceleration="-1922"/>
    <motionState vehicle="3" speed="2316" time="5870" acceleration="-1129"/>
    <motionState vehicle="4" speed="7965" time="5870" acceleration="13636"/>
    <motionState vehicle="5" speed="2181" time="5870" acceleration="209"/>
    <motionState vehicle="6" speed="2188" time="5870" acceleration="894"/>
    <motionState vehicle="7" speed="2271" time="5870" acceleration="1200"/>
    <motionState vehicle="8" speed="2384" time="5870" acceleration="1444"/>
    <motionState vehicle="9" speed="2521" time="5870" acceleration="1503"/>
    <motionState vehicle="10" speed="2662" time="5870" acceleration="1221"/>
    <motionState vehicle="11" speed="2772" time="5870" acceleration="473"/>
    <motionState vehicle="0" speed="2801" time="5880" acceleration="-673"/>
    <motionState vehicle="1" speed="2711" time="5880" acceleration="-1690"/>
    <motionState vehicle="2" speed="2521" time="5880" acceleration="-1917"/>
    <motionState vehicle="3" speed="2315" time="5880" acceleration="-1119"/>
    <motionState vehicle="4" speed="7978" time="5880" acceleration="13636"/>
    <motionState vehicle="5" speed="2181" time="5880" acceleration="214"/>
    <motionState vehicle="6" speed="2189" time="5880" acceleration="896"/>
    <motionState vehicle="7" speed="2272" time="5880" acceleration="1201"/>
    <motionState vehicle="8" speed="2385" time="5880" acceleration="1444"/>
    <motionState vehicle="9" speed="2523" time="5880" acceleration="1499"/>
    <motionState vehicle="10" speed="2663" time="5880" acceleration="1213"/>
    <motionState vehicle="11" speed="2772" time="5880" acceleration="461"/>
    <motionState vehicle="0" speed="2800" time="5890" acceleration="-685"/>
    <motionState vehicle="1" speed="2710" time="5890" acceleration="-1694"/>
    <motionState vehicle="2" speed="2519" time="5890" acceleration="-1911"/>
    <motionState vehicle="3" speed="2314" time="5890" acceleration="-1109"/>
    <motionState vehicle="4" speed="7992" time="5890" acceleration="13636"/>
    <motionState vehicle="5" speed="2181" time="5890" acceleration="219"/>
    <motionState vehicle="6" speed="2190" time="5890" acceleration="898"/>
    <motionState vehicle="7" speed="2273" time="5890" acceleration="1203"/>
    <motionState vehicle="8" speed="2387" time="5890" acceleration="1444"/>
    <motionState vehicle="9" speed="2524" time="5890" acceleration="1496"/>
    <motionState vehicle="10" speed="2665" time="5890" acceleration="1205"/>
    <motionState vehicle="11" speed="2772" time="5890" acceleration="449"/>
    <motionState vehicle="0" speed="2800" time="5900" acceleration="-696"/>
    <motionState vehicle="1" speed="2708" time="5900" acceleration="-1697"/>
    <motionState vehicle="2" speed="2517" time="5900" acceleration="-1904"/>
    <motionState vehicle="3" speed="2313" time="5900" acceleration="-1099"/>
    <motionState vehicle="4" speed="8006" time="5900" acceleration="13636"/>
    <motionState vehicle="5" speed="2181" time="5900" acceleration="224"/>
    <motionState vehicle="6" speed="2191" time="5900" acceleration="900"/>
    <motionState vehicle="7" speed="2274" time="5900" acceleration="1205"/>
    <motionState vehicle="8" speed="2388" time="5900" acceleration="1444"/>
    <motionState vehicle="9" speed="2526" time="5900" acceleration="1492"/>
    <motionState vehicle="10" speed="2666" time="5900" acceleration="1197"/>
    <motionState vehicle="11" speed="2773" time="5900" acceleration="438"/>
    <motionState vehicle="0" speed="2799" time="5910" acceleration="-707"/>
    <motionState vehicle="1" speed="2706" time="5910" acceleration="-1701"/>
    <motionState vehicle="2" speed="2515" time="5910" acceleration="-1898"/>
    <motionState vehicle="3" speed="2312" time="5910" acceleration="-1089"/>
    <motionState vehicle="4" speed="8019" time="5910" acceleration="13636"/>
    <motionState vehicle="5" speed="2182" time="5910" acceleration="229"/>
    <motionState vehicle="6" speed="2192" time="5910" acceleration="902"/>
    <motionState vehicle="7" speed="2275" time="5910" acceleration="1206"/>
    <motionState vehicle="8" speed="2390" time="5910" acceleration="1443"/>
    <motionState vehicle="9" speed="2527" time="5910" acceleration="1489"/>
    <motionState vehicle="10" speed="2667" time="5910" acceleration="1189"/>
    <motionState vehicle="11" speed="2773" time="5910" acceleration="426"/>
    <motionState vehicle="0" speed="2798" time="5920" acceleration="-718"/>
    <motionState vehicle="1" speed="2704" time="5920" acceleration="-1705"/>
    <motionState vehicle="2" speed="2513" time="5920" acceleration="-1892"/>
    <motionState vehicle="3" speed="2311" time="5920" acceleration="-1079"/>
    <motionState vehicle="4" speed="8033" time="5920" acceleration="13636"/>
    <motionState vehicle="5" speed="2182" time="5920" acceleration="234"/>
    <motionState vehicle="6" speed="2193" time="5920" acceleration="905"/>
    <motionState vehicle="7" speed="2277" time="5920" acceleration="1208"/>
    <motionState vehicle="8" speed="2391" time="5920" acceleration="1443"/>
    <motionState vehicle="9" speed="2529" time="5920" acceleration="1485"/>
    <motionState vehicle="10" speed="2668" time="5920" acceleration="1181"/>
    <motionState vehicle="11" speed="2774" time="5920" acceleration="414"/>
    <motionState vehicle="0" speed="2798" time="5930" acceleration="-729"/>
    <motionState vehicle="1" speed="2703" time="5930" acceleration="-1709"/>
    <motionState vehicle="2" speed="2511" time="5930" acceleration="-1886"/>
    <motionState vehicle="3" speed="2310" time="5930" acceleration="-1069"/>
    <motionState vehicle="4" speed="8047" time="5930" acceleration="13636"/>
    <motionState vehicle="5" speed="2182" time="5930" acceleration="239"/>
    <motionState vehicle="6" speed="2193" time="5930" acceleration="907"/>
    <motionState vehicle="7" speed="2278" time="5930" acceleration="1209"/>
    <motionState vehicle="8" speed="2393" time="5930" acceleration="1443"/>
    <motionState vehicle="9" speed="2530" time="5930" acceleration="1482"/>
    <motionState vehicle="10" speed="2669" time="5930" acceleration="1173"/>
    <motionState vehicle="11" speed="2774" time="5930" acceleration="402"/>
    <motionState vehicle="0" speed="2797" time="5940" acceleration="-740"/>
    <motionState vehicle="1" speed="2701" time="5940" acceleration="-1712"/>
    <motionState vehicle="2" speed="2509" time="5940" acceleration="-1880"/>
    <motionState vehicle="3" speed="2309" time="5940" acceleration="-1059"/>
    <motionState vehicle="4" speed="8060" time="5940" acceleration="13636"/>
    <motionState vehicle="5" speed="2182" time="5940" acceleration="244"/>
    <motionState vehicle="6" speed="2194" time="5940" acceleration="909"/>
    <motionState vehicle="7" speed="2279" time="5940" acceleration="1211"/>
    <motionState vehicle="8" speed="2394" time="5940" acceleration="1443"/>
    <motionState vehicle="9" speed="2532" time="5940" acceleration="1478"/>
    <motionState vehicle="10" speed="2670" time="5940" acceleration="1165"/>
    <motionState vehicle="11" speed="2775" time="5940" acceleration="390"/>
    <motionState vehicle="0" speed="2796" time="5950" acceleration="-751"/>
    <motionState vehicle="1" speed="2699" time="5950" acceleration="-1715"/>
    <motionState vehicle="2" speed="2508" time="5950" acceleration="-1873"/>
    <motionState vehicle="3" speed="2308" time="5950" acceleration="-1049"/>
    <motionState vehicle="4" speed="8074" time="5950" acceleration="13636"/>
    <motionState vehicle="5" speed="2183" time="5950" acceleration="249"/>
    <motionState vehicle="6" speed="2195" time="5950" acceleration="911"/>
    <motionState vehicle="7" speed="2280" time="5950" acceleration="1212"/>
    <motionState vehicle="8" speed="2396" time="5950" acceleration="1442"/>
    <motionState vehicle="9" speed="2533" time="5950" acceleration="1474"/>
    <motionState vehicle="10" speed="2672" time="5950" acceleration="1157"/>
    <motionState vehicle="11" speed="2775" time="5950" acceleration="378"/>
    <motionState vehicle="0" speed="2795" time="5960" acceleration="-761"/>
    <motionState vehicle="1" speed="2698" time="5960" acceleration="-1719"/>
    <motionState vehicle="2" speed="2506" time="5960" acceleration="-1867"/>
    <motionState vehicle="3" speed="2307" time="5960" acceleration="-1039"/>
    <motionState vehicle="4" speed="8088" time="5960" acceleration="13636"/>
    <motionState vehicle="5" speed="2183" time="5960" acceleration="254"/>
    <motionState vehicle="6" speed="2196" time="5960" acceleration="913"/>
    <motionState vehicle="7" speed="2281" time="5960" acceleration="1214"/>
    <motionState vehicle="8" speed="2397" time="5960" acceleration="1442"/>
    <motionState vehicle="9" speed="2534" time="5960" acceleration="1471"/>
    <motionState vehicle="10" speed="2673" time="5960" acceleration="1148"/>
    <motionState vehicle="11" speed="2775" time="5960" acceleration="367"/>
    <motionState vehicle="0" speed="2795" time="5970" acceleration="-772"/>
    <motionState vehicle="1" speed="2696" time="5970" acceleration="-1722"/>
    <motionState vehicle="2" speed="2504" time="5970" acceleration="-1861"/>
    <motionState vehicle="3" speed="2306" time="5970" acceleration="-1029"/>
    <motionState vehicle="4" speed="8101" time="5970" acceleration="13636"/>
    <motionState vehicle="5" speed="2183" time="5970" acceleration="259"/>
    <motionState vehicle="6" speed="2197" time="5970" acceleration="916"/>
    <motionState vehicle="7" speed="2283" time="5970" acceleration="1216"/>
    <motionState vehicle="8" speed="2398" time="5970" acceleration="1442"/>
    <motionState vehicle="9" speed="2536" time="5970" acceleration="1467"/>
    <motionState vehicle="10" speed="2674" time="5970" acceleration="1140"/>
    <motionState vehicle="11" speed="2776" time="5970" acceleration="355"/>
    <motionState vehicle="0" speed="2794" time="5980" acceleration="-783"/>
    <motionState vehicle="1" speed="2694" time="5980" acceleration="-1725"/>
    <motionState vehicle="2" speed="2502" time="5980" acceleration="-1854"/>
    <motionState vehicle="3" speed="2305" time="5980" acceleration="-1019"/>
    <motionState vehicle="4" speed="8115" time="5980" acceleration="13636"/>
    <motionState vehicle="5" speed="2183" time="5980" acceleration="264"/>
    <motionState vehicle="6" speed="2198" time="5980" acceleration="918"/>
    <motionState vehicle="7" speed="2284" time="5980" acceleration="1217"/>
    <motionState vehicle="8" speed="2400" time="5980" acceleration="1441"/>
    <motionState vehicle="9" speed="2537" time="5980" acceleration="1463"/>
    <motionState vehicle="10" speed="2675" time="5980" acceleration="1132"/>
    <motionState vehicle="11" speed="2776" time="5980" acceleration="343"/>
    <motionState vehicle="0" speed="2793" time="5990" acceleration="-793"/>
    <motionState vehicle="1" speed="2692" time="5990" acceleration="-1728"/>
    <motionState vehicle="2" speed="2500" time="5990" acceleration="-1848"/>
    <motionState vehicle="3" speed="2304" time="5990" acceleration="-1009"/>
    <motionState vehicle="4" speed="8128" time="5990" acceleration="13636"/>
    <motionState vehicle="5" speed="2184" time="5990" acceleration="269"/>
    <motionState vehicle="6" speed="2199" time="5990" acceleration="920"/>
    <motionState vehicle="7" speed="2285" time="5990" acceleration="1219"/>
    <motionState vehicle="8" speed="2401" time="5990" acceleration="1441"/>
    <motionState vehicle="9" speed="2539" time="5990" acceleration="1459"/>
    <motionState vehicle="10" speed="2676" time="5990" acceleration="1124"/>
    <motionState vehicle="11" speed="2776" time="5990" acceleration="331"/>
    <motionState vehicle="0" speed="2792" time="6000" acceleration="-804"/>
    <motionState vehicle="1" speed="2691" time="6000" acceleration="-1731"/>
    <motionState vehicle="2" speed="2498" time="6000" acceleration="-1841"/>
    <motionState vehicle="3" speed="2303" time="6000" acceleration="-999"/>
    <motionState vehicle="4" speed="8142" time="6000" acceleration="13636"/>
    <motionState vehicle="5" speed="2184" time="6000" acceleration="274"/>
    <motionState vehicle="6" speed="2200" time="6000" acceleration="922"/>
    <motionState vehicle="7" speed="2286" time="6000" acceleration="1220"/>
    <motionState vehicle="8" speed="2403" time="6000" acceleration="1441"/>
    <motionState vehicle="9" speed="2540" time="6000" acceleration="1456"/>
    <motionState vehicle="10" speed="2677" time="6000" acceleration="1115"/>
    <motionState vehicle="11" speed="2777" time="6000" acceleration="320"/>
    <motionState vehicle="0" speed="2791" time="6010" acceleration="-814"/>
    <motionState vehicle="1" speed="2689" time="6010" acceleration="-1733"/>
    <motionState vehicle="2" speed="2496" time="6010" acceleration="-1834"/>
    <motionState vehicle="3" speed="2302" time="6010" acceleration="-989"/>
    <motionState vehicle="4" speed="8156" time="6010" acceleration="13636"/>
    <motionState vehicle="5" speed="2184" time="6010" acceleration="278"/>
    <motionState vehicle="6" speed="2201" time="6010" acceleration="924"/>
    <motionState vehicle="7" speed="2288" time="6010" acceleration="1222"/>
    <motionState vehicle="8" speed="2404" time="6010" acceleration="1440"/>
    <motionState vehicle="9" speed="2542" time="6010" acceleration="1452"/>
    <motionState vehicle="10" speed="2678" time="6010" acceleration="1107"/>
    <motionState vehicle="11" speed="2777" time="6010" acceleration="308"/>
    <motionState vehicle="0" speed="2790" time="6020" acceleration="-824"/>
    <motionState vehicle="1" speed="2687" time="6020" acceleration="-1736"/>
    <motionState vehicle="2" speed="2495" time="6020" acceleration="-1828"/>
    <motionState vehicle="3" speed="2301" time="6020" acceleration="-979"/>
    <motionState vehicle="4" speed="8169" time="6020" acceleration="13636"/>
    <motionState vehicle="5" speed="2184" time="6020" acceleration="283"/>
    <motionState vehicle="6" speed="2202" time="6020" acceleration="926"/>
    <motionState vehicle="7" speed="2289" time="6020" acceleration="1223"/>
    <motionState vehicle="8" speed="2406" time="6020" acceleration="1440"/>
    <motionState vehicle="9" speed="2543" time="6020" acceleration="1448"/>
    <motionState vehicle="10" speed="2679" time="6020" acceleration="1099"/>
    <motionState vehicle="11" speed="2777" time="6020" acceleration="296"/>
    <motionState vehicle="0" speed="2790" time="6030" acceleration="-834"/>
    <motionState vehicle="1" speed="2685" time="6030" acceleration="-1739"/>
    <motionState vehicle="2" speed="2493" time="6030" acceleration="-1821"/>
    <motionState vehicle="3" speed="2300" time="6030" acceleration="-970"/>
    <motionState vehicle="4" speed="8183" time="6030" acceleration="13636"/>
    <motionState vehicle="5" speed="2185" time="6030" acceleration="288"/>
    <motionState vehicle="6" speed="2203" time="6030" acceleration="929"/>
    <motionState vehicle="7" speed="2290" time="6030" acceleration="1225"/>
    <motionState vehicle="8" speed="2407" time="6030" acceleration="1439"/>
    <motionState vehicle="9" speed="2545" time="6030" acceleration="1444"/>
    <motionState vehicle="10" speed="2681" time="6030" acceleration="1090"/>
    <motionState vehicle="11" speed="2778" time="6030" acceleration="284"/>
    <motionState vehicle="0" speed="2789" time="6040" acceleration="-844"/>
    <motionState vehicle="1" speed="2684" time="6040" acceleration="-1741"/>
    <motionState vehicle="2" speed="2491" time="6040" acceleration="-1814"/>
    <motionState vehicle="3" speed="2299" time="6040" acceleration="-960"/>
    <motionState vehicle="4" speed="8197" time="6040" acceleration="13636"/>
    <motionState vehicle="5" speed="2185" time="6040" acceleration="293"/>
    <motionState vehicle="6" speed="2204" time="6040" acceleration="931"/>
    <motionState vehicle="7" speed="2291" time="6040" acceleration="1226"/>
    <motionState vehicle="8" speed="2409" time="6040" acceleration="1439"/>
    <motionState vehicle="9" speed="2546" time="6040" acceleration="1440"/>
    <motionState vehicle="10" speed="2682" time="6040" acceleration="1082"/>
    <motionState vehicle="11" speed="2778" time="6040" acceleration="273"/>
    <motionState vehicle="0" speed="2788" time="6050" acceleration="-855"/>
    <motionState vehicle="1" speed="2682" time="6050" acceleration="-1743"/>
    <motionState vehicle="2" speed="2489" time="6050" acceleration="-1807"/>
    <motionState vehicle="3" speed="2298" time="6050" acceleration="-950"/>
    <motionState vehicle="4" speed="8210" time="6050" acceleration="13636"/>
    <motionState vehicle="5" speed="2185" time="6050" acceleration="298"/>
    <motionState vehicle="6" speed="2204" time="6050" acceleration="933"/>
    <motionState vehicle="7" speed="2292" time="6050" acceleration="1227"/>
    <motionState vehicle="8" speed="2410" time="6050" acceleration="1438"/>
    <motionState vehicle="9" speed="2548" time="6050" acceleration="1436"/>
    <motionState vehicle="10" speed="2683" time="6050" acceleration="1073"/>
    <motionState vehicle="11" speed="2778" time="6050" acceleration="261"/>
    <motionState vehicle="0" speed="2787" time="6060" acceleration="-864"/>
    <motionState vehicle="1" speed="2680" time="6060" acceleration="-1746"/>
    <motionState vehicle="2" speed="2487" time="6060" acceleration="-1801"/>
    <motionState vehicle="3" speed="2297" time="6060" acceleration="-940"/>
    <motionState vehicle="4" speed="8224" time="6060" acceleration="13636"/>
    <motionState vehicle="5" speed="2186" time="6060" acceleration="303"/>
    <motionState vehicle="6" speed="2205" time="6060" acceleration="935"/>
    <motionState vehicle="7" speed="2294" time="6060" acceleration="1229"/>
    <motionState vehicle="8" speed="2411" time="6060" acceleration="1437"/>
    <motionState vehicle="9" speed="2549" time="6060" acceleration="1432"/>
    <motionState vehicle="10" speed="2684" time="6060" acceleration="1065"/>
    <motionState vehicle="11" speed="2778" time="6060" acceleration="250"/>
    <motionState vehicle="0" speed="2786" time="6070" acceleration="-874"/>
    <motionState vehicle="1" speed="2678" time="6070" acceleration="-1748"/>
    <motionState vehicle="2" speed="2486" time="6070" acceleration="-1794"/>
    <motionState vehicle="3" speed="2296" time="6070" acceleration="-930"/>
    <motionState vehicle="4" speed="8238" time="6070" acceleration="13636"/>
    <motionState vehicle="5" speed="2186" time="6070" acceleration="307"/>
    <motionState vehicle="6" speed="2206" time="6070" acceleration="937"/>
    <motionState vehicle="7" speed="2295" time="6070" acceleration="1230"/>
    <motionState vehicle="8" speed="2413" time="6070" acceleration="1437"/>
    <motionState vehicle="9" speed="2550" time="6070" acceleration="1428"/>
    <motionState vehicle="10" speed="2685" time="6070" acceleration="1056"/>
    <motionState vehicle="11" speed="2779" time="6070" acceleration="238"/>
    <motionState vehicle="0" speed="2785" time="6080" acceleration="-884"/>
    <motionState vehicle="1" speed="2677" time="6080" acceleration="-1750"/>
    <motionState vehicle="2" speed="2484" time="6080" acceleration="-1787"/>
    <motionState vehicle="3" speed="2295" time="6080" acceleration="-921"/>
    <motionState vehicle="4" speed="8251" time="6080" acceleration="13636"/>
    <motionState vehicle="5" speed="2186" time="6080" acceleration="312"/>
    <motionState vehicle="6" speed="2207" time="6080" acceleration="940"/>
    <motionState vehicle="7" speed="2296" time="6080" acceleration="1232"/>
    <motionState vehicle="8" speed="2414" time="6080" acceleration="1436"/>
    <motionState vehicle="9" speed="2552" time="6080" acceleration="1424"/>
    <motionState vehicle="10" speed="2686" time="6080" acceleration="1048"/>
    <motionState vehicle="11" speed="2779" time="6080" acceleration="226"/>
    <motionState vehicle="0" speed="2784" time="6090" acceleration="-894"/>
    <motionState vehicle="1" speed="2675" time="6090" acceleration="-1752"/>
    <motionState vehicle="2" speed="2482" time="6090" acceleration="-1780"/>
    <motionState vehicle="3" speed="2294" time="6090" acceleration="-911"/>
    <motionState vehicle="4" speed="8265" time="6090" acceleration="13636"/>
    <motionState vehicle="5" speed="2187" time="6090" acceleration="317"/>
    <motionState vehicle="6" speed="2208" time="6090" acceleration="942"/>
    <motionState vehicle="7" speed="2297" time="6090" acceleration="1233"/>
    <motionState vehicle="8" speed="2416" time="6090" acceleration="1436"/>
    <motionState vehicle="9" speed="2553" time="6090" acceleration="1419"/>
    <motionState vehicle="10" speed="2687" time="6090" acceleration="1039"/>
    <motionState vehicle="11" speed="2779" time="6090" acceleration="215"/>
    <motionState vehicle="0" speed="2784" time="6100" acceleration="-903"/>
    <motionState vehicle="1" speed="2673" time="6100" acceleration="-1754"/>
    <motionState vehicle="2" speed="2480" time="6100" acceleration="-1773"/>
    <motionState vehicle="3" speed="2293" time="6100" acceleration="-901"/>
    <motionState vehicle="4" speed="8278" time="6100" acceleration="13636"/>
    <motionState vehicle="5" speed="2187" time="6100" acceleration="322"/>
    <motionState vehicle="6" speed="2209" time="6100" acceleration="944"/>
    <motionState vehicle="7" speed="2299" time="6100" acceleration="1234"/>
    <motionState vehicle="8" speed="2417" time="6100" acceleration="1435"/>
    <motionState vehicle="9" speed="2555" time="6100" acceleration="1415"/>
    <motionState vehicle="10" speed="2688" time="6100" acceleration="1031"/>
    <motionState vehicle="11" speed="2779" time="6100" acceleration="203"/>
    <motionState vehicle="0" speed="2783" time="6110" acceleration="-913"/>
    <motionState vehicle="1" speed="2671" time="6110" acceleration="-1755"/>
    <motionState vehicle="2" speed="2478" time="6110" acceleration="-1766"/>
    <motionState vehicle="3" speed="2292" time="6110" acceleration="-892"/>
    <motionState vehicle="4" speed="8292" time="6110" acceleration="13636"/>
    <motionState vehicle="5" speed="2187" time="6110" acceleration="326"/>
    <motionState vehicle="6" speed="2210" time="6110" acceleration="946"/>
    <motionState vehicle="7" speed="2300" time="6110" acceleration="1236"/>
    <motionState vehicle="8" speed="2419" time="6110" acceleration="1434"/>
    <motionState vehicle="9" speed="2556" time="6110" acceleration="1411"/>
    <motionState vehicle="10" speed="2689" time="6110" acceleration="1022"/>
    <motionState vehicle="11" speed="2779" time="6110" acceleration="192"/>
    <motionState vehicle="0" speed="2782" time="6120" acceleration="-922"/>
    <motionState vehicle="1" speed="2670" time="6120" acceleration="-1757"/>
    <motionState vehicle="2" speed="2477" time="6120" acceleration="-1759"/>
    <motionState vehicle="3" speed="2291" time="6120" acceleration="-882"/>
    <motionState vehicle="4" speed="8306" time="6120" acceleration="13636"/>
    <motionState vehicle="5" speed="2188" time="6120" acceleration="331"/>
    <motionState vehicle="6" speed="2211" time="6120" acceleration="948"/>
    <motionState vehicle="7" speed="2301" time="6120" acceleration="1237"/>
    <motionState vehicle="8" speed="2420" time="6120" acceleration="1433"/>
    <motionState vehicle="9" speed="2557" time="6120" acceleration="1407"/>
    <motionState vehicle="10" speed="2690" time="6120" acceleration="1014"/>
    <motionState vehicle="11" speed="2780" time="6120" acceleration="180"/>
    <motionState vehicle="0" speed="2781" time="6130" acceleration="-932"/>
    <motionState vehicle="1" speed="2668" time="6130" acceleration="-1759"/>
    <motionState vehicle="2" speed="2475" time="6130" acceleration="-1752"/>
    <motionState vehicle="3" speed="2291" time="6130" acceleration="-872"/>
    <motionState vehicle="4" speed="8319" time="6130" acceleration="13636"/>
    <motionState vehicle="5" speed="2188" time="6130" acceleration="336"/>
    <motionState vehicle="6" speed="2212" time="6130" acceleration="951"/>
    <motionState vehicle="7" speed="2302" time="6130" acceleration="1239"/>
    <motionState vehicle="8" speed="2421" time="6130" acceleration="1433"/>
    <motionState vehicle="9" speed="2559" time="6130" acceleration="1402"/>
    <motionState vehicle="10" speed="2691" time="6130" acceleration="1005"/>
    <motionState vehicle="11" speed="2780" time="6130" acceleration="169"/>
    <motionState vehicle="0" speed="2780" time="6140" acceleration="-941"/>
    <motionState vehicle="1" speed="2666" time="6140" acceleration="-1760"/>
    <motionState vehicle="2" speed="2473" time="6140" acceleration="-1744"/>
    <motionState vehicle="3" speed="2290" time="6140" acceleration="-863"/>
    <motionState vehicle="4" speed="8333" time="6140" acceleration="13636"/>
    <motionState vehicle="5" speed="2188" time="6140" acceleration="341"/>
    <motionState vehicle="6" speed="2213" time="6140" acceleration="953"/>
    <motionState vehicle="7" speed="2304" time="6140" acceleration="1240"/>
    <motionState vehicle="8" speed="2423" time="6140" acceleration="1432"/>
    <motionState vehicle="9" speed="2560" time="6140" acceleration="1398"/>
    <motionState vehicle="10" speed="2692" time="6140" acceleration="996"/>
    <motionState vehicle="11" speed="2780" time="6140" acceleration="157"/>
    <motionState vehicle="0" speed="2779" time="6150" acceleration="-950"/>
    <motionState vehicle="1" speed="2664" time="6150" acceleration="-1762"/>
    <motionState vehicle="2" speed="2471" time="6150" acceleration="-1737"/>
    <motionState vehicle="3" speed="2289" time="6150" acceleration="-853"/>
    <motionState vehicle="4" speed="8347" time="6150" acceleration="13636"/>
    <motionState vehicle="5" speed="2189" time="6150" acceleration="345"/>
    <motionState vehicle="6" speed="2214" time="6150" acceleration="955"/>
    <motionState vehicle="7" speed="2305" time="6150" acceleration="1241"/>
    <motionState vehicle="8" speed="2424" time="6150" acceleration="1431"/>
    <motionState vehicle="9" speed="2562" time="6150" acceleration="1394"/>
    <motionState vehicle="10" speed="2693" time="6150" acceleration="988"/>
    <motionState vehicle="11" speed="2780" time="6150" acceleration="146"/>
    <motionState vehicle="0" speed="2778" time="6160" acceleration="-959"/>
    <motionState vehicle="1" speed="2663" time="6160" acceleration="-1763"/>
    <motionState vehicle="2" speed="2470" time="6160" acceleration="-1730"/>
    <motionState vehicle="3" speed="2288" time="6160" acceleration="-844"/>
    <motionState vehicle="4" speed="8360" time="6160" acceleration="13636"/>
    <motionState vehicle="5" speed="2189" time="6160" acceleration="350"/>
    <motionState vehicle="6" speed="2215" time="6160" acceleration="957"/>
    <motionState vehicle="7" speed="2306" time="6160" acceleration="1242"/>
    <motionState vehicle="8" speed="2426" time="6160" acceleration="1430"/>
    <motionState vehicle="9" speed="2563" time="6160" acceleration="1389"/>
    <motionState vehicle="10" speed="2694" time="6160" acceleration="979"/>
    <motionState vehicle="11" speed="2780" time="6160" acceleration="134"/>
    <motionState vehicle="0" speed="2777" time="6170" acceleration="-968"/>
    <motionState vehicle="1" speed="2661" time="6170" acceleration="-1764"/>
    <motionState vehicle="2" speed="2468" time="6170" acceleration="-1723"/>
    <motionState vehicle="3" speed="2287" time="6170" acceleration="-834"/>
    <motionState vehicle="4" speed="8374" time="6170" acceleration="13636"/>
    <motionState vehicle="5" speed="2189" time="6170" acceleration="355"/>
    <motionState vehicle="6" speed="2216" time="6170" acceleration="959"/>
    <motionState vehicle="7" speed="2307" time="6170" acceleration="1244"/>
    <motionState vehicle="8" speed="2427" time="6170" acceleration="1429"/>
    <motionState vehicle="9" speed="2564" time="6170" acceleration="1385"/>
    <motionState vehicle="10" speed="2695" time="6170" acceleration="970"/>
    <motionState vehicle="11" speed="2780" time="6170" acceleration="123"/>
    <motionState vehicle="0" speed="2776" time="6180" acceleration="-977"/>
    <motionState vehicle="1" speed="2659" time="6180" acceleration="-1765"/>
    <motionState vehicle="2" speed="2466" time="6180" acceleration="-1715"/>
    <motionState vehicle="3" speed="2286" time="6180" acceleration="-825"/>
    <motionState vehicle="4" speed="8388" time="6180" acceleration="13636"/>
    <motionState vehicle="5" speed="2190" time="6180" acceleration="359"/>
    <motionState vehicle="6" speed="2217" time="6180" acceleration="962"/>
    <motionState vehicle="7" speed="2309" time="6180" acceleration="1245"/>
    <motionState vehicle="8" speed="2429" time="6180" acceleration="1428"/>
    <motionState vehicle="9" speed="2566" time="6180" acceleration="1380"/>
    <motionState vehicle="10" speed="2696" time="6180" acceleration="961"/>
    <motionState vehicle="11" speed="2780" time="6180" acceleration="112"/>
    <motionState vehicle="0" speed="2775" time="6190" acceleration="-986"/>
    <motionState vehicle="1" speed="2657" time="6190" acceleration="-1766"/>
    <motionState vehicle="2" speed="2465" time="6190" acceleration="-1708"/>
    <motionState vehicle="3" speed="2286" time="6190" acceleration="-815"/>
    <motionState vehicle="4" speed="8401" time="6190" acceleration="13636"/>
    <motionState vehicle="5" speed="2190" time="6190" acceleration="364"/>
    <motionState vehicle="6" speed="2218" time="6190" acceleration="964"/>
    <motionState vehicle="7" speed="2310" time="6190" acceleration="1246"/>
    <motionState vehicle="8" speed="2430" time="6190" acceleration="1427"/>
    <motionState vehicle="9" speed="2567" time="6190" acceleration="1376"/>
    <motionState vehicle="10" speed="2697" time="6190" acceleration="953"/>
    <motionState vehicle="11" speed="2781" time="6190" acceleration="100"/>
    <motionState vehicle="0" speed="2774" time="6200" acceleration="-995"/>
    <motionState vehicle="1" speed="2656" time="6200" acceleration="-1767"/>
    <motionState vehicle="2" speed="2463" time="6200" acceleration="-1701"/>
    <motionState vehicle="3" speed="2285" time="6200" acceleration="-806"/>
    <motionState vehicle="4" speed="8415" time="6200" acceleration="13636"/>
    <motionState vehicle="5" speed="2190" time="6200" acceleration="369"/>
    <motionState vehicle="6" speed="2219" time="6200" acceleration="966"/>
    <motionState vehicle="7" speed="2311" time="6200" acceleration="1248"/>
    <motionState vehicle="8" speed="2431" time="6200" acceleration="1426"/>
    <motionState vehicle="9" speed="2569" time="6200" acceleration="1371"/>
    <motionState vehicle="10" speed="2698" time="6200" acceleration="944"/>
    <motionState vehicle="11" speed="2781" time="6200" acceleration="89"/>
    <motionState vehicle="0" speed="2773" time="6210" acceleration="-1004"/>
    <motionState vehicle="1" speed="2654" time="6210" acceleration="-1768"/>
    <motionState vehicle="2" speed="2461" time="6210" acceleration="-1693"/>
    <motionState vehicle="3" speed="2284" time="6210" acceleration="-796"/>
    <motionState vehicle="4" speed="8428" time="6210" acceleration="13636"/>
    <motionState vehicle="5" speed="2191" time="6210" acceleration="373"/>
    <motionState vehicle="6" speed="2220" time="6210" acceleration="968"/>
    <motionState vehicle="7" speed="2312" time="6210" acceleration="1249"/>
    <motionState vehicle="8" speed="2433" time="6210" acceleration="1425"/>
    <motionState vehicle="9" speed="2570" time="6210" acceleration="1367"/>
    <motionState vehicle="10" speed="2699" time="6210" acceleration="935"/>
    <motionState vehicle="11" speed="2781" time="6210" acceleration="78"/>
    <motionState vehicle="0" speed="2772" time="6220" acceleration="-1012"/>
    <motionState vehicle="1" speed="2652" time="6220" acceleration="-1769"/>
    <motionState vehicle="2" speed="2460" time="6220" acceleration="-1686"/>
    <motionState vehicle="3" speed="2283" time="6220" acceleration="-787"/>
    <motionState vehicle="4" speed="8442" time="6220" acceleration="13636"/>
    <motionState vehicle="5" speed="2191" time="6220" acceleration="378"/>
    <motionState vehicle="6" speed="2221" time="6220" acceleration="970"/>
    <motionState vehicle="7" speed="2314" time="6220" acceleration="1250"/>
    <motionState vehicle="8" speed="2434" time="6220" acceleration="1424"/>
    <motionState vehicle="9" speed="2571" time="6220" acceleration="1362"/>
    <motionState vehicle="10" speed="2700" time="6220" acceleration="926"/>
    <motionState vehicle="11" speed="2781" time="6220" acceleration="67"/>
    <motionState vehicle="0" speed="2771" time="6230" acceleration="-1021"/>
    <motionState vehicle="1" speed="2650" time="6230" acceleration="-1769"/>
    <motionState vehicle="2" speed="2458" time="6230" acceleration="-1678"/>
    <motionState vehicle="3" speed="2282" time="6230" acceleration="-777"/>
    <motionState vehicle="4" speed="8456" time="6230" acceleration="13636"/>
    <motionState vehicle="5" speed="2191" time="6230" acceleration="383"/>
    <motionState vehicle="6" speed="2222" time="6230" acceleration="972"/>
    <motionState vehicle="7" speed="2315" time="6230" acceleration="1251"/>
    <motionState vehicle="8" speed="2436" time="6230" acceleration="1423"/>
    <motionState vehicle="9" speed="2573" time="6230" acceleration="1357"/>
    <motionState vehicle="10" speed="2701" time="6230" acceleration="917"/>
    <motionState vehicle="11" speed="2781" time="6230" acceleration="55"/>
    <motionState vehicle="0" speed="2770" time="6240" acceleration="-1029"/>
    <motionState vehicle="1" speed="2649" time="6240" acceleration="-1770"/>
    <motionState vehicle="2" speed="2456" time="6240" acceleration="-1671"/>
    <motionState vehicle="3" speed="2282" time="6240" acceleration="-768"/>
    <motionState vehicle="4" speed="8469" time="6240" acceleration="13636"/>
    <motionState vehicle="5" speed="2192" time="6240" acceleration="387"/>
    <motionState vehicle="6" speed="2223" time="6240" acceleration="975"/>
    <motionState vehicle="7" speed="2316" time="6240" acceleration="1252"/>
    <motionState vehicle="8" speed="2437" time="6240" acceleration="1422"/>
    <motionState vehicle="9" speed="2574" time="6240" acceleration="1353"/>
    <motionState vehicle="10" speed="2701" time="6240" acceleration="908"/>
    <motionState vehicle="11" speed="2781" time="6240" acceleration="44"/>
    <motionState vehicle="0" speed="2769" time="6250" acceleration="-1038"/>
    <motionState vehicle="1" speed="2647" time="6250" acceleration="-1770"/>
    <motionState vehicle="2" speed="2454" time="6250" acceleration="-1663"/>
    <motionState vehicle="3" speed="2281" time="6250" acceleration="-759"/>
    <motionState vehicle="4" speed="8483" time="6250" acceleration="13636"/>
    <motionState vehicle="5" speed="2192" time="6250" acceleration="392"/>
    <motionState vehicle="6" speed="2224" time="6250" acceleration="977"/>
    <motionState vehicle="7" speed="2317" time="6250" acceleration="1254"/>
    <motionState vehicle="8" speed="2439" time="6250" acceleration="1421"/>
    <motionState vehicle="9" speed="2575" time="6250" acceleration="1348"/>
    <motionState vehicle="10" speed="2702" time="6250" acceleration="899"/>
    <motionState vehicle="11" speed="2781" time="6250" acceleration="33"/>
    <motionState vehicle="0" speed="2768" time="6260" acceleration="-1046"/>
    <motionState vehicle="1" speed="2645" time="6260" acceleration="-1771"/>
    <motionState vehicle="2" speed="2453" time="6260" acceleration="-1656"/>
    <motionState vehicle="3" speed="2280" time="6260" acceleration="-749"/>
    <motionState vehicle="4" speed="8497" time="6260" acceleration="13636"/>
    <motionState vehicle="5" speed="2193" time="6260" acceleration="397"/>
    <motionState vehicle="6" speed="2225" time="6260" acceleration="979"/>
    <motionState vehicle="7" speed="2319" time="6260" acceleration="1255"/>
    <motionState vehicle="8" speed="2440" time="6260" acceleration="1420"/>
    <motionState vehicle="9" speed="2577" time="6260" acceleration="1343"/>
    <motionState vehicle="10" speed="2703" time="6260" acceleration="891"/>
    <motionState vehicle="11" speed="2781" time="6260" acceleration="22"/>
    <motionState vehicle="0" speed="2767" time="6270" acceleration="-1054"/>
    <motionState vehicle="1" speed="2643" time="6270" acceleration="-1771"/>
    <motionState vehicle="2" speed="2451" time="6270" acceleration="-1648"/>
    <motionState vehicle="3" speed="2279" time="6270" acceleration="-740"/>
    <motionState vehicle="4" speed="8510" time="6270" acceleration="13636"/>
    <motionState vehicle="5" speed="2193" time="6270" acceleration="401"/>
    <motionState vehicle="6" speed="2226" time="6270" acceleration="981"/>
    <motionState vehicle="7" speed="2320" time="6270" acceleration="1256"/>
    <motionState vehicle="8" speed="2441" time="6270" acceleration="1419"/>
    <motionState vehicle="9" speed="2578" time="6270" acceleration="1338"/>
    <motionState vehicle="10" speed="2704" time="6270" acceleration="882"/>
    <motionState vehicle="11" speed="2781" time="6270" acceleration="11"/>
    <motionState vehicle="0" speed="2766" time="6280" acceleration="-1063"/>
    <motionState vehicle="1" speed="2641" time="6280" acceleration="-1771"/>
    <motionState vehicle="2" speed="2450" time="6280" acceleration="-1640"/>
    <motionState vehicle="3" speed="2279" time="6280" acceleration="-731"/>
    <motionState vehicle="4" speed="8524" time="6280" acceleration="13636"/>
    <motionState vehicle="5" speed="2193" time="6280" acceleration="406"/>
    <motionState vehicle="6" speed="2227" time="6280" acceleration="983"/>
    <motionState vehicle="7" speed="2321" time="6280" acceleration="1257"/>
    <motionState vehicle="8" speed="2443" time="6280" acceleration="1418"/>
    <motionState vehicle="9" speed="2579" time="6280" acceleration="1333"/>
    <motionState vehicle="10" speed="2705" time="6280" acceleration="873"/>
    <motionState vehicle="11" speed="2781" time="6280" acceleration="0"/>
    <motionState vehicle="0" speed="2765" time="6290" acceleration="-1071"/>
    <motionState vehicle="1" speed="2640" time="6290" acceleration="-1772"/>
    <motionState vehicle="2" speed="2448" time="6290" acceleration="-1633"/>
    <motionState vehicle="3" speed="2278" time="6290" acceleration="-722"/>
    <motionState vehicle="4" speed="8538" time="6290" acceleration="13636"/>
    <motionState vehicle="5" speed="2194" time="6290" acceleration="410"/>
    <motionState vehicle="6" speed="2228" time="6290" acceleration="985"/>
    <motionState vehicle="7" speed="2322" time="6290" acceleration="1258"/>
    <motionState vehicle="8" speed="2444" time="6290" acceleration="1416"/>
    <motionState vehicle="9" speed="2581" time="6290" acceleration="1328"/>
    <motionState vehicle="10" speed="2706" time="6290" acceleration="864"/>
    <motionState vehicle="11" speed="2781" time="6290" acceleration="-10"/>
    <motionState vehicle="0" speed="2764" time="6300" acceleration="-1079"/>
    <motionState vehicle="1" speed="2638" time="6300" acceleration="-1772"/>
    <motionState vehicle="2" speed="2446" time="6300" acceleration="-1625"/>
    <motionState vehicle="3" speed="2277" time="6300" acceleration="-712"/>
    <motionState vehicle="4" speed="8551" time="6300" acceleration="13636"/>
    <motionState vehicle="5" speed="2194" time="6300" acceleration="415"/>
    <motionState vehicle="6" speed="2229" time="6300" acceleration="987"/>
    <motionState vehicle="7" speed="2324" time="6300" acceleration="1259"/>
    <motionState vehicle="8" speed="2446" time="6300" acceleration="1415"/>
    <motionState vehicle="9" speed="2582" time="6300" acceleration="1324"/>
    <motionState vehicle="10" speed="2707" time="6300" acceleration="855"/>
    <motionState vehicle="11" speed="2781" time="6300" acceleration="-21"/>
    <motionState vehicle="0" speed="2762" time="6310" acceleration="-1087"/>
    <motionState vehicle="1" speed="2636" time="6310" acceleration="-1772"/>
    <motionState vehicle="2" speed="2445" time="6310" acceleration="-1617"/>
    <motionState vehicle="3" speed="2276" time="6310" acceleration="-703"/>
    <motionState vehicle="4" speed="8565" time="6310" acceleration="13636"/>
    <motionState vehicle="5" speed="2195" time="6310" acceleration="419"/>
    <motionState vehicle="6" speed="2230" time="6310" acceleration="990"/>
    <motionState vehicle="7" speed="2325" time="6310" acceleration="1260"/>
    <motionState vehicle="8" speed="2447" time="6310" acceleration="1414"/>
    <motionState vehicle="9" speed="2583" time="6310" acceleration="1319"/>
    <motionState vehicle="10" speed="2708" time="6310" acceleration="846"/>
    <motionState vehicle="11" speed="2781" time="6310" acceleration="-32"/>
    <motionState vehicle="0" speed="2761" time="6320" acceleration="-1094"/>
    <motionState vehicle="1" speed="2634" time="6320" acceleration="-1771"/>
    <motionState vehicle="2" speed="2443" time="6320" acceleration="-1610"/>
    <motionState vehicle="3" speed="2276" time="6320" acceleration="-694"/>
    <motionState vehicle="4" speed="8578" time="6320" acceleration="13636"/>
    <motionState vehicle="5" speed="2195" time="6320" acceleration="424"/>
    <motionState vehicle="6" speed="2230" time="6320" acceleration="992"/>
    <motionState vehicle="7" speed="2326" time="6320" acceleration="1261"/>
    <motionState vehicle="8" speed="2448" time="6320" acceleration="1412"/>
    <motionState vehicle="9" speed="2585" time="6320" acceleration="1314"/>
    <motionState vehicle="10" speed="2708" time="6320" acceleration="837"/>
    <motionState vehicle="11" speed="2781" time="6320" acceleration="-43"/>
    <motionState vehicle="0" speed="2760" time="6330" acceleration="-1102"/>
    <motionState vehicle="1" speed="2633" time="6330" acceleration="-1771"/>
    <motionState vehicle="2" speed="2441" time="6330" acceleration="-1602"/>
    <motionState vehicle="3" speed="2275" time="6330" acceleration="-685"/>
    <motionState vehicle="4" speed="8592" time="6330" acceleration="13636"/>
    <motionState vehicle="5" speed="2196" time="6330" acceleration="428"/>
    <motionState vehicle="6" speed="2231" time="6330" acceleration="994"/>
    <motionState vehicle="7" speed="2327" time="6330" acceleration="1262"/>
    <motionState vehicle="8" speed="2450" time="6330" acceleration="1411"/>
    <motionState vehicle="9" speed="2586" time="6330" acceleration="1309"/>
    <motionState vehicle="10" speed="2709" time="6330" acceleration="828"/>
    <motionState vehicle="11" speed="2781" time="6330" acceleration="-54"/>
    <motionState vehicle="0" speed="2759" time="6340" acceleration="-1110"/>
    <motionState vehicle="1" speed="2631" time="6340" acceleration="-1771"/>
    <motionState vehicle="2" speed="2440" time="6340" acceleration="-1594"/>
    <motionState vehicle="3" speed="2274" time="6340" acceleration="-676"/>
    <motionState vehicle="4" speed="8606" time="6340" acceleration="13636"/>
    <motionState vehicle="5" speed="2196" time="6340" acceleration="433"/>
    <motionState vehicle="6" speed="2232" time="6340" acceleration="996"/>
    <motionState vehicle="7" speed="2329" time="6340" acceleration="1263"/>
    <motionState vehicle="8" speed="2451" time="6340" acceleration="1410"/>
    <motionState vehicle="9" speed="2587" time="6340" acceleration="1304"/>
    <motionState vehicle="10" speed="2710" time="6340" acceleration="819"/>
    <motionState vehicle="11" speed="2781" time="6340" acceleration="-65"/>
    <motionState vehicle="0" speed="2758" time="6350" acceleration="-1117"/>
    <motionState vehicle="1" speed="2629" time="6350" acceleration="-1771"/>
    <motionState vehicle="2" speed="2438" time="6350" acceleration="-1586"/>
    <motionState vehicle="3" speed="2274" time="6350" acceleration="-667"/>
    <motionState vehicle="4" speed="8619" time="6350" acceleration="13636"/>
    <motionState vehicle="5" speed="2196" time="6350" acceleration="437"/>
    <motionState vehicle="6" speed="2233" time="6350" acceleration="998"/>
    <motionState vehicle="7" speed="2330" time="6350" acceleration="1264"/>
    <motionState vehicle="8" speed="2453" time="6350" acceleration="1408"/>
    <motionState vehicle="9" speed="2589" time="6350" acceleration="1298"/>
    <motionState vehicle="10" speed="2711" time="6350" acceleration="810"/>
    <motionState vehicle="11" speed="2781" time="6350" acceleration="-76"/>
    <motionState vehicle="0" speed="2757" time="6360" acceleration="-1125"/>
    <motionState vehicle="1" speed="2627" time="6360" acceleration="-1770"/>
    <motionState vehicle="2" speed="2437" time="6360" acceleration="-1578"/>
    <motionState vehicle="3" speed="2273" time="6360" acceleration="-657"/>
    <motionState vehicle="4" speed="8633" time="6360" acceleration="13636"/>
    <motionState vehicle="5" speed="2197" time="6360" acceleration="442"/>
    <motionState vehicle="6" speed="2234" time="6360" acceleration="1000"/>
    <motionState vehicle="7" speed="2331" time="6360" acceleration="1265"/>
    <motionState vehicle="8" speed="2454" time="6360" acceleration="1407"/>
    <motionState vehicle="9" speed="2590" time="6360" acceleration="1293"/>
    <motionState vehicle="10" speed="2712" time="6360" acceleration="800"/>
    <motionState vehicle="11" speed="2781" time="6360" acceleration="-87"/>
    <motionState vehicle="0" speed="2756" time="6370" acceleration="-1132"/>
    <motionState vehicle="1" speed="2625" time="6370" acceleration="-1770"/>
    <motionState vehicle="2" speed="2435" time="6370" acceleration="-1571"/>
    <motionState vehicle="3" speed="2272" time="6370" acceleration="-648"/>
    <motionState vehicle="4" speed="8647" time="6370" acceleration="13636"/>
    <motionState vehicle="5" speed="2197" time="6370" acceleration="446"/>
    <motionState vehicle="6" speed="2235" time="6370" acceleration="1002"/>
    <motionState vehicle="7" speed="2332" time="6370" acceleration="1266"/>
    <motionState vehicle="8" speed="2455" time="6370" acceleration="1405"/>
    <motionState vehicle="9" speed="2591" time="6370" acceleration="1288"/>
    <motionState vehicle="10" speed="2712" time="6370" acceleration="791"/>
    <motionState vehicle="11" speed="2780" time="6370" acceleration="-98"/>
    <motionState vehicle="0" speed="2755" time="6380" acceleration="-1140"/>
    <motionState vehicle="1" speed="2624" time="6380" acceleration="-1769"/>
    <motionState vehicle="2" speed="2434" time="6380" acceleration="-1563"/>
    <motionState vehicle="3" speed="2272" time="6380" acceleration="-639"/>
    <motionState vehicle="4" speed="8660" time="6380" acceleration="13636"/>
    <motionState vehicle="5" speed="2198" time="6380" acceleration="451"/>
    <motionState vehicle="6" speed="2236" time="6380" acceleration="1004"/>
    <motionState vehicle="7" speed="2334" time="6380" acceleration="1267"/>
    <motionState vehicle="8" speed="2457" time="6380" acceleration="1404"/>
    <motionState vehicle="9" speed="2592" time="6380" acceleration="1283"/>
    <motionState vehicle="10" speed="2713" time="6380" acceleration="782"/>
    <motionState vehicle="11" speed="2780" time="6380" acceleration="-108"/>
    <motionState vehicle="0" speed="2753" time="6390" acceleration="-1147"/>
    <motionState vehicle="1" speed="2622" time="6390" acceleration="-1768"/>
    <motionState vehicle="2" speed="2432" time="6390" acceleration="-1555"/>
    <motionState vehicle="3" speed="2271" time="6390" acceleration="-630"/>
    <motionState vehicle="4" speed="8674" time="6390" acceleration="13636"/>
    <motionState vehicle="5" speed="2198" time="6390" acceleration="455"/>
    <motionState vehicle="6" speed="2237" time="6390" acceleration="1007"/>
    <motionState vehicle="7" speed="2335" time="6390" acceleration="1268"/>
    <motionState vehicle="8" speed="2458" time="6390" acceleration="1402"/>
    <motionState vehicle="9" speed="2594" time="6390" acceleration="1278"/>
    <motionState vehicle="10" speed="2714" time="6390" acceleration="773"/>
    <motionState vehicle="11" speed="2780" time="6390" acceleration="-119"/>
    <motionState vehicle="0" speed="2752" time="6400" acceleration="-1154"/>
    <motionState vehicle="1" speed="2620" time="6400" acceleration="-1768"/>
    <motionState vehicle="2" speed="2430" time="6400" acceleration="-1547"/>
    <motionState vehicle="3" speed="2271" time="6400" acceleration="-621"/>
    <motionState vehicle="4" speed="8688" time="6400" acceleration="13636"/>
    <motionState vehicle="5" speed="2199" time="6400" acceleration="460"/>
    <motionState vehicle="6" speed="2239" time="6400" acceleration="1009"/>
    <motionState vehicle="7" speed="2336" time="6400" acceleration="1269"/>
    <motionState vehicle="8" speed="2460" time="6400" acceleration="1401"/>
    <motionState vehicle="9" speed="2595" time="6400" acceleration="1272"/>
    <motionState vehicle="10" speed="2715" time="6400" acceleration="764"/>
    <motionState vehicle="11" speed="2780" time="6400" acceleration="-130"/>
    <motionState vehicle="0" speed="2751" time="6410" acceleration="-1161"/>
    <motionState vehicle="1" speed="2618" time="6410" acceleration="-1767"/>
    <motionState vehicle="2" speed="2429" time="6410" acceleration="-1539"/>
    <motionState vehicle="3" speed="2270" time="6410" acceleration="-612"/>
    <motionState vehicle="4" speed="8701" time="6410" acceleration="13636"/>
    <motionState vehicle="5" speed="2199" time="6410" acceleration="464"/>
    <motionState vehicle="6" speed="2240" time="6410" acceleration="1011"/>
    <motionState vehicle="7" speed="2338" time="6410" acceleration="1270"/>
    <motionState vehicle="8" speed="2461" time="6410" acceleration="1399"/>
    <motionState vehicle="9" speed="2596" time="6410" acceleration="1267"/>
    <motionState vehicle="10" speed="2716" time="6410" acceleration="755"/>
    <motionState vehicle="11" speed="2780" time="6410" acceleration="-140"/>
    <motionState vehicle="0" speed="2750" time="6420" acceleration="-1168"/>
    <motionState vehicle="1" speed="2617" time="6420" acceleration="-1766"/>
    <motionState vehicle="2" speed="2427" time="6420" acceleration="-1531"/>
    <motionState vehicle="3" speed="2269" time="6420" acceleration="-603"/>
    <motionState vehicle="4" speed="8715" time="6420" acceleration="13636"/>
    <motionState vehicle="5" speed="2200" time="6420" acceleration="469"/>
    <motionState vehicle="6" speed="2241" time="6420" acceleration="1013"/>
    <motionState vehicle="7" speed="2339" time="6420" acceleration="1271"/>
    <motionState vehicle="8" speed="2462" time="6420" acceleration="1397"/>
    <motionState vehicle="9" speed="2597" time="6420" acceleration="1262"/>
    <motionState vehicle="10" speed="2716" time="6420" acceleration="746"/>
    <motionState vehicle="11" speed="2780" time="6420" acceleration="-151"/>
    <motionState vehicle="0" speed="2749" time="6430" acceleration="-1175"/>
    <motionState vehicle="1" speed="2615" time="6430" acceleration="-1765"/>
    <motionState vehicle="2" speed="2426" time="6430" acceleration="-1523"/>
    <motionState vehicle="3" speed="2269" time="6430" acceleration="-595"/>
    <motionState vehicle="4" speed="8728" time="6430" acceleration="13636"/>
    <motionState vehicle="5" speed="2200" time="6430" acceleration="473"/>
    <motionState vehicle="6" speed="2242" time="6430" acceleration="1015"/>
    <motionState vehicle="7" speed="2340" time="6430" acceleration="1272"/>
    <motionState vehicle="8" speed="2464" time="6430" acceleration="1396"/>
    <motionState vehicle="9" speed="2599" time="6430" acceleration="1256"/>
    <motionState vehicle="10" speed="2717" time="6430" acceleration="737"/>
    <motionState vehicle="11" speed="2780" time="6430" acceleration="-162"/>
    <motionState vehicle="0" speed="2748" time="6440" acceleration="-1182"/>
    <motionState vehicle="1" speed="2613" time="6440" acceleration="-1764"/>
    <motionState vehicle="2" speed="2424" time="6440" acceleration="-1515"/>
    <motionState vehicle="3" speed="2268" time="6440" acceleration="-586"/>
    <motionState vehicle="4" speed="8742" time="6440" acceleration="13636"/>
    <motionState vehicle="5" speed="2201" time="6440" acceleration="477"/>
    <motionState vehicle="6" speed="2243" time="6440" acceleration="1017"/>
    <motionState vehicle="7" speed="2341" time="6440" acceleration="1272"/>
    <motionState vehicle="8" speed="2465" time="6440" acceleration="1394"/>
    <motionState vehicle="9" speed="2600" time="6440" acceleration="1251"/>
    <motionState vehicle="10" speed="2718" time="6440" acceleration="727"/>
    <motionState vehicle="11" speed="2779" time="6440" acceleration="-172"/>
    <motionState vehicle="0" speed="2746" time="6450" acceleration="-1189"/>
    <motionState vehicle="1" speed="2611" time="6450" acceleration="-1763"/>
    <motionState vehicle="2" speed="2423" time="6450" acceleration="-1507"/>
    <motionState vehicle="3" speed="2268" time="6450" acceleration="-577"/>
    <motionState vehicle="4" speed="8756" time="6450" acceleration="13636"/>
    <motionState vehicle="5" speed="2201" time="6450" acceleration="482"/>
    <motionState vehicle="6" speed="2244" time="6450" acceleration="1019"/>
    <motionState vehicle="7" speed="2343" time="6450" acceleration="1273"/>
    <motionState vehicle="8" speed="2467" time="6450" acceleration="1392"/>
    <motionState vehicle="9" speed="2601" time="6450" acceleration="1246"/>
    <motionState vehicle="10" speed="2718" time="6450" acceleration="718"/>
    <motionState vehicle="11" speed="2779" time="6450" acceleration="-183"/>
    <motionState vehicle="0" speed="2760" time="6460" acceleration="13636"/>
    <motionState vehicle="1" speed="2610" time="6460" acceleration="-1761"/>
    <motionState vehicle="2" speed="2421" time="6460" acceleration="-1499"/>
    <motionState vehicle="3" speed="2267" time="6460" acceleration="-568"/>
    <motionState vehicle="4" speed="8769" time="6460" acceleration="13636"/>
    <motionState vehicle="5" speed="2202" time="6460" acceleration="486"/>
    <motionState vehicle="6" speed="2245" time="6460" acceleration="1021"/>
    <motionState vehicle="7" speed="2344" time="6460" acceleration="1274"/>
    <motionState vehicle="8" speed="2468" time="6460" acceleration="1391"/>
    <motionState vehicle="9" speed="2602" time="6460" acceleration="1240"/>
    <motionState vehicle="10" speed="2719" time="6460" acceleration="709"/>
    <motionState vehicle="11" speed="2793" time="6460" acceleration="13636"/>
    <motionState vehicle="0" speed="2774" time="6470" acceleration="13636"/>
    <motionState vehicle="1" speed="2608" time="6470" acceleration="-1760"/>
    <motionState vehicle="2" speed="2420" time="6470" acceleration="-1491"/>
    <motionState vehicle="3" speed="2266" time="6470" acceleration="-559"/>
    <motionState vehicle="4" speed="8783" time="6470" acceleration="13636"/>
    <motionState vehicle="5" speed="2202" time="6470" acceleration="491"/>
    <motionState vehicle="6" speed="2246" time="6470" acceleration="1023"/>
    <motionState vehicle="7" speed="2345" time="6470" acceleration="1275"/>
    <motionState vehicle="8" speed="2469" time="6470" acceleration="1389"/>
    <motionState vehicle="9" speed="2604" time="6470" acceleration="1235"/>
    <motionState vehicle="10" speed="2720" time="6470" acceleration="827"/>
    <motionState vehicle="11" speed="2807" time="6470" acceleration="13636"/>
    <motionState vehicle="0" speed="2787" time="6480" acceleration="13636"/>
    <motionState vehicle="1" speed="2606" time="6480" acceleration="-1759"/>
    <motionState vehicle="2" speed="2418" time="6480" acceleration="-1483"/>
    <motionState vehicle="3" speed="2266" time="6480" acceleration="-550"/>
    <motionState vehicle="4" speed="8797" time="6480" acceleration="13636"/>
    <motionState vehicle="5" speed="2203" time="6480" acceleration="495"/>
    <motionState vehicle="6" speed="2247" time="6480" acceleration="1025"/>
    <motionState vehicle="7" speed="2346" time="6480" acceleration="1275"/>
    <motionState vehicle="8" speed="2471" time="6480" acceleration="1387"/>
    <motionState vehicle="9" speed="2605" time="6480" acceleration="1230"/>
    <motionState vehicle="10" speed="2721" time="6480" acceleration="944"/>
    <motionState vehicle="11" speed="2820" time="6480" acceleration="13636"/>
    <motionState vehicle="0" speed="2801" time="6490" acceleration="13636"/>
    <motionState vehicle="1" speed="2604" time="6490" acceleration="-1757"/>
    <motionState vehicle="2" speed="2417" time="6490" acceleration="-1475"/>
    <motionState vehicle="3" speed="2265" time="6490" acceleration="-542"/>
    <motionState vehicle="4" speed="8810" time="6490" acceleration="13636"/>
    <motionState vehicle="5" speed="2203" time="6490" acceleration="499"/>
    <motionState vehicle="6" speed="2248" time="6490" acceleration="1027"/>
    <motionState vehicle="7" speed="2348" time="6490" acceleration="1276"/>
    <motionState vehicle="8" speed="2472" time="6490" acceleration="1385"/>
    <motionState vehicle="9" speed="2606" time="6490" acceleration="1227"/>
    <motionState vehicle="10" speed="2722" time="6490" acceleration="1059"/>
    <motionState vehicle="11" speed="2834" time="6490" acceleration="13636"/>
    <motionState vehicle="0" speed="2815" time="6500" acceleration="13636"/>
    <motionState vehicle="1" speed="2603" time="6500" acceleration="-1756"/>
    <motionState vehicle="2" speed="2415" time="6500" acceleration="-1467"/>
    <motionState vehicle="3" speed="2265" time="6500" acceleration="-533"/>
    <motionState vehicle="4" speed="8824" time="6500" acceleration="13636"/>
    <motionState vehicle="5" speed="2204" time="6500" acceleration="504"/>
    <motionState vehicle="6" speed="2249" time="6500" acceleration="1029"/>
    <motionState vehicle="7" speed="2349" time="6500" acceleration="1277"/>
    <motionState vehicle="8" speed="2474" time="6500" acceleration="1383"/>
    <motionState vehicle="9" speed="2607" time="6500" acceleration="1225"/>
    <motionState vehicle="10" speed="2723" time="6500" acceleration="1174"/>
    <motionState vehicle="11" speed="2847" time="6500" acceleration="13636"/>
    <motionState vehicle="0" speed="2828" time="6510" acceleration="13636"/>
    <motionState vehicle="1" speed="2601" time="6510" acceleration="-1754"/>
    <motionState vehicle="2" speed="2414" time="6510" acceleration="-1458"/>
    <motionState vehicle="3" speed="2264" time="6510" acceleration="-524"/>
    <motionState vehicle="4" speed="8838" time="6510" acceleration="13636"/>
    <motionState vehicle="5" speed="2204" time="6510" acceleration="508"/>
    <motionState vehicle="6" speed="2250" time="6510" acceleration="1031"/>
    <motionState vehicle="7" speed="2350" time="6510" acceleration="1278"/>
    <motionState vehicle="8" speed="2475" time="6510" acceleration="1381"/>
    <motionState vehicle="9" speed="2609" time="6510" acceleration="1224"/>
    <motionState vehicle="10" speed="2724" time="6510" acceleration="1288"/>
    <motionState vehicle="11" speed="2861" time="6510" acceleration="13636"/>
    <motionState vehicle="0" speed="2842" time="6520" acceleration="13636"/>
    <motionState vehicle="1" speed="2599" time="6520" acceleration="-1753"/>
    <motionState vehicle="2" speed="2413" time="6520" acceleration="-1450"/>
    <motionState vehicle="3" speed="2264" time="6520" acceleration="-515"/>
    <motionState vehicle="4" speed="8851" time="6520" acceleration="13636"/>
    <motionState vehicle="5" speed="2205" time="6520" acceleration="512"/>
    <motionState vehicle="6" speed="2251" time="6520" acceleration="1033"/>
    <motionState vehicle="7" speed="2352" time="6520" acceleration="1278"/>
    <motionState vehicle="8" speed="2476" time="6520" acceleration="1380"/>
    <motionState vehicle="9" speed="2610" time="6520" acceleration="1224"/>
    <motionState vehicle="10" speed="2726" time="6520" acceleration="1401"/>
    <motionState vehicle="11" speed="2875" time="6520" acceleration="13636"/>
    <motionState vehicle="0" speed="2856" time="6530" acceleration="13636"/>
    <motionState vehicle="1" speed="2597" time="6530" acceleration="-1751"/>
    <motionState vehicle="2" speed="2411" time="6530" acceleration="-1442"/>
    <motionState vehicle="3" speed="2263" time="6530" acceleration="-507"/>
    <motionState vehicle="4" speed="8865" time="6530" acceleration="13636"/>
    <motionState vehicle="5" speed="2205" time="6530" acceleration="516"/>
    <motionState vehicle="6" speed="2252" time="6530" acceleration="1035"/>
    <motionState vehicle="7" speed="2353" time="6530" acceleration="1279"/>
    <motionState vehicle="8" speed="2478" time="6530" acceleration="1378"/>
    <motionState vehicle="9" speed="2611" time="6530" acceleration="1225"/>
    <motionState vehicle="10" speed="2727" time="6530" acceleration="1513"/>
    <motionState vehicle="11" speed="2888" time="6530" acceleration="13402"/>
    <motionState vehicle="0" speed="2869" time="6540" acceleration="13636"/>
    <motionState vehicle="1" speed="2596" time="6540" acceleration="-1749"/>
    <motionState vehicle="2" speed="2410" time="6540" acceleration="-1434"/>
    <motionState vehicle="3" speed="2263" time="6540" acceleration="-498"/>
    <motionState vehicle="4" speed="8878" time="6540" acceleration="13636"/>
    <motionState vehicle="5" speed="2206" time="6540" acceleration="521"/>
    <motionState vehicle="6" speed="2253" time="6540" acceleration="1037"/>
    <motionState vehicle="7" speed="2354" time="6540" acceleration="1280"/>
    <motionState vehicle="8" speed="2479" time="6540" acceleration="1376"/>
    <motionState vehicle="9" speed="2612" time="6540" acceleration="1227"/>
    <motionState vehicle="10" speed="2729" time="6540" acceleration="1622"/>
    <motionState vehicle="11" speed="2901" time="6540" acceleration="13116"/>
    <motionState vehicle="0" speed="2883" time="6550" acceleration="13636"/>
    <motionState vehicle="1" speed="2594" time="6550" acceleration="-1747"/>
    <motionState vehicle="2" speed="2408" time="6550" acceleration="-1426"/>
    <motionState vehicle="3" speed="2262" time="6550" acceleration="-490"/>
    <motionState vehicle="4" speed="8892" time="6550" acceleration="13636"/>
    <motionState vehicle="5" speed="2206" time="6550" acceleration="525"/>
    <motionState vehicle="6" speed="2254" time="6550" acceleration="1039"/>
    <motionState vehicle="7" speed="2355" time="6550" acceleration="1280"/>
    <motionState vehicle="8" speed="2481" time="6550" acceleration="1374"/>
    <motionState vehicle="9" speed="2614" time="6550" acceleration="1230"/>
    <motionState vehicle="10" speed="2731" time="6550" acceleration="1727"/>
    <motionState vehicle="11" speed="2914" time="6550" acceleration="12834"/>
    <motionState vehicle="0" speed="2896" time="6560" acceleration="13636"/>
    <motionState vehicle="1" speed="2592" time="6560" acceleration="-1745"/>
    <motionState vehicle="2" speed="2407" time="6560" acceleration="-1417"/>
    <motionState vehicle="3" speed="2262" time="6560" acceleration="-481"/>
    <motionState vehicle="4" speed="8906" time="6560" acceleration="13636"/>
    <motionState vehicle="5" speed="2207" time="6560" acceleration="529"/>
    <motionState vehicle="6" speed="2255" time="6560" acceleration="1041"/>
    <motionState vehicle="7" speed="2357" time="6560" acceleration="1281"/>
    <motionState vehicle="8" speed="2482" time="6560" acceleration="1373"/>
    <motionState vehicle="9" speed="2615" time="6560" acceleration="1234"/>
    <motionState vehicle="10" speed="2733" time="6560" acceleration="1829"/>
    <motionState vehicle="11" speed="2927" time="6560" acceleration="12555"/>
    <motionState vehicle="0" speed="2910" time="6570" acceleration="13636"/>
    <motionState vehicle="1" speed="2590" time="6570" acceleration="-1743"/>
    <motionState vehicle="2" speed="2405" time="6570" acceleration="-1409"/>
    <motionState vehicle="3" speed="2261" time="6570" acceleration="-472"/>
    <motionState vehicle="4" speed="8919" time="6570" acceleration="13636"/>
    <motionState vehicle="5" speed="2207" time="6570" acceleration="533"/>
    <motionState vehicle="6" speed="2256" time="6570" acceleration="1043"/>
    <motionState vehicle="7" speed="2358" time="6570" acceleration="1281"/>
    <motionState vehicle="8" speed="2483" time="6570" acceleration="1371"/>
    <motionState vehicle="9" speed="2616" time="6570" acceleration="1239"/>
    <motionState vehicle="10" speed="2734" time="6570" acceleration="1928"/>
    <motionState vehicle="11" speed="2939" time="6570" acceleration="12281"/>
    <motionState vehicle="0" speed="2924" time="6580" acceleration="13636"/>
    <motionState vehicle="1" speed="2589" time="6580" acceleration="-1741"/>
    <motionState vehicle="2" speed="2404" time="6580" acceleration="-1401"/>
    <motionState vehicle="3" speed="2261" time="6580" acceleration="-464"/>
    <motionState vehicle="4" speed="8933" time="6580" acceleration="13636"/>
    <motionState vehicle="5" speed="2208" time="6580" acceleration="538"/>
    <motionState vehicle="6" speed="2257" time="6580" acceleration="1045"/>
    <motionState vehicle="7" speed="2359" time="6580" acceleration="1282"/>
    <motionState vehicle="8" speed="2485" time="6580" acceleration="1369"/>
    <motionState vehicle="9" speed="2617" time="6580" acceleration="1245"/>
    <motionState vehicle="10" speed="2737" time="6580" acceleration="2023"/>
    <motionState vehicle="11" speed="2951" time="6580" acceleration="12010"/>
    <motionState vehicle="0" speed="2937" time="6590" acceleration="13636"/>
    <motionState vehicle="1" speed="2587" time="6590" acceleration="-1739"/>
    <motionState vehicle="2" speed="2403" time="6590" acceleration="-1393"/>
    <motionState vehicle="3" speed="2260" time="6590" acceleration="-455"/>
    <motionState vehicle="4" speed="8947" time="6590" acceleration="13636"/>
    <motionState vehicle="5" speed="2208" time="6590" acceleration="542"/>
    <motionState vehicle="6" speed="2258" time="6590" acceleration="1047"/>
    <motionState vehicle="7" speed="2361" time="6590" acceleration="1282"/>
    <motionState vehicle="8" speed="2486" time="6590" acceleration="1368"/>
    <motionState vehicle="9" speed="2619" time="6590" acceleration="1251"/>
    <motionState vehicle="10" speed="2739" time="6590" acceleration="2115"/>
    <motionState vehicle="11" speed="2963" time="6590" acceleration="11743"/>
    <motionState vehicle="0" speed="2951" time="6600" acceleration="13636"/>
    <motionState vehicle="1" speed="2585" time="6600" acceleration="-1737"/>
    <motionState vehicle="2" speed="2401" time="6600" acceleration="-1384"/>
    <motionState vehicle="3" speed="2260" time="6600" acceleration="-447"/>
    <motionState vehicle="4" speed="8960" time="6600" acceleration="13636"/>
    <motionState vehicle="5" speed="2209" time="6600" acceleration="546"/>
    <motionState vehicle="6" speed="2259" time="6600" acceleration="1049"/>
    <motionState vehicle="7" speed="2362" time="6600" acceleration="1283"/>
    <motionState vehicle="8" speed="2487" time="6600" acceleration="1366"/>
    <motionState vehicle="9" speed="2620" time="6600" acceleration="1259"/>
    <motionState vehicle="10" speed="2741" time="6600" acceleration="2204"/>
    <motionState vehicle="11" speed="2974" time="6600" acceleration="11479"/>
    <motionState vehicle="0" speed="2965" time="6610" acceleration="13636"/>
    <motionState vehicle="1" speed="2583" time="6610" acceleration="-1734"/>
    <motionState vehicle="2" speed="2400" time="6610" acceleration="-1376"/>
    <motionState vehicle="3" speed="2260" time="6610" acceleration="-438"/>
    <motionState vehicle="4" speed="8974" time="6610" acceleration="13636"/>
    <motionState vehicle="5" speed="2209" time="6610" acceleration="550"/>
    <motionState vehicle="6" speed="2260" time="6610" acceleration="1051"/>
    <motionState vehicle="7" speed="2363" time="6610" acceleration="1283"/>
    <motionState vehicle="8" speed="2489" time="6610" acceleration="1365"/>
    <motionState vehicle="9" speed="2621" time="6610" acceleration="1267"/>
    <motionState vehicle="10" speed="2743" time="6610" acceleration="2289"/>
    <motionState vehicle="11" speed="2985" time="6610" acceleration="11220"/>
    <motionState vehicle="0" speed="2978" time="6620" acceleration="13636"/>
    <motionState vehicle="1" speed="2582" time="6620" acceleration="-1732"/>
    <motionState vehicle="2" speed="2398" time="6620" acceleration="-1368"/>
    <motionState vehicle="3" speed="2259" time="6620" acceleration="-430"/>
    <motionState vehicle="4" speed="8988" time="6620" acceleration="13636"/>
    <motionState vehicle="5" speed="2210" time="6620" acceleration="554"/>
    <motionState vehicle="6" speed="2261" time="6620" acceleration="1053"/>
    <motionState vehicle="7" speed="2364" time="6620" acceleration="1284"/>
    <motionState vehicle="8" speed="2490" time="6620" acceleration="1364"/>
    <motionState vehicle="9" speed="2622" time="6620" acceleration="1276"/>
    <motionState vehicle="10" speed="2745" time="6620" acceleration="2372"/>
    <motionState vehicle="11" speed="2996" time="6620" acceleration="10963"/>
    <motionState vehicle="0" speed="2992" time="6630" acceleration="13636"/>
    <motionState vehicle="1" speed="2580" time="6630" acceleration="-1730"/>
    <motionState vehicle="2" speed="2397" time="6630" acceleration="-1360"/>
    <motionState vehicle="3" speed="2259" time="6630" acceleration="-422"/>
    <motionState vehicle="4" speed="9001" time="6630" acceleration="13636"/>
    <motionState vehicle="5" speed="2210" time="6630" acceleration="559"/>
    <motionState vehicle="6" speed="2262" time="6630" acceleration="1055"/>
    <motionState vehicle="7" speed="2366" time="6630" acceleration="1284"/>
    <motionState vehicle="8" speed="2491" time="6630" acceleration="1362"/>
    <motionState vehicle="9" speed="2624" time="6630" acceleration="1285"/>
    <motionState vehicle="10" speed="2748" time="6630" acceleration="2451"/>
    <motionState vehicle="11" speed="3007" time="6630" acceleration="10710"/>
    <motionState vehicle="0" speed="3006" time="6640" acceleration="13636"/>
    <motionState vehicle="1" speed="2578" time="6640" acceleration="-1727"/>
    <motionState vehicle="2" speed="2396" time="6640" acceleration="-1351"/>
    <motionState vehicle="3" speed="2258" time="6640" acceleration="-413"/>
    <motionState vehicle="4" speed="9015" time="6640" acceleration="13636"/>
    <motionState vehicle="5" speed="2211" time="6640" acceleration="563"/>
    <motionState vehicle="6" speed="2263" time="6640" acceleration="1057"/>
    <motionState vehicle="7" speed="2367" time="6640" acceleration="1285"/>
    <motionState vehicle="8" speed="2493" time="6640" acceleration="1361"/>
    <motionState vehicle="9" speed="2625" time="6640" acceleration="1295"/>
    <motionState vehicle="10" speed="2750" time="6640" acceleration="2527"/>
    <motionState vehicle="11" speed="3017" time="6640" acceleration="10461"/>
    <motionState vehicle="0" speed="3019" time="6650" acceleration="13636"/>
    <motionState vehicle="1" speed="2576" time="6650" acceleration="-1725"/>
    <motionState vehicle="2" speed="2394" time="6650" acceleration="-1343"/>
    <motionState vehicle="3" speed="2258" time="6650" acceleration="-405"/>
    <motionState vehicle="4" speed="9028" time="6650" acceleration="13636"/>
    <motionState vehicle="5" speed="2212" time="6650" acceleration="567"/>
    <motionState vehicle="6" speed="2264" time="6650" acceleration="1058"/>
    <motionState vehicle="7" speed="2368" time="6650" acceleration="1285"/>
    <motionState vehicle="8" speed="2494" time="6650" acceleration="1360"/>
    <motionState vehicle="9" speed="2626" time="6650" acceleration="1306"/>
    <motionState vehicle="10" speed="2753" time="6650" acceleration="2601"/>
    <motionState vehicle="11" speed="3028" time="6650" acceleration="10215"/>
    <motionState vehicle="0" speed="3033" time="6660" acceleration="13636"/>
    <motionState vehicle="1" speed="2575" time="6660" acceleration="-1722"/>
    <motionState vehicle="2" speed="2393" time="6660" acceleration="-1335"/>
    <motionState vehicle="3" speed="2257" time="6660" acceleration="-397"/>
    <motionState vehicle="4" speed="9042" time="6660" acceleration="13636"/>
    <motionState vehicle="5" speed="2212" time="6660" acceleration="571"/>
    <motionState vehicle="6" speed="2265" time="6660" acceleration="1060"/>
    <motionState vehicle="7" speed="2369" time="6660" acceleration="1286"/>
    <motionState vehicle="8" speed="2496" time="6660" acceleration="1360"/>
    <motionState vehicle="9" speed="2628" time="6660" acceleration="1318"/>
    <motionState vehicle="10" speed="2756" time="6660" acceleration="2671"/>
    <motionState vehicle="11" speed="3038" time="6660" acceleration="9973"/>
    <motionState vehicle="0" speed="3046" time="6670" acceleration="13636"/>
    <motionState vehicle="1" speed="2573" time="6670" acceleration="-1719"/>
    <motionState vehicle="2" speed="2392" time="6670" acceleration="-1326"/>
    <motionState vehicle="3" speed="2257" time="6670" acceleration="-388"/>
    <motionState vehicle="4" speed="9056" time="6670" acceleration="13636"/>
    <motionState vehicle="5" speed="2213" time="6670" acceleration="575"/>
    <motionState vehicle="6" speed="2266" time="6670" acceleration="1062"/>
    <motionState vehicle="7" speed="2371" time="6670" acceleration="1286"/>
    <motionState vehicle="8" speed="2497" time="6670" acceleration="1359"/>
    <motionState vehicle="9" speed="2629" time="6670" acceleration="1330"/>
    <motionState vehicle="10" speed="2758" time="6670" acceleration="2739"/>
    <motionState vehicle="11" speed="3047" time="6670" acceleration="9734"/>
    <motionState vehicle="0" speed="3060" time="6680" acceleration="13636"/>
    <motionState vehicle="1" speed="2571" time="6680" acceleration="-1717"/>
    <motionState vehicle="2" speed="2390" time="6680" acceleration="-1318"/>
    <motionState vehicle="3" speed="2257" time="6680" acceleration="-380"/>
    <motionState vehicle="4" speed="9069" time="6680" acceleration="13636"/>
    <motionState vehicle="5" speed="2213" time="6680" acceleration="579"/>
    <motionState vehicle="6" speed="2268" time="6680" acceleration="1064"/>
    <motionState vehicle="7" speed="2372" time="6680" acceleration="1287"/>
    <motionState vehicle="8" speed="2498" time="6680" acceleration="1358"/>
    <motionState vehicle="9" speed="2630" time="6680" acceleration="1342"/>
    <motionState vehicle="10" speed="2761" time="6680" acceleration="2804"/>
    <motionState vehicle="11" speed="3057" time="6680" acceleration="9498"/>
    <motionState vehicle="0" speed="3074" time="6690" acceleration="13636"/>
    <motionState vehicle="1" speed="2570" time="6690" acceleration="-1714"/>
    <motionState vehicle="2" speed="2389" time="6690" acceleration="-1310"/>
    <motionState vehicle="3" speed="2256" time="6690" acceleration="-372"/>
    <motionState vehicle="4" speed="9083" time="6690" acceleration="13636"/>
    <motionState vehicle="5" speed="2214" time="6690" acceleration="583"/>
    <motionState vehicle="6" speed="2269" time="6690" acceleration="1066"/>
    <motionState vehicle="7" speed="2373" time="6690" acceleration="1287"/>
    <motionState vehicle="8" speed="2500" time="6690" acceleration="1358"/>
    <motionState vehicle="9" speed="2632" time="6690" acceleration="1355"/>
    <motionState vehicle="10" speed="2764" time="6690" acceleration="2866"/>
    <motionState vehicle="11" speed="3066" time="6690" acceleration="9266"/>
    <motionState vehicle="0" speed="3087" time="6700" acceleration="13636"/>
    <motionState vehicle="1" speed="2568" time="6700" acceleration="-1711"/>
    <motionState vehicle="2" speed="2388" time="6700" acceleration="-1301"/>
    <motionState vehicle="3" speed="2256" time="6700" acceleration="-364"/>
    <motionState vehicle="4" speed="9097" time="6700" acceleration="13636"/>
    <motionState vehicle="5" speed="2214" time="6700" acceleration="587"/>
    <motionState vehicle="6" speed="2270" time="6700" acceleration="1068"/>
    <motionState vehicle="7" speed="2375" time="6700" acceleration="1288"/>
    <motionState vehicle="8" speed="2501" time="6700" acceleration="1357"/>
    <motionState vehicle="9" speed="2633" time="6700" acceleration="1369"/>
    <motionState vehicle="10" speed="2767" time="6700" acceleration="2926"/>
    <motionState vehicle="11" speed="3075" time="6700" acceleration="9036"/>
    <motionState vehicle="0" speed="3101" time="6710" acceleration="13636"/>
    <motionState vehicle="1" speed="2566" time="6710" acceleration="-1708"/>
    <motionState vehicle="2" speed="2387" time="6710" acceleration="-1293"/>
    <motionState vehicle="3" speed="2256" time="6710" acceleration="-355"/>
    <motionState vehicle="4" speed="9110" time="6710" acceleration="13636"/>
    <motionState vehicle="5" speed="2215" time="6710" acceleration="591"/>
    <motionState vehicle="6" speed="2271" time="6710" acceleration="1070"/>
    <motionState vehicle="7" speed="2376" time="6710" acceleration="1288"/>
    <motionState vehicle="8" speed="2502" time="6710" acceleration="1357"/>
    <motionState vehicle="9" speed="2634" time="6710" acceleration="1383"/>
    <motionState vehicle="10" speed="2770" time="6710" acceleration="2983"/>
    <motionState vehicle="11" speed="3084" time="6710" acceleration="8810"/>
    <motionState vehicle="0" speed="3115" time="6720" acceleration="13636"/>
    <motionState vehicle="1" speed="2564" time="6720" acceleration="-1705"/>
    <motionState vehicle="2" speed="2385" time="6720" acceleration="-1284"/>
    <motionState vehicle="3" speed="2255" time="6720" acceleration="-347"/>
    <motionState vehicle="4" speed="9124" time="6720" acceleration="13636"/>
    <motionState vehicle="5" speed="2216" time="6720" acceleration="595"/>
    <motionState vehicle="6" speed="2272" time="6720" acceleration="1071"/>
    <motionState vehicle="7" speed="2377" time="6720" acceleration="1288"/>
    <motionState vehicle="8" speed="2504" time="6720" acceleration="1357"/>
    <motionState vehicle="9" speed="2636" time="6720" acceleration="1397"/>
    <motionState vehicle="10" speed="2773" time="6720" acceleration="3037"/>
    <motionState vehicle="11" speed="3093" time="6720" acceleration="8588"/>
    <motionState vehicle="0" speed="3128" time="6730" acceleration="13636"/>
    <motionState vehicle="1" speed="2563" time="6730" acceleration="-1702"/>
    <motionState vehicle="2" speed="2384" time="6730" acceleration="-1276"/>
    <motionState vehicle="3" speed="2255" time="6730" acceleration="-339"/>
    <motionState vehicle="4" speed="9138" time="6730" acceleration="13636"/>
    <motionState vehicle="5" speed="2216" time="6730" acceleration="599"/>
    <motionState vehicle="6" speed="2273" time="6730" acceleration="1073"/>
    <motionState vehicle="7" speed="2379" time="6730" acceleration="1289"/>
    <motionState vehicle="8" speed="2505" time="6730" acceleration="1357"/>
    <motionState vehicle="9" speed="2637" time="6730" acceleration="1412"/>
    <motionState vehicle="10" speed="2776" time="6730" acceleration="3089"/>
    <motionState vehicle="11" speed="3101" time="6730" acceleration="8368"/>
    <motionState vehicle="0" speed="3142" time="6740" acceleration="13636"/>
    <motionState vehicle="1" speed="2561" time="6740" acceleration="-1699"/>
    <motionState vehicle="2" speed="2383" time="6740" acceleration="-1268"/>
    <motionState vehicle="3" speed="2255" time="6740" acceleration="-331"/>
    <motionState vehicle="4" speed="9151" time="6740" acceleration="13636"/>
    <motionState vehicle="5" speed="2217" time="6740" acceleration="603"/>
    <motionState vehicle="6" speed="2274" time="6740" acceleration="1075"/>
    <motionState vehicle="7" speed="2380" time="6740" acceleration="1289"/>
    <motionState vehicle="8" speed="2506" time="6740" acceleration="1357"/>
    <motionState vehicle="9" speed="2639" time="6740" acceleration="1427"/>
    <motionState vehicle="10" speed="2779" time="6740" acceleration="3138"/>
    <motionState vehicle="11" speed="3109" time="6740" acceleration="8151"/>
    <motionState vehicle="0" speed="3156" time="6750" acceleration="13636"/>
    <motionState vehicle="1" speed="2559" time="6750" acceleration="-1696"/>
    <motionState vehicle="2" speed="2381" time="6750" acceleration="-1259"/>
    <motionState vehicle="3" speed="2254" time="6750" acceleration="-323"/>
    <motionState vehicle="4" speed="9165" time="6750" acceleration="13636"/>
    <motionState vehicle="5" speed="2217" time="6750" acceleration="607"/>
    <motionState vehicle="6" speed="2275" time="6750" acceleration="1077"/>
    <motionState vehicle="7" speed="2381" time="6750" acceleration="1290"/>
    <motionState vehicle="8" speed="2508" time="6750" acceleration="1358"/>
    <motionState vehicle="9" speed="2640" time="6750" acceleration="1442"/>
    <motionState vehicle="10" speed="2783" time="6750" acceleration="3185"/>
    <motionState vehicle="11" speed="3117" time="6750" acceleration="7938"/>
    <motionState vehicle="0" speed="3169" time="6760" acceleration="13636"/>
    <motionState vehicle="1" speed="2558" time="6760" acceleration="-1693"/>
    <motionState vehicle="2" speed="2380" time="6760" acceleration="-1251"/>
    <motionState vehicle="3" speed="2254" time="6760" acceleration="-315"/>
    <motionState vehicle="4" speed="9178" time="6760" acceleration="13636"/>
    <motionState vehicle="5" speed="2218" time="6760" acceleration="611"/>
    <motionState vehicle="6" speed="2276" time="6760" acceleration="1079"/>
    <motionState vehicle="7" speed="2382" time="6760" acceleration="1290"/>
    <motionState vehicle="8" speed="2509" time="6760" acceleration="1358"/>
    <motionState vehicle="9" speed="2641" time="6760" acceleration="1458"/>
    <motionState vehicle="10" speed="2786" time="6760" acceleration="3230"/>
    <motionState vehicle="11" speed="3125" time="6760" acceleration="7727"/>
    <motionState vehicle="0" speed="3183" time="6770" acceleration="13636"/>
    <motionState vehicle="1" speed="2556" time="6770" acceleration="-1689"/>
    <motionState vehicle="2" speed="2379" time="6770" acceleration="-1242"/>
    <motionState vehicle="3" speed="2254" time="6770" acceleration="-307"/>
    <motionState vehicle="4" speed="9192" time="6770" acceleration="13636"/>
    <motionState vehicle="5" speed="2219" time="6770" acceleration="615"/>
    <motionState vehicle="6" speed="2277" time="6770" acceleration="1080"/>
    <motionState vehicle="7" speed="2384" time="6770" acceleration="1290"/>
    <motionState vehicle="8" speed="2510" time="6770" acceleration="1359"/>
    <motionState vehicle="9" speed="2643" time="6770" acceleration="1474"/>
    <motionState vehicle="10" speed="2789" time="6770" acceleration="3272"/>
    <motionState vehicle="11" speed="3132" time="6770" acceleration="7520"/>
    <motionState vehicle="0" speed="3196" time="6780" acceleration="13636"/>
    <motionState vehicle="1" speed="2554" time="6780" acceleration="-1686"/>
    <motionState vehicle="2" speed="2378" time="6780" acceleration="-1234"/>
    <motionState vehicle="3" speed="2253" time="6780" acceleration="-299"/>
    <motionState vehicle="4" speed="9206" time="6780" acceleration="13636"/>
    <motionState vehicle="5" speed="2219" time="6780" acceleration="619"/>
    <motionState vehicle="6" speed="2278" time="6780" acceleration="1082"/>
    <motionState vehicle="7" speed="2385" time="6780" acceleration="1291"/>
    <motionState vehicle="8" speed="2512" time="6780" acceleration="1359"/>
    <motionState vehicle="9" speed="2644" time="6780" acceleration="1490"/>
    <motionState vehicle="10" speed="2792" time="6780" acceleration="3312"/>
    <motionState vehicle="11" speed="3140" time="6780" acceleration="7316"/>
    <motionState vehicle="0" speed="3210" time="6790" acceleration="13636"/>
    <motionState vehicle="1" speed="2553" time="6790" acceleration="-1683"/>
    <motionState vehicle="2" speed="2376" time="6790" acceleration="-1226"/>
    <motionState vehicle="3" speed="2253" time="6790" acceleration="-291"/>
    <motionState vehicle="4" speed="9219" time="6790" acceleration="13636"/>
    <motionState vehicle="5" speed="2220" time="6790" acceleration="623"/>
    <motionState vehicle="6" speed="2279" time="6790" acceleration="1084"/>
    <motionState vehicle="7" speed="2386" time="6790" acceleration="1291"/>
    <motionState vehicle="8" speed="2513" time="6790" acceleration="1360"/>
    <motionState vehicle="9" speed="2646" time="6790" acceleration="1506"/>
    <motionState vehicle="10" speed="2796" time="6790" acceleration="3350"/>
    <motionState vehicle="11" speed="3147" time="6790" acceleration="7114"/>
    <motionState vehicle="0" speed="3224" time="6800" acceleration="13636"/>
    <motionState vehicle="1" speed="2551" time="6800" acceleration="-1679"/>
    <motionState vehicle="2" speed="2375" time="6800" acceleration="-1217"/>
    <motionState vehicle="3" speed="2253" time="6800" acceleration="-283"/>
    <motionState vehicle="4" speed="9233" time="6800" acceleration="13636"/>
    <motionState vehicle="5" speed="2221" time="6800" acceleration="627"/>
    <motionState vehicle="6" speed="2280" time="6800" acceleration="1086"/>
    <motionState vehicle="7" speed="2388" time="6800" acceleration="1292"/>
    <motionState vehicle="8" speed="2515" time="6800" acceleration="1361"/>
    <motionState vehicle="9" speed="2647" time="6800" acceleration="1523"/>
    <motionState vehicle="10" speed="2799" time="6800" acceleration="3386"/>
    <motionState vehicle="11" speed="3154" time="6800" acceleration="6915"/>
    <motionState vehicle="0" speed="3237" time="6810" acceleration="13636"/>
    <motionState vehicle="1" speed="2549" time="6810" acceleration="-1676"/>
    <motionState vehicle="2" speed="2374" time="6810" acceleration="-1209"/>
    <motionState vehicle="3" speed="2252" time="6810" acceleration="-275"/>
    <motionState vehicle="4" speed="9247" time="6810" acceleration="13636"/>
    <motionState vehicle="5" speed="2221" time="6810" acceleration="631"/>
    <motionState vehicle="6" speed="2282" time="6810" acceleration="1087"/>
    <motionState vehicle="7" speed="2389" time="6810" acceleration="1292"/>
    <motionState vehicle="8" speed="2516" time="6810" acceleration="1362"/>
    <motionState vehicle="9" speed="2649" time="6810" acceleration="1540"/>
    <motionState vehicle="10" speed="2802" time="6810" acceleration="3420"/>
    <motionState vehicle="11" speed="3160" time="6810" acceleration="6719"/>
    <motionState vehicle="0" speed="3251" time="6820" acceleration="13636"/>
    <motionState vehicle="1" speed="2548" time="6820" acceleration="-1672"/>
    <motionState vehicle="2" speed="2373" time="6820" acceleration="-1200"/>
    <motionState vehicle="3" speed="2252" time="6820" acceleration="-267"/>
    <motionState vehicle="4" speed="9260" time="6820" acceleration="13636"/>
    <motionState vehicle="5" speed="2222" time="6820" acceleration="635"/>
    <motionState vehicle="6" speed="2283" time="6820" acceleration="1089"/>
    <motionState vehicle="7" speed="2390" time="6820" acceleration="1293"/>
    <motionState vehicle="8" speed="2517" time="6820" acceleration="1364"/>
    <motionState vehicle="9" speed="2651" time="6820" acceleration="1557"/>
    <motionState vehicle="10" speed="2806" time="6820" acceleration="3451"/>
    <motionState vehicle="11" speed="3167" time="6820" acceleration="6527"/>
    <motionState vehicle="0" speed="3265" time="6830" acceleration="13636"/>
    <motionState vehicle="1" speed="2546" time="6830" acceleration="-1668"/>
    <motionState vehicle="2" speed="2372" time="6830" acceleration="-1192"/>
    <motionState vehicle="3" speed="2252" time="6830" acceleration="-259"/>
    <motionState vehicle="4" speed="9274" time="6830" acceleration="13636"/>
    <motionState vehicle="5" speed="2222" time="6830" acceleration="639"/>
    <motionState vehicle="6" speed="2284" time="6830" acceleration="1091"/>
    <motionState vehicle="7" speed="2391" time="6830" acceleration="1293"/>
    <motionState vehicle="8" speed="2519" time="6830" acceleration="1365"/>
    <motionState vehicle="9" speed="2652" time="6830" acceleration="1574"/>
    <motionState vehicle="10" speed="2809" time="6830" acceleration="3480"/>
    <motionState vehicle="11" speed="3173" time="6830" acceleration="6336"/>
    <motionState vehicle="0" speed="3278" time="6840" acceleration="13636"/>
    <motionState vehicle="1" speed="2544" time="6840" acceleration="-1665"/>
    <motionState vehicle="2" speed="2370" time="6840" acceleration="-1183"/>
    <motionState vehicle="3" speed="2252" time="6840" acceleration="-251"/>
    <motionState vehicle="4" speed="9288" time="6840" acceleration="13636"/>
    <motionState vehicle="5" speed="2223" time="6840" acceleration="643"/>
    <motionState vehicle="6" speed="2285" time="6840" acceleration="1093"/>
    <motionState vehicle="7" speed="2393" time="6840" acceleration="1293"/>
    <motionState vehicle="8" speed="2520" time="6840" acceleration="1367"/>
    <motionState vehicle="9" speed="2654" time="6840" acceleration="1592"/>
    <motionState vehicle="10" speed="2813" time="6840" acceleration="3508"/>
    <motionState vehicle="11" speed="3179" time="6840" acceleration="6149"/>
    <motionState vehicle="0" speed="3292" time="6850" acceleration="13636"/>
    <motionState vehicle="1" speed="2543" time="6850" acceleration="-1661"/>
    <motionState vehicle="2" speed="2369" time="6850" acceleration="-1175"/>
    <motionState vehicle="3" speed="2251" time="6850" acceleration="-243"/>
    <motionState vehicle="4" speed="9301" time="6850" acceleration="13636"/>
    <motionState vehicle="5" speed="2224" time="6850" acceleration="647"/>
    <motionState vehicle="6" speed="2286" time="6850" acceleration="1094"/>
    <motionState vehicle="7" speed="2394" time="6850" acceleration="1294"/>
    <motionState vehicle="8" speed="2521" time="6850" acceleration="1369"/>
    <motionState vehicle="9" speed="2655" time="6850" acceleration="1609"/>
    <motionState vehicle="10" speed="2816" time="6850" acceleration="3533"/>
    <motionState vehicle="11" speed="3185" time="6850" acceleration="5964"/>
    <motionState vehicle="0" speed="3306" time="6860" acceleration="13636"/>
    <motionState vehicle="1" speed="2541" time="6860" acceleration="-1657"/>
    <motionState vehicle="2" speed="2368" time="6860" acceleration="-1166"/>
    <motionState vehicle="3" speed="2251" time="6860" acceleration="-235"/>
    <motionState vehicle="4" speed="9315" time="6860" acceleration="13636"/>
    <motionState vehicle="5" speed="2224" time="6860" acceleration="650"/>
    <motionState vehicle="6" speed="2287" time="6860" acceleration="1096"/>
    <motionState vehicle="7" speed="2395" time="6860" acceleration="1294"/>
    <motionState vehicle="8" speed="2523" time="6860" acceleration="1370"/>
    <motionState vehicle="9" speed="2657" time="6860" acceleration="1626"/>
    <motionState vehicle="10" speed="2820" time="6860" acceleration="3557"/>
    <motionState vehicle="11" speed="3191" time="6860" acceleration="5782"/>
    <motionState vehicle="0" speed="3319" time="6870" acceleration="13636"/>
    <motionState vehicle="1" speed="2539" time="6870" acceleration="-1653"/>
    <motionState vehicle="2" speed="2367" time="6870" acceleration="-1158"/>
    <motionState vehicle="3" speed="2251" time="6870" acceleration="-228"/>
    <motionState vehicle="4" speed="9328" time="6870" acceleration="13636"/>
    <motionState vehicle="5" speed="2225" time="6870" acceleration="654"/>
    <motionState vehicle="6" speed="2288" time="6870" acceleration="1098"/>
    <motionState vehicle="7" speed="2397" time="6870" acceleration="1295"/>
    <motionState vehicle="8" speed="2524" time="6870" acceleration="1373"/>
    <motionState vehicle="9" speed="2659" time="6870" acceleration="1644"/>
    <motionState vehicle="10" speed="2824" time="6870" acceleration="3578"/>
    <motionState vehicle="11" speed="3197" time="6870" acceleration="5603"/>
    <motionState vehicle="0" speed="3333" time="6880" acceleration="13636"/>
    <motionState vehicle="1" speed="2538" time="6880" acceleration="-1650"/>
    <motionState vehicle="2" speed="2366" time="6880" acceleration="-1150"/>
    <motionState vehicle="3" speed="2251" time="6880" acceleration="-220"/>
    <motionState vehicle="4" speed="9342" time="6880" acceleration="13636"/>
    <motionState vehicle="5" speed="2226" time="6880" acceleration="658"/>
    <motionState vehicle="6" speed="2289" time="6880" acceleration="1099"/>
    <motionState vehicle="7" speed="2398" time="6880" acceleration="1295"/>
    <motionState vehicle="8" speed="2525" time="6880" acceleration="1375"/>
    <motionState vehicle="9" speed="2660" time="6880" acceleration="1662"/>
    <motionState vehicle="10" speed="2827" time="6880" acceleration="3598"/>
    <motionState vehicle="11" speed="3202" time="6880" acceleration="5426"/>
    <motionState vehicle="0" speed="3346" time="6890" acceleration="13636"/>
    <motionState vehicle="1" speed="2536" time="6890" acceleration="-1646"/>
    <motionState vehicle="2" speed="2365" time="6890" acceleration="-1141"/>
    <motionState vehicle="3" speed="2251" time="6890" acceleration="-212"/>
    <motionState vehicle="4" speed="9356" time="6890" acceleration="13636"/>
    <motionState vehicle="5" speed="2226" time="6890" acceleration="662"/>
    <motionState vehicle="6" speed="2290" time="6890" acceleration="1101"/>
    <motionState vehicle="7" speed="2399" time="6890" acceleration="1296"/>
    <motionState vehicle="8" speed="2527" time="6890" acceleration="1377"/>
    <motionState vehicle="9" speed="2662" time="6890" acceleration="1679"/>
    <motionState vehicle="10" speed="2831" time="6890" acceleration="3616"/>
    <motionState vehicle="11" speed="3207" time="6890" acceleration="5252"/>
    <motionState vehicle="0" speed="3360" time="6900" acceleration="13636"/>
    <motionState vehicle="1" speed="2534" time="6900" acceleration="-1642"/>
    <motionState vehicle="2" speed="2364" time="6900" acceleration="-1133"/>
    <motionState vehicle="3" speed="2250" time="6900" acceleration="-205"/>
    <motionState vehicle="4" speed="9369" time="6900" acceleration="13636"/>
    <motionState vehicle="5" speed="2227" time="6900" acceleration="666"/>
    <motionState vehicle="6" speed="2291" time="6900" acceleration="1103"/>
    <motionState vehicle="7" speed="2400" time="6900" acceleration="1297"/>
    <motionState vehicle="8" speed="2528" time="6900" acceleration="1380"/>
    <motionState vehicle="9" speed="2664" time="6900" acceleration="1697"/>
    <motionState vehicle="10" speed="2834" time="6900" acceleration="3632"/>
    <motionState vehicle="11" speed="3212" time="6900" acceleration="5081"/>
    <motionState vehicle="0" speed="3374" time="6910" acceleration="13636"/>
    <motionState vehicle="1" speed="2533" time="6910" acceleration="-1638"/>
    <motionState vehicle="2" speed="2362" time="6910" acceleration="-1124"/>
    <motionState vehicle="3" speed="2250" time="6910" acceleration="-197"/>
    <motionState vehicle="4" speed="9383" time="6910" acceleration="13636"/>
    <motionState vehicle="5" speed="2228" time="6910" acceleration="669"/>
    <motionState vehicle="6" speed="2293" time="6910" acceleration="1104"/>
    <motionState vehicle="7" speed="2402" time="6910" acceleration="1297"/>
    <motionState vehicle="8" speed="2530" time="6910" acceleration="1382"/>
    <motionState vehicle="9" speed="2665" time="6910" acceleration="1715"/>
    <motionState vehicle="10" speed="2838" time="6910" acceleration="3647"/>
    <motionState vehicle="11" speed="3217" time="6910" acceleration="4912"/>
    <motionState vehicle="0" speed="3387" time="6920" acceleration="13636"/>
    <motionState vehicle="1" speed="2531" time="6920" acceleration="-1634"/>
    <motionState vehicle="2" speed="2361" time="6920" acceleration="-1116"/>
    <motionState vehicle="3" speed="2250" time="6920" acceleration="-189"/>
    <motionState vehicle="4" speed="9397" time="6920" acceleration="13636"/>
    <motionState vehicle="5" speed="2228" time="6920" acceleration="673"/>
    <motionState vehicle="6" speed="2294" time="6920" acceleration="1106"/>
    <motionState vehicle="7" speed="2403" time="6920" acceleration="1298"/>
    <motionState vehicle="8" speed="2531" time="6920" acceleration="1385"/>
    <motionState vehicle="9" speed="2667" time="6920" acceleration="1732"/>
    <motionState vehicle="10" speed="2842" time="6920" acceleration="3660"/>
    <motionState vehicle="11" speed="3222" time="6920" acceleration="4745"/>
    <motionState vehicle="0" speed="3401" time="6930" acceleration="13636"/>
    <motionState vehicle="1" speed="2529" time="6930" acceleration="-1629"/>
    <motionState vehicle="2" speed="2360" time="6930" acceleration="-1107"/>
    <motionState vehicle="3" speed="2250" time="6930" acceleration="-182"/>
    <motionState vehicle="4" speed="9410" time="6930" acceleration="13636"/>
    <motionState vehicle="5" speed="2229" time="6930" acceleration="677"/>
    <motionState vehicle="6" speed="2295" time="6930" acceleration="1108"/>
    <motionState vehicle="7" speed="2404" time="6930" acceleration="1298"/>
    <motionState vehicle="8" speed="2532" time="6930" acceleration="1388"/>
    <motionState vehicle="9" speed="2669" time="6930" acceleration="1750"/>
    <motionState vehicle="10" speed="2845" time="6930" acceleration="3671"/>
    <motionState vehicle="11" speed="3227" time="6930" acceleration="4581"/>
    <motionState vehicle="0" speed="3415" time="6940" acceleration="13636"/>
    <motionState vehicle="1" speed="2528" time="6940" acceleration="-1625"/>
    <motionState vehicle="2" speed="2359" time="6940" acceleration="-1099"/>
    <motionState vehicle="3" speed="2250" time="6940" acceleration="-174"/>
    <motionState vehicle="4" speed="9424" time="6940" acceleration="13636"/>
    <motionState vehicle="5" speed="2230" time="6940" acceleration="681"/>
    <motionState vehicle="6" speed="2296" time="6940" acceleration="1109"/>
    <motionState vehicle="7" speed="2406" time="6940" acceleration="1299"/>
    <motionState vehicle="8" speed="2534" time="6940" acceleration="1391"/>
    <motionState vehicle="9" speed="2671" time="6940" acceleration="1768"/>
    <motionState vehicle="10" speed="2849" time="6940" acceleration="3680"/>
    <motionState vehicle="11" speed="3231" time="6940" acceleration="4420"/>
    <motionState vehicle="0" speed="3428" time="6950" acceleration="13636"/>
    <motionState vehicle="1" speed="2526" time="6950" acceleration="-1621"/>
    <motionState vehicle="2" speed="2358" time="6950" acceleration="-1090"/>
    <motionState vehicle="3" speed="2249" time="6950" acceleration="-166"/>
    <motionState vehicle="4" speed="9438" time="6950" acceleration="13636"/>
    <motionState vehicle="5" speed="2230" time="6950" acceleration="684"/>
    <motionState vehicle="6" speed="2297" time="6950" acceleration="1111"/>
    <motionState vehicle="7" speed="2407" time="6950" acceleration="1300"/>
    <motionState vehicle="8" speed="2535" time="6950" acceleration="1394"/>
    <motionState vehicle="9" speed="2672" time="6950" acceleration="1785"/>
    <motionState vehicle="10" speed="2853" time="6950" acceleration="3688"/>
    <motionState vehicle="11" speed="3235" time="6950" acceleration="4261"/>
    <motionState vehicle="0" speed="3442" time="6960" acceleration="13636"/>
    <motionState vehicle="1" speed="2525" time="6960" acceleration="-1617"/>
    <motionState vehicle="2" speed="2357" time="6960" acceleration="-1082"/>
    <motionState vehicle="3" speed="2249" time="6960" acceleration="-159"/>
    <motionState vehicle="4" speed="9451" time="6960" acceleration="13636"/>
    <motionState vehicle="5" speed="2231" time="6960" acceleration="688"/>
    <motionState vehicle="6" speed="2298" time="6960" acceleration="1112"/>
    <motionState vehicle="7" speed="2408" time="6960" acceleration="1300"/>
    <motionState vehicle="8" speed="2537" time="6960" acceleration="1398"/>
    <motionState vehicle="9" speed="2674" time="6960" acceleration="1803"/>
    <motionState vehicle="10" speed="2856" time="6960" acceleration="3695"/>
    <motionState vehicle="11" speed="3239" time="6960" acceleration="4104"/>
    <motionState vehicle="0" speed="3456" time="6970" acceleration="13636"/>
    <motionState vehicle="1" speed="2523" time="6970" acceleration="-1612"/>
    <motionState vehicle="2" speed="2356" time="6970" acceleration="-1074"/>
    <motionState vehicle="3" speed="2249" time="6970" acceleration="-151"/>
    <motionState vehicle="4" speed="9465" time="6970" acceleration="13636"/>
    <motionState vehicle="5" speed="2232" time="6970" acceleration="692"/>
    <motionState vehicle="6" speed="2299" time="6970" acceleration="1114"/>
    <motionState vehicle="7" speed="2410" time="6970" acceleration="1301"/>
    <motionState vehicle="8" speed="2538" time="6970" acceleration="1401"/>
    <motionState vehicle="9" speed="2676" time="6970" acceleration="1820"/>
    <motionState vehicle="10" speed="2860" time="6970" acceleration="3700"/>
    <motionState vehicle="11" speed="3243" time="6970" acceleration="3950"/>
    <motionState vehicle="0" speed="3469" time="6980" acceleration="13636"/>
    <motionState vehicle="1" speed="2521" time="6980" acceleration="-1608"/>
    <motionState vehicle="2" speed="2355" time="6980" acceleration="-1065"/>
    <motionState vehicle="3" speed="2249" time="6980" acceleration="-144"/>
    <motionState vehicle="4" speed="9478" time="6980" acceleration="13636"/>
    <motionState vehicle="5" speed="2233" time="6980" acceleration="695"/>
    <motionState vehicle="6" speed="2300" time="6980" acceleration="1116"/>
    <motionState vehicle="7" speed="2411" time="6980" acceleration="1302"/>
    <motionState vehicle="8" speed="2539" time="6980" acceleration="1405"/>
    <motionState vehicle="9" speed="2678" time="6980" acceleration="1837"/>
    <motionState vehicle="10" speed="2864" time="6980" acceleration="3703"/>
    <motionState vehicle="11" speed="3247" time="6980" acceleration="3798"/>
    <motionState vehicle="0" speed="3483" time="6990" acceleration="13636"/>
    <motionState vehicle="1" speed="2520" time="6990" acceleration="-1604"/>
    <motionState vehicle="2" speed="2354" time="6990" acceleration="-1057"/>
    <motionState vehicle="3" speed="2249" time="6990" acceleration="-136"/>
    <motionState vehicle="4" speed="9492" time="6990" acceleration="13636"/>
    <motionState vehicle="5" speed="2233" time="6990" acceleration="699"/>
    <motionState vehicle="6" speed="2301" time="6990" acceleration="1117"/>
    <motionState vehicle="7" speed="2412" time="6990" acceleration="1303"/>
    <motionState vehicle="8" speed="2541" time="6990" acceleration="1408"/>
    <motionState vehicle="9" speed="2680" time="6990" acceleration="1855"/>
    <motionState vehicle="10" speed="2868" time="6990" acceleration="3705"/>
    <motionState vehicle="11" speed="3251" time="6990" acceleration="3648"/>
    <motionState vehicle="0" speed="3496" time="7000" acceleration="13636"/>
    <motionState vehicle="1" speed="2518" time="7000" acceleration="-1599"/>
    <motionState vehicle="2" speed="2353" time="7000" acceleration="-1048"/>
    <motionState vehicle="3" speed="2249" time="7000" acceleration="-129"/>
    <motionState vehicle="4" speed="9506" time="7000" acceleration="13636"/>
    <motionState vehicle="5" speed="2234" time="7000" acceleration="703"/>
    <motionState vehicle="6" speed="2303" time="7000" acceleration="1119"/>
    <motionState vehicle="7" speed="2413" time="7000" acceleration="1303"/>
    <motionState vehicle="8" speed="2542" time="7000" acceleration="1412"/>
    <motionState vehicle="9" speed="2682" time="7000" acceleration="1872"/>
    <motionState vehicle="10" speed="2871" time="7000" acceleration="3706"/>
    <motionState vehicle="11" speed="3254" time="7000" acceleration="3501"/>
    <motionState vehicle="0" speed="3510" time="7010" acceleration="13636"/>
    <motionState vehicle="1" speed="2517" time="7010" acceleration="-1595"/>
    <motionState vehicle="2" speed="2352" time="7010" acceleration="-1040"/>
    <motionState vehicle="3" speed="2249" time="7010" acceleration="-122"/>
    <motionState vehicle="4" speed="9519" time="7010" acceleration="13636"/>
    <motionState vehicle="5" speed="2235" time="7010" acceleration="706"/>
    <motionState vehicle="6" speed="2304" time="7010" acceleration="1120"/>
    <motionState vehicle="7" speed="2415" time="7010" acceleration="1304"/>
    <motionState vehicle="8" speed="2544" time="7010" acceleration="1416"/>
    <motionState vehicle="9" speed="2683" time="7010" acceleration="1889"/>
    <motionState vehicle="10" speed="2875" time="7010" acceleration="3705"/>
    <motionState vehicle="11" speed="3258" time="7010" acceleration="3356"/>
    <motionState vehicle="0" speed="3524" time="7020" acceleration="13636"/>
    <motionState vehicle="1" speed="2515" time="7020" acceleration="-1590"/>
    <motionState vehicle="2" speed="2351" time="7020" acceleration="-1031"/>
    <motionState vehicle="3" speed="2248" time="7020" acceleration="-114"/>
    <motionState vehicle="4" speed="9533" time="7020" acceleration="13444"/>
    <motionState vehicle="5" speed="2235" time="7020" acceleration="710"/>
    <motionState vehicle="6" speed="2305" time="7020" acceleration="1122"/>
    <motionState vehicle="7" speed="2416" time="7020" acceleration="1305"/>
    <motionState vehicle="8" speed="2545" time="7020" acceleration="1420"/>
    <motionState vehicle="9" speed="2685" time="7020" acceleration="1905"/>
    <motionState vehicle="10" speed="2879" time="7020" acceleration="3703"/>
    <motionState vehicle="11" speed="3261" time="7020" acceleration="3213"/>
    <motionState vehicle="0" speed="3537" time="7030" acceleration="13636"/>
    <motionState vehicle="1" speed="2513" time="7030" acceleration="-1585"/>
    <motionState vehicle="2" speed="2350" time="7030" acceleration="-1023"/>
    <motionState vehicle="3" speed="2248" time="7030" acceleration="-107"/>
    <motionState vehicle="4" speed="9546" time="7030" acceleration="12778"/>
    <motionState vehicle="5" speed="2236" time="7030" acceleration="714"/>
    <motionState vehicle="6" speed="2306" time="7030" acceleration="1124"/>
    <motionState vehicle="7" speed="2417" time="7030" acceleration="1306"/>
    <motionState vehicle="8" speed="2546" time="7030" acceleration="1425"/>
    <motionState vehicle="9" speed="2687" time="7030" acceleration="1922"/>
    <motionState vehicle="10" speed="2882" time="7030" acceleration="3700"/>
    <motionState vehicle="11" speed="3264" time="7030" acceleration="3072"/>
    <motionState vehicle="0" speed="3551" time="7040" acceleration="13636"/>
    <motionState vehicle="1" speed="2512" time="7040" acceleration="-1581"/>
    <motionState vehicle="2" speed="2349" time="7040" acceleration="-1014"/>
    <motionState vehicle="3" speed="2248" time="7040" acceleration="-100"/>
    <motionState vehicle="4" speed="9558" time="7040" acceleration="12123"/>
    <motionState vehicle="5" speed="2237" time="7040" acceleration="717"/>
    <motionState vehicle="6" speed="2307" time="7040" acceleration="1125"/>
    <motionState vehicle="7" speed="2419" time="7040" acceleration="1307"/>
    <motionState vehicle="8" speed="2548" time="7040" acceleration="1429"/>
    <motionState vehicle="9" speed="2689" time="7040" acceleration="1938"/>
    <motionState vehicle="10" speed="2886" time="7040" acceleration="3695"/>
    <motionState vehicle="11" speed="3267" time="7040" acceleration="2933"/>
    <motionState vehicle="0" speed="3565" time="7050" acceleration="13636"/>
    <motionState vehicle="1" speed="2510" time="7050" acceleration="-1576"/>
    <motionState vehicle="2" speed="2348" time="7050" acceleration="-1006"/>
    <motionState vehicle="3" speed="2248" time="7050" acceleration="-92"/>
    <motionState vehicle="4" speed="9569" time="7050" acceleration="11481"/>
    <motionState vehicle="5" speed="2237" time="7050" acceleration="721"/>
    <motionState vehicle="6" speed="2308" time="7050" acceleration="1127"/>
    <motionState vehicle="7" speed="2420" time="7050" acceleration="1308"/>
    <motionState vehicle="8" speed="2549" time="7050" acceleration="1434"/>
    <motionState vehicle="9" speed="2691" time="7050" acceleration="1955"/>
    <motionState vehicle="10" speed="2890" time="7050" acceleration="3689"/>
    <motionState vehicle="11" speed="3270" time="7050" acceleration="2797"/>
    <motionState vehicle="0" speed="3578" time="7060" acceleration="13636"/>
    <motionState vehicle="1" speed="2509" time="7060" acceleration="-1571"/>
    <motionState vehicle="2" speed="2347" time="7060" acceleration="-998"/>
    <motionState vehicle="3" speed="2248" time="7060" acceleration="-85"/>
    <motionState vehicle="4" speed="9580" time="7060" acceleration="10850"/>
    <motionState vehicle="5" speed="2238" time="7060" acceleration="724"/>
    <motionState vehicle="6" speed="2309" time="7060" acceleration="1128"/>
    <motionState vehicle="7" speed="2421" time="7060" acceleration="1309"/>
    <motionState vehicle="8" speed="2551" time="7060" acceleration="1438"/>
    <motionState vehicle="9" speed="2693" time="7060" acceleration="1971"/>
    <motionState vehicle="10" speed="2893" time="7060" acceleration="3682"/>
    <motionState vehicle="11" speed="3272" time="7060" acceleration="2663"/>
    <motionState vehicle="0" speed="3592" time="7070" acceleration="13636"/>
    <motionState vehicle="1" speed="2507" time="7070" acceleration="-1567"/>
    <motionState vehicle="2" speed="2346" time="7070" acceleration="-989"/>
    <motionState vehicle="3" speed="2248" time="7070" acceleration="-78"/>
    <motionState vehicle="4" speed="9590" time="7070" acceleration="10231"/>
    <motionState vehicle="5" speed="2239" time="7070" acceleration="728"/>
    <motionState vehicle="6" speed="2310" time="7070" acceleration="1130"/>
    <motionState vehicle="7" speed="2423" time="7070" acceleration="1310"/>
    <motionState vehicle="8" speed="2552" time="7070" acceleration="1443"/>
    <motionState vehicle="9" speed="2695" time="7070" acceleration="1987"/>
    <motionState vehicle="10" speed="2897" time="7070" acceleration="3674"/>
    <motionState vehicle="11" speed="3275" time="7070" acceleration="2531"/>
    <motionState vehicle="0" speed="3606" time="7080" acceleration="13636"/>
    <motionState vehicle="1" speed="2505" time="7080" acceleration="-1562"/>
    <motionState vehicle="2" speed="2345" time="7080" acceleration="-981"/>
    <motionState vehicle="3" speed="2248" time="7080" acceleration="-70"/>
    <motionState vehicle="4" speed="9600" time="7080" acceleration="9624"/>
    <motionState vehicle="5" speed="2240" time="7080" acceleration="731"/>
    <motionState vehicle="6" speed="2312" time="7080" acceleration="1131"/>
    <motionState vehicle="7" speed="2424" time="7080" acceleration="1311"/>
    <motionState vehicle="8" speed="2554" time="7080" acceleration="1448"/>
    <motionState vehicle="9" speed="2697" time="7080" acceleration="2002"/>
    <motionState vehicle="10" speed="2901" time="7080" acceleration="3664"/>
    <motionState vehicle="11" speed="3277" time="7080" acceleration="2401"/>
    <motionState vehicle="0" speed="3619" time="7090" acceleration="13636"/>
    <motionState vehicle="1" speed="2504" time="7090" acceleration="-1557"/>
    <motionState vehicle="2" speed="2344" time="7090" acceleration="-972"/>
    <motionState vehicle="3" speed="2248" time="7090" acceleration="-63"/>
    <motionState vehicle="4" speed="9609" time="7090" acceleration="9028"/>
    <motionState vehicle="5" speed="2240" time="7090" acceleration="735"/>
    <motionState vehicle="6" speed="2313" time="7090" acceleration="1133"/>
    <motionState vehicle="7" speed="2425" time="7090" acceleration="1312"/>
    <motionState vehicle="8" speed="2555" time="7090" acceleration="1453"/>
    <motionState vehicle="9" speed="2699" time="7090" acceleration="2018"/>
    <motionState vehicle="10" speed="2904" time="7090" acceleration="3654"/>
    <motionState vehicle="11" speed="3280" time="7090" acceleration="2273"/>
    <motionState vehicle="0" speed="3633" time="7100" acceleration="13636"/>
    <motionState vehicle="1" speed="2502" time="7100" acceleration="-1552"/>
    <motionState vehicle="2" speed="2343" time="7100" acceleration="-964"/>
    <motionState vehicle="3" speed="2248" time="7100" acceleration="-56"/>
    <motionState vehicle="4" speed="9617" time="7100" acceleration="8443"/>
    <motionState vehicle="5" speed="2241" time="7100" acceleration="738"/>
    <motionState vehicle="6" speed="2314" time="7100" acceleration="1135"/>
    <motionState vehicle="7" speed="2427" time="7100" acceleration="1313"/>
    <motionState vehicle="8" speed="2557" time="7100" acceleration="1458"/>
    <motionState vehicle="9" speed="2701" time="7100" acceleration="2033"/>
    <motionState vehicle="10" speed="2908" time="7100" acceleration="3642"/>
    <motionState vehicle="11" speed="3282" time="7100" acceleration="2147"/>
    <motionState vehicle="0" speed="3646" time="7110" acceleration="13636"/>
    <motionState vehicle="1" speed="2501" time="7110" acceleration="-1547"/>
    <motionState vehicle="2" speed="2342" time="7110" acceleration="-955"/>
    <motionState vehicle="3" speed="2248" time="7110" acceleration="-49"/>
    <motionState vehicle="4" speed="9625" time="7110" acceleration="7869"/>
    <motionState vehicle="5" speed="2242" time="7110" acceleration="742"/>
    <motionState vehicle="6" speed="2315" time="7110" acceleration="1136"/>
    <motionState vehicle="7" speed="2428" time="7110" acceleration="1315"/>
    <motionState vehicle="8" speed="2558" time="7110" acceleration="1463"/>
    <motionState vehicle="9" speed="2703" time="7110" acceleration="2048"/>
    <motionState vehicle="10" speed="2912" time="7110" acceleration="3630"/>
    <motionState vehicle="11" speed="3284" time="7110" acceleration="2023"/>
    <motionState vehicle="0" speed="3660" time="7120" acceleration="13636"/>
    <motionState vehicle="1" speed="2499" time="7120" acceleration="-1542"/>
    <motionState vehicle="2" speed="2341" time="7120" acceleration="-947"/>
    <motionState vehicle="3" speed="2248" time="7120" acceleration="-42"/>
    <motionState vehicle="4" speed="9633" time="7120" acceleration="7307"/>
    <motionState vehicle="5" speed="2243" time="7120" acceleration="745"/>
    <motionState vehicle="6" speed="2316" time="7120" acceleration="1138"/>
    <motionState vehicle="7" speed="2429" time="7120" acceleration="1316"/>
    <motionState vehicle="8" speed="2559" time="7120" acceleration="1468"/>
    <motionState vehicle="9" speed="2705" time="7120" acceleration="2062"/>
    <motionState vehicle="10" speed="2915" time="7120" acceleration="3616"/>
    <motionState vehicle="11" speed="3286" time="7120" acceleration="1901"/>
    <motionState vehicle="0" speed="3674" time="7130" acceleration="13636"/>
    <motionState vehicle="1" speed="2498" time="7130" acceleration="-1537"/>
    <motionState vehicle="2" speed="2340" time="7130" acceleration="-939"/>
    <motionState vehicle="3" speed="2248" time="7130" acceleration="-35"/>
    <motionState vehicle="4" speed="9639" time="7130" acceleration="6755"/>
    <motionState vehicle="5" speed="2243" time="7130" acceleration="749"/>
    <motionState vehicle="6" speed="2317" time="7130" acceleration="1139"/>
    <motionState vehicle="7" speed="2431" time="7130" acceleration="1317"/>
    <motionState vehicle="8" speed="2561" time="7130" acceleration="1473"/>
    <motionState vehicle="9" speed="2707" time="7130" acceleration="2077"/>
    <motionState vehicle="10" speed="2919" time="7130" acceleration="3601"/>
    <motionState vehicle="11" speed="3287" time="7130" acceleration="1780"/>
    <motionState vehicle="0" speed="3687" time="7140" acceleration="13636"/>
    <motionState vehicle="1" speed="2496" time="7140" acceleration="-1532"/>
    <motionState vehicle="2" speed="2339" time="7140" acceleration="-930"/>
    <motionState vehicle="3" speed="2248" time="7140" acceleration="-28"/>
    <motionState vehicle="4" speed="9646" time="7140" acceleration="6214"/>
    <motionState vehicle="5" speed="2244" time="7140" acceleration="752"/>
    <motionState vehicle="6" speed="2318" time="7140" acceleration="1141"/>
    <motionState vehicle="7" speed="2432" time="7140" acceleration="1318"/>
    <motionState vehicle="8" speed="2562" time="7140" acceleration="1479"/>
    <motionState vehicle="9" speed="2709" time="7140" acceleration="2091"/>
    <motionState vehicle="10" speed="2923" time="7140" acceleration="3585"/>
    <motionState vehicle="11" speed="3289" time="7140" acceleration="1662"/>
    <motionState vehicle="0" speed="3701" time="7150" acceleration="13636"/>
    <motionState vehicle="1" speed="2495" time="7150" acceleration="-1527"/>
    <motionState vehicle="2" speed="2338" time="7150" acceleration="-922"/>
    <motionState vehicle="3" speed="2248" time="7150" acceleration="-21"/>
    <motionState vehicle="4" speed="9651" time="7150" acceleration="5683"/>
    <motionState vehicle="5" speed="2245" time="7150" acceleration="756"/>
    <motionState vehicle="6" speed="2320" time="7150" acceleration="1142"/>
    <motionState vehicle="7" speed="2433" time="7150" acceleration="1320"/>
    <motionState vehicle="8" speed="2564" time="7150" acceleration="1484"/>
    <motionState vehicle="9" speed="2712" time="7150" acceleration="2105"/>
    <motionState vehicle="10" speed="2926" time="7150" acceleration="3568"/>
    <motionState vehicle="11" speed="3291" time="7150" acceleration="1546"/>
    <motionState vehicle="0" speed="3715" time="7160" acceleration="13636"/>
    <motionState vehicle="1" speed="2493" time="7160" acceleration="-1522"/>
    <motionState vehicle="2" speed="2337" time="7160" acceleration="-914"/>
    <motionState vehicle="3" speed="2248" time="7160" acceleration="-14"/>
    <motionState vehicle="4" speed="9656" time="7160" acceleration="5163"/>
    <motionState vehicle="5" speed="2246" time="7160" acceleration="759"/>
    <motionState vehicle="6" speed="2321" time="7160" acceleration="1144"/>
    <motionState vehicle="7" speed="2434" time="7160" acceleration="1321"/>
    <motionState vehicle="8" speed="2565" time="7160" acceleration="1490"/>
    <motionState vehicle="9" speed="2714" time="7160" acceleration="2119"/>
    <motionState vehicle="10" speed="2930" time="7160" acceleration="3551"/>
    <motionState vehicle="11" speed="3292" time="7160" acceleration="1432"/>
    <motionState vehicle="0" speed="3728" time="7170" acceleration="13636"/>
    <motionState vehicle="1" speed="2492" time="7170" acceleration="-1517"/>
    <motionState vehicle="2" speed="2336" time="7170" acceleration="-905"/>
    <motionState vehicle="3" speed="2248" time="7170" acceleration="-7"/>
    <motionState vehicle="4" speed="9661" time="7170" acceleration="4653"/>
    <motionState vehicle="5" speed="2246" time="7170" acceleration="763"/>
    <motionState vehicle="6" speed="2322" time="7170" acceleration="1146"/>
    <motionState vehicle="7" speed="2436" time="7170" acceleration="1323"/>
    <motionState vehicle="8" speed="2567" time="7170" acceleration="1495"/>
    <motionState vehicle="9" speed="2716" time="7170" acceleration="2132"/>
    <motionState vehicle="10" speed="2933" time="7170" acceleration="3532"/>
    <motionState vehicle="11" speed="3293" time="7170" acceleration="1319"/>
    <motionState vehicle="0" speed="3742" time="7180" acceleration="13636"/>
    <motionState vehicle="1" speed="2490" time="7180" acceleration="-1511"/>
    <motionState vehicle="2" speed="2335" time="7180" acceleration="-897"/>
    <motionState vehicle="3" speed="2248" time="7180" acceleration="0"/>
    <motionState vehicle="4" speed="9665" time="7180" acceleration="4153"/>
    <motionState vehicle="5" speed="2247" time="7180" acceleration="766"/>
    <motionState vehicle="6" speed="2323" time="7180" acceleration="1147"/>
    <motionState vehicle="7" speed="2437" time="7180" acceleration="1324"/>
    <motionState vehicle="8" speed="2568" time="7180" acceleration="1501"/>
    <motionState vehicle="9" speed="2718" time="7180" acceleration="2145"/>
    <motionState vehicle="10" speed="2937" time="7180" acceleration="3513"/>
    <motionState vehicle="11" speed="3295" time="7180" acceleration="1208"/>
    <motionState vehicle="0" speed="3756" time="7190" acceleration="13636"/>
    <motionState vehicle="1" speed="2489" time="7190" acceleration="-1506"/>
    <motionState vehicle="2" speed="2334" time="7190" acceleration="-888"/>
    <motionState vehicle="3" speed="2248" time="7190" acceleration="6"/>
    <motionState vehicle="4" speed="9669" time="7190" acceleration="3663"/>
    <motionState vehicle="5" speed="2248" time="7190" acceleration="769"/>
    <motionState vehicle="6" speed="2324" time="7190" acceleration="1149"/>
    <motionState vehicle="7" speed="2438" time="7190" acceleration="1326"/>
    <motionState vehicle="8" speed="2570" time="7190" acceleration="1507"/>
    <motionState vehicle="9" speed="2720" time="7190" acceleration="2158"/>
    <motionState vehicle="10" speed="2940" time="7190" acceleration="3492"/>
    <motionState vehicle="11" speed="3296" time="7190" acceleration="1100"/>
    <motionState vehicle="0" speed="3769" time="7200" acceleration="13636"/>
    <motionState vehicle="1" speed="2487" time="7200" acceleration="-1501"/>
    <motionState vehicle="2" speed="2333" time="7200" acceleration="-880"/>
    <motionState vehicle="3" speed="2248" time="7200" acceleration="13"/>
    <motionState vehicle="4" speed="9672" time="7200" acceleration="3183"/>
    <motionState vehicle="5" speed="2249" time="7200" acceleration="773"/>
    <motionState vehicle="6" speed="2325" time="7200" acceleration="1150"/>
    <motionState vehicle="7" speed="2440" time="7200" acceleration="1327"/>
    <motionState vehicle="8" speed="2571" time="7200" acceleration="1513"/>
    <motionState vehicle="9" speed="2722" time="7200" acceleration="2171"/>
    <motionState vehicle="10" speed="2944" time="7200" acceleration="3471"/>
    <motionState vehicle="11" speed="3297" time="7200" acceleration="993"/>
    <motionState vehicle="0" speed="3783" time="7210" acceleration="13636"/>
    <motionState vehicle="1" speed="2486" time="7210" acceleration="-1495"/>
    <motionState vehicle="2" speed="2333" time="7210" acceleration="-872"/>
    <motionState vehicle="3" speed="2248" time="7210" acceleration="20"/>
    <motionState vehicle="4" speed="9675" time="7210" acceleration="2712"/>
    <motionState vehicle="5" speed="2250" time="7210" acceleration="776"/>
    <motionState vehicle="6" speed="2326" time="7210" acceleration="1152"/>
    <motionState vehicle="7" speed="2441" time="7210" acceleration="1329"/>
    <motionState vehicle="8" speed="2573" time="7210" acceleration="1519"/>
    <motionState vehicle="9" speed="2724" time="7210" acceleration="2183"/>
    <motionState vehicle="10" speed="2947" time="7210" acceleration="3449"/>
    <motionState vehicle="11" speed="3298" time="7210" acceleration="887"/>
    <motionState vehicle="0" speed="3796" time="7220" acceleration="13636"/>
    <motionState vehicle="1" speed="2484" time="7220" acceleration="-1490"/>
    <motionState vehicle="2" speed="2332" time="7220" acceleration="-863"/>
    <motionState vehicle="3" speed="2248" time="7220" acceleration="27"/>
    <motionState vehicle="4" speed="9677" time="7220" acceleration="2251"/>
    <motionState vehicle="5" speed="2250" time="7220" acceleration="779"/>
    <motionState vehicle="6" speed="2328" time="7220" acceleration="1153"/>
    <motionState vehicle="7" speed="2442" time="7220" acceleration="1330"/>
    <motionState vehicle="8" speed="2574" time="7220" acceleration="1525"/>
    <motionState vehicle="9" speed="2727" time="7220" acceleration="2195"/>
    <motionState vehicle="10" speed="2951" time="7220" acceleration="3426"/>
    <motionState vehicle="11" speed="3298" time="7220" acceleration="784"/>
    <motionState vehicle="0" speed="3810" time="7230" acceleration="13636"/>
    <motionState vehicle="1" speed="2483" time="7230" acceleration="-1485"/>
    <motionState vehicle="2" speed="2331" time="7230" acceleration="-855"/>
    <motionState vehicle="3" speed="2248" time="7230" acceleration="34"/>
    <motionState vehicle="4" speed="9679" time="7230" acceleration="1800"/>
    <motionState vehicle="5" speed="2251" time="7230" acceleration="783"/>
    <motionState vehicle="6" speed="2329" time="7230" acceleration="1155"/>
    <motionState vehicle="7" speed="2444" time="7230" acceleration="1332"/>
    <motionState vehicle="8" speed="2576" time="7230" acceleration="1531"/>
    <motionState vehicle="9" speed="2729" time="7230" acceleration="2206"/>
    <motionState vehicle="10" speed="2954" time="7230" acceleration="3403"/>
    <motionState vehicle="11" speed="3299" time="7230" acceleration="682"/>
    <motionState vehicle="0" speed="3824" time="7240" acceleration="13636"/>
    <motionState vehicle="1" speed="2481" time="7240" acceleration="-1479"/>
    <motionState vehicle="2" speed="2330" time="7240" acceleration="-847"/>
    <motionState vehicle="3" speed="2248" time="7240" acceleration="41"/>
    <motionState vehicle="4" speed="9680" time="7240" acceleration="1357"/>
    <motionState vehicle="5" speed="2252" time="7240" acceleration="786"/>
    <motionState vehicle="6" speed="2330" time="7240" acceleration="1156"/>
    <motionState vehicle="7" speed="2445" time="7240" acceleration="1334"/>
    <motionState vehicle="8" speed="2578" time="7240" acceleration="1537"/>
    <motionState vehicle="9" speed="2731" time="7240" acceleration="2218"/>
    <motionState vehicle="10" speed="2957" time="7240" acceleration="3379"/>
    <motionState vehicle="11" speed="3300" time="7240" acceleration="582"/>
    <motionState vehicle="0" speed="3837" time="7250" acceleration="13636"/>
    <motionState vehicle="1" speed="2480" time="7250" acceleration="-1474"/>
    <motionState vehicle="2" speed="2329" time="7250" acceleration="-838"/>
    <motionState vehicle="3" speed="2248" time="7250" acceleration="47"/>
    <motionState vehicle="4" speed="9681" time="7250" acceleration="924"/>
    <motionState vehicle="5" speed="2253" time="7250" acceleration="789"/>
    <motionState vehicle="6" speed="2331" time="7250" acceleration="1158"/>
    <motionState vehicle="7" speed="2446" time="7250" acceleration="1335"/>
    <motionState vehicle="8" speed="2579" time="7250" acceleration="1543"/>
    <motionState vehicle="9" speed="2733" time="7250" acceleration="2229"/>
    <motionState vehicle="10" speed="2961" time="7250" acceleration="3354"/>
    <motionState vehicle="11" speed="3300" time="7250" acceleration="483"/>
    <motionState vehicle="0" speed="3851" time="7260" acceleration="13636"/>
    <motionState vehicle="1" speed="2478" time="7260" acceleration="-1468"/>
    <motionState vehicle="2" speed="2328" time="7260" acceleration="-830"/>
    <motionState vehicle="3" speed="2248" time="7260" acceleration="54"/>
    <motionState vehicle="4" speed="9682" time="7260" acceleration="500"/>
    <motionState vehicle="5" speed="2253" time="7260" acceleration="793"/>
    <motionState vehicle="6" speed="2332" time="7260" acceleration="1160"/>
    <motionState vehicle="7" speed="2448" time="7260" acceleration="1337"/>
    <motionState vehicle="8" speed="2581" time="7260" acceleration="1549"/>
    <motionState vehicle="9" speed="2736" time="7260" acceleration="2239"/>
    <motionState vehicle="10" speed="2964" time="7260" acceleration="3328"/>
    <motionState vehicle="11" speed="3301" time="7260" acceleration="387"/>
    <motionState vehicle="0" speed="3865" time="7270" acceleration="13636"/>
    <motionState vehicle="1" speed="2477" time="7270" acceleration="-1463"/>
    <motionState vehicle="2" speed="2327" time="7270" acceleration="-822"/>
    <motionState vehicle="3" speed="2248" time="7270" acceleration="61"/>
    <motionState vehicle="4" speed="9682" time="7270" acceleration="85"/>
    <motionState vehicle="5" speed="2254" time="7270" acceleration="796"/>
    <motionState vehicle="6" speed="2333" time="7270" acceleration="1161"/>
    <motionState vehicle="7" speed="2449" time="7270" acceleration="1339"/>
    <motionState vehicle="8" speed="2582" time="7270" acceleration="1556"/>
    <motionState vehicle="9" speed="2738" time="7270" acceleration="2250"/>
    <motionState vehicle="10" speed="2967" time="7270" acceleration="3301"/>
    <motionState vehicle="11" speed="3301" time="7270" acceleration="291"/>
    <motionState vehicle="0" speed="3878" time="7280" acceleration="13636"/>
    <motionState vehicle="1" speed="2475" time="7280" acceleration="-1457"/>
    <motionState vehicle="2" speed="2327" time="7280" acceleration="-814"/>
    <motionState vehicle="3" speed="2248" time="7280" acceleration="68"/>
    <motionState vehicle="4" speed="9681" time="7280" acceleration="-320"/>
    <motionState vehicle="5" speed="2255" time="7280" acceleration="799"/>
    <motionState vehicle="6" speed="2335" time="7280" acceleration="1163"/>
    <motionState vehicle="7" speed="2450" time="7280" acceleration="1341"/>
    <motionState vehicle="8" speed="2584" time="7280" acceleration="1562"/>
    <motionState vehicle="9" speed="2740" time="7280" acceleration="2259"/>
    <motionState vehicle="10" speed="2971" time="7280" acceleration="3274"/>
    <motionState vehicle="11" speed="3301" time="7280" acceleration="198"/>
    <motionState vehicle="0" speed="3892" time="7290" acceleration="13636"/>
    <motionState vehicle="1" speed="2474" time="7290" acceleration="-1452"/>
    <motionState vehicle="2" speed="2326" time="7290" acceleration="-805"/>
    <motionState vehicle="3" speed="2248" time="7290" acceleration="74"/>
    <motionState vehicle="4" speed="9681" time="7290" acceleration="-718"/>
    <motionState vehicle="5" speed="2256" time="7290" acceleration="803"/>
    <motionState vehicle="6" speed="2336" time="7290" acceleration="1164"/>
    <motionState vehicle="7" speed="2452" time="7290" acceleration="1343"/>
    <motionState vehicle="8" speed="2585" time="7290" acceleration="1568"/>
    <motionState vehicle="9" speed="2742" time="7290" acceleration="2269"/>
    <motionState vehicle="10" speed="2974" time="7290" acceleration="3247"/>
    <motionState vehicle="11" speed="3301" time="7290" acceleration="106"/>
    <motionState vehicle="0" speed="3906" time="7300" acceleration="13636"/>
    <motionState vehicle="1" speed="2472" time="7300" acceleration="-1446"/>
    <motionState vehicle="2" speed="2325" time="7300" acceleration="-797"/>
    <motionState vehicle="3" speed="2248" time="7300" acceleration="81"/>
    <motionState vehicle="4" speed="9679" time="7300" acceleration="-1107"/>
    <motionState vehicle="5" speed="2257" time="7300" acceleration="806"/>
    <motionState vehicle="6" speed="2337" time="7300" acceleration="1166"/>
    <motionState vehicle="7" speed="2453" time="7300" acceleration="1345"/>
    <motionState vehicle="8" speed="2587" time="7300" acceleration="1575"/>
    <motionState vehicle="9" speed="2745" time="7300" acceleration="2278"/>
    <motionState vehicle="10" speed="2977" time="7300" acceleration="3218"/>
    <motionState vehicle="11" speed="3301" time="7300" acceleration="16"/>
    <motionState vehicle="0" speed="3919" time="7310" acceleration="13636"/>
    <motionState vehicle="1" speed="2471" time="7310" acceleration="-1440"/>
    <motionState vehicle="2" speed="2324" time="7310" acceleration="-789"/>
    <motionState vehicle="3" speed="2248" time="7310" acceleration="88"/>
    <motionState vehicle="4" speed="9678" time="7310" acceleration="-1488"/>
    <motionState vehicle="5" speed="2257" time="7310" acceleration="809"/>
    <motionState vehicle="6" speed="2338" time="7310" acceleration="1168"/>
    <motionState vehicle="7" speed="2454" time="7310" acceleration="1347"/>
    <motionState vehicle="8" speed="2588" time="7310" acceleration="1581"/>
    <motionState vehicle="9" speed="2747" time="7310" acceleration="2287"/>
    <motionState vehicle="10" speed="2980" time="7310" acceleration="3189"/>
    <motionState vehicle="11" speed="3301" time="7310" acceleration="-72"/>
    <motionState vehicle="0" speed="3933" time="7320" acceleration="13636"/>
    <motionState vehicle="1" speed="2470" time="7320" acceleration="-1435"/>
    <motionState vehicle="2" speed="2324" time="7320" acceleration="-781"/>
    <motionState vehicle="3" speed="2248" time="7320" acceleration="94"/>
    <motionState vehicle="4" speed="9676" time="7320" acceleration="-1861"/>
    <motionState vehicle="5" speed="2258" time="7320" acceleration="812"/>
    <motionState vehicle="6" speed="2339" time="7320" acceleration="1169"/>
    <motionState vehicle="7" speed="2456" time="7320" acceleration="1349"/>
    <motionState vehicle="8" speed="2590" time="7320" acceleration="1587"/>
    <motionState vehicle="9" speed="2749" time="7320" acceleration="2296"/>
    <motionState vehicle="10" speed="2983" time="7320" acceleration="3160"/>
    <motionState vehicle="11" speed="3301" time="7320" acceleration="-159"/>
    <motionState vehicle="0" speed="3946" time="7330" acceleration="13636"/>
    <motionState vehicle="1" speed="2468" time="7330" acceleration="-1429"/>
    <motionState vehicle="2" speed="2323" time="7330" acceleration="-772"/>
    <motionState vehicle="3" speed="2248" time="7330" acceleration="101"/>
    <motionState vehicle="4" speed="9674" time="7330" acceleration="-2225"/>
    <motionState vehicle="5" speed="2259" time="7330" acceleration="815"/>
    <motionState vehicle="6" speed="2340" time="7330" acceleration="1171"/>
    <motionState vehicle="7" speed="2457" time="7330" acceleration="1351"/>
    <motionState vehicle="8" speed="2592" time="7330" acceleration="1594"/>
    <motionState vehicle="9" speed="2751" time="7330" acceleration="2304"/>
    <motionState vehicle="10" speed="2987" time="7330" acceleration="3130"/>
    <motionState vehicle="11" speed="3301" time="7330" acceleration="-245"/>
    <motionState vehicle="0" speed="3960" time="7340" acceleration="13636"/>
    <motionState vehicle="1" speed="2467" time="7340" acceleration="-1423"/>
    <motionState vehicle="2" speed="2322" time="7340" acceleration="-764"/>
    <motionState vehicle="3" speed="2249" time="7340" acceleration="107"/>
    <motionState vehicle="4" speed="9671" time="7340" acceleration="-2581"/>
    <motionState vehicle="5" speed="2260" time="7340" acceleration="819"/>
    <motionState vehicle="6" speed="2342" time="7340" acceleration="1172"/>
    <motionState vehicle="7" speed="2459" time="7340" acceleration="1353"/>
    <motionState vehicle="8" speed="2593" time="7340" acceleration="1600"/>
    <motionState vehicle="9" speed="2754" time="7340" acceleration="2312"/>
    <motionState vehicle="10" speed="2990" time="7340" acceleration="3099"/>
    <motionState vehicle="11" speed="3300" time="7340" acceleration="-329"/>
    <motionState vehicle="0" speed="3974" time="7350" acceleration="13636"/>
    <motionState vehicle="1" speed="2465" time="7350" acceleration="-1417"/>
    <motionState vehicle="2" speed="2321" time="7350" acceleration="-756"/>
    <motionState vehicle="3" speed="2249" time="7350" acceleration="114"/>
    <motionState vehicle="4" speed="9668" time="7350" acceleration="-2930"/>
    <motionState vehicle="5" speed="2261" time="7350" acceleration="822"/>
    <motionState vehicle="6" speed="2343" time="7350" acceleration="1174"/>
    <motionState vehicle="7" speed="2460" time="7350" acceleration="1355"/>
    <motionState vehicle="8" speed="2595" time="7350" acceleration="1607"/>
    <motionState vehicle="9" speed="2756" time="7350" acceleration="2320"/>
    <motionState vehicle="10" speed="2993" time="7350" acceleration="3068"/>
    <motionState vehicle="11" speed="3300" time="7350" acceleration="-412"/>
    <motionState vehicle="0" speed="3987" time="7360" acceleration="13636"/>
    <motionState vehicle="1" speed="2464" time="7360" acceleration="-1412"/>
    <motionState vehicle="2" speed="2320" time="7360" acceleration="-748"/>
    <motionState vehicle="3" speed="2249" time="7360" acceleration="120"/>
    <motionState vehicle="4" speed="9665" time="7360" acceleration="-3270"/>
    <motionState vehicle="5" speed="2262" time="7360" acceleration="825"/>
    <motionState vehicle="6" speed="2344" time="7360" acceleration="1176"/>
    <motionState vehicle="7" speed="2461" time="7360" acceleration="1358"/>
    <motionState vehicle="8" speed="2596" time="7360" acceleration="1614"/>
    <motionState vehicle="9" speed="2758" time="7360" acceleration="2327"/>
    <motionState vehicle="10" speed="2996" time="7360" acceleration="3037"/>
    <motionState vehicle="11" speed="3299" time="7360" acceleration="-493"/>
    <motionState vehicle="0" speed="4001" time="7370" acceleration="13636"/>
    <motionState vehicle="1" speed="2462" time="7370" acceleration="-1406"/>
    <motionState vehicle="2" speed="2320" time="7370" acceleration="-740"/>
    <motionState vehicle="3" speed="2249" time="7370" acceleration="127"/>
    <motionState vehicle="4" speed="9662" time="7370" acceleration="-3603"/>
    <motionState vehicle="5" speed="2262" time="7370" acceleration="828"/>
    <motionState vehicle="6" speed="2345" time="7370" acceleration="1177"/>
    <motionState vehicle="7" speed="2463" time="7370" acceleration="1360"/>
    <motionState vehicle="8" speed="2598" time="7370" acceleration="1620"/>
    <motionState vehicle="9" speed="2761" time="7370" acceleration="2334"/>
    <motionState vehicle="10" speed="2999" time="7370" acceleration="3005"/>
    <motionState vehicle="11" speed="3299" time="7370" acceleration="-573"/>
    <motionState vehicle="0" speed="4015" time="7380" acceleration="13636"/>
    <motionState vehicle="1" speed="2461" time="7380" acceleration="-1400"/>
    <motionState vehicle="2" speed="2319" time="7380" acceleration="-731"/>
    <motionState vehicle="3" speed="2249" time="7380" acceleration="133"/>
    <motionState vehicle="4" speed="9658" time="7380" acceleration="-3928"/>
    <motionState vehicle="5" speed="2263" time="7380" acceleration="831"/>
    <motionState vehicle="6" speed="2346" time="7380" acceleration="1179"/>
    <motionState vehicle="7" speed="2464" time="7380" acceleration="1362"/>
    <motionState vehicle="8" speed="2600" time="7380" acceleration="1627"/>
    <motionState vehicle="9" speed="2763" time="7380" acceleration="2340"/>
    <motionState vehicle="10" speed="3002" time="7380" acceleration="2972"/>
    <motionState vehicle="11" speed="3298" time="7380" acceleration="-652"/>
    <motionState vehicle="0" speed="4028" time="7390" acceleration="13636"/>
    <motionState vehicle="1" speed="2460" time="7390" acceleration="-1394"/>
    <motionState vehicle="2" speed="2318" time="7390" acceleration="-723"/>
    <motionState vehicle="3" speed="2249" time="7390" acceleration="140"/>
    <motionState vehicle="4" speed="9653" time="7390" acceleration="-4245"/>
    <motionState vehicle="5" speed="2264" time="7390" acceleration="835"/>
    <motionState vehicle="6" speed="2347" time="7390" acceleration="1181"/>
    <motionState vehicle="7" speed="2465" time="7390" acceleration="1365"/>
    <motionState vehicle="8" speed="2601" time="7390" acceleration="1633"/>
    <motionState vehicle="9" speed="2765" time="7390" acceleration="2347"/>
    <motionState vehicle="10" speed="3005" time="7390" acceleration="2939"/>
    <motionState vehicle="11" speed="3297" time="7390" acceleration="-729"/>
    <motionState vehicle="0" speed="4042" time="7400" acceleration="13636"/>
    <motionState vehicle="1" speed="2458" time="7400" acceleration="-1388"/>
    <motionState vehicle="2" speed="2318" time="7400" acceleration="-715"/>
    <motionState vehicle="3" speed="2249" time="7400" acceleration="146"/>
    <motionState vehicle="4" speed="9649" time="7400" acceleration="-4556"/>
    <motionState vehicle="5" speed="2265" time="7400" acceleration="838"/>
    <motionState vehicle="6" speed="2349" time="7400" acceleration="1182"/>
    <motionState vehicle="7" speed="2467" time="7400" acceleration="1367"/>
    <motionState vehicle="8" speed="2603" time="7400" acceleration="1640"/>
    <motionState vehicle="9" speed="2768" time="7400" acceleration="2352"/>
    <motionState vehicle="10" speed="3008" time="7400" acceleration="2905"/>
    <motionState vehicle="11" speed="3297" time="7400" acceleration="-804"/>
    <motionState vehicle="0" speed="4056" time="7410" acceleration="13636"/>
    <motionState vehicle="1" speed="2457" time="7410" acceleration="-1382"/>
    <motionState vehicle="2" speed="2317" time="7410" acceleration="-707"/>
    <motionState vehicle="3" speed="2249" time="7410" acceleration="152"/>
    <motionState vehicle="4" speed="9644" time="7410" acceleration="-4858"/>
    <motionState vehicle="5" speed="2266" time="7410" acceleration="841"/>
    <motionState vehicle="6" speed="2350" time="7410" acceleration="1184"/>
    <motionState vehicle="7" speed="2468" time="7410" acceleration="1369"/>
    <motionState vehicle="8" speed="2605" time="7410" acceleration="1646"/>
    <motionState vehicle="9" speed="2770" time="7410" acceleration="2358"/>
    <motionState vehicle="10" speed="3010" time="7410" acceleration="2872"/>
    <motionState vehicle="11" speed="3296" time="7410" acceleration="-878"/>
    <motionState vehicle="0" speed="4069" time="7420" acceleration="13636"/>
    <motionState vehicle="1" speed="2455" time="7420" acceleration="-1376"/>
    <motionState vehicle="2" speed="2316" time="7420" acceleration="-699"/>
    <motionState vehicle="3" speed="2250" time="7420" acceleration="159"/>
    <motionState vehicle="4" speed="9639" time="7420" acceleration="-5154"/>
    <motionState vehicle="5" speed="2267" time="7420" acceleration="844"/>
    <motionState vehicle="6" speed="2351" time="7420" acceleration="1186"/>
    <motionState vehicle="7" speed="2469" time="7420" acceleration="1372"/>
    <motionState vehicle="8" speed="2606" time="7420" acceleration="1653"/>
    <motionState vehicle="9" speed="2773" time="7420" acceleration="2363"/>
    <motionState vehicle="10" speed="3013" time="7420" acceleration="2837"/>
    <motionState vehicle="11" speed="3295" time="7420" acceleration="-951"/>
    <motionState vehicle="0" speed="4083" time="7430" acceleration="13636"/>
    <motionState vehicle="1" speed="2454" time="7430" acceleration="-1370"/>
    <motionState vehicle="2" speed="2315" time="7430" acceleration="-691"/>
    <motionState vehicle="3" speed="2250" time="7430" acceleration="165"/>
    <motionState vehicle="4" speed="9633" time="7430" acceleration="-5443"/>
    <motionState vehicle="5" speed="2267" time="7430" acceleration="847"/>
    <motionState vehicle="6" speed="2352" time="7430" acceleration="1187"/>
    <motionState vehicle="7" speed="2471" time="7430" acceleration="1375"/>
    <motionState vehicle="8" speed="2608" time="7430" acceleration="1659"/>
    <motionState vehicle="9" speed="2775" time="7430" acceleration="2368"/>
    <motionState vehicle="10" speed="3016" time="7430" acceleration="2803"/>
    <motionState vehicle="11" speed="3294" time="7430" acceleration="-1023"/>
    <motionState vehicle="0" speed="4096" time="7440" acceleration="13636"/>
    <motionState vehicle="1" speed="2453" time="7440" acceleration="-1364"/>
    <motionState vehicle="2" speed="2315" time="7440" acceleration="-683"/>
    <motionState vehicle="3" speed="2250" time="7440" acceleration="171"/>
    <motionState vehicle="4" speed="9628" time="7440" acceleration="-5724"/>
    <motionState vehicle="5" speed="2268" time="7440" acceleration="850"/>
    <motionState vehicle="6" speed="2353" time="7440" acceleration="1189"/>
    <motionState vehicle="7" speed="2472" time="7440" acceleration="1377"/>
    <motionState vehicle="8" speed="2610" time="7440" acceleration="1666"/>
    <motionState vehicle="9" speed="2777" time="7440" acceleration="2372"/>
    <motionState vehicle="10" speed="3019" time="7440" acceleration="2768"/>
    <motionState vehicle="11" speed="3293" time="7440" acceleration="-1093"/>
    <motionState vehicle="0" speed="4110" time="7450" acceleration="13636"/>
    <motionState vehicle="1" speed="2451" time="7450" acceleration="-1358"/>
    <motionState vehicle="2" speed="2314" time="7450" acceleration="-674"/>
    <motionState vehicle="3" speed="2250" time="7450" acceleration="178"/>
    <motionState vehicle="4" speed="9622" time="7450" acceleration="-5999"/>
    <motionState vehicle="5" speed="2269" time="7450" acceleration="853"/>
    <motionState vehicle="6" speed="2355" time="7450" acceleration="1191"/>
    <motionState vehicle="7" speed="2474" time="7450" acceleration="1380"/>
    <motionState vehicle="8" speed="2611" time="7450" acceleration="1672"/>
    <motionState vehicle="9" speed="2780" time="7450" acceleration="2376"/>
    <motionState vehicle="10" speed="3022" time="7450" acceleration="2732"/>
    <motionState vehicle="11" speed="3292" time="7450" acceleration="-1162"/>
    <motionState vehicle="0" speed="4124" time="7460" acceleration="13636"/>
    <motionState vehicle="1" speed="2450" time="7460" acceleration="-1352"/>
    <motionState vehicle="2" speed="2313" time="7460" acceleration="-666"/>
    <motionState vehicle="3" speed="2250" time="7460" acceleration="184"/>
    <motionState vehicle="4" speed="9615" time="7460" acceleration="-6267"/>
    <motionState vehicle="5" speed="2270" time="7460" acceleration="856"/>
    <motionState vehicle="6" speed="2356" time="7460" acceleration="1192"/>
    <motionState vehicle="7" speed="2475" time="7460" acceleration="1382"/>
    <motionState vehicle="8" speed="2613" time="7460" acceleration="1679"/>
    <motionState vehicle="9" speed="2782" time="7460" acceleration="2380"/>
    <motionState vehicle="10" speed="3024" time="7460" acceleration="2697"/>
    <motionState vehicle="11" speed="3290" time="7460" acceleration="-1229"/>
    <motionState vehicle="0" speed="4137" time="7470" acceleration="13636"/>
    <motionState vehicle="1" speed="2449" time="7470" acceleration="-1346"/>
    <motionState vehicle="2" speed="2313" time="7470" acceleration="-658"/>
    <motionState vehicle="3" speed="2251" time="7470" acceleration="190"/>
    <motionState vehicle="4" speed="9609" time="7470" acceleration="-6529"/>
    <motionState vehicle="5" speed="2271" time="7470" acceleration="859"/>
    <motionState vehicle="6" speed="2357" time="7470" acceleration="1194"/>
    <motionState vehicle="7" speed="2476" time="7470" acceleration="1385"/>
    <motionState vehicle="8" speed="2615" time="7470" acceleration="1685"/>
    <motionState vehicle="9" speed="2784" time="7470" acceleration="2383"/>
    <motionState vehicle="10" speed="3027" time="7470" acceleration="2661"/>
    <motionState vehicle="11" speed="3289" time="7470" acceleration="-1296"/>
    <motionState vehicle="0" speed="4151" time="7480" acceleration="13636"/>
    <motionState vehicle="1" speed="2447" time="7480" acceleration="-1340"/>
    <motionState vehicle="2" speed="2312" time="7480" acceleration="-650"/>
    <motionState vehicle="3" speed="2251" time="7480" acceleration="196"/>
    <motionState vehicle="4" speed="9602" time="7480" acceleration="-6783"/>
    <motionState vehicle="5" speed="2272" time="7480" acceleration="862"/>
    <motionState vehicle="6" speed="2358" time="7480" acceleration="1196"/>
    <motionState vehicle="7" speed="2478" time="7480" acceleration="1388"/>
    <motionState vehicle="8" speed="2616" time="7480" acceleration="1692"/>
    <motionState vehicle="9" speed="2787" time="7480" acceleration="2386"/>
    <motionState vehicle="10" speed="3030" time="7480" acceleration="2624"/>
    <motionState vehicle="11" speed="3288" time="7480" acceleration="-1361"/>
    <motionState vehicle="0" speed="4165" time="7490" acceleration="13636"/>
    <motionState vehicle="1" speed="2446" time="7490" acceleration="-1333"/>
    <motionState vehicle="2" speed="2311" time="7490" acceleration="-642"/>
    <motionState vehicle="3" speed="2251" time="7490" acceleration="203"/>
    <motionState vehicle="4" speed="9595" time="7490" acceleration="-7031"/>
    <motionState vehicle="5" speed="2273" time="7490" acceleration="865"/>
    <motionState vehicle="6" speed="2359" time="7490" acceleration="1198"/>
    <motionState vehicle="7" speed="2479" time="7490" acceleration="1390"/>
    <motionState vehicle="8" speed="2618" time="7490" acceleration="1698"/>
    <motionState vehicle="9" speed="2789" time="7490" acceleration="2388"/>
    <motionState vehicle="10" speed="3032" time="7490" acceleration="2588"/>
    <motionState vehicle="11" speed="3286" time="7490" acceleration="-1425"/>
    <motionState vehicle="0" speed="4178" time="7500" acceleration="13636"/>
    <motionState vehicle="1" speed="2445" time="7500" acceleration="-1327"/>
    <motionState vehicle="2" speed="2311" time="7500" acceleration="-634"/>
    <motionState vehicle="3" speed="2251" time="7500" acceleration="209"/>
    <motionState vehicle="4" speed="9588" time="7500" acceleration="-7273"/>
    <motionState vehicle="5" speed="2273" time="7500" acceleration="869"/>
    <motionState vehicle="6" speed="2361" time="7500" acceleration="1199"/>
    <motionState vehicle="7" speed="2481" time="7500" acceleration="1393"/>
    <motionState vehicle="8" speed="2620" time="7500" acceleration="1705"/>
    <motionState vehicle="9" speed="2792" time="7500" acceleration="2390"/>
    <motionState vehicle="10" speed="3035" time="7500" acceleration="2551"/>
    <motionState vehicle="11" speed="3285" time="7500" acceleration="-1487"/>
    <motionState vehicle="0" speed="4192" time="7510" acceleration="13636"/>
    <motionState vehicle="1" speed="2443" time="7510" acceleration="-1321"/>
    <motionState vehicle="2" speed="2310" time="7510" acceleration="-626"/>
    <motionState vehicle="3" speed="2251" time="7510" acceleration="215"/>
    <motionState vehicle="4" speed="9580" time="7510" acceleration="-7509"/>
    <motionState vehicle="5" speed="2274" time="7510" acceleration="872"/>
    <motionState vehicle="6" speed="2362" time="7510" acceleration="1201"/>
    <motionState vehicle="7" speed="2482" time="7510" acceleration="1396"/>
    <motionState vehicle="8" speed="2621" time="7510" acceleration="1711"/>
    <motionState vehicle="9" speed="2794" time="7510" acceleration="2392"/>
    <motionState vehicle="10" speed="3037" time="7510" acceleration="2514"/>
    <motionState vehicle="11" speed="3283" time="7510" acceleration="-1549"/>
    <motionState vehicle="0" speed="4206" time="7520" acceleration="13636"/>
    <motionState vehicle="1" speed="2442" time="7520" acceleration="-1315"/>
    <motionState vehicle="2" speed="2310" time="7520" acceleration="-618"/>
    <motionState vehicle="3" speed="2252" time="7520" acceleration="221"/>
    <motionState vehicle="4" speed="9572" time="7520" acceleration="-7738"/>
    <motionState vehicle="5" speed="2275" time="7520" acceleration="875"/>
    <motionState vehicle="6" speed="2363" time="7520" acceleration="1203"/>
    <motionState vehicle="7" speed="2483" time="7520" acceleration="1399"/>
    <motionState vehicle="8" speed="2623" time="7520" acceleration="1717"/>
    <motionState vehicle="9" speed="2796" time="7520" acceleration="2394"/>
    <motionState vehicle="10" speed="3040" time="7520" acceleration="2476"/>
    <motionState vehicle="11" speed="3282" time="7520" acceleration="-1609"/>
    <motionState vehicle="0" speed="4219" time="7530" acceleration="13636"/>
    <motionState vehicle="1" speed="2441" time="7530" acceleration="-1309"/>
    <motionState vehicle="2" speed="2309" time="7530" acceleration="-610"/>
    <motionState vehicle="3" speed="2252" time="7530" acceleration="227"/>
    <motionState vehicle="4" speed="9565" time="7530" acceleration="-7961"/>
    <motionState vehicle="5" speed="2276" time="7530" acceleration="878"/>
    <motionState vehicle="6" speed="2364" time="7530" acceleration="1205"/>
    <motionState vehicle="7" speed="2485" time="7530" acceleration="1402"/>
    <motionState vehicle="8" speed="2625" time="7530" acceleration="1724"/>
    <motionState vehicle="9" speed="2799" time="7530" acceleration="2395"/>
    <motionState vehicle="10" speed="3042" time="7530" acceleration="2439"/>
    <motionState vehicle="11" speed="3280" time="7530" acceleration="-1668"/>
    <motionState vehicle="0" speed="4233" time="7540" acceleration="13636"/>
    <motionState vehicle="1" speed="2439" time="7540" acceleration="-1302"/>
    <motionState vehicle="2" speed="2308" time="7540" acceleration="-602"/>
    <motionState vehicle="3" speed="2252" time="7540" acceleration="233"/>
    <motionState vehicle="4" speed="9556" time="7540" acceleration="-8179"/>
    <motionState vehicle="5" speed="2277" time="7540" acceleration="881"/>
    <motionState vehicle="6" speed="2365" time="7540" acceleration="1207"/>
    <motionState vehicle="7" speed="2486" time="7540" acceleration="1405"/>
    <motionState vehicle="8" speed="2627" time="7540" acceleration="1730"/>
    <motionState vehicle="9" speed="2801" time="7540" acceleration="2396"/>
    <motionState vehicle="10" speed="3044" time="7540" acceleration="2401"/>
    <motionState vehicle="11" speed="3278" time="7540" acceleration="-1726"/>
    <motionState vehicle="0" speed="4246" time="7550" acceleration="13636"/>
    <motionState vehicle="1" speed="2438" time="7550" acceleration="-1296"/>
    <motionState vehicle="2" speed="2308" time="7550" acceleration="-594"/>
    <motionState vehicle="3" speed="2252" time="7550" acceleration="239"/>
    <motionState vehicle="4" speed="9548" time="7550" acceleration="-8390"/>
    <motionState vehicle="5" speed="2278" time="7550" acceleration="884"/>
    <motionState vehicle="6" speed="2367" time="7550" acceleration="1208"/>
    <motionState vehicle="7" speed="2488" time="7550" acceleration="1408"/>
    <motionState vehicle="8" speed="2628" time="7550" acceleration="1736"/>
    <motionState vehicle="9" speed="2804" time="7550" acceleration="2396"/>
    <motionState vehicle="10" speed="3047" time="7550" acceleration="2363"/>
    <motionState vehicle="11" speed="3276" time="7550" acceleration="-1782"/>
    <motionState vehicle="0" speed="4260" time="7560" acceleration="13636"/>
    <motionState vehicle="1" speed="2437" time="7560" acceleration="-1290"/>
    <motionState vehicle="2" speed="2307" time="7560" acceleration="-586"/>
    <motionState vehicle="3" speed="2252" time="7560" acceleration="245"/>
    <motionState vehicle="4" speed="9539" time="7560" acceleration="-8595"/>
    <motionState vehicle="5" speed="2279" time="7560" acceleration="887"/>
    <motionState vehicle="6" speed="2368" time="7560" acceleration="1210"/>
    <motionState vehicle="7" speed="2489" time="7560" acceleration="1411"/>
    <motionState vehicle="8" speed="2630" time="7560" acceleration="1742"/>
    <motionState vehicle="9" speed="2806" time="7560" acceleration="2396"/>
    <motionState vehicle="10" speed="3049" time="7560" acceleration="2324"/>
    <motionState vehicle="11" speed="3275" time="7560" acceleration="-1838"/>
    <motionState vehicle="0" speed="4274" time="7570" acceleration="13636"/>
    <motionState vehicle="1" speed="2436" time="7570" acceleration="-1283"/>
    <motionState vehicle="2" speed="2307" time="7570" acceleration="-578"/>
    <motionState vehicle="3" speed="2253" time="7570" acceleration="251"/>
    <motionState vehicle="4" speed="9531" time="7570" acceleration="-8795"/>
    <motionState vehicle="5" speed="2280" time="7570" acceleration="890"/>
    <motionState vehicle="6" speed="2369" time="7570" acceleration="1212"/>
    <motionState vehicle="7" speed="2490" time="7570" acceleration="1414"/>
    <motionState vehicle="8" speed="2632" time="7570" acceleration="1748"/>
    <motionState vehicle="9" speed="2808" time="7570" acceleration="2396"/>
    <motionState vehicle="10" speed="3051" time="7570" acceleration="2286"/>
    <motionState vehicle="11" speed="3273" time="7570" acceleration="-1892"/>
    <motionState vehicle="0" speed="4287" time="7580" acceleration="13636"/>
    <motionState vehicle="1" speed="2434" time="7580" acceleration="-1277"/>
    <motionState vehicle="2" speed="2306" time="7580" acceleration="-570"/>
    <motionState vehicle="3" speed="2253" time="7580" acceleration="257"/>
    <motionState vehicle="4" speed="9522" time="7580" acceleration="-8989"/>
    <motionState vehicle="5" speed="2280" time="7580" acceleration="892"/>
    <motionState vehicle="6" speed="2370" time="7580" acceleration="1214"/>
    <motionState vehicle="7" speed="2492" time="7580" acceleration="1417"/>
    <motionState vehicle="8" speed="2634" time="7580" acceleration="1754"/>
    <motionState vehicle="9" speed="2811" time="7580" acceleration="2395"/>
    <motionState vehicle="10" speed="3054" time="7580" acceleration="2247"/>
    <motionState vehicle="11" speed="3271" time="7580" acceleration="-1946"/>
    <motionState vehicle="0" speed="4301" time="7590" acceleration="13636"/>
    <motionState vehicle="1" speed="2433" time="7590" acceleration="-1271"/>
    <motionState vehicle="2" speed="2305" time="7590" acceleration="-563"/>
    <motionState vehicle="3" speed="2253" time="7590" acceleration="263"/>
    <motionState vehicle="4" speed="9512" time="7590" acceleration="-9177"/>
    <motionState vehicle="5" speed="2281" time="7590" acceleration="895"/>
    <motionState vehicle="6" speed="2371" time="7590" acceleration="1216"/>
    <motionState vehicle="7" speed="2493" time="7590" acceleration="1420"/>
    <motionState vehicle="8" speed="2635" time="7590" acceleration="1760"/>
    <motionState vehicle="9" speed="2813" time="7590" acceleration="2394"/>
    <motionState vehicle="10" speed="3056" time="7590" acceleration="2208"/>
    <motionState vehicle="11" speed="3269" time="7590" acceleration="-1998"/>
    <motionState vehicle="0" speed="4315" time="7600" acceleration="13636"/>
    <motionState vehicle="1" speed="2432" time="7600" acceleration="-1264"/>
    <motionState vehicle="2" speed="2305" time="7600" acceleration="-555"/>
    <motionState vehicle="3" speed="2254" time="7600" acceleration="269"/>
    <motionState vehicle="4" speed="9503" time="7600" acceleration="-9360"/>
    <motionState vehicle="5" speed="2282" time="7600" acceleration="898"/>
    <motionState vehicle="6" speed="2373" time="7600" acceleration="1218"/>
    <motionState vehicle="7" speed="2495" time="7600" acceleration="1423"/>
    <motionState vehicle="8" speed="2637" time="7600" acceleration="1766"/>
    <motionState vehicle="9" speed="2816" time="7600" acceleration="2393"/>
    <motionState vehicle="10" speed="3058" time="7600" acceleration="2169"/>
    <motionState vehicle="11" speed="3267" time="7600" acceleration="-2049"/>
    <motionState vehicle="0" speed="4328" time="7610" acceleration="13636"/>
    <motionState vehicle="1" speed="2430" time="7610" acceleration="-1258"/>
    <motionState vehicle="2" speed="2304" time="7610" acceleration="-547"/>
    <motionState vehicle="3" speed="2254" time="7610" acceleration="275"/>
    <motionState vehicle="4" speed="9493" time="7610" acceleration="-9538"/>
    <motionState vehicle="5" speed="2283" time="7610" acceleration="901"/>
    <motionState vehicle="6" speed="2374" time="7610" acceleration="1220"/>
    <motionState vehicle="7" speed="2496" time="7610" acceleration="1426"/>
    <motionState vehicle="8" speed="2639" time="7610" acceleration="1772"/>
    <motionState vehicle="9" speed="2818" time="7610" acceleration="2391"/>
    <motionState vehicle="10" speed="3060" time="7610" acceleration="2130"/>
    <motionState vehicle="11" speed="3265" time="7610" acceleration="-2099"/>
    <motionState vehicle="0" speed="4342" time="7620" acceleration="13636"/>
    <motionState vehicle="1" speed="2429" time="7620" acceleration="-1251"/>
    <motionState vehicle="2" speed="2304" time="7620" acceleration="-539"/>
    <motionState vehicle="3" speed="2254" time="7620" acceleration="281"/>
    <motionState vehicle="4" speed="9484" time="7620" acceleration="-9710"/>
    <motionState vehicle="5" speed="2284" time="7620" acceleration="904"/>
    <motionState vehicle="6" speed="2375" time="7620" acceleration="1221"/>
    <motionState vehicle="7" speed="2497" time="7620" acceleration="1429"/>
    <motionState vehicle="8" speed="2641" time="7620" acceleration="1778"/>
    <motionState vehicle="9" speed="2820" time="7620" acceleration="2389"/>
    <motionState vehicle="10" speed="3062" time="7620" acceleration="2091"/>
    <motionState vehicle="11" speed="3262" time="7620" acceleration="-2148"/>
    <motionState vehicle="0" speed="4356" time="7630" acceleration="13636"/>
    <motionState vehicle="1" speed="2428" time="7630" acceleration="-1245"/>
    <motionState vehicle="2" speed="2303" time="7630" acceleration="-531"/>
    <motionState vehicle="3" speed="2254" time="7630" acceleration="286"/>
    <motionState vehicle="4" speed="9474" time="7630" acceleration="-9877"/>
    <motionState vehicle="5" speed="2285" time="7630" acceleration="907"/>
    <motionState vehicle="6" speed="2376" time="7630" acceleration="1223"/>
    <motionState vehicle="7" speed="2499" time="7630" acceleration="1432"/>
    <motionState vehicle="8" speed="2642" time="7630" acceleration="1784"/>
    <motionState vehicle="9" speed="2823" time="7630" acceleration="2386"/>
    <motionState vehicle="10" speed="3064" time="7630" acceleration="2052"/>
    <motionState vehicle="11" speed="3260" time="7630" acceleration="-2196"/>
    <motionState vehicle="0" speed="4369" time="7640" acceleration="13636"/>
    <motionState vehicle="1" speed="2427" time="7640" acceleration="-1238"/>
    <motionState vehicle="2" speed="2303" time="7640" acceleration="-523"/>
    <motionState vehicle="3" speed="2255" time="7640" acceleration="292"/>
    <motionState vehicle="4" speed="9464" time="7640" acceleration="-10039"/>
    <motionState vehicle="5" speed="2286" time="7640" acceleration="910"/>
    <motionState vehicle="6" speed="2377" time="7640" acceleration="1225"/>
    <motionState vehicle="7" speed="2500" time="7640" acceleration="1436"/>
    <motionState vehicle="8" speed="2644" time="7640" acceleration="1789"/>
    <motionState vehicle="9" speed="2825" time="7640" acceleration="2384"/>
    <motionState vehicle="10" speed="3066" time="7640" acceleration="2012"/>
    <motionState vehicle="11" speed="3258" time="7640" acceleration="-2243"/>
    <motionState vehicle="0" speed="4383" time="7650" acceleration="13636"/>
    <motionState vehicle="1" speed="2426" time="7650" acceleration="-1232"/>
    <motionState vehicle="2" speed="2302" time="7650" acceleration="-515"/>
    <motionState vehicle="3" speed="2255" time="7650" acceleration="298"/>
    <motionState vehicle="4" speed="9454" time="7650" acceleration="-10195"/>
    <motionState vehicle="5" speed="2287" time="7650" acceleration="913"/>
    <motionState vehicle="6" speed="2379" time="7650" acceleration="1227"/>
    <motionState vehicle="7" speed="2502" time="7650" acceleration="1439"/>
    <motionState vehicle="8" speed="2646" time="7650" acceleration="1795"/>
    <motionState vehicle="9" speed="2827" time="7650" acceleration="2381"/>
    <motionState vehicle="10" speed="3068" time="7650" acceleration="1973"/>
    <motionState vehicle="11" speed="3256" time="7650" acceleration="-2290"/>
    <motionState vehicle="0" speed="4396" time="7660" acceleration="13636"/>
    <motionState vehicle="1" speed="2424" time="7660" acceleration="-1225"/>
    <motionState vehicle="2" speed="2302" time="7660" acceleration="-508"/>
    <motionState vehicle="3" speed="2255" time="7660" acceleration="304"/>
    <motionState vehicle="4" speed="9443" time="7660" acceleration="-10347"/>
    <motionState vehicle="5" speed="2288" time="7660" acceleration="916"/>
    <motionState vehicle="6" speed="2380" time="7660" acceleration="1229"/>
    <motionState vehicle="7" speed="2503" time="7660" acceleration="1442"/>
    <motionState vehicle="8" speed="2648" time="7660" acceleration="1800"/>
    <motionState vehicle="9" speed="2830" time="7660" acceleration="2377"/>
    <motionState vehicle="10" speed="3070" time="7660" acceleration="1933"/>
    <motionState vehicle="11" speed="3253" time="7660" acceleration="-2335"/>
    <motionState vehicle="0" speed="4410" time="7670" acceleration="13636"/>
    <motionState vehicle="1" speed="2423" time="7670" acceleration="-1219"/>
    <motionState vehicle="2" speed="2301" time="7670" acceleration="-500"/>
    <motionState vehicle="3" speed="2256" time="7670" acceleration="310"/>
    <motionState vehicle="4" speed="9433" time="7670" acceleration="-10494"/>
    <motionState vehicle="5" speed="2289" time="7670" acceleration="919"/>
    <motionState vehicle="6" speed="2381" time="7670" acceleration="1231"/>
    <motionState vehicle="7" speed="2505" time="7670" acceleration="1446"/>
    <motionState vehicle="8" speed="2650" time="7670" acceleration="1806"/>
    <motionState vehicle="9" speed="2832" time="7670" acceleration="2373"/>
    <motionState vehicle="10" speed="3072" time="7670" acceleration="1893"/>
    <motionState vehicle="11" speed="3251" time="7670" acceleration="-2379"/>
    <motionState vehicle="0" speed="4424" time="7680" acceleration="13636"/>
    <motionState vehicle="1" speed="2422" time="7680" acceleration="-1212"/>
    <motionState vehicle="2" speed="2301" time="7680" acceleration="-492"/>
    <motionState vehicle="3" speed="2256" time="7680" acceleration="315"/>
    <motionState vehicle="4" speed="9422" time="7680" acceleration="-10635"/>
    <motionState vehicle="5" speed="2290" time="7680" acceleration="922"/>
    <motionState vehicle="6" speed="2382" time="7680" acceleration="1233"/>
    <motionState vehicle="7" speed="2506" time="7680" acceleration="1449"/>
    <motionState vehicle="8" speed="2651" time="7680" acceleration="1811"/>
    <motionState vehicle="9" speed="2835" time="7680" acceleration="2369"/>
    <motionState vehicle="10" speed="3074" time="7680" acceleration="1853"/>
    <motionState vehicle="11" speed="3249" time="7680" acceleration="-2422"/>
    <motionState vehicle="0" speed="4437" time="7690" acceleration="13636"/>
    <motionState vehicle="1" speed="2421" time="7690" acceleration="-1206"/>
    <motionState vehicle="2" speed="2300" time="7690" acceleration="-484"/>
    <motionState vehicle="3" speed="2256" time="7690" acceleration="321"/>
    <motionState vehicle="4" speed="9411" time="7690" acceleration="-10772"/>
    <motionState vehicle="5" speed="2290" time="7690" acceleration="925"/>
    <motionState vehicle="6" speed="2384" time="7690" acceleration="1235"/>
    <motionState vehicle="7" speed="2508" time="7690" acceleration="1452"/>
    <motionState vehicle="8" speed="2653" time="7690" acceleration="1816"/>
    <motionState vehicle="9" speed="2837" time="7690" acceleration="2365"/>
    <motionState vehicle="10" speed="3076" time="7690" acceleration="1813"/>
    <motionState vehicle="11" speed="3246" time="7690" acceleration="-2464"/>
    <motionState vehicle="0" speed="4451" time="7700" acceleration="13636"/>
    <motionState vehicle="1" speed="2419" time="7700" acceleration="-1199"/>
    <motionState vehicle="2" speed="2300" time="7700" acceleration="-477"/>
    <motionState vehicle="3" speed="2257" time="7700" acceleration="327"/>
    <motionState vehicle="4" speed="9400" time="7700" acceleration="-10905"/>
    <motionState vehicle="5" speed="2291" time="7700" acceleration="928"/>
    <motionState vehicle="6" speed="2385" time="7700" acceleration="1237"/>
    <motionState vehicle="7" speed="2509" time="7700" acceleration="1456"/>
    <motionState vehicle="8" speed="2655" time="7700" acceleration="1821"/>
    <motionState vehicle="9" speed="2839" time="7700" acceleration="2360"/>
    <motionState vehicle="10" speed="3078" time="7700" acceleration="1774"/>
    <motionState vehicle="11" speed="3244" time="7700" acceleration="-2505"/>
    <motionState vehicle="0" speed="4465" time="7710" acceleration="13636"/>
    <motionState vehicle="1" speed="2418" time="7710" acceleration="-1193"/>
    <motionState vehicle="2" speed="2299" time="7710" acceleration="-469"/>
    <motionState vehicle="3" speed="2257" time="7710" acceleration="332"/>
    <motionState vehicle="4" speed="9389" time="7710" acceleration="-11033"/>
    <motionState vehicle="5" speed="2292" time="7710" acceleration="930"/>
    <motionState vehicle="6" speed="2386" time="7710" acceleration="1239"/>
    <motionState vehicle="7" speed="2510" time="7710" acceleration="1459"/>
    <motionState vehicle="8" speed="2657" time="7710" acceleration="1827"/>
    <motionState vehicle="9" speed="2842" time="7710" acceleration="2355"/>
    <motionState vehicle="10" speed="3079" time="7710" acceleration="1734"/>
    <motionState vehicle="11" speed="3241" time="7710" acceleration="-2545"/>
    <motionState vehicle="0" speed="4478" time="7720" acceleration="13636"/>
    <motionState vehicle="1" speed="2417" time="7720" acceleration="-1186"/>
    <motionState vehicle="2" speed="2299" time="7720" acceleration="-461"/>
    <motionState vehicle="3" speed="2257" time="7720" acceleration="338"/>
    <motionState vehicle="4" speed="9378" time="7720" acceleration="-11156"/>
    <motionState vehicle="5" speed="2293" time="7720" acceleration="933"/>
    <motionState vehicle="6" speed="2387" time="7720" acceleration="1241"/>
    <motionState vehicle="7" speed="2512" time="7720" acceleration="1462"/>
    <motionState vehicle="8" speed="2659" time="7720" acceleration="1831"/>
    <motionState vehicle="9" speed="2844" time="7720" acceleration="2349"/>
    <motionState vehicle="10" speed="3081" time="7720" acceleration="1694"/>
    <motionState vehicle="11" speed="3238" time="7720" acceleration="-2585"/>
    <motionState vehicle="0" speed="4492" time="7730" acceleration="13636"/>
    <motionState vehicle="1" speed="2416" time="7730" acceleration="-1179"/>
    <motionState vehicle="2" speed="2298" time="7730" acceleration="-453"/>
    <motionState vehicle="3" speed="2258" time="7730" acceleration="344"/>
    <motionState vehicle="4" speed="9367" time="7730" acceleration="-11274"/>
    <motionState vehicle="5" speed="2294" time="7730" acceleration="936"/>
    <motionState vehicle="6" speed="2389" time="7730" acceleration="1243"/>
    <motionState vehicle="7" speed="2513" time="7730" acceleration="1466"/>
    <motionState vehicle="8" speed="2661" time="7730" acceleration="1836"/>
    <motionState vehicle="9" speed="2846" time="7730" acceleration="2344"/>
    <motionState vehicle="10" speed="3083" time="7730" acceleration="1654"/>
    <motionState vehicle="11" speed="3236" time="7730" acceleration="-2623"/>
    <motionState vehicle="0" speed="4506" time="7740" acceleration="13636"/>
    <motionState vehicle="1" speed="2415" time="7740" acceleration="-1173"/>
    <motionState vehicle="2" speed="2298" time="7740" acceleration="-446"/>
    <motionState vehicle="3" speed="2258" time="7740" acceleration="349"/>
    <motionState vehicle="4" speed="9356" time="7740" acceleration="-11389"/>
    <motionState vehicle="5" speed="2295" time="7740" acceleration="939"/>
    <motionState vehicle="6" speed="2390" time="7740" acceleration="1245"/>
    <motionState vehicle="7" speed="2515" time="7740" acceleration="1469"/>
    <motionState vehicle="8" speed="2662" time="7740" acceleration="1841"/>
    <motionState vehicle="9" speed="2849" time="7740" acceleration="2337"/>
    <motionState vehicle="10" speed="3084" time="7740" acceleration="1614"/>
    <motionState vehicle="11" speed="3233" time="7740" acceleration="-2661"/>
    <motionState vehicle="0" speed="4519" time="7750" acceleration="13636"/>
    <motionState vehicle="1" speed="2414" time="7750" acceleration="-1166"/>
    <motionState vehicle="2" speed="2298" time="7750" acceleration="-438"/>
    <motionState vehicle="3" speed="2258" time="7750" acceleration="355"/>
    <motionState vehicle="4" speed="9344" time="7750" acceleration="-11498"/>
    <motionState vehicle="5" speed="2296" time="7750" acceleration="942"/>
    <motionState vehicle="6" speed="2391" time="7750" acceleration="1247"/>
    <motionState vehicle="7" speed="2516" time="7750" acceleration="1473"/>
    <motionState vehicle="8" speed="2664" time="7750" acceleration="1846"/>
    <motionState vehicle="9" speed="2851" time="7750" acceleration="2331"/>
    <motionState vehicle="10" speed="3086" time="7750" acceleration="1574"/>
    <motionState vehicle="11" speed="3230" time="7750" acceleration="-2697"/>
    <motionState vehicle="0" speed="4533" time="7760" acceleration="13636"/>
    <motionState vehicle="1" speed="2412" time="7760" acceleration="-1159"/>
    <motionState vehicle="2" speed="2297" time="7760" acceleration="-430"/>
    <motionState vehicle="3" speed="2259" time="7760" acceleration="360"/>
    <motionState vehicle="4" speed="9333" time="7760" acceleration="-11604"/>
    <motionState vehicle="5" speed="2297" time="7760" acceleration="945"/>
    <motionState vehicle="6" speed="2392" time="7760" acceleration="1249"/>
    <motionState vehicle="7" speed="2518" time="7760" acceleration="1476"/>
    <motionState vehicle="8" speed="2666" time="7760" acceleration="1850"/>
    <motionState vehicle="9" speed="2853" time="7760" acceleration="2324"/>
    <motionState vehicle="10" speed="3087" time="7760" acceleration="1534"/>
    <motionState vehicle="11" speed="3228" time="7760" acceleration="-2733"/>
    <motionState vehicle="0" speed="4546" time="7770" acceleration="13636"/>
    <motionState vehicle="1" speed="2411" time="7770" acceleration="-1153"/>
    <motionState vehicle="2" speed="2297" time="7770" acceleration="-423"/>
    <motionState vehicle="3" speed="2259" time="7770" acceleration="366"/>
    <motionState vehicle="4" speed="9321" time="7770" acceleration="-11705"/>
    <motionState vehicle="5" speed="2298" time="7770" acceleration="948"/>
    <motionState vehicle="6" speed="2394" time="7770" acceleration="1252"/>
    <motionState vehicle="7" speed="2519" time="7770" acceleration="1479"/>
    <motionState vehicle="8" speed="2668" time="7770" acceleration="1855"/>
    <motionState vehicle="9" speed="2856" time="7770" acceleration="2317"/>
    <motionState vehicle="10" speed="3089" time="7770" acceleration="1494"/>
    <motionState vehicle="11" speed="3225" time="7770" acceleration="-2768"/>
    <motionState vehicle="0" speed="4560" time="7780" acceleration="13636"/>
    <motionState vehicle="1" speed="2410" time="7780" acceleration="-1146"/>
    <motionState vehicle="2" speed="2296" time="7780" acceleration="-415"/>
    <motionState vehicle="3" speed="2259" time="7780" acceleration="371"/>
    <motionState vehicle="4" speed="9309" time="7780" acceleration="-11803"/>
    <motionState vehicle="5" speed="2299" time="7780" acceleration="950"/>
    <motionState vehicle="6" speed="2395" time="7780" acceleration="1254"/>
    <motionState vehicle="7" speed="2521" time="7780" acceleration="1483"/>
    <motionState vehicle="8" speed="2670" time="7780" acceleration="1859"/>
    <motionState vehicle="9" speed="2858" time="7780" acceleration="2310"/>
    <motionState vehicle="10" speed="3090" time="7780" acceleration="1454"/>
    <motionState vehicle="11" speed="3222" time="7780" acceleration="-2802"/>
    <motionState vehicle="0" speed="4574" time="7790" acceleration="13636"/>
    <motionState vehicle="1" speed="2409" time="7790" acceleration="-1139"/>
    <motionState vehicle="2" speed="2296" time="7790" acceleration="-408"/>
    <motionState vehicle="3" speed="2260" time="7790" acceleration="377"/>
    <motionState vehicle="4" speed="9297" time="7790" acceleration="-11896"/>
    <motionState vehicle="5" speed="2300" time="7790" acceleration="953"/>
    <motionState vehicle="6" speed="2396" time="7790" acceleration="1256"/>
    <motionState vehicle="7" speed="2522" time="7790" acceleration="1486"/>
    <motionState vehicle="8" speed="2672" time="7790" acceleration="1864"/>
    <motionState vehicle="9" speed="2860" time="7790" acceleration="2302"/>
    <motionState vehicle="10" speed="3092" time="7790" acceleration="1414"/>
    <motionState vehicle="11" speed="3219" time="7790" acceleration="-2836"/>
    <motionState vehicle="0" speed="4587" time="7800" acceleration="13636"/>
    <motionState vehicle="1" speed="2408" time="7800" acceleration="-1132"/>
    <motionState vehicle="2" speed="2295" time="7800" acceleration="-400"/>
    <motionState vehicle="3" speed="2260" time="7800" acceleration="382"/>
    <motionState vehicle="4" speed="9285" time="7800" acceleration="-11985"/>
    <motionState vehicle="5" speed="2301" time="7800" acceleration="956"/>
    <motionState vehicle="6" speed="2397" time="7800" acceleration="1258"/>
    <motionState vehicle="7" speed="2524" time="7800" acceleration="1490"/>
    <motionState vehicle="8" speed="2674" time="7800" acceleration="1868"/>
    <motionState vehicle="9" speed="2863" time="7800" acceleration="2294"/>
    <motionState vehicle="10" speed="3093" time="7800" acceleration="1374"/>
    <motionState vehicle="11" speed="3216" time="7800" acceleration="-2868"/>
    <motionState vehicle="0" speed="4601" time="7810" acceleration="13636"/>
    <motionState vehicle="1" speed="2407" time="7810" acceleration="-1126"/>
    <motionState vehicle="2" speed="2295" time="7810" acceleration="-393"/>
    <motionState vehicle="3" speed="2261" time="7810" acceleration="388"/>
    <motionState vehicle="4" speed="9273" time="7810" acceleration="-12070"/>
    <motionState vehicle="5" speed="2302" time="7810" acceleration="959"/>
    <motionState vehicle="6" speed="2399" time="7810" acceleration="1260"/>
    <motionState vehicle="7" speed="2525" time="7810" acceleration="1493"/>
    <motionState vehicle="8" speed="2675" time="7810" acceleration="1872"/>
    <motionState vehicle="9" speed="2865" time="7810" acceleration="2286"/>
    <motionState vehicle="10" speed="3094" time="7810" acceleration="1334"/>
    <motionState vehicle="11" speed="3214" time="7810" acceleration="-2900"/>
    <motionState vehicle="0" speed="4615" time="7820" acceleration="13636"/>
    <motionState vehicle="1" speed="2406" time="7820" acceleration="-1119"/>
    <motionState vehicle="2" speed="2295" time="7820" acceleration="-385"/>
    <motionState vehicle="3" speed="2261" time="7820" acceleration="393"/>
    <motionState vehicle="4" speed="9261" time="7820" acceleration="-12151"/>
    <motionState vehicle="5" speed="2303" time="7820" acceleration="962"/>
    <motionState vehicle="6" speed="2400" time="7820" acceleration="1262"/>
    <motionState vehicle="7" speed="2527" time="7820" acceleration="1497"/>
    <motionState vehicle="8" speed="2677" time="7820" acceleration="1876"/>
    <motionState vehicle="9" speed="2867" time="7820" acceleration="2278"/>
    <motionState vehicle="10" speed="3096" time="7820" acceleration="1294"/>
    <motionState vehicle="11" speed="3211" time="7820" acceleration="-2931"/>
    <motionState vehicle="0" speed="4628" time="7830" acceleration="13636"/>
    <motionState vehicle="1" speed="2404" time="7830" acceleration="-1112"/>
    <motionState vehicle="2" speed="2294" time="7830" acceleration="-377"/>
    <motionState vehicle="3" speed="2261" time="7830" acceleration="399"/>
    <motionState vehicle="4" speed="9249" time="7830" acceleration="-12229"/>
    <motionState vehicle="5" speed="2304" time="7830" acceleration="965"/>
    <motionState vehicle="6" speed="2401" time="7830" acceleration="1265"/>
    <motionState vehicle="7" speed="2528" time="7830" acceleration="1501"/>
    <motionState vehicle="8" speed="2679" time="7830" acceleration="1880"/>
    <motionState vehicle="9" speed="2869" time="7830" acceleration="2269"/>
    <motionState vehicle="10" speed="3097" time="7830" acceleration="1255"/>
    <motionState vehicle="11" speed="3208" time="7830" acceleration="-2961"/>
    <motionState vehicle="0" speed="4642" time="7840" acceleration="13636"/>
    <motionState vehicle="1" speed="2403" time="7840" acceleration="-1105"/>
    <motionState vehicle="2" speed="2294" time="7840" acceleration="-370"/>
    <motionState vehicle="3" speed="2262" time="7840" acceleration="404"/>
    <motionState vehicle="4" speed="9236" time="7840" acceleration="-12302"/>
    <motionState vehicle="5" speed="2305" time="7840" acceleration="967"/>
    <motionState vehicle="6" speed="2402" time="7840" acceleration="1267"/>
    <motionState vehicle="7" speed="2530" time="7840" acceleration="1504"/>
    <motionState vehicle="8" speed="2681" time="7840" acceleration="1883"/>
    <motionState vehicle="9" speed="2872" time="7840" acceleration="2260"/>
    <motionState vehicle="10" speed="3098" time="7840" acceleration="1215"/>
    <motionState vehicle="11" speed="3205" time="7840" acceleration="-2990"/>
    <motionState vehicle="0" speed="4656" time="7850" acceleration="13636"/>
    <motionState vehicle="1" speed="2402" time="7850" acceleration="-1099"/>
    <motionState vehicle="2" speed="2294" time="7850" acceleration="-362"/>
    <motionState vehicle="3" speed="2262" time="7850" acceleration="409"/>
    <motionState vehicle="4" speed="9224" time="7850" acceleration="-12373"/>
    <motionState vehicle="5" speed="2306" time="7850" acceleration="970"/>
    <motionState vehicle="6" speed="2404" time="7850" acceleration="1269"/>
    <motionState vehicle="7" speed="2531" time="7850" acceleration="1508"/>
    <motionState vehicle="8" speed="2683" time="7850" acceleration="1887"/>
    <motionState vehicle="9" speed="2874" time="7850" acceleration="2250"/>
    <motionState vehicle="10" speed="3099" time="7850" acceleration="1175"/>
    <motionState vehicle="11" speed="3202" time="7850" acceleration="-3018"/>
    <motionState vehicle="0" speed="4669" time="7860" acceleration="13636"/>
    <motionState vehicle="1" speed="2401" time="7860" acceleration="-1092"/>
    <motionState vehicle="2" speed="2293" time="7860" acceleration="-355"/>
    <motionState vehicle="3" speed="2263" time="7860" acceleration="415"/>
    <motionState vehicle="4" speed="9212" time="7860" acceleration="-12439"/>
    <motionState vehicle="5" speed="2307" time="7860" acceleration="973"/>
    <motionState vehicle="6" speed="2405" time="7860" acceleration="1271"/>
    <motionState vehicle="7" speed="2533" time="7860" acceleration="1511"/>
    <motionState vehicle="8" speed="2685" time="7860" acceleration="1891"/>
    <motionState vehicle="9" speed="2876" time="7860" acceleration="2240"/>
    <motionState vehicle="10" speed="3101" time="7860" acceleration="1136"/>
    <motionState vehicle="11" speed="3199" time="7860" acceleration="-3046"/>
    <motionState vehicle="0" speed="4683" time="7870" acceleration="13636"/>
    <motionState vehicle="1" speed="2400" time="7870" acceleration="-1085"/>
    <motionState vehicle="2" speed="2293" time="7870" acceleration="-348"/>
    <motionState vehicle="3" speed="2263" time="7870" acceleration="420"/>
    <motionState vehicle="4" speed="9199" time="7870" acceleration="-12502"/>
    <motionState vehicle="5" speed="2308" time="7870" acceleration="976"/>
    <motionState vehicle="6" speed="2406" time="7870" acceleration="1273"/>
    <motionState vehicle="7" speed="2534" time="7870" acceleration="1515"/>
    <motionState vehicle="8" speed="2687" time="7870" acceleration="1894"/>
    <motionState vehicle="9" speed="2878" time="7870" acceleration="2230"/>
    <motionState vehicle="10" speed="3102" time="7870" acceleration="1096"/>
    <motionState vehicle="11" speed="3196" time="7870" acceleration="-3073"/>
    <motionState vehicle="0" speed="4696" time="7880" acceleration="13636"/>
    <motionState vehicle="1" speed="2399" time="7880" acceleration="-1078"/>
    <motionState vehicle="2" speed="2293" time="7880" acceleration="-340"/>
    <motionState vehicle="3" speed="2263" time="7880" acceleration="425"/>
    <motionState vehicle="4" speed="9187" time="7880" acceleration="-12561"/>
    <motionState vehicle="5" speed="2309" time="7880" acceleration="979"/>
    <motionState vehicle="6" speed="2408" time="7880" acceleration="1276"/>
    <motionState vehicle="7" speed="2536" time="7880" acceleration="1518"/>
    <motionState vehicle="8" speed="2689" time="7880" acceleration="1897"/>
    <motionState vehicle="9" speed="2881" time="7880" acceleration="2220"/>
    <motionState vehicle="10" speed="3103" time="7880" acceleration="1057"/>
    <motionState vehicle="11" speed="3192" time="7880" acceleration="-3099"/>
    <motionState vehicle="0" speed="4710" time="7890" acceleration="13636"/>
    <motionState vehicle="1" speed="2398" time="7890" acceleration="-1071"/>
    <motionState vehicle="2" speed="2292" time="7890" acceleration="-333"/>
    <motionState vehicle="3" speed="2264" time="7890" acceleration="431"/>
    <motionState vehicle="4" speed="9174" time="7890" acceleration="-12617"/>
    <motionState vehicle="5" speed="2310" time="7890" acceleration="981"/>
    <motionState vehicle="6" speed="2409" time="7890" acceleration="1278"/>
    <motionState vehicle="7" speed="2537" time="7890" acceleration="1522"/>
    <motionState vehicle="8" speed="2691" time="7890" acceleration="1900"/>
    <motionState vehicle="9" speed="2883" time="7890" acceleration="2210"/>
    <motionState vehicle="10" speed="3104" time="7890" acceleration="1018"/>
    <motionState vehicle="11" speed="3189" time="7890" acceleration="-3125"/>
    <motionState vehicle="0" speed="4724" time="7900" acceleration="13636"/>
    <motionState vehicle="1" speed="2397" time="7900" acceleration="-1064"/>
    <motionState vehicle="2" speed="2292" time="7900" acceleration="-325"/>
    <motionState vehicle="3" speed="2264" time="7900" acceleration="436"/>
    <motionState vehicle="4" speed="9161" time="7900" acceleration="-12669"/>
    <motionState vehicle="5" speed="2311" time="7900" acceleration="984"/>
    <motionState vehicle="6" speed="2410" time="7900" acceleration="1280"/>
    <motionState vehicle="7" speed="2539" time="7900" acceleration="1525"/>
    <motionState vehicle="8" speed="2692" time="7900" acceleration="1903"/>
    <motionState vehicle="9" speed="2885" time="7900" acceleration="2199"/>
    <motionState vehicle="10" speed="3105" time="7900" acceleration="979"/>
    <motionState vehicle="11" speed="3186" time="7900" acceleration="-3150"/>
    <motionState vehicle="0" speed="4737" time="7910" acceleration="13636"/>
    <motionState vehicle="1" speed="2396" time="7910" acceleration="-1058"/>
    <motionState vehicle="2" speed="2292" time="7910" acceleration="-318"/>
    <motionState vehicle="3" speed="2265" time="7910" acceleration="441"/>
    <motionState vehicle="4" speed="9148" time="7910" acceleration="-12718"/>
    <motionState vehicle="5" speed="2312" time="7910" acceleration="987"/>
    <motionState vehicle="6" speed="2411" time="7910" acceleration="1283"/>
    <motionState vehicle="7" speed="2540" time="7910" acceleration="1529"/>
    <motionState vehicle="8" speed="2694" time="7910" acceleration="1906"/>
    <motionState vehicle="9" speed="2887" time="7910" acceleration="2188"/>
    <motionState vehicle="10" speed="3106" time="7910" acceleration="940"/>
    <motionState vehicle="11" speed="3183" time="7910" acceleration="-3174"/>
    <motionState vehicle="0" speed="4751" time="7920" acceleration="13636"/>
    <motionState vehicle="1" speed="2395" time="7920" acceleration="-1051"/>
    <motionState vehicle="2" speed="2291" time="7920" acceleration="-311"/>
    <motionState vehicle="3" speed="2265" time="7920" acceleration="446"/>
    <motionState vehicle="4" speed="9136" time="7920" acceleration="-12764"/>
    <motionState vehicle="5" speed="2313" time="7920" acceleration="990"/>
    <motionState vehicle="6" speed="2413" time="7920" acceleration="1285"/>
    <motionState vehicle="7" speed="2542" time="7920" acceleration="1532"/>
    <motionState vehicle="8" speed="2696" time="7920" acceleration="1909"/>
    <motionState vehicle="9" speed="2889" time="7920" acceleration="2176"/>
    <motionState vehicle="10" speed="3107" time="7920" acceleration="901"/>
    <motionState vehicle="11" speed="3180" time="7920" acceleration="-3198"/>
    <motionState vehicle="0" speed="4765" time="7930" acceleration="13636"/>
    <motionState vehicle="1" speed="2394" time="7930" acceleration="-1044"/>
    <motionState vehicle="2" speed="2291" time="7930" acceleration="-303"/>
    <motionState vehicle="3" speed="2266" time="7930" acceleration="452"/>
    <motionState vehicle="4" speed="9123" time="7930" acceleration="-12807"/>
    <motionState vehicle="5" speed="2314" time="7930" acceleration="993"/>
    <motionState vehicle="6" speed="2414" time="7930" acceleration="1287"/>
    <motionState vehicle="7" speed="2543" time="7930" acceleration="1536"/>
    <motionState vehicle="8" speed="2698" time="7930" acceleration="1912"/>
    <motionState vehicle="9" speed="2892" time="7930" acceleration="2165"/>
    <motionState vehicle="10" speed="3107" time="7930" acceleration="862"/>
    <motionState vehicle="11" speed="3177" time="7930" acceleration="-3220"/>
    <motionState vehicle="0" speed="4778" time="7940" acceleration="13636"/>
    <motionState vehicle="1" speed="2393" time="7940" acceleration="-1037"/>
    <motionState vehicle="2" speed="2291" time="7940" acceleration="-296"/>
    <motionState vehicle="3" speed="2266" time="7940" acceleration="457"/>
    <motionState vehicle="4" speed="9110" time="7940" acceleration="-12846"/>
    <motionState vehicle="5" speed="2315" time="7940" acceleration="995"/>
    <motionState vehicle="6" speed="2415" time="7940" acceleration="1290"/>
    <motionState vehicle="7" speed="2545" time="7940" acceleration="1539"/>
    <motionState vehicle="8" speed="2700" time="7940" acceleration="1914"/>
    <motionState vehicle="9" speed="2894" time="7940" acceleration="2153"/>
    <motionState vehicle="10" speed="3108" time="7940" acceleration="823"/>
    <motionState vehicle="11" speed="3173" time="7940" acceleration="-3242"/>
    <motionState vehicle="0" speed="4792" time="7950" acceleration="13636"/>
    <motionState vehicle="1" speed="2392" time="7950" acceleration="-1030"/>
    <motionState vehicle="2" speed="2290" time="7950" acceleration="-289"/>
    <motionState vehicle="3" speed="2266" time="7950" acceleration="462"/>
    <motionState vehicle="4" speed="9097" time="7950" acceleration="-12882"/>
    <motionState vehicle="5" speed="2316" time="7950" acceleration="998"/>
    <motionState vehicle="6" speed="2416" time="7950" acceleration="1292"/>
    <motionState vehicle="7" speed="2547" time="7950" acceleration="1543"/>
    <motionState vehicle="8" speed="2702" time="7950" acceleration="1916"/>
    <motionState vehicle="9" speed="2896" time="7950" acceleration="2141"/>
    <motionState vehicle="10" speed="3109" time="7950" acceleration="785"/>
    <motionState vehicle="11" speed="3170" time="7950" acceleration="-3264"/>
    <motionState vehicle="0" speed="4806" time="7960" acceleration="13636"/>
    <motionState vehicle="1" speed="2391" time="7960" acceleration="-1023"/>
    <motionState vehicle="2" speed="2290" time="7960" acceleration="-281"/>
    <motionState vehicle="3" speed="2267" time="7960" acceleration="467"/>
    <motionState vehicle="4" speed="9084" time="7960" acceleration="-12915"/>
    <motionState vehicle="5" speed="2317" time="7960" acceleration="1001"/>
    <motionState vehicle="6" speed="2418" time="7960" acceleration="1294"/>
    <motionState vehicle="7" speed="2548" time="7960" acceleration="1546"/>
    <motionState vehicle="8" speed="2704" time="7960" acceleration="1919"/>
    <motionState vehicle="9" speed="2898" time="7960" acceleration="2128"/>
    <motionState vehicle="10" speed="3110" time="7960" acceleration="746"/>
    <motionState vehicle="11" speed="3167" time="7960" acceleration="-3285"/>
    <motionState vehicle="0" speed="4819" time="7970" acceleration="13636"/>
    <motionState vehicle="1" speed="2390" time="7970" acceleration="-1016"/>
    <motionState vehicle="2" speed="2290" time="7970" acceleration="-274"/>
    <motionState vehicle="3" speed="2267" time="7970" acceleration="472"/>
    <motionState vehicle="4" speed="9071" time="7970" acceleration="-12946"/>
    <motionState vehicle="5" speed="2318" time="7970" acceleration="1004"/>
    <motionState vehicle="6" speed="2419" time="7970" acceleration="1297"/>
    <motionState vehicle="7" speed="2550" time="7970" acceleration="1550"/>
    <motionState vehicle="8" speed="2706" time="7970" acceleration="1921"/>
    <motionState vehicle="9" speed="2900" time="7970" acceleration="2115"/>
    <motionState vehicle="10" speed="3110" time="7970" acceleration="708"/>
    <motionState vehicle="11" speed="3163" time="7970" acceleration="-3305"/>
    <motionState vehicle="0" speed="4833" time="7980" acceleration="13636"/>
    <motionState vehicle="1" speed="2389" time="7980" acceleration="-1009"/>
    <motionState vehicle="2" speed="2289" time="7980" acceleration="-267"/>
    <motionState vehicle="3" speed="2268" time="7980" acceleration="477"/>
    <motionState vehicle="4" speed="9058" time="7980" acceleration="-12973"/>
    <motionState vehicle="5" speed="2319" time="7980" acceleration="1006"/>
    <motionState vehicle="6" speed="2420" time="7980" acceleration="1299"/>
    <motionState vehicle="7" speed="2551" time="7980" acceleration="1553"/>
    <motionState vehicle="8" speed="2708" time="7980" acceleration="1923"/>
    <motionState vehicle="9" speed="2902" time="7980" acceleration="2103"/>
    <motionState vehicle="10" speed="3111" time="7980" acceleration="670"/>
    <motionState vehicle="11" speed="3160" time="7980" acceleration="-3324"/>
    <motionState vehicle="0" speed="4846" time="7990" acceleration="13636"/>
    <motionState vehicle="1" speed="2388" time="7990" acceleration="-1002"/>
    <motionState vehicle="2" speed="2289" time="7990" acceleration="-259"/>
    <motionState vehicle="3" speed="2268" time="7990" acceleration="482"/>
    <motionState vehicle="4" speed="9045" time="7990" acceleration="-12997"/>
    <motionState vehicle="5" speed="2320" time="7990" acceleration="1009"/>
    <motionState vehicle="6" speed="2422" time="7990" acceleration="1301"/>
    <motionState vehicle="7" speed="2553" time="7990" acceleration="1557"/>
    <motionState vehicle="8" speed="2710" time="7990" acceleration="1925"/>
    <motionState vehicle="9" speed="2904" time="7990" acceleration="2089"/>
    <motionState vehicle="10" speed="3112" time="7990" acceleration="632"/>
    <motionState vehicle="11" speed="3157" time="7990" acceleration="-3343"/>
    <motionState vehicle="0" speed="4860" time="8000" acceleration="13636"/>
    <motionState vehicle="1" speed="2387" time="8000" acceleration="-995"/>
    <motionState vehicle="2" speed="2289" time="8000" acceleration="-252"/>
    <motionState vehicle="3" speed="2269" time="8000" acceleration="487"/>
    <motionState vehicle="4" speed="9032" time="8000" acceleration="-13018"/>
    <motionState vehicle="5" speed="2321" time="8000" acceleration="1012"/>
    <motionState vehicle="6" speed="2423" time="8000" acceleration="1304"/>
    <motionState vehicle="7" speed="2554" time="8000" acceleration="1560"/>
    <motionState vehicle="8" speed="2712" time="8000" acceleration="1926"/>
    <motionState vehicle="9" speed="2906" time="8000" acceleration="2076"/>
    <motionState vehicle="10" speed="3112" time="8000" acceleration="594"/>
    <motionState vehicle="11" speed="3153" time="8000" acceleration="-3361"/>
    <motionState vehicle="0" speed="4874" time="8010" acceleration="13636"/>
    <motionState vehicle="1" speed="2386" time="8010" acceleration="-988"/>
    <motionState vehicle="2" speed="2289" time="8010" acceleration="-245"/>
    <motionState vehicle="3" speed="2269" time="8010" acceleration="492"/>
    <motionState vehicle="4" speed="9019" time="8010" acceleration="-13037"/>
    <motionState vehicle="5" speed="2322" time="8010" acceleration="1015"/>
    <motionState vehicle="6" speed="2424" time="8010" acceleration="1306"/>
    <motionState vehicle="7" speed="2556" time="8010" acceleration="1564"/>
    <motionState vehicle="8" speed="2714" time="8010" acceleration="1928"/>
    <motionState vehicle="9" speed="2908" time="8010" acceleration="2062"/>
    <motionState vehicle="10" speed="3113" time="8010" acceleration="556"/>
    <motionState vehicle="11" speed="3150" time="8010" acceleration="-3379"/>
    <motionState vehicle="0" speed="4887" time="8020" acceleration="13636"/>
    <motionState vehicle="1" speed="2385" time="8020" acceleration="-982"/>
    <motionState vehicle="2" speed="2289" time="8020" acceleration="-238"/>
    <motionState vehicle="3" speed="2270" time="8020" acceleration="497"/>
    <motionState vehicle="4" speed="9006" time="8020" acceleration="-13053"/>
    <motionState vehicle="5" speed="2323" time="8020" acceleration="1017"/>
    <motionState vehicle="6" speed="2426" time="8020" acceleration="1309"/>
    <motionState vehicle="7" speed="2557" time="8020" acceleration="1567"/>
    <motionState vehicle="8" speed="2716" time="8020" acceleration="1929"/>
    <motionState vehicle="9" speed="2910" time="8020" acceleration="2049"/>
    <motionState vehicle="10" speed="3113" time="8020" acceleration="519"/>
    <motionState vehicle="11" speed="3147" time="8020" acceleration="-3396"/>
    <motionState vehicle="0" speed="4901" time="8030" acceleration="13636"/>
    <motionState vehicle="1" speed="2384" time="8030" acceleration="-975"/>
    <motionState vehicle="2" speed="2288" time="8030" acceleration="-231"/>
    <motionState vehicle="3" speed="2270" time="8030" acceleration="502"/>
    <motionState vehicle="4" speed="8993" time="8030" acceleration="-13066"/>
    <motionState vehicle="5" speed="2324" time="8030" acceleration="1020"/>
    <motionState vehicle="6" speed="2427" time="8030" acceleration="1311"/>
    <motionState vehicle="7" speed="2559" time="8030" acceleration="1571"/>
    <motionState vehicle="8" speed="2717" time="8030" acceleration="1931"/>
    <motionState vehicle="9" speed="2912" time="8030" acceleration="2035"/>
    <motionState vehicle="10" speed="3114" time="8030" acceleration="482"/>
    <motionState vehicle="11" speed="3143" time="8030" acceleration="-3413"/>
    <motionState vehicle="0" speed="4915" time="8040" acceleration="13636"/>
    <motionState vehicle="1" speed="2383" time="8040" acceleration="-968"/>
    <motionState vehicle="2" speed="2288" time="8040" acceleration="-224"/>
    <motionState vehicle="3" speed="2271" time="8040" acceleration="507"/>
    <motionState vehicle="4" speed="8980" time="8040" acceleration="-13077"/>
    <motionState vehicle="5" speed="2325" time="8040" acceleration="1023"/>
    <motionState vehicle="6" speed="2428" time="8040" acceleration="1314"/>
    <motionState vehicle="7" speed="2561" time="8040" acceleration="1574"/>
    <motionState vehicle="8" speed="2719" time="8040" acceleration="1932"/>
    <motionState vehicle="9" speed="2914" time="8040" acceleration="2020"/>
    <motionState vehicle="10" speed="3114" time="8040" acceleration="445"/>
    <motionState vehicle="11" speed="3140" time="8040" acceleration="-3428"/>
    <motionState vehicle="0" speed="4928" time="8050" acceleration="13636"/>
    <motionState vehicle="1" speed="2382" time="8050" acceleration="-961"/>
    <motionState vehicle="2" speed="2288" time="8050" acceleration="-216"/>
    <motionState vehicle="3" speed="2271" time="8050" acceleration="512"/>
    <motionState vehicle="4" speed="8967" time="8050" acceleration="-13084"/>
    <motionState vehicle="5" speed="2326" time="8050" acceleration="1026"/>
    <motionState vehicle="6" speed="2430" time="8050" acceleration="1316"/>
    <motionState vehicle="7" speed="2562" time="8050" acceleration="1577"/>
    <motionState vehicle="8" speed="2721" time="8050" acceleration="1933"/>
    <motionState vehicle="9" speed="2916" time="8050" acceleration="2006"/>
    <motionState vehicle="10" speed="3115" time="8050" acceleration="408"/>
    <motionState vehicle="11" speed="3136" time="8050" acceleration="-3444"/>
    <motionState vehicle="0" speed="4942" time="8060" acceleration="13636"/>
    <motionState vehicle="1" speed="2381" time="8060" acceleration="-954"/>
    <motionState vehicle="2" speed="2288" time="8060" acceleration="-209"/>
    <motionState vehicle="3" speed="2272" time="8060" acceleration="517"/>
    <motionState vehicle="4" speed="8954" time="8060" acceleration="-13090"/>
    <motionState vehicle="5" speed="2327" time="8060" acceleration="1029"/>
    <motionState vehicle="6" speed="2431" time="8060" acceleration="1318"/>
    <motionState vehicle="7" speed="2564" time="8060" acceleration="1581"/>
    <motionState vehicle="8" speed="2723" time="8060" acceleration="1933"/>
    <motionState vehicle="9" speed="2918" time="8060" acceleration="1991"/>
    <motionState vehicle="10" speed="3115" time="8060" acceleration="371"/>
    <motionState vehicle="11" speed="3133" time="8060" acceleration="-3458"/>
    <motionState vehicle="0" speed="4956" time="8070" acceleration="13636"/>
    <motionState vehicle="1" speed="2380" time="8070" acceleration="-947"/>
    <motionState vehicle="2" speed="2287" time="8070" acceleration="-202"/>
    <motionState vehicle="3" speed="2272" time="8070" acceleration="522"/>
    <motionState vehicle="4" speed="8941" time="8070" acceleration="-13092"/>
    <motionState vehicle="5" speed="2328" time="8070" acceleration="1031"/>
    <motionState vehicle="6" speed="2432" time="8070" acceleration="1321"/>
    <motionState vehicle="7" speed="2565" time="8070" acceleration="1584"/>
    <motionState vehicle="8" speed="2725" time="8070" acceleration="1934"/>
    <motionState vehicle="9" speed="2920" time="8070" acceleration="1976"/>
    <motionState vehicle="10" speed="3115" time="8070" acceleration="334"/>
    <motionState vehicle="11" speed="3129" time="8070" acceleration="-3473"/>
    <motionState vehicle="0" speed="4969" time="8080" acceleration="13636"/>
    <motionState vehicle="1" speed="2379" time="8080" acceleration="-940"/>
    <motionState vehicle="2" speed="2287" time="8080" acceleration="-195"/>
    <motionState vehicle="3" speed="2273" time="8080" acceleration="527"/>
    <motionState vehicle="4" speed="8928" time="8080" acceleration="-13093"/>
    <motionState vehicle="5" speed="2329" time="8080" acceleration="1034"/>
    <motionState vehicle="6" speed="2434" time="8080" acceleration="1323"/>
    <motionState vehicle="7" speed="2567" time="8080" acceleration="1587"/>
    <motionState vehicle="8" speed="2727" time="8080" acceleration="1935"/>
    <motionState vehicle="9" speed="2922" time="8080" acceleration="1961"/>
    <motionState vehicle="10" speed="3116" time="8080" acceleration="298"/>
    <motionState vehicle="11" speed="3126" time="8080" acceleration="-3486"/>
    <motionState vehicle="0" speed="4983" time="8090" acceleration="13636"/>
    <motionState vehicle="1" speed="2378" time="8090" acceleration="-933"/>
    <motionState vehicle="2" speed="2287" time="8090" acceleration="-188"/>
    <motionState vehicle="3" speed="2273" time="8090" acceleration="532"/>
    <motionState vehicle="4" speed="8915" time="8090" acceleration="-13091"/>
    <motionState vehicle="5" speed="2330" time="8090" acceleration="1037"/>
    <motionState vehicle="6" speed="2435" time="8090" acceleration="1326"/>
    <motionState vehicle="7" speed="2569" time="8090" acceleration="1591"/>
    <motionState vehicle="8" speed="2729" time="8090" acceleration="1935"/>
    <motionState vehicle="9" speed="2924" time="8090" acceleration="1945"/>
    <motionState vehicle="10" speed="3116" time="8090" acceleration="262"/>
    <motionState vehicle="11" speed="3122" time="8090" acceleration="-3499"/>
    <motionState vehicle="0" speed="4996" time="8100" acceleration="13636"/>
    <motionState vehicle="1" speed="2377" time="8100" acceleration="-926"/>
    <motionState vehicle="2" speed="2287" time="8100" acceleration="-181"/>
    <motionState vehicle="3" speed="2274" time="8100" acceleration="537"/>
    <motionState vehicle="4" speed="8902" time="8100" acceleration="-13086"/>
    <motionState vehicle="5" speed="2331" time="8100" acceleration="1040"/>
    <motionState vehicle="6" speed="2436" time="8100" acceleration="1328"/>
    <motionState vehicle="7" speed="2570" time="8100" acceleration="1594"/>
    <motionState vehicle="8" speed="2731" time="8100" acceleration="1935"/>
    <motionState vehicle="9" speed="2926" time="8100" acceleration="1930"/>
    <motionState vehicle="10" speed="3116" time="8100" acceleration="226"/>
    <motionState vehicle="11" speed="3119" time="8100" acceleration="-3512"/>
    <motionState vehicle="0" speed="5010" time="8110" acceleration="13636"/>
    <motionState vehicle="1" speed="2376" time="8110" acceleration="-919"/>
    <motionState vehicle="2" speed="2287" time="8110" acceleration="-174"/>
    <motionState vehicle="3" speed="2275" time="8110" acceleration="542"/>
    <motionState vehicle="4" speed="8888" time="8110" acceleration="-13079"/>
    <motionState vehicle="5" speed="2332" time="8110" acceleration="1042"/>
    <motionState vehicle="6" speed="2437" time="8110" acceleration="1331"/>
    <motionState vehicle="7" speed="2572" time="8110" acceleration="1597"/>
    <motionState vehicle="8" speed="2733" time="8110" acceleration="1935"/>
    <motionState vehicle="9" speed="2928" time="8110" acceleration="1914"/>
    <motionState vehicle="10" speed="3116" time="8110" acceleration="190"/>
    <motionState vehicle="11" speed="3115" time="8110" acceleration="-3524"/>
    <motionState vehicle="0" speed="5024" time="8120" acceleration="13636"/>
    <motionState vehicle="1" speed="2375" time="8120" acceleration="-912"/>
    <motionState vehicle="2" speed="2287" time="8120" acceleration="-167"/>
    <motionState vehicle="3" speed="2275" time="8120" acceleration="547"/>
    <motionState vehicle="4" speed="8875" time="8120" acceleration="-13070"/>
    <motionState vehicle="5" speed="2333" time="8120" acceleration="1045"/>
    <motionState vehicle="6" speed="2439" time="8120" acceleration="1333"/>
    <motionState vehicle="7" speed="2573" time="8120" acceleration="1600"/>
    <motionState vehicle="8" speed="2735" time="8120" acceleration="1935"/>
    <motionState vehicle="9" speed="2930" time="8120" acceleration="1898"/>
    <motionState vehicle="10" speed="3117" time="8120" acceleration="154"/>
    <motionState vehicle="11" speed="3112" time="8120" acceleration="-3535"/>
    <motionState vehicle="0" speed="5037" time="8130" acceleration="13636"/>
    <motionState vehicle="1" speed="2374" time="8130" acceleration="-905"/>
    <motionState vehicle="2" speed="2286" time="8130" acceleration="-160"/>
    <motionState vehicle="3" speed="2276" time="8130" acceleration="551"/>
    <motionState vehicle="4" speed="8862" time="8130" acceleration="-13058"/>
    <motionState vehicle="5" speed="2334" time="8130" acceleration="1048"/>
    <motionState vehicle="6" speed="2440" time="8130" acceleration="1336"/>
    <motionState vehicle="7" speed="2575" time="8130" acceleration="1604"/>
    <motionState vehicle="8" speed="2737" time="8130" acceleration="1935"/>
    <motionState vehicle="9" speed="2932" time="8130" acceleration="1882"/>
    <motionState vehicle="10" speed="3117" time="8130" acceleration="119"/>
    <motionState vehicle="11" speed="3108" time="8130" acceleration="-3546"/>
    <motionState vehicle="0" speed="5051" time="8140" acceleration="13636"/>
    <motionState vehicle="1" speed="2373" time="8140" acceleration="-898"/>
    <motionState vehicle="2" speed="2286" time="8140" acceleration="-153"/>
    <motionState vehicle="3" speed="2276" time="8140" acceleration="556"/>
    <motionState vehicle="4" speed="8849" time="8140" acceleration="-13045"/>
    <motionState vehicle="5" speed="2335" time="8140" acceleration="1051"/>
    <motionState vehicle="6" speed="2442" time="8140" acceleration="1339"/>
    <motionState vehicle="7" speed="2577" time="8140" acceleration="1607"/>
    <motionState vehicle="8" speed="2739" time="8140" acceleration="1935"/>
    <motionState vehicle="9" speed="2934" time="8140" acceleration="1866"/>
    <motionState vehicle="10" speed="3117" time="8140" acceleration="84"/>
    <motionState vehicle="11" speed="3105" time="8140" acceleration="-3557"/>
    <motionState vehicle="0" speed="5065" time="8150" acceleration="13636"/>
    <motionState vehicle="1" speed="2372" time="8150" acceleration="-891"/>
    <motionState vehicle="2" speed="2286" time="8150" acceleration="-146"/>
    <motionState vehicle="3" speed="2277" time="8150" acceleration="561"/>
    <motionState vehicle="4" speed="8836" time="8150" acceleration="-13029"/>
    <motionState vehicle="5" speed="2336" time="8150" acceleration="1053"/>
    <motionState vehicle="6" speed="2443" time="8150" acceleration="1341"/>
    <motionState vehicle="7" speed="2578" time="8150" acceleration="1610"/>
    <motionState vehicle="8" speed="2741" time="8150" acceleration="1934"/>
    <motionState vehicle="9" speed="2936" time="8150" acceleration="1849"/>
    <motionState vehicle="10" speed="3117" time="8150" acceleration="49"/>
    <motionState vehicle="11" speed="3101" time="8150" acceleration="-3567"/>
    <motionState vehicle="0" speed="5078" time="8160" acceleration="13636"/>
    <motionState vehicle="1" speed="2372" time="8160" acceleration="-884"/>
    <motionState vehicle="2" speed="2286" time="8160" acceleration="-139"/>
    <motionState vehicle="3" speed="2277" time="8160" acceleration="566"/>
    <motionState vehicle="4" speed="8823" time="8160" acceleration="-13011"/>
    <motionState vehicle="5" speed="2337" time="8160" acceleration="1056"/>
    <motionState vehicle="6" speed="2444" time="8160" acceleration="1344"/>
    <motionState vehicle="7" speed="2580" time="8160" acceleration="1613"/>
    <motionState vehicle="8" speed="2743" time="8160" acceleration="1934"/>
    <motionState vehicle="9" speed="2938" time="8160" acceleration="1832"/>
    <motionState vehicle="10" speed="3117" time="8160" acceleration="14"/>
    <motionState vehicle="11" speed="3098" time="8160" acceleration="-3576"/>
    <motionState vehicle="0" speed="5092" time="8170" acceleration="13636"/>
    <motionState vehicle="1" speed="2371" time="8170" acceleration="-877"/>
    <motionState vehicle="2" speed="2286" time="8170" acceleration="-132"/>
    <motionState vehicle="3" speed="2278" time="8170" acceleration="570"/>
    <motionState vehicle="4" speed="8810" time="8170" acceleration="-12991"/>
    <motionState vehicle="5" speed="2338" time="8170" acceleration="1059"/>
    <motionState vehicle="6" speed="2446" time="8170" acceleration="1346"/>
    <motionState vehicle="7" speed="2581" time="8170" acceleration="1616"/>
    <motionState vehicle="8" speed="2745" time="8170" acceleration="1933"/>
    <motionState vehicle="9" speed="2939" time="8170" acceleration="1816"/>
    <motionState vehicle="10" speed="3117" time="8170" acceleration="-19"/>
    <motionState vehicle="11" speed="3094" time="8170" acceleration="-3585"/>
    <motionState vehicle="0" speed="5106" time="8180" acceleration="13636"/>
    <motionState vehicle="1" speed="2370" time="8180" acceleration="-870"/>
    <motionState vehicle="2" speed="2286" time="8180" acceleration="-125"/>
    <motionState vehicle="3" speed="2278" time="8180" acceleration="575"/>
    <motionState vehicle="4" speed="8797" time="8180" acceleration="-12969"/>
    <motionState vehicle="5" speed="2339" time="8180" acceleration="1062"/>
    <motionState vehicle="6" speed="2447" time="8180" acceleration="1349"/>
    <motionState vehicle="7" speed="2583" time="8180" acceleration="1619"/>
    <motionState vehicle="8" speed="2746" time="8180" acceleration="1932"/>
    <motionState vehicle="9" speed="2941" time="8180" acceleration="1799"/>
    <motionState vehicle="10" speed="3117" time="8180" acceleration="-54"/>
    <motionState vehicle="11" speed="3090" time="8180" acceleration="-3594"/>
    <motionState vehicle="0" speed="5119" time="8190" acceleration="13636"/>
    <motionState vehicle="1" speed="2369" time="8190" acceleration="-863"/>
    <motionState vehicle="2" speed="2286" time="8190" acceleration="-118"/>
    <motionState vehicle="3" speed="2279" time="8190" acceleration="580"/>
    <motionState vehicle="4" speed="8784" time="8190" acceleration="-12944"/>
    <motionState vehicle="5" speed="2340" time="8190" acceleration="1064"/>
    <motionState vehicle="6" speed="2448" time="8190" acceleration="1351"/>
    <motionState vehicle="7" speed="2585" time="8190" acceleration="1622"/>
    <motionState vehicle="8" speed="2748" time="8190" acceleration="1931"/>
    <motionState vehicle="9" speed="2943" time="8190" acceleration="1781"/>
    <motionState vehicle="10" speed="3117" time="8190" acceleration="-88"/>
    <motionState vehicle="11" speed="3087" time="8190" acceleration="-3602"/>
    <motionState vehicle="0" speed="5133" time="8200" acceleration="13636"/>
    <motionState vehicle="1" speed="2368" time="8200" acceleration="-856"/>
    <motionState vehicle="2" speed="2285" time="8200" acceleration="-112"/>
    <motionState vehicle="3" speed="2280" time="8200" acceleration="585"/>
    <motionState vehicle="4" speed="8771" time="8200" acceleration="-12918"/>
    <motionState vehicle="5" speed="2341" time="8200" acceleration="1067"/>
    <motionState vehicle="6" speed="2450" time="8200" acceleration="1354"/>
    <motionState vehicle="7" speed="2586" time="8200" acceleration="1625"/>
    <motionState vehicle="8" speed="2750" time="8200" acceleration="1930"/>
    <motionState vehicle="9" speed="2945" time="8200" acceleration="1764"/>
    <motionState vehicle="10" speed="3117" time="8200" acceleration="-122"/>
    <motionState vehicle="11" speed="3083" time="8200" acceleration="-3609"/>
    <motionState vehicle="0" speed="5146" time="8210" acceleration="13636"/>
    <motionState vehicle="1" speed="2367" time="8210" acceleration="-849"/>
    <motionState vehicle="2" speed="2285" time="8210" acceleration="-105"/>
    <motionState vehicle="3" speed="2280" time="8210" acceleration="589"/>
    <motionState vehicle="4" speed="8759" time="8210" acceleration="-12890"/>
    <motionState vehicle="5" speed="2342" time="8210" acceleration="1070"/>
    <motionState vehicle="6" speed="2451" time="8210" acceleration="1356"/>
    <motionState vehicle="7" speed="2588" time="8210" acceleration="1628"/>
    <motionState vehicle="8" speed="2752" time="8210" acceleration="1928"/>
    <motionState vehicle="9" speed="2946" time="8210" acceleration="1746"/>
    <motionState vehicle="10" speed="3116" time="8210" acceleration="-155"/>
    <motionState vehicle="11" speed="3080" time="8210" acceleration="-3617"/>
    <motionState vehicle="0" speed="5160" time="8220" acceleration="13636"/>
    <motionState vehicle="1" speed="2366" time="8220" acceleration="-841"/>
    <motionState vehicle="2" speed="2285" time="8220" acceleration="-98"/>
    <motionState vehicle="3" speed="2281" time="8220" acceleration="594"/>
    <motionState vehicle="4" speed="8746" time="8220" acceleration="-12860"/>
    <motionState vehicle="5" speed="2344" time="8220" acceleration="1073"/>
    <motionState vehicle="6" speed="2452" time="8220" acceleration="1359"/>
    <motionState vehicle="7" speed="2589" time="8220" acceleration="1631"/>
    <motionState vehicle="8" speed="2754" time="8220" acceleration="1927"/>
    <motionState vehicle="9" speed="2948" time="8220" acceleration="1729"/>
    <motionState vehicle="10" speed="3116" time="8220" acceleration="-189"/>
    <motionState vehicle="11" speed="3076" time="8220" acceleration="-3623"/>
    <motionState vehicle="0" speed="5174" time="8230" acceleration="13636"/>
    <motionState vehicle="1" speed="2366" time="8230" acceleration="-834"/>
    <motionState vehicle="2" speed="2285" time="8230" acceleration="-91"/>
    <motionState vehicle="3" speed="2281" time="8230" acceleration="599"/>
    <motionState vehicle="4" speed="8733" time="8230" acceleration="-12828"/>
    <motionState vehicle="5" speed="2345" time="8230" acceleration="1075"/>
    <motionState vehicle="6" speed="2454" time="8230" acceleration="1362"/>
    <motionState vehicle="7" speed="2591" time="8230" acceleration="1634"/>
    <motionState vehicle="8" speed="2756" time="8230" acceleration="1925"/>
    <motionState vehicle="9" speed="2950" time="8230" acceleration="1711"/>
    <motionState vehicle="10" speed="3116" time="8230" acceleration="-222"/>
    <motionState vehicle="11" speed="3072" time="8230" acceleration="-3630"/>
    <motionState vehicle="0" speed="5187" time="8240" acceleration="13636"/>
    <motionState vehicle="1" speed="2365" time="8240" acceleration="-827"/>
    <motionState vehicle="2" speed="2285" time="8240" acceleration="-84"/>
    <motionState vehicle="3" speed="2282" time="8240" acceleration="603"/>
    <motionState vehicle="4" speed="8720" time="8240" acceleration="-12795"/>
    <motionState vehicle="5" speed="2346" time="8240" acceleration="1078"/>
    <motionState vehicle="6" speed="2455" time="8240" acceleration="1364"/>
    <motionState vehicle="7" speed="2593" time="8240" acceleration="1636"/>
    <motionState vehicle="8" speed="2758" time="8240" acceleration="1923"/>
    <motionState vehicle="9" speed="2952" time="8240" acceleration="1693"/>
    <motionState vehicle="10" speed="3116" time="8240" acceleration="-255"/>
    <motionState vehicle="11" speed="3069" time="8240" acceleration="-3635"/>
    <motionState vehicle="0" speed="5201" time="8250" acceleration="13636"/>
    <motionState vehicle="1" speed="2364" time="8250" acceleration="-820"/>
    <motionState vehicle="2" speed="2285" time="8250" acceleration="-78"/>
    <motionState vehicle="3" speed="2283" time="8250" acceleration="608"/>
    <motionState vehicle="4" speed="8707" time="8250" acceleration="-12759"/>
    <motionState vehicle="5" speed="2347" time="8250" acceleration="1081"/>
    <motionState vehicle="6" speed="2456" time="8250" acceleration="1367"/>
    <motionState vehicle="7" speed="2594" time="8250" acceleration="1639"/>
    <motionState vehicle="8" speed="2760" time="8250" acceleration="1921"/>
    <motionState vehicle="9" speed="2953" time="8250" acceleration="1675"/>
    <motionState vehicle="10" speed="3115" time="8250" acceleration="-287"/>
    <motionState vehicle="11" speed="3065" time="8250" acceleration="-3641"/>
    <motionState vehicle="0" speed="5215" time="8260" acceleration="13636"/>
    <motionState vehicle="1" speed="2363" time="8260" acceleration="-813"/>
    <motionState vehicle="2" speed="2285" time="8260" acceleration="-71"/>
    <motionState vehicle="3" speed="2283" time="8260" acceleration="612"/>
    <motionState vehicle="4" speed="8695" time="8260" acceleration="-12722"/>
    <motionState vehicle="5" speed="2348" time="8260" acceleration="1083"/>
    <motionState vehicle="6" speed="2458" time="8260" acceleration="1369"/>
    <motionState vehicle="7" speed="2596" time="8260" acceleration="1642"/>
    <motionState vehicle="8" speed="2762" time="8260" acceleration="1919"/>
    <motionState vehicle="9" speed="2955" time="8260" acceleration="1656"/>
    <motionState vehicle="10" speed="3115" time="8260" acceleration="-320"/>
    <motionState vehicle="11" speed="3061" time="8260" acceleration="-3646"/>
    <motionState vehicle="0" speed="5228" time="8270" acceleration="13636"/>
    <motionState vehicle="1" speed="2362" time="8270" acceleration="-806"/>
    <motionState vehicle="2" speed="2285" time="8270" acceleration="-64"/>
    <motionState vehicle="3" speed="2284" time="8270" acceleration="617"/>
    <motionState vehicle="4" speed="8682" time="8270" acceleration="-12683"/>
    <motionState vehicle="5" speed="2349" time="8270" acceleration="1086"/>
    <motionState vehicle="6" speed="2459" time="8270" acceleration="1372"/>
    <motionState vehicle="7" speed="2598" time="8270" acceleration="1645"/>
    <motionState vehicle="8" speed="2764" time="8270" acceleration="1917"/>
    <motionState vehicle="9" speed="2957" time="8270" acceleration="1638"/>
    <motionState vehicle="10" speed="3115" time="8270" acceleration="-352"/>
    <motionState vehicle="11" speed="3058" time="8270" acceleration="-3650"/>
    <motionState vehicle="0" speed="5242" time="8280" acceleration="13636"/>
    <motionState vehicle="1" speed="2362" time="8280" acceleration="-799"/>
    <motionState vehicle="2" speed="2285" time="8280" acceleration="-57"/>
    <motionState vehicle="3" speed="2285" time="8280" acceleration="622"/>
    <motionState vehicle="4" speed="8669" time="8280" acceleration="-12643"/>
    <motionState vehicle="5" speed="2350" time="8280" acceleration="1089"/>
    <motionState vehicle="6" speed="2461" time="8280" acceleration="1375"/>
    <motionState vehicle="7" speed="2599" time="8280" acceleration="1647"/>
    <motionState vehicle="8" speed="2766" time="8280" acceleration="1915"/>
    <motionState vehicle="9" speed="2958" time="8280" acceleration="1619"/>
    <motionState vehicle="10" speed="3114" time="8280" acceleration="-384"/>
    <motionState vehicle="11" speed="3054" time="8280" acceleration="-3655"/>
    <motionState vehicle="0" speed="5256" time="8290" acceleration="13636"/>
    <motionState vehicle="1" speed="2361" time="8290" acceleration="-792"/>
    <motionState vehicle="2" speed="2285" time="8290" acceleration="-51"/>
    <motionState vehicle="3" speed="2285" time="8290" acceleration="626"/>
    <motionState vehicle="4" speed="8657" time="8290" acceleration="-12600"/>
    <motionState vehicle="5" speed="2351" time="8290" acceleration="1092"/>
    <motionState vehicle="6" speed="2462" time="8290" acceleration="1377"/>
    <motionState vehicle="7" speed="2601" time="8290" acceleration="1650"/>
    <motionState vehicle="8" speed="2768" time="8290" acceleration="1912"/>
    <motionState vehicle="9" speed="2960" time="8290" acceleration="1600"/>
    <motionState vehicle="10" speed="3114" time="8290" acceleration="-416"/>
    <motionState vehicle="11" speed="3050" time="8290" acceleration="-3658"/>
    <motionState vehicle="0" speed="5269" time="8300" acceleration="13636"/>
    <motionState vehicle="1" speed="2360" time="8300" acceleration="-785"/>
    <motionState vehicle="2" speed="2285" time="8300" acceleration="-44"/>
    <motionState vehicle="3" speed="2286" time="8300" acceleration="631"/>
    <motionState vehicle="4" speed="8644" time="8300" acceleration="-12556"/>
    <motionState vehicle="5" speed="2352" time="8300" acceleration="1094"/>
    <motionState vehicle="6" speed="2463" time="8300" acceleration="1380"/>
    <motionState vehicle="7" speed="2603" time="8300" acceleration="1652"/>
    <motionState vehicle="8" speed="2770" time="8300" acceleration="1909"/>
    <motionState vehicle="9" speed="2961" time="8300" acceleration="1582"/>
    <motionState vehicle="10" speed="3114" time="8300" acceleration="-447"/>
    <motionState vehicle="11" speed="3047" time="8300" acceleration="-3662"/>
    <motionState vehicle="0" speed="5283" time="8310" acceleration="13636"/>
    <motionState vehicle="1" speed="2359" time="8310" acceleration="-778"/>
    <motionState vehicle="2" speed="2285" time="8310" acceleration="-37"/>
    <motionState vehicle="3" speed="2286" time="8310" acceleration="635"/>
    <motionState vehicle="4" speed="8632" time="8310" acceleration="-12511"/>
    <motionState vehicle="5" speed="2353" time="8310" acceleration="1097"/>
    <motionState vehicle="6" speed="2465" time="8310" acceleration="1382"/>
    <motionState vehicle="7" speed="2604" time="8310" acceleration="1655"/>
    <motionState vehicle="8" speed="2771" time="8310" acceleration="1906"/>
    <motionState vehicle="9" speed="2963" time="8310" acceleration="1563"/>
    <motionState vehicle="10" speed="3113" time="8310" acceleration="-478"/>
    <motionState vehicle="11" speed="3043" time="8310" acceleration="-3665"/>
    <motionState vehicle="0" speed="5296" time="8320" acceleration="13636"/>
    <motionState vehicle="1" speed="2358" time="8320" acceleration="-771"/>
    <motionState vehicle="2" speed="2285" time="8320" acceleration="-31"/>
    <motionState vehicle="3" speed="2287" time="8320" acceleration="640"/>
    <motionState vehicle="4" speed="8619" time="8320" acceleration="-12464"/>
    <motionState vehicle="5" speed="2354" time="8320" acceleration="1100"/>
    <motionState vehicle="6" speed="2466" time="8320" acceleration="1385"/>
    <motionState vehicle="7" speed="2606" time="8320" acceleration="1657"/>
    <motionState vehicle="8" speed="2773" time="8320" acceleration="1903"/>
    <motionState vehicle="9" speed="2964" time="8320" acceleration="1543"/>
    <motionState vehicle="10" speed="3113" time="8320" acceleration="-509"/>
    <motionState vehicle="11" speed="3039" time="8320" acceleration="-3667"/>
    <motionState vehicle="0" speed="5310" time="8330" acceleration="13636"/>
    <motionState vehicle="1" speed="2358" time="8330" acceleration="-764"/>
    <motionState vehicle="2" speed="2285" time="8330" acceleration="-24"/>
    <motionState vehicle="3" speed="2288" time="8330" acceleration="644"/>
    <motionState vehicle="4" speed="8607" time="8330" acceleration="-12415"/>
    <motionState vehicle="5" speed="2355" time="8330" acceleration="1103"/>
    <motionState vehicle="6" speed="2467" time="8330" acceleration="1388"/>
    <motionState vehicle="7" speed="2608" time="8330" acceleration="1660"/>
    <motionState vehicle="8" speed="2775" time="8330" acceleration="1900"/>
    <motionState vehicle="9" speed="2966" time="8330" acceleration="1524"/>
    <motionState vehicle="10" speed="3112" time="8330" acceleration="-540"/>
    <motionState vehicle="11" speed="3036" time="8330" acceleration="-3670"/>
    <motionState vehicle="0" speed="5324" time="8340" acceleration="13636"/>
    <motionState vehicle="1" speed="2357" time="8340" acceleration="-757"/>
    <motionState vehicle="2" speed="2285" time="8340" acceleration="-18"/>
    <motionState vehicle="3" speed="2288" time="8340" acceleration="649"/>
    <motionState vehicle="4" speed="8594" time="8340" acceleration="-12365"/>
    <motionState vehicle="5" speed="2357" time="8340" acceleration="1105"/>
    <motionState vehicle="6" speed="2469" time="8340" acceleration="1390"/>
    <motionState vehicle="7" speed="2609" time="8340" acceleration="1662"/>
    <motionState vehicle="8" speed="2777" time="8340" acceleration="1897"/>
    <motionState vehicle="9" speed="2967" time="8340" acceleration="1505"/>
    <motionState vehicle="10" speed="3111" time="8340" acceleration="-571"/>
    <motionState vehicle="11" speed="3032" time="8340" acceleration="-3671"/>
    <motionState vehicle="0" speed="5337" time="8350" acceleration="13636"/>
    <motionState vehicle="1" speed="2356" time="8350" acceleration="-750"/>
    <motionState vehicle="2" speed="2285" time="8350" acceleration="-11"/>
    <motionState vehicle="3" speed="2289" time="8350" acceleration="653"/>
    <motionState vehicle="4" speed="8582" time="8350" acceleration="-12314"/>
    <motionState vehicle="5" speed="2358" time="8350" acceleration="1108"/>
    <motionState vehicle="6" speed="2470" time="8350" acceleration="1393"/>
    <motionState vehicle="7" speed="2611" time="8350" acceleration="1664"/>
    <motionState vehicle="8" speed="2779" time="8350" acceleration="1893"/>
    <motionState vehicle="9" speed="2969" time="8350" acceleration="1485"/>
    <motionState vehicle="10" speed="3111" time="8350" acceleration="-601"/>
    <motionState vehicle="11" speed="3028" time="8350" acceleration="-3673"/>
    <motionState vehicle="0" speed="5351" time="8360" acceleration="13636"/>
    <motionState vehicle="1" speed="2355" time="8360" acceleration="-743"/>
    <motionState vehicle="2" speed="2285" time="8360" acceleration="-4"/>
    <motionState vehicle="3" speed="2290" time="8360" acceleration="658"/>
    <motionState vehicle="4" speed="8570" time="8360" acceleration="-12261"/>
    <motionState vehicle="5" speed="2359" time="8360" acceleration="1111"/>
    <motionState vehicle="6" speed="2472" time="8360" acceleration="1395"/>
    <motionState vehicle="7" speed="2613" time="8360" acceleration="1666"/>
    <motionState vehicle="8" speed="2781" time="8360" acceleration="1890"/>
    <motionState vehicle="9" speed="2970" time="8360" acceleration="1466"/>
    <motionState vehicle="10" speed="3110" time="8360" acceleration="-631"/>
    <motionState vehicle="11" speed="3025" time="8360" acceleration="-3674"/>
    <motionState vehicle="0" speed="5365" time="8370" acceleration="13636"/>
    <motionState vehicle="1" speed="2355" time="8370" acceleration="-736"/>
    <motionState vehicle="2" speed="2285" time="8370" acceleration="1"/>
    <motionState vehicle="3" speed="2290" time="8370" acceleration="662"/>
    <motionState vehicle="4" speed="8558" time="8370" acceleration="-12207"/>
    <motionState vehicle="5" speed="2360" time="8370" acceleration="1114"/>
    <motionState vehicle="6" speed="2473" time="8370" acceleration="1398"/>
    <motionState vehicle="7" speed="2614" time="8370" acceleration="1669"/>
    <motionState vehicle="8" speed="2783" time="8370" acceleration="1886"/>
    <motionState vehicle="9" speed="2972" time="8370" acceleration="1446"/>
    <motionState vehicle="10" speed="3110" time="8370" acceleration="-660"/>
    <motionState vehicle="11" speed="3021" time="8370" acceleration="-3675"/>
    <motionState vehicle="0" speed="5378" time="8380" acceleration="13636"/>
    <motionState vehicle="1" speed="2354" time="8380" acceleration="-729"/>
    <motionState vehicle="2" speed="2285" time="8380" acceleration="8"/>
    <motionState vehicle="3" speed="2291" time="8380" acceleration="666"/>
    <motionState vehicle="4" speed="8545" time="8380" acceleration="-12151"/>
    <motionState vehicle="5" speed="2361" time="8380" acceleration="1116"/>
    <motionState vehicle="6" speed="2474" time="8380" acceleration="1401"/>
    <motionState vehicle="7" speed="2616" time="8380" acceleration="1671"/>
    <motionState vehicle="8" speed="2785" time="8380" acceleration="1882"/>
    <motionState vehicle="9" speed="2973" time="8380" acceleration="1426"/>
    <motionState vehicle="10" speed="3109" time="8380" acceleration="-690"/>
    <motionState vehicle="11" speed="3017" time="8380" acceleration="-3675"/>
    <motionState vehicle="0" speed="5392" time="8390" acceleration="13636"/>
    <motionState vehicle="1" speed="2353" time="8390" acceleration="-722"/>
    <motionState vehicle="2" speed="2285" time="8390" acceleration="14"/>
    <motionState vehicle="3" speed="2292" time="8390" acceleration="671"/>
    <motionState vehicle="4" speed="8533" time="8390" acceleration="-12094"/>
    <motionState vehicle="5" speed="2362" time="8390" acceleration="1119"/>
    <motionState vehicle="6" speed="2476" time="8390" acceleration="1403"/>
    <motionState vehicle="7" speed="2618" time="8390" acceleration="1673"/>
    <motionState vehicle="8" speed="2787" time="8390" acceleration="1878"/>
    <motionState vehicle="9" speed="2975" time="8390" acceleration="1406"/>
    <motionState vehicle="10" speed="3108" time="8390" acceleration="-719"/>
    <motionState vehicle="11" speed="3014" time="8390" acceleration="-3675"/>
    <motionState vehicle="0" speed="5406" time="8400" acceleration="13636"/>
    <motionState vehicle="1" speed="2352" time="8400" acceleration="-715"/>
    <motionState vehicle="2" speed="2285" time="8400" acceleration="21"/>
    <motionState vehicle="3" speed="2292" time="8400" acceleration="675"/>
    <motionState vehicle="4" speed="8521" time="8400" acceleration="-12036"/>
    <motionState vehicle="5" speed="2363" time="8400" acceleration="1122"/>
    <motionState vehicle="6" speed="2477" time="8400" acceleration="1406"/>
    <motionState vehicle="7" speed="2619" time="8400" acceleration="1675"/>
    <motionState vehicle="8" speed="2788" time="8400" acceleration="1873"/>
    <motionState vehicle="9" speed="2976" time="8400" acceleration="1386"/>
    <motionState vehicle="10" speed="3107" time="8400" acceleration="-748"/>
    <motionState vehicle="11" speed="3010" time="8400" acceleration="-3675"/>
    <motionState vehicle="0" speed="5419" time="8410" acceleration="13636"/>
    <motionState vehicle="1" speed="2352" time="8410" acceleration="-708"/>
    <motionState vehicle="2" speed="2285" time="8410" acceleration="27"/>
    <motionState vehicle="3" speed="2293" time="8410" acceleration="680"/>
    <motionState vehicle="4" speed="8509" time="8410" acceleration="-11976"/>
    <motionState vehicle="5" speed="2364" time="8410" acceleration="1125"/>
    <motionState vehicle="6" speed="2479" time="8410" acceleration="1408"/>
    <motionState vehicle="7" speed="2621" time="8410" acceleration="1677"/>
    <motionState vehicle="8" speed="2790" time="8410" acceleration="1869"/>
    <motionState vehicle="9" speed="2977" time="8410" acceleration="1366"/>
    <motionState vehicle="10" speed="3107" time="8410" acceleration="-777"/>
    <motionState vehicle="11" speed="3006" time="8410" acceleration="-3675"/>
    <motionState vehicle="0" speed="5433" time="8420" acceleration="13636"/>
    <motionState vehicle="1" speed="2351" time="8420" acceleration="-701"/>
    <motionState vehicle="2" speed="2285" time="8420" acceleration="34"/>
    <motionState vehicle="3" speed="2294" time="8420" acceleration="684"/>
    <motionState vehicle="4" speed="8497" time="8420" acceleration="-11915"/>
    <motionState vehicle="5" speed="2366" time="8420" acceleration="1127"/>
    <motionState vehicle="6" speed="2480" time="8420" acceleration="1411"/>
    <motionState vehicle="7" speed="2623" time="8420" acceleration="1679"/>
    <motionState vehicle="8" speed="2792" time="8420" acceleration="1865"/>
    <motionState vehicle="9" speed="2979" time="8420" acceleration="1346"/>
    <motionState vehicle="10" speed="3106" time="8420" acceleration="-805"/>
    <motionState vehicle="11" speed="3003" time="8420" acceleration="-3674"/>
    <motionState vehicle="0" speed="5446" time="8430" acceleration="13636"/>
    <motionState vehicle="1" speed="2350" time="8430" acceleration="-694"/>
    <motionState vehicle="2" speed="2285" time="8430" acceleration="40"/>
    <motionState vehicle="3" speed="2294" time="8430" acceleration="688"/>
    <motionState vehicle="4" speed="8486" time="8430" acceleration="-11853"/>
    <motionState vehicle="5" speed="2367" time="8430" acceleration="1130"/>
    <motionState vehicle="6" speed="2481" time="8430" acceleration="1413"/>
    <motionState vehicle="7" speed="2624" time="8430" acceleration="1681"/>
    <motionState vehicle="8" speed="2794" time="8430" acceleration="1860"/>
    <motionState vehicle="9" speed="2980" time="8430" acceleration="1326"/>
    <motionState vehicle="10" speed="3105" time="8430" acceleration="-833"/>
    <motionState vehicle="11" speed="2999" time="8430" acceleration="-3673"/>
    <motionState vehicle="0" speed="5460" time="8440" acceleration="13636"/>
    <motionState vehicle="1" speed="2350" time="8440" acceleration="-687"/>
    <motionState vehicle="2" speed="2285" time="8440" acceleration="46"/>
    <motionState vehicle="3" speed="2295" time="8440" acceleration="693"/>
    <motionState vehicle="4" speed="8474" time="8440" acceleration="-11790"/>
    <motionState vehicle="5" speed="2368" time="8440" acceleration="1133"/>
    <motionState vehicle="6" speed="2483" time="8440" acceleration="1416"/>
    <motionState vehicle="7" speed="2626" time="8440" acceleration="1682"/>
    <motionState vehicle="8" speed="2796" time="8440" acceleration="1855"/>
    <motionState vehicle="9" speed="2981" time="8440" acceleration="1306"/>
    <motionState vehicle="10" speed="3104" time="8440" acceleration="-861"/>
    <motionState vehicle="11" speed="2995" time="8440" acceleration="-3671"/>
    <motionState vehicle="0" speed="5474" time="8450" acceleration="13636"/>
    <motionState vehicle="1" speed="2349" time="8450" acceleration="-680"/>
    <motionState vehicle="2" speed="2285" time="8450" acceleration="53"/>
    <motionState vehicle="3" speed="2296" time="8450" acceleration="697"/>
    <motionState vehicle="4" speed="8462" time="8450" acceleration="-11726"/>
    <motionState vehicle="5" speed="2369" time="8450" acceleration="1136"/>
    <motionState vehicle="6" speed="2484" time="8450" acceleration="1419"/>
    <motionState vehicle="7" speed="2628" time="8450" acceleration="1684"/>
    <motionState vehicle="8" speed="2798" time="8450" acceleration="1850"/>
    <motionState vehicle="9" speed="2983" time="8450" acceleration="1285"/>
    <motionState vehicle="10" speed="3103" time="8450" acceleration="-889"/>
    <motionState vehicle="11" speed="2992" time="8450" acceleration="-3669"/>
    <motionState vehicle="0" speed="5487" time="8460" acceleration="13636"/>
    <motionState vehicle="1" speed="2348" time="8460" acceleration="-673"/>
    <motionState vehicle="2" speed="2285" time="8460" acceleration="59"/>
    <motionState vehicle="3" speed="2296" time="8460" acceleration="701"/>
    <motionState vehicle="4" speed="8450" time="8460" acceleration="-11660"/>
    <motionState vehicle="5" speed="2370" time="8460" acceleration="1138"/>
    <motionState vehicle="6" speed="2486" time="8460" acceleration="1421"/>
    <motionState vehicle="7" speed="2629" time="8460" acceleration="1686"/>
    <motionState vehicle="8" speed="2800" time="8460" acceleration="1845"/>
    <motionState vehicle="9" speed="2984" time="8460" acceleration="1265"/>
    <motionState vehicle="10" speed="3102" time="8460" acceleration="-916"/>
    <motionState vehicle="11" speed="2988" time="8460" acceleration="-3667"/>
    <motionState vehicle="0" speed="5501" time="8470" acceleration="13636"/>
    <motionState vehicle="1" speed="2348" time="8470" acceleration="-666"/>
    <motionState vehicle="2" speed="2285" time="8470" acceleration="66"/>
    <motionState vehicle="3" speed="2297" time="8470" acceleration="706"/>
    <motionState vehicle="4" speed="8439" time="8470" acceleration="-11594"/>
    <motionState vehicle="5" speed="2371" time="8470" acceleration="1141"/>
    <motionState vehicle="6" speed="2487" time="8470" acceleration="1424"/>
    <motionState vehicle="7" speed="2631" time="8470" acceleration="1687"/>
    <motionState vehicle="8" speed="2801" time="8470" acceleration="1840"/>
    <motionState vehicle="9" speed="2985" time="8470" acceleration="1244"/>
    <motionState vehicle="10" speed="3101" time="8470" acceleration="-943"/>
    <motionState vehicle="11" speed="2984" time="8470" acceleration="-3665"/>
    <motionState vehicle="0" speed="5515" time="8480" acceleration="13636"/>
    <motionState vehicle="1" speed="2347" time="8480" acceleration="-659"/>
    <motionState vehicle="2" speed="2285" time="8480" acceleration="72"/>
    <motionState vehicle="3" speed="2298" time="8480" acceleration="710"/>
    <motionState vehicle="4" speed="8427" time="8480" acceleration="-11526"/>
    <motionState vehicle="5" speed="2372" time="8480" acceleration="1144"/>
    <motionState vehicle="6" speed="2489" time="8480" acceleration="1426"/>
    <motionState vehicle="7" speed="2633" time="8480" acceleration="1689"/>
    <motionState vehicle="8" speed="2803" time="8480" acceleration="1834"/>
    <motionState vehicle="9" speed="2986" time="8480" acceleration="1223"/>
    <motionState vehicle="10" speed="3100" time="8480" acceleration="-970"/>
    <motionState vehicle="11" speed="2981" time="8480" acceleration="-3662"/>
    <motionState vehicle="0" speed="5528" time="8490" acceleration="13636"/>
    <motionState vehicle="1" speed="2346" time="8490" acceleration="-652"/>
    <motionState vehicle="2" speed="2285" time="8490" acceleration="78"/>
    <motionState vehicle="3" speed="2299" time="8490" acceleration="714"/>
    <motionState vehicle="4" speed="8416" time="8490" acceleration="-11457"/>
    <motionState vehicle="5" speed="2374" time="8490" acceleration="1146"/>
    <motionState vehicle="6" speed="2490" time="8490" acceleration="1429"/>
    <motionState vehicle="7" speed="2634" time="8490" acceleration="1690"/>
    <motionState vehicle="8" speed="2805" time="8490" acceleration="1829"/>
    <motionState vehicle="9" speed="2988" time="8490" acceleration="1203"/>
    <motionState vehicle="10" speed="3099" time="8490" acceleration="-996"/>
    <motionState vehicle="11" speed="2977" time="8490" acceleration="-3659"/>
    <motionState vehicle="0" speed="5542" time="8500" acceleration="13636"/>
    <motionState vehicle="1" speed="2346" time="8500" acceleration="-645"/>
    <motionState vehicle="2" speed="2285" time="8500" acceleration="84"/>
    <motionState vehicle="3" speed="2299" time="8500" acceleration="718"/>
    <motionState vehicle="4" speed="8404" time="8500" acceleration="-11387"/>
    <motionState vehicle="5" speed="2375" time="8500" acceleration="1149"/>
    <motionState vehicle="6" speed="2491" time="8500" acceleration="1431"/>
    <motionState vehicle="7" speed="2636" time="8500" acceleration="1692"/>
    <motionState vehicle="8" speed="2807" time="8500" acceleration="1823"/>
    <motionState vehicle="9" speed="2989" time="8500" acceleration="1182"/>
    <motionState vehicle="10" speed="3098" time="8500" acceleration="-1023"/>
    <motionState vehicle="11" speed="2973" time="8500" acceleration="-3656"/>
    <motionState vehicle="0" speed="5556" time="8510" acceleration="13636"/>
    <motionState vehicle="1" speed="2345" time="8510" acceleration="-638"/>
    <motionState vehicle="2" speed="2285" time="8510" acceleration="91"/>
    <motionState vehicle="3" speed="2300" time="8510" acceleration="723"/>
    <motionState vehicle="4" speed="8393" time="8510" acceleration="-11316"/>
    <motionState vehicle="5" speed="2376" time="8510" acceleration="1152"/>
    <motionState vehicle="6" speed="2493" time="8510" acceleration="1434"/>
    <motionState vehicle="7" speed="2638" time="8510" acceleration="1693"/>
    <motionState vehicle="8" speed="2809" time="8510" acceleration="1817"/>
    <motionState vehicle="9" speed="2990" time="8510" acceleration="1161"/>
    <motionState vehicle="10" speed="3097" time="8510" acceleration="-1049"/>
    <motionState vehicle="11" speed="2970" time="8510" acceleration="-3652"/>
    <motionState vehicle="0" speed="5569" time="8520" acceleration="13636"/>
    <motionState vehicle="1" speed="2344" time="8520" acceleration="-631"/>
    <motionState vehicle="2" speed="2285" time="8520" acceleration="97"/>
    <motionState vehicle="3" speed="2301" time="8520" acceleration="727"/>
    <motionState vehicle="4" speed="8382" time="8520" acceleration="-11245"/>
    <motionState vehicle="5" speed="2377" time="8520" acceleration="1155"/>
    <motionState vehicle="6" speed="2494" time="8520" acceleration="1436"/>
    <motionState vehicle="7" speed="2639" time="8520" acceleration="1694"/>
    <motionState vehicle="8" speed="2811" time="8520" acceleration="1811"/>
    <motionState vehicle="9" speed="2991" time="8520" acceleration="1140"/>
    <motionState vehicle="10" speed="3096" time="8520" acceleration="-1074"/>
    <motionState vehicle="11" speed="2966" time="8520" acceleration="-3648"/>
    <motionState vehicle="0" speed="5583" time="8530" acceleration="13636"/>
    <motionState vehicle="1" speed="2344" time="8530" acceleration="-624"/>
    <motionState vehicle="2" speed="2285" time="8530" acceleration="103"/>
    <motionState vehicle="3" speed="2301" time="8530" acceleration="731"/>
    <motionState vehicle="4" speed="8371" time="8530" acceleration="-11172"/>
    <motionState vehicle="5" speed="2378" time="8530" acceleration="1157"/>
    <motionState vehicle="6" speed="2496" time="8530" acceleration="1439"/>
    <motionState vehicle="7" speed="2641" time="8530" acceleration="1696"/>
    <motionState vehicle="8" speed="2812" time="8530" acceleration="1805"/>
    <motionState vehicle="9" speed="2992" time="8530" acceleration="1119"/>
    <motionState vehicle="10" speed="3095" time="8530" acceleration="-1100"/>
    <motionState vehicle="11" speed="2962" time="8530" acceleration="-3644"/>
    <motionState vehicle="0" speed="5596" time="8540" acceleration="13636"/>
    <motionState vehicle="1" speed="2343" time="8540" acceleration="-617"/>
    <motionState vehicle="2" speed="2286" time="8540" acceleration="110"/>
    <motionState vehicle="3" speed="2302" time="8540" acceleration="735"/>
    <motionState vehicle="4" speed="8360" time="8540" acceleration="-11098"/>
    <motionState vehicle="5" speed="2379" time="8540" acceleration="1160"/>
    <motionState vehicle="6" speed="2497" time="8540" acceleration="1441"/>
    <motionState vehicle="7" speed="2643" time="8540" acceleration="1697"/>
    <motionState vehicle="8" speed="2814" time="8540" acceleration="1799"/>
    <motionState vehicle="9" speed="2993" time="8540" acceleration="1098"/>
    <motionState vehicle="10" speed="3094" time="8540" acceleration="-1125"/>
    <motionState vehicle="11" speed="2959" time="8540" acceleration="-3640"/>
    <motionState vehicle="0" speed="5610" time="8550" acceleration="13636"/>
    <motionState vehicle="1" speed="2343" time="8550" acceleration="-610"/>
    <motionState vehicle="2" speed="2286" time="8550" acceleration="116"/>
    <motionState vehicle="3" speed="2303" time="8550" acceleration="739"/>
    <motionState vehicle="4" speed="8349" time="8550" acceleration="-11024"/>
    <motionState vehicle="5" speed="2380" time="8550" acceleration="1163"/>
    <motionState vehicle="6" speed="2499" time="8550" acceleration="1444"/>
    <motionState vehicle="7" speed="2645" time="8550" acceleration="1698"/>
    <motionState vehicle="8" speed="2816" time="8550" acceleration="1792"/>
    <motionState vehicle="9" speed="2994" time="8550" acceleration="1077"/>
    <motionState vehicle="10" speed="3093" time="8550" acceleration="-1150"/>
    <motionState vehicle="11" speed="2955" time="8550" acceleration="-3635"/>
    <motionState vehicle="0" speed="5624" time="8560" acceleration="13636"/>
    <motionState vehicle="1" speed="2342" time="8560" acceleration="-603"/>
    <motionState vehicle="2" speed="2286" time="8560" acceleration="122"/>
    <motionState vehicle="3" speed="2304" time="8560" acceleration="744"/>
    <motionState vehicle="4" speed="8338" time="8560" acceleration="-10948"/>
    <motionState vehicle="5" speed="2382" time="8560" acceleration="1166"/>
    <motionState vehicle="6" speed="2500" time="8560" acceleration="1446"/>
    <motionState vehicle="7" speed="2646" time="8560" acceleration="1699"/>
    <motionState vehicle="8" speed="2818" time="8560" acceleration="1786"/>
    <motionState vehicle="9" speed="2996" time="8560" acceleration="1056"/>
    <motionState vehicle="10" speed="3092" time="8560" acceleration="-1174"/>
    <motionState vehicle="11" speed="2952" time="8560" acceleration="-3630"/>
    <motionState vehicle="0" speed="5637" time="8570" acceleration="13636"/>
    <motionState vehicle="1" speed="2341" time="8570" acceleration="-596"/>
    <motionState vehicle="2" speed="2286" time="8570" acceleration="128"/>
    <motionState vehicle="3" speed="2304" time="8570" acceleration="748"/>
    <motionState vehicle="4" speed="8327" time="8570" acceleration="-10872"/>
    <motionState vehicle="5" speed="2383" time="8570" acceleration="1168"/>
    <motionState vehicle="6" speed="2501" time="8570" acceleration="1449"/>
    <motionState vehicle="7" speed="2648" time="8570" acceleration="1700"/>
    <motionState vehicle="8" speed="2819" time="8570" acceleration="1779"/>
    <motionState vehicle="9" speed="2997" time="8570" acceleration="1035"/>
    <motionState vehicle="10" speed="3090" time="8570" acceleration="-1199"/>
    <motionState vehicle="11" speed="2948" time="8570" acceleration="-3625"/>
    <motionState vehicle="0" speed="5651" time="8580" acceleration="13636"/>
    <motionState vehicle="1" speed="2341" time="8580" acceleration="-589"/>
    <motionState vehicle="2" speed="2286" time="8580" acceleration="134"/>
    <motionState vehicle="3" speed="2305" time="8580" acceleration="752"/>
    <motionState vehicle="4" speed="8316" time="8580" acceleration="-10795"/>
    <motionState vehicle="5" speed="2384" time="8580" acceleration="1171"/>
    <motionState vehicle="6" speed="2503" time="8580" acceleration="1451"/>
    <motionState vehicle="7" speed="2650" time="8580" acceleration="1701"/>
    <motionState vehicle="8" speed="2821" time="8580" acceleration="1772"/>
    <motionState vehicle="9" speed="2998" time="8580" acceleration="1014"/>
    <motionState vehicle="10" speed="3089" time="8580" acceleration="-1223"/>
    <motionState vehicle="11" speed="2944" time="8580" acceleration="-3620"/>
    <motionState vehicle="0" speed="5665" time="8590" acceleration="13636"/>
    <motionState vehicle="1" speed="2340" time="8590" acceleration="-582"/>
    <motionState vehicle="2" speed="2286" time="8590" acceleration="140"/>
    <motionState vehicle="3" speed="2306" time="8590" acceleration="756"/>
    <motionState vehicle="4" speed="8305" time="8590" acceleration="-10717"/>
    <motionState vehicle="5" speed="2385" time="8590" acceleration="1174"/>
    <motionState vehicle="6" speed="2504" time="8590" acceleration="1453"/>
    <motionState vehicle="7" speed="2651" time="8590" acceleration="1701"/>
    <motionState vehicle="8" speed="2823" time="8590" acceleration="1765"/>
    <motionState vehicle="9" speed="2999" time="8590" acceleration="993"/>
    <motionState vehicle="10" speed="3088" time="8590" acceleration="-1247"/>
    <motionState vehicle="11" speed="2941" time="8590" acceleration="-3614"/>
    <motionState vehicle="0" speed="5678" time="8600" acceleration="13636"/>
    <motionState vehicle="1" speed="2340" time="8600" acceleration="-575"/>
    <motionState vehicle="2" speed="2286" time="8600" acceleration="146"/>
    <motionState vehicle="3" speed="2307" time="8600" acceleration="760"/>
    <motionState vehicle="4" speed="8295" time="8600" acceleration="-10638"/>
    <motionState vehicle="5" speed="2386" time="8600" acceleration="1176"/>
    <motionState vehicle="6" speed="2506" time="8600" acceleration="1456"/>
    <motionState vehicle="7" speed="2653" time="8600" acceleration="1702"/>
    <motionState vehicle="8" speed="2825" time="8600" acceleration="1758"/>
    <motionState vehicle="9" speed="3000" time="8600" acceleration="971"/>
    <motionState vehicle="10" speed="3087" time="8600" acceleration="-1270"/>
    <motionState vehicle="11" speed="2937" time="8600" acceleration="-3609"/>
    <motionState vehicle="0" speed="5692" time="8610" acceleration="13636"/>
    <motionState vehicle="1" speed="2339" time="8610" acceleration="-568"/>
    <motionState vehicle="2" speed="2286" time="8610" acceleration="153"/>
    <motionState vehicle="3" speed="2307" time="8610" acceleration="764"/>
    <motionState vehicle="4" speed="8284" time="8610" acceleration="-10558"/>
    <motionState vehicle="5" speed="2387" time="8610" acceleration="1179"/>
    <motionState vehicle="6" speed="2507" time="8610" acceleration="1458"/>
    <motionState vehicle="7" speed="2655" time="8610" acceleration="1703"/>
    <motionState vehicle="8" speed="2827" time="8610" acceleration="1751"/>
    <motionState vehicle="9" speed="3000" time="8610" acceleration="950"/>
    <motionState vehicle="10" speed="3085" time="8610" acceleration="-1294"/>
    <motionState vehicle="11" speed="2933" time="8610" acceleration="-3602"/>
    <motionState vehicle="0" speed="5706" time="8620" acceleration="13636"/>
    <motionState vehicle="1" speed="2338" time="8620" acceleration="-561"/>
    <motionState vehicle="2" speed="2287" time="8620" acceleration="159"/>
    <motionState vehicle="3" speed="2308" time="8620" acceleration="768"/>
    <motionState vehicle="4" speed="8273" time="8620" acceleration="-10478"/>
    <motionState vehicle="5" speed="2389" time="8620" acceleration="1182"/>
    <motionState vehicle="6" speed="2509" time="8620" acceleration="1461"/>
    <motionState vehicle="7" speed="2656" time="8620" acceleration="1703"/>
    <motionState vehicle="8" speed="2828" time="8620" acceleration="1743"/>
    <motionState vehicle="9" speed="3001" time="8620" acceleration="929"/>
    <motionState vehicle="10" speed="3084" time="8620" acceleration="-1317"/>
    <motionState vehicle="11" speed="2930" time="8620" acceleration="-3596"/>
    <motionState vehicle="0" speed="5719" time="8630" acceleration="13636"/>
    <motionState vehicle="1" speed="2338" time="8630" acceleration="-554"/>
    <motionState vehicle="2" speed="2287" time="8630" acceleration="165"/>
    <motionState vehicle="3" speed="2309" time="8630" acceleration="772"/>
    <motionState vehicle="4" speed="8263" time="8630" acceleration="-10397"/>
    <motionState vehicle="5" speed="2390" time="8630" acceleration="1185"/>
    <motionState vehicle="6" speed="2510" time="8630" acceleration="1463"/>
    <motionState vehicle="7" speed="2658" time="8630" acceleration="1704"/>
    <motionState vehicle="8" speed="2830" time="8630" acceleration="1736"/>
    <motionState vehicle="9" speed="3002" time="8630" acceleration="907"/>
    <motionState vehicle="10" speed="3083" time="8630" acceleration="-1340"/>
    <motionState vehicle="11" speed="2926" time="8630" acceleration="-3590"/>
    <motionState vehicle="0" speed="5733" time="8640" acceleration="13636"/>
    <motionState vehicle="1" speed="2337" time="8640" acceleration="-547"/>
    <motionState vehicle="2" speed="2287" time="8640" acceleration="171"/>
    <motionState vehicle="3" speed="2310" time="8640" acceleration="777"/>
    <motionState vehicle="4" speed="8253" time="8640" acceleration="-10315"/>
    <motionState vehicle="5" speed="2391" time="8640" acceleration="1187"/>
    <motionState vehicle="6" speed="2512" time="8640" acceleration="1465"/>
    <motionState vehicle="7" speed="2660" time="8640" acceleration="1704"/>
    <motionState vehicle="8" speed="2832" time="8640" acceleration="1728"/>
    <motionState vehicle="9" speed="3003" time="8640" acceleration="886"/>
    <motionState vehicle="10" speed="3081" time="8640" acceleration="-1362"/>
    <motionState vehicle="11" speed="2923" time="8640" acceleration="-3583"/>
    <motionState vehicle="0" speed="5746" time="8650" acceleration="13636"/>
    <motionState vehicle="1" speed="2337" time="8650" acceleration="-540"/>
    <motionState vehicle="2" speed="2287" time="8650" acceleration="177"/>
    <motionState vehicle="3" speed="2311" time="8650" acceleration="781"/>
    <motionState vehicle="4" speed="8243" time="8650" acceleration="-10233"/>
    <motionState vehicle="5" speed="2392" time="8650" acceleration="1190"/>
    <motionState vehicle="6" speed="2513" time="8650" acceleration="1468"/>
    <motionState vehicle="7" speed="2662" time="8650" acceleration="1705"/>
    <motionState vehicle="8" speed="2833" time="8650" acceleration="1720"/>
    <motionState vehicle="9" speed="3004" time="8650" acceleration="865"/>
    <motionState vehicle="10" speed="3080" time="8650" acceleration="-1384"/>
    <motionState vehicle="11" speed="2919" time="8650" acceleration="-3576"/>
    <motionState vehicle="0" speed="5760" time="8660" acceleration="13636"/>
    <motionState vehicle="1" speed="2336" time="8660" acceleration="-533"/>
    <motionState vehicle="2" speed="2287" time="8660" acceleration="183"/>
    <motionState vehicle="3" speed="2311" time="8660" acceleration="785"/>
    <motionState vehicle="4" speed="8232" time="8660" acceleration="-10150"/>
    <motionState vehicle="5" speed="2393" time="8660" acceleration="1193"/>
    <motionState vehicle="6" speed="2515" time="8660" acceleration="1470"/>
    <motionState vehicle="7" speed="2663" time="8660" acceleration="1705"/>
    <motionState vehicle="8" speed="2835" time="8660" acceleration="1712"/>
    <motionState vehicle="9" speed="3005" time="8660" acceleration="843"/>
    <motionState vehicle="10" speed="3079" time="8660" acceleration="-1406"/>
    <motionState vehicle="11" speed="2916" time="8660" acceleration="-3569"/>
    <motionState vehicle="0" speed="5774" time="8670" acceleration="13636"/>
    <motionState vehicle="1" speed="2336" time="8670" acceleration="-526"/>
    <motionState vehicle="2" speed="2288" time="8670" acceleration="189"/>
    <motionState vehicle="3" speed="2312" time="8670" acceleration="789"/>
    <motionState vehicle="4" speed="8222" time="8670" acceleration="-10066"/>
    <motionState vehicle="5" speed="2395" time="8670" acceleration="1195"/>
    <motionState vehicle="6" speed="2516" time="8670" acceleration="1472"/>
    <motionState vehicle="7" speed="2665" time="8670" acceleration="1705"/>
    <motionState vehicle="8" speed="2837" time="8670" acceleration="1704"/>
    <motionState vehicle="9" speed="3006" time="8670" acceleration="822"/>
    <motionState vehicle="10" speed="3077" time="8670" acceleration="-1428"/>
    <motionState vehicle="11" speed="2912" time="8670" acceleration="-3561"/>
    <motionState vehicle="0" speed="5787" time="8680" acceleration="13636"/>
    <motionState vehicle="1" speed="2335" time="8680" acceleration="-519"/>
    <motionState vehicle="2" speed="2288" time="8680" acceleration="195"/>
    <motionState vehicle="3" speed="2313" time="8680" acceleration="793"/>
    <motionState vehicle="4" speed="8212" time="8680" acceleration="-9982"/>
    <motionState vehicle="5" speed="2396" time="8680" acceleration="1198"/>
    <motionState vehicle="6" speed="2518" time="8680" acceleration="1475"/>
    <motionState vehicle="7" speed="2667" time="8680" acceleration="1705"/>
    <motionState vehicle="8" speed="2839" time="8680" acceleration="1696"/>
    <motionState vehicle="9" speed="3007" time="8680" acceleration="800"/>
    <motionState vehicle="10" speed="3076" time="8680" acceleration="-1449"/>
    <motionState vehicle="11" speed="2908" time="8680" acceleration="-3554"/>
    <motionState vehicle="0" speed="5801" time="8690" acceleration="13636"/>
    <motionState vehicle="1" speed="2335" time="8690" acceleration="-512"/>
    <motionState vehicle="2" speed="2288" time="8690" acceleration="201"/>
    <motionState vehicle="3" speed="2314" time="8690" acceleration="797"/>
    <motionState vehicle="4" speed="8202" time="8690" acceleration="-9896"/>
    <motionState vehicle="5" speed="2397" time="8690" acceleration="1201"/>
    <motionState vehicle="6" speed="2519" time="8690" acceleration="1477"/>
    <motionState vehicle="7" speed="2668" time="8690" acceleration="1705"/>
    <motionState vehicle="8" speed="2840" time="8690" acceleration="1688"/>
    <motionState vehicle="9" speed="3007" time="8690" acceleration="779"/>
    <motionState vehicle="10" speed="3074" time="8690" acceleration="-1470"/>
    <motionState vehicle="11" speed="2905" time="8690" acceleration="-3546"/>
    <motionState vehicle="0" speed="5815" time="8700" acceleration="13636"/>
    <motionState vehicle="1" speed="2334" time="8700" acceleration="-505"/>
    <motionState vehicle="2" speed="2288" time="8700" acceleration="207"/>
    <motionState vehicle="3" speed="2315" time="8700" acceleration="801"/>
    <motionState vehicle="4" speed="8193" time="8700" acceleration="-9811"/>
    <motionState vehicle="5" speed="2398" time="8700" acceleration="1203"/>
    <motionState vehicle="6" speed="2521" time="8700" acceleration="1479"/>
    <motionState vehicle="7" speed="2670" time="8700" acceleration="1705"/>
    <motionState vehicle="8" speed="2842" time="8700" acceleration="1680"/>
    <motionState vehicle="9" speed="3008" time="8700" acceleration="757"/>
    <motionState vehicle="10" speed="3073" time="8700" acceleration="-1491"/>
    <motionState vehicle="11" speed="2901" time="8700" acceleration="-3538"/>
    <motionState vehicle="0" speed="5828" time="8710" acceleration="13636"/>
    <motionState vehicle="1" speed="2334" time="8710" acceleration="-499"/>
    <motionState vehicle="2" speed="2288" time="8710" acceleration="213"/>
    <motionState vehicle="3" speed="2315" time="8710" acceleration="805"/>
    <motionState vehicle="4" speed="8183" time="8710" acceleration="-9725"/>
    <motionState vehicle="5" speed="2399" time="8710" acceleration="1206"/>
    <motionState vehicle="6" speed="2522" time="8710" acceleration="1481"/>
    <motionState vehicle="7" speed="2672" time="8710" acceleration="1705"/>
    <motionState vehicle="8" speed="2844" time="8710" acceleration="1671"/>
    <motionState vehicle="9" speed="3009" time="8710" acceleration="736"/>
    <motionState vehicle="10" speed="3071" time="8710" acceleration="-1512"/>
    <motionState vehicle="11" speed="2898" time="8710" acceleration="-3530"/>
    <motionState vehicle="0" speed="5842" time="8720" acceleration="13636"/>
    <motionState vehicle="1" speed="2333" time="8720" acceleration="-492"/>
    <motionState vehicle="2" speed="2289" time="8720" acceleration="219"/>
    <motionState vehicle="3" speed="2316" time="8720" acceleration="809"/>
    <motionState vehicle="4" speed="8173" time="8720" acceleration="-9638"/>
    <motionState vehicle="5" speed="2401" time="8720" acceleration="1209"/>
    <motionState vehicle="6" speed="2524" time="8720" acceleration="1483"/>
    <motionState vehicle="7" speed="2674" time="8720" acceleration="1705"/>
    <motionState vehicle="8" speed="2845" time="8720" acceleration="1662"/>
    <motionState vehicle="9" speed="3010" time="8720" acceleration="715"/>
    <motionState vehicle="10" speed="3070" time="8720" acceleration="-1532"/>
    <motionState vehicle="11" speed="2894" time="8720" acceleration="-3521"/>
    <motionState vehicle="0" speed="5856" time="8730" acceleration="13636"/>
    <motionState vehicle="1" speed="2333" time="8730" acceleration="-485"/>
    <motionState vehicle="2" speed="2289" time="8730" acceleration="224"/>
    <motionState vehicle="3" speed="2317" time="8730" acceleration="813"/>
    <motionState vehicle="4" speed="8164" time="8730" acceleration="-9551"/>
    <motionState vehicle="5" speed="2402" time="8730" acceleration="1212"/>
    <motionState vehicle="6" speed="2525" time="8730" acceleration="1486"/>
    <motionState vehicle="7" speed="2675" time="8730" acceleration="1705"/>
    <motionState vehicle="8" speed="2847" time="8730" acceleration="1654"/>
    <motionState vehicle="9" speed="3010" time="8730" acceleration="693"/>
    <motionState vehicle="10" speed="3068" time="8730" acceleration="-1552"/>
    <motionState vehicle="11" speed="2891" time="8730" acceleration="-3513"/>
    <motionState vehicle="0" speed="5869" time="8740" acceleration="13636"/>
    <motionState vehicle="1" speed="2332" time="8740" acceleration="-478"/>
    <motionState vehicle="2" speed="2289" time="8740" acceleration="230"/>
    <motionState vehicle="3" speed="2318" time="8740" acceleration="817"/>
    <motionState vehicle="4" speed="8154" time="8740" acceleration="-9463"/>
    <motionState vehicle="5" speed="2403" time="8740" acceleration="1214"/>
    <motionState vehicle="6" speed="2526" time="8740" acceleration="1488"/>
    <motionState vehicle="7" speed="2677" time="8740" acceleration="1704"/>
    <motionState vehicle="8" speed="2849" time="8740" acceleration="1645"/>
    <motionState vehicle="9" speed="3011" time="8740" acceleration="672"/>
    <motionState vehicle="10" speed="3067" time="8740" acceleration="-1572"/>
    <motionState vehicle="11" speed="2887" time="8740" acceleration="-3504"/>
    <motionState vehicle="0" speed="5883" time="8750" acceleration="13636"/>
    <motionState vehicle="1" speed="2332" time="8750" acceleration="-471"/>
    <motionState vehicle="2" speed="2289" time="8750" acceleration="236"/>
    <motionState vehicle="3" speed="2319" time="8750" acceleration="821"/>
    <motionState vehicle="4" speed="8145" time="8750" acceleration="-9375"/>
    <motionState vehicle="5" speed="2404" time="8750" acceleration="1217"/>
    <motionState vehicle="6" speed="2528" time="8750" acceleration="1490"/>
    <motionState vehicle="7" speed="2679" time="8750" acceleration="1704"/>
    <motionState vehicle="8" speed="2850" time="8750" acceleration="1636"/>
    <motionState vehicle="9" speed="3012" time="8750" acceleration="650"/>
    <motionState vehicle="10" speed="3065" time="8750" acceleration="-1592"/>
    <motionState vehicle="11" speed="2884" time="8750" acceleration="-3495"/>
    <motionState vehicle="0" speed="5896" time="8760" acceleration="13636"/>
    <motionState vehicle="1" speed="2331" time="8760" acceleration="-464"/>
    <motionState vehicle="2" speed="2289" time="8760" acceleration="242"/>
    <motionState vehicle="3" speed="2319" time="8760" acceleration="824"/>
    <motionState vehicle="4" speed="8136" time="8760" acceleration="-9286"/>
    <motionState vehicle="5" speed="2405" time="8760" acceleration="1220"/>
    <motionState vehicle="6" speed="2529" time="8760" acceleration="1492"/>
    <motionState vehicle="7" speed="2680" time="8760" acceleration="1703"/>
    <motionState vehicle="8" speed="2852" time="8760" acceleration="1626"/>
    <motionState vehicle="9" speed="3012" time="8760" acceleration="629"/>
    <motionState vehicle="10" speed="3063" time="8760" acceleration="-1611"/>
    <motionState vehicle="11" speed="2880" time="8760" acceleration="-3486"/>
    <motionState vehicle="0" speed="5910" time="8770" acceleration="13636"/>
    <motionState vehicle="1" speed="2331" time="8770" acceleration="-457"/>
    <motionState vehicle="2" speed="2290" time="8770" acceleration="248"/>
    <motionState vehicle="3" speed="2320" time="8770" acceleration="828"/>
    <motionState vehicle="4" speed="8126" time="8770" acceleration="-9197"/>
    <motionState vehicle="5" speed="2407" time="8770" acceleration="1222"/>
    <motionState vehicle="6" speed="2531" time="8770" acceleration="1494"/>
    <motionState vehicle="7" speed="2682" time="8770" acceleration="1703"/>
    <motionState vehicle="8" speed="2853" time="8770" acceleration="1617"/>
    <motionState vehicle="9" speed="3013" time="8770" acceleration="607"/>
    <motionState vehicle="10" speed="3062" time="8770" acceleration="-1630"/>
    <motionState vehicle="11" speed="2877" time="8770" acceleration="-3477"/>
    <motionState vehicle="0" speed="5924" time="8780" acceleration="13636"/>
    <motionState vehicle="1" speed="2330" time="8780" acceleration="-451"/>
    <motionState vehicle="2" speed="2290" time="8780" acceleration="254"/>
    <motionState vehicle="3" speed="2321" time="8780" acceleration="832"/>
    <motionState vehicle="4" speed="8117" time="8780" acceleration="-9107"/>
    <motionState vehicle="5" speed="2408" time="8780" acceleration="1225"/>
    <motionState vehicle="6" speed="2532" time="8780" acceleration="1496"/>
    <motionState vehicle="7" speed="2684" time="8780" acceleration="1702"/>
    <motionState vehicle="8" speed="2855" time="8780" acceleration="1608"/>
    <motionState vehicle="9" speed="3013" time="8780" acceleration="586"/>
    <motionState vehicle="10" speed="3060" time="8780" acceleration="-1649"/>
    <motionState vehicle="11" speed="2873" time="8780" acceleration="-3467"/>
    <motionState vehicle="0" speed="5937" time="8790" acceleration="13636"/>
    <motionState vehicle="1" speed="2330" time="8790" acceleration="-444"/>
    <motionState vehicle="2" speed="2290" time="8790" acceleration="259"/>
    <motionState vehicle="3" speed="2322" time="8790" acceleration="836"/>
    <motionState vehicle="4" speed="8108" time="8790" acceleration="-9017"/>
    <motionState vehicle="5" speed="2409" time="8790" acceleration="1227"/>
    <motionState vehicle="6" speed="2534" time="8790" acceleration="1498"/>
    <motionState vehicle="7" speed="2685" time="8790" acceleration="1701"/>
    <motionState vehicle="8" speed="2857" time="8790" acceleration="1598"/>
    <motionState vehicle="9" speed="3014" time="8790" acceleration="565"/>
    <motionState vehicle="10" speed="3058" time="8790" acceleration="-1667"/>
    <motionState vehicle="11" speed="2870" time="8790" acceleration="-3458"/>
    <motionState vehicle="0" speed="5951" time="8800" acceleration="13636"/>
    <motionState vehicle="1" speed="2330" time="8800" acceleration="-437"/>
    <motionState vehicle="2" speed="2291" time="8800" acceleration="265"/>
    <motionState vehicle="3" speed="2323" time="8800" acceleration="840"/>
    <motionState vehicle="4" speed="8099" time="8800" acceleration="-8926"/>
    <motionState vehicle="5" speed="2410" time="8800" acceleration="1230"/>
    <motionState vehicle="6" speed="2535" time="8800" acceleration="1500"/>
    <motionState vehicle="7" speed="2687" time="8800" acceleration="1700"/>
    <motionState vehicle="8" speed="2858" time="8800" acceleration="1589"/>
    <motionState vehicle="9" speed="3014" time="8800" acceleration="543"/>
    <motionState vehicle="10" speed="3057" time="8800" acceleration="-1686"/>
    <motionState vehicle="11" speed="2866" time="8800" acceleration="-3448"/>
    <motionState vehicle="0" speed="5965" time="8810" acceleration="13636"/>
    <motionState vehicle="1" speed="2329" time="8810" acceleration="-430"/>
    <motionState vehicle="2" speed="2291" time="8810" acceleration="271"/>
    <motionState vehicle="3" speed="2324" time="8810" acceleration="844"/>
    <motionState vehicle="4" speed="8091" time="8810" acceleration="-8835"/>
    <motionState vehicle="5" speed="2412" time="8810" acceleration="1233"/>
    <motionState vehicle="6" speed="2537" time="8810" acceleration="1502"/>
    <motionState vehicle="7" speed="2689" time="8810" acceleration="1699"/>
    <motionState vehicle="8" speed="2860" time="8810" acceleration="1579"/>
    <motionState vehicle="9" speed="3015" time="8810" acceleration="522"/>
    <motionState vehicle="10" speed="3055" time="8810" acceleration="-1704"/>
    <motionState vehicle="11" speed="2863" time="8810" acceleration="-3438"/>
    <motionState vehicle="0" speed="5978" time="8820" acceleration="13636"/>
    <motionState vehicle="1" speed="2329" time="8820" acceleration="-423"/>
    <motionState vehicle="2" speed="2291" time="8820" acceleration="277"/>
    <motionState vehicle="3" speed="2324" time="8820" acceleration="848"/>
    <motionState vehicle="4" speed="8082" time="8820" acceleration="-8744"/>
    <motionState vehicle="5" speed="2413" time="8820" acceleration="1235"/>
    <motionState vehicle="6" speed="2538" time="8820" acceleration="1504"/>
    <motionState vehicle="7" speed="2691" time="8820" acceleration="1698"/>
    <motionState vehicle="8" speed="2861" time="8820" acceleration="1569"/>
    <motionState vehicle="9" speed="3015" time="8820" acceleration="500"/>
    <motionState vehicle="10" speed="3053" time="8820" acceleration="-1721"/>
    <motionState vehicle="11" speed="2860" time="8820" acceleration="-3428"/>
    <motionState vehicle="0" speed="5992" time="8830" acceleration="13636"/>
    <motionState vehicle="1" speed="2328" time="8830" acceleration="-416"/>
    <motionState vehicle="2" speed="2291" time="8830" acceleration="282"/>
    <motionState vehicle="3" speed="2325" time="8830" acceleration="852"/>
    <motionState vehicle="4" speed="8073" time="8830" acceleration="-8652"/>
    <motionState vehicle="5" speed="2414" time="8830" acceleration="1238"/>
    <motionState vehicle="6" speed="2540" time="8830" acceleration="1506"/>
    <motionState vehicle="7" speed="2692" time="8830" acceleration="1697"/>
    <motionState vehicle="8" speed="2863" time="8830" acceleration="1559"/>
    <motionState vehicle="9" speed="3016" time="8830" acceleration="479"/>
    <motionState vehicle="10" speed="3052" time="8830" acceleration="-1739"/>
    <motionState vehicle="11" speed="2856" time="8830" acceleration="-3418"/>
    <motionState vehicle="0" speed="6006" time="8840" acceleration="13636"/>
    <motionState vehicle="1" speed="2328" time="8840" acceleration="-410"/>
    <motionState vehicle="2" speed="2292" time="8840" acceleration="288"/>
    <motionState vehicle="3" speed="2326" time="8840" acceleration="856"/>
    <motionState vehicle="4" speed="8065" time="8840" acceleration="-8560"/>
    <motionState vehicle="5" speed="2415" time="8840" acceleration="1241"/>
    <motionState vehicle="6" speed="2541" time="8840" acceleration="1508"/>
    <motionState vehicle="7" speed="2694" time="8840" acceleration="1696"/>
    <motionState vehicle="8" speed="2864" time="8840" acceleration="1549"/>
    <motionState vehicle="9" speed="3016" time="8840" acceleration="458"/>
    <motionState vehicle="10" speed="3050" time="8840" acceleration="-1756"/>
    <motionState vehicle="11" speed="2853" time="8840" acceleration="-3407"/>
    <motionState vehicle="0" speed="6019" time="8850" acceleration="13636"/>
    <motionState vehicle="1" speed="2327" time="8850" acceleration="-403"/>
    <motionState vehicle="2" speed="2292" time="8850" acceleration="294"/>
    <motionState vehicle="3" speed="2327" time="8850" acceleration="859"/>
    <motionState vehicle="4" speed="8056" time="8850" acceleration="-8468"/>
    <motionState vehicle="5" speed="2417" time="8850" acceleration="1243"/>
    <motionState vehicle="6" speed="2543" time="8850" acceleration="1510"/>
    <motionState vehicle="7" speed="2696" time="8850" acceleration="1695"/>
    <motionState vehicle="8" speed="2866" time="8850" acceleration="1539"/>
    <motionState vehicle="9" speed="3017" time="8850" acceleration="437"/>
    <motionState vehicle="10" speed="3048" time="8850" acceleration="-1773"/>
    <motionState vehicle="11" speed="2849" time="8850" acceleration="-3397"/>
    <motionState vehicle="0" speed="6033" time="8860" acceleration="13636"/>
    <motionState vehicle="1" speed="2327" time="8860" acceleration="-396"/>
    <motionState vehicle="2" speed="2292" time="8860" acceleration="299"/>
    <motionState vehicle="3" speed="2328" time="8860" acceleration="863"/>
    <motionState vehicle="4" speed="8048" time="8860" acceleration="-8375"/>
    <motionState vehicle="5" speed="2418" time="8860" acceleration="1246"/>
    <motionState vehicle="6" speed="2544" time="8860" acceleration="1512"/>
    <motionState vehicle="7" speed="2697" time="8860" acceleration="1694"/>
    <motionState vehicle="8" speed="2868" time="8860" acceleration="1528"/>
    <motionState vehicle="9" speed="3017" time="8860" acceleration="415"/>
    <motionState vehicle="10" speed="3046" time="8860" acceleration="-1790"/>
    <motionState vehicle="11" speed="2846" time="8860" acceleration="-3386"/>
    <motionState vehicle="0" speed="6046" time="8870" acceleration="13636"/>
    <motionState vehicle="1" speed="2327" time="8870" acceleration="-389"/>
    <motionState vehicle="2" speed="2293" time="8870" acceleration="305"/>
    <motionState vehicle="3" speed="2329" time="8870" acceleration="867"/>
    <motionState vehicle="4" speed="8039" time="8870" acceleration="-8282"/>
    <motionState vehicle="5" speed="2419" time="8870" acceleration="1248"/>
    <motionState vehicle="6" speed="2546" time="8870" acceleration="1513"/>
    <motionState vehicle="7" speed="2699" time="8870" acceleration="1692"/>
    <motionState vehicle="8" speed="2869" time="8870" acceleration="1518"/>
    <motionState vehicle="9" speed="3018" time="8870" acceleration="394"/>
    <motionState vehicle="10" speed="3044" time="8870" acceleration="-1806"/>
    <motionState vehicle="11" speed="2843" time="8870" acceleration="-3375"/>
    <motionState vehicle="0" speed="6060" time="8880" acceleration="13636"/>
    <motionState vehicle="1" speed="2326" time="8880" acceleration="-382"/>
    <motionState vehicle="2" speed="2293" time="8880" acceleration="311"/>
    <motionState vehicle="3" speed="2330" time="8880" acceleration="871"/>
    <motionState vehicle="4" speed="8031" time="8880" acceleration="-8188"/>
    <motionState vehicle="5" speed="2420" time="8880" acceleration="1251"/>
    <motionState vehicle="6" speed="2548" time="8880" acceleration="1515"/>
    <motionState vehicle="7" speed="2701" time="8880" acceleration="1691"/>
    <motionState vehicle="8" speed="2871" time="8880" acceleration="1508"/>
    <motionState vehicle="9" speed="3018" time="8880" acceleration="373"/>
    <motionState vehicle="10" speed="3043" time="8880" acceleration="-1822"/>
    <motionState vehicle="11" speed="2839" time="8880" acceleration="-3364"/>
    <motionState vehicle="0" speed="6074" time="8890" acceleration="13636"/>
    <motionState vehicle="1" speed="2326" time="8890" acceleration="-376"/>
    <motionState vehicle="2" speed="2293" time="8890" acceleration="316"/>
    <motionState vehicle="3" speed="2331" time="8890" acceleration="875"/>
    <motionState vehicle="4" speed="8023" time="8890" acceleration="-8095"/>
    <motionState vehicle="5" speed="2422" time="8890" acceleration="1254"/>
    <motionState vehicle="6" speed="2549" time="8890" acceleration="1517"/>
    <motionState vehicle="7" speed="2702" time="8890" acceleration="1689"/>
    <motionState vehicle="8" speed="2872" time="8890" acceleration="1497"/>
    <motionState vehicle="9" speed="3018" time="8890" acceleration="352"/>
    <motionState vehicle="10" speed="3041" time="8890" acceleration="-1838"/>
    <motionState vehicle="11" speed="2836" time="8890" acceleration="-3353"/>
    <motionState vehicle="0" speed="6087" time="8900" acceleration="13636"/>
    <motionState vehicle="1" speed="2326" time="8900" acceleration="-369"/>
    <motionState vehicle="2" speed="2293" time="8900" acceleration="322"/>
    <motionState vehicle="3" speed="2331" time="8900" acceleration="878"/>
    <motionState vehicle="4" speed="8015" time="8900" acceleration="-8001"/>
    <motionState vehicle="5" speed="2423" time="8900" acceleration="1256"/>
    <motionState vehicle="6" speed="2551" time="8900" acceleration="1519"/>
    <motionState vehicle="7" speed="2704" time="8900" acceleration="1687"/>
    <motionState vehicle="8" speed="2874" time="8900" acceleration="1486"/>
    <motionState vehicle="9" speed="3019" time="8900" acceleration="331"/>
    <motionState vehicle="10" speed="3039" time="8900" acceleration="-1854"/>
    <motionState vehicle="11" speed="2833" time="8900" acceleration="-3342"/>
    <motionState vehicle="0" speed="6101" time="8910" acceleration="13636"/>
    <motionState vehicle="1" speed="2325" time="8910" acceleration="-362"/>
    <motionState vehicle="2" speed="2294" time="8910" acceleration="327"/>
    <motionState vehicle="3" speed="2332" time="8910" acceleration="882"/>
    <motionState vehicle="4" speed="8007" time="8910" acceleration="-7906"/>
    <motionState vehicle="5" speed="2424" time="8910" acceleration="1259"/>
    <motionState vehicle="6" speed="2552" time="8910" acceleration="1520"/>
    <motionState vehicle="7" speed="2706" time="8910" acceleration="1686"/>
    <motionState vehicle="8" speed="2875" time="8910" acceleration="1475"/>
    <motionState vehicle="9" speed="3019" time="8910" acceleration="310"/>
    <motionState vehicle="10" speed="3037" time="8910" acceleration="-1869"/>
    <motionState vehicle="11" speed="2829" time="8910" acceleration="-3331"/>
    <motionState vehicle="0" speed="6115" time="8920" acceleration="13636"/>
    <motionState vehicle="1" speed="2325" time="8920" acceleration="-356"/>
    <motionState vehicle="2" speed="2294" time="8920" acceleration="333"/>
    <motionState vehicle="3" speed="2333" time="8920" acceleration="886"/>
    <motionState vehicle="4" speed="7999" time="8920" acceleration="-7812"/>
    <motionState vehicle="5" speed="2425" time="8920" acceleration="1261"/>
    <motionState vehicle="6" speed="2554" time="8920" acceleration="1522"/>
    <motionState vehicle="7" speed="2707" time="8920" acceleration="1684"/>
    <motionState vehicle="8" speed="2877" time="8920" acceleration="1464"/>
    <motionState vehicle="9" speed="3019" time="8920" acceleration="289"/>
    <motionState vehicle="10" speed="3035" time="8920" acceleration="-1885"/>
    <motionState vehicle="11" speed="2826" time="8920" acceleration="-3319"/>
    <motionState vehicle="0" speed="6128" time="8930" acceleration="13636"/>
    <motionState vehicle="1" speed="2324" time="8930" acceleration="-349"/>
    <motionState vehicle="2" speed="2294" time="8930" acceleration="339"/>
    <motionState vehicle="3" speed="2334" time="8930" acceleration="890"/>
    <motionState vehicle="4" speed="7992" time="8930" acceleration="-7717"/>
    <motionState vehicle="5" speed="2427" time="8930" acceleration="1264"/>
    <motionState vehicle="6" speed="2555" time="8930" acceleration="1524"/>
    <motionState vehicle="7" speed="2709" time="8930" acceleration="1682"/>
    <motionState vehicle="8" speed="2878" time="8930" acceleration="1453"/>
    <motionState vehicle="9" speed="3020" time="8930" acceleration="268"/>
    <motionState vehicle="10" speed="3033" time="8930" acceleration="-1900"/>
    <motionState vehicle="11" speed="2823" time="8930" acceleration="-3308"/>
    <motionState vehicle="0" speed="6142" time="8940" acceleration="13636"/>
    <motionState vehicle="1" speed="2324" time="8940" acceleration="-342"/>
    <motionState vehicle="2" speed="2295" time="8940" acceleration="344"/>
    <motionState vehicle="3" speed="2335" time="8940" acceleration="893"/>
    <motionState vehicle="4" speed="7984" time="8940" acceleration="-7622"/>
    <motionState vehicle="5" speed="2428" time="8940" acceleration="1267"/>
    <motionState vehicle="6" speed="2557" time="8940" acceleration="1525"/>
    <motionState vehicle="7" speed="2711" time="8940" acceleration="1680"/>
    <motionState vehicle="8" speed="2879" time="8940" acceleration="1442"/>
    <motionState vehicle="9" speed="3020" time="8940" acceleration="247"/>
    <motionState vehicle="10" speed="3031" time="8940" acceleration="-1914"/>
    <motionState vehicle="11" speed="2819" time="8940" acceleration="-3296"/>
    <motionState vehicle="0" speed="6156" time="8950" acceleration="13636"/>
    <motionState vehicle="1" speed="2324" time="8950" acceleration="-335"/>
    <motionState vehicle="2" speed="2295" time="8950" acceleration="350"/>
    <motionState vehicle="3" speed="2336" time="8950" acceleration="897"/>
    <motionState vehicle="4" speed="7977" time="8950" acceleration="-7527"/>
    <motionState vehicle="5" speed="2429" time="8950" acceleration="1269"/>
    <motionState vehicle="6" speed="2558" time="8950" acceleration="1527"/>
    <motionState vehicle="7" speed="2713" time="8950" acceleration="1678"/>
    <motionState vehicle="8" speed="2881" time="8950" acceleration="1431"/>
    <motionState vehicle="9" speed="3020" time="8950" acceleration="226"/>
    <motionState vehicle="10" speed="3029" time="8950" acceleration="-1929"/>
    <motionState vehicle="11" speed="2816" time="8950" acceleration="-3284"/>
    <motionState vehicle="0" speed="6169" time="8960" acceleration="13636"/>
    <motionState vehicle="1" speed="2323" time="8960" acceleration="-329"/>
    <motionState vehicle="2" speed="2296" time="8960" acceleration="355"/>
    <motionState vehicle="3" speed="2337" time="8960" acceleration="901"/>
    <motionState vehicle="4" speed="7969" time="8960" acceleration="-7432"/>
    <motionState vehicle="5" speed="2430" time="8960" acceleration="1272"/>
    <motionState vehicle="6" speed="2560" time="8960" acceleration="1528"/>
    <motionState vehicle="7" speed="2714" time="8960" acceleration="1676"/>
    <motionState vehicle="8" speed="2882" time="8960" acceleration="1420"/>
    <motionState vehicle="9" speed="3020" time="8960" acceleration="205"/>
    <motionState vehicle="10" speed="3028" time="8960" acceleration="-1943"/>
    <motionState vehicle="11" speed="2813" time="8960" acceleration="-3272"/>
    <motionState vehicle="0" speed="6183" time="8970" acceleration="13636"/>
    <motionState vehicle="1" speed="2323" time="8970" acceleration="-322"/>
    <motionState vehicle="2" speed="2296" time="8970" acceleration="361"/>
    <motionState vehicle="3" speed="2338" time="8970" acceleration="904"/>
    <motionState vehicle="4" speed="7962" time="8970" acceleration="-7337"/>
    <motionState vehicle="5" speed="2432" time="8970" acceleration="1274"/>
    <motionState vehicle="6" speed="2561" time="8970" acceleration="1530"/>
    <motionState vehicle="7" speed="2716" time="8970" acceleration="1673"/>
    <motionState vehicle="8" speed="2884" time="8970" acceleration="1408"/>
    <motionState vehicle="9" speed="3020" time="8970" acceleration="185"/>
    <motionState vehicle="10" speed="3026" time="8970" acceleration="-1957"/>
    <motionState vehicle="11" speed="2809" time="8970" acceleration="-3260"/>
    <motionState vehicle="0" speed="6196" time="8980" acceleration="13636"/>
    <motionState vehicle="1" speed="2323" time="8980" acceleration="-315"/>
    <motionState vehicle="2" speed="2296" time="8980" acceleration="366"/>
    <motionState vehicle="3" speed="2339" time="8980" acceleration="908"/>
    <motionState vehicle="4" speed="7955" time="8980" acceleration="-7241"/>
    <motionState vehicle="5" speed="2433" time="8980" acceleration="1277"/>
    <motionState vehicle="6" speed="2563" time="8980" acceleration="1531"/>
    <motionState vehicle="7" speed="2718" time="8980" acceleration="1671"/>
    <motionState vehicle="8" speed="2885" time="8980" acceleration="1397"/>
    <motionState vehicle="9" speed="3021" time="8980" acceleration="164"/>
    <motionState vehicle="10" speed="3024" time="8980" acceleration="-1971"/>
    <motionState vehicle="11" speed="2806" time="8980" acceleration="-3248"/>
    <motionState vehicle="0" speed="6210" time="8990" acceleration="13636"/>
    <motionState vehicle="1" speed="2323" time="8990" acceleration="-309"/>
    <motionState vehicle="2" speed="2297" time="8990" acceleration="371"/>
    <motionState vehicle="3" speed="2339" time="8990" acceleration="912"/>
    <motionState vehicle="4" speed="7947" time="8990" acceleration="-7145"/>
    <motionState vehicle="5" speed="2434" time="8990" acceleration="1279"/>
    <motionState vehicle="6" speed="2564" time="8990" acceleration="1533"/>
    <motionState vehicle="7" speed="2719" time="8990" acceleration="1668"/>
    <motionState vehicle="8" speed="2886" time="8990" acceleration="1385"/>
    <motionState vehicle="9" speed="3021" time="8990" acceleration="143"/>
    <motionState vehicle="10" speed="3022" time="8990" acceleration="-1984"/>
    <motionState vehicle="11" speed="2803" time="8990" acceleration="-3236"/>
    <motionState vehicle="0" speed="6224" time="9000" acceleration="13636"/>
    <motionState vehicle="1" speed="2322" time="9000" acceleration="-302"/>
    <motionState vehicle="2" speed="2297" time="9000" acceleration="377"/>
    <motionState vehicle="3" speed="2340" time="9000" acceleration="916"/>
    <motionState vehicle="4" speed="7940" time="9000" acceleration="-7049"/>
    <motionState vehicle="5" speed="2436" time="9000" acceleration="1282"/>
    <motionState vehicle="6" speed="2566" time="9000" acceleration="1534"/>
    <motionState vehicle="7" speed="2721" time="9000" acceleration="1666"/>
    <motionState vehicle="8" speed="2888" time="9000" acceleration="1374"/>
    <motionState vehicle="9" speed="3021" time="9000" acceleration="123"/>
    <motionState vehicle="10" speed="3020" time="9000" acceleration="-1997"/>
    <motionState vehicle="11" speed="2800" time="9000" acceleration="-3224"/>
    <motionState vehicle="0" speed="6237" time="9010" acceleration="13636"/>
    <motionState vehicle="1" speed="2322" time="9010" acceleration="-295"/>
    <motionState vehicle="2" speed="2297" time="9010" acceleration="382"/>
    <motionState vehicle="3" speed="2341" time="9010" acceleration="919"/>
    <motionState vehicle="4" speed="7933" time="9010" acceleration="-6953"/>
    <motionState vehicle="5" speed="2437" time="9010" acceleration="1284"/>
    <motionState vehicle="6" speed="2567" time="9010" acceleration="1535"/>
    <motionState vehicle="7" speed="2723" time="9010" acceleration="1663"/>
    <motionState vehicle="8" speed="2889" time="9010" acceleration="1362"/>
    <motionState vehicle="9" speed="3021" time="9010" acceleration="102"/>
    <motionState vehicle="10" speed="3018" time="9010" acceleration="-2010"/>
    <motionState vehicle="11" speed="2797" time="9010" acceleration="-3211"/>
    <motionState vehicle="0" speed="6251" time="9020" acceleration="13636"/>
    <motionState vehicle="1" speed="2322" time="9020" acceleration="-289"/>
    <motionState vehicle="2" speed="2298" time="9020" acceleration="388"/>
    <motionState vehicle="3" speed="2342" time="9020" acceleration="923"/>
    <motionState vehicle="4" speed="7927" time="9020" acceleration="-6857"/>
    <motionState vehicle="5" speed="2438" time="9020" acceleration="1287"/>
    <motionState vehicle="6" speed="2569" time="9020" acceleration="1537"/>
    <motionState vehicle="7" speed="2724" time="9020" acceleration="1661"/>
    <motionState vehicle="8" speed="2891" time="9020" acceleration="1350"/>
    <motionState vehicle="9" speed="3021" time="9020" acceleration="82"/>
    <motionState vehicle="10" speed="3016" time="9020" acceleration="-2023"/>
    <motionState vehicle="11" speed="2793" time="9020" acceleration="-3199"/>
    <motionState vehicle="0" speed="6265" time="9030" acceleration="13636"/>
    <motionState vehicle="1" speed="2321" time="9030" acceleration="-282"/>
    <motionState vehicle="2" speed="2298" time="9030" acceleration="393"/>
    <motionState vehicle="3" speed="2343" time="9030" acceleration="926"/>
    <motionState vehicle="4" speed="7920" time="9030" acceleration="-6760"/>
    <motionState vehicle="5" speed="2439" time="9030" acceleration="1289"/>
    <motionState vehicle="6" speed="2570" time="9030" acceleration="1538"/>
    <motionState vehicle="7" speed="2726" time="9030" acceleration="1658"/>
    <motionState vehicle="8" speed="2892" time="9030" acceleration="1338"/>
    <motionState vehicle="9" speed="3021" time="9030" acceleration="61"/>
    <motionState vehicle="10" speed="3014" time="9030" acceleration="-2035"/>
    <motionState vehicle="11" speed="2790" time="9030" acceleration="-3186"/>
    <motionState vehicle="0" speed="6278" time="9040" acceleration="13636"/>
    <motionState vehicle="1" speed="2321" time="9040" acceleration="-276"/>
    <motionState vehicle="2" speed="2299" time="9040" acceleration="398"/>
    <motionState vehicle="3" speed="2344" time="9040" acceleration="930"/>
    <motionState vehicle="4" speed="7913" time="9040" acceleration="-6664"/>
    <motionState vehicle="5" speed="2441" time="9040" acceleration="1292"/>
    <motionState vehicle="6" speed="2572" time="9040" acceleration="1539"/>
    <motionState vehicle="7" speed="2728" time="9040" acceleration="1655"/>
    <motionState vehicle="8" speed="2893" time="9040" acceleration="1326"/>
    <motionState vehicle="9" speed="3021" time="9040" acceleration="41"/>
    <motionState vehicle="10" speed="3011" time="9040" acceleration="-2048"/>
    <motionState vehicle="11" speed="2787" time="9040" acceleration="-3173"/>
    <motionState vehicle="0" speed="6292" time="9050" acceleration="13636"/>
    <motionState vehicle="1" speed="2321" time="9050" acceleration="-269"/>
    <motionState vehicle="2" speed="2299" time="9050" acceleration="404"/>
    <motionState vehicle="3" speed="2345" time="9050" acceleration="934"/>
    <motionState vehicle="4" speed="7907" time="9050" acceleration="-6568"/>
    <motionState vehicle="5" speed="2442" time="9050" acceleration="1294"/>
    <motionState vehicle="6" speed="2574" time="9050" acceleration="1540"/>
    <motionState vehicle="7" speed="2729" time="9050" acceleration="1652"/>
    <motionState vehicle="8" speed="2895" time="9050" acceleration="1314"/>
    <motionState vehicle="9" speed="3021" time="9050" acceleration="21"/>
    <motionState vehicle="10" speed="3009" time="9050" acceleration="-2060"/>
    <motionState vehicle="11" speed="2784" time="9050" acceleration="-3160"/>
    <motionState vehicle="0" speed="6306" time="9060" acceleration="13636"/>
    <motionState vehicle="1" speed="2321" time="9060" acceleration="-262"/>
    <motionState vehicle="2" speed="2299" time="9060" acceleration="409"/>
    <motionState vehicle="3" speed="2346" time="9060" acceleration="937"/>
    <motionState vehicle="4" speed="7900" time="9060" acceleration="-6471"/>
    <motionState vehicle="5" speed="2443" time="9060" acceleration="1296"/>
    <motionState vehicle="6" speed="2575" time="9060" acceleration="1542"/>
    <motionState vehicle="7" speed="2731" time="9060" acceleration="1649"/>
    <motionState vehicle="8" speed="2896" time="9060" acceleration="1302"/>
    <motionState vehicle="9" speed="3021" time="9060" acceleration="1"/>
    <motionState vehicle="10" speed="3007" time="9060" acceleration="-2071"/>
    <motionState vehicle="11" speed="2781" time="9060" acceleration="-3147"/>
    <motionState vehicle="0" speed="6319" time="9070" acceleration="13636"/>
    <motionState vehicle="1" speed="2320" time="9070" acceleration="-256"/>
    <motionState vehicle="2" speed="2300" time="9070" acceleration="414"/>
    <motionState vehicle="3" speed="2347" time="9070" acceleration="941"/>
    <motionState vehicle="4" speed="7894" time="9070" acceleration="-6374"/>
    <motionState vehicle="5" speed="2445" time="9070" acceleration="1299"/>
    <motionState vehicle="6" speed="2577" time="9070" acceleration="1543"/>
    <motionState vehicle="7" speed="2732" time="9070" acceleration="1646"/>
    <motionState vehicle="8" speed="2897" time="9070" acceleration="1290"/>
    <motionState vehicle="9" speed="3021" time="9070" acceleration="-19"/>
    <motionState vehicle="10" speed="3005" time="9070" acceleration="-2083"/>
    <motionState vehicle="11" speed="2778" time="9070" acceleration="-3134"/>
    <motionState vehicle="0" speed="6333" time="9080" acceleration="13636"/>
    <motionState vehicle="1" speed="2320" time="9080" acceleration="-249"/>
    <motionState vehicle="2" speed="2300" time="9080" acceleration="420"/>
    <motionState vehicle="3" speed="2348" time="9080" acceleration="944"/>
    <motionState vehicle="4" speed="7887" time="9080" acceleration="-6277"/>
    <motionState vehicle="5" speed="2446" time="9080" acceleration="1301"/>
    <motionState vehicle="6" speed="2578" time="9080" acceleration="1544"/>
    <motionState vehicle="7" speed="2734" time="9080" acceleration="1642"/>
    <motionState vehicle="8" speed="2898" time="9080" acceleration="1277"/>
    <motionState vehicle="9" speed="3021" time="9080" acceleration="-39"/>
    <motionState vehicle="10" speed="3003" time="9080" acceleration="-2094"/>
    <motionState vehicle="11" speed="2774" time="9080" acceleration="-3121"/>
    <motionState vehicle="0" speed="6346" time="9090" acceleration="13636"/>
    <motionState vehicle="1" speed="2320" time="9090" acceleration="-243"/>
    <motionState vehicle="2" speed="2301" time="9090" acceleration="425"/>
    <motionState vehicle="3" speed="2349" time="9090" acceleration="948"/>
    <motionState vehicle="4" speed="7881" time="9090" acceleration="-6181"/>
    <motionState vehicle="5" speed="2447" time="9090" acceleration="1304"/>
    <motionState vehicle="6" speed="2580" time="9090" acceleration="1545"/>
    <motionState vehicle="7" speed="2736" time="9090" acceleration="1639"/>
    <motionState vehicle="8" speed="2900" time="9090" acceleration="1265"/>
    <motionState vehicle="9" speed="3021" time="9090" acceleration="-59"/>
    <motionState vehicle="10" speed="3001" time="9090" acceleration="-2105"/>
    <motionState vehicle="11" speed="2771" time="9090" acceleration="-3108"/>
    <motionState vehicle="0" speed="6360" time="9100" acceleration="13636"/>
    <motionState vehicle="1" speed="2320" time="9100" acceleration="-236"/>
    <motionState vehicle="2" speed="2301" time="9100" acceleration="430"/>
    <motionState vehicle="3" speed="2350" time="9100" acceleration="952"/>
    <motionState vehicle="4" speed="7875" time="9100" acceleration="-6084"/>
    <motionState vehicle="5" speed="2449" time="9100" acceleration="1306"/>
    <motionState vehicle="6" speed="2581" time="9100" acceleration="1546"/>
    <motionState vehicle="7" speed="2737" time="9100" acceleration="1636"/>
    <motionState vehicle="8" speed="2901" time="9100" acceleration="1252"/>
    <motionState vehicle="9" speed="3021" time="9100" acceleration="-78"/>
    <motionState vehicle="10" speed="2999" time="9100" acceleration="-2116"/>
    <motionState vehicle="11" speed="2768" time="9100" acceleration="-3095"/>
    <motionState vehicle="0" speed="6374" time="9110" acceleration="13636"/>
    <motionState vehicle="1" speed="2319" time="9110" acceleration="-230"/>
    <motionState vehicle="2" speed="2301" time="9110" acceleration="436"/>
    <motionState vehicle="3" speed="2351" time="9110" acceleration="955"/>
    <motionState vehicle="4" speed="7869" time="9110" acceleration="-5987"/>
    <motionState vehicle="5" speed="2450" time="9110" acceleration="1308"/>
    <motionState vehicle="6" speed="2583" time="9110" acceleration="1547"/>
    <motionState vehicle="7" speed="2739" time="9110" acceleration="1632"/>
    <motionState vehicle="8" speed="2902" time="9110" acceleration="1240"/>
    <motionState vehicle="9" speed="3021" time="9110" acceleration="-98"/>
    <motionState vehicle="10" speed="2997" time="9110" acceleration="-2127"/>
    <motionState vehicle="11" speed="2765" time="9110" acceleration="-3081"/>
    <motionState vehicle="0" speed="6387" time="9120" acceleration="13636"/>
    <motionState vehicle="1" speed="2319" time="9120" acceleration="-223"/>
    <motionState vehicle="2" speed="2302" time="9120" acceleration="441"/>
    <motionState vehicle="3" speed="2352" time="9120" acceleration="959"/>
    <motionState vehicle="4" speed="7863" time="9120" acceleration="-5890"/>
    <motionState vehicle="5" speed="2451" time="9120" acceleration="1311"/>
    <motionState vehicle="6" speed="2584" time="9120" acceleration="1548"/>
    <motionState vehicle="7" speed="2741" time="9120" acceleration="1629"/>
    <motionState vehicle="8" speed="2903" time="9120" acceleration="1227"/>
    <motionState vehicle="9" speed="3021" time="9120" acceleration="-118"/>
    <motionState vehicle="10" speed="2995" time="9120" acceleration="-2137"/>
    <motionState vehicle="11" speed="2762" time="9120" acceleration="-3068"/>
    <motionState vehicle="0" speed="6401" time="9130" acceleration="13636"/>
    <motionState vehicle="1" speed="2319" time="9130" acceleration="-216"/>
    <motionState vehicle="2" speed="2302" time="9130" acceleration="446"/>
    <motionState vehicle="3" speed="2353" time="9130" acceleration="962"/>
    <motionState vehicle="4" speed="7857" time="9130" acceleration="-5793"/>
    <motionState vehicle="5" speed="2452" time="9130" acceleration="1313"/>
    <motionState vehicle="6" speed="2586" time="9130" acceleration="1549"/>
    <motionState vehicle="7" speed="2742" time="9130" acceleration="1625"/>
    <motionState vehicle="8" speed="2905" time="9130" acceleration="1214"/>
    <motionState vehicle="9" speed="3021" time="9130" acceleration="-138"/>
    <motionState vehicle="10" speed="2993" time="9130" acceleration="-2147"/>
    <motionState vehicle="11" speed="2759" time="9130" acceleration="-3055"/>
    <motionState vehicle="0" speed="6415" time="9140" acceleration="13636"/>
    <motionState vehicle="1" speed="2319" time="9140" acceleration="-210"/>
    <motionState vehicle="2" speed="2303" time="9140" acceleration="451"/>
    <motionState vehicle="3" speed="2354" time="9140" acceleration="966"/>
    <motionState vehicle="4" speed="7852" time="9140" acceleration="-5696"/>
    <motionState vehicle="5" speed="2454" time="9140" acceleration="1315"/>
    <motionState vehicle="6" speed="2587" time="9140" acceleration="1549"/>
    <motionState vehicle="7" speed="2744" time="9140" acceleration="1621"/>
    <motionState vehicle="8" speed="2906" time="9140" acceleration="1202"/>
    <motionState vehicle="9" speed="3020" time="9140" acceleration="-157"/>
    <motionState vehicle="10" speed="2990" time="9140" acceleration="-2157"/>
    <motionState vehicle="11" speed="2756" time="9140" acceleration="-3041"/>
    <motionState vehicle="0" speed="6428" time="9150" acceleration="13636"/>
    <motionState vehicle="1" speed="2318" time="9150" acceleration="-203"/>
    <motionState vehicle="2" speed="2303" time="9150" acceleration="456"/>
    <motionState vehicle="3" speed="2355" time="9150" acceleration="969"/>
    <motionState vehicle="4" speed="7846" time="9150" acceleration="-5599"/>
    <motionState vehicle="5" speed="2455" time="9150" acceleration="1318"/>
    <motionState vehicle="6" speed="2589" time="9150" acceleration="1550"/>
    <motionState vehicle="7" speed="2745" time="9150" acceleration="1617"/>
    <motionState vehicle="8" speed="2907" time="9150" acceleration="1189"/>
    <motionState vehicle="9" speed="3020" time="9150" acceleration="-177"/>
    <motionState vehicle="10" speed="2988" time="9150" acceleration="-2167"/>
    <motionState vehicle="11" speed="2753" time="9150" acceleration="-3027"/>
    <motionState vehicle="0" speed="6442" time="9160" acceleration="13636"/>
    <motionState vehicle="1" speed="2318" time="9160" acceleration="-197"/>
    <motionState vehicle="2" speed="2304" time="9160" acceleration="462"/>
    <motionState vehicle="3" speed="2356" time="9160" acceleration="973"/>
    <motionState vehicle="4" speed="7841" time="9160" acceleration="-5502"/>
    <motionState vehicle="5" speed="2456" time="9160" acceleration="1320"/>
    <motionState vehicle="6" speed="2591" time="9160" acceleration="1551"/>
    <motionState vehicle="7" speed="2747" time="9160" acceleration="1614"/>
    <motionState vehicle="8" speed="2908" time="9160" acceleration="1176"/>
    <motionState vehicle="9" speed="3020" time="9160" acceleration="-196"/>
    <motionState vehicle="10" speed="2986" time="9160" acceleration="-2177"/>
    <motionState vehicle="11" speed="2750" time="9160" acceleration="-3014"/>
    <motionState vehicle="0" speed="6456" time="9170" acceleration="13636"/>
    <motionState vehicle="1" speed="2318" time="9170" acceleration="-190"/>
    <motionState vehicle="2" speed="2304" time="9170" acceleration="467"/>
    <motionState vehicle="3" speed="2356" time="9170" acceleration="976"/>
    <motionState vehicle="4" speed="7835" time="9170" acceleration="-5406"/>
    <motionState vehicle="5" speed="2458" time="9170" acceleration="1322"/>
    <motionState vehicle="6" speed="2592" time="9170" acceleration="1552"/>
    <motionState vehicle="7" speed="2749" time="9170" acceleration="1610"/>
    <motionState vehicle="8" speed="2909" time="9170" acceleration="1163"/>
    <motionState vehicle="9" speed="3020" time="9170" acceleration="-215"/>
    <motionState vehicle="10" speed="2984" time="9170" acceleration="-2186"/>
    <motionState vehicle="11" speed="2747" time="9170" acceleration="-3000"/>
    <motionState vehicle="0" speed="6469" time="9180" acceleration="13636"/>
    <motionState vehicle="1" speed="2318" time="9180" acceleration="-184"/>
    <motionState vehicle="2" speed="2305" time="9180" acceleration="472"/>
    <motionState vehicle="3" speed="2357" time="9180" acceleration="980"/>
    <motionState vehicle="4" speed="7830" time="9180" acceleration="-5309"/>
    <motionState vehicle="5" speed="2459" time="9180" acceleration="1325"/>
    <motionState vehicle="6" speed="2594" time="9180" acceleration="1552"/>
    <motionState vehicle="7" speed="2750" time="9180" acceleration="1605"/>
    <motionState vehicle="8" speed="2910" time="9180" acceleration="1150"/>
    <motionState vehicle="9" speed="3020" time="9180" acceleration="-235"/>
    <motionState vehicle="10" speed="2982" time="9180" acceleration="-2195"/>
    <motionState vehicle="11" speed="2744" time="9180" acceleration="-2986"/>
    <motionState vehicle="0" speed="6483" time="9190" acceleration="13636"/>
    <motionState vehicle="1" speed="2318" time="9190" acceleration="-178"/>
    <motionState vehicle="2" speed="2305" time="9190" acceleration="477"/>
    <motionState vehicle="3" speed="2358" time="9190" acceleration="983"/>
    <motionState vehicle="4" speed="7825" time="9190" acceleration="-5212"/>
    <motionState vehicle="5" speed="2460" time="9190" acceleration="1327"/>
    <motionState vehicle="6" speed="2595" time="9190" acceleration="1553"/>
    <motionState vehicle="7" speed="2752" time="9190" acceleration="1601"/>
    <motionState vehicle="8" speed="2912" time="9190" acceleration="1137"/>
    <motionState vehicle="9" speed="3019" time="9190" acceleration="-254"/>
    <motionState vehicle="10" speed="2979" time="9190" acceleration="-2204"/>
    <motionState vehicle="11" speed="2741" time="9190" acceleration="-2972"/>
    <motionState vehicle="0" speed="6496" time="9200" acceleration="13636"/>
    <motionState vehicle="1" speed="2318" time="9200" acceleration="-171"/>
    <motionState vehicle="2" speed="2306" time="9200" acceleration="482"/>
    <motionState vehicle="3" speed="2359" time="9200" acceleration="987"/>
    <motionState vehicle="4" speed="7820" time="9200" acceleration="-5115"/>
    <motionState vehicle="5" speed="2462" time="9200" acceleration="1329"/>
    <motionState vehicle="6" speed="2597" time="9200" acceleration="1553"/>
    <motionState vehicle="7" speed="2754" time="9200" acceleration="1597"/>
    <motionState vehicle="8" speed="2913" time="9200" acceleration="1123"/>
    <motionState vehicle="9" speed="3019" time="9200" acceleration="-273"/>
    <motionState vehicle="10" speed="2977" time="9200" acceleration="-2212"/>
    <motionState vehicle="11" speed="2738" time="9200" acceleration="-2958"/>
    <motionState vehicle="0" speed="6510" time="9210" acceleration="13636"/>
    <motionState vehicle="1" speed="2317" time="9210" acceleration="-165"/>
    <motionState vehicle="2" speed="2306" time="9210" acceleration="487"/>
    <motionState vehicle="3" speed="2360" time="9210" acceleration="990"/>
    <motionState vehicle="4" speed="7815" time="9210" acceleration="-5019"/>
    <motionState vehicle="5" speed="2463" time="9210" acceleration="1331"/>
    <motionState vehicle="6" speed="2598" time="9210" acceleration="1554"/>
    <motionState vehicle="7" speed="2755" time="9210" acceleration="1593"/>
    <motionState vehicle="8" speed="2914" time="9210" acceleration="1110"/>
    <motionState vehicle="9" speed="3019" time="9210" acceleration="-292"/>
    <motionState vehicle="10" speed="2975" time="9210" acceleration="-2221"/>
    <motionState vehicle="11" speed="2735" time="9210" acceleration="-2944"/>
    <motionState vehicle="0" speed="6524" time="9220" acceleration="13636"/>
    <motionState vehicle="1" speed="2317" time="9220" acceleration="-158"/>
    <motionState vehicle="2" speed="2307" time="9220" acceleration="492"/>
    <motionState vehicle="3" speed="2361" time="9220" acceleration="993"/>
    <motionState vehicle="4" speed="7810" time="9220" acceleration="-4922"/>
    <motionState vehicle="5" speed="2464" time="9220" acceleration="1334"/>
    <motionState vehicle="6" speed="2600" time="9220" acceleration="1554"/>
    <motionState vehicle="7" speed="2757" time="9220" acceleration="1588"/>
    <motionState vehicle="8" speed="2915" time="9220" acceleration="1097"/>
    <motionState vehicle="9" speed="3019" time="9220" acceleration="-311"/>
    <motionState vehicle="10" speed="2973" time="9220" acceleration="-2229"/>
    <motionState vehicle="11" speed="2732" time="9220" acceleration="-2930"/>
    <motionState vehicle="0" speed="6537" time="9230" acceleration="13636"/>
    <motionState vehicle="1" speed="2317" time="9230" acceleration="-152"/>
    <motionState vehicle="2" speed="2307" time="9230" acceleration="497"/>
    <motionState vehicle="3" speed="2362" time="9230" acceleration="997"/>
    <motionState vehicle="4" speed="7805" time="9230" acceleration="-4825"/>
    <motionState vehicle="5" speed="2466" time="9230" acceleration="1336"/>
    <motionState vehicle="6" speed="2601" time="9230" acceleration="1555"/>
    <motionState vehicle="7" speed="2758" time="9230" acceleration="1584"/>
    <motionState vehicle="8" speed="2916" time="9230" acceleration="1083"/>
    <motionState vehicle="9" speed="3018" time="9230" acceleration="-329"/>
    <motionState vehicle="10" speed="2971" time="9230" acceleration="-2237"/>
    <motionState vehicle="11" speed="2729" time="9230" acceleration="-2916"/>
    <motionState vehicle="0" speed="6551" time="9240" acceleration="13636"/>
    <motionState vehicle="1" speed="2317" time="9240" acceleration="-145"/>
    <motionState vehicle="2" speed="2308" time="9240" acceleration="502"/>
    <motionState vehicle="3" speed="2363" time="9240" acceleration="1000"/>
    <motionState vehicle="4" speed="7800" time="9240" acceleration="-4729"/>
    <motionState vehicle="5" speed="2467" time="9240" acceleration="1338"/>
    <motionState vehicle="6" speed="2603" time="9240" acceleration="1555"/>
    <motionState vehicle="7" speed="2760" time="9240" acceleration="1579"/>
    <motionState vehicle="8" speed="2917" time="9240" acceleration="1070"/>
    <motionState vehicle="9" speed="3018" time="9240" acceleration="-348"/>
    <motionState vehicle="10" speed="2968" time="9240" acceleration="-2245"/>
    <motionState vehicle="11" speed="2726" time="9240" acceleration="-2902"/>
    <motionState vehicle="0" speed="6565" time="9250" acceleration="13636"/>
    <motionState vehicle="1" speed="2317" time="9250" acceleration="-139"/>
    <motionState vehicle="2" speed="2308" time="9250" acceleration="507"/>
    <motionState vehicle="3" speed="2364" time="9250" acceleration="1004"/>
    <motionState vehicle="4" speed="7795" time="9250" acceleration="-4632"/>
    <motionState vehicle="5" speed="2468" time="9250" acceleration="1340"/>
    <motionState vehicle="6" speed="2605" time="9250" acceleration="1556"/>
    <motionState vehicle="7" speed="2761" time="9250" acceleration="1574"/>
    <motionState vehicle="8" speed="2918" time="9250" acceleration="1057"/>
    <motionState vehicle="9" speed="3017" time="9250" acceleration="-367"/>
    <motionState vehicle="10" speed="2966" time="9250" acceleration="-2252"/>
    <motionState vehicle="11" speed="2723" time="9250" acceleration="-2888"/>
    <motionState vehicle="0" speed="6578" time="9260" acceleration="13636"/>
    <motionState vehicle="1" speed="2317" time="9260" acceleration="-133"/>
    <motionState vehicle="2" speed="2309" time="9260" acceleration="512"/>
    <motionState vehicle="3" speed="2365" time="9260" acceleration="1007"/>
    <motionState vehicle="4" speed="7791" time="9260" acceleration="-4536"/>
    <motionState vehicle="5" speed="2470" time="9260" acceleration="1342"/>
    <motionState vehicle="6" speed="2606" time="9260" acceleration="1556"/>
    <motionState vehicle="7" speed="2763" time="9260" acceleration="1570"/>
    <motionState vehicle="8" speed="2919" time="9260" acceleration="1043"/>
    <motionState vehicle="9" speed="3017" time="9260" acceleration="-385"/>
    <motionState vehicle="10" speed="2964" time="9260" acceleration="-2260"/>
    <motionState vehicle="11" speed="2721" time="9260" acceleration="-2873"/>
    <motionState vehicle="0" speed="6592" time="9270" acceleration="13636"/>
    <motionState vehicle="1" speed="2317" time="9270" acceleration="-126"/>
    <motionState vehicle="2" speed="2309" time="9270" acceleration="517"/>
    <motionState vehicle="3" speed="2366" time="9270" acceleration="1010"/>
    <motionState vehicle="4" speed="7787" time="9270" acceleration="-4440"/>
    <motionState vehicle="5" speed="2471" time="9270" acceleration="1344"/>
    <motionState vehicle="6" speed="2608" time="9270" acceleration="1556"/>
    <motionState vehicle="7" speed="2765" time="9270" acceleration="1565"/>
    <motionState vehicle="8" speed="2920" time="9270" acceleration="1030"/>
    <motionState vehicle="9" speed="3017" time="9270" acceleration="-403"/>
    <motionState vehicle="10" speed="2962" time="9270" acceleration="-2267"/>
    <motionState vehicle="11" speed="2718" time="9270" acceleration="-2859"/>
    <motionState vehicle="0" speed="6606" time="9280" acceleration="13636"/>
    <motionState vehicle="1" speed="2316" time="9280" acceleration="-120"/>
    <motionState vehicle="2" speed="2310" time="9280" acceleration="522"/>
    <motionState vehicle="3" speed="2367" time="9280" acceleration="1014"/>
    <motionState vehicle="4" speed="7782" time="9280" acceleration="-4344"/>
    <motionState vehicle="5" speed="2472" time="9280" acceleration="1347"/>
    <motionState vehicle="6" speed="2609" time="9280" acceleration="1556"/>
    <motionState vehicle="7" speed="2766" time="9280" acceleration="1560"/>
    <motionState vehicle="8" speed="2921" time="9280" acceleration="1016"/>
    <motionState vehicle="9" speed="3016" time="9280" acceleration="-422"/>
    <motionState vehicle="10" speed="2959" time="9280" acceleration="-2274"/>
    <motionState vehicle="11" speed="2715" time="9280" acceleration="-2845"/>
    <motionState vehicle="0" speed="6619" time="9290" acceleration="13636"/>
    <motionState vehicle="1" speed="2316" time="9290" acceleration="-114"/>
    <motionState vehicle="2" speed="2310" time="9290" acceleration="527"/>
    <motionState vehicle="3" speed="2368" time="9290" acceleration="1017"/>
    <motionState vehicle="4" speed="7778" time="9290" acceleration="-4248"/>
    <motionState vehicle="5" speed="2474" time="9290" acceleration="1349"/>
    <motionState vehicle="6" speed="2611" time="9290" acceleration="1556"/>
    <motionState vehicle="7" speed="2768" time="9290" acceleration="1555"/>
    <motionState vehicle="8" speed="2922" time="9290" acceleration="1002"/>
    <motionState vehicle="9" speed="3016" time="9290" acceleration="-440"/>
    <motionState vehicle="10" speed="2957" time="9290" acceleration="-2281"/>
    <motionState vehicle="11" speed="2712" time="9290" acceleration="-2830"/>
    <motionState vehicle="0" speed="6633" time="9300" acceleration="13636"/>
    <motionState vehicle="1" speed="2316" time="9300" acceleration="-107"/>
    <motionState vehicle="2" speed="2311" time="9300" acceleration="532"/>
    <motionState vehicle="3" speed="2369" time="9300" acceleration="1021"/>
    <motionState vehicle="4" speed="7774" time="9300" acceleration="-4152"/>
    <motionState vehicle="5" speed="2475" time="9300" acceleration="1351"/>
    <motionState vehicle="6" speed="2612" time="9300" acceleration="1557"/>
    <motionState vehicle="7" speed="2769" time="9300" acceleration="1550"/>
    <motionState vehicle="8" speed="2923" time="9300" acceleration="988"/>
    <motionState vehicle="9" speed="3015" time="9300" acceleration="-458"/>
    <motionState vehicle="10" speed="2955" time="9300" acceleration="-2287"/>
    <motionState vehicle="11" speed="2709" time="9300" acceleration="-2816"/>
    <motionState vehicle="0" speed="6646" time="9310" acceleration="13636"/>
    <motionState vehicle="1" speed="2316" time="9310" acceleration="-101"/>
    <motionState vehicle="2" speed="2311" time="9310" acceleration="537"/>
    <motionState vehicle="3" speed="2371" time="9310" acceleration="1024"/>
    <motionState vehicle="4" speed="7770" time="9310" acceleration="-4056"/>
    <motionState vehicle="5" speed="2476" time="9310" acceleration="1353"/>
    <motionState vehicle="6" speed="2614" time="9310" acceleration="1557"/>
    <motionState vehicle="7" speed="2771" time="9310" acceleration="1544"/>
    <motionState vehicle="8" speed="2924" time="9310" acceleration="975"/>
    <motionState vehicle="9" speed="3015" time="9310" acceleration="-476"/>
    <motionState vehicle="10" speed="2952" time="9310" acceleration="-2293"/>
    <motionState vehicle="11" speed="2706" time="9310" acceleration="-2801"/>
    <motionState vehicle="0" speed="6660" time="9320" acceleration="13636"/>
    <motionState vehicle="1" speed="2316" time="9320" acceleration="-95"/>
    <motionState vehicle="2" speed="2312" time="9320" acceleration="542"/>
    <motionState vehicle="3" speed="2372" time="9320" acceleration="1027"/>
    <motionState vehicle="4" speed="7766" time="9320" acceleration="-3961"/>
    <motionState vehicle="5" speed="2478" time="9320" acceleration="1355"/>
    <motionState vehicle="6" speed="2615" time="9320" acceleration="1557"/>
    <motionState vehicle="7" speed="2772" time="9320" acceleration="1539"/>
    <motionState vehicle="8" speed="2925" time="9320" acceleration="961"/>
    <motionState vehicle="9" speed="3014" time="9320" acceleration="-494"/>
    <motionState vehicle="10" speed="2950" time="9320" acceleration="-2300"/>
    <motionState vehicle="11" speed="2704" time="9320" acceleration="-2787"/>
    <motionState vehicle="0" speed="6674" time="9330" acceleration="13636"/>
    <motionState vehicle="1" speed="2316" time="9330" acceleration="-88"/>
    <motionState vehicle="2" speed="2312" time="9330" acceleration="547"/>
    <motionState vehicle="3" speed="2373" time="9330" acceleration="1030"/>
    <motionState vehicle="4" speed="7762" time="9330" acceleration="-3865"/>
    <motionState vehicle="5" speed="2479" time="9330" acceleration="1357"/>
    <motionState vehicle="6" speed="2617" time="9330" acceleration="1557"/>
    <motionState vehicle="7" speed="2774" time="9330" acceleration="1534"/>
    <motionState vehicle="8" speed="2926" time="9330" acceleration="947"/>
    <motionState vehicle="9" speed="3014" time="9330" acceleration="-512"/>
    <motionState vehicle="10" speed="2948" time="9330" acceleration="-2305"/>
    <motionState vehicle="11" speed="2701" time="9330" acceleration="-2772"/>
    <motionState vehicle="0" speed="6687" time="9340" acceleration="13636"/>
    <motionState vehicle="1" speed="2316" time="9340" acceleration="-82"/>
    <motionState vehicle="2" speed="2313" time="9340" acceleration="552"/>
    <motionState vehicle="3" speed="2374" time="9340" acceleration="1034"/>
    <motionState vehicle="4" speed="7758" time="9340" acceleration="-3770"/>
    <motionState vehicle="5" speed="2481" time="9340" acceleration="1359"/>
    <motionState vehicle="6" speed="2619" time="9340" acceleration="1557"/>
    <motionState vehicle="7" speed="2775" time="9340" acceleration="1528"/>
    <motionState vehicle="8" speed="2927" time="9340" acceleration="933"/>
    <motionState vehicle="9" speed="3013" time="9340" acceleration="-529"/>
    <motionState vehicle="10" speed="2945" time="9340" acceleration="-2311"/>
    <motionState vehicle="11" speed="2698" time="9340" acceleration="-2757"/>
    <motionState vehicle="0" speed="6701" time="9350" acceleration="13636"/>
    <motionState vehicle="1" speed="2316" time="9350" acceleration="-76"/>
    <motionState vehicle="2" speed="2313" time="9350" acceleration="557"/>
    <motionState vehicle="3" speed="2375" time="9350" acceleration="1037"/>
    <motionState vehicle="4" speed="7754" time="9350" acceleration="-3675"/>
    <motionState vehicle="5" speed="2482" time="9350" acceleration="1361"/>
    <motionState vehicle="6" speed="2620" time="9350" acceleration="1556"/>
    <motionState vehicle="7" speed="2777" time="9350" acceleration="1523"/>
    <motionState vehicle="8" speed="2928" time="9350" acceleration="919"/>
    <motionState vehicle="9" speed="3013" time="9350" acceleration="-547"/>
    <motionState vehicle="10" speed="2943" time="9350" acceleration="-2317"/>
    <motionState vehicle="11" speed="2695" time="9350" acceleration="-2743"/>
    <motionState vehicle="0" speed="6715" time="9360" acceleration="13636"/>
    <motionState vehicle="1" speed="2316" time="9360" acceleration="-70"/>
    <motionState vehicle="2" speed="2314" time="9360" acceleration="562"/>
    <motionState vehicle="3" speed="2376" time="9360" acceleration="1040"/>
    <motionState vehicle="4" speed="7751" time="9360" acceleration="-3580"/>
    <motionState vehicle="5" speed="2483" time="9360" acceleration="1363"/>
    <motionState vehicle="6" speed="2622" time="9360" acceleration="1556"/>
    <motionState vehicle="7" speed="2778" time="9360" acceleration="1517"/>
    <motionState vehicle="8" speed="2929" time="9360" acceleration="905"/>
    <motionState vehicle="9" speed="3012" time="9360" acceleration="-564"/>
    <motionState vehicle="10" speed="2941" time="9360" acceleration="-2322"/>
    <motionState vehicle="11" speed="2693" time="9360" acceleration="-2728"/>
    <motionState vehicle="0" speed="6728" time="9370" acceleration="13636"/>
    <motionState vehicle="1" speed="2316" time="9370" acceleration="-63"/>
    <motionState vehicle="2" speed="2315" time="9370" acceleration="567"/>
    <motionState vehicle="3" speed="2377" time="9370" acceleration="1044"/>
    <motionState vehicle="4" speed="7747" time="9370" acceleration="-3485"/>
    <motionState vehicle="5" speed="2485" time="9370" acceleration="1365"/>
    <motionState vehicle="6" speed="2623" time="9370" acceleration="1556"/>
    <motionState vehicle="7" speed="2780" time="9370" acceleration="1512"/>
    <motionState vehicle="8" speed="2930" time="9370" acceleration="891"/>
    <motionState vehicle="9" speed="3012" time="9370" acceleration="-581"/>
    <motionState vehicle="10" speed="2938" time="9370" acceleration="-2327"/>
    <motionState vehicle="11" speed="2690" time="9370" acceleration="-2713"/>
    <motionState vehicle="0" speed="6742" time="9380" acceleration="13636"/>
    <motionState vehicle="1" speed="2316" time="9380" acceleration="-57"/>
    <motionState vehicle="2" speed="2315" time="9380" acceleration="571"/>
    <motionState vehicle="3" speed="2378" time="9380" acceleration="1047"/>
    <motionState vehicle="4" speed="7744" time="9380" acceleration="-3390"/>
    <motionState vehicle="5" speed="2486" time="9380" acceleration="1367"/>
    <motionState vehicle="6" speed="2625" time="9380" acceleration="1556"/>
    <motionState vehicle="7" speed="2781" time="9380" acceleration="1506"/>
    <motionState vehicle="8" speed="2931" time="9380" acceleration="877"/>
    <motionState vehicle="9" speed="3011" time="9380" acceleration="-599"/>
    <motionState vehicle="10" speed="2936" time="9380" acceleration="-2332"/>
    <motionState vehicle="11" speed="2687" time="9380" acceleration="-2699"/>
    <motionState vehicle="0" speed="6756" time="9390" acceleration="13636"/>
    <motionState vehicle="1" speed="2315" time="9390" acceleration="-51"/>
    <motionState vehicle="2" speed="2316" time="9390" acceleration="576"/>
    <motionState vehicle="3" speed="2379" time="9390" acceleration="1050"/>
    <motionState vehicle="4" speed="7741" time="9390" acceleration="-3295"/>
    <motionState vehicle="5" speed="2487" time="9390" acceleration="1369"/>
    <motionState vehicle="6" speed="2626" time="9390" acceleration="1555"/>
    <motionState vehicle="7" speed="2783" time="9390" acceleration="1500"/>
    <motionState vehicle="8" speed="2931" time="9390" acceleration="863"/>
    <motionState vehicle="9" speed="3010" time="9390" acceleration="-616"/>
    <motionState vehicle="10" speed="2934" time="9390" acceleration="-2337"/>
    <motionState vehicle="11" speed="2684" time="9390" acceleration="-2684"/>
    <motionState vehicle="0" speed="6769" time="9400" acceleration="13636"/>
    <motionState vehicle="1" speed="2315" time="9400" acceleration="-45"/>
    <motionState vehicle="2" speed="2316" time="9400" acceleration="581"/>
    <motionState vehicle="3" speed="2380" time="9400" acceleration="1053"/>
    <motionState vehicle="4" speed="7737" time="9400" acceleration="-3201"/>
    <motionState vehicle="5" speed="2489" time="9400" acceleration="1371"/>
    <motionState vehicle="6" speed="2628" time="9400" acceleration="1555"/>
    <motionState vehicle="7" speed="2784" time="9400" acceleration="1494"/>
    <motionState vehicle="8" speed="2932" time="9400" acceleration="849"/>
    <motionState vehicle="9" speed="3010" time="9400" acceleration="-633"/>
    <motionState vehicle="10" speed="2931" time="9400" acceleration="-2341"/>
    <motionState vehicle="11" speed="2682" time="9400" acceleration="-2669"/>
    <motionState vehicle="0" speed="6783" time="9410" acceleration="13636"/>
    <motionState vehicle="1" speed="2315" time="9410" acceleration="-38"/>
    <motionState vehicle="2" speed="2317" time="9410" acceleration="586"/>
    <motionState vehicle="3" speed="2381" time="9410" acceleration="1056"/>
    <motionState vehicle="4" speed="7734" time="9410" acceleration="-3107"/>
    <motionState vehicle="5" speed="2490" time="9410" acceleration="1372"/>
    <motionState vehicle="6" speed="2629" time="9410" acceleration="1554"/>
    <motionState vehicle="7" speed="2786" time="9410" acceleration="1488"/>
    <motionState vehicle="8" speed="2933" time="9410" acceleration="835"/>
    <motionState vehicle="9" speed="3009" time="9410" acceleration="-650"/>
    <motionState vehicle="10" speed="2929" time="9410" acceleration="-2346"/>
    <motionState vehicle="11" speed="2679" time="9410" acceleration="-2654"/>
    <motionState vehicle="0" speed="6796" time="9420" acceleration="13636"/>
    <motionState vehicle="1" speed="2315" time="9420" acceleration="-32"/>
    <motionState vehicle="2" speed="2318" time="9420" acceleration="591"/>
    <motionState vehicle="3" speed="2382" time="9420" acceleration="1060"/>
    <motionState vehicle="4" speed="7731" time="9420" acceleration="-3013"/>
    <motionState vehicle="5" speed="2491" time="9420" acceleration="1374"/>
    <motionState vehicle="6" speed="2631" time="9420" acceleration="1554"/>
    <motionState vehicle="7" speed="2787" time="9420" acceleration="1482"/>
    <motionState vehicle="8" speed="2934" time="9420" acceleration="821"/>
    <motionState vehicle="9" speed="3008" time="9420" acceleration="-667"/>
    <motionState vehicle="10" speed="2927" time="9420" acceleration="-2350"/>
    <motionState vehicle="11" speed="2677" time="9420" acceleration="-2639"/>
    <motionState vehicle="0" speed="6810" time="9430" acceleration="13636"/>
    <motionState vehicle="1" speed="2315" time="9430" acceleration="-26"/>
    <motionState vehicle="2" speed="2318" time="9430" acceleration="595"/>
    <motionState vehicle="3" speed="2383" time="9430" acceleration="1063"/>
    <motionState vehicle="4" speed="7728" time="9430" acceleration="-2919"/>
    <motionState vehicle="5" speed="2493" time="9430" acceleration="1376"/>
    <motionState vehicle="6" speed="2633" time="9430" acceleration="1553"/>
    <motionState vehicle="7" speed="2789" time="9430" acceleration="1476"/>
    <motionState vehicle="8" speed="2935" time="9430" acceleration="806"/>
    <motionState vehicle="9" speed="3008" time="9430" acceleration="-683"/>
    <motionState vehicle="10" speed="2924" time="9430" acceleration="-2354"/>
    <motionState vehicle="11" speed="2674" time="9430" acceleration="-2625"/>
    <motionState vehicle="0" speed="6824" time="9440" acceleration="13636"/>
    <motionState vehicle="1" speed="2315" time="9440" acceleration="-20"/>
    <motionState vehicle="2" speed="2319" time="9440" acceleration="600"/>
    <motionState vehicle="3" speed="2384" time="9440" acceleration="1066"/>
    <motionState vehicle="4" speed="7726" time="9440" acceleration="-2826"/>
    <motionState vehicle="5" speed="2494" time="9440" acceleration="1378"/>
    <motionState vehicle="6" speed="2634" time="9440" acceleration="1553"/>
    <motionState vehicle="7" speed="2790" time="9440" acceleration="1470"/>
    <motionState vehicle="8" speed="2936" time="9440" acceleration="792"/>
    <motionState vehicle="9" speed="3007" time="9440" acceleration="-700"/>
    <motionState vehicle="10" speed="2922" time="9440" acceleration="-2358"/>
    <motionState vehicle="11" speed="2671" time="9440" acceleration="-2610"/>
    <motionState vehicle="0" speed="6837" time="9450" acceleration="13636"/>
    <motionState vehicle="1" speed="2315" time="9450" acceleration="-14"/>
    <motionState vehicle="2" speed="2319" time="9450" acceleration="605"/>
    <motionState vehicle="3" speed="2385" time="9450" acceleration="1069"/>
    <motionState vehicle="4" speed="7723" time="9450" acceleration="-2732"/>
    <motionState vehicle="5" speed="2496" time="9450" acceleration="1380"/>
    <motionState vehicle="6" speed="2636" time="9450" acceleration="1552"/>
    <motionState vehicle="7" speed="2792" time="9450" acceleration="1463"/>
    <motionState vehicle="8" speed="2936" time="9450" acceleration="778"/>
    <motionState vehicle="9" speed="3006" time="9450" acceleration="-716"/>
    <motionState vehicle="10" speed="2920" time="9450" acceleration="-2362"/>
    <motionState vehicle="11" speed="2669" time="9450" acceleration="-2595"/>
    <motionState vehicle="0" speed="6851" time="9460" acceleration="13636"/>
    <motionState vehicle="1" speed="2315" time="9460" acceleration="-8"/>
    <motionState vehicle="2" speed="2320" time="9460" acceleration="610"/>
    <motionState vehicle="3" speed="2386" time="9460" acceleration="1072"/>
    <motionState vehicle="4" speed="7720" time="9460" acceleration="-2639"/>
    <motionState vehicle="5" speed="2497" time="9460" acceleration="1381"/>
    <motionState vehicle="6" speed="2637" time="9460" acceleration="1551"/>
    <motionState vehicle="7" speed="2793" time="9460" acceleration="1457"/>
    <motionState vehicle="8" speed="2937" time="9460" acceleration="764"/>
    <motionState vehicle="9" speed="3006" time="9460" acceleration="-732"/>
    <motionState vehicle="10" speed="2917" time="9460" acceleration="-2365"/>
    <motionState vehicle="11" speed="2666" time="9460" acceleration="-2580"/>
    <motionState vehicle="0" speed="6865" time="9470" acceleration="13636"/>
    <motionState vehicle="1" speed="2315" time="9470" acceleration="-2"/>
    <motionState vehicle="2" speed="2321" time="9470" acceleration="614"/>
    <motionState vehicle="3" speed="2387" time="9470" acceleration="1075"/>
    <motionState vehicle="4" speed="7718" time="9470" acceleration="-2546"/>
    <motionState vehicle="5" speed="2498" time="9470" acceleration="1383"/>
    <motionState vehicle="6" speed="2639" time="9470" acceleration="1551"/>
    <motionState vehicle="7" speed="2795" time="9470" acceleration="1450"/>
    <motionState vehicle="8" speed="2938" time="9470" acceleration="749"/>
    <motionState vehicle="9" speed="3005" time="9470" acceleration="-749"/>
    <motionState vehicle="10" speed="2915" time="9470" acceleration="-2368"/>
    <motionState vehicle="11" speed="2664" time="9470" acceleration="-2565"/>
    <motionState vehicle="0" speed="6878" time="9480" acceleration="13636"/>
    <motionState vehicle="1" speed="2315" time="9480" acceleration="4"/>
    <motionState vehicle="2" speed="2321" time="9480" acceleration="619"/>
    <motionState vehicle="3" speed="2388" time="9480" acceleration="1079"/>
    <motionState vehicle="4" speed="7715" time="9480" acceleration="-2453"/>
    <motionState vehicle="5" speed="2500" time="9480" acceleration="1385"/>
    <motionState vehicle="6" speed="2640" time="9480" acceleration="1550"/>
    <motionState vehicle="7" speed="2796" time="9480" acceleration="1444"/>
    <motionState vehicle="8" speed="2939" time="9480" acceleration="735"/>
    <motionState vehicle="9" speed="3004" time="9480" acceleration="-765"/>
    <motionState vehicle="10" speed="2913" time="9480" acceleration="-2371"/>
    <motionState vehicle="11" speed="2661" time="9480" acceleration="-2550"/>
    <motionState vehicle="0" speed="6892" time="9490" acceleration="13636"/>
    <motionState vehicle="1" speed="2315" time="9490" acceleration="10"/>
    <motionState vehicle="2" speed="2322" time="9490" acceleration="624"/>
    <motionState vehicle="3" speed="2389" time="9490" acceleration="1082"/>
    <motionState vehicle="4" speed="7713" time="9490" acceleration="-2361"/>
    <motionState vehicle="5" speed="2501" time="9490" acceleration="1387"/>
    <motionState vehicle="6" speed="2642" time="9490" acceleration="1549"/>
    <motionState vehicle="7" speed="2798" time="9490" acceleration="1437"/>
    <motionState vehicle="8" speed="2939" time="9490" acceleration="721"/>
    <motionState vehicle="9" speed="3003" time="9490" acceleration="-781"/>
    <motionState vehicle="10" speed="2910" time="9490" acceleration="-2374"/>
    <motionState vehicle="11" speed="2658" time="9490" acceleration="-2535"/>
    <motionState vehicle="0" speed="6906" time="9500" acceleration="13636"/>
    <motionState vehicle="1" speed="2315" time="9500" acceleration="16"/>
    <motionState vehicle="2" speed="2322" time="9500" acceleration="628"/>
    <motionState vehicle="3" speed="2391" time="9500" acceleration="1085"/>
    <motionState vehicle="4" speed="7711" time="9500" acceleration="-2269"/>
    <motionState vehicle="5" speed="2503" time="9500" acceleration="1388"/>
    <motionState vehicle="6" speed="2643" time="9500" acceleration="1548"/>
    <motionState vehicle="7" speed="2799" time="9500" acceleration="1431"/>
    <motionState vehicle="8" speed="2940" time="9500" acceleration="706"/>
    <motionState vehicle="9" speed="3003" time="9500" acceleration="-797"/>
    <motionState vehicle="10" speed="2908" time="9500" acceleration="-2377"/>
    <motionState vehicle="11" speed="2656" time="9500" acceleration="-2520"/>
    <motionState vehicle="0" speed="6919" time="9510" acceleration="13636"/>
    <motionState vehicle="1" speed="2315" time="9510" acceleration="22"/>
    <motionState vehicle="2" speed="2323" time="9510" acceleration="633"/>
    <motionState vehicle="3" speed="2392" time="9510" acceleration="1088"/>
    <motionState vehicle="4" speed="7708" time="9510" acceleration="-2177"/>
    <motionState vehicle="5" speed="2504" time="9510" acceleration="1390"/>
    <motionState vehicle="6" speed="2645" time="9510" acceleration="1547"/>
    <motionState vehicle="7" speed="2800" time="9510" acceleration="1424"/>
    <motionState vehicle="8" speed="2941" time="9510" acceleration="692"/>
    <motionState vehicle="9" speed="3002" time="9510" acceleration="-812"/>
    <motionState vehicle="10" speed="2905" time="9510" acceleration="-2380"/>
    <motionState vehicle="11" speed="2653" time="9510" acceleration="-2505"/>
    <motionState vehicle="0" speed="6933" time="9520" acceleration="13636"/>
    <motionState vehicle="1" speed="2315" time="9520" acceleration="28"/>
    <motionState vehicle="2" speed="2324" time="9520" acceleration="637"/>
    <motionState vehicle="3" speed="2393" time="9520" acceleration="1091"/>
    <motionState vehicle="4" speed="7706" time="9520" acceleration="-2085"/>
    <motionState vehicle="5" speed="2505" time="9520" acceleration="1391"/>
    <motionState vehicle="6" speed="2646" time="9520" acceleration="1546"/>
    <motionState vehicle="7" speed="2802" time="9520" acceleration="1417"/>
    <motionState vehicle="8" speed="2941" time="9520" acceleration="677"/>
    <motionState vehicle="9" speed="3001" time="9520" acceleration="-828"/>
    <motionState vehicle="10" speed="2903" time="9520" acceleration="-2382"/>
    <motionState vehicle="11" speed="2651" time="9520" acceleration="-2490"/>
    <motionState vehicle="0" speed="6946" time="9530" acceleration="13636"/>
    <motionState vehicle="1" speed="2315" time="9530" acceleration="34"/>
    <motionState vehicle="2" speed="2324" time="9530" acceleration="642"/>
    <motionState vehicle="3" speed="2394" time="9530" acceleration="1094"/>
    <motionState vehicle="4" speed="7704" time="9530" acceleration="-1993"/>
    <motionState vehicle="5" speed="2507" time="9530" acceleration="1393"/>
    <motionState vehicle="6" speed="2648" time="9530" acceleration="1545"/>
    <motionState vehicle="7" speed="2803" time="9530" acceleration="1410"/>
    <motionState vehicle="8" speed="2942" time="9530" acceleration="663"/>
    <motionState vehicle="9" speed="3000" time="9530" acceleration="-843"/>
    <motionState vehicle="10" speed="2901" time="9530" acceleration="-2384"/>
    <motionState vehicle="11" speed="2648" time="9530" acceleration="-2475"/>
    <motionState vehicle="0" speed="6960" time="9540" acceleration="13636"/>
    <motionState vehicle="1" speed="2315" time="9540" acceleration="40"/>
    <motionState vehicle="2" speed="2325" time="9540" acceleration="647"/>
    <motionState vehicle="3" speed="2395" time="9540" acceleration="1097"/>
    <motionState vehicle="4" speed="7702" time="9540" acceleration="-1902"/>
    <motionState vehicle="5" speed="2508" time="9540" acceleration="1395"/>
    <motionState vehicle="6" speed="2650" time="9540" acceleration="1544"/>
    <motionState vehicle="7" speed="2805" time="9540" acceleration="1403"/>
    <motionState vehicle="8" speed="2943" time="9540" acceleration="648"/>
    <motionState vehicle="9" speed="2999" time="9540" acceleration="-859"/>
    <motionState vehicle="10" speed="2898" time="9540" acceleration="-2386"/>
    <motionState vehicle="11" speed="2646" time="9540" acceleration="-2460"/>
    <motionState vehicle="0" speed="6974" time="9550" acceleration="13636"/>
    <motionState vehicle="1" speed="2315" time="9550" acceleration="46"/>
    <motionState vehicle="2" speed="2326" time="9550" acceleration="651"/>
    <motionState vehicle="3" speed="2396" time="9550" acceleration="1100"/>
    <motionState vehicle="4" speed="7701" time="9550" acceleration="-1811"/>
    <motionState vehicle="5" speed="2509" time="9550" acceleration="1396"/>
    <motionState vehicle="6" speed="2651" time="9550" acceleration="1542"/>
    <motionState vehicle="7" speed="2806" time="9550" acceleration="1396"/>
    <motionState vehicle="8" speed="2943" time="9550" acceleration="634"/>
    <motionState vehicle="9" speed="2998" time="9550" acceleration="-874"/>
    <motionState vehicle="10" speed="2896" time="9550" acceleration="-2388"/>
    <motionState vehicle="11" speed="2644" time="9550" acceleration="-2445"/>
    <motionState vehicle="0" speed="6987" time="9560" acceleration="13636"/>
    <motionState vehicle="1" speed="2316" time="9560" acceleration="52"/>
    <motionState vehicle="2" speed="2326" time="9560" acceleration="656"/>
    <motionState vehicle="3" speed="2397" time="9560" acceleration="1103"/>
    <motionState vehicle="4" speed="7699" time="9560" acceleration="-1720"/>
    <motionState vehicle="5" speed="2511" time="9560" acceleration="1398"/>
    <motionState vehicle="6" speed="2653" time="9560" acceleration="1541"/>
    <motionState vehicle="7" speed="2807" time="9560" acceleration="1389"/>
    <motionState vehicle="8" speed="2944" time="9560" acceleration="619"/>
    <motionState vehicle="9" speed="2997" time="9560" acceleration="-889"/>
    <motionState vehicle="10" speed="2894" time="9560" acceleration="-2390"/>
    <motionState vehicle="11" speed="2641" time="9560" acceleration="-2430"/>
    <motionState vehicle="0" speed="7001" time="9570" acceleration="13636"/>
    <motionState vehicle="1" speed="2316" time="9570" acceleration="58"/>
    <motionState vehicle="2" speed="2327" time="9570" acceleration="660"/>
    <motionState vehicle="3" speed="2398" time="9570" acceleration="1106"/>
    <motionState vehicle="4" speed="7697" time="9570" acceleration="-1629"/>
    <motionState vehicle="5" speed="2512" time="9570" acceleration="1399"/>
    <motionState vehicle="6" speed="2654" time="9570" acceleration="1540"/>
    <motionState vehicle="7" speed="2809" time="9570" acceleration="1382"/>
    <motionState vehicle="8" speed="2945" time="9570" acceleration="605"/>
    <motionState vehicle="9" speed="2997" time="9570" acceleration="-904"/>
    <motionState vehicle="10" speed="2891" time="9570" acceleration="-2392"/>
    <motionState vehicle="11" speed="2639" time="9570" acceleration="-2415"/>
    <motionState vehicle="0" speed="7015" time="9580" acceleration="13636"/>
    <motionState vehicle="1" speed="2316" time="9580" acceleration="64"/>
    <motionState vehicle="2" speed="2328" time="9580" acceleration="665"/>
    <motionState vehicle="3" speed="2399" time="9580" acceleration="1109"/>
    <motionState vehicle="4" speed="7696" time="9580" acceleration="-1539"/>
    <motionState vehicle="5" speed="2514" time="9580" acceleration="1401"/>
    <motionState vehicle="6" speed="2656" time="9580" acceleration="1538"/>
    <motionState vehicle="7" speed="2810" time="9580" acceleration="1374"/>
    <motionState vehicle="8" speed="2945" time="9580" acceleration="590"/>
    <motionState vehicle="9" speed="2996" time="9580" acceleration="-919"/>
    <motionState vehicle="10" speed="2889" time="9580" acceleration="-2393"/>
    <motionState vehicle="11" speed="2636" time="9580" acceleration="-2400"/>
    <motionState vehicle="0" speed="7028" time="9590" acceleration="13636"/>
    <motionState vehicle="1" speed="2316" time="9590" acceleration="70"/>
    <motionState vehicle="2" speed="2328" time="9590" acceleration="669"/>
    <motionState vehicle="3" speed="2400" time="9590" acceleration="1112"/>
    <motionState vehicle="4" speed="7694" time="9590" acceleration="-1449"/>
    <motionState vehicle="5" speed="2515" time="9590" acceleration="1402"/>
    <motionState vehicle="6" speed="2657" time="9590" acceleration="1537"/>
    <motionState vehicle="7" speed="2812" time="9590" acceleration="1367"/>
    <motionState vehicle="8" speed="2946" time="9590" acceleration="576"/>
    <motionState vehicle="9" speed="2995" time="9590" acceleration="-934"/>
    <motionState vehicle="10" speed="2886" time="9590" acceleration="-2394"/>
    <motionState vehicle="11" speed="2634" time="9590" acceleration="-2384"/>
    <motionState vehicle="0" speed="7042" time="9600" acceleration="13636"/>
    <motionState vehicle="1" speed="2316" time="9600" acceleration="76"/>
    <motionState vehicle="2" speed="2329" time="9600" acceleration="674"/>
    <motionState vehicle="3" speed="2402" time="9600" acceleration="1115"/>
    <motionState vehicle="4" speed="7693" time="9600" acceleration="-1359"/>
    <motionState vehicle="5" speed="2516" time="9600" acceleration="1403"/>
    <motionState vehicle="6" speed="2659" time="9600" acceleration="1536"/>
    <motionState vehicle="7" speed="2813" time="9600" acceleration="1360"/>
    <motionState vehicle="8" speed="2946" time="9600" acceleration="561"/>
    <motionState vehicle="9" speed="2994" time="9600" acceleration="-948"/>
    <motionState vehicle="10" speed="2884" time="9600" acceleration="-2395"/>
    <motionState vehicle="11" speed="2632" time="9600" acceleration="-2369"/>
    <motionState vehicle="0" speed="7056" time="9610" acceleration="13636"/>
    <motionState vehicle="1" speed="2316" time="9610" acceleration="82"/>
    <motionState vehicle="2" speed="2330" time="9610" acceleration="678"/>
    <motionState vehicle="3" speed="2403" time="9610" acceleration="1118"/>
    <motionState vehicle="4" speed="7692" time="9610" acceleration="-1270"/>
    <motionState vehicle="5" speed="2518" time="9610" acceleration="1405"/>
    <motionState vehicle="6" speed="2660" time="9610" acceleration="1534"/>
    <motionState vehicle="7" speed="2814" time="9610" acceleration="1352"/>
    <motionState vehicle="8" speed="2947" time="9610" acceleration="547"/>
    <motionState vehicle="9" speed="2993" time="9610" acceleration="-963"/>
    <motionState vehicle="10" speed="2882" time="9610" acceleration="-2396"/>
    <motionState vehicle="11" speed="2629" time="9610" acceleration="-2354"/>
    <motionState vehicle="0" speed="7069" time="9620" acceleration="13636"/>
    <motionState vehicle="1" speed="2316" time="9620" acceleration="88"/>
    <motionState vehicle="2" speed="2330" time="9620" acceleration="683"/>
    <motionState vehicle="3" speed="2404" time="9620" acceleration="1121"/>
    <motionState vehicle="4" speed="7690" time="9620" acceleration="-1180"/>
    <motionState vehicle="5" speed="2519" time="9620" acceleration="1406"/>
    <motionState vehicle="6" speed="2662" time="9620" acceleration="1532"/>
    <motionState vehicle="7" speed="2816" time="9620" acceleration="1344"/>
    <motionState vehicle="8" speed="2947" time="9620" acceleration="532"/>
    <motionState vehicle="9" speed="2992" time="9620" acceleration="-977"/>
    <motionState vehicle="10" speed="2879" time="9620" acceleration="-2397"/>
    <motionState vehicle="11" speed="2627" time="9620" acceleration="-2339"/>
    <motionState vehicle="0" speed="7083" time="9630" acceleration="13636"/>
    <motionState vehicle="1" speed="2316" time="9630" acceleration="94"/>
    <motionState vehicle="2" speed="2331" time="9630" acceleration="687"/>
    <motionState vehicle="3" speed="2405" time="9630" acceleration="1124"/>
    <motionState vehicle="4" speed="7689" time="9630" acceleration="-1092"/>
    <motionState vehicle="5" speed="2521" time="9630" acceleration="1407"/>
    <motionState vehicle="6" speed="2663" time="9630" acceleration="1531"/>
    <motionState vehicle="7" speed="2817" time="9630" acceleration="1337"/>
    <motionState vehicle="8" speed="2948" time="9630" acceleration="518"/>
    <motionState vehicle="9" speed="2991" time="9630" acceleration="-991"/>
    <motionState vehicle="10" speed="2877" time="9630" acceleration="-2398"/>
    <motionState vehicle="11" speed="2625" time="9630" acceleration="-2324"/>
    <motionState vehicle="0" speed="7096" time="9640" acceleration="13636"/>
    <motionState vehicle="1" speed="2316" time="9640" acceleration="100"/>
    <motionState vehicle="2" speed="2332" time="9640" acceleration="692"/>
    <motionState vehicle="3" speed="2406" time="9640" acceleration="1126"/>
    <motionState vehicle="4" speed="7688" time="9640" acceleration="-1003"/>
    <motionState vehicle="5" speed="2522" time="9640" acceleration="1409"/>
    <motionState vehicle="6" speed="2665" time="9640" acceleration="1529"/>
    <motionState vehicle="7" speed="2818" time="9640" acceleration="1329"/>
    <motionState vehicle="8" speed="2948" time="9640" acceleration="503"/>
    <motionState vehicle="9" speed="2990" time="9640" acceleration="-1006"/>
    <motionState vehicle="10" speed="2874" time="9640" acceleration="-2398"/>
    <motionState vehicle="11" speed="2622" time="9640" acceleration="-2309"/>
    <motionState vehicle="0" speed="7110" time="9650" acceleration="13636"/>
    <motionState vehicle="1" speed="2316" time="9650" acceleration="105"/>
    <motionState vehicle="2" speed="2332" time="9650" acceleration="696"/>
    <motionState vehicle="3" speed="2407" time="9650" acceleration="1129"/>
    <motionState vehicle="4" speed="7687" time="9650" acceleration="-914"/>
    <motionState vehicle="5" speed="2524" time="9650" acceleration="1410"/>
    <motionState vehicle="6" speed="2666" time="9650" acceleration="1527"/>
    <motionState vehicle="7" speed="2820" time="9650" acceleration="1321"/>
    <motionState vehicle="8" speed="2949" time="9650" acceleration="489"/>
    <motionState vehicle="9" speed="2989" time="9650" acceleration="-1020"/>
    <motionState vehicle="10" speed="2872" time="9650" acceleration="-2398"/>
    <motionState vehicle="11" speed="2620" time="9650" acceleration="-2294"/>
    <motionState vehicle="0" speed="7124" time="9660" acceleration="13636"/>
    <motionState vehicle="1" speed="2316" time="9660" acceleration="111"/>
    <motionState vehicle="2" speed="2333" time="9660" acceleration="701"/>
    <motionState vehicle="3" speed="2408" time="9660" acceleration="1132"/>
    <motionState vehicle="4" speed="7687" time="9660" acceleration="-826"/>
    <motionState vehicle="5" speed="2525" time="9660" acceleration="1411"/>
    <motionState vehicle="6" speed="2668" time="9660" acceleration="1525"/>
    <motionState vehicle="7" speed="2821" time="9660" acceleration="1314"/>
    <motionState vehicle="8" speed="2949" time="9660" acceleration="474"/>
    <motionState vehicle="9" speed="2988" time="9660" acceleration="-1033"/>
    <motionState vehicle="10" speed="2870" time="9660" acceleration="-2399"/>
    <motionState vehicle="11" speed="2618" time="9660" acceleration="-2279"/>
    <motionState vehicle="0" speed="7137" time="9670" acceleration="13636"/>
    <motionState vehicle="1" speed="2316" time="9670" acceleration="117"/>
    <motionState vehicle="2" speed="2334" time="9670" acceleration="705"/>
    <motionState vehicle="3" speed="2409" time="9670" acceleration="1135"/>
    <motionState vehicle="4" speed="7686" time="9670" acceleration="-738"/>
    <motionState vehicle="5" speed="2526" time="9670" acceleration="1412"/>
    <motionState vehicle="6" speed="2669" time="9670" acceleration="1524"/>
    <motionState vehicle="7" speed="2822" time="9670" acceleration="1306"/>
    <motionState vehicle="8" speed="2950" time="9670" acceleration="460"/>
    <motionState vehicle="9" speed="2987" time="9670" acceleration="-1047"/>
    <motionState vehicle="10" speed="2867" time="9670" acceleration="-2399"/>
    <motionState vehicle="11" speed="2615" time="9670" acceleration="-2264"/>
    <motionState vehicle="0" speed="7151" time="9680" acceleration="13636"/>
    <motionState vehicle="1" speed="2317" time="9680" acceleration="123"/>
    <motionState vehicle="2" speed="2334" time="9680" acceleration="709"/>
    <motionState vehicle="3" speed="2411" time="9680" acceleration="1138"/>
    <motionState vehicle="4" speed="7685" time="9680" acceleration="-651"/>
    <motionState vehicle="5" speed="2528" time="9680" acceleration="1414"/>
    <motionState vehicle="6" speed="2671" time="9680" acceleration="1522"/>
    <motionState vehicle="7" speed="2824" time="9680" acceleration="1298"/>
    <motionState vehicle="8" speed="2950" time="9680" acceleration="445"/>
    <motionState vehicle="9" speed="2986" time="9680" acceleration="-1061"/>
    <motionState vehicle="10" speed="2865" time="9680" acceleration="-2398"/>
    <motionState vehicle="11" speed="2613" time="9680" acceleration="-2249"/>
    <motionState vehicle="0" speed="7165" time="9690" acceleration="13636"/>
    <motionState vehicle="1" speed="2317" time="9690" acceleration="129"/>
    <motionState vehicle="2" speed="2335" time="9690" acceleration="714"/>
    <motionState vehicle="3" speed="2412" time="9690" acceleration="1141"/>
    <motionState vehicle="4" speed="7685" time="9690" acceleration="-564"/>
    <motionState vehicle="5" speed="2529" time="9690" acceleration="1415"/>
    <motionState vehicle="6" speed="2673" time="9690" acceleration="1520"/>
    <motionState vehicle="7" speed="2825" time="9690" acceleration="1290"/>
    <motionState vehicle="8" speed="2951" time="9690" acceleration="431"/>
    <motionState vehicle="9" speed="2985" time="9690" acceleration="-1074"/>
    <motionState vehicle="10" speed="2862" time="9690" acceleration="-2398"/>
    <motionState vehicle="11" speed="2611" time="9690" acceleration="-2234"/>
    <motionState vehicle="0" speed="7178" time="9700" acceleration="13636"/>
    <motionState vehicle="1" speed="2317" time="9700" acceleration="135"/>
    <motionState vehicle="2" speed="2336" time="9700" acceleration="718"/>
    <motionState vehicle="3" speed="2413" time="9700" acceleration="1143"/>
    <motionState vehicle="4" speed="7684" time="9700" acceleration="-477"/>
    <motionState vehicle="5" speed="2531" time="9700" acceleration="1416"/>
    <motionState vehicle="6" speed="2674" time="9700" acceleration="1518"/>
    <motionState vehicle="7" speed="2826" time="9700" acceleration="1282"/>
    <motionState vehicle="8" speed="2951" time="9700" acceleration="416"/>
    <motionState vehicle="9" speed="2983" time="9700" acceleration="-1088"/>
    <motionState vehicle="10" speed="2860" time="9700" acceleration="-2398"/>
    <motionState vehicle="11" speed="2609" time="9700" acceleration="-2219"/>
    <motionState vehicle="0" speed="7192" time="9710" acceleration="13636"/>
    <motionState vehicle="1" speed="2317" time="9710" acceleration="140"/>
    <motionState vehicle="2" speed="2337" time="9710" acceleration="722"/>
    <motionState vehicle="3" speed="2414" time="9710" acceleration="1146"/>
    <motionState vehicle="4" speed="7684" time="9710" acceleration="-390"/>
    <motionState vehicle="5" speed="2532" time="9710" acceleration="1417"/>
    <motionState vehicle="6" speed="2676" time="9710" acceleration="1515"/>
    <motionState vehicle="7" speed="2827" time="9710" acceleration="1273"/>
    <motionState vehicle="8" speed="2952" time="9710" acceleration="402"/>
    <motionState vehicle="9" speed="2982" time="9710" acceleration="-1101"/>
    <motionState vehicle="10" speed="2858" time="9710" acceleration="-2397"/>
    <motionState vehicle="11" speed="2606" time="9710" acceleration="-2204"/>
    <motionState vehicle="0" speed="7206" time="9720" acceleration="13636"/>
    <motionState vehicle="1" speed="2317" time="9720" acceleration="146"/>
    <motionState vehicle="2" speed="2337" time="9720" acceleration="727"/>
    <motionState vehicle="3" speed="2415" time="9720" acceleration="1149"/>
    <motionState vehicle="4" speed="7684" time="9720" acceleration="-304"/>
    <motionState vehicle="5" speed="2533" time="9720" acceleration="1418"/>
    <motionState vehicle="6" speed="2677" time="9720" acceleration="1513"/>
    <motionState vehicle="7" speed="2829" time="9720" acceleration="1265"/>
    <motionState vehicle="8" speed="2952" time="9720" acceleration="387"/>
    <motionState vehicle="9" speed="2981" time="9720" acceleration="-1114"/>
    <motionState vehicle="10" speed="2855" time="9720" acceleration="-2396"/>
    <motionState vehicle="11" speed="2604" time="9720" acceleration="-2188"/>
    <motionState vehicle="0" speed="7219" time="9730" acceleration="13636"/>
    <motionState vehicle="1" speed="2317" time="9730" acceleration="152"/>
    <motionState vehicle="2" speed="2338" time="9730" acceleration="731"/>
    <motionState vehicle="3" speed="2416" time="9730" acceleration="1152"/>
    <motionState vehicle="4" speed="7683" time="9730" acceleration="-218"/>
    <motionState vehicle="5" speed="2535" time="9730" acceleration="1419"/>
    <motionState vehicle="6" speed="2679" time="9730" acceleration="1511"/>
    <motionState vehicle="7" speed="2830" time="9730" acceleration="1257"/>
    <motionState vehicle="8" speed="2952" time="9730" acceleration="373"/>
    <motionState vehicle="9" speed="2980" time="9730" acceleration="-1127"/>
    <motionState vehicle="10" speed="2853" time="9730" acceleration="-2395"/>
    <motionState vehicle="11" speed="2602" time="9730" acceleration="-2173"/>
    <motionState vehicle="0" speed="7233" time="9740" acceleration="13636"/>
    <motionState vehicle="1" speed="2317" time="9740" acceleration="158"/>
    <motionState vehicle="2" speed="2339" time="9740" acceleration="735"/>
    <motionState vehicle="3" speed="2418" time="9740" acceleration="1155"/>
    <motionState vehicle="4" speed="7683" time="9740" acceleration="-132"/>
    <motionState vehicle="5" speed="2536" time="9740" acceleration="1420"/>
    <motionState vehicle="6" speed="2680" time="9740" acceleration="1509"/>
    <motionState vehicle="7" speed="2831" time="9740" acceleration="1249"/>
    <motionState vehicle="8" speed="2953" time="9740" acceleration="358"/>
    <motionState vehicle="9" speed="2979" time="9740" acceleration="-1140"/>
    <motionState vehicle="10" speed="2850" time="9740" acceleration="-2394"/>
    <motionState vehicle="11" speed="2600" time="9740" acceleration="-2158"/>
    <motionState vehicle="0" speed="7246" time="9750" acceleration="13636"/>
    <motionState vehicle="1" speed="2318" time="9750" acceleration="164"/>
    <motionState vehicle="2" speed="2340" time="9750" acceleration="740"/>
    <motionState vehicle="3" speed="2419" time="9750" acceleration="1157"/>
    <motionState vehicle="4" speed="7683" time="9750" acceleration="-46"/>
    <motionState vehicle="5" speed="2538" time="9750" acceleration="1421"/>
    <motionState vehicle="6" speed="2682" time="9750" acceleration="1506"/>
    <motionState vehicle="7" speed="2832" time="9750" acceleration="1240"/>
    <motionState vehicle="8" speed="2953" time="9750" acceleration="344"/>
    <motionState vehicle="9" speed="2978" time="9750" acceleration="-1153"/>
    <motionState vehicle="10" speed="2848" time="9750" acceleration="-2393"/>
    <motionState vehicle="11" speed="2598" time="9750" acceleration="-2143"/>
    <motionState vehicle="0" speed="7260" time="9760" acceleration="13636"/>
    <motionState vehicle="1" speed="2318" time="9760" acceleration="169"/>
    <motionState vehicle="2" speed="2340" time="9760" acceleration="744"/>
    <motionState vehicle="3" speed="2420" time="9760" acceleration="1160"/>
    <motionState vehicle="4" speed="7683" time="9760" acceleration="38"/>
    <motionState vehicle="5" speed="2539" time="9760" acceleration="1422"/>
    <motionState vehicle="6" speed="2683" time="9760" acceleration="1504"/>
    <motionState vehicle="7" speed="2834" time="9760" acceleration="1232"/>
    <motionState vehicle="8" speed="2953" time="9760" acceleration="329"/>
    <motionState vehicle="9" speed="2977" time="9760" acceleration="-1165"/>
    <motionState vehicle="10" speed="2846" time="9760" acceleration="-2392"/>
    <motionState vehicle="11" speed="2596" time="9760" acceleration="-2128"/>
    <motionState vehicle="0" speed="7274" time="9770" acceleration="13636"/>
    <motionState vehicle="1" speed="2318" time="9770" acceleration="175"/>
    <motionState vehicle="2" speed="2341" time="9770" acceleration="748"/>
    <motionState vehicle="3" speed="2421" time="9770" acceleration="1163"/>
    <motionState vehicle="4" speed="7683" time="9770" acceleration="123"/>
    <motionState vehicle="5" speed="2541" time="9770" acceleration="1423"/>
    <motionState vehicle="6" speed="2685" time="9770" acceleration="1502"/>
    <motionState vehicle="7" speed="2835" time="9770" acceleration="1223"/>
    <motionState vehicle="8" speed="2954" time="9770" acceleration="315"/>
    <motionState vehicle="9" speed="2975" time="9770" acceleration="-1178"/>
    <motionState vehicle="10" speed="2843" time="9770" acceleration="-2391"/>
    <motionState vehicle="11" speed="2594" time="9770" acceleration="-2113"/>
    <motionState vehicle="0" speed="7287" time="9780" acceleration="13636"/>
    <motionState vehicle="1" speed="2318" time="9780" acceleration="181"/>
    <motionState vehicle="2" speed="2342" time="9780" acceleration="752"/>
    <motionState vehicle="3" speed="2422" time="9780" acceleration="1165"/>
    <motionState vehicle="4" speed="7683" time="9780" acceleration="207"/>
    <motionState vehicle="5" speed="2542" time="9780" acceleration="1424"/>
    <motionState vehicle="6" speed="2686" time="9780" acceleration="1499"/>
    <motionState vehicle="7" speed="2836" time="9780" acceleration="1215"/>
    <motionState vehicle="8" speed="2954" time="9780" acceleration="300"/>
    <motionState vehicle="9" speed="2974" time="9780" acceleration="-1190"/>
    <motionState vehicle="10" speed="2841" time="9780" acceleration="-2389"/>
    <motionState vehicle="11" speed="2591" time="9780" acceleration="-2098"/>
    <motionState vehicle="0" speed="7301" time="9790" acceleration="13636"/>
    <motionState vehicle="1" speed="2318" time="9790" acceleration="186"/>
    <motionState vehicle="2" speed="2343" time="9790" acceleration="757"/>
    <motionState vehicle="3" speed="2423" time="9790" acceleration="1168"/>
    <motionState vehicle="4" speed="7684" time="9790" acceleration="291"/>
    <motionState vehicle="5" speed="2543" time="9790" acceleration="1425"/>
    <motionState vehicle="6" speed="2688" time="9790" acceleration="1496"/>
    <motionState vehicle="7" speed="2837" time="9790" acceleration="1206"/>
    <motionState vehicle="8" speed="2954" time="9790" acceleration="286"/>
    <motionState vehicle="9" speed="2973" time="9790" acceleration="-1202"/>
    <motionState vehicle="10" speed="2838" time="9790" acceleration="-2387"/>
    <motionState vehicle="11" speed="2589" time="9790" acceleration="-2083"/>
    <motionState vehicle="0" speed="7315" time="9800" acceleration="13636"/>
    <motionState vehicle="1" speed="2319" time="9800" acceleration="192"/>
    <motionState vehicle="2" speed="2343" time="9800" acceleration="761"/>
    <motionState vehicle="3" speed="2424" time="9800" acceleration="1171"/>
    <motionState vehicle="4" speed="7684" time="9800" acceleration="375"/>
    <motionState vehicle="5" speed="2545" time="9800" acceleration="1425"/>
    <motionState vehicle="6" speed="2689" time="9800" acceleration="1494"/>
    <motionState vehicle="7" speed="2838" time="9800" acceleration="1197"/>
    <motionState vehicle="8" speed="2954" time="9800" acceleration="271"/>
    <motionState vehicle="9" speed="2972" time="9800" acceleration="-1214"/>
    <motionState vehicle="10" speed="2836" time="9800" acceleration="-2385"/>
    <motionState vehicle="11" speed="2587" time="9800" acceleration="-2068"/>
    <motionState vehicle="0" speed="7328" time="9810" acceleration="13636"/>
    <motionState vehicle="1" speed="2319" time="9810" acceleration="198"/>
    <motionState vehicle="2" speed="2344" time="9810" acceleration="765"/>
    <motionState vehicle="3" speed="2426" time="9810" acceleration="1173"/>
    <motionState vehicle="4" speed="7685" time="9810" acceleration="459"/>
    <motionState vehicle="5" speed="2546" time="9810" acceleration="1426"/>
    <motionState vehicle="6" speed="2691" time="9810" acceleration="1491"/>
    <motionState vehicle="7" speed="2840" time="9810" acceleration="1189"/>
    <motionState vehicle="8" speed="2955" time="9810" acceleration="257"/>
    <motionState vehicle="9" speed="2971" time="9810" acceleration="-1226"/>
    <motionState vehicle="10" speed="2834" time="9810" acceleration="-2383"/>
    <motionState vehicle="11" speed="2585" time="9810" acceleration="-2054"/>
    <motionState vehicle="0" speed="7342" time="9820" acceleration="13636"/>
    <motionState vehicle="1" speed="2319" time="9820" acceleration="204"/>
    <motionState vehicle="2" speed="2345" time="9820" acceleration="769"/>
    <motionState vehicle="3" speed="2427" time="9820" acceleration="1176"/>
    <motionState vehicle="4" speed="7685" time="9820" acceleration="542"/>
    <motionState vehicle="5" speed="2548" time="9820" acceleration="1427"/>
    <motionState vehicle="6" speed="2692" time="9820" acceleration="1488"/>
    <motionState vehicle="7" speed="2841" time="9820" acceleration="1180"/>
    <motionState vehicle="8" speed="2955" time="9820" acceleration="242"/>
    <motionState vehicle="9" speed="2969" time="9820" acceleration="-1238"/>
    <motionState vehicle="10" speed="2831" time="9820" acceleration="-2381"/>
    <motionState vehicle="11" speed="2583" time="9820" acceleration="-2039"/>
    <motionState vehicle="0" speed="7356" time="9830" acceleration="13636"/>
    <motionState vehicle="1" speed="2319" time="9830" acceleration="209"/>
    <motionState vehicle="2" speed="2346" time="9830" acceleration="773"/>
    <motionState vehicle="3" speed="2428" time="9830" acceleration="1178"/>
    <motionState vehicle="4" speed="7686" time="9830" acceleration="625"/>
    <motionState vehicle="5" speed="2549" time="9830" acceleration="1428"/>
    <motionState vehicle="6" speed="2694" time="9830" acceleration="1486"/>
    <motionState vehicle="7" speed="2842" time="9830" acceleration="1171"/>
    <motionState vehicle="8" speed="2955" time="9830" acceleration="228"/>
    <motionState vehicle="9" speed="2968" time="9830" acceleration="-1250"/>
    <motionState vehicle="10" speed="2829" time="9830" acceleration="-2379"/>
    <motionState vehicle="11" speed="2581" time="9830" acceleration="-2024"/>
    <motionState vehicle="0" speed="7369" time="9840" acceleration="13636"/>
    <motionState vehicle="1" speed="2319" time="9840" acceleration="215"/>
    <motionState vehicle="2" speed="2346" time="9840" acceleration="777"/>
    <motionState vehicle="3" speed="2429" time="9840" acceleration="1181"/>
    <motionState vehicle="4" speed="7686" time="9840" acceleration="707"/>
    <motionState vehicle="5" speed="2551" time="9840" acceleration="1428"/>
    <motionState vehicle="6" speed="2695" time="9840" acceleration="1483"/>
    <motionState vehicle="7" speed="2843" time="9840" acceleration="1162"/>
    <motionState vehicle="8" speed="2955" time="9840" acceleration="214"/>
    <motionState vehicle="9" speed="2967" time="9840" acceleration="-1261"/>
    <motionState vehicle="10" speed="2827" time="9840" acceleration="-2377"/>
    <motionState vehicle="11" speed="2579" time="9840" acceleration="-2009"/>
    <motionState vehicle="0" speed="7383" time="9850" acceleration="13636"/>
    <motionState vehicle="1" speed="2320" time="9850" acceleration="220"/>
    <motionState vehicle="2" speed="2347" time="9850" acceleration="782"/>
    <motionState vehicle="3" speed="2430" time="9850" acceleration="1183"/>
    <motionState vehicle="4" speed="7687" time="9850" acceleration="790"/>
    <motionState vehicle="5" speed="2552" time="9850" acceleration="1429"/>
    <motionState vehicle="6" speed="2697" time="9850" acceleration="1480"/>
    <motionState vehicle="7" speed="2844" time="9850" acceleration="1153"/>
    <motionState vehicle="8" speed="2956" time="9850" acceleration="199"/>
    <motionState vehicle="9" speed="2966" time="9850" acceleration="-1273"/>
    <motionState vehicle="10" speed="2824" time="9850" acceleration="-2374"/>
    <motionState vehicle="11" speed="2577" time="9850" acceleration="-1994"/>
    <motionState vehicle="0" speed="7396" time="9860" acceleration="13636"/>
    <motionState vehicle="1" speed="2320" time="9860" acceleration="226"/>
    <motionState vehicle="2" speed="2348" time="9860" acceleration="786"/>
    <motionState vehicle="3" speed="2432" time="9860" acceleration="1186"/>
    <motionState vehicle="4" speed="7688" time="9860" acceleration="872"/>
    <motionState vehicle="5" speed="2553" time="9860" acceleration="1430"/>
    <motionState vehicle="6" speed="2698" time="9860" acceleration="1477"/>
    <motionState vehicle="7" speed="2845" time="9860" acceleration="1144"/>
    <motionState vehicle="8" speed="2956" time="9860" acceleration="185"/>
    <motionState vehicle="9" speed="2964" time="9860" acceleration="-1284"/>
    <motionState vehicle="10" speed="2822" time="9860" acceleration="-2372"/>
    <motionState vehicle="11" speed="2575" time="9860" acceleration="-1979"/>
    <motionState vehicle="0" speed="7410" time="9870" acceleration="13636"/>
    <motionState vehicle="1" speed="2320" time="9870" acceleration="232"/>
    <motionState vehicle="2" speed="2349" time="9870" acceleration="790"/>
    <motionState vehicle="3" speed="2433" time="9870" acceleration="1188"/>
    <motionState vehicle="4" speed="7689" time="9870" acceleration="953"/>
    <motionState vehicle="5" speed="2555" time="9870" acceleration="1430"/>
    <motionState vehicle="6" speed="2699" time="9870" acceleration="1474"/>
    <motionState vehicle="7" speed="2847" time="9870" acceleration="1135"/>
    <motionState vehicle="8" speed="2956" time="9870" acceleration="171"/>
    <motionState vehicle="9" speed="2963" time="9870" acceleration="-1295"/>
    <motionState vehicle="10" speed="2819" time="9870" acceleration="-2369"/>
    <motionState vehicle="11" speed="2573" time="9870" acceleration="-1964"/>
    <motionState vehicle="0" speed="7424" time="9880" acceleration="13636"/>
    <motionState vehicle="1" speed="2320" time="9880" acceleration="237"/>
    <motionState vehicle="2" speed="2350" time="9880" acceleration="794"/>
    <motionState vehicle="3" speed="2434" time="9880" acceleration="1191"/>
    <motionState vehicle="4" speed="7690" time="9880" acceleration="1034"/>
    <motionState vehicle="5" speed="2556" time="9880" acceleration="1431"/>
    <motionState vehicle="6" speed="2701" time="9880" acceleration="1471"/>
    <motionState vehicle="7" speed="2848" time="9880" acceleration="1126"/>
    <motionState vehicle="8" speed="2956" time="9880" acceleration="157"/>
    <motionState vehicle="9" speed="2962" time="9880" acceleration="-1306"/>
    <motionState vehicle="10" speed="2817" time="9880" acceleration="-2366"/>
    <motionState vehicle="11" speed="2571" time="9880" acceleration="-1949"/>
    <motionState vehicle="0" speed="7437" time="9890" acceleration="13636"/>
    <motionState vehicle="1" speed="2321" time="9890" acceleration="243"/>
    <motionState vehicle="2" speed="2350" time="9890" acceleration="798"/>
    <motionState vehicle="3" speed="2435" time="9890" acceleration="1193"/>
    <motionState vehicle="4" speed="7691" time="9890" acceleration="1115"/>
    <motionState vehicle="5" speed="2558" time="9890" acceleration="1431"/>
    <motionState vehicle="6" speed="2702" time="9890" acceleration="1467"/>
    <motionState vehicle="7" speed="2849" time="9890" acceleration="1116"/>
    <motionState vehicle="8" speed="2956" time="9890" acceleration="142"/>
    <motionState vehicle="9" speed="2960" time="9890" acceleration="-1317"/>
    <motionState vehicle="10" speed="2815" time="9890" acceleration="-2363"/>
    <motionState vehicle="11" speed="2569" time="9890" acceleration="-1935"/>
    <motionState vehicle="0" speed="7451" time="9900" acceleration="13636"/>
    <motionState vehicle="1" speed="2321" time="9900" acceleration="248"/>
    <motionState vehicle="2" speed="2351" time="9900" acceleration="802"/>
    <motionState vehicle="3" speed="2436" time="9900" acceleration="1196"/>
    <motionState vehicle="4" speed="7692" time="9900" acceleration="1196"/>
    <motionState vehicle="5" speed="2559" time="9900" acceleration="1432"/>
    <motionState vehicle="6" speed="2704" time="9900" acceleration="1464"/>
    <motionState vehicle="7" speed="2850" time="9900" acceleration="1107"/>
    <motionState vehicle="8" speed="2956" time="9900" acceleration="128"/>
    <motionState vehicle="9" speed="2959" time="9900" acceleration="-1328"/>
    <motionState vehicle="10" speed="2812" time="9900" acceleration="-2360"/>
    <motionState vehicle="11" speed="2567" time="9900" acceleration="-1920"/>
    <motionState vehicle="0" speed="7465" time="9910" acceleration="13636"/>
    <motionState vehicle="1" speed="2321" time="9910" acceleration="254"/>
    <motionState vehicle="2" speed="2352" time="9910" acceleration="806"/>
    <motionState vehicle="3" speed="2438" time="9910" acceleration="1198"/>
    <motionState vehicle="4" speed="7694" time="9910" acceleration="1276"/>
    <motionState vehicle="5" speed="2561" time="9910" acceleration="1432"/>
    <motionState vehicle="6" speed="2705" time="9910" acceleration="1461"/>
    <motionState vehicle="7" speed="2851" time="9910" acceleration="1098"/>
    <motionState vehicle="8" speed="2957" time="9910" acceleration="114"/>
    <motionState vehicle="9" speed="2958" time="9910" acceleration="-1339"/>
    <motionState vehicle="10" speed="2810" time="9910" acceleration="-2357"/>
    <motionState vehicle="11" speed="2566" time="9910" acceleration="-1905"/>
    <motionState vehicle="0" speed="7478" time="9920" acceleration="13636"/>
    <motionState vehicle="1" speed="2321" time="9920" acceleration="259"/>
    <motionState vehicle="2" speed="2353" time="9920" acceleration="810"/>
    <motionState vehicle="3" speed="2439" time="9920" acceleration="1201"/>
    <motionState vehicle="4" speed="7695" time="9920" acceleration="1356"/>
    <motionState vehicle="5" speed="2562" time="9920" acceleration="1433"/>
    <motionState vehicle="6" speed="2707" time="9920" acceleration="1458"/>
    <motionState vehicle="7" speed="2852" time="9920" acceleration="1089"/>
    <motionState vehicle="8" speed="2957" time="9920" acceleration="100"/>
    <motionState vehicle="9" speed="2956" time="9920" acceleration="-1349"/>
    <motionState vehicle="10" speed="2808" time="9920" acceleration="-2354"/>
    <motionState vehicle="11" speed="2564" time="9920" acceleration="-1890"/>
    <motionState vehicle="0" speed="7492" time="9930" acceleration="13636"/>
    <motionState vehicle="1" speed="2322" time="9930" acceleration="265"/>
    <motionState vehicle="2" speed="2354" time="9930" acceleration="814"/>
    <motionState vehicle="3" speed="2440" time="9930" acceleration="1203"/>
    <motionState vehicle="4" speed="7697" time="9930" acceleration="1436"/>
    <motionState vehicle="5" speed="2563" time="9930" acceleration="1433"/>
    <motionState vehicle="6" speed="2708" time="9930" acceleration="1454"/>
    <motionState vehicle="7" speed="2853" time="9930" acceleration="1079"/>
    <motionState vehicle="8" speed="2957" time="9930" acceleration="86"/>
    <motionState vehicle="9" speed="2955" time="9930" acceleration="-1359"/>
    <motionState vehicle="10" speed="2805" time="9930" acceleration="-2350"/>
    <motionState vehicle="11" speed="2562" time="9930" acceleration="-1876"/>
    <motionState vehicle="0" speed="7506" time="9940" acceleration="13636"/>
    <motionState vehicle="1" speed="2322" time="9940" acceleration="270"/>
    <motionState vehicle="2" speed="2354" time="9940" acceleration="818"/>
    <motionState vehicle="3" speed="2441" time="9940" acceleration="1206"/>
    <motionState vehicle="4" speed="7698" time="9940" acceleration="1515"/>
    <motionState vehicle="5" speed="2565" time="9940" acceleration="1433"/>
    <motionState vehicle="6" speed="2710" time="9940" acceleration="1451"/>
    <motionState vehicle="7" speed="2854" time="9940" acceleration="1070"/>
    <motionState vehicle="8" speed="2957" time="9940" acceleration="72"/>
    <motionState vehicle="9" speed="2954" time="9940" acceleration="-1370"/>
    <motionState vehicle="10" speed="2803" time="9940" acceleration="-2347"/>
    <motionState vehicle="11" speed="2560" time="9940" acceleration="-1861"/>
    <motionState vehicle="0" speed="7519" time="9950" acceleration="13636"/>
    <motionState vehicle="1" speed="2322" time="9950" acceleration="276"/>
    <motionState vehicle="2" speed="2355" time="9950" acceleration="822"/>
    <motionState vehicle="3" speed="2442" time="9950" acceleration="1208"/>
    <motionState vehicle="4" speed="7700" time="9950" acceleration="1594"/>
    <motionState vehicle="5" speed="2566" time="9950" acceleration="1434"/>
    <motionState vehicle="6" speed="2711" time="9950" acceleration="1447"/>
    <motionState vehicle="7" speed="2855" time="9950" acceleration="1060"/>
    <motionState vehicle="8" speed="2957" time="9950" acceleration="58"/>
    <motionState vehicle="9" speed="2952" time="9950" acceleration="-1380"/>
    <motionState vehicle="10" speed="2801" time="9950" acceleration="-2343"/>
    <motionState vehicle="11" speed="2558" time="9950" acceleration="-1846"/>
    <motionState vehicle="0" speed="7533" time="9960" acceleration="13636"/>
    <motionState vehicle="1" speed="2322" time="9960" acceleration="281"/>
    <motionState vehicle="2" speed="2356" time="9960" acceleration="826"/>
    <motionState vehicle="3" speed="2444" time="9960" acceleration="1210"/>
    <motionState vehicle="4" speed="7701" time="9960" acceleration="1673"/>
    <motionState vehicle="5" speed="2568" time="9960" acceleration="1434"/>
    <motionState vehicle="6" speed="2713" time="9960" acceleration="1444"/>
    <motionState vehicle="7" speed="2856" time="9960" acceleration="1051"/>
    <motionState vehicle="8" speed="2957" time="9960" acceleration="44"/>
    <motionState vehicle="9" speed="2951" time="9960" acceleration="-1390"/>
    <motionState vehicle="10" speed="2798" time="9960" acceleration="-2339"/>
    <motionState vehicle="11" speed="2556" time="9960" acceleration="-1832"/>
    <motionState vehicle="0" speed="7546" time="9970" acceleration="13636"/>
    <motionState vehicle="1" speed="2323" time="9970" acceleration="287"/>
    <motionState vehicle="2" speed="2357" time="9970" acceleration="830"/>
    <motionState vehicle="3" speed="2445" time="9970" acceleration="1213"/>
    <motionState vehicle="4" speed="7703" time="9970" acceleration="1751"/>
    <motionState vehicle="5" speed="2569" time="9970" acceleration="1434"/>
    <motionState vehicle="6" speed="2714" time="9970" acceleration="1440"/>
    <motionState vehicle="7" speed="2857" time="9970" acceleration="1041"/>
    <motionState vehicle="8" speed="2957" time="9970" acceleration="30"/>
    <motionState vehicle="9" speed="2949" time="9970" acceleration="-1400"/>
    <motionState vehicle="10" speed="2796" time="9970" acceleration="-2335"/>
    <motionState vehicle="11" speed="2554" time="9970" acceleration="-1817"/>
    <motionState vehicle="0" speed="7560" time="9980" acceleration="13636"/>
    <motionState vehicle="1" speed="2323" time="9980" acceleration="292"/>
    <motionState vehicle="2" speed="2358" time="9980" acceleration="834"/>
    <motionState vehicle="3" speed="2446" time="9980" acceleration="1215"/>
    <motionState vehicle="4" speed="7705" time="9980" acceleration="1829"/>
    <motionState vehicle="5" speed="2571" time="9980" acceleration="1434"/>
    <motionState vehicle="6" speed="2715" time="9980" acceleration="1436"/>
    <motionState vehicle="7" speed="2858" time="9980" acceleration="1032"/>
    <motionState vehicle="8" speed="2957" time="9980" acceleration="16"/>
    <motionState vehicle="9" speed="2948" time="9980" acceleration="-1409"/>
    <motionState vehicle="10" speed="2794" time="9980" acceleration="-2331"/>
    <motionState vehicle="11" speed="2553" time="9980" acceleration="-1802"/>
    <motionState vehicle="0" speed="7574" time="9990" acceleration="13636"/>
    <motionState vehicle="1" speed="2323" time="9990" acceleration="298"/>
    <motionState vehicle="2" speed="2359" time="9990" acceleration="838"/>
    <motionState vehicle="3" speed="2447" time="9990" acceleration="1217"/>
    <motionState vehicle="4" speed="7707" time="9990" acceleration="1906"/>
    <motionState vehicle="5" speed="2572" time="9990" acceleration="1434"/>
    <motionState vehicle="6" speed="2717" time="9990" acceleration="1433"/>
    <motionState vehicle="7" speed="2860" time="9990" acceleration="1022"/>
    <motionState vehicle="8" speed="2957" time="9990" acceleration="2"/>
    <motionState vehicle="9" speed="2947" time="9990" acceleration="-1419"/>
    <motionState vehicle="10" speed="2791" time="9990" acceleration="-2327"/>
    <motionState vehicle="11" speed="2551" time="9990" acceleration="-1788"/>
    <motionState vehicle="0" speed="7587" time="10000" acceleration="13636"/>
    <motionState vehicle="1" speed="2324" time="10000" acceleration="303"/>
    <motionState vehicle="2" speed="2359" time="10000" acceleration="842"/>
    <motionState vehicle="3" speed="2448" time="10000" acceleration="1219"/>
    <motionState vehicle="4" speed="7709" time="10000" acceleration="1983"/>
    <motionState vehicle="5" speed="2573" time="10000" acceleration="1435"/>
    <motionState vehicle="6" speed="2718" time="10000" acceleration="1429"/>
    <motionState vehicle="7" speed="2861" time="10000" acceleration="1012"/>
    <motionState vehicle="8" speed="2957" time="10000" acceleration="-11"/>
    <motionState vehicle="9" speed="2945" time="10000" acceleration="-1428"/>
    <motionState vehicle="10" speed="2789" time="10000" acceleration="-2323"/>
    <motionState vehicle="11" speed="2549" time="10000" acceleration="-1773"/>
>>>>>>> f63c990... added xml files to gitignore
    <motionState vehicle="0" speed="0" time="10010" acceleration="0"/>
    <motionState vehicle="1" speed="0" time="10010" acceleration="0"/>
    <motionState vehicle="2" speed="0" time="10010" acceleration="0"/>
    <motionState vehicle="3" speed="0" time="10010" acceleration="0"/>
    <motionState vehicle="4" speed="0" time="10010" acceleration="0"/>
    <motionState vehicle="5" speed="0" time="10010" acceleration="0"/>
    <motionState vehicle="6" speed="0" time="10010" acceleration="0"/>
    <motionState vehicle="7" speed="0" time="10010" acceleration="0"/>
    <motionState vehicle="8" speed="0" time="10010" acceleration="0"/>
    <motionState vehicle="9" speed="0" time="10010" acceleration="0"/>
    <motionState vehicle="10" speed="0" time="10010" acceleration="0"/>
    <motionState vehicle="11" speed="0" time="10010" acceleration="0"/>
<<<<<<< HEAD
    <motionState vehicle="0" speed="3" time="10020" acceleration="2587"/>
    <motionState vehicle="1" speed="3" time="10020" acceleration="2595"/>
    <motionState vehicle="2" speed="3" time="10020" acceleration="2596"/>
    <motionState vehicle="3" speed="3" time="10020" acceleration="2595"/>
    <motionState vehicle="4" speed="3" time="10020" acceleration="2594"/>
    <motionState vehicle="5" speed="3" time="10020" acceleration="2599"/>
    <motionState vehicle="6" speed="3" time="10020" acceleration="2589"/>
    <motionState vehicle="7" speed="3" time="10020" acceleration="2597"/>
    <motionState vehicle="8" speed="3" time="10020" acceleration="2597"/>
    <motionState vehicle="9" speed="3" time="10020" acceleration="2588"/>
    <motionState vehicle="10" speed="3" time="10020" acceleration="2590"/>
    <motionState vehicle="11" speed="3" time="10020" acceleration="2590"/>
=======
    <motionState vehicle="0" speed="3" time="10020" acceleration="2594"/>
    <motionState vehicle="1" speed="3" time="10020" acceleration="2591"/>
    <motionState vehicle="2" speed="3" time="10020" acceleration="2596"/>
    <motionState vehicle="3" speed="3" time="10020" acceleration="2593"/>
    <motionState vehicle="4" speed="3" time="10020" acceleration="2593"/>
    <motionState vehicle="5" speed="3" time="10020" acceleration="2596"/>
    <motionState vehicle="6" speed="3" time="10020" acceleration="2588"/>
    <motionState vehicle="7" speed="3" time="10020" acceleration="2593"/>
    <motionState vehicle="8" speed="3" time="10020" acceleration="2597"/>
    <motionState vehicle="9" speed="3" time="10020" acceleration="2598"/>
    <motionState vehicle="10" speed="3" time="10020" acceleration="2597"/>
    <motionState vehicle="11" speed="3" time="10020" acceleration="2589"/>
>>>>>>> f63c990... added xml files to gitignore
</trajectories>
