<?xml version="1.0" encoding="UTF-8"?>

<!-- generated on Mon Feb 27 13:49:00 2017 by SUMO Version 0.29.0
<?xml version="1.0" encoding="UTF-8"?>

<configuration xmlns:xsi="http://www.w3.org/2001/XMLSchema-instance" xsi:noNamespaceSchemaLocation="http://sumo.dlr.de/xsd/sumoConfiguration.xsd">

    <input>
        <net-file value="tests/debug/cfg/test-two-lane-two-controller-200m2l.net.xml"/>
        <route-files value="tests/debug/cfg/test-two-lane-two-controller-200m2l.rou.xml"/>
        <additional-files value="tests/debug/cfg/test-two-lane-two-controller-200m2l.add.xml"/>
    </input>

    <output>
        <netstate-dump value="tests/debug/cfg/data/test-two-lane-two-controller-200m2l.netstate.xml"/>
        <emission-output value="tests/debug/cfg/data/test-two-lane-two-controller-200m2l.emission.xml"/>
        <amitran-output value="tests/debug/cfg/data/test-two-lane-two-controller-200m2l.amitran.xml"/>
        <lanechange-output value="tests/debug/cfg/data/test-two-lane-two-controller-200m2l.lanechange.xml"/>
    </output>

    <time>
        <begin value="0"/>
        <end value="1000"/>
        <step-length value="0.01"/>
    </time>

    <traci_server>
        <remote-port value="8873"/>
    </traci_server>

    <gui_only>
        <gui-settings-file value="tests/debug/cfg/test-two-lane-two-controller-200m2l.gui.cfg"/>
    </gui_only>

</configuration>
-->

<emission-export xmlns:xsi="http://www.w3.org/2001/XMLSchema-instance" xsi:noNamespaceSchemaLocation="http://sumo.dlr.de/xsd/emission_file.xsd">
    <timestep time="0.00">
        <vehicle id="cfm-fast_0" eclass="HBEFA3/PC_G_EU4" CO2="2624.72" CO="164.78" HC="0.81" NOx="1.20" PMx="0.07" fuel="1.13" electricity="0.00" noise="55.94" route="routeright" type="cfm-fast" waiting="0.00" lane="right_0" pos="46.00" speed="0.00" angle="281.75" x="72.34" y="131.72"/>
        <vehicle id="cfm-fast_1" eclass="HBEFA3/PC_G_EU4" CO2="2624.72" CO="164.78" HC="0.81" NOx="1.20" PMx="0.07" fuel="1.13" electricity="0.00" noise="55.94" route="routetop" type="cfm-fast" waiting="0.00" lane="top_0" pos="11.83" speed="0.00" angle="253.14" x="38.70" y="127.56"/>
        <vehicle id="cfm-fast_2" eclass="HBEFA3/PC_G_EU4" CO2="2624.72" CO="164.78" HC="0.81" NOx="1.20" PMx="0.07" fuel="1.13" electricity="0.00" noise="55.94" route="routetop" type="cfm-fast" waiting="0.00" lane="top_0" pos="27.67" speed="0.00" angle="224.69" x="11.28" y="107.95"/>
        <vehicle id="cfm-fast_3" eclass="HBEFA3/PC_G_EU4" CO2="2624.72" CO="164.78" HC="0.81" NOx="1.20" PMx="0.07" fuel="1.13" electricity="0.00" noise="55.94" route="routetop" type="cfm-fast" waiting="0.00" lane="top_0" pos="43.50" speed="0.00" angle="196.26" x="-3.51" y="77.65"/>
        <vehicle id="cfm-fast_4" eclass="HBEFA3/PC_G_EU4" CO2="2624.72" CO="164.78" HC="0.81" NOx="1.20" PMx="0.07" fuel="1.13" electricity="0.00" noise="55.94" route="routeleft" type="cfm-fast" waiting="0.00" lane="left_0" pos="9.33" speed="0.00" angle="167.63" x="-1.99" y="43.78"/>
        <vehicle id="cfm-fast_5" eclass="HBEFA3/PC_G_EU4" CO2="2624.72" CO="164.78" HC="0.81" NOx="1.20" PMx="0.07" fuel="1.13" electricity="0.00" noise="55.94" route="routeleft" type="cfm-fast" waiting="0.00" lane="left_0" pos="25.17" speed="0.00" angle="139.20" x="15.41" y="14.90"/>
        <vehicle id="cfm-slow_0" eclass="HBEFA3/PC_G_EU4" CO2="2624.72" CO="164.78" HC="0.81" NOx="1.20" PMx="0.07" fuel="1.13" electricity="0.00" noise="55.94" route="routebottom" type="cfm-slow" waiting="0.00" lane="bottom_0" pos="1.00" speed="0.00" angle="92.66" x="65.91" y="-4.90"/>
        <vehicle id="cfm-slow_1" eclass="HBEFA3/PC_G_EU4" CO2="2624.72" CO="164.78" HC="0.81" NOx="1.20" PMx="0.07" fuel="1.13" electricity="0.00" noise="55.94" route="routebottom" type="cfm-slow" waiting="0.00" lane="bottom_0" pos="16.83" speed="0.00" angle="64.18" x="98.30" y="4.45"/>
        <vehicle id="cfm-slow_2" eclass="HBEFA3/PC_G_EU4" CO2="2624.72" CO="164.78" HC="0.81" NOx="1.20" PMx="0.07" fuel="1.13" electricity="0.00" noise="55.94" route="routebottom" type="cfm-slow" waiting="0.00" lane="bottom_0" pos="32.67" speed="0.00" angle="35.75" x="122.33" y="28.10"/>
        <vehicle id="cfm-slow_3" eclass="HBEFA3/PC_G_EU4" CO2="2624.72" CO="164.78" HC="0.81" NOx="1.20" PMx="0.07" fuel="1.13" electricity="0.00" noise="55.94" route="routebottom" type="cfm-slow" waiting="0.00" lane="bottom_0" pos="48.50" speed="0.00" angle="7.24" x="132.19" y="60.34"/>
        <vehicle id="cfm-slow_4" eclass="HBEFA3/PC_G_EU4" CO2="2624.72" CO="164.78" HC="0.81" NOx="1.20" PMx="0.07" fuel="1.13" electricity="0.00" noise="55.94" route="routeright" type="cfm-slow" waiting="0.00" lane="right_0" pos="14.33" speed="0.00" angle="338.68" x="125.41" y="93.56"/>
        <vehicle id="cfm-slow_5" eclass="HBEFA3/PC_G_EU4" CO2="2624.72" CO="164.78" HC="0.81" NOx="1.20" PMx="0.07" fuel="1.13" electricity="0.00" noise="55.94" route="routeright" type="cfm-slow" waiting="0.00" lane="right_0" pos="30.17" speed="0.00" angle="310.20" x="103.71" y="119.35"/>
    </timestep>
    <timestep time="0.01">
        <vehicle id="cfm-fast_0" eclass="HBEFA3/PC_G_EU4" CO2="3091.89" CO="171.99" HC="0.86" NOx="1.42" PMx="0.08" fuel="1.33" electricity="0.00" noise="115.99" route="routeright" type="cfm-fast" waiting="0.00" lane="right_0" pos="46.00" speed="0.14" angle="281.75" x="72.34" y="131.72"/>
        <vehicle id="cfm-fast_1" eclass="HBEFA3/PC_G_EU4" CO2="3091.89" CO="171.99" HC="0.86" NOx="1.42" PMx="0.08" fuel="1.33" electricity="0.00" noise="115.99" route="routetop" type="cfm-fast" waiting="0.00" lane="top_0" pos="11.83" speed="0.14" angle="253.14" x="38.70" y="127.56"/>
        <vehicle id="cfm-fast_2" eclass="HBEFA3/PC_G_EU4" CO2="3091.89" CO="171.99" HC="0.86" NOx="1.42" PMx="0.08" fuel="1.33" electricity="0.00" noise="115.99" route="routetop" type="cfm-fast" waiting="0.00" lane="top_0" pos="27.67" speed="0.14" angle="224.68" x="11.27" y="107.95"/>
        <vehicle id="cfm-fast_3" eclass="HBEFA3/PC_G_EU4" CO2="3091.89" CO="171.99" HC="0.86" NOx="1.42" PMx="0.08" fuel="1.33" electricity="0.00" noise="115.99" route="routetop" type="cfm-fast" waiting="0.00" lane="top_0" pos="43.50" speed="0.14" angle="196.26" x="-3.51" y="77.64"/>
        <vehicle id="cfm-fast_4" eclass="HBEFA3/PC_G_EU4" CO2="3091.89" CO="171.99" HC="0.86" NOx="1.42" PMx="0.08" fuel="1.33" electricity="0.00" noise="115.99" route="routeleft" type="cfm-fast" waiting="0.00" lane="left_0" pos="9.33" speed="0.14" angle="167.62" x="-1.99" y="43.78"/>
        <vehicle id="cfm-fast_5" eclass="HBEFA3/PC_G_EU4" CO2="3091.89" CO="171.99" HC="0.86" NOx="1.42" PMx="0.08" fuel="1.33" electricity="0.00" noise="115.99" route="routeleft" type="cfm-fast" waiting="0.00" lane="left_0" pos="25.17" speed="0.14" angle="139.20" x="15.41" y="14.90"/>
        <vehicle id="cfm-slow_0" eclass="HBEFA3/PC_G_EU4" CO2="3091.89" CO="171.99" HC="0.86" NOx="1.42" PMx="0.08" fuel="1.33" electricity="0.00" noise="115.99" route="routebottom" type="cfm-slow" waiting="0.00" lane="bottom_0" pos="1.00" speed="0.14" angle="92.66" x="65.91" y="-4.90"/>
        <vehicle id="cfm-slow_1" eclass="HBEFA3/PC_G_EU4" CO2="3091.89" CO="171.99" HC="0.86" NOx="1.42" PMx="0.08" fuel="1.33" electricity="0.00" noise="115.99" route="routebottom" type="cfm-slow" waiting="0.00" lane="bottom_0" pos="16.83" speed="0.14" angle="64.18" x="98.31" y="4.45"/>
        <vehicle id="cfm-slow_2" eclass="HBEFA3/PC_G_EU4" CO2="3091.89" CO="171.99" HC="0.86" NOx="1.42" PMx="0.08" fuel="1.33" electricity="0.00" noise="115.99" route="routebottom" type="cfm-slow" waiting="0.00" lane="bottom_0" pos="32.67" speed="0.14" angle="35.75" x="122.33" y="28.10"/>
        <vehicle id="cfm-slow_3" eclass="HBEFA3/PC_G_EU4" CO2="3091.89" CO="171.99" HC="0.86" NOx="1.42" PMx="0.08" fuel="1.33" electricity="0.00" noise="115.99" route="routebottom" type="cfm-slow" waiting="0.00" lane="bottom_0" pos="48.50" speed="0.14" angle="7.24" x="132.19" y="60.35"/>
        <vehicle id="cfm-slow_4" eclass="HBEFA3/PC_G_EU4" CO2="3091.89" CO="171.99" HC="0.86" NOx="1.42" PMx="0.08" fuel="1.33" electricity="0.00" noise="115.99" route="routeright" type="cfm-slow" waiting="0.00" lane="right_0" pos="14.33" speed="0.14" angle="338.68" x="125.41" y="93.56"/>
        <vehicle id="cfm-slow_5" eclass="HBEFA3/PC_G_EU4" CO2="3091.89" CO="171.99" HC="0.86" NOx="1.42" PMx="0.08" fuel="1.33" electricity="0.00" noise="115.99" route="routeright" type="cfm-slow" waiting="0.00" lane="right_0" pos="30.17" speed="0.14" angle="310.20" x="103.70" y="119.36"/>
    </timestep>
    <timestep time="0.02">
        <vehicle id="cfm-fast_0" eclass="HBEFA3/PC_G_EU4" CO2="3559.34" CO="179.23" HC="0.90" NOx="1.64" PMx="0.09" fuel="1.53" electricity="0.00" noise="116.04" route="routeright" type="cfm-fast" waiting="0.00" lane="right_0" pos="46.00" speed="0.27" angle="281.75" x="72.33" y="131.72"/>
        <vehicle id="cfm-fast_1" eclass="HBEFA3/PC_G_EU4" CO2="3559.34" CO="179.23" HC="0.90" NOx="1.64" PMx="0.09" fuel="1.53" electricity="0.00" noise="116.04" route="routetop" type="cfm-fast" waiting="0.00" lane="top_0" pos="11.84" speed="0.27" angle="253.14" x="38.69" y="127.55"/>
        <vehicle id="cfm-fast_2" eclass="HBEFA3/PC_G_EU4" CO2="3559.34" CO="179.23" HC="0.90" NOx="1.64" PMx="0.09" fuel="1.53" electricity="0.00" noise="116.04" route="routetop" type="cfm-fast" waiting="0.00" lane="top_0" pos="27.67" speed="0.27" angle="224.68" x="11.27" y="107.94"/>
        <vehicle id="cfm-fast_3" eclass="HBEFA3/PC_G_EU4" CO2="3559.34" CO="179.23" HC="0.90" NOx="1.64" PMx="0.09" fuel="1.53" electricity="0.00" noise="116.04" route="routetop" type="cfm-fast" waiting="0.00" lane="top_0" pos="43.50" speed="0.27" angle="196.26" x="-3.51" y="77.64"/>
        <vehicle id="cfm-fast_4" eclass="HBEFA3/PC_G_EU4" CO2="3559.34" CO="179.23" HC="0.90" NOx="1.64" PMx="0.09" fuel="1.53" electricity="0.00" noise="116.04" route="routeleft" type="cfm-fast" waiting="0.00" lane="left_0" pos="9.34" speed="0.27" angle="167.62" x="-1.99" y="43.77"/>
        <vehicle id="cfm-fast_5" eclass="HBEFA3/PC_G_EU4" CO2="3559.34" CO="179.23" HC="0.90" NOx="1.64" PMx="0.09" fuel="1.53" electricity="0.00" noise="116.04" route="routeleft" type="cfm-fast" waiting="0.00" lane="left_0" pos="25.17" speed="0.27" angle="139.19" x="15.41" y="14.90"/>
        <vehicle id="cfm-slow_0" eclass="HBEFA3/PC_G_EU4" CO2="3559.34" CO="179.23" HC="0.90" NOx="1.64" PMx="0.09" fuel="1.53" electricity="0.00" noise="116.04" route="routebottom" type="cfm-slow" waiting="0.00" lane="bottom_0" pos="1.00" speed="0.27" angle="92.65" x="65.92" y="-4.90"/>
        <vehicle id="cfm-slow_1" eclass="HBEFA3/PC_G_EU4" CO2="3559.34" CO="179.23" HC="0.90" NOx="1.64" PMx="0.09" fuel="1.53" electricity="0.00" noise="116.04" route="routebottom" type="cfm-slow" waiting="0.00" lane="bottom_0" pos="16.84" speed="0.27" angle="64.17" x="98.31" y="4.45"/>
        <vehicle id="cfm-slow_2" eclass="HBEFA3/PC_G_EU4" CO2="3559.34" CO="179.23" HC="0.90" NOx="1.64" PMx="0.09" fuel="1.53" electricity="0.00" noise="116.04" route="routebottom" type="cfm-slow" waiting="0.00" lane="bottom_0" pos="32.67" speed="0.27" angle="35.74" x="122.33" y="28.11"/>
        <vehicle id="cfm-slow_3" eclass="HBEFA3/PC_G_EU4" CO2="3559.34" CO="179.23" HC="0.90" NOx="1.64" PMx="0.09" fuel="1.53" electricity="0.00" noise="116.04" route="routebottom" type="cfm-slow" waiting="0.00" lane="bottom_0" pos="48.50" speed="0.27" angle="7.24" x="132.19" y="60.35"/>
        <vehicle id="cfm-slow_4" eclass="HBEFA3/PC_G_EU4" CO2="3559.34" CO="179.23" HC="0.90" NOx="1.64" PMx="0.09" fuel="1.53" electricity="0.00" noise="116.04" route="routeright" type="cfm-slow" waiting="0.00" lane="right_0" pos="14.34" speed="0.27" angle="338.68" x="125.41" y="93.57"/>
        <vehicle id="cfm-slow_5" eclass="HBEFA3/PC_G_EU4" CO2="3559.34" CO="179.23" HC="0.90" NOx="1.64" PMx="0.09" fuel="1.53" electricity="0.00" noise="116.04" route="routeright" type="cfm-slow" waiting="0.00" lane="right_0" pos="30.17" speed="0.27" angle="310.20" x="103.70" y="119.36"/>
    </timestep>
    <timestep time="0.03">
        <vehicle id="cfm-fast_0" eclass="HBEFA3/PC_G_EU4" CO2="4027.09" CO="186.49" HC="0.95" NOx="1.85" PMx="0.10" fuel="1.73" electricity="0.00" noise="116.09" route="routeright" type="cfm-fast" waiting="0.00" lane="right_0" pos="46.01" speed="0.41" angle="281.74" x="72.33" y="131.72"/>
        <vehicle id="cfm-fast_1" eclass="HBEFA3/PC_G_EU4" CO2="4027.09" CO="186.49" HC="0.95" NOx="1.85" PMx="0.10" fuel="1.73" electricity="0.00" noise="116.09" route="routetop" type="cfm-fast" waiting="0.00" lane="top_0" pos="11.84" speed="0.41" angle="253.13" x="38.68" y="127.55"/>
        <vehicle id="cfm-fast_2" eclass="HBEFA3/PC_G_EU4" CO2="4027.09" CO="186.49" HC="0.95" NOx="1.85" PMx="0.10" fuel="1.73" electricity="0.00" noise="116.09" route="routetop" type="cfm-fast" waiting="0.00" lane="top_0" pos="27.67" speed="0.41" angle="224.67" x="11.27" y="107.94"/>
        <vehicle id="cfm-fast_3" eclass="HBEFA3/PC_G_EU4" CO2="4027.09" CO="186.49" HC="0.95" NOx="1.85" PMx="0.10" fuel="1.73" electricity="0.00" noise="116.09" route="routetop" type="cfm-fast" waiting="0.00" lane="top_0" pos="43.51" speed="0.41" angle="196.25" x="-3.51" y="77.63"/>
        <vehicle id="cfm-fast_4" eclass="HBEFA3/PC_G_EU4" CO2="4027.09" CO="186.49" HC="0.95" NOx="1.85" PMx="0.10" fuel="1.73" electricity="0.00" noise="116.09" route="routeleft" type="cfm-fast" waiting="0.00" lane="left_0" pos="9.34" speed="0.41" angle="167.61" x="-1.99" y="43.76"/>
        <vehicle id="cfm-fast_5" eclass="HBEFA3/PC_G_EU4" CO2="4027.09" CO="186.49" HC="0.95" NOx="1.85" PMx="0.10" fuel="1.73" electricity="0.00" noise="116.09" route="routeleft" type="cfm-fast" waiting="0.00" lane="left_0" pos="25.17" speed="0.41" angle="139.18" x="15.42" y="14.89"/>
        <vehicle id="cfm-slow_0" eclass="HBEFA3/PC_G_EU4" CO2="4027.09" CO="186.49" HC="0.95" NOx="1.85" PMx="0.10" fuel="1.73" electricity="0.00" noise="116.09" route="routebottom" type="cfm-slow" waiting="0.00" lane="bottom_0" pos="1.01" speed="0.41" angle="92.65" x="65.93" y="-4.90"/>
        <vehicle id="cfm-slow_1" eclass="HBEFA3/PC_G_EU4" CO2="4027.09" CO="186.49" HC="0.95" NOx="1.85" PMx="0.10" fuel="1.73" electricity="0.00" noise="116.09" route="routebottom" type="cfm-slow" waiting="0.00" lane="bottom_0" pos="16.84" speed="0.41" angle="64.16" x="98.32" y="4.46"/>
        <vehicle id="cfm-slow_2" eclass="HBEFA3/PC_G_EU4" CO2="4027.09" CO="186.49" HC="0.95" NOx="1.85" PMx="0.10" fuel="1.73" electricity="0.00" noise="116.09" route="routebottom" type="cfm-slow" waiting="0.00" lane="bottom_0" pos="32.67" speed="0.41" angle="35.74" x="122.34" y="28.12"/>
        <vehicle id="cfm-slow_3" eclass="HBEFA3/PC_G_EU4" CO2="4027.09" CO="186.49" HC="0.95" NOx="1.85" PMx="0.10" fuel="1.73" electricity="0.00" noise="116.09" route="routebottom" type="cfm-slow" waiting="0.00" lane="bottom_0" pos="48.51" speed="0.41" angle="7.23" x="132.19" y="60.36"/>
        <vehicle id="cfm-slow_4" eclass="HBEFA3/PC_G_EU4" CO2="4027.09" CO="186.49" HC="0.95" NOx="1.85" PMx="0.10" fuel="1.73" electricity="0.00" noise="116.09" route="routeright" type="cfm-slow" waiting="0.00" lane="right_0" pos="14.34" speed="0.41" angle="338.67" x="125.41" y="93.58"/>
        <vehicle id="cfm-slow_5" eclass="HBEFA3/PC_G_EU4" CO2="4027.09" CO="186.49" HC="0.95" NOx="1.85" PMx="0.10" fuel="1.73" electricity="0.00" noise="116.09" route="routeright" type="cfm-slow" waiting="0.00" lane="right_0" pos="30.17" speed="0.41" angle="310.19" x="103.69" y="119.36"/>
    </timestep>
    <timestep time="0.04">
        <vehicle id="cfm-fast_0" eclass="HBEFA3/PC_G_EU4" CO2="4495.13" CO="193.77" HC="0.99" NOx="2.07" PMx="0.11" fuel="1.93" electricity="0.00" noise="116.14" route="routeright" type="cfm-fast" waiting="0.00" lane="right_0" pos="46.01" speed="0.55" angle="281.73" x="72.31" y="131.73"/>
        <vehicle id="cfm-fast_1" eclass="HBEFA3/PC_G_EU4" CO2="4495.13" CO="193.77" HC="0.99" NOx="2.07" PMx="0.11" fuel="1.93" electricity="0.00" noise="116.14" route="routetop" type="cfm-fast" waiting="0.00" lane="top_0" pos="11.85" speed="0.55" angle="253.12" x="38.67" y="127.55"/>
        <vehicle id="cfm-fast_2" eclass="HBEFA3/PC_G_EU4" CO2="4495.13" CO="193.77" HC="0.99" NOx="2.07" PMx="0.11" fuel="1.93" electricity="0.00" noise="116.14" route="routetop" type="cfm-fast" waiting="0.00" lane="top_0" pos="27.68" speed="0.55" angle="224.66" x="11.26" y="107.93"/>
        <vehicle id="cfm-fast_3" eclass="HBEFA3/PC_G_EU4" CO2="4495.13" CO="193.77" HC="0.99" NOx="2.07" PMx="0.11" fuel="1.93" electricity="0.00" noise="116.14" route="routetop" type="cfm-fast" waiting="0.00" lane="top_0" pos="43.51" speed="0.55" angle="196.24" x="-3.52" y="77.62"/>
        <vehicle id="cfm-fast_4" eclass="HBEFA3/PC_G_EU4" CO2="4495.13" CO="193.77" HC="0.99" NOx="2.07" PMx="0.11" fuel="1.93" electricity="0.00" noise="116.14" route="routeleft" type="cfm-fast" waiting="0.00" lane="left_0" pos="9.35" speed="0.55" angle="167.60" x="-1.98" y="43.75"/>
        <vehicle id="cfm-fast_5" eclass="HBEFA3/PC_G_EU4" CO2="4495.13" CO="193.77" HC="0.99" NOx="2.07" PMx="0.11" fuel="1.93" electricity="0.00" noise="116.14" route="routeleft" type="cfm-fast" waiting="0.00" lane="left_0" pos="25.18" speed="0.55" angle="139.17" x="15.43" y="14.88"/>
        <vehicle id="cfm-slow_0" eclass="HBEFA3/PC_G_EU4" CO2="4495.13" CO="193.77" HC="0.99" NOx="2.07" PMx="0.11" fuel="1.93" electricity="0.00" noise="116.14" route="routebottom" type="cfm-slow" waiting="0.00" lane="bottom_0" pos="1.01" speed="0.55" angle="92.64" x="65.94" y="-4.90"/>
        <vehicle id="cfm-slow_1" eclass="HBEFA3/PC_G_EU4" CO2="4495.13" CO="193.77" HC="0.99" NOx="2.07" PMx="0.11" fuel="1.93" electricity="0.00" noise="116.14" route="routebottom" type="cfm-slow" waiting="0.00" lane="bottom_0" pos="16.85" speed="0.55" angle="64.15" x="98.33" y="4.46"/>
        <vehicle id="cfm-slow_2" eclass="HBEFA3/PC_G_EU4" CO2="4495.13" CO="193.77" HC="0.99" NOx="2.07" PMx="0.11" fuel="1.93" electricity="0.00" noise="116.14" route="routebottom" type="cfm-slow" waiting="0.00" lane="bottom_0" pos="32.68" speed="0.55" angle="35.73" x="122.34" y="28.13"/>
        <vehicle id="cfm-slow_3" eclass="HBEFA3/PC_G_EU4" CO2="4495.13" CO="193.77" HC="0.99" NOx="2.07" PMx="0.11" fuel="1.93" electricity="0.00" noise="116.14" route="routebottom" type="cfm-slow" waiting="0.00" lane="bottom_0" pos="48.51" speed="0.55" angle="7.22" x="132.19" y="60.37"/>
        <vehicle id="cfm-slow_4" eclass="HBEFA3/PC_G_EU4" CO2="4495.13" CO="193.77" HC="0.99" NOx="2.07" PMx="0.11" fuel="1.93" electricity="0.00" noise="116.14" route="routeright" type="cfm-slow" waiting="0.00" lane="right_0" pos="14.35" speed="0.55" angle="338.66" x="125.40" y="93.59"/>
        <vehicle id="cfm-slow_5" eclass="HBEFA3/PC_G_EU4" CO2="4495.13" CO="193.77" HC="0.99" NOx="2.07" PMx="0.11" fuel="1.93" electricity="0.00" noise="116.14" route="routeright" type="cfm-slow" waiting="0.00" lane="right_0" pos="30.18" speed="0.55" angle="310.18" x="103.68" y="119.37"/>
    </timestep>
    <timestep time="0.05">
        <vehicle id="cfm-fast_0" eclass="HBEFA3/PC_G_EU4" CO2="4963.46" CO="201.07" HC="1.03" NOx="2.29" PMx="0.12" fuel="2.13" electricity="0.00" noise="116.20" route="routeright" type="cfm-fast" waiting="0.00" lane="right_0" pos="46.02" speed="0.68" angle="281.72" x="72.30" y="131.73"/>
        <vehicle id="cfm-fast_1" eclass="HBEFA3/PC_G_EU4" CO2="4963.46" CO="201.07" HC="1.03" NOx="2.29" PMx="0.12" fuel="2.13" electricity="0.00" noise="116.20" route="routetop" type="cfm-fast" waiting="0.00" lane="top_0" pos="11.85" speed="0.68" angle="253.11" x="38.66" y="127.54"/>
        <vehicle id="cfm-fast_2" eclass="HBEFA3/PC_G_EU4" CO2="4963.46" CO="201.07" HC="1.03" NOx="2.29" PMx="0.12" fuel="2.13" electricity="0.00" noise="116.20" route="routetop" type="cfm-fast" waiting="0.00" lane="top_0" pos="27.69" speed="0.68" angle="224.65" x="11.25" y="107.92"/>
        <vehicle id="cfm-fast_3" eclass="HBEFA3/PC_G_EU4" CO2="4963.46" CO="201.07" HC="1.03" NOx="2.29" PMx="0.12" fuel="2.13" electricity="0.00" noise="116.20" route="routetop" type="cfm-fast" waiting="0.00" lane="top_0" pos="43.52" speed="0.68" angle="196.23" x="-3.52" y="77.60"/>
        <vehicle id="cfm-fast_4" eclass="HBEFA3/PC_G_EU4" CO2="4963.46" CO="201.07" HC="1.03" NOx="2.29" PMx="0.12" fuel="2.13" electricity="0.00" noise="116.20" route="routeleft" type="cfm-fast" waiting="0.00" lane="left_0" pos="9.35" speed="0.68" angle="167.59" x="-1.98" y="43.74"/>
        <vehicle id="cfm-fast_5" eclass="HBEFA3/PC_G_EU4" CO2="4963.46" CO="201.07" HC="1.03" NOx="2.29" PMx="0.12" fuel="2.13" electricity="0.00" noise="116.20" route="routeleft" type="cfm-fast" waiting="0.00" lane="left_0" pos="25.19" speed="0.68" angle="139.16" x="15.44" y="14.87"/>
        <vehicle id="cfm-slow_0" eclass="HBEFA3/PC_G_EU4" CO2="4963.46" CO="201.07" HC="1.03" NOx="2.29" PMx="0.12" fuel="2.13" electricity="0.00" noise="116.20" route="routebottom" type="cfm-slow" waiting="0.00" lane="bottom_0" pos="1.02" speed="0.68" angle="92.62" x="65.96" y="-4.90"/>
        <vehicle id="cfm-slow_1" eclass="HBEFA3/PC_G_EU4" CO2="4963.46" CO="201.07" HC="1.03" NOx="2.29" PMx="0.12" fuel="2.13" electricity="0.00" noise="116.20" route="routebottom" type="cfm-slow" waiting="0.00" lane="bottom_0" pos="16.85" speed="0.68" angle="64.14" x="98.34" y="4.47"/>
        <vehicle id="cfm-slow_2" eclass="HBEFA3/PC_G_EU4" CO2="4963.46" CO="201.07" HC="1.03" NOx="2.29" PMx="0.12" fuel="2.13" electricity="0.00" noise="116.20" route="routebottom" type="cfm-slow" waiting="0.00" lane="bottom_0" pos="32.69" speed="0.68" angle="35.71" x="122.35" y="28.14"/>
        <vehicle id="cfm-slow_3" eclass="HBEFA3/PC_G_EU4" CO2="4963.46" CO="201.07" HC="1.03" NOx="2.29" PMx="0.12" fuel="2.13" electricity="0.00" noise="116.20" route="routebottom" type="cfm-slow" waiting="0.00" lane="bottom_0" pos="48.52" speed="0.68" angle="7.21" x="132.19" y="60.39"/>
        <vehicle id="cfm-slow_4" eclass="HBEFA3/PC_G_EU4" CO2="4963.46" CO="201.07" HC="1.03" NOx="2.29" PMx="0.12" fuel="2.13" electricity="0.00" noise="116.20" route="routeright" type="cfm-slow" waiting="0.00" lane="right_0" pos="14.35" speed="0.68" angle="338.64" x="125.39" y="93.60"/>
        <vehicle id="cfm-slow_5" eclass="HBEFA3/PC_G_EU4" CO2="4963.46" CO="201.07" HC="1.03" NOx="2.29" PMx="0.12" fuel="2.13" electricity="0.00" noise="116.20" route="routeright" type="cfm-slow" waiting="0.00" lane="right_0" pos="30.19" speed="0.68" angle="310.17" x="103.67" y="119.38"/>
    </timestep>
    <timestep time="0.06">
        <vehicle id="cfm-fast_0" eclass="HBEFA3/PC_G_EU4" CO2="5432.08" CO="208.39" HC="1.08" NOx="2.51" PMx="0.13" fuel="2.34" electricity="0.00" noise="116.25" route="routeright" type="cfm-fast" waiting="0.00" lane="right_0" pos="46.03" speed="0.82" angle="281.70" x="72.28" y="131.73"/>
        <vehicle id="cfm-fast_1" eclass="HBEFA3/PC_G_EU4" CO2="5432.08" CO="208.39" HC="1.08" NOx="2.51" PMx="0.13" fuel="2.34" electricity="0.00" noise="116.25" route="routetop" type="cfm-fast" waiting="0.00" lane="top_0" pos="11.86" speed="0.82" angle="253.09" x="38.64" y="127.54"/>
        <vehicle id="cfm-fast_2" eclass="HBEFA3/PC_G_EU4" CO2="5432.08" CO="208.39" HC="1.08" NOx="2.51" PMx="0.13" fuel="2.34" electricity="0.00" noise="116.25" route="routetop" type="cfm-fast" waiting="0.00" lane="top_0" pos="27.70" speed="0.82" angle="224.63" x="11.24" y="107.90"/>
        <vehicle id="cfm-fast_3" eclass="HBEFA3/PC_G_EU4" CO2="5432.08" CO="208.39" HC="1.08" NOx="2.51" PMx="0.13" fuel="2.34" electricity="0.00" noise="116.25" route="routetop" type="cfm-fast" waiting="0.00" lane="top_0" pos="43.53" speed="0.82" angle="196.22" x="-3.52" y="77.59"/>
        <vehicle id="cfm-fast_4" eclass="HBEFA3/PC_G_EU4" CO2="5432.08" CO="208.39" HC="1.08" NOx="2.51" PMx="0.13" fuel="2.34" electricity="0.00" noise="116.25" route="routeleft" type="cfm-fast" waiting="0.00" lane="left_0" pos="9.36" speed="0.82" angle="167.57" x="-1.97" y="43.72"/>
        <vehicle id="cfm-fast_5" eclass="HBEFA3/PC_G_EU4" CO2="5432.08" CO="208.39" HC="1.08" NOx="2.51" PMx="0.13" fuel="2.34" electricity="0.00" noise="116.25" route="routeleft" type="cfm-fast" waiting="0.00" lane="left_0" pos="25.20" speed="0.82" angle="139.15" x="15.45" y="14.86"/>
        <vehicle id="cfm-slow_0" eclass="HBEFA3/PC_G_EU4" CO2="5432.08" CO="208.39" HC="1.08" NOx="2.51" PMx="0.13" fuel="2.34" electricity="0.00" noise="116.25" route="routebottom" type="cfm-slow" waiting="0.00" lane="bottom_0" pos="1.03" speed="0.82" angle="92.61" x="65.97" y="-4.90"/>
        <vehicle id="cfm-slow_1" eclass="HBEFA3/PC_G_EU4" CO2="5432.08" CO="208.39" HC="1.08" NOx="2.51" PMx="0.13" fuel="2.34" electricity="0.00" noise="116.25" route="routebottom" type="cfm-slow" waiting="0.00" lane="bottom_0" pos="16.86" speed="0.82" angle="64.13" x="98.36" y="4.48"/>
        <vehicle id="cfm-slow_2" eclass="HBEFA3/PC_G_EU4" CO2="5432.08" CO="208.39" HC="1.08" NOx="2.51" PMx="0.13" fuel="2.34" electricity="0.00" noise="116.25" route="routebottom" type="cfm-slow" waiting="0.00" lane="bottom_0" pos="32.70" speed="0.82" angle="35.70" x="122.36" y="28.15"/>
        <vehicle id="cfm-slow_3" eclass="HBEFA3/PC_G_EU4" CO2="5432.08" CO="208.39" HC="1.08" NOx="2.51" PMx="0.13" fuel="2.34" electricity="0.00" noise="116.25" route="routebottom" type="cfm-slow" waiting="0.00" lane="bottom_0" pos="48.53" speed="0.82" angle="7.19" x="132.19" y="60.41"/>
        <vehicle id="cfm-slow_4" eclass="HBEFA3/PC_G_EU4" CO2="5432.08" CO="208.39" HC="1.08" NOx="2.51" PMx="0.13" fuel="2.34" electricity="0.00" noise="116.25" route="routeright" type="cfm-slow" waiting="0.00" lane="right_0" pos="14.36" speed="0.82" angle="338.63" x="125.39" y="93.61"/>
        <vehicle id="cfm-slow_5" eclass="HBEFA3/PC_G_EU4" CO2="5432.08" CO="208.39" HC="1.08" NOx="2.51" PMx="0.13" fuel="2.34" electricity="0.00" noise="116.25" route="routeright" type="cfm-slow" waiting="0.00" lane="right_0" pos="30.20" speed="0.82" angle="310.15" x="103.66" y="119.39"/>
    </timestep>
    <timestep time="0.07">
        <vehicle id="cfm-fast_0" eclass="HBEFA3/PC_G_EU4" CO2="5901.00" CO="215.74" HC="1.12" NOx="2.72" PMx="0.15" fuel="2.54" electricity="0.00" noise="116.30" route="routeright" type="cfm-fast" waiting="0.00" lane="right_0" pos="46.04" speed="0.95" angle="281.69" x="72.26" y="131.73"/>
        <vehicle id="cfm-fast_1" eclass="HBEFA3/PC_G_EU4" CO2="5901.00" CO="215.74" HC="1.12" NOx="2.72" PMx="0.15" fuel="2.54" electricity="0.00" noise="116.30" route="routetop" type="cfm-fast" waiting="0.00" lane="top_0" pos="11.87" speed="0.95" angle="253.07" x="38.62" y="127.53"/>
        <vehicle id="cfm-fast_2" eclass="HBEFA3/PC_G_EU4" CO2="5901.00" CO="215.74" HC="1.12" NOx="2.72" PMx="0.15" fuel="2.54" electricity="0.00" noise="116.30" route="routetop" type="cfm-fast" waiting="0.00" lane="top_0" pos="27.70" speed="0.95" angle="224.61" x="11.22" y="107.89"/>
        <vehicle id="cfm-fast_3" eclass="HBEFA3/PC_G_EU4" CO2="5901.00" CO="215.74" HC="1.12" NOx="2.72" PMx="0.15" fuel="2.54" electricity="0.00" noise="116.30" route="routetop" type="cfm-fast" waiting="0.00" lane="top_0" pos="43.54" speed="0.95" angle="196.21" x="-3.53" y="77.57"/>
        <vehicle id="cfm-fast_4" eclass="HBEFA3/PC_G_EU4" CO2="5901.00" CO="215.74" HC="1.12" NOx="2.72" PMx="0.15" fuel="2.54" electricity="0.00" noise="116.30" route="routeleft" type="cfm-fast" waiting="0.00" lane="left_0" pos="9.37" speed="0.95" angle="167.56" x="-1.97" y="43.70"/>
        <vehicle id="cfm-fast_5" eclass="HBEFA3/PC_G_EU4" CO2="5901.00" CO="215.74" HC="1.12" NOx="2.72" PMx="0.15" fuel="2.54" electricity="0.00" noise="116.30" route="routeleft" type="cfm-fast" waiting="0.00" lane="left_0" pos="25.20" speed="0.95" angle="139.13" x="15.47" y="14.84"/>
        <vehicle id="cfm-slow_0" eclass="HBEFA3/PC_G_EU4" CO2="5901.00" CO="215.74" HC="1.12" NOx="2.72" PMx="0.15" fuel="2.54" electricity="0.00" noise="116.30" route="routebottom" type="cfm-slow" waiting="0.00" lane="bottom_0" pos="1.04" speed="0.95" angle="92.59" x="65.99" y="-4.90"/>
        <vehicle id="cfm-slow_1" eclass="HBEFA3/PC_G_EU4" CO2="5901.00" CO="215.74" HC="1.12" NOx="2.72" PMx="0.15" fuel="2.54" electricity="0.00" noise="116.30" route="routebottom" type="cfm-slow" waiting="0.00" lane="bottom_0" pos="16.87" speed="0.95" angle="64.11" x="98.37" y="4.49"/>
        <vehicle id="cfm-slow_2" eclass="HBEFA3/PC_G_EU4" CO2="5901.00" CO="215.74" HC="1.12" NOx="2.72" PMx="0.15" fuel="2.54" electricity="0.00" noise="116.30" route="routebottom" type="cfm-slow" waiting="0.00" lane="bottom_0" pos="32.70" speed="0.95" angle="35.68" x="122.37" y="28.17"/>
        <vehicle id="cfm-slow_3" eclass="HBEFA3/PC_G_EU4" CO2="5901.00" CO="215.74" HC="1.12" NOx="2.72" PMx="0.15" fuel="2.54" electricity="0.00" noise="116.30" route="routebottom" type="cfm-slow" waiting="0.00" lane="bottom_0" pos="48.54" speed="0.95" angle="7.17" x="132.19" y="60.43"/>
        <vehicle id="cfm-slow_4" eclass="HBEFA3/PC_G_EU4" CO2="5901.00" CO="215.74" HC="1.12" NOx="2.72" PMx="0.15" fuel="2.54" electricity="0.00" noise="116.30" route="routeright" type="cfm-slow" waiting="0.00" lane="right_0" pos="14.37" speed="0.95" angle="338.61" x="125.38" y="93.63"/>
        <vehicle id="cfm-slow_5" eclass="HBEFA3/PC_G_EU4" CO2="5901.00" CO="215.74" HC="1.12" NOx="2.72" PMx="0.15" fuel="2.54" electricity="0.00" noise="116.30" route="routeright" type="cfm-slow" waiting="0.00" lane="right_0" pos="30.20" speed="0.95" angle="310.13" x="103.64" y="119.40"/>
    </timestep>
    <timestep time="0.08">
        <vehicle id="cfm-fast_0" eclass="HBEFA3/PC_G_EU4" CO2="6370.20" CO="223.11" HC="1.17" NOx="2.94" PMx="0.16" fuel="2.74" electricity="0.00" noise="116.35" route="routeright" type="cfm-fast" waiting="0.00" lane="right_0" pos="46.05" speed="1.09" angle="281.67" x="72.24" y="131.74"/>
        <vehicle id="cfm-fast_1" eclass="HBEFA3/PC_G_EU4" CO2="6370.20" CO="223.11" HC="1.17" NOx="2.94" PMx="0.16" fuel="2.74" electricity="0.00" noise="116.35" route="routetop" type="cfm-fast" waiting="0.00" lane="top_0" pos="11.88" speed="1.09" angle="253.05" x="38.60" y="127.52"/>
        <vehicle id="cfm-fast_2" eclass="HBEFA3/PC_G_EU4" CO2="6370.20" CO="223.11" HC="1.17" NOx="2.94" PMx="0.16" fuel="2.74" electricity="0.00" noise="116.35" route="routetop" type="cfm-fast" waiting="0.00" lane="top_0" pos="27.72" speed="1.09" angle="224.59" x="11.21" y="107.87"/>
        <vehicle id="cfm-fast_3" eclass="HBEFA3/PC_G_EU4" CO2="6370.20" CO="223.11" HC="1.17" NOx="2.94" PMx="0.16" fuel="2.74" electricity="0.00" noise="116.35" route="routetop" type="cfm-fast" waiting="0.00" lane="top_0" pos="43.55" speed="1.09" angle="196.20" x="-3.53" y="77.54"/>
        <vehicle id="cfm-fast_4" eclass="HBEFA3/PC_G_EU4" CO2="6370.20" CO="223.11" HC="1.17" NOx="2.94" PMx="0.16" fuel="2.74" electricity="0.00" noise="116.35" route="routeleft" type="cfm-fast" waiting="0.00" lane="left_0" pos="9.38" speed="1.09" angle="167.54" x="-1.96" y="43.68"/>
        <vehicle id="cfm-fast_5" eclass="HBEFA3/PC_G_EU4" CO2="6370.20" CO="223.11" HC="1.17" NOx="2.94" PMx="0.16" fuel="2.74" electricity="0.00" noise="116.35" route="routeleft" type="cfm-fast" waiting="0.00" lane="left_0" pos="25.22" speed="1.09" angle="139.11" x="15.48" y="14.83"/>
        <vehicle id="cfm-slow_0" eclass="HBEFA3/PC_G_EU4" CO2="6370.20" CO="223.11" HC="1.17" NOx="2.94" PMx="0.16" fuel="2.74" electricity="0.00" noise="116.35" route="routebottom" type="cfm-slow" waiting="0.00" lane="bottom_0" pos="1.05" speed="1.09" angle="92.57" x="66.02" y="-4.90"/>
        <vehicle id="cfm-slow_1" eclass="HBEFA3/PC_G_EU4" CO2="6370.20" CO="223.11" HC="1.17" NOx="2.94" PMx="0.16" fuel="2.74" electricity="0.00" noise="116.35" route="routebottom" type="cfm-slow" waiting="0.00" lane="bottom_0" pos="16.88" speed="1.09" angle="64.09" x="98.39" y="4.50"/>
        <vehicle id="cfm-slow_2" eclass="HBEFA3/PC_G_EU4" CO2="6370.20" CO="223.11" HC="1.17" NOx="2.94" PMx="0.16" fuel="2.74" electricity="0.00" noise="116.35" route="routebottom" type="cfm-slow" waiting="0.00" lane="bottom_0" pos="32.72" speed="1.09" angle="35.66" x="122.38" y="28.19"/>
        <vehicle id="cfm-slow_3" eclass="HBEFA3/PC_G_EU4" CO2="6370.20" CO="223.11" HC="1.17" NOx="2.94" PMx="0.16" fuel="2.74" electricity="0.00" noise="116.35" route="routebottom" type="cfm-slow" waiting="0.00" lane="bottom_0" pos="48.55" speed="1.09" angle="7.15" x="132.19" y="60.45"/>
        <vehicle id="cfm-slow_4" eclass="HBEFA3/PC_G_EU4" CO2="6370.20" CO="223.11" HC="1.17" NOx="2.94" PMx="0.16" fuel="2.74" electricity="0.00" noise="116.35" route="routeright" type="cfm-slow" waiting="0.00" lane="right_0" pos="14.38" speed="1.09" angle="338.59" x="125.37" y="93.65"/>
        <vehicle id="cfm-slow_5" eclass="HBEFA3/PC_G_EU4" CO2="6370.20" CO="223.11" HC="1.17" NOx="2.94" PMx="0.16" fuel="2.74" electricity="0.00" noise="116.35" route="routeright" type="cfm-slow" waiting="0.00" lane="right_0" pos="30.22" speed="1.09" angle="310.11" x="103.62" y="119.42"/>
    </timestep>
    <timestep time="0.09">
        <vehicle id="cfm-fast_0" eclass="HBEFA3/PC_G_EU4" CO2="6839.70" CO="230.49" HC="1.22" NOx="3.16" PMx="0.17" fuel="2.94" electricity="0.00" noise="116.40" route="routeright" type="cfm-fast" waiting="0.00" lane="right_0" pos="46.06" speed="1.23" angle="281.64" x="72.21" y="131.74"/>
        <vehicle id="cfm-fast_1" eclass="HBEFA3/PC_G_EU4" CO2="6839.70" CO="230.49" HC="1.22" NOx="3.16" PMx="0.17" fuel="2.94" electricity="0.00" noise="116.40" route="routetop" type="cfm-fast" waiting="0.00" lane="top_0" pos="11.89" speed="1.23" angle="253.03" x="38.58" y="127.51"/>
        <vehicle id="cfm-fast_2" eclass="HBEFA3/PC_G_EU4" CO2="6839.70" CO="230.49" HC="1.22" NOx="3.16" PMx="0.17" fuel="2.94" electricity="0.00" noise="116.40" route="routetop" type="cfm-fast" waiting="0.00" lane="top_0" pos="27.73" speed="1.23" angle="224.57" x="11.19" y="107.85"/>
        <vehicle id="cfm-fast_3" eclass="HBEFA3/PC_G_EU4" CO2="6839.70" CO="230.49" HC="1.22" NOx="3.16" PMx="0.17" fuel="2.94" electricity="0.00" noise="116.40" route="routetop" type="cfm-fast" waiting="0.00" lane="top_0" pos="43.56" speed="1.23" angle="196.18" x="-3.54" y="77.52"/>
        <vehicle id="cfm-fast_4" eclass="HBEFA3/PC_G_EU4" CO2="6839.70" CO="230.49" HC="1.22" NOx="3.16" PMx="0.17" fuel="2.94" electricity="0.00" noise="116.40" route="routeleft" type="cfm-fast" waiting="0.00" lane="left_0" pos="9.39" speed="1.23" angle="167.51" x="-1.95" y="43.65"/>
        <vehicle id="cfm-fast_5" eclass="HBEFA3/PC_G_EU4" CO2="6839.70" CO="230.49" HC="1.22" NOx="3.16" PMx="0.17" fuel="2.94" electricity="0.00" noise="116.40" route="routeleft" type="cfm-fast" waiting="0.00" lane="left_0" pos="25.23" speed="1.23" angle="139.09" x="15.50" y="14.81"/>
        <vehicle id="cfm-slow_0" eclass="HBEFA3/PC_G_EU4" CO2="6839.70" CO="230.49" HC="1.22" NOx="3.16" PMx="0.17" fuel="2.94" electricity="0.00" noise="116.40" route="routebottom" type="cfm-slow" waiting="0.00" lane="bottom_0" pos="1.06" speed="1.23" angle="92.55" x="66.04" y="-4.90"/>
        <vehicle id="cfm-slow_1" eclass="HBEFA3/PC_G_EU4" CO2="6839.70" CO="230.49" HC="1.22" NOx="3.16" PMx="0.17" fuel="2.94" electricity="0.00" noise="116.40" route="routebottom" type="cfm-slow" waiting="0.00" lane="bottom_0" pos="16.89" speed="1.23" angle="64.07" x="98.42" y="4.51"/>
        <vehicle id="cfm-slow_2" eclass="HBEFA3/PC_G_EU4" CO2="6839.70" CO="230.49" HC="1.22" NOx="3.16" PMx="0.17" fuel="2.94" electricity="0.00" noise="116.40" route="routebottom" type="cfm-slow" waiting="0.00" lane="bottom_0" pos="32.73" speed="1.23" angle="35.64" x="122.40" y="28.22"/>
        <vehicle id="cfm-slow_3" eclass="HBEFA3/PC_G_EU4" CO2="6839.70" CO="230.49" HC="1.22" NOx="3.16" PMx="0.17" fuel="2.94" electricity="0.00" noise="116.40" route="routebottom" type="cfm-slow" waiting="0.00" lane="bottom_0" pos="48.56" speed="1.23" angle="7.13" x="132.19" y="60.48"/>
        <vehicle id="cfm-slow_4" eclass="HBEFA3/PC_G_EU4" CO2="6839.70" CO="230.49" HC="1.22" NOx="3.16" PMx="0.17" fuel="2.94" electricity="0.00" noise="116.40" route="routeright" type="cfm-slow" waiting="0.00" lane="right_0" pos="14.39" speed="1.23" angle="338.57" x="125.35" y="93.68"/>
        <vehicle id="cfm-slow_5" eclass="HBEFA3/PC_G_EU4" CO2="6839.70" CO="230.49" HC="1.22" NOx="3.16" PMx="0.17" fuel="2.94" electricity="0.00" noise="116.40" route="routeright" type="cfm-slow" waiting="0.00" lane="right_0" pos="30.23" speed="1.23" angle="310.09" x="103.60" y="119.43"/>
    </timestep>
    <timestep time="0.10">
        <vehicle id="cfm-fast_0" eclass="HBEFA3/PC_G_EU4" CO2="7309.49" CO="237.90" HC="1.26" NOx="3.38" PMx="0.18" fuel="3.14" electricity="0.00" noise="116.45" route="routeright" type="cfm-fast" waiting="0.00" lane="right_0" pos="46.08" speed="1.36" angle="281.63" x="72.18" y="131.74"/>
        <vehicle id="cfm-fast_1" eclass="HBEFA3/PC_G_EU4" CO2="7309.49" CO="237.90" HC="1.26" NOx="3.38" PMx="0.18" fuel="3.14" electricity="0.00" noise="116.45" route="routetop" type="cfm-fast" waiting="0.00" lane="top_0" pos="11.91" speed="1.36" angle="253.01" x="38.55" y="127.50"/>
        <vehicle id="cfm-fast_2" eclass="HBEFA3/PC_G_EU4" CO2="7309.49" CO="237.90" HC="1.26" NOx="3.38" PMx="0.18" fuel="3.14" electricity="0.00" noise="116.45" route="routetop" type="cfm-fast" waiting="0.00" lane="top_0" pos="27.74" speed="1.36" angle="224.55" x="11.17" y="107.83"/>
        <vehicle id="cfm-fast_3" eclass="HBEFA3/PC_G_EU4" CO2="7309.49" CO="237.90" HC="1.26" NOx="3.38" PMx="0.18" fuel="3.14" electricity="0.00" noise="116.45" route="routetop" type="cfm-fast" waiting="0.00" lane="top_0" pos="43.58" speed="1.36" angle="196.16" x="-3.54" y="77.49"/>
        <vehicle id="cfm-fast_4" eclass="HBEFA3/PC_G_EU4" CO2="7309.49" CO="237.90" HC="1.26" NOx="3.38" PMx="0.18" fuel="3.14" electricity="0.00" noise="116.45" route="routeleft" type="cfm-fast" waiting="0.00" lane="left_0" pos="9.41" speed="1.36" angle="167.49" x="-1.94" y="43.63"/>
        <vehicle id="cfm-fast_5" eclass="HBEFA3/PC_G_EU4" CO2="7309.49" CO="237.90" HC="1.26" NOx="3.38" PMx="0.18" fuel="3.14" electricity="0.00" noise="116.45" route="routeleft" type="cfm-fast" waiting="0.00" lane="left_0" pos="25.24" speed="1.36" angle="139.06" x="15.52" y="14.79"/>
        <vehicle id="cfm-slow_0" eclass="HBEFA3/PC_G_EU4" CO2="7309.49" CO="237.90" HC="1.26" NOx="3.38" PMx="0.18" fuel="3.14" electricity="0.00" noise="116.45" route="routebottom" type="cfm-slow" waiting="0.00" lane="bottom_0" pos="1.08" speed="1.36" angle="92.52" x="66.07" y="-4.90"/>
        <vehicle id="cfm-slow_1" eclass="HBEFA3/PC_G_EU4" CO2="7309.49" CO="237.90" HC="1.26" NOx="3.38" PMx="0.18" fuel="3.14" electricity="0.00" noise="116.45" route="routebottom" type="cfm-slow" waiting="0.00" lane="bottom_0" pos="16.91" speed="1.36" angle="64.04" x="98.44" y="4.53"/>
        <vehicle id="cfm-slow_2" eclass="HBEFA3/PC_G_EU4" CO2="7309.49" CO="237.90" HC="1.26" NOx="3.38" PMx="0.18" fuel="3.14" electricity="0.00" noise="116.45" route="routebottom" type="cfm-slow" waiting="0.00" lane="bottom_0" pos="32.74" speed="1.36" angle="35.61" x="122.41" y="28.24"/>
        <vehicle id="cfm-slow_3" eclass="HBEFA3/PC_G_EU4" CO2="7309.49" CO="237.90" HC="1.26" NOx="3.38" PMx="0.18" fuel="3.14" electricity="0.00" noise="116.45" route="routebottom" type="cfm-slow" waiting="0.00" lane="bottom_0" pos="48.58" speed="1.36" angle="7.10" x="132.20" y="60.51"/>
        <vehicle id="cfm-slow_4" eclass="HBEFA3/PC_G_EU4" CO2="7309.49" CO="237.90" HC="1.26" NOx="3.38" PMx="0.18" fuel="3.14" electricity="0.00" noise="116.45" route="routeright" type="cfm-slow" waiting="0.00" lane="right_0" pos="14.41" speed="1.36" angle="338.54" x="125.34" y="93.70"/>
        <vehicle id="cfm-slow_5" eclass="HBEFA3/PC_G_EU4" CO2="7309.49" CO="237.90" HC="1.26" NOx="3.38" PMx="0.18" fuel="3.14" electricity="0.00" noise="116.45" route="routeright" type="cfm-slow" waiting="0.00" lane="right_0" pos="30.24" speed="1.36" angle="310.06" x="103.57" y="119.45"/>
    </timestep>
    <timestep time="0.11">
        <vehicle id="cfm-fast_0" eclass="HBEFA3/PC_G_EU4" CO2="7779.58" CO="245.33" HC="1.31" NOx="3.60" PMx="0.19" fuel="3.34" electricity="0.00" noise="116.51" route="routeright" type="cfm-fast" waiting="0.00" lane="right_0" pos="46.09" speed="1.50" angle="281.60" x="72.15" y="131.75"/>
        <vehicle id="cfm-fast_1" eclass="HBEFA3/PC_G_EU4" CO2="7779.58" CO="245.33" HC="1.31" NOx="3.60" PMx="0.19" fuel="3.34" electricity="0.00" noise="116.51" route="routetop" type="cfm-fast" waiting="0.00" lane="top_0" pos="11.92" speed="1.50" angle="252.98" x="38.52" y="127.49"/>
        <vehicle id="cfm-fast_2" eclass="HBEFA3/PC_G_EU4" CO2="7779.58" CO="245.33" HC="1.31" NOx="3.60" PMx="0.19" fuel="3.34" electricity="0.00" noise="116.51" route="routetop" type="cfm-fast" waiting="0.00" lane="top_0" pos="27.76" speed="1.50" angle="224.52" x="11.15" y="107.80"/>
        <vehicle id="cfm-fast_3" eclass="HBEFA3/PC_G_EU4" CO2="7779.58" CO="245.33" HC="1.31" NOx="3.60" PMx="0.19" fuel="3.34" electricity="0.00" noise="116.51" route="routetop" type="cfm-fast" waiting="0.00" lane="top_0" pos="43.59" speed="1.50" angle="196.14" x="-3.55" y="77.46"/>
        <vehicle id="cfm-fast_4" eclass="HBEFA3/PC_G_EU4" CO2="7779.58" CO="245.33" HC="1.31" NOx="3.60" PMx="0.19" fuel="3.34" electricity="0.00" noise="116.51" route="routeleft" type="cfm-fast" waiting="0.00" lane="left_0" pos="9.42" speed="1.50" angle="167.46" x="-1.94" y="43.59"/>
        <vehicle id="cfm-fast_5" eclass="HBEFA3/PC_G_EU4" CO2="7779.58" CO="245.33" HC="1.31" NOx="3.60" PMx="0.19" fuel="3.34" electricity="0.00" noise="116.51" route="routeleft" type="cfm-fast" waiting="0.00" lane="left_0" pos="25.26" speed="1.50" angle="139.03" x="15.55" y="14.76"/>
        <vehicle id="cfm-slow_0" eclass="HBEFA3/PC_G_EU4" CO2="7779.58" CO="245.33" HC="1.31" NOx="3.60" PMx="0.19" fuel="3.34" electricity="0.00" noise="116.51" route="routebottom" type="cfm-slow" waiting="0.00" lane="bottom_0" pos="1.09" speed="1.50" angle="92.50" x="66.10" y="-4.90"/>
        <vehicle id="cfm-slow_1" eclass="HBEFA3/PC_G_EU4" CO2="7779.58" CO="245.33" HC="1.31" NOx="3.60" PMx="0.19" fuel="3.34" electricity="0.00" noise="116.51" route="routebottom" type="cfm-slow" waiting="0.00" lane="bottom_0" pos="16.92" speed="1.50" angle="64.01" x="98.47" y="4.55"/>
        <vehicle id="cfm-slow_2" eclass="HBEFA3/PC_G_EU4" CO2="7779.58" CO="245.33" HC="1.31" NOx="3.60" PMx="0.19" fuel="3.34" electricity="0.00" noise="116.51" route="routebottom" type="cfm-slow" waiting="0.00" lane="bottom_0" pos="32.76" speed="1.50" angle="35.58" x="122.43" y="28.27"/>
        <vehicle id="cfm-slow_3" eclass="HBEFA3/PC_G_EU4" CO2="7779.58" CO="245.33" HC="1.31" NOx="3.60" PMx="0.19" fuel="3.34" electricity="0.00" noise="116.51" route="routebottom" type="cfm-slow" waiting="0.00" lane="bottom_0" pos="48.59" speed="1.50" angle="7.07" x="132.20" y="60.54"/>
        <vehicle id="cfm-slow_4" eclass="HBEFA3/PC_G_EU4" CO2="7779.58" CO="245.33" HC="1.31" NOx="3.60" PMx="0.19" fuel="3.34" electricity="0.00" noise="116.51" route="routeright" type="cfm-slow" waiting="0.00" lane="right_0" pos="14.42" speed="1.50" angle="338.51" x="125.33" y="93.73"/>
        <vehicle id="cfm-slow_5" eclass="HBEFA3/PC_G_EU4" CO2="7779.58" CO="245.33" HC="1.31" NOx="3.60" PMx="0.19" fuel="3.34" electricity="0.00" noise="116.51" route="routeright" type="cfm-slow" waiting="0.00" lane="right_0" pos="30.26" speed="1.50" angle="310.04" x="103.55" y="119.47"/>
    </timestep>
    <timestep time="0.12">
        <vehicle id="cfm-fast_0" eclass="HBEFA3/PC_G_EU4" CO2="8249.95" CO="252.79" HC="1.35" NOx="3.81" PMx="0.20" fuel="3.55" electricity="0.00" noise="116.56" route="routeright" type="cfm-fast" waiting="0.00" lane="right_0" pos="46.11" speed="1.64" angle="281.58" x="72.12" y="131.75"/>
        <vehicle id="cfm-fast_1" eclass="HBEFA3/PC_G_EU4" CO2="8249.95" CO="252.79" HC="1.35" NOx="3.81" PMx="0.20" fuel="3.55" electricity="0.00" noise="116.56" route="routetop" type="cfm-fast" waiting="0.00" lane="top_0" pos="11.94" speed="1.64" angle="252.95" x="38.49" y="127.47"/>
        <vehicle id="cfm-fast_2" eclass="HBEFA3/PC_G_EU4" CO2="8249.95" CO="252.79" HC="1.35" NOx="3.81" PMx="0.20" fuel="3.55" electricity="0.00" noise="116.56" route="routetop" type="cfm-fast" waiting="0.00" lane="top_0" pos="27.77" speed="1.64" angle="224.49" x="11.13" y="107.77"/>
        <vehicle id="cfm-fast_3" eclass="HBEFA3/PC_G_EU4" CO2="8249.95" CO="252.79" HC="1.35" NOx="3.81" PMx="0.20" fuel="3.55" electricity="0.00" noise="116.56" route="routetop" type="cfm-fast" waiting="0.00" lane="top_0" pos="43.61" speed="1.64" angle="196.12" x="-3.56" y="77.42"/>
        <vehicle id="cfm-fast_4" eclass="HBEFA3/PC_G_EU4" CO2="8249.95" CO="252.79" HC="1.35" NOx="3.81" PMx="0.20" fuel="3.55" electricity="0.00" noise="116.56" route="routeleft" type="cfm-fast" waiting="0.00" lane="left_0" pos="9.44" speed="1.64" angle="167.43" x="-1.92" y="43.56"/>
        <vehicle id="cfm-fast_5" eclass="HBEFA3/PC_G_EU4" CO2="8249.95" CO="252.79" HC="1.35" NOx="3.81" PMx="0.20" fuel="3.55" electricity="0.00" noise="116.56" route="routeleft" type="cfm-fast" waiting="0.00" lane="left_0" pos="25.27" speed="1.64" angle="139.00" x="15.57" y="14.74"/>
        <vehicle id="cfm-slow_0" eclass="HBEFA3/PC_G_EU4" CO2="8249.95" CO="252.79" HC="1.35" NOx="3.81" PMx="0.20" fuel="3.55" electricity="0.00" noise="116.56" route="routebottom" type="cfm-slow" waiting="0.00" lane="bottom_0" pos="1.11" speed="1.64" angle="92.47" x="66.14" y="-4.90"/>
        <vehicle id="cfm-slow_1" eclass="HBEFA3/PC_G_EU4" CO2="8249.95" CO="252.79" HC="1.35" NOx="3.81" PMx="0.20" fuel="3.55" electricity="0.00" noise="116.56" route="routebottom" type="cfm-slow" waiting="0.00" lane="bottom_0" pos="16.94" speed="1.64" angle="63.98" x="98.50" y="4.56"/>
        <vehicle id="cfm-slow_2" eclass="HBEFA3/PC_G_EU4" CO2="8249.95" CO="252.79" HC="1.35" NOx="3.81" PMx="0.20" fuel="3.55" electricity="0.00" noise="116.56" route="routebottom" type="cfm-slow" waiting="0.00" lane="bottom_0" pos="32.77" speed="1.64" angle="35.55" x="122.45" y="28.30"/>
        <vehicle id="cfm-slow_3" eclass="HBEFA3/PC_G_EU4" CO2="8249.95" CO="252.79" HC="1.35" NOx="3.81" PMx="0.20" fuel="3.55" electricity="0.00" noise="116.56" route="routebottom" type="cfm-slow" waiting="0.00" lane="bottom_0" pos="48.61" speed="1.64" angle="7.04" x="132.20" y="60.57"/>
        <vehicle id="cfm-slow_4" eclass="HBEFA3/PC_G_EU4" CO2="8249.95" CO="252.79" HC="1.35" NOx="3.81" PMx="0.20" fuel="3.55" electricity="0.00" noise="116.56" route="routeright" type="cfm-slow" waiting="0.00" lane="right_0" pos="14.44" speed="1.64" angle="338.48" x="125.31" y="93.76"/>
        <vehicle id="cfm-slow_5" eclass="HBEFA3/PC_G_EU4" CO2="8249.95" CO="252.79" HC="1.35" NOx="3.81" PMx="0.20" fuel="3.55" electricity="0.00" noise="116.56" route="routeright" type="cfm-slow" waiting="0.00" lane="right_0" pos="30.27" speed="1.64" angle="310.01" x="103.52" y="119.49"/>
    </timestep>
    <timestep time="0.13">
        <vehicle id="cfm-fast_0" eclass="HBEFA3/PC_G_EU4" CO2="8720.62" CO="260.26" HC="1.40" NOx="4.03" PMx="0.22" fuel="3.75" electricity="0.00" noise="116.61" route="routeright" type="cfm-fast" waiting="0.00" lane="right_0" pos="46.12" speed="1.77" angle="281.56" x="72.08" y="131.76"/>
        <vehicle id="cfm-fast_1" eclass="HBEFA3/PC_G_EU4" CO2="8720.62" CO="260.26" HC="1.40" NOx="4.03" PMx="0.22" fuel="3.75" electricity="0.00" noise="116.61" route="routetop" type="cfm-fast" waiting="0.00" lane="top_0" pos="11.96" speed="1.77" angle="252.92" x="38.45" y="127.46"/>
        <vehicle id="cfm-fast_2" eclass="HBEFA3/PC_G_EU4" CO2="8720.62" CO="260.26" HC="1.40" NOx="4.03" PMx="0.22" fuel="3.75" electricity="0.00" noise="116.61" route="routetop" type="cfm-fast" waiting="0.00" lane="top_0" pos="27.79" speed="1.77" angle="224.45" x="11.10" y="107.75"/>
        <vehicle id="cfm-fast_3" eclass="HBEFA3/PC_G_EU4" CO2="8720.62" CO="260.26" HC="1.40" NOx="4.03" PMx="0.22" fuel="3.75" electricity="0.00" noise="116.61" route="routetop" type="cfm-fast" waiting="0.00" lane="top_0" pos="43.62" speed="1.77" angle="196.09" x="-3.57" y="77.39"/>
        <vehicle id="cfm-fast_4" eclass="HBEFA3/PC_G_EU4" CO2="8720.62" CO="260.26" HC="1.40" NOx="4.03" PMx="0.22" fuel="3.75" electricity="0.00" noise="116.61" route="routeleft" type="cfm-fast" waiting="0.00" lane="left_0" pos="9.46" speed="1.77" angle="167.40" x="-1.91" y="43.52"/>
        <vehicle id="cfm-fast_5" eclass="HBEFA3/PC_G_EU4" CO2="8720.62" CO="260.26" HC="1.40" NOx="4.03" PMx="0.22" fuel="3.75" electricity="0.00" noise="116.61" route="routeleft" type="cfm-fast" waiting="0.00" lane="left_0" pos="25.29" speed="1.77" angle="138.97" x="15.60" y="14.71"/>
        <vehicle id="cfm-slow_0" eclass="HBEFA3/PC_G_EU4" CO2="8720.62" CO="260.26" HC="1.40" NOx="4.03" PMx="0.22" fuel="3.75" electricity="0.00" noise="116.61" route="routebottom" type="cfm-slow" waiting="0.00" lane="bottom_0" pos="1.12" speed="1.77" angle="92.44" x="66.18" y="-4.90"/>
        <vehicle id="cfm-slow_1" eclass="HBEFA3/PC_G_EU4" CO2="8720.62" CO="260.26" HC="1.40" NOx="4.03" PMx="0.22" fuel="3.75" electricity="0.00" noise="116.61" route="routebottom" type="cfm-slow" waiting="0.00" lane="bottom_0" pos="16.96" speed="1.77" angle="63.95" x="98.53" y="4.58"/>
        <vehicle id="cfm-slow_2" eclass="HBEFA3/PC_G_EU4" CO2="8720.62" CO="260.26" HC="1.40" NOx="4.03" PMx="0.22" fuel="3.75" electricity="0.00" noise="116.61" route="routebottom" type="cfm-slow" waiting="0.00" lane="bottom_0" pos="32.79" speed="1.77" angle="35.52" x="122.47" y="28.33"/>
        <vehicle id="cfm-slow_3" eclass="HBEFA3/PC_G_EU4" CO2="8720.62" CO="260.26" HC="1.40" NOx="4.03" PMx="0.22" fuel="3.75" electricity="0.00" noise="116.61" route="routebottom" type="cfm-slow" waiting="0.00" lane="bottom_0" pos="48.62" speed="1.77" angle="7.01" x="132.20" y="60.61"/>
        <vehicle id="cfm-slow_4" eclass="HBEFA3/PC_G_EU4" CO2="8720.62" CO="260.26" HC="1.40" NOx="4.03" PMx="0.22" fuel="3.75" electricity="0.00" noise="116.61" route="routeright" type="cfm-slow" waiting="0.00" lane="right_0" pos="14.46" speed="1.77" angle="338.45" x="125.29" y="93.80"/>
        <vehicle id="cfm-slow_5" eclass="HBEFA3/PC_G_EU4" CO2="8720.62" CO="260.26" HC="1.40" NOx="4.03" PMx="0.22" fuel="3.75" electricity="0.00" noise="116.61" route="routeright" type="cfm-slow" waiting="0.00" lane="right_0" pos="30.29" speed="1.77" angle="309.97" x="103.49" y="119.51"/>
    </timestep>
    <timestep time="0.14">
        <vehicle id="cfm-fast_0" eclass="HBEFA3/PC_G_EU4" CO2="9191.58" CO="267.76" HC="1.44" NOx="4.25" PMx="0.23" fuel="3.95" electricity="0.00" noise="116.67" route="routeright" type="cfm-fast" waiting="0.00" lane="right_0" pos="46.14" speed="1.91" angle="281.53" x="72.04" y="131.76"/>
        <vehicle id="cfm-fast_1" eclass="HBEFA3/PC_G_EU4" CO2="9191.58" CO="267.76" HC="1.44" NOx="4.25" PMx="0.23" fuel="3.95" electricity="0.00" noise="116.67" route="routetop" type="cfm-fast" waiting="0.00" lane="top_0" pos="11.98" speed="1.91" angle="252.88" x="38.41" y="127.44"/>
        <vehicle id="cfm-fast_2" eclass="HBEFA3/PC_G_EU4" CO2="9191.58" CO="267.76" HC="1.44" NOx="4.25" PMx="0.23" fuel="3.95" electricity="0.00" noise="116.67" route="routetop" type="cfm-fast" waiting="0.00" lane="top_0" pos="27.81" speed="1.91" angle="224.42" x="11.08" y="107.71"/>
        <vehicle id="cfm-fast_3" eclass="HBEFA3/PC_G_EU4" CO2="9191.58" CO="267.76" HC="1.44" NOx="4.25" PMx="0.23" fuel="3.95" electricity="0.00" noise="116.67" route="routetop" type="cfm-fast" waiting="0.00" lane="top_0" pos="43.64" speed="1.91" angle="196.06" x="-3.58" y="77.35"/>
        <vehicle id="cfm-fast_4" eclass="HBEFA3/PC_G_EU4" CO2="9191.58" CO="267.76" HC="1.44" NOx="4.25" PMx="0.23" fuel="3.95" electricity="0.00" noise="116.67" route="routeleft" type="cfm-fast" waiting="0.00" lane="left_0" pos="9.48" speed="1.91" angle="167.36" x="-1.90" y="43.49"/>
        <vehicle id="cfm-fast_5" eclass="HBEFA3/PC_G_EU4" CO2="9191.58" CO="267.76" HC="1.44" NOx="4.25" PMx="0.23" fuel="3.95" electricity="0.00" noise="116.67" route="routeleft" type="cfm-fast" waiting="0.00" lane="left_0" pos="25.31" speed="1.91" angle="138.94" x="15.63" y="14.68"/>
        <vehicle id="cfm-slow_0" eclass="HBEFA3/PC_G_EU4" CO2="9191.58" CO="267.76" HC="1.44" NOx="4.25" PMx="0.23" fuel="3.95" electricity="0.00" noise="116.67" route="routebottom" type="cfm-slow" waiting="0.00" lane="bottom_0" pos="1.14" speed="1.91" angle="92.40" x="66.22" y="-4.89"/>
        <vehicle id="cfm-slow_1" eclass="HBEFA3/PC_G_EU4" CO2="9191.58" CO="267.76" HC="1.44" NOx="4.25" PMx="0.23" fuel="3.95" electricity="0.00" noise="116.67" route="routebottom" type="cfm-slow" waiting="0.00" lane="bottom_0" pos="16.98" speed="1.91" angle="63.92" x="98.57" y="4.61"/>
        <vehicle id="cfm-slow_2" eclass="HBEFA3/PC_G_EU4" CO2="9191.58" CO="267.76" HC="1.44" NOx="4.25" PMx="0.23" fuel="3.95" electricity="0.00" noise="116.67" route="routebottom" type="cfm-slow" waiting="0.00" lane="bottom_0" pos="32.81" speed="1.91" angle="35.48" x="122.49" y="28.37"/>
        <vehicle id="cfm-slow_3" eclass="HBEFA3/PC_G_EU4" CO2="9191.58" CO="267.76" HC="1.44" NOx="4.25" PMx="0.23" fuel="3.95" electricity="0.00" noise="116.67" route="routebottom" type="cfm-slow" waiting="0.00" lane="bottom_0" pos="48.64" speed="1.91" angle="6.98" x="132.21" y="60.65"/>
        <vehicle id="cfm-slow_4" eclass="HBEFA3/PC_G_EU4" CO2="9191.58" CO="267.76" HC="1.44" NOx="4.25" PMx="0.23" fuel="3.95" electricity="0.00" noise="116.67" route="routeright" type="cfm-slow" waiting="0.00" lane="right_0" pos="14.48" speed="1.91" angle="338.41" x="125.28" y="93.84"/>
        <vehicle id="cfm-slow_5" eclass="HBEFA3/PC_G_EU4" CO2="9191.58" CO="267.76" HC="1.44" NOx="4.25" PMx="0.23" fuel="3.95" electricity="0.00" noise="116.67" route="routeright" type="cfm-slow" waiting="0.00" lane="right_0" pos="30.31" speed="1.91" angle="309.94" x="103.46" y="119.53"/>
    </timestep>
    <timestep time="0.15">
        <vehicle id="cfm-fast_0" eclass="HBEFA3/PC_G_EU4" CO2="9662.83" CO="275.27" HC="1.49" NOx="4.47" PMx="0.24" fuel="4.15" electricity="0.00" noise="116.72" route="routeright" type="cfm-fast" waiting="0.00" lane="right_0" pos="46.16" speed="2.05" angle="281.50" x="71.99" y="131.77"/>
        <vehicle id="cfm-fast_1" eclass="HBEFA3/PC_G_EU4" CO2="9662.83" CO="275.27" HC="1.49" NOx="4.47" PMx="0.24" fuel="4.15" electricity="0.00" noise="116.72" route="routetop" type="cfm-fast" waiting="0.00" lane="top_0" pos="12.00" speed="2.05" angle="252.85" x="38.37" y="127.43"/>
        <vehicle id="cfm-fast_2" eclass="HBEFA3/PC_G_EU4" CO2="9662.83" CO="275.27" HC="1.49" NOx="4.47" PMx="0.24" fuel="4.15" electricity="0.00" noise="116.72" route="routetop" type="cfm-fast" waiting="0.00" lane="top_0" pos="27.83" speed="2.05" angle="224.38" x="11.05" y="107.68"/>
        <vehicle id="cfm-fast_3" eclass="HBEFA3/PC_G_EU4" CO2="9662.83" CO="275.27" HC="1.49" NOx="4.47" PMx="0.24" fuel="4.15" electricity="0.00" noise="116.72" route="routetop" type="cfm-fast" waiting="0.00" lane="top_0" pos="43.66" speed="2.05" angle="196.02" x="-3.58" y="77.30"/>
        <vehicle id="cfm-fast_4" eclass="HBEFA3/PC_G_EU4" CO2="9662.83" CO="275.27" HC="1.49" NOx="4.47" PMx="0.24" fuel="4.15" electricity="0.00" noise="116.72" route="routeleft" type="cfm-fast" waiting="0.00" lane="left_0" pos="9.50" speed="2.05" angle="167.32" x="-1.89" y="43.44"/>
        <vehicle id="cfm-fast_5" eclass="HBEFA3/PC_G_EU4" CO2="9662.83" CO="275.27" HC="1.49" NOx="4.47" PMx="0.24" fuel="4.15" electricity="0.00" noise="116.72" route="routeleft" type="cfm-fast" waiting="0.00" lane="left_0" pos="25.33" speed="2.05" angle="138.90" x="15.66" y="14.65"/>
        <vehicle id="cfm-slow_0" eclass="HBEFA3/PC_G_EU4" CO2="9662.83" CO="275.27" HC="1.49" NOx="4.47" PMx="0.24" fuel="4.15" electricity="0.00" noise="116.72" route="routebottom" type="cfm-slow" waiting="0.00" lane="bottom_0" pos="1.16" speed="2.05" angle="92.36" x="66.26" y="-4.89"/>
        <vehicle id="cfm-slow_1" eclass="HBEFA3/PC_G_EU4" CO2="9662.83" CO="275.27" HC="1.49" NOx="4.47" PMx="0.24" fuel="4.15" electricity="0.00" noise="116.72" route="routebottom" type="cfm-slow" waiting="0.00" lane="bottom_0" pos="17.00" speed="2.05" angle="63.88" x="98.61" y="4.63"/>
        <vehicle id="cfm-slow_2" eclass="HBEFA3/PC_G_EU4" CO2="9662.83" CO="275.27" HC="1.49" NOx="4.47" PMx="0.24" fuel="4.15" electricity="0.00" noise="116.72" route="routebottom" type="cfm-slow" waiting="0.00" lane="bottom_0" pos="32.83" speed="2.05" angle="35.44" x="122.51" y="28.40"/>
        <vehicle id="cfm-slow_3" eclass="HBEFA3/PC_G_EU4" CO2="9662.83" CO="275.27" HC="1.49" NOx="4.47" PMx="0.24" fuel="4.15" electricity="0.00" noise="116.72" route="routebottom" type="cfm-slow" waiting="0.00" lane="bottom_0" pos="48.66" speed="2.05" angle="6.96" x="132.21" y="60.70"/>
        <vehicle id="cfm-slow_4" eclass="HBEFA3/PC_G_EU4" CO2="9662.83" CO="275.27" HC="1.49" NOx="4.47" PMx="0.24" fuel="4.15" electricity="0.00" noise="116.72" route="routeright" type="cfm-slow" waiting="0.00" lane="right_0" pos="14.50" speed="2.05" angle="338.37" x="125.26" y="93.87"/>
        <vehicle id="cfm-slow_5" eclass="HBEFA3/PC_G_EU4" CO2="9662.83" CO="275.27" HC="1.49" NOx="4.47" PMx="0.24" fuel="4.15" electricity="0.00" noise="116.72" route="routeright" type="cfm-slow" waiting="0.00" lane="right_0" pos="30.33" speed="2.05" angle="309.90" x="103.42" y="119.56"/>
    </timestep>
    <timestep time="0.16">
        <vehicle id="cfm-fast_0" eclass="HBEFA3/PC_G_EU4" CO2="10134.37" CO="282.81" HC="1.53" NOx="4.69" PMx="0.25" fuel="4.36" electricity="0.00" noise="116.77" route="routeright" type="cfm-fast" waiting="0.00" lane="right_0" pos="46.19" speed="2.18" angle="281.47" x="71.95" y="131.78"/>
        <vehicle id="cfm-fast_1" eclass="HBEFA3/PC_G_EU4" CO2="10134.37" CO="282.81" HC="1.53" NOx="4.69" PMx="0.25" fuel="4.36" electricity="0.00" noise="116.77" route="routetop" type="cfm-fast" waiting="0.00" lane="top_0" pos="12.02" speed="2.18" angle="252.81" x="38.33" y="127.41"/>
        <vehicle id="cfm-fast_2" eclass="HBEFA3/PC_G_EU4" CO2="10134.37" CO="282.81" HC="1.53" NOx="4.69" PMx="0.25" fuel="4.36" electricity="0.00" noise="116.77" route="routetop" type="cfm-fast" waiting="0.00" lane="top_0" pos="27.85" speed="2.18" angle="224.34" x="11.02" y="107.64"/>
        <vehicle id="cfm-fast_3" eclass="HBEFA3/PC_G_EU4" CO2="10134.37" CO="282.81" HC="1.53" NOx="4.69" PMx="0.25" fuel="4.36" electricity="0.00" noise="116.77" route="routetop" type="cfm-fast" waiting="0.00" lane="top_0" pos="43.69" speed="2.18" angle="195.98" x="-3.59" y="77.26"/>
        <vehicle id="cfm-fast_4" eclass="HBEFA3/PC_G_EU4" CO2="10134.37" CO="282.81" HC="1.53" NOx="4.69" PMx="0.25" fuel="4.36" electricity="0.00" noise="116.77" route="routeleft" type="cfm-fast" waiting="0.00" lane="left_0" pos="9.52" speed="2.18" angle="167.28" x="-1.87" y="43.40"/>
        <vehicle id="cfm-fast_5" eclass="HBEFA3/PC_G_EU4" CO2="10134.37" CO="282.81" HC="1.53" NOx="4.69" PMx="0.25" fuel="4.36" electricity="0.00" noise="116.77" route="routeleft" type="cfm-fast" waiting="0.00" lane="left_0" pos="25.35" speed="2.18" angle="138.86" x="15.69" y="14.62"/>
        <vehicle id="cfm-slow_0" eclass="HBEFA3/PC_G_EU4" CO2="10134.37" CO="282.81" HC="1.53" NOx="4.69" PMx="0.25" fuel="4.36" electricity="0.00" noise="116.77" route="routebottom" type="cfm-slow" waiting="0.00" lane="bottom_0" pos="1.19" speed="2.18" angle="92.32" x="66.31" y="-4.89"/>
        <vehicle id="cfm-slow_1" eclass="HBEFA3/PC_G_EU4" CO2="10134.37" CO="282.81" HC="1.53" NOx="4.69" PMx="0.25" fuel="4.36" electricity="0.00" noise="116.77" route="routebottom" type="cfm-slow" waiting="0.00" lane="bottom_0" pos="17.02" speed="2.18" angle="63.84" x="98.65" y="4.65"/>
        <vehicle id="cfm-slow_2" eclass="HBEFA3/PC_G_EU4" CO2="10134.37" CO="282.81" HC="1.53" NOx="4.69" PMx="0.25" fuel="4.36" electricity="0.00" noise="116.77" route="routebottom" type="cfm-slow" waiting="0.00" lane="bottom_0" pos="32.85" speed="2.18" angle="35.40" x="122.53" y="28.44"/>
        <vehicle id="cfm-slow_3" eclass="HBEFA3/PC_G_EU4" CO2="10134.37" CO="282.81" HC="1.53" NOx="4.69" PMx="0.25" fuel="4.36" electricity="0.00" noise="116.77" route="routebottom" type="cfm-slow" waiting="0.00" lane="bottom_0" pos="48.69" speed="2.18" angle="6.92" x="132.21" y="60.74"/>
        <vehicle id="cfm-slow_4" eclass="HBEFA3/PC_G_EU4" CO2="10134.37" CO="282.81" HC="1.53" NOx="4.69" PMx="0.25" fuel="4.36" electricity="0.00" noise="116.77" route="routeright" type="cfm-slow" waiting="0.00" lane="right_0" pos="14.52" speed="2.18" angle="338.33" x="125.24" y="93.92"/>
        <vehicle id="cfm-slow_5" eclass="HBEFA3/PC_G_EU4" CO2="10134.37" CO="282.81" HC="1.53" NOx="4.69" PMx="0.25" fuel="4.36" electricity="0.00" noise="116.77" route="routeright" type="cfm-slow" waiting="0.00" lane="right_0" pos="30.35" speed="2.18" angle="309.86" x="103.38" y="119.59"/>
    </timestep>
    <timestep time="0.17">
        <vehicle id="cfm-fast_0" eclass="HBEFA3/PC_G_EU4" CO2="10606.21" CO="290.37" HC="1.58" NOx="4.91" PMx="0.26" fuel="4.56" electricity="0.00" noise="116.82" route="routeright" type="cfm-fast" waiting="0.00" lane="right_0" pos="46.21" speed="2.32" angle="281.43" x="71.90" y="131.78"/>
        <vehicle id="cfm-fast_1" eclass="HBEFA3/PC_G_EU4" CO2="10606.21" CO="290.37" HC="1.58" NOx="4.91" PMx="0.26" fuel="4.56" electricity="0.00" noise="116.82" route="routetop" type="cfm-fast" waiting="0.00" lane="top_0" pos="12.04" speed="2.32" angle="252.76" x="38.28" y="127.39"/>
        <vehicle id="cfm-fast_2" eclass="HBEFA3/PC_G_EU4" CO2="10606.21" CO="290.37" HC="1.58" NOx="4.91" PMx="0.26" fuel="4.56" electricity="0.00" noise="116.82" route="routetop" type="cfm-fast" waiting="0.00" lane="top_0" pos="27.88" speed="2.32" angle="224.30" x="10.99" y="107.61"/>
        <vehicle id="cfm-fast_3" eclass="HBEFA3/PC_G_EU4" CO2="10606.21" CO="290.37" HC="1.58" NOx="4.91" PMx="0.26" fuel="4.56" electricity="0.00" noise="116.82" route="routetop" type="cfm-fast" waiting="0.00" lane="top_0" pos="43.71" speed="2.32" angle="195.94" x="-3.60" y="77.21"/>
        <vehicle id="cfm-fast_4" eclass="HBEFA3/PC_G_EU4" CO2="10606.21" CO="290.37" HC="1.58" NOx="4.91" PMx="0.26" fuel="4.56" electricity="0.00" noise="116.82" route="routeleft" type="cfm-fast" waiting="0.00" lane="left_0" pos="9.54" speed="2.32" angle="167.24" x="-1.86" y="43.35"/>
        <vehicle id="cfm-fast_5" eclass="HBEFA3/PC_G_EU4" CO2="10606.21" CO="290.37" HC="1.58" NOx="4.91" PMx="0.26" fuel="4.56" electricity="0.00" noise="116.82" route="routeleft" type="cfm-fast" waiting="0.00" lane="left_0" pos="25.38" speed="2.32" angle="138.82" x="15.73" y="14.58"/>
        <vehicle id="cfm-slow_0" eclass="HBEFA3/PC_G_EU4" CO2="10606.21" CO="290.37" HC="1.58" NOx="4.91" PMx="0.26" fuel="4.56" electricity="0.00" noise="116.82" route="routebottom" type="cfm-slow" waiting="0.00" lane="bottom_0" pos="1.21" speed="2.32" angle="92.29" x="66.36" y="-4.89"/>
        <vehicle id="cfm-slow_1" eclass="HBEFA3/PC_G_EU4" CO2="10606.21" CO="290.37" HC="1.58" NOx="4.91" PMx="0.26" fuel="4.56" electricity="0.00" noise="116.82" route="routebottom" type="cfm-slow" waiting="0.00" lane="bottom_0" pos="17.04" speed="2.32" angle="63.80" x="98.69" y="4.68"/>
        <vehicle id="cfm-slow_2" eclass="HBEFA3/PC_G_EU4" CO2="10606.21" CO="290.37" HC="1.58" NOx="4.91" PMx="0.26" fuel="4.56" electricity="0.00" noise="116.82" route="routebottom" type="cfm-slow" waiting="0.00" lane="bottom_0" pos="32.88" speed="2.32" angle="35.36" x="122.56" y="28.49"/>
        <vehicle id="cfm-slow_3" eclass="HBEFA3/PC_G_EU4" CO2="10606.21" CO="290.37" HC="1.58" NOx="4.91" PMx="0.26" fuel="4.56" electricity="0.00" noise="116.82" route="routebottom" type="cfm-slow" waiting="0.00" lane="bottom_0" pos="48.71" speed="2.32" angle="6.89" x="132.21" y="60.79"/>
        <vehicle id="cfm-slow_4" eclass="HBEFA3/PC_G_EU4" CO2="10606.21" CO="290.37" HC="1.58" NOx="4.91" PMx="0.26" fuel="4.56" electricity="0.00" noise="116.82" route="routeright" type="cfm-slow" waiting="0.00" lane="right_0" pos="14.54" speed="2.32" angle="338.29" x="125.21" y="93.96"/>
        <vehicle id="cfm-slow_5" eclass="HBEFA3/PC_G_EU4" CO2="10606.21" CO="290.37" HC="1.58" NOx="4.91" PMx="0.26" fuel="4.56" electricity="0.00" noise="116.82" route="routeright" type="cfm-slow" waiting="0.00" lane="right_0" pos="30.38" speed="2.32" angle="309.82" x="103.34" y="119.62"/>
    </timestep>
    <timestep time="0.18">
        <vehicle id="cfm-fast_0" eclass="HBEFA3/PC_G_EU4" CO2="11078.33" CO="297.95" HC="1.63" NOx="5.13" PMx="0.27" fuel="4.76" electricity="0.00" noise="116.88" route="routeright" type="cfm-fast" waiting="0.00" lane="right_0" pos="46.23" speed="2.45" angle="281.39" x="71.85" y="131.79"/>
        <vehicle id="cfm-fast_1" eclass="HBEFA3/PC_G_EU4" CO2="11078.33" CO="297.95" HC="1.63" NOx="5.13" PMx="0.27" fuel="4.76" electricity="0.00" noise="116.88" route="routetop" type="cfm-fast" waiting="0.00" lane="top_0" pos="12.07" speed="2.45" angle="252.72" x="38.23" y="127.37"/>
        <vehicle id="cfm-fast_2" eclass="HBEFA3/PC_G_EU4" CO2="11078.33" CO="297.95" HC="1.63" NOx="5.13" PMx="0.27" fuel="4.76" electricity="0.00" noise="116.88" route="routetop" type="cfm-fast" waiting="0.00" lane="top_0" pos="27.90" speed="2.45" angle="224.25" x="10.95" y="107.57"/>
        <vehicle id="cfm-fast_3" eclass="HBEFA3/PC_G_EU4" CO2="11078.33" CO="297.95" HC="1.63" NOx="5.13" PMx="0.27" fuel="4.76" electricity="0.00" noise="116.88" route="routetop" type="cfm-fast" waiting="0.00" lane="top_0" pos="43.73" speed="2.45" angle="195.89" x="-3.61" y="77.16"/>
        <vehicle id="cfm-fast_4" eclass="HBEFA3/PC_G_EU4" CO2="11078.33" CO="297.95" HC="1.63" NOx="5.13" PMx="0.27" fuel="4.76" electricity="0.00" noise="116.88" route="routeleft" type="cfm-fast" waiting="0.00" lane="left_0" pos="9.57" speed="2.45" angle="167.19" x="-1.84" y="43.30"/>
        <vehicle id="cfm-fast_5" eclass="HBEFA3/PC_G_EU4" CO2="11078.33" CO="297.95" HC="1.63" NOx="5.13" PMx="0.27" fuel="4.76" electricity="0.00" noise="116.88" route="routeleft" type="cfm-fast" waiting="0.00" lane="left_0" pos="25.40" speed="2.45" angle="138.77" x="15.76" y="14.55"/>
        <vehicle id="cfm-slow_0" eclass="HBEFA3/PC_G_EU4" CO2="11078.33" CO="297.95" HC="1.63" NOx="5.13" PMx="0.27" fuel="4.76" electricity="0.00" noise="116.88" route="routebottom" type="cfm-slow" waiting="0.00" lane="bottom_0" pos="1.23" speed="2.45" angle="92.26" x="66.41" y="-4.89"/>
        <vehicle id="cfm-slow_1" eclass="HBEFA3/PC_G_EU4" CO2="11078.33" CO="297.95" HC="1.63" NOx="5.13" PMx="0.27" fuel="4.76" electricity="0.00" noise="116.88" route="routebottom" type="cfm-slow" waiting="0.00" lane="bottom_0" pos="17.07" speed="2.45" angle="63.75" x="98.73" y="4.71"/>
        <vehicle id="cfm-slow_2" eclass="HBEFA3/PC_G_EU4" CO2="11078.33" CO="297.95" HC="1.63" NOx="5.13" PMx="0.27" fuel="4.76" electricity="0.00" noise="116.88" route="routebottom" type="cfm-slow" waiting="0.00" lane="bottom_0" pos="32.90" speed="2.45" angle="35.31" x="122.59" y="28.53"/>
        <vehicle id="cfm-slow_3" eclass="HBEFA3/PC_G_EU4" CO2="11078.33" CO="297.95" HC="1.63" NOx="5.13" PMx="0.27" fuel="4.76" electricity="0.00" noise="116.88" route="routebottom" type="cfm-slow" waiting="0.00" lane="bottom_0" pos="48.73" speed="2.45" angle="6.86" x="132.22" y="60.84"/>
        <vehicle id="cfm-slow_4" eclass="HBEFA3/PC_G_EU4" CO2="11078.33" CO="297.95" HC="1.63" NOx="5.13" PMx="0.27" fuel="4.76" electricity="0.00" noise="116.88" route="routeright" type="cfm-slow" waiting="0.00" lane="right_0" pos="14.57" speed="2.45" angle="338.24" x="125.19" y="94.01"/>
        <vehicle id="cfm-slow_5" eclass="HBEFA3/PC_G_EU4" CO2="11078.33" CO="297.95" HC="1.63" NOx="5.13" PMx="0.27" fuel="4.76" electricity="0.00" noise="116.88" route="routeright" type="cfm-slow" waiting="0.00" lane="right_0" pos="30.40" speed="2.45" angle="309.77" x="103.30" y="119.65"/>
    </timestep>
    <timestep time="0.19">
        <vehicle id="cfm-fast_0" eclass="HBEFA3/PC_G_EU4" CO2="11550.75" CO="305.56" HC="1.67" NOx="5.35" PMx="0.29" fuel="4.97" electricity="0.00" noise="116.93" route="routeright" type="cfm-fast" waiting="0.00" lane="right_0" pos="46.26" speed="2.59" angle="281.34" x="71.79" y="131.79"/>
        <vehicle id="cfm-fast_1" eclass="HBEFA3/PC_G_EU4" CO2="11550.75" CO="305.56" HC="1.67" NOx="5.35" PMx="0.29" fuel="4.97" electricity="0.00" noise="116.93" route="routetop" type="cfm-fast" waiting="0.00" lane="top_0" pos="12.09" speed="2.59" angle="252.67" x="38.18" y="127.35"/>
        <vehicle id="cfm-fast_2" eclass="HBEFA3/PC_G_EU4" CO2="11550.75" CO="305.56" HC="1.67" NOx="5.35" PMx="0.29" fuel="4.97" electricity="0.00" noise="116.93" route="routetop" type="cfm-fast" waiting="0.00" lane="top_0" pos="27.93" speed="2.59" angle="224.20" x="10.91" y="107.52"/>
        <vehicle id="cfm-fast_3" eclass="HBEFA3/PC_G_EU4" CO2="11550.75" CO="305.56" HC="1.67" NOx="5.35" PMx="0.29" fuel="4.97" electricity="0.00" noise="116.93" route="routetop" type="cfm-fast" waiting="0.00" lane="top_0" pos="43.76" speed="2.59" angle="195.84" x="-3.62" y="77.10"/>
        <vehicle id="cfm-fast_4" eclass="HBEFA3/PC_G_EU4" CO2="11550.75" CO="305.56" HC="1.67" NOx="5.35" PMx="0.29" fuel="4.97" electricity="0.00" noise="116.93" route="routeleft" type="cfm-fast" waiting="0.00" lane="left_0" pos="9.59" speed="2.59" angle="167.15" x="-1.83" y="43.25"/>
        <vehicle id="cfm-fast_5" eclass="HBEFA3/PC_G_EU4" CO2="11550.75" CO="305.56" HC="1.67" NOx="5.35" PMx="0.29" fuel="4.97" electricity="0.00" noise="116.93" route="routeleft" type="cfm-fast" waiting="0.00" lane="left_0" pos="25.43" speed="2.59" angle="138.72" x="15.80" y="14.51"/>
        <vehicle id="cfm-slow_0" eclass="HBEFA3/PC_G_EU4" CO2="11550.75" CO="305.56" HC="1.67" NOx="5.35" PMx="0.29" fuel="4.97" electricity="0.00" noise="116.93" route="routebottom" type="cfm-slow" waiting="0.00" lane="bottom_0" pos="1.26" speed="2.59" angle="92.21" x="66.47" y="-4.89"/>
        <vehicle id="cfm-slow_1" eclass="HBEFA3/PC_G_EU4" CO2="11550.75" CO="305.56" HC="1.67" NOx="5.35" PMx="0.29" fuel="4.97" electricity="0.00" noise="116.93" route="routebottom" type="cfm-slow" waiting="0.00" lane="bottom_0" pos="17.09" speed="2.59" angle="63.70" x="98.78" y="4.73"/>
        <vehicle id="cfm-slow_2" eclass="HBEFA3/PC_G_EU4" CO2="11550.75" CO="305.56" HC="1.67" NOx="5.35" PMx="0.29" fuel="4.97" electricity="0.00" noise="116.93" route="routebottom" type="cfm-slow" waiting="0.00" lane="bottom_0" pos="32.93" speed="2.59" angle="35.27" x="122.62" y="28.58"/>
        <vehicle id="cfm-slow_3" eclass="HBEFA3/PC_G_EU4" CO2="11550.75" CO="305.56" HC="1.67" NOx="5.35" PMx="0.29" fuel="4.97" electricity="0.00" noise="116.93" route="routebottom" type="cfm-slow" waiting="0.00" lane="bottom_0" pos="48.76" speed="2.59" angle="6.82" x="132.22" y="60.90"/>
        <vehicle id="cfm-slow_4" eclass="HBEFA3/PC_G_EU4" CO2="11550.75" CO="305.56" HC="1.67" NOx="5.35" PMx="0.29" fuel="4.97" electricity="0.00" noise="116.93" route="routeright" type="cfm-slow" waiting="0.00" lane="right_0" pos="14.59" speed="2.59" angle="338.19" x="125.16" y="94.06"/>
        <vehicle id="cfm-slow_5" eclass="HBEFA3/PC_G_EU4" CO2="11550.75" CO="305.56" HC="1.67" NOx="5.35" PMx="0.29" fuel="4.97" electricity="0.00" noise="116.93" route="routeright" type="cfm-slow" waiting="0.00" lane="right_0" pos="30.43" speed="2.59" angle="309.72" x="103.25" y="119.68"/>
    </timestep>
    <timestep time="0.20">
        <vehicle id="cfm-fast_0" eclass="HBEFA3/PC_G_EU4" CO2="12023.46" CO="313.18" HC="1.72" NOx="5.56" PMx="0.30" fuel="5.17" electricity="0.00" noise="116.99" route="routeright" type="cfm-fast" waiting="0.00" lane="right_0" pos="46.29" speed="2.73" angle="281.29" x="71.73" y="131.80"/>
        <vehicle id="cfm-fast_1" eclass="HBEFA3/PC_G_EU4" CO2="12023.46" CO="313.18" HC="1.72" NOx="5.56" PMx="0.30" fuel="5.17" electricity="0.00" noise="116.99" route="routetop" type="cfm-fast" waiting="0.00" lane="top_0" pos="12.12" speed="2.73" angle="252.62" x="38.13" y="127.33"/>
        <vehicle id="cfm-fast_2" eclass="HBEFA3/PC_G_EU4" CO2="12023.46" CO="313.18" HC="1.72" NOx="5.56" PMx="0.30" fuel="5.17" electricity="0.00" noise="116.99" route="routetop" type="cfm-fast" waiting="0.00" lane="top_0" pos="27.95" speed="2.73" angle="224.15" x="10.88" y="107.48"/>
        <vehicle id="cfm-fast_3" eclass="HBEFA3/PC_G_EU4" CO2="12023.46" CO="313.18" HC="1.72" NOx="5.56" PMx="0.30" fuel="5.17" electricity="0.00" noise="116.99" route="routetop" type="cfm-fast" waiting="0.00" lane="top_0" pos="43.79" speed="2.73" angle="195.79" x="-3.63" y="77.04"/>
        <vehicle id="cfm-fast_4" eclass="HBEFA3/PC_G_EU4" CO2="12023.46" CO="313.18" HC="1.72" NOx="5.56" PMx="0.30" fuel="5.17" electricity="0.00" noise="116.99" route="routeleft" type="cfm-fast" waiting="0.00" lane="left_0" pos="9.62" speed="2.73" angle="167.10" x="-1.81" y="43.19"/>
        <vehicle id="cfm-fast_5" eclass="HBEFA3/PC_G_EU4" CO2="12023.46" CO="313.18" HC="1.72" NOx="5.56" PMx="0.30" fuel="5.17" electricity="0.00" noise="116.99" route="routeleft" type="cfm-fast" waiting="0.00" lane="left_0" pos="25.45" speed="2.73" angle="138.67" x="15.84" y="14.47"/>
        <vehicle id="cfm-slow_0" eclass="HBEFA3/PC_G_EU4" CO2="12023.46" CO="313.18" HC="1.72" NOx="5.56" PMx="0.30" fuel="5.17" electricity="0.00" noise="116.99" route="routebottom" type="cfm-slow" waiting="0.00" lane="bottom_0" pos="1.29" speed="2.73" angle="92.16" x="66.53" y="-4.88"/>
        <vehicle id="cfm-slow_1" eclass="HBEFA3/PC_G_EU4" CO2="12023.46" CO="313.18" HC="1.72" NOx="5.56" PMx="0.30" fuel="5.17" electricity="0.00" noise="116.99" route="routebottom" type="cfm-slow" waiting="0.00" lane="bottom_0" pos="17.12" speed="2.73" angle="63.65" x="98.83" y="4.76"/>
        <vehicle id="cfm-slow_2" eclass="HBEFA3/PC_G_EU4" CO2="12023.46" CO="313.18" HC="1.72" NOx="5.56" PMx="0.30" fuel="5.17" electricity="0.00" noise="116.99" route="routebottom" type="cfm-slow" waiting="0.00" lane="bottom_0" pos="32.95" speed="2.73" angle="35.22" x="122.65" y="28.63"/>
        <vehicle id="cfm-slow_3" eclass="HBEFA3/PC_G_EU4" CO2="12023.46" CO="313.18" HC="1.72" NOx="5.56" PMx="0.30" fuel="5.17" electricity="0.00" noise="116.99" route="routebottom" type="cfm-slow" waiting="0.00" lane="bottom_0" pos="48.79" speed="2.73" angle="6.77" x="132.22" y="60.96"/>
        <vehicle id="cfm-slow_4" eclass="HBEFA3/PC_G_EU4" CO2="12023.46" CO="313.18" HC="1.72" NOx="5.56" PMx="0.30" fuel="5.17" electricity="0.00" noise="116.99" route="routeright" type="cfm-slow" waiting="0.00" lane="right_0" pos="14.62" speed="2.73" angle="338.14" x="125.14" y="94.11"/>
        <vehicle id="cfm-slow_5" eclass="HBEFA3/PC_G_EU4" CO2="12023.46" CO="313.18" HC="1.72" NOx="5.56" PMx="0.30" fuel="5.17" electricity="0.00" noise="116.99" route="routeright" type="cfm-slow" waiting="0.00" lane="right_0" pos="30.45" speed="2.73" angle="309.67" x="103.20" y="119.71"/>
    </timestep>
    <timestep time="0.21">
        <vehicle id="cfm-fast_0" eclass="HBEFA3/PC_G_EU4" CO2="12496.46" CO="320.83" HC="1.77" NOx="5.78" PMx="0.31" fuel="5.37" electricity="0.00" noise="117.04" route="routeright" type="cfm-fast" waiting="0.00" lane="right_0" pos="46.31" speed="2.86" angle="281.24" x="71.67" y="131.81"/>
        <vehicle id="cfm-fast_1" eclass="HBEFA3/PC_G_EU4" CO2="12496.46" CO="320.83" HC="1.77" NOx="5.78" PMx="0.31" fuel="5.37" electricity="0.00" noise="117.04" route="routetop" type="cfm-fast" waiting="0.00" lane="top_0" pos="12.15" speed="2.86" angle="252.57" x="38.07" y="127.31"/>
        <vehicle id="cfm-fast_2" eclass="HBEFA3/PC_G_EU4" CO2="12496.46" CO="320.83" HC="1.77" NOx="5.78" PMx="0.31" fuel="5.37" electricity="0.00" noise="117.04" route="routetop" type="cfm-fast" waiting="0.00" lane="top_0" pos="27.98" speed="2.86" angle="224.10" x="10.84" y="107.43"/>
        <vehicle id="cfm-fast_3" eclass="HBEFA3/PC_G_EU4" CO2="12496.46" CO="320.83" HC="1.77" NOx="5.78" PMx="0.31" fuel="5.37" electricity="0.00" noise="117.04" route="routetop" type="cfm-fast" waiting="0.00" lane="top_0" pos="43.81" speed="2.86" angle="195.74" x="-3.64" y="76.98"/>
        <vehicle id="cfm-fast_4" eclass="HBEFA3/PC_G_EU4" CO2="12496.46" CO="320.83" HC="1.77" NOx="5.78" PMx="0.31" fuel="5.37" electricity="0.00" noise="117.04" route="routeleft" type="cfm-fast" waiting="0.00" lane="left_0" pos="9.65" speed="2.86" angle="167.04" x="-1.79" y="43.13"/>
        <vehicle id="cfm-fast_5" eclass="HBEFA3/PC_G_EU4" CO2="12496.46" CO="320.83" HC="1.77" NOx="5.78" PMx="0.31" fuel="5.37" electricity="0.00" noise="117.04" route="routeleft" type="cfm-fast" waiting="0.00" lane="left_0" pos="25.48" speed="2.86" angle="138.62" x="15.89" y="14.42"/>
        <vehicle id="cfm-slow_0" eclass="HBEFA3/PC_G_EU4" CO2="12496.46" CO="320.83" HC="1.77" NOx="5.78" PMx="0.31" fuel="5.37" electricity="0.00" noise="117.04" route="routebottom" type="cfm-slow" waiting="0.00" lane="bottom_0" pos="1.32" speed="2.86" angle="92.11" x="66.59" y="-4.88"/>
        <vehicle id="cfm-slow_1" eclass="HBEFA3/PC_G_EU4" CO2="12496.46" CO="320.83" HC="1.77" NOx="5.78" PMx="0.31" fuel="5.37" electricity="0.00" noise="117.04" route="routebottom" type="cfm-slow" waiting="0.00" lane="bottom_0" pos="17.15" speed="2.86" angle="63.60" x="98.88" y="4.80"/>
        <vehicle id="cfm-slow_2" eclass="HBEFA3/PC_G_EU4" CO2="12496.46" CO="320.83" HC="1.77" NOx="5.78" PMx="0.31" fuel="5.37" electricity="0.00" noise="117.04" route="routebottom" type="cfm-slow" waiting="0.00" lane="bottom_0" pos="32.98" speed="2.86" angle="35.16" x="122.68" y="28.68"/>
        <vehicle id="cfm-slow_3" eclass="HBEFA3/PC_G_EU4" CO2="12496.46" CO="320.83" HC="1.77" NOx="5.78" PMx="0.31" fuel="5.37" electricity="0.00" noise="117.04" route="routebottom" type="cfm-slow" waiting="0.00" lane="bottom_0" pos="48.82" speed="2.86" angle="6.72" x="132.22" y="61.02"/>
        <vehicle id="cfm-slow_4" eclass="HBEFA3/PC_G_EU4" CO2="12496.46" CO="320.83" HC="1.77" NOx="5.78" PMx="0.31" fuel="5.37" electricity="0.00" noise="117.04" route="routeright" type="cfm-slow" waiting="0.00" lane="right_0" pos="14.65" speed="2.86" angle="338.08" x="125.11" y="94.17"/>
        <vehicle id="cfm-slow_5" eclass="HBEFA3/PC_G_EU4" CO2="12496.46" CO="320.83" HC="1.77" NOx="5.78" PMx="0.31" fuel="5.37" electricity="0.00" noise="117.04" route="routeright" type="cfm-slow" waiting="0.00" lane="right_0" pos="30.48" speed="2.86" angle="309.62" x="103.15" y="119.75"/>
    </timestep>
    <timestep time="0.22">
        <vehicle id="cfm-fast_0" eclass="HBEFA3/PC_G_EU4" CO2="12969.76" CO="328.50" HC="1.81" NOx="6.00" PMx="0.32" fuel="5.58" electricity="0.00" noise="117.09" route="routeright" type="cfm-fast" waiting="0.00" lane="right_0" pos="46.34" speed="3.00" angle="281.18" x="71.61" y="131.81"/>
        <vehicle id="cfm-fast_1" eclass="HBEFA3/PC_G_EU4" CO2="12969.76" CO="328.50" HC="1.81" NOx="6.00" PMx="0.32" fuel="5.58" electricity="0.00" noise="117.09" route="routetop" type="cfm-fast" waiting="0.00" lane="top_0" pos="12.18" speed="3.00" angle="252.52" x="38.01" y="127.28"/>
        <vehicle id="cfm-fast_2" eclass="HBEFA3/PC_G_EU4" CO2="12969.76" CO="328.50" HC="1.81" NOx="6.00" PMx="0.32" fuel="5.58" electricity="0.00" noise="117.09" route="routetop" type="cfm-fast" waiting="0.00" lane="top_0" pos="28.01" speed="3.00" angle="224.04" x="10.79" y="107.38"/>
        <vehicle id="cfm-fast_3" eclass="HBEFA3/PC_G_EU4" CO2="12969.76" CO="328.50" HC="1.81" NOx="6.00" PMx="0.32" fuel="5.58" electricity="0.00" noise="117.09" route="routetop" type="cfm-fast" waiting="0.00" lane="top_0" pos="43.84" speed="3.00" angle="195.68" x="-3.65" y="76.92"/>
        <vehicle id="cfm-fast_4" eclass="HBEFA3/PC_G_EU4" CO2="12969.76" CO="328.50" HC="1.81" NOx="6.00" PMx="0.32" fuel="5.58" electricity="0.00" noise="117.09" route="routeleft" type="cfm-fast" waiting="0.00" lane="left_0" pos="9.68" speed="3.00" angle="166.99" x="-1.77" y="43.07"/>
        <vehicle id="cfm-fast_5" eclass="HBEFA3/PC_G_EU4" CO2="12969.76" CO="328.50" HC="1.81" NOx="6.00" PMx="0.32" fuel="5.58" electricity="0.00" noise="117.09" route="routeleft" type="cfm-fast" waiting="0.00" lane="left_0" pos="25.51" speed="3.00" angle="138.57" x="15.93" y="14.38"/>
        <vehicle id="cfm-slow_0" eclass="HBEFA3/PC_G_EU4" CO2="12969.76" CO="328.50" HC="1.81" NOx="6.00" PMx="0.32" fuel="5.58" electricity="0.00" noise="117.09" route="routebottom" type="cfm-slow" waiting="0.00" lane="bottom_0" pos="1.35" speed="3.00" angle="92.06" x="66.65" y="-4.88"/>
        <vehicle id="cfm-slow_1" eclass="HBEFA3/PC_G_EU4" CO2="12969.76" CO="328.50" HC="1.81" NOx="6.00" PMx="0.32" fuel="5.58" electricity="0.00" noise="117.09" route="routebottom" type="cfm-slow" waiting="0.00" lane="bottom_0" pos="17.18" speed="3.00" angle="63.55" x="98.94" y="4.83"/>
        <vehicle id="cfm-slow_2" eclass="HBEFA3/PC_G_EU4" CO2="12969.76" CO="328.50" HC="1.81" NOx="6.00" PMx="0.32" fuel="5.58" electricity="0.00" noise="117.09" route="routebottom" type="cfm-slow" waiting="0.00" lane="bottom_0" pos="33.01" speed="3.00" angle="35.11" x="122.71" y="28.74"/>
        <vehicle id="cfm-slow_3" eclass="HBEFA3/PC_G_EU4" CO2="12969.76" CO="328.50" HC="1.81" NOx="6.00" PMx="0.32" fuel="5.58" electricity="0.00" noise="117.09" route="routebottom" type="cfm-slow" waiting="0.00" lane="bottom_0" pos="48.85" speed="3.00" angle="6.66" x="132.22" y="61.09"/>
        <vehicle id="cfm-slow_4" eclass="HBEFA3/PC_G_EU4" CO2="12969.76" CO="328.50" HC="1.81" NOx="6.00" PMx="0.32" fuel="5.58" electricity="0.00" noise="117.09" route="routeright" type="cfm-slow" waiting="0.00" lane="right_0" pos="14.68" speed="3.00" angle="338.03" x="125.08" y="94.22"/>
        <vehicle id="cfm-slow_5" eclass="HBEFA3/PC_G_EU4" CO2="12969.76" CO="328.50" HC="1.81" NOx="6.00" PMx="0.32" fuel="5.58" electricity="0.00" noise="117.09" route="routeright" type="cfm-slow" waiting="0.00" lane="right_0" pos="30.51" speed="3.00" angle="309.56" x="103.10" y="119.79"/>
    </timestep>
    <timestep time="0.23">
        <vehicle id="cfm-fast_0" eclass="HBEFA3/PC_G_EU4" CO2="13443.34" CO="336.19" HC="1.86" NOx="6.22" PMx="0.33" fuel="5.78" electricity="0.00" noise="117.15" route="routeright" type="cfm-fast" waiting="0.00" lane="right_0" pos="46.38" speed="3.14" angle="281.13" x="71.54" y="131.82"/>
        <vehicle id="cfm-fast_1" eclass="HBEFA3/PC_G_EU4" CO2="13443.34" CO="336.19" HC="1.86" NOx="6.22" PMx="0.33" fuel="5.78" electricity="0.00" noise="117.15" route="routetop" type="cfm-fast" waiting="0.00" lane="top_0" pos="12.21" speed="3.14" angle="252.46" x="37.95" y="127.26"/>
        <vehicle id="cfm-fast_2" eclass="HBEFA3/PC_G_EU4" CO2="13443.34" CO="336.19" HC="1.86" NOx="6.22" PMx="0.33" fuel="5.78" electricity="0.00" noise="117.15" route="routetop" type="cfm-fast" waiting="0.00" lane="top_0" pos="28.04" speed="3.14" angle="223.98" x="10.75" y="107.33"/>
        <vehicle id="cfm-fast_3" eclass="HBEFA3/PC_G_EU4" CO2="13443.34" CO="336.19" HC="1.86" NOx="6.22" PMx="0.33" fuel="5.78" electricity="0.00" noise="117.15" route="routetop" type="cfm-fast" waiting="0.00" lane="top_0" pos="43.88" speed="3.14" angle="195.62" x="-3.67" y="76.85"/>
        <vehicle id="cfm-fast_4" eclass="HBEFA3/PC_G_EU4" CO2="13443.34" CO="336.19" HC="1.86" NOx="6.22" PMx="0.33" fuel="5.78" electricity="0.00" noise="117.15" route="routeleft" type="cfm-fast" waiting="0.00" lane="left_0" pos="9.71" speed="3.14" angle="166.93" x="-1.75" y="43.01"/>
        <vehicle id="cfm-fast_5" eclass="HBEFA3/PC_G_EU4" CO2="13443.34" CO="336.19" HC="1.86" NOx="6.22" PMx="0.33" fuel="5.78" electricity="0.00" noise="117.15" route="routeleft" type="cfm-fast" waiting="0.00" lane="left_0" pos="25.54" speed="3.14" angle="138.53" x="15.98" y="14.33"/>
        <vehicle id="cfm-slow_0" eclass="HBEFA3/PC_G_EU4" CO2="13443.34" CO="336.19" HC="1.86" NOx="6.22" PMx="0.33" fuel="5.78" electricity="0.00" noise="117.15" route="routebottom" type="cfm-slow" waiting="0.00" lane="bottom_0" pos="1.38" speed="3.14" angle="92.00" x="66.72" y="-4.87"/>
        <vehicle id="cfm-slow_1" eclass="HBEFA3/PC_G_EU4" CO2="13443.34" CO="336.19" HC="1.86" NOx="6.22" PMx="0.33" fuel="5.78" electricity="0.00" noise="117.15" route="routebottom" type="cfm-slow" waiting="0.00" lane="bottom_0" pos="17.21" speed="3.14" angle="63.49" x="99.00" y="4.86"/>
        <vehicle id="cfm-slow_2" eclass="HBEFA3/PC_G_EU4" CO2="13443.34" CO="336.19" HC="1.86" NOx="6.22" PMx="0.33" fuel="5.78" electricity="0.00" noise="117.15" route="routebottom" type="cfm-slow" waiting="0.00" lane="bottom_0" pos="33.04" speed="3.14" angle="35.05" x="122.74" y="28.80"/>
        <vehicle id="cfm-slow_3" eclass="HBEFA3/PC_G_EU4" CO2="13443.34" CO="336.19" HC="1.86" NOx="6.22" PMx="0.33" fuel="5.78" electricity="0.00" noise="117.15" route="routebottom" type="cfm-slow" waiting="0.00" lane="bottom_0" pos="48.88" speed="3.14" angle="6.60" x="132.22" y="61.15"/>
        <vehicle id="cfm-slow_4" eclass="HBEFA3/PC_G_EU4" CO2="13443.34" CO="336.19" HC="1.86" NOx="6.22" PMx="0.33" fuel="5.78" electricity="0.00" noise="117.15" route="routeright" type="cfm-slow" waiting="0.00" lane="right_0" pos="14.71" speed="3.14" angle="337.97" x="125.05" y="94.28"/>
        <vehicle id="cfm-slow_5" eclass="HBEFA3/PC_G_EU4" CO2="13443.34" CO="336.19" HC="1.86" NOx="6.22" PMx="0.33" fuel="5.78" electricity="0.00" noise="117.15" route="routeright" type="cfm-slow" waiting="0.00" lane="right_0" pos="30.54" speed="3.14" angle="309.50" x="103.05" y="119.83"/>
    </timestep>
    <timestep time="0.24">
        <vehicle id="cfm-fast_0" eclass="HBEFA3/PC_G_EU4" CO2="13917.22" CO="343.90" HC="1.91" NOx="6.44" PMx="0.34" fuel="5.98" electricity="0.00" noise="117.20" route="routeright" type="cfm-fast" waiting="0.00" lane="right_0" pos="46.41" speed="3.27" angle="281.07" x="71.47" y="131.83"/>
        <vehicle id="cfm-fast_1" eclass="HBEFA3/PC_G_EU4" CO2="13917.22" CO="343.90" HC="1.91" NOx="6.44" PMx="0.34" fuel="5.98" electricity="0.00" noise="117.20" route="routetop" type="cfm-fast" waiting="0.00" lane="top_0" pos="12.24" speed="3.27" angle="252.40" x="37.88" y="127.23"/>
        <vehicle id="cfm-fast_2" eclass="HBEFA3/PC_G_EU4" CO2="13917.22" CO="343.90" HC="1.91" NOx="6.44" PMx="0.34" fuel="5.98" electricity="0.00" noise="117.20" route="routetop" type="cfm-fast" waiting="0.00" lane="top_0" pos="28.08" speed="3.27" angle="223.92" x="10.71" y="107.28"/>
        <vehicle id="cfm-fast_3" eclass="HBEFA3/PC_G_EU4" CO2="13917.22" CO="343.90" HC="1.91" NOx="6.44" PMx="0.34" fuel="5.98" electricity="0.00" noise="117.20" route="routetop" type="cfm-fast" waiting="0.00" lane="top_0" pos="43.91" speed="3.27" angle="195.56" x="-3.68" y="76.78"/>
        <vehicle id="cfm-fast_4" eclass="HBEFA3/PC_G_EU4" CO2="13917.22" CO="343.90" HC="1.91" NOx="6.44" PMx="0.34" fuel="5.98" electricity="0.00" noise="117.20" route="routeleft" type="cfm-fast" waiting="0.00" lane="left_0" pos="9.74" speed="3.27" angle="166.87" x="-1.73" y="42.94"/>
        <vehicle id="cfm-fast_5" eclass="HBEFA3/PC_G_EU4" CO2="13917.22" CO="343.90" HC="1.91" NOx="6.44" PMx="0.34" fuel="5.98" electricity="0.00" noise="117.20" route="routeleft" type="cfm-fast" waiting="0.00" lane="left_0" pos="25.58" speed="3.27" angle="138.48" x="16.03" y="14.28"/>
        <vehicle id="cfm-slow_0" eclass="HBEFA3/PC_G_EU4" CO2="13917.22" CO="343.90" HC="1.91" NOx="6.44" PMx="0.34" fuel="5.98" electricity="0.00" noise="117.20" route="routebottom" type="cfm-slow" waiting="0.00" lane="bottom_0" pos="1.41" speed="3.27" angle="91.94" x="66.79" y="-4.87"/>
        <vehicle id="cfm-slow_1" eclass="HBEFA3/PC_G_EU4" CO2="13917.22" CO="343.90" HC="1.91" NOx="6.44" PMx="0.34" fuel="5.98" electricity="0.00" noise="117.20" route="routebottom" type="cfm-slow" waiting="0.00" lane="bottom_0" pos="17.24" speed="3.27" angle="63.43" x="99.06" y="4.90"/>
        <vehicle id="cfm-slow_2" eclass="HBEFA3/PC_G_EU4" CO2="13917.22" CO="343.90" HC="1.91" NOx="6.44" PMx="0.34" fuel="5.98" electricity="0.00" noise="117.20" route="routebottom" type="cfm-slow" waiting="0.00" lane="bottom_0" pos="33.08" speed="3.27" angle="34.99" x="122.78" y="28.86"/>
        <vehicle id="cfm-slow_3" eclass="HBEFA3/PC_G_EU4" CO2="13917.22" CO="343.90" HC="1.91" NOx="6.44" PMx="0.34" fuel="5.98" electricity="0.00" noise="117.20" route="routebottom" type="cfm-slow" waiting="0.00" lane="bottom_0" pos="48.91" speed="3.27" angle="6.54" x="132.23" y="61.22"/>
        <vehicle id="cfm-slow_4" eclass="HBEFA3/PC_G_EU4" CO2="13917.22" CO="343.90" HC="1.91" NOx="6.44" PMx="0.34" fuel="5.98" electricity="0.00" noise="117.20" route="routeright" type="cfm-slow" waiting="0.00" lane="right_0" pos="14.74" speed="3.27" angle="337.90" x="125.02" y="94.35"/>
        <vehicle id="cfm-slow_5" eclass="HBEFA3/PC_G_EU4" CO2="13917.22" CO="343.90" HC="1.91" NOx="6.44" PMx="0.34" fuel="5.98" electricity="0.00" noise="117.20" route="routeright" type="cfm-slow" waiting="0.00" lane="right_0" pos="30.58" speed="3.27" angle="309.44" x="102.99" y="119.87"/>
    </timestep>
    <timestep time="0.25">
        <vehicle id="cfm-fast_0" eclass="HBEFA3/PC_G_EU4" CO2="14391.39" CO="351.63" HC="1.95" NOx="6.66" PMx="0.36" fuel="6.19" electricity="0.00" noise="117.26" route="routeright" type="cfm-fast" waiting="0.00" lane="right_0" pos="46.44" speed="3.41" angle="281.00" x="71.40" y="131.83"/>
        <vehicle id="cfm-fast_1" eclass="HBEFA3/PC_G_EU4" CO2="14391.39" CO="351.63" HC="1.95" NOx="6.66" PMx="0.36" fuel="6.19" electricity="0.00" noise="117.26" route="routetop" type="cfm-fast" waiting="0.00" lane="top_0" pos="12.28" speed="3.41" angle="252.34" x="37.81" y="127.20"/>
        <vehicle id="cfm-fast_2" eclass="HBEFA3/PC_G_EU4" CO2="14391.39" CO="351.63" HC="1.95" NOx="6.66" PMx="0.36" fuel="6.19" electricity="0.00" noise="117.26" route="routetop" type="cfm-fast" waiting="0.00" lane="top_0" pos="28.11" speed="3.41" angle="223.87" x="10.66" y="107.22"/>
        <vehicle id="cfm-fast_3" eclass="HBEFA3/PC_G_EU4" CO2="14391.39" CO="351.63" HC="1.95" NOx="6.66" PMx="0.36" fuel="6.19" electricity="0.00" noise="117.26" route="routetop" type="cfm-fast" waiting="0.00" lane="top_0" pos="43.94" speed="3.41" angle="195.50" x="-3.69" y="76.71"/>
        <vehicle id="cfm-fast_4" eclass="HBEFA3/PC_G_EU4" CO2="14391.39" CO="351.63" HC="1.95" NOx="6.66" PMx="0.36" fuel="6.19" electricity="0.00" noise="117.26" route="routeleft" type="cfm-fast" waiting="0.00" lane="left_0" pos="9.78" speed="3.41" angle="166.81" x="-1.71" y="42.87"/>
        <vehicle id="cfm-fast_5" eclass="HBEFA3/PC_G_EU4" CO2="14391.39" CO="351.63" HC="1.95" NOx="6.66" PMx="0.36" fuel="6.19" electricity="0.00" noise="117.26" route="routeleft" type="cfm-fast" waiting="0.00" lane="left_0" pos="25.61" speed="3.41" angle="138.44" x="16.08" y="14.23"/>
        <vehicle id="cfm-slow_0" eclass="HBEFA3/PC_G_EU4" CO2="14391.39" CO="351.63" HC="1.95" NOx="6.66" PMx="0.36" fuel="6.19" electricity="0.00" noise="117.26" route="routebottom" type="cfm-slow" waiting="0.00" lane="bottom_0" pos="1.44" speed="3.41" angle="91.88" x="66.86" y="-4.86"/>
        <vehicle id="cfm-slow_1" eclass="HBEFA3/PC_G_EU4" CO2="14391.39" CO="351.63" HC="1.95" NOx="6.66" PMx="0.36" fuel="6.19" electricity="0.00" noise="117.26" route="routebottom" type="cfm-slow" waiting="0.00" lane="bottom_0" pos="17.28" speed="3.41" angle="63.36" x="99.12" y="4.94"/>
        <vehicle id="cfm-slow_2" eclass="HBEFA3/PC_G_EU4" CO2="14391.39" CO="351.63" HC="1.95" NOx="6.66" PMx="0.36" fuel="6.19" electricity="0.00" noise="117.26" route="routebottom" type="cfm-slow" waiting="0.00" lane="bottom_0" pos="33.11" speed="3.41" angle="34.92" x="122.82" y="28.92"/>
        <vehicle id="cfm-slow_3" eclass="HBEFA3/PC_G_EU4" CO2="14391.39" CO="351.63" HC="1.95" NOx="6.66" PMx="0.36" fuel="6.19" electricity="0.00" noise="117.26" route="routebottom" type="cfm-slow" waiting="0.00" lane="bottom_0" pos="48.94" speed="3.41" angle="6.48" x="132.23" y="61.30"/>
        <vehicle id="cfm-slow_4" eclass="HBEFA3/PC_G_EU4" CO2="14391.39" CO="351.63" HC="1.95" NOx="6.66" PMx="0.36" fuel="6.19" electricity="0.00" noise="117.26" route="routeright" type="cfm-slow" waiting="0.00" lane="right_0" pos="14.78" speed="3.41" angle="337.84" x="124.99" y="94.41"/>
        <vehicle id="cfm-slow_5" eclass="HBEFA3/PC_G_EU4" CO2="14391.39" CO="351.63" HC="1.95" NOx="6.66" PMx="0.36" fuel="6.19" electricity="0.00" noise="117.26" route="routeright" type="cfm-slow" waiting="0.00" lane="right_0" pos="30.61" speed="3.41" angle="309.38" x="102.93" y="119.91"/>
    </timestep>
    <timestep time="0.26">
        <vehicle id="cfm-fast_0" eclass="HBEFA3/PC_G_EU4" CO2="14865.86" CO="359.38" HC="2.00" NOx="6.88" PMx="0.37" fuel="6.39" electricity="0.00" noise="117.31" route="routeright" type="cfm-fast" waiting="0.00" lane="right_0" pos="46.48" speed="3.55" angle="280.94" x="71.32" y="131.84"/>
        <vehicle id="cfm-fast_1" eclass="HBEFA3/PC_G_EU4" CO2="14865.86" CO="359.38" HC="2.00" NOx="6.88" PMx="0.37" fuel="6.39" electricity="0.00" noise="117.31" route="routetop" type="cfm-fast" waiting="0.00" lane="top_0" pos="12.31" speed="3.55" angle="252.28" x="37.74" y="127.18"/>
        <vehicle id="cfm-fast_2" eclass="HBEFA3/PC_G_EU4" CO2="14865.86" CO="359.38" HC="2.00" NOx="6.88" PMx="0.37" fuel="6.39" electricity="0.00" noise="117.31" route="routetop" type="cfm-fast" waiting="0.00" lane="top_0" pos="28.15" speed="3.55" angle="223.83" x="10.61" y="107.17"/>
        <vehicle id="cfm-fast_3" eclass="HBEFA3/PC_G_EU4" CO2="14865.86" CO="359.38" HC="2.00" NOx="6.88" PMx="0.37" fuel="6.39" electricity="0.00" noise="117.31" route="routetop" type="cfm-fast" waiting="0.00" lane="top_0" pos="43.98" speed="3.55" angle="195.43" x="-3.71" y="76.64"/>
        <vehicle id="cfm-fast_4" eclass="HBEFA3/PC_G_EU4" CO2="14865.86" CO="359.38" HC="2.00" NOx="6.88" PMx="0.37" fuel="6.39" electricity="0.00" noise="117.31" route="routeleft" type="cfm-fast" waiting="0.00" lane="left_0" pos="9.81" speed="3.55" angle="166.74" x="-1.69" y="42.80"/>
        <vehicle id="cfm-fast_5" eclass="HBEFA3/PC_G_EU4" CO2="14865.86" CO="359.38" HC="2.00" NOx="6.88" PMx="0.37" fuel="6.39" electricity="0.00" noise="117.31" route="routeleft" type="cfm-fast" waiting="0.00" lane="left_0" pos="25.65" speed="3.55" angle="138.38" x="16.14" y="14.17"/>
        <vehicle id="cfm-slow_0" eclass="HBEFA3/PC_G_EU4" CO2="14865.86" CO="359.38" HC="2.00" NOx="6.88" PMx="0.37" fuel="6.39" electricity="0.00" noise="117.31" route="routebottom" type="cfm-slow" waiting="0.00" lane="bottom_0" pos="1.48" speed="3.55" angle="91.82" x="66.94" y="-4.86"/>
        <vehicle id="cfm-slow_1" eclass="HBEFA3/PC_G_EU4" CO2="14865.86" CO="359.38" HC="2.00" NOx="6.88" PMx="0.37" fuel="6.39" electricity="0.00" noise="117.31" route="routebottom" type="cfm-slow" waiting="0.00" lane="bottom_0" pos="17.31" speed="3.55" angle="63.30" x="99.19" y="4.98"/>
        <vehicle id="cfm-slow_2" eclass="HBEFA3/PC_G_EU4" CO2="14865.86" CO="359.38" HC="2.00" NOx="6.88" PMx="0.37" fuel="6.39" electricity="0.00" noise="117.31" route="routebottom" type="cfm-slow" waiting="0.00" lane="bottom_0" pos="33.15" speed="3.55" angle="34.86" x="122.86" y="28.99"/>
        <vehicle id="cfm-slow_3" eclass="HBEFA3/PC_G_EU4" CO2="14865.86" CO="359.38" HC="2.00" NOx="6.88" PMx="0.37" fuel="6.39" electricity="0.00" noise="117.31" route="routebottom" type="cfm-slow" waiting="0.00" lane="bottom_0" pos="48.98" speed="3.55" angle="6.41" x="132.23" y="61.37"/>
        <vehicle id="cfm-slow_4" eclass="HBEFA3/PC_G_EU4" CO2="14865.86" CO="359.38" HC="2.00" NOx="6.88" PMx="0.37" fuel="6.39" electricity="0.00" noise="117.31" route="routeright" type="cfm-slow" waiting="0.00" lane="right_0" pos="14.81" speed="3.55" angle="337.77" x="124.95" y="94.48"/>
        <vehicle id="cfm-slow_5" eclass="HBEFA3/PC_G_EU4" CO2="14865.86" CO="359.38" HC="2.00" NOx="6.88" PMx="0.37" fuel="6.39" electricity="0.00" noise="117.31" route="routeright" type="cfm-slow" waiting="0.00" lane="right_0" pos="30.65" speed="3.55" angle="309.32" x="102.87" y="119.96"/>
    </timestep>
    <timestep time="0.27">
        <vehicle id="cfm-fast_0" eclass="HBEFA3/PC_G_EU4" CO2="15340.61" CO="367.16" HC="2.05" NOx="7.10" PMx="0.38" fuel="6.59" electricity="0.00" noise="117.37" route="routeright" type="cfm-fast" waiting="0.00" lane="right_0" pos="46.52" speed="3.68" angle="280.87" x="71.24" y="131.85"/>
        <vehicle id="cfm-fast_1" eclass="HBEFA3/PC_G_EU4" CO2="15340.61" CO="367.16" HC="2.05" NOx="7.10" PMx="0.38" fuel="6.59" electricity="0.00" noise="117.37" route="routetop" type="cfm-fast" waiting="0.00" lane="top_0" pos="12.35" speed="3.68" angle="252.21" x="37.67" y="127.15"/>
        <vehicle id="cfm-fast_2" eclass="HBEFA3/PC_G_EU4" CO2="15340.61" CO="367.16" HC="2.05" NOx="7.10" PMx="0.38" fuel="6.59" electricity="0.00" noise="117.37" route="routetop" type="cfm-fast" waiting="0.00" lane="top_0" pos="28.18" speed="3.68" angle="223.78" x="10.56" y="107.10"/>
        <vehicle id="cfm-fast_3" eclass="HBEFA3/PC_G_EU4" CO2="15340.61" CO="367.16" HC="2.05" NOx="7.10" PMx="0.38" fuel="6.59" electricity="0.00" noise="117.37" route="routetop" type="cfm-fast" waiting="0.00" lane="top_0" pos="44.02" speed="3.68" angle="195.36" x="-3.72" y="76.56"/>
        <vehicle id="cfm-fast_4" eclass="HBEFA3/PC_G_EU4" CO2="15340.61" CO="367.16" HC="2.05" NOx="7.10" PMx="0.38" fuel="6.59" electricity="0.00" noise="117.37" route="routeleft" type="cfm-fast" waiting="0.00" lane="left_0" pos="9.85" speed="3.68" angle="166.67" x="-1.66" y="42.72"/>
        <vehicle id="cfm-fast_5" eclass="HBEFA3/PC_G_EU4" CO2="15340.61" CO="367.16" HC="2.05" NOx="7.10" PMx="0.38" fuel="6.59" electricity="0.00" noise="117.37" route="routeleft" type="cfm-fast" waiting="0.00" lane="left_0" pos="25.68" speed="3.68" angle="138.32" x="16.20" y="14.12"/>
        <vehicle id="cfm-slow_0" eclass="HBEFA3/PC_G_EU4" CO2="15340.61" CO="367.16" HC="2.05" NOx="7.10" PMx="0.38" fuel="6.59" electricity="0.00" noise="117.37" route="routebottom" type="cfm-slow" waiting="0.00" lane="bottom_0" pos="1.52" speed="3.68" angle="91.75" x="67.02" y="-4.86"/>
        <vehicle id="cfm-slow_1" eclass="HBEFA3/PC_G_EU4" CO2="15340.61" CO="367.16" HC="2.05" NOx="7.10" PMx="0.38" fuel="6.59" electricity="0.00" noise="117.37" route="routebottom" type="cfm-slow" waiting="0.00" lane="bottom_0" pos="17.35" speed="3.68" angle="63.23" x="99.25" y="5.02"/>
        <vehicle id="cfm-slow_2" eclass="HBEFA3/PC_G_EU4" CO2="15340.61" CO="367.16" HC="2.05" NOx="7.10" PMx="0.38" fuel="6.59" electricity="0.00" noise="117.37" route="routebottom" type="cfm-slow" waiting="0.00" lane="bottom_0" pos="33.18" speed="3.68" angle="34.79" x="122.90" y="29.05"/>
        <vehicle id="cfm-slow_3" eclass="HBEFA3/PC_G_EU4" CO2="15340.61" CO="367.16" HC="2.05" NOx="7.10" PMx="0.38" fuel="6.59" electricity="0.00" noise="117.37" route="routebottom" type="cfm-slow" waiting="0.00" lane="bottom_0" pos="49.02" speed="3.68" angle="6.34" x="132.23" y="61.45"/>
        <vehicle id="cfm-slow_4" eclass="HBEFA3/PC_G_EU4" CO2="15340.61" CO="367.16" HC="2.05" NOx="7.10" PMx="0.38" fuel="6.59" electricity="0.00" noise="117.37" route="routeright" type="cfm-slow" waiting="0.00" lane="right_0" pos="14.85" speed="3.68" angle="337.70" x="124.92" y="94.55"/>
        <vehicle id="cfm-slow_5" eclass="HBEFA3/PC_G_EU4" CO2="15340.61" CO="367.16" HC="2.05" NOx="7.10" PMx="0.38" fuel="6.59" electricity="0.00" noise="117.37" route="routeright" type="cfm-slow" waiting="0.00" lane="right_0" pos="30.68" speed="3.68" angle="309.26" x="102.80" y="120.00"/>
    </timestep>
    <timestep time="0.28">
        <vehicle id="cfm-fast_0" eclass="HBEFA3/PC_G_EU4" CO2="15815.66" CO="374.96" HC="2.09" NOx="7.32" PMx="0.39" fuel="6.80" electricity="0.00" noise="117.42" route="routeright" type="cfm-fast" waiting="0.00" lane="right_0" pos="46.55" speed="3.82" angle="280.80" x="71.16" y="131.86"/>
        <vehicle id="cfm-fast_1" eclass="HBEFA3/PC_G_EU4" CO2="15815.66" CO="374.96" HC="2.09" NOx="7.32" PMx="0.39" fuel="6.80" electricity="0.00" noise="117.42" route="routetop" type="cfm-fast" waiting="0.00" lane="top_0" pos="12.39" speed="3.82" angle="252.14" x="37.59" y="127.12"/>
        <vehicle id="cfm-fast_2" eclass="HBEFA3/PC_G_EU4" CO2="15815.66" CO="374.96" HC="2.09" NOx="7.32" PMx="0.39" fuel="6.80" electricity="0.00" noise="117.42" route="routetop" type="cfm-fast" waiting="0.00" lane="top_0" pos="28.22" speed="3.82" angle="223.72" x="10.50" y="107.04"/>
        <vehicle id="cfm-fast_3" eclass="HBEFA3/PC_G_EU4" CO2="15815.66" CO="374.96" HC="2.09" NOx="7.32" PMx="0.39" fuel="6.80" electricity="0.00" noise="117.42" route="routetop" type="cfm-fast" waiting="0.00" lane="top_0" pos="44.05" speed="3.82" angle="195.29" x="-3.74" y="76.48"/>
        <vehicle id="cfm-fast_4" eclass="HBEFA3/PC_G_EU4" CO2="15815.66" CO="374.96" HC="2.09" NOx="7.32" PMx="0.39" fuel="6.80" electricity="0.00" noise="117.42" route="routeleft" type="cfm-fast" waiting="0.00" lane="left_0" pos="9.89" speed="3.82" angle="166.60" x="-1.64" y="42.64"/>
        <vehicle id="cfm-fast_5" eclass="HBEFA3/PC_G_EU4" CO2="15815.66" CO="374.96" HC="2.09" NOx="7.32" PMx="0.39" fuel="6.80" electricity="0.00" noise="117.42" route="routeleft" type="cfm-fast" waiting="0.00" lane="left_0" pos="25.72" speed="3.82" angle="138.24" x="16.26" y="14.06"/>
        <vehicle id="cfm-slow_0" eclass="HBEFA3/PC_G_EU4" CO2="15815.66" CO="374.96" HC="2.09" NOx="7.32" PMx="0.39" fuel="6.80" electricity="0.00" noise="117.42" route="routebottom" type="cfm-slow" waiting="0.00" lane="bottom_0" pos="1.55" speed="3.82" angle="91.68" x="67.10" y="-4.85"/>
        <vehicle id="cfm-slow_1" eclass="HBEFA3/PC_G_EU4" CO2="15815.66" CO="374.96" HC="2.09" NOx="7.32" PMx="0.39" fuel="6.80" electricity="0.00" noise="117.42" route="routebottom" type="cfm-slow" waiting="0.00" lane="bottom_0" pos="17.39" speed="3.82" angle="63.16" x="99.33" y="5.06"/>
        <vehicle id="cfm-slow_2" eclass="HBEFA3/PC_G_EU4" CO2="15815.66" CO="374.96" HC="2.09" NOx="7.32" PMx="0.39" fuel="6.80" electricity="0.00" noise="117.42" route="routebottom" type="cfm-slow" waiting="0.00" lane="bottom_0" pos="33.22" speed="3.82" angle="34.72" x="122.94" y="29.12"/>
        <vehicle id="cfm-slow_3" eclass="HBEFA3/PC_G_EU4" CO2="15815.66" CO="374.96" HC="2.09" NOx="7.32" PMx="0.39" fuel="6.80" electricity="0.00" noise="117.42" route="routebottom" type="cfm-slow" waiting="0.00" lane="bottom_0" pos="49.05" speed="3.82" angle="6.27" x="132.23" y="61.53"/>
        <vehicle id="cfm-slow_4" eclass="HBEFA3/PC_G_EU4" CO2="15815.66" CO="374.96" HC="2.09" NOx="7.32" PMx="0.39" fuel="6.80" electricity="0.00" noise="117.42" route="routeright" type="cfm-slow" waiting="0.00" lane="right_0" pos="14.89" speed="3.82" angle="337.63" x="124.88" y="94.62"/>
        <vehicle id="cfm-slow_5" eclass="HBEFA3/PC_G_EU4" CO2="15815.66" CO="374.96" HC="2.09" NOx="7.32" PMx="0.39" fuel="6.80" electricity="0.00" noise="117.42" route="routeright" type="cfm-slow" waiting="0.00" lane="right_0" pos="30.72" speed="3.82" angle="309.21" x="102.74" y="120.05"/>
    </timestep>
    <timestep time="0.29">
        <vehicle id="cfm-fast_0" eclass="HBEFA3/PC_G_EU4" CO2="16290.99" CO="382.78" HC="2.14" NOx="7.54" PMx="0.40" fuel="7.00" electricity="0.00" noise="117.48" route="routeright" type="cfm-fast" waiting="0.00" lane="right_0" pos="46.59" speed="3.95" angle="280.73" x="71.07" y="131.87"/>
        <vehicle id="cfm-fast_1" eclass="HBEFA3/PC_G_EU4" CO2="16290.99" CO="382.78" HC="2.14" NOx="7.54" PMx="0.40" fuel="7.00" electricity="0.00" noise="117.48" route="routetop" type="cfm-fast" waiting="0.00" lane="top_0" pos="12.43" speed="3.95" angle="252.07" x="37.52" y="127.08"/>
        <vehicle id="cfm-fast_2" eclass="HBEFA3/PC_G_EU4" CO2="16290.99" CO="382.78" HC="2.14" NOx="7.54" PMx="0.40" fuel="7.00" electricity="0.00" noise="117.48" route="routetop" type="cfm-fast" waiting="0.00" lane="top_0" pos="28.26" speed="3.95" angle="223.65" x="10.45" y="106.97"/>
        <vehicle id="cfm-fast_3" eclass="HBEFA3/PC_G_EU4" CO2="16290.99" CO="382.78" HC="2.14" NOx="7.54" PMx="0.40" fuel="7.00" electricity="0.00" noise="117.48" route="routetop" type="cfm-fast" waiting="0.00" lane="top_0" pos="44.09" speed="3.95" angle="195.22" x="-3.75" y="76.39"/>
        <vehicle id="cfm-fast_4" eclass="HBEFA3/PC_G_EU4" CO2="16290.99" CO="382.78" HC="2.14" NOx="7.54" PMx="0.40" fuel="7.00" electricity="0.00" noise="117.48" route="routeleft" type="cfm-fast" waiting="0.00" lane="left_0" pos="9.93" speed="3.95" angle="166.53" x="-1.62" y="42.56"/>
        <vehicle id="cfm-fast_5" eclass="HBEFA3/PC_G_EU4" CO2="16290.99" CO="382.78" HC="2.14" NOx="7.54" PMx="0.40" fuel="7.00" electricity="0.00" noise="117.48" route="routeleft" type="cfm-fast" waiting="0.00" lane="left_0" pos="25.76" speed="3.95" angle="138.17" x="16.32" y="14.01"/>
        <vehicle id="cfm-slow_0" eclass="HBEFA3/PC_G_EU4" CO2="16290.99" CO="382.78" HC="2.14" NOx="7.54" PMx="0.40" fuel="7.00" electricity="0.00" noise="117.48" route="routebottom" type="cfm-slow" waiting="0.00" lane="bottom_0" pos="1.59" speed="3.95" angle="91.61" x="67.19" y="-4.85"/>
        <vehicle id="cfm-slow_1" eclass="HBEFA3/PC_G_EU4" CO2="16290.99" CO="382.78" HC="2.14" NOx="7.54" PMx="0.40" fuel="7.00" electricity="0.00" noise="117.48" route="routebottom" type="cfm-slow" waiting="0.00" lane="bottom_0" pos="17.43" speed="3.95" angle="63.09" x="99.40" y="5.10"/>
        <vehicle id="cfm-slow_2" eclass="HBEFA3/PC_G_EU4" CO2="16290.99" CO="382.78" HC="2.14" NOx="7.54" PMx="0.40" fuel="7.00" electricity="0.00" noise="117.48" route="routebottom" type="cfm-slow" waiting="0.00" lane="bottom_0" pos="33.26" speed="3.95" angle="34.66" x="122.98" y="29.20"/>
        <vehicle id="cfm-slow_3" eclass="HBEFA3/PC_G_EU4" CO2="16290.99" CO="382.78" HC="2.14" NOx="7.54" PMx="0.40" fuel="7.00" electricity="0.00" noise="117.48" route="routebottom" type="cfm-slow" waiting="0.00" lane="bottom_0" pos="49.09" speed="3.95" angle="6.20" x="132.23" y="61.62"/>
        <vehicle id="cfm-slow_4" eclass="HBEFA3/PC_G_EU4" CO2="16290.99" CO="382.78" HC="2.14" NOx="7.54" PMx="0.40" fuel="7.00" electricity="0.00" noise="117.48" route="routeright" type="cfm-slow" waiting="0.00" lane="right_0" pos="14.93" speed="3.95" angle="337.55" x="124.84" y="94.70"/>
        <vehicle id="cfm-slow_5" eclass="HBEFA3/PC_G_EU4" CO2="16290.99" CO="382.78" HC="2.14" NOx="7.54" PMx="0.40" fuel="7.00" electricity="0.00" noise="117.48" route="routeright" type="cfm-slow" waiting="0.00" lane="right_0" pos="30.76" speed="3.95" angle="309.15" x="102.67" y="120.10"/>
    </timestep>
    <timestep time="0.30">
        <vehicle id="cfm-fast_0" eclass="HBEFA3/PC_G_EU4" CO2="16766.62" CO="390.62" HC="2.19" NOx="7.77" PMx="0.41" fuel="7.21" electricity="0.00" noise="117.53" route="routeright" type="cfm-fast" waiting="0.00" lane="right_0" pos="46.63" speed="4.09" angle="280.65" x="70.99" y="131.88"/>
        <vehicle id="cfm-fast_1" eclass="HBEFA3/PC_G_EU4" CO2="16766.62" CO="390.62" HC="2.19" NOx="7.77" PMx="0.41" fuel="7.21" electricity="0.00" noise="117.53" route="routetop" type="cfm-fast" waiting="0.00" lane="top_0" pos="12.47" speed="4.09" angle="251.99" x="37.43" y="127.05"/>
        <vehicle id="cfm-fast_2" eclass="HBEFA3/PC_G_EU4" CO2="16766.62" CO="390.62" HC="2.19" NOx="7.77" PMx="0.41" fuel="7.21" electricity="0.00" noise="117.53" route="routetop" type="cfm-fast" waiting="0.00" lane="top_0" pos="28.30" speed="4.09" angle="223.58" x="10.40" y="106.91"/>
        <vehicle id="cfm-fast_3" eclass="HBEFA3/PC_G_EU4" CO2="16766.62" CO="390.62" HC="2.19" NOx="7.77" PMx="0.41" fuel="7.21" electricity="0.00" noise="117.53" route="routetop" type="cfm-fast" waiting="0.00" lane="top_0" pos="44.13" speed="4.09" angle="195.14" x="-3.77" y="76.31"/>
        <vehicle id="cfm-fast_4" eclass="HBEFA3/PC_G_EU4" CO2="16766.62" CO="390.62" HC="2.19" NOx="7.77" PMx="0.41" fuel="7.21" electricity="0.00" noise="117.53" route="routeleft" type="cfm-fast" waiting="0.00" lane="left_0" pos="9.97" speed="4.09" angle="166.45" x="-1.59" y="42.48"/>
        <vehicle id="cfm-fast_5" eclass="HBEFA3/PC_G_EU4" CO2="16766.62" CO="390.62" HC="2.19" NOx="7.77" PMx="0.41" fuel="7.21" electricity="0.00" noise="117.53" route="routeleft" type="cfm-fast" waiting="0.00" lane="left_0" pos="25.80" speed="4.09" angle="138.10" x="16.38" y="13.95"/>
        <vehicle id="cfm-slow_0" eclass="HBEFA3/PC_G_EU4" CO2="16766.62" CO="390.62" HC="2.19" NOx="7.77" PMx="0.41" fuel="7.21" electricity="0.00" noise="117.53" route="routebottom" type="cfm-slow" waiting="0.00" lane="bottom_0" pos="1.63" speed="4.09" angle="91.54" x="67.27" y="-4.84"/>
        <vehicle id="cfm-slow_1" eclass="HBEFA3/PC_G_EU4" CO2="16766.62" CO="390.62" HC="2.19" NOx="7.77" PMx="0.41" fuel="7.21" electricity="0.00" noise="117.53" route="routebottom" type="cfm-slow" waiting="0.00" lane="bottom_0" pos="17.47" speed="4.09" angle="63.01" x="99.47" y="5.15"/>
        <vehicle id="cfm-slow_2" eclass="HBEFA3/PC_G_EU4" CO2="16766.62" CO="390.62" HC="2.19" NOx="7.77" PMx="0.41" fuel="7.21" electricity="0.00" noise="117.53" route="routebottom" type="cfm-slow" waiting="0.00" lane="bottom_0" pos="33.30" speed="4.09" angle="34.60" x="123.03" y="29.27"/>
        <vehicle id="cfm-slow_3" eclass="HBEFA3/PC_G_EU4" CO2="16766.62" CO="390.62" HC="2.19" NOx="7.77" PMx="0.41" fuel="7.21" electricity="0.00" noise="117.53" route="routebottom" type="cfm-slow" waiting="0.00" lane="bottom_0" pos="49.13" speed="4.09" angle="6.12" x="132.23" y="61.71"/>
        <vehicle id="cfm-slow_4" eclass="HBEFA3/PC_G_EU4" CO2="16766.62" CO="390.62" HC="2.19" NOx="7.77" PMx="0.41" fuel="7.21" electricity="0.00" noise="117.53" route="routeright" type="cfm-slow" waiting="0.00" lane="right_0" pos="14.97" speed="4.09" angle="337.48" x="124.80" y="94.78"/>
        <vehicle id="cfm-slow_5" eclass="HBEFA3/PC_G_EU4" CO2="16766.62" CO="390.62" HC="2.19" NOx="7.77" PMx="0.41" fuel="7.21" electricity="0.00" noise="117.53" route="routeright" type="cfm-slow" waiting="0.00" lane="right_0" pos="30.80" speed="4.09" angle="309.09" x="102.60" y="120.15"/>
    </timestep>
    <timestep time="0.31">
        <vehicle id="cfm-fast_0" eclass="HBEFA3/PC_G_EU4" CO2="17242.54" CO="398.48" HC="2.24" NOx="7.99" PMx="0.43" fuel="7.41" electricity="0.00" noise="117.59" route="routeright" type="cfm-fast" waiting="0.00" lane="right_0" pos="46.68" speed="4.23" angle="280.58" x="70.90" y="131.89"/>
        <vehicle id="cfm-fast_1" eclass="HBEFA3/PC_G_EU4" CO2="17242.54" CO="398.48" HC="2.24" NOx="7.99" PMx="0.43" fuel="7.41" electricity="0.00" noise="117.59" route="routetop" type="cfm-fast" waiting="0.00" lane="top_0" pos="12.51" speed="4.23" angle="251.92" x="37.35" y="127.02"/>
        <vehicle id="cfm-fast_2" eclass="HBEFA3/PC_G_EU4" CO2="17242.54" CO="398.48" HC="2.24" NOx="7.99" PMx="0.43" fuel="7.41" electricity="0.00" noise="117.59" route="routetop" type="cfm-fast" waiting="0.00" lane="top_0" pos="28.34" speed="4.23" angle="223.50" x="10.34" y="106.83"/>
        <vehicle id="cfm-fast_3" eclass="HBEFA3/PC_G_EU4" CO2="17242.54" CO="398.48" HC="2.24" NOx="7.99" PMx="0.43" fuel="7.41" electricity="0.00" noise="117.59" route="routetop" type="cfm-fast" waiting="0.00" lane="top_0" pos="44.18" speed="4.23" angle="195.06" x="-3.78" y="76.22"/>
        <vehicle id="cfm-fast_4" eclass="HBEFA3/PC_G_EU4" CO2="17242.54" CO="398.48" HC="2.24" NOx="7.99" PMx="0.43" fuel="7.41" electricity="0.00" noise="117.59" route="routeleft" type="cfm-fast" waiting="0.00" lane="left_0" pos="10.01" speed="4.23" angle="166.37" x="-1.56" y="42.39"/>
        <vehicle id="cfm-fast_5" eclass="HBEFA3/PC_G_EU4" CO2="17242.54" CO="398.48" HC="2.24" NOx="7.99" PMx="0.43" fuel="7.41" electricity="0.00" noise="117.59" route="routeleft" type="cfm-fast" waiting="0.00" lane="left_0" pos="25.84" speed="4.23" angle="138.02" x="16.45" y="13.89"/>
        <vehicle id="cfm-slow_0" eclass="HBEFA3/PC_G_EU4" CO2="17242.54" CO="398.48" HC="2.24" NOx="7.99" PMx="0.43" fuel="7.41" electricity="0.00" noise="117.59" route="routebottom" type="cfm-slow" waiting="0.00" lane="bottom_0" pos="1.68" speed="4.23" angle="91.46" x="67.36" y="-4.84"/>
        <vehicle id="cfm-slow_1" eclass="HBEFA3/PC_G_EU4" CO2="17242.54" CO="398.48" HC="2.24" NOx="7.99" PMx="0.43" fuel="7.41" electricity="0.00" noise="117.59" route="routebottom" type="cfm-slow" waiting="0.00" lane="bottom_0" pos="17.51" speed="4.23" angle="62.94" x="99.55" y="5.20"/>
        <vehicle id="cfm-slow_2" eclass="HBEFA3/PC_G_EU4" CO2="17242.54" CO="398.48" HC="2.24" NOx="7.99" PMx="0.43" fuel="7.41" electricity="0.00" noise="117.59" route="routebottom" type="cfm-slow" waiting="0.00" lane="bottom_0" pos="33.34" speed="4.23" angle="34.54" x="123.08" y="29.35"/>
        <vehicle id="cfm-slow_3" eclass="HBEFA3/PC_G_EU4" CO2="17242.54" CO="398.48" HC="2.24" NOx="7.99" PMx="0.43" fuel="7.41" electricity="0.00" noise="117.59" route="routebottom" type="cfm-slow" waiting="0.00" lane="bottom_0" pos="49.18" speed="4.23" angle="6.04" x="132.24" y="61.80"/>
        <vehicle id="cfm-slow_4" eclass="HBEFA3/PC_G_EU4" CO2="17242.54" CO="398.48" HC="2.24" NOx="7.99" PMx="0.43" fuel="7.41" electricity="0.00" noise="117.59" route="routeright" type="cfm-slow" waiting="0.00" lane="right_0" pos="15.01" speed="4.23" angle="337.39" x="124.76" y="94.86"/>
        <vehicle id="cfm-slow_5" eclass="HBEFA3/PC_G_EU4" CO2="17242.54" CO="398.48" HC="2.24" NOx="7.99" PMx="0.43" fuel="7.41" electricity="0.00" noise="117.59" route="routeright" type="cfm-slow" waiting="0.00" lane="right_0" pos="30.84" speed="4.23" angle="309.01" x="102.52" y="120.20"/>
    </timestep>
    <timestep time="0.32">
        <vehicle id="cfm-fast_0" eclass="HBEFA3/PC_G_EU4" CO2="17718.76" CO="406.36" HC="2.28" NOx="8.21" PMx="0.44" fuel="7.62" electricity="0.00" noise="117.64" route="routeright" type="cfm-fast" waiting="0.00" lane="right_0" pos="46.72" speed="4.36" angle="280.50" x="70.80" y="131.89"/>
        <vehicle id="cfm-fast_1" eclass="HBEFA3/PC_G_EU4" CO2="17718.76" CO="406.36" HC="2.28" NOx="8.21" PMx="0.44" fuel="7.62" electricity="0.00" noise="117.64" route="routetop" type="cfm-fast" waiting="0.00" lane="top_0" pos="12.55" speed="4.36" angle="251.84" x="37.26" y="126.98"/>
        <vehicle id="cfm-fast_2" eclass="HBEFA3/PC_G_EU4" CO2="17718.76" CO="406.36" HC="2.28" NOx="8.21" PMx="0.44" fuel="7.62" electricity="0.00" noise="117.64" route="routetop" type="cfm-fast" waiting="0.00" lane="top_0" pos="28.39" speed="4.36" angle="223.42" x="10.28" y="106.76"/>
        <vehicle id="cfm-fast_3" eclass="HBEFA3/PC_G_EU4" CO2="17718.76" CO="406.36" HC="2.28" NOx="8.21" PMx="0.44" fuel="7.62" electricity="0.00" noise="117.64" route="routetop" type="cfm-fast" waiting="0.00" lane="top_0" pos="44.22" speed="4.36" angle="194.98" x="-3.80" y="76.13"/>
        <vehicle id="cfm-fast_4" eclass="HBEFA3/PC_G_EU4" CO2="17718.76" CO="406.36" HC="2.28" NOx="8.21" PMx="0.44" fuel="7.62" electricity="0.00" noise="117.64" route="routeleft" type="cfm-fast" waiting="0.00" lane="left_0" pos="10.05" speed="4.36" angle="166.29" x="-1.53" y="42.30"/>
        <vehicle id="cfm-fast_5" eclass="HBEFA3/PC_G_EU4" CO2="17718.76" CO="406.36" HC="2.28" NOx="8.21" PMx="0.44" fuel="7.62" electricity="0.00" noise="117.64" route="routeleft" type="cfm-fast" waiting="0.00" lane="left_0" pos="25.89" speed="4.36" angle="137.94" x="16.52" y="13.82"/>
        <vehicle id="cfm-slow_0" eclass="HBEFA3/PC_G_EU4" CO2="17718.76" CO="406.36" HC="2.28" NOx="8.21" PMx="0.44" fuel="7.62" electricity="0.00" noise="117.64" route="routebottom" type="cfm-slow" waiting="0.00" lane="bottom_0" pos="1.72" speed="4.36" angle="91.39" x="67.46" y="-4.83"/>
        <vehicle id="cfm-slow_1" eclass="HBEFA3/PC_G_EU4" CO2="17718.76" CO="406.36" HC="2.28" NOx="8.21" PMx="0.44" fuel="7.62" electricity="0.00" noise="117.64" route="routebottom" type="cfm-slow" waiting="0.00" lane="bottom_0" pos="17.55" speed="4.36" angle="62.86" x="99.63" y="5.24"/>
        <vehicle id="cfm-slow_2" eclass="HBEFA3/PC_G_EU4" CO2="17718.76" CO="406.36" HC="2.28" NOx="8.21" PMx="0.44" fuel="7.62" electricity="0.00" noise="117.64" route="routebottom" type="cfm-slow" waiting="0.00" lane="bottom_0" pos="33.39" speed="4.36" angle="34.46" x="123.12" y="29.43"/>
        <vehicle id="cfm-slow_3" eclass="HBEFA3/PC_G_EU4" CO2="17718.76" CO="406.36" HC="2.28" NOx="8.21" PMx="0.44" fuel="7.62" electricity="0.00" noise="117.64" route="routebottom" type="cfm-slow" waiting="0.00" lane="bottom_0" pos="49.22" speed="4.36" angle="5.96" x="132.24" y="61.89"/>
        <vehicle id="cfm-slow_4" eclass="HBEFA3/PC_G_EU4" CO2="17718.76" CO="406.36" HC="2.28" NOx="8.21" PMx="0.44" fuel="7.62" electricity="0.00" noise="117.64" route="routeright" type="cfm-slow" waiting="0.00" lane="right_0" pos="15.05" speed="4.36" angle="337.31" x="124.72" y="94.94"/>
        <vehicle id="cfm-slow_5" eclass="HBEFA3/PC_G_EU4" CO2="17718.76" CO="406.36" HC="2.28" NOx="8.21" PMx="0.44" fuel="7.62" electricity="0.00" noise="117.64" route="routeright" type="cfm-slow" waiting="0.00" lane="right_0" pos="30.89" speed="4.36" angle="308.93" x="102.44" y="120.25"/>
    </timestep>
    <timestep time="0.33">
        <vehicle id="cfm-fast_0" eclass="HBEFA3/PC_G_EU4" CO2="18195.26" CO="414.27" HC="2.33" NOx="8.43" PMx="0.45" fuel="7.82" electricity="0.00" noise="117.70" route="routeright" type="cfm-fast" waiting="0.00" lane="right_0" pos="46.77" speed="4.50" angle="280.41" x="70.71" y="131.90"/>
        <vehicle id="cfm-fast_1" eclass="HBEFA3/PC_G_EU4" CO2="18195.26" CO="414.27" HC="2.33" NOx="8.43" PMx="0.45" fuel="7.82" electricity="0.00" noise="117.70" route="routetop" type="cfm-fast" waiting="0.00" lane="top_0" pos="12.60" speed="4.50" angle="251.76" x="37.17" y="126.95"/>
        <vehicle id="cfm-fast_2" eclass="HBEFA3/PC_G_EU4" CO2="18195.26" CO="414.27" HC="2.33" NOx="8.43" PMx="0.45" fuel="7.82" electricity="0.00" noise="117.70" route="routetop" type="cfm-fast" waiting="0.00" lane="top_0" pos="28.43" speed="4.50" angle="223.34" x="10.22" y="106.68"/>
        <vehicle id="cfm-fast_3" eclass="HBEFA3/PC_G_EU4" CO2="18195.26" CO="414.27" HC="2.33" NOx="8.43" PMx="0.45" fuel="7.82" electricity="0.00" noise="117.70" route="routetop" type="cfm-fast" waiting="0.00" lane="top_0" pos="44.27" speed="4.50" angle="194.90" x="-3.82" y="76.03"/>
        <vehicle id="cfm-fast_4" eclass="HBEFA3/PC_G_EU4" CO2="18195.26" CO="414.27" HC="2.33" NOx="8.43" PMx="0.45" fuel="7.82" electricity="0.00" noise="117.70" route="routeleft" type="cfm-fast" waiting="0.00" lane="left_0" pos="10.10" speed="4.50" angle="166.21" x="-1.51" y="42.21"/>
        <vehicle id="cfm-fast_5" eclass="HBEFA3/PC_G_EU4" CO2="18195.26" CO="414.27" HC="2.33" NOx="8.43" PMx="0.45" fuel="7.82" electricity="0.00" noise="117.70" route="routeleft" type="cfm-fast" waiting="0.00" lane="left_0" pos="25.93" speed="4.50" angle="137.85" x="16.59" y="13.76"/>
        <vehicle id="cfm-slow_0" eclass="HBEFA3/PC_G_EU4" CO2="18195.26" CO="414.27" HC="2.33" NOx="8.43" PMx="0.45" fuel="7.82" electricity="0.00" noise="117.70" route="routebottom" type="cfm-slow" waiting="0.00" lane="bottom_0" pos="1.76" speed="4.50" angle="91.31" x="67.55" y="-4.82"/>
        <vehicle id="cfm-slow_1" eclass="HBEFA3/PC_G_EU4" CO2="18195.26" CO="414.27" HC="2.33" NOx="8.43" PMx="0.45" fuel="7.82" electricity="0.00" noise="117.70" route="routebottom" type="cfm-slow" waiting="0.00" lane="bottom_0" pos="17.60" speed="4.50" angle="62.77" x="99.71" y="5.29"/>
        <vehicle id="cfm-slow_2" eclass="HBEFA3/PC_G_EU4" CO2="18195.26" CO="414.27" HC="2.33" NOx="8.43" PMx="0.45" fuel="7.82" electricity="0.00" noise="117.70" route="routebottom" type="cfm-slow" waiting="0.00" lane="bottom_0" pos="33.43" speed="4.50" angle="34.38" x="123.17" y="29.52"/>
        <vehicle id="cfm-slow_3" eclass="HBEFA3/PC_G_EU4" CO2="18195.26" CO="414.27" HC="2.33" NOx="8.43" PMx="0.45" fuel="7.82" electricity="0.00" noise="117.70" route="routebottom" type="cfm-slow" waiting="0.00" lane="bottom_0" pos="49.27" speed="4.50" angle="5.88" x="132.24" y="61.99"/>
        <vehicle id="cfm-slow_4" eclass="HBEFA3/PC_G_EU4" CO2="18195.26" CO="414.27" HC="2.33" NOx="8.43" PMx="0.45" fuel="7.82" electricity="0.00" noise="117.70" route="routeright" type="cfm-slow" waiting="0.00" lane="right_0" pos="15.10" speed="4.50" angle="337.23" x="124.68" y="95.03"/>
        <vehicle id="cfm-slow_5" eclass="HBEFA3/PC_G_EU4" CO2="18195.26" CO="414.27" HC="2.33" NOx="8.43" PMx="0.45" fuel="7.82" electricity="0.00" noise="117.70" route="routeright" type="cfm-slow" waiting="0.00" lane="right_0" pos="30.93" speed="4.50" angle="308.85" x="102.36" y="120.31"/>
    </timestep>
    <timestep time="0.34">
        <vehicle id="cfm-fast_0" eclass="HBEFA3/PC_G_EU4" CO2="18672.06" CO="422.19" HC="2.38" NOx="8.65" PMx="0.46" fuel="8.03" electricity="0.00" noise="117.75" route="routeright" type="cfm-fast" waiting="0.00" lane="right_0" pos="46.81" speed="4.64" angle="280.33" x="70.61" y="131.91"/>
        <vehicle id="cfm-fast_1" eclass="HBEFA3/PC_G_EU4" CO2="18672.06" CO="422.19" HC="2.38" NOx="8.65" PMx="0.46" fuel="8.03" electricity="0.00" noise="117.75" route="routetop" type="cfm-fast" waiting="0.00" lane="top_0" pos="12.64" speed="4.64" angle="251.67" x="37.08" y="126.91"/>
        <vehicle id="cfm-fast_2" eclass="HBEFA3/PC_G_EU4" CO2="18672.06" CO="422.19" HC="2.38" NOx="8.65" PMx="0.46" fuel="8.03" electricity="0.00" noise="117.75" route="routetop" type="cfm-fast" waiting="0.00" lane="top_0" pos="28.48" speed="4.64" angle="223.25" x="10.16" y="106.61"/>
        <vehicle id="cfm-fast_3" eclass="HBEFA3/PC_G_EU4" CO2="18672.06" CO="422.19" HC="2.38" NOx="8.65" PMx="0.46" fuel="8.03" electricity="0.00" noise="117.75" route="routetop" type="cfm-fast" waiting="0.00" lane="top_0" pos="44.31" speed="4.64" angle="194.81" x="-3.84" y="75.93"/>
        <vehicle id="cfm-fast_4" eclass="HBEFA3/PC_G_EU4" CO2="18672.06" CO="422.19" HC="2.38" NOx="8.65" PMx="0.46" fuel="8.03" electricity="0.00" noise="117.75" route="routeleft" type="cfm-fast" waiting="0.00" lane="left_0" pos="10.14" speed="4.64" angle="166.15" x="-1.48" y="42.11"/>
        <vehicle id="cfm-fast_5" eclass="HBEFA3/PC_G_EU4" CO2="18672.06" CO="422.19" HC="2.38" NOx="8.65" PMx="0.46" fuel="8.03" electricity="0.00" noise="117.75" route="routeleft" type="cfm-fast" waiting="0.00" lane="left_0" pos="25.98" speed="4.64" angle="137.77" x="16.66" y="13.69"/>
        <vehicle id="cfm-slow_0" eclass="HBEFA3/PC_G_EU4" CO2="18672.06" CO="422.19" HC="2.38" NOx="8.65" PMx="0.46" fuel="8.03" electricity="0.00" noise="117.75" route="routebottom" type="cfm-slow" waiting="0.00" lane="bottom_0" pos="1.81" speed="4.64" angle="91.22" x="67.65" y="-4.82"/>
        <vehicle id="cfm-slow_1" eclass="HBEFA3/PC_G_EU4" CO2="18672.06" CO="422.19" HC="2.38" NOx="8.65" PMx="0.46" fuel="8.03" electricity="0.00" noise="117.75" route="routebottom" type="cfm-slow" waiting="0.00" lane="bottom_0" pos="17.64" speed="4.64" angle="62.69" x="99.80" y="5.35"/>
        <vehicle id="cfm-slow_2" eclass="HBEFA3/PC_G_EU4" CO2="18672.06" CO="422.19" HC="2.38" NOx="8.65" PMx="0.46" fuel="8.03" electricity="0.00" noise="117.75" route="routebottom" type="cfm-slow" waiting="0.00" lane="bottom_0" pos="33.48" speed="4.64" angle="34.29" x="123.22" y="29.61"/>
        <vehicle id="cfm-slow_3" eclass="HBEFA3/PC_G_EU4" CO2="18672.06" CO="422.19" HC="2.38" NOx="8.65" PMx="0.46" fuel="8.03" electricity="0.00" noise="117.75" route="routebottom" type="cfm-slow" waiting="0.00" lane="bottom_0" pos="49.31" speed="4.64" angle="5.79" x="132.24" y="62.09"/>
        <vehicle id="cfm-slow_4" eclass="HBEFA3/PC_G_EU4" CO2="18672.06" CO="422.19" HC="2.38" NOx="8.65" PMx="0.46" fuel="8.03" electricity="0.00" noise="117.75" route="routeright" type="cfm-slow" waiting="0.00" lane="right_0" pos="15.14" speed="4.64" angle="337.14" x="124.63" y="95.12"/>
        <vehicle id="cfm-slow_5" eclass="HBEFA3/PC_G_EU4" CO2="18672.06" CO="422.19" HC="2.38" NOx="8.65" PMx="0.46" fuel="8.03" electricity="0.00" noise="117.75" route="routeright" type="cfm-slow" waiting="0.00" lane="right_0" pos="30.98" speed="4.64" angle="308.77" x="102.28" y="120.36"/>
    </timestep>
    <timestep time="0.35">
        <vehicle id="cfm-fast_0" eclass="HBEFA3/PC_G_EU4" CO2="19149.15" CO="430.14" HC="2.43" NOx="8.87" PMx="0.47" fuel="8.23" electricity="0.00" noise="117.81" route="routeright" type="cfm-fast" waiting="0.00" lane="right_0" pos="46.86" speed="4.77" angle="280.24" x="70.51" y="131.93"/>
        <vehicle id="cfm-fast_1" eclass="HBEFA3/PC_G_EU4" CO2="19149.15" CO="430.14" HC="2.43" NOx="8.87" PMx="0.47" fuel="8.23" electricity="0.00" noise="117.81" route="routetop" type="cfm-fast" waiting="0.00" lane="top_0" pos="12.69" speed="4.77" angle="251.60" x="36.98" y="126.87"/>
        <vehicle id="cfm-fast_2" eclass="HBEFA3/PC_G_EU4" CO2="19149.15" CO="430.14" HC="2.43" NOx="8.87" PMx="0.47" fuel="8.23" electricity="0.00" noise="117.81" route="routetop" type="cfm-fast" waiting="0.00" lane="top_0" pos="28.53" speed="4.77" angle="223.17" x="10.10" y="106.52"/>
        <vehicle id="cfm-fast_3" eclass="HBEFA3/PC_G_EU4" CO2="19149.15" CO="430.14" HC="2.43" NOx="8.87" PMx="0.47" fuel="8.23" electricity="0.00" noise="117.81" route="routetop" type="cfm-fast" waiting="0.00" lane="top_0" pos="44.36" speed="4.77" angle="194.72" x="-3.85" y="75.83"/>
        <vehicle id="cfm-fast_4" eclass="HBEFA3/PC_G_EU4" CO2="19149.15" CO="430.14" HC="2.43" NOx="8.87" PMx="0.47" fuel="8.23" electricity="0.00" noise="117.81" route="routeleft" type="cfm-fast" waiting="0.00" lane="left_0" pos="10.19" speed="4.77" angle="166.08" x="-1.45" y="42.01"/>
        <vehicle id="cfm-fast_5" eclass="HBEFA3/PC_G_EU4" CO2="19149.15" CO="430.14" HC="2.43" NOx="8.87" PMx="0.47" fuel="8.23" electricity="0.00" noise="117.81" route="routeleft" type="cfm-fast" waiting="0.00" lane="left_0" pos="26.03" speed="4.77" angle="137.68" x="16.74" y="13.62"/>
        <vehicle id="cfm-slow_0" eclass="HBEFA3/PC_G_EU4" CO2="19149.15" CO="430.14" HC="2.43" NOx="8.87" PMx="0.47" fuel="8.23" electricity="0.00" noise="117.81" route="routebottom" type="cfm-slow" waiting="0.00" lane="bottom_0" pos="1.86" speed="4.77" angle="91.14" x="67.76" y="-4.81"/>
        <vehicle id="cfm-slow_1" eclass="HBEFA3/PC_G_EU4" CO2="19149.15" CO="430.14" HC="2.43" NOx="8.87" PMx="0.47" fuel="8.23" electricity="0.00" noise="117.81" route="routebottom" type="cfm-slow" waiting="0.00" lane="bottom_0" pos="17.69" speed="4.77" angle="62.60" x="99.89" y="5.40"/>
        <vehicle id="cfm-slow_2" eclass="HBEFA3/PC_G_EU4" CO2="19149.15" CO="430.14" HC="2.43" NOx="8.87" PMx="0.47" fuel="8.23" electricity="0.00" noise="117.81" route="routebottom" type="cfm-slow" waiting="0.00" lane="bottom_0" pos="33.53" speed="4.77" angle="34.21" x="123.27" y="29.70"/>
        <vehicle id="cfm-slow_3" eclass="HBEFA3/PC_G_EU4" CO2="19149.15" CO="430.14" HC="2.43" NOx="8.87" PMx="0.47" fuel="8.23" electricity="0.00" noise="117.81" route="routebottom" type="cfm-slow" waiting="0.00" lane="bottom_0" pos="49.36" speed="4.77" angle="5.70" x="132.24" y="62.19"/>
        <vehicle id="cfm-slow_4" eclass="HBEFA3/PC_G_EU4" CO2="19149.15" CO="430.14" HC="2.43" NOx="8.87" PMx="0.47" fuel="8.23" electricity="0.00" noise="117.81" route="routeright" type="cfm-slow" waiting="0.00" lane="right_0" pos="15.19" speed="4.77" angle="337.05" x="124.58" y="95.21"/>
        <vehicle id="cfm-slow_5" eclass="HBEFA3/PC_G_EU4" CO2="19149.15" CO="430.14" HC="2.43" NOx="8.87" PMx="0.47" fuel="8.23" electricity="0.00" noise="117.81" route="routeright" type="cfm-slow" waiting="0.00" lane="right_0" pos="31.03" speed="4.77" angle="308.68" x="102.19" y="120.42"/>
    </timestep>
    <timestep time="0.36">
        <vehicle id="cfm-fast_0" eclass="HBEFA3/PC_G_EU4" CO2="19626.53" CO="438.11" HC="2.48" NOx="9.09" PMx="0.49" fuel="8.44" electricity="0.00" noise="117.87" route="routeright" type="cfm-fast" waiting="0.00" lane="right_0" pos="46.91" speed="4.91" angle="280.15" x="70.40" y="131.94"/>
        <vehicle id="cfm-fast_1" eclass="HBEFA3/PC_G_EU4" CO2="19626.53" CO="438.11" HC="2.48" NOx="9.09" PMx="0.49" fuel="8.44" electricity="0.00" noise="117.87" route="routetop" type="cfm-fast" waiting="0.00" lane="top_0" pos="12.74" speed="4.91" angle="251.53" x="36.89" y="126.83"/>
        <vehicle id="cfm-fast_2" eclass="HBEFA3/PC_G_EU4" CO2="19626.53" CO="438.11" HC="2.48" NOx="9.09" PMx="0.49" fuel="8.44" electricity="0.00" noise="117.87" route="routetop" type="cfm-fast" waiting="0.00" lane="top_0" pos="28.57" speed="4.91" angle="223.08" x="10.03" y="106.44"/>
        <vehicle id="cfm-fast_3" eclass="HBEFA3/PC_G_EU4" CO2="19626.53" CO="438.11" HC="2.48" NOx="9.09" PMx="0.49" fuel="8.44" electricity="0.00" noise="117.87" route="routetop" type="cfm-fast" waiting="0.00" lane="top_0" pos="44.41" speed="4.91" angle="194.63" x="-3.87" y="75.73"/>
        <vehicle id="cfm-fast_4" eclass="HBEFA3/PC_G_EU4" CO2="19626.53" CO="438.11" HC="2.48" NOx="9.09" PMx="0.49" fuel="8.44" electricity="0.00" noise="117.87" route="routeleft" type="cfm-fast" waiting="0.00" lane="left_0" pos="10.24" speed="4.91" angle="166.01" x="-1.41" y="41.91"/>
        <vehicle id="cfm-fast_5" eclass="HBEFA3/PC_G_EU4" CO2="19626.53" CO="438.11" HC="2.48" NOx="9.09" PMx="0.49" fuel="8.44" electricity="0.00" noise="117.87" route="routeleft" type="cfm-fast" waiting="0.00" lane="left_0" pos="26.07" speed="4.91" angle="137.59" x="16.82" y="13.55"/>
        <vehicle id="cfm-slow_0" eclass="HBEFA3/PC_G_EU4" CO2="19626.53" CO="438.11" HC="2.48" NOx="9.09" PMx="0.49" fuel="8.44" electricity="0.00" noise="117.87" route="routebottom" type="cfm-slow" waiting="0.00" lane="bottom_0" pos="1.91" speed="4.91" angle="91.05" x="67.86" y="-4.81"/>
        <vehicle id="cfm-slow_1" eclass="HBEFA3/PC_G_EU4" CO2="19626.53" CO="438.11" HC="2.48" NOx="9.09" PMx="0.49" fuel="8.44" electricity="0.00" noise="117.87" route="routebottom" type="cfm-slow" waiting="0.00" lane="bottom_0" pos="17.74" speed="4.91" angle="62.51" x="99.98" y="5.45"/>
        <vehicle id="cfm-slow_2" eclass="HBEFA3/PC_G_EU4" CO2="19626.53" CO="438.11" HC="2.48" NOx="9.09" PMx="0.49" fuel="8.44" electricity="0.00" noise="117.87" route="routebottom" type="cfm-slow" waiting="0.00" lane="bottom_0" pos="33.57" speed="4.91" angle="34.12" x="123.32" y="29.79"/>
        <vehicle id="cfm-slow_3" eclass="HBEFA3/PC_G_EU4" CO2="19626.53" CO="438.11" HC="2.48" NOx="9.09" PMx="0.49" fuel="8.44" electricity="0.00" noise="117.87" route="routebottom" type="cfm-slow" waiting="0.00" lane="bottom_0" pos="49.41" speed="4.91" angle="5.61" x="132.25" y="62.30"/>
        <vehicle id="cfm-slow_4" eclass="HBEFA3/PC_G_EU4" CO2="19626.53" CO="438.11" HC="2.48" NOx="9.09" PMx="0.49" fuel="8.44" electricity="0.00" noise="117.87" route="routeright" type="cfm-slow" waiting="0.00" lane="right_0" pos="15.24" speed="4.91" angle="336.96" x="124.54" y="95.31"/>
        <vehicle id="cfm-slow_5" eclass="HBEFA3/PC_G_EU4" CO2="19626.53" CO="438.11" HC="2.48" NOx="9.09" PMx="0.49" fuel="8.44" electricity="0.00" noise="117.87" route="routeright" type="cfm-slow" waiting="0.00" lane="right_0" pos="31.07" speed="4.91" angle="308.59" x="102.11" y="120.48"/>
    </timestep>
    <timestep time="0.37">
        <vehicle id="cfm-fast_0" eclass="HBEFA3/PC_G_EU4" CO2="20104.21" CO="446.10" HC="2.52" NOx="9.31" PMx="0.50" fuel="8.64" electricity="0.00" noise="117.92" route="routeright" type="cfm-fast" waiting="0.00" lane="right_0" pos="46.96" speed="5.05" angle="280.06" x="70.29" y="131.95"/>
        <vehicle id="cfm-fast_1" eclass="HBEFA3/PC_G_EU4" CO2="20104.21" CO="446.10" HC="2.52" NOx="9.31" PMx="0.50" fuel="8.64" electricity="0.00" noise="117.92" route="routetop" type="cfm-fast" waiting="0.00" lane="top_0" pos="12.79" speed="5.05" angle="251.46" x="36.79" y="126.79"/>
        <vehicle id="cfm-fast_2" eclass="HBEFA3/PC_G_EU4" CO2="20104.21" CO="446.10" HC="2.52" NOx="9.31" PMx="0.50" fuel="8.64" electricity="0.00" noise="117.92" route="routetop" type="cfm-fast" waiting="0.00" lane="top_0" pos="28.63" speed="5.05" angle="222.98" x="9.97" y="106.36"/>
        <vehicle id="cfm-fast_3" eclass="HBEFA3/PC_G_EU4" CO2="20104.21" CO="446.10" HC="2.52" NOx="9.31" PMx="0.50" fuel="8.64" electricity="0.00" noise="117.92" route="routetop" type="cfm-fast" waiting="0.00" lane="top_0" pos="44.46" speed="5.05" angle="194.54" x="-3.89" y="75.62"/>
        <vehicle id="cfm-fast_4" eclass="HBEFA3/PC_G_EU4" CO2="20104.21" CO="446.10" HC="2.52" NOx="9.31" PMx="0.50" fuel="8.64" electricity="0.00" noise="117.92" route="routeleft" type="cfm-fast" waiting="0.00" lane="left_0" pos="10.29" speed="5.05" angle="165.92" x="-1.38" y="41.81"/>
        <vehicle id="cfm-fast_5" eclass="HBEFA3/PC_G_EU4" CO2="20104.21" CO="446.10" HC="2.52" NOx="9.31" PMx="0.50" fuel="8.64" electricity="0.00" noise="117.92" route="routeleft" type="cfm-fast" waiting="0.00" lane="left_0" pos="26.13" speed="5.05" angle="137.49" x="16.90" y="13.47"/>
        <vehicle id="cfm-slow_0" eclass="HBEFA3/PC_G_EU4" CO2="20104.21" CO="446.10" HC="2.52" NOx="9.31" PMx="0.50" fuel="8.64" electricity="0.00" noise="117.92" route="routebottom" type="cfm-slow" waiting="0.00" lane="bottom_0" pos="1.96" speed="5.05" angle="90.96" x="67.97" y="-4.80"/>
        <vehicle id="cfm-slow_1" eclass="HBEFA3/PC_G_EU4" CO2="20104.21" CO="446.10" HC="2.52" NOx="9.31" PMx="0.50" fuel="8.64" electricity="0.00" noise="117.92" route="routebottom" type="cfm-slow" waiting="0.00" lane="bottom_0" pos="17.79" speed="5.05" angle="62.42" x="100.07" y="5.51"/>
        <vehicle id="cfm-slow_2" eclass="HBEFA3/PC_G_EU4" CO2="20104.21" CO="446.10" HC="2.52" NOx="9.31" PMx="0.50" fuel="8.64" electricity="0.00" noise="117.92" route="routebottom" type="cfm-slow" waiting="0.00" lane="bottom_0" pos="33.63" speed="5.05" angle="34.02" x="123.37" y="29.88"/>
        <vehicle id="cfm-slow_3" eclass="HBEFA3/PC_G_EU4" CO2="20104.21" CO="446.10" HC="2.52" NOx="9.31" PMx="0.50" fuel="8.64" electricity="0.00" noise="117.92" route="routebottom" type="cfm-slow" waiting="0.00" lane="bottom_0" pos="49.46" speed="5.05" angle="5.52" x="132.25" y="62.41"/>
        <vehicle id="cfm-slow_4" eclass="HBEFA3/PC_G_EU4" CO2="20104.21" CO="446.10" HC="2.52" NOx="9.31" PMx="0.50" fuel="8.64" electricity="0.00" noise="117.92" route="routeright" type="cfm-slow" waiting="0.00" lane="right_0" pos="15.29" speed="5.05" angle="336.89" x="124.49" y="95.40"/>
        <vehicle id="cfm-slow_5" eclass="HBEFA3/PC_G_EU4" CO2="20104.21" CO="446.10" HC="2.52" NOx="9.31" PMx="0.50" fuel="8.64" electricity="0.00" noise="117.92" route="routeright" type="cfm-slow" waiting="0.00" lane="right_0" pos="31.13" speed="5.05" angle="308.50" x="102.02" y="120.54"/>
    </timestep>
    <timestep time="0.38">
        <vehicle id="cfm-fast_0" eclass="HBEFA3/PC_G_EU4" CO2="20582.17" CO="454.12" HC="2.57" NOx="9.54" PMx="0.51" fuel="8.85" electricity="0.00" noise="117.98" route="routeright" type="cfm-fast" waiting="0.00" lane="right_0" pos="47.01" speed="5.18" angle="279.96" x="70.18" y="131.96"/>
        <vehicle id="cfm-fast_1" eclass="HBEFA3/PC_G_EU4" CO2="20582.17" CO="454.12" HC="2.57" NOx="9.54" PMx="0.51" fuel="8.85" electricity="0.00" noise="117.98" route="routetop" type="cfm-fast" waiting="0.00" lane="top_0" pos="12.84" speed="5.18" angle="251.37" x="36.68" y="126.75"/>
        <vehicle id="cfm-fast_2" eclass="HBEFA3/PC_G_EU4" CO2="20582.17" CO="454.12" HC="2.57" NOx="9.54" PMx="0.51" fuel="8.85" electricity="0.00" noise="117.98" route="routetop" type="cfm-fast" waiting="0.00" lane="top_0" pos="28.68" speed="5.18" angle="222.89" x="9.90" y="106.27"/>
        <vehicle id="cfm-fast_3" eclass="HBEFA3/PC_G_EU4" CO2="20582.17" CO="454.12" HC="2.57" NOx="9.54" PMx="0.51" fuel="8.85" electricity="0.00" noise="117.98" route="routetop" type="cfm-fast" waiting="0.00" lane="top_0" pos="44.51" speed="5.18" angle="194.44" x="-3.91" y="75.51"/>
        <vehicle id="cfm-fast_4" eclass="HBEFA3/PC_G_EU4" CO2="20582.17" CO="454.12" HC="2.57" NOx="9.54" PMx="0.51" fuel="8.85" electricity="0.00" noise="117.98" route="routeleft" type="cfm-fast" waiting="0.00" lane="left_0" pos="10.34" speed="5.18" angle="165.82" x="-1.34" y="41.71"/>
        <vehicle id="cfm-fast_5" eclass="HBEFA3/PC_G_EU4" CO2="20582.17" CO="454.12" HC="2.57" NOx="9.54" PMx="0.51" fuel="8.85" electricity="0.00" noise="117.98" route="routeleft" type="cfm-fast" waiting="0.00" lane="left_0" pos="26.18" speed="5.18" angle="137.40" x="16.98" y="13.40"/>
        <vehicle id="cfm-slow_0" eclass="HBEFA3/PC_G_EU4" CO2="20582.17" CO="454.12" HC="2.57" NOx="9.54" PMx="0.51" fuel="8.85" electricity="0.00" noise="117.98" route="routebottom" type="cfm-slow" waiting="0.00" lane="bottom_0" pos="2.01" speed="5.18" angle="90.87" x="68.08" y="-4.79"/>
        <vehicle id="cfm-slow_1" eclass="HBEFA3/PC_G_EU4" CO2="20582.17" CO="454.12" HC="2.57" NOx="9.54" PMx="0.51" fuel="8.85" electricity="0.00" noise="117.98" route="routebottom" type="cfm-slow" waiting="0.00" lane="bottom_0" pos="17.84" speed="5.18" angle="62.35" x="100.17" y="5.57"/>
        <vehicle id="cfm-slow_2" eclass="HBEFA3/PC_G_EU4" CO2="20582.17" CO="454.12" HC="2.57" NOx="9.54" PMx="0.51" fuel="8.85" electricity="0.00" noise="117.98" route="routebottom" type="cfm-slow" waiting="0.00" lane="bottom_0" pos="33.68" speed="5.18" angle="33.93" x="123.42" y="29.98"/>
        <vehicle id="cfm-slow_3" eclass="HBEFA3/PC_G_EU4" CO2="20582.17" CO="454.12" HC="2.57" NOx="9.54" PMx="0.51" fuel="8.85" electricity="0.00" noise="117.98" route="routebottom" type="cfm-slow" waiting="0.00" lane="bottom_0" pos="49.51" speed="5.18" angle="5.42" x="132.25" y="62.52"/>
        <vehicle id="cfm-slow_4" eclass="HBEFA3/PC_G_EU4" CO2="20582.17" CO="454.12" HC="2.57" NOx="9.54" PMx="0.51" fuel="8.85" electricity="0.00" noise="117.98" route="routeright" type="cfm-slow" waiting="0.00" lane="right_0" pos="15.34" speed="5.18" angle="336.82" x="124.44" y="95.50"/>
        <vehicle id="cfm-slow_5" eclass="HBEFA3/PC_G_EU4" CO2="20582.17" CO="454.12" HC="2.57" NOx="9.54" PMx="0.51" fuel="8.85" electricity="0.00" noise="117.98" route="routeright" type="cfm-slow" waiting="0.00" lane="right_0" pos="31.18" speed="5.18" angle="308.41" x="101.92" y="120.60"/>
    </timestep>
    <timestep time="0.39">
        <vehicle id="cfm-fast_0" eclass="HBEFA3/PC_G_EU4" CO2="21060.43" CO="462.15" HC="2.62" NOx="9.76" PMx="0.52" fuel="9.05" electricity="0.00" noise="118.03" route="routeright" type="cfm-fast" waiting="0.00" lane="right_0" pos="47.06" speed="5.32" angle="279.86" x="70.07" y="131.97"/>
        <vehicle id="cfm-fast_1" eclass="HBEFA3/PC_G_EU4" CO2="21060.43" CO="462.15" HC="2.62" NOx="9.76" PMx="0.52" fuel="9.05" electricity="0.00" noise="118.03" route="routetop" type="cfm-fast" waiting="0.00" lane="top_0" pos="12.90" speed="5.32" angle="251.27" x="36.58" y="126.70"/>
        <vehicle id="cfm-fast_2" eclass="HBEFA3/PC_G_EU4" CO2="21060.43" CO="462.15" HC="2.62" NOx="9.76" PMx="0.52" fuel="9.05" electricity="0.00" noise="118.03" route="routetop" type="cfm-fast" waiting="0.00" lane="top_0" pos="28.73" speed="5.32" angle="222.79" x="9.83" y="106.18"/>
        <vehicle id="cfm-fast_3" eclass="HBEFA3/PC_G_EU4" CO2="21060.43" CO="462.15" HC="2.62" NOx="9.76" PMx="0.52" fuel="9.05" electricity="0.00" noise="118.03" route="routetop" type="cfm-fast" waiting="0.00" lane="top_0" pos="44.56" speed="5.32" angle="194.34" x="-3.93" y="75.40"/>
        <vehicle id="cfm-fast_4" eclass="HBEFA3/PC_G_EU4" CO2="21060.43" CO="462.15" HC="2.62" NOx="9.76" PMx="0.52" fuel="9.05" electricity="0.00" noise="118.03" route="routeleft" type="cfm-fast" waiting="0.00" lane="left_0" pos="10.40" speed="5.32" angle="165.73" x="-1.30" y="41.60"/>
        <vehicle id="cfm-fast_5" eclass="HBEFA3/PC_G_EU4" CO2="21060.43" CO="462.15" HC="2.62" NOx="9.76" PMx="0.52" fuel="9.05" electricity="0.00" noise="118.03" route="routeleft" type="cfm-fast" waiting="0.00" lane="left_0" pos="26.23" speed="5.32" angle="137.30" x="17.06" y="13.32"/>
        <vehicle id="cfm-slow_0" eclass="HBEFA3/PC_G_EU4" CO2="21060.43" CO="462.15" HC="2.62" NOx="9.76" PMx="0.52" fuel="9.05" electricity="0.00" noise="118.03" route="routebottom" type="cfm-slow" waiting="0.00" lane="bottom_0" pos="2.06" speed="5.32" angle="90.77" x="68.20" y="-4.79"/>
        <vehicle id="cfm-slow_1" eclass="HBEFA3/PC_G_EU4" CO2="21060.43" CO="462.15" HC="2.62" NOx="9.76" PMx="0.52" fuel="9.05" electricity="0.00" noise="118.03" route="routebottom" type="cfm-slow" waiting="0.00" lane="bottom_0" pos="17.90" speed="5.32" angle="62.28" x="100.27" y="5.63"/>
        <vehicle id="cfm-slow_2" eclass="HBEFA3/PC_G_EU4" CO2="21060.43" CO="462.15" HC="2.62" NOx="9.76" PMx="0.52" fuel="9.05" electricity="0.00" noise="118.03" route="routebottom" type="cfm-slow" waiting="0.00" lane="bottom_0" pos="33.73" speed="5.32" angle="33.83" x="123.48" y="30.08"/>
        <vehicle id="cfm-slow_3" eclass="HBEFA3/PC_G_EU4" CO2="21060.43" CO="462.15" HC="2.62" NOx="9.76" PMx="0.52" fuel="9.05" electricity="0.00" noise="118.03" route="routebottom" type="cfm-slow" waiting="0.00" lane="bottom_0" pos="49.56" speed="5.32" angle="5.32" x="132.25" y="62.63"/>
        <vehicle id="cfm-slow_4" eclass="HBEFA3/PC_G_EU4" CO2="21060.43" CO="462.15" HC="2.62" NOx="9.76" PMx="0.52" fuel="9.05" electricity="0.00" noise="118.03" route="routeright" type="cfm-slow" waiting="0.00" lane="right_0" pos="15.40" speed="5.32" angle="336.74" x="124.39" y="95.60"/>
        <vehicle id="cfm-slow_5" eclass="HBEFA3/PC_G_EU4" CO2="21060.43" CO="462.15" HC="2.62" NOx="9.76" PMx="0.52" fuel="9.05" electricity="0.00" noise="118.03" route="routeright" type="cfm-slow" waiting="0.00" lane="right_0" pos="31.23" speed="5.32" angle="308.31" x="101.83" y="120.66"/>
    </timestep>
    <timestep time="0.40">
        <vehicle id="cfm-fast_0" eclass="HBEFA3/PC_G_EU4" CO2="21538.98" CO="470.21" HC="2.67" NOx="9.98" PMx="0.53" fuel="9.26" electricity="0.00" noise="118.09" route="routeright" type="cfm-fast" waiting="0.00" lane="right_0" pos="47.12" speed="5.45" angle="279.76" x="69.95" y="131.98"/>
        <vehicle id="cfm-fast_1" eclass="HBEFA3/PC_G_EU4" CO2="21538.98" CO="470.21" HC="2.67" NOx="9.98" PMx="0.53" fuel="9.26" electricity="0.00" noise="118.09" route="routetop" type="cfm-fast" waiting="0.00" lane="top_0" pos="12.95" speed="5.45" angle="251.17" x="36.47" y="126.65"/>
        <vehicle id="cfm-fast_2" eclass="HBEFA3/PC_G_EU4" CO2="21538.98" CO="470.21" HC="2.67" NOx="9.98" PMx="0.53" fuel="9.26" electricity="0.00" noise="118.09" route="routetop" type="cfm-fast" waiting="0.00" lane="top_0" pos="28.78" speed="5.45" angle="222.69" x="9.75" y="106.09"/>
        <vehicle id="cfm-fast_3" eclass="HBEFA3/PC_G_EU4" CO2="21538.98" CO="470.21" HC="2.67" NOx="9.98" PMx="0.53" fuel="9.26" electricity="0.00" noise="118.09" route="routetop" type="cfm-fast" waiting="0.00" lane="top_0" pos="44.62" speed="5.45" angle="194.24" x="-3.96" y="75.28"/>
        <vehicle id="cfm-fast_4" eclass="HBEFA3/PC_G_EU4" CO2="21538.98" CO="470.21" HC="2.67" NOx="9.98" PMx="0.53" fuel="9.26" electricity="0.00" noise="118.09" route="routeleft" type="cfm-fast" waiting="0.00" lane="left_0" pos="10.45" speed="5.45" angle="165.62" x="-1.26" y="41.49"/>
        <vehicle id="cfm-fast_5" eclass="HBEFA3/PC_G_EU4" CO2="21538.98" CO="470.21" HC="2.67" NOx="9.98" PMx="0.53" fuel="9.26" electricity="0.00" noise="118.09" route="routeleft" type="cfm-fast" waiting="0.00" lane="left_0" pos="26.28" speed="5.45" angle="137.20" x="17.15" y="13.24"/>
        <vehicle id="cfm-slow_0" eclass="HBEFA3/PC_G_EU4" CO2="21538.98" CO="470.21" HC="2.67" NOx="9.98" PMx="0.53" fuel="9.26" electricity="0.00" noise="118.09" route="routebottom" type="cfm-slow" waiting="0.00" lane="bottom_0" pos="2.12" speed="5.45" angle="90.67" x="68.31" y="-4.78"/>
        <vehicle id="cfm-slow_1" eclass="HBEFA3/PC_G_EU4" CO2="21538.98" CO="470.21" HC="2.67" NOx="9.98" PMx="0.53" fuel="9.26" electricity="0.00" noise="118.09" route="routebottom" type="cfm-slow" waiting="0.00" lane="bottom_0" pos="17.95" speed="5.45" angle="62.20" x="100.37" y="5.69"/>
        <vehicle id="cfm-slow_2" eclass="HBEFA3/PC_G_EU4" CO2="21538.98" CO="470.21" HC="2.67" NOx="9.98" PMx="0.53" fuel="9.26" electricity="0.00" noise="118.09" route="routebottom" type="cfm-slow" waiting="0.00" lane="bottom_0" pos="33.78" speed="5.45" angle="33.73" x="123.53" y="30.18"/>
        <vehicle id="cfm-slow_3" eclass="HBEFA3/PC_G_EU4" CO2="21538.98" CO="470.21" HC="2.67" NOx="9.98" PMx="0.53" fuel="9.26" electricity="0.00" noise="118.09" route="routebottom" type="cfm-slow" waiting="0.00" lane="bottom_0" pos="49.62" speed="5.45" angle="5.22" x="132.25" y="62.75"/>
        <vehicle id="cfm-slow_4" eclass="HBEFA3/PC_G_EU4" CO2="21538.98" CO="470.21" HC="2.67" NOx="9.98" PMx="0.53" fuel="9.26" electricity="0.00" noise="118.09" route="routeright" type="cfm-slow" waiting="0.00" lane="right_0" pos="15.45" speed="5.45" angle="336.64" x="124.33" y="95.71"/>
        <vehicle id="cfm-slow_5" eclass="HBEFA3/PC_G_EU4" CO2="21538.98" CO="470.21" HC="2.67" NOx="9.98" PMx="0.53" fuel="9.26" electricity="0.00" noise="118.09" route="routeright" type="cfm-slow" waiting="0.00" lane="right_0" pos="31.28" speed="5.45" angle="308.22" x="101.73" y="120.73"/>
    </timestep>
    <timestep time="0.41">
        <vehicle id="cfm-fast_0" eclass="HBEFA3/PC_G_EU4" CO2="22017.82" CO="478.28" HC="2.72" NOx="10.20" PMx="0.55" fuel="9.46" electricity="0.00" noise="118.15" route="routeright" type="cfm-fast" waiting="0.00" lane="right_0" pos="47.17" speed="5.59" angle="279.66" x="69.83" y="131.99"/>
        <vehicle id="cfm-fast_1" eclass="HBEFA3/PC_G_EU4" CO2="22017.82" CO="478.28" HC="2.72" NOx="10.20" PMx="0.55" fuel="9.46" electricity="0.00" noise="118.15" route="routetop" type="cfm-fast" waiting="0.00" lane="top_0" pos="13.01" speed="5.59" angle="251.07" x="36.36" y="126.60"/>
        <vehicle id="cfm-fast_2" eclass="HBEFA3/PC_G_EU4" CO2="22017.82" CO="478.28" HC="2.72" NOx="10.20" PMx="0.55" fuel="9.46" electricity="0.00" noise="118.15" route="routetop" type="cfm-fast" waiting="0.00" lane="top_0" pos="28.84" speed="5.59" angle="222.59" x="9.68" y="105.99"/>
        <vehicle id="cfm-fast_3" eclass="HBEFA3/PC_G_EU4" CO2="22017.82" CO="478.28" HC="2.72" NOx="10.20" PMx="0.55" fuel="9.46" electricity="0.00" noise="118.15" route="routetop" type="cfm-fast" waiting="0.00" lane="top_0" pos="44.67" speed="5.59" angle="194.13" x="-3.98" y="75.16"/>
        <vehicle id="cfm-fast_4" eclass="HBEFA3/PC_G_EU4" CO2="22017.82" CO="478.28" HC="2.72" NOx="10.20" PMx="0.55" fuel="9.46" electricity="0.00" noise="118.15" route="routeleft" type="cfm-fast" waiting="0.00" lane="left_0" pos="10.51" speed="5.59" angle="165.52" x="-1.22" y="41.37"/>
        <vehicle id="cfm-fast_5" eclass="HBEFA3/PC_G_EU4" CO2="22017.82" CO="478.28" HC="2.72" NOx="10.20" PMx="0.55" fuel="9.46" electricity="0.00" noise="118.15" route="routeleft" type="cfm-fast" waiting="0.00" lane="left_0" pos="26.34" speed="5.59" angle="137.09" x="17.24" y="13.16"/>
        <vehicle id="cfm-slow_0" eclass="HBEFA3/PC_G_EU4" CO2="22017.82" CO="478.28" HC="2.72" NOx="10.20" PMx="0.55" fuel="9.46" electricity="0.00" noise="118.15" route="routebottom" type="cfm-slow" waiting="0.00" lane="bottom_0" pos="2.17" speed="5.59" angle="90.57" x="68.43" y="-4.77"/>
        <vehicle id="cfm-slow_1" eclass="HBEFA3/PC_G_EU4" CO2="22017.82" CO="478.28" HC="2.72" NOx="10.20" PMx="0.55" fuel="9.46" electricity="0.00" noise="118.15" route="routebottom" type="cfm-slow" waiting="0.00" lane="bottom_0" pos="18.01" speed="5.59" angle="62.09" x="100.47" y="5.75"/>
        <vehicle id="cfm-slow_2" eclass="HBEFA3/PC_G_EU4" CO2="22017.82" CO="478.28" HC="2.72" NOx="10.20" PMx="0.55" fuel="9.46" electricity="0.00" noise="118.15" route="routebottom" type="cfm-slow" waiting="0.00" lane="bottom_0" pos="33.84" speed="5.59" angle="33.63" x="123.59" y="30.29"/>
        <vehicle id="cfm-slow_3" eclass="HBEFA3/PC_G_EU4" CO2="22017.82" CO="478.28" HC="2.72" NOx="10.20" PMx="0.55" fuel="9.46" electricity="0.00" noise="118.15" route="routebottom" type="cfm-slow" waiting="0.00" lane="bottom_0" pos="49.67" speed="5.59" angle="5.11" x="132.26" y="62.87"/>
        <vehicle id="cfm-slow_4" eclass="HBEFA3/PC_G_EU4" CO2="22017.82" CO="478.28" HC="2.72" NOx="10.20" PMx="0.55" fuel="9.46" electricity="0.00" noise="118.15" route="routeright" type="cfm-slow" waiting="0.00" lane="right_0" pos="15.51" speed="5.59" angle="336.54" x="124.27" y="95.81"/>
        <vehicle id="cfm-slow_5" eclass="HBEFA3/PC_G_EU4" CO2="22017.82" CO="478.28" HC="2.72" NOx="10.20" PMx="0.55" fuel="9.46" electricity="0.00" noise="118.15" route="routeright" type="cfm-slow" waiting="0.00" lane="right_0" pos="31.34" speed="5.59" angle="308.11" x="101.63" y="120.80"/>
    </timestep>
    <timestep time="0.42">
        <vehicle id="cfm-fast_0" eclass="HBEFA3/PC_G_EU4" CO2="22496.95" CO="486.38" HC="2.77" NOx="10.43" PMx="0.56" fuel="9.67" electricity="0.00" noise="118.20" route="routeright" type="cfm-fast" waiting="0.00" lane="right_0" pos="47.23" speed="5.73" angle="279.56" x="69.71" y="132.01"/>
        <vehicle id="cfm-fast_1" eclass="HBEFA3/PC_G_EU4" CO2="22496.95" CO="486.38" HC="2.77" NOx="10.43" PMx="0.56" fuel="9.67" electricity="0.00" noise="118.20" route="routetop" type="cfm-fast" waiting="0.00" lane="top_0" pos="13.06" speed="5.73" angle="250.96" x="36.25" y="126.55"/>
        <vehicle id="cfm-fast_2" eclass="HBEFA3/PC_G_EU4" CO2="22496.95" CO="486.38" HC="2.77" NOx="10.43" PMx="0.56" fuel="9.67" electricity="0.00" noise="118.20" route="routetop" type="cfm-fast" waiting="0.00" lane="top_0" pos="28.90" speed="5.73" angle="222.49" x="9.60" y="105.89"/>
        <vehicle id="cfm-fast_3" eclass="HBEFA3/PC_G_EU4" CO2="22496.95" CO="486.38" HC="2.77" NOx="10.43" PMx="0.56" fuel="9.67" electricity="0.00" noise="118.20" route="routetop" type="cfm-fast" waiting="0.00" lane="top_0" pos="44.73" speed="5.73" angle="194.03" x="-4.00" y="75.04"/>
        <vehicle id="cfm-fast_4" eclass="HBEFA3/PC_G_EU4" CO2="22496.95" CO="486.38" HC="2.77" NOx="10.43" PMx="0.56" fuel="9.67" electricity="0.00" noise="118.20" route="routeleft" type="cfm-fast" waiting="0.00" lane="left_0" pos="10.56" speed="5.73" angle="165.42" x="-1.18" y="41.26"/>
        <vehicle id="cfm-fast_5" eclass="HBEFA3/PC_G_EU4" CO2="22496.95" CO="486.38" HC="2.77" NOx="10.43" PMx="0.56" fuel="9.67" electricity="0.00" noise="118.20" route="routeleft" type="cfm-fast" waiting="0.00" lane="left_0" pos="26.40" speed="5.73" angle="136.99" x="17.33" y="13.08"/>
        <vehicle id="cfm-slow_0" eclass="HBEFA3/PC_G_EU4" CO2="22496.95" CO="486.38" HC="2.77" NOx="10.43" PMx="0.56" fuel="9.67" electricity="0.00" noise="118.20" route="routebottom" type="cfm-slow" waiting="0.00" lane="bottom_0" pos="2.23" speed="5.73" angle="90.47" x="68.56" y="-4.77"/>
        <vehicle id="cfm-slow_1" eclass="HBEFA3/PC_G_EU4" CO2="22496.95" CO="486.38" HC="2.77" NOx="10.43" PMx="0.56" fuel="9.67" electricity="0.00" noise="118.20" route="routebottom" type="cfm-slow" waiting="0.00" lane="bottom_0" pos="18.06" speed="5.73" angle="61.98" x="100.57" y="5.82"/>
        <vehicle id="cfm-slow_2" eclass="HBEFA3/PC_G_EU4" CO2="22496.95" CO="486.38" HC="2.77" NOx="10.43" PMx="0.56" fuel="9.67" electricity="0.00" noise="118.20" route="routebottom" type="cfm-slow" waiting="0.00" lane="bottom_0" pos="33.90" speed="5.73" angle="33.52" x="123.65" y="30.40"/>
        <vehicle id="cfm-slow_3" eclass="HBEFA3/PC_G_EU4" CO2="22496.95" CO="486.38" HC="2.77" NOx="10.43" PMx="0.56" fuel="9.67" electricity="0.00" noise="118.20" route="routebottom" type="cfm-slow" waiting="0.00" lane="bottom_0" pos="49.73" speed="5.73" angle="5.01" x="132.26" y="62.99"/>
        <vehicle id="cfm-slow_4" eclass="HBEFA3/PC_G_EU4" CO2="22496.95" CO="486.38" HC="2.77" NOx="10.43" PMx="0.56" fuel="9.67" electricity="0.00" noise="118.20" route="routeright" type="cfm-slow" waiting="0.00" lane="right_0" pos="15.56" speed="5.73" angle="336.43" x="124.21" y="95.92"/>
        <vehicle id="cfm-slow_5" eclass="HBEFA3/PC_G_EU4" CO2="22496.95" CO="486.38" HC="2.77" NOx="10.43" PMx="0.56" fuel="9.67" electricity="0.00" noise="118.20" route="routeright" type="cfm-slow" waiting="0.00" lane="right_0" pos="31.40" speed="5.73" angle="308.01" x="101.53" y="120.86"/>
    </timestep>
    <timestep time="0.43">
        <vehicle id="cfm-fast_0" eclass="HBEFA3/PC_G_EU4" CO2="22976.38" CO="494.50" HC="2.82" NOx="10.65" PMx="0.57" fuel="9.88" electricity="0.00" noise="118.26" route="routeright" type="cfm-fast" waiting="0.00" lane="right_0" pos="47.29" speed="5.86" angle="279.45" x="69.58" y="132.02"/>
        <vehicle id="cfm-fast_1" eclass="HBEFA3/PC_G_EU4" CO2="22976.38" CO="494.50" HC="2.82" NOx="10.65" PMx="0.57" fuel="9.88" electricity="0.00" noise="118.26" route="routetop" type="cfm-fast" waiting="0.00" lane="top_0" pos="13.12" speed="5.86" angle="250.86" x="36.13" y="126.50"/>
        <vehicle id="cfm-fast_2" eclass="HBEFA3/PC_G_EU4" CO2="22976.38" CO="494.50" HC="2.82" NOx="10.65" PMx="0.57" fuel="9.88" electricity="0.00" noise="118.26" route="routetop" type="cfm-fast" waiting="0.00" lane="top_0" pos="28.96" speed="5.86" angle="222.38" x="9.53" y="105.79"/>
        <vehicle id="cfm-fast_3" eclass="HBEFA3/PC_G_EU4" CO2="22976.38" CO="494.50" HC="2.82" NOx="10.65" PMx="0.57" fuel="9.88" electricity="0.00" noise="118.26" route="routetop" type="cfm-fast" waiting="0.00" lane="top_0" pos="44.79" speed="5.86" angle="193.93" x="-4.02" y="74.92"/>
        <vehicle id="cfm-fast_4" eclass="HBEFA3/PC_G_EU4" CO2="22976.38" CO="494.50" HC="2.82" NOx="10.65" PMx="0.57" fuel="9.88" electricity="0.00" noise="118.26" route="routeleft" type="cfm-fast" waiting="0.00" lane="left_0" pos="10.62" speed="5.86" angle="165.31" x="-1.14" y="41.14"/>
        <vehicle id="cfm-fast_5" eclass="HBEFA3/PC_G_EU4" CO2="22976.38" CO="494.50" HC="2.82" NOx="10.65" PMx="0.57" fuel="9.88" electricity="0.00" noise="118.26" route="routeleft" type="cfm-fast" waiting="0.00" lane="left_0" pos="26.46" speed="5.86" angle="136.88" x="17.42" y="12.99"/>
        <vehicle id="cfm-slow_0" eclass="HBEFA3/PC_G_EU4" CO2="22976.38" CO="494.50" HC="2.82" NOx="10.65" PMx="0.57" fuel="9.88" electricity="0.00" noise="118.26" route="routebottom" type="cfm-slow" waiting="0.00" lane="bottom_0" pos="2.29" speed="5.86" angle="90.37" x="68.68" y="-4.76"/>
        <vehicle id="cfm-slow_1" eclass="HBEFA3/PC_G_EU4" CO2="22976.38" CO="494.50" HC="2.82" NOx="10.65" PMx="0.57" fuel="9.88" electricity="0.00" noise="118.26" route="routebottom" type="cfm-slow" waiting="0.00" lane="bottom_0" pos="18.12" speed="5.86" angle="61.87" x="100.67" y="5.89"/>
        <vehicle id="cfm-slow_2" eclass="HBEFA3/PC_G_EU4" CO2="22976.38" CO="494.50" HC="2.82" NOx="10.65" PMx="0.57" fuel="9.88" electricity="0.00" noise="118.26" route="routebottom" type="cfm-slow" waiting="0.00" lane="bottom_0" pos="33.96" speed="5.86" angle="33.41" x="123.71" y="30.51"/>
        <vehicle id="cfm-slow_3" eclass="HBEFA3/PC_G_EU4" CO2="22976.38" CO="494.50" HC="2.82" NOx="10.65" PMx="0.57" fuel="9.88" electricity="0.00" noise="118.26" route="routebottom" type="cfm-slow" waiting="0.00" lane="bottom_0" pos="49.79" speed="5.86" angle="4.90" x="132.26" y="63.12"/>
        <vehicle id="cfm-slow_4" eclass="HBEFA3/PC_G_EU4" CO2="22976.38" CO="494.50" HC="2.82" NOx="10.65" PMx="0.57" fuel="9.88" electricity="0.00" noise="118.26" route="routeright" type="cfm-slow" waiting="0.00" lane="right_0" pos="15.62" speed="5.86" angle="336.33" x="124.15" y="96.03"/>
        <vehicle id="cfm-slow_5" eclass="HBEFA3/PC_G_EU4" CO2="22976.38" CO="494.50" HC="2.82" NOx="10.65" PMx="0.57" fuel="9.88" electricity="0.00" noise="118.26" route="routeright" type="cfm-slow" waiting="0.00" lane="right_0" pos="31.46" speed="5.86" angle="307.91" x="101.42" y="120.93"/>
    </timestep>
    <timestep time="0.44">
        <vehicle id="cfm-fast_0" eclass="HBEFA3/PC_G_EU4" CO2="23456.09" CO="502.65" HC="2.87" NOx="10.87" PMx="0.58" fuel="10.08" electricity="0.00" noise="118.32" route="routeright" type="cfm-fast" waiting="0.00" lane="right_0" pos="47.35" speed="6.00" angle="279.35" x="69.45" y="132.03"/>
        <vehicle id="cfm-fast_1" eclass="HBEFA3/PC_G_EU4" CO2="23456.09" CO="502.65" HC="2.87" NOx="10.87" PMx="0.58" fuel="10.08" electricity="0.00" noise="118.32" route="routetop" type="cfm-fast" waiting="0.00" lane="top_0" pos="13.18" speed="6.00" angle="250.75" x="36.02" y="126.45"/>
        <vehicle id="cfm-fast_2" eclass="HBEFA3/PC_G_EU4" CO2="23456.09" CO="502.65" HC="2.87" NOx="10.87" PMx="0.58" fuel="10.08" electricity="0.00" noise="118.32" route="routetop" type="cfm-fast" waiting="0.00" lane="top_0" pos="29.02" speed="6.00" angle="222.27" x="9.45" y="105.69"/>
        <vehicle id="cfm-fast_3" eclass="HBEFA3/PC_G_EU4" CO2="23456.09" CO="502.65" HC="2.87" NOx="10.87" PMx="0.58" fuel="10.08" electricity="0.00" noise="118.32" route="routetop" type="cfm-fast" waiting="0.00" lane="top_0" pos="44.85" speed="6.00" angle="193.85" x="-4.05" y="74.79"/>
        <vehicle id="cfm-fast_4" eclass="HBEFA3/PC_G_EU4" CO2="23456.09" CO="502.65" HC="2.87" NOx="10.87" PMx="0.58" fuel="10.08" electricity="0.00" noise="118.32" route="routeleft" type="cfm-fast" waiting="0.00" lane="left_0" pos="10.68" speed="6.00" angle="165.20" x="-1.09" y="41.02"/>
        <vehicle id="cfm-fast_5" eclass="HBEFA3/PC_G_EU4" CO2="23456.09" CO="502.65" HC="2.87" NOx="10.87" PMx="0.58" fuel="10.08" electricity="0.00" noise="118.32" route="routeleft" type="cfm-fast" waiting="0.00" lane="left_0" pos="26.52" speed="6.00" angle="136.77" x="17.52" y="12.90"/>
        <vehicle id="cfm-slow_0" eclass="HBEFA3/PC_G_EU4" CO2="23412.04" CO="501.74" HC="2.86" NOx="10.85" PMx="0.58" fuel="10.06" electricity="0.00" noise="118.20" route="routebottom" type="cfm-slow" waiting="0.00" lane="bottom_0" pos="2.35" speed="6.00" angle="90.26" x="68.81" y="-4.75"/>
        <vehicle id="cfm-slow_1" eclass="HBEFA3/PC_G_EU4" CO2="23412.04" CO="501.74" HC="2.86" NOx="10.85" PMx="0.58" fuel="10.06" electricity="0.00" noise="118.20" route="routebottom" type="cfm-slow" waiting="0.00" lane="bottom_0" pos="18.18" speed="6.00" angle="61.76" x="100.78" y="5.96"/>
        <vehicle id="cfm-slow_2" eclass="HBEFA3/PC_G_EU4" CO2="23412.04" CO="501.74" HC="2.86" NOx="10.85" PMx="0.58" fuel="10.06" electricity="0.00" noise="118.20" route="routebottom" type="cfm-slow" waiting="0.00" lane="bottom_0" pos="34.02" speed="6.00" angle="33.30" x="123.78" y="30.62"/>
        <vehicle id="cfm-slow_3" eclass="HBEFA3/PC_G_EU4" CO2="23412.04" CO="501.74" HC="2.86" NOx="10.85" PMx="0.58" fuel="10.06" electricity="0.00" noise="118.20" route="routebottom" type="cfm-slow" waiting="0.00" lane="bottom_0" pos="49.85" speed="6.00" angle="4.78" x="132.26" y="63.25"/>
        <vehicle id="cfm-slow_4" eclass="HBEFA3/PC_G_EU4" CO2="23412.04" CO="501.74" HC="2.86" NOx="10.85" PMx="0.58" fuel="10.06" electricity="0.00" noise="118.20" route="routeright" type="cfm-slow" waiting="0.00" lane="right_0" pos="15.68" speed="6.00" angle="336.22" x="124.09" y="96.14"/>
        <vehicle id="cfm-slow_5" eclass="HBEFA3/PC_G_EU4" CO2="23412.04" CO="501.74" HC="2.86" NOx="10.85" PMx="0.58" fuel="10.06" electricity="0.00" noise="118.20" route="routeright" type="cfm-slow" waiting="0.00" lane="right_0" pos="31.52" speed="6.00" angle="307.80" x="101.32" y="121.01"/>
    </timestep>
    <timestep time="0.45">
        <vehicle id="cfm-fast_0" eclass="HBEFA3/PC_G_EU4" CO2="23936.10" CO="510.81" HC="2.91" NOx="11.09" PMx="0.59" fuel="10.29" electricity="0.00" noise="118.38" route="routeright" type="cfm-fast" waiting="0.00" lane="right_0" pos="47.41" speed="6.14" angle="279.26" x="69.32" y="132.05"/>
        <vehicle id="cfm-fast_1" eclass="HBEFA3/PC_G_EU4" CO2="23936.10" CO="510.81" HC="2.91" NOx="11.09" PMx="0.59" fuel="10.29" electricity="0.00" noise="118.38" route="routetop" type="cfm-fast" waiting="0.00" lane="top_0" pos="13.24" speed="6.14" angle="250.64" x="35.90" y="126.40"/>
        <vehicle id="cfm-fast_2" eclass="HBEFA3/PC_G_EU4" CO2="23936.10" CO="510.81" HC="2.91" NOx="11.09" PMx="0.59" fuel="10.29" electricity="0.00" noise="118.38" route="routetop" type="cfm-fast" waiting="0.00" lane="top_0" pos="29.08" speed="6.14" angle="222.16" x="9.37" y="105.59"/>
        <vehicle id="cfm-fast_3" eclass="HBEFA3/PC_G_EU4" CO2="23936.10" CO="510.81" HC="2.91" NOx="11.09" PMx="0.59" fuel="10.29" electricity="0.00" noise="118.38" route="routetop" type="cfm-fast" waiting="0.00" lane="top_0" pos="44.91" speed="6.14" angle="193.77" x="-4.07" y="74.66"/>
        <vehicle id="cfm-fast_4" eclass="HBEFA3/PC_G_EU4" CO2="23936.10" CO="510.81" HC="2.91" NOx="11.09" PMx="0.59" fuel="10.29" electricity="0.00" noise="118.38" route="routeleft" type="cfm-fast" waiting="0.00" lane="left_0" pos="10.74" speed="6.14" angle="165.08" x="-1.05" y="40.89"/>
        <vehicle id="cfm-fast_5" eclass="HBEFA3/PC_G_EU4" CO2="23936.10" CO="510.81" HC="2.91" NOx="11.09" PMx="0.59" fuel="10.29" electricity="0.00" noise="118.38" route="routeleft" type="cfm-fast" waiting="0.00" lane="left_0" pos="26.58" speed="6.14" angle="136.65" x="17.61" y="12.81"/>
        <vehicle id="cfm-slow_0" eclass="HBEFA3/PC_G_EU4" CO2="23687.92" CO="505.72" HC="2.89" NOx="10.98" PMx="0.59" fuel="10.18" electricity="0.00" noise="117.71" route="routebottom" type="cfm-slow" waiting="0.00" lane="bottom_0" pos="2.41" speed="6.13" angle="90.15" x="68.94" y="-4.74"/>
        <vehicle id="cfm-slow_1" eclass="HBEFA3/PC_G_EU4" CO2="23687.92" CO="505.72" HC="2.89" NOx="10.98" PMx="0.59" fuel="10.18" electricity="0.00" noise="117.71" route="routebottom" type="cfm-slow" waiting="0.00" lane="bottom_0" pos="18.24" speed="6.13" angle="61.65" x="100.89" y="6.04"/>
        <vehicle id="cfm-slow_2" eclass="HBEFA3/PC_G_EU4" CO2="23687.92" CO="505.72" HC="2.89" NOx="10.98" PMx="0.59" fuel="10.18" electricity="0.00" noise="117.71" route="routebottom" type="cfm-slow" waiting="0.00" lane="bottom_0" pos="34.08" speed="6.13" angle="33.19" x="123.84" y="30.74"/>
        <vehicle id="cfm-slow_3" eclass="HBEFA3/PC_G_EU4" CO2="23687.92" CO="505.72" HC="2.89" NOx="10.98" PMx="0.59" fuel="10.18" electricity="0.00" noise="117.71" route="routebottom" type="cfm-slow" waiting="0.00" lane="bottom_0" pos="49.91" speed="6.13" angle="4.67" x="132.27" y="63.38"/>
        <vehicle id="cfm-slow_4" eclass="HBEFA3/PC_G_EU4" CO2="23687.92" CO="505.72" HC="2.89" NOx="10.98" PMx="0.59" fuel="10.18" electricity="0.00" noise="117.71" route="routeright" type="cfm-slow" waiting="0.00" lane="right_0" pos="15.74" speed="6.13" angle="336.11" x="124.02" y="96.26"/>
        <vehicle id="cfm-slow_5" eclass="HBEFA3/PC_G_EU4" CO2="23688.34" CO="505.73" HC="2.89" NOx="10.98" PMx="0.59" fuel="10.18" electricity="0.00" noise="117.71" route="routeright" type="cfm-slow" waiting="0.00" lane="right_0" pos="31.58" speed="6.13" angle="307.69" x="101.21" y="121.08"/>
    </timestep>
    <timestep time="0.46">
        <vehicle id="cfm-fast_0" eclass="HBEFA3/PC_G_EU4" CO2="24416.40" CO="518.99" HC="2.96" NOx="11.32" PMx="0.61" fuel="10.50" electricity="0.00" noise="118.43" route="routeright" type="cfm-fast" waiting="0.00" lane="right_0" pos="47.47" speed="6.27" angle="279.17" x="69.19" y="132.06"/>
        <vehicle id="cfm-fast_1" eclass="HBEFA3/PC_G_EU4" CO2="24416.40" CO="518.99" HC="2.96" NOx="11.32" PMx="0.61" fuel="10.50" electricity="0.00" noise="118.43" route="routetop" type="cfm-fast" waiting="0.00" lane="top_0" pos="13.31" speed="6.27" angle="250.52" x="35.77" y="126.34"/>
        <vehicle id="cfm-fast_2" eclass="HBEFA3/PC_G_EU4" CO2="24416.40" CO="518.99" HC="2.96" NOx="11.32" PMx="0.61" fuel="10.50" electricity="0.00" noise="118.43" route="routetop" type="cfm-fast" waiting="0.00" lane="top_0" pos="29.14" speed="6.27" angle="222.04" x="9.28" y="105.48"/>
        <vehicle id="cfm-fast_3" eclass="HBEFA3/PC_G_EU4" CO2="24416.40" CO="518.99" HC="2.96" NOx="11.32" PMx="0.61" fuel="10.50" electricity="0.00" noise="118.43" route="routetop" type="cfm-fast" waiting="0.00" lane="top_0" pos="44.97" speed="6.27" angle="193.65" x="-4.09" y="74.53"/>
        <vehicle id="cfm-fast_4" eclass="HBEFA3/PC_G_EU4" CO2="24416.40" CO="518.99" HC="2.96" NOx="11.32" PMx="0.61" fuel="10.50" electricity="0.00" noise="118.43" route="routeleft" type="cfm-fast" waiting="0.00" lane="left_0" pos="10.81" speed="6.27" angle="164.97" x="-1.00" y="40.77"/>
        <vehicle id="cfm-fast_5" eclass="HBEFA3/PC_G_EU4" CO2="24416.40" CO="518.99" HC="2.96" NOx="11.32" PMx="0.61" fuel="10.50" electricity="0.00" noise="118.43" route="routeleft" type="cfm-fast" waiting="0.00" lane="left_0" pos="26.64" speed="6.27" angle="136.54" x="17.71" y="12.72"/>
        <vehicle id="cfm-slow_0" eclass="HBEFA3/PC_G_EU4" CO2="23953.00" CO="509.51" HC="2.91" NOx="11.10" PMx="0.59" fuel="10.30" electricity="0.00" noise="117.23" route="routebottom" type="cfm-slow" waiting="0.00" lane="bottom_0" pos="2.47" speed="6.27" angle="90.04" x="69.08" y="-4.74"/>
        <vehicle id="cfm-slow_1" eclass="HBEFA3/PC_G_EU4" CO2="23953.00" CO="509.51" HC="2.91" NOx="11.10" PMx="0.59" fuel="10.30" electricity="0.00" noise="117.23" route="routebottom" type="cfm-slow" waiting="0.00" lane="bottom_0" pos="18.31" speed="6.27" angle="61.53" x="101.00" y="6.11"/>
        <vehicle id="cfm-slow_2" eclass="HBEFA3/PC_G_EU4" CO2="23953.00" CO="509.51" HC="2.91" NOx="11.10" PMx="0.59" fuel="10.30" electricity="0.00" noise="117.23" route="routebottom" type="cfm-slow" waiting="0.00" lane="bottom_0" pos="34.14" speed="6.27" angle="33.08" x="123.90" y="30.85"/>
        <vehicle id="cfm-slow_3" eclass="HBEFA3/PC_G_EU4" CO2="23953.00" CO="509.51" HC="2.91" NOx="11.10" PMx="0.59" fuel="10.30" electricity="0.00" noise="117.23" route="routebottom" type="cfm-slow" waiting="0.00" lane="bottom_0" pos="49.97" speed="6.27" angle="4.58" x="132.27" y="63.51"/>
        <vehicle id="cfm-slow_4" eclass="HBEFA3/PC_G_EU4" CO2="23953.00" CO="509.51" HC="2.91" NOx="11.10" PMx="0.59" fuel="10.30" electricity="0.00" noise="117.23" route="routeright" type="cfm-slow" waiting="0.00" lane="right_0" pos="15.81" speed="6.27" angle="336.00" x="123.96" y="96.38"/>
        <vehicle id="cfm-slow_5" eclass="HBEFA3/PC_G_EU4" CO2="23955.74" CO="509.57" HC="2.91" NOx="11.10" PMx="0.59" fuel="10.30" electricity="0.00" noise="117.23" route="routeright" type="cfm-slow" waiting="0.00" lane="right_0" pos="31.64" speed="6.27" angle="307.57" x="101.09" y="121.15"/>
    </timestep>
    <timestep time="0.47">
        <vehicle id="cfm-fast_0" eclass="HBEFA3/PC_G_EU4" CO2="24897.00" CO="527.20" HC="3.01" NOx="11.54" PMx="0.62" fuel="10.70" electricity="0.00" noise="118.49" route="routeright" type="cfm-fast" waiting="0.00" lane="right_0" pos="47.54" speed="6.41" angle="279.06" x="69.05" y="132.07"/>
        <vehicle id="cfm-fast_1" eclass="HBEFA3/PC_G_EU4" CO2="24897.00" CO="527.20" HC="3.01" NOx="11.54" PMx="0.62" fuel="10.70" electricity="0.00" noise="118.49" route="routetop" type="cfm-fast" waiting="0.00" lane="top_0" pos="13.37" speed="6.41" angle="250.40" x="35.65" y="126.28"/>
        <vehicle id="cfm-fast_2" eclass="HBEFA3/PC_G_EU4" CO2="24897.00" CO="527.20" HC="3.01" NOx="11.54" PMx="0.62" fuel="10.70" electricity="0.00" noise="118.49" route="routetop" type="cfm-fast" waiting="0.00" lane="top_0" pos="29.20" speed="6.41" angle="221.93" x="9.20" y="105.37"/>
        <vehicle id="cfm-fast_3" eclass="HBEFA3/PC_G_EU4" CO2="24897.00" CO="527.20" HC="3.01" NOx="11.54" PMx="0.62" fuel="10.70" electricity="0.00" noise="118.49" route="routetop" type="cfm-fast" waiting="0.00" lane="top_0" pos="45.04" speed="6.41" angle="193.53" x="-4.11" y="74.39"/>
        <vehicle id="cfm-fast_4" eclass="HBEFA3/PC_G_EU4" CO2="24897.00" CO="527.20" HC="3.01" NOx="11.54" PMx="0.62" fuel="10.70" electricity="0.00" noise="118.49" route="routeleft" type="cfm-fast" waiting="0.00" lane="left_0" pos="10.87" speed="6.41" angle="164.85" x="-0.96" y="40.64"/>
        <vehicle id="cfm-fast_5" eclass="HBEFA3/PC_G_EU4" CO2="24897.00" CO="527.20" HC="3.01" NOx="11.54" PMx="0.62" fuel="10.70" electricity="0.00" noise="118.49" route="routeleft" type="cfm-fast" waiting="0.00" lane="left_0" pos="26.70" speed="6.41" angle="136.42" x="17.81" y="12.63"/>
        <vehicle id="cfm-slow_0" eclass="HBEFA3/PC_G_EU4" CO2="24207.52" CO="513.11" HC="2.93" NOx="11.22" PMx="0.60" fuel="10.41" electricity="0.00" noise="116.75" route="routebottom" type="cfm-slow" waiting="0.00" lane="bottom_0" pos="2.54" speed="6.40" angle="89.94" x="69.22" y="-4.73"/>
        <vehicle id="cfm-slow_1" eclass="HBEFA3/PC_G_EU4" CO2="24207.52" CO="513.11" HC="2.93" NOx="11.22" PMx="0.60" fuel="10.41" electricity="0.00" noise="116.75" route="routebottom" type="cfm-slow" waiting="0.00" lane="bottom_0" pos="18.37" speed="6.40" angle="61.41" x="101.12" y="6.19"/>
        <vehicle id="cfm-slow_2" eclass="HBEFA3/PC_G_EU4" CO2="24207.52" CO="513.11" HC="2.93" NOx="11.22" PMx="0.60" fuel="10.41" electricity="0.00" noise="116.75" route="routebottom" type="cfm-slow" waiting="0.00" lane="bottom_0" pos="34.20" speed="6.40" angle="32.96" x="123.97" y="30.97"/>
        <vehicle id="cfm-slow_3" eclass="HBEFA3/PC_G_EU4" CO2="24207.52" CO="513.11" HC="2.93" NOx="11.22" PMx="0.60" fuel="10.41" electricity="0.00" noise="116.75" route="routebottom" type="cfm-slow" waiting="0.00" lane="right_0" pos="0.04" speed="6.40" angle="4.40" x="132.27" y="63.84"/>
        <vehicle id="cfm-slow_4" eclass="HBEFA3/PC_G_EU4" CO2="24207.55" CO="513.11" HC="2.93" NOx="11.22" PMx="0.60" fuel="10.41" electricity="0.00" noise="116.75" route="routeright" type="cfm-slow" waiting="0.00" lane="right_0" pos="15.87" speed="6.40" angle="335.88" x="123.89" y="96.50"/>
        <vehicle id="cfm-slow_5" eclass="HBEFA3/PC_G_EU4" CO2="24214.63" CO="513.26" HC="2.93" NOx="11.22" PMx="0.60" fuel="10.41" electricity="0.00" noise="116.77" route="routeright" type="cfm-slow" waiting="0.00" lane="right_0" pos="31.70" speed="6.40" angle="307.46" x="100.98" y="121.23"/>
    </timestep>
    <timestep time="0.48">
        <vehicle id="cfm-fast_0" eclass="HBEFA3/PC_G_EU4" CO2="25377.88" CO="535.43" HC="3.06" NOx="11.76" PMx="0.63" fuel="10.91" electricity="0.00" noise="118.55" route="routeright" type="cfm-fast" waiting="0.00" lane="right_0" pos="47.60" speed="6.55" angle="278.93" x="68.91" y="132.08"/>
        <vehicle id="cfm-fast_1" eclass="HBEFA3/PC_G_EU4" CO2="25377.88" CO="535.43" HC="3.06" NOx="11.76" PMx="0.63" fuel="10.91" electricity="0.00" noise="118.55" route="routetop" type="cfm-fast" waiting="0.00" lane="top_0" pos="13.44" speed="6.55" angle="250.29" x="35.52" y="126.23"/>
        <vehicle id="cfm-fast_2" eclass="HBEFA3/PC_G_EU4" CO2="25377.88" CO="535.43" HC="3.06" NOx="11.76" PMx="0.63" fuel="10.91" electricity="0.00" noise="118.55" route="routetop" type="cfm-fast" waiting="0.00" lane="top_0" pos="29.27" speed="6.55" angle="221.81" x="9.11" y="105.26"/>
        <vehicle id="cfm-fast_3" eclass="HBEFA3/PC_G_EU4" CO2="25377.88" CO="535.43" HC="3.06" NOx="11.76" PMx="0.63" fuel="10.91" electricity="0.00" noise="118.55" route="routetop" type="cfm-fast" waiting="0.00" lane="top_0" pos="45.10" speed="6.55" angle="193.41" x="-4.13" y="74.25"/>
        <vehicle id="cfm-fast_4" eclass="HBEFA3/PC_G_EU4" CO2="25377.88" CO="535.43" HC="3.06" NOx="11.76" PMx="0.63" fuel="10.91" electricity="0.00" noise="118.55" route="routeleft" type="cfm-fast" waiting="0.00" lane="left_0" pos="10.94" speed="6.55" angle="164.73" x="-0.91" y="40.50"/>
        <vehicle id="cfm-fast_5" eclass="HBEFA3/PC_G_EU4" CO2="25377.88" CO="535.43" HC="3.06" NOx="11.76" PMx="0.63" fuel="10.91" electricity="0.00" noise="118.55" route="routeleft" type="cfm-fast" waiting="0.00" lane="left_0" pos="26.77" speed="6.55" angle="136.30" x="17.92" y="12.53"/>
        <vehicle id="cfm-slow_0" eclass="HBEFA3/PC_G_EU4" CO2="24451.72" CO="516.53" HC="2.95" NOx="11.33" PMx="0.61" fuel="10.51" electricity="0.00" noise="116.27" route="routebottom" type="cfm-slow" waiting="0.00" lane="bottom_0" pos="2.60" speed="6.53" angle="89.83" x="69.36" y="-4.71"/>
        <vehicle id="cfm-slow_1" eclass="HBEFA3/PC_G_EU4" CO2="24451.72" CO="516.53" HC="2.95" NOx="11.33" PMx="0.61" fuel="10.51" electricity="0.00" noise="116.27" route="routebottom" type="cfm-slow" waiting="0.00" lane="bottom_0" pos="18.44" speed="6.53" angle="61.29" x="101.23" y="6.27"/>
        <vehicle id="cfm-slow_2" eclass="HBEFA3/PC_G_EU4" CO2="24451.72" CO="516.53" HC="2.95" NOx="11.33" PMx="0.61" fuel="10.51" electricity="0.00" noise="116.27" route="routebottom" type="cfm-slow" waiting="0.00" lane="bottom_0" pos="34.27" speed="6.53" angle="32.84" x="124.04" y="31.10"/>
        <vehicle id="cfm-slow_3" eclass="HBEFA3/PC_G_EU4" CO2="24451.72" CO="516.53" HC="2.95" NOx="11.33" PMx="0.61" fuel="10.51" electricity="0.00" noise="116.27" route="routebottom" type="cfm-slow" waiting="0.00" lane="right_0" pos="0.10" speed="6.53" angle="4.28" x="132.27" y="63.98"/>
        <vehicle id="cfm-slow_4" eclass="HBEFA3/PC_G_EU4" CO2="24451.82" CO="516.53" HC="2.95" NOx="11.33" PMx="0.61" fuel="10.51" electricity="0.00" noise="116.27" route="routeright" type="cfm-slow" waiting="0.00" lane="right_0" pos="15.94" speed="6.53" angle="335.76" x="123.82" y="96.62"/>
        <vehicle id="cfm-slow_5" eclass="HBEFA3/PC_G_EU4" CO2="24465.36" CO="516.81" HC="2.95" NOx="11.33" PMx="0.61" fuel="10.52" electricity="0.00" noise="116.31" route="routeright" type="cfm-slow" waiting="0.00" lane="right_0" pos="31.77" speed="6.53" angle="307.34" x="100.86" y="121.31"/>
    </timestep>
    <timestep time="0.49">
        <vehicle id="cfm-fast_0" eclass="HBEFA3/PC_G_EU4" CO2="25859.06" CO="543.68" HC="3.11" NOx="11.99" PMx="0.64" fuel="11.12" electricity="0.00" noise="118.61" route="routeright" type="cfm-fast" waiting="0.00" lane="right_0" pos="47.67" speed="6.68" angle="278.81" x="68.77" y="132.08"/>
        <vehicle id="cfm-fast_1" eclass="HBEFA3/PC_G_EU4" CO2="25859.06" CO="543.68" HC="3.11" NOx="11.99" PMx="0.64" fuel="11.12" electricity="0.00" noise="118.61" route="routetop" type="cfm-fast" waiting="0.00" lane="top_0" pos="13.50" speed="6.68" angle="250.16" x="35.39" y="126.17"/>
        <vehicle id="cfm-fast_2" eclass="HBEFA3/PC_G_EU4" CO2="25859.06" CO="543.68" HC="3.11" NOx="11.99" PMx="0.64" fuel="11.12" electricity="0.00" noise="118.61" route="routetop" type="cfm-fast" waiting="0.00" lane="top_0" pos="29.34" speed="6.68" angle="221.69" x="9.02" y="105.15"/>
        <vehicle id="cfm-fast_3" eclass="HBEFA3/PC_G_EU4" CO2="25859.06" CO="543.68" HC="3.11" NOx="11.99" PMx="0.64" fuel="11.12" electricity="0.00" noise="118.61" route="routetop" type="cfm-fast" waiting="0.00" lane="top_0" pos="45.17" speed="6.68" angle="193.29" x="-4.15" y="74.11"/>
        <vehicle id="cfm-fast_4" eclass="HBEFA3/PC_G_EU4" CO2="25859.06" CO="543.68" HC="3.11" NOx="11.99" PMx="0.64" fuel="11.12" electricity="0.00" noise="118.61" route="routeleft" type="cfm-fast" waiting="0.00" lane="left_0" pos="11.00" speed="6.68" angle="164.60" x="-0.86" y="40.37"/>
        <vehicle id="cfm-fast_5" eclass="HBEFA3/PC_G_EU4" CO2="25859.06" CO="543.68" HC="3.11" NOx="11.99" PMx="0.64" fuel="11.12" electricity="0.00" noise="118.61" route="routeleft" type="cfm-fast" waiting="0.00" lane="left_0" pos="26.84" speed="6.68" angle="136.20" x="18.02" y="12.44"/>
        <vehicle id="cfm-slow_0" eclass="HBEFA3/PC_G_EU4" CO2="24685.85" CO="519.77" HC="2.97" NOx="11.43" PMx="0.61" fuel="10.61" electricity="0.00" noise="115.80" route="routebottom" type="cfm-slow" waiting="0.00" lane="bottom_0" pos="2.67" speed="6.66" angle="89.71" x="69.50" y="-4.70"/>
        <vehicle id="cfm-slow_1" eclass="HBEFA3/PC_G_EU4" CO2="24685.85" CO="519.77" HC="2.97" NOx="11.43" PMx="0.61" fuel="10.61" electricity="0.00" noise="115.80" route="routebottom" type="cfm-slow" waiting="0.00" lane="bottom_0" pos="18.50" speed="6.66" angle="61.16" x="101.35" y="6.34"/>
        <vehicle id="cfm-slow_2" eclass="HBEFA3/PC_G_EU4" CO2="24685.85" CO="519.77" HC="2.97" NOx="11.43" PMx="0.61" fuel="10.61" electricity="0.00" noise="115.80" route="routebottom" type="cfm-slow" waiting="0.00" lane="bottom_0" pos="34.34" speed="6.66" angle="32.72" x="124.11" y="31.22"/>
        <vehicle id="cfm-slow_3" eclass="HBEFA3/PC_G_EU4" CO2="24685.85" CO="519.77" HC="2.97" NOx="11.43" PMx="0.61" fuel="10.61" electricity="0.00" noise="115.80" route="routebottom" type="cfm-slow" waiting="0.00" lane="right_0" pos="0.17" speed="6.66" angle="4.16" x="132.26" y="64.13"/>
        <vehicle id="cfm-slow_4" eclass="HBEFA3/PC_G_EU4" CO2="24686.08" CO="519.77" HC="2.97" NOx="11.43" PMx="0.61" fuel="10.61" electricity="0.00" noise="115.80" route="routeright" type="cfm-slow" waiting="0.00" lane="right_0" pos="16.00" speed="6.66" angle="335.64" x="123.75" y="96.74"/>
        <vehicle id="cfm-slow_5" eclass="HBEFA3/PC_G_EU4" CO2="24708.28" CO="520.23" HC="2.98" NOx="11.44" PMx="0.61" fuel="10.62" electricity="0.00" noise="115.86" route="routeright" type="cfm-slow" waiting="0.00" lane="right_0" pos="31.84" speed="6.66" angle="307.22" x="100.74" y="121.39"/>
    </timestep>
    <timestep time="0.50">
        <vehicle id="cfm-fast_0" eclass="HBEFA3/PC_G_EU4" CO2="26340.53" CO="551.95" HC="3.16" NOx="12.21" PMx="0.65" fuel="11.32" electricity="0.00" noise="118.66" route="routeright" type="cfm-fast" waiting="0.00" lane="right_0" pos="47.74" speed="6.82" angle="278.68" x="68.62" y="132.09"/>
        <vehicle id="cfm-fast_1" eclass="HBEFA3/PC_G_EU4" CO2="26340.53" CO="551.95" HC="3.16" NOx="12.21" PMx="0.65" fuel="11.32" electricity="0.00" noise="118.66" route="routetop" type="cfm-fast" waiting="0.00" lane="top_0" pos="13.57" speed="6.82" angle="250.04" x="35.25" y="126.11"/>
        <vehicle id="cfm-fast_2" eclass="HBEFA3/PC_G_EU4" CO2="26340.53" CO="551.95" HC="3.16" NOx="12.21" PMx="0.65" fuel="11.32" electricity="0.00" noise="118.66" route="routetop" type="cfm-fast" waiting="0.00" lane="top_0" pos="29.41" speed="6.82" angle="221.58" x="8.93" y="105.03"/>
        <vehicle id="cfm-fast_3" eclass="HBEFA3/PC_G_EU4" CO2="26340.53" CO="551.95" HC="3.16" NOx="12.21" PMx="0.65" fuel="11.32" electricity="0.00" noise="118.66" route="routetop" type="cfm-fast" waiting="0.00" lane="top_0" pos="45.24" speed="6.82" angle="193.16" x="-4.17" y="73.97"/>
        <vehicle id="cfm-fast_4" eclass="HBEFA3/PC_G_EU4" CO2="26340.53" CO="551.95" HC="3.16" NOx="12.21" PMx="0.65" fuel="11.32" electricity="0.00" noise="118.66" route="routeleft" type="cfm-fast" waiting="0.00" lane="left_0" pos="11.07" speed="6.82" angle="164.47" x="-0.81" y="40.23"/>
        <vehicle id="cfm-fast_5" eclass="HBEFA3/PC_G_EU4" CO2="26340.53" CO="551.95" HC="3.16" NOx="12.21" PMx="0.65" fuel="11.32" electricity="0.00" noise="118.66" route="routeleft" type="cfm-fast" waiting="0.00" lane="left_0" pos="26.91" speed="6.82" angle="136.10" x="18.13" y="12.34"/>
        <vehicle id="cfm-slow_0" eclass="HBEFA3/PC_G_EU4" CO2="24910.14" CO="522.83" HC="2.99" NOx="11.54" PMx="0.62" fuel="10.71" electricity="0.00" noise="115.34" route="routebottom" type="cfm-slow" waiting="0.00" lane="bottom_0" pos="2.74" speed="6.79" angle="89.58" x="69.64" y="-4.68"/>
        <vehicle id="cfm-slow_1" eclass="HBEFA3/PC_G_EU4" CO2="24910.14" CO="522.83" HC="2.99" NOx="11.54" PMx="0.62" fuel="10.71" electricity="0.00" noise="115.34" route="routebottom" type="cfm-slow" waiting="0.00" lane="bottom_0" pos="18.57" speed="6.79" angle="61.03" x="101.48" y="6.43"/>
        <vehicle id="cfm-slow_2" eclass="HBEFA3/PC_G_EU4" CO2="24910.14" CO="522.83" HC="2.99" NOx="11.54" PMx="0.62" fuel="10.71" electricity="0.00" noise="115.34" route="routebottom" type="cfm-slow" waiting="0.00" lane="bottom_0" pos="34.40" speed="6.79" angle="32.59" x="124.18" y="31.35"/>
        <vehicle id="cfm-slow_3" eclass="HBEFA3/PC_G_EU4" CO2="24910.14" CO="522.83" HC="2.99" NOx="11.54" PMx="0.62" fuel="10.71" electricity="0.00" noise="115.34" route="routebottom" type="cfm-slow" waiting="0.00" lane="right_0" pos="0.24" speed="6.79" angle="4.04" x="132.26" y="64.27"/>
        <vehicle id="cfm-slow_4" eclass="HBEFA3/PC_G_EU4" CO2="24910.58" CO="522.84" HC="2.99" NOx="11.54" PMx="0.62" fuel="10.71" electricity="0.00" noise="115.34" route="routeright" type="cfm-slow" waiting="0.00" lane="right_0" pos="16.07" speed="6.79" angle="335.52" x="123.68" y="96.87"/>
        <vehicle id="cfm-slow_5" eclass="HBEFA3/PC_G_EU4" CO2="24943.71" CO="523.52" HC="3.00" NOx="11.55" PMx="0.62" fuel="10.72" electricity="0.00" noise="115.42" route="routeright" type="cfm-slow" waiting="0.00" lane="right_0" pos="31.90" speed="6.79" angle="307.10" x="100.62" y="121.47"/>
    </timestep>
    <timestep time="0.51">
        <vehicle id="cfm-fast_0" eclass="HBEFA3/PC_G_EU4" CO2="26822.29" CO="560.24" HC="3.21" NOx="12.43" PMx="0.67" fuel="11.53" electricity="0.00" noise="118.72" route="routeright" type="cfm-fast" waiting="0.00" lane="right_0" pos="47.81" speed="6.95" angle="278.55" x="68.47" y="132.10"/>
        <vehicle id="cfm-fast_1" eclass="HBEFA3/PC_G_EU4" CO2="26822.29" CO="560.24" HC="3.21" NOx="12.43" PMx="0.67" fuel="11.53" electricity="0.00" noise="118.72" route="routetop" type="cfm-fast" waiting="0.00" lane="top_0" pos="13.64" speed="6.95" angle="249.91" x="35.12" y="126.05"/>
        <vehicle id="cfm-fast_2" eclass="HBEFA3/PC_G_EU4" CO2="26822.29" CO="560.24" HC="3.21" NOx="12.43" PMx="0.67" fuel="11.53" electricity="0.00" noise="118.72" route="routetop" type="cfm-fast" waiting="0.00" lane="top_0" pos="29.47" speed="6.95" angle="221.48" x="8.84" y="104.92"/>
        <vehicle id="cfm-fast_3" eclass="HBEFA3/PC_G_EU4" CO2="26822.29" CO="560.24" HC="3.21" NOx="12.43" PMx="0.67" fuel="11.53" electricity="0.00" noise="118.72" route="routetop" type="cfm-fast" waiting="0.00" lane="top_0" pos="45.31" speed="6.95" angle="193.04" x="-4.19" y="73.82"/>
        <vehicle id="cfm-fast_4" eclass="HBEFA3/PC_G_EU4" CO2="26822.29" CO="560.24" HC="3.21" NOx="12.43" PMx="0.67" fuel="11.53" electricity="0.00" noise="118.72" route="routeleft" type="cfm-fast" waiting="0.00" lane="left_0" pos="11.14" speed="6.95" angle="164.35" x="-0.76" y="40.09"/>
        <vehicle id="cfm-fast_5" eclass="HBEFA3/PC_G_EU4" CO2="26822.29" CO="560.24" HC="3.21" NOx="12.43" PMx="0.67" fuel="11.53" electricity="0.00" noise="118.72" route="routeleft" type="cfm-fast" waiting="0.00" lane="left_0" pos="26.97" speed="6.95" angle="135.98" x="18.24" y="12.24"/>
        <vehicle id="cfm-slow_0" eclass="HBEFA3/PC_G_EU4" CO2="25124.81" CO="525.73" HC="3.01" NOx="11.63" PMx="0.62" fuel="10.80" electricity="0.00" noise="114.88" route="routebottom" type="cfm-slow" waiting="0.00" lane="bottom_0" pos="2.81" speed="6.92" angle="89.46" x="69.79" y="-4.67"/>
        <vehicle id="cfm-slow_1" eclass="HBEFA3/PC_G_EU4" CO2="25124.81" CO="525.73" HC="3.01" NOx="11.63" PMx="0.62" fuel="10.80" electricity="0.00" noise="114.88" route="routebottom" type="cfm-slow" waiting="0.00" lane="bottom_0" pos="18.64" speed="6.92" angle="60.90" x="101.60" y="6.51"/>
        <vehicle id="cfm-slow_2" eclass="HBEFA3/PC_G_EU4" CO2="25124.81" CO="525.73" HC="3.01" NOx="11.63" PMx="0.62" fuel="10.80" electricity="0.00" noise="114.88" route="routebottom" type="cfm-slow" waiting="0.00" lane="bottom_0" pos="34.47" speed="6.92" angle="32.47" x="124.25" y="31.48"/>
        <vehicle id="cfm-slow_3" eclass="HBEFA3/PC_G_EU4" CO2="25124.82" CO="525.73" HC="3.01" NOx="11.63" PMx="0.62" fuel="10.80" electricity="0.00" noise="114.88" route="routebottom" type="cfm-slow" waiting="0.00" lane="right_0" pos="0.31" speed="6.92" angle="3.91" x="132.26" y="64.42"/>
        <vehicle id="cfm-slow_4" eclass="HBEFA3/PC_G_EU4" CO2="25125.57" CO="525.74" HC="3.01" NOx="11.63" PMx="0.62" fuel="10.80" electricity="0.00" noise="114.88" route="routeright" type="cfm-slow" waiting="0.00" lane="right_0" pos="16.14" speed="6.92" angle="335.39" x="123.61" y="97.00"/>
        <vehicle id="cfm-slow_5" eclass="HBEFA3/PC_G_EU4" CO2="25172.00" CO="526.69" HC="3.02" NOx="11.66" PMx="0.62" fuel="10.82" electricity="0.00" noise="114.99" route="routeright" type="cfm-slow" waiting="0.00" lane="right_0" pos="31.97" speed="6.92" angle="307.00" x="100.50" y="121.55"/>
    </timestep>
    <timestep time="0.52">
        <vehicle id="cfm-fast_0" eclass="HBEFA3/PC_G_EU4" CO2="27304.34" CO="568.56" HC="3.26" NOx="12.66" PMx="0.68" fuel="11.74" electricity="0.00" noise="118.78" route="routeright" type="cfm-fast" waiting="0.00" lane="right_0" pos="47.88" speed="7.09" angle="278.42" x="68.32" y="132.11"/>
        <vehicle id="cfm-fast_1" eclass="HBEFA3/PC_G_EU4" CO2="27304.34" CO="568.56" HC="3.26" NOx="12.66" PMx="0.68" fuel="11.74" electricity="0.00" noise="118.78" route="routetop" type="cfm-fast" waiting="0.00" lane="top_0" pos="13.71" speed="7.09" angle="249.78" x="34.98" y="125.98"/>
        <vehicle id="cfm-fast_2" eclass="HBEFA3/PC_G_EU4" CO2="27304.34" CO="568.56" HC="3.26" NOx="12.66" PMx="0.68" fuel="11.74" electricity="0.00" noise="118.78" route="routetop" type="cfm-fast" waiting="0.00" lane="top_0" pos="29.55" speed="7.09" angle="221.36" x="8.75" y="104.79"/>
        <vehicle id="cfm-fast_3" eclass="HBEFA3/PC_G_EU4" CO2="27304.34" CO="568.56" HC="3.26" NOx="12.66" PMx="0.68" fuel="11.74" electricity="0.00" noise="118.78" route="routetop" type="cfm-fast" waiting="0.00" lane="top_0" pos="45.38" speed="7.09" angle="192.91" x="-4.21" y="73.67"/>
        <vehicle id="cfm-fast_4" eclass="HBEFA3/PC_G_EU4" CO2="27304.34" CO="568.56" HC="3.26" NOx="12.66" PMx="0.68" fuel="11.74" electricity="0.00" noise="118.78" route="routeleft" type="cfm-fast" waiting="0.00" lane="left_0" pos="11.21" speed="7.09" angle="164.21" x="-0.71" y="39.95"/>
        <vehicle id="cfm-fast_5" eclass="HBEFA3/PC_G_EU4" CO2="27304.34" CO="568.56" HC="3.26" NOx="12.66" PMx="0.68" fuel="11.74" electricity="0.00" noise="118.78" route="routeleft" type="cfm-fast" waiting="0.00" lane="left_0" pos="27.05" speed="7.09" angle="135.85" x="18.36" y="12.14"/>
        <vehicle id="cfm-slow_0" eclass="HBEFA3/PC_G_EU4" CO2="25330.10" CO="528.45" HC="3.03" NOx="11.73" PMx="0.63" fuel="10.89" electricity="0.00" noise="114.42" route="routebottom" type="cfm-slow" waiting="0.00" lane="bottom_0" pos="2.88" speed="7.04" angle="89.33" x="69.94" y="-4.65"/>
        <vehicle id="cfm-slow_1" eclass="HBEFA3/PC_G_EU4" CO2="25330.10" CO="528.45" HC="3.03" NOx="11.73" PMx="0.63" fuel="10.89" electricity="0.00" noise="114.42" route="routebottom" type="cfm-slow" waiting="0.00" lane="bottom_0" pos="18.71" speed="7.04" angle="60.77" x="101.73" y="6.59"/>
        <vehicle id="cfm-slow_2" eclass="HBEFA3/PC_G_EU4" CO2="25330.10" CO="528.45" HC="3.03" NOx="11.73" PMx="0.63" fuel="10.89" electricity="0.00" noise="114.42" route="routebottom" type="cfm-slow" waiting="0.00" lane="bottom_0" pos="34.54" speed="7.04" angle="32.36" x="124.32" y="31.61"/>
        <vehicle id="cfm-slow_3" eclass="HBEFA3/PC_G_EU4" CO2="25330.12" CO="528.45" HC="3.03" NOx="11.73" PMx="0.63" fuel="10.89" electricity="0.00" noise="114.42" route="routebottom" type="cfm-slow" waiting="0.00" lane="right_0" pos="0.38" speed="7.04" angle="3.78" x="132.25" y="64.57"/>
        <vehicle id="cfm-slow_4" eclass="HBEFA3/PC_G_EU4" CO2="25331.30" CO="528.48" HC="3.03" NOx="11.73" PMx="0.63" fuel="10.89" electricity="0.00" noise="114.42" route="routeright" type="cfm-slow" waiting="0.00" lane="right_0" pos="16.21" speed="7.04" angle="335.27" x="123.54" y="97.14"/>
        <vehicle id="cfm-slow_5" eclass="HBEFA3/PC_G_EU4" CO2="25393.46" CO="529.75" HC="3.04" NOx="11.76" PMx="0.63" fuel="10.92" electricity="0.00" noise="114.56" route="routeright" type="cfm-slow" waiting="0.00" lane="right_0" pos="32.04" speed="7.05" angle="306.91" x="100.37" y="121.64"/>
    </timestep>
    <timestep time="0.53">
        <vehicle id="cfm-fast_0" eclass="HBEFA3/PC_G_EU4" CO2="27786.69" CO="576.89" HC="3.31" NOx="12.88" PMx="0.69" fuel="11.94" electricity="0.00" noise="118.84" route="routeright" type="cfm-fast" waiting="0.00" lane="right_0" pos="47.95" speed="7.23" angle="278.28" x="68.16" y="132.12"/>
        <vehicle id="cfm-fast_1" eclass="HBEFA3/PC_G_EU4" CO2="27786.69" CO="576.89" HC="3.31" NOx="12.88" PMx="0.69" fuel="11.94" electricity="0.00" noise="118.84" route="routetop" type="cfm-fast" waiting="0.00" lane="top_0" pos="13.78" speed="7.23" angle="249.65" x="34.83" y="125.92"/>
        <vehicle id="cfm-fast_2" eclass="HBEFA3/PC_G_EU4" CO2="27786.69" CO="576.89" HC="3.31" NOx="12.88" PMx="0.69" fuel="11.94" electricity="0.00" noise="118.84" route="routetop" type="cfm-fast" waiting="0.00" lane="top_0" pos="29.62" speed="7.23" angle="221.23" x="8.66" y="104.67"/>
        <vehicle id="cfm-fast_3" eclass="HBEFA3/PC_G_EU4" CO2="27786.69" CO="576.89" HC="3.31" NOx="12.88" PMx="0.69" fuel="11.94" electricity="0.00" noise="118.84" route="routetop" type="cfm-fast" waiting="0.00" lane="top_0" pos="45.45" speed="7.23" angle="192.77" x="-4.23" y="73.51"/>
        <vehicle id="cfm-fast_4" eclass="HBEFA3/PC_G_EU4" CO2="27786.69" CO="576.89" HC="3.31" NOx="12.88" PMx="0.69" fuel="11.94" electricity="0.00" noise="118.84" route="routeleft" type="cfm-fast" waiting="0.00" lane="left_0" pos="11.28" speed="7.23" angle="164.08" x="-0.66" y="39.80"/>
        <vehicle id="cfm-fast_5" eclass="HBEFA3/PC_G_EU4" CO2="27786.69" CO="576.89" HC="3.31" NOx="12.88" PMx="0.69" fuel="11.94" electricity="0.00" noise="118.84" route="routeleft" type="cfm-fast" waiting="0.00" lane="left_0" pos="27.12" speed="7.23" angle="135.71" x="18.48" y="12.04"/>
        <vehicle id="cfm-slow_0" eclass="HBEFA3/PC_G_EU4" CO2="25526.22" CO="531.02" HC="3.05" NOx="11.82" PMx="0.63" fuel="10.97" electricity="0.00" noise="113.97" route="routebottom" type="cfm-slow" waiting="0.00" lane="bottom_0" pos="2.95" speed="7.17" angle="89.20" x="70.10" y="-4.64"/>
        <vehicle id="cfm-slow_1" eclass="HBEFA3/PC_G_EU4" CO2="25526.22" CO="531.02" HC="3.05" NOx="11.82" PMx="0.63" fuel="10.97" electricity="0.00" noise="113.97" route="routebottom" type="cfm-slow" waiting="0.00" lane="bottom_0" pos="18.78" speed="7.17" angle="60.64" x="101.85" y="6.68"/>
        <vehicle id="cfm-slow_2" eclass="HBEFA3/PC_G_EU4" CO2="25526.22" CO="531.02" HC="3.05" NOx="11.82" PMx="0.63" fuel="10.97" electricity="0.00" noise="113.97" route="routebottom" type="cfm-slow" waiting="0.00" lane="bottom_0" pos="34.62" speed="7.17" angle="32.26" x="124.40" y="31.75"/>
        <vehicle id="cfm-slow_3" eclass="HBEFA3/PC_G_EU4" CO2="25526.25" CO="531.02" HC="3.05" NOx="11.82" PMx="0.63" fuel="10.97" electricity="0.00" noise="113.97" route="routebottom" type="cfm-slow" waiting="0.00" lane="right_0" pos="0.45" speed="7.17" angle="3.65" x="132.25" y="64.73"/>
        <vehicle id="cfm-slow_4" eclass="HBEFA3/PC_G_EU4" CO2="25528.02" CO="531.06" HC="3.05" NOx="11.82" PMx="0.63" fuel="10.97" electricity="0.00" noise="113.97" route="routeright" type="cfm-slow" waiting="0.00" lane="right_0" pos="16.28" speed="7.17" angle="335.14" x="123.46" y="97.27"/>
        <vehicle id="cfm-slow_5" eclass="HBEFA3/PC_G_EU4" CO2="25608.39" CO="532.70" HC="3.06" NOx="11.86" PMx="0.63" fuel="11.01" electricity="0.00" noise="114.15" route="routeright" type="cfm-slow" waiting="0.00" lane="right_0" pos="32.12" speed="7.17" angle="306.78" x="100.24" y="121.72"/>
    </timestep>
    <timestep time="0.54">
        <vehicle id="cfm-fast_0" eclass="HBEFA3/PC_G_EU4" CO2="28269.32" CO="585.25" HC="3.36" NOx="13.11" PMx="0.70" fuel="12.15" electricity="0.00" noise="118.89" route="routeright" type="cfm-fast" waiting="0.00" lane="right_0" pos="48.02" speed="7.36" angle="278.14" x="68.01" y="132.13"/>
        <vehicle id="cfm-fast_1" eclass="HBEFA3/PC_G_EU4" CO2="28269.32" CO="585.25" HC="3.36" NOx="13.11" PMx="0.70" fuel="12.15" electricity="0.00" noise="118.89" route="routetop" type="cfm-fast" waiting="0.00" lane="top_0" pos="13.86" speed="7.36" angle="249.52" x="34.69" y="125.86"/>
        <vehicle id="cfm-fast_2" eclass="HBEFA3/PC_G_EU4" CO2="28269.32" CO="585.25" HC="3.36" NOx="13.11" PMx="0.70" fuel="12.15" electricity="0.00" noise="118.89" route="routetop" type="cfm-fast" waiting="0.00" lane="top_0" pos="29.69" speed="7.36" angle="221.09" x="8.57" y="104.54"/>
        <vehicle id="cfm-fast_3" eclass="HBEFA3/PC_G_EU4" CO2="28269.32" CO="585.25" HC="3.36" NOx="13.11" PMx="0.70" fuel="12.15" electricity="0.00" noise="118.89" route="routetop" type="cfm-fast" waiting="0.00" lane="top_0" pos="45.52" speed="7.36" angle="192.64" x="-4.25" y="73.36"/>
        <vehicle id="cfm-fast_4" eclass="HBEFA3/PC_G_EU4" CO2="28269.32" CO="585.25" HC="3.36" NOx="13.11" PMx="0.70" fuel="12.15" electricity="0.00" noise="118.89" route="routeleft" type="cfm-fast" waiting="0.00" lane="left_0" pos="11.36" speed="7.36" angle="163.94" x="-0.60" y="39.65"/>
        <vehicle id="cfm-fast_5" eclass="HBEFA3/PC_G_EU4" CO2="28269.32" CO="585.25" HC="3.36" NOx="13.11" PMx="0.70" fuel="12.15" electricity="0.00" noise="118.89" route="routeleft" type="cfm-fast" waiting="0.00" lane="left_0" pos="27.19" speed="7.36" angle="135.58" x="18.60" y="11.94"/>
        <vehicle id="cfm-slow_0" eclass="HBEFA3/PC_G_EU4" CO2="25713.39" CO="533.43" HC="3.06" NOx="11.90" PMx="0.64" fuel="11.05" electricity="0.00" noise="113.52" route="routebottom" type="cfm-slow" waiting="0.00" lane="bottom_0" pos="3.02" speed="7.29" angle="89.07" x="70.25" y="-4.62"/>
        <vehicle id="cfm-slow_1" eclass="HBEFA3/PC_G_EU4" CO2="25713.39" CO="533.43" HC="3.06" NOx="11.90" PMx="0.64" fuel="11.05" electricity="0.00" noise="113.52" route="routebottom" type="cfm-slow" waiting="0.00" lane="bottom_0" pos="18.86" speed="7.29" angle="60.50" x="101.98" y="6.76"/>
        <vehicle id="cfm-slow_2" eclass="HBEFA3/PC_G_EU4" CO2="25713.39" CO="533.43" HC="3.06" NOx="11.90" PMx="0.64" fuel="11.05" electricity="0.00" noise="113.52" route="routebottom" type="cfm-slow" waiting="0.00" lane="bottom_0" pos="34.69" speed="7.29" angle="32.13" x="124.47" y="31.89"/>
        <vehicle id="cfm-slow_3" eclass="HBEFA3/PC_G_EU4" CO2="25713.43" CO="533.43" HC="3.06" NOx="11.90" PMx="0.64" fuel="11.05" electricity="0.00" noise="113.52" route="routebottom" type="cfm-slow" waiting="0.00" lane="right_0" pos="0.52" speed="7.29" angle="3.52" x="132.25" y="64.88"/>
        <vehicle id="cfm-slow_4" eclass="HBEFA3/PC_G_EU4" CO2="25715.97" CO="533.48" HC="3.06" NOx="11.90" PMx="0.64" fuel="11.05" electricity="0.00" noise="113.52" route="routeright" type="cfm-slow" waiting="0.00" lane="right_0" pos="16.36" speed="7.29" angle="335.00" x="123.39" y="97.41"/>
        <vehicle id="cfm-slow_5" eclass="HBEFA3/PC_G_EU4" CO2="25817.08" CO="535.54" HC="3.07" NOx="11.95" PMx="0.64" fuel="11.10" electricity="0.00" noise="113.74" route="routeright" type="cfm-slow" waiting="0.00" lane="right_0" pos="32.19" speed="7.30" angle="306.64" x="100.11" y="121.80"/>
    </timestep>
    <timestep time="0.55">
        <vehicle id="cfm-fast_0" eclass="HBEFA3/PC_G_EU4" CO2="28752.25" CO="593.63" HC="3.41" NOx="13.33" PMx="0.71" fuel="12.36" electricity="0.00" noise="118.95" route="routeright" type="cfm-fast" waiting="0.00" lane="right_0" pos="48.10" speed="7.50" angle="278.00" x="67.84" y="132.14"/>
        <vehicle id="cfm-fast_1" eclass="HBEFA3/PC_G_EU4" CO2="28752.25" CO="593.63" HC="3.41" NOx="13.33" PMx="0.71" fuel="12.36" electricity="0.00" noise="118.95" route="routetop" type="cfm-fast" waiting="0.00" lane="top_0" pos="13.93" speed="7.50" angle="249.38" x="34.54" y="125.79"/>
        <vehicle id="cfm-fast_2" eclass="HBEFA3/PC_G_EU4" CO2="28752.25" CO="593.63" HC="3.41" NOx="13.33" PMx="0.71" fuel="12.36" electricity="0.00" noise="118.95" route="routetop" type="cfm-fast" waiting="0.00" lane="top_0" pos="29.77" speed="7.50" angle="220.95" x="8.47" y="104.41"/>
        <vehicle id="cfm-fast_3" eclass="HBEFA3/PC_G_EU4" CO2="28752.25" CO="593.63" HC="3.41" NOx="13.33" PMx="0.71" fuel="12.36" electricity="0.00" noise="118.95" route="routetop" type="cfm-fast" waiting="0.00" lane="top_0" pos="45.60" speed="7.50" angle="192.50" x="-4.27" y="73.20"/>
        <vehicle id="cfm-fast_4" eclass="HBEFA3/PC_G_EU4" CO2="28752.25" CO="593.63" HC="3.41" NOx="13.33" PMx="0.71" fuel="12.36" electricity="0.00" noise="118.95" route="routeleft" type="cfm-fast" waiting="0.00" lane="left_0" pos="11.43" speed="7.50" angle="163.83" x="-0.55" y="39.50"/>
        <vehicle id="cfm-fast_5" eclass="HBEFA3/PC_G_EU4" CO2="28752.25" CO="593.63" HC="3.41" NOx="13.33" PMx="0.71" fuel="12.36" electricity="0.00" noise="118.95" route="routeleft" type="cfm-fast" waiting="0.00" lane="left_0" pos="27.27" speed="7.50" angle="135.44" x="18.72" y="11.83"/>
        <vehicle id="cfm-slow_0" eclass="HBEFA3/PC_G_EU4" CO2="25891.81" CO="535.68" HC="3.08" NOx="11.98" PMx="0.64" fuel="11.13" electricity="0.00" noise="113.07" route="routebottom" type="cfm-slow" waiting="0.00" lane="bottom_0" pos="3.10" speed="7.42" angle="88.94" x="70.41" y="-4.60"/>
        <vehicle id="cfm-slow_1" eclass="HBEFA3/PC_G_EU4" CO2="25891.81" CO="535.68" HC="3.08" NOx="11.98" PMx="0.64" fuel="11.13" electricity="0.00" noise="113.07" route="routebottom" type="cfm-slow" waiting="0.00" lane="bottom_0" pos="18.93" speed="7.42" angle="60.36" x="102.12" y="6.85"/>
        <vehicle id="cfm-slow_2" eclass="HBEFA3/PC_G_EU4" CO2="25891.81" CO="535.68" HC="3.08" NOx="11.98" PMx="0.64" fuel="11.13" electricity="0.00" noise="113.07" route="routebottom" type="cfm-slow" waiting="0.00" lane="bottom_0" pos="34.76" speed="7.42" angle="32.00" x="124.54" y="32.03"/>
        <vehicle id="cfm-slow_3" eclass="HBEFA3/PC_G_EU4" CO2="25891.88" CO="535.69" HC="3.08" NOx="11.98" PMx="0.64" fuel="11.13" electricity="0.00" noise="113.07" route="routebottom" type="cfm-slow" waiting="0.00" lane="right_0" pos="0.60" speed="7.42" angle="3.39" x="132.25" y="65.04"/>
        <vehicle id="cfm-slow_4" eclass="HBEFA3/PC_G_EU4" CO2="25895.38" CO="535.76" HC="3.08" NOx="11.98" PMx="0.64" fuel="11.13" electricity="0.00" noise="113.08" route="routeright" type="cfm-slow" waiting="0.00" lane="right_0" pos="16.43" speed="7.42" angle="334.87" x="123.31" y="97.55"/>
        <vehicle id="cfm-slow_5" eclass="HBEFA3/PC_G_EU4" CO2="26019.84" CO="538.29" HC="3.09" NOx="12.04" PMx="0.64" fuel="11.18" electricity="0.00" noise="113.35" route="routeright" type="cfm-slow" waiting="0.00" lane="right_0" pos="32.26" speed="7.42" angle="306.50" x="99.97" y="121.88"/>
    </timestep>
    <timestep time="0.56">
        <vehicle id="cfm-fast_0" eclass="HBEFA3/PC_G_EU4" CO2="29235.47" CO="602.03" HC="3.46" NOx="13.56" PMx="0.73" fuel="12.57" electricity="0.00" noise="119.01" route="routeright" type="cfm-fast" waiting="0.00" lane="right_0" pos="48.18" speed="7.64" angle="277.86" x="67.68" y="132.15"/>
        <vehicle id="cfm-fast_1" eclass="HBEFA3/PC_G_EU4" CO2="29235.47" CO="602.03" HC="3.46" NOx="13.56" PMx="0.73" fuel="12.57" electricity="0.00" noise="119.01" route="routetop" type="cfm-fast" waiting="0.00" lane="top_0" pos="14.01" speed="7.64" angle="249.27" x="34.39" y="125.72"/>
        <vehicle id="cfm-fast_2" eclass="HBEFA3/PC_G_EU4" CO2="29235.47" CO="602.03" HC="3.46" NOx="13.56" PMx="0.73" fuel="12.57" electricity="0.00" noise="119.01" route="routetop" type="cfm-fast" waiting="0.00" lane="top_0" pos="29.84" speed="7.64" angle="220.81" x="8.38" y="104.28"/>
        <vehicle id="cfm-fast_3" eclass="HBEFA3/PC_G_EU4" CO2="29235.47" CO="602.03" HC="3.46" NOx="13.56" PMx="0.73" fuel="12.57" electricity="0.00" noise="119.01" route="routetop" type="cfm-fast" waiting="0.00" lane="top_0" pos="45.68" speed="7.64" angle="192.36" x="-4.30" y="73.03"/>
        <vehicle id="cfm-fast_4" eclass="HBEFA3/PC_G_EU4" CO2="29235.47" CO="602.03" HC="3.46" NOx="13.56" PMx="0.73" fuel="12.57" electricity="0.00" noise="119.01" route="routeleft" type="cfm-fast" waiting="0.00" lane="left_0" pos="11.51" speed="7.64" angle="163.73" x="-0.49" y="39.34"/>
        <vehicle id="cfm-fast_5" eclass="HBEFA3/PC_G_EU4" CO2="29235.47" CO="602.03" HC="3.46" NOx="13.56" PMx="0.73" fuel="12.57" electricity="0.00" noise="119.01" route="routeleft" type="cfm-fast" waiting="0.00" lane="left_0" pos="27.34" speed="7.64" angle="135.29" x="18.85" y="11.73"/>
        <vehicle id="cfm-slow_0" eclass="HBEFA3/PC_G_EU4" CO2="26061.70" CO="537.79" HC="3.09" NOx="12.06" PMx="0.64" fuel="11.20" electricity="0.00" noise="112.63" route="routebottom" type="cfm-slow" waiting="0.00" lane="bottom_0" pos="3.17" speed="7.54" angle="88.81" x="70.57" y="-4.59"/>
        <vehicle id="cfm-slow_1" eclass="HBEFA3/PC_G_EU4" CO2="26061.70" CO="537.79" HC="3.09" NOx="12.06" PMx="0.64" fuel="11.20" electricity="0.00" noise="112.63" route="routebottom" type="cfm-slow" waiting="0.00" lane="bottom_0" pos="19.01" speed="7.54" angle="60.22" x="102.25" y="6.94"/>
        <vehicle id="cfm-slow_2" eclass="HBEFA3/PC_G_EU4" CO2="26061.70" CO="537.79" HC="3.09" NOx="12.06" PMx="0.64" fuel="11.20" electricity="0.00" noise="112.63" route="routebottom" type="cfm-slow" waiting="0.00" lane="bottom_0" pos="34.84" speed="7.54" angle="31.86" x="124.61" y="32.18"/>
        <vehicle id="cfm-slow_3" eclass="HBEFA3/PC_G_EU4" CO2="26061.80" CO="537.79" HC="3.09" NOx="12.06" PMx="0.64" fuel="11.20" electricity="0.00" noise="112.63" route="routebottom" type="cfm-slow" waiting="0.00" lane="right_0" pos="0.67" speed="7.54" angle="3.25" x="132.24" y="65.20"/>
        <vehicle id="cfm-slow_4" eclass="HBEFA3/PC_G_EU4" CO2="26066.49" CO="537.89" HC="3.09" NOx="12.06" PMx="0.64" fuel="11.20" electricity="0.00" noise="112.64" route="routeright" type="cfm-slow" waiting="0.00" lane="right_0" pos="16.51" speed="7.54" angle="334.73" x="123.23" y="97.69"/>
        <vehicle id="cfm-slow_5" eclass="HBEFA3/PC_G_EU4" CO2="26216.93" CO="540.95" HC="3.11" NOx="12.13" PMx="0.65" fuel="11.27" electricity="0.00" noise="112.96" route="routeright" type="cfm-slow" waiting="0.00" lane="right_0" pos="32.34" speed="7.54" angle="306.36" x="99.83" y="121.96"/>
    </timestep>
    <timestep time="0.57">
        <vehicle id="cfm-fast_0" eclass="HBEFA3/PC_G_EU4" CO2="29718.98" CO="610.45" HC="3.51" NOx="13.78" PMx="0.74" fuel="12.77" electricity="0.00" noise="119.07" route="routeright" type="cfm-fast" waiting="0.00" lane="right_0" pos="48.25" speed="7.77" angle="277.72" x="67.51" y="132.16"/>
        <vehicle id="cfm-fast_1" eclass="HBEFA3/PC_G_EU4" CO2="29718.98" CO="610.45" HC="3.51" NOx="13.78" PMx="0.74" fuel="12.77" electricity="0.00" noise="119.07" route="routetop" type="cfm-fast" waiting="0.00" lane="top_0" pos="14.09" speed="7.77" angle="249.16" x="34.24" y="125.66"/>
        <vehicle id="cfm-fast_2" eclass="HBEFA3/PC_G_EU4" CO2="29718.98" CO="610.45" HC="3.51" NOx="13.78" PMx="0.74" fuel="12.77" electricity="0.00" noise="119.07" route="routetop" type="cfm-fast" waiting="0.00" lane="top_0" pos="29.92" speed="7.77" angle="220.67" x="8.28" y="104.14"/>
        <vehicle id="cfm-fast_3" eclass="HBEFA3/PC_G_EU4" CO2="29718.98" CO="610.45" HC="3.51" NOx="13.78" PMx="0.74" fuel="12.77" electricity="0.00" noise="119.07" route="routetop" type="cfm-fast" waiting="0.00" lane="top_0" pos="45.75" speed="7.77" angle="192.22" x="-4.32" y="72.87"/>
        <vehicle id="cfm-fast_4" eclass="HBEFA3/PC_G_EU4" CO2="29718.98" CO="610.45" HC="3.51" NOx="13.78" PMx="0.74" fuel="12.77" electricity="0.00" noise="119.07" route="routeleft" type="cfm-fast" waiting="0.00" lane="left_0" pos="11.59" speed="7.77" angle="163.60" x="-0.43" y="39.19"/>
        <vehicle id="cfm-fast_5" eclass="HBEFA3/PC_G_EU4" CO2="29718.98" CO="610.45" HC="3.51" NOx="13.78" PMx="0.74" fuel="12.77" electricity="0.00" noise="119.07" route="routeleft" type="cfm-fast" waiting="0.00" lane="left_0" pos="27.42" speed="7.77" angle="135.15" x="18.98" y="11.62"/>
        <vehicle id="cfm-slow_0" eclass="HBEFA3/PC_G_EU4" CO2="26223.26" CO="539.75" HC="3.10" NOx="12.13" PMx="0.65" fuel="11.27" electricity="0.00" noise="112.20" route="routebottom" type="cfm-slow" waiting="0.00" lane="bottom_0" pos="3.25" speed="7.66" angle="88.67" x="70.74" y="-4.57"/>
        <vehicle id="cfm-slow_1" eclass="HBEFA3/PC_G_EU4" CO2="26223.26" CO="539.75" HC="3.10" NOx="12.13" PMx="0.65" fuel="11.27" electricity="0.00" noise="112.20" route="routebottom" type="cfm-slow" waiting="0.00" lane="bottom_0" pos="19.08" speed="7.66" angle="60.08" x="102.39" y="7.03"/>
        <vehicle id="cfm-slow_2" eclass="HBEFA3/PC_G_EU4" CO2="26223.26" CO="539.75" HC="3.10" NOx="12.13" PMx="0.65" fuel="11.27" electricity="0.00" noise="112.20" route="routebottom" type="cfm-slow" waiting="0.00" lane="bottom_0" pos="34.91" speed="7.66" angle="31.72" x="124.69" y="32.32"/>
        <vehicle id="cfm-slow_3" eclass="HBEFA3/PC_G_EU4" CO2="26223.41" CO="539.75" HC="3.10" NOx="12.13" PMx="0.65" fuel="11.27" electricity="0.00" noise="112.20" route="routebottom" type="cfm-slow" waiting="0.00" lane="right_0" pos="0.75" speed="7.66" angle="3.11" x="132.24" y="65.37"/>
        <vehicle id="cfm-slow_4" eclass="HBEFA3/PC_G_EU4" CO2="26229.52" CO="539.87" HC="3.10" NOx="12.14" PMx="0.65" fuel="11.27" electricity="0.00" noise="112.21" route="routeright" type="cfm-slow" waiting="0.00" lane="right_0" pos="16.58" speed="7.66" angle="334.62" x="123.15" y="97.83"/>
        <vehicle id="cfm-slow_5" eclass="HBEFA3/PC_G_EU4" CO2="26408.62" CO="543.52" HC="3.12" NOx="12.22" PMx="0.65" fuel="11.35" electricity="0.00" noise="112.58" route="routeright" type="cfm-slow" waiting="0.00" lane="right_0" pos="32.42" speed="7.66" angle="306.21" x="99.69" y="122.05"/>
    </timestep>
    <timestep time="0.58">
        <vehicle id="cfm-fast_0" eclass="HBEFA3/PC_G_EU4" CO2="30202.79" CO="618.90" HC="3.56" NOx="14.00" PMx="0.75" fuel="12.98" electricity="0.00" noise="119.13" route="routeright" type="cfm-fast" waiting="0.00" lane="right_0" pos="48.33" speed="7.91" angle="277.57" x="67.34" y="132.17"/>
        <vehicle id="cfm-fast_1" eclass="HBEFA3/PC_G_EU4" CO2="30202.79" CO="618.90" HC="3.56" NOx="14.00" PMx="0.75" fuel="12.98" electricity="0.00" noise="119.13" route="routetop" type="cfm-fast" waiting="0.00" lane="top_0" pos="14.17" speed="7.91" angle="249.01" x="34.09" y="125.58"/>
        <vehicle id="cfm-fast_2" eclass="HBEFA3/PC_G_EU4" CO2="30202.79" CO="618.90" HC="3.56" NOx="14.00" PMx="0.75" fuel="12.98" electricity="0.00" noise="119.13" route="routetop" type="cfm-fast" waiting="0.00" lane="top_0" pos="30.00" speed="7.91" angle="220.52" x="8.18" y="104.00"/>
        <vehicle id="cfm-fast_3" eclass="HBEFA3/PC_G_EU4" CO2="30202.79" CO="618.90" HC="3.56" NOx="14.00" PMx="0.75" fuel="12.98" electricity="0.00" noise="119.13" route="routetop" type="cfm-fast" waiting="0.00" lane="top_0" pos="45.83" speed="7.91" angle="192.07" x="-4.34" y="72.70"/>
        <vehicle id="cfm-fast_4" eclass="HBEFA3/PC_G_EU4" CO2="30202.79" CO="618.90" HC="3.56" NOx="14.00" PMx="0.75" fuel="12.98" electricity="0.00" noise="119.13" route="routeleft" type="cfm-fast" waiting="0.00" lane="left_0" pos="11.67" speed="7.91" angle="163.46" x="-0.37" y="39.03"/>
        <vehicle id="cfm-fast_5" eclass="HBEFA3/PC_G_EU4" CO2="30202.79" CO="618.90" HC="3.56" NOx="14.00" PMx="0.75" fuel="12.98" electricity="0.00" noise="119.13" route="routeleft" type="cfm-fast" waiting="0.00" lane="left_0" pos="27.50" speed="7.91" angle="135.00" x="19.11" y="11.51"/>
        <vehicle id="cfm-slow_0" eclass="HBEFA3/PC_G_EU4" CO2="26376.69" CO="541.56" HC="3.11" NOx="12.20" PMx="0.65" fuel="11.34" electricity="0.00" noise="111.76" route="routebottom" type="cfm-slow" waiting="0.00" lane="bottom_0" pos="3.33" speed="7.78" angle="88.53" x="70.90" y="-4.55"/>
        <vehicle id="cfm-slow_1" eclass="HBEFA3/PC_G_EU4" CO2="26376.69" CO="541.56" HC="3.11" NOx="12.20" PMx="0.65" fuel="11.34" electricity="0.00" noise="111.76" route="routebottom" type="cfm-slow" waiting="0.00" lane="bottom_0" pos="19.16" speed="7.78" angle="59.97" x="102.53" y="7.13"/>
        <vehicle id="cfm-slow_2" eclass="HBEFA3/PC_G_EU4" CO2="26376.69" CO="541.56" HC="3.11" NOx="12.20" PMx="0.65" fuel="11.34" electricity="0.00" noise="111.76" route="routebottom" type="cfm-slow" waiting="0.00" lane="bottom_0" pos="34.99" speed="7.78" angle="31.58" x="124.76" y="32.47"/>
        <vehicle id="cfm-slow_3" eclass="HBEFA3/PC_G_EU4" CO2="26376.89" CO="541.56" HC="3.11" NOx="12.20" PMx="0.65" fuel="11.34" electricity="0.00" noise="111.77" route="routebottom" type="cfm-slow" waiting="0.00" lane="right_0" pos="0.83" speed="7.78" angle="2.97" x="132.24" y="65.54"/>
        <vehicle id="cfm-slow_4" eclass="HBEFA3/PC_G_EU4" CO2="26384.71" CO="541.72" HC="3.12" NOx="12.21" PMx="0.65" fuel="11.34" electricity="0.00" noise="111.78" route="routeright" type="cfm-slow" waiting="0.00" lane="right_0" pos="16.66" speed="7.78" angle="334.50" x="123.07" y="97.98"/>
        <vehicle id="cfm-slow_5" eclass="HBEFA3/PC_G_EU4" CO2="26595.19" CO="546.00" HC="3.14" NOx="12.31" PMx="0.66" fuel="11.43" electricity="0.00" noise="112.21" route="routeright" type="cfm-slow" waiting="0.00" lane="right_0" pos="32.49" speed="7.79" angle="306.07" x="99.55" y="122.13"/>
    </timestep>
    <timestep time="0.59">
        <vehicle id="cfm-fast_0" eclass="HBEFA3/PC_G_EU4" CO2="30686.88" CO="627.36" HC="3.61" NOx="14.23" PMx="0.76" fuel="13.19" electricity="0.00" noise="119.19" route="routeright" type="cfm-fast" waiting="0.00" lane="right_0" pos="48.41" speed="8.05" angle="277.42" x="67.17" y="132.18"/>
        <vehicle id="cfm-fast_1" eclass="HBEFA3/PC_G_EU4" CO2="30686.88" CO="627.36" HC="3.61" NOx="14.23" PMx="0.76" fuel="13.19" electricity="0.00" noise="119.19" route="routetop" type="cfm-fast" waiting="0.00" lane="top_0" pos="14.25" speed="8.05" angle="248.86" x="33.93" y="125.50"/>
        <vehicle id="cfm-fast_2" eclass="HBEFA3/PC_G_EU4" CO2="30686.88" CO="627.36" HC="3.61" NOx="14.23" PMx="0.76" fuel="13.19" electricity="0.00" noise="119.19" route="routetop" type="cfm-fast" waiting="0.00" lane="top_0" pos="30.08" speed="8.05" angle="220.37" x="8.08" y="103.86"/>
        <vehicle id="cfm-fast_3" eclass="HBEFA3/PC_G_EU4" CO2="30686.88" CO="627.36" HC="3.61" NOx="14.23" PMx="0.76" fuel="13.19" electricity="0.00" noise="119.19" route="routetop" type="cfm-fast" waiting="0.00" lane="top_0" pos="45.91" speed="8.05" angle="191.92" x="-4.37" y="72.53"/>
        <vehicle id="cfm-fast_4" eclass="HBEFA3/PC_G_EU4" CO2="30686.88" CO="627.36" HC="3.61" NOx="14.23" PMx="0.76" fuel="13.19" electricity="0.00" noise="119.19" route="routeleft" type="cfm-fast" waiting="0.00" lane="left_0" pos="11.75" speed="8.05" angle="163.31" x="-0.31" y="38.87"/>
        <vehicle id="cfm-fast_5" eclass="HBEFA3/PC_G_EU4" CO2="30686.88" CO="627.36" HC="3.61" NOx="14.23" PMx="0.76" fuel="13.19" electricity="0.00" noise="119.19" route="routeleft" type="cfm-fast" waiting="0.00" lane="left_0" pos="27.58" speed="8.05" angle="134.85" x="19.24" y="11.40"/>
        <vehicle id="cfm-slow_0" eclass="HBEFA3/PC_G_EU4" CO2="26522.17" CO="543.24" HC="3.13" NOx="12.27" PMx="0.66" fuel="11.40" electricity="0.00" noise="111.34" route="routebottom" type="cfm-slow" waiting="0.00" lane="bottom_0" pos="3.41" speed="7.90" angle="88.39" x="71.07" y="-4.54"/>
        <vehicle id="cfm-slow_1" eclass="HBEFA3/PC_G_EU4" CO2="26522.17" CO="543.24" HC="3.13" NOx="12.27" PMx="0.66" fuel="11.40" electricity="0.00" noise="111.34" route="routebottom" type="cfm-slow" waiting="0.00" lane="bottom_0" pos="19.24" speed="7.90" angle="59.85" x="102.67" y="7.22"/>
        <vehicle id="cfm-slow_2" eclass="HBEFA3/PC_G_EU4" CO2="26522.18" CO="543.24" HC="3.13" NOx="12.27" PMx="0.66" fuel="11.40" electricity="0.00" noise="111.34" route="routebottom" type="cfm-slow" waiting="0.00" lane="bottom_0" pos="35.07" speed="7.90" angle="31.44" x="124.84" y="32.62"/>
        <vehicle id="cfm-slow_3" eclass="HBEFA3/PC_G_EU4" CO2="26522.46" CO="543.24" HC="3.13" NOx="12.27" PMx="0.66" fuel="11.40" electricity="0.00" noise="111.34" route="routebottom" type="cfm-slow" waiting="0.00" lane="right_0" pos="0.91" speed="7.90" angle="2.83" x="132.23" y="65.71"/>
        <vehicle id="cfm-slow_4" eclass="HBEFA3/PC_G_EU4" CO2="26532.27" CO="543.44" HC="3.13" NOx="12.27" PMx="0.66" fuel="11.40" electricity="0.00" noise="111.36" route="routeright" type="cfm-slow" waiting="0.00" lane="right_0" pos="16.74" speed="7.90" angle="334.36" x="122.98" y="98.13"/>
        <vehicle id="cfm-slow_5" eclass="HBEFA3/PC_G_EU4" CO2="26776.87" CO="548.41" HC="3.16" NOx="12.39" PMx="0.66" fuel="11.51" electricity="0.00" noise="111.84" route="routeright" type="cfm-slow" waiting="0.00" lane="right_0" pos="32.57" speed="7.91" angle="305.92" x="99.40" y="122.22"/>
    </timestep>
    <timestep time="0.60">
        <vehicle id="cfm-fast_0" eclass="HBEFA3/PC_G_EU4" CO2="31171.27" CO="635.85" HC="3.66" NOx="14.45" PMx="0.78" fuel="13.40" electricity="0.00" noise="119.25" route="routeright" type="cfm-fast" waiting="0.00" lane="right_0" pos="48.50" speed="8.18" angle="277.26" x="67.00" y="132.19"/>
        <vehicle id="cfm-fast_1" eclass="HBEFA3/PC_G_EU4" CO2="31171.27" CO="635.85" HC="3.66" NOx="14.45" PMx="0.78" fuel="13.40" electricity="0.00" noise="119.25" route="routetop" type="cfm-fast" waiting="0.00" lane="top_0" pos="14.33" speed="8.18" angle="248.70" x="33.78" y="125.42"/>
        <vehicle id="cfm-fast_2" eclass="HBEFA3/PC_G_EU4" CO2="31171.27" CO="635.85" HC="3.66" NOx="14.45" PMx="0.78" fuel="13.40" electricity="0.00" noise="119.25" route="routetop" type="cfm-fast" waiting="0.00" lane="top_0" pos="30.16" speed="8.18" angle="220.22" x="7.97" y="103.72"/>
        <vehicle id="cfm-fast_3" eclass="HBEFA3/PC_G_EU4" CO2="31171.27" CO="635.85" HC="3.66" NOx="14.45" PMx="0.78" fuel="13.40" electricity="0.00" noise="119.25" route="routetop" type="cfm-fast" waiting="0.00" lane="top_0" pos="46.00" speed="8.18" angle="191.77" x="-4.39" y="72.35"/>
        <vehicle id="cfm-fast_4" eclass="HBEFA3/PC_G_EU4" CO2="31171.27" CO="635.85" HC="3.66" NOx="14.45" PMx="0.78" fuel="13.40" electricity="0.00" noise="119.25" route="routeleft" type="cfm-fast" waiting="0.00" lane="left_0" pos="11.83" speed="8.18" angle="163.17" x="-0.24" y="38.71"/>
        <vehicle id="cfm-fast_5" eclass="HBEFA3/PC_G_EU4" CO2="31171.27" CO="635.85" HC="3.66" NOx="14.45" PMx="0.78" fuel="13.40" electricity="0.00" noise="119.25" route="routeleft" type="cfm-fast" waiting="0.00" lane="left_0" pos="27.66" speed="8.18" angle="134.70" x="19.37" y="11.28"/>
        <vehicle id="cfm-slow_0" eclass="HBEFA3/PC_G_EU4" CO2="26659.91" CO="544.77" HC="3.14" NOx="12.33" PMx="0.66" fuel="11.46" electricity="0.00" noise="110.91" route="routebottom" type="cfm-slow" waiting="0.00" lane="bottom_0" pos="3.49" speed="8.02" angle="88.24" x="71.24" y="-4.52"/>
        <vehicle id="cfm-slow_1" eclass="HBEFA3/PC_G_EU4" CO2="26659.91" CO="544.77" HC="3.14" NOx="12.33" PMx="0.66" fuel="11.46" electricity="0.00" noise="110.91" route="routebottom" type="cfm-slow" waiting="0.00" lane="bottom_0" pos="19.32" speed="8.02" angle="59.70" x="102.81" y="7.32"/>
        <vehicle id="cfm-slow_2" eclass="HBEFA3/PC_G_EU4" CO2="26659.92" CO="544.77" HC="3.14" NOx="12.33" PMx="0.66" fuel="11.46" electricity="0.00" noise="110.91" route="routebottom" type="cfm-slow" waiting="0.00" lane="bottom_0" pos="35.15" speed="8.02" angle="31.29" x="124.92" y="32.78"/>
        <vehicle id="cfm-slow_3" eclass="HBEFA3/PC_G_EU4" CO2="26660.29" CO="544.78" HC="3.14" NOx="12.33" PMx="0.66" fuel="11.46" electricity="0.00" noise="110.91" route="routebottom" type="cfm-slow" waiting="0.00" lane="right_0" pos="0.99" speed="8.02" angle="2.68" x="132.23" y="65.88"/>
        <vehicle id="cfm-slow_4" eclass="HBEFA3/PC_G_EU4" CO2="26672.43" CO="545.03" HC="3.14" NOx="12.34" PMx="0.66" fuel="11.47" electricity="0.00" noise="110.94" route="routeright" type="cfm-slow" waiting="0.00" lane="right_0" pos="16.82" speed="8.02" angle="334.22" x="122.89" y="98.27"/>
        <vehicle id="cfm-slow_5" eclass="HBEFA3/PC_G_EU4" CO2="26953.93" CO="550.74" HC="3.17" NOx="12.47" PMx="0.67" fuel="11.59" electricity="0.00" noise="111.49" route="routeright" type="cfm-slow" waiting="0.00" lane="right_0" pos="32.65" speed="8.02" angle="305.76" x="99.25" y="122.31"/>
    </timestep>
    <timestep time="0.61">
        <vehicle id="cfm-fast_0" eclass="HBEFA3/PC_G_EU4" CO2="31655.95" CO="644.36" HC="3.71" NOx="14.68" PMx="0.79" fuel="13.61" electricity="0.00" noise="119.30" route="routeright" type="cfm-fast" waiting="0.00" lane="right_0" pos="48.58" speed="8.32" angle="277.11" x="66.82" y="132.20"/>
        <vehicle id="cfm-fast_1" eclass="HBEFA3/PC_G_EU4" CO2="31655.95" CO="644.36" HC="3.71" NOx="14.68" PMx="0.79" fuel="13.61" electricity="0.00" noise="119.30" route="routetop" type="cfm-fast" waiting="0.00" lane="top_0" pos="14.41" speed="8.32" angle="248.54" x="33.62" y="125.34"/>
        <vehicle id="cfm-fast_2" eclass="HBEFA3/PC_G_EU4" CO2="31655.95" CO="644.36" HC="3.71" NOx="14.68" PMx="0.79" fuel="13.61" electricity="0.00" noise="119.30" route="routetop" type="cfm-fast" waiting="0.00" lane="top_0" pos="30.25" speed="8.32" angle="220.06" x="7.87" y="103.57"/>
        <vehicle id="cfm-fast_3" eclass="HBEFA3/PC_G_EU4" CO2="31655.95" CO="644.36" HC="3.71" NOx="14.68" PMx="0.79" fuel="13.61" electricity="0.00" noise="119.30" route="routetop" type="cfm-fast" waiting="0.00" lane="top_0" pos="46.08" speed="8.32" angle="191.63" x="-4.42" y="72.18"/>
        <vehicle id="cfm-fast_4" eclass="HBEFA3/PC_G_EU4" CO2="31655.95" CO="644.36" HC="3.71" NOx="14.68" PMx="0.79" fuel="13.61" electricity="0.00" noise="119.30" route="routeleft" type="cfm-fast" waiting="0.00" lane="left_0" pos="11.91" speed="8.32" angle="163.02" x="-0.17" y="38.54"/>
        <vehicle id="cfm-fast_5" eclass="HBEFA3/PC_G_EU4" CO2="31655.95" CO="644.36" HC="3.71" NOx="14.68" PMx="0.79" fuel="13.61" electricity="0.00" noise="119.30" route="routeleft" type="cfm-fast" waiting="0.00" lane="left_0" pos="27.75" speed="8.32" angle="134.54" x="19.51" y="11.17"/>
        <vehicle id="cfm-slow_0" eclass="HBEFA3/PC_G_EU4" CO2="26790.09" CO="546.18" HC="3.15" NOx="12.39" PMx="0.66" fuel="11.52" electricity="0.00" noise="110.49" route="routebottom" type="cfm-slow" waiting="0.00" lane="bottom_0" pos="3.57" speed="8.13" angle="88.10" x="71.42" y="-4.50"/>
        <vehicle id="cfm-slow_1" eclass="HBEFA3/PC_G_EU4" CO2="26790.09" CO="546.18" HC="3.15" NOx="12.39" PMx="0.66" fuel="11.52" electricity="0.00" noise="110.49" route="routebottom" type="cfm-slow" waiting="0.00" lane="bottom_0" pos="19.40" speed="8.13" angle="59.55" x="102.95" y="7.42"/>
        <vehicle id="cfm-slow_2" eclass="HBEFA3/PC_G_EU4" CO2="26790.10" CO="546.18" HC="3.15" NOx="12.39" PMx="0.66" fuel="11.52" electricity="0.00" noise="110.49" route="routebottom" type="cfm-slow" waiting="0.00" lane="bottom_0" pos="35.23" speed="8.13" angle="31.14" x="125.00" y="32.94"/>
        <vehicle id="cfm-slow_3" eclass="HBEFA3/PC_G_EU4" CO2="26790.59" CO="546.19" HC="3.15" NOx="12.39" PMx="0.66" fuel="11.52" electricity="0.00" noise="110.49" route="routebottom" type="cfm-slow" waiting="0.00" lane="right_0" pos="1.07" speed="8.13" angle="2.54" x="132.23" y="66.05"/>
        <vehicle id="cfm-slow_4" eclass="HBEFA3/PC_G_EU4" CO2="26805.39" CO="546.49" HC="3.15" NOx="12.40" PMx="0.66" fuel="11.52" electricity="0.00" noise="110.52" route="routeright" type="cfm-slow" waiting="0.00" lane="right_0" pos="16.90" speed="8.13" angle="334.07" x="122.80" y="98.42"/>
        <vehicle id="cfm-slow_5" eclass="HBEFA3/PC_G_EU4" CO2="27126.58" CO="553.01" HC="3.19" NOx="12.55" PMx="0.67" fuel="11.66" electricity="0.00" noise="111.14" route="routeright" type="cfm-slow" waiting="0.00" lane="right_0" pos="32.73" speed="8.14" angle="305.61" x="99.10" y="122.40"/>
    </timestep>
    <timestep time="0.62">
        <vehicle id="cfm-fast_0" eclass="HBEFA3/PC_G_EU4" CO2="32140.92" CO="652.89" HC="3.76" NOx="14.90" PMx="0.80" fuel="13.82" electricity="0.00" noise="119.36" route="routeright" type="cfm-fast" waiting="0.00" lane="right_0" pos="48.66" speed="8.45" angle="276.97" x="66.64" y="132.21"/>
        <vehicle id="cfm-fast_1" eclass="HBEFA3/PC_G_EU4" CO2="32140.92" CO="652.89" HC="3.76" NOx="14.90" PMx="0.80" fuel="13.82" electricity="0.00" noise="119.36" route="routetop" type="cfm-fast" waiting="0.00" lane="top_0" pos="14.50" speed="8.45" angle="248.38" x="33.45" y="125.26"/>
        <vehicle id="cfm-fast_2" eclass="HBEFA3/PC_G_EU4" CO2="32140.92" CO="652.89" HC="3.76" NOx="14.90" PMx="0.80" fuel="13.82" electricity="0.00" noise="119.36" route="routetop" type="cfm-fast" waiting="0.00" lane="top_0" pos="30.33" speed="8.45" angle="219.91" x="7.76" y="103.42"/>
        <vehicle id="cfm-fast_3" eclass="HBEFA3/PC_G_EU4" CO2="32140.92" CO="652.89" HC="3.76" NOx="14.90" PMx="0.80" fuel="13.82" electricity="0.00" noise="119.36" route="routetop" type="cfm-fast" waiting="0.00" lane="top_0" pos="46.16" speed="8.45" angle="191.51" x="-4.44" y="72.00"/>
        <vehicle id="cfm-fast_4" eclass="HBEFA3/PC_G_EU4" CO2="32140.92" CO="652.89" HC="3.76" NOx="14.90" PMx="0.80" fuel="13.82" electricity="0.00" noise="119.36" route="routeleft" type="cfm-fast" waiting="0.00" lane="left_0" pos="12.00" speed="8.45" angle="162.87" x="-0.11" y="38.37"/>
        <vehicle id="cfm-fast_5" eclass="HBEFA3/PC_G_EU4" CO2="32140.92" CO="652.89" HC="3.76" NOx="14.90" PMx="0.80" fuel="13.82" electricity="0.00" noise="119.36" route="routeleft" type="cfm-fast" waiting="0.00" lane="left_0" pos="27.83" speed="8.45" angle="134.38" x="19.65" y="11.05"/>
        <vehicle id="cfm-slow_0" eclass="HBEFA3/PC_G_EU4" CO2="26912.89" CO="547.46" HC="3.15" NOx="12.44" PMx="0.66" fuel="11.57" electricity="0.00" noise="110.08" route="routebottom" type="cfm-slow" waiting="0.00" lane="bottom_0" pos="3.65" speed="8.25" angle="87.95" x="71.59" y="-4.48"/>
        <vehicle id="cfm-slow_1" eclass="HBEFA3/PC_G_EU4" CO2="26912.89" CO="547.46" HC="3.15" NOx="12.44" PMx="0.66" fuel="11.57" electricity="0.00" noise="110.08" route="routebottom" type="cfm-slow" waiting="0.00" lane="bottom_0" pos="19.48" speed="8.25" angle="59.40" x="103.10" y="7.53"/>
        <vehicle id="cfm-slow_2" eclass="HBEFA3/PC_G_EU4" CO2="26912.91" CO="547.46" HC="3.15" NOx="12.44" PMx="0.66" fuel="11.57" electricity="0.00" noise="110.08" route="routebottom" type="cfm-slow" waiting="0.00" lane="bottom_0" pos="35.32" speed="8.25" angle="30.99" x="125.08" y="33.09"/>
        <vehicle id="cfm-slow_3" eclass="HBEFA3/PC_G_EU4" CO2="26913.53" CO="547.47" HC="3.15" NOx="12.44" PMx="0.66" fuel="11.57" electricity="0.00" noise="110.08" route="routebottom" type="cfm-slow" waiting="0.00" lane="right_0" pos="1.15" speed="8.25" angle="2.39" x="132.22" y="66.23"/>
        <vehicle id="cfm-slow_4" eclass="HBEFA3/PC_G_EU4" CO2="26931.38" CO="547.84" HC="3.16" NOx="12.45" PMx="0.67" fuel="11.58" electricity="0.00" noise="110.11" route="routeright" type="cfm-slow" waiting="0.00" lane="right_0" pos="16.98" speed="8.25" angle="333.92" x="122.71" y="98.58"/>
        <vehicle id="cfm-slow_5" eclass="HBEFA3/PC_G_EU4" CO2="27295.08" CO="555.21" HC="3.20" NOx="12.62" PMx="0.67" fuel="11.73" electricity="0.00" noise="110.80" route="routeright" type="cfm-slow" waiting="0.00" lane="right_0" pos="32.82" speed="8.26" angle="305.45" x="98.95" y="122.49"/>
    </timestep>
    <timestep time="0.63">
        <vehicle id="cfm-fast_0" eclass="HBEFA3/PC_G_EU4" CO2="32626.19" CO="661.44" HC="3.82" NOx="15.13" PMx="0.81" fuel="14.02" electricity="0.00" noise="119.42" route="routeright" type="cfm-fast" waiting="0.00" lane="right_0" pos="48.75" speed="8.59" angle="276.84" x="66.45" y="132.22"/>
        <vehicle id="cfm-fast_1" eclass="HBEFA3/PC_G_EU4" CO2="32626.19" CO="661.44" HC="3.82" NOx="15.13" PMx="0.81" fuel="14.02" electricity="0.00" noise="119.42" route="routetop" type="cfm-fast" waiting="0.00" lane="top_0" pos="14.58" speed="8.59" angle="248.21" x="33.29" y="125.18"/>
        <vehicle id="cfm-fast_2" eclass="HBEFA3/PC_G_EU4" CO2="32626.19" CO="661.44" HC="3.82" NOx="15.13" PMx="0.81" fuel="14.02" electricity="0.00" noise="119.42" route="routetop" type="cfm-fast" waiting="0.00" lane="top_0" pos="30.42" speed="8.59" angle="219.75" x="7.66" y="103.27"/>
        <vehicle id="cfm-fast_3" eclass="HBEFA3/PC_G_EU4" CO2="32626.19" CO="661.44" HC="3.82" NOx="15.13" PMx="0.81" fuel="14.02" electricity="0.00" noise="119.42" route="routetop" type="cfm-fast" waiting="0.00" lane="top_0" pos="46.25" speed="8.59" angle="191.36" x="-4.46" y="71.81"/>
        <vehicle id="cfm-fast_4" eclass="HBEFA3/PC_G_EU4" CO2="32626.19" CO="661.44" HC="3.82" NOx="15.13" PMx="0.81" fuel="14.02" electricity="0.00" noise="119.42" route="routeleft" type="cfm-fast" waiting="0.00" lane="left_0" pos="12.08" speed="8.59" angle="162.72" x="-0.04" y="38.20"/>
        <vehicle id="cfm-fast_5" eclass="HBEFA3/PC_G_EU4" CO2="32626.19" CO="661.44" HC="3.82" NOx="15.13" PMx="0.81" fuel="14.02" electricity="0.00" noise="119.42" route="routeleft" type="cfm-fast" waiting="0.00" lane="left_0" pos="27.92" speed="8.59" angle="134.22" x="19.79" y="10.93"/>
        <vehicle id="cfm-slow_0" eclass="HBEFA3/PC_G_EU4" CO2="27028.49" CO="548.61" HC="3.16" NOx="12.49" PMx="0.67" fuel="11.62" electricity="0.00" noise="109.66" route="routebottom" type="cfm-slow" waiting="0.00" lane="bottom_0" pos="3.73" speed="8.36" angle="87.80" x="71.77" y="-4.47"/>
        <vehicle id="cfm-slow_1" eclass="HBEFA3/PC_G_EU4" CO2="27028.49" CO="548.61" HC="3.16" NOx="12.49" PMx="0.67" fuel="11.62" electricity="0.00" noise="109.66" route="routebottom" type="cfm-slow" waiting="0.00" lane="bottom_0" pos="19.57" speed="8.36" angle="59.24" x="103.24" y="7.63"/>
        <vehicle id="cfm-slow_2" eclass="HBEFA3/PC_G_EU4" CO2="27028.51" CO="548.61" HC="3.16" NOx="12.49" PMx="0.67" fuel="11.62" electricity="0.00" noise="109.66" route="routebottom" type="cfm-slow" waiting="0.00" lane="bottom_0" pos="35.40" speed="8.36" angle="30.84" x="125.16" y="33.25"/>
        <vehicle id="cfm-slow_3" eclass="HBEFA3/PC_G_EU4" CO2="27029.30" CO="548.63" HC="3.16" NOx="12.50" PMx="0.67" fuel="11.62" electricity="0.00" noise="109.67" route="routebottom" type="cfm-slow" waiting="0.00" lane="right_0" pos="1.23" speed="8.36" angle="2.26" x="132.22" y="66.41"/>
        <vehicle id="cfm-slow_4" eclass="HBEFA3/PC_G_EU4" CO2="27050.60" CO="549.06" HC="3.17" NOx="12.51" PMx="0.67" fuel="11.63" electricity="0.00" noise="109.71" route="routeright" type="cfm-slow" waiting="0.00" lane="right_0" pos="17.07" speed="8.36" angle="333.77" x="122.62" y="98.73"/>
        <vehicle id="cfm-slow_5" eclass="HBEFA3/PC_G_EU4" CO2="27459.63" CO="557.35" HC="3.21" NOx="12.70" PMx="0.68" fuel="11.80" electricity="0.00" noise="110.46" route="routeright" type="cfm-slow" waiting="0.00" lane="right_0" pos="32.90" speed="8.38" angle="305.29" x="98.79" y="122.58"/>
    </timestep>
    <timestep time="0.64">
        <vehicle id="cfm-fast_0" eclass="HBEFA3/PC_G_EU4" CO2="33111.74" CO="670.01" HC="3.87" NOx="15.36" PMx="0.83" fuel="14.23" electricity="0.00" noise="119.48" route="routeright" type="cfm-fast" waiting="0.00" lane="right_0" pos="48.84" speed="8.73" angle="276.69" x="66.26" y="132.22"/>
        <vehicle id="cfm-fast_1" eclass="HBEFA3/PC_G_EU4" CO2="33111.74" CO="670.01" HC="3.87" NOx="15.36" PMx="0.83" fuel="14.23" electricity="0.00" noise="119.48" route="routetop" type="cfm-fast" waiting="0.00" lane="top_0" pos="14.67" speed="8.73" angle="248.05" x="33.12" y="125.09"/>
        <vehicle id="cfm-fast_2" eclass="HBEFA3/PC_G_EU4" CO2="33111.74" CO="670.01" HC="3.87" NOx="15.36" PMx="0.83" fuel="14.23" electricity="0.00" noise="119.48" route="routetop" type="cfm-fast" waiting="0.00" lane="top_0" pos="30.50" speed="8.73" angle="219.58" x="7.55" y="103.12"/>
        <vehicle id="cfm-fast_3" eclass="HBEFA3/PC_G_EU4" CO2="33111.74" CO="670.01" HC="3.87" NOx="15.36" PMx="0.83" fuel="14.23" electricity="0.00" noise="119.48" route="routetop" type="cfm-fast" waiting="0.00" lane="top_0" pos="46.34" speed="8.73" angle="191.20" x="-4.48" y="71.62"/>
        <vehicle id="cfm-fast_4" eclass="HBEFA3/PC_G_EU4" CO2="33111.74" CO="670.01" HC="3.87" NOx="15.36" PMx="0.83" fuel="14.23" electricity="0.00" noise="119.48" route="routeleft" type="cfm-fast" waiting="0.00" lane="left_0" pos="12.17" speed="8.73" angle="162.56" x="0.03" y="38.02"/>
        <vehicle id="cfm-fast_5" eclass="HBEFA3/PC_G_EU4" CO2="33111.74" CO="670.01" HC="3.87" NOx="15.36" PMx="0.83" fuel="14.23" electricity="0.00" noise="119.48" route="routeleft" type="cfm-fast" waiting="0.00" lane="left_0" pos="28.00" speed="8.73" angle="134.06" x="19.93" y="10.81"/>
        <vehicle id="cfm-slow_0" eclass="HBEFA3/PC_G_EU4" CO2="27137.07" CO="549.64" HC="3.17" NOx="12.54" PMx="0.67" fuel="11.66" electricity="0.00" noise="109.25" route="routebottom" type="cfm-slow" waiting="0.00" lane="bottom_0" pos="3.82" speed="8.48" angle="87.66" x="71.95" y="-4.45"/>
        <vehicle id="cfm-slow_1" eclass="HBEFA3/PC_G_EU4" CO2="27137.07" CO="549.64" HC="3.17" NOx="12.54" PMx="0.67" fuel="11.66" electricity="0.00" noise="109.25" route="routebottom" type="cfm-slow" waiting="0.00" lane="bottom_0" pos="19.65" speed="8.48" angle="59.08" x="103.39" y="7.74"/>
        <vehicle id="cfm-slow_2" eclass="HBEFA3/PC_G_EU4" CO2="27137.10" CO="549.64" HC="3.17" NOx="12.54" PMx="0.67" fuel="11.66" electricity="0.00" noise="109.26" route="routebottom" type="cfm-slow" waiting="0.00" lane="bottom_0" pos="35.48" speed="8.48" angle="30.69" x="125.24" y="33.42"/>
        <vehicle id="cfm-slow_3" eclass="HBEFA3/PC_G_EU4" CO2="27138.09" CO="549.66" HC="3.17" NOx="12.54" PMx="0.67" fuel="11.67" electricity="0.00" noise="109.26" route="routebottom" type="cfm-slow" waiting="0.00" lane="right_0" pos="1.32" speed="8.48" angle="2.11" x="132.21" y="66.59"/>
        <vehicle id="cfm-slow_4" eclass="HBEFA3/PC_G_EU4" CO2="27163.26" CO="550.17" HC="3.17" NOx="12.56" PMx="0.67" fuel="11.68" electricity="0.00" noise="109.30" route="routeright" type="cfm-slow" waiting="0.00" lane="right_0" pos="17.15" speed="8.48" angle="333.62" x="122.53" y="98.89"/>
        <vehicle id="cfm-slow_5" eclass="HBEFA3/PC_G_EU4" CO2="27620.46" CO="559.44" HC="3.23" NOx="12.77" PMx="0.68" fuel="11.87" electricity="0.00" noise="110.14" route="routeright" type="cfm-slow" waiting="0.00" lane="right_0" pos="32.98" speed="8.49" angle="305.13" x="98.64" y="122.68"/>
    </timestep>
    <timestep time="0.65">
        <vehicle id="cfm-fast_0" eclass="HBEFA3/PC_G_EU4" CO2="33597.59" CO="678.61" HC="3.92" NOx="15.58" PMx="0.84" fuel="14.44" electricity="0.00" noise="119.54" route="routeright" type="cfm-fast" waiting="0.00" lane="right_0" pos="48.92" speed="8.86" angle="276.52" x="66.07" y="132.23"/>
        <vehicle id="cfm-fast_1" eclass="HBEFA3/PC_G_EU4" CO2="33597.59" CO="678.61" HC="3.92" NOx="15.58" PMx="0.84" fuel="14.44" electricity="0.00" noise="119.54" route="routetop" type="cfm-fast" waiting="0.00" lane="top_0" pos="14.76" speed="8.86" angle="247.88" x="32.95" y="125.01"/>
        <vehicle id="cfm-fast_2" eclass="HBEFA3/PC_G_EU4" CO2="33597.59" CO="678.61" HC="3.92" NOx="15.58" PMx="0.84" fuel="14.44" electricity="0.00" noise="119.54" route="routetop" type="cfm-fast" waiting="0.00" lane="top_0" pos="30.59" speed="8.86" angle="219.42" x="7.44" y="102.97"/>
        <vehicle id="cfm-fast_3" eclass="HBEFA3/PC_G_EU4" CO2="33597.59" CO="678.61" HC="3.92" NOx="15.58" PMx="0.84" fuel="14.44" electricity="0.00" noise="119.54" route="routetop" type="cfm-fast" waiting="0.00" lane="top_0" pos="46.42" speed="8.86" angle="191.04" x="-4.50" y="71.44"/>
        <vehicle id="cfm-fast_4" eclass="HBEFA3/PC_G_EU4" CO2="33597.59" CO="678.61" HC="3.92" NOx="15.58" PMx="0.84" fuel="14.44" electricity="0.00" noise="119.54" route="routeleft" type="cfm-fast" waiting="0.00" lane="left_0" pos="12.26" speed="8.86" angle="162.41" x="0.10" y="37.85"/>
        <vehicle id="cfm-fast_5" eclass="HBEFA3/PC_G_EU4" CO2="33597.59" CO="678.61" HC="3.92" NOx="15.58" PMx="0.84" fuel="14.44" electricity="0.00" noise="119.54" route="routeleft" type="cfm-fast" waiting="0.00" lane="left_0" pos="28.09" speed="8.86" angle="133.90" x="20.08" y="10.68"/>
        <vehicle id="cfm-slow_0" eclass="HBEFA3/PC_G_EU4" CO2="27238.79" CO="550.55" HC="3.18" NOx="12.59" PMx="0.67" fuel="11.71" electricity="0.00" noise="108.85" route="routebottom" type="cfm-slow" waiting="0.00" lane="bottom_0" pos="3.90" speed="8.59" angle="87.51" x="72.14" y="-4.42"/>
        <vehicle id="cfm-slow_1" eclass="HBEFA3/PC_G_EU4" CO2="27238.79" CO="550.55" HC="3.18" NOx="12.59" PMx="0.67" fuel="11.71" electricity="0.00" noise="108.85" route="routebottom" type="cfm-slow" waiting="0.00" lane="bottom_0" pos="19.74" speed="8.59" angle="58.93" x="103.54" y="7.85"/>
        <vehicle id="cfm-slow_2" eclass="HBEFA3/PC_G_EU4" CO2="27238.83" CO="550.55" HC="3.18" NOx="12.59" PMx="0.67" fuel="11.71" electricity="0.00" noise="108.85" route="routebottom" type="cfm-slow" waiting="0.00" lane="bottom_0" pos="35.57" speed="8.59" angle="30.53" x="125.32" y="33.58"/>
        <vehicle id="cfm-slow_3" eclass="HBEFA3/PC_G_EU4" CO2="27240.06" CO="550.58" HC="3.18" NOx="12.59" PMx="0.67" fuel="11.71" electricity="0.00" noise="108.85" route="routebottom" type="cfm-slow" waiting="0.00" lane="right_0" pos="1.40" speed="8.59" angle="1.95" x="132.20" y="66.78"/>
        <vehicle id="cfm-slow_4" eclass="HBEFA3/PC_G_EU4" CO2="27269.55" CO="551.18" HC="3.18" NOx="12.60" PMx="0.67" fuel="11.72" electricity="0.00" noise="108.91" route="routeright" type="cfm-slow" waiting="0.00" lane="right_0" pos="17.24" speed="8.59" angle="333.46" x="122.43" y="99.05"/>
        <vehicle id="cfm-slow_5" eclass="HBEFA3/PC_G_EU4" CO2="27777.77" CO="561.47" HC="3.24" NOx="12.84" PMx="0.69" fuel="11.94" electricity="0.00" noise="109.82" route="routeright" type="cfm-slow" waiting="0.00" lane="right_0" pos="33.07" speed="8.61" angle="304.97" x="98.48" y="122.77"/>
    </timestep>
    <timestep time="0.66">
        <vehicle id="cfm-fast_0" eclass="HBEFA3/PC_G_EU4" CO2="34083.73" CO="687.22" HC="3.97" NOx="15.81" PMx="0.85" fuel="14.65" electricity="0.00" noise="119.60" route="routeright" type="cfm-fast" waiting="0.00" lane="right_0" pos="49.02" speed="9.00" angle="276.35" x="65.88" y="132.23"/>
        <vehicle id="cfm-fast_1" eclass="HBEFA3/PC_G_EU4" CO2="34083.73" CO="687.22" HC="3.97" NOx="15.81" PMx="0.85" fuel="14.65" electricity="0.00" noise="119.60" route="routetop" type="cfm-fast" waiting="0.00" lane="top_0" pos="14.85" speed="9.00" angle="247.71" x="32.78" y="124.92"/>
        <vehicle id="cfm-fast_2" eclass="HBEFA3/PC_G_EU4" CO2="34083.73" CO="687.22" HC="3.97" NOx="15.81" PMx="0.85" fuel="14.65" electricity="0.00" noise="119.60" route="routetop" type="cfm-fast" waiting="0.00" lane="top_0" pos="30.68" speed="9.00" angle="219.27" x="7.32" y="102.81"/>
        <vehicle id="cfm-fast_3" eclass="HBEFA3/PC_G_EU4" CO2="34083.73" CO="687.22" HC="3.97" NOx="15.81" PMx="0.85" fuel="14.65" electricity="0.00" noise="119.60" route="routetop" type="cfm-fast" waiting="0.00" lane="top_0" pos="46.52" speed="9.00" angle="190.87" x="-4.52" y="71.24"/>
        <vehicle id="cfm-fast_4" eclass="HBEFA3/PC_G_EU4" CO2="34083.73" CO="687.22" HC="3.97" NOx="15.81" PMx="0.85" fuel="14.65" electricity="0.00" noise="119.60" route="routeleft" type="cfm-fast" waiting="0.00" lane="left_0" pos="12.35" speed="9.00" angle="162.25" x="0.17" y="37.67"/>
        <vehicle id="cfm-fast_5" eclass="HBEFA3/PC_G_EU4" CO2="34083.73" CO="687.22" HC="3.97" NOx="15.81" PMx="0.85" fuel="14.65" electricity="0.00" noise="119.60" route="routeleft" type="cfm-fast" waiting="0.00" lane="left_0" pos="28.18" speed="9.00" angle="133.78" x="20.22" y="10.56"/>
        <vehicle id="cfm-slow_0" eclass="HBEFA3/PC_G_EU4" CO2="27333.83" CO="551.34" HC="3.18" NOx="12.63" PMx="0.67" fuel="11.75" electricity="0.00" noise="108.45" route="routebottom" type="cfm-slow" waiting="0.00" lane="bottom_0" pos="3.99" speed="8.70" angle="87.35" x="72.32" y="-4.40"/>
        <vehicle id="cfm-slow_1" eclass="HBEFA3/PC_G_EU4" CO2="27333.83" CO="551.34" HC="3.18" NOx="12.63" PMx="0.67" fuel="11.75" electricity="0.00" noise="108.45" route="routebottom" type="cfm-slow" waiting="0.00" lane="bottom_0" pos="19.82" speed="8.70" angle="58.76" x="103.69" y="7.96"/>
        <vehicle id="cfm-slow_2" eclass="HBEFA3/PC_G_EU4" CO2="27333.88" CO="551.34" HC="3.18" NOx="12.63" PMx="0.67" fuel="11.75" electricity="0.00" noise="108.45" route="routebottom" type="cfm-slow" waiting="0.00" lane="bottom_0" pos="35.66" speed="8.70" angle="30.37" x="125.41" y="33.75"/>
        <vehicle id="cfm-slow_3" eclass="HBEFA3/PC_G_EU4" CO2="27335.39" CO="551.37" HC="3.18" NOx="12.63" PMx="0.67" fuel="11.75" electricity="0.00" noise="108.45" route="routebottom" type="cfm-slow" waiting="0.00" lane="right_0" pos="1.49" speed="8.70" angle="1.80" x="132.19" y="66.97"/>
        <vehicle id="cfm-slow_4" eclass="HBEFA3/PC_G_EU4" CO2="27369.68" CO="552.07" HC="3.19" NOx="12.65" PMx="0.68" fuel="11.76" electricity="0.00" noise="108.51" route="routeright" type="cfm-slow" waiting="0.00" lane="right_0" pos="17.32" speed="8.70" angle="333.31" x="122.34" y="99.21"/>
        <vehicle id="cfm-slow_5" eclass="HBEFA3/PC_G_EU4" CO2="27931.77" CO="563.46" HC="3.25" NOx="12.91" PMx="0.69" fuel="12.01" electricity="0.00" noise="109.51" route="routeright" type="cfm-slow" waiting="0.00" lane="right_0" pos="33.16" speed="8.72" angle="304.80" x="98.32" y="122.87"/>
    </timestep>
    <timestep time="0.67">
        <vehicle id="cfm-fast_0" eclass="HBEFA3/PC_G_EU4" CO2="34570.16" CO="695.86" HC="4.02" NOx="16.03" PMx="0.86" fuel="14.86" electricity="0.00" noise="119.66" route="routeright" type="cfm-fast" waiting="0.00" lane="right_0" pos="49.11" speed="9.14" angle="276.18" x="65.68" y="132.23"/>
        <vehicle id="cfm-fast_1" eclass="HBEFA3/PC_G_EU4" CO2="34570.16" CO="695.86" HC="4.02" NOx="16.03" PMx="0.86" fuel="14.86" electricity="0.00" noise="119.66" route="routetop" type="cfm-fast" waiting="0.00" lane="top_0" pos="14.94" speed="9.14" angle="247.53" x="32.60" y="124.83"/>
        <vehicle id="cfm-fast_2" eclass="HBEFA3/PC_G_EU4" CO2="34570.16" CO="695.86" HC="4.02" NOx="16.03" PMx="0.86" fuel="14.86" electricity="0.00" noise="119.66" route="routetop" type="cfm-fast" waiting="0.00" lane="top_0" pos="30.77" speed="9.14" angle="219.14" x="7.21" y="102.65"/>
        <vehicle id="cfm-fast_3" eclass="HBEFA3/PC_G_EU4" CO2="34570.16" CO="695.86" HC="4.02" NOx="16.03" PMx="0.86" fuel="14.86" electricity="0.00" noise="119.66" route="routetop" type="cfm-fast" waiting="0.00" lane="top_0" pos="46.61" speed="9.14" angle="190.70" x="-4.54" y="71.05"/>
        <vehicle id="cfm-fast_4" eclass="HBEFA3/PC_G_EU4" CO2="34570.16" CO="695.86" HC="4.02" NOx="16.03" PMx="0.86" fuel="14.86" electricity="0.00" noise="119.66" route="routeleft" type="cfm-fast" waiting="0.00" lane="left_0" pos="12.44" speed="9.14" angle="162.08" x="0.25" y="37.49"/>
        <vehicle id="cfm-fast_5" eclass="HBEFA3/PC_G_EU4" CO2="34570.16" CO="695.86" HC="4.02" NOx="16.03" PMx="0.86" fuel="14.86" electricity="0.00" noise="119.66" route="routeleft" type="cfm-fast" waiting="0.00" lane="left_0" pos="28.27" speed="9.14" angle="133.62" x="20.38" y="10.43"/>
        <vehicle id="cfm-slow_0" eclass="HBEFA3/PC_G_EU4" CO2="27422.35" CO="552.02" HC="3.19" NOx="12.67" PMx="0.68" fuel="11.79" electricity="0.00" noise="108.05" route="routebottom" type="cfm-slow" waiting="0.00" lane="bottom_0" pos="4.08" speed="8.81" angle="87.19" x="72.51" y="-4.37"/>
        <vehicle id="cfm-slow_1" eclass="HBEFA3/PC_G_EU4" CO2="27422.36" CO="552.02" HC="3.19" NOx="12.67" PMx="0.68" fuel="11.79" electricity="0.00" noise="108.05" route="routebottom" type="cfm-slow" waiting="0.00" lane="bottom_0" pos="19.91" speed="8.81" angle="58.60" x="103.85" y="8.07"/>
        <vehicle id="cfm-slow_2" eclass="HBEFA3/PC_G_EU4" CO2="27422.42" CO="552.02" HC="3.19" NOx="12.67" PMx="0.68" fuel="11.79" electricity="0.00" noise="108.05" route="routebottom" type="cfm-slow" waiting="0.00" lane="bottom_0" pos="35.75" speed="8.81" angle="30.21" x="125.49" y="33.92"/>
        <vehicle id="cfm-slow_3" eclass="HBEFA3/PC_G_EU4" CO2="27424.25" CO="552.06" HC="3.19" NOx="12.67" PMx="0.68" fuel="11.79" electricity="0.00" noise="108.05" route="routebottom" type="cfm-slow" waiting="0.00" lane="right_0" pos="1.58" speed="8.81" angle="1.64" x="132.18" y="67.15"/>
        <vehicle id="cfm-slow_4" eclass="HBEFA3/PC_G_EU4" CO2="27463.84" CO="552.87" HC="3.19" NOx="12.69" PMx="0.68" fuel="11.81" electricity="0.00" noise="108.13" route="routeright" type="cfm-slow" waiting="0.00" lane="right_0" pos="17.41" speed="8.81" angle="333.15" x="122.24" y="99.37"/>
        <vehicle id="cfm-slow_5" eclass="HBEFA3/PC_G_EU4" CO2="28082.65" CO="565.39" HC="3.27" NOx="12.98" PMx="0.69" fuel="12.07" electricity="0.00" noise="109.20" route="routeright" type="cfm-slow" waiting="0.00" lane="right_0" pos="33.25" speed="8.83" angle="304.65" x="98.15" y="122.96"/>
    </timestep>
    <timestep time="0.68">
        <vehicle id="cfm-fast_0" eclass="HBEFA3/PC_G_EU4" CO2="35056.89" CO="704.52" HC="4.07" NOx="16.26" PMx="0.87" fuel="15.07" electricity="0.00" noise="119.72" route="routeright" type="cfm-fast" waiting="0.00" lane="right_0" pos="49.20" speed="9.27" angle="276.01" x="65.48" y="132.24"/>
        <vehicle id="cfm-fast_1" eclass="HBEFA3/PC_G_EU4" CO2="35056.89" CO="704.52" HC="4.07" NOx="16.26" PMx="0.87" fuel="15.07" electricity="0.00" noise="119.72" route="routetop" type="cfm-fast" waiting="0.00" lane="top_0" pos="15.03" speed="9.27" angle="247.35" x="32.42" y="124.74"/>
        <vehicle id="cfm-fast_2" eclass="HBEFA3/PC_G_EU4" CO2="35056.89" CO="704.52" HC="4.07" NOx="16.26" PMx="0.87" fuel="15.07" electricity="0.00" noise="119.72" route="routetop" type="cfm-fast" waiting="0.00" lane="top_0" pos="30.87" speed="9.27" angle="218.98" x="7.10" y="102.48"/>
        <vehicle id="cfm-fast_3" eclass="HBEFA3/PC_G_EU4" CO2="35056.89" CO="704.52" HC="4.07" NOx="16.26" PMx="0.87" fuel="15.07" electricity="0.00" noise="119.72" route="routetop" type="cfm-fast" waiting="0.00" lane="top_0" pos="46.70" speed="9.27" angle="190.53" x="-4.56" y="70.85"/>
        <vehicle id="cfm-fast_4" eclass="HBEFA3/PC_G_EU4" CO2="35056.89" CO="704.52" HC="4.07" NOx="16.26" PMx="0.87" fuel="15.07" electricity="0.00" noise="119.72" route="routeleft" type="cfm-fast" waiting="0.00" lane="left_0" pos="12.53" speed="9.27" angle="161.92" x="0.32" y="37.30"/>
        <vehicle id="cfm-fast_5" eclass="HBEFA3/PC_G_EU4" CO2="35056.89" CO="704.52" HC="4.07" NOx="16.26" PMx="0.87" fuel="15.07" electricity="0.00" noise="119.72" route="routeleft" type="cfm-fast" waiting="0.00" lane="left_0" pos="28.37" speed="9.27" angle="133.45" x="20.53" y="10.31"/>
        <vehicle id="cfm-slow_0" eclass="HBEFA3/PC_G_EU4" CO2="27504.52" CO="552.59" HC="3.19" NOx="12.70" PMx="0.68" fuel="11.82" electricity="0.00" noise="107.66" route="routebottom" type="cfm-slow" waiting="0.00" lane="bottom_0" pos="4.17" speed="8.92" angle="87.03" x="72.70" y="-4.34"/>
        <vehicle id="cfm-slow_1" eclass="HBEFA3/PC_G_EU4" CO2="27504.52" CO="552.59" HC="3.19" NOx="12.70" PMx="0.68" fuel="11.82" electricity="0.00" noise="107.66" route="routebottom" type="cfm-slow" waiting="0.00" lane="bottom_0" pos="20.00" speed="8.92" angle="58.44" x="104.00" y="8.18"/>
        <vehicle id="cfm-slow_2" eclass="HBEFA3/PC_G_EU4" CO2="27504.60" CO="552.59" HC="3.19" NOx="12.70" PMx="0.68" fuel="11.82" electricity="0.00" noise="107.66" route="routebottom" type="cfm-slow" waiting="0.00" lane="bottom_0" pos="35.83" speed="8.92" angle="30.08" x="125.58" y="34.09"/>
        <vehicle id="cfm-slow_3" eclass="HBEFA3/PC_G_EU4" CO2="27506.81" CO="552.64" HC="3.19" NOx="12.71" PMx="0.68" fuel="11.82" electricity="0.00" noise="107.66" route="routebottom" type="cfm-slow" waiting="0.00" lane="right_0" pos="1.67" speed="8.92" angle="1.48" x="132.17" y="67.35"/>
        <vehicle id="cfm-slow_4" eclass="HBEFA3/PC_G_EU4" CO2="27552.22" CO="553.56" HC="3.20" NOx="12.73" PMx="0.68" fuel="11.84" electricity="0.00" noise="107.74" route="routeright" type="cfm-slow" waiting="0.00" lane="right_0" pos="17.50" speed="8.92" angle="332.99" x="122.14" y="99.53"/>
        <vehicle id="cfm-slow_5" eclass="HBEFA3/PC_G_EU4" CO2="28230.60" CO="567.29" HC="3.28" NOx="13.05" PMx="0.70" fuel="12.13" electricity="0.00" noise="108.91" route="routeright" type="cfm-slow" waiting="0.00" lane="right_0" pos="33.34" speed="8.94" angle="304.52" x="97.99" y="123.06"/>
    </timestep>
    <timestep time="0.69">
        <vehicle id="cfm-fast_0" eclass="HBEFA3/PC_G_EU4" CO2="35543.90" CO="713.20" HC="4.12" NOx="16.49" PMx="0.89" fuel="15.28" electricity="0.00" noise="119.78" route="routeright" type="cfm-fast" waiting="0.00" lane="right_0" pos="49.29" speed="9.41" angle="275.83" x="65.28" y="132.24"/>
        <vehicle id="cfm-fast_1" eclass="HBEFA3/PC_G_EU4" CO2="35543.90" CO="713.20" HC="4.12" NOx="16.49" PMx="0.89" fuel="15.28" electricity="0.00" noise="119.78" route="routetop" type="cfm-fast" waiting="0.00" lane="top_0" pos="15.13" speed="9.41" angle="247.17" x="32.24" y="124.65"/>
        <vehicle id="cfm-fast_2" eclass="HBEFA3/PC_G_EU4" CO2="35543.90" CO="713.20" HC="4.12" NOx="16.49" PMx="0.89" fuel="15.28" electricity="0.00" noise="119.78" route="routetop" type="cfm-fast" waiting="0.00" lane="top_0" pos="30.96" speed="9.41" angle="218.81" x="6.98" y="102.32"/>
        <vehicle id="cfm-fast_3" eclass="HBEFA3/PC_G_EU4" CO2="35543.90" CO="713.20" HC="4.12" NOx="16.49" PMx="0.89" fuel="15.28" electricity="0.00" noise="119.78" route="routetop" type="cfm-fast" waiting="0.00" lane="top_0" pos="46.79" speed="9.41" angle="190.36" x="-4.58" y="70.65"/>
        <vehicle id="cfm-fast_4" eclass="HBEFA3/PC_G_EU4" CO2="35543.90" CO="713.20" HC="4.12" NOx="16.49" PMx="0.89" fuel="15.28" electricity="0.00" noise="119.78" route="routeleft" type="cfm-fast" waiting="0.00" lane="left_0" pos="12.63" speed="9.41" angle="161.75" x="0.40" y="37.11"/>
        <vehicle id="cfm-fast_5" eclass="HBEFA3/PC_G_EU4" CO2="35543.90" CO="713.20" HC="4.12" NOx="16.49" PMx="0.89" fuel="15.28" electricity="0.00" noise="119.78" route="routeleft" type="cfm-fast" waiting="0.00" lane="left_0" pos="28.46" speed="9.41" angle="133.28" x="20.69" y="10.19"/>
        <vehicle id="cfm-slow_0" eclass="HBEFA3/PC_G_EU4" CO2="27580.49" CO="553.05" HC="3.20" NOx="12.74" PMx="0.68" fuel="11.86" electricity="0.00" noise="107.27" route="routebottom" type="cfm-slow" waiting="0.00" lane="bottom_0" pos="4.26" speed="9.03" angle="86.87" x="72.89" y="-4.32"/>
        <vehicle id="cfm-slow_1" eclass="HBEFA3/PC_G_EU4" CO2="27580.49" CO="553.05" HC="3.20" NOx="12.74" PMx="0.68" fuel="11.86" electricity="0.00" noise="107.27" route="routebottom" type="cfm-slow" waiting="0.00" lane="bottom_0" pos="20.09" speed="9.03" angle="58.27" x="104.16" y="8.29"/>
        <vehicle id="cfm-slow_2" eclass="HBEFA3/PC_G_EU4" CO2="27580.59" CO="553.06" HC="3.20" NOx="12.74" PMx="0.68" fuel="11.86" electricity="0.00" noise="107.27" route="routebottom" type="cfm-slow" waiting="0.00" lane="bottom_0" pos="35.92" speed="9.03" angle="29.94" x="125.67" y="34.26"/>
        <vehicle id="cfm-slow_3" eclass="HBEFA3/PC_G_EU4" CO2="27583.22" CO="553.11" HC="3.20" NOx="12.74" PMx="0.68" fuel="11.86" electricity="0.00" noise="107.27" route="routebottom" type="cfm-slow" waiting="0.00" lane="right_0" pos="1.76" speed="9.03" angle="1.32" x="132.16" y="67.54"/>
        <vehicle id="cfm-slow_4" eclass="HBEFA3/PC_G_EU4" CO2="27635.01" CO="554.16" HC="3.20" NOx="12.76" PMx="0.68" fuel="11.88" electricity="0.00" noise="107.36" route="routeright" type="cfm-slow" waiting="0.00" lane="right_0" pos="17.59" speed="9.03" angle="332.82" x="122.04" y="99.70"/>
        <vehicle id="cfm-slow_5" eclass="HBEFA3/PC_G_EU4" CO2="28375.81" CO="569.15" HC="3.29" NOx="13.11" PMx="0.70" fuel="12.20" electricity="0.00" noise="108.62" route="routeright" type="cfm-slow" waiting="0.00" lane="right_0" pos="33.43" speed="9.06" angle="304.36" x="97.82" y="123.16"/>
    </timestep>
    <timestep time="0.70">
        <vehicle id="cfm-fast_0" eclass="HBEFA3/PC_G_EU4" CO2="36031.21" CO="721.90" HC="4.18" NOx="16.71" PMx="0.90" fuel="15.49" electricity="0.00" noise="119.84" route="routeright" type="cfm-fast" waiting="0.00" lane="right_0" pos="49.39" speed="9.55" angle="275.66" x="65.08" y="132.25"/>
        <vehicle id="cfm-fast_1" eclass="HBEFA3/PC_G_EU4" CO2="36031.21" CO="721.90" HC="4.18" NOx="16.71" PMx="0.90" fuel="15.49" electricity="0.00" noise="119.84" route="routetop" type="cfm-fast" waiting="0.00" lane="top_0" pos="15.22" speed="9.55" angle="246.99" x="32.06" y="124.56"/>
        <vehicle id="cfm-fast_2" eclass="HBEFA3/PC_G_EU4" CO2="36031.21" CO="721.90" HC="4.18" NOx="16.71" PMx="0.90" fuel="15.49" electricity="0.00" noise="119.84" route="routetop" type="cfm-fast" waiting="0.00" lane="top_0" pos="31.06" speed="9.55" angle="218.64" x="6.87" y="102.14"/>
        <vehicle id="cfm-fast_3" eclass="HBEFA3/PC_G_EU4" CO2="36031.21" CO="721.90" HC="4.18" NOx="16.71" PMx="0.90" fuel="15.49" electricity="0.00" noise="119.84" route="routetop" type="cfm-fast" waiting="0.00" lane="top_0" pos="46.89" speed="9.55" angle="190.19" x="-4.60" y="70.44"/>
        <vehicle id="cfm-fast_4" eclass="HBEFA3/PC_G_EU4" CO2="36031.21" CO="721.90" HC="4.18" NOx="16.71" PMx="0.90" fuel="15.49" electricity="0.00" noise="119.84" route="routeleft" type="cfm-fast" waiting="0.00" lane="left_0" pos="12.72" speed="9.55" angle="161.61" x="0.47" y="36.92"/>
        <vehicle id="cfm-fast_5" eclass="HBEFA3/PC_G_EU4" CO2="36031.21" CO="721.90" HC="4.18" NOx="16.71" PMx="0.90" fuel="15.49" electricity="0.00" noise="119.84" route="routeleft" type="cfm-fast" waiting="0.00" lane="left_0" pos="28.56" speed="9.55" angle="133.10" x="20.85" y="10.06"/>
        <vehicle id="cfm-slow_0" eclass="HBEFA3/PC_G_EU4" CO2="27650.41" CO="553.41" HC="3.20" NOx="12.77" PMx="0.68" fuel="11.89" electricity="0.00" noise="106.88" route="routebottom" type="cfm-slow" waiting="0.00" lane="bottom_0" pos="4.35" speed="9.13" angle="86.70" x="73.09" y="-4.29"/>
        <vehicle id="cfm-slow_1" eclass="HBEFA3/PC_G_EU4" CO2="27650.42" CO="553.41" HC="3.20" NOx="12.77" PMx="0.68" fuel="11.89" electricity="0.00" noise="106.88" route="routebottom" type="cfm-slow" waiting="0.00" lane="bottom_0" pos="20.18" speed="9.13" angle="58.10" x="104.32" y="8.41"/>
        <vehicle id="cfm-slow_2" eclass="HBEFA3/PC_G_EU4" CO2="27650.54" CO="553.41" HC="3.20" NOx="12.77" PMx="0.68" fuel="11.89" electricity="0.00" noise="106.88" route="routebottom" type="cfm-slow" waiting="0.00" lane="bottom_0" pos="36.02" speed="9.13" angle="29.77" x="125.75" y="34.44"/>
        <vehicle id="cfm-slow_3" eclass="HBEFA3/PC_G_EU4" CO2="27653.66" CO="553.48" HC="3.20" NOx="12.77" PMx="0.68" fuel="11.89" electricity="0.00" noise="106.89" route="routebottom" type="cfm-slow" waiting="0.00" lane="right_0" pos="1.85" speed="9.14" angle="1.15" x="132.14" y="67.74"/>
        <vehicle id="cfm-slow_4" eclass="HBEFA3/PC_G_EU4" CO2="27712.39" CO="554.67" HC="3.21" NOx="12.80" PMx="0.68" fuel="11.91" electricity="0.00" noise="106.99" route="routeright" type="cfm-slow" waiting="0.00" lane="right_0" pos="17.68" speed="9.14" angle="332.66" x="121.94" y="99.87"/>
        <vehicle id="cfm-slow_5" eclass="HBEFA3/PC_G_EU4" CO2="28518.45" CO="570.97" HC="3.30" NOx="13.18" PMx="0.70" fuel="12.26" electricity="0.00" noise="108.33" route="routeright" type="cfm-slow" waiting="0.00" lane="right_0" pos="33.52" speed="9.17" angle="304.20" x="97.65" y="123.25"/>
    </timestep>
    <timestep time="0.71">
        <vehicle id="cfm-fast_0" eclass="HBEFA3/PC_G_EU4" CO2="36518.81" CO="730.63" HC="4.23" NOx="16.94" PMx="0.91" fuel="15.70" electricity="0.00" noise="119.90" route="routeright" type="cfm-fast" waiting="0.00" lane="right_0" pos="49.49" speed="9.68" angle="275.47" x="64.87" y="132.25"/>
        <vehicle id="cfm-fast_1" eclass="HBEFA3/PC_G_EU4" CO2="36518.81" CO="730.63" HC="4.23" NOx="16.94" PMx="0.91" fuel="15.70" electricity="0.00" noise="119.90" route="routetop" type="cfm-fast" waiting="0.00" lane="top_0" pos="15.32" speed="9.68" angle="246.85" x="31.87" y="124.46"/>
        <vehicle id="cfm-fast_2" eclass="HBEFA3/PC_G_EU4" CO2="36518.81" CO="730.63" HC="4.23" NOx="16.94" PMx="0.91" fuel="15.70" electricity="0.00" noise="119.90" route="routetop" type="cfm-fast" waiting="0.00" lane="top_0" pos="31.15" speed="9.68" angle="218.46" x="6.76" y="101.97"/>
        <vehicle id="cfm-fast_3" eclass="HBEFA3/PC_G_EU4" CO2="36518.81" CO="730.63" HC="4.23" NOx="16.94" PMx="0.91" fuel="15.70" electricity="0.00" noise="119.90" route="routetop" type="cfm-fast" waiting="0.00" lane="top_0" pos="46.99" speed="9.68" angle="190.01" x="-4.62" y="70.24"/>
        <vehicle id="cfm-fast_4" eclass="HBEFA3/PC_G_EU4" CO2="36518.81" CO="730.63" HC="4.23" NOx="16.94" PMx="0.91" fuel="15.70" electricity="0.00" noise="119.90" route="routeleft" type="cfm-fast" waiting="0.00" lane="left_0" pos="12.82" speed="9.68" angle="161.46" x="0.55" y="36.73"/>
        <vehicle id="cfm-fast_5" eclass="HBEFA3/PC_G_EU4" CO2="36518.81" CO="730.63" HC="4.23" NOx="16.94" PMx="0.91" fuel="15.70" electricity="0.00" noise="119.90" route="routeleft" type="cfm-fast" waiting="0.00" lane="left_0" pos="28.65" speed="9.68" angle="132.92" x="21.02" y="9.93"/>
        <vehicle id="cfm-slow_0" eclass="HBEFA3/PC_G_EU4" CO2="27714.45" CO="553.67" HC="3.20" NOx="12.80" PMx="0.68" fuel="11.91" electricity="0.00" noise="106.50" route="routebottom" type="cfm-slow" waiting="0.00" lane="bottom_0" pos="4.44" speed="9.24" angle="86.53" x="73.28" y="-4.26"/>
        <vehicle id="cfm-slow_1" eclass="HBEFA3/PC_G_EU4" CO2="27714.45" CO="553.67" HC="3.20" NOx="12.80" PMx="0.68" fuel="11.91" electricity="0.00" noise="106.50" route="routebottom" type="cfm-slow" waiting="0.00" lane="bottom_0" pos="20.28" speed="9.24" angle="57.93" x="104.48" y="8.52"/>
        <vehicle id="cfm-slow_2" eclass="HBEFA3/PC_G_EU4" CO2="27714.61" CO="553.67" HC="3.20" NOx="12.80" PMx="0.68" fuel="11.91" electricity="0.00" noise="106.50" route="routebottom" type="cfm-slow" waiting="0.00" lane="bottom_0" pos="36.11" speed="9.24" angle="29.59" x="125.83" y="34.62"/>
        <vehicle id="cfm-slow_3" eclass="HBEFA3/PC_G_EU4" CO2="27718.27" CO="553.74" HC="3.20" NOx="12.80" PMx="0.68" fuel="11.91" electricity="0.00" noise="106.50" route="routebottom" type="cfm-slow" waiting="0.00" lane="right_0" pos="1.94" speed="9.24" angle="0.99" x="132.13" y="67.93"/>
        <vehicle id="cfm-slow_4" eclass="HBEFA3/PC_G_EU4" CO2="27784.55" CO="555.09" HC="3.21" NOx="12.83" PMx="0.68" fuel="11.94" electricity="0.00" noise="106.62" route="routeright" type="cfm-slow" waiting="0.00" lane="right_0" pos="17.78" speed="9.24" angle="332.49" x="121.84" y="100.04"/>
        <vehicle id="cfm-slow_5" eclass="HBEFA3/PC_G_EU4" CO2="28658.70" CO="572.77" HC="3.31" NOx="13.24" PMx="0.71" fuel="12.32" electricity="0.00" noise="108.06" route="routeright" type="cfm-slow" waiting="0.00" lane="right_0" pos="33.61" speed="9.28" angle="304.03" x="97.47" y="123.35"/>
    </timestep>
    <timestep time="0.72">
        <vehicle id="cfm-fast_0" eclass="HBEFA3/PC_G_EU4" CO2="37006.70" CO="739.37" HC="4.28" NOx="17.17" PMx="0.92" fuel="15.91" electricity="0.00" noise="119.96" route="routeright" type="cfm-fast" waiting="0.00" lane="right_0" pos="49.58" speed="9.82" angle="275.29" x="64.66" y="132.25"/>
        <vehicle id="cfm-fast_1" eclass="HBEFA3/PC_G_EU4" CO2="37006.70" CO="739.37" HC="4.28" NOx="17.17" PMx="0.92" fuel="15.91" electricity="0.00" noise="119.96" route="routetop" type="cfm-fast" waiting="0.00" lane="top_0" pos="15.42" speed="9.82" angle="246.70" x="31.69" y="124.36"/>
        <vehicle id="cfm-fast_2" eclass="HBEFA3/PC_G_EU4" CO2="37006.70" CO="739.37" HC="4.28" NOx="17.17" PMx="0.92" fuel="15.91" electricity="0.00" noise="119.96" route="routetop" type="cfm-fast" waiting="0.00" lane="top_0" pos="31.25" speed="9.82" angle="218.28" x="6.64" y="101.80"/>
        <vehicle id="cfm-fast_3" eclass="HBEFA3/PC_G_EU4" CO2="37006.70" CO="739.37" HC="4.28" NOx="17.17" PMx="0.92" fuel="15.91" electricity="0.00" noise="119.96" route="routetop" type="cfm-fast" waiting="0.00" lane="top_0" pos="47.08" speed="9.82" angle="189.83" x="-4.64" y="70.03"/>
        <vehicle id="cfm-fast_4" eclass="HBEFA3/PC_G_EU4" CO2="37006.70" CO="739.37" HC="4.28" NOx="17.17" PMx="0.92" fuel="15.91" electricity="0.00" noise="119.96" route="routeleft" type="cfm-fast" waiting="0.00" lane="left_0" pos="12.92" speed="9.82" angle="161.28" x="0.64" y="36.54"/>
        <vehicle id="cfm-fast_5" eclass="HBEFA3/PC_G_EU4" CO2="37006.70" CO="739.37" HC="4.28" NOx="17.17" PMx="0.92" fuel="15.91" electricity="0.00" noise="119.96" route="routeleft" type="cfm-fast" waiting="0.00" lane="left_0" pos="28.75" speed="9.82" angle="132.74" x="21.18" y="9.80"/>
        <vehicle id="cfm-slow_0" eclass="HBEFA3/PC_G_EU4" CO2="27772.74" CO="553.82" HC="3.21" NOx="12.82" PMx="0.68" fuel="11.94" electricity="0.00" noise="106.12" route="routebottom" type="cfm-slow" waiting="0.00" lane="bottom_0" pos="4.54" speed="9.35" angle="86.36" x="73.48" y="-4.23"/>
        <vehicle id="cfm-slow_1" eclass="HBEFA3/PC_G_EU4" CO2="27772.74" CO="553.82" HC="3.21" NOx="12.82" PMx="0.68" fuel="11.94" electricity="0.00" noise="106.12" route="routebottom" type="cfm-slow" waiting="0.00" lane="bottom_0" pos="20.37" speed="9.35" angle="57.76" x="104.64" y="8.64"/>
        <vehicle id="cfm-slow_2" eclass="HBEFA3/PC_G_EU4" CO2="27772.93" CO="553.83" HC="3.21" NOx="12.82" PMx="0.68" fuel="11.94" electricity="0.00" noise="106.12" route="routebottom" type="cfm-slow" waiting="0.00" lane="bottom_0" pos="36.20" speed="9.35" angle="29.40" x="125.91" y="34.81"/>
        <vehicle id="cfm-slow_3" eclass="HBEFA3/PC_G_EU4" CO2="27777.22" CO="553.91" HC="3.21" NOx="12.82" PMx="0.68" fuel="11.94" electricity="0.00" noise="106.13" route="routebottom" type="cfm-slow" waiting="0.00" lane="right_0" pos="2.04" speed="9.35" angle="0.82" x="132.12" y="68.14"/>
        <vehicle id="cfm-slow_4" eclass="HBEFA3/PC_G_EU4" CO2="27851.66" CO="555.42" HC="3.21" NOx="12.86" PMx="0.69" fuel="11.97" electricity="0.00" noise="106.25" route="routeright" type="cfm-slow" waiting="0.00" lane="right_0" pos="17.87" speed="9.35" angle="332.36" x="121.74" y="100.21"/>
        <vehicle id="cfm-slow_5" eclass="HBEFA3/PC_G_EU4" CO2="28796.73" CO="574.53" HC="3.32" NOx="13.30" PMx="0.71" fuel="12.38" electricity="0.00" noise="107.79" route="routeright" type="cfm-slow" waiting="0.00" lane="right_0" pos="33.70" speed="9.38" angle="303.86" x="97.29" y="123.45"/>
    </timestep>
    <timestep time="0.73">
        <vehicle id="cfm-fast_0" eclass="HBEFA3/PC_G_EU4" CO2="37494.88" CO="748.14" HC="4.33" NOx="17.39" PMx="0.94" fuel="16.12" electricity="0.00" noise="120.02" route="routeright" type="cfm-fast" waiting="0.00" lane="right_0" pos="49.68" speed="9.95" angle="275.11" x="64.44" y="132.26"/>
        <vehicle id="cfm-fast_1" eclass="HBEFA3/PC_G_EU4" CO2="37494.88" CO="748.14" HC="4.33" NOx="17.39" PMx="0.94" fuel="16.12" electricity="0.00" noise="120.02" route="routetop" type="cfm-fast" waiting="0.00" lane="top_0" pos="15.52" speed="9.95" angle="246.52" x="31.50" y="124.26"/>
        <vehicle id="cfm-fast_2" eclass="HBEFA3/PC_G_EU4" CO2="37494.88" CO="748.14" HC="4.33" NOx="17.39" PMx="0.94" fuel="16.12" electricity="0.00" noise="120.02" route="routetop" type="cfm-fast" waiting="0.00" lane="top_0" pos="31.35" speed="9.95" angle="218.10" x="6.52" y="101.62"/>
        <vehicle id="cfm-fast_3" eclass="HBEFA3/PC_G_EU4" CO2="37494.88" CO="748.14" HC="4.33" NOx="17.39" PMx="0.94" fuel="16.12" electricity="0.00" noise="120.02" route="routetop" type="cfm-fast" waiting="0.00" lane="top_0" pos="47.18" speed="9.95" angle="189.64" x="-4.67" y="69.81"/>
        <vehicle id="cfm-fast_4" eclass="HBEFA3/PC_G_EU4" CO2="37494.88" CO="748.14" HC="4.33" NOx="17.39" PMx="0.94" fuel="16.12" electricity="0.00" noise="120.02" route="routeleft" type="cfm-fast" waiting="0.00" lane="left_0" pos="13.02" speed="9.95" angle="161.09" x="0.73" y="36.34"/>
        <vehicle id="cfm-fast_5" eclass="HBEFA3/PC_G_EU4" CO2="37494.88" CO="748.14" HC="4.33" NOx="17.39" PMx="0.94" fuel="16.12" electricity="0.00" noise="120.02" route="routeleft" type="cfm-fast" waiting="0.00" lane="left_0" pos="28.85" speed="9.95" angle="132.55" x="21.35" y="9.67"/>
        <vehicle id="cfm-slow_0" eclass="HBEFA3/PC_G_EU4" CO2="27825.43" CO="553.88" HC="3.21" NOx="12.84" PMx="0.69" fuel="11.96" electricity="0.00" noise="105.74" route="routebottom" type="cfm-slow" waiting="0.00" lane="bottom_0" pos="4.63" speed="9.45" angle="86.19" x="73.68" y="-4.21"/>
        <vehicle id="cfm-slow_1" eclass="HBEFA3/PC_G_EU4" CO2="27825.44" CO="553.88" HC="3.21" NOx="12.84" PMx="0.69" fuel="11.96" electricity="0.00" noise="105.74" route="routebottom" type="cfm-slow" waiting="0.00" lane="bottom_0" pos="20.46" speed="9.45" angle="57.63" x="104.81" y="8.76"/>
        <vehicle id="cfm-slow_2" eclass="HBEFA3/PC_G_EU4" CO2="27825.67" CO="553.89" HC="3.21" NOx="12.84" PMx="0.69" fuel="11.96" electricity="0.00" noise="105.74" route="routebottom" type="cfm-slow" waiting="0.00" lane="bottom_0" pos="36.30" speed="9.45" angle="29.22" x="125.99" y="34.99"/>
        <vehicle id="cfm-slow_3" eclass="HBEFA3/PC_G_EU4" CO2="27830.65" CO="553.99" HC="3.21" NOx="12.85" PMx="0.69" fuel="11.96" electricity="0.00" noise="105.75" route="routebottom" type="cfm-slow" waiting="0.00" lane="right_0" pos="2.13" speed="9.45" angle="0.65" x="132.11" y="68.34"/>
        <vehicle id="cfm-slow_4" eclass="HBEFA3/PC_G_EU4" CO2="27913.90" CO="555.68" HC="3.22" NOx="12.88" PMx="0.69" fuel="12.00" electricity="0.00" noise="105.89" route="routeright" type="cfm-slow" waiting="0.00" lane="right_0" pos="17.96" speed="9.45" angle="332.21" x="121.63" y="100.39"/>
        <vehicle id="cfm-slow_5" eclass="HBEFA3/PC_G_EU4" CO2="28932.69" CO="576.27" HC="3.34" NOx="13.36" PMx="0.71" fuel="12.44" electricity="0.00" noise="107.53" route="routeright" type="cfm-slow" waiting="0.00" lane="right_0" pos="33.80" speed="9.49" angle="303.69" x="97.12" y="123.55"/>
    </timestep>
    <timestep time="0.74">
        <vehicle id="cfm-fast_0" eclass="HBEFA3/PC_G_EU4" CO2="37689.60" CO="750.89" HC="4.35" NOx="17.48" PMx="0.94" fuel="16.20" electricity="0.00" noise="119.59" route="routeright" type="cfm-fast" waiting="0.00" lane="right_0" pos="49.78" speed="10.09" angle="274.92" x="64.22" y="132.26"/>
        <vehicle id="cfm-fast_1" eclass="HBEFA3/PC_G_EU4" CO2="37689.60" CO="750.89" HC="4.35" NOx="17.48" PMx="0.94" fuel="16.20" electricity="0.00" noise="119.59" route="routetop" type="cfm-fast" waiting="0.00" lane="top_0" pos="15.62" speed="10.09" angle="246.34" x="31.31" y="124.16"/>
        <vehicle id="cfm-fast_2" eclass="HBEFA3/PC_G_EU4" CO2="37689.60" CO="750.89" HC="4.35" NOx="17.48" PMx="0.94" fuel="16.20" electricity="0.00" noise="119.59" route="routetop" type="cfm-fast" waiting="0.00" lane="top_0" pos="31.45" speed="10.09" angle="217.92" x="6.40" y="101.44"/>
        <vehicle id="cfm-fast_3" eclass="HBEFA3/PC_G_EU4" CO2="37689.60" CO="750.89" HC="4.35" NOx="17.48" PMx="0.94" fuel="16.20" electricity="0.00" noise="119.59" route="routetop" type="cfm-fast" waiting="0.00" lane="top_0" pos="47.28" speed="10.09" angle="189.46" x="-4.69" y="69.60"/>
        <vehicle id="cfm-fast_4" eclass="HBEFA3/PC_G_EU4" CO2="37689.60" CO="750.89" HC="4.35" NOx="17.48" PMx="0.94" fuel="16.20" electricity="0.00" noise="119.59" route="routeleft" type="cfm-fast" waiting="0.00" lane="left_0" pos="13.12" speed="10.09" angle="160.90" x="0.82" y="36.14"/>
        <vehicle id="cfm-fast_5" eclass="HBEFA3/PC_G_EU4" CO2="37983.36" CO="756.93" HC="4.38" NOx="17.62" PMx="0.95" fuel="16.33" electricity="0.00" noise="120.08" route="routeleft" type="cfm-fast" waiting="0.00" lane="left_0" pos="28.95" speed="10.09" angle="132.37" x="21.52" y="9.54"/>
        <vehicle id="cfm-slow_0" eclass="HBEFA3/PC_G_EU4" CO2="27872.67" CO="553.85" HC="3.21" NOx="12.86" PMx="0.69" fuel="11.98" electricity="0.00" noise="105.37" route="routebottom" type="cfm-slow" waiting="0.00" lane="bottom_0" pos="4.73" speed="9.55" angle="86.02" x="73.89" y="-4.18"/>
        <vehicle id="cfm-slow_1" eclass="HBEFA3/PC_G_EU4" CO2="27872.68" CO="553.85" HC="3.21" NOx="12.86" PMx="0.69" fuel="11.98" electricity="0.00" noise="105.37" route="routebottom" type="cfm-slow" waiting="0.00" lane="bottom_0" pos="20.56" speed="9.55" angle="57.48" x="104.97" y="8.88"/>
        <vehicle id="cfm-slow_2" eclass="HBEFA3/PC_G_EU4" CO2="27872.95" CO="553.85" HC="3.21" NOx="12.86" PMx="0.69" fuel="11.98" electricity="0.00" noise="105.37" route="routebottom" type="cfm-slow" waiting="0.00" lane="bottom_0" pos="36.39" speed="9.55" angle="29.03" x="126.08" y="35.18"/>
        <vehicle id="cfm-slow_3" eclass="HBEFA3/PC_G_EU4" CO2="27878.71" CO="553.97" HC="3.21" NOx="12.87" PMx="0.69" fuel="11.98" electricity="0.00" noise="105.38" route="routebottom" type="cfm-slow" waiting="0.00" lane="right_0" pos="2.23" speed="9.55" angle="0.48" x="132.10" y="68.54"/>
        <vehicle id="cfm-slow_4" eclass="HBEFA3/PC_G_EU4" CO2="27971.44" CO="555.85" HC="3.22" NOx="12.91" PMx="0.69" fuel="12.02" electricity="0.00" noise="105.53" route="routeright" type="cfm-slow" waiting="0.00" lane="right_0" pos="18.06" speed="9.56" angle="332.03" x="121.51" y="100.56"/>
        <vehicle id="cfm-slow_5" eclass="HBEFA3/PC_G_EU4" CO2="29066.74" CO="577.98" HC="3.35" NOx="13.42" PMx="0.72" fuel="12.49" electricity="0.00" noise="107.27" route="routeright" type="cfm-slow" waiting="0.00" lane="right_0" pos="33.90" speed="9.60" angle="303.51" x="96.94" y="123.65"/>
    </timestep>
    <timestep time="0.75">
        <vehicle id="cfm-fast_0" eclass="HBEFA3/PC_G_EU4" CO2="37838.45" CO="752.72" HC="4.36" NOx="17.55" PMx="0.94" fuel="16.26" electricity="0.00" noise="119.11" route="routeright" type="cfm-fast" waiting="0.00" lane="right_0" pos="49.89" speed="10.22" angle="274.73" x="64.00" y="132.27"/>
        <vehicle id="cfm-fast_1" eclass="HBEFA3/PC_G_EU4" CO2="37838.45" CO="752.72" HC="4.36" NOx="17.55" PMx="0.94" fuel="16.26" electricity="0.00" noise="119.11" route="routetop" type="cfm-fast" waiting="0.00" lane="top_0" pos="15.72" speed="10.22" angle="246.15" x="31.12" y="124.05"/>
        <vehicle id="cfm-fast_2" eclass="HBEFA3/PC_G_EU4" CO2="37838.45" CO="752.72" HC="4.36" NOx="17.55" PMx="0.94" fuel="16.26" electricity="0.00" noise="119.11" route="routetop" type="cfm-fast" waiting="0.00" lane="top_0" pos="31.55" speed="10.22" angle="217.74" x="6.28" y="101.25"/>
        <vehicle id="cfm-fast_3" eclass="HBEFA3/PC_G_EU4" CO2="37838.45" CO="752.72" HC="4.36" NOx="17.55" PMx="0.94" fuel="16.26" electricity="0.00" noise="119.11" route="routetop" type="cfm-fast" waiting="0.00" lane="top_0" pos="47.39" speed="10.22" angle="189.29" x="-4.71" y="69.38"/>
        <vehicle id="cfm-fast_4" eclass="HBEFA3/PC_G_EU4" CO2="37841.18" CO="752.78" HC="4.36" NOx="17.55" PMx="0.94" fuel="16.27" electricity="0.00" noise="119.11" route="routeleft" type="cfm-fast" waiting="0.00" lane="left_0" pos="13.22" speed="10.22" angle="160.71" x="0.91" y="35.94"/>
        <vehicle id="cfm-fast_5" eclass="HBEFA3/PC_G_EU4" CO2="38472.13" CO="765.74" HC="4.44" NOx="17.85" PMx="0.96" fuel="16.54" electricity="0.00" noise="120.14" route="routeleft" type="cfm-fast" waiting="0.00" lane="left_0" pos="29.05" speed="10.23" angle="132.18" x="21.70" y="9.40"/>
        <vehicle id="cfm-slow_0" eclass="HBEFA3/PC_G_EU4" CO2="27914.59" CO="553.72" HC="3.21" NOx="12.88" PMx="0.69" fuel="12.00" electricity="0.00" noise="105.00" route="routebottom" type="cfm-slow" waiting="0.00" lane="bottom_0" pos="4.82" speed="9.66" angle="85.84" x="74.09" y="-4.15"/>
        <vehicle id="cfm-slow_1" eclass="HBEFA3/PC_G_EU4" CO2="27914.60" CO="553.72" HC="3.21" NOx="12.88" PMx="0.69" fuel="12.00" electricity="0.00" noise="105.00" route="routebottom" type="cfm-slow" waiting="0.00" lane="bottom_0" pos="20.66" speed="9.66" angle="57.30" x="105.14" y="9.01"/>
        <vehicle id="cfm-slow_2" eclass="HBEFA3/PC_G_EU4" CO2="27914.93" CO="553.73" HC="3.21" NOx="12.88" PMx="0.69" fuel="12.00" electricity="0.00" noise="105.00" route="routebottom" type="cfm-slow" waiting="0.00" lane="bottom_0" pos="36.49" speed="9.66" angle="28.85" x="126.16" y="35.37"/>
        <vehicle id="cfm-slow_3" eclass="HBEFA3/PC_G_EU4" CO2="27921.56" CO="553.86" HC="3.21" NOx="12.88" PMx="0.69" fuel="12.00" electricity="0.00" noise="105.01" route="routebottom" type="cfm-slow" waiting="0.00" lane="right_0" pos="2.32" speed="9.66" angle="0.31" x="132.08" y="68.75"/>
        <vehicle id="cfm-slow_4" eclass="HBEFA3/PC_G_EU4" CO2="28024.44" CO="555.95" HC="3.22" NOx="12.93" PMx="0.69" fuel="12.05" electricity="0.00" noise="105.18" route="routeright" type="cfm-slow" waiting="0.00" lane="right_0" pos="18.16" speed="9.66" angle="331.84" x="121.40" y="100.73"/>
        <vehicle id="cfm-slow_5" eclass="HBEFA3/PC_G_EU4" CO2="29196.44" CO="579.62" HC="3.36" NOx="13.48" PMx="0.72" fuel="12.55" electricity="0.00" noise="107.01" route="routeright" type="cfm-slow" waiting="0.00" lane="right_0" pos="33.99" speed="9.71" angle="303.33" x="96.75" y="123.75"/>
    </timestep>
    <timestep time="0.76">
        <vehicle id="cfm-fast_0" eclass="HBEFA3/PC_G_EU4" CO2="37977.75" CO="754.39" HC="4.37" NOx="17.61" PMx="0.95" fuel="16.32" electricity="0.00" noise="118.63" route="routeright" type="cfm-fast" waiting="0.00" lane="right_0" pos="49.99" speed="10.36" angle="274.57" x="63.78" y="132.27"/>
        <vehicle id="cfm-fast_1" eclass="HBEFA3/PC_G_EU4" CO2="37977.75" CO="754.39" HC="4.37" NOx="17.61" PMx="0.95" fuel="16.32" electricity="0.00" noise="118.63" route="routetop" type="cfm-fast" waiting="0.00" lane="top_0" pos="15.82" speed="10.36" angle="245.97" x="30.92" y="123.94"/>
        <vehicle id="cfm-fast_2" eclass="HBEFA3/PC_G_EU4" CO2="37977.75" CO="754.39" HC="4.37" NOx="17.61" PMx="0.95" fuel="16.32" electricity="0.00" noise="118.63" route="routetop" type="cfm-fast" waiting="0.00" lane="top_0" pos="31.66" speed="10.36" angle="217.55" x="6.15" y="101.07"/>
        <vehicle id="cfm-fast_3" eclass="HBEFA3/PC_G_EU4" CO2="37977.77" CO="754.39" HC="4.37" NOx="17.61" PMx="0.95" fuel="16.32" electricity="0.00" noise="118.63" route="routetop" type="cfm-fast" waiting="0.00" lane="top_0" pos="47.49" speed="10.36" angle="189.14" x="-4.73" y="69.16"/>
        <vehicle id="cfm-fast_4" eclass="HBEFA3/PC_G_EU4" CO2="37986.38" CO="754.56" HC="4.37" NOx="17.61" PMx="0.95" fuel="16.33" electricity="0.00" noise="118.65" route="routeleft" type="cfm-fast" waiting="0.00" lane="left_0" pos="13.32" speed="10.36" angle="160.52" x="1.00" y="35.74"/>
        <vehicle id="cfm-fast_5" eclass="HBEFA3/PC_G_EU4" CO2="38961.19" CO="774.57" HC="4.49" NOx="18.07" PMx="0.97" fuel="16.75" electricity="0.00" noise="120.20" route="routeleft" type="cfm-fast" waiting="0.00" lane="left_0" pos="29.16" speed="10.36" angle="131.98" x="21.87" y="9.26"/>
        <vehicle id="cfm-slow_0" eclass="HBEFA3/PC_G_EU4" CO2="27951.33" CO="553.50" HC="3.21" NOx="12.89" PMx="0.69" fuel="12.01" electricity="0.00" noise="104.64" route="routebottom" type="cfm-slow" waiting="0.00" lane="bottom_0" pos="4.92" speed="9.76" angle="85.67" x="74.30" y="-4.12"/>
        <vehicle id="cfm-slow_1" eclass="HBEFA3/PC_G_EU4" CO2="27951.35" CO="553.51" HC="3.21" NOx="12.89" PMx="0.69" fuel="12.01" electricity="0.00" noise="104.64" route="routebottom" type="cfm-slow" waiting="0.00" lane="bottom_0" pos="20.75" speed="9.76" angle="57.12" x="105.30" y="9.14"/>
        <vehicle id="cfm-slow_2" eclass="HBEFA3/PC_G_EU4" CO2="27951.74" CO="553.51" HC="3.21" NOx="12.89" PMx="0.69" fuel="12.02" electricity="0.00" noise="104.64" route="routebottom" type="cfm-slow" waiting="0.00" lane="bottom_0" pos="36.59" speed="9.76" angle="28.66" x="126.25" y="35.56"/>
        <vehicle id="cfm-slow_3" eclass="HBEFA3/PC_G_EU4" CO2="27959.33" CO="553.67" HC="3.21" NOx="12.90" PMx="0.69" fuel="12.02" electricity="0.00" noise="104.65" route="routebottom" type="cfm-slow" waiting="0.00" lane="right_0" pos="2.42" speed="9.76" angle="0.13" x="132.07" y="68.96"/>
        <vehicle id="cfm-slow_4" eclass="HBEFA3/PC_G_EU4" CO2="28073.06" CO="555.97" HC="3.22" NOx="12.95" PMx="0.69" fuel="12.07" electricity="0.00" noise="104.83" route="routeright" type="cfm-slow" waiting="0.00" lane="right_0" pos="18.25" speed="9.76" angle="331.65" x="121.28" y="100.90"/>
        <vehicle id="cfm-slow_5" eclass="HBEFA3/PC_G_EU4" CO2="29321.54" CO="581.19" HC="3.37" NOx="13.54" PMx="0.72" fuel="12.60" electricity="0.00" noise="106.76" route="routeright" type="cfm-slow" waiting="0.00" lane="right_0" pos="34.09" speed="9.81" angle="303.16" x="96.57" y="123.85"/>
    </timestep>
    <timestep time="0.77">
        <vehicle id="cfm-fast_0" eclass="HBEFA3/PC_G_EU4" CO2="38107.73" CO="755.88" HC="4.38" NOx="17.67" PMx="0.95" fuel="16.38" electricity="0.00" noise="118.16" route="routetop" type="cfm-fast" waiting="0.00" lane="top_0" pos="0.09" speed="10.49" angle="274.30" x="63.37" y="132.27"/>
        <vehicle id="cfm-fast_1" eclass="HBEFA3/PC_G_EU4" CO2="38107.73" CO="755.88" HC="4.38" NOx="17.67" PMx="0.95" fuel="16.38" electricity="0.00" noise="118.16" route="routetop" type="cfm-fast" waiting="0.00" lane="top_0" pos="15.93" speed="10.49" angle="245.78" x="30.72" y="123.83"/>
        <vehicle id="cfm-fast_2" eclass="HBEFA3/PC_G_EU4" CO2="38107.73" CO="755.88" HC="4.38" NOx="17.67" PMx="0.95" fuel="16.38" electricity="0.00" noise="118.16" route="routetop" type="cfm-fast" waiting="0.00" lane="top_0" pos="31.76" speed="10.49" angle="217.36" x="6.03" y="100.88"/>
        <vehicle id="cfm-fast_3" eclass="HBEFA3/PC_G_EU4" CO2="38107.84" CO="755.89" HC="4.38" NOx="17.67" PMx="0.95" fuel="16.38" electricity="0.00" noise="118.16" route="routetop" type="cfm-fast" waiting="0.00" lane="top_0" pos="47.59" speed="10.49" angle="188.94" x="-4.74" y="68.93"/>
        <vehicle id="cfm-fast_4" eclass="HBEFA3/PC_G_EU4" CO2="38125.53" CO="756.25" HC="4.38" NOx="17.68" PMx="0.95" fuel="16.39" electricity="0.00" noise="118.19" route="routeleft" type="cfm-fast" waiting="0.00" lane="left_0" pos="13.43" speed="10.49" angle="160.33" x="1.09" y="35.53"/>
        <vehicle id="cfm-fast_5" eclass="HBEFA3/PC_G_EU4" CO2="39450.54" CO="783.42" HC="4.54" NOx="18.30" PMx="0.99" fuel="16.96" electricity="0.00" noise="120.26" route="routeleft" type="cfm-fast" waiting="0.00" lane="left_0" pos="29.26" speed="10.50" angle="131.79" x="22.05" y="9.12"/>
        <vehicle id="cfm-slow_0" eclass="HBEFA3/PC_G_EU4" CO2="27983.03" CO="553.20" HC="3.21" NOx="12.91" PMx="0.69" fuel="12.03" electricity="0.00" noise="104.27" route="routebottom" type="cfm-slow" waiting="0.00" lane="bottom_0" pos="5.02" speed="9.86" angle="85.42" x="74.51" y="-4.09"/>
        <vehicle id="cfm-slow_1" eclass="HBEFA3/PC_G_EU4" CO2="27983.05" CO="553.20" HC="3.21" NOx="12.91" PMx="0.69" fuel="12.03" electricity="0.00" noise="104.27" route="routebottom" type="cfm-slow" waiting="0.00" lane="bottom_0" pos="20.85" speed="9.86" angle="56.94" x="105.47" y="9.27"/>
        <vehicle id="cfm-slow_2" eclass="HBEFA3/PC_G_EU4" CO2="27983.52" CO="553.21" HC="3.21" NOx="12.91" PMx="0.69" fuel="12.03" electricity="0.00" noise="104.27" route="routebottom" type="cfm-slow" waiting="0.00" lane="bottom_0" pos="36.68" speed="9.86" angle="28.46" x="126.33" y="35.76"/>
        <vehicle id="cfm-slow_3" eclass="HBEFA3/PC_G_EU4" CO2="27992.16" CO="553.39" HC="3.21" NOx="12.91" PMx="0.69" fuel="12.03" electricity="0.00" noise="104.29" route="routebottom" type="cfm-slow" waiting="0.00" lane="right_0" pos="2.52" speed="9.86" angle="359.98" x="132.06" y="69.17"/>
        <vehicle id="cfm-slow_4" eclass="HBEFA3/PC_G_EU4" CO2="28117.42" CO="555.93" HC="3.22" NOx="12.97" PMx="0.69" fuel="12.09" electricity="0.00" noise="104.49" route="routeright" type="cfm-slow" waiting="0.00" lane="right_0" pos="18.35" speed="9.86" angle="331.46" x="121.16" y="101.08"/>
        <vehicle id="cfm-slow_5" eclass="HBEFA3/PC_G_EU4" CO2="29442.13" CO="582.67" HC="3.38" NOx="13.59" PMx="0.73" fuel="12.66" electricity="0.00" noise="106.51" route="routeright" type="cfm-slow" waiting="0.00" lane="right_0" pos="34.19" speed="9.92" angle="302.98" x="96.38" y="123.96"/>
    </timestep>
    <timestep time="0.78">
        <vehicle id="cfm-fast_0" eclass="HBEFA3/PC_G_EU4" CO2="38228.64" CO="757.22" HC="4.39" NOx="17.72" PMx="0.95" fuel="16.43" electricity="0.00" noise="117.69" route="routetop" type="cfm-fast" waiting="0.00" lane="top_0" pos="0.20" speed="10.62" angle="274.11" x="63.14" y="132.26"/>
        <vehicle id="cfm-fast_1" eclass="HBEFA3/PC_G_EU4" CO2="38228.64" CO="757.22" HC="4.39" NOx="17.72" PMx="0.95" fuel="16.43" electricity="0.00" noise="117.69" route="routetop" type="cfm-fast" waiting="0.00" lane="top_0" pos="16.03" speed="10.62" angle="245.59" x="30.52" y="123.72"/>
        <vehicle id="cfm-fast_2" eclass="HBEFA3/PC_G_EU4" CO2="38228.64" CO="757.22" HC="4.39" NOx="17.72" PMx="0.95" fuel="16.43" electricity="0.00" noise="117.69" route="routetop" type="cfm-fast" waiting="0.00" lane="top_0" pos="31.87" speed="10.62" angle="217.17" x="5.90" y="100.69"/>
        <vehicle id="cfm-fast_3" eclass="HBEFA3/PC_G_EU4" CO2="38228.91" CO="757.22" HC="4.39" NOx="17.72" PMx="0.95" fuel="16.43" electricity="0.00" noise="117.69" route="routetop" type="cfm-fast" waiting="0.00" lane="top_0" pos="47.70" speed="10.62" angle="188.74" x="-4.76" y="68.70"/>
        <vehicle id="cfm-fast_4" eclass="HBEFA3/PC_G_EU4" CO2="38258.96" CO="757.84" HC="4.39" NOx="17.74" PMx="0.95" fuel="16.45" electricity="0.00" noise="117.74" route="routeleft" type="cfm-fast" waiting="0.00" lane="left_0" pos="13.53" speed="10.62" angle="160.13" x="1.19" y="35.33"/>
        <vehicle id="cfm-fast_5" eclass="HBEFA3/PC_G_EU4" CO2="39940.18" CO="792.30" HC="4.59" NOx="18.53" PMx="1.00" fuel="17.17" electricity="0.00" noise="120.32" route="routeleft" type="cfm-fast" waiting="0.00" lane="left_0" pos="29.37" speed="10.64" angle="131.60" x="22.23" y="8.98"/>
        <vehicle id="cfm-slow_0" eclass="HBEFA3/PC_G_EU4" CO2="28009.82" CO="552.82" HC="3.21" NOx="12.92" PMx="0.69" fuel="12.04" electricity="0.00" noise="103.91" route="routebottom" type="cfm-slow" waiting="0.00" lane="bottom_0" pos="5.12" speed="9.96" angle="85.27" x="74.72" y="-4.06"/>
        <vehicle id="cfm-slow_1" eclass="HBEFA3/PC_G_EU4" CO2="28009.85" CO="552.82" HC="3.21" NOx="12.92" PMx="0.69" fuel="12.04" electricity="0.00" noise="103.91" route="routebottom" type="cfm-slow" waiting="0.00" lane="bottom_0" pos="20.95" speed="9.96" angle="56.76" x="105.64" y="9.40"/>
        <vehicle id="cfm-slow_2" eclass="HBEFA3/PC_G_EU4" CO2="28010.39" CO="552.83" HC="3.21" NOx="12.92" PMx="0.69" fuel="12.04" electricity="0.00" noise="103.92" route="routebottom" type="cfm-slow" waiting="0.00" lane="bottom_0" pos="36.78" speed="9.96" angle="28.27" x="126.42" y="35.95"/>
        <vehicle id="cfm-slow_3" eclass="HBEFA3/PC_G_EU4" CO2="28020.19" CO="553.03" HC="3.21" NOx="12.92" PMx="0.69" fuel="12.04" electricity="0.00" noise="103.93" route="routebottom" type="cfm-slow" waiting="0.00" lane="right_0" pos="2.62" speed="9.96" angle="359.80" x="132.04" y="69.39"/>
        <vehicle id="cfm-slow_4" eclass="HBEFA3/PC_G_EU4" CO2="28157.66" CO="555.82" HC="3.22" NOx="12.99" PMx="0.69" fuel="12.10" electricity="0.00" noise="104.15" route="routeright" type="cfm-slow" waiting="0.00" lane="right_0" pos="18.45" speed="9.96" angle="331.26" x="121.04" y="101.26"/>
        <vehicle id="cfm-slow_5" eclass="HBEFA3/PC_G_EU4" CO2="29558.26" CO="584.08" HC="3.39" NOx="13.65" PMx="0.73" fuel="12.71" electricity="0.00" noise="106.26" route="routeright" type="cfm-slow" waiting="0.00" lane="right_0" pos="34.29" speed="10.03" angle="302.79" x="96.19" y="124.06"/>
    </timestep>
    <timestep time="0.79">
        <vehicle id="cfm-fast_0" eclass="HBEFA3/PC_G_EU4" CO2="38340.68" CO="758.39" HC="4.40" NOx="17.77" PMx="0.96" fuel="16.48" electricity="0.00" noise="117.23" route="routetop" type="cfm-fast" waiting="0.00" lane="top_0" pos="0.31" speed="10.75" angle="273.92" x="62.91" y="132.26"/>
        <vehicle id="cfm-fast_1" eclass="HBEFA3/PC_G_EU4" CO2="38340.68" CO="758.39" HC="4.40" NOx="17.77" PMx="0.96" fuel="16.48" electricity="0.00" noise="117.23" route="routetop" type="cfm-fast" waiting="0.00" lane="top_0" pos="16.14" speed="10.75" angle="245.39" x="30.32" y="123.61"/>
        <vehicle id="cfm-fast_2" eclass="HBEFA3/PC_G_EU4" CO2="38340.68" CO="758.39" HC="4.40" NOx="17.77" PMx="0.96" fuel="16.48" electricity="0.00" noise="117.23" route="routetop" type="cfm-fast" waiting="0.00" lane="top_0" pos="31.98" speed="10.75" angle="217.00" x="5.77" y="100.50"/>
        <vehicle id="cfm-fast_3" eclass="HBEFA3/PC_G_EU4" CO2="38341.23" CO="758.41" HC="4.40" NOx="17.77" PMx="0.96" fuel="16.48" electricity="0.00" noise="117.23" route="routetop" type="cfm-fast" waiting="0.00" lane="top_0" pos="47.81" speed="10.75" angle="188.53" x="-4.77" y="68.47"/>
        <vehicle id="cfm-fast_4" eclass="HBEFA3/PC_G_EU4" CO2="38386.97" CO="759.34" HC="4.40" NOx="17.79" PMx="0.96" fuel="16.50" electricity="0.00" noise="117.30" route="routeleft" type="cfm-fast" waiting="0.00" lane="left_0" pos="13.64" speed="10.75" angle="159.93" x="1.28" y="35.11"/>
        <vehicle id="cfm-fast_5" eclass="HBEFA3/PC_G_EU4" CO2="40430.12" CO="801.20" HC="4.65" NOx="18.76" PMx="1.01" fuel="17.38" electricity="0.00" noise="120.38" route="routeleft" type="cfm-fast" waiting="0.00" lane="left_0" pos="29.48" speed="10.77" angle="131.45" x="22.41" y="8.84"/>
        <vehicle id="cfm-slow_0" eclass="HBEFA3/PC_G_EU4" CO2="28031.82" CO="552.35" HC="3.20" NOx="12.92" PMx="0.69" fuel="12.05" electricity="0.00" noise="103.56" route="routebottom" type="cfm-slow" waiting="0.00" lane="bottom_0" pos="5.22" speed="10.06" angle="85.09" x="74.94" y="-4.02"/>
        <vehicle id="cfm-slow_1" eclass="HBEFA3/PC_G_EU4" CO2="28031.85" CO="552.35" HC="3.20" NOx="12.92" PMx="0.69" fuel="12.05" electricity="0.00" noise="103.56" route="routebottom" type="cfm-slow" waiting="0.00" lane="bottom_0" pos="21.05" speed="10.06" angle="56.58" x="105.81" y="9.54"/>
        <vehicle id="cfm-slow_2" eclass="HBEFA3/PC_G_EU4" CO2="28032.49" CO="552.36" HC="3.20" NOx="12.92" PMx="0.69" fuel="12.05" electricity="0.00" noise="103.56" route="routebottom" type="cfm-slow" waiting="0.00" lane="bottom_0" pos="36.88" speed="10.06" angle="28.07" x="126.51" y="36.15"/>
        <vehicle id="cfm-slow_3" eclass="HBEFA3/PC_G_EU4" CO2="28043.56" CO="552.59" HC="3.21" NOx="12.93" PMx="0.69" fuel="12.05" electricity="0.00" noise="103.58" route="routebottom" type="cfm-slow" waiting="0.00" lane="right_0" pos="2.72" speed="10.06" angle="359.62" x="132.02" y="69.60"/>
        <vehicle id="cfm-slow_4" eclass="HBEFA3/PC_G_EU4" CO2="28193.90" CO="555.64" HC="3.22" NOx="13.00" PMx="0.69" fuel="12.12" electricity="0.00" noise="103.81" route="routeright" type="cfm-slow" waiting="0.00" lane="right_0" pos="18.55" speed="10.06" angle="331.07" x="120.92" y="101.44"/>
        <vehicle id="cfm-slow_5" eclass="HBEFA3/PC_G_EU4" CO2="29670.00" CO="585.42" HC="3.40" NOx="13.70" PMx="0.73" fuel="12.75" electricity="0.00" noise="106.01" route="routeright" type="cfm-slow" waiting="0.00" lane="right_0" pos="34.39" speed="10.13" angle="302.61" x="96.00" y="124.17"/>
    </timestep>
    <timestep time="0.80">
        <vehicle id="cfm-fast_0" eclass="HBEFA3/PC_G_EU4" CO2="38444.08" CO="759.42" HC="4.41" NOx="17.82" PMx="0.96" fuel="16.53" electricity="0.00" noise="116.77" route="routetop" type="cfm-fast" waiting="0.00" lane="top_0" pos="0.42" speed="10.88" angle="273.72" x="62.67" y="132.25"/>
        <vehicle id="cfm-fast_1" eclass="HBEFA3/PC_G_EU4" CO2="38444.08" CO="759.42" HC="4.41" NOx="17.82" PMx="0.96" fuel="16.53" electricity="0.00" noise="116.77" route="routetop" type="cfm-fast" waiting="0.00" lane="top_0" pos="16.25" speed="10.88" angle="245.20" x="30.12" y="123.50"/>
        <vehicle id="cfm-fast_2" eclass="HBEFA3/PC_G_EU4" CO2="38444.09" CO="759.42" HC="4.41" NOx="17.82" PMx="0.96" fuel="16.53" electricity="0.00" noise="116.77" route="routetop" type="cfm-fast" waiting="0.00" lane="top_0" pos="32.08" speed="10.88" angle="216.84" x="5.65" y="100.30"/>
        <vehicle id="cfm-fast_3" eclass="HBEFA3/PC_G_EU4" CO2="38445.07" CO="759.44" HC="4.41" NOx="17.82" PMx="0.96" fuel="16.53" electricity="0.00" noise="116.77" route="routetop" type="cfm-fast" waiting="0.00" lane="top_0" pos="47.92" speed="10.88" angle="188.32" x="-4.78" y="68.24"/>
        <vehicle id="cfm-fast_4" eclass="HBEFA3/PC_G_EU4" CO2="38509.86" CO="760.77" HC="4.41" NOx="17.85" PMx="0.96" fuel="16.55" electricity="0.00" noise="116.86" route="routeleft" type="cfm-fast" waiting="0.00" lane="left_0" pos="13.75" speed="10.88" angle="159.73" x="1.38" y="34.90"/>
        <vehicle id="cfm-fast_5" eclass="HBEFA3/PC_G_EU4" CO2="40920.34" CO="810.11" HC="4.70" NOx="18.98" PMx="1.02" fuel="17.59" electricity="0.00" noise="120.44" route="routeleft" type="cfm-fast" waiting="0.00" lane="left_0" pos="29.58" speed="10.91" angle="131.26" x="22.60" y="8.70"/>
        <vehicle id="cfm-slow_0" eclass="HBEFA3/PC_G_EU4" CO2="28049.17" CO="551.80" HC="3.20" NOx="12.93" PMx="0.69" fuel="12.06" electricity="0.00" noise="103.21" route="routebottom" type="cfm-slow" waiting="0.00" lane="bottom_0" pos="5.32" speed="10.16" angle="84.90" x="75.15" y="-3.98"/>
        <vehicle id="cfm-slow_1" eclass="HBEFA3/PC_G_EU4" CO2="28049.20" CO="551.80" HC="3.20" NOx="12.93" PMx="0.69" fuel="12.06" electricity="0.00" noise="103.21" route="routebottom" type="cfm-slow" waiting="0.00" lane="bottom_0" pos="21.15" speed="10.16" angle="56.40" x="105.98" y="9.67"/>
        <vehicle id="cfm-slow_2" eclass="HBEFA3/PC_G_EU4" CO2="28049.94" CO="551.82" HC="3.20" NOx="12.93" PMx="0.69" fuel="12.06" electricity="0.00" noise="103.21" route="routebottom" type="cfm-slow" waiting="0.00" lane="bottom_0" pos="36.99" speed="10.16" angle="27.88" x="126.60" y="36.35"/>
        <vehicle id="cfm-slow_3" eclass="HBEFA3/PC_G_EU4" CO2="28062.41" CO="552.07" HC="3.20" NOx="12.94" PMx="0.69" fuel="12.06" electricity="0.00" noise="103.23" route="routebottom" type="cfm-slow" waiting="0.00" lane="right_0" pos="2.82" speed="10.16" angle="359.44" x="132.00" y="69.82"/>
        <vehicle id="cfm-slow_4" eclass="HBEFA3/PC_G_EU4" CO2="28226.27" CO="555.39" HC="3.22" NOx="13.01" PMx="0.69" fuel="12.13" electricity="0.00" noise="103.48" route="routeright" type="cfm-slow" waiting="0.00" lane="right_0" pos="18.65" speed="10.16" angle="330.87" x="120.80" y="101.62"/>
        <vehicle id="cfm-slow_5" eclass="HBEFA3/PC_G_EU4" CO2="29777.42" CO="586.68" HC="3.40" NOx="13.74" PMx="0.73" fuel="12.80" electricity="0.00" noise="105.76" route="routeright" type="cfm-slow" waiting="0.00" lane="right_0" pos="34.49" speed="10.23" angle="302.42" x="95.81" y="124.27"/>
    </timestep>
    <timestep time="0.81">
        <vehicle id="cfm-fast_0" eclass="HBEFA3/PC_G_EU4" CO2="38539.06" CO="760.29" HC="4.41" NOx="17.86" PMx="0.96" fuel="16.57" electricity="0.00" noise="116.31" route="routetop" type="cfm-fast" waiting="0.00" lane="top_0" pos="0.53" speed="11.00" angle="273.52" x="62.44" y="132.25"/>
        <vehicle id="cfm-fast_1" eclass="HBEFA3/PC_G_EU4" CO2="38539.06" CO="760.29" HC="4.41" NOx="17.86" PMx="0.96" fuel="16.57" electricity="0.00" noise="116.31" route="routetop" type="cfm-fast" waiting="0.00" lane="top_0" pos="16.36" speed="11.00" angle="245.00" x="29.91" y="123.38"/>
        <vehicle id="cfm-fast_2" eclass="HBEFA3/PC_G_EU4" CO2="38539.08" CO="760.29" HC="4.41" NOx="17.86" PMx="0.96" fuel="16.57" electricity="0.00" noise="116.31" route="routetop" type="cfm-fast" waiting="0.00" lane="top_0" pos="32.19" speed="11.00" angle="216.63" x="5.52" y="100.10"/>
        <vehicle id="cfm-fast_3" eclass="HBEFA3/PC_G_EU4" CO2="38540.66" CO="760.32" HC="4.41" NOx="17.86" PMx="0.96" fuel="16.57" electricity="0.00" noise="116.31" route="routetop" type="cfm-fast" waiting="0.00" lane="top_0" pos="48.03" speed="11.00" angle="188.11" x="-4.80" y="68.00"/>
        <vehicle id="cfm-fast_4" eclass="HBEFA3/PC_G_EU4" CO2="38627.93" CO="762.11" HC="4.42" NOx="17.90" PMx="0.96" fuel="16.60" electricity="0.00" noise="116.44" route="routeleft" type="cfm-fast" waiting="0.00" lane="left_0" pos="13.86" speed="11.00" angle="159.52" x="1.47" y="34.69"/>
        <vehicle id="cfm-fast_5" eclass="HBEFA3/PC_G_EU4" CO2="41410.86" CO="819.05" HC="4.75" NOx="19.21" PMx="1.04" fuel="17.80" electricity="0.00" noise="120.50" route="routeleft" type="cfm-fast" waiting="0.00" lane="left_0" pos="29.70" speed="11.05" angle="131.05" x="22.80" y="8.56"/>
        <vehicle id="cfm-slow_0" eclass="HBEFA3/PC_G_EU4" CO2="28061.97" CO="551.18" HC="3.20" NOx="12.93" PMx="0.69" fuel="12.06" electricity="0.00" noise="102.86" route="routebottom" type="cfm-slow" waiting="0.00" lane="bottom_0" pos="5.42" speed="10.25" angle="84.72" x="75.37" y="-3.94"/>
        <vehicle id="cfm-slow_1" eclass="HBEFA3/PC_G_EU4" CO2="28062.02" CO="551.18" HC="3.20" NOx="12.93" PMx="0.69" fuel="12.06" electricity="0.00" noise="102.86" route="routebottom" type="cfm-slow" waiting="0.00" lane="bottom_0" pos="21.26" speed="10.25" angle="56.21" x="106.15" y="9.81"/>
        <vehicle id="cfm-slow_2" eclass="HBEFA3/PC_G_EU4" CO2="28062.87" CO="551.20" HC="3.20" NOx="12.93" PMx="0.69" fuel="12.06" electricity="0.00" noise="102.86" route="routebottom" type="cfm-slow" waiting="0.00" lane="bottom_0" pos="37.09" speed="10.25" angle="27.69" x="126.69" y="36.55"/>
        <vehicle id="cfm-slow_3" eclass="HBEFA3/PC_G_EU4" CO2="28076.85" CO="551.48" HC="3.20" NOx="12.94" PMx="0.69" fuel="12.07" electricity="0.00" noise="102.88" route="routebottom" type="cfm-slow" waiting="0.00" lane="right_0" pos="2.92" speed="10.25" angle="359.25" x="131.97" y="70.04"/>
        <vehicle id="cfm-slow_4" eclass="HBEFA3/PC_G_EU4" CO2="28254.89" CO="555.09" HC="3.22" NOx="13.02" PMx="0.69" fuel="12.15" electricity="0.00" noise="103.15" route="routeright" type="cfm-slow" waiting="0.00" lane="right_0" pos="18.76" speed="10.26" angle="330.67" x="120.68" y="101.80"/>
        <vehicle id="cfm-slow_5" eclass="HBEFA3/PC_G_EU4" CO2="29880.59" CO="587.87" HC="3.41" NOx="13.79" PMx="0.74" fuel="12.84" electricity="0.00" noise="105.52" route="routeright" type="cfm-slow" waiting="0.00" lane="right_0" pos="34.60" speed="10.34" angle="302.29" x="95.61" y="124.38"/>
    </timestep>
    <timestep time="0.82">
        <vehicle id="cfm-fast_0" eclass="HBEFA3/PC_G_EU4" CO2="38625.83" CO="761.02" HC="4.42" NOx="17.90" PMx="0.96" fuel="16.60" electricity="0.00" noise="115.86" route="routetop" type="cfm-fast" waiting="0.00" lane="top_0" pos="0.64" speed="11.13" angle="273.32" x="62.20" y="132.24"/>
        <vehicle id="cfm-fast_1" eclass="HBEFA3/PC_G_EU4" CO2="38625.83" CO="761.02" HC="4.42" NOx="17.90" PMx="0.96" fuel="16.60" electricity="0.00" noise="115.86" route="routetop" type="cfm-fast" waiting="0.00" lane="top_0" pos="16.47" speed="11.13" angle="244.80" x="29.70" y="123.27"/>
        <vehicle id="cfm-fast_2" eclass="HBEFA3/PC_G_EU4" CO2="38625.87" CO="761.02" HC="4.42" NOx="17.90" PMx="0.96" fuel="16.60" electricity="0.00" noise="115.86" route="routetop" type="cfm-fast" waiting="0.00" lane="top_0" pos="32.31" speed="11.13" angle="216.42" x="5.40" y="99.89"/>
        <vehicle id="cfm-fast_3" eclass="HBEFA3/PC_G_EU4" CO2="38628.26" CO="761.07" HC="4.42" NOx="17.90" PMx="0.96" fuel="16.60" electricity="0.00" noise="115.86" route="routetop" type="cfm-fast" waiting="0.00" lane="top_0" pos="48.14" speed="11.13" angle="187.90" x="-4.81" y="67.76"/>
        <vehicle id="cfm-fast_4" eclass="HBEFA3/PC_G_EU4" CO2="38741.46" CO="763.39" HC="4.43" NOx="17.95" PMx="0.97" fuel="16.65" electricity="0.00" noise="116.03" route="routeleft" type="cfm-fast" waiting="0.00" lane="left_0" pos="13.97" speed="11.13" angle="159.33" x="1.57" y="34.47"/>
        <vehicle id="cfm-fast_5" eclass="HBEFA3/PC_G_EU4" CO2="41901.67" CO="828.01" HC="4.80" NOx="19.44" PMx="1.05" fuel="18.01" electricity="0.00" noise="120.56" route="routeleft" type="cfm-fast" waiting="0.00" lane="left_0" pos="29.81" speed="11.18" angle="130.85" x="22.99" y="8.42"/>
        <vehicle id="cfm-slow_0" eclass="HBEFA3/PC_G_EU4" CO2="28070.37" CO="550.48" HC="3.20" NOx="12.94" PMx="0.69" fuel="12.07" electricity="0.00" noise="102.51" route="routebottom" type="cfm-slow" waiting="0.00" lane="bottom_0" pos="5.53" speed="10.35" angle="84.53" x="75.59" y="-3.90"/>
        <vehicle id="cfm-slow_1" eclass="HBEFA3/PC_G_EU4" CO2="28070.42" CO="550.48" HC="3.20" NOx="12.94" PMx="0.69" fuel="12.07" electricity="0.00" noise="102.51" route="routebottom" type="cfm-slow" waiting="0.00" lane="bottom_0" pos="21.36" speed="10.35" angle="56.02" x="106.33" y="9.95"/>
        <vehicle id="cfm-slow_2" eclass="HBEFA3/PC_G_EU4" CO2="28071.40" CO="550.50" HC="3.20" NOx="12.94" PMx="0.69" fuel="12.07" electricity="0.00" noise="102.51" route="routebottom" type="cfm-slow" waiting="0.00" lane="bottom_0" pos="37.19" speed="10.35" angle="27.56" x="126.78" y="36.75"/>
        <vehicle id="cfm-slow_3" eclass="HBEFA3/PC_G_EU4" CO2="28087.02" CO="550.82" HC="3.20" NOx="12.94" PMx="0.69" fuel="12.07" electricity="0.00" noise="102.54" route="routebottom" type="cfm-slow" waiting="0.00" lane="right_0" pos="3.03" speed="10.35" angle="359.07" x="131.95" y="70.26"/>
        <vehicle id="cfm-slow_4" eclass="HBEFA3/PC_G_EU4" CO2="28279.87" CO="554.73" HC="3.22" NOx="13.03" PMx="0.69" fuel="12.16" electricity="0.00" noise="102.83" route="routeright" type="cfm-slow" waiting="0.00" lane="right_0" pos="18.86" speed="10.36" angle="330.47" x="120.56" y="101.99"/>
        <vehicle id="cfm-slow_5" eclass="HBEFA3/PC_G_EU4" CO2="29979.58" CO="588.98" HC="3.42" NOx="13.83" PMx="0.74" fuel="12.89" electricity="0.00" noise="105.27" route="routeright" type="cfm-slow" waiting="0.00" lane="right_0" pos="34.70" speed="10.44" angle="302.11" x="95.42" y="124.48"/>
    </timestep>
    <timestep time="0.83">
        <vehicle id="cfm-fast_0" eclass="HBEFA3/PC_G_EU4" CO2="38704.60" CO="761.60" HC="4.42" NOx="17.93" PMx="0.97" fuel="16.64" electricity="0.00" noise="115.41" route="routetop" type="cfm-fast" waiting="0.00" lane="top_0" pos="0.75" speed="11.25" angle="273.12" x="61.95" y="132.24"/>
        <vehicle id="cfm-fast_1" eclass="HBEFA3/PC_G_EU4" CO2="38704.60" CO="761.60" HC="4.42" NOx="17.93" PMx="0.97" fuel="16.64" electricity="0.00" noise="115.41" route="routetop" type="cfm-fast" waiting="0.00" lane="top_0" pos="16.58" speed="11.25" angle="244.62" x="29.49" y="123.15"/>
        <vehicle id="cfm-fast_2" eclass="HBEFA3/PC_G_EU4" CO2="38704.66" CO="761.60" HC="4.42" NOx="17.93" PMx="0.97" fuel="16.64" electricity="0.00" noise="115.41" route="routetop" type="cfm-fast" waiting="0.00" lane="top_0" pos="32.42" speed="11.25" angle="216.21" x="5.28" y="99.69"/>
        <vehicle id="cfm-fast_3" eclass="HBEFA3/PC_G_EU4" CO2="38708.11" CO="761.67" HC="4.42" NOx="17.93" PMx="0.97" fuel="16.64" electricity="0.00" noise="115.42" route="routetop" type="cfm-fast" waiting="0.00" lane="top_0" pos="48.25" speed="11.25" angle="187.68" x="-4.83" y="67.52"/>
        <vehicle id="cfm-fast_4" eclass="HBEFA3/PC_G_EU4" CO2="38850.71" CO="764.59" HC="4.44" NOx="18.00" PMx="0.97" fuel="16.70" electricity="0.00" noise="115.62" route="routeleft" type="cfm-fast" waiting="0.00" lane="left_0" pos="14.08" speed="11.25" angle="159.17" x="1.67" y="34.25"/>
        <vehicle id="cfm-fast_5" eclass="HBEFA3/PC_G_EU4" CO2="42392.77" CO="837.00" HC="4.86" NOx="19.67" PMx="1.06" fuel="18.22" electricity="0.00" noise="120.62" route="routeleft" type="cfm-fast" waiting="0.00" lane="left_0" pos="29.92" speed="11.32" angle="130.64" x="23.19" y="8.28"/>
        <vehicle id="cfm-slow_0" eclass="HBEFA3/PC_G_EU4" CO2="28074.46" CO="549.71" HC="3.19" NOx="12.93" PMx="0.69" fuel="12.07" electricity="0.00" noise="102.17" route="routebottom" type="cfm-slow" waiting="0.00" lane="bottom_0" pos="5.63" speed="10.44" angle="84.34" x="75.81" y="-3.86"/>
        <vehicle id="cfm-slow_1" eclass="HBEFA3/PC_G_EU4" CO2="28074.52" CO="549.71" HC="3.19" NOx="12.93" PMx="0.69" fuel="12.07" electricity="0.00" noise="102.17" route="routebottom" type="cfm-slow" waiting="0.00" lane="bottom_0" pos="21.46" speed="10.44" angle="55.83" x="106.51" y="10.08"/>
        <vehicle id="cfm-slow_2" eclass="HBEFA3/PC_G_EU4" CO2="28075.64" CO="549.73" HC="3.19" NOx="12.94" PMx="0.69" fuel="12.07" electricity="0.00" noise="102.17" route="routebottom" type="cfm-slow" waiting="0.00" lane="bottom_0" pos="37.30" speed="10.44" angle="27.37" x="126.86" y="36.96"/>
        <vehicle id="cfm-slow_3" eclass="HBEFA3/PC_G_EU4" CO2="28093.04" CO="550.08" HC="3.20" NOx="12.94" PMx="0.69" fuel="12.08" electricity="0.00" noise="102.20" route="routebottom" type="cfm-slow" waiting="0.00" lane="right_0" pos="3.13" speed="10.45" angle="358.88" x="131.93" y="70.48"/>
        <vehicle id="cfm-slow_4" eclass="HBEFA3/PC_G_EU4" CO2="28301.33" CO="554.30" HC="3.22" NOx="13.04" PMx="0.70" fuel="12.17" electricity="0.00" noise="102.51" route="routeright" type="cfm-slow" waiting="0.00" lane="right_0" pos="18.96" speed="10.45" angle="330.27" x="120.43" y="102.18"/>
        <vehicle id="cfm-slow_5" eclass="HBEFA3/PC_G_EU4" CO2="30074.45" CO="590.03" HC="3.43" NOx="13.88" PMx="0.74" fuel="12.93" electricity="0.00" noise="105.03" route="routeright" type="cfm-slow" waiting="0.00" lane="right_0" pos="34.81" speed="10.54" angle="301.92" x="95.21" y="124.58"/>
    </timestep>
    <timestep time="0.84">
        <vehicle id="cfm-fast_0" eclass="HBEFA3/PC_G_EU4" CO2="38775.57" CO="762.05" HC="4.43" NOx="17.96" PMx="0.97" fuel="16.67" electricity="0.00" noise="114.97" route="routetop" type="cfm-fast" waiting="0.00" lane="top_0" pos="0.86" speed="11.38" angle="272.91" x="61.71" y="132.24"/>
        <vehicle id="cfm-fast_1" eclass="HBEFA3/PC_G_EU4" CO2="38775.58" CO="762.05" HC="4.43" NOx="17.96" PMx="0.97" fuel="16.67" electricity="0.00" noise="114.97" route="routetop" type="cfm-fast" waiting="0.00" lane="top_0" pos="16.70" speed="11.38" angle="244.44" x="29.28" y="123.03"/>
        <vehicle id="cfm-fast_2" eclass="HBEFA3/PC_G_EU4" CO2="38775.66" CO="762.05" HC="4.43" NOx="17.96" PMx="0.97" fuel="16.67" electricity="0.00" noise="114.97" route="routetop" type="cfm-fast" waiting="0.00" lane="top_0" pos="32.53" speed="11.38" angle="215.99" x="5.15" y="99.48"/>
        <vehicle id="cfm-fast_3" eclass="HBEFA3/PC_G_EU4" CO2="38780.44" CO="762.15" HC="4.43" NOx="17.96" PMx="0.97" fuel="16.67" electricity="0.00" noise="114.97" route="routetop" type="cfm-fast" waiting="0.00" lane="top_0" pos="48.36" speed="11.38" angle="187.47" x="-4.84" y="67.28"/>
        <vehicle id="cfm-fast_4" eclass="HBEFA3/PC_G_EU4" CO2="38955.96" CO="765.74" HC="4.45" NOx="18.05" PMx="0.97" fuel="16.75" electricity="0.00" noise="115.22" route="routeleft" type="cfm-fast" waiting="0.00" lane="left_0" pos="14.20" speed="11.38" angle="158.95" x="1.78" y="34.03"/>
        <vehicle id="cfm-fast_5" eclass="HBEFA3/PC_G_EU4" CO2="42884.17" CO="846.00" HC="4.91" NOx="19.90" PMx="1.07" fuel="18.43" electricity="0.00" noise="120.68" route="routeleft" type="cfm-fast" waiting="0.00" lane="left_0" pos="30.03" speed="11.45" angle="130.43" x="23.39" y="8.13"/>
        <vehicle id="cfm-slow_0" eclass="HBEFA3/PC_G_EU4" CO2="28074.37" CO="548.86" HC="3.19" NOx="12.93" PMx="0.69" fuel="12.07" electricity="0.00" noise="101.83" route="routebottom" type="cfm-slow" waiting="0.00" lane="bottom_0" pos="5.74" speed="10.54" angle="84.14" x="76.03" y="-3.82"/>
        <vehicle id="cfm-slow_1" eclass="HBEFA3/PC_G_EU4" CO2="28074.44" CO="548.86" HC="3.19" NOx="12.93" PMx="0.69" fuel="12.07" electricity="0.00" noise="101.83" route="routebottom" type="cfm-slow" waiting="0.00" lane="bottom_0" pos="21.57" speed="10.54" angle="55.64" x="106.68" y="10.22"/>
        <vehicle id="cfm-slow_2" eclass="HBEFA3/PC_G_EU4" CO2="28075.73" CO="548.89" HC="3.19" NOx="12.93" PMx="0.69" fuel="12.07" electricity="0.00" noise="101.83" route="routebottom" type="cfm-slow" waiting="0.00" lane="bottom_0" pos="37.40" speed="10.54" angle="27.18" x="126.95" y="37.17"/>
        <vehicle id="cfm-slow_3" eclass="HBEFA3/PC_G_EU4" CO2="28095.04" CO="549.28" HC="3.19" NOx="12.94" PMx="0.69" fuel="12.08" electricity="0.00" noise="101.86" route="routebottom" type="cfm-slow" waiting="0.00" lane="right_0" pos="3.24" speed="10.54" angle="358.69" x="131.90" y="70.71"/>
        <vehicle id="cfm-slow_4" eclass="HBEFA3/PC_G_EU4" CO2="28319.37" CO="553.83" HC="3.22" NOx="13.05" PMx="0.70" fuel="12.17" electricity="0.00" noise="102.19" route="routeright" type="cfm-slow" waiting="0.00" lane="right_0" pos="19.07" speed="10.55" angle="330.06" x="120.30" y="102.36"/>
        <vehicle id="cfm-slow_5" eclass="HBEFA3/PC_G_EU4" CO2="30165.26" CO="591.01" HC="3.43" NOx="13.92" PMx="0.74" fuel="12.97" electricity="0.00" noise="104.79" route="routeright" type="cfm-slow" waiting="0.00" lane="right_0" pos="34.91" speed="10.64" angle="301.73" x="95.01" y="124.69"/>
    </timestep>
    <timestep time="0.85">
        <vehicle id="cfm-fast_0" eclass="HBEFA3/PC_G_EU4" CO2="38838.95" CO="762.36" HC="4.43" NOx="17.99" PMx="0.97" fuel="16.69" electricity="0.00" noise="114.53" route="routetop" type="cfm-fast" waiting="0.00" lane="top_0" pos="0.98" speed="11.50" angle="272.70" x="61.46" y="132.23"/>
        <vehicle id="cfm-fast_1" eclass="HBEFA3/PC_G_EU4" CO2="38838.95" CO="762.36" HC="4.43" NOx="17.99" PMx="0.97" fuel="16.69" electricity="0.00" noise="114.53" route="routetop" type="cfm-fast" waiting="0.00" lane="top_0" pos="16.81" speed="11.50" angle="244.23" x="29.06" y="122.90"/>
        <vehicle id="cfm-fast_2" eclass="HBEFA3/PC_G_EU4" CO2="38839.08" CO="762.36" HC="4.43" NOx="17.99" PMx="0.97" fuel="16.69" electricity="0.00" noise="114.53" route="routetop" type="cfm-fast" waiting="0.00" lane="top_0" pos="32.65" speed="11.50" angle="215.77" x="5.02" y="99.26"/>
        <vehicle id="cfm-fast_3" eclass="HBEFA3/PC_G_EU4" CO2="38845.49" CO="762.49" HC="4.43" NOx="17.99" PMx="0.97" fuel="16.70" electricity="0.00" noise="114.54" route="routetop" type="cfm-fast" waiting="0.00" lane="top_0" pos="48.48" speed="11.50" angle="187.25" x="-4.85" y="67.03"/>
        <vehicle id="cfm-fast_4" eclass="HBEFA3/PC_G_EU4" CO2="39057.46" CO="766.83" HC="4.46" NOx="18.09" PMx="0.97" fuel="16.79" electricity="0.00" noise="114.84" route="routeleft" type="cfm-fast" waiting="0.00" lane="left_0" pos="14.31" speed="11.50" angle="158.74" x="1.89" y="33.81"/>
        <vehicle id="cfm-fast_5" eclass="HBEFA3/PC_G_EU4" CO2="43375.86" CO="855.03" HC="4.96" NOx="20.13" PMx="1.09" fuel="18.65" electricity="0.00" noise="120.74" route="routeleft" type="cfm-fast" waiting="0.00" lane="left_0" pos="30.15" speed="11.59" angle="130.22" x="23.59" y="7.99"/>
        <vehicle id="cfm-slow_0" eclass="HBEFA3/PC_G_EU4" CO2="28070.21" CO="547.95" HC="3.19" NOx="12.93" PMx="0.69" fuel="12.07" electricity="0.00" noise="101.49" route="routebottom" type="cfm-slow" waiting="0.00" lane="bottom_0" pos="5.84" speed="10.63" angle="83.95" x="76.26" y="-3.78"/>
        <vehicle id="cfm-slow_1" eclass="HBEFA3/PC_G_EU4" CO2="28070.29" CO="547.95" HC="3.19" NOx="12.93" PMx="0.69" fuel="12.07" electricity="0.00" noise="101.49" route="routebottom" type="cfm-slow" waiting="0.00" lane="bottom_0" pos="21.68" speed="10.63" angle="55.46" x="106.86" y="10.37"/>
        <vehicle id="cfm-slow_2" eclass="HBEFA3/PC_G_EU4" CO2="28071.76" CO="547.98" HC="3.19" NOx="12.93" PMx="0.69" fuel="12.07" electricity="0.00" noise="101.50" route="routebottom" type="cfm-slow" waiting="0.00" lane="bottom_0" pos="37.51" speed="10.63" angle="26.99" x="127.03" y="37.39"/>
        <vehicle id="cfm-slow_3" eclass="HBEFA3/PC_G_EU4" CO2="28093.12" CO="548.42" HC="3.19" NOx="12.94" PMx="0.69" fuel="12.08" electricity="0.00" noise="101.53" route="routebottom" type="cfm-slow" waiting="0.00" lane="right_0" pos="3.34" speed="10.63" angle="358.50" x="131.88" y="70.94"/>
        <vehicle id="cfm-slow_4" eclass="HBEFA3/PC_G_EU4" CO2="28334.12" CO="553.30" HC="3.22" NOx="13.05" PMx="0.70" fuel="12.18" electricity="0.00" noise="101.88" route="routeright" type="cfm-slow" waiting="0.00" lane="right_0" pos="19.18" speed="10.64" angle="329.90" x="120.18" y="102.56"/>
        <vehicle id="cfm-slow_5" eclass="HBEFA3/PC_G_EU4" CO2="30252.09" CO="591.92" HC="3.44" NOx="13.95" PMx="0.75" fuel="13.00" electricity="0.00" noise="104.55" route="routeright" type="cfm-slow" waiting="0.00" lane="right_0" pos="35.02" speed="10.74" angle="301.53" x="94.80" y="124.79"/>
    </timestep>
    <timestep time="0.86">
        <vehicle id="cfm-fast_0" eclass="HBEFA3/PC_G_EU4" CO2="38894.91" CO="762.54" HC="4.43" NOx="18.01" PMx="0.97" fuel="16.72" electricity="0.00" noise="114.09" route="routetop" type="cfm-fast" waiting="0.00" lane="top_0" pos="1.10" speed="11.62" angle="272.49" x="61.21" y="132.23"/>
        <vehicle id="cfm-fast_1" eclass="HBEFA3/PC_G_EU4" CO2="38894.91" CO="762.54" HC="4.43" NOx="18.01" PMx="0.97" fuel="16.72" electricity="0.00" noise="114.09" route="routetop" type="cfm-fast" waiting="0.00" lane="top_0" pos="16.93" speed="11.62" angle="244.02" x="28.85" y="122.77"/>
        <vehicle id="cfm-fast_2" eclass="HBEFA3/PC_G_EU4" CO2="38895.11" CO="762.54" HC="4.43" NOx="18.01" PMx="0.97" fuel="16.72" electricity="0.00" noise="114.09" route="routetop" type="cfm-fast" waiting="0.00" lane="top_0" pos="32.76" speed="11.62" angle="215.55" x="4.89" y="99.05"/>
        <vehicle id="cfm-fast_3" eclass="HBEFA3/PC_G_EU4" CO2="38903.49" CO="762.71" HC="4.43" NOx="18.01" PMx="0.97" fuel="16.72" electricity="0.00" noise="114.10" route="routetop" type="cfm-fast" waiting="0.00" lane="top_0" pos="48.60" speed="11.62" angle="187.02" x="-4.87" y="66.78"/>
        <vehicle id="cfm-fast_4" eclass="HBEFA3/PC_G_EU4" CO2="39155.45" CO="767.87" HC="4.46" NOx="18.13" PMx="0.98" fuel="16.83" electricity="0.00" noise="114.45" route="routeleft" type="cfm-fast" waiting="0.00" lane="left_0" pos="14.43" speed="11.62" angle="158.52" x="2.00" y="33.58"/>
        <vehicle id="cfm-fast_5" eclass="HBEFA3/PC_G_EU4" CO2="43867.83" CO="864.07" HC="5.02" NOx="20.35" PMx="1.10" fuel="18.86" electricity="0.00" noise="120.80" route="routeleft" type="cfm-fast" waiting="0.00" lane="left_0" pos="30.27" speed="11.73" angle="130.00" x="23.79" y="7.84"/>
        <vehicle id="cfm-slow_0" eclass="HBEFA3/PC_G_EU4" CO2="28062.10" CO="546.97" HC="3.18" NOx="12.92" PMx="0.69" fuel="12.06" electricity="0.00" noise="101.16" route="routebottom" type="cfm-slow" waiting="0.00" lane="bottom_0" pos="5.95" speed="10.73" angle="83.75" x="76.48" y="-3.73"/>
        <vehicle id="cfm-slow_1" eclass="HBEFA3/PC_G_EU4" CO2="28062.19" CO="546.97" HC="3.18" NOx="12.92" PMx="0.69" fuel="12.06" electricity="0.00" noise="101.16" route="routebottom" type="cfm-slow" waiting="0.00" lane="bottom_0" pos="21.78" speed="10.73" angle="55.31" x="107.05" y="10.51"/>
        <vehicle id="cfm-slow_2" eclass="HBEFA3/PC_G_EU4" CO2="28063.85" CO="547.01" HC="3.18" NOx="12.92" PMx="0.69" fuel="12.06" electricity="0.00" noise="101.16" route="routebottom" type="cfm-slow" waiting="0.00" lane="bottom_0" pos="37.62" speed="10.73" angle="26.80" x="127.12" y="37.60"/>
        <vehicle id="cfm-slow_3" eclass="HBEFA3/PC_G_EU4" CO2="28087.42" CO="547.49" HC="3.18" NOx="12.93" PMx="0.69" fuel="12.07" electricity="0.00" noise="101.20" route="routebottom" type="cfm-slow" waiting="0.00" lane="right_0" pos="3.45" speed="10.73" angle="358.31" x="131.86" y="71.17"/>
        <vehicle id="cfm-slow_4" eclass="HBEFA3/PC_G_EU4" CO2="28345.67" CO="552.72" HC="3.21" NOx="13.06" PMx="0.70" fuel="12.18" electricity="0.00" noise="101.57" route="routeright" type="cfm-slow" waiting="0.00" lane="right_0" pos="19.28" speed="10.74" angle="329.73" x="120.04" y="102.74"/>
        <vehicle id="cfm-slow_5" eclass="HBEFA3/PC_G_EU4" CO2="30334.98" CO="592.76" HC="3.45" NOx="13.99" PMx="0.75" fuel="13.04" electricity="0.00" noise="104.31" route="routeright" type="cfm-slow" waiting="0.00" lane="right_0" pos="35.13" speed="10.84" angle="301.34" x="94.59" y="124.90"/>
    </timestep>
    <timestep time="0.87">
        <vehicle id="cfm-fast_0" eclass="HBEFA3/PC_G_EU4" CO2="38943.66" CO="762.59" HC="4.43" NOx="18.03" PMx="0.97" fuel="16.74" electricity="0.00" noise="113.66" route="routetop" type="cfm-fast" waiting="0.00" lane="top_0" pos="1.21" speed="11.74" angle="272.29" x="60.96" y="132.22"/>
        <vehicle id="cfm-fast_1" eclass="HBEFA3/PC_G_EU4" CO2="38943.67" CO="762.59" HC="4.43" NOx="18.03" PMx="0.97" fuel="16.74" electricity="0.00" noise="113.66" route="routetop" type="cfm-fast" waiting="0.00" lane="top_0" pos="17.05" speed="11.74" angle="243.81" x="28.63" y="122.65"/>
        <vehicle id="cfm-fast_2" eclass="HBEFA3/PC_G_EU4" CO2="38943.94" CO="762.60" HC="4.43" NOx="18.03" PMx="0.97" fuel="16.74" electricity="0.00" noise="113.66" route="routetop" type="cfm-fast" waiting="0.00" lane="top_0" pos="32.88" speed="11.74" angle="215.33" x="4.76" y="98.83"/>
        <vehicle id="cfm-fast_3" eclass="HBEFA3/PC_G_EU4" CO2="38954.67" CO="762.82" HC="4.43" NOx="18.04" PMx="0.97" fuel="16.74" electricity="0.00" noise="113.68" route="routetop" type="cfm-fast" waiting="0.00" lane="top_0" pos="48.71" speed="11.74" angle="186.84" x="-4.88" y="66.53"/>
        <vehicle id="cfm-fast_4" eclass="HBEFA3/PC_G_EU4" CO2="39250.17" CO="768.86" HC="4.47" NOx="18.17" PMx="0.98" fuel="16.87" electricity="0.00" noise="114.08" route="routeleft" type="cfm-fast" waiting="0.00" lane="left_0" pos="14.55" speed="11.75" angle="158.30" x="2.12" y="33.36"/>
        <vehicle id="cfm-fast_5" eclass="HBEFA3/PC_G_EU4" CO2="44360.11" CO="873.14" HC="5.07" NOx="20.58" PMx="1.11" fuel="19.07" electricity="0.00" noise="120.86" route="routeleft" type="cfm-fast" waiting="0.00" lane="left_0" pos="30.39" speed="11.86" angle="129.78" x="24.00" y="7.69"/>
        <vehicle id="cfm-slow_0" eclass="HBEFA3/PC_G_EU4" CO2="28050.13" CO="545.93" HC="3.18" NOx="12.91" PMx="0.69" fuel="12.06" electricity="0.00" noise="100.83" route="routebottom" type="cfm-slow" waiting="0.00" lane="bottom_0" pos="6.06" speed="10.82" angle="83.56" x="76.71" y="-3.69"/>
        <vehicle id="cfm-slow_1" eclass="HBEFA3/PC_G_EU4" CO2="28050.24" CO="545.93" HC="3.18" NOx="12.91" PMx="0.69" fuel="12.06" electricity="0.00" noise="100.83" route="routebottom" type="cfm-slow" waiting="0.00" lane="bottom_0" pos="21.89" speed="10.82" angle="55.10" x="107.22" y="10.66"/>
        <vehicle id="cfm-slow_2" eclass="HBEFA3/PC_G_EU4" CO2="28052.12" CO="545.97" HC="3.18" NOx="12.91" PMx="0.69" fuel="12.06" electricity="0.00" noise="100.83" route="routebottom" type="cfm-slow" waiting="0.00" lane="bottom_0" pos="37.72" speed="10.82" angle="26.60" x="127.20" y="37.82"/>
        <vehicle id="cfm-slow_3" eclass="HBEFA3/PC_G_EU4" CO2="28078.05" CO="546.50" HC="3.18" NOx="12.93" PMx="0.69" fuel="12.07" electricity="0.00" noise="100.87" route="routebottom" type="cfm-slow" waiting="0.00" lane="right_0" pos="3.56" speed="10.82" angle="358.11" x="131.83" y="71.40"/>
        <vehicle id="cfm-slow_4" eclass="HBEFA3/PC_G_EU4" CO2="28354.12" CO="552.09" HC="3.21" NOx="13.06" PMx="0.70" fuel="12.19" electricity="0.00" noise="101.26" route="routeright" type="cfm-slow" waiting="0.00" lane="right_0" pos="19.39" speed="10.83" angle="329.53" x="119.91" y="102.93"/>
        <vehicle id="cfm-slow_5" eclass="HBEFA3/PC_G_EU4" CO2="30414.02" CO="593.54" HC="3.45" NOx="14.03" PMx="0.75" fuel="13.07" electricity="0.00" noise="104.07" route="routeright" type="cfm-slow" waiting="0.00" lane="right_0" pos="35.24" speed="10.94" angle="301.14" x="94.38" y="125.00"/>
    </timestep>
    <timestep time="0.88">
        <vehicle id="cfm-fast_0" eclass="HBEFA3/PC_G_EU4" CO2="38985.39" CO="762.52" HC="4.43" NOx="18.05" PMx="0.97" fuel="16.76" electricity="0.00" noise="113.23" route="routetop" type="cfm-fast" waiting="0.00" lane="top_0" pos="1.33" speed="11.86" angle="272.09" x="60.70" y="132.21"/>
        <vehicle id="cfm-fast_1" eclass="HBEFA3/PC_G_EU4" CO2="38985.40" CO="762.52" HC="4.43" NOx="18.05" PMx="0.97" fuel="16.76" electricity="0.00" noise="113.23" route="routetop" type="cfm-fast" waiting="0.00" lane="top_0" pos="17.17" speed="11.86" angle="243.60" x="28.41" y="122.51"/>
        <vehicle id="cfm-fast_2" eclass="HBEFA3/PC_G_EU4" CO2="38985.77" CO="762.53" HC="4.43" NOx="18.05" PMx="0.97" fuel="16.76" electricity="0.00" noise="113.23" route="routetop" type="cfm-fast" waiting="0.00" lane="top_0" pos="33.00" speed="11.86" angle="215.11" x="4.63" y="98.61"/>
        <vehicle id="cfm-fast_3" eclass="HBEFA3/PC_G_EU4" CO2="38999.25" CO="762.80" HC="4.44" NOx="18.05" PMx="0.97" fuel="16.76" electricity="0.00" noise="113.25" route="routetop" type="cfm-fast" waiting="0.00" lane="top_0" pos="48.83" speed="11.86" angle="186.65" x="-4.89" y="66.27"/>
        <vehicle id="cfm-fast_4" eclass="HBEFA3/PC_G_EU4" CO2="39341.85" CO="769.81" HC="4.48" NOx="18.22" PMx="0.98" fuel="16.91" electricity="0.00" noise="113.72" route="routeleft" type="cfm-fast" waiting="0.00" lane="left_0" pos="14.67" speed="11.87" angle="158.08" x="2.23" y="33.13"/>
        <vehicle id="cfm-fast_5" eclass="HBEFA3/PC_G_EU4" CO2="44852.67" CO="882.23" HC="5.13" NOx="20.81" PMx="1.12" fuel="19.28" electricity="0.00" noise="120.92" route="routeleft" type="cfm-fast" waiting="0.00" lane="left_0" pos="30.51" speed="12.00" angle="129.56" x="24.21" y="7.54"/>
        <vehicle id="cfm-slow_0" eclass="HBEFA3/PC_G_EU4" CO2="28034.42" CO="544.82" HC="3.17" NOx="12.90" PMx="0.69" fuel="12.05" electricity="0.00" noise="100.50" route="routebottom" type="cfm-slow" waiting="0.00" lane="bottom_0" pos="6.17" speed="10.91" angle="83.36" x="76.94" y="-3.65"/>
        <vehicle id="cfm-slow_1" eclass="HBEFA3/PC_G_EU4" CO2="28034.55" CO="544.83" HC="3.17" NOx="12.90" PMx="0.69" fuel="12.05" electricity="0.00" noise="100.50" route="routebottom" type="cfm-slow" waiting="0.00" lane="bottom_0" pos="22.00" speed="10.91" angle="54.90" x="107.40" y="10.81"/>
        <vehicle id="cfm-slow_2" eclass="HBEFA3/PC_G_EU4" CO2="28036.66" CO="544.87" HC="3.17" NOx="12.90" PMx="0.69" fuel="12.05" electricity="0.00" noise="100.51" route="routebottom" type="cfm-slow" waiting="0.00" lane="bottom_0" pos="37.83" speed="10.91" angle="26.41" x="127.29" y="38.03"/>
        <vehicle id="cfm-slow_3" eclass="HBEFA3/PC_G_EU4" CO2="28065.11" CO="545.45" HC="3.17" NOx="12.92" PMx="0.69" fuel="12.06" electricity="0.00" noise="100.55" route="routebottom" type="cfm-slow" waiting="0.00" lane="right_0" pos="3.67" speed="10.91" angle="357.92" x="131.81" y="71.63"/>
        <vehicle id="cfm-slow_4" eclass="HBEFA3/PC_G_EU4" CO2="28359.58" CO="551.41" HC="3.21" NOx="13.06" PMx="0.70" fuel="12.19" electricity="0.00" noise="100.96" route="routeright" type="cfm-slow" waiting="0.00" lane="right_0" pos="19.50" speed="10.92" angle="329.33" x="119.77" y="103.12"/>
        <vehicle id="cfm-slow_5" eclass="HBEFA3/PC_G_EU4" CO2="30489.24" CO="594.25" HC="3.46" NOx="14.06" PMx="0.75" fuel="13.11" electricity="0.00" noise="103.83" route="routeright" type="cfm-slow" waiting="0.00" lane="right_0" pos="35.35" speed="11.04" angle="300.94" x="94.17" y="125.11"/>
    </timestep>
    <timestep time="0.89">
        <vehicle id="cfm-fast_0" eclass="HBEFA3/PC_G_EU4" CO2="39020.27" CO="762.33" HC="4.43" NOx="18.06" PMx="0.97" fuel="16.77" electricity="0.00" noise="112.81" route="routetop" type="cfm-fast" waiting="0.00" lane="top_0" pos="1.45" speed="11.98" angle="271.87" x="60.45" y="132.19"/>
        <vehicle id="cfm-fast_1" eclass="HBEFA3/PC_G_EU4" CO2="39020.28" CO="762.33" HC="4.43" NOx="18.06" PMx="0.97" fuel="16.77" electricity="0.00" noise="112.81" route="routetop" type="cfm-fast" waiting="0.00" lane="top_0" pos="17.29" speed="11.98" angle="243.38" x="28.19" y="122.38"/>
        <vehicle id="cfm-fast_2" eclass="HBEFA3/PC_G_EU4" CO2="39020.78" CO="762.34" HC="4.43" NOx="18.06" PMx="0.97" fuel="16.77" electricity="0.00" noise="112.81" route="routetop" type="cfm-fast" waiting="0.00" lane="top_0" pos="33.12" speed="11.98" angle="214.88" x="4.50" y="98.39"/>
        <vehicle id="cfm-fast_3" eclass="HBEFA3/PC_G_EU4" CO2="39037.44" CO="762.68" HC="4.44" NOx="18.07" PMx="0.97" fuel="16.78" electricity="0.00" noise="112.83" route="routetop" type="cfm-fast" waiting="0.00" lane="top_0" pos="48.95" speed="11.98" angle="186.43" x="-4.90" y="66.01"/>
        <vehicle id="cfm-fast_4" eclass="HBEFA3/PC_G_EU4" CO2="39430.72" CO="770.72" HC="4.48" NOx="18.25" PMx="0.98" fuel="16.95" electricity="0.00" noise="113.36" route="routeleft" type="cfm-fast" waiting="0.00" lane="left_0" pos="14.79" speed="11.98" angle="157.85" x="2.35" y="32.90"/>
        <vehicle id="cfm-fast_5" eclass="HBEFA3/PC_G_EU4" CO2="45345.52" CO="891.34" HC="5.18" NOx="21.04" PMx="1.14" fuel="19.49" electricity="0.00" noise="120.99" route="routeleft" type="cfm-fast" waiting="0.00" lane="left_0" pos="30.63" speed="12.14" angle="129.34" x="24.42" y="7.39"/>
        <vehicle id="cfm-slow_0" eclass="HBEFA3/PC_G_EU4" CO2="28015.07" CO="543.66" HC="3.16" NOx="12.89" PMx="0.69" fuel="12.04" electricity="0.00" noise="100.18" route="routebottom" type="cfm-slow" waiting="0.00" lane="bottom_0" pos="6.28" speed="11.00" angle="83.17" x="77.18" y="-3.61"/>
        <vehicle id="cfm-slow_1" eclass="HBEFA3/PC_G_EU4" CO2="28015.22" CO="543.66" HC="3.16" NOx="12.89" PMx="0.69" fuel="12.04" electricity="0.00" noise="100.18" route="routebottom" type="cfm-slow" waiting="0.00" lane="bottom_0" pos="22.11" speed="11.00" angle="54.69" x="107.58" y="10.96"/>
        <vehicle id="cfm-slow_2" eclass="HBEFA3/PC_G_EU4" CO2="28017.59" CO="543.71" HC="3.17" NOx="12.89" PMx="0.69" fuel="12.04" electricity="0.00" noise="100.18" route="routebottom" type="cfm-slow" waiting="0.00" lane="bottom_0" pos="37.94" speed="11.00" angle="26.21" x="127.38" y="38.25"/>
        <vehicle id="cfm-slow_3" eclass="HBEFA3/PC_G_EU4" CO2="28048.71" CO="544.34" HC="3.17" NOx="12.91" PMx="0.69" fuel="12.06" electricity="0.00" noise="100.23" route="routebottom" type="cfm-slow" waiting="0.00" lane="right_0" pos="3.78" speed="11.00" angle="357.73" x="131.79" y="71.87"/>
        <vehicle id="cfm-slow_4" eclass="HBEFA3/PC_G_EU4" CO2="28362.13" CO="550.68" HC="3.21" NOx="13.06" PMx="0.70" fuel="12.19" electricity="0.00" noise="100.67" route="routeright" type="cfm-slow" waiting="0.00" lane="right_0" pos="19.61" speed="11.01" angle="329.13" x="119.63" y="103.32"/>
        <vehicle id="cfm-slow_5" eclass="HBEFA3/PC_G_EU4" CO2="30560.73" CO="594.90" HC="3.46" NOx="14.09" PMx="0.75" fuel="13.14" electricity="0.00" noise="103.60" route="routeright" type="cfm-slow" waiting="0.00" lane="right_0" pos="35.46" speed="11.14" angle="300.74" x="93.96" y="125.22"/>
    </timestep>
    <timestep time="0.90">
        <vehicle id="cfm-fast_0" eclass="HBEFA3/PC_G_EU4" CO2="39048.49" CO="762.02" HC="4.43" NOx="18.07" PMx="0.97" fuel="16.78" electricity="0.00" noise="112.39" route="routetop" type="cfm-fast" waiting="0.00" lane="top_0" pos="1.57" speed="12.09" angle="271.65" x="60.19" y="132.18"/>
        <vehicle id="cfm-fast_1" eclass="HBEFA3/PC_G_EU4" CO2="39048.50" CO="762.02" HC="4.43" NOx="18.07" PMx="0.97" fuel="16.78" electricity="0.00" noise="112.39" route="routetop" type="cfm-fast" waiting="0.00" lane="top_0" pos="17.41" speed="12.09" angle="243.16" x="27.97" y="122.25"/>
        <vehicle id="cfm-fast_2" eclass="HBEFA3/PC_G_EU4" CO2="39049.15" CO="762.03" HC="4.43" NOx="18.07" PMx="0.97" fuel="16.79" electricity="0.00" noise="112.39" route="routetop" type="cfm-fast" waiting="0.00" lane="top_0" pos="33.24" speed="12.09" angle="214.66" x="4.37" y="98.17"/>
        <vehicle id="cfm-fast_3" eclass="HBEFA3/PC_G_EU4" CO2="39069.46" CO="762.45" HC="4.44" NOx="18.08" PMx="0.97" fuel="16.79" electricity="0.00" noise="112.42" route="routetop" type="cfm-fast" waiting="0.00" lane="top_0" pos="49.07" speed="12.09" angle="186.21" x="-4.91" y="65.75"/>
        <vehicle id="cfm-fast_4" eclass="HBEFA3/PC_G_EU4" CO2="39516.99" CO="771.60" HC="4.49" NOx="18.29" PMx="0.98" fuel="16.99" electricity="0.00" noise="113.01" route="routeleft" type="cfm-fast" waiting="0.00" lane="left_0" pos="14.91" speed="12.10" angle="157.63" x="2.46" y="32.66"/>
        <vehicle id="cfm-fast_5" eclass="HBEFA3/PC_G_EU4" CO2="45838.67" CO="900.48" HC="5.23" NOx="21.27" PMx="1.15" fuel="19.70" electricity="0.00" noise="121.05" route="routeleft" type="cfm-fast" waiting="0.00" lane="left_0" pos="30.75" speed="12.27" angle="129.17" x="24.64" y="7.23"/>
        <vehicle id="cfm-slow_0" eclass="HBEFA3/PC_G_EU4" CO2="27992.18" CO="542.43" HC="3.16" NOx="12.88" PMx="0.69" fuel="12.03" electricity="0.00" noise="99.86" route="routebottom" type="cfm-slow" waiting="0.00" lane="bottom_0" pos="6.39" speed="11.09" angle="83.01" x="77.41" y="-3.56"/>
        <vehicle id="cfm-slow_1" eclass="HBEFA3/PC_G_EU4" CO2="27992.35" CO="542.43" HC="3.16" NOx="12.88" PMx="0.69" fuel="12.03" electricity="0.00" noise="99.86" route="routebottom" type="cfm-slow" waiting="0.00" lane="bottom_0" pos="22.22" speed="11.09" angle="54.48" x="107.76" y="11.12"/>
        <vehicle id="cfm-slow_2" eclass="HBEFA3/PC_G_EU4" CO2="27995.01" CO="542.49" HC="3.16" NOx="12.88" PMx="0.69" fuel="12.03" electricity="0.00" noise="99.86" route="routebottom" type="cfm-slow" waiting="0.00" lane="bottom_0" pos="38.05" speed="11.09" angle="26.01" x="127.47" y="38.48"/>
        <vehicle id="cfm-slow_3" eclass="HBEFA3/PC_G_EU4" CO2="28028.97" CO="543.18" HC="3.16" NOx="12.90" PMx="0.69" fuel="12.05" electricity="0.00" noise="99.91" route="routebottom" type="cfm-slow" waiting="0.00" lane="right_0" pos="3.89" speed="11.09" angle="357.54" x="131.76" y="72.10"/>
        <vehicle id="cfm-slow_4" eclass="HBEFA3/PC_G_EU4" CO2="28361.88" CO="549.91" HC="3.20" NOx="13.05" PMx="0.70" fuel="12.19" electricity="0.00" noise="100.37" route="routeright" type="cfm-slow" waiting="0.00" lane="right_0" pos="19.72" speed="11.10" angle="328.93" x="119.49" y="103.51"/>
        <vehicle id="cfm-slow_5" eclass="HBEFA3/PC_G_EU4" CO2="30628.54" CO="595.49" HC="3.47" NOx="14.12" PMx="0.75" fuel="13.17" electricity="0.00" noise="103.36" route="routeright" type="cfm-slow" waiting="0.00" lane="right_0" pos="35.57" speed="11.23" angle="300.53" x="93.74" y="125.32"/>
    </timestep>
    <timestep time="0.91">
        <vehicle id="cfm-fast_0" eclass="HBEFA3/PC_G_EU4" CO2="39070.21" CO="761.60" HC="4.43" NOx="18.08" PMx="0.97" fuel="16.79" electricity="0.00" noise="111.98" route="routetop" type="cfm-fast" waiting="0.00" lane="top_0" pos="1.69" speed="12.21" angle="271.43" x="59.93" y="132.16"/>
        <vehicle id="cfm-fast_1" eclass="HBEFA3/PC_G_EU4" CO2="39070.24" CO="761.60" HC="4.43" NOx="18.08" PMx="0.97" fuel="16.79" electricity="0.00" noise="111.98" route="routetop" type="cfm-fast" waiting="0.00" lane="top_0" pos="17.53" speed="12.21" angle="242.94" x="27.74" y="122.11"/>
        <vehicle id="cfm-fast_2" eclass="HBEFA3/PC_G_EU4" CO2="39071.07" CO="761.61" HC="4.43" NOx="18.08" PMx="0.97" fuel="16.79" electricity="0.00" noise="111.98" route="routetop" type="cfm-fast" waiting="0.00" lane="top_0" pos="33.36" speed="12.21" angle="214.49" x="4.23" y="97.94"/>
        <vehicle id="cfm-fast_3" eclass="HBEFA3/PC_G_EU4" CO2="39095.53" CO="762.11" HC="4.44" NOx="18.09" PMx="0.97" fuel="16.81" electricity="0.00" noise="112.01" route="routetop" type="cfm-fast" waiting="0.00" lane="top_0" pos="49.19" speed="12.21" angle="185.98" x="-4.91" y="65.49"/>
        <vehicle id="cfm-fast_4" eclass="HBEFA3/PC_G_EU4" CO2="39600.86" CO="772.44" HC="4.49" NOx="18.33" PMx="0.99" fuel="17.02" electricity="0.00" noise="112.67" route="routeleft" type="cfm-fast" waiting="0.00" lane="left_0" pos="15.03" speed="12.22" angle="157.40" x="2.58" y="32.43"/>
        <vehicle id="cfm-fast_5" eclass="HBEFA3/PC_G_EU4" CO2="46332.11" CO="909.63" HC="5.29" NOx="21.50" PMx="1.16" fuel="19.92" electricity="0.00" noise="121.11" route="routeleft" type="cfm-fast" waiting="0.00" lane="left_0" pos="30.87" speed="12.41" angle="128.96" x="24.86" y="7.08"/>
        <vehicle id="cfm-slow_0" eclass="HBEFA3/PC_G_EU4" CO2="27965.85" CO="541.15" HC="3.15" NOx="12.86" PMx="0.68" fuel="12.02" electricity="0.00" noise="99.54" route="routebottom" type="cfm-slow" waiting="0.00" lane="bottom_0" pos="6.50" speed="11.18" angle="82.79" x="77.65" y="-3.51"/>
        <vehicle id="cfm-slow_1" eclass="HBEFA3/PC_G_EU4" CO2="27966.05" CO="541.15" HC="3.15" NOx="12.86" PMx="0.68" fuel="12.02" electricity="0.00" noise="99.54" route="routebottom" type="cfm-slow" waiting="0.00" lane="bottom_0" pos="22.33" speed="11.18" angle="54.27" x="107.95" y="11.28"/>
        <vehicle id="cfm-slow_2" eclass="HBEFA3/PC_G_EU4" CO2="27969.02" CO="541.21" HC="3.15" NOx="12.87" PMx="0.68" fuel="12.02" electricity="0.00" noise="99.54" route="routebottom" type="cfm-slow" waiting="0.00" lane="bottom_0" pos="38.17" speed="11.18" angle="25.81" x="127.56" y="38.70"/>
        <vehicle id="cfm-slow_3" eclass="HBEFA3/PC_G_EU4" CO2="28005.99" CO="541.96" HC="3.16" NOx="12.88" PMx="0.69" fuel="12.04" electricity="0.00" noise="99.60" route="routebottom" type="cfm-slow" waiting="0.00" lane="right_0" pos="4.00" speed="11.18" angle="357.34" x="131.72" y="72.34"/>
        <vehicle id="cfm-slow_4" eclass="HBEFA3/PC_G_EU4" CO2="28358.91" CO="549.10" HC="3.20" NOx="13.05" PMx="0.70" fuel="12.19" electricity="0.00" noise="100.08" route="routeright" type="cfm-slow" waiting="0.00" lane="right_0" pos="19.83" speed="11.19" angle="328.73" x="119.35" y="103.71"/>
        <vehicle id="cfm-slow_5" eclass="HBEFA3/PC_G_EU4" CO2="30692.72" CO="596.01" HC="3.47" NOx="14.15" PMx="0.76" fuel="13.19" electricity="0.00" noise="103.13" route="routeright" type="cfm-slow" waiting="0.00" lane="right_0" pos="35.69" speed="11.33" angle="300.33" x="93.52" y="125.43"/>
    </timestep>
    <timestep time="0.92">
        <vehicle id="cfm-fast_0" eclass="HBEFA3/PC_G_EU4" CO2="39085.62" CO="761.06" HC="4.43" NOx="18.08" PMx="0.97" fuel="16.80" electricity="0.00" noise="111.56" route="routetop" type="cfm-fast" waiting="0.00" lane="top_0" pos="1.82" speed="12.32" angle="271.21" x="59.66" y="132.15"/>
        <vehicle id="cfm-fast_1" eclass="HBEFA3/PC_G_EU4" CO2="39085.65" CO="761.06" HC="4.43" NOx="18.08" PMx="0.97" fuel="16.80" electricity="0.00" noise="111.56" route="routetop" type="cfm-fast" waiting="0.00" lane="top_0" pos="17.65" speed="12.32" angle="242.72" x="27.51" y="121.98"/>
        <vehicle id="cfm-fast_2" eclass="HBEFA3/PC_G_EU4" CO2="39086.72" CO="761.08" HC="4.43" NOx="18.08" PMx="0.97" fuel="16.80" electricity="0.00" noise="111.57" route="routetop" type="cfm-fast" waiting="0.00" lane="top_0" pos="33.48" speed="12.32" angle="214.26" x="4.10" y="97.71"/>
        <vehicle id="cfm-fast_3" eclass="HBEFA3/PC_G_EU4" CO2="39115.86" CO="761.68" HC="4.43" NOx="18.10" PMx="0.97" fuel="16.81" electricity="0.00" noise="111.60" route="routetop" type="cfm-fast" waiting="0.00" lane="top_0" pos="49.32" speed="12.33" angle="185.76" x="-4.92" y="65.23"/>
        <vehicle id="cfm-fast_4" eclass="HBEFA3/PC_G_EU4" CO2="39682.54" CO="773.26" HC="4.50" NOx="18.36" PMx="0.99" fuel="17.06" electricity="0.00" noise="112.34" route="routeleft" type="cfm-fast" waiting="0.00" lane="left_0" pos="15.15" speed="12.34" angle="157.17" x="2.70" y="32.19"/>
        <vehicle id="cfm-fast_5" eclass="HBEFA3/PC_G_EU4" CO2="46825.84" CO="918.81" HC="5.34" NOx="21.73" PMx="1.17" fuel="20.13" electricity="0.00" noise="121.17" route="routeleft" type="cfm-fast" waiting="0.00" lane="left_0" pos="31.00" speed="12.55" angle="128.73" x="25.08" y="6.93"/>
        <vehicle id="cfm-slow_0" eclass="HBEFA3/PC_G_EU4" CO2="27936.18" CO="539.81" HC="3.15" NOx="12.85" PMx="0.68" fuel="12.01" electricity="0.00" noise="99.22" route="routebottom" type="cfm-slow" waiting="0.00" lane="bottom_0" pos="6.61" speed="11.26" angle="82.58" x="77.88" y="-3.46"/>
        <vehicle id="cfm-slow_1" eclass="HBEFA3/PC_G_EU4" CO2="27936.40" CO="539.81" HC="3.15" NOx="12.85" PMx="0.68" fuel="12.01" electricity="0.00" noise="99.22" route="routebottom" type="cfm-slow" waiting="0.00" lane="bottom_0" pos="22.44" speed="11.26" angle="54.05" x="108.13" y="11.43"/>
        <vehicle id="cfm-slow_2" eclass="HBEFA3/PC_G_EU4" CO2="27939.71" CO="539.88" HC="3.15" NOx="12.85" PMx="0.68" fuel="12.01" electricity="0.00" noise="99.23" route="routebottom" type="cfm-slow" waiting="0.00" lane="bottom_0" pos="38.28" speed="11.26" angle="25.60" x="127.65" y="38.92"/>
        <vehicle id="cfm-slow_3" eclass="HBEFA3/PC_G_EU4" CO2="27979.87" CO="540.69" HC="3.15" NOx="12.87" PMx="0.69" fuel="12.03" electricity="0.00" noise="99.29" route="routebottom" type="cfm-slow" waiting="0.00" lane="right_0" pos="4.11" speed="11.27" angle="357.13" x="131.69" y="72.58"/>
        <vehicle id="cfm-slow_4" eclass="HBEFA3/PC_G_EU4" CO2="28353.32" CO="548.25" HC="3.19" NOx="13.04" PMx="0.69" fuel="12.19" electricity="0.00" noise="99.79" route="routeright" type="cfm-slow" waiting="0.00" lane="right_0" pos="19.95" speed="11.28" angle="328.53" x="119.21" y="103.90"/>
        <vehicle id="cfm-slow_5" eclass="HBEFA3/PC_G_EU4" CO2="30753.34" CO="596.47" HC="3.47" NOx="14.17" PMx="0.76" fuel="13.22" electricity="0.00" noise="102.90" route="routeright" type="cfm-slow" waiting="0.00" lane="right_0" pos="35.80" speed="11.43" angle="300.13" x="93.30" y="125.54"/>
    </timestep>
    <timestep time="0.93">
        <vehicle id="cfm-fast_0" eclass="HBEFA3/PC_G_EU4" CO2="39094.88" CO="760.42" HC="4.43" NOx="18.08" PMx="0.97" fuel="16.80" electricity="0.00" noise="111.16" route="routetop" type="cfm-fast" waiting="0.00" lane="top_0" pos="1.94" speed="12.44" angle="270.99" x="59.39" y="132.13"/>
        <vehicle id="cfm-fast_1" eclass="HBEFA3/PC_G_EU4" CO2="39094.92" CO="760.42" HC="4.43" NOx="18.08" PMx="0.97" fuel="16.80" electricity="0.00" noise="111.16" route="routetop" type="cfm-fast" waiting="0.00" lane="top_0" pos="17.78" speed="12.44" angle="242.50" x="27.28" y="121.84"/>
        <vehicle id="cfm-fast_2" eclass="HBEFA3/PC_G_EU4" CO2="39096.26" CO="760.45" HC="4.43" NOx="18.08" PMx="0.97" fuel="16.81" electricity="0.00" noise="111.16" route="routetop" type="cfm-fast" waiting="0.00" lane="top_0" pos="33.61" speed="12.44" angle="214.04" x="3.97" y="97.48"/>
        <vehicle id="cfm-fast_3" eclass="HBEFA3/PC_G_EU4" CO2="39130.64" CO="761.15" HC="4.43" NOx="18.10" PMx="0.97" fuel="16.82" electricity="0.00" noise="111.20" route="routetop" type="cfm-fast" waiting="0.00" lane="top_0" pos="49.44" speed="12.44" angle="185.53" x="-4.92" y="64.96"/>
        <vehicle id="cfm-fast_4" eclass="HBEFA3/PC_G_EU4" CO2="39762.22" CO="774.06" HC="4.51" NOx="18.40" PMx="0.99" fuel="17.09" electricity="0.00" noise="112.01" route="routeleft" type="cfm-fast" waiting="0.00" lane="left_0" pos="15.28" speed="12.45" angle="156.95" x="2.82" y="31.95"/>
        <vehicle id="cfm-fast_5" eclass="HBEFA3/PC_G_EU4" CO2="47319.86" CO="928.01" HC="5.40" NOx="21.96" PMx="1.19" fuel="20.34" electricity="0.00" noise="121.23" route="routeleft" type="cfm-fast" waiting="0.00" lane="left_0" pos="31.13" speed="12.68" angle="128.50" x="25.31" y="6.78"/>
        <vehicle id="cfm-slow_0" eclass="HBEFA3/PC_G_EU4" CO2="27903.27" CO="538.41" HC="3.14" NOx="12.83" PMx="0.68" fuel="11.99" electricity="0.00" noise="98.91" route="routebottom" type="cfm-slow" waiting="0.00" lane="bottom_0" pos="6.73" speed="11.35" angle="82.36" x="78.12" y="-3.40"/>
        <vehicle id="cfm-slow_1" eclass="HBEFA3/PC_G_EU4" CO2="27903.52" CO="538.42" HC="3.14" NOx="12.83" PMx="0.68" fuel="11.99" electricity="0.00" noise="98.91" route="routebottom" type="cfm-slow" waiting="0.00" lane="bottom_0" pos="22.56" speed="11.35" angle="53.84" x="108.32" y="11.59"/>
        <vehicle id="cfm-slow_2" eclass="HBEFA3/PC_G_EU4" CO2="27907.19" CO="538.49" HC="3.14" NOx="12.83" PMx="0.68" fuel="12.00" electricity="0.00" noise="98.92" route="routebottom" type="cfm-slow" waiting="0.00" lane="bottom_0" pos="38.39" speed="11.35" angle="25.41" x="127.74" y="39.15"/>
        <vehicle id="cfm-slow_3" eclass="HBEFA3/PC_G_EU4" CO2="27950.71" CO="539.38" HC="3.14" NOx="12.85" PMx="0.68" fuel="12.01" electricity="0.00" noise="98.98" route="routebottom" type="cfm-slow" waiting="0.00" lane="right_0" pos="4.23" speed="11.35" angle="356.93" x="131.65" y="72.82"/>
        <vehicle id="cfm-slow_4" eclass="HBEFA3/PC_G_EU4" CO2="28345.18" CO="547.36" HC="3.19" NOx="13.04" PMx="0.69" fuel="12.18" electricity="0.00" noise="99.51" route="routeright" type="cfm-slow" waiting="0.00" lane="right_0" pos="20.06" speed="11.37" angle="328.32" x="119.07" y="104.10"/>
        <vehicle id="cfm-slow_5" eclass="HBEFA3/PC_G_EU4" CO2="30810.46" CO="596.88" HC="3.48" NOx="14.20" PMx="0.76" fuel="13.24" electricity="0.00" noise="102.67" route="routeright" type="cfm-slow" waiting="0.00" lane="right_0" pos="35.92" speed="11.52" angle="299.97" x="93.08" y="125.65"/>
    </timestep>
    <timestep time="0.94">
        <vehicle id="cfm-fast_0" eclass="HBEFA3/PC_G_EU4" CO2="39098.16" CO="759.67" HC="4.42" NOx="18.08" PMx="0.97" fuel="16.81" electricity="0.00" noise="110.75" route="routetop" type="cfm-fast" waiting="0.00" lane="top_0" pos="2.07" speed="12.55" angle="270.76" x="59.12" y="132.12"/>
        <vehicle id="cfm-fast_1" eclass="HBEFA3/PC_G_EU4" CO2="39098.21" CO="759.67" HC="4.42" NOx="18.08" PMx="0.97" fuel="16.81" electricity="0.00" noise="110.75" route="routetop" type="cfm-fast" waiting="0.00" lane="top_0" pos="17.90" speed="12.55" angle="242.32" x="27.05" y="121.70"/>
        <vehicle id="cfm-fast_2" eclass="HBEFA3/PC_G_EU4" CO2="39099.86" CO="759.70" HC="4.42" NOx="18.08" PMx="0.97" fuel="16.81" electricity="0.00" noise="110.75" route="routetop" type="cfm-fast" waiting="0.00" lane="top_0" pos="33.73" speed="12.55" angle="213.81" x="3.84" y="97.24"/>
        <vehicle id="cfm-fast_3" eclass="HBEFA3/PC_G_EU4" CO2="39140.07" CO="760.53" HC="4.43" NOx="18.10" PMx="0.97" fuel="16.82" electricity="0.00" noise="110.81" route="routetop" type="cfm-fast" waiting="0.00" lane="top_0" pos="49.57" speed="12.55" angle="185.30" x="-4.93" y="64.69"/>
        <vehicle id="cfm-fast_4" eclass="HBEFA3/PC_G_EU4" CO2="39840.09" CO="774.83" HC="4.51" NOx="18.43" PMx="0.99" fuel="17.13" electricity="0.00" noise="111.69" route="routeleft" type="cfm-fast" waiting="0.00" lane="left_0" pos="15.40" speed="12.57" angle="156.77" x="2.94" y="31.71"/>
        <vehicle id="cfm-fast_5" eclass="HBEFA3/PC_G_EU4" CO2="47814.17" CO="937.23" HC="5.45" NOx="22.19" PMx="1.20" fuel="20.55" electricity="0.00" noise="121.29" route="routeleft" type="cfm-fast" waiting="0.00" lane="left_0" pos="31.26" speed="12.82" angle="128.27" x="25.54" y="6.63"/>
        <vehicle id="cfm-slow_0" eclass="HBEFA3/PC_G_EU4" CO2="27867.20" CO="536.97" HC="3.13" NOx="12.81" PMx="0.68" fuel="11.98" electricity="0.00" noise="98.60" route="routebottom" type="cfm-slow" waiting="0.00" lane="bottom_0" pos="6.84" speed="11.44" angle="82.14" x="78.36" y="-3.35"/>
        <vehicle id="cfm-slow_1" eclass="HBEFA3/PC_G_EU4" CO2="27867.48" CO="536.97" HC="3.13" NOx="12.81" PMx="0.68" fuel="11.98" electricity="0.00" noise="98.60" route="routebottom" type="cfm-slow" waiting="0.00" lane="bottom_0" pos="22.67" speed="11.44" angle="53.62" x="108.50" y="11.75"/>
        <vehicle id="cfm-slow_2" eclass="HBEFA3/PC_G_EU4" CO2="27871.55" CO="537.06" HC="3.13" NOx="12.81" PMx="0.68" fuel="11.98" electricity="0.00" noise="98.61" route="routebottom" type="cfm-slow" waiting="0.00" lane="bottom_0" pos="38.51" speed="11.44" angle="25.24" x="127.83" y="39.38"/>
        <vehicle id="cfm-slow_3" eclass="HBEFA3/PC_G_EU4" CO2="27918.62" CO="538.01" HC="3.14" NOx="12.84" PMx="0.68" fuel="12.00" electricity="0.00" noise="98.67" route="routebottom" type="cfm-slow" waiting="0.00" lane="right_0" pos="4.34" speed="11.44" angle="356.72" x="131.62" y="73.07"/>
        <vehicle id="cfm-slow_4" eclass="HBEFA3/PC_G_EU4" CO2="28334.58" CO="546.43" HC="3.19" NOx="13.03" PMx="0.69" fuel="12.18" electricity="0.00" noise="99.23" route="routeright" type="cfm-slow" waiting="0.00" lane="right_0" pos="20.18" speed="11.46" angle="328.11" x="118.93" y="104.30"/>
        <vehicle id="cfm-slow_5" eclass="HBEFA3/PC_G_EU4" CO2="30864.13" CO="597.23" HC="3.48" NOx="14.22" PMx="0.76" fuel="13.27" electricity="0.00" noise="102.44" route="routeright" type="cfm-slow" waiting="0.00" lane="right_0" pos="36.03" speed="11.62" angle="299.74" x="92.85" y="125.76"/>
    </timestep>
    <timestep time="0.95">
        <vehicle id="cfm-fast_0" eclass="HBEFA3/PC_G_EU4" CO2="39095.61" CO="758.82" HC="4.42" NOx="18.08" PMx="0.97" fuel="16.81" electricity="0.00" noise="110.35" route="routetop" type="cfm-fast" waiting="0.00" lane="top_0" pos="2.19" speed="12.66" angle="270.54" x="58.85" y="132.10"/>
        <vehicle id="cfm-fast_1" eclass="HBEFA3/PC_G_EU4" CO2="39095.68" CO="758.82" HC="4.42" NOx="18.08" PMx="0.97" fuel="16.81" electricity="0.00" noise="110.35" route="routetop" type="cfm-fast" waiting="0.00" lane="top_0" pos="18.03" speed="12.66" angle="242.10" x="26.82" y="121.56"/>
        <vehicle id="cfm-fast_2" eclass="HBEFA3/PC_G_EU4" CO2="39097.70" CO="758.86" HC="4.42" NOx="18.08" PMx="0.97" fuel="16.81" electricity="0.00" noise="110.35" route="routetop" type="cfm-fast" waiting="0.00" lane="top_0" pos="33.86" speed="12.66" angle="213.58" x="3.71" y="97.00"/>
        <vehicle id="cfm-fast_3" eclass="HBEFA3/PC_G_EU4" CO2="39144.37" CO="759.82" HC="4.43" NOx="18.10" PMx="0.97" fuel="16.83" electricity="0.00" noise="110.41" route="routetop" type="cfm-fast" waiting="0.00" lane="top_0" pos="49.69" speed="12.66" angle="185.07" x="-4.94" y="64.42"/>
        <vehicle id="cfm-fast_4" eclass="HBEFA3/PC_G_EU4" CO2="39916.33" CO="775.59" HC="4.52" NOx="18.47" PMx="0.99" fuel="17.16" electricity="0.00" noise="111.38" route="routeleft" type="cfm-fast" waiting="0.00" lane="left_0" pos="15.53" speed="12.68" angle="156.53" x="3.07" y="31.47"/>
        <vehicle id="cfm-fast_5" eclass="HBEFA3/PC_G_EU4" CO2="48308.78" CO="946.47" HC="5.50" NOx="22.42" PMx="1.21" fuel="20.77" electricity="0.00" noise="121.35" route="routeleft" type="cfm-fast" waiting="0.00" lane="left_0" pos="31.38" speed="12.95" angle="128.04" x="25.77" y="6.47"/>
        <vehicle id="cfm-slow_0" eclass="HBEFA3/PC_G_EU4" CO2="27828.06" CO="535.47" HC="3.12" NOx="12.79" PMx="0.68" fuel="11.96" electricity="0.00" noise="98.30" route="routebottom" type="cfm-slow" waiting="0.00" lane="bottom_0" pos="6.95" speed="11.52" angle="81.92" x="78.60" y="-3.29"/>
        <vehicle id="cfm-slow_1" eclass="HBEFA3/PC_G_EU4" CO2="27828.39" CO="535.48" HC="3.12" NOx="12.79" PMx="0.68" fuel="11.96" electricity="0.00" noise="98.30" route="routebottom" type="cfm-slow" waiting="0.00" lane="bottom_0" pos="22.79" speed="11.52" angle="53.40" x="108.69" y="11.91"/>
        <vehicle id="cfm-slow_2" eclass="HBEFA3/PC_G_EU4" CO2="27832.88" CO="535.57" HC="3.12" NOx="12.79" PMx="0.68" fuel="11.96" electricity="0.00" noise="98.30" route="routebottom" type="cfm-slow" waiting="0.00" lane="bottom_0" pos="38.62" speed="11.52" angle="25.03" x="127.91" y="39.61"/>
        <vehicle id="cfm-slow_3" eclass="HBEFA3/PC_G_EU4" CO2="27883.68" CO="536.60" HC="3.13" NOx="12.82" PMx="0.68" fuel="11.99" electricity="0.00" noise="98.37" route="routebottom" type="cfm-slow" waiting="0.00" lane="right_0" pos="4.45" speed="11.52" angle="356.51" x="131.58" y="73.31"/>
        <vehicle id="cfm-slow_4" eclass="HBEFA3/PC_G_EU4" CO2="28321.61" CO="545.46" HC="3.18" NOx="13.02" PMx="0.69" fuel="12.17" electricity="0.00" noise="98.95" route="routeright" type="cfm-slow" waiting="0.00" lane="right_0" pos="20.29" speed="11.54" angle="327.90" x="118.78" y="104.50"/>
        <vehicle id="cfm-slow_5" eclass="HBEFA3/PC_G_EU4" CO2="30914.40" CO="597.51" HC="3.48" NOx="14.24" PMx="0.76" fuel="13.29" electricity="0.00" noise="102.21" route="routeright" type="cfm-slow" waiting="0.00" lane="right_0" pos="36.15" speed="11.71" angle="299.51" x="92.62" y="125.86"/>
    </timestep>
    <timestep time="0.96">
        <vehicle id="cfm-fast_0" eclass="HBEFA3/PC_G_EU4" CO2="39087.40" CO="757.87" HC="4.42" NOx="18.07" PMx="0.97" fuel="16.80" electricity="0.00" noise="109.95" route="routetop" type="cfm-fast" waiting="0.00" lane="top_0" pos="2.32" speed="12.77" angle="270.31" x="58.58" y="132.08"/>
        <vehicle id="cfm-fast_1" eclass="HBEFA3/PC_G_EU4" CO2="39087.49" CO="757.87" HC="4.42" NOx="18.07" PMx="0.97" fuel="16.80" electricity="0.00" noise="109.95" route="routetop" type="cfm-fast" waiting="0.00" lane="top_0" pos="18.16" speed="12.77" angle="241.85" x="26.60" y="121.40"/>
        <vehicle id="cfm-fast_2" eclass="HBEFA3/PC_G_EU4" CO2="39089.94" CO="757.92" HC="4.42" NOx="18.07" PMx="0.97" fuel="16.80" electricity="0.00" noise="109.96" route="routetop" type="cfm-fast" waiting="0.00" lane="top_0" pos="33.99" speed="12.77" angle="213.35" x="3.58" y="96.76"/>
        <vehicle id="cfm-fast_3" eclass="HBEFA3/PC_G_EU4" CO2="39143.71" CO="759.02" HC="4.42" NOx="18.10" PMx="0.97" fuel="16.83" electricity="0.00" noise="110.03" route="routetop" type="cfm-fast" waiting="0.00" lane="top_0" pos="49.82" speed="12.77" angle="184.84" x="-4.94" y="64.14"/>
        <vehicle id="cfm-fast_4" eclass="HBEFA3/PC_G_EU4" CO2="39991.12" CO="776.33" HC="4.52" NOx="18.50" PMx="1.00" fuel="17.19" electricity="0.00" noise="111.08" route="routeleft" type="cfm-fast" waiting="0.00" lane="left_0" pos="15.66" speed="12.79" angle="156.30" x="3.21" y="31.23"/>
        <vehicle id="cfm-fast_5" eclass="HBEFA3/PC_G_EU4" CO2="48803.68" CO="955.73" HC="5.56" NOx="22.65" PMx="1.23" fuel="20.98" electricity="0.00" noise="121.42" route="routeleft" type="cfm-fast" waiting="0.00" lane="left_0" pos="31.52" speed="13.09" angle="127.80" x="26.01" y="6.32"/>
        <vehicle id="cfm-slow_0" eclass="HBEFA3/PC_G_EU4" CO2="27785.96" CO="533.93" HC="3.11" NOx="12.77" PMx="0.68" fuel="11.94" electricity="0.00" noise="97.99" route="routebottom" type="cfm-slow" waiting="0.00" lane="bottom_0" pos="7.07" speed="11.61" angle="81.70" x="78.84" y="-3.23"/>
        <vehicle id="cfm-slow_1" eclass="HBEFA3/PC_G_EU4" CO2="27786.32" CO="533.93" HC="3.11" NOx="12.77" PMx="0.68" fuel="11.94" electricity="0.00" noise="97.99" route="routebottom" type="cfm-slow" waiting="0.00" lane="bottom_0" pos="22.90" speed="11.61" angle="53.18" x="108.88" y="12.07"/>
        <vehicle id="cfm-slow_2" eclass="HBEFA3/PC_G_EU4" CO2="27791.27" CO="534.03" HC="3.12" NOx="12.77" PMx="0.68" fuel="11.95" electricity="0.00" noise="98.00" route="routebottom" type="cfm-slow" waiting="0.00" lane="bottom_0" pos="38.74" speed="11.61" angle="24.83" x="128.00" y="39.85"/>
        <vehicle id="cfm-slow_3" eclass="HBEFA3/PC_G_EU4" CO2="27845.99" CO="535.14" HC="3.12" NOx="12.80" PMx="0.68" fuel="11.97" electricity="0.00" noise="98.07" route="routebottom" type="cfm-slow" waiting="0.00" lane="right_0" pos="4.57" speed="11.61" angle="356.30" x="131.55" y="73.56"/>
        <vehicle id="cfm-slow_4" eclass="HBEFA3/PC_G_EU4" CO2="28306.34" CO="544.45" HC="3.18" NOx="13.01" PMx="0.69" fuel="12.17" electricity="0.00" noise="98.68" route="routeright" type="cfm-slow" waiting="0.00" lane="right_0" pos="20.41" speed="11.63" angle="327.71" x="118.63" y="104.71"/>
        <vehicle id="cfm-slow_5" eclass="HBEFA3/PC_G_EU4" CO2="30961.35" CO="597.75" HC="3.48" NOx="14.26" PMx="0.76" fuel="13.31" electricity="0.00" noise="101.98" route="routeright" type="cfm-slow" waiting="0.00" lane="right_0" pos="36.27" speed="11.80" angle="299.28" x="92.39" y="125.96"/>
    </timestep>
    <timestep time="0.97">
        <vehicle id="cfm-fast_0" eclass="HBEFA3/PC_G_EU4" CO2="39073.68" CO="756.83" HC="4.41" NOx="18.06" PMx="0.97" fuel="16.80" electricity="0.00" noise="109.56" route="routetop" type="cfm-fast" waiting="0.00" lane="top_0" pos="2.45" speed="12.88" angle="270.08" x="58.30" y="132.07"/>
        <vehicle id="cfm-fast_1" eclass="HBEFA3/PC_G_EU4" CO2="39073.78" CO="756.83" HC="4.41" NOx="18.06" PMx="0.97" fuel="16.80" electricity="0.00" noise="109.56" route="routetop" type="cfm-fast" waiting="0.00" lane="top_0" pos="18.28" speed="12.88" angle="241.60" x="26.37" y="121.25"/>
        <vehicle id="cfm-fast_2" eclass="HBEFA3/PC_G_EU4" CO2="39076.74" CO="756.89" HC="4.41" NOx="18.06" PMx="0.97" fuel="16.80" electricity="0.00" noise="109.56" route="routetop" type="cfm-fast" waiting="0.00" lane="top_0" pos="34.12" speed="12.88" angle="213.11" x="3.44" y="96.52"/>
        <vehicle id="cfm-fast_3" eclass="HBEFA3/PC_G_EU4" CO2="39138.29" CO="758.15" HC="4.42" NOx="18.09" PMx="0.97" fuel="16.82" electricity="0.00" noise="109.64" route="routetop" type="cfm-fast" waiting="0.00" lane="top_0" pos="49.95" speed="12.88" angle="184.62" x="-4.95" y="63.86"/>
        <vehicle id="cfm-fast_4" eclass="HBEFA3/PC_G_EU4" CO2="40064.61" CO="777.07" HC="4.53" NOx="18.53" PMx="1.00" fuel="17.22" electricity="0.00" noise="110.78" route="routeleft" type="cfm-fast" waiting="0.00" lane="left_0" pos="15.79" speed="12.91" angle="156.06" x="3.34" y="30.99"/>
        <vehicle id="cfm-fast_5" eclass="HBEFA3/PC_G_EU4" CO2="49298.87" CO="965.02" HC="5.61" NOx="22.88" PMx="1.24" fuel="21.19" electricity="0.00" noise="121.48" route="routeleft" type="cfm-fast" waiting="0.00" lane="left_0" pos="31.65" speed="13.23" angle="127.56" x="26.24" y="6.16"/>
        <vehicle id="cfm-slow_0" eclass="HBEFA3/PC_G_EU4" CO2="27740.97" CO="532.33" HC="3.11" NOx="12.75" PMx="0.68" fuel="11.92" electricity="0.00" noise="97.69" route="routebottom" type="cfm-slow" waiting="0.00" lane="bottom_0" pos="7.19" speed="11.69" angle="81.48" x="79.09" y="-3.18"/>
        <vehicle id="cfm-slow_1" eclass="HBEFA3/PC_G_EU4" CO2="27741.37" CO="532.34" HC="3.11" NOx="12.75" PMx="0.68" fuel="11.92" electricity="0.00" noise="97.69" route="routebottom" type="cfm-slow" waiting="0.00" lane="bottom_0" pos="23.02" speed="11.69" angle="53.01" x="109.07" y="12.24"/>
        <vehicle id="cfm-slow_2" eclass="HBEFA3/PC_G_EU4" CO2="27746.82" CO="532.45" HC="3.11" NOx="12.75" PMx="0.68" fuel="11.93" electricity="0.00" noise="97.70" route="routebottom" type="cfm-slow" waiting="0.00" lane="bottom_0" pos="38.85" speed="11.69" angle="24.61" x="128.08" y="40.08"/>
        <vehicle id="cfm-slow_3" eclass="HBEFA3/PC_G_EU4" CO2="27805.64" CO="533.65" HC="3.11" NOx="12.78" PMx="0.68" fuel="11.95" electricity="0.00" noise="97.78" route="routebottom" type="cfm-slow" waiting="0.00" lane="right_0" pos="4.69" speed="11.69" angle="356.09" x="131.51" y="73.81"/>
        <vehicle id="cfm-slow_4" eclass="HBEFA3/PC_G_EU4" CO2="28288.85" CO="543.42" HC="3.17" NOx="13.00" PMx="0.69" fuel="12.16" electricity="0.00" noise="98.41" route="routeright" type="cfm-slow" waiting="0.00" lane="right_0" pos="20.52" speed="11.72" angle="327.54" x="118.49" y="104.91"/>
        <vehicle id="cfm-slow_5" eclass="HBEFA3/PC_G_EU4" CO2="31005.01" CO="597.92" HC="3.49" NOx="14.28" PMx="0.76" fuel="13.33" electricity="0.00" noise="101.76" route="routeright" type="cfm-slow" waiting="0.00" lane="right_0" pos="36.39" speed="11.90" angle="299.05" x="92.16" y="126.07"/>
    </timestep>
    <timestep time="0.98">
        <vehicle id="cfm-fast_0" eclass="HBEFA3/PC_G_EU4" CO2="39054.59" CO="755.69" HC="4.40" NOx="18.05" PMx="0.97" fuel="16.79" electricity="0.00" noise="109.17" route="routetop" type="cfm-fast" waiting="0.00" lane="top_0" pos="2.58" speed="12.99" angle="269.87" x="58.02" y="132.05"/>
        <vehicle id="cfm-fast_1" eclass="HBEFA3/PC_G_EU4" CO2="39054.73" CO="755.69" HC="4.40" NOx="18.05" PMx="0.97" fuel="16.79" electricity="0.00" noise="109.17" route="routetop" type="cfm-fast" waiting="0.00" lane="top_0" pos="18.41" speed="12.99" angle="241.34" x="26.13" y="121.09"/>
        <vehicle id="cfm-fast_2" eclass="HBEFA3/PC_G_EU4" CO2="39058.25" CO="755.76" HC="4.41" NOx="18.05" PMx="0.97" fuel="16.79" electricity="0.00" noise="109.18" route="routetop" type="cfm-fast" waiting="0.00" lane="top_0" pos="34.25" speed="12.99" angle="212.88" x="3.31" y="96.28"/>
        <vehicle id="cfm-fast_3" eclass="HBEFA3/PC_G_EU4" CO2="39128.29" CO="757.20" HC="4.41" NOx="18.09" PMx="0.97" fuel="16.82" electricity="0.00" noise="109.26" route="routetop" type="cfm-fast" waiting="0.00" lane="left_0" pos="0.08" speed="12.99" angle="184.33" x="-4.95" y="63.40"/>
        <vehicle id="cfm-fast_4" eclass="HBEFA3/PC_G_EU4" CO2="40136.98" CO="777.79" HC="4.53" NOx="18.56" PMx="1.00" fuel="17.25" electricity="0.00" noise="110.49" route="routeleft" type="cfm-fast" waiting="0.00" lane="left_0" pos="15.92" speed="13.02" angle="155.82" x="3.48" y="30.74"/>
        <vehicle id="cfm-fast_5" eclass="HBEFA3/PC_G_EU4" CO2="49794.35" CO="974.32" HC="5.67" NOx="23.11" PMx="1.25" fuel="21.40" electricity="0.00" noise="121.54" route="routeleft" type="cfm-fast" waiting="0.00" lane="left_0" pos="31.78" speed="13.36" angle="127.32" x="26.48" y="6.00"/>
        <vehicle id="cfm-slow_0" eclass="HBEFA3/PC_G_EU4" CO2="27693.18" CO="530.70" HC="3.10" NOx="12.72" PMx="0.68" fuel="11.90" electricity="0.00" noise="97.39" route="routebottom" type="cfm-slow" waiting="0.00" lane="bottom_0" pos="7.31" speed="11.77" angle="81.25" x="79.34" y="-3.12"/>
        <vehicle id="cfm-slow_1" eclass="HBEFA3/PC_G_EU4" CO2="27693.63" CO="530.70" HC="3.10" NOx="12.72" PMx="0.68" fuel="11.90" electricity="0.00" noise="97.39" route="routebottom" type="cfm-slow" waiting="0.00" lane="bottom_0" pos="23.14" speed="11.77" angle="52.82" x="109.26" y="12.41"/>
        <vehicle id="cfm-slow_2" eclass="HBEFA3/PC_G_EU4" CO2="27699.61" CO="530.83" HC="3.10" NOx="12.72" PMx="0.68" fuel="11.91" electricity="0.00" noise="97.40" route="routebottom" type="cfm-slow" waiting="0.00" lane="bottom_0" pos="38.97" speed="11.77" angle="24.40" x="128.17" y="40.32"/>
        <vehicle id="cfm-slow_3" eclass="HBEFA3/PC_G_EU4" CO2="27762.72" CO="532.11" HC="3.11" NOx="12.75" PMx="0.68" fuel="11.93" electricity="0.00" noise="97.48" route="routebottom" type="cfm-slow" waiting="0.00" lane="right_0" pos="4.81" speed="11.78" angle="355.88" x="131.48" y="74.06"/>
        <vehicle id="cfm-slow_4" eclass="HBEFA3/PC_G_EU4" CO2="28269.21" CO="542.35" HC="3.17" NOx="12.99" PMx="0.69" fuel="12.15" electricity="0.00" noise="98.14" route="routeright" type="cfm-slow" waiting="0.00" lane="right_0" pos="20.64" speed="11.80" angle="327.33" x="118.33" y="105.11"/>
        <vehicle id="cfm-slow_5" eclass="HBEFA3/PC_G_EU4" CO2="31045.45" CO="598.05" HC="3.49" NOx="14.30" PMx="0.76" fuel="13.34" electricity="0.00" noise="101.53" route="routeright" type="cfm-slow" waiting="0.00" lane="right_0" pos="36.51" speed="11.99" angle="298.82" x="91.92" y="126.17"/>
    </timestep>
    <timestep time="0.99">
        <vehicle id="cfm-fast_0" eclass="HBEFA3/PC_G_EU4" CO2="39030.30" CO="754.46" HC="4.40" NOx="18.04" PMx="0.97" fuel="16.78" electricity="0.00" noise="108.79" route="routetop" type="cfm-fast" waiting="0.00" lane="top_0" pos="2.71" speed="13.10" angle="269.63" x="57.74" y="132.02"/>
        <vehicle id="cfm-fast_1" eclass="HBEFA3/PC_G_EU4" CO2="39030.47" CO="754.46" HC="4.40" NOx="18.04" PMx="0.97" fuel="16.78" electricity="0.00" noise="108.79" route="routetop" type="cfm-fast" waiting="0.00" lane="top_0" pos="18.55" speed="13.10" angle="241.09" x="25.90" y="120.94"/>
        <vehicle id="cfm-fast_2" eclass="HBEFA3/PC_G_EU4" CO2="39034.63" CO="754.55" HC="4.40" NOx="18.04" PMx="0.97" fuel="16.78" electricity="0.00" noise="108.79" route="routetop" type="cfm-fast" waiting="0.00" lane="top_0" pos="34.38" speed="13.10" angle="212.64" x="3.17" y="96.03"/>
        <vehicle id="cfm-fast_3" eclass="HBEFA3/PC_G_EU4" CO2="39113.91" CO="756.17" HC="4.41" NOx="18.08" PMx="0.97" fuel="16.81" electricity="0.00" noise="108.89" route="routetop" type="cfm-fast" waiting="0.00" lane="left_0" pos="0.21" speed="13.10" angle="184.09" x="-4.94" y="63.11"/>
        <vehicle id="cfm-fast_4" eclass="HBEFA3/PC_G_EU4" CO2="40208.38" CO="778.51" HC="4.54" NOx="18.59" PMx="1.00" fuel="17.28" electricity="0.00" noise="110.20" route="routeleft" type="cfm-fast" waiting="0.00" lane="left_0" pos="16.05" speed="13.13" angle="155.58" x="3.61" y="30.50"/>
        <vehicle id="cfm-fast_5" eclass="HBEFA3/PC_G_EU4" CO2="50290.12" CO="983.65" HC="5.72" NOx="23.34" PMx="1.26" fuel="21.62" electricity="0.00" noise="121.60" route="routeleft" type="cfm-fast" waiting="0.00" lane="left_0" pos="31.92" speed="13.50" angle="127.08" x="26.72" y="5.84"/>
        <vehicle id="cfm-slow_0" eclass="HBEFA3/PC_G_EU4" CO2="27642.67" CO="529.01" HC="3.09" NOx="12.69" PMx="0.68" fuel="11.88" electricity="0.00" noise="97.10" route="routebottom" type="cfm-slow" waiting="0.00" lane="bottom_0" pos="7.42" speed="11.86" angle="81.02" x="79.59" y="-3.07"/>
        <vehicle id="cfm-slow_1" eclass="HBEFA3/PC_G_EU4" CO2="27643.18" CO="529.02" HC="3.09" NOx="12.70" PMx="0.68" fuel="11.88" electricity="0.00" noise="97.10" route="routebottom" type="cfm-slow" waiting="0.00" lane="bottom_0" pos="23.26" speed="11.86" angle="52.60" x="109.45" y="12.58"/>
        <vehicle id="cfm-slow_2" eclass="HBEFA3/PC_G_EU4" CO2="27649.72" CO="529.16" HC="3.09" NOx="12.70" PMx="0.68" fuel="11.89" electricity="0.00" noise="97.11" route="routebottom" type="cfm-slow" waiting="0.00" lane="bottom_0" pos="39.09" speed="11.86" angle="24.19" x="128.26" y="40.56"/>
        <vehicle id="cfm-slow_3" eclass="HBEFA3/PC_G_EU4" CO2="27717.33" CO="530.53" HC="3.10" NOx="12.73" PMx="0.68" fuel="11.91" electricity="0.00" noise="97.20" route="routebottom" type="cfm-slow" waiting="0.00" lane="right_0" pos="4.92" speed="11.86" angle="355.66" x="131.44" y="74.31"/>
        <vehicle id="cfm-slow_4" eclass="HBEFA3/PC_G_EU4" CO2="28247.50" CO="541.25" HC="3.16" NOx="12.98" PMx="0.69" fuel="12.14" electricity="0.00" noise="97.88" route="routeright" type="cfm-slow" waiting="0.00" lane="right_0" pos="20.76" speed="11.89" angle="327.11" x="118.17" y="105.31"/>
        <vehicle id="cfm-slow_5" eclass="HBEFA3/PC_G_EU4" CO2="31082.72" CO="598.11" HC="3.49" NOx="14.31" PMx="0.76" fuel="13.36" electricity="0.00" noise="101.31" route="routeright" type="cfm-slow" waiting="0.00" lane="right_0" pos="36.63" speed="12.08" angle="298.58" x="91.68" y="126.28"/>
    </timestep>
    <timestep time="1.00">
        <vehicle id="cfm-fast_0" eclass="HBEFA3/PC_G_EU4" CO2="39000.94" CO="753.14" HC="4.39" NOx="18.02" PMx="0.97" fuel="16.76" electricity="0.00" noise="108.40" route="routetop" type="cfm-fast" waiting="0.00" lane="top_1" pos="2.84" speed="13.21" angle="269.40" x="57.81" y="128.71"/>
        <vehicle id="cfm-fast_1" eclass="HBEFA3/PC_G_EU4" CO2="39001.14" CO="753.14" HC="4.39" NOx="18.02" PMx="0.97" fuel="16.76" electricity="0.00" noise="108.40" route="routetop" type="cfm-fast" waiting="0.00" lane="top_0" pos="18.68" speed="13.21" angle="240.83" x="25.66" y="120.78"/>
        <vehicle id="cfm-fast_2" eclass="HBEFA3/PC_G_EU4" CO2="39006.03" CO="753.24" HC="4.39" NOx="18.02" PMx="0.97" fuel="16.77" electricity="0.00" noise="108.41" route="routetop" type="cfm-fast" waiting="0.00" lane="top_1" pos="34.51" speed="13.21" angle="212.42" x="5.94" y="94.21"/>
        <vehicle id="cfm-fast_3" eclass="HBEFA3/PC_G_EU4" CO2="39095.32" CO="755.07" HC="4.40" NOx="18.07" PMx="0.97" fuel="16.81" electricity="0.00" noise="108.52" route="routetop" type="cfm-fast" waiting="0.00" lane="left_0" pos="0.34" speed="13.21" angle="183.86" x="-4.93" y="62.83"/>
        <vehicle id="cfm-fast_4" eclass="HBEFA3/PC_G_EU4" CO2="40278.96" CO="779.23" HC="4.54" NOx="18.62" PMx="1.00" fuel="17.31" electricity="0.00" noise="109.93" route="routeleft" type="cfm-fast" waiting="0.00" lane="left_1" pos="16.18" speed="13.24" angle="155.39" x="6.62" y="31.87"/>
        <vehicle id="cfm-fast_5" eclass="HBEFA3/PC_G_EU4" CO2="50786.19" CO="993.00" HC="5.78" NOx="23.57" PMx="1.28" fuel="21.83" electricity="0.00" noise="121.66" route="routeleft" type="cfm-fast" waiting="0.00" lane="left_0" pos="32.05" speed="13.64" angle="126.89" x="26.97" y="5.68"/>
        <vehicle id="cfm-slow_0" eclass="HBEFA3/PC_G_EU4" CO2="27589.52" CO="527.29" HC="3.08" NOx="12.67" PMx="0.67" fuel="11.86" electricity="0.00" noise="96.80" route="routebottom" type="cfm-slow" waiting="0.00" lane="bottom_0" pos="7.54" speed="11.94" angle="80.81" x="79.84" y="-3.01"/>
        <vehicle id="cfm-slow_1" eclass="HBEFA3/PC_G_EU4" CO2="27590.09" CO="527.30" HC="3.08" NOx="12.67" PMx="0.67" fuel="11.86" electricity="0.00" noise="96.80" route="routebottom" type="cfm-slow" waiting="0.00" lane="bottom_0" pos="23.38" speed="11.94" angle="52.39" x="109.64" y="12.75"/>
        <vehicle id="cfm-slow_2" eclass="HBEFA3/PC_G_EU4" CO2="27597.24" CO="527.44" HC="3.08" NOx="12.67" PMx="0.67" fuel="11.86" electricity="0.00" noise="96.81" route="routebottom" type="cfm-slow" waiting="0.00" lane="bottom_0" pos="39.21" speed="11.94" angle="23.97" x="128.34" y="40.80"/>
        <vehicle id="cfm-slow_3" eclass="HBEFA3/PC_G_EU4" CO2="27669.55" CO="528.91" HC="3.09" NOx="12.71" PMx="0.68" fuel="11.89" electricity="0.00" noise="96.91" route="routebottom" type="cfm-slow" waiting="0.00" lane="right_0" pos="5.04" speed="11.94" angle="355.38" x="131.40" y="74.57"/>
        <vehicle id="cfm-slow_4" eclass="HBEFA3/PC_G_EU4" CO2="28223.78" CO="540.11" HC="3.15" NOx="12.97" PMx="0.69" fuel="12.13" electricity="0.00" noise="97.62" route="routeright" type="cfm-slow" waiting="0.00" lane="right_0" pos="20.88" speed="11.97" angle="326.90" x="118.01" y="105.51"/>
        <vehicle id="cfm-slow_5" eclass="HBEFA3/PC_G_EU4" CO2="31116.88" CO="598.13" HC="3.49" NOx="14.33" PMx="0.77" fuel="13.38" electricity="0.00" noise="101.09" route="routeright" type="cfm-slow" waiting="0.00" lane="right_0" pos="36.75" speed="12.17" angle="298.35" x="91.45" y="126.39"/>
    </timestep>
    <timestep time="1.01">
        <vehicle id="cfm-fast_0" eclass="HBEFA3/PC_G_EU4" CO2="49717.00" CO="972.87" HC="5.66" NOx="23.07" PMx="1.25" fuel="21.37" electricity="0.00" noise="121.53" route="routetop" type="cfm-fast" waiting="0.00" lane="top_1" pos="2.98" speed="13.34" angle="269.16" x="57.53" y="128.68"/>
        <vehicle id="cfm-fast_1" eclass="HBEFA3/PC_G_EU4" CO2="49717.01" CO="972.87" HC="5.66" NOx="23.07" PMx="1.25" fuel="21.37" electricity="0.00" noise="121.53" route="routetop" type="cfm-fast" waiting="0.00" lane="top_0" pos="18.81" speed="13.34" angle="240.57" x="25.42" y="120.62"/>
        <vehicle id="cfm-fast_2" eclass="HBEFA3/PC_G_EU4" CO2="49717.29" CO="972.87" HC="5.66" NOx="23.07" PMx="1.25" fuel="21.37" electricity="0.00" noise="121.53" route="routetop" type="cfm-fast" waiting="0.00" lane="top_1" pos="34.64" speed="13.34" angle="212.23" x="5.81" y="93.97"/>
        <vehicle id="cfm-fast_3" eclass="HBEFA3/PC_G_EU4" CO2="49723.76" CO="972.99" HC="5.66" NOx="23.08" PMx="1.25" fuel="21.37" electricity="0.00" noise="121.53" route="routetop" type="cfm-fast" waiting="0.00" lane="left_0" pos="0.48" speed="13.34" angle="183.61" x="-4.93" y="62.54"/>
        <vehicle id="cfm-fast_4" eclass="HBEFA3/PC_G_EU4" CO2="49837.20" CO="975.13" HC="5.67" NOx="23.13" PMx="1.25" fuel="21.42" electricity="0.00" noise="121.54" route="routeleft" type="cfm-fast" waiting="0.00" lane="left_1" pos="16.31" speed="13.38" angle="155.14" x="6.76" y="31.63"/>
        <vehicle id="cfm-fast_5" eclass="HBEFA3/PC_G_EU4" CO2="51282.55" CO="1002.37" HC="5.83" NOx="23.80" PMx="1.29" fuel="22.04" electricity="0.00" noise="121.72" route="routeleft" type="cfm-fast" waiting="0.00" lane="left_0" pos="32.19" speed="13.77" angle="126.64" x="27.22" y="5.52"/>
        <vehicle id="cfm-slow_0" eclass="HBEFA3/PC_G_EU4" CO2="27533.83" CO="525.52" HC="3.07" NOx="12.64" PMx="0.67" fuel="11.84" electricity="0.00" noise="96.51" route="routebottom" type="cfm-slow" waiting="0.00" lane="bottom_0" pos="7.66" speed="12.02" angle="80.64" x="80.09" y="-2.95"/>
        <vehicle id="cfm-slow_1" eclass="HBEFA3/PC_G_EU4" CO2="27534.46" CO="525.53" HC="3.07" NOx="12.64" PMx="0.67" fuel="11.84" electricity="0.00" noise="96.51" route="routebottom" type="cfm-slow" waiting="0.00" lane="bottom_0" pos="23.50" speed="12.02" angle="52.17" x="109.83" y="12.93"/>
        <vehicle id="cfm-slow_2" eclass="HBEFA3/PC_G_EU4" CO2="27542.26" CO="525.69" HC="3.07" NOx="12.64" PMx="0.67" fuel="11.84" electricity="0.00" noise="96.52" route="routebottom" type="cfm-slow" waiting="0.00" lane="bottom_0" pos="39.33" speed="12.02" angle="23.76" x="128.43" y="41.05"/>
        <vehicle id="cfm-slow_3" eclass="HBEFA3/PC_G_EU4" CO2="27619.45" CO="527.26" HC="3.08" NOx="12.68" PMx="0.67" fuel="11.87" electricity="0.00" noise="96.63" route="routebottom" type="cfm-slow" waiting="0.00" lane="right_0" pos="5.16" speed="12.02" angle="355.18" x="131.36" y="74.82"/>
        <vehicle id="cfm-slow_4" eclass="HBEFA3/PC_G_EU4" CO2="28198.13" CO="538.95" HC="3.15" NOx="12.95" PMx="0.69" fuel="12.12" electricity="0.00" noise="97.36" route="routeright" type="cfm-slow" waiting="0.00" lane="right_0" pos="21.00" speed="12.05" angle="326.68" x="117.85" y="105.72"/>
        <vehicle id="cfm-slow_5" eclass="HBEFA3/PC_G_EU4" CO2="45969.25" CO="902.90" HC="5.25" NOx="21.33" PMx="1.15" fuel="19.76" electricity="0.00" noise="121.06" route="routeright" type="cfm-slow" waiting="0.00" lane="right_0" pos="36.87" speed="12.31" angle="298.11" x="91.20" y="126.49"/>
    </timestep>
    <timestep time="1.02">
        <vehicle id="cfm-fast_0" eclass="HBEFA3/PC_G_EU4" CO2="50212.73" CO="982.19" HC="5.71" NOx="23.30" PMx="1.26" fuel="21.58" electricity="0.00" noise="121.59" route="routetop" type="cfm-fast" waiting="0.00" lane="top_1" pos="3.11" speed="13.48" angle="268.91" x="57.26" y="128.65"/>
        <vehicle id="cfm-fast_1" eclass="HBEFA3/PC_G_EU4" CO2="50212.74" CO="982.19" HC="5.71" NOx="23.30" PMx="1.26" fuel="21.58" electricity="0.00" noise="121.59" route="routetop" type="cfm-fast" waiting="0.00" lane="top_0" pos="18.95" speed="13.48" angle="240.31" x="25.18" y="120.46"/>
        <vehicle id="cfm-fast_2" eclass="HBEFA3/PC_G_EU4" CO2="50213.02" CO="982.20" HC="5.71" NOx="23.30" PMx="1.26" fuel="21.58" electricity="0.00" noise="121.59" route="routetop" type="cfm-fast" waiting="0.00" lane="top_1" pos="34.78" speed="13.48" angle="211.98" x="5.68" y="93.72"/>
        <vehicle id="cfm-fast_3" eclass="HBEFA3/PC_G_EU4" CO2="50219.50" CO="982.32" HC="5.71" NOx="23.31" PMx="1.26" fuel="21.59" electricity="0.00" noise="121.59" route="routetop" type="cfm-fast" waiting="0.00" lane="left_0" pos="0.61" speed="13.48" angle="183.37" x="-4.92" y="62.25"/>
        <vehicle id="cfm-fast_4" eclass="HBEFA3/PC_G_EU4" CO2="50333.00" CO="984.46" HC="5.73" NOx="23.36" PMx="1.27" fuel="21.64" electricity="0.00" noise="121.61" route="routeleft" type="cfm-fast" waiting="0.00" lane="left_1" pos="16.45" speed="13.51" angle="154.90" x="6.89" y="31.39"/>
        <vehicle id="cfm-fast_5" eclass="HBEFA3/PC_G_EU4" CO2="51779.20" CO="1011.76" HC="5.89" NOx="24.03" PMx="1.30" fuel="22.26" electricity="0.00" noise="121.79" route="routeleft" type="cfm-fast" waiting="0.00" lane="left_0" pos="32.33" speed="13.91" angle="126.38" x="27.48" y="5.37"/>
        <vehicle id="cfm-slow_0" eclass="HBEFA3/PC_G_EU4" CO2="27475.65" CO="523.71" HC="3.06" NOx="12.61" PMx="0.67" fuel="11.81" electricity="0.00" noise="96.23" route="routebottom" type="cfm-slow" waiting="0.00" lane="bottom_0" pos="7.78" speed="12.10" angle="80.41" x="80.34" y="-2.88"/>
        <vehicle id="cfm-slow_1" eclass="HBEFA3/PC_G_EU4" CO2="27476.36" CO="523.73" HC="3.06" NOx="12.61" PMx="0.67" fuel="11.81" electricity="0.00" noise="96.23" route="routebottom" type="cfm-slow" waiting="0.00" lane="bottom_0" pos="23.62" speed="12.10" angle="51.95" x="110.02" y="13.10"/>
        <vehicle id="cfm-slow_2" eclass="HBEFA3/PC_G_EU4" CO2="27484.84" CO="523.90" HC="3.06" NOx="12.61" PMx="0.67" fuel="11.81" electricity="0.00" noise="96.24" route="routebottom" type="cfm-slow" waiting="0.00" lane="bottom_0" pos="39.45" speed="12.10" angle="23.54" x="128.52" y="41.29"/>
        <vehicle id="cfm-slow_3" eclass="HBEFA3/PC_G_EU4" CO2="27567.13" CO="525.57" HC="3.07" NOx="12.65" PMx="0.67" fuel="11.85" electricity="0.00" noise="96.34" route="routebottom" type="cfm-slow" waiting="0.00" lane="right_0" pos="5.29" speed="12.10" angle="354.95" x="131.31" y="75.08"/>
        <vehicle id="cfm-slow_4" eclass="HBEFA3/PC_G_EU4" CO2="28304.68" CO="540.52" HC="3.16" NOx="13.00" PMx="0.69" fuel="12.17" electricity="0.00" noise="97.29" route="routeright" type="cfm-slow" waiting="0.00" lane="right_0" pos="21.12" speed="12.13" angle="326.46" x="117.69" y="105.92"/>
        <vehicle id="cfm-slow_5" eclass="HBEFA3/PC_G_EU4" CO2="46462.77" CO="912.06" HC="5.30" NOx="21.56" PMx="1.17" fuel="19.97" electricity="0.00" noise="121.12" route="routeright" type="cfm-slow" waiting="0.00" lane="right_0" pos="37.00" speed="12.45" angle="297.87" x="90.96" y="126.60"/>
    </timestep>
    <timestep time="1.03">
        <vehicle id="cfm-fast_0" eclass="HBEFA3/PC_G_EU4" CO2="50708.75" CO="991.54" HC="5.77" NOx="23.53" PMx="1.27" fuel="21.80" electricity="0.00" noise="121.65" route="routetop" type="cfm-fast" waiting="0.00" lane="top_1" pos="3.25" speed="13.62" angle="268.66" x="56.98" y="128.62"/>
        <vehicle id="cfm-fast_1" eclass="HBEFA3/PC_G_EU4" CO2="50708.76" CO="991.54" HC="5.77" NOx="23.53" PMx="1.27" fuel="21.80" electricity="0.00" noise="121.65" route="routetop" type="cfm-fast" waiting="0.00" lane="top_0" pos="19.08" speed="13.62" angle="240.04" x="24.94" y="120.29"/>
        <vehicle id="cfm-fast_2" eclass="HBEFA3/PC_G_EU4" CO2="50709.04" CO="991.54" HC="5.77" NOx="23.53" PMx="1.27" fuel="21.80" electricity="0.00" noise="121.65" route="routetop" type="cfm-fast" waiting="0.00" lane="top_1" pos="34.92" speed="13.62" angle="211.73" x="5.56" y="93.47"/>
        <vehicle id="cfm-fast_3" eclass="HBEFA3/PC_G_EU4" CO2="50715.52" CO="991.66" HC="5.77" NOx="23.54" PMx="1.27" fuel="21.80" electricity="0.00" noise="121.65" route="routetop" type="cfm-fast" waiting="0.00" lane="left_0" pos="0.75" speed="13.62" angle="183.12" x="-4.91" y="61.96"/>
        <vehicle id="cfm-fast_4" eclass="HBEFA3/PC_G_EU4" CO2="50829.09" CO="993.81" HC="5.78" NOx="23.59" PMx="1.28" fuel="21.85" electricity="0.00" noise="121.67" route="routeleft" type="cfm-fast" waiting="0.00" lane="left_1" pos="16.59" speed="13.65" angle="154.67" x="7.03" y="31.14"/>
        <vehicle id="cfm-fast_5" eclass="HBEFA3/PC_G_EU4" CO2="52276.14" CO="1021.17" HC="5.94" NOx="24.26" PMx="1.32" fuel="22.47" electricity="0.00" noise="121.85" route="routeleft" type="cfm-fast" waiting="0.00" lane="left_0" pos="32.47" speed="14.05" angle="126.12" x="27.74" y="5.21"/>
        <vehicle id="cfm-slow_0" eclass="HBEFA3/PC_G_EU4" CO2="27415.08" CO="521.87" HC="3.05" NOx="12.58" PMx="0.67" fuel="11.78" electricity="0.00" noise="95.94" route="routebottom" type="cfm-slow" waiting="0.00" lane="bottom_0" pos="7.91" speed="12.18" angle="80.19" x="80.59" y="-2.82"/>
        <vehicle id="cfm-slow_1" eclass="HBEFA3/PC_G_EU4" CO2="27415.86" CO="521.89" HC="3.05" NOx="12.58" PMx="0.67" fuel="11.78" electricity="0.00" noise="95.94" route="routebottom" type="cfm-slow" waiting="0.00" lane="bottom_0" pos="23.74" speed="12.18" angle="51.73" x="110.21" y="13.28"/>
        <vehicle id="cfm-slow_2" eclass="HBEFA3/PC_G_EU4" CO2="27425.08" CO="522.07" HC="3.05" NOx="12.58" PMx="0.67" fuel="11.79" electricity="0.00" noise="95.95" route="routebottom" type="cfm-slow" waiting="0.00" lane="bottom_0" pos="39.57" speed="12.18" angle="23.32" x="128.61" y="41.54"/>
        <vehicle id="cfm-slow_3" eclass="HBEFA3/PC_G_EU4" CO2="27513.89" CO="523.88" HC="3.06" NOx="12.63" PMx="0.67" fuel="11.83" electricity="0.00" noise="96.07" route="routebottom" type="cfm-slow" waiting="0.00" lane="right_0" pos="5.41" speed="12.18" angle="354.73" x="131.27" y="75.33"/>
        <vehicle id="cfm-slow_4" eclass="HBEFA3/PC_G_EU4" CO2="28412.74" CO="542.13" HC="3.17" NOx="13.05" PMx="0.69" fuel="12.21" electricity="0.00" noise="97.23" route="routeright" type="cfm-slow" waiting="0.00" lane="right_0" pos="21.24" speed="12.22" angle="326.23" x="117.53" y="106.13"/>
        <vehicle id="cfm-slow_5" eclass="HBEFA3/PC_G_EU4" CO2="46956.57" CO="921.24" HC="5.36" NOx="21.79" PMx="1.18" fuel="20.18" electricity="0.00" noise="121.19" route="routeright" type="cfm-slow" waiting="0.00" lane="right_0" pos="37.12" speed="12.58" angle="297.66" x="90.71" y="126.71"/>
    </timestep>
    <timestep time="1.04">
        <vehicle id="cfm-fast_0" eclass="HBEFA3/PC_G_EU4" CO2="51205.06" CO="1000.90" HC="5.82" NOx="23.77" PMx="1.29" fuel="22.01" electricity="0.00" noise="121.71" route="routetop" type="cfm-fast" waiting="0.00" lane="top_1" pos="3.39" speed="13.75" angle="268.41" x="56.70" y="128.59"/>
        <vehicle id="cfm-fast_1" eclass="HBEFA3/PC_G_EU4" CO2="51205.07" CO="1000.90" HC="5.82" NOx="23.77" PMx="1.29" fuel="22.01" electricity="0.00" noise="121.71" route="routetop" type="cfm-fast" waiting="0.00" lane="top_0" pos="19.22" speed="13.75" angle="239.85" x="24.69" y="120.13"/>
        <vehicle id="cfm-fast_2" eclass="HBEFA3/PC_G_EU4" CO2="51205.35" CO="1000.91" HC="5.82" NOx="23.77" PMx="1.29" fuel="22.01" electricity="0.00" noise="121.71" route="routetop" type="cfm-fast" waiting="0.00" lane="top_1" pos="35.05" speed="13.75" angle="211.48" x="5.43" y="93.22"/>
        <vehicle id="cfm-fast_3" eclass="HBEFA3/PC_G_EU4" CO2="51211.84" CO="1001.03" HC="5.82" NOx="23.77" PMx="1.29" fuel="22.01" electricity="0.00" noise="121.71" route="routetop" type="cfm-fast" waiting="0.00" lane="left_0" pos="0.89" speed="13.75" angle="182.87" x="-4.91" y="61.66"/>
        <vehicle id="cfm-fast_4" eclass="HBEFA3/PC_G_EU4" CO2="51325.47" CO="1003.18" HC="5.84" NOx="23.82" PMx="1.29" fuel="22.06" electricity="0.00" noise="121.73" route="routeleft" type="cfm-fast" waiting="0.00" lane="left_1" pos="16.72" speed="13.78" angle="154.44" x="7.17" y="30.90"/>
        <vehicle id="cfm-fast_5" eclass="HBEFA3/PC_G_EU4" CO2="52773.37" CO="1030.61" HC="6.00" NOx="24.49" PMx="1.33" fuel="22.68" electricity="0.00" noise="121.91" route="routeleft" type="cfm-fast" waiting="0.00" lane="left_0" pos="32.61" speed="14.18" angle="125.85" x="28.00" y="5.06"/>
        <vehicle id="cfm-slow_0" eclass="HBEFA3/PC_G_EU4" CO2="27352.18" CO="519.99" HC="3.04" NOx="12.55" PMx="0.67" fuel="11.76" electricity="0.00" noise="95.66" route="routebottom" type="cfm-slow" waiting="0.00" lane="bottom_0" pos="8.03" speed="12.26" angle="79.97" x="80.85" y="-2.75"/>
        <vehicle id="cfm-slow_1" eclass="HBEFA3/PC_G_EU4" CO2="27353.04" CO="520.00" HC="3.04" NOx="12.55" PMx="0.67" fuel="11.76" electricity="0.00" noise="95.66" route="routebottom" type="cfm-slow" waiting="0.00" lane="bottom_0" pos="23.86" speed="12.26" angle="51.51" x="110.41" y="13.46"/>
        <vehicle id="cfm-slow_2" eclass="HBEFA3/PC_G_EU4" CO2="27363.05" CO="520.21" HC="3.04" NOx="12.55" PMx="0.67" fuel="11.76" electricity="0.00" noise="95.67" route="routebottom" type="cfm-slow" waiting="0.00" lane="bottom_0" pos="39.70" speed="12.26" angle="23.13" x="128.70" y="41.79"/>
        <vehicle id="cfm-slow_3" eclass="HBEFA3/PC_G_EU4" CO2="27459.85" CO="522.17" HC="3.05" NOx="12.60" PMx="0.67" fuel="11.80" electricity="0.00" noise="95.80" route="routebottom" type="cfm-slow" waiting="0.00" lane="right_0" pos="5.53" speed="12.26" angle="354.50" x="131.22" y="75.59"/>
        <vehicle id="cfm-slow_4" eclass="HBEFA3/PC_G_EU4" CO2="28522.35" CO="543.78" HC="3.18" NOx="13.10" PMx="0.70" fuel="12.26" electricity="0.00" noise="97.17" route="routeright" type="cfm-slow" waiting="0.00" lane="right_0" pos="21.37" speed="12.30" angle="326.01" x="117.37" y="106.34"/>
        <vehicle id="cfm-slow_5" eclass="HBEFA3/PC_G_EU4" CO2="47450.67" CO="930.45" HC="5.41" NOx="22.02" PMx="1.19" fuel="20.40" electricity="0.00" noise="121.25" route="routeright" type="cfm-slow" waiting="0.00" lane="right_0" pos="37.25" speed="12.72" angle="297.47" x="90.46" y="126.82"/>
    </timestep>
    <timestep time="1.05">
        <vehicle id="cfm-fast_0" eclass="HBEFA3/PC_G_EU4" CO2="51701.66" CO="1010.29" HC="5.88" NOx="24.00" PMx="1.30" fuel="22.22" electricity="0.00" noise="121.78" route="routetop" type="cfm-fast" waiting="0.00" lane="top_1" pos="3.52" speed="13.89" angle="268.16" x="56.42" y="128.56"/>
        <vehicle id="cfm-fast_1" eclass="HBEFA3/PC_G_EU4" CO2="51701.67" CO="1010.29" HC="5.88" NOx="24.00" PMx="1.30" fuel="22.22" electricity="0.00" noise="121.78" route="routetop" type="cfm-fast" waiting="0.00" lane="top_0" pos="19.36" speed="13.89" angle="239.60" x="24.45" y="119.95"/>
        <vehicle id="cfm-fast_2" eclass="HBEFA3/PC_G_EU4" CO2="51701.96" CO="1010.30" HC="5.88" NOx="24.00" PMx="1.30" fuel="22.22" electricity="0.00" noise="121.78" route="routetop" type="cfm-fast" waiting="0.00" lane="top_1" pos="35.19" speed="13.89" angle="211.23" x="5.30" y="92.97"/>
        <vehicle id="cfm-fast_3" eclass="HBEFA3/PC_G_EU4" CO2="51708.45" CO="1010.42" HC="5.88" NOx="24.00" PMx="1.30" fuel="22.23" electricity="0.00" noise="121.78" route="routetop" type="cfm-fast" waiting="0.00" lane="left_0" pos="1.03" speed="13.89" angle="182.62" x="-4.90" y="61.36"/>
        <vehicle id="cfm-fast_4" eclass="HBEFA3/PC_G_EU4" CO2="51822.15" CO="1012.57" HC="5.89" NOx="24.05" PMx="1.30" fuel="22.28" electricity="0.00" noise="121.79" route="routeleft" type="cfm-fast" waiting="0.00" lane="left_1" pos="16.86" speed="13.92" angle="154.18" x="7.31" y="30.65"/>
        <vehicle id="cfm-fast_5" eclass="HBEFA3/PC_G_EU4" CO2="53270.90" CO="1040.07" HC="6.05" NOx="24.73" PMx="1.34" fuel="22.90" electricity="0.00" noise="121.97" route="routeleft" type="cfm-fast" waiting="0.00" lane="left_0" pos="32.76" speed="14.32" angle="125.58" x="28.26" y="4.90"/>
        <vehicle id="cfm-slow_0" eclass="HBEFA3/PC_G_EU4" CO2="27287.02" CO="518.07" HC="3.03" NOx="12.52" PMx="0.67" fuel="11.73" electricity="0.00" noise="95.38" route="routebottom" type="cfm-slow" waiting="0.00" lane="bottom_0" pos="8.15" speed="12.34" angle="79.74" x="81.10" y="-2.68"/>
        <vehicle id="cfm-slow_1" eclass="HBEFA3/PC_G_EU4" CO2="27287.98" CO="518.09" HC="3.03" NOx="12.52" PMx="0.67" fuel="11.73" electricity="0.00" noise="95.38" route="routebottom" type="cfm-slow" waiting="0.00" lane="bottom_0" pos="23.99" speed="12.34" angle="51.29" x="110.60" y="13.64"/>
        <vehicle id="cfm-slow_2" eclass="HBEFA3/PC_G_EU4" CO2="27298.85" CO="518.31" HC="3.03" NOx="12.52" PMx="0.67" fuel="11.73" electricity="0.00" noise="95.39" route="routebottom" type="cfm-slow" waiting="0.00" lane="bottom_0" pos="39.82" speed="12.34" angle="22.93" x="128.78" y="42.04"/>
        <vehicle id="cfm-slow_3" eclass="HBEFA3/PC_G_EU4" CO2="27405.11" CO="520.47" HC="3.04" NOx="12.57" PMx="0.67" fuel="11.78" electricity="0.00" noise="95.53" route="routebottom" type="cfm-slow" waiting="0.00" lane="right_0" pos="5.65" speed="12.34" angle="354.27" x="131.17" y="75.86"/>
        <vehicle id="cfm-slow_4" eclass="HBEFA3/PC_G_EU4" CO2="28633.54" CO="545.46" HC="3.19" NOx="13.15" PMx="0.70" fuel="12.31" electricity="0.00" noise="97.11" route="routeright" type="cfm-slow" waiting="0.00" lane="right_0" pos="21.49" speed="12.38" angle="325.79" x="117.20" y="106.55"/>
        <vehicle id="cfm-slow_5" eclass="HBEFA3/PC_G_EU4" CO2="47945.07" CO="939.67" HC="5.46" NOx="22.25" PMx="1.20" fuel="20.61" electricity="0.00" noise="121.31" route="routeright" type="cfm-slow" waiting="0.00" lane="right_0" pos="37.38" speed="12.85" angle="297.23" x="90.20" y="126.92"/>
    </timestep>
    <timestep time="1.06">
        <vehicle id="cfm-fast_0" eclass="HBEFA3/PC_G_EU4" CO2="52198.56" CO="1019.70" HC="5.93" NOx="24.23" PMx="1.31" fuel="22.44" electricity="0.00" noise="121.84" route="routetop" type="cfm-fast" waiting="0.00" lane="top_1" pos="3.67" speed="14.02" angle="267.90" x="56.13" y="128.54"/>
        <vehicle id="cfm-fast_1" eclass="HBEFA3/PC_G_EU4" CO2="52198.57" CO="1019.70" HC="5.93" NOx="24.23" PMx="1.31" fuel="22.44" electricity="0.00" noise="121.84" route="routetop" type="cfm-fast" waiting="0.00" lane="top_0" pos="19.50" speed="14.02" angle="239.35" x="24.21" y="119.78"/>
        <vehicle id="cfm-fast_2" eclass="HBEFA3/PC_G_EU4" CO2="52198.86" CO="1019.71" HC="5.93" NOx="24.23" PMx="1.31" fuel="22.44" electricity="0.00" noise="121.84" route="routetop" type="cfm-fast" waiting="0.00" lane="top_1" pos="35.33" speed="14.02" angle="210.97" x="5.17" y="92.71"/>
        <vehicle id="cfm-fast_3" eclass="HBEFA3/PC_G_EU4" CO2="52205.35" CO="1019.83" HC="5.93" NOx="24.23" PMx="1.31" fuel="22.44" electricity="0.00" noise="121.84" route="routetop" type="cfm-fast" waiting="0.00" lane="left_0" pos="1.17" speed="14.03" angle="182.37" x="-4.89" y="61.06"/>
        <vehicle id="cfm-fast_4" eclass="HBEFA3/PC_G_EU4" CO2="52319.12" CO="1021.99" HC="5.95" NOx="24.28" PMx="1.32" fuel="22.49" electricity="0.00" noise="121.85" route="routeleft" type="cfm-fast" waiting="0.00" lane="left_1" pos="17.00" speed="14.06" angle="153.91" x="7.46" y="30.41"/>
        <vehicle id="cfm-fast_5" eclass="HBEFA3/PC_G_EU4" CO2="53768.71" CO="1049.54" HC="6.11" NOx="24.96" PMx="1.35" fuel="23.11" electricity="0.00" noise="122.03" route="routeleft" type="cfm-fast" waiting="0.00" lane="left_0" pos="32.90" speed="14.45" angle="125.31" x="28.53" y="4.74"/>
        <vehicle id="cfm-slow_0" eclass="HBEFA3/PC_G_EU4" CO2="27219.69" CO="516.12" HC="3.02" NOx="12.48" PMx="0.66" fuel="11.70" electricity="0.00" noise="95.10" route="routebottom" type="cfm-slow" waiting="0.00" lane="bottom_0" pos="8.28" speed="12.41" angle="79.51" x="81.36" y="-2.61"/>
        <vehicle id="cfm-slow_1" eclass="HBEFA3/PC_G_EU4" CO2="27220.74" CO="516.14" HC="3.02" NOx="12.48" PMx="0.66" fuel="11.70" electricity="0.00" noise="95.10" route="routebottom" type="cfm-slow" waiting="0.00" lane="bottom_0" pos="24.11" speed="12.41" angle="51.07" x="110.80" y="13.82"/>
        <vehicle id="cfm-slow_2" eclass="HBEFA3/PC_G_EU4" CO2="27232.56" CO="516.38" HC="3.02" NOx="12.49" PMx="0.66" fuel="11.71" electricity="0.00" noise="95.12" route="routebottom" type="cfm-slow" waiting="0.00" lane="bottom_0" pos="39.94" speed="12.41" angle="22.69" x="128.86" y="42.29"/>
        <vehicle id="cfm-slow_3" eclass="HBEFA3/PC_G_EU4" CO2="27349.77" CO="518.76" HC="3.04" NOx="12.54" PMx="0.67" fuel="11.76" electricity="0.00" noise="95.27" route="routebottom" type="cfm-slow" waiting="0.00" lane="right_0" pos="5.78" speed="12.42" angle="354.04" x="131.12" y="76.12"/>
        <vehicle id="cfm-slow_4" eclass="HBEFA3/PC_G_EU4" CO2="28746.35" CO="547.19" HC="3.20" NOx="13.20" PMx="0.70" fuel="12.36" electricity="0.00" noise="97.05" route="routeright" type="cfm-slow" waiting="0.00" lane="right_0" pos="21.62" speed="12.46" angle="325.56" x="117.04" y="106.76"/>
        <vehicle id="cfm-slow_5" eclass="HBEFA3/PC_G_EU4" CO2="48439.75" CO="948.92" HC="5.52" NOx="22.48" PMx="1.22" fuel="20.82" electricity="0.00" noise="121.37" route="routeright" type="cfm-slow" waiting="0.00" lane="right_0" pos="37.51" speed="12.99" angle="297.00" x="89.94" y="127.03"/>
    </timestep>
    <timestep time="1.07">
        <vehicle id="cfm-fast_0" eclass="HBEFA3/PC_G_EU4" CO2="52695.75" CO="1029.13" HC="5.99" NOx="24.46" PMx="1.33" fuel="22.65" electricity="0.00" noise="121.90" route="routetop" type="cfm-fast" waiting="0.00" lane="top_1" pos="3.81" speed="14.16" angle="267.68" x="55.84" y="128.51"/>
        <vehicle id="cfm-fast_1" eclass="HBEFA3/PC_G_EU4" CO2="52695.76" CO="1029.13" HC="5.99" NOx="24.46" PMx="1.33" fuel="22.65" electricity="0.00" noise="121.90" route="routetop" type="cfm-fast" waiting="0.00" lane="top_0" pos="19.64" speed="14.16" angle="239.09" x="23.96" y="119.60"/>
        <vehicle id="cfm-fast_2" eclass="HBEFA3/PC_G_EU4" CO2="52696.04" CO="1029.14" HC="5.99" NOx="24.46" PMx="1.33" fuel="22.65" electricity="0.00" noise="121.90" route="routetop" type="cfm-fast" waiting="0.00" lane="top_1" pos="35.47" speed="14.16" angle="210.71" x="5.05" y="92.45"/>
        <vehicle id="cfm-fast_3" eclass="HBEFA3/PC_G_EU4" CO2="52702.54" CO="1029.26" HC="5.99" NOx="24.46" PMx="1.33" fuel="22.65" electricity="0.00" noise="121.90" route="routetop" type="cfm-fast" waiting="0.00" lane="left_0" pos="1.31" speed="14.16" angle="182.13" x="-4.88" y="60.76"/>
        <vehicle id="cfm-fast_4" eclass="HBEFA3/PC_G_EU4" CO2="52816.37" CO="1031.43" HC="6.00" NOx="24.51" PMx="1.33" fuel="22.70" electricity="0.00" noise="121.91" route="routeleft" type="cfm-fast" waiting="0.00" lane="left_1" pos="17.14" speed="14.19" angle="153.65" x="7.61" y="30.16"/>
        <vehicle id="cfm-fast_5" eclass="HBEFA3/PC_G_EU4" CO2="54266.82" CO="1059.04" HC="6.16" NOx="25.19" PMx="1.37" fuel="23.33" electricity="0.00" noise="122.10" route="routeleft" type="cfm-fast" waiting="0.00" lane="left_0" pos="33.05" speed="14.59" angle="125.04" x="28.80" y="4.58"/>
        <vehicle id="cfm-slow_0" eclass="HBEFA3/PC_G_EU4" CO2="27150.25" CO="514.13" HC="3.01" NOx="12.45" PMx="0.66" fuel="11.67" electricity="0.00" noise="94.83" route="routebottom" type="cfm-slow" waiting="0.00" lane="bottom_0" pos="8.40" speed="12.49" angle="79.28" x="81.62" y="-2.54"/>
        <vehicle id="cfm-slow_1" eclass="HBEFA3/PC_G_EU4" CO2="27151.41" CO="514.15" HC="3.01" NOx="12.45" PMx="0.66" fuel="11.67" electricity="0.00" noise="94.83" route="routebottom" type="cfm-slow" waiting="0.00" lane="bottom_0" pos="24.23" speed="12.49" angle="50.85" x="111.00" y="14.00"/>
        <vehicle id="cfm-slow_2" eclass="HBEFA3/PC_G_EU4" CO2="27164.27" CO="514.41" HC="3.01" NOx="12.45" PMx="0.66" fuel="11.68" electricity="0.00" noise="94.85" route="routebottom" type="cfm-slow" waiting="0.00" lane="bottom_0" pos="40.07" speed="12.49" angle="22.45" x="128.94" y="42.55"/>
        <vehicle id="cfm-slow_3" eclass="HBEFA3/PC_G_EU4" CO2="27293.92" CO="517.05" HC="3.03" NOx="12.51" PMx="0.66" fuel="11.73" electricity="0.00" noise="95.01" route="routebottom" type="cfm-slow" waiting="0.00" lane="right_0" pos="5.90" speed="12.49" angle="353.80" x="131.07" y="76.38"/>
        <vehicle id="cfm-slow_4" eclass="HBEFA3/PC_G_EU4" CO2="28860.81" CO="548.96" HC="3.21" NOx="13.25" PMx="0.71" fuel="12.41" electricity="0.00" noise="97.00" route="routeright" type="cfm-slow" waiting="0.00" lane="right_0" pos="21.74" speed="12.54" angle="325.37" x="116.87" y="106.97"/>
        <vehicle id="cfm-slow_5" eclass="HBEFA3/PC_G_EU4" CO2="48934.72" CO="958.19" HC="5.57" NOx="22.71" PMx="1.23" fuel="21.03" electricity="0.00" noise="121.43" route="routeright" type="cfm-slow" waiting="0.00" lane="right_0" pos="37.64" speed="13.13" angle="296.76" x="89.68" y="127.13"/>
    </timestep>
    <timestep time="1.08">
        <vehicle id="cfm-fast_0" eclass="HBEFA3/PC_G_EU4" CO2="53193.23" CO="1038.59" HC="6.04" NOx="24.69" PMx="1.34" fuel="22.87" electricity="0.00" noise="121.96" route="routetop" type="cfm-fast" waiting="0.00" lane="top_1" pos="3.95" speed="14.30" angle="267.43" x="55.55" y="128.47"/>
        <vehicle id="cfm-fast_1" eclass="HBEFA3/PC_G_EU4" CO2="53193.24" CO="1038.59" HC="6.04" NOx="24.69" PMx="1.34" fuel="22.87" electricity="0.00" noise="121.96" route="routetop" type="cfm-fast" waiting="0.00" lane="top_0" pos="19.78" speed="14.30" angle="238.83" x="23.71" y="119.42"/>
        <vehicle id="cfm-fast_2" eclass="HBEFA3/PC_G_EU4" CO2="53193.52" CO="1038.59" HC="6.04" NOx="24.69" PMx="1.34" fuel="22.87" electricity="0.00" noise="121.96" route="routetop" type="cfm-fast" waiting="0.00" lane="top_1" pos="35.62" speed="14.30" angle="210.45" x="4.91" y="92.19"/>
        <vehicle id="cfm-fast_3" eclass="HBEFA3/PC_G_EU4" CO2="53200.02" CO="1038.72" HC="6.05" NOx="24.69" PMx="1.34" fuel="22.87" electricity="0.00" noise="121.96" route="routetop" type="cfm-fast" waiting="0.00" lane="left_0" pos="1.45" speed="14.30" angle="181.87" x="-4.86" y="60.45"/>
        <vehicle id="cfm-fast_4" eclass="HBEFA3/PC_G_EU4" CO2="53313.93" CO="1040.88" HC="6.06" NOx="24.75" PMx="1.34" fuel="22.92" electricity="0.00" noise="121.98" route="routeleft" type="cfm-fast" waiting="0.00" lane="left_1" pos="17.29" speed="14.33" angle="153.38" x="7.76" y="29.91"/>
        <vehicle id="cfm-fast_5" eclass="HBEFA3/PC_G_EU4" CO2="54765.23" CO="1068.56" HC="6.22" NOx="25.42" PMx="1.38" fuel="23.54" electricity="0.00" noise="122.16" route="routeleft" type="cfm-fast" waiting="0.00" lane="left_0" pos="33.19" speed="14.73" angle="124.77" x="29.07" y="4.41"/>
        <vehicle id="cfm-slow_0" eclass="HBEFA3/PC_G_EU4" CO2="27078.77" CO="512.11" HC="3.00" NOx="12.41" PMx="0.66" fuel="11.64" electricity="0.00" noise="94.56" route="routebottom" type="cfm-slow" waiting="0.00" lane="bottom_0" pos="8.53" speed="12.57" angle="79.05" x="81.88" y="-2.47"/>
        <vehicle id="cfm-slow_1" eclass="HBEFA3/PC_G_EU4" CO2="27080.04" CO="512.14" HC="3.00" NOx="12.41" PMx="0.66" fuel="11.64" electricity="0.00" noise="94.56" route="routebottom" type="cfm-slow" waiting="0.00" lane="bottom_0" pos="24.36" speed="12.57" angle="50.67" x="111.20" y="14.19"/>
        <vehicle id="cfm-slow_2" eclass="HBEFA3/PC_G_EU4" CO2="27094.05" CO="512.42" HC="3.00" NOx="12.42" PMx="0.66" fuel="11.65" electricity="0.00" noise="94.58" route="routebottom" type="cfm-slow" waiting="0.00" lane="bottom_0" pos="40.19" speed="12.57" angle="22.21" x="129.02" y="42.81"/>
        <vehicle id="cfm-slow_3" eclass="HBEFA3/PC_G_EU4" CO2="27237.65" CO="515.34" HC="3.02" NOx="12.49" PMx="0.66" fuel="11.71" electricity="0.00" noise="94.76" route="routebottom" type="cfm-slow" waiting="0.00" lane="right_0" pos="6.03" speed="12.57" angle="353.57" x="131.02" y="76.65"/>
        <vehicle id="cfm-slow_4" eclass="HBEFA3/PC_G_EU4" CO2="28976.94" CO="550.77" HC="3.22" NOx="13.31" PMx="0.71" fuel="12.46" electricity="0.00" noise="96.96" route="routeright" type="cfm-slow" waiting="0.00" lane="right_0" pos="21.87" speed="12.62" angle="325.15" x="116.70" y="107.18"/>
        <vehicle id="cfm-slow_5" eclass="HBEFA3/PC_G_EU4" CO2="49429.99" CO="967.48" HC="5.63" NOx="22.94" PMx="1.24" fuel="21.25" electricity="0.00" noise="121.49" route="routeright" type="cfm-slow" waiting="0.00" lane="right_0" pos="37.77" speed="13.26" angle="296.52" x="89.42" y="127.24"/>
    </timestep>
    <timestep time="1.09">
        <vehicle id="cfm-fast_0" eclass="HBEFA3/PC_G_EU4" CO2="53691.00" CO="1048.06" HC="6.10" NOx="24.92" PMx="1.35" fuel="23.08" electricity="0.00" noise="122.02" route="routetop" type="cfm-fast" waiting="0.00" lane="top_1" pos="4.09" speed="14.43" angle="267.16" x="55.26" y="128.42"/>
        <vehicle id="cfm-fast_1" eclass="HBEFA3/PC_G_EU4" CO2="53691.01" CO="1048.06" HC="6.10" NOx="24.92" PMx="1.35" fuel="23.08" electricity="0.00" noise="122.02" route="routetop" type="cfm-fast" waiting="0.00" lane="top_0" pos="19.93" speed="14.43" angle="238.57" x="23.46" y="119.24"/>
        <vehicle id="cfm-fast_2" eclass="HBEFA3/PC_G_EU4" CO2="53691.30" CO="1048.07" HC="6.10" NOx="24.92" PMx="1.35" fuel="23.08" electricity="0.00" noise="122.02" route="routetop" type="cfm-fast" waiting="0.00" lane="top_1" pos="35.76" speed="14.43" angle="210.19" x="4.78" y="91.92"/>
        <vehicle id="cfm-fast_3" eclass="HBEFA3/PC_G_EU4" CO2="53697.80" CO="1048.19" HC="6.10" NOx="24.92" PMx="1.35" fuel="23.08" electricity="0.00" noise="122.02" route="routetop" type="cfm-fast" waiting="0.00" lane="left_0" pos="1.59" speed="14.44" angle="181.61" x="-4.85" y="60.14"/>
        <vehicle id="cfm-fast_4" eclass="HBEFA3/PC_G_EU4" CO2="53811.77" CO="1050.36" HC="6.11" NOx="24.98" PMx="1.35" fuel="23.13" electricity="0.00" noise="122.04" route="routeleft" type="cfm-fast" waiting="0.00" lane="left_1" pos="17.43" speed="14.47" angle="153.11" x="7.92" y="29.65"/>
        <vehicle id="cfm-fast_5" eclass="HBEFA3/PC_G_EU4" CO2="55263.92" CO="1078.11" HC="6.28" NOx="25.65" PMx="1.39" fuel="23.76" electricity="0.00" noise="122.22" route="routeleft" type="cfm-fast" waiting="0.00" lane="left_0" pos="33.34" speed="14.86" angle="124.55" x="29.35" y="4.25"/>
        <vehicle id="cfm-slow_0" eclass="HBEFA3/PC_G_EU4" CO2="27005.31" CO="510.06" HC="2.99" NOx="12.37" PMx="0.66" fuel="11.61" electricity="0.00" noise="94.29" route="routebottom" type="cfm-slow" waiting="0.00" lane="bottom_0" pos="8.65" speed="12.64" angle="78.82" x="82.14" y="-2.40"/>
        <vehicle id="cfm-slow_1" eclass="HBEFA3/PC_G_EU4" CO2="27006.71" CO="510.09" HC="2.99" NOx="12.38" PMx="0.66" fuel="11.61" electricity="0.00" noise="94.29" route="routebottom" type="cfm-slow" waiting="0.00" lane="bottom_0" pos="24.49" speed="12.64" angle="50.43" x="111.39" y="14.38"/>
        <vehicle id="cfm-slow_2" eclass="HBEFA3/PC_G_EU4" CO2="27022.00" CO="510.40" HC="2.99" NOx="12.38" PMx="0.66" fuel="11.62" electricity="0.00" noise="94.31" route="routebottom" type="cfm-slow" waiting="0.00" lane="bottom_0" pos="40.32" speed="12.64" angle="21.97" x="129.10" y="43.07"/>
        <vehicle id="cfm-slow_3" eclass="HBEFA3/PC_G_EU4" CO2="27181.07" CO="513.64" HC="3.01" NOx="12.46" PMx="0.66" fuel="11.68" electricity="0.00" noise="94.51" route="routebottom" type="cfm-slow" waiting="0.00" lane="right_0" pos="6.15" speed="12.65" angle="353.33" x="130.98" y="76.92"/>
        <vehicle id="cfm-slow_4" eclass="HBEFA3/PC_G_EU4" CO2="29094.78" CO="552.62" HC="3.23" NOx="13.36" PMx="0.71" fuel="12.51" electricity="0.00" noise="96.92" route="routeright" type="cfm-slow" waiting="0.00" lane="right_0" pos="21.99" speed="12.71" angle="324.90" x="116.52" y="107.39"/>
        <vehicle id="cfm-slow_5" eclass="HBEFA3/PC_G_EU4" CO2="49925.55" CO="976.79" HC="5.68" NOx="23.17" PMx="1.25" fuel="21.46" electricity="0.00" noise="121.55" route="routeright" type="cfm-slow" waiting="0.00" lane="right_0" pos="37.91" speed="13.40" angle="296.28" x="89.15" y="127.35"/>
    </timestep>
    <timestep time="1.10">
        <vehicle id="cfm-fast_0" eclass="HBEFA3/PC_G_EU4" CO2="54189.06" CO="1057.56" HC="6.16" NOx="25.15" PMx="1.36" fuel="23.29" electricity="0.00" noise="122.09" route="routetop" type="cfm-fast" waiting="0.00" lane="top_1" pos="4.24" speed="14.57" angle="266.90" x="54.96" y="128.38"/>
        <vehicle id="cfm-fast_1" eclass="HBEFA3/PC_G_EU4" CO2="54189.07" CO="1057.56" HC="6.16" NOx="25.15" PMx="1.36" fuel="23.29" electricity="0.00" noise="122.09" route="routetop" type="cfm-fast" waiting="0.00" lane="top_0" pos="20.07" speed="14.57" angle="238.30" x="23.20" y="119.05"/>
        <vehicle id="cfm-fast_2" eclass="HBEFA3/PC_G_EU4" CO2="54189.36" CO="1057.56" HC="6.16" NOx="25.15" PMx="1.36" fuel="23.29" electricity="0.00" noise="122.09" route="routetop" type="cfm-fast" waiting="0.00" lane="top_1" pos="35.91" speed="14.57" angle="209.97" x="4.65" y="91.66"/>
        <vehicle id="cfm-fast_3" eclass="HBEFA3/PC_G_EU4" CO2="54195.86" CO="1057.69" HC="6.16" NOx="25.16" PMx="1.36" fuel="23.30" electricity="0.00" noise="122.09" route="routetop" type="cfm-fast" waiting="0.00" lane="left_0" pos="1.74" speed="14.57" angle="181.35" x="-4.83" y="59.83"/>
        <vehicle id="cfm-fast_4" eclass="HBEFA3/PC_G_EU4" CO2="54309.90" CO="1059.87" HC="6.17" NOx="25.21" PMx="1.37" fuel="23.35" electricity="0.00" noise="122.10" route="routeleft" type="cfm-fast" waiting="0.00" lane="left_1" pos="17.58" speed="14.60" angle="152.84" x="8.07" y="29.40"/>
        <vehicle id="cfm-fast_5" eclass="HBEFA3/PC_G_EU4" CO2="55762.90" CO="1087.67" HC="6.33" NOx="25.89" PMx="1.41" fuel="23.97" electricity="0.00" noise="122.28" route="routeleft" type="cfm-fast" waiting="0.00" lane="left_0" pos="33.49" speed="15.00" angle="124.27" x="29.63" y="4.09"/>
        <vehicle id="cfm-slow_0" eclass="HBEFA3/PC_G_EU4" CO2="26929.94" CO="507.98" HC="2.98" NOx="12.34" PMx="0.66" fuel="11.58" electricity="0.00" noise="94.02" route="routebottom" type="cfm-slow" waiting="0.00" lane="bottom_0" pos="8.78" speed="12.71" angle="78.58" x="82.41" y="-2.33"/>
        <vehicle id="cfm-slow_1" eclass="HBEFA3/PC_G_EU4" CO2="26931.48" CO="508.01" HC="2.98" NOx="12.34" PMx="0.66" fuel="11.58" electricity="0.00" noise="94.02" route="routebottom" type="cfm-slow" waiting="0.00" lane="bottom_0" pos="24.61" speed="12.71" angle="50.20" x="111.58" y="14.57"/>
        <vehicle id="cfm-slow_2" eclass="HBEFA3/PC_G_EU4" CO2="26948.18" CO="508.35" HC="2.98" NOx="12.35" PMx="0.66" fuel="11.58" electricity="0.00" noise="94.04" route="routebottom" type="cfm-slow" waiting="0.00" lane="bottom_0" pos="40.45" speed="12.72" angle="21.73" x="129.18" y="43.33"/>
        <vehicle id="cfm-slow_3" eclass="HBEFA3/PC_G_EU4" CO2="27124.27" CO="511.94" HC="3.00" NOx="12.43" PMx="0.66" fuel="11.66" electricity="0.00" noise="94.26" route="routebottom" type="cfm-slow" waiting="0.00" lane="right_0" pos="6.28" speed="12.72" angle="353.11" x="130.93" y="77.18"/>
        <vehicle id="cfm-slow_4" eclass="HBEFA3/PC_G_EU4" CO2="29214.36" CO="554.51" HC="3.24" NOx="13.41" PMx="0.71" fuel="12.56" electricity="0.00" noise="96.88" route="routeright" type="cfm-slow" waiting="0.00" lane="right_0" pos="22.12" speed="12.79" angle="324.66" x="116.34" y="107.60"/>
        <vehicle id="cfm-slow_5" eclass="HBEFA3/PC_G_EU4" CO2="50421.40" CO="986.12" HC="5.74" NOx="23.40" PMx="1.27" fuel="21.67" electricity="0.00" noise="121.62" route="routeright" type="cfm-slow" waiting="0.00" lane="right_0" pos="38.04" speed="13.54" angle="296.04" x="88.88" y="127.45"/>
    </timestep>
    <timestep time="1.11">
        <vehicle id="cfm-fast_0" eclass="HBEFA3/PC_G_EU4" CO2="54687.42" CO="1067.08" HC="6.21" NOx="25.39" PMx="1.38" fuel="23.51" electricity="0.00" noise="122.15" route="routetop" type="cfm-fast" waiting="0.00" lane="top_1" pos="4.39" speed="14.71" angle="266.63" x="54.66" y="128.34"/>
        <vehicle id="cfm-fast_1" eclass="HBEFA3/PC_G_EU4" CO2="54687.43" CO="1067.08" HC="6.21" NOx="25.39" PMx="1.38" fuel="23.51" electricity="0.00" noise="122.15" route="routetop" type="cfm-fast" waiting="0.00" lane="top_0" pos="20.22" speed="14.71" angle="238.03" x="22.95" y="118.87"/>
        <vehicle id="cfm-fast_2" eclass="HBEFA3/PC_G_EU4" CO2="54687.72" CO="1067.08" HC="6.21" NOx="25.39" PMx="1.38" fuel="23.51" electricity="0.00" noise="122.15" route="routetop" type="cfm-fast" waiting="0.00" lane="top_1" pos="36.05" speed="14.71" angle="209.70" x="4.52" y="91.38"/>
        <vehicle id="cfm-fast_3" eclass="HBEFA3/PC_G_EU4" CO2="54694.22" CO="1067.21" HC="6.21" NOx="25.39" PMx="1.38" fuel="23.51" electricity="0.00" noise="122.15" route="routetop" type="cfm-fast" waiting="0.00" lane="left_0" pos="1.89" speed="14.71" angle="181.09" x="-4.81" y="59.51"/>
        <vehicle id="cfm-fast_4" eclass="HBEFA3/PC_G_EU4" CO2="54808.33" CO="1069.39" HC="6.23" NOx="25.44" PMx="1.38" fuel="23.56" electricity="0.00" noise="122.16" route="routeleft" type="cfm-fast" waiting="0.00" lane="left_1" pos="17.73" speed="14.74" angle="152.56" x="8.23" y="29.14"/>
        <vehicle id="cfm-fast_5" eclass="HBEFA3/PC_G_EU4" CO2="56262.18" CO="1097.26" HC="6.39" NOx="26.12" PMx="1.42" fuel="24.18" electricity="0.00" noise="122.35" route="routeleft" type="cfm-fast" waiting="0.00" lane="left_0" pos="33.64" speed="15.14" angle="124.00" x="29.91" y="3.93"/>
        <vehicle id="cfm-slow_0" eclass="HBEFA3/PC_G_EU4" CO2="26852.73" CO="505.87" HC="2.96" NOx="12.30" PMx="0.65" fuel="11.54" electricity="0.00" noise="93.76" route="routebottom" type="cfm-slow" waiting="0.00" lane="bottom_0" pos="8.91" speed="12.79" angle="78.39" x="82.67" y="-2.26"/>
        <vehicle id="cfm-slow_1" eclass="HBEFA3/PC_G_EU4" CO2="26854.41" CO="505.91" HC="2.96" NOx="12.30" PMx="0.65" fuel="11.54" electricity="0.00" noise="93.76" route="routebottom" type="cfm-slow" waiting="0.00" lane="bottom_0" pos="24.74" speed="12.79" angle="49.96" x="111.78" y="14.77"/>
        <vehicle id="cfm-slow_2" eclass="HBEFA3/PC_G_EU4" CO2="26872.68" CO="506.28" HC="2.97" NOx="12.31" PMx="0.65" fuel="11.55" electricity="0.00" noise="93.78" route="routebottom" type="cfm-slow" waiting="0.00" lane="bottom_0" pos="40.58" speed="12.79" angle="21.48" x="129.26" y="43.59"/>
        <vehicle id="cfm-slow_3" eclass="HBEFA3/PC_G_EU4" CO2="27067.32" CO="510.24" HC="2.99" NOx="12.40" PMx="0.66" fuel="11.63" electricity="0.00" noise="94.02" route="routebottom" type="cfm-slow" waiting="0.00" lane="right_0" pos="6.41" speed="12.80" angle="352.92" x="130.87" y="77.46"/>
        <vehicle id="cfm-slow_4" eclass="HBEFA3/PC_G_EU4" CO2="29335.69" CO="556.45" HC="3.26" NOx="13.47" PMx="0.72" fuel="12.61" electricity="0.00" noise="96.84" route="routeright" type="cfm-slow" waiting="0.00" lane="right_0" pos="22.25" speed="12.87" angle="324.42" x="116.16" y="107.81"/>
        <vehicle id="cfm-slow_5" eclass="HBEFA3/PC_G_EU4" CO2="50917.54" CO="995.48" HC="5.79" NOx="23.63" PMx="1.28" fuel="21.89" electricity="0.00" noise="121.68" route="routeright" type="cfm-slow" waiting="0.00" lane="right_0" pos="38.18" speed="13.67" angle="295.79" x="88.61" y="127.56"/>
    </timestep>
    <timestep time="1.12">
        <vehicle id="cfm-fast_0" eclass="HBEFA3/PC_G_EU4" CO2="55186.07" CO="1076.62" HC="6.27" NOx="25.62" PMx="1.39" fuel="23.72" electricity="0.00" noise="122.21" route="routetop" type="cfm-fast" waiting="0.00" lane="top_1" pos="4.54" speed="14.84" angle="266.36" x="54.36" y="128.30"/>
        <vehicle id="cfm-fast_1" eclass="HBEFA3/PC_G_EU4" CO2="55186.08" CO="1076.62" HC="6.27" NOx="25.62" PMx="1.39" fuel="23.72" electricity="0.00" noise="122.21" route="routetop" type="cfm-fast" waiting="0.00" lane="top_0" pos="20.37" speed="14.84" angle="237.77" x="22.69" y="118.68"/>
        <vehicle id="cfm-fast_2" eclass="HBEFA3/PC_G_EU4" CO2="55186.36" CO="1076.62" HC="6.27" NOx="25.62" PMx="1.39" fuel="23.72" electricity="0.00" noise="122.21" route="routetop" type="cfm-fast" waiting="0.00" lane="top_1" pos="36.20" speed="14.84" angle="209.42" x="4.40" y="91.10"/>
        <vehicle id="cfm-fast_3" eclass="HBEFA3/PC_G_EU4" CO2="55192.88" CO="1076.75" HC="6.27" NOx="25.62" PMx="1.39" fuel="23.72" electricity="0.00" noise="122.21" route="routetop" type="cfm-fast" waiting="0.00" lane="left_0" pos="2.04" speed="14.84" angle="180.82" x="-4.79" y="59.19"/>
        <vehicle id="cfm-fast_4" eclass="HBEFA3/PC_G_EU4" CO2="55307.05" CO="1078.93" HC="6.28" NOx="25.67" PMx="1.39" fuel="23.77" electricity="0.00" noise="122.23" route="routeleft" type="cfm-fast" waiting="0.00" lane="left_1" pos="17.87" speed="14.88" angle="152.32" x="8.38" y="28.88"/>
        <vehicle id="cfm-fast_5" eclass="HBEFA3/PC_G_EU4" CO2="56761.75" CO="1106.87" HC="6.44" NOx="26.35" PMx="1.43" fuel="24.40" electricity="0.00" noise="122.41" route="routeleft" type="cfm-fast" waiting="0.00" lane="left_0" pos="33.80" speed="15.27" angle="123.71" x="30.20" y="3.78"/>
        <vehicle id="cfm-slow_0" eclass="HBEFA3/PC_G_EU4" CO2="26773.74" CO="503.74" HC="2.95" NOx="12.26" PMx="0.65" fuel="11.51" electricity="0.00" noise="93.49" route="routebottom" type="cfm-slow" waiting="0.00" lane="bottom_0" pos="9.04" speed="12.86" angle="78.17" x="82.94" y="-2.18"/>
        <vehicle id="cfm-slow_1" eclass="HBEFA3/PC_G_EU4" CO2="26775.58" CO="503.78" HC="2.95" NOx="12.26" PMx="0.65" fuel="11.51" electricity="0.00" noise="93.50" route="routebottom" type="cfm-slow" waiting="0.00" lane="bottom_0" pos="24.87" speed="12.86" angle="49.72" x="111.97" y="14.96"/>
        <vehicle id="cfm-slow_2" eclass="HBEFA3/PC_G_EU4" CO2="26795.58" CO="504.18" HC="2.95" NOx="12.27" PMx="0.65" fuel="11.52" electricity="0.00" noise="93.52" route="routebottom" type="cfm-slow" waiting="0.00" lane="bottom_0" pos="40.70" speed="12.86" angle="21.24" x="129.35" y="43.86"/>
        <vehicle id="cfm-slow_3" eclass="HBEFA3/PC_G_EU4" CO2="27010.31" CO="508.55" HC="2.98" NOx="12.37" PMx="0.66" fuel="11.61" electricity="0.00" noise="93.79" route="routebottom" type="cfm-slow" waiting="0.00" lane="right_0" pos="6.54" speed="12.87" angle="352.67" x="130.81" y="77.73"/>
        <vehicle id="cfm-slow_4" eclass="HBEFA3/PC_G_EU4" CO2="29458.81" CO="558.43" HC="3.27" NOx="13.52" PMx="0.72" fuel="12.66" electricity="0.00" noise="96.81" route="routeright" type="cfm-slow" waiting="0.00" lane="right_0" pos="22.38" speed="12.95" angle="324.17" x="115.98" y="108.02"/>
        <vehicle id="cfm-slow_5" eclass="HBEFA3/PC_G_EU4" CO2="51413.98" CO="1004.85" HC="5.85" NOx="23.86" PMx="1.29" fuel="22.10" electricity="0.00" noise="121.74" route="routeright" type="cfm-slow" waiting="0.00" lane="right_0" pos="38.32" speed="13.81" angle="295.54" x="88.33" y="127.67"/>
    </timestep>
    <timestep time="1.13">
        <vehicle id="cfm-fast_0" eclass="HBEFA3/PC_G_EU4" CO2="55685.01" CO="1086.18" HC="6.32" NOx="25.85" PMx="1.40" fuel="23.94" electricity="0.00" noise="122.27" route="routetop" type="cfm-fast" waiting="0.00" lane="top_1" pos="4.68" speed="14.98" angle="266.08" x="54.06" y="128.25"/>
        <vehicle id="cfm-fast_1" eclass="HBEFA3/PC_G_EU4" CO2="55685.02" CO="1086.18" HC="6.32" NOx="25.85" PMx="1.40" fuel="23.94" electricity="0.00" noise="122.27" route="routetop" type="cfm-fast" waiting="0.00" lane="top_0" pos="20.52" speed="14.98" angle="237.55" x="22.43" y="118.49"/>
        <vehicle id="cfm-fast_2" eclass="HBEFA3/PC_G_EU4" CO2="55685.30" CO="1086.18" HC="6.32" NOx="25.85" PMx="1.40" fuel="23.94" electricity="0.00" noise="122.27" route="routetop" type="cfm-fast" waiting="0.00" lane="top_1" pos="36.35" speed="14.98" angle="209.13" x="4.27" y="90.82"/>
        <vehicle id="cfm-fast_3" eclass="HBEFA3/PC_G_EU4" CO2="55691.82" CO="1086.31" HC="6.32" NOx="25.85" PMx="1.40" fuel="23.94" electricity="0.00" noise="122.27" route="routetop" type="cfm-fast" waiting="0.00" lane="left_0" pos="2.19" speed="14.98" angle="180.55" x="-4.77" y="58.87"/>
        <vehicle id="cfm-fast_4" eclass="HBEFA3/PC_G_EU4" CO2="55806.06" CO="1088.50" HC="6.34" NOx="25.91" PMx="1.41" fuel="23.99" electricity="0.00" noise="122.29" route="routeleft" type="cfm-fast" waiting="0.00" lane="left_1" pos="18.03" speed="15.01" angle="152.07" x="8.55" y="28.62"/>
        <vehicle id="cfm-fast_5" eclass="HBEFA3/PC_G_EU4" CO2="57261.61" CO="1116.49" HC="6.50" NOx="26.58" PMx="1.44" fuel="24.61" electricity="0.00" noise="122.47" route="routeleft" type="cfm-fast" waiting="0.00" lane="left_0" pos="33.95" speed="15.41" angle="123.43" x="30.49" y="3.62"/>
        <vehicle id="cfm-slow_0" eclass="HBEFA3/PC_G_EU4" CO2="26693.02" CO="501.58" HC="2.94" NOx="12.22" PMx="0.65" fuel="11.47" electricity="0.00" noise="93.23" route="routebottom" type="cfm-slow" waiting="0.00" lane="bottom_0" pos="9.17" speed="12.93" angle="77.93" x="83.21" y="-2.10"/>
        <vehicle id="cfm-slow_1" eclass="HBEFA3/PC_G_EU4" CO2="26695.04" CO="501.62" HC="2.94" NOx="12.22" PMx="0.65" fuel="11.47" electricity="0.00" noise="93.24" route="routebottom" type="cfm-slow" waiting="0.00" lane="bottom_0" pos="25.00" speed="12.93" angle="49.48" x="112.17" y="15.16"/>
        <vehicle id="cfm-slow_2" eclass="HBEFA3/PC_G_EU4" CO2="26716.94" CO="502.06" HC="2.94" NOx="12.23" PMx="0.65" fuel="11.48" electricity="0.00" noise="93.26" route="routebottom" type="cfm-slow" waiting="0.00" lane="bottom_0" pos="40.83" speed="12.93" angle="20.99" x="129.43" y="44.12"/>
        <vehicle id="cfm-slow_3" eclass="HBEFA3/PC_G_EU4" CO2="26953.33" CO="506.88" HC="2.97" NOx="12.34" PMx="0.66" fuel="11.59" electricity="0.00" noise="93.55" route="routebottom" type="cfm-slow" waiting="0.00" lane="right_0" pos="6.67" speed="12.94" angle="352.43" x="130.75" y="78.00"/>
        <vehicle id="cfm-slow_4" eclass="HBEFA3/PC_G_EU4" CO2="29583.75" CO="560.45" HC="3.28" NOx="13.58" PMx="0.72" fuel="12.72" electricity="0.00" noise="96.78" route="routeright" type="cfm-slow" waiting="0.00" lane="right_0" pos="22.51" speed="13.03" angle="323.93" x="115.80" y="108.24"/>
        <vehicle id="cfm-slow_5" eclass="HBEFA3/PC_G_EU4" CO2="51910.71" CO="1014.25" HC="5.90" NOx="24.09" PMx="1.31" fuel="22.31" electricity="0.00" noise="121.80" route="routeright" type="cfm-slow" waiting="0.00" lane="right_0" pos="38.45" speed="13.95" angle="295.33" x="88.05" y="127.79"/>
    </timestep>
    <timestep time="1.14">
        <vehicle id="cfm-fast_0" eclass="HBEFA3/PC_G_EU4" CO2="56184.24" CO="1095.76" HC="6.38" NOx="26.08" PMx="1.42" fuel="24.15" electricity="0.00" noise="122.34" route="routetop" type="cfm-fast" waiting="0.00" lane="top_1" pos="4.84" speed="15.12" angle="265.81" x="53.75" y="128.21"/>
        <vehicle id="cfm-fast_1" eclass="HBEFA3/PC_G_EU4" CO2="56184.25" CO="1095.76" HC="6.38" NOx="26.08" PMx="1.42" fuel="24.15" electricity="0.00" noise="122.34" route="routetop" type="cfm-fast" waiting="0.00" lane="top_0" pos="20.67" speed="15.12" angle="237.27" x="22.17" y="118.29"/>
        <vehicle id="cfm-fast_2" eclass="HBEFA3/PC_G_EU4" CO2="56184.54" CO="1095.77" HC="6.38" NOx="26.08" PMx="1.42" fuel="24.15" electricity="0.00" noise="122.34" route="routetop" type="cfm-fast" waiting="0.00" lane="top_1" pos="36.50" speed="15.12" angle="208.85" x="4.15" y="90.54"/>
        <vehicle id="cfm-fast_3" eclass="HBEFA3/PC_G_EU4" CO2="56191.06" CO="1095.89" HC="6.38" NOx="26.08" PMx="1.42" fuel="24.15" electricity="0.00" noise="122.34" route="routetop" type="cfm-fast" waiting="0.00" lane="left_0" pos="2.34" speed="15.12" angle="180.28" x="-4.75" y="58.55"/>
        <vehicle id="cfm-fast_4" eclass="HBEFA3/PC_G_EU4" CO2="56305.36" CO="1098.09" HC="6.39" NOx="26.14" PMx="1.42" fuel="24.20" electricity="0.00" noise="122.35" route="routeleft" type="cfm-fast" waiting="0.00" lane="left_1" pos="18.18" speed="15.15" angle="151.78" x="8.72" y="28.36"/>
        <vehicle id="cfm-fast_5" eclass="HBEFA3/PC_G_EU4" CO2="57761.76" CO="1126.14" HC="6.56" NOx="26.82" PMx="1.46" fuel="24.83" electricity="0.00" noise="122.53" route="routeleft" type="cfm-fast" waiting="0.00" lane="left_0" pos="34.11" speed="15.55" angle="123.15" x="30.78" y="3.45"/>
        <vehicle id="cfm-slow_0" eclass="HBEFA3/PC_G_EU4" CO2="26610.65" CO="499.39" HC="2.93" NOx="12.18" PMx="0.65" fuel="11.44" electricity="0.00" noise="92.98" route="routebottom" type="cfm-slow" waiting="0.00" lane="bottom_0" pos="9.30" speed="13.01" angle="77.69" x="83.47" y="-2.01"/>
        <vehicle id="cfm-slow_1" eclass="HBEFA3/PC_G_EU4" CO2="26612.86" CO="499.44" HC="2.93" NOx="12.18" PMx="0.65" fuel="11.44" electricity="0.00" noise="92.98" route="routebottom" type="cfm-slow" waiting="0.00" lane="bottom_0" pos="25.13" speed="13.01" angle="49.24" x="112.37" y="15.36"/>
        <vehicle id="cfm-slow_2" eclass="HBEFA3/PC_G_EU4" CO2="26636.86" CO="499.92" HC="2.93" NOx="12.19" PMx="0.65" fuel="11.45" electricity="0.00" noise="93.01" route="routebottom" type="cfm-slow" waiting="0.00" lane="bottom_0" pos="40.96" speed="13.01" angle="20.77" x="129.51" y="44.39"/>
        <vehicle id="cfm-slow_3" eclass="HBEFA3/PC_G_EU4" CO2="26896.45" CO="505.21" HC="2.96" NOx="12.31" PMx="0.65" fuel="11.56" electricity="0.00" noise="93.33" route="routebottom" type="cfm-slow" waiting="0.00" lane="right_0" pos="6.80" speed="13.02" angle="352.19" x="130.69" y="78.27"/>
        <vehicle id="cfm-slow_4" eclass="HBEFA3/PC_G_EU4" CO2="29710.51" CO="562.52" HC="3.29" NOx="13.64" PMx="0.73" fuel="12.77" electricity="0.00" noise="96.76" route="routeright" type="cfm-slow" waiting="0.00" lane="right_0" pos="22.64" speed="13.11" angle="323.68" x="115.62" y="108.45"/>
        <vehicle id="cfm-slow_5" eclass="HBEFA3/PC_G_EU4" CO2="52407.73" CO="1023.67" HC="5.96" NOx="24.32" PMx="1.32" fuel="22.53" electricity="0.00" noise="121.86" route="routeright" type="cfm-slow" waiting="0.00" lane="right_0" pos="38.60" speed="14.08" angle="295.08" x="87.77" y="127.89"/>
    </timestep>
    <timestep time="1.15">
        <vehicle id="cfm-fast_0" eclass="HBEFA3/PC_G_EU4" CO2="56683.76" CO="1105.36" HC="6.44" NOx="26.31" PMx="1.43" fuel="24.37" electricity="0.00" noise="122.40" route="routetop" type="cfm-fast" waiting="0.00" lane="top_1" pos="4.99" speed="15.25" angle="265.53" x="53.44" y="128.17"/>
        <vehicle id="cfm-fast_1" eclass="HBEFA3/PC_G_EU4" CO2="56683.77" CO="1105.36" HC="6.44" NOx="26.31" PMx="1.43" fuel="24.37" electricity="0.00" noise="122.40" route="routetop" type="cfm-fast" waiting="0.00" lane="top_0" pos="20.82" speed="15.25" angle="236.99" x="21.91" y="118.09"/>
        <vehicle id="cfm-fast_2" eclass="HBEFA3/PC_G_EU4" CO2="56684.06" CO="1105.37" HC="6.44" NOx="26.31" PMx="1.43" fuel="24.37" electricity="0.00" noise="122.40" route="routetop" type="cfm-fast" waiting="0.00" lane="top_1" pos="36.66" speed="15.25" angle="208.56" x="4.02" y="90.26"/>
        <vehicle id="cfm-fast_3" eclass="HBEFA3/PC_G_EU4" CO2="56690.58" CO="1105.50" HC="6.44" NOx="26.32" PMx="1.43" fuel="24.37" electricity="0.00" noise="122.40" route="routetop" type="cfm-fast" waiting="0.00" lane="left_0" pos="2.49" speed="15.25" angle="180.01" x="-4.73" y="58.22"/>
        <vehicle id="cfm-fast_4" eclass="HBEFA3/PC_G_EU4" CO2="56804.95" CO="1107.70" HC="6.45" NOx="26.37" PMx="1.43" fuel="24.42" electricity="0.00" noise="122.41" route="routeleft" type="cfm-fast" waiting="0.00" lane="left_1" pos="18.33" speed="15.28" angle="151.49" x="8.90" y="28.10"/>
        <vehicle id="cfm-fast_5" eclass="HBEFA3/PC_G_EU4" CO2="58262.21" CO="1135.82" HC="6.61" NOx="27.05" PMx="1.47" fuel="25.04" electricity="0.00" noise="122.60" route="routeleft" type="cfm-fast" waiting="0.00" lane="left_0" pos="34.26" speed="15.68" angle="122.86" x="31.08" y="3.29"/>
        <vehicle id="cfm-slow_0" eclass="HBEFA3/PC_G_EU4" CO2="26526.67" CO="497.18" HC="2.92" NOx="12.14" PMx="0.64" fuel="11.40" electricity="0.00" noise="92.72" route="routebottom" type="cfm-slow" waiting="0.00" lane="bottom_0" pos="9.43" speed="13.08" angle="77.45" x="83.74" y="-1.93"/>
        <vehicle id="cfm-slow_1" eclass="HBEFA3/PC_G_EU4" CO2="26529.10" CO="497.23" HC="2.92" NOx="12.14" PMx="0.64" fuel="11.40" electricity="0.00" noise="92.72" route="routebottom" type="cfm-slow" waiting="0.00" lane="bottom_0" pos="25.26" speed="13.08" angle="49.00" x="112.57" y="15.56"/>
        <vehicle id="cfm-slow_2" eclass="HBEFA3/PC_G_EU4" CO2="26555.39" CO="497.76" HC="2.92" NOx="12.15" PMx="0.64" fuel="11.41" electricity="0.00" noise="92.76" route="routebottom" type="cfm-slow" waiting="0.00" lane="bottom_0" pos="41.09" speed="13.08" angle="20.57" x="129.59" y="44.66"/>
        <vehicle id="cfm-slow_3" eclass="HBEFA3/PC_G_EU4" CO2="26839.76" CO="503.56" HC="2.95" NOx="12.29" PMx="0.65" fuel="11.54" electricity="0.00" noise="93.10" route="routebottom" type="cfm-slow" waiting="0.00" lane="right_0" pos="6.93" speed="13.09" angle="351.94" x="130.63" y="78.54"/>
        <vehicle id="cfm-slow_4" eclass="HBEFA3/PC_G_EU4" CO2="29839.13" CO="564.63" HC="3.31" NOx="13.70" PMx="0.73" fuel="12.83" electricity="0.00" noise="96.73" route="routeright" type="cfm-slow" waiting="0.00" lane="right_0" pos="22.77" speed="13.19" angle="323.43" x="115.44" y="108.67"/>
        <vehicle id="cfm-slow_5" eclass="HBEFA3/PC_G_EU4" CO2="52905.04" CO="1033.11" HC="6.01" NOx="24.56" PMx="1.33" fuel="22.74" electricity="0.00" noise="121.93" route="routeright" type="cfm-slow" waiting="0.00" lane="right_0" pos="38.74" speed="14.22" angle="294.83" x="87.48" y="128.00"/>
    </timestep>
    <timestep time="1.16">
        <vehicle id="cfm-fast_0" eclass="HBEFA3/PC_G_EU4" CO2="57183.58" CO="1114.99" HC="6.49" NOx="26.55" PMx="1.44" fuel="24.58" electricity="0.00" noise="122.46" route="routetop" type="cfm-fast" waiting="0.00" lane="top_1" pos="5.14" speed="15.39" angle="265.27" x="53.13" y="128.12"/>
        <vehicle id="cfm-fast_1" eclass="HBEFA3/PC_G_EU4" CO2="57183.59" CO="1114.99" HC="6.49" NOx="26.55" PMx="1.44" fuel="24.58" electricity="0.00" noise="122.46" route="routetop" type="cfm-fast" waiting="0.00" lane="top_0" pos="20.98" speed="15.39" angle="236.71" x="21.65" y="117.89"/>
        <vehicle id="cfm-fast_2" eclass="HBEFA3/PC_G_EU4" CO2="57183.87" CO="1115.00" HC="6.49" NOx="26.55" PMx="1.44" fuel="24.58" electricity="0.00" noise="122.46" route="routetop" type="cfm-fast" waiting="0.00" lane="top_1" pos="36.81" speed="15.39" angle="208.27" x="3.89" y="89.97"/>
        <vehicle id="cfm-fast_3" eclass="HBEFA3/PC_G_EU4" CO2="57190.40" CO="1115.12" HC="6.49" NOx="26.55" PMx="1.44" fuel="24.58" electricity="0.00" noise="122.46" route="routetop" type="cfm-fast" waiting="0.00" lane="left_0" pos="2.64" speed="15.39" angle="179.75" x="-4.70" y="57.89"/>
        <vehicle id="cfm-fast_4" eclass="HBEFA3/PC_G_EU4" CO2="57304.84" CO="1117.33" HC="6.51" NOx="26.60" PMx="1.45" fuel="24.63" electricity="0.00" noise="122.48" route="routeleft" type="cfm-fast" waiting="0.00" lane="left_1" pos="18.48" speed="15.42" angle="151.19" x="9.07" y="27.83"/>
        <vehicle id="cfm-fast_5" eclass="HBEFA3/PC_G_EU4" CO2="58762.95" CO="1145.51" HC="6.67" NOx="27.28" PMx="1.48" fuel="25.26" electricity="0.00" noise="122.66" route="routeleft" type="cfm-fast" waiting="0.00" lane="left_0" pos="34.42" speed="15.82" angle="122.57" x="31.38" y="3.13"/>
        <vehicle id="cfm-slow_0" eclass="HBEFA3/PC_G_EU4" CO2="26441.15" CO="494.95" HC="2.90" NOx="12.10" PMx="0.64" fuel="11.37" electricity="0.00" noise="92.47" route="routebottom" type="cfm-slow" waiting="0.00" lane="bottom_0" pos="9.56" speed="13.15" angle="77.21" x="84.01" y="-1.85"/>
        <vehicle id="cfm-slow_1" eclass="HBEFA3/PC_G_EU4" CO2="26443.81" CO="495.00" HC="2.90" NOx="12.10" PMx="0.64" fuel="11.37" electricity="0.00" noise="92.47" route="routebottom" type="cfm-slow" waiting="0.00" lane="bottom_0" pos="25.39" speed="13.15" angle="48.75" x="112.77" y="15.76"/>
        <vehicle id="cfm-slow_2" eclass="HBEFA3/PC_G_EU4" CO2="26472.62" CO="495.59" HC="2.91" NOx="12.11" PMx="0.64" fuel="11.38" electricity="0.00" noise="92.51" route="routebottom" type="cfm-slow" waiting="0.00" lane="bottom_0" pos="41.23" speed="13.15" angle="20.33" x="129.66" y="44.93"/>
        <vehicle id="cfm-slow_3" eclass="HBEFA3/PC_G_EU4" CO2="26783.33" CO="501.91" HC="2.94" NOx="12.26" PMx="0.65" fuel="11.51" electricity="0.00" noise="92.88" route="routebottom" type="cfm-slow" waiting="0.00" lane="right_0" pos="7.06" speed="13.16" angle="351.70" x="130.57" y="78.82"/>
        <vehicle id="cfm-slow_4" eclass="HBEFA3/PC_G_EU4" CO2="29969.63" CO="566.79" HC="3.32" NOx="13.76" PMx="0.73" fuel="12.88" electricity="0.00" noise="96.72" route="routeright" type="cfm-slow" waiting="0.00" lane="right_0" pos="22.91" speed="13.27" angle="323.17" x="115.25" y="108.89"/>
        <vehicle id="cfm-slow_5" eclass="HBEFA3/PC_G_EU4" CO2="53402.64" CO="1042.57" HC="6.07" NOx="24.79" PMx="1.34" fuel="22.96" electricity="0.00" noise="121.99" route="routeright" type="cfm-slow" waiting="0.00" lane="right_0" pos="38.88" speed="14.35" angle="294.57" x="87.19" y="128.10"/>
    </timestep>
    <timestep time="1.17">
        <vehicle id="cfm-fast_0" eclass="HBEFA3/PC_G_EU4" CO2="57683.68" CO="1124.64" HC="6.55" NOx="26.78" PMx="1.46" fuel="24.80" electricity="0.00" noise="122.52" route="routetop" type="cfm-fast" waiting="0.00" lane="top_1" pos="5.30" speed="15.52" angle="264.98" x="52.82" y="128.06"/>
        <vehicle id="cfm-fast_1" eclass="HBEFA3/PC_G_EU4" CO2="57683.69" CO="1124.64" HC="6.55" NOx="26.78" PMx="1.46" fuel="24.80" electricity="0.00" noise="122.52" route="routetop" type="cfm-fast" waiting="0.00" lane="top_0" pos="21.13" speed="15.52" angle="236.42" x="21.39" y="117.68"/>
        <vehicle id="cfm-fast_2" eclass="HBEFA3/PC_G_EU4" CO2="57683.98" CO="1124.64" HC="6.55" NOx="26.78" PMx="1.46" fuel="24.80" electricity="0.00" noise="122.52" route="routetop" type="cfm-fast" waiting="0.00" lane="top_1" pos="36.96" speed="15.52" angle="207.97" x="3.76" y="89.68"/>
        <vehicle id="cfm-fast_3" eclass="HBEFA3/PC_G_EU4" CO2="57690.51" CO="1124.77" HC="6.55" NOx="26.78" PMx="1.46" fuel="24.80" electricity="0.00" noise="122.52" route="routetop" type="cfm-fast" waiting="0.00" lane="left_0" pos="2.80" speed="15.53" angle="179.48" x="-4.67" y="57.56"/>
        <vehicle id="cfm-fast_4" eclass="HBEFA3/PC_G_EU4" CO2="57805.02" CO="1126.98" HC="6.56" NOx="26.84" PMx="1.46" fuel="24.85" electricity="0.00" noise="122.54" route="routeleft" type="cfm-fast" waiting="0.00" lane="left_1" pos="18.64" speed="15.56" angle="150.89" x="9.25" y="27.57"/>
        <vehicle id="cfm-fast_5" eclass="HBEFA3/PC_G_EU4" CO2="59263.98" CO="1155.23" HC="6.73" NOx="27.51" PMx="1.50" fuel="25.47" electricity="0.00" noise="122.72" route="routeleft" type="cfm-fast" waiting="0.00" lane="left_0" pos="34.58" speed="15.95" angle="122.31" x="31.68" y="2.96"/>
        <vehicle id="cfm-slow_0" eclass="HBEFA3/PC_G_EU4" CO2="26354.14" CO="492.69" HC="2.89" NOx="12.05" PMx="0.64" fuel="11.33" electricity="0.00" noise="92.22" route="routebottom" type="cfm-slow" waiting="0.00" lane="bottom_0" pos="9.69" speed="13.22" angle="76.97" x="84.28" y="-1.76"/>
        <vehicle id="cfm-slow_1" eclass="HBEFA3/PC_G_EU4" CO2="26357.06" CO="492.75" HC="2.89" NOx="12.05" PMx="0.64" fuel="11.33" electricity="0.00" noise="92.22" route="routebottom" type="cfm-slow" waiting="0.00" lane="bottom_0" pos="25.52" speed="13.22" angle="48.52" x="112.97" y="15.96"/>
        <vehicle id="cfm-slow_2" eclass="HBEFA3/PC_G_EU4" CO2="26388.61" CO="493.39" HC="2.90" NOx="12.07" PMx="0.64" fuel="11.34" electricity="0.00" noise="92.26" route="routebottom" type="cfm-slow" waiting="0.00" lane="bottom_0" pos="41.36" speed="13.22" angle="20.09" x="129.74" y="45.21"/>
        <vehicle id="cfm-slow_3" eclass="HBEFA3/PC_G_EU4" CO2="26727.23" CO="500.29" HC="2.94" NOx="12.23" PMx="0.65" fuel="11.49" electricity="0.00" noise="92.67" route="routebottom" type="cfm-slow" waiting="0.00" lane="right_0" pos="7.19" speed="13.23" angle="351.45" x="130.50" y="79.10"/>
        <vehicle id="cfm-slow_4" eclass="HBEFA3/PC_G_EU4" CO2="30102.03" CO="568.99" HC="3.33" NOx="13.82" PMx="0.74" fuel="12.94" electricity="0.00" noise="96.70" route="routeright" type="cfm-slow" waiting="0.00" lane="right_0" pos="23.04" speed="13.35" angle="322.98" x="115.07" y="109.11"/>
        <vehicle id="cfm-slow_5" eclass="HBEFA3/PC_G_EU4" CO2="53900.53" CO="1052.06" HC="6.12" NOx="25.02" PMx="1.36" fuel="23.17" electricity="0.00" noise="122.05" route="routeright" type="cfm-slow" waiting="0.00" lane="right_0" pos="39.03" speed="14.49" angle="294.31" x="86.90" y="128.21"/>
    </timestep>
    <timestep time="1.18">
        <vehicle id="cfm-fast_0" eclass="HBEFA3/PC_G_EU4" CO2="58184.08" CO="1134.31" HC="6.61" NOx="27.01" PMx="1.47" fuel="25.01" electricity="0.00" noise="122.59" route="routetop" type="cfm-fast" waiting="0.00" lane="top_1" pos="5.45" speed="15.66" angle="264.69" x="52.50" y="128.01"/>
        <vehicle id="cfm-fast_1" eclass="HBEFA3/PC_G_EU4" CO2="58184.09" CO="1134.31" HC="6.61" NOx="27.01" PMx="1.47" fuel="25.01" electricity="0.00" noise="122.59" route="routetop" type="cfm-fast" waiting="0.00" lane="top_0" pos="21.29" speed="15.66" angle="236.14" x="21.12" y="117.47"/>
        <vehicle id="cfm-fast_2" eclass="HBEFA3/PC_G_EU4" CO2="58184.38" CO="1134.31" HC="6.61" NOx="27.01" PMx="1.47" fuel="25.01" electricity="0.00" noise="122.59" route="routetop" type="cfm-fast" waiting="0.00" lane="top_1" pos="37.12" speed="15.66" angle="207.71" x="3.63" y="89.38"/>
        <vehicle id="cfm-fast_3" eclass="HBEFA3/PC_G_EU4" CO2="58190.92" CO="1134.44" HC="6.61" NOx="27.01" PMx="1.47" fuel="25.01" electricity="0.00" noise="122.59" route="routetop" type="cfm-fast" waiting="0.00" lane="left_0" pos="2.95" speed="15.66" angle="179.20" x="-4.64" y="57.22"/>
        <vehicle id="cfm-fast_4" eclass="HBEFA3/PC_G_EU4" CO2="58305.49" CO="1136.65" HC="6.62" NOx="27.07" PMx="1.47" fuel="25.06" electricity="0.00" noise="122.60" route="routeleft" type="cfm-fast" waiting="0.00" lane="left_1" pos="18.80" speed="15.69" angle="150.59" x="9.43" y="27.30"/>
        <vehicle id="cfm-fast_5" eclass="HBEFA3/PC_G_EU4" CO2="59765.30" CO="1164.96" HC="6.78" NOx="27.75" PMx="1.51" fuel="25.69" electricity="0.00" noise="122.78" route="routeleft" type="cfm-fast" waiting="0.00" lane="left_0" pos="34.74" speed="16.09" angle="122.04" x="31.99" y="2.80"/>
        <vehicle id="cfm-slow_0" eclass="HBEFA3/PC_G_EU4" CO2="26265.69" CO="490.41" HC="2.88" NOx="12.01" PMx="0.64" fuel="11.29" electricity="0.00" noise="91.97" route="routebottom" type="cfm-slow" waiting="0.00" lane="bottom_0" pos="9.82" speed="13.29" angle="76.72" x="84.56" y="-1.68"/>
        <vehicle id="cfm-slow_1" eclass="HBEFA3/PC_G_EU4" CO2="26268.89" CO="490.48" HC="2.88" NOx="12.01" PMx="0.64" fuel="11.29" electricity="0.00" noise="91.97" route="routebottom" type="cfm-slow" waiting="0.00" lane="bottom_0" pos="25.66" speed="13.29" angle="48.32" x="113.17" y="16.16"/>
        <vehicle id="cfm-slow_2" eclass="HBEFA3/PC_G_EU4" CO2="26303.44" CO="491.18" HC="2.88" NOx="12.03" PMx="0.64" fuel="11.31" electricity="0.00" noise="92.02" route="routebottom" type="cfm-slow" waiting="0.00" lane="bottom_0" pos="41.49" speed="13.29" angle="19.85" x="129.81" y="45.48"/>
        <vehicle id="cfm-slow_3" eclass="HBEFA3/PC_G_EU4" CO2="26671.54" CO="498.68" HC="2.93" NOx="12.20" PMx="0.65" fuel="11.46" electricity="0.00" noise="92.46" route="routebottom" type="cfm-slow" waiting="0.00" lane="right_0" pos="7.33" speed="13.30" angle="351.20" x="130.44" y="79.38"/>
        <vehicle id="cfm-slow_4" eclass="HBEFA3/PC_G_EU4" CO2="30236.34" CO="571.24" HC="3.35" NOx="13.88" PMx="0.74" fuel="13.00" electricity="0.00" noise="96.69" route="routeright" type="cfm-slow" waiting="0.00" lane="right_0" pos="23.17" speed="13.43" angle="322.76" x="114.87" y="109.32"/>
        <vehicle id="cfm-slow_5" eclass="HBEFA3/PC_G_EU4" CO2="54398.72" CO="1061.56" HC="6.18" NOx="25.25" PMx="1.37" fuel="23.38" electricity="0.00" noise="122.11" route="routeright" type="cfm-slow" waiting="0.00" lane="right_0" pos="39.17" speed="14.63" angle="294.04" x="86.60" y="128.31"/>
    </timestep>
    <timestep time="1.19">
        <vehicle id="cfm-fast_0" eclass="HBEFA3/PC_G_EU4" CO2="58684.78" CO="1144.00" HC="6.66" NOx="27.24" PMx="1.48" fuel="25.23" electricity="0.00" noise="122.65" route="routetop" type="cfm-fast" waiting="0.00" lane="top_1" pos="5.61" speed="15.80" angle="264.40" x="52.18" y="127.95"/>
        <vehicle id="cfm-fast_1" eclass="HBEFA3/PC_G_EU4" CO2="58684.79" CO="1144.00" HC="6.66" NOx="27.24" PMx="1.48" fuel="25.23" electricity="0.00" noise="122.65" route="routetop" type="cfm-fast" waiting="0.00" lane="top_0" pos="21.45" speed="15.80" angle="235.85" x="20.86" y="117.26"/>
        <vehicle id="cfm-fast_2" eclass="HBEFA3/PC_G_EU4" CO2="58685.07" CO="1144.00" HC="6.66" NOx="27.24" PMx="1.48" fuel="25.23" electricity="0.00" noise="122.65" route="routetop" type="cfm-fast" waiting="0.00" lane="top_1" pos="37.28" speed="15.80" angle="207.45" x="3.50" y="89.09"/>
        <vehicle id="cfm-fast_3" eclass="HBEFA3/PC_G_EU4" CO2="58691.61" CO="1144.13" HC="6.66" NOx="27.25" PMx="1.48" fuel="25.23" electricity="0.00" noise="122.65" route="routetop" type="cfm-fast" waiting="0.00" lane="left_0" pos="3.11" speed="15.80" angle="178.91" x="-4.60" y="56.88"/>
        <vehicle id="cfm-fast_4" eclass="HBEFA3/PC_G_EU4" CO2="58806.25" CO="1146.35" HC="6.68" NOx="27.30" PMx="1.48" fuel="25.28" electricity="0.00" noise="122.66" route="routeleft" type="cfm-fast" waiting="0.00" lane="left_1" pos="18.95" speed="15.83" angle="150.29" x="9.61" y="27.03"/>
        <vehicle id="cfm-fast_5" eclass="HBEFA3/PC_G_EU4" CO2="60266.91" CO="1174.72" HC="6.84" NOx="27.98" PMx="1.52" fuel="25.91" electricity="0.00" noise="122.85" route="routeleft" type="cfm-fast" waiting="0.00" lane="left_0" pos="34.90" speed="16.23" angle="121.74" x="32.30" y="2.65"/>
        <vehicle id="cfm-slow_0" eclass="HBEFA3/PC_G_EU4" CO2="26175.87" CO="488.11" HC="2.87" NOx="11.97" PMx="0.63" fuel="11.25" electricity="0.00" noise="91.72" route="routebottom" type="cfm-slow" waiting="0.00" lane="bottom_0" pos="9.96" speed="13.36" angle="76.47" x="84.83" y="-1.60"/>
        <vehicle id="cfm-slow_1" eclass="HBEFA3/PC_G_EU4" CO2="26179.37" CO="488.18" HC="2.87" NOx="11.97" PMx="0.63" fuel="11.25" electricity="0.00" noise="91.73" route="routebottom" type="cfm-slow" waiting="0.00" lane="bottom_0" pos="25.79" speed="13.36" angle="48.08" x="113.36" y="16.37"/>
        <vehicle id="cfm-slow_2" eclass="HBEFA3/PC_G_EU4" CO2="26217.17" CO="488.95" HC="2.87" NOx="11.98" PMx="0.64" fuel="11.27" electricity="0.00" noise="91.77" route="routebottom" type="cfm-slow" waiting="0.00" lane="bottom_0" pos="41.62" speed="13.36" angle="19.60" x="129.89" y="45.76"/>
        <vehicle id="cfm-slow_3" eclass="HBEFA3/PC_G_EU4" CO2="26616.32" CO="497.09" HC="2.92" NOx="12.17" PMx="0.65" fuel="11.44" electricity="0.00" noise="92.25" route="routebottom" type="cfm-slow" waiting="0.00" lane="right_0" pos="7.46" speed="13.37" angle="350.95" x="130.38" y="79.66"/>
        <vehicle id="cfm-slow_4" eclass="HBEFA3/PC_G_EU4" CO2="30372.58" CO="573.53" HC="3.36" NOx="13.94" PMx="0.74" fuel="13.06" electricity="0.00" noise="96.68" route="routeright" type="cfm-slow" waiting="0.00" lane="right_0" pos="23.31" speed="13.51" angle="322.51" x="114.67" y="109.53"/>
        <vehicle id="cfm-slow_5" eclass="HBEFA3/PC_G_EU4" CO2="54897.20" CO="1071.09" HC="6.24" NOx="25.48" PMx="1.38" fuel="23.60" electricity="0.00" noise="122.17" route="routeright" type="cfm-slow" waiting="0.00" lane="right_0" pos="39.32" speed="14.76" angle="293.77" x="86.30" y="128.42"/>
    </timestep>
    <timestep time="1.20">
        <vehicle id="cfm-fast_0" eclass="HBEFA3/PC_G_EU4" CO2="59185.76" CO="1153.71" HC="6.72" NOx="27.48" PMx="1.49" fuel="25.44" electricity="0.00" noise="122.71" route="routetop" type="cfm-fast" waiting="0.00" lane="top_1" pos="5.77" speed="15.93" angle="264.11" x="51.86" y="127.89"/>
        <vehicle id="cfm-fast_1" eclass="HBEFA3/PC_G_EU4" CO2="59185.77" CO="1153.71" HC="6.72" NOx="27.48" PMx="1.49" fuel="25.44" electricity="0.00" noise="122.71" route="routetop" type="cfm-fast" waiting="0.00" lane="top_0" pos="21.61" speed="15.93" angle="235.55" x="20.59" y="117.05"/>
        <vehicle id="cfm-fast_2" eclass="HBEFA3/PC_G_EU4" CO2="59186.06" CO="1153.71" HC="6.72" NOx="27.48" PMx="1.49" fuel="25.44" electricity="0.00" noise="122.71" route="routetop" type="cfm-fast" waiting="0.00" lane="top_1" pos="37.44" speed="15.93" angle="207.14" x="3.38" y="88.78"/>
        <vehicle id="cfm-fast_3" eclass="HBEFA3/PC_G_EU4" CO2="59192.60" CO="1153.84" HC="6.72" NOx="27.48" PMx="1.49" fuel="25.44" electricity="0.00" noise="122.71" route="routetop" type="cfm-fast" waiting="0.00" lane="left_0" pos="3.27" speed="15.94" angle="178.63" x="-4.57" y="56.54"/>
        <vehicle id="cfm-fast_4" eclass="HBEFA3/PC_G_EU4" CO2="59307.31" CO="1156.07" HC="6.73" NOx="27.53" PMx="1.50" fuel="25.49" electricity="0.00" noise="122.73" route="routeleft" type="cfm-fast" waiting="0.00" lane="left_1" pos="19.11" speed="15.97" angle="150.00" x="9.79" y="26.76"/>
        <vehicle id="cfm-fast_5" eclass="HBEFA3/PC_G_EU4" CO2="60593.39" CO="1180.89" HC="6.88" NOx="28.13" PMx="1.53" fuel="26.05" electricity="0.00" noise="122.73" route="routeleft" type="cfm-fast" waiting="0.00" lane="left_0" pos="35.07" speed="16.36" angle="121.43" x="32.61" y="2.49"/>
        <vehicle id="cfm-slow_0" eclass="HBEFA3/PC_G_EU4" CO2="26084.72" CO="485.79" HC="2.85" NOx="11.92" PMx="0.63" fuel="11.21" electricity="0.00" noise="91.48" route="routebottom" type="cfm-slow" waiting="0.00" lane="bottom_0" pos="10.09" speed="13.42" angle="76.23" x="85.11" y="-1.51"/>
        <vehicle id="cfm-slow_1" eclass="HBEFA3/PC_G_EU4" CO2="26088.55" CO="485.87" HC="2.85" NOx="11.92" PMx="0.63" fuel="11.21" electricity="0.00" noise="91.49" route="routebottom" type="cfm-slow" waiting="0.00" lane="bottom_0" pos="25.92" speed="13.42" angle="47.84" x="113.56" y="16.58"/>
        <vehicle id="cfm-slow_2" eclass="HBEFA3/PC_G_EU4" CO2="26129.87" CO="486.71" HC="2.86" NOx="11.94" PMx="0.63" fuel="11.23" electricity="0.00" noise="91.54" route="routebottom" type="cfm-slow" waiting="0.00" lane="bottom_0" pos="41.76" speed="13.42" angle="19.36" x="129.96" y="46.04"/>
        <vehicle id="cfm-slow_3" eclass="HBEFA3/PC_G_EU4" CO2="26561.65" CO="495.51" HC="2.91" NOx="12.15" PMx="0.64" fuel="11.42" electricity="0.00" noise="92.05" route="routebottom" type="cfm-slow" waiting="0.00" lane="right_0" pos="7.59" speed="13.44" angle="350.73" x="130.31" y="79.94"/>
        <vehicle id="cfm-slow_4" eclass="HBEFA3/PC_G_EU4" CO2="30510.78" CO="575.87" HC="3.37" NOx="14.00" PMx="0.75" fuel="13.12" electricity="0.00" noise="96.67" route="routeright" type="cfm-slow" waiting="0.00" lane="right_0" pos="23.45" speed="13.59" angle="322.27" x="114.48" y="109.75"/>
        <vehicle id="cfm-slow_5" eclass="HBEFA3/PC_G_EU4" CO2="55395.97" CO="1080.64" HC="6.29" NOx="25.71" PMx="1.40" fuel="23.81" electricity="0.00" noise="122.24" route="routeright" type="cfm-slow" waiting="0.00" lane="right_0" pos="39.47" speed="14.90" angle="293.50" x="86.00" y="128.53"/>
    </timestep>
    <timestep time="1.21">
        <vehicle id="cfm-fast_0" eclass="HBEFA3/PC_G_EU4" CO2="59687.03" CO="1163.44" HC="6.78" NOx="27.71" PMx="1.51" fuel="25.66" electricity="0.00" noise="122.77" route="routetop" type="cfm-fast" waiting="0.00" lane="top_1" pos="5.93" speed="16.07" angle="263.82" x="51.54" y="127.83"/>
        <vehicle id="cfm-fast_1" eclass="HBEFA3/PC_G_EU4" CO2="59687.04" CO="1163.44" HC="6.78" NOx="27.71" PMx="1.51" fuel="25.66" electricity="0.00" noise="122.77" route="routetop" type="cfm-fast" waiting="0.00" lane="top_0" pos="21.77" speed="16.07" angle="235.30" x="20.32" y="116.84"/>
        <vehicle id="cfm-fast_2" eclass="HBEFA3/PC_G_EU4" CO2="59687.33" CO="1163.45" HC="6.78" NOx="27.71" PMx="1.51" fuel="25.66" electricity="0.00" noise="122.77" route="routetop" type="cfm-fast" waiting="0.00" lane="top_1" pos="37.60" speed="16.07" angle="206.84" x="3.26" y="88.48"/>
        <vehicle id="cfm-fast_3" eclass="HBEFA3/PC_G_EU4" CO2="59693.88" CO="1163.57" HC="6.78" NOx="27.71" PMx="1.51" fuel="25.66" electricity="0.00" noise="122.77" route="routetop" type="cfm-fast" waiting="0.00" lane="left_0" pos="3.43" speed="16.07" angle="178.34" x="-4.53" y="56.20"/>
        <vehicle id="cfm-fast_4" eclass="HBEFA3/PC_G_EU4" CO2="59808.65" CO="1165.81" HC="6.79" NOx="27.77" PMx="1.51" fuel="25.71" electricity="0.00" noise="122.79" route="routeleft" type="cfm-fast" waiting="0.00" lane="left_1" pos="19.28" speed="16.10" angle="149.75" x="9.97" y="26.49"/>
        <vehicle id="cfm-fast_5" eclass="HBEFA3/PC_G_EU4" CO2="60172.70" CO="1171.70" HC="6.83" NOx="27.93" PMx="1.52" fuel="25.87" electricity="0.00" noise="121.86" route="routeleft" type="cfm-fast" waiting="0.00" lane="left_0" pos="35.23" speed="16.50" angle="121.13" x="32.93" y="2.33"/>
        <vehicle id="cfm-slow_0" eclass="HBEFA3/PC_G_EU4" CO2="25992.29" CO="483.46" HC="2.84" NOx="11.88" PMx="0.63" fuel="11.17" electricity="0.00" noise="91.24" route="routebottom" type="cfm-slow" waiting="0.00" lane="bottom_0" pos="10.23" speed="13.49" angle="76.05" x="85.39" y="-1.42"/>
        <vehicle id="cfm-slow_1" eclass="HBEFA3/PC_G_EU4" CO2="25996.49" CO="483.54" HC="2.84" NOx="11.88" PMx="0.63" fuel="11.17" electricity="0.00" noise="91.25" route="routebottom" type="cfm-slow" waiting="0.00" lane="bottom_0" pos="26.06" speed="13.49" angle="47.59" x="113.76" y="16.80"/>
        <vehicle id="cfm-slow_2" eclass="HBEFA3/PC_G_EU4" CO2="26041.61" CO="484.46" HC="2.85" NOx="11.90" PMx="0.63" fuel="11.19" electricity="0.00" noise="91.30" route="routebottom" type="cfm-slow" waiting="0.00" lane="bottom_0" pos="41.89" speed="13.49" angle="19.11" x="130.03" y="46.32"/>
        <vehicle id="cfm-slow_3" eclass="HBEFA3/PC_G_EU4" CO2="26507.58" CO="493.96" HC="2.90" NOx="12.12" PMx="0.64" fuel="11.39" electricity="0.00" noise="91.85" route="routebottom" type="cfm-slow" waiting="0.00" lane="right_0" pos="7.73" speed="13.51" angle="350.52" x="130.24" y="80.22"/>
        <vehicle id="cfm-slow_4" eclass="HBEFA3/PC_G_EU4" CO2="30650.94" CO="578.26" HC="3.39" NOx="14.07" PMx="0.75" fuel="13.18" electricity="0.00" noise="96.67" route="routeright" type="cfm-slow" waiting="0.00" lane="right_0" pos="23.58" speed="13.67" angle="322.02" x="114.28" y="109.96"/>
        <vehicle id="cfm-slow_5" eclass="HBEFA3/PC_G_EU4" CO2="55895.03" CO="1090.21" HC="6.35" NOx="25.95" PMx="1.41" fuel="24.03" electricity="0.00" noise="122.30" route="routeright" type="cfm-slow" waiting="0.00" lane="right_0" pos="39.62" speed="15.04" angle="293.23" x="85.70" y="128.64"/>
    </timestep>
    <timestep time="1.22">
        <vehicle id="cfm-fast_0" eclass="HBEFA3/PC_G_EU4" CO2="60188.60" CO="1173.20" HC="6.83" NOx="27.94" PMx="1.52" fuel="25.87" electricity="0.00" noise="122.84" route="routetop" type="cfm-fast" waiting="0.00" lane="top_1" pos="6.09" speed="16.21" angle="263.52" x="51.21" y="127.77"/>
        <vehicle id="cfm-fast_1" eclass="HBEFA3/PC_G_EU4" CO2="60188.61" CO="1173.20" HC="6.83" NOx="27.94" PMx="1.52" fuel="25.87" electricity="0.00" noise="122.84" route="routetop" type="cfm-fast" waiting="0.00" lane="top_0" pos="21.93" speed="16.21" angle="235.01" x="20.05" y="116.61"/>
        <vehicle id="cfm-fast_2" eclass="HBEFA3/PC_G_EU4" CO2="60188.90" CO="1173.20" HC="6.83" NOx="27.94" PMx="1.52" fuel="25.87" electricity="0.00" noise="122.84" route="routetop" type="cfm-fast" waiting="0.00" lane="top_1" pos="37.76" speed="16.21" angle="206.53" x="3.14" y="88.17"/>
        <vehicle id="cfm-fast_3" eclass="HBEFA3/PC_G_EU4" CO2="60195.45" CO="1173.33" HC="6.83" NOx="27.95" PMx="1.52" fuel="25.87" electricity="0.00" noise="122.84" route="routetop" type="cfm-fast" waiting="0.00" lane="left_0" pos="3.59" speed="16.21" angle="178.05" x="-4.50" y="55.85"/>
        <vehicle id="cfm-fast_4" eclass="HBEFA3/PC_G_EU4" CO2="60310.29" CO="1175.57" HC="6.85" NOx="28.00" PMx="1.52" fuel="25.92" electricity="0.00" noise="122.85" route="routeleft" type="cfm-fast" waiting="0.00" lane="left_1" pos="19.44" speed="16.24" angle="149.45" x="10.17" y="26.21"/>
        <vehicle id="cfm-fast_5" eclass="HBEFA3/PC_G_EU4" CO2="59741.68" CO="1162.32" HC="6.77" NOx="27.72" PMx="1.51" fuel="25.68" electricity="0.00" noise="121.00" route="routeleft" type="cfm-fast" waiting="0.00" lane="left_0" pos="35.40" speed="16.63" angle="120.82" x="33.25" y="2.17"/>
        <vehicle id="cfm-slow_0" eclass="HBEFA3/PC_G_EU4" CO2="25898.63" CO="481.10" HC="2.83" NOx="11.83" PMx="0.63" fuel="11.13" electricity="0.00" noise="91.00" route="routebottom" type="cfm-slow" waiting="0.00" lane="bottom_0" pos="10.36" speed="13.56" angle="75.80" x="85.66" y="-1.33"/>
        <vehicle id="cfm-slow_1" eclass="HBEFA3/PC_G_EU4" CO2="25903.23" CO="481.20" HC="2.83" NOx="11.83" PMx="0.63" fuel="11.13" electricity="0.00" noise="91.01" route="routebottom" type="cfm-slow" waiting="0.00" lane="bottom_0" pos="26.20" speed="13.56" angle="47.34" x="113.95" y="17.01"/>
        <vehicle id="cfm-slow_2" eclass="HBEFA3/PC_G_EU4" CO2="25952.45" CO="482.20" HC="2.83" NOx="11.85" PMx="0.63" fuel="11.16" electricity="0.00" noise="91.07" route="routebottom" type="cfm-slow" waiting="0.00" lane="bottom_0" pos="42.03" speed="13.56" angle="18.86" x="130.11" y="46.60"/>
        <vehicle id="cfm-slow_3" eclass="HBEFA3/PC_G_EU4" CO2="26454.18" CO="492.42" HC="2.89" NOx="12.09" PMx="0.64" fuel="11.37" electricity="0.00" noise="91.66" route="routebottom" type="cfm-slow" waiting="0.00" lane="right_0" pos="7.86" speed="13.58" angle="350.27" x="130.17" y="80.50"/>
        <vehicle id="cfm-slow_4" eclass="HBEFA3/PC_G_EU4" CO2="30793.09" CO="580.69" HC="3.40" NOx="14.13" PMx="0.75" fuel="13.24" electricity="0.00" noise="96.67" route="routeright" type="cfm-slow" waiting="0.00" lane="right_0" pos="23.72" speed="13.75" angle="321.78" x="114.08" y="110.18"/>
        <vehicle id="cfm-slow_5" eclass="HBEFA3/PC_G_EU4" CO2="56394.39" CO="1099.80" HC="6.40" NOx="26.18" PMx="1.42" fuel="24.24" electricity="0.00" noise="122.36" route="routeright" type="cfm-slow" waiting="0.00" lane="right_0" pos="39.77" speed="15.17" angle="293.02" x="85.39" y="128.75"/>
    </timestep>
    <timestep time="1.23">
        <vehicle id="cfm-fast_0" eclass="HBEFA3/PC_G_EU4" CO2="60690.46" CO="1182.97" HC="6.89" NOx="28.18" PMx="1.53" fuel="26.09" electricity="0.00" noise="122.90" route="routetop" type="cfm-fast" waiting="0.00" lane="top_1" pos="6.26" speed="16.34" angle="263.22" x="50.88" y="127.71"/>
        <vehicle id="cfm-fast_1" eclass="HBEFA3/PC_G_EU4" CO2="60690.47" CO="1182.97" HC="6.89" NOx="28.18" PMx="1.53" fuel="26.09" electricity="0.00" noise="122.90" route="routetop" type="cfm-fast" waiting="0.00" lane="top_0" pos="22.09" speed="16.34" angle="234.70" x="19.78" y="116.39"/>
        <vehicle id="cfm-fast_2" eclass="HBEFA3/PC_G_EU4" CO2="60690.76" CO="1182.98" HC="6.89" NOx="28.18" PMx="1.53" fuel="26.09" electricity="0.00" noise="122.90" route="routetop" type="cfm-fast" waiting="0.00" lane="top_1" pos="37.92" speed="16.34" angle="206.22" x="3.01" y="87.86"/>
        <vehicle id="cfm-fast_3" eclass="HBEFA3/PC_G_EU4" CO2="60697.31" CO="1183.11" HC="6.89" NOx="28.18" PMx="1.53" fuel="26.09" electricity="0.00" noise="122.90" route="routetop" type="cfm-fast" waiting="0.00" lane="left_0" pos="3.76" speed="16.34" angle="177.76" x="-4.46" y="55.50"/>
        <vehicle id="cfm-fast_4" eclass="HBEFA3/PC_G_EU4" CO2="60812.22" CO="1185.35" HC="6.90" NOx="28.23" PMx="1.54" fuel="26.14" electricity="0.00" noise="122.91" route="routeleft" type="cfm-fast" waiting="0.00" lane="left_1" pos="19.60" speed="16.38" angle="149.15" x="10.36" y="25.94"/>
        <vehicle id="cfm-fast_5" eclass="HBEFA3/PC_G_EU4" CO2="59300.92" CO="1152.76" HC="6.72" NOx="27.51" PMx="1.50" fuel="25.49" electricity="0.00" noise="120.15" route="routeleft" type="cfm-fast" waiting="0.00" lane="left_0" pos="35.57" speed="16.76" angle="120.51" x="33.57" y="2.01"/>
        <vehicle id="cfm-slow_0" eclass="HBEFA3/PC_G_EU4" CO2="25803.80" CO="478.73" HC="2.81" NOx="11.78" PMx="0.62" fuel="11.09" electricity="0.00" noise="90.76" route="routebottom" type="cfm-slow" waiting="0.00" lane="bottom_0" pos="10.50" speed="13.62" angle="75.54" x="85.94" y="-1.23"/>
        <vehicle id="cfm-slow_1" eclass="HBEFA3/PC_G_EU4" CO2="25808.83" CO="478.84" HC="2.82" NOx="11.79" PMx="0.62" fuel="11.09" electricity="0.00" noise="90.77" route="routebottom" type="cfm-slow" waiting="0.00" lane="bottom_0" pos="26.33" speed="13.62" angle="47.09" x="114.15" y="17.23"/>
        <vehicle id="cfm-slow_2" eclass="HBEFA3/PC_G_EU4" CO2="25862.45" CO="479.93" HC="2.82" NOx="11.81" PMx="0.63" fuel="11.12" electricity="0.00" noise="90.83" route="routebottom" type="cfm-slow" waiting="0.00" lane="bottom_0" pos="42.17" speed="13.63" angle="18.62" x="130.19" y="46.89"/>
        <vehicle id="cfm-slow_3" eclass="HBEFA3/PC_G_EU4" CO2="26401.51" CO="490.91" HC="2.88" NOx="12.06" PMx="0.64" fuel="11.35" electricity="0.00" noise="91.47" route="routebottom" type="cfm-slow" waiting="0.00" lane="right_0" pos="8.00" speed="13.64" angle="350.02" x="130.09" y="80.79"/>
        <vehicle id="cfm-slow_4" eclass="HBEFA3/PC_G_EU4" CO2="30937.24" CO="583.17" HC="3.42" NOx="14.20" PMx="0.76" fuel="13.30" electricity="0.00" noise="96.67" route="routeright" type="cfm-slow" waiting="0.00" lane="right_0" pos="23.86" speed="13.83" angle="321.53" x="113.87" y="110.40"/>
        <vehicle id="cfm-slow_5" eclass="HBEFA3/PC_G_EU4" CO2="56894.03" CO="1109.41" HC="6.46" NOx="26.41" PMx="1.43" fuel="24.46" electricity="0.00" noise="122.42" route="routeright" type="cfm-slow" waiting="0.00" lane="right_0" pos="39.92" speed="15.31" angle="292.73" x="85.08" y="128.85"/>
    </timestep>
    <timestep time="1.24">
        <vehicle id="cfm-fast_0" eclass="HBEFA3/PC_G_EU4" CO2="61192.61" CO="1192.77" HC="6.95" NOx="28.41" PMx="1.55" fuel="26.30" electricity="0.00" noise="122.96" route="routetop" type="cfm-fast" waiting="0.00" lane="top_1" pos="6.42" speed="16.48" angle="262.97" x="50.55" y="127.65"/>
        <vehicle id="cfm-fast_1" eclass="HBEFA3/PC_G_EU4" CO2="61192.62" CO="1192.77" HC="6.95" NOx="28.41" PMx="1.55" fuel="26.30" electricity="0.00" noise="122.96" route="routetop" type="cfm-fast" waiting="0.00" lane="top_0" pos="22.26" speed="16.48" angle="234.39" x="19.51" y="116.16"/>
        <vehicle id="cfm-fast_2" eclass="HBEFA3/PC_G_EU4" CO2="61192.91" CO="1192.78" HC="6.95" NOx="28.41" PMx="1.55" fuel="26.30" electricity="0.00" noise="122.96" route="routetop" type="cfm-fast" waiting="0.00" lane="top_1" pos="38.09" speed="16.48" angle="205.91" x="2.89" y="87.54"/>
        <vehicle id="cfm-fast_3" eclass="HBEFA3/PC_G_EU4" CO2="61199.47" CO="1192.91" HC="6.95" NOx="28.41" PMx="1.55" fuel="26.31" electricity="0.00" noise="122.96" route="routetop" type="cfm-fast" waiting="0.00" lane="left_0" pos="3.92" speed="16.48" angle="177.48" x="-4.42" y="55.15"/>
        <vehicle id="cfm-fast_4" eclass="HBEFA3/PC_G_EU4" CO2="61314.44" CO="1195.15" HC="6.96" NOx="28.47" PMx="1.55" fuel="26.36" electricity="0.00" noise="122.98" route="routeleft" type="cfm-fast" waiting="0.00" lane="left_1" pos="19.77" speed="16.51" angle="148.85" x="10.56" y="25.67"/>
        <vehicle id="cfm-fast_5" eclass="HBEFA3/PC_G_EU4" CO2="58850.95" CO="1143.04" HC="6.66" NOx="27.30" PMx="1.49" fuel="25.30" electricity="0.00" noise="119.31" route="routeleft" type="cfm-fast" waiting="0.00" lane="left_0" pos="35.73" speed="16.89" angle="120.20" x="33.90" y="1.85"/>
        <vehicle id="cfm-slow_0" eclass="HBEFA3/PC_G_EU4" CO2="25707.84" CO="476.35" HC="2.80" NOx="11.74" PMx="0.62" fuel="11.05" electricity="0.00" noise="90.53" route="routebottom" type="cfm-slow" waiting="0.00" lane="bottom_0" pos="10.64" speed="13.69" angle="75.29" x="86.21" y="-1.13"/>
        <vehicle id="cfm-slow_1" eclass="HBEFA3/PC_G_EU4" CO2="25713.34" CO="476.46" HC="2.80" NOx="11.74" PMx="0.62" fuel="11.05" electricity="0.00" noise="90.54" route="routebottom" type="cfm-slow" waiting="0.00" lane="bottom_0" pos="26.47" speed="13.69" angle="46.84" x="114.35" y="17.44"/>
        <vehicle id="cfm-slow_2" eclass="HBEFA3/PC_G_EU4" CO2="25771.69" CO="477.65" HC="2.81" NOx="11.77" PMx="0.62" fuel="11.08" electricity="0.00" noise="90.61" route="routebottom" type="cfm-slow" waiting="0.00" lane="bottom_0" pos="42.30" speed="13.69" angle="18.41" x="130.26" y="47.17"/>
        <vehicle id="cfm-slow_3" eclass="HBEFA3/PC_G_EU4" CO2="26349.64" CO="489.42" HC="2.88" NOx="12.04" PMx="0.64" fuel="11.33" electricity="0.00" noise="91.28" route="routebottom" type="cfm-slow" waiting="0.00" lane="right_0" pos="8.14" speed="13.71" angle="349.77" x="130.02" y="81.07"/>
        <vehicle id="cfm-slow_4" eclass="HBEFA3/PC_G_EU4" CO2="31083.40" CO="585.69" HC="3.43" NOx="14.27" PMx="0.76" fuel="13.36" electricity="0.00" noise="96.68" route="routeright" type="cfm-slow" waiting="0.00" lane="right_0" pos="24.00" speed="13.91" angle="321.28" x="113.67" y="110.62"/>
        <vehicle id="cfm-slow_5" eclass="HBEFA3/PC_G_EU4" CO2="57393.97" CO="1119.05" HC="6.52" NOx="26.64" PMx="1.45" fuel="24.67" electricity="0.00" noise="122.49" route="routeright" type="cfm-slow" waiting="0.00" lane="right_0" pos="40.08" speed="15.45" angle="292.44" x="84.76" y="128.95"/>
    </timestep>
    <timestep time="1.25">
        <vehicle id="cfm-fast_0" eclass="HBEFA3/PC_G_EU4" CO2="61695.05" CO="1202.59" HC="7.00" NOx="28.65" PMx="1.56" fuel="26.52" electricity="0.00" noise="123.02" route="routetop" type="cfm-fast" waiting="0.00" lane="top_1" pos="6.59" speed="16.62" angle="262.65" x="50.22" y="127.57"/>
        <vehicle id="cfm-fast_1" eclass="HBEFA3/PC_G_EU4" CO2="61695.06" CO="1202.59" HC="7.00" NOx="28.65" PMx="1.56" fuel="26.52" electricity="0.00" noise="123.02" route="routetop" type="cfm-fast" waiting="0.00" lane="top_0" pos="22.42" speed="16.62" angle="234.08" x="19.24" y="115.93"/>
        <vehicle id="cfm-fast_2" eclass="HBEFA3/PC_G_EU4" CO2="61695.35" CO="1202.60" HC="7.00" NOx="28.65" PMx="1.56" fuel="26.52" electricity="0.00" noise="123.02" route="routetop" type="cfm-fast" waiting="0.00" lane="top_1" pos="38.26" speed="16.62" angle="205.60" x="2.76" y="87.23"/>
        <vehicle id="cfm-fast_3" eclass="HBEFA3/PC_G_EU4" CO2="61701.92" CO="1202.73" HC="7.00" NOx="28.65" PMx="1.56" fuel="26.52" electricity="0.00" noise="123.03" route="routetop" type="cfm-fast" waiting="0.00" lane="left_0" pos="4.09" speed="16.62" angle="177.18" x="-4.37" y="54.80"/>
        <vehicle id="cfm-fast_4" eclass="HBEFA3/PC_G_EU4" CO2="61816.96" CO="1204.98" HC="7.02" NOx="28.70" PMx="1.56" fuel="26.57" electricity="0.00" noise="123.04" route="routeleft" type="cfm-fast" waiting="0.00" lane="left_1" pos="19.93" speed="16.65" angle="148.55" x="10.76" y="25.39"/>
        <vehicle id="cfm-fast_5" eclass="HBEFA3/PC_G_EU4" CO2="58392.31" CO="1133.15" HC="6.61" NOx="27.08" PMx="1.47" fuel="25.10" electricity="0.00" noise="118.48" route="routeleft" type="cfm-fast" waiting="0.00" lane="left_0" pos="35.90" speed="17.01" angle="119.94" x="34.22" y="1.68"/>
        <vehicle id="cfm-slow_0" eclass="HBEFA3/PC_G_EU4" CO2="25610.79" CO="473.95" HC="2.79" NOx="11.69" PMx="0.62" fuel="11.01" electricity="0.00" noise="90.30" route="routebottom" type="cfm-slow" waiting="0.00" lane="bottom_0" pos="10.77" speed="13.75" angle="75.03" x="86.49" y="-1.03"/>
        <vehicle id="cfm-slow_1" eclass="HBEFA3/PC_G_EU4" CO2="25616.81" CO="474.07" HC="2.79" NOx="11.69" PMx="0.62" fuel="11.01" electricity="0.00" noise="90.31" route="routebottom" type="cfm-slow" waiting="0.00" lane="bottom_0" pos="26.61" speed="13.75" angle="46.59" x="114.56" y="17.66"/>
        <vehicle id="cfm-slow_2" eclass="HBEFA3/PC_G_EU4" CO2="25680.22" CO="475.36" HC="2.80" NOx="11.72" PMx="0.62" fuel="11.04" electricity="0.00" noise="90.38" route="routebottom" type="cfm-slow" waiting="0.00" lane="bottom_0" pos="42.44" speed="13.76" angle="18.18" x="130.33" y="47.46"/>
        <vehicle id="cfm-slow_3" eclass="HBEFA3/PC_G_EU4" CO2="26298.61" CO="487.96" HC="2.87" NOx="12.01" PMx="0.64" fuel="11.30" electricity="0.00" noise="91.10" route="routebottom" type="cfm-slow" waiting="0.00" lane="right_0" pos="8.28" speed="13.78" angle="349.51" x="129.94" y="81.36"/>
        <vehicle id="cfm-slow_4" eclass="HBEFA3/PC_G_EU4" CO2="31231.59" CO="588.27" HC="3.45" NOx="14.34" PMx="0.77" fuel="13.42" electricity="0.00" noise="96.69" route="routeright" type="cfm-slow" waiting="0.00" lane="right_0" pos="24.14" speed="13.98" angle="321.03" x="113.47" y="110.84"/>
        <vehicle id="cfm-slow_5" eclass="HBEFA3/PC_G_EU4" CO2="57894.20" CO="1128.70" HC="6.57" NOx="26.88" PMx="1.46" fuel="24.89" electricity="0.00" noise="122.55" route="routeright" type="cfm-slow" waiting="0.00" lane="right_0" pos="40.23" speed="15.58" angle="292.14" x="84.44" y="129.05"/>
    </timestep>
    <timestep time="1.26">
        <vehicle id="cfm-fast_0" eclass="HBEFA3/PC_G_EU4" CO2="62197.79" CO="1212.43" HC="7.06" NOx="28.88" PMx="1.57" fuel="26.74" electricity="0.00" noise="123.09" route="routetop" type="cfm-fast" waiting="0.00" lane="top_1" pos="6.76" speed="16.75" angle="262.33" x="49.88" y="127.50"/>
        <vehicle id="cfm-fast_1" eclass="HBEFA3/PC_G_EU4" CO2="62197.80" CO="1212.43" HC="7.06" NOx="28.88" PMx="1.57" fuel="26.74" electricity="0.00" noise="123.09" route="routetop" type="cfm-fast" waiting="0.00" lane="top_0" pos="22.59" speed="16.75" angle="233.77" x="18.96" y="115.70"/>
        <vehicle id="cfm-fast_2" eclass="HBEFA3/PC_G_EU4" CO2="62198.09" CO="1212.44" HC="7.06" NOx="28.88" PMx="1.57" fuel="26.74" electricity="0.00" noise="123.09" route="routetop" type="cfm-fast" waiting="0.00" lane="top_1" pos="38.42" speed="16.75" angle="205.32" x="2.63" y="86.91"/>
        <vehicle id="cfm-fast_3" eclass="HBEFA3/PC_G_EU4" CO2="62204.65" CO="1212.57" HC="7.06" NOx="28.88" PMx="1.57" fuel="26.74" electricity="0.00" noise="123.09" route="routetop" type="cfm-fast" waiting="0.00" lane="left_0" pos="4.26" speed="16.75" angle="176.87" x="-4.32" y="54.44"/>
        <vehicle id="cfm-fast_4" eclass="HBEFA3/PC_G_EU4" CO2="62319.76" CO="1214.82" HC="7.08" NOx="28.94" PMx="1.58" fuel="26.79" electricity="0.00" noise="123.10" route="routeleft" type="cfm-fast" waiting="0.00" lane="left_1" pos="20.10" speed="16.78" angle="148.24" x="10.96" y="25.11"/>
        <vehicle id="cfm-fast_5" eclass="HBEFA3/PC_G_EU4" CO2="57925.51" CO="1123.12" HC="6.55" NOx="26.85" PMx="1.46" fuel="24.90" electricity="0.00" noise="117.66" route="routeleft" type="cfm-fast" waiting="0.00" lane="left_0" pos="36.08" speed="17.14" angle="119.62" x="34.56" y="1.53"/>
        <vehicle id="cfm-slow_0" eclass="HBEFA3/PC_G_EU4" CO2="25512.71" CO="471.53" HC="2.77" NOx="11.64" PMx="0.62" fuel="10.97" electricity="0.00" noise="90.07" route="routebottom" type="cfm-slow" waiting="0.00" lane="bottom_0" pos="10.91" speed="13.82" angle="74.77" x="86.77" y="-0.93"/>
        <vehicle id="cfm-slow_1" eclass="HBEFA3/PC_G_EU4" CO2="25519.28" CO="471.67" HC="2.78" NOx="11.64" PMx="0.62" fuel="10.97" electricity="0.00" noise="90.08" route="routebottom" type="cfm-slow" waiting="0.00" lane="bottom_0" pos="26.74" speed="13.82" angle="46.34" x="114.76" y="17.88"/>
        <vehicle id="cfm-slow_2" eclass="HBEFA3/PC_G_EU4" CO2="25588.09" CO="473.07" HC="2.78" NOx="11.68" PMx="0.62" fuel="11.00" electricity="0.00" noise="90.16" route="routebottom" type="cfm-slow" waiting="0.00" lane="bottom_0" pos="42.58" speed="13.82" angle="17.92" x="130.39" y="47.75"/>
        <vehicle id="cfm-slow_3" eclass="HBEFA3/PC_G_EU4" CO2="26248.49" CO="486.52" HC="2.86" NOx="11.99" PMx="0.64" fuel="11.28" electricity="0.00" noise="90.92" route="routebottom" type="cfm-slow" waiting="0.00" lane="right_0" pos="8.41" speed="13.84" angle="349.26" x="129.86" y="81.65"/>
        <vehicle id="cfm-slow_4" eclass="HBEFA3/PC_G_EU4" CO2="31381.82" CO="590.89" HC="3.46" NOx="14.40" PMx="0.77" fuel="13.49" electricity="0.00" noise="96.70" route="routeright" type="cfm-slow" waiting="0.00" lane="right_0" pos="24.28" speed="14.06" angle="320.79" x="113.26" y="111.06"/>
        <vehicle id="cfm-slow_5" eclass="HBEFA3/PC_G_EU4" CO2="58394.72" CO="1138.38" HC="6.63" NOx="27.11" PMx="1.47" fuel="25.10" electricity="0.00" noise="122.61" route="routeright" type="cfm-slow" waiting="0.00" lane="right_0" pos="40.39" speed="15.72" angle="291.84" x="84.11" y="129.15"/>
    </timestep>
    <timestep time="1.27">
        <vehicle id="cfm-fast_0" eclass="HBEFA3/PC_G_EU4" CO2="62700.82" CO="1222.29" HC="7.12" NOx="29.11" PMx="1.59" fuel="26.95" electricity="0.00" noise="123.15" route="routetop" type="cfm-fast" waiting="0.00" lane="top_1" pos="6.93" speed="16.89" angle="262.00" x="49.54" y="127.42"/>
        <vehicle id="cfm-fast_1" eclass="HBEFA3/PC_G_EU4" CO2="62700.83" CO="1222.29" HC="7.12" NOx="29.11" PMx="1.59" fuel="26.95" electricity="0.00" noise="123.15" route="routetop" type="cfm-fast" waiting="0.00" lane="top_0" pos="22.76" speed="16.89" angle="233.45" x="18.68" y="115.46"/>
        <vehicle id="cfm-fast_2" eclass="HBEFA3/PC_G_EU4" CO2="62701.11" CO="1222.30" HC="7.12" NOx="29.11" PMx="1.59" fuel="26.95" electricity="0.00" noise="123.15" route="routetop" type="cfm-fast" waiting="0.00" lane="top_1" pos="38.59" speed="16.89" angle="205.03" x="2.51" y="86.58"/>
        <vehicle id="cfm-fast_3" eclass="HBEFA3/PC_G_EU4" CO2="62707.69" CO="1222.43" HC="7.12" NOx="29.12" PMx="1.59" fuel="26.95" electricity="0.00" noise="123.15" route="routetop" type="cfm-fast" waiting="0.00" lane="left_0" pos="4.43" speed="16.89" angle="176.57" x="-4.27" y="54.08"/>
        <vehicle id="cfm-fast_4" eclass="HBEFA3/PC_G_EU4" CO2="62822.86" CO="1224.69" HC="7.13" NOx="29.17" PMx="1.59" fuel="27.00" electricity="0.00" noise="123.17" route="routeleft" type="cfm-fast" waiting="0.00" lane="left_1" pos="20.27" speed="16.92" angle="147.93" x="11.16" y="24.83"/>
        <vehicle id="cfm-fast_5" eclass="HBEFA3/PC_G_EU4" CO2="57451.07" CO="1112.95" HC="6.49" NOx="26.63" PMx="1.45" fuel="24.70" electricity="0.00" noise="116.85" route="routeleft" type="cfm-fast" waiting="0.00" lane="left_0" pos="36.25" speed="17.26" angle="119.30" x="34.90" y="1.38"/>
        <vehicle id="cfm-slow_0" eclass="HBEFA3/PC_G_EU4" CO2="25413.63" CO="469.10" HC="2.76" NOx="11.59" PMx="0.61" fuel="10.92" electricity="0.00" noise="89.84" route="routebottom" type="cfm-slow" waiting="0.00" lane="bottom_0" pos="11.05" speed="13.88" angle="74.51" x="87.05" y="-0.83"/>
        <vehicle id="cfm-slow_1" eclass="HBEFA3/PC_G_EU4" CO2="25420.81" CO="469.25" HC="2.76" NOx="11.60" PMx="0.61" fuel="10.93" electricity="0.00" noise="89.85" route="routebottom" type="cfm-slow" waiting="0.00" lane="bottom_0" pos="26.88" speed="13.88" angle="46.13" x="114.96" y="18.10"/>
        <vehicle id="cfm-slow_2" eclass="HBEFA3/PC_G_EU4" CO2="25495.38" CO="470.77" HC="2.77" NOx="11.63" PMx="0.62" fuel="10.96" electricity="0.00" noise="89.93" route="routebottom" type="cfm-slow" waiting="0.00" lane="bottom_0" pos="42.72" speed="13.88" angle="17.67" x="130.46" y="48.04"/>
        <vehicle id="cfm-slow_3" eclass="HBEFA3/PC_G_EU4" CO2="26199.33" CO="485.11" HC="2.85" NOx="11.96" PMx="0.63" fuel="11.26" electricity="0.00" noise="90.75" route="routebottom" type="cfm-slow" waiting="0.00" lane="right_0" pos="8.55" speed="13.91" angle="349.00" x="129.79" y="81.94"/>
        <vehicle id="cfm-slow_4" eclass="HBEFA3/PC_G_EU4" CO2="31534.10" CO="593.56" HC="3.48" NOx="14.47" PMx="0.77" fuel="13.55" electricity="0.00" noise="96.71" route="routeright" type="cfm-slow" waiting="0.00" lane="right_0" pos="24.42" speed="14.14" angle="320.57" x="113.05" y="111.28"/>
        <vehicle id="cfm-slow_5" eclass="HBEFA3/PC_G_EU4" CO2="58895.54" CO="1148.08" HC="6.69" NOx="27.34" PMx="1.49" fuel="25.32" electricity="0.00" noise="122.67" route="routeright" type="cfm-slow" waiting="0.00" lane="right_0" pos="40.55" speed="15.85" angle="291.54" x="83.79" y="129.25"/>
    </timestep>
    <timestep time="1.28">
        <vehicle id="cfm-fast_0" eclass="HBEFA3/PC_G_EU4" CO2="63204.13" CO="1232.18" HC="7.18" NOx="29.35" PMx="1.60" fuel="27.17" electricity="0.00" noise="123.21" route="routetop" type="cfm-fast" waiting="0.00" lane="top_1" pos="7.10" speed="17.02" angle="261.67" x="49.20" y="127.34"/>
        <vehicle id="cfm-fast_1" eclass="HBEFA3/PC_G_EU4" CO2="63204.14" CO="1232.18" HC="7.18" NOx="29.35" PMx="1.60" fuel="27.17" electricity="0.00" noise="123.21" route="routetop" type="cfm-fast" waiting="0.00" lane="top_0" pos="22.93" speed="17.02" angle="233.14" x="18.40" y="115.22"/>
        <vehicle id="cfm-fast_2" eclass="HBEFA3/PC_G_EU4" CO2="63204.43" CO="1232.18" HC="7.18" NOx="29.35" PMx="1.60" fuel="27.17" electricity="0.00" noise="123.21" route="routetop" type="cfm-fast" waiting="0.00" lane="top_1" pos="38.76" speed="17.02" angle="204.72" x="2.40" y="86.25"/>
        <vehicle id="cfm-fast_3" eclass="HBEFA3/PC_G_EU4" CO2="63211.01" CO="1232.31" HC="7.18" NOx="29.35" PMx="1.60" fuel="27.17" electricity="0.00" noise="123.21" route="routetop" type="cfm-fast" waiting="0.00" lane="left_0" pos="4.60" speed="17.03" angle="176.26" x="-4.22" y="53.72"/>
        <vehicle id="cfm-fast_4" eclass="HBEFA3/PC_G_EU4" CO2="63326.25" CO="1234.58" HC="7.19" NOx="29.40" PMx="1.60" fuel="27.22" electricity="0.00" noise="123.23" route="routeleft" type="cfm-fast" waiting="0.00" lane="left_1" pos="20.44" speed="17.06" angle="147.65" x="11.37" y="24.54"/>
        <vehicle id="cfm-fast_5" eclass="HBEFA3/PC_G_EU4" CO2="56969.45" CO="1102.65" HC="6.43" NOx="26.40" PMx="1.44" fuel="24.49" electricity="0.00" noise="116.06" route="routeleft" type="cfm-fast" waiting="0.00" lane="left_0" pos="36.42" speed="17.38" angle="118.97" x="35.24" y="1.22"/>
        <vehicle id="cfm-slow_0" eclass="HBEFA3/PC_G_EU4" CO2="25313.61" CO="466.66" HC="2.75" NOx="11.54" PMx="0.61" fuel="10.88" electricity="0.00" noise="89.61" route="routebottom" type="cfm-slow" waiting="0.00" lane="bottom_0" pos="11.19" speed="13.95" angle="74.25" x="87.34" y="-0.73"/>
        <vehicle id="cfm-slow_1" eclass="HBEFA3/PC_G_EU4" CO2="25321.44" CO="466.82" HC="2.75" NOx="11.55" PMx="0.61" fuel="10.88" electricity="0.00" noise="89.62" route="routebottom" type="cfm-slow" waiting="0.00" lane="bottom_0" pos="27.02" speed="13.95" angle="45.90" x="115.16" y="18.32"/>
        <vehicle id="cfm-slow_2" eclass="HBEFA3/PC_G_EU4" CO2="25402.14" CO="468.47" HC="2.76" NOx="11.59" PMx="0.61" fuel="10.92" electricity="0.00" noise="89.72" route="routebottom" type="cfm-slow" waiting="0.00" lane="bottom_0" pos="42.86" speed="13.95" angle="17.42" x="130.53" y="48.33"/>
        <vehicle id="cfm-slow_3" eclass="HBEFA3/PC_G_EU4" CO2="26151.18" CO="483.73" HC="2.85" NOx="11.94" PMx="0.63" fuel="11.24" electricity="0.00" noise="90.58" route="routebottom" type="cfm-slow" waiting="0.00" lane="right_0" pos="8.69" speed="13.98" angle="348.75" x="129.71" y="82.23"/>
        <vehicle id="cfm-slow_4" eclass="HBEFA3/PC_G_EU4" CO2="31688.44" CO="596.27" HC="3.50" NOx="14.54" PMx="0.78" fuel="13.62" electricity="0.00" noise="96.73" route="routeright" type="cfm-slow" waiting="0.00" lane="right_0" pos="24.56" speed="14.22" angle="320.30" x="112.83" y="111.50"/>
        <vehicle id="cfm-slow_5" eclass="HBEFA3/PC_G_EU4" CO2="59396.64" CO="1157.80" HC="6.74" NOx="27.58" PMx="1.50" fuel="25.53" electricity="0.00" noise="122.74" route="routeright" type="cfm-slow" waiting="0.00" lane="right_0" pos="40.71" speed="15.99" angle="291.23" x="83.46" y="129.35"/>
    </timestep>
    <timestep time="1.29">
        <vehicle id="cfm-fast_0" eclass="HBEFA3/PC_G_EU4" CO2="63707.75" CO="1242.08" HC="7.23" NOx="29.58" PMx="1.61" fuel="27.38" electricity="0.00" noise="123.28" route="routetop" type="cfm-fast" waiting="0.00" lane="top_1" pos="7.27" speed="17.16" angle="261.34" x="48.86" y="127.26"/>
        <vehicle id="cfm-fast_1" eclass="HBEFA3/PC_G_EU4" CO2="63707.76" CO="1242.09" HC="7.23" NOx="29.58" PMx="1.61" fuel="27.38" electricity="0.00" noise="123.28" route="routetop" type="cfm-fast" waiting="0.00" lane="top_0" pos="23.10" speed="17.16" angle="232.90" x="18.12" y="114.98"/>
        <vehicle id="cfm-fast_2" eclass="HBEFA3/PC_G_EU4" CO2="63708.04" CO="1242.09" HC="7.23" NOx="29.58" PMx="1.61" fuel="27.38" electricity="0.00" noise="123.28" route="routetop" type="cfm-fast" waiting="0.00" lane="top_1" pos="38.93" speed="17.16" angle="204.41" x="2.28" y="85.92"/>
        <vehicle id="cfm-fast_3" eclass="HBEFA3/PC_G_EU4" CO2="63714.62" CO="1242.22" HC="7.23" NOx="29.58" PMx="1.61" fuel="27.39" electricity="0.00" noise="123.28" route="routetop" type="cfm-fast" waiting="0.00" lane="left_0" pos="4.77" speed="17.16" angle="175.95" x="-4.17" y="53.35"/>
        <vehicle id="cfm-fast_4" eclass="HBEFA3/PC_G_EU4" CO2="63829.93" CO="1244.49" HC="7.25" NOx="29.64" PMx="1.62" fuel="27.44" electricity="0.00" noise="123.29" route="routeleft" type="cfm-fast" waiting="0.00" lane="left_1" pos="20.61" speed="17.19" angle="147.37" x="11.58" y="24.26"/>
        <vehicle id="cfm-fast_5" eclass="HBEFA3/PC_G_EU4" CO2="56481.14" CO="1092.23" HC="6.37" NOx="26.16" PMx="1.42" fuel="24.28" electricity="0.00" noise="115.27" route="routeleft" type="cfm-fast" waiting="0.00" lane="left_0" pos="36.60" speed="17.49" angle="118.64" x="35.58" y="1.07"/>
        <vehicle id="cfm-slow_0" eclass="HBEFA3/PC_G_EU4" CO2="25212.68" CO="464.21" HC="2.73" NOx="11.49" PMx="0.61" fuel="10.84" electricity="0.00" noise="89.39" route="routebottom" type="cfm-slow" waiting="0.00" lane="bottom_0" pos="11.33" speed="14.01" angle="73.99" x="87.62" y="-0.62"/>
        <vehicle id="cfm-slow_1" eclass="HBEFA3/PC_G_EU4" CO2="25221.22" CO="464.38" HC="2.73" NOx="11.50" PMx="0.61" fuel="10.84" electricity="0.00" noise="89.40" route="routebottom" type="cfm-slow" waiting="0.00" lane="bottom_0" pos="27.16" speed="14.01" angle="45.63" x="115.35" y="18.55"/>
        <vehicle id="cfm-slow_2" eclass="HBEFA3/PC_G_EU4" CO2="25308.43" CO="466.16" HC="2.75" NOx="11.54" PMx="0.61" fuel="10.88" electricity="0.00" noise="89.50" route="routebottom" type="cfm-slow" waiting="0.00" lane="bottom_0" pos="43.00" speed="14.01" angle="17.17" x="130.59" y="48.63"/>
        <vehicle id="cfm-slow_3" eclass="HBEFA3/PC_G_EU4" CO2="26104.10" CO="482.37" HC="2.84" NOx="11.91" PMx="0.63" fuel="11.22" electricity="0.00" noise="90.41" route="routebottom" type="cfm-slow" waiting="0.00" lane="right_0" pos="8.83" speed="14.04" angle="348.50" x="129.63" y="82.52"/>
        <vehicle id="cfm-slow_4" eclass="HBEFA3/PC_G_EU4" CO2="31844.86" CO="599.04" HC="3.51" NOx="14.62" PMx="0.78" fuel="13.69" electricity="0.00" noise="96.75" route="routeright" type="cfm-slow" waiting="0.00" lane="right_0" pos="24.70" speed="14.30" angle="320.04" x="112.62" y="111.71"/>
        <vehicle id="cfm-slow_5" eclass="HBEFA3/PC_G_EU4" CO2="59898.04" CO="1167.54" HC="6.80" NOx="27.81" PMx="1.51" fuel="25.75" electricity="0.00" noise="122.80" route="routeright" type="cfm-slow" waiting="0.00" lane="right_0" pos="40.87" speed="16.13" angle="290.93" x="83.13" y="129.45"/>
    </timestep>
    <timestep time="1.30">
        <vehicle id="cfm-fast_0" eclass="HBEFA3/PC_G_EU4" CO2="64211.65" CO="1252.01" HC="7.29" NOx="29.82" PMx="1.63" fuel="27.60" electricity="0.00" noise="123.34" route="routetop" type="cfm-fast" waiting="0.00" lane="top_1" pos="7.44" speed="17.30" angle="261.01" x="48.52" y="127.18"/>
        <vehicle id="cfm-fast_1" eclass="HBEFA3/PC_G_EU4" CO2="64211.66" CO="1252.01" HC="7.29" NOx="29.82" PMx="1.63" fuel="27.60" electricity="0.00" noise="123.34" route="routetop" type="cfm-fast" waiting="0.00" lane="top_0" pos="23.27" speed="17.30" angle="232.59" x="17.85" y="114.73"/>
        <vehicle id="cfm-fast_2" eclass="HBEFA3/PC_G_EU4" CO2="64211.95" CO="1252.02" HC="7.29" NOx="29.82" PMx="1.63" fuel="27.60" electricity="0.00" noise="123.34" route="routetop" type="cfm-fast" waiting="0.00" lane="top_1" pos="39.11" speed="17.30" angle="204.09" x="2.16" y="85.59"/>
        <vehicle id="cfm-fast_3" eclass="HBEFA3/PC_G_EU4" CO2="64218.53" CO="1252.15" HC="7.29" NOx="29.82" PMx="1.63" fuel="27.60" electricity="0.00" noise="123.34" route="routetop" type="cfm-fast" waiting="0.00" lane="left_0" pos="4.94" speed="17.30" angle="175.64" x="-4.11" y="52.98"/>
        <vehicle id="cfm-fast_4" eclass="HBEFA3/PC_G_EU4" CO2="64333.90" CO="1254.42" HC="7.31" NOx="29.87" PMx="1.63" fuel="27.65" electricity="0.00" noise="123.36" route="routeleft" type="cfm-fast" waiting="0.00" lane="left_1" pos="20.79" speed="17.33" angle="147.06" x="11.80" y="23.98"/>
        <vehicle id="cfm-fast_5" eclass="HBEFA3/PC_G_EU4" CO2="55986.57" CO="1081.70" HC="6.31" NOx="25.93" PMx="1.41" fuel="24.07" electricity="0.00" noise="114.49" route="routeleft" type="cfm-fast" waiting="0.00" lane="left_0" pos="36.77" speed="17.61" angle="118.31" x="35.93" y="0.91"/>
        <vehicle id="cfm-slow_0" eclass="HBEFA3/PC_G_EU4" CO2="25110.89" CO="461.74" HC="2.72" NOx="11.44" PMx="0.61" fuel="10.79" electricity="0.00" noise="89.17" route="routebottom" type="cfm-slow" waiting="0.00" lane="bottom_0" pos="11.47" speed="14.07" angle="73.78" x="87.90" y="-0.52"/>
        <vehicle id="cfm-slow_1" eclass="HBEFA3/PC_G_EU4" CO2="25120.19" CO="461.93" HC="2.72" NOx="11.45" PMx="0.61" fuel="10.80" electricity="0.00" noise="89.18" route="routebottom" type="cfm-slow" waiting="0.00" lane="bottom_0" pos="27.30" speed="14.07" angle="45.37" x="115.55" y="18.78"/>
        <vehicle id="cfm-slow_2" eclass="HBEFA3/PC_G_EU4" CO2="25214.31" CO="463.85" HC="2.73" NOx="11.49" PMx="0.61" fuel="10.84" electricity="0.00" noise="89.29" route="routebottom" type="cfm-slow" waiting="0.00" lane="bottom_0" pos="43.14" speed="14.07" angle="16.91" x="130.66" y="48.92"/>
        <vehicle id="cfm-slow_3" eclass="HBEFA3/PC_G_EU4" CO2="26058.12" CO="481.04" HC="2.83" NOx="11.89" PMx="0.63" fuel="11.20" electricity="0.00" noise="90.25" route="routebottom" type="cfm-slow" waiting="0.00" lane="right_0" pos="8.97" speed="14.10" angle="348.29" x="129.55" y="82.81"/>
        <vehicle id="cfm-slow_4" eclass="HBEFA3/PC_G_EU4" CO2="32003.36" CO="601.85" HC="3.53" NOx="14.69" PMx="0.79" fuel="13.76" electricity="0.00" noise="96.77" route="routeright" type="cfm-slow" waiting="0.00" lane="right_0" pos="24.85" speed="14.38" angle="319.77" x="112.40" y="111.93"/>
        <vehicle id="cfm-slow_5" eclass="HBEFA3/PC_G_EU4" CO2="60399.73" CO="1177.31" HC="6.86" NOx="28.04" PMx="1.53" fuel="25.96" electricity="0.00" noise="122.86" route="routeright" type="cfm-slow" waiting="0.00" lane="right_0" pos="41.03" speed="16.26" angle="290.68" x="82.79" y="129.55"/>
    </timestep>
    <timestep time="1.31">
        <vehicle id="cfm-fast_0" eclass="HBEFA3/PC_G_EU4" CO2="64715.84" CO="1261.96" HC="7.35" NOx="30.05" PMx="1.64" fuel="27.82" electricity="0.00" noise="123.40" route="routetop" type="cfm-fast" waiting="0.00" lane="top_1" pos="7.61" speed="17.43" angle="260.70" x="48.17" y="127.10"/>
        <vehicle id="cfm-fast_1" eclass="HBEFA3/PC_G_EU4" CO2="64715.85" CO="1261.96" HC="7.35" NOx="30.05" PMx="1.64" fuel="27.82" electricity="0.00" noise="123.40" route="routetop" type="cfm-fast" waiting="0.00" lane="top_0" pos="23.45" speed="17.43" angle="232.27" x="17.57" y="114.48"/>
        <vehicle id="cfm-fast_2" eclass="HBEFA3/PC_G_EU4" CO2="64716.14" CO="1261.97" HC="7.35" NOx="30.05" PMx="1.64" fuel="27.82" electricity="0.00" noise="123.40" route="routetop" type="cfm-fast" waiting="0.00" lane="top_1" pos="39.28" speed="17.43" angle="203.77" x="2.03" y="85.25"/>
        <vehicle id="cfm-fast_3" eclass="HBEFA3/PC_G_EU4" CO2="64722.73" CO="1262.10" HC="7.35" NOx="30.05" PMx="1.64" fuel="27.82" electricity="0.00" noise="123.40" route="routetop" type="cfm-fast" waiting="0.00" lane="left_0" pos="5.12" speed="17.44" angle="175.29" x="-4.06" y="52.61"/>
        <vehicle id="cfm-fast_4" eclass="HBEFA3/PC_G_EU4" CO2="64838.17" CO="1264.38" HC="7.36" NOx="30.11" PMx="1.64" fuel="27.87" electricity="0.00" noise="123.42" route="routeleft" type="cfm-fast" waiting="0.00" lane="left_1" pos="20.96" speed="17.47" angle="146.74" x="12.02" y="23.70"/>
        <vehicle id="cfm-fast_5" eclass="HBEFA3/PC_G_EU4" CO2="55486.20" CO="1071.07" HC="6.25" NOx="25.69" PMx="1.40" fuel="23.85" electricity="0.00" noise="113.72" route="routeleft" type="cfm-fast" waiting="0.00" lane="left_0" pos="36.95" speed="17.72" angle="117.98" x="36.28" y="0.76"/>
        <vehicle id="cfm-slow_0" eclass="HBEFA3/PC_G_EU4" CO2="25008.27" CO="459.27" HC="2.71" NOx="11.39" PMx="0.60" fuel="10.75" electricity="0.00" noise="88.95" route="routebottom" type="cfm-slow" waiting="0.00" lane="bottom_0" pos="11.61" speed="14.13" angle="73.54" x="88.19" y="-0.41"/>
        <vehicle id="cfm-slow_1" eclass="HBEFA3/PC_G_EU4" CO2="25018.40" CO="459.47" HC="2.71" NOx="11.40" PMx="0.60" fuel="10.75" electricity="0.00" noise="88.96" route="routebottom" type="cfm-slow" waiting="0.00" lane="bottom_0" pos="27.44" speed="14.13" angle="45.11" x="115.74" y="19.02"/>
        <vehicle id="cfm-slow_2" eclass="HBEFA3/PC_G_EU4" CO2="25119.82" CO="461.54" HC="2.72" NOx="11.45" PMx="0.61" fuel="10.80" electricity="0.00" noise="89.08" route="routebottom" type="cfm-slow" waiting="0.00" lane="bottom_0" pos="43.28" speed="14.14" angle="16.65" x="130.73" y="49.22"/>
        <vehicle id="cfm-slow_3" eclass="HBEFA3/PC_G_EU4" CO2="26013.31" CO="479.74" HC="2.82" NOx="11.87" PMx="0.63" fuel="11.18" electricity="0.00" noise="90.09" route="routebottom" type="cfm-slow" waiting="0.00" lane="right_0" pos="9.12" speed="14.17" angle="348.04" x="129.46" y="83.10"/>
        <vehicle id="cfm-slow_4" eclass="HBEFA3/PC_G_EU4" CO2="32163.95" CO="604.71" HC="3.55" NOx="14.76" PMx="0.79" fuel="13.83" electricity="0.00" noise="96.80" route="routeright" type="cfm-slow" waiting="0.00" lane="right_0" pos="24.99" speed="14.46" angle="319.50" x="112.18" y="112.15"/>
        <vehicle id="cfm-slow_5" eclass="HBEFA3/PC_G_EU4" CO2="60901.71" CO="1187.09" HC="6.91" NOx="28.28" PMx="1.54" fuel="26.18" electricity="0.00" noise="122.93" route="routeright" type="cfm-slow" waiting="0.00" lane="right_0" pos="41.20" speed="16.40" angle="290.39" x="82.45" y="129.65"/>
    </timestep>
    <timestep time="1.32">
        <vehicle id="cfm-fast_0" eclass="HBEFA3/PC_G_EU4" CO2="65220.33" CO="1271.93" HC="7.41" NOx="30.29" PMx="1.65" fuel="28.03" electricity="0.00" noise="123.47" route="routetop" type="cfm-fast" waiting="0.00" lane="top_1" pos="7.79" speed="17.57" angle="260.42" x="47.82" y="127.01"/>
        <vehicle id="cfm-fast_1" eclass="HBEFA3/PC_G_EU4" CO2="65220.34" CO="1271.93" HC="7.41" NOx="30.29" PMx="1.65" fuel="28.03" electricity="0.00" noise="123.47" route="routetop" type="cfm-fast" waiting="0.00" lane="top_0" pos="23.62" speed="17.57" angle="231.96" x="17.30" y="114.22"/>
        <vehicle id="cfm-fast_2" eclass="HBEFA3/PC_G_EU4" CO2="65220.63" CO="1271.94" HC="7.41" NOx="30.29" PMx="1.65" fuel="28.03" electricity="0.00" noise="123.47" route="routetop" type="cfm-fast" waiting="0.00" lane="top_1" pos="39.46" speed="17.57" angle="203.45" x="1.91" y="84.91"/>
        <vehicle id="cfm-fast_3" eclass="HBEFA3/PC_G_EU4" CO2="65227.22" CO="1272.07" HC="7.41" NOx="30.29" PMx="1.65" fuel="28.04" electricity="0.00" noise="123.47" route="routetop" type="cfm-fast" waiting="0.00" lane="left_0" pos="5.29" speed="17.57" angle="174.96" x="-3.99" y="52.24"/>
        <vehicle id="cfm-fast_4" eclass="HBEFA3/PC_G_EU4" CO2="65342.73" CO="1274.35" HC="7.42" NOx="30.34" PMx="1.65" fuel="28.09" electricity="0.00" noise="123.48" route="routeleft" type="cfm-fast" waiting="0.00" lane="left_1" pos="21.14" speed="17.60" angle="146.42" x="12.24" y="23.42"/>
        <vehicle id="cfm-fast_5" eclass="HBEFA3/PC_G_EU4" CO2="54980.44" CO="1060.34" HC="6.19" NOx="25.45" PMx="1.38" fuel="23.63" electricity="0.00" noise="112.96" route="routeleft" type="cfm-fast" waiting="0.00" lane="left_0" pos="37.13" speed="17.84" angle="117.68" x="36.63" y="0.60"/>
        <vehicle id="cfm-slow_0" eclass="HBEFA3/PC_G_EU4" CO2="24904.87" CO="456.78" HC="2.69" NOx="11.34" PMx="0.60" fuel="10.71" electricity="0.00" noise="88.73" route="routebottom" type="cfm-slow" waiting="0.00" lane="bottom_0" pos="11.75" speed="14.19" angle="73.29" x="88.47" y="-0.30"/>
        <vehicle id="cfm-slow_1" eclass="HBEFA3/PC_G_EU4" CO2="24915.88" CO="457.01" HC="2.69" NOx="11.35" PMx="0.60" fuel="10.71" electricity="0.00" noise="88.74" route="routebottom" type="cfm-slow" waiting="0.00" lane="bottom_0" pos="27.59" speed="14.19" angle="44.84" x="115.94" y="19.25"/>
        <vehicle id="cfm-slow_2" eclass="HBEFA3/PC_G_EU4" CO2="25025.03" CO="459.23" HC="2.71" NOx="11.40" PMx="0.60" fuel="10.76" electricity="0.00" noise="88.87" route="routebottom" type="cfm-slow" waiting="0.00" lane="bottom_0" pos="43.42" speed="14.20" angle="16.40" x="130.79" y="49.52"/>
        <vehicle id="cfm-slow_3" eclass="HBEFA3/PC_G_EU4" CO2="25969.71" CO="478.48" HC="2.82" NOx="11.85" PMx="0.63" fuel="11.16" electricity="0.00" noise="89.93" route="routebottom" type="cfm-slow" waiting="0.00" lane="right_0" pos="9.26" speed="14.23" angle="347.78" x="129.37" y="83.40"/>
        <vehicle id="cfm-slow_4" eclass="HBEFA3/PC_G_EU4" CO2="32326.65" CO="607.62" HC="3.56" NOx="14.84" PMx="0.79" fuel="13.90" electricity="0.00" noise="96.82" route="routeright" type="cfm-slow" waiting="0.00" lane="right_0" pos="25.14" speed="14.54" angle="319.23" x="111.96" y="112.37"/>
        <vehicle id="cfm-slow_5" eclass="HBEFA3/PC_G_EU4" CO2="61403.99" CO="1196.90" HC="6.97" NOx="28.51" PMx="1.55" fuel="26.39" electricity="0.00" noise="122.99" route="routeright" type="cfm-slow" waiting="0.00" lane="right_0" pos="41.36" speed="16.54" angle="290.09" x="82.11" y="129.74"/>
    </timestep>
    <timestep time="1.33">
        <vehicle id="cfm-fast_0" eclass="HBEFA3/PC_G_EU4" CO2="65725.11" CO="1281.92" HC="7.47" NOx="30.52" PMx="1.66" fuel="28.25" electricity="0.00" noise="123.53" route="routetop" type="cfm-fast" waiting="0.00" lane="top_1" pos="7.97" speed="17.71" angle="260.10" x="47.47" y="126.92"/>
        <vehicle id="cfm-fast_1" eclass="HBEFA3/PC_G_EU4" CO2="65725.12" CO="1281.92" HC="7.47" NOx="30.52" PMx="1.66" fuel="28.25" electricity="0.00" noise="123.53" route="routetop" type="cfm-fast" waiting="0.00" lane="top_0" pos="23.80" speed="17.71" angle="231.64" x="17.02" y="113.96"/>
        <vehicle id="cfm-fast_2" eclass="HBEFA3/PC_G_EU4" CO2="65725.41" CO="1281.93" HC="7.47" NOx="30.52" PMx="1.66" fuel="28.25" electricity="0.00" noise="123.53" route="routetop" type="cfm-fast" waiting="0.00" lane="top_1" pos="39.63" speed="17.71" angle="203.14" x="1.79" y="84.57"/>
        <vehicle id="cfm-fast_3" eclass="HBEFA3/PC_G_EU4" CO2="65732.00" CO="1282.06" HC="7.47" NOx="30.52" PMx="1.66" fuel="28.25" electricity="0.00" noise="123.53" route="routetop" type="cfm-fast" waiting="0.00" lane="left_0" pos="5.47" speed="17.71" angle="174.64" x="-3.92" y="51.86"/>
        <vehicle id="cfm-fast_4" eclass="HBEFA3/PC_G_EU4" CO2="65847.58" CO="1284.35" HC="7.48" NOx="30.58" PMx="1.67" fuel="28.30" electricity="0.00" noise="123.54" route="routeleft" type="cfm-fast" waiting="0.00" lane="left_1" pos="21.31" speed="17.74" angle="146.10" x="12.47" y="23.13"/>
        <vehicle id="cfm-fast_5" eclass="HBEFA3/PC_G_EU4" CO2="54469.71" CO="1049.52" HC="6.13" NOx="25.20" PMx="1.37" fuel="23.41" electricity="0.00" noise="112.22" route="routeleft" type="cfm-fast" waiting="0.00" lane="left_0" pos="37.31" speed="17.95" angle="117.39" x="36.98" y="0.45"/>
        <vehicle id="cfm-slow_0" eclass="HBEFA3/PC_G_EU4" CO2="24800.73" CO="454.29" HC="2.68" NOx="11.29" PMx="0.60" fuel="10.66" electricity="0.00" noise="88.52" route="routebottom" type="cfm-slow" waiting="0.00" lane="bottom_0" pos="11.90" speed="14.25" angle="73.04" x="88.76" y="-0.18"/>
        <vehicle id="cfm-slow_1" eclass="HBEFA3/PC_G_EU4" CO2="24812.69" CO="454.53" HC="2.68" NOx="11.30" PMx="0.60" fuel="10.67" electricity="0.00" noise="88.53" route="routebottom" type="cfm-slow" waiting="0.00" lane="bottom_0" pos="27.73" speed="14.25" angle="44.57" x="116.14" y="19.48"/>
        <vehicle id="cfm-slow_2" eclass="HBEFA3/PC_G_EU4" CO2="24929.98" CO="456.93" HC="2.69" NOx="11.35" PMx="0.60" fuel="10.72" electricity="0.00" noise="88.66" route="routebottom" type="cfm-slow" waiting="0.00" lane="bottom_0" pos="43.56" speed="14.26" angle="16.17" x="130.86" y="49.82"/>
        <vehicle id="cfm-slow_3" eclass="HBEFA3/PC_G_EU4" CO2="25927.35" CO="477.24" HC="2.81" NOx="11.82" PMx="0.63" fuel="11.14" electricity="0.00" noise="89.78" route="routebottom" type="cfm-slow" waiting="0.00" lane="right_0" pos="9.40" speed="14.30" angle="347.52" x="129.28" y="83.69"/>
        <vehicle id="cfm-slow_4" eclass="HBEFA3/PC_G_EU4" CO2="32491.46" CO="610.58" HC="3.58" NOx="14.91" PMx="0.80" fuel="13.97" electricity="0.00" noise="96.85" route="routeright" type="cfm-slow" waiting="0.00" lane="right_0" pos="25.28" speed="14.62" angle="318.96" x="111.73" y="112.60"/>
        <vehicle id="cfm-slow_5" eclass="HBEFA3/PC_G_EU4" CO2="61906.55" CO="1206.73" HC="7.03" NOx="28.74" PMx="1.56" fuel="26.61" electricity="0.00" noise="123.05" route="routeright" type="cfm-slow" waiting="0.00" lane="right_0" pos="41.53" speed="16.67" angle="289.79" x="81.76" y="129.83"/>
    </timestep>
    <timestep time="1.34">
        <vehicle id="cfm-fast_0" eclass="HBEFA3/PC_G_EU4" CO2="66230.18" CO="1291.94" HC="7.52" NOx="30.76" PMx="1.68" fuel="28.47" electricity="0.00" noise="123.59" route="routetop" type="cfm-fast" waiting="0.00" lane="top_1" pos="8.15" speed="17.84" angle="259.78" x="47.11" y="126.83"/>
        <vehicle id="cfm-fast_1" eclass="HBEFA3/PC_G_EU4" CO2="66230.19" CO="1291.94" HC="7.52" NOx="30.76" PMx="1.68" fuel="28.47" electricity="0.00" noise="123.59" route="routetop" type="cfm-fast" waiting="0.00" lane="top_0" pos="23.98" speed="17.84" angle="231.32" x="16.73" y="113.70"/>
        <vehicle id="cfm-fast_2" eclass="HBEFA3/PC_G_EU4" CO2="66230.48" CO="1291.94" HC="7.52" NOx="30.76" PMx="1.68" fuel="28.47" electricity="0.00" noise="123.59" route="routetop" type="cfm-fast" waiting="0.00" lane="top_1" pos="39.81" speed="17.84" angle="202.87" x="1.67" y="84.23"/>
        <vehicle id="cfm-fast_3" eclass="HBEFA3/PC_G_EU4" CO2="66237.08" CO="1292.07" HC="7.52" NOx="30.76" PMx="1.68" fuel="28.47" electricity="0.00" noise="123.59" route="routetop" type="cfm-fast" waiting="0.00" lane="left_0" pos="5.65" speed="17.84" angle="174.32" x="-3.85" y="51.49"/>
        <vehicle id="cfm-fast_4" eclass="HBEFA3/PC_G_EU4" CO2="66352.72" CO="1294.37" HC="7.54" NOx="30.81" PMx="1.68" fuel="28.52" electricity="0.00" noise="123.61" route="routeleft" type="cfm-fast" waiting="0.00" lane="left_1" pos="21.49" speed="17.88" angle="145.78" x="12.69" y="22.84"/>
        <vehicle id="cfm-fast_5" eclass="HBEFA3/PC_G_EU4" CO2="53954.39" CO="1038.63" HC="6.07" NOx="24.96" PMx="1.36" fuel="23.19" electricity="0.00" noise="111.48" route="routeleft" type="cfm-fast" waiting="0.00" lane="left_0" pos="37.49" speed="18.06" angle="117.06" x="37.34" y="0.30"/>
        <vehicle id="cfm-slow_0" eclass="HBEFA3/PC_G_EU4" CO2="24695.88" CO="451.79" HC="2.66" NOx="11.24" PMx="0.59" fuel="10.62" electricity="0.00" noise="88.30" route="routebottom" type="cfm-slow" waiting="0.00" lane="bottom_0" pos="12.04" speed="14.31" angle="72.78" x="89.04" y="-0.07"/>
        <vehicle id="cfm-slow_1" eclass="HBEFA3/PC_G_EU4" CO2="24708.86" CO="452.05" HC="2.67" NOx="11.25" PMx="0.60" fuel="10.62" electricity="0.00" noise="88.32" route="routebottom" type="cfm-slow" waiting="0.00" lane="bottom_0" pos="27.87" speed="14.31" angle="44.31" x="116.34" y="19.72"/>
        <vehicle id="cfm-slow_2" eclass="HBEFA3/PC_G_EU4" CO2="24834.73" CO="454.62" HC="2.68" NOx="11.31" PMx="0.60" fuel="10.68" electricity="0.00" noise="88.46" route="routebottom" type="cfm-slow" waiting="0.00" lane="bottom_0" pos="43.71" speed="14.32" angle="15.93" x="130.92" y="50.12"/>
        <vehicle id="cfm-slow_3" eclass="HBEFA3/PC_G_EU4" CO2="25886.29" CO="476.04" HC="2.80" NOx="11.80" PMx="0.63" fuel="11.13" electricity="0.00" noise="89.63" route="routebottom" type="cfm-slow" waiting="0.00" lane="right_0" pos="9.54" speed="14.36" angle="347.26" x="129.19" y="83.98"/>
        <vehicle id="cfm-slow_4" eclass="HBEFA3/PC_G_EU4" CO2="32658.38" CO="613.59" HC="3.60" NOx="14.99" PMx="0.80" fuel="14.04" electricity="0.00" noise="96.88" route="routeright" type="cfm-slow" waiting="0.00" lane="right_0" pos="25.43" speed="14.70" angle="318.69" x="111.51" y="112.82"/>
        <vehicle id="cfm-slow_5" eclass="HBEFA3/PC_G_EU4" CO2="62409.41" CO="1216.58" HC="7.09" NOx="28.98" PMx="1.58" fuel="26.83" electricity="0.00" noise="123.11" route="routeright" type="cfm-slow" waiting="0.00" lane="right_0" pos="41.70" speed="16.81" angle="289.48" x="81.41" y="129.93"/>
    </timestep>
    <timestep time="1.35">
        <vehicle id="cfm-fast_0" eclass="HBEFA3/PC_G_EU4" CO2="66735.54" CO="1301.97" HC="7.58" NOx="30.99" PMx="1.69" fuel="28.69" electricity="0.00" noise="123.66" route="routetop" type="cfm-fast" waiting="0.00" lane="top_1" pos="8.33" speed="17.98" angle="259.46" x="46.76" y="126.73"/>
        <vehicle id="cfm-fast_1" eclass="HBEFA3/PC_G_EU4" CO2="66735.55" CO="1301.97" HC="7.58" NOx="30.99" PMx="1.69" fuel="28.69" electricity="0.00" noise="123.66" route="routetop" type="cfm-fast" waiting="0.00" lane="top_0" pos="24.16" speed="17.98" angle="230.99" x="16.45" y="113.44"/>
        <vehicle id="cfm-fast_2" eclass="HBEFA3/PC_G_EU4" CO2="66735.84" CO="1301.98" HC="7.58" NOx="30.99" PMx="1.69" fuel="28.69" electricity="0.00" noise="123.66" route="routetop" type="cfm-fast" waiting="0.00" lane="top_1" pos="39.99" speed="17.98" angle="202.53" x="1.56" y="83.87"/>
        <vehicle id="cfm-fast_3" eclass="HBEFA3/PC_G_EU4" CO2="66742.44" CO="1302.11" HC="7.58" NOx="30.99" PMx="1.69" fuel="28.69" electricity="0.00" noise="123.66" route="routetop" type="cfm-fast" waiting="0.00" lane="left_0" pos="5.83" speed="17.98" angle="173.99" x="-3.78" y="51.11"/>
        <vehicle id="cfm-fast_4" eclass="HBEFA3/PC_G_EU4" CO2="66858.15" CO="1304.41" HC="7.60" NOx="31.05" PMx="1.69" fuel="28.74" electricity="0.00" noise="123.67" route="routeleft" type="cfm-fast" waiting="0.00" lane="left_1" pos="21.67" speed="18.01" angle="145.46" x="12.92" y="22.55"/>
        <vehicle id="cfm-fast_5" eclass="HBEFA3/PC_G_EU4" CO2="53434.89" CO="1027.66" HC="6.00" NOx="24.71" PMx="1.34" fuel="22.97" electricity="0.00" noise="110.75" route="routeleft" type="cfm-fast" waiting="0.00" lane="left_0" pos="37.67" speed="18.16" angle="116.73" x="37.71" y="0.16"/>
        <vehicle id="cfm-slow_0" eclass="HBEFA3/PC_G_EU4" CO2="24590.36" CO="449.28" HC="2.65" NOx="11.19" PMx="0.59" fuel="10.57" electricity="0.00" noise="88.09" route="routebottom" type="cfm-slow" waiting="0.00" lane="bottom_0" pos="12.18" speed="14.37" angle="72.53" x="89.33" y="0.05"/>
        <vehicle id="cfm-slow_1" eclass="HBEFA3/PC_G_EU4" CO2="24604.44" CO="449.56" HC="2.65" NOx="11.20" PMx="0.59" fuel="10.58" electricity="0.00" noise="88.11" route="routebottom" type="cfm-slow" waiting="0.00" lane="bottom_0" pos="28.02" speed="14.37" angle="44.04" x="116.54" y="19.96"/>
        <vehicle id="cfm-slow_2" eclass="HBEFA3/PC_G_EU4" CO2="24739.34" CO="452.32" HC="2.67" NOx="11.26" PMx="0.60" fuel="10.63" electricity="0.00" noise="88.26" route="routebottom" type="cfm-slow" waiting="0.00" lane="bottom_0" pos="43.85" speed="14.38" angle="15.65" x="130.98" y="50.42"/>
        <vehicle id="cfm-slow_3" eclass="HBEFA3/PC_G_EU4" CO2="25846.57" CO="474.87" HC="2.80" NOx="11.78" PMx="0.62" fuel="11.11" electricity="0.00" noise="89.49" route="routebottom" type="cfm-slow" waiting="0.00" lane="right_0" pos="9.69" speed="14.42" angle="347.00" x="129.10" y="84.28"/>
        <vehicle id="cfm-slow_4" eclass="HBEFA3/PC_G_EU4" CO2="32827.43" CO="616.65" HC="3.62" NOx="15.07" PMx="0.81" fuel="14.11" electricity="0.00" noise="96.92" route="routeright" type="cfm-slow" waiting="0.00" lane="right_0" pos="25.58" speed="14.77" angle="318.45" x="111.28" y="113.05"/>
        <vehicle id="cfm-slow_5" eclass="HBEFA3/PC_G_EU4" CO2="62912.56" CO="1226.45" HC="7.14" NOx="29.21" PMx="1.59" fuel="27.04" electricity="0.00" noise="123.18" route="routeright" type="cfm-slow" waiting="0.00" lane="right_0" pos="41.87" speed="16.95" angle="289.17" x="81.06" y="130.02"/>
    </timestep>
    <timestep time="1.36">
        <vehicle id="cfm-fast_0" eclass="HBEFA3/PC_G_EU4" CO2="67241.20" CO="1312.03" HC="7.64" NOx="31.23" PMx="1.70" fuel="28.90" electricity="0.00" noise="123.72" route="routetop" type="cfm-fast" waiting="0.00" lane="top_1" pos="8.51" speed="18.12" angle="259.14" x="46.40" y="126.64"/>
        <vehicle id="cfm-fast_1" eclass="HBEFA3/PC_G_EU4" CO2="67241.21" CO="1312.03" HC="7.64" NOx="31.23" PMx="1.70" fuel="28.90" electricity="0.00" noise="123.72" route="routetop" type="cfm-fast" waiting="0.00" lane="top_0" pos="24.34" speed="18.12" angle="230.71" x="16.17" y="113.17"/>
        <vehicle id="cfm-fast_2" eclass="HBEFA3/PC_G_EU4" CO2="67241.50" CO="1312.04" HC="7.64" NOx="31.23" PMx="1.70" fuel="28.90" electricity="0.00" noise="123.72" route="routetop" type="cfm-fast" waiting="0.00" lane="top_1" pos="40.17" speed="18.12" angle="202.19" x="1.45" y="83.52"/>
        <vehicle id="cfm-fast_3" eclass="HBEFA3/PC_G_EU4" CO2="67248.10" CO="1312.17" HC="7.64" NOx="31.23" PMx="1.70" fuel="28.91" electricity="0.00" noise="123.72" route="routetop" type="cfm-fast" waiting="0.00" lane="left_0" pos="6.01" speed="18.12" angle="173.66" x="-3.71" y="50.72"/>
        <vehicle id="cfm-fast_4" eclass="HBEFA3/PC_G_EU4" CO2="67363.87" CO="1314.47" HC="7.65" NOx="31.28" PMx="1.71" fuel="28.96" electricity="0.00" noise="123.73" route="routeleft" type="cfm-fast" waiting="0.00" lane="left_1" pos="21.85" speed="18.15" angle="145.18" x="13.15" y="22.26"/>
        <vehicle id="cfm-fast_5" eclass="HBEFA3/PC_G_EU4" CO2="52911.56" CO="1016.63" HC="5.94" NOx="24.46" PMx="1.33" fuel="22.74" electricity="0.00" noise="110.03" route="routeleft" type="cfm-fast" waiting="0.00" lane="left_0" pos="37.85" speed="18.27" angle="116.39" x="38.07" y="0.01"/>
        <vehicle id="cfm-slow_0" eclass="HBEFA3/PC_G_EU4" CO2="24484.21" CO="446.76" HC="2.64" NOx="11.14" PMx="0.59" fuel="10.52" electricity="0.00" noise="87.88" route="routebottom" type="cfm-slow" waiting="0.00" lane="bottom_0" pos="12.33" speed="14.43" angle="72.27" x="89.62" y="0.16"/>
        <vehicle id="cfm-slow_1" eclass="HBEFA3/PC_G_EU4" CO2="24499.46" CO="447.07" HC="2.64" NOx="11.15" PMx="0.59" fuel="10.53" electricity="0.00" noise="87.90" route="routebottom" type="cfm-slow" waiting="0.00" lane="bottom_0" pos="28.16" speed="14.43" angle="43.80" x="116.74" y="20.19"/>
        <vehicle id="cfm-slow_2" eclass="HBEFA3/PC_G_EU4" CO2="24643.84" CO="450.02" HC="2.66" NOx="11.22" PMx="0.59" fuel="10.59" electricity="0.00" noise="88.06" route="routebottom" type="cfm-slow" waiting="0.00" lane="bottom_0" pos="43.99" speed="14.44" angle="15.38" x="131.03" y="50.73"/>
        <vehicle id="cfm-slow_3" eclass="HBEFA3/PC_G_EU4" CO2="25808.22" CO="473.73" HC="2.79" NOx="11.76" PMx="0.62" fuel="11.09" electricity="0.00" noise="89.35" route="routebottom" type="cfm-slow" waiting="0.00" lane="right_0" pos="9.83" speed="14.48" angle="346.74" x="129.00" y="84.58"/>
        <vehicle id="cfm-slow_4" eclass="HBEFA3/PC_G_EU4" CO2="32998.62" CO="619.76" HC="3.64" NOx="15.15" PMx="0.81" fuel="14.18" electricity="0.00" noise="96.96" route="routeright" type="cfm-slow" waiting="0.00" lane="right_0" pos="25.73" speed="14.85" angle="318.20" x="111.05" y="113.27"/>
        <vehicle id="cfm-slow_5" eclass="HBEFA3/PC_G_EU4" CO2="63416.00" CO="1236.34" HC="7.20" NOx="29.45" PMx="1.60" fuel="27.26" electricity="0.00" noise="123.24" route="routeright" type="cfm-slow" waiting="0.00" lane="right_0" pos="42.04" speed="17.08" angle="288.86" x="80.71" y="130.11"/>
    </timestep>
    <timestep time="1.37">
        <vehicle id="cfm-fast_0" eclass="HBEFA3/PC_G_EU4" CO2="67747.14" CO="1322.11" HC="7.70" NOx="31.46" PMx="1.72" fuel="29.12" electricity="0.00" noise="123.78" route="routetop" type="cfm-fast" waiting="0.00" lane="top_1" pos="8.69" speed="18.25" angle="258.82" x="46.04" y="126.54"/>
        <vehicle id="cfm-fast_1" eclass="HBEFA3/PC_G_EU4" CO2="67747.15" CO="1322.11" HC="7.70" NOx="31.46" PMx="1.72" fuel="29.12" electricity="0.00" noise="123.78" route="routetop" type="cfm-fast" waiting="0.00" lane="top_0" pos="24.52" speed="18.25" angle="230.39" x="15.89" y="112.90"/>
        <vehicle id="cfm-fast_2" eclass="HBEFA3/PC_G_EU4" CO2="67747.44" CO="1322.11" HC="7.70" NOx="31.46" PMx="1.72" fuel="29.12" electricity="0.00" noise="123.78" route="routetop" type="cfm-fast" waiting="0.00" lane="top_1" pos="40.36" speed="18.25" angle="201.85" x="1.34" y="83.16"/>
        <vehicle id="cfm-fast_3" eclass="HBEFA3/PC_G_EU4" CO2="67754.05" CO="1322.24" HC="7.70" NOx="31.46" PMx="1.72" fuel="29.12" electricity="0.00" noise="123.78" route="routetop" type="cfm-fast" waiting="0.00" lane="left_0" pos="6.19" speed="18.25" angle="173.32" x="-3.64" y="50.34"/>
        <vehicle id="cfm-fast_4" eclass="HBEFA3/PC_G_EU4" CO2="67869.89" CO="1324.55" HC="7.71" NOx="31.52" PMx="1.72" fuel="29.17" electricity="0.00" noise="123.80" route="routeleft" type="cfm-fast" waiting="0.00" lane="left_1" pos="22.04" speed="18.28" angle="144.83" x="13.40" y="21.98"/>
        <vehicle id="cfm-fast_5" eclass="HBEFA3/PC_G_EU4" CO2="52384.76" CO="1005.54" HC="5.88" NOx="24.21" PMx="1.32" fuel="22.52" electricity="0.00" noise="109.32" route="routeleft" type="cfm-fast" waiting="0.00" lane="left_0" pos="38.04" speed="18.37" angle="116.05" x="38.44" y="-0.13"/>
        <vehicle id="cfm-slow_0" eclass="HBEFA3/PC_G_EU4" CO2="24377.46" CO="444.24" HC="2.62" NOx="11.09" PMx="0.59" fuel="10.48" electricity="0.00" noise="87.67" route="routebottom" type="cfm-slow" waiting="0.00" lane="bottom_0" pos="12.47" speed="14.49" angle="72.01" x="89.91" y="0.28"/>
        <vehicle id="cfm-slow_1" eclass="HBEFA3/PC_G_EU4" CO2="24393.96" CO="444.57" HC="2.62" NOx="11.10" PMx="0.59" fuel="10.49" electricity="0.00" noise="87.69" route="routebottom" type="cfm-slow" waiting="0.00" lane="bottom_0" pos="28.31" speed="14.49" angle="43.56" x="116.93" y="20.44"/>
        <vehicle id="cfm-slow_2" eclass="HBEFA3/PC_G_EU4" CO2="24548.30" CO="447.72" HC="2.64" NOx="11.17" PMx="0.59" fuel="10.55" electricity="0.00" noise="87.86" route="routebottom" type="cfm-slow" waiting="0.00" lane="bottom_0" pos="44.14" speed="14.49" angle="15.11" x="131.09" y="51.03"/>
        <vehicle id="cfm-slow_3" eclass="HBEFA3/PC_G_EU4" CO2="25771.29" CO="472.63" HC="2.79" NOx="11.74" PMx="0.62" fuel="11.08" electricity="0.00" noise="89.21" route="routebottom" type="cfm-slow" waiting="0.00" lane="right_0" pos="9.98" speed="14.54" angle="346.48" x="128.91" y="84.88"/>
        <vehicle id="cfm-slow_4" eclass="HBEFA3/PC_G_EU4" CO2="33171.94" CO="622.91" HC="3.65" NOx="15.23" PMx="0.82" fuel="14.26" electricity="0.00" noise="97.00" route="routeright" type="cfm-slow" waiting="0.00" lane="right_0" pos="25.88" speed="14.93" angle="317.93" x="110.82" y="113.48"/>
        <vehicle id="cfm-slow_5" eclass="HBEFA3/PC_G_EU4" CO2="63919.74" CO="1246.26" HC="7.26" NOx="29.68" PMx="1.62" fuel="27.48" electricity="0.00" noise="123.30" route="routeright" type="cfm-slow" waiting="0.00" lane="right_0" pos="42.21" speed="17.22" angle="288.55" x="80.35" y="130.21"/>
    </timestep>
    <timestep time="1.38">
        <vehicle id="cfm-fast_0" eclass="HBEFA3/PC_G_EU4" CO2="68253.38" CO="1332.21" HC="7.76" NOx="31.70" PMx="1.73" fuel="29.34" electricity="0.00" noise="123.85" route="routetop" type="cfm-fast" waiting="0.00" lane="top_1" pos="8.87" speed="18.39" angle="258.51" x="45.67" y="126.45"/>
        <vehicle id="cfm-fast_1" eclass="HBEFA3/PC_G_EU4" CO2="68253.39" CO="1332.21" HC="7.76" NOx="31.70" PMx="1.73" fuel="29.34" electricity="0.00" noise="123.85" route="routetop" type="cfm-fast" waiting="0.00" lane="top_0" pos="24.71" speed="18.39" angle="230.05" x="15.61" y="112.62"/>
        <vehicle id="cfm-fast_2" eclass="HBEFA3/PC_G_EU4" CO2="68253.68" CO="1332.21" HC="7.76" NOx="31.70" PMx="1.73" fuel="29.34" electricity="0.00" noise="123.85" route="routetop" type="cfm-fast" waiting="0.00" lane="top_1" pos="40.54" speed="18.39" angle="201.50" x="1.23" y="82.80"/>
        <vehicle id="cfm-fast_3" eclass="HBEFA3/PC_G_EU4" CO2="68260.29" CO="1332.35" HC="7.76" NOx="31.70" PMx="1.73" fuel="29.34" electricity="0.00" noise="123.85" route="routetop" type="cfm-fast" waiting="0.00" lane="left_0" pos="6.37" speed="18.39" angle="173.04" x="-3.57" y="49.95"/>
        <vehicle id="cfm-fast_4" eclass="HBEFA3/PC_G_EU4" CO2="68376.20" CO="1334.66" HC="7.77" NOx="31.75" PMx="1.73" fuel="29.39" electricity="0.00" noise="123.86" route="routeleft" type="cfm-fast" waiting="0.00" lane="left_1" pos="22.22" speed="18.42" angle="144.49" x="13.64" y="21.69"/>
        <vehicle id="cfm-fast_5" eclass="HBEFA3/PC_G_EU4" CO2="51854.84" CO="994.40" HC="5.81" NOx="23.96" PMx="1.30" fuel="22.29" electricity="0.00" noise="108.61" route="routeleft" type="cfm-fast" waiting="0.00" lane="left_0" pos="38.22" speed="18.47" angle="115.71" x="38.81" y="-0.28"/>
        <vehicle id="cfm-slow_0" eclass="HBEFA3/PC_G_EU4" CO2="24270.15" CO="441.71" HC="2.61" NOx="11.04" PMx="0.58" fuel="10.43" electricity="0.00" noise="87.47" route="routebottom" type="cfm-slow" waiting="0.00" lane="bottom_0" pos="12.62" speed="14.55" angle="71.75" x="90.20" y="0.39"/>
        <vehicle id="cfm-slow_1" eclass="HBEFA3/PC_G_EU4" CO2="24287.99" CO="442.07" HC="2.61" NOx="11.04" PMx="0.58" fuel="10.44" electricity="0.00" noise="87.49" route="routebottom" type="cfm-slow" waiting="0.00" lane="bottom_0" pos="28.45" speed="14.55" angle="43.29" x="117.12" y="20.68"/>
        <vehicle id="cfm-slow_2" eclass="HBEFA3/PC_G_EU4" CO2="24452.76" CO="445.43" HC="2.63" NOx="11.12" PMx="0.59" fuel="10.51" electricity="0.00" noise="87.67" route="routebottom" type="cfm-slow" waiting="0.00" lane="bottom_0" pos="44.28" speed="14.55" angle="14.83" x="131.15" y="51.34"/>
        <vehicle id="cfm-slow_3" eclass="HBEFA3/PC_G_EU4" CO2="25735.81" CO="471.56" HC="2.78" NOx="11.73" PMx="0.62" fuel="11.06" electricity="0.00" noise="89.08" route="routebottom" type="cfm-slow" waiting="0.00" lane="right_0" pos="10.13" speed="14.61" angle="346.24" x="128.82" y="85.18"/>
        <vehicle id="cfm-slow_4" eclass="HBEFA3/PC_G_EU4" CO2="33347.41" CO="626.12" HC="3.67" NOx="15.31" PMx="0.82" fuel="14.33" electricity="0.00" noise="97.04" route="routeright" type="cfm-slow" waiting="0.00" lane="right_0" pos="26.03" speed="15.01" angle="317.66" x="110.58" y="113.70"/>
        <vehicle id="cfm-slow_5" eclass="HBEFA3/PC_G_EU4" CO2="64423.76" CO="1256.20" HC="7.32" NOx="29.91" PMx="1.63" fuel="27.69" electricity="0.00" noise="123.37" route="routeright" type="cfm-slow" waiting="0.00" lane="right_0" pos="42.38" speed="17.35" angle="288.29" x="79.99" y="130.30"/>
    </timestep>
    <timestep time="1.39">
        <vehicle id="cfm-fast_0" eclass="HBEFA3/PC_G_EU4" CO2="68759.91" CO="1342.33" HC="7.82" NOx="31.93" PMx="1.74" fuel="29.56" electricity="0.00" noise="123.91" route="routetop" type="cfm-fast" waiting="0.00" lane="top_1" pos="9.06" speed="18.52" angle="258.21" x="45.31" y="126.34"/>
        <vehicle id="cfm-fast_1" eclass="HBEFA3/PC_G_EU4" CO2="68759.92" CO="1342.33" HC="7.82" NOx="31.93" PMx="1.74" fuel="29.56" electricity="0.00" noise="123.91" route="routetop" type="cfm-fast" waiting="0.00" lane="top_0" pos="24.89" speed="18.52" angle="229.71" x="15.32" y="112.33"/>
        <vehicle id="cfm-fast_2" eclass="HBEFA3/PC_G_EU4" CO2="68760.21" CO="1342.33" HC="7.82" NOx="31.93" PMx="1.74" fuel="29.56" electricity="0.00" noise="123.91" route="routetop" type="cfm-fast" waiting="0.00" lane="top_1" pos="40.72" speed="18.52" angle="201.16" x="1.12" y="82.44"/>
        <vehicle id="cfm-fast_3" eclass="HBEFA3/PC_G_EU4" CO2="68766.83" CO="1342.47" HC="7.82" NOx="31.94" PMx="1.74" fuel="29.56" electricity="0.00" noise="123.91" route="routetop" type="cfm-fast" waiting="0.00" lane="left_0" pos="6.56" speed="18.53" angle="172.69" x="-3.48" y="49.56"/>
        <vehicle id="cfm-fast_4" eclass="HBEFA3/PC_G_EU4" CO2="68882.80" CO="1344.79" HC="7.83" NOx="31.99" PMx="1.75" fuel="29.61" electricity="0.00" noise="123.93" route="routeleft" type="cfm-fast" waiting="0.00" lane="left_1" pos="22.41" speed="18.56" angle="144.14" x="13.89" y="21.40"/>
        <vehicle id="cfm-fast_5" eclass="HBEFA3/PC_G_EU4" CO2="51322.14" CO="983.21" HC="5.75" NOx="23.70" PMx="1.29" fuel="22.06" electricity="0.00" noise="107.92" route="routeleft" type="cfm-fast" waiting="0.00" lane="left_0" pos="38.41" speed="18.57" angle="115.39" x="39.18" y="-0.43"/>
        <vehicle id="cfm-slow_0" eclass="HBEFA3/PC_G_EU4" CO2="24162.31" CO="439.17" HC="2.59" NOx="10.98" PMx="0.58" fuel="10.39" electricity="0.00" noise="87.26" route="routebottom" type="cfm-slow" waiting="0.00" lane="bottom_0" pos="12.76" speed="14.60" angle="71.53" x="90.49" y="0.51"/>
        <vehicle id="cfm-slow_1" eclass="HBEFA3/PC_G_EU4" CO2="24181.58" CO="439.57" HC="2.60" NOx="10.99" PMx="0.58" fuel="10.39" electricity="0.00" noise="87.29" route="routebottom" type="cfm-slow" waiting="0.00" lane="bottom_0" pos="28.60" speed="14.60" angle="43.02" x="117.32" y="20.93"/>
        <vehicle id="cfm-slow_2" eclass="HBEFA3/PC_G_EU4" CO2="24357.26" CO="443.15" HC="2.62" NOx="11.08" PMx="0.59" fuel="10.47" electricity="0.00" noise="87.48" route="routebottom" type="cfm-slow" waiting="0.00" lane="bottom_0" pos="44.43" speed="14.61" angle="14.55" x="131.20" y="51.65"/>
        <vehicle id="cfm-slow_3" eclass="HBEFA3/PC_G_EU4" CO2="25701.83" CO="470.53" HC="2.77" NOx="11.71" PMx="0.62" fuel="11.05" electricity="0.00" noise="88.95" route="routebottom" type="cfm-slow" waiting="0.00" lane="right_0" pos="10.27" speed="14.67" angle="346.02" x="128.72" y="85.48"/>
        <vehicle id="cfm-slow_4" eclass="HBEFA3/PC_G_EU4" CO2="33525.03" CO="629.37" HC="3.69" NOx="15.39" PMx="0.82" fuel="14.41" electricity="0.00" noise="97.08" route="routeright" type="cfm-slow" waiting="0.00" lane="right_0" pos="26.18" speed="15.09" angle="317.38" x="110.34" y="113.92"/>
        <vehicle id="cfm-slow_5" eclass="HBEFA3/PC_G_EU4" CO2="64928.08" CO="1266.15" HC="7.37" NOx="30.15" PMx="1.64" fuel="27.91" electricity="0.00" noise="123.43" route="routeright" type="cfm-slow" waiting="0.00" lane="right_0" pos="42.56" speed="17.49" angle="287.98" x="79.62" y="130.39"/>
    </timestep>
    <timestep time="1.40">
        <vehicle id="cfm-fast_0" eclass="HBEFA3/PC_G_EU4" CO2="69266.73" CO="1352.47" HC="7.88" NOx="32.17" PMx="1.76" fuel="29.77" electricity="0.00" noise="123.97" route="routetop" type="cfm-fast" waiting="0.00" lane="top_1" pos="9.24" speed="18.66" angle="257.87" x="44.94" y="126.23"/>
        <vehicle id="cfm-fast_1" eclass="HBEFA3/PC_G_EU4" CO2="69266.74" CO="1352.47" HC="7.88" NOx="32.17" PMx="1.76" fuel="29.77" electricity="0.00" noise="123.97" route="routetop" type="cfm-fast" waiting="0.00" lane="top_0" pos="25.08" speed="18.66" angle="229.37" x="15.04" y="112.05"/>
        <vehicle id="cfm-fast_2" eclass="HBEFA3/PC_G_EU4" CO2="69267.03" CO="1352.48" HC="7.88" NOx="32.17" PMx="1.76" fuel="29.77" electricity="0.00" noise="123.97" route="routetop" type="cfm-fast" waiting="0.00" lane="top_1" pos="40.91" speed="18.66" angle="200.81" x="1.00" y="82.07"/>
        <vehicle id="cfm-fast_3" eclass="HBEFA3/PC_G_EU4" CO2="69273.65" CO="1352.61" HC="7.88" NOx="32.17" PMx="1.76" fuel="29.78" electricity="0.00" noise="123.97" route="routetop" type="cfm-fast" waiting="0.00" lane="left_0" pos="6.75" speed="18.66" angle="172.33" x="-3.39" y="49.17"/>
        <vehicle id="cfm-fast_4" eclass="HBEFA3/PC_G_EU4" CO2="69389.69" CO="1354.93" HC="7.89" NOx="32.23" PMx="1.76" fuel="29.83" electricity="0.00" noise="123.99" route="routeleft" type="cfm-fast" waiting="0.00" lane="left_1" pos="22.59" speed="18.69" angle="143.79" x="14.14" y="21.11"/>
        <vehicle id="cfm-fast_5" eclass="HBEFA3/PC_G_EU4" CO2="50786.97" CO="971.98" HC="5.68" NOx="23.45" PMx="1.27" fuel="21.83" electricity="0.00" noise="107.24" route="routeleft" type="cfm-fast" waiting="0.00" lane="left_0" pos="38.59" speed="18.67" angle="115.08" x="39.55" y="-0.57"/>
        <vehicle id="cfm-slow_0" eclass="HBEFA3/PC_G_EU4" CO2="24053.98" CO="436.63" HC="2.58" NOx="10.93" PMx="0.58" fuel="10.34" electricity="0.00" noise="87.06" route="routebottom" type="cfm-slow" waiting="0.00" lane="bottom_0" pos="12.91" speed="14.66" angle="71.27" x="90.78" y="0.64"/>
        <vehicle id="cfm-slow_1" eclass="HBEFA3/PC_G_EU4" CO2="24074.76" CO="437.06" HC="2.58" NOx="10.94" PMx="0.58" fuel="10.35" electricity="0.00" noise="87.09" route="routebottom" type="cfm-slow" waiting="0.00" lane="bottom_0" pos="28.74" speed="14.66" angle="42.74" x="117.51" y="21.18"/>
        <vehicle id="cfm-slow_2" eclass="HBEFA3/PC_G_EU4" CO2="24261.86" CO="440.87" HC="2.60" NOx="11.03" PMx="0.58" fuel="10.43" electricity="0.00" noise="87.29" route="routebottom" type="cfm-slow" waiting="0.00" lane="bottom_0" pos="44.58" speed="14.67" angle="14.28" x="131.26" y="51.96"/>
        <vehicle id="cfm-slow_3" eclass="HBEFA3/PC_G_EU4" CO2="25669.36" CO="469.53" HC="2.77" NOx="11.69" PMx="0.62" fuel="11.03" electricity="0.00" noise="88.82" route="routebottom" type="cfm-slow" waiting="0.00" lane="right_0" pos="10.42" speed="14.73" angle="345.74" x="128.61" y="85.78"/>
        <vehicle id="cfm-slow_4" eclass="HBEFA3/PC_G_EU4" CO2="33704.81" CO="632.67" HC="3.71" NOx="15.47" PMx="0.83" fuel="14.49" electricity="0.00" noise="97.13" route="routeright" type="cfm-slow" waiting="0.00" lane="right_0" pos="26.33" speed="15.17" angle="317.10" x="110.10" y="114.15"/>
        <vehicle id="cfm-slow_5" eclass="HBEFA3/PC_G_EU4" CO2="65432.69" CO="1276.13" HC="7.43" NOx="30.38" PMx="1.66" fuel="28.13" electricity="0.00" noise="123.49" route="routeright" type="cfm-slow" waiting="0.00" lane="right_0" pos="42.74" speed="17.63" angle="287.65" x="79.25" y="130.47"/>
    </timestep>
    <timestep time="1.41">
        <vehicle id="cfm-fast_0" eclass="HBEFA3/PC_G_EU4" CO2="69773.85" CO="1362.64" HC="7.93" NOx="32.40" PMx="1.77" fuel="29.99" electricity="0.00" noise="124.04" route="routetop" type="cfm-fast" waiting="0.00" lane="top_1" pos="9.43" speed="18.80" angle="257.53" x="44.57" y="126.11"/>
        <vehicle id="cfm-fast_1" eclass="HBEFA3/PC_G_EU4" CO2="69773.86" CO="1362.64" HC="7.93" NOx="32.40" PMx="1.77" fuel="29.99" electricity="0.00" noise="124.04" route="routetop" type="cfm-fast" waiting="0.00" lane="top_0" pos="25.27" speed="18.80" angle="229.02" x="14.75" y="111.76"/>
        <vehicle id="cfm-fast_2" eclass="HBEFA3/PC_G_EU4" CO2="69774.15" CO="1362.64" HC="7.93" NOx="32.40" PMx="1.77" fuel="29.99" electricity="0.00" noise="124.04" route="routetop" type="cfm-fast" waiting="0.00" lane="top_1" pos="41.10" speed="18.80" angle="200.52" x="0.90" y="81.70"/>
        <vehicle id="cfm-fast_3" eclass="HBEFA3/PC_G_EU4" CO2="69780.77" CO="1362.77" HC="7.94" NOx="32.41" PMx="1.77" fuel="30.00" electricity="0.00" noise="124.04" route="routetop" type="cfm-fast" waiting="0.00" lane="left_0" pos="6.93" speed="18.80" angle="171.97" x="-3.30" y="48.77"/>
        <vehicle id="cfm-fast_4" eclass="HBEFA3/PC_G_EU4" CO2="69896.88" CO="1365.10" HC="7.95" NOx="32.46" PMx="1.77" fuel="30.05" electricity="0.00" noise="124.05" route="routeleft" type="cfm-fast" waiting="0.00" lane="left_1" pos="22.78" speed="18.83" angle="143.44" x="14.39" y="20.81"/>
        <vehicle id="cfm-fast_5" eclass="HBEFA3/PC_G_EU4" CO2="50249.65" CO="960.72" HC="5.62" NOx="23.19" PMx="1.26" fuel="21.60" electricity="0.00" noise="106.56" route="routeleft" type="cfm-fast" waiting="0.00" lane="left_0" pos="38.78" speed="18.77" angle="114.74" x="39.93" y="-0.71"/>
        <vehicle id="cfm-slow_0" eclass="HBEFA3/PC_G_EU4" CO2="23945.18" CO="434.09" HC="2.57" NOx="10.88" PMx="0.57" fuel="10.29" electricity="0.00" noise="86.86" route="routebottom" type="cfm-slow" waiting="0.00" lane="bottom_0" pos="13.06" speed="14.72" angle="71.00" x="91.07" y="0.77"/>
        <vehicle id="cfm-slow_1" eclass="HBEFA3/PC_G_EU4" CO2="23967.58" CO="434.55" HC="2.57" NOx="10.89" PMx="0.58" fuel="10.30" electricity="0.00" noise="86.89" route="routebottom" type="cfm-slow" waiting="0.00" lane="bottom_0" pos="28.89" speed="14.72" angle="42.47" x="117.71" y="21.43"/>
        <vehicle id="cfm-slow_2" eclass="HBEFA3/PC_G_EU4" CO2="24166.59" CO="438.61" HC="2.59" NOx="10.98" PMx="0.58" fuel="10.39" electricity="0.00" noise="87.10" route="routebottom" type="cfm-slow" waiting="0.00" lane="bottom_0" pos="44.72" speed="14.72" angle="14.00" x="131.32" y="52.27"/>
        <vehicle id="cfm-slow_3" eclass="HBEFA3/PC_G_EU4" CO2="25638.46" CO="468.57" HC="2.76" NOx="11.68" PMx="0.62" fuel="11.02" electricity="0.00" noise="88.70" route="routebottom" type="cfm-slow" waiting="0.00" lane="right_0" pos="10.57" speed="14.79" angle="345.46" x="128.51" y="86.07"/>
        <vehicle id="cfm-slow_4" eclass="HBEFA3/PC_G_EU4" CO2="33886.75" CO="636.03" HC="3.73" NOx="15.56" PMx="0.83" fuel="14.57" electricity="0.00" noise="97.17" route="routeright" type="cfm-slow" waiting="0.00" lane="right_0" pos="26.48" speed="15.25" angle="316.82" x="109.86" y="114.37"/>
        <vehicle id="cfm-slow_5" eclass="HBEFA3/PC_G_EU4" CO2="65937.59" CO="1286.13" HC="7.49" NOx="30.62" PMx="1.67" fuel="28.34" electricity="0.00" noise="123.56" route="routeright" type="cfm-slow" waiting="0.00" lane="right_0" pos="42.91" speed="17.76" angle="287.33" x="78.88" y="130.55"/>
    </timestep>
    <timestep time="1.42">
        <vehicle id="cfm-fast_0" eclass="HBEFA3/PC_G_EU4" CO2="70281.25" CO="1372.82" HC="7.99" NOx="32.64" PMx="1.78" fuel="30.21" electricity="0.00" noise="124.10" route="routetop" type="cfm-fast" waiting="0.00" lane="top_1" pos="9.62" speed="18.93" angle="257.18" x="44.20" y="126.00"/>
        <vehicle id="cfm-fast_1" eclass="HBEFA3/PC_G_EU4" CO2="70281.26" CO="1372.82" HC="7.99" NOx="32.64" PMx="1.78" fuel="30.21" electricity="0.00" noise="124.10" route="routetop" type="cfm-fast" waiting="0.00" lane="top_0" pos="25.46" speed="18.93" angle="228.68" x="14.47" y="111.48"/>
        <vehicle id="cfm-fast_2" eclass="HBEFA3/PC_G_EU4" CO2="70281.55" CO="1372.83" HC="7.99" NOx="32.64" PMx="1.78" fuel="30.21" electricity="0.00" noise="124.10" route="routetop" type="cfm-fast" waiting="0.00" lane="top_1" pos="41.29" speed="18.93" angle="200.17" x="0.79" y="81.33"/>
        <vehicle id="cfm-fast_3" eclass="HBEFA3/PC_G_EU4" CO2="70288.18" CO="1372.96" HC="7.99" NOx="32.64" PMx="1.78" fuel="30.21" electricity="0.00" noise="124.10" route="routetop" type="cfm-fast" waiting="0.00" lane="left_0" pos="7.12" speed="18.94" angle="171.60" x="-3.21" y="48.38"/>
        <vehicle id="cfm-fast_4" eclass="HBEFA3/PC_G_EU4" CO2="70404.36" CO="1375.30" HC="8.01" NOx="32.70" PMx="1.79" fuel="30.26" electricity="0.00" noise="124.12" route="routeleft" type="cfm-fast" waiting="0.00" lane="left_1" pos="22.97" speed="18.97" angle="143.10" x="14.64" y="20.52"/>
        <vehicle id="cfm-fast_5" eclass="HBEFA3/PC_G_EU4" CO2="49710.48" CO="949.44" HC="5.55" NOx="22.94" PMx="1.25" fuel="21.37" electricity="0.00" noise="105.89" route="routeleft" type="cfm-fast" waiting="0.00" lane="left_0" pos="38.97" speed="18.86" angle="114.39" x="40.32" y="-0.84"/>
        <vehicle id="cfm-slow_0" eclass="HBEFA3/PC_G_EU4" CO2="23835.95" CO="431.55" HC="2.55" NOx="10.83" PMx="0.57" fuel="10.25" electricity="0.00" noise="86.66" route="routebottom" type="cfm-slow" waiting="0.00" lane="bottom_0" pos="13.20" speed="14.77" angle="70.73" x="91.36" y="0.90"/>
        <vehicle id="cfm-slow_1" eclass="HBEFA3/PC_G_EU4" CO2="23860.07" CO="432.04" HC="2.55" NOx="10.84" PMx="0.57" fuel="10.26" electricity="0.00" noise="86.69" route="routebottom" type="cfm-slow" waiting="0.00" lane="bottom_0" pos="29.04" speed="14.77" angle="42.20" x="117.90" y="21.68"/>
        <vehicle id="cfm-slow_2" eclass="HBEFA3/PC_G_EU4" CO2="24071.51" CO="436.35" HC="2.58" NOx="10.94" PMx="0.58" fuel="10.35" electricity="0.00" noise="86.92" route="routebottom" type="cfm-slow" waiting="0.00" lane="bottom_0" pos="44.87" speed="14.78" angle="13.77" x="131.38" y="52.59"/>
        <vehicle id="cfm-slow_3" eclass="HBEFA3/PC_G_EU4" CO2="25609.14" CO="467.65" HC="2.76" NOx="11.66" PMx="0.62" fuel="11.01" electricity="0.00" noise="88.58" route="routebottom" type="cfm-slow" waiting="0.00" lane="right_0" pos="10.72" speed="14.85" angle="345.17" x="128.40" y="86.38"/>
        <vehicle id="cfm-slow_4" eclass="HBEFA3/PC_G_EU4" CO2="34070.85" CO="639.43" HC="3.75" NOx="15.64" PMx="0.84" fuel="14.65" electricity="0.00" noise="97.22" route="routeright" type="cfm-slow" waiting="0.00" lane="right_0" pos="26.63" speed="15.33" angle="316.55" x="109.62" y="114.59"/>
        <vehicle id="cfm-slow_5" eclass="HBEFA3/PC_G_EU4" CO2="66442.78" CO="1296.16" HC="7.55" NOx="30.85" PMx="1.68" fuel="28.56" electricity="0.00" noise="123.62" route="routeright" type="cfm-slow" waiting="0.00" lane="right_0" pos="43.09" speed="17.90" angle="287.00" x="78.50" y="130.64"/>
    </timestep>
    <timestep time="1.43">
        <vehicle id="cfm-fast_0" eclass="HBEFA3/PC_G_EU4" CO2="70788.95" CO="1383.03" HC="8.05" NOx="32.88" PMx="1.80" fuel="30.43" electricity="0.00" noise="124.16" route="routetop" type="cfm-fast" waiting="0.00" lane="top_1" pos="9.81" speed="19.07" angle="256.83" x="43.83" y="125.88"/>
        <vehicle id="cfm-fast_1" eclass="HBEFA3/PC_G_EU4" CO2="70788.96" CO="1383.03" HC="8.05" NOx="32.88" PMx="1.80" fuel="30.43" electricity="0.00" noise="124.16" route="routetop" type="cfm-fast" waiting="0.00" lane="top_0" pos="25.65" speed="19.07" angle="228.39" x="14.18" y="111.19"/>
        <vehicle id="cfm-fast_2" eclass="HBEFA3/PC_G_EU4" CO2="70789.25" CO="1383.04" HC="8.05" NOx="32.88" PMx="1.80" fuel="30.43" electricity="0.00" noise="124.16" route="routetop" type="cfm-fast" waiting="0.00" lane="top_1" pos="41.48" speed="19.07" angle="199.82" x="0.69" y="80.95"/>
        <vehicle id="cfm-fast_3" eclass="HBEFA3/PC_G_EU4" CO2="70795.88" CO="1383.17" HC="8.05" NOx="32.88" PMx="1.80" fuel="30.43" electricity="0.00" noise="124.16" route="routetop" type="cfm-fast" waiting="0.00" lane="left_0" pos="7.31" speed="19.07" angle="171.24" x="-3.12" y="47.98"/>
        <vehicle id="cfm-fast_4" eclass="HBEFA3/PC_G_EU4" CO2="70912.13" CO="1385.51" HC="8.07" NOx="32.93" PMx="1.80" fuel="30.48" electricity="0.00" noise="124.18" route="routeleft" type="cfm-fast" waiting="0.00" lane="left_1" pos="23.16" speed="19.10" angle="142.80" x="14.90" y="20.22"/>
        <vehicle id="cfm-fast_5" eclass="HBEFA3/PC_G_EU4" CO2="49169.75" CO="938.13" HC="5.49" NOx="22.68" PMx="1.23" fuel="21.14" electricity="0.00" noise="105.24" route="routeleft" type="cfm-fast" waiting="0.00" lane="left_0" pos="39.16" speed="18.96" angle="114.04" x="40.70" y="-0.98"/>
        <vehicle id="cfm-slow_0" eclass="HBEFA3/PC_G_EU4" CO2="23726.33" CO="429.00" HC="2.54" NOx="10.77" PMx="0.57" fuel="10.20" electricity="0.00" noise="86.47" route="routebottom" type="cfm-slow" waiting="0.00" lane="bottom_0" pos="13.35" speed="14.83" angle="70.45" x="91.65" y="1.03"/>
        <vehicle id="cfm-slow_1" eclass="HBEFA3/PC_G_EU4" CO2="23752.26" CO="429.52" HC="2.54" NOx="10.78" PMx="0.57" fuel="10.21" electricity="0.00" noise="86.50" route="routebottom" type="cfm-slow" waiting="0.00" lane="bottom_0" pos="29.19" speed="14.83" angle="41.92" x="118.10" y="21.93"/>
        <vehicle id="cfm-slow_2" eclass="HBEFA3/PC_G_EU4" CO2="23976.66" CO="434.10" HC="2.57" NOx="10.89" PMx="0.58" fuel="10.31" electricity="0.00" noise="86.74" route="routebottom" type="cfm-slow" waiting="0.00" lane="bottom_0" pos="45.02" speed="14.84" angle="13.52" x="131.42" y="52.90"/>
        <vehicle id="cfm-slow_3" eclass="HBEFA3/PC_G_EU4" CO2="25581.45" CO="466.77" HC="2.75" NOx="11.65" PMx="0.62" fuel="11.00" electricity="0.00" noise="88.46" route="routebottom" type="cfm-slow" waiting="0.00" lane="right_0" pos="10.86" speed="14.91" angle="344.89" x="128.29" y="86.68"/>
        <vehicle id="cfm-slow_4" eclass="HBEFA3/PC_G_EU4" CO2="34257.12" CO="642.88" HC="3.77" NOx="15.73" PMx="0.84" fuel="14.73" electricity="0.00" noise="97.28" route="routeright" type="cfm-slow" waiting="0.00" lane="right_0" pos="26.79" speed="15.41" angle="316.27" x="109.38" y="114.82"/>
        <vehicle id="cfm-slow_5" eclass="HBEFA3/PC_G_EU4" CO2="66948.27" CO="1306.20" HC="7.61" NOx="31.09" PMx="1.70" fuel="28.78" electricity="0.00" noise="123.68" route="routeright" type="cfm-slow" waiting="0.00" lane="right_0" pos="43.27" speed="18.04" angle="286.67" x="78.12" y="130.72"/>
    </timestep>
    <timestep time="1.44">
        <vehicle id="cfm-fast_0" eclass="HBEFA3/PC_G_EU4" CO2="71296.94" CO="1393.26" HC="8.11" NOx="33.11" PMx="1.81" fuel="30.65" electricity="0.00" noise="124.23" route="routetop" type="cfm-fast" waiting="0.00" lane="top_1" pos="10.00" speed="19.21" angle="256.48" x="43.45" y="125.77"/>
        <vehicle id="cfm-fast_1" eclass="HBEFA3/PC_G_EU4" CO2="71296.95" CO="1393.26" HC="8.11" NOx="33.11" PMx="1.81" fuel="30.65" electricity="0.00" noise="124.23" route="routetop" type="cfm-fast" waiting="0.00" lane="top_0" pos="25.84" speed="19.21" angle="228.03" x="13.90" y="110.88"/>
        <vehicle id="cfm-fast_2" eclass="HBEFA3/PC_G_EU4" CO2="71297.24" CO="1393.26" HC="8.11" NOx="33.11" PMx="1.81" fuel="30.65" electricity="0.00" noise="124.23" route="routetop" type="cfm-fast" waiting="0.00" lane="top_1" pos="41.67" speed="19.21" angle="199.47" x="0.59" y="80.57"/>
        <vehicle id="cfm-fast_3" eclass="HBEFA3/PC_G_EU4" CO2="71303.88" CO="1393.40" HC="8.11" NOx="33.12" PMx="1.81" fuel="30.65" electricity="0.00" noise="124.23" route="routetop" type="cfm-fast" waiting="0.00" lane="left_0" pos="7.51" speed="19.21" angle="170.87" x="-3.03" y="47.57"/>
        <vehicle id="cfm-fast_4" eclass="HBEFA3/PC_G_EU4" CO2="71420.19" CO="1395.74" HC="8.13" NOx="33.17" PMx="1.81" fuel="30.70" electricity="0.00" noise="124.24" route="routeleft" type="cfm-fast" waiting="0.00" lane="left_1" pos="23.36" speed="19.24" angle="142.46" x="15.17" y="19.93"/>
        <vehicle id="cfm-fast_5" eclass="HBEFA3/PC_G_EU4" CO2="48627.73" CO="926.81" HC="5.42" NOx="22.42" PMx="1.22" fuel="20.90" electricity="0.00" noise="104.59" route="routeleft" type="cfm-fast" waiting="0.00" lane="left_0" pos="39.35" speed="19.05" angle="113.69" x="41.09" y="-1.12"/>
        <vehicle id="cfm-slow_0" eclass="HBEFA3/PC_G_EU4" CO2="23616.33" CO="426.44" HC="2.52" NOx="10.72" PMx="0.57" fuel="10.15" electricity="0.00" noise="86.27" route="routebottom" type="cfm-slow" waiting="0.00" lane="bottom_0" pos="13.50" speed="14.88" angle="70.18" x="91.94" y="1.16"/>
        <vehicle id="cfm-slow_1" eclass="HBEFA3/PC_G_EU4" CO2="23644.19" CO="427.01" HC="2.53" NOx="10.73" PMx="0.57" fuel="10.16" electricity="0.00" noise="86.30" route="routebottom" type="cfm-slow" waiting="0.00" lane="bottom_0" pos="29.34" speed="14.88" angle="41.65" x="118.30" y="22.18"/>
        <vehicle id="cfm-slow_2" eclass="HBEFA3/PC_G_EU4" CO2="23882.08" CO="431.86" HC="2.55" NOx="10.84" PMx="0.57" fuel="10.27" electricity="0.00" noise="86.56" route="routebottom" type="cfm-slow" waiting="0.00" lane="bottom_0" pos="45.17" speed="14.89" angle="13.25" x="131.47" y="53.22"/>
        <vehicle id="cfm-slow_3" eclass="HBEFA3/PC_G_EU4" CO2="25555.41" CO="465.93" HC="2.75" NOx="11.63" PMx="0.62" fuel="10.98" electricity="0.00" noise="88.35" route="routebottom" type="cfm-slow" waiting="0.00" lane="right_0" pos="11.01" speed="14.97" angle="344.60" x="128.18" y="86.98"/>
        <vehicle id="cfm-slow_4" eclass="HBEFA3/PC_G_EU4" CO2="34445.57" CO="646.38" HC="3.79" NOx="15.81" PMx="0.85" fuel="14.81" electricity="0.00" noise="97.33" route="routeright" type="cfm-slow" waiting="0.00" lane="right_0" pos="26.94" speed="15.49" angle="316.04" x="109.13" y="115.04"/>
        <vehicle id="cfm-slow_5" eclass="HBEFA3/PC_G_EU4" CO2="67454.05" CO="1316.27" HC="7.67" NOx="31.32" PMx="1.71" fuel="29.00" electricity="0.00" noise="123.75" route="routeright" type="cfm-slow" waiting="0.00" lane="right_0" pos="43.45" speed="18.17" angle="286.34" x="77.74" y="130.81"/>
    </timestep>
    <timestep time="1.45">
        <vehicle id="cfm-fast_0" eclass="HBEFA3/PC_G_EU4" CO2="71805.22" CO="1403.51" HC="8.17" NOx="33.35" PMx="1.82" fuel="30.87" electricity="0.00" noise="124.29" route="routetop" type="cfm-fast" waiting="0.00" lane="top_1" pos="10.20" speed="19.34" angle="256.16" x="43.07" y="125.65"/>
        <vehicle id="cfm-fast_1" eclass="HBEFA3/PC_G_EU4" CO2="71805.23" CO="1403.51" HC="8.17" NOx="33.35" PMx="1.82" fuel="30.87" electricity="0.00" noise="124.29" route="routetop" type="cfm-fast" waiting="0.00" lane="top_0" pos="26.03" speed="19.34" angle="227.67" x="13.61" y="110.58"/>
        <vehicle id="cfm-fast_2" eclass="HBEFA3/PC_G_EU4" CO2="71805.52" CO="1403.51" HC="8.17" NOx="33.35" PMx="1.82" fuel="30.87" electricity="0.00" noise="124.29" route="routetop" type="cfm-fast" waiting="0.00" lane="top_1" pos="41.86" speed="19.34" angle="199.11" x="0.49" y="80.19"/>
        <vehicle id="cfm-fast_3" eclass="HBEFA3/PC_G_EU4" CO2="71812.16" CO="1403.65" HC="8.17" NOx="33.35" PMx="1.82" fuel="30.87" electricity="0.00" noise="124.29" route="routetop" type="cfm-fast" waiting="0.00" lane="left_0" pos="7.70" speed="19.34" angle="170.57" x="-2.93" y="47.17"/>
        <vehicle id="cfm-fast_4" eclass="HBEFA3/PC_G_EU4" CO2="71928.54" CO="1406.00" HC="8.19" NOx="33.41" PMx="1.83" fuel="30.92" electricity="0.00" noise="124.31" route="routeleft" type="cfm-fast" waiting="0.00" lane="left_1" pos="23.55" speed="19.38" angle="142.11" x="15.43" y="19.64"/>
        <vehicle id="cfm-fast_5" eclass="HBEFA3/PC_G_EU4" CO2="48084.70" CO="915.47" HC="5.36" NOx="22.16" PMx="1.20" fuel="20.67" electricity="0.00" noise="103.95" route="routeleft" type="cfm-fast" waiting="0.00" lane="left_0" pos="39.54" speed="19.14" angle="113.34" x="41.47" y="-1.26"/>
        <vehicle id="cfm-slow_0" eclass="HBEFA3/PC_G_EU4" CO2="23506.00" CO="423.89" HC="2.51" NOx="10.67" PMx="0.56" fuel="10.10" electricity="0.00" noise="86.08" route="routebottom" type="cfm-slow" waiting="0.00" lane="bottom_0" pos="13.65" speed="14.94" angle="69.90" x="92.23" y="1.29"/>
        <vehicle id="cfm-slow_1" eclass="HBEFA3/PC_G_EU4" CO2="23535.89" CO="424.50" HC="2.51" NOx="10.68" PMx="0.56" fuel="10.12" electricity="0.00" noise="86.11" route="routebottom" type="cfm-slow" waiting="0.00" lane="bottom_0" pos="29.48" speed="14.94" angle="41.43" x="118.50" y="22.43"/>
        <vehicle id="cfm-slow_2" eclass="HBEFA3/PC_G_EU4" CO2="23787.81" CO="429.64" HC="2.54" NOx="10.80" PMx="0.57" fuel="10.23" electricity="0.00" noise="86.39" route="routebottom" type="cfm-slow" waiting="0.00" lane="bottom_0" pos="45.32" speed="14.95" angle="12.98" x="131.52" y="53.54"/>
        <vehicle id="cfm-slow_3" eclass="HBEFA3/PC_G_EU4" CO2="25531.05" CO="465.12" HC="2.75" NOx="11.62" PMx="0.62" fuel="10.97" electricity="0.00" noise="88.24" route="routebottom" type="cfm-slow" waiting="0.00" lane="right_0" pos="11.16" speed="15.03" angle="344.32" x="128.07" y="87.28"/>
        <vehicle id="cfm-slow_4" eclass="HBEFA3/PC_G_EU4" CO2="34636.18" CO="649.94" HC="3.81" NOx="15.90" PMx="0.85" fuel="14.89" electricity="0.00" noise="97.39" route="routeright" type="cfm-slow" waiting="0.00" lane="right_0" pos="27.10" speed="15.57" angle="315.75" x="108.88" y="115.26"/>
        <vehicle id="cfm-slow_5" eclass="HBEFA3/PC_G_EU4" CO2="67960.11" CO="1326.35" HC="7.72" NOx="31.56" PMx="1.72" fuel="29.21" electricity="0.00" noise="123.81" route="routeright" type="cfm-slow" waiting="0.00" lane="right_0" pos="43.64" speed="18.31" angle="286.06" x="77.36" y="130.89"/>
    </timestep>
    <timestep time="1.46">
        <vehicle id="cfm-fast_0" eclass="HBEFA3/PC_G_EU4" CO2="72313.80" CO="1413.78" HC="8.23" NOx="33.59" PMx="1.84" fuel="31.08" electricity="0.00" noise="124.35" route="routetop" type="cfm-fast" waiting="0.00" lane="top_1" pos="10.39" speed="19.48" angle="255.81" x="42.70" y="125.52"/>
        <vehicle id="cfm-fast_1" eclass="HBEFA3/PC_G_EU4" CO2="72313.81" CO="1413.78" HC="8.23" NOx="33.59" PMx="1.84" fuel="31.08" electricity="0.00" noise="124.35" route="routetop" type="cfm-fast" waiting="0.00" lane="top_0" pos="26.23" speed="19.48" angle="227.31" x="13.33" y="110.27"/>
        <vehicle id="cfm-fast_2" eclass="HBEFA3/PC_G_EU4" CO2="72314.10" CO="1413.79" HC="8.23" NOx="33.59" PMx="1.84" fuel="31.08" electricity="0.00" noise="124.35" route="routetop" type="cfm-fast" waiting="0.00" lane="top_1" pos="42.06" speed="19.48" angle="198.75" x="0.38" y="79.80"/>
        <vehicle id="cfm-fast_3" eclass="HBEFA3/PC_G_EU4" CO2="72320.74" CO="1413.92" HC="8.23" NOx="33.59" PMx="1.84" fuel="31.09" electricity="0.00" noise="124.36" route="routetop" type="cfm-fast" waiting="0.00" lane="left_0" pos="7.89" speed="19.48" angle="170.21" x="-2.82" y="46.76"/>
        <vehicle id="cfm-fast_4" eclass="HBEFA3/PC_G_EU4" CO2="72437.18" CO="1416.28" HC="8.25" NOx="33.64" PMx="1.84" fuel="31.14" electricity="0.00" noise="124.37" route="routeleft" type="cfm-fast" waiting="0.00" lane="left_1" pos="23.74" speed="19.51" angle="141.76" x="15.71" y="19.35"/>
        <vehicle id="cfm-fast_5" eclass="HBEFA3/PC_G_EU4" CO2="47540.91" CO="904.13" HC="5.29" NOx="21.90" PMx="1.19" fuel="20.44" electricity="0.00" noise="103.31" route="routeleft" type="cfm-fast" waiting="0.00" lane="left_0" pos="39.73" speed="19.23" angle="113.03" x="41.86" y="-1.40"/>
        <vehicle id="cfm-slow_0" eclass="HBEFA3/PC_G_EU4" CO2="23395.35" CO="421.33" HC="2.49" NOx="10.61" PMx="0.56" fuel="10.06" electricity="0.00" noise="85.89" route="routebottom" type="cfm-slow" waiting="0.00" lane="bottom_0" pos="13.80" speed="14.99" angle="69.62" x="92.53" y="1.42"/>
        <vehicle id="cfm-slow_1" eclass="HBEFA3/PC_G_EU4" CO2="23427.40" CO="421.99" HC="2.50" NOx="10.63" PMx="0.56" fuel="10.07" electricity="0.00" noise="85.93" route="routebottom" type="cfm-slow" waiting="0.00" lane="bottom_0" pos="29.63" speed="14.99" angle="41.16" x="118.69" y="22.69"/>
        <vehicle id="cfm-slow_2" eclass="HBEFA3/PC_G_EU4" CO2="23693.89" CO="427.42" HC="2.53" NOx="10.75" PMx="0.57" fuel="10.18" electricity="0.00" noise="86.21" route="routebottom" type="cfm-slow" waiting="0.00" lane="bottom_0" pos="45.47" speed="15.00" angle="12.71" x="131.56" y="53.86"/>
        <vehicle id="cfm-slow_3" eclass="HBEFA3/PC_G_EU4" CO2="25508.40" CO="464.36" HC="2.74" NOx="11.61" PMx="0.62" fuel="10.96" electricity="0.00" noise="88.13" route="routebottom" type="cfm-slow" waiting="0.00" lane="right_0" pos="11.32" speed="15.08" angle="344.03" x="127.96" y="87.59"/>
        <vehicle id="cfm-slow_4" eclass="HBEFA3/PC_G_EU4" CO2="34828.98" CO="653.54" HC="3.84" NOx="15.99" PMx="0.86" fuel="14.97" electricity="0.00" noise="97.44" route="routeright" type="cfm-slow" waiting="0.00" lane="right_0" pos="27.26" speed="15.64" angle="315.46" x="108.62" y="115.48"/>
        <vehicle id="cfm-slow_5" eclass="HBEFA3/PC_G_EU4" CO2="68466.48" CO="1336.46" HC="7.78" NOx="31.80" PMx="1.74" fuel="29.43" electricity="0.00" noise="123.87" route="routeright" type="cfm-slow" waiting="0.00" lane="right_0" pos="43.82" speed="18.45" angle="285.71" x="76.97" y="130.97"/>
    </timestep>
    <timestep time="1.47">
        <vehicle id="cfm-fast_0" eclass="HBEFA3/PC_G_EU4" CO2="72822.66" CO="1424.07" HC="8.29" NOx="33.82" PMx="1.85" fuel="31.30" electricity="0.00" noise="124.42" route="routetop" type="cfm-fast" waiting="0.00" lane="top_1" pos="10.59" speed="19.62" angle="255.43" x="42.32" y="125.38"/>
        <vehicle id="cfm-fast_1" eclass="HBEFA3/PC_G_EU4" CO2="72822.67" CO="1424.07" HC="8.29" NOx="33.82" PMx="1.85" fuel="31.30" electricity="0.00" noise="124.42" route="routetop" type="cfm-fast" waiting="0.00" lane="top_0" pos="26.42" speed="19.62" angle="226.95" x="13.04" y="109.96"/>
        <vehicle id="cfm-fast_2" eclass="HBEFA3/PC_G_EU4" CO2="72822.96" CO="1424.08" HC="8.29" NOx="33.82" PMx="1.85" fuel="31.30" electricity="0.00" noise="124.42" route="routetop" type="cfm-fast" waiting="0.00" lane="top_1" pos="42.26" speed="19.62" angle="198.43" x="0.28" y="79.41"/>
        <vehicle id="cfm-fast_3" eclass="HBEFA3/PC_G_EU4" CO2="72829.61" CO="1424.22" HC="8.29" NOx="33.83" PMx="1.85" fuel="31.31" electricity="0.00" noise="124.42" route="routetop" type="cfm-fast" waiting="0.00" lane="left_0" pos="8.09" speed="19.62" angle="169.86" x="-2.71" y="46.36"/>
        <vehicle id="cfm-fast_4" eclass="HBEFA3/PC_G_EU4" CO2="72946.12" CO="1426.57" HC="8.30" NOx="33.88" PMx="1.85" fuel="31.36" electricity="0.00" noise="124.43" route="routeleft" type="cfm-fast" waiting="0.00" lane="left_1" pos="23.94" speed="19.65" angle="141.41" x="15.98" y="19.05"/>
        <vehicle id="cfm-fast_5" eclass="HBEFA3/PC_G_EU4" CO2="46996.62" CO="892.79" HC="5.23" NOx="21.64" PMx="1.18" fuel="20.20" electricity="0.00" noise="102.69" route="routeleft" type="cfm-fast" waiting="0.00" lane="left_0" pos="39.93" speed="19.31" angle="112.69" x="42.26" y="-1.52"/>
        <vehicle id="cfm-slow_0" eclass="HBEFA3/PC_G_EU4" CO2="23284.43" CO="418.78" HC="2.48" NOx="10.56" PMx="0.56" fuel="10.01" electricity="0.00" noise="85.70" route="routebottom" type="cfm-slow" waiting="0.00" lane="bottom_0" pos="13.95" speed="15.04" angle="69.35" x="92.82" y="1.56"/>
        <vehicle id="cfm-slow_1" eclass="HBEFA3/PC_G_EU4" CO2="23318.75" CO="419.48" HC="2.48" NOx="10.58" PMx="0.56" fuel="10.02" electricity="0.00" noise="85.74" route="routebottom" type="cfm-slow" waiting="0.00" lane="bottom_0" pos="29.79" speed="15.04" angle="40.88" x="118.88" y="22.96"/>
        <vehicle id="cfm-slow_2" eclass="HBEFA3/PC_G_EU4" CO2="23600.37" CO="425.22" HC="2.52" NOx="10.71" PMx="0.57" fuel="10.14" electricity="0.00" noise="86.04" route="routebottom" type="cfm-slow" waiting="0.00" lane="bottom_0" pos="45.62" speed="15.05" angle="12.44" x="131.61" y="54.18"/>
        <vehicle id="cfm-slow_3" eclass="HBEFA3/PC_G_EU4" CO2="25487.49" CO="463.63" HC="2.74" NOx="11.60" PMx="0.61" fuel="10.96" electricity="0.00" noise="88.03" route="routebottom" type="cfm-slow" waiting="0.00" lane="right_0" pos="11.47" speed="15.14" angle="343.78" x="127.84" y="87.89"/>
        <vehicle id="cfm-slow_4" eclass="HBEFA3/PC_G_EU4" CO2="35023.96" CO="657.19" HC="3.86" NOx="16.08" PMx="0.86" fuel="15.06" electricity="0.00" noise="97.50" route="routeright" type="cfm-slow" waiting="0.00" lane="right_0" pos="27.41" speed="15.72" angle="315.16" x="108.36" y="115.70"/>
        <vehicle id="cfm-slow_5" eclass="HBEFA3/PC_G_EU4" CO2="68973.13" CO="1346.59" HC="7.84" NOx="32.03" PMx="1.75" fuel="29.65" electricity="0.00" noise="123.94" route="routeright" type="cfm-slow" waiting="0.00" lane="right_0" pos="44.01" speed="18.58" angle="285.36" x="76.57" y="131.04"/>
    </timestep>
    <timestep time="1.48">
        <vehicle id="cfm-fast_0" eclass="HBEFA3/PC_G_EU4" CO2="73331.82" CO="1434.39" HC="8.35" NOx="34.06" PMx="1.86" fuel="31.52" electricity="0.00" noise="124.48" route="routetop" type="cfm-fast" waiting="0.00" lane="top_1" pos="10.79" speed="19.75" angle="255.04" x="41.94" y="125.24"/>
        <vehicle id="cfm-fast_1" eclass="HBEFA3/PC_G_EU4" CO2="73331.83" CO="1434.39" HC="8.35" NOx="34.06" PMx="1.86" fuel="31.52" electricity="0.00" noise="124.48" route="routetop" type="cfm-fast" waiting="0.00" lane="top_0" pos="26.62" speed="19.75" angle="226.58" x="12.76" y="109.65"/>
        <vehicle id="cfm-fast_2" eclass="HBEFA3/PC_G_EU4" CO2="73332.12" CO="1434.40" HC="8.35" NOx="34.06" PMx="1.86" fuel="31.52" electricity="0.00" noise="124.48" route="routetop" type="cfm-fast" waiting="0.00" lane="top_1" pos="42.45" speed="19.75" angle="198.10" x="0.19" y="79.02"/>
        <vehicle id="cfm-fast_3" eclass="HBEFA3/PC_G_EU4" CO2="73338.77" CO="1434.53" HC="8.35" NOx="34.06" PMx="1.86" fuel="31.52" electricity="0.00" noise="124.48" route="routetop" type="cfm-fast" waiting="0.00" lane="left_0" pos="8.29" speed="19.75" angle="169.49" x="-2.60" y="45.94"/>
        <vehicle id="cfm-fast_4" eclass="HBEFA3/PC_G_EU4" CO2="73455.35" CO="1436.89" HC="8.36" NOx="34.12" PMx="1.87" fuel="31.57" electricity="0.00" noise="124.50" route="routeleft" type="cfm-fast" waiting="0.00" lane="left_1" pos="24.14" speed="19.78" angle="141.05" x="16.25" y="18.75"/>
        <vehicle id="cfm-fast_5" eclass="HBEFA3/PC_G_EU4" CO2="46452.07" CO="881.45" HC="5.16" NOx="21.39" PMx="1.16" fuel="19.97" electricity="0.00" noise="102.07" route="routeleft" type="cfm-fast" waiting="0.00" lane="left_0" pos="40.12" speed="19.40" angle="112.32" x="42.66" y="-1.65"/>
        <vehicle id="cfm-slow_0" eclass="HBEFA3/PC_G_EU4" CO2="23173.24" CO="416.22" HC="2.46" NOx="10.51" PMx="0.55" fuel="9.96" electricity="0.00" noise="85.52" route="routebottom" type="cfm-slow" waiting="0.00" lane="bottom_0" pos="14.10" speed="15.10" angle="69.12" x="93.12" y="1.69"/>
        <vehicle id="cfm-slow_1" eclass="HBEFA3/PC_G_EU4" CO2="23209.97" CO="416.97" HC="2.47" NOx="10.52" PMx="0.56" fuel="9.98" electricity="0.00" noise="85.55" route="routebottom" type="cfm-slow" waiting="0.00" lane="bottom_0" pos="29.94" speed="15.10" angle="40.61" x="119.07" y="23.22"/>
        <vehicle id="cfm-slow_2" eclass="HBEFA3/PC_G_EU4" CO2="23507.28" CO="423.03" HC="2.50" NOx="10.66" PMx="0.56" fuel="10.10" electricity="0.00" noise="85.87" route="routebottom" type="cfm-slow" waiting="0.00" lane="bottom_0" pos="45.77" speed="15.11" angle="12.16" x="131.65" y="54.50"/>
        <vehicle id="cfm-slow_3" eclass="HBEFA3/PC_G_EU4" CO2="25468.34" CO="462.95" HC="2.73" NOx="11.59" PMx="0.61" fuel="10.95" electricity="0.00" noise="87.93" route="routebottom" type="cfm-slow" waiting="0.00" lane="right_0" pos="11.62" speed="15.20" angle="343.52" x="127.73" y="88.20"/>
        <vehicle id="cfm-slow_4" eclass="HBEFA3/PC_G_EU4" CO2="35221.12" CO="660.89" HC="3.88" NOx="16.17" PMx="0.87" fuel="15.14" electricity="0.00" noise="97.57" route="routeright" type="cfm-slow" waiting="0.00" lane="right_0" pos="27.57" speed="15.80" angle="314.87" x="108.10" y="115.92"/>
        <vehicle id="cfm-slow_5" eclass="HBEFA3/PC_G_EU4" CO2="69480.07" CO="1356.75" HC="7.90" NOx="32.27" PMx="1.76" fuel="29.87" electricity="0.00" noise="124.00" route="routeright" type="cfm-slow" waiting="0.00" lane="right_0" pos="44.19" speed="18.72" angle="285.00" x="76.18" y="131.11"/>
    </timestep>
    <timestep time="1.49">
        <vehicle id="cfm-fast_0" eclass="HBEFA3/PC_G_EU4" CO2="73841.27" CO="1444.73" HC="8.41" NOx="34.30" PMx="1.88" fuel="31.74" electricity="0.00" noise="124.55" route="routetop" type="cfm-fast" waiting="0.00" lane="top_1" pos="10.99" speed="19.89" angle="254.66" x="41.56" y="125.10"/>
        <vehicle id="cfm-fast_1" eclass="HBEFA3/PC_G_EU4" CO2="73841.28" CO="1444.73" HC="8.41" NOx="34.30" PMx="1.88" fuel="31.74" electricity="0.00" noise="124.55" route="routetop" type="cfm-fast" waiting="0.00" lane="top_0" pos="26.82" speed="19.89" angle="226.23" x="12.47" y="109.33"/>
        <vehicle id="cfm-fast_2" eclass="HBEFA3/PC_G_EU4" CO2="73841.57" CO="1444.73" HC="8.41" NOx="34.30" PMx="1.88" fuel="31.74" electricity="0.00" noise="124.55" route="routetop" type="cfm-fast" waiting="0.00" lane="top_1" pos="42.65" speed="19.89" angle="197.74" x="0.10" y="78.62"/>
        <vehicle id="cfm-fast_3" eclass="HBEFA3/PC_G_EU4" CO2="73848.22" CO="1444.87" HC="8.41" NOx="34.30" PMx="1.88" fuel="31.74" electricity="0.00" noise="124.55" route="routetop" type="cfm-fast" waiting="0.00" lane="left_0" pos="8.49" speed="19.89" angle="169.13" x="-2.49" y="45.53"/>
        <vehicle id="cfm-fast_4" eclass="HBEFA3/PC_G_EU4" CO2="73964.87" CO="1447.24" HC="8.42" NOx="34.36" PMx="1.88" fuel="31.79" electricity="0.00" noise="124.56" route="routeleft" type="cfm-fast" waiting="0.00" lane="left_1" pos="24.34" speed="19.92" angle="140.73" x="16.53" y="18.45"/>
        <vehicle id="cfm-fast_5" eclass="HBEFA3/PC_G_EU4" CO2="45907.48" CO="870.11" HC="5.10" NOx="21.13" PMx="1.15" fuel="19.73" electricity="0.00" noise="101.46" route="routeleft" type="cfm-fast" waiting="0.00" lane="left_0" pos="40.32" speed="19.48" angle="111.96" x="43.06" y="-1.77"/>
        <vehicle id="cfm-slow_0" eclass="HBEFA3/PC_G_EU4" CO2="23061.83" CO="413.66" HC="2.45" NOx="10.45" PMx="0.55" fuel="9.91" electricity="0.00" noise="85.33" route="routebottom" type="cfm-slow" waiting="0.00" lane="bottom_0" pos="14.25" speed="15.15" angle="68.84" x="93.41" y="1.84"/>
        <vehicle id="cfm-slow_1" eclass="HBEFA3/PC_G_EU4" CO2="23101.09" CO="414.47" HC="2.46" NOx="10.47" PMx="0.55" fuel="9.93" electricity="0.00" noise="85.37" route="routebottom" type="cfm-slow" waiting="0.00" lane="bottom_0" pos="30.09" speed="15.15" angle="40.33" x="119.26" y="23.48"/>
        <vehicle id="cfm-slow_2" eclass="HBEFA3/PC_G_EU4" CO2="23414.66" CO="420.86" HC="2.49" NOx="10.62" PMx="0.56" fuel="10.06" electricity="0.00" noise="85.71" route="routebottom" type="cfm-slow" waiting="0.00" lane="bottom_0" pos="45.92" speed="15.16" angle="11.89" x="131.70" y="54.82"/>
        <vehicle id="cfm-slow_3" eclass="HBEFA3/PC_G_EU4" CO2="25450.98" CO="462.30" HC="2.73" NOx="11.58" PMx="0.61" fuel="10.94" electricity="0.00" noise="87.83" route="routebottom" type="cfm-slow" waiting="0.00" lane="right_0" pos="11.77" speed="15.26" angle="343.24" x="127.60" y="88.50"/>
        <vehicle id="cfm-slow_4" eclass="HBEFA3/PC_G_EU4" CO2="35420.46" CO="664.64" HC="3.90" NOx="16.26" PMx="0.87" fuel="15.23" electricity="0.00" noise="97.63" route="routeright" type="cfm-slow" waiting="0.00" lane="right_0" pos="27.73" speed="15.88" angle="314.57" x="107.84" y="116.14"/>
        <vehicle id="cfm-slow_5" eclass="HBEFA3/PC_G_EU4" CO2="69987.31" CO="1366.92" HC="7.96" NOx="32.50" PMx="1.78" fuel="30.08" electricity="0.00" noise="124.06" route="routeright" type="cfm-slow" waiting="0.00" lane="right_0" pos="44.38" speed="18.85" angle="284.64" x="75.78" y="131.18"/>
    </timestep>
    <timestep time="1.50">
        <vehicle id="cfm-fast_0" eclass="HBEFA3/PC_G_EU4" CO2="74351.01" CO="1455.09" HC="8.47" NOx="34.54" PMx="1.89" fuel="31.96" electricity="0.00" noise="124.61" route="routetop" type="cfm-fast" waiting="0.00" lane="top_1" pos="11.19" speed="20.02" angle="254.27" x="41.17" y="124.96"/>
        <vehicle id="cfm-fast_1" eclass="HBEFA3/PC_G_EU4" CO2="74351.02" CO="1455.09" HC="8.47" NOx="34.54" PMx="1.89" fuel="31.96" electricity="0.00" noise="124.61" route="routetop" type="cfm-fast" waiting="0.00" lane="top_0" pos="27.02" speed="20.02" angle="225.90" x="12.18" y="109.01"/>
        <vehicle id="cfm-fast_2" eclass="HBEFA3/PC_G_EU4" CO2="74351.31" CO="1455.09" HC="8.47" NOx="34.54" PMx="1.89" fuel="31.96" electricity="0.00" noise="124.61" route="routetop" type="cfm-fast" waiting="0.00" lane="top_1" pos="42.85" speed="20.02" angle="197.38" x="0.01" y="78.22"/>
        <vehicle id="cfm-fast_3" eclass="HBEFA3/PC_G_EU4" CO2="74357.97" CO="1455.23" HC="8.47" NOx="34.54" PMx="1.89" fuel="31.96" electricity="0.00" noise="124.61" route="routetop" type="cfm-fast" waiting="0.00" lane="left_0" pos="8.69" speed="20.03" angle="168.76" x="-2.38" y="45.11"/>
        <vehicle id="cfm-fast_4" eclass="HBEFA3/PC_G_EU4" CO2="74474.68" CO="1457.60" HC="8.48" NOx="34.59" PMx="1.89" fuel="32.01" electricity="0.00" noise="124.63" route="routeleft" type="cfm-fast" waiting="0.00" lane="left_1" pos="24.54" speed="20.06" angle="140.37" x="16.82" y="18.16"/>
        <vehicle id="cfm-fast_5" eclass="HBEFA3/PC_G_EU4" CO2="45363.09" CO="858.79" HC="5.03" NOx="20.87" PMx="1.13" fuel="19.50" electricity="0.00" noise="100.86" route="routeleft" type="cfm-fast" waiting="0.00" lane="left_0" pos="40.51" speed="19.57" angle="111.59" x="43.46" y="-1.89"/>
        <vehicle id="cfm-slow_0" eclass="HBEFA3/PC_G_EU4" CO2="22950.22" CO="411.11" HC="2.44" NOx="10.40" PMx="0.55" fuel="9.87" electricity="0.00" noise="85.15" route="routebottom" type="cfm-slow" waiting="0.00" lane="bottom_0" pos="14.41" speed="15.20" angle="68.56" x="93.70" y="1.98"/>
        <vehicle id="cfm-slow_1" eclass="HBEFA3/PC_G_EU4" CO2="22992.14" CO="411.96" HC="2.44" NOx="10.42" PMx="0.55" fuel="9.88" electricity="0.00" noise="85.19" route="routebottom" type="cfm-slow" waiting="0.00" lane="bottom_0" pos="30.24" speed="15.20" angle="40.05" x="119.45" y="23.75"/>
        <vehicle id="cfm-slow_2" eclass="HBEFA3/PC_G_EU4" CO2="23322.55" CO="418.70" HC="2.48" NOx="10.57" PMx="0.56" fuel="10.03" electricity="0.00" noise="85.54" route="routebottom" type="cfm-slow" waiting="0.00" lane="bottom_0" pos="46.07" speed="15.21" angle="11.62" x="131.75" y="55.15"/>
        <vehicle id="cfm-slow_3" eclass="HBEFA3/PC_G_EU4" CO2="25435.43" CO="461.70" HC="2.73" NOx="11.57" PMx="0.61" fuel="10.93" electricity="0.00" noise="87.74" route="routebottom" type="cfm-slow" waiting="0.00" lane="right_0" pos="11.92" speed="15.32" angle="342.97" x="127.48" y="88.81"/>
        <vehicle id="cfm-slow_4" eclass="HBEFA3/PC_G_EU4" CO2="35621.99" CO="668.45" HC="3.92" NOx="16.36" PMx="0.88" fuel="15.31" electricity="0.00" noise="97.70" route="routeright" type="cfm-slow" waiting="0.00" lane="right_0" pos="27.89" speed="15.96" angle="314.27" x="107.58" y="116.36"/>
        <vehicle id="cfm-slow_5" eclass="HBEFA3/PC_G_EU4" CO2="70494.84" CO="1377.11" HC="8.02" NOx="32.74" PMx="1.79" fuel="30.30" electricity="0.00" noise="124.13" route="routeright" type="cfm-slow" waiting="0.00" lane="right_0" pos="44.57" speed="18.99" angle="284.28" x="75.38" y="131.26"/>
    </timestep>
    <timestep time="1.51">
        <vehicle id="cfm-fast_0" eclass="HBEFA3/PC_G_EU4" CO2="74861.04" CO="1465.47" HC="8.53" NOx="34.77" PMx="1.90" fuel="32.18" electricity="0.00" noise="124.67" route="routetop" type="cfm-fast" waiting="0.00" lane="top_1" pos="11.39" speed="20.16" angle="253.87" x="40.78" y="124.82"/>
        <vehicle id="cfm-fast_1" eclass="HBEFA3/PC_G_EU4" CO2="74861.05" CO="1465.47" HC="8.53" NOx="34.77" PMx="1.90" fuel="32.18" electricity="0.00" noise="124.67" route="routetop" type="cfm-fast" waiting="0.00" lane="top_0" pos="27.22" speed="20.16" angle="225.52" x="11.90" y="108.68"/>
        <vehicle id="cfm-fast_2" eclass="HBEFA3/PC_G_EU4" CO2="74861.35" CO="1465.47" HC="8.53" NOx="34.77" PMx="1.90" fuel="32.18" electricity="0.00" noise="124.67" route="routetop" type="cfm-fast" waiting="0.00" lane="top_1" pos="43.05" speed="20.16" angle="197.02" x="-0.08" y="77.82"/>
        <vehicle id="cfm-fast_3" eclass="HBEFA3/PC_G_EU4" CO2="74868.01" CO="1465.61" HC="8.53" NOx="34.78" PMx="1.90" fuel="32.18" electricity="0.00" noise="124.67" route="routetop" type="cfm-fast" waiting="0.00" lane="left_0" pos="8.89" speed="20.16" angle="168.43" x="-2.27" y="44.70"/>
        <vehicle id="cfm-fast_4" eclass="HBEFA3/PC_G_EU4" CO2="74984.78" CO="1467.99" HC="8.54" NOx="34.83" PMx="1.91" fuel="32.23" electricity="0.00" noise="124.69" route="routeleft" type="cfm-fast" waiting="0.00" lane="left_1" pos="24.74" speed="20.19" angle="139.99" x="17.11" y="17.87"/>
        <vehicle id="cfm-fast_5" eclass="HBEFA3/PC_G_EU4" CO2="44819.11" CO="847.49" HC="4.97" NOx="20.61" PMx="1.12" fuel="19.27" electricity="0.00" noise="100.27" route="routeleft" type="cfm-fast" waiting="0.00" lane="left_0" pos="40.71" speed="19.65" angle="111.22" x="43.86" y="-2.02"/>
        <vehicle id="cfm-slow_0" eclass="HBEFA3/PC_G_EU4" CO2="22838.44" CO="408.55" HC="2.42" NOx="10.34" PMx="0.55" fuel="9.82" electricity="0.00" noise="84.97" route="routebottom" type="cfm-slow" waiting="0.00" lane="bottom_0" pos="14.56" speed="15.25" angle="68.27" x="93.99" y="2.13"/>
        <vehicle id="cfm-slow_1" eclass="HBEFA3/PC_G_EU4" CO2="22883.16" CO="409.47" HC="2.43" NOx="10.36" PMx="0.55" fuel="9.84" electricity="0.00" noise="85.01" route="routebottom" type="cfm-slow" waiting="0.00" lane="bottom_0" pos="30.39" speed="15.25" angle="39.77" x="119.64" y="24.02"/>
        <vehicle id="cfm-slow_2" eclass="HBEFA3/PC_G_EU4" CO2="23230.99" CO="416.56" HC="2.47" NOx="10.53" PMx="0.56" fuel="9.99" electricity="0.00" noise="85.38" route="routebottom" type="cfm-slow" waiting="0.00" lane="bottom_0" pos="46.23" speed="15.27" angle="11.39" x="131.79" y="55.47"/>
        <vehicle id="cfm-slow_3" eclass="HBEFA3/PC_G_EU4" CO2="25421.71" CO="461.14" HC="2.73" NOx="11.56" PMx="0.61" fuel="10.93" electricity="0.00" noise="87.65" route="routebottom" type="cfm-slow" waiting="0.00" lane="right_0" pos="12.08" speed="15.37" angle="342.69" x="127.36" y="89.12"/>
        <vehicle id="cfm-slow_4" eclass="HBEFA3/PC_G_EU4" CO2="35825.71" CO="672.30" HC="3.95" NOx="16.45" PMx="0.88" fuel="15.40" electricity="0.00" noise="97.76" route="routeright" type="cfm-slow" waiting="0.00" lane="right_0" pos="28.05" speed="16.04" angle="313.97" x="107.32" y="116.58"/>
        <vehicle id="cfm-slow_5" eclass="HBEFA3/PC_G_EU4" CO2="71002.66" CO="1387.33" HC="8.08" NOx="32.98" PMx="1.80" fuel="30.52" electricity="0.00" noise="124.19" route="routeright" type="cfm-slow" waiting="0.00" lane="right_0" pos="44.76" speed="19.13" angle="283.91" x="74.97" y="131.33"/>
    </timestep>
    <timestep time="1.52">
        <vehicle id="cfm-fast_0" eclass="HBEFA3/PC_G_EU4" CO2="75371.37" CO="1475.87" HC="8.59" NOx="35.01" PMx="1.92" fuel="32.40" electricity="0.00" noise="124.74" route="routetop" type="cfm-fast" waiting="0.00" lane="top_1" pos="11.59" speed="20.30" angle="253.56" x="40.39" y="124.67"/>
        <vehicle id="cfm-fast_1" eclass="HBEFA3/PC_G_EU4" CO2="75371.38" CO="1475.87" HC="8.59" NOx="35.01" PMx="1.92" fuel="32.40" electricity="0.00" noise="124.74" route="routetop" type="cfm-fast" waiting="0.00" lane="top_0" pos="27.42" speed="20.30" angle="225.14" x="11.62" y="108.35"/>
        <vehicle id="cfm-fast_2" eclass="HBEFA3/PC_G_EU4" CO2="75371.67" CO="1475.87" HC="8.59" NOx="35.01" PMx="1.92" fuel="32.40" electricity="0.00" noise="124.74" route="routetop" type="cfm-fast" waiting="0.00" lane="top_1" pos="43.26" speed="20.30" angle="196.65" x="-0.17" y="77.41"/>
        <vehicle id="cfm-fast_3" eclass="HBEFA3/PC_G_EU4" CO2="75378.34" CO="1476.01" HC="8.59" NOx="35.01" PMx="1.92" fuel="32.40" electricity="0.00" noise="124.74" route="routetop" type="cfm-fast" waiting="0.00" lane="left_0" pos="9.09" speed="20.30" angle="168.08" x="-2.15" y="44.28"/>
        <vehicle id="cfm-fast_4" eclass="HBEFA3/PC_G_EU4" CO2="75495.18" CO="1478.39" HC="8.60" NOx="35.07" PMx="1.92" fuel="32.45" electricity="0.00" noise="124.75" route="routeleft" type="cfm-fast" waiting="0.00" lane="left_1" pos="24.94" speed="20.33" angle="139.62" x="17.41" y="17.57"/>
        <vehicle id="cfm-fast_5" eclass="HBEFA3/PC_G_EU4" CO2="44275.74" CO="836.20" HC="4.90" NOx="20.35" PMx="1.11" fuel="19.03" electricity="0.00" noise="99.69" route="routeleft" type="cfm-fast" waiting="0.00" lane="left_0" pos="40.91" speed="19.73" angle="110.85" x="44.27" y="-2.14"/>
        <vehicle id="cfm-slow_0" eclass="HBEFA3/PC_G_EU4" CO2="22726.50" CO="406.00" HC="2.41" NOx="10.29" PMx="0.54" fuel="9.77" electricity="0.00" noise="84.79" route="routebottom" type="cfm-slow" waiting="0.00" lane="bottom_0" pos="14.71" speed="15.30" angle="67.99" x="94.29" y="2.28"/>
        <vehicle id="cfm-slow_1" eclass="HBEFA3/PC_G_EU4" CO2="22774.17" CO="406.97" HC="2.41" NOx="10.31" PMx="0.54" fuel="9.79" electricity="0.00" noise="84.84" route="routebottom" type="cfm-slow" waiting="0.00" lane="bottom_0" pos="30.55" speed="15.30" angle="39.49" x="119.83" y="24.28"/>
        <vehicle id="cfm-slow_2" eclass="HBEFA3/PC_G_EU4" CO2="23140.02" CO="414.43" HC="2.46" NOx="10.48" PMx="0.55" fuel="9.95" electricity="0.00" noise="85.22" route="routebottom" type="cfm-slow" waiting="0.00" lane="bottom_0" pos="46.38" speed="15.32" angle="11.11" x="131.82" y="55.80"/>
        <vehicle id="cfm-slow_3" eclass="HBEFA3/PC_G_EU4" CO2="25409.86" CO="460.62" HC="2.72" NOx="11.55" PMx="0.61" fuel="10.92" electricity="0.00" noise="87.57" route="routebottom" type="cfm-slow" waiting="0.00" lane="right_0" pos="12.23" speed="15.43" angle="342.40" x="127.24" y="89.43"/>
        <vehicle id="cfm-slow_4" eclass="HBEFA3/PC_G_EU4" CO2="36031.61" CO="676.20" HC="3.97" NOx="16.55" PMx="0.89" fuel="15.49" electricity="0.00" noise="97.83" route="routeright" type="cfm-slow" waiting="0.00" lane="right_0" pos="28.21" speed="16.12" angle="313.73" x="107.05" y="116.81"/>
        <vehicle id="cfm-slow_5" eclass="HBEFA3/PC_G_EU4" CO2="71510.77" CO="1397.57" HC="8.14" NOx="33.21" PMx="1.82" fuel="30.74" electricity="0.00" noise="124.25" route="routeright" type="cfm-slow" waiting="0.00" lane="right_0" pos="44.96" speed="19.26" angle="283.63" x="74.56" y="131.40"/>
    </timestep>
    <timestep time="1.53">
        <vehicle id="cfm-fast_0" eclass="HBEFA3/PC_G_EU4" CO2="75881.99" CO="1486.29" HC="8.65" NOx="35.25" PMx="1.93" fuel="32.62" electricity="0.00" noise="124.80" route="routetop" type="cfm-fast" waiting="0.00" lane="top_1" pos="11.79" speed="20.43" angle="253.20" x="40.00" y="124.52"/>
        <vehicle id="cfm-fast_1" eclass="HBEFA3/PC_G_EU4" CO2="75882.00" CO="1486.29" HC="8.65" NOx="35.25" PMx="1.93" fuel="32.62" electricity="0.00" noise="124.80" route="routetop" type="cfm-fast" waiting="0.00" lane="top_0" pos="27.63" speed="20.43" angle="224.76" x="11.33" y="108.01"/>
        <vehicle id="cfm-fast_2" eclass="HBEFA3/PC_G_EU4" CO2="75882.29" CO="1486.30" HC="8.65" NOx="35.25" PMx="1.93" fuel="32.62" electricity="0.00" noise="124.80" route="routetop" type="cfm-fast" waiting="0.00" lane="top_1" pos="43.46" speed="20.43" angle="196.28" x="-0.27" y="77.00"/>
        <vehicle id="cfm-fast_3" eclass="HBEFA3/PC_G_EU4" CO2="75888.96" CO="1486.43" HC="8.65" NOx="35.25" PMx="1.93" fuel="32.62" electricity="0.00" noise="124.80" route="routetop" type="cfm-fast" waiting="0.00" lane="left_0" pos="9.30" speed="20.44" angle="167.70" x="-2.02" y="43.86"/>
        <vehicle id="cfm-fast_4" eclass="HBEFA3/PC_G_EU4" CO2="76005.87" CO="1488.82" HC="8.66" NOx="35.31" PMx="1.93" fuel="32.67" electricity="0.00" noise="124.82" route="routeleft" type="cfm-fast" waiting="0.00" lane="left_1" pos="25.15" speed="20.47" angle="139.23" x="17.70" y="17.28"/>
        <vehicle id="cfm-fast_5" eclass="HBEFA3/PC_G_EU4" CO2="43733.18" CO="824.94" HC="4.84" NOx="20.09" PMx="1.09" fuel="18.80" electricity="0.00" noise="99.11" route="routeleft" type="cfm-fast" waiting="0.00" lane="left_0" pos="41.10" speed="19.81" angle="110.55" x="44.68" y="-2.27"/>
        <vehicle id="cfm-slow_0" eclass="HBEFA3/PC_G_EU4" CO2="22614.44" CO="403.45" HC="2.39" NOx="10.24" PMx="0.54" fuel="9.72" electricity="0.00" noise="84.61" route="routebottom" type="cfm-slow" waiting="0.00" lane="bottom_0" pos="14.87" speed="15.35" angle="67.70" x="94.58" y="2.42"/>
        <vehicle id="cfm-slow_1" eclass="HBEFA3/PC_G_EU4" CO2="22665.19" CO="404.48" HC="2.40" NOx="10.26" PMx="0.54" fuel="9.74" electricity="0.00" noise="84.66" route="routebottom" type="cfm-slow" waiting="0.00" lane="bottom_0" pos="30.70" speed="15.35" angle="39.23" x="120.03" y="24.55"/>
        <vehicle id="cfm-slow_2" eclass="HBEFA3/PC_G_EU4" CO2="23049.66" CO="412.32" HC="2.44" NOx="10.44" PMx="0.55" fuel="9.91" electricity="0.00" noise="85.06" route="routebottom" type="cfm-slow" waiting="0.00" lane="bottom_0" pos="46.53" speed="15.37" angle="10.83" x="131.85" y="56.13"/>
        <vehicle id="cfm-slow_3" eclass="HBEFA3/PC_G_EU4" CO2="25399.87" CO="460.15" HC="2.72" NOx="11.55" PMx="0.61" fuel="10.92" electricity="0.00" noise="87.48" route="routebottom" type="cfm-slow" waiting="0.00" lane="right_0" pos="12.39" speed="15.49" angle="342.12" x="127.11" y="89.73"/>
        <vehicle id="cfm-slow_4" eclass="HBEFA3/PC_G_EU4" CO2="36239.71" CO="680.15" HC="3.99" NOx="16.64" PMx="0.89" fuel="15.58" electricity="0.00" noise="97.90" route="routeright" type="cfm-slow" waiting="0.00" lane="right_0" pos="28.37" speed="16.20" angle="313.44" x="106.78" y="117.02"/>
        <vehicle id="cfm-slow_5" eclass="HBEFA3/PC_G_EU4" CO2="72019.18" CO="1407.83" HC="8.20" NOx="33.45" PMx="1.83" fuel="30.96" electricity="0.00" noise="124.32" route="routeright" type="cfm-slow" waiting="0.00" lane="right_0" pos="45.15" speed="19.40" angle="283.28" x="74.15" y="131.46"/>
    </timestep>
    <timestep time="1.54">
        <vehicle id="cfm-fast_0" eclass="HBEFA3/PC_G_EU4" CO2="76392.90" CO="1496.73" HC="8.71" NOx="35.49" PMx="1.94" fuel="32.84" electricity="0.00" noise="124.87" route="routetop" type="cfm-fast" waiting="0.00" lane="top_1" pos="12.00" speed="20.57" angle="252.84" x="39.61" y="124.36"/>
        <vehicle id="cfm-fast_1" eclass="HBEFA3/PC_G_EU4" CO2="76392.91" CO="1496.73" HC="8.71" NOx="35.49" PMx="1.94" fuel="32.84" electricity="0.00" noise="124.87" route="routetop" type="cfm-fast" waiting="0.00" lane="top_0" pos="27.83" speed="20.57" angle="224.37" x="11.04" y="107.68"/>
        <vehicle id="cfm-fast_2" eclass="HBEFA3/PC_G_EU4" CO2="76393.20" CO="1496.74" HC="8.71" NOx="35.49" PMx="1.94" fuel="32.84" electricity="0.00" noise="124.87" route="routetop" type="cfm-fast" waiting="0.00" lane="top_1" pos="43.67" speed="20.57" angle="195.96" x="-0.35" y="76.59"/>
        <vehicle id="cfm-fast_3" eclass="HBEFA3/PC_G_EU4" CO2="76399.87" CO="1496.88" HC="8.71" NOx="35.49" PMx="1.95" fuel="32.84" electricity="0.00" noise="124.87" route="routetop" type="cfm-fast" waiting="0.00" lane="left_0" pos="9.50" speed="20.57" angle="167.32" x="-1.89" y="43.43"/>
        <vehicle id="cfm-fast_4" eclass="HBEFA3/PC_G_EU4" CO2="76516.85" CO="1499.27" HC="8.73" NOx="35.54" PMx="1.95" fuel="32.89" electricity="0.00" noise="124.88" route="routeleft" type="cfm-fast" waiting="0.00" lane="left_1" pos="25.35" speed="20.60" angle="138.85" x="18.00" y="16.98"/>
        <vehicle id="cfm-fast_5" eclass="HBEFA3/PC_G_EU4" CO2="43191.62" CO="813.71" HC="4.77" NOx="19.84" PMx="1.08" fuel="18.57" electricity="0.00" noise="98.54" route="routeleft" type="cfm-fast" waiting="0.00" lane="left_0" pos="41.30" speed="19.88" angle="110.18" x="45.09" y="-2.38"/>
        <vehicle id="cfm-slow_0" eclass="HBEFA3/PC_G_EU4" CO2="22502.28" CO="400.90" HC="2.38" NOx="10.18" PMx="0.54" fuel="9.67" electricity="0.00" noise="84.43" route="routebottom" type="cfm-slow" waiting="0.00" lane="bottom_0" pos="15.02" speed="15.40" angle="67.41" x="94.88" y="2.57"/>
        <vehicle id="cfm-slow_1" eclass="HBEFA3/PC_G_EU4" CO2="22556.27" CO="402.00" HC="2.38" NOx="10.21" PMx="0.54" fuel="9.70" electricity="0.00" noise="84.49" route="routebottom" type="cfm-slow" waiting="0.00" lane="bottom_0" pos="30.85" speed="15.40" angle="38.99" x="120.22" y="24.82"/>
        <vehicle id="cfm-slow_2" eclass="HBEFA3/PC_G_EU4" CO2="22959.95" CO="410.23" HC="2.43" NOx="10.40" PMx="0.55" fuel="9.87" electricity="0.00" noise="84.91" route="routebottom" type="cfm-slow" waiting="0.00" lane="bottom_0" pos="46.69" speed="15.42" angle="10.55" x="131.89" y="56.46"/>
        <vehicle id="cfm-slow_3" eclass="HBEFA3/PC_G_EU4" CO2="25391.79" CO="459.72" HC="2.72" NOx="11.54" PMx="0.61" fuel="10.91" electricity="0.00" noise="87.40" route="routebottom" type="cfm-slow" waiting="0.00" lane="right_0" pos="12.54" speed="15.54" angle="341.84" x="126.99" y="90.05"/>
        <vehicle id="cfm-slow_4" eclass="HBEFA3/PC_G_EU4" CO2="36449.99" CO="684.15" HC="4.02" NOx="16.74" PMx="0.90" fuel="15.67" electricity="0.00" noise="97.98" route="routeright" type="cfm-slow" waiting="0.00" lane="right_0" pos="28.54" speed="16.28" angle="313.14" x="106.50" y="117.24"/>
        <vehicle id="cfm-slow_5" eclass="HBEFA3/PC_G_EU4" CO2="72527.87" CO="1418.11" HC="8.26" NOx="33.69" PMx="1.84" fuel="31.18" electricity="0.00" noise="124.38" route="routeright" type="cfm-slow" waiting="0.00" lane="right_0" pos="45.35" speed="19.54" angle="282.93" x="73.73" y="131.52"/>
    </timestep>
    <timestep time="1.55">
        <vehicle id="cfm-fast_0" eclass="HBEFA3/PC_G_EU4" CO2="76904.10" CO="1507.20" HC="8.77" NOx="35.72" PMx="1.96" fuel="33.06" electricity="0.00" noise="124.93" route="routetop" type="cfm-fast" waiting="0.00" lane="top_1" pos="12.21" speed="20.71" angle="252.48" x="39.22" y="124.21"/>
        <vehicle id="cfm-fast_1" eclass="HBEFA3/PC_G_EU4" CO2="76904.11" CO="1507.20" HC="8.77" NOx="35.72" PMx="1.96" fuel="33.06" electricity="0.00" noise="124.93" route="routetop" type="cfm-fast" waiting="0.00" lane="top_0" pos="28.04" speed="20.71" angle="223.99" x="10.75" y="107.34"/>
        <vehicle id="cfm-fast_2" eclass="HBEFA3/PC_G_EU4" CO2="76904.40" CO="1507.21" HC="8.77" NOx="35.72" PMx="1.96" fuel="33.06" electricity="0.00" noise="124.93" route="routetop" type="cfm-fast" waiting="0.00" lane="top_1" pos="43.87" speed="20.71" angle="195.58" x="-0.43" y="76.17"/>
        <vehicle id="cfm-fast_3" eclass="HBEFA3/PC_G_EU4" CO2="76911.08" CO="1507.34" HC="8.77" NOx="35.73" PMx="1.96" fuel="33.06" electricity="0.00" noise="124.93" route="routetop" type="cfm-fast" waiting="0.00" lane="left_0" pos="9.71" speed="20.71" angle="166.93" x="-1.75" y="43.01"/>
        <vehicle id="cfm-fast_4" eclass="HBEFA3/PC_G_EU4" CO2="77028.12" CO="1509.74" HC="8.79" NOx="35.78" PMx="1.96" fuel="33.11" electricity="0.00" noise="124.95" route="routeleft" type="cfm-fast" waiting="0.00" lane="left_1" pos="25.56" speed="20.74" angle="138.49" x="18.30" y="16.68"/>
        <vehicle id="cfm-fast_5" eclass="HBEFA3/PC_G_EU4" CO2="42651.25" CO="802.50" HC="4.71" NOx="19.58" PMx="1.06" fuel="18.33" electricity="0.00" noise="97.98" route="routeleft" type="cfm-fast" waiting="0.00" lane="left_0" pos="41.50" speed="19.96" angle="109.80" x="45.51" y="-2.49"/>
        <vehicle id="cfm-slow_0" eclass="HBEFA3/PC_G_EU4" CO2="22390.03" CO="398.35" HC="2.36" NOx="10.13" PMx="0.53" fuel="9.62" electricity="0.00" noise="84.26" route="routebottom" type="cfm-slow" waiting="0.00" lane="bottom_0" pos="15.17" speed="15.45" angle="67.12" x="95.18" y="2.72"/>
        <vehicle id="cfm-slow_1" eclass="HBEFA3/PC_G_EU4" CO2="22447.43" CO="399.52" HC="2.37" NOx="10.15" PMx="0.54" fuel="9.65" electricity="0.00" noise="84.32" route="routebottom" type="cfm-slow" waiting="0.00" lane="bottom_0" pos="31.01" speed="15.45" angle="38.71" x="120.40" y="25.10"/>
        <vehicle id="cfm-slow_2" eclass="HBEFA3/PC_G_EU4" CO2="22870.93" CO="408.16" HC="2.42" NOx="10.35" PMx="0.55" fuel="9.83" electricity="0.00" noise="84.76" route="routebottom" type="cfm-slow" waiting="0.00" lane="bottom_0" pos="46.84" speed="15.47" angle="10.27" x="131.92" y="56.79"/>
        <vehicle id="cfm-slow_3" eclass="HBEFA3/PC_G_EU4" CO2="25385.62" CO="459.33" HC="2.72" NOx="11.54" PMx="0.61" fuel="10.91" electricity="0.00" noise="87.33" route="routebottom" type="cfm-slow" waiting="0.00" lane="right_0" pos="12.70" speed="15.60" angle="341.57" x="126.86" y="90.36"/>
        <vehicle id="cfm-slow_4" eclass="HBEFA3/PC_G_EU4" CO2="36662.46" CO="688.21" HC="4.04" NOx="16.84" PMx="0.91" fuel="15.76" electricity="0.00" noise="98.05" route="routeright" type="cfm-slow" waiting="0.00" lane="right_0" pos="28.70" speed="16.36" angle="312.84" x="106.23" y="117.46"/>
        <vehicle id="cfm-slow_5" eclass="HBEFA3/PC_G_EU4" CO2="73036.86" CO="1428.41" HC="8.32" NOx="33.92" PMx="1.86" fuel="31.39" electricity="0.00" noise="124.45" route="routeright" type="cfm-slow" waiting="0.00" lane="right_0" pos="45.54" speed="19.67" angle="282.58" x="73.32" y="131.58"/>
    </timestep>
    <timestep time="1.56">
        <vehicle id="cfm-fast_0" eclass="HBEFA3/PC_G_EU4" CO2="77415.59" CO="1517.69" HC="8.83" NOx="35.96" PMx="1.97" fuel="33.28" electricity="0.00" noise="124.99" route="routetop" type="cfm-fast" waiting="0.00" lane="top_1" pos="12.42" speed="20.84" angle="252.11" x="38.82" y="124.05"/>
        <vehicle id="cfm-fast_1" eclass="HBEFA3/PC_G_EU4" CO2="77415.60" CO="1517.69" HC="8.83" NOx="35.96" PMx="1.97" fuel="33.28" electricity="0.00" noise="124.99" route="routetop" type="cfm-fast" waiting="0.00" lane="top_0" pos="28.25" speed="20.84" angle="223.67" x="10.47" y="106.99"/>
        <vehicle id="cfm-fast_2" eclass="HBEFA3/PC_G_EU4" CO2="77415.89" CO="1517.69" HC="8.83" NOx="35.96" PMx="1.97" fuel="33.28" electricity="0.00" noise="124.99" route="routetop" type="cfm-fast" waiting="0.00" lane="top_1" pos="44.08" speed="20.84" angle="195.19" x="-0.51" y="75.75"/>
        <vehicle id="cfm-fast_3" eclass="HBEFA3/PC_G_EU4" CO2="77422.57" CO="1517.83" HC="8.83" NOx="35.97" PMx="1.97" fuel="33.28" electricity="0.00" noise="124.99" route="routetop" type="cfm-fast" waiting="0.00" lane="left_0" pos="9.92" speed="20.84" angle="166.54" x="-1.62" y="42.58"/>
        <vehicle id="cfm-fast_4" eclass="HBEFA3/PC_G_EU4" CO2="77539.69" CO="1520.23" HC="8.85" NOx="36.02" PMx="1.98" fuel="33.33" electricity="0.00" noise="125.01" route="routeleft" type="cfm-fast" waiting="0.00" lane="left_1" pos="25.77" speed="20.88" angle="138.14" x="18.61" y="16.38"/>
        <vehicle id="cfm-fast_5" eclass="HBEFA3/PC_G_EU4" CO2="42112.24" CO="791.34" HC="4.65" NOx="19.32" PMx="1.05" fuel="18.10" electricity="0.00" noise="97.42" route="routeleft" type="cfm-fast" waiting="0.00" lane="left_0" pos="41.70" speed="20.04" angle="109.43" x="45.92" y="-2.60"/>
        <vehicle id="cfm-slow_0" eclass="HBEFA3/PC_G_EU4" CO2="22277.74" CO="395.81" HC="2.35" NOx="10.07" PMx="0.53" fuel="9.58" electricity="0.00" noise="84.08" route="routebottom" type="cfm-slow" waiting="0.00" lane="bottom_0" pos="15.33" speed="15.50" angle="66.88" x="95.48" y="2.87"/>
        <vehicle id="cfm-slow_1" eclass="HBEFA3/PC_G_EU4" CO2="22338.69" CO="397.05" HC="2.36" NOx="10.10" PMx="0.53" fuel="9.60" electricity="0.00" noise="84.15" route="routebottom" type="cfm-slow" waiting="0.00" lane="bottom_0" pos="31.16" speed="15.50" angle="38.43" x="120.59" y="25.38"/>
        <vehicle id="cfm-slow_2" eclass="HBEFA3/PC_G_EU4" CO2="22782.63" CO="406.10" HC="2.41" NOx="10.31" PMx="0.54" fuel="9.79" electricity="0.00" noise="84.61" route="routebottom" type="cfm-slow" waiting="0.00" lane="bottom_0" pos="47.00" speed="15.52" angle="9.98" x="131.96" y="57.12"/>
        <vehicle id="cfm-slow_3" eclass="HBEFA3/PC_G_EU4" CO2="25381.39" CO="458.98" HC="2.71" NOx="11.53" PMx="0.61" fuel="10.91" electricity="0.00" noise="87.25" route="routebottom" type="cfm-slow" waiting="0.00" lane="right_0" pos="12.86" speed="15.66" angle="341.33" x="126.73" y="90.67"/>
        <vehicle id="cfm-slow_4" eclass="HBEFA3/PC_G_EU4" CO2="36877.12" CO="692.31" HC="4.06" NOx="16.94" PMx="0.91" fuel="15.85" electricity="0.00" noise="98.13" route="routeright" type="cfm-slow" waiting="0.00" lane="right_0" pos="28.86" speed="16.44" angle="312.54" x="105.95" y="117.67"/>
        <vehicle id="cfm-slow_5" eclass="HBEFA3/PC_G_EU4" CO2="73546.14" CO="1438.74" HC="8.38" NOx="34.16" PMx="1.87" fuel="31.61" electricity="0.00" noise="124.51" route="routeright" type="cfm-slow" waiting="0.00" lane="right_0" pos="45.74" speed="19.81" angle="282.22" x="72.89" y="131.64"/>
    </timestep>
    <timestep time="1.57">
        <vehicle id="cfm-fast_0" eclass="HBEFA3/PC_G_EU4" CO2="77927.37" CO="1528.20" HC="8.89" NOx="36.20" PMx="1.99" fuel="33.50" electricity="0.00" noise="125.06" route="routetop" type="cfm-fast" waiting="0.00" lane="top_1" pos="12.63" speed="20.98" angle="251.75" x="38.42" y="123.89"/>
        <vehicle id="cfm-fast_1" eclass="HBEFA3/PC_G_EU4" CO2="77927.38" CO="1528.20" HC="8.89" NOx="36.20" PMx="1.99" fuel="33.50" electricity="0.00" noise="125.06" route="routetop" type="cfm-fast" waiting="0.00" lane="top_0" pos="28.46" speed="20.98" angle="223.29" x="10.19" y="106.64"/>
        <vehicle id="cfm-fast_2" eclass="HBEFA3/PC_G_EU4" CO2="77927.68" CO="1528.20" HC="8.89" NOx="36.20" PMx="1.99" fuel="33.50" electricity="0.00" noise="125.06" route="routetop" type="cfm-fast" waiting="0.00" lane="top_1" pos="44.29" speed="20.98" angle="194.80" x="-0.59" y="75.33"/>
        <vehicle id="cfm-fast_3" eclass="HBEFA3/PC_G_EU4" CO2="77934.36" CO="1528.34" HC="8.89" NOx="36.20" PMx="1.99" fuel="33.50" electricity="0.00" noise="125.06" route="routetop" type="cfm-fast" waiting="0.00" lane="left_0" pos="10.13" speed="20.98" angle="166.17" x="-1.49" y="42.15"/>
        <vehicle id="cfm-fast_4" eclass="HBEFA3/PC_G_EU4" CO2="78051.54" CO="1530.75" HC="8.91" NOx="36.26" PMx="1.99" fuel="33.55" electricity="0.00" noise="125.07" route="routeleft" type="cfm-fast" waiting="0.00" lane="left_1" pos="25.98" speed="21.01" angle="137.75" x="18.93" y="16.09"/>
        <vehicle id="cfm-fast_5" eclass="HBEFA3/PC_G_EU4" CO2="41574.76" CO="780.20" HC="4.58" NOx="19.07" PMx="1.04" fuel="17.87" electricity="0.00" noise="96.88" route="routeleft" type="cfm-fast" waiting="0.00" lane="left_0" pos="41.90" speed="20.11" angle="109.06" x="46.34" y="-2.71"/>
        <vehicle id="cfm-slow_0" eclass="HBEFA3/PC_G_EU4" CO2="22165.41" CO="393.27" HC="2.34" NOx="10.02" PMx="0.53" fuel="9.53" electricity="0.00" noise="83.91" route="routebottom" type="cfm-slow" waiting="0.00" lane="bottom_0" pos="15.48" speed="15.55" angle="66.62" x="95.77" y="3.03"/>
        <vehicle id="cfm-slow_1" eclass="HBEFA3/PC_G_EU4" CO2="22230.08" CO="394.59" HC="2.34" NOx="10.05" PMx="0.53" fuel="9.56" electricity="0.00" noise="83.98" route="routebottom" type="cfm-slow" waiting="0.00" lane="bottom_0" pos="31.32" speed="15.55" angle="38.15" x="120.77" y="25.65"/>
        <vehicle id="cfm-slow_2" eclass="HBEFA3/PC_G_EU4" CO2="22695.08" CO="404.07" HC="2.40" NOx="10.27" PMx="0.54" fuel="9.76" electricity="0.00" noise="84.46" route="routebottom" type="cfm-slow" waiting="0.00" lane="bottom_0" pos="47.15" speed="15.57" angle="9.70" x="131.99" y="57.46"/>
        <vehicle id="cfm-slow_3" eclass="HBEFA3/PC_G_EU4" CO2="25379.11" CO="458.68" HC="2.71" NOx="11.53" PMx="0.61" fuel="10.91" electricity="0.00" noise="87.18" route="routebottom" type="cfm-slow" waiting="0.00" lane="right_0" pos="13.01" speed="15.71" angle="341.04" x="126.60" y="90.98"/>
        <vehicle id="cfm-slow_4" eclass="HBEFA3/PC_G_EU4" CO2="37093.97" CO="696.46" HC="4.09" NOx="17.04" PMx="0.92" fuel="15.94" electricity="0.00" noise="98.20" route="routeright" type="cfm-slow" waiting="0.00" lane="right_0" pos="29.03" speed="16.52" angle="312.24" x="105.67" y="117.89"/>
        <vehicle id="cfm-slow_5" eclass="HBEFA3/PC_G_EU4" CO2="74055.72" CO="1449.08" HC="8.44" NOx="34.40" PMx="1.88" fuel="31.83" electricity="0.00" noise="124.57" route="routeright" type="cfm-slow" waiting="0.00" lane="right_0" pos="45.94" speed="19.95" angle="281.86" x="72.47" y="131.70"/>
    </timestep>
    <timestep time="1.58">
        <vehicle id="cfm-fast_0" eclass="HBEFA3/PC_G_EU4" CO2="78439.45" CO="1538.73" HC="8.95" NOx="36.44" PMx="2.00" fuel="33.72" electricity="0.00" noise="125.12" route="routetop" type="cfm-fast" waiting="0.00" lane="top_1" pos="12.84" speed="21.12" angle="251.42" x="38.02" y="123.73"/>
        <vehicle id="cfm-fast_1" eclass="HBEFA3/PC_G_EU4" CO2="78439.46" CO="1538.73" HC="8.95" NOx="36.44" PMx="2.00" fuel="33.72" electricity="0.00" noise="125.12" route="routetop" type="cfm-fast" waiting="0.00" lane="top_0" pos="28.67" speed="21.12" angle="222.90" x="9.91" y="106.28"/>
        <vehicle id="cfm-fast_2" eclass="HBEFA3/PC_G_EU4" CO2="78439.76" CO="1538.73" HC="8.95" NOx="36.44" PMx="2.00" fuel="33.72" electricity="0.00" noise="125.12" route="routetop" type="cfm-fast" waiting="0.00" lane="top_1" pos="44.50" speed="21.12" angle="194.41" x="-0.67" y="74.90"/>
        <vehicle id="cfm-fast_3" eclass="HBEFA3/PC_G_EU4" CO2="78446.44" CO="1538.87" HC="8.95" NOx="36.44" PMx="2.00" fuel="33.72" electricity="0.00" noise="125.12" route="routetop" type="cfm-fast" waiting="0.00" lane="left_0" pos="10.34" speed="21.12" angle="165.84" x="-1.34" y="41.72"/>
        <vehicle id="cfm-fast_4" eclass="HBEFA3/PC_G_EU4" CO2="78563.69" CO="1541.29" HC="8.97" NOx="36.50" PMx="2.00" fuel="33.77" electricity="0.00" noise="125.14" route="routeleft" type="cfm-fast" waiting="0.00" lane="left_1" pos="26.19" speed="21.15" angle="137.36" x="19.25" y="15.80"/>
        <vehicle id="cfm-fast_5" eclass="HBEFA3/PC_G_EU4" CO2="41038.97" CO="769.11" HC="4.52" NOx="18.81" PMx="1.02" fuel="17.64" electricity="0.00" noise="96.34" route="routeleft" type="cfm-fast" waiting="0.00" lane="left_0" pos="42.11" speed="20.18" angle="108.68" x="46.76" y="-2.82"/>
        <vehicle id="cfm-slow_0" eclass="HBEFA3/PC_G_EU4" CO2="22053.07" CO="390.73" HC="2.32" NOx="9.96" PMx="0.52" fuel="9.48" electricity="0.00" noise="83.74" route="routebottom" type="cfm-slow" waiting="0.00" lane="bottom_0" pos="15.64" speed="15.60" angle="66.33" x="96.07" y="3.19"/>
        <vehicle id="cfm-slow_1" eclass="HBEFA3/PC_G_EU4" CO2="22121.64" CO="392.13" HC="2.33" NOx="10.00" PMx="0.53" fuel="9.51" electricity="0.00" noise="83.81" route="routebottom" type="cfm-slow" waiting="0.00" lane="bottom_0" pos="31.47" speed="15.60" angle="37.87" x="120.96" y="25.93"/>
        <vehicle id="cfm-slow_2" eclass="HBEFA3/PC_G_EU4" CO2="22608.32" CO="402.05" HC="2.39" NOx="10.23" PMx="0.54" fuel="9.72" electricity="0.00" noise="84.31" route="routebottom" type="cfm-slow" waiting="0.00" lane="bottom_0" pos="47.31" speed="15.62" angle="9.41" x="132.02" y="57.79"/>
        <vehicle id="cfm-slow_3" eclass="HBEFA3/PC_G_EU4" CO2="25378.81" CO="458.42" HC="2.71" NOx="11.53" PMx="0.61" fuel="10.91" electricity="0.00" noise="87.11" route="routebottom" type="cfm-slow" waiting="0.00" lane="right_0" pos="13.17" speed="15.77" angle="340.76" x="126.46" y="91.29"/>
        <vehicle id="cfm-slow_4" eclass="HBEFA3/PC_G_EU4" CO2="37313.00" CO="700.66" HC="4.11" NOx="17.14" PMx="0.92" fuel="16.04" electricity="0.00" noise="98.28" route="routeright" type="cfm-slow" waiting="0.00" lane="right_0" pos="29.20" speed="16.60" angle="311.94" x="105.39" y="118.11"/>
        <vehicle id="cfm-slow_5" eclass="HBEFA3/PC_G_EU4" CO2="74565.58" CO="1459.45" HC="8.50" NOx="34.64" PMx="1.90" fuel="32.05" electricity="0.00" noise="124.64" route="routeright" type="cfm-slow" waiting="0.00" lane="right_0" pos="46.14" speed="20.08" angle="281.53" x="72.04" y="131.76"/>
    </timestep>
    <timestep time="1.59">
        <vehicle id="cfm-fast_0" eclass="HBEFA3/PC_G_EU4" CO2="78951.82" CO="1549.28" HC="9.01" NOx="36.68" PMx="2.01" fuel="33.94" electricity="0.00" noise="125.19" route="routetop" type="cfm-fast" waiting="0.00" lane="top_1" pos="13.05" speed="21.25" angle="251.02" x="37.62" y="123.55"/>
        <vehicle id="cfm-fast_1" eclass="HBEFA3/PC_G_EU4" CO2="78951.83" CO="1549.28" HC="9.01" NOx="36.68" PMx="2.01" fuel="33.94" electricity="0.00" noise="125.19" route="routetop" type="cfm-fast" waiting="0.00" lane="top_0" pos="28.88" speed="21.25" angle="222.52" x="9.62" y="105.92"/>
        <vehicle id="cfm-fast_2" eclass="HBEFA3/PC_G_EU4" CO2="78952.13" CO="1549.29" HC="9.01" NOx="36.68" PMx="2.01" fuel="33.94" electricity="0.00" noise="125.19" route="routetop" type="cfm-fast" waiting="0.00" lane="top_1" pos="44.72" speed="21.25" angle="194.01" x="-0.75" y="74.47"/>
        <vehicle id="cfm-fast_3" eclass="HBEFA3/PC_G_EU4" CO2="78958.82" CO="1549.42" HC="9.01" NOx="36.68" PMx="2.01" fuel="33.94" electricity="0.00" noise="125.19" route="routetop" type="cfm-fast" waiting="0.00" lane="left_0" pos="10.55" speed="21.25" angle="165.44" x="-1.19" y="41.29"/>
        <vehicle id="cfm-fast_4" eclass="HBEFA3/PC_G_EU4" CO2="79076.13" CO="1551.84" HC="9.03" NOx="36.74" PMx="2.02" fuel="33.99" electricity="0.00" noise="125.20" route="routeleft" type="cfm-fast" waiting="0.00" lane="left_1" pos="26.40" speed="21.28" angle="136.96" x="19.57" y="15.50"/>
        <vehicle id="cfm-fast_5" eclass="HBEFA3/PC_G_EU4" CO2="40505.03" CO="758.06" HC="4.45" NOx="18.56" PMx="1.01" fuel="17.41" electricity="0.00" noise="95.80" route="routeleft" type="cfm-fast" waiting="0.00" lane="left_0" pos="42.31" speed="20.25" angle="108.35" x="47.18" y="-2.93"/>
        <vehicle id="cfm-slow_0" eclass="HBEFA3/PC_G_EU4" CO2="21940.74" CO="388.20" HC="2.31" NOx="9.91" PMx="0.52" fuel="9.43" electricity="0.00" noise="83.57" route="routebottom" type="cfm-slow" waiting="0.00" lane="bottom_0" pos="15.80" speed="15.64" angle="66.04" x="96.36" y="3.35"/>
        <vehicle id="cfm-slow_1" eclass="HBEFA3/PC_G_EU4" CO2="22013.37" CO="389.68" HC="2.32" NOx="9.94" PMx="0.52" fuel="9.46" electricity="0.00" noise="83.65" route="routebottom" type="cfm-slow" waiting="0.00" lane="bottom_0" pos="31.63" speed="15.65" angle="37.59" x="121.15" y="26.21"/>
        <vehicle id="cfm-slow_2" eclass="HBEFA3/PC_G_EU4" CO2="22522.37" CO="400.06" HC="2.38" NOx="10.18" PMx="0.54" fuel="9.68" electricity="0.00" noise="84.17" route="routebottom" type="cfm-slow" waiting="0.00" lane="bottom_0" pos="47.47" speed="15.67" angle="9.18" x="132.06" y="58.12"/>
        <vehicle id="cfm-slow_3" eclass="HBEFA3/PC_G_EU4" CO2="25380.48" CO="458.21" HC="2.71" NOx="11.53" PMx="0.61" fuel="10.91" electricity="0.00" noise="87.05" route="routebottom" type="cfm-slow" waiting="0.00" lane="right_0" pos="13.33" speed="15.82" angle="340.47" x="126.32" y="91.60"/>
        <vehicle id="cfm-slow_4" eclass="HBEFA3/PC_G_EU4" CO2="37534.22" CO="704.91" HC="4.14" NOx="17.24" PMx="0.93" fuel="16.13" electricity="0.00" noise="98.36" route="routeright" type="cfm-slow" waiting="0.00" lane="right_0" pos="29.36" speed="16.68" angle="311.64" x="105.10" y="118.33"/>
        <vehicle id="cfm-slow_5" eclass="HBEFA3/PC_G_EU4" CO2="75075.74" CO="1469.84" HC="8.56" NOx="34.87" PMx="1.91" fuel="32.27" electricity="0.00" noise="124.70" route="routeright" type="cfm-slow" waiting="0.00" lane="right_0" pos="46.34" speed="20.22" angle="281.19" x="71.61" y="131.81"/>
    </timestep>
    <timestep time="1.60">
        <vehicle id="cfm-fast_0" eclass="HBEFA3/PC_G_EU4" CO2="79464.48" CO="1559.85" HC="9.08" NOx="36.92" PMx="2.03" fuel="34.16" electricity="0.00" noise="125.25" route="routetop" type="cfm-fast" waiting="0.00" lane="top_1" pos="13.26" speed="21.39" angle="250.62" x="37.22" y="123.37"/>
        <vehicle id="cfm-fast_1" eclass="HBEFA3/PC_G_EU4" CO2="79464.49" CO="1559.85" HC="9.08" NOx="36.92" PMx="2.03" fuel="34.16" electricity="0.00" noise="125.25" route="routetop" type="cfm-fast" waiting="0.00" lane="top_0" pos="29.10" speed="21.39" angle="222.13" x="9.34" y="105.56"/>
        <vehicle id="cfm-fast_2" eclass="HBEFA3/PC_G_EU4" CO2="79464.79" CO="1559.86" HC="9.08" NOx="36.92" PMx="2.03" fuel="34.16" electricity="0.00" noise="125.25" route="routetop" type="cfm-fast" waiting="0.00" lane="top_1" pos="44.93" speed="21.39" angle="193.69" x="-0.82" y="74.04"/>
        <vehicle id="cfm-fast_3" eclass="HBEFA3/PC_G_EU4" CO2="79471.48" CO="1560.00" HC="9.08" NOx="36.92" PMx="2.03" fuel="34.16" electricity="0.00" noise="125.25" route="routetop" type="cfm-fast" waiting="0.00" lane="left_0" pos="10.76" speed="21.39" angle="165.04" x="-1.03" y="40.85"/>
        <vehicle id="cfm-fast_4" eclass="HBEFA3/PC_G_EU4" CO2="79588.86" CO="1562.42" HC="9.09" NOx="36.97" PMx="2.03" fuel="34.21" electricity="0.00" noise="125.27" route="routeleft" type="cfm-fast" waiting="0.00" lane="left_1" pos="26.62" speed="21.42" angle="136.57" x="19.89" y="15.20"/>
        <vehicle id="cfm-fast_5" eclass="HBEFA3/PC_G_EU4" CO2="39973.08" CO="747.06" HC="4.39" NOx="18.31" PMx="0.99" fuel="17.18" electricity="0.00" noise="95.28" route="routeleft" type="cfm-fast" waiting="0.00" lane="left_0" pos="42.51" speed="20.32" angle="108.00" x="47.61" y="-3.03"/>
        <vehicle id="cfm-slow_0" eclass="HBEFA3/PC_G_EU4" CO2="21828.45" CO="385.67" HC="2.29" NOx="9.86" PMx="0.52" fuel="9.38" electricity="0.00" noise="83.41" route="routebottom" type="cfm-slow" waiting="0.00" lane="bottom_0" pos="15.95" speed="15.69" angle="65.75" x="96.65" y="3.52"/>
        <vehicle id="cfm-slow_1" eclass="HBEFA3/PC_G_EU4" CO2="21905.32" CO="387.24" HC="2.30" NOx="9.89" PMx="0.52" fuel="9.42" electricity="0.00" noise="83.49" route="routebottom" type="cfm-slow" waiting="0.00" lane="bottom_0" pos="31.79" speed="15.69" angle="37.31" x="121.33" y="26.49"/>
        <vehicle id="cfm-slow_2" eclass="HBEFA3/PC_G_EU4" CO2="22437.27" CO="398.08" HC="2.36" NOx="10.14" PMx="0.53" fuel="9.64" electricity="0.00" noise="84.03" route="routebottom" type="cfm-slow" waiting="0.00" lane="bottom_0" pos="47.62" speed="15.72" angle="8.89" x="132.08" y="58.46"/>
        <vehicle id="cfm-slow_3" eclass="HBEFA3/PC_G_EU4" CO2="25384.17" CO="458.04" HC="2.71" NOx="11.53" PMx="0.61" fuel="10.91" electricity="0.00" noise="86.99" route="routebottom" type="cfm-slow" waiting="0.00" lane="right_0" pos="13.49" speed="15.88" angle="340.18" x="126.18" y="91.91"/>
        <vehicle id="cfm-slow_4" eclass="HBEFA3/PC_G_EU4" CO2="37757.63" CO="709.22" HC="4.16" NOx="17.35" PMx="0.93" fuel="16.23" electricity="0.00" noise="98.44" route="routeright" type="cfm-slow" waiting="0.00" lane="right_0" pos="29.53" speed="16.76" angle="311.39" x="104.82" y="118.55"/>
        <vehicle id="cfm-slow_5" eclass="HBEFA3/PC_G_EU4" CO2="75586.18" CO="1480.25" HC="8.62" NOx="35.11" PMx="1.92" fuel="32.49" electricity="0.00" noise="124.76" route="routeright" type="cfm-slow" waiting="0.00" lane="right_0" pos="46.55" speed="20.35" angle="280.81" x="71.17" y="131.86"/>
    </timestep>
    <timestep time="1.61">
        <vehicle id="cfm-fast_0" eclass="HBEFA3/PC_G_EU4" CO2="79977.43" CO="1570.45" HC="9.14" NOx="37.16" PMx="2.04" fuel="34.38" electricity="0.00" noise="125.31" route="routetop" type="cfm-fast" waiting="0.00" lane="top_1" pos="13.48" speed="21.52" angle="250.22" x="36.82" y="123.19"/>
        <vehicle id="cfm-fast_1" eclass="HBEFA3/PC_G_EU4" CO2="79977.44" CO="1570.45" HC="9.14" NOx="37.16" PMx="2.04" fuel="34.38" electricity="0.00" noise="125.31" route="routetop" type="cfm-fast" waiting="0.00" lane="top_0" pos="29.31" speed="21.52" angle="221.73" x="9.06" y="105.19"/>
        <vehicle id="cfm-fast_2" eclass="HBEFA3/PC_G_EU4" CO2="79977.74" CO="1570.46" HC="9.14" NOx="37.16" PMx="2.04" fuel="34.38" electricity="0.00" noise="125.31" route="routetop" type="cfm-fast" waiting="0.00" lane="top_1" pos="45.15" speed="21.52" angle="193.30" x="-0.89" y="73.61"/>
        <vehicle id="cfm-fast_3" eclass="HBEFA3/PC_G_EU4" CO2="79984.44" CO="1570.59" HC="9.14" NOx="37.16" PMx="2.04" fuel="34.38" electricity="0.00" noise="125.31" route="routetop" type="cfm-fast" waiting="0.00" lane="left_0" pos="10.98" speed="21.53" angle="164.65" x="-0.88" y="40.42"/>
        <vehicle id="cfm-fast_4" eclass="HBEFA3/PC_G_EU4" CO2="80101.88" CO="1573.02" HC="9.15" NOx="37.21" PMx="2.04" fuel="34.43" electricity="0.00" noise="125.33" route="routeleft" type="cfm-fast" waiting="0.00" lane="left_1" pos="26.83" speed="21.56" angle="136.19" x="20.22" y="14.90"/>
        <vehicle id="cfm-fast_5" eclass="HBEFA3/PC_G_EU4" CO2="39443.28" CO="736.11" HC="4.33" NOx="18.05" PMx="0.98" fuel="16.95" electricity="0.00" noise="94.76" route="routeleft" type="cfm-fast" waiting="0.00" lane="left_0" pos="42.71" speed="20.39" angle="107.64" x="48.04" y="-3.13"/>
        <vehicle id="cfm-slow_0" eclass="HBEFA3/PC_G_EU4" CO2="21716.20" CO="383.14" HC="2.28" NOx="9.80" PMx="0.52" fuel="9.33" electricity="0.00" noise="83.24" route="routebottom" type="cfm-slow" waiting="0.00" lane="bottom_0" pos="16.11" speed="15.74" angle="65.46" x="96.95" y="3.68"/>
        <vehicle id="cfm-slow_1" eclass="HBEFA3/PC_G_EU4" CO2="21797.50" CO="384.80" HC="2.29" NOx="9.84" PMx="0.52" fuel="9.37" electricity="0.00" noise="83.33" route="routebottom" type="cfm-slow" waiting="0.00" lane="bottom_0" pos="31.94" speed="15.74" angle="37.03" x="121.52" y="26.77"/>
        <vehicle id="cfm-slow_2" eclass="HBEFA3/PC_G_EU4" CO2="22353.04" CO="396.13" HC="2.35" NOx="10.10" PMx="0.53" fuel="9.61" electricity="0.00" noise="83.89" route="routebottom" type="cfm-slow" waiting="0.00" lane="bottom_0" pos="47.78" speed="15.77" angle="8.60" x="132.10" y="58.80"/>
        <vehicle id="cfm-slow_3" eclass="HBEFA3/PC_G_EU4" CO2="25389.86" CO="457.92" HC="2.71" NOx="11.53" PMx="0.61" fuel="10.91" electricity="0.00" noise="86.93" route="routebottom" type="cfm-slow" waiting="0.00" lane="right_0" pos="13.65" speed="15.93" angle="339.89" x="126.04" y="92.22"/>
        <vehicle id="cfm-slow_4" eclass="HBEFA3/PC_G_EU4" CO2="37983.23" CO="713.57" HC="4.19" NOx="17.45" PMx="0.94" fuel="16.33" electricity="0.00" noise="98.53" route="routeright" type="cfm-slow" waiting="0.00" lane="right_0" pos="29.70" speed="16.84" angle="311.07" x="104.52" y="118.77"/>
        <vehicle id="cfm-slow_5" eclass="HBEFA3/PC_G_EU4" CO2="76096.92" CO="1490.68" HC="8.68" NOx="35.35" PMx="1.94" fuel="32.71" electricity="0.00" noise="124.83" route="routeright" type="cfm-slow" waiting="0.00" lane="right_0" pos="46.75" speed="20.49" angle="280.44" x="70.73" y="131.90"/>
    </timestep>
    <timestep time="1.62">
        <vehicle id="cfm-fast_0" eclass="HBEFA3/PC_G_EU4" CO2="80490.68" CO="1581.07" HC="9.20" NOx="37.39" PMx="2.05" fuel="34.60" electricity="0.00" noise="125.38" route="routetop" type="cfm-fast" waiting="0.00" lane="top_1" pos="13.70" speed="21.66" angle="249.81" x="36.41" y="123.01"/>
        <vehicle id="cfm-fast_1" eclass="HBEFA3/PC_G_EU4" CO2="80490.69" CO="1581.07" HC="9.20" NOx="37.39" PMx="2.05" fuel="34.60" electricity="0.00" noise="125.38" route="routetop" type="cfm-fast" waiting="0.00" lane="top_0" pos="29.53" speed="21.66" angle="221.40" x="8.77" y="104.82"/>
        <vehicle id="cfm-fast_2" eclass="HBEFA3/PC_G_EU4" CO2="80490.98" CO="1581.07" HC="9.20" NOx="37.39" PMx="2.05" fuel="34.60" electricity="0.00" noise="125.38" route="routetop" type="cfm-fast" waiting="0.00" lane="top_1" pos="45.36" speed="21.66" angle="192.90" x="-0.95" y="73.17"/>
        <vehicle id="cfm-fast_3" eclass="HBEFA3/PC_G_EU4" CO2="80497.69" CO="1581.21" HC="9.20" NOx="37.40" PMx="2.05" fuel="34.60" electricity="0.00" noise="125.38" route="routetop" type="cfm-fast" waiting="0.00" lane="left_0" pos="11.20" speed="21.66" angle="164.24" x="-0.72" y="39.98"/>
        <vehicle id="cfm-fast_4" eclass="HBEFA3/PC_G_EU4" CO2="80615.20" CO="1583.64" HC="9.21" NOx="37.45" PMx="2.06" fuel="34.65" electricity="0.00" noise="125.39" route="routeleft" type="cfm-fast" waiting="0.00" lane="left_1" pos="27.05" speed="21.69" angle="135.83" x="20.55" y="14.61"/>
        <vehicle id="cfm-fast_5" eclass="HBEFA3/PC_G_EU4" CO2="38915.74" CO="725.21" HC="4.27" NOx="17.80" PMx="0.97" fuel="16.73" electricity="0.00" noise="94.25" route="routeleft" type="cfm-fast" waiting="0.00" lane="left_0" pos="42.92" speed="20.46" angle="107.28" x="48.46" y="-3.23"/>
        <vehicle id="cfm-slow_0" eclass="HBEFA3/PC_G_EU4" CO2="21604.03" CO="380.63" HC="2.26" NOx="9.75" PMx="0.51" fuel="9.29" electricity="0.00" noise="83.08" route="routebottom" type="cfm-slow" waiting="0.00" lane="bottom_0" pos="16.27" speed="15.78" angle="65.17" x="97.25" y="3.85"/>
        <vehicle id="cfm-slow_1" eclass="HBEFA3/PC_G_EU4" CO2="21689.94" CO="382.38" HC="2.27" NOx="9.79" PMx="0.52" fuel="9.32" electricity="0.00" noise="83.17" route="routebottom" type="cfm-slow" waiting="0.00" lane="bottom_0" pos="32.10" speed="15.79" angle="36.81" x="121.71" y="27.06"/>
        <vehicle id="cfm-slow_2" eclass="HBEFA3/PC_G_EU4" CO2="22269.71" CO="394.20" HC="2.34" NOx="10.06" PMx="0.53" fuel="9.57" electricity="0.00" noise="83.76" route="routebottom" type="cfm-slow" waiting="0.00" lane="bottom_0" pos="47.94" speed="15.81" angle="8.30" x="132.12" y="59.14"/>
        <vehicle id="cfm-slow_3" eclass="HBEFA3/PC_G_EU4" CO2="25397.59" CO="457.84" HC="2.71" NOx="11.53" PMx="0.61" fuel="10.92" electricity="0.00" noise="86.87" route="routebottom" type="cfm-slow" waiting="0.00" lane="right_0" pos="13.81" speed="15.99" angle="339.60" x="125.90" y="92.54"/>
        <vehicle id="cfm-slow_4" eclass="HBEFA3/PC_G_EU4" CO2="38211.00" CO="717.97" HC="4.21" NOx="17.56" PMx="0.95" fuel="16.42" electricity="0.00" noise="98.61" route="routeright" type="cfm-slow" waiting="0.00" lane="right_0" pos="29.87" speed="16.92" angle="310.76" x="104.23" y="118.98"/>
        <vehicle id="cfm-slow_5" eclass="HBEFA3/PC_G_EU4" CO2="76607.96" CO="1501.14" HC="8.74" NOx="35.59" PMx="1.95" fuel="32.93" electricity="0.00" noise="124.89" route="routeright" type="cfm-slow" waiting="0.00" lane="right_0" pos="46.96" speed="20.63" angle="280.06" x="70.29" y="131.95"/>
    </timestep>
    <timestep time="1.63">
        <vehicle id="cfm-fast_0" eclass="HBEFA3/PC_G_EU4" CO2="81004.22" CO="1591.70" HC="9.26" NOx="37.63" PMx="2.07" fuel="34.82" electricity="0.00" noise="125.44" route="routetop" type="cfm-fast" waiting="0.00" lane="top_1" pos="13.91" speed="21.80" angle="249.41" x="36.00" y="122.82"/>
        <vehicle id="cfm-fast_1" eclass="HBEFA3/PC_G_EU4" CO2="81004.23" CO="1591.71" HC="9.26" NOx="37.63" PMx="2.07" fuel="34.82" electricity="0.00" noise="125.44" route="routetop" type="cfm-fast" waiting="0.00" lane="top_0" pos="29.75" speed="21.80" angle="220.99" x="8.50" y="104.44"/>
        <vehicle id="cfm-fast_2" eclass="HBEFA3/PC_G_EU4" CO2="81004.52" CO="1591.71" HC="9.26" NOx="37.63" PMx="2.07" fuel="34.82" electricity="0.00" noise="125.44" route="routetop" type="cfm-fast" waiting="0.00" lane="top_1" pos="45.58" speed="21.80" angle="192.50" x="-1.01" y="72.72"/>
        <vehicle id="cfm-fast_3" eclass="HBEFA3/PC_G_EU4" CO2="81011.23" CO="1591.85" HC="9.26" NOx="37.64" PMx="2.07" fuel="34.82" electricity="0.00" noise="125.44" route="routetop" type="cfm-fast" waiting="0.00" lane="left_0" pos="11.41" speed="21.80" angle="163.86" x="-0.56" y="39.54"/>
        <vehicle id="cfm-fast_4" eclass="HBEFA3/PC_G_EU4" CO2="81128.81" CO="1594.29" HC="9.27" NOx="37.69" PMx="2.07" fuel="34.87" electricity="0.00" noise="125.46" route="routeleft" type="cfm-fast" waiting="0.00" lane="left_1" pos="27.27" speed="21.83" angle="135.42" x="20.89" y="14.32"/>
        <vehicle id="cfm-fast_5" eclass="HBEFA3/PC_G_EU4" CO2="38390.62" CO="714.36" HC="4.20" NOx="17.56" PMx="0.95" fuel="16.50" electricity="0.00" noise="93.74" route="routeleft" type="cfm-fast" waiting="0.00" lane="left_0" pos="43.12" speed="20.52" angle="106.92" x="48.89" y="-3.33"/>
        <vehicle id="cfm-slow_0" eclass="HBEFA3/PC_G_EU4" CO2="21491.96" CO="378.11" HC="2.25" NOx="9.69" PMx="0.51" fuel="9.24" electricity="0.00" noise="82.92" route="routebottom" type="cfm-slow" waiting="0.00" lane="bottom_0" pos="16.43" speed="15.83" angle="64.87" x="97.55" y="4.01"/>
        <vehicle id="cfm-slow_1" eclass="HBEFA3/PC_G_EU4" CO2="21582.66" CO="379.96" HC="2.26" NOx="9.74" PMx="0.51" fuel="9.28" electricity="0.00" noise="83.01" route="routebottom" type="cfm-slow" waiting="0.00" lane="bottom_0" pos="32.26" speed="15.83" angle="36.51" x="121.88" y="27.35"/>
        <vehicle id="cfm-slow_2" eclass="HBEFA3/PC_G_EU4" CO2="22187.32" CO="392.29" HC="2.33" NOx="10.02" PMx="0.53" fuel="9.54" electricity="0.00" noise="83.62" route="routebottom" type="cfm-slow" waiting="0.00" lane="bottom_0" pos="48.10" speed="15.86" angle="8.00" x="132.14" y="59.48"/>
        <vehicle id="cfm-slow_3" eclass="HBEFA3/PC_G_EU4" CO2="25407.37" CO="457.80" HC="2.71" NOx="11.54" PMx="0.61" fuel="10.92" electricity="0.00" noise="86.82" route="routebottom" type="cfm-slow" waiting="0.00" lane="right_0" pos="13.97" speed="16.04" angle="339.32" x="125.76" y="92.85"/>
        <vehicle id="cfm-slow_4" eclass="HBEFA3/PC_G_EU4" CO2="38440.96" CO="722.42" HC="4.24" NOx="17.66" PMx="0.95" fuel="16.52" electricity="0.00" noise="98.70" route="routeright" type="cfm-slow" waiting="0.00" lane="right_0" pos="30.04" speed="17.00" angle="310.44" x="103.93" y="119.19"/>
        <vehicle id="cfm-slow_5" eclass="HBEFA3/PC_G_EU4" CO2="77119.28" CO="1511.61" HC="8.80" NOx="35.82" PMx="1.96" fuel="33.15" electricity="0.00" noise="124.96" route="routeright" type="cfm-slow" waiting="0.00" lane="right_0" pos="47.17" speed="20.76" angle="279.68" x="69.85" y="131.99"/>
    </timestep>
    <timestep time="1.64">
        <vehicle id="cfm-fast_0" eclass="HBEFA3/PC_G_EU4" CO2="81518.04" CO="1602.37" HC="9.32" NOx="37.87" PMx="2.08" fuel="35.04" electricity="0.00" noise="125.51" route="routetop" type="cfm-fast" waiting="0.00" lane="top_1" pos="14.13" speed="21.93" angle="249.06" x="35.59" y="122.64"/>
        <vehicle id="cfm-fast_1" eclass="HBEFA3/PC_G_EU4" CO2="81518.06" CO="1602.37" HC="9.32" NOx="37.87" PMx="2.08" fuel="35.04" electricity="0.00" noise="125.51" route="routetop" type="cfm-fast" waiting="0.00" lane="top_0" pos="29.97" speed="21.93" angle="220.58" x="8.22" y="104.06"/>
        <vehicle id="cfm-fast_2" eclass="HBEFA3/PC_G_EU4" CO2="81518.35" CO="1602.37" HC="9.32" NOx="37.87" PMx="2.08" fuel="35.04" electricity="0.00" noise="125.51" route="routetop" type="cfm-fast" waiting="0.00" lane="top_1" pos="45.80" speed="21.93" angle="192.10" x="-1.07" y="72.28"/>
        <vehicle id="cfm-fast_3" eclass="HBEFA3/PC_G_EU4" CO2="81525.06" CO="1602.51" HC="9.32" NOx="37.88" PMx="2.08" fuel="35.04" electricity="0.00" noise="125.51" route="routetop" type="cfm-fast" waiting="0.00" lane="left_0" pos="11.63" speed="21.94" angle="163.51" x="-0.40" y="39.10"/>
        <vehicle id="cfm-fast_4" eclass="HBEFA3/PC_G_EU4" CO2="81642.71" CO="1604.95" HC="9.34" NOx="37.93" PMx="2.08" fuel="35.09" electricity="0.00" noise="125.52" route="routeleft" type="cfm-fast" waiting="0.00" lane="left_1" pos="27.49" speed="21.97" angle="135.02" x="21.24" y="14.03"/>
        <vehicle id="cfm-fast_5" eclass="HBEFA3/PC_G_EU4" CO2="37868.02" CO="703.57" HC="4.14" NOx="17.31" PMx="0.94" fuel="16.28" electricity="0.00" noise="93.24" route="routeleft" type="cfm-fast" waiting="0.00" lane="left_0" pos="43.33" speed="20.59" angle="106.55" x="49.33" y="-3.43"/>
        <vehicle id="cfm-slow_0" eclass="HBEFA3/PC_G_EU4" CO2="21379.99" CO="375.61" HC="2.24" NOx="9.64" PMx="0.51" fuel="9.19" electricity="0.00" noise="82.76" route="routebottom" type="cfm-slow" waiting="0.00" lane="bottom_0" pos="16.59" speed="15.88" angle="64.61" x="97.84" y="4.18"/>
        <vehicle id="cfm-slow_1" eclass="HBEFA3/PC_G_EU4" CO2="21475.69" CO="377.56" HC="2.25" NOx="9.68" PMx="0.51" fuel="9.23" electricity="0.00" noise="82.86" route="routebottom" type="cfm-slow" waiting="0.00" lane="bottom_0" pos="32.42" speed="15.88" angle="36.21" x="122.06" y="27.65"/>
        <vehicle id="cfm-slow_2" eclass="HBEFA3/PC_G_EU4" CO2="22105.88" CO="390.41" HC="2.32" NOx="9.98" PMx="0.53" fuel="9.50" electricity="0.00" noise="83.49" route="routebottom" type="cfm-slow" waiting="0.00" lane="bottom_0" pos="48.26" speed="15.91" angle="7.70" x="132.16" y="59.82"/>
        <vehicle id="cfm-slow_3" eclass="HBEFA3/PC_G_EU4" CO2="25419.20" CO="457.82" HC="2.71" NOx="11.54" PMx="0.61" fuel="10.93" electricity="0.00" noise="86.77" route="routebottom" type="cfm-slow" waiting="0.00" lane="right_0" pos="14.13" speed="16.10" angle="339.07" x="125.61" y="93.16"/>
        <vehicle id="cfm-slow_4" eclass="HBEFA3/PC_G_EU4" CO2="38673.10" CO="726.92" HC="4.27" NOx="17.77" PMx="0.96" fuel="16.62" electricity="0.00" noise="98.79" route="routeright" type="cfm-slow" waiting="0.00" lane="right_0" pos="30.21" speed="17.08" angle="310.13" x="103.63" y="119.41"/>
        <vehicle id="cfm-slow_5" eclass="HBEFA3/PC_G_EU4" CO2="77630.90" CO="1522.11" HC="8.86" NOx="36.06" PMx="1.98" fuel="33.37" electricity="0.00" noise="125.02" route="routeright" type="cfm-slow" waiting="0.00" lane="right_0" pos="47.38" speed="20.90" angle="279.31" x="69.40" y="132.04"/>
    </timestep>
    <timestep time="1.65">
        <vehicle id="cfm-fast_0" eclass="HBEFA3/PC_G_EU4" CO2="82032.17" CO="1613.05" HC="9.38" NOx="38.11" PMx="2.09" fuel="35.26" electricity="0.00" noise="125.57" route="routetop" type="cfm-fast" waiting="0.00" lane="top_1" pos="14.35" speed="22.07" angle="248.65" x="35.19" y="122.43"/>
        <vehicle id="cfm-fast_1" eclass="HBEFA3/PC_G_EU4" CO2="82032.18" CO="1613.05" HC="9.38" NOx="38.11" PMx="2.09" fuel="35.26" electricity="0.00" noise="125.57" route="routetop" type="cfm-fast" waiting="0.00" lane="top_0" pos="30.19" speed="22.07" angle="220.17" x="7.94" y="103.68"/>
        <vehicle id="cfm-fast_2" eclass="HBEFA3/PC_G_EU4" CO2="82032.47" CO="1613.05" HC="9.38" NOx="38.11" PMx="2.09" fuel="35.26" electricity="0.00" noise="125.57" route="routetop" type="cfm-fast" waiting="0.00" lane="top_1" pos="46.02" speed="22.07" angle="191.70" x="-1.14" y="71.83"/>
        <vehicle id="cfm-fast_3" eclass="HBEFA3/PC_G_EU4" CO2="82039.19" CO="1613.19" HC="9.38" NOx="38.12" PMx="2.09" fuel="35.26" electricity="0.00" noise="125.57" route="routetop" type="cfm-fast" waiting="0.00" lane="left_0" pos="11.85" speed="22.07" angle="163.12" x="-0.22" y="38.65"/>
        <vehicle id="cfm-fast_4" eclass="HBEFA3/PC_G_EU4" CO2="82156.90" CO="1615.64" HC="9.40" NOx="38.17" PMx="2.10" fuel="35.32" electricity="0.00" noise="125.59" route="routeleft" type="cfm-fast" waiting="0.00" lane="left_1" pos="27.71" speed="22.10" angle="134.61" x="21.58" y="13.73"/>
        <vehicle id="cfm-fast_5" eclass="HBEFA3/PC_G_EU4" CO2="37348.07" CO="692.83" HC="4.08" NOx="17.06" PMx="0.93" fuel="16.05" electricity="0.00" noise="92.75" route="routeleft" type="cfm-fast" waiting="0.00" lane="left_0" pos="43.54" speed="20.65" angle="106.21" x="49.76" y="-3.53"/>
        <vehicle id="cfm-slow_0" eclass="HBEFA3/PC_G_EU4" CO2="21268.15" CO="373.11" HC="2.22" NOx="9.59" PMx="0.50" fuel="9.14" electricity="0.00" noise="82.60" route="routebottom" type="cfm-slow" waiting="0.00" lane="bottom_0" pos="16.74" speed="15.92" angle="64.34" x="98.14" y="4.35"/>
        <vehicle id="cfm-slow_1" eclass="HBEFA3/PC_G_EU4" CO2="21369.05" CO="375.17" HC="2.23" NOx="9.63" PMx="0.51" fuel="9.19" electricity="0.00" noise="82.70" route="routebottom" type="cfm-slow" waiting="0.00" lane="bottom_0" pos="32.58" speed="15.92" angle="35.92" x="122.23" y="27.94"/>
        <vehicle id="cfm-slow_2" eclass="HBEFA3/PC_G_EU4" CO2="22025.43" CO="388.55" HC="2.31" NOx="9.94" PMx="0.52" fuel="9.47" electricity="0.00" noise="83.36" route="routebottom" type="cfm-slow" waiting="0.00" lane="bottom_0" pos="48.42" speed="15.95" angle="7.40" x="132.18" y="60.17"/>
        <vehicle id="cfm-slow_3" eclass="HBEFA3/PC_G_EU4" CO2="25433.10" CO="457.87" HC="2.71" NOx="11.55" PMx="0.61" fuel="10.93" electricity="0.00" noise="86.72" route="routebottom" type="cfm-slow" waiting="0.00" lane="right_0" pos="14.29" speed="16.15" angle="338.77" x="125.46" y="93.48"/>
        <vehicle id="cfm-slow_4" eclass="HBEFA3/PC_G_EU4" CO2="38907.41" CO="731.48" HC="4.29" NOx="17.88" PMx="0.96" fuel="16.72" electricity="0.00" noise="98.88" route="routeright" type="cfm-slow" waiting="0.00" lane="right_0" pos="30.38" speed="17.16" angle="309.81" x="103.33" y="119.62"/>
        <vehicle id="cfm-slow_5" eclass="HBEFA3/PC_G_EU4" CO2="78142.81" CO="1532.63" HC="8.92" NOx="36.30" PMx="1.99" fuel="33.59" electricity="0.00" noise="125.08" route="routeright" type="cfm-slow" waiting="0.00" lane="right_0" pos="47.59" speed="21.04" angle="278.97" x="68.95" y="132.07"/>
    </timestep>
    <timestep time="1.66">
        <vehicle id="cfm-fast_0" eclass="HBEFA3/PC_G_EU4" CO2="82546.58" CO="1623.75" HC="9.44" NOx="38.35" PMx="2.11" fuel="35.48" electricity="0.00" noise="125.64" route="routetop" type="cfm-fast" waiting="0.00" lane="top_1" pos="14.58" speed="22.21" angle="248.24" x="34.78" y="122.23"/>
        <vehicle id="cfm-fast_1" eclass="HBEFA3/PC_G_EU4" CO2="82546.59" CO="1623.75" HC="9.44" NOx="38.35" PMx="2.11" fuel="35.48" electricity="0.00" noise="125.64" route="routetop" type="cfm-fast" waiting="0.00" lane="top_0" pos="30.41" speed="22.21" angle="219.76" x="7.67" y="103.29"/>
        <vehicle id="cfm-fast_2" eclass="HBEFA3/PC_G_EU4" CO2="82546.88" CO="1623.76" HC="9.44" NOx="38.35" PMx="2.11" fuel="35.48" electricity="0.00" noise="125.64" route="routetop" type="cfm-fast" waiting="0.00" lane="top_1" pos="46.24" speed="22.21" angle="191.35" x="-1.20" y="71.38"/>
        <vehicle id="cfm-fast_3" eclass="HBEFA3/PC_G_EU4" CO2="82553.60" CO="1623.90" HC="9.44" NOx="38.35" PMx="2.11" fuel="35.49" electricity="0.00" noise="125.64" route="routetop" type="cfm-fast" waiting="0.00" lane="left_0" pos="12.08" speed="22.21" angle="162.73" x="-0.04" y="38.21"/>
        <vehicle id="cfm-fast_4" eclass="HBEFA3/PC_G_EU4" CO2="82671.38" CO="1626.35" HC="9.46" NOx="38.41" PMx="2.11" fuel="35.54" electricity="0.00" noise="125.65" route="routeleft" type="cfm-fast" waiting="0.00" lane="left_1" pos="27.93" speed="22.24" angle="134.20" x="21.93" y="13.44"/>
        <vehicle id="cfm-fast_5" eclass="HBEFA3/PC_G_EU4" CO2="36830.88" CO="682.16" HC="4.02" NOx="16.81" PMx="0.91" fuel="15.83" electricity="0.00" noise="92.27" route="routeleft" type="cfm-fast" waiting="0.00" lane="left_0" pos="43.74" speed="20.71" angle="105.87" x="50.20" y="-3.62"/>
        <vehicle id="cfm-slow_0" eclass="HBEFA3/PC_G_EU4" CO2="21156.46" CO="370.61" HC="2.21" NOx="9.53" PMx="0.50" fuel="9.09" electricity="0.00" noise="82.45" route="routebottom" type="cfm-slow" waiting="0.00" lane="bottom_0" pos="16.90" speed="15.97" angle="64.05" x="98.44" y="4.53"/>
        <vehicle id="cfm-slow_1" eclass="HBEFA3/PC_G_EU4" CO2="21262.76" CO="372.78" HC="2.22" NOx="9.58" PMx="0.50" fuel="9.14" electricity="0.00" noise="82.55" route="routebottom" type="cfm-slow" waiting="0.00" lane="bottom_0" pos="32.74" speed="15.97" angle="35.62" x="122.41" y="28.23"/>
        <vehicle id="cfm-slow_2" eclass="HBEFA3/PC_G_EU4" CO2="21945.99" CO="386.71" HC="2.30" NOx="9.90" PMx="0.52" fuel="9.43" electricity="0.00" noise="83.24" route="routebottom" type="cfm-slow" waiting="0.00" lane="bottom_0" pos="48.58" speed="16.00" angle="7.10" x="132.20" y="60.51"/>
        <vehicle id="cfm-slow_3" eclass="HBEFA3/PC_G_EU4" CO2="25449.07" CO="457.98" HC="2.71" NOx="11.55" PMx="0.61" fuel="10.94" electricity="0.00" noise="86.67" route="routebottom" type="cfm-slow" waiting="0.00" lane="right_0" pos="14.45" speed="16.20" angle="338.46" x="125.30" y="93.79"/>
        <vehicle id="cfm-slow_4" eclass="HBEFA3/PC_G_EU4" CO2="39143.90" CO="736.08" HC="4.32" NOx="17.99" PMx="0.97" fuel="16.83" electricity="0.00" noise="98.97" route="routeright" type="cfm-slow" waiting="0.00" lane="right_0" pos="30.55" speed="17.25" angle="309.49" x="103.03" y="119.84"/>
        <vehicle id="cfm-slow_5" eclass="HBEFA3/PC_G_EU4" CO2="78655.01" CO="1543.17" HC="8.98" NOx="36.54" PMx="2.00" fuel="33.81" electricity="0.00" noise="125.15" route="routeright" type="cfm-slow" waiting="0.00" lane="right_0" pos="47.80" speed="21.17" angle="278.57" x="68.50" y="132.10"/>
    </timestep>
    <timestep time="1.67">
        <vehicle id="cfm-fast_0" eclass="HBEFA3/PC_G_EU4" CO2="83061.28" CO="1634.47" HC="9.50" NOx="38.59" PMx="2.12" fuel="35.70" electricity="0.00" noise="125.70" route="routetop" type="cfm-fast" waiting="0.00" lane="top_1" pos="14.80" speed="22.34" angle="247.82" x="34.37" y="122.03"/>
        <vehicle id="cfm-fast_1" eclass="HBEFA3/PC_G_EU4" CO2="83061.29" CO="1634.47" HC="9.50" NOx="38.59" PMx="2.12" fuel="35.70" electricity="0.00" noise="125.70" route="routetop" type="cfm-fast" waiting="0.00" lane="top_0" pos="30.63" speed="22.34" angle="219.34" x="7.38" y="102.90"/>
        <vehicle id="cfm-fast_2" eclass="HBEFA3/PC_G_EU4" CO2="83061.59" CO="1634.48" HC="9.51" NOx="38.59" PMx="2.12" fuel="35.70" electricity="0.00" noise="125.70" route="routetop" type="cfm-fast" waiting="0.00" lane="top_1" pos="46.47" speed="22.34" angle="190.93" x="-1.24" y="70.92"/>
        <vehicle id="cfm-fast_3" eclass="HBEFA3/PC_G_EU4" CO2="83068.31" CO="1634.62" HC="9.51" NOx="38.59" PMx="2.12" fuel="35.71" electricity="0.00" noise="125.70" route="routetop" type="cfm-fast" waiting="0.00" lane="left_0" pos="12.30" speed="22.34" angle="162.33" x="0.14" y="37.76"/>
        <vehicle id="cfm-fast_4" eclass="HBEFA3/PC_G_EU4" CO2="83186.16" CO="1637.08" HC="9.52" NOx="38.65" PMx="2.12" fuel="35.76" electricity="0.00" noise="125.71" route="routeleft" type="cfm-fast" waiting="0.00" lane="left_1" pos="28.16" speed="22.38" angle="133.83" x="22.28" y="13.14"/>
        <vehicle id="cfm-fast_5" eclass="HBEFA3/PC_G_EU4" CO2="36316.56" CO="671.55" HC="3.96" NOx="16.57" PMx="0.90" fuel="15.61" electricity="0.00" noise="91.79" route="routeleft" type="cfm-fast" waiting="0.00" lane="left_0" pos="43.95" speed="20.77" angle="105.48" x="50.64" y="-3.70"/>
        <vehicle id="cfm-slow_0" eclass="HBEFA3/PC_G_EU4" CO2="21044.94" CO="368.12" HC="2.19" NOx="9.48" PMx="0.50" fuel="9.05" electricity="0.00" noise="82.29" route="routebottom" type="cfm-slow" waiting="0.00" lane="bottom_0" pos="17.06" speed="16.01" angle="63.75" x="98.73" y="4.70"/>
        <vehicle id="cfm-slow_1" eclass="HBEFA3/PC_G_EU4" CO2="21156.85" CO="370.41" HC="2.21" NOx="9.53" PMx="0.50" fuel="9.09" electricity="0.00" noise="82.40" route="routebottom" type="cfm-slow" waiting="0.00" lane="bottom_0" pos="32.90" speed="16.01" angle="35.32" x="122.59" y="28.53"/>
        <vehicle id="cfm-slow_2" eclass="HBEFA3/PC_G_EU4" CO2="21867.59" CO="384.90" HC="2.29" NOx="9.87" PMx="0.52" fuel="9.40" electricity="0.00" noise="83.11" route="routebottom" type="cfm-slow" waiting="0.00" lane="bottom_0" pos="48.74" speed="16.05" angle="6.85" x="132.22" y="60.85"/>
        <vehicle id="cfm-slow_3" eclass="HBEFA3/PC_G_EU4" CO2="25467.15" CO="458.13" HC="2.71" NOx="11.56" PMx="0.61" fuel="10.95" electricity="0.00" noise="86.63" route="routebottom" type="cfm-slow" waiting="0.00" lane="right_0" pos="14.61" speed="16.26" angle="338.15" x="125.14" y="94.10"/>
        <vehicle id="cfm-slow_4" eclass="HBEFA3/PC_G_EU4" CO2="39382.56" CO="740.73" HC="4.35" NOx="18.10" PMx="0.98" fuel="16.93" electricity="0.00" noise="99.06" route="routeright" type="cfm-slow" waiting="0.00" lane="right_0" pos="30.73" speed="17.33" angle="309.20" x="102.73" y="120.06"/>
        <vehicle id="cfm-slow_5" eclass="HBEFA3/PC_G_EU4" CO2="79167.50" CO="1553.73" HC="9.04" NOx="36.78" PMx="2.02" fuel="34.03" electricity="0.00" noise="125.21" route="routeright" type="cfm-slow" waiting="0.00" lane="right_0" pos="48.01" speed="21.31" angle="278.17" x="68.04" y="132.13"/>
    </timestep>
    <timestep time="1.68">
        <vehicle id="cfm-fast_0" eclass="HBEFA3/PC_G_EU4" CO2="83576.28" CO="1645.22" HC="9.57" NOx="38.83" PMx="2.14" fuel="35.93" electricity="0.00" noise="125.76" route="routetop" type="cfm-fast" waiting="0.00" lane="top_1" pos="15.02" speed="22.48" angle="247.40" x="33.96" y="121.82"/>
        <vehicle id="cfm-fast_1" eclass="HBEFA3/PC_G_EU4" CO2="83576.29" CO="1645.22" HC="9.57" NOx="38.83" PMx="2.14" fuel="35.93" electricity="0.00" noise="125.76" route="routetop" type="cfm-fast" waiting="0.00" lane="top_0" pos="30.86" speed="22.48" angle="218.99" x="7.11" y="102.50"/>
        <vehicle id="cfm-fast_2" eclass="HBEFA3/PC_G_EU4" CO2="83576.59" CO="1645.23" HC="9.57" NOx="38.83" PMx="2.14" fuel="35.93" electricity="0.00" noise="125.76" route="routetop" type="cfm-fast" waiting="0.00" lane="top_1" pos="46.69" speed="22.48" angle="190.51" x="-1.29" y="70.46"/>
        <vehicle id="cfm-fast_3" eclass="HBEFA3/PC_G_EU4" CO2="83583.31" CO="1645.37" HC="9.57" NOx="38.83" PMx="2.14" fuel="35.93" electricity="0.00" noise="125.76" route="routetop" type="cfm-fast" waiting="0.00" lane="left_0" pos="12.52" speed="22.48" angle="161.93" x="0.32" y="37.32"/>
        <vehicle id="cfm-fast_4" eclass="HBEFA3/PC_G_EU4" CO2="83701.22" CO="1647.83" HC="9.58" NOx="38.89" PMx="2.14" fuel="35.98" electricity="0.00" noise="125.78" route="routeleft" type="cfm-fast" waiting="0.00" lane="left_1" pos="28.38" speed="22.51" angle="133.43" x="22.64" y="12.85"/>
        <vehicle id="cfm-fast_5" eclass="HBEFA3/PC_G_EU4" CO2="35805.21" CO="661.01" HC="3.90" NOx="16.33" PMx="0.89" fuel="15.39" electricity="0.00" noise="91.32" route="routeleft" type="cfm-fast" waiting="0.00" lane="left_0" pos="44.16" speed="20.83" angle="105.09" x="51.08" y="-3.78"/>
        <vehicle id="cfm-slow_0" eclass="HBEFA3/PC_G_EU4" CO2="20933.60" CO="365.64" HC="2.18" NOx="9.42" PMx="0.50" fuel="9.00" electricity="0.00" noise="82.14" route="routebottom" type="cfm-slow" waiting="0.00" lane="bottom_0" pos="17.23" speed="16.05" angle="63.46" x="99.03" y="4.88"/>
        <vehicle id="cfm-slow_1" eclass="HBEFA3/PC_G_EU4" CO2="21051.34" CO="368.05" HC="2.19" NOx="9.48" PMx="0.50" fuel="9.05" electricity="0.00" noise="82.26" route="routebottom" type="cfm-slow" waiting="0.00" lane="bottom_0" pos="33.06" speed="16.06" angle="35.02" x="122.76" y="28.83"/>
        <vehicle id="cfm-slow_2" eclass="HBEFA3/PC_G_EU4" CO2="21790.25" CO="383.11" HC="2.28" NOx="9.83" PMx="0.52" fuel="9.37" electricity="0.00" noise="82.99" route="routebottom" type="cfm-slow" waiting="0.00" lane="bottom_0" pos="48.90" speed="16.09" angle="6.56" x="132.23" y="61.20"/>
        <vehicle id="cfm-slow_3" eclass="HBEFA3/PC_G_EU4" CO2="25487.32" CO="458.32" HC="2.71" NOx="11.57" PMx="0.61" fuel="10.96" electricity="0.00" noise="86.59" route="routebottom" type="cfm-slow" waiting="0.00" lane="right_0" pos="14.78" speed="16.31" angle="337.84" x="124.99" y="94.41"/>
        <vehicle id="cfm-slow_4" eclass="HBEFA3/PC_G_EU4" CO2="39623.40" CO="745.43" HC="4.37" NOx="18.21" PMx="0.98" fuel="17.03" electricity="0.00" noise="99.15" route="routeright" type="cfm-slow" waiting="0.00" lane="right_0" pos="30.90" speed="17.41" angle="308.91" x="102.42" y="120.27"/>
        <vehicle id="cfm-slow_5" eclass="HBEFA3/PC_G_EU4" CO2="79680.28" CO="1564.31" HC="9.10" NOx="37.02" PMx="2.03" fuel="34.25" electricity="0.00" noise="125.28" route="routeright" type="cfm-slow" waiting="0.00" lane="right_0" pos="48.22" speed="21.45" angle="277.77" x="67.58" y="132.15"/>
    </timestep>
    <timestep time="1.69">
        <vehicle id="cfm-fast_0" eclass="HBEFA3/PC_G_EU4" CO2="84091.57" CO="1655.99" HC="9.63" NOx="39.07" PMx="2.15" fuel="36.15" electricity="0.00" noise="125.83" route="routetop" type="cfm-fast" waiting="0.00" lane="top_1" pos="15.25" speed="22.62" angle="246.98" x="33.55" y="121.61"/>
        <vehicle id="cfm-fast_1" eclass="HBEFA3/PC_G_EU4" CO2="84091.58" CO="1655.99" HC="9.63" NOx="39.07" PMx="2.15" fuel="36.15" electricity="0.00" noise="125.83" route="routetop" type="cfm-fast" waiting="0.00" lane="top_0" pos="31.08" speed="22.62" angle="218.59" x="6.84" y="102.10"/>
        <vehicle id="cfm-fast_2" eclass="HBEFA3/PC_G_EU4" CO2="84091.87" CO="1656.00" HC="9.63" NOx="39.07" PMx="2.15" fuel="36.15" electricity="0.00" noise="125.83" route="routetop" type="cfm-fast" waiting="0.00" lane="top_1" pos="46.92" speed="22.62" angle="190.08" x="-1.33" y="70.00"/>
        <vehicle id="cfm-fast_3" eclass="HBEFA3/PC_G_EU4" CO2="84098.60" CO="1656.14" HC="9.63" NOx="39.07" PMx="2.15" fuel="36.15" electricity="0.00" noise="125.83" route="routetop" type="cfm-fast" waiting="0.00" lane="left_0" pos="12.75" speed="22.62" angle="161.57" x="0.50" y="36.86"/>
        <vehicle id="cfm-fast_4" eclass="HBEFA3/PC_G_EU4" CO2="84216.58" CO="1658.60" HC="9.64" NOx="39.13" PMx="2.15" fuel="36.20" electricity="0.00" noise="125.84" route="routeleft" type="cfm-fast" waiting="0.00" lane="left_1" pos="28.61" speed="22.65" angle="133.01" x="23.00" y="12.57"/>
        <vehicle id="cfm-fast_5" eclass="HBEFA3/PC_G_EU4" CO2="35296.93" CO="650.53" HC="3.84" NOx="16.09" PMx="0.87" fuel="15.17" electricity="0.00" noise="90.86" route="routeleft" type="cfm-fast" waiting="0.00" lane="left_0" pos="44.37" speed="20.89" angle="104.71" x="51.52" y="-3.86"/>
        <vehicle id="cfm-slow_0" eclass="HBEFA3/PC_G_EU4" CO2="20822.46" CO="363.17" HC="2.17" NOx="9.37" PMx="0.49" fuel="8.95" electricity="0.00" noise="81.99" route="routebottom" type="cfm-slow" waiting="0.00" lane="bottom_0" pos="17.39" speed="16.10" angle="63.16" x="99.32" y="5.06"/>
        <vehicle id="cfm-slow_1" eclass="HBEFA3/PC_G_EU4" CO2="20946.24" CO="365.70" HC="2.18" NOx="9.43" PMx="0.50" fuel="9.00" electricity="0.00" noise="82.11" route="routebottom" type="cfm-slow" waiting="0.00" lane="bottom_0" pos="33.22" speed="16.10" angle="34.72" x="122.94" y="29.12"/>
        <vehicle id="cfm-slow_2" eclass="HBEFA3/PC_G_EU4" CO2="21713.99" CO="381.35" HC="2.27" NOx="9.79" PMx="0.52" fuel="9.33" electricity="0.00" noise="82.87" route="routebottom" type="cfm-slow" waiting="0.00" lane="bottom_0" pos="49.06" speed="16.14" angle="6.26" x="132.23" y="61.55"/>
        <vehicle id="cfm-slow_3" eclass="HBEFA3/PC_G_EU4" CO2="25509.60" CO="458.57" HC="2.72" NOx="11.58" PMx="0.61" fuel="10.97" electricity="0.00" noise="86.56" route="routebottom" type="cfm-slow" waiting="0.00" lane="right_0" pos="14.94" speed="16.37" angle="337.53" x="124.83" y="94.73"/>
        <vehicle id="cfm-slow_4" eclass="HBEFA3/PC_G_EU4" CO2="39866.40" CO="750.18" HC="4.40" NOx="18.32" PMx="0.99" fuel="17.14" electricity="0.00" noise="99.25" route="routeright" type="cfm-slow" waiting="0.00" lane="right_0" pos="31.07" speed="17.49" angle="308.59" x="102.11" y="120.48"/>
        <vehicle id="cfm-slow_5" eclass="HBEFA3/PC_G_EU4" CO2="80193.36" CO="1574.91" HC="9.16" NOx="37.26" PMx="2.05" fuel="34.47" electricity="0.00" noise="125.34" route="routeright" type="cfm-slow" waiting="0.00" lane="right_0" pos="48.44" speed="21.58" angle="277.37" x="67.11" y="132.18"/>
    </timestep>
    <timestep time="1.70">
        <vehicle id="cfm-fast_0" eclass="HBEFA3/PC_G_EU4" CO2="84607.15" CO="1666.78" HC="9.69" NOx="39.31" PMx="2.16" fuel="36.37" electricity="0.00" noise="125.89" route="routetop" type="cfm-fast" waiting="0.00" lane="top_1" pos="15.48" speed="22.75" angle="246.64" x="33.13" y="121.40"/>
        <vehicle id="cfm-fast_1" eclass="HBEFA3/PC_G_EU4" CO2="84607.16" CO="1666.78" HC="9.69" NOx="39.31" PMx="2.16" fuel="36.37" electricity="0.00" noise="125.89" route="routetop" type="cfm-fast" waiting="0.00" lane="top_0" pos="31.31" speed="22.75" angle="218.18" x="6.57" y="101.69"/>
        <vehicle id="cfm-fast_2" eclass="HBEFA3/PC_G_EU4" CO2="84607.45" CO="1666.78" HC="9.69" NOx="39.31" PMx="2.16" fuel="36.37" electricity="0.00" noise="125.89" route="routetop" type="cfm-fast" waiting="0.00" lane="top_1" pos="47.14" speed="22.75" angle="189.65" x="-1.38" y="69.54"/>
        <vehicle id="cfm-fast_3" eclass="HBEFA3/PC_G_EU4" CO2="84614.19" CO="1666.93" HC="9.69" NOx="39.31" PMx="2.16" fuel="36.37" electricity="0.00" noise="125.89" route="routetop" type="cfm-fast" waiting="0.00" lane="left_0" pos="12.98" speed="22.75" angle="161.16" x="0.69" y="36.42"/>
        <vehicle id="cfm-fast_4" eclass="HBEFA3/PC_G_EU4" CO2="84732.23" CO="1669.40" HC="9.71" NOx="39.37" PMx="2.17" fuel="36.42" electricity="0.00" noise="125.91" route="routeleft" type="cfm-fast" waiting="0.00" lane="left_1" pos="28.84" speed="22.78" angle="132.59" x="23.37" y="12.28"/>
        <vehicle id="cfm-fast_5" eclass="HBEFA3/PC_G_EU4" CO2="34791.81" CO="640.12" HC="3.78" NOx="15.85" PMx="0.86" fuel="14.96" electricity="0.00" noise="90.40" route="routeleft" type="cfm-fast" waiting="0.00" lane="left_0" pos="44.58" speed="20.95" angle="104.32" x="51.96" y="-3.94"/>
        <vehicle id="cfm-slow_0" eclass="HBEFA3/PC_G_EU4" CO2="20711.54" CO="360.71" HC="2.15" NOx="9.32" PMx="0.49" fuel="8.90" electricity="0.00" noise="81.84" route="routebottom" type="cfm-slow" waiting="0.00" lane="bottom_0" pos="17.55" speed="16.14" angle="62.87" x="99.62" y="5.24"/>
        <vehicle id="cfm-slow_1" eclass="HBEFA3/PC_G_EU4" CO2="20841.58" CO="363.36" HC="2.17" NOx="9.38" PMx="0.49" fuel="8.96" electricity="0.00" noise="81.96" route="routebottom" type="cfm-slow" waiting="0.00" lane="bottom_0" pos="33.38" speed="16.15" angle="34.47" x="123.12" y="29.42"/>
        <vehicle id="cfm-slow_2" eclass="HBEFA3/PC_G_EU4" CO2="21638.85" CO="379.62" HC="2.26" NOx="9.75" PMx="0.51" fuel="9.30" electricity="0.00" noise="82.75" route="routebottom" type="cfm-slow" waiting="0.00" lane="bottom_0" pos="49.22" speed="16.18" angle="5.96" x="132.24" y="61.90"/>
        <vehicle id="cfm-slow_3" eclass="HBEFA3/PC_G_EU4" CO2="25534.00" CO="458.86" HC="2.72" NOx="11.59" PMx="0.62" fuel="10.98" electricity="0.00" noise="86.52" route="routebottom" type="cfm-slow" waiting="0.00" lane="right_0" pos="15.11" speed="16.42" angle="337.21" x="124.67" y="95.04"/>
        <vehicle id="cfm-slow_4" eclass="HBEFA3/PC_G_EU4" CO2="40111.56" CO="754.98" HC="4.43" NOx="18.44" PMx="1.00" fuel="17.24" electricity="0.00" noise="99.34" route="routeright" type="cfm-slow" waiting="0.00" lane="right_0" pos="31.25" speed="17.57" angle="308.28" x="101.79" y="120.69"/>
        <vehicle id="cfm-slow_5" eclass="HBEFA3/PC_G_EU4" CO2="80706.72" CO="1585.54" HC="9.22" NOx="37.49" PMx="2.06" fuel="34.69" electricity="0.00" noise="125.41" route="routeright" type="cfm-slow" waiting="0.00" lane="right_0" pos="48.66" speed="21.72" angle="276.97" x="66.65" y="132.21"/>
    </timestep>
    <timestep time="1.71">
        <vehicle id="cfm-fast_0" eclass="HBEFA3/PC_G_EU4" CO2="85123.02" CO="1677.59" HC="9.75" NOx="39.55" PMx="2.18" fuel="36.59" electricity="0.00" noise="125.96" route="routetop" type="cfm-fast" waiting="0.00" lane="top_1" pos="15.71" speed="22.89" angle="246.23" x="32.72" y="121.17"/>
        <vehicle id="cfm-fast_1" eclass="HBEFA3/PC_G_EU4" CO2="85123.03" CO="1677.59" HC="9.75" NOx="39.55" PMx="2.18" fuel="36.59" electricity="0.00" noise="125.96" route="routetop" type="cfm-fast" waiting="0.00" lane="top_0" pos="31.54" speed="22.89" angle="217.76" x="6.29" y="101.28"/>
        <vehicle id="cfm-fast_2" eclass="HBEFA3/PC_G_EU4" CO2="85123.33" CO="1677.60" HC="9.75" NOx="39.55" PMx="2.18" fuel="36.59" electricity="0.00" noise="125.96" route="routetop" type="cfm-fast" waiting="0.00" lane="top_1" pos="47.37" speed="22.89" angle="189.25" x="-1.42" y="69.07"/>
        <vehicle id="cfm-fast_3" eclass="HBEFA3/PC_G_EU4" CO2="85130.06" CO="1677.74" HC="9.75" NOx="39.55" PMx="2.18" fuel="36.59" electricity="0.00" noise="125.96" route="routetop" type="cfm-fast" waiting="0.00" lane="left_0" pos="13.21" speed="22.89" angle="160.74" x="0.90" y="35.97"/>
        <vehicle id="cfm-fast_4" eclass="HBEFA3/PC_G_EU4" CO2="85248.18" CO="1680.21" HC="9.77" NOx="39.61" PMx="2.18" fuel="36.64" electricity="0.00" noise="125.97" route="routeleft" type="cfm-fast" waiting="0.00" lane="left_1" pos="29.07" speed="22.92" angle="132.17" x="23.74" y="11.99"/>
        <vehicle id="cfm-fast_5" eclass="HBEFA3/PC_G_EU4" CO2="34289.95" CO="629.78" HC="3.72" NOx="15.61" PMx="0.85" fuel="14.74" electricity="0.00" noise="89.95" route="routeleft" type="cfm-fast" waiting="0.00" lane="left_0" pos="44.79" speed="21.00" angle="103.94" x="52.41" y="-4.02"/>
        <vehicle id="cfm-slow_0" eclass="HBEFA3/PC_G_EU4" CO2="20600.85" CO="358.25" HC="2.14" NOx="9.26" PMx="0.49" fuel="8.86" electricity="0.00" noise="81.69" route="routebottom" type="cfm-slow" waiting="0.00" lane="bottom_0" pos="17.71" speed="16.18" angle="62.57" x="99.92" y="5.42"/>
        <vehicle id="cfm-slow_1" eclass="HBEFA3/PC_G_EU4" CO2="20737.38" CO="361.04" HC="2.15" NOx="9.33" PMx="0.49" fuel="8.91" electricity="0.00" noise="81.82" route="routebottom" type="cfm-slow" waiting="0.00" lane="bottom_0" pos="33.54" speed="16.19" angle="34.17" x="123.28" y="29.73"/>
        <vehicle id="cfm-slow_2" eclass="HBEFA3/PC_G_EU4" CO2="21564.84" CO="377.91" HC="2.25" NOx="9.72" PMx="0.51" fuel="9.27" electricity="0.00" noise="82.64" route="routebottom" type="cfm-slow" waiting="0.00" lane="bottom_0" pos="49.38" speed="16.23" angle="5.65" x="132.25" y="62.24"/>
        <vehicle id="cfm-slow_3" eclass="HBEFA3/PC_G_EU4" CO2="25560.54" CO="459.19" HC="2.72" NOx="11.60" PMx="0.62" fuel="10.99" electricity="0.00" noise="86.49" route="routebottom" type="cfm-slow" waiting="0.00" lane="right_0" pos="15.27" speed="16.47" angle="336.92" x="124.51" y="95.36"/>
        <vehicle id="cfm-slow_4" eclass="HBEFA3/PC_G_EU4" CO2="40358.89" CO="759.83" HC="4.46" NOx="18.55" PMx="1.00" fuel="17.35" electricity="0.00" noise="99.44" route="routeright" type="cfm-slow" waiting="0.00" lane="right_0" pos="31.43" speed="17.65" angle="307.96" x="101.48" y="120.90"/>
        <vehicle id="cfm-slow_5" eclass="HBEFA3/PC_G_EU4" CO2="81220.38" CO="1596.19" HC="9.28" NOx="37.73" PMx="2.07" fuel="34.91" electricity="0.00" noise="125.47" route="routeright" type="cfm-slow" waiting="0.00" lane="right_0" pos="48.88" speed="21.85" angle="276.61" x="66.18" y="132.22"/>
    </timestep>
    <timestep time="1.72">
        <vehicle id="cfm-fast_0" eclass="HBEFA3/PC_G_EU4" CO2="85639.18" CO="1688.42" HC="9.82" NOx="39.79" PMx="2.19" fuel="36.81" electricity="0.00" noise="126.02" route="routetop" type="cfm-fast" waiting="0.00" lane="top_1" pos="15.94" speed="23.02" angle="245.82" x="32.31" y="120.94"/>
        <vehicle id="cfm-fast_1" eclass="HBEFA3/PC_G_EU4" CO2="85639.19" CO="1688.42" HC="9.82" NOx="39.79" PMx="2.19" fuel="36.81" electricity="0.00" noise="126.02" route="routetop" type="cfm-fast" waiting="0.00" lane="top_0" pos="31.77" speed="23.02" angle="217.35" x="6.02" y="100.87"/>
        <vehicle id="cfm-fast_2" eclass="HBEFA3/PC_G_EU4" CO2="85639.49" CO="1688.43" HC="9.82" NOx="39.79" PMx="2.19" fuel="36.81" electricity="0.00" noise="126.02" route="routetop" type="cfm-fast" waiting="0.00" lane="top_1" pos="47.60" speed="23.02" angle="188.87" x="-1.46" y="68.60"/>
        <vehicle id="cfm-fast_3" eclass="HBEFA3/PC_G_EU4" CO2="85646.23" CO="1688.57" HC="9.82" NOx="39.80" PMx="2.19" fuel="36.81" electricity="0.00" noise="126.02" route="routetop" type="cfm-fast" waiting="0.00" lane="left_0" pos="13.44" speed="23.03" angle="160.31" x="1.10" y="35.52"/>
        <vehicle id="cfm-fast_4" eclass="HBEFA3/PC_G_EU4" CO2="85764.41" CO="1691.05" HC="9.83" NOx="39.85" PMx="2.19" fuel="36.87" electricity="0.00" noise="126.04" route="routeleft" type="cfm-fast" waiting="0.00" lane="left_1" pos="29.30" speed="23.06" angle="131.74" x="24.11" y="11.70"/>
        <vehicle id="cfm-fast_5" eclass="HBEFA3/PC_G_EU4" CO2="33791.42" CO="619.51" HC="3.66" NOx="15.37" PMx="0.83" fuel="14.53" electricity="0.00" noise="89.50" route="routeleft" type="cfm-fast" waiting="0.00" lane="left_0" pos="45.00" speed="21.06" angle="103.61" x="52.85" y="-4.10"/>
        <vehicle id="cfm-slow_0" eclass="HBEFA3/PC_G_EU4" CO2="20490.42" CO="355.80" HC="2.12" NOx="9.21" PMx="0.48" fuel="8.81" electricity="0.00" noise="81.54" route="routebottom" type="cfm-slow" waiting="0.00" lane="bottom_0" pos="17.87" speed="16.23" angle="62.31" x="100.22" y="5.60"/>
        <vehicle id="cfm-slow_1" eclass="HBEFA3/PC_G_EU4" CO2="20633.67" CO="358.73" HC="2.14" NOx="9.28" PMx="0.49" fuel="8.87" electricity="0.00" noise="81.68" route="routebottom" type="cfm-slow" waiting="0.00" lane="bottom_0" pos="33.71" speed="16.23" angle="33.88" x="123.45" y="30.04"/>
        <vehicle id="cfm-slow_2" eclass="HBEFA3/PC_G_EU4" CO2="21491.98" CO="376.22" HC="2.24" NOx="9.68" PMx="0.51" fuel="9.24" electricity="0.00" noise="82.53" route="routebottom" type="cfm-slow" waiting="0.00" lane="bottom_0" pos="49.55" speed="16.27" angle="5.35" x="132.25" y="62.59"/>
        <vehicle id="cfm-slow_3" eclass="HBEFA3/PC_G_EU4" CO2="25589.20" CO="459.58" HC="2.72" NOx="11.61" PMx="0.62" fuel="11.00" electricity="0.00" noise="86.46" route="routebottom" type="cfm-slow" waiting="0.00" lane="right_0" pos="15.43" speed="16.53" angle="336.67" x="124.35" y="95.68"/>
        <vehicle id="cfm-slow_4" eclass="HBEFA3/PC_G_EU4" CO2="40608.38" CO="764.73" HC="4.49" NOx="18.67" PMx="1.01" fuel="17.46" electricity="0.00" noise="99.54" route="routeright" type="cfm-slow" waiting="0.00" lane="right_0" pos="31.60" speed="17.73" angle="307.64" x="101.16" y="121.11"/>
        <vehicle id="cfm-slow_5" eclass="HBEFA3/PC_G_EU4" CO2="81734.34" CO="1606.86" HC="9.35" NOx="37.97" PMx="2.09" fuel="35.13" electricity="0.00" noise="125.53" route="routeright" type="cfm-slow" waiting="0.00" lane="right_0" pos="49.10" speed="21.99" angle="276.20" x="65.70" y="132.23"/>
    </timestep>
    <timestep time="1.73">
        <vehicle id="cfm-fast_0" eclass="HBEFA3/PC_G_EU4" CO2="86155.64" CO="1699.28" HC="9.88" NOx="40.03" PMx="2.20" fuel="37.03" electricity="0.00" noise="126.09" route="routetop" type="cfm-fast" waiting="0.00" lane="top_1" pos="16.17" speed="23.16" angle="245.40" x="31.89" y="120.71"/>
        <vehicle id="cfm-fast_1" eclass="HBEFA3/PC_G_EU4" CO2="86155.65" CO="1699.28" HC="9.88" NOx="40.03" PMx="2.20" fuel="37.03" electricity="0.00" noise="126.09" route="routetop" type="cfm-fast" waiting="0.00" lane="top_0" pos="32.00" speed="23.16" angle="216.96" x="5.74" y="100.45"/>
        <vehicle id="cfm-fast_2" eclass="HBEFA3/PC_G_EU4" CO2="86155.95" CO="1699.28" HC="9.88" NOx="40.03" PMx="2.20" fuel="37.03" electricity="0.00" noise="126.09" route="routetop" type="cfm-fast" waiting="0.00" lane="top_1" pos="47.83" speed="23.16" angle="188.44" x="-1.49" y="68.13"/>
        <vehicle id="cfm-fast_3" eclass="HBEFA3/PC_G_EU4" CO2="86162.69" CO="1699.42" HC="9.88" NOx="40.04" PMx="2.20" fuel="37.04" electricity="0.00" noise="126.09" route="routetop" type="cfm-fast" waiting="0.00" lane="left_0" pos="13.67" speed="23.16" angle="159.88" x="1.30" y="35.06"/>
        <vehicle id="cfm-fast_4" eclass="HBEFA3/PC_G_EU4" CO2="86280.94" CO="1701.91" HC="9.89" NOx="40.09" PMx="2.21" fuel="37.09" electricity="0.00" noise="126.10" route="routeleft" type="cfm-fast" waiting="0.00" lane="left_1" pos="29.53" speed="23.19" angle="131.37" x="24.49" y="11.41"/>
        <vehicle id="cfm-fast_5" eclass="HBEFA3/PC_G_EU4" CO2="33296.31" CO="609.31" HC="3.60" NOx="15.14" PMx="0.82" fuel="14.31" electricity="0.00" noise="89.06" route="routeleft" type="cfm-fast" waiting="0.00" lane="left_0" pos="45.21" speed="21.11" angle="103.22" x="53.30" y="-4.16"/>
        <vehicle id="cfm-slow_0" eclass="HBEFA3/PC_G_EU4" CO2="20380.24" CO="353.36" HC="2.11" NOx="9.16" PMx="0.48" fuel="8.76" electricity="0.00" noise="81.39" route="routebottom" type="cfm-slow" waiting="0.00" lane="bottom_0" pos="18.03" speed="16.27" angle="62.04" x="100.51" y="5.79"/>
        <vehicle id="cfm-slow_1" eclass="HBEFA3/PC_G_EU4" CO2="20530.45" CO="356.43" HC="2.13" NOx="9.23" PMx="0.48" fuel="8.83" electricity="0.00" noise="81.54" route="routebottom" type="cfm-slow" waiting="0.00" lane="bottom_0" pos="33.87" speed="16.27" angle="33.58" x="123.62" y="30.34"/>
        <vehicle id="cfm-slow_2" eclass="HBEFA3/PC_G_EU4" CO2="21420.30" CO="374.57" HC="2.23" NOx="9.65" PMx="0.51" fuel="9.21" electricity="0.00" noise="82.42" route="routebottom" type="cfm-slow" waiting="0.00" lane="bottom_0" pos="49.71" speed="16.32" angle="5.05" x="132.26" y="62.95"/>
        <vehicle id="cfm-slow_3" eclass="HBEFA3/PC_G_EU4" CO2="25620.02" CO="460.01" HC="2.73" NOx="11.62" PMx="0.62" fuel="11.01" electricity="0.00" noise="86.44" route="routebottom" type="cfm-slow" waiting="0.00" lane="right_0" pos="15.60" speed="16.58" angle="336.37" x="124.17" y="95.99"/>
        <vehicle id="cfm-slow_4" eclass="HBEFA3/PC_G_EU4" CO2="40860.02" CO="769.68" HC="4.52" NOx="18.78" PMx="1.02" fuel="17.56" electricity="0.00" noise="99.64" route="routeright" type="cfm-slow" waiting="0.00" lane="right_0" pos="31.78" speed="17.82" angle="307.32" x="100.84" y="121.32"/>
        <vehicle id="cfm-slow_5" eclass="HBEFA3/PC_G_EU4" CO2="82248.58" CO="1617.55" HC="9.41" NOx="38.21" PMx="2.10" fuel="35.35" electricity="0.00" noise="125.60" route="routeright" type="cfm-slow" waiting="0.00" lane="right_0" pos="49.32" speed="22.13" angle="275.79" x="65.23" y="132.24"/>
    </timestep>
    <timestep time="1.74">
        <vehicle id="cfm-fast_0" eclass="HBEFA3/PC_G_EU4" CO2="86672.39" CO="1710.15" HC="9.94" NOx="40.27" PMx="2.22" fuel="37.26" electricity="0.00" noise="126.15" route="routetop" type="cfm-fast" waiting="0.00" lane="top_1" pos="16.40" speed="23.30" angle="244.98" x="31.48" y="120.48"/>
        <vehicle id="cfm-fast_1" eclass="HBEFA3/PC_G_EU4" CO2="86672.40" CO="1710.15" HC="9.94" NOx="40.27" PMx="2.22" fuel="37.26" electricity="0.00" noise="126.15" route="routetop" type="cfm-fast" waiting="0.00" lane="top_0" pos="32.23" speed="23.30" angle="216.55" x="5.48" y="100.02"/>
        <vehicle id="cfm-fast_2" eclass="HBEFA3/PC_G_EU4" CO2="86672.70" CO="1710.16" HC="9.94" NOx="40.27" PMx="2.22" fuel="37.26" electricity="0.00" noise="126.15" route="routetop" type="cfm-fast" waiting="0.00" lane="top_1" pos="48.07" speed="23.30" angle="188.01" x="-1.52" y="67.65"/>
        <vehicle id="cfm-fast_3" eclass="HBEFA3/PC_G_EU4" CO2="86679.45" CO="1710.30" HC="9.94" NOx="40.28" PMx="2.22" fuel="37.26" electricity="0.00" noise="126.15" route="routetop" type="cfm-fast" waiting="0.00" lane="left_0" pos="13.90" speed="23.30" angle="159.44" x="1.51" y="34.60"/>
        <vehicle id="cfm-fast_4" eclass="HBEFA3/PC_G_EU4" CO2="86797.76" CO="1712.79" HC="9.96" NOx="40.33" PMx="2.22" fuel="37.31" electricity="0.00" noise="126.17" route="routeleft" type="cfm-fast" waiting="0.00" lane="left_1" pos="29.76" speed="23.33" angle="130.93" x="24.88" y="11.13"/>
        <vehicle id="cfm-fast_5" eclass="HBEFA3/PC_G_EU4" CO2="32804.68" CO="599.19" HC="3.54" NOx="14.90" PMx="0.81" fuel="14.10" electricity="0.00" noise="88.63" route="routeleft" type="cfm-fast" waiting="0.00" lane="left_0" pos="45.42" speed="21.17" angle="102.83" x="53.75" y="-4.22"/>
        <vehicle id="cfm-slow_0" eclass="HBEFA3/PC_G_EU4" CO2="20270.35" CO="350.93" HC="2.10" NOx="9.11" PMx="0.48" fuel="8.71" electricity="0.00" noise="81.25" route="routebottom" type="cfm-slow" waiting="0.00" lane="bottom_0" pos="18.20" speed="16.31" angle="61.73" x="100.81" y="5.98"/>
        <vehicle id="cfm-slow_1" eclass="HBEFA3/PC_G_EU4" CO2="20427.75" CO="354.14" HC="2.11" NOx="9.18" PMx="0.48" fuel="8.78" electricity="0.00" noise="81.40" route="routebottom" type="cfm-slow" waiting="0.00" lane="bottom_0" pos="34.03" speed="16.32" angle="33.28" x="123.79" y="30.65"/>
        <vehicle id="cfm-slow_2" eclass="HBEFA3/PC_G_EU4" CO2="21349.82" CO="372.94" HC="2.22" NOx="9.61" PMx="0.51" fuel="9.18" electricity="0.00" noise="82.31" route="routebottom" type="cfm-slow" waiting="0.00" lane="bottom_0" pos="49.87" speed="16.36" angle="4.74" x="132.26" y="63.30"/>
        <vehicle id="cfm-slow_3" eclass="HBEFA3/PC_G_EU4" CO2="25652.98" CO="460.48" HC="2.73" NOx="11.64" PMx="0.62" fuel="11.03" electricity="0.00" noise="86.41" route="routebottom" type="cfm-slow" waiting="0.00" lane="right_0" pos="15.77" speed="16.63" angle="336.07" x="124.00" y="96.30"/>
        <vehicle id="cfm-slow_4" eclass="HBEFA3/PC_G_EU4" CO2="41113.81" CO="774.68" HC="4.54" NOx="18.90" PMx="1.02" fuel="17.67" electricity="0.00" noise="99.74" route="routeright" type="cfm-slow" waiting="0.00" lane="right_0" pos="31.96" speed="17.90" angle="307.02" x="100.52" y="121.54"/>
        <vehicle id="cfm-slow_5" eclass="HBEFA3/PC_G_EU4" CO2="82763.11" CO="1628.26" HC="9.47" NOx="38.45" PMx="2.11" fuel="35.58" electricity="0.00" noise="125.66" route="routeright" type="cfm-slow" waiting="0.00" lane="right_0" pos="49.54" speed="22.26" angle="275.37" x="64.75" y="132.25"/>
    </timestep>
    <timestep time="1.75">
        <vehicle id="cfm-fast_0" eclass="HBEFA3/PC_G_EU4" CO2="87189.43" CO="1721.05" HC="10.00" NOx="40.51" PMx="2.23" fuel="37.48" electricity="0.00" noise="126.21" route="routetop" type="cfm-fast" waiting="0.00" lane="top_1" pos="16.63" speed="23.43" angle="244.59" x="31.06" y="120.25"/>
        <vehicle id="cfm-fast_1" eclass="HBEFA3/PC_G_EU4" CO2="87189.44" CO="1721.05" HC="10.00" NOx="40.51" PMx="2.23" fuel="37.48" electricity="0.00" noise="126.21" route="routetop" type="cfm-fast" waiting="0.00" lane="top_0" pos="32.47" speed="23.43" angle="216.11" x="5.22" y="99.59"/>
        <vehicle id="cfm-fast_2" eclass="HBEFA3/PC_G_EU4" CO2="87189.74" CO="1721.05" HC="10.00" NOx="40.51" PMx="2.23" fuel="37.48" electricity="0.00" noise="126.21" route="routetop" type="cfm-fast" waiting="0.00" lane="top_1" pos="48.30" speed="23.43" angle="187.58" x="-1.55" y="67.17"/>
        <vehicle id="cfm-fast_3" eclass="HBEFA3/PC_G_EU4" CO2="87196.49" CO="1721.20" HC="10.00" NOx="40.52" PMx="2.23" fuel="37.48" electricity="0.00" noise="126.22" route="routetop" type="cfm-fast" waiting="0.00" lane="left_0" pos="14.14" speed="23.44" angle="159.07" x="1.72" y="34.15"/>
        <vehicle id="cfm-fast_4" eclass="HBEFA3/PC_G_EU4" CO2="87314.87" CO="1723.69" HC="10.02" NOx="40.57" PMx="2.23" fuel="37.53" electricity="0.00" noise="126.23" route="routeleft" type="cfm-fast" waiting="0.00" lane="left_1" pos="30.00" speed="23.47" angle="130.50" x="25.27" y="10.85"/>
        <vehicle id="cfm-fast_5" eclass="HBEFA3/PC_G_EU4" CO2="32316.62" CO="589.14" HC="3.48" NOx="14.67" PMx="0.79" fuel="13.89" electricity="0.00" noise="88.20" route="routeleft" type="cfm-fast" waiting="0.00" lane="left_0" pos="45.63" speed="21.22" angle="102.43" x="54.21" y="-4.29"/>
        <vehicle id="cfm-slow_0" eclass="HBEFA3/PC_G_EU4" CO2="20160.75" CO="348.51" HC="2.08" NOx="9.05" PMx="0.48" fuel="8.67" electricity="0.00" noise="81.11" route="routebottom" type="cfm-slow" waiting="0.00" lane="bottom_0" pos="18.36" speed="16.35" angle="61.43" x="101.10" y="6.17"/>
        <vehicle id="cfm-slow_1" eclass="HBEFA3/PC_G_EU4" CO2="20325.59" CO="351.87" HC="2.10" NOx="9.13" PMx="0.48" fuel="8.74" electricity="0.00" noise="81.27" route="routebottom" type="cfm-slow" waiting="0.00" lane="bottom_0" pos="34.20" speed="16.36" angle="32.98" x="123.96" y="30.96"/>
        <vehicle id="cfm-slow_2" eclass="HBEFA3/PC_G_EU4" CO2="21280.55" CO="371.34" HC="2.21" NOx="9.58" PMx="0.50" fuel="9.15" electricity="0.00" noise="82.20" route="routebottom" type="cfm-slow" waiting="0.00" lane="right_0" pos="0.04" speed="16.41" angle="4.40" x="132.27" y="63.84"/>
        <vehicle id="cfm-slow_3" eclass="HBEFA3/PC_G_EU4" CO2="25688.11" CO="461.01" HC="2.73" NOx="11.65" PMx="0.62" fuel="11.04" electricity="0.00" noise="86.39" route="routebottom" type="cfm-slow" waiting="0.00" lane="right_0" pos="15.93" speed="16.69" angle="335.77" x="123.83" y="96.61"/>
        <vehicle id="cfm-slow_4" eclass="HBEFA3/PC_G_EU4" CO2="41369.75" CO="779.73" HC="4.57" NOx="19.02" PMx="1.03" fuel="17.78" electricity="0.00" noise="99.84" route="routeright" type="cfm-slow" waiting="0.00" lane="right_0" pos="32.14" speed="17.98" angle="306.73" x="100.20" y="121.75"/>
        <vehicle id="cfm-slow_5" eclass="HBEFA3/PC_G_EU4" CO2="83277.94" CO="1638.99" HC="9.53" NOx="38.69" PMx="2.13" fuel="35.80" electricity="0.00" noise="125.73" route="routeright" type="cfm-slow" waiting="0.00" lane="right_0" pos="49.76" speed="22.40" angle="274.95" x="64.27" y="132.26"/>
    </timestep>
    <timestep time="1.76">
        <vehicle id="cfm-fast_0" eclass="HBEFA3/PC_G_EU4" CO2="87706.76" CO="1731.97" HC="10.07" NOx="40.76" PMx="2.24" fuel="37.70" electricity="0.00" noise="126.28" route="routetop" type="cfm-fast" waiting="0.00" lane="top_1" pos="16.87" speed="23.57" angle="244.17" x="30.64" y="120.00"/>
        <vehicle id="cfm-fast_1" eclass="HBEFA3/PC_G_EU4" CO2="87706.77" CO="1731.97" HC="10.07" NOx="40.76" PMx="2.24" fuel="37.70" electricity="0.00" noise="126.28" route="routetop" type="cfm-fast" waiting="0.00" lane="top_0" pos="32.70" speed="23.57" angle="215.66" x="4.96" y="99.16"/>
        <vehicle id="cfm-fast_2" eclass="HBEFA3/PC_G_EU4" CO2="87707.07" CO="1731.97" HC="10.07" NOx="40.76" PMx="2.24" fuel="37.70" electricity="0.00" noise="126.28" route="routetop" type="cfm-fast" waiting="0.00" lane="top_1" pos="48.54" speed="23.57" angle="187.15" x="-1.58" y="66.69"/>
        <vehicle id="cfm-fast_3" eclass="HBEFA3/PC_G_EU4" CO2="86855.09" CO="1714.43" HC="9.96" NOx="40.35" PMx="2.22" fuel="37.33" electricity="0.00" noise="125.67" route="routetop" type="cfm-fast" waiting="0.00" lane="left_0" pos="14.37" speed="23.57" angle="158.63" x="1.95" y="33.69"/>
        <vehicle id="cfm-fast_4" eclass="HBEFA3/PC_G_EU4" CO2="87832.27" CO="1734.62" HC="10.08" NOx="40.81" PMx="2.25" fuel="37.75" electricity="0.00" noise="126.29" route="routeleft" type="cfm-fast" waiting="0.00" lane="left_1" pos="30.23" speed="23.60" angle="130.06" x="25.66" y="10.56"/>
        <vehicle id="cfm-fast_5" eclass="HBEFA3/PC_G_EU4" CO2="31832.19" CO="579.17" HC="3.43" NOx="14.44" PMx="0.78" fuel="13.68" electricity="0.00" noise="87.78" route="routeleft" type="cfm-fast" waiting="0.00" lane="left_0" pos="45.85" speed="21.27" angle="102.04" x="54.66" y="-4.35"/>
        <vehicle id="cfm-slow_0" eclass="HBEFA3/PC_G_EU4" CO2="20051.46" CO="346.09" HC="2.07" NOx="9.00" PMx="0.47" fuel="8.62" electricity="0.00" noise="80.97" route="routebottom" type="cfm-slow" waiting="0.00" lane="bottom_0" pos="18.52" speed="16.39" angle="61.12" x="101.39" y="6.37"/>
        <vehicle id="cfm-slow_1" eclass="HBEFA3/PC_G_EU4" CO2="20223.99" CO="349.62" HC="2.09" NOx="9.08" PMx="0.48" fuel="8.69" electricity="0.00" noise="81.14" route="routebottom" type="cfm-slow" waiting="0.00" lane="bottom_0" pos="34.36" speed="16.40" angle="32.68" x="124.13" y="31.27"/>
        <vehicle id="cfm-slow_2" eclass="HBEFA3/PC_G_EU4" CO2="21212.53" CO="369.77" HC="2.21" NOx="9.55" PMx="0.50" fuel="9.12" electricity="0.00" noise="82.10" route="routebottom" type="cfm-slow" waiting="0.00" lane="right_0" pos="0.20" speed="16.45" angle="4.10" x="132.26" y="64.19"/>
        <vehicle id="cfm-slow_3" eclass="HBEFA3/PC_G_EU4" CO2="25725.39" CO="461.58" HC="2.74" NOx="11.67" PMx="0.62" fuel="11.06" electricity="0.00" noise="86.37" route="routebottom" type="cfm-slow" waiting="0.00" lane="right_0" pos="16.10" speed="16.74" angle="335.46" x="123.65" y="96.93"/>
        <vehicle id="cfm-slow_4" eclass="HBEFA3/PC_G_EU4" CO2="41627.84" CO="784.83" HC="4.60" NOx="19.14" PMx="1.04" fuel="17.89" electricity="0.00" noise="99.94" route="routeright" type="cfm-slow" waiting="0.00" lane="right_0" pos="32.32" speed="18.06" angle="306.39" x="99.86" y="121.95"/>
        <vehicle id="cfm-slow_5" eclass="HBEFA3/PC_G_EU4" CO2="83793.06" CO="1649.75" HC="9.59" NOx="38.93" PMx="2.14" fuel="36.02" electricity="0.00" noise="125.79" route="routeright" type="cfm-slow" waiting="0.00" lane="right_0" pos="49.99" speed="22.54" angle="274.57" x="63.78" y="132.27"/>
    </timestep>
    <timestep time="1.77">
        <vehicle id="cfm-fast_0" eclass="HBEFA3/PC_G_EU4" CO2="88224.38" CO="1742.91" HC="10.13" NOx="41.00" PMx="2.26" fuel="37.92" electricity="0.00" noise="126.34" route="routetop" type="cfm-fast" waiting="0.00" lane="top_1" pos="17.11" speed="23.71" angle="243.74" x="30.22" y="119.75"/>
        <vehicle id="cfm-fast_1" eclass="HBEFA3/PC_G_EU4" CO2="88224.40" CO="1742.91" HC="10.13" NOx="41.00" PMx="2.26" fuel="37.92" electricity="0.00" noise="126.34" route="routetop" type="cfm-fast" waiting="0.00" lane="top_0" pos="32.94" speed="23.71" angle="215.22" x="4.70" y="98.72"/>
        <vehicle id="cfm-fast_2" eclass="HBEFA3/PC_G_EU4" CO2="88224.69" CO="1742.91" HC="10.13" NOx="41.00" PMx="2.26" fuel="37.92" electricity="0.00" noise="126.34" route="routetop" type="cfm-fast" waiting="0.00" lane="top_1" pos="48.77" speed="23.71" angle="186.77" x="-1.60" y="66.20"/>
        <vehicle id="cfm-fast_3" eclass="HBEFA3/PC_G_EU4" CO2="85996.75" CO="1697.04" HC="9.86" NOx="39.95" PMx="2.20" fuel="36.97" electricity="0.00" noise="124.76" route="routetop" type="cfm-fast" waiting="0.00" lane="left_0" pos="14.61" speed="23.70" angle="158.18" x="2.18" y="33.24"/>
        <vehicle id="cfm-fast_4" eclass="HBEFA3/PC_G_EU4" CO2="88349.97" CO="1745.56" HC="10.14" NOx="41.05" PMx="2.26" fuel="37.98" electricity="0.00" noise="126.36" route="routeleft" type="cfm-fast" waiting="0.00" lane="left_1" pos="30.47" speed="23.74" angle="129.62" x="26.06" y="10.28"/>
        <vehicle id="cfm-fast_5" eclass="HBEFA3/PC_G_EU4" CO2="31351.45" CO="569.28" HC="3.37" NOx="14.21" PMx="0.77" fuel="13.48" electricity="0.00" noise="87.37" route="routeleft" type="cfm-fast" waiting="0.00" lane="left_0" pos="46.06" speed="21.32" angle="101.65" x="55.11" y="-4.41"/>
        <vehicle id="cfm-slow_0" eclass="HBEFA3/PC_G_EU4" CO2="19942.50" CO="343.69" HC="2.05" NOx="8.95" PMx="0.47" fuel="8.57" electricity="0.00" noise="80.83" route="routebottom" type="cfm-slow" waiting="0.00" lane="bottom_0" pos="18.69" speed="16.43" angle="60.81" x="101.69" y="6.57"/>
        <vehicle id="cfm-slow_1" eclass="HBEFA3/PC_G_EU4" CO2="20122.96" CO="347.37" HC="2.08" NOx="9.03" PMx="0.47" fuel="8.65" electricity="0.00" noise="81.00" route="routebottom" type="cfm-slow" waiting="0.00" lane="bottom_0" pos="34.52" speed="16.44" angle="32.39" x="124.30" y="31.58"/>
        <vehicle id="cfm-slow_2" eclass="HBEFA3/PC_G_EU4" CO2="21145.76" CO="368.23" HC="2.20" NOx="9.51" PMx="0.50" fuel="9.09" electricity="0.00" noise="81.99" route="routebottom" type="cfm-slow" waiting="0.00" lane="right_0" pos="0.37" speed="16.49" angle="3.80" x="132.26" y="64.55"/>
        <vehicle id="cfm-slow_3" eclass="HBEFA3/PC_G_EU4" CO2="25764.85" CO="462.20" HC="2.74" NOx="11.69" PMx="0.62" fuel="11.08" electricity="0.00" noise="86.36" route="routebottom" type="cfm-slow" waiting="0.00" lane="right_0" pos="16.27" speed="16.79" angle="335.16" x="123.48" y="97.25"/>
        <vehicle id="cfm-slow_4" eclass="HBEFA3/PC_G_EU4" CO2="41888.06" CO="789.98" HC="4.63" NOx="19.26" PMx="1.04" fuel="18.01" electricity="0.00" noise="100.05" route="routeright" type="cfm-slow" waiting="0.00" lane="right_0" pos="32.50" speed="18.15" angle="306.05" x="99.53" y="122.15"/>
        <vehicle id="cfm-slow_5" eclass="HBEFA3/PC_G_EU4" CO2="84308.47" CO="1660.53" HC="9.65" NOx="39.17" PMx="2.15" fuel="36.24" electricity="0.00" noise="125.86" route="routetop" type="cfm-slow" waiting="0.00" lane="top_0" pos="0.22" speed="22.67" angle="274.08" x="63.10" y="132.26"/>
    </timestep>
    <timestep time="1.78">
        <vehicle id="cfm-fast_0" eclass="HBEFA3/PC_G_EU4" CO2="88742.30" CO="1753.87" HC="10.19" NOx="41.24" PMx="2.27" fuel="38.15" electricity="0.00" noise="126.41" route="routetop" type="cfm-fast" waiting="0.00" lane="top_1" pos="17.35" speed="23.84" angle="243.30" x="29.80" y="119.50"/>
        <vehicle id="cfm-fast_1" eclass="HBEFA3/PC_G_EU4" CO2="88742.31" CO="1753.87" HC="10.19" NOx="41.24" PMx="2.27" fuel="38.15" electricity="0.00" noise="126.41" route="routetop" type="cfm-fast" waiting="0.00" lane="top_0" pos="33.18" speed="23.84" angle="214.76" x="4.43" y="98.28"/>
        <vehicle id="cfm-fast_2" eclass="HBEFA3/PC_G_EU4" CO2="88742.61" CO="1753.88" HC="10.19" NOx="41.24" PMx="2.27" fuel="38.15" electricity="0.00" noise="126.41" route="routetop" type="cfm-fast" waiting="0.00" lane="top_1" pos="49.01" speed="23.84" angle="186.32" x="-1.61" y="65.71"/>
        <vehicle id="cfm-fast_3" eclass="HBEFA3/PC_G_EU4" CO2="85130.02" CO="1679.48" HC="9.76" NOx="39.53" PMx="2.18" fuel="36.59" electricity="0.00" noise="123.87" route="routetop" type="cfm-fast" waiting="0.00" lane="left_0" pos="14.85" speed="23.83" angle="157.74" x="2.41" y="32.78"/>
        <vehicle id="cfm-fast_4" eclass="HBEFA3/PC_G_EU4" CO2="88867.95" CO="1756.53" HC="10.21" NOx="41.30" PMx="2.28" fuel="38.20" electricity="0.00" noise="126.42" route="routeleft" type="cfm-fast" waiting="0.00" lane="left_1" pos="30.71" speed="23.88" angle="129.20" x="26.46" y="9.99"/>
        <vehicle id="cfm-fast_5" eclass="HBEFA3/PC_G_EU4" CO2="30874.46" CO="559.47" HC="3.31" NOx="13.99" PMx="0.76" fuel="13.27" electricity="0.00" noise="86.96" route="routeleft" type="cfm-fast" waiting="0.00" lane="left_0" pos="46.27" speed="21.37" angle="101.31" x="55.57" y="-4.47"/>
        <vehicle id="cfm-slow_0" eclass="HBEFA3/PC_G_EU4" CO2="19833.88" CO="341.30" HC="2.04" NOx="8.90" PMx="0.47" fuel="8.53" electricity="0.00" noise="80.69" route="routebottom" type="cfm-slow" waiting="0.00" lane="bottom_0" pos="18.85" speed="16.47" angle="60.50" x="101.98" y="6.76"/>
        <vehicle id="cfm-slow_1" eclass="HBEFA3/PC_G_EU4" CO2="20022.53" CO="345.15" HC="2.06" NOx="8.98" PMx="0.47" fuel="8.61" electricity="0.00" noise="80.87" route="routebottom" type="cfm-slow" waiting="0.00" lane="bottom_0" pos="34.69" speed="16.48" angle="32.13" x="124.47" y="31.89"/>
        <vehicle id="cfm-slow_2" eclass="HBEFA3/PC_G_EU4" CO2="21080.27" CO="366.71" HC="2.19" NOx="9.48" PMx="0.50" fuel="9.06" electricity="0.00" noise="81.89" route="routebottom" type="cfm-slow" waiting="0.00" lane="right_0" pos="0.53" speed="16.53" angle="3.50" x="132.25" y="64.91"/>
        <vehicle id="cfm-slow_3" eclass="HBEFA3/PC_G_EU4" CO2="25806.49" CO="462.86" HC="2.74" NOx="11.70" PMx="0.62" fuel="11.09" electricity="0.00" noise="86.35" route="routebottom" type="cfm-slow" waiting="0.00" lane="right_0" pos="16.44" speed="16.84" angle="334.86" x="123.30" y="97.56"/>
        <vehicle id="cfm-slow_4" eclass="HBEFA3/PC_G_EU4" CO2="42150.43" CO="795.17" HC="4.66" NOx="19.38" PMx="1.05" fuel="18.12" electricity="0.00" noise="100.15" route="routeright" type="cfm-slow" waiting="0.00" lane="right_0" pos="32.69" speed="18.23" angle="305.70" x="99.19" y="122.35"/>
        <vehicle id="cfm-slow_5" eclass="HBEFA3/PC_G_EU4" CO2="84824.18" CO="1671.32" HC="9.72" NOx="39.41" PMx="2.17" fuel="36.46" electricity="0.00" noise="125.92" route="routetop" type="cfm-slow" waiting="0.00" lane="top_0" pos="0.44" speed="22.81" angle="273.67" x="62.61" y="132.25"/>
    </timestep>
    <timestep time="1.79">
        <vehicle id="cfm-fast_0" eclass="HBEFA3/PC_G_EU4" CO2="89260.51" CO="1764.85" HC="10.25" NOx="41.48" PMx="2.29" fuel="38.37" electricity="0.00" noise="126.47" route="routetop" type="cfm-fast" waiting="0.00" lane="top_1" pos="17.59" speed="23.98" angle="242.86" x="29.38" y="119.25"/>
        <vehicle id="cfm-fast_1" eclass="HBEFA3/PC_G_EU4" CO2="89260.52" CO="1764.85" HC="10.25" NOx="41.48" PMx="2.29" fuel="38.37" electricity="0.00" noise="126.47" route="routetop" type="cfm-fast" waiting="0.00" lane="top_0" pos="33.42" speed="23.98" angle="214.38" x="4.17" y="97.84"/>
        <vehicle id="cfm-fast_2" eclass="HBEFA3/PC_G_EU4" CO2="89260.82" CO="1764.86" HC="10.25" NOx="41.48" PMx="2.29" fuel="38.37" electricity="0.00" noise="126.47" route="routetop" type="cfm-fast" waiting="0.00" lane="top_1" pos="49.25" speed="23.98" angle="185.87" x="-1.62" y="65.22"/>
        <vehicle id="cfm-fast_3" eclass="HBEFA3/PC_G_EU4" CO2="84255.48" CO="1661.77" HC="9.66" NOx="39.12" PMx="2.16" fuel="36.22" electricity="0.00" noise="122.98" route="routetop" type="cfm-fast" waiting="0.00" lane="left_0" pos="15.09" speed="23.96" angle="157.29" x="2.64" y="32.32"/>
        <vehicle id="cfm-fast_4" eclass="HBEFA3/PC_G_EU4" CO2="89386.23" CO="1767.52" HC="10.27" NOx="41.54" PMx="2.29" fuel="38.42" electricity="0.00" noise="126.49" route="routeleft" type="cfm-fast" waiting="0.00" lane="left_1" pos="30.95" speed="24.01" angle="128.80" x="26.86" y="9.72"/>
        <vehicle id="cfm-fast_5" eclass="HBEFA3/PC_G_EU4" CO2="30401.28" CO="549.74" HC="3.26" NOx="13.76" PMx="0.75" fuel="13.07" electricity="0.00" noise="86.56" route="routeleft" type="cfm-fast" waiting="0.00" lane="left_0" pos="46.49" speed="21.42" angle="100.92" x="56.03" y="-4.51"/>
        <vehicle id="cfm-slow_0" eclass="HBEFA3/PC_G_EU4" CO2="19725.60" CO="338.91" HC="2.03" NOx="8.84" PMx="0.46" fuel="8.48" electricity="0.00" noise="80.55" route="routebottom" type="cfm-slow" waiting="0.00" lane="bottom_0" pos="19.02" speed="16.51" angle="60.19" x="102.28" y="6.96"/>
        <vehicle id="cfm-slow_1" eclass="HBEFA3/PC_G_EU4" CO2="19922.71" CO="342.94" HC="2.05" NOx="8.94" PMx="0.47" fuel="8.56" electricity="0.00" noise="80.74" route="routebottom" type="cfm-slow" waiting="0.00" lane="bottom_0" pos="34.85" speed="16.52" angle="31.83" x="124.63" y="32.21"/>
        <vehicle id="cfm-slow_2" eclass="HBEFA3/PC_G_EU4" CO2="21016.08" CO="365.23" HC="2.18" NOx="9.45" PMx="0.50" fuel="9.03" electricity="0.00" noise="81.80" route="routebottom" type="cfm-slow" waiting="0.00" lane="right_0" pos="0.70" speed="16.58" angle="3.20" x="132.24" y="65.26"/>
        <vehicle id="cfm-slow_3" eclass="HBEFA3/PC_G_EU4" CO2="25850.30" CO="463.58" HC="2.75" NOx="11.72" PMx="0.62" fuel="11.11" electricity="0.00" noise="86.33" route="routebottom" type="cfm-slow" waiting="0.00" lane="right_0" pos="16.61" speed="16.90" angle="334.58" x="123.12" y="97.88"/>
        <vehicle id="cfm-slow_4" eclass="HBEFA3/PC_G_EU4" CO2="42414.92" CO="800.42" HC="4.69" NOx="19.51" PMx="1.06" fuel="18.23" electricity="0.00" noise="100.26" route="routeright" type="cfm-slow" waiting="0.00" lane="right_0" pos="32.87" speed="18.31" angle="305.35" x="98.85" y="122.55"/>
        <vehicle id="cfm-slow_5" eclass="HBEFA3/PC_G_EU4" CO2="85340.17" CO="1682.14" HC="9.78" NOx="39.65" PMx="2.18" fuel="36.68" electricity="0.00" noise="125.98" route="routetop" type="cfm-slow" waiting="0.00" lane="top_0" pos="0.67" speed="22.95" angle="273.26" x="62.12" y="132.24"/>
    </timestep>
    <timestep time="1.80">
        <vehicle id="cfm-fast_0" eclass="HBEFA3/PC_G_EU4" CO2="89779.01" CO="1775.86" HC="10.32" NOx="41.72" PMx="2.30" fuel="38.59" electricity="0.00" noise="126.54" route="routetop" type="cfm-fast" waiting="0.00" lane="top_1" pos="17.83" speed="24.12" angle="242.43" x="28.96" y="118.99"/>
        <vehicle id="cfm-fast_1" eclass="HBEFA3/PC_G_EU4" CO2="89779.02" CO="1775.86" HC="10.32" NOx="41.72" PMx="2.30" fuel="38.59" electricity="0.00" noise="126.54" route="routetop" type="cfm-fast" waiting="0.00" lane="top_0" pos="33.66" speed="24.12" angle="213.94" x="3.92" y="97.38"/>
        <vehicle id="cfm-fast_2" eclass="HBEFA3/PC_G_EU4" CO2="89779.32" CO="1775.86" HC="10.32" NOx="41.72" PMx="2.30" fuel="38.59" electricity="0.00" noise="126.54" route="routetop" type="cfm-fast" waiting="0.00" lane="top_1" pos="49.49" speed="24.12" angle="185.41" x="-1.63" y="64.73"/>
        <vehicle id="cfm-fast_3" eclass="HBEFA3/PC_G_EU4" CO2="83373.67" CO="1643.92" HC="9.56" NOx="38.70" PMx="2.13" fuel="35.84" electricity="0.00" noise="122.11" route="routetop" type="cfm-fast" waiting="0.00" lane="left_0" pos="15.33" speed="24.09" angle="156.88" x="2.87" y="31.85"/>
        <vehicle id="cfm-fast_4" eclass="HBEFA3/PC_G_EU4" CO2="89904.80" CO="1778.53" HC="10.33" NOx="41.78" PMx="2.30" fuel="38.65" electricity="0.00" noise="126.55" route="routeleft" type="cfm-fast" waiting="0.00" lane="left_1" pos="31.19" speed="24.15" angle="128.36" x="27.28" y="9.44"/>
        <vehicle id="cfm-fast_5" eclass="HBEFA3/PC_G_EU4" CO2="29931.95" CO="540.08" HC="3.20" NOx="13.54" PMx="0.73" fuel="12.87" electricity="0.00" noise="86.16" route="routeleft" type="cfm-fast" waiting="0.00" lane="left_0" pos="46.70" speed="21.47" angle="100.52" x="56.49" y="-4.56"/>
        <vehicle id="cfm-slow_0" eclass="HBEFA3/PC_G_EU4" CO2="19617.69" CO="336.54" HC="2.01" NOx="8.79" PMx="0.46" fuel="8.43" electricity="0.00" noise="80.42" route="routebottom" type="cfm-slow" waiting="0.00" lane="bottom_0" pos="19.18" speed="16.55" angle="59.93" x="102.57" y="7.16"/>
        <vehicle id="cfm-slow_1" eclass="HBEFA3/PC_G_EU4" CO2="19823.52" CO="340.74" HC="2.04" NOx="8.89" PMx="0.47" fuel="8.52" electricity="0.00" noise="80.62" route="routebottom" type="cfm-slow" waiting="0.00" lane="bottom_0" pos="35.02" speed="16.56" angle="31.53" x="124.79" y="32.52"/>
        <vehicle id="cfm-slow_2" eclass="HBEFA3/PC_G_EU4" CO2="20953.20" CO="363.77" HC="2.17" NOx="9.42" PMx="0.50" fuel="9.01" electricity="0.00" noise="81.70" route="routebottom" type="cfm-slow" waiting="0.00" lane="right_0" pos="0.86" speed="16.62" angle="2.90" x="132.24" y="65.62"/>
        <vehicle id="cfm-slow_3" eclass="HBEFA3/PC_G_EU4" CO2="25896.30" CO="464.34" HC="2.75" NOx="11.74" PMx="0.62" fuel="11.13" electricity="0.00" noise="86.33" route="routebottom" type="cfm-slow" waiting="0.00" lane="right_0" pos="16.78" speed="16.95" angle="334.29" x="122.94" y="98.20"/>
        <vehicle id="cfm-slow_4" eclass="HBEFA3/PC_G_EU4" CO2="42681.55" CO="805.71" HC="4.72" NOx="19.63" PMx="1.06" fuel="18.35" electricity="0.00" noise="100.36" route="routeright" type="cfm-slow" waiting="0.00" lane="right_0" pos="33.05" speed="18.39" angle="305.01" x="98.51" y="122.75"/>
        <vehicle id="cfm-slow_5" eclass="HBEFA3/PC_G_EU4" CO2="85856.46" CO="1692.99" HC="9.84" NOx="39.89" PMx="2.20" fuel="36.91" electricity="0.00" noise="126.05" route="routetop" type="cfm-slow" waiting="0.00" lane="top_0" pos="0.90" speed="23.08" angle="272.84" x="61.62" y="132.23"/>
    </timestep>
    <timestep time="1.81">
        <vehicle id="cfm-fast_0" eclass="HBEFA3/PC_G_EU4" CO2="90297.80" CO="1786.88" HC="10.38" NOx="41.96" PMx="2.31" fuel="38.81" electricity="0.00" noise="126.60" route="routetop" type="cfm-fast" waiting="0.00" lane="top_1" pos="18.07" speed="24.25" angle="242.03" x="28.54" y="118.73"/>
        <vehicle id="cfm-fast_1" eclass="HBEFA3/PC_G_EU4" CO2="90297.81" CO="1786.88" HC="10.38" NOx="41.96" PMx="2.31" fuel="38.81" electricity="0.00" noise="126.60" route="routetop" type="cfm-fast" waiting="0.00" lane="top_0" pos="33.90" speed="24.25" angle="213.50" x="3.67" y="96.93"/>
        <vehicle id="cfm-fast_2" eclass="HBEFA3/PC_G_EU4" CO2="90298.11" CO="1786.89" HC="10.38" NOx="41.96" PMx="2.31" fuel="38.81" electricity="0.00" noise="126.60" route="routetop" type="cfm-fast" waiting="0.00" lane="top_1" pos="49.74" speed="24.25" angle="184.95" x="-1.64" y="64.23"/>
        <vehicle id="cfm-fast_3" eclass="HBEFA3/PC_G_EU4" CO2="82485.11" CO="1625.93" HC="9.45" NOx="38.28" PMx="2.11" fuel="35.46" electricity="0.00" noise="121.24" route="routetop" type="cfm-fast" waiting="0.00" lane="left_0" pos="15.57" speed="24.21" angle="156.46" x="3.12" y="31.39"/>
        <vehicle id="cfm-fast_4" eclass="HBEFA3/PC_G_EU4" CO2="90423.67" CO="1789.56" HC="10.40" NOx="42.02" PMx="2.32" fuel="38.87" electricity="0.00" noise="126.62" route="routeleft" type="cfm-fast" waiting="0.00" lane="left_1" pos="31.43" speed="24.28" angle="127.92" x="27.69" y="9.17"/>
        <vehicle id="cfm-fast_5" eclass="HBEFA3/PC_G_EU4" CO2="29466.54" CO="530.52" HC="3.15" NOx="13.32" PMx="0.72" fuel="12.67" electricity="0.00" noise="85.77" route="routeleft" type="cfm-fast" waiting="0.00" lane="left_0" pos="46.92" speed="21.51" angle="100.13" x="56.95" y="-4.61"/>
        <vehicle id="cfm-slow_0" eclass="HBEFA3/PC_G_EU4" CO2="19510.16" CO="334.17" HC="2.00" NOx="8.74" PMx="0.46" fuel="8.39" electricity="0.00" noise="80.28" route="routebottom" type="cfm-slow" waiting="0.00" lane="bottom_0" pos="19.35" speed="16.59" angle="59.64" x="102.87" y="7.36"/>
        <vehicle id="cfm-slow_1" eclass="HBEFA3/PC_G_EU4" CO2="19724.97" CO="338.56" HC="2.03" NOx="8.84" PMx="0.46" fuel="8.48" electricity="0.00" noise="80.49" route="routebottom" type="cfm-slow" waiting="0.00" lane="bottom_0" pos="35.19" speed="16.60" angle="31.23" x="124.95" y="32.84"/>
        <vehicle id="cfm-slow_2" eclass="HBEFA3/PC_G_EU4" CO2="20891.65" CO="362.35" HC="2.16" NOx="9.39" PMx="0.49" fuel="8.98" electricity="0.00" noise="81.61" route="routebottom" type="cfm-slow" waiting="0.00" lane="right_0" pos="1.03" speed="16.66" angle="2.60" x="132.23" y="65.98"/>
        <vehicle id="cfm-slow_3" eclass="HBEFA3/PC_G_EU4" CO2="25944.49" CO="465.15" HC="2.76" NOx="11.77" PMx="0.63" fuel="11.15" electricity="0.00" noise="86.32" route="routebottom" type="cfm-slow" waiting="0.00" lane="right_0" pos="16.95" speed="17.00" angle="333.99" x="122.75" y="98.51"/>
        <vehicle id="cfm-slow_4" eclass="HBEFA3/PC_G_EU4" CO2="42950.30" CO="811.06" HC="4.76" NOx="19.76" PMx="1.07" fuel="18.46" electricity="0.00" noise="100.47" route="routeright" type="cfm-slow" waiting="0.00" lane="right_0" pos="33.24" speed="18.48" angle="304.67" x="98.17" y="122.95"/>
        <vehicle id="cfm-slow_5" eclass="HBEFA3/PC_G_EU4" CO2="86373.04" CO="1703.85" HC="9.90" NOx="40.13" PMx="2.21" fuel="37.13" electricity="0.00" noise="126.11" route="routetop" type="cfm-slow" waiting="0.00" lane="top_0" pos="1.14" speed="23.22" angle="272.42" x="61.12" y="132.22"/>
    </timestep>
    <timestep time="1.82">
        <vehicle id="cfm-fast_0" eclass="HBEFA3/PC_G_EU4" CO2="90816.88" CO="1797.93" HC="10.44" NOx="42.20" PMx="2.33" fuel="39.04" electricity="0.00" noise="126.67" route="routetop" type="cfm-fast" waiting="0.00" lane="top_1" pos="18.31" speed="24.39" angle="241.56" x="28.12" y="118.45"/>
        <vehicle id="cfm-fast_1" eclass="HBEFA3/PC_G_EU4" CO2="90816.89" CO="1797.93" HC="10.44" NOx="42.20" PMx="2.33" fuel="39.04" electricity="0.00" noise="126.67" route="routetop" type="cfm-fast" waiting="0.00" lane="top_0" pos="34.15" speed="24.39" angle="213.06" x="3.41" y="96.47"/>
        <vehicle id="cfm-fast_2" eclass="HBEFA3/PC_G_EU4" CO2="90817.19" CO="1797.94" HC="10.44" NOx="42.20" PMx="2.33" fuel="39.04" electricity="0.00" noise="126.67" route="routetop" type="cfm-fast" waiting="0.00" lane="top_1" pos="49.98" speed="24.39" angle="184.54" x="-1.65" y="63.73"/>
        <vehicle id="cfm-fast_3" eclass="HBEFA3/PC_G_EU4" CO2="81590.32" CO="1607.83" HC="9.35" NOx="37.85" PMx="2.09" fuel="35.07" electricity="0.00" noise="120.38" route="routetop" type="cfm-fast" waiting="0.00" lane="left_0" pos="15.81" speed="24.33" angle="156.01" x="3.37" y="30.94"/>
        <vehicle id="cfm-fast_4" eclass="HBEFA3/PC_G_EU4" CO2="90942.82" CO="1800.61" HC="10.46" NOx="42.26" PMx="2.33" fuel="39.09" electricity="0.00" noise="126.68" route="routeleft" type="cfm-fast" waiting="0.00" lane="left_1" pos="31.68" speed="24.42" angle="127.48" x="28.11" y="8.89"/>
        <vehicle id="cfm-fast_5" eclass="HBEFA3/PC_G_EU4" CO2="29005.09" CO="521.03" HC="3.09" NOx="13.10" PMx="0.71" fuel="12.47" electricity="0.00" noise="85.39" route="routeleft" type="cfm-fast" waiting="0.00" lane="left_0" pos="47.13" speed="21.56" angle="99.74" x="57.41" y="-4.66"/>
        <vehicle id="cfm-slow_0" eclass="HBEFA3/PC_G_EU4" CO2="19403.02" CO="331.82" HC="1.99" NOx="8.69" PMx="0.46" fuel="8.34" electricity="0.00" noise="80.15" route="routebottom" type="cfm-slow" waiting="0.00" lane="bottom_0" pos="19.52" speed="16.63" angle="59.33" x="103.16" y="7.57"/>
        <vehicle id="cfm-slow_1" eclass="HBEFA3/PC_G_EU4" CO2="19627.08" CO="336.40" HC="2.01" NOx="8.79" PMx="0.46" fuel="8.44" electricity="0.00" noise="80.37" route="routebottom" type="cfm-slow" waiting="0.00" lane="bottom_0" pos="35.35" speed="16.64" angle="30.93" x="125.11" y="33.16"/>
        <vehicle id="cfm-slow_2" eclass="HBEFA3/PC_G_EU4" CO2="20831.45" CO="360.95" HC="2.16" NOx="9.36" PMx="0.49" fuel="8.95" electricity="0.00" noise="81.52" route="routebottom" type="cfm-slow" waiting="0.00" lane="right_0" pos="1.20" speed="16.70" angle="2.30" x="132.22" y="66.34"/>
        <vehicle id="cfm-slow_3" eclass="HBEFA3/PC_G_EU4" CO2="25994.87" CO="466.00" HC="2.76" NOx="11.79" PMx="0.63" fuel="11.17" electricity="0.00" noise="86.32" route="routebottom" type="cfm-slow" waiting="0.00" lane="right_0" pos="17.12" speed="17.05" angle="333.68" x="122.56" y="98.82"/>
        <vehicle id="cfm-slow_4" eclass="HBEFA3/PC_G_EU4" CO2="43221.16" CO="816.45" HC="4.79" NOx="19.88" PMx="1.08" fuel="18.58" electricity="0.00" noise="100.58" route="routeright" type="cfm-slow" waiting="0.00" lane="right_0" pos="33.42" speed="18.56" angle="304.37" x="97.82" y="123.16"/>
        <vehicle id="cfm-slow_5" eclass="HBEFA3/PC_G_EU4" CO2="86889.91" CO="1714.73" HC="9.97" NOx="40.37" PMx="2.22" fuel="37.35" electricity="0.00" noise="126.18" route="routetop" type="cfm-slow" waiting="0.00" lane="top_0" pos="1.37" speed="23.35" angle="272.02" x="60.62" y="132.20"/>
    </timestep>
    <timestep time="1.83">
        <vehicle id="cfm-fast_0" eclass="HBEFA3/PC_G_EU4" CO2="91336.26" CO="1809.00" HC="10.51" NOx="42.45" PMx="2.34" fuel="39.26" electricity="0.00" noise="126.73" route="routetop" type="cfm-fast" waiting="0.00" lane="top_1" pos="18.56" speed="24.52" angle="241.09" x="27.70" y="118.17"/>
        <vehicle id="cfm-fast_1" eclass="HBEFA3/PC_G_EU4" CO2="91336.27" CO="1809.00" HC="10.51" NOx="42.45" PMx="2.34" fuel="39.26" electricity="0.00" noise="126.73" route="routetop" type="cfm-fast" waiting="0.00" lane="top_0" pos="34.39" speed="24.52" angle="212.61" x="3.16" y="96.00"/>
        <vehicle id="cfm-fast_2" eclass="HBEFA3/PC_G_EU4" CO2="91336.57" CO="1809.01" HC="10.51" NOx="42.45" PMx="2.34" fuel="39.26" electricity="0.00" noise="126.73" route="routetop" type="cfm-fast" waiting="0.00" lane="left_1" pos="0.23" speed="24.52" angle="184.08" x="-1.64" y="63.17"/>
        <vehicle id="cfm-fast_3" eclass="HBEFA3/PC_G_EU4" CO2="80689.80" CO="1589.62" HC="9.24" NOx="37.42" PMx="2.06" fuel="34.68" electricity="0.00" noise="119.53" route="routetop" type="cfm-fast" waiting="0.00" lane="left_0" pos="16.06" speed="24.45" angle="155.56" x="3.62" y="30.48"/>
        <vehicle id="cfm-fast_4" eclass="HBEFA3/PC_G_EU4" CO2="91462.27" CO="1811.69" HC="10.52" NOx="42.50" PMx="2.35" fuel="39.31" electricity="0.00" noise="126.75" route="routeleft" type="cfm-fast" waiting="0.00" lane="left_1" pos="31.92" speed="24.56" angle="127.04" x="28.53" y="8.61"/>
        <vehicle id="cfm-fast_5" eclass="HBEFA3/PC_G_EU4" CO2="28547.63" CO="511.63" HC="3.04" NOx="12.89" PMx="0.70" fuel="12.27" electricity="0.00" noise="85.01" route="routeleft" type="cfm-fast" waiting="0.00" lane="left_0" pos="47.35" speed="21.60" angle="99.35" x="57.87" y="-4.70"/>
        <vehicle id="cfm-slow_0" eclass="HBEFA3/PC_G_EU4" CO2="19296.28" CO="329.48" HC="1.97" NOx="8.64" PMx="0.45" fuel="8.29" electricity="0.00" noise="80.02" route="routebottom" type="cfm-slow" waiting="0.00" lane="bottom_0" pos="19.68" speed="16.67" angle="59.02" x="103.45" y="7.78"/>
        <vehicle id="cfm-slow_1" eclass="HBEFA3/PC_G_EU4" CO2="19529.88" CO="334.25" HC="2.00" NOx="8.75" PMx="0.46" fuel="8.39" electricity="0.00" noise="80.24" route="routebottom" type="cfm-slow" waiting="0.00" lane="bottom_0" pos="35.52" speed="16.68" angle="30.62" x="125.27" y="33.48"/>
        <vehicle id="cfm-slow_2" eclass="HBEFA3/PC_G_EU4" CO2="20772.62" CO="359.59" HC="2.15" NOx="9.33" PMx="0.49" fuel="8.93" electricity="0.00" noise="81.43" route="routebottom" type="cfm-slow" waiting="0.00" lane="right_0" pos="1.37" speed="16.74" angle="2.02" x="132.20" y="66.70"/>
        <vehicle id="cfm-slow_3" eclass="HBEFA3/PC_G_EU4" CO2="26047.44" CO="466.91" HC="2.77" NOx="11.81" PMx="0.63" fuel="11.20" electricity="0.00" noise="86.31" route="routebottom" type="cfm-slow" waiting="0.00" lane="right_0" pos="17.29" speed="17.11" angle="333.37" x="122.38" y="99.14"/>
        <vehicle id="cfm-slow_4" eclass="HBEFA3/PC_G_EU4" CO2="43494.15" CO="821.89" HC="4.82" NOx="20.01" PMx="1.08" fuel="18.70" electricity="0.00" noise="100.69" route="routeright" type="cfm-slow" waiting="0.00" lane="right_0" pos="33.61" speed="18.64" angle="304.03" x="97.47" y="123.35"/>
        <vehicle id="cfm-slow_5" eclass="HBEFA3/PC_G_EU4" CO2="87407.07" CO="1725.64" HC="10.03" NOx="40.62" PMx="2.24" fuel="37.57" electricity="0.00" noise="126.24" route="routetop" type="cfm-slow" waiting="0.00" lane="top_0" pos="1.61" speed="23.49" angle="271.60" x="60.12" y="132.17"/>
    </timestep>
    <timestep time="1.84">
        <vehicle id="cfm-fast_0" eclass="HBEFA3/PC_G_EU4" CO2="91855.93" CO="1820.09" HC="10.57" NOx="42.69" PMx="2.36" fuel="39.48" electricity="0.00" noise="126.80" route="routetop" type="cfm-fast" waiting="0.00" lane="top_1" pos="18.81" speed="24.66" angle="240.62" x="27.28" y="117.89"/>
        <vehicle id="cfm-fast_1" eclass="HBEFA3/PC_G_EU4" CO2="91855.94" CO="1820.09" HC="10.57" NOx="42.69" PMx="2.36" fuel="39.48" electricity="0.00" noise="126.80" route="routetop" type="cfm-fast" waiting="0.00" lane="top_0" pos="34.64" speed="24.66" angle="212.23" x="2.90" y="95.54"/>
        <vehicle id="cfm-fast_2" eclass="HBEFA3/PC_G_EU4" CO2="91856.24" CO="1820.10" HC="10.57" NOx="42.69" PMx="2.36" fuel="39.48" electricity="0.00" noise="126.80" route="routetop" type="cfm-fast" waiting="0.00" lane="left_1" pos="0.47" speed="24.66" angle="183.63" x="-1.63" y="62.66"/>
        <vehicle id="cfm-fast_3" eclass="HBEFA3/PC_G_EU4" CO2="79784.04" CO="1571.30" HC="9.14" NOx="36.99" PMx="2.04" fuel="34.30" electricity="0.00" noise="118.69" route="routetop" type="cfm-fast" waiting="0.00" lane="left_0" pos="16.30" speed="24.57" angle="155.11" x="3.88" y="30.01"/>
        <vehicle id="cfm-fast_4" eclass="HBEFA3/PC_G_EU4" CO2="91982.01" CO="1822.78" HC="10.59" NOx="42.75" PMx="2.36" fuel="39.54" electricity="0.00" noise="126.81" route="routeleft" type="cfm-fast" waiting="0.00" lane="left_1" pos="32.17" speed="24.69" angle="126.65" x="28.95" y="8.34"/>
        <vehicle id="cfm-fast_5" eclass="HBEFA3/PC_G_EU4" CO2="28094.20" CO="502.31" HC="2.98" NOx="12.67" PMx="0.69" fuel="12.08" electricity="0.00" noise="84.64" route="routeleft" type="cfm-fast" waiting="0.00" lane="left_0" pos="47.57" speed="21.65" angle="98.99" x="58.34" y="-4.74"/>
        <vehicle id="cfm-slow_0" eclass="HBEFA3/PC_G_EU4" CO2="19189.95" CO="327.15" HC="1.96" NOx="8.59" PMx="0.45" fuel="8.25" electricity="0.00" noise="79.89" route="routebottom" type="cfm-slow" waiting="0.00" lane="bottom_0" pos="19.85" speed="16.70" angle="58.72" x="103.74" y="7.99"/>
        <vehicle id="cfm-slow_1" eclass="HBEFA3/PC_G_EU4" CO2="19433.37" CO="332.12" HC="1.99" NOx="8.70" PMx="0.46" fuel="8.35" electricity="0.00" noise="80.12" route="routebottom" type="cfm-slow" waiting="0.00" lane="bottom_0" pos="35.69" speed="16.72" angle="30.32" x="125.44" y="33.80"/>
        <vehicle id="cfm-slow_2" eclass="HBEFA3/PC_G_EU4" CO2="20715.16" CO="358.25" HC="2.14" NOx="9.30" PMx="0.49" fuel="8.90" electricity="0.00" noise="81.34" route="routebottom" type="cfm-slow" waiting="0.00" lane="right_0" pos="1.53" speed="16.79" angle="1.72" x="132.18" y="67.06"/>
        <vehicle id="cfm-slow_3" eclass="HBEFA3/PC_G_EU4" CO2="26102.22" CO="467.86" HC="2.77" NOx="11.84" PMx="0.63" fuel="11.22" electricity="0.00" noise="86.32" route="routebottom" type="cfm-slow" waiting="0.00" lane="right_0" pos="17.46" speed="17.16" angle="333.06" x="122.19" y="99.46"/>
        <vehicle id="cfm-slow_4" eclass="HBEFA3/PC_G_EU4" CO2="43769.24" CO="827.39" HC="4.85" NOx="20.14" PMx="1.09" fuel="18.81" electricity="0.00" noise="100.80" route="routeright" type="cfm-slow" waiting="0.00" lane="right_0" pos="33.80" speed="18.73" angle="303.69" x="97.12" y="123.54"/>
        <vehicle id="cfm-slow_5" eclass="HBEFA3/PC_G_EU4" CO2="87924.53" CO="1736.57" HC="10.09" NOx="40.86" PMx="2.25" fuel="37.79" electricity="0.00" noise="126.31" route="routetop" type="cfm-slow" waiting="0.00" lane="top_0" pos="1.84" speed="23.63" angle="271.17" x="59.61" y="132.14"/>
    </timestep>
    <timestep time="1.85">
        <vehicle id="cfm-fast_0" eclass="HBEFA3/PC_G_EU4" CO2="92375.89" CO="1831.20" HC="10.63" NOx="42.93" PMx="2.37" fuel="39.71" electricity="0.00" noise="126.86" route="routetop" type="cfm-fast" waiting="0.00" lane="top_1" pos="19.05" speed="24.80" angle="240.15" x="26.86" y="117.61"/>
        <vehicle id="cfm-fast_1" eclass="HBEFA3/PC_G_EU4" CO2="92375.90" CO="1831.20" HC="10.63" NOx="42.93" PMx="2.37" fuel="39.71" electricity="0.00" noise="126.86" route="routetop" type="cfm-fast" waiting="0.00" lane="top_0" pos="34.89" speed="24.80" angle="211.77" x="2.66" y="95.06"/>
        <vehicle id="cfm-fast_2" eclass="HBEFA3/PC_G_EU4" CO2="92376.20" CO="1831.21" HC="10.63" NOx="42.93" PMx="2.37" fuel="39.71" electricity="0.00" noise="126.86" route="routetop" type="cfm-fast" waiting="0.00" lane="left_1" pos="0.72" speed="24.80" angle="183.17" x="-1.62" y="62.15"/>
        <vehicle id="cfm-fast_3" eclass="HBEFA3/PC_G_EU4" CO2="78873.51" CO="1552.89" HC="9.03" NOx="36.56" PMx="2.02" fuel="33.90" electricity="0.00" noise="117.86" route="routetop" type="cfm-fast" waiting="0.00" lane="left_0" pos="16.55" speed="24.69" angle="154.66" x="4.14" y="29.55"/>
        <vehicle id="cfm-fast_4" eclass="HBEFA3/PC_G_EU4" CO2="92502.04" CO="1833.90" HC="10.65" NOx="42.99" PMx="2.37" fuel="39.76" electricity="0.00" noise="126.88" route="routeleft" type="cfm-fast" waiting="0.00" lane="left_1" pos="32.42" speed="24.83" angle="126.19" x="29.39" y="8.08"/>
        <vehicle id="cfm-fast_5" eclass="HBEFA3/PC_G_EU4" CO2="27644.86" CO="493.08" HC="2.93" NOx="12.46" PMx="0.67" fuel="11.88" electricity="0.00" noise="84.27" route="routeleft" type="cfm-fast" waiting="0.00" lane="left_0" pos="47.78" speed="21.69" angle="98.58" x="58.80" y="-4.77"/>
        <vehicle id="cfm-slow_0" eclass="HBEFA3/PC_G_EU4" CO2="19084.06" CO="324.83" HC="1.95" NOx="8.54" PMx="0.45" fuel="8.20" electricity="0.00" noise="79.76" route="routebottom" type="cfm-slow" waiting="0.00" lane="bottom_0" pos="20.02" speed="16.74" angle="58.41" x="104.03" y="8.20"/>
        <vehicle id="cfm-slow_1" eclass="HBEFA3/PC_G_EU4" CO2="19337.56" CO="330.01" HC="1.98" NOx="8.65" PMx="0.45" fuel="8.31" electricity="0.00" noise="80.00" route="routebottom" type="cfm-slow" waiting="0.00" lane="bottom_0" pos="35.85" speed="16.75" angle="30.05" x="125.60" y="34.13"/>
        <vehicle id="cfm-slow_2" eclass="HBEFA3/PC_G_EU4" CO2="20659.10" CO="356.95" HC="2.13" NOx="9.28" PMx="0.49" fuel="8.88" electricity="0.00" noise="81.26" route="routebottom" type="cfm-slow" waiting="0.00" lane="right_0" pos="1.70" speed="16.83" angle="1.42" x="132.16" y="67.42"/>
        <vehicle id="cfm-slow_3" eclass="HBEFA3/PC_G_EU4" CO2="26159.20" CO="468.86" HC="2.78" NOx="11.86" PMx="0.63" fuel="11.24" electricity="0.00" noise="86.32" route="routebottom" type="cfm-slow" waiting="0.00" lane="right_0" pos="17.63" speed="17.21" angle="332.75" x="122.00" y="99.78"/>
        <vehicle id="cfm-slow_4" eclass="HBEFA3/PC_G_EU4" CO2="44046.44" CO="832.93" HC="4.88" NOx="20.26" PMx="1.10" fuel="18.93" electricity="0.00" noise="100.91" route="routeright" type="cfm-slow" waiting="0.00" lane="right_0" pos="33.98" speed="18.81" angle="303.35" x="96.77" y="123.74"/>
        <vehicle id="cfm-slow_5" eclass="HBEFA3/PC_G_EU4" CO2="88442.27" CO="1747.52" HC="10.15" NOx="41.10" PMx="2.26" fuel="38.02" electricity="0.00" noise="126.37" route="routetop" type="cfm-slow" waiting="0.00" lane="top_0" pos="2.08" speed="23.76" angle="270.74" x="59.10" y="132.12"/>
    </timestep>
    <timestep time="1.86">
        <vehicle id="cfm-fast_0" eclass="HBEFA3/PC_G_EU4" CO2="92896.14" CO="1842.34" HC="10.70" NOx="43.17" PMx="2.38" fuel="39.93" electricity="0.00" noise="126.93" route="routetop" type="cfm-fast" waiting="0.00" lane="top_1" pos="19.30" speed="24.93" angle="239.74" x="26.44" y="117.32"/>
        <vehicle id="cfm-fast_1" eclass="HBEFA3/PC_G_EU4" CO2="92896.15" CO="1842.34" HC="10.70" NOx="43.17" PMx="2.38" fuel="39.93" electricity="0.00" noise="126.93" route="routetop" type="cfm-fast" waiting="0.00" lane="top_0" pos="35.14" speed="24.93" angle="211.31" x="2.42" y="94.58"/>
        <vehicle id="cfm-fast_2" eclass="HBEFA3/PC_G_EU4" CO2="92896.45" CO="1842.35" HC="10.70" NOx="43.17" PMx="2.38" fuel="39.93" electricity="0.00" noise="126.93" route="routetop" type="cfm-fast" waiting="0.00" lane="left_1" pos="0.97" speed="24.93" angle="182.72" x="-1.61" y="61.64"/>
        <vehicle id="cfm-fast_3" eclass="HBEFA3/PC_G_EU4" CO2="77958.68" CO="1534.40" HC="8.92" NOx="36.13" PMx="1.99" fuel="33.51" electricity="0.00" noise="117.04" route="routetop" type="cfm-fast" waiting="0.00" lane="left_0" pos="16.80" speed="24.80" angle="154.25" x="4.40" y="29.09"/>
        <vehicle id="cfm-fast_4" eclass="HBEFA3/PC_G_EU4" CO2="93022.36" CO="1845.04" HC="10.71" NOx="43.23" PMx="2.39" fuel="39.99" electricity="0.00" noise="126.94" route="routeleft" type="cfm-fast" waiting="0.00" lane="left_1" pos="32.67" speed="24.97" angle="125.72" x="29.83" y="7.81"/>
        <vehicle id="cfm-fast_5" eclass="HBEFA3/PC_G_EU4" CO2="27199.62" CO="483.93" HC="2.88" NOx="12.25" PMx="0.66" fuel="11.69" electricity="0.00" noise="83.91" route="routeleft" type="cfm-fast" waiting="0.00" lane="left_0" pos="48.00" speed="21.73" angle="98.16" x="59.27" y="-4.79"/>
        <vehicle id="cfm-slow_0" eclass="HBEFA3/PC_G_EU4" CO2="18978.60" CO="322.52" HC="1.93" NOx="8.48" PMx="0.44" fuel="8.16" electricity="0.00" noise="79.64" route="routebottom" type="cfm-slow" waiting="0.00" lane="bottom_0" pos="20.19" speed="16.78" angle="58.10" x="104.32" y="8.41"/>
        <vehicle id="cfm-slow_1" eclass="HBEFA3/PC_G_EU4" CO2="19242.49" CO="327.91" HC="1.97" NOx="8.61" PMx="0.45" fuel="8.27" electricity="0.00" noise="79.89" route="routebottom" type="cfm-slow" waiting="0.00" lane="bottom_0" pos="36.02" speed="16.79" angle="29.76" x="125.75" y="34.45"/>
        <vehicle id="cfm-slow_2" eclass="HBEFA3/PC_G_EU4" CO2="20604.45" CO="355.68" HC="2.13" NOx="9.25" PMx="0.49" fuel="8.86" electricity="0.00" noise="81.17" route="routebottom" type="cfm-slow" waiting="0.00" lane="right_0" pos="1.87" speed="16.87" angle="1.12" x="132.14" y="67.78"/>
        <vehicle id="cfm-slow_3" eclass="HBEFA3/PC_G_EU4" CO2="26218.38" CO="469.91" HC="2.79" NOx="11.89" PMx="0.63" fuel="11.27" electricity="0.00" noise="86.32" route="routebottom" type="cfm-slow" waiting="0.00" lane="right_0" pos="17.80" speed="17.26" angle="332.44" x="121.81" y="100.09"/>
        <vehicle id="cfm-slow_4" eclass="HBEFA3/PC_G_EU4" CO2="44325.74" CO="838.51" HC="4.92" NOx="20.39" PMx="1.11" fuel="19.05" electricity="0.00" noise="101.02" route="routeright" type="cfm-slow" waiting="0.00" lane="right_0" pos="34.17" speed="18.90" angle="303.01" x="96.41" y="123.94"/>
        <vehicle id="cfm-slow_5" eclass="HBEFA3/PC_G_EU4" CO2="88960.31" CO="1758.49" HC="10.22" NOx="41.34" PMx="2.28" fuel="38.24" electricity="0.00" noise="126.44" route="routetop" type="cfm-slow" waiting="0.00" lane="top_0" pos="2.32" speed="23.90" angle="270.32" x="58.59" y="132.09"/>
    </timestep>
    <timestep time="1.87">
        <vehicle id="cfm-fast_0" eclass="HBEFA3/PC_G_EU4" CO2="93416.68" CO="1853.49" HC="10.76" NOx="43.42" PMx="2.40" fuel="40.16" electricity="0.00" noise="126.99" route="routetop" type="cfm-fast" waiting="0.00" lane="top_1" pos="19.55" speed="25.07" angle="239.27" x="26.02" y="117.02"/>
        <vehicle id="cfm-fast_1" eclass="HBEFA3/PC_G_EU4" CO2="93416.69" CO="1853.49" HC="10.76" NOx="43.42" PMx="2.40" fuel="40.16" electricity="0.00" noise="126.99" route="routetop" type="cfm-fast" waiting="0.00" lane="top_0" pos="35.39" speed="25.07" angle="210.85" x="2.18" y="94.10"/>
        <vehicle id="cfm-fast_2" eclass="HBEFA3/PC_G_EU4" CO2="93416.99" CO="1853.50" HC="10.76" NOx="43.42" PMx="2.40" fuel="40.16" electricity="0.00" noise="126.99" route="routetop" type="cfm-fast" waiting="0.00" lane="left_1" pos="1.22" speed="25.07" angle="182.29" x="-1.60" y="61.13"/>
        <vehicle id="cfm-fast_3" eclass="HBEFA3/PC_G_EU4" CO2="77039.98" CO="1515.83" HC="8.82" NOx="35.69" PMx="1.97" fuel="33.12" electricity="0.00" noise="116.22" route="routetop" type="cfm-fast" waiting="0.00" lane="left_0" pos="17.05" speed="24.91" angle="153.79" x="4.68" y="28.63"/>
        <vehicle id="cfm-fast_4" eclass="HBEFA3/PC_G_EU4" CO2="93542.97" CO="1856.20" HC="10.78" NOx="43.47" PMx="2.40" fuel="40.21" electricity="0.00" noise="127.01" route="routeleft" type="cfm-fast" waiting="0.00" lane="left_1" pos="32.92" speed="25.10" angle="125.25" x="30.27" y="7.55"/>
        <vehicle id="cfm-fast_5" eclass="HBEFA3/PC_G_EU4" CO2="26758.51" CO="474.87" HC="2.82" NOx="12.04" PMx="0.65" fuel="11.50" electricity="0.00" noise="83.56" route="routeleft" type="cfm-fast" waiting="0.00" lane="left_0" pos="48.22" speed="21.77" angle="97.74" x="59.74" y="-4.82"/>
        <vehicle id="cfm-slow_0" eclass="HBEFA3/PC_G_EU4" CO2="18873.59" CO="320.23" HC="1.92" NOx="8.43" PMx="0.44" fuel="8.11" electricity="0.00" noise="79.51" route="routebottom" type="cfm-slow" waiting="0.00" lane="bottom_0" pos="20.35" speed="16.82" angle="57.79" x="104.62" y="8.62"/>
        <vehicle id="cfm-slow_1" eclass="HBEFA3/PC_G_EU4" CO2="19148.15" CO="325.83" HC="1.95" NOx="8.56" PMx="0.45" fuel="8.23" electricity="0.00" noise="79.77" route="routebottom" type="cfm-slow" waiting="0.00" lane="bottom_0" pos="36.19" speed="16.83" angle="29.43" x="125.90" y="34.78"/>
        <vehicle id="cfm-slow_2" eclass="HBEFA3/PC_G_EU4" CO2="20551.23" CO="354.44" HC="2.12" NOx="9.22" PMx="0.49" fuel="8.83" electricity="0.00" noise="81.09" route="routebottom" type="cfm-slow" waiting="0.00" lane="right_0" pos="2.04" speed="16.91" angle="0.81" x="132.12" y="68.14"/>
        <vehicle id="cfm-slow_3" eclass="HBEFA3/PC_G_EU4" CO2="26279.77" CO="471.00" HC="2.79" NOx="11.92" PMx="0.63" fuel="11.30" electricity="0.00" noise="86.33" route="routebottom" type="cfm-slow" waiting="0.00" lane="right_0" pos="17.98" speed="17.32" angle="332.19" x="121.61" y="100.41"/>
        <vehicle id="cfm-slow_4" eclass="HBEFA3/PC_G_EU4" CO2="44607.14" CO="844.15" HC="4.95" NOx="20.52" PMx="1.11" fuel="19.17" electricity="0.00" noise="101.14" route="routeright" type="cfm-slow" waiting="0.00" lane="right_0" pos="34.36" speed="18.98" angle="302.66" x="96.05" y="124.14"/>
        <vehicle id="cfm-slow_5" eclass="HBEFA3/PC_G_EU4" CO2="89201.65" CO="1763.78" HC="10.25" NOx="41.45" PMx="2.28" fuel="38.34" electricity="0.00" noise="126.31" route="routetop" type="cfm-slow" waiting="0.00" lane="top_0" pos="2.56" speed="24.04" angle="269.91" x="58.07" y="132.05"/>
    </timestep>
    <timestep time="1.88">
        <vehicle id="cfm-fast_0" eclass="HBEFA3/PC_G_EU4" CO2="93937.52" CO="1864.67" HC="10.83" NOx="43.66" PMx="2.41" fuel="40.38" electricity="0.00" noise="127.05" route="routetop" type="cfm-fast" waiting="0.00" lane="top_1" pos="19.81" speed="25.21" angle="238.81" x="25.60" y="116.72"/>
        <vehicle id="cfm-fast_1" eclass="HBEFA3/PC_G_EU4" CO2="93937.53" CO="1864.67" HC="10.83" NOx="43.66" PMx="2.41" fuel="40.38" electricity="0.00" noise="127.05" route="routetop" type="cfm-fast" waiting="0.00" lane="top_0" pos="35.64" speed="25.21" angle="210.38" x="1.94" y="93.61"/>
        <vehicle id="cfm-fast_2" eclass="HBEFA3/PC_G_EU4" CO2="93937.83" CO="1864.68" HC="10.83" NOx="43.66" PMx="2.41" fuel="40.38" electricity="0.00" noise="127.05" route="routetop" type="cfm-fast" waiting="0.00" lane="left_1" pos="1.47" speed="25.21" angle="181.85" x="-1.57" y="60.61"/>
        <vehicle id="cfm-fast_3" eclass="HBEFA3/PC_G_EU4" CO2="76117.86" CO="1497.20" HC="8.71" NOx="35.25" PMx="1.95" fuel="32.72" electricity="0.00" noise="115.42" route="routetop" type="cfm-fast" waiting="0.00" lane="left_0" pos="17.30" speed="25.02" angle="153.33" x="4.96" y="28.17"/>
        <vehicle id="cfm-fast_4" eclass="HBEFA3/PC_G_EU4" CO2="94063.88" CO="1867.39" HC="10.84" NOx="43.72" PMx="2.41" fuel="40.43" electricity="0.00" noise="127.07" route="routeleft" type="cfm-fast" waiting="0.00" lane="left_1" pos="33.17" speed="25.24" angle="124.78" x="30.71" y="7.28"/>
        <vehicle id="cfm-fast_5" eclass="HBEFA3/PC_G_EU4" CO2="26321.58" CO="465.89" HC="2.77" NOx="11.83" PMx="0.64" fuel="11.31" electricity="0.00" noise="83.21" route="routeleft" type="cfm-fast" waiting="0.00" lane="left_0" pos="48.44" speed="21.81" angle="97.32" x="60.21" y="-4.85"/>
        <vehicle id="cfm-slow_0" eclass="HBEFA3/PC_G_EU4" CO2="18769.04" CO="317.94" HC="1.91" NOx="8.38" PMx="0.44" fuel="8.07" electricity="0.00" noise="79.39" route="routebottom" type="cfm-slow" waiting="0.00" lane="bottom_0" pos="20.52" speed="16.85" angle="57.54" x="104.91" y="8.84"/>
        <vehicle id="cfm-slow_1" eclass="HBEFA3/PC_G_EU4" CO2="19054.57" CO="323.77" HC="1.94" NOx="8.52" PMx="0.45" fuel="8.19" electricity="0.00" noise="79.66" route="routebottom" type="cfm-slow" waiting="0.00" lane="bottom_0" pos="36.36" speed="16.87" angle="29.10" x="126.05" y="35.12"/>
        <vehicle id="cfm-slow_2" eclass="HBEFA3/PC_G_EU4" CO2="20499.45" CO="353.23" HC="2.11" NOx="9.20" PMx="0.48" fuel="8.81" electricity="0.00" noise="81.01" route="routebottom" type="cfm-slow" waiting="0.00" lane="right_0" pos="2.21" speed="16.95" angle="0.51" x="132.10" y="68.51"/>
        <vehicle id="cfm-slow_3" eclass="HBEFA3/PC_G_EU4" CO2="26343.37" CO="472.15" HC="2.80" NOx="11.95" PMx="0.64" fuel="11.32" electricity="0.00" noise="86.34" route="routebottom" type="cfm-slow" waiting="0.00" lane="right_0" pos="18.15" speed="17.37" angle="331.85" x="121.40" y="100.72"/>
        <vehicle id="cfm-slow_4" eclass="HBEFA3/PC_G_EU4" CO2="44888.61" CO="849.80" HC="4.98" NOx="20.66" PMx="1.12" fuel="19.30" electricity="0.00" noise="101.25" route="routeright" type="cfm-slow" waiting="0.00" lane="right_0" pos="34.55" speed="19.06" angle="302.34" x="95.70" y="124.33"/>
        <vehicle id="cfm-slow_5" eclass="HBEFA3/PC_G_EU4" CO2="88995.94" CO="1759.87" HC="10.23" NOx="41.35" PMx="2.28" fuel="38.25" electricity="0.00" noise="125.87" route="routetop" type="cfm-slow" waiting="0.00" lane="top_0" pos="2.80" speed="24.17" angle="269.47" x="57.55" y="132.00"/>
    </timestep>
    <timestep time="1.89">
        <vehicle id="cfm-fast_0" eclass="HBEFA3/PC_G_EU4" CO2="94458.64" CO="1875.87" HC="10.89" NOx="43.90" PMx="2.43" fuel="40.60" electricity="0.00" noise="127.12" route="routetop" type="cfm-fast" waiting="0.00" lane="top_1" pos="20.06" speed="25.34" angle="238.33" x="25.18" y="116.41"/>
        <vehicle id="cfm-fast_1" eclass="HBEFA3/PC_G_EU4" CO2="94458.65" CO="1875.87" HC="10.89" NOx="43.90" PMx="2.43" fuel="40.60" electricity="0.00" noise="127.12" route="routetop" type="cfm-fast" waiting="0.00" lane="top_0" pos="35.89" speed="25.34" angle="209.96" x="1.70" y="93.13"/>
        <vehicle id="cfm-fast_2" eclass="HBEFA3/PC_G_EU4" CO2="94458.95" CO="1875.88" HC="10.89" NOx="43.90" PMx="2.43" fuel="40.60" electricity="0.00" noise="127.12" route="routetop" type="cfm-fast" waiting="0.00" lane="left_1" pos="1.73" speed="25.34" angle="181.39" x="-1.54" y="60.09"/>
        <vehicle id="cfm-fast_3" eclass="HBEFA3/PC_G_EU4" CO2="75192.73" CO="1478.50" HC="8.60" NOx="34.81" PMx="1.92" fuel="32.32" electricity="0.00" noise="114.62" route="routetop" type="cfm-fast" waiting="0.00" lane="left_0" pos="17.55" speed="25.13" angle="152.87" x="5.24" y="27.70"/>
        <vehicle id="cfm-fast_4" eclass="HBEFA3/PC_G_EU4" CO2="94585.08" CO="1878.59" HC="10.91" NOx="43.96" PMx="2.43" fuel="40.66" electricity="0.00" noise="127.13" route="routeleft" type="cfm-fast" waiting="0.00" lane="left_1" pos="33.42" speed="25.38" angle="124.37" x="31.16" y="7.02"/>
        <vehicle id="cfm-fast_5" eclass="HBEFA3/PC_G_EU4" CO2="25888.84" CO="457.01" HC="2.72" NOx="11.62" PMx="0.63" fuel="11.13" electricity="0.00" noise="82.86" route="routeleft" type="cfm-fast" waiting="0.00" lane="left_0" pos="48.65" speed="21.85" angle="96.92" x="60.68" y="-4.88"/>
        <vehicle id="cfm-slow_0" eclass="HBEFA3/PC_G_EU4" CO2="18664.96" CO="315.67" HC="1.90" NOx="8.33" PMx="0.44" fuel="8.02" electricity="0.00" noise="79.27" route="routebottom" type="cfm-slow" waiting="0.00" lane="bottom_0" pos="20.69" speed="16.89" angle="57.23" x="105.20" y="9.06"/>
        <vehicle id="cfm-slow_1" eclass="HBEFA3/PC_G_EU4" CO2="18961.77" CO="321.73" HC="1.93" NOx="8.47" PMx="0.44" fuel="8.15" electricity="0.00" noise="79.55" route="routebottom" type="cfm-slow" waiting="0.00" lane="bottom_0" pos="36.53" speed="16.90" angle="28.77" x="126.19" y="35.45"/>
        <vehicle id="cfm-slow_2" eclass="HBEFA3/PC_G_EU4" CO2="20449.12" CO="352.05" HC="2.11" NOx="9.17" PMx="0.48" fuel="8.79" electricity="0.00" noise="80.94" route="routebottom" type="cfm-slow" waiting="0.00" lane="right_0" pos="2.38" speed="16.99" angle="0.21" x="132.08" y="68.87"/>
        <vehicle id="cfm-slow_3" eclass="HBEFA3/PC_G_EU4" CO2="26409.16" CO="473.34" HC="2.81" NOx="11.98" PMx="0.64" fuel="11.35" electricity="0.00" noise="86.35" route="routebottom" type="cfm-slow" waiting="0.00" lane="right_0" pos="18.33" speed="17.42" angle="331.51" x="121.20" y="101.03"/>
        <vehicle id="cfm-slow_4" eclass="HBEFA3/PC_G_EU4" CO2="45166.92" CO="855.38" HC="5.01" NOx="20.79" PMx="1.13" fuel="19.41" electricity="0.00" noise="101.36" route="routeright" type="cfm-slow" waiting="0.00" lane="right_0" pos="34.75" speed="19.15" angle="302.03" x="95.33" y="124.53"/>
        <vehicle id="cfm-slow_5" eclass="HBEFA3/PC_G_EU4" CO2="88791.54" CO="1756.01" HC="10.20" NOx="41.25" PMx="2.27" fuel="38.17" electricity="0.00" noise="125.44" route="routetop" type="cfm-slow" waiting="0.00" lane="top_0" pos="3.04" speed="24.30" angle="269.04" x="57.03" y="131.95"/>
    </timestep>
    <timestep time="1.90">
        <vehicle id="cfm-fast_0" eclass="HBEFA3/PC_G_EU4" CO2="94980.06" CO="1887.09" HC="10.95" NOx="44.14" PMx="2.44" fuel="40.83" electricity="0.00" noise="127.18" route="routetop" type="cfm-fast" waiting="0.00" lane="top_1" pos="20.31" speed="25.48" angle="237.86" x="24.76" y="116.11"/>
        <vehicle id="cfm-fast_1" eclass="HBEFA3/PC_G_EU4" CO2="94980.07" CO="1887.09" HC="10.95" NOx="44.14" PMx="2.44" fuel="40.83" electricity="0.00" noise="127.18" route="routetop" type="cfm-fast" waiting="0.00" lane="top_0" pos="36.15" speed="25.48" angle="209.50" x="1.47" y="92.63"/>
        <vehicle id="cfm-fast_2" eclass="HBEFA3/PC_G_EU4" CO2="94980.37" CO="1887.10" HC="10.95" NOx="44.14" PMx="2.44" fuel="40.83" electricity="0.00" noise="127.18" route="routetop" type="cfm-fast" waiting="0.00" lane="left_1" pos="1.98" speed="25.48" angle="180.92" x="-1.51" y="59.57"/>
        <vehicle id="cfm-fast_3" eclass="HBEFA3/PC_G_EU4" CO2="74265.01" CO="1459.76" HC="8.49" NOx="34.37" PMx="1.90" fuel="31.92" electricity="0.00" noise="113.83" route="routetop" type="cfm-fast" waiting="0.00" lane="left_0" pos="17.80" speed="25.24" angle="152.41" x="5.52" y="27.24"/>
        <vehicle id="cfm-fast_4" eclass="HBEFA3/PC_G_EU4" CO2="95106.57" CO="1889.82" HC="10.97" NOx="44.20" PMx="2.44" fuel="40.88" electricity="0.00" noise="127.20" route="routeleft" type="cfm-fast" waiting="0.00" lane="left_1" pos="33.68" speed="25.51" angle="123.91" x="31.62" y="6.76"/>
        <vehicle id="cfm-fast_5" eclass="HBEFA3/PC_G_EU4" CO2="25460.31" CO="448.21" HC="2.67" NOx="11.42" PMx="0.62" fuel="10.94" electricity="0.00" noise="82.53" route="routeleft" type="cfm-fast" waiting="0.00" lane="left_0" pos="48.87" speed="21.89" angle="96.56" x="61.15" y="-4.90"/>
        <vehicle id="cfm-slow_0" eclass="HBEFA3/PC_G_EU4" CO2="18561.36" CO="313.41" HC="1.88" NOx="8.28" PMx="0.43" fuel="7.98" electricity="0.00" noise="79.14" route="routebottom" type="cfm-slow" waiting="0.00" lane="bottom_0" pos="20.86" speed="16.93" angle="56.93" x="105.48" y="9.28"/>
        <vehicle id="cfm-slow_1" eclass="HBEFA3/PC_G_EU4" CO2="18869.74" CO="319.70" HC="1.92" NOx="8.43" PMx="0.44" fuel="8.11" electricity="0.00" noise="79.43" route="routebottom" type="cfm-slow" waiting="0.00" lane="bottom_0" pos="36.70" speed="16.94" angle="28.44" x="126.34" y="35.78"/>
        <vehicle id="cfm-slow_2" eclass="HBEFA3/PC_G_EU4" CO2="20400.26" CO="350.91" HC="2.10" NOx="9.15" PMx="0.48" fuel="8.77" electricity="0.00" noise="80.86" route="routebottom" type="cfm-slow" waiting="0.00" lane="right_0" pos="2.55" speed="17.03" angle="359.92" x="132.05" y="69.24"/>
        <vehicle id="cfm-slow_3" eclass="HBEFA3/PC_G_EU4" CO2="26477.10" CO="474.57" HC="2.81" NOx="12.01" PMx="0.64" fuel="11.38" electricity="0.00" noise="86.37" route="routebottom" type="cfm-slow" waiting="0.00" lane="right_0" pos="18.50" speed="17.47" angle="331.17" x="120.99" y="101.35"/>
        <vehicle id="cfm-slow_4" eclass="HBEFA3/PC_G_EU4" CO2="45442.11" CO="860.91" HC="5.05" NOx="20.91" PMx="1.14" fuel="19.53" electricity="0.00" noise="101.46" route="routeright" type="cfm-slow" waiting="0.00" lane="right_0" pos="34.94" speed="19.23" angle="301.68" x="94.96" y="124.71"/>
        <vehicle id="cfm-slow_5" eclass="HBEFA3/PC_G_EU4" CO2="88588.67" CO="1752.19" HC="10.18" NOx="41.15" PMx="2.27" fuel="38.08" electricity="0.00" noise="125.02" route="routetop" type="cfm-slow" waiting="0.00" lane="top_0" pos="3.29" speed="24.44" angle="268.60" x="56.51" y="131.89"/>
    </timestep>
    <timestep time="1.91">
        <vehicle id="cfm-fast_0" eclass="HBEFA3/PC_G_EU4" CO2="95501.77" CO="1898.33" HC="11.02" NOx="44.39" PMx="2.45" fuel="41.05" electricity="0.00" noise="127.25" route="routetop" type="cfm-fast" waiting="0.00" lane="top_1" pos="20.57" speed="25.62" angle="237.45" x="24.33" y="115.79"/>
        <vehicle id="cfm-fast_1" eclass="HBEFA3/PC_G_EU4" CO2="95116.25" CO="1890.39" HC="10.97" NOx="44.21" PMx="2.44" fuel="40.89" electricity="0.00" noise="127.00" route="routetop" type="cfm-fast" waiting="0.00" lane="top_0" pos="36.40" speed="25.61" angle="209.02" x="1.24" y="92.12"/>
        <vehicle id="cfm-fast_2" eclass="HBEFA3/PC_G_EU4" CO2="95502.08" CO="1898.34" HC="11.02" NOx="44.39" PMx="2.45" fuel="41.05" electricity="0.00" noise="127.25" route="routetop" type="cfm-fast" waiting="0.00" lane="left_1" pos="2.24" speed="25.62" angle="180.46" x="-1.48" y="59.05"/>
        <vehicle id="cfm-fast_3" eclass="HBEFA3/PC_G_EU4" CO2="73335.08" CO="1440.98" HC="8.38" NOx="33.93" PMx="1.87" fuel="31.52" electricity="0.00" noise="113.05" route="routetop" type="cfm-fast" waiting="0.00" lane="left_0" pos="18.06" speed="25.34" angle="152.01" x="5.81" y="26.77"/>
        <vehicle id="cfm-fast_4" eclass="HBEFA3/PC_G_EU4" CO2="95628.35" CO="1901.06" HC="11.03" NOx="44.45" PMx="2.46" fuel="41.11" electricity="0.00" noise="127.26" route="routeleft" type="cfm-fast" waiting="0.00" lane="left_1" pos="33.94" speed="25.65" angle="123.45" x="32.08" y="6.51"/>
        <vehicle id="cfm-fast_5" eclass="HBEFA3/PC_G_EU4" CO2="25036.02" CO="439.50" HC="2.62" NOx="11.22" PMx="0.61" fuel="10.76" electricity="0.00" noise="82.19" route="routeleft" type="cfm-fast" waiting="0.00" lane="left_0" pos="49.09" speed="21.93" angle="96.16" x="61.62" y="-4.91"/>
        <vehicle id="cfm-slow_0" eclass="HBEFA3/PC_G_EU4" CO2="18458.26" CO="311.16" HC="1.87" NOx="8.23" PMx="0.43" fuel="7.93" electricity="0.00" noise="79.02" route="routebottom" type="cfm-slow" waiting="0.00" lane="bottom_0" pos="21.03" speed="16.96" angle="56.62" x="105.77" y="9.51"/>
        <vehicle id="cfm-slow_1" eclass="HBEFA3/PC_G_EU4" CO2="18778.51" CO="317.70" HC="1.91" NOx="8.39" PMx="0.44" fuel="8.07" electricity="0.00" noise="79.33" route="routebottom" type="cfm-slow" waiting="0.00" lane="bottom_0" pos="36.87" speed="16.98" angle="28.11" x="126.49" y="36.11"/>
        <vehicle id="cfm-slow_2" eclass="HBEFA3/PC_G_EU4" CO2="20352.87" CO="349.80" HC="2.09" NOx="9.13" PMx="0.48" fuel="8.75" electricity="0.00" noise="80.79" route="routebottom" type="cfm-slow" waiting="0.00" lane="right_0" pos="2.72" speed="17.07" angle="359.62" x="132.02" y="69.60"/>
        <vehicle id="cfm-slow_3" eclass="HBEFA3/PC_G_EU4" CO2="26547.16" CO="475.86" HC="2.82" NOx="12.04" PMx="0.64" fuel="11.41" electricity="0.00" noise="86.38" route="routebottom" type="cfm-slow" waiting="0.00" lane="right_0" pos="18.68" speed="17.52" angle="330.83" x="120.78" y="101.66"/>
        <vehicle id="cfm-slow_4" eclass="HBEFA3/PC_G_EU4" CO2="45714.22" CO="866.38" HC="5.08" NOx="21.04" PMx="1.14" fuel="19.65" electricity="0.00" noise="101.56" route="routeright" type="cfm-slow" waiting="0.00" lane="right_0" pos="35.13" speed="19.32" angle="301.33" x="94.59" y="124.90"/>
        <vehicle id="cfm-slow_5" eclass="HBEFA3/PC_G_EU4" CO2="88387.52" CO="1748.42" HC="10.16" NOx="41.05" PMx="2.26" fuel="37.99" electricity="0.00" noise="124.61" route="routetop" type="cfm-slow" waiting="0.00" lane="top_0" pos="3.53" speed="24.57" angle="268.16" x="55.98" y="131.84"/>
    </timestep>
    <timestep time="1.92">
        <vehicle id="cfm-fast_0" eclass="HBEFA3/PC_G_EU4" CO2="96023.78" CO="1909.60" HC="11.08" NOx="44.63" PMx="2.47" fuel="41.28" electricity="0.00" noise="127.31" route="routetop" type="cfm-fast" waiting="0.00" lane="top_1" pos="20.83" speed="25.75" angle="236.98" x="23.92" y="115.47"/>
        <vehicle id="cfm-fast_1" eclass="HBEFA3/PC_G_EU4" CO2="94591.42" CO="1880.10" HC="10.91" NOx="43.95" PMx="2.43" fuel="40.66" electricity="0.00" noise="126.38" route="routetop" type="cfm-fast" waiting="0.00" lane="top_0" pos="36.66" speed="25.75" angle="208.53" x="1.02" y="91.62"/>
        <vehicle id="cfm-fast_2" eclass="HBEFA3/PC_G_EU4" CO2="96024.09" CO="1909.60" HC="11.08" NOx="44.63" PMx="2.47" fuel="41.28" electricity="0.00" noise="127.31" route="routetop" type="cfm-fast" waiting="0.00" lane="left_1" pos="2.49" speed="25.75" angle="180.01" x="-1.45" y="58.52"/>
        <vehicle id="cfm-fast_3" eclass="HBEFA3/PC_G_EU4" CO2="72403.34" CO="1422.16" HC="8.28" NOx="33.49" PMx="1.85" fuel="31.12" electricity="0.00" noise="112.27" route="routetop" type="cfm-fast" waiting="0.00" lane="left_0" pos="18.31" speed="25.45" angle="151.53" x="6.11" y="26.32"/>
        <vehicle id="cfm-fast_4" eclass="HBEFA3/PC_G_EU4" CO2="96150.42" CO="1912.33" HC="11.10" NOx="44.69" PMx="2.47" fuel="41.33" electricity="0.00" noise="127.33" route="routeleft" type="cfm-fast" waiting="0.00" lane="left_1" pos="34.19" speed="25.78" angle="122.98" x="32.54" y="6.25"/>
        <vehicle id="cfm-fast_5" eclass="HBEFA3/PC_G_EU4" CO2="24615.99" CO="430.87" HC="2.57" NOx="11.02" PMx="0.59" fuel="10.58" electricity="0.00" noise="81.87" route="routeleft" type="cfm-fast" waiting="0.00" lane="left_0" pos="49.31" speed="21.96" angle="95.76" x="62.09" y="-4.92"/>
        <vehicle id="cfm-slow_0" eclass="HBEFA3/PC_G_EU4" CO2="18355.66" CO="308.92" HC="1.86" NOx="8.19" PMx="0.43" fuel="7.89" electricity="0.00" noise="78.91" route="routebottom" type="cfm-slow" waiting="0.00" lane="bottom_0" pos="21.20" speed="17.00" angle="56.31" x="106.06" y="9.73"/>
        <vehicle id="cfm-slow_1" eclass="HBEFA3/PC_G_EU4" CO2="18688.10" CO="315.71" HC="1.90" NOx="8.34" PMx="0.44" fuel="8.03" electricity="0.00" noise="79.22" route="routebottom" type="cfm-slow" waiting="0.00" lane="bottom_0" pos="37.04" speed="17.01" angle="27.78" x="126.64" y="36.45"/>
        <vehicle id="cfm-slow_2" eclass="HBEFA3/PC_G_EU4" CO2="20306.98" CO="348.72" HC="2.09" NOx="9.10" PMx="0.48" fuel="8.73" electricity="0.00" noise="80.72" route="routebottom" type="cfm-slow" waiting="0.00" lane="right_0" pos="2.89" speed="17.11" angle="359.31" x="131.98" y="69.97"/>
        <vehicle id="cfm-slow_3" eclass="HBEFA3/PC_G_EU4" CO2="26619.28" CO="477.19" HC="2.83" NOx="12.07" PMx="0.64" fuel="11.44" electricity="0.00" noise="86.40" route="routebottom" type="cfm-slow" waiting="0.00" lane="right_0" pos="18.85" speed="17.58" angle="330.49" x="120.57" y="101.97"/>
        <vehicle id="cfm-slow_4" eclass="HBEFA3/PC_G_EU4" CO2="45983.29" CO="871.79" HC="5.11" NOx="21.16" PMx="1.15" fuel="19.77" electricity="0.00" noise="101.66" route="routeright" type="cfm-slow" waiting="0.00" lane="right_0" pos="35.33" speed="19.40" angle="300.98" x="94.22" y="125.08"/>
        <vehicle id="cfm-slow_5" eclass="HBEFA3/PC_G_EU4" CO2="88184.86" CO="1744.62" HC="10.14" NOx="40.95" PMx="2.26" fuel="37.91" electricity="0.00" noise="124.21" route="routetop" type="cfm-slow" waiting="0.00" lane="top_0" pos="3.78" speed="24.70" angle="267.73" x="55.46" y="131.79"/>
    </timestep>
    <timestep time="1.93">
        <vehicle id="cfm-fast_0" eclass="HBEFA3/PC_G_EU4" CO2="96024.04" CO="1910.13" HC="11.09" NOx="44.63" PMx="2.47" fuel="41.28" electricity="0.00" noise="127.04" route="routetop" type="cfm-fast" waiting="0.00" lane="top_1" pos="21.09" speed="25.89" angle="236.52" x="23.50" y="115.14"/>
        <vehicle id="cfm-fast_1" eclass="HBEFA3/PC_G_EU4" CO2="94055.87" CO="1869.59" HC="10.85" NOx="43.70" PMx="2.42" fuel="40.43" electricity="0.00" noise="125.77" route="routetop" type="cfm-fast" waiting="0.00" lane="top_0" pos="36.92" speed="25.88" angle="208.05" x="0.79" y="91.11"/>
        <vehicle id="cfm-fast_2" eclass="HBEFA3/PC_G_EU4" CO2="96428.68" CO="1918.46" HC="11.13" NOx="44.82" PMx="2.48" fuel="41.45" electricity="0.00" noise="127.30" route="routetop" type="cfm-fast" waiting="0.00" lane="left_1" pos="2.75" speed="25.89" angle="179.56" x="-1.40" y="57.99"/>
        <vehicle id="cfm-fast_3" eclass="HBEFA3/PC_G_EU4" CO2="71470.17" CO="1403.31" HC="8.17" NOx="33.05" PMx="1.83" fuel="30.72" electricity="0.00" noise="111.51" route="routetop" type="cfm-fast" waiting="0.00" lane="left_0" pos="18.57" speed="25.55" angle="151.05" x="6.41" y="25.86"/>
        <vehicle id="cfm-fast_4" eclass="HBEFA3/PC_G_EU4" CO2="96672.79" CO="1923.62" HC="11.16" NOx="44.93" PMx="2.48" fuel="41.55" electricity="0.00" noise="127.39" route="routeleft" type="cfm-fast" waiting="0.00" lane="left_1" pos="34.45" speed="25.92" angle="122.51" x="33.01" y="5.99"/>
        <vehicle id="cfm-fast_5" eclass="HBEFA3/PC_G_EU4" CO2="24200.22" CO="422.34" HC="2.52" NOx="10.82" PMx="0.58" fuel="10.40" electricity="0.00" noise="81.55" route="routeleft" type="cfm-fast" waiting="0.00" lane="left_0" pos="49.53" speed="22.00" angle="95.36" x="62.56" y="-4.93"/>
        <vehicle id="cfm-slow_0" eclass="HBEFA3/PC_G_EU4" CO2="18253.57" CO="306.70" HC="1.84" NOx="8.14" PMx="0.43" fuel="7.85" electricity="0.00" noise="78.79" route="routebottom" type="cfm-slow" waiting="0.00" lane="bottom_0" pos="21.37" speed="17.03" angle="56.00" x="106.35" y="9.96"/>
        <vehicle id="cfm-slow_1" eclass="HBEFA3/PC_G_EU4" CO2="18598.51" CO="313.74" HC="1.89" NOx="8.30" PMx="0.43" fuel="7.99" electricity="0.00" noise="79.11" route="routebottom" type="cfm-slow" waiting="0.00" lane="bottom_0" pos="37.21" speed="17.05" angle="27.53" x="126.79" y="36.78"/>
        <vehicle id="cfm-slow_2" eclass="HBEFA3/PC_G_EU4" CO2="20262.59" CO="347.67" HC="2.08" NOx="9.08" PMx="0.48" fuel="8.71" electricity="0.00" noise="80.65" route="routebottom" type="cfm-slow" waiting="0.00" lane="right_0" pos="3.06" speed="17.15" angle="359.00" x="131.94" y="70.34"/>
        <vehicle id="cfm-slow_3" eclass="HBEFA3/PC_G_EU4" CO2="26693.42" CO="478.56" HC="2.84" NOx="12.10" PMx="0.65" fuel="11.47" electricity="0.00" noise="86.42" route="routebottom" type="cfm-slow" waiting="0.00" lane="right_0" pos="19.03" speed="17.63" angle="330.14" x="120.36" y="102.29"/>
        <vehicle id="cfm-slow_4" eclass="HBEFA3/PC_G_EU4" CO2="46249.33" CO="877.15" HC="5.14" NOx="21.29" PMx="1.16" fuel="19.88" electricity="0.00" noise="101.76" route="routeright" type="cfm-slow" waiting="0.00" lane="right_0" pos="35.52" speed="19.49" angle="300.63" x="93.84" y="125.27"/>
        <vehicle id="cfm-slow_5" eclass="HBEFA3/PC_G_EU4" CO2="87975.05" CO="1740.69" HC="10.11" NOx="40.85" PMx="2.25" fuel="37.82" electricity="0.00" noise="123.80" route="routetop" type="cfm-slow" waiting="0.00" lane="top_0" pos="4.03" speed="24.83" angle="267.29" x="54.93" y="131.71"/>
    </timestep>
    <timestep time="1.94">
        <vehicle id="cfm-fast_0" eclass="HBEFA3/PC_G_EU4" CO2="95703.88" CO="1904.08" HC="11.05" NOx="44.47" PMx="2.46" fuel="41.14" electricity="0.00" noise="126.56" route="routetop" type="cfm-fast" waiting="0.00" lane="top_1" pos="21.35" speed="26.02" angle="236.04" x="23.08" y="114.81"/>
        <vehicle id="cfm-fast_1" eclass="HBEFA3/PC_G_EU4" CO2="93509.91" CO="1858.87" HC="10.79" NOx="43.44" PMx="2.40" fuel="40.20" electricity="0.00" noise="125.16" route="routetop" type="cfm-fast" waiting="0.00" lane="top_0" pos="37.18" speed="26.01" angle="207.62" x="0.56" y="90.60"/>
        <vehicle id="cfm-fast_2" eclass="HBEFA3/PC_G_EU4" CO2="96108.55" CO="1912.41" HC="11.10" NOx="44.66" PMx="2.47" fuel="41.31" electricity="0.00" noise="126.82" route="routetop" type="cfm-fast" waiting="0.00" lane="left_1" pos="3.01" speed="26.02" angle="179.09" x="-1.35" y="57.46"/>
        <vehicle id="cfm-fast_3" eclass="HBEFA3/PC_G_EU4" CO2="70535.91" CO="1384.44" HC="8.06" NOx="32.61" PMx="1.80" fuel="30.32" electricity="0.00" noise="110.75" route="routetop" type="cfm-fast" waiting="0.00" lane="left_0" pos="18.82" speed="25.65" angle="150.57" x="6.72" y="25.40"/>
        <vehicle id="cfm-fast_4" eclass="HBEFA3/PC_G_EU4" CO2="97195.45" CO="1934.93" HC="11.23" NOx="45.18" PMx="2.50" fuel="41.78" electricity="0.00" noise="127.46" route="routeleft" type="cfm-fast" waiting="0.00" lane="left_1" pos="34.71" speed="26.06" angle="122.10" x="33.48" y="5.74"/>
        <vehicle id="cfm-fast_5" eclass="HBEFA3/PC_G_EU4" CO2="23788.74" CO="413.89" HC="2.47" NOx="10.63" PMx="0.57" fuel="10.23" electricity="0.00" noise="81.23" route="routeleft" type="cfm-fast" waiting="0.00" lane="left_0" pos="49.75" speed="22.03" angle="94.96" x="63.04" y="-4.94"/>
        <vehicle id="cfm-slow_0" eclass="HBEFA3/PC_G_EU4" CO2="18152.00" CO="304.49" HC="1.83" NOx="8.09" PMx="0.42" fuel="7.80" electricity="0.00" noise="78.67" route="routebottom" type="cfm-slow" waiting="0.00" lane="bottom_0" pos="21.54" speed="17.07" angle="55.69" x="106.64" y="10.19"/>
        <vehicle id="cfm-slow_1" eclass="HBEFA3/PC_G_EU4" CO2="18509.75" CO="311.80" HC="1.87" NOx="8.26" PMx="0.43" fuel="7.96" electricity="0.00" noise="79.01" route="routebottom" type="cfm-slow" waiting="0.00" lane="bottom_0" pos="37.38" speed="17.08" angle="27.23" x="126.93" y="37.12"/>
        <vehicle id="cfm-slow_2" eclass="HBEFA3/PC_G_EU4" CO2="20219.71" CO="346.66" HC="2.08" NOx="9.06" PMx="0.48" fuel="8.69" electricity="0.00" noise="80.58" route="routebottom" type="cfm-slow" waiting="0.00" lane="right_0" pos="3.23" speed="17.19" angle="358.69" x="131.90" y="70.71"/>
        <vehicle id="cfm-slow_3" eclass="HBEFA3/PC_G_EU4" CO2="26769.55" CO="479.97" HC="2.85" NOx="12.14" PMx="0.65" fuel="11.51" electricity="0.00" noise="86.45" route="routebottom" type="cfm-slow" waiting="0.00" lane="right_0" pos="19.20" speed="17.68" angle="329.86" x="120.14" y="102.60"/>
        <vehicle id="cfm-slow_4" eclass="HBEFA3/PC_G_EU4" CO2="46512.33" CO="882.45" HC="5.17" NOx="21.41" PMx="1.16" fuel="19.99" electricity="0.00" noise="101.85" route="routeright" type="cfm-slow" waiting="0.00" lane="right_0" pos="35.72" speed="19.57" angle="300.27" x="93.47" y="125.46"/>
        <vehicle id="cfm-slow_5" eclass="HBEFA3/PC_G_EU4" CO2="87758.19" CO="1736.63" HC="10.09" NOx="40.75" PMx="2.25" fuel="37.72" electricity="0.00" noise="123.40" route="routetop" type="cfm-slow" waiting="0.00" lane="top_0" pos="4.28" speed="24.96" angle="266.84" x="54.39" y="131.64"/>
    </timestep>
    <timestep time="1.95">
        <vehicle id="cfm-fast_0" eclass="HBEFA3/PC_G_EU4" CO2="95378.45" CO="1897.93" HC="11.01" NOx="44.32" PMx="2.45" fuel="41.00" electricity="0.00" noise="126.09" route="routetop" type="cfm-fast" waiting="0.00" lane="top_1" pos="21.61" speed="26.15" angle="235.57" x="22.66" y="114.48"/>
        <vehicle id="cfm-fast_1" eclass="HBEFA3/PC_G_EU4" CO2="92953.82" CO="1847.96" HC="10.73" NOx="43.17" PMx="2.39" fuel="39.96" electricity="0.00" noise="124.55" route="routetop" type="cfm-fast" waiting="0.00" lane="top_0" pos="37.44" speed="26.14" angle="207.16" x="0.35" y="90.08"/>
        <vehicle id="cfm-fast_2" eclass="HBEFA3/PC_G_EU4" CO2="95790.84" CO="1906.43" HC="11.06" NOx="44.51" PMx="2.46" fuel="41.18" electricity="0.00" noise="126.35" route="routetop" type="cfm-fast" waiting="0.00" lane="left_1" pos="3.27" speed="26.16" angle="178.61" x="-1.29" y="56.93"/>
        <vehicle id="cfm-fast_3" eclass="HBEFA3/PC_G_EU4" CO2="69600.93" CO="1365.56" HC="7.95" NOx="32.16" PMx="1.78" fuel="29.92" electricity="0.00" noise="110.01" route="routetop" type="cfm-fast" waiting="0.00" lane="left_0" pos="19.08" speed="25.74" angle="150.09" x="7.03" y="24.94"/>
        <vehicle id="cfm-fast_4" eclass="HBEFA3/PC_G_EU4" CO2="97718.40" CO="1946.27" HC="11.29" NOx="45.42" PMx="2.51" fuel="42.00" electricity="0.00" noise="127.52" route="routeleft" type="cfm-fast" waiting="0.00" lane="left_1" pos="34.98" speed="26.19" angle="121.62" x="33.96" y="5.50"/>
        <vehicle id="cfm-fast_5" eclass="HBEFA3/PC_G_EU4" CO2="23381.56" CO="405.53" HC="2.43" NOx="10.44" PMx="0.56" fuel="10.05" electricity="0.00" noise="80.92" route="routeleft" type="cfm-fast" waiting="0.00" lane="left_0" pos="49.97" speed="22.07" angle="94.59" x="63.51" y="-4.95"/>
        <vehicle id="cfm-slow_0" eclass="HBEFA3/PC_G_EU4" CO2="18050.97" CO="302.29" HC="1.82" NOx="8.04" PMx="0.42" fuel="7.76" electricity="0.00" noise="78.56" route="routebottom" type="cfm-slow" waiting="0.00" lane="bottom_0" pos="21.71" speed="17.10" angle="55.41" x="106.93" y="10.41"/>
        <vehicle id="cfm-slow_1" eclass="HBEFA3/PC_G_EU4" CO2="18421.85" CO="309.87" HC="1.86" NOx="8.21" PMx="0.43" fuel="7.92" electricity="0.00" noise="78.90" route="routebottom" type="cfm-slow" waiting="0.00" lane="bottom_0" pos="37.55" speed="17.12" angle="26.92" x="127.06" y="37.47"/>
        <vehicle id="cfm-slow_2" eclass="HBEFA3/PC_G_EU4" CO2="20178.35" CO="345.68" HC="2.07" NOx="9.04" PMx="0.48" fuel="8.67" electricity="0.00" noise="80.52" route="routebottom" type="cfm-slow" waiting="0.00" lane="right_0" pos="3.41" speed="17.23" angle="358.38" x="131.87" y="71.07"/>
        <vehicle id="cfm-slow_3" eclass="HBEFA3/PC_G_EU4" CO2="26847.63" CO="481.43" HC="2.85" NOx="12.17" PMx="0.65" fuel="11.54" electricity="0.00" noise="86.47" route="routebottom" type="cfm-slow" waiting="0.00" lane="right_0" pos="19.38" speed="17.73" angle="329.55" x="119.92" y="102.92"/>
        <vehicle id="cfm-slow_4" eclass="HBEFA3/PC_G_EU4" CO2="46772.26" CO="887.69" HC="5.20" NOx="21.53" PMx="1.17" fuel="20.10" electricity="0.00" noise="101.93" route="routeright" type="cfm-slow" waiting="0.00" lane="right_0" pos="35.91" speed="19.66" angle="299.97" x="93.09" y="125.65"/>
        <vehicle id="cfm-slow_5" eclass="HBEFA3/PC_G_EU4" CO2="87534.39" CO="1732.43" HC="10.06" NOx="40.64" PMx="2.24" fuel="37.63" electricity="0.00" noise="123.00" route="routetop" type="cfm-slow" waiting="0.00" lane="top_0" pos="4.53" speed="25.08" angle="266.38" x="53.86" y="131.56"/>
    </timestep>
    <timestep time="1.96">
        <vehicle id="cfm-fast_0" eclass="HBEFA3/PC_G_EU4" CO2="95048.01" CO="1891.68" HC="10.98" NOx="44.16" PMx="2.44" fuel="40.86" electricity="0.00" noise="125.62" route="routetop" type="cfm-fast" waiting="0.00" lane="top_1" pos="21.87" speed="26.29" angle="235.14" x="22.24" y="114.14"/>
        <vehicle id="cfm-fast_1" eclass="HBEFA3/PC_G_EU4" CO2="92387.90" CO="1836.85" HC="10.66" NOx="42.90" PMx="2.37" fuel="39.71" electricity="0.00" noise="123.95" route="routetop" type="cfm-fast" waiting="0.00" lane="top_0" pos="37.70" speed="26.27" angle="206.67" x="0.14" y="89.56"/>
        <vehicle id="cfm-fast_2" eclass="HBEFA3/PC_G_EU4" CO2="95475.78" CO="1900.50" HC="11.03" NOx="44.36" PMx="2.45" fuel="41.04" electricity="0.00" noise="125.89" route="routetop" type="cfm-fast" waiting="0.00" lane="left_1" pos="3.54" speed="26.29" angle="178.13" x="-1.24" y="56.39"/>
        <vehicle id="cfm-fast_3" eclass="HBEFA3/PC_G_EU4" CO2="68665.57" CO="1346.67" HC="7.84" NOx="31.72" PMx="1.75" fuel="29.52" electricity="0.00" noise="109.27" route="routetop" type="cfm-fast" waiting="0.00" lane="left_0" pos="19.34" speed="25.84" angle="149.67" x="7.34" y="24.48"/>
        <vehicle id="cfm-fast_4" eclass="HBEFA3/PC_G_EU4" CO2="98241.64" CO="1957.62" HC="11.36" NOx="45.66" PMx="2.53" fuel="42.23" electricity="0.00" noise="127.59" route="routeleft" type="cfm-fast" waiting="0.00" lane="left_1" pos="35.24" speed="26.33" angle="121.14" x="34.44" y="5.26"/>
        <vehicle id="cfm-fast_5" eclass="HBEFA3/PC_G_EU4" CO2="22978.69" CO="397.27" HC="2.38" NOx="10.25" PMx="0.55" fuel="9.88" electricity="0.00" noise="80.62" route="routebottom" type="cfm-fast" waiting="0.00" lane="bottom_0" pos="0.19" speed="22.10" angle="94.12" x="64.18" y="-4.94"/>
        <vehicle id="cfm-slow_0" eclass="HBEFA3/PC_G_EU4" CO2="17950.47" CO="300.11" HC="1.81" NOx="7.99" PMx="0.42" fuel="7.72" electricity="0.00" noise="78.45" route="routebottom" type="cfm-slow" waiting="0.00" lane="bottom_0" pos="21.88" speed="17.14" angle="55.12" x="107.21" y="10.65"/>
        <vehicle id="cfm-slow_1" eclass="HBEFA3/PC_G_EU4" CO2="18334.81" CO="307.96" HC="1.85" NOx="8.17" PMx="0.43" fuel="7.88" electricity="0.00" noise="78.80" route="routebottom" type="cfm-slow" waiting="0.00" lane="bottom_0" pos="37.72" speed="17.15" angle="26.61" x="127.20" y="37.81"/>
        <vehicle id="cfm-slow_2" eclass="HBEFA3/PC_G_EU4" CO2="20138.52" CO="344.73" HC="2.06" NOx="9.02" PMx="0.47" fuel="8.66" electricity="0.00" noise="80.46" route="routebottom" type="cfm-slow" waiting="0.00" lane="right_0" pos="3.58" speed="17.26" angle="358.07" x="131.83" y="71.44"/>
        <vehicle id="cfm-slow_3" eclass="HBEFA3/PC_G_EU4" CO2="26927.62" CO="482.93" HC="2.86" NOx="12.21" PMx="0.65" fuel="11.57" electricity="0.00" noise="86.50" route="routebottom" type="cfm-slow" waiting="0.00" lane="right_0" pos="19.56" speed="17.78" angle="329.23" x="119.70" y="103.23"/>
        <vehicle id="cfm-slow_4" eclass="HBEFA3/PC_G_EU4" CO2="47029.09" CO="892.87" HC="5.23" NOx="21.65" PMx="1.18" fuel="20.22" electricity="0.00" noise="102.02" route="routeright" type="cfm-slow" waiting="0.00" lane="right_0" pos="36.11" speed="19.74" angle="299.59" x="92.70" y="125.83"/>
        <vehicle id="cfm-slow_5" eclass="HBEFA3/PC_G_EU4" CO2="87303.76" CO="1728.11" HC="10.04" NOx="40.53" PMx="2.24" fuel="37.53" electricity="0.00" noise="122.60" route="routetop" type="cfm-slow" waiting="0.00" lane="top_0" pos="4.78" speed="25.21" angle="265.93" x="53.32" y="131.48"/>
    </timestep>
    <timestep time="1.97">
        <vehicle id="cfm-fast_0" eclass="HBEFA3/PC_G_EU4" CO2="94712.84" CO="1885.35" HC="10.94" NOx="44.00" PMx="2.43" fuel="40.71" electricity="0.00" noise="125.16" route="routetop" type="cfm-fast" waiting="0.00" lane="top_1" pos="22.13" speed="26.42" angle="234.64" x="21.82" y="113.80"/>
        <vehicle id="cfm-fast_1" eclass="HBEFA3/PC_G_EU4" CO2="91812.43" CO="1825.55" HC="10.60" NOx="42.63" PMx="2.36" fuel="39.47" electricity="0.00" noise="123.34" route="routetop" type="cfm-fast" waiting="0.00" lane="top_0" pos="37.97" speed="26.40" angle="206.19" x="-0.07" y="89.03"/>
        <vehicle id="cfm-fast_2" eclass="HBEFA3/PC_G_EU4" CO2="95163.58" CO="1894.64" HC="10.99" NOx="44.21" PMx="2.45" fuel="40.91" electricity="0.00" noise="125.44" route="routetop" type="cfm-fast" waiting="0.00" lane="left_1" pos="3.80" speed="26.42" angle="177.68" x="-1.19" y="55.85"/>
        <vehicle id="cfm-fast_3" eclass="HBEFA3/PC_G_EU4" CO2="67730.15" CO="1327.79" HC="7.73" NOx="31.28" PMx="1.73" fuel="29.11" electricity="0.00" noise="108.53" route="routetop" type="cfm-fast" waiting="0.00" lane="left_0" pos="19.60" speed="25.93" angle="149.19" x="7.67" y="24.03"/>
        <vehicle id="cfm-fast_4" eclass="HBEFA3/PC_G_EU4" CO2="98765.17" CO="1969.00" HC="11.42" NOx="45.91" PMx="2.54" fuel="42.45" electricity="0.00" noise="127.65" route="routeleft" type="cfm-fast" waiting="0.00" lane="left_1" pos="35.50" speed="26.47" angle="120.66" x="34.93" y="5.02"/>
        <vehicle id="cfm-fast_5" eclass="HBEFA3/PC_G_EU4" CO2="22580.13" CO="389.09" HC="2.33" NOx="10.06" PMx="0.54" fuel="9.71" electricity="0.00" noise="80.32" route="routebottom" type="cfm-fast" waiting="0.00" lane="bottom_0" pos="0.42" speed="22.14" angle="93.72" x="64.65" y="-4.93"/>
        <vehicle id="cfm-slow_0" eclass="HBEFA3/PC_G_EU4" CO2="17850.53" CO="297.94" HC="1.79" NOx="7.94" PMx="0.41" fuel="7.67" electricity="0.00" noise="78.34" route="routebottom" type="cfm-slow" waiting="0.00" lane="bottom_0" pos="22.05" speed="17.17" angle="54.79" x="107.49" y="10.89"/>
        <vehicle id="cfm-slow_1" eclass="HBEFA3/PC_G_EU4" CO2="18248.65" CO="306.07" HC="1.84" NOx="8.13" PMx="0.43" fuel="7.84" electricity="0.00" noise="78.70" route="routebottom" type="cfm-slow" waiting="0.00" lane="bottom_0" pos="37.89" speed="17.19" angle="26.30" x="127.34" y="38.15"/>
        <vehicle id="cfm-slow_2" eclass="HBEFA3/PC_G_EU4" CO2="20100.22" CO="343.82" HC="2.06" NOx="9.00" PMx="0.47" fuel="8.64" electricity="0.00" noise="80.40" route="routebottom" type="cfm-slow" waiting="0.00" lane="right_0" pos="3.75" speed="17.30" angle="357.76" x="131.79" y="71.81"/>
        <vehicle id="cfm-slow_3" eclass="HBEFA3/PC_G_EU4" CO2="27009.47" CO="484.47" HC="2.87" NOx="12.25" PMx="0.65" fuel="11.61" electricity="0.00" noise="86.52" route="routebottom" type="cfm-slow" waiting="0.00" lane="right_0" pos="19.74" speed="17.84" angle="328.90" x="119.47" y="103.54"/>
        <vehicle id="cfm-slow_4" eclass="HBEFA3/PC_G_EU4" CO2="47282.80" CO="898.00" HC="5.26" NOx="21.77" PMx="1.18" fuel="20.32" electricity="0.00" noise="102.10" route="routeright" type="cfm-slow" waiting="0.00" lane="right_0" pos="36.31" speed="19.83" angle="299.20" x="92.31" y="126.00"/>
        <vehicle id="cfm-slow_5" eclass="HBEFA3/PC_G_EU4" CO2="87066.40" CO="1723.65" HC="10.01" NOx="40.41" PMx="2.23" fuel="37.43" electricity="0.00" noise="122.21" route="routetop" type="cfm-slow" waiting="0.00" lane="top_0" pos="5.03" speed="25.34" angle="265.41" x="52.78" y="131.41"/>
    </timestep>
    <timestep time="1.98">
        <vehicle id="cfm-fast_0" eclass="HBEFA3/PC_G_EU4" CO2="94373.18" CO="1878.93" HC="10.90" NOx="43.83" PMx="2.43" fuel="40.57" electricity="0.00" noise="124.70" route="routetop" type="cfm-fast" waiting="0.00" lane="top_1" pos="22.40" speed="26.55" angle="234.15" x="21.41" y="113.44"/>
        <vehicle id="cfm-fast_1" eclass="HBEFA3/PC_G_EU4" CO2="91227.70" CO="1814.06" HC="10.53" NOx="42.35" PMx="2.34" fuel="39.21" electricity="0.00" noise="122.75" route="routetop" type="cfm-fast" waiting="0.00" lane="top_0" pos="38.23" speed="26.52" angle="205.70" x="-0.29" y="88.50"/>
        <vehicle id="cfm-fast_2" eclass="HBEFA3/PC_G_EU4" CO2="94854.43" CO="1888.86" HC="10.96" NOx="44.06" PMx="2.44" fuel="40.77" electricity="0.00" noise="125.00" route="routetop" type="cfm-fast" waiting="0.00" lane="left_1" pos="4.07" speed="26.55" angle="177.21" x="-1.11" y="55.31"/>
        <vehicle id="cfm-fast_3" eclass="HBEFA3/PC_G_EU4" CO2="66795.00" CO="1308.90" HC="7.62" NOx="30.83" PMx="1.70" fuel="28.71" electricity="0.00" noise="107.81" route="routetop" type="cfm-fast" waiting="0.00" lane="left_0" pos="19.86" speed="26.02" angle="148.71" x="8.00" y="23.58"/>
        <vehicle id="cfm-fast_4" eclass="HBEFA3/PC_G_EU4" CO2="99289.00" CO="1980.40" HC="11.49" NOx="46.15" PMx="2.56" fuel="42.68" electricity="0.00" noise="127.72" route="routeleft" type="cfm-fast" waiting="0.00" lane="left_1" pos="35.77" speed="26.60" angle="120.17" x="35.41" y="4.77"/>
        <vehicle id="cfm-fast_5" eclass="HBEFA3/PC_G_EU4" CO2="22185.90" CO="381.00" HC="2.28" NOx="9.87" PMx="0.53" fuel="9.54" electricity="0.00" noise="80.03" route="routebottom" type="cfm-fast" waiting="0.00" lane="bottom_0" pos="0.64" speed="22.17" angle="93.32" x="65.13" y="-4.92"/>
        <vehicle id="cfm-slow_0" eclass="HBEFA3/PC_G_EU4" CO2="17751.14" CO="295.78" HC="1.78" NOx="7.90" PMx="0.41" fuel="7.63" electricity="0.00" noise="78.23" route="routebottom" type="cfm-slow" waiting="0.00" lane="bottom_0" pos="22.23" speed="17.20" angle="54.47" x="107.77" y="11.13"/>
        <vehicle id="cfm-slow_1" eclass="HBEFA3/PC_G_EU4" CO2="18163.37" CO="304.20" HC="1.83" NOx="8.09" PMx="0.42" fuel="7.81" electricity="0.00" noise="78.61" route="routebottom" type="cfm-slow" waiting="0.00" lane="bottom_0" pos="38.06" speed="17.22" angle="25.99" x="127.48" y="38.50"/>
        <vehicle id="cfm-slow_2" eclass="HBEFA3/PC_G_EU4" CO2="20063.47" CO="342.94" HC="2.05" NOx="8.98" PMx="0.47" fuel="8.62" electricity="0.00" noise="80.34" route="routebottom" type="cfm-slow" waiting="0.00" lane="right_0" pos="3.93" speed="17.34" angle="357.47" x="131.74" y="72.18"/>
        <vehicle id="cfm-slow_3" eclass="HBEFA3/PC_G_EU4" CO2="27093.15" CO="486.05" HC="2.88" NOx="12.29" PMx="0.66" fuel="11.65" electricity="0.00" noise="86.55" route="routebottom" type="cfm-slow" waiting="0.00" lane="right_0" pos="19.92" speed="17.89" angle="328.58" x="119.25" y="103.85"/>
        <vehicle id="cfm-slow_4" eclass="HBEFA3/PC_G_EU4" CO2="47533.37" CO="903.07" HC="5.29" NOx="21.88" PMx="1.19" fuel="20.43" electricity="0.00" noise="102.18" route="routeright" type="cfm-slow" waiting="0.00" lane="right_0" pos="36.51" speed="19.91" angle="298.82" x="91.92" y="126.17"/>
        <vehicle id="cfm-slow_5" eclass="HBEFA3/PC_G_EU4" CO2="86822.43" CO="1719.07" HC="9.99" NOx="40.29" PMx="2.23" fuel="37.32" electricity="0.00" noise="121.82" route="routetop" type="cfm-slow" waiting="0.00" lane="top_0" pos="5.29" speed="25.46" angle="264.96" x="52.24" y="131.31"/>
    </timestep>
    <timestep time="1.99">
        <vehicle id="cfm-fast_0" eclass="HBEFA3/PC_G_EU4" CO2="94029.29" CO="1872.44" HC="10.87" NOx="43.67" PMx="2.42" fuel="40.42" electricity="0.00" noise="124.25" route="routetop" type="cfm-fast" waiting="0.00" lane="top_1" pos="22.67" speed="26.68" angle="233.65" x="20.99" y="113.09"/>
        <vehicle id="cfm-fast_1" eclass="HBEFA3/PC_G_EU4" CO2="90633.98" CO="1802.40" HC="10.46" NOx="42.07" PMx="2.33" fuel="38.96" electricity="0.00" noise="122.15" route="routetop" type="cfm-fast" waiting="0.00" lane="top_0" pos="38.50" speed="26.65" angle="205.26" x="-0.50" y="87.97"/>
        <vehicle id="cfm-fast_2" eclass="HBEFA3/PC_G_EU4" CO2="94548.53" CO="1883.15" HC="10.93" NOx="43.91" PMx="2.43" fuel="40.64" electricity="0.00" noise="124.57" route="routetop" type="cfm-fast" waiting="0.00" lane="left_1" pos="4.33" speed="26.68" angle="176.72" x="-1.04" y="54.77"/>
        <vehicle id="cfm-fast_3" eclass="HBEFA3/PC_G_EU4" CO2="65860.43" CO="1290.03" HC="7.51" NOx="30.39" PMx="1.68" fuel="28.31" electricity="0.00" noise="107.09" route="routetop" type="cfm-fast" waiting="0.00" lane="left_0" pos="20.12" speed="26.11" angle="148.22" x="8.33" y="23.12"/>
        <vehicle id="cfm-fast_4" eclass="HBEFA3/PC_G_EU4" CO2="99813.11" CO="1991.82" HC="11.55" NOx="46.40" PMx="2.57" fuel="42.90" electricity="0.00" noise="127.78" route="routeleft" type="cfm-fast" waiting="0.00" lane="left_1" pos="36.04" speed="26.74" angle="119.73" x="35.91" y="4.54"/>
        <vehicle id="cfm-fast_5" eclass="HBEFA3/PC_G_EU4" CO2="21795.99" CO="373.00" HC="2.24" NOx="9.69" PMx="0.52" fuel="9.37" electricity="0.00" noise="79.74" route="routebottom" type="cfm-fast" waiting="0.00" lane="bottom_0" pos="0.86" speed="22.20" angle="92.92" x="65.61" y="-4.91"/>
        <vehicle id="cfm-slow_0" eclass="HBEFA3/PC_G_EU4" CO2="17652.32" CO="293.64" HC="1.77" NOx="7.85" PMx="0.41" fuel="7.59" electricity="0.00" noise="78.12" route="routebottom" type="cfm-slow" waiting="0.00" lane="bottom_0" pos="22.40" speed="17.24" angle="54.14" x="108.06" y="11.37"/>
        <vehicle id="cfm-slow_1" eclass="HBEFA3/PC_G_EU4" CO2="18078.99" CO="302.35" HC="1.82" NOx="8.05" PMx="0.42" fuel="7.77" electricity="0.00" noise="78.51" route="routebottom" type="cfm-slow" waiting="0.00" lane="bottom_0" pos="38.24" speed="17.26" angle="25.68" x="127.61" y="38.84"/>
        <vehicle id="cfm-slow_2" eclass="HBEFA3/PC_G_EU4" CO2="20028.27" CO="342.09" HC="2.05" NOx="8.97" PMx="0.47" fuel="8.61" electricity="0.00" noise="80.28" route="routebottom" type="cfm-slow" waiting="0.00" lane="right_0" pos="4.10" speed="17.38" angle="357.16" x="131.69" y="72.55"/>
        <vehicle id="cfm-slow_3" eclass="HBEFA3/PC_G_EU4" CO2="27178.62" CO="487.67" HC="2.89" NOx="12.33" PMx="0.66" fuel="11.68" electricity="0.00" noise="86.58" route="routebottom" type="cfm-slow" waiting="0.00" lane="right_0" pos="20.10" speed="17.94" angle="328.26" x="119.02" y="104.16"/>
        <vehicle id="cfm-slow_4" eclass="HBEFA3/PC_G_EU4" CO2="47780.76" CO="908.07" HC="5.32" NOx="22.00" PMx="1.20" fuel="20.54" electricity="0.00" noise="102.25" route="routeright" type="cfm-slow" waiting="0.00" lane="right_0" pos="36.71" speed="20.00" angle="298.43" x="91.53" y="126.35"/>
        <vehicle id="cfm-slow_5" eclass="HBEFA3/PC_G_EU4" CO2="86571.94" CO="1714.36" HC="9.96" NOx="40.17" PMx="2.22" fuel="37.21" electricity="0.00" noise="121.42" route="routetop" type="cfm-slow" waiting="0.00" lane="top_0" pos="5.54" speed="25.58" angle="264.48" x="51.70" y="131.21"/>
    </timestep>
    <timestep time="2.00">
        <vehicle id="cfm-fast_0" eclass="HBEFA3/PC_G_EU4" CO2="93681.42" CO="1865.87" HC="10.83" NOx="43.50" PMx="2.41" fuel="40.27" electricity="0.00" noise="123.80" route="routetop" type="cfm-fast" waiting="0.00" lane="top_1" pos="22.94" speed="26.80" angle="233.15" x="20.57" y="112.74"/>
        <vehicle id="cfm-fast_1" eclass="HBEFA3/PC_G_EU4" CO2="90031.57" CO="1790.57" HC="10.39" NOx="41.78" PMx="2.31" fuel="38.70" electricity="0.00" noise="121.56" route="routetop" type="cfm-fast" waiting="0.00" lane="top_0" pos="38.77" speed="26.77" angle="204.77" x="-0.69" y="87.42"/>
        <vehicle id="cfm-fast_2" eclass="HBEFA3/PC_G_EU4" CO2="94246.07" CO="1877.52" HC="10.89" NOx="43.77" PMx="2.42" fuel="40.51" electricity="0.00" noise="124.14" route="routetop" type="cfm-fast" waiting="0.00" lane="left_1" pos="4.60" speed="26.81" angle="176.23" x="-0.96" y="54.23"/>
        <vehicle id="cfm-fast_3" eclass="HBEFA3/PC_G_EU4" CO2="64926.73" CO="1271.18" HC="7.40" NOx="29.95" PMx="1.66" fuel="27.91" electricity="0.00" noise="106.38" route="routetop" type="cfm-fast" waiting="0.00" lane="left_0" pos="20.38" speed="26.20" angle="147.74" x="8.66" y="22.66"/>
        <vehicle id="cfm-fast_4" eclass="HBEFA3/PC_G_EU4" CO2="100337.52" CO="2003.26" HC="11.62" NOx="46.64" PMx="2.58" fuel="43.13" electricity="0.00" noise="127.85" route="routeleft" type="cfm-fast" waiting="0.00" lane="left_1" pos="36.31" speed="26.88" angle="119.21" x="36.41" y="4.31"/>
        <vehicle id="cfm-fast_5" eclass="HBEFA3/PC_G_EU4" CO2="21410.40" CO="365.09" HC="2.19" NOx="9.50" PMx="0.51" fuel="9.20" electricity="0.00" noise="79.46" route="routebottom" type="cfm-fast" waiting="0.00" lane="bottom_0" pos="1.08" speed="22.23" angle="92.51" x="66.09" y="-4.90"/>
        <vehicle id="cfm-slow_0" eclass="HBEFA3/PC_G_EU4" CO2="17554.08" CO="291.51" HC="1.76" NOx="7.80" PMx="0.41" fuel="7.55" electricity="0.00" noise="78.01" route="routebottom" type="cfm-slow" waiting="0.00" lane="bottom_0" pos="22.57" speed="17.27" angle="53.81" x="108.34" y="11.61"/>
        <vehicle id="cfm-slow_1" eclass="HBEFA3/PC_G_EU4" CO2="17995.52" CO="300.52" HC="1.81" NOx="8.01" PMx="0.42" fuel="7.74" electricity="0.00" noise="78.41" route="routebottom" type="cfm-slow" waiting="0.00" lane="bottom_0" pos="38.41" speed="17.29" angle="25.39" x="127.75" y="39.19"/>
        <vehicle id="cfm-slow_2" eclass="HBEFA3/PC_G_EU4" CO2="19994.62" CO="341.28" HC="2.05" NOx="8.95" PMx="0.47" fuel="8.59" electricity="0.00" noise="80.23" route="routebottom" type="cfm-slow" waiting="0.00" lane="right_0" pos="4.27" speed="17.42" angle="356.84" x="131.64" y="72.92"/>
        <vehicle id="cfm-slow_3" eclass="HBEFA3/PC_G_EU4" CO2="27265.84" CO="489.33" HC="2.90" NOx="12.37" PMx="0.66" fuel="11.72" electricity="0.00" noise="86.62" route="routebottom" type="cfm-slow" waiting="0.00" lane="right_0" pos="20.28" speed="17.99" angle="327.93" x="118.80" y="104.48"/>
        <vehicle id="cfm-slow_4" eclass="HBEFA3/PC_G_EU4" CO2="48024.97" CO="913.02" HC="5.35" NOx="22.11" PMx="1.20" fuel="20.64" electricity="0.00" noise="102.32" route="routeright" type="cfm-slow" waiting="0.00" lane="right_0" pos="36.91" speed="20.09" angle="298.04" x="91.13" y="126.53"/>
        <vehicle id="cfm-slow_5" eclass="HBEFA3/PC_G_EU4" CO2="86315.05" CO="1709.53" HC="9.93" NOx="40.05" PMx="2.21" fuel="37.10" electricity="0.00" noise="121.03" route="routetop" type="cfm-slow" waiting="0.00" lane="top_0" pos="5.80" speed="25.70" angle="264.00" x="51.16" y="131.11"/>
    </timestep>
    <timestep time="2.01">
        <vehicle id="cfm-fast_0" eclass="HBEFA3/PC_G_EU4" CO2="93329.82" CO="1859.24" HC="10.79" NOx="43.33" PMx="2.40" fuel="40.12" electricity="0.00" noise="123.35" route="routetop" type="cfm-fast" waiting="0.00" lane="top_1" pos="23.20" speed="26.93" angle="232.72" x="20.16" y="112.37"/>
        <vehicle id="cfm-fast_1" eclass="HBEFA3/PC_G_EU4" CO2="89420.72" CO="1778.56" HC="10.32" NOx="41.49" PMx="2.30" fuel="38.44" electricity="0.00" noise="120.97" route="routetop" type="cfm-fast" waiting="0.00" lane="top_0" pos="39.04" speed="26.89" angle="204.27" x="-0.89" y="86.88"/>
        <vehicle id="cfm-fast_2" eclass="HBEFA3/PC_G_EU4" CO2="93947.22" CO="1871.98" HC="10.86" NOx="43.62" PMx="2.42" fuel="40.38" electricity="0.00" noise="123.73" route="routetop" type="cfm-fast" waiting="0.00" lane="left_1" pos="4.87" speed="26.93" angle="175.74" x="-0.88" y="53.68"/>
        <vehicle id="cfm-fast_3" eclass="HBEFA3/PC_G_EU4" CO2="63994.20" CO="1252.35" HC="7.29" NOx="29.50" PMx="1.63" fuel="27.51" electricity="0.00" noise="105.68" route="routetop" type="cfm-fast" waiting="0.00" lane="left_0" pos="20.64" speed="26.29" angle="147.32" x="9.00" y="22.21"/>
        <vehicle id="cfm-fast_4" eclass="HBEFA3/PC_G_EU4" CO2="100862.22" CO="2014.72" HC="11.68" NOx="46.89" PMx="2.60" fuel="43.36" electricity="0.00" noise="127.91" route="routeleft" type="cfm-fast" waiting="0.00" lane="left_1" pos="36.58" speed="27.01" angle="118.70" x="36.92" y="4.09"/>
        <vehicle id="cfm-fast_5" eclass="HBEFA3/PC_G_EU4" CO2="21029.15" CO="357.26" HC="2.15" NOx="9.32" PMx="0.50" fuel="9.04" electricity="0.00" noise="79.19" route="routebottom" type="cfm-fast" waiting="0.00" lane="bottom_0" pos="1.30" speed="22.26" angle="92.13" x="66.57" y="-4.88"/>
        <vehicle id="cfm-slow_0" eclass="HBEFA3/PC_G_EU4" CO2="17456.42" CO="289.39" HC="1.75" NOx="7.75" PMx="0.40" fuel="7.50" electricity="0.00" noise="77.90" route="routebottom" type="cfm-slow" waiting="0.00" lane="bottom_0" pos="22.75" speed="17.30" angle="53.49" x="108.62" y="11.85"/>
        <vehicle id="cfm-slow_1" eclass="HBEFA3/PC_G_EU4" CO2="17912.98" CO="298.71" HC="1.80" NOx="7.97" PMx="0.42" fuel="7.70" electricity="0.00" noise="78.32" route="routebottom" type="cfm-slow" waiting="0.00" lane="bottom_0" pos="38.58" speed="17.32" angle="25.10" x="127.88" y="39.54"/>
        <vehicle id="cfm-slow_2" eclass="HBEFA3/PC_G_EU4" CO2="19962.54" CO="340.50" HC="2.04" NOx="8.93" PMx="0.47" fuel="8.58" electricity="0.00" noise="80.17" route="routebottom" type="cfm-slow" waiting="0.00" lane="right_0" pos="4.45" speed="17.45" angle="356.52" x="131.58" y="73.30"/>
        <vehicle id="cfm-slow_3" eclass="HBEFA3/PC_G_EU4" CO2="27354.76" CO="491.02" HC="2.91" NOx="12.41" PMx="0.66" fuel="11.76" electricity="0.00" noise="86.65" route="routebottom" type="cfm-slow" waiting="0.00" lane="right_0" pos="20.46" speed="18.04" angle="327.64" x="118.57" y="104.79"/>
        <vehicle id="cfm-slow_4" eclass="HBEFA3/PC_G_EU4" CO2="48265.95" CO="917.91" HC="5.38" NOx="22.22" PMx="1.21" fuel="20.75" electricity="0.00" noise="102.39" route="routeright" type="cfm-slow" waiting="0.00" lane="right_0" pos="37.11" speed="20.17" angle="297.67" x="90.74" y="126.70"/>
        <vehicle id="cfm-slow_5" eclass="HBEFA3/PC_G_EU4" CO2="86051.84" CO="1704.58" HC="9.90" NOx="39.92" PMx="2.21" fuel="36.99" electricity="0.00" noise="120.65" route="routetop" type="cfm-slow" waiting="0.00" lane="top_0" pos="6.06" speed="25.83" angle="263.52" x="50.61" y="131.01"/>
    </timestep>
    <timestep time="2.02">
        <vehicle id="cfm-fast_0" eclass="HBEFA3/PC_G_EU4" CO2="92974.73" CO="1852.53" HC="10.75" NOx="43.16" PMx="2.39" fuel="39.97" electricity="0.00" noise="122.91" route="routetop" type="cfm-fast" waiting="0.00" lane="top_1" pos="23.47" speed="27.05" angle="232.23" x="19.75" y="111.99"/>
        <vehicle id="cfm-fast_1" eclass="HBEFA3/PC_G_EU4" CO2="88801.70" CO="1766.40" HC="10.25" NOx="41.19" PMx="2.28" fuel="38.17" electricity="0.00" noise="120.38" route="routetop" type="cfm-fast" waiting="0.00" lane="top_0" pos="39.31" speed="27.01" angle="203.77" x="-1.09" y="86.33"/>
        <vehicle id="cfm-fast_2" eclass="HBEFA3/PC_G_EU4" CO2="93652.15" CO="1866.52" HC="10.83" NOx="43.48" PMx="2.41" fuel="40.26" electricity="0.00" noise="123.32" route="routetop" type="cfm-fast" waiting="0.00" lane="left_1" pos="5.14" speed="27.06" angle="175.27" x="-0.80" y="53.13"/>
        <vehicle id="cfm-fast_3" eclass="HBEFA3/PC_G_EU4" CO2="63063.11" CO="1233.55" HC="7.19" NOx="29.06" PMx="1.61" fuel="27.11" electricity="0.00" noise="104.99" route="routetop" type="cfm-fast" waiting="0.00" lane="left_0" pos="20.91" speed="26.37" angle="146.83" x="9.35" y="21.77"/>
        <vehicle id="cfm-fast_4" eclass="HBEFA3/PC_G_EU4" CO2="101387.22" CO="2026.20" HC="11.75" NOx="47.13" PMx="2.61" fuel="43.58" electricity="0.00" noise="127.98" route="routeleft" type="cfm-fast" waiting="0.00" lane="left_1" pos="36.85" speed="27.15" angle="118.18" x="37.42" y="3.86"/>
        <vehicle id="cfm-fast_5" eclass="HBEFA3/PC_G_EU4" CO2="20652.23" CO="349.53" HC="2.10" NOx="9.14" PMx="0.49" fuel="8.88" electricity="0.00" noise="78.91" route="routebottom" type="cfm-fast" waiting="0.00" lane="bottom_0" pos="1.53" speed="22.29" angle="91.73" x="67.04" y="-4.85"/>
        <vehicle id="cfm-slow_0" eclass="HBEFA3/PC_G_EU4" CO2="17359.35" CO="287.29" HC="1.73" NOx="7.71" PMx="0.40" fuel="7.46" electricity="0.00" noise="77.80" route="routebottom" type="cfm-slow" waiting="0.00" lane="bottom_0" pos="22.92" speed="17.33" angle="53.16" x="108.91" y="12.09"/>
        <vehicle id="cfm-slow_1" eclass="HBEFA3/PC_G_EU4" CO2="17831.36" CO="296.93" HC="1.79" NOx="7.93" PMx="0.41" fuel="7.66" electricity="0.00" noise="78.23" route="routebottom" type="cfm-slow" waiting="0.00" lane="bottom_0" pos="38.76" speed="17.36" angle="24.79" x="128.01" y="39.89"/>
        <vehicle id="cfm-slow_2" eclass="HBEFA3/PC_G_EU4" CO2="19932.02" CO="339.76" HC="2.04" NOx="8.92" PMx="0.47" fuel="8.57" electricity="0.00" noise="80.12" route="routebottom" type="cfm-slow" waiting="0.00" lane="right_0" pos="4.62" speed="17.49" angle="356.21" x="131.53" y="73.67"/>
        <vehicle id="cfm-slow_3" eclass="HBEFA3/PC_G_EU4" CO2="27445.35" CO="492.75" HC="2.92" NOx="12.45" PMx="0.67" fuel="11.80" electricity="0.00" noise="86.68" route="routebottom" type="cfm-slow" waiting="0.00" lane="right_0" pos="20.64" speed="18.10" angle="327.34" x="118.34" y="105.10"/>
        <vehicle id="cfm-slow_4" eclass="HBEFA3/PC_G_EU4" CO2="48503.70" CO="922.74" HC="5.40" NOx="22.33" PMx="1.22" fuel="20.85" electricity="0.00" noise="102.46" route="routeright" type="cfm-slow" waiting="0.00" lane="right_0" pos="37.31" speed="20.26" angle="297.35" x="90.33" y="126.87"/>
        <vehicle id="cfm-slow_5" eclass="HBEFA3/PC_G_EU4" CO2="85782.42" CO="1699.51" HC="9.87" NOx="39.79" PMx="2.20" fuel="36.87" electricity="0.00" noise="120.26" route="routetop" type="cfm-slow" waiting="0.00" lane="top_0" pos="6.32" speed="25.95" angle="263.07" x="50.06" y="130.91"/>
    </timestep>
    <timestep time="2.03">
        <vehicle id="cfm-fast_0" eclass="HBEFA3/PC_G_EU4" CO2="92616.38" CO="1845.77" HC="10.71" NOx="42.99" PMx="2.38" fuel="39.81" electricity="0.00" noise="122.47" route="routetop" type="cfm-fast" waiting="0.00" lane="top_1" pos="23.75" speed="27.18" angle="231.73" x="19.34" y="111.61"/>
        <vehicle id="cfm-fast_1" eclass="HBEFA3/PC_G_EU4" CO2="88174.80" CO="1754.07" HC="10.18" NOx="40.90" PMx="2.27" fuel="37.90" electricity="0.00" noise="119.80" route="routetop" type="cfm-fast" waiting="0.00" lane="top_0" pos="39.58" speed="27.13" angle="203.27" x="-1.28" y="85.78"/>
        <vehicle id="cfm-fast_2" eclass="HBEFA3/PC_G_EU4" CO2="93361.01" CO="1861.14" HC="10.80" NOx="43.34" PMx="2.40" fuel="40.13" electricity="0.00" noise="122.92" route="routetop" type="cfm-fast" waiting="0.00" lane="left_1" pos="5.41" speed="27.19" angle="174.76" x="-0.70" y="52.58"/>
        <vehicle id="cfm-fast_3" eclass="HBEFA3/PC_G_EU4" CO2="62133.74" CO="1214.78" HC="7.08" NOx="28.62" PMx="1.58" fuel="26.71" electricity="0.00" noise="104.30" route="routetop" type="cfm-fast" waiting="0.00" lane="left_0" pos="21.17" speed="26.46" angle="146.35" x="9.70" y="21.32"/>
        <vehicle id="cfm-fast_4" eclass="HBEFA3/PC_G_EU4" CO2="101912.50" CO="2037.71" HC="11.81" NOx="47.37" PMx="2.63" fuel="43.81" electricity="0.00" noise="128.04" route="routeleft" type="cfm-fast" waiting="0.00" lane="left_1" pos="37.12" speed="27.28" angle="117.69" x="37.94" y="3.63"/>
        <vehicle id="cfm-fast_5" eclass="HBEFA3/PC_G_EU4" CO2="20279.63" CO="341.89" HC="2.06" NOx="8.97" PMx="0.48" fuel="8.72" electricity="0.00" noise="78.65" route="routebottom" type="cfm-fast" waiting="0.00" lane="bottom_0" pos="1.75" speed="22.32" angle="91.33" x="67.52" y="-4.83"/>
        <vehicle id="cfm-slow_0" eclass="HBEFA3/PC_G_EU4" CO2="17262.88" CO="285.20" HC="1.72" NOx="7.66" PMx="0.40" fuel="7.42" electricity="0.00" noise="77.70" route="routebottom" type="cfm-slow" waiting="0.00" lane="bottom_0" pos="23.09" speed="17.37" angle="52.90" x="109.19" y="12.34"/>
        <vehicle id="cfm-slow_1" eclass="HBEFA3/PC_G_EU4" CO2="17750.69" CO="295.16" HC="1.78" NOx="7.89" PMx="0.41" fuel="7.63" electricity="0.00" noise="78.14" route="routebottom" type="cfm-slow" waiting="0.00" lane="bottom_0" pos="38.93" speed="17.39" angle="24.48" x="128.14" y="40.24"/>
        <vehicle id="cfm-slow_2" eclass="HBEFA3/PC_G_EU4" CO2="19903.06" CO="339.05" HC="2.03" NOx="8.90" PMx="0.47" fuel="8.56" electricity="0.00" noise="80.07" route="routebottom" type="cfm-slow" waiting="0.00" lane="right_0" pos="4.80" speed="17.53" angle="355.89" x="131.48" y="74.04"/>
        <vehicle id="cfm-slow_3" eclass="HBEFA3/PC_G_EU4" CO2="27537.57" CO="494.52" HC="2.93" NOx="12.49" PMx="0.67" fuel="11.84" electricity="0.00" noise="86.72" route="routebottom" type="cfm-slow" waiting="0.00" lane="right_0" pos="20.82" speed="18.15" angle="327.01" x="118.10" y="105.41"/>
        <vehicle id="cfm-slow_4" eclass="HBEFA3/PC_G_EU4" CO2="48738.19" CO="927.50" HC="5.43" NOx="22.44" PMx="1.22" fuel="20.95" electricity="0.00" noise="102.52" route="routeright" type="cfm-slow" waiting="0.00" lane="right_0" pos="37.52" speed="20.34" angle="296.98" x="89.93" y="127.03"/>
        <vehicle id="cfm-slow_5" eclass="HBEFA3/PC_G_EU4" CO2="85506.89" CO="1694.32" HC="9.84" NOx="39.66" PMx="2.19" fuel="36.76" electricity="0.00" noise="119.87" route="routetop" type="cfm-slow" waiting="0.00" lane="top_0" pos="6.58" speed="26.06" angle="262.60" x="49.52" y="130.79"/>
    </timestep>
    <timestep time="2.04">
        <vehicle id="cfm-fast_0" eclass="HBEFA3/PC_G_EU4" CO2="92255.01" CO="1838.96" HC="10.67" NOx="42.82" PMx="2.37" fuel="39.66" electricity="0.00" noise="122.04" route="routetop" type="cfm-fast" waiting="0.00" lane="top_1" pos="24.02" speed="27.30" angle="231.23" x="18.93" y="111.23"/>
        <vehicle id="cfm-fast_1" eclass="HBEFA3/PC_G_EU4" CO2="87540.26" CO="1741.59" HC="10.11" NOx="40.59" PMx="2.25" fuel="37.63" electricity="0.00" noise="119.22" route="routetop" type="cfm-fast" waiting="0.00" lane="top_0" pos="39.85" speed="27.24" angle="202.83" x="-1.47" y="85.23"/>
        <vehicle id="cfm-fast_2" eclass="HBEFA3/PC_G_EU4" CO2="93073.96" CO="1855.87" HC="10.77" NOx="43.20" PMx="2.39" fuel="40.01" electricity="0.00" noise="122.53" route="routetop" type="cfm-fast" waiting="0.00" lane="left_1" pos="5.69" speed="27.31" angle="174.24" x="-0.60" y="52.03"/>
        <vehicle id="cfm-fast_3" eclass="HBEFA3/PC_G_EU4" CO2="61206.36" CO="1196.05" HC="6.97" NOx="28.18" PMx="1.56" fuel="26.31" electricity="0.00" noise="103.62" route="routetop" type="cfm-fast" waiting="0.00" lane="left_0" pos="21.44" speed="26.54" angle="145.86" x="10.05" y="20.87"/>
        <vehicle id="cfm-fast_4" eclass="HBEFA3/PC_G_EU4" CO2="102438.08" CO="2049.24" HC="11.88" NOx="47.62" PMx="2.64" fuel="44.03" electricity="0.00" noise="128.11" route="routeleft" type="cfm-fast" waiting="0.00" lane="left_1" pos="37.39" speed="27.42" angle="117.21" x="38.46" y="3.42"/>
        <vehicle id="cfm-fast_5" eclass="HBEFA3/PC_G_EU4" CO2="19911.36" CO="334.33" HC="2.02" NOx="8.79" PMx="0.47" fuel="8.56" electricity="0.00" noise="78.39" route="routebottom" type="cfm-fast" waiting="0.00" lane="bottom_0" pos="1.97" speed="22.35" angle="90.93" x="68.00" y="-4.80"/>
        <vehicle id="cfm-slow_0" eclass="HBEFA3/PC_G_EU4" CO2="17167.02" CO="283.13" HC="1.71" NOx="7.61" PMx="0.40" fuel="7.38" electricity="0.00" noise="77.59" route="routebottom" type="cfm-slow" waiting="0.00" lane="bottom_0" pos="23.27" speed="17.40" angle="52.59" x="109.46" y="12.59"/>
        <vehicle id="cfm-slow_1" eclass="HBEFA3/PC_G_EU4" CO2="17670.97" CO="293.42" HC="1.77" NOx="7.85" PMx="0.41" fuel="7.60" electricity="0.00" noise="78.05" route="routebottom" type="cfm-slow" waiting="0.00" lane="bottom_0" pos="39.10" speed="17.42" angle="24.16" x="128.27" y="40.59"/>
        <vehicle id="cfm-slow_2" eclass="HBEFA3/PC_G_EU4" CO2="19875.69" CO="338.37" HC="2.03" NOx="8.89" PMx="0.47" fuel="8.54" electricity="0.00" noise="80.03" route="routebottom" type="cfm-slow" waiting="0.00" lane="right_0" pos="4.97" speed="17.57" angle="355.57" x="131.42" y="74.42"/>
        <vehicle id="cfm-slow_3" eclass="HBEFA3/PC_G_EU4" CO2="27631.38" CO="496.32" HC="2.94" NOx="12.53" PMx="0.67" fuel="11.88" electricity="0.00" noise="86.76" route="routebottom" type="cfm-slow" waiting="0.00" lane="right_0" pos="21.00" speed="18.20" angle="326.68" x="117.85" y="105.72"/>
        <vehicle id="cfm-slow_4" eclass="HBEFA3/PC_G_EU4" CO2="48969.39" CO="932.21" HC="5.46" NOx="22.55" PMx="1.23" fuel="21.05" electricity="0.00" noise="102.58" route="routeright" type="cfm-slow" waiting="0.00" lane="right_0" pos="37.72" speed="20.43" angle="296.62" x="89.52" y="127.20"/>
        <vehicle id="cfm-slow_5" eclass="HBEFA3/PC_G_EU4" CO2="85225.34" CO="1689.01" HC="9.81" NOx="39.53" PMx="2.19" fuel="36.63" electricity="0.00" noise="119.49" route="routetop" type="cfm-slow" waiting="0.00" lane="top_0" pos="6.84" speed="26.18" angle="262.11" x="48.97" y="130.67"/>
    </timestep>
    <timestep time="2.05">
        <vehicle id="cfm-fast_0" eclass="HBEFA3/PC_G_EU4" CO2="91890.83" CO="1832.09" HC="10.63" NOx="42.64" PMx="2.36" fuel="39.50" electricity="0.00" noise="121.61" route="routetop" type="cfm-fast" waiting="0.00" lane="top_1" pos="24.29" speed="27.42" angle="230.75" x="18.52" y="110.85"/>
        <vehicle id="cfm-fast_1" eclass="HBEFA3/PC_G_EU4" CO2="86898.35" CO="1728.97" HC="10.04" NOx="40.29" PMx="2.23" fuel="37.35" electricity="0.00" noise="118.64" route="routetop" type="cfm-fast" waiting="0.00" lane="top_0" pos="40.12" speed="27.36" angle="202.32" x="-1.65" y="84.67"/>
        <vehicle id="cfm-fast_2" eclass="HBEFA3/PC_G_EU4" CO2="92791.15" CO="1850.68" HC="10.74" NOx="43.07" PMx="2.39" fuel="39.89" electricity="0.00" noise="122.15" route="routetop" type="cfm-fast" waiting="0.00" lane="left_1" pos="5.96" speed="27.43" angle="173.73" x="-0.49" y="51.48"/>
        <vehicle id="cfm-fast_3" eclass="HBEFA3/PC_G_EU4" CO2="60281.21" CO="1177.36" HC="6.86" NOx="27.75" PMx="1.54" fuel="25.91" electricity="0.00" noise="102.95" route="routetop" type="cfm-fast" waiting="0.00" lane="left_0" pos="21.70" speed="26.62" angle="145.39" x="10.40" y="20.42"/>
        <vehicle id="cfm-fast_4" eclass="HBEFA3/PC_G_EU4" CO2="102963.95" CO="2060.78" HC="11.95" NOx="47.86" PMx="2.65" fuel="44.26" electricity="0.00" noise="128.17" route="routeleft" type="cfm-fast" waiting="0.00" lane="left_1" pos="37.67" speed="27.56" angle="116.70" x="38.98" y="3.21"/>
        <vehicle id="cfm-fast_5" eclass="HBEFA3/PC_G_EU4" CO2="19547.40" CO="326.87" HC="1.97" NOx="8.62" PMx="0.46" fuel="8.40" electricity="0.00" noise="78.14" route="routebottom" type="cfm-fast" waiting="0.00" lane="bottom_0" pos="2.20" speed="22.37" angle="90.53" x="68.48" y="-4.77"/>
        <vehicle id="cfm-slow_0" eclass="HBEFA3/PC_G_EU4" CO2="17071.78" CO="281.07" HC="1.70" NOx="7.57" PMx="0.39" fuel="7.34" electricity="0.00" noise="77.49" route="routebottom" type="cfm-slow" waiting="0.00" lane="bottom_0" pos="23.44" speed="17.43" angle="52.27" x="109.74" y="12.84"/>
        <vehicle id="cfm-slow_1" eclass="HBEFA3/PC_G_EU4" CO2="17592.21" CO="291.70" HC="1.76" NOx="7.81" PMx="0.41" fuel="7.56" electricity="0.00" noise="77.96" route="routebottom" type="cfm-slow" waiting="0.00" lane="bottom_0" pos="39.28" speed="17.46" angle="23.85" x="128.39" y="40.94"/>
        <vehicle id="cfm-slow_2" eclass="HBEFA3/PC_G_EU4" CO2="19849.88" CO="337.73" HC="2.03" NOx="8.88" PMx="0.47" fuel="8.53" electricity="0.00" noise="79.98" route="routebottom" type="cfm-slow" waiting="0.00" lane="right_0" pos="5.15" speed="17.60" angle="355.21" x="131.37" y="74.79"/>
        <vehicle id="cfm-slow_3" eclass="HBEFA3/PC_G_EU4" CO2="27726.75" CO="498.15" HC="2.95" NOx="12.58" PMx="0.67" fuel="11.92" electricity="0.00" noise="86.80" route="routebottom" type="cfm-slow" waiting="0.00" lane="right_0" pos="21.18" speed="18.25" angle="326.35" x="117.61" y="106.03"/>
        <vehicle id="cfm-slow_4" eclass="HBEFA3/PC_G_EU4" CO2="49197.28" CO="936.85" HC="5.49" NOx="22.65" PMx="1.23" fuel="21.15" electricity="0.00" noise="102.63" route="routeright" type="cfm-slow" waiting="0.00" lane="right_0" pos="37.93" speed="20.51" angle="296.25" x="89.11" y="127.36"/>
        <vehicle id="cfm-slow_5" eclass="HBEFA3/PC_G_EU4" CO2="84937.88" CO="1683.59" HC="9.78" NOx="39.39" PMx="2.18" fuel="36.51" electricity="0.00" noise="119.11" route="routetop" type="cfm-slow" waiting="0.00" lane="top_0" pos="7.11" speed="26.30" angle="261.62" x="48.41" y="130.55"/>
    </timestep>
    <timestep time="2.06">
        <vehicle id="cfm-fast_0" eclass="HBEFA3/PC_G_EU4" CO2="91524.09" CO="1825.18" HC="10.59" NOx="42.47" PMx="2.36" fuel="39.34" electricity="0.00" noise="121.19" route="routetop" type="cfm-fast" waiting="0.00" lane="top_1" pos="24.57" speed="27.54" angle="230.29" x="18.11" y="110.46"/>
        <vehicle id="cfm-fast_1" eclass="HBEFA3/PC_G_EU4" CO2="86249.33" CO="1716.20" HC="9.96" NOx="39.98" PMx="2.22" fuel="37.07" electricity="0.00" noise="118.07" route="routetop" type="cfm-fast" waiting="0.00" lane="top_0" pos="40.40" speed="27.47" angle="201.81" x="-1.82" y="84.10"/>
        <vehicle id="cfm-fast_2" eclass="HBEFA3/PC_G_EU4" CO2="92512.71" CO="1845.59" HC="10.71" NOx="42.93" PMx="2.38" fuel="39.77" electricity="0.00" noise="121.78" route="routetop" type="cfm-fast" waiting="0.00" lane="left_1" pos="6.24" speed="27.55" angle="173.21" x="-0.39" y="50.92"/>
        <vehicle id="cfm-fast_3" eclass="HBEFA3/PC_G_EU4" CO2="59358.54" CO="1158.73" HC="6.75" NOx="27.31" PMx="1.51" fuel="25.52" electricity="0.00" noise="102.29" route="routetop" type="cfm-fast" waiting="0.00" lane="left_0" pos="21.97" speed="26.70" angle="144.93" x="10.77" y="19.98"/>
        <vehicle id="cfm-fast_4" eclass="HBEFA3/PC_G_EU4" CO2="103490.11" CO="2072.36" HC="12.01" NOx="48.11" PMx="2.67" fuel="44.49" electricity="0.00" noise="128.24" route="routeleft" type="cfm-fast" waiting="0.00" lane="left_1" pos="37.95" speed="27.69" angle="116.18" x="39.51" y="3.00"/>
        <vehicle id="cfm-fast_5" eclass="HBEFA3/PC_G_EU4" CO2="19187.75" CO="319.49" HC="1.93" NOx="8.45" PMx="0.45" fuel="8.25" electricity="0.00" noise="77.89" route="routebottom" type="cfm-fast" waiting="0.00" lane="bottom_0" pos="2.42" speed="22.40" angle="90.13" x="68.96" y="-4.74"/>
        <vehicle id="cfm-slow_0" eclass="HBEFA3/PC_G_EU4" CO2="16977.16" CO="279.02" HC="1.69" NOx="7.52" PMx="0.39" fuel="7.30" electricity="0.00" noise="77.39" route="routebottom" type="cfm-slow" waiting="0.00" lane="bottom_0" pos="23.61" speed="17.46" angle="51.96" x="110.02" y="13.10"/>
        <vehicle id="cfm-slow_1" eclass="HBEFA3/PC_G_EU4" CO2="17514.42" CO="289.99" HC="1.75" NOx="7.78" PMx="0.41" fuel="7.53" electricity="0.00" noise="77.88" route="routebottom" type="cfm-slow" waiting="0.00" lane="bottom_0" pos="39.45" speed="17.49" angle="23.53" x="128.52" y="41.30"/>
        <vehicle id="cfm-slow_2" eclass="HBEFA3/PC_G_EU4" CO2="19825.65" CO="337.12" HC="2.02" NOx="8.86" PMx="0.47" fuel="8.52" electricity="0.00" noise="79.94" route="routebottom" type="cfm-slow" waiting="0.00" lane="right_0" pos="5.33" speed="17.64" angle="354.88" x="131.30" y="75.16"/>
        <vehicle id="cfm-slow_3" eclass="HBEFA3/PC_G_EU4" CO2="27823.62" CO="500.02" HC="2.96" NOx="12.62" PMx="0.68" fuel="11.96" electricity="0.00" noise="86.84" route="routebottom" type="cfm-slow" waiting="0.00" lane="right_0" pos="21.37" speed="18.31" angle="326.01" x="117.37" y="106.34"/>
        <vehicle id="cfm-slow_4" eclass="HBEFA3/PC_G_EU4" CO2="49421.85" CO="941.43" HC="5.51" NOx="22.76" PMx="1.24" fuel="21.24" electricity="0.00" noise="102.69" route="routeright" type="cfm-slow" waiting="0.00" lane="right_0" pos="38.13" speed="20.60" angle="295.87" x="88.70" y="127.53"/>
        <vehicle id="cfm-slow_5" eclass="HBEFA3/PC_G_EU4" CO2="84644.60" CO="1678.06" HC="9.75" NOx="39.25" PMx="2.17" fuel="36.38" electricity="0.00" noise="118.73" route="routetop" type="cfm-slow" waiting="0.00" lane="top_0" pos="7.37" speed="26.42" angle="261.12" x="47.86" y="130.42"/>
    </timestep>
    <timestep time="2.07">
        <vehicle id="cfm-fast_0" eclass="HBEFA3/PC_G_EU4" CO2="91154.99" CO="1818.22" HC="10.55" NOx="42.29" PMx="2.35" fuel="39.18" electricity="0.00" noise="120.77" route="routetop" type="cfm-fast" waiting="0.00" lane="top_1" pos="24.85" speed="27.66" angle="229.79" x="17.71" y="110.06"/>
        <vehicle id="cfm-fast_1" eclass="HBEFA3/PC_G_EU4" CO2="85593.45" CO="1703.29" HC="9.89" NOx="39.67" PMx="2.20" fuel="36.79" electricity="0.00" noise="117.50" route="routetop" type="cfm-fast" waiting="0.00" lane="top_0" pos="40.67" speed="27.58" angle="201.29" x="-2.00" y="83.53"/>
        <vehicle id="cfm-fast_2" eclass="HBEFA3/PC_G_EU4" CO2="92238.77" CO="1840.61" HC="10.68" NOx="42.80" PMx="2.37" fuel="39.65" electricity="0.00" noise="121.41" route="routetop" type="cfm-fast" waiting="0.00" lane="left_1" pos="6.51" speed="27.67" angle="172.76" x="-0.28" y="50.37"/>
        <vehicle id="cfm-fast_3" eclass="HBEFA3/PC_G_EU4" CO2="58438.59" CO="1140.15" HC="6.65" NOx="26.87" PMx="1.49" fuel="25.12" electricity="0.00" noise="101.63" route="routetop" type="cfm-fast" waiting="0.00" lane="left_0" pos="22.24" speed="26.77" angle="144.43" x="11.14" y="19.54"/>
        <vehicle id="cfm-fast_4" eclass="HBEFA3/PC_G_EU4" CO2="104016.56" CO="2083.95" HC="12.08" NOx="48.36" PMx="2.68" fuel="44.71" electricity="0.00" noise="128.30" route="routeleft" type="cfm-fast" waiting="0.00" lane="left_1" pos="38.22" speed="27.83" angle="115.66" x="40.04" y="2.79"/>
        <vehicle id="cfm-fast_5" eclass="HBEFA3/PC_G_EU4" CO2="18832.41" CO="312.20" HC="1.89" NOx="8.28" PMx="0.44" fuel="8.10" electricity="0.00" noise="77.64" route="routebottom" type="cfm-fast" waiting="0.00" lane="bottom_0" pos="2.65" speed="22.43" angle="89.75" x="69.45" y="-4.70"/>
        <vehicle id="cfm-slow_0" eclass="HBEFA3/PC_G_EU4" CO2="16883.16" CO="276.99" HC="1.68" NOx="7.48" PMx="0.39" fuel="7.26" electricity="0.00" noise="77.29" route="routebottom" type="cfm-slow" waiting="0.00" lane="bottom_0" pos="23.79" speed="17.49" angle="51.64" x="110.29" y="13.35"/>
        <vehicle id="cfm-slow_1" eclass="HBEFA3/PC_G_EU4" CO2="17437.62" CO="288.32" HC="1.74" NOx="7.74" PMx="0.40" fuel="7.50" electricity="0.00" noise="77.79" route="routebottom" type="cfm-slow" waiting="0.00" lane="bottom_0" pos="39.63" speed="17.52" angle="23.22" x="128.65" y="41.65"/>
        <vehicle id="cfm-slow_2" eclass="HBEFA3/PC_G_EU4" CO2="19803.01" CO="336.55" HC="2.02" NOx="8.85" PMx="0.47" fuel="8.51" electricity="0.00" noise="79.90" route="routebottom" type="cfm-slow" waiting="0.00" lane="right_0" pos="5.50" speed="17.68" angle="354.55" x="131.23" y="75.54"/>
        <vehicle id="cfm-slow_3" eclass="HBEFA3/PC_G_EU4" CO2="27921.97" CO="501.92" HC="2.97" NOx="12.67" PMx="0.68" fuel="12.00" electricity="0.00" noise="86.88" route="routebottom" type="cfm-slow" waiting="0.00" lane="right_0" pos="21.55" speed="18.36" angle="325.68" x="117.12" y="106.65"/>
        <vehicle id="cfm-slow_4" eclass="HBEFA3/PC_G_EU4" CO2="49643.06" CO="945.95" HC="5.54" NOx="22.86" PMx="1.25" fuel="21.34" electricity="0.00" noise="102.74" route="routeright" type="cfm-slow" waiting="0.00" lane="right_0" pos="38.34" speed="20.69" angle="295.50" x="88.29" y="127.69"/>
        <vehicle id="cfm-slow_5" eclass="HBEFA3/PC_G_EU4" CO2="84345.59" CO="1672.41" HC="9.71" NOx="39.10" PMx="2.16" fuel="36.26" electricity="0.00" noise="118.35" route="routetop" type="cfm-slow" waiting="0.00" lane="top_0" pos="7.63" speed="26.53" angle="260.68" x="47.30" y="130.29"/>
    </timestep>
    <timestep time="2.08">
        <vehicle id="cfm-fast_0" eclass="HBEFA3/PC_G_EU4" CO2="90783.75" CO="1811.23" HC="10.51" NOx="42.11" PMx="2.34" fuel="39.02" electricity="0.00" noise="120.36" route="routetop" type="cfm-fast" waiting="0.00" lane="top_1" pos="25.12" speed="27.78" angle="229.29" x="17.31" y="109.65"/>
        <vehicle id="cfm-fast_1" eclass="HBEFA3/PC_G_EU4" CO2="84930.96" CO="1690.25" HC="9.81" NOx="39.35" PMx="2.18" fuel="36.51" electricity="0.00" noise="116.93" route="routetop" type="cfm-fast" waiting="0.00" lane="top_0" pos="40.95" speed="27.69" angle="200.79" x="-2.17" y="82.97"/>
        <vehicle id="cfm-fast_2" eclass="HBEFA3/PC_G_EU4" CO2="91969.46" CO="1835.72" HC="10.65" NOx="42.67" PMx="2.37" fuel="39.53" electricity="0.00" noise="121.05" route="routetop" type="cfm-fast" waiting="0.00" lane="left_1" pos="6.79" speed="27.79" angle="172.24" x="-0.15" y="49.81"/>
        <vehicle id="cfm-fast_3" eclass="HBEFA3/PC_G_EU4" CO2="57521.59" CO="1121.63" HC="6.54" NOx="26.44" PMx="1.47" fuel="24.73" electricity="0.00" noise="100.99" route="routetop" type="cfm-fast" waiting="0.00" lane="left_0" pos="22.51" speed="26.85" angle="143.93" x="11.52" y="19.10"/>
        <vehicle id="cfm-fast_4" eclass="HBEFA3/PC_G_EU4" CO2="104543.31" CO="2095.56" HC="12.14" NOx="48.60" PMx="2.70" fuel="44.94" electricity="0.00" noise="128.37" route="routeleft" type="cfm-fast" waiting="0.00" lane="left_1" pos="38.50" speed="27.97" angle="115.19" x="40.57" y="2.58"/>
        <vehicle id="cfm-fast_5" eclass="HBEFA3/PC_G_EU4" CO2="18481.36" CO="305.00" HC="1.85" NOx="8.12" PMx="0.44" fuel="7.94" electricity="0.00" noise="77.41" route="routebottom" type="cfm-fast" waiting="0.00" lane="bottom_0" pos="2.87" speed="22.45" angle="89.35" x="69.93" y="-4.65"/>
        <vehicle id="cfm-slow_0" eclass="HBEFA3/PC_G_EU4" CO2="16789.81" CO="274.98" HC="1.66" NOx="7.43" PMx="0.39" fuel="7.22" electricity="0.00" noise="77.20" route="routebottom" type="cfm-slow" waiting="0.00" lane="bottom_0" pos="23.97" speed="17.52" angle="51.33" x="110.57" y="13.61"/>
        <vehicle id="cfm-slow_1" eclass="HBEFA3/PC_G_EU4" CO2="17361.81" CO="286.66" HC="1.73" NOx="7.70" PMx="0.40" fuel="7.46" electricity="0.00" noise="77.71" route="routebottom" type="cfm-slow" waiting="0.00" lane="bottom_0" pos="39.81" speed="17.55" angle="22.96" x="128.77" y="42.01"/>
        <vehicle id="cfm-slow_2" eclass="HBEFA3/PC_G_EU4" CO2="19781.94" CO="336.01" HC="2.02" NOx="8.84" PMx="0.47" fuel="8.50" electricity="0.00" noise="79.86" route="routebottom" type="cfm-slow" waiting="0.00" lane="right_0" pos="5.68" speed="17.72" angle="354.22" x="131.16" y="75.91"/>
        <vehicle id="cfm-slow_3" eclass="HBEFA3/PC_G_EU4" CO2="28021.76" CO="503.86" HC="2.99" NOx="12.71" PMx="0.68" fuel="12.05" electricity="0.00" noise="86.92" route="routebottom" type="cfm-slow" waiting="0.00" lane="right_0" pos="21.73" speed="18.41" angle="325.38" x="116.88" y="106.96"/>
        <vehicle id="cfm-slow_4" eclass="HBEFA3/PC_G_EU4" CO2="49860.91" CO="950.41" HC="5.56" NOx="22.96" PMx="1.25" fuel="21.43" electricity="0.00" noise="102.78" route="routeright" type="cfm-slow" waiting="0.00" lane="right_0" pos="38.55" speed="20.77" angle="295.17" x="87.87" y="127.85"/>
        <vehicle id="cfm-slow_5" eclass="HBEFA3/PC_G_EU4" CO2="84040.95" CO="1666.66" HC="9.68" NOx="38.96" PMx="2.16" fuel="36.12" electricity="0.00" noise="117.97" route="routetop" type="cfm-slow" waiting="0.00" lane="top_0" pos="7.90" speed="26.65" angle="260.20" x="46.75" y="130.15"/>
    </timestep>
    <timestep time="2.09">
        <vehicle id="cfm-fast_0" eclass="HBEFA3/PC_G_EU4" CO2="90410.58" CO="1804.20" HC="10.47" NOx="41.93" PMx="2.33" fuel="38.86" electricity="0.00" noise="119.95" route="routetop" type="cfm-fast" waiting="0.00" lane="top_1" pos="25.40" speed="27.90" angle="228.79" x="16.90" y="109.25"/>
        <vehicle id="cfm-fast_1" eclass="HBEFA3/PC_G_EU4" CO2="84262.11" CO="1677.09" HC="9.73" NOx="39.03" PMx="2.17" fuel="36.22" electricity="0.00" noise="116.36" route="routetop" type="cfm-fast" waiting="0.00" lane="top_0" pos="41.23" speed="27.80" angle="200.32" x="-2.33" y="82.39"/>
        <vehicle id="cfm-fast_2" eclass="HBEFA3/PC_G_EU4" CO2="91704.89" CO="1830.94" HC="10.62" NOx="42.54" PMx="2.36" fuel="39.42" electricity="0.00" noise="120.70" route="routetop" type="cfm-fast" waiting="0.00" lane="left_1" pos="7.07" speed="27.91" angle="171.73" x="-0.03" y="49.25"/>
        <vehicle id="cfm-fast_3" eclass="HBEFA3/PC_G_EU4" CO2="56607.75" CO="1103.16" HC="6.43" NOx="26.00" PMx="1.44" fuel="24.33" electricity="0.00" noise="100.34" route="routetop" type="cfm-fast" waiting="0.00" lane="left_0" pos="22.78" speed="26.92" angle="143.43" x="11.89" y="18.65"/>
        <vehicle id="cfm-fast_4" eclass="HBEFA3/PC_G_EU4" CO2="105070.35" CO="2107.20" HC="12.21" NOx="48.85" PMx="2.71" fuel="45.16" electricity="0.00" noise="128.43" route="routeleft" type="cfm-fast" waiting="0.00" lane="left_1" pos="38.79" speed="28.10" angle="114.67" x="41.11" y="2.38"/>
        <vehicle id="cfm-fast_5" eclass="HBEFA3/PC_G_EU4" CO2="18134.60" CO="297.89" HC="1.81" NOx="7.95" PMx="0.43" fuel="7.80" electricity="0.00" noise="77.17" route="routebottom" type="cfm-fast" waiting="0.00" lane="bottom_0" pos="3.09" speed="22.48" angle="88.94" x="70.41" y="-4.61"/>
        <vehicle id="cfm-slow_0" eclass="HBEFA3/PC_G_EU4" CO2="16697.10" CO="272.98" HC="1.65" NOx="7.39" PMx="0.38" fuel="7.18" electricity="0.00" noise="77.10" route="routebottom" type="cfm-slow" waiting="0.00" lane="bottom_0" pos="24.14" speed="17.55" angle="51.01" x="110.85" y="13.87"/>
        <vehicle id="cfm-slow_1" eclass="HBEFA3/PC_G_EU4" CO2="17286.99" CO="285.02" HC="1.72" NOx="7.67" PMx="0.40" fuel="7.43" electricity="0.00" noise="77.63" route="routebottom" type="cfm-slow" waiting="0.00" lane="bottom_0" pos="39.98" speed="17.58" angle="22.62" x="128.89" y="42.37"/>
        <vehicle id="cfm-slow_2" eclass="HBEFA3/PC_G_EU4" CO2="19762.45" CO="335.50" HC="2.01" NOx="8.83" PMx="0.46" fuel="8.49" electricity="0.00" noise="79.82" route="routebottom" type="cfm-slow" waiting="0.00" lane="right_0" pos="5.86" speed="17.75" angle="353.88" x="131.09" y="76.29"/>
        <vehicle id="cfm-slow_3" eclass="HBEFA3/PC_G_EU4" CO2="28122.94" CO="505.82" HC="3.00" NOx="12.76" PMx="0.68" fuel="12.09" electricity="0.00" noise="86.97" route="routebottom" type="cfm-slow" waiting="0.00" lane="right_0" pos="21.92" speed="18.46" angle="325.05" x="116.63" y="107.27"/>
        <vehicle id="cfm-slow_4" eclass="HBEFA3/PC_G_EU4" CO2="50075.36" CO="954.80" HC="5.59" NOx="23.06" PMx="1.26" fuel="21.52" electricity="0.00" noise="102.83" route="routeright" type="cfm-slow" waiting="0.00" lane="right_0" pos="38.75" speed="20.86" angle="294.80" x="87.45" y="128.01"/>
        <vehicle id="cfm-slow_5" eclass="HBEFA3/PC_G_EU4" CO2="83730.77" CO="1660.80" HC="9.65" NOx="38.81" PMx="2.15" fuel="35.99" electricity="0.00" noise="117.60" route="routetop" type="cfm-slow" waiting="0.00" lane="top_0" pos="8.17" speed="26.76" angle="259.71" x="46.19" y="130.00"/>
    </timestep>
    <timestep time="2.10">
        <vehicle id="cfm-fast_0" eclass="HBEFA3/PC_G_EU4" CO2="90035.68" CO="1797.14" HC="10.42" NOx="41.75" PMx="2.32" fuel="38.70" electricity="0.00" noise="119.54" route="routetop" type="cfm-fast" waiting="0.00" lane="top_1" pos="25.68" speed="28.01" angle="228.34" x="16.50" y="108.84"/>
        <vehicle id="cfm-fast_1" eclass="HBEFA3/PC_G_EU4" CO2="83587.14" CO="1663.79" HC="9.66" NOx="38.71" PMx="2.15" fuel="35.93" electricity="0.00" noise="115.80" route="routetop" type="cfm-fast" waiting="0.00" lane="top_0" pos="41.51" speed="27.91" angle="199.81" x="-2.49" y="81.81"/>
        <vehicle id="cfm-fast_2" eclass="HBEFA3/PC_G_EU4" CO2="91445.18" CO="1826.27" HC="10.59" NOx="42.42" PMx="2.35" fuel="39.31" electricity="0.00" noise="120.36" route="routetop" type="cfm-fast" waiting="0.00" lane="left_1" pos="7.35" speed="28.03" angle="171.21" x="0.10" y="48.69"/>
        <vehicle id="cfm-fast_3" eclass="HBEFA3/PC_G_EU4" CO2="55697.29" CO="1084.77" HC="6.33" NOx="25.57" PMx="1.42" fuel="23.94" electricity="0.00" noise="99.71" route="routetop" type="cfm-fast" waiting="0.00" lane="left_0" pos="23.05" speed="26.99" angle="142.98" x="12.27" y="18.21"/>
        <vehicle id="cfm-fast_4" eclass="HBEFA3/PC_G_EU4" CO2="105597.67" CO="2118.85" HC="12.28" NOx="49.09" PMx="2.73" fuel="45.39" electricity="0.00" noise="128.50" route="routeleft" type="cfm-fast" waiting="0.00" lane="left_1" pos="39.07" speed="28.24" angle="114.15" x="41.66" y="2.19"/>
        <vehicle id="cfm-fast_5" eclass="HBEFA3/PC_G_EU4" CO2="17792.11" CO="290.86" HC="1.76" NOx="7.79" PMx="0.42" fuel="7.65" electricity="0.00" noise="76.95" route="routebottom" type="cfm-fast" waiting="0.00" lane="bottom_0" pos="3.32" speed="22.50" angle="88.54" x="70.89" y="-4.56"/>
        <vehicle id="cfm-slow_0" eclass="HBEFA3/PC_G_EU4" CO2="16605.03" CO="270.99" HC="1.64" NOx="7.35" PMx="0.38" fuel="7.14" electricity="0.00" noise="77.01" route="routebottom" type="cfm-slow" waiting="0.00" lane="bottom_0" pos="24.32" speed="17.58" angle="50.73" x="111.13" y="14.12"/>
        <vehicle id="cfm-slow_1" eclass="HBEFA3/PC_G_EU4" CO2="17213.19" CO="283.41" HC="1.71" NOx="7.63" PMx="0.40" fuel="7.40" electricity="0.00" noise="77.55" route="routebottom" type="cfm-slow" waiting="0.00" lane="bottom_0" pos="40.16" speed="17.62" angle="22.28" x="129.00" y="42.73"/>
        <vehicle id="cfm-slow_2" eclass="HBEFA3/PC_G_EU4" CO2="19744.53" CO="335.03" HC="2.01" NOx="8.82" PMx="0.46" fuel="8.49" electricity="0.00" noise="79.78" route="routebottom" type="cfm-slow" waiting="0.00" lane="right_0" pos="6.04" speed="17.79" angle="353.55" x="131.02" y="76.66"/>
        <vehicle id="cfm-slow_3" eclass="HBEFA3/PC_G_EU4" CO2="28225.48" CO="507.82" HC="3.01" NOx="12.81" PMx="0.69" fuel="12.13" electricity="0.00" noise="87.01" route="routebottom" type="cfm-slow" waiting="0.00" lane="right_0" pos="22.10" speed="18.51" angle="324.70" x="116.37" y="107.57"/>
        <vehicle id="cfm-slow_4" eclass="HBEFA3/PC_G_EU4" CO2="50286.39" CO="959.12" HC="5.61" NOx="23.16" PMx="1.26" fuel="21.62" electricity="0.00" noise="102.87" route="routeright" type="cfm-slow" waiting="0.00" lane="right_0" pos="38.96" speed="20.94" angle="294.42" x="87.02" y="128.16"/>
        <vehicle id="cfm-slow_5" eclass="HBEFA3/PC_G_EU4" CO2="83415.14" CO="1654.83" HC="9.61" NOx="38.66" PMx="2.14" fuel="35.86" electricity="0.00" noise="117.23" route="routetop" type="cfm-slow" waiting="0.00" lane="top_0" pos="8.44" speed="26.87" angle="259.22" x="45.63" y="129.85"/>
    </timestep>
    <timestep time="2.11">
        <vehicle id="cfm-fast_0" eclass="HBEFA3/PC_G_EU4" CO2="89659.27" CO="1790.06" HC="10.38" NOx="41.57" PMx="2.31" fuel="38.54" electricity="0.00" noise="119.14" route="routetop" type="cfm-fast" waiting="0.00" lane="top_1" pos="25.96" speed="28.13" angle="227.82" x="16.11" y="108.42"/>
        <vehicle id="cfm-fast_1" eclass="HBEFA3/PC_G_EU4" CO2="82906.29" CO="1650.38" HC="9.58" NOx="38.39" PMx="2.13" fuel="35.64" electricity="0.00" noise="115.24" route="routetop" type="cfm-fast" waiting="0.00" lane="top_0" pos="41.79" speed="28.02" angle="199.29" x="-2.65" y="81.23"/>
        <vehicle id="cfm-fast_2" eclass="HBEFA3/PC_G_EU4" CO2="91190.42" CO="1821.70" HC="10.57" NOx="42.30" PMx="2.35" fuel="39.20" electricity="0.00" noise="120.02" route="routetop" type="cfm-fast" waiting="0.00" lane="left_1" pos="7.63" speed="28.15" angle="170.73" x="0.23" y="48.13"/>
        <vehicle id="cfm-fast_3" eclass="HBEFA3/PC_G_EU4" CO2="54790.42" CO="1066.45" HC="6.22" NOx="25.14" PMx="1.39" fuel="23.55" electricity="0.00" noise="99.08" route="routetop" type="cfm-fast" waiting="0.00" lane="left_0" pos="23.32" speed="27.07" angle="142.50" x="12.66" y="17.78"/>
        <vehicle id="cfm-fast_4" eclass="HBEFA3/PC_G_EU4" CO2="106125.30" CO="2130.53" HC="12.34" NOx="49.34" PMx="2.74" fuel="45.62" electricity="0.00" noise="128.56" route="routeleft" type="cfm-fast" waiting="0.00" lane="left_1" pos="39.35" speed="28.38" angle="113.63" x="42.21" y="1.99"/>
        <vehicle id="cfm-fast_5" eclass="HBEFA3/PC_G_EU4" CO2="17453.87" CO="283.93" HC="1.72" NOx="7.63" PMx="0.41" fuel="7.50" electricity="0.00" noise="76.72" route="routebottom" type="cfm-fast" waiting="0.00" lane="bottom_0" pos="3.55" speed="22.52" angle="88.13" x="71.37" y="-4.51"/>
        <vehicle id="cfm-slow_0" eclass="HBEFA3/PC_G_EU4" CO2="16513.63" CO="269.02" HC="1.63" NOx="7.30" PMx="0.38" fuel="7.10" electricity="0.00" noise="76.91" route="routebottom" type="cfm-slow" waiting="0.00" lane="bottom_0" pos="24.49" speed="17.61" angle="50.42" x="111.40" y="14.39"/>
        <vehicle id="cfm-slow_1" eclass="HBEFA3/PC_G_EU4" CO2="17140.40" CO="281.82" HC="1.70" NOx="7.60" PMx="0.40" fuel="7.37" electricity="0.00" noise="77.47" route="routebottom" type="cfm-slow" waiting="0.00" lane="bottom_0" pos="40.33" speed="17.65" angle="21.95" x="129.11" y="43.10"/>
        <vehicle id="cfm-slow_2" eclass="HBEFA3/PC_G_EU4" CO2="19728.20" CO="334.59" HC="2.01" NOx="8.81" PMx="0.46" fuel="8.48" electricity="0.00" noise="79.75" route="routebottom" type="cfm-slow" waiting="0.00" lane="right_0" pos="6.21" speed="17.82" angle="353.22" x="130.95" y="77.04"/>
        <vehicle id="cfm-slow_3" eclass="HBEFA3/PC_G_EU4" CO2="28329.35" CO="509.84" HC="3.02" NOx="12.85" PMx="0.69" fuel="12.18" electricity="0.00" noise="87.06" route="routebottom" type="cfm-slow" waiting="0.00" lane="right_0" pos="22.29" speed="18.57" angle="324.35" x="116.11" y="107.87"/>
        <vehicle id="cfm-slow_4" eclass="HBEFA3/PC_G_EU4" CO2="50494.00" CO="963.39" HC="5.64" NOx="23.25" PMx="1.27" fuel="21.70" electricity="0.00" noise="102.91" route="routeright" type="cfm-slow" waiting="0.00" lane="right_0" pos="39.17" speed="21.03" angle="294.04" x="86.60" y="128.32"/>
        <vehicle id="cfm-slow_5" eclass="HBEFA3/PC_G_EU4" CO2="83094.14" CO="1648.76" HC="9.58" NOx="38.50" PMx="2.13" fuel="35.72" electricity="0.00" noise="116.85" route="routetop" type="cfm-slow" waiting="0.00" lane="top_0" pos="8.71" speed="26.98" angle="258.73" x="45.07" y="129.70"/>
    </timestep>
    <timestep time="2.12">
        <vehicle id="cfm-fast_0" eclass="HBEFA3/PC_G_EU4" CO2="89281.53" CO="1782.95" HC="10.34" NOx="41.39" PMx="2.30" fuel="38.38" electricity="0.00" noise="118.74" route="routetop" type="cfm-fast" waiting="0.00" lane="top_1" pos="26.25" speed="28.24" angle="227.30" x="15.71" y="107.99"/>
        <vehicle id="cfm-fast_1" eclass="HBEFA3/PC_G_EU4" CO2="82219.80" CO="1636.86" HC="9.50" NOx="38.06" PMx="2.11" fuel="35.34" electricity="0.00" noise="114.68" route="routetop" type="cfm-fast" waiting="0.00" lane="top_0" pos="42.07" speed="28.12" angle="198.77" x="-2.80" y="80.64"/>
        <vehicle id="cfm-fast_2" eclass="HBEFA3/PC_G_EU4" CO2="90940.73" CO="1817.25" HC="10.54" NOx="42.18" PMx="2.34" fuel="39.09" electricity="0.00" noise="119.70" route="routetop" type="cfm-fast" waiting="0.00" lane="left_1" pos="7.92" speed="28.27" angle="170.22" x="0.37" y="47.57"/>
        <vehicle id="cfm-fast_3" eclass="HBEFA3/PC_G_EU4" CO2="53887.32" CO="1048.20" HC="6.11" NOx="24.72" PMx="1.37" fuel="23.16" electricity="0.00" noise="98.46" route="routetop" type="cfm-fast" waiting="0.00" lane="left_0" pos="23.59" speed="27.14" angle="142.01" x="13.05" y="17.35"/>
        <vehicle id="cfm-fast_4" eclass="HBEFA3/PC_G_EU4" CO2="106653.21" CO="2142.23" HC="12.41" NOx="49.58" PMx="2.75" fuel="45.84" electricity="0.00" noise="128.63" route="routeleft" type="cfm-fast" waiting="0.00" lane="left_1" pos="39.64" speed="28.51" angle="113.12" x="42.76" y="1.79"/>
        <vehicle id="cfm-fast_5" eclass="HBEFA3/PC_G_EU4" CO2="17119.89" CO="277.08" HC="1.69" NOx="7.47" PMx="0.40" fuel="7.36" electricity="0.00" noise="76.51" route="routebottom" type="cfm-fast" waiting="0.00" lane="bottom_0" pos="3.77" speed="22.55" angle="87.73" x="71.85" y="-4.46"/>
        <vehicle id="cfm-slow_0" eclass="HBEFA3/PC_G_EU4" CO2="16422.89" CO="267.06" HC="1.62" NOx="7.26" PMx="0.38" fuel="7.06" electricity="0.00" noise="76.82" route="routebottom" type="cfm-slow" waiting="0.00" lane="bottom_0" pos="24.67" speed="17.64" angle="50.10" x="111.67" y="14.66"/>
        <vehicle id="cfm-slow_1" eclass="HBEFA3/PC_G_EU4" CO2="17068.63" CO="280.25" HC="1.70" NOx="7.56" PMx="0.39" fuel="7.34" electricity="0.00" noise="77.39" route="routebottom" type="cfm-slow" waiting="0.00" lane="bottom_0" pos="40.51" speed="17.68" angle="21.61" x="129.22" y="43.46"/>
        <vehicle id="cfm-slow_2" eclass="HBEFA3/PC_G_EU4" CO2="19713.45" CO="334.19" HC="2.01" NOx="8.81" PMx="0.46" fuel="8.47" electricity="0.00" noise="79.72" route="routebottom" type="cfm-slow" waiting="0.00" lane="right_0" pos="6.39" speed="17.86" angle="352.95" x="130.88" y="77.42"/>
        <vehicle id="cfm-slow_3" eclass="HBEFA3/PC_G_EU4" CO2="28434.49" CO="511.89" HC="3.03" NOx="12.90" PMx="0.69" fuel="12.22" electricity="0.00" noise="87.10" route="routebottom" type="cfm-slow" waiting="0.00" lane="right_0" pos="22.48" speed="18.62" angle="323.99" x="115.85" y="108.18"/>
        <vehicle id="cfm-slow_4" eclass="HBEFA3/PC_G_EU4" CO2="50698.15" CO="967.58" HC="5.66" NOx="23.35" PMx="1.27" fuel="21.79" electricity="0.00" noise="102.94" route="routeright" type="cfm-slow" waiting="0.00" lane="right_0" pos="39.39" speed="21.12" angle="293.66" x="86.17" y="128.47"/>
        <vehicle id="cfm-slow_5" eclass="HBEFA3/PC_G_EU4" CO2="82767.88" CO="1642.59" HC="9.54" NOx="38.35" PMx="2.13" fuel="35.58" electricity="0.00" noise="116.48" route="routetop" type="cfm-slow" waiting="0.00" lane="top_0" pos="8.98" speed="27.09" angle="258.29" x="44.51" y="129.55"/>
    </timestep>
    <timestep time="2.13">
        <vehicle id="cfm-fast_0" eclass="HBEFA3/PC_G_EU4" CO2="88902.67" CO="1775.83" HC="10.30" NOx="41.21" PMx="2.29" fuel="38.21" electricity="0.00" noise="118.35" route="routetop" type="cfm-fast" waiting="0.00" lane="top_1" pos="26.53" speed="28.36" angle="226.77" x="15.32" y="107.57"/>
        <vehicle id="cfm-fast_1" eclass="HBEFA3/PC_G_EU4" CO2="81527.90" CO="1623.22" HC="9.42" NOx="37.74" PMx="2.10" fuel="35.04" electricity="0.00" noise="114.13" route="routetop" type="cfm-fast" waiting="0.00" lane="top_0" pos="42.35" speed="28.23" angle="198.31" x="-2.96" y="80.06"/>
        <vehicle id="cfm-fast_2" eclass="HBEFA3/PC_G_EU4" CO2="90696.19" CO="1812.90" HC="10.51" NOx="42.06" PMx="2.34" fuel="38.99" electricity="0.00" noise="119.38" route="routetop" type="cfm-fast" waiting="0.00" lane="left_1" pos="8.20" speed="28.38" angle="169.69" x="0.52" y="47.01"/>
        <vehicle id="cfm-fast_3" eclass="HBEFA3/PC_G_EU4" CO2="52988.20" CO="1030.03" HC="6.01" NOx="24.29" PMx="1.35" fuel="22.78" electricity="0.00" noise="97.85" route="routetop" type="cfm-fast" waiting="0.00" lane="left_0" pos="23.86" speed="27.20" angle="141.52" x="13.45" y="16.92"/>
        <vehicle id="cfm-fast_4" eclass="HBEFA3/PC_G_EU4" CO2="107181.41" CO="2153.95" HC="12.48" NOx="49.83" PMx="2.77" fuel="46.07" electricity="0.00" noise="128.69" route="routeleft" type="cfm-fast" waiting="0.00" lane="left_1" pos="39.92" speed="28.65" angle="112.64" x="43.31" y="1.61"/>
        <vehicle id="cfm-fast_5" eclass="HBEFA3/PC_G_EU4" CO2="16790.14" CO="270.31" HC="1.65" NOx="7.31" PMx="0.39" fuel="7.22" electricity="0.00" noise="76.30" route="routebottom" type="cfm-fast" waiting="0.00" lane="bottom_0" pos="4.00" speed="22.57" angle="87.34" x="72.33" y="-4.39"/>
        <vehicle id="cfm-slow_0" eclass="HBEFA3/PC_G_EU4" CO2="16332.82" CO="265.12" HC="1.61" NOx="7.21" PMx="0.38" fuel="7.02" electricity="0.00" noise="76.73" route="routebottom" type="cfm-slow" waiting="0.00" lane="bottom_0" pos="24.85" speed="17.67" angle="49.77" x="111.93" y="14.92"/>
        <vehicle id="cfm-slow_1" eclass="HBEFA3/PC_G_EU4" CO2="16997.90" CO="278.71" HC="1.69" NOx="7.53" PMx="0.39" fuel="7.31" electricity="0.00" noise="77.32" route="routebottom" type="cfm-slow" waiting="0.00" lane="bottom_0" pos="40.69" speed="17.71" angle="21.27" x="129.34" y="43.82"/>
        <vehicle id="cfm-slow_2" eclass="HBEFA3/PC_G_EU4" CO2="19700.27" CO="333.82" HC="2.00" NOx="8.80" PMx="0.46" fuel="8.47" electricity="0.00" noise="79.68" route="routebottom" type="cfm-slow" waiting="0.00" lane="right_0" pos="6.57" speed="17.90" angle="352.61" x="130.80" y="77.80"/>
        <vehicle id="cfm-slow_3" eclass="HBEFA3/PC_G_EU4" CO2="28540.88" CO="513.97" HC="3.05" NOx="12.95" PMx="0.69" fuel="12.27" electricity="0.00" noise="87.15" route="routebottom" type="cfm-slow" waiting="0.00" lane="right_0" pos="22.66" speed="18.67" angle="323.64" x="115.59" y="108.49"/>
        <vehicle id="cfm-slow_4" eclass="HBEFA3/PC_G_EU4" CO2="50898.83" CO="971.72" HC="5.69" NOx="23.44" PMx="1.28" fuel="21.88" electricity="0.00" noise="102.98" route="routeright" type="cfm-slow" waiting="0.00" lane="right_0" pos="39.60" speed="21.20" angle="293.27" x="85.74" y="128.63"/>
        <vehicle id="cfm-slow_5" eclass="HBEFA3/PC_G_EU4" CO2="82436.44" CO="1636.31" HC="9.50" NOx="38.19" PMx="2.12" fuel="35.44" electricity="0.00" noise="116.12" route="routetop" type="cfm-slow" waiting="0.00" lane="top_0" pos="9.25" speed="27.20" angle="257.80" x="43.95" y="129.38"/>
    </timestep>
    <timestep time="2.14">
        <vehicle id="cfm-fast_0" eclass="HBEFA3/PC_G_EU4" CO2="88522.86" CO="1768.69" HC="10.26" NOx="41.03" PMx="2.28" fuel="38.05" electricity="0.00" noise="117.96" route="routetop" type="cfm-fast" waiting="0.00" lane="top_1" pos="26.81" speed="28.47" angle="226.25" x="14.92" y="107.14"/>
        <vehicle id="cfm-fast_1" eclass="HBEFA3/PC_G_EU4" CO2="80830.82" CO="1609.48" HC="9.34" NOx="37.40" PMx="2.08" fuel="34.75" electricity="0.00" noise="113.58" route="routetop" type="cfm-fast" waiting="0.00" lane="top_0" pos="42.63" speed="28.33" angle="197.80" x="-3.09" y="79.46"/>
        <vehicle id="cfm-fast_2" eclass="HBEFA3/PC_G_EU4" CO2="90456.89" CO="1808.68" HC="10.49" NOx="41.94" PMx="2.33" fuel="38.88" electricity="0.00" noise="119.06" route="routetop" type="cfm-fast" waiting="0.00" lane="left_1" pos="8.48" speed="28.50" angle="169.16" x="0.67" y="46.44"/>
        <vehicle id="cfm-fast_3" eclass="HBEFA3/PC_G_EU4" CO2="52093.24" CO="1011.94" HC="5.91" NOx="23.87" PMx="1.32" fuel="22.39" electricity="0.00" noise="97.24" route="routetop" type="cfm-fast" waiting="0.00" lane="left_0" pos="24.13" speed="27.27" angle="141.03" x="13.85" y="16.49"/>
        <vehicle id="cfm-fast_4" eclass="HBEFA3/PC_G_EU4" CO2="107709.91" CO="2165.69" HC="12.54" NOx="50.08" PMx="2.78" fuel="46.30" electricity="0.00" noise="128.76" route="routeleft" type="cfm-fast" waiting="0.00" lane="left_1" pos="40.21" speed="28.78" angle="112.11" x="43.88" y="1.43"/>
        <vehicle id="cfm-fast_5" eclass="HBEFA3/PC_G_EU4" CO2="16464.60" CO="263.64" HC="1.61" NOx="7.16" PMx="0.38" fuel="7.08" electricity="0.00" noise="76.09" route="routebottom" type="cfm-fast" waiting="0.00" lane="bottom_0" pos="4.22" speed="22.59" angle="86.93" x="72.82" y="-4.33"/>
        <vehicle id="cfm-slow_0" eclass="HBEFA3/PC_G_EU4" CO2="16243.42" CO="263.20" HC="1.60" NOx="7.17" PMx="0.37" fuel="6.98" electricity="0.00" noise="76.64" route="routebottom" type="cfm-slow" waiting="0.00" lane="bottom_0" pos="25.02" speed="17.70" angle="49.44" x="112.20" y="15.19"/>
        <vehicle id="cfm-slow_1" eclass="HBEFA3/PC_G_EU4" CO2="16928.20" CO="277.18" HC="1.68" NOx="7.49" PMx="0.39" fuel="7.28" electricity="0.00" noise="77.24" route="routebottom" type="cfm-slow" waiting="0.00" lane="bottom_0" pos="40.86" speed="17.74" angle="20.93" x="129.45" y="44.19"/>
        <vehicle id="cfm-slow_2" eclass="HBEFA3/PC_G_EU4" CO2="19688.66" CO="333.48" HC="2.00" NOx="8.79" PMx="0.46" fuel="8.46" electricity="0.00" noise="79.66" route="routebottom" type="cfm-slow" waiting="0.00" lane="right_0" pos="6.75" speed="17.93" angle="352.28" x="130.71" y="78.17"/>
        <vehicle id="cfm-slow_3" eclass="HBEFA3/PC_G_EU4" CO2="28648.48" CO="516.08" HC="3.06" NOx="13.00" PMx="0.70" fuel="12.31" electricity="0.00" noise="87.20" route="routebottom" type="cfm-slow" waiting="0.00" lane="right_0" pos="22.85" speed="18.73" angle="323.28" x="115.33" y="108.79"/>
        <vehicle id="cfm-slow_4" eclass="HBEFA3/PC_G_EU4" CO2="51096.02" CO="975.78" HC="5.71" NOx="23.53" PMx="1.29" fuel="21.96" electricity="0.00" noise="103.01" route="routeright" type="cfm-slow" waiting="0.00" lane="right_0" pos="39.81" speed="21.29" angle="292.95" x="85.31" y="128.78"/>
        <vehicle id="cfm-slow_5" eclass="HBEFA3/PC_G_EU4" CO2="82099.90" CO="1629.93" HC="9.47" NOx="38.03" PMx="2.11" fuel="35.29" electricity="0.00" noise="115.75" route="routetop" type="cfm-slow" waiting="0.00" lane="top_0" pos="9.52" speed="27.31" angle="257.30" x="43.39" y="129.20"/>
    </timestep>
    <timestep time="2.15">
        <vehicle id="cfm-fast_0" eclass="HBEFA3/PC_G_EU4" CO2="88142.30" CO="1761.54" HC="10.22" NOx="40.85" PMx="2.27" fuel="37.89" electricity="0.00" noise="117.57" route="routetop" type="cfm-fast" waiting="0.00" lane="top_1" pos="27.10" speed="28.58" angle="225.76" x="14.54" y="106.70"/>
        <vehicle id="cfm-fast_1" eclass="HBEFA3/PC_G_EU4" CO2="80128.80" CO="1595.63" HC="9.26" NOx="37.07" PMx="2.06" fuel="34.44" electricity="0.00" noise="113.03" route="routetop" type="cfm-fast" waiting="0.00" lane="top_0" pos="42.92" speed="28.43" angle="197.29" x="-3.23" y="78.87"/>
        <vehicle id="cfm-fast_2" eclass="HBEFA3/PC_G_EU4" CO2="90222.92" CO="1804.56" HC="10.46" NOx="41.83" PMx="2.33" fuel="38.78" electricity="0.00" noise="118.76" route="routetop" type="cfm-fast" waiting="0.00" lane="left_1" pos="8.77" speed="28.61" angle="168.63" x="0.83" y="45.88"/>
        <vehicle id="cfm-fast_3" eclass="HBEFA3/PC_G_EU4" CO2="51202.60" CO="993.94" HC="5.80" NOx="23.45" PMx="1.30" fuel="22.01" electricity="0.00" noise="96.64" route="routetop" type="cfm-fast" waiting="0.00" lane="left_0" pos="24.41" speed="27.33" angle="140.60" x="14.25" y="16.06"/>
        <vehicle id="cfm-fast_4" eclass="HBEFA3/PC_G_EU4" CO2="108238.70" CO="2177.46" HC="12.61" NOx="50.32" PMx="2.80" fuel="46.53" electricity="0.00" noise="128.82" route="routeleft" type="cfm-fast" waiting="0.00" lane="left_1" pos="40.50" speed="28.92" angle="111.57" x="44.44" y="1.26"/>
        <vehicle id="cfm-fast_5" eclass="HBEFA3/PC_G_EU4" CO2="16143.26" CO="257.05" HC="1.57" NOx="7.01" PMx="0.37" fuel="6.94" electricity="0.00" noise="75.89" route="routebottom" type="cfm-fast" waiting="0.00" lane="bottom_0" pos="4.45" speed="22.61" angle="86.52" x="73.30" y="-4.26"/>
        <vehicle id="cfm-slow_0" eclass="HBEFA3/PC_G_EU4" CO2="16154.71" CO="261.29" HC="1.59" NOx="7.13" PMx="0.37" fuel="6.94" electricity="0.00" noise="76.55" route="routebottom" type="cfm-slow" waiting="0.00" lane="bottom_0" pos="25.20" speed="17.73" angle="49.11" x="112.47" y="15.46"/>
        <vehicle id="cfm-slow_1" eclass="HBEFA3/PC_G_EU4" CO2="16859.56" CO="275.68" HC="1.67" NOx="7.46" PMx="0.39" fuel="7.25" electricity="0.00" noise="77.17" route="routebottom" type="cfm-slow" waiting="0.00" lane="bottom_0" pos="41.04" speed="17.77" angle="20.66" x="129.56" y="44.55"/>
        <vehicle id="cfm-slow_2" eclass="HBEFA3/PC_G_EU4" CO2="19678.62" CO="333.18" HC="2.00" NOx="8.79" PMx="0.46" fuel="8.46" electricity="0.00" noise="79.63" route="routebottom" type="cfm-slow" waiting="0.00" lane="right_0" pos="6.93" speed="17.97" angle="351.94" x="130.63" y="78.55"/>
        <vehicle id="cfm-slow_3" eclass="HBEFA3/PC_G_EU4" CO2="28757.25" CO="518.21" HC="3.07" NOx="13.05" PMx="0.70" fuel="12.36" electricity="0.00" noise="87.25" route="routebottom" type="cfm-slow" waiting="0.00" lane="right_0" pos="23.04" speed="18.78" angle="322.99" x="115.07" y="109.10"/>
        <vehicle id="cfm-slow_4" eclass="HBEFA3/PC_G_EU4" CO2="51289.70" CO="979.78" HC="5.73" NOx="23.62" PMx="1.29" fuel="22.05" electricity="0.00" noise="103.04" route="routeright" type="cfm-slow" waiting="0.00" lane="right_0" pos="40.02" speed="21.37" angle="292.54" x="84.87" y="128.91"/>
        <vehicle id="cfm-slow_5" eclass="HBEFA3/PC_G_EU4" CO2="81758.36" CO="1623.46" HC="9.43" NOx="37.86" PMx="2.10" fuel="35.14" electricity="0.00" noise="115.38" route="routetop" type="cfm-slow" waiting="0.00" lane="top_0" pos="9.80" speed="27.42" angle="256.81" x="42.83" y="129.03"/>
    </timestep>
    <timestep time="2.16">
        <vehicle id="cfm-fast_0" eclass="HBEFA3/PC_G_EU4" CO2="87761.17" CO="1754.38" HC="10.17" NOx="40.67" PMx="2.26" fuel="37.72" electricity="0.00" noise="117.19" route="routetop" type="cfm-fast" waiting="0.00" lane="top_1" pos="27.39" speed="28.69" angle="225.21" x="14.16" y="106.25"/>
        <vehicle id="cfm-fast_1" eclass="HBEFA3/PC_G_EU4" CO2="79422.05" CO="1581.69" HC="9.18" NOx="36.73" PMx="2.04" fuel="34.14" electricity="0.00" noise="112.49" route="routetop" type="cfm-fast" waiting="0.00" lane="top_0" pos="43.20" speed="28.53" angle="196.78" x="-3.37" y="78.27"/>
        <vehicle id="cfm-fast_2" eclass="HBEFA3/PC_G_EU4" CO2="89994.35" CO="1800.57" HC="10.44" NOx="41.72" PMx="2.32" fuel="38.68" electricity="0.00" noise="118.46" route="routetop" type="cfm-fast" waiting="0.00" lane="left_1" pos="9.06" speed="28.72" angle="168.16" x="0.99" y="45.31"/>
        <vehicle id="cfm-fast_3" eclass="HBEFA3/PC_G_EU4" CO2="50316.47" CO="976.02" HC="5.70" NOx="23.03" PMx="1.28" fuel="21.63" electricity="0.00" noise="96.05" route="routetop" type="cfm-fast" waiting="0.00" lane="left_0" pos="24.68" speed="27.40" angle="140.09" x="14.67" y="15.64"/>
        <vehicle id="cfm-fast_4" eclass="HBEFA3/PC_G_EU4" CO2="108767.78" CO="2189.24" HC="12.68" NOx="50.57" PMx="2.81" fuel="46.75" electricity="0.00" noise="128.89" route="routeleft" type="cfm-fast" waiting="0.00" lane="left_1" pos="40.79" speed="29.06" angle="111.03" x="45.01" y="1.08"/>
        <vehicle id="cfm-fast_5" eclass="HBEFA3/PC_G_EU4" CO2="15826.11" CO="250.54" HC="1.53" NOx="6.86" PMx="0.37" fuel="6.80" electricity="0.00" noise="75.69" route="routebottom" type="cfm-fast" waiting="0.00" lane="bottom_0" pos="4.67" speed="22.63" angle="86.11" x="73.78" y="-4.19"/>
        <vehicle id="cfm-slow_0" eclass="HBEFA3/PC_G_EU4" CO2="16066.68" CO="259.39" HC="1.58" NOx="7.09" PMx="0.37" fuel="6.91" electricity="0.00" noise="76.47" route="routebottom" type="cfm-slow" waiting="0.00" lane="bottom_0" pos="25.38" speed="17.76" angle="48.78" x="112.74" y="15.73"/>
        <vehicle id="cfm-slow_1" eclass="HBEFA3/PC_G_EU4" CO2="16791.97" CO="274.21" HC="1.66" NOx="7.43" PMx="0.39" fuel="7.22" electricity="0.00" noise="77.10" route="routebottom" type="cfm-slow" waiting="0.00" lane="bottom_0" pos="41.22" speed="17.80" angle="20.34" x="129.66" y="44.92"/>
        <vehicle id="cfm-slow_2" eclass="HBEFA3/PC_G_EU4" CO2="19670.15" CO="332.91" HC="2.00" NOx="8.78" PMx="0.46" fuel="8.46" electricity="0.00" noise="79.60" route="routebottom" type="cfm-slow" waiting="0.00" lane="right_0" pos="7.11" speed="18.01" angle="351.60" x="130.54" y="78.93"/>
        <vehicle id="cfm-slow_3" eclass="HBEFA3/PC_G_EU4" CO2="28867.16" CO="520.37" HC="3.08" NOx="13.10" PMx="0.70" fuel="12.41" electricity="0.00" noise="87.30" route="routebottom" type="cfm-slow" waiting="0.00" lane="right_0" pos="23.23" speed="18.83" angle="322.67" x="114.80" y="109.40"/>
        <vehicle id="cfm-slow_4" eclass="HBEFA3/PC_G_EU4" CO2="51479.85" CO="983.72" HC="5.76" NOx="23.71" PMx="1.30" fuel="22.13" electricity="0.00" noise="103.06" route="routeright" type="cfm-slow" waiting="0.00" lane="right_0" pos="40.24" speed="21.46" angle="292.13" x="84.43" y="129.05"/>
        <vehicle id="cfm-slow_5" eclass="HBEFA3/PC_G_EU4" CO2="81411.90" CO="1616.89" HC="9.39" NOx="37.70" PMx="2.09" fuel="34.99" electricity="0.00" noise="115.02" route="routetop" type="cfm-slow" waiting="0.00" lane="top_0" pos="10.07" speed="27.52" angle="256.31" x="42.26" y="128.85"/>
    </timestep>
    <timestep time="2.17">
        <vehicle id="cfm-fast_0" eclass="HBEFA3/PC_G_EU4" CO2="87379.65" CO="1747.22" HC="10.13" NOx="40.48" PMx="2.25" fuel="37.56" electricity="0.00" noise="116.82" route="routetop" type="cfm-fast" waiting="0.00" lane="top_1" pos="27.68" speed="28.80" angle="224.66" x="13.78" y="105.80"/>
        <vehicle id="cfm-fast_1" eclass="HBEFA3/PC_G_EU4" CO2="78710.80" CO="1567.66" HC="9.10" NOx="36.40" PMx="2.02" fuel="33.83" electricity="0.00" noise="111.94" route="routetop" type="cfm-fast" waiting="0.00" lane="top_0" pos="43.49" speed="28.63" angle="196.28" x="-3.50" y="77.67"/>
        <vehicle id="cfm-fast_2" eclass="HBEFA3/PC_G_EU4" CO2="89771.26" CO="1796.69" HC="10.42" NOx="41.61" PMx="2.31" fuel="38.59" electricity="0.00" noise="118.17" route="routetop" type="cfm-fast" waiting="0.00" lane="left_1" pos="9.35" speed="28.83" angle="167.63" x="1.16" y="44.75"/>
        <vehicle id="cfm-fast_3" eclass="HBEFA3/PC_G_EU4" CO2="49435.00" CO="958.20" HC="5.59" NOx="22.61" PMx="1.26" fuel="21.25" electricity="0.00" noise="95.47" route="routetop" type="cfm-fast" waiting="0.00" lane="left_0" pos="24.95" speed="27.46" angle="139.59" x="15.08" y="15.23"/>
        <vehicle id="cfm-fast_4" eclass="HBEFA3/PC_G_EU4" CO2="109297.15" CO="2201.05" HC="12.74" NOx="50.82" PMx="2.83" fuel="46.98" electricity="0.00" noise="128.95" route="routeleft" type="cfm-fast" waiting="0.00" lane="left_1" pos="41.08" speed="29.19" angle="110.55" x="45.59" y="0.90"/>
        <vehicle id="cfm-fast_5" eclass="HBEFA3/PC_G_EU4" CO2="15513.12" CO="244.12" HC="1.50" NOx="6.71" PMx="0.36" fuel="6.67" electricity="0.00" noise="75.50" route="routebottom" type="cfm-fast" waiting="0.00" lane="bottom_0" pos="4.90" speed="22.65" angle="85.70" x="74.26" y="-4.13"/>
        <vehicle id="cfm-slow_0" eclass="HBEFA3/PC_G_EU4" CO2="15979.35" CO="257.52" HC="1.56" NOx="7.04" PMx="0.37" fuel="6.87" electricity="0.00" noise="76.38" route="routebottom" type="cfm-slow" waiting="0.00" lane="bottom_0" pos="25.56" speed="17.79" angle="48.47" x="113.01" y="16.00"/>
        <vehicle id="cfm-slow_1" eclass="HBEFA3/PC_G_EU4" CO2="16725.44" CO="272.76" HC="1.65" NOx="7.40" PMx="0.39" fuel="7.19" electricity="0.00" noise="77.03" route="routebottom" type="cfm-slow" waiting="0.00" lane="bottom_0" pos="41.40" speed="17.83" angle="20.01" x="129.76" y="45.29"/>
        <vehicle id="cfm-slow_2" eclass="HBEFA3/PC_G_EU4" CO2="19663.25" CO="332.67" HC="2.00" NOx="8.78" PMx="0.46" fuel="8.45" electricity="0.00" noise="79.58" route="routebottom" type="cfm-slow" waiting="0.00" lane="right_0" pos="7.29" speed="18.04" angle="351.26" x="130.46" y="79.31"/>
        <vehicle id="cfm-slow_3" eclass="HBEFA3/PC_G_EU4" CO2="28978.16" CO="522.56" HC="3.10" NOx="13.15" PMx="0.71" fuel="12.46" electricity="0.00" noise="87.35" route="routebottom" type="cfm-slow" waiting="0.00" lane="right_0" pos="23.41" speed="18.88" angle="322.33" x="114.52" y="109.70"/>
        <vehicle id="cfm-slow_4" eclass="HBEFA3/PC_G_EU4" CO2="51666.46" CO="987.58" HC="5.78" NOx="23.80" PMx="1.30" fuel="22.21" electricity="0.00" noise="103.08" route="routeright" type="cfm-slow" waiting="0.00" lane="right_0" pos="40.45" speed="21.55" angle="291.72" x="83.99" y="129.19"/>
        <vehicle id="cfm-slow_5" eclass="HBEFA3/PC_G_EU4" CO2="81060.60" CO="1610.22" HC="9.35" NOx="37.53" PMx="2.08" fuel="34.84" electricity="0.00" noise="114.66" route="routetop" type="cfm-slow" waiting="0.00" lane="top_0" pos="10.35" speed="27.63" angle="255.86" x="41.70" y="128.67"/>
    </timestep>
    <timestep time="2.18">
        <vehicle id="cfm-fast_0" eclass="HBEFA3/PC_G_EU4" CO2="86997.92" CO="1740.06" HC="10.09" NOx="40.30" PMx="2.24" fuel="37.40" electricity="0.00" noise="116.45" route="routetop" type="cfm-fast" waiting="0.00" lane="top_1" pos="27.96" speed="28.91" angle="224.11" x="13.39" y="105.34"/>
        <vehicle id="cfm-fast_1" eclass="HBEFA3/PC_G_EU4" CO2="77995.26" CO="1553.54" HC="9.02" NOx="36.06" PMx="2.01" fuel="33.53" electricity="0.00" noise="111.41" route="routetop" type="cfm-fast" waiting="0.00" lane="top_0" pos="43.78" speed="28.72" angle="195.81" x="-3.63" y="77.06"/>
        <vehicle id="cfm-fast_2" eclass="HBEFA3/PC_G_EU4" CO2="89553.72" CO="1792.93" HC="10.39" NOx="41.51" PMx="2.31" fuel="38.49" electricity="0.00" noise="117.88" route="routetop" type="cfm-fast" waiting="0.00" lane="left_1" pos="9.64" speed="28.95" angle="167.10" x="1.34" y="44.18"/>
        <vehicle id="cfm-fast_3" eclass="HBEFA3/PC_G_EU4" CO2="48558.34" CO="940.47" HC="5.49" NOx="22.19" PMx="1.23" fuel="20.87" electricity="0.00" noise="94.89" route="routetop" type="cfm-fast" waiting="0.00" lane="left_0" pos="25.23" speed="27.52" angle="139.09" x="15.50" y="14.81"/>
        <vehicle id="cfm-fast_4" eclass="HBEFA3/PC_G_EU4" CO2="109826.82" CO="2212.88" HC="12.81" NOx="51.06" PMx="2.84" fuel="47.21" electricity="0.00" noise="129.02" route="routeleft" type="cfm-fast" waiting="0.00" lane="left_1" pos="41.38" speed="29.33" angle="110.01" x="46.17" y="0.75"/>
        <vehicle id="cfm-fast_5" eclass="HBEFA3/PC_G_EU4" CO2="15204.27" CO="237.79" HC="1.46" NOx="6.56" PMx="0.35" fuel="6.54" electricity="0.00" noise="75.31" route="routebottom" type="cfm-fast" waiting="0.00" lane="bottom_0" pos="5.13" speed="22.67" angle="85.25" x="74.75" y="-4.05"/>
        <vehicle id="cfm-slow_0" eclass="HBEFA3/PC_G_EU4" CO2="15892.72" CO="255.65" HC="1.55" NOx="7.00" PMx="0.36" fuel="6.83" electricity="0.00" noise="76.29" route="routebottom" type="cfm-slow" waiting="0.00" lane="bottom_0" pos="25.73" speed="17.81" angle="48.18" x="113.28" y="16.28"/>
        <vehicle id="cfm-slow_1" eclass="HBEFA3/PC_G_EU4" CO2="16659.97" CO="271.33" HC="1.64" NOx="7.36" PMx="0.38" fuel="7.16" electricity="0.00" noise="76.96" route="routebottom" type="cfm-slow" waiting="0.00" lane="bottom_0" pos="41.58" speed="17.86" angle="19.69" x="129.86" y="45.66"/>
        <vehicle id="cfm-slow_2" eclass="HBEFA3/PC_G_EU4" CO2="19657.90" CO="332.47" HC="2.00" NOx="8.77" PMx="0.46" fuel="8.45" electricity="0.00" noise="79.55" route="routebottom" type="cfm-slow" waiting="0.00" lane="right_0" pos="7.47" speed="18.08" angle="350.93" x="130.37" y="79.68"/>
        <vehicle id="cfm-slow_3" eclass="HBEFA3/PC_G_EU4" CO2="29090.22" CO="524.77" HC="3.11" NOx="13.20" PMx="0.71" fuel="12.50" electricity="0.00" noise="87.40" route="routebottom" type="cfm-slow" waiting="0.00" lane="right_0" pos="23.60" speed="18.94" angle="321.99" x="114.24" y="110.00"/>
        <vehicle id="cfm-slow_4" eclass="HBEFA3/PC_G_EU4" CO2="51849.51" CO="991.38" HC="5.80" NOx="23.88" PMx="1.31" fuel="22.29" electricity="0.00" noise="103.10" route="routeright" type="cfm-slow" waiting="0.00" lane="right_0" pos="40.67" speed="21.63" angle="291.31" x="83.54" y="129.32"/>
        <vehicle id="cfm-slow_5" eclass="HBEFA3/PC_G_EU4" CO2="80704.55" CO="1603.46" HC="9.31" NOx="37.36" PMx="2.07" fuel="34.69" electricity="0.00" noise="114.29" route="routetop" type="cfm-slow" waiting="0.00" lane="top_0" pos="10.63" speed="27.73" angle="255.34" x="41.13" y="128.46"/>
    </timestep>
    <timestep time="2.19">
        <vehicle id="cfm-fast_0" eclass="HBEFA3/PC_G_EU4" CO2="86616.13" CO="1732.90" HC="10.05" NOx="40.12" PMx="2.23" fuel="37.23" electricity="0.00" noise="116.08" route="routetop" type="cfm-fast" waiting="0.00" lane="top_1" pos="28.25" speed="29.01" angle="223.63" x="13.01" y="104.89"/>
        <vehicle id="cfm-fast_1" eclass="HBEFA3/PC_G_EU4" CO2="77275.65" CO="1539.33" HC="8.93" NOx="35.72" PMx="1.99" fuel="33.22" electricity="0.00" noise="110.87" route="routetop" type="cfm-fast" waiting="0.00" lane="top_0" pos="44.07" speed="28.82" angle="195.27" x="-3.74" y="76.45"/>
        <vehicle id="cfm-fast_2" eclass="HBEFA3/PC_G_EU4" CO2="89341.78" CO="1789.29" HC="10.37" NOx="41.40" PMx="2.30" fuel="38.40" electricity="0.00" noise="117.60" route="routetop" type="cfm-fast" waiting="0.00" lane="left_1" pos="9.93" speed="29.06" angle="166.57" x="1.51" y="43.61"/>
        <vehicle id="cfm-fast_3" eclass="HBEFA3/PC_G_EU4" CO2="47686.65" CO="922.84" HC="5.39" NOx="21.78" PMx="1.21" fuel="20.50" electricity="0.00" noise="94.32" route="routetop" type="cfm-fast" waiting="0.00" lane="left_0" pos="25.50" speed="27.58" angle="138.58" x="15.92" y="14.39"/>
        <vehicle id="cfm-fast_4" eclass="HBEFA3/PC_G_EU4" CO2="110356.77" CO="2224.73" HC="12.88" NOx="51.31" PMx="2.85" fuel="47.44" electricity="0.00" noise="129.08" route="routeleft" type="cfm-fast" waiting="0.00" lane="left_1" pos="41.67" speed="29.47" angle="109.48" x="46.75" y="0.59"/>
        <vehicle id="cfm-fast_5" eclass="HBEFA3/PC_G_EU4" CO2="14899.55" CO="231.54" HC="1.42" NOx="6.42" PMx="0.34" fuel="6.40" electricity="0.00" noise="75.13" route="routebottom" type="cfm-fast" waiting="0.00" lane="bottom_0" pos="5.35" speed="22.69" angle="84.84" x="75.23" y="-3.97"/>
        <vehicle id="cfm-slow_0" eclass="HBEFA3/PC_G_EU4" CO2="15806.79" CO="253.81" HC="1.54" NOx="6.96" PMx="0.36" fuel="6.79" electricity="0.00" noise="76.21" route="routebottom" type="cfm-slow" waiting="0.00" lane="bottom_0" pos="25.91" speed="17.84" angle="47.86" x="113.54" y="16.56"/>
        <vehicle id="cfm-slow_1" eclass="HBEFA3/PC_G_EU4" CO2="16595.58" CO="269.92" HC="1.64" NOx="7.33" PMx="0.38" fuel="7.13" electricity="0.00" noise="76.89" route="routebottom" type="cfm-slow" waiting="0.00" lane="bottom_0" pos="41.76" speed="17.89" angle="19.36" x="129.96" y="46.04"/>
        <vehicle id="cfm-slow_2" eclass="HBEFA3/PC_G_EU4" CO2="19654.11" CO="332.30" HC="2.00" NOx="8.77" PMx="0.46" fuel="8.45" electricity="0.00" noise="79.53" route="routebottom" type="cfm-slow" waiting="0.00" lane="right_0" pos="7.65" speed="18.11" angle="350.65" x="130.29" y="80.07"/>
        <vehicle id="cfm-slow_3" eclass="HBEFA3/PC_G_EU4" CO2="29203.30" CO="527.00" HC="3.12" NOx="13.26" PMx="0.71" fuel="12.55" electricity="0.00" noise="87.45" route="routebottom" type="cfm-slow" waiting="0.00" lane="right_0" pos="23.79" speed="18.99" angle="321.64" x="113.97" y="110.30"/>
        <vehicle id="cfm-slow_4" eclass="HBEFA3/PC_G_EU4" CO2="52028.97" CO="995.12" HC="5.82" NOx="23.96" PMx="1.31" fuel="22.36" electricity="0.00" noise="103.12" route="routeright" type="cfm-slow" waiting="0.00" lane="right_0" pos="40.89" speed="21.72" angle="290.90" x="83.10" y="129.46"/>
        <vehicle id="cfm-slow_5" eclass="HBEFA3/PC_G_EU4" CO2="80343.84" CO="1596.61" HC="9.27" NOx="37.19" PMx="2.06" fuel="34.54" electricity="0.00" noise="113.93" route="routetop" type="cfm-slow" waiting="0.00" lane="top_0" pos="10.90" speed="27.84" angle="254.81" x="40.57" y="128.26"/>
    </timestep>
    <timestep time="2.20">
        <vehicle id="cfm-fast_0" eclass="HBEFA3/PC_G_EU4" CO2="86234.46" CO="1725.74" HC="10.01" NOx="39.94" PMx="2.22" fuel="37.07" electricity="0.00" noise="115.72" route="routetop" type="cfm-fast" waiting="0.00" lane="top_1" pos="28.55" speed="29.12" angle="223.10" x="12.64" y="104.42"/>
        <vehicle id="cfm-fast_1" eclass="HBEFA3/PC_G_EU4" CO2="76552.18" CO="1525.04" HC="8.85" NOx="35.37" PMx="1.97" fuel="32.91" electricity="0.00" noise="110.34" route="routetop" type="cfm-fast" waiting="0.00" lane="top_0" pos="44.36" speed="28.91" angle="194.73" x="-3.85" y="75.84"/>
        <vehicle id="cfm-fast_2" eclass="HBEFA3/PC_G_EU4" CO2="89135.51" CO="1785.78" HC="10.35" NOx="41.30" PMx="2.30" fuel="38.31" electricity="0.00" noise="117.33" route="routetop" type="cfm-fast" waiting="0.00" lane="left_1" pos="10.22" speed="29.17" angle="166.09" x="1.69" y="43.04"/>
        <vehicle id="cfm-fast_3" eclass="HBEFA3/PC_G_EU4" CO2="46820.08" CO="905.32" HC="5.29" NOx="21.37" PMx="1.19" fuel="20.13" electricity="0.00" noise="93.75" route="routetop" type="cfm-fast" waiting="0.00" lane="left_0" pos="25.78" speed="27.64" angle="138.13" x="16.35" y="13.98"/>
        <vehicle id="cfm-fast_4" eclass="HBEFA3/PC_G_EU4" CO2="110887.02" CO="2236.60" HC="12.95" NOx="51.56" PMx="2.87" fuel="47.66" electricity="0.00" noise="129.15" route="routeleft" type="cfm-fast" waiting="0.00" lane="left_1" pos="41.97" speed="29.60" angle="108.93" x="47.34" y="0.44"/>
        <vehicle id="cfm-fast_5" eclass="HBEFA3/PC_G_EU4" CO2="14598.93" CO="225.38" HC="1.39" NOx="6.28" PMx="0.33" fuel="6.28" electricity="0.00" noise="74.95" route="routebottom" type="cfm-fast" waiting="0.00" lane="bottom_0" pos="5.58" speed="22.71" angle="84.42" x="75.71" y="-3.88"/>
        <vehicle id="cfm-slow_0" eclass="HBEFA3/PC_G_EU4" CO2="15721.57" CO="251.98" HC="1.53" NOx="6.92" PMx="0.36" fuel="6.76" electricity="0.00" noise="76.13" route="routebottom" type="cfm-slow" waiting="0.00" lane="bottom_0" pos="26.09" speed="17.87" angle="47.53" x="113.80" y="16.84"/>
        <vehicle id="cfm-slow_1" eclass="HBEFA3/PC_G_EU4" CO2="16532.27" CO="268.54" HC="1.63" NOx="7.30" PMx="0.38" fuel="7.11" electricity="0.00" noise="76.83" route="routebottom" type="cfm-slow" waiting="0.00" lane="bottom_0" pos="41.94" speed="17.92" angle="19.03" x="130.06" y="46.41"/>
        <vehicle id="cfm-slow_2" eclass="HBEFA3/PC_G_EU4" CO2="19651.87" CO="332.17" HC="2.00" NOx="8.77" PMx="0.46" fuel="8.45" electricity="0.00" noise="79.51" route="routebottom" type="cfm-slow" waiting="0.00" lane="right_0" pos="7.83" speed="18.15" angle="350.32" x="130.19" y="80.44"/>
        <vehicle id="cfm-slow_3" eclass="HBEFA3/PC_G_EU4" CO2="29317.37" CO="529.25" HC="3.13" NOx="13.31" PMx="0.71" fuel="12.60" electricity="0.00" noise="87.51" route="routebottom" type="cfm-slow" waiting="0.00" lane="right_0" pos="23.98" speed="19.04" angle="321.30" x="113.69" y="110.60"/>
        <vehicle id="cfm-slow_4" eclass="HBEFA3/PC_G_EU4" CO2="52204.84" CO="998.78" HC="5.84" NOx="24.04" PMx="1.31" fuel="22.44" electricity="0.00" noise="103.13" route="routeright" type="cfm-slow" waiting="0.00" lane="right_0" pos="41.11" speed="21.80" angle="290.56" x="82.65" y="129.60"/>
        <vehicle id="cfm-slow_5" eclass="HBEFA3/PC_G_EU4" CO2="79978.54" CO="1589.67" HC="9.23" NOx="37.01" PMx="2.06" fuel="34.38" electricity="0.00" noise="113.58" route="routetop" type="cfm-slow" waiting="0.00" lane="top_0" pos="11.18" speed="27.94" angle="254.28" x="40.01" y="128.05"/>
    </timestep>
    <timestep time="2.21">
        <vehicle id="cfm-fast_0" eclass="HBEFA3/PC_G_EU4" CO2="85853.08" CO="1718.60" HC="9.96" NOx="39.75" PMx="2.21" fuel="36.90" electricity="0.00" noise="115.36" route="routetop" type="cfm-fast" waiting="0.00" lane="top_1" pos="28.84" speed="29.23" angle="222.57" x="12.28" y="103.94"/>
        <vehicle id="cfm-fast_1" eclass="HBEFA3/PC_G_EU4" CO2="75825.06" CO="1510.68" HC="8.77" NOx="35.03" PMx="1.95" fuel="32.59" electricity="0.00" noise="109.81" route="routetop" type="cfm-fast" waiting="0.00" lane="top_0" pos="44.65" speed="29.01" angle="194.19" x="-3.97" y="75.23"/>
        <vehicle id="cfm-fast_2" eclass="HBEFA3/PC_G_EU4" CO2="88934.97" CO="1782.39" HC="10.33" NOx="41.21" PMx="2.29" fuel="38.23" electricity="0.00" noise="117.07" route="routetop" type="cfm-fast" waiting="0.00" lane="left_1" pos="10.51" speed="29.28" angle="165.56" x="1.89" y="42.47"/>
        <vehicle id="cfm-fast_3" eclass="HBEFA3/PC_G_EU4" CO2="45958.75" CO="887.89" HC="5.19" NOx="20.96" PMx="1.17" fuel="19.76" electricity="0.00" noise="93.20" route="routetop" type="cfm-fast" waiting="0.00" lane="left_0" pos="26.06" speed="27.69" angle="137.62" x="16.79" y="13.57"/>
        <vehicle id="cfm-fast_4" eclass="HBEFA3/PC_G_EU4" CO2="111417.56" CO="2248.50" HC="13.01" NOx="51.81" PMx="2.88" fuel="47.89" electricity="0.00" noise="129.21" route="routeleft" type="cfm-fast" waiting="0.00" lane="left_1" pos="42.26" speed="29.74" angle="108.42" x="47.93" y="0.28"/>
        <vehicle id="cfm-fast_5" eclass="HBEFA3/PC_G_EU4" CO2="14302.40" CO="219.29" HC="1.35" NOx="6.14" PMx="0.33" fuel="6.15" electricity="0.00" noise="74.78" route="routebottom" type="cfm-fast" waiting="0.00" lane="bottom_0" pos="5.81" speed="22.73" angle="84.01" x="76.19" y="-3.79"/>
        <vehicle id="cfm-slow_0" eclass="HBEFA3/PC_G_EU4" CO2="15637.07" CO="250.16" HC="1.52" NOx="6.88" PMx="0.36" fuel="6.72" electricity="0.00" noise="76.05" route="routebottom" type="cfm-slow" waiting="0.00" lane="bottom_0" pos="26.27" speed="17.90" angle="47.21" x="114.06" y="17.13"/>
        <vehicle id="cfm-slow_1" eclass="HBEFA3/PC_G_EU4" CO2="16470.05" CO="267.18" HC="1.62" NOx="7.27" PMx="0.38" fuel="7.08" electricity="0.00" noise="76.76" route="routebottom" type="cfm-slow" waiting="0.00" lane="bottom_0" pos="42.12" speed="17.95" angle="18.71" x="130.16" y="46.78"/>
        <vehicle id="cfm-slow_2" eclass="HBEFA3/PC_G_EU4" CO2="19651.18" CO="332.06" HC="2.00" NOx="8.77" PMx="0.46" fuel="8.45" electricity="0.00" noise="79.49" route="routebottom" type="cfm-slow" waiting="0.00" lane="right_0" pos="8.02" speed="18.18" angle="349.99" x="130.08" y="80.82"/>
        <vehicle id="cfm-slow_3" eclass="HBEFA3/PC_G_EU4" CO2="29432.39" CO="531.53" HC="3.15" NOx="13.36" PMx="0.72" fuel="12.65" electricity="0.00" noise="87.56" route="routebottom" type="cfm-slow" waiting="0.00" lane="right_0" pos="24.17" speed="19.10" angle="320.96" x="113.41" y="110.90"/>
        <vehicle id="cfm-slow_4" eclass="HBEFA3/PC_G_EU4" CO2="52377.10" CO="1002.38" HC="5.86" NOx="24.12" PMx="1.32" fuel="22.51" electricity="0.00" noise="103.14" route="routeright" type="cfm-slow" waiting="0.00" lane="right_0" pos="41.32" speed="21.89" angle="290.16" x="82.19" y="129.72"/>
        <vehicle id="cfm-slow_5" eclass="HBEFA3/PC_G_EU4" CO2="79608.74" CO="1582.64" HC="9.19" NOx="36.83" PMx="2.05" fuel="34.22" electricity="0.00" noise="113.22" route="routetop" type="cfm-slow" waiting="0.00" lane="top_0" pos="11.46" speed="28.04" angle="253.79" x="39.44" y="127.85"/>
    </timestep>
    <timestep time="2.22">
        <vehicle id="cfm-fast_0" eclass="HBEFA3/PC_G_EU4" CO2="85472.13" CO="1711.46" HC="9.92" NOx="39.57" PMx="2.20" fuel="36.74" electricity="0.00" noise="115.00" route="routetop" type="cfm-fast" waiting="0.00" lane="top_1" pos="29.13" speed="29.33" angle="222.04" x="11.90" y="103.47"/>
        <vehicle id="cfm-fast_1" eclass="HBEFA3/PC_G_EU4" CO2="75094.49" CO="1496.25" HC="8.68" NOx="34.68" PMx="1.93" fuel="32.28" electricity="0.00" noise="109.28" route="routetop" type="cfm-fast" waiting="0.00" lane="top_0" pos="44.94" speed="29.10" angle="193.72" x="-4.08" y="74.61"/>
        <vehicle id="cfm-fast_2" eclass="HBEFA3/PC_G_EU4" CO2="88740.20" CO="1779.12" HC="10.31" NOx="41.11" PMx="2.29" fuel="38.14" electricity="0.00" noise="116.81" route="routetop" type="cfm-fast" waiting="0.00" lane="left_1" pos="10.80" speed="29.38" angle="165.01" x="2.10" y="41.91"/>
        <vehicle id="cfm-fast_3" eclass="HBEFA3/PC_G_EU4" CO2="45102.81" CO="870.57" HC="5.09" NOx="20.56" PMx="1.14" fuel="19.39" electricity="0.00" noise="92.65" route="routetop" type="cfm-fast" waiting="0.00" lane="left_0" pos="26.34" speed="27.75" angle="137.10" x="17.23" y="13.17"/>
        <vehicle id="cfm-fast_4" eclass="HBEFA3/PC_G_EU4" CO2="111948.39" CO="2260.41" HC="13.08" NOx="52.05" PMx="2.90" fuel="48.12" electricity="0.00" noise="129.28" route="routeleft" type="cfm-fast" waiting="0.00" lane="left_1" pos="42.56" speed="29.88" angle="107.91" x="48.52" y="0.14"/>
        <vehicle id="cfm-fast_5" eclass="HBEFA3/PC_G_EU4" CO2="14009.93" CO="213.30" HC="1.32" NOx="6.00" PMx="0.32" fuel="6.02" electricity="0.00" noise="74.61" route="routebottom" type="cfm-fast" waiting="0.00" lane="bottom_0" pos="6.04" speed="22.74" angle="83.59" x="76.67" y="-3.70"/>
        <vehicle id="cfm-slow_0" eclass="HBEFA3/PC_G_EU4" CO2="15553.28" CO="248.36" HC="1.51" NOx="6.84" PMx="0.35" fuel="6.69" electricity="0.00" noise="75.97" route="routebottom" type="cfm-slow" waiting="0.00" lane="bottom_0" pos="26.45" speed="17.93" angle="46.88" x="114.33" y="17.41"/>
        <vehicle id="cfm-slow_1" eclass="HBEFA3/PC_G_EU4" CO2="16408.91" CO="265.84" HC="1.61" NOx="7.24" PMx="0.38" fuel="7.05" electricity="0.00" noise="76.70" route="routebottom" type="cfm-slow" waiting="0.00" lane="bottom_0" pos="42.29" speed="17.98" angle="18.42" x="130.26" y="47.16"/>
        <vehicle id="cfm-slow_2" eclass="HBEFA3/PC_G_EU4" CO2="19652.02" CO="331.99" HC="2.00" NOx="8.77" PMx="0.46" fuel="8.45" electricity="0.00" noise="79.48" route="routebottom" type="cfm-slow" waiting="0.00" lane="right_0" pos="8.20" speed="18.22" angle="349.65" x="129.98" y="81.20"/>
        <vehicle id="cfm-slow_3" eclass="HBEFA3/PC_G_EU4" CO2="29548.32" CO="533.82" HC="3.16" NOx="13.42" PMx="0.72" fuel="12.70" electricity="0.00" noise="87.62" route="routebottom" type="cfm-slow" waiting="0.00" lane="right_0" pos="24.37" speed="19.15" angle="320.66" x="113.13" y="111.20"/>
        <vehicle id="cfm-slow_4" eclass="HBEFA3/PC_G_EU4" CO2="52545.73" CO="1005.90" HC="5.88" NOx="24.20" PMx="1.32" fuel="22.59" electricity="0.00" noise="103.15" route="routeright" type="cfm-slow" waiting="0.00" lane="right_0" pos="41.54" speed="21.97" angle="289.76" x="81.73" y="129.84"/>
        <vehicle id="cfm-slow_5" eclass="HBEFA3/PC_G_EU4" CO2="79234.52" CO="1575.52" HC="9.15" NOx="36.65" PMx="2.04" fuel="34.06" electricity="0.00" noise="112.86" route="routetop" type="cfm-slow" waiting="0.00" lane="top_0" pos="11.75" speed="28.14" angle="253.30" x="38.88" y="127.63"/>
    </timestep>
    <timestep time="2.23">
        <vehicle id="cfm-fast_0" eclass="HBEFA3/PC_G_EU4" CO2="85091.78" CO="1704.35" HC="9.88" NOx="39.39" PMx="2.19" fuel="36.58" electricity="0.00" noise="114.65" route="routetop" type="cfm-fast" waiting="0.00" lane="top_1" pos="29.43" speed="29.43" angle="221.53" x="11.53" y="103.00"/>
        <vehicle id="cfm-fast_1" eclass="HBEFA3/PC_G_EU4" CO2="74360.67" CO="1481.74" HC="8.60" NOx="34.33" PMx="1.91" fuel="31.96" electricity="0.00" noise="108.76" route="routetop" type="cfm-fast" waiting="0.00" lane="top_0" pos="45.23" speed="29.19" angle="193.18" x="-4.16" y="73.99"/>
        <vehicle id="cfm-fast_2" eclass="HBEFA3/PC_G_EU4" CO2="88551.25" CO="1775.97" HC="10.29" NOx="41.02" PMx="2.28" fuel="38.06" electricity="0.00" noise="116.56" route="routetop" type="cfm-fast" waiting="0.00" lane="left_1" pos="11.10" speed="29.49" angle="164.46" x="2.30" y="41.34"/>
        <vehicle id="cfm-fast_3" eclass="HBEFA3/PC_G_EU4" CO2="44252.37" CO="853.36" HC="4.99" NOx="20.16" PMx="1.12" fuel="19.02" electricity="0.00" noise="92.10" route="routetop" type="cfm-fast" waiting="0.00" lane="left_0" pos="26.61" speed="27.80" angle="136.59" x="17.67" y="12.76"/>
        <vehicle id="cfm-fast_4" eclass="HBEFA3/PC_G_EU4" CO2="112479.52" CO="2272.35" HC="13.15" NOx="52.30" PMx="2.91" fuel="48.35" electricity="0.00" noise="129.35" route="routeleft" type="cfm-fast" waiting="0.00" lane="left_1" pos="42.86" speed="30.01" angle="107.38" x="49.12" y="0.00"/>
        <vehicle id="cfm-fast_5" eclass="HBEFA3/PC_G_EU4" CO2="13721.49" CO="207.38" HC="1.28" NOx="5.86" PMx="0.31" fuel="5.90" electricity="0.00" noise="74.45" route="routebottom" type="cfm-fast" waiting="0.00" lane="bottom_0" pos="6.26" speed="22.76" angle="83.19" x="77.15" y="-3.61"/>
        <vehicle id="cfm-slow_0" eclass="HBEFA3/PC_G_EU4" CO2="15470.23" CO="246.58" HC="1.50" NOx="6.80" PMx="0.35" fuel="6.65" electricity="0.00" noise="75.89" route="routebottom" type="cfm-slow" waiting="0.00" lane="bottom_0" pos="26.63" speed="17.95" angle="46.55" x="114.59" y="17.69"/>
        <vehicle id="cfm-slow_1" eclass="HBEFA3/PC_G_EU4" CO2="16348.88" CO="264.53" HC="1.61" NOx="7.21" PMx="0.38" fuel="7.03" electricity="0.00" noise="76.64" route="routebottom" type="cfm-slow" waiting="0.00" lane="bottom_0" pos="42.47" speed="18.01" angle="18.11" x="130.35" y="47.53"/>
        <vehicle id="cfm-slow_2" eclass="HBEFA3/PC_G_EU4" CO2="19654.39" CO="331.96" HC="2.00" NOx="8.77" PMx="0.46" fuel="8.45" electricity="0.00" noise="79.46" route="routebottom" type="cfm-slow" waiting="0.00" lane="right_0" pos="8.38" speed="18.25" angle="349.32" x="129.88" y="81.58"/>
        <vehicle id="cfm-slow_3" eclass="HBEFA3/PC_G_EU4" CO2="29665.14" CO="536.14" HC="3.17" NOx="13.47" PMx="0.72" fuel="12.75" electricity="0.00" noise="87.67" route="routebottom" type="cfm-slow" waiting="0.00" lane="right_0" pos="24.56" speed="19.20" angle="320.31" x="112.84" y="111.49"/>
        <vehicle id="cfm-slow_4" eclass="HBEFA3/PC_G_EU4" CO2="52710.72" CO="1009.36" HC="5.90" NOx="24.28" PMx="1.33" fuel="22.66" electricity="0.00" noise="103.16" route="routeright" type="cfm-slow" waiting="0.00" lane="right_0" pos="41.76" speed="22.06" angle="289.36" x="81.28" y="129.96"/>
        <vehicle id="cfm-slow_5" eclass="HBEFA3/PC_G_EU4" CO2="78855.96" CO="1568.32" HC="9.11" NOx="36.47" PMx="2.03" fuel="33.90" electricity="0.00" noise="112.51" route="routetop" type="cfm-slow" waiting="0.00" lane="top_0" pos="12.03" speed="28.24" angle="252.79" x="38.31" y="127.40"/>
    </timestep>
    <timestep time="2.24">
        <vehicle id="cfm-fast_0" eclass="HBEFA3/PC_G_EU4" CO2="84712.18" CO="1697.25" HC="9.84" NOx="39.21" PMx="2.18" fuel="36.41" electricity="0.00" noise="114.31" route="routetop" type="cfm-fast" waiting="0.00" lane="top_1" pos="29.72" speed="29.54" angle="221.00" x="11.17" y="102.51"/>
        <vehicle id="cfm-fast_1" eclass="HBEFA3/PC_G_EU4" CO2="73623.81" CO="1467.17" HC="8.52" NOx="33.98" PMx="1.89" fuel="31.65" electricity="0.00" noise="108.24" route="routetop" type="cfm-fast" waiting="0.00" lane="top_0" pos="45.52" speed="29.28" angle="192.64" x="-4.25" y="73.36"/>
        <vehicle id="cfm-fast_2" eclass="HBEFA3/PC_G_EU4" CO2="88368.18" CO="1772.96" HC="10.28" NOx="40.93" PMx="2.28" fuel="37.98" electricity="0.00" noise="116.31" route="routetop" type="cfm-fast" waiting="0.00" lane="left_1" pos="11.39" speed="29.60" angle="163.91" x="2.51" y="40.77"/>
        <vehicle id="cfm-fast_3" eclass="HBEFA3/PC_G_EU4" CO2="43407.55" CO="836.26" HC="4.89" NOx="19.76" PMx="1.10" fuel="18.66" electricity="0.00" noise="91.57" route="routetop" type="cfm-fast" waiting="0.00" lane="left_0" pos="26.89" speed="27.86" angle="136.12" x="18.11" y="12.36"/>
        <vehicle id="cfm-fast_4" eclass="HBEFA3/PC_G_EU4" CO2="113010.93" CO="2284.31" HC="13.22" NOx="52.55" PMx="2.93" fuel="48.58" electricity="0.00" noise="129.41" route="routeleft" type="cfm-fast" waiting="0.00" lane="left_1" pos="43.16" speed="30.15" angle="106.83" x="49.72" y="-0.13"/>
        <vehicle id="cfm-fast_5" eclass="HBEFA3/PC_G_EU4" CO2="13437.08" CO="201.55" HC="1.25" NOx="5.73" PMx="0.30" fuel="5.78" electricity="0.00" noise="74.29" route="routebottom" type="cfm-fast" waiting="0.00" lane="bottom_0" pos="6.49" speed="22.78" angle="82.81" x="77.63" y="-3.51"/>
        <vehicle id="cfm-slow_0" eclass="HBEFA3/PC_G_EU4" CO2="15387.90" CO="244.81" HC="1.49" NOx="6.76" PMx="0.35" fuel="6.61" electricity="0.00" noise="75.81" route="routebottom" type="cfm-slow" waiting="0.00" lane="bottom_0" pos="26.81" speed="17.98" angle="46.24" x="114.85" y="17.98"/>
        <vehicle id="cfm-slow_1" eclass="HBEFA3/PC_G_EU4" CO2="16289.94" CO="263.24" HC="1.60" NOx="7.19" PMx="0.37" fuel="7.00" electricity="0.00" noise="76.58" route="routebottom" type="cfm-slow" waiting="0.00" lane="bottom_0" pos="42.66" speed="18.03" angle="17.78" x="130.43" y="47.91"/>
        <vehicle id="cfm-slow_2" eclass="HBEFA3/PC_G_EU4" CO2="19658.30" CO="331.95" HC="2.00" NOx="8.77" PMx="0.46" fuel="8.45" electricity="0.00" noise="79.45" route="routebottom" type="cfm-slow" waiting="0.00" lane="right_0" pos="8.56" speed="18.29" angle="348.98" x="129.78" y="81.96"/>
        <vehicle id="cfm-slow_3" eclass="HBEFA3/PC_G_EU4" CO2="29782.79" CO="538.48" HC="3.19" NOx="13.52" PMx="0.73" fuel="12.80" electricity="0.00" noise="87.72" route="routebottom" type="cfm-slow" waiting="0.00" lane="right_0" pos="24.75" speed="19.26" angle="319.95" x="112.54" y="111.79"/>
        <vehicle id="cfm-slow_4" eclass="HBEFA3/PC_G_EU4" CO2="52872.06" CO="1012.75" HC="5.92" NOx="24.35" PMx="1.33" fuel="22.73" electricity="0.00" noise="103.16" route="routeright" type="cfm-slow" waiting="0.00" lane="right_0" pos="41.99" speed="22.14" angle="288.96" x="80.82" y="130.09"/>
        <vehicle id="cfm-slow_5" eclass="HBEFA3/PC_G_EU4" CO2="78473.14" CO="1561.02" HC="9.06" NOx="36.29" PMx="2.02" fuel="33.73" electricity="0.00" noise="112.15" route="routetop" type="cfm-slow" waiting="0.00" lane="top_0" pos="12.31" speed="28.34" angle="252.28" x="37.74" y="127.18"/>
    </timestep>
    <timestep time="2.25">
        <vehicle id="cfm-fast_0" eclass="HBEFA3/PC_G_EU4" CO2="84333.48" CO="1690.17" HC="9.80" NOx="39.03" PMx="2.18" fuel="36.25" electricity="0.00" noise="113.96" route="routetop" type="cfm-fast" waiting="0.00" lane="top_1" pos="30.02" speed="29.64" angle="220.44" x="10.82" y="102.01"/>
        <vehicle id="cfm-fast_1" eclass="HBEFA3/PC_G_EU4" CO2="72884.10" CO="1452.55" HC="8.43" NOx="33.63" PMx="1.88" fuel="31.33" electricity="0.00" noise="107.72" route="routetop" type="cfm-fast" waiting="0.00" lane="top_0" pos="45.81" speed="29.37" angle="192.10" x="-4.34" y="72.74"/>
        <vehicle id="cfm-fast_2" eclass="HBEFA3/PC_G_EU4" CO2="88191.00" CO="1770.07" HC="10.26" NOx="40.85" PMx="2.28" fuel="37.91" electricity="0.00" noise="116.07" route="routetop" type="cfm-fast" waiting="0.00" lane="left_1" pos="11.69" speed="29.71" angle="163.42" x="2.72" y="40.20"/>
        <vehicle id="cfm-fast_3" eclass="HBEFA3/PC_G_EU4" CO2="42568.48" CO="819.28" HC="4.79" NOx="19.36" PMx="1.08" fuel="18.30" electricity="0.00" noise="91.04" route="routetop" type="cfm-fast" waiting="0.00" lane="left_0" pos="27.17" speed="27.91" angle="135.61" x="18.57" y="11.96"/>
        <vehicle id="cfm-fast_4" eclass="HBEFA3/PC_G_EU4" CO2="113542.64" CO="2296.29" HC="13.28" NOx="52.80" PMx="2.94" fuel="48.81" electricity="0.00" noise="129.48" route="routeleft" type="cfm-fast" waiting="0.00" lane="left_1" pos="43.47" speed="30.28" angle="106.29" x="50.33" y="-0.27"/>
        <vehicle id="cfm-fast_5" eclass="HBEFA3/PC_G_EU4" CO2="13156.65" CO="195.79" HC="1.22" NOx="5.60" PMx="0.30" fuel="5.66" electricity="0.00" noise="74.14" route="routebottom" type="cfm-fast" waiting="0.00" lane="bottom_0" pos="6.72" speed="22.79" angle="82.37" x="78.11" y="-3.40"/>
        <vehicle id="cfm-slow_0" eclass="HBEFA3/PC_G_EU4" CO2="15306.30" CO="243.06" HC="1.48" NOx="6.72" PMx="0.35" fuel="6.58" electricity="0.00" noise="75.73" route="routebottom" type="cfm-slow" waiting="0.00" lane="bottom_0" pos="26.99" speed="18.01" angle="45.96" x="115.11" y="18.27"/>
        <vehicle id="cfm-slow_1" eclass="HBEFA3/PC_G_EU4" CO2="16232.11" CO="261.98" HC="1.59" NOx="7.16" PMx="0.37" fuel="6.98" electricity="0.00" noise="76.52" route="routebottom" type="cfm-slow" waiting="0.00" lane="bottom_0" pos="42.84" speed="18.06" angle="17.46" x="130.52" y="48.29"/>
        <vehicle id="cfm-slow_2" eclass="HBEFA3/PC_G_EU4" CO2="19663.72" CO="331.98" HC="2.00" NOx="8.77" PMx="0.46" fuel="8.45" electricity="0.00" noise="79.44" route="routebottom" type="cfm-slow" waiting="0.00" lane="right_0" pos="8.75" speed="18.32" angle="348.65" x="129.68" y="82.34"/>
        <vehicle id="cfm-slow_3" eclass="HBEFA3/PC_G_EU4" CO2="29901.26" CO="540.83" HC="3.20" NOx="13.58" PMx="0.73" fuel="12.85" electricity="0.00" noise="87.78" route="routebottom" type="cfm-slow" waiting="0.00" lane="right_0" pos="24.94" speed="19.31" angle="319.59" x="112.25" y="112.08"/>
        <vehicle id="cfm-slow_4" eclass="HBEFA3/PC_G_EU4" CO2="53029.72" CO="1016.07" HC="5.94" NOx="24.42" PMx="1.34" fuel="22.79" electricity="0.00" noise="103.17" route="routeright" type="cfm-slow" waiting="0.00" lane="right_0" pos="42.21" speed="22.23" angle="288.56" x="80.35" y="130.21"/>
        <vehicle id="cfm-slow_5" eclass="HBEFA3/PC_G_EU4" CO2="78086.14" CO="1553.65" HC="9.02" NOx="36.11" PMx="2.01" fuel="33.57" electricity="0.00" noise="111.80" route="routetop" type="cfm-slow" waiting="0.00" lane="top_0" pos="12.60" speed="28.44" angle="251.76" x="37.18" y="126.95"/>
    </timestep>
    <timestep time="2.26">
        <vehicle id="cfm-fast_0" eclass="HBEFA3/PC_G_EU4" CO2="83955.82" CO="1683.11" HC="9.76" NOx="38.85" PMx="2.17" fuel="36.09" electricity="0.00" noise="113.63" route="routetop" type="cfm-fast" waiting="0.00" lane="top_1" pos="30.32" speed="29.74" angle="219.87" x="10.46" y="101.52"/>
        <vehicle id="cfm-fast_1" eclass="HBEFA3/PC_G_EU4" CO2="72141.74" CO="1437.86" HC="8.35" NOx="33.28" PMx="1.86" fuel="31.01" electricity="0.00" noise="107.21" route="routetop" type="cfm-fast" waiting="0.00" lane="top_0" pos="46.11" speed="29.45" angle="191.58" x="-4.42" y="72.11"/>
        <vehicle id="cfm-fast_2" eclass="HBEFA3/PC_G_EU4" CO2="88019.77" CO="1767.30" HC="10.24" NOx="40.76" PMx="2.27" fuel="37.84" electricity="0.00" noise="115.84" route="routetop" type="cfm-fast" waiting="0.00" lane="left_1" pos="11.99" speed="29.81" angle="162.89" x="2.95" y="39.63"/>
        <vehicle id="cfm-fast_3" eclass="HBEFA3/PC_G_EU4" CO2="41735.26" CO="802.41" HC="4.69" NOx="18.96" PMx="1.06" fuel="17.94" electricity="0.00" noise="90.51" route="routetop" type="cfm-fast" waiting="0.00" lane="left_0" pos="27.45" speed="27.96" angle="135.09" x="19.03" y="11.58"/>
        <vehicle id="cfm-fast_4" eclass="HBEFA3/PC_G_EU4" CO2="114074.64" CO="2308.29" HC="13.35" NOx="53.05" PMx="2.96" fuel="49.03" electricity="0.00" noise="129.54" route="routeleft" type="cfm-fast" waiting="0.00" lane="left_1" pos="43.77" speed="30.42" angle="105.78" x="50.94" y="-0.39"/>
        <vehicle id="cfm-fast_5" eclass="HBEFA3/PC_G_EU4" CO2="12880.19" CO="190.12" HC="1.18" NOx="5.46" PMx="0.29" fuel="5.54" electricity="0.00" noise="73.99" route="routebottom" type="cfm-fast" waiting="0.00" lane="bottom_0" pos="6.95" speed="22.81" angle="81.94" x="78.59" y="-3.29"/>
        <vehicle id="cfm-slow_0" eclass="HBEFA3/PC_G_EU4" CO2="15225.45" CO="241.33" HC="1.47" NOx="6.68" PMx="0.35" fuel="6.54" electricity="0.00" noise="75.66" route="routebottom" type="cfm-slow" waiting="0.00" lane="bottom_0" pos="27.17" speed="18.03" angle="45.62" x="115.36" y="18.56"/>
        <vehicle id="cfm-slow_1" eclass="HBEFA3/PC_G_EU4" CO2="16175.39" CO="260.73" HC="1.58" NOx="7.13" PMx="0.37" fuel="6.95" electricity="0.00" noise="76.46" route="routebottom" type="cfm-slow" waiting="0.00" lane="bottom_0" pos="43.02" speed="18.09" angle="17.13" x="130.60" y="48.67"/>
        <vehicle id="cfm-slow_2" eclass="HBEFA3/PC_G_EU4" CO2="19670.65" CO="332.04" HC="2.00" NOx="8.77" PMx="0.46" fuel="8.46" electricity="0.00" noise="79.43" route="routebottom" type="cfm-slow" waiting="0.00" lane="right_0" pos="8.93" speed="18.36" angle="348.37" x="129.58" y="82.72"/>
        <vehicle id="cfm-slow_3" eclass="HBEFA3/PC_G_EU4" CO2="30020.49" CO="543.21" HC="3.22" NOx="13.63" PMx="0.73" fuel="12.90" electricity="0.00" noise="87.84" route="routebottom" type="cfm-slow" waiting="0.00" lane="right_0" pos="25.14" speed="19.36" angle="319.23" x="111.96" y="112.37"/>
        <vehicle id="cfm-slow_4" eclass="HBEFA3/PC_G_EU4" CO2="53183.70" CO="1019.32" HC="5.96" NOx="24.49" PMx="1.34" fuel="22.86" electricity="0.00" noise="103.17" route="routeright" type="cfm-slow" waiting="0.00" lane="right_0" pos="42.43" speed="22.31" angle="288.21" x="79.89" y="130.33"/>
        <vehicle id="cfm-slow_5" eclass="HBEFA3/PC_G_EU4" CO2="77695.05" CO="1546.20" HC="8.98" NOx="35.92" PMx="2.00" fuel="33.40" electricity="0.00" noise="111.45" route="routetop" type="cfm-slow" waiting="0.00" lane="top_0" pos="12.88" speed="28.54" angle="251.30" x="36.61" y="126.71"/>
    </timestep>
    <timestep time="2.27">
        <vehicle id="cfm-fast_0" eclass="HBEFA3/PC_G_EU4" CO2="83579.34" CO="1676.08" HC="9.72" NOx="38.67" PMx="2.16" fuel="35.93" electricity="0.00" noise="113.29" route="routetop" type="cfm-fast" waiting="0.00" lane="top_1" pos="30.61" speed="29.84" angle="219.31" x="10.11" y="101.02"/>
        <vehicle id="cfm-fast_1" eclass="HBEFA3/PC_G_EU4" CO2="71396.90" CO="1423.12" HC="8.26" NOx="32.93" PMx="1.84" fuel="30.69" electricity="0.00" noise="106.70" route="routetop" type="cfm-fast" waiting="0.00" lane="top_0" pos="46.40" speed="29.54" angle="191.08" x="-4.50" y="71.48"/>
        <vehicle id="cfm-fast_2" eclass="HBEFA3/PC_G_EU4" CO2="87854.52" CO="1764.67" HC="10.22" NOx="40.68" PMx="2.27" fuel="37.76" electricity="0.00" noise="115.61" route="routetop" type="cfm-fast" waiting="0.00" lane="left_1" pos="12.29" speed="29.92" angle="162.35" x="3.18" y="39.06"/>
        <vehicle id="cfm-fast_3" eclass="HBEFA3/PC_G_EU4" CO2="40907.99" CO="785.66" HC="4.60" NOx="18.57" PMx="1.04" fuel="17.58" electricity="0.00" noise="90.00" route="routetop" type="cfm-fast" waiting="0.00" lane="left_0" pos="27.73" speed="28.01" angle="134.57" x="19.48" y="11.19"/>
        <vehicle id="cfm-fast_4" eclass="HBEFA3/PC_G_EU4" CO2="114606.93" CO="2320.31" HC="13.42" NOx="53.29" PMx="2.97" fuel="49.26" electricity="0.00" noise="129.61" route="routeleft" type="cfm-fast" waiting="0.00" lane="left_1" pos="44.08" speed="30.56" angle="105.21" x="51.56" y="-0.51"/>
        <vehicle id="cfm-fast_5" eclass="HBEFA3/PC_G_EU4" CO2="12607.68" CO="184.53" HC="1.15" NOx="5.34" PMx="0.28" fuel="5.42" electricity="0.00" noise="73.84" route="routebottom" type="cfm-fast" waiting="0.00" lane="bottom_0" pos="7.18" speed="22.82" angle="81.50" x="79.07" y="-3.18"/>
        <vehicle id="cfm-slow_0" eclass="HBEFA3/PC_G_EU4" CO2="15145.34" CO="239.61" HC="1.46" NOx="6.64" PMx="0.34" fuel="6.51" electricity="0.00" noise="75.58" route="routebottom" type="cfm-slow" waiting="0.00" lane="bottom_0" pos="27.35" speed="18.06" angle="45.28" x="115.61" y="18.86"/>
        <vehicle id="cfm-slow_1" eclass="HBEFA3/PC_G_EU4" CO2="16119.79" CO="259.52" HC="1.58" NOx="7.10" PMx="0.37" fuel="6.93" electricity="0.00" noise="76.40" route="routebottom" type="cfm-slow" waiting="0.00" lane="bottom_0" pos="43.20" speed="18.12" angle="16.80" x="130.69" y="49.05"/>
        <vehicle id="cfm-slow_2" eclass="HBEFA3/PC_G_EU4" CO2="19679.09" CO="332.13" HC="2.00" NOx="8.78" PMx="0.46" fuel="8.46" electricity="0.00" noise="79.42" route="routebottom" type="cfm-slow" waiting="0.00" lane="right_0" pos="9.11" speed="18.39" angle="348.04" x="129.46" y="83.10"/>
        <vehicle id="cfm-slow_3" eclass="HBEFA3/PC_G_EU4" CO2="30140.46" CO="545.60" HC="3.23" NOx="13.69" PMx="0.74" fuel="12.96" electricity="0.00" noise="87.89" route="routebottom" type="cfm-slow" waiting="0.00" lane="right_0" pos="25.33" speed="19.42" angle="318.87" x="111.66" y="112.67"/>
        <vehicle id="cfm-slow_4" eclass="HBEFA3/PC_G_EU4" CO2="53333.99" CO="1022.50" HC="5.98" NOx="24.56" PMx="1.35" fuel="22.93" electricity="0.00" noise="103.16" route="routeright" type="cfm-slow" waiting="0.00" lane="right_0" pos="42.66" speed="22.40" angle="287.80" x="79.42" y="130.43"/>
        <vehicle id="cfm-slow_5" eclass="HBEFA3/PC_G_EU4" CO2="77299.93" CO="1538.66" HC="8.93" NOx="35.73" PMx="1.99" fuel="33.23" electricity="0.00" noise="111.10" route="routetop" type="cfm-slow" waiting="0.00" lane="top_0" pos="13.17" speed="28.63" angle="250.78" x="36.05" y="126.46"/>
    </timestep>
    <timestep time="2.28">
        <vehicle id="cfm-fast_0" eclass="HBEFA3/PC_G_EU4" CO2="83204.18" CO="1669.08" HC="9.67" NOx="38.49" PMx="2.15" fuel="35.77" electricity="0.00" noise="112.97" route="routetop" type="cfm-fast" waiting="0.00" lane="top_1" pos="30.91" speed="29.94" angle="218.82" x="9.76" y="100.52"/>
        <vehicle id="cfm-fast_1" eclass="HBEFA3/PC_G_EU4" CO2="70649.79" CO="1408.33" HC="8.17" NOx="32.57" PMx="1.82" fuel="30.37" electricity="0.00" noise="106.19" route="routetop" type="cfm-fast" waiting="0.00" lane="top_0" pos="46.70" speed="29.62" angle="190.53" x="-4.56" y="70.84"/>
        <vehicle id="cfm-fast_2" eclass="HBEFA3/PC_G_EU4" CO2="87695.27" CO="1762.16" HC="10.21" NOx="40.61" PMx="2.26" fuel="37.70" electricity="0.00" noise="115.39" route="routetop" type="cfm-fast" waiting="0.00" lane="left_1" pos="12.59" speed="30.02" angle="161.81" x="3.40" y="38.49"/>
        <vehicle id="cfm-fast_3" eclass="HBEFA3/PC_G_EU4" CO2="40086.78" CO="769.02" HC="4.50" NOx="18.18" PMx="1.01" fuel="17.23" electricity="0.00" noise="89.49" route="routetop" type="cfm-fast" waiting="0.00" lane="left_0" pos="28.01" speed="28.06" angle="134.04" x="19.94" y="10.79"/>
        <vehicle id="cfm-fast_4" eclass="HBEFA3/PC_G_EU4" CO2="115139.52" CO="2332.36" HC="13.49" NOx="53.54" PMx="2.98" fuel="49.49" electricity="0.00" noise="129.67" route="routeleft" type="cfm-fast" waiting="0.00" lane="left_1" pos="44.38" speed="30.69" angle="104.64" x="52.18" y="-0.62"/>
        <vehicle id="cfm-fast_5" eclass="HBEFA3/PC_G_EU4" CO2="12339.08" CO="179.02" HC="1.12" NOx="5.21" PMx="0.28" fuel="5.30" electricity="0.00" noise="73.70" route="routebottom" type="cfm-fast" waiting="0.00" lane="bottom_0" pos="7.40" speed="22.84" angle="81.06" x="79.54" y="-3.07"/>
        <vehicle id="cfm-slow_0" eclass="HBEFA3/PC_G_EU4" CO2="15065.98" CO="237.91" HC="1.45" NOx="6.61" PMx="0.34" fuel="6.48" electricity="0.00" noise="75.51" route="routebottom" type="cfm-slow" waiting="0.00" lane="bottom_0" pos="27.53" speed="18.08" angle="44.95" x="115.86" y="19.16"/>
        <vehicle id="cfm-slow_1" eclass="HBEFA3/PC_G_EU4" CO2="16065.30" CO="258.33" HC="1.57" NOx="7.08" PMx="0.37" fuel="6.91" electricity="0.00" noise="76.35" route="routebottom" type="cfm-slow" waiting="0.00" lane="bottom_0" pos="43.38" speed="18.15" angle="16.47" x="130.77" y="49.43"/>
        <vehicle id="cfm-slow_2" eclass="HBEFA3/PC_G_EU4" CO2="19689.03" CO="332.26" HC="2.00" NOx="8.78" PMx="0.46" fuel="8.46" electricity="0.00" noise="79.41" route="routebottom" type="cfm-slow" waiting="0.00" lane="right_0" pos="9.30" speed="18.43" angle="347.71" x="129.34" y="83.48"/>
        <vehicle id="cfm-slow_3" eclass="HBEFA3/PC_G_EU4" CO2="30261.14" CO="548.00" HC="3.24" NOx="13.74" PMx="0.74" fuel="13.01" electricity="0.00" noise="87.95" route="routebottom" type="cfm-slow" waiting="0.00" lane="right_0" pos="25.53" speed="19.47" angle="318.52" x="111.36" y="112.97"/>
        <vehicle id="cfm-slow_4" eclass="HBEFA3/PC_G_EU4" CO2="53480.56" CO="1025.61" HC="6.00" NOx="24.63" PMx="1.35" fuel="22.99" electricity="0.00" noise="103.16" route="routeright" type="cfm-slow" waiting="0.00" lane="right_0" pos="42.88" speed="22.48" angle="287.39" x="78.95" y="130.54"/>
        <vehicle id="cfm-slow_5" eclass="HBEFA3/PC_G_EU4" CO2="76900.86" CO="1531.05" HC="8.89" NOx="35.54" PMx="1.98" fuel="33.06" electricity="0.00" noise="110.76" route="routetop" type="cfm-slow" waiting="0.00" lane="top_0" pos="13.46" speed="28.73" angle="250.25" x="35.48" y="126.21"/>
    </timestep>
    <timestep time="2.29">
        <vehicle id="cfm-fast_0" eclass="HBEFA3/PC_G_EU4" CO2="82830.48" CO="1662.12" HC="9.63" NOx="38.31" PMx="2.14" fuel="35.60" electricity="0.00" noise="112.64" route="routetop" type="cfm-fast" waiting="0.00" lane="top_1" pos="31.21" speed="30.04" angle="218.28" x="9.42" y="100.00"/>
        <vehicle id="cfm-fast_1" eclass="HBEFA3/PC_G_EU4" CO2="69900.58" CO="1393.50" HC="8.09" NOx="32.22" PMx="1.80" fuel="30.05" electricity="0.00" noise="105.68" route="routetop" type="cfm-fast" waiting="0.00" lane="top_0" pos="47.00" speed="29.71" angle="189.99" x="-4.63" y="70.21"/>
        <vehicle id="cfm-fast_2" eclass="HBEFA3/PC_G_EU4" CO2="87542.06" CO="1759.78" HC="10.20" NOx="40.53" PMx="2.26" fuel="37.63" electricity="0.00" noise="115.18" route="routetop" type="cfm-fast" waiting="0.00" lane="left_1" pos="12.89" speed="30.13" angle="161.33" x="3.64" y="37.92"/>
        <vehicle id="cfm-fast_3" eclass="HBEFA3/PC_G_EU4" CO2="39271.71" CO="752.51" HC="4.41" NOx="17.80" PMx="0.99" fuel="16.88" electricity="0.00" noise="88.98" route="routetop" type="cfm-fast" waiting="0.00" lane="left_0" pos="28.29" speed="28.10" angle="133.59" x="20.41" y="10.41"/>
        <vehicle id="cfm-fast_4" eclass="HBEFA3/PC_G_EU4" CO2="115672.39" CO="2344.42" HC="13.56" NOx="53.79" PMx="3.00" fuel="49.72" electricity="0.00" noise="129.74" route="routeleft" type="cfm-fast" waiting="0.00" lane="left_1" pos="44.69" speed="30.83" angle="104.07" x="52.80" y="-0.74"/>
        <vehicle id="cfm-fast_5" eclass="HBEFA3/PC_G_EU4" CO2="12074.37" CO="173.59" HC="1.09" NOx="5.08" PMx="0.27" fuel="5.19" electricity="0.00" noise="73.56" route="routebottom" type="cfm-fast" waiting="0.00" lane="bottom_0" pos="7.63" speed="22.85" angle="80.68" x="80.02" y="-2.97"/>
        <vehicle id="cfm-slow_0" eclass="HBEFA3/PC_G_EU4" CO2="14987.37" CO="236.23" HC="1.44" NOx="6.57" PMx="0.34" fuel="6.44" electricity="0.00" noise="75.44" route="routebottom" type="cfm-slow" waiting="0.00" lane="bottom_0" pos="27.71" speed="18.11" angle="44.61" x="116.11" y="19.45"/>
        <vehicle id="cfm-slow_1" eclass="HBEFA3/PC_G_EU4" CO2="16011.94" CO="257.16" HC="1.56" NOx="7.05" PMx="0.37" fuel="6.88" electricity="0.00" noise="76.30" route="routebottom" type="cfm-slow" waiting="0.00" lane="bottom_0" pos="43.56" speed="18.18" angle="16.17" x="130.86" y="49.81"/>
        <vehicle id="cfm-slow_2" eclass="HBEFA3/PC_G_EU4" CO2="19700.45" CO="332.41" HC="2.00" NOx="8.78" PMx="0.46" fuel="8.47" electricity="0.00" noise="79.40" route="routebottom" type="cfm-slow" waiting="0.00" lane="right_0" pos="9.48" speed="18.46" angle="347.38" x="129.23" y="83.86"/>
        <vehicle id="cfm-slow_3" eclass="HBEFA3/PC_G_EU4" CO2="30382.48" CO="550.43" HC="3.26" NOx="13.80" PMx="0.74" fuel="13.06" electricity="0.00" noise="88.01" route="routebottom" type="cfm-slow" waiting="0.00" lane="right_0" pos="25.72" speed="19.52" angle="318.21" x="111.06" y="113.26"/>
        <vehicle id="cfm-slow_4" eclass="HBEFA3/PC_G_EU4" CO2="53623.41" CO="1028.65" HC="6.01" NOx="24.70" PMx="1.35" fuel="23.05" electricity="0.00" noise="103.15" route="routeright" type="cfm-slow" waiting="0.00" lane="right_0" pos="43.11" speed="22.57" angle="286.98" x="78.47" y="130.64"/>
        <vehicle id="cfm-slow_5" eclass="HBEFA3/PC_G_EU4" CO2="76497.93" CO="1523.35" HC="8.84" NOx="35.35" PMx="1.97" fuel="32.88" electricity="0.00" noise="110.41" route="routetop" type="cfm-slow" waiting="0.00" lane="top_0" pos="13.74" speed="28.82" angle="249.73" x="34.92" y="125.96"/>
    </timestep>
    <timestep time="2.30">
        <vehicle id="cfm-fast_0" eclass="HBEFA3/PC_G_EU4" CO2="82458.36" CO="1655.18" HC="9.59" NOx="38.13" PMx="2.13" fuel="35.44" electricity="0.00" noise="112.32" route="routetop" type="cfm-fast" waiting="0.00" lane="top_1" pos="31.51" speed="30.13" angle="217.74" x="9.07" y="99.49"/>
        <vehicle id="cfm-fast_1" eclass="HBEFA3/PC_G_EU4" CO2="69149.45" CO="1378.62" HC="8.00" NOx="31.86" PMx="1.78" fuel="29.72" electricity="0.00" noise="105.18" route="routetop" type="cfm-fast" waiting="0.00" lane="top_0" pos="47.30" speed="29.79" angle="189.44" x="-4.69" y="69.57"/>
        <vehicle id="cfm-fast_2" eclass="HBEFA3/PC_G_EU4" CO2="87394.89" CO="1757.53" HC="10.18" NOx="40.46" PMx="2.26" fuel="37.57" electricity="0.00" noise="114.97" route="routetop" type="cfm-fast" waiting="0.00" lane="left_1" pos="13.19" speed="30.23" angle="160.77" x="3.89" y="37.35"/>
        <vehicle id="cfm-fast_3" eclass="HBEFA3/PC_G_EU4" CO2="38462.88" CO="736.12" HC="4.31" NOx="17.42" PMx="0.97" fuel="16.53" electricity="0.00" noise="88.49" route="routetop" type="cfm-fast" waiting="0.00" lane="left_0" pos="28.57" speed="28.15" angle="133.06" x="20.89" y="10.03"/>
        <vehicle id="cfm-fast_4" eclass="HBEFA3/PC_G_EU4" CO2="116205.56" CO="2356.51" HC="13.63" NOx="54.04" PMx="3.01" fuel="49.95" electricity="0.00" noise="129.80" route="routeleft" type="cfm-fast" waiting="0.00" lane="left_1" pos="45.00" speed="30.97" angle="103.56" x="53.42" y="-0.84"/>
        <vehicle id="cfm-fast_5" eclass="HBEFA3/PC_G_EU4" CO2="11813.53" CO="168.24" HC="1.06" NOx="4.96" PMx="0.26" fuel="5.08" electricity="0.00" noise="73.43" route="routebottom" type="cfm-fast" waiting="0.00" lane="bottom_0" pos="7.86" speed="22.86" angle="80.27" x="80.50" y="-2.84"/>
        <vehicle id="cfm-slow_0" eclass="HBEFA3/PC_G_EU4" CO2="14909.51" CO="234.56" HC="1.43" NOx="6.53" PMx="0.34" fuel="6.41" electricity="0.00" noise="75.37" route="routebottom" type="cfm-slow" waiting="0.00" lane="bottom_0" pos="27.89" speed="18.14" angle="44.27" x="116.36" y="19.75"/>
        <vehicle id="cfm-slow_1" eclass="HBEFA3/PC_G_EU4" CO2="15959.70" CO="256.01" HC="1.56" NOx="7.03" PMx="0.37" fuel="6.86" electricity="0.00" noise="76.24" route="routebottom" type="cfm-slow" waiting="0.00" lane="bottom_0" pos="43.74" speed="18.20" angle="15.85" x="130.94" y="50.20"/>
        <vehicle id="cfm-slow_2" eclass="HBEFA3/PC_G_EU4" CO2="19713.36" CO="332.60" HC="2.00" NOx="8.79" PMx="0.46" fuel="8.47" electricity="0.00" noise="79.40" route="routebottom" type="cfm-slow" waiting="0.00" lane="right_0" pos="9.67" speed="18.50" angle="347.04" x="129.11" y="84.24"/>
        <vehicle id="cfm-slow_3" eclass="HBEFA3/PC_G_EU4" CO2="30504.45" CO="552.87" HC="3.27" NOx="13.86" PMx="0.75" fuel="13.11" electricity="0.00" noise="88.06" route="routebottom" type="cfm-slow" waiting="0.00" lane="right_0" pos="25.92" speed="19.58" angle="317.85" x="110.75" y="113.54"/>
        <vehicle id="cfm-slow_4" eclass="HBEFA3/PC_G_EU4" CO2="53762.53" CO="1031.62" HC="6.03" NOx="24.76" PMx="1.36" fuel="23.11" electricity="0.00" noise="103.14" route="routeright" type="cfm-slow" waiting="0.00" lane="right_0" pos="43.33" speed="22.65" angle="286.57" x="78.00" y="130.75"/>
        <vehicle id="cfm-slow_5" eclass="HBEFA3/PC_G_EU4" CO2="76091.21" CO="1515.58" HC="8.80" NOx="35.15" PMx="1.96" fuel="32.71" electricity="0.00" noise="110.06" route="routetop" type="cfm-slow" waiting="0.00" lane="top_0" pos="14.03" speed="28.92" angle="249.24" x="34.35" y="125.70"/>
    </timestep>
    <timestep time="2.31">
        <vehicle id="cfm-fast_0" eclass="HBEFA3/PC_G_EU4" CO2="82087.96" CO="1648.29" HC="9.55" NOx="37.96" PMx="2.12" fuel="35.29" electricity="0.00" noise="112.00" route="routetop" type="cfm-fast" waiting="0.00" lane="top_1" pos="31.82" speed="30.23" angle="217.20" x="8.73" y="98.97"/>
        <vehicle id="cfm-fast_1" eclass="HBEFA3/PC_G_EU4" CO2="68396.59" CO="1363.70" HC="7.92" NOx="31.50" PMx="1.76" fuel="29.40" electricity="0.00" noise="104.68" route="routetop" type="cfm-fast" waiting="0.00" lane="top_0" pos="47.59" speed="29.87" angle="188.94" x="-4.74" y="68.93"/>
        <vehicle id="cfm-fast_2" eclass="HBEFA3/PC_G_EU4" CO2="87253.81" CO="1755.41" HC="10.17" NOx="40.39" PMx="2.25" fuel="37.51" electricity="0.00" noise="114.77" route="routetop" type="cfm-fast" waiting="0.00" lane="left_1" pos="13.50" speed="30.33" angle="160.22" x="4.15" y="36.78"/>
        <vehicle id="cfm-fast_3" eclass="HBEFA3/PC_G_EU4" CO2="37660.37" CO="719.86" HC="4.22" NOx="17.04" PMx="0.95" fuel="16.19" electricity="0.00" noise="88.00" route="routetop" type="cfm-fast" waiting="0.00" lane="left_0" pos="28.86" speed="28.19" angle="132.54" x="21.36" y="9.66"/>
        <vehicle id="cfm-fast_4" eclass="HBEFA3/PC_G_EU4" CO2="116739.02" CO="2368.62" HC="13.69" NOx="54.29" PMx="3.03" fuel="50.18" electricity="0.00" noise="129.87" route="routeleft" type="cfm-fast" waiting="0.00" lane="left_1" pos="45.31" speed="31.10" angle="102.99" x="54.06" y="-0.93"/>
        <vehicle id="cfm-fast_5" eclass="HBEFA3/PC_G_EU4" CO2="11556.53" CO="162.97" HC="1.03" NOx="4.84" PMx="0.26" fuel="4.97" electricity="0.00" noise="73.30" route="routebottom" type="cfm-fast" waiting="0.00" lane="bottom_0" pos="8.09" speed="22.88" angle="79.85" x="80.97" y="-2.71"/>
        <vehicle id="cfm-slow_0" eclass="HBEFA3/PC_G_EU4" CO2="14832.42" CO="232.91" HC="1.42" NOx="6.49" PMx="0.34" fuel="6.38" electricity="0.00" noise="75.30" route="routebottom" type="cfm-slow" waiting="0.00" lane="bottom_0" pos="28.07" speed="18.16" angle="43.93" x="116.62" y="20.05"/>
        <vehicle id="cfm-slow_1" eclass="HBEFA3/PC_G_EU4" CO2="15908.59" CO="254.90" HC="1.55" NOx="7.00" PMx="0.36" fuel="6.84" electricity="0.00" noise="76.19" route="routebottom" type="cfm-slow" waiting="0.00" lane="bottom_0" pos="43.93" speed="18.23" angle="15.51" x="131.01" y="50.58"/>
        <vehicle id="cfm-slow_2" eclass="HBEFA3/PC_G_EU4" CO2="19727.73" CO="332.82" HC="2.00" NOx="8.80" PMx="0.46" fuel="8.48" electricity="0.00" noise="79.40" route="routebottom" type="cfm-slow" waiting="0.00" lane="right_0" pos="9.85" speed="18.53" angle="346.71" x="128.99" y="84.62"/>
        <vehicle id="cfm-slow_3" eclass="HBEFA3/PC_G_EU4" CO2="30627.02" CO="555.32" HC="3.29" NOx="13.91" PMx="0.75" fuel="13.16" electricity="0.00" noise="88.12" route="routebottom" type="cfm-slow" waiting="0.00" lane="right_0" pos="26.11" speed="19.63" angle="317.50" x="110.44" y="113.83"/>
        <vehicle id="cfm-slow_4" eclass="HBEFA3/PC_G_EU4" CO2="53897.91" CO="1034.51" HC="6.05" NOx="24.82" PMx="1.36" fuel="23.17" electricity="0.00" noise="103.13" route="routeright" type="cfm-slow" waiting="0.00" lane="right_0" pos="43.56" speed="22.74" angle="286.18" x="77.52" y="130.86"/>
        <vehicle id="cfm-slow_5" eclass="HBEFA3/PC_G_EU4" CO2="75680.78" CO="1507.74" HC="8.75" NOx="34.96" PMx="1.95" fuel="32.53" electricity="0.00" noise="109.72" route="routetop" type="cfm-slow" waiting="0.00" lane="top_0" pos="14.32" speed="29.01" angle="248.71" x="33.79" y="125.43"/>
    </timestep>
    <timestep time="2.32">
        <vehicle id="cfm-fast_0" eclass="HBEFA3/PC_G_EU4" CO2="81719.39" CO="1641.43" HC="9.51" NOx="37.78" PMx="2.11" fuel="35.13" electricity="0.00" noise="111.69" route="routetop" type="cfm-fast" waiting="0.00" lane="top_1" pos="32.12" speed="30.33" angle="216.71" x="8.39" y="98.45"/>
        <vehicle id="cfm-fast_1" eclass="HBEFA3/PC_G_EU4" CO2="67642.16" CO="1348.75" HC="7.83" NOx="31.15" PMx="1.74" fuel="29.08" electricity="0.00" noise="104.19" route="routetop" type="cfm-fast" waiting="0.00" lane="top_0" pos="47.89" speed="29.95" angle="188.37" x="-4.78" y="68.29"/>
        <vehicle id="cfm-fast_2" eclass="HBEFA3/PC_G_EU4" CO2="87118.82" CO="1753.42" HC="10.16" NOx="40.33" PMx="2.25" fuel="37.45" electricity="0.00" noise="114.57" route="routetop" type="cfm-fast" waiting="0.00" lane="left_1" pos="13.80" speed="30.43" angle="159.66" x="4.40" y="36.21"/>
        <vehicle id="cfm-fast_3" eclass="HBEFA3/PC_G_EU4" CO2="36864.26" CO="703.72" HC="4.12" NOx="16.66" PMx="0.93" fuel="15.85" electricity="0.00" noise="87.52" route="routetop" type="cfm-fast" waiting="0.00" lane="left_0" pos="29.14" speed="28.23" angle="132.02" x="21.84" y="9.29"/>
        <vehicle id="cfm-fast_4" eclass="HBEFA3/PC_G_EU4" CO2="117272.77" CO="2380.75" HC="13.76" NOx="54.54" PMx="3.04" fuel="50.41" electricity="0.00" noise="129.93" route="routeleft" type="cfm-fast" waiting="0.00" lane="left_1" pos="45.63" speed="31.24" angle="102.42" x="54.69" y="-1.02"/>
        <vehicle id="cfm-fast_5" eclass="HBEFA3/PC_G_EU4" CO2="11303.35" CO="157.78" HC="1.00" NOx="4.72" PMx="0.25" fuel="4.86" electricity="0.00" noise="73.17" route="routebottom" type="cfm-fast" waiting="0.00" lane="bottom_0" pos="8.32" speed="22.89" angle="79.43" x="81.45" y="-2.59"/>
        <vehicle id="cfm-slow_0" eclass="HBEFA3/PC_G_EU4" CO2="14756.09" CO="231.28" HC="1.41" NOx="6.46" PMx="0.33" fuel="6.34" electricity="0.00" noise="75.23" route="routebottom" type="cfm-slow" waiting="0.00" lane="bottom_0" pos="28.26" speed="18.19" angle="43.65" x="116.87" y="20.35"/>
        <vehicle id="cfm-slow_1" eclass="HBEFA3/PC_G_EU4" CO2="15858.62" CO="253.80" HC="1.54" NOx="6.98" PMx="0.36" fuel="6.82" electricity="0.00" noise="76.14" route="routebottom" type="cfm-slow" waiting="0.00" lane="bottom_0" pos="44.11" speed="18.26" angle="15.16" x="131.08" y="50.97"/>
        <vehicle id="cfm-slow_2" eclass="HBEFA3/PC_G_EU4" CO2="19743.57" CO="333.07" HC="2.00" NOx="8.80" PMx="0.46" fuel="8.49" electricity="0.00" noise="79.39" route="routebottom" type="cfm-slow" waiting="0.00" lane="right_0" pos="10.04" speed="18.57" angle="346.37" x="128.87" y="85.00"/>
        <vehicle id="cfm-slow_3" eclass="HBEFA3/PC_G_EU4" CO2="30750.16" CO="557.79" HC="3.30" NOx="13.97" PMx="0.75" fuel="13.22" electricity="0.00" noise="88.18" route="routebottom" type="cfm-slow" waiting="0.00" lane="right_0" pos="26.31" speed="19.68" angle="317.14" x="110.13" y="114.12"/>
        <vehicle id="cfm-slow_4" eclass="HBEFA3/PC_G_EU4" CO2="54029.53" CO="1037.34" HC="6.06" NOx="24.88" PMx="1.36" fuel="23.22" electricity="0.00" noise="103.11" route="routeright" type="cfm-slow" waiting="0.00" lane="right_0" pos="43.79" speed="22.82" angle="285.77" x="77.04" y="130.95"/>
        <vehicle id="cfm-slow_5" eclass="HBEFA3/PC_G_EU4" CO2="75266.70" CO="1499.82" HC="8.70" NOx="34.76" PMx="1.94" fuel="32.35" electricity="0.00" noise="109.38" route="routetop" type="cfm-slow" waiting="0.00" lane="top_0" pos="14.61" speed="29.10" angle="248.15" x="33.23" y="125.15"/>
    </timestep>
    <timestep time="2.33">
        <vehicle id="cfm-fast_0" eclass="HBEFA3/PC_G_EU4" CO2="81352.79" CO="1634.62" HC="9.47" NOx="37.61" PMx="2.10" fuel="34.97" electricity="0.00" noise="111.38" route="routetop" type="cfm-fast" waiting="0.00" lane="top_1" pos="32.42" speed="30.42" angle="216.16" x="8.07" y="97.92"/>
        <vehicle id="cfm-fast_1" eclass="HBEFA3/PC_G_EU4" CO2="66886.34" CO="1333.76" HC="7.74" NOx="30.79" PMx="1.72" fuel="28.75" electricity="0.00" noise="103.69" route="routetop" type="cfm-fast" waiting="0.00" lane="top_0" pos="48.19" speed="30.03" angle="187.79" x="-4.82" y="67.64"/>
        <vehicle id="cfm-fast_2" eclass="HBEFA3/PC_G_EU4" CO2="86989.94" CO="1751.56" HC="10.14" NOx="40.26" PMx="2.25" fuel="37.39" electricity="0.00" noise="114.38" route="routetop" type="cfm-fast" waiting="0.00" lane="left_1" pos="14.11" speed="30.54" angle="159.16" x="4.66" y="35.64"/>
        <vehicle id="cfm-fast_3" eclass="HBEFA3/PC_G_EU4" CO2="36074.63" CO="687.71" HC="4.03" NOx="16.29" PMx="0.91" fuel="15.51" electricity="0.00" noise="87.04" route="routetop" type="cfm-fast" waiting="0.00" lane="left_0" pos="29.42" speed="28.28" angle="131.52" x="22.32" y="8.91"/>
        <vehicle id="cfm-fast_4" eclass="HBEFA3/PC_G_EU4" CO2="117806.81" CO="2392.90" HC="13.83" NOx="54.79" PMx="3.06" fuel="50.64" electricity="0.00" noise="130.00" route="routeleft" type="cfm-fast" waiting="0.00" lane="left_1" pos="45.94" speed="31.38" angle="101.84" x="55.33" y="-1.11"/>
        <vehicle id="cfm-fast_5" eclass="HBEFA3/PC_G_EU4" CO2="11053.94" CO="152.66" HC="0.97" NOx="4.60" PMx="0.24" fuel="4.75" electricity="0.00" noise="73.05" route="routebottom" type="cfm-fast" waiting="0.00" lane="bottom_0" pos="8.55" speed="22.90" angle="79.01" x="81.93" y="-2.46"/>
        <vehicle id="cfm-slow_0" eclass="HBEFA3/PC_G_EU4" CO2="14680.53" CO="229.66" HC="1.41" NOx="6.42" PMx="0.33" fuel="6.31" electricity="0.00" noise="75.16" route="routebottom" type="cfm-slow" waiting="0.00" lane="bottom_0" pos="28.44" speed="18.21" angle="43.31" x="117.11" y="20.66"/>
        <vehicle id="cfm-slow_1" eclass="HBEFA3/PC_G_EU4" CO2="15809.78" CO="252.73" HC="1.54" NOx="6.95" PMx="0.36" fuel="6.80" electricity="0.00" noise="76.10" route="routebottom" type="cfm-slow" waiting="0.00" lane="bottom_0" pos="44.29" speed="18.28" angle="14.82" x="131.15" y="51.36"/>
        <vehicle id="cfm-slow_2" eclass="HBEFA3/PC_G_EU4" CO2="19760.86" CO="333.35" HC="2.00" NOx="8.81" PMx="0.46" fuel="8.49" electricity="0.00" noise="79.39" route="routebottom" type="cfm-slow" waiting="0.00" lane="right_0" pos="10.23" speed="18.60" angle="346.10" x="128.76" y="85.38"/>
        <vehicle id="cfm-slow_3" eclass="HBEFA3/PC_G_EU4" CO2="30873.82" CO="560.27" HC="3.31" NOx="14.03" PMx="0.76" fuel="13.27" electricity="0.00" noise="88.24" route="routebottom" type="cfm-slow" waiting="0.00" lane="right_0" pos="26.51" speed="19.74" angle="316.78" x="109.82" y="114.41"/>
        <vehicle id="cfm-slow_4" eclass="HBEFA3/PC_G_EU4" CO2="54157.38" CO="1040.09" HC="6.08" NOx="24.94" PMx="1.37" fuel="23.28" electricity="0.00" noise="103.09" route="routeright" type="cfm-slow" waiting="0.00" lane="right_0" pos="44.02" speed="22.91" angle="285.34" x="76.55" y="131.04"/>
        <vehicle id="cfm-slow_5" eclass="HBEFA3/PC_G_EU4" CO2="74849.07" CO="1491.83" HC="8.66" NOx="34.56" PMx="1.93" fuel="32.17" electricity="0.00" noise="109.04" route="routetop" type="cfm-slow" waiting="0.00" lane="top_0" pos="14.91" speed="29.19" angle="247.60" x="32.67" y="124.86"/>
    </timestep>
    <timestep time="2.34">
        <vehicle id="cfm-fast_0" eclass="HBEFA3/PC_G_EU4" CO2="80988.26" CO="1627.84" HC="9.43" NOx="37.43" PMx="2.09" fuel="34.81" electricity="0.00" noise="111.08" route="routetop" type="cfm-fast" waiting="0.00" lane="top_1" pos="32.73" speed="30.52" angle="215.61" x="7.74" y="97.38"/>
        <vehicle id="cfm-fast_1" eclass="HBEFA3/PC_G_EU4" CO2="66129.29" CO="1318.75" HC="7.65" NOx="30.43" PMx="1.70" fuel="28.43" electricity="0.00" noise="103.20" route="routetop" type="cfm-fast" waiting="0.00" lane="top_0" pos="48.50" speed="30.10" angle="187.22" x="-4.86" y="67.00"/>
        <vehicle id="cfm-fast_2" eclass="HBEFA3/PC_G_EU4" CO2="86867.18" CO="1749.83" HC="10.13" NOx="40.20" PMx="2.25" fuel="37.34" electricity="0.00" noise="114.19" route="routetop" type="cfm-fast" waiting="0.00" lane="left_1" pos="14.41" speed="30.64" angle="158.59" x="4.94" y="35.08"/>
        <vehicle id="cfm-fast_3" eclass="HBEFA3/PC_G_EU4" CO2="35291.55" CO="671.84" HC="3.94" NOx="15.92" PMx="0.89" fuel="15.17" electricity="0.00" noise="86.57" route="routetop" type="cfm-fast" waiting="0.00" lane="left_0" pos="29.70" speed="28.32" angle="131.04" x="22.81" y="8.55"/>
        <vehicle id="cfm-fast_4" eclass="HBEFA3/PC_G_EU4" CO2="118341.15" CO="2405.07" HC="13.90" NOx="55.04" PMx="3.07" fuel="50.87" electricity="0.00" noise="130.06" route="routeleft" type="cfm-fast" waiting="0.00" lane="left_1" pos="46.25" speed="31.51" angle="101.32" x="55.97" y="-1.20"/>
        <vehicle id="cfm-fast_5" eclass="HBEFA3/PC_G_EU4" CO2="10808.30" CO="147.62" HC="0.94" NOx="4.48" PMx="0.24" fuel="4.65" electricity="0.00" noise="72.94" route="routebottom" type="cfm-fast" waiting="0.00" lane="bottom_0" pos="8.78" speed="22.91" angle="78.59" x="82.40" y="-2.33"/>
        <vehicle id="cfm-slow_0" eclass="HBEFA3/PC_G_EU4" CO2="14605.75" CO="228.06" HC="1.40" NOx="6.39" PMx="0.33" fuel="6.28" electricity="0.00" noise="75.09" route="routebottom" type="cfm-slow" waiting="0.00" lane="bottom_0" pos="28.62" speed="18.24" angle="42.97" x="117.35" y="20.97"/>
        <vehicle id="cfm-slow_1" eclass="HBEFA3/PC_G_EU4" CO2="15762.09" CO="251.68" HC="1.53" NOx="6.93" PMx="0.36" fuel="6.78" electricity="0.00" noise="76.05" route="routebottom" type="cfm-slow" waiting="0.00" lane="bottom_0" pos="44.47" speed="18.31" angle="14.47" x="131.22" y="51.74"/>
        <vehicle id="cfm-slow_2" eclass="HBEFA3/PC_G_EU4" CO2="19779.59" CO="333.67" HC="2.01" NOx="8.82" PMx="0.47" fuel="8.50" electricity="0.00" noise="79.39" route="routebottom" type="cfm-slow" waiting="0.00" lane="right_0" pos="10.41" speed="18.64" angle="345.75" x="128.62" y="85.76"/>
        <vehicle id="cfm-slow_3" eclass="HBEFA3/PC_G_EU4" CO2="30997.98" CO="562.76" HC="3.33" NOx="14.08" PMx="0.76" fuel="13.32" electricity="0.00" noise="88.29" route="routebottom" type="cfm-slow" waiting="0.00" lane="right_0" pos="26.71" speed="19.79" angle="316.42" x="109.51" y="114.70"/>
        <vehicle id="cfm-slow_4" eclass="HBEFA3/PC_G_EU4" CO2="54281.46" CO="1042.77" HC="6.10" NOx="25.00" PMx="1.37" fuel="23.33" electricity="0.00" noise="103.07" route="routeright" type="cfm-slow" waiting="0.00" lane="right_0" pos="44.25" speed="22.99" angle="284.90" x="76.07" y="131.13"/>
        <vehicle id="cfm-slow_5" eclass="HBEFA3/PC_G_EU4" CO2="74427.94" CO="1483.77" HC="8.61" NOx="34.36" PMx="1.92" fuel="31.99" electricity="0.00" noise="108.70" route="routetop" type="cfm-slow" waiting="0.00" lane="top_0" pos="15.20" speed="29.28" angle="247.04" x="32.11" y="124.58"/>
    </timestep>
    <timestep time="2.35">
        <vehicle id="cfm-fast_0" eclass="HBEFA3/PC_G_EU4" CO2="80625.92" CO="1621.12" HC="9.39" NOx="37.26" PMx="2.08" fuel="34.66" electricity="0.00" noise="110.78" route="routetop" type="cfm-fast" waiting="0.00" lane="top_1" pos="33.04" speed="30.61" angle="215.05" x="7.42" y="96.85"/>
        <vehicle id="cfm-fast_1" eclass="HBEFA3/PC_G_EU4" CO2="65371.19" CO="1303.71" HC="7.57" NOx="30.07" PMx="1.68" fuel="28.10" electricity="0.00" noise="102.72" route="routetop" type="cfm-fast" waiting="0.00" lane="top_0" pos="48.80" speed="30.18" angle="186.71" x="-4.89" y="66.35"/>
        <vehicle id="cfm-fast_2" eclass="HBEFA3/PC_G_EU4" CO2="86750.55" CO="1748.23" HC="10.12" NOx="40.15" PMx="2.24" fuel="37.29" electricity="0.00" noise="114.01" route="routetop" type="cfm-fast" waiting="0.00" lane="left_1" pos="14.72" speed="30.74" angle="158.02" x="5.22" y="34.52"/>
        <vehicle id="cfm-fast_3" eclass="HBEFA3/PC_G_EU4" CO2="34515.08" CO="656.09" HC="3.85" NOx="15.55" PMx="0.87" fuel="14.84" electricity="0.00" noise="86.11" route="routetop" type="cfm-fast" waiting="0.00" lane="left_0" pos="29.99" speed="28.36" angle="130.52" x="23.31" y="8.19"/>
        <vehicle id="cfm-fast_4" eclass="HBEFA3/PC_G_EU4" CO2="118875.78" CO="2417.27" HC="13.97" NOx="55.28" PMx="3.09" fuel="51.10" electricity="0.00" noise="130.13" route="routeleft" type="cfm-fast" waiting="0.00" lane="left_1" pos="46.57" speed="31.65" angle="100.73" x="56.61" y="-1.26"/>
        <vehicle id="cfm-fast_5" eclass="HBEFA3/PC_G_EU4" CO2="10566.39" CO="142.65" HC="0.91" NOx="4.37" PMx="0.23" fuel="4.54" electricity="0.00" noise="72.82" route="routebottom" type="cfm-fast" waiting="0.00" lane="bottom_0" pos="9.01" speed="22.93" angle="78.23" x="82.88" y="-2.20"/>
        <vehicle id="cfm-slow_0" eclass="HBEFA3/PC_G_EU4" CO2="14531.73" CO="226.48" HC="1.39" NOx="6.35" PMx="0.33" fuel="6.25" electricity="0.00" noise="75.03" route="routebottom" type="cfm-slow" waiting="0.00" lane="bottom_0" pos="28.80" speed="18.26" angle="42.63" x="117.59" y="21.28"/>
        <vehicle id="cfm-slow_1" eclass="HBEFA3/PC_G_EU4" CO2="15715.53" CO="250.66" HC="1.53" NOx="6.91" PMx="0.36" fuel="6.76" electricity="0.00" noise="76.00" route="routebottom" type="cfm-slow" waiting="0.00" lane="bottom_0" pos="44.66" speed="18.34" angle="14.13" x="131.29" y="52.13"/>
        <vehicle id="cfm-slow_2" eclass="HBEFA3/PC_G_EU4" CO2="19799.75" CO="334.01" HC="2.01" NOx="8.83" PMx="0.47" fuel="8.51" electricity="0.00" noise="79.40" route="routebottom" type="cfm-slow" waiting="0.00" lane="right_0" pos="10.60" speed="18.67" angle="345.40" x="128.48" y="86.14"/>
        <vehicle id="cfm-slow_3" eclass="HBEFA3/PC_G_EU4" CO2="31122.60" CO="565.27" HC="3.34" NOx="14.14" PMx="0.76" fuel="13.38" electricity="0.00" noise="88.35" route="routebottom" type="cfm-slow" waiting="0.00" lane="right_0" pos="26.90" speed="19.85" angle="316.11" x="109.20" y="114.99"/>
        <vehicle id="cfm-slow_4" eclass="HBEFA3/PC_G_EU4" CO2="54401.76" CO="1045.38" HC="6.11" NOx="25.05" PMx="1.37" fuel="23.38" electricity="0.00" noise="103.05" route="routeright" type="cfm-slow" waiting="0.00" lane="right_0" pos="44.48" speed="23.08" angle="284.46" x="75.58" y="131.22"/>
        <vehicle id="cfm-slow_5" eclass="HBEFA3/PC_G_EU4" CO2="74003.39" CO="1475.64" HC="8.56" NOx="34.16" PMx="1.90" fuel="31.81" electricity="0.00" noise="108.36" route="routetop" type="cfm-slow" waiting="0.00" lane="top_0" pos="15.49" speed="29.37" angle="246.56" x="31.55" y="124.29"/>
    </timestep>
    <timestep time="2.36">
        <vehicle id="cfm-fast_0" eclass="HBEFA3/PC_G_EU4" CO2="80265.89" CO="1614.44" HC="9.35" NOx="37.09" PMx="2.07" fuel="34.50" electricity="0.00" noise="110.48" route="routetop" type="cfm-fast" waiting="0.00" lane="top_1" pos="33.34" speed="30.70" angle="214.55" x="7.09" y="96.31"/>
        <vehicle id="cfm-fast_1" eclass="HBEFA3/PC_G_EU4" CO2="64612.20" CO="1288.65" HC="7.48" NOx="29.71" PMx="1.66" fuel="27.77" electricity="0.00" noise="102.23" route="routetop" type="cfm-fast" waiting="0.00" lane="top_0" pos="49.10" speed="30.25" angle="186.16" x="-4.91" y="65.70"/>
        <vehicle id="cfm-fast_2" eclass="HBEFA3/PC_G_EU4" CO2="86640.06" CO="1746.77" HC="10.11" NOx="40.09" PMx="2.24" fuel="37.24" electricity="0.00" noise="113.83" route="routetop" type="cfm-fast" waiting="0.00" lane="left_1" pos="15.03" speed="30.84" angle="157.45" x="5.50" y="33.95"/>
        <vehicle id="cfm-fast_3" eclass="HBEFA3/PC_G_EU4" CO2="33745.29" CO="640.47" HC="3.76" NOx="15.18" PMx="0.85" fuel="14.51" electricity="0.00" noise="85.66" route="routetop" type="cfm-fast" waiting="0.00" lane="left_0" pos="30.27" speed="28.39" angle="130.00" x="23.80" y="7.83"/>
        <vehicle id="cfm-fast_4" eclass="HBEFA3/PC_G_EU4" CO2="119410.70" CO="2429.49" HC="14.04" NOx="55.53" PMx="3.10" fuel="51.33" electricity="0.00" noise="130.19" route="routeleft" type="cfm-fast" waiting="0.00" lane="left_1" pos="46.89" speed="31.78" angle="100.14" x="57.26" y="-1.33"/>
        <vehicle id="cfm-fast_5" eclass="HBEFA3/PC_G_EU4" CO2="10328.17" CO="137.77" HC="0.88" NOx="4.26" PMx="0.22" fuel="4.44" electricity="0.00" noise="72.71" route="routebottom" type="cfm-fast" waiting="0.00" lane="bottom_0" pos="9.24" speed="22.94" angle="77.80" x="83.35" y="-2.05"/>
        <vehicle id="cfm-slow_0" eclass="HBEFA3/PC_G_EU4" CO2="14458.50" CO="224.91" HC="1.38" NOx="6.32" PMx="0.33" fuel="6.21" electricity="0.00" noise="74.96" route="routebottom" type="cfm-slow" waiting="0.00" lane="bottom_0" pos="28.99" speed="18.28" angle="42.29" x="117.83" y="21.59"/>
        <vehicle id="cfm-slow_1" eclass="HBEFA3/PC_G_EU4" CO2="15670.11" CO="249.66" HC="1.52" NOx="6.89" PMx="0.36" fuel="6.74" electricity="0.00" noise="75.96" route="routebottom" type="cfm-slow" waiting="0.00" lane="bottom_0" pos="44.84" speed="18.37" angle="13.82" x="131.36" y="52.52"/>
        <vehicle id="cfm-slow_2" eclass="HBEFA3/PC_G_EU4" CO2="19821.34" CO="334.38" HC="2.01" NOx="8.84" PMx="0.47" fuel="8.52" electricity="0.00" noise="79.40" route="routebottom" type="cfm-slow" waiting="0.00" lane="right_0" pos="10.79" speed="18.71" angle="345.04" x="128.34" y="86.52"/>
        <vehicle id="cfm-slow_3" eclass="HBEFA3/PC_G_EU4" CO2="31247.66" CO="567.79" HC="3.36" NOx="14.20" PMx="0.77" fuel="13.43" electricity="0.00" noise="88.41" route="routebottom" type="cfm-slow" waiting="0.00" lane="right_0" pos="27.10" speed="19.90" angle="315.74" x="108.87" y="115.27"/>
        <vehicle id="cfm-slow_4" eclass="HBEFA3/PC_G_EU4" CO2="54518.26" CO="1047.92" HC="6.13" NOx="25.10" PMx="1.38" fuel="23.43" electricity="0.00" noise="103.03" route="routeright" type="cfm-slow" waiting="0.00" lane="right_0" pos="44.71" speed="23.16" angle="284.02" x="75.09" y="131.31"/>
        <vehicle id="cfm-slow_5" eclass="HBEFA3/PC_G_EU4" CO2="73575.51" CO="1467.44" HC="8.52" NOx="33.96" PMx="1.89" fuel="31.63" electricity="0.00" noise="108.02" route="routetop" type="cfm-slow" waiting="0.00" lane="top_0" pos="15.79" speed="29.46" angle="246.03" x="30.99" y="123.98"/>
    </timestep>
    <timestep time="2.37">
        <vehicle id="cfm-fast_0" eclass="HBEFA3/PC_G_EU4" CO2="79908.27" CO="1607.82" HC="9.31" NOx="36.92" PMx="2.06" fuel="34.35" electricity="0.00" noise="110.19" route="routetop" type="cfm-fast" waiting="0.00" lane="top_1" pos="33.65" speed="30.80" angle="213.98" x="6.79" y="95.76"/>
        <vehicle id="cfm-fast_1" eclass="HBEFA3/PC_G_EU4" CO2="63852.47" CO="1273.57" HC="7.39" NOx="29.35" PMx="1.64" fuel="27.45" electricity="0.00" noise="101.75" route="routetop" type="cfm-fast" waiting="0.00" lane="top_0" pos="49.40" speed="30.33" angle="185.60" x="-4.92" y="65.05"/>
        <vehicle id="cfm-fast_2" eclass="HBEFA3/PC_G_EU4" CO2="86535.71" CO="1745.43" HC="10.11" NOx="40.04" PMx="2.24" fuel="37.20" electricity="0.00" noise="113.66" route="routetop" type="cfm-fast" waiting="0.00" lane="left_1" pos="15.34" speed="30.94" angle="156.92" x="5.79" y="33.38"/>
        <vehicle id="cfm-fast_3" eclass="HBEFA3/PC_G_EU4" CO2="32982.24" CO="624.99" HC="3.67" NOx="14.82" PMx="0.83" fuel="14.18" electricity="0.00" noise="85.21" route="routetop" type="cfm-fast" waiting="0.00" lane="left_0" pos="30.56" speed="28.43" angle="129.47" x="24.30" y="7.48"/>
        <vehicle id="cfm-fast_4" eclass="HBEFA3/PC_G_EU4" CO2="119945.91" CO="2441.73" HC="14.11" NOx="55.78" PMx="3.12" fuel="51.56" electricity="0.00" noise="130.26" route="routeleft" type="cfm-fast" waiting="0.00" lane="left_1" pos="47.21" speed="31.92" angle="99.55" x="57.91" y="-1.39"/>
        <vehicle id="cfm-fast_5" eclass="HBEFA3/PC_G_EU4" CO2="10093.63" CO="132.95" HC="0.85" NOx="4.15" PMx="0.22" fuel="4.34" electricity="0.00" noise="72.60" route="routebottom" type="cfm-fast" waiting="0.00" lane="bottom_0" pos="9.47" speed="22.95" angle="77.38" x="83.82" y="-1.91"/>
        <vehicle id="cfm-slow_0" eclass="HBEFA3/PC_G_EU4" CO2="14386.05" CO="223.36" HC="1.37" NOx="6.28" PMx="0.32" fuel="6.18" electricity="0.00" noise="74.90" route="routebottom" type="cfm-slow" waiting="0.00" lane="bottom_0" pos="29.17" speed="18.31" angle="41.96" x="118.08" y="21.90"/>
        <vehicle id="cfm-slow_1" eclass="HBEFA3/PC_G_EU4" CO2="15625.84" CO="248.69" HC="1.52" NOx="6.86" PMx="0.36" fuel="6.72" electricity="0.00" noise="75.91" route="routebottom" type="cfm-slow" waiting="0.00" lane="bottom_0" pos="45.03" speed="18.39" angle="13.51" x="131.43" y="52.91"/>
        <vehicle id="cfm-slow_2" eclass="HBEFA3/PC_G_EU4" CO2="19844.34" CO="334.79" HC="2.01" NOx="8.85" PMx="0.47" fuel="8.53" electricity="0.00" noise="79.40" route="routebottom" type="cfm-slow" waiting="0.00" lane="right_0" pos="10.97" speed="18.74" angle="344.68" x="128.21" y="86.90"/>
        <vehicle id="cfm-slow_3" eclass="HBEFA3/PC_G_EU4" CO2="31373.10" CO="570.31" HC="3.37" NOx="14.26" PMx="0.77" fuel="13.49" electricity="0.00" noise="88.47" route="routebottom" type="cfm-slow" waiting="0.00" lane="right_0" pos="27.30" speed="19.95" angle="315.37" x="108.54" y="115.54"/>
        <vehicle id="cfm-slow_4" eclass="HBEFA3/PC_G_EU4" CO2="54630.97" CO="1050.38" HC="6.14" NOx="25.16" PMx="1.38" fuel="23.48" electricity="0.00" noise="103.00" route="routeright" type="cfm-slow" waiting="0.00" lane="right_0" pos="44.94" speed="23.24" angle="283.66" x="74.60" y="131.40"/>
        <vehicle id="cfm-slow_5" eclass="HBEFA3/PC_G_EU4" CO2="73144.35" CO="1459.18" HC="8.47" NOx="33.75" PMx="1.88" fuel="31.44" electricity="0.00" noise="107.68" route="routetop" type="cfm-slow" waiting="0.00" lane="top_0" pos="16.08" speed="29.55" angle="245.50" x="30.43" y="123.67"/>
    </timestep>
    <timestep time="2.38">
        <vehicle id="cfm-fast_0" eclass="HBEFA3/PC_G_EU4" CO2="79553.17" CO="1601.25" HC="9.28" NOx="36.75" PMx="2.06" fuel="34.20" electricity="0.00" noise="109.90" route="routetop" type="cfm-fast" waiting="0.00" lane="top_1" pos="33.96" speed="30.89" angle="213.42" x="6.48" y="95.20"/>
        <vehicle id="cfm-fast_1" eclass="HBEFA3/PC_G_EU4" CO2="63092.16" CO="1258.47" HC="7.31" NOx="28.99" PMx="1.62" fuel="27.12" electricity="0.00" noise="101.28" route="routetop" type="cfm-fast" waiting="0.00" lane="top_0" pos="49.71" speed="30.40" angle="185.05" x="-4.94" y="64.39"/>
        <vehicle id="cfm-fast_2" eclass="HBEFA3/PC_G_EU4" CO2="86437.52" CO="1744.22" HC="10.10" NOx="39.99" PMx="2.24" fuel="37.16" electricity="0.00" noise="113.50" route="routetop" type="cfm-fast" waiting="0.00" lane="left_1" pos="15.65" speed="31.04" angle="156.37" x="6.09" y="32.82"/>
        <vehicle id="cfm-fast_3" eclass="HBEFA3/PC_G_EU4" CO2="32225.98" CO="609.64" HC="3.58" NOx="14.47" PMx="0.81" fuel="13.85" electricity="0.00" noise="84.78" route="routetop" type="cfm-fast" waiting="0.00" lane="left_0" pos="30.84" speed="28.47" angle="129.02" x="24.80" y="7.12"/>
        <vehicle id="cfm-fast_4" eclass="HBEFA3/PC_G_EU4" CO2="120481.41" CO="2453.99" HC="14.18" NOx="56.03" PMx="3.13" fuel="51.79" electricity="0.00" noise="130.32" route="routeleft" type="cfm-fast" waiting="0.00" lane="left_1" pos="47.53" speed="32.06" angle="99.01" x="58.57" y="-1.45"/>
        <vehicle id="cfm-fast_5" eclass="HBEFA3/PC_G_EU4" CO2="9862.74" CO="128.22" HC="0.83" NOx="4.04" PMx="0.21" fuel="4.24" electricity="0.00" noise="72.50" route="routebottom" type="cfm-fast" waiting="0.00" lane="bottom_0" pos="9.70" speed="22.96" angle="76.96" x="84.29" y="-1.76"/>
        <vehicle id="cfm-slow_0" eclass="HBEFA3/PC_G_EU4" CO2="14314.39" CO="221.83" HC="1.36" NOx="6.25" PMx="0.32" fuel="6.15" electricity="0.00" noise="74.83" route="routebottom" type="cfm-slow" waiting="0.00" lane="bottom_0" pos="29.35" speed="18.33" angle="41.62" x="118.32" y="22.21"/>
        <vehicle id="cfm-slow_1" eclass="HBEFA3/PC_G_EU4" CO2="15582.72" CO="247.74" HC="1.51" NOx="6.84" PMx="0.36" fuel="6.70" electricity="0.00" noise="75.87" route="routebottom" type="cfm-slow" waiting="0.00" lane="bottom_0" pos="45.21" speed="18.42" angle="13.18" x="131.48" y="53.30"/>
        <vehicle id="cfm-slow_2" eclass="HBEFA3/PC_G_EU4" CO2="19868.74" CO="335.22" HC="2.02" NOx="8.86" PMx="0.47" fuel="8.54" electricity="0.00" noise="79.41" route="routebottom" type="cfm-slow" waiting="0.00" lane="right_0" pos="11.16" speed="18.78" angle="344.32" x="128.07" y="87.28"/>
        <vehicle id="cfm-slow_3" eclass="HBEFA3/PC_G_EU4" CO2="31498.91" CO="572.85" HC="3.39" NOx="14.32" PMx="0.77" fuel="13.54" electricity="0.00" noise="88.53" route="routebottom" type="cfm-slow" waiting="0.00" lane="right_0" pos="27.50" speed="20.01" angle="314.99" x="108.21" y="115.82"/>
        <vehicle id="cfm-slow_4" eclass="HBEFA3/PC_G_EU4" CO2="54739.86" CO="1052.77" HC="6.15" NOx="25.20" PMx="1.38" fuel="23.53" electricity="0.00" noise="102.98" route="routeright" type="cfm-slow" waiting="0.00" lane="right_0" pos="45.18" speed="23.33" angle="283.24" x="74.10" y="131.47"/>
        <vehicle id="cfm-slow_5" eclass="HBEFA3/PC_G_EU4" CO2="72710.00" CO="1450.85" HC="8.42" NOx="33.54" PMx="1.87" fuel="31.25" electricity="0.00" noise="107.35" route="routetop" type="cfm-slow" waiting="0.00" lane="top_0" pos="16.38" speed="29.64" angle="244.96" x="29.88" y="123.36"/>
    </timestep>
    <timestep time="2.39">
        <vehicle id="cfm-fast_0" eclass="HBEFA3/PC_G_EU4" CO2="79200.69" CO="1594.73" HC="9.24" NOx="36.58" PMx="2.05" fuel="34.04" electricity="0.00" noise="109.62" route="routetop" type="cfm-fast" waiting="0.00" lane="top_1" pos="34.27" speed="30.98" angle="212.85" x="6.18" y="94.64"/>
        <vehicle id="cfm-fast_1" eclass="HBEFA3/PC_G_EU4" CO2="62331.44" CO="1243.36" HC="7.22" NOx="28.63" PMx="1.60" fuel="26.79" electricity="0.00" noise="100.80" route="routetop" type="cfm-fast" waiting="0.00" lane="left_0" pos="0.01" speed="30.47" angle="184.46" x="-4.95" y="63.55"/>
        <vehicle id="cfm-fast_2" eclass="HBEFA3/PC_G_EU4" CO2="86345.47" CO="1743.15" HC="10.09" NOx="39.95" PMx="2.23" fuel="37.12" electricity="0.00" noise="113.34" route="routetop" type="cfm-fast" waiting="0.00" lane="left_1" pos="15.96" speed="31.14" angle="155.80" x="6.40" y="32.27"/>
        <vehicle id="cfm-fast_3" eclass="HBEFA3/PC_G_EU4" CO2="31476.56" CO="594.43" HC="3.49" NOx="14.11" PMx="0.79" fuel="13.53" electricity="0.00" noise="84.34" route="routetop" type="cfm-fast" waiting="0.00" lane="left_0" pos="31.13" speed="28.50" angle="128.50" x="25.31" y="6.78"/>
        <vehicle id="cfm-fast_4" eclass="HBEFA3/PC_G_EU4" CO2="121017.21" CO="2466.27" HC="14.25" NOx="56.28" PMx="3.14" fuel="52.02" electricity="0.00" noise="130.39" route="routeleft" type="cfm-fast" waiting="0.00" lane="left_1" pos="47.85" speed="32.19" angle="98.42" x="59.23" y="-1.49"/>
        <vehicle id="cfm-fast_5" eclass="HBEFA3/PC_G_EU4" CO2="9635.46" CO="123.55" HC="0.80" NOx="3.93" PMx="0.21" fuel="4.14" electricity="0.00" noise="72.40" route="routebottom" type="cfm-fast" waiting="0.00" lane="bottom_0" pos="9.92" speed="22.97" angle="76.53" x="84.77" y="-1.62"/>
        <vehicle id="cfm-slow_0" eclass="HBEFA3/PC_G_EU4" CO2="14243.51" CO="220.31" HC="1.35" NOx="6.21" PMx="0.32" fuel="6.12" electricity="0.00" noise="74.77" route="routebottom" type="cfm-slow" waiting="0.00" lane="bottom_0" pos="29.54" speed="18.36" angle="41.34" x="118.56" y="22.52"/>
        <vehicle id="cfm-slow_1" eclass="HBEFA3/PC_G_EU4" CO2="15540.75" CO="246.82" HC="1.51" NOx="6.82" PMx="0.35" fuel="6.68" electricity="0.00" noise="75.83" route="routebottom" type="cfm-slow" waiting="0.00" lane="bottom_0" pos="45.39" speed="18.44" angle="12.85" x="131.54" y="53.70"/>
        <vehicle id="cfm-slow_2" eclass="HBEFA3/PC_G_EU4" CO2="19894.53" CO="335.68" HC="2.02" NOx="8.87" PMx="0.47" fuel="8.55" electricity="0.00" noise="79.42" route="routebottom" type="cfm-slow" waiting="0.00" lane="right_0" pos="11.35" speed="18.81" angle="343.97" x="127.93" y="87.66"/>
        <vehicle id="cfm-slow_3" eclass="HBEFA3/PC_G_EU4" CO2="31625.05" CO="575.40" HC="3.40" NOx="14.37" PMx="0.78" fuel="13.59" electricity="0.00" noise="88.59" route="routebottom" type="cfm-slow" waiting="0.00" lane="right_0" pos="27.70" speed="20.06" angle="314.62" x="107.89" y="116.10"/>
        <vehicle id="cfm-slow_4" eclass="HBEFA3/PC_G_EU4" CO2="54844.95" CO="1055.09" HC="6.17" NOx="25.25" PMx="1.39" fuel="23.58" electricity="0.00" noise="102.95" route="routeright" type="cfm-slow" waiting="0.00" lane="right_0" pos="45.41" speed="23.41" angle="282.82" x="73.60" y="131.54"/>
        <vehicle id="cfm-slow_5" eclass="HBEFA3/PC_G_EU4" CO2="72272.52" CO="1442.45" HC="8.37" NOx="33.34" PMx="1.86" fuel="31.07" electricity="0.00" noise="107.01" route="routetop" type="cfm-slow" waiting="0.00" lane="top_0" pos="16.68" speed="29.72" angle="244.48" x="29.32" y="123.05"/>
    </timestep>
    <timestep time="2.40">
        <vehicle id="cfm-fast_0" eclass="HBEFA3/PC_G_EU4" CO2="78850.94" CO="1588.27" HC="9.20" NOx="36.41" PMx="2.04" fuel="33.89" electricity="0.00" noise="109.34" route="routetop" type="cfm-fast" waiting="0.00" lane="top_1" pos="34.58" speed="31.07" angle="212.33" x="5.87" y="94.09"/>
        <vehicle id="cfm-fast_1" eclass="HBEFA3/PC_G_EU4" CO2="61570.44" CO="1228.23" HC="7.13" NOx="28.27" PMx="1.58" fuel="26.47" electricity="0.00" noise="100.33" route="routetop" type="cfm-fast" waiting="0.00" lane="left_0" pos="0.32" speed="30.54" angle="183.91" x="-4.93" y="62.89"/>
        <vehicle id="cfm-fast_2" eclass="HBEFA3/PC_G_EU4" CO2="86259.57" CO="1742.20" HC="10.08" NOx="39.90" PMx="2.23" fuel="37.08" electricity="0.00" noise="113.18" route="routetop" type="cfm-fast" waiting="0.00" lane="left_1" pos="16.27" speed="31.23" angle="155.22" x="6.71" y="31.71"/>
        <vehicle id="cfm-fast_3" eclass="HBEFA3/PC_G_EU4" CO2="30734.04" CO="579.35" HC="3.41" NOx="13.76" PMx="0.77" fuel="13.21" electricity="0.00" noise="83.92" route="routetop" type="cfm-fast" waiting="0.00" lane="left_0" pos="31.41" speed="28.54" angle="127.99" x="25.82" y="6.44"/>
        <vehicle id="cfm-fast_4" eclass="HBEFA3/PC_G_EU4" CO2="121553.29" CO="2478.57" HC="14.32" NOx="56.53" PMx="3.16" fuel="52.25" electricity="0.00" noise="130.46" route="routeleft" type="cfm-fast" waiting="0.00" lane="left_1" pos="48.17" speed="32.33" angle="97.82" x="59.89" y="-1.53"/>
        <vehicle id="cfm-fast_5" eclass="HBEFA3/PC_G_EU4" CO2="9411.77" CO="118.96" HC="0.77" NOx="3.82" PMx="0.20" fuel="4.05" electricity="0.00" noise="72.30" route="routebottom" type="cfm-fast" waiting="0.00" lane="bottom_0" pos="10.15" speed="22.98" angle="76.14" x="85.24" y="-1.47"/>
        <vehicle id="cfm-slow_0" eclass="HBEFA3/PC_G_EU4" CO2="14173.43" CO="218.82" HC="1.34" NOx="6.18" PMx="0.32" fuel="6.09" electricity="0.00" noise="74.71" route="routebottom" type="cfm-slow" waiting="0.00" lane="bottom_0" pos="29.72" speed="18.38" angle="41.00" x="118.79" y="22.84"/>
        <vehicle id="cfm-slow_1" eclass="HBEFA3/PC_G_EU4" CO2="15499.93" CO="245.92" HC="1.50" NOx="6.80" PMx="0.35" fuel="6.66" electricity="0.00" noise="75.79" route="routebottom" type="cfm-slow" waiting="0.00" lane="bottom_0" pos="45.58" speed="18.47" angle="12.51" x="131.59" y="54.09"/>
        <vehicle id="cfm-slow_2" eclass="HBEFA3/PC_G_EU4" CO2="19921.70" CO="336.17" HC="2.02" NOx="8.88" PMx="0.47" fuel="8.56" electricity="0.00" noise="79.42" route="routebottom" type="cfm-slow" waiting="0.00" lane="right_0" pos="11.54" speed="18.85" angle="343.67" x="127.79" y="88.04"/>
        <vehicle id="cfm-slow_3" eclass="HBEFA3/PC_G_EU4" CO2="31751.49" CO="577.95" HC="3.42" NOx="14.43" PMx="0.78" fuel="13.65" electricity="0.00" noise="88.64" route="routebottom" type="cfm-slow" waiting="0.00" lane="right_0" pos="27.90" speed="20.12" angle="314.24" x="107.56" y="116.38"/>
        <vehicle id="cfm-slow_4" eclass="HBEFA3/PC_G_EU4" CO2="54946.21" CO="1057.34" HC="6.18" NOx="25.30" PMx="1.39" fuel="23.62" electricity="0.00" noise="102.91" route="routeright" type="cfm-slow" waiting="0.00" lane="right_0" pos="45.64" speed="23.49" angle="282.39" x="73.10" y="131.61"/>
        <vehicle id="cfm-slow_5" eclass="HBEFA3/PC_G_EU4" CO2="71831.98" CO="1434.00" HC="8.32" NOx="33.13" PMx="1.85" fuel="30.88" electricity="0.00" noise="106.68" route="routetop" type="cfm-slow" waiting="0.00" lane="top_0" pos="16.97" speed="29.81" angle="243.94" x="28.77" y="122.73"/>
    </timestep>
    <timestep time="2.41">
        <vehicle id="cfm-fast_0" eclass="HBEFA3/PC_G_EU4" CO2="78504.00" CO="1581.87" HC="9.16" NOx="36.25" PMx="2.03" fuel="33.74" electricity="0.00" noise="109.07" route="routetop" type="cfm-fast" waiting="0.00" lane="top_1" pos="34.89" speed="31.16" angle="211.77" x="5.58" y="93.52"/>
        <vehicle id="cfm-fast_1" eclass="HBEFA3/PC_G_EU4" CO2="60809.32" CO="1213.10" HC="7.04" NOx="27.91" PMx="1.57" fuel="26.14" electricity="0.00" noise="99.86" route="routetop" type="cfm-fast" waiting="0.00" lane="left_0" pos="0.62" speed="30.61" angle="183.35" x="-4.92" y="62.23"/>
        <vehicle id="cfm-fast_2" eclass="HBEFA3/PC_G_EU4" CO2="86179.81" CO="1741.39" HC="10.08" NOx="39.86" PMx="2.23" fuel="37.04" electricity="0.00" noise="113.03" route="routetop" type="cfm-fast" waiting="0.00" lane="left_1" pos="16.58" speed="31.33" angle="154.67" x="7.03" y="31.14"/>
        <vehicle id="cfm-fast_3" eclass="HBEFA3/PC_G_EU4" CO2="29998.44" CO="564.41" HC="3.32" NOx="13.41" PMx="0.75" fuel="12.89" electricity="0.00" noise="83.50" route="routetop" type="cfm-fast" waiting="0.00" lane="left_0" pos="31.70" speed="28.57" angle="127.47" x="26.33" y="6.10"/>
        <vehicle id="cfm-fast_4" eclass="HBEFA3/PC_G_EU4" CO2="122089.67" CO="2490.89" HC="14.39" NOx="56.78" PMx="3.17" fuel="52.48" electricity="0.00" noise="130.52" route="routeleft" type="cfm-fast" waiting="0.00" lane="left_1" pos="48.50" speed="32.47" angle="97.22" x="60.55" y="-1.57"/>
        <vehicle id="cfm-fast_5" eclass="HBEFA3/PC_G_EU4" CO2="9191.64" CO="114.44" HC="0.75" NOx="3.72" PMx="0.19" fuel="3.95" electricity="0.00" noise="72.21" route="routebottom" type="cfm-fast" waiting="0.00" lane="bottom_0" pos="10.38" speed="22.99" angle="75.76" x="85.71" y="-1.31"/>
        <vehicle id="cfm-slow_0" eclass="HBEFA3/PC_G_EU4" CO2="14104.14" CO="217.34" HC="1.34" NOx="6.15" PMx="0.32" fuel="6.06" electricity="0.00" noise="74.65" route="routebottom" type="cfm-slow" waiting="0.00" lane="bottom_0" pos="29.90" speed="18.40" angle="40.67" x="119.03" y="23.16"/>
        <vehicle id="cfm-slow_1" eclass="HBEFA3/PC_G_EU4" CO2="15460.26" CO="245.04" HC="1.50" NOx="6.78" PMx="0.35" fuel="6.65" electricity="0.00" noise="75.75" route="routebottom" type="cfm-slow" waiting="0.00" lane="bottom_0" pos="45.76" speed="18.50" angle="12.18" x="131.65" y="54.48"/>
        <vehicle id="cfm-slow_2" eclass="HBEFA3/PC_G_EU4" CO2="19950.23" CO="336.70" HC="2.02" NOx="8.89" PMx="0.47" fuel="8.58" electricity="0.00" noise="79.43" route="routebottom" type="cfm-slow" waiting="0.00" lane="right_0" pos="11.73" speed="18.88" angle="343.33" x="127.64" y="88.41"/>
        <vehicle id="cfm-slow_3" eclass="HBEFA3/PC_G_EU4" CO2="31878.19" CO="580.51" HC="3.43" NOx="14.49" PMx="0.78" fuel="13.70" electricity="0.00" noise="88.70" route="routebottom" type="cfm-slow" waiting="0.00" lane="right_0" pos="28.11" speed="20.17" angle="313.88" x="107.22" y="116.66"/>
        <vehicle id="cfm-slow_4" eclass="HBEFA3/PC_G_EU4" CO2="55043.64" CO="1059.51" HC="6.19" NOx="25.34" PMx="1.39" fuel="23.66" electricity="0.00" noise="102.88" route="routeright" type="cfm-slow" waiting="0.00" lane="right_0" pos="45.88" speed="23.58" angle="281.97" x="72.60" y="131.68"/>
        <vehicle id="cfm-slow_5" eclass="HBEFA3/PC_G_EU4" CO2="71388.46" CO="1425.48" HC="8.27" NOx="32.91" PMx="1.84" fuel="30.69" electricity="0.00" noise="106.35" route="routetop" type="cfm-slow" waiting="0.00" lane="top_0" pos="17.27" speed="29.89" angle="243.40" x="28.21" y="122.40"/>
    </timestep>
    <timestep time="2.42">
        <vehicle id="cfm-fast_0" eclass="HBEFA3/PC_G_EU4" CO2="78159.97" CO="1575.53" HC="9.12" NOx="36.08" PMx="2.02" fuel="33.60" electricity="0.00" noise="108.79" route="routetop" type="cfm-fast" waiting="0.00" lane="top_1" pos="35.20" speed="31.24" angle="211.20" x="5.29" y="92.94"/>
        <vehicle id="cfm-fast_1" eclass="HBEFA3/PC_G_EU4" CO2="60048.23" CO="1197.97" HC="6.95" NOx="27.55" PMx="1.55" fuel="25.81" electricity="0.00" noise="99.40" route="routetop" type="cfm-fast" waiting="0.00" lane="left_0" pos="0.93" speed="30.67" angle="182.80" x="-4.90" y="61.57"/>
        <vehicle id="cfm-fast_2" eclass="HBEFA3/PC_G_EU4" CO2="86106.20" CO="1740.71" HC="10.07" NOx="39.83" PMx="2.23" fuel="37.01" electricity="0.00" noise="112.88" route="routetop" type="cfm-fast" waiting="0.00" lane="left_1" pos="16.90" speed="31.43" angle="154.11" x="7.35" y="30.59"/>
        <vehicle id="cfm-fast_3" eclass="HBEFA3/PC_G_EU4" CO2="29269.83" CO="549.61" HC="3.23" NOx="13.07" PMx="0.73" fuel="12.58" electricity="0.00" noise="83.10" route="routetop" type="cfm-fast" waiting="0.00" lane="left_0" pos="31.98" speed="28.60" angle="126.98" x="26.84" y="5.76"/>
        <vehicle id="cfm-fast_4" eclass="HBEFA3/PC_G_EU4" CO2="122626.34" CO="2503.24" HC="14.46" NOx="57.03" PMx="3.19" fuel="52.71" electricity="0.00" noise="130.59" route="routeleft" type="cfm-fast" waiting="0.00" lane="left_1" pos="48.82" speed="32.60" angle="96.68" x="61.22" y="-1.60"/>
        <vehicle id="cfm-fast_5" eclass="HBEFA3/PC_G_EU4" CO2="8975.04" CO="110.00" HC="0.72" NOx="3.62" PMx="0.19" fuel="3.86" electricity="0.00" noise="72.11" route="routebottom" type="cfm-fast" waiting="0.00" lane="bottom_0" pos="10.61" speed="22.99" angle="75.33" x="86.17" y="-1.14"/>
        <vehicle id="cfm-slow_0" eclass="HBEFA3/PC_G_EU4" CO2="14035.65" CO="215.87" HC="1.33" NOx="6.11" PMx="0.32" fuel="6.03" electricity="0.00" noise="74.59" route="routebottom" type="cfm-slow" waiting="0.00" lane="bottom_0" pos="30.09" speed="18.43" angle="40.33" x="119.26" y="23.49"/>
        <vehicle id="cfm-slow_1" eclass="HBEFA3/PC_G_EU4" CO2="15421.74" CO="244.19" HC="1.49" NOx="6.76" PMx="0.35" fuel="6.63" electricity="0.00" noise="75.72" route="routebottom" type="cfm-slow" waiting="0.00" lane="bottom_0" pos="45.95" speed="18.52" angle="11.84" x="131.71" y="54.88"/>
        <vehicle id="cfm-slow_2" eclass="HBEFA3/PC_G_EU4" CO2="19980.13" CO="337.25" HC="2.03" NOx="8.91" PMx="0.47" fuel="8.59" electricity="0.00" noise="79.44" route="routebottom" type="cfm-slow" waiting="0.00" lane="right_0" pos="11.92" speed="18.91" angle="342.98" x="127.49" y="88.79"/>
        <vehicle id="cfm-slow_3" eclass="HBEFA3/PC_G_EU4" CO2="32005.13" CO="583.08" HC="3.45" NOx="14.55" PMx="0.79" fuel="13.76" electricity="0.00" noise="88.76" route="routebottom" type="cfm-slow" waiting="0.00" lane="right_0" pos="28.31" speed="20.23" angle="313.56" x="106.89" y="116.94"/>
        <vehicle id="cfm-slow_4" eclass="HBEFA3/PC_G_EU4" CO2="55137.24" CO="1061.61" HC="6.20" NOx="25.38" PMx="1.39" fuel="23.70" electricity="0.00" noise="102.84" route="routeright" type="cfm-slow" waiting="0.00" lane="right_0" pos="46.12" speed="23.66" angle="281.57" x="72.09" y="131.76"/>
        <vehicle id="cfm-slow_5" eclass="HBEFA3/PC_G_EU4" CO2="70942.03" CO="1416.90" HC="8.22" NOx="32.70" PMx="1.83" fuel="30.49" electricity="0.00" noise="106.02" route="routetop" type="cfm-slow" waiting="0.00" lane="top_0" pos="17.57" speed="29.98" angle="242.86" x="27.66" y="122.07"/>
    </timestep>
    <timestep time="2.43">
        <vehicle id="cfm-fast_0" eclass="HBEFA3/PC_G_EU4" CO2="77818.95" CO="1569.25" HC="9.09" NOx="35.92" PMx="2.01" fuel="33.45" electricity="0.00" noise="108.53" route="routetop" type="cfm-fast" waiting="0.00" lane="top_1" pos="35.52" speed="31.33" angle="210.63" x="5.00" y="92.37"/>
        <vehicle id="cfm-fast_1" eclass="HBEFA3/PC_G_EU4" CO2="59287.31" CO="1182.84" HC="6.87" NOx="27.19" PMx="1.53" fuel="25.48" electricity="0.00" noise="98.93" route="routetop" type="cfm-fast" waiting="0.00" lane="left_0" pos="1.24" speed="30.74" angle="182.26" x="-4.89" y="60.91"/>
        <vehicle id="cfm-fast_2" eclass="HBEFA3/PC_G_EU4" CO2="86038.71" CO="1740.15" HC="10.07" NOx="39.79" PMx="2.23" fuel="36.98" electricity="0.00" noise="112.74" route="routetop" type="cfm-fast" waiting="0.00" lane="left_1" pos="17.21" speed="31.53" angle="153.52" x="7.69" y="30.04"/>
        <vehicle id="cfm-fast_3" eclass="HBEFA3/PC_G_EU4" CO2="28548.23" CO="534.94" HC="3.15" NOx="12.73" PMx="0.71" fuel="12.27" electricity="0.00" noise="82.70" route="routetop" type="cfm-fast" waiting="0.00" lane="left_0" pos="32.27" speed="28.63" angle="126.49" x="27.37" y="5.44"/>
        <vehicle id="cfm-fast_4" eclass="HBEFA3/PC_G_EU4" CO2="123163.31" CO="2515.61" HC="14.53" NOx="57.28" PMx="3.20" fuel="52.94" electricity="0.00" noise="130.65" route="routeleft" type="cfm-fast" waiting="0.00" lane="left_1" pos="49.15" speed="32.74" angle="96.06" x="61.89" y="-1.62"/>
        <vehicle id="cfm-fast_5" eclass="HBEFA3/PC_G_EU4" CO2="8761.94" CO="105.62" HC="0.70" NOx="3.52" PMx="0.18" fuel="3.77" electricity="0.00" noise="72.03" route="routebottom" type="cfm-fast" waiting="0.00" lane="bottom_0" pos="10.84" speed="23.00" angle="74.90" x="86.64" y="-0.98"/>
        <vehicle id="cfm-slow_0" eclass="HBEFA3/PC_G_EU4" CO2="13967.96" CO="214.43" HC="1.32" NOx="6.08" PMx="0.31" fuel="6.00" electricity="0.00" noise="74.54" route="routebottom" type="cfm-slow" waiting="0.00" lane="bottom_0" pos="30.27" speed="18.45" angle="39.99" x="119.49" y="23.81"/>
        <vehicle id="cfm-slow_1" eclass="HBEFA3/PC_G_EU4" CO2="15384.37" CO="243.37" HC="1.49" NOx="6.75" PMx="0.35" fuel="6.61" electricity="0.00" noise="75.68" route="routebottom" type="cfm-slow" waiting="0.00" lane="bottom_0" pos="46.13" speed="18.55" angle="11.54" x="131.76" y="55.27"/>
        <vehicle id="cfm-slow_2" eclass="HBEFA3/PC_G_EU4" CO2="20011.36" CO="337.82" HC="2.03" NOx="8.92" PMx="0.47" fuel="8.60" electricity="0.00" noise="79.46" route="routebottom" type="cfm-slow" waiting="0.00" lane="right_0" pos="12.10" speed="18.95" angle="342.64" x="127.34" y="89.17"/>
        <vehicle id="cfm-slow_3" eclass="HBEFA3/PC_G_EU4" CO2="32132.26" CO="585.66" HC="3.46" NOx="14.61" PMx="0.79" fuel="13.81" electricity="0.00" noise="88.82" route="routebottom" type="cfm-slow" waiting="0.00" lane="right_0" pos="28.51" speed="20.28" angle="313.19" x="106.54" y="117.21"/>
        <vehicle id="cfm-slow_4" eclass="HBEFA3/PC_G_EU4" CO2="55227.00" CO="1063.63" HC="6.21" NOx="25.42" PMx="1.40" fuel="23.74" electricity="0.00" noise="102.80" route="routeright" type="cfm-slow" waiting="0.00" lane="right_0" pos="46.35" speed="23.74" angle="281.17" x="71.59" y="131.82"/>
        <vehicle id="cfm-slow_5" eclass="HBEFA3/PC_G_EU4" CO2="70492.75" CO="1408.26" HC="8.17" NOx="32.49" PMx="1.82" fuel="30.30" electricity="0.00" noise="105.69" route="routetop" type="cfm-slow" waiting="0.00" lane="top_0" pos="17.87" speed="30.06" angle="242.36" x="27.10" y="121.73"/>
    </timestep>
    <timestep time="2.44">
        <vehicle id="cfm-fast_0" eclass="HBEFA3/PC_G_EU4" CO2="77481.02" CO="1563.03" HC="9.05" NOx="35.76" PMx="2.00" fuel="33.31" electricity="0.00" noise="108.26" route="routetop" type="cfm-fast" waiting="0.00" lane="top_1" pos="35.83" speed="31.42" angle="210.08" x="4.72" y="91.79"/>
        <vehicle id="cfm-fast_1" eclass="HBEFA3/PC_G_EU4" CO2="58526.70" CO="1167.70" HC="6.78" NOx="26.83" PMx="1.51" fuel="25.16" electricity="0.00" noise="98.47" route="routetop" type="cfm-fast" waiting="0.00" lane="left_0" pos="1.54" speed="30.81" angle="181.70" x="-4.85" y="60.25"/>
        <vehicle id="cfm-fast_2" eclass="HBEFA3/PC_G_EU4" CO2="85977.35" CO="1739.73" HC="10.07" NOx="39.76" PMx="2.23" fuel="36.96" electricity="0.00" noise="112.61" route="routetop" type="cfm-fast" waiting="0.00" lane="left_1" pos="17.53" speed="31.62" angle="152.93" x="8.02" y="29.48"/>
        <vehicle id="cfm-fast_3" eclass="HBEFA3/PC_G_EU4" CO2="27833.67" CO="520.42" HC="3.07" NOx="12.39" PMx="0.70" fuel="11.96" electricity="0.00" noise="82.30" route="routetop" type="cfm-fast" waiting="0.00" lane="left_0" pos="32.56" speed="28.66" angle="125.96" x="27.90" y="5.12"/>
        <vehicle id="cfm-fast_4" eclass="HBEFA3/PC_G_EU4" CO2="123700.56" CO="2528.00" HC="14.60" NOx="57.54" PMx="3.22" fuel="53.17" electricity="0.00" noise="130.72" route="routeleft" type="cfm-fast" waiting="0.00" lane="left_1" pos="49.48" speed="32.88" angle="95.44" x="62.56" y="-1.63"/>
        <vehicle id="cfm-fast_5" eclass="HBEFA3/PC_G_EU4" CO2="8552.30" CO="101.32" HC="0.67" NOx="3.42" PMx="0.18" fuel="3.68" electricity="0.00" noise="71.94" route="routebottom" type="cfm-fast" waiting="0.00" lane="bottom_0" pos="11.07" speed="23.01" angle="74.47" x="87.10" y="-0.81"/>
        <vehicle id="cfm-slow_0" eclass="HBEFA3/PC_G_EU4" CO2="13901.07" CO="213.00" HC="1.31" NOx="6.05" PMx="0.31" fuel="5.98" electricity="0.00" noise="74.48" route="routebottom" type="cfm-slow" waiting="0.00" lane="bottom_0" pos="30.46" speed="18.47" angle="39.65" x="119.72" y="24.13"/>
        <vehicle id="cfm-slow_1" eclass="HBEFA3/PC_G_EU4" CO2="15348.16" CO="242.57" HC="1.48" NOx="6.73" PMx="0.35" fuel="6.60" electricity="0.00" noise="75.64" route="routebottom" type="cfm-slow" waiting="0.00" lane="bottom_0" pos="46.32" speed="18.57" angle="11.23" x="131.81" y="55.67"/>
        <vehicle id="cfm-slow_2" eclass="HBEFA3/PC_G_EU4" CO2="20043.92" CO="338.43" HC="2.03" NOx="8.93" PMx="0.47" fuel="8.62" electricity="0.00" noise="79.47" route="routebottom" type="cfm-slow" waiting="0.00" lane="right_0" pos="12.29" speed="18.98" angle="342.29" x="127.19" y="89.55"/>
        <vehicle id="cfm-slow_3" eclass="HBEFA3/PC_G_EU4" CO2="32259.56" CO="588.24" HC="3.48" NOx="14.67" PMx="0.79" fuel="13.87" electricity="0.00" noise="88.88" route="routebottom" type="cfm-slow" waiting="0.00" lane="right_0" pos="28.72" speed="20.34" angle="312.82" x="106.20" y="117.48"/>
        <vehicle id="cfm-slow_4" eclass="HBEFA3/PC_G_EU4" CO2="55312.92" CO="1065.58" HC="6.23" NOx="25.46" PMx="1.40" fuel="23.78" electricity="0.00" noise="102.76" route="routeright" type="cfm-slow" waiting="0.00" lane="right_0" pos="46.59" speed="23.83" angle="280.73" x="71.08" y="131.87"/>
        <vehicle id="cfm-slow_5" eclass="HBEFA3/PC_G_EU4" CO2="70040.70" CO="1399.56" HC="8.12" NOx="32.27" PMx="1.80" fuel="30.11" electricity="0.00" noise="105.36" route="routetop" type="cfm-slow" waiting="0.00" lane="top_0" pos="18.17" speed="30.14" angle="241.81" x="26.56" y="121.38"/>
    </timestep>
    <timestep time="2.45">
        <vehicle id="cfm-fast_0" eclass="HBEFA3/PC_G_EU4" CO2="77146.27" CO="1556.88" HC="9.01" NOx="35.60" PMx="2.00" fuel="33.16" electricity="0.00" noise="108.00" route="routetop" type="cfm-fast" waiting="0.00" lane="top_1" pos="36.15" speed="31.50" angle="209.52" x="4.45" y="91.21"/>
        <vehicle id="cfm-fast_1" eclass="HBEFA3/PC_G_EU4" CO2="57766.54" CO="1152.57" HC="6.69" NOx="26.47" PMx="1.49" fuel="24.83" electricity="0.00" noise="98.02" route="routetop" type="cfm-fast" waiting="0.00" lane="left_0" pos="1.85" speed="30.87" angle="181.15" x="-4.81" y="59.58"/>
        <vehicle id="cfm-fast_2" eclass="HBEFA3/PC_G_EU4" CO2="85922.11" CO="1739.44" HC="10.06" NOx="39.73" PMx="2.23" fuel="36.93" electricity="0.00" noise="112.48" route="routetop" type="cfm-fast" waiting="0.00" lane="left_1" pos="17.85" speed="31.72" angle="152.35" x="8.36" y="28.92"/>
        <vehicle id="cfm-fast_3" eclass="HBEFA3/PC_G_EU4" CO2="27126.19" CO="506.04" HC="2.98" NOx="12.05" PMx="0.68" fuel="11.66" electricity="0.00" noise="81.92" route="routetop" type="cfm-fast" waiting="0.00" lane="left_0" pos="32.84" speed="28.69" angle="125.42" x="28.43" y="4.80"/>
        <vehicle id="cfm-fast_4" eclass="HBEFA3/PC_G_EU4" CO2="124238.11" CO="2540.41" HC="14.67" NOx="57.79" PMx="3.23" fuel="53.40" electricity="0.00" noise="130.78" route="routeleft" type="cfm-fast" waiting="0.00" lane="left_1" pos="49.81" speed="33.01" angle="94.82" x="63.24" y="-1.64"/>
        <vehicle id="cfm-fast_5" eclass="HBEFA3/PC_G_EU4" CO2="8346.11" CO="97.08" HC="0.65" NOx="3.32" PMx="0.17" fuel="3.59" electricity="0.00" noise="71.86" route="routebottom" type="cfm-fast" waiting="0.00" lane="bottom_0" pos="11.30" speed="23.02" angle="74.04" x="87.57" y="-0.64"/>
        <vehicle id="cfm-slow_0" eclass="HBEFA3/PC_G_EU4" CO2="13834.99" CO="211.59" HC="1.30" NOx="6.02" PMx="0.31" fuel="5.95" electricity="0.00" noise="74.42" route="routebottom" type="cfm-slow" waiting="0.00" lane="bottom_0" pos="30.64" speed="18.49" angle="39.31" x="119.96" y="24.45"/>
        <vehicle id="cfm-slow_1" eclass="HBEFA3/PC_G_EU4" CO2="15313.11" CO="241.79" HC="1.48" NOx="6.71" PMx="0.35" fuel="6.58" electricity="0.00" noise="75.61" route="routebottom" type="cfm-slow" waiting="0.00" lane="bottom_0" pos="46.51" speed="18.60" angle="10.88" x="131.85" y="56.07"/>
        <vehicle id="cfm-slow_2" eclass="HBEFA3/PC_G_EU4" CO2="20077.81" CO="339.07" HC="2.04" NOx="8.95" PMx="0.47" fuel="8.63" electricity="0.00" noise="79.48" route="routebottom" type="cfm-slow" waiting="0.00" lane="right_0" pos="12.48" speed="19.02" angle="341.94" x="127.03" y="89.93"/>
        <vehicle id="cfm-slow_3" eclass="HBEFA3/PC_G_EU4" CO2="32387.00" CO="590.83" HC="3.49" NOx="14.73" PMx="0.80" fuel="13.92" electricity="0.00" noise="88.93" route="routebottom" type="cfm-slow" waiting="0.00" lane="right_0" pos="28.92" speed="20.39" angle="312.44" x="105.85" y="117.75"/>
        <vehicle id="cfm-slow_4" eclass="HBEFA3/PC_G_EU4" CO2="55394.99" CO="1067.46" HC="6.24" NOx="25.50" PMx="1.40" fuel="23.81" electricity="0.00" noise="102.72" route="routeright" type="cfm-slow" waiting="0.00" lane="right_0" pos="46.83" speed="23.91" angle="280.29" x="70.56" y="131.92"/>
        <vehicle id="cfm-slow_5" eclass="HBEFA3/PC_G_EU4" CO2="69585.95" CO="1390.81" HC="8.07" NOx="32.06" PMx="1.79" fuel="29.91" electricity="0.00" noise="105.03" route="routetop" type="cfm-slow" waiting="0.00" lane="top_0" pos="18.48" speed="30.22" angle="241.22" x="26.02" y="121.02"/>
    </timestep>
    <timestep time="2.46">
        <vehicle id="cfm-fast_0" eclass="HBEFA3/PC_G_EU4" CO2="76814.78" CO="1550.80" HC="8.98" NOx="35.44" PMx="1.99" fuel="33.02" electricity="0.00" noise="107.75" route="routetop" type="cfm-fast" waiting="0.00" lane="top_1" pos="36.46" speed="31.59" angle="208.92" x="4.18" y="90.62"/>
        <vehicle id="cfm-fast_1" eclass="HBEFA3/PC_G_EU4" CO2="57006.96" CO="1137.45" HC="6.60" NOx="26.11" PMx="1.47" fuel="24.50" electricity="0.00" noise="97.57" route="routetop" type="cfm-fast" waiting="0.00" lane="left_0" pos="2.16" speed="30.93" angle="180.59" x="-4.77" y="58.92"/>
        <vehicle id="cfm-fast_2" eclass="HBEFA3/PC_G_EU4" CO2="85872.97" CO="1739.28" HC="10.06" NOx="39.71" PMx="2.23" fuel="36.91" electricity="0.00" noise="112.35" route="routetop" type="cfm-fast" waiting="0.00" lane="left_1" pos="18.17" speed="31.82" angle="151.80" x="8.71" y="28.38"/>
        <vehicle id="cfm-fast_3" eclass="HBEFA3/PC_G_EU4" CO2="26425.82" CO="491.80" HC="2.90" NOx="11.72" PMx="0.66" fuel="11.36" electricity="0.00" noise="81.54" route="routetop" type="cfm-fast" waiting="0.00" lane="left_0" pos="33.13" speed="28.72" angle="124.88" x="28.96" y="4.48"/>
        <vehicle id="cfm-fast_4" eclass="HBEFA3/PC_G_EU4" CO2="124775.95" CO="2552.84" HC="14.74" NOx="58.04" PMx="3.25" fuel="53.63" electricity="0.00" noise="130.85" route="routebottom" type="cfm-fast" waiting="0.00" lane="bottom_1" pos="0.14" speed="33.15" angle="94.23" x="63.98" y="-1.64"/>
        <vehicle id="cfm-fast_5" eclass="HBEFA3/PC_G_EU4" CO2="8143.33" CO="92.92" HC="0.62" NOx="3.22" PMx="0.17" fuel="3.50" electricity="0.00" noise="71.78" route="routebottom" type="cfm-fast" waiting="0.00" lane="bottom_0" pos="11.53" speed="23.03" angle="73.68" x="88.03" y="-0.47"/>
        <vehicle id="cfm-slow_0" eclass="HBEFA3/PC_G_EU4" CO2="13769.72" CO="210.19" HC="1.29" NOx="5.98" PMx="0.31" fuel="5.92" electricity="0.00" noise="74.37" route="routebottom" type="cfm-slow" waiting="0.00" lane="bottom_0" pos="30.83" speed="18.52" angle="39.03" x="120.19" y="24.78"/>
        <vehicle id="cfm-slow_1" eclass="HBEFA3/PC_G_EU4" CO2="15279.20" CO="241.04" HC="1.47" NOx="6.69" PMx="0.35" fuel="6.57" electricity="0.00" noise="75.58" route="routebottom" type="cfm-slow" waiting="0.00" lane="bottom_0" pos="46.69" speed="18.62" angle="10.54" x="131.89" y="56.47"/>
        <vehicle id="cfm-slow_2" eclass="HBEFA3/PC_G_EU4" CO2="20113.00" CO="339.73" HC="2.04" NOx="8.97" PMx="0.47" fuel="8.65" electricity="0.00" noise="79.50" route="routebottom" type="cfm-slow" waiting="0.00" lane="right_0" pos="12.68" speed="19.05" angle="341.60" x="126.88" y="90.31"/>
        <vehicle id="cfm-slow_3" eclass="HBEFA3/PC_G_EU4" CO2="32514.55" CO="593.42" HC="3.51" NOx="14.78" PMx="0.80" fuel="13.98" electricity="0.00" noise="88.99" route="routebottom" type="cfm-slow" waiting="0.00" lane="right_0" pos="29.12" speed="20.45" angle="312.07" x="105.51" y="118.02"/>
        <vehicle id="cfm-slow_4" eclass="HBEFA3/PC_G_EU4" CO2="55473.21" CO="1069.26" HC="6.25" NOx="25.54" PMx="1.40" fuel="23.85" electricity="0.00" noise="102.68" route="routeright" type="cfm-slow" waiting="0.00" lane="right_0" pos="47.07" speed="23.99" angle="279.85" x="70.05" y="131.97"/>
        <vehicle id="cfm-slow_5" eclass="HBEFA3/PC_G_EU4" CO2="69128.55" CO="1382.00" HC="8.02" NOx="31.84" PMx="1.78" fuel="29.71" electricity="0.00" noise="104.71" route="routetop" type="cfm-slow" waiting="0.00" lane="top_0" pos="18.78" speed="30.30" angle="240.63" x="25.48" y="120.66"/>
    </timestep>
    <timestep time="2.47">
        <vehicle id="cfm-fast_0" eclass="HBEFA3/PC_G_EU4" CO2="76486.63" CO="1544.79" HC="8.94" NOx="35.28" PMx="1.98" fuel="32.88" electricity="0.00" noise="107.50" route="routetop" type="cfm-fast" waiting="0.00" lane="top_1" pos="36.78" speed="31.68" angle="208.32" x="3.91" y="90.02"/>
        <vehicle id="cfm-fast_1" eclass="HBEFA3/PC_G_EU4" CO2="56248.09" CO="1122.33" HC="6.52" NOx="25.75" PMx="1.45" fuel="24.18" electricity="0.00" noise="97.12" route="routetop" type="cfm-fast" waiting="0.00" lane="left_0" pos="2.47" speed="31.00" angle="180.04" x="-4.74" y="58.25"/>
        <vehicle id="cfm-fast_2" eclass="HBEFA3/PC_G_EU4" CO2="85829.92" CO="1739.25" HC="10.06" NOx="39.69" PMx="2.22" fuel="36.89" electricity="0.00" noise="112.23" route="routetop" type="cfm-fast" waiting="0.00" lane="left_1" pos="18.49" speed="31.91" angle="151.19" x="9.07" y="27.83"/>
        <vehicle id="cfm-fast_3" eclass="HBEFA3/PC_G_EU4" CO2="25732.57" CO="477.70" HC="2.82" NOx="11.40" PMx="0.64" fuel="11.06" electricity="0.00" noise="81.17" route="routetop" type="cfm-fast" waiting="0.00" lane="left_0" pos="33.42" speed="28.75" angle="124.41" x="29.49" y="4.17"/>
        <vehicle id="cfm-fast_4" eclass="HBEFA3/PC_G_EU4" CO2="125314.08" CO="2565.29" HC="14.81" NOx="58.29" PMx="3.26" fuel="53.87" electricity="0.00" noise="130.91" route="routebottom" type="cfm-fast" waiting="0.00" lane="bottom_1" pos="0.47" speed="33.28" angle="93.63" x="64.66" y="-1.63"/>
        <vehicle id="cfm-fast_5" eclass="HBEFA3/PC_G_EU4" CO2="7943.92" CO="88.83" HC="0.60" NOx="3.13" PMx="0.16" fuel="3.41" electricity="0.00" noise="71.70" route="routebottom" type="cfm-fast" waiting="0.00" lane="bottom_0" pos="11.77" speed="23.03" angle="73.27" x="88.49" y="-0.29"/>
        <vehicle id="cfm-slow_0" eclass="HBEFA3/PC_G_EU4" CO2="13705.26" CO="208.82" HC="1.29" NOx="5.95" PMx="0.31" fuel="5.89" electricity="0.00" noise="74.32" route="routebottom" type="cfm-slow" waiting="0.00" lane="bottom_0" pos="31.01" speed="18.54" angle="38.70" x="120.41" y="25.11"/>
        <vehicle id="cfm-slow_1" eclass="HBEFA3/PC_G_EU4" CO2="15246.46" CO="240.31" HC="1.47" NOx="6.68" PMx="0.35" fuel="6.55" electricity="0.00" noise="75.55" route="routebottom" type="cfm-slow" waiting="0.00" lane="bottom_0" pos="46.88" speed="18.65" angle="10.20" x="131.93" y="56.87"/>
        <vehicle id="cfm-slow_2" eclass="HBEFA3/PC_G_EU4" CO2="20149.48" CO="340.42" HC="2.05" NOx="8.98" PMx="0.48" fuel="8.66" electricity="0.00" noise="79.51" route="routebottom" type="cfm-slow" waiting="0.00" lane="right_0" pos="12.87" speed="19.09" angle="341.31" x="126.72" y="90.69"/>
        <vehicle id="cfm-slow_3" eclass="HBEFA3/PC_G_EU4" CO2="32642.17" CO="596.02" HC="3.52" NOx="14.84" PMx="0.80" fuel="14.03" electricity="0.00" noise="89.05" route="routebottom" type="cfm-slow" waiting="0.00" lane="right_0" pos="29.33" speed="20.50" angle="311.70" x="105.16" y="118.29"/>
        <vehicle id="cfm-slow_4" eclass="HBEFA3/PC_G_EU4" CO2="55547.58" CO="1070.99" HC="6.26" NOx="25.57" PMx="1.41" fuel="23.88" electricity="0.00" noise="102.63" route="routeright" type="cfm-slow" waiting="0.00" lane="right_0" pos="47.31" speed="24.07" angle="279.41" x="69.54" y="132.02"/>
        <vehicle id="cfm-slow_5" eclass="HBEFA3/PC_G_EU4" CO2="68668.59" CO="1373.14" HC="7.97" NOx="31.62" PMx="1.77" fuel="29.52" electricity="0.00" noise="104.38" route="routetop" type="cfm-slow" waiting="0.00" lane="top_0" pos="19.08" speed="30.38" angle="240.04" x="24.94" y="120.29"/>
    </timestep>
    <timestep time="2.48">
        <vehicle id="cfm-fast_0" eclass="HBEFA3/PC_G_EU4" CO2="76161.90" CO="1538.85" HC="8.91" NOx="35.13" PMx="1.97" fuel="32.74" electricity="0.00" noise="107.25" route="routetop" type="cfm-fast" waiting="0.00" lane="top_1" pos="37.10" speed="31.76" angle="207.74" x="3.65" y="89.43"/>
        <vehicle id="cfm-fast_1" eclass="HBEFA3/PC_G_EU4" CO2="55490.08" CO="1107.23" HC="6.43" NOx="25.39" PMx="1.43" fuel="23.85" electricity="0.00" noise="96.67" route="routetop" type="cfm-fast" waiting="0.00" lane="left_0" pos="2.78" speed="31.06" angle="179.50" x="-4.67" y="57.59"/>
        <vehicle id="cfm-fast_2" eclass="HBEFA3/PC_G_EU4" CO2="85792.95" CO="1739.34" HC="10.06" NOx="39.67" PMx="2.22" fuel="36.88" electricity="0.00" noise="112.11" route="routetop" type="cfm-fast" waiting="0.00" lane="left_1" pos="18.81" speed="32.01" angle="150.58" x="9.44" y="27.28"/>
        <vehicle id="cfm-fast_3" eclass="HBEFA3/PC_G_EU4" CO2="25046.48" CO="463.74" HC="2.74" NOx="11.07" PMx="0.62" fuel="10.77" electricity="0.00" noise="80.81" route="routetop" type="cfm-fast" waiting="0.00" lane="left_0" pos="33.71" speed="28.77" angle="123.88" x="30.03" y="3.87"/>
        <vehicle id="cfm-fast_4" eclass="HBEFA3/PC_G_EU4" CO2="125852.50" CO="2577.77" HC="14.88" NOx="58.54" PMx="3.28" fuel="54.10" electricity="0.00" noise="130.98" route="routebottom" type="cfm-fast" waiting="0.00" lane="bottom_1" pos="0.81" speed="33.42" angle="93.01" x="65.35" y="-1.62"/>
        <vehicle id="cfm-fast_5" eclass="HBEFA3/PC_G_EU4" CO2="7747.87" CO="84.80" HC="0.58" NOx="3.04" PMx="0.16" fuel="3.33" electricity="0.00" noise="71.62" route="routebottom" type="cfm-fast" waiting="0.00" lane="bottom_0" pos="12.00" speed="23.04" angle="72.86" x="88.96" y="-0.10"/>
        <vehicle id="cfm-slow_0" eclass="HBEFA3/PC_G_EU4" CO2="13641.62" CO="207.46" HC="1.28" NOx="5.92" PMx="0.31" fuel="5.86" electricity="0.00" noise="74.26" route="routebottom" type="cfm-slow" waiting="0.00" lane="bottom_0" pos="31.20" speed="18.56" angle="38.37" x="120.63" y="25.44"/>
        <vehicle id="cfm-slow_1" eclass="HBEFA3/PC_G_EU4" CO2="15214.86" CO="239.61" HC="1.46" NOx="6.66" PMx="0.35" fuel="6.54" electricity="0.00" noise="75.52" route="routebottom" type="cfm-slow" waiting="0.00" lane="bottom_0" pos="47.07" speed="18.68" angle="9.86" x="131.97" y="57.27"/>
        <vehicle id="cfm-slow_2" eclass="HBEFA3/PC_G_EU4" CO2="20187.25" CO="341.14" HC="2.05" NOx="9.00" PMx="0.48" fuel="8.68" electricity="0.00" noise="79.53" route="routebottom" type="cfm-slow" waiting="0.00" lane="right_0" pos="13.06" speed="19.12" angle="340.96" x="126.56" y="91.06"/>
        <vehicle id="cfm-slow_3" eclass="HBEFA3/PC_G_EU4" CO2="32769.83" CO="598.62" HC="3.54" NOx="14.90" PMx="0.81" fuel="14.09" electricity="0.00" noise="89.10" route="routebottom" type="cfm-slow" waiting="0.00" lane="right_0" pos="29.53" speed="20.56" angle="311.38" x="104.81" y="118.56"/>
        <vehicle id="cfm-slow_4" eclass="HBEFA3/PC_G_EU4" CO2="55618.10" CO="1072.64" HC="6.27" NOx="25.60" PMx="1.41" fuel="23.91" electricity="0.00" noise="102.58" route="routeright" type="cfm-slow" waiting="0.00" lane="right_0" pos="47.55" speed="24.15" angle="279.03" x="69.02" y="132.07"/>
        <vehicle id="cfm-slow_5" eclass="HBEFA3/PC_G_EU4" CO2="68206.13" CO="1364.23" HC="7.91" NOx="31.40" PMx="1.76" fuel="29.32" electricity="0.00" noise="104.06" route="routetop" type="cfm-slow" waiting="0.00" lane="top_0" pos="19.39" speed="30.46" angle="239.54" x="24.40" y="119.92"/>
    </timestep>
    <timestep time="2.49">
        <vehicle id="cfm-fast_0" eclass="HBEFA3/PC_G_EU4" CO2="75840.67" CO="1532.98" HC="8.87" NOx="34.97" PMx="1.96" fuel="32.60" electricity="0.00" noise="107.01" route="routetop" type="cfm-fast" waiting="0.00" lane="top_1" pos="37.42" speed="31.84" angle="207.19" x="3.40" y="88.83"/>
        <vehicle id="cfm-fast_1" eclass="HBEFA3/PC_G_EU4" CO2="54733.04" CO="1092.14" HC="6.34" NOx="25.03" PMx="1.41" fuel="23.53" electricity="0.00" noise="96.23" route="routetop" type="cfm-fast" waiting="0.00" lane="left_0" pos="3.09" speed="31.12" angle="178.95" x="-4.61" y="56.92"/>
        <vehicle id="cfm-fast_2" eclass="HBEFA3/PC_G_EU4" CO2="85762.04" CO="1739.57" HC="10.06" NOx="39.65" PMx="2.22" fuel="36.86" electricity="0.00" noise="112.00" route="routetop" type="cfm-fast" waiting="0.00" lane="left_1" pos="19.13" speed="32.10" angle="149.98" x="9.80" y="26.74"/>
        <vehicle id="cfm-fast_3" eclass="HBEFA3/PC_G_EU4" CO2="24367.56" CO="449.92" HC="2.66" NOx="10.75" PMx="0.61" fuel="10.47" electricity="0.00" noise="80.46" route="routetop" type="cfm-fast" waiting="0.00" lane="left_0" pos="33.99" speed="28.80" angle="123.35" x="30.57" y="3.57"/>
        <vehicle id="cfm-fast_4" eclass="HBEFA3/PC_G_EU4" CO2="126391.21" CO="2590.27" HC="14.95" NOx="58.79" PMx="3.29" fuel="54.33" electricity="0.00" noise="131.04" route="routebottom" type="cfm-fast" waiting="0.00" lane="bottom_1" pos="1.14" speed="33.56" angle="92.40" x="66.04" y="-1.60"/>
        <vehicle id="cfm-fast_5" eclass="HBEFA3/PC_G_EU4" CO2="7555.14" CO="80.84" HC="0.55" NOx="2.95" PMx="0.15" fuel="3.25" electricity="0.00" noise="71.55" route="routebottom" type="cfm-fast" waiting="0.00" lane="bottom_0" pos="12.23" speed="23.04" angle="72.45" x="89.42" y="0.08"/>
        <vehicle id="cfm-slow_0" eclass="HBEFA3/PC_G_EU4" CO2="13578.79" CO="206.12" HC="1.27" NOx="5.89" PMx="0.30" fuel="5.84" electricity="0.00" noise="74.21" route="routebottom" type="cfm-slow" waiting="0.00" lane="bottom_0" pos="31.38" speed="18.58" angle="38.03" x="120.85" y="25.77"/>
        <vehicle id="cfm-slow_1" eclass="HBEFA3/PC_G_EU4" CO2="15184.43" CO="238.93" HC="1.46" NOx="6.65" PMx="0.35" fuel="6.53" electricity="0.00" noise="75.49" route="routebottom" type="cfm-slow" waiting="0.00" lane="bottom_0" pos="47.25" speed="18.70" angle="9.52" x="132.01" y="57.67"/>
        <vehicle id="cfm-slow_2" eclass="HBEFA3/PC_G_EU4" CO2="20226.28" CO="341.89" HC="2.06" NOx="9.02" PMx="0.48" fuel="8.69" electricity="0.00" noise="79.55" route="routebottom" type="cfm-slow" waiting="0.00" lane="right_0" pos="13.25" speed="19.16" angle="340.61" x="126.39" y="91.44"/>
        <vehicle id="cfm-slow_3" eclass="HBEFA3/PC_G_EU4" CO2="32897.50" CO="601.22" HC="3.55" NOx="14.96" PMx="0.81" fuel="14.14" electricity="0.00" noise="89.16" route="routebottom" type="cfm-slow" waiting="0.00" lane="right_0" pos="29.74" speed="20.61" angle="311.00" x="104.45" y="118.82"/>
        <vehicle id="cfm-slow_4" eclass="HBEFA3/PC_G_EU4" CO2="55684.76" CO="1074.22" HC="6.27" NOx="25.63" PMx="1.41" fuel="23.94" electricity="0.00" noise="102.53" route="routeright" type="cfm-slow" waiting="0.00" lane="right_0" pos="47.80" speed="24.24" angle="278.57" x="68.50" y="132.10"/>
        <vehicle id="cfm-slow_5" eclass="HBEFA3/PC_G_EU4" CO2="67741.23" CO="1355.26" HC="7.86" NOx="31.18" PMx="1.75" fuel="29.12" electricity="0.00" noise="103.74" route="routetop" type="cfm-slow" waiting="0.00" lane="top_0" pos="19.69" speed="30.54" angle="238.99" x="23.87" y="119.53"/>
    </timestep>
    <timestep time="2.50">
        <vehicle id="cfm-fast_0" eclass="HBEFA3/PC_G_EU4" CO2="75523.01" CO="1527.18" HC="8.84" NOx="34.82" PMx="1.96" fuel="32.46" electricity="0.00" noise="106.77" route="routetop" type="cfm-fast" waiting="0.00" lane="top_1" pos="37.73" speed="31.93" angle="206.58" x="3.16" y="88.22"/>
        <vehicle id="cfm-fast_1" eclass="HBEFA3/PC_G_EU4" CO2="53977.10" CO="1077.07" HC="6.25" NOx="24.67" PMx="1.39" fuel="23.20" electricity="0.00" noise="95.79" route="routetop" type="cfm-fast" waiting="0.00" lane="left_0" pos="3.41" speed="31.18" angle="178.39" x="-4.54" y="56.26"/>
        <vehicle id="cfm-fast_2" eclass="HBEFA3/PC_G_EU4" CO2="85737.17" CO="1739.92" HC="10.06" NOx="39.64" PMx="2.22" fuel="36.85" electricity="0.00" noise="111.89" route="routetop" type="cfm-fast" waiting="0.00" lane="left_1" pos="19.45" speed="32.19" angle="149.43" x="10.18" y="26.20"/>
        <vehicle id="cfm-fast_3" eclass="HBEFA3/PC_G_EU4" CO2="23695.82" CO="436.25" HC="2.58" NOx="10.43" PMx="0.59" fuel="10.19" electricity="0.00" noise="80.12" route="routetop" type="cfm-fast" waiting="0.00" lane="left_0" pos="34.28" speed="28.82" angle="122.82" x="31.12" y="3.27"/>
        <vehicle id="cfm-fast_4" eclass="HBEFA3/PC_G_EU4" CO2="126930.22" CO="2602.79" HC="15.02" NOx="59.04" PMx="3.31" fuel="54.56" electricity="0.00" noise="131.11" route="routebottom" type="cfm-fast" waiting="0.00" lane="bottom_1" pos="1.48" speed="33.69" angle="91.83" x="66.73" y="-1.57"/>
        <vehicle id="cfm-fast_5" eclass="HBEFA3/PC_G_EU4" CO2="7365.70" CO="76.95" HC="0.53" NOx="2.86" PMx="0.15" fuel="3.17" electricity="0.00" noise="71.48" route="routebottom" type="cfm-fast" waiting="0.00" lane="bottom_0" pos="12.46" speed="23.05" angle="72.04" x="89.88" y="0.26"/>
        <vehicle id="cfm-slow_0" eclass="HBEFA3/PC_G_EU4" CO2="13516.78" CO="204.79" HC="1.26" NOx="5.86" PMx="0.30" fuel="5.81" electricity="0.00" noise="74.16" route="routebottom" type="cfm-slow" waiting="0.00" lane="bottom_0" pos="31.57" speed="18.61" angle="37.70" x="121.07" y="26.11"/>
        <vehicle id="cfm-slow_1" eclass="HBEFA3/PC_G_EU4" CO2="15155.14" CO="238.28" HC="1.46" NOx="6.63" PMx="0.34" fuel="6.51" electricity="0.00" noise="75.46" route="routebottom" type="cfm-slow" waiting="0.00" lane="bottom_0" pos="47.44" speed="18.73" angle="9.22" x="132.05" y="58.07"/>
        <vehicle id="cfm-slow_2" eclass="HBEFA3/PC_G_EU4" CO2="20266.57" CO="342.66" HC="2.06" NOx="9.03" PMx="0.48" fuel="8.71" electricity="0.00" noise="79.57" route="routebottom" type="cfm-slow" waiting="0.00" lane="right_0" pos="13.44" speed="19.19" angle="340.27" x="126.22" y="91.82"/>
        <vehicle id="cfm-slow_3" eclass="HBEFA3/PC_G_EU4" CO2="33025.15" CO="603.83" HC="3.57" NOx="15.02" PMx="0.81" fuel="14.20" electricity="0.00" noise="89.22" route="routebottom" type="cfm-slow" waiting="0.00" lane="right_0" pos="29.95" speed="20.67" angle="310.61" x="104.09" y="119.08"/>
        <vehicle id="cfm-slow_4" eclass="HBEFA3/PC_G_EU4" CO2="55747.56" CO="1075.73" HC="6.28" NOx="25.66" PMx="1.41" fuel="23.96" electricity="0.00" noise="102.48" route="routeright" type="cfm-slow" waiting="0.00" lane="right_0" pos="48.04" speed="24.32" angle="278.12" x="67.98" y="132.13"/>
        <vehicle id="cfm-slow_5" eclass="HBEFA3/PC_G_EU4" CO2="67273.97" CO="1346.25" HC="7.81" NOx="30.96" PMx="1.73" fuel="28.92" electricity="0.00" noise="103.42" route="routetop" type="cfm-slow" waiting="0.00" lane="top_0" pos="20.00" speed="30.61" angle="238.43" x="23.33" y="119.15"/>
    </timestep>
    <timestep time="2.51">
        <vehicle id="cfm-fast_0" eclass="HBEFA3/PC_G_EU4" CO2="75208.99" CO="1521.46" HC="8.81" NOx="34.67" PMx="1.95" fuel="32.33" electricity="0.00" noise="106.53" route="routetop" type="cfm-fast" waiting="0.00" lane="top_1" pos="38.05" speed="32.01" angle="205.98" x="2.91" y="87.61"/>
        <vehicle id="cfm-fast_1" eclass="HBEFA3/PC_G_EU4" CO2="53222.38" CO="1062.01" HC="6.17" NOx="24.31" PMx="1.37" fuel="22.88" electricity="0.00" noise="95.35" route="routetop" type="cfm-fast" waiting="0.00" lane="left_0" pos="3.72" speed="31.23" angle="177.83" x="-4.47" y="55.59"/>
        <vehicle id="cfm-fast_2" eclass="HBEFA3/PC_G_EU4" CO2="85718.32" CO="1740.41" HC="10.06" NOx="39.63" PMx="2.22" fuel="36.85" electricity="0.00" noise="111.79" route="routetop" type="cfm-fast" waiting="0.00" lane="left_1" pos="19.77" speed="32.29" angle="148.84" x="10.57" y="25.66"/>
        <vehicle id="cfm-fast_3" eclass="HBEFA3/PC_G_EU4" CO2="23031.28" CO="422.72" HC="2.50" NOx="10.12" PMx="0.57" fuel="9.90" electricity="0.00" noise="79.79" route="routetop" type="cfm-fast" waiting="0.00" lane="left_0" pos="34.57" speed="28.85" angle="122.33" x="31.66" y="2.97"/>
        <vehicle id="cfm-fast_4" eclass="HBEFA3/PC_G_EU4" CO2="127469.52" CO="2615.33" HC="15.09" NOx="59.29" PMx="3.32" fuel="54.79" electricity="0.00" noise="131.18" route="routebottom" type="cfm-fast" waiting="0.00" lane="bottom_1" pos="1.82" speed="33.83" angle="91.22" x="67.42" y="-1.53"/>
        <vehicle id="cfm-fast_5" eclass="HBEFA3/PC_G_EU4" CO2="7179.52" CO="73.13" HC="0.51" NOx="2.77" PMx="0.14" fuel="3.09" electricity="0.00" noise="71.41" route="routebottom" type="cfm-fast" waiting="0.00" lane="bottom_0" pos="12.69" speed="23.06" angle="71.64" x="90.34" y="0.45"/>
        <vehicle id="cfm-slow_0" eclass="HBEFA3/PC_G_EU4" CO2="13455.59" CO="203.49" HC="1.26" NOx="5.83" PMx="0.30" fuel="5.78" electricity="0.00" noise="74.11" route="routebottom" type="cfm-slow" waiting="0.00" lane="bottom_0" pos="31.76" speed="18.63" angle="37.36" x="121.30" y="26.44"/>
        <vehicle id="cfm-slow_1" eclass="HBEFA3/PC_G_EU4" CO2="15127.01" CO="237.65" HC="1.45" NOx="6.62" PMx="0.34" fuel="6.50" electricity="0.00" noise="75.43" route="routebottom" type="cfm-slow" waiting="0.00" lane="bottom_0" pos="47.63" speed="18.75" angle="8.89" x="132.08" y="58.47"/>
        <vehicle id="cfm-slow_2" eclass="HBEFA3/PC_G_EU4" CO2="20308.09" CO="343.46" HC="2.06" NOx="9.05" PMx="0.48" fuel="8.73" electricity="0.00" noise="79.59" route="routebottom" type="cfm-slow" waiting="0.00" lane="right_0" pos="13.63" speed="19.22" angle="339.92" x="126.05" y="92.19"/>
        <vehicle id="cfm-slow_3" eclass="HBEFA3/PC_G_EU4" CO2="33152.75" CO="606.43" HC="3.58" NOx="15.08" PMx="0.82" fuel="14.25" electricity="0.00" noise="89.27" route="routebottom" type="cfm-slow" waiting="0.00" lane="right_0" pos="30.15" speed="20.72" angle="310.23" x="103.73" y="119.34"/>
        <vehicle id="cfm-slow_4" eclass="HBEFA3/PC_G_EU4" CO2="55806.50" CO="1077.16" HC="6.29" NOx="25.68" PMx="1.41" fuel="23.99" electricity="0.00" noise="102.42" route="routeright" type="cfm-slow" waiting="0.00" lane="right_0" pos="48.28" speed="24.40" angle="277.66" x="67.45" y="132.16"/>
        <vehicle id="cfm-slow_5" eclass="HBEFA3/PC_G_EU4" CO2="66804.40" CO="1337.18" HC="7.76" NOx="30.73" PMx="1.72" fuel="28.72" electricity="0.00" noise="103.10" route="routetop" type="cfm-slow" waiting="0.00" lane="top_0" pos="20.31" speed="30.69" angle="237.88" x="22.80" y="118.76"/>
    </timestep>
    <timestep time="2.52">
        <vehicle id="cfm-fast_0" eclass="HBEFA3/PC_G_EU4" CO2="74898.68" CO="1515.82" HC="8.77" NOx="34.52" PMx="1.94" fuel="32.20" electricity="0.00" noise="106.30" route="routetop" type="cfm-fast" waiting="0.00" lane="top_1" pos="38.38" speed="32.09" angle="205.39" x="2.67" y="87.00"/>
        <vehicle id="cfm-fast_1" eclass="HBEFA3/PC_G_EU4" CO2="52469.00" CO="1046.98" HC="6.08" NOx="23.96" PMx="1.35" fuel="22.55" electricity="0.00" noise="94.92" route="routetop" type="cfm-fast" waiting="0.00" lane="left_0" pos="4.03" speed="31.29" angle="177.28" x="-4.38" y="54.92"/>
        <vehicle id="cfm-fast_2" eclass="HBEFA3/PC_G_EU4" CO2="85705.48" CO="1741.02" HC="10.07" NOx="39.62" PMx="2.22" fuel="36.84" electricity="0.00" noise="111.69" route="routetop" type="cfm-fast" waiting="0.00" lane="left_1" pos="20.09" speed="32.38" angle="148.25" x="10.95" y="25.12"/>
        <vehicle id="cfm-fast_3" eclass="HBEFA3/PC_G_EU4" CO2="22373.95" CO="409.33" HC="2.42" NOx="9.81" PMx="0.55" fuel="9.62" electricity="0.00" noise="79.46" route="routetop" type="cfm-fast" waiting="0.00" lane="left_0" pos="34.86" speed="28.87" angle="121.82" x="32.21" y="2.69"/>
        <vehicle id="cfm-fast_4" eclass="HBEFA3/PC_G_EU4" CO2="128009.11" CO="2627.89" HC="15.16" NOx="59.55" PMx="3.34" fuel="55.02" electricity="0.00" noise="131.24" route="routebottom" type="cfm-fast" waiting="0.00" lane="bottom_1" pos="2.16" speed="33.97" angle="90.60" x="68.11" y="-1.49"/>
        <vehicle id="cfm-fast_5" eclass="HBEFA3/PC_G_EU4" CO2="6996.57" CO="69.37" HC="0.49" NOx="2.68" PMx="0.14" fuel="3.01" electricity="0.00" noise="71.35" route="routebottom" type="cfm-fast" waiting="0.00" lane="bottom_0" pos="12.92" speed="23.06" angle="71.26" x="90.79" y="0.64"/>
        <vehicle id="cfm-slow_0" eclass="HBEFA3/PC_G_EU4" CO2="13395.22" CO="202.20" HC="1.25" NOx="5.80" PMx="0.30" fuel="5.76" electricity="0.00" noise="74.06" route="routebottom" type="cfm-slow" waiting="0.00" lane="bottom_0" pos="31.94" speed="18.65" angle="37.04" x="121.52" y="26.77"/>
        <vehicle id="cfm-slow_1" eclass="HBEFA3/PC_G_EU4" CO2="15100.03" CO="237.04" HC="1.45" NOx="6.61" PMx="0.34" fuel="6.49" electricity="0.00" noise="75.41" route="routebottom" type="cfm-slow" waiting="0.00" lane="bottom_0" pos="47.81" speed="18.78" angle="8.53" x="132.10" y="58.87"/>
        <vehicle id="cfm-slow_2" eclass="HBEFA3/PC_G_EU4" CO2="20350.85" CO="344.28" HC="2.07" NOx="9.07" PMx="0.48" fuel="8.75" electricity="0.00" noise="79.61" route="routebottom" type="cfm-slow" waiting="0.00" lane="right_0" pos="13.83" speed="19.26" angle="339.57" x="125.88" y="92.57"/>
        <vehicle id="cfm-slow_3" eclass="HBEFA3/PC_G_EU4" CO2="33280.28" CO="609.04" HC="3.60" NOx="15.14" PMx="0.82" fuel="14.31" electricity="0.00" noise="89.33" route="routebottom" type="cfm-slow" waiting="0.00" lane="right_0" pos="30.36" speed="20.78" angle="309.84" x="103.36" y="119.60"/>
        <vehicle id="cfm-slow_4" eclass="HBEFA3/PC_G_EU4" CO2="55861.58" CO="1078.52" HC="6.30" NOx="25.71" PMx="1.42" fuel="24.01" electricity="0.00" noise="102.37" route="routeright" type="cfm-slow" waiting="0.00" lane="right_0" pos="48.53" speed="24.48" angle="277.20" x="66.93" y="132.19"/>
        <vehicle id="cfm-slow_5" eclass="HBEFA3/PC_G_EU4" CO2="66332.60" CO="1328.07" HC="7.70" NOx="30.51" PMx="1.71" fuel="28.51" electricity="0.00" noise="102.78" route="routetop" type="cfm-slow" waiting="0.00" lane="top_0" pos="20.61" speed="30.76" angle="237.37" x="22.27" y="118.37"/>
    </timestep>
    <timestep time="2.53">
        <vehicle id="cfm-fast_0" eclass="HBEFA3/PC_G_EU4" CO2="74592.14" CO="1510.25" HC="8.74" NOx="34.38" PMx="1.93" fuel="32.06" electricity="0.00" noise="106.07" route="routetop" type="cfm-fast" waiting="0.00" lane="top_1" pos="38.70" speed="32.17" angle="204.84" x="2.44" y="86.38"/>
        <vehicle id="cfm-fast_1" eclass="HBEFA3/PC_G_EU4" CO2="51717.09" CO="1031.97" HC="5.99" NOx="23.60" PMx="1.33" fuel="22.23" electricity="0.00" noise="94.49" route="routetop" type="cfm-fast" waiting="0.00" lane="left_0" pos="4.35" speed="31.35" angle="176.71" x="-4.29" y="54.25"/>
        <vehicle id="cfm-fast_2" eclass="HBEFA3/PC_G_EU4" CO2="85698.62" CO="1741.75" HC="10.07" NOx="39.61" PMx="2.22" fuel="36.84" electricity="0.00" noise="111.59" route="routetop" type="cfm-fast" waiting="0.00" lane="left_1" pos="20.42" speed="32.48" angle="147.68" x="11.34" y="24.58"/>
        <vehicle id="cfm-fast_3" eclass="HBEFA3/PC_G_EU4" CO2="21723.83" CO="396.08" HC="2.35" NOx="9.50" PMx="0.54" fuel="9.34" electricity="0.00" noise="79.15" route="routetop" type="cfm-fast" waiting="0.00" lane="left_0" pos="35.15" speed="28.89" angle="121.28" x="32.77" y="2.41"/>
        <vehicle id="cfm-fast_4" eclass="HBEFA3/PC_G_EU4" CO2="128548.99" CO="2640.47" HC="15.23" NOx="59.80" PMx="3.35" fuel="55.26" electricity="0.00" noise="131.31" route="routebottom" type="cfm-fast" waiting="0.00" lane="bottom_1" pos="2.50" speed="34.10" angle="90.00" x="68.81" y="-1.45"/>
        <vehicle id="cfm-fast_5" eclass="HBEFA3/PC_G_EU4" CO2="6816.82" CO="65.68" HC="0.47" NOx="2.60" PMx="0.13" fuel="2.93" electricity="0.00" noise="71.28" route="routebottom" type="cfm-fast" waiting="0.00" lane="bottom_0" pos="13.15" speed="23.07" angle="70.83" x="91.25" y="0.85"/>
        <vehicle id="cfm-slow_0" eclass="HBEFA3/PC_G_EU4" CO2="13335.67" CO="200.93" HC="1.24" NOx="5.78" PMx="0.30" fuel="5.73" electricity="0.00" noise="74.01" route="routebottom" type="cfm-slow" waiting="0.00" lane="bottom_0" pos="32.13" speed="18.67" angle="36.76" x="121.74" y="27.11"/>
        <vehicle id="cfm-slow_1" eclass="HBEFA3/PC_G_EU4" CO2="15074.20" CO="236.46" HC="1.45" NOx="6.59" PMx="0.34" fuel="6.48" electricity="0.00" noise="75.38" route="routebottom" type="cfm-slow" waiting="0.00" lane="bottom_0" pos="48.00" speed="18.80" angle="8.18" x="132.13" y="59.28"/>
        <vehicle id="cfm-slow_2" eclass="HBEFA3/PC_G_EU4" CO2="20394.82" CO="345.13" HC="2.07" NOx="9.09" PMx="0.48" fuel="8.77" electricity="0.00" noise="79.63" route="routebottom" type="cfm-slow" waiting="0.00" lane="right_0" pos="14.02" speed="19.29" angle="339.25" x="125.71" y="92.95"/>
        <vehicle id="cfm-slow_3" eclass="HBEFA3/PC_G_EU4" CO2="33407.69" CO="611.65" HC="3.61" NOx="15.20" PMx="0.82" fuel="14.36" electricity="0.00" noise="89.39" route="routebottom" type="cfm-slow" waiting="0.00" lane="right_0" pos="30.57" speed="20.83" angle="309.45" x="103.00" y="119.86"/>
        <vehicle id="cfm-slow_4" eclass="HBEFA3/PC_G_EU4" CO2="55912.80" CO="1079.80" HC="6.31" NOx="25.73" PMx="1.42" fuel="24.03" electricity="0.00" noise="102.31" route="routeright" type="cfm-slow" waiting="0.00" lane="right_0" pos="48.77" speed="24.56" angle="276.80" x="66.40" y="132.22"/>
        <vehicle id="cfm-slow_5" eclass="HBEFA3/PC_G_EU4" CO2="65858.63" CO="1318.91" HC="7.65" NOx="30.28" PMx="1.70" fuel="28.31" electricity="0.00" noise="102.46" route="routetop" type="cfm-slow" waiting="0.00" lane="top_0" pos="20.92" speed="30.84" angle="236.81" x="21.74" y="117.96"/>
    </timestep>
    <timestep time="2.54">
        <vehicle id="cfm-fast_0" eclass="HBEFA3/PC_G_EU4" CO2="74289.44" CO="1504.76" HC="8.71" NOx="34.23" PMx="1.92" fuel="31.93" electricity="0.00" noise="105.84" route="routetop" type="cfm-fast" waiting="0.00" lane="top_1" pos="39.02" speed="32.25" angle="204.25" x="2.22" y="85.76"/>
        <vehicle id="cfm-fast_1" eclass="HBEFA3/PC_G_EU4" CO2="50966.75" CO="1016.99" HC="5.91" NOx="23.25" PMx="1.31" fuel="21.91" electricity="0.00" noise="94.06" route="routetop" type="cfm-fast" waiting="0.00" lane="left_0" pos="4.66" speed="31.40" angle="176.15" x="-4.20" y="53.58"/>
        <vehicle id="cfm-fast_2" eclass="HBEFA3/PC_G_EU4" CO2="85697.73" CO="1742.62" HC="10.07" NOx="39.61" PMx="2.22" fuel="36.84" electricity="0.00" noise="111.50" route="routetop" type="cfm-fast" waiting="0.00" lane="left_1" pos="20.75" speed="32.57" angle="147.13" x="11.75" y="24.05"/>
        <vehicle id="cfm-fast_3" eclass="HBEFA3/PC_G_EU4" CO2="21080.94" CO="382.98" HC="2.27" NOx="9.20" PMx="0.52" fuel="9.06" electricity="0.00" noise="78.84" route="routetop" type="cfm-fast" waiting="0.00" lane="left_0" pos="35.44" speed="28.91" angle="120.75" x="33.32" y="2.13"/>
        <vehicle id="cfm-fast_4" eclass="HBEFA3/PC_G_EU4" CO2="129089.17" CO="2653.08" HC="15.30" NOx="60.05" PMx="3.37" fuel="55.49" electricity="0.00" noise="131.37" route="routebottom" type="cfm-fast" waiting="0.00" lane="bottom_1" pos="2.84" speed="34.24" angle="89.40" x="69.51" y="-1.38"/>
        <vehicle id="cfm-fast_5" eclass="HBEFA3/PC_G_EU4" CO2="6640.25" CO="62.05" HC="0.45" NOx="2.51" PMx="0.13" fuel="2.85" electricity="0.00" noise="71.22" route="routebottom" type="cfm-fast" waiting="0.00" lane="bottom_0" pos="13.38" speed="23.07" angle="70.40" x="91.70" y="1.05"/>
        <vehicle id="cfm-slow_0" eclass="HBEFA3/PC_G_EU4" CO2="13276.95" CO="199.68" HC="1.23" NOx="5.75" PMx="0.30" fuel="5.71" electricity="0.00" noise="73.97" route="routebottom" type="cfm-slow" waiting="0.00" lane="bottom_0" pos="32.32" speed="18.69" angle="36.41" x="121.94" y="27.46"/>
        <vehicle id="cfm-slow_1" eclass="HBEFA3/PC_G_EU4" CO2="15049.52" CO="235.90" HC="1.44" NOx="6.58" PMx="0.34" fuel="6.47" electricity="0.00" noise="75.36" route="routebottom" type="cfm-slow" waiting="0.00" lane="bottom_0" pos="48.19" speed="18.82" angle="7.83" x="132.15" y="59.68"/>
        <vehicle id="cfm-slow_2" eclass="HBEFA3/PC_G_EU4" CO2="20439.98" CO="346.01" HC="2.08" NOx="9.11" PMx="0.48" fuel="8.79" electricity="0.00" noise="79.66" route="routebottom" type="cfm-slow" waiting="0.00" lane="right_0" pos="14.21" speed="19.33" angle="338.91" x="125.53" y="93.33"/>
        <vehicle id="cfm-slow_3" eclass="HBEFA3/PC_G_EU4" CO2="33534.96" CO="614.25" HC="3.63" NOx="15.26" PMx="0.83" fuel="14.41" electricity="0.00" noise="89.44" route="routebottom" type="cfm-slow" waiting="0.00" lane="right_0" pos="30.78" speed="20.89" angle="309.13" x="102.64" y="120.12"/>
        <vehicle id="cfm-slow_4" eclass="HBEFA3/PC_G_EU4" CO2="55960.16" CO="1081.01" HC="6.31" NOx="25.75" PMx="1.42" fuel="24.05" electricity="0.00" noise="102.25" route="routeright" type="cfm-slow" waiting="0.00" lane="right_0" pos="49.02" speed="24.64" angle="276.34" x="65.87" y="132.23"/>
        <vehicle id="cfm-slow_5" eclass="HBEFA3/PC_G_EU4" CO2="65382.56" CO="1309.71" HC="7.60" NOx="30.06" PMx="1.69" fuel="28.10" electricity="0.00" noise="102.14" route="routetop" type="cfm-slow" waiting="0.00" lane="top_0" pos="21.23" speed="30.91" angle="236.24" x="21.22" y="117.55"/>
    </timestep>
    <timestep time="2.55">
        <vehicle id="cfm-fast_0" eclass="HBEFA3/PC_G_EU4" CO2="73990.63" CO="1499.35" HC="8.68" NOx="34.09" PMx="1.92" fuel="31.80" electricity="0.00" noise="105.62" route="routetop" type="cfm-fast" waiting="0.00" lane="top_1" pos="39.34" speed="32.33" angle="203.66" x="1.99" y="85.13"/>
        <vehicle id="cfm-fast_1" eclass="HBEFA3/PC_G_EU4" CO2="50218.10" CO="1002.04" HC="5.82" NOx="22.89" PMx="1.29" fuel="21.59" electricity="0.00" noise="93.63" route="routetop" type="cfm-fast" waiting="0.00" lane="left_0" pos="4.97" speed="31.45" angle="175.58" x="-4.11" y="52.91"/>
        <vehicle id="cfm-fast_2" eclass="HBEFA3/PC_G_EU4" CO2="85702.77" CO="1743.61" HC="10.08" NOx="39.61" PMx="2.22" fuel="36.84" electricity="0.00" noise="111.41" route="routetop" type="cfm-fast" waiting="0.00" lane="left_1" pos="21.07" speed="32.66" angle="146.54" x="12.16" y="23.52"/>
        <vehicle id="cfm-fast_3" eclass="HBEFA3/PC_G_EU4" CO2="20445.28" CO="370.02" HC="2.20" NOx="8.90" PMx="0.50" fuel="8.79" electricity="0.00" noise="78.54" route="routetop" type="cfm-fast" waiting="0.00" lane="left_0" pos="35.73" speed="28.93" angle="120.21" x="33.88" y="1.85"/>
        <vehicle id="cfm-fast_4" eclass="HBEFA3/PC_G_EU4" CO2="129629.63" CO="2665.70" HC="15.37" NOx="60.30" PMx="3.38" fuel="55.72" electricity="0.00" noise="131.44" route="routebottom" type="cfm-fast" waiting="0.00" lane="bottom_1" pos="3.19" speed="34.38" angle="88.77" x="70.21" y="-1.31"/>
        <vehicle id="cfm-fast_5" eclass="HBEFA3/PC_G_EU4" CO2="6466.81" CO="58.48" HC="0.43" NOx="2.43" PMx="0.12" fuel="2.78" electricity="0.00" noise="71.16" route="routebottom" type="cfm-fast" waiting="0.00" lane="bottom_0" pos="13.61" speed="23.08" angle="69.98" x="92.15" y="1.26"/>
        <vehicle id="cfm-slow_0" eclass="HBEFA3/PC_G_EU4" CO2="13219.06" CO="198.44" HC="1.23" NOx="5.72" PMx="0.29" fuel="5.68" electricity="0.00" noise="73.92" route="routebottom" type="cfm-slow" waiting="0.00" lane="bottom_0" pos="32.50" speed="18.71" angle="36.06" x="122.15" y="27.80"/>
        <vehicle id="cfm-slow_1" eclass="HBEFA3/PC_G_EU4" CO2="15025.98" CO="235.37" HC="1.44" NOx="6.57" PMx="0.34" fuel="6.46" electricity="0.00" noise="75.33" route="routebottom" type="cfm-slow" waiting="0.00" lane="bottom_0" pos="48.38" speed="18.85" angle="7.47" x="132.17" y="60.09"/>
        <vehicle id="cfm-slow_2" eclass="HBEFA3/PC_G_EU4" CO2="20486.34" CO="346.91" HC="2.08" NOx="9.13" PMx="0.48" fuel="8.81" electricity="0.00" noise="79.68" route="routebottom" type="cfm-slow" waiting="0.00" lane="right_0" pos="14.41" speed="19.36" angle="338.55" x="125.34" y="93.70"/>
        <vehicle id="cfm-slow_3" eclass="HBEFA3/PC_G_EU4" CO2="33662.06" CO="616.86" HC="3.64" NOx="15.31" PMx="0.83" fuel="14.47" electricity="0.00" noise="89.50" route="routebottom" type="cfm-slow" waiting="0.00" lane="right_0" pos="30.99" speed="20.94" angle="308.75" x="102.26" y="120.37"/>
        <vehicle id="cfm-slow_4" eclass="HBEFA3/PC_G_EU4" CO2="56003.67" CO="1082.14" HC="6.32" NOx="25.77" PMx="1.42" fuel="24.07" electricity="0.00" noise="102.19" route="routeright" type="cfm-slow" waiting="0.00" lane="right_0" pos="49.27" speed="24.72" angle="275.88" x="65.34" y="132.24"/>
        <vehicle id="cfm-slow_5" eclass="HBEFA3/PC_G_EU4" CO2="64904.45" CO="1300.46" HC="7.54" NOx="29.83" PMx="1.67" fuel="27.90" electricity="0.00" noise="101.83" route="routetop" type="cfm-slow" waiting="0.00" lane="top_0" pos="21.54" speed="30.98" angle="235.67" x="20.69" y="117.13"/>
    </timestep>
    <timestep time="2.56">
        <vehicle id="cfm-fast_0" eclass="HBEFA3/PC_G_EU4" CO2="73695.79" CO="1494.03" HC="8.64" NOx="33.95" PMx="1.91" fuel="31.68" electricity="0.00" noise="105.41" route="routetop" type="cfm-fast" waiting="0.00" lane="top_1" pos="39.67" speed="32.41" angle="203.10" x="1.77" y="84.51"/>
        <vehicle id="cfm-fast_1" eclass="HBEFA3/PC_G_EU4" CO2="49471.25" CO="987.11" HC="5.73" NOx="22.54" PMx="1.27" fuel="21.27" electricity="0.00" noise="93.21" route="routetop" type="cfm-fast" waiting="0.00" lane="left_0" pos="5.29" speed="31.51" angle="174.97" x="-3.99" y="52.24"/>
        <vehicle id="cfm-fast_2" eclass="HBEFA3/PC_G_EU4" CO2="85713.73" CO="1744.73" HC="10.08" NOx="39.61" PMx="2.23" fuel="36.84" electricity="0.00" noise="111.33" route="routetop" type="cfm-fast" waiting="0.00" lane="left_1" pos="21.40" speed="32.75" angle="145.95" x="12.58" y="22.99"/>
        <vehicle id="cfm-fast_3" eclass="HBEFA3/PC_G_EU4" CO2="19816.85" CO="357.21" HC="2.12" NOx="8.60" PMx="0.49" fuel="8.52" electricity="0.00" noise="78.25" route="routetop" type="cfm-fast" waiting="0.00" lane="left_0" pos="36.02" speed="28.95" angle="119.73" x="34.44" y="1.58"/>
        <vehicle id="cfm-fast_4" eclass="HBEFA3/PC_G_EU4" CO2="130170.39" CO="2678.35" HC="15.44" NOx="60.55" PMx="3.40" fuel="55.95" electricity="0.00" noise="131.50" route="routebottom" type="cfm-fast" waiting="0.00" lane="bottom_1" pos="3.53" speed="34.51" angle="88.14" x="70.92" y="-1.24"/>
        <vehicle id="cfm-fast_5" eclass="HBEFA3/PC_G_EU4" CO2="6296.48" CO="54.98" HC="0.41" NOx="2.35" PMx="0.12" fuel="2.71" electricity="0.00" noise="71.10" route="routebottom" type="cfm-fast" waiting="0.00" lane="bottom_0" pos="13.84" speed="23.08" angle="69.55" x="92.60" y="1.46"/>
        <vehicle id="cfm-slow_0" eclass="HBEFA3/PC_G_EU4" CO2="13162.00" CO="197.22" HC="1.22" NOx="5.69" PMx="0.29" fuel="5.66" electricity="0.00" noise="73.88" route="routebottom" type="cfm-slow" waiting="0.00" lane="bottom_0" pos="32.69" speed="18.73" angle="35.71" x="122.36" y="28.15"/>
        <vehicle id="cfm-slow_1" eclass="HBEFA3/PC_G_EU4" CO2="15003.60" CO="234.86" HC="1.44" NOx="6.56" PMx="0.34" fuel="6.45" electricity="0.00" noise="75.31" route="routebottom" type="cfm-slow" waiting="0.00" lane="bottom_0" pos="48.57" speed="18.87" angle="7.12" x="132.20" y="60.49"/>
        <vehicle id="cfm-slow_2" eclass="HBEFA3/PC_G_EU4" CO2="20533.86" CO="347.84" HC="2.09" NOx="9.16" PMx="0.49" fuel="8.83" electricity="0.00" noise="79.71" route="routebottom" type="cfm-slow" waiting="0.00" lane="right_0" pos="14.60" speed="19.40" angle="338.18" x="125.16" y="94.07"/>
        <vehicle id="cfm-slow_3" eclass="HBEFA3/PC_G_EU4" CO2="33788.97" CO="619.46" HC="3.66" NOx="15.37" PMx="0.83" fuel="14.52" electricity="0.00" noise="89.55" route="routebottom" type="cfm-slow" waiting="0.00" lane="right_0" pos="31.20" speed="21.00" angle="308.37" x="101.89" y="120.63"/>
        <vehicle id="cfm-slow_4" eclass="HBEFA3/PC_G_EU4" CO2="56043.32" CO="1083.20" HC="6.33" NOx="25.79" PMx="1.42" fuel="24.09" electricity="0.00" noise="102.12" route="routeright" type="cfm-slow" waiting="0.00" lane="right_0" pos="49.52" speed="24.80" angle="275.42" x="64.80" y="132.25"/>
        <vehicle id="cfm-slow_5" eclass="HBEFA3/PC_G_EU4" CO2="64424.36" CO="1291.17" HC="7.49" NOx="29.60" PMx="1.66" fuel="27.69" electricity="0.00" noise="101.51" route="routetop" type="cfm-slow" waiting="0.00" lane="top_0" pos="21.85" speed="31.06" angle="235.15" x="20.17" y="116.72"/>
    </timestep>
    <timestep time="2.57">
        <vehicle id="cfm-fast_0" eclass="HBEFA3/PC_G_EU4" CO2="73404.96" CO="1488.78" HC="8.61" NOx="33.81" PMx="1.90" fuel="31.55" electricity="0.00" noise="105.19" route="routetop" type="cfm-fast" waiting="0.00" lane="top_1" pos="39.99" speed="32.49" angle="202.53" x="1.56" y="83.87"/>
        <vehicle id="cfm-fast_1" eclass="HBEFA3/PC_G_EU4" CO2="48726.30" CO="972.22" HC="5.65" NOx="22.19" PMx="1.25" fuel="20.94" electricity="0.00" noise="92.80" route="routetop" type="cfm-fast" waiting="0.00" lane="left_0" pos="5.60" speed="31.56" angle="174.39" x="-3.87" y="51.58"/>
        <vehicle id="cfm-fast_2" eclass="HBEFA3/PC_G_EU4" CO2="85730.58" CO="1745.97" HC="10.09" NOx="39.62" PMx="2.23" fuel="36.85" electricity="0.00" noise="111.25" route="routetop" type="cfm-fast" waiting="0.00" lane="left_1" pos="21.73" speed="32.85" angle="145.38" x="12.99" y="22.46"/>
        <vehicle id="cfm-fast_3" eclass="HBEFA3/PC_G_EU4" CO2="19195.64" CO="344.54" HC="2.05" NOx="8.31" PMx="0.47" fuel="8.25" electricity="0.00" noise="77.97" route="routetop" type="cfm-fast" waiting="0.00" lane="left_0" pos="36.31" speed="28.97" angle="119.19" x="35.01" y="1.33"/>
        <vehicle id="cfm-fast_4" eclass="HBEFA3/PC_G_EU4" CO2="130711.44" CO="2691.02" HC="15.52" NOx="60.81" PMx="3.41" fuel="56.19" electricity="0.00" noise="131.57" route="routebottom" type="cfm-fast" waiting="0.00" lane="bottom_1" pos="3.88" speed="34.65" angle="87.56" x="71.62" y="-1.17"/>
        <vehicle id="cfm-fast_5" eclass="HBEFA3/PC_G_EU4" CO2="6129.24" CO="51.55" HC="0.39" NOx="2.27" PMx="0.11" fuel="2.63" electricity="0.00" noise="71.05" route="routebottom" type="cfm-fast" waiting="0.00" lane="bottom_0" pos="14.07" speed="23.08" angle="69.18" x="93.06" y="1.66"/>
        <vehicle id="cfm-slow_0" eclass="HBEFA3/PC_G_EU4" CO2="13105.76" CO="196.03" HC="1.21" NOx="5.67" PMx="0.29" fuel="5.63" electricity="0.00" noise="73.83" route="routebottom" type="cfm-slow" waiting="0.00" lane="bottom_0" pos="32.88" speed="18.75" angle="35.35" x="122.56" y="28.49"/>
        <vehicle id="cfm-slow_1" eclass="HBEFA3/PC_G_EU4" CO2="14982.35" CO="234.38" HC="1.44" NOx="6.55" PMx="0.34" fuel="6.44" electricity="0.00" noise="75.29" route="routebottom" type="cfm-slow" waiting="0.00" lane="bottom_0" pos="48.76" speed="18.90" angle="6.82" x="132.22" y="60.90"/>
        <vehicle id="cfm-slow_2" eclass="HBEFA3/PC_G_EU4" CO2="20582.54" CO="348.79" HC="2.10" NOx="9.18" PMx="0.49" fuel="8.85" electricity="0.00" noise="79.73" route="routebottom" type="cfm-slow" waiting="0.00" lane="right_0" pos="14.79" speed="19.43" angle="337.81" x="124.97" y="94.45"/>
        <vehicle id="cfm-slow_3" eclass="HBEFA3/PC_G_EU4" CO2="33915.64" CO="622.06" HC="3.67" NOx="15.43" PMx="0.84" fuel="14.58" electricity="0.00" noise="89.60" route="routebottom" type="cfm-slow" waiting="0.00" lane="right_0" pos="31.41" speed="21.05" angle="307.99" x="101.51" y="120.88"/>
        <vehicle id="cfm-slow_4" eclass="HBEFA3/PC_G_EU4" CO2="56079.12" CO="1084.18" HC="6.33" NOx="25.80" PMx="1.42" fuel="24.11" electricity="0.00" noise="102.06" route="routeright" type="cfm-slow" waiting="0.00" lane="right_0" pos="49.76" speed="24.88" angle="274.95" x="64.27" y="132.26"/>
        <vehicle id="cfm-slow_5" eclass="HBEFA3/PC_G_EU4" CO2="63942.35" CO="1281.84" HC="7.43" NOx="29.37" PMx="1.65" fuel="27.49" electricity="0.00" noise="101.20" route="routetop" type="cfm-slow" waiting="0.00" lane="top_0" pos="22.16" speed="31.13" angle="234.57" x="19.66" y="116.29"/>
    </timestep>
    <timestep time="2.58">
        <vehicle id="cfm-fast_0" eclass="HBEFA3/PC_G_EU4" CO2="73118.20" CO="1483.62" HC="8.58" NOx="33.67" PMx="1.90" fuel="31.43" electricity="0.00" noise="104.98" route="routetop" type="cfm-fast" waiting="0.00" lane="top_1" pos="40.32" speed="32.57" angle="201.92" x="1.36" y="83.24"/>
        <vehicle id="cfm-fast_1" eclass="HBEFA3/PC_G_EU4" CO2="47983.37" CO="957.37" HC="5.56" NOx="21.83" PMx="1.23" fuel="20.63" electricity="0.00" noise="92.38" route="routetop" type="cfm-fast" waiting="0.00" lane="left_0" pos="5.92" speed="31.61" angle="173.82" x="-3.75" y="50.91"/>
        <vehicle id="cfm-fast_2" eclass="HBEFA3/PC_G_EU4" CO2="85753.30" CO="1747.34" HC="10.10" NOx="39.63" PMx="2.23" fuel="36.86" electricity="0.00" noise="111.17" route="routetop" type="cfm-fast" waiting="0.00" lane="left_1" pos="22.06" speed="32.94" angle="144.80" x="13.42" y="21.94"/>
        <vehicle id="cfm-fast_3" eclass="HBEFA3/PC_G_EU4" CO2="18581.65" CO="332.01" HC="1.98" NOx="8.02" PMx="0.46" fuel="7.99" electricity="0.00" noise="77.70" route="routetop" type="cfm-fast" waiting="0.00" lane="left_0" pos="36.60" speed="28.99" angle="118.65" x="35.58" y="1.07"/>
        <vehicle id="cfm-fast_4" eclass="HBEFA3/PC_G_EU4" CO2="131252.78" CO="2703.71" HC="15.59" NOx="61.06" PMx="3.43" fuel="56.42" electricity="0.00" noise="131.63" route="routebottom" type="cfm-fast" waiting="0.00" lane="bottom_1" pos="4.23" speed="34.78" angle="86.92" x="72.33" y="-1.07"/>
        <vehicle id="cfm-fast_5" eclass="HBEFA3/PC_G_EU4" CO2="5965.04" CO="48.17" HC="0.37" NOx="2.19" PMx="0.11" fuel="2.56" electricity="0.00" noise="70.99" route="routebottom" type="cfm-fast" waiting="0.00" lane="bottom_0" pos="14.30" speed="23.09" angle="68.75" x="93.50" y="1.88"/>
        <vehicle id="cfm-slow_0" eclass="HBEFA3/PC_G_EU4" CO2="13050.37" CO="194.84" HC="1.21" NOx="5.64" PMx="0.29" fuel="5.61" electricity="0.00" noise="73.79" route="routebottom" type="cfm-slow" waiting="0.00" lane="bottom_0" pos="33.07" speed="18.77" angle="35.00" x="122.77" y="28.84"/>
        <vehicle id="cfm-slow_1" eclass="HBEFA3/PC_G_EU4" CO2="14962.25" CO="233.92" HC="1.43" NOx="6.54" PMx="0.34" fuel="6.43" electricity="0.00" noise="75.27" route="routebottom" type="cfm-slow" waiting="0.00" lane="bottom_0" pos="48.95" speed="18.92" angle="6.47" x="132.23" y="61.30"/>
        <vehicle id="cfm-slow_2" eclass="HBEFA3/PC_G_EU4" CO2="20632.36" CO="349.77" HC="2.10" NOx="9.20" PMx="0.49" fuel="8.87" electricity="0.00" noise="79.76" route="routebottom" type="cfm-slow" waiting="0.00" lane="right_0" pos="14.99" speed="19.47" angle="337.44" x="124.78" y="94.82"/>
        <vehicle id="cfm-slow_3" eclass="HBEFA3/PC_G_EU4" CO2="34042.06" CO="624.66" HC="3.69" NOx="15.49" PMx="0.84" fuel="14.63" electricity="0.00" noise="89.66" route="routebottom" type="cfm-slow" waiting="0.00" lane="right_0" pos="31.62" speed="21.11" angle="307.61" x="101.13" y="121.13"/>
        <vehicle id="cfm-slow_4" eclass="HBEFA3/PC_G_EU4" CO2="56111.07" CO="1085.09" HC="6.34" NOx="25.81" PMx="1.42" fuel="24.12" electricity="0.00" noise="101.99" route="routetop" type="cfm-slow" waiting="0.00" lane="top_0" pos="0.01" speed="24.96" angle="274.45" x="63.54" y="132.27"/>
        <vehicle id="cfm-slow_5" eclass="HBEFA3/PC_G_EU4" CO2="63458.50" CO="1272.46" HC="7.38" NOx="29.14" PMx="1.64" fuel="27.28" electricity="0.00" noise="100.89" route="routetop" type="cfm-slow" waiting="0.00" lane="top_0" pos="22.48" speed="31.20" angle="233.98" x="19.15" y="115.85"/>
    </timestep>
    <timestep time="2.59">
        <vehicle id="cfm-fast_0" eclass="HBEFA3/PC_G_EU4" CO2="72835.57" CO="1478.55" HC="8.55" NOx="33.54" PMx="1.89" fuel="31.31" electricity="0.00" noise="104.78" route="routetop" type="cfm-fast" waiting="0.00" lane="top_1" pos="40.64" speed="32.65" angle="201.31" x="1.17" y="82.60"/>
        <vehicle id="cfm-fast_1" eclass="HBEFA3/PC_G_EU4" CO2="47242.55" CO="942.55" HC="5.47" NOx="21.48" PMx="1.22" fuel="20.31" electricity="0.00" noise="91.97" route="routetop" type="cfm-fast" waiting="0.00" lane="left_0" pos="6.24" speed="31.66" angle="173.24" x="-3.62" y="50.24"/>
        <vehicle id="cfm-fast_2" eclass="HBEFA3/PC_G_EU4" CO2="85781.86" CO="1748.84" HC="10.11" NOx="39.64" PMx="2.23" fuel="36.87" electricity="0.00" noise="111.10" route="routetop" type="cfm-fast" waiting="0.00" lane="left_1" pos="22.39" speed="33.03" angle="144.18" x="13.86" y="21.43"/>
        <vehicle id="cfm-fast_3" eclass="HBEFA3/PC_G_EU4" CO2="17974.89" CO="319.63" HC="1.91" NOx="7.73" PMx="0.44" fuel="7.73" electricity="0.00" noise="77.43" route="routetop" type="cfm-fast" waiting="0.00" lane="left_0" pos="36.89" speed="29.00" angle="118.10" x="36.15" y="0.81"/>
        <vehicle id="cfm-fast_4" eclass="HBEFA3/PC_G_EU4" CO2="131794.42" CO="2716.42" HC="15.66" NOx="61.31" PMx="3.44" fuel="56.65" electricity="0.00" noise="131.70" route="routebottom" type="cfm-fast" waiting="0.00" lane="bottom_1" pos="4.58" speed="34.92" angle="86.29" x="73.04" y="-0.97"/>
        <vehicle id="cfm-fast_5" eclass="HBEFA3/PC_G_EU4" CO2="5803.87" CO="44.86" HC="0.35" NOx="2.12" PMx="0.11" fuel="2.49" electricity="0.00" noise="70.94" route="routebottom" type="cfm-fast" waiting="0.00" lane="bottom_0" pos="14.53" speed="23.09" angle="68.32" x="93.95" y="2.11"/>
        <vehicle id="cfm-slow_0" eclass="HBEFA3/PC_G_EU4" CO2="12995.80" CO="193.68" HC="1.20" NOx="5.61" PMx="0.29" fuel="5.59" electricity="0.00" noise="73.75" route="routebottom" type="cfm-slow" waiting="0.00" lane="bottom_0" pos="33.25" speed="18.79" angle="34.67" x="122.98" y="29.19"/>
        <vehicle id="cfm-slow_1" eclass="HBEFA3/PC_G_EU4" CO2="14943.30" CO="233.49" HC="1.43" NOx="6.53" PMx="0.34" fuel="6.42" electricity="0.00" noise="75.25" route="routebottom" type="cfm-slow" waiting="0.00" lane="bottom_0" pos="49.14" speed="18.95" angle="6.12" x="132.24" y="61.71"/>
        <vehicle id="cfm-slow_2" eclass="HBEFA3/PC_G_EU4" CO2="20683.31" CO="350.77" HC="2.11" NOx="9.22" PMx="0.49" fuel="8.89" electricity="0.00" noise="79.79" route="routebottom" type="cfm-slow" waiting="0.00" lane="right_0" pos="15.18" speed="19.50" angle="337.06" x="124.59" y="95.19"/>
        <vehicle id="cfm-slow_3" eclass="HBEFA3/PC_G_EU4" CO2="34168.19" CO="627.26" HC="3.70" NOx="15.55" PMx="0.84" fuel="14.69" electricity="0.00" noise="89.71" route="routebottom" type="cfm-slow" waiting="0.00" lane="right_0" pos="31.83" speed="21.17" angle="307.23" x="100.75" y="121.38"/>
        <vehicle id="cfm-slow_4" eclass="HBEFA3/PC_G_EU4" CO2="56139.17" CO="1085.92" HC="6.34" NOx="25.83" PMx="1.42" fuel="24.13" electricity="0.00" noise="101.92" route="routetop" type="cfm-slow" waiting="0.00" lane="top_0" pos="0.26" speed="25.04" angle="274.00" x="63.00" y="132.26"/>
        <vehicle id="cfm-slow_5" eclass="HBEFA3/PC_G_EU4" CO2="62972.87" CO="1263.05" HC="7.32" NOx="28.91" PMx="1.62" fuel="27.07" electricity="0.00" noise="100.58" route="routetop" type="cfm-slow" waiting="0.00" lane="top_0" pos="22.79" speed="31.27" angle="233.40" x="18.63" y="115.42"/>
    </timestep>
    <timestep time="2.60">
        <vehicle id="cfm-fast_0" eclass="HBEFA3/PC_G_EU4" CO2="72557.11" CO="1473.56" HC="8.52" NOx="33.41" PMx="1.88" fuel="31.19" electricity="0.00" noise="104.58" route="routetop" type="cfm-fast" waiting="0.00" lane="top_1" pos="40.97" speed="32.72" angle="200.73" x="0.97" y="81.95"/>
        <vehicle id="cfm-fast_1" eclass="HBEFA3/PC_G_EU4" CO2="46503.94" CO="927.77" HC="5.39" NOx="21.13" PMx="1.20" fuel="19.99" electricity="0.00" noise="91.56" route="routetop" type="cfm-fast" waiting="0.00" lane="left_0" pos="6.55" speed="31.71" angle="172.70" x="-3.48" y="49.57"/>
        <vehicle id="cfm-fast_2" eclass="HBEFA3/PC_G_EU4" CO2="85816.22" CO="1750.45" HC="10.11" NOx="39.65" PMx="2.23" fuel="36.89" electricity="0.00" noise="111.03" route="routetop" type="cfm-fast" waiting="0.00" lane="left_1" pos="22.72" speed="33.12" angle="143.56" x="14.30" y="20.91"/>
        <vehicle id="cfm-fast_3" eclass="HBEFA3/PC_G_EU4" CO2="17375.33" CO="307.39" HC="1.84" NOx="7.45" PMx="0.42" fuel="7.47" electricity="0.00" noise="77.18" route="routetop" type="cfm-fast" waiting="0.00" lane="left_0" pos="37.18" speed="29.02" angle="117.62" x="36.72" y="0.56"/>
        <vehicle id="cfm-fast_4" eclass="HBEFA3/PC_G_EU4" CO2="132336.34" CO="2729.16" HC="15.73" NOx="61.57" PMx="3.46" fuel="56.88" electricity="0.00" noise="131.76" route="routebottom" type="cfm-fast" waiting="0.00" lane="bottom_1" pos="4.93" speed="35.06" angle="85.65" x="73.75" y="-0.87"/>
        <vehicle id="cfm-fast_5" eclass="HBEFA3/PC_G_EU4" CO2="5645.69" CO="41.61" HC="0.33" NOx="2.04" PMx="0.10" fuel="2.43" electricity="0.00" noise="70.89" route="routebottom" type="cfm-fast" waiting="0.00" lane="bottom_0" pos="14.76" speed="23.09" angle="67.89" x="94.39" y="2.33"/>
        <vehicle id="cfm-slow_0" eclass="HBEFA3/PC_G_EU4" CO2="12942.07" CO="192.53" HC="1.19" NOx="5.59" PMx="0.29" fuel="5.56" electricity="0.00" noise="73.70" route="routebottom" type="cfm-slow" waiting="0.00" lane="bottom_0" pos="33.44" speed="18.82" angle="34.36" x="123.18" y="29.54"/>
        <vehicle id="cfm-slow_1" eclass="HBEFA3/PC_G_EU4" CO2="14925.47" CO="233.08" HC="1.43" NOx="6.52" PMx="0.34" fuel="6.42" electricity="0.00" noise="75.24" route="routebottom" type="cfm-slow" waiting="0.00" lane="bottom_0" pos="49.33" speed="18.97" angle="5.76" x="132.24" y="62.12"/>
        <vehicle id="cfm-slow_2" eclass="HBEFA3/PC_G_EU4" CO2="20735.38" CO="351.79" HC="2.11" NOx="9.25" PMx="0.49" fuel="8.91" electricity="0.00" noise="79.82" route="routebottom" type="cfm-slow" waiting="0.00" lane="right_0" pos="15.38" speed="19.54" angle="336.77" x="124.40" y="95.57"/>
        <vehicle id="cfm-slow_3" eclass="HBEFA3/PC_G_EU4" CO2="34294.00" CO="629.85" HC="3.72" NOx="15.61" PMx="0.85" fuel="14.74" electricity="0.00" noise="89.76" route="routebottom" type="cfm-slow" waiting="0.00" lane="right_0" pos="32.04" speed="21.22" angle="306.91" x="100.37" y="121.64"/>
        <vehicle id="cfm-slow_4" eclass="HBEFA3/PC_G_EU4" CO2="56163.42" CO="1086.68" HC="6.34" NOx="25.84" PMx="1.42" fuel="24.14" electricity="0.00" noise="101.85" route="routetop" type="cfm-slow" waiting="0.00" lane="top_0" pos="0.52" speed="25.12" angle="273.54" x="62.46" y="132.25"/>
        <vehicle id="cfm-slow_5" eclass="HBEFA3/PC_G_EU4" CO2="62485.51" CO="1253.60" HC="7.27" NOx="28.68" PMx="1.61" fuel="26.86" electricity="0.00" noise="100.27" route="routetop" type="cfm-slow" waiting="0.00" lane="top_0" pos="23.10" speed="31.34" angle="232.89" x="18.12" y="114.98"/>
    </timestep>
    <timestep time="2.61">
        <vehicle id="cfm-fast_0" eclass="HBEFA3/PC_G_EU4" CO2="72282.87" CO="1468.65" HC="8.49" NOx="33.27" PMx="1.88" fuel="31.07" electricity="0.00" noise="104.38" route="routetop" type="cfm-fast" waiting="0.00" lane="top_1" pos="41.30" speed="32.80" angle="200.15" x="0.79" y="81.31"/>
        <vehicle id="cfm-fast_1" eclass="HBEFA3/PC_G_EU4" CO2="45767.65" CO="913.03" HC="5.30" NOx="20.79" PMx="1.18" fuel="19.67" electricity="0.00" noise="91.16" route="routetop" type="cfm-fast" waiting="0.00" lane="left_0" pos="6.87" speed="31.75" angle="172.09" x="-3.33" y="48.90"/>
        <vehicle id="cfm-fast_2" eclass="HBEFA3/PC_G_EU4" CO2="85856.37" CO="1752.20" HC="10.12" NOx="39.67" PMx="2.23" fuel="36.91" electricity="0.00" noise="110.97" route="routetop" type="cfm-fast" waiting="0.00" lane="left_1" pos="23.05" speed="33.21" angle="142.99" x="14.74" y="20.39"/>
        <vehicle id="cfm-fast_3" eclass="HBEFA3/PC_G_EU4" CO2="16782.97" CO="295.29" HC="1.77" NOx="7.17" PMx="0.41" fuel="7.21" electricity="0.00" noise="76.93" route="routetop" type="cfm-fast" waiting="0.00" lane="left_0" pos="37.47" speed="29.03" angle="117.10" x="37.30" y="0.32"/>
        <vehicle id="cfm-fast_4" eclass="HBEFA3/PC_G_EU4" CO2="132878.56" CO="2741.91" HC="15.80" NOx="61.82" PMx="3.47" fuel="57.12" electricity="0.00" noise="131.83" route="routebottom" type="cfm-fast" waiting="0.00" lane="bottom_1" pos="5.28" speed="35.19" angle="85.02" x="74.46" y="-0.75"/>
        <vehicle id="cfm-fast_5" eclass="HBEFA3/PC_G_EU4" CO2="5490.47" CO="38.42" HC="0.31" NOx="1.97" PMx="0.10" fuel="2.36" electricity="0.00" noise="70.84" route="routebottom" type="cfm-fast" waiting="0.00" lane="bottom_0" pos="15.00" speed="23.10" angle="67.46" x="94.84" y="2.55"/>
        <vehicle id="cfm-slow_0" eclass="HBEFA3/PC_G_EU4" CO2="12889.17" CO="191.41" HC="1.19" NOx="5.56" PMx="0.29" fuel="5.54" electricity="0.00" noise="73.66" route="routebottom" type="cfm-slow" waiting="0.00" lane="bottom_0" pos="33.63" speed="18.84" angle="34.01" x="123.37" y="29.89"/>
        <vehicle id="cfm-slow_1" eclass="HBEFA3/PC_G_EU4" CO2="14908.79" CO="232.69" HC="1.43" NOx="6.51" PMx="0.34" fuel="6.41" electricity="0.00" noise="75.22" route="routebottom" type="cfm-slow" waiting="0.00" lane="bottom_0" pos="49.52" speed="18.99" angle="5.41" x="132.25" y="62.53"/>
        <vehicle id="cfm-slow_2" eclass="HBEFA3/PC_G_EU4" CO2="20788.54" CO="352.84" HC="2.12" NOx="9.27" PMx="0.49" fuel="8.94" electricity="0.00" noise="79.84" route="routebottom" type="cfm-slow" waiting="0.00" lane="right_0" pos="15.57" speed="19.57" angle="336.42" x="124.20" y="95.94"/>
        <vehicle id="cfm-slow_3" eclass="HBEFA3/PC_G_EU4" CO2="34419.47" CO="632.44" HC="3.73" NOx="15.66" PMx="0.85" fuel="14.80" electricity="0.00" noise="89.82" route="routebottom" type="cfm-slow" waiting="0.00" lane="right_0" pos="32.26" speed="21.28" angle="306.52" x="99.98" y="121.87"/>
        <vehicle id="cfm-slow_4" eclass="HBEFA3/PC_G_EU4" CO2="56183.84" CO="1087.37" HC="6.35" NOx="25.84" PMx="1.43" fuel="24.15" electricity="0.00" noise="101.78" route="routetop" type="cfm-slow" waiting="0.00" lane="top_0" pos="0.77" speed="25.20" angle="273.09" x="61.92" y="132.24"/>
        <vehicle id="cfm-slow_5" eclass="HBEFA3/PC_G_EU4" CO2="61996.49" CO="1244.11" HC="7.21" NOx="28.45" PMx="1.60" fuel="26.65" electricity="0.00" noise="99.96" route="routetop" type="cfm-slow" waiting="0.00" lane="top_0" pos="23.42" speed="31.40" angle="232.33" x="17.62" y="114.52"/>
    </timestep>
    <timestep time="2.62">
        <vehicle id="cfm-fast_0" eclass="HBEFA3/PC_G_EU4" CO2="72012.90" CO="1463.84" HC="8.47" NOx="33.15" PMx="1.87" fuel="30.95" electricity="0.00" noise="104.18" route="routetop" type="cfm-fast" waiting="0.00" lane="top_1" pos="41.63" speed="32.88" angle="199.55" x="0.61" y="80.66"/>
        <vehicle id="cfm-fast_1" eclass="HBEFA3/PC_G_EU4" CO2="45033.77" CO="898.33" HC="5.22" NOx="20.44" PMx="1.16" fuel="19.36" electricity="0.00" noise="90.76" route="routetop" type="cfm-fast" waiting="0.00" lane="left_0" pos="7.19" speed="31.80" angle="171.48" x="-3.18" y="48.24"/>
        <vehicle id="cfm-fast_2" eclass="HBEFA3/PC_G_EU4" CO2="85902.28" CO="1754.06" HC="10.13" NOx="39.69" PMx="2.23" fuel="36.92" electricity="0.00" noise="110.91" route="routetop" type="cfm-fast" waiting="0.00" lane="left_1" pos="23.38" speed="33.30" angle="142.41" x="15.21" y="19.89"/>
        <vehicle id="cfm-fast_3" eclass="HBEFA3/PC_G_EU4" CO2="16197.81" CO="283.33" HC="1.70" NOx="6.89" PMx="0.39" fuel="6.96" electricity="0.00" noise="76.70" route="routetop" type="cfm-fast" waiting="0.00" lane="left_0" pos="37.76" speed="29.05" angle="116.57" x="37.88" y="0.09"/>
        <vehicle id="cfm-fast_4" eclass="HBEFA3/PC_G_EU4" CO2="133421.07" CO="2754.69" HC="15.87" NOx="62.07" PMx="3.49" fuel="57.35" electricity="0.00" noise="131.90" route="routebottom" type="cfm-fast" waiting="0.00" lane="bottom_1" pos="5.63" speed="35.33" angle="84.35" x="75.17" y="-0.62"/>
        <vehicle id="cfm-fast_5" eclass="HBEFA3/PC_G_EU4" CO2="5338.18" CO="35.28" HC="0.29" NOx="1.90" PMx="0.09" fuel="2.29" electricity="0.00" noise="70.79" route="routebottom" type="cfm-fast" waiting="0.00" lane="bottom_0" pos="15.23" speed="23.10" angle="67.02" x="95.28" y="2.77"/>
        <vehicle id="cfm-slow_0" eclass="HBEFA3/PC_G_EU4" CO2="12837.12" CO="190.29" HC="1.18" NOx="5.54" PMx="0.28" fuel="5.52" electricity="0.00" noise="73.62" route="routebottom" type="cfm-slow" waiting="0.00" lane="bottom_0" pos="33.82" speed="18.86" angle="33.67" x="123.57" y="30.25"/>
        <vehicle id="cfm-slow_1" eclass="HBEFA3/PC_G_EU4" CO2="14893.24" CO="232.32" HC="1.42" NOx="6.50" PMx="0.34" fuel="6.40" electricity="0.00" noise="75.20" route="routebottom" type="cfm-slow" waiting="0.00" lane="bottom_0" pos="49.71" speed="19.02" angle="5.05" x="132.26" y="62.94"/>
        <vehicle id="cfm-slow_2" eclass="HBEFA3/PC_G_EU4" CO2="20842.79" CO="353.91" HC="2.13" NOx="9.30" PMx="0.49" fuel="8.96" electricity="0.00" noise="79.88" route="routebottom" type="cfm-slow" waiting="0.00" lane="right_0" pos="15.77" speed="19.60" angle="336.06" x="124.00" y="96.31"/>
        <vehicle id="cfm-slow_3" eclass="HBEFA3/PC_G_EU4" CO2="34544.56" CO="635.02" HC="3.75" NOx="15.72" PMx="0.85" fuel="14.85" electricity="0.00" noise="89.87" route="routebottom" type="cfm-slow" waiting="0.00" lane="right_0" pos="32.47" speed="21.33" angle="306.11" x="99.59" y="122.11"/>
        <vehicle id="cfm-slow_4" eclass="HBEFA3/PC_G_EU4" CO2="56200.42" CO="1087.98" HC="6.35" NOx="25.85" PMx="1.43" fuel="24.16" electricity="0.00" noise="101.71" route="routetop" type="cfm-slow" waiting="0.00" lane="top_0" pos="1.02" speed="25.28" angle="272.63" x="61.38" y="132.23"/>
        <vehicle id="cfm-slow_5" eclass="HBEFA3/PC_G_EU4" CO2="61505.87" CO="1234.59" HC="7.16" NOx="28.22" PMx="1.59" fuel="26.44" electricity="0.00" noise="99.65" route="routetop" type="cfm-slow" waiting="0.00" lane="top_0" pos="23.73" speed="31.47" angle="231.76" x="17.13" y="114.06"/>
    </timestep>
    <timestep time="2.63">
        <vehicle id="cfm-fast_0" eclass="HBEFA3/PC_G_EU4" CO2="71747.24" CO="1459.11" HC="8.44" NOx="33.02" PMx="1.86" fuel="30.84" electricity="0.00" noise="103.99" route="routetop" type="cfm-fast" waiting="0.00" lane="top_1" pos="41.96" speed="32.95" angle="198.94" x="0.44" y="80.00"/>
        <vehicle id="cfm-fast_1" eclass="HBEFA3/PC_G_EU4" CO2="44302.40" CO="883.68" HC="5.13" NOx="20.09" PMx="1.14" fuel="19.04" electricity="0.00" noise="90.36" route="routetop" type="cfm-fast" waiting="0.00" lane="left_0" pos="7.51" speed="31.85" angle="170.86" x="-3.03" y="47.57"/>
        <vehicle id="cfm-fast_2" eclass="HBEFA3/PC_G_EU4" CO2="85953.91" CO="1756.05" HC="10.14" NOx="39.71" PMx="2.23" fuel="36.95" electricity="0.00" noise="110.85" route="routetop" type="cfm-fast" waiting="0.00" lane="left_1" pos="23.72" speed="33.39" angle="141.81" x="15.67" y="19.39"/>
        <vehicle id="cfm-fast_3" eclass="HBEFA3/PC_G_EU4" CO2="15619.82" CO="271.52" HC="1.63" NOx="6.62" PMx="0.38" fuel="6.71" electricity="0.00" noise="76.47" route="routetop" type="cfm-fast" waiting="0.00" lane="left_0" pos="38.05" speed="29.06" angle="116.03" x="38.46" y="-0.14"/>
        <vehicle id="cfm-fast_4" eclass="HBEFA3/PC_G_EU4" CO2="133963.87" CO="2767.49" HC="15.95" NOx="62.33" PMx="3.50" fuel="57.58" electricity="0.00" noise="131.96" route="routebottom" type="cfm-fast" waiting="0.00" lane="bottom_1" pos="5.99" speed="35.47" angle="83.68" x="75.89" y="-0.48"/>
        <vehicle id="cfm-fast_5" eclass="HBEFA3/PC_G_EU4" CO2="5188.80" CO="32.21" HC="0.27" NOx="1.83" PMx="0.09" fuel="2.23" electricity="0.00" noise="70.75" route="routebottom" type="cfm-fast" waiting="0.00" lane="bottom_0" pos="15.46" speed="23.10" angle="66.67" x="95.72" y="3.00"/>
        <vehicle id="cfm-slow_0" eclass="HBEFA3/PC_G_EU4" CO2="12785.90" CO="189.20" HC="1.17" NOx="5.51" PMx="0.28" fuel="5.50" electricity="0.00" noise="73.59" route="routebottom" type="cfm-slow" waiting="0.00" lane="bottom_0" pos="34.01" speed="18.88" angle="33.32" x="123.77" y="30.60"/>
        <vehicle id="cfm-slow_1" eclass="HBEFA3/PC_G_EU4" CO2="14878.82" CO="231.99" HC="1.42" NOx="6.50" PMx="0.34" fuel="6.40" electricity="0.00" noise="75.19" route="routebottom" type="cfm-slow" waiting="0.00" lane="bottom_0" pos="49.90" speed="19.04" angle="4.70" x="132.27" y="63.35"/>
        <vehicle id="cfm-slow_2" eclass="HBEFA3/PC_G_EU4" CO2="20898.10" CO="355.01" HC="2.13" NOx="9.32" PMx="0.50" fuel="8.98" electricity="0.00" noise="79.91" route="routebottom" type="cfm-slow" waiting="0.00" lane="right_0" pos="15.97" speed="19.64" angle="335.71" x="123.79" y="96.68"/>
        <vehicle id="cfm-slow_3" eclass="HBEFA3/PC_G_EU4" CO2="34669.26" CO="637.60" HC="3.76" NOx="15.78" PMx="0.86" fuel="14.90" electricity="0.00" noise="89.92" route="routebottom" type="cfm-slow" waiting="0.00" lane="right_0" pos="32.68" speed="21.39" angle="305.70" x="99.19" y="122.34"/>
        <vehicle id="cfm-slow_4" eclass="HBEFA3/PC_G_EU4" CO2="56213.18" CO="1088.51" HC="6.35" NOx="25.85" PMx="1.43" fuel="24.16" electricity="0.00" noise="101.63" route="routetop" type="cfm-slow" waiting="0.00" lane="top_0" pos="1.27" speed="25.36" angle="272.19" x="60.83" y="132.22"/>
        <vehicle id="cfm-slow_5" eclass="HBEFA3/PC_G_EU4" CO2="61013.71" CO="1225.03" HC="7.10" NOx="27.98" PMx="1.57" fuel="26.23" electricity="0.00" noise="99.35" route="routetop" type="cfm-slow" waiting="0.00" lane="top_0" pos="24.05" speed="31.54" angle="231.20" x="16.63" y="113.60"/>
    </timestep>
    <timestep time="2.64">
        <vehicle id="cfm-fast_0" eclass="HBEFA3/PC_G_EU4" CO2="71485.94" CO="1454.47" HC="8.41" NOx="32.89" PMx="1.86" fuel="30.73" electricity="0.00" noise="103.80" route="routetop" type="cfm-fast" waiting="0.00" lane="top_1" pos="42.29" speed="33.03" angle="198.39" x="0.26" y="79.35"/>
        <vehicle id="cfm-fast_1" eclass="HBEFA3/PC_G_EU4" CO2="43573.62" CO="869.08" HC="5.05" NOx="19.75" PMx="1.12" fuel="18.73" electricity="0.00" noise="89.97" route="routetop" type="cfm-fast" waiting="0.00" lane="left_0" pos="7.83" speed="31.89" angle="170.34" x="-2.86" y="46.90"/>
        <vehicle id="cfm-fast_2" eclass="HBEFA3/PC_G_EU4" CO2="86011.23" CO="1758.16" HC="10.15" NOx="39.74" PMx="2.24" fuel="36.97" electricity="0.00" noise="110.80" route="routetop" type="cfm-fast" waiting="0.00" lane="left_1" pos="24.05" speed="33.48" angle="141.20" x="16.13" y="18.88"/>
        <vehicle id="cfm-fast_3" eclass="HBEFA3/PC_G_EU4" CO2="15048.99" CO="259.85" HC="1.56" NOx="6.35" PMx="0.36" fuel="6.47" electricity="0.00" noise="76.25" route="routetop" type="cfm-fast" waiting="0.00" lane="left_0" pos="38.34" speed="29.07" angle="115.50" x="39.04" y="-0.37"/>
        <vehicle id="cfm-fast_4" eclass="HBEFA3/PC_G_EU4" CO2="134506.97" CO="2780.31" HC="16.02" NOx="62.58" PMx="3.52" fuel="57.82" electricity="0.00" noise="132.03" route="routebottom" type="cfm-fast" waiting="0.00" lane="bottom_1" pos="6.34" speed="35.60" angle="83.05" x="76.61" y="-0.35"/>
        <vehicle id="cfm-fast_5" eclass="HBEFA3/PC_G_EU4" CO2="5042.29" CO="29.20" HC="0.26" NOx="1.76" PMx="0.09" fuel="2.17" electricity="0.00" noise="70.70" route="routebottom" type="cfm-fast" waiting="0.00" lane="bottom_0" pos="15.69" speed="23.10" angle="66.24" x="96.16" y="3.24"/>
        <vehicle id="cfm-slow_0" eclass="HBEFA3/PC_G_EU4" CO2="12735.52" CO="188.13" HC="1.17" NOx="5.49" PMx="0.28" fuel="5.47" electricity="0.00" noise="73.55" route="routebottom" type="cfm-slow" waiting="0.00" lane="bottom_0" pos="34.20" speed="18.90" angle="32.97" x="123.96" y="30.96"/>
        <vehicle id="cfm-slow_1" eclass="HBEFA3/PC_G_EU4" CO2="14865.52" CO="231.67" HC="1.42" NOx="6.49" PMx="0.34" fuel="6.39" electricity="0.00" noise="75.18" route="routebottom" type="cfm-slow" waiting="0.00" lane="right_0" pos="0.09" speed="19.07" angle="4.31" x="132.27" y="63.95"/>
        <vehicle id="cfm-slow_2" eclass="HBEFA3/PC_G_EU4" CO2="20954.47" CO="356.13" HC="2.14" NOx="9.35" PMx="0.50" fuel="9.01" electricity="0.00" noise="79.94" route="routebottom" type="cfm-slow" waiting="0.00" lane="right_0" pos="16.16" speed="19.67" angle="335.35" x="123.59" y="97.05"/>
        <vehicle id="cfm-slow_3" eclass="HBEFA3/PC_G_EU4" CO2="34793.53" CO="640.17" HC="3.78" NOx="15.84" PMx="0.86" fuel="14.96" electricity="0.00" noise="89.97" route="routebottom" type="cfm-slow" waiting="0.00" lane="right_0" pos="32.90" speed="21.45" angle="305.30" x="98.80" y="122.58"/>
        <vehicle id="cfm-slow_4" eclass="HBEFA3/PC_G_EU4" CO2="56222.11" CO="1088.97" HC="6.36" NOx="25.86" PMx="1.43" fuel="24.17" electricity="0.00" noise="101.56" route="routetop" type="cfm-slow" waiting="0.00" lane="top_0" pos="1.53" speed="25.43" angle="271.73" x="60.28" y="132.18"/>
        <vehicle id="cfm-slow_5" eclass="HBEFA3/PC_G_EU4" CO2="60520.08" CO="1215.44" HC="7.05" NOx="27.75" PMx="1.56" fuel="26.01" electricity="0.00" noise="99.04" route="routetop" type="cfm-slow" waiting="0.00" lane="top_0" pos="24.36" speed="31.60" angle="230.68" x="16.13" y="113.14"/>
    </timestep>
    <timestep time="2.65">
        <vehicle id="cfm-fast_0" eclass="HBEFA3/PC_G_EU4" CO2="71229.04" CO="1449.92" HC="8.38" NOx="32.77" PMx="1.85" fuel="30.62" electricity="0.00" noise="103.62" route="routetop" type="cfm-fast" waiting="0.00" lane="top_1" pos="42.62" speed="33.10" angle="197.80" x="0.11" y="78.69"/>
        <vehicle id="cfm-fast_1" eclass="HBEFA3/PC_G_EU4" CO2="42847.52" CO="854.52" HC="4.96" NOx="19.40" PMx="1.10" fuel="18.42" electricity="0.00" noise="89.58" route="routetop" type="cfm-fast" waiting="0.00" lane="left_0" pos="8.15" speed="31.93" angle="169.75" x="-2.68" y="46.24"/>
        <vehicle id="cfm-fast_2" eclass="HBEFA3/PC_G_EU4" CO2="86074.22" CO="1760.39" HC="10.17" NOx="39.77" PMx="2.24" fuel="37.00" electricity="0.00" noise="110.75" route="routetop" type="cfm-fast" waiting="0.00" lane="left_1" pos="24.39" speed="33.57" angle="140.65" x="16.60" y="18.38"/>
        <vehicle id="cfm-fast_3" eclass="HBEFA3/PC_G_EU4" CO2="14485.31" CO="248.33" HC="1.50" NOx="6.08" PMx="0.35" fuel="6.23" electricity="0.00" noise="76.04" route="routetop" type="cfm-fast" waiting="0.00" lane="left_0" pos="38.63" speed="29.09" angle="115.02" x="39.62" y="-0.60"/>
        <vehicle id="cfm-fast_4" eclass="HBEFA3/PC_G_EU4" CO2="135050.35" CO="2793.15" HC="16.09" NOx="62.83" PMx="3.53" fuel="58.05" electricity="0.00" noise="132.09" route="routebottom" type="cfm-fast" waiting="0.00" lane="bottom_1" pos="6.70" speed="35.74" angle="82.41" x="77.32" y="-0.19"/>
        <vehicle id="cfm-fast_5" eclass="HBEFA3/PC_G_EU4" CO2="4898.62" CO="26.24" HC="0.24" NOx="1.69" PMx="0.08" fuel="2.11" electricity="0.00" noise="70.66" route="routebottom" type="cfm-fast" waiting="0.00" lane="bottom_0" pos="15.92" speed="23.11" angle="65.81" x="96.59" y="3.48"/>
        <vehicle id="cfm-slow_0" eclass="HBEFA3/PC_G_EU4" CO2="12685.98" CO="187.07" HC="1.16" NOx="5.46" PMx="0.28" fuel="5.45" electricity="0.00" noise="73.51" route="routebottom" type="cfm-slow" waiting="0.00" lane="bottom_0" pos="34.39" speed="18.92" angle="32.63" x="124.16" y="31.32"/>
        <vehicle id="cfm-slow_1" eclass="HBEFA3/PC_G_EU4" CO2="14853.35" CO="231.38" HC="1.42" NOx="6.48" PMx="0.34" fuel="6.38" electricity="0.00" noise="75.16" route="routebottom" type="cfm-slow" waiting="0.00" lane="right_0" pos="0.28" speed="19.09" angle="3.96" x="132.26" y="64.36"/>
        <vehicle id="cfm-slow_2" eclass="HBEFA3/PC_G_EU4" CO2="21011.88" CO="357.26" HC="2.14" NOx="9.37" PMx="0.50" fuel="9.03" electricity="0.00" noise="79.97" route="routebottom" type="cfm-slow" waiting="0.00" lane="right_0" pos="16.36" speed="19.71" angle="334.99" x="123.38" y="97.42"/>
        <vehicle id="cfm-slow_3" eclass="HBEFA3/PC_G_EU4" CO2="34917.33" CO="642.73" HC="3.79" NOx="15.89" PMx="0.86" fuel="15.01" electricity="0.00" noise="90.02" route="routebottom" type="cfm-slow" waiting="0.00" lane="right_0" pos="33.11" speed="21.50" angle="304.89" x="98.40" y="122.82"/>
        <vehicle id="cfm-slow_4" eclass="HBEFA3/PC_G_EU4" CO2="56227.22" CO="1089.36" HC="6.36" NOx="25.86" PMx="1.43" fuel="24.17" electricity="0.00" noise="101.48" route="routetop" type="cfm-slow" waiting="0.00" lane="top_0" pos="1.78" speed="25.51" angle="271.28" x="59.74" y="132.15"/>
        <vehicle id="cfm-slow_5" eclass="HBEFA3/PC_G_EU4" CO2="60025.03" CO="1205.82" HC="6.99" NOx="27.51" PMx="1.55" fuel="25.80" electricity="0.00" noise="98.74" route="routetop" type="cfm-slow" waiting="0.00" lane="top_0" pos="24.68" speed="31.67" angle="230.10" x="15.65" y="112.66"/>
    </timestep>
    <timestep time="2.66">
        <vehicle id="cfm-fast_0" eclass="HBEFA3/PC_G_EU4" CO2="70976.57" CO="1445.47" HC="8.36" NOx="32.65" PMx="1.84" fuel="30.51" electricity="0.00" noise="103.44" route="routetop" type="cfm-fast" waiting="0.00" lane="top_1" pos="42.95" speed="33.17" angle="197.20" x="-0.04" y="78.02"/>
        <vehicle id="cfm-fast_1" eclass="HBEFA3/PC_G_EU4" CO2="42124.20" CO="840.02" HC="4.88" NOx="19.06" PMx="1.08" fuel="18.11" electricity="0.00" noise="89.19" route="routetop" type="cfm-fast" waiting="0.00" lane="left_0" pos="8.47" speed="31.98" angle="169.17" x="-2.51" y="45.57"/>
        <vehicle id="cfm-fast_2" eclass="HBEFA3/PC_G_EU4" CO2="86142.85" CO="1762.74" HC="10.18" NOx="39.80" PMx="2.24" fuel="37.03" electricity="0.00" noise="110.70" route="routetop" type="cfm-fast" waiting="0.00" lane="left_1" pos="24.73" speed="33.66" angle="140.02" x="17.09" y="17.89"/>
        <vehicle id="cfm-fast_3" eclass="HBEFA3/PC_G_EU4" CO2="13928.76" CO="236.94" HC="1.43" NOx="5.82" PMx="0.33" fuel="5.99" electricity="0.00" noise="75.84" route="routetop" type="cfm-fast" waiting="0.00" lane="left_0" pos="38.92" speed="29.10" angle="114.48" x="40.21" y="-0.81"/>
        <vehicle id="cfm-fast_4" eclass="HBEFA3/PC_G_EU4" CO2="135594.03" CO="2806.01" HC="16.16" NOx="63.09" PMx="3.55" fuel="58.28" electricity="0.00" noise="132.16" route="routebottom" type="cfm-fast" waiting="0.00" lane="bottom_1" pos="7.06" speed="35.88" angle="81.76" x="78.04" y="-0.03"/>
        <vehicle id="cfm-fast_5" eclass="HBEFA3/PC_G_EU4" CO2="4757.77" CO="23.35" HC="0.22" NOx="1.62" PMx="0.08" fuel="2.05" electricity="0.00" noise="70.62" route="routebottom" type="cfm-fast" waiting="0.00" lane="bottom_0" pos="16.15" speed="23.11" angle="65.39" x="97.03" y="3.72"/>
        <vehicle id="cfm-slow_0" eclass="HBEFA3/PC_G_EU4" CO2="12637.29" CO="186.03" HC="1.16" NOx="5.44" PMx="0.28" fuel="5.43" electricity="0.00" noise="73.47" route="routebottom" type="cfm-slow" waiting="0.00" lane="bottom_0" pos="34.58" speed="18.93" angle="32.31" x="124.36" y="31.67"/>
        <vehicle id="cfm-slow_1" eclass="HBEFA3/PC_G_EU4" CO2="14842.30" CO="231.11" HC="1.42" NOx="6.48" PMx="0.34" fuel="6.38" electricity="0.00" noise="75.15" route="routebottom" type="cfm-slow" waiting="0.00" lane="right_0" pos="0.47" speed="19.11" angle="3.62" x="132.25" y="64.77"/>
        <vehicle id="cfm-slow_2" eclass="HBEFA3/PC_G_EU4" CO2="21070.31" CO="358.43" HC="2.15" NOx="9.40" PMx="0.50" fuel="9.06" electricity="0.00" noise="80.00" route="routebottom" type="cfm-slow" waiting="0.00" lane="right_0" pos="16.56" speed="19.74" angle="334.65" x="123.17" y="97.79"/>
        <vehicle id="cfm-slow_3" eclass="HBEFA3/PC_G_EU4" CO2="35040.66" CO="645.29" HC="3.81" NOx="15.95" PMx="0.87" fuel="15.06" electricity="0.00" noise="90.07" route="routebottom" type="cfm-slow" waiting="0.00" lane="right_0" pos="33.33" speed="21.56" angle="304.53" x="98.00" y="123.06"/>
        <vehicle id="cfm-slow_4" eclass="HBEFA3/PC_G_EU4" CO2="56228.53" CO="1089.67" HC="6.36" NOx="25.86" PMx="1.43" fuel="24.17" electricity="0.00" noise="101.40" route="routetop" type="cfm-slow" waiting="0.00" lane="top_0" pos="2.04" speed="25.59" angle="270.82" x="59.19" y="132.12"/>
        <vehicle id="cfm-slow_5" eclass="HBEFA3/PC_G_EU4" CO2="59528.62" CO="1196.17" HC="6.93" NOx="27.28" PMx="1.54" fuel="25.59" electricity="0.00" noise="98.44" route="routetop" type="cfm-slow" waiting="0.00" lane="top_0" pos="25.00" speed="31.73" angle="229.52" x="15.17" y="112.18"/>
    </timestep>
    <timestep time="2.67">
        <vehicle id="cfm-fast_0" eclass="HBEFA3/PC_G_EU4" CO2="70728.58" CO="1441.10" HC="8.33" NOx="32.53" PMx="1.84" fuel="30.40" electricity="0.00" noise="103.26" route="routetop" type="cfm-fast" waiting="0.00" lane="top_1" pos="43.28" speed="33.25" angle="196.61" x="-0.19" y="77.36"/>
        <vehicle id="cfm-fast_1" eclass="HBEFA3/PC_G_EU4" CO2="41403.74" CO="825.56" HC="4.80" NOx="18.72" PMx="1.06" fuel="17.80" electricity="0.00" noise="88.81" route="routetop" type="cfm-fast" waiting="0.00" lane="left_0" pos="8.79" speed="32.02" angle="168.58" x="-2.33" y="44.91"/>
        <vehicle id="cfm-fast_2" eclass="HBEFA3/PC_G_EU4" CO2="86217.08" CO="1765.21" HC="10.19" NOx="39.83" PMx="2.24" fuel="37.06" electricity="0.00" noise="110.66" route="routetop" type="cfm-fast" waiting="0.00" lane="left_1" pos="25.06" speed="33.75" angle="139.39" x="17.58" y="17.40"/>
        <vehicle id="cfm-fast_3" eclass="HBEFA3/PC_G_EU4" CO2="13379.31" CO="225.70" HC="1.36" NOx="5.56" PMx="0.32" fuel="5.75" electricity="0.00" noise="75.65" route="routetop" type="cfm-fast" waiting="0.00" lane="left_0" pos="39.21" speed="29.11" angle="113.95" x="40.80" y="-1.02"/>
        <vehicle id="cfm-fast_4" eclass="HBEFA3/PC_G_EU4" CO2="136138.00" CO="2818.90" HC="16.23" NOx="63.34" PMx="3.56" fuel="58.52" electricity="0.00" noise="132.22" route="routebottom" type="cfm-fast" waiting="0.00" lane="bottom_1" pos="7.42" speed="36.01" angle="81.10" x="78.76" y="0.13"/>
        <vehicle id="cfm-fast_5" eclass="HBEFA3/PC_G_EU4" CO2="4619.70" CO="20.51" HC="0.21" NOx="1.56" PMx="0.07" fuel="1.99" electricity="0.00" noise="70.58" route="routebottom" type="cfm-fast" waiting="0.00" lane="bottom_0" pos="16.38" speed="23.11" angle="64.96" x="97.46" y="3.96"/>
        <vehicle id="cfm-slow_0" eclass="HBEFA3/PC_G_EU4" CO2="12589.43" CO="185.01" HC="1.15" NOx="5.42" PMx="0.28" fuel="5.41" electricity="0.00" noise="73.44" route="routebottom" type="cfm-slow" waiting="0.00" lane="bottom_0" pos="34.77" speed="18.95" angle="31.99" x="124.54" y="32.04"/>
        <vehicle id="cfm-slow_1" eclass="HBEFA3/PC_G_EU4" CO2="14832.37" CO="230.87" HC="1.42" NOx="6.47" PMx="0.34" fuel="6.38" electricity="0.00" noise="75.14" route="routebottom" type="cfm-slow" waiting="0.00" lane="right_0" pos="0.66" speed="19.14" angle="3.27" x="132.24" y="65.18"/>
        <vehicle id="cfm-slow_2" eclass="HBEFA3/PC_G_EU4" CO2="21129.74" CO="359.61" HC="2.16" NOx="9.43" PMx="0.50" fuel="9.08" electricity="0.00" noise="80.04" route="routebottom" type="cfm-slow" waiting="0.00" lane="right_0" pos="16.76" speed="19.78" angle="334.33" x="122.96" y="98.16"/>
        <vehicle id="cfm-slow_3" eclass="HBEFA3/PC_G_EU4" CO2="35163.47" CO="647.84" HC="3.82" NOx="16.01" PMx="0.87" fuel="15.11" electricity="0.00" noise="90.12" route="routebottom" type="cfm-slow" waiting="0.00" lane="right_0" pos="33.55" speed="21.61" angle="304.15" x="97.59" y="123.28"/>
        <vehicle id="cfm-slow_4" eclass="HBEFA3/PC_G_EU4" CO2="56226.03" CO="1089.91" HC="6.36" NOx="25.85" PMx="1.43" fuel="24.17" electricity="0.00" noise="101.32" route="routetop" type="cfm-slow" waiting="0.00" lane="top_0" pos="2.30" speed="25.67" angle="270.36" x="58.63" y="132.09"/>
        <vehicle id="cfm-slow_5" eclass="HBEFA3/PC_G_EU4" CO2="59030.92" CO="1186.48" HC="6.88" NOx="27.04" PMx="1.52" fuel="25.37" electricity="0.00" noise="98.13" route="routetop" type="cfm-slow" waiting="0.00" lane="top_0" pos="25.31" speed="31.80" angle="228.94" x="14.68" y="111.69"/>
    </timestep>
    <timestep time="2.68">
        <vehicle id="cfm-fast_0" eclass="HBEFA3/PC_G_EU4" CO2="70485.10" CO="1436.83" HC="8.31" NOx="32.42" PMx="1.83" fuel="30.30" electricity="0.00" noise="103.09" route="routetop" type="cfm-fast" waiting="0.00" lane="top_1" pos="43.62" speed="33.32" angle="196.05" x="-0.34" y="76.69"/>
        <vehicle id="cfm-fast_1" eclass="HBEFA3/PC_G_EU4" CO2="40686.22" CO="811.16" HC="4.71" NOx="18.38" PMx="1.05" fuel="17.49" electricity="0.00" noise="88.43" route="routetop" type="cfm-fast" waiting="0.00" lane="left_0" pos="9.11" speed="32.06" angle="168.05" x="-2.14" y="44.25"/>
        <vehicle id="cfm-fast_2" eclass="HBEFA3/PC_G_EU4" CO2="86296.87" CO="1767.80" HC="10.21" NOx="39.87" PMx="2.25" fuel="37.09" electricity="0.00" noise="110.62" route="routetop" type="cfm-fast" waiting="0.00" lane="left_1" pos="25.40" speed="33.84" angle="138.76" x="18.07" y="16.91"/>
        <vehicle id="cfm-fast_3" eclass="HBEFA3/PC_G_EU4" CO2="12836.95" CO="214.60" HC="1.30" NOx="5.30" PMx="0.31" fuel="5.52" electricity="0.00" noise="75.46" route="routetop" type="cfm-fast" waiting="0.00" lane="left_0" pos="39.50" speed="29.12" angle="113.41" x="41.39" y="-1.23"/>
        <vehicle id="cfm-fast_4" eclass="HBEFA3/PC_G_EU4" CO2="136682.26" CO="2831.80" HC="16.31" NOx="63.59" PMx="3.58" fuel="58.75" electricity="0.00" noise="132.29" route="routebottom" type="cfm-fast" waiting="0.00" lane="bottom_1" pos="7.78" speed="36.15" angle="80.49" x="79.48" y="0.30"/>
        <vehicle id="cfm-fast_5" eclass="HBEFA3/PC_G_EU4" CO2="4484.39" CO="17.72" HC="0.19" NOx="1.50" PMx="0.07" fuel="1.93" electricity="0.00" noise="70.54" route="routebottom" type="cfm-fast" waiting="0.00" lane="bottom_0" pos="16.61" speed="23.11" angle="64.57" x="97.90" y="4.20"/>
        <vehicle id="cfm-slow_0" eclass="HBEFA3/PC_G_EU4" CO2="12542.42" CO="184.01" HC="1.15" NOx="5.39" PMx="0.28" fuel="5.39" electricity="0.00" noise="73.40" route="routebottom" type="cfm-slow" waiting="0.00" lane="bottom_0" pos="34.95" speed="18.97" angle="31.65" x="124.73" y="32.40"/>
        <vehicle id="cfm-slow_1" eclass="HBEFA3/PC_G_EU4" CO2="14823.55" CO="230.64" HC="1.41" NOx="6.47" PMx="0.34" fuel="6.37" electricity="0.00" noise="75.13" route="routebottom" type="cfm-slow" waiting="0.00" lane="right_0" pos="0.85" speed="19.16" angle="2.93" x="132.24" y="65.59"/>
        <vehicle id="cfm-slow_2" eclass="HBEFA3/PC_G_EU4" CO2="21190.17" CO="360.81" HC="2.17" NOx="9.46" PMx="0.50" fuel="9.11" electricity="0.00" noise="80.07" route="routebottom" type="cfm-slow" waiting="0.00" lane="right_0" pos="16.95" speed="19.81" angle="333.97" x="122.74" y="98.52"/>
        <vehicle id="cfm-slow_3" eclass="HBEFA3/PC_G_EU4" CO2="35285.75" CO="650.38" HC="3.84" NOx="16.06" PMx="0.87" fuel="15.17" electricity="0.00" noise="90.17" route="routebottom" type="cfm-slow" waiting="0.00" lane="right_0" pos="33.76" speed="21.67" angle="303.75" x="97.19" y="123.51"/>
        <vehicle id="cfm-slow_4" eclass="HBEFA3/PC_G_EU4" CO2="56219.74" CO="1090.07" HC="6.36" NOx="25.85" PMx="1.43" fuel="24.17" electricity="0.00" noise="101.23" route="routetop" type="cfm-slow" waiting="0.00" lane="top_0" pos="2.55" speed="25.74" angle="269.91" x="58.08" y="132.05"/>
        <vehicle id="cfm-slow_5" eclass="HBEFA3/PC_G_EU4" CO2="58531.98" CO="1176.77" HC="6.82" NOx="26.81" PMx="1.51" fuel="25.16" electricity="0.00" noise="97.83" route="routetop" type="cfm-slow" waiting="0.00" lane="top_0" pos="25.63" speed="31.86" angle="228.41" x="14.20" y="111.21"/>
    </timestep>
    <timestep time="2.69">
        <vehicle id="cfm-fast_0" eclass="HBEFA3/PC_G_EU4" CO2="70246.16" CO="1432.65" HC="8.28" NOx="32.30" PMx="1.82" fuel="30.20" electricity="0.00" noise="102.92" route="routetop" type="cfm-fast" waiting="0.00" lane="top_1" pos="43.95" speed="33.39" angle="195.43" x="-0.46" y="76.02"/>
        <vehicle id="cfm-fast_1" eclass="HBEFA3/PC_G_EU4" CO2="39971.72" CO="796.82" HC="4.63" NOx="18.04" PMx="1.03" fuel="17.18" electricity="0.00" noise="88.06" route="routetop" type="cfm-fast" waiting="0.00" lane="left_0" pos="9.43" speed="32.10" angle="167.45" x="-1.93" y="43.59"/>
        <vehicle id="cfm-fast_2" eclass="HBEFA3/PC_G_EU4" CO2="86382.20" CO="1770.51" HC="10.22" NOx="39.90" PMx="2.25" fuel="37.13" electricity="0.00" noise="110.58" route="routetop" type="cfm-fast" waiting="0.00" lane="left_1" pos="25.74" speed="33.93" angle="138.19" x="18.57" y="16.42"/>
        <vehicle id="cfm-fast_3" eclass="HBEFA3/PC_G_EU4" CO2="12301.65" CO="203.64" HC="1.24" NOx="5.05" PMx="0.29" fuel="5.29" electricity="0.00" noise="75.28" route="routetop" type="cfm-fast" waiting="0.00" lane="left_0" pos="39.79" speed="29.13" angle="112.94" x="41.98" y="-1.44"/>
        <vehicle id="cfm-fast_4" eclass="HBEFA3/PC_G_EU4" CO2="137226.81" CO="2844.73" HC="16.38" NOx="63.85" PMx="3.59" fuel="58.99" electricity="0.00" noise="132.35" route="routebottom" type="cfm-fast" waiting="0.00" lane="bottom_1" pos="8.14" speed="36.28" angle="79.81" x="80.20" y="0.49"/>
        <vehicle id="cfm-fast_5" eclass="HBEFA3/PC_G_EU4" CO2="4351.82" CO="15.00" HC="0.17" NOx="1.43" PMx="0.07" fuel="1.87" electricity="0.00" noise="70.50" route="routebottom" type="cfm-fast" waiting="0.00" lane="bottom_0" pos="16.84" speed="23.11" angle="64.16" x="98.32" y="4.46"/>
        <vehicle id="cfm-slow_0" eclass="HBEFA3/PC_G_EU4" CO2="12496.25" CO="183.02" HC="1.14" NOx="5.37" PMx="0.28" fuel="5.37" electricity="0.00" noise="73.37" route="routebottom" type="cfm-slow" waiting="0.00" lane="bottom_0" pos="35.14" speed="18.99" angle="31.30" x="124.91" y="32.76"/>
        <vehicle id="cfm-slow_1" eclass="HBEFA3/PC_G_EU4" CO2="14815.85" CO="230.45" HC="1.41" NOx="6.46" PMx="0.34" fuel="6.37" electricity="0.00" noise="75.12" route="routebottom" type="cfm-slow" waiting="0.00" lane="right_0" pos="1.04" speed="19.18" angle="2.58" x="132.23" y="66.01"/>
        <vehicle id="cfm-slow_2" eclass="HBEFA3/PC_G_EU4" CO2="21251.58" CO="362.04" HC="2.17" NOx="9.48" PMx="0.50" fuel="9.13" electricity="0.00" noise="80.11" route="routebottom" type="cfm-slow" waiting="0.00" lane="right_0" pos="17.15" speed="19.85" angle="333.61" x="122.52" y="98.89"/>
        <vehicle id="cfm-slow_3" eclass="HBEFA3/PC_G_EU4" CO2="35407.46" CO="652.91" HC="3.85" NOx="16.12" PMx="0.88" fuel="15.22" electricity="0.00" noise="90.21" route="routebottom" type="cfm-slow" waiting="0.00" lane="right_0" pos="33.98" speed="21.73" angle="303.36" x="96.78" y="123.73"/>
        <vehicle id="cfm-slow_4" eclass="HBEFA3/PC_G_EU4" CO2="56209.66" CO="1090.16" HC="6.36" NOx="25.84" PMx="1.43" fuel="24.16" electricity="0.00" noise="101.15" route="routetop" type="cfm-slow" waiting="0.00" lane="top_0" pos="2.81" speed="25.82" angle="269.45" x="57.53" y="132.00"/>
        <vehicle id="cfm-slow_5" eclass="HBEFA3/PC_G_EU4" CO2="58031.86" CO="1167.03" HC="6.76" NOx="26.57" PMx="1.50" fuel="24.94" electricity="0.00" noise="97.53" route="routetop" type="cfm-slow" waiting="0.00" lane="top_0" pos="25.95" speed="31.92" angle="227.82" x="13.73" y="110.70"/>
    </timestep>
    <timestep time="2.70">
        <vehicle id="cfm-fast_0" eclass="HBEFA3/PC_G_EU4" CO2="70011.79" CO="1428.57" HC="8.26" NOx="32.19" PMx="1.82" fuel="30.09" electricity="0.00" noise="102.75" route="routetop" type="cfm-fast" waiting="0.00" lane="top_1" pos="44.28" speed="33.47" angle="194.81" x="-0.59" y="75.34"/>
        <vehicle id="cfm-fast_1" eclass="HBEFA3/PC_G_EU4" CO2="39260.32" CO="782.53" HC="4.55" NOx="17.71" PMx="1.01" fuel="16.88" electricity="0.00" noise="87.69" route="routetop" type="cfm-fast" waiting="0.00" lane="left_0" pos="9.75" speed="32.14" angle="166.86" x="-1.73" y="42.92"/>
        <vehicle id="cfm-fast_2" eclass="HBEFA3/PC_G_EU4" CO2="86473.04" CO="1773.33" HC="10.24" NOx="39.95" PMx="2.25" fuel="37.17" electricity="0.00" noise="110.55" route="routetop" type="cfm-fast" waiting="0.00" lane="left_1" pos="26.08" speed="34.02" angle="137.56" x="19.08" y="15.95"/>
        <vehicle id="cfm-fast_3" eclass="HBEFA3/PC_G_EU4" CO2="11773.40" CO="192.82" HC="1.18" NOx="4.80" PMx="0.28" fuel="5.06" electricity="0.00" noise="75.11" route="routetop" type="cfm-fast" waiting="0.00" lane="left_0" pos="40.08" speed="29.13" angle="112.39" x="42.58" y="-1.62"/>
        <vehicle id="cfm-fast_4" eclass="HBEFA3/PC_G_EU4" CO2="137771.66" CO="2857.68" HC="16.45" NOx="64.10" PMx="3.61" fuel="59.22" electricity="0.00" noise="132.42" route="routebottom" type="cfm-fast" waiting="0.00" lane="bottom_1" pos="8.51" speed="36.42" angle="79.13" x="80.92" y="0.69"/>
        <vehicle id="cfm-fast_5" eclass="HBEFA3/PC_G_EU4" CO2="4221.94" CO="12.32" HC="0.16" NOx="1.37" PMx="0.06" fuel="1.81" electricity="0.00" noise="70.46" route="routebottom" type="cfm-fast" waiting="0.00" lane="bottom_0" pos="17.07" speed="23.11" angle="63.74" x="98.75" y="4.71"/>
        <vehicle id="cfm-slow_0" eclass="HBEFA3/PC_G_EU4" CO2="12450.93" CO="182.05" HC="1.13" NOx="5.35" PMx="0.27" fuel="5.35" electricity="0.00" noise="73.34" route="routebottom" type="cfm-slow" waiting="0.00" lane="bottom_0" pos="35.33" speed="19.01" angle="30.96" x="125.10" y="33.13"/>
        <vehicle id="cfm-slow_1" eclass="HBEFA3/PC_G_EU4" CO2="14809.25" CO="230.27" HC="1.41" NOx="6.46" PMx="0.34" fuel="6.37" electricity="0.00" noise="75.12" route="routebottom" type="cfm-slow" waiting="0.00" lane="right_0" pos="1.24" speed="19.21" angle="2.25" x="132.22" y="66.42"/>
        <vehicle id="cfm-slow_2" eclass="HBEFA3/PC_G_EU4" CO2="21313.94" CO="363.29" HC="2.18" NOx="9.51" PMx="0.51" fuel="9.16" electricity="0.00" noise="80.15" route="routebottom" type="cfm-slow" waiting="0.00" lane="right_0" pos="17.35" speed="19.88" angle="333.26" x="122.31" y="99.26"/>
        <vehicle id="cfm-slow_3" eclass="HBEFA3/PC_G_EU4" CO2="35528.58" CO="655.43" HC="3.86" NOx="16.18" PMx="0.88" fuel="15.27" electricity="0.00" noise="90.26" route="routebottom" type="cfm-slow" waiting="0.00" lane="right_0" pos="34.20" speed="21.78" angle="302.96" x="96.37" y="123.96"/>
        <vehicle id="cfm-slow_4" eclass="HBEFA3/PC_G_EU4" CO2="56195.80" CO="1090.18" HC="6.36" NOx="25.83" PMx="1.43" fuel="24.16" electricity="0.00" noise="101.06" route="routetop" type="cfm-slow" waiting="0.00" lane="top_0" pos="3.07" speed="25.90" angle="268.99" x="56.97" y="131.94"/>
        <vehicle id="cfm-slow_5" eclass="HBEFA3/PC_G_EU4" CO2="57530.62" CO="1157.26" HC="6.71" NOx="26.33" PMx="1.49" fuel="24.73" electricity="0.00" noise="97.24" route="routetop" type="cfm-slow" waiting="0.00" lane="top_0" pos="26.27" speed="31.98" angle="227.23" x="13.27" y="110.20"/>
    </timestep>
    <timestep time="2.71">
        <vehicle id="cfm-fast_0" eclass="HBEFA3/PC_G_EU4" CO2="69782.03" CO="1424.58" HC="8.23" NOx="32.08" PMx="1.81" fuel="30.00" electricity="0.00" noise="102.59" route="routetop" type="cfm-fast" waiting="0.00" lane="top_1" pos="44.62" speed="33.54" angle="194.19" x="-0.71" y="74.67"/>
        <vehicle id="cfm-fast_1" eclass="HBEFA3/PC_G_EU4" CO2="38552.10" CO="768.30" HC="4.47" NOx="17.37" PMx="0.99" fuel="16.57" electricity="0.00" noise="87.32" route="routetop" type="cfm-fast" waiting="0.00" lane="left_0" pos="10.07" speed="32.18" angle="166.26" x="-1.52" y="42.26"/>
        <vehicle id="cfm-fast_2" eclass="HBEFA3/PC_G_EU4" CO2="86569.35" CO="1776.28" HC="10.25" NOx="39.99" PMx="2.25" fuel="37.21" electricity="0.00" noise="110.52" route="routetop" type="cfm-fast" waiting="0.00" lane="left_1" pos="26.42" speed="34.11" angle="136.93" x="19.60" y="15.48"/>
        <vehicle id="cfm-fast_3" eclass="HBEFA3/PC_G_EU4" CO2="11252.15" CO="182.13" HC="1.11" NOx="4.55" PMx="0.27" fuel="4.84" electricity="0.00" noise="74.95" route="routetop" type="cfm-fast" waiting="0.00" lane="left_0" pos="40.38" speed="29.14" angle="111.85" x="43.18" y="-1.81"/>
        <vehicle id="cfm-fast_4" eclass="HBEFA3/PC_G_EU4" CO2="138316.80" CO="2870.65" HC="16.53" NOx="64.36" PMx="3.62" fuel="59.46" electricity="0.00" noise="132.49" route="routebottom" type="cfm-fast" waiting="0.00" lane="bottom_1" pos="8.87" speed="36.56" angle="78.46" x="81.65" y="0.88"/>
        <vehicle id="cfm-fast_5" eclass="HBEFA3/PC_G_EU4" CO2="4094.73" CO="9.70" HC="0.14" NOx="1.31" PMx="0.06" fuel="1.76" electricity="0.00" noise="70.43" route="routebottom" type="cfm-fast" waiting="0.00" lane="bottom_0" pos="17.31" speed="23.11" angle="63.31" x="99.18" y="4.97"/>
        <vehicle id="cfm-slow_0" eclass="HBEFA3/PC_G_EU4" CO2="12406.45" CO="181.10" HC="1.13" NOx="5.33" PMx="0.27" fuel="5.33" electricity="0.00" noise="73.30" route="routebottom" type="cfm-slow" waiting="0.00" lane="bottom_0" pos="35.53" speed="19.03" angle="30.61" x="125.28" y="33.50"/>
        <vehicle id="cfm-slow_1" eclass="HBEFA3/PC_G_EU4" CO2="14803.75" CO="230.12" HC="1.41" NOx="6.46" PMx="0.34" fuel="6.36" electricity="0.00" noise="75.11" route="routebottom" type="cfm-slow" waiting="0.00" lane="right_0" pos="1.43" speed="19.23" angle="1.91" x="132.20" y="66.83"/>
        <vehicle id="cfm-slow_2" eclass="HBEFA3/PC_G_EU4" CO2="21377.25" CO="364.55" HC="2.19" NOx="9.54" PMx="0.51" fuel="9.19" electricity="0.00" noise="80.18" route="routebottom" type="cfm-slow" waiting="0.00" lane="right_0" pos="17.55" speed="19.92" angle="332.90" x="122.09" y="99.63"/>
        <vehicle id="cfm-slow_3" eclass="HBEFA3/PC_G_EU4" CO2="35649.08" CO="657.95" HC="3.88" NOx="16.23" PMx="0.88" fuel="15.32" electricity="0.00" noise="90.31" route="routebottom" type="cfm-slow" waiting="0.00" lane="right_0" pos="34.42" speed="21.84" angle="302.57" x="95.96" y="124.19"/>
        <vehicle id="cfm-slow_4" eclass="HBEFA3/PC_G_EU4" CO2="56178.17" CO="1090.12" HC="6.36" NOx="25.82" PMx="1.43" fuel="24.15" electricity="0.00" noise="100.97" route="routetop" type="cfm-slow" waiting="0.00" lane="top_0" pos="3.33" speed="25.97" angle="268.52" x="56.42" y="131.88"/>
        <vehicle id="cfm-slow_5" eclass="HBEFA3/PC_G_EU4" CO2="57028.32" CO="1147.47" HC="6.65" NOx="26.09" PMx="1.47" fuel="24.51" electricity="0.00" noise="96.94" route="routetop" type="cfm-slow" waiting="0.00" lane="top_0" pos="26.59" speed="32.04" angle="226.63" x="12.80" y="109.69"/>
    </timestep>
    <timestep time="2.72">
        <vehicle id="cfm-fast_0" eclass="HBEFA3/PC_G_EU4" CO2="69556.90" CO="1420.68" HC="8.21" NOx="31.97" PMx="1.81" fuel="29.90" electricity="0.00" noise="102.43" route="routetop" type="cfm-fast" waiting="0.00" lane="top_1" pos="44.96" speed="33.61" angle="193.64" x="-0.83" y="73.99"/>
        <vehicle id="cfm-fast_1" eclass="HBEFA3/PC_G_EU4" CO2="37847.13" CO="754.13" HC="4.38" NOx="17.04" PMx="0.97" fuel="16.27" electricity="0.00" noise="86.96" route="routetop" type="cfm-fast" waiting="0.00" lane="left_0" pos="10.39" speed="32.21" angle="165.73" x="-1.30" y="41.61"/>
        <vehicle id="cfm-fast_2" eclass="HBEFA3/PC_G_EU4" CO2="86671.09" CO="1779.34" HC="10.27" NOx="40.04" PMx="2.26" fuel="37.26" electricity="0.00" noise="110.49" route="routetop" type="cfm-fast" waiting="0.00" lane="left_1" pos="26.76" speed="34.20" angle="136.30" x="20.11" y="15.00"/>
        <vehicle id="cfm-fast_3" eclass="HBEFA3/PC_G_EU4" CO2="10737.89" CO="171.59" HC="1.05" NOx="4.31" PMx="0.25" fuel="4.62" electricity="0.00" noise="74.79" route="routetop" type="cfm-fast" waiting="0.00" lane="left_0" pos="40.67" speed="29.15" angle="111.30" x="43.78" y="-1.99"/>
        <vehicle id="cfm-fast_4" eclass="HBEFA3/PC_G_EU4" CO2="138862.23" CO="2883.65" HC="16.60" NOx="64.61" PMx="3.64" fuel="59.69" electricity="0.00" noise="132.55" route="routebottom" type="cfm-fast" waiting="0.00" lane="bottom_1" pos="9.24" speed="36.69" angle="77.83" x="82.37" y="1.10"/>
        <vehicle id="cfm-fast_5" eclass="HBEFA3/PC_G_EU4" CO2="3970.17" CO="7.14" HC="0.13" NOx="1.25" PMx="0.06" fuel="1.71" electricity="0.00" noise="70.39" route="routebottom" type="cfm-fast" waiting="0.00" lane="bottom_0" pos="17.54" speed="23.11" angle="62.89" x="99.60" y="5.23"/>
        <vehicle id="cfm-slow_0" eclass="HBEFA3/PC_G_EU4" CO2="12362.81" CO="180.17" HC="1.12" NOx="5.31" PMx="0.27" fuel="5.31" electricity="0.00" noise="73.27" route="routebottom" type="cfm-slow" waiting="0.00" lane="bottom_0" pos="35.72" speed="19.05" angle="30.27" x="125.46" y="33.86"/>
        <vehicle id="cfm-slow_1" eclass="HBEFA3/PC_G_EU4" CO2="14799.35" CO="229.99" HC="1.41" NOx="6.45" PMx="0.34" fuel="6.36" electricity="0.00" noise="75.10" route="routebottom" type="cfm-slow" waiting="0.00" lane="right_0" pos="1.62" speed="19.26" angle="1.56" x="132.17" y="67.25"/>
        <vehicle id="cfm-slow_2" eclass="HBEFA3/PC_G_EU4" CO2="21441.50" CO="365.84" HC="2.19" NOx="9.57" PMx="0.51" fuel="9.22" electricity="0.00" noise="80.22" route="routebottom" type="cfm-slow" waiting="0.00" lane="right_0" pos="17.75" speed="19.95" angle="332.54" x="121.87" y="99.99"/>
        <vehicle id="cfm-slow_3" eclass="HBEFA3/PC_G_EU4" CO2="35768.93" CO="660.45" HC="3.89" NOx="16.29" PMx="0.89" fuel="15.38" electricity="0.00" noise="90.35" route="routebottom" type="cfm-slow" waiting="0.00" lane="right_0" pos="34.63" speed="21.90" angle="302.23" x="95.54" y="124.42"/>
        <vehicle id="cfm-slow_4" eclass="HBEFA3/PC_G_EU4" CO2="56156.78" CO="1089.99" HC="6.36" NOx="25.81" PMx="1.43" fuel="24.14" electricity="0.00" noise="100.88" route="routetop" type="cfm-slow" waiting="0.00" lane="top_0" pos="3.59" speed="26.05" angle="268.06" x="55.86" y="131.83"/>
        <vehicle id="cfm-slow_5" eclass="HBEFA3/PC_G_EU4" CO2="56525.01" CO="1137.65" HC="6.59" NOx="25.85" PMx="1.46" fuel="24.30" electricity="0.00" noise="96.64" route="routetop" type="cfm-slow" waiting="0.00" lane="top_0" pos="26.91" speed="32.10" angle="226.09" x="12.33" y="109.18"/>
    </timestep>
    <timestep time="2.73">
        <vehicle id="cfm-fast_0" eclass="HBEFA3/PC_G_EU4" CO2="69336.44" CO="1416.88" HC="8.19" NOx="31.87" PMx="1.80" fuel="29.80" electricity="0.00" noise="102.27" route="routetop" type="cfm-fast" waiting="0.00" lane="top_1" pos="45.29" speed="33.68" angle="193.03" x="-0.93" y="73.31"/>
        <vehicle id="cfm-fast_1" eclass="HBEFA3/PC_G_EU4" CO2="37145.48" CO="740.02" HC="4.30" NOx="16.71" PMx="0.95" fuel="15.97" electricity="0.00" noise="86.60" route="routetop" type="cfm-fast" waiting="0.00" lane="left_0" pos="10.72" speed="32.25" angle="165.14" x="-1.07" y="40.95"/>
        <vehicle id="cfm-fast_2" eclass="HBEFA3/PC_G_EU4" CO2="86778.24" CO="1782.52" HC="10.29" NOx="40.08" PMx="2.26" fuel="37.30" electricity="0.00" noise="110.47" route="routetop" type="cfm-fast" waiting="0.00" lane="left_1" pos="27.11" speed="34.29" angle="135.73" x="20.64" y="14.53"/>
        <vehicle id="cfm-fast_3" eclass="HBEFA3/PC_G_EU4" CO2="10230.59" CO="161.19" HC="0.99" NOx="4.07" PMx="0.24" fuel="4.40" electricity="0.00" noise="74.65" route="routetop" type="cfm-fast" waiting="0.00" lane="left_0" pos="40.96" speed="29.16" angle="110.77" x="44.38" y="-2.18"/>
        <vehicle id="cfm-fast_4" eclass="HBEFA3/PC_G_EU4" CO2="139407.95" CO="2896.66" HC="16.67" NOx="64.87" PMx="3.65" fuel="59.92" electricity="0.00" noise="132.62" route="routebottom" type="cfm-fast" waiting="0.00" lane="bottom_1" pos="9.61" speed="36.83" angle="77.16" x="83.09" y="1.32"/>
        <vehicle id="cfm-fast_5" eclass="HBEFA3/PC_G_EU4" CO2="3848.22" CO="4.63" HC="0.12" NOx="1.20" PMx="0.05" fuel="1.65" electricity="0.00" noise="70.36" route="routebottom" type="cfm-fast" waiting="0.00" lane="bottom_0" pos="17.77" speed="23.11" angle="62.46" x="100.03" y="5.48"/>
        <vehicle id="cfm-slow_0" eclass="HBEFA3/PC_G_EU4" CO2="12320.02" CO="179.26" HC="1.12" NOx="5.29" PMx="0.27" fuel="5.30" electricity="0.00" noise="73.24" route="routebottom" type="cfm-slow" waiting="0.00" lane="bottom_0" pos="35.91" speed="19.07" angle="29.97" x="125.65" y="34.23"/>
        <vehicle id="cfm-slow_1" eclass="HBEFA3/PC_G_EU4" CO2="14796.04" CO="229.89" HC="1.41" NOx="6.45" PMx="0.34" fuel="6.36" electricity="0.00" noise="75.10" route="routebottom" type="cfm-slow" waiting="0.00" lane="right_0" pos="1.81" speed="19.28" angle="1.22" x="132.15" y="67.66"/>
        <vehicle id="cfm-slow_2" eclass="HBEFA3/PC_G_EU4" CO2="21506.65" CO="367.15" HC="2.20" NOx="9.60" PMx="0.51" fuel="9.24" electricity="0.00" noise="80.26" route="routebottom" type="cfm-slow" waiting="0.00" lane="right_0" pos="17.95" speed="19.99" angle="332.24" x="121.64" y="100.36"/>
        <vehicle id="cfm-slow_3" eclass="HBEFA3/PC_G_EU4" CO2="35888.11" CO="662.94" HC="3.91" NOx="16.34" PMx="0.89" fuel="15.43" electricity="0.00" noise="90.40" route="routebottom" type="cfm-slow" waiting="0.00" lane="right_0" pos="34.85" speed="21.95" angle="301.84" x="95.12" y="124.63"/>
        <vehicle id="cfm-slow_4" eclass="HBEFA3/PC_G_EU4" CO2="56131.65" CO="1089.78" HC="6.36" NOx="25.80" PMx="1.43" fuel="24.13" electricity="0.00" noise="100.79" route="routetop" type="cfm-slow" waiting="0.00" lane="top_0" pos="3.85" speed="26.13" angle="267.61" x="55.30" y="131.77"/>
        <vehicle id="cfm-slow_5" eclass="HBEFA3/PC_G_EU4" CO2="56020.76" CO="1127.81" HC="6.54" NOx="25.61" PMx="1.45" fuel="24.08" electricity="0.00" noise="96.35" route="routetop" type="cfm-slow" waiting="0.00" lane="top_0" pos="27.23" speed="32.16" angle="225.50" x="11.88" y="108.66"/>
    </timestep>
    <timestep time="2.74">
        <vehicle id="cfm-fast_0" eclass="HBEFA3/PC_G_EU4" CO2="69120.67" CO="1413.18" HC="8.16" NOx="31.76" PMx="1.80" fuel="29.71" electricity="0.00" noise="102.12" route="routetop" type="cfm-fast" waiting="0.00" lane="top_1" pos="45.63" speed="33.75" angle="192.41" x="-1.03" y="72.62"/>
        <vehicle id="cfm-fast_1" eclass="HBEFA3/PC_G_EU4" CO2="36447.24" CO="725.97" HC="4.22" NOx="16.38" PMx="0.94" fuel="15.67" electricity="0.00" noise="86.24" route="routetop" type="cfm-fast" waiting="0.00" lane="left_0" pos="11.04" speed="32.29" angle="164.54" x="-0.84" y="40.30"/>
        <vehicle id="cfm-fast_2" eclass="HBEFA3/PC_G_EU4" CO2="86890.76" CO="1785.81" HC="10.30" NOx="40.14" PMx="2.26" fuel="37.35" electricity="0.00" noise="110.45" route="routetop" type="cfm-fast" waiting="0.00" lane="left_1" pos="27.45" speed="34.38" angle="135.09" x="21.18" y="14.08"/>
        <vehicle id="cfm-fast_3" eclass="HBEFA3/PC_G_EU4" CO2="9730.22" CO="150.93" HC="0.93" NOx="3.84" PMx="0.23" fuel="4.18" electricity="0.00" noise="74.50" route="routetop" type="cfm-fast" waiting="0.00" lane="left_0" pos="41.25" speed="29.16" angle="110.27" x="44.98" y="-2.35"/>
        <vehicle id="cfm-fast_4" eclass="HBEFA3/PC_G_EU4" CO2="139953.96" CO="2909.70" HC="16.74" NOx="65.12" PMx="3.67" fuel="60.16" electricity="0.00" noise="132.68" route="routebottom" type="cfm-fast" waiting="0.00" lane="bottom_1" pos="9.98" speed="36.97" angle="76.48" x="83.81" y="1.54"/>
        <vehicle id="cfm-fast_5" eclass="HBEFA3/PC_G_EU4" CO2="0.00" CO="0.00" HC="0.00" NOx="0.00" PMx="0.00" fuel="0.00" electricity="0.00" noise="70.33" route="routebottom" type="cfm-fast" waiting="0.00" lane="bottom_0" pos="18.00" speed="23.11" angle="62.11" x="100.45" y="5.74"/>
        <vehicle id="cfm-slow_0" eclass="HBEFA3/PC_G_EU4" CO2="12278.08" CO="178.36" HC="1.11" NOx="5.27" PMx="0.27" fuel="5.28" electricity="0.00" noise="73.21" route="routebottom" type="cfm-slow" waiting="0.00" lane="bottom_0" pos="36.10" speed="19.09" angle="29.61" x="125.82" y="34.60"/>
        <vehicle id="cfm-slow_1" eclass="HBEFA3/PC_G_EU4" CO2="14793.83" CO="229.81" HC="1.41" NOx="6.45" PMx="0.34" fuel="6.36" electricity="0.00" noise="75.09" route="routebottom" type="cfm-slow" waiting="0.00" lane="right_0" pos="2.01" speed="19.30" angle="0.87" x="132.12" y="68.07"/>
        <vehicle id="cfm-slow_2" eclass="HBEFA3/PC_G_EU4" CO2="21572.70" CO="368.47" HC="2.21" NOx="9.63" PMx="0.51" fuel="9.27" electricity="0.00" noise="80.30" route="routebottom" type="cfm-slow" waiting="0.00" lane="right_0" pos="18.15" speed="20.02" angle="331.85" x="121.40" y="100.72"/>
        <vehicle id="cfm-slow_3" eclass="HBEFA3/PC_G_EU4" CO2="36006.60" CO="665.42" HC="3.92" NOx="16.40" PMx="0.89" fuel="15.48" electricity="0.00" noise="90.44" route="routebottom" type="cfm-slow" waiting="0.00" lane="right_0" pos="35.07" speed="22.01" angle="301.44" x="94.70" y="124.84"/>
        <vehicle id="cfm-slow_4" eclass="HBEFA3/PC_G_EU4" CO2="56102.78" CO="1089.51" HC="6.36" NOx="25.78" PMx="1.43" fuel="24.12" electricity="0.00" noise="100.70" route="routetop" type="cfm-slow" waiting="0.00" lane="top_0" pos="4.11" speed="26.20" angle="267.14" x="54.74" y="131.69"/>
        <vehicle id="cfm-slow_5" eclass="HBEFA3/PC_G_EU4" CO2="55515.62" CO="1117.95" HC="6.48" NOx="25.38" PMx="1.43" fuel="23.86" electricity="0.00" noise="96.05" route="routetop" type="cfm-slow" waiting="0.00" lane="top_0" pos="27.56" speed="32.22" angle="224.89" x="11.43" y="108.13"/>
    </timestep>
    <timestep time="2.75">
        <vehicle id="cfm-fast_0" eclass="HBEFA3/PC_G_EU4" CO2="68909.60" CO="1409.57" HC="8.14" NOx="31.66" PMx="1.79" fuel="29.62" electricity="0.00" noise="101.97" route="routetop" type="cfm-fast" waiting="0.00" lane="top_1" pos="45.97" speed="33.82" angle="191.79" x="-1.12" y="71.93"/>
        <vehicle id="cfm-fast_1" eclass="HBEFA3/PC_G_EU4" CO2="35752.46" CO="711.99" HC="4.14" NOx="16.05" PMx="0.92" fuel="15.37" electricity="0.00" noise="85.89" route="routetop" type="cfm-fast" waiting="0.00" lane="left_0" pos="11.36" speed="32.32" angle="163.94" x="-0.60" y="39.64"/>
        <vehicle id="cfm-fast_2" eclass="HBEFA3/PC_G_EU4" CO2="87008.61" CO="1789.22" HC="10.32" NOx="40.19" PMx="2.27" fuel="37.40" electricity="0.00" noise="110.43" route="routetop" type="cfm-fast" waiting="0.00" lane="left_1" pos="27.80" speed="34.47" angle="134.46" x="21.71" y="13.62"/>
        <vehicle id="cfm-fast_3" eclass="HBEFA3/PC_G_EU4" CO2="9236.75" CO="140.80" HC="0.88" NOx="3.60" PMx="0.21" fuel="3.97" electricity="0.00" noise="74.37" route="routetop" type="cfm-fast" waiting="0.00" lane="left_0" pos="41.54" speed="29.17" angle="109.73" x="45.59" y="-2.51"/>
        <vehicle id="cfm-fast_4" eclass="HBEFA3/PC_G_EU4" CO2="140500.27" CO="2922.75" HC="16.82" NOx="65.38" PMx="3.68" fuel="60.39" electricity="0.00" noise="132.75" route="routebottom" type="cfm-fast" waiting="0.00" lane="bottom_1" pos="10.35" speed="37.10" angle="75.87" x="84.54" y="1.78"/>
        <vehicle id="cfm-fast_5" eclass="HBEFA3/PC_G_EU4" CO2="0.00" CO="0.00" HC="0.00" NOx="0.00" PMx="0.00" fuel="0.00" electricity="0.00" noise="70.30" route="routebottom" type="cfm-fast" waiting="0.00" lane="bottom_0" pos="18.23" speed="23.11" angle="61.67" x="100.86" y="6.02"/>
        <vehicle id="cfm-slow_0" eclass="HBEFA3/PC_G_EU4" CO2="12236.98" CO="177.49" HC="1.11" NOx="5.25" PMx="0.27" fuel="5.26" electricity="0.00" noise="73.18" route="routebottom" type="cfm-slow" waiting="0.00" lane="bottom_0" pos="36.29" speed="19.11" angle="29.24" x="125.99" y="34.98"/>
        <vehicle id="cfm-slow_1" eclass="HBEFA3/PC_G_EU4" CO2="14792.70" CO="229.75" HC="1.41" NOx="6.45" PMx="0.34" fuel="6.36" electricity="0.00" noise="75.09" route="routebottom" type="cfm-slow" waiting="0.00" lane="right_0" pos="2.20" speed="19.33" angle="0.53" x="132.10" y="68.49"/>
        <vehicle id="cfm-slow_2" eclass="HBEFA3/PC_G_EU4" CO2="21639.64" CO="369.82" HC="2.22" NOx="9.66" PMx="0.51" fuel="9.30" electricity="0.00" noise="80.34" route="routebottom" type="cfm-slow" waiting="0.00" lane="right_0" pos="18.35" speed="20.06" angle="331.46" x="121.16" y="101.08"/>
        <vehicle id="cfm-slow_3" eclass="HBEFA3/PC_G_EU4" CO2="36124.36" CO="667.88" HC="3.94" NOx="16.45" PMx="0.90" fuel="15.53" electricity="0.00" noise="90.48" route="routebottom" type="cfm-slow" waiting="0.00" lane="right_0" pos="35.29" speed="22.07" angle="301.04" x="94.28" y="125.05"/>
        <vehicle id="cfm-slow_4" eclass="HBEFA3/PC_G_EU4" CO2="56070.18" CO="1089.15" HC="6.35" NOx="25.77" PMx="1.43" fuel="24.10" electricity="0.00" noise="100.61" route="routetop" type="cfm-slow" waiting="0.00" lane="top_0" pos="4.38" speed="26.28" angle="266.66" x="54.18" y="131.61"/>
        <vehicle id="cfm-slow_5" eclass="HBEFA3/PC_G_EU4" CO2="55009.64" CO="1108.06" HC="6.42" NOx="25.14" PMx="1.42" fuel="23.65" electricity="0.00" noise="95.76" route="routetop" type="cfm-slow" waiting="0.00" lane="top_0" pos="27.88" speed="32.28" angle="224.29" x="10.98" y="107.60"/>
    </timestep>
    <timestep time="2.76">
        <vehicle id="cfm-fast_0" eclass="HBEFA3/PC_G_EU4" CO2="68703.27" CO="1406.06" HC="8.12" NOx="31.56" PMx="1.79" fuel="29.53" electricity="0.00" noise="101.82" route="routetop" type="cfm-fast" waiting="0.00" lane="top_1" pos="46.31" speed="33.89" angle="191.22" x="-1.21" y="71.24"/>
        <vehicle id="cfm-fast_1" eclass="HBEFA3/PC_G_EU4" CO2="35061.21" CO="698.07" HC="4.06" NOx="15.72" PMx="0.90" fuel="15.07" electricity="0.00" noise="85.55" route="routetop" type="cfm-fast" waiting="0.00" lane="left_0" pos="11.69" speed="32.35" angle="163.42" x="-0.36" y="38.99"/>
        <vehicle id="cfm-fast_2" eclass="HBEFA3/PC_G_EU4" CO2="87131.75" CO="1792.74" HC="10.34" NOx="40.25" PMx="2.27" fuel="37.45" electricity="0.00" noise="110.42" route="routetop" type="cfm-fast" waiting="0.00" lane="left_1" pos="28.14" speed="34.55" angle="133.85" x="22.25" y="13.16"/>
        <vehicle id="cfm-fast_3" eclass="HBEFA3/PC_G_EU4" CO2="8750.15" CO="130.81" HC="0.82" NOx="3.37" PMx="0.20" fuel="3.76" electricity="0.00" noise="74.24" route="routetop" type="cfm-fast" waiting="0.00" lane="left_0" pos="41.83" speed="29.17" angle="109.19" x="46.20" y="-2.67"/>
        <vehicle id="cfm-fast_4" eclass="HBEFA3/PC_G_EU4" CO2="141046.86" CO="2935.83" HC="16.89" NOx="65.63" PMx="3.70" fuel="60.63" electricity="0.00" noise="132.81" route="routebottom" type="cfm-fast" waiting="0.00" lane="bottom_1" pos="10.72" speed="37.24" angle="75.18" x="85.26" y="2.04"/>
        <vehicle id="cfm-fast_5" eclass="HBEFA3/PC_G_EU4" CO2="0.00" CO="0.00" HC="0.00" NOx="0.00" PMx="0.00" fuel="0.00" electricity="0.00" noise="70.27" route="routebottom" type="cfm-fast" waiting="0.00" lane="bottom_0" pos="18.46" speed="23.11" angle="61.24" x="101.28" y="6.29"/>
        <vehicle id="cfm-slow_0" eclass="HBEFA3/PC_G_EU4" CO2="12196.73" CO="176.63" HC="1.10" NOx="5.23" PMx="0.27" fuel="5.24" electricity="0.00" noise="73.15" route="routebottom" type="cfm-slow" waiting="0.00" lane="bottom_0" pos="36.48" speed="19.12" angle="28.86" x="126.15" y="35.35"/>
        <vehicle id="cfm-slow_1" eclass="HBEFA3/PC_G_EU4" CO2="14792.65" CO="229.71" HC="1.41" NOx="6.45" PMx="0.34" fuel="6.36" electricity="0.00" noise="75.09" route="routebottom" type="cfm-slow" waiting="0.00" lane="right_0" pos="2.39" speed="19.35" angle="0.18" x="132.08" y="68.90"/>
        <vehicle id="cfm-slow_2" eclass="HBEFA3/PC_G_EU4" CO2="21707.43" CO="371.18" HC="2.23" NOx="9.69" PMx="0.52" fuel="9.33" electricity="0.00" noise="80.38" route="routebottom" type="cfm-slow" waiting="0.00" lane="right_0" pos="18.55" speed="20.10" angle="331.07" x="120.92" y="101.44"/>
        <vehicle id="cfm-slow_3" eclass="HBEFA3/PC_G_EU4" CO2="36241.38" CO="670.34" HC="3.95" NOx="16.50" PMx="0.90" fuel="15.58" electricity="0.00" noise="90.53" route="routebottom" type="cfm-slow" waiting="0.00" lane="right_0" pos="35.52" speed="22.12" angle="300.64" x="93.85" y="125.27"/>
        <vehicle id="cfm-slow_4" eclass="HBEFA3/PC_G_EU4" CO2="56033.86" CO="1088.73" HC="6.35" NOx="25.75" PMx="1.42" fuel="24.09" electricity="0.00" noise="100.51" route="routetop" type="cfm-slow" waiting="0.00" lane="top_0" pos="4.64" speed="26.35" angle="266.18" x="53.62" y="131.53"/>
        <vehicle id="cfm-slow_5" eclass="HBEFA3/PC_G_EU4" CO2="54502.88" CO="1098.16" HC="6.36" NOx="24.89" PMx="1.41" fuel="23.43" electricity="0.00" noise="95.47" route="routetop" type="cfm-slow" waiting="0.00" lane="top_0" pos="28.20" speed="32.33" angle="223.75" x="10.53" y="107.07"/>
    </timestep>
    <timestep time="2.77">
        <vehicle id="cfm-fast_0" eclass="HBEFA3/PC_G_EU4" CO2="68501.70" CO="1402.65" HC="8.10" NOx="31.47" PMx="1.78" fuel="29.45" electricity="0.00" noise="101.68" route="routetop" type="cfm-fast" waiting="0.00" lane="top_1" pos="46.65" speed="33.96" angle="190.59" x="-1.28" y="70.55"/>
        <vehicle id="cfm-fast_1" eclass="HBEFA3/PC_G_EU4" CO2="34373.55" CO="684.22" HC="3.98" NOx="15.40" PMx="0.88" fuel="14.78" electricity="0.00" noise="85.20" route="routetop" type="cfm-fast" waiting="0.00" lane="left_0" pos="12.01" speed="32.39" angle="162.85" x="-0.10" y="38.35"/>
        <vehicle id="cfm-fast_2" eclass="HBEFA3/PC_G_EU4" CO2="87260.16" CO="1796.38" HC="10.36" NOx="40.30" PMx="2.28" fuel="37.51" electricity="0.00" noise="110.40" route="routetop" type="cfm-fast" waiting="0.00" lane="left_1" pos="28.49" speed="34.64" angle="133.24" x="22.81" y="12.72"/>
        <vehicle id="cfm-fast_3" eclass="HBEFA3/PC_G_EU4" CO2="8270.37" CO="120.96" HC="0.76" NOx="3.15" PMx="0.19" fuel="3.56" electricity="0.00" noise="74.12" route="routetop" type="cfm-fast" waiting="0.00" lane="left_0" pos="42.13" speed="29.17" angle="108.64" x="46.80" y="-2.83"/>
        <vehicle id="cfm-fast_4" eclass="HBEFA3/PC_G_EU4" CO2="141593.75" CO="2948.93" HC="16.96" NOx="65.89" PMx="3.71" fuel="60.86" electricity="0.00" noise="132.88" route="routebottom" type="cfm-fast" waiting="0.00" lane="bottom_1" pos="11.09" speed="37.38" angle="74.48" x="85.98" y="2.30"/>
        <vehicle id="cfm-fast_5" eclass="HBEFA3/PC_G_EU4" CO2="0.00" CO="0.00" HC="0.00" NOx="0.00" PMx="0.00" fuel="0.00" electricity="0.00" noise="70.24" route="routebottom" type="cfm-fast" waiting="0.00" lane="bottom_0" pos="18.69" speed="23.11" angle="60.81" x="101.69" y="6.57"/>
        <vehicle id="cfm-slow_0" eclass="HBEFA3/PC_G_EU4" CO2="12157.32" CO="175.78" HC="1.10" NOx="5.21" PMx="0.27" fuel="5.23" electricity="0.00" noise="73.13" route="routebottom" type="cfm-slow" waiting="0.00" lane="bottom_0" pos="36.67" speed="19.14" angle="28.49" x="126.32" y="35.73"/>
        <vehicle id="cfm-slow_1" eclass="HBEFA3/PC_G_EU4" CO2="14793.68" CO="229.70" HC="1.41" NOx="6.45" PMx="0.34" fuel="6.36" electricity="0.00" noise="75.09" route="routebottom" type="cfm-slow" waiting="0.00" lane="right_0" pos="2.59" speed="19.37" angle="359.85" x="132.05" y="69.32"/>
        <vehicle id="cfm-slow_2" eclass="HBEFA3/PC_G_EU4" CO2="21776.08" CO="372.56" HC="2.23" NOx="9.72" PMx="0.52" fuel="9.36" electricity="0.00" noise="80.42" route="routebottom" type="cfm-slow" waiting="0.00" lane="right_0" pos="18.75" speed="20.13" angle="330.68" x="120.68" y="101.80"/>
        <vehicle id="cfm-slow_3" eclass="HBEFA3/PC_G_EU4" CO2="36357.62" CO="672.78" HC="3.96" NOx="16.56" PMx="0.90" fuel="15.63" electricity="0.00" noise="90.57" route="routebottom" type="cfm-slow" waiting="0.00" lane="right_0" pos="35.74" speed="22.18" angle="300.24" x="93.42" y="125.48"/>
        <vehicle id="cfm-slow_4" eclass="HBEFA3/PC_G_EU4" CO2="55993.84" CO="1088.23" HC="6.35" NOx="25.73" PMx="1.42" fuel="24.07" electricity="0.00" noise="100.42" route="routetop" type="cfm-slow" waiting="0.00" lane="top_0" pos="4.90" speed="26.43" angle="265.71" x="53.06" y="131.45"/>
        <vehicle id="cfm-slow_5" eclass="HBEFA3/PC_G_EU4" CO2="53995.41" CO="1088.24" HC="6.31" NOx="24.65" PMx="1.40" fuel="23.21" electricity="0.00" noise="95.18" route="routetop" type="cfm-slow" waiting="0.00" lane="top_0" pos="28.53" speed="32.39" angle="223.16" x="10.10" y="106.52"/>
    </timestep>
    <timestep time="2.78">
        <vehicle id="cfm-fast_0" eclass="HBEFA3/PC_G_EU4" CO2="68304.90" CO="1399.34" HC="8.08" NOx="31.37" PMx="1.78" fuel="29.36" electricity="0.00" noise="101.54" route="routetop" type="cfm-fast" waiting="0.00" lane="top_1" pos="46.99" speed="34.03" angle="189.95" x="-1.35" y="69.86"/>
        <vehicle id="cfm-fast_1" eclass="HBEFA3/PC_G_EU4" CO2="33689.56" CO="670.44" HC="3.90" NOx="15.07" PMx="0.87" fuel="14.48" electricity="0.00" noise="84.87" route="routetop" type="cfm-fast" waiting="0.00" lane="left_0" pos="12.33" speed="32.42" angle="162.27" x="0.16" y="37.70"/>
        <vehicle id="cfm-fast_2" eclass="HBEFA3/PC_G_EU4" CO2="87393.80" CO="1800.12" HC="10.38" NOx="40.37" PMx="2.28" fuel="37.57" electricity="0.00" noise="110.40" route="routetop" type="cfm-fast" waiting="0.00" lane="left_1" pos="28.83" speed="34.73" angle="132.59" x="23.37" y="12.28"/>
        <vehicle id="cfm-fast_3" eclass="HBEFA3/PC_G_EU4" CO2="7797.40" CO="111.24" HC="0.71" NOx="2.92" PMx="0.18" fuel="3.35" electricity="0.00" noise="74.00" route="routetop" type="cfm-fast" waiting="0.00" lane="left_0" pos="42.42" speed="29.18" angle="108.17" x="47.41" y="-2.99"/>
        <vehicle id="cfm-fast_4" eclass="HBEFA3/PC_G_EU4" CO2="142140.93" CO="2962.05" HC="17.04" NOx="66.14" PMx="3.73" fuel="61.10" electricity="0.00" noise="132.94" route="routebottom" type="cfm-fast" waiting="0.00" lane="bottom_1" pos="11.47" speed="37.51" angle="73.82" x="86.70" y="2.56"/>
        <vehicle id="cfm-fast_5" eclass="HBEFA3/PC_G_EU4" CO2="0.00" CO="0.00" HC="0.00" NOx="0.00" PMx="0.00" fuel="0.00" electricity="0.00" noise="70.21" route="routebottom" type="cfm-fast" waiting="0.00" lane="bottom_0" pos="18.92" speed="23.11" angle="60.37" x="102.11" y="6.85"/>
        <vehicle id="cfm-slow_0" eclass="HBEFA3/PC_G_EU4" CO2="12118.76" CO="174.96" HC="1.09" NOx="5.19" PMx="0.27" fuel="5.21" electricity="0.00" noise="73.10" route="routebottom" type="cfm-slow" waiting="0.00" lane="bottom_0" pos="36.86" speed="19.16" angle="28.12" x="126.49" y="36.11"/>
        <vehicle id="cfm-slow_1" eclass="HBEFA3/PC_G_EU4" CO2="14795.78" CO="229.71" HC="1.41" NOx="6.45" PMx="0.34" fuel="6.36" electricity="0.00" noise="75.09" route="routebottom" type="cfm-slow" waiting="0.00" lane="right_0" pos="2.78" speed="19.40" angle="359.51" x="132.00" y="69.74"/>
        <vehicle id="cfm-slow_2" eclass="HBEFA3/PC_G_EU4" CO2="21845.57" CO="373.97" HC="2.24" NOx="9.76" PMx="0.52" fuel="9.39" electricity="0.00" noise="80.46" route="routebottom" type="cfm-slow" waiting="0.00" lane="right_0" pos="18.95" speed="20.17" angle="330.28" x="120.44" y="102.16"/>
        <vehicle id="cfm-slow_3" eclass="HBEFA3/PC_G_EU4" CO2="36473.06" CO="675.20" HC="3.98" NOx="16.61" PMx="0.90" fuel="15.68" electricity="0.00" noise="90.61" route="routebottom" type="cfm-slow" waiting="0.00" lane="right_0" pos="35.96" speed="22.24" angle="299.88" x="92.99" y="125.69"/>
        <vehicle id="cfm-slow_4" eclass="HBEFA3/PC_G_EU4" CO2="55950.13" CO="1087.66" HC="6.35" NOx="25.70" PMx="1.42" fuel="24.05" electricity="0.00" noise="100.32" route="routetop" type="cfm-slow" waiting="0.00" lane="top_0" pos="5.17" speed="26.50" angle="265.18" x="52.50" y="131.36"/>
        <vehicle id="cfm-slow_5" eclass="HBEFA3/PC_G_EU4" CO2="53487.26" CO="1078.30" HC="6.25" NOx="24.41" PMx="1.38" fuel="22.99" electricity="0.00" noise="94.89" route="routetop" type="cfm-slow" waiting="0.00" lane="top_0" pos="28.85" speed="32.45" angle="222.57" x="9.67" y="105.97"/>
    </timestep>
    <timestep time="2.79">
        <vehicle id="cfm-fast_0" eclass="HBEFA3/PC_G_EU4" CO2="68112.90" CO="1396.12" HC="8.06" NOx="31.28" PMx="1.77" fuel="29.28" electricity="0.00" noise="101.40" route="routetop" type="cfm-fast" waiting="0.00" lane="top_1" pos="47.33" speed="34.10" angle="189.32" x="-1.42" y="69.16"/>
        <vehicle id="cfm-fast_1" eclass="HBEFA3/PC_G_EU4" CO2="33009.29" CO="656.73" HC="3.82" NOx="14.75" PMx="0.85" fuel="14.19" electricity="0.00" noise="84.53" route="routetop" type="cfm-fast" waiting="0.00" lane="left_0" pos="12.66" speed="32.45" angle="161.70" x="0.42" y="37.05"/>
        <vehicle id="cfm-fast_2" eclass="HBEFA3/PC_G_EU4" CO2="87532.63" CO="1803.98" HC="10.40" NOx="40.43" PMx="2.28" fuel="37.63" electricity="0.00" noise="110.39" route="routetop" type="cfm-fast" waiting="0.00" lane="left_1" pos="29.18" speed="34.82" angle="131.95" x="23.93" y="11.84"/>
        <vehicle id="cfm-fast_3" eclass="HBEFA3/PC_G_EU4" CO2="7331.20" CO="101.66" HC="0.65" NOx="2.70" PMx="0.16" fuel="3.15" electricity="0.00" noise="73.89" route="routetop" type="cfm-fast" waiting="0.00" lane="left_0" pos="42.71" speed="29.18" angle="107.65" x="48.02" y="-3.13"/>
        <vehicle id="cfm-fast_4" eclass="HBEFA3/PC_G_EU4" CO2="142688.41" CO="2975.20" HC="17.11" NOx="66.40" PMx="3.74" fuel="61.33" electricity="0.00" noise="133.01" route="routebottom" type="cfm-fast" waiting="0.00" lane="bottom_1" pos="11.85" speed="37.65" angle="73.16" x="87.42" y="2.84"/>
        <vehicle id="cfm-fast_5" eclass="HBEFA3/PC_G_EU4" CO2="0.00" CO="0.00" HC="0.00" NOx="0.00" PMx="0.00" fuel="0.00" electricity="0.00" noise="70.18" route="routebottom" type="cfm-fast" waiting="0.00" lane="bottom_0" pos="19.15" speed="23.11" angle="59.97" x="102.52" y="7.12"/>
        <vehicle id="cfm-slow_0" eclass="HBEFA3/PC_G_EU4" CO2="12081.04" CO="174.15" HC="1.09" NOx="5.17" PMx="0.26" fuel="5.19" electricity="0.00" noise="73.07" route="routebottom" type="cfm-slow" waiting="0.00" lane="bottom_0" pos="37.05" speed="19.18" angle="27.74" x="126.66" y="36.48"/>
        <vehicle id="cfm-slow_1" eclass="HBEFA3/PC_G_EU4" CO2="14798.95" CO="229.74" HC="1.41" NOx="6.45" PMx="0.34" fuel="6.36" electricity="0.00" noise="75.09" route="routebottom" type="cfm-slow" waiting="0.00" lane="right_0" pos="2.98" speed="19.42" angle="359.16" x="131.96" y="70.15"/>
        <vehicle id="cfm-slow_2" eclass="HBEFA3/PC_G_EU4" CO2="21915.87" CO="375.38" HC="2.25" NOx="9.79" PMx="0.52" fuel="9.42" electricity="0.00" noise="80.50" route="routebottom" type="cfm-slow" waiting="0.00" lane="right_0" pos="19.16" speed="20.20" angle="329.93" x="120.20" y="102.52"/>
        <vehicle id="cfm-slow_3" eclass="HBEFA3/PC_G_EU4" CO2="36587.69" CO="677.62" HC="3.99" NOx="16.66" PMx="0.91" fuel="15.73" electricity="0.00" noise="90.65" route="routebottom" type="cfm-slow" waiting="0.00" lane="right_0" pos="36.18" speed="22.29" angle="299.45" x="92.56" y="125.89"/>
        <vehicle id="cfm-slow_4" eclass="HBEFA3/PC_G_EU4" CO2="55902.74" CO="1087.02" HC="6.34" NOx="25.68" PMx="1.42" fuel="24.03" electricity="0.00" noise="100.22" route="routetop" type="cfm-slow" waiting="0.00" lane="top_0" pos="5.44" speed="26.57" angle="264.68" x="51.93" y="131.26"/>
        <vehicle id="cfm-slow_5" eclass="HBEFA3/PC_G_EU4" CO2="52978.51" CO="1068.34" HC="6.19" NOx="24.17" PMx="1.37" fuel="22.77" electricity="0.00" noise="94.60" route="routetop" type="cfm-slow" waiting="0.00" lane="top_0" pos="29.18" speed="32.50" angle="221.98" x="9.24" y="105.42"/>
    </timestep>
    <timestep time="2.80">
        <vehicle id="cfm-fast_0" eclass="HBEFA3/PC_G_EU4" CO2="67925.71" CO="1393.01" HC="8.04" NOx="31.19" PMx="1.77" fuel="29.20" electricity="0.00" noise="101.27" route="routetop" type="cfm-fast" waiting="0.00" lane="top_1" pos="47.67" speed="34.16" angle="188.74" x="-1.47" y="68.46"/>
        <vehicle id="cfm-fast_1" eclass="HBEFA3/PC_G_EU4" CO2="32332.79" CO="643.09" HC="3.74" NOx="14.43" PMx="0.83" fuel="13.90" electricity="0.00" noise="84.21" route="routetop" type="cfm-fast" waiting="0.00" lane="left_0" pos="12.98" speed="32.48" angle="161.16" x="0.70" y="36.41"/>
        <vehicle id="cfm-fast_2" eclass="HBEFA3/PC_G_EU4" CO2="87676.61" CO="1807.96" HC="10.42" NOx="40.50" PMx="2.29" fuel="37.69" electricity="0.00" noise="110.39" route="routetop" type="cfm-fast" waiting="0.00" lane="left_1" pos="29.53" speed="34.91" angle="131.36" x="24.50" y="11.40"/>
        <vehicle id="cfm-fast_3" eclass="HBEFA3/PC_G_EU4" CO2="6871.72" CO="92.21" HC="0.60" NOx="2.49" PMx="0.15" fuel="2.95" electricity="0.00" noise="73.79" route="routetop" type="cfm-fast" waiting="0.00" lane="left_0" pos="43.00" speed="29.18" angle="107.13" x="48.64" y="-3.27"/>
        <vehicle id="cfm-fast_4" eclass="HBEFA3/PC_G_EU4" CO2="143236.17" CO="2988.36" HC="17.19" NOx="66.65" PMx="3.76" fuel="61.57" electricity="0.00" noise="133.08" route="routebottom" type="cfm-fast" waiting="0.00" lane="bottom_1" pos="12.22" speed="37.78" angle="72.48" x="88.14" y="3.12"/>
        <vehicle id="cfm-fast_5" eclass="HBEFA3/PC_G_EU4" CO2="0.00" CO="0.00" HC="0.00" NOx="0.00" PMx="0.00" fuel="0.00" electricity="0.00" noise="70.15" route="routebottom" type="cfm-fast" waiting="0.00" lane="bottom_0" pos="19.39" speed="23.11" angle="59.57" x="102.93" y="7.41"/>
        <vehicle id="cfm-slow_0" eclass="HBEFA3/PC_G_EU4" CO2="12044.17" CO="173.36" HC="1.08" NOx="5.15" PMx="0.26" fuel="5.18" electricity="0.00" noise="73.05" route="routebottom" type="cfm-slow" waiting="0.00" lane="bottom_0" pos="37.25" speed="19.20" angle="27.46" x="126.82" y="36.86"/>
        <vehicle id="cfm-slow_1" eclass="HBEFA3/PC_G_EU4" CO2="14803.18" CO="229.79" HC="1.41" NOx="6.45" PMx="0.34" fuel="6.36" electricity="0.00" noise="75.09" route="routebottom" type="cfm-slow" waiting="0.00" lane="right_0" pos="3.17" speed="19.44" angle="358.81" x="131.92" y="70.57"/>
        <vehicle id="cfm-slow_2" eclass="HBEFA3/PC_G_EU4" CO2="21986.97" CO="376.82" HC="2.26" NOx="9.82" PMx="0.52" fuel="9.45" electricity="0.00" noise="80.54" route="routebottom" type="cfm-slow" waiting="0.00" lane="right_0" pos="19.36" speed="20.24" angle="329.59" x="119.95" y="102.88"/>
        <vehicle id="cfm-slow_3" eclass="HBEFA3/PC_G_EU4" CO2="36701.46" CO="680.01" HC="4.01" NOx="16.72" PMx="0.91" fuel="15.78" electricity="0.00" noise="90.69" route="routebottom" type="cfm-slow" waiting="0.00" lane="right_0" pos="36.41" speed="22.35" angle="299.01" x="92.12" y="126.09"/>
        <vehicle id="cfm-slow_4" eclass="HBEFA3/PC_G_EU4" CO2="55851.68" CO="1086.30" HC="6.34" NOx="25.65" PMx="1.42" fuel="24.01" electricity="0.00" noise="100.12" route="routetop" type="cfm-slow" waiting="0.00" lane="top_0" pos="5.70" speed="26.65" angle="264.19" x="51.37" y="131.15"/>
        <vehicle id="cfm-slow_5" eclass="HBEFA3/PC_G_EU4" CO2="52469.19" CO="1058.37" HC="6.13" NOx="23.93" PMx="1.36" fuel="22.55" electricity="0.00" noise="94.32" route="routetop" type="cfm-slow" waiting="0.00" lane="top_0" pos="29.50" speed="32.55" angle="221.45" x="8.80" y="104.87"/>
    </timestep>
    <timestep time="2.81">
        <vehicle id="cfm-fast_0" eclass="HBEFA3/PC_G_EU4" CO2="67743.34" CO="1389.99" HC="8.03" NOx="31.10" PMx="1.76" fuel="29.12" electricity="0.00" noise="101.14" route="routetop" type="cfm-fast" waiting="0.00" lane="top_1" pos="48.01" speed="34.23" angle="188.11" x="-1.51" y="67.76"/>
        <vehicle id="cfm-fast_1" eclass="HBEFA3/PC_G_EU4" CO2="31660.14" CO="629.52" HC="3.66" NOx="14.11" PMx="0.81" fuel="13.61" electricity="0.00" noise="83.88" route="routetop" type="cfm-fast" waiting="0.00" lane="left_0" pos="13.31" speed="32.51" angle="160.55" x="0.98" y="35.77"/>
        <vehicle id="cfm-fast_2" eclass="HBEFA3/PC_G_EU4" CO2="87825.72" CO="1812.04" HC="10.45" NOx="40.56" PMx="2.29" fuel="37.75" electricity="0.00" noise="110.39" route="routetop" type="cfm-fast" waiting="0.00" lane="left_1" pos="29.88" speed="34.99" angle="130.71" x="25.08" y="10.98"/>
        <vehicle id="cfm-fast_3" eclass="HBEFA3/PC_G_EU4" CO2="6418.93" CO="82.89" HC="0.54" NOx="2.27" PMx="0.14" fuel="2.76" electricity="0.00" noise="73.68" route="routetop" type="cfm-fast" waiting="0.00" lane="left_0" pos="43.29" speed="29.18" angle="106.62" x="49.25" y="-3.41"/>
        <vehicle id="cfm-fast_4" eclass="HBEFA3/PC_G_EU4" CO2="143784.23" CO="3001.55" HC="17.26" NOx="66.91" PMx="3.77" fuel="61.81" electricity="0.00" noise="133.14" route="routebottom" type="cfm-fast" waiting="0.00" lane="bottom_1" pos="12.60" speed="37.92" angle="71.80" x="88.86" y="3.41"/>
        <vehicle id="cfm-fast_5" eclass="HBEFA3/PC_G_EU4" CO2="0.00" CO="0.00" HC="0.00" NOx="0.00" PMx="0.00" fuel="0.00" electricity="0.00" noise="70.13" route="routebottom" type="cfm-fast" waiting="0.00" lane="bottom_0" pos="19.62" speed="23.11" angle="59.15" x="103.33" y="7.70"/>
        <vehicle id="cfm-slow_0" eclass="HBEFA3/PC_G_EU4" CO2="12008.15" CO="172.59" HC="1.08" NOx="5.14" PMx="0.26" fuel="5.16" electricity="0.00" noise="73.02" route="routebottom" type="cfm-slow" waiting="0.00" lane="bottom_0" pos="37.44" speed="19.21" angle="27.12" x="126.98" y="37.25"/>
        <vehicle id="cfm-slow_1" eclass="HBEFA3/PC_G_EU4" CO2="14808.46" CO="229.87" HC="1.41" NOx="6.45" PMx="0.34" fuel="6.37" electricity="0.00" noise="75.09" route="routebottom" type="cfm-slow" waiting="0.00" lane="right_0" pos="3.36" speed="19.46" angle="358.46" x="131.88" y="70.98"/>
        <vehicle id="cfm-slow_2" eclass="HBEFA3/PC_G_EU4" CO2="22058.85" CO="378.27" HC="2.27" NOx="9.85" PMx="0.53" fuel="9.48" electricity="0.00" noise="80.58" route="routebottom" type="cfm-slow" waiting="0.00" lane="right_0" pos="19.56" speed="20.27" angle="329.22" x="119.70" y="103.23"/>
        <vehicle id="cfm-slow_3" eclass="HBEFA3/PC_G_EU4" CO2="36814.36" CO="682.40" HC="4.02" NOx="16.77" PMx="0.91" fuel="15.82" electricity="0.00" noise="90.73" route="routebottom" type="cfm-slow" waiting="0.00" lane="right_0" pos="36.63" speed="22.41" angle="298.58" x="91.68" y="126.28"/>
        <vehicle id="cfm-slow_4" eclass="HBEFA3/PC_G_EU4" CO2="55796.98" CO="1085.51" HC="6.33" NOx="25.63" PMx="1.42" fuel="23.98" electricity="0.00" noise="100.02" route="routetop" type="cfm-slow" waiting="0.00" lane="top_0" pos="5.97" speed="26.72" angle="263.69" x="50.81" y="131.05"/>
        <vehicle id="cfm-slow_5" eclass="HBEFA3/PC_G_EU4" CO2="51959.37" CO="1048.38" HC="6.07" NOx="23.69" PMx="1.34" fuel="22.33" electricity="0.00" noise="94.03" route="routetop" type="cfm-slow" waiting="0.00" lane="top_0" pos="29.83" speed="32.61" angle="220.84" x="8.39" y="104.30"/>
    </timestep>
    <timestep time="2.82">
        <vehicle id="cfm-fast_0" eclass="HBEFA3/PC_G_EU4" CO2="67565.82" CO="1387.07" HC="8.01" NOx="31.02" PMx="1.76" fuel="29.04" electricity="0.00" noise="101.01" route="routetop" type="cfm-fast" waiting="0.00" lane="top_1" pos="48.36" speed="34.30" angle="187.48" x="-1.55" y="67.06"/>
        <vehicle id="cfm-fast_1" eclass="HBEFA3/PC_G_EU4" CO2="30991.38" CO="616.02" HC="3.58" NOx="13.80" PMx="0.80" fuel="13.32" electricity="0.00" noise="83.57" route="routetop" type="cfm-fast" waiting="0.00" lane="left_0" pos="13.63" speed="32.54" angle="159.94" x="1.27" y="35.13"/>
        <vehicle id="cfm-fast_2" eclass="HBEFA3/PC_G_EU4" CO2="87979.91" CO="1816.23" HC="10.47" NOx="40.63" PMx="2.30" fuel="37.82" electricity="0.00" noise="110.39" route="routetop" type="cfm-fast" waiting="0.00" lane="left_1" pos="30.23" speed="35.08" angle="130.06" x="25.66" y="10.56"/>
        <vehicle id="cfm-fast_3" eclass="HBEFA3/PC_G_EU4" CO2="5972.80" CO="73.71" HC="0.49" NOx="2.06" PMx="0.13" fuel="2.57" electricity="0.00" noise="73.59" route="routetop" type="cfm-fast" waiting="0.00" lane="left_0" pos="43.58" speed="29.18" angle="106.14" x="49.86" y="-3.55"/>
        <vehicle id="cfm-fast_4" eclass="HBEFA3/PC_G_EU4" CO2="144332.58" CO="3014.76" HC="17.33" NOx="67.17" PMx="3.79" fuel="62.04" electricity="0.00" noise="133.21" route="routebottom" type="cfm-fast" waiting="0.00" lane="bottom_1" pos="12.98" speed="38.06" angle="71.17" x="89.58" y="3.71"/>
        <vehicle id="cfm-fast_5" eclass="HBEFA3/PC_G_EU4" CO2="0.00" CO="0.00" HC="0.00" NOx="0.00" PMx="0.00" fuel="0.00" electricity="0.00" noise="70.10" route="routebottom" type="cfm-fast" waiting="0.00" lane="bottom_0" pos="19.85" speed="23.10" angle="58.72" x="103.73" y="7.99"/>
        <vehicle id="cfm-slow_0" eclass="HBEFA3/PC_G_EU4" CO2="11972.96" CO="171.84" HC="1.08" NOx="5.12" PMx="0.26" fuel="5.15" electricity="0.00" noise="73.00" route="routebottom" type="cfm-slow" waiting="0.00" lane="bottom_0" pos="37.63" speed="19.23" angle="26.77" x="127.13" y="37.63"/>
        <vehicle id="cfm-slow_1" eclass="HBEFA3/PC_G_EU4" CO2="14814.80" CO="229.97" HC="1.41" NOx="6.45" PMx="0.34" fuel="6.37" electricity="0.00" noise="75.09" route="routebottom" type="cfm-slow" waiting="0.00" lane="right_0" pos="3.56" speed="19.49" angle="358.11" x="131.83" y="71.40"/>
        <vehicle id="cfm-slow_2" eclass="HBEFA3/PC_G_EU4" CO2="22131.51" CO="379.74" HC="2.28" NOx="9.89" PMx="0.53" fuel="9.51" electricity="0.00" noise="80.63" route="routebottom" type="cfm-slow" waiting="0.00" lane="right_0" pos="19.77" speed="20.31" angle="328.85" x="119.44" y="103.59"/>
        <vehicle id="cfm-slow_3" eclass="HBEFA3/PC_G_EU4" CO2="36926.37" CO="684.76" HC="4.03" NOx="16.82" PMx="0.92" fuel="15.87" electricity="0.00" noise="90.77" route="routebottom" type="cfm-slow" waiting="0.00" lane="right_0" pos="36.85" speed="22.46" angle="298.14" x="91.24" y="126.48"/>
        <vehicle id="cfm-slow_4" eclass="HBEFA3/PC_G_EU4" CO2="55738.64" CO="1084.65" HC="6.33" NOx="25.60" PMx="1.42" fuel="23.96" electricity="0.00" noise="99.92" route="routetop" type="cfm-slow" waiting="0.00" lane="top_0" pos="6.24" speed="26.79" angle="263.19" x="50.24" y="130.94"/>
        <vehicle id="cfm-slow_5" eclass="HBEFA3/PC_G_EU4" CO2="51449.11" CO="1038.38" HC="6.02" NOx="23.45" PMx="1.33" fuel="22.12" electricity="0.00" noise="93.75" route="routetop" type="cfm-slow" waiting="0.00" lane="top_0" pos="30.15" speed="32.66" angle="220.23" x="7.98" y="103.73"/>
    </timestep>
    <timestep time="2.83">
        <vehicle id="cfm-fast_0" eclass="HBEFA3/PC_G_EU4" CO2="67393.16" CO="1384.25" HC="7.99" NOx="30.94" PMx="1.76" fuel="28.97" electricity="0.00" noise="100.89" route="routetop" type="cfm-fast" waiting="0.00" lane="top_1" pos="48.70" speed="34.37" angle="186.90" x="-1.60" y="66.36"/>
        <vehicle id="cfm-fast_1" eclass="HBEFA3/PC_G_EU4" CO2="30326.57" CO="602.60" HC="3.51" NOx="13.48" PMx="0.78" fuel="13.04" electricity="0.00" noise="83.25" route="routetop" type="cfm-fast" waiting="0.00" lane="left_0" pos="13.96" speed="32.57" angle="159.34" x="1.56" y="34.49"/>
        <vehicle id="cfm-fast_2" eclass="HBEFA3/PC_G_EU4" CO2="88139.14" CO="1820.53" HC="10.49" NOx="40.71" PMx="2.30" fuel="37.89" electricity="0.00" noise="110.39" route="routetop" type="cfm-fast" waiting="0.00" lane="left_1" pos="30.58" speed="35.17" angle="129.40" x="26.25" y="10.14"/>
        <vehicle id="cfm-fast_3" eclass="HBEFA3/PC_G_EU4" CO2="5533.29" CO="64.66" HC="0.44" NOx="1.86" PMx="0.12" fuel="2.38" electricity="0.00" noise="73.50" route="routetop" type="cfm-fast" waiting="0.00" lane="left_0" pos="43.88" speed="29.18" angle="105.62" x="50.48" y="-3.67"/>
        <vehicle id="cfm-fast_4" eclass="HBEFA3/PC_G_EU4" CO2="144881.22" CO="3027.99" HC="17.41" NOx="67.42" PMx="3.80" fuel="62.28" electricity="0.00" noise="133.27" route="routebottom" type="cfm-fast" waiting="0.00" lane="bottom_1" pos="13.37" speed="38.19" angle="70.46" x="90.29" y="4.04"/>
        <vehicle id="cfm-fast_5" eclass="HBEFA3/PC_G_EU4" CO2="0.00" CO="0.00" HC="0.00" NOx="0.00" PMx="0.00" fuel="0.00" electricity="0.00" noise="70.08" route="routebottom" type="cfm-fast" waiting="0.00" lane="bottom_0" pos="20.08" speed="23.10" angle="58.29" x="104.14" y="8.28"/>
        <vehicle id="cfm-slow_0" eclass="HBEFA3/PC_G_EU4" CO2="11938.63" CO="171.10" HC="1.07" NOx="5.10" PMx="0.26" fuel="5.13" electricity="0.00" noise="72.98" route="routebottom" type="cfm-slow" waiting="0.00" lane="bottom_0" pos="37.82" speed="19.25" angle="26.42" x="127.28" y="38.01"/>
        <vehicle id="cfm-slow_1" eclass="HBEFA3/PC_G_EU4" CO2="14822.18" CO="230.09" HC="1.41" NOx="6.46" PMx="0.34" fuel="6.37" electricity="0.00" noise="75.09" route="routebottom" type="cfm-slow" waiting="0.00" lane="right_0" pos="3.75" speed="19.51" angle="357.76" x="131.79" y="71.82"/>
        <vehicle id="cfm-slow_2" eclass="HBEFA3/PC_G_EU4" CO2="22204.91" CO="381.23" HC="2.28" NOx="9.92" PMx="0.53" fuel="9.54" electricity="0.00" noise="80.67" route="routebottom" type="cfm-slow" waiting="0.00" lane="right_0" pos="19.97" speed="20.34" angle="328.49" x="119.18" y="103.94"/>
        <vehicle id="cfm-slow_3" eclass="HBEFA3/PC_G_EU4" CO2="37037.46" CO="687.11" HC="4.05" NOx="16.87" PMx="0.92" fuel="15.92" electricity="0.00" noise="90.81" route="routebottom" type="cfm-slow" waiting="0.00" lane="right_0" pos="37.08" speed="22.52" angle="297.71" x="90.79" y="126.68"/>
        <vehicle id="cfm-slow_4" eclass="HBEFA3/PC_G_EU4" CO2="55676.67" CO="1083.72" HC="6.32" NOx="25.57" PMx="1.42" fuel="23.93" electricity="0.00" noise="99.81" route="routetop" type="cfm-slow" waiting="0.00" lane="top_0" pos="6.51" speed="26.87" angle="262.75" x="49.67" y="130.83"/>
        <vehicle id="cfm-slow_5" eclass="HBEFA3/PC_G_EU4" CO2="50938.44" CO="1028.36" HC="5.96" NOx="23.20" PMx="1.32" fuel="21.90" electricity="0.00" noise="93.47" route="routetop" type="cfm-slow" waiting="0.00" lane="top_0" pos="30.48" speed="32.71" angle="219.62" x="7.57" y="103.16"/>
    </timestep>
    <timestep time="2.84">
        <vehicle id="cfm-fast_0" eclass="HBEFA3/PC_G_EU4" CO2="67225.36" CO="1381.54" HC="7.97" NOx="30.85" PMx="1.75" fuel="28.90" electricity="0.00" noise="100.77" route="routetop" type="cfm-fast" waiting="0.00" lane="top_1" pos="49.04" speed="34.43" angle="186.26" x="-1.61" y="65.65"/>
        <vehicle id="cfm-fast_1" eclass="HBEFA3/PC_G_EU4" CO2="29665.76" CO="589.25" HC="3.43" NOx="13.17" PMx="0.76" fuel="12.75" electricity="0.00" noise="82.94" route="routetop" type="cfm-fast" waiting="0.00" lane="left_0" pos="14.28" speed="32.59" angle="158.79" x="1.86" y="33.86"/>
        <vehicle id="cfm-fast_2" eclass="HBEFA3/PC_G_EU4" CO2="88303.39" CO="1824.94" HC="10.52" NOx="40.78" PMx="2.31" fuel="37.96" electricity="0.00" noise="110.40" route="routetop" type="cfm-fast" waiting="0.00" lane="left_1" pos="30.94" speed="35.26" angle="128.82" x="26.84" y="9.73"/>
        <vehicle id="cfm-fast_3" eclass="HBEFA3/PC_G_EU4" CO2="0.00" CO="0.00" HC="0.00" NOx="0.00" PMx="0.00" fuel="0.00" electricity="0.00" noise="73.41" route="routetop" type="cfm-fast" waiting="0.00" lane="left_0" pos="44.17" speed="29.18" angle="105.08" x="51.09" y="-3.78"/>
        <vehicle id="cfm-fast_4" eclass="HBEFA3/PC_G_EU4" CO2="145430.15" CO="3041.24" HC="17.48" NOx="67.68" PMx="3.82" fuel="62.51" electricity="0.00" noise="133.34" route="routebottom" type="cfm-fast" waiting="0.00" lane="bottom_1" pos="13.75" speed="38.33" angle="69.76" x="91.01" y="4.36"/>
        <vehicle id="cfm-fast_5" eclass="HBEFA3/PC_G_EU4" CO2="0.00" CO="0.00" HC="0.00" NOx="0.00" PMx="0.00" fuel="0.00" electricity="0.00" noise="70.05" route="routebottom" type="cfm-fast" waiting="0.00" lane="bottom_0" pos="20.31" speed="23.10" angle="57.87" x="104.54" y="8.57"/>
        <vehicle id="cfm-slow_0" eclass="HBEFA3/PC_G_EU4" CO2="11905.14" CO="170.39" HC="1.07" NOx="5.09" PMx="0.26" fuel="5.12" electricity="0.00" noise="72.95" route="routebottom" type="cfm-slow" waiting="0.00" lane="bottom_0" pos="38.02" speed="19.27" angle="26.08" x="127.44" y="38.40"/>
        <vehicle id="cfm-slow_1" eclass="HBEFA3/PC_G_EU4" CO2="14830.60" CO="230.23" HC="1.41" NOx="6.46" PMx="0.34" fuel="6.37" electricity="0.00" noise="75.10" route="routebottom" type="cfm-slow" waiting="0.00" lane="right_0" pos="3.95" speed="19.53" angle="357.43" x="131.74" y="72.23"/>
        <vehicle id="cfm-slow_2" eclass="HBEFA3/PC_G_EU4" CO2="22279.06" CO="382.73" HC="2.29" NOx="9.96" PMx="0.53" fuel="9.58" electricity="0.00" noise="80.72" route="routebottom" type="cfm-slow" waiting="0.00" lane="right_0" pos="20.17" speed="20.38" angle="328.12" x="118.93" y="104.30"/>
        <vehicle id="cfm-slow_3" eclass="HBEFA3/PC_G_EU4" CO2="37147.60" CO="689.45" HC="4.06" NOx="16.92" PMx="0.92" fuel="15.97" electricity="0.00" noise="90.84" route="routebottom" type="cfm-slow" waiting="0.00" lane="right_0" pos="37.31" speed="22.58" angle="297.36" x="90.35" y="126.87"/>
        <vehicle id="cfm-slow_4" eclass="HBEFA3/PC_G_EU4" CO2="55611.10" CO="1082.72" HC="6.31" NOx="25.53" PMx="1.42" fuel="23.90" electricity="0.00" noise="99.71" route="routetop" type="cfm-slow" waiting="0.00" lane="top_0" pos="6.77" speed="26.94" angle="262.24" x="49.11" y="130.70"/>
        <vehicle id="cfm-slow_5" eclass="HBEFA3/PC_G_EU4" CO2="50427.43" CO="1018.34" HC="5.90" NOx="22.96" PMx="1.30" fuel="21.68" electricity="0.00" noise="93.18" route="routetop" type="cfm-slow" waiting="0.00" lane="top_0" pos="30.81" speed="32.76" angle="219.08" x="7.16" y="102.59"/>
    </timestep>
    <timestep time="2.85">
        <vehicle id="cfm-fast_0" eclass="HBEFA3/PC_G_EU4" CO2="67062.44" CO="1378.92" HC="7.96" NOx="30.78" PMx="1.75" fuel="28.83" electricity="0.00" noise="100.65" route="routetop" type="cfm-fast" waiting="0.00" lane="top_1" pos="49.39" speed="34.50" angle="185.61" x="-1.63" y="64.94"/>
        <vehicle id="cfm-fast_1" eclass="HBEFA3/PC_G_EU4" CO2="29008.99" CO="575.98" HC="3.35" NOx="12.86" PMx="0.74" fuel="12.47" electricity="0.00" noise="82.64" route="routetop" type="cfm-fast" waiting="0.00" lane="left_0" pos="14.61" speed="32.62" angle="158.18" x="2.18" y="33.23"/>
        <vehicle id="cfm-fast_2" eclass="HBEFA3/PC_G_EU4" CO2="88472.61" CO="1829.46" HC="10.54" NOx="40.86" PMx="2.31" fuel="38.03" electricity="0.00" noise="110.41" route="routetop" type="cfm-fast" waiting="0.00" lane="left_1" pos="31.29" speed="35.35" angle="128.18" x="27.45" y="9.33"/>
        <vehicle id="cfm-fast_3" eclass="HBEFA3/PC_G_EU4" CO2="0.00" CO="0.00" HC="0.00" NOx="0.00" PMx="0.00" fuel="0.00" electricity="0.00" noise="73.33" route="routetop" type="cfm-fast" waiting="0.00" lane="left_0" pos="44.46" speed="29.18" angle="104.54" x="51.71" y="-3.90"/>
        <vehicle id="cfm-fast_4" eclass="HBEFA3/PC_G_EU4" CO2="145979.37" CO="3054.51" HC="17.56" NOx="67.93" PMx="3.83" fuel="62.75" electricity="0.00" noise="133.40" route="routebottom" type="cfm-fast" waiting="0.00" lane="bottom_1" pos="14.13" speed="38.47" angle="69.11" x="91.73" y="4.68"/>
        <vehicle id="cfm-fast_5" eclass="HBEFA3/PC_G_EU4" CO2="0.00" CO="0.00" HC="0.00" NOx="0.00" PMx="0.00" fuel="0.00" electricity="0.00" noise="70.03" route="routebottom" type="cfm-fast" waiting="0.00" lane="bottom_0" pos="20.54" speed="23.10" angle="57.51" x="104.94" y="8.86"/>
        <vehicle id="cfm-slow_0" eclass="HBEFA3/PC_G_EU4" CO2="11872.49" CO="169.69" HC="1.06" NOx="5.07" PMx="0.26" fuel="5.10" electricity="0.00" noise="72.93" route="routebottom" type="cfm-slow" waiting="0.00" lane="bottom_0" pos="38.21" speed="19.29" angle="25.73" x="127.59" y="38.78"/>
        <vehicle id="cfm-slow_1" eclass="HBEFA3/PC_G_EU4" CO2="14840.05" CO="230.39" HC="1.41" NOx="6.47" PMx="0.34" fuel="6.38" electricity="0.00" noise="75.10" route="routebottom" type="cfm-slow" waiting="0.00" lane="right_0" pos="4.15" speed="19.56" angle="357.07" x="131.68" y="72.65"/>
        <vehicle id="cfm-slow_2" eclass="HBEFA3/PC_G_EU4" CO2="22353.92" CO="384.25" HC="2.30" NOx="9.99" PMx="0.53" fuel="9.61" electricity="0.00" noise="80.76" route="routebottom" type="cfm-slow" waiting="0.00" lane="right_0" pos="20.38" speed="20.42" angle="327.75" x="118.67" y="104.65"/>
        <vehicle id="cfm-slow_3" eclass="HBEFA3/PC_G_EU4" CO2="37256.78" CO="691.77" HC="4.07" NOx="16.97" PMx="0.93" fuel="16.01" electricity="0.00" noise="90.88" route="routebottom" type="cfm-slow" waiting="0.00" lane="right_0" pos="37.53" speed="22.63" angle="296.95" x="89.89" y="127.05"/>
        <vehicle id="cfm-slow_4" eclass="HBEFA3/PC_G_EU4" CO2="55541.94" CO="1081.65" HC="6.31" NOx="25.50" PMx="1.41" fuel="23.87" electricity="0.00" noise="99.60" route="routetop" type="cfm-slow" waiting="0.00" lane="top_0" pos="7.05" speed="27.01" angle="261.73" x="48.54" y="130.57"/>
        <vehicle id="cfm-slow_5" eclass="HBEFA3/PC_G_EU4" CO2="49916.12" CO="1008.30" HC="5.84" NOx="22.72" PMx="1.29" fuel="21.46" electricity="0.00" noise="92.90" route="routetop" type="cfm-slow" waiting="0.00" lane="top_0" pos="31.14" speed="32.81" angle="218.49" x="6.77" y="102.00"/>
    </timestep>
    <timestep time="2.86">
        <vehicle id="cfm-fast_0" eclass="HBEFA3/PC_G_EU4" CO2="66904.41" CO="1376.40" HC="7.94" NOx="30.70" PMx="1.74" fuel="28.76" electricity="0.00" noise="100.54" route="routetop" type="cfm-fast" waiting="0.00" lane="top_1" pos="49.73" speed="34.56" angle="184.96" x="-1.64" y="64.24"/>
        <vehicle id="cfm-fast_1" eclass="HBEFA3/PC_G_EU4" CO2="28356.33" CO="562.79" HC="3.28" NOx="12.55" PMx="0.73" fuel="12.19" electricity="0.00" noise="82.34" route="routetop" type="cfm-fast" waiting="0.00" lane="left_0" pos="14.94" speed="32.64" angle="157.57" x="2.49" y="32.61"/>
        <vehicle id="cfm-fast_2" eclass="HBEFA3/PC_G_EU4" CO2="88646.77" CO="1834.09" HC="10.57" NOx="40.94" PMx="2.32" fuel="38.10" electricity="0.00" noise="110.42" route="routetop" type="cfm-fast" waiting="0.00" lane="left_1" pos="31.64" speed="35.43" angle="127.54" x="28.05" y="8.93"/>
        <vehicle id="cfm-fast_3" eclass="HBEFA3/PC_G_EU4" CO2="0.00" CO="0.00" HC="0.00" NOx="0.00" PMx="0.00" fuel="0.00" electricity="0.00" noise="73.25" route="routetop" type="cfm-fast" waiting="0.00" lane="left_0" pos="44.75" speed="29.18" angle="104.00" x="52.33" y="-4.01"/>
        <vehicle id="cfm-fast_4" eclass="HBEFA3/PC_G_EU4" CO2="146528.89" CO="3067.81" HC="17.63" NOx="68.19" PMx="3.85" fuel="62.99" electricity="0.00" noise="133.47" route="routebottom" type="cfm-fast" waiting="0.00" lane="bottom_1" pos="14.52" speed="38.60" angle="68.39" x="92.44" y="5.04"/>
        <vehicle id="cfm-fast_5" eclass="HBEFA3/PC_G_EU4" CO2="0.00" CO="0.00" HC="0.00" NOx="0.00" PMx="0.00" fuel="0.00" electricity="0.00" noise="70.01" route="routebottom" type="cfm-fast" waiting="0.00" lane="bottom_0" pos="20.77" speed="23.10" angle="57.09" x="105.33" y="9.17"/>
        <vehicle id="cfm-slow_0" eclass="HBEFA3/PC_G_EU4" CO2="11840.68" CO="169.01" HC="1.06" NOx="5.06" PMx="0.26" fuel="5.09" electricity="0.00" noise="72.91" route="routebottom" type="cfm-slow" waiting="0.00" lane="bottom_0" pos="38.40" speed="19.30" angle="25.40" x="127.75" y="39.17"/>
        <vehicle id="cfm-slow_1" eclass="HBEFA3/PC_G_EU4" CO2="14850.53" CO="230.58" HC="1.41" NOx="6.47" PMx="0.34" fuel="6.38" electricity="0.00" noise="75.11" route="routebottom" type="cfm-slow" waiting="0.00" lane="right_0" pos="4.34" speed="19.58" angle="356.72" x="131.62" y="73.07"/>
        <vehicle id="cfm-slow_2" eclass="HBEFA3/PC_G_EU4" CO2="22429.49" CO="385.79" HC="2.31" NOx="10.03" PMx="0.54" fuel="9.64" electricity="0.00" noise="80.81" route="routebottom" type="cfm-slow" waiting="0.00" lane="right_0" pos="20.58" speed="20.45" angle="327.44" x="118.41" y="105.01"/>
        <vehicle id="cfm-slow_3" eclass="HBEFA3/PC_G_EU4" CO2="37364.96" CO="694.06" HC="4.09" NOx="17.02" PMx="0.93" fuel="16.06" electricity="0.00" noise="90.91" route="routebottom" type="cfm-slow" waiting="0.00" lane="right_0" pos="37.76" speed="22.69" angle="296.55" x="89.44" y="127.23"/>
        <vehicle id="cfm-slow_4" eclass="HBEFA3/PC_G_EU4" CO2="55469.20" CO="1080.50" HC="6.30" NOx="25.46" PMx="1.41" fuel="23.84" electricity="0.00" noise="99.49" route="routetop" type="cfm-slow" waiting="0.00" lane="top_0" pos="7.32" speed="27.08" angle="261.22" x="47.97" y="130.45"/>
        <vehicle id="cfm-slow_5" eclass="HBEFA3/PC_G_EU4" CO2="49404.58" CO="998.25" HC="5.78" NOx="22.48" PMx="1.28" fuel="21.24" electricity="0.00" noise="92.63" route="routetop" type="cfm-slow" waiting="0.00" lane="top_0" pos="31.47" speed="32.86" angle="217.90" x="6.38" y="101.41"/>
    </timestep>
    <timestep time="2.87">
        <vehicle id="cfm-fast_0" eclass="HBEFA3/PC_G_EU4" CO2="66751.27" CO="1373.99" HC="7.93" NOx="30.63" PMx="1.74" fuel="28.69" electricity="0.00" noise="100.43" route="routetop" type="cfm-fast" waiting="0.00" lane="left_1" pos="0.08" speed="34.63" angle="184.34" x="-1.65" y="63.47"/>
        <vehicle id="cfm-fast_1" eclass="HBEFA3/PC_G_EU4" CO2="27707.82" CO="549.67" HC="3.20" NOx="12.24" PMx="0.71" fuel="11.91" electricity="0.00" noise="82.05" route="routetop" type="cfm-fast" waiting="0.00" lane="left_0" pos="15.26" speed="32.67" angle="156.97" x="2.81" y="31.98"/>
        <vehicle id="cfm-fast_2" eclass="HBEFA3/PC_G_EU4" CO2="88825.83" CO="1838.82" HC="10.60" NOx="41.02" PMx="2.32" fuel="38.18" electricity="0.00" noise="110.44" route="routetop" type="cfm-fast" waiting="0.00" lane="left_1" pos="32.00" speed="35.52" angle="126.94" x="28.66" y="8.52"/>
        <vehicle id="cfm-fast_3" eclass="HBEFA3/PC_G_EU4" CO2="0.00" CO="0.00" HC="0.00" NOx="0.00" PMx="0.00" fuel="0.00" electricity="0.00" noise="73.18" route="routetop" type="cfm-fast" waiting="0.00" lane="left_0" pos="45.04" speed="29.18" angle="103.53" x="52.95" y="-4.11"/>
        <vehicle id="cfm-fast_4" eclass="HBEFA3/PC_G_EU4" CO2="147078.70" CO="3081.12" HC="17.71" NOx="68.45" PMx="3.86" fuel="63.22" electricity="0.00" noise="133.54" route="routebottom" type="cfm-fast" waiting="0.00" lane="bottom_1" pos="14.91" speed="38.74" angle="67.66" x="93.15" y="5.39"/>
        <vehicle id="cfm-fast_5" eclass="HBEFA3/PC_G_EU4" CO2="0.00" CO="0.00" HC="0.00" NOx="0.00" PMx="0.00" fuel="0.00" electricity="0.00" noise="69.99" route="routebottom" type="cfm-fast" waiting="0.00" lane="bottom_0" pos="21.00" speed="23.09" angle="56.67" x="105.73" y="9.47"/>
        <vehicle id="cfm-slow_0" eclass="HBEFA3/PC_G_EU4" CO2="11809.72" CO="168.34" HC="1.06" NOx="5.04" PMx="0.26" fuel="5.08" electricity="0.00" noise="72.89" route="routebottom" type="cfm-slow" waiting="0.00" lane="bottom_0" pos="38.59" speed="19.32" angle="25.08" x="127.89" y="39.56"/>
        <vehicle id="cfm-slow_1" eclass="HBEFA3/PC_G_EU4" CO2="14862.04" CO="230.78" HC="1.42" NOx="6.47" PMx="0.34" fuel="6.39" electricity="0.00" noise="75.12" route="routebottom" type="cfm-slow" waiting="0.00" lane="right_0" pos="4.54" speed="19.60" angle="356.36" x="131.56" y="73.49"/>
        <vehicle id="cfm-slow_2" eclass="HBEFA3/PC_G_EU4" CO2="22505.74" CO="387.34" HC="2.32" NOx="10.06" PMx="0.54" fuel="9.67" electricity="0.00" noise="80.85" route="routebottom" type="cfm-slow" waiting="0.00" lane="right_0" pos="20.79" speed="20.49" angle="327.07" x="118.14" y="105.35"/>
        <vehicle id="cfm-slow_3" eclass="HBEFA3/PC_G_EU4" CO2="37472.14" CO="696.35" HC="4.10" NOx="17.07" PMx="0.93" fuel="16.11" electricity="0.00" noise="90.95" route="routebottom" type="cfm-slow" waiting="0.00" lane="right_0" pos="37.99" speed="22.75" angle="296.13" x="88.99" y="127.41"/>
        <vehicle id="cfm-slow_4" eclass="HBEFA3/PC_G_EU4" CO2="55392.90" CO="1079.29" HC="6.29" NOx="25.43" PMx="1.41" fuel="23.81" electricity="0.00" noise="99.38" route="routetop" type="cfm-slow" waiting="0.00" lane="top_0" pos="7.59" speed="27.15" angle="260.74" x="47.40" y="130.32"/>
        <vehicle id="cfm-slow_5" eclass="HBEFA3/PC_G_EU4" CO2="48892.85" CO="988.20" HC="5.72" NOx="22.24" PMx="1.26" fuel="21.02" electricity="0.00" noise="92.35" route="routetop" type="cfm-slow" waiting="0.00" lane="top_0" pos="31.79" speed="32.91" angle="217.30" x="5.99" y="100.82"/>
    </timestep>
    <timestep time="2.88">
        <vehicle id="cfm-fast_0" eclass="HBEFA3/PC_G_EU4" CO2="66603.04" CO="1371.67" HC="7.91" NOx="30.56" PMx="1.74" fuel="28.63" electricity="0.00" noise="100.32" route="routetop" type="cfm-fast" waiting="0.00" lane="left_1" pos="0.43" speed="34.70" angle="183.71" x="-1.63" y="62.75"/>
        <vehicle id="cfm-fast_1" eclass="HBEFA3/PC_G_EU4" CO2="27063.49" CO="536.63" HC="3.13" NOx="11.94" PMx="0.69" fuel="11.63" electricity="0.00" noise="81.76" route="routetop" type="cfm-fast" waiting="0.00" lane="left_0" pos="15.59" speed="32.69" angle="156.42" x="3.14" y="31.36"/>
        <vehicle id="cfm-fast_2" eclass="HBEFA3/PC_G_EU4" CO2="89009.75" CO="1843.66" HC="10.62" NOx="41.11" PMx="2.33" fuel="38.26" electricity="0.00" noise="110.45" route="routetop" type="cfm-fast" waiting="0.00" lane="left_1" pos="32.36" speed="35.61" angle="126.30" x="29.28" y="8.14"/>
        <vehicle id="cfm-fast_3" eclass="HBEFA3/PC_G_EU4" CO2="0.00" CO="0.00" HC="0.00" NOx="0.00" PMx="0.00" fuel="0.00" electricity="0.00" noise="73.11" route="routetop" type="cfm-fast" waiting="0.00" lane="left_0" pos="45.34" speed="29.17" angle="102.99" x="53.57" y="-4.20"/>
        <vehicle id="cfm-fast_4" eclass="HBEFA3/PC_G_EU4" CO2="147628.80" CO="3094.46" HC="17.78" NOx="68.70" PMx="3.88" fuel="63.46" electricity="0.00" noise="133.60" route="routebottom" type="cfm-fast" waiting="0.00" lane="bottom_1" pos="15.30" speed="38.88" angle="66.95" x="93.86" y="5.75"/>
        <vehicle id="cfm-fast_5" eclass="HBEFA3/PC_G_EU4" CO2="0.00" CO="0.00" HC="0.00" NOx="0.00" PMx="0.00" fuel="0.00" electricity="0.00" noise="69.96" route="routebottom" type="cfm-fast" waiting="0.00" lane="bottom_0" pos="21.23" speed="23.09" angle="56.25" x="106.12" y="9.78"/>
        <vehicle id="cfm-slow_0" eclass="HBEFA3/PC_G_EU4" CO2="11779.59" CO="167.69" HC="1.05" NOx="5.03" PMx="0.26" fuel="5.06" electricity="0.00" noise="72.87" route="routebottom" type="cfm-slow" waiting="0.00" lane="bottom_0" pos="38.79" speed="19.34" angle="24.73" x="128.03" y="39.95"/>
        <vehicle id="cfm-slow_1" eclass="HBEFA3/PC_G_EU4" CO2="14874.56" CO="231.01" HC="1.42" NOx="6.48" PMx="0.34" fuel="6.39" electricity="0.00" noise="75.12" route="routebottom" type="cfm-slow" waiting="0.00" lane="right_0" pos="4.73" speed="19.63" angle="356.01" x="131.50" y="73.90"/>
        <vehicle id="cfm-slow_2" eclass="HBEFA3/PC_G_EU4" CO2="22582.66" CO="388.90" HC="2.33" NOx="10.10" PMx="0.54" fuel="9.71" electricity="0.00" noise="80.90" route="routebottom" type="cfm-slow" waiting="0.00" lane="right_0" pos="20.99" speed="20.52" angle="326.69" x="117.87" y="105.70"/>
        <vehicle id="cfm-slow_3" eclass="HBEFA3/PC_G_EU4" CO2="37578.28" CO="698.61" HC="4.11" NOx="17.12" PMx="0.93" fuel="16.15" electricity="0.00" noise="90.98" route="routebottom" type="cfm-slow" waiting="0.00" lane="right_0" pos="38.21" speed="22.80" angle="295.72" x="88.53" y="127.59"/>
        <vehicle id="cfm-slow_4" eclass="HBEFA3/PC_G_EU4" CO2="55313.06" CO="1078.00" HC="6.29" NOx="25.39" PMx="1.41" fuel="23.78" electricity="0.00" noise="99.27" route="routetop" type="cfm-slow" waiting="0.00" lane="top_0" pos="7.86" speed="27.22" angle="260.28" x="46.83" y="130.17"/>
        <vehicle id="cfm-slow_5" eclass="HBEFA3/PC_G_EU4" CO2="48380.98" CO="978.13" HC="5.67" NOx="21.99" PMx="1.25" fuel="20.80" electricity="0.00" noise="92.07" route="routetop" type="cfm-slow" waiting="0.00" lane="top_0" pos="32.12" speed="32.96" angle="216.76" x="5.60" y="100.23"/>
    </timestep>
    <timestep time="2.89">
        <vehicle id="cfm-fast_0" eclass="HBEFA3/PC_G_EU4" CO2="66459.72" CO="1369.46" HC="7.90" NOx="30.49" PMx="1.73" fuel="28.57" electricity="0.00" noise="100.22" route="routetop" type="cfm-fast" waiting="0.00" lane="left_1" pos="0.77" speed="34.76" angle="183.07" x="-1.62" y="62.04"/>
        <vehicle id="cfm-fast_1" eclass="HBEFA3/PC_G_EU4" CO2="26423.40" CO="523.68" HC="3.05" NOx="11.64" PMx="0.68" fuel="11.36" electricity="0.00" noise="81.48" route="routetop" type="cfm-fast" waiting="0.00" lane="left_0" pos="15.92" speed="32.72" angle="155.82" x="3.48" y="30.74"/>
        <vehicle id="cfm-fast_2" eclass="HBEFA3/PC_G_EU4" CO2="89198.51" CO="1848.60" HC="10.65" NOx="41.20" PMx="2.33" fuel="38.34" electricity="0.00" noise="110.47" route="routetop" type="cfm-fast" waiting="0.00" lane="left_1" pos="32.71" speed="35.69" angle="125.63" x="29.91" y="7.76"/>
        <vehicle id="cfm-fast_3" eclass="HBEFA3/PC_G_EU4" CO2="0.00" CO="0.00" HC="0.00" NOx="0.00" PMx="0.00" fuel="0.00" electricity="0.00" noise="73.04" route="routetop" type="cfm-fast" waiting="0.00" lane="left_0" pos="45.63" speed="29.17" angle="102.45" x="54.19" y="-4.28"/>
        <vehicle id="cfm-fast_4" eclass="HBEFA3/PC_G_EU4" CO2="148179.19" CO="3107.82" HC="17.85" NOx="68.96" PMx="3.89" fuel="63.69" electricity="0.00" noise="133.67" route="routebottom" type="cfm-fast" waiting="0.00" lane="bottom_1" pos="15.69" speed="39.01" angle="66.29" x="94.56" y="6.13"/>
        <vehicle id="cfm-fast_5" eclass="HBEFA3/PC_G_EU4" CO2="0.00" CO="0.00" HC="0.00" NOx="0.00" PMx="0.00" fuel="0.00" electricity="0.00" noise="69.94" route="routebottom" type="cfm-fast" waiting="0.00" lane="bottom_0" pos="21.46" speed="23.09" angle="55.83" x="106.51" y="10.09"/>
        <vehicle id="cfm-slow_0" eclass="HBEFA3/PC_G_EU4" CO2="11750.31" CO="167.07" HC="1.05" NOx="5.01" PMx="0.26" fuel="5.05" electricity="0.00" noise="72.85" route="routebottom" type="cfm-slow" waiting="0.00" lane="bottom_0" pos="38.98" speed="19.35" angle="24.38" x="128.18" y="40.34"/>
        <vehicle id="cfm-slow_1" eclass="HBEFA3/PC_G_EU4" CO2="14888.09" CO="231.26" HC="1.42" NOx="6.49" PMx="0.34" fuel="6.40" electricity="0.00" noise="75.13" route="routebottom" type="cfm-slow" waiting="0.00" lane="right_0" pos="4.93" speed="19.65" angle="355.65" x="131.44" y="74.32"/>
        <vehicle id="cfm-slow_2" eclass="HBEFA3/PC_G_EU4" CO2="22660.24" CO="390.48" HC="2.34" NOx="10.13" PMx="0.54" fuel="9.74" electricity="0.00" noise="80.94" route="routebottom" type="cfm-slow" waiting="0.00" lane="right_0" pos="21.20" speed="20.56" angle="326.32" x="117.59" y="106.05"/>
        <vehicle id="cfm-slow_3" eclass="HBEFA3/PC_G_EU4" CO2="37683.36" CO="700.85" HC="4.13" NOx="17.17" PMx="0.94" fuel="16.20" electricity="0.00" noise="91.01" route="routebottom" type="cfm-slow" waiting="0.00" lane="right_0" pos="38.44" speed="22.86" angle="295.34" x="88.07" y="127.78"/>
        <vehicle id="cfm-slow_4" eclass="HBEFA3/PC_G_EU4" CO2="55229.70" CO="1076.65" HC="6.28" NOx="25.35" PMx="1.41" fuel="23.74" electricity="0.00" noise="99.16" route="routetop" type="cfm-slow" waiting="0.00" lane="top_0" pos="8.13" speed="27.30" angle="259.78" x="46.27" y="130.02"/>
        <vehicle id="cfm-slow_5" eclass="HBEFA3/PC_G_EU4" CO2="47869.02" CO="968.06" HC="5.61" NOx="21.75" PMx="1.24" fuel="20.58" electricity="0.00" noise="91.80" route="routetop" type="cfm-slow" waiting="0.00" lane="top_0" pos="32.45" speed="33.01" angle="216.14" x="5.24" y="99.62"/>
    </timestep>
    <timestep time="2.90">
        <vehicle id="cfm-fast_0" eclass="HBEFA3/PC_G_EU4" CO2="66321.32" CO="1367.35" HC="7.89" NOx="30.42" PMx="1.73" fuel="28.51" electricity="0.00" noise="100.11" route="routetop" type="cfm-fast" waiting="0.00" lane="left_1" pos="1.12" speed="34.82" angle="182.44" x="-1.61" y="61.33"/>
        <vehicle id="cfm-fast_1" eclass="HBEFA3/PC_G_EU4" CO2="25787.60" CO="510.80" HC="2.98" NOx="11.34" PMx="0.66" fuel="11.08" electricity="0.00" noise="81.21" route="routetop" type="cfm-fast" waiting="0.00" lane="left_0" pos="16.25" speed="32.74" angle="155.21" x="3.82" y="30.12"/>
        <vehicle id="cfm-fast_2" eclass="HBEFA3/PC_G_EU4" CO2="89392.05" CO="1853.65" HC="10.68" NOx="41.29" PMx="2.34" fuel="38.43" electricity="0.00" noise="110.49" route="routetop" type="cfm-fast" waiting="0.00" lane="left_1" pos="33.07" speed="35.78" angle="124.96" x="30.54" y="7.38"/>
        <vehicle id="cfm-fast_3" eclass="HBEFA3/PC_G_EU4" CO2="0.00" CO="0.00" HC="0.00" NOx="0.00" PMx="0.00" fuel="0.00" electricity="0.00" noise="72.97" route="routetop" type="cfm-fast" waiting="0.00" lane="left_0" pos="45.92" speed="29.17" angle="101.91" x="54.81" y="-4.37"/>
        <vehicle id="cfm-fast_4" eclass="HBEFA3/PC_G_EU4" CO2="148729.88" CO="3121.20" HC="17.93" NOx="69.22" PMx="3.91" fuel="63.93" electricity="0.00" noise="133.73" route="routebottom" type="cfm-fast" waiting="0.00" lane="bottom_1" pos="16.08" speed="39.15" angle="65.57" x="95.27" y="6.52"/>
        <vehicle id="cfm-fast_5" eclass="HBEFA3/PC_G_EU4" CO2="0.00" CO="0.00" HC="0.00" NOx="0.00" PMx="0.00" fuel="0.00" electricity="0.00" noise="69.92" route="routebottom" type="cfm-fast" waiting="0.00" lane="bottom_0" pos="21.70" speed="23.09" angle="55.43" x="106.90" y="10.39"/>
        <vehicle id="cfm-slow_0" eclass="HBEFA3/PC_G_EU4" CO2="11721.87" CO="166.45" HC="1.04" NOx="5.00" PMx="0.26" fuel="5.04" electricity="0.00" noise="72.83" route="routebottom" type="cfm-slow" waiting="0.00" lane="bottom_0" pos="39.18" speed="19.37" angle="24.04" x="128.32" y="40.73"/>
        <vehicle id="cfm-slow_1" eclass="HBEFA3/PC_G_EU4" CO2="14902.63" CO="231.53" HC="1.42" NOx="6.49" PMx="0.34" fuel="6.41" electricity="0.00" noise="75.14" route="routebottom" type="cfm-slow" waiting="0.00" lane="right_0" pos="5.13" speed="19.67" angle="355.25" x="131.38" y="74.74"/>
        <vehicle id="cfm-slow_2" eclass="HBEFA3/PC_G_EU4" CO2="22738.45" CO="392.07" HC="2.35" NOx="10.17" PMx="0.54" fuel="9.77" electricity="0.00" noise="80.99" route="routebottom" type="cfm-slow" waiting="0.00" lane="right_0" pos="21.40" speed="20.60" angle="325.95" x="117.32" y="106.40"/>
        <vehicle id="cfm-slow_3" eclass="HBEFA3/PC_G_EU4" CO2="37787.36" CO="703.07" HC="4.14" NOx="17.21" PMx="0.94" fuel="16.24" electricity="0.00" noise="91.05" route="routebottom" type="cfm-slow" waiting="0.00" lane="right_0" pos="38.67" speed="22.92" angle="294.95" x="87.61" y="127.95"/>
        <vehicle id="cfm-slow_4" eclass="HBEFA3/PC_G_EU4" CO2="55142.83" CO="1075.22" HC="6.27" NOx="25.30" PMx="1.40" fuel="23.70" electricity="0.00" noise="99.05" route="routetop" type="cfm-slow" waiting="0.00" lane="top_0" pos="8.41" speed="27.37" angle="259.28" x="45.70" y="129.87"/>
        <vehicle id="cfm-slow_5" eclass="HBEFA3/PC_G_EU4" CO2="47357.02" CO="957.99" HC="5.55" NOx="21.51" PMx="1.23" fuel="20.36" electricity="0.00" noise="91.52" route="routetop" type="cfm-slow" waiting="0.00" lane="top_0" pos="32.79" speed="33.05" angle="215.51" x="4.87" y="99.01"/>
    </timestep>
    <timestep time="2.91">
        <vehicle id="cfm-fast_0" eclass="HBEFA3/PC_G_EU4" CO2="66187.84" CO="1365.33" HC="7.88" NOx="30.36" PMx="1.73" fuel="28.45" electricity="0.00" noise="100.01" route="routetop" type="cfm-fast" waiting="0.00" lane="left_1" pos="1.47" speed="34.89" angle="181.85" x="-1.57" y="60.61"/>
        <vehicle id="cfm-fast_1" eclass="HBEFA3/PC_G_EU4" CO2="25156.10" CO="498.01" HC="2.90" NOx="11.04" PMx="0.64" fuel="10.81" electricity="0.00" noise="80.94" route="routetop" type="cfm-fast" waiting="0.00" lane="left_0" pos="16.57" speed="32.76" angle="154.63" x="4.16" y="29.51"/>
        <vehicle id="cfm-fast_2" eclass="HBEFA3/PC_G_EU4" CO2="89590.35" CO="1858.80" HC="10.71" NOx="41.38" PMx="2.34" fuel="38.51" electricity="0.00" noise="110.52" route="routetop" type="cfm-fast" waiting="0.00" lane="left_1" pos="33.43" speed="35.87" angle="124.36" x="31.17" y="7.01"/>
        <vehicle id="cfm-fast_3" eclass="HBEFA3/PC_G_EU4" CO2="0.00" CO="0.00" HC="0.00" NOx="0.00" PMx="0.00" fuel="0.00" electricity="0.00" noise="72.91" route="routetop" type="cfm-fast" waiting="0.00" lane="left_0" pos="46.21" speed="29.16" angle="101.43" x="55.43" y="-4.45"/>
        <vehicle id="cfm-fast_4" eclass="HBEFA3/PC_G_EU4" CO2="149280.85" CO="3134.60" HC="18.00" NOx="69.48" PMx="3.92" fuel="64.17" electricity="0.00" noise="133.80" route="routebottom" type="cfm-fast" waiting="0.00" lane="bottom_1" pos="16.47" speed="39.28" angle="64.86" x="95.97" y="6.91"/>
        <vehicle id="cfm-fast_5" eclass="HBEFA3/PC_G_EU4" CO2="0.00" CO="0.00" HC="0.00" NOx="0.00" PMx="0.00" fuel="0.00" electricity="0.00" noise="69.90" route="routebottom" type="cfm-fast" waiting="0.00" lane="bottom_0" pos="21.93" speed="23.08" angle="55.04" x="107.28" y="10.71"/>
        <vehicle id="cfm-slow_0" eclass="HBEFA3/PC_G_EU4" CO2="11694.26" CO="165.86" HC="1.04" NOx="4.98" PMx="0.25" fuel="5.03" electricity="0.00" noise="72.81" route="routebottom" type="cfm-slow" waiting="0.00" lane="bottom_0" pos="39.37" speed="19.39" angle="23.69" x="128.46" y="41.13"/>
        <vehicle id="cfm-slow_1" eclass="HBEFA3/PC_G_EU4" CO2="14918.16" CO="231.82" HC="1.42" NOx="6.50" PMx="0.34" fuel="6.41" electricity="0.00" noise="75.15" route="routebottom" type="cfm-slow" waiting="0.00" lane="right_0" pos="5.32" speed="19.69" angle="354.88" x="131.30" y="75.16"/>
        <vehicle id="cfm-slow_2" eclass="HBEFA3/PC_G_EU4" CO2="22817.28" CO="393.68" HC="2.36" NOx="10.20" PMx="0.55" fuel="9.81" electricity="0.00" noise="81.04" route="routebottom" type="cfm-slow" waiting="0.00" lane="right_0" pos="21.61" speed="20.63" angle="325.57" x="117.05" y="106.75"/>
        <vehicle id="cfm-slow_3" eclass="HBEFA3/PC_G_EU4" CO2="37890.26" CO="705.28" HC="4.15" NOx="17.26" PMx="0.94" fuel="16.29" electricity="0.00" noise="91.08" route="routebottom" type="cfm-slow" waiting="0.00" lane="right_0" pos="38.90" speed="22.97" angle="294.53" x="87.15" y="128.12"/>
        <vehicle id="cfm-slow_4" eclass="HBEFA3/PC_G_EU4" CO2="55052.46" CO="1073.73" HC="6.26" NOx="25.26" PMx="1.40" fuel="23.66" electricity="0.00" noise="98.93" route="routetop" type="cfm-slow" waiting="0.00" lane="top_0" pos="8.68" speed="27.44" angle="258.77" x="45.13" y="129.72"/>
        <vehicle id="cfm-slow_5" eclass="HBEFA3/PC_G_EU4" CO2="46845.04" CO="947.91" HC="5.49" NOx="21.27" PMx="1.21" fuel="20.14" electricity="0.00" noise="91.25" route="routetop" type="cfm-slow" waiting="0.00" lane="top_0" pos="33.12" speed="33.10" angle="214.88" x="4.50" y="98.40"/>
    </timestep>
    <timestep time="2.92">
        <vehicle id="cfm-fast_0" eclass="HBEFA3/PC_G_EU4" CO2="66059.28" CO="1363.42" HC="7.86" NOx="30.29" PMx="1.72" fuel="28.40" electricity="0.00" noise="99.92" route="routetop" type="cfm-fast" waiting="0.00" lane="left_1" pos="1.82" speed="34.95" angle="181.21" x="-1.53" y="59.90"/>
        <vehicle id="cfm-fast_1" eclass="HBEFA3/PC_G_EU4" CO2="24528.97" CO="485.30" HC="2.83" NOx="10.74" PMx="0.63" fuel="10.54" electricity="0.00" noise="80.67" route="routetop" type="cfm-fast" waiting="0.00" lane="left_0" pos="16.90" speed="32.78" angle="154.06" x="4.52" y="28.90"/>
        <vehicle id="cfm-fast_2" eclass="HBEFA3/PC_G_EU4" CO2="89793.37" CO="1864.06" HC="10.73" NOx="41.47" PMx="2.35" fuel="38.60" electricity="0.00" noise="110.54" route="routetop" type="cfm-fast" waiting="0.00" lane="left_1" pos="33.79" speed="35.96" angle="123.71" x="31.81" y="6.65"/>
        <vehicle id="cfm-fast_3" eclass="HBEFA3/PC_G_EU4" CO2="0.00" CO="0.00" HC="0.00" NOx="0.00" PMx="0.00" fuel="0.00" electricity="0.00" noise="72.85" route="routetop" type="cfm-fast" waiting="0.00" lane="left_0" pos="46.50" speed="29.16" angle="100.89" x="56.06" y="-4.52"/>
        <vehicle id="cfm-fast_4" eclass="HBEFA3/PC_G_EU4" CO2="149832.12" CO="3148.02" HC="18.08" NOx="69.73" PMx="3.94" fuel="64.41" electricity="0.00" noise="133.86" route="routebottom" type="cfm-fast" waiting="0.00" lane="bottom_1" pos="16.86" speed="39.42" angle="64.18" x="96.67" y="7.31"/>
        <vehicle id="cfm-fast_5" eclass="HBEFA3/PC_G_EU4" CO2="0.00" CO="0.00" HC="0.00" NOx="0.00" PMx="0.00" fuel="0.00" electricity="0.00" noise="69.88" route="routebottom" type="cfm-fast" waiting="0.00" lane="bottom_0" pos="22.16" speed="23.08" angle="54.60" x="107.66" y="11.03"/>
        <vehicle id="cfm-slow_0" eclass="HBEFA3/PC_G_EU4" CO2="11667.50" CO="165.28" HC="1.04" NOx="4.97" PMx="0.25" fuel="5.02" electricity="0.00" noise="72.80" route="routebottom" type="cfm-slow" waiting="0.00" lane="bottom_0" pos="39.56" speed="19.41" angle="23.34" x="128.60" y="41.52"/>
        <vehicle id="cfm-slow_1" eclass="HBEFA3/PC_G_EU4" CO2="14934.69" CO="232.14" HC="1.42" NOx="6.51" PMx="0.34" fuel="6.42" electricity="0.00" noise="75.16" route="routebottom" type="cfm-slow" waiting="0.00" lane="right_0" pos="5.52" speed="19.72" angle="354.51" x="131.22" y="75.57"/>
        <vehicle id="cfm-slow_2" eclass="HBEFA3/PC_G_EU4" CO2="22896.72" CO="395.30" HC="2.37" NOx="10.24" PMx="0.55" fuel="9.84" electricity="0.00" noise="81.08" route="routebottom" type="cfm-slow" waiting="0.00" lane="right_0" pos="21.82" speed="20.67" angle="325.24" x="116.77" y="107.10"/>
        <vehicle id="cfm-slow_3" eclass="HBEFA3/PC_G_EU4" CO2="37992.04" CO="707.46" HC="4.16" NOx="17.31" PMx="0.95" fuel="16.33" electricity="0.00" noise="91.11" route="routebottom" type="cfm-slow" waiting="0.00" lane="right_0" pos="39.13" speed="23.03" angle="294.11" x="86.68" y="128.28"/>
        <vehicle id="cfm-slow_4" eclass="HBEFA3/PC_G_EU4" CO2="54958.63" CO="1072.16" HC="6.25" NOx="25.21" PMx="1.40" fuel="23.62" electricity="0.00" noise="98.82" route="routetop" type="cfm-slow" waiting="0.00" lane="top_0" pos="8.96" speed="27.51" angle="258.33" x="44.56" y="129.56"/>
        <vehicle id="cfm-slow_5" eclass="HBEFA3/PC_G_EU4" CO2="46333.12" CO="937.83" HC="5.43" NOx="21.02" PMx="1.20" fuel="19.92" electricity="0.00" noise="90.98" route="routetop" type="cfm-slow" waiting="0.00" lane="top_0" pos="33.45" speed="33.15" angle="214.33" x="4.14" y="97.78"/>
    </timestep>
    <timestep time="2.93">
        <vehicle id="cfm-fast_0" eclass="HBEFA3/PC_G_EU4" CO2="65935.65" CO="1361.62" HC="7.85" NOx="30.23" PMx="1.72" fuel="28.34" electricity="0.00" noise="99.83" route="routetop" type="cfm-fast" waiting="0.00" lane="left_1" pos="2.17" speed="35.02" angle="180.58" x="-1.49" y="59.18"/>
        <vehicle id="cfm-fast_1" eclass="HBEFA3/PC_G_EU4" CO2="23906.24" CO="472.67" HC="2.76" NOx="10.45" PMx="0.61" fuel="10.28" electricity="0.00" noise="80.41" route="routetop" type="cfm-fast" waiting="0.00" lane="left_0" pos="17.23" speed="32.80" angle="153.46" x="4.88" y="28.29"/>
        <vehicle id="cfm-fast_2" eclass="HBEFA3/PC_G_EU4" CO2="90001.06" CO="1869.42" HC="10.76" NOx="41.57" PMx="2.36" fuel="38.69" electricity="0.00" noise="110.57" route="routetop" type="cfm-fast" waiting="0.00" lane="left_1" pos="34.15" speed="36.04" angle="123.06" x="32.46" y="6.30"/>
        <vehicle id="cfm-fast_3" eclass="HBEFA3/PC_G_EU4" CO2="0.00" CO="0.00" HC="0.00" NOx="0.00" PMx="0.00" fuel="0.00" electricity="0.00" noise="72.80" route="routetop" type="cfm-fast" waiting="0.00" lane="left_0" pos="46.79" speed="29.15" angle="100.36" x="56.68" y="-4.58"/>
        <vehicle id="cfm-fast_4" eclass="HBEFA3/PC_G_EU4" CO2="150383.68" CO="3161.47" HC="18.16" NOx="69.99" PMx="3.96" fuel="64.64" electricity="0.00" noise="133.93" route="routebottom" type="cfm-fast" waiting="0.00" lane="bottom_1" pos="17.26" speed="39.56" angle="63.43" x="97.37" y="7.73"/>
        <vehicle id="cfm-fast_5" eclass="HBEFA3/PC_G_EU4" CO2="0.00" CO="0.00" HC="0.00" NOx="0.00" PMx="0.00" fuel="0.00" electricity="0.00" noise="69.87" route="routebottom" type="cfm-fast" waiting="0.00" lane="bottom_0" pos="22.39" speed="23.08" angle="54.16" x="108.04" y="11.35"/>
        <vehicle id="cfm-slow_0" eclass="HBEFA3/PC_G_EU4" CO2="11641.57" CO="164.73" HC="1.04" NOx="4.96" PMx="0.25" fuel="5.00" electricity="0.00" noise="72.78" route="routebottom" type="cfm-slow" waiting="0.00" lane="bottom_0" pos="39.76" speed="19.42" angle="23.04" x="128.74" y="41.91"/>
        <vehicle id="cfm-slow_1" eclass="HBEFA3/PC_G_EU4" CO2="14952.20" CO="232.47" HC="1.43" NOx="6.51" PMx="0.34" fuel="6.43" electricity="0.00" noise="75.17" route="routebottom" type="cfm-slow" waiting="0.00" lane="right_0" pos="5.72" speed="19.74" angle="354.15" x="131.15" y="75.99"/>
        <vehicle id="cfm-slow_2" eclass="HBEFA3/PC_G_EU4" CO2="22976.74" CO="396.93" HC="2.38" NOx="10.28" PMx="0.55" fuel="9.88" electricity="0.00" noise="81.13" route="routebottom" type="cfm-slow" waiting="0.00" lane="right_0" pos="22.02" speed="20.71" angle="324.85" x="116.48" y="107.44"/>
        <vehicle id="cfm-slow_3" eclass="HBEFA3/PC_G_EU4" CO2="38092.67" CO="709.62" HC="4.18" NOx="17.35" PMx="0.95" fuel="16.37" electricity="0.00" noise="91.14" route="routebottom" type="cfm-slow" waiting="0.00" lane="right_0" pos="39.36" speed="23.09" angle="293.70" x="86.22" y="128.45"/>
        <vehicle id="cfm-slow_4" eclass="HBEFA3/PC_G_EU4" CO2="54861.34" CO="1070.53" HC="6.24" NOx="25.17" PMx="1.40" fuel="23.58" electricity="0.00" noise="98.70" route="routetop" type="cfm-slow" waiting="0.00" lane="top_0" pos="9.23" speed="27.57" angle="257.83" x="43.99" y="129.39"/>
        <vehicle id="cfm-slow_5" eclass="HBEFA3/PC_G_EU4" CO2="45821.30" CO="927.74" HC="5.37" NOx="20.78" PMx="1.19" fuel="19.70" electricity="0.00" noise="90.71" route="routetop" type="cfm-slow" waiting="0.00" lane="top_0" pos="33.78" speed="33.19" angle="213.73" x="3.80" y="97.16"/>
    </timestep>
    <timestep time="2.94">
        <vehicle id="cfm-fast_0" eclass="HBEFA3/PC_G_EU4" CO2="65816.94" CO="1359.91" HC="7.84" NOx="30.18" PMx="1.72" fuel="28.29" electricity="0.00" noise="99.74" route="routetop" type="cfm-fast" waiting="0.00" lane="left_1" pos="2.52" speed="35.08" angle="179.97" x="-1.44" y="58.46"/>
        <vehicle id="cfm-fast_1" eclass="HBEFA3/PC_G_EU4" CO2="23287.93" CO="460.13" HC="2.68" NOx="10.16" PMx="0.60" fuel="10.01" electricity="0.00" noise="80.16" route="routetop" type="cfm-fast" waiting="0.00" lane="left_0" pos="17.56" speed="32.82" angle="152.86" x="5.24" y="27.69"/>
        <vehicle id="cfm-fast_2" eclass="HBEFA3/PC_G_EU4" CO2="90213.41" CO="1874.87" HC="10.79" NOx="41.67" PMx="2.36" fuel="38.78" electricity="0.00" noise="110.60" route="routetop" type="cfm-fast" waiting="0.00" lane="left_1" pos="34.51" speed="36.13" angle="122.42" x="33.11" y="5.94"/>
        <vehicle id="cfm-fast_3" eclass="HBEFA3/PC_G_EU4" CO2="0.00" CO="0.00" HC="0.00" NOx="0.00" PMx="0.00" fuel="0.00" electricity="0.00" noise="72.75" route="routetop" type="cfm-fast" waiting="0.00" lane="left_0" pos="47.08" speed="29.15" angle="99.82" x="57.31" y="-4.64"/>
        <vehicle id="cfm-fast_4" eclass="HBEFA3/PC_G_EU4" CO2="150935.53" CO="3174.94" HC="18.23" NOx="70.25" PMx="3.97" fuel="64.88" electricity="0.00" noise="134.00" route="routebottom" type="cfm-fast" waiting="0.00" lane="bottom_1" pos="17.66" speed="39.69" angle="62.68" x="98.06" y="8.15"/>
        <vehicle id="cfm-fast_5" eclass="HBEFA3/PC_G_EU4" CO2="0.00" CO="0.00" HC="0.00" NOx="0.00" PMx="0.00" fuel="0.00" electricity="0.00" noise="69.85" route="routebottom" type="cfm-fast" waiting="0.00" lane="bottom_0" pos="22.62" speed="23.07" angle="53.73" x="108.42" y="11.67"/>
        <vehicle id="cfm-slow_0" eclass="HBEFA3/PC_G_EU4" CO2="11616.48" CO="164.19" HC="1.03" NOx="4.95" PMx="0.25" fuel="4.99" electricity="0.00" noise="72.76" route="routebottom" type="cfm-slow" waiting="0.00" lane="bottom_0" pos="39.95" speed="19.44" angle="22.68" x="128.87" y="42.31"/>
        <vehicle id="cfm-slow_1" eclass="HBEFA3/PC_G_EU4" CO2="14970.69" CO="232.82" HC="1.43" NOx="6.52" PMx="0.34" fuel="6.44" electricity="0.00" noise="75.18" route="routebottom" type="cfm-slow" waiting="0.00" lane="right_0" pos="5.92" speed="19.76" angle="353.78" x="131.07" y="76.41"/>
        <vehicle id="cfm-slow_2" eclass="HBEFA3/PC_G_EU4" CO2="23057.34" CO="398.58" HC="2.38" NOx="10.31" PMx="0.55" fuel="9.91" electricity="0.00" noise="81.18" route="routebottom" type="cfm-slow" waiting="0.00" lane="right_0" pos="22.23" speed="20.74" angle="324.46" x="116.19" y="107.78"/>
        <vehicle id="cfm-slow_3" eclass="HBEFA3/PC_G_EU4" CO2="38192.13" CO="711.77" HC="4.19" NOx="17.40" PMx="0.95" fuel="16.42" electricity="0.00" noise="91.16" route="routebottom" type="cfm-slow" waiting="0.00" lane="right_0" pos="39.59" speed="23.15" angle="293.28" x="85.75" y="128.62"/>
        <vehicle id="cfm-slow_4" eclass="HBEFA3/PC_G_EU4" CO2="54760.62" CO="1068.83" HC="6.23" NOx="25.12" PMx="1.40" fuel="23.54" electricity="0.00" noise="98.58" route="routetop" type="cfm-slow" waiting="0.00" lane="top_0" pos="9.51" speed="27.64" angle="257.33" x="43.42" y="129.21"/>
        <vehicle id="cfm-slow_5" eclass="HBEFA3/PC_G_EU4" CO2="45309.65" CO="917.65" HC="5.32" NOx="20.54" PMx="1.17" fuel="19.48" electricity="0.00" noise="90.44" route="routetop" type="cfm-slow" waiting="0.00" lane="top_0" pos="34.11" speed="33.24" angle="213.12" x="3.45" y="96.53"/>
    </timestep>
    <timestep time="2.95">
        <vehicle id="cfm-fast_0" eclass="HBEFA3/PC_G_EU4" CO2="65703.17" CO="1358.31" HC="7.83" NOx="30.12" PMx="1.72" fuel="28.24" electricity="0.00" noise="99.65" route="routetop" type="cfm-fast" waiting="0.00" lane="left_1" pos="2.87" speed="35.14" angle="179.34" x="-1.37" y="57.75"/>
        <vehicle id="cfm-fast_1" eclass="HBEFA3/PC_G_EU4" CO2="22674.09" CO="447.67" HC="2.61" NOx="9.87" PMx="0.58" fuel="9.75" electricity="0.00" noise="79.91" route="routetop" type="cfm-fast" waiting="0.00" lane="left_0" pos="17.89" speed="32.84" angle="152.30" x="5.61" y="27.08"/>
        <vehicle id="cfm-fast_2" eclass="HBEFA3/PC_G_EU4" CO2="90430.36" CO="1880.43" HC="10.83" NOx="41.77" PMx="2.37" fuel="38.87" electricity="0.00" noise="110.64" route="routetop" type="cfm-fast" waiting="0.00" lane="left_1" pos="34.87" speed="36.22" angle="121.81" x="33.77" y="5.60"/>
        <vehicle id="cfm-fast_3" eclass="HBEFA3/PC_G_EU4" CO2="0.00" CO="0.00" HC="0.00" NOx="0.00" PMx="0.00" fuel="0.00" electricity="0.00" noise="72.69" route="routetop" type="cfm-fast" waiting="0.00" lane="left_0" pos="47.38" speed="29.14" angle="99.31" x="57.93" y="-4.71"/>
        <vehicle id="cfm-fast_4" eclass="HBEFA3/PC_G_EU4" CO2="151487.68" CO="3188.42" HC="18.31" NOx="70.51" PMx="3.99" fuel="65.12" electricity="0.00" noise="134.06" route="routebottom" type="cfm-fast" waiting="0.00" lane="bottom_1" pos="18.06" speed="39.83" angle="61.99" x="98.76" y="8.58"/>
        <vehicle id="cfm-fast_5" eclass="HBEFA3/PC_G_EU4" CO2="0.00" CO="0.00" HC="0.00" NOx="0.00" PMx="0.00" fuel="0.00" electricity="0.00" noise="69.83" route="routebottom" type="cfm-fast" waiting="0.00" lane="bottom_0" pos="22.85" speed="23.07" angle="53.29" x="108.79" y="12.00"/>
        <vehicle id="cfm-slow_0" eclass="HBEFA3/PC_G_EU4" CO2="11592.22" CO="163.66" HC="1.03" NOx="4.93" PMx="0.25" fuel="4.98" electricity="0.00" noise="72.75" route="routebottom" type="cfm-slow" waiting="0.00" lane="bottom_0" pos="40.15" speed="19.46" angle="22.30" x="128.99" y="42.71"/>
        <vehicle id="cfm-slow_1" eclass="HBEFA3/PC_G_EU4" CO2="14990.16" CO="233.20" HC="1.43" NOx="6.53" PMx="0.34" fuel="6.44" electricity="0.00" noise="75.20" route="routebottom" type="cfm-slow" waiting="0.00" lane="right_0" pos="6.11" speed="19.79" angle="353.41" x="130.99" y="76.83"/>
        <vehicle id="cfm-slow_2" eclass="HBEFA3/PC_G_EU4" CO2="23138.49" CO="400.24" HC="2.39" NOx="10.35" PMx="0.55" fuel="9.95" electricity="0.00" noise="81.23" route="routebottom" type="cfm-slow" waiting="0.00" lane="right_0" pos="22.44" speed="20.78" angle="324.06" x="115.90" y="108.12"/>
        <vehicle id="cfm-slow_3" eclass="HBEFA3/PC_G_EU4" CO2="38290.41" CO="713.89" HC="4.20" NOx="17.45" PMx="0.95" fuel="16.46" electricity="0.00" noise="91.19" route="routebottom" type="cfm-slow" waiting="0.00" lane="right_0" pos="39.83" speed="23.20" angle="292.92" x="85.28" y="128.79"/>
        <vehicle id="cfm-slow_4" eclass="HBEFA3/PC_G_EU4" CO2="54656.49" CO="1067.06" HC="6.22" NOx="25.07" PMx="1.39" fuel="23.49" electricity="0.00" noise="98.47" route="routetop" type="cfm-slow" waiting="0.00" lane="top_0" pos="9.78" speed="27.71" angle="256.83" x="42.85" y="129.04"/>
        <vehicle id="cfm-slow_5" eclass="HBEFA3/PC_G_EU4" CO2="44798.20" CO="907.56" HC="5.26" NOx="20.30" PMx="1.16" fuel="19.26" electricity="0.00" noise="90.18" route="routetop" type="cfm-slow" waiting="0.00" lane="top_0" pos="34.44" speed="33.28" angle="212.52" x="3.10" y="95.91"/>
    </timestep>
    <timestep time="2.96">
        <vehicle id="cfm-fast_0" eclass="HBEFA3/PC_G_EU4" CO2="65594.32" CO="1356.80" HC="7.82" NOx="30.07" PMx="1.71" fuel="28.20" electricity="0.00" noise="99.56" route="routetop" type="cfm-fast" waiting="0.00" lane="left_1" pos="3.23" speed="35.21" angle="178.70" x="-1.30" y="57.03"/>
        <vehicle id="cfm-fast_1" eclass="HBEFA3/PC_G_EU4" CO2="22064.75" CO="435.30" HC="2.54" NOx="9.58" PMx="0.56" fuel="9.48" electricity="0.00" noise="79.67" route="routetop" type="cfm-fast" waiting="0.00" lane="left_0" pos="18.21" speed="32.86" angle="151.71" x="6.00" y="26.49"/>
        <vehicle id="cfm-fast_2" eclass="HBEFA3/PC_G_EU4" CO2="90651.88" CO="1886.09" HC="10.86" NOx="41.87" PMx="2.37" fuel="38.97" electricity="0.00" noise="110.67" route="routetop" type="cfm-fast" waiting="0.00" lane="left_1" pos="35.24" speed="36.30" angle="121.14" x="34.43" y="5.26"/>
        <vehicle id="cfm-fast_3" eclass="HBEFA3/PC_G_EU4" CO2="0.00" CO="0.00" HC="0.00" NOx="0.00" PMx="0.00" fuel="0.00" electricity="0.00" noise="72.65" route="routetop" type="cfm-fast" waiting="0.00" lane="left_0" pos="47.67" speed="29.13" angle="98.80" x="58.56" y="-4.75"/>
        <vehicle id="cfm-fast_4" eclass="HBEFA3/PC_G_EU4" CO2="152040.11" CO="3201.93" HC="18.38" NOx="70.76" PMx="4.00" fuel="65.35" electricity="0.00" noise="134.13" route="routebottom" type="cfm-fast" waiting="0.00" lane="bottom_1" pos="18.45" speed="39.97" angle="61.23" x="99.44" y="9.04"/>
        <vehicle id="cfm-fast_5" eclass="HBEFA3/PC_G_EU4" CO2="0.00" CO="0.00" HC="0.00" NOx="0.00" PMx="0.00" fuel="0.00" electricity="0.00" noise="69.81" route="routebottom" type="cfm-fast" waiting="0.00" lane="bottom_0" pos="23.08" speed="23.07" angle="52.92" x="109.17" y="12.32"/>
        <vehicle id="cfm-slow_0" eclass="HBEFA3/PC_G_EU4" CO2="11568.79" CO="163.16" HC="1.03" NOx="4.92" PMx="0.25" fuel="4.97" electricity="0.00" noise="72.74" route="routebottom" type="cfm-slow" waiting="0.00" lane="bottom_0" pos="40.34" speed="19.47" angle="21.93" x="129.12" y="43.11"/>
        <vehicle id="cfm-slow_1" eclass="HBEFA3/PC_G_EU4" CO2="15010.58" CO="233.59" HC="1.43" NOx="6.54" PMx="0.34" fuel="6.45" electricity="0.00" noise="75.21" route="routebottom" type="cfm-slow" waiting="0.00" lane="right_0" pos="6.31" speed="19.81" angle="353.07" x="130.91" y="77.25"/>
        <vehicle id="cfm-slow_2" eclass="HBEFA3/PC_G_EU4" CO2="23220.18" CO="401.91" HC="2.40" NOx="10.39" PMx="0.56" fuel="9.98" electricity="0.00" noise="81.27" route="routebottom" type="cfm-slow" waiting="0.00" lane="right_0" pos="22.65" speed="20.82" angle="323.67" x="115.61" y="108.46"/>
        <vehicle id="cfm-slow_3" eclass="HBEFA3/PC_G_EU4" CO2="38387.48" CO="715.98" HC="4.21" NOx="17.49" PMx="0.96" fuel="16.50" electricity="0.00" noise="91.22" route="routebottom" type="cfm-slow" waiting="0.00" lane="right_0" pos="40.06" speed="23.26" angle="292.47" x="84.80" y="128.94"/>
        <vehicle id="cfm-slow_4" eclass="HBEFA3/PC_G_EU4" CO2="54548.96" CO="1065.22" HC="6.21" NOx="25.01" PMx="1.39" fuel="23.45" electricity="0.00" noise="98.35" route="routetop" type="cfm-slow" waiting="0.00" lane="top_0" pos="10.06" speed="27.78" angle="256.33" x="42.28" y="128.86"/>
        <vehicle id="cfm-slow_5" eclass="HBEFA3/PC_G_EU4" CO2="44287.01" CO="897.47" HC="5.20" NOx="20.05" PMx="1.15" fuel="19.04" electricity="0.00" noise="89.91" route="routetop" type="cfm-slow" waiting="0.00" lane="top_0" pos="34.78" speed="33.32" angle="211.97" x="2.77" y="95.27"/>
    </timestep>
    <timestep time="2.97">
        <vehicle id="cfm-fast_0" eclass="HBEFA3/PC_G_EU4" CO2="65490.40" CO="1355.40" HC="7.81" NOx="30.02" PMx="1.71" fuel="28.15" electricity="0.00" noise="99.48" route="routetop" type="cfm-fast" waiting="0.00" lane="left_1" pos="3.58" speed="35.27" angle="178.06" x="-1.23" y="56.31"/>
        <vehicle id="cfm-fast_1" eclass="HBEFA3/PC_G_EU4" CO2="21459.95" CO="423.02" HC="2.47" NOx="9.29" PMx="0.55" fuel="9.22" electricity="0.00" noise="79.44" route="routetop" type="cfm-fast" waiting="0.00" lane="left_0" pos="18.54" speed="32.87" angle="151.09" x="6.39" y="25.90"/>
        <vehicle id="cfm-fast_2" eclass="HBEFA3/PC_G_EU4" CO2="90877.94" CO="1891.85" HC="10.89" NOx="41.98" PMx="2.38" fuel="39.06" electricity="0.00" noise="110.71" route="routetop" type="cfm-fast" waiting="0.00" lane="left_1" pos="35.60" speed="36.39" angle="120.48" x="35.10" y="4.93"/>
        <vehicle id="cfm-fast_3" eclass="HBEFA3/PC_G_EU4" CO2="0.00" CO="0.00" HC="0.00" NOx="0.00" PMx="0.00" fuel="0.00" electricity="0.00" noise="72.60" route="routetop" type="cfm-fast" waiting="0.00" lane="left_0" pos="47.96" speed="29.13" angle="98.24" x="59.18" y="-4.79"/>
        <vehicle id="cfm-fast_4" eclass="HBEFA3/PC_G_EU4" CO2="152592.84" CO="3215.47" HC="18.46" NOx="71.02" PMx="4.02" fuel="65.59" electricity="0.00" noise="134.19" route="routebottom" type="cfm-fast" waiting="0.00" lane="bottom_1" pos="18.86" speed="40.10" angle="60.47" x="100.12" y="9.49"/>
        <vehicle id="cfm-fast_5" eclass="HBEFA3/PC_G_EU4" CO2="0.00" CO="0.00" HC="0.00" NOx="0.00" PMx="0.00" fuel="0.00" electricity="0.00" noise="69.80" route="routebottom" type="cfm-fast" waiting="0.00" lane="bottom_0" pos="23.31" speed="23.06" angle="52.51" x="109.54" y="12.66"/>
        <vehicle id="cfm-slow_0" eclass="HBEFA3/PC_G_EU4" CO2="11546.19" CO="162.67" HC="1.02" NOx="4.91" PMx="0.25" fuel="4.96" electricity="0.00" noise="72.72" route="routebottom" type="cfm-slow" waiting="0.00" lane="bottom_0" pos="40.54" speed="19.49" angle="21.56" x="129.24" y="43.51"/>
        <vehicle id="cfm-slow_1" eclass="HBEFA3/PC_G_EU4" CO2="15031.97" CO="234.01" HC="1.44" NOx="6.55" PMx="0.34" fuel="6.46" electricity="0.00" noise="75.22" route="routebottom" type="cfm-slow" waiting="0.00" lane="right_0" pos="6.51" speed="19.83" angle="352.73" x="130.83" y="77.67"/>
        <vehicle id="cfm-slow_2" eclass="HBEFA3/PC_G_EU4" CO2="23302.39" CO="403.59" HC="2.41" NOx="10.43" PMx="0.56" fuel="10.02" electricity="0.00" noise="81.32" route="routebottom" type="cfm-slow" waiting="0.00" lane="right_0" pos="22.85" speed="20.85" angle="323.27" x="115.32" y="108.80"/>
        <vehicle id="cfm-slow_3" eclass="HBEFA3/PC_G_EU4" CO2="38483.32" CO="718.06" HC="4.22" NOx="17.53" PMx="0.96" fuel="16.54" electricity="0.00" noise="91.24" route="routebottom" type="cfm-slow" waiting="0.00" lane="right_0" pos="40.29" speed="23.32" angle="292.03" x="84.32" y="129.08"/>
        <vehicle id="cfm-slow_4" eclass="HBEFA3/PC_G_EU4" CO2="54438.06" CO="1063.32" HC="6.20" NOx="24.96" PMx="1.39" fuel="23.40" electricity="0.00" noise="98.23" route="routetop" type="cfm-slow" waiting="0.00" lane="top_0" pos="10.34" speed="27.85" angle="255.88" x="41.71" y="128.67"/>
        <vehicle id="cfm-slow_5" eclass="HBEFA3/PC_G_EU4" CO2="43776.12" CO="887.39" HC="5.14" NOx="19.81" PMx="1.13" fuel="18.82" electricity="0.00" noise="89.65" route="routetop" type="cfm-slow" waiting="0.00" lane="top_0" pos="35.11" speed="33.36" angle="211.35" x="2.45" y="94.63"/>
    </timestep>
    <timestep time="2.98">
        <vehicle id="cfm-fast_0" eclass="HBEFA3/PC_G_EU4" CO2="65391.41" CO="1354.10" HC="7.81" NOx="29.97" PMx="1.71" fuel="28.11" electricity="0.00" noise="99.41" route="routetop" type="cfm-fast" waiting="0.00" lane="left_1" pos="3.93" speed="35.33" angle="177.46" x="-1.15" y="55.59"/>
        <vehicle id="cfm-fast_1" eclass="HBEFA3/PC_G_EU4" CO2="20859.70" CO="410.82" HC="2.40" NOx="9.01" PMx="0.53" fuel="8.97" electricity="0.00" noise="79.21" route="routetop" type="cfm-fast" waiting="0.00" lane="left_0" pos="18.87" speed="32.89" angle="150.48" x="6.78" y="25.31"/>
        <vehicle id="cfm-fast_2" eclass="HBEFA3/PC_G_EU4" CO2="91108.49" CO="1897.71" HC="10.92" NOx="42.08" PMx="2.39" fuel="39.16" electricity="0.00" noise="110.75" route="routetop" type="cfm-fast" waiting="0.00" lane="left_1" pos="35.96" speed="36.48" angle="119.86" x="35.77" y="4.60"/>
        <vehicle id="cfm-fast_3" eclass="HBEFA3/PC_G_EU4" CO2="0.00" CO="0.00" HC="0.00" NOx="0.00" PMx="0.00" fuel="0.00" electricity="0.00" noise="72.56" route="routetop" type="cfm-fast" waiting="0.00" lane="left_0" pos="48.25" speed="29.12" angle="97.68" x="59.81" y="-4.83"/>
        <vehicle id="cfm-fast_4" eclass="HBEFA3/PC_G_EU4" CO2="153145.86" CO="3229.02" HC="18.53" NOx="71.28" PMx="4.03" fuel="65.83" electricity="0.00" noise="134.26" route="routebottom" type="cfm-fast" waiting="0.00" lane="bottom_1" pos="19.26" speed="40.24" angle="59.78" x="100.81" y="9.95"/>
        <vehicle id="cfm-fast_5" eclass="HBEFA3/PC_G_EU4" CO2="0.00" CO="0.00" HC="0.00" NOx="0.00" PMx="0.00" fuel="0.00" electricity="0.00" noise="69.78" route="routebottom" type="cfm-fast" waiting="0.00" lane="bottom_0" pos="23.54" speed="23.06" angle="52.09" x="109.90" y="12.99"/>
        <vehicle id="cfm-slow_0" eclass="HBEFA3/PC_G_EU4" CO2="11524.43" CO="162.20" HC="1.02" NOx="4.90" PMx="0.25" fuel="4.95" electricity="0.00" noise="72.71" route="routebottom" type="cfm-slow" waiting="0.00" lane="bottom_0" pos="40.73" speed="19.51" angle="21.19" x="129.36" y="43.91"/>
        <vehicle id="cfm-slow_1" eclass="HBEFA3/PC_G_EU4" CO2="15054.31" CO="234.44" HC="1.44" NOx="6.56" PMx="0.34" fuel="6.47" electricity="0.00" noise="75.24" route="routebottom" type="cfm-slow" waiting="0.00" lane="right_0" pos="6.71" speed="19.86" angle="352.35" x="130.73" y="78.08"/>
        <vehicle id="cfm-slow_2" eclass="HBEFA3/PC_G_EU4" CO2="23385.10" CO="405.28" HC="2.42" NOx="10.47" PMx="0.56" fuel="10.05" electricity="0.00" noise="81.37" route="routebottom" type="cfm-slow" waiting="0.00" lane="right_0" pos="23.06" speed="20.89" angle="322.95" x="115.03" y="109.14"/>
        <vehicle id="cfm-slow_3" eclass="HBEFA3/PC_G_EU4" CO2="38577.91" CO="720.11" HC="4.24" NOx="17.58" PMx="0.96" fuel="16.58" electricity="0.00" noise="91.27" route="routebottom" type="cfm-slow" waiting="0.00" lane="right_0" pos="40.53" speed="23.37" angle="291.58" x="83.84" y="129.23"/>
        <vehicle id="cfm-slow_4" eclass="HBEFA3/PC_G_EU4" CO2="54323.81" CO="1061.34" HC="6.19" NOx="24.91" PMx="1.39" fuel="23.35" electricity="0.00" noise="98.10" route="routetop" type="cfm-slow" waiting="0.00" lane="top_0" pos="10.62" speed="27.92" angle="255.35" x="41.15" y="128.47"/>
        <vehicle id="cfm-slow_5" eclass="HBEFA3/PC_G_EU4" CO2="43265.58" CO="877.30" HC="5.08" NOx="19.57" PMx="1.12" fuel="18.60" electricity="0.00" noise="89.39" route="routetop" type="cfm-slow" waiting="0.00" lane="top_0" pos="35.45" speed="33.41" angle="210.74" x="2.13" y="93.99"/>
    </timestep>
    <timestep time="2.99">
        <vehicle id="cfm-fast_0" eclass="HBEFA3/PC_G_EU4" CO2="65297.34" CO="1352.91" HC="7.80" NOx="29.93" PMx="1.71" fuel="28.07" electricity="0.00" noise="99.33" route="routetop" type="cfm-fast" waiting="0.00" lane="left_1" pos="4.29" speed="35.39" angle="176.81" x="-1.05" y="54.87"/>
        <vehicle id="cfm-fast_1" eclass="HBEFA3/PC_G_EU4" CO2="20264.04" CO="398.71" HC="2.33" NOx="8.73" PMx="0.52" fuel="8.71" electricity="0.00" noise="78.99" route="routetop" type="cfm-fast" waiting="0.00" lane="left_0" pos="19.20" speed="32.90" angle="149.91" x="7.17" y="24.72"/>
        <vehicle id="cfm-fast_2" eclass="HBEFA3/PC_G_EU4" CO2="91343.51" CO="1903.67" HC="10.95" NOx="42.19" PMx="2.39" fuel="39.26" electricity="0.00" noise="110.79" route="routetop" type="cfm-fast" waiting="0.00" lane="left_1" pos="36.33" speed="36.57" angle="119.17" x="36.46" y="4.29"/>
        <vehicle id="cfm-fast_3" eclass="HBEFA3/PC_G_EU4" CO2="0.00" CO="0.00" HC="0.00" NOx="0.00" PMx="0.00" fuel="0.00" electricity="0.00" noise="72.51" route="routetop" type="cfm-fast" waiting="0.00" lane="left_0" pos="48.54" speed="29.11" angle="97.12" x="60.43" y="-4.86"/>
        <vehicle id="cfm-fast_4" eclass="HBEFA3/PC_G_EU4" CO2="153699.17" CO="3242.59" HC="18.61" NOx="71.54" PMx="4.05" fuel="66.07" electricity="0.00" noise="134.32" route="routebottom" type="cfm-fast" waiting="0.00" lane="bottom_1" pos="19.66" speed="40.38" angle="59.04" x="101.48" y="10.44"/>
        <vehicle id="cfm-fast_5" eclass="HBEFA3/PC_G_EU4" CO2="0.00" CO="0.00" HC="0.00" NOx="0.00" PMx="0.00" fuel="0.00" electricity="0.00" noise="69.77" route="routebottom" type="cfm-fast" waiting="0.00" lane="bottom_0" pos="23.77" speed="23.05" angle="51.68" x="110.26" y="13.33"/>
        <vehicle id="cfm-slow_0" eclass="HBEFA3/PC_G_EU4" CO2="11503.49" CO="161.74" HC="1.02" NOx="4.89" PMx="0.25" fuel="4.94" electricity="0.00" noise="72.70" route="routebottom" type="cfm-slow" waiting="0.00" lane="bottom_0" pos="40.93" speed="19.52" angle="20.82" x="129.49" y="44.31"/>
        <vehicle id="cfm-slow_1" eclass="HBEFA3/PC_G_EU4" CO2="15077.59" CO="234.90" HC="1.44" NOx="6.57" PMx="0.34" fuel="6.48" electricity="0.00" noise="75.25" route="routebottom" type="cfm-slow" waiting="0.00" lane="right_0" pos="6.91" speed="19.88" angle="351.98" x="130.64" y="78.50"/>
        <vehicle id="cfm-slow_2" eclass="HBEFA3/PC_G_EU4" CO2="23468.30" CO="406.99" HC="2.43" NOx="10.50" PMx="0.56" fuel="10.09" electricity="0.00" noise="81.42" route="routebottom" type="cfm-slow" waiting="0.00" lane="right_0" pos="23.27" speed="20.93" angle="322.58" x="114.73" y="109.48"/>
        <vehicle id="cfm-slow_3" eclass="HBEFA3/PC_G_EU4" CO2="38671.23" CO="722.14" HC="4.25" NOx="17.62" PMx="0.96" fuel="16.62" electricity="0.00" noise="91.29" route="routebottom" type="cfm-slow" waiting="0.00" lane="right_0" pos="40.76" speed="23.43" angle="291.14" x="83.36" y="129.38"/>
        <vehicle id="cfm-slow_4" eclass="HBEFA3/PC_G_EU4" CO2="54206.23" CO="1059.31" HC="6.17" NOx="24.85" PMx="1.38" fuel="23.30" electricity="0.00" noise="97.98" route="routetop" type="cfm-slow" waiting="0.00" lane="top_0" pos="10.90" speed="27.98" angle="254.82" x="40.58" y="128.26"/>
        <vehicle id="cfm-slow_5" eclass="HBEFA3/PC_G_EU4" CO2="42755.43" CO="867.22" HC="5.02" NOx="19.33" PMx="1.11" fuel="18.38" electricity="0.00" noise="89.12" route="routetop" type="cfm-slow" waiting="0.00" lane="top_0" pos="35.78" speed="33.45" angle="210.12" x="1.81" y="93.34"/>
    </timestep>
    <timestep time="3.00">
        <vehicle id="cfm-fast_0" eclass="HBEFA3/PC_G_EU4" CO2="65208.18" CO="1351.81" HC="7.79" NOx="29.88" PMx="1.70" fuel="28.03" electricity="0.00" noise="99.26" route="routetop" type="cfm-fast" waiting="0.00" lane="left_1" pos="4.64" speed="35.46" angle="176.16" x="-0.95" y="54.15"/>
        <vehicle id="cfm-fast_1" eclass="HBEFA3/PC_G_EU4" CO2="19673.00" CO="386.69" HC="2.26" NOx="8.45" PMx="0.50" fuel="8.46" electricity="0.00" noise="78.77" route="routetop" type="cfm-fast" waiting="0.00" lane="left_0" pos="19.53" speed="32.92" angle="149.32" x="7.58" y="24.15"/>
        <vehicle id="cfm-fast_2" eclass="HBEFA3/PC_G_EU4" CO2="91582.96" CO="1909.72" HC="10.99" NOx="42.30" PMx="2.40" fuel="39.37" electricity="0.00" noise="110.83" route="routetop" type="cfm-fast" waiting="0.00" lane="left_1" pos="36.70" speed="36.65" angle="118.46" x="37.14" y="3.99"/>
        <vehicle id="cfm-fast_3" eclass="HBEFA3/PC_G_EU4" CO2="0.00" CO="0.00" HC="0.00" NOx="0.00" PMx="0.00" fuel="0.00" electricity="0.00" noise="72.47" route="routetop" type="cfm-fast" waiting="0.00" lane="left_0" pos="48.83" speed="29.10" angle="96.64" x="61.06" y="-4.89"/>
        <vehicle id="cfm-fast_4" eclass="HBEFA3/PC_G_EU4" CO2="154252.77" CO="3256.19" HC="18.68" NOx="71.80" PMx="4.06" fuel="66.31" electricity="0.00" noise="134.39" route="routebottom" type="cfm-fast" waiting="0.00" lane="bottom_1" pos="20.07" speed="40.51" angle="58.30" x="102.15" y="10.92"/>
        <vehicle id="cfm-fast_5" eclass="HBEFA3/PC_G_EU4" CO2="0.00" CO="0.00" HC="0.00" NOx="0.00" PMx="0.00" fuel="0.00" electricity="0.00" noise="69.75" route="routebottom" type="cfm-fast" waiting="0.00" lane="bottom_0" pos="24.00" speed="23.05" angle="51.26" x="110.63" y="13.66"/>
        <vehicle id="cfm-slow_0" eclass="HBEFA3/PC_G_EU4" CO2="11483.39" CO="161.31" HC="1.02" NOx="4.88" PMx="0.25" fuel="4.94" electricity="0.00" noise="72.68" route="routebottom" type="cfm-slow" waiting="0.00" lane="bottom_0" pos="41.12" speed="19.54" angle="20.52" x="129.61" y="44.72"/>
        <vehicle id="cfm-slow_1" eclass="HBEFA3/PC_G_EU4" CO2="15101.81" CO="235.37" HC="1.44" NOx="6.58" PMx="0.34" fuel="6.49" electricity="0.00" noise="75.27" route="routebottom" type="cfm-slow" waiting="0.00" lane="right_0" pos="7.11" speed="19.90" angle="351.61" x="130.54" y="78.92"/>
        <vehicle id="cfm-slow_2" eclass="HBEFA3/PC_G_EU4" CO2="23551.97" CO="408.71" HC="2.44" NOx="10.54" PMx="0.57" fuel="10.12" electricity="0.00" noise="81.47" route="routebottom" type="cfm-slow" waiting="0.00" lane="right_0" pos="23.48" speed="20.96" angle="322.20" x="114.42" y="109.81"/>
        <vehicle id="cfm-slow_3" eclass="HBEFA3/PC_G_EU4" CO2="38763.27" CO="724.14" HC="4.26" NOx="17.66" PMx="0.97" fuel="16.66" electricity="0.00" noise="91.31" route="routebottom" type="cfm-slow" waiting="0.00" lane="right_0" pos="41.00" speed="23.49" angle="290.73" x="82.87" y="129.53"/>
        <vehicle id="cfm-slow_4" eclass="HBEFA3/PC_G_EU4" CO2="54085.33" CO="1057.20" HC="6.16" NOx="24.79" PMx="1.38" fuel="23.25" electricity="0.00" noise="97.86" route="routetop" type="cfm-slow" waiting="0.00" lane="top_0" pos="11.18" speed="28.05" angle="254.29" x="40.01" y="128.06"/>
        <vehicle id="cfm-slow_5" eclass="HBEFA3/PC_G_EU4" CO2="42245.72" CO="857.14" HC="4.96" NOx="19.09" PMx="1.09" fuel="18.16" electricity="0.00" noise="88.87" route="routetop" type="cfm-slow" waiting="0.00" lane="top_0" pos="36.12" speed="33.49" angle="209.56" x="1.50" y="92.69"/>
    </timestep>
    <timestep time="3.01">
        <vehicle id="cfm-fast_0" eclass="HBEFA3/PC_G_EU4" CO2="65123.94" CO="1350.82" HC="7.78" NOx="29.84" PMx="1.70" fuel="27.99" electricity="0.00" noise="99.19" route="routetop" type="cfm-fast" waiting="0.00" lane="left_1" pos="5.00" speed="35.52" angle="175.51" x="-0.84" y="53.43"/>
        <vehicle id="cfm-fast_1" eclass="HBEFA3/PC_G_EU4" CO2="19086.61" CO="374.76" HC="2.19" NOx="8.17" PMx="0.49" fuel="8.20" electricity="0.00" noise="78.56" route="routetop" type="cfm-fast" waiting="0.00" lane="left_0" pos="19.86" speed="32.93" angle="148.71" x="8.00" y="23.57"/>
        <vehicle id="cfm-fast_2" eclass="HBEFA3/PC_G_EU4" CO2="91826.79" CO="1915.87" HC="11.02" NOx="42.42" PMx="2.41" fuel="39.47" electricity="0.00" noise="110.88" route="routetop" type="cfm-fast" waiting="0.00" lane="left_1" pos="37.06" speed="36.74" angle="117.77" x="37.83" y="3.68"/>
        <vehicle id="cfm-fast_3" eclass="HBEFA3/PC_G_EU4" CO2="0.00" CO="0.00" HC="0.00" NOx="0.00" PMx="0.00" fuel="0.00" electricity="0.00" noise="72.43" route="routetop" type="cfm-fast" waiting="0.00" lane="left_0" pos="49.12" speed="29.09" angle="96.11" x="61.68" y="-4.91"/>
        <vehicle id="cfm-fast_4" eclass="HBEFA3/PC_G_EU4" CO2="154806.67" CO="3269.81" HC="18.76" NOx="72.06" PMx="4.08" fuel="66.54" electricity="0.00" noise="134.46" route="routebottom" type="cfm-fast" waiting="0.00" lane="bottom_1" pos="20.47" speed="40.65" angle="57.60" x="102.83" y="11.41"/>
        <vehicle id="cfm-fast_5" eclass="HBEFA3/PC_G_EU4" CO2="0.00" CO="0.00" HC="0.00" NOx="0.00" PMx="0.00" fuel="0.00" electricity="0.00" noise="69.74" route="routebottom" type="cfm-fast" waiting="0.00" lane="bottom_0" pos="24.23" speed="23.05" angle="50.85" x="110.99" y="14.00"/>
        <vehicle id="cfm-slow_0" eclass="HBEFA3/PC_G_EU4" CO2="11464.10" CO="160.89" HC="1.01" NOx="4.87" PMx="0.25" fuel="4.93" electricity="0.00" noise="72.67" route="routebottom" type="cfm-slow" waiting="0.00" lane="bottom_0" pos="41.32" speed="19.56" angle="20.16" x="129.72" y="45.12"/>
        <vehicle id="cfm-slow_1" eclass="HBEFA3/PC_G_EU4" CO2="15126.97" CO="235.86" HC="1.45" NOx="6.59" PMx="0.34" fuel="6.50" electricity="0.00" noise="75.29" route="routebottom" type="cfm-slow" waiting="0.00" lane="right_0" pos="7.31" speed="19.93" angle="351.24" x="130.45" y="79.34"/>
        <vehicle id="cfm-slow_2" eclass="HBEFA3/PC_G_EU4" CO2="23636.10" CO="410.43" HC="2.45" NOx="10.58" PMx="0.57" fuel="10.16" electricity="0.00" noise="81.52" route="routebottom" type="cfm-slow" waiting="0.00" lane="right_0" pos="23.69" speed="21.00" angle="321.83" x="114.11" y="110.14"/>
        <vehicle id="cfm-slow_3" eclass="HBEFA3/PC_G_EU4" CO2="38853.99" CO="726.12" HC="4.27" NOx="17.70" PMx="0.97" fuel="16.70" electricity="0.00" noise="91.33" route="routebottom" type="cfm-slow" waiting="0.00" lane="right_0" pos="41.23" speed="23.54" angle="290.33" x="82.39" y="129.67"/>
        <vehicle id="cfm-slow_4" eclass="HBEFA3/PC_G_EU4" CO2="53961.15" CO="1055.03" HC="6.15" NOx="24.73" PMx="1.38" fuel="23.20" electricity="0.00" noise="97.73" route="routetop" type="cfm-slow" waiting="0.00" lane="top_0" pos="11.46" speed="28.12" angle="253.80" x="39.44" y="127.85"/>
        <vehicle id="cfm-slow_5" eclass="HBEFA3/PC_G_EU4" CO2="41736.50" CO="847.06" HC="4.91" NOx="18.85" PMx="1.08" fuel="17.94" electricity="0.00" noise="88.61" route="routetop" type="cfm-slow" waiting="0.00" lane="top_0" pos="36.45" speed="33.53" angle="208.93" x="1.20" y="92.03"/>
    </timestep>
    <timestep time="3.02">
        <vehicle id="cfm-fast_0" eclass="HBEFA3/PC_G_EU4" CO2="65044.61" CO="1349.92" HC="7.78" NOx="29.80" PMx="1.70" fuel="27.96" electricity="0.00" noise="99.12" route="routetop" type="cfm-fast" waiting="0.00" lane="left_1" pos="5.35" speed="35.58" angle="174.87" x="-0.72" y="52.71"/>
        <vehicle id="cfm-fast_1" eclass="HBEFA3/PC_G_EU4" CO2="18504.88" CO="362.91" HC="2.12" NOx="7.90" PMx="0.47" fuel="7.95" electricity="0.00" noise="78.36" route="routetop" type="cfm-fast" waiting="0.00" lane="left_0" pos="20.19" speed="32.95" angle="148.09" x="8.41" y="23.00"/>
        <vehicle id="cfm-fast_2" eclass="HBEFA3/PC_G_EU4" CO2="92074.99" CO="1922.12" HC="11.06" NOx="42.53" PMx="2.41" fuel="39.58" electricity="0.00" noise="110.93" route="routetop" type="cfm-fast" waiting="0.00" lane="left_1" pos="37.43" speed="36.83" angle="117.14" x="38.53" y="3.39"/>
        <vehicle id="cfm-fast_3" eclass="HBEFA3/PC_G_EU4" CO2="0.00" CO="0.00" HC="0.00" NOx="0.00" PMx="0.00" fuel="0.00" electricity="0.00" noise="72.40" route="routetop" type="cfm-fast" waiting="0.00" lane="left_0" pos="49.41" speed="29.08" angle="95.57" x="62.31" y="-4.92"/>
        <vehicle id="cfm-fast_4" eclass="HBEFA3/PC_G_EU4" CO2="155360.86" CO="3283.45" HC="18.84" NOx="72.32" PMx="4.09" fuel="66.78" electricity="0.00" noise="134.52" route="routebottom" type="cfm-fast" waiting="0.00" lane="bottom_1" pos="20.88" speed="40.78" angle="56.87" x="103.49" y="11.92"/>
        <vehicle id="cfm-fast_5" eclass="HBEFA3/PC_G_EU4" CO2="0.00" CO="0.00" HC="0.00" NOx="0.00" PMx="0.00" fuel="0.00" electricity="0.00" noise="69.72" route="routebottom" type="cfm-fast" waiting="0.00" lane="bottom_0" pos="24.46" speed="23.04" angle="50.48" x="111.35" y="14.34"/>
        <vehicle id="cfm-slow_0" eclass="HBEFA3/PC_G_EU4" CO2="11445.65" CO="160.49" HC="1.01" NOx="4.86" PMx="0.25" fuel="4.92" electricity="0.00" noise="72.66" route="routebottom" type="cfm-slow" waiting="0.00" lane="bottom_0" pos="41.51" speed="19.57" angle="19.81" x="129.82" y="45.53"/>
        <vehicle id="cfm-slow_1" eclass="HBEFA3/PC_G_EU4" CO2="15153.04" CO="236.38" HC="1.45" NOx="6.60" PMx="0.35" fuel="6.51" electricity="0.00" noise="75.30" route="routebottom" type="cfm-slow" waiting="0.00" lane="right_0" pos="7.50" speed="19.95" angle="350.86" x="130.36" y="79.75"/>
        <vehicle id="cfm-slow_2" eclass="HBEFA3/PC_G_EU4" CO2="23720.66" CO="412.17" HC="2.46" NOx="10.62" PMx="0.57" fuel="10.20" electricity="0.00" noise="81.57" route="routebottom" type="cfm-slow" waiting="0.00" lane="right_0" pos="23.90" speed="21.04" angle="321.45" x="113.81" y="110.47"/>
        <vehicle id="cfm-slow_3" eclass="HBEFA3/PC_G_EU4" CO2="38943.39" CO="728.08" HC="4.28" NOx="17.74" PMx="0.97" fuel="16.74" electricity="0.00" noise="91.36" route="routebottom" type="cfm-slow" waiting="0.00" lane="right_0" pos="41.47" speed="23.60" angle="289.90" x="81.89" y="129.80"/>
        <vehicle id="cfm-slow_4" eclass="HBEFA3/PC_G_EU4" CO2="53833.70" CO="1052.79" HC="6.14" NOx="24.67" PMx="1.37" fuel="23.14" electricity="0.00" noise="97.61" route="routetop" type="cfm-slow" waiting="0.00" lane="top_0" pos="11.74" speed="28.18" angle="253.31" x="38.88" y="127.63"/>
        <vehicle id="cfm-slow_5" eclass="HBEFA3/PC_G_EU4" CO2="41227.81" CO="836.99" HC="4.85" NOx="18.61" PMx="1.07" fuel="17.72" electricity="0.00" noise="88.35" route="routetop" type="cfm-slow" waiting="0.00" lane="top_0" pos="36.79" speed="33.57" angle="208.30" x="0.91" y="91.37"/>
    </timestep>
    <timestep time="3.03">
        <vehicle id="cfm-fast_0" eclass="HBEFA3/PC_G_EU4" CO2="64970.18" CO="1349.13" HC="7.77" NOx="29.77" PMx="1.70" fuel="27.93" electricity="0.00" noise="99.05" route="routetop" type="cfm-fast" waiting="0.00" lane="left_1" pos="5.71" speed="35.64" angle="174.20" x="-0.59" y="51.99"/>
        <vehicle id="cfm-fast_1" eclass="HBEFA3/PC_G_EU4" CO2="17927.85" CO="351.16" HC="2.05" NOx="7.62" PMx="0.46" fuel="7.71" electricity="0.00" noise="78.16" route="routetop" type="cfm-fast" waiting="0.00" lane="left_0" pos="20.52" speed="32.96" angle="147.55" x="8.83" y="22.42"/>
        <vehicle id="cfm-fast_2" eclass="HBEFA3/PC_G_EU4" CO2="92327.50" CO="1928.46" HC="11.09" NOx="42.65" PMx="2.42" fuel="39.69" electricity="0.00" noise="110.98" route="routetop" type="cfm-fast" waiting="0.00" lane="left_1" pos="37.80" speed="36.91" angle="116.45" x="39.23" y="3.11"/>
        <vehicle id="cfm-fast_3" eclass="HBEFA3/PC_G_EU4" CO2="0.00" CO="0.00" HC="0.00" NOx="0.00" PMx="0.00" fuel="0.00" electricity="0.00" noise="72.36" route="routetop" type="cfm-fast" waiting="0.00" lane="left_0" pos="49.70" speed="29.07" angle="95.04" x="62.93" y="-4.94"/>
        <vehicle id="cfm-fast_4" eclass="HBEFA3/PC_G_EU4" CO2="155915.34" CO="3297.11" HC="18.91" NOx="72.58" PMx="4.11" fuel="67.02" electricity="0.00" noise="134.59" route="routebottom" type="cfm-fast" waiting="0.00" lane="bottom_1" pos="21.29" speed="40.92" angle="56.13" x="104.15" y="12.44"/>
        <vehicle id="cfm-fast_5" eclass="HBEFA3/PC_G_EU4" CO2="0.00" CO="0.00" HC="0.00" NOx="0.00" PMx="0.00" fuel="0.00" electricity="0.00" noise="69.71" route="routebottom" type="cfm-fast" waiting="0.00" lane="bottom_0" pos="24.69" speed="23.04" angle="50.05" x="111.70" y="14.69"/>
        <vehicle id="cfm-slow_0" eclass="HBEFA3/PC_G_EU4" CO2="11428.01" CO="160.10" HC="1.01" NOx="4.85" PMx="0.25" fuel="4.91" electricity="0.00" noise="72.65" route="routebottom" type="cfm-slow" waiting="0.00" lane="bottom_0" pos="41.71" speed="19.59" angle="19.45" x="129.93" y="45.94"/>
        <vehicle id="cfm-slow_1" eclass="HBEFA3/PC_G_EU4" CO2="15180.03" CO="236.91" HC="1.45" NOx="6.62" PMx="0.35" fuel="6.53" electricity="0.00" noise="75.32" route="routebottom" type="cfm-slow" waiting="0.00" lane="right_0" pos="7.70" speed="19.97" angle="350.56" x="130.26" y="80.17"/>
        <vehicle id="cfm-slow_2" eclass="HBEFA3/PC_G_EU4" CO2="23805.65" CO="413.92" HC="2.47" NOx="10.66" PMx="0.57" fuel="10.23" electricity="0.00" noise="81.62" route="routebottom" type="cfm-slow" waiting="0.00" lane="right_0" pos="24.11" speed="21.07" angle="321.07" x="113.50" y="110.80"/>
        <vehicle id="cfm-slow_3" eclass="HBEFA3/PC_G_EU4" CO2="39031.44" CO="730.01" HC="4.29" NOx="17.78" PMx="0.97" fuel="16.78" electricity="0.00" noise="91.38" route="routebottom" type="cfm-slow" waiting="0.00" lane="right_0" pos="41.70" speed="23.66" angle="289.47" x="81.40" y="129.93"/>
        <vehicle id="cfm-slow_4" eclass="HBEFA3/PC_G_EU4" CO2="53703.00" CO="1050.49" HC="6.12" NOx="24.61" PMx="1.37" fuel="23.08" electricity="0.00" noise="97.48" route="routetop" type="cfm-slow" waiting="0.00" lane="top_0" pos="12.03" speed="28.25" angle="252.79" x="38.32" y="127.40"/>
        <vehicle id="cfm-slow_5" eclass="HBEFA3/PC_G_EU4" CO2="40719.69" CO="826.93" HC="4.79" NOx="18.36" PMx="1.06" fuel="17.50" electricity="0.00" noise="88.10" route="routetop" type="cfm-slow" waiting="0.00" lane="top_0" pos="37.12" speed="33.60" angle="207.70" x="0.61" y="90.71"/>
    </timestep>
    <timestep time="3.04">
        <vehicle id="cfm-fast_0" eclass="HBEFA3/PC_G_EU4" CO2="64900.65" CO="1348.44" HC="7.77" NOx="29.73" PMx="1.70" fuel="27.90" electricity="0.00" noise="98.99" route="routetop" type="cfm-fast" waiting="0.00" lane="left_1" pos="6.06" speed="35.70" angle="173.53" x="-0.45" y="51.27"/>
        <vehicle id="cfm-fast_1" eclass="HBEFA3/PC_G_EU4" CO2="17355.53" CO="339.50" HC="1.99" NOx="7.35" PMx="0.44" fuel="7.46" electricity="0.00" noise="77.97" route="routetop" type="cfm-fast" waiting="0.00" lane="left_0" pos="20.85" speed="32.97" angle="146.94" x="9.27" y="21.87"/>
        <vehicle id="cfm-fast_2" eclass="HBEFA3/PC_G_EU4" CO2="92584.29" CO="1934.90" HC="11.13" NOx="42.77" PMx="2.43" fuel="39.80" electricity="0.00" noise="111.03" route="routetop" type="cfm-fast" waiting="0.00" lane="left_1" pos="38.17" speed="37.00" angle="115.76" x="39.94" y="2.83"/>
        <vehicle id="cfm-fast_3" eclass="HBEFA3/PC_G_EU4" CO2="0.00" CO="0.00" HC="0.00" NOx="0.00" PMx="0.00" fuel="0.00" electricity="0.00" noise="72.33" route="routetop" type="cfm-fast" waiting="0.00" lane="left_0" pos="50.00" speed="29.06" angle="94.56" x="63.56" y="-4.95"/>
        <vehicle id="cfm-fast_4" eclass="HBEFA3/PC_G_EU4" CO2="156470.11" CO="3310.79" HC="18.99" NOx="72.83" PMx="4.13" fuel="67.26" electricity="0.00" noise="134.65" route="routebottom" type="cfm-fast" waiting="0.00" lane="bottom_1" pos="21.70" speed="41.06" angle="55.39" x="104.82" y="12.96"/>
        <vehicle id="cfm-fast_5" eclass="HBEFA3/PC_G_EU4" CO2="0.00" CO="0.00" HC="0.00" NOx="0.00" PMx="0.00" fuel="0.00" electricity="0.00" noise="69.70" route="routebottom" type="cfm-fast" waiting="0.00" lane="bottom_0" pos="24.92" speed="23.03" angle="49.62" x="112.05" y="15.04"/>
        <vehicle id="cfm-slow_0" eclass="HBEFA3/PC_G_EU4" CO2="11411.20" CO="159.73" HC="1.01" NOx="4.85" PMx="0.25" fuel="4.91" electricity="0.00" noise="72.64" route="routebottom" type="cfm-slow" waiting="0.00" lane="bottom_0" pos="41.91" speed="19.60" angle="19.09" x="130.04" y="46.35"/>
        <vehicle id="cfm-slow_1" eclass="HBEFA3/PC_G_EU4" CO2="15207.93" CO="237.46" HC="1.46" NOx="6.63" PMx="0.35" fuel="6.54" electricity="0.00" noise="75.34" route="routebottom" type="cfm-slow" waiting="0.00" lane="right_0" pos="7.90" speed="19.99" angle="350.19" x="130.15" y="80.59"/>
        <vehicle id="cfm-slow_2" eclass="HBEFA3/PC_G_EU4" CO2="23891.04" CO="415.67" HC="2.48" NOx="10.70" PMx="0.57" fuel="10.27" electricity="0.00" noise="81.67" route="routebottom" type="cfm-slow" waiting="0.00" lane="right_0" pos="24.32" speed="21.11" angle="320.73" x="113.19" y="111.14"/>
        <vehicle id="cfm-slow_3" eclass="HBEFA3/PC_G_EU4" CO2="39118.13" CO="731.91" HC="4.30" NOx="17.82" PMx="0.98" fuel="16.81" electricity="0.00" noise="91.39" route="routebottom" type="cfm-slow" waiting="0.00" lane="right_0" pos="41.94" speed="23.71" angle="289.04" x="80.91" y="130.06"/>
        <vehicle id="cfm-slow_4" eclass="HBEFA3/PC_G_EU4" CO2="53569.08" CO="1048.12" HC="6.11" NOx="24.54" PMx="1.37" fuel="23.03" electricity="0.00" noise="97.35" route="routetop" type="cfm-slow" waiting="0.00" lane="top_0" pos="12.31" speed="28.31" angle="252.28" x="37.75" y="127.18"/>
        <vehicle id="cfm-slow_5" eclass="HBEFA3/PC_G_EU4" CO2="40212.19" CO="816.87" HC="4.73" NOx="18.12" PMx="1.04" fuel="17.29" electricity="0.00" noise="87.85" route="routetop" type="cfm-slow" waiting="0.00" lane="top_0" pos="37.46" speed="33.64" angle="207.12" x="0.33" y="90.05"/>
    </timestep>
    <timestep time="3.05">
        <vehicle id="cfm-fast_0" eclass="HBEFA3/PC_G_EU4" CO2="64836.00" CO="1347.85" HC="7.76" NOx="29.70" PMx="1.70" fuel="27.87" electricity="0.00" noise="98.93" route="routetop" type="cfm-fast" waiting="0.00" lane="left_1" pos="6.42" speed="35.76" angle="172.93" x="-0.32" y="50.55"/>
        <vehicle id="cfm-fast_1" eclass="HBEFA3/PC_G_EU4" CO2="16787.95" CO="327.93" HC="1.92" NOx="7.08" PMx="0.43" fuel="7.22" electricity="0.00" noise="77.78" route="routetop" type="cfm-fast" waiting="0.00" lane="left_0" pos="21.18" speed="32.98" angle="146.33" x="9.71" y="21.31"/>
        <vehicle id="cfm-fast_2" eclass="HBEFA3/PC_G_EU4" CO2="92845.33" CO="1941.43" HC="11.16" NOx="42.89" PMx="2.44" fuel="39.91" electricity="0.00" noise="111.08" route="routetop" type="cfm-fast" waiting="0.00" lane="left_1" pos="38.54" speed="37.09" angle="115.12" x="40.64" y="2.55"/>
        <vehicle id="cfm-fast_3" eclass="HBEFA3/PC_G_EU4" CO2="0.00" CO="0.00" HC="0.00" NOx="0.00" PMx="0.00" fuel="0.00" electricity="0.00" noise="72.29" route="routebottom" type="cfm-fast" waiting="0.00" lane="bottom_0" pos="0.29" speed="29.05" angle="93.95" x="64.38" y="-4.94"/>
        <vehicle id="cfm-fast_4" eclass="HBEFA3/PC_G_EU4" CO2="157025.17" CO="3324.49" HC="19.07" NOx="73.09" PMx="4.14" fuel="67.50" electricity="0.00" noise="134.72" route="routebottom" type="cfm-fast" waiting="0.00" lane="bottom_1" pos="22.11" speed="41.19" angle="54.68" x="105.46" y="13.50"/>
        <vehicle id="cfm-fast_5" eclass="HBEFA3/PC_G_EU4" CO2="0.00" CO="0.00" HC="0.00" NOx="0.00" PMx="0.00" fuel="0.00" electricity="0.00" noise="69.68" route="routebottom" type="cfm-fast" waiting="0.00" lane="bottom_0" pos="25.15" speed="23.03" angle="49.19" x="112.40" y="15.39"/>
        <vehicle id="cfm-slow_0" eclass="HBEFA3/PC_G_EU4" CO2="11395.20" CO="159.38" HC="1.00" NOx="4.84" PMx="0.25" fuel="4.90" electricity="0.00" noise="72.63" route="routebottom" type="cfm-slow" waiting="0.00" lane="bottom_0" pos="42.10" speed="19.62" angle="18.73" x="130.15" y="46.75"/>
        <vehicle id="cfm-slow_1" eclass="HBEFA3/PC_G_EU4" CO2="15236.73" CO="238.03" HC="1.46" NOx="6.64" PMx="0.35" fuel="6.55" electricity="0.00" noise="75.36" route="routebottom" type="cfm-slow" waiting="0.00" lane="right_0" pos="8.10" speed="20.02" angle="349.83" x="130.03" y="81.00"/>
        <vehicle id="cfm-slow_2" eclass="HBEFA3/PC_G_EU4" CO2="23976.82" CO="417.44" HC="2.49" NOx="10.74" PMx="0.58" fuel="10.31" electricity="0.00" noise="81.72" route="routebottom" type="cfm-slow" waiting="0.00" lane="right_0" pos="24.54" speed="21.15" angle="320.35" x="112.87" y="111.46"/>
        <vehicle id="cfm-slow_3" eclass="HBEFA3/PC_G_EU4" CO2="39203.43" CO="733.79" HC="4.31" NOx="17.86" PMx="0.98" fuel="16.85" electricity="0.00" noise="91.41" route="routebottom" type="cfm-slow" waiting="0.00" lane="right_0" pos="42.18" speed="23.77" angle="288.61" x="80.42" y="130.19"/>
        <vehicle id="cfm-slow_4" eclass="HBEFA3/PC_G_EU4" CO2="53431.97" CO="1045.69" HC="6.09" NOx="24.47" PMx="1.36" fuel="22.97" electricity="0.00" noise="97.23" route="routetop" type="cfm-slow" waiting="0.00" lane="top_0" pos="12.59" speed="28.38" angle="251.77" x="37.18" y="126.95"/>
        <vehicle id="cfm-slow_5" eclass="HBEFA3/PC_G_EU4" CO2="39705.35" CO="806.83" HC="4.67" NOx="17.88" PMx="1.03" fuel="17.07" electricity="0.00" noise="87.59" route="routetop" type="cfm-slow" waiting="0.00" lane="top_0" pos="37.80" speed="33.68" angle="206.50" x="0.06" y="89.37"/>
    </timestep>
    <timestep time="3.06">
        <vehicle id="cfm-fast_0" eclass="HBEFA3/PC_G_EU4" CO2="64776.24" CO="1347.37" HC="7.76" NOx="29.67" PMx="1.70" fuel="27.84" electricity="0.00" noise="98.88" route="routetop" type="cfm-fast" waiting="0.00" lane="left_1" pos="6.78" speed="35.82" angle="172.26" x="-0.16" y="49.83"/>
        <vehicle id="cfm-fast_1" eclass="HBEFA3/PC_G_EU4" CO2="16225.12" CO="316.44" HC="1.85" NOx="6.82" PMx="0.41" fuel="6.97" electricity="0.00" noise="77.61" route="routetop" type="cfm-fast" waiting="0.00" lane="left_0" pos="21.51" speed="32.99" angle="145.73" x="10.14" y="20.75"/>
        <vehicle id="cfm-fast_2" eclass="HBEFA3/PC_G_EU4" CO2="93110.58" CO="1948.06" HC="11.20" NOx="43.01" PMx="2.44" fuel="40.02" electricity="0.00" noise="111.13" route="routetop" type="cfm-fast" waiting="0.00" lane="left_1" pos="38.91" speed="37.18" angle="114.44" x="41.36" y="2.29"/>
        <vehicle id="cfm-fast_3" eclass="HBEFA3/PC_G_EU4" CO2="0.00" CO="0.00" HC="0.00" NOx="0.00" PMx="0.00" fuel="0.00" electricity="0.00" noise="72.26" route="routebottom" type="cfm-fast" waiting="0.00" lane="bottom_0" pos="0.58" speed="29.04" angle="93.43" x="65.00" y="-4.92"/>
        <vehicle id="cfm-fast_4" eclass="HBEFA3/PC_G_EU4" CO2="157580.53" CO="3338.22" HC="19.14" NOx="73.35" PMx="4.16" fuel="67.74" electricity="0.00" noise="134.78" route="routebottom" type="cfm-fast" waiting="0.00" lane="bottom_1" pos="22.53" speed="41.33" angle="53.93" x="106.11" y="14.04"/>
        <vehicle id="cfm-fast_5" eclass="HBEFA3/PC_G_EU4" CO2="0.00" CO="0.00" HC="0.00" NOx="0.00" PMx="0.00" fuel="0.00" electricity="0.00" noise="69.67" route="routebottom" type="cfm-fast" waiting="0.00" lane="bottom_0" pos="25.38" speed="23.03" angle="48.77" x="112.75" y="15.74"/>
        <vehicle id="cfm-slow_0" eclass="HBEFA3/PC_G_EU4" CO2="11380.02" CO="159.05" HC="1.00" NOx="4.83" PMx="0.25" fuel="4.89" electricity="0.00" noise="72.63" route="routebottom" type="cfm-slow" waiting="0.00" lane="bottom_0" pos="42.30" speed="19.64" angle="18.42" x="130.26" y="47.16"/>
        <vehicle id="cfm-slow_1" eclass="HBEFA3/PC_G_EU4" CO2="15266.43" CO="238.62" HC="1.46" NOx="6.65" PMx="0.35" fuel="6.56" electricity="0.00" noise="75.38" route="routebottom" type="cfm-slow" waiting="0.00" lane="right_0" pos="8.31" speed="20.04" angle="349.46" x="129.92" y="81.42"/>
        <vehicle id="cfm-slow_2" eclass="HBEFA3/PC_G_EU4" CO2="24062.97" CO="419.21" HC="2.50" NOx="10.78" PMx="0.58" fuel="10.34" electricity="0.00" noise="81.77" route="routebottom" type="cfm-slow" waiting="0.00" lane="right_0" pos="24.75" speed="21.19" angle="319.95" x="112.55" y="111.78"/>
        <vehicle id="cfm-slow_3" eclass="HBEFA3/PC_G_EU4" CO2="39287.33" CO="735.65" HC="4.33" NOx="17.90" PMx="0.98" fuel="16.89" electricity="0.00" noise="91.43" route="routebottom" type="cfm-slow" waiting="0.00" lane="right_0" pos="42.42" speed="23.83" angle="288.24" x="79.92" y="130.32"/>
        <vehicle id="cfm-slow_4" eclass="HBEFA3/PC_G_EU4" CO2="53291.68" CO="1043.20" HC="6.08" NOx="24.41" PMx="1.36" fuel="22.91" electricity="0.00" noise="97.10" route="routetop" type="cfm-slow" waiting="0.00" lane="top_0" pos="12.88" speed="28.44" angle="251.31" x="36.62" y="126.72"/>
        <vehicle id="cfm-slow_5" eclass="HBEFA3/PC_G_EU4" CO2="39199.22" CO="796.79" HC="4.61" NOx="17.64" PMx="1.02" fuel="16.85" electricity="0.00" noise="87.34" route="routetop" type="cfm-slow" waiting="0.00" lane="top_0" pos="38.13" speed="33.72" angle="205.88" x="-0.21" y="88.70"/>
    </timestep>
    <timestep time="3.07">
        <vehicle id="cfm-fast_0" eclass="HBEFA3/PC_G_EU4" CO2="64721.35" CO="1346.98" HC="7.76" NOx="29.64" PMx="1.69" fuel="27.82" electricity="0.00" noise="98.82" route="routetop" type="cfm-fast" waiting="0.00" lane="left_1" pos="7.14" speed="35.88" angle="171.60" x="0.00" y="49.12"/>
        <vehicle id="cfm-fast_1" eclass="HBEFA3/PC_G_EU4" CO2="15667.06" CO="305.06" HC="1.79" NOx="6.56" PMx="0.40" fuel="6.73" electricity="0.00" noise="77.43" route="routetop" type="cfm-fast" waiting="0.00" lane="left_0" pos="21.84" speed="33.01" angle="145.18" x="10.58" y="20.19"/>
        <vehicle id="cfm-fast_2" eclass="HBEFA3/PC_G_EU4" CO2="93380.01" CO="1954.78" HC="11.24" NOx="43.14" PMx="2.45" fuel="40.14" electricity="0.00" noise="111.19" route="routetop" type="cfm-fast" waiting="0.00" lane="left_1" pos="39.29" speed="37.26" angle="113.75" x="42.08" y="2.03"/>
        <vehicle id="cfm-fast_3" eclass="HBEFA3/PC_G_EU4" CO2="0.00" CO="0.00" HC="0.00" NOx="0.00" PMx="0.00" fuel="0.00" electricity="0.00" noise="72.23" route="routebottom" type="cfm-fast" waiting="0.00" lane="bottom_0" pos="0.87" speed="29.03" angle="92.90" x="65.62" y="-4.91"/>
        <vehicle id="cfm-fast_4" eclass="HBEFA3/PC_G_EU4" CO2="158136.17" CO="3351.96" HC="19.22" NOx="73.61" PMx="4.17" fuel="67.97" electricity="0.00" noise="134.85" route="routebottom" type="cfm-fast" waiting="0.00" lane="bottom_1" pos="22.94" speed="41.47" angle="53.17" x="106.76" y="14.59"/>
        <vehicle id="cfm-fast_5" eclass="HBEFA3/PC_G_EU4" CO2="0.00" CO="0.00" HC="0.00" NOx="0.00" PMx="0.00" fuel="0.00" electricity="0.00" noise="69.66" route="routebottom" type="cfm-fast" waiting="0.00" lane="bottom_0" pos="25.61" speed="23.02" angle="48.39" x="113.10" y="16.09"/>
        <vehicle id="cfm-slow_0" eclass="HBEFA3/PC_G_EU4" CO2="11365.66" CO="158.73" HC="1.00" NOx="4.82" PMx="0.25" fuel="4.89" electricity="0.00" noise="72.62" route="routebottom" type="cfm-slow" waiting="0.00" lane="bottom_0" pos="42.49" speed="19.65" angle="18.08" x="130.36" y="47.57"/>
        <vehicle id="cfm-slow_1" eclass="HBEFA3/PC_G_EU4" CO2="15297.01" CO="239.23" HC="1.47" NOx="6.67" PMx="0.35" fuel="6.58" electricity="0.00" noise="75.40" route="routebottom" type="cfm-slow" waiting="0.00" lane="right_0" pos="8.51" speed="20.06" angle="349.09" x="129.81" y="81.84"/>
        <vehicle id="cfm-slow_2" eclass="HBEFA3/PC_G_EU4" CO2="24149.47" CO="420.99" HC="2.51" NOx="10.82" PMx="0.58" fuel="10.38" electricity="0.00" noise="81.82" route="routebottom" type="cfm-slow" waiting="0.00" lane="right_0" pos="24.96" speed="21.22" angle="319.56" x="112.23" y="112.10"/>
        <vehicle id="cfm-slow_3" eclass="HBEFA3/PC_G_EU4" CO2="39369.81" CO="737.47" HC="4.34" NOx="17.94" PMx="0.98" fuel="16.92" electricity="0.00" noise="91.45" route="routebottom" type="cfm-slow" waiting="0.00" lane="right_0" pos="42.66" speed="23.89" angle="287.80" x="79.42" y="130.43"/>
        <vehicle id="cfm-slow_4" eclass="HBEFA3/PC_G_EU4" CO2="53148.23" CO="1040.64" HC="6.06" NOx="24.34" PMx="1.36" fuel="22.85" electricity="0.00" noise="96.97" route="routetop" type="cfm-slow" waiting="0.00" lane="top_0" pos="13.16" speed="28.51" angle="250.79" x="36.06" y="126.47"/>
        <vehicle id="cfm-slow_5" eclass="HBEFA3/PC_G_EU4" CO2="38693.84" CO="786.76" HC="4.56" NOx="17.41" PMx="1.00" fuel="16.63" electricity="0.00" noise="87.10" route="routetop" type="cfm-slow" waiting="0.00" lane="top_0" pos="38.47" speed="33.75" angle="205.31" x="-0.48" y="88.03"/>
    </timestep>
    <timestep time="3.08">
        <vehicle id="cfm-fast_0" eclass="HBEFA3/PC_G_EU4" CO2="64671.32" CO="1346.69" HC="7.75" NOx="29.62" PMx="1.69" fuel="27.80" electricity="0.00" noise="98.77" route="routetop" type="cfm-fast" waiting="0.00" lane="left_1" pos="7.50" speed="35.94" angle="170.94" x="0.17" y="48.40"/>
        <vehicle id="cfm-fast_1" eclass="HBEFA3/PC_G_EU4" CO2="15113.80" CO="293.76" HC="1.72" NOx="6.29" PMx="0.38" fuel="6.50" electricity="0.00" noise="77.27" route="routetop" type="cfm-fast" waiting="0.00" lane="left_0" pos="22.17" speed="33.01" angle="144.56" x="11.04" y="19.65"/>
        <vehicle id="cfm-fast_2" eclass="HBEFA3/PC_G_EU4" CO2="93653.58" CO="1961.58" HC="11.28" NOx="43.27" PMx="2.46" fuel="40.26" electricity="0.00" noise="111.25" route="routetop" type="cfm-fast" waiting="0.00" lane="left_1" pos="39.66" speed="37.35" angle="113.09" x="42.80" y="1.77"/>
        <vehicle id="cfm-fast_3" eclass="HBEFA3/PC_G_EU4" CO2="0.00" CO="0.00" HC="0.00" NOx="0.00" PMx="0.00" fuel="0.00" electricity="0.00" noise="72.20" route="routebottom" type="cfm-fast" waiting="0.00" lane="bottom_0" pos="1.16" speed="29.02" angle="92.38" x="66.25" y="-4.89"/>
        <vehicle id="cfm-fast_4" eclass="HBEFA3/PC_G_EU4" CO2="158692.11" CO="3365.73" HC="19.30" NOx="73.87" PMx="4.19" fuel="68.21" electricity="0.00" noise="134.92" route="routebottom" type="cfm-fast" waiting="0.00" lane="bottom_1" pos="23.36" speed="41.60" angle="52.49" x="107.40" y="15.16"/>
        <vehicle id="cfm-fast_5" eclass="HBEFA3/PC_G_EU4" CO2="0.00" CO="0.00" HC="0.00" NOx="0.00" PMx="0.00" fuel="0.00" electricity="0.00" noise="69.65" route="routebottom" type="cfm-fast" waiting="0.00" lane="bottom_0" pos="25.84" speed="23.02" angle="47.98" x="113.44" y="16.46"/>
        <vehicle id="cfm-slow_0" eclass="HBEFA3/PC_G_EU4" CO2="11352.11" CO="158.44" HC="1.00" NOx="4.82" PMx="0.25" fuel="4.88" electricity="0.00" noise="72.61" route="routebottom" type="cfm-slow" waiting="0.00" lane="bottom_0" pos="42.69" speed="19.67" angle="17.72" x="130.45" y="47.99"/>
        <vehicle id="cfm-slow_1" eclass="HBEFA3/PC_G_EU4" CO2="15328.47" CO="239.86" HC="1.47" NOx="6.68" PMx="0.35" fuel="6.59" electricity="0.00" noise="75.42" route="routebottom" type="cfm-slow" waiting="0.00" lane="right_0" pos="8.71" speed="20.09" angle="348.72" x="129.70" y="82.26"/>
        <vehicle id="cfm-slow_2" eclass="HBEFA3/PC_G_EU4" CO2="24236.32" CO="422.79" HC="2.52" NOx="10.86" PMx="0.58" fuel="10.42" electricity="0.00" noise="81.87" route="routebottom" type="cfm-slow" waiting="0.00" lane="right_0" pos="25.17" speed="21.26" angle="319.16" x="111.90" y="112.43"/>
        <vehicle id="cfm-slow_3" eclass="HBEFA3/PC_G_EU4" CO2="39450.86" CO="739.27" HC="4.35" NOx="17.98" PMx="0.99" fuel="16.96" electricity="0.00" noise="91.46" route="routebottom" type="cfm-slow" waiting="0.00" lane="right_0" pos="42.89" speed="23.94" angle="287.36" x="78.92" y="130.54"/>
        <vehicle id="cfm-slow_4" eclass="HBEFA3/PC_G_EU4" CO2="53001.66" CO="1038.01" HC="6.05" NOx="24.27" PMx="1.35" fuel="22.78" electricity="0.00" noise="96.83" route="routetop" type="cfm-slow" waiting="0.00" lane="top_0" pos="13.45" speed="28.57" angle="250.26" x="35.50" y="126.22"/>
        <vehicle id="cfm-slow_5" eclass="HBEFA3/PC_G_EU4" CO2="38189.24" CO="776.74" HC="4.50" NOx="17.17" PMx="0.99" fuel="16.42" electricity="0.00" noise="86.85" route="routetop" type="cfm-slow" waiting="0.00" lane="top_0" pos="38.81" speed="33.79" angle="204.69" x="-0.72" y="87.34"/>
    </timestep>
    <timestep time="3.09">
        <vehicle id="cfm-fast_0" eclass="HBEFA3/PC_G_EU4" CO2="64626.15" CO="1346.51" HC="7.75" NOx="29.60" PMx="1.69" fuel="27.78" electricity="0.00" noise="98.72" route="routetop" type="cfm-fast" waiting="0.00" lane="left_1" pos="7.86" speed="36.00" angle="170.33" x="0.34" y="47.68"/>
        <vehicle id="cfm-fast_1" eclass="HBEFA3/PC_G_EU4" CO2="14565.34" CO="282.56" HC="1.66" NOx="6.04" PMx="0.37" fuel="6.26" electricity="0.00" noise="77.10" route="routetop" type="cfm-fast" waiting="0.00" lane="left_0" pos="22.50" speed="33.02" angle="143.94" x="11.50" y="19.11"/>
        <vehicle id="cfm-fast_2" eclass="HBEFA3/PC_G_EU4" CO2="93931.26" CO="1968.49" HC="11.32" NOx="43.40" PMx="2.47" fuel="40.38" electricity="0.00" noise="111.31" route="routetop" type="cfm-fast" waiting="0.00" lane="left_1" pos="40.03" speed="37.44" angle="112.44" x="43.53" y="1.54"/>
        <vehicle id="cfm-fast_3" eclass="HBEFA3/PC_G_EU4" CO2="0.00" CO="0.00" HC="0.00" NOx="0.00" PMx="0.00" fuel="0.00" electricity="0.00" noise="72.17" route="routebottom" type="cfm-fast" waiting="0.00" lane="bottom_0" pos="1.45" speed="29.01" angle="91.88" x="66.87" y="-4.86"/>
        <vehicle id="cfm-fast_4" eclass="HBEFA3/PC_G_EU4" CO2="159248.34" CO="3379.52" HC="19.37" NOx="74.13" PMx="4.20" fuel="68.45" electricity="0.00" noise="134.98" route="routebottom" type="cfm-fast" waiting="0.00" lane="bottom_1" pos="23.77" speed="41.74" angle="51.74" x="108.02" y="15.74"/>
        <vehicle id="cfm-fast_5" eclass="HBEFA3/PC_G_EU4" CO2="0.00" CO="0.00" HC="0.00" NOx="0.00" PMx="0.00" fuel="0.00" electricity="0.00" noise="69.64" route="routebottom" type="cfm-fast" waiting="0.00" lane="bottom_0" pos="26.07" speed="23.01" angle="47.56" x="113.78" y="16.82"/>
        <vehicle id="cfm-slow_0" eclass="HBEFA3/PC_G_EU4" CO2="11339.37" CO="158.15" HC="1.00" NOx="4.81" PMx="0.25" fuel="4.87" electricity="0.00" noise="72.60" route="routebottom" type="cfm-slow" waiting="0.00" lane="bottom_0" pos="42.89" speed="19.69" angle="17.36" x="130.54" y="48.40"/>
        <vehicle id="cfm-slow_1" eclass="HBEFA3/PC_G_EU4" CO2="15360.80" CO="240.50" HC="1.47" NOx="6.70" PMx="0.35" fuel="6.60" electricity="0.00" noise="75.44" route="routebottom" type="cfm-slow" waiting="0.00" lane="right_0" pos="8.91" speed="20.11" angle="348.40" x="129.59" y="82.67"/>
        <vehicle id="cfm-slow_2" eclass="HBEFA3/PC_G_EU4" CO2="24323.48" CO="424.58" HC="2.53" NOx="10.90" PMx="0.59" fuel="10.46" electricity="0.00" noise="81.92" route="routebottom" type="cfm-slow" waiting="0.00" lane="right_0" pos="25.39" speed="21.30" angle="318.77" x="111.58" y="112.75"/>
        <vehicle id="cfm-slow_3" eclass="HBEFA3/PC_G_EU4" CO2="39530.45" CO="741.05" HC="4.36" NOx="18.01" PMx="0.99" fuel="16.99" electricity="0.00" noise="91.47" route="routebottom" type="cfm-slow" waiting="0.00" lane="right_0" pos="43.13" speed="24.00" angle="286.93" x="78.41" y="130.66"/>
        <vehicle id="cfm-slow_4" eclass="HBEFA3/PC_G_EU4" CO2="52851.99" CO="1035.33" HC="6.03" NOx="24.20" PMx="1.35" fuel="22.72" electricity="0.00" noise="96.70" route="routetop" type="cfm-slow" waiting="0.00" lane="top_0" pos="13.73" speed="28.64" angle="249.74" x="34.93" y="125.97"/>
        <vehicle id="cfm-slow_5" eclass="HBEFA3/PC_G_EU4" CO2="37685.48" CO="766.74" HC="4.44" NOx="16.93" PMx="0.98" fuel="16.20" electricity="0.00" noise="86.61" route="routetop" type="cfm-slow" waiting="0.00" lane="top_0" pos="39.15" speed="33.82" angle="204.07" x="-0.97" y="86.66"/>
    </timestep>
    <timestep time="3.10">
        <vehicle id="cfm-fast_0" eclass="HBEFA3/PC_G_EU4" CO2="64585.81" CO="1346.43" HC="7.75" NOx="29.58" PMx="1.69" fuel="27.76" electricity="0.00" noise="98.68" route="routetop" type="cfm-fast" waiting="0.00" lane="left_1" pos="8.22" speed="36.06" angle="169.66" x="0.53" y="46.97"/>
        <vehicle id="cfm-fast_1" eclass="HBEFA3/PC_G_EU4" CO2="14021.70" CO="271.45" HC="1.59" NOx="5.78" PMx="0.36" fuel="6.03" electricity="0.00" noise="76.95" route="routetop" type="cfm-fast" waiting="0.00" lane="left_0" pos="22.83" speed="33.03" angle="143.33" x="11.96" y="18.57"/>
        <vehicle id="cfm-fast_2" eclass="HBEFA3/PC_G_EU4" CO2="94213.01" CO="1975.48" HC="11.35" NOx="43.53" PMx="2.48" fuel="40.50" electricity="0.00" noise="111.37" route="routetop" type="cfm-fast" waiting="0.00" lane="left_1" pos="40.41" speed="37.52" angle="111.74" x="44.27" y="1.31"/>
        <vehicle id="cfm-fast_3" eclass="HBEFA3/PC_G_EU4" CO2="0.00" CO="0.00" HC="0.00" NOx="0.00" PMx="0.00" fuel="0.00" electricity="0.00" noise="72.14" route="routebottom" type="cfm-fast" waiting="0.00" lane="bottom_0" pos="1.74" speed="29.00" angle="91.36" x="67.49" y="-4.83"/>
        <vehicle id="cfm-fast_4" eclass="HBEFA3/PC_G_EU4" CO2="159804.87" CO="3393.33" HC="19.45" NOx="74.39" PMx="4.22" fuel="68.69" electricity="0.00" noise="135.05" route="routebottom" type="cfm-fast" waiting="0.00" lane="bottom_1" pos="24.19" speed="41.88" angle="50.99" x="108.66" y="16.33"/>
        <vehicle id="cfm-fast_5" eclass="HBEFA3/PC_G_EU4" CO2="0.00" CO="0.00" HC="0.00" NOx="0.00" PMx="0.00" fuel="0.00" electricity="0.00" noise="69.62" route="routebottom" type="cfm-fast" waiting="0.00" lane="bottom_0" pos="26.30" speed="23.01" angle="47.14" x="114.11" y="17.18"/>
        <vehicle id="cfm-slow_0" eclass="HBEFA3/PC_G_EU4" CO2="11327.44" CO="157.89" HC="1.00" NOx="4.80" PMx="0.25" fuel="4.87" electricity="0.00" noise="72.60" route="routebottom" type="cfm-slow" waiting="0.00" lane="bottom_0" pos="43.08" speed="19.70" angle="17.00" x="130.64" y="48.81"/>
        <vehicle id="cfm-slow_1" eclass="HBEFA3/PC_G_EU4" CO2="15393.99" CO="241.17" HC="1.48" NOx="6.71" PMx="0.35" fuel="6.62" electricity="0.00" noise="75.47" route="routebottom" type="cfm-slow" waiting="0.00" lane="right_0" pos="9.11" speed="20.13" angle="348.05" x="129.46" y="83.09"/>
        <vehicle id="cfm-slow_2" eclass="HBEFA3/PC_G_EU4" CO2="24410.95" CO="426.39" HC="2.55" NOx="10.94" PMx="0.59" fuel="10.49" electricity="0.00" noise="81.97" route="routebottom" type="cfm-slow" waiting="0.00" lane="right_0" pos="25.60" speed="21.34" angle="318.42" x="111.25" y="113.08"/>
        <vehicle id="cfm-slow_3" eclass="HBEFA3/PC_G_EU4" CO2="39608.57" CO="742.79" HC="4.37" NOx="18.05" PMx="0.99" fuel="17.03" electricity="0.00" noise="91.49" route="routebottom" type="cfm-slow" waiting="0.00" lane="right_0" pos="43.38" speed="24.06" angle="286.49" x="77.91" y="130.77"/>
        <vehicle id="cfm-slow_4" eclass="HBEFA3/PC_G_EU4" CO2="52699.24" CO="1032.58" HC="6.02" NOx="24.12" PMx="1.35" fuel="22.65" electricity="0.00" noise="96.57" route="routetop" type="cfm-slow" waiting="0.00" lane="top_0" pos="14.02" speed="28.70" angle="249.25" x="34.37" y="125.71"/>
        <vehicle id="cfm-slow_5" eclass="HBEFA3/PC_G_EU4" CO2="37182.60" CO="756.74" HC="4.38" NOx="16.69" PMx="0.96" fuel="15.98" electricity="0.00" noise="86.37" route="routetop" type="cfm-slow" waiting="0.00" lane="top_0" pos="39.48" speed="33.85" angle="203.44" x="-1.21" y="85.97"/>
    </timestep>
    <timestep time="3.11">
        <vehicle id="cfm-fast_0" eclass="HBEFA3/PC_G_EU4" CO2="64550.31" CO="1346.44" HC="7.75" NOx="29.56" PMx="1.69" fuel="27.75" electricity="0.00" noise="98.63" route="routetop" type="cfm-fast" waiting="0.00" lane="left_1" pos="8.58" speed="36.12" angle="168.98" x="0.73" y="46.25"/>
        <vehicle id="cfm-fast_1" eclass="HBEFA3/PC_G_EU4" CO2="13482.90" CO="260.43" HC="1.53" NOx="5.52" PMx="0.34" fuel="5.80" electricity="0.00" noise="76.80" route="routetop" type="cfm-fast" waiting="0.00" lane="left_0" pos="23.16" speed="33.04" angle="142.79" x="12.43" y="18.03"/>
        <vehicle id="cfm-fast_2" eclass="HBEFA3/PC_G_EU4" CO2="94498.80" CO="1982.56" HC="11.39" NOx="43.66" PMx="2.48" fuel="40.62" electricity="0.00" noise="111.43" route="routetop" type="cfm-fast" waiting="0.00" lane="left_1" pos="40.79" speed="37.61" angle="111.04" x="45.00" y="1.08"/>
        <vehicle id="cfm-fast_3" eclass="HBEFA3/PC_G_EU4" CO2="0.00" CO="0.00" HC="0.00" NOx="0.00" PMx="0.00" fuel="0.00" electricity="0.00" noise="72.12" route="routebottom" type="cfm-fast" waiting="0.00" lane="bottom_0" pos="2.03" speed="28.98" angle="90.84" x="68.12" y="-4.79"/>
        <vehicle id="cfm-fast_4" eclass="HBEFA3/PC_G_EU4" CO2="160361.68" CO="3407.17" HC="19.53" NOx="74.65" PMx="4.24" fuel="68.93" electricity="0.00" noise="135.11" route="routebottom" type="cfm-fast" waiting="0.00" lane="bottom_1" pos="24.61" speed="42.01" angle="50.26" x="109.27" y="16.93"/>
        <vehicle id="cfm-fast_5" eclass="HBEFA3/PC_G_EU4" CO2="0.00" CO="0.00" HC="0.00" NOx="0.00" PMx="0.00" fuel="0.00" electricity="0.00" noise="69.61" route="routebottom" type="cfm-fast" waiting="0.00" lane="bottom_0" pos="26.53" speed="23.00" angle="46.72" x="114.45" y="17.55"/>
        <vehicle id="cfm-slow_0" eclass="HBEFA3/PC_G_EU4" CO2="11316.31" CO="157.64" HC="0.99" NOx="4.80" PMx="0.25" fuel="4.86" electricity="0.00" noise="72.59" route="routebottom" type="cfm-slow" waiting="0.00" lane="bottom_0" pos="43.28" speed="19.72" angle="16.65" x="130.73" y="49.23"/>
        <vehicle id="cfm-slow_1" eclass="HBEFA3/PC_G_EU4" CO2="15428.04" CO="241.85" HC="1.48" NOx="6.73" PMx="0.35" fuel="6.63" electricity="0.00" noise="75.49" route="routebottom" type="cfm-slow" waiting="0.00" lane="right_0" pos="9.31" speed="20.16" angle="347.69" x="129.33" y="83.50"/>
        <vehicle id="cfm-slow_2" eclass="HBEFA3/PC_G_EU4" CO2="24498.71" CO="428.20" HC="2.56" NOx="10.98" PMx="0.59" fuel="10.53" electricity="0.00" noise="82.02" route="routebottom" type="cfm-slow" waiting="0.00" lane="right_0" pos="25.81" speed="21.37" angle="318.04" x="110.92" y="113.39"/>
        <vehicle id="cfm-slow_3" eclass="HBEFA3/PC_G_EU4" CO2="39685.19" CO="744.51" HC="4.38" NOx="18.08" PMx="0.99" fuel="17.06" electricity="0.00" noise="91.50" route="routebottom" type="cfm-slow" waiting="0.00" lane="right_0" pos="43.62" speed="24.11" angle="286.10" x="77.40" y="130.89"/>
        <vehicle id="cfm-slow_4" eclass="HBEFA3/PC_G_EU4" CO2="52543.43" CO="1029.77" HC="6.00" NOx="24.05" PMx="1.34" fuel="22.59" electricity="0.00" noise="96.44" route="routetop" type="cfm-slow" waiting="0.00" lane="top_0" pos="14.31" speed="28.76" angle="248.74" x="33.81" y="125.44"/>
        <vehicle id="cfm-slow_5" eclass="HBEFA3/PC_G_EU4" CO2="36680.62" CO="746.76" HC="4.32" NOx="16.45" PMx="0.95" fuel="15.77" electricity="0.00" noise="86.13" route="routetop" type="cfm-slow" waiting="0.00" lane="top_0" pos="39.82" speed="33.89" angle="202.88" x="-1.46" y="85.28"/>
    </timestep>
    <timestep time="3.12">
        <vehicle id="cfm-fast_0" eclass="HBEFA3/PC_G_EU4" CO2="64519.63" CO="1346.56" HC="7.75" NOx="29.54" PMx="1.69" fuel="27.73" electricity="0.00" noise="98.59" route="routetop" type="cfm-fast" waiting="0.00" lane="left_1" pos="8.94" speed="36.18" angle="168.36" x="0.92" y="45.53"/>
        <vehicle id="cfm-fast_1" eclass="HBEFA3/PC_G_EU4" CO2="12948.94" CO="249.51" HC="1.47" NOx="5.27" PMx="0.33" fuel="5.57" electricity="0.00" noise="76.65" route="routetop" type="cfm-fast" waiting="0.00" lane="left_0" pos="23.49" speed="33.05" angle="142.19" x="12.91" y="17.51"/>
        <vehicle id="cfm-fast_2" eclass="HBEFA3/PC_G_EU4" CO2="94788.59" CO="1989.73" HC="11.43" NOx="43.79" PMx="2.49" fuel="40.74" electricity="0.00" noise="111.50" route="routetop" type="cfm-fast" waiting="0.00" lane="left_1" pos="41.16" speed="37.70" angle="110.40" x="45.74" y="0.86"/>
        <vehicle id="cfm-fast_3" eclass="HBEFA3/PC_G_EU4" CO2="0.00" CO="0.00" HC="0.00" NOx="0.00" PMx="0.00" fuel="0.00" electricity="0.00" noise="72.09" route="routebottom" type="cfm-fast" waiting="0.00" lane="bottom_0" pos="2.32" speed="28.97" angle="90.32" x="68.74" y="-4.76"/>
        <vehicle id="cfm-fast_4" eclass="HBEFA3/PC_G_EU4" CO2="160918.79" CO="3421.02" HC="19.60" NOx="74.91" PMx="4.25" fuel="69.17" electricity="0.00" noise="135.18" route="routebottom" type="cfm-fast" waiting="0.00" lane="bottom_1" pos="25.03" speed="42.15" angle="49.46" x="109.88" y="17.54"/>
        <vehicle id="cfm-fast_5" eclass="HBEFA3/PC_G_EU4" CO2="0.00" CO="0.00" HC="0.00" NOx="0.00" PMx="0.00" fuel="0.00" electricity="0.00" noise="69.60" route="routebottom" type="cfm-fast" waiting="0.00" lane="bottom_0" pos="26.76" speed="23.00" angle="46.30" x="114.79" y="17.91"/>
        <vehicle id="cfm-slow_0" eclass="HBEFA3/PC_G_EU4" CO2="11306.00" CO="157.41" HC="0.99" NOx="4.79" PMx="0.24" fuel="4.86" electricity="0.00" noise="72.59" route="routebottom" type="cfm-slow" waiting="0.00" lane="bottom_0" pos="43.48" speed="19.73" angle="16.29" x="130.82" y="49.64"/>
        <vehicle id="cfm-slow_1" eclass="HBEFA3/PC_G_EU4" CO2="15462.94" CO="242.55" HC="1.48" NOx="6.74" PMx="0.35" fuel="6.65" electricity="0.00" noise="75.51" route="routebottom" type="cfm-slow" waiting="0.00" lane="right_0" pos="9.51" speed="20.18" angle="347.32" x="129.21" y="83.92"/>
        <vehicle id="cfm-slow_2" eclass="HBEFA3/PC_G_EU4" CO2="24586.75" CO="430.02" HC="2.57" NOx="11.02" PMx="0.59" fuel="10.57" electricity="0.00" noise="82.07" route="routebottom" type="cfm-slow" waiting="0.00" lane="right_0" pos="26.03" speed="21.41" angle="317.65" x="110.58" y="113.70"/>
        <vehicle id="cfm-slow_3" eclass="HBEFA3/PC_G_EU4" CO2="39760.32" CO="746.19" HC="4.39" NOx="18.12" PMx="0.99" fuel="17.09" electricity="0.00" noise="91.51" route="routebottom" type="cfm-slow" waiting="0.00" lane="right_0" pos="43.86" speed="24.17" angle="285.64" x="76.89" y="130.98"/>
        <vehicle id="cfm-slow_4" eclass="HBEFA3/PC_G_EU4" CO2="52384.60" CO="1026.90" HC="5.98" NOx="23.97" PMx="1.34" fuel="22.52" electricity="0.00" noise="96.30" route="routetop" type="cfm-slow" waiting="0.00" lane="top_0" pos="14.60" speed="28.82" angle="248.19" x="33.26" y="125.16"/>
        <vehicle id="cfm-slow_5" eclass="HBEFA3/PC_G_EU4" CO2="36179.60" CO="736.80" HC="4.27" NOx="16.22" PMx="0.94" fuel="15.55" electricity="0.00" noise="85.89" route="routetop" type="cfm-slow" waiting="0.00" lane="top_0" pos="40.16" speed="33.92" angle="202.25" x="-1.67" y="84.59"/>
    </timestep>
    <timestep time="3.13">
        <vehicle id="cfm-fast_0" eclass="HBEFA3/PC_G_EU4" CO2="64493.76" CO="1346.78" HC="7.75" NOx="29.53" PMx="1.69" fuel="27.72" electricity="0.00" noise="98.55" route="routetop" type="cfm-fast" waiting="0.00" lane="left_1" pos="9.31" speed="36.24" angle="167.71" x="1.14" y="44.82"/>
        <vehicle id="cfm-fast_1" eclass="HBEFA3/PC_G_EU4" CO2="12419.85" CO="238.68" HC="1.41" NOx="5.02" PMx="0.31" fuel="5.34" electricity="0.00" noise="76.52" route="routetop" type="cfm-fast" waiting="0.00" lane="left_0" pos="23.82" speed="33.05" angle="141.60" x="13.39" y="16.98"/>
        <vehicle id="cfm-fast_2" eclass="HBEFA3/PC_G_EU4" CO2="95082.35" CO="1996.99" HC="11.47" NOx="43.93" PMx="2.50" fuel="40.87" electricity="0.00" noise="111.56" route="routetop" type="cfm-fast" waiting="0.00" lane="left_1" pos="41.54" speed="37.79" angle="109.71" x="46.49" y="0.66"/>
        <vehicle id="cfm-fast_3" eclass="HBEFA3/PC_G_EU4" CO2="0.00" CO="0.00" HC="0.00" NOx="0.00" PMx="0.00" fuel="0.00" electricity="0.00" noise="72.07" route="routebottom" type="cfm-fast" waiting="0.00" lane="bottom_0" pos="2.61" speed="28.96" angle="89.82" x="69.36" y="-4.71"/>
        <vehicle id="cfm-fast_4" eclass="HBEFA3/PC_G_EU4" CO2="161476.19" CO="3434.90" HC="19.68" NOx="75.17" PMx="4.27" fuel="69.41" electricity="0.00" noise="135.24" route="routebottom" type="cfm-fast" waiting="0.00" lane="bottom_1" pos="25.46" speed="42.28" angle="48.66" x="110.49" y="18.15"/>
        <vehicle id="cfm-fast_5" eclass="HBEFA3/PC_G_EU4" CO2="0.00" CO="0.00" HC="0.00" NOx="0.00" PMx="0.00" fuel="0.00" electricity="0.00" noise="69.59" route="routebottom" type="cfm-fast" waiting="0.00" lane="bottom_0" pos="26.99" speed="22.99" angle="45.95" x="115.12" y="18.28"/>
        <vehicle id="cfm-slow_0" eclass="HBEFA3/PC_G_EU4" CO2="11296.48" CO="157.19" HC="0.99" NOx="4.79" PMx="0.24" fuel="4.86" electricity="0.00" noise="72.58" route="routebottom" type="cfm-slow" waiting="0.00" lane="bottom_0" pos="43.68" speed="19.75" angle="15.98" x="130.91" y="50.06"/>
        <vehicle id="cfm-slow_1" eclass="HBEFA3/PC_G_EU4" CO2="15498.67" CO="243.26" HC="1.49" NOx="6.76" PMx="0.35" fuel="6.66" electricity="0.00" noise="75.54" route="routebottom" type="cfm-slow" waiting="0.00" lane="right_0" pos="9.71" speed="20.20" angle="346.96" x="129.08" y="84.33"/>
        <vehicle id="cfm-slow_2" eclass="HBEFA3/PC_G_EU4" CO2="24675.03" CO="431.85" HC="2.58" NOx="11.06" PMx="0.60" fuel="10.61" electricity="0.00" noise="82.12" route="routebottom" type="cfm-slow" waiting="0.00" lane="right_0" pos="26.24" speed="21.45" angle="317.26" x="110.24" y="114.02"/>
        <vehicle id="cfm-slow_3" eclass="HBEFA3/PC_G_EU4" CO2="39833.92" CO="747.85" HC="4.39" NOx="18.15" PMx="1.00" fuel="17.12" electricity="0.00" noise="91.52" route="routebottom" type="cfm-slow" waiting="0.00" lane="right_0" pos="44.10" speed="24.23" angle="285.18" x="76.38" y="131.07"/>
        <vehicle id="cfm-slow_4" eclass="HBEFA3/PC_G_EU4" CO2="52222.76" CO="1023.97" HC="5.97" NOx="23.89" PMx="1.33" fuel="22.45" electricity="0.00" noise="96.17" route="routetop" type="cfm-slow" waiting="0.00" lane="top_0" pos="14.89" speed="28.89" angle="247.63" x="32.71" y="124.88"/>
        <vehicle id="cfm-slow_5" eclass="HBEFA3/PC_G_EU4" CO2="35679.58" CO="726.84" HC="4.21" NOx="15.98" PMx="0.93" fuel="15.34" electricity="0.00" noise="85.65" route="routetop" type="cfm-slow" waiting="0.00" lane="top_0" pos="40.50" speed="33.95" angle="201.62" x="-1.89" y="83.89"/>
    </timestep>
    <timestep time="3.14">
        <vehicle id="cfm-fast_0" eclass="HBEFA3/PC_G_EU4" CO2="64472.68" CO="1347.09" HC="7.75" NOx="29.52" PMx="1.69" fuel="27.71" electricity="0.00" noise="98.52" route="routetop" type="cfm-fast" waiting="0.00" lane="left_1" pos="9.67" speed="36.30" angle="167.04" x="1.36" y="44.11"/>
        <vehicle id="cfm-fast_1" eclass="HBEFA3/PC_G_EU4" CO2="11895.62" CO="227.94" HC="1.34" NOx="4.77" PMx="0.30" fuel="5.11" electricity="0.00" noise="76.38" route="routetop" type="cfm-fast" waiting="0.00" lane="left_0" pos="24.15" speed="33.06" angle="141.00" x="13.88" y="16.46"/>
        <vehicle id="cfm-fast_2" eclass="HBEFA3/PC_G_EU4" CO2="95380.05" CO="2004.34" HC="11.52" NOx="44.07" PMx="2.51" fuel="41.00" electricity="0.00" noise="111.63" route="routetop" type="cfm-fast" waiting="0.00" lane="left_1" pos="41.92" speed="37.87" angle="109.02" x="47.24" y="0.46"/>
        <vehicle id="cfm-fast_3" eclass="HBEFA3/PC_G_EU4" CO2="0.00" CO="0.00" HC="0.00" NOx="0.00" PMx="0.00" fuel="0.00" electricity="0.00" noise="72.04" route="routebottom" type="cfm-fast" waiting="0.00" lane="bottom_0" pos="2.90" speed="28.94" angle="89.30" x="69.98" y="-4.65"/>
        <vehicle id="cfm-fast_4" eclass="HBEFA3/PC_G_EU4" CO2="162033.88" CO="3448.80" HC="19.76" NOx="75.43" PMx="4.28" fuel="69.65" electricity="0.00" noise="135.31" route="routebottom" type="cfm-fast" waiting="0.00" lane="bottom_1" pos="25.88" speed="42.42" angle="47.94" x="111.10" y="18.78"/>
        <vehicle id="cfm-fast_5" eclass="HBEFA3/PC_G_EU4" CO2="0.00" CO="0.00" HC="0.00" NOx="0.00" PMx="0.00" fuel="0.00" electricity="0.00" noise="69.58" route="routebottom" type="cfm-fast" waiting="0.00" lane="bottom_0" pos="27.22" speed="22.99" angle="45.52" x="115.44" y="18.65"/>
        <vehicle id="cfm-slow_0" eclass="HBEFA3/PC_G_EU4" CO2="11287.76" CO="157.00" HC="0.99" NOx="4.78" PMx="0.24" fuel="4.85" electricity="0.00" noise="72.58" route="routebottom" type="cfm-slow" waiting="0.00" lane="bottom_0" pos="43.87" speed="19.77" angle="15.61" x="130.99" y="50.47"/>
        <vehicle id="cfm-slow_1" eclass="HBEFA3/PC_G_EU4" CO2="15535.24" CO="244.00" HC="1.49" NOx="6.78" PMx="0.36" fuel="6.68" electricity="0.00" noise="75.56" route="routebottom" type="cfm-slow" waiting="0.00" lane="right_0" pos="9.92" speed="20.23" angle="346.60" x="128.95" y="84.75"/>
        <vehicle id="cfm-slow_2" eclass="HBEFA3/PC_G_EU4" CO2="24763.56" CO="433.68" HC="2.59" NOx="11.10" PMx="0.60" fuel="10.64" electricity="0.00" noise="82.17" route="routebottom" type="cfm-slow" waiting="0.00" lane="right_0" pos="26.46" speed="21.49" angle="316.87" x="109.90" y="114.33"/>
        <vehicle id="cfm-slow_3" eclass="HBEFA3/PC_G_EU4" CO2="39905.98" CO="749.48" HC="4.40" NOx="18.18" PMx="1.00" fuel="17.15" electricity="0.00" noise="91.53" route="routebottom" type="cfm-slow" waiting="0.00" lane="right_0" pos="44.34" speed="24.28" angle="284.72" x="75.86" y="131.17"/>
        <vehicle id="cfm-slow_4" eclass="HBEFA3/PC_G_EU4" CO2="52057.95" CO="1020.98" HC="5.95" NOx="23.81" PMx="1.33" fuel="22.38" electricity="0.00" noise="96.03" route="routetop" type="cfm-slow" waiting="0.00" lane="top_0" pos="15.18" speed="28.95" angle="247.08" x="32.15" y="124.60"/>
        <vehicle id="cfm-slow_5" eclass="HBEFA3/PC_G_EU4" CO2="35180.59" CO="716.91" HC="4.15" NOx="15.74" PMx="0.91" fuel="15.12" electricity="0.00" noise="85.42" route="routetop" type="cfm-slow" waiting="0.00" lane="top_0" pos="40.84" speed="33.98" angle="200.98" x="-2.10" y="83.19"/>
    </timestep>
    <timestep time="3.15">
        <vehicle id="cfm-fast_0" eclass="HBEFA3/PC_G_EU4" CO2="64456.39" CO="1347.51" HC="7.75" NOx="29.51" PMx="1.69" fuel="27.71" electricity="0.00" noise="98.48" route="routetop" type="cfm-fast" waiting="0.00" lane="left_1" pos="10.03" speed="36.36" angle="166.38" x="1.58" y="43.40"/>
        <vehicle id="cfm-fast_1" eclass="HBEFA3/PC_G_EU4" CO2="11376.27" CO="217.30" HC="1.28" NOx="4.53" PMx="0.29" fuel="4.89" electricity="0.00" noise="76.25" route="routetop" type="cfm-fast" waiting="0.00" lane="left_0" pos="24.48" speed="33.06" angle="140.46" x="14.37" y="15.94"/>
        <vehicle id="cfm-fast_2" eclass="HBEFA3/PC_G_EU4" CO2="95681.64" CO="2011.78" HC="11.56" NOx="44.21" PMx="2.52" fuel="41.13" electricity="0.00" noise="111.70" route="routetop" type="cfm-fast" waiting="0.00" lane="left_1" pos="42.30" speed="37.96" angle="108.38" x="47.99" y="0.26"/>
        <vehicle id="cfm-fast_3" eclass="HBEFA3/PC_G_EU4" CO2="0.00" CO="0.00" HC="0.00" NOx="0.00" PMx="0.00" fuel="0.00" electricity="0.00" noise="72.02" route="routebottom" type="cfm-fast" waiting="0.00" lane="bottom_0" pos="3.18" speed="28.93" angle="88.78" x="70.60" y="-4.59"/>
        <vehicle id="cfm-fast_4" eclass="HBEFA3/PC_G_EU4" CO2="162591.86" CO="3462.72" HC="19.84" NOx="75.69" PMx="4.30" fuel="69.89" electricity="0.00" noise="135.38" route="routebottom" type="cfm-fast" waiting="0.00" lane="bottom_1" pos="26.31" speed="42.56" angle="47.16" x="111.69" y="19.42"/>
        <vehicle id="cfm-fast_5" eclass="HBEFA3/PC_G_EU4" CO2="0.00" CO="0.00" HC="0.00" NOx="0.00" PMx="0.00" fuel="0.00" electricity="0.00" noise="69.57" route="routebottom" type="cfm-fast" waiting="0.00" lane="bottom_0" pos="27.45" speed="22.98" angle="45.09" x="115.76" y="19.03"/>
        <vehicle id="cfm-slow_0" eclass="HBEFA3/PC_G_EU4" CO2="11279.84" CO="156.82" HC="0.99" NOx="4.78" PMx="0.24" fuel="4.85" electricity="0.00" noise="72.58" route="routebottom" type="cfm-slow" waiting="0.00" lane="bottom_0" pos="44.07" speed="19.78" angle="15.23" x="131.07" y="50.89"/>
        <vehicle id="cfm-slow_1" eclass="HBEFA3/PC_G_EU4" CO2="15572.63" CO="244.75" HC="1.50" NOx="6.79" PMx="0.36" fuel="6.69" electricity="0.00" noise="75.59" route="routebottom" type="cfm-slow" waiting="0.00" lane="right_0" pos="10.12" speed="20.25" angle="346.24" x="128.82" y="85.17"/>
        <vehicle id="cfm-slow_2" eclass="HBEFA3/PC_G_EU4" CO2="24852.31" CO="435.52" HC="2.60" NOx="11.14" PMx="0.60" fuel="10.68" electricity="0.00" noise="82.23" route="routebottom" type="cfm-slow" waiting="0.00" lane="right_0" pos="26.67" speed="21.53" angle="316.48" x="109.56" y="114.65"/>
        <vehicle id="cfm-slow_3" eclass="HBEFA3/PC_G_EU4" CO2="39976.49" CO="751.08" HC="4.41" NOx="18.22" PMx="1.00" fuel="17.18" electricity="0.00" noise="91.54" route="routebottom" type="cfm-slow" waiting="0.00" lane="right_0" pos="44.59" speed="24.34" angle="284.25" x="75.35" y="131.26"/>
        <vehicle id="cfm-slow_4" eclass="HBEFA3/PC_G_EU4" CO2="51890.18" CO="1017.93" HC="5.93" NOx="23.73" PMx="1.33" fuel="22.30" electricity="0.00" noise="95.89" route="routetop" type="cfm-slow" waiting="0.00" lane="top_0" pos="15.47" speed="29.01" angle="246.61" x="31.59" y="124.31"/>
        <vehicle id="cfm-slow_5" eclass="HBEFA3/PC_G_EU4" CO2="34682.67" CO="706.99" HC="4.09" NOx="15.51" PMx="0.90" fuel="14.91" electricity="0.00" noise="85.18" route="routetop" type="cfm-slow" waiting="0.00" lane="top_0" pos="41.18" speed="34.02" angle="200.41" x="-2.31" y="82.49"/>
    </timestep>
    <timestep time="3.16">
        <vehicle id="cfm-fast_0" eclass="HBEFA3/PC_G_EU4" CO2="64444.86" CO="1348.03" HC="7.76" NOx="29.50" PMx="1.69" fuel="27.70" electricity="0.00" noise="98.45" route="routetop" type="cfm-fast" waiting="0.00" lane="left_1" pos="10.40" speed="36.42" angle="165.77" x="1.81" y="42.69"/>
        <vehicle id="cfm-fast_1" eclass="HBEFA3/PC_G_EU4" CO2="10861.81" CO="206.75" HC="1.22" NOx="4.29" PMx="0.27" fuel="4.67" electricity="0.00" noise="76.13" route="routetop" type="cfm-fast" waiting="0.00" lane="left_0" pos="24.81" speed="33.07" angle="139.85" x="14.87" y="15.44"/>
        <vehicle id="cfm-fast_2" eclass="HBEFA3/PC_G_EU4" CO2="95987.10" CO="2019.30" HC="11.60" NOx="44.35" PMx="2.52" fuel="41.26" electricity="0.00" noise="111.77" route="routetop" type="cfm-fast" waiting="0.00" lane="left_1" pos="42.68" speed="38.05" angle="107.70" x="48.76" y="0.09"/>
        <vehicle id="cfm-fast_3" eclass="HBEFA3/PC_G_EU4" CO2="0.00" CO="0.00" HC="0.00" NOx="0.00" PMx="0.00" fuel="0.00" electricity="0.00" noise="71.99" route="routebottom" type="cfm-fast" waiting="0.00" lane="bottom_0" pos="3.47" speed="28.91" angle="88.26" x="71.22" y="-4.52"/>
        <vehicle id="cfm-fast_4" eclass="HBEFA3/PC_G_EU4" CO2="163150.14" CO="3476.66" HC="19.91" NOx="75.96" PMx="4.31" fuel="70.13" electricity="0.00" noise="135.44" route="routebottom" type="cfm-fast" waiting="0.00" lane="bottom_1" pos="26.73" speed="42.69" angle="46.39" x="112.28" y="20.06"/>
        <vehicle id="cfm-fast_5" eclass="HBEFA3/PC_G_EU4" CO2="0.00" CO="0.00" HC="0.00" NOx="0.00" PMx="0.00" fuel="0.00" electricity="0.00" noise="69.56" route="routebottom" type="cfm-fast" waiting="0.00" lane="bottom_0" pos="27.68" speed="22.98" angle="44.66" x="116.08" y="19.41"/>
        <vehicle id="cfm-slow_0" eclass="HBEFA3/PC_G_EU4" CO2="11272.72" CO="156.65" HC="0.99" NOx="4.78" PMx="0.24" fuel="4.85" electricity="0.00" noise="72.57" route="routebottom" type="cfm-slow" waiting="0.00" lane="bottom_0" pos="44.27" speed="19.80" angle="14.86" x="131.14" y="51.31"/>
        <vehicle id="cfm-slow_1" eclass="HBEFA3/PC_G_EU4" CO2="15610.83" CO="245.52" HC="1.50" NOx="6.81" PMx="0.36" fuel="6.71" electricity="0.00" noise="75.61" route="routebottom" type="cfm-slow" waiting="0.00" lane="right_0" pos="10.32" speed="20.27" angle="345.92" x="128.69" y="85.58"/>
        <vehicle id="cfm-slow_2" eclass="HBEFA3/PC_G_EU4" CO2="24941.27" CO="437.37" HC="2.61" NOx="11.18" PMx="0.60" fuel="10.72" electricity="0.00" noise="82.28" route="routebottom" type="cfm-slow" waiting="0.00" lane="right_0" pos="26.89" speed="21.56" angle="316.13" x="109.22" y="114.96"/>
        <vehicle id="cfm-slow_3" eclass="HBEFA3/PC_G_EU4" CO2="40045.43" CO="752.66" HC="4.42" NOx="18.25" PMx="1.00" fuel="17.21" electricity="0.00" noise="91.55" route="routebottom" type="cfm-slow" waiting="0.00" lane="right_0" pos="44.83" speed="24.39" angle="283.82" x="74.83" y="131.36"/>
        <vehicle id="cfm-slow_4" eclass="HBEFA3/PC_G_EU4" CO2="51719.49" CO="1014.81" HC="5.91" NOx="23.65" PMx="1.32" fuel="22.23" electricity="0.00" noise="95.76" route="routetop" type="cfm-slow" waiting="0.00" lane="top_0" pos="15.76" speed="29.07" angle="246.09" x="31.05" y="124.01"/>
        <vehicle id="cfm-slow_5" eclass="HBEFA3/PC_G_EU4" CO2="34185.86" CO="697.09" HC="4.04" NOx="15.27" PMx="0.89" fuel="14.69" electricity="0.00" noise="84.95" route="routetop" type="cfm-slow" waiting="0.00" lane="top_0" pos="41.52" speed="34.05" angle="199.78" x="-2.50" y="81.78"/>
    </timestep>
    <timestep time="3.17">
        <vehicle id="cfm-fast_0" eclass="HBEFA3/PC_G_EU4" CO2="64438.09" CO="1348.64" HC="7.76" NOx="29.50" PMx="1.69" fuel="27.70" electricity="0.00" noise="98.43" route="routetop" type="cfm-fast" waiting="0.00" lane="left_1" pos="10.76" speed="36.48" angle="165.09" x="2.07" y="41.99"/>
        <vehicle id="cfm-fast_1" eclass="HBEFA3/PC_G_EU4" CO2="10352.25" CO="196.30" HC="1.16" NOx="4.05" PMx="0.26" fuel="4.45" electricity="0.00" noise="76.01" route="routetop" type="cfm-fast" waiting="0.00" lane="left_0" pos="25.14" speed="33.07" angle="139.24" x="15.37" y="14.94"/>
        <vehicle id="cfm-fast_2" eclass="HBEFA3/PC_G_EU4" CO2="96296.40" CO="2026.91" HC="11.64" NOx="44.50" PMx="2.53" fuel="41.39" electricity="0.00" noise="111.84" route="routetop" type="cfm-fast" waiting="0.00" lane="left_1" pos="43.06" speed="38.14" angle="107.02" x="49.52" y="-0.09"/>
        <vehicle id="cfm-fast_3" eclass="HBEFA3/PC_G_EU4" CO2="0.00" CO="0.00" HC="0.00" NOx="0.00" PMx="0.00" fuel="0.00" electricity="0.00" noise="71.97" route="routebottom" type="cfm-fast" waiting="0.00" lane="bottom_0" pos="3.76" speed="28.90" angle="87.74" x="71.84" y="-4.46"/>
        <vehicle id="cfm-fast_4" eclass="HBEFA3/PC_G_EU4" CO2="163708.70" CO="3490.62" HC="19.99" NOx="76.22" PMx="4.33" fuel="70.37" electricity="0.00" noise="135.51" route="routebottom" type="cfm-fast" waiting="0.00" lane="bottom_1" pos="27.16" speed="42.83" angle="45.65" x="112.87" y="20.72"/>
        <vehicle id="cfm-fast_5" eclass="HBEFA3/PC_G_EU4" CO2="0.00" CO="0.00" HC="0.00" NOx="0.00" PMx="0.00" fuel="0.00" electricity="0.00" noise="69.55" route="routebottom" type="cfm-fast" waiting="0.00" lane="bottom_0" pos="27.91" speed="22.97" angle="44.23" x="116.39" y="19.79"/>
        <vehicle id="cfm-slow_0" eclass="HBEFA3/PC_G_EU4" CO2="11266.39" CO="156.50" HC="0.99" NOx="4.77" PMx="0.24" fuel="4.84" electricity="0.00" noise="72.57" route="routebottom" type="cfm-slow" waiting="0.00" lane="bottom_0" pos="44.47" speed="19.81" angle="14.48" x="131.22" y="51.73"/>
        <vehicle id="cfm-slow_1" eclass="HBEFA3/PC_G_EU4" CO2="15649.85" CO="246.31" HC="1.51" NOx="6.83" PMx="0.36" fuel="6.73" electricity="0.00" noise="75.64" route="routebottom" type="cfm-slow" waiting="0.00" lane="right_0" pos="10.52" speed="20.30" angle="345.54" x="128.54" y="85.99"/>
        <vehicle id="cfm-slow_2" eclass="HBEFA3/PC_G_EU4" CO2="25030.41" CO="439.21" HC="2.62" NOx="11.23" PMx="0.61" fuel="10.76" electricity="0.00" noise="82.33" route="routebottom" type="cfm-slow" waiting="0.00" lane="right_0" pos="27.10" speed="21.60" angle="315.74" x="108.87" y="115.27"/>
        <vehicle id="cfm-slow_3" eclass="HBEFA3/PC_G_EU4" CO2="40112.79" CO="754.20" HC="4.43" NOx="18.28" PMx="1.00" fuel="17.24" electricity="0.00" noise="91.55" route="routebottom" type="cfm-slow" waiting="0.00" lane="right_0" pos="45.08" speed="24.45" angle="283.42" x="74.31" y="131.44"/>
        <vehicle id="cfm-slow_4" eclass="HBEFA3/PC_G_EU4" CO2="51545.90" CO="1011.64" HC="5.89" NOx="23.57" PMx="1.32" fuel="22.16" electricity="0.00" noise="95.62" route="routetop" type="cfm-slow" waiting="0.00" lane="top_0" pos="16.05" speed="29.13" angle="245.56" x="30.50" y="123.71"/>
        <vehicle id="cfm-slow_5" eclass="HBEFA3/PC_G_EU4" CO2="33690.21" CO="687.20" HC="3.98" NOx="15.04" PMx="0.87" fuel="14.48" electricity="0.00" noise="84.73" route="routetop" type="cfm-slow" waiting="0.00" lane="top_0" pos="41.86" speed="34.08" angle="199.15" x="-2.69" y="81.07"/>
    </timestep>
    <timestep time="3.18">
        <vehicle id="cfm-fast_0" eclass="HBEFA3/PC_G_EU4" CO2="64436.06" CO="1349.35" HC="7.76" NOx="29.50" PMx="1.69" fuel="27.70" electricity="0.00" noise="98.40" route="routetop" type="cfm-fast" waiting="0.00" lane="left_1" pos="11.13" speed="36.54" angle="164.41" x="2.32" y="41.28"/>
        <vehicle id="cfm-fast_1" eclass="HBEFA3/PC_G_EU4" CO2="9847.58" CO="185.95" HC="1.10" NOx="3.81" PMx="0.25" fuel="4.23" electricity="0.00" noise="75.90" route="routetop" type="cfm-fast" waiting="0.00" lane="left_0" pos="25.47" speed="33.08" angle="138.64" x="15.87" y="14.44"/>
        <vehicle id="cfm-fast_2" eclass="HBEFA3/PC_G_EU4" CO2="96609.50" CO="2034.61" HC="11.68" NOx="44.64" PMx="2.54" fuel="41.53" electricity="0.00" noise="111.92" route="routetop" type="cfm-fast" waiting="0.00" lane="left_1" pos="43.44" speed="38.23" angle="106.33" x="50.28" y="-0.26"/>
        <vehicle id="cfm-fast_3" eclass="HBEFA3/PC_G_EU4" CO2="0.00" CO="0.00" HC="0.00" NOx="0.00" PMx="0.00" fuel="0.00" electricity="0.00" noise="71.95" route="routebottom" type="cfm-fast" waiting="0.00" lane="bottom_0" pos="4.05" speed="28.88" angle="87.24" x="72.45" y="-4.38"/>
        <vehicle id="cfm-fast_4" eclass="HBEFA3/PC_G_EU4" CO2="164267.56" CO="3504.60" HC="20.07" NOx="76.48" PMx="4.34" fuel="70.61" electricity="0.00" noise="135.57" route="routebottom" type="cfm-fast" waiting="0.00" lane="bottom_1" pos="27.59" speed="42.97" angle="44.83" x="113.43" y="21.40"/>
        <vehicle id="cfm-fast_5" eclass="HBEFA3/PC_G_EU4" CO2="0.00" CO="0.00" HC="0.00" NOx="0.00" PMx="0.00" fuel="0.00" electricity="0.00" noise="69.55" route="routebottom" type="cfm-fast" waiting="0.00" lane="bottom_0" pos="28.14" speed="22.97" angle="43.83" x="116.71" y="20.17"/>
        <vehicle id="cfm-slow_0" eclass="HBEFA3/PC_G_EU4" CO2="11260.85" CO="156.37" HC="0.99" NOx="4.77" PMx="0.24" fuel="4.84" electricity="0.00" noise="72.57" route="routebottom" type="cfm-slow" waiting="0.00" lane="bottom_0" pos="44.67" speed="19.83" angle="14.11" x="131.30" y="52.15"/>
        <vehicle id="cfm-slow_1" eclass="HBEFA3/PC_G_EU4" CO2="15689.66" CO="247.11" HC="1.51" NOx="6.85" PMx="0.36" fuel="6.74" electricity="0.00" noise="75.67" route="routebottom" type="cfm-slow" waiting="0.00" lane="right_0" pos="10.73" speed="20.32" angle="345.15" x="128.39" y="86.40"/>
        <vehicle id="cfm-slow_2" eclass="HBEFA3/PC_G_EU4" CO2="25119.73" CO="441.07" HC="2.63" NOx="11.27" PMx="0.61" fuel="10.80" electricity="0.00" noise="82.38" route="routebottom" type="cfm-slow" waiting="0.00" lane="right_0" pos="27.32" speed="21.64" angle="315.34" x="108.52" y="115.57"/>
        <vehicle id="cfm-slow_3" eclass="HBEFA3/PC_G_EU4" CO2="40178.55" CO="755.71" HC="4.44" NOx="18.31" PMx="1.01" fuel="17.27" electricity="0.00" noise="91.56" route="routebottom" type="cfm-slow" waiting="0.00" lane="right_0" pos="45.32" speed="24.51" angle="282.98" x="73.79" y="131.51"/>
        <vehicle id="cfm-slow_4" eclass="HBEFA3/PC_G_EU4" CO2="51369.43" CO="1008.41" HC="5.87" NOx="23.48" PMx="1.31" fuel="22.08" electricity="0.00" noise="95.48" route="routetop" type="cfm-slow" waiting="0.00" lane="top_0" pos="16.34" speed="29.19" angle="245.03" x="29.95" y="123.40"/>
        <vehicle id="cfm-slow_5" eclass="HBEFA3/PC_G_EU4" CO2="33195.74" CO="677.34" HC="3.92" NOx="14.80" PMx="0.86" fuel="14.27" electricity="0.00" noise="84.50" route="routetop" type="cfm-slow" waiting="0.00" lane="top_0" pos="42.20" speed="34.10" angle="198.52" x="-2.88" y="80.36"/>
    </timestep>
    <timestep time="3.19">
        <vehicle id="cfm-fast_0" eclass="HBEFA3/PC_G_EU4" CO2="64438.75" CO="1350.17" HC="7.77" NOx="29.50" PMx="1.69" fuel="27.70" electricity="0.00" noise="98.37" route="routetop" type="cfm-fast" waiting="0.00" lane="left_1" pos="11.49" speed="36.60" angle="163.77" x="2.58" y="40.58"/>
        <vehicle id="cfm-fast_1" eclass="HBEFA3/PC_G_EU4" CO2="9347.82" CO="175.68" HC="1.04" NOx="3.57" PMx="0.23" fuel="4.02" electricity="0.00" noise="75.79" route="routetop" type="cfm-fast" waiting="0.00" lane="left_0" pos="25.80" speed="33.08" angle="138.09" x="16.39" y="13.94"/>
        <vehicle id="cfm-fast_2" eclass="HBEFA3/PC_G_EU4" CO2="96926.36" CO="2042.39" HC="11.73" NOx="44.79" PMx="2.55" fuel="41.66" electricity="0.00" noise="111.99" route="routetop" type="cfm-fast" waiting="0.00" lane="left_1" pos="43.83" speed="38.31" angle="105.68" x="51.05" y="-0.41"/>
        <vehicle id="cfm-fast_3" eclass="HBEFA3/PC_G_EU4" CO2="0.00" CO="0.00" HC="0.00" NOx="0.00" PMx="0.00" fuel="0.00" electricity="0.00" noise="71.93" route="routebottom" type="cfm-fast" waiting="0.00" lane="bottom_0" pos="4.34" speed="28.87" angle="86.72" x="73.07" y="-4.29"/>
        <vehicle id="cfm-fast_4" eclass="HBEFA3/PC_G_EU4" CO2="164826.71" CO="3518.61" HC="20.15" NOx="76.74" PMx="4.36" fuel="70.85" electricity="0.00" noise="135.64" route="routebottom" type="cfm-fast" waiting="0.00" lane="bottom_1" pos="28.02" speed="43.10" angle="44.01" x="114.00" y="22.07"/>
        <vehicle id="cfm-fast_5" eclass="HBEFA3/PC_G_EU4" CO2="0.00" CO="0.00" HC="0.00" NOx="0.00" PMx="0.00" fuel="0.00" electricity="0.00" noise="69.54" route="routebottom" type="cfm-fast" waiting="0.00" lane="bottom_0" pos="28.37" speed="22.96" angle="43.43" x="117.02" y="20.55"/>
        <vehicle id="cfm-slow_0" eclass="HBEFA3/PC_G_EU4" CO2="11256.10" CO="156.26" HC="0.99" NOx="4.77" PMx="0.24" fuel="4.84" electricity="0.00" noise="72.57" route="routebottom" type="cfm-slow" waiting="0.00" lane="bottom_0" pos="44.87" speed="19.84" angle="13.78" x="131.37" y="52.57"/>
        <vehicle id="cfm-slow_1" eclass="HBEFA3/PC_G_EU4" CO2="15730.26" CO="247.93" HC="1.52" NOx="6.87" PMx="0.36" fuel="6.76" electricity="0.00" noise="75.69" route="routebottom" type="cfm-slow" waiting="0.00" lane="right_0" pos="10.93" speed="20.34" angle="344.76" x="128.24" y="86.81"/>
        <vehicle id="cfm-slow_2" eclass="HBEFA3/PC_G_EU4" CO2="25209.21" CO="442.93" HC="2.64" NOx="11.31" PMx="0.61" fuel="10.84" electricity="0.00" noise="82.43" route="routebottom" type="cfm-slow" waiting="0.00" lane="right_0" pos="27.54" speed="21.68" angle="314.93" x="108.16" y="115.87"/>
        <vehicle id="cfm-slow_3" eclass="HBEFA3/PC_G_EU4" CO2="40242.69" CO="757.19" HC="4.45" NOx="18.34" PMx="1.01" fuel="17.30" electricity="0.00" noise="91.56" route="routebottom" type="cfm-slow" waiting="0.00" lane="right_0" pos="45.57" speed="24.56" angle="282.54" x="73.27" y="131.59"/>
        <vehicle id="cfm-slow_4" eclass="HBEFA3/PC_G_EU4" CO2="51190.13" CO="1005.12" HC="5.85" NOx="23.40" PMx="1.31" fuel="22.00" electricity="0.00" noise="95.34" route="routetop" type="cfm-slow" waiting="0.00" lane="top_0" pos="16.63" speed="29.25" angle="244.55" x="29.40" y="123.10"/>
        <vehicle id="cfm-slow_5" eclass="HBEFA3/PC_G_EU4" CO2="32702.49" CO="667.49" HC="3.86" NOx="14.57" PMx="0.85" fuel="14.06" electricity="0.00" noise="84.28" route="routetop" type="cfm-slow" waiting="0.00" lane="top_0" pos="42.55" speed="34.13" angle="197.96" x="-3.05" y="79.65"/>
    </timestep>
    <timestep time="3.20">
        <vehicle id="cfm-fast_0" eclass="HBEFA3/PC_G_EU4" CO2="64446.15" CO="1351.08" HC="7.77" NOx="29.50" PMx="1.69" fuel="27.70" electricity="0.00" noise="98.35" route="routetop" type="cfm-fast" waiting="0.00" lane="left_1" pos="11.86" speed="36.66" angle="163.12" x="2.85" y="39.88"/>
        <vehicle id="cfm-fast_1" eclass="HBEFA3/PC_G_EU4" CO2="8852.97" CO="165.52" HC="0.98" NOx="3.34" PMx="0.22" fuel="3.81" electricity="0.00" noise="75.69" route="routetop" type="cfm-fast" waiting="0.00" lane="left_0" pos="26.13" speed="33.08" angle="137.48" x="16.91" y="13.46"/>
        <vehicle id="cfm-fast_2" eclass="HBEFA3/PC_G_EU4" CO2="97246.96" CO="2050.25" HC="11.77" NOx="44.94" PMx="2.56" fuel="41.80" electricity="0.00" noise="112.07" route="routetop" type="cfm-fast" waiting="0.00" lane="left_1" pos="44.21" speed="38.40" angle="104.97" x="51.83" y="-0.56"/>
        <vehicle id="cfm-fast_3" eclass="HBEFA3/PC_G_EU4" CO2="0.00" CO="0.00" HC="0.00" NOx="0.00" PMx="0.00" fuel="0.00" electricity="0.00" noise="71.91" route="routebottom" type="cfm-fast" waiting="0.00" lane="bottom_0" pos="4.63" speed="28.85" angle="86.19" x="73.68" y="-4.21"/>
        <vehicle id="cfm-fast_4" eclass="HBEFA3/PC_G_EU4" CO2="165386.16" CO="3532.64" HC="20.23" NOx="77.00" PMx="4.38" fuel="71.09" electricity="0.00" noise="135.70" route="routebottom" type="cfm-fast" waiting="0.00" lane="bottom_1" pos="28.46" speed="43.24" angle="43.26" x="114.56" y="22.76"/>
        <vehicle id="cfm-fast_5" eclass="HBEFA3/PC_G_EU4" CO2="0.00" CO="0.00" HC="0.00" NOx="0.00" PMx="0.00" fuel="0.00" electricity="0.00" noise="69.53" route="routebottom" type="cfm-fast" waiting="0.00" lane="bottom_0" pos="28.60" speed="22.96" angle="43.01" x="117.33" y="20.94"/>
        <vehicle id="cfm-slow_0" eclass="HBEFA3/PC_G_EU4" CO2="11252.13" CO="156.16" HC="0.99" NOx="4.76" PMx="0.24" fuel="4.84" electricity="0.00" noise="72.57" route="routebottom" type="cfm-slow" waiting="0.00" lane="bottom_0" pos="45.06" speed="19.86" angle="13.44" x="131.44" y="52.99"/>
        <vehicle id="cfm-slow_1" eclass="HBEFA3/PC_G_EU4" CO2="15771.64" CO="248.76" HC="1.52" NOx="6.89" PMx="0.36" fuel="6.78" electricity="0.00" noise="75.72" route="routebottom" type="cfm-slow" waiting="0.00" lane="right_0" pos="11.14" speed="20.37" angle="344.37" x="128.09" y="87.22"/>
        <vehicle id="cfm-slow_2" eclass="HBEFA3/PC_G_EU4" CO2="25298.83" CO="444.79" HC="2.65" NOx="11.35" PMx="0.61" fuel="10.87" electricity="0.00" noise="82.48" route="routebottom" type="cfm-slow" waiting="0.00" lane="right_0" pos="27.75" speed="21.72" angle="314.52" x="107.80" y="116.17"/>
        <vehicle id="cfm-slow_3" eclass="HBEFA3/PC_G_EU4" CO2="40305.20" CO="758.64" HC="4.46" NOx="18.36" PMx="1.01" fuel="17.33" electricity="0.00" noise="91.56" route="routebottom" type="cfm-slow" waiting="0.00" lane="right_0" pos="45.81" speed="24.62" angle="282.09" x="72.74" y="131.66"/>
        <vehicle id="cfm-slow_4" eclass="HBEFA3/PC_G_EU4" CO2="51008.00" CO="1001.78" HC="5.83" NOx="23.31" PMx="1.30" fuel="21.93" electricity="0.00" noise="95.20" route="routetop" type="cfm-slow" waiting="0.00" lane="top_0" pos="16.93" speed="29.31" angle="244.03" x="28.86" y="122.78"/>
        <vehicle id="cfm-slow_5" eclass="HBEFA3/PC_G_EU4" CO2="32210.51" CO="657.66" HC="3.81" NOx="14.34" PMx="0.84" fuel="13.85" electricity="0.00" noise="84.05" route="routetop" type="cfm-slow" waiting="0.00" lane="top_0" pos="42.89" speed="34.16" angle="197.35" x="-3.21" y="78.93"/>
    </timestep>
    <timestep time="3.21">
        <vehicle id="cfm-fast_0" eclass="HBEFA3/PC_G_EU4" CO2="64458.25" CO="1352.09" HC="7.77" NOx="29.50" PMx="1.69" fuel="27.71" electricity="0.00" noise="98.33" route="routetop" type="cfm-fast" waiting="0.00" lane="left_1" pos="12.23" speed="36.72" angle="162.47" x="3.13" y="39.18"/>
        <vehicle id="cfm-fast_1" eclass="HBEFA3/PC_G_EU4" CO2="8363.04" CO="155.45" HC="0.93" NOx="3.11" PMx="0.21" fuel="3.59" electricity="0.00" noise="75.59" route="routetop" type="cfm-fast" waiting="0.00" lane="left_0" pos="26.47" speed="33.08" angle="136.86" x="17.44" y="12.98"/>
        <vehicle id="cfm-fast_2" eclass="HBEFA3/PC_G_EU4" CO2="97571.26" CO="2058.20" HC="11.82" NOx="45.09" PMx="2.57" fuel="41.94" electricity="0.00" noise="112.15" route="routetop" type="cfm-fast" waiting="0.00" lane="left_1" pos="44.60" speed="38.49" angle="104.25" x="52.60" y="-0.70"/>
        <vehicle id="cfm-fast_3" eclass="HBEFA3/PC_G_EU4" CO2="0.00" CO="0.00" HC="0.00" NOx="0.00" PMx="0.00" fuel="0.00" electricity="0.00" noise="71.89" route="routebottom" type="cfm-fast" waiting="0.00" lane="bottom_0" pos="4.92" speed="28.84" angle="85.67" x="74.30" y="-4.12"/>
        <vehicle id="cfm-fast_4" eclass="HBEFA3/PC_G_EU4" CO2="165945.89" CO="3546.68" HC="20.30" NOx="77.26" PMx="4.39" fuel="71.33" electricity="0.00" noise="135.77" route="routebottom" type="cfm-fast" waiting="0.00" lane="bottom_1" pos="28.89" speed="43.38" angle="42.45" x="115.11" y="23.46"/>
        <vehicle id="cfm-fast_5" eclass="HBEFA3/PC_G_EU4" CO2="0.00" CO="0.00" HC="0.00" NOx="0.00" PMx="0.00" fuel="0.00" electricity="0.00" noise="69.52" route="routebottom" type="cfm-fast" waiting="0.00" lane="bottom_0" pos="28.83" speed="22.95" angle="42.58" x="117.63" y="21.33"/>
        <vehicle id="cfm-slow_0" eclass="HBEFA3/PC_G_EU4" CO2="11248.94" CO="156.07" HC="0.99" NOx="4.76" PMx="0.24" fuel="4.84" electricity="0.00" noise="72.57" route="routebottom" type="cfm-slow" waiting="0.00" lane="bottom_0" pos="45.26" speed="19.88" angle="13.08" x="131.50" y="53.42"/>
        <vehicle id="cfm-slow_1" eclass="HBEFA3/PC_G_EU4" CO2="15813.80" CO="249.62" HC="1.53" NOx="6.90" PMx="0.36" fuel="6.80" electricity="0.00" noise="75.75" route="routebottom" type="cfm-slow" waiting="0.00" lane="right_0" pos="11.34" speed="20.39" angle="343.98" x="127.94" y="87.64"/>
        <vehicle id="cfm-slow_2" eclass="HBEFA3/PC_G_EU4" CO2="25388.57" CO="446.66" HC="2.66" NOx="11.39" PMx="0.61" fuel="10.91" electricity="0.00" noise="82.53" route="routebottom" type="cfm-slow" waiting="0.00" lane="right_0" pos="27.97" speed="21.76" angle="314.12" x="107.45" y="116.47"/>
        <vehicle id="cfm-slow_3" eclass="HBEFA3/PC_G_EU4" CO2="40366.08" CO="760.05" HC="4.46" NOx="18.39" PMx="1.01" fuel="17.35" electricity="0.00" noise="91.57" route="routebottom" type="cfm-slow" waiting="0.00" lane="right_0" pos="46.06" speed="24.68" angle="281.65" x="72.22" y="131.74"/>
        <vehicle id="cfm-slow_4" eclass="HBEFA3/PC_G_EU4" CO2="50823.09" CO="998.38" HC="5.81" NOx="23.22" PMx="1.30" fuel="21.85" electricity="0.00" noise="95.06" route="routetop" type="cfm-slow" waiting="0.00" lane="top_0" pos="17.22" speed="29.37" angle="243.50" x="28.31" y="122.46"/>
        <vehicle id="cfm-slow_5" eclass="HBEFA3/PC_G_EU4" CO2="31719.82" CO="647.86" HC="3.75" NOx="14.11" PMx="0.82" fuel="13.63" electricity="0.00" noise="83.83" route="routetop" type="cfm-slow" waiting="0.00" lane="top_0" pos="43.23" speed="34.19" angle="196.74" x="-3.38" y="78.22"/>
    </timestep>
    <timestep time="3.22">
        <vehicle id="cfm-fast_0" eclass="HBEFA3/PC_G_EU4" CO2="64475.02" CO="1353.19" HC="7.78" NOx="29.51" PMx="1.69" fuel="27.71" electricity="0.00" noise="98.32" route="routetop" type="cfm-fast" waiting="0.00" lane="left_1" pos="12.59" speed="36.77" angle="161.81" x="3.41" y="38.48"/>
        <vehicle id="cfm-fast_1" eclass="HBEFA3/PC_G_EU4" CO2="7878.01" CO="145.47" HC="0.87" NOx="2.88" PMx="0.19" fuel="3.39" electricity="0.00" noise="75.49" route="routetop" type="cfm-fast" waiting="0.00" lane="left_0" pos="26.80" speed="33.08" angle="136.25" x="17.96" y="12.50"/>
        <vehicle id="cfm-fast_2" eclass="HBEFA3/PC_G_EU4" CO2="97899.23" CO="2066.23" HC="11.86" NOx="45.24" PMx="2.58" fuel="42.08" electricity="0.00" noise="112.23" route="routetop" type="cfm-fast" waiting="0.00" lane="left_1" pos="44.98" speed="38.58" angle="103.60" x="53.38" y="-0.84"/>
        <vehicle id="cfm-fast_3" eclass="HBEFA3/PC_G_EU4" CO2="0.00" CO="0.00" HC="0.00" NOx="0.00" PMx="0.00" fuel="0.00" electricity="0.00" noise="71.87" route="routebottom" type="cfm-fast" waiting="0.00" lane="bottom_0" pos="5.21" speed="28.82" angle="85.11" x="74.91" y="-4.02"/>
        <vehicle id="cfm-fast_4" eclass="HBEFA3/PC_G_EU4" CO2="166505.92" CO="3560.75" HC="20.38" NOx="77.52" PMx="4.41" fuel="71.57" electricity="0.00" noise="135.84" route="routebottom" type="cfm-fast" waiting="0.00" lane="bottom_1" pos="29.32" speed="43.51" angle="41.65" x="115.66" y="24.16"/>
        <vehicle id="cfm-fast_5" eclass="HBEFA3/PC_G_EU4" CO2="0.00" CO="0.00" HC="0.00" NOx="0.00" PMx="0.00" fuel="0.00" electricity="0.00" noise="69.51" route="routebottom" type="cfm-fast" waiting="0.00" lane="bottom_0" pos="29.06" speed="22.95" angle="42.15" x="117.94" y="21.72"/>
        <vehicle id="cfm-slow_0" eclass="HBEFA3/PC_G_EU4" CO2="11246.54" CO="156.01" HC="0.99" NOx="4.76" PMx="0.24" fuel="4.83" electricity="0.00" noise="72.57" route="routebottom" type="cfm-slow" waiting="0.00" lane="bottom_0" pos="45.46" speed="19.89" angle="12.72" x="131.56" y="53.84"/>
        <vehicle id="cfm-slow_1" eclass="HBEFA3/PC_G_EU4" CO2="15856.72" CO="250.49" HC="1.53" NOx="6.92" PMx="0.36" fuel="6.82" electricity="0.00" noise="75.78" route="routebottom" type="cfm-slow" waiting="0.00" lane="right_0" pos="11.54" speed="20.42" angle="343.66" x="127.79" y="88.05"/>
        <vehicle id="cfm-slow_2" eclass="HBEFA3/PC_G_EU4" CO2="25478.42" CO="448.53" HC="2.67" NOx="11.43" PMx="0.62" fuel="10.95" electricity="0.00" noise="82.58" route="routebottom" type="cfm-slow" waiting="0.00" lane="right_0" pos="28.19" speed="21.80" angle="313.76" x="107.09" y="116.78"/>
        <vehicle id="cfm-slow_3" eclass="HBEFA3/PC_G_EU4" CO2="40425.29" CO="761.44" HC="4.47" NOx="18.42" PMx="1.01" fuel="17.38" electricity="0.00" noise="91.57" route="routebottom" type="cfm-slow" waiting="0.00" lane="right_0" pos="46.31" speed="24.73" angle="281.26" x="71.69" y="131.80"/>
        <vehicle id="cfm-slow_4" eclass="HBEFA3/PC_G_EU4" CO2="50635.41" CO="994.92" HC="5.79" NOx="23.13" PMx="1.29" fuel="21.77" electricity="0.00" noise="94.92" route="routetop" type="cfm-slow" waiting="0.00" lane="top_0" pos="17.51" speed="29.43" angle="242.97" x="27.77" y="122.13"/>
        <vehicle id="cfm-slow_5" eclass="HBEFA3/PC_G_EU4" CO2="31230.47" CO="638.08" HC="3.69" NOx="13.87" PMx="0.81" fuel="13.42" electricity="0.00" noise="83.62" route="routetop" type="cfm-slow" waiting="0.00" lane="top_0" pos="43.57" speed="34.22" angle="196.16" x="-3.54" y="77.50"/>
    </timestep>
    <timestep time="3.23">
        <vehicle id="cfm-fast_0" eclass="HBEFA3/PC_G_EU4" CO2="64496.46" CO="1354.40" HC="7.79" NOx="29.52" PMx="1.69" fuel="27.72" electricity="0.00" noise="98.30" route="routetop" type="cfm-fast" waiting="0.00" lane="left_1" pos="12.96" speed="36.83" angle="161.20" x="3.70" y="37.78"/>
        <vehicle id="cfm-fast_1" eclass="HBEFA3/PC_G_EU4" CO2="7397.91" CO="135.59" HC="0.81" NOx="2.65" PMx="0.18" fuel="3.18" electricity="0.00" noise="75.40" route="routetop" type="cfm-fast" waiting="0.00" lane="left_0" pos="27.13" speed="33.08" angle="135.70" x="18.49" y="12.03"/>
        <vehicle id="cfm-fast_2" eclass="HBEFA3/PC_G_EU4" CO2="98230.84" CO="2074.35" HC="11.91" NOx="45.40" PMx="2.59" fuel="42.22" electricity="0.00" noise="112.31" route="routetop" type="cfm-fast" waiting="0.00" lane="left_1" pos="45.37" speed="38.67" angle="102.89" x="54.17" y="-0.95"/>
        <vehicle id="cfm-fast_3" eclass="HBEFA3/PC_G_EU4" CO2="0.00" CO="0.00" HC="0.00" NOx="0.00" PMx="0.00" fuel="0.00" electricity="0.00" noise="71.85" route="routebottom" type="cfm-fast" waiting="0.00" lane="bottom_0" pos="5.49" speed="28.80" angle="84.59" x="75.52" y="-3.91"/>
        <vehicle id="cfm-fast_4" eclass="HBEFA3/PC_G_EU4" CO2="167066.23" CO="3574.85" HC="20.46" NOx="77.79" PMx="4.42" fuel="71.81" electricity="0.00" noise="135.90" route="routebottom" type="cfm-fast" waiting="0.00" lane="bottom_1" pos="29.76" speed="43.65" angle="40.92" x="116.20" y="24.88"/>
        <vehicle id="cfm-fast_5" eclass="HBEFA3/PC_G_EU4" CO2="0.00" CO="0.00" HC="0.00" NOx="0.00" PMx="0.00" fuel="0.00" electricity="0.00" noise="69.51" route="routebottom" type="cfm-fast" waiting="0.00" lane="bottom_0" pos="29.29" speed="22.94" angle="41.73" x="118.24" y="22.11"/>
        <vehicle id="cfm-slow_0" eclass="HBEFA3/PC_G_EU4" CO2="11244.91" CO="155.96" HC="0.99" NOx="4.76" PMx="0.24" fuel="4.83" electricity="0.00" noise="72.57" route="routebottom" type="cfm-slow" waiting="0.00" lane="bottom_0" pos="45.66" speed="19.91" angle="12.36" x="131.62" y="54.26"/>
        <vehicle id="cfm-slow_1" eclass="HBEFA3/PC_G_EU4" CO2="15900.40" CO="251.37" HC="1.54" NOx="6.94" PMx="0.37" fuel="6.83" electricity="0.00" noise="75.81" route="routebottom" type="cfm-slow" waiting="0.00" lane="right_0" pos="11.75" speed="20.44" angle="343.29" x="127.62" y="88.46"/>
        <vehicle id="cfm-slow_2" eclass="HBEFA3/PC_G_EU4" CO2="25568.36" CO="450.40" HC="2.68" NOx="11.47" PMx="0.62" fuel="10.99" electricity="0.00" noise="82.63" route="routebottom" type="cfm-slow" waiting="0.00" lane="right_0" pos="28.41" speed="21.83" angle="313.38" x="106.72" y="117.07"/>
        <vehicle id="cfm-slow_3" eclass="HBEFA3/PC_G_EU4" CO2="40482.84" CO="762.79" HC="4.48" NOx="18.44" PMx="1.01" fuel="17.40" electricity="0.00" noise="91.57" route="routebottom" type="cfm-slow" waiting="0.00" lane="right_0" pos="46.55" speed="24.79" angle="280.80" x="71.16" y="131.86"/>
        <vehicle id="cfm-slow_4" eclass="HBEFA3/PC_G_EU4" CO2="50445.00" CO="991.40" HC="5.77" NOx="23.04" PMx="1.29" fuel="21.68" electricity="0.00" noise="94.77" route="routetop" type="cfm-slow" waiting="0.00" lane="top_0" pos="17.81" speed="29.49" angle="242.44" x="27.22" y="121.81"/>
        <vehicle id="cfm-slow_5" eclass="HBEFA3/PC_G_EU4" CO2="30742.48" CO="628.31" HC="3.64" NOx="13.64" PMx="0.80" fuel="13.21" electricity="0.00" noise="83.40" route="routetop" type="cfm-slow" waiting="0.00" lane="top_0" pos="43.91" speed="34.24" angle="195.55" x="-3.68" y="76.77"/>
    </timestep>
    <timestep time="3.24">
        <vehicle id="cfm-fast_0" eclass="HBEFA3/PC_G_EU4" CO2="64522.54" CO="1355.70" HC="7.79" NOx="29.53" PMx="1.70" fuel="27.73" electricity="0.00" noise="98.29" route="routetop" type="cfm-fast" waiting="0.00" lane="left_1" pos="13.33" speed="36.89" angle="160.52" x="4.01" y="37.09"/>
        <vehicle id="cfm-fast_1" eclass="HBEFA3/PC_G_EU4" CO2="0.00" CO="0.00" HC="0.00" NOx="0.00" PMx="0.00" fuel="0.00" electricity="0.00" noise="75.31" route="routetop" type="cfm-fast" waiting="0.00" lane="left_0" pos="27.46" speed="33.08" angle="135.08" x="19.04" y="11.57"/>
        <vehicle id="cfm-fast_2" eclass="HBEFA3/PC_G_EU4" CO2="98566.05" CO="2082.54" HC="11.95" NOx="45.56" PMx="2.60" fuel="42.37" electricity="0.00" noise="112.39" route="routetop" type="cfm-fast" waiting="0.00" lane="left_1" pos="45.76" speed="38.75" angle="102.18" x="54.95" y="-1.06"/>
        <vehicle id="cfm-fast_3" eclass="HBEFA3/PC_G_EU4" CO2="0.00" CO="0.00" HC="0.00" NOx="0.00" PMx="0.00" fuel="0.00" electricity="0.00" noise="71.83" route="routebottom" type="cfm-fast" waiting="0.00" lane="bottom_0" pos="5.78" speed="28.79" angle="84.06" x="76.13" y="-3.80"/>
        <vehicle id="cfm-fast_4" eclass="HBEFA3/PC_G_EU4" CO2="167626.84" CO="3588.96" HC="20.54" NOx="78.05" PMx="4.44" fuel="72.05" electricity="0.00" noise="135.97" route="routebottom" type="cfm-fast" waiting="0.00" lane="bottom_1" pos="30.20" speed="43.78" angle="40.13" x="116.72" y="25.61"/>
        <vehicle id="cfm-fast_5" eclass="HBEFA3/PC_G_EU4" CO2="0.00" CO="0.00" HC="0.00" NOx="0.00" PMx="0.00" fuel="0.00" electricity="0.00" noise="69.50" route="routebottom" type="cfm-fast" waiting="0.00" lane="bottom_0" pos="29.52" speed="22.93" angle="41.37" x="118.54" y="22.50"/>
        <vehicle id="cfm-slow_0" eclass="HBEFA3/PC_G_EU4" CO2="11244.05" CO="155.93" HC="0.99" NOx="4.76" PMx="0.24" fuel="4.83" electricity="0.00" noise="72.57" route="routebottom" type="cfm-slow" waiting="0.00" lane="bottom_0" pos="45.86" speed="19.92" angle="12.00" x="131.68" y="54.69"/>
        <vehicle id="cfm-slow_1" eclass="HBEFA3/PC_G_EU4" CO2="15944.83" CO="252.27" HC="1.54" NOx="6.97" PMx="0.37" fuel="6.85" electricity="0.00" noise="75.84" route="routebottom" type="cfm-slow" waiting="0.00" lane="right_0" pos="11.95" speed="20.46" angle="342.91" x="127.46" y="88.87"/>
        <vehicle id="cfm-slow_2" eclass="HBEFA3/PC_G_EU4" CO2="25658.38" CO="452.28" HC="2.69" NOx="11.52" PMx="0.62" fuel="11.03" electricity="0.00" noise="82.68" route="routebottom" type="cfm-slow" waiting="0.00" lane="right_0" pos="28.63" speed="21.87" angle="312.98" x="106.35" y="117.36"/>
        <vehicle id="cfm-slow_3" eclass="HBEFA3/PC_G_EU4" CO2="40538.70" CO="764.12" HC="4.49" NOx="18.47" PMx="1.02" fuel="17.43" electricity="0.00" noise="91.57" route="routebottom" type="cfm-slow" waiting="0.00" lane="right_0" pos="46.80" speed="24.84" angle="280.34" x="70.63" y="131.91"/>
        <vehicle id="cfm-slow_4" eclass="HBEFA3/PC_G_EU4" CO2="50251.88" CO="987.83" HC="5.75" NOx="22.95" PMx="1.29" fuel="21.60" electricity="0.00" noise="94.63" route="routetop" type="cfm-slow" waiting="0.00" lane="top_0" pos="18.10" speed="29.55" angle="241.95" x="26.69" y="121.46"/>
        <vehicle id="cfm-slow_5" eclass="HBEFA3/PC_G_EU4" CO2="30255.90" CO="618.58" HC="3.58" NOx="13.41" PMx="0.79" fuel="13.01" electricity="0.00" noise="83.19" route="routetop" type="cfm-slow" waiting="0.00" lane="top_0" pos="44.26" speed="34.27" angle="194.91" x="-3.81" y="76.05"/>
    </timestep>
    <timestep time="3.25">
        <vehicle id="cfm-fast_0" eclass="HBEFA3/PC_G_EU4" CO2="64553.25" CO="1357.10" HC="7.80" NOx="29.54" PMx="1.70" fuel="27.75" electricity="0.00" noise="98.28" route="routetop" type="cfm-fast" waiting="0.00" lane="left_1" pos="13.70" speed="36.95" angle="159.85" x="4.32" y="36.40"/>
        <vehicle id="cfm-fast_1" eclass="HBEFA3/PC_G_EU4" CO2="0.00" CO="0.00" HC="0.00" NOx="0.00" PMx="0.00" fuel="0.00" electricity="0.00" noise="75.23" route="routetop" type="cfm-fast" waiting="0.00" lane="left_0" pos="27.79" speed="33.08" angle="134.46" x="19.58" y="11.10"/>
        <vehicle id="cfm-fast_2" eclass="HBEFA3/PC_G_EU4" CO2="98904.83" CO="2090.82" HC="12.00" NOx="45.71" PMx="2.61" fuel="42.51" electricity="0.00" noise="112.47" route="routetop" type="cfm-fast" waiting="0.00" lane="left_1" pos="46.14" speed="38.84" angle="101.52" x="55.74" y="-1.17"/>
        <vehicle id="cfm-fast_3" eclass="HBEFA3/PC_G_EU4" CO2="0.00" CO="0.00" HC="0.00" NOx="0.00" PMx="0.00" fuel="0.00" electricity="0.00" noise="71.81" route="routebottom" type="cfm-fast" waiting="0.00" lane="bottom_0" pos="6.07" speed="28.77" angle="83.54" x="76.74" y="-3.69"/>
        <vehicle id="cfm-fast_4" eclass="HBEFA3/PC_G_EU4" CO2="168187.75" CO="3603.09" HC="20.62" NOx="78.31" PMx="4.46" fuel="72.30" electricity="0.00" noise="136.03" route="routebottom" type="cfm-fast" waiting="0.00" lane="bottom_1" pos="30.64" speed="43.92" angle="39.34" x="117.25" y="26.34"/>
        <vehicle id="cfm-fast_5" eclass="HBEFA3/PC_G_EU4" CO2="0.00" CO="0.00" HC="0.00" NOx="0.00" PMx="0.00" fuel="0.00" electricity="0.00" noise="69.49" route="routebottom" type="cfm-fast" waiting="0.00" lane="bottom_0" pos="29.75" speed="22.93" angle="40.95" x="118.83" y="22.90"/>
        <vehicle id="cfm-slow_0" eclass="HBEFA3/PC_G_EU4" CO2="11243.97" CO="155.91" HC="0.99" NOx="4.76" PMx="0.24" fuel="4.83" electricity="0.00" noise="72.57" route="routebottom" type="cfm-slow" waiting="0.00" lane="bottom_0" pos="46.06" speed="19.94" angle="11.64" x="131.74" y="55.11"/>
        <vehicle id="cfm-slow_1" eclass="HBEFA3/PC_G_EU4" CO2="15990.00" CO="253.19" HC="1.55" NOx="6.99" PMx="0.37" fuel="6.87" electricity="0.00" noise="75.87" route="routebottom" type="cfm-slow" waiting="0.00" lane="right_0" pos="12.16" speed="20.49" angle="342.54" x="127.30" y="89.27"/>
        <vehicle id="cfm-slow_2" eclass="HBEFA3/PC_G_EU4" CO2="25748.46" CO="454.15" HC="2.71" NOx="11.56" PMx="0.62" fuel="11.07" electricity="0.00" noise="82.73" route="routebottom" type="cfm-slow" waiting="0.00" lane="right_0" pos="28.85" speed="21.91" angle="312.58" x="105.98" y="117.65"/>
        <vehicle id="cfm-slow_3" eclass="HBEFA3/PC_G_EU4" CO2="40592.87" CO="765.40" HC="4.49" NOx="18.49" PMx="1.02" fuel="17.45" electricity="0.00" noise="91.56" route="routebottom" type="cfm-slow" waiting="0.00" lane="right_0" pos="47.05" speed="24.90" angle="279.89" x="70.09" y="131.97"/>
        <vehicle id="cfm-slow_4" eclass="HBEFA3/PC_G_EU4" CO2="50056.09" CO="984.20" HC="5.73" NOx="22.85" PMx="1.28" fuel="21.52" electricity="0.00" noise="94.49" route="routetop" type="cfm-slow" waiting="0.00" lane="top_0" pos="18.40" speed="29.60" angle="241.37" x="26.16" y="121.11"/>
        <vehicle id="cfm-slow_5" eclass="HBEFA3/PC_G_EU4" CO2="29770.76" CO="608.86" HC="3.52" NOx="13.18" PMx="0.77" fuel="12.80" electricity="0.00" noise="82.98" route="routetop" type="cfm-slow" waiting="0.00" lane="top_0" pos="44.60" speed="34.29" angle="194.27" x="-3.95" y="75.32"/>
    </timestep>
    <timestep time="3.26">
        <vehicle id="cfm-fast_0" eclass="HBEFA3/PC_G_EU4" CO2="64588.57" CO="1358.59" HC="7.81" NOx="29.56" PMx="1.70" fuel="27.76" electricity="0.00" noise="98.27" route="routetop" type="cfm-fast" waiting="0.00" lane="left_1" pos="14.07" speed="37.01" angle="159.22" x="4.63" y="35.71"/>
        <vehicle id="cfm-fast_1" eclass="HBEFA3/PC_G_EU4" CO2="0.00" CO="0.00" HC="0.00" NOx="0.00" PMx="0.00" fuel="0.00" electricity="0.00" noise="75.15" route="routetop" type="cfm-fast" waiting="0.00" lane="left_0" pos="28.12" speed="33.08" angle="133.86" x="20.12" y="10.64"/>
        <vehicle id="cfm-fast_2" eclass="HBEFA3/PC_G_EU4" CO2="99247.16" CO="2099.18" HC="12.05" NOx="45.87" PMx="2.62" fuel="42.66" electricity="0.00" noise="112.55" route="routetop" type="cfm-fast" waiting="0.00" lane="left_1" pos="46.53" speed="38.93" angle="100.81" x="56.54" y="-1.25"/>
        <vehicle id="cfm-fast_3" eclass="HBEFA3/PC_G_EU4" CO2="0.00" CO="0.00" HC="0.00" NOx="0.00" PMx="0.00" fuel="0.00" electricity="0.00" noise="71.79" route="routebottom" type="cfm-fast" waiting="0.00" lane="bottom_0" pos="6.36" speed="28.75" angle="83.06" x="77.35" y="-3.58"/>
        <vehicle id="cfm-fast_4" eclass="HBEFA3/PC_G_EU4" CO2="168748.94" CO="3617.25" HC="20.70" NOx="78.57" PMx="4.47" fuel="72.54" electricity="0.00" noise="136.10" route="routebottom" type="cfm-fast" waiting="0.00" lane="bottom_1" pos="31.08" speed="44.06" angle="38.59" x="117.76" y="27.08"/>
        <vehicle id="cfm-fast_5" eclass="HBEFA3/PC_G_EU4" CO2="0.00" CO="0.00" HC="0.00" NOx="0.00" PMx="0.00" fuel="0.00" electricity="0.00" noise="69.49" route="routebottom" type="cfm-fast" waiting="0.00" lane="bottom_0" pos="29.98" speed="22.92" angle="40.53" x="119.12" y="23.29"/>
        <vehicle id="cfm-slow_0" eclass="HBEFA3/PC_G_EU4" CO2="11244.65" CO="155.91" HC="0.99" NOx="4.76" PMx="0.24" fuel="4.83" electricity="0.00" noise="72.58" route="routebottom" type="cfm-slow" waiting="0.00" lane="bottom_0" pos="46.26" speed="19.95" angle="11.34" x="131.80" y="55.54"/>
        <vehicle id="cfm-slow_1" eclass="HBEFA3/PC_G_EU4" CO2="16035.90" CO="254.12" HC="1.55" NOx="7.01" PMx="0.37" fuel="6.89" electricity="0.00" noise="75.90" route="routebottom" type="cfm-slow" waiting="0.00" lane="right_0" pos="12.36" speed="20.51" angle="342.17" x="127.13" y="89.68"/>
        <vehicle id="cfm-slow_2" eclass="HBEFA3/PC_G_EU4" CO2="25838.58" CO="456.03" HC="2.72" NOx="11.60" PMx="0.63" fuel="11.11" electricity="0.00" noise="82.78" route="routebottom" type="cfm-slow" waiting="0.00" lane="right_0" pos="29.07" speed="21.95" angle="312.18" x="105.61" y="117.94"/>
        <vehicle id="cfm-slow_3" eclass="HBEFA3/PC_G_EU4" CO2="40645.32" CO="766.66" HC="4.50" NOx="18.52" PMx="1.02" fuel="17.47" electricity="0.00" noise="91.56" route="routebottom" type="cfm-slow" waiting="0.00" lane="right_0" pos="47.30" speed="24.96" angle="279.43" x="69.56" y="132.02"/>
        <vehicle id="cfm-slow_4" eclass="HBEFA3/PC_G_EU4" CO2="49857.65" CO="980.52" HC="5.71" NOx="22.76" PMx="1.28" fuel="21.43" electricity="0.00" noise="94.34" route="routetop" type="cfm-slow" waiting="0.00" lane="top_0" pos="18.70" speed="29.66" angle="240.79" x="25.63" y="120.75"/>
        <vehicle id="cfm-slow_5" eclass="HBEFA3/PC_G_EU4" CO2="29287.09" CO="599.17" HC="3.47" NOx="12.96" PMx="0.76" fuel="12.59" electricity="0.00" noise="82.77" route="routetop" type="cfm-slow" waiting="0.00" lane="top_0" pos="44.94" speed="34.32" angle="193.71" x="-4.08" y="74.60"/>
    </timestep>
    <timestep time="3.27">
        <vehicle id="cfm-fast_0" eclass="HBEFA3/PC_G_EU4" CO2="64628.48" CO="1360.18" HC="7.82" NOx="29.58" PMx="1.70" fuel="27.78" electricity="0.00" noise="98.27" route="routetop" type="cfm-fast" waiting="0.00" lane="left_1" pos="14.44" speed="37.06" angle="158.54" x="4.97" y="35.03"/>
        <vehicle id="cfm-fast_1" eclass="HBEFA3/PC_G_EU4" CO2="0.00" CO="0.00" HC="0.00" NOx="0.00" PMx="0.00" fuel="0.00" electricity="0.00" noise="75.07" route="routetop" type="cfm-fast" waiting="0.00" lane="left_0" pos="28.45" speed="33.08" angle="133.29" x="20.68" y="10.20"/>
        <vehicle id="cfm-fast_2" eclass="HBEFA3/PC_G_EU4" CO2="99592.99" CO="2107.62" HC="12.09" NOx="46.04" PMx="2.63" fuel="42.81" electricity="0.00" noise="112.64" route="routetop" type="cfm-fast" waiting="0.00" lane="left_1" pos="46.92" speed="39.02" angle="100.08" x="57.33" y="-1.33"/>
        <vehicle id="cfm-fast_3" eclass="HBEFA3/PC_G_EU4" CO2="0.00" CO="0.00" HC="0.00" NOx="0.00" PMx="0.00" fuel="0.00" electricity="0.00" noise="71.77" route="routebottom" type="cfm-fast" waiting="0.00" lane="bottom_0" pos="6.64" speed="28.73" angle="82.52" x="77.95" y="-3.44"/>
        <vehicle id="cfm-fast_4" eclass="HBEFA3/PC_G_EU4" CO2="169310.43" CO="3631.43" HC="20.78" NOx="78.83" PMx="4.49" fuel="72.78" electricity="0.00" noise="136.16" route="routebottom" type="cfm-fast" waiting="0.00" lane="bottom_1" pos="31.52" speed="44.19" angle="37.78" x="118.26" y="27.84"/>
        <vehicle id="cfm-fast_5" eclass="HBEFA3/PC_G_EU4" CO2="0.00" CO="0.00" HC="0.00" NOx="0.00" PMx="0.00" fuel="0.00" electricity="0.00" noise="69.48" route="routebottom" type="cfm-fast" waiting="0.00" lane="bottom_0" pos="30.21" speed="22.92" angle="40.11" x="119.41" y="23.69"/>
        <vehicle id="cfm-slow_0" eclass="HBEFA3/PC_G_EU4" CO2="11246.10" CO="155.92" HC="0.99" NOx="4.76" PMx="0.24" fuel="4.83" electricity="0.00" noise="72.58" route="routebottom" type="cfm-slow" waiting="0.00" lane="bottom_0" pos="46.46" speed="19.97" angle="10.97" x="131.84" y="55.97"/>
        <vehicle id="cfm-slow_1" eclass="HBEFA3/PC_G_EU4" CO2="16082.52" CO="255.07" HC="1.56" NOx="7.03" PMx="0.37" fuel="6.91" electricity="0.00" noise="75.93" route="routebottom" type="cfm-slow" waiting="0.00" lane="right_0" pos="12.57" speed="20.53" angle="341.79" x="126.97" y="90.09"/>
        <vehicle id="cfm-slow_2" eclass="HBEFA3/PC_G_EU4" CO2="25928.73" CO="457.92" HC="2.73" NOx="11.64" PMx="0.63" fuel="11.15" electricity="0.00" noise="82.83" route="routebottom" type="cfm-slow" waiting="0.00" lane="right_0" pos="29.28" speed="21.99" angle="311.78" x="105.23" y="118.23"/>
        <vehicle id="cfm-slow_3" eclass="HBEFA3/PC_G_EU4" CO2="40696.06" CO="767.88" HC="4.51" NOx="18.54" PMx="1.02" fuel="17.49" electricity="0.00" noise="91.56" route="routebottom" type="cfm-slow" waiting="0.00" lane="right_0" pos="47.55" speed="25.01" angle="279.03" x="69.02" y="132.07"/>
        <vehicle id="cfm-slow_4" eclass="HBEFA3/PC_G_EU4" CO2="49656.58" CO="976.79" HC="5.69" NOx="22.66" PMx="1.27" fuel="21.34" electricity="0.00" noise="94.20" route="routetop" type="cfm-slow" waiting="0.00" lane="top_0" pos="18.99" speed="29.72" angle="240.21" x="25.10" y="120.40"/>
        <vehicle id="cfm-slow_5" eclass="HBEFA3/PC_G_EU4" CO2="28804.92" CO="589.51" HC="3.41" NOx="12.73" PMx="0.75" fuel="12.38" electricity="0.00" noise="82.57" route="routetop" type="cfm-slow" waiting="0.00" lane="top_0" pos="45.29" speed="34.34" angle="193.08" x="-4.18" y="73.86"/>
    </timestep>
    <timestep time="3.28">
        <vehicle id="cfm-fast_0" eclass="HBEFA3/PC_G_EU4" CO2="64672.96" CO="1361.87" HC="7.83" NOx="29.60" PMx="1.70" fuel="27.80" electricity="0.00" noise="98.26" route="routetop" type="cfm-fast" waiting="0.00" lane="left_1" pos="14.81" speed="37.12" angle="157.85" x="5.31" y="34.35"/>
        <vehicle id="cfm-fast_1" eclass="HBEFA3/PC_G_EU4" CO2="0.00" CO="0.00" HC="0.00" NOx="0.00" PMx="0.00" fuel="0.00" electricity="0.00" noise="75.00" route="routetop" type="cfm-fast" waiting="0.00" lane="left_0" pos="28.78" speed="33.08" angle="132.68" x="21.24" y="9.76"/>
        <vehicle id="cfm-fast_2" eclass="HBEFA3/PC_G_EU4" CO2="99942.31" CO="2116.14" HC="12.14" NOx="46.20" PMx="2.64" fuel="42.96" electricity="0.00" noise="112.73" route="routetop" type="cfm-fast" waiting="0.00" lane="left_1" pos="47.31" speed="39.11" angle="99.35" x="58.13" y="-1.41"/>
        <vehicle id="cfm-fast_3" eclass="HBEFA3/PC_G_EU4" CO2="0.00" CO="0.00" HC="0.00" NOx="0.00" PMx="0.00" fuel="0.00" electricity="0.00" noise="71.75" route="routebottom" type="cfm-fast" waiting="0.00" lane="bottom_0" pos="6.93" speed="28.71" angle="81.97" x="78.55" y="-3.30"/>
        <vehicle id="cfm-fast_4" eclass="HBEFA3/PC_G_EU4" CO2="169872.21" CO="3645.63" HC="20.85" NOx="79.10" PMx="4.50" fuel="73.02" electricity="0.00" noise="136.23" route="routebottom" type="cfm-fast" waiting="0.00" lane="bottom_1" pos="31.96" speed="44.33" angle="36.99" x="118.77" y="28.59"/>
        <vehicle id="cfm-fast_5" eclass="HBEFA3/PC_G_EU4" CO2="0.00" CO="0.00" HC="0.00" NOx="0.00" PMx="0.00" fuel="0.00" electricity="0.00" noise="69.47" route="routebottom" type="cfm-fast" waiting="0.00" lane="bottom_0" pos="30.44" speed="22.91" angle="39.69" x="119.70" y="24.09"/>
        <vehicle id="cfm-slow_0" eclass="HBEFA3/PC_G_EU4" CO2="11248.31" CO="155.95" HC="0.99" NOx="4.76" PMx="0.24" fuel="4.84" electricity="0.00" noise="72.58" route="routebottom" type="cfm-slow" waiting="0.00" lane="bottom_0" pos="46.66" speed="19.98" angle="10.61" x="131.88" y="56.39"/>
        <vehicle id="cfm-slow_1" eclass="HBEFA3/PC_G_EU4" CO2="16129.86" CO="256.03" HC="1.56" NOx="7.05" PMx="0.37" fuel="6.93" electricity="0.00" noise="75.96" route="routebottom" type="cfm-slow" waiting="0.00" lane="right_0" pos="12.77" speed="20.56" angle="341.47" x="126.80" y="90.51"/>
        <vehicle id="cfm-slow_2" eclass="HBEFA3/PC_G_EU4" CO2="26018.89" CO="459.80" HC="2.74" NOx="11.68" PMx="0.63" fuel="11.18" electricity="0.00" noise="82.88" route="routebottom" type="cfm-slow" waiting="0.00" lane="right_0" pos="29.51" speed="22.03" angle="311.43" x="104.86" y="118.52"/>
        <vehicle id="cfm-slow_3" eclass="HBEFA3/PC_G_EU4" CO2="40745.06" CO="769.07" HC="4.51" NOx="18.56" PMx="1.02" fuel="17.51" electricity="0.00" noise="91.55" route="routebottom" type="cfm-slow" waiting="0.00" lane="right_0" pos="47.80" speed="25.07" angle="278.56" x="68.49" y="132.10"/>
        <vehicle id="cfm-slow_4" eclass="HBEFA3/PC_G_EU4" CO2="49452.93" CO="973.00" HC="5.67" NOx="22.57" PMx="1.27" fuel="21.26" electricity="0.00" noise="94.05" route="routetop" type="cfm-slow" waiting="0.00" lane="top_0" pos="19.29" speed="29.77" angle="239.72" x="24.57" y="120.04"/>
        <vehicle id="cfm-slow_5" eclass="HBEFA3/PC_G_EU4" CO2="28324.29" CO="579.87" HC="3.36" NOx="12.50" PMx="0.74" fuel="12.18" electricity="0.00" noise="82.37" route="routetop" type="cfm-slow" waiting="0.00" lane="top_0" pos="45.63" speed="34.36" angle="192.44" x="-4.28" y="73.13"/>
    </timestep>
    <timestep time="3.29">
        <vehicle id="cfm-fast_0" eclass="HBEFA3/PC_G_EU4" CO2="64722.01" CO="1363.65" HC="7.84" NOx="29.62" PMx="1.70" fuel="27.82" electricity="0.00" noise="98.26" route="routetop" type="cfm-fast" waiting="0.00" lane="left_1" pos="15.18" speed="37.18" angle="157.16" x="5.65" y="33.66"/>
        <vehicle id="cfm-fast_1" eclass="HBEFA3/PC_G_EU4" CO2="0.00" CO="0.00" HC="0.00" NOx="0.00" PMx="0.00" fuel="0.00" electricity="0.00" noise="74.93" route="routetop" type="cfm-fast" waiting="0.00" lane="left_0" pos="29.11" speed="33.08" angle="132.07" x="21.80" y="9.32"/>
        <vehicle id="cfm-fast_2" eclass="HBEFA3/PC_G_EU4" CO2="100295.07" CO="2124.74" HC="12.19" NOx="46.36" PMx="2.65" fuel="43.11" electricity="0.00" noise="112.81" route="routetop" type="cfm-fast" waiting="0.00" lane="left_1" pos="47.71" speed="39.20" angle="98.68" x="58.93" y="-1.47"/>
        <vehicle id="cfm-fast_3" eclass="HBEFA3/PC_G_EU4" CO2="0.00" CO="0.00" HC="0.00" NOx="0.00" PMx="0.00" fuel="0.00" electricity="0.00" noise="71.73" route="routebottom" type="cfm-fast" waiting="0.00" lane="bottom_0" pos="7.22" speed="28.70" angle="81.42" x="79.15" y="-3.16"/>
        <vehicle id="cfm-fast_4" eclass="HBEFA3/PC_G_EU4" CO2="170434.28" CO="3659.85" HC="20.93" NOx="79.36" PMx="4.52" fuel="73.26" electricity="0.00" noise="136.30" route="routebottom" type="cfm-fast" waiting="0.00" lane="bottom_1" pos="32.41" speed="44.47" angle="36.21" x="119.24" y="29.37"/>
        <vehicle id="cfm-fast_5" eclass="HBEFA3/PC_G_EU4" CO2="0.00" CO="0.00" HC="0.00" NOx="0.00" PMx="0.00" fuel="0.00" electricity="0.00" noise="69.47" route="routebottom" type="cfm-fast" waiting="0.00" lane="bottom_0" pos="30.67" speed="22.91" angle="39.28" x="119.99" y="24.49"/>
        <vehicle id="cfm-slow_0" eclass="HBEFA3/PC_G_EU4" CO2="11251.28" CO="156.00" HC="0.99" NOx="4.76" PMx="0.24" fuel="4.84" electricity="0.00" noise="72.59" route="routebottom" type="cfm-slow" waiting="0.00" lane="bottom_0" pos="46.86" speed="20.00" angle="10.24" x="131.93" y="56.82"/>
        <vehicle id="cfm-slow_1" eclass="HBEFA3/PC_G_EU4" CO2="16177.90" CO="257.01" HC="1.57" NOx="7.07" PMx="0.37" fuel="6.95" electricity="0.00" noise="75.99" route="routebottom" type="cfm-slow" waiting="0.00" lane="right_0" pos="12.98" speed="20.58" angle="341.10" x="126.62" y="90.91"/>
        <vehicle id="cfm-slow_2" eclass="HBEFA3/PC_G_EU4" CO2="26109.05" CO="461.69" HC="2.75" NOx="11.72" PMx="0.63" fuel="11.22" electricity="0.00" noise="82.93" route="routebottom" type="cfm-slow" waiting="0.00" lane="right_0" pos="29.73" speed="22.07" angle="311.02" x="104.48" y="118.80"/>
        <vehicle id="cfm-slow_3" eclass="HBEFA3/PC_G_EU4" CO2="40792.32" CO="770.23" HC="4.52" NOx="18.58" PMx="1.02" fuel="17.53" electricity="0.00" noise="91.55" route="routebottom" type="cfm-slow" waiting="0.00" lane="right_0" pos="48.05" speed="25.12" angle="278.09" x="67.95" y="132.13"/>
        <vehicle id="cfm-slow_4" eclass="HBEFA3/PC_G_EU4" CO2="49246.71" CO="969.16" HC="5.64" NOx="22.47" PMx="1.26" fuel="21.17" electricity="0.00" noise="93.91" route="routetop" type="cfm-slow" waiting="0.00" lane="top_0" pos="19.59" speed="29.83" angle="239.18" x="24.05" y="119.66"/>
        <vehicle id="cfm-slow_5" eclass="HBEFA3/PC_G_EU4" CO2="27845.23" CO="570.26" HC="3.30" NOx="12.27" PMx="0.72" fuel="11.97" electricity="0.00" noise="82.17" route="routetop" type="cfm-slow" waiting="0.00" lane="top_0" pos="45.97" speed="34.39" angle="191.81" x="-4.38" y="72.40"/>
    </timestep>
    <timestep time="3.30">
        <vehicle id="cfm-fast_0" eclass="HBEFA3/PC_G_EU4" CO2="64775.58" CO="1365.53" HC="7.85" NOx="29.64" PMx="1.70" fuel="27.84" electricity="0.00" noise="98.26" route="routetop" type="cfm-fast" waiting="0.00" lane="left_1" pos="15.56" speed="37.24" angle="156.54" x="6.00" y="32.99"/>
        <vehicle id="cfm-fast_1" eclass="HBEFA3/PC_G_EU4" CO2="0.00" CO="0.00" HC="0.00" NOx="0.00" PMx="0.00" fuel="0.00" electricity="0.00" noise="74.86" route="routetop" type="cfm-fast" waiting="0.00" lane="left_0" pos="29.44" speed="33.07" angle="131.49" x="22.36" y="8.88"/>
        <vehicle id="cfm-fast_2" eclass="HBEFA3/PC_G_EU4" CO2="100651.24" CO="2133.41" HC="12.24" NOx="46.53" PMx="2.66" fuel="43.26" electricity="0.00" noise="112.90" route="routetop" type="cfm-fast" waiting="0.00" lane="left_1" pos="48.10" speed="39.29" angle="97.96" x="59.74" y="-1.52"/>
        <vehicle id="cfm-fast_3" eclass="HBEFA3/PC_G_EU4" CO2="0.00" CO="0.00" HC="0.00" NOx="0.00" PMx="0.00" fuel="0.00" electricity="0.00" noise="71.72" route="routebottom" type="cfm-fast" waiting="0.00" lane="bottom_0" pos="7.50" speed="28.68" angle="80.87" x="79.75" y="-3.03"/>
        <vehicle id="cfm-fast_4" eclass="HBEFA3/PC_G_EU4" CO2="170996.64" CO="3674.09" HC="21.01" NOx="79.62" PMx="4.53" fuel="73.50" electricity="0.00" noise="136.36" route="routebottom" type="cfm-fast" waiting="0.00" lane="bottom_1" pos="32.85" speed="44.60" angle="35.37" x="119.71" y="30.16"/>
        <vehicle id="cfm-fast_5" eclass="HBEFA3/PC_G_EU4" CO2="0.00" CO="0.00" HC="0.00" NOx="0.00" PMx="0.00" fuel="0.00" electricity="0.00" noise="69.46" route="routebottom" type="cfm-fast" waiting="0.00" lane="bottom_0" pos="30.90" speed="22.90" angle="38.91" x="120.27" y="24.90"/>
        <vehicle id="cfm-slow_0" eclass="HBEFA3/PC_G_EU4" CO2="11255.01" CO="156.06" HC="0.99" NOx="4.76" PMx="0.24" fuel="4.84" electricity="0.00" noise="72.59" route="routebottom" type="cfm-slow" waiting="0.00" lane="bottom_0" pos="47.06" speed="20.02" angle="9.87" x="131.97" y="57.25"/>
        <vehicle id="cfm-slow_1" eclass="HBEFA3/PC_G_EU4" CO2="16226.63" CO="258.00" HC="1.57" NOx="7.09" PMx="0.37" fuel="6.98" electricity="0.00" noise="76.03" route="routebottom" type="cfm-slow" waiting="0.00" lane="right_0" pos="13.19" speed="20.61" angle="340.73" x="126.44" y="91.31"/>
        <vehicle id="cfm-slow_2" eclass="HBEFA3/PC_G_EU4" CO2="26199.19" CO="463.57" HC="2.76" NOx="11.77" PMx="0.64" fuel="11.26" electricity="0.00" noise="82.98" route="routebottom" type="cfm-slow" waiting="0.00" lane="right_0" pos="29.95" speed="22.11" angle="310.61" x="104.09" y="119.08"/>
        <vehicle id="cfm-slow_3" eclass="HBEFA3/PC_G_EU4" CO2="40837.82" CO="771.35" HC="4.53" NOx="18.60" PMx="1.02" fuel="17.55" electricity="0.00" noise="91.54" route="routebottom" type="cfm-slow" waiting="0.00" lane="right_0" pos="48.31" speed="25.18" angle="277.62" x="67.40" y="132.16"/>
        <vehicle id="cfm-slow_4" eclass="HBEFA3/PC_G_EU4" CO2="49037.96" CO="965.27" HC="5.62" NOx="22.37" PMx="1.25" fuel="21.08" electricity="0.00" noise="93.76" route="routetop" type="cfm-slow" waiting="0.00" lane="top_0" pos="19.89" speed="29.88" angle="238.64" x="23.53" y="119.29"/>
        <vehicle id="cfm-slow_5" eclass="HBEFA3/PC_G_EU4" CO2="27367.78" CO="560.68" HC="3.25" NOx="12.05" PMx="0.71" fuel="11.76" electricity="0.00" noise="81.97" route="routetop" type="cfm-slow" waiting="0.00" lane="top_0" pos="46.32" speed="34.41" angle="191.24" x="-4.48" y="71.67"/>
    </timestep>
    <timestep time="3.31">
        <vehicle id="cfm-fast_0" eclass="HBEFA3/PC_G_EU4" CO2="64833.68" CO="1367.51" HC="7.86" NOx="29.67" PMx="1.71" fuel="27.87" electricity="0.00" noise="98.27" route="routetop" type="cfm-fast" waiting="0.00" lane="left_1" pos="15.93" speed="37.30" angle="155.85" x="6.37" y="32.32"/>
        <vehicle id="cfm-fast_1" eclass="HBEFA3/PC_G_EU4" CO2="0.00" CO="0.00" HC="0.00" NOx="0.00" PMx="0.00" fuel="0.00" electricity="0.00" noise="74.80" route="routetop" type="cfm-fast" waiting="0.00" lane="left_0" pos="29.77" speed="33.07" angle="130.91" x="22.93" y="8.46"/>
        <vehicle id="cfm-fast_2" eclass="HBEFA3/PC_G_EU4" CO2="101010.81" CO="2142.17" HC="12.29" NOx="46.70" PMx="2.67" fuel="43.42" electricity="0.00" noise="112.99" route="routetop" type="cfm-fast" waiting="0.00" lane="left_1" pos="48.49" speed="39.37" angle="97.23" x="60.54" y="-1.57"/>
        <vehicle id="cfm-fast_3" eclass="HBEFA3/PC_G_EU4" CO2="0.00" CO="0.00" HC="0.00" NOx="0.00" PMx="0.00" fuel="0.00" electricity="0.00" noise="71.70" route="routebottom" type="cfm-fast" waiting="0.00" lane="bottom_0" pos="7.79" speed="28.66" angle="80.40" x="80.35" y="-2.88"/>
        <vehicle id="cfm-fast_4" eclass="HBEFA3/PC_G_EU4" CO2="171559.29" CO="3688.35" HC="21.09" NOx="79.88" PMx="4.55" fuel="73.74" electricity="0.00" noise="136.43" route="routebottom" type="cfm-fast" waiting="0.00" lane="bottom_1" pos="33.30" speed="44.74" angle="34.58" x="120.18" y="30.94"/>
        <vehicle id="cfm-fast_5" eclass="HBEFA3/PC_G_EU4" CO2="0.00" CO="0.00" HC="0.00" NOx="0.00" PMx="0.00" fuel="0.00" electricity="0.00" noise="69.46" route="routebottom" type="cfm-fast" waiting="0.00" lane="bottom_0" pos="31.12" speed="22.89" angle="38.50" x="120.54" y="25.31"/>
        <vehicle id="cfm-slow_0" eclass="HBEFA3/PC_G_EU4" CO2="11259.49" CO="156.14" HC="0.99" NOx="4.76" PMx="0.24" fuel="4.84" electricity="0.00" noise="72.60" route="routebottom" type="cfm-slow" waiting="0.00" lane="bottom_0" pos="47.26" speed="20.03" angle="9.51" x="132.01" y="57.68"/>
        <vehicle id="cfm-slow_1" eclass="HBEFA3/PC_G_EU4" CO2="16276.06" CO="259.01" HC="1.58" NOx="7.12" PMx="0.38" fuel="7.00" electricity="0.00" noise="76.06" route="routebottom" type="cfm-slow" waiting="0.00" lane="right_0" pos="13.39" speed="20.63" angle="340.36" x="126.26" y="91.72"/>
        <vehicle id="cfm-slow_2" eclass="HBEFA3/PC_G_EU4" CO2="26289.29" CO="465.46" HC="2.77" NOx="11.81" PMx="0.64" fuel="11.30" electricity="0.00" noise="83.03" route="routebottom" type="cfm-slow" waiting="0.00" lane="right_0" pos="30.17" speed="22.15" angle="310.20" x="103.70" y="119.36"/>
        <vehicle id="cfm-slow_3" eclass="HBEFA3/PC_G_EU4" CO2="40881.55" CO="772.44" HC="4.53" NOx="18.62" PMx="1.03" fuel="17.57" electricity="0.00" noise="91.53" route="routebottom" type="cfm-slow" waiting="0.00" lane="right_0" pos="48.56" speed="25.24" angle="277.15" x="66.86" y="132.19"/>
        <vehicle id="cfm-slow_4" eclass="HBEFA3/PC_G_EU4" CO2="48826.70" CO="961.32" HC="5.60" NOx="22.27" PMx="1.25" fuel="20.99" electricity="0.00" noise="93.61" route="routetop" type="cfm-slow" waiting="0.00" lane="top_0" pos="20.19" speed="29.94" angle="238.09" x="23.00" y="118.91"/>
        <vehicle id="cfm-slow_5" eclass="HBEFA3/PC_G_EU4" CO2="26891.96" CO="551.12" HC="3.19" NOx="11.82" PMx="0.70" fuel="11.56" electricity="0.00" noise="81.78" route="routetop" type="cfm-slow" waiting="0.00" lane="top_0" pos="46.66" speed="34.43" angle="190.60" x="-4.55" y="70.93"/>
    </timestep>
    <timestep time="3.32">
        <vehicle id="cfm-fast_0" eclass="HBEFA3/PC_G_EU4" CO2="64896.28" CO="1369.57" HC="7.87" NOx="29.70" PMx="1.71" fuel="27.90" electricity="0.00" noise="98.27" route="routetop" type="cfm-fast" waiting="0.00" lane="left_1" pos="16.30" speed="37.35" angle="155.16" x="6.75" y="31.65"/>
        <vehicle id="cfm-fast_1" eclass="HBEFA3/PC_G_EU4" CO2="0.00" CO="0.00" HC="0.00" NOx="0.00" PMx="0.00" fuel="0.00" electricity="0.00" noise="74.73" route="routetop" type="cfm-fast" waiting="0.00" lane="left_0" pos="30.10" speed="33.07" angle="130.30" x="23.51" y="8.05"/>
        <vehicle id="cfm-fast_2" eclass="HBEFA3/PC_G_EU4" CO2="101373.73" CO="2151.00" HC="12.34" NOx="46.87" PMx="2.68" fuel="43.58" electricity="0.00" noise="113.08" route="routetop" type="cfm-fast" waiting="0.00" lane="left_1" pos="48.89" speed="39.46" angle="96.56" x="61.35" y="-1.61"/>
        <vehicle id="cfm-fast_3" eclass="HBEFA3/PC_G_EU4" CO2="0.00" CO="0.00" HC="0.00" NOx="0.00" PMx="0.00" fuel="0.00" electricity="0.00" noise="71.68" route="routebottom" type="cfm-fast" waiting="0.00" lane="bottom_0" pos="8.08" speed="28.64" angle="79.88" x="80.95" y="-2.72"/>
        <vehicle id="cfm-fast_4" eclass="HBEFA3/PC_G_EU4" CO2="172122.24" CO="3702.64" HC="21.17" NOx="80.15" PMx="4.57" fuel="73.99" electricity="0.00" noise="136.49" route="routebottom" type="cfm-fast" waiting="0.00" lane="bottom_1" pos="33.75" speed="44.88" angle="33.78" x="120.63" y="31.75"/>
        <vehicle id="cfm-fast_5" eclass="HBEFA3/PC_G_EU4" CO2="0.00" CO="0.00" HC="0.00" NOx="0.00" PMx="0.00" fuel="0.00" electricity="0.00" noise="69.45" route="routebottom" type="cfm-fast" waiting="0.00" lane="bottom_0" pos="31.35" speed="22.89" angle="38.09" x="120.81" y="25.72"/>
        <vehicle id="cfm-slow_0" eclass="HBEFA3/PC_G_EU4" CO2="11264.72" CO="156.23" HC="0.99" NOx="4.77" PMx="0.24" fuel="4.84" electricity="0.00" noise="72.60" route="routebottom" type="cfm-slow" waiting="0.00" lane="bottom_0" pos="47.46" speed="20.05" angle="9.19" x="132.06" y="58.11"/>
        <vehicle id="cfm-slow_1" eclass="HBEFA3/PC_G_EU4" CO2="16326.16" CO="260.03" HC="1.59" NOx="7.14" PMx="0.38" fuel="7.02" electricity="0.00" noise="76.09" route="routebottom" type="cfm-slow" waiting="0.00" lane="right_0" pos="13.60" speed="20.65" angle="339.98" x="126.08" y="92.13"/>
        <vehicle id="cfm-slow_2" eclass="HBEFA3/PC_G_EU4" CO2="26379.34" CO="467.35" HC="2.78" NOx="11.85" PMx="0.64" fuel="11.34" electricity="0.00" noise="83.08" route="routebottom" type="cfm-slow" waiting="0.00" lane="right_0" pos="30.39" speed="22.19" angle="309.79" x="103.31" y="119.64"/>
        <vehicle id="cfm-slow_3" eclass="HBEFA3/PC_G_EU4" CO2="40923.50" CO="773.50" HC="4.54" NOx="18.64" PMx="1.03" fuel="17.59" electricity="0.00" noise="91.52" route="routebottom" type="cfm-slow" waiting="0.00" lane="right_0" pos="48.81" speed="25.29" angle="276.74" x="66.32" y="132.22"/>
        <vehicle id="cfm-slow_4" eclass="HBEFA3/PC_G_EU4" CO2="48612.98" CO="957.32" HC="5.57" NOx="22.17" PMx="1.24" fuel="20.90" electricity="0.00" noise="93.46" route="routetop" type="cfm-slow" waiting="0.00" lane="top_0" pos="20.49" speed="29.99" angle="237.60" x="22.48" y="118.53"/>
        <vehicle id="cfm-slow_5" eclass="HBEFA3/PC_G_EU4" CO2="26417.80" CO="541.59" HC="3.14" NOx="11.60" PMx="0.69" fuel="11.36" electricity="0.00" noise="81.59" route="routetop" type="cfm-slow" waiting="0.00" lane="top_0" pos="47.01" speed="34.45" angle="189.97" x="-4.63" y="70.19"/>
    </timestep>
    <timestep time="3.33">
        <vehicle id="cfm-fast_0" eclass="HBEFA3/PC_G_EU4" CO2="64963.35" CO="1371.74" HC="7.88" NOx="29.73" PMx="1.71" fuel="27.92" electricity="0.00" noise="98.28" route="routetop" type="cfm-fast" waiting="0.00" lane="left_1" pos="16.68" speed="37.41" angle="154.52" x="7.12" y="30.98"/>
        <vehicle id="cfm-fast_1" eclass="HBEFA3/PC_G_EU4" CO2="0.00" CO="0.00" HC="0.00" NOx="0.00" PMx="0.00" fuel="0.00" electricity="0.00" noise="74.68" route="routetop" type="cfm-fast" waiting="0.00" lane="left_0" pos="30.43" speed="33.06" angle="129.70" x="24.09" y="7.63"/>
        <vehicle id="cfm-fast_2" eclass="HBEFA3/PC_G_EU4" CO2="101739.97" CO="2159.91" HC="12.39" NOx="47.04" PMx="2.69" fuel="43.73" electricity="0.00" noise="113.18" route="routetop" type="cfm-fast" waiting="0.00" lane="left_1" pos="49.28" speed="39.55" angle="95.81" x="62.16" y="-1.62"/>
        <vehicle id="cfm-fast_3" eclass="HBEFA3/PC_G_EU4" CO2="0.00" CO="0.00" HC="0.00" NOx="0.00" PMx="0.00" fuel="0.00" electricity="0.00" noise="71.67" route="routebottom" type="cfm-fast" waiting="0.00" lane="bottom_0" pos="8.36" speed="28.62" angle="79.35" x="81.54" y="-2.56"/>
        <vehicle id="cfm-fast_4" eclass="HBEFA3/PC_G_EU4" CO2="172685.47" CO="3716.95" HC="21.25" NOx="80.41" PMx="4.58" fuel="74.23" electricity="0.00" noise="136.56" route="routebottom" type="cfm-fast" waiting="0.00" lane="bottom_1" pos="34.20" speed="45.01" angle="32.97" x="121.08" y="32.55"/>
        <vehicle id="cfm-fast_5" eclass="HBEFA3/PC_G_EU4" CO2="0.00" CO="0.00" HC="0.00" NOx="0.00" PMx="0.00" fuel="0.00" electricity="0.00" noise="69.45" route="routebottom" type="cfm-fast" waiting="0.00" lane="bottom_0" pos="31.58" speed="22.88" angle="37.67" x="121.09" y="26.13"/>
        <vehicle id="cfm-slow_0" eclass="HBEFA3/PC_G_EU4" CO2="11270.69" CO="156.34" HC="0.99" NOx="4.77" PMx="0.24" fuel="4.84" electricity="0.00" noise="72.61" route="routebottom" type="cfm-slow" waiting="0.00" lane="bottom_0" pos="47.66" speed="20.06" angle="8.83" x="132.08" y="58.54"/>
        <vehicle id="cfm-slow_1" eclass="HBEFA3/PC_G_EU4" CO2="16376.93" CO="261.06" HC="1.59" NOx="7.16" PMx="0.38" fuel="7.04" electricity="0.00" noise="76.13" route="routebottom" type="cfm-slow" waiting="0.00" lane="right_0" pos="13.80" speed="20.68" angle="339.61" x="125.90" y="92.53"/>
        <vehicle id="cfm-slow_2" eclass="HBEFA3/PC_G_EU4" CO2="26469.32" CO="469.24" HC="2.79" NOx="11.89" PMx="0.64" fuel="11.38" electricity="0.00" noise="83.13" route="routebottom" type="cfm-slow" waiting="0.00" lane="right_0" pos="30.61" speed="22.23" angle="309.38" x="102.93" y="119.91"/>
        <vehicle id="cfm-slow_3" eclass="HBEFA3/PC_G_EU4" CO2="40963.66" CO="774.52" HC="4.55" NOx="18.66" PMx="1.03" fuel="17.61" electricity="0.00" noise="91.51" route="routebottom" type="cfm-slow" waiting="0.00" lane="right_0" pos="49.06" speed="25.35" angle="276.26" x="65.77" y="132.23"/>
        <vehicle id="cfm-slow_4" eclass="HBEFA3/PC_G_EU4" CO2="48396.81" CO="953.28" HC="5.55" NOx="22.06" PMx="1.24" fuel="20.80" electricity="0.00" noise="93.32" route="routetop" type="cfm-slow" waiting="0.00" lane="top_0" pos="20.79" speed="30.05" angle="237.05" x="21.97" y="118.13"/>
        <vehicle id="cfm-slow_5" eclass="HBEFA3/PC_G_EU4" CO2="25945.35" CO="532.09" HC="3.08" NOx="11.38" PMx="0.67" fuel="11.15" electricity="0.00" noise="81.40" route="routetop" type="cfm-slow" waiting="0.00" lane="top_0" pos="47.35" speed="34.47" angle="189.34" x="-4.70" y="69.45"/>
    </timestep>
    <timestep time="3.34">
        <vehicle id="cfm-fast_0" eclass="HBEFA3/PC_G_EU4" CO2="65034.89" CO="1373.99" HC="7.89" NOx="29.76" PMx="1.71" fuel="27.96" electricity="0.00" noise="98.29" route="routetop" type="cfm-fast" waiting="0.00" lane="left_1" pos="17.05" speed="37.47" angle="153.82" x="7.51" y="30.32"/>
        <vehicle id="cfm-fast_1" eclass="HBEFA3/PC_G_EU4" CO2="0.00" CO="0.00" HC="0.00" NOx="0.00" PMx="0.00" fuel="0.00" electricity="0.00" noise="74.62" route="routetop" type="cfm-fast" waiting="0.00" lane="left_0" pos="30.77" speed="33.06" angle="129.15" x="24.66" y="7.21"/>
        <vehicle id="cfm-fast_2" eclass="HBEFA3/PC_G_EU4" CO2="102109.51" CO="2168.89" HC="12.44" NOx="47.21" PMx="2.70" fuel="43.89" electricity="0.00" noise="113.27" route="routetop" type="cfm-fast" waiting="0.00" lane="left_1" pos="49.68" speed="39.64" angle="95.07" x="62.97" y="-1.64"/>
        <vehicle id="cfm-fast_3" eclass="HBEFA3/PC_G_EU4" CO2="0.00" CO="0.00" HC="0.00" NOx="0.00" PMx="0.00" fuel="0.00" electricity="0.00" noise="71.65" route="routebottom" type="cfm-fast" waiting="0.00" lane="bottom_0" pos="8.65" speed="28.60" angle="78.83" x="82.14" y="-2.40"/>
        <vehicle id="cfm-fast_4" eclass="HBEFA3/PC_G_EU4" CO2="173249.00" CO="3731.28" HC="21.33" NOx="80.67" PMx="4.60" fuel="74.47" electricity="0.00" noise="136.62" route="routebottom" type="cfm-fast" waiting="0.00" lane="bottom_1" pos="34.65" speed="45.15" angle="32.20" x="121.52" y="33.37"/>
        <vehicle id="cfm-fast_5" eclass="HBEFA3/PC_G_EU4" CO2="0.00" CO="0.00" HC="0.00" NOx="0.00" PMx="0.00" fuel="0.00" electricity="0.00" noise="69.44" route="routebottom" type="cfm-fast" waiting="0.00" lane="bottom_0" pos="31.81" speed="22.88" angle="37.26" x="121.36" y="26.54"/>
        <vehicle id="cfm-slow_0" eclass="HBEFA3/PC_G_EU4" CO2="11277.41" CO="156.46" HC="0.99" NOx="4.77" PMx="0.24" fuel="4.85" electricity="0.00" noise="72.62" route="routebottom" type="cfm-slow" waiting="0.00" lane="bottom_0" pos="47.86" speed="20.08" angle="8.45" x="132.11" y="58.97"/>
        <vehicle id="cfm-slow_1" eclass="HBEFA3/PC_G_EU4" CO2="16428.37" CO="262.11" HC="1.60" NOx="7.19" PMx="0.38" fuel="7.06" electricity="0.00" noise="76.16" route="routebottom" type="cfm-slow" waiting="0.00" lane="right_0" pos="14.01" speed="20.70" angle="339.26" x="125.72" y="92.94"/>
        <vehicle id="cfm-slow_2" eclass="HBEFA3/PC_G_EU4" CO2="26559.21" CO="471.12" HC="2.80" NOx="11.93" PMx="0.65" fuel="11.42" electricity="0.00" noise="83.18" route="routebottom" type="cfm-slow" waiting="0.00" lane="right_0" pos="30.84" speed="22.26" angle="309.02" x="102.53" y="120.19"/>
        <vehicle id="cfm-slow_3" eclass="HBEFA3/PC_G_EU4" CO2="41002.02" CO="775.50" HC="4.55" NOx="18.68" PMx="1.03" fuel="17.62" electricity="0.00" noise="91.50" route="routebottom" type="cfm-slow" waiting="0.00" lane="right_0" pos="49.32" speed="25.40" angle="275.79" x="65.23" y="132.24"/>
        <vehicle id="cfm-slow_4" eclass="HBEFA3/PC_G_EU4" CO2="48178.22" CO="949.18" HC="5.53" NOx="21.96" PMx="1.23" fuel="20.71" electricity="0.00" noise="93.17" route="routetop" type="cfm-slow" waiting="0.00" lane="top_0" pos="21.09" speed="30.10" angle="236.50" x="21.46" y="117.73"/>
        <vehicle id="cfm-slow_5" eclass="HBEFA3/PC_G_EU4" CO2="25474.61" CO="522.62" HC="3.03" NOx="11.15" PMx="0.66" fuel="10.95" electricity="0.00" noise="81.21" route="routetop" type="cfm-slow" waiting="0.00" lane="top_0" pos="47.70" speed="34.49" angle="188.75" x="-4.76" y="68.71"/>
    </timestep>
    <timestep time="3.35">
        <vehicle id="cfm-fast_0" eclass="HBEFA3/PC_G_EU4" CO2="65110.86" CO="1376.34" HC="7.90" NOx="29.79" PMx="1.72" fuel="27.99" electricity="0.00" noise="98.30" route="routetop" type="cfm-fast" waiting="0.00" lane="left_1" pos="17.43" speed="37.53" angle="153.12" x="7.91" y="29.66"/>
        <vehicle id="cfm-fast_1" eclass="HBEFA3/PC_G_EU4" CO2="0.00" CO="0.00" HC="0.00" NOx="0.00" PMx="0.00" fuel="0.00" electricity="0.00" noise="74.56" route="routetop" type="cfm-fast" waiting="0.00" lane="left_0" pos="31.10" speed="33.05" angle="128.56" x="25.25" y="6.82"/>
        <vehicle id="cfm-fast_2" eclass="HBEFA3/PC_G_EU4" CO2="102482.32" CO="2177.95" HC="12.49" NOx="47.38" PMx="2.71" fuel="44.05" electricity="0.00" noise="113.36" route="routebottom" type="cfm-fast" waiting="0.00" lane="bottom_1" pos="0.08" speed="39.73" angle="94.35" x="63.85" y="-1.65"/>
        <vehicle id="cfm-fast_3" eclass="HBEFA3/PC_G_EU4" CO2="0.00" CO="0.00" HC="0.00" NOx="0.00" PMx="0.00" fuel="0.00" electricity="0.00" noise="71.63" route="routebottom" type="cfm-fast" waiting="0.00" lane="bottom_0" pos="8.94" speed="28.58" angle="78.35" x="82.73" y="-2.24"/>
        <vehicle id="cfm-fast_4" eclass="HBEFA3/PC_G_EU4" CO2="173812.83" CO="3745.63" HC="21.41" NOx="80.94" PMx="4.61" fuel="74.71" electricity="0.00" noise="136.69" route="routebottom" type="cfm-fast" waiting="0.00" lane="bottom_1" pos="35.11" speed="45.28" angle="31.36" x="121.94" y="34.20"/>
        <vehicle id="cfm-fast_5" eclass="HBEFA3/PC_G_EU4" CO2="0.00" CO="0.00" HC="0.00" NOx="0.00" PMx="0.00" fuel="0.00" electricity="0.00" noise="69.44" route="routebottom" type="cfm-fast" waiting="0.00" lane="bottom_0" pos="32.04" speed="22.87" angle="36.91" x="121.64" y="26.94"/>
        <vehicle id="cfm-slow_0" eclass="HBEFA3/PC_G_EU4" CO2="11284.87" CO="156.60" HC="0.99" NOx="4.77" PMx="0.24" fuel="4.85" electricity="0.00" noise="72.62" route="routebottom" type="cfm-slow" waiting="0.00" lane="bottom_0" pos="48.06" speed="20.09" angle="8.07" x="132.13" y="59.40"/>
        <vehicle id="cfm-slow_1" eclass="HBEFA3/PC_G_EU4" CO2="16480.45" CO="263.18" HC="1.60" NOx="7.21" PMx="0.38" fuel="7.08" electricity="0.00" noise="76.20" route="routebottom" type="cfm-slow" waiting="0.00" lane="right_0" pos="14.22" speed="20.73" angle="338.90" x="125.52" y="93.34"/>
        <vehicle id="cfm-slow_2" eclass="HBEFA3/PC_G_EU4" CO2="26649.01" CO="473.01" HC="2.81" NOx="11.97" PMx="0.65" fuel="11.46" electricity="0.00" noise="83.22" route="routebottom" type="cfm-slow" waiting="0.00" lane="right_0" pos="31.06" speed="22.30" angle="308.62" x="102.14" y="120.46"/>
        <vehicle id="cfm-slow_3" eclass="HBEFA3/PC_G_EU4" CO2="41038.57" CO="776.45" HC="4.56" NOx="18.69" PMx="1.03" fuel="17.64" electricity="0.00" noise="91.49" route="routebottom" type="cfm-slow" waiting="0.00" lane="right_0" pos="49.57" speed="25.46" angle="275.31" x="64.68" y="132.25"/>
        <vehicle id="cfm-slow_4" eclass="HBEFA3/PC_G_EU4" CO2="47957.26" CO="945.03" HC="5.50" NOx="21.85" PMx="1.23" fuel="20.61" electricity="0.00" noise="93.02" route="routetop" type="cfm-slow" waiting="0.00" lane="top_0" pos="21.39" speed="30.16" angle="235.95" x="20.95" y="117.33"/>
        <vehicle id="cfm-slow_5" eclass="HBEFA3/PC_G_EU4" CO2="25005.64" CO="513.19" HC="2.97" NOx="10.93" PMx="0.65" fuel="10.75" electricity="0.00" noise="81.03" route="routetop" type="cfm-slow" waiting="0.00" lane="top_0" pos="48.04" speed="34.51" angle="188.09" x="-4.80" y="67.97"/>
    </timestep>
    <timestep time="3.36">
        <vehicle id="cfm-fast_0" eclass="HBEFA3/PC_G_EU4" CO2="65191.26" CO="1378.79" HC="7.92" NOx="29.83" PMx="1.72" fuel="28.02" electricity="0.00" noise="98.31" route="routetop" type="cfm-fast" waiting="0.00" lane="left_1" pos="17.80" speed="37.58" angle="152.42" x="8.31" y="29.00"/>
        <vehicle id="cfm-fast_1" eclass="HBEFA3/PC_G_EU4" CO2="0.00" CO="0.00" HC="0.00" NOx="0.00" PMx="0.00" fuel="0.00" electricity="0.00" noise="74.51" route="routetop" type="cfm-fast" waiting="0.00" lane="left_0" pos="31.43" speed="33.04" angle="127.96" x="25.85" y="6.42"/>
        <vehicle id="cfm-fast_2" eclass="HBEFA3/PC_G_EU4" CO2="102858.36" CO="2187.09" HC="12.54" NOx="47.56" PMx="2.72" fuel="44.21" electricity="0.00" noise="113.46" route="routebottom" type="cfm-fast" waiting="0.00" lane="bottom_1" pos="0.47" speed="39.82" angle="93.63" x="64.66" y="-1.63"/>
        <vehicle id="cfm-fast_3" eclass="HBEFA3/PC_G_EU4" CO2="0.00" CO="0.00" HC="0.00" NOx="0.00" PMx="0.00" fuel="0.00" electricity="0.00" noise="71.62" route="routebottom" type="cfm-fast" waiting="0.00" lane="bottom_0" pos="9.22" speed="28.56" angle="77.83" x="83.32" y="-2.06"/>
        <vehicle id="cfm-fast_4" eclass="HBEFA3/PC_G_EU4" CO2="174376.94" CO="3760.00" HC="21.49" NOx="81.20" PMx="4.63" fuel="74.96" electricity="0.00" noise="136.76" route="routebottom" type="cfm-fast" waiting="0.00" lane="bottom_1" pos="35.56" speed="45.42" angle="30.52" x="122.35" y="35.03"/>
        <vehicle id="cfm-fast_5" eclass="HBEFA3/PC_G_EU4" CO2="0.00" CO="0.00" HC="0.00" NOx="0.00" PMx="0.00" fuel="0.00" electricity="0.00" noise="69.43" route="routebottom" type="cfm-fast" waiting="0.00" lane="bottom_0" pos="32.27" speed="22.87" angle="36.50" x="121.89" y="27.37"/>
        <vehicle id="cfm-slow_0" eclass="HBEFA3/PC_G_EU4" CO2="11293.06" CO="156.76" HC="0.99" NOx="4.78" PMx="0.24" fuel="4.85" electricity="0.00" noise="72.63" route="routebottom" type="cfm-slow" waiting="0.00" lane="bottom_0" pos="48.26" speed="20.11" angle="7.69" x="132.16" y="59.83"/>
        <vehicle id="cfm-slow_1" eclass="HBEFA3/PC_G_EU4" CO2="16533.18" CO="264.25" HC="1.61" NOx="7.24" PMx="0.38" fuel="7.11" electricity="0.00" noise="76.23" route="routebottom" type="cfm-slow" waiting="0.00" lane="right_0" pos="14.43" speed="20.75" angle="338.51" x="125.32" y="93.74"/>
        <vehicle id="cfm-slow_2" eclass="HBEFA3/PC_G_EU4" CO2="26738.69" CO="474.89" HC="2.82" NOx="12.01" PMx="0.65" fuel="11.49" electricity="0.00" noise="83.27" route="routebottom" type="cfm-slow" waiting="0.00" lane="right_0" pos="31.28" speed="22.34" angle="308.22" x="101.74" y="120.72"/>
        <vehicle id="cfm-slow_3" eclass="HBEFA3/PC_G_EU4" CO2="41073.30" CO="777.37" HC="4.56" NOx="18.71" PMx="1.03" fuel="17.66" electricity="0.00" noise="91.48" route="routebottom" type="cfm-slow" waiting="0.00" lane="right_0" pos="49.83" speed="25.51" angle="274.84" x="64.13" y="132.26"/>
        <vehicle id="cfm-slow_4" eclass="HBEFA3/PC_G_EU4" CO2="47733.94" CO="940.83" HC="5.48" NOx="21.75" PMx="1.22" fuel="20.52" electricity="0.00" noise="92.87" route="routetop" type="cfm-slow" waiting="0.00" lane="top_0" pos="21.69" speed="30.21" angle="235.41" x="20.44" y="116.93"/>
        <vehicle id="cfm-slow_5" eclass="HBEFA3/PC_G_EU4" CO2="24538.45" CO="503.78" HC="2.92" NOx="10.71" PMx="0.64" fuel="10.55" electricity="0.00" noise="80.85" route="routetop" type="cfm-slow" waiting="0.00" lane="top_0" pos="48.39" speed="34.53" angle="187.43" x="-4.84" y="67.23"/>
    </timestep>
    <timestep time="3.37">
        <vehicle id="cfm-fast_0" eclass="HBEFA3/PC_G_EU4" CO2="65276.05" CO="1381.32" HC="7.93" NOx="29.87" PMx="1.72" fuel="28.06" electricity="0.00" noise="98.33" route="routetop" type="cfm-fast" waiting="0.00" lane="left_1" pos="18.18" speed="37.64" angle="151.77" x="8.73" y="28.35"/>
        <vehicle id="cfm-fast_1" eclass="HBEFA3/PC_G_EU4" CO2="0.00" CO="0.00" HC="0.00" NOx="0.00" PMx="0.00" fuel="0.00" electricity="0.00" noise="74.46" route="routetop" type="cfm-fast" waiting="0.00" lane="left_0" pos="31.76" speed="33.04" angle="127.37" x="26.44" y="6.03"/>
        <vehicle id="cfm-fast_2" eclass="HBEFA3/PC_G_EU4" CO2="103237.61" CO="2196.30" HC="12.59" NOx="47.74" PMx="2.73" fuel="44.38" electricity="0.00" noise="113.56" route="routebottom" type="cfm-fast" waiting="0.00" lane="bottom_1" pos="0.87" speed="39.91" angle="92.90" x="65.48" y="-1.62"/>
        <vehicle id="cfm-fast_3" eclass="HBEFA3/PC_G_EU4" CO2="0.00" CO="0.00" HC="0.00" NOx="0.00" PMx="0.00" fuel="0.00" electricity="0.00" noise="71.60" route="routebottom" type="cfm-fast" waiting="0.00" lane="bottom_0" pos="9.51" speed="28.54" angle="77.30" x="83.91" y="-1.88"/>
        <vehicle id="cfm-fast_4" eclass="HBEFA3/PC_G_EU4" CO2="174941.34" CO="3774.39" HC="21.57" NOx="81.47" PMx="4.65" fuel="75.20" electricity="0.00" noise="136.82" route="routebottom" type="cfm-fast" waiting="0.00" lane="bottom_1" pos="36.02" speed="45.56" angle="29.72" x="122.76" y="35.87"/>
        <vehicle id="cfm-fast_5" eclass="HBEFA3/PC_G_EU4" CO2="0.00" CO="0.00" HC="0.00" NOx="0.00" PMx="0.00" fuel="0.00" electricity="0.00" noise="69.43" route="routebottom" type="cfm-fast" waiting="0.00" lane="bottom_0" pos="32.50" speed="22.86" angle="36.07" x="122.14" y="27.79"/>
        <vehicle id="cfm-slow_0" eclass="HBEFA3/PC_G_EU4" CO2="11301.98" CO="156.93" HC="0.99" NOx="4.78" PMx="0.25" fuel="4.86" electricity="0.00" noise="72.64" route="routebottom" type="cfm-slow" waiting="0.00" lane="bottom_0" pos="48.46" speed="20.12" angle="7.31" x="132.18" y="60.27"/>
        <vehicle id="cfm-slow_1" eclass="HBEFA3/PC_G_EU4" CO2="16586.54" CO="265.34" HC="1.62" NOx="7.26" PMx="0.38" fuel="7.13" electricity="0.00" noise="76.27" route="routebottom" type="cfm-slow" waiting="0.00" lane="right_0" pos="14.63" speed="20.78" angle="338.11" x="125.12" y="94.14"/>
        <vehicle id="cfm-slow_2" eclass="HBEFA3/PC_G_EU4" CO2="26828.24" CO="476.78" HC="2.84" NOx="12.06" PMx="0.65" fuel="11.53" electricity="0.00" noise="83.32" route="routebottom" type="cfm-slow" waiting="0.00" lane="right_0" pos="31.51" speed="22.38" angle="307.82" x="101.34" y="120.99"/>
        <vehicle id="cfm-slow_3" eclass="HBEFA3/PC_G_EU4" CO2="41106.20" CO="778.24" HC="4.57" NOx="18.72" PMx="1.03" fuel="17.67" electricity="0.00" noise="91.46" route="routetop" type="cfm-slow" waiting="0.00" lane="top_0" pos="0.08" speed="25.57" angle="274.32" x="63.39" y="132.27"/>
        <vehicle id="cfm-slow_4" eclass="HBEFA3/PC_G_EU4" CO2="47508.29" CO="936.59" HC="5.45" NOx="21.64" PMx="1.22" fuel="20.42" electricity="0.00" noise="92.72" route="routetop" type="cfm-slow" waiting="0.00" lane="top_0" pos="22.00" speed="30.26" angle="234.88" x="19.94" y="116.52"/>
        <vehicle id="cfm-slow_5" eclass="HBEFA3/PC_G_EU4" CO2="24073.08" CO="494.40" HC="2.86" NOx="10.49" PMx="0.63" fuel="10.35" electricity="0.00" noise="80.67" route="routetop" type="cfm-slow" waiting="0.00" lane="top_0" pos="48.73" speed="34.55" angle="186.82" x="-4.89" y="66.49"/>
    </timestep>
    <timestep time="3.38">
        <vehicle id="cfm-fast_0" eclass="HBEFA3/PC_G_EU4" CO2="65365.23" CO="1383.95" HC="7.94" NOx="29.91" PMx="1.72" fuel="28.10" electricity="0.00" noise="98.34" route="routetop" type="cfm-fast" waiting="0.00" lane="left_1" pos="18.56" speed="37.70" angle="151.05" x="9.15" y="27.71"/>
        <vehicle id="cfm-fast_1" eclass="HBEFA3/PC_G_EU4" CO2="0.00" CO="0.00" HC="0.00" NOx="0.00" PMx="0.00" fuel="0.00" electricity="0.00" noise="74.41" route="routetop" type="cfm-fast" waiting="0.00" lane="left_0" pos="32.09" speed="33.03" angle="126.83" x="27.03" y="5.64"/>
        <vehicle id="cfm-fast_2" eclass="HBEFA3/PC_G_EU4" CO2="103620.04" CO="2205.58" HC="12.64" NOx="47.92" PMx="2.74" fuel="44.54" electricity="0.00" noise="113.65" route="routebottom" type="cfm-fast" waiting="0.00" lane="bottom_1" pos="1.27" speed="40.00" angle="92.21" x="66.30" y="-1.60"/>
        <vehicle id="cfm-fast_3" eclass="HBEFA3/PC_G_EU4" CO2="0.00" CO="0.00" HC="0.00" NOx="0.00" PMx="0.00" fuel="0.00" electricity="0.00" noise="71.58" route="routebottom" type="cfm-fast" waiting="0.00" lane="bottom_0" pos="9.79" speed="28.52" angle="76.78" x="84.49" y="-1.70"/>
        <vehicle id="cfm-fast_4" eclass="HBEFA3/PC_G_EU4" CO2="175506.04" CO="3788.81" HC="21.65" NOx="81.73" PMx="4.66" fuel="75.44" electricity="0.00" noise="136.89" route="routebottom" type="cfm-fast" waiting="0.00" lane="bottom_1" pos="36.47" speed="45.69" angle="28.85" x="123.15" y="36.72"/>
        <vehicle id="cfm-fast_5" eclass="HBEFA3/PC_G_EU4" CO2="0.00" CO="0.00" HC="0.00" NOx="0.00" PMx="0.00" fuel="0.00" electricity="0.00" noise="69.43" route="routebottom" type="cfm-fast" waiting="0.00" lane="bottom_0" pos="32.73" speed="22.85" angle="35.64" x="122.39" y="28.21"/>
        <vehicle id="cfm-slow_0" eclass="HBEFA3/PC_G_EU4" CO2="11311.64" CO="157.11" HC="0.99" NOx="4.79" PMx="0.25" fuel="4.86" electricity="0.00" noise="72.65" route="routebottom" type="cfm-slow" waiting="0.00" lane="bottom_0" pos="48.67" speed="20.14" angle="6.95" x="132.21" y="60.70"/>
        <vehicle id="cfm-slow_1" eclass="HBEFA3/PC_G_EU4" CO2="16640.53" CO="266.45" HC="1.62" NOx="7.29" PMx="0.39" fuel="7.15" electricity="0.00" noise="76.31" route="routebottom" type="cfm-slow" waiting="0.00" lane="right_0" pos="14.84" speed="20.80" angle="337.71" x="124.92" y="94.54"/>
        <vehicle id="cfm-slow_2" eclass="HBEFA3/PC_G_EU4" CO2="26917.65" CO="478.66" HC="2.85" NOx="12.10" PMx="0.66" fuel="11.57" electricity="0.00" noise="83.37" route="routebottom" type="cfm-slow" waiting="0.00" lane="right_0" pos="31.73" speed="22.42" angle="307.41" x="100.94" y="121.26"/>
        <vehicle id="cfm-slow_3" eclass="HBEFA3/PC_G_EU4" CO2="41137.27" CO="779.09" HC="4.57" NOx="18.73" PMx="1.03" fuel="17.68" electricity="0.00" noise="91.45" route="routetop" type="cfm-slow" waiting="0.00" lane="top_0" pos="0.34" speed="25.62" angle="273.86" x="62.84" y="132.26"/>
        <vehicle id="cfm-slow_4" eclass="HBEFA3/PC_G_EU4" CO2="47280.36" CO="932.30" HC="5.43" NOx="21.53" PMx="1.21" fuel="20.32" electricity="0.00" noise="92.57" route="routetop" type="cfm-slow" waiting="0.00" lane="top_0" pos="22.30" speed="30.31" angle="234.31" x="19.44" y="116.10"/>
        <vehicle id="cfm-slow_5" eclass="HBEFA3/PC_G_EU4" CO2="23609.55" CO="485.06" HC="2.81" NOx="10.27" PMx="0.61" fuel="10.15" electricity="0.00" noise="80.50" route="routetop" type="cfm-slow" waiting="0.00" lane="top_0" pos="49.08" speed="34.57" angle="186.20" x="-4.91" y="65.74"/>
    </timestep>
    <timestep time="3.39">
        <vehicle id="cfm-fast_0" eclass="HBEFA3/PC_G_EU4" CO2="65458.76" CO="1386.68" HC="7.96" NOx="29.95" PMx="1.73" fuel="28.14" electricity="0.00" noise="98.36" route="routetop" type="cfm-fast" waiting="0.00" lane="left_1" pos="18.93" speed="37.76" angle="150.33" x="9.58" y="27.06"/>
        <vehicle id="cfm-fast_1" eclass="HBEFA3/PC_G_EU4" CO2="0.00" CO="0.00" HC="0.00" NOx="0.00" PMx="0.00" fuel="0.00" electricity="0.00" noise="74.37" route="routetop" type="cfm-fast" waiting="0.00" lane="left_0" pos="32.42" speed="33.02" angle="126.21" x="27.64" y="5.27"/>
        <vehicle id="cfm-fast_2" eclass="HBEFA3/PC_G_EU4" CO2="104005.62" CO="2214.94" HC="12.69" NOx="48.10" PMx="2.75" fuel="44.71" electricity="0.00" noise="113.75" route="routebottom" type="cfm-fast" waiting="0.00" lane="bottom_1" pos="1.67" speed="40.09" angle="91.48" x="67.12" y="-1.55"/>
        <vehicle id="cfm-fast_3" eclass="HBEFA3/PC_G_EU4" CO2="0.00" CO="0.00" HC="0.00" NOx="0.00" PMx="0.00" fuel="0.00" electricity="0.00" noise="71.57" route="routebottom" type="cfm-fast" waiting="0.00" lane="bottom_0" pos="10.08" speed="28.50" angle="76.25" x="85.08" y="-1.52"/>
        <vehicle id="cfm-fast_4" eclass="HBEFA3/PC_G_EU4" CO2="176071.03" CO="3803.24" HC="21.73" NOx="81.99" PMx="4.68" fuel="75.68" electricity="0.00" noise="136.95" route="routebottom" type="cfm-fast" waiting="0.00" lane="bottom_1" pos="36.93" speed="45.83" angle="27.97" x="123.53" y="37.58"/>
        <vehicle id="cfm-fast_5" eclass="HBEFA3/PC_G_EU4" CO2="0.00" CO="0.00" HC="0.00" NOx="0.00" PMx="0.00" fuel="0.00" electricity="0.00" noise="69.42" route="routebottom" type="cfm-fast" waiting="0.00" lane="bottom_0" pos="32.95" speed="22.85" angle="35.21" x="122.65" y="28.63"/>
        <vehicle id="cfm-slow_0" eclass="HBEFA3/PC_G_EU4" CO2="11322.02" CO="157.31" HC="0.99" NOx="4.79" PMx="0.25" fuel="4.87" electricity="0.00" noise="72.66" route="routebottom" type="cfm-slow" waiting="0.00" lane="bottom_0" pos="48.87" speed="20.15" angle="6.62" x="132.22" y="61.13"/>
        <vehicle id="cfm-slow_1" eclass="HBEFA3/PC_G_EU4" CO2="16695.13" CO="267.57" HC="1.63" NOx="7.31" PMx="0.39" fuel="7.18" electricity="0.00" noise="76.34" route="routebottom" type="cfm-slow" waiting="0.00" lane="right_0" pos="15.05" speed="20.83" angle="337.32" x="124.72" y="94.94"/>
        <vehicle id="cfm-slow_2" eclass="HBEFA3/PC_G_EU4" CO2="27006.89" CO="480.54" HC="2.86" NOx="12.14" PMx="0.66" fuel="11.61" electricity="0.00" noise="83.42" route="routebottom" type="cfm-slow" waiting="0.00" lane="right_0" pos="31.95" speed="22.46" angle="307.02" x="100.53" y="121.53"/>
        <vehicle id="cfm-slow_3" eclass="HBEFA3/PC_G_EU4" CO2="41166.48" CO="779.89" HC="4.58" NOx="18.75" PMx="1.03" fuel="17.70" electricity="0.00" noise="91.43" route="routetop" type="cfm-slow" waiting="0.00" lane="top_0" pos="0.60" speed="25.68" angle="273.40" x="62.29" y="132.25"/>
        <vehicle id="cfm-slow_4" eclass="HBEFA3/PC_G_EU4" CO2="47050.17" CO="927.95" HC="5.40" NOx="21.42" PMx="1.20" fuel="20.22" electricity="0.00" noise="92.42" route="routetop" type="cfm-slow" waiting="0.00" lane="top_0" pos="22.60" speed="30.37" angle="233.75" x="18.94" y="115.68"/>
        <vehicle id="cfm-slow_5" eclass="HBEFA3/PC_G_EU4" CO2="23147.89" CO="475.75" HC="2.75" NOx="10.05" PMx="0.60" fuel="9.95" electricity="0.00" noise="80.33" route="routetop" type="cfm-slow" waiting="0.00" lane="top_0" pos="49.42" speed="34.58" angle="185.57" x="-4.92" y="65.00"/>
    </timestep>
    <timestep time="3.40">
        <vehicle id="cfm-fast_0" eclass="HBEFA3/PC_G_EU4" CO2="65556.64" CO="1389.49" HC="7.97" NOx="30.00" PMx="1.73" fuel="28.18" electricity="0.00" noise="98.38" route="routetop" type="cfm-fast" waiting="0.00" lane="left_1" pos="19.31" speed="37.81" angle="149.68" x="10.02" y="26.42"/>
        <vehicle id="cfm-fast_1" eclass="HBEFA3/PC_G_EU4" CO2="0.00" CO="0.00" HC="0.00" NOx="0.00" PMx="0.00" fuel="0.00" electricity="0.00" noise="74.33" route="routetop" type="cfm-fast" waiting="0.00" lane="left_0" pos="32.75" speed="33.01" angle="125.60" x="28.25" y="4.91"/>
        <vehicle id="cfm-fast_2" eclass="HBEFA3/PC_G_EU4" CO2="104394.32" CO="2224.37" HC="12.75" NOx="48.28" PMx="2.76" fuel="44.87" electricity="0.00" noise="113.85" route="routebottom" type="cfm-fast" waiting="0.00" lane="bottom_1" pos="2.08" speed="40.18" angle="90.75" x="67.94" y="-1.50"/>
        <vehicle id="cfm-fast_3" eclass="HBEFA3/PC_G_EU4" CO2="0.00" CO="0.00" HC="0.00" NOx="0.00" PMx="0.00" fuel="0.00" electricity="0.00" noise="71.55" route="routebottom" type="cfm-fast" waiting="0.00" lane="bottom_0" pos="10.36" speed="28.48" angle="75.80" x="85.66" y="-1.33"/>
        <vehicle id="cfm-fast_4" eclass="HBEFA3/PC_G_EU4" CO2="176636.31" CO="3817.70" HC="21.81" NOx="82.26" PMx="4.69" fuel="75.93" electricity="0.00" noise="137.02" route="routebottom" type="cfm-fast" waiting="0.00" lane="bottom_1" pos="37.39" speed="45.97" angle="27.19" x="123.90" y="38.45"/>
        <vehicle id="cfm-fast_5" eclass="HBEFA3/PC_G_EU4" CO2="0.00" CO="0.00" HC="0.00" NOx="0.00" PMx="0.00" fuel="0.00" electricity="0.00" noise="69.42" route="routebottom" type="cfm-fast" waiting="0.00" lane="bottom_0" pos="33.18" speed="22.84" angle="34.79" x="122.90" y="29.05"/>
        <vehicle id="cfm-slow_0" eclass="HBEFA3/PC_G_EU4" CO2="11333.12" CO="157.53" HC="1.00" NOx="4.80" PMx="0.25" fuel="4.87" electricity="0.00" noise="72.66" route="routebottom" type="cfm-slow" waiting="0.00" lane="bottom_0" pos="49.07" speed="20.17" angle="6.24" x="132.23" y="61.57"/>
        <vehicle id="cfm-slow_1" eclass="HBEFA3/PC_G_EU4" CO2="16750.34" CO="268.70" HC="1.64" NOx="7.34" PMx="0.39" fuel="7.20" electricity="0.00" noise="76.38" route="routebottom" type="cfm-slow" waiting="0.00" lane="right_0" pos="15.26" speed="20.85" angle="336.93" x="124.52" y="95.34"/>
        <vehicle id="cfm-slow_2" eclass="HBEFA3/PC_G_EU4" CO2="27095.95" CO="482.42" HC="2.87" NOx="12.18" PMx="0.66" fuel="11.65" electricity="0.00" noise="83.46" route="routebottom" type="cfm-slow" waiting="0.00" lane="right_0" pos="32.18" speed="22.50" angle="306.66" x="100.12" y="121.79"/>
        <vehicle id="cfm-slow_3" eclass="HBEFA3/PC_G_EU4" CO2="41193.83" CO="780.67" HC="4.58" NOx="18.76" PMx="1.04" fuel="17.71" electricity="0.00" noise="91.42" route="routetop" type="cfm-slow" waiting="0.00" lane="top_0" pos="0.85" speed="25.73" angle="272.93" x="61.73" y="132.24"/>
        <vehicle id="cfm-slow_4" eclass="HBEFA3/PC_G_EU4" CO2="46817.74" CO="923.57" HC="5.38" NOx="21.31" PMx="1.20" fuel="20.12" electricity="0.00" noise="92.27" route="routetop" type="cfm-slow" waiting="0.00" lane="top_0" pos="22.91" speed="30.42" angle="233.18" x="18.44" y="115.25"/>
        <vehicle id="cfm-slow_5" eclass="HBEFA3/PC_G_EU4" CO2="22688.12" CO="466.47" HC="2.70" NOx="9.84" PMx="0.59" fuel="9.75" electricity="0.00" noise="80.16" route="routetop" type="cfm-slow" waiting="0.00" lane="top_0" pos="49.77" speed="34.60" angle="184.94" x="-4.94" y="64.26"/>
    </timestep>
    <timestep time="3.41">
        <vehicle id="cfm-fast_0" eclass="HBEFA3/PC_G_EU4" CO2="65658.83" CO="1392.39" HC="7.99" NOx="30.05" PMx="1.73" fuel="28.22" electricity="0.00" noise="98.41" route="routetop" type="cfm-fast" waiting="0.00" lane="left_1" pos="19.69" speed="37.87" angle="148.99" x="10.47" y="25.79"/>
        <vehicle id="cfm-fast_1" eclass="HBEFA3/PC_G_EU4" CO2="0.00" CO="0.00" HC="0.00" NOx="0.00" PMx="0.00" fuel="0.00" electricity="0.00" noise="74.28" route="routetop" type="cfm-fast" waiting="0.00" lane="left_0" pos="33.08" speed="33.01" angle="124.98" x="28.86" y="4.54"/>
        <vehicle id="cfm-fast_2" eclass="HBEFA3/PC_G_EU4" CO2="104786.11" CO="2233.88" HC="12.80" NOx="48.46" PMx="2.77" fuel="45.04" electricity="0.00" noise="113.95" route="routebottom" type="cfm-fast" waiting="0.00" lane="bottom_1" pos="2.48" speed="40.27" angle="90.03" x="68.77" y="-1.45"/>
        <vehicle id="cfm-fast_3" eclass="HBEFA3/PC_G_EU4" CO2="0.00" CO="0.00" HC="0.00" NOx="0.00" PMx="0.00" fuel="0.00" electricity="0.00" noise="71.54" route="routebottom" type="cfm-fast" waiting="0.00" lane="bottom_0" pos="10.65" speed="28.46" angle="75.27" x="86.24" y="-1.12"/>
        <vehicle id="cfm-fast_4" eclass="HBEFA3/PC_G_EU4" CO2="177201.89" CO="3832.18" HC="21.89" NOx="82.52" PMx="4.71" fuel="76.17" electricity="0.00" noise="137.09" route="routebottom" type="cfm-fast" waiting="0.00" lane="bottom_1" pos="37.85" speed="46.10" angle="26.34" x="124.25" y="39.33"/>
        <vehicle id="cfm-fast_5" eclass="HBEFA3/PC_G_EU4" CO2="0.00" CO="0.00" HC="0.00" NOx="0.00" PMx="0.00" fuel="0.00" electricity="0.00" noise="69.42" route="routebottom" type="cfm-fast" waiting="0.00" lane="bottom_0" pos="33.41" speed="22.84" angle="34.42" x="123.15" y="29.48"/>
        <vehicle id="cfm-slow_0" eclass="HBEFA3/PC_G_EU4" CO2="11344.94" CO="157.76" HC="1.00" NOx="4.80" PMx="0.25" fuel="4.88" electricity="0.00" noise="72.67" route="routebottom" type="cfm-slow" waiting="0.00" lane="bottom_0" pos="49.27" speed="20.19" angle="5.87" x="132.24" y="62.00"/>
        <vehicle id="cfm-slow_1" eclass="HBEFA3/PC_G_EU4" CO2="16806.14" CO="269.84" HC="1.64" NOx="7.36" PMx="0.39" fuel="7.22" electricity="0.00" noise="76.42" route="routebottom" type="cfm-slow" waiting="0.00" lane="right_0" pos="15.47" speed="20.88" angle="336.61" x="124.31" y="95.74"/>
        <vehicle id="cfm-slow_2" eclass="HBEFA3/PC_G_EU4" CO2="27184.83" CO="484.29" HC="2.88" NOx="12.22" PMx="0.66" fuel="11.69" electricity="0.00" noise="83.51" route="routebottom" type="cfm-slow" waiting="0.00" lane="right_0" pos="32.40" speed="22.54" angle="306.23" x="99.71" y="122.04"/>
        <vehicle id="cfm-slow_3" eclass="HBEFA3/PC_G_EU4" CO2="41219.33" CO="781.40" HC="4.58" NOx="18.77" PMx="1.04" fuel="17.72" electricity="0.00" noise="91.40" route="routetop" type="cfm-slow" waiting="0.00" lane="top_0" pos="1.11" speed="25.79" angle="272.46" x="61.18" y="132.23"/>
        <vehicle id="cfm-slow_4" eclass="HBEFA3/PC_G_EU4" CO2="46583.12" CO="919.13" HC="5.35" NOx="21.20" PMx="1.19" fuel="20.02" electricity="0.00" noise="92.11" route="routetop" type="cfm-slow" waiting="0.00" lane="top_0" pos="23.21" speed="30.47" angle="232.70" x="17.95" y="114.82"/>
        <vehicle id="cfm-slow_5" eclass="HBEFA3/PC_G_EU4" CO2="22230.29" CO="457.23" HC="2.65" NOx="9.62" PMx="0.58" fuel="9.56" electricity="0.00" noise="79.99" route="routetop" type="cfm-slow" waiting="0.00" lane="left_0" pos="0.12" speed="34.62" angle="184.27" x="-4.94" y="63.32"/>
    </timestep>
    <timestep time="3.42">
        <vehicle id="cfm-fast_0" eclass="HBEFA3/PC_G_EU4" CO2="65765.31" CO="1395.39" HC="8.01" NOx="30.09" PMx="1.74" fuel="28.27" electricity="0.00" noise="98.43" route="routetop" type="cfm-fast" waiting="0.00" lane="left_1" pos="20.07" speed="37.93" angle="148.30" x="10.93" y="25.16"/>
        <vehicle id="cfm-fast_1" eclass="HBEFA3/PC_G_EU4" CO2="0.00" CO="0.00" HC="0.00" NOx="0.00" PMx="0.00" fuel="0.00" electricity="0.00" noise="74.24" route="routetop" type="cfm-fast" waiting="0.00" lane="left_0" pos="33.41" speed="33.00" angle="124.43" x="29.47" y="4.18"/>
        <vehicle id="cfm-fast_2" eclass="HBEFA3/PC_G_EU4" CO2="105180.96" CO="2243.45" HC="12.85" NOx="48.65" PMx="2.78" fuel="45.21" electricity="0.00" noise="114.05" route="routebottom" type="cfm-fast" waiting="0.00" lane="bottom_1" pos="2.88" speed="40.36" angle="89.32" x="69.59" y="-1.37"/>
        <vehicle id="cfm-fast_3" eclass="HBEFA3/PC_G_EU4" CO2="0.00" CO="0.00" HC="0.00" NOx="0.00" PMx="0.00" fuel="0.00" electricity="0.00" noise="71.52" route="routebottom" type="cfm-fast" waiting="0.00" lane="bottom_0" pos="10.93" speed="28.44" angle="74.74" x="86.81" y="-0.91"/>
        <vehicle id="cfm-fast_4" eclass="HBEFA3/PC_G_EU4" CO2="177767.75" CO="3846.68" HC="21.97" NOx="82.79" PMx="4.73" fuel="76.41" electricity="0.00" noise="137.15" route="routebottom" type="cfm-fast" waiting="0.00" lane="bottom_1" pos="38.31" speed="46.24" angle="25.49" x="124.60" y="40.21"/>
        <vehicle id="cfm-fast_5" eclass="HBEFA3/PC_G_EU4" CO2="0.00" CO="0.00" HC="0.00" NOx="0.00" PMx="0.00" fuel="0.00" electricity="0.00" noise="69.41" route="routebottom" type="cfm-fast" waiting="0.00" lane="bottom_0" pos="33.64" speed="22.83" angle="34.00" x="123.38" y="29.91"/>
        <vehicle id="cfm-slow_0" eclass="HBEFA3/PC_G_EU4" CO2="11357.48" CO="158.01" HC="1.00" NOx="4.81" PMx="0.25" fuel="4.88" electricity="0.00" noise="72.68" route="routebottom" type="cfm-slow" waiting="0.00" lane="bottom_0" pos="49.47" speed="20.20" angle="5.49" x="132.25" y="62.43"/>
        <vehicle id="cfm-slow_1" eclass="HBEFA3/PC_G_EU4" CO2="16862.53" CO="270.99" HC="1.65" NOx="7.39" PMx="0.39" fuel="7.25" electricity="0.00" noise="76.45" route="routebottom" type="cfm-slow" waiting="0.00" lane="right_0" pos="15.68" speed="20.90" angle="336.23" x="124.09" y="96.13"/>
        <vehicle id="cfm-slow_2" eclass="HBEFA3/PC_G_EU4" CO2="27273.49" CO="486.17" HC="2.89" NOx="12.26" PMx="0.67" fuel="11.72" electricity="0.00" noise="83.56" route="routebottom" type="cfm-slow" waiting="0.00" lane="right_0" pos="32.63" speed="22.58" angle="305.81" x="99.29" y="122.29"/>
        <vehicle id="cfm-slow_3" eclass="HBEFA3/PC_G_EU4" CO2="41242.94" CO="782.10" HC="4.59" NOx="18.78" PMx="1.04" fuel="17.73" electricity="0.00" noise="91.38" route="routetop" type="cfm-slow" waiting="0.00" lane="top_0" pos="1.37" speed="25.84" angle="272.02" x="60.62" y="132.20"/>
        <vehicle id="cfm-slow_4" eclass="HBEFA3/PC_G_EU4" CO2="46346.33" CO="914.66" HC="5.32" NOx="21.08" PMx="1.19" fuel="19.92" electricity="0.00" noise="91.96" route="routetop" type="cfm-slow" waiting="0.00" lane="top_0" pos="23.52" speed="30.52" angle="232.15" x="17.46" y="114.38"/>
        <vehicle id="cfm-slow_5" eclass="HBEFA3/PC_G_EU4" CO2="21774.40" CO="448.02" HC="2.59" NOx="9.40" PMx="0.57" fuel="9.36" electricity="0.00" noise="79.83" route="routetop" type="cfm-slow" waiting="0.00" lane="left_0" pos="0.46" speed="34.63" angle="183.64" x="-4.93" y="62.58"/>
    </timestep>
    <timestep time="3.43">
        <vehicle id="cfm-fast_0" eclass="HBEFA3/PC_G_EU4" CO2="65876.08" CO="1398.48" HC="8.02" NOx="30.15" PMx="1.74" fuel="28.32" electricity="0.00" noise="98.46" route="routetop" type="cfm-fast" waiting="0.00" lane="left_1" pos="20.45" speed="37.99" angle="147.64" x="11.38" y="24.53"/>
        <vehicle id="cfm-fast_1" eclass="HBEFA3/PC_G_EU4" CO2="0.00" CO="0.00" HC="0.00" NOx="0.00" PMx="0.00" fuel="0.00" electricity="0.00" noise="74.20" route="routetop" type="cfm-fast" waiting="0.00" lane="left_0" pos="33.74" speed="32.99" angle="123.82" x="30.09" y="3.84"/>
        <vehicle id="cfm-fast_2" eclass="HBEFA3/PC_G_EU4" CO2="105578.85" CO="2253.10" HC="12.91" NOx="48.83" PMx="2.79" fuel="45.38" electricity="0.00" noise="114.15" route="routebottom" type="cfm-fast" waiting="0.00" lane="bottom_1" pos="3.29" speed="40.45" angle="88.59" x="70.42" y="-1.29"/>
        <vehicle id="cfm-fast_3" eclass="HBEFA3/PC_G_EU4" CO2="0.00" CO="0.00" HC="0.00" NOx="0.00" PMx="0.00" fuel="0.00" electricity="0.00" noise="71.51" route="routebottom" type="cfm-fast" waiting="0.00" lane="bottom_0" pos="11.21" speed="28.42" angle="74.21" x="87.39" y="-0.71"/>
        <vehicle id="cfm-fast_4" eclass="HBEFA3/PC_G_EU4" CO2="178333.91" CO="3861.20" HC="22.05" NOx="83.05" PMx="4.74" fuel="76.66" electricity="0.00" noise="137.22" route="routebottom" type="cfm-fast" waiting="0.00" lane="bottom_1" pos="38.78" speed="46.38" angle="24.70" x="124.93" y="41.10"/>
        <vehicle id="cfm-fast_5" eclass="HBEFA3/PC_G_EU4" CO2="0.00" CO="0.00" HC="0.00" NOx="0.00" PMx="0.00" fuel="0.00" electricity="0.00" noise="69.41" route="routebottom" type="cfm-fast" waiting="0.00" lane="bottom_0" pos="33.87" speed="22.83" angle="33.58" x="123.62" y="30.34"/>
        <vehicle id="cfm-slow_0" eclass="HBEFA3/PC_G_EU4" CO2="11370.72" CO="158.27" HC="1.00" NOx="4.81" PMx="0.25" fuel="4.89" electricity="0.00" noise="72.70" route="routebottom" type="cfm-slow" waiting="0.00" lane="bottom_0" pos="49.67" speed="20.22" angle="5.11" x="132.26" y="62.87"/>
        <vehicle id="cfm-slow_1" eclass="HBEFA3/PC_G_EU4" CO2="16919.51" CO="272.16" HC="1.66" NOx="7.41" PMx="0.39" fuel="7.27" electricity="0.00" noise="76.49" route="routebottom" type="cfm-slow" waiting="0.00" lane="right_0" pos="15.89" speed="20.92" angle="335.85" x="123.88" y="96.52"/>
        <vehicle id="cfm-slow_2" eclass="HBEFA3/PC_G_EU4" CO2="27361.93" CO="488.04" HC="2.90" NOx="12.30" PMx="0.67" fuel="11.76" electricity="0.00" noise="83.60" route="routebottom" type="cfm-slow" waiting="0.00" lane="right_0" pos="32.86" speed="22.62" angle="305.38" x="98.87" y="122.54"/>
        <vehicle id="cfm-slow_3" eclass="HBEFA3/PC_G_EU4" CO2="41264.68" CO="782.76" HC="4.59" NOx="18.79" PMx="1.04" fuel="17.74" electricity="0.00" noise="91.36" route="routetop" type="cfm-slow" waiting="0.00" lane="top_0" pos="1.63" speed="25.89" angle="271.55" x="60.07" y="132.17"/>
        <vehicle id="cfm-slow_4" eclass="HBEFA3/PC_G_EU4" CO2="46107.40" CO="910.13" HC="5.30" NOx="20.97" PMx="1.18" fuel="19.82" electricity="0.00" noise="91.81" route="routetop" type="cfm-slow" waiting="0.00" lane="top_0" pos="23.82" speed="30.57" angle="231.60" x="16.98" y="113.93"/>
        <vehicle id="cfm-slow_5" eclass="HBEFA3/PC_G_EU4" CO2="21320.50" CO="438.85" HC="2.54" NOx="9.19" PMx="0.55" fuel="9.16" electricity="0.00" noise="79.67" route="routetop" type="cfm-slow" waiting="0.00" lane="left_0" pos="0.81" speed="34.65" angle="183.01" x="-4.91" y="61.83"/>
    </timestep>
    <timestep time="3.44">
        <vehicle id="cfm-fast_0" eclass="HBEFA3/PC_G_EU4" CO2="65991.09" CO="1401.65" HC="8.04" NOx="30.20" PMx="1.74" fuel="28.37" electricity="0.00" noise="98.49" route="routetop" type="cfm-fast" waiting="0.00" lane="left_1" pos="20.83" speed="38.04" angle="146.98" x="11.86" y="23.91"/>
        <vehicle id="cfm-fast_1" eclass="HBEFA3/PC_G_EU4" CO2="0.00" CO="0.00" HC="0.00" NOx="0.00" PMx="0.00" fuel="0.00" electricity="0.00" noise="74.17" route="routetop" type="cfm-fast" waiting="0.00" lane="left_0" pos="34.07" speed="32.98" angle="123.22" x="30.71" y="3.49"/>
        <vehicle id="cfm-fast_2" eclass="HBEFA3/PC_G_EU4" CO2="105979.75" CO="2262.82" HC="12.96" NOx="49.02" PMx="2.80" fuel="45.56" electricity="0.00" noise="114.26" route="routebottom" type="cfm-fast" waiting="0.00" lane="bottom_1" pos="3.69" speed="40.54" angle="87.85" x="71.25" y="-1.21"/>
        <vehicle id="cfm-fast_3" eclass="HBEFA3/PC_G_EU4" CO2="0.00" CO="0.00" HC="0.00" NOx="0.00" PMx="0.00" fuel="0.00" electricity="0.00" noise="71.49" route="routebottom" type="cfm-fast" waiting="0.00" lane="bottom_0" pos="11.50" speed="28.40" angle="73.74" x="87.96" y="-0.50"/>
        <vehicle id="cfm-fast_4" eclass="HBEFA3/PC_G_EU4" CO2="178900.36" CO="3875.75" HC="22.13" NOx="83.32" PMx="4.76" fuel="76.90" electricity="0.00" noise="137.28" route="routebottom" type="cfm-fast" waiting="0.00" lane="bottom_1" pos="39.24" speed="46.51" angle="23.86" x="125.26" y="41.99"/>
        <vehicle id="cfm-fast_5" eclass="HBEFA3/PC_G_EU4" CO2="0.00" CO="0.00" HC="0.00" NOx="0.00" PMx="0.00" fuel="0.00" electricity="0.00" noise="69.41" route="routebottom" type="cfm-fast" waiting="0.00" lane="bottom_0" pos="34.10" speed="22.82" angle="33.16" x="123.86" y="30.77"/>
        <vehicle id="cfm-slow_0" eclass="HBEFA3/PC_G_EU4" CO2="11384.68" CO="158.54" HC="1.00" NOx="4.82" PMx="0.25" fuel="4.89" electricity="0.00" noise="72.71" route="routebottom" type="cfm-slow" waiting="0.00" lane="bottom_0" pos="49.88" speed="20.23" angle="4.73" x="132.27" y="63.30"/>
        <vehicle id="cfm-slow_1" eclass="HBEFA3/PC_G_EU4" CO2="16977.05" CO="273.34" HC="1.66" NOx="7.44" PMx="0.39" fuel="7.30" electricity="0.00" noise="76.53" route="routebottom" type="cfm-slow" waiting="0.00" lane="right_0" pos="16.10" speed="20.95" angle="335.47" x="123.66" y="96.92"/>
        <vehicle id="cfm-slow_2" eclass="HBEFA3/PC_G_EU4" CO2="27450.13" CO="489.90" HC="2.91" NOx="12.34" PMx="0.67" fuel="11.80" electricity="0.00" noise="83.65" route="routebottom" type="cfm-slow" waiting="0.00" lane="right_0" pos="33.08" speed="22.66" angle="304.95" x="98.45" y="122.79"/>
        <vehicle id="cfm-slow_3" eclass="HBEFA3/PC_G_EU4" CO2="41284.53" CO="783.39" HC="4.59" NOx="18.80" PMx="1.04" fuel="17.75" electricity="0.00" noise="91.34" route="routetop" type="cfm-slow" waiting="0.00" lane="top_0" pos="1.89" speed="25.95" angle="271.09" x="59.51" y="132.14"/>
        <vehicle id="cfm-slow_4" eclass="HBEFA3/PC_G_EU4" CO2="45866.37" CO="905.56" HC="5.27" NOx="20.86" PMx="1.18" fuel="19.72" electricity="0.00" noise="91.66" route="routetop" type="cfm-slow" waiting="0.00" lane="top_0" pos="24.13" speed="30.62" angle="231.05" x="16.50" y="113.48"/>
        <vehicle id="cfm-slow_5" eclass="HBEFA3/PC_G_EU4" CO2="20868.60" CO="429.71" HC="2.49" NOx="8.98" PMx="0.54" fuel="8.97" electricity="0.00" noise="79.52" route="routetop" type="cfm-slow" waiting="0.00" lane="left_0" pos="1.15" speed="34.66" angle="182.39" x="-4.89" y="61.09"/>
    </timestep>
    <timestep time="3.45">
        <vehicle id="cfm-fast_0" eclass="HBEFA3/PC_G_EU4" CO2="66110.34" CO="1404.92" HC="8.06" NOx="30.25" PMx="1.75" fuel="28.42" electricity="0.00" noise="98.52" route="routetop" type="cfm-fast" waiting="0.00" lane="left_1" pos="21.21" speed="38.10" angle="146.29" x="12.34" y="23.30"/>
        <vehicle id="cfm-fast_1" eclass="HBEFA3/PC_G_EU4" CO2="0.00" CO="0.00" HC="0.00" NOx="0.00" PMx="0.00" fuel="0.00" electricity="0.00" noise="74.13" route="routetop" type="cfm-fast" waiting="0.00" lane="left_0" pos="34.40" speed="32.97" angle="122.61" x="31.33" y="3.15"/>
        <vehicle id="cfm-fast_2" eclass="HBEFA3/PC_G_EU4" CO2="106383.63" CO="2272.61" HC="13.02" NOx="49.21" PMx="2.81" fuel="45.73" electricity="0.00" noise="114.36" route="routebottom" type="cfm-fast" waiting="0.00" lane="bottom_1" pos="4.10" speed="40.63" angle="87.16" x="72.07" y="-1.10"/>
        <vehicle id="cfm-fast_3" eclass="HBEFA3/PC_G_EU4" CO2="0.00" CO="0.00" HC="0.00" NOx="0.00" PMx="0.00" fuel="0.00" electricity="0.00" noise="71.48" route="routebottom" type="cfm-fast" waiting="0.00" lane="bottom_0" pos="11.78" speed="28.37" angle="73.24" x="88.53" y="-0.27"/>
        <vehicle id="cfm-fast_4" eclass="HBEFA3/PC_G_EU4" CO2="179467.10" CO="3890.31" HC="22.21" NOx="83.58" PMx="4.77" fuel="77.14" electricity="0.00" noise="137.35" route="routebottom" type="cfm-fast" waiting="0.00" lane="bottom_1" pos="39.71" speed="46.65" angle="23.07" x="125.59" y="42.89"/>
        <vehicle id="cfm-fast_5" eclass="HBEFA3/PC_G_EU4" CO2="0.00" CO="0.00" HC="0.00" NOx="0.00" PMx="0.00" fuel="0.00" electricity="0.00" noise="69.41" route="routebottom" type="cfm-fast" waiting="0.00" lane="bottom_0" pos="34.32" speed="22.81" angle="32.74" x="124.09" y="31.20"/>
        <vehicle id="cfm-slow_0" eclass="HBEFA3/PC_G_EU4" CO2="11399.33" CO="158.83" HC="1.00" NOx="4.83" PMx="0.25" fuel="4.90" electricity="0.00" noise="72.72" route="routebottom" type="cfm-slow" waiting="0.00" lane="right_0" pos="0.08" speed="20.25" angle="4.32" x="132.27" y="63.93"/>
        <vehicle id="cfm-slow_1" eclass="HBEFA3/PC_G_EU4" CO2="17035.15" CO="274.53" HC="1.67" NOx="7.47" PMx="0.40" fuel="7.32" electricity="0.00" noise="76.57" route="routebottom" type="cfm-slow" waiting="0.00" lane="right_0" pos="16.31" speed="20.97" angle="335.09" x="123.44" y="97.31"/>
        <vehicle id="cfm-slow_2" eclass="HBEFA3/PC_G_EU4" CO2="27538.08" CO="491.76" HC="2.92" NOx="12.38" PMx="0.67" fuel="11.84" electricity="0.00" noise="83.69" route="routebottom" type="cfm-slow" waiting="0.00" lane="right_0" pos="33.31" speed="22.70" angle="304.56" x="98.03" y="123.04"/>
        <vehicle id="cfm-slow_3" eclass="HBEFA3/PC_G_EU4" CO2="41302.48" CO="783.98" HC="4.60" NOx="18.80" PMx="1.04" fuel="17.75" electricity="0.00" noise="91.32" route="routetop" type="cfm-slow" waiting="0.00" lane="top_0" pos="2.15" speed="26.00" angle="270.62" x="58.95" y="132.11"/>
        <vehicle id="cfm-slow_4" eclass="HBEFA3/PC_G_EU4" CO2="45623.26" CO="900.95" HC="5.24" NOx="20.74" PMx="1.17" fuel="19.61" electricity="0.00" noise="91.50" route="routetop" type="cfm-slow" waiting="0.00" lane="top_0" pos="24.44" speed="30.67" angle="230.55" x="16.02" y="113.03"/>
        <vehicle id="cfm-slow_5" eclass="HBEFA3/PC_G_EU4" CO2="20418.72" CO="420.61" HC="2.44" NOx="8.76" PMx="0.53" fuel="8.78" electricity="0.00" noise="79.36" route="routetop" type="cfm-slow" waiting="0.00" lane="left_0" pos="1.50" speed="34.68" angle="181.78" x="-4.86" y="60.34"/>
    </timestep>
    <timestep time="3.46">
        <vehicle id="cfm-fast_0" eclass="HBEFA3/PC_G_EU4" CO2="66233.80" CO="1408.28" HC="8.08" NOx="30.31" PMx="1.75" fuel="28.47" electricity="0.00" noise="98.55" route="routetop" type="cfm-fast" waiting="0.00" lane="left_1" pos="21.59" speed="38.16" angle="145.60" x="12.82" y="22.68"/>
        <vehicle id="cfm-fast_1" eclass="HBEFA3/PC_G_EU4" CO2="0.00" CO="0.00" HC="0.00" NOx="0.00" PMx="0.00" fuel="0.00" electricity="0.00" noise="74.09" route="routetop" type="cfm-fast" waiting="0.00" lane="left_0" pos="34.73" speed="32.96" angle="122.06" x="31.96" y="2.82"/>
        <vehicle id="cfm-fast_2" eclass="HBEFA3/PC_G_EU4" CO2="106790.47" CO="2282.46" HC="13.07" NOx="49.40" PMx="2.83" fuel="45.90" electricity="0.00" noise="114.46" route="routebottom" type="cfm-fast" waiting="0.00" lane="bottom_1" pos="4.51" speed="40.72" angle="86.41" x="72.90" y="-0.99"/>
        <vehicle id="cfm-fast_3" eclass="HBEFA3/PC_G_EU4" CO2="0.00" CO="0.00" HC="0.00" NOx="0.00" PMx="0.00" fuel="0.00" electricity="0.00" noise="71.46" route="routebottom" type="cfm-fast" waiting="0.00" lane="bottom_0" pos="12.07" speed="28.35" angle="72.73" x="89.10" y="-0.05"/>
        <vehicle id="cfm-fast_4" eclass="HBEFA3/PC_G_EU4" CO2="180034.13" CO="3904.90" HC="22.29" NOx="83.85" PMx="4.79" fuel="77.39" electricity="0.00" noise="137.41" route="routebottom" type="cfm-fast" waiting="0.00" lane="bottom_1" pos="40.18" speed="46.78" angle="22.22" x="125.88" y="43.81"/>
        <vehicle id="cfm-fast_5" eclass="HBEFA3/PC_G_EU4" CO2="0.00" CO="0.00" HC="0.00" NOx="0.00" PMx="0.00" fuel="0.00" electricity="0.00" noise="69.40" route="routebottom" type="cfm-fast" waiting="0.00" lane="bottom_0" pos="34.55" speed="22.81" angle="32.35" x="124.33" y="31.63"/>
        <vehicle id="cfm-slow_0" eclass="HBEFA3/PC_G_EU4" CO2="11414.69" CO="159.14" HC="1.00" NOx="4.83" PMx="0.25" fuel="4.91" electricity="0.00" noise="72.73" route="routebottom" type="cfm-slow" waiting="0.00" lane="right_0" pos="0.28" speed="20.26" angle="3.96" x="132.26" y="64.37"/>
        <vehicle id="cfm-slow_1" eclass="HBEFA3/PC_G_EU4" CO2="17093.80" CO="275.74" HC="1.68" NOx="7.49" PMx="0.40" fuel="7.35" electricity="0.00" noise="76.61" route="routebottom" type="cfm-slow" waiting="0.00" lane="right_0" pos="16.52" speed="21.00" angle="334.71" x="123.22" y="97.71"/>
        <vehicle id="cfm-slow_2" eclass="HBEFA3/PC_G_EU4" CO2="27625.76" CO="493.62" HC="2.93" NOx="12.42" PMx="0.67" fuel="11.87" electricity="0.00" noise="83.74" route="routebottom" type="cfm-slow" waiting="0.00" lane="right_0" pos="33.54" speed="22.74" angle="304.16" x="97.61" y="123.28"/>
        <vehicle id="cfm-slow_3" eclass="HBEFA3/PC_G_EU4" CO2="41318.53" CO="784.53" HC="4.60" NOx="18.81" PMx="1.04" fuel="17.76" electricity="0.00" noise="91.29" route="routetop" type="cfm-slow" waiting="0.00" lane="top_0" pos="2.41" speed="26.06" angle="270.15" x="58.39" y="132.07"/>
        <vehicle id="cfm-slow_4" eclass="HBEFA3/PC_G_EU4" CO2="45378.11" CO="896.30" HC="5.22" NOx="20.62" PMx="1.16" fuel="19.51" electricity="0.00" noise="91.35" route="routetop" type="cfm-slow" waiting="0.00" lane="top_0" pos="24.74" speed="30.72" angle="229.98" x="15.55" y="112.56"/>
        <vehicle id="cfm-slow_5" eclass="HBEFA3/PC_G_EU4" CO2="19970.91" CO="411.54" HC="2.38" NOx="8.55" PMx="0.52" fuel="8.58" electricity="0.00" noise="79.21" route="routetop" type="cfm-slow" waiting="0.00" lane="left_0" pos="1.85" speed="34.69" angle="181.16" x="-4.81" y="59.60"/>
    </timestep>
    <timestep time="3.47">
        <vehicle id="cfm-fast_0" eclass="HBEFA3/PC_G_EU4" CO2="66361.45" CO="1411.72" HC="8.10" NOx="30.37" PMx="1.75" fuel="28.53" electricity="0.00" noise="98.58" route="routetop" type="cfm-fast" waiting="0.00" lane="left_1" pos="21.98" speed="38.22" angle="144.95" x="13.31" y="22.07"/>
        <vehicle id="cfm-fast_1" eclass="HBEFA3/PC_G_EU4" CO2="0.00" CO="0.00" HC="0.00" NOx="0.00" PMx="0.00" fuel="0.00" electricity="0.00" noise="74.06" route="routetop" type="cfm-fast" waiting="0.00" lane="left_0" pos="35.06" speed="32.95" angle="121.45" x="32.59" y="2.50"/>
        <vehicle id="cfm-fast_2" eclass="HBEFA3/PC_G_EU4" CO2="107200.23" CO="2292.39" HC="13.13" NOx="49.59" PMx="2.84" fuel="46.08" electricity="0.00" noise="114.57" route="routebottom" type="cfm-fast" waiting="0.00" lane="bottom_1" pos="4.91" speed="40.81" angle="85.67" x="73.73" y="-0.87"/>
        <vehicle id="cfm-fast_3" eclass="HBEFA3/PC_G_EU4" CO2="0.00" CO="0.00" HC="0.00" NOx="0.00" PMx="0.00" fuel="0.00" electricity="0.00" noise="71.45" route="routebottom" type="cfm-fast" waiting="0.00" lane="bottom_0" pos="12.35" speed="28.33" angle="72.23" x="89.66" y="0.18"/>
        <vehicle id="cfm-fast_4" eclass="HBEFA3/PC_G_EU4" CO2="180601.46" CO="3919.51" HC="22.37" NOx="84.11" PMx="4.81" fuel="77.63" electricity="0.00" noise="137.48" route="routebottom" type="cfm-fast" waiting="0.00" lane="bottom_1" pos="40.65" speed="46.92" angle="21.35" x="126.16" y="44.73"/>
        <vehicle id="cfm-fast_5" eclass="HBEFA3/PC_G_EU4" CO2="0.00" CO="0.00" HC="0.00" NOx="0.00" PMx="0.00" fuel="0.00" electricity="0.00" noise="69.40" route="routebottom" type="cfm-fast" waiting="0.00" lane="bottom_0" pos="34.78" speed="22.80" angle="31.97" x="124.56" y="32.06"/>
        <vehicle id="cfm-slow_0" eclass="HBEFA3/PC_G_EU4" CO2="11430.74" CO="159.46" HC="1.01" NOx="4.84" PMx="0.25" fuel="4.91" electricity="0.00" noise="72.74" route="routebottom" type="cfm-slow" waiting="0.00" lane="right_0" pos="0.48" speed="20.28" angle="3.59" x="132.25" y="64.80"/>
        <vehicle id="cfm-slow_1" eclass="HBEFA3/PC_G_EU4" CO2="17153.00" CO="276.95" HC="1.68" NOx="7.52" PMx="0.40" fuel="7.37" electricity="0.00" noise="76.65" route="routebottom" type="cfm-slow" waiting="0.00" lane="right_0" pos="16.73" speed="21.03" angle="334.38" x="123.00" y="98.10"/>
        <vehicle id="cfm-slow_2" eclass="HBEFA3/PC_G_EU4" CO2="27713.15" CO="495.48" HC="2.94" NOx="12.46" PMx="0.68" fuel="11.91" electricity="0.00" noise="83.79" route="routebottom" type="cfm-slow" waiting="0.00" lane="right_0" pos="33.77" speed="22.78" angle="303.75" x="97.18" y="123.51"/>
        <vehicle id="cfm-slow_3" eclass="HBEFA3/PC_G_EU4" CO2="41332.67" CO="785.04" HC="4.60" NOx="18.82" PMx="1.04" fuel="17.77" electricity="0.00" noise="91.27" route="routetop" type="cfm-slow" waiting="0.00" lane="top_0" pos="2.67" speed="26.11" angle="269.71" x="57.83" y="132.03"/>
        <vehicle id="cfm-slow_4" eclass="HBEFA3/PC_G_EU4" CO2="45130.96" CO="891.60" HC="5.19" NOx="20.51" PMx="1.16" fuel="19.40" electricity="0.00" noise="91.20" route="routetop" type="cfm-slow" waiting="0.00" lane="top_0" pos="25.05" speed="30.77" angle="229.42" x="15.08" y="112.09"/>
        <vehicle id="cfm-slow_5" eclass="HBEFA3/PC_G_EU4" CO2="19525.16" CO="402.52" HC="2.33" NOx="8.34" PMx="0.51" fuel="8.39" electricity="0.00" noise="79.07" route="routetop" type="cfm-slow" waiting="0.00" lane="left_0" pos="2.20" speed="34.70" angle="180.54" x="-4.77" y="58.85"/>
    </timestep>
    <timestep time="3.48">
        <vehicle id="cfm-fast_0" eclass="HBEFA3/PC_G_EU4" CO2="66493.27" CO="1415.26" HC="8.12" NOx="30.43" PMx="1.76" fuel="28.58" electricity="0.00" noise="98.62" route="routetop" type="cfm-fast" waiting="0.00" lane="left_1" pos="22.36" speed="38.27" angle="144.23" x="13.82" y="21.47"/>
        <vehicle id="cfm-fast_1" eclass="HBEFA3/PC_G_EU4" CO2="0.00" CO="0.00" HC="0.00" NOx="0.00" PMx="0.00" fuel="0.00" electricity="0.00" noise="74.03" route="routetop" type="cfm-fast" waiting="0.00" lane="left_0" pos="35.38" speed="32.93" angle="120.84" x="33.23" y="2.18"/>
        <vehicle id="cfm-fast_2" eclass="HBEFA3/PC_G_EU4" CO2="107612.88" CO="2302.39" HC="13.18" NOx="49.78" PMx="2.85" fuel="46.26" electricity="0.00" noise="114.67" route="routebottom" type="cfm-fast" waiting="0.00" lane="bottom_1" pos="5.32" speed="40.91" angle="84.93" x="74.56" y="-0.73"/>
        <vehicle id="cfm-fast_3" eclass="HBEFA3/PC_G_EU4" CO2="0.00" CO="0.00" HC="0.00" NOx="0.00" PMx="0.00" fuel="0.00" electricity="0.00" noise="71.43" route="routebottom" type="cfm-fast" waiting="0.00" lane="bottom_0" pos="12.63" speed="28.31" angle="71.72" x="90.23" y="0.40"/>
        <vehicle id="cfm-fast_4" eclass="HBEFA3/PC_G_EU4" CO2="181169.07" CO="3934.14" HC="22.46" NOx="84.38" PMx="4.82" fuel="77.88" electricity="0.00" noise="137.55" route="routebottom" type="cfm-fast" waiting="0.00" lane="bottom_1" pos="41.12" speed="47.06" angle="20.54" x="126.44" y="45.65"/>
        <vehicle id="cfm-fast_5" eclass="HBEFA3/PC_G_EU4" CO2="0.00" CO="0.00" HC="0.00" NOx="0.00" PMx="0.00" fuel="0.00" electricity="0.00" noise="69.40" route="routebottom" type="cfm-fast" waiting="0.00" lane="bottom_0" pos="35.01" speed="22.80" angle="31.55" x="124.78" y="32.50"/>
        <vehicle id="cfm-slow_0" eclass="HBEFA3/PC_G_EU4" CO2="11447.49" CO="159.79" HC="1.01" NOx="4.85" PMx="0.25" fuel="4.92" electricity="0.00" noise="72.76" route="routebottom" type="cfm-slow" waiting="0.00" lane="right_0" pos="0.69" speed="20.29" angle="3.22" x="132.24" y="65.24"/>
        <vehicle id="cfm-slow_1" eclass="HBEFA3/PC_G_EU4" CO2="17212.73" CO="278.18" HC="1.69" NOx="7.55" PMx="0.40" fuel="7.40" electricity="0.00" noise="76.69" route="routebottom" type="cfm-slow" waiting="0.00" lane="right_0" pos="16.94" speed="21.05" angle="334.00" x="122.76" y="98.49"/>
        <vehicle id="cfm-slow_2" eclass="HBEFA3/PC_G_EU4" CO2="27800.24" CO="497.32" HC="2.95" NOx="12.50" PMx="0.68" fuel="11.95" electricity="0.00" noise="83.83" route="routebottom" type="cfm-slow" waiting="0.00" lane="right_0" pos="33.99" speed="22.83" angle="303.33" x="96.75" y="123.75"/>
        <vehicle id="cfm-slow_3" eclass="HBEFA3/PC_G_EU4" CO2="41344.89" CO="785.52" HC="4.61" NOx="18.82" PMx="1.04" fuel="17.77" electricity="0.00" noise="91.25" route="routetop" type="cfm-slow" waiting="0.00" lane="top_0" pos="2.93" speed="26.17" angle="269.24" x="57.27" y="131.97"/>
        <vehicle id="cfm-slow_4" eclass="HBEFA3/PC_G_EU4" CO2="44881.82" CO="886.86" HC="5.16" NOx="20.39" PMx="1.15" fuel="19.29" electricity="0.00" noise="91.04" route="routetop" type="cfm-slow" waiting="0.00" lane="top_0" pos="25.36" speed="30.82" angle="228.85" x="14.61" y="111.62"/>
        <vehicle id="cfm-slow_5" eclass="HBEFA3/PC_G_EU4" CO2="19081.53" CO="393.53" HC="2.28" NOx="8.13" PMx="0.50" fuel="8.20" electricity="0.00" noise="78.93" route="routetop" type="cfm-slow" waiting="0.00" lane="left_0" pos="2.54" speed="34.72" angle="179.93" x="-4.73" y="58.10"/>
    </timestep>
    <timestep time="3.49">
        <vehicle id="cfm-fast_0" eclass="HBEFA3/PC_G_EU4" CO2="66629.23" CO="1418.88" HC="8.14" NOx="30.49" PMx="1.76" fuel="28.64" electricity="0.00" noise="98.66" route="routetop" type="cfm-fast" waiting="0.00" lane="left_1" pos="22.74" speed="38.33" angle="143.52" x="14.33" y="20.88"/>
        <vehicle id="cfm-fast_1" eclass="HBEFA3/PC_G_EU4" CO2="0.00" CO="0.00" HC="0.00" NOx="0.00" PMx="0.00" fuel="0.00" electricity="0.00" noise="74.00" route="routetop" type="cfm-fast" waiting="0.00" lane="left_0" pos="35.71" speed="32.92" angle="120.23" x="33.86" y="1.87"/>
        <vehicle id="cfm-fast_2" eclass="HBEFA3/PC_G_EU4" CO2="108028.42" CO="2312.45" HC="13.24" NOx="49.98" PMx="2.86" fuel="46.44" electricity="0.00" noise="114.78" route="routebottom" type="cfm-fast" waiting="0.00" lane="bottom_1" pos="5.73" speed="41.00" angle="84.16" x="75.38" y="-0.58"/>
        <vehicle id="cfm-fast_3" eclass="HBEFA3/PC_G_EU4" CO2="0.00" CO="0.00" HC="0.00" NOx="0.00" PMx="0.00" fuel="0.00" electricity="0.00" noise="71.42" route="routebottom" type="cfm-fast" waiting="0.00" lane="bottom_0" pos="12.92" speed="28.29" angle="71.26" x="90.79" y="0.64"/>
        <vehicle id="cfm-fast_4" eclass="HBEFA3/PC_G_EU4" CO2="181736.98" CO="3948.79" HC="22.54" NOx="84.64" PMx="4.84" fuel="78.12" electricity="0.00" noise="137.61" route="routebottom" type="cfm-fast" waiting="0.00" lane="bottom_1" pos="41.59" speed="47.19" angle="19.66" x="126.69" y="46.59"/>
        <vehicle id="cfm-fast_5" eclass="HBEFA3/PC_G_EU4" CO2="0.00" CO="0.00" HC="0.00" NOx="0.00" PMx="0.00" fuel="0.00" electricity="0.00" noise="69.40" route="routebottom" type="cfm-fast" waiting="0.00" lane="bottom_0" pos="35.24" speed="22.79" angle="31.14" x="125.00" y="32.94"/>
        <vehicle id="cfm-slow_0" eclass="HBEFA3/PC_G_EU4" CO2="11464.92" CO="160.14" HC="1.01" NOx="4.85" PMx="0.25" fuel="4.93" electricity="0.00" noise="72.77" route="routebottom" type="cfm-slow" waiting="0.00" lane="right_0" pos="0.89" speed="20.31" angle="2.86" x="132.23" y="65.68"/>
        <vehicle id="cfm-slow_1" eclass="HBEFA3/PC_G_EU4" CO2="17272.98" CO="279.42" HC="1.70" NOx="7.58" PMx="0.40" fuel="7.42" electricity="0.00" noise="76.73" route="routebottom" type="cfm-slow" waiting="0.00" lane="right_0" pos="17.15" speed="21.08" angle="333.62" x="122.53" y="98.88"/>
        <vehicle id="cfm-slow_2" eclass="HBEFA3/PC_G_EU4" CO2="27887.02" CO="499.17" HC="2.96" NOx="12.54" PMx="0.68" fuel="11.99" electricity="0.00" noise="83.87" route="routebottom" type="cfm-slow" waiting="0.00" lane="right_0" pos="34.22" speed="22.87" angle="302.92" x="96.32" y="123.99"/>
        <vehicle id="cfm-slow_3" eclass="HBEFA3/PC_G_EU4" CO2="41355.19" CO="785.95" HC="4.61" NOx="18.82" PMx="1.04" fuel="17.78" electricity="0.00" noise="91.22" route="routetop" type="cfm-slow" waiting="0.00" lane="top_0" pos="3.19" speed="26.22" angle="268.77" x="56.71" y="131.91"/>
        <vehicle id="cfm-slow_4" eclass="HBEFA3/PC_G_EU4" CO2="44630.74" CO="882.08" HC="5.13" NOx="20.27" PMx="1.14" fuel="19.18" electricity="0.00" noise="90.89" route="routetop" type="cfm-slow" waiting="0.00" lane="top_0" pos="25.67" speed="30.86" angle="228.35" x="14.15" y="111.15"/>
        <vehicle id="cfm-slow_5" eclass="HBEFA3/PC_G_EU4" CO2="18640.01" CO="384.58" HC="2.23" NOx="7.92" PMx="0.48" fuel="8.01" electricity="0.00" noise="78.79" route="routetop" type="cfm-slow" waiting="0.00" lane="left_0" pos="2.89" speed="34.73" angle="179.31" x="-4.65" y="57.36"/>
    </timestep>
    <timestep time="3.50">
        <vehicle id="cfm-fast_0" eclass="HBEFA3/PC_G_EU4" CO2="66769.32" CO="1422.59" HC="8.16" NOx="30.56" PMx="1.76" fuel="28.70" electricity="0.00" noise="98.70" route="routetop" type="cfm-fast" waiting="0.00" lane="left_1" pos="23.13" speed="38.39" angle="142.87" x="14.85" y="20.28"/>
        <vehicle id="cfm-fast_1" eclass="HBEFA3/PC_G_EU4" CO2="0.00" CO="0.00" HC="0.00" NOx="0.00" PMx="0.00" fuel="0.00" electricity="0.00" noise="73.97" route="routetop" type="cfm-fast" waiting="0.00" lane="left_0" pos="36.04" speed="32.91" angle="119.68" x="34.50" y="1.56"/>
        <vehicle id="cfm-fast_2" eclass="HBEFA3/PC_G_EU4" CO2="108446.79" CO="2322.59" HC="13.30" NOx="50.17" PMx="2.87" fuel="46.62" electricity="0.00" noise="114.89" route="routebottom" type="cfm-fast" waiting="0.00" lane="bottom_1" pos="6.14" speed="41.09" angle="83.38" x="76.21" y="-0.42"/>
        <vehicle id="cfm-fast_3" eclass="HBEFA3/PC_G_EU4" CO2="0.00" CO="0.00" HC="0.00" NOx="0.00" PMx="0.00" fuel="0.00" electricity="0.00" noise="71.40" route="routebottom" type="cfm-fast" waiting="0.00" lane="bottom_0" pos="13.20" speed="28.26" angle="70.74" x="91.34" y="0.89"/>
        <vehicle id="cfm-fast_4" eclass="HBEFA3/PC_G_EU4" CO2="182305.18" CO="3963.47" HC="22.62" NOx="84.91" PMx="4.86" fuel="78.36" electricity="0.00" noise="137.68" route="routebottom" type="cfm-fast" waiting="0.00" lane="bottom_1" pos="42.06" speed="47.33" angle="18.77" x="126.94" y="47.52"/>
        <vehicle id="cfm-fast_5" eclass="HBEFA3/PC_G_EU4" CO2="0.00" CO="0.00" HC="0.00" NOx="0.00" PMx="0.00" fuel="0.00" electricity="0.00" noise="69.40" route="routebottom" type="cfm-fast" waiting="0.00" lane="bottom_0" pos="35.46" speed="22.79" angle="30.72" x="125.22" y="33.38"/>
        <vehicle id="cfm-slow_0" eclass="HBEFA3/PC_G_EU4" CO2="11483.04" CO="160.50" HC="1.01" NOx="4.86" PMx="0.25" fuel="4.94" electricity="0.00" noise="72.78" route="routebottom" type="cfm-slow" waiting="0.00" lane="right_0" pos="1.09" speed="20.32" angle="2.49" x="132.23" y="66.11"/>
        <vehicle id="cfm-slow_1" eclass="HBEFA3/PC_G_EU4" CO2="17333.74" CO="280.67" HC="1.71" NOx="7.61" PMx="0.40" fuel="7.45" electricity="0.00" noise="76.77" route="routebottom" type="cfm-slow" waiting="0.00" lane="right_0" pos="17.36" speed="21.10" angle="333.24" x="122.30" y="99.27"/>
        <vehicle id="cfm-slow_2" eclass="HBEFA3/PC_G_EU4" CO2="27973.47" CO="501.01" HC="2.97" NOx="12.58" PMx="0.68" fuel="12.02" electricity="0.00" noise="83.92" route="routebottom" type="cfm-slow" waiting="0.00" lane="right_0" pos="34.45" speed="22.91" angle="302.50" x="95.89" y="124.23"/>
        <vehicle id="cfm-slow_3" eclass="HBEFA3/PC_G_EU4" CO2="41363.57" CO="786.36" HC="4.61" NOx="18.83" PMx="1.04" fuel="17.78" electricity="0.00" noise="91.19" route="routetop" type="cfm-slow" waiting="0.00" lane="top_0" pos="3.46" speed="26.27" angle="268.30" x="56.15" y="131.86"/>
        <vehicle id="cfm-slow_4" eclass="HBEFA3/PC_G_EU4" CO2="44377.74" CO="877.25" HC="5.10" NOx="20.15" PMx="1.14" fuel="19.08" electricity="0.00" noise="90.73" route="routetop" type="cfm-slow" waiting="0.00" lane="top_0" pos="25.98" speed="30.91" angle="227.78" x="13.70" y="110.66"/>
        <vehicle id="cfm-slow_5" eclass="HBEFA3/PC_G_EU4" CO2="18200.65" CO="375.66" HC="2.18" NOx="7.72" PMx="0.47" fuel="7.82" electricity="0.00" noise="78.65" route="routetop" type="cfm-slow" waiting="0.00" lane="left_0" pos="3.24" speed="34.74" angle="178.69" x="-4.57" y="56.62"/>
    </timestep>
    <timestep time="3.51">
        <vehicle id="cfm-fast_0" eclass="HBEFA3/PC_G_EU4" CO2="66913.51" CO="1426.39" HC="8.18" NOx="30.63" PMx="1.77" fuel="28.76" electricity="0.00" noise="98.74" route="routetop" type="cfm-fast" waiting="0.00" lane="left_1" pos="23.51" speed="38.45" angle="142.18" x="15.38" y="19.70"/>
        <vehicle id="cfm-fast_1" eclass="HBEFA3/PC_G_EU4" CO2="0.00" CO="0.00" HC="0.00" NOx="0.00" PMx="0.00" fuel="0.00" electricity="0.00" noise="73.94" route="routetop" type="cfm-fast" waiting="0.00" lane="left_0" pos="36.37" speed="32.90" angle="119.07" x="35.14" y="1.27"/>
        <vehicle id="cfm-fast_2" eclass="HBEFA3/PC_G_EU4" CO2="108867.99" CO="2332.79" HC="13.35" NOx="50.37" PMx="2.88" fuel="46.80" electricity="0.00" noise="115.00" route="routebottom" type="cfm-fast" waiting="0.00" lane="bottom_1" pos="6.56" speed="41.18" angle="82.68" x="77.04" y="-0.26"/>
        <vehicle id="cfm-fast_3" eclass="HBEFA3/PC_G_EU4" CO2="0.00" CO="0.00" HC="0.00" NOx="0.00" PMx="0.00" fuel="0.00" electricity="0.00" noise="71.39" route="routebottom" type="cfm-fast" waiting="0.00" lane="bottom_0" pos="13.48" speed="28.24" angle="70.22" x="91.90" y="1.14"/>
        <vehicle id="cfm-fast_4" eclass="HBEFA3/PC_G_EU4" CO2="182873.68" CO="3978.16" HC="22.70" NOx="85.17" PMx="4.87" fuel="78.61" electricity="0.00" noise="137.74" route="routebottom" type="cfm-fast" waiting="0.00" lane="bottom_1" pos="42.54" speed="47.47" angle="17.97" x="127.17" y="48.47"/>
        <vehicle id="cfm-fast_5" eclass="HBEFA3/PC_G_EU4" CO2="0.00" CO="0.00" HC="0.00" NOx="0.00" PMx="0.00" fuel="0.00" electricity="0.00" noise="69.40" route="routebottom" type="cfm-fast" waiting="0.00" lane="bottom_0" pos="35.69" speed="22.78" angle="30.31" x="125.44" y="33.82"/>
        <vehicle id="cfm-slow_0" eclass="HBEFA3/PC_G_EU4" CO2="11501.83" CO="160.88" HC="1.01" NOx="4.87" PMx="0.25" fuel="4.94" electricity="0.00" noise="72.80" route="routebottom" type="cfm-slow" waiting="0.00" lane="right_0" pos="1.30" speed="20.34" angle="2.14" x="132.21" y="66.55"/>
        <vehicle id="cfm-slow_1" eclass="HBEFA3/PC_G_EU4" CO2="17395.01" CO="281.93" HC="1.71" NOx="7.63" PMx="0.41" fuel="7.48" electricity="0.00" noise="76.81" route="routebottom" type="cfm-slow" waiting="0.00" lane="right_0" pos="17.57" speed="21.13" angle="332.86" x="122.07" y="99.66"/>
        <vehicle id="cfm-slow_2" eclass="HBEFA3/PC_G_EU4" CO2="28059.58" CO="502.84" HC="2.99" NOx="12.62" PMx="0.69" fuel="12.06" electricity="0.00" noise="83.96" route="routebottom" type="cfm-slow" waiting="0.00" lane="right_0" pos="34.68" speed="22.95" angle="302.15" x="95.45" y="124.46"/>
        <vehicle id="cfm-slow_3" eclass="HBEFA3/PC_G_EU4" CO2="41370.01" CO="786.72" HC="4.61" NOx="18.83" PMx="1.04" fuel="17.78" electricity="0.00" noise="91.17" route="routetop" type="cfm-slow" waiting="0.00" lane="top_0" pos="3.72" speed="26.33" angle="267.83" x="55.59" y="131.80"/>
        <vehicle id="cfm-slow_4" eclass="HBEFA3/PC_G_EU4" CO2="44122.86" CO="872.39" HC="5.08" NOx="20.03" PMx="1.13" fuel="18.97" electricity="0.00" noise="90.58" route="routetop" type="cfm-slow" waiting="0.00" lane="top_0" pos="26.29" speed="30.96" angle="227.20" x="13.24" y="110.17"/>
        <vehicle id="cfm-slow_5" eclass="HBEFA3/PC_G_EU4" CO2="17763.45" CO="366.79" HC="2.12" NOx="7.51" PMx="0.46" fuel="7.64" electricity="0.00" noise="78.51" route="routetop" type="cfm-slow" waiting="0.00" lane="left_0" pos="3.59" speed="34.75" angle="178.07" x="-4.50" y="55.87"/>
    </timestep>
    <timestep time="3.52">
        <vehicle id="cfm-fast_0" eclass="HBEFA3/PC_G_EU4" CO2="67061.79" CO="1430.28" HC="8.20" NOx="30.70" PMx="1.77" fuel="28.83" electricity="0.00" noise="98.78" route="routetop" type="cfm-fast" waiting="0.00" lane="left_1" pos="23.89" speed="38.50" angle="141.49" x="15.92" y="19.12"/>
        <vehicle id="cfm-fast_1" eclass="HBEFA3/PC_G_EU4" CO2="0.00" CO="0.00" HC="0.00" NOx="0.00" PMx="0.00" fuel="0.00" electricity="0.00" noise="73.91" route="routetop" type="cfm-fast" waiting="0.00" lane="left_0" pos="36.70" speed="32.88" angle="118.45" x="35.79" y="0.98"/>
        <vehicle id="cfm-fast_2" eclass="HBEFA3/PC_G_EU4" CO2="109291.98" CO="2343.05" HC="13.41" NOx="50.57" PMx="2.90" fuel="46.98" electricity="0.00" noise="115.10" route="routebottom" type="cfm-fast" waiting="0.00" lane="bottom_1" pos="6.97" speed="41.27" angle="81.92" x="77.86" y="-0.07"/>
        <vehicle id="cfm-fast_3" eclass="HBEFA3/PC_G_EU4" CO2="0.00" CO="0.00" HC="0.00" NOx="0.00" PMx="0.00" fuel="0.00" electricity="0.00" noise="71.37" route="routebottom" type="cfm-fast" waiting="0.00" lane="bottom_0" pos="13.76" speed="28.22" angle="69.69" x="92.45" y="1.39"/>
        <vehicle id="cfm-fast_4" eclass="HBEFA3/PC_G_EU4" CO2="183442.46" CO="3992.88" HC="22.78" NOx="85.44" PMx="4.89" fuel="78.85" electricity="0.00" noise="137.81" route="routebottom" type="cfm-fast" waiting="0.00" lane="bottom_1" pos="43.01" speed="47.60" angle="17.14" x="127.39" y="49.42"/>
        <vehicle id="cfm-fast_5" eclass="HBEFA3/PC_G_EU4" CO2="0.00" CO="0.00" HC="0.00" NOx="0.00" PMx="0.00" fuel="0.00" electricity="0.00" noise="69.40" route="routebottom" type="cfm-fast" waiting="0.00" lane="bottom_0" pos="35.92" speed="22.78" angle="29.96" x="125.66" y="34.25"/>
        <vehicle id="cfm-slow_0" eclass="HBEFA3/PC_G_EU4" CO2="11521.31" CO="161.27" HC="1.02" NOx="4.88" PMx="0.25" fuel="4.95" electricity="0.00" noise="72.81" route="routebottom" type="cfm-slow" waiting="0.00" lane="right_0" pos="1.50" speed="20.36" angle="1.78" x="132.19" y="66.99"/>
        <vehicle id="cfm-slow_1" eclass="HBEFA3/PC_G_EU4" CO2="17456.78" CO="283.20" HC="1.72" NOx="7.66" PMx="0.41" fuel="7.50" electricity="0.00" noise="76.85" route="routebottom" type="cfm-slow" waiting="0.00" lane="right_0" pos="17.78" speed="21.15" angle="332.48" x="121.83" y="100.05"/>
        <vehicle id="cfm-slow_2" eclass="HBEFA3/PC_G_EU4" CO2="28145.33" CO="504.67" HC="3.00" NOx="12.66" PMx="0.69" fuel="12.10" electricity="0.00" noise="84.01" route="routebottom" type="cfm-slow" waiting="0.00" lane="right_0" pos="34.91" speed="22.99" angle="301.73" x="95.01" y="124.68"/>
        <vehicle id="cfm-slow_3" eclass="HBEFA3/PC_G_EU4" CO2="41374.51" CO="787.04" HC="4.61" NOx="18.83" PMx="1.04" fuel="17.78" electricity="0.00" noise="91.14" route="routetop" type="cfm-slow" waiting="0.00" lane="top_0" pos="3.98" speed="26.38" angle="267.37" x="55.02" y="131.73"/>
        <vehicle id="cfm-slow_4" eclass="HBEFA3/PC_G_EU4" CO2="43866.12" CO="867.49" HC="5.05" NOx="19.90" PMx="1.12" fuel="18.86" electricity="0.00" noise="90.43" route="routetop" type="cfm-slow" waiting="0.00" lane="top_0" pos="26.60" speed="31.01" angle="226.63" x="12.79" y="109.68"/>
        <vehicle id="cfm-slow_5" eclass="HBEFA3/PC_G_EU4" CO2="17328.45" CO="357.96" HC="2.07" NOx="7.30" PMx="0.45" fuel="7.45" electricity="0.00" noise="78.38" route="routetop" type="cfm-slow" waiting="0.00" lane="left_0" pos="3.93" speed="34.76" angle="177.46" x="-4.41" y="55.13"/>
    </timestep>
    <timestep time="3.53">
        <vehicle id="cfm-fast_0" eclass="HBEFA3/PC_G_EU4" CO2="67214.11" CO="1434.25" HC="8.22" NOx="30.77" PMx="1.78" fuel="28.89" electricity="0.00" noise="98.82" route="routetop" type="cfm-fast" waiting="0.00" lane="left_1" pos="24.28" speed="38.56" angle="140.81" x="16.45" y="18.54"/>
        <vehicle id="cfm-fast_1" eclass="HBEFA3/PC_G_EU4" CO2="0.00" CO="0.00" HC="0.00" NOx="0.00" PMx="0.00" fuel="0.00" electricity="0.00" noise="73.88" route="routetop" type="cfm-fast" waiting="0.00" lane="left_0" pos="37.03" speed="32.87" angle="117.83" x="36.43" y="0.69"/>
        <vehicle id="cfm-fast_2" eclass="HBEFA3/PC_G_EU4" CO2="109718.74" CO="2353.39" HC="13.47" NOx="50.77" PMx="2.91" fuel="47.16" electricity="0.00" noise="115.21" route="routebottom" type="cfm-fast" waiting="0.00" lane="bottom_1" pos="7.38" speed="41.36" angle="81.16" x="78.69" y="0.11"/>
        <vehicle id="cfm-fast_3" eclass="HBEFA3/PC_G_EU4" CO2="0.00" CO="0.00" HC="0.00" NOx="0.00" PMx="0.00" fuel="0.00" electricity="0.00" noise="71.36" route="routebottom" type="cfm-fast" waiting="0.00" lane="bottom_0" pos="14.04" speed="28.20" angle="69.22" x="93.00" y="1.64"/>
        <vehicle id="cfm-fast_4" eclass="HBEFA3/PC_G_EU4" CO2="184011.54" CO="4007.62" HC="22.86" NOx="85.71" PMx="4.90" fuel="79.10" electricity="0.00" noise="137.88" route="routebottom" type="cfm-fast" waiting="0.00" lane="bottom_1" pos="43.49" speed="47.74" angle="16.31" x="127.61" y="50.37"/>
        <vehicle id="cfm-fast_5" eclass="HBEFA3/PC_G_EU4" CO2="0.00" CO="0.00" HC="0.00" NOx="0.00" PMx="0.00" fuel="0.00" electricity="0.00" noise="69.40" route="routebottom" type="cfm-fast" waiting="0.00" lane="bottom_0" pos="36.15" speed="22.77" angle="29.51" x="125.86" y="34.70"/>
        <vehicle id="cfm-slow_0" eclass="HBEFA3/PC_G_EU4" CO2="11541.45" CO="161.67" HC="1.02" NOx="4.89" PMx="0.25" fuel="4.96" electricity="0.00" noise="72.83" route="routebottom" type="cfm-slow" waiting="0.00" lane="right_0" pos="1.70" speed="20.37" angle="1.41" x="132.16" y="67.43"/>
        <vehicle id="cfm-slow_1" eclass="HBEFA3/PC_G_EU4" CO2="17519.03" CO="284.48" HC="1.73" NOx="7.69" PMx="0.41" fuel="7.53" electricity="0.00" noise="76.89" route="routebottom" type="cfm-slow" waiting="0.00" lane="right_0" pos="17.99" speed="21.18" angle="332.16" x="121.59" y="100.44"/>
        <vehicle id="cfm-slow_2" eclass="HBEFA3/PC_G_EU4" CO2="28230.70" CO="506.49" HC="3.01" NOx="12.70" PMx="0.69" fuel="12.13" electricity="0.00" noise="84.05" route="routebottom" type="cfm-slow" waiting="0.00" lane="right_0" pos="35.14" speed="23.03" angle="301.31" x="94.57" y="124.91"/>
        <vehicle id="cfm-slow_3" eclass="HBEFA3/PC_G_EU4" CO2="41377.07" CO="787.33" HC="4.62" NOx="18.83" PMx="1.04" fuel="17.79" electricity="0.00" noise="91.11" route="routetop" type="cfm-slow" waiting="0.00" lane="top_0" pos="4.25" speed="26.43" angle="266.89" x="54.46" y="131.65"/>
        <vehicle id="cfm-slow_4" eclass="HBEFA3/PC_G_EU4" CO2="43607.57" CO="862.55" HC="5.02" NOx="19.78" PMx="1.12" fuel="18.74" electricity="0.00" noise="90.27" route="routetop" type="cfm-slow" waiting="0.00" lane="top_0" pos="26.91" speed="31.05" angle="226.10" x="12.34" y="109.19"/>
        <vehicle id="cfm-slow_5" eclass="HBEFA3/PC_G_EU4" CO2="16895.67" CO="349.16" HC="2.02" NOx="7.10" PMx="0.44" fuel="7.26" electricity="0.00" noise="78.26" route="routetop" type="cfm-slow" waiting="0.00" lane="left_0" pos="4.28" speed="34.77" angle="176.83" x="-4.31" y="54.39"/>
    </timestep>
    <timestep time="3.54">
        <vehicle id="cfm-fast_0" eclass="HBEFA3/PC_G_EU4" CO2="67370.48" CO="1438.31" HC="8.24" NOx="30.84" PMx="1.78" fuel="28.96" electricity="0.00" noise="98.87" route="routetop" type="cfm-fast" waiting="0.00" lane="left_1" pos="24.67" speed="38.62" angle="140.13" x="17.01" y="17.97"/>
        <vehicle id="cfm-fast_1" eclass="HBEFA3/PC_G_EU4" CO2="0.00" CO="0.00" HC="0.00" NOx="0.00" PMx="0.00" fuel="0.00" electricity="0.00" noise="73.86" route="routetop" type="cfm-fast" waiting="0.00" lane="left_0" pos="37.36" speed="32.86" angle="117.30" x="37.08" y="0.41"/>
        <vehicle id="cfm-fast_2" eclass="HBEFA3/PC_G_EU4" CO2="110148.25" CO="2363.79" HC="13.53" NOx="50.97" PMx="2.92" fuel="47.35" electricity="0.00" noise="115.32" route="routebottom" type="cfm-fast" waiting="0.00" lane="bottom_1" pos="7.80" speed="41.46" angle="80.46" x="79.52" y="0.31"/>
        <vehicle id="cfm-fast_3" eclass="HBEFA3/PC_G_EU4" CO2="0.00" CO="0.00" HC="0.00" NOx="0.00" PMx="0.00" fuel="0.00" electricity="0.00" noise="71.34" route="routebottom" type="cfm-fast" waiting="0.00" lane="bottom_0" pos="14.33" speed="28.17" angle="68.71" x="93.55" y="1.91"/>
        <vehicle id="cfm-fast_4" eclass="HBEFA3/PC_G_EU4" CO2="184580.91" CO="4022.38" HC="22.94" NOx="85.97" PMx="4.92" fuel="79.34" electricity="0.00" noise="137.94" route="routebottom" type="cfm-fast" waiting="0.00" lane="bottom_1" pos="43.97" speed="47.88" angle="15.43" x="127.79" y="51.34"/>
        <vehicle id="cfm-fast_5" eclass="HBEFA3/PC_G_EU4" CO2="0.00" CO="0.00" HC="0.00" NOx="0.00" PMx="0.00" fuel="0.00" electricity="0.00" noise="69.40" route="routebottom" type="cfm-fast" waiting="0.00" lane="bottom_0" pos="36.37" speed="22.76" angle="29.07" x="126.06" y="35.15"/>
        <vehicle id="cfm-slow_0" eclass="HBEFA3/PC_G_EU4" CO2="11562.26" CO="162.09" HC="1.02" NOx="4.90" PMx="0.25" fuel="4.97" electricity="0.00" noise="72.84" route="routebottom" type="cfm-slow" waiting="0.00" lane="right_0" pos="1.91" speed="20.39" angle="1.05" x="132.14" y="67.86"/>
        <vehicle id="cfm-slow_1" eclass="HBEFA3/PC_G_EU4" CO2="17581.75" CO="285.78" HC="1.74" NOx="7.72" PMx="0.41" fuel="7.56" electricity="0.00" noise="76.93" route="routebottom" type="cfm-slow" waiting="0.00" lane="right_0" pos="18.20" speed="21.20" angle="331.74" x="121.34" y="100.82"/>
        <vehicle id="cfm-slow_2" eclass="HBEFA3/PC_G_EU4" CO2="28315.69" CO="508.30" HC="3.02" NOx="12.74" PMx="0.69" fuel="12.17" electricity="0.00" noise="84.09" route="routebottom" type="cfm-slow" waiting="0.00" lane="right_0" pos="35.37" speed="23.07" angle="300.90" x="94.13" y="125.13"/>
        <vehicle id="cfm-slow_3" eclass="HBEFA3/PC_G_EU4" CO2="41377.68" CO="787.58" HC="4.62" NOx="18.83" PMx="1.04" fuel="17.79" electricity="0.00" noise="91.08" route="routetop" type="cfm-slow" waiting="0.00" lane="top_0" pos="4.51" speed="26.49" angle="266.41" x="53.90" y="131.57"/>
        <vehicle id="cfm-slow_4" eclass="HBEFA3/PC_G_EU4" CO2="43347.23" CO="857.57" HC="4.99" NOx="19.66" PMx="1.11" fuel="18.63" electricity="0.00" noise="90.11" route="routetop" type="cfm-slow" waiting="0.00" lane="top_0" pos="27.22" speed="31.10" angle="225.53" x="11.90" y="108.68"/>
        <vehicle id="cfm-slow_5" eclass="HBEFA3/PC_G_EU4" CO2="16465.12" CO="340.41" HC="1.97" NOx="6.90" PMx="0.43" fuel="7.08" electricity="0.00" noise="78.13" route="routetop" type="cfm-slow" waiting="0.00" lane="left_0" pos="4.63" speed="34.78" angle="176.20" x="-4.21" y="53.65"/>
    </timestep>
    <timestep time="3.55">
        <vehicle id="cfm-fast_0" eclass="HBEFA3/PC_G_EU4" CO2="67530.86" CO="1442.46" HC="8.27" NOx="30.91" PMx="1.79" fuel="29.03" electricity="0.00" noise="98.92" route="routetop" type="cfm-fast" waiting="0.00" lane="left_1" pos="25.05" speed="38.68" angle="139.41" x="17.57" y="17.41"/>
        <vehicle id="cfm-fast_1" eclass="HBEFA3/PC_G_EU4" CO2="0.00" CO="0.00" HC="0.00" NOx="0.00" PMx="0.00" fuel="0.00" electricity="0.00" noise="73.83" route="routetop" type="cfm-fast" waiting="0.00" lane="left_0" pos="37.69" speed="32.84" angle="116.70" x="37.74" y="0.15"/>
        <vehicle id="cfm-fast_2" eclass="HBEFA3/PC_G_EU4" CO2="110580.47" CO="2374.25" HC="13.59" NOx="51.17" PMx="2.93" fuel="47.53" electricity="0.00" noise="115.43" route="routebottom" type="cfm-fast" waiting="0.00" lane="bottom_1" pos="8.21" speed="41.55" angle="79.68" x="80.34" y="0.53"/>
        <vehicle id="cfm-fast_3" eclass="HBEFA3/PC_G_EU4" CO2="0.00" CO="0.00" HC="0.00" NOx="0.00" PMx="0.00" fuel="0.00" electricity="0.00" noise="71.33" route="routebottom" type="cfm-fast" waiting="0.00" lane="bottom_0" pos="14.61" speed="28.15" angle="68.18" x="94.09" y="2.18"/>
        <vehicle id="cfm-fast_4" eclass="HBEFA3/PC_G_EU4" CO2="185150.57" CO="4037.16" HC="23.03" NOx="86.24" PMx="4.94" fuel="79.59" electricity="0.00" noise="138.01" route="routebottom" type="cfm-fast" waiting="0.00" lane="bottom_1" pos="44.45" speed="48.01" angle="14.50" x="127.97" y="52.31"/>
        <vehicle id="cfm-fast_5" eclass="HBEFA3/PC_G_EU4" CO2="0.00" CO="0.00" HC="0.00" NOx="0.00" PMx="0.00" fuel="0.00" electricity="0.00" noise="69.39" route="routebottom" type="cfm-fast" waiting="0.00" lane="bottom_0" pos="36.60" speed="22.76" angle="28.63" x="126.26" y="35.59"/>
        <vehicle id="cfm-slow_0" eclass="HBEFA3/PC_G_EU4" CO2="11583.74" CO="162.52" HC="1.02" NOx="4.91" PMx="0.25" fuel="4.98" electricity="0.00" noise="72.86" route="routebottom" type="cfm-slow" waiting="0.00" lane="right_0" pos="2.11" speed="20.40" angle="0.68" x="132.11" y="68.30"/>
        <vehicle id="cfm-slow_1" eclass="HBEFA3/PC_G_EU4" CO2="17644.94" CO="287.08" HC="1.74" NOx="7.75" PMx="0.41" fuel="7.58" electricity="0.00" noise="76.97" route="routebottom" type="cfm-slow" waiting="0.00" lane="right_0" pos="18.42" speed="21.23" angle="331.33" x="121.09" y="101.20"/>
        <vehicle id="cfm-slow_2" eclass="HBEFA3/PC_G_EU4" CO2="28400.28" CO="510.11" HC="3.03" NOx="12.78" PMx="0.70" fuel="12.21" electricity="0.00" noise="84.13" route="routebottom" type="cfm-slow" waiting="0.00" lane="right_0" pos="35.60" speed="23.11" angle="300.48" x="93.68" y="125.35"/>
        <vehicle id="cfm-slow_3" eclass="HBEFA3/PC_G_EU4" CO2="41376.35" CO="787.79" HC="4.62" NOx="18.83" PMx="1.04" fuel="17.79" electricity="0.00" noise="91.05" route="routetop" type="cfm-slow" waiting="0.00" lane="top_0" pos="4.78" speed="26.54" angle="265.93" x="53.33" y="131.49"/>
        <vehicle id="cfm-slow_4" eclass="HBEFA3/PC_G_EU4" CO2="43085.14" CO="852.55" HC="4.96" NOx="19.53" PMx="1.10" fuel="18.52" electricity="0.00" noise="89.96" route="routetop" type="cfm-slow" waiting="0.00" lane="top_0" pos="27.53" speed="31.14" angle="224.94" x="11.47" y="108.17"/>
        <vehicle id="cfm-slow_5" eclass="HBEFA3/PC_G_EU4" CO2="16036.82" CO="331.70" HC="1.92" NOx="6.69" PMx="0.42" fuel="6.89" electricity="0.00" noise="78.01" route="routetop" type="cfm-slow" waiting="0.00" lane="left_0" pos="4.98" speed="34.79" angle="175.57" x="-4.10" y="52.91"/>
    </timestep>
    <timestep time="3.56">
        <vehicle id="cfm-fast_0" eclass="HBEFA3/PC_G_EU4" CO2="67695.23" CO="1446.69" HC="8.29" NOx="30.99" PMx="1.79" fuel="29.10" electricity="0.00" noise="98.97" route="routetop" type="cfm-fast" waiting="0.00" lane="left_1" pos="25.44" speed="38.73" angle="138.69" x="18.13" y="16.85"/>
        <vehicle id="cfm-fast_1" eclass="HBEFA3/PC_G_EU4" CO2="0.00" CO="0.00" HC="0.00" NOx="0.00" PMx="0.00" fuel="0.00" electricity="0.00" noise="73.80" route="routetop" type="cfm-fast" waiting="0.00" lane="left_0" pos="38.02" speed="32.83" angle="116.09" x="38.39" y="-0.12"/>
        <vehicle id="cfm-fast_2" eclass="HBEFA3/PC_G_EU4" CO2="111015.38" CO="2384.78" HC="13.64" NOx="51.37" PMx="2.94" fuel="47.72" electricity="0.00" noise="115.55" route="routebottom" type="cfm-fast" waiting="0.00" lane="bottom_1" pos="8.63" speed="41.64" angle="78.90" x="81.17" y="0.75"/>
        <vehicle id="cfm-fast_3" eclass="HBEFA3/PC_G_EU4" CO2="0.00" CO="0.00" HC="0.00" NOx="0.00" PMx="0.00" fuel="0.00" electricity="0.00" noise="71.32" route="routebottom" type="cfm-fast" waiting="0.00" lane="bottom_0" pos="14.89" speed="28.13" angle="67.65" x="94.63" y="2.45"/>
        <vehicle id="cfm-fast_4" eclass="HBEFA3/PC_G_EU4" CO2="185720.52" CO="4051.96" HC="23.11" NOx="86.51" PMx="4.95" fuel="79.83" electricity="0.00" noise="138.07" route="routebottom" type="cfm-fast" waiting="0.00" lane="bottom_1" pos="44.93" speed="48.15" angle="13.64" x="128.14" y="53.28"/>
        <vehicle id="cfm-fast_5" eclass="HBEFA3/PC_G_EU4" CO2="0.00" CO="0.00" HC="0.00" NOx="0.00" PMx="0.00" fuel="0.00" electricity="0.00" noise="69.40" route="routebottom" type="cfm-fast" waiting="0.00" lane="bottom_0" pos="36.83" speed="22.75" angle="28.18" x="126.46" y="36.04"/>
        <vehicle id="cfm-slow_0" eclass="HBEFA3/PC_G_EU4" CO2="11605.87" CO="162.97" HC="1.03" NOx="4.92" PMx="0.25" fuel="4.99" electricity="0.00" noise="72.87" route="routebottom" type="cfm-slow" waiting="0.00" lane="right_0" pos="2.32" speed="20.42" angle="0.32" x="132.09" y="68.74"/>
        <vehicle id="cfm-slow_1" eclass="HBEFA3/PC_G_EU4" CO2="17708.59" CO="288.39" HC="1.75" NOx="7.78" PMx="0.41" fuel="7.61" electricity="0.00" noise="77.01" route="routebottom" type="cfm-slow" waiting="0.00" lane="right_0" pos="18.63" speed="21.25" angle="330.92" x="120.83" y="101.58"/>
        <vehicle id="cfm-slow_2" eclass="HBEFA3/PC_G_EU4" CO2="28484.44" CO="511.91" HC="3.04" NOx="12.82" PMx="0.70" fuel="12.24" electricity="0.00" noise="84.17" route="routebottom" type="cfm-slow" waiting="0.00" lane="right_0" pos="35.83" speed="23.15" angle="300.08" x="93.24" y="125.58"/>
        <vehicle id="cfm-slow_3" eclass="HBEFA3/PC_G_EU4" CO2="41373.05" CO="787.96" HC="4.62" NOx="18.82" PMx="1.04" fuel="17.78" electricity="0.00" noise="91.01" route="routetop" type="cfm-slow" waiting="0.00" lane="top_0" pos="5.04" speed="26.59" angle="265.39" x="52.76" y="131.40"/>
        <vehicle id="cfm-slow_4" eclass="HBEFA3/PC_G_EU4" CO2="42821.33" CO="847.49" HC="4.93" NOx="19.41" PMx="1.10" fuel="18.41" electricity="0.00" noise="89.80" route="routetop" type="cfm-slow" waiting="0.00" lane="top_0" pos="27.84" speed="31.19" angle="224.36" x="11.03" y="107.66"/>
        <vehicle id="cfm-slow_5" eclass="HBEFA3/PC_G_EU4" CO2="15610.81" CO="323.03" HC="1.87" NOx="6.49" PMx="0.41" fuel="6.71" electricity="0.00" noise="77.89" route="routetop" type="cfm-slow" waiting="0.00" lane="left_0" pos="5.32" speed="34.80" angle="174.90" x="-3.98" y="52.17"/>
    </timestep>
    <timestep time="3.57">
        <vehicle id="cfm-fast_0" eclass="HBEFA3/PC_G_EU4" CO2="67863.58" CO="1451.00" HC="8.31" NOx="31.07" PMx="1.80" fuel="29.17" electricity="0.00" noise="99.02" route="routetop" type="cfm-fast" waiting="0.00" lane="left_1" pos="25.83" speed="38.79" angle="138.03" x="18.70" y="16.30"/>
        <vehicle id="cfm-fast_1" eclass="HBEFA3/PC_G_EU4" CO2="0.00" CO="0.00" HC="0.00" NOx="0.00" PMx="0.00" fuel="0.00" electricity="0.00" noise="73.78" route="routetop" type="cfm-fast" waiting="0.00" lane="left_0" pos="38.34" speed="32.81" angle="115.49" x="39.05" y="-0.38"/>
        <vehicle id="cfm-fast_2" eclass="HBEFA3/PC_G_EU4" CO2="111452.96" CO="2395.38" HC="13.70" NOx="51.58" PMx="2.96" fuel="47.91" electricity="0.00" noise="115.66" route="routebottom" type="cfm-fast" waiting="0.00" lane="bottom_1" pos="9.05" speed="41.73" angle="78.18" x="81.99" y="0.98"/>
        <vehicle id="cfm-fast_3" eclass="HBEFA3/PC_G_EU4" CO2="0.00" CO="0.00" HC="0.00" NOx="0.00" PMx="0.00" fuel="0.00" electricity="0.00" noise="71.30" route="routebottom" type="cfm-fast" waiting="0.00" lane="bottom_0" pos="15.17" speed="28.10" angle="67.13" x="95.17" y="2.72"/>
        <vehicle id="cfm-fast_4" eclass="HBEFA3/PC_G_EU4" CO2="186290.76" CO="4066.78" HC="23.19" NOx="86.77" PMx="4.97" fuel="80.08" electricity="0.00" noise="138.14" route="routebottom" type="cfm-fast" waiting="0.00" lane="bottom_1" pos="45.41" speed="48.28" angle="12.76" x="128.28" y="54.26"/>
        <vehicle id="cfm-fast_5" eclass="HBEFA3/PC_G_EU4" CO2="0.00" CO="0.00" HC="0.00" NOx="0.00" PMx="0.00" fuel="0.00" electricity="0.00" noise="69.40" route="routebottom" type="cfm-fast" waiting="0.00" lane="bottom_0" pos="37.06" speed="22.75" angle="27.74" x="126.66" y="36.49"/>
        <vehicle id="cfm-slow_0" eclass="HBEFA3/PC_G_EU4" CO2="11628.66" CO="163.43" HC="1.03" NOx="4.93" PMx="0.25" fuel="5.00" electricity="0.00" noise="72.89" route="routebottom" type="cfm-slow" waiting="0.00" lane="right_0" pos="2.52" speed="20.43" angle="359.97" x="132.06" y="69.18"/>
        <vehicle id="cfm-slow_1" eclass="HBEFA3/PC_G_EU4" CO2="17772.69" CO="289.71" HC="1.76" NOx="7.81" PMx="0.42" fuel="7.64" electricity="0.00" noise="77.06" route="routebottom" type="cfm-slow" waiting="0.00" lane="right_0" pos="18.84" speed="21.28" angle="330.50" x="120.58" y="101.96"/>
        <vehicle id="cfm-slow_2" eclass="HBEFA3/PC_G_EU4" CO2="28568.18" CO="513.70" HC="3.05" NOx="12.86" PMx="0.70" fuel="12.28" electricity="0.00" noise="84.21" route="routebottom" type="cfm-slow" waiting="0.00" lane="right_0" pos="36.07" speed="23.19" angle="299.67" x="92.78" y="125.79"/>
        <vehicle id="cfm-slow_3" eclass="HBEFA3/PC_G_EU4" CO2="41367.80" CO="788.09" HC="4.62" NOx="18.82" PMx="1.04" fuel="17.78" electricity="0.00" noise="90.98" route="routetop" type="cfm-slow" waiting="0.00" lane="top_0" pos="5.31" speed="26.64" angle="264.92" x="52.20" y="131.31"/>
        <vehicle id="cfm-slow_4" eclass="HBEFA3/PC_G_EU4" CO2="42555.82" CO="842.40" HC="4.90" NOx="19.28" PMx="1.09" fuel="18.29" electricity="0.00" noise="89.65" route="routetop" type="cfm-slow" waiting="0.00" lane="top_0" pos="28.15" speed="31.23" angle="223.82" x="10.60" y="107.15"/>
        <vehicle id="cfm-slow_5" eclass="HBEFA3/PC_G_EU4" CO2="15187.09" CO="314.40" HC="1.82" NOx="6.29" PMx="0.40" fuel="6.53" electricity="0.00" noise="77.78" route="routetop" type="cfm-slow" waiting="0.00" lane="left_0" pos="5.67" speed="34.81" angle="174.27" x="-3.84" y="51.43"/>
    </timestep>
    <timestep time="3.58">
        <vehicle id="cfm-fast_0" eclass="HBEFA3/PC_G_EU4" CO2="68035.87" CO="1455.41" HC="8.34" NOx="31.15" PMx="1.80" fuel="29.25" electricity="0.00" noise="99.07" route="routetop" type="cfm-fast" waiting="0.00" lane="left_1" pos="26.22" speed="38.85" angle="137.31" x="19.29" y="15.76"/>
        <vehicle id="cfm-fast_1" eclass="HBEFA3/PC_G_EU4" CO2="0.00" CO="0.00" HC="0.00" NOx="0.00" PMx="0.00" fuel="0.00" electricity="0.00" noise="73.76" route="routetop" type="cfm-fast" waiting="0.00" lane="left_0" pos="38.67" speed="32.80" angle="114.94" x="39.71" y="-0.63"/>
        <vehicle id="cfm-fast_2" eclass="HBEFA3/PC_G_EU4" CO2="111893.18" CO="2406.04" HC="13.76" NOx="51.79" PMx="2.97" fuel="48.10" electricity="0.00" noise="115.77" route="routebottom" type="cfm-fast" waiting="0.00" lane="bottom_1" pos="9.46" speed="41.82" angle="77.42" x="82.81" y="1.23"/>
        <vehicle id="cfm-fast_3" eclass="HBEFA3/PC_G_EU4" CO2="0.00" CO="0.00" HC="0.00" NOx="0.00" PMx="0.00" fuel="0.00" electricity="0.00" noise="71.29" route="routebottom" type="cfm-fast" waiting="0.00" lane="bottom_0" pos="15.45" speed="28.08" angle="66.68" x="95.71" y="2.99"/>
        <vehicle id="cfm-fast_4" eclass="HBEFA3/PC_G_EU4" CO2="186861.30" CO="4081.63" HC="23.27" NOx="87.04" PMx="4.99" fuel="80.32" electricity="0.00" noise="138.20" route="routebottom" type="cfm-fast" waiting="0.00" lane="bottom_1" pos="45.90" speed="48.42" angle="11.87" x="128.42" y="55.24"/>
        <vehicle id="cfm-fast_5" eclass="HBEFA3/PC_G_EU4" CO2="0.00" CO="0.00" HC="0.00" NOx="0.00" PMx="0.00" fuel="0.00" electricity="0.00" noise="69.40" route="routebottom" type="cfm-fast" waiting="0.00" lane="bottom_0" pos="37.28" speed="22.74" angle="27.40" x="126.85" y="36.94"/>
        <vehicle id="cfm-slow_0" eclass="HBEFA3/PC_G_EU4" CO2="11652.11" CO="163.90" HC="1.03" NOx="4.94" PMx="0.25" fuel="5.01" electricity="0.00" noise="72.91" route="routebottom" type="cfm-slow" waiting="0.00" lane="right_0" pos="2.73" speed="20.45" angle="359.61" x="132.02" y="69.62"/>
        <vehicle id="cfm-slow_1" eclass="HBEFA3/PC_G_EU4" CO2="17837.23" CO="291.04" HC="1.77" NOx="7.84" PMx="0.42" fuel="7.67" electricity="0.00" noise="77.10" route="routebottom" type="cfm-slow" waiting="0.00" lane="right_0" pos="19.06" speed="21.31" angle="330.09" x="120.32" y="102.34"/>
        <vehicle id="cfm-slow_2" eclass="HBEFA3/PC_G_EU4" CO2="28651.47" CO="515.49" HC="3.06" NOx="12.90" PMx="0.70" fuel="12.32" electricity="0.00" noise="84.26" route="routebottom" type="cfm-slow" waiting="0.00" lane="right_0" pos="36.30" speed="23.23" angle="299.22" x="92.33" y="125.99"/>
        <vehicle id="cfm-slow_3" eclass="HBEFA3/PC_G_EU4" CO2="41360.58" CO="788.19" HC="4.62" NOx="18.82" PMx="1.04" fuel="17.78" electricity="0.00" noise="90.95" route="routetop" type="cfm-slow" waiting="0.00" lane="top_0" pos="5.58" speed="26.70" angle="264.42" x="51.63" y="131.20"/>
        <vehicle id="cfm-slow_4" eclass="HBEFA3/PC_G_EU4" CO2="42288.66" CO="837.28" HC="4.87" NOx="19.15" PMx="1.08" fuel="18.18" electricity="0.00" noise="89.49" route="routetop" type="cfm-slow" waiting="0.00" lane="top_0" pos="28.47" speed="31.28" angle="223.28" x="10.18" y="106.63"/>
        <vehicle id="cfm-slow_5" eclass="HBEFA3/PC_G_EU4" CO2="14765.68" CO="305.81" HC="1.77" NOx="6.09" PMx="0.38" fuel="6.35" electricity="0.00" noise="77.66" route="routetop" type="cfm-slow" waiting="0.00" lane="left_0" pos="6.02" speed="34.82" angle="173.63" x="-3.71" y="50.69"/>
    </timestep>
    <timestep time="3.59">
        <vehicle id="cfm-fast_0" eclass="HBEFA3/PC_G_EU4" CO2="68212.08" CO="1459.89" HC="8.36" NOx="31.23" PMx="1.81" fuel="29.32" electricity="0.00" noise="99.13" route="routetop" type="cfm-fast" waiting="0.00" lane="left_1" pos="26.61" speed="38.91" angle="136.59" x="19.87" y="15.22"/>
        <vehicle id="cfm-fast_1" eclass="HBEFA3/PC_G_EU4" CO2="0.00" CO="0.00" HC="0.00" NOx="0.00" PMx="0.00" fuel="0.00" electricity="0.00" noise="73.73" route="routetop" type="cfm-fast" waiting="0.00" lane="left_0" pos="39.00" speed="32.78" angle="114.34" x="40.37" y="-0.86"/>
        <vehicle id="cfm-fast_2" eclass="HBEFA3/PC_G_EU4" CO2="112336.02" CO="2416.76" HC="13.82" NOx="51.99" PMx="2.98" fuel="48.29" electricity="0.00" noise="115.88" route="routebottom" type="cfm-fast" waiting="0.00" lane="bottom_1" pos="9.88" speed="41.92" angle="76.65" x="83.63" y="1.49"/>
        <vehicle id="cfm-fast_3" eclass="HBEFA3/PC_G_EU4" CO2="0.00" CO="0.00" HC="0.00" NOx="0.00" PMx="0.00" fuel="0.00" electricity="0.00" noise="71.27" route="routebottom" type="cfm-fast" waiting="0.00" lane="bottom_0" pos="15.73" speed="28.06" angle="66.16" x="96.24" y="3.29"/>
        <vehicle id="cfm-fast_4" eclass="HBEFA3/PC_G_EU4" CO2="187432.13" CO="4096.50" HC="23.35" NOx="87.31" PMx="5.00" fuel="80.57" electricity="0.00" noise="138.27" route="routebottom" type="cfm-fast" waiting="0.00" lane="bottom_1" pos="46.38" speed="48.56" angle="11.06" x="128.55" y="56.23"/>
        <vehicle id="cfm-fast_5" eclass="HBEFA3/PC_G_EU4" CO2="0.00" CO="0.00" HC="0.00" NOx="0.00" PMx="0.00" fuel="0.00" electricity="0.00" noise="69.40" route="routebottom" type="cfm-fast" waiting="0.00" lane="bottom_0" pos="37.51" speed="22.74" angle="26.98" x="127.03" y="37.39"/>
        <vehicle id="cfm-slow_0" eclass="HBEFA3/PC_G_EU4" CO2="11676.19" CO="164.39" HC="1.04" NOx="4.95" PMx="0.26" fuel="5.02" electricity="0.00" noise="72.92" route="routebottom" type="cfm-slow" waiting="0.00" lane="right_0" pos="2.93" speed="20.47" angle="359.24" x="131.97" y="70.05"/>
        <vehicle id="cfm-slow_1" eclass="HBEFA3/PC_G_EU4" CO2="17902.19" CO="292.39" HC="1.77" NOx="7.87" PMx="0.42" fuel="7.70" electricity="0.00" noise="77.14" route="routebottom" type="cfm-slow" waiting="0.00" lane="right_0" pos="19.27" speed="21.33" angle="329.75" x="120.06" y="102.72"/>
        <vehicle id="cfm-slow_2" eclass="HBEFA3/PC_G_EU4" CO2="28734.30" CO="517.27" HC="3.07" NOx="12.93" PMx="0.70" fuel="12.35" electricity="0.00" noise="84.30" route="routebottom" type="cfm-slow" waiting="0.00" lane="right_0" pos="36.53" speed="23.27" angle="298.77" x="91.87" y="126.20"/>
        <vehicle id="cfm-slow_3" eclass="HBEFA3/PC_G_EU4" CO2="41351.39" CO="788.24" HC="4.62" NOx="18.81" PMx="1.04" fuel="17.77" electricity="0.00" noise="90.91" route="routetop" type="cfm-slow" waiting="0.00" lane="top_0" pos="5.84" speed="26.75" angle="263.92" x="51.07" y="131.10"/>
        <vehicle id="cfm-slow_4" eclass="HBEFA3/PC_G_EU4" CO2="42019.87" CO="832.11" HC="4.84" NOx="19.03" PMx="1.08" fuel="18.06" electricity="0.00" noise="89.34" route="routetop" type="cfm-slow" waiting="0.00" lane="top_0" pos="28.78" speed="31.32" angle="222.70" x="9.76" y="106.10"/>
        <vehicle id="cfm-slow_5" eclass="HBEFA3/PC_G_EU4" CO2="14346.61" CO="297.27" HC="1.72" NOx="5.89" PMx="0.37" fuel="6.17" electricity="0.00" noise="77.55" route="routetop" type="cfm-slow" waiting="0.00" lane="left_0" pos="6.37" speed="34.82" angle="173.05" x="-3.57" y="49.96"/>
    </timestep>
    <timestep time="3.60">
        <vehicle id="cfm-fast_0" eclass="HBEFA3/PC_G_EU4" CO2="68392.20" CO="1464.46" HC="8.39" NOx="31.31" PMx="1.81" fuel="29.40" electricity="0.00" noise="99.18" route="routetop" type="cfm-fast" waiting="0.00" lane="left_1" pos="27.00" speed="38.97" angle="135.93" x="20.47" y="14.68"/>
        <vehicle id="cfm-fast_1" eclass="HBEFA3/PC_G_EU4" CO2="0.00" CO="0.00" HC="0.00" NOx="0.00" PMx="0.00" fuel="0.00" electricity="0.00" noise="73.71" route="routetop" type="cfm-fast" waiting="0.00" lane="left_0" pos="39.33" speed="32.76" angle="113.73" x="41.04" y="-1.10"/>
        <vehicle id="cfm-fast_2" eclass="HBEFA3/PC_G_EU4" CO2="112781.45" CO="2427.55" HC="13.88" NOx="52.20" PMx="2.99" fuel="48.48" electricity="0.00" noise="116.00" route="routebottom" type="cfm-fast" waiting="0.00" lane="bottom_1" pos="10.30" speed="42.01" angle="75.95" x="84.45" y="1.75"/>
        <vehicle id="cfm-fast_3" eclass="HBEFA3/PC_G_EU4" CO2="0.00" CO="0.00" HC="0.00" NOx="0.00" PMx="0.00" fuel="0.00" electricity="0.00" noise="71.26" route="routebottom" type="cfm-fast" waiting="0.00" lane="bottom_0" pos="16.01" speed="28.03" angle="65.64" x="96.76" y="3.58"/>
        <vehicle id="cfm-fast_4" eclass="HBEFA3/PC_G_EU4" CO2="188003.25" CO="4111.39" HC="23.44" NOx="87.57" PMx="5.02" fuel="80.81" electricity="0.00" noise="138.34" route="routebottom" type="cfm-fast" waiting="0.00" lane="bottom_1" pos="46.87" speed="48.69" angle="10.19" x="128.65" y="57.22"/>
        <vehicle id="cfm-fast_5" eclass="HBEFA3/PC_G_EU4" CO2="0.00" CO="0.00" HC="0.00" NOx="0.00" PMx="0.00" fuel="0.00" electricity="0.00" noise="69.40" route="routebottom" type="cfm-fast" waiting="0.00" lane="bottom_0" pos="37.74" speed="22.73" angle="26.57" x="127.22" y="37.85"/>
        <vehicle id="cfm-slow_0" eclass="HBEFA3/PC_G_EU4" CO2="11700.92" CO="164.89" HC="1.04" NOx="4.96" PMx="0.26" fuel="5.03" electricity="0.00" noise="72.94" route="routebottom" type="cfm-slow" waiting="0.00" lane="right_0" pos="3.13" speed="20.48" angle="358.87" x="131.93" y="70.49"/>
        <vehicle id="cfm-slow_1" eclass="HBEFA3/PC_G_EU4" CO2="17967.57" CO="293.74" HC="1.78" NOx="7.90" PMx="0.42" fuel="7.72" electricity="0.00" noise="77.18" route="routebottom" type="cfm-slow" waiting="0.00" lane="right_0" pos="19.48" speed="21.36" angle="329.37" x="119.80" y="103.09"/>
        <vehicle id="cfm-slow_2" eclass="HBEFA3/PC_G_EU4" CO2="28816.66" CO="519.03" HC="3.08" NOx="12.97" PMx="0.71" fuel="12.39" electricity="0.00" noise="84.34" route="routebottom" type="cfm-slow" waiting="0.00" lane="right_0" pos="36.76" speed="23.31" angle="298.32" x="91.41" y="126.40"/>
        <vehicle id="cfm-slow_3" eclass="HBEFA3/PC_G_EU4" CO2="41340.24" CO="788.26" HC="4.62" NOx="18.80" PMx="1.04" fuel="17.77" electricity="0.00" noise="90.87" route="routetop" type="cfm-slow" waiting="0.00" lane="top_0" pos="6.11" speed="26.80" angle="263.42" x="50.50" y="130.99"/>
        <vehicle id="cfm-slow_4" eclass="HBEFA3/PC_G_EU4" CO2="41749.49" CO="826.92" HC="4.81" NOx="18.90" PMx="1.07" fuel="17.95" electricity="0.00" noise="89.18" route="routetop" type="cfm-slow" waiting="0.00" lane="top_0" pos="29.09" speed="31.36" angle="222.13" x="9.35" y="105.56"/>
        <vehicle id="cfm-slow_5" eclass="HBEFA3/PC_G_EU4" CO2="13929.90" CO="288.77" HC="1.67" NOx="5.70" PMx="0.36" fuel="5.99" electricity="0.00" noise="77.45" route="routetop" type="cfm-slow" waiting="0.00" lane="left_0" pos="6.72" speed="34.83" angle="172.39" x="-3.41" y="49.23"/>
    </timestep>
    <timestep time="3.61">
        <vehicle id="cfm-fast_0" eclass="HBEFA3/PC_G_EU4" CO2="68576.20" CO="1469.12" HC="8.41" NOx="31.40" PMx="1.82" fuel="29.48" electricity="0.00" noise="99.24" route="routetop" type="cfm-fast" waiting="0.00" lane="left_1" pos="27.39" speed="39.02" angle="135.21" x="21.07" y="14.16"/>
        <vehicle id="cfm-fast_1" eclass="HBEFA3/PC_G_EU4" CO2="0.00" CO="0.00" HC="0.00" NOx="0.00" PMx="0.00" fuel="0.00" electricity="0.00" noise="73.69" route="routetop" type="cfm-fast" waiting="0.00" lane="left_0" pos="39.65" speed="32.75" angle="113.14" x="41.70" y="-1.34"/>
        <vehicle id="cfm-fast_2" eclass="HBEFA3/PC_G_EU4" CO2="113229.45" CO="2438.40" HC="13.94" NOx="52.41" PMx="3.01" fuel="48.67" electricity="0.00" noise="116.11" route="routebottom" type="cfm-fast" waiting="0.00" lane="bottom_1" pos="10.73" speed="42.10" angle="75.17" x="85.26" y="2.04"/>
        <vehicle id="cfm-fast_3" eclass="HBEFA3/PC_G_EU4" CO2="0.00" CO="0.00" HC="0.00" NOx="0.00" PMx="0.00" fuel="0.00" electricity="0.00" noise="71.25" route="routebottom" type="cfm-fast" waiting="0.00" lane="bottom_0" pos="16.29" speed="28.01" angle="65.12" x="97.29" y="3.87"/>
        <vehicle id="cfm-fast_4" eclass="HBEFA3/PC_G_EU4" CO2="188574.66" CO="4126.30" HC="23.52" NOx="87.84" PMx="5.03" fuel="81.06" electricity="0.00" noise="138.40" route="routebottom" type="cfm-fast" waiting="0.00" lane="bottom_1" pos="47.36" speed="48.83" angle="9.34" x="128.75" y="58.22"/>
        <vehicle id="cfm-fast_5" eclass="HBEFA3/PC_G_EU4" CO2="0.00" CO="0.00" HC="0.00" NOx="0.00" PMx="0.00" fuel="0.00" electricity="0.00" noise="69.40" route="routebottom" type="cfm-fast" waiting="0.00" lane="bottom_0" pos="37.97" speed="22.73" angle="26.16" x="127.40" y="38.30"/>
        <vehicle id="cfm-slow_0" eclass="HBEFA3/PC_G_EU4" CO2="11726.29" CO="165.40" HC="1.04" NOx="4.97" PMx="0.26" fuel="5.04" electricity="0.00" noise="72.96" route="routebottom" type="cfm-slow" waiting="0.00" lane="right_0" pos="3.34" speed="20.50" angle="358.50" x="131.88" y="70.93"/>
        <vehicle id="cfm-slow_1" eclass="HBEFA3/PC_G_EU4" CO2="18033.36" CO="295.10" HC="1.79" NOx="7.93" PMx="0.42" fuel="7.75" electricity="0.00" noise="77.23" route="routebottom" type="cfm-slow" waiting="0.00" lane="right_0" pos="19.70" speed="21.38" angle="328.98" x="119.53" y="103.47"/>
        <vehicle id="cfm-slow_2" eclass="HBEFA3/PC_G_EU4" CO2="28898.53" CO="520.80" HC="3.09" NOx="13.01" PMx="0.71" fuel="12.42" electricity="0.00" noise="84.38" route="routebottom" type="cfm-slow" waiting="0.00" lane="right_0" pos="37.00" speed="23.36" angle="297.86" x="90.95" y="126.61"/>
        <vehicle id="cfm-slow_3" eclass="HBEFA3/PC_G_EU4" CO2="41327.12" CO="788.23" HC="4.62" NOx="18.80" PMx="1.04" fuel="17.76" electricity="0.00" noise="90.84" route="routetop" type="cfm-slow" waiting="0.00" lane="top_0" pos="6.38" speed="26.85" angle="262.98" x="49.93" y="130.89"/>
        <vehicle id="cfm-slow_4" eclass="HBEFA3/PC_G_EU4" CO2="41477.55" CO="821.69" HC="4.78" NOx="18.77" PMx="1.06" fuel="17.83" electricity="0.00" noise="89.02" route="routetop" type="cfm-slow" waiting="0.00" lane="top_0" pos="29.41" speed="31.41" angle="221.58" x="8.93" y="105.03"/>
        <vehicle id="cfm-slow_5" eclass="HBEFA3/PC_G_EU4" CO2="13515.55" CO="280.31" HC="1.63" NOx="5.50" PMx="0.35" fuel="5.81" electricity="0.00" noise="77.34" route="routetop" type="cfm-slow" waiting="0.00" lane="left_0" pos="7.07" speed="34.84" angle="171.72" x="-3.24" y="48.50"/>
    </timestep>
    <timestep time="3.62">
        <vehicle id="cfm-fast_0" eclass="HBEFA3/PC_G_EU4" CO2="68764.06" CO="1473.85" HC="8.44" NOx="31.49" PMx="1.82" fuel="29.56" electricity="0.00" noise="99.30" route="routetop" type="cfm-fast" waiting="0.00" lane="left_1" pos="27.78" speed="39.08" angle="134.49" x="21.69" y="13.64"/>
        <vehicle id="cfm-fast_1" eclass="HBEFA3/PC_G_EU4" CO2="0.00" CO="0.00" HC="0.00" NOx="0.00" PMx="0.00" fuel="0.00" electricity="0.00" noise="73.67" route="routetop" type="cfm-fast" waiting="0.00" lane="left_0" pos="39.98" speed="32.73" angle="112.58" x="42.37" y="-1.56"/>
        <vehicle id="cfm-fast_2" eclass="HBEFA3/PC_G_EU4" CO2="113680.00" CO="2449.31" HC="14.01" NOx="52.62" PMx="3.02" fuel="48.87" electricity="0.00" noise="116.23" route="routebottom" type="cfm-fast" waiting="0.00" lane="bottom_1" pos="11.15" speed="42.20" angle="74.39" x="86.08" y="2.33"/>
        <vehicle id="cfm-fast_3" eclass="HBEFA3/PC_G_EU4" CO2="0.00" CO="0.00" HC="0.00" NOx="0.00" PMx="0.00" fuel="0.00" electricity="0.00" noise="71.23" route="routebottom" type="cfm-fast" waiting="0.00" lane="bottom_0" pos="16.57" speed="27.99" angle="64.63" x="97.82" y="4.16"/>
        <vehicle id="cfm-fast_4" eclass="HBEFA3/PC_G_EU4" CO2="189146.36" CO="4141.23" HC="23.60" NOx="88.11" PMx="5.05" fuel="81.30" electricity="0.00" noise="138.47" route="routebottom" type="cfm-fast" waiting="0.00" lane="bottom_1" pos="47.85" speed="48.97" angle="8.44" x="128.82" y="59.22"/>
        <vehicle id="cfm-fast_5" eclass="HBEFA3/PC_G_EU4" CO2="0.00" CO="0.00" HC="0.00" NOx="0.00" PMx="0.00" fuel="0.00" electricity="0.00" noise="69.40" route="routebottom" type="cfm-fast" waiting="0.00" lane="bottom_0" pos="38.19" speed="22.72" angle="25.75" x="127.58" y="38.75"/>
        <vehicle id="cfm-slow_0" eclass="HBEFA3/PC_G_EU4" CO2="11752.29" CO="165.93" HC="1.04" NOx="4.99" PMx="0.26" fuel="5.05" electricity="0.00" noise="72.98" route="routebottom" type="cfm-slow" waiting="0.00" lane="right_0" pos="3.55" speed="20.51" angle="358.14" x="131.84" y="71.37"/>
        <vehicle id="cfm-slow_1" eclass="HBEFA3/PC_G_EU4" CO2="18099.56" CO="296.46" HC="1.80" NOx="7.96" PMx="0.42" fuel="7.78" electricity="0.00" noise="77.27" route="routebottom" type="cfm-slow" waiting="0.00" lane="right_0" pos="19.91" speed="21.41" angle="328.59" x="119.26" y="103.84"/>
        <vehicle id="cfm-slow_2" eclass="HBEFA3/PC_G_EU4" CO2="28979.90" CO="522.55" HC="3.10" NOx="13.05" PMx="0.71" fuel="12.46" electricity="0.00" noise="84.41" route="routebottom" type="cfm-slow" waiting="0.00" lane="right_0" pos="37.23" speed="23.40" angle="297.50" x="90.49" y="126.81"/>
        <vehicle id="cfm-slow_3" eclass="HBEFA3/PC_G_EU4" CO2="41312.02" CO="788.17" HC="4.62" NOx="18.79" PMx="1.04" fuel="17.76" electricity="0.00" noise="90.80" route="routetop" type="cfm-slow" waiting="0.00" lane="top_0" pos="6.65" speed="26.91" angle="262.47" x="49.37" y="130.76"/>
        <vehicle id="cfm-slow_4" eclass="HBEFA3/PC_G_EU4" CO2="41204.08" CO="816.42" HC="4.75" NOx="18.64" PMx="1.06" fuel="17.71" electricity="0.00" noise="88.87" route="routetop" type="cfm-slow" waiting="0.00" lane="top_0" pos="29.72" speed="31.45" angle="221.04" x="8.53" y="104.49"/>
        <vehicle id="cfm-slow_5" eclass="HBEFA3/PC_G_EU4" CO2="13103.60" CO="271.90" HC="1.58" NOx="5.31" PMx="0.34" fuel="5.63" electricity="0.00" noise="77.24" route="routetop" type="cfm-slow" waiting="0.00" lane="left_0" pos="7.41" speed="34.84" angle="171.05" x="-3.07" y="47.77"/>
    </timestep>
    <timestep time="3.63">
        <vehicle id="cfm-fast_0" eclass="HBEFA3/PC_G_EU4" CO2="68955.76" CO="1478.67" HC="8.47" NOx="31.58" PMx="1.83" fuel="29.64" electricity="0.00" noise="99.36" route="routetop" type="cfm-fast" waiting="0.00" lane="left_1" pos="28.17" speed="39.14" angle="133.81" x="22.30" y="13.12"/>
        <vehicle id="cfm-fast_1" eclass="HBEFA3/PC_G_EU4" CO2="0.00" CO="0.00" HC="0.00" NOx="0.00" PMx="0.00" fuel="0.00" electricity="0.00" noise="73.65" route="routetop" type="cfm-fast" waiting="0.00" lane="left_0" pos="40.31" speed="32.71" angle="111.97" x="43.04" y="-1.76"/>
        <vehicle id="cfm-fast_2" eclass="HBEFA3/PC_G_EU4" CO2="114133.07" CO="2460.28" HC="14.07" NOx="52.83" PMx="3.03" fuel="49.06" electricity="0.00" noise="116.34" route="routebottom" type="cfm-fast" waiting="0.00" lane="bottom_1" pos="11.57" speed="42.29" angle="73.66" x="86.89" y="2.63"/>
        <vehicle id="cfm-fast_3" eclass="HBEFA3/PC_G_EU4" CO2="0.00" CO="0.00" HC="0.00" NOx="0.00" PMx="0.00" fuel="0.00" electricity="0.00" noise="71.22" route="routebottom" type="cfm-fast" waiting="0.00" lane="bottom_0" pos="16.85" speed="27.96" angle="64.15" x="98.34" y="4.47"/>
        <vehicle id="cfm-fast_4" eclass="HBEFA3/PC_G_EU4" CO2="189718.36" CO="4156.18" HC="23.68" NOx="88.38" PMx="5.07" fuel="81.55" electricity="0.00" noise="138.53" route="routebottom" type="cfm-fast" waiting="0.00" lane="bottom_1" pos="48.34" speed="49.10" angle="7.49" x="128.87" y="60.23"/>
        <vehicle id="cfm-fast_5" eclass="HBEFA3/PC_G_EU4" CO2="0.00" CO="0.00" HC="0.00" NOx="0.00" PMx="0.00" fuel="0.00" electricity="0.00" noise="69.40" route="routebottom" type="cfm-fast" waiting="0.00" lane="bottom_0" pos="38.42" speed="22.72" angle="25.37" x="127.76" y="39.21"/>
        <vehicle id="cfm-slow_0" eclass="HBEFA3/PC_G_EU4" CO2="11778.92" CO="166.47" HC="1.05" NOx="5.00" PMx="0.26" fuel="5.06" electricity="0.00" noise="73.00" route="routebottom" type="cfm-slow" waiting="0.00" lane="right_0" pos="3.75" speed="20.53" angle="357.77" x="131.79" y="71.81"/>
        <vehicle id="cfm-slow_1" eclass="HBEFA3/PC_G_EU4" CO2="18166.14" CO="297.84" HC="1.80" NOx="7.99" PMx="0.43" fuel="7.81" electricity="0.00" noise="77.31" route="routebottom" type="cfm-slow" waiting="0.00" lane="right_0" pos="20.12" speed="21.44" angle="328.20" x="118.99" y="104.21"/>
        <vehicle id="cfm-slow_2" eclass="HBEFA3/PC_G_EU4" CO2="29060.75" CO="524.29" HC="3.11" NOx="13.08" PMx="0.71" fuel="12.49" electricity="0.00" noise="84.45" route="routebottom" type="cfm-slow" waiting="0.00" lane="right_0" pos="37.47" speed="23.44" angle="297.07" x="90.03" y="127.00"/>
        <vehicle id="cfm-slow_3" eclass="HBEFA3/PC_G_EU4" CO2="41294.95" CO="788.07" HC="4.62" NOx="18.78" PMx="1.04" fuel="17.75" electricity="0.00" noise="90.76" route="routetop" type="cfm-slow" waiting="0.00" lane="top_0" pos="6.92" speed="26.96" angle="261.96" x="48.80" y="130.63"/>
        <vehicle id="cfm-slow_4" eclass="HBEFA3/PC_G_EU4" CO2="40929.12" CO="811.12" HC="4.72" NOx="18.51" PMx="1.05" fuel="17.59" electricity="0.00" noise="88.71" route="routetop" type="cfm-slow" waiting="0.00" lane="top_0" pos="30.04" speed="31.49" angle="220.45" x="8.13" y="103.94"/>
        <vehicle id="cfm-slow_5" eclass="HBEFA3/PC_G_EU4" CO2="12694.05" CO="263.53" HC="1.53" NOx="5.11" PMx="0.33" fuel="5.46" electricity="0.00" noise="77.14" route="routetop" type="cfm-slow" waiting="0.00" lane="left_0" pos="7.76" speed="34.85" angle="170.46" x="-2.90" y="47.04"/>
    </timestep>
    <timestep time="3.64">
        <vehicle id="cfm-fast_0" eclass="HBEFA3/PC_G_EU4" CO2="69151.27" CO="1483.58" HC="8.49" NOx="31.67" PMx="1.83" fuel="29.72" electricity="0.00" noise="99.42" route="routetop" type="cfm-fast" waiting="0.00" lane="left_1" pos="28.56" speed="39.20" angle="133.10" x="22.93" y="12.63"/>
        <vehicle id="cfm-fast_1" eclass="HBEFA3/PC_G_EU4" CO2="0.00" CO="0.00" HC="0.00" NOx="0.00" PMx="0.00" fuel="0.00" electricity="0.00" noise="73.63" route="routetop" type="cfm-fast" waiting="0.00" lane="left_0" pos="40.64" speed="32.70" angle="111.36" x="43.72" y="-1.97"/>
        <vehicle id="cfm-fast_2" eclass="HBEFA3/PC_G_EU4" CO2="114588.63" CO="2471.32" HC="14.13" NOx="53.05" PMx="3.04" fuel="49.26" electricity="0.00" noise="116.46" route="routebottom" type="cfm-fast" waiting="0.00" lane="bottom_1" pos="11.99" speed="42.38" angle="72.90" x="87.70" y="2.95"/>
        <vehicle id="cfm-fast_3" eclass="HBEFA3/PC_G_EU4" CO2="0.00" CO="0.00" HC="0.00" NOx="0.00" PMx="0.00" fuel="0.00" electricity="0.00" noise="71.20" route="routebottom" type="cfm-fast" waiting="0.00" lane="bottom_0" pos="17.13" speed="27.94" angle="63.63" x="98.85" y="4.78"/>
        <vehicle id="cfm-fast_4" eclass="HBEFA3/PC_G_EU4" CO2="190290.65" CO="4171.16" HC="23.77" NOx="88.64" PMx="5.08" fuel="81.80" electricity="0.00" noise="138.60" route="routebottom" type="cfm-fast" waiting="0.00" lane="bottom_1" pos="48.83" speed="49.24" angle="6.62" x="128.92" y="61.23"/>
        <vehicle id="cfm-fast_5" eclass="HBEFA3/PC_G_EU4" CO2="0.00" CO="0.00" HC="0.00" NOx="0.00" PMx="0.00" fuel="0.00" electricity="0.00" noise="69.40" route="routebottom" type="cfm-fast" waiting="0.00" lane="bottom_0" pos="38.65" speed="22.71" angle="24.99" x="127.93" y="39.67"/>
        <vehicle id="cfm-slow_0" eclass="HBEFA3/PC_G_EU4" CO2="11806.18" CO="167.02" HC="1.05" NOx="5.01" PMx="0.26" fuel="5.07" electricity="0.00" noise="73.02" route="routebottom" type="cfm-slow" waiting="0.00" lane="right_0" pos="3.96" speed="20.55" angle="357.41" x="131.73" y="72.25"/>
        <vehicle id="cfm-slow_1" eclass="HBEFA3/PC_G_EU4" CO2="18233.10" CO="299.23" HC="1.81" NOx="8.02" PMx="0.43" fuel="7.84" electricity="0.00" noise="77.36" route="routebottom" type="cfm-slow" waiting="0.00" lane="right_0" pos="20.34" speed="21.46" angle="327.82" x="118.72" y="104.59"/>
        <vehicle id="cfm-slow_2" eclass="HBEFA3/PC_G_EU4" CO2="29141.07" CO="526.02" HC="3.12" NOx="13.12" PMx="0.72" fuel="12.53" electricity="0.00" noise="84.49" route="routebottom" type="cfm-slow" waiting="0.00" lane="right_0" pos="37.70" speed="23.48" angle="296.65" x="89.56" y="127.18"/>
        <vehicle id="cfm-slow_3" eclass="HBEFA3/PC_G_EU4" CO2="41275.90" CO="787.93" HC="4.62" NOx="18.77" PMx="1.04" fuel="17.74" electricity="0.00" noise="90.72" route="routetop" type="cfm-slow" waiting="0.00" lane="top_0" pos="7.19" speed="27.01" angle="261.46" x="48.24" y="130.50"/>
        <vehicle id="cfm-slow_4" eclass="HBEFA3/PC_G_EU4" CO2="40652.69" CO="805.79" HC="4.69" NOx="18.38" PMx="1.04" fuel="17.47" electricity="0.00" noise="88.56" route="routetop" type="cfm-slow" waiting="0.00" lane="top_0" pos="30.35" speed="31.53" angle="219.87" x="7.74" y="103.39"/>
        <vehicle id="cfm-slow_5" eclass="HBEFA3/PC_G_EU4" CO2="12286.92" CO="255.21" HC="1.48" NOx="4.92" PMx="0.32" fuel="5.28" electricity="0.00" noise="77.05" route="routetop" type="cfm-slow" waiting="0.00" lane="left_0" pos="8.11" speed="34.85" angle="169.82" x="-2.70" y="46.31"/>
    </timestep>
    <timestep time="3.65">
        <vehicle id="cfm-fast_0" eclass="HBEFA3/PC_G_EU4" CO2="69350.57" CO="1488.56" HC="8.52" NOx="31.76" PMx="1.84" fuel="29.81" electricity="0.00" noise="99.48" route="routetop" type="cfm-fast" waiting="0.00" lane="left_1" pos="28.95" speed="39.26" angle="132.37" x="23.56" y="12.13"/>
        <vehicle id="cfm-fast_1" eclass="HBEFA3/PC_G_EU4" CO2="0.00" CO="0.00" HC="0.00" NOx="0.00" PMx="0.00" fuel="0.00" electricity="0.00" noise="73.61" route="routetop" type="cfm-fast" waiting="0.00" lane="left_0" pos="40.96" speed="32.68" angle="110.77" x="44.39" y="-2.18"/>
        <vehicle id="cfm-fast_2" eclass="HBEFA3/PC_G_EU4" CO2="115046.67" CO="2482.42" HC="14.19" NOx="53.26" PMx="3.06" fuel="49.45" electricity="0.00" noise="116.57" route="routebottom" type="cfm-fast" waiting="0.00" lane="bottom_1" pos="12.42" speed="42.48" angle="72.13" x="88.51" y="3.27"/>
        <vehicle id="cfm-fast_3" eclass="HBEFA3/PC_G_EU4" CO2="0.00" CO="0.00" HC="0.00" NOx="0.00" PMx="0.00" fuel="0.00" electricity="0.00" noise="71.19" route="routebottom" type="cfm-fast" waiting="0.00" lane="bottom_0" pos="17.41" speed="27.91" angle="63.12" x="99.37" y="5.09"/>
        <vehicle id="cfm-fast_4" eclass="HBEFA3/PC_G_EU4" CO2="190863.23" CO="4186.15" HC="23.85" NOx="88.91" PMx="5.10" fuel="82.04" electricity="0.00" noise="138.67" route="routebottom" type="cfm-fast" waiting="0.00" lane="bottom_1" pos="49.32" speed="49.38" angle="5.71" x="128.94" y="62.25"/>
        <vehicle id="cfm-fast_5" eclass="HBEFA3/PC_G_EU4" CO2="0.00" CO="0.00" HC="0.00" NOx="0.00" PMx="0.00" fuel="0.00" electricity="0.00" noise="69.40" route="routebottom" type="cfm-fast" waiting="0.00" lane="bottom_0" pos="38.87" speed="22.71" angle="24.58" x="128.10" y="40.13"/>
        <vehicle id="cfm-slow_0" eclass="HBEFA3/PC_G_EU4" CO2="11834.05" CO="167.59" HC="1.05" NOx="5.02" PMx="0.26" fuel="5.09" electricity="0.00" noise="73.04" route="routebottom" type="cfm-slow" waiting="0.00" lane="right_0" pos="4.16" speed="20.56" angle="357.04" x="131.67" y="72.69"/>
        <vehicle id="cfm-slow_1" eclass="HBEFA3/PC_G_EU4" CO2="18300.44" CO="300.62" HC="1.82" NOx="8.05" PMx="0.43" fuel="7.87" electricity="0.00" noise="77.40" route="routebottom" type="cfm-slow" waiting="0.00" lane="right_0" pos="20.55" speed="21.49" angle="327.49" x="118.45" y="104.96"/>
        <vehicle id="cfm-slow_2" eclass="HBEFA3/PC_G_EU4" CO2="29220.85" CO="527.75" HC="3.13" NOx="13.16" PMx="0.72" fuel="12.56" electricity="0.00" noise="84.53" route="routebottom" type="cfm-slow" waiting="0.00" lane="right_0" pos="37.94" speed="23.52" angle="296.22" x="89.09" y="127.37"/>
        <vehicle id="cfm-slow_3" eclass="HBEFA3/PC_G_EU4" CO2="41254.87" CO="787.75" HC="4.61" NOx="18.76" PMx="1.04" fuel="17.73" electricity="0.00" noise="90.68" route="routetop" type="cfm-slow" waiting="0.00" lane="top_0" pos="7.46" speed="27.06" angle="260.95" x="47.67" y="130.38"/>
        <vehicle id="cfm-slow_4" eclass="HBEFA3/PC_G_EU4" CO2="40374.83" CO="800.43" HC="4.66" NOx="18.24" PMx="1.04" fuel="17.36" electricity="0.00" noise="88.40" route="routetop" type="cfm-slow" waiting="0.00" lane="top_0" pos="30.67" speed="31.57" angle="219.29" x="7.34" y="102.84"/>
        <vehicle id="cfm-slow_5" eclass="HBEFA3/PC_G_EU4" CO2="11882.24" CO="246.93" HC="1.43" NOx="4.73" PMx="0.31" fuel="5.11" electricity="0.00" noise="76.96" route="routetop" type="cfm-slow" waiting="0.00" lane="left_0" pos="8.46" speed="34.86" angle="169.18" x="-2.51" y="45.59"/>
    </timestep>
    <timestep time="3.66">
        <vehicle id="cfm-fast_0" eclass="HBEFA3/PC_G_EU4" CO2="69553.65" CO="1493.63" HC="8.55" NOx="31.86" PMx="1.84" fuel="29.90" electricity="0.00" noise="99.55" route="routetop" type="cfm-fast" waiting="0.00" lane="left_1" pos="29.35" speed="39.32" angle="131.64" x="24.20" y="11.63"/>
        <vehicle id="cfm-fast_1" eclass="HBEFA3/PC_G_EU4" CO2="0.00" CO="0.00" HC="0.00" NOx="0.00" PMx="0.00" fuel="0.00" electricity="0.00" noise="73.59" route="routetop" type="cfm-fast" waiting="0.00" lane="left_0" pos="41.29" speed="32.66" angle="110.20" x="45.06" y="-2.37"/>
        <vehicle id="cfm-fast_2" eclass="HBEFA3/PC_G_EU4" CO2="115507.16" CO="2493.57" HC="14.25" NOx="53.48" PMx="3.07" fuel="49.65" electricity="0.00" noise="116.69" route="routebottom" type="cfm-fast" waiting="0.00" lane="bottom_1" pos="12.84" speed="42.57" angle="71.42" x="89.32" y="3.60"/>
        <vehicle id="cfm-fast_3" eclass="HBEFA3/PC_G_EU4" CO2="0.00" CO="0.00" HC="0.00" NOx="0.00" PMx="0.00" fuel="0.00" electricity="0.00" noise="71.18" route="routebottom" type="cfm-fast" waiting="0.00" lane="bottom_0" pos="17.69" speed="27.89" angle="62.61" x="99.88" y="5.39"/>
        <vehicle id="cfm-fast_4" eclass="HBEFA3/PC_G_EU4" CO2="191436.10" CO="4201.17" HC="23.93" NOx="89.18" PMx="5.12" fuel="82.29" electricity="0.00" noise="138.73" route="routebottom" type="cfm-fast" waiting="0.00" lane="bottom_1" pos="49.82" speed="49.51" angle="4.80" x="128.96" y="63.26"/>
        <vehicle id="cfm-fast_5" eclass="HBEFA3/PC_G_EU4" CO2="0.00" CO="0.00" HC="0.00" NOx="0.00" PMx="0.00" fuel="0.00" electricity="0.00" noise="69.41" route="routebottom" type="cfm-fast" waiting="0.00" lane="bottom_0" pos="39.10" speed="22.70" angle="24.17" x="128.26" y="40.58"/>
        <vehicle id="cfm-slow_0" eclass="HBEFA3/PC_G_EU4" CO2="11862.55" CO="168.16" HC="1.06" NOx="5.04" PMx="0.26" fuel="5.10" electricity="0.00" noise="73.06" route="routebottom" type="cfm-slow" waiting="0.00" lane="right_0" pos="4.37" speed="20.58" angle="356.67" x="131.61" y="73.12"/>
        <vehicle id="cfm-slow_1" eclass="HBEFA3/PC_G_EU4" CO2="18368.13" CO="302.02" HC="1.83" NOx="8.08" PMx="0.43" fuel="7.90" electricity="0.00" noise="77.45" route="routebottom" type="cfm-slow" waiting="0.00" lane="right_0" pos="20.77" speed="21.52" angle="327.10" x="118.16" y="105.33"/>
        <vehicle id="cfm-slow_2" eclass="HBEFA3/PC_G_EU4" CO2="29300.07" CO="529.46" HC="3.14" NOx="13.20" PMx="0.72" fuel="12.59" electricity="0.00" noise="84.57" route="routebottom" type="cfm-slow" waiting="0.00" lane="right_0" pos="38.17" speed="23.56" angle="295.80" x="88.62" y="127.56"/>
        <vehicle id="cfm-slow_3" eclass="HBEFA3/PC_G_EU4" CO2="41231.86" CO="787.53" HC="4.61" NOx="18.75" PMx="1.04" fuel="17.72" electricity="0.00" noise="90.64" route="routetop" type="cfm-slow" waiting="0.00" lane="top_0" pos="7.73" speed="27.11" angle="260.51" x="47.10" y="130.24"/>
        <vehicle id="cfm-slow_4" eclass="HBEFA3/PC_G_EU4" CO2="40095.57" CO="795.04" HC="4.62" NOx="18.11" PMx="1.03" fuel="17.24" electricity="0.00" noise="88.24" route="routetop" type="cfm-slow" waiting="0.00" lane="top_0" pos="30.98" speed="31.62" angle="218.77" x="6.96" y="102.27"/>
        <vehicle id="cfm-slow_5" eclass="HBEFA3/PC_G_EU4" CO2="11480.01" CO="238.70" HC="1.39" NOx="4.54" PMx="0.30" fuel="4.93" electricity="0.00" noise="76.87" route="routetop" type="cfm-slow" waiting="0.00" lane="left_0" pos="8.81" speed="34.86" angle="168.54" x="-2.32" y="44.86"/>
    </timestep>
    <timestep time="3.67">
        <vehicle id="cfm-fast_0" eclass="HBEFA3/PC_G_EU4" CO2="69760.47" CO="1498.78" HC="8.58" NOx="31.95" PMx="1.85" fuel="29.99" electricity="0.00" noise="99.61" route="routetop" type="cfm-fast" waiting="0.00" lane="left_1" pos="29.74" speed="39.37" angle="130.97" x="24.84" y="11.15"/>
        <vehicle id="cfm-fast_1" eclass="HBEFA3/PC_G_EU4" CO2="0.00" CO="0.00" HC="0.00" NOx="0.00" PMx="0.00" fuel="0.00" electricity="0.00" noise="73.57" route="routetop" type="cfm-fast" waiting="0.00" lane="left_0" pos="41.62" speed="32.64" angle="109.59" x="45.74" y="-2.55"/>
        <vehicle id="cfm-fast_2" eclass="HBEFA3/PC_G_EU4" CO2="115970.08" CO="2504.79" HC="14.32" NOx="53.69" PMx="3.08" fuel="49.85" electricity="0.00" noise="116.81" route="routebottom" type="cfm-fast" waiting="0.00" lane="bottom_1" pos="13.27" speed="42.67" angle="70.64" x="90.12" y="3.96"/>
        <vehicle id="cfm-fast_3" eclass="HBEFA3/PC_G_EU4" CO2="0.00" CO="0.00" HC="0.00" NOx="0.00" PMx="0.00" fuel="0.00" electricity="0.00" noise="71.16" route="routebottom" type="cfm-fast" waiting="0.00" lane="bottom_0" pos="17.97" speed="27.87" angle="62.17" x="100.39" y="5.71"/>
        <vehicle id="cfm-fast_4" eclass="HBEFA3/PC_G_EU4" CO2="192009.26" CO="4216.21" HC="24.02" NOx="89.45" PMx="5.13" fuel="82.54" electricity="0.00" noise="138.80" route="routebottom" type="cfm-fast" waiting="0.00" lane="right_1" pos="0.32" speed="49.65" angle="3.92" x="128.96" y="64.34"/>
        <vehicle id="cfm-fast_5" eclass="HBEFA3/PC_G_EU4" CO2="0.00" CO="0.00" HC="0.00" NOx="0.00" PMx="0.00" fuel="0.00" electricity="0.00" noise="69.41" route="routebottom" type="cfm-fast" waiting="0.00" lane="bottom_0" pos="39.33" speed="22.70" angle="23.76" x="128.43" y="41.04"/>
        <vehicle id="cfm-slow_0" eclass="HBEFA3/PC_G_EU4" CO2="11891.65" CO="168.76" HC="1.06" NOx="5.05" PMx="0.26" fuel="5.11" electricity="0.00" noise="73.08" route="routebottom" type="cfm-slow" waiting="0.00" lane="right_0" pos="4.57" speed="20.59" angle="356.30" x="131.55" y="73.56"/>
        <vehicle id="cfm-slow_1" eclass="HBEFA3/PC_G_EU4" CO2="18436.18" CO="303.43" HC="1.84" NOx="8.12" PMx="0.43" fuel="7.92" electricity="0.00" noise="77.49" route="routebottom" type="cfm-slow" waiting="0.00" lane="right_0" pos="20.98" speed="21.54" angle="326.71" x="117.87" y="105.69"/>
        <vehicle id="cfm-slow_2" eclass="HBEFA3/PC_G_EU4" CO2="29378.72" CO="531.16" HC="3.15" NOx="13.23" PMx="0.72" fuel="12.63" electricity="0.00" noise="84.60" route="routebottom" type="cfm-slow" waiting="0.00" lane="right_0" pos="38.41" speed="23.60" angle="295.39" x="88.14" y="127.75"/>
        <vehicle id="cfm-slow_3" eclass="HBEFA3/PC_G_EU4" CO2="41206.87" CO="787.28" HC="4.61" NOx="18.73" PMx="1.04" fuel="17.71" electricity="0.00" noise="90.60" route="routetop" type="cfm-slow" waiting="0.00" lane="top_0" pos="8.00" speed="27.16" angle="260.01" x="46.53" y="130.09"/>
        <vehicle id="cfm-slow_4" eclass="HBEFA3/PC_G_EU4" CO2="39814.94" CO="789.62" HC="4.59" NOx="17.98" PMx="1.02" fuel="17.11" electricity="0.00" noise="88.09" route="routetop" type="cfm-slow" waiting="0.00" lane="top_0" pos="31.30" speed="31.66" angle="218.20" x="6.58" y="101.71"/>
        <vehicle id="cfm-slow_5" eclass="HBEFA3/PC_G_EU4" CO2="11080.25" CO="230.51" HC="1.34" NOx="4.35" PMx="0.29" fuel="4.76" electricity="0.00" noise="76.78" route="routetop" type="cfm-slow" waiting="0.00" lane="left_0" pos="9.16" speed="34.87" angle="167.95" x="-2.10" y="44.14"/>
    </timestep>
    <timestep time="3.68">
        <vehicle id="cfm-fast_0" eclass="HBEFA3/PC_G_EU4" CO2="69971.02" CO="1504.00" HC="8.61" NOx="32.05" PMx="1.86" fuel="30.08" electricity="0.00" noise="99.68" route="routetop" type="cfm-fast" waiting="0.00" lane="left_1" pos="30.13" speed="39.43" angle="130.24" x="25.50" y="10.68"/>
        <vehicle id="cfm-fast_1" eclass="HBEFA3/PC_G_EU4" CO2="0.00" CO="0.00" HC="0.00" NOx="0.00" PMx="0.00" fuel="0.00" electricity="0.00" noise="73.55" route="routetop" type="cfm-fast" waiting="0.00" lane="left_0" pos="41.94" speed="32.62" angle="108.99" x="46.42" y="-2.73"/>
        <vehicle id="cfm-fast_2" eclass="HBEFA3/PC_G_EU4" CO2="116435.41" CO="2516.07" HC="14.38" NOx="53.91" PMx="3.09" fuel="50.05" electricity="0.00" noise="116.93" route="routebottom" type="cfm-fast" waiting="0.00" lane="bottom_1" pos="13.70" speed="42.76" angle="69.85" x="90.92" y="4.32"/>
        <vehicle id="cfm-fast_3" eclass="HBEFA3/PC_G_EU4" CO2="0.00" CO="0.00" HC="0.00" NOx="0.00" PMx="0.00" fuel="0.00" electricity="0.00" noise="71.15" route="routebottom" type="cfm-fast" waiting="0.00" lane="bottom_0" pos="18.25" speed="27.84" angle="61.64" x="100.89" y="6.04"/>
        <vehicle id="cfm-fast_4" eclass="HBEFA3/PC_G_EU4" CO2="192582.72" CO="4231.27" HC="24.10" NOx="89.71" PMx="5.15" fuel="82.78" electricity="0.00" noise="138.86" route="routebottom" type="cfm-fast" waiting="0.00" lane="right_1" pos="0.81" speed="49.78" angle="3.00" x="128.94" y="65.36"/>
        <vehicle id="cfm-fast_5" eclass="HBEFA3/PC_G_EU4" CO2="0.00" CO="0.00" HC="0.00" NOx="0.00" PMx="0.00" fuel="0.00" electricity="0.00" noise="69.41" route="routebottom" type="cfm-fast" waiting="0.00" lane="bottom_0" pos="39.56" speed="22.69" angle="23.35" x="128.60" y="41.50"/>
        <vehicle id="cfm-slow_0" eclass="HBEFA3/PC_G_EU4" CO2="11921.36" CO="169.36" HC="1.06" NOx="5.06" PMx="0.26" fuel="5.12" electricity="0.00" noise="73.10" route="routebottom" type="cfm-slow" waiting="0.00" lane="right_0" pos="4.78" speed="20.61" angle="355.92" x="131.48" y="74.00"/>
        <vehicle id="cfm-slow_1" eclass="HBEFA3/PC_G_EU4" CO2="18504.57" CO="304.85" HC="1.85" NOx="8.15" PMx="0.43" fuel="7.95" electricity="0.00" noise="77.53" route="routebottom" type="cfm-slow" waiting="0.00" lane="right_0" pos="21.20" speed="21.57" angle="326.31" x="117.59" y="106.06"/>
        <vehicle id="cfm-slow_2" eclass="HBEFA3/PC_G_EU4" CO2="29456.79" CO="532.86" HC="3.16" NOx="13.27" PMx="0.72" fuel="12.66" electricity="0.00" noise="84.64" route="routebottom" type="cfm-slow" waiting="0.00" lane="right_0" pos="38.64" speed="23.64" angle="295.00" x="87.67" y="127.93"/>
        <vehicle id="cfm-slow_3" eclass="HBEFA3/PC_G_EU4" CO2="41179.89" CO="786.98" HC="4.61" NOx="18.72" PMx="1.04" fuel="17.70" electricity="0.00" noise="90.55" route="routetop" type="cfm-slow" waiting="0.00" lane="top_0" pos="8.28" speed="27.22" angle="259.52" x="45.97" y="129.94"/>
        <vehicle id="cfm-slow_4" eclass="HBEFA3/PC_G_EU4" CO2="39532.98" CO="784.16" HC="4.56" NOx="17.84" PMx="1.01" fuel="16.99" electricity="0.00" noise="87.93" route="routetop" type="cfm-slow" waiting="0.00" lane="top_0" pos="31.62" speed="31.70" angle="217.62" x="6.20" y="101.14"/>
        <vehicle id="cfm-slow_5" eclass="HBEFA3/PC_G_EU4" CO2="10682.98" CO="222.37" HC="1.29" NOx="4.17" PMx="0.28" fuel="4.59" electricity="0.00" noise="76.69" route="routetop" type="cfm-slow" waiting="0.00" lane="left_0" pos="9.51" speed="34.87" angle="167.31" x="-1.88" y="43.43"/>
    </timestep>
    <timestep time="3.69">
        <vehicle id="cfm-fast_0" eclass="HBEFA3/PC_G_EU4" CO2="70185.27" CO="1509.31" HC="8.64" NOx="32.15" PMx="1.86" fuel="30.17" electricity="0.00" noise="99.75" route="routetop" type="cfm-fast" waiting="0.00" lane="left_1" pos="30.53" speed="39.49" angle="129.50" x="26.16" y="10.21"/>
        <vehicle id="cfm-fast_1" eclass="HBEFA3/PC_G_EU4" CO2="0.00" CO="0.00" HC="0.00" NOx="0.00" PMx="0.00" fuel="0.00" electricity="0.00" noise="73.53" route="routetop" type="cfm-fast" waiting="0.00" lane="left_0" pos="42.27" speed="32.60" angle="108.41" x="47.10" y="-2.91"/>
        <vehicle id="cfm-fast_2" eclass="HBEFA3/PC_G_EU4" CO2="116903.12" CO="2527.41" HC="14.44" NOx="54.13" PMx="3.11" fuel="50.25" electricity="0.00" noise="117.04" route="routebottom" type="cfm-fast" waiting="0.00" lane="bottom_1" pos="14.13" speed="42.85" angle="69.12" x="91.72" y="4.68"/>
        <vehicle id="cfm-fast_3" eclass="HBEFA3/PC_G_EU4" CO2="0.00" CO="0.00" HC="0.00" NOx="0.00" PMx="0.00" fuel="0.00" electricity="0.00" noise="71.13" route="routebottom" type="cfm-fast" waiting="0.00" lane="bottom_0" pos="18.52" speed="27.82" angle="61.12" x="101.39" y="6.37"/>
        <vehicle id="cfm-fast_4" eclass="HBEFA3/PC_G_EU4" CO2="193156.47" CO="4246.36" HC="24.18" NOx="89.98" PMx="5.17" fuel="83.03" electricity="0.00" noise="138.93" route="routebottom" type="cfm-fast" waiting="0.00" lane="right_1" pos="1.31" speed="49.92" angle="2.14" x="128.91" y="66.38"/>
        <vehicle id="cfm-fast_5" eclass="HBEFA3/PC_G_EU4" CO2="0.00" CO="0.00" HC="0.00" NOx="0.00" PMx="0.00" fuel="0.00" electricity="0.00" noise="69.41" route="routebottom" type="cfm-fast" waiting="0.00" lane="bottom_0" pos="39.78" speed="22.69" angle="23.00" x="128.76" y="41.96"/>
        <vehicle id="cfm-slow_0" eclass="HBEFA3/PC_G_EU4" CO2="11951.67" CO="169.98" HC="1.07" NOx="5.08" PMx="0.26" fuel="5.14" electricity="0.00" noise="73.12" route="routebottom" type="cfm-slow" waiting="0.00" lane="right_0" pos="4.99" speed="20.63" angle="355.55" x="131.42" y="74.44"/>
        <vehicle id="cfm-slow_1" eclass="HBEFA3/PC_G_EU4" CO2="18573.29" CO="306.27" HC="1.85" NOx="8.18" PMx="0.44" fuel="7.98" electricity="0.00" noise="77.58" route="routebottom" type="cfm-slow" waiting="0.00" lane="right_0" pos="21.42" speed="21.60" angle="325.92" x="117.30" y="106.42"/>
        <vehicle id="cfm-slow_2" eclass="HBEFA3/PC_G_EU4" CO2="29534.26" CO="534.54" HC="3.17" NOx="13.30" PMx="0.73" fuel="12.70" electricity="0.00" noise="84.67" route="routebottom" type="cfm-slow" waiting="0.00" lane="right_0" pos="38.88" speed="23.69" angle="294.57" x="87.19" y="128.10"/>
        <vehicle id="cfm-slow_3" eclass="HBEFA3/PC_G_EU4" CO2="41150.94" CO="786.64" HC="4.61" NOx="18.70" PMx="1.04" fuel="17.69" electricity="0.00" noise="90.51" route="routetop" type="cfm-slow" waiting="0.00" lane="top_0" pos="8.55" speed="27.27" angle="259.02" x="45.40" y="129.79"/>
        <vehicle id="cfm-slow_4" eclass="HBEFA3/PC_G_EU4" CO2="39249.72" CO="778.68" HC="4.53" NOx="17.71" PMx="1.01" fuel="16.87" electricity="0.00" noise="87.78" route="routetop" type="cfm-slow" waiting="0.00" lane="top_0" pos="31.93" speed="31.74" angle="217.05" x="5.82" y="100.57"/>
        <vehicle id="cfm-slow_5" eclass="HBEFA3/PC_G_EU4" CO2="10288.21" CO="214.27" HC="1.24" NOx="3.98" PMx="0.27" fuel="4.42" electricity="0.00" noise="76.61" route="routetop" type="cfm-slow" waiting="0.00" lane="left_0" pos="9.85" speed="34.87" angle="166.66" x="-1.66" y="42.71"/>
    </timestep>
    <timestep time="3.70">
        <vehicle id="cfm-fast_0" eclass="HBEFA3/PC_G_EU4" CO2="70403.20" CO="1514.70" HC="8.67" NOx="32.25" PMx="1.87" fuel="30.26" electricity="0.00" noise="99.82" route="routetop" type="cfm-fast" waiting="0.00" lane="left_1" pos="30.92" speed="39.55" angle="128.84" x="26.82" y="9.74"/>
        <vehicle id="cfm-fast_1" eclass="HBEFA3/PC_G_EU4" CO2="0.00" CO="0.00" HC="0.00" NOx="0.00" PMx="0.00" fuel="0.00" electricity="0.00" noise="73.51" route="routetop" type="cfm-fast" waiting="0.00" lane="left_0" pos="42.59" speed="32.59" angle="107.86" x="47.78" y="-3.07"/>
        <vehicle id="cfm-fast_2" eclass="HBEFA3/PC_G_EU4" CO2="117373.18" CO="2538.80" HC="14.51" NOx="54.35" PMx="3.12" fuel="50.45" electricity="0.00" noise="117.16" route="routebottom" type="cfm-fast" waiting="0.00" lane="bottom_1" pos="14.56" speed="42.95" angle="68.32" x="92.50" y="5.07"/>
        <vehicle id="cfm-fast_3" eclass="HBEFA3/PC_G_EU4" CO2="0.00" CO="0.00" HC="0.00" NOx="0.00" PMx="0.00" fuel="0.00" electricity="0.00" noise="71.12" route="routebottom" type="cfm-fast" waiting="0.00" lane="bottom_0" pos="18.80" speed="27.79" angle="60.60" x="101.89" y="6.70"/>
        <vehicle id="cfm-fast_4" eclass="HBEFA3/PC_G_EU4" CO2="193730.51" CO="4261.46" HC="24.27" NOx="90.25" PMx="5.18" fuel="83.27" electricity="0.00" noise="138.99" route="routebottom" type="cfm-fast" waiting="0.00" lane="right_1" pos="1.81" speed="50.06" angle="1.22" x="128.86" y="67.41"/>
        <vehicle id="cfm-fast_5" eclass="HBEFA3/PC_G_EU4" CO2="0.00" CO="0.00" HC="0.00" NOx="0.00" PMx="0.00" fuel="0.00" electricity="0.00" noise="69.42" route="routebottom" type="cfm-fast" waiting="0.00" lane="bottom_0" pos="40.01" speed="22.68" angle="22.57" x="128.90" y="42.43"/>
        <vehicle id="cfm-slow_0" eclass="HBEFA3/PC_G_EU4" CO2="11982.57" CO="170.61" HC="1.07" NOx="5.09" PMx="0.26" fuel="5.15" electricity="0.00" noise="73.14" route="routebottom" type="cfm-slow" waiting="0.00" lane="right_0" pos="5.19" speed="20.64" angle="355.13" x="131.35" y="74.88"/>
        <vehicle id="cfm-slow_1" eclass="HBEFA3/PC_G_EU4" CO2="18642.34" CO="307.70" HC="1.86" NOx="8.21" PMx="0.44" fuel="8.01" electricity="0.00" noise="77.62" route="routebottom" type="cfm-slow" waiting="0.00" lane="right_0" pos="21.63" speed="21.62" angle="325.53" x="117.01" y="106.79"/>
        <vehicle id="cfm-slow_2" eclass="HBEFA3/PC_G_EU4" CO2="29611.12" CO="536.21" HC="3.18" NOx="13.34" PMx="0.73" fuel="12.73" electricity="0.00" noise="84.71" route="routebottom" type="cfm-slow" waiting="0.00" lane="right_0" pos="39.12" speed="23.73" angle="294.14" x="86.71" y="128.27"/>
        <vehicle id="cfm-slow_3" eclass="HBEFA3/PC_G_EU4" CO2="41120.01" CO="786.27" HC="4.60" NOx="18.69" PMx="1.04" fuel="17.68" electricity="0.00" noise="90.46" route="routetop" type="cfm-slow" waiting="0.00" lane="top_0" pos="8.82" speed="27.32" angle="258.52" x="44.83" y="129.64"/>
        <vehicle id="cfm-slow_4" eclass="HBEFA3/PC_G_EU4" CO2="38965.19" CO="773.17" HC="4.50" NOx="17.57" PMx="1.00" fuel="16.75" electricity="0.00" noise="87.62" route="routetop" type="cfm-slow" waiting="0.00" lane="top_0" pos="32.25" speed="31.78" angle="216.52" x="5.46" y="99.99"/>
        <vehicle id="cfm-slow_5" eclass="HBEFA3/PC_G_EU4" CO2="9895.96" CO="206.23" HC="1.20" NOx="3.79" PMx="0.26" fuel="4.25" electricity="0.00" noise="76.53" route="routetop" type="cfm-slow" waiting="0.00" lane="left_0" pos="10.20" speed="34.88" angle="166.07" x="-1.44" y="41.99"/>
    </timestep>
    <timestep time="3.71">
        <vehicle id="cfm-fast_0" eclass="HBEFA3/PC_G_EU4" CO2="70624.80" CO="1520.17" HC="8.70" NOx="32.35" PMx="1.87" fuel="30.36" electricity="0.00" noise="99.89" route="routetop" type="cfm-fast" waiting="0.00" lane="left_1" pos="31.32" speed="39.61" angle="128.12" x="27.50" y="9.29"/>
        <vehicle id="cfm-fast_1" eclass="HBEFA3/PC_G_EU4" CO2="0.00" CO="0.00" HC="0.00" NOx="0.00" PMx="0.00" fuel="0.00" electricity="0.00" noise="73.49" route="routetop" type="cfm-fast" waiting="0.00" lane="left_0" pos="42.92" speed="32.57" angle="107.28" x="48.46" y="-3.23"/>
        <vehicle id="cfm-fast_2" eclass="HBEFA3/PC_G_EU4" CO2="117845.59" CO="2550.26" HC="14.57" NOx="54.57" PMx="3.13" fuel="50.66" electricity="0.00" noise="117.28" route="routebottom" type="cfm-fast" waiting="0.00" lane="bottom_1" pos="14.99" speed="43.04" angle="67.51" x="93.29" y="5.47"/>
        <vehicle id="cfm-fast_3" eclass="HBEFA3/PC_G_EU4" CO2="0.00" CO="0.00" HC="0.00" NOx="0.00" PMx="0.00" fuel="0.00" electricity="0.00" noise="71.11" route="routebottom" type="cfm-fast" waiting="0.00" lane="bottom_0" pos="19.08" speed="27.77" angle="60.08" x="102.39" y="7.03"/>
        <vehicle id="cfm-fast_4" eclass="HBEFA3/PC_G_EU4" CO2="194304.84" CO="4276.59" HC="24.35" NOx="90.52" PMx="5.20" fuel="83.52" electricity="0.00" noise="139.06" route="routebottom" type="cfm-fast" waiting="0.00" lane="right_1" pos="2.32" speed="50.19" angle="0.31" x="128.80" y="68.44"/>
        <vehicle id="cfm-fast_5" eclass="HBEFA3/PC_G_EU4" CO2="0.00" CO="0.00" HC="0.00" NOx="0.00" PMx="0.00" fuel="0.00" electricity="0.00" noise="69.42" route="routebottom" type="cfm-fast" waiting="0.00" lane="bottom_0" pos="40.24" speed="22.68" angle="22.13" x="129.05" y="42.89"/>
        <vehicle id="cfm-slow_0" eclass="HBEFA3/PC_G_EU4" CO2="12014.07" CO="171.25" HC="1.07" NOx="5.11" PMx="0.26" fuel="5.16" electricity="0.00" noise="73.16" route="routebottom" type="cfm-slow" waiting="0.00" lane="right_0" pos="5.40" speed="20.66" angle="354.74" x="131.27" y="75.32"/>
        <vehicle id="cfm-slow_1" eclass="HBEFA3/PC_G_EU4" CO2="18711.69" CO="309.14" HC="1.87" NOx="8.24" PMx="0.44" fuel="8.04" electricity="0.00" noise="77.67" route="routebottom" type="cfm-slow" waiting="0.00" lane="right_0" pos="21.85" speed="21.65" angle="325.18" x="116.72" y="107.15"/>
        <vehicle id="cfm-slow_2" eclass="HBEFA3/PC_G_EU4" CO2="29687.35" CO="537.87" HC="3.19" NOx="13.37" PMx="0.73" fuel="12.76" electricity="0.00" noise="84.74" route="routebottom" type="cfm-slow" waiting="0.00" lane="right_0" pos="39.36" speed="23.77" angle="293.71" x="86.23" y="128.45"/>
        <vehicle id="cfm-slow_3" eclass="HBEFA3/PC_G_EU4" CO2="41087.09" CO="785.85" HC="4.60" NOx="18.67" PMx="1.04" fuel="17.66" electricity="0.00" noise="90.42" route="routetop" type="cfm-slow" waiting="0.00" lane="top_0" pos="9.10" speed="27.37" angle="258.08" x="44.27" y="129.47"/>
        <vehicle id="cfm-slow_4" eclass="HBEFA3/PC_G_EU4" CO2="38679.42" CO="767.64" HC="4.47" NOx="17.44" PMx="0.99" fuel="16.63" electricity="0.00" noise="87.47" route="routetop" type="cfm-slow" waiting="0.00" lane="top_0" pos="32.57" speed="31.81" angle="215.92" x="5.11" y="99.40"/>
        <vehicle id="cfm-slow_5" eclass="HBEFA3/PC_G_EU4" CO2="9506.24" CO="198.23" HC="1.15" NOx="3.61" PMx="0.25" fuel="4.09" electricity="0.00" noise="76.45" route="routetop" type="cfm-slow" waiting="0.00" lane="left_0" pos="10.55" speed="34.88" angle="165.44" x="-1.19" y="41.28"/>
    </timestep>
    <timestep time="3.72">
        <vehicle id="cfm-fast_0" eclass="HBEFA3/PC_G_EU4" CO2="70850.03" CO="1525.72" HC="8.73" NOx="32.46" PMx="1.88" fuel="30.45" electricity="0.00" noise="99.97" route="routetop" type="cfm-fast" waiting="0.00" lane="left_1" pos="31.72" speed="39.67" angle="127.41" x="28.18" y="8.84"/>
        <vehicle id="cfm-fast_1" eclass="HBEFA3/PC_G_EU4" CO2="0.00" CO="0.00" HC="0.00" NOx="0.00" PMx="0.00" fuel="0.00" electricity="0.00" noise="73.47" route="routetop" type="cfm-fast" waiting="0.00" lane="left_0" pos="43.24" speed="32.55" angle="106.70" x="49.15" y="-3.39"/>
        <vehicle id="cfm-fast_2" eclass="HBEFA3/PC_G_EU4" CO2="118320.31" CO="2561.77" HC="14.63" NOx="54.79" PMx="3.15" fuel="50.86" electricity="0.00" noise="117.40" route="routebottom" type="cfm-fast" waiting="0.00" lane="bottom_1" pos="15.42" speed="43.14" angle="66.77" x="94.08" y="5.87"/>
        <vehicle id="cfm-fast_3" eclass="HBEFA3/PC_G_EU4" CO2="0.00" CO="0.00" HC="0.00" NOx="0.00" PMx="0.00" fuel="0.00" electricity="0.00" noise="71.09" route="routebottom" type="cfm-fast" waiting="0.00" lane="bottom_0" pos="19.36" speed="27.74" angle="59.63" x="102.88" y="7.37"/>
        <vehicle id="cfm-fast_4" eclass="HBEFA3/PC_G_EU4" CO2="194879.46" CO="4291.74" HC="24.43" NOx="90.79" PMx="5.21" fuel="83.77" electricity="0.00" noise="139.13" route="routebottom" type="cfm-fast" waiting="0.00" lane="right_1" pos="2.82" speed="50.33" angle="359.44" x="128.71" y="69.46"/>
        <vehicle id="cfm-fast_5" eclass="HBEFA3/PC_G_EU4" CO2="0.00" CO="0.00" HC="0.00" NOx="0.00" PMx="0.00" fuel="0.00" electricity="0.00" noise="69.42" route="routebottom" type="cfm-fast" waiting="0.00" lane="bottom_0" pos="40.46" speed="22.67" angle="21.70" x="129.19" y="43.36"/>
        <vehicle id="cfm-slow_0" eclass="HBEFA3/PC_G_EU4" CO2="12046.16" CO="171.90" HC="1.08" NOx="5.12" PMx="0.27" fuel="5.18" electricity="0.00" noise="73.18" route="routebottom" type="cfm-slow" waiting="0.00" lane="right_0" pos="5.61" speed="20.67" angle="354.36" x="131.19" y="75.75"/>
        <vehicle id="cfm-slow_1" eclass="HBEFA3/PC_G_EU4" CO2="18781.36" CO="310.59" HC="1.88" NOx="8.28" PMx="0.44" fuel="8.07" electricity="0.00" noise="77.71" route="routebottom" type="cfm-slow" waiting="0.00" lane="right_0" pos="22.07" speed="21.68" angle="324.77" x="116.42" y="107.51"/>
        <vehicle id="cfm-slow_2" eclass="HBEFA3/PC_G_EU4" CO2="29762.95" CO="539.52" HC="3.20" NOx="13.41" PMx="0.73" fuel="12.79" electricity="0.00" noise="84.78" route="routebottom" type="cfm-slow" waiting="0.00" lane="right_0" pos="39.59" speed="23.81" angle="293.28" x="85.75" y="128.62"/>
        <vehicle id="cfm-slow_3" eclass="HBEFA3/PC_G_EU4" CO2="41052.19" CO="785.39" HC="4.60" NOx="18.65" PMx="1.04" fuel="17.65" electricity="0.00" noise="90.37" route="routetop" type="cfm-slow" waiting="0.00" lane="top_0" pos="9.37" speed="27.42" angle="257.58" x="43.71" y="129.30"/>
        <vehicle id="cfm-slow_4" eclass="HBEFA3/PC_G_EU4" CO2="38392.45" CO="762.07" HC="4.43" NOx="17.30" PMx="0.99" fuel="16.50" electricity="0.00" noise="87.31" route="routetop" type="cfm-slow" waiting="0.00" lane="top_0" pos="32.89" speed="31.85" angle="215.31" x="4.75" y="98.82"/>
        <vehicle id="cfm-slow_5" eclass="HBEFA3/PC_G_EU4" CO2="9119.06" CO="190.27" HC="1.11" NOx="3.43" PMx="0.24" fuel="3.92" electricity="0.00" noise="76.38" route="routetop" type="cfm-slow" waiting="0.00" lane="left_0" pos="10.90" speed="34.88" angle="164.79" x="-0.94" y="40.58"/>
    </timestep>
    <timestep time="3.73">
        <vehicle id="cfm-fast_0" eclass="HBEFA3/PC_G_EU4" CO2="71078.87" CO="1531.35" HC="8.76" NOx="32.57" PMx="1.89" fuel="30.55" electricity="0.00" noise="100.04" route="routetop" type="cfm-fast" waiting="0.00" lane="left_1" pos="32.11" speed="39.73" angle="126.75" x="28.86" y="8.40"/>
        <vehicle id="cfm-fast_1" eclass="HBEFA3/PC_G_EU4" CO2="0.00" CO="0.00" HC="0.00" NOx="0.00" PMx="0.00" fuel="0.00" electricity="0.00" noise="73.46" route="routetop" type="cfm-fast" waiting="0.00" lane="left_0" pos="43.57" speed="32.53" angle="106.16" x="49.83" y="-3.54"/>
        <vehicle id="cfm-fast_2" eclass="HBEFA3/PC_G_EU4" CO2="118797.33" CO="2573.34" HC="14.70" NOx="55.02" PMx="3.16" fuel="51.06" electricity="0.00" noise="117.52" route="routebottom" type="cfm-fast" waiting="0.00" lane="bottom_1" pos="15.85" speed="43.23" angle="65.99" x="94.86" y="6.29"/>
        <vehicle id="cfm-fast_3" eclass="HBEFA3/PC_G_EU4" CO2="0.00" CO="0.00" HC="0.00" NOx="0.00" PMx="0.00" fuel="0.00" electricity="0.00" noise="71.08" route="routebottom" type="cfm-fast" waiting="0.00" lane="bottom_0" pos="19.63" speed="27.72" angle="59.11" x="103.36" y="7.72"/>
        <vehicle id="cfm-fast_4" eclass="HBEFA3/PC_G_EU4" CO2="195454.38" CO="4306.90" HC="24.52" NOx="91.06" PMx="5.23" fuel="84.02" electricity="0.00" noise="139.19" route="routebottom" type="cfm-fast" waiting="0.00" lane="right_1" pos="3.32" speed="50.47" angle="358.53" x="128.61" y="70.49"/>
        <vehicle id="cfm-fast_5" eclass="HBEFA3/PC_G_EU4" CO2="0.00" CO="0.00" HC="0.00" NOx="0.00" PMx="0.00" fuel="0.00" electricity="0.00" noise="69.43" route="routebottom" type="cfm-fast" waiting="0.00" lane="bottom_0" pos="40.69" speed="22.67" angle="21.27" x="129.34" y="43.83"/>
        <vehicle id="cfm-slow_0" eclass="HBEFA3/PC_G_EU4" CO2="12078.83" CO="172.57" HC="1.08" NOx="5.14" PMx="0.27" fuel="5.19" electricity="0.00" noise="73.21" route="routebottom" type="cfm-slow" waiting="0.00" lane="right_0" pos="5.81" speed="20.69" angle="353.97" x="131.11" y="76.19"/>
        <vehicle id="cfm-slow_1" eclass="HBEFA3/PC_G_EU4" CO2="18851.31" CO="312.04" HC="1.89" NOx="8.31" PMx="0.44" fuel="8.10" electricity="0.00" noise="77.76" route="routebottom" type="cfm-slow" waiting="0.00" lane="right_0" pos="22.28" speed="21.71" angle="324.36" x="116.12" y="107.86"/>
        <vehicle id="cfm-slow_2" eclass="HBEFA3/PC_G_EU4" CO2="29837.90" CO="541.15" HC="3.20" NOx="13.44" PMx="0.73" fuel="12.83" electricity="0.00" noise="84.81" route="routebottom" type="cfm-slow" waiting="0.00" lane="right_0" pos="39.83" speed="23.85" angle="292.90" x="85.26" y="128.79"/>
        <vehicle id="cfm-slow_3" eclass="HBEFA3/PC_G_EU4" CO2="41015.32" CO="784.90" HC="4.60" NOx="18.64" PMx="1.04" fuel="17.63" electricity="0.00" noise="90.32" route="routetop" type="cfm-slow" waiting="0.00" lane="top_0" pos="9.64" speed="27.47" angle="257.09" x="43.14" y="129.12"/>
        <vehicle id="cfm-slow_4" eclass="HBEFA3/PC_G_EU4" CO2="38104.30" CO="756.48" HC="4.40" NOx="17.17" PMx="0.98" fuel="16.38" electricity="0.00" noise="87.15" route="routetop" type="cfm-slow" waiting="0.00" lane="top_0" pos="33.21" speed="31.89" angle="214.71" x="4.40" y="98.23"/>
        <vehicle id="cfm-slow_5" eclass="HBEFA3/PC_G_EU4" CO2="8734.43" CO="182.37" HC="1.06" NOx="3.25" PMx="0.23" fuel="3.75" electricity="0.00" noise="76.30" route="routetop" type="cfm-slow" waiting="0.00" lane="left_0" pos="11.25" speed="34.88" angle="164.15" x="-0.68" y="39.87"/>
    </timestep>
    <timestep time="3.74">
        <vehicle id="cfm-fast_0" eclass="HBEFA3/PC_G_EU4" CO2="71311.32" CO="1537.06" HC="8.79" NOx="32.68" PMx="1.89" fuel="30.65" electricity="0.00" noise="100.12" route="routetop" type="cfm-fast" waiting="0.00" lane="left_1" pos="32.51" speed="39.79" angle="126.01" x="29.56" y="7.97"/>
        <vehicle id="cfm-fast_1" eclass="HBEFA3/PC_G_EU4" CO2="0.00" CO="0.00" HC="0.00" NOx="0.00" PMx="0.00" fuel="0.00" electricity="0.00" noise="73.44" route="routetop" type="cfm-fast" waiting="0.00" lane="left_0" pos="43.89" speed="32.50" angle="105.59" x="50.52" y="-3.68"/>
        <vehicle id="cfm-fast_2" eclass="HBEFA3/PC_G_EU4" CO2="119276.61" CO="2584.97" HC="14.76" NOx="55.24" PMx="3.17" fuel="51.27" electricity="0.00" noise="117.64" route="routebottom" type="cfm-fast" waiting="0.00" lane="bottom_1" pos="16.28" speed="43.33" angle="65.20" x="95.64" y="6.72"/>
        <vehicle id="cfm-fast_3" eclass="HBEFA3/PC_G_EU4" CO2="0.00" CO="0.00" HC="0.00" NOx="0.00" PMx="0.00" fuel="0.00" electricity="0.00" noise="71.07" route="routebottom" type="cfm-fast" waiting="0.00" lane="bottom_0" pos="19.91" speed="27.69" angle="58.60" x="103.85" y="8.07"/>
        <vehicle id="cfm-fast_4" eclass="HBEFA3/PC_G_EU4" CO2="196029.58" CO="4322.10" HC="24.60" NOx="91.33" PMx="5.25" fuel="84.26" electricity="0.00" noise="139.26" route="routebottom" type="cfm-fast" waiting="0.00" lane="right_1" pos="3.83" speed="50.60" angle="357.65" x="128.50" y="71.52"/>
        <vehicle id="cfm-fast_5" eclass="HBEFA3/PC_G_EU4" CO2="0.00" CO="0.00" HC="0.00" NOx="0.00" PMx="0.00" fuel="0.00" electricity="0.00" noise="69.43" route="routebottom" type="cfm-fast" waiting="0.00" lane="bottom_0" pos="40.92" speed="22.66" angle="20.83" x="129.48" y="44.29"/>
        <vehicle id="cfm-slow_0" eclass="HBEFA3/PC_G_EU4" CO2="12112.08" CO="173.25" HC="1.09" NOx="5.15" PMx="0.27" fuel="5.21" electricity="0.00" noise="73.23" route="routebottom" type="cfm-slow" waiting="0.00" lane="right_0" pos="6.02" speed="20.71" angle="353.58" x="131.03" y="76.63"/>
        <vehicle id="cfm-slow_1" eclass="HBEFA3/PC_G_EU4" CO2="18921.55" CO="313.50" HC="1.90" NOx="8.34" PMx="0.45" fuel="8.13" electricity="0.00" noise="77.80" route="routebottom" type="cfm-slow" waiting="0.00" lane="right_0" pos="22.50" speed="21.73" angle="323.95" x="115.82" y="108.22"/>
        <vehicle id="cfm-slow_2" eclass="HBEFA3/PC_G_EU4" CO2="29912.18" CO="542.78" HC="3.21" NOx="13.48" PMx="0.74" fuel="12.86" electricity="0.00" noise="84.84" route="routebottom" type="cfm-slow" waiting="0.00" lane="right_0" pos="40.07" speed="23.89" angle="292.45" x="84.77" y="128.94"/>
        <vehicle id="cfm-slow_3" eclass="HBEFA3/PC_G_EU4" CO2="40976.46" CO="784.37" HC="4.59" NOx="18.62" PMx="1.04" fuel="17.61" electricity="0.00" noise="90.27" route="routetop" type="cfm-slow" waiting="0.00" lane="top_0" pos="9.92" speed="27.52" angle="256.59" x="42.58" y="128.95"/>
        <vehicle id="cfm-slow_4" eclass="HBEFA3/PC_G_EU4" CO2="37815.01" CO="750.86" HC="4.37" NOx="17.03" PMx="0.97" fuel="16.25" electricity="0.00" noise="87.00" route="routetop" type="cfm-slow" waiting="0.00" lane="top_0" pos="33.53" speed="31.93" angle="214.19" x="4.06" y="97.63"/>
        <vehicle id="cfm-slow_5" eclass="HBEFA3/PC_G_EU4" CO2="8352.37" CO="174.51" HC="1.02" NOx="3.07" PMx="0.22" fuel="3.59" electricity="0.00" noise="76.23" route="routetop" type="cfm-slow" waiting="0.00" lane="left_0" pos="11.60" speed="34.88" angle="163.58" x="-0.42" y="39.17"/>
    </timestep>
    <timestep time="3.75">
        <vehicle id="cfm-fast_0" eclass="HBEFA3/PC_G_EU4" CO2="71547.33" CO="1542.84" HC="8.83" NOx="32.79" PMx="1.90" fuel="30.75" electricity="0.00" noise="100.19" route="routetop" type="cfm-fast" waiting="0.00" lane="left_1" pos="32.91" speed="39.85" angle="125.26" x="30.26" y="7.55"/>
        <vehicle id="cfm-fast_1" eclass="HBEFA3/PC_G_EU4" CO2="0.00" CO="0.00" HC="0.00" NOx="0.00" PMx="0.00" fuel="0.00" electricity="0.00" noise="73.42" route="routetop" type="cfm-fast" waiting="0.00" lane="left_0" pos="44.22" speed="32.48" angle="104.98" x="51.20" y="-3.80"/>
        <vehicle id="cfm-fast_2" eclass="HBEFA3/PC_G_EU4" CO2="119758.15" CO="2596.66" HC="14.83" NOx="55.47" PMx="3.19" fuel="51.48" electricity="0.00" noise="117.76" route="routebottom" type="cfm-fast" waiting="0.00" lane="bottom_1" pos="16.72" speed="43.42" angle="64.45" x="96.42" y="7.16"/>
        <vehicle id="cfm-fast_3" eclass="HBEFA3/PC_G_EU4" CO2="0.00" CO="0.00" HC="0.00" NOx="0.00" PMx="0.00" fuel="0.00" electricity="0.00" noise="71.05" route="routebottom" type="cfm-fast" waiting="0.00" lane="bottom_0" pos="20.19" speed="27.67" angle="58.09" x="104.33" y="8.41"/>
        <vehicle id="cfm-fast_4" eclass="HBEFA3/PC_G_EU4" CO2="196605.08" CO="4337.31" HC="24.68" NOx="91.60" PMx="5.26" fuel="84.51" electricity="0.00" noise="139.32" route="routebottom" type="cfm-fast" waiting="0.00" lane="right_1" pos="4.34" speed="50.74" angle="356.72" x="128.35" y="72.56"/>
        <vehicle id="cfm-fast_5" eclass="HBEFA3/PC_G_EU4" CO2="0.00" CO="0.00" HC="0.00" NOx="0.00" PMx="0.00" fuel="0.00" electricity="0.00" noise="69.44" route="routebottom" type="cfm-fast" waiting="0.00" lane="bottom_0" pos="41.14" speed="22.66" angle="20.48" x="129.62" y="44.76"/>
        <vehicle id="cfm-slow_0" eclass="HBEFA3/PC_G_EU4" CO2="12145.91" CO="173.94" HC="1.09" NOx="5.17" PMx="0.27" fuel="5.22" electricity="0.00" noise="73.25" route="routebottom" type="cfm-slow" waiting="0.00" lane="right_0" pos="6.23" speed="20.72" angle="353.20" x="130.95" y="77.07"/>
        <vehicle id="cfm-slow_1" eclass="HBEFA3/PC_G_EU4" CO2="18992.06" CO="314.96" HC="1.90" NOx="8.37" PMx="0.45" fuel="8.16" electricity="0.00" noise="77.85" route="routebottom" type="cfm-slow" waiting="0.00" lane="right_0" pos="22.72" speed="21.76" angle="323.53" x="115.51" y="108.58"/>
        <vehicle id="cfm-slow_2" eclass="HBEFA3/PC_G_EU4" CO2="29985.79" CO="544.39" HC="3.22" NOx="13.51" PMx="0.74" fuel="12.89" electricity="0.00" noise="84.88" route="routebottom" type="cfm-slow" waiting="0.00" lane="right_0" pos="40.31" speed="23.94" angle="291.99" x="84.28" y="129.10"/>
        <vehicle id="cfm-slow_3" eclass="HBEFA3/PC_G_EU4" CO2="40935.63" CO="783.79" HC="4.59" NOx="18.60" PMx="1.03" fuel="17.60" electricity="0.00" noise="90.22" route="routetop" type="cfm-slow" waiting="0.00" lane="top_0" pos="10.19" speed="27.57" angle="256.13" x="42.01" y="128.77"/>
        <vehicle id="cfm-slow_4" eclass="HBEFA3/PC_G_EU4" CO2="37524.61" CO="745.22" HC="4.33" NOx="16.89" PMx="0.96" fuel="16.13" electricity="0.00" noise="86.84" route="routetop" type="cfm-slow" waiting="0.00" lane="top_0" pos="33.85" speed="31.97" angle="213.61" x="3.73" y="97.03"/>
        <vehicle id="cfm-slow_5" eclass="HBEFA3/PC_G_EU4" CO2="7972.90" CO="166.70" HC="0.97" NOx="2.89" PMx="0.21" fuel="3.43" electricity="0.00" noise="76.17" route="routetop" type="cfm-slow" waiting="0.00" lane="left_0" pos="11.95" speed="34.88" angle="162.96" x="-0.15" y="38.47"/>
    </timestep>
    <timestep time="3.76">
        <vehicle id="cfm-fast_0" eclass="HBEFA3/PC_G_EU4" CO2="71786.89" CO="1548.70" HC="8.86" NOx="32.90" PMx="1.91" fuel="30.86" electricity="0.00" noise="100.27" route="routetop" type="cfm-fast" waiting="0.00" lane="left_1" pos="33.31" speed="39.91" angle="124.56" x="30.96" y="7.13"/>
        <vehicle id="cfm-fast_1" eclass="HBEFA3/PC_G_EU4" CO2="0.00" CO="0.00" HC="0.00" NOx="0.00" PMx="0.00" fuel="0.00" electricity="0.00" noise="73.41" route="routetop" type="cfm-fast" waiting="0.00" lane="left_0" pos="44.54" speed="32.46" angle="104.38" x="51.89" y="-3.93"/>
        <vehicle id="cfm-fast_2" eclass="HBEFA3/PC_G_EU4" CO2="120241.92" CO="2608.40" HC="14.90" NOx="55.69" PMx="3.20" fuel="51.69" electricity="0.00" noise="117.88" route="routebottom" type="cfm-fast" waiting="0.00" lane="bottom_1" pos="17.15" speed="43.52" angle="63.63" x="97.18" y="7.62"/>
        <vehicle id="cfm-fast_3" eclass="HBEFA3/PC_G_EU4" CO2="0.00" CO="0.00" HC="0.00" NOx="0.00" PMx="0.00" fuel="0.00" electricity="0.00" noise="71.04" route="routebottom" type="cfm-fast" waiting="0.00" lane="bottom_0" pos="20.46" speed="27.64" angle="57.63" x="104.81" y="8.76"/>
        <vehicle id="cfm-fast_4" eclass="HBEFA3/PC_G_EU4" CO2="197180.87" CO="4352.54" HC="24.77" NOx="91.87" PMx="5.28" fuel="84.76" electricity="0.00" noise="139.39" route="routebottom" type="cfm-fast" waiting="0.00" lane="right_1" pos="4.85" speed="50.88" angle="355.79" x="128.21" y="73.59"/>
        <vehicle id="cfm-fast_5" eclass="HBEFA3/PC_G_EU4" CO2="0.00" CO="0.00" HC="0.00" NOx="0.00" PMx="0.00" fuel="0.00" electricity="0.00" noise="69.44" route="routebottom" type="cfm-fast" waiting="0.00" lane="bottom_0" pos="41.37" speed="22.65" angle="20.07" x="129.74" y="45.23"/>
        <vehicle id="cfm-slow_0" eclass="HBEFA3/PC_G_EU4" CO2="12180.30" CO="174.64" HC="1.09" NOx="5.18" PMx="0.27" fuel="5.24" electricity="0.00" noise="73.28" route="routebottom" type="cfm-slow" waiting="0.00" lane="right_0" pos="6.43" speed="20.74" angle="352.87" x="130.86" y="77.51"/>
        <vehicle id="cfm-slow_1" eclass="HBEFA3/PC_G_EU4" CO2="19062.84" CO="316.44" HC="1.91" NOx="8.41" PMx="0.45" fuel="8.19" electricity="0.00" noise="77.89" route="routebottom" type="cfm-slow" waiting="0.00" lane="right_0" pos="22.94" speed="21.79" angle="323.12" x="115.21" y="108.93"/>
        <vehicle id="cfm-slow_2" eclass="HBEFA3/PC_G_EU4" CO2="30058.71" CO="545.99" HC="3.23" NOx="13.54" PMx="0.74" fuel="12.92" electricity="0.00" noise="84.91" route="routebottom" type="cfm-slow" waiting="0.00" lane="right_0" pos="40.55" speed="23.98" angle="291.54" x="83.79" y="129.25"/>
        <vehicle id="cfm-slow_3" eclass="HBEFA3/PC_G_EU4" CO2="40892.82" CO="783.18" HC="4.59" NOx="18.57" PMx="1.03" fuel="17.58" electricity="0.00" noise="90.17" route="routetop" type="cfm-slow" waiting="0.00" lane="top_0" pos="10.47" speed="27.62" angle="255.63" x="41.45" y="128.58"/>
        <vehicle id="cfm-slow_4" eclass="HBEFA3/PC_G_EU4" CO2="37233.14" CO="739.55" HC="4.30" NOx="16.75" PMx="0.96" fuel="16.00" electricity="0.00" noise="86.69" route="routetop" type="cfm-slow" waiting="0.00" lane="top_0" pos="34.17" speed="32.00" angle="213.02" x="3.39" y="96.43"/>
        <vehicle id="cfm-slow_5" eclass="HBEFA3/PC_G_EU4" CO2="0.00" CO="0.00" HC="0.00" NOx="0.00" PMx="0.00" fuel="0.00" electricity="0.00" noise="76.10" route="routetop" type="cfm-slow" waiting="0.00" lane="left_0" pos="12.30" speed="34.88" angle="162.34" x="0.13" y="37.77"/>
    </timestep>
    <timestep time="3.77">
        <vehicle id="cfm-fast_0" eclass="HBEFA3/PC_G_EU4" CO2="72029.99" CO="1554.64" HC="8.89" NOx="33.01" PMx="1.91" fuel="30.96" electricity="0.00" noise="100.35" route="routetop" type="cfm-fast" waiting="0.00" lane="left_1" pos="33.71" speed="39.96" angle="123.85" x="31.67" y="6.73"/>
        <vehicle id="cfm-fast_1" eclass="HBEFA3/PC_G_EU4" CO2="0.00" CO="0.00" HC="0.00" NOx="0.00" PMx="0.00" fuel="0.00" electricity="0.00" noise="73.39" route="routetop" type="cfm-fast" waiting="0.00" lane="left_0" pos="44.87" speed="32.44" angle="103.83" x="52.58" y="-4.05"/>
        <vehicle id="cfm-fast_2" eclass="HBEFA3/PC_G_EU4" CO2="120727.90" CO="2620.20" HC="14.96" NOx="55.92" PMx="3.21" fuel="51.89" electricity="0.00" noise="118.00" route="routebottom" type="cfm-fast" waiting="0.00" lane="bottom_1" pos="17.59" speed="43.61" angle="62.80" x="97.94" y="8.08"/>
        <vehicle id="cfm-fast_3" eclass="HBEFA3/PC_G_EU4" CO2="0.00" CO="0.00" HC="0.00" NOx="0.00" PMx="0.00" fuel="0.00" electricity="0.00" noise="71.03" route="routebottom" type="cfm-fast" waiting="0.00" lane="bottom_0" pos="20.74" speed="27.62" angle="57.15" x="105.28" y="9.12"/>
        <vehicle id="cfm-fast_4" eclass="HBEFA3/PC_G_EU4" CO2="197756.96" CO="4367.80" HC="24.85" NOx="92.14" PMx="5.30" fuel="85.01" electricity="0.00" noise="139.46" route="routebottom" type="cfm-fast" waiting="0.00" lane="right_1" pos="5.36" speed="51.01" angle="354.88" x="128.04" y="74.62"/>
        <vehicle id="cfm-fast_5" eclass="HBEFA3/PC_G_EU4" CO2="0.00" CO="0.00" HC="0.00" NOx="0.00" PMx="0.00" fuel="0.00" electricity="0.00" noise="69.44" route="routebottom" type="cfm-fast" waiting="0.00" lane="bottom_0" pos="41.60" speed="22.65" angle="19.66" x="129.87" y="45.70"/>
        <vehicle id="cfm-slow_0" eclass="HBEFA3/PC_G_EU4" CO2="12215.26" CO="175.35" HC="1.10" NOx="5.20" PMx="0.27" fuel="5.25" electricity="0.00" noise="73.30" route="routebottom" type="cfm-slow" waiting="0.00" lane="right_0" pos="6.64" speed="20.76" angle="352.48" x="130.76" y="77.94"/>
        <vehicle id="cfm-slow_1" eclass="HBEFA3/PC_G_EU4" CO2="19133.88" CO="317.91" HC="1.92" NOx="8.44" PMx="0.45" fuel="8.22" electricity="0.00" noise="77.94" route="routebottom" type="cfm-slow" waiting="0.00" lane="right_0" pos="23.15" speed="21.81" angle="322.79" x="114.90" y="109.29"/>
        <vehicle id="cfm-slow_2" eclass="HBEFA3/PC_G_EU4" CO2="30130.93" CO="547.57" HC="3.24" NOx="13.58" PMx="0.74" fuel="12.95" electricity="0.00" noise="84.94" route="routebottom" type="cfm-slow" waiting="0.00" lane="right_0" pos="40.79" speed="24.02" angle="291.08" x="83.29" y="129.40"/>
        <vehicle id="cfm-slow_3" eclass="HBEFA3/PC_G_EU4" CO2="40848.04" CO="782.53" HC="4.58" NOx="18.55" PMx="1.03" fuel="17.56" electricity="0.00" noise="90.12" route="routetop" type="cfm-slow" waiting="0.00" lane="top_0" pos="10.75" speed="27.67" angle="255.11" x="40.89" y="128.37"/>
        <vehicle id="cfm-slow_4" eclass="HBEFA3/PC_G_EU4" CO2="36940.62" CO="733.86" HC="4.27" NOx="16.61" PMx="0.95" fuel="15.88" electricity="0.00" noise="86.53" route="routetop" type="cfm-slow" waiting="0.00" lane="top_0" pos="34.49" speed="32.04" angle="212.44" x="3.06" y="95.83"/>
        <vehicle id="cfm-slow_5" eclass="HBEFA3/PC_G_EU4" CO2="0.00" CO="0.00" HC="0.00" NOx="0.00" PMx="0.00" fuel="0.00" electricity="0.00" noise="76.03" route="routetop" type="cfm-slow" waiting="0.00" lane="left_0" pos="12.64" speed="34.88" angle="161.72" x="0.41" y="37.08"/>
    </timestep>
    <timestep time="3.78">
        <vehicle id="cfm-fast_0" eclass="HBEFA3/PC_G_EU4" CO2="72276.59" CO="1560.66" HC="8.93" NOx="33.13" PMx="1.92" fuel="31.07" electricity="0.00" noise="100.43" route="routetop" type="cfm-fast" waiting="0.00" lane="left_1" pos="34.11" speed="40.02" angle="123.13" x="32.39" y="6.33"/>
        <vehicle id="cfm-fast_1" eclass="HBEFA3/PC_G_EU4" CO2="0.00" CO="0.00" HC="0.00" NOx="0.00" PMx="0.00" fuel="0.00" electricity="0.00" noise="73.37" route="routetop" type="cfm-fast" waiting="0.00" lane="left_0" pos="45.19" speed="32.42" angle="103.25" x="53.27" y="-4.15"/>
        <vehicle id="cfm-fast_2" eclass="HBEFA3/PC_G_EU4" CO2="121216.07" CO="2632.05" HC="15.03" NOx="56.15" PMx="3.23" fuel="52.10" electricity="0.00" noise="118.13" route="routebottom" type="cfm-fast" waiting="0.00" lane="bottom_1" pos="18.03" speed="43.71" angle="62.04" x="98.71" y="8.55"/>
        <vehicle id="cfm-fast_3" eclass="HBEFA3/PC_G_EU4" CO2="0.00" CO="0.00" HC="0.00" NOx="0.00" PMx="0.00" fuel="0.00" electricity="0.00" noise="71.01" route="routebottom" type="cfm-fast" waiting="0.00" lane="bottom_0" pos="21.02" speed="27.59" angle="56.64" x="105.75" y="9.49"/>
        <vehicle id="cfm-fast_4" eclass="HBEFA3/PC_G_EU4" CO2="198333.33" CO="4383.07" HC="24.94" NOx="92.40" PMx="5.31" fuel="85.25" electricity="0.00" noise="139.52" route="routebottom" type="cfm-fast" waiting="0.00" lane="right_1" pos="5.87" speed="51.15" angle="353.94" x="127.85" y="75.65"/>
        <vehicle id="cfm-fast_5" eclass="HBEFA3/PC_G_EU4" CO2="0.00" CO="0.00" HC="0.00" NOx="0.00" PMx="0.00" fuel="0.00" electricity="0.00" noise="69.45" route="routebottom" type="cfm-fast" waiting="0.00" lane="bottom_0" pos="41.82" speed="22.64" angle="19.24" x="130.00" y="46.17"/>
        <vehicle id="cfm-slow_0" eclass="HBEFA3/PC_G_EU4" CO2="12250.77" CO="176.08" HC="1.10" NOx="5.21" PMx="0.27" fuel="5.27" electricity="0.00" noise="73.33" route="routebottom" type="cfm-slow" waiting="0.00" lane="right_0" pos="6.85" speed="20.77" angle="352.09" x="130.67" y="78.38"/>
        <vehicle id="cfm-slow_1" eclass="HBEFA3/PC_G_EU4" CO2="19205.16" CO="319.40" HC="1.93" NOx="8.47" PMx="0.45" fuel="8.26" electricity="0.00" noise="77.98" route="routebottom" type="cfm-slow" waiting="0.00" lane="right_0" pos="23.37" speed="21.84" angle="322.40" x="114.58" y="109.63"/>
        <vehicle id="cfm-slow_2" eclass="HBEFA3/PC_G_EU4" CO2="30202.44" CO="549.15" HC="3.25" NOx="13.61" PMx="0.74" fuel="12.98" electricity="0.00" noise="84.97" route="routebottom" type="cfm-slow" waiting="0.00" lane="right_0" pos="41.03" speed="24.06" angle="290.68" x="82.80" y="129.55"/>
        <vehicle id="cfm-slow_3" eclass="HBEFA3/PC_G_EU4" CO2="40801.29" CO="781.83" HC="4.58" NOx="18.53" PMx="1.03" fuel="17.54" electricity="0.00" noise="90.07" route="routetop" type="cfm-slow" waiting="0.00" lane="top_0" pos="11.02" speed="27.72" angle="254.58" x="40.33" y="128.17"/>
        <vehicle id="cfm-slow_4" eclass="HBEFA3/PC_G_EU4" CO2="36647.09" CO="728.14" HC="4.24" NOx="16.47" PMx="0.94" fuel="15.75" electricity="0.00" noise="86.38" route="routetop" type="cfm-slow" waiting="0.00" lane="top_0" pos="34.81" speed="32.07" angle="211.92" x="2.74" y="95.22"/>
        <vehicle id="cfm-slow_5" eclass="HBEFA3/PC_G_EU4" CO2="0.00" CO="0.00" HC="0.00" NOx="0.00" PMx="0.00" fuel="0.00" electricity="0.00" noise="75.97" route="routetop" type="cfm-slow" waiting="0.00" lane="left_0" pos="12.99" speed="34.88" angle="161.14" x="0.71" y="36.39"/>
    </timestep>
    <timestep time="3.79">
        <vehicle id="cfm-fast_0" eclass="HBEFA3/PC_G_EU4" CO2="72526.67" CO="1566.75" HC="8.96" NOx="33.24" PMx="1.93" fuel="31.18" electricity="0.00" noise="100.51" route="routetop" type="cfm-fast" waiting="0.00" lane="left_1" pos="34.51" speed="40.08" angle="122.42" x="33.11" y="5.94"/>
        <vehicle id="cfm-fast_1" eclass="HBEFA3/PC_G_EU4" CO2="0.00" CO="0.00" HC="0.00" NOx="0.00" PMx="0.00" fuel="0.00" electricity="0.00" noise="73.36" route="routetop" type="cfm-fast" waiting="0.00" lane="left_0" pos="45.52" speed="32.40" angle="102.65" x="53.96" y="-4.25"/>
        <vehicle id="cfm-fast_2" eclass="HBEFA3/PC_G_EU4" CO2="121706.40" CO="2643.96" HC="15.09" NOx="56.38" PMx="3.24" fuel="52.32" electricity="0.00" noise="118.25" route="routebottom" type="cfm-fast" waiting="0.00" lane="bottom_1" pos="18.46" speed="43.81" angle="61.22" x="99.45" y="9.05"/>
        <vehicle id="cfm-fast_3" eclass="HBEFA3/PC_G_EU4" CO2="0.00" CO="0.00" HC="0.00" NOx="0.00" PMx="0.00" fuel="0.00" electricity="0.00" noise="71.00" route="routebottom" type="cfm-fast" waiting="0.00" lane="bottom_0" pos="21.29" speed="27.57" angle="56.14" x="106.22" y="9.86"/>
        <vehicle id="cfm-fast_4" eclass="HBEFA3/PC_G_EU4" CO2="198910.00" CO="4398.37" HC="25.02" NOx="92.67" PMx="5.33" fuel="85.50" electricity="0.00" noise="139.59" route="routebottom" type="cfm-fast" waiting="0.00" lane="right_1" pos="6.38" speed="51.28" angle="353.04" x="127.67" y="76.69"/>
        <vehicle id="cfm-fast_5" eclass="HBEFA3/PC_G_EU4" CO2="0.00" CO="0.00" HC="0.00" NOx="0.00" PMx="0.00" fuel="0.00" electricity="0.00" noise="69.45" route="routebottom" type="cfm-fast" waiting="0.00" lane="bottom_0" pos="42.05" speed="22.64" angle="18.83" x="130.12" y="46.64"/>
        <vehicle id="cfm-slow_0" eclass="HBEFA3/PC_G_EU4" CO2="12286.84" CO="176.82" HC="1.11" NOx="5.23" PMx="0.27" fuel="5.28" electricity="0.00" noise="73.35" route="routebottom" type="cfm-slow" waiting="0.00" lane="right_0" pos="7.06" speed="20.79" angle="351.70" x="130.57" y="78.81"/>
        <vehicle id="cfm-slow_1" eclass="HBEFA3/PC_G_EU4" CO2="19276.67" CO="320.89" HC="1.94" NOx="8.50" PMx="0.46" fuel="8.29" electricity="0.00" noise="78.03" route="routebottom" type="cfm-slow" waiting="0.00" lane="right_0" pos="23.59" speed="21.87" angle="322.01" x="114.26" y="109.98"/>
        <vehicle id="cfm-slow_2" eclass="HBEFA3/PC_G_EU4" CO2="30273.22" CO="550.70" HC="3.26" NOx="13.64" PMx="0.75" fuel="13.01" electricity="0.00" noise="85.00" route="routebottom" type="cfm-slow" waiting="0.00" lane="right_0" pos="41.27" speed="24.10" angle="290.25" x="82.30" y="129.69"/>
        <vehicle id="cfm-slow_3" eclass="HBEFA3/PC_G_EU4" CO2="40752.56" CO="781.10" HC="4.57" NOx="18.50" PMx="1.03" fuel="17.52" electricity="0.00" noise="90.02" route="routetop" type="cfm-slow" waiting="0.00" lane="top_0" pos="11.30" speed="27.77" angle="254.06" x="39.77" y="127.97"/>
        <vehicle id="cfm-slow_4" eclass="HBEFA3/PC_G_EU4" CO2="36352.58" CO="722.41" HC="4.20" NOx="16.34" PMx="0.93" fuel="15.63" electricity="0.00" noise="86.23" route="routetop" type="cfm-slow" waiting="0.00" lane="top_0" pos="35.13" speed="32.11" angle="211.32" x="2.43" y="94.60"/>
        <vehicle id="cfm-slow_5" eclass="HBEFA3/PC_G_EU4" CO2="0.00" CO="0.00" HC="0.00" NOx="0.00" PMx="0.00" fuel="0.00" electricity="0.00" noise="75.91" route="routetop" type="cfm-slow" waiting="0.00" lane="left_0" pos="13.34" speed="34.88" angle="160.49" x="1.02" y="35.70"/>
    </timestep>
    <timestep time="3.80">
        <vehicle id="cfm-fast_0" eclass="HBEFA3/PC_G_EU4" CO2="72780.22" CO="1572.92" HC="8.99" NOx="33.36" PMx="1.93" fuel="31.28" electricity="0.00" noise="100.60" route="routetop" type="cfm-fast" waiting="0.00" lane="left_1" pos="34.91" speed="40.14" angle="121.74" x="33.84" y="5.56"/>
        <vehicle id="cfm-fast_1" eclass="HBEFA3/PC_G_EU4" CO2="0.00" CO="0.00" HC="0.00" NOx="0.00" PMx="0.00" fuel="0.00" electricity="0.00" noise="73.34" route="routetop" type="cfm-fast" waiting="0.00" lane="left_0" pos="45.84" speed="32.37" angle="102.05" x="54.65" y="-4.35"/>
        <vehicle id="cfm-fast_2" eclass="HBEFA3/PC_G_EU4" CO2="122198.88" CO="2655.93" HC="15.16" NOx="56.61" PMx="3.25" fuel="52.53" electricity="0.00" noise="118.37" route="routebottom" type="cfm-fast" waiting="0.00" lane="bottom_1" pos="18.90" speed="43.90" angle="60.38" x="100.20" y="9.55"/>
        <vehicle id="cfm-fast_3" eclass="HBEFA3/PC_G_EU4" CO2="0.00" CO="0.00" HC="0.00" NOx="0.00" PMx="0.00" fuel="0.00" electricity="0.00" noise="70.99" route="routebottom" type="cfm-fast" waiting="0.00" lane="bottom_0" pos="21.57" speed="27.54" angle="55.64" x="106.68" y="10.22"/>
        <vehicle id="cfm-fast_4" eclass="HBEFA3/PC_G_EU4" CO2="199486.96" CO="4413.69" HC="25.11" NOx="92.94" PMx="5.35" fuel="85.75" electricity="0.00" noise="139.65" route="routebottom" type="cfm-fast" waiting="0.00" lane="right_1" pos="6.89" speed="51.42" angle="352.06" x="127.43" y="77.72"/>
        <vehicle id="cfm-fast_5" eclass="HBEFA3/PC_G_EU4" CO2="0.00" CO="0.00" HC="0.00" NOx="0.00" PMx="0.00" fuel="0.00" electricity="0.00" noise="69.46" route="routebottom" type="cfm-fast" waiting="0.00" lane="bottom_0" pos="42.27" speed="22.63" angle="18.45" x="130.25" y="47.11"/>
        <vehicle id="cfm-slow_0" eclass="HBEFA3/PC_G_EU4" CO2="12323.46" CO="177.57" HC="1.11" NOx="5.25" PMx="0.27" fuel="5.30" electricity="0.00" noise="73.38" route="routebottom" type="cfm-slow" waiting="0.00" lane="right_0" pos="7.27" speed="20.81" angle="351.31" x="130.47" y="79.25"/>
        <vehicle id="cfm-slow_1" eclass="HBEFA3/PC_G_EU4" CO2="19348.41" CO="322.38" HC="1.95" NOx="8.54" PMx="0.46" fuel="8.32" electricity="0.00" noise="78.08" route="routebottom" type="cfm-slow" waiting="0.00" lane="right_0" pos="23.81" speed="21.90" angle="321.61" x="113.94" y="110.32"/>
        <vehicle id="cfm-slow_2" eclass="HBEFA3/PC_G_EU4" CO2="30343.26" CO="552.25" HC="3.27" NOx="13.67" PMx="0.75" fuel="13.04" electricity="0.00" noise="85.03" route="routebottom" type="cfm-slow" waiting="0.00" lane="right_0" pos="41.51" speed="24.14" angle="289.82" x="81.80" y="129.82"/>
        <vehicle id="cfm-slow_3" eclass="HBEFA3/PC_G_EU4" CO2="40701.87" CO="780.33" HC="4.57" NOx="18.48" PMx="1.03" fuel="17.50" electricity="0.00" noise="89.96" route="routetop" type="cfm-slow" waiting="0.00" lane="top_0" pos="11.58" speed="27.82" angle="253.60" x="39.20" y="127.76"/>
        <vehicle id="cfm-slow_4" eclass="HBEFA3/PC_G_EU4" CO2="36057.11" CO="716.65" HC="4.17" NOx="16.19" PMx="0.93" fuel="15.50" electricity="0.00" noise="86.07" route="routetop" type="cfm-slow" waiting="0.00" lane="top_0" pos="35.45" speed="32.15" angle="210.73" x="2.12" y="93.98"/>
        <vehicle id="cfm-slow_5" eclass="HBEFA3/PC_G_EU4" CO2="0.00" CO="0.00" HC="0.00" NOx="0.00" PMx="0.00" fuel="0.00" electricity="0.00" noise="75.85" route="routetop" type="cfm-slow" waiting="0.00" lane="left_0" pos="13.69" speed="34.88" angle="159.84" x="1.32" y="35.02"/>
    </timestep>
    <timestep time="3.81">
        <vehicle id="cfm-fast_0" eclass="HBEFA3/PC_G_EU4" CO2="73037.21" CO="1579.17" HC="9.03" NOx="33.48" PMx="1.94" fuel="31.40" electricity="0.00" noise="100.68" route="routetop" type="cfm-fast" waiting="0.00" lane="left_1" pos="35.31" speed="40.20" angle="121.00" x="34.58" y="5.19"/>
        <vehicle id="cfm-fast_1" eclass="HBEFA3/PC_G_EU4" CO2="0.00" CO="0.00" HC="0.00" NOx="0.00" PMx="0.00" fuel="0.00" electricity="0.00" noise="73.32" route="routetop" type="cfm-fast" waiting="0.00" lane="left_0" pos="46.16" speed="32.35" angle="101.50" x="55.34" y="-4.44"/>
        <vehicle id="cfm-fast_2" eclass="HBEFA3/PC_G_EU4" CO2="122693.48" CO="2667.95" HC="15.23" NOx="56.84" PMx="3.27" fuel="52.74" electricity="0.00" noise="118.49" route="routebottom" type="cfm-fast" waiting="0.00" lane="bottom_1" pos="19.34" speed="44.00" angle="59.62" x="100.95" y="10.06"/>
        <vehicle id="cfm-fast_3" eclass="HBEFA3/PC_G_EU4" CO2="0.00" CO="0.00" HC="0.00" NOx="0.00" PMx="0.00" fuel="0.00" electricity="0.00" noise="70.97" route="routebottom" type="cfm-fast" waiting="0.00" lane="bottom_0" pos="21.84" speed="27.52" angle="55.19" x="107.15" y="10.59"/>
        <vehicle id="cfm-fast_4" eclass="HBEFA3/PC_G_EU4" CO2="200064.21" CO="4429.03" HC="25.19" NOx="93.21" PMx="5.36" fuel="86.00" electricity="0.00" noise="139.72" route="routebottom" type="cfm-fast" waiting="0.00" lane="right_1" pos="7.41" speed="51.56" angle="351.07" x="127.20" y="78.75"/>
        <vehicle id="cfm-fast_5" eclass="HBEFA3/PC_G_EU4" CO2="0.00" CO="0.00" HC="0.00" NOx="0.00" PMx="0.00" fuel="0.00" electricity="0.00" noise="69.46" route="routebottom" type="cfm-fast" waiting="0.00" lane="bottom_0" pos="42.50" speed="22.63" angle="18.06" x="130.36" y="47.59"/>
        <vehicle id="cfm-slow_0" eclass="HBEFA3/PC_G_EU4" CO2="12360.62" CO="178.33" HC="1.12" NOx="5.27" PMx="0.27" fuel="5.31" electricity="0.00" noise="73.40" route="routebottom" type="cfm-slow" waiting="0.00" lane="right_0" pos="7.47" speed="20.82" angle="350.92" x="130.37" y="79.69"/>
        <vehicle id="cfm-slow_1" eclass="HBEFA3/PC_G_EU4" CO2="19420.37" CO="323.88" HC="1.95" NOx="8.57" PMx="0.46" fuel="8.35" electricity="0.00" noise="78.12" route="routebottom" type="cfm-slow" waiting="0.00" lane="right_0" pos="24.03" speed="21.92" angle="321.22" x="113.62" y="110.67"/>
        <vehicle id="cfm-slow_2" eclass="HBEFA3/PC_G_EU4" CO2="30412.55" CO="553.78" HC="3.28" NOx="13.71" PMx="0.75" fuel="13.07" electricity="0.00" noise="85.06" route="routebottom" type="cfm-slow" waiting="0.00" lane="right_0" pos="41.76" speed="24.19" angle="289.38" x="81.29" y="129.96"/>
        <vehicle id="cfm-slow_3" eclass="HBEFA3/PC_G_EU4" CO2="40649.22" CO="779.52" HC="4.56" NOx="18.45" PMx="1.03" fuel="17.47" electricity="0.00" noise="89.91" route="routetop" type="cfm-slow" waiting="0.00" lane="top_0" pos="11.86" speed="27.86" angle="253.10" x="38.65" y="127.54"/>
        <vehicle id="cfm-slow_4" eclass="HBEFA3/PC_G_EU4" CO2="35760.73" CO="710.86" HC="4.13" NOx="16.05" PMx="0.92" fuel="15.37" electricity="0.00" noise="85.92" route="routetop" type="cfm-slow" waiting="0.00" lane="top_0" pos="35.77" speed="32.18" angle="210.14" x="1.81" y="93.36"/>
        <vehicle id="cfm-slow_5" eclass="HBEFA3/PC_G_EU4" CO2="0.00" CO="0.00" HC="0.00" NOx="0.00" PMx="0.00" fuel="0.00" electricity="0.00" noise="75.80" route="routetop" type="cfm-slow" waiting="0.00" lane="left_0" pos="14.04" speed="34.88" angle="159.23" x="1.63" y="34.33"/>
    </timestep>
    <timestep time="3.82">
        <vehicle id="cfm-fast_0" eclass="HBEFA3/PC_G_EU4" CO2="73297.63" CO="1585.49" HC="9.06" NOx="33.60" PMx="1.95" fuel="31.51" electricity="0.00" noise="100.77" route="routetop" type="cfm-fast" waiting="0.00" lane="left_1" pos="35.72" speed="40.26" angle="120.27" x="35.32" y="4.82"/>
        <vehicle id="cfm-fast_1" eclass="HBEFA3/PC_G_EU4" CO2="0.00" CO="0.00" HC="0.00" NOx="0.00" PMx="0.00" fuel="0.00" electricity="0.00" noise="73.31" route="routetop" type="cfm-fast" waiting="0.00" lane="left_0" pos="46.49" speed="32.33" angle="100.92" x="56.03" y="-4.51"/>
        <vehicle id="cfm-fast_2" eclass="HBEFA3/PC_G_EU4" CO2="123190.19" CO="2680.02" HC="15.30" NOx="57.07" PMx="3.28" fuel="52.95" electricity="0.00" noise="118.62" route="routebottom" type="cfm-fast" waiting="0.00" lane="bottom_1" pos="19.78" speed="44.10" angle="58.82" x="101.68" y="10.58"/>
        <vehicle id="cfm-fast_3" eclass="HBEFA3/PC_G_EU4" CO2="0.00" CO="0.00" HC="0.00" NOx="0.00" PMx="0.00" fuel="0.00" electricity="0.00" noise="70.96" route="routebottom" type="cfm-fast" waiting="0.00" lane="bottom_0" pos="22.12" speed="27.49" angle="54.67" x="107.60" y="10.98"/>
        <vehicle id="cfm-fast_4" eclass="HBEFA3/PC_G_EU4" CO2="200641.75" CO="4444.40" HC="25.27" NOx="93.48" PMx="5.38" fuel="86.25" electricity="0.00" noise="139.78" route="routebottom" type="cfm-fast" waiting="0.00" lane="right_1" pos="7.93" speed="51.69" angle="350.18" x="126.94" y="79.78"/>
        <vehicle id="cfm-fast_5" eclass="HBEFA3/PC_G_EU4" CO2="0.00" CO="0.00" HC="0.00" NOx="0.00" PMx="0.00" fuel="0.00" electricity="0.00" noise="69.47" route="routebottom" type="cfm-fast" waiting="0.00" lane="bottom_0" pos="42.73" speed="22.63" angle="17.65" x="130.47" y="48.06"/>
        <vehicle id="cfm-slow_0" eclass="HBEFA3/PC_G_EU4" CO2="12398.32" CO="179.10" HC="1.12" NOx="5.28" PMx="0.27" fuel="5.33" electricity="0.00" noise="73.43" route="routebottom" type="cfm-slow" waiting="0.00" lane="right_0" pos="7.68" speed="20.84" angle="350.60" x="130.27" y="80.13"/>
        <vehicle id="cfm-slow_1" eclass="HBEFA3/PC_G_EU4" CO2="19492.54" CO="325.38" HC="1.96" NOx="8.60" PMx="0.46" fuel="8.38" electricity="0.00" noise="78.17" route="routebottom" type="cfm-slow" waiting="0.00" lane="right_0" pos="24.25" speed="21.95" angle="320.83" x="113.30" y="111.02"/>
        <vehicle id="cfm-slow_2" eclass="HBEFA3/PC_G_EU4" CO2="30481.07" CO="555.30" HC="3.29" NOx="13.74" PMx="0.75" fuel="13.10" electricity="0.00" noise="85.09" route="routebottom" type="cfm-slow" waiting="0.00" lane="right_0" pos="42.00" speed="24.23" angle="288.94" x="80.79" y="130.09"/>
        <vehicle id="cfm-slow_3" eclass="HBEFA3/PC_G_EU4" CO2="40594.61" CO="778.67" HC="4.56" NOx="18.43" PMx="1.03" fuel="17.45" electricity="0.00" noise="89.85" route="routetop" type="cfm-slow" waiting="0.00" lane="top_0" pos="12.14" speed="27.91" angle="252.59" x="38.09" y="127.31"/>
        <vehicle id="cfm-slow_4" eclass="HBEFA3/PC_G_EU4" CO2="35463.47" CO="705.06" HC="4.10" NOx="15.91" PMx="0.91" fuel="15.24" electricity="0.00" noise="85.77" route="routetop" type="cfm-slow" waiting="0.00" lane="top_0" pos="36.09" speed="32.21" angle="209.59" x="1.52" y="92.73"/>
        <vehicle id="cfm-slow_5" eclass="HBEFA3/PC_G_EU4" CO2="0.00" CO="0.00" HC="0.00" NOx="0.00" PMx="0.00" fuel="0.00" electricity="0.00" noise="75.74" route="routetop" type="cfm-slow" waiting="0.00" lane="left_0" pos="14.39" speed="34.87" angle="158.60" x="1.96" y="33.66"/>
    </timestep>
    <timestep time="3.83">
        <vehicle id="cfm-fast_0" eclass="HBEFA3/PC_G_EU4" CO2="73561.44" CO="1591.89" HC="9.10" NOx="33.73" PMx="1.96" fuel="31.62" electricity="0.00" noise="100.86" route="routetop" type="cfm-fast" waiting="0.00" lane="left_1" pos="36.12" speed="40.32" angle="119.57" x="36.06" y="4.47"/>
        <vehicle id="cfm-fast_1" eclass="HBEFA3/PC_G_EU4" CO2="0.00" CO="0.00" HC="0.00" NOx="0.00" PMx="0.00" fuel="0.00" electricity="0.00" noise="73.29" route="routetop" type="cfm-fast" waiting="0.00" lane="left_0" pos="46.81" speed="32.31" angle="100.33" x="56.72" y="-4.58"/>
        <vehicle id="cfm-fast_2" eclass="HBEFA3/PC_G_EU4" CO2="123688.99" CO="2692.15" HC="15.36" NOx="57.31" PMx="3.30" fuel="53.17" electricity="0.00" noise="118.74" route="routebottom" type="cfm-fast" waiting="0.00" lane="bottom_1" pos="20.23" speed="44.19" angle="58.01" x="102.42" y="11.11"/>
        <vehicle id="cfm-fast_3" eclass="HBEFA3/PC_G_EU4" CO2="0.00" CO="0.00" HC="0.00" NOx="0.00" PMx="0.00" fuel="0.00" electricity="0.00" noise="70.94" route="routebottom" type="cfm-fast" waiting="0.00" lane="bottom_0" pos="22.39" speed="27.47" angle="54.15" x="108.04" y="11.36"/>
        <vehicle id="cfm-fast_4" eclass="HBEFA3/PC_G_EU4" CO2="201219.59" CO="4459.78" HC="25.36" NOx="93.76" PMx="5.40" fuel="86.49" electricity="0.00" noise="139.85" route="routebottom" type="cfm-fast" waiting="0.00" lane="right_1" pos="8.45" speed="51.83" angle="349.26" x="126.67" y="80.80"/>
        <vehicle id="cfm-fast_5" eclass="HBEFA3/PC_G_EU4" CO2="0.00" CO="0.00" HC="0.00" NOx="0.00" PMx="0.00" fuel="0.00" electricity="0.00" noise="69.48" route="routebottom" type="cfm-fast" waiting="0.00" lane="bottom_0" pos="42.95" speed="22.62" angle="17.24" x="130.57" y="48.54"/>
        <vehicle id="cfm-slow_0" eclass="HBEFA3/PC_G_EU4" CO2="12436.56" CO="179.88" HC="1.12" NOx="5.30" PMx="0.28" fuel="5.35" electricity="0.00" noise="73.45" route="routebottom" type="cfm-slow" waiting="0.00" lane="right_0" pos="7.89" speed="20.86" angle="350.22" x="130.15" y="80.56"/>
        <vehicle id="cfm-slow_1" eclass="HBEFA3/PC_G_EU4" CO2="19564.90" CO="326.89" HC="1.97" NOx="8.64" PMx="0.46" fuel="8.41" electricity="0.00" noise="78.21" route="routebottom" type="cfm-slow" waiting="0.00" lane="right_0" pos="24.47" speed="21.98" angle="320.47" x="112.97" y="111.36"/>
        <vehicle id="cfm-slow_2" eclass="HBEFA3/PC_G_EU4" CO2="30548.83" CO="556.80" HC="3.29" NOx="13.77" PMx="0.75" fuel="13.13" electricity="0.00" noise="85.11" route="routebottom" type="cfm-slow" waiting="0.00" lane="right_0" pos="42.24" speed="24.27" angle="288.51" x="80.29" y="130.23"/>
        <vehicle id="cfm-slow_3" eclass="HBEFA3/PC_G_EU4" CO2="40538.04" CO="777.78" HC="4.55" NOx="18.40" PMx="1.03" fuel="17.43" electricity="0.00" noise="89.80" route="routetop" type="cfm-slow" waiting="0.00" lane="top_0" pos="12.42" speed="27.96" angle="252.08" x="37.53" y="127.09"/>
        <vehicle id="cfm-slow_4" eclass="HBEFA3/PC_G_EU4" CO2="35165.35" CO="699.24" HC="4.07" NOx="15.77" PMx="0.90" fuel="15.12" electricity="0.00" noise="85.61" route="routetop" type="cfm-slow" waiting="0.00" lane="top_0" pos="36.42" speed="32.25" angle="208.99" x="1.23" y="92.10"/>
        <vehicle id="cfm-slow_5" eclass="HBEFA3/PC_G_EU4" CO2="0.00" CO="0.00" HC="0.00" NOx="0.00" PMx="0.00" fuel="0.00" electricity="0.00" noise="75.69" route="routetop" type="cfm-slow" waiting="0.00" lane="left_0" pos="14.74" speed="34.87" angle="157.94" x="2.30" y="32.99"/>
    </timestep>
    <timestep time="3.84">
        <vehicle id="cfm-fast_0" eclass="HBEFA3/PC_G_EU4" CO2="73828.63" CO="1598.36" HC="9.14" NOx="33.85" PMx="1.96" fuel="31.74" electricity="0.00" noise="100.94" route="routetop" type="cfm-fast" waiting="0.00" lane="left_1" pos="36.52" speed="40.39" angle="118.79" x="36.82" y="4.13"/>
        <vehicle id="cfm-fast_1" eclass="HBEFA3/PC_G_EU4" CO2="0.00" CO="0.00" HC="0.00" NOx="0.00" PMx="0.00" fuel="0.00" electricity="0.00" noise="73.28" route="routetop" type="cfm-fast" waiting="0.00" lane="left_0" pos="47.13" speed="32.28" angle="99.74" x="57.41" y="-4.66"/>
        <vehicle id="cfm-fast_2" eclass="HBEFA3/PC_G_EU4" CO2="124189.85" CO="2704.33" HC="15.43" NOx="57.54" PMx="3.31" fuel="53.38" electricity="0.00" noise="118.86" route="routebottom" type="cfm-fast" waiting="0.00" lane="bottom_1" pos="20.67" speed="44.29" angle="57.26" x="103.15" y="11.65"/>
        <vehicle id="cfm-fast_3" eclass="HBEFA3/PC_G_EU4" CO2="0.00" CO="0.00" HC="0.00" NOx="0.00" PMx="0.00" fuel="0.00" electricity="0.00" noise="70.93" route="routebottom" type="cfm-fast" waiting="0.00" lane="bottom_0" pos="22.67" speed="27.44" angle="53.63" x="108.49" y="11.74"/>
        <vehicle id="cfm-fast_4" eclass="HBEFA3/PC_G_EU4" CO2="201797.71" CO="4475.19" HC="25.44" NOx="94.03" PMx="5.41" fuel="86.74" electricity="0.00" noise="139.92" route="routebottom" type="cfm-fast" waiting="0.00" lane="right_1" pos="8.97" speed="51.97" angle="348.38" x="126.40" y="81.83"/>
        <vehicle id="cfm-fast_5" eclass="HBEFA3/PC_G_EU4" CO2="0.00" CO="0.00" HC="0.00" NOx="0.00" PMx="0.00" fuel="0.00" electricity="0.00" noise="69.48" route="routebottom" type="cfm-fast" waiting="0.00" lane="bottom_0" pos="43.18" speed="22.62" angle="16.83" x="130.68" y="49.01"/>
        <vehicle id="cfm-slow_0" eclass="HBEFA3/PC_G_EU4" CO2="12475.33" CO="180.68" HC="1.13" NOx="5.32" PMx="0.28" fuel="5.36" electricity="0.00" noise="73.48" route="routebottom" type="cfm-slow" waiting="0.00" lane="right_0" pos="8.10" speed="20.87" angle="349.84" x="130.04" y="80.99"/>
        <vehicle id="cfm-slow_1" eclass="HBEFA3/PC_G_EU4" CO2="19637.44" CO="328.40" HC="1.98" NOx="8.67" PMx="0.46" fuel="8.44" electricity="0.00" noise="78.26" route="routebottom" type="cfm-slow" waiting="0.00" lane="right_0" pos="24.69" speed="22.01" angle="320.06" x="112.64" y="111.69"/>
        <vehicle id="cfm-slow_2" eclass="HBEFA3/PC_G_EU4" CO2="30615.79" CO="558.29" HC="3.30" NOx="13.80" PMx="0.76" fuel="13.16" electricity="0.00" noise="85.14" route="routebottom" type="cfm-slow" waiting="0.00" lane="right_0" pos="42.48" speed="24.31" angle="288.11" x="79.78" y="130.35"/>
        <vehicle id="cfm-slow_3" eclass="HBEFA3/PC_G_EU4" CO2="40479.52" CO="776.85" HC="4.55" NOx="18.37" PMx="1.02" fuel="17.40" electricity="0.00" noise="89.74" route="routetop" type="cfm-slow" waiting="0.00" lane="top_0" pos="12.70" speed="28.01" angle="251.59" x="36.97" y="126.87"/>
        <vehicle id="cfm-slow_4" eclass="HBEFA3/PC_G_EU4" CO2="34866.40" CO="693.39" HC="4.03" NOx="15.63" PMx="0.90" fuel="14.99" electricity="0.00" noise="85.46" route="routetop" type="cfm-slow" waiting="0.00" lane="top_0" pos="36.74" speed="32.28" angle="208.38" x="0.95" y="91.47"/>
        <vehicle id="cfm-slow_5" eclass="HBEFA3/PC_G_EU4" CO2="0.00" CO="0.00" HC="0.00" NOx="0.00" PMx="0.00" fuel="0.00" electricity="0.00" noise="75.64" route="routetop" type="cfm-slow" waiting="0.00" lane="left_0" pos="15.09" speed="34.87" angle="157.29" x="2.64" y="32.32"/>
    </timestep>
    <timestep time="3.85">
        <vehicle id="cfm-fast_0" eclass="HBEFA3/PC_G_EU4" CO2="74099.19" CO="1604.90" HC="9.17" NOx="33.98" PMx="1.97" fuel="31.85" electricity="0.00" noise="101.03" route="routetop" type="cfm-fast" waiting="0.00" lane="left_1" pos="36.93" speed="40.45" angle="118.02" x="37.58" y="3.79"/>
        <vehicle id="cfm-fast_1" eclass="HBEFA3/PC_G_EU4" CO2="0.00" CO="0.00" HC="0.00" NOx="0.00" PMx="0.00" fuel="0.00" electricity="0.00" noise="73.26" route="routetop" type="cfm-fast" waiting="0.00" lane="left_0" pos="47.46" speed="32.26" angle="99.19" x="58.10" y="-4.73"/>
        <vehicle id="cfm-fast_2" eclass="HBEFA3/PC_G_EU4" CO2="124692.75" CO="2716.57" HC="15.50" NOx="57.78" PMx="3.32" fuel="53.60" electricity="0.00" noise="118.99" route="routebottom" type="cfm-fast" waiting="0.00" lane="bottom_1" pos="21.11" speed="44.39" angle="56.45" x="103.87" y="12.21"/>
        <vehicle id="cfm-fast_3" eclass="HBEFA3/PC_G_EU4" CO2="0.00" CO="0.00" HC="0.00" NOx="0.00" PMx="0.00" fuel="0.00" electricity="0.00" noise="70.92" route="routebottom" type="cfm-fast" waiting="0.00" lane="bottom_0" pos="22.94" speed="27.42" angle="53.12" x="108.94" y="12.12"/>
        <vehicle id="cfm-fast_4" eclass="HBEFA3/PC_G_EU4" CO2="202376.13" CO="4490.62" HC="25.53" NOx="94.30" PMx="5.43" fuel="86.99" electricity="0.00" noise="139.98" route="routebottom" type="cfm-fast" waiting="0.00" lane="right_1" pos="9.49" speed="52.10" angle="347.43" x="126.08" y="82.85"/>
        <vehicle id="cfm-fast_5" eclass="HBEFA3/PC_G_EU4" CO2="0.00" CO="0.00" HC="0.00" NOx="0.00" PMx="0.00" fuel="0.00" electricity="0.00" noise="69.49" route="routebottom" type="cfm-fast" waiting="0.00" lane="bottom_0" pos="43.41" speed="22.61" angle="16.42" x="130.79" y="49.49"/>
        <vehicle id="cfm-slow_0" eclass="HBEFA3/PC_G_EU4" CO2="12514.62" CO="181.48" HC="1.13" NOx="5.34" PMx="0.28" fuel="5.38" electricity="0.00" noise="73.51" route="routebottom" type="cfm-slow" waiting="0.00" lane="right_0" pos="8.31" speed="20.89" angle="349.45" x="129.92" y="81.43"/>
        <vehicle id="cfm-slow_1" eclass="HBEFA3/PC_G_EU4" CO2="19710.17" CO="329.92" HC="1.99" NOx="8.71" PMx="0.47" fuel="8.47" electricity="0.00" noise="78.30" route="routebottom" type="cfm-slow" waiting="0.00" lane="right_0" pos="24.91" speed="22.04" angle="319.66" x="112.30" y="112.03"/>
        <vehicle id="cfm-slow_2" eclass="HBEFA3/PC_G_EU4" CO2="30681.96" CO="559.76" HC="3.31" NOx="13.83" PMx="0.76" fuel="13.19" electricity="0.00" noise="85.17" route="routebottom" type="cfm-slow" waiting="0.00" lane="right_0" pos="42.73" speed="24.35" angle="287.67" x="79.27" y="130.47"/>
        <vehicle id="cfm-slow_3" eclass="HBEFA3/PC_G_EU4" CO2="40419.05" CO="775.89" HC="4.54" NOx="18.34" PMx="1.02" fuel="17.37" electricity="0.00" noise="89.68" route="routetop" type="cfm-slow" waiting="0.00" lane="top_0" pos="12.98" speed="28.06" angle="251.12" x="36.42" y="126.63"/>
        <vehicle id="cfm-slow_4" eclass="HBEFA3/PC_G_EU4" CO2="34566.66" CO="687.53" HC="4.00" NOx="15.49" PMx="0.89" fuel="14.86" electricity="0.00" noise="85.31" route="routetop" type="cfm-slow" waiting="0.00" lane="top_0" pos="37.06" speed="32.32" angle="207.78" x="0.66" y="90.83"/>
        <vehicle id="cfm-slow_5" eclass="HBEFA3/PC_G_EU4" CO2="0.00" CO="0.00" HC="0.00" NOx="0.00" PMx="0.00" fuel="0.00" electricity="0.00" noise="75.59" route="routetop" type="cfm-slow" waiting="0.00" lane="left_0" pos="15.43" speed="34.86" angle="156.71" x="2.98" y="31.65"/>
    </timestep>
    <timestep time="3.86">
        <vehicle id="cfm-fast_0" eclass="HBEFA3/PC_G_EU4" CO2="74373.07" CO="1611.52" HC="9.21" NOx="34.11" PMx="1.98" fuel="31.97" electricity="0.00" noise="101.12" route="routetop" type="cfm-fast" waiting="0.00" lane="left_1" pos="37.33" speed="40.51" angle="117.33" x="38.34" y="3.46"/>
        <vehicle id="cfm-fast_1" eclass="HBEFA3/PC_G_EU4" CO2="0.00" CO="0.00" HC="0.00" NOx="0.00" PMx="0.00" fuel="0.00" electricity="0.00" noise="73.24" route="routetop" type="cfm-fast" waiting="0.00" lane="left_0" pos="47.78" speed="32.24" angle="98.59" x="58.79" y="-4.77"/>
        <vehicle id="cfm-fast_2" eclass="HBEFA3/PC_G_EU4" CO2="125197.69" CO="2728.85" HC="15.57" NOx="58.01" PMx="3.34" fuel="53.82" electricity="0.00" noise="119.11" route="routebottom" type="cfm-fast" waiting="0.00" lane="bottom_1" pos="21.56" speed="44.48" angle="55.64" x="104.58" y="12.78"/>
        <vehicle id="cfm-fast_3" eclass="HBEFA3/PC_G_EU4" CO2="0.00" CO="0.00" HC="0.00" NOx="0.00" PMx="0.00" fuel="0.00" electricity="0.00" noise="70.91" route="routebottom" type="cfm-fast" waiting="0.00" lane="bottom_0" pos="23.21" speed="27.39" angle="52.68" x="109.38" y="12.52"/>
        <vehicle id="cfm-fast_4" eclass="HBEFA3/PC_G_EU4" CO2="202954.84" CO="4506.06" HC="25.61" NOx="94.57" PMx="5.45" fuel="87.24" electricity="0.00" noise="140.05" route="routebottom" type="cfm-fast" waiting="0.00" lane="right_1" pos="10.01" speed="52.24" angle="346.48" x="125.77" y="83.88"/>
        <vehicle id="cfm-fast_5" eclass="HBEFA3/PC_G_EU4" CO2="0.00" CO="0.00" HC="0.00" NOx="0.00" PMx="0.00" fuel="0.00" electricity="0.00" noise="69.50" route="routebottom" type="cfm-fast" waiting="0.00" lane="bottom_0" pos="43.63" speed="22.61" angle="16.07" x="130.89" y="49.96"/>
        <vehicle id="cfm-slow_0" eclass="HBEFA3/PC_G_EU4" CO2="12554.43" CO="182.30" HC="1.14" NOx="5.35" PMx="0.28" fuel="5.40" electricity="0.00" noise="73.53" route="routebottom" type="cfm-slow" waiting="0.00" lane="right_0" pos="8.52" speed="20.91" angle="349.07" x="129.81" y="81.86"/>
        <vehicle id="cfm-slow_1" eclass="HBEFA3/PC_G_EU4" CO2="19783.06" CO="331.44" HC="2.00" NOx="8.74" PMx="0.47" fuel="8.50" electricity="0.00" noise="78.35" route="routebottom" type="cfm-slow" waiting="0.00" lane="right_0" pos="25.13" speed="22.06" angle="319.25" x="111.97" y="112.36"/>
        <vehicle id="cfm-slow_2" eclass="HBEFA3/PC_G_EU4" CO2="30747.32" CO="561.22" HC="3.32" NOx="13.86" PMx="0.76" fuel="13.22" electricity="0.00" noise="85.19" route="routebottom" type="cfm-slow" waiting="0.00" lane="right_0" pos="42.97" speed="24.39" angle="287.22" x="78.75" y="130.58"/>
        <vehicle id="cfm-slow_3" eclass="HBEFA3/PC_G_EU4" CO2="40356.64" CO="774.88" HC="4.53" NOx="18.31" PMx="1.02" fuel="17.35" electricity="0.00" noise="89.62" route="routetop" type="cfm-slow" waiting="0.00" lane="top_0" pos="13.26" speed="28.11" angle="250.61" x="35.87" y="126.38"/>
        <vehicle id="cfm-slow_4" eclass="HBEFA3/PC_G_EU4" CO2="34266.17" CO="681.65" HC="3.96" NOx="15.35" PMx="0.88" fuel="14.73" electricity="0.00" noise="85.16" route="routetop" type="cfm-slow" waiting="0.00" lane="top_0" pos="37.39" speed="32.35" angle="207.26" x="0.39" y="90.19"/>
        <vehicle id="cfm-slow_5" eclass="HBEFA3/PC_G_EU4" CO2="0.00" CO="0.00" HC="0.00" NOx="0.00" PMx="0.00" fuel="0.00" electricity="0.00" noise="75.54" route="routetop" type="cfm-slow" waiting="0.00" lane="left_0" pos="15.78" speed="34.86" angle="156.06" x="3.34" y="30.99"/>
    </timestep>
    <timestep time="3.87">
        <vehicle id="cfm-fast_0" eclass="HBEFA3/PC_G_EU4" CO2="74650.28" CO="1618.21" HC="9.25" NOx="34.24" PMx="1.99" fuel="32.09" electricity="0.00" noise="101.21" route="routetop" type="cfm-fast" waiting="0.00" lane="left_1" pos="37.74" speed="40.57" angle="116.57" x="39.11" y="3.16"/>
        <vehicle id="cfm-fast_1" eclass="HBEFA3/PC_G_EU4" CO2="0.00" CO="0.00" HC="0.00" NOx="0.00" PMx="0.00" fuel="0.00" electricity="0.00" noise="73.23" route="routetop" type="cfm-fast" waiting="0.00" lane="left_0" pos="48.10" speed="32.21" angle="97.97" x="59.49" y="-4.81"/>
        <vehicle id="cfm-fast_2" eclass="HBEFA3/PC_G_EU4" CO2="125704.63" CO="2741.20" HC="15.64" NOx="58.25" PMx="3.35" fuel="54.03" electricity="0.00" noise="119.24" route="routebottom" type="cfm-fast" waiting="0.00" lane="bottom_1" pos="22.00" speed="44.58" angle="54.88" x="105.29" y="13.35"/>
        <vehicle id="cfm-fast_3" eclass="HBEFA3/PC_G_EU4" CO2="0.00" CO="0.00" HC="0.00" NOx="0.00" PMx="0.00" fuel="0.00" electricity="0.00" noise="70.89" route="routebottom" type="cfm-fast" waiting="0.00" lane="bottom_0" pos="23.49" speed="27.37" angle="52.19" x="109.82" y="12.92"/>
        <vehicle id="cfm-fast_4" eclass="HBEFA3/PC_G_EU4" CO2="203533.85" CO="4521.54" HC="25.70" NOx="94.84" PMx="5.46" fuel="87.49" electricity="0.00" noise="140.11" route="routebottom" type="cfm-fast" waiting="0.00" lane="right_1" pos="10.53" speed="52.38" angle="345.55" x="125.42" y="84.89"/>
        <vehicle id="cfm-fast_5" eclass="HBEFA3/PC_G_EU4" CO2="0.00" CO="0.00" HC="0.00" NOx="0.00" PMx="0.00" fuel="0.00" electricity="0.00" noise="69.50" route="routebottom" type="cfm-fast" waiting="0.00" lane="bottom_0" pos="43.86" speed="22.61" angle="15.64" x="130.98" y="50.44"/>
        <vehicle id="cfm-slow_0" eclass="HBEFA3/PC_G_EU4" CO2="12594.75" CO="183.12" HC="1.14" NOx="5.37" PMx="0.28" fuel="5.41" electricity="0.00" noise="73.56" route="routebottom" type="cfm-slow" waiting="0.00" lane="right_0" pos="8.73" speed="20.92" angle="348.69" x="129.69" y="82.30"/>
        <vehicle id="cfm-slow_1" eclass="HBEFA3/PC_G_EU4" CO2="19856.11" CO="332.97" HC="2.01" NOx="8.77" PMx="0.47" fuel="8.54" electricity="0.00" noise="78.40" route="routebottom" type="cfm-slow" waiting="0.00" lane="right_0" pos="25.35" speed="22.09" angle="318.83" x="111.63" y="112.70"/>
        <vehicle id="cfm-slow_2" eclass="HBEFA3/PC_G_EU4" CO2="30811.86" CO="562.67" HC="3.33" NOx="13.89" PMx="0.76" fuel="13.24" electricity="0.00" noise="85.22" route="routebottom" type="cfm-slow" waiting="0.00" lane="right_0" pos="43.22" speed="24.44" angle="286.78" x="78.24" y="130.70"/>
        <vehicle id="cfm-slow_3" eclass="HBEFA3/PC_G_EU4" CO2="40292.29" CO="773.83" HC="4.53" NOx="18.28" PMx="1.02" fuel="17.32" electricity="0.00" noise="89.56" route="routetop" type="cfm-slow" waiting="0.00" lane="top_0" pos="13.54" speed="28.15" angle="250.09" x="35.31" y="126.13"/>
        <vehicle id="cfm-slow_4" eclass="HBEFA3/PC_G_EU4" CO2="33964.94" CO="675.75" HC="3.93" NOx="15.20" PMx="0.87" fuel="14.60" electricity="0.00" noise="85.01" route="routetop" type="cfm-slow" waiting="0.00" lane="top_0" pos="37.71" speed="32.38" angle="206.66" x="0.13" y="89.54"/>
        <vehicle id="cfm-slow_5" eclass="HBEFA3/PC_G_EU4" CO2="0.00" CO="0.00" HC="0.00" NOx="0.00" PMx="0.00" fuel="0.00" electricity="0.00" noise="75.49" route="routetop" type="cfm-slow" waiting="0.00" lane="left_0" pos="16.13" speed="34.85" angle="155.42" x="3.70" y="30.34"/>
    </timestep>
    <timestep time="3.88">
        <vehicle id="cfm-fast_0" eclass="HBEFA3/PC_G_EU4" CO2="74930.77" CO="1624.98" HC="9.29" NOx="34.37" PMx="1.99" fuel="32.21" electricity="0.00" noise="101.31" route="routetop" type="cfm-fast" waiting="0.00" lane="left_1" pos="38.15" speed="40.63" angle="115.81" x="39.89" y="2.85"/>
        <vehicle id="cfm-fast_1" eclass="HBEFA3/PC_G_EU4" CO2="0.00" CO="0.00" HC="0.00" NOx="0.00" PMx="0.00" fuel="0.00" electricity="0.00" noise="73.21" route="routetop" type="cfm-fast" waiting="0.00" lane="left_0" pos="48.42" speed="32.19" angle="97.35" x="60.18" y="-4.85"/>
        <vehicle id="cfm-fast_2" eclass="HBEFA3/PC_G_EU4" CO2="126213.55" CO="2753.59" HC="15.71" NOx="58.49" PMx="3.37" fuel="54.25" electricity="0.00" noise="119.36" route="routebottom" type="cfm-fast" waiting="0.00" lane="bottom_1" pos="22.45" speed="44.68" angle="54.07" x="105.99" y="13.94"/>
        <vehicle id="cfm-fast_3" eclass="HBEFA3/PC_G_EU4" CO2="0.00" CO="0.00" HC="0.00" NOx="0.00" PMx="0.00" fuel="0.00" electricity="0.00" noise="70.88" route="routebottom" type="cfm-fast" waiting="0.00" lane="bottom_0" pos="23.76" speed="27.34" angle="51.69" x="110.25" y="13.31"/>
        <vehicle id="cfm-fast_4" eclass="HBEFA3/PC_G_EU4" CO2="204113.14" CO="4537.03" HC="25.78" NOx="95.11" PMx="5.48" fuel="87.74" electricity="0.00" noise="140.18" route="routebottom" type="cfm-fast" waiting="0.00" lane="right_1" pos="11.06" speed="52.51" angle="344.53" x="125.05" y="85.91"/>
        <vehicle id="cfm-fast_5" eclass="HBEFA3/PC_G_EU4" CO2="0.00" CO="0.00" HC="0.00" NOx="0.00" PMx="0.00" fuel="0.00" electricity="0.00" noise="69.51" route="routebottom" type="cfm-fast" waiting="0.00" lane="bottom_0" pos="44.08" speed="22.60" angle="15.21" x="131.07" y="50.92"/>
        <vehicle id="cfm-slow_0" eclass="HBEFA3/PC_G_EU4" CO2="12635.59" CO="183.96" HC="1.15" NOx="5.39" PMx="0.28" fuel="5.43" electricity="0.00" noise="73.59" route="routebottom" type="cfm-slow" waiting="0.00" lane="right_0" pos="8.94" speed="20.94" angle="348.36" x="129.57" y="82.73"/>
        <vehicle id="cfm-slow_1" eclass="HBEFA3/PC_G_EU4" CO2="19929.31" CO="334.50" HC="2.02" NOx="8.81" PMx="0.47" fuel="8.57" electricity="0.00" noise="78.44" route="routebottom" type="cfm-slow" waiting="0.00" lane="right_0" pos="25.57" speed="22.12" angle="318.45" x="111.30" y="113.03"/>
        <vehicle id="cfm-slow_2" eclass="HBEFA3/PC_G_EU4" CO2="30875.56" CO="564.09" HC="3.34" NOx="13.92" PMx="0.76" fuel="13.27" electricity="0.00" noise="85.24" route="routebottom" type="cfm-slow" waiting="0.00" lane="right_0" pos="43.46" speed="24.48" angle="286.33" x="77.73" y="130.81"/>
        <vehicle id="cfm-slow_3" eclass="HBEFA3/PC_G_EU4" CO2="40226.00" CO="772.75" HC="4.52" NOx="18.25" PMx="1.02" fuel="17.29" electricity="0.00" noise="89.50" route="routetop" type="cfm-slow" waiting="0.00" lane="top_0" pos="13.82" speed="28.20" angle="249.58" x="34.76" y="125.89"/>
        <vehicle id="cfm-slow_4" eclass="HBEFA3/PC_G_EU4" CO2="33663.01" CO="669.84" HC="3.90" NOx="15.06" PMx="0.86" fuel="14.47" electricity="0.00" noise="84.86" route="routetop" type="cfm-slow" waiting="0.00" lane="top_0" pos="38.03" speed="32.41" angle="206.06" x="-0.13" y="88.90"/>
        <vehicle id="cfm-slow_5" eclass="HBEFA3/PC_G_EU4" CO2="0.00" CO="0.00" HC="0.00" NOx="0.00" PMx="0.00" fuel="0.00" electricity="0.00" noise="75.45" route="routetop" type="cfm-slow" waiting="0.00" lane="left_0" pos="16.48" speed="34.85" angle="154.78" x="4.06" y="29.68"/>
    </timestep>
    <timestep time="3.89">
        <vehicle id="cfm-fast_0" eclass="HBEFA3/PC_G_EU4" CO2="75214.55" CO="1631.82" HC="9.32" NOx="34.50" PMx="2.00" fuel="32.33" electricity="0.00" noise="101.40" route="routetop" type="cfm-fast" waiting="0.00" lane="left_1" pos="38.55" speed="40.69" angle="115.10" x="40.66" y="2.54"/>
        <vehicle id="cfm-fast_1" eclass="HBEFA3/PC_G_EU4" CO2="0.00" CO="0.00" HC="0.00" NOx="0.00" PMx="0.00" fuel="0.00" electricity="0.00" noise="73.20" route="routetop" type="cfm-fast" waiting="0.00" lane="left_0" pos="48.74" speed="32.16" angle="96.79" x="60.87" y="-4.89"/>
        <vehicle id="cfm-fast_2" eclass="HBEFA3/PC_G_EU4" CO2="126724.45" CO="2766.04" HC="15.78" NOx="58.73" PMx="3.38" fuel="54.47" electricity="0.00" noise="119.49" route="routebottom" type="cfm-fast" waiting="0.00" lane="bottom_1" pos="22.90" speed="44.78" angle="53.25" x="106.69" y="14.54"/>
        <vehicle id="cfm-fast_3" eclass="HBEFA3/PC_G_EU4" CO2="0.00" CO="0.00" HC="0.00" NOx="0.00" PMx="0.00" fuel="0.00" electricity="0.00" noise="70.87" route="routebottom" type="cfm-fast" waiting="0.00" lane="bottom_0" pos="24.04" speed="27.32" angle="51.20" x="110.68" y="13.71"/>
        <vehicle id="cfm-fast_4" eclass="HBEFA3/PC_G_EU4" CO2="204692.73" CO="4552.54" HC="25.87" NOx="95.38" PMx="5.50" fuel="87.99" electricity="0.00" noise="140.25" route="routebottom" type="cfm-fast" waiting="0.00" lane="right_1" pos="11.58" speed="52.65" angle="343.59" x="124.68" y="86.92"/>
        <vehicle id="cfm-fast_5" eclass="HBEFA3/PC_G_EU4" CO2="0.00" CO="0.00" HC="0.00" NOx="0.00" PMx="0.00" fuel="0.00" electricity="0.00" noise="69.52" route="routebottom" type="cfm-fast" waiting="0.00" lane="bottom_0" pos="44.31" speed="22.60" angle="14.78" x="131.16" y="51.40"/>
        <vehicle id="cfm-slow_0" eclass="HBEFA3/PC_G_EU4" CO2="12676.92" CO="184.81" HC="1.15" NOx="5.41" PMx="0.28" fuel="5.45" electricity="0.00" noise="73.62" route="routebottom" type="cfm-slow" waiting="0.00" lane="right_0" pos="9.15" speed="20.96" angle="347.98" x="129.44" y="83.16"/>
        <vehicle id="cfm-slow_1" eclass="HBEFA3/PC_G_EU4" CO2="20002.65" CO="336.03" HC="2.02" NOx="8.84" PMx="0.47" fuel="8.60" electricity="0.00" noise="78.49" route="routebottom" type="cfm-slow" waiting="0.00" lane="right_0" pos="25.79" speed="22.15" angle="318.08" x="110.95" y="113.36"/>
        <vehicle id="cfm-slow_2" eclass="HBEFA3/PC_G_EU4" CO2="30938.42" CO="565.50" HC="3.34" NOx="13.95" PMx="0.76" fuel="13.30" electricity="0.00" noise="85.27" route="routebottom" type="cfm-slow" waiting="0.00" lane="right_0" pos="43.71" speed="24.52" angle="285.93" x="77.21" y="130.92"/>
        <vehicle id="cfm-slow_3" eclass="HBEFA3/PC_G_EU4" CO2="40157.79" CO="771.62" HC="4.52" NOx="18.21" PMx="1.02" fuel="17.26" electricity="0.00" noise="89.44" route="routetop" type="cfm-slow" waiting="0.00" lane="top_0" pos="14.11" speed="28.25" angle="249.12" x="34.20" y="125.64"/>
        <vehicle id="cfm-slow_4" eclass="HBEFA3/PC_G_EU4" CO2="33360.42" CO="663.91" HC="3.86" NOx="14.92" PMx="0.86" fuel="14.34" electricity="0.00" noise="84.71" route="routetop" type="cfm-slow" waiting="0.00" lane="top_0" pos="38.36" speed="32.44" angle="205.47" x="-0.39" y="88.25"/>
        <vehicle id="cfm-slow_5" eclass="HBEFA3/PC_G_EU4" CO2="0.00" CO="0.00" HC="0.00" NOx="0.00" PMx="0.00" fuel="0.00" electricity="0.00" noise="75.40" route="routetop" type="cfm-slow" waiting="0.00" lane="left_0" pos="16.83" speed="34.84" angle="154.20" x="4.44" y="29.03"/>
    </timestep>
    <timestep time="3.90">
        <vehicle id="cfm-fast_0" eclass="HBEFA3/PC_G_EU4" CO2="75501.57" CO="1638.73" HC="9.36" NOx="34.63" PMx="2.01" fuel="32.45" electricity="0.00" noise="101.50" route="routetop" type="cfm-fast" waiting="0.00" lane="left_1" pos="38.96" speed="40.75" angle="114.35" x="41.45" y="2.26"/>
        <vehicle id="cfm-fast_1" eclass="HBEFA3/PC_G_EU4" CO2="0.00" CO="0.00" HC="0.00" NOx="0.00" PMx="0.00" fuel="0.00" electricity="0.00" noise="73.18" route="routetop" type="cfm-fast" waiting="0.00" lane="left_0" pos="49.07" speed="32.14" angle="96.21" x="61.56" y="-4.90"/>
        <vehicle id="cfm-fast_2" eclass="HBEFA3/PC_G_EU4" CO2="127237.30" CO="2778.53" HC="15.85" NOx="58.97" PMx="3.39" fuel="54.69" electricity="0.00" noise="119.61" route="routebottom" type="cfm-fast" waiting="0.00" lane="bottom_1" pos="23.35" speed="44.88" angle="52.51" x="107.38" y="15.15"/>
        <vehicle id="cfm-fast_3" eclass="HBEFA3/PC_G_EU4" CO2="0.00" CO="0.00" HC="0.00" NOx="0.00" PMx="0.00" fuel="0.00" electricity="0.00" noise="70.85" route="routebottom" type="cfm-fast" waiting="0.00" lane="bottom_0" pos="24.31" speed="27.29" angle="50.74" x="111.11" y="14.11"/>
        <vehicle id="cfm-fast_4" eclass="HBEFA3/PC_G_EU4" CO2="205272.61" CO="4568.08" HC="25.96" NOx="95.65" PMx="5.51" fuel="88.24" electricity="0.00" noise="140.31" route="routebottom" type="cfm-fast" waiting="0.00" lane="right_1" pos="12.11" speed="52.78" angle="342.66" x="124.28" y="87.92"/>
        <vehicle id="cfm-fast_5" eclass="HBEFA3/PC_G_EU4" CO2="0.00" CO="0.00" HC="0.00" NOx="0.00" PMx="0.00" fuel="0.00" electricity="0.00" noise="69.52" route="routebottom" type="cfm-fast" waiting="0.00" lane="bottom_0" pos="44.54" speed="22.59" angle="14.36" x="131.25" y="51.87"/>
        <vehicle id="cfm-slow_0" eclass="HBEFA3/PC_G_EU4" CO2="12718.76" CO="185.67" HC="1.16" NOx="5.43" PMx="0.28" fuel="5.47" electricity="0.00" noise="73.64" route="routebottom" type="cfm-slow" waiting="0.00" lane="right_0" pos="9.35" speed="20.97" angle="347.61" x="129.31" y="83.59"/>
        <vehicle id="cfm-slow_1" eclass="HBEFA3/PC_G_EU4" CO2="20076.12" CO="337.57" HC="2.03" NOx="8.87" PMx="0.48" fuel="8.63" electricity="0.00" noise="78.53" route="routebottom" type="cfm-slow" waiting="0.00" lane="right_0" pos="26.02" speed="22.18" angle="317.68" x="110.60" y="113.69"/>
        <vehicle id="cfm-slow_2" eclass="HBEFA3/PC_G_EU4" CO2="31000.42" CO="566.90" HC="3.35" NOx="13.97" PMx="0.77" fuel="13.33" electricity="0.00" noise="85.29" route="routebottom" type="cfm-slow" waiting="0.00" lane="right_0" pos="43.95" speed="24.56" angle="285.46" x="76.69" y="131.02"/>
        <vehicle id="cfm-slow_3" eclass="HBEFA3/PC_G_EU4" CO2="40087.64" CO="770.46" HC="4.51" NOx="18.18" PMx="1.01" fuel="17.23" electricity="0.00" noise="89.38" route="routetop" type="cfm-slow" waiting="0.00" lane="top_0" pos="14.39" speed="28.30" angle="248.58" x="33.66" y="125.36"/>
        <vehicle id="cfm-slow_4" eclass="HBEFA3/PC_G_EU4" CO2="33057.19" CO="657.96" HC="3.83" NOx="14.77" PMx="0.85" fuel="14.21" electricity="0.00" noise="84.56" route="routetop" type="cfm-slow" waiting="0.00" lane="top_0" pos="38.68" speed="32.48" angle="204.92" x="-0.63" y="87.59"/>
        <vehicle id="cfm-slow_5" eclass="HBEFA3/PC_G_EU4" CO2="0.00" CO="0.00" HC="0.00" NOx="0.00" PMx="0.00" fuel="0.00" electricity="0.00" noise="75.36" route="routetop" type="cfm-slow" waiting="0.00" lane="left_0" pos="17.18" speed="34.84" angle="153.56" x="4.82" y="28.39"/>
    </timestep>
    <timestep time="3.91">
        <vehicle id="cfm-fast_0" eclass="HBEFA3/PC_G_EU4" CO2="75791.83" CO="1645.72" HC="9.40" NOx="34.77" PMx="2.02" fuel="32.58" electricity="0.00" noise="101.59" route="routetop" type="cfm-fast" waiting="0.00" lane="left_1" pos="39.37" speed="40.81" angle="113.60" x="42.24" y="1.98"/>
        <vehicle id="cfm-fast_1" eclass="HBEFA3/PC_G_EU4" CO2="0.00" CO="0.00" HC="0.00" NOx="0.00" PMx="0.00" fuel="0.00" electricity="0.00" noise="73.17" route="routetop" type="cfm-fast" waiting="0.00" lane="left_0" pos="49.39" speed="32.11" angle="95.62" x="62.25" y="-4.92"/>
        <vehicle id="cfm-fast_2" eclass="HBEFA3/PC_G_EU4" CO2="127752.07" CO="2791.08" HC="15.92" NOx="59.21" PMx="3.41" fuel="54.91" electricity="0.00" noise="119.74" route="routebottom" type="cfm-fast" waiting="0.00" lane="bottom_1" pos="23.80" speed="44.97" angle="51.70" x="108.06" y="15.78"/>
        <vehicle id="cfm-fast_3" eclass="HBEFA3/PC_G_EU4" CO2="0.00" CO="0.00" HC="0.00" NOx="0.00" PMx="0.00" fuel="0.00" electricity="0.00" noise="70.84" route="routebottom" type="cfm-fast" waiting="0.00" lane="bottom_0" pos="24.58" speed="27.27" angle="50.26" x="111.53" y="14.52"/>
        <vehicle id="cfm-fast_4" eclass="HBEFA3/PC_G_EU4" CO2="205852.78" CO="4583.63" HC="26.04" NOx="95.92" PMx="5.53" fuel="88.49" electricity="0.00" noise="140.38" route="routebottom" type="cfm-fast" waiting="0.00" lane="right_1" pos="12.64" speed="52.92" angle="341.73" x="123.88" y="88.93"/>
        <vehicle id="cfm-fast_5" eclass="HBEFA3/PC_G_EU4" CO2="0.00" CO="0.00" HC="0.00" NOx="0.00" PMx="0.00" fuel="0.00" electricity="0.00" noise="69.53" route="routebottom" type="cfm-fast" waiting="0.00" lane="bottom_0" pos="44.76" speed="22.59" angle="13.93" x="131.33" y="52.35"/>
        <vehicle id="cfm-slow_0" eclass="HBEFA3/PC_G_EU4" CO2="12761.09" CO="186.54" HC="1.16" NOx="5.45" PMx="0.28" fuel="5.49" electricity="0.00" noise="73.67" route="routebottom" type="cfm-slow" waiting="0.00" lane="right_0" pos="9.56" speed="20.99" angle="347.23" x="129.17" y="84.02"/>
        <vehicle id="cfm-slow_1" eclass="HBEFA3/PC_G_EU4" CO2="20149.71" CO="339.11" HC="2.04" NOx="8.91" PMx="0.48" fuel="8.66" electricity="0.00" noise="78.58" route="routebottom" type="cfm-slow" waiting="0.00" lane="right_0" pos="26.24" speed="22.21" angle="317.27" x="110.25" y="114.01"/>
        <vehicle id="cfm-slow_2" eclass="HBEFA3/PC_G_EU4" CO2="31061.56" CO="568.28" HC="3.36" NOx="14.00" PMx="0.77" fuel="13.35" electricity="0.00" noise="85.32" route="routebottom" type="cfm-slow" waiting="0.00" lane="right_0" pos="44.20" speed="24.60" angle="284.99" x="76.17" y="131.11"/>
        <vehicle id="cfm-slow_3" eclass="HBEFA3/PC_G_EU4" CO2="40015.58" CO="769.26" HC="4.50" NOx="18.14" PMx="1.01" fuel="17.20" electricity="0.00" noise="89.32" route="routetop" type="cfm-slow" waiting="0.00" lane="top_0" pos="14.67" speed="28.34" angle="248.04" x="33.12" y="125.09"/>
        <vehicle id="cfm-slow_4" eclass="HBEFA3/PC_G_EU4" CO2="32753.35" CO="651.99" HC="3.79" NOx="14.63" PMx="0.84" fuel="14.08" electricity="0.00" noise="84.41" route="routetop" type="cfm-slow" waiting="0.00" lane="top_0" pos="39.01" speed="32.51" angle="204.32" x="-0.87" y="86.94"/>
        <vehicle id="cfm-slow_5" eclass="HBEFA3/PC_G_EU4" CO2="0.00" CO="0.00" HC="0.00" NOx="0.00" PMx="0.00" fuel="0.00" electricity="0.00" noise="75.32" route="routetop" type="cfm-slow" waiting="0.00" lane="left_0" pos="17.53" speed="34.83" angle="152.91" x="5.21" y="27.75"/>
    </timestep>
    <timestep time="3.92">
        <vehicle id="cfm-fast_0" eclass="HBEFA3/PC_G_EU4" CO2="76085.30" CO="1652.77" HC="9.44" NOx="34.91" PMx="2.03" fuel="32.71" electricity="0.00" noise="101.69" route="routetop" type="cfm-fast" waiting="0.00" lane="left_1" pos="39.78" speed="40.87" angle="112.92" x="43.03" y="1.70"/>
        <vehicle id="cfm-fast_1" eclass="HBEFA3/PC_G_EU4" CO2="0.00" CO="0.00" HC="0.00" NOx="0.00" PMx="0.00" fuel="0.00" electricity="0.00" noise="73.15" route="routetop" type="cfm-fast" waiting="0.00" lane="left_0" pos="49.71" speed="32.09" angle="95.04" x="62.94" y="-4.94"/>
        <vehicle id="cfm-fast_2" eclass="HBEFA3/PC_G_EU4" CO2="128268.76" CO="2803.68" HC="15.99" NOx="59.45" PMx="3.42" fuel="55.14" electricity="0.00" noise="119.86" route="routebottom" type="cfm-fast" waiting="0.00" lane="bottom_1" pos="24.25" speed="45.07" angle="50.90" x="108.74" y="16.40"/>
        <vehicle id="cfm-fast_3" eclass="HBEFA3/PC_G_EU4" CO2="0.00" CO="0.00" HC="0.00" NOx="0.00" PMx="0.00" fuel="0.00" electricity="0.00" noise="70.83" route="routebottom" type="cfm-fast" waiting="0.00" lane="bottom_0" pos="24.85" speed="27.24" angle="49.75" x="111.95" y="14.94"/>
        <vehicle id="cfm-fast_4" eclass="HBEFA3/PC_G_EU4" CO2="206433.24" CO="4599.21" HC="26.13" NOx="96.19" PMx="5.55" fuel="88.74" electricity="0.00" noise="140.44" route="routebottom" type="cfm-fast" waiting="0.00" lane="right_1" pos="13.17" speed="53.06" angle="340.80" x="123.45" y="89.93"/>
        <vehicle id="cfm-fast_5" eclass="HBEFA3/PC_G_EU4" CO2="0.00" CO="0.00" HC="0.00" NOx="0.00" PMx="0.00" fuel="0.00" electricity="0.00" noise="69.54" route="routebottom" type="cfm-fast" waiting="0.00" lane="bottom_0" pos="44.99" speed="22.59" angle="13.58" x="131.41" y="52.83"/>
        <vehicle id="cfm-slow_0" eclass="HBEFA3/PC_G_EU4" CO2="12803.91" CO="187.42" HC="1.17" NOx="5.47" PMx="0.29" fuel="5.50" electricity="0.00" noise="73.70" route="routebottom" type="cfm-slow" waiting="0.00" lane="right_0" pos="9.77" speed="21.01" angle="346.85" x="129.04" y="84.46"/>
        <vehicle id="cfm-slow_1" eclass="HBEFA3/PC_G_EU4" CO2="20223.40" CO="340.65" HC="2.05" NOx="8.94" PMx="0.48" fuel="8.69" electricity="0.00" noise="78.63" route="routebottom" type="cfm-slow" waiting="0.00" lane="right_0" pos="26.46" speed="22.24" angle="316.87" x="109.90" y="114.34"/>
        <vehicle id="cfm-slow_2" eclass="HBEFA3/PC_G_EU4" CO2="31121.82" CO="569.64" HC="3.37" NOx="14.03" PMx="0.77" fuel="13.38" electricity="0.00" noise="85.34" route="routebottom" type="cfm-slow" waiting="0.00" lane="right_0" pos="44.44" speed="24.65" angle="284.52" x="75.65" y="131.21"/>
        <vehicle id="cfm-slow_3" eclass="HBEFA3/PC_G_EU4" CO2="39941.61" CO="768.02" HC="4.49" NOx="18.11" PMx="1.01" fuel="17.17" electricity="0.00" noise="89.25" route="routetop" type="cfm-slow" waiting="0.00" lane="top_0" pos="14.96" speed="28.39" angle="247.50" x="32.57" y="124.81"/>
        <vehicle id="cfm-slow_4" eclass="HBEFA3/PC_G_EU4" CO2="32448.94" CO="646.01" HC="3.76" NOx="14.48" PMx="0.83" fuel="13.95" electricity="0.00" noise="84.26" route="routetop" type="cfm-slow" waiting="0.00" lane="top_0" pos="39.33" speed="32.54" angle="203.72" x="-1.11" y="86.28"/>
        <vehicle id="cfm-slow_5" eclass="HBEFA3/PC_G_EU4" CO2="0.00" CO="0.00" HC="0.00" NOx="0.00" PMx="0.00" fuel="0.00" electricity="0.00" noise="75.28" route="routetop" type="cfm-slow" waiting="0.00" lane="left_0" pos="17.87" speed="34.83" angle="152.31" x="5.60" y="27.10"/>
    </timestep>
    <timestep time="3.93">
        <vehicle id="cfm-fast_0" eclass="HBEFA3/PC_G_EU4" CO2="76381.96" CO="1659.90" HC="9.48" NOx="35.05" PMx="2.03" fuel="32.83" electricity="0.00" noise="101.79" route="routetop" type="cfm-fast" waiting="0.00" lane="left_1" pos="40.19" speed="40.94" angle="112.15" x="43.83" y="1.45"/>
        <vehicle id="cfm-fast_1" eclass="HBEFA3/PC_G_EU4" CO2="0.00" CO="0.00" HC="0.00" NOx="0.00" PMx="0.00" fuel="0.00" electricity="0.00" noise="73.14" route="routebottom" type="cfm-fast" waiting="0.00" lane="bottom_0" pos="0.03" speed="32.06" angle="94.42" x="63.82" y="-4.95"/>
        <vehicle id="cfm-fast_2" eclass="HBEFA3/PC_G_EU4" CO2="128787.34" CO="2816.33" HC="16.06" NOx="59.69" PMx="3.44" fuel="55.36" electricity="0.00" noise="119.99" route="routebottom" type="cfm-fast" waiting="0.00" lane="bottom_1" pos="24.70" speed="45.17" angle="50.10" x="109.40" y="17.05"/>
        <vehicle id="cfm-fast_3" eclass="HBEFA3/PC_G_EU4" CO2="0.00" CO="0.00" HC="0.00" NOx="0.00" PMx="0.00" fuel="0.00" electricity="0.00" noise="70.81" route="routebottom" type="cfm-fast" waiting="0.00" lane="bottom_0" pos="25.13" speed="27.22" angle="49.25" x="112.36" y="15.35"/>
        <vehicle id="cfm-fast_4" eclass="HBEFA3/PC_G_EU4" CO2="207013.99" CO="4614.81" HC="26.21" NOx="96.47" PMx="5.56" fuel="88.98" electricity="0.00" noise="140.51" route="routebottom" type="cfm-fast" waiting="0.00" lane="right_1" pos="13.70" speed="53.19" angle="339.80" x="123.00" y="90.93"/>
        <vehicle id="cfm-fast_5" eclass="HBEFA3/PC_G_EU4" CO2="0.00" CO="0.00" HC="0.00" NOx="0.00" PMx="0.00" fuel="0.00" electricity="0.00" noise="69.55" route="routebottom" type="cfm-fast" waiting="0.00" lane="bottom_0" pos="45.21" speed="22.58" angle="13.17" x="131.48" y="53.31"/>
        <vehicle id="cfm-slow_0" eclass="HBEFA3/PC_G_EU4" CO2="12847.21" CO="188.31" HC="1.17" NOx="5.49" PMx="0.29" fuel="5.52" electricity="0.00" noise="73.73" route="routebottom" type="cfm-slow" waiting="0.00" lane="right_0" pos="9.99" speed="21.03" angle="346.47" x="128.91" y="84.89"/>
        <vehicle id="cfm-slow_1" eclass="HBEFA3/PC_G_EU4" CO2="20297.20" CO="342.20" HC="2.06" NOx="8.98" PMx="0.48" fuel="8.72" electricity="0.00" noise="78.67" route="routebottom" type="cfm-slow" waiting="0.00" lane="right_0" pos="26.68" speed="22.26" angle="316.46" x="109.55" y="114.66"/>
        <vehicle id="cfm-slow_2" eclass="HBEFA3/PC_G_EU4" CO2="31181.19" CO="570.99" HC="3.37" NOx="14.06" PMx="0.77" fuel="13.40" electricity="0.00" noise="85.36" route="routebottom" type="cfm-slow" waiting="0.00" lane="right_0" pos="44.69" speed="24.69" angle="284.05" x="75.13" y="131.30"/>
        <vehicle id="cfm-slow_3" eclass="HBEFA3/PC_G_EU4" CO2="39865.73" CO="766.74" HC="4.49" NOx="18.07" PMx="1.01" fuel="17.14" electricity="0.00" noise="89.19" route="routetop" type="cfm-slow" waiting="0.00" lane="top_0" pos="15.24" speed="28.44" angle="246.96" x="32.02" y="124.54"/>
        <vehicle id="cfm-slow_4" eclass="HBEFA3/PC_G_EU4" CO2="32143.98" CO="640.02" HC="3.72" NOx="14.34" PMx="0.83" fuel="13.82" electricity="0.00" noise="84.11" route="routetop" type="cfm-slow" waiting="0.00" lane="top_0" pos="39.66" speed="32.57" angle="203.13" x="-1.34" y="85.62"/>
        <vehicle id="cfm-slow_5" eclass="HBEFA3/PC_G_EU4" CO2="0.00" CO="0.00" HC="0.00" NOx="0.00" PMx="0.00" fuel="0.00" electricity="0.00" noise="75.24" route="routetop" type="cfm-slow" waiting="0.00" lane="left_0" pos="18.22" speed="34.82" angle="151.70" x="6.00" y="26.48"/>
    </timestep>
    <timestep time="3.94">
        <vehicle id="cfm-fast_0" eclass="HBEFA3/PC_G_EU4" CO2="76681.80" CO="1667.10" HC="9.52" NOx="35.19" PMx="2.04" fuel="32.96" electricity="0.00" noise="101.88" route="routetop" type="cfm-fast" waiting="0.00" lane="left_1" pos="40.60" speed="41.00" angle="111.39" x="44.63" y="1.20"/>
        <vehicle id="cfm-fast_1" eclass="HBEFA3/PC_G_EU4" CO2="0.00" CO="0.00" HC="0.00" NOx="0.00" PMx="0.00" fuel="0.00" electricity="0.00" noise="73.12" route="routebottom" type="cfm-fast" waiting="0.00" lane="bottom_0" pos="0.35" speed="32.04" angle="93.84" x="64.51" y="-4.93"/>
        <vehicle id="cfm-fast_2" eclass="HBEFA3/PC_G_EU4" CO2="129307.80" CO="2829.03" HC="16.13" NOx="59.94" PMx="3.45" fuel="55.58" electricity="0.00" noise="120.11" route="routebottom" type="cfm-fast" waiting="0.00" lane="bottom_1" pos="25.15" speed="45.27" angle="49.24" x="110.05" y="17.71"/>
        <vehicle id="cfm-fast_3" eclass="HBEFA3/PC_G_EU4" CO2="0.00" CO="0.00" HC="0.00" NOx="0.00" PMx="0.00" fuel="0.00" electricity="0.00" noise="70.80" route="routebottom" type="cfm-fast" waiting="0.00" lane="bottom_0" pos="25.40" speed="27.19" angle="48.74" x="112.77" y="15.76"/>
        <vehicle id="cfm-fast_4" eclass="HBEFA3/PC_G_EU4" CO2="207595.04" CO="4630.43" HC="26.30" NOx="96.74" PMx="5.58" fuel="89.23" electricity="0.00" noise="140.58" route="routebottom" type="cfm-fast" waiting="0.00" lane="right_1" pos="14.24" speed="53.33" angle="338.86" x="122.54" y="91.92"/>
        <vehicle id="cfm-fast_5" eclass="HBEFA3/PC_G_EU4" CO2="0.00" CO="0.00" HC="0.00" NOx="0.00" PMx="0.00" fuel="0.00" electricity="0.00" noise="69.56" route="routebottom" type="cfm-fast" waiting="0.00" lane="bottom_0" pos="45.44" speed="22.58" angle="12.76" x="131.55" y="53.79"/>
        <vehicle id="cfm-slow_0" eclass="HBEFA3/PC_G_EU4" CO2="12890.99" CO="189.21" HC="1.18" NOx="5.51" PMx="0.29" fuel="5.54" electricity="0.00" noise="73.76" route="routebottom" type="cfm-slow" waiting="0.00" lane="right_0" pos="10.20" speed="21.04" angle="346.14" x="128.77" y="85.32"/>
        <vehicle id="cfm-slow_1" eclass="HBEFA3/PC_G_EU4" CO2="20371.09" CO="343.75" HC="2.07" NOx="9.01" PMx="0.48" fuel="8.76" electricity="0.00" noise="78.72" route="routebottom" type="cfm-slow" waiting="0.00" lane="right_0" pos="26.91" speed="22.29" angle="316.11" x="109.19" y="114.99"/>
        <vehicle id="cfm-slow_2" eclass="HBEFA3/PC_G_EU4" CO2="31239.66" CO="572.31" HC="3.38" NOx="14.08" PMx="0.77" fuel="13.43" electricity="0.00" noise="85.38" route="routebottom" type="cfm-slow" waiting="0.00" lane="right_0" pos="44.94" speed="24.73" angle="283.67" x="74.60" y="131.40"/>
        <vehicle id="cfm-slow_3" eclass="HBEFA3/PC_G_EU4" CO2="39787.95" CO="765.42" HC="4.48" NOx="18.03" PMx="1.01" fuel="17.10" electricity="0.00" noise="89.13" route="routetop" type="cfm-slow" waiting="0.00" lane="top_0" pos="15.53" speed="28.48" angle="246.50" x="31.48" y="124.25"/>
        <vehicle id="cfm-slow_4" eclass="HBEFA3/PC_G_EU4" CO2="31838.51" CO="634.01" HC="3.69" NOx="14.19" PMx="0.82" fuel="13.69" electricity="0.00" noise="83.96" route="routetop" type="cfm-slow" waiting="0.00" lane="top_0" pos="39.99" speed="32.60" angle="202.58" x="-1.56" y="84.95"/>
        <vehicle id="cfm-slow_5" eclass="HBEFA3/PC_G_EU4" CO2="0.00" CO="0.00" HC="0.00" NOx="0.00" PMx="0.00" fuel="0.00" electricity="0.00" noise="75.20" route="routetop" type="cfm-slow" waiting="0.00" lane="left_0" pos="18.57" speed="34.81" angle="151.04" x="6.42" y="25.85"/>
    </timestep>
    <timestep time="3.95">
        <vehicle id="cfm-fast_0" eclass="HBEFA3/PC_G_EU4" CO2="76984.78" CO="1674.37" HC="9.56" NOx="35.33" PMx="2.05" fuel="33.09" electricity="0.00" noise="101.98" route="routetop" type="cfm-fast" waiting="0.00" lane="left_1" pos="41.01" speed="41.06" angle="110.68" x="45.43" y="0.95"/>
        <vehicle id="cfm-fast_1" eclass="HBEFA3/PC_G_EU4" CO2="0.00" CO="0.00" HC="0.00" NOx="0.00" PMx="0.00" fuel="0.00" electricity="0.00" noise="73.11" route="routebottom" type="cfm-fast" waiting="0.00" lane="bottom_0" pos="0.67" speed="32.01" angle="93.26" x="65.20" y="-4.92"/>
        <vehicle id="cfm-fast_2" eclass="HBEFA3/PC_G_EU4" CO2="129830.11" CO="2841.78" HC="16.20" NOx="60.18" PMx="3.47" fuel="55.81" electricity="0.00" noise="120.24" route="routebottom" type="cfm-fast" waiting="0.00" lane="bottom_1" pos="25.61" speed="45.37" angle="48.43" x="110.71" y="18.37"/>
        <vehicle id="cfm-fast_3" eclass="HBEFA3/PC_G_EU4" CO2="0.00" CO="0.00" HC="0.00" NOx="0.00" PMx="0.00" fuel="0.00" electricity="0.00" noise="70.79" route="routebottom" type="cfm-fast" waiting="0.00" lane="bottom_0" pos="25.67" speed="27.17" angle="48.30" x="113.19" y="16.18"/>
        <vehicle id="cfm-fast_4" eclass="HBEFA3/PC_G_EU4" CO2="208176.38" CO="4646.08" HC="26.39" NOx="97.01" PMx="5.60" fuel="89.48" electricity="0.00" noise="140.64" route="routebottom" type="cfm-fast" waiting="0.00" lane="right_1" pos="14.77" speed="53.47" angle="337.86" x="122.05" y="92.90"/>
        <vehicle id="cfm-fast_5" eclass="HBEFA3/PC_G_EU4" CO2="0.00" CO="0.00" HC="0.00" NOx="0.00" PMx="0.00" fuel="0.00" electricity="0.00" noise="69.56" route="routebottom" type="cfm-fast" waiting="0.00" lane="bottom_0" pos="45.67" speed="22.58" angle="12.35" x="131.62" y="54.27"/>
        <vehicle id="cfm-slow_0" eclass="HBEFA3/PC_G_EU4" CO2="12935.24" CO="190.11" HC="1.18" NOx="5.53" PMx="0.29" fuel="5.56" electricity="0.00" noise="73.79" route="routebottom" type="cfm-slow" waiting="0.00" lane="right_0" pos="10.41" speed="21.06" angle="345.76" x="128.62" y="85.75"/>
        <vehicle id="cfm-slow_1" eclass="HBEFA3/PC_G_EU4" CO2="20445.05" CO="345.30" HC="2.08" NOx="9.05" PMx="0.49" fuel="8.79" electricity="0.00" noise="78.76" route="routebottom" type="cfm-slow" waiting="0.00" lane="right_0" pos="27.13" speed="22.32" angle="315.70" x="108.83" y="115.30"/>
        <vehicle id="cfm-slow_2" eclass="HBEFA3/PC_G_EU4" CO2="31297.23" CO="573.63" HC="3.39" NOx="14.11" PMx="0.77" fuel="13.45" electricity="0.00" noise="85.40" route="routebottom" type="cfm-slow" waiting="0.00" lane="right_0" pos="45.19" speed="24.77" angle="283.22" x="74.08" y="131.47"/>
        <vehicle id="cfm-slow_3" eclass="HBEFA3/PC_G_EU4" CO2="39708.28" CO="764.07" HC="4.47" NOx="18.00" PMx="1.01" fuel="17.07" electricity="0.00" noise="89.06" route="routetop" type="cfm-slow" waiting="0.00" lane="top_0" pos="15.81" speed="28.53" angle="245.99" x="30.95" y="123.95"/>
        <vehicle id="cfm-slow_4" eclass="HBEFA3/PC_G_EU4" CO2="31532.55" CO="627.99" HC="3.65" NOx="14.05" PMx="0.81" fuel="13.55" electricity="0.00" noise="83.82" route="routetop" type="cfm-slow" waiting="0.00" lane="top_0" pos="40.31" speed="32.62" angle="201.97" x="-1.77" y="84.28"/>
        <vehicle id="cfm-slow_5" eclass="HBEFA3/PC_G_EU4" CO2="0.00" CO="0.00" HC="0.00" NOx="0.00" PMx="0.00" fuel="0.00" electricity="0.00" noise="75.16" route="routetop" type="cfm-slow" waiting="0.00" lane="left_0" pos="18.92" speed="34.81" angle="150.39" x="6.83" y="25.23"/>
    </timestep>
    <timestep time="3.96">
        <vehicle id="cfm-fast_0" eclass="HBEFA3/PC_G_EU4" CO2="77290.90" CO="1681.71" HC="9.60" NOx="35.47" PMx="2.06" fuel="33.22" electricity="0.00" noise="102.09" route="routetop" type="cfm-fast" waiting="0.00" lane="left_1" pos="41.42" speed="41.12" angle="109.94" x="46.25" y="0.73"/>
        <vehicle id="cfm-fast_1" eclass="HBEFA3/PC_G_EU4" CO2="0.00" CO="0.00" HC="0.00" NOx="0.00" PMx="0.00" fuel="0.00" electricity="0.00" noise="73.09" route="routebottom" type="cfm-fast" waiting="0.00" lane="bottom_0" pos="0.99" speed="31.99" angle="92.68" x="65.89" y="-4.90"/>
        <vehicle id="cfm-fast_2" eclass="HBEFA3/PC_G_EU4" CO2="130354.27" CO="2854.58" HC="16.27" NOx="60.43" PMx="3.48" fuel="56.03" electricity="0.00" noise="120.36" route="routebottom" type="cfm-fast" waiting="0.00" lane="bottom_1" pos="26.06" speed="45.47" angle="47.61" x="111.34" y="19.05"/>
        <vehicle id="cfm-fast_3" eclass="HBEFA3/PC_G_EU4" CO2="0.00" CO="0.00" HC="0.00" NOx="0.00" PMx="0.00" fuel="0.00" electricity="0.00" noise="70.77" route="routebottom" type="cfm-fast" waiting="0.00" lane="bottom_0" pos="25.94" speed="27.14" angle="47.81" x="113.58" y="16.61"/>
        <vehicle id="cfm-fast_4" eclass="HBEFA3/PC_G_EU4" CO2="208758.01" CO="4661.74" HC="26.47" NOx="97.28" PMx="5.61" fuel="89.73" electricity="0.00" noise="140.71" route="routebottom" type="cfm-fast" waiting="0.00" lane="right_1" pos="15.31" speed="53.60" angle="336.89" x="121.56" y="93.88"/>
        <vehicle id="cfm-fast_5" eclass="HBEFA3/PC_G_EU4" CO2="0.00" CO="0.00" HC="0.00" NOx="0.00" PMx="0.00" fuel="0.00" electricity="0.00" noise="69.57" route="routebottom" type="cfm-fast" waiting="0.00" lane="bottom_0" pos="45.89" speed="22.57" angle="11.95" x="131.69" y="54.75"/>
        <vehicle id="cfm-slow_0" eclass="HBEFA3/PC_G_EU4" CO2="12979.96" CO="191.03" HC="1.19" NOx="5.55" PMx="0.29" fuel="5.58" electricity="0.00" noise="73.82" route="routebottom" type="cfm-slow" waiting="0.00" lane="right_0" pos="10.62" speed="21.08" angle="345.36" x="128.47" y="86.18"/>
        <vehicle id="cfm-slow_1" eclass="HBEFA3/PC_G_EU4" CO2="20519.09" CO="346.85" HC="2.09" NOx="9.08" PMx="0.49" fuel="8.82" electricity="0.00" noise="78.81" route="routebottom" type="cfm-slow" waiting="0.00" lane="right_0" pos="27.35" speed="22.35" angle="315.28" x="108.46" y="115.61"/>
        <vehicle id="cfm-slow_2" eclass="HBEFA3/PC_G_EU4" CO2="31353.87" CO="574.92" HC="3.40" NOx="14.14" PMx="0.78" fuel="13.48" electricity="0.00" noise="85.42" route="routebottom" type="cfm-slow" waiting="0.00" lane="right_0" pos="45.43" speed="24.81" angle="282.77" x="73.55" y="131.55"/>
        <vehicle id="cfm-slow_3" eclass="HBEFA3/PC_G_EU4" CO2="39626.72" CO="762.67" HC="4.46" NOx="17.96" PMx="1.00" fuel="17.03" electricity="0.00" noise="88.99" route="routetop" type="cfm-slow" waiting="0.00" lane="top_0" pos="16.10" speed="28.58" angle="245.47" x="30.41" y="123.66"/>
        <vehicle id="cfm-slow_4" eclass="HBEFA3/PC_G_EU4" CO2="31226.13" CO="621.96" HC="3.62" NOx="13.90" PMx="0.80" fuel="13.42" electricity="0.00" noise="83.67" route="routetop" type="cfm-slow" waiting="0.00" lane="top_0" pos="40.64" speed="32.65" angle="201.36" x="-1.97" y="83.61"/>
        <vehicle id="cfm-slow_5" eclass="HBEFA3/PC_G_EU4" CO2="0.00" CO="0.00" HC="0.00" NOx="0.00" PMx="0.00" fuel="0.00" electricity="0.00" noise="75.13" route="routetop" type="cfm-slow" waiting="0.00" lane="left_0" pos="19.27" speed="34.80" angle="149.80" x="7.25" y="24.61"/>
    </timestep>
    <timestep time="3.97">
        <vehicle id="cfm-fast_0" eclass="HBEFA3/PC_G_EU4" CO2="77600.13" CO="1689.12" HC="9.64" NOx="35.62" PMx="2.07" fuel="33.36" electricity="0.00" noise="102.19" route="routetop" type="cfm-fast" waiting="0.00" lane="left_1" pos="41.83" speed="41.18" angle="109.18" x="47.06" y="0.51"/>
        <vehicle id="cfm-fast_1" eclass="HBEFA3/PC_G_EU4" CO2="0.00" CO="0.00" HC="0.00" NOx="0.00" PMx="0.00" fuel="0.00" electricity="0.00" noise="73.08" route="routebottom" type="cfm-fast" waiting="0.00" lane="bottom_0" pos="1.31" speed="31.96" angle="92.12" x="66.57" y="-4.88"/>
        <vehicle id="cfm-fast_2" eclass="HBEFA3/PC_G_EU4" CO2="130880.24" CO="2867.43" HC="16.34" NOx="60.67" PMx="3.50" fuel="56.26" electricity="0.00" noise="120.49" route="routebottom" type="cfm-fast" waiting="0.00" lane="bottom_1" pos="26.52" speed="45.57" angle="46.78" x="111.98" y="19.74"/>
        <vehicle id="cfm-fast_3" eclass="HBEFA3/PC_G_EU4" CO2="0.00" CO="0.00" HC="0.00" NOx="0.00" PMx="0.00" fuel="0.00" electricity="0.00" noise="70.76" route="routebottom" type="cfm-fast" waiting="0.00" lane="bottom_0" pos="26.21" speed="27.12" angle="47.31" x="113.98" y="17.04"/>
        <vehicle id="cfm-fast_4" eclass="HBEFA3/PC_G_EU4" CO2="209339.93" CO="4677.43" HC="26.56" NOx="97.55" PMx="5.63" fuel="89.98" electricity="0.00" noise="140.77" route="routebottom" type="cfm-fast" waiting="0.00" lane="right_1" pos="15.84" speed="53.74" angle="335.97" x="121.03" y="94.85"/>
        <vehicle id="cfm-fast_5" eclass="HBEFA3/PC_G_EU4" CO2="0.00" CO="0.00" HC="0.00" NOx="0.00" PMx="0.00" fuel="0.00" electricity="0.00" noise="69.58" route="routebottom" type="cfm-fast" waiting="0.00" lane="bottom_0" pos="46.12" speed="22.57" angle="11.56" x="131.76" y="55.24"/>
        <vehicle id="cfm-slow_0" eclass="HBEFA3/PC_G_EU4" CO2="13025.15" CO="191.96" HC="1.19" NOx="5.57" PMx="0.29" fuel="5.60" electricity="0.00" noise="73.85" route="routebottom" type="cfm-slow" waiting="0.00" lane="right_0" pos="10.83" speed="21.10" angle="344.96" x="128.31" y="86.60"/>
        <vehicle id="cfm-slow_1" eclass="HBEFA3/PC_G_EU4" CO2="20593.19" CO="348.40" HC="2.10" NOx="9.11" PMx="0.49" fuel="8.85" electricity="0.00" noise="78.86" route="routebottom" type="cfm-slow" waiting="0.00" lane="right_0" pos="27.58" speed="22.38" angle="314.86" x="108.10" y="115.92"/>
        <vehicle id="cfm-slow_2" eclass="HBEFA3/PC_G_EU4" CO2="31409.58" CO="576.20" HC="3.40" NOx="14.16" PMx="0.78" fuel="13.50" electricity="0.00" noise="85.44" route="routebottom" type="cfm-slow" waiting="0.00" lane="right_0" pos="45.68" speed="24.86" angle="282.32" x="73.02" y="131.62"/>
        <vehicle id="cfm-slow_3" eclass="HBEFA3/PC_G_EU4" CO2="39543.28" CO="761.24" HC="4.45" NOx="17.92" PMx="1.00" fuel="17.00" electricity="0.00" noise="88.93" route="routetop" type="cfm-slow" waiting="0.00" lane="top_0" pos="16.38" speed="28.62" angle="244.96" x="29.87" y="123.36"/>
        <vehicle id="cfm-slow_4" eclass="HBEFA3/PC_G_EU4" CO2="30919.29" CO="615.92" HC="3.58" NOx="13.76" PMx="0.79" fuel="13.29" electricity="0.00" noise="83.52" route="routetop" type="cfm-slow" waiting="0.00" lane="top_0" pos="40.96" speed="32.68" angle="200.77" x="-2.18" y="82.94"/>
        <vehicle id="cfm-slow_5" eclass="HBEFA3/PC_G_EU4" CO2="0.00" CO="0.00" HC="0.00" NOx="0.00" PMx="0.00" fuel="0.00" electricity="0.00" noise="75.09" route="routetop" type="cfm-slow" waiting="0.00" lane="left_0" pos="19.61" speed="34.79" angle="149.16" x="7.69" y="24.00"/>
    </timestep>
    <timestep time="3.98">
        <vehicle id="cfm-fast_0" eclass="HBEFA3/PC_G_EU4" CO2="77912.45" CO="1696.60" HC="9.69" NOx="35.76" PMx="2.08" fuel="33.49" electricity="0.00" noise="102.29" route="routetop" type="cfm-fast" waiting="0.00" lane="left_1" pos="42.24" speed="41.25" angle="108.45" x="47.88" y="0.29"/>
        <vehicle id="cfm-fast_1" eclass="HBEFA3/PC_G_EU4" CO2="0.00" CO="0.00" HC="0.00" NOx="0.00" PMx="0.00" fuel="0.00" electricity="0.00" noise="73.06" route="routebottom" type="cfm-fast" waiting="0.00" lane="bottom_0" pos="1.63" speed="31.93" angle="91.55" x="67.26" y="-4.84"/>
        <vehicle id="cfm-fast_2" eclass="HBEFA3/PC_G_EU4" CO2="131408.02" CO="2880.33" HC="16.42" NOx="60.92" PMx="3.51" fuel="56.49" electricity="0.00" noise="120.62" route="routebottom" type="cfm-fast" waiting="0.00" lane="bottom_1" pos="26.97" speed="45.67" angle="46.01" x="112.61" y="20.43"/>
        <vehicle id="cfm-fast_3" eclass="HBEFA3/PC_G_EU4" CO2="0.00" CO="0.00" HC="0.00" NOx="0.00" PMx="0.00" fuel="0.00" electricity="0.00" noise="70.75" route="routebottom" type="cfm-fast" waiting="0.00" lane="bottom_0" pos="26.48" speed="27.09" angle="46.82" x="114.37" y="17.46"/>
        <vehicle id="cfm-fast_4" eclass="HBEFA3/PC_G_EU4" CO2="209922.14" CO="4693.14" HC="26.64" NOx="97.83" PMx="5.65" fuel="90.23" electricity="0.00" noise="140.84" route="routebottom" type="cfm-fast" waiting="0.00" lane="right_1" pos="16.38" speed="53.88" angle="335.01" x="120.50" y="95.82"/>
        <vehicle id="cfm-fast_5" eclass="HBEFA3/PC_G_EU4" CO2="0.00" CO="0.00" HC="0.00" NOx="0.00" PMx="0.00" fuel="0.00" electricity="0.00" noise="69.59" route="routebottom" type="cfm-fast" waiting="0.00" lane="bottom_0" pos="46.34" speed="22.57" angle="11.18" x="131.81" y="55.72"/>
        <vehicle id="cfm-slow_0" eclass="HBEFA3/PC_G_EU4" CO2="13070.78" CO="192.90" HC="1.20" NOx="5.59" PMx="0.29" fuel="5.62" electricity="0.00" noise="73.88" route="routebottom" type="cfm-slow" waiting="0.00" lane="right_0" pos="11.04" speed="21.11" angle="344.56" x="128.16" y="87.03"/>
        <vehicle id="cfm-slow_1" eclass="HBEFA3/PC_G_EU4" CO2="20667.34" CO="349.96" HC="2.11" NOx="9.15" PMx="0.49" fuel="8.88" electricity="0.00" noise="78.90" route="routebottom" type="cfm-slow" waiting="0.00" lane="right_0" pos="27.80" speed="22.41" angle="314.44" x="107.73" y="116.23"/>
        <vehicle id="cfm-slow_2" eclass="HBEFA3/PC_G_EU4" CO2="31464.35" CO="577.45" HC="3.41" NOx="14.19" PMx="0.78" fuel="13.52" electricity="0.00" noise="85.46" route="routebottom" type="cfm-slow" waiting="0.00" lane="right_0" pos="45.93" speed="24.90" angle="281.88" x="72.49" y="131.70"/>
        <vehicle id="cfm-slow_3" eclass="HBEFA3/PC_G_EU4" CO2="39457.97" CO="759.77" HC="4.44" NOx="17.87" PMx="1.00" fuel="16.96" electricity="0.00" noise="88.86" route="routetop" type="cfm-slow" waiting="0.00" lane="top_0" pos="16.67" speed="28.67" angle="244.49" x="29.33" y="123.06"/>
        <vehicle id="cfm-slow_4" eclass="HBEFA3/PC_G_EU4" CO2="30612.06" CO="609.86" HC="3.55" NOx="13.61" PMx="0.79" fuel="13.16" electricity="0.00" noise="83.38" route="routetop" type="cfm-slow" waiting="0.00" lane="top_0" pos="41.29" speed="32.71" angle="200.21" x="-2.37" y="82.26"/>
        <vehicle id="cfm-slow_5" eclass="HBEFA3/PC_G_EU4" CO2="0.00" CO="0.00" HC="0.00" NOx="0.00" PMx="0.00" fuel="0.00" electricity="0.00" noise="75.06" route="routetop" type="cfm-slow" waiting="0.00" lane="left_0" pos="19.96" speed="34.78" angle="148.52" x="8.13" y="23.39"/>
    </timestep>
    <timestep time="3.99">
        <vehicle id="cfm-fast_0" eclass="HBEFA3/PC_G_EU4" CO2="78227.84" CO="1704.15" HC="9.73" NOx="35.91" PMx="2.09" fuel="33.63" electricity="0.00" noise="102.39" route="routetop" type="cfm-fast" waiting="0.00" lane="left_1" pos="42.66" speed="41.31" angle="107.75" x="48.71" y="0.10"/>
        <vehicle id="cfm-fast_1" eclass="HBEFA3/PC_G_EU4" CO2="0.00" CO="0.00" HC="0.00" NOx="0.00" PMx="0.00" fuel="0.00" electricity="0.00" noise="73.05" route="routebottom" type="cfm-fast" waiting="0.00" lane="bottom_0" pos="1.95" speed="31.91" angle="90.98" x="67.94" y="-4.80"/>
        <vehicle id="cfm-fast_2" eclass="HBEFA3/PC_G_EU4" CO2="131937.59" CO="2893.28" HC="16.49" NOx="61.17" PMx="3.53" fuel="56.71" electricity="0.00" noise="120.74" route="routebottom" type="cfm-fast" waiting="0.00" lane="bottom_1" pos="27.43" speed="45.77" angle="45.14" x="113.22" y="21.14"/>
        <vehicle id="cfm-fast_3" eclass="HBEFA3/PC_G_EU4" CO2="0.00" CO="0.00" HC="0.00" NOx="0.00" PMx="0.00" fuel="0.00" electricity="0.00" noise="70.74" route="routebottom" type="cfm-fast" waiting="0.00" lane="bottom_0" pos="26.75" speed="27.07" angle="46.32" x="114.77" y="17.89"/>
        <vehicle id="cfm-fast_4" eclass="HBEFA3/PC_G_EU4" CO2="210504.65" CO="4708.87" HC="26.73" NOx="98.10" PMx="5.66" fuel="90.49" electricity="0.00" noise="140.90" route="routebottom" type="cfm-fast" waiting="0.00" lane="right_1" pos="16.92" speed="54.01" angle="334.07" x="119.95" y="96.78"/>
        <vehicle id="cfm-fast_5" eclass="HBEFA3/PC_G_EU4" CO2="0.00" CO="0.00" HC="0.00" NOx="0.00" PMx="0.00" fuel="0.00" electricity="0.00" noise="69.60" route="routebottom" type="cfm-fast" waiting="0.00" lane="bottom_0" pos="46.57" speed="22.56" angle="10.77" x="131.86" y="56.20"/>
        <vehicle id="cfm-slow_0" eclass="HBEFA3/PC_G_EU4" CO2="13116.87" CO="193.85" HC="1.21" NOx="5.61" PMx="0.29" fuel="5.64" electricity="0.00" noise="73.91" route="routebottom" type="cfm-slow" waiting="0.00" lane="right_0" pos="11.25" speed="21.13" angle="344.15" x="128.00" y="87.46"/>
        <vehicle id="cfm-slow_1" eclass="HBEFA3/PC_G_EU4" CO2="20741.53" CO="351.52" HC="2.11" NOx="9.18" PMx="0.49" fuel="8.92" electricity="0.00" noise="78.95" route="routebottom" type="cfm-slow" waiting="0.00" lane="right_0" pos="28.02" speed="22.44" angle="314.02" x="107.36" y="116.55"/>
        <vehicle id="cfm-slow_2" eclass="HBEFA3/PC_G_EU4" CO2="31518.17" CO="578.69" HC="3.42" NOx="14.21" PMx="0.78" fuel="13.55" electricity="0.00" noise="85.48" route="routebottom" type="cfm-slow" waiting="0.00" lane="right_0" pos="46.18" speed="24.94" angle="281.48" x="71.96" y="131.78"/>
        <vehicle id="cfm-slow_3" eclass="HBEFA3/PC_G_EU4" CO2="39370.79" CO="758.26" HC="4.44" NOx="17.83" PMx="1.00" fuel="16.92" electricity="0.00" noise="88.79" route="routetop" type="cfm-slow" waiting="0.00" lane="top_0" pos="16.96" speed="28.71" angle="243.97" x="28.80" y="122.74"/>
        <vehicle id="cfm-slow_4" eclass="HBEFA3/PC_G_EU4" CO2="30304.46" CO="603.79" HC="3.51" NOx="13.47" PMx="0.78" fuel="13.03" electricity="0.00" noise="83.24" route="routetop" type="cfm-slow" waiting="0.00" lane="top_0" pos="41.62" speed="32.74" angle="199.60" x="-2.55" y="81.58"/>
        <vehicle id="cfm-slow_5" eclass="HBEFA3/PC_G_EU4" CO2="0.00" CO="0.00" HC="0.00" NOx="0.00" PMx="0.00" fuel="0.00" electricity="0.00" noise="75.03" route="routetop" type="cfm-slow" waiting="0.00" lane="left_0" pos="20.31" speed="34.77" angle="147.87" x="8.57" y="22.79"/>
    </timestep>
    <timestep time="4.00">
        <vehicle id="cfm-fast_0" eclass="HBEFA3/PC_G_EU4" CO2="78546.28" CO="1711.76" HC="9.77" NOx="36.06" PMx="2.09" fuel="33.76" electricity="0.00" noise="102.50" route="routetop" type="cfm-fast" waiting="0.00" lane="left_1" pos="43.07" speed="41.37" angle="107.01" x="49.53" y="-0.09"/>
        <vehicle id="cfm-fast_1" eclass="HBEFA3/PC_G_EU4" CO2="0.00" CO="0.00" HC="0.00" NOx="0.00" PMx="0.00" fuel="0.00" electricity="0.00" noise="73.03" route="routebottom" type="cfm-fast" waiting="0.00" lane="bottom_0" pos="2.27" speed="31.88" angle="90.41" x="68.63" y="-4.76"/>
        <vehicle id="cfm-fast_2" eclass="HBEFA3/PC_G_EU4" CO2="132468.93" CO="2906.27" HC="16.56" NOx="61.42" PMx="3.54" fuel="56.94" electricity="0.00" noise="120.87" route="routebottom" type="cfm-fast" waiting="0.00" lane="bottom_1" pos="27.89" speed="45.86" angle="44.26" x="113.83" y="21.86"/>
        <vehicle id="cfm-fast_3" eclass="HBEFA3/PC_G_EU4" CO2="0.00" CO="0.00" HC="0.00" NOx="0.00" PMx="0.00" fuel="0.00" electricity="0.00" noise="70.72" route="routebottom" type="cfm-fast" waiting="0.00" lane="bottom_0" pos="27.02" speed="27.04" angle="45.89" x="115.16" y="18.32"/>
        <vehicle id="cfm-fast_4" eclass="HBEFA3/PC_G_EU4" CO2="211087.45" CO="4724.62" HC="26.82" NOx="98.37" PMx="5.68" fuel="90.74" electricity="0.00" noise="140.97" route="routebottom" type="cfm-fast" waiting="0.00" lane="right_1" pos="17.47" speed="54.15" angle="333.07" x="119.37" y="97.73"/>
        <vehicle id="cfm-fast_5" eclass="HBEFA3/PC_G_EU4" CO2="0.00" CO="0.00" HC="0.00" NOx="0.00" PMx="0.00" fuel="0.00" electricity="0.00" noise="69.61" route="routebottom" type="cfm-fast" waiting="0.00" lane="bottom_0" pos="46.79" speed="22.56" angle="10.36" x="131.91" y="56.68"/>
        <vehicle id="cfm-slow_0" eclass="HBEFA3/PC_G_EU4" CO2="13163.41" CO="194.81" HC="1.21" NOx="5.64" PMx="0.29" fuel="5.66" electricity="0.00" noise="73.94" route="routebottom" type="cfm-slow" waiting="0.00" lane="right_0" pos="11.46" speed="21.15" angle="343.79" x="127.85" y="87.88"/>
        <vehicle id="cfm-slow_1" eclass="HBEFA3/PC_G_EU4" CO2="20815.76" CO="353.08" HC="2.12" NOx="9.22" PMx="0.50" fuel="8.95" electricity="0.00" noise="78.99" route="routebottom" type="cfm-slow" waiting="0.00" lane="right_0" pos="28.25" speed="22.47" angle="313.67" x="106.99" y="116.86"/>
        <vehicle id="cfm-slow_2" eclass="HBEFA3/PC_G_EU4" CO2="31571.03" CO="579.92" HC="3.43" NOx="14.23" PMx="0.78" fuel="13.57" electricity="0.00" noise="85.50" route="routebottom" type="cfm-slow" waiting="0.00" lane="right_0" pos="46.43" speed="24.98" angle="281.03" x="71.42" y="131.83"/>
        <vehicle id="cfm-slow_3" eclass="HBEFA3/PC_G_EU4" CO2="39281.75" CO="756.71" HC="4.43" NOx="17.79" PMx="1.00" fuel="16.89" electricity="0.00" noise="88.72" route="routetop" type="cfm-slow" waiting="0.00" lane="top_0" pos="17.24" speed="28.76" angle="243.46" x="28.27" y="122.43"/>
        <vehicle id="cfm-slow_4" eclass="HBEFA3/PC_G_EU4" CO2="29996.53" CO="597.72" HC="3.48" NOx="13.32" PMx="0.77" fuel="12.89" electricity="0.00" noise="83.09" route="routetop" type="cfm-slow" waiting="0.00" lane="top_0" pos="41.95" speed="32.76" angle="198.99" x="-2.73" y="80.90"/>
        <vehicle id="cfm-slow_5" eclass="HBEFA3/PC_G_EU4" CO2="0.00" CO="0.00" HC="0.00" NOx="0.00" PMx="0.00" fuel="0.00" electricity="0.00" noise="74.99" route="routetop" type="cfm-slow" waiting="0.00" lane="left_0" pos="20.66" speed="34.76" angle="147.29" x="9.01" y="22.19"/>
    </timestep>
    <timestep time="4.01">
        <vehicle id="cfm-fast_0" eclass="HBEFA3/PC_G_EU4" CO2="78867.75" CO="1719.45" HC="9.81" NOx="36.21" PMx="2.10" fuel="33.90" electricity="0.00" noise="102.60" route="routetop" type="cfm-fast" waiting="0.00" lane="left_1" pos="43.48" speed="41.44" angle="106.27" x="50.36" y="-0.28"/>
        <vehicle id="cfm-fast_1" eclass="HBEFA3/PC_G_EU4" CO2="0.00" CO="0.00" HC="0.00" NOx="0.00" PMx="0.00" fuel="0.00" electricity="0.00" noise="73.02" route="routebottom" type="cfm-fast" waiting="0.00" lane="bottom_0" pos="2.58" speed="31.85" angle="89.86" x="69.31" y="-4.72"/>
        <vehicle id="cfm-fast_2" eclass="HBEFA3/PC_G_EU4" CO2="133002.01" CO="2919.32" HC="16.63" NOx="61.67" PMx="3.56" fuel="57.17" electricity="0.00" noise="121.00" route="routebottom" type="cfm-fast" waiting="0.00" lane="bottom_1" pos="28.35" speed="45.96" angle="43.45" x="114.43" y="22.59"/>
        <vehicle id="cfm-fast_3" eclass="HBEFA3/PC_G_EU4" CO2="0.00" CO="0.00" HC="0.00" NOx="0.00" PMx="0.00" fuel="0.00" electricity="0.00" noise="70.71" route="routebottom" type="cfm-fast" waiting="0.00" lane="bottom_0" pos="27.29" speed="27.02" angle="45.39" x="115.53" y="18.77"/>
        <vehicle id="cfm-fast_4" eclass="HBEFA3/PC_G_EU4" CO2="211670.54" CO="4740.39" HC="26.90" NOx="98.65" PMx="5.70" fuel="90.99" electricity="0.00" noise="141.04" route="routebottom" type="cfm-fast" waiting="0.00" lane="right_1" pos="18.01" speed="54.28" angle="332.13" x="118.80" y="98.68"/>
        <vehicle id="cfm-fast_5" eclass="HBEFA3/PC_G_EU4" CO2="0.00" CO="0.00" HC="0.00" NOx="0.00" PMx="0.00" fuel="0.00" electricity="0.00" noise="69.62" route="routebottom" type="cfm-fast" waiting="0.00" lane="bottom_0" pos="47.02" speed="22.56" angle="9.95" x="131.96" y="57.17"/>
        <vehicle id="cfm-slow_0" eclass="HBEFA3/PC_G_EU4" CO2="13210.39" CO="195.78" HC="1.22" NOx="5.66" PMx="0.30" fuel="5.68" electricity="0.00" noise="73.97" route="routebottom" type="cfm-slow" waiting="0.00" lane="right_0" pos="11.67" speed="21.17" angle="343.42" x="127.68" y="88.31"/>
        <vehicle id="cfm-slow_1" eclass="HBEFA3/PC_G_EU4" CO2="20890.00" CO="354.64" HC="2.13" NOx="9.25" PMx="0.50" fuel="8.98" electricity="0.00" noise="79.04" route="routebottom" type="cfm-slow" waiting="0.00" lane="right_0" pos="28.47" speed="22.50" angle="313.26" x="106.61" y="117.16"/>
        <vehicle id="cfm-slow_2" eclass="HBEFA3/PC_G_EU4" CO2="31622.91" CO="581.12" HC="3.43" NOx="14.26" PMx="0.78" fuel="13.59" electricity="0.00" noise="85.51" route="routebottom" type="cfm-slow" waiting="0.00" lane="right_0" pos="46.68" speed="25.02" angle="280.57" x="70.89" y="131.89"/>
        <vehicle id="cfm-slow_3" eclass="HBEFA3/PC_G_EU4" CO2="39190.87" CO="755.13" HC="4.42" NOx="17.75" PMx="0.99" fuel="16.85" electricity="0.00" noise="88.65" route="routetop" type="cfm-slow" waiting="0.00" lane="top_0" pos="17.53" speed="28.80" angle="242.94" x="27.73" y="122.11"/>
        <vehicle id="cfm-slow_4" eclass="HBEFA3/PC_G_EU4" CO2="29688.29" CO="591.63" HC="3.44" NOx="13.18" PMx="0.76" fuel="12.76" electricity="0.00" noise="82.95" route="routetop" type="cfm-slow" waiting="0.00" lane="top_0" pos="42.27" speed="32.79" angle="198.42" x="-2.92" y="80.22"/>
        <vehicle id="cfm-slow_5" eclass="HBEFA3/PC_G_EU4" CO2="0.00" CO="0.00" HC="0.00" NOx="0.00" PMx="0.00" fuel="0.00" electricity="0.00" noise="74.96" route="routetop" type="cfm-slow" waiting="0.00" lane="left_0" pos="21.00" speed="34.75" angle="146.65" x="9.48" y="21.60"/>
    </timestep>
    <timestep time="4.02">
        <vehicle id="cfm-fast_0" eclass="HBEFA3/PC_G_EU4" CO2="79192.24" CO="1727.20" HC="9.86" NOx="36.36" PMx="2.11" fuel="34.04" electricity="0.00" noise="102.71" route="routetop" type="cfm-fast" waiting="0.00" lane="left_1" pos="43.90" speed="41.50" angle="105.55" x="51.20" y="-0.44"/>
        <vehicle id="cfm-fast_1" eclass="HBEFA3/PC_G_EU4" CO2="0.00" CO="0.00" HC="0.00" NOx="0.00" PMx="0.00" fuel="0.00" electricity="0.00" noise="73.00" route="routebottom" type="cfm-fast" waiting="0.00" lane="bottom_0" pos="2.90" speed="31.83" angle="89.29" x="69.99" y="-4.65"/>
        <vehicle id="cfm-fast_2" eclass="HBEFA3/PC_G_EU4" CO2="133536.83" CO="2932.41" HC="16.71" NOx="61.92" PMx="3.57" fuel="57.40" electricity="0.00" noise="121.12" route="routebottom" type="cfm-fast" waiting="0.00" lane="bottom_1" pos="28.81" speed="46.06" angle="42.60" x="115.01" y="23.33"/>
        <vehicle id="cfm-fast_3" eclass="HBEFA3/PC_G_EU4" CO2="0.00" CO="0.00" HC="0.00" NOx="0.00" PMx="0.00" fuel="0.00" electricity="0.00" noise="70.70" route="routebottom" type="cfm-fast" waiting="0.00" lane="bottom_0" pos="27.56" speed="26.99" angle="44.88" x="115.91" y="19.21"/>
        <vehicle id="cfm-fast_4" eclass="HBEFA3/PC_G_EU4" CO2="212253.92" CO="4756.18" HC="26.99" NOx="98.92" PMx="5.71" fuel="91.24" electricity="0.00" noise="141.10" route="routebottom" type="cfm-fast" waiting="0.00" lane="right_1" pos="18.55" speed="54.42" angle="331.10" x="118.18" y="99.61"/>
        <vehicle id="cfm-fast_5" eclass="HBEFA3/PC_G_EU4" CO2="0.00" CO="0.00" HC="0.00" NOx="0.00" PMx="0.00" fuel="0.00" electricity="0.00" noise="69.63" route="routebottom" type="cfm-fast" waiting="0.00" lane="bottom_0" pos="47.24" speed="22.56" angle="9.53" x="132.01" y="57.65"/>
        <vehicle id="cfm-slow_0" eclass="HBEFA3/PC_G_EU4" CO2="13257.80" CO="196.75" HC="1.22" NOx="5.68" PMx="0.30" fuel="5.70" electricity="0.00" noise="74.00" route="routebottom" type="cfm-slow" waiting="0.00" lane="right_0" pos="11.89" speed="21.18" angle="343.04" x="127.51" y="88.73"/>
        <vehicle id="cfm-slow_1" eclass="HBEFA3/PC_G_EU4" CO2="20964.26" CO="356.20" HC="2.14" NOx="9.29" PMx="0.50" fuel="9.01" electricity="0.00" noise="79.08" route="routebottom" type="cfm-slow" waiting="0.00" lane="right_0" pos="28.70" speed="22.53" angle="312.85" x="106.23" y="117.45"/>
        <vehicle id="cfm-slow_2" eclass="HBEFA3/PC_G_EU4" CO2="31673.82" CO="582.30" HC="3.44" NOx="14.28" PMx="0.79" fuel="13.61" electricity="0.00" noise="85.53" route="routebottom" type="cfm-slow" waiting="0.00" lane="right_0" pos="46.93" speed="25.06" angle="280.11" x="70.35" y="131.94"/>
        <vehicle id="cfm-slow_3" eclass="HBEFA3/PC_G_EU4" CO2="39098.14" CO="753.51" HC="4.41" NOx="17.70" PMx="0.99" fuel="16.81" electricity="0.00" noise="88.58" route="routetop" type="cfm-slow" waiting="0.00" lane="top_0" pos="17.82" speed="28.85" angle="242.43" x="27.20" y="121.79"/>
        <vehicle id="cfm-slow_4" eclass="HBEFA3/PC_G_EU4" CO2="29379.77" CO="585.54" HC="3.41" NOx="13.03" PMx="0.75" fuel="12.63" electricity="0.00" noise="82.81" route="routetop" type="cfm-slow" waiting="0.00" lane="top_0" pos="42.60" speed="32.82" angle="197.86" x="-3.08" y="79.53"/>
        <vehicle id="cfm-slow_5" eclass="HBEFA3/PC_G_EU4" CO2="0.00" CO="0.00" HC="0.00" NOx="0.00" PMx="0.00" fuel="0.00" electricity="0.00" noise="74.93" route="routetop" type="cfm-slow" waiting="0.00" lane="left_0" pos="21.35" speed="34.74" angle="146.01" x="9.94" y="21.01"/>
    </timestep>
    <timestep time="4.03">
        <vehicle id="cfm-fast_0" eclass="HBEFA3/PC_G_EU4" CO2="79519.72" CO="1735.03" HC="9.90" NOx="36.51" PMx="2.12" fuel="34.18" electricity="0.00" noise="102.82" route="routetop" type="cfm-fast" waiting="0.00" lane="left_1" pos="44.31" speed="41.56" angle="104.77" x="52.04" y="-0.60"/>
        <vehicle id="cfm-fast_1" eclass="HBEFA3/PC_G_EU4" CO2="0.00" CO="0.00" HC="0.00" NOx="0.00" PMx="0.00" fuel="0.00" electricity="0.00" noise="72.99" route="routebottom" type="cfm-fast" waiting="0.00" lane="bottom_0" pos="3.22" speed="31.80" angle="88.72" x="70.68" y="-4.58"/>
        <vehicle id="cfm-fast_2" eclass="HBEFA3/PC_G_EU4" CO2="134073.37" CO="2945.55" HC="16.78" NOx="62.17" PMx="3.58" fuel="57.63" electricity="0.00" noise="121.25" route="routebottom" type="cfm-fast" waiting="0.00" lane="bottom_1" pos="29.27" speed="46.17" angle="41.75" x="115.59" y="24.08"/>
        <vehicle id="cfm-fast_3" eclass="HBEFA3/PC_G_EU4" CO2="0.00" CO="0.00" HC="0.00" NOx="0.00" PMx="0.00" fuel="0.00" electricity="0.00" noise="70.69" route="routebottom" type="cfm-fast" waiting="0.00" lane="bottom_0" pos="27.83" speed="26.97" angle="44.38" x="116.28" y="19.66"/>
        <vehicle id="cfm-fast_4" eclass="HBEFA3/PC_G_EU4" CO2="212837.59" CO="4772.00" HC="27.08" NOx="99.19" PMx="5.73" fuel="91.49" electricity="0.00" noise="141.17" route="routebottom" type="cfm-fast" waiting="0.00" lane="right_1" pos="19.10" speed="54.56" angle="330.06" x="117.56" y="100.54"/>
        <vehicle id="cfm-fast_5" eclass="HBEFA3/PC_G_EU4" CO2="0.00" CO="0.00" HC="0.00" NOx="0.00" PMx="0.00" fuel="0.00" electricity="0.00" noise="69.64" route="routebottom" type="cfm-fast" waiting="0.00" lane="bottom_0" pos="47.47" speed="22.55" angle="9.18" x="132.06" y="58.13"/>
        <vehicle id="cfm-slow_0" eclass="HBEFA3/PC_G_EU4" CO2="13305.65" CO="197.74" HC="1.23" NOx="5.70" PMx="0.30" fuel="5.72" electricity="0.00" noise="74.04" route="routebottom" type="cfm-slow" waiting="0.00" lane="right_0" pos="12.10" speed="21.20" angle="342.65" x="127.34" y="89.15"/>
        <vehicle id="cfm-slow_1" eclass="HBEFA3/PC_G_EU4" CO2="21038.53" CO="357.77" HC="2.15" NOx="9.32" PMx="0.50" fuel="9.04" electricity="0.00" noise="79.13" route="routebottom" type="cfm-slow" waiting="0.00" lane="right_0" pos="28.92" speed="22.56" angle="312.43" x="105.84" y="117.75"/>
        <vehicle id="cfm-slow_2" eclass="HBEFA3/PC_G_EU4" CO2="31723.73" CO="583.47" HC="3.45" NOx="14.30" PMx="0.79" fuel="13.64" electricity="0.00" noise="85.54" route="routebottom" type="cfm-slow" waiting="0.00" lane="right_0" pos="47.18" speed="25.11" angle="279.64" x="69.81" y="132.00"/>
        <vehicle id="cfm-slow_3" eclass="HBEFA3/PC_G_EU4" CO2="39003.59" CO="751.85" HC="4.40" NOx="17.65" PMx="0.99" fuel="16.77" electricity="0.00" noise="88.51" route="routetop" type="cfm-slow" waiting="0.00" lane="top_0" pos="18.11" speed="28.89" angle="241.94" x="26.68" y="121.46"/>
        <vehicle id="cfm-slow_4" eclass="HBEFA3/PC_G_EU4" CO2="29071.00" CO="579.43" HC="3.37" NOx="12.88" PMx="0.75" fuel="12.50" electricity="0.00" noise="82.67" route="routetop" type="cfm-slow" waiting="0.00" lane="top_0" pos="42.93" speed="32.84" angle="197.27" x="-3.24" y="78.84"/>
        <vehicle id="cfm-slow_5" eclass="HBEFA3/PC_G_EU4" CO2="0.00" CO="0.00" HC="0.00" NOx="0.00" PMx="0.00" fuel="0.00" electricity="0.00" noise="74.90" route="routetop" type="cfm-slow" waiting="0.00" lane="left_0" pos="21.70" speed="34.73" angle="145.40" x="10.40" y="20.42"/>
    </timestep>
    <timestep time="4.04">
        <vehicle id="cfm-fast_0" eclass="HBEFA3/PC_G_EU4" CO2="79850.17" CO="1742.92" HC="9.95" NOx="36.67" PMx="2.13" fuel="34.32" electricity="0.00" noise="102.93" route="routetop" type="cfm-fast" waiting="0.00" lane="left_1" pos="44.73" speed="41.63" angle="104.00" x="52.87" y="-0.75"/>
        <vehicle id="cfm-fast_1" eclass="HBEFA3/PC_G_EU4" CO2="0.00" CO="0.00" HC="0.00" NOx="0.00" PMx="0.00" fuel="0.00" electricity="0.00" noise="72.97" route="routebottom" type="cfm-fast" waiting="0.00" lane="bottom_0" pos="3.54" speed="31.77" angle="88.15" x="71.36" y="-4.51"/>
        <vehicle id="cfm-fast_2" eclass="HBEFA3/PC_G_EU4" CO2="134611.61" CO="2958.73" HC="16.85" NOx="62.42" PMx="3.60" fuel="57.86" electricity="0.00" noise="121.38" route="routebottom" type="cfm-fast" waiting="0.00" lane="bottom_1" pos="29.73" speed="46.27" angle="40.97" x="116.16" y="24.83"/>
        <vehicle id="cfm-fast_3" eclass="HBEFA3/PC_G_EU4" CO2="0.00" CO="0.00" HC="0.00" NOx="0.00" PMx="0.00" fuel="0.00" electricity="0.00" noise="70.67" route="routebottom" type="cfm-fast" waiting="0.00" lane="bottom_0" pos="28.10" speed="26.94" angle="43.89" x="116.66" y="20.10"/>
        <vehicle id="cfm-fast_4" eclass="HBEFA3/PC_G_EU4" CO2="213421.56" CO="4787.84" HC="27.16" NOx="99.47" PMx="5.75" fuel="91.74" electricity="0.00" noise="141.23" route="routebottom" type="cfm-fast" waiting="0.00" lane="right_1" pos="19.64" speed="54.69" angle="329.10" x="116.91" y="101.45"/>
        <vehicle id="cfm-fast_5" eclass="HBEFA3/PC_G_EU4" CO2="0.00" CO="0.00" HC="0.00" NOx="0.00" PMx="0.00" fuel="0.00" electricity="0.00" noise="69.65" route="routebottom" type="cfm-fast" waiting="0.00" lane="bottom_0" pos="47.70" speed="22.55" angle="8.76" x="132.09" y="58.62"/>
        <vehicle id="cfm-slow_0" eclass="HBEFA3/PC_G_EU4" CO2="13353.91" CO="198.73" HC="1.23" NOx="5.72" PMx="0.30" fuel="5.74" electricity="0.00" noise="74.07" route="routebottom" type="cfm-slow" waiting="0.00" lane="right_0" pos="12.31" speed="21.22" angle="342.26" x="127.17" y="89.58"/>
        <vehicle id="cfm-slow_1" eclass="HBEFA3/PC_G_EU4" CO2="21112.79" CO="359.33" HC="2.16" NOx="9.35" PMx="0.50" fuel="9.08" electricity="0.00" noise="79.17" route="routebottom" type="cfm-slow" waiting="0.00" lane="right_0" pos="29.15" speed="22.59" angle="312.02" x="105.46" y="118.05"/>
        <vehicle id="cfm-slow_2" eclass="HBEFA3/PC_G_EU4" CO2="31772.65" CO="584.61" HC="3.45" NOx="14.33" PMx="0.79" fuel="13.66" electricity="0.00" noise="85.56" route="routebottom" type="cfm-slow" waiting="0.00" lane="right_0" pos="47.43" speed="25.15" angle="279.23" x="69.27" y="132.05"/>
        <vehicle id="cfm-slow_3" eclass="HBEFA3/PC_G_EU4" CO2="38907.20" CO="750.15" HC="4.39" NOx="17.61" PMx="0.99" fuel="16.72" electricity="0.00" noise="88.44" route="routetop" type="cfm-slow" waiting="0.00" lane="top_0" pos="18.40" speed="28.94" angle="241.37" x="26.16" y="121.11"/>
        <vehicle id="cfm-slow_4" eclass="HBEFA3/PC_G_EU4" CO2="28762.01" CO="573.32" HC="3.34" NOx="12.74" PMx="0.74" fuel="12.36" electricity="0.00" noise="82.53" route="routetop" type="cfm-slow" waiting="0.00" lane="top_0" pos="43.26" speed="32.87" angle="196.69" x="-3.39" y="78.15"/>
        <vehicle id="cfm-slow_5" eclass="HBEFA3/PC_G_EU4" CO2="0.00" CO="0.00" HC="0.00" NOx="0.00" PMx="0.00" fuel="0.00" electricity="0.00" noise="74.88" route="routetop" type="cfm-slow" waiting="0.00" lane="left_0" pos="22.05" speed="34.72" angle="144.79" x="10.88" y="19.85"/>
    </timestep>
    <timestep time="4.05">
        <vehicle id="cfm-fast_0" eclass="HBEFA3/PC_G_EU4" CO2="80183.58" CO="1750.87" HC="9.99" NOx="36.83" PMx="2.14" fuel="34.47" electricity="0.00" noise="103.04" route="routetop" type="cfm-fast" waiting="0.00" lane="left_1" pos="45.15" speed="41.69" angle="103.30" x="53.72" y="-0.89"/>
        <vehicle id="cfm-fast_1" eclass="HBEFA3/PC_G_EU4" CO2="0.00" CO="0.00" HC="0.00" NOx="0.00" PMx="0.00" fuel="0.00" electricity="0.00" noise="72.96" route="routebottom" type="cfm-fast" waiting="0.00" lane="bottom_0" pos="3.86" speed="31.74" angle="87.59" x="72.03" y="-4.44"/>
        <vehicle id="cfm-fast_2" eclass="HBEFA3/PC_G_EU4" CO2="135151.54" CO="2971.96" HC="16.93" NOx="62.68" PMx="3.62" fuel="58.09" electricity="0.00" noise="121.51" route="routebottom" type="cfm-fast" waiting="0.00" lane="bottom_1" pos="30.20" speed="46.37" angle="40.13" x="116.72" y="25.60"/>
        <vehicle id="cfm-fast_3" eclass="HBEFA3/PC_G_EU4" CO2="0.00" CO="0.00" HC="0.00" NOx="0.00" PMx="0.00" fuel="0.00" electricity="0.00" noise="70.66" route="routebottom" type="cfm-fast" waiting="0.00" lane="bottom_0" pos="28.37" speed="26.92" angle="43.43" x="117.02" y="20.55"/>
        <vehicle id="cfm-fast_4" eclass="HBEFA3/PC_G_EU4" CO2="214005.82" CO="4803.70" HC="27.25" NOx="99.74" PMx="5.77" fuel="91.99" electricity="0.00" noise="141.30" route="routebottom" type="cfm-fast" waiting="0.00" lane="right_1" pos="20.19" speed="54.83" angle="328.08" x="116.25" y="102.37"/>
        <vehicle id="cfm-fast_5" eclass="HBEFA3/PC_G_EU4" CO2="0.00" CO="0.00" HC="0.00" NOx="0.00" PMx="0.00" fuel="0.00" electricity="0.00" noise="69.66" route="routebottom" type="cfm-fast" waiting="0.00" lane="bottom_0" pos="47.92" speed="22.55" angle="8.33" x="132.12" y="59.10"/>
        <vehicle id="cfm-slow_0" eclass="HBEFA3/PC_G_EU4" CO2="13402.60" CO="199.74" HC="1.24" NOx="5.75" PMx="0.30" fuel="5.76" electricity="0.00" noise="74.10" route="routebottom" type="cfm-slow" waiting="0.00" lane="right_0" pos="12.52" speed="21.24" angle="341.88" x="127.00" y="90.00"/>
        <vehicle id="cfm-slow_1" eclass="HBEFA3/PC_G_EU4" CO2="21187.03" CO="360.90" HC="2.17" NOx="9.39" PMx="0.51" fuel="9.11" electricity="0.00" noise="79.22" route="routebottom" type="cfm-slow" waiting="0.00" lane="right_0" pos="29.38" speed="22.62" angle="311.62" x="105.08" y="118.35"/>
        <vehicle id="cfm-slow_2" eclass="HBEFA3/PC_G_EU4" CO2="31820.56" CO="585.74" HC="3.46" NOx="14.35" PMx="0.79" fuel="13.68" electricity="0.00" noise="85.57" route="routebottom" type="cfm-slow" waiting="0.00" lane="right_0" pos="47.69" speed="25.19" angle="278.78" x="68.73" y="132.09"/>
        <vehicle id="cfm-slow_3" eclass="HBEFA3/PC_G_EU4" CO2="38809.01" CO="748.42" HC="4.38" NOx="17.56" PMx="0.98" fuel="16.68" electricity="0.00" noise="88.37" route="routetop" type="cfm-slow" waiting="0.00" lane="top_0" pos="18.69" speed="28.98" angle="240.81" x="25.64" y="120.76"/>
        <vehicle id="cfm-slow_4" eclass="HBEFA3/PC_G_EU4" CO2="28452.83" CO="567.20" HC="3.30" NOx="12.59" PMx="0.73" fuel="12.23" electricity="0.00" noise="82.39" route="routetop" type="cfm-slow" waiting="0.00" lane="top_0" pos="43.59" speed="32.89" angle="196.14" x="-3.55" y="77.46"/>
        <vehicle id="cfm-slow_5" eclass="HBEFA3/PC_G_EU4" CO2="0.00" CO="0.00" HC="0.00" NOx="0.00" PMx="0.00" fuel="0.00" electricity="0.00" noise="74.85" route="routetop" type="cfm-slow" waiting="0.00" lane="left_0" pos="22.39" speed="34.71" angle="144.14" x="11.36" y="19.28"/>
    </timestep>
    <timestep time="4.06">
        <vehicle id="cfm-fast_0" eclass="HBEFA3/PC_G_EU4" CO2="80519.92" CO="1758.90" HC="10.04" NOx="36.98" PMx="2.15" fuel="34.61" electricity="0.00" noise="103.15" route="routetop" type="cfm-fast" waiting="0.00" lane="left_1" pos="45.56" speed="41.75" angle="102.53" x="54.57" y="-1.01"/>
        <vehicle id="cfm-fast_1" eclass="HBEFA3/PC_G_EU4" CO2="0.00" CO="0.00" HC="0.00" NOx="0.00" PMx="0.00" fuel="0.00" electricity="0.00" noise="72.94" route="routebottom" type="cfm-fast" waiting="0.00" lane="bottom_0" pos="4.17" speed="31.72" angle="87.02" x="72.71" y="-4.34"/>
        <vehicle id="cfm-fast_2" eclass="HBEFA3/PC_G_EU4" CO2="135693.13" CO="2985.24" HC="17.00" NOx="62.93" PMx="3.63" fuel="58.33" electricity="0.00" noise="121.63" route="routebottom" type="cfm-fast" waiting="0.00" lane="bottom_1" pos="30.66" speed="46.47" angle="39.31" x="117.28" y="26.38"/>
        <vehicle id="cfm-fast_3" eclass="HBEFA3/PC_G_EU4" CO2="0.00" CO="0.00" HC="0.00" NOx="0.00" PMx="0.00" fuel="0.00" electricity="0.00" noise="70.65" route="routebottom" type="cfm-fast" waiting="0.00" lane="bottom_0" pos="28.64" speed="26.89" angle="42.93" x="117.38" y="21.00"/>
        <vehicle id="cfm-fast_4" eclass="HBEFA3/PC_G_EU4" CO2="214590.37" CO="4819.58" HC="27.34" NOx="100.01" PMx="5.78" fuel="92.24" electricity="0.00" noise="141.37" route="routebottom" type="cfm-fast" waiting="0.00" lane="right_1" pos="20.74" speed="54.97" angle="327.13" x="115.57" y="103.27"/>
        <vehicle id="cfm-fast_5" eclass="HBEFA3/PC_G_EU4" CO2="0.00" CO="0.00" HC="0.00" NOx="0.00" PMx="0.00" fuel="0.00" electricity="0.00" noise="69.67" route="routebottom" type="cfm-fast" waiting="0.00" lane="bottom_0" pos="48.15" speed="22.55" angle="7.91" x="132.14" y="59.58"/>
        <vehicle id="cfm-slow_0" eclass="HBEFA3/PC_G_EU4" CO2="13451.70" CO="200.75" HC="1.25" NOx="5.77" PMx="0.30" fuel="5.78" electricity="0.00" noise="74.13" route="routebottom" type="cfm-slow" waiting="0.00" lane="right_0" pos="12.73" speed="21.26" angle="341.52" x="126.83" y="90.43"/>
        <vehicle id="cfm-slow_1" eclass="HBEFA3/PC_G_EU4" CO2="21261.25" CO="362.46" HC="2.18" NOx="9.42" PMx="0.51" fuel="9.14" electricity="0.00" noise="79.26" route="routebottom" type="cfm-slow" waiting="0.00" lane="right_0" pos="29.60" speed="22.64" angle="311.25" x="104.69" y="118.65"/>
        <vehicle id="cfm-slow_2" eclass="HBEFA3/PC_G_EU4" CO2="31867.45" CO="586.85" HC="3.46" NOx="14.37" PMx="0.79" fuel="13.70" electricity="0.00" noise="85.59" route="routebottom" type="cfm-slow" waiting="0.00" lane="right_0" pos="47.94" speed="25.23" angle="278.31" x="68.19" y="132.12"/>
        <vehicle id="cfm-slow_3" eclass="HBEFA3/PC_G_EU4" CO2="38709.00" CO="746.65" HC="4.37" NOx="17.51" PMx="0.98" fuel="16.64" electricity="0.00" noise="88.30" route="routetop" type="cfm-slow" waiting="0.00" lane="top_0" pos="18.98" speed="29.03" angle="240.24" x="25.12" y="120.42"/>
        <vehicle id="cfm-slow_4" eclass="HBEFA3/PC_G_EU4" CO2="28143.49" CO="561.08" HC="3.26" NOx="12.44" PMx="0.72" fuel="12.10" electricity="0.00" noise="82.25" route="routetop" type="cfm-slow" waiting="0.00" lane="top_0" pos="43.92" speed="32.92" angle="195.54" x="-3.68" y="76.76"/>
        <vehicle id="cfm-slow_5" eclass="HBEFA3/PC_G_EU4" CO2="0.00" CO="0.00" HC="0.00" NOx="0.00" PMx="0.00" fuel="0.00" electricity="0.00" noise="74.82" route="routetop" type="cfm-slow" waiting="0.00" lane="left_0" pos="22.74" speed="34.70" angle="143.49" x="11.84" y="18.71"/>
    </timestep>
    <timestep time="4.07">
        <vehicle id="cfm-fast_0" eclass="HBEFA3/PC_G_EU4" CO2="80859.18" CO="1766.99" HC="10.08" NOx="37.14" PMx="2.16" fuel="34.76" electricity="0.00" noise="103.26" route="routetop" type="cfm-fast" waiting="0.00" lane="left_1" pos="45.98" speed="41.82" angle="101.76" x="55.41" y="-1.13"/>
        <vehicle id="cfm-fast_1" eclass="HBEFA3/PC_G_EU4" CO2="0.00" CO="0.00" HC="0.00" NOx="0.00" PMx="0.00" fuel="0.00" electricity="0.00" noise="72.93" route="routebottom" type="cfm-fast" waiting="0.00" lane="bottom_0" pos="4.49" speed="31.69" angle="86.45" x="73.39" y="-4.25"/>
        <vehicle id="cfm-fast_2" eclass="HBEFA3/PC_G_EU4" CO2="136236.37" CO="2998.57" HC="17.08" NOx="63.18" PMx="3.65" fuel="58.56" electricity="0.00" noise="121.76" route="routebottom" type="cfm-fast" waiting="0.00" lane="bottom_1" pos="31.13" speed="46.57" angle="38.50" x="117.81" y="27.17"/>
        <vehicle id="cfm-fast_3" eclass="HBEFA3/PC_G_EU4" CO2="0.00" CO="0.00" HC="0.00" NOx="0.00" PMx="0.00" fuel="0.00" electricity="0.00" noise="70.64" route="routebottom" type="cfm-fast" waiting="0.00" lane="bottom_0" pos="28.91" speed="26.87" angle="42.44" x="117.73" y="21.46"/>
        <vehicle id="cfm-fast_4" eclass="HBEFA3/PC_G_EU4" CO2="215175.21" CO="4835.48" HC="27.43" NOx="100.29" PMx="5.80" fuel="92.49" electricity="0.00" noise="141.43" route="routebottom" type="cfm-fast" waiting="0.00" lane="right_1" pos="21.29" speed="55.10" angle="326.12" x="114.88" y="104.16"/>
        <vehicle id="cfm-fast_5" eclass="HBEFA3/PC_G_EU4" CO2="0.00" CO="0.00" HC="0.00" NOx="0.00" PMx="0.00" fuel="0.00" electricity="0.00" noise="69.69" route="routebottom" type="cfm-fast" waiting="0.00" lane="bottom_0" pos="48.37" speed="22.54" angle="7.49" x="132.17" y="60.07"/>
        <vehicle id="cfm-slow_0" eclass="HBEFA3/PC_G_EU4" CO2="13501.21" CO="201.77" HC="1.25" NOx="5.79" PMx="0.30" fuel="5.80" electricity="0.00" noise="74.17" route="routebottom" type="cfm-slow" waiting="0.00" lane="right_0" pos="12.95" speed="21.27" angle="341.16" x="126.65" y="90.85"/>
        <vehicle id="cfm-slow_1" eclass="HBEFA3/PC_G_EU4" CO2="21335.43" CO="364.02" HC="2.19" NOx="9.46" PMx="0.51" fuel="9.17" electricity="0.00" noise="79.31" route="routebottom" type="cfm-slow" waiting="0.00" lane="right_0" pos="29.83" speed="22.67" angle="310.83" x="104.29" y="118.93"/>
        <vehicle id="cfm-slow_2" eclass="HBEFA3/PC_G_EU4" CO2="31913.31" CO="587.94" HC="3.47" NOx="14.39" PMx="0.79" fuel="13.72" electricity="0.00" noise="85.60" route="routebottom" type="cfm-slow" waiting="0.00" lane="right_0" pos="48.19" speed="25.27" angle="277.83" x="67.65" y="132.15"/>
        <vehicle id="cfm-slow_3" eclass="HBEFA3/PC_G_EU4" CO2="38607.20" CO="744.84" HC="4.36" NOx="17.46" PMx="0.98" fuel="16.60" electricity="0.00" noise="88.22" route="routetop" type="cfm-slow" waiting="0.00" lane="top_0" pos="19.27" speed="29.07" angle="239.76" x="24.61" y="120.07"/>
        <vehicle id="cfm-slow_4" eclass="HBEFA3/PC_G_EU4" CO2="27834.01" CO="554.95" HC="3.23" NOx="12.30" PMx="0.72" fuel="11.96" electricity="0.00" noise="82.11" route="routetop" type="cfm-slow" waiting="0.00" lane="top_0" pos="44.25" speed="32.94" angle="194.93" x="-3.81" y="76.07"/>
        <vehicle id="cfm-slow_5" eclass="HBEFA3/PC_G_EU4" CO2="0.00" CO="0.00" HC="0.00" NOx="0.00" PMx="0.00" fuel="0.00" electricity="0.00" noise="74.79" route="routetop" type="cfm-slow" waiting="0.00" lane="left_0" pos="23.09" speed="34.69" angle="142.92" x="12.33" y="18.14"/>
    </timestep>
    <timestep time="4.08">
        <vehicle id="cfm-fast_0" eclass="HBEFA3/PC_G_EU4" CO2="81201.34" CO="1775.15" HC="10.13" NOx="37.30" PMx="2.17" fuel="34.90" electricity="0.00" noise="103.37" route="routetop" type="cfm-fast" waiting="0.00" lane="left_1" pos="46.40" speed="41.88" angle="101.05" x="56.27" y="-1.23"/>
        <vehicle id="cfm-fast_1" eclass="HBEFA3/PC_G_EU4" CO2="0.00" CO="0.00" HC="0.00" NOx="0.00" PMx="0.00" fuel="0.00" electricity="0.00" noise="72.91" route="routebottom" type="cfm-fast" waiting="0.00" lane="bottom_0" pos="4.81" speed="31.66" angle="85.87" x="74.06" y="-4.15"/>
        <vehicle id="cfm-fast_2" eclass="HBEFA3/PC_G_EU4" CO2="136781.25" CO="3011.94" HC="17.15" NOx="63.44" PMx="3.66" fuel="58.80" electricity="0.00" noise="121.89" route="routebottom" type="cfm-fast" waiting="0.00" lane="bottom_1" pos="31.59" speed="46.67" angle="37.65" x="118.35" y="27.96"/>
        <vehicle id="cfm-fast_3" eclass="HBEFA3/PC_G_EU4" CO2="0.00" CO="0.00" HC="0.00" NOx="0.00" PMx="0.00" fuel="0.00" electricity="0.00" noise="70.62" route="routebottom" type="cfm-fast" waiting="0.00" lane="bottom_0" pos="29.18" speed="26.84" angle="41.94" x="118.09" y="21.91"/>
        <vehicle id="cfm-fast_4" eclass="HBEFA3/PC_G_EU4" CO2="215760.34" CO="4851.40" HC="27.51" NOx="100.56" PMx="5.82" fuel="92.74" electricity="0.00" noise="141.50" route="routebottom" type="cfm-fast" waiting="0.00" lane="right_1" pos="21.85" speed="55.24" angle="325.16" x="114.18" y="105.05"/>
        <vehicle id="cfm-fast_5" eclass="HBEFA3/PC_G_EU4" CO2="0.00" CO="0.00" HC="0.00" NOx="0.00" PMx="0.00" fuel="0.00" electricity="0.00" noise="69.70" route="routebottom" type="cfm-fast" waiting="0.00" lane="bottom_0" pos="48.60" speed="22.54" angle="7.06" x="132.20" y="60.55"/>
        <vehicle id="cfm-slow_0" eclass="HBEFA3/PC_G_EU4" CO2="13551.12" CO="202.80" HC="1.26" NOx="5.82" PMx="0.31" fuel="5.82" electricity="0.00" noise="74.20" route="routebottom" type="cfm-slow" waiting="0.00" lane="right_0" pos="13.16" speed="21.29" angle="340.77" x="126.47" y="91.27"/>
        <vehicle id="cfm-slow_1" eclass="HBEFA3/PC_G_EU4" CO2="21409.57" CO="365.59" HC="2.19" NOx="9.49" PMx="0.51" fuel="9.20" electricity="0.00" noise="79.35" route="routebottom" type="cfm-slow" waiting="0.00" lane="right_0" pos="30.06" speed="22.70" angle="310.41" x="103.90" y="119.22"/>
        <vehicle id="cfm-slow_2" eclass="HBEFA3/PC_G_EU4" CO2="31958.13" CO="589.00" HC="3.48" NOx="14.41" PMx="0.79" fuel="13.74" electricity="0.00" noise="85.61" route="routebottom" type="cfm-slow" waiting="0.00" lane="right_0" pos="48.44" speed="25.32" angle="277.36" x="67.10" y="132.18"/>
        <vehicle id="cfm-slow_3" eclass="HBEFA3/PC_G_EU4" CO2="38503.61" CO="742.99" HC="4.34" NOx="17.41" PMx="0.98" fuel="16.55" electricity="0.00" noise="88.15" route="routetop" type="cfm-slow" waiting="0.00" lane="top_0" pos="19.56" speed="29.11" angle="239.23" x="24.10" y="119.70"/>
        <vehicle id="cfm-slow_4" eclass="HBEFA3/PC_G_EU4" CO2="27524.43" CO="548.81" HC="3.19" NOx="12.15" PMx="0.71" fuel="11.83" electricity="0.00" noise="81.97" route="routetop" type="cfm-slow" waiting="0.00" lane="top_0" pos="44.58" speed="32.97" angle="194.31" x="-3.94" y="75.37"/>
        <vehicle id="cfm-slow_5" eclass="HBEFA3/PC_G_EU4" CO2="0.00" CO="0.00" HC="0.00" NOx="0.00" PMx="0.00" fuel="0.00" electricity="0.00" noise="74.77" route="routetop" type="cfm-slow" waiting="0.00" lane="left_0" pos="23.43" speed="34.68" angle="142.29" x="12.83" y="17.59"/>
    </timestep>
    <timestep time="4.09">
        <vehicle id="cfm-fast_0" eclass="HBEFA3/PC_G_EU4" CO2="81546.38" CO="1783.37" HC="10.17" NOx="37.46" PMx="2.18" fuel="35.05" electricity="0.00" noise="103.48" route="routetop" type="cfm-fast" waiting="0.00" lane="left_1" pos="46.82" speed="41.95" angle="100.27" x="57.12" y="-1.31"/>
        <vehicle id="cfm-fast_1" eclass="HBEFA3/PC_G_EU4" CO2="0.00" CO="0.00" HC="0.00" NOx="0.00" PMx="0.00" fuel="0.00" electricity="0.00" noise="72.90" route="routebottom" type="cfm-fast" waiting="0.00" lane="bottom_0" pos="5.12" speed="31.63" angle="85.26" x="74.73" y="-4.06"/>
        <vehicle id="cfm-fast_2" eclass="HBEFA3/PC_G_EU4" CO2="137327.75" CO="3025.36" HC="17.23" NOx="63.70" PMx="3.68" fuel="59.03" electricity="0.00" noise="122.02" route="routebottom" type="cfm-fast" waiting="0.00" lane="bottom_1" pos="32.06" speed="46.77" angle="36.86" x="118.88" y="28.76"/>
        <vehicle id="cfm-fast_3" eclass="HBEFA3/PC_G_EU4" CO2="0.00" CO="0.00" HC="0.00" NOx="0.00" PMx="0.00" fuel="0.00" electricity="0.00" noise="70.61" route="routebottom" type="cfm-fast" waiting="0.00" lane="bottom_0" pos="29.45" speed="26.82" angle="41.48" x="118.45" y="22.37"/>
        <vehicle id="cfm-fast_4" eclass="HBEFA3/PC_G_EU4" CO2="216345.77" CO="4867.35" HC="27.60" NOx="100.83" PMx="5.83" fuel="93.00" electricity="0.00" noise="141.56" route="routebottom" type="cfm-fast" waiting="0.00" lane="right_1" pos="22.40" speed="55.38" angle="324.15" x="113.45" y="105.92"/>
        <vehicle id="cfm-fast_5" eclass="HBEFA3/PC_G_EU4" CO2="0.00" CO="0.00" HC="0.00" NOx="0.00" PMx="0.00" fuel="0.00" electricity="0.00" noise="69.71" route="routebottom" type="cfm-fast" waiting="0.00" lane="bottom_0" pos="48.82" speed="22.54" angle="6.70" x="132.22" y="61.04"/>
        <vehicle id="cfm-slow_0" eclass="HBEFA3/PC_G_EU4" CO2="13601.43" CO="203.84" HC="1.26" NOx="5.84" PMx="0.31" fuel="5.85" electricity="0.00" noise="74.23" route="routebottom" type="cfm-slow" waiting="0.00" lane="right_0" pos="13.37" speed="21.31" angle="340.39" x="126.28" y="91.68"/>
        <vehicle id="cfm-slow_1" eclass="HBEFA3/PC_G_EU4" CO2="21483.65" CO="367.15" HC="2.20" NOx="9.53" PMx="0.51" fuel="9.23" electricity="0.00" noise="79.40" route="routebottom" type="cfm-slow" waiting="0.00" lane="right_0" pos="30.28" speed="22.73" angle="309.99" x="103.50" y="119.50"/>
        <vehicle id="cfm-slow_2" eclass="HBEFA3/PC_G_EU4" CO2="32001.91" CO="590.05" HC="3.48" NOx="14.43" PMx="0.79" fuel="13.76" electricity="0.00" noise="85.62" route="routebottom" type="cfm-slow" waiting="0.00" lane="right_0" pos="48.70" speed="25.36" angle="276.92" x="66.56" y="132.21"/>
        <vehicle id="cfm-slow_3" eclass="HBEFA3/PC_G_EU4" CO2="38398.25" CO="741.11" HC="4.33" NOx="17.36" PMx="0.97" fuel="16.51" electricity="0.00" noise="88.07" route="routetop" type="cfm-slow" waiting="0.00" lane="top_0" pos="19.85" speed="29.16" angle="238.70" x="23.59" y="119.33"/>
        <vehicle id="cfm-slow_4" eclass="HBEFA3/PC_G_EU4" CO2="27214.77" CO="542.67" HC="3.16" NOx="12.00" PMx="0.70" fuel="11.70" electricity="0.00" noise="81.84" route="routetop" type="cfm-slow" waiting="0.00" lane="top_0" pos="44.91" speed="32.99" angle="193.77" x="-4.07" y="74.67"/>
        <vehicle id="cfm-slow_5" eclass="HBEFA3/PC_G_EU4" CO2="0.00" CO="0.00" HC="0.00" NOx="0.00" PMx="0.00" fuel="0.00" electricity="0.00" noise="74.74" route="routetop" type="cfm-slow" waiting="0.00" lane="left_0" pos="23.78" speed="34.67" angle="141.67" x="13.34" y="17.05"/>
    </timestep>
    <timestep time="4.10">
        <vehicle id="cfm-fast_0" eclass="HBEFA3/PC_G_EU4" CO2="81894.27" CO="1791.66" HC="10.22" NOx="37.63" PMx="2.19" fuel="35.20" electricity="0.00" noise="103.59" route="routetop" type="cfm-fast" waiting="0.00" lane="left_1" pos="47.24" speed="42.01" angle="99.49" x="57.98" y="-1.40"/>
        <vehicle id="cfm-fast_1" eclass="HBEFA3/PC_G_EU4" CO2="0.00" CO="0.00" HC="0.00" NOx="0.00" PMx="0.00" fuel="0.00" electricity="0.00" noise="72.88" route="routebottom" type="cfm-fast" waiting="0.00" lane="bottom_0" pos="5.44" speed="31.60" angle="84.69" x="75.40" y="-3.93"/>
        <vehicle id="cfm-fast_2" eclass="HBEFA3/PC_G_EU4" CO2="137875.85" CO="3038.82" HC="17.30" NOx="63.95" PMx="3.69" fuel="59.27" electricity="0.00" noise="122.14" route="routebottom" type="cfm-fast" waiting="0.00" lane="bottom_1" pos="32.53" speed="46.87" angle="35.98" x="119.37" y="29.59"/>
        <vehicle id="cfm-fast_3" eclass="HBEFA3/PC_G_EU4" CO2="0.00" CO="0.00" HC="0.00" NOx="0.00" PMx="0.00" fuel="0.00" electricity="0.00" noise="70.60" route="routebottom" type="cfm-fast" waiting="0.00" lane="bottom_0" pos="29.71" speed="26.79" angle="41.01" x="118.79" y="22.83"/>
        <vehicle id="cfm-fast_4" eclass="HBEFA3/PC_G_EU4" CO2="216931.48" CO="4883.31" HC="27.69" NOx="101.11" PMx="5.85" fuel="93.25" electricity="0.00" noise="141.63" route="routebottom" type="cfm-fast" waiting="0.00" lane="right_1" pos="22.96" speed="55.51" angle="323.15" x="112.71" y="106.79"/>
        <vehicle id="cfm-fast_5" eclass="HBEFA3/PC_G_EU4" CO2="0.00" CO="0.00" HC="0.00" NOx="0.00" PMx="0.00" fuel="0.00" electricity="0.00" noise="69.72" route="routebottom" type="cfm-fast" waiting="0.00" lane="bottom_0" pos="49.05" speed="22.54" angle="6.28" x="132.23" y="61.52"/>
        <vehicle id="cfm-slow_0" eclass="HBEFA3/PC_G_EU4" CO2="13652.13" CO="204.88" HC="1.27" NOx="5.86" PMx="0.31" fuel="5.87" electricity="0.00" noise="74.27" route="routebottom" type="cfm-slow" waiting="0.00" lane="right_0" pos="13.59" speed="21.33" angle="340.00" x="126.09" y="92.10"/>
        <vehicle id="cfm-slow_1" eclass="HBEFA3/PC_G_EU4" CO2="21557.67" CO="368.72" HC="2.21" NOx="9.56" PMx="0.52" fuel="9.27" electricity="0.00" noise="79.44" route="routebottom" type="cfm-slow" waiting="0.00" lane="right_0" pos="30.51" speed="22.76" angle="309.56" x="103.10" y="119.79"/>
        <vehicle id="cfm-slow_2" eclass="HBEFA3/PC_G_EU4" CO2="32044.64" CO="591.08" HC="3.49" NOx="14.45" PMx="0.80" fuel="13.77" electricity="0.00" noise="85.63" route="routebottom" type="cfm-slow" waiting="0.00" lane="right_0" pos="48.95" speed="25.40" angle="276.47" x="66.01" y="132.23"/>
        <vehicle id="cfm-slow_3" eclass="HBEFA3/PC_G_EU4" CO2="38291.12" CO="739.20" HC="4.32" NOx="17.31" PMx="0.97" fuel="16.46" electricity="0.00" noise="88.00" route="routetop" type="cfm-slow" waiting="0.00" lane="top_0" pos="20.14" speed="29.20" angle="238.17" x="23.08" y="118.96"/>
        <vehicle id="cfm-slow_4" eclass="HBEFA3/PC_G_EU4" CO2="26905.06" CO="536.52" HC="3.12" NOx="11.86" PMx="0.69" fuel="11.57" electricity="0.00" noise="81.70" route="routetop" type="cfm-slow" waiting="0.00" lane="top_0" pos="45.24" speed="33.01" angle="193.17" x="-4.17" y="73.97"/>
        <vehicle id="cfm-slow_5" eclass="HBEFA3/PC_G_EU4" CO2="0.00" CO="0.00" HC="0.00" NOx="0.00" PMx="0.00" fuel="0.00" electricity="0.00" noise="74.72" route="routetop" type="cfm-slow" waiting="0.00" lane="left_0" pos="24.13" speed="34.65" angle="141.04" x="13.84" y="16.50"/>
    </timestep>
    <timestep time="4.11">
        <vehicle id="cfm-fast_0" eclass="HBEFA3/PC_G_EU4" CO2="82245.01" CO="1800.01" HC="10.27" NOx="37.79" PMx="2.20" fuel="35.35" electricity="0.00" noise="103.71" route="routetop" type="cfm-fast" waiting="0.00" lane="left_1" pos="47.66" speed="42.08" angle="98.77" x="58.84" y="-1.47"/>
        <vehicle id="cfm-fast_1" eclass="HBEFA3/PC_G_EU4" CO2="0.00" CO="0.00" HC="0.00" NOx="0.00" PMx="0.00" fuel="0.00" electricity="0.00" noise="72.87" route="routebottom" type="cfm-fast" waiting="0.00" lane="bottom_0" pos="5.75" speed="31.58" angle="84.11" x="76.07" y="-3.81"/>
        <vehicle id="cfm-fast_2" eclass="HBEFA3/PC_G_EU4" CO2="138425.54" CO="3052.33" HC="17.38" NOx="64.21" PMx="3.71" fuel="59.50" electricity="0.00" noise="122.27" route="routebottom" type="cfm-fast" waiting="0.00" lane="bottom_1" pos="33.00" speed="46.97" angle="35.10" x="119.86" y="30.41"/>
        <vehicle id="cfm-fast_3" eclass="HBEFA3/PC_G_EU4" CO2="0.00" CO="0.00" HC="0.00" NOx="0.00" PMx="0.00" fuel="0.00" electricity="0.00" noise="70.59" route="routebottom" type="cfm-fast" waiting="0.00" lane="bottom_0" pos="29.98" speed="26.77" angle="40.52" x="119.12" y="23.30"/>
        <vehicle id="cfm-fast_4" eclass="HBEFA3/PC_G_EU4" CO2="217517.49" CO="4899.30" HC="27.78" NOx="101.38" PMx="5.87" fuel="93.50" electricity="0.00" noise="141.69" route="routebottom" type="cfm-fast" waiting="0.00" lane="right_1" pos="23.51" speed="55.65" angle="322.20" x="111.95" y="107.63"/>
        <vehicle id="cfm-fast_5" eclass="HBEFA3/PC_G_EU4" CO2="0.00" CO="0.00" HC="0.00" NOx="0.00" PMx="0.00" fuel="0.00" electricity="0.00" noise="69.74" route="routebottom" type="cfm-fast" waiting="0.00" lane="bottom_0" pos="49.27" speed="22.54" angle="5.86" x="132.24" y="62.01"/>
        <vehicle id="cfm-slow_0" eclass="HBEFA3/PC_G_EU4" CO2="13703.22" CO="205.94" HC="1.28" NOx="5.89" PMx="0.31" fuel="5.89" electricity="0.00" noise="74.30" route="routebottom" type="cfm-slow" waiting="0.00" lane="right_0" pos="13.80" speed="21.35" angle="339.61" x="125.90" y="92.52"/>
        <vehicle id="cfm-slow_1" eclass="HBEFA3/PC_G_EU4" CO2="21631.62" CO="370.28" HC="2.22" NOx="9.59" PMx="0.52" fuel="9.30" electricity="0.00" noise="79.49" route="routebottom" type="cfm-slow" waiting="0.00" lane="right_0" pos="30.74" speed="22.79" angle="309.18" x="102.70" y="120.07"/>
        <vehicle id="cfm-slow_2" eclass="HBEFA3/PC_G_EU4" CO2="32086.30" CO="592.08" HC="3.49" NOx="14.47" PMx="0.80" fuel="13.79" electricity="0.00" noise="85.64" route="routebottom" type="cfm-slow" waiting="0.00" lane="right_0" pos="49.21" speed="25.44" angle="276.00" x="65.47" y="132.24"/>
        <vehicle id="cfm-slow_3" eclass="HBEFA3/PC_G_EU4" CO2="38182.23" CO="737.24" HC="4.31" NOx="17.26" PMx="0.97" fuel="16.41" electricity="0.00" noise="87.92" route="routetop" type="cfm-slow" waiting="0.00" lane="top_0" pos="20.44" speed="29.24" angle="237.67" x="22.57" y="118.60"/>
        <vehicle id="cfm-slow_4" eclass="HBEFA3/PC_G_EU4" CO2="26595.33" CO="530.37" HC="3.09" NOx="11.71" PMx="0.68" fuel="11.43" electricity="0.00" noise="81.57" route="routetop" type="cfm-slow" waiting="0.00" lane="top_0" pos="45.57" speed="33.04" angle="192.56" x="-4.26" y="73.26"/>
        <vehicle id="cfm-slow_5" eclass="HBEFA3/PC_G_EU4" CO2="0.00" CO="0.00" HC="0.00" NOx="0.00" PMx="0.00" fuel="0.00" electricity="0.00" noise="74.69" route="routetop" type="cfm-slow" waiting="0.00" lane="left_0" pos="24.47" speed="34.64" angle="140.47" x="14.35" y="15.96"/>
    </timestep>
    <timestep time="4.12">
        <vehicle id="cfm-fast_0" eclass="HBEFA3/PC_G_EU4" CO2="82598.57" CO="1808.43" HC="10.31" NOx="37.96" PMx="2.21" fuel="35.50" electricity="0.00" noise="103.82" route="routetop" type="cfm-fast" waiting="0.00" lane="left_1" pos="48.08" speed="42.14" angle="97.99" x="59.70" y="-1.52"/>
        <vehicle id="cfm-fast_1" eclass="HBEFA3/PC_G_EU4" CO2="0.00" CO="0.00" HC="0.00" NOx="0.00" PMx="0.00" fuel="0.00" electricity="0.00" noise="72.86" route="routebottom" type="cfm-fast" waiting="0.00" lane="bottom_0" pos="6.07" speed="31.55" angle="83.53" x="76.74" y="-3.69"/>
        <vehicle id="cfm-fast_2" eclass="HBEFA3/PC_G_EU4" CO2="138976.80" CO="3065.88" HC="17.45" NOx="64.47" PMx="3.72" fuel="59.74" electricity="0.00" noise="122.40" route="routebottom" type="cfm-fast" waiting="0.00" lane="bottom_1" pos="33.47" speed="47.08" angle="34.28" x="120.35" y="31.25"/>
        <vehicle id="cfm-fast_3" eclass="HBEFA3/PC_G_EU4" CO2="0.00" CO="0.00" HC="0.00" NOx="0.00" PMx="0.00" fuel="0.00" electricity="0.00" noise="70.58" route="routebottom" type="cfm-fast" waiting="0.00" lane="bottom_0" pos="30.25" speed="26.74" angle="40.03" x="119.46" y="23.77"/>
        <vehicle id="cfm-fast_4" eclass="HBEFA3/PC_G_EU4" CO2="218103.79" CO="4915.31" HC="27.86" NOx="101.66" PMx="5.88" fuel="93.75" electricity="0.00" noise="141.76" route="routebottom" type="cfm-fast" waiting="0.00" lane="right_1" pos="24.07" speed="55.78" angle="321.17" x="111.17" y="108.47"/>
        <vehicle id="cfm-fast_5" eclass="HBEFA3/PC_G_EU4" CO2="0.00" CO="0.00" HC="0.00" NOx="0.00" PMx="0.00" fuel="0.00" electricity="0.00" noise="69.75" route="routebottom" type="cfm-fast" waiting="0.00" lane="bottom_0" pos="49.50" speed="22.53" angle="5.44" x="132.25" y="62.49"/>
        <vehicle id="cfm-slow_0" eclass="HBEFA3/PC_G_EU4" CO2="13754.68" CO="207.00" HC="1.28" NOx="5.91" PMx="0.31" fuel="5.91" electricity="0.00" noise="74.33" route="routebottom" type="cfm-slow" waiting="0.00" lane="right_0" pos="14.01" speed="21.37" angle="339.26" x="125.72" y="92.94"/>
        <vehicle id="cfm-slow_1" eclass="HBEFA3/PC_G_EU4" CO2="21705.48" CO="371.84" HC="2.23" NOx="9.63" PMx="0.52" fuel="9.33" electricity="0.00" noise="79.53" route="routebottom" type="cfm-slow" waiting="0.00" lane="right_0" pos="30.97" speed="22.82" angle="308.79" x="102.30" y="120.35"/>
        <vehicle id="cfm-slow_2" eclass="HBEFA3/PC_G_EU4" CO2="32126.89" CO="593.07" HC="3.50" NOx="14.49" PMx="0.80" fuel="13.81" electricity="0.00" noise="85.65" route="routebottom" type="cfm-slow" waiting="0.00" lane="right_0" pos="49.46" speed="25.48" angle="275.52" x="64.92" y="132.25"/>
        <vehicle id="cfm-slow_3" eclass="HBEFA3/PC_G_EU4" CO2="38071.59" CO="735.25" HC="4.30" NOx="17.21" PMx="0.97" fuel="16.37" electricity="0.00" noise="87.85" route="routetop" type="cfm-slow" waiting="0.00" lane="top_0" pos="20.73" speed="29.28" angle="237.16" x="22.07" y="118.21"/>
        <vehicle id="cfm-slow_4" eclass="HBEFA3/PC_G_EU4" CO2="26285.61" CO="524.22" HC="3.05" NOx="11.56" PMx="0.68" fuel="11.30" electricity="0.00" noise="81.44" route="routetop" type="cfm-slow" waiting="0.00" lane="top_0" pos="45.90" speed="33.06" angle="191.95" x="-4.36" y="72.56"/>
        <vehicle id="cfm-slow_5" eclass="HBEFA3/PC_G_EU4" CO2="0.00" CO="0.00" HC="0.00" NOx="0.00" PMx="0.00" fuel="0.00" electricity="0.00" noise="74.67" route="routetop" type="cfm-slow" waiting="0.00" lane="left_0" pos="24.82" speed="34.63" angle="139.84" x="14.88" y="15.43"/>
    </timestep>
    <timestep time="4.13">
        <vehicle id="cfm-fast_0" eclass="HBEFA3/PC_G_EU4" CO2="82954.93" CO="1816.92" HC="10.36" NOx="38.12" PMx="2.22" fuel="35.66" electricity="0.00" noise="103.94" route="routetop" type="cfm-fast" waiting="0.00" lane="left_1" pos="48.51" speed="42.21" angle="97.21" x="60.57" y="-1.57"/>
        <vehicle id="cfm-fast_1" eclass="HBEFA3/PC_G_EU4" CO2="0.00" CO="0.00" HC="0.00" NOx="0.00" PMx="0.00" fuel="0.00" electricity="0.00" noise="72.84" route="routebottom" type="cfm-fast" waiting="0.00" lane="bottom_0" pos="6.38" speed="31.52" angle="83.01" x="77.40" y="-3.56"/>
        <vehicle id="cfm-fast_2" eclass="HBEFA3/PC_G_EU4" CO2="139529.62" CO="3079.48" HC="17.53" NOx="64.73" PMx="3.74" fuel="59.98" electricity="0.00" noise="122.53" route="routebottom" type="cfm-fast" waiting="0.00" lane="bottom_1" pos="33.94" speed="47.18" angle="33.43" x="120.82" y="32.09"/>
        <vehicle id="cfm-fast_3" eclass="HBEFA3/PC_G_EU4" CO2="0.00" CO="0.00" HC="0.00" NOx="0.00" PMx="0.00" fuel="0.00" electricity="0.00" noise="70.56" route="routebottom" type="cfm-fast" waiting="0.00" lane="bottom_0" pos="30.52" speed="26.72" angle="39.54" x="119.80" y="24.23"/>
        <vehicle id="cfm-fast_4" eclass="HBEFA3/PC_G_EU4" CO2="218690.39" CO="4931.34" HC="27.95" NOx="101.93" PMx="5.90" fuel="94.00" electricity="0.00" noise="141.83" route="routebottom" type="cfm-fast" waiting="0.00" lane="right_1" pos="24.63" speed="55.92" angle="320.21" x="110.37" y="109.30"/>
        <vehicle id="cfm-fast_5" eclass="HBEFA3/PC_G_EU4" CO2="0.00" CO="0.00" HC="0.00" NOx="0.00" PMx="0.00" fuel="0.00" electricity="0.00" noise="69.76" route="routebottom" type="cfm-fast" waiting="0.00" lane="bottom_0" pos="49.72" speed="22.53" angle="5.02" x="132.26" y="62.98"/>
        <vehicle id="cfm-slow_0" eclass="HBEFA3/PC_G_EU4" CO2="13806.53" CO="208.07" HC="1.29" NOx="5.93" PMx="0.31" fuel="5.93" electricity="0.00" noise="74.37" route="routebottom" type="cfm-slow" waiting="0.00" lane="right_0" pos="14.23" speed="21.39" angle="338.88" x="125.52" y="93.36"/>
        <vehicle id="cfm-slow_1" eclass="HBEFA3/PC_G_EU4" CO2="21779.26" CO="373.41" HC="2.24" NOx="9.66" PMx="0.52" fuel="9.36" electricity="0.00" noise="79.58" route="routebottom" type="cfm-slow" waiting="0.00" lane="right_0" pos="31.20" speed="22.86" angle="308.37" x="101.89" y="120.62"/>
        <vehicle id="cfm-slow_2" eclass="HBEFA3/PC_G_EU4" CO2="32166.40" CO="594.04" HC="3.51" NOx="14.50" PMx="0.80" fuel="13.83" electricity="0.00" noise="85.66" route="routebottom" type="cfm-slow" waiting="0.00" lane="right_0" pos="49.72" speed="25.52" angle="275.04" x="64.37" y="132.26"/>
        <vehicle id="cfm-slow_3" eclass="HBEFA3/PC_G_EU4" CO2="37959.21" CO="733.23" HC="4.29" NOx="17.15" PMx="0.96" fuel="16.32" electricity="0.00" noise="87.77" route="routetop" type="cfm-slow" waiting="0.00" lane="top_0" pos="21.02" speed="29.33" angle="236.62" x="21.57" y="117.82"/>
        <vehicle id="cfm-slow_4" eclass="HBEFA3/PC_G_EU4" CO2="25975.91" CO="518.06" HC="3.01" NOx="11.42" PMx="0.67" fuel="11.17" electricity="0.00" noise="81.31" route="routetop" type="cfm-slow" waiting="0.00" lane="top_0" pos="46.23" speed="33.08" angle="191.40" x="-4.46" y="71.85"/>
        <vehicle id="cfm-slow_5" eclass="HBEFA3/PC_G_EU4" CO2="0.00" CO="0.00" HC="0.00" NOx="0.00" PMx="0.00" fuel="0.00" electricity="0.00" noise="74.65" route="routetop" type="cfm-slow" waiting="0.00" lane="left_0" pos="25.17" speed="34.62" angle="139.20" x="15.41" y="14.90"/>
    </timestep>
    <timestep time="4.14">
        <vehicle id="cfm-fast_0" eclass="HBEFA3/PC_G_EU4" CO2="83314.08" CO="1825.46" HC="10.41" NOx="38.29" PMx="2.23" fuel="35.81" electricity="0.00" noise="104.06" route="routetop" type="cfm-fast" waiting="0.00" lane="left_1" pos="48.93" speed="42.27" angle="96.48" x="61.43" y="-1.61"/>
        <vehicle id="cfm-fast_1" eclass="HBEFA3/PC_G_EU4" CO2="0.00" CO="0.00" HC="0.00" NOx="0.00" PMx="0.00" fuel="0.00" electricity="0.00" noise="72.83" route="routebottom" type="cfm-fast" waiting="0.00" lane="bottom_0" pos="6.70" speed="31.49" angle="82.41" x="78.07" y="-3.41"/>
        <vehicle id="cfm-fast_2" eclass="HBEFA3/PC_G_EU4" CO2="140083.97" CO="3093.12" HC="17.60" NOx="64.99" PMx="3.75" fuel="60.22" electricity="0.00" noise="122.65" route="routebottom" type="cfm-fast" waiting="0.00" lane="bottom_1" pos="34.42" speed="47.28" angle="32.58" x="121.29" y="32.94"/>
        <vehicle id="cfm-fast_3" eclass="HBEFA3/PC_G_EU4" CO2="0.00" CO="0.00" HC="0.00" NOx="0.00" PMx="0.00" fuel="0.00" electricity="0.00" noise="70.55" route="routebottom" type="cfm-fast" waiting="0.00" lane="bottom_0" pos="30.78" speed="26.70" angle="39.11" x="120.13" y="24.70"/>
        <vehicle id="cfm-fast_4" eclass="HBEFA3/PC_G_EU4" CO2="219277.27" CO="4947.39" HC="28.04" NOx="102.21" PMx="5.92" fuel="94.26" electricity="0.00" noise="141.89" route="routebottom" type="cfm-fast" waiting="0.00" lane="right_1" pos="25.19" speed="56.06" angle="319.19" x="109.56" y="110.11"/>
        <vehicle id="cfm-fast_5" eclass="HBEFA3/PC_G_EU4" CO2="0.00" CO="0.00" HC="0.00" NOx="0.00" PMx="0.00" fuel="0.00" electricity="0.00" noise="69.77" route="routebottom" type="cfm-fast" waiting="0.00" lane="bottom_0" pos="49.95" speed="22.53" angle="4.62" x="132.27" y="63.46"/>
        <vehicle id="cfm-slow_0" eclass="HBEFA3/PC_G_EU4" CO2="13858.74" CO="209.15" HC="1.29" NOx="5.96" PMx="0.31" fuel="5.96" electricity="0.00" noise="74.40" route="routebottom" type="cfm-slow" waiting="0.00" lane="right_0" pos="14.44" speed="21.40" angle="338.48" x="125.31" y="93.77"/>
        <vehicle id="cfm-slow_1" eclass="HBEFA3/PC_G_EU4" CO2="21852.93" CO="374.97" HC="2.25" NOx="9.70" PMx="0.52" fuel="9.39" electricity="0.00" noise="79.62" route="routebottom" type="cfm-slow" waiting="0.00" lane="right_0" pos="31.43" speed="22.89" angle="307.96" x="101.48" y="120.90"/>
        <vehicle id="cfm-slow_2" eclass="HBEFA3/PC_G_EU4" CO2="32204.83" CO="594.98" HC="3.51" NOx="14.52" PMx="0.80" fuel="13.84" electricity="0.00" noise="85.67" route="routebottom" type="cfm-slow" waiting="0.00" lane="right_0" pos="49.97" speed="25.57" angle="274.59" x="63.82" y="132.27"/>
        <vehicle id="cfm-slow_3" eclass="HBEFA3/PC_G_EU4" CO2="37845.12" CO="731.17" HC="4.28" NOx="17.10" PMx="0.96" fuel="16.27" electricity="0.00" noise="87.69" route="routetop" type="cfm-slow" waiting="0.00" lane="top_0" pos="21.32" speed="29.37" angle="236.08" x="21.08" y="117.43"/>
        <vehicle id="cfm-slow_4" eclass="HBEFA3/PC_G_EU4" CO2="25666.28" CO="511.90" HC="2.98" NOx="11.27" PMx="0.66" fuel="11.03" electricity="0.00" noise="81.18" route="routetop" type="cfm-slow" waiting="0.00" lane="top_0" pos="46.56" speed="33.10" angle="190.79" x="-4.53" y="71.15"/>
        <vehicle id="cfm-slow_5" eclass="HBEFA3/PC_G_EU4" CO2="0.00" CO="0.00" HC="0.00" NOx="0.00" PMx="0.00" fuel="0.00" electricity="0.00" noise="74.63" route="routetop" type="cfm-slow" waiting="0.00" lane="left_0" pos="25.51" speed="34.60" angle="138.57" x="15.93" y="14.38"/>
    </timestep>
    <timestep time="4.15">
        <vehicle id="cfm-fast_0" eclass="HBEFA3/PC_G_EU4" CO2="83676.00" CO="1834.08" HC="10.46" NOx="38.46" PMx="2.24" fuel="35.97" electricity="0.00" noise="104.17" route="routetop" type="cfm-fast" waiting="0.00" lane="left_1" pos="49.35" speed="42.34" angle="95.68" x="62.30" y="-1.62"/>
        <vehicle id="cfm-fast_1" eclass="HBEFA3/PC_G_EU4" CO2="0.00" CO="0.00" HC="0.00" NOx="0.00" PMx="0.00" fuel="0.00" electricity="0.00" noise="72.81" route="routebottom" type="cfm-fast" waiting="0.00" lane="bottom_0" pos="7.01" speed="31.46" angle="81.81" x="78.73" y="-3.26"/>
        <vehicle id="cfm-fast_2" eclass="HBEFA3/PC_G_EU4" CO2="140639.86" CO="3106.81" HC="17.68" NOx="65.25" PMx="3.77" fuel="60.45" electricity="0.00" noise="122.78" route="routebottom" type="cfm-fast" waiting="0.00" lane="bottom_1" pos="34.89" speed="47.38" angle="31.76" x="121.74" y="33.80"/>
        <vehicle id="cfm-fast_3" eclass="HBEFA3/PC_G_EU4" CO2="0.00" CO="0.00" HC="0.00" NOx="0.00" PMx="0.00" fuel="0.00" electricity="0.00" noise="70.54" route="routebottom" type="cfm-fast" waiting="0.00" lane="bottom_0" pos="31.05" speed="26.67" angle="38.63" x="120.45" y="25.18"/>
        <vehicle id="cfm-fast_4" eclass="HBEFA3/PC_G_EU4" CO2="219864.45" CO="4963.47" HC="28.13" NOx="102.48" PMx="5.94" fuel="94.51" electricity="0.00" noise="141.96" route="routebottom" type="cfm-fast" waiting="0.00" lane="right_1" pos="25.75" speed="56.19" angle="318.22" x="108.74" y="110.92"/>
        <vehicle id="cfm-fast_5" eclass="HBEFA3/PC_G_EU4" CO2="0.00" CO="0.00" HC="0.00" NOx="0.00" PMx="0.00" fuel="0.00" electricity="0.00" noise="69.79" route="routebottom" type="cfm-fast" waiting="0.00" lane="right_0" pos="0.17" speed="22.53" angle="4.15" x="132.26" y="64.14"/>
        <vehicle id="cfm-slow_0" eclass="HBEFA3/PC_G_EU4" CO2="13911.31" CO="210.24" HC="1.30" NOx="5.98" PMx="0.31" fuel="5.98" electricity="0.00" noise="74.44" route="routebottom" type="cfm-slow" waiting="0.00" lane="right_0" pos="14.66" speed="21.42" angle="338.07" x="125.10" y="94.18"/>
        <vehicle id="cfm-slow_1" eclass="HBEFA3/PC_G_EU4" CO2="21926.49" CO="376.52" HC="2.26" NOx="9.73" PMx="0.53" fuel="9.43" electricity="0.00" noise="79.66" route="routebottom" type="cfm-slow" waiting="0.00" lane="right_0" pos="31.65" speed="22.92" angle="307.55" x="101.07" y="121.17"/>
        <vehicle id="cfm-slow_2" eclass="HBEFA3/PC_G_EU4" CO2="32242.16" CO="595.90" HC="3.52" NOx="14.54" PMx="0.80" fuel="13.86" electricity="0.00" noise="85.68" route="routetop" type="cfm-slow" waiting="0.00" lane="top_0" pos="0.23" speed="25.61" angle="274.06" x="63.08" y="132.26"/>
        <vehicle id="cfm-slow_3" eclass="HBEFA3/PC_G_EU4" CO2="37729.30" CO="729.07" HC="4.26" NOx="17.04" PMx="0.96" fuel="16.22" electricity="0.00" noise="87.61" route="routetop" type="cfm-slow" waiting="0.00" lane="top_0" pos="21.61" speed="29.41" angle="235.54" x="20.58" y="117.04"/>
        <vehicle id="cfm-slow_4" eclass="HBEFA3/PC_G_EU4" CO2="25356.73" CO="505.74" HC="2.94" NOx="11.13" PMx="0.65" fuel="10.90" electricity="0.00" noise="81.05" route="routetop" type="cfm-slow" waiting="0.00" lane="top_0" pos="46.89" speed="33.13" angle="190.18" x="-4.60" y="70.44"/>
        <vehicle id="cfm-slow_5" eclass="HBEFA3/PC_G_EU4" CO2="0.00" CO="0.00" HC="0.00" NOx="0.00" PMx="0.00" fuel="0.00" electricity="0.00" noise="74.60" route="routetop" type="cfm-slow" waiting="0.00" lane="left_0" pos="25.86" speed="34.59" angle="137.99" x="16.47" y="13.86"/>
    </timestep>
    <timestep time="4.16">
        <vehicle id="cfm-fast_0" eclass="HBEFA3/PC_G_EU4" CO2="84040.67" CO="1842.75" HC="10.51" NOx="38.63" PMx="2.25" fuel="36.12" electricity="0.00" noise="104.29" route="routetop" type="cfm-fast" waiting="0.00" lane="left_1" pos="49.78" speed="42.40" angle="94.89" x="63.17" y="-1.64"/>
        <vehicle id="cfm-fast_1" eclass="HBEFA3/PC_G_EU4" CO2="0.00" CO="0.00" HC="0.00" NOx="0.00" PMx="0.00" fuel="0.00" electricity="0.00" noise="72.80" route="routebottom" type="cfm-fast" waiting="0.00" lane="bottom_0" pos="7.33" speed="31.43" angle="81.21" x="79.38" y="-3.11"/>
        <vehicle id="cfm-fast_2" eclass="HBEFA3/PC_G_EU4" CO2="141197.25" CO="3120.54" HC="17.76" NOx="65.51" PMx="3.78" fuel="60.69" electricity="0.00" noise="122.91" route="routebottom" type="cfm-fast" waiting="0.00" lane="bottom_1" pos="35.36" speed="47.49" angle="30.88" x="122.18" y="34.67"/>
        <vehicle id="cfm-fast_3" eclass="HBEFA3/PC_G_EU4" CO2="0.00" CO="0.00" HC="0.00" NOx="0.00" PMx="0.00" fuel="0.00" electricity="0.00" noise="70.53" route="routebottom" type="cfm-fast" waiting="0.00" lane="bottom_0" pos="31.32" speed="26.65" angle="38.15" x="120.77" y="25.65"/>
        <vehicle id="cfm-fast_4" eclass="HBEFA3/PC_G_EU4" CO2="220451.92" CO="4979.56" HC="28.22" NOx="102.76" PMx="5.95" fuel="94.76" electricity="0.00" noise="142.02" route="routebottom" type="cfm-fast" waiting="0.00" lane="right_1" pos="26.31" speed="56.33" angle="317.19" x="107.89" y="111.70"/>
        <vehicle id="cfm-fast_5" eclass="HBEFA3/PC_G_EU4" CO2="0.00" CO="0.00" HC="0.00" NOx="0.00" PMx="0.00" fuel="0.00" electricity="0.00" noise="69.80" route="routebottom" type="cfm-fast" waiting="0.00" lane="right_0" pos="0.40" speed="22.53" angle="3.74" x="132.25" y="64.62"/>
        <vehicle id="cfm-slow_0" eclass="HBEFA3/PC_G_EU4" CO2="13964.24" CO="211.33" HC="1.31" NOx="6.01" PMx="0.32" fuel="6.00" electricity="0.00" noise="74.47" route="routebottom" type="cfm-slow" waiting="0.00" lane="right_0" pos="14.87" speed="21.44" angle="337.66" x="124.90" y="94.59"/>
        <vehicle id="cfm-slow_1" eclass="HBEFA3/PC_G_EU4" CO2="21999.93" CO="378.08" HC="2.27" NOx="9.76" PMx="0.53" fuel="9.46" electricity="0.00" noise="79.71" route="routebottom" type="cfm-slow" waiting="0.00" lane="right_0" pos="31.88" speed="22.95" angle="307.14" x="100.66" y="121.45"/>
        <vehicle id="cfm-slow_2" eclass="HBEFA3/PC_G_EU4" CO2="32278.38" CO="596.80" HC="3.52" NOx="14.55" PMx="0.80" fuel="13.87" electricity="0.00" noise="85.68" route="routetop" type="cfm-slow" waiting="0.00" lane="top_0" pos="0.49" speed="25.65" angle="273.60" x="62.53" y="132.25"/>
        <vehicle id="cfm-slow_3" eclass="HBEFA3/PC_G_EU4" CO2="37611.78" CO="726.94" HC="4.25" NOx="16.99" PMx="0.95" fuel="16.17" electricity="0.00" noise="87.53" route="routetop" type="cfm-slow" waiting="0.00" lane="top_0" pos="21.91" speed="29.45" angle="235.05" x="20.08" y="116.65"/>
        <vehicle id="cfm-slow_4" eclass="HBEFA3/PC_G_EU4" CO2="25047.29" CO="499.58" HC="2.91" NOx="10.98" PMx="0.64" fuel="10.77" electricity="0.00" noise="80.92" route="routetop" type="cfm-slow" waiting="0.00" lane="top_0" pos="47.22" speed="33.15" angle="189.57" x="-4.67" y="69.73"/>
        <vehicle id="cfm-slow_5" eclass="HBEFA3/PC_G_EU4" CO2="0.00" CO="0.00" HC="0.00" NOx="0.00" PMx="0.00" fuel="0.00" electricity="0.00" noise="74.58" route="routetop" type="cfm-slow" waiting="0.00" lane="left_0" pos="26.20" speed="34.57" angle="137.35" x="17.02" y="13.36"/>
    </timestep>
    <timestep time="4.17">
        <vehicle id="cfm-fast_0" eclass="HBEFA3/PC_G_EU4" CO2="84408.08" CO="1851.49" HC="10.56" NOx="38.80" PMx="2.26" fuel="36.28" electricity="0.00" noise="104.41" route="routebottom" type="cfm-fast" waiting="0.00" lane="bottom_1" pos="0.20" speed="42.47" angle="94.13" x="64.10" y="-1.64"/>
        <vehicle id="cfm-fast_1" eclass="HBEFA3/PC_G_EU4" CO2="0.00" CO="0.00" HC="0.00" NOx="0.00" PMx="0.00" fuel="0.00" electricity="0.00" noise="72.78" route="routebottom" type="cfm-fast" waiting="0.00" lane="bottom_0" pos="7.64" speed="31.40" angle="80.67" x="80.04" y="-2.96"/>
        <vehicle id="cfm-fast_2" eclass="HBEFA3/PC_G_EU4" CO2="141756.13" CO="3134.31" HC="17.83" NOx="65.77" PMx="3.80" fuel="60.93" electricity="0.00" noise="123.04" route="routebottom" type="cfm-fast" waiting="0.00" lane="bottom_1" pos="35.84" speed="47.59" angle="30.02" x="122.61" y="35.54"/>
        <vehicle id="cfm-fast_3" eclass="HBEFA3/PC_G_EU4" CO2="0.00" CO="0.00" HC="0.00" NOx="0.00" PMx="0.00" fuel="0.00" electricity="0.00" noise="70.52" route="routebottom" type="cfm-fast" waiting="0.00" lane="bottom_0" pos="31.58" speed="26.62" angle="37.67" x="121.09" y="26.13"/>
        <vehicle id="cfm-fast_4" eclass="HBEFA3/PC_G_EU4" CO2="221039.68" CO="4995.68" HC="28.31" NOx="103.03" PMx="5.97" fuel="95.01" electricity="0.00" noise="142.09" route="routebottom" type="cfm-fast" waiting="0.00" lane="right_1" pos="26.88" speed="56.47" angle="316.20" x="107.04" y="112.49"/>
        <vehicle id="cfm-fast_5" eclass="HBEFA3/PC_G_EU4" CO2="0.00" CO="0.00" HC="0.00" NOx="0.00" PMx="0.00" fuel="0.00" electricity="0.00" noise="69.82" route="routebottom" type="cfm-fast" waiting="0.00" lane="right_0" pos="0.63" speed="22.53" angle="3.34" x="132.24" y="65.11"/>
        <vehicle id="cfm-slow_0" eclass="HBEFA3/PC_G_EU4" CO2="14017.53" CO="212.43" HC="1.31" NOx="6.03" PMx="0.32" fuel="6.03" electricity="0.00" noise="74.51" route="routebottom" type="cfm-slow" waiting="0.00" lane="right_0" pos="15.08" speed="21.46" angle="337.25" x="124.69" y="95.00"/>
        <vehicle id="cfm-slow_1" eclass="HBEFA3/PC_G_EU4" CO2="22073.25" CO="379.64" HC="2.28" NOx="9.80" PMx="0.53" fuel="9.49" electricity="0.00" noise="79.75" route="routebottom" type="cfm-slow" waiting="0.00" lane="right_0" pos="32.11" speed="22.98" angle="306.79" x="100.25" y="121.72"/>
        <vehicle id="cfm-slow_2" eclass="HBEFA3/PC_G_EU4" CO2="32313.50" CO="597.68" HC="3.53" NOx="14.57" PMx="0.80" fuel="13.89" electricity="0.00" noise="85.69" route="routetop" type="cfm-slow" waiting="0.00" lane="top_0" pos="0.74" speed="25.69" angle="273.13" x="61.97" y="132.24"/>
        <vehicle id="cfm-slow_3" eclass="HBEFA3/PC_G_EU4" CO2="37492.57" CO="724.78" HC="4.24" NOx="16.93" PMx="0.95" fuel="16.12" electricity="0.00" noise="87.45" route="routetop" type="cfm-slow" waiting="0.00" lane="top_0" pos="22.20" speed="29.49" angle="234.50" x="19.60" y="116.24"/>
        <vehicle id="cfm-slow_4" eclass="HBEFA3/PC_G_EU4" CO2="24738.00" CO="493.42" HC="2.87" NOx="10.83" PMx="0.64" fuel="10.63" electricity="0.00" noise="80.79" route="routetop" type="cfm-slow" waiting="0.00" lane="top_0" pos="47.55" speed="33.17" angle="189.02" x="-4.74" y="69.02"/>
        <vehicle id="cfm-slow_5" eclass="HBEFA3/PC_G_EU4" CO2="0.00" CO="0.00" HC="0.00" NOx="0.00" PMx="0.00" fuel="0.00" electricity="0.00" noise="74.56" route="routetop" type="cfm-slow" waiting="0.00" lane="left_0" pos="26.55" speed="34.56" angle="136.71" x="17.57" y="12.86"/>
    </timestep>
    <timestep time="4.18">
        <vehicle id="cfm-fast_0" eclass="HBEFA3/PC_G_EU4" CO2="84778.19" CO="1860.29" HC="10.61" NOx="38.98" PMx="2.27" fuel="36.44" electricity="0.00" noise="104.53" route="routebottom" type="cfm-fast" waiting="0.00" lane="bottom_1" pos="0.63" speed="42.54" angle="93.35" x="64.97" y="-1.63"/>
        <vehicle id="cfm-fast_1" eclass="HBEFA3/PC_G_EU4" CO2="0.00" CO="0.00" HC="0.00" NOx="0.00" PMx="0.00" fuel="0.00" electricity="0.00" noise="72.77" route="routebottom" type="cfm-fast" waiting="0.00" lane="bottom_0" pos="7.96" speed="31.37" angle="80.10" x="80.70" y="-2.79"/>
        <vehicle id="cfm-fast_2" eclass="HBEFA3/PC_G_EU4" CO2="142316.50" CO="3148.13" HC="17.91" NOx="66.03" PMx="3.81" fuel="61.17" electricity="0.00" noise="123.17" route="routebottom" type="cfm-fast" waiting="0.00" lane="bottom_1" pos="36.32" speed="47.69" angle="29.14" x="123.02" y="36.43"/>
        <vehicle id="cfm-fast_3" eclass="HBEFA3/PC_G_EU4" CO2="0.00" CO="0.00" HC="0.00" NOx="0.00" PMx="0.00" fuel="0.00" electricity="0.00" noise="70.50" route="routebottom" type="cfm-fast" waiting="0.00" lane="bottom_0" pos="31.85" speed="26.60" angle="37.19" x="121.41" y="26.60"/>
        <vehicle id="cfm-fast_4" eclass="HBEFA3/PC_G_EU4" CO2="221627.73" CO="5011.82" HC="28.39" NOx="103.31" PMx="5.99" fuel="95.27" electricity="0.00" noise="142.16" route="routebottom" type="cfm-fast" waiting="0.00" lane="right_1" pos="27.45" speed="56.60" angle="315.11" x="106.16" y="113.24"/>
        <vehicle id="cfm-fast_5" eclass="HBEFA3/PC_G_EU4" CO2="0.00" CO="0.00" HC="0.00" NOx="0.00" PMx="0.00" fuel="0.00" electricity="0.00" noise="69.83" route="routebottom" type="cfm-fast" waiting="0.00" lane="right_0" pos="0.85" speed="22.53" angle="2.93" x="132.24" y="65.59"/>
        <vehicle id="cfm-slow_0" eclass="HBEFA3/PC_G_EU4" CO2="14071.16" CO="213.54" HC="1.32" NOx="6.06" PMx="0.32" fuel="6.05" electricity="0.00" noise="74.54" route="routebottom" type="cfm-slow" waiting="0.00" lane="right_0" pos="15.30" speed="21.48" angle="336.88" x="124.48" y="95.42"/>
        <vehicle id="cfm-slow_1" eclass="HBEFA3/PC_G_EU4" CO2="22146.42" CO="381.19" HC="2.28" NOx="9.83" PMx="0.53" fuel="9.52" electricity="0.00" noise="79.79" route="routebottom" type="cfm-slow" waiting="0.00" lane="right_0" pos="32.34" speed="23.01" angle="306.35" x="99.82" y="121.97"/>
        <vehicle id="cfm-slow_2" eclass="HBEFA3/PC_G_EU4" CO2="32347.50" CO="598.54" HC="3.53" NOx="14.58" PMx="0.80" fuel="13.90" electricity="0.00" noise="85.70" route="routetop" type="cfm-slow" waiting="0.00" lane="top_0" pos="1.00" speed="25.73" angle="272.67" x="61.42" y="132.23"/>
        <vehicle id="cfm-slow_3" eclass="HBEFA3/PC_G_EU4" CO2="37371.68" CO="722.57" HC="4.22" NOx="16.87" PMx="0.95" fuel="16.06" electricity="0.00" noise="87.37" route="routetop" type="cfm-slow" waiting="0.00" lane="top_0" pos="22.50" speed="29.53" angle="233.95" x="19.11" y="115.83"/>
        <vehicle id="cfm-slow_4" eclass="HBEFA3/PC_G_EU4" CO2="24428.87" CO="487.26" HC="2.84" NOx="10.69" PMx="0.63" fuel="10.50" electricity="0.00" noise="80.66" route="routetop" type="cfm-slow" waiting="0.00" lane="top_0" pos="47.89" speed="33.19" angle="188.38" x="-4.78" y="68.30"/>
        <vehicle id="cfm-slow_5" eclass="HBEFA3/PC_G_EU4" CO2="0.00" CO="0.00" HC="0.00" NOx="0.00" PMx="0.00" fuel="0.00" electricity="0.00" noise="74.54" route="routetop" type="cfm-slow" waiting="0.00" lane="left_0" pos="26.89" speed="34.54" angle="136.12" x="18.11" y="12.35"/>
    </timestep>
    <timestep time="4.19">
        <vehicle id="cfm-fast_0" eclass="HBEFA3/PC_G_EU4" CO2="85151.00" CO="1869.16" HC="10.66" NOx="39.15" PMx="2.28" fuel="36.60" electricity="0.00" noise="104.65" route="routebottom" type="cfm-fast" waiting="0.00" lane="bottom_1" pos="1.05" speed="42.60" angle="92.57" x="65.85" y="-1.61"/>
        <vehicle id="cfm-fast_1" eclass="HBEFA3/PC_G_EU4" CO2="0.00" CO="0.00" HC="0.00" NOx="0.00" PMx="0.00" fuel="0.00" electricity="0.00" noise="72.75" route="routebottom" type="cfm-fast" waiting="0.00" lane="bottom_0" pos="8.27" speed="31.34" angle="79.52" x="81.35" y="-2.61"/>
        <vehicle id="cfm-fast_2" eclass="HBEFA3/PC_G_EU4" CO2="142878.34" CO="3161.99" HC="17.99" NOx="66.30" PMx="3.83" fuel="61.42" electricity="0.00" noise="123.29" route="routebottom" type="cfm-fast" waiting="0.00" lane="bottom_1" pos="36.80" speed="47.79" angle="28.23" x="123.42" y="37.33"/>
        <vehicle id="cfm-fast_3" eclass="HBEFA3/PC_G_EU4" CO2="0.00" CO="0.00" HC="0.00" NOx="0.00" PMx="0.00" fuel="0.00" electricity="0.00" noise="70.49" route="routebottom" type="cfm-fast" waiting="0.00" lane="bottom_0" pos="32.11" speed="26.57" angle="36.78" x="121.72" y="27.08"/>
        <vehicle id="cfm-fast_4" eclass="HBEFA3/PC_G_EU4" CO2="222216.08" CO="5027.98" HC="28.48" NOx="103.58" PMx="6.00" fuel="95.52" electricity="0.00" noise="142.22" route="routebottom" type="cfm-fast" waiting="0.00" lane="right_1" pos="28.01" speed="56.74" angle="313.99" x="105.27" y="113.99"/>
        <vehicle id="cfm-fast_5" eclass="HBEFA3/PC_G_EU4" CO2="0.00" CO="0.00" HC="0.00" NOx="0.00" PMx="0.00" fuel="0.00" electricity="0.00" noise="69.85" route="routebottom" type="cfm-fast" waiting="0.00" lane="right_0" pos="1.08" speed="22.52" angle="2.52" x="132.23" y="66.07"/>
        <vehicle id="cfm-slow_0" eclass="HBEFA3/PC_G_EU4" CO2="14125.14" CO="214.66" HC="1.33" NOx="6.08" PMx="0.32" fuel="6.07" electricity="0.00" noise="74.58" route="routebottom" type="cfm-slow" waiting="0.00" lane="right_0" pos="15.51" speed="21.50" angle="336.53" x="124.26" y="95.83"/>
        <vehicle id="cfm-slow_1" eclass="HBEFA3/PC_G_EU4" CO2="22219.44" CO="382.74" HC="2.29" NOx="9.87" PMx="0.53" fuel="9.55" electricity="0.00" noise="79.84" route="routebottom" type="cfm-slow" waiting="0.00" lane="right_0" pos="32.57" speed="23.04" angle="305.91" x="99.40" y="122.22"/>
        <vehicle id="cfm-slow_2" eclass="HBEFA3/PC_G_EU4" CO2="32380.37" CO="599.38" HC="3.53" NOx="14.60" PMx="0.81" fuel="13.92" electricity="0.00" noise="85.70" route="routetop" type="cfm-slow" waiting="0.00" lane="top_0" pos="1.26" speed="25.77" angle="272.22" x="60.87" y="132.22"/>
        <vehicle id="cfm-slow_3" eclass="HBEFA3/PC_G_EU4" CO2="37249.12" CO="720.34" HC="4.21" NOx="16.81" PMx="0.95" fuel="16.01" electricity="0.00" noise="87.29" route="routetop" type="cfm-slow" waiting="0.00" lane="top_0" pos="22.79" speed="29.58" angle="233.39" x="18.63" y="115.42"/>
        <vehicle id="cfm-slow_4" eclass="HBEFA3/PC_G_EU4" CO2="24119.93" CO="481.10" HC="2.80" NOx="10.54" PMx="0.62" fuel="10.37" electricity="0.00" noise="80.54" route="routetop" type="cfm-slow" waiting="0.00" lane="top_0" pos="48.22" speed="33.21" angle="187.75" x="-4.82" y="67.59"/>
        <vehicle id="cfm-slow_5" eclass="HBEFA3/PC_G_EU4" CO2="0.00" CO="0.00" HC="0.00" NOx="0.00" PMx="0.00" fuel="0.00" electricity="0.00" noise="74.52" route="routetop" type="cfm-slow" waiting="0.00" lane="left_0" pos="27.24" speed="34.53" angle="135.48" x="18.68" y="11.87"/>
    </timestep>
    <timestep time="4.20">
        <vehicle id="cfm-fast_0" eclass="HBEFA3/PC_G_EU4" CO2="85526.49" CO="1878.09" HC="10.71" NOx="39.33" PMx="2.29" fuel="36.76" electricity="0.00" noise="104.77" route="routebottom" type="cfm-fast" waiting="0.00" lane="bottom_1" pos="1.48" speed="42.67" angle="91.84" x="66.72" y="-1.57"/>
        <vehicle id="cfm-fast_1" eclass="HBEFA3/PC_G_EU4" CO2="0.00" CO="0.00" HC="0.00" NOx="0.00" PMx="0.00" fuel="0.00" electricity="0.00" noise="72.74" route="routebottom" type="cfm-fast" waiting="0.00" lane="bottom_0" pos="8.58" speed="31.31" angle="78.95" x="82.00" y="-2.44"/>
        <vehicle id="cfm-fast_2" eclass="HBEFA3/PC_G_EU4" CO2="143441.62" CO="3175.89" HC="18.07" NOx="66.56" PMx="3.85" fuel="61.66" electricity="0.00" noise="123.42" route="routebottom" type="cfm-fast" waiting="0.00" lane="bottom_1" pos="37.27" speed="47.90" angle="27.40" x="123.81" y="38.23"/>
        <vehicle id="cfm-fast_3" eclass="HBEFA3/PC_G_EU4" CO2="0.00" CO="0.00" HC="0.00" NOx="0.00" PMx="0.00" fuel="0.00" electricity="0.00" noise="70.48" route="routebottom" type="cfm-fast" waiting="0.00" lane="bottom_0" pos="32.38" speed="26.55" angle="36.29" x="122.01" y="27.57"/>
        <vehicle id="cfm-fast_4" eclass="HBEFA3/PC_G_EU4" CO2="222804.71" CO="5044.16" HC="28.57" NOx="103.86" PMx="6.02" fuel="95.77" electricity="0.00" noise="142.29" route="routebottom" type="cfm-fast" waiting="0.00" lane="right_1" pos="28.58" speed="56.88" angle="313.00" x="104.36" y="114.72"/>
        <vehicle id="cfm-fast_5" eclass="HBEFA3/PC_G_EU4" CO2="0.00" CO="0.00" HC="0.00" NOx="0.00" PMx="0.00" fuel="0.00" electricity="0.00" noise="69.86" route="routebottom" type="cfm-fast" waiting="0.00" lane="right_0" pos="1.30" speed="22.52" angle="2.14" x="132.21" y="66.56"/>
        <vehicle id="cfm-slow_0" eclass="HBEFA3/PC_G_EU4" CO2="14179.44" CO="215.78" HC="1.33" NOx="6.11" PMx="0.32" fuel="6.10" electricity="0.00" noise="74.61" route="routebottom" type="cfm-slow" waiting="0.00" lane="right_0" pos="15.73" speed="21.52" angle="336.14" x="124.04" y="96.23"/>
        <vehicle id="cfm-slow_1" eclass="HBEFA3/PC_G_EU4" CO2="22292.31" CO="384.29" HC="2.30" NOx="9.90" PMx="0.54" fuel="9.58" electricity="0.00" noise="79.88" route="routebottom" type="cfm-slow" waiting="0.00" lane="right_0" pos="32.80" speed="23.07" angle="305.48" x="98.97" y="122.48"/>
        <vehicle id="cfm-slow_2" eclass="HBEFA3/PC_G_EU4" CO2="32412.11" CO="600.19" HC="3.54" NOx="14.61" PMx="0.81" fuel="13.93" electricity="0.00" noise="85.71" route="routetop" type="cfm-slow" waiting="0.00" lane="top_0" pos="1.52" speed="25.82" angle="271.76" x="60.31" y="132.19"/>
        <vehicle id="cfm-slow_3" eclass="HBEFA3/PC_G_EU4" CO2="37124.90" CO="718.07" HC="4.20" NOx="16.75" PMx="0.94" fuel="15.96" electricity="0.00" noise="87.21" route="routetop" type="cfm-slow" waiting="0.00" lane="top_0" pos="23.09" speed="29.62" angle="232.92" x="18.14" y="115.00"/>
        <vehicle id="cfm-slow_4" eclass="HBEFA3/PC_G_EU4" CO2="23811.22" CO="474.94" HC="2.76" NOx="10.39" PMx="0.61" fuel="10.24" electricity="0.00" noise="80.42" route="routetop" type="cfm-slow" waiting="0.00" lane="top_0" pos="48.55" speed="33.23" angle="187.11" x="-4.86" y="66.88"/>
        <vehicle id="cfm-slow_5" eclass="HBEFA3/PC_G_EU4" CO2="0.00" CO="0.00" HC="0.00" NOx="0.00" PMx="0.00" fuel="0.00" electricity="0.00" noise="74.50" route="routetop" type="cfm-slow" waiting="0.00" lane="left_0" pos="27.59" speed="34.51" angle="134.84" x="19.25" y="11.39"/>
    </timestep>
    <timestep time="4.21">
        <vehicle id="cfm-fast_0" eclass="HBEFA3/PC_G_EU4" CO2="85904.65" CO="1887.07" HC="10.76" NOx="39.50" PMx="2.30" fuel="36.93" electricity="0.00" noise="104.89" route="routebottom" type="cfm-fast" waiting="0.00" lane="bottom_1" pos="1.91" speed="42.74" angle="91.06" x="67.59" y="-1.52"/>
        <vehicle id="cfm-fast_1" eclass="HBEFA3/PC_G_EU4" CO2="0.00" CO="0.00" HC="0.00" NOx="0.00" PMx="0.00" fuel="0.00" electricity="0.00" noise="72.72" route="routebottom" type="cfm-fast" waiting="0.00" lane="bottom_0" pos="8.90" speed="31.28" angle="78.41" x="82.65" y="-2.26"/>
        <vehicle id="cfm-fast_2" eclass="HBEFA3/PC_G_EU4" CO2="144006.34" CO="3189.83" HC="18.14" NOx="66.82" PMx="3.86" fuel="61.90" electricity="0.00" noise="123.55" route="routebottom" type="cfm-fast" waiting="0.00" lane="bottom_1" pos="37.75" speed="48.00" angle="26.52" x="124.18" y="39.14"/>
        <vehicle id="cfm-fast_3" eclass="HBEFA3/PC_G_EU4" CO2="0.00" CO="0.00" HC="0.00" NOx="0.00" PMx="0.00" fuel="0.00" electricity="0.00" noise="70.47" route="routebottom" type="cfm-fast" waiting="0.00" lane="bottom_0" pos="32.65" speed="26.53" angle="35.79" x="122.31" y="28.06"/>
        <vehicle id="cfm-fast_4" eclass="HBEFA3/PC_G_EU4" CO2="223393.64" CO="5060.37" HC="28.66" NOx="104.13" PMx="6.04" fuel="96.03" electricity="0.00" noise="142.35" route="routebottom" type="cfm-fast" waiting="0.00" lane="right_1" pos="29.15" speed="57.01" angle="311.96" x="103.44" y="115.44"/>
        <vehicle id="cfm-fast_5" eclass="HBEFA3/PC_G_EU4" CO2="0.00" CO="0.00" HC="0.00" NOx="0.00" PMx="0.00" fuel="0.00" electricity="0.00" noise="69.88" route="routebottom" type="cfm-fast" waiting="0.00" lane="right_0" pos="1.53" speed="22.52" angle="1.73" x="132.18" y="67.04"/>
        <vehicle id="cfm-slow_0" eclass="HBEFA3/PC_G_EU4" CO2="14234.08" CO="216.91" HC="1.34" NOx="6.13" PMx="0.32" fuel="6.12" electricity="0.00" noise="74.65" route="routebottom" type="cfm-slow" waiting="0.00" lane="right_0" pos="15.95" speed="21.54" angle="335.75" x="123.81" y="96.64"/>
        <vehicle id="cfm-slow_1" eclass="HBEFA3/PC_G_EU4" CO2="22365.01" CO="385.84" HC="2.31" NOx="9.93" PMx="0.54" fuel="9.61" electricity="0.00" noise="79.92" route="routebottom" type="cfm-slow" waiting="0.00" lane="right_0" pos="33.04" speed="23.10" angle="305.04" x="98.54" y="122.73"/>
        <vehicle id="cfm-slow_2" eclass="HBEFA3/PC_G_EU4" CO2="32442.70" CO="600.98" HC="3.54" NOx="14.63" PMx="0.81" fuel="13.95" electricity="0.00" noise="85.71" route="routetop" type="cfm-slow" waiting="0.00" lane="top_0" pos="1.77" speed="25.86" angle="271.29" x="59.76" y="132.15"/>
        <vehicle id="cfm-slow_3" eclass="HBEFA3/PC_G_EU4" CO2="36999.04" CO="715.77" HC="4.18" NOx="16.69" PMx="0.94" fuel="15.90" electricity="0.00" noise="87.13" route="routetop" type="cfm-slow" waiting="0.00" lane="top_0" pos="23.38" speed="29.66" angle="232.39" x="17.67" y="114.57"/>
        <vehicle id="cfm-slow_4" eclass="HBEFA3/PC_G_EU4" CO2="23502.74" CO="468.78" HC="2.73" NOx="10.25" PMx="0.60" fuel="10.10" electricity="0.00" noise="80.29" route="routetop" type="cfm-slow" waiting="0.00" lane="top_0" pos="48.88" speed="33.25" angle="186.55" x="-4.90" y="66.16"/>
        <vehicle id="cfm-slow_5" eclass="HBEFA3/PC_G_EU4" CO2="0.00" CO="0.00" HC="0.00" NOx="0.00" PMx="0.00" fuel="0.00" electricity="0.00" noise="74.48" route="routetop" type="cfm-slow" waiting="0.00" lane="left_0" pos="27.93" speed="34.50" angle="134.20" x="19.81" y="10.91"/>
    </timestep>
    <timestep time="4.22">
        <vehicle id="cfm-fast_0" eclass="HBEFA3/PC_G_EU4" CO2="86285.44" CO="1896.13" HC="10.81" NOx="39.68" PMx="2.31" fuel="37.09" electricity="0.00" noise="105.01" route="routebottom" type="cfm-fast" waiting="0.00" lane="bottom_1" pos="2.33" speed="42.80" angle="90.28" x="68.47" y="-1.47"/>
        <vehicle id="cfm-fast_1" eclass="HBEFA3/PC_G_EU4" CO2="0.00" CO="0.00" HC="0.00" NOx="0.00" PMx="0.00" fuel="0.00" electricity="0.00" noise="72.71" route="routebottom" type="cfm-fast" waiting="0.00" lane="bottom_0" pos="9.21" speed="31.25" angle="77.85" x="83.29" y="-2.07"/>
        <vehicle id="cfm-fast_2" eclass="HBEFA3/PC_G_EU4" CO2="144572.48" CO="3203.82" HC="18.22" NOx="67.09" PMx="3.88" fuel="62.14" electricity="0.00" noise="123.68" route="routebottom" type="cfm-fast" waiting="0.00" lane="bottom_1" pos="38.24" speed="48.10" angle="25.63" x="124.54" y="40.06"/>
        <vehicle id="cfm-fast_3" eclass="HBEFA3/PC_G_EU4" CO2="0.00" CO="0.00" HC="0.00" NOx="0.00" PMx="0.00" fuel="0.00" electricity="0.00" noise="70.46" route="routebottom" type="cfm-fast" waiting="0.00" lane="bottom_0" pos="32.91" speed="26.50" angle="35.30" x="122.60" y="28.55"/>
        <vehicle id="cfm-fast_4" eclass="HBEFA3/PC_G_EU4" CO2="223982.86" CO="5076.59" HC="28.75" NOx="104.41" PMx="6.06" fuel="96.28" electricity="0.00" noise="142.42" route="routebottom" type="cfm-fast" waiting="0.00" lane="right_1" pos="29.72" speed="57.15" angle="310.97" x="102.50" y="116.15"/>
        <vehicle id="cfm-fast_5" eclass="HBEFA3/PC_G_EU4" CO2="0.00" CO="0.00" HC="0.00" NOx="0.00" PMx="0.00" fuel="0.00" electricity="0.00" noise="69.89" route="routebottom" type="cfm-fast" waiting="0.00" lane="right_0" pos="1.75" speed="22.52" angle="1.33" x="132.16" y="67.53"/>
        <vehicle id="cfm-slow_0" eclass="HBEFA3/PC_G_EU4" CO2="14289.05" CO="218.05" HC="1.35" NOx="6.16" PMx="0.32" fuel="6.14" electricity="0.00" noise="74.68" route="routebottom" type="cfm-slow" waiting="0.00" lane="right_0" pos="16.16" speed="21.56" angle="335.36" x="123.59" y="97.04"/>
        <vehicle id="cfm-slow_1" eclass="HBEFA3/PC_G_EU4" CO2="22437.54" CO="387.38" HC="2.32" NOx="9.97" PMx="0.54" fuel="9.64" electricity="0.00" noise="79.96" route="routebottom" type="cfm-slow" waiting="0.00" lane="right_0" pos="33.27" speed="23.13" angle="304.62" x="98.11" y="122.99"/>
        <vehicle id="cfm-slow_2" eclass="HBEFA3/PC_G_EU4" CO2="32472.15" CO="601.75" HC="3.55" NOx="14.64" PMx="0.81" fuel="13.96" electricity="0.00" noise="85.71" route="routetop" type="cfm-slow" waiting="0.00" lane="top_0" pos="2.03" speed="25.90" angle="270.83" x="59.20" y="132.12"/>
        <vehicle id="cfm-slow_3" eclass="HBEFA3/PC_G_EU4" CO2="36871.54" CO="713.43" HC="4.17" NOx="16.63" PMx="0.94" fuel="15.85" electricity="0.00" noise="87.05" route="routetop" type="cfm-slow" waiting="0.00" lane="top_0" pos="23.68" speed="29.70" angle="231.85" x="17.21" y="114.14"/>
        <vehicle id="cfm-slow_4" eclass="HBEFA3/PC_G_EU4" CO2="23194.54" CO="462.62" HC="2.69" NOx="10.10" PMx="0.60" fuel="9.97" electricity="0.00" noise="80.17" route="routetop" type="cfm-slow" waiting="0.00" lane="top_0" pos="49.22" speed="33.26" angle="185.95" x="-4.91" y="65.45"/>
        <vehicle id="cfm-slow_5" eclass="HBEFA3/PC_G_EU4" CO2="0.00" CO="0.00" HC="0.00" NOx="0.00" PMx="0.00" fuel="0.00" electricity="0.00" noise="74.46" route="routetop" type="cfm-slow" waiting="0.00" lane="left_0" pos="28.28" speed="34.48" angle="133.62" x="20.38" y="10.43"/>
    </timestep>
    <timestep time="4.23">
        <vehicle id="cfm-fast_0" eclass="HBEFA3/PC_G_EU4" CO2="86668.87" CO="1905.24" HC="10.86" NOx="39.86" PMx="2.32" fuel="37.25" electricity="0.00" noise="105.13" route="routebottom" type="cfm-fast" waiting="0.00" lane="bottom_1" pos="2.76" speed="42.87" angle="89.54" x="69.35" y="-1.40"/>
        <vehicle id="cfm-fast_1" eclass="HBEFA3/PC_G_EU4" CO2="0.00" CO="0.00" HC="0.00" NOx="0.00" PMx="0.00" fuel="0.00" electricity="0.00" noise="72.69" route="routebottom" type="cfm-fast" waiting="0.00" lane="bottom_0" pos="9.52" speed="31.22" angle="77.28" x="83.93" y="-1.87"/>
        <vehicle id="cfm-fast_2" eclass="HBEFA3/PC_G_EU4" CO2="145140.03" CO="3217.85" HC="18.30" NOx="67.36" PMx="3.89" fuel="62.39" electricity="0.00" noise="123.80" route="routebottom" type="cfm-fast" waiting="0.00" lane="bottom_1" pos="38.72" speed="48.21" angle="24.81" x="124.89" y="40.98"/>
        <vehicle id="cfm-fast_3" eclass="HBEFA3/PC_G_EU4" CO2="0.00" CO="0.00" HC="0.00" NOx="0.00" PMx="0.00" fuel="0.00" electricity="0.00" noise="70.45" route="routebottom" type="cfm-fast" waiting="0.00" lane="bottom_0" pos="33.18" speed="26.48" angle="34.80" x="122.89" y="29.04"/>
        <vehicle id="cfm-fast_4" eclass="HBEFA3/PC_G_EU4" CO2="224572.37" CO="5092.84" HC="28.84" NOx="104.68" PMx="6.07" fuel="96.53" electricity="0.00" noise="142.49" route="routebottom" type="cfm-fast" waiting="0.00" lane="right_1" pos="30.30" speed="57.28" angle="309.93" x="101.55" y="116.84"/>
        <vehicle id="cfm-fast_5" eclass="HBEFA3/PC_G_EU4" CO2="0.00" CO="0.00" HC="0.00" NOx="0.00" PMx="0.00" fuel="0.00" electricity="0.00" noise="69.91" route="routebottom" type="cfm-fast" waiting="0.00" lane="right_0" pos="1.98" speed="22.52" angle="0.93" x="132.13" y="68.01"/>
        <vehicle id="cfm-slow_0" eclass="HBEFA3/PC_G_EU4" CO2="14344.33" CO="219.20" HC="1.35" NOx="6.18" PMx="0.33" fuel="6.17" electricity="0.00" noise="74.72" route="routebottom" type="cfm-slow" waiting="0.00" lane="right_0" pos="16.38" speed="21.58" angle="334.97" x="123.36" y="97.45"/>
        <vehicle id="cfm-slow_1" eclass="HBEFA3/PC_G_EU4" CO2="22509.88" CO="388.92" HC="2.33" NOx="10.00" PMx="0.54" fuel="9.68" electricity="0.00" noise="80.01" route="routebottom" type="cfm-slow" waiting="0.00" lane="right_0" pos="33.50" speed="23.16" angle="304.23" x="97.68" y="123.23"/>
        <vehicle id="cfm-slow_2" eclass="HBEFA3/PC_G_EU4" CO2="32500.45" CO="602.50" HC="3.55" NOx="14.65" PMx="0.81" fuel="13.97" electricity="0.00" noise="85.71" route="routetop" type="cfm-slow" waiting="0.00" lane="top_0" pos="2.29" speed="25.94" angle="270.36" x="58.64" y="132.09"/>
        <vehicle id="cfm-slow_3" eclass="HBEFA3/PC_G_EU4" CO2="36742.43" CO="711.06" HC="4.16" NOx="16.57" PMx="0.93" fuel="15.79" electricity="0.00" noise="86.97" route="routetop" type="cfm-slow" waiting="0.00" lane="top_0" pos="23.98" speed="29.74" angle="231.32" x="16.74" y="113.70"/>
        <vehicle id="cfm-slow_4" eclass="HBEFA3/PC_G_EU4" CO2="22886.63" CO="456.47" HC="2.66" NOx="9.96" PMx="0.59" fuel="9.84" electricity="0.00" noise="80.05" route="routetop" type="cfm-slow" waiting="0.00" lane="top_0" pos="49.55" speed="33.28" angle="185.34" x="-4.93" y="64.73"/>
        <vehicle id="cfm-slow_5" eclass="HBEFA3/PC_G_EU4" CO2="0.00" CO="0.00" HC="0.00" NOx="0.00" PMx="0.00" fuel="0.00" electricity="0.00" noise="74.44" route="routetop" type="cfm-slow" waiting="0.00" lane="left_0" pos="28.62" speed="34.47" angle="132.98" x="20.96" y="9.97"/>
    </timestep>
    <timestep time="4.24">
        <vehicle id="cfm-fast_0" eclass="HBEFA3/PC_G_EU4" CO2="87054.90" CO="1914.41" HC="10.91" NOx="40.04" PMx="2.33" fuel="37.42" electricity="0.00" noise="105.26" route="routebottom" type="cfm-fast" waiting="0.00" lane="bottom_1" pos="3.19" speed="42.94" angle="88.76" x="70.22" y="-1.31"/>
        <vehicle id="cfm-fast_1" eclass="HBEFA3/PC_G_EU4" CO2="0.00" CO="0.00" HC="0.00" NOx="0.00" PMx="0.00" fuel="0.00" electricity="0.00" noise="72.68" route="routebottom" type="cfm-fast" waiting="0.00" lane="bottom_0" pos="9.83" speed="31.19" angle="76.71" x="84.57" y="-1.67"/>
        <vehicle id="cfm-fast_2" eclass="HBEFA3/PC_G_EU4" CO2="145708.97" CO="3231.92" HC="18.38" NOx="67.62" PMx="3.91" fuel="62.63" electricity="0.00" noise="123.93" route="routebottom" type="cfm-fast" waiting="0.00" lane="bottom_1" pos="39.20" speed="48.31" angle="23.94" x="125.23" y="41.91"/>
        <vehicle id="cfm-fast_3" eclass="HBEFA3/PC_G_EU4" CO2="0.00" CO="0.00" HC="0.00" NOx="0.00" PMx="0.00" fuel="0.00" electricity="0.00" noise="70.44" route="routebottom" type="cfm-fast" waiting="0.00" lane="bottom_0" pos="33.44" speed="26.45" angle="34.36" x="123.18" y="29.53"/>
        <vehicle id="cfm-fast_4" eclass="HBEFA3/PC_G_EU4" CO2="225162.18" CO="5109.11" HC="28.93" NOx="104.96" PMx="6.09" fuel="96.79" electricity="0.00" noise="142.55" route="routebottom" type="cfm-fast" waiting="0.00" lane="right_1" pos="30.87" speed="57.42" angle="308.94" x="100.59" y="117.52"/>
        <vehicle id="cfm-fast_5" eclass="HBEFA3/PC_G_EU4" CO2="0.00" CO="0.00" HC="0.00" NOx="0.00" PMx="0.00" fuel="0.00" electricity="0.00" noise="69.92" route="routebottom" type="cfm-fast" waiting="0.00" lane="right_0" pos="2.20" speed="22.52" angle="0.52" x="132.10" y="68.49"/>
        <vehicle id="cfm-slow_0" eclass="HBEFA3/PC_G_EU4" CO2="14399.92" CO="220.35" HC="1.36" NOx="6.21" PMx="0.33" fuel="6.19" electricity="0.00" noise="74.76" route="routebottom" type="cfm-slow" waiting="0.00" lane="right_0" pos="16.59" speed="21.59" angle="334.60" x="123.14" y="97.85"/>
        <vehicle id="cfm-slow_1" eclass="HBEFA3/PC_G_EU4" CO2="22582.02" CO="390.46" HC="2.34" NOx="10.03" PMx="0.54" fuel="9.71" electricity="0.00" noise="80.05" route="routebottom" type="cfm-slow" waiting="0.00" lane="right_0" pos="33.73" speed="23.19" angle="303.81" x="97.25" y="123.48"/>
        <vehicle id="cfm-slow_2" eclass="HBEFA3/PC_G_EU4" CO2="32527.59" CO="603.23" HC="3.56" NOx="14.66" PMx="0.81" fuel="13.98" electricity="0.00" noise="85.72" route="routetop" type="cfm-slow" waiting="0.00" lane="top_0" pos="2.55" speed="25.98" angle="269.92" x="58.08" y="132.05"/>
        <vehicle id="cfm-slow_3" eclass="HBEFA3/PC_G_EU4" CO2="36611.70" CO="708.65" HC="4.14" NOx="16.51" PMx="0.93" fuel="15.74" electricity="0.00" noise="86.88" route="routetop" type="cfm-slow" waiting="0.00" lane="top_0" pos="24.28" speed="29.78" angle="230.80" x="16.27" y="113.27"/>
        <vehicle id="cfm-slow_4" eclass="HBEFA3/PC_G_EU4" CO2="22579.04" CO="450.32" HC="2.62" NOx="9.81" PMx="0.58" fuel="9.71" electricity="0.00" noise="79.93" route="routetop" type="cfm-slow" waiting="0.00" lane="top_0" pos="49.88" speed="33.30" angle="184.73" x="-4.94" y="64.01"/>
        <vehicle id="cfm-slow_5" eclass="HBEFA3/PC_G_EU4" CO2="0.00" CO="0.00" HC="0.00" NOx="0.00" PMx="0.00" fuel="0.00" electricity="0.00" noise="74.42" route="routetop" type="cfm-slow" waiting="0.00" lane="left_0" pos="28.96" speed="34.45" angle="132.34" x="21.55" y="9.52"/>
    </timestep>
    <timestep time="4.25">
        <vehicle id="cfm-fast_0" eclass="HBEFA3/PC_G_EU4" CO2="87443.53" CO="1923.65" HC="10.96" NOx="40.23" PMx="2.34" fuel="37.59" electricity="0.00" noise="105.38" route="routebottom" type="cfm-fast" waiting="0.00" lane="bottom_1" pos="3.62" speed="43.01" angle="87.98" x="71.10" y="-1.22"/>
        <vehicle id="cfm-fast_1" eclass="HBEFA3/PC_G_EU4" CO2="0.00" CO="0.00" HC="0.00" NOx="0.00" PMx="0.00" fuel="0.00" electricity="0.00" noise="72.66" route="routebottom" type="cfm-fast" waiting="0.00" lane="bottom_0" pos="10.14" speed="31.16" angle="76.16" x="85.22" y="-1.48"/>
        <vehicle id="cfm-fast_2" eclass="HBEFA3/PC_G_EU4" CO2="146279.29" CO="3246.03" HC="18.46" NOx="67.89" PMx="3.93" fuel="62.88" electricity="0.00" noise="124.06" route="routebottom" type="cfm-fast" waiting="0.00" lane="bottom_1" pos="39.68" speed="48.42" angle="23.10" x="125.57" y="42.85"/>
        <vehicle id="cfm-fast_3" eclass="HBEFA3/PC_G_EU4" CO2="0.00" CO="0.00" HC="0.00" NOx="0.00" PMx="0.00" fuel="0.00" electricity="0.00" noise="70.42" route="routebottom" type="cfm-fast" waiting="0.00" lane="bottom_0" pos="33.70" speed="26.43" angle="33.88" x="123.45" y="30.03"/>
        <vehicle id="cfm-fast_4" eclass="HBEFA3/PC_G_EU4" CO2="225752.27" CO="5125.40" HC="29.02" NOx="105.24" PMx="6.11" fuel="97.04" electricity="0.00" noise="142.62" route="routebottom" type="cfm-fast" waiting="0.00" lane="right_1" pos="31.45" speed="57.56" angle="307.88" x="99.61" y="118.18"/>
        <vehicle id="cfm-fast_5" eclass="HBEFA3/PC_G_EU4" CO2="0.00" CO="0.00" HC="0.00" NOx="0.00" PMx="0.00" fuel="0.00" electricity="0.00" noise="69.94" route="routebottom" type="cfm-fast" waiting="0.00" lane="right_0" pos="2.43" speed="22.52" angle="0.12" x="132.07" y="68.98"/>
        <vehicle id="cfm-slow_0" eclass="HBEFA3/PC_G_EU4" CO2="14455.82" CO="221.51" HC="1.37" NOx="6.24" PMx="0.33" fuel="6.21" electricity="0.00" noise="74.79" route="routebottom" type="cfm-slow" waiting="0.00" lane="right_0" pos="16.81" speed="21.61" angle="334.23" x="122.90" y="98.25"/>
        <vehicle id="cfm-slow_1" eclass="HBEFA3/PC_G_EU4" CO2="22653.97" CO="392.00" HC="2.35" NOx="10.07" PMx="0.55" fuel="9.74" electricity="0.00" noise="80.09" route="routebottom" type="cfm-slow" waiting="0.00" lane="right_0" pos="33.96" speed="23.22" angle="303.39" x="96.81" y="123.72"/>
        <vehicle id="cfm-slow_2" eclass="HBEFA3/PC_G_EU4" CO2="32553.55" CO="603.93" HC="3.56" NOx="14.67" PMx="0.81" fuel="13.99" electricity="0.00" noise="85.72" route="routetop" type="cfm-slow" waiting="0.00" lane="top_0" pos="2.81" speed="26.02" angle="269.45" x="57.53" y="132.00"/>
        <vehicle id="cfm-slow_3" eclass="HBEFA3/PC_G_EU4" CO2="36479.38" CO="706.21" HC="4.13" NOx="16.44" PMx="0.93" fuel="15.68" electricity="0.00" noise="86.80" route="routetop" type="cfm-slow" waiting="0.00" lane="top_0" pos="24.57" speed="29.82" angle="230.29" x="15.81" y="112.82"/>
        <vehicle id="cfm-slow_4" eclass="HBEFA3/PC_G_EU4" CO2="22271.79" CO="444.17" HC="2.59" NOx="9.67" PMx="0.57" fuel="9.57" electricity="0.00" noise="79.82" route="routetop" type="cfm-slow" waiting="0.00" lane="left_0" pos="0.21" speed="33.32" angle="184.09" x="-4.94" y="63.11"/>
        <vehicle id="cfm-slow_5" eclass="HBEFA3/PC_G_EU4" CO2="0.00" CO="0.00" HC="0.00" NOx="0.00" PMx="0.00" fuel="0.00" electricity="0.00" noise="74.41" route="routetop" type="cfm-slow" waiting="0.00" lane="left_0" pos="29.31" speed="34.43" angle="131.70" x="22.13" y="9.06"/>
    </timestep>
    <timestep time="4.26">
        <vehicle id="cfm-fast_0" eclass="HBEFA3/PC_G_EU4" CO2="87834.73" CO="1932.95" HC="11.01" NOx="40.41" PMx="2.35" fuel="37.76" electricity="0.00" noise="105.51" route="routebottom" type="cfm-fast" waiting="0.00" lane="bottom_1" pos="4.05" speed="43.07" angle="87.24" x="71.98" y="-1.12"/>
        <vehicle id="cfm-fast_1" eclass="HBEFA3/PC_G_EU4" CO2="0.00" CO="0.00" HC="0.00" NOx="0.00" PMx="0.00" fuel="0.00" electricity="0.00" noise="72.65" route="routebottom" type="cfm-fast" waiting="0.00" lane="bottom_0" pos="10.45" speed="31.13" angle="75.63" x="85.85" y="-1.26"/>
        <vehicle id="cfm-fast_2" eclass="HBEFA3/PC_G_EU4" CO2="146850.98" CO="3260.19" HC="18.54" NOx="68.16" PMx="3.94" fuel="63.12" electricity="0.00" noise="124.19" route="routebottom" type="cfm-fast" waiting="0.00" lane="bottom_1" pos="40.17" speed="48.52" angle="22.24" x="125.87" y="43.79"/>
        <vehicle id="cfm-fast_3" eclass="HBEFA3/PC_G_EU4" CO2="0.00" CO="0.00" HC="0.00" NOx="0.00" PMx="0.00" fuel="0.00" electricity="0.00" noise="70.41" route="routebottom" type="cfm-fast" waiting="0.00" lane="bottom_0" pos="33.97" speed="26.41" angle="33.39" x="123.73" y="30.53"/>
        <vehicle id="cfm-fast_4" eclass="HBEFA3/PC_G_EU4" CO2="226342.66" CO="5141.71" HC="29.11" NOx="105.51" PMx="6.12" fuel="97.29" electricity="0.00" noise="142.68" route="routebottom" type="cfm-fast" waiting="0.00" lane="right_1" pos="32.02" speed="57.69" angle="306.88" x="98.63" y="118.83"/>
        <vehicle id="cfm-fast_5" eclass="HBEFA3/PC_G_EU4" CO2="0.00" CO="0.00" HC="0.00" NOx="0.00" PMx="0.00" fuel="0.00" electricity="0.00" noise="69.95" route="routebottom" type="cfm-fast" waiting="0.00" lane="right_0" pos="2.65" speed="22.52" angle="359.74" x="132.03" y="69.46"/>
        <vehicle id="cfm-slow_0" eclass="HBEFA3/PC_G_EU4" CO2="14512.02" CO="222.67" HC="1.37" NOx="6.26" PMx="0.33" fuel="6.24" electricity="0.00" noise="74.83" route="routebottom" type="cfm-slow" waiting="0.00" lane="right_0" pos="17.02" speed="21.63" angle="333.84" x="122.67" y="98.65"/>
        <vehicle id="cfm-slow_1" eclass="HBEFA3/PC_G_EU4" CO2="22725.69" CO="393.53" HC="2.36" NOx="10.10" PMx="0.55" fuel="9.77" electricity="0.00" noise="80.13" route="routebottom" type="cfm-slow" waiting="0.00" lane="right_0" pos="34.20" speed="23.25" angle="302.97" x="96.37" y="123.96"/>
        <vehicle id="cfm-slow_2" eclass="HBEFA3/PC_G_EU4" CO2="32578.35" CO="604.61" HC="3.56" NOx="14.69" PMx="0.81" fuel="14.00" electricity="0.00" noise="85.72" route="routetop" type="cfm-slow" waiting="0.00" lane="top_0" pos="3.07" speed="26.06" angle="268.98" x="56.97" y="131.94"/>
        <vehicle id="cfm-slow_3" eclass="HBEFA3/PC_G_EU4" CO2="36345.48" CO="703.74" HC="4.11" NOx="16.38" PMx="0.92" fuel="15.62" electricity="0.00" noise="86.72" route="routetop" type="cfm-slow" waiting="0.00" lane="top_0" pos="24.87" speed="29.86" angle="229.74" x="15.35" y="112.36"/>
        <vehicle id="cfm-slow_4" eclass="HBEFA3/PC_G_EU4" CO2="21964.92" CO="438.03" HC="2.55" NOx="9.52" PMx="0.56" fuel="9.44" electricity="0.00" noise="79.70" route="routetop" type="cfm-slow" waiting="0.00" lane="left_0" pos="0.55" speed="33.33" angle="183.49" x="-4.92" y="62.39"/>
        <vehicle id="cfm-slow_5" eclass="HBEFA3/PC_G_EU4" CO2="0.00" CO="0.00" HC="0.00" NOx="0.00" PMx="0.00" fuel="0.00" electricity="0.00" noise="74.39" route="routetop" type="cfm-slow" waiting="0.00" lane="left_0" pos="29.65" speed="34.42" angle="131.13" x="22.72" y="8.61"/>
    </timestep>
    <timestep time="4.27">
        <vehicle id="cfm-fast_0" eclass="HBEFA3/PC_G_EU4" CO2="88228.49" CO="1942.30" HC="11.07" NOx="40.59" PMx="2.36" fuel="37.92" electricity="0.00" noise="105.63" route="routebottom" type="cfm-fast" waiting="0.00" lane="bottom_1" pos="4.48" speed="43.14" angle="86.45" x="72.85" y="-0.99"/>
        <vehicle id="cfm-fast_1" eclass="HBEFA3/PC_G_EU4" CO2="0.00" CO="0.00" HC="0.00" NOx="0.00" PMx="0.00" fuel="0.00" electricity="0.00" noise="72.63" route="routebottom" type="cfm-fast" waiting="0.00" lane="bottom_0" pos="10.77" speed="31.10" angle="75.04" x="86.48" y="-1.03"/>
        <vehicle id="cfm-fast_2" eclass="HBEFA3/PC_G_EU4" CO2="147424.02" CO="3274.38" HC="18.62" NOx="68.43" PMx="3.96" fuel="63.37" electricity="0.00" noise="124.32" route="routebottom" type="cfm-fast" waiting="0.00" lane="bottom_1" pos="40.66" speed="48.63" angle="21.33" x="126.17" y="44.75"/>
        <vehicle id="cfm-fast_3" eclass="HBEFA3/PC_G_EU4" CO2="0.00" CO="0.00" HC="0.00" NOx="0.00" PMx="0.00" fuel="0.00" electricity="0.00" noise="70.40" route="routebottom" type="cfm-fast" waiting="0.00" lane="bottom_0" pos="34.23" speed="26.38" angle="32.91" x="124.00" y="31.03"/>
        <vehicle id="cfm-fast_4" eclass="HBEFA3/PC_G_EU4" CO2="226933.34" CO="5158.04" HC="29.20" NOx="105.79" PMx="6.14" fuel="97.55" electricity="0.00" noise="142.75" route="routebottom" type="cfm-fast" waiting="0.00" lane="right_1" pos="32.60" speed="57.83" angle="305.85" x="97.61" y="119.44"/>
        <vehicle id="cfm-fast_5" eclass="HBEFA3/PC_G_EU4" CO2="0.00" CO="0.00" HC="0.00" NOx="0.00" PMx="0.00" fuel="0.00" electricity="0.00" noise="69.97" route="routebottom" type="cfm-fast" waiting="0.00" lane="right_0" pos="2.88" speed="22.52" angle="359.33" x="131.98" y="69.94"/>
        <vehicle id="cfm-slow_0" eclass="HBEFA3/PC_G_EU4" CO2="14568.52" CO="223.84" HC="1.38" NOx="6.29" PMx="0.33" fuel="6.26" electricity="0.00" noise="74.87" route="routebottom" type="cfm-slow" waiting="0.00" lane="right_0" pos="17.24" speed="21.65" angle="333.45" x="122.43" y="99.05"/>
        <vehicle id="cfm-slow_1" eclass="HBEFA3/PC_G_EU4" CO2="22797.20" CO="395.05" HC="2.36" NOx="10.13" PMx="0.55" fuel="9.80" electricity="0.00" noise="80.17" route="routebottom" type="cfm-slow" waiting="0.00" lane="right_0" pos="34.43" speed="23.29" angle="302.54" x="95.93" y="124.20"/>
        <vehicle id="cfm-slow_2" eclass="HBEFA3/PC_G_EU4" CO2="32601.96" CO="605.26" HC="3.57" NOx="14.70" PMx="0.81" fuel="14.01" electricity="0.00" noise="85.72" route="routetop" type="cfm-slow" waiting="0.00" lane="top_0" pos="3.33" speed="26.10" angle="268.52" x="56.41" y="131.88"/>
        <vehicle id="cfm-slow_3" eclass="HBEFA3/PC_G_EU4" CO2="36210.01" CO="701.24" HC="4.10" NOx="16.31" PMx="0.92" fuel="15.56" electricity="0.00" noise="86.63" route="routetop" type="cfm-slow" waiting="0.00" lane="top_0" pos="25.17" speed="29.90" angle="229.20" x="14.90" y="111.91"/>
        <vehicle id="cfm-slow_4" eclass="HBEFA3/PC_G_EU4" CO2="21658.44" CO="431.89" HC="2.52" NOx="9.38" PMx="0.56" fuel="9.31" electricity="0.00" noise="79.59" route="routetop" type="cfm-slow" waiting="0.00" lane="left_0" pos="0.88" speed="33.35" angle="182.88" x="-4.91" y="61.67"/>
        <vehicle id="cfm-slow_5" eclass="HBEFA3/PC_G_EU4" CO2="0.00" CO="0.00" HC="0.00" NOx="0.00" PMx="0.00" fuel="0.00" electricity="0.00" noise="74.37" route="routetop" type="cfm-slow" waiting="0.00" lane="left_0" pos="30.00" speed="34.40" angle="130.50" x="23.32" y="8.18"/>
    </timestep>
    <timestep time="4.28">
        <vehicle id="cfm-fast_0" eclass="HBEFA3/PC_G_EU4" CO2="88624.79" CO="1951.72" HC="11.12" NOx="40.78" PMx="2.37" fuel="38.10" electricity="0.00" noise="105.76" route="routebottom" type="cfm-fast" waiting="0.00" lane="bottom_1" pos="4.92" speed="43.21" angle="85.67" x="73.73" y="-0.87"/>
        <vehicle id="cfm-fast_1" eclass="HBEFA3/PC_G_EU4" CO2="0.00" CO="0.00" HC="0.00" NOx="0.00" PMx="0.00" fuel="0.00" electricity="0.00" noise="72.62" route="routebottom" type="cfm-fast" waiting="0.00" lane="bottom_0" pos="11.08" speed="31.07" angle="74.46" x="87.11" y="-0.81"/>
        <vehicle id="cfm-fast_2" eclass="HBEFA3/PC_G_EU4" CO2="147998.40" CO="3288.61" HC="18.70" NOx="68.70" PMx="3.97" fuel="63.62" electricity="0.00" noise="124.44" route="routebottom" type="cfm-fast" waiting="0.00" lane="bottom_1" pos="41.14" speed="48.73" angle="20.49" x="126.46" y="45.70"/>
        <vehicle id="cfm-fast_3" eclass="HBEFA3/PC_G_EU4" CO2="0.00" CO="0.00" HC="0.00" NOx="0.00" PMx="0.00" fuel="0.00" electricity="0.00" noise="70.39" route="routebottom" type="cfm-fast" waiting="0.00" lane="bottom_0" pos="34.50" speed="26.36" angle="32.43" x="124.27" y="31.52"/>
        <vehicle id="cfm-fast_4" eclass="HBEFA3/PC_G_EU4" CO2="227524.32" CO="5174.39" HC="29.29" NOx="106.07" PMx="6.16" fuel="97.80" electricity="0.00" noise="142.81" route="routebottom" type="cfm-fast" waiting="0.00" lane="right_1" pos="33.18" speed="57.97" angle="304.79" x="96.59" y="120.06"/>
        <vehicle id="cfm-fast_5" eclass="HBEFA3/PC_G_EU4" CO2="0.00" CO="0.00" HC="0.00" NOx="0.00" PMx="0.00" fuel="0.00" electricity="0.00" noise="69.99" route="routebottom" type="cfm-fast" waiting="0.00" lane="right_0" pos="3.10" speed="22.52" angle="358.93" x="131.93" y="70.42"/>
        <vehicle id="cfm-slow_0" eclass="HBEFA3/PC_G_EU4" CO2="14625.30" CO="225.02" HC="1.39" NOx="6.31" PMx="0.33" fuel="6.29" electricity="0.00" noise="74.90" route="routebottom" type="cfm-slow" waiting="0.00" lane="right_0" pos="17.46" speed="21.67" angle="333.06" x="122.19" y="99.46"/>
        <vehicle id="cfm-slow_1" eclass="HBEFA3/PC_G_EU4" CO2="22868.48" CO="396.58" HC="2.37" NOx="10.17" PMx="0.55" fuel="9.83" electricity="0.00" noise="80.21" route="routebottom" type="cfm-slow" waiting="0.00" lane="right_0" pos="34.66" speed="23.32" angle="302.18" x="95.49" y="124.44"/>
        <vehicle id="cfm-slow_2" eclass="HBEFA3/PC_G_EU4" CO2="32624.39" CO="605.90" HC="3.57" NOx="14.71" PMx="0.81" fuel="14.02" electricity="0.00" noise="85.71" route="routetop" type="cfm-slow" waiting="0.00" lane="top_0" pos="3.60" speed="26.15" angle="268.05" x="55.85" y="131.83"/>
        <vehicle id="cfm-slow_3" eclass="HBEFA3/PC_G_EU4" CO2="36072.98" CO="698.70" HC="4.08" NOx="16.25" PMx="0.92" fuel="15.51" electricity="0.00" noise="86.55" route="routetop" type="cfm-slow" waiting="0.00" lane="top_0" pos="25.47" speed="29.93" angle="228.65" x="14.44" y="111.45"/>
        <vehicle id="cfm-slow_4" eclass="HBEFA3/PC_G_EU4" CO2="21352.37" CO="425.76" HC="2.48" NOx="9.23" PMx="0.55" fuel="9.18" electricity="0.00" noise="79.47" route="routetop" type="cfm-slow" waiting="0.00" lane="left_0" pos="1.22" speed="33.37" angle="182.29" x="-4.89" y="60.96"/>
        <vehicle id="cfm-slow_5" eclass="HBEFA3/PC_G_EU4" CO2="0.00" CO="0.00" HC="0.00" NOx="0.00" PMx="0.00" fuel="0.00" electricity="0.00" noise="74.35" route="routetop" type="cfm-slow" waiting="0.00" lane="left_0" pos="30.34" speed="34.38" angle="129.87" x="23.92" y="7.75"/>
    </timestep>
    <timestep time="4.29">
        <vehicle id="cfm-fast_0" eclass="HBEFA3/PC_G_EU4" CO2="89023.61" CO="1961.19" HC="11.17" NOx="40.97" PMx="2.38" fuel="38.27" electricity="0.00" noise="105.88" route="routebottom" type="cfm-fast" waiting="0.00" lane="bottom_1" pos="5.35" speed="43.28" angle="84.89" x="74.61" y="-0.72"/>
        <vehicle id="cfm-fast_1" eclass="HBEFA3/PC_G_EU4" CO2="0.00" CO="0.00" HC="0.00" NOx="0.00" PMx="0.00" fuel="0.00" electricity="0.00" noise="72.60" route="routebottom" type="cfm-fast" waiting="0.00" lane="bottom_0" pos="11.39" speed="31.04" angle="73.89" x="87.74" y="-0.58"/>
        <vehicle id="cfm-fast_2" eclass="HBEFA3/PC_G_EU4" CO2="148574.10" CO="3302.89" HC="18.77" NOx="68.97" PMx="3.99" fuel="63.86" electricity="0.00" noise="124.57" route="routebottom" type="cfm-fast" waiting="0.00" lane="bottom_1" pos="41.63" speed="48.84" angle="19.57" x="126.71" y="46.67"/>
        <vehicle id="cfm-fast_3" eclass="HBEFA3/PC_G_EU4" CO2="0.00" CO="0.00" HC="0.00" NOx="0.00" PMx="0.00" fuel="0.00" electricity="0.00" noise="70.38" route="routebottom" type="cfm-fast" waiting="0.00" lane="bottom_0" pos="34.76" speed="26.33" angle="32.00" x="124.54" y="32.02"/>
        <vehicle id="cfm-fast_4" eclass="HBEFA3/PC_G_EU4" CO2="228115.58" CO="5190.77" HC="29.38" NOx="106.34" PMx="6.18" fuel="98.06" electricity="0.00" noise="142.88" route="routebottom" type="cfm-fast" waiting="0.00" lane="right_1" pos="33.76" speed="58.10" angle="303.78" x="95.56" y="120.64"/>
        <vehicle id="cfm-fast_5" eclass="HBEFA3/PC_G_EU4" CO2="0.00" CO="0.00" HC="0.00" NOx="0.00" PMx="0.00" fuel="0.00" electricity="0.00" noise="70.01" route="routebottom" type="cfm-fast" waiting="0.00" lane="right_0" pos="3.33" speed="22.52" angle="358.52" x="131.88" y="70.91"/>
        <vehicle id="cfm-slow_0" eclass="HBEFA3/PC_G_EU4" CO2="14682.37" CO="226.20" HC="1.39" NOx="6.34" PMx="0.34" fuel="6.31" electricity="0.00" noise="74.94" route="routebottom" type="cfm-slow" waiting="0.00" lane="right_0" pos="17.68" speed="21.69" angle="332.67" x="121.95" y="99.86"/>
        <vehicle id="cfm-slow_1" eclass="HBEFA3/PC_G_EU4" CO2="22939.51" CO="398.10" HC="2.38" NOx="10.20" PMx="0.55" fuel="9.86" electricity="0.00" noise="80.26" route="routebottom" type="cfm-slow" waiting="0.00" lane="right_0" pos="34.90" speed="23.35" angle="301.76" x="95.04" y="124.67"/>
        <vehicle id="cfm-slow_2" eclass="HBEFA3/PC_G_EU4" CO2="32645.62" CO="606.51" HC="3.57" NOx="14.71" PMx="0.81" fuel="14.03" electricity="0.00" noise="85.71" route="routetop" type="cfm-slow" waiting="0.00" lane="top_0" pos="3.86" speed="26.19" angle="267.60" x="55.29" y="131.77"/>
        <vehicle id="cfm-slow_3" eclass="HBEFA3/PC_G_EU4" CO2="35934.41" CO="696.13" HC="4.07" NOx="16.18" PMx="0.91" fuel="15.45" electricity="0.00" noise="86.46" route="routetop" type="cfm-slow" waiting="0.00" lane="top_0" pos="25.77" speed="29.97" angle="228.16" x="13.99" y="110.99"/>
        <vehicle id="cfm-slow_4" eclass="HBEFA3/PC_G_EU4" CO2="21046.75" CO="419.63" HC="2.44" NOx="9.09" PMx="0.54" fuel="9.05" electricity="0.00" noise="79.36" route="routetop" type="cfm-slow" waiting="0.00" lane="left_0" pos="1.55" speed="33.38" angle="181.70" x="-4.85" y="60.24"/>
        <vehicle id="cfm-slow_5" eclass="HBEFA3/PC_G_EU4" CO2="0.00" CO="0.00" HC="0.00" NOx="0.00" PMx="0.00" fuel="0.00" electricity="0.00" noise="74.33" route="routetop" type="cfm-slow" waiting="0.00" lane="left_0" pos="30.68" speed="34.36" angle="129.26" x="24.52" y="7.31"/>
    </timestep>
    <timestep time="4.30">
        <vehicle id="cfm-fast_0" eclass="HBEFA3/PC_G_EU4" CO2="89424.95" CO="1970.73" HC="11.23" NOx="41.15" PMx="2.39" fuel="38.44" electricity="0.00" noise="106.01" route="routebottom" type="cfm-fast" waiting="0.00" lane="bottom_1" pos="5.78" speed="43.35" angle="84.07" x="75.48" y="-0.56"/>
        <vehicle id="cfm-fast_1" eclass="HBEFA3/PC_G_EU4" CO2="0.00" CO="0.00" HC="0.00" NOx="0.00" PMx="0.00" fuel="0.00" electricity="0.00" noise="72.59" route="routebottom" type="cfm-fast" waiting="0.00" lane="bottom_0" pos="11.70" speed="31.01" angle="73.39" x="88.36" y="-0.34"/>
        <vehicle id="cfm-fast_2" eclass="HBEFA3/PC_G_EU4" CO2="149151.11" CO="3317.21" HC="18.85" NOx="69.24" PMx="4.01" fuel="64.11" electricity="0.00" noise="124.70" route="routebottom" type="cfm-fast" waiting="0.00" lane="bottom_1" pos="42.12" speed="48.94" angle="18.66" x="126.97" y="47.64"/>
        <vehicle id="cfm-fast_3" eclass="HBEFA3/PC_G_EU4" CO2="0.00" CO="0.00" HC="0.00" NOx="0.00" PMx="0.00" fuel="0.00" electricity="0.00" noise="70.37" route="routebottom" type="cfm-fast" waiting="0.00" lane="bottom_0" pos="35.02" speed="26.31" angle="31.53" x="124.79" y="32.53"/>
        <vehicle id="cfm-fast_4" eclass="HBEFA3/PC_G_EU4" CO2="228707.14" CO="5207.17" HC="29.46" NOx="106.62" PMx="6.19" fuel="98.31" electricity="0.00" noise="142.95" route="routebottom" type="cfm-fast" waiting="0.00" lane="right_1" pos="34.34" speed="58.24" angle="302.71" x="94.51" y="121.22"/>
        <vehicle id="cfm-fast_5" eclass="HBEFA3/PC_G_EU4" CO2="3695.56" CO="0.66" HC="0.09" NOx="1.14" PMx="0.05" fuel="1.59" electricity="0.00" noise="70.02" route="routebottom" type="cfm-fast" waiting="0.00" lane="right_0" pos="3.55" speed="22.52" angle="358.12" x="131.84" y="71.39"/>
        <vehicle id="cfm-slow_0" eclass="HBEFA3/PC_G_EU4" CO2="14739.72" CO="227.39" HC="1.40" NOx="6.37" PMx="0.34" fuel="6.34" electricity="0.00" noise="74.98" route="routebottom" type="cfm-slow" waiting="0.00" lane="right_0" pos="17.89" speed="21.71" angle="332.33" x="121.71" y="100.26"/>
        <vehicle id="cfm-slow_1" eclass="HBEFA3/PC_G_EU4" CO2="23010.30" CO="399.61" HC="2.39" NOx="10.23" PMx="0.56" fuel="9.89" electricity="0.00" noise="80.30" route="routebottom" type="cfm-slow" waiting="0.00" lane="right_0" pos="35.13" speed="23.38" angle="301.34" x="94.59" y="124.89"/>
        <vehicle id="cfm-slow_2" eclass="HBEFA3/PC_G_EU4" CO2="32665.66" CO="607.09" HC="3.58" NOx="14.72" PMx="0.81" fuel="14.04" electricity="0.00" noise="85.71" route="routetop" type="cfm-slow" waiting="0.00" lane="top_0" pos="4.12" speed="26.23" angle="267.13" x="54.73" y="131.69"/>
        <vehicle id="cfm-slow_3" eclass="HBEFA3/PC_G_EU4" CO2="35794.31" CO="693.53" HC="4.05" NOx="16.12" PMx="0.91" fuel="15.39" electricity="0.00" noise="86.38" route="routetop" type="cfm-slow" waiting="0.00" lane="top_0" pos="26.07" speed="30.01" angle="227.60" x="13.56" y="110.51"/>
        <vehicle id="cfm-slow_4" eclass="HBEFA3/PC_G_EU4" CO2="20741.60" CO="413.51" HC="2.41" NOx="8.94" PMx="0.53" fuel="8.92" electricity="0.00" noise="79.25" route="routetop" type="cfm-slow" waiting="0.00" lane="left_0" pos="1.88" speed="33.40" angle="181.10" x="-4.81" y="59.52"/>
        <vehicle id="cfm-slow_5" eclass="HBEFA3/PC_G_EU4" CO2="0.00" CO="0.00" HC="0.00" NOx="0.00" PMx="0.00" fuel="0.00" electricity="0.00" noise="74.32" route="routetop" type="cfm-slow" waiting="0.00" lane="left_0" pos="31.03" speed="34.35" angle="128.68" x="25.13" y="6.90"/>
    </timestep>
    <timestep time="4.31">
        <vehicle id="cfm-fast_0" eclass="HBEFA3/PC_G_EU4" CO2="89828.77" CO="1980.33" HC="11.28" NOx="41.34" PMx="2.41" fuel="38.61" electricity="0.00" noise="106.14" route="routebottom" type="cfm-fast" waiting="0.00" lane="bottom_1" pos="6.22" speed="43.42" angle="83.25" x="76.35" y="-0.40"/>
        <vehicle id="cfm-fast_1" eclass="HBEFA3/PC_G_EU4" CO2="0.00" CO="0.00" HC="0.00" NOx="0.00" PMx="0.00" fuel="0.00" electricity="0.00" noise="72.57" route="routebottom" type="cfm-fast" waiting="0.00" lane="bottom_0" pos="12.01" speed="30.98" angle="72.84" x="88.98" y="-0.09"/>
        <vehicle id="cfm-fast_2" eclass="HBEFA3/PC_G_EU4" CO2="149729.42" CO="3331.56" HC="18.93" NOx="69.51" PMx="4.02" fuel="64.36" electricity="0.00" noise="124.83" route="routebottom" type="cfm-fast" waiting="0.00" lane="bottom_1" pos="42.61" speed="49.05" angle="17.84" x="127.21" y="48.62"/>
        <vehicle id="cfm-fast_3" eclass="HBEFA3/PC_G_EU4" CO2="0.00" CO="0.00" HC="0.00" NOx="0.00" PMx="0.00" fuel="0.00" electricity="0.00" noise="70.36" route="routebottom" type="cfm-fast" waiting="0.00" lane="bottom_0" pos="35.28" speed="26.29" angle="31.05" x="125.05" y="33.03"/>
        <vehicle id="cfm-fast_4" eclass="HBEFA3/PC_G_EU4" CO2="229298.98" CO="5223.59" HC="29.55" NOx="106.90" PMx="6.21" fuel="98.56" electricity="0.00" noise="143.01" route="routebottom" type="cfm-fast" waiting="0.00" lane="right_1" pos="34.93" speed="58.38" angle="301.69" x="93.45" y="121.77"/>
        <vehicle id="cfm-fast_5" eclass="HBEFA3/PC_G_EU4" CO2="3758.24" CO="1.95" HC="0.10" NOx="1.17" PMx="0.05" fuel="1.62" electricity="0.00" noise="70.04" route="routebottom" type="cfm-fast" waiting="0.00" lane="right_0" pos="3.78" speed="22.52" angle="357.72" x="131.79" y="71.87"/>
        <vehicle id="cfm-slow_0" eclass="HBEFA3/PC_G_EU4" CO2="14797.34" CO="228.59" HC="1.41" NOx="6.39" PMx="0.34" fuel="6.36" electricity="0.00" noise="75.02" route="routebottom" type="cfm-slow" waiting="0.00" lane="right_0" pos="18.11" speed="21.73" angle="331.93" x="121.45" y="100.65"/>
        <vehicle id="cfm-slow_1" eclass="HBEFA3/PC_G_EU4" CO2="23080.83" CO="401.12" HC="2.40" NOx="10.26" PMx="0.56" fuel="9.92" electricity="0.00" noise="80.34" route="routebottom" type="cfm-slow" waiting="0.00" lane="right_0" pos="35.36" speed="23.41" angle="300.91" x="94.14" y="125.12"/>
        <vehicle id="cfm-slow_2" eclass="HBEFA3/PC_G_EU4" CO2="32684.49" CO="607.65" HC="3.58" NOx="14.73" PMx="0.82" fuel="14.05" electricity="0.00" noise="85.71" route="routetop" type="cfm-slow" waiting="0.00" lane="top_0" pos="4.38" speed="26.27" angle="266.65" x="54.17" y="131.61"/>
        <vehicle id="cfm-slow_3" eclass="HBEFA3/PC_G_EU4" CO2="35652.70" CO="690.90" HC="4.04" NOx="16.05" PMx="0.91" fuel="15.33" electricity="0.00" noise="86.29" route="routetop" type="cfm-slow" waiting="0.00" lane="top_0" pos="26.37" speed="30.05" angle="227.04" x="13.12" y="110.04"/>
        <vehicle id="cfm-slow_4" eclass="HBEFA3/PC_G_EU4" CO2="20436.94" CO="407.39" HC="2.37" NOx="8.80" PMx="0.52" fuel="8.78" electricity="0.00" noise="79.14" route="routetop" type="cfm-slow" waiting="0.00" lane="left_0" pos="2.22" speed="33.42" angle="180.50" x="-4.77" y="58.80"/>
        <vehicle id="cfm-slow_5" eclass="HBEFA3/PC_G_EU4" CO2="0.00" CO="0.00" HC="0.00" NOx="0.00" PMx="0.00" fuel="0.00" electricity="0.00" noise="74.30" route="routetop" type="cfm-slow" waiting="0.00" lane="left_0" pos="31.37" speed="34.33" angle="128.06" x="25.75" y="6.49"/>
    </timestep>
    <timestep time="4.32">
        <vehicle id="cfm-fast_0" eclass="HBEFA3/PC_G_EU4" CO2="90235.07" CO="1989.98" HC="11.33" NOx="41.53" PMx="2.42" fuel="38.79" electricity="0.00" noise="106.26" route="routebottom" type="cfm-fast" waiting="0.00" lane="bottom_1" pos="6.65" speed="43.49" angle="82.50" x="77.23" y="-0.22"/>
        <vehicle id="cfm-fast_1" eclass="HBEFA3/PC_G_EU4" CO2="0.00" CO="0.00" HC="0.00" NOx="0.00" PMx="0.00" fuel="0.00" electricity="0.00" noise="72.56" route="routebottom" type="cfm-fast" waiting="0.00" lane="bottom_0" pos="12.32" speed="30.95" angle="72.29" x="89.60" y="0.15"/>
        <vehicle id="cfm-fast_2" eclass="HBEFA3/PC_G_EU4" CO2="150309.01" CO="3345.96" HC="19.01" NOx="69.78" PMx="4.04" fuel="64.61" electricity="0.00" noise="124.95" route="routebottom" type="cfm-fast" waiting="0.00" lane="bottom_1" pos="43.10" speed="49.15" angle="16.98" x="127.43" y="49.60"/>
        <vehicle id="cfm-fast_3" eclass="HBEFA3/PC_G_EU4" CO2="0.00" CO="0.00" HC="0.00" NOx="0.00" PMx="0.00" fuel="0.00" electricity="0.00" noise="70.35" route="routebottom" type="cfm-fast" waiting="0.00" lane="bottom_0" pos="35.55" speed="26.26" angle="30.57" x="125.30" y="33.54"/>
        <vehicle id="cfm-fast_4" eclass="HBEFA3/PC_G_EU4" CO2="229891.12" CO="5240.03" HC="29.64" NOx="107.18" PMx="6.23" fuel="98.82" electricity="0.00" noise="143.08" route="routebottom" type="cfm-fast" waiting="0.00" lane="right_1" pos="35.51" speed="58.51" angle="300.60" x="92.38" y="122.31"/>
        <vehicle id="cfm-fast_5" eclass="HBEFA3/PC_G_EU4" CO2="3821.27" CO="3.25" HC="0.11" NOx="1.20" PMx="0.05" fuel="1.64" electricity="0.00" noise="70.06" route="routebottom" type="cfm-fast" waiting="0.00" lane="right_0" pos="4.00" speed="22.52" angle="357.33" x="131.72" y="72.35"/>
        <vehicle id="cfm-slow_0" eclass="HBEFA3/PC_G_EU4" CO2="14855.23" CO="229.79" HC="1.41" NOx="6.42" PMx="0.34" fuel="6.39" electricity="0.00" noise="75.05" route="routebottom" type="cfm-slow" waiting="0.00" lane="right_0" pos="18.33" speed="21.75" angle="331.51" x="121.19" y="101.04"/>
        <vehicle id="cfm-slow_1" eclass="HBEFA3/PC_G_EU4" CO2="23151.09" CO="402.63" HC="2.41" NOx="10.30" PMx="0.56" fuel="9.95" electricity="0.00" noise="80.38" route="routebottom" type="cfm-slow" waiting="0.00" lane="right_0" pos="35.60" speed="23.44" angle="300.49" x="93.69" y="125.35"/>
        <vehicle id="cfm-slow_2" eclass="HBEFA3/PC_G_EU4" CO2="32702.12" CO="608.19" HC="3.58" NOx="14.74" PMx="0.82" fuel="14.06" electricity="0.00" noise="85.70" route="routetop" type="cfm-slow" waiting="0.00" lane="top_0" pos="4.65" speed="26.31" angle="266.17" x="53.61" y="131.53"/>
        <vehicle id="cfm-slow_3" eclass="HBEFA3/PC_G_EU4" CO2="35509.58" CO="688.23" HC="4.02" NOx="15.98" PMx="0.90" fuel="15.26" electricity="0.00" noise="86.20" route="routetop" type="cfm-slow" waiting="0.00" lane="top_0" pos="26.67" speed="30.09" angle="226.48" x="12.68" y="109.56"/>
        <vehicle id="cfm-slow_4" eclass="HBEFA3/PC_G_EU4" CO2="20132.79" CO="401.28" HC="2.34" NOx="8.65" PMx="0.52" fuel="8.65" electricity="0.00" noise="79.03" route="routetop" type="cfm-slow" waiting="0.00" lane="left_0" pos="2.55" speed="33.43" angle="179.92" x="-4.72" y="58.08"/>
        <vehicle id="cfm-slow_5" eclass="HBEFA3/PC_G_EU4" CO2="0.00" CO="0.00" HC="0.00" NOx="0.00" PMx="0.00" fuel="0.00" electricity="0.00" noise="74.28" route="routetop" type="cfm-slow" waiting="0.00" lane="left_0" pos="31.71" speed="34.31" angle="127.44" x="26.36" y="6.08"/>
    </timestep>
    <timestep time="4.33">
        <vehicle id="cfm-fast_0" eclass="HBEFA3/PC_G_EU4" CO2="90643.84" CO="1999.69" HC="11.39" NOx="41.73" PMx="2.43" fuel="38.96" electricity="0.00" noise="106.39" route="routebottom" type="cfm-fast" waiting="0.00" lane="bottom_1" pos="7.09" speed="43.55" angle="81.70" x="78.10" y="-0.02"/>
        <vehicle id="cfm-fast_1" eclass="HBEFA3/PC_G_EU4" CO2="0.00" CO="0.00" HC="0.00" NOx="0.00" PMx="0.00" fuel="0.00" electricity="0.00" noise="72.54" route="routebottom" type="cfm-fast" waiting="0.00" lane="bottom_0" pos="12.63" speed="30.92" angle="71.74" x="90.21" y="0.40"/>
        <vehicle id="cfm-fast_2" eclass="HBEFA3/PC_G_EU4" CO2="150889.88" CO="3360.39" HC="19.10" NOx="70.05" PMx="4.05" fuel="64.86" electricity="0.00" noise="125.08" route="routebottom" type="cfm-fast" waiting="0.00" lane="bottom_1" pos="43.60" speed="49.26" angle="16.16" x="127.66" y="50.59"/>
        <vehicle id="cfm-fast_3" eclass="HBEFA3/PC_G_EU4" CO2="0.00" CO="0.00" HC="0.00" NOx="0.00" PMx="0.00" fuel="0.00" electricity="0.00" noise="70.34" route="routebottom" type="cfm-fast" waiting="0.00" lane="bottom_0" pos="35.81" speed="26.24" angle="30.11" x="125.56" y="34.04"/>
        <vehicle id="cfm-fast_4" eclass="HBEFA3/PC_G_EU4" CO2="230483.56" CO="5256.49" HC="29.73" NOx="107.45" PMx="6.25" fuel="99.07" electricity="0.00" noise="143.14" route="routebottom" type="cfm-fast" waiting="0.00" lane="right_1" pos="36.10" speed="58.65" angle="299.56" x="91.29" y="122.83"/>
        <vehicle id="cfm-fast_5" eclass="HBEFA3/PC_G_EU4" CO2="3884.65" CO="4.56" HC="0.12" NOx="1.23" PMx="0.05" fuel="1.67" electricity="0.00" noise="70.08" route="routebottom" type="cfm-fast" waiting="0.00" lane="right_0" pos="4.23" speed="22.52" angle="356.92" x="131.65" y="72.83"/>
        <vehicle id="cfm-slow_0" eclass="HBEFA3/PC_G_EU4" CO2="14913.37" CO="231.00" HC="1.42" NOx="6.45" PMx="0.34" fuel="6.41" electricity="0.00" noise="75.09" route="routebottom" type="cfm-slow" waiting="0.00" lane="right_0" pos="18.54" speed="21.77" angle="331.08" x="120.93" y="101.43"/>
        <vehicle id="cfm-slow_1" eclass="HBEFA3/PC_G_EU4" CO2="23221.07" CO="404.13" HC="2.42" NOx="10.33" PMx="0.56" fuel="9.98" electricity="0.00" noise="80.42" route="routebottom" type="cfm-slow" waiting="0.00" lane="right_0" pos="35.83" speed="23.47" angle="300.09" x="93.24" y="125.57"/>
        <vehicle id="cfm-slow_2" eclass="HBEFA3/PC_G_EU4" CO2="32718.53" CO="608.71" HC="3.59" NOx="14.75" PMx="0.82" fuel="14.06" electricity="0.00" noise="85.70" route="routetop" type="cfm-slow" waiting="0.00" lane="top_0" pos="4.91" speed="26.35" angle="265.70" x="53.05" y="131.45"/>
        <vehicle id="cfm-slow_3" eclass="HBEFA3/PC_G_EU4" CO2="35364.98" CO="685.54" HC="4.01" NOx="15.91" PMx="0.90" fuel="15.20" electricity="0.00" noise="86.12" route="routetop" type="cfm-slow" waiting="0.00" lane="top_0" pos="26.97" speed="30.12" angle="225.98" x="12.24" y="109.08"/>
        <vehicle id="cfm-slow_4" eclass="HBEFA3/PC_G_EU4" CO2="19829.18" CO="395.18" HC="2.30" NOx="8.51" PMx="0.51" fuel="8.52" electricity="0.00" noise="78.92" route="routetop" type="cfm-slow" waiting="0.00" lane="left_0" pos="2.89" speed="33.44" angle="179.32" x="-4.65" y="57.37"/>
        <vehicle id="cfm-slow_5" eclass="HBEFA3/PC_G_EU4" CO2="0.00" CO="0.00" HC="0.00" NOx="0.00" PMx="0.00" fuel="0.00" electricity="0.00" noise="74.27" route="routetop" type="cfm-slow" waiting="0.00" lane="left_0" pos="32.06" speed="34.29" angle="126.89" x="26.98" y="5.67"/>
    </timestep>
    <timestep time="4.34">
        <vehicle id="cfm-fast_0" eclass="HBEFA3/PC_G_EU4" CO2="91055.04" CO="2009.46" HC="11.44" NOx="41.92" PMx="2.44" fuel="39.14" electricity="0.00" noise="106.52" route="routebottom" type="cfm-fast" waiting="0.00" lane="bottom_1" pos="7.52" speed="43.62" angle="80.90" x="78.97" y="0.18"/>
        <vehicle id="cfm-fast_1" eclass="HBEFA3/PC_G_EU4" CO2="0.00" CO="0.00" HC="0.00" NOx="0.00" PMx="0.00" fuel="0.00" electricity="0.00" noise="72.53" route="routebottom" type="cfm-fast" waiting="0.00" lane="bottom_0" pos="12.93" speed="30.89" angle="71.23" x="90.83" y="0.66"/>
        <vehicle id="cfm-fast_2" eclass="HBEFA3/PC_G_EU4" CO2="151472.00" CO="3374.87" HC="19.18" NOx="70.32" PMx="4.07" fuel="65.11" electricity="0.00" noise="125.21" route="routebottom" type="cfm-fast" waiting="0.00" lane="bottom_1" pos="44.09" speed="49.36" angle="15.20" x="127.84" y="51.58"/>
        <vehicle id="cfm-fast_3" eclass="HBEFA3/PC_G_EU4" CO2="0.00" CO="0.00" HC="0.00" NOx="0.00" PMx="0.00" fuel="0.00" electricity="0.00" noise="70.33" route="routebottom" type="cfm-fast" waiting="0.00" lane="bottom_0" pos="36.07" speed="26.22" angle="29.66" x="125.80" y="34.55"/>
        <vehicle id="cfm-fast_4" eclass="HBEFA3/PC_G_EU4" CO2="231076.28" CO="5272.97" HC="29.83" NOx="107.73" PMx="6.26" fuel="99.33" electricity="0.00" noise="143.21" route="routebottom" type="cfm-fast" waiting="0.00" lane="right_1" pos="36.69" speed="58.78" angle="298.45" x="90.20" y="123.33"/>
        <vehicle id="cfm-fast_5" eclass="HBEFA3/PC_G_EU4" CO2="3948.36" CO="5.87" HC="0.12" NOx="1.26" PMx="0.06" fuel="1.70" electricity="0.00" noise="70.10" route="routebottom" type="cfm-fast" waiting="0.00" lane="right_0" pos="4.45" speed="22.52" angle="356.51" x="131.58" y="73.31"/>
        <vehicle id="cfm-slow_0" eclass="HBEFA3/PC_G_EU4" CO2="14971.78" CO="232.21" HC="1.43" NOx="6.47" PMx="0.34" fuel="6.44" electricity="0.00" noise="75.13" route="routebottom" type="cfm-slow" waiting="0.00" lane="right_0" pos="18.76" speed="21.79" angle="330.66" x="120.67" y="101.82"/>
        <vehicle id="cfm-slow_1" eclass="HBEFA3/PC_G_EU4" CO2="23290.77" CO="405.63" HC="2.42" NOx="10.36" PMx="0.56" fuel="10.01" electricity="0.00" noise="80.46" route="routebottom" type="cfm-slow" waiting="0.00" lane="right_0" pos="36.07" speed="23.51" angle="299.67" x="92.78" y="125.79"/>
        <vehicle id="cfm-slow_2" eclass="HBEFA3/PC_G_EU4" CO2="32733.72" CO="609.20" HC="3.59" NOx="14.75" PMx="0.82" fuel="14.07" electricity="0.00" noise="85.69" route="routetop" type="cfm-slow" waiting="0.00" lane="top_0" pos="5.17" speed="26.39" angle="265.17" x="52.49" y="131.36"/>
        <vehicle id="cfm-slow_3" eclass="HBEFA3/PC_G_EU4" CO2="35218.90" CO="682.81" HC="3.99" NOx="15.84" PMx="0.90" fuel="15.14" electricity="0.00" noise="86.03" route="routetop" type="cfm-slow" waiting="0.00" lane="top_0" pos="27.28" speed="30.16" angle="225.42" x="11.82" y="108.59"/>
        <vehicle id="cfm-slow_4" eclass="HBEFA3/PC_G_EU4" CO2="19526.13" CO="389.09" HC="2.27" NOx="8.37" PMx="0.50" fuel="8.39" electricity="0.00" noise="78.82" route="routetop" type="cfm-slow" waiting="0.00" lane="left_0" pos="3.22" speed="33.46" angle="178.72" x="-4.58" y="56.65"/>
        <vehicle id="cfm-slow_5" eclass="HBEFA3/PC_G_EU4" CO2="0.00" CO="0.00" HC="0.00" NOx="0.00" PMx="0.00" fuel="0.00" electricity="0.00" noise="74.25" route="routetop" type="cfm-slow" waiting="0.00" lane="left_0" pos="32.40" speed="34.27" angle="126.25" x="27.61" y="5.29"/>
    </timestep>
    <timestep time="4.35">
        <vehicle id="cfm-fast_0" eclass="HBEFA3/PC_G_EU4" CO2="91468.67" CO="2019.29" HC="11.50" NOx="42.11" PMx="2.45" fuel="39.32" electricity="0.00" noise="106.65" route="routebottom" type="cfm-fast" waiting="0.00" lane="bottom_1" pos="7.96" speed="43.69" angle="80.15" x="79.84" y="0.40"/>
        <vehicle id="cfm-fast_1" eclass="HBEFA3/PC_G_EU4" CO2="0.00" CO="0.00" HC="0.00" NOx="0.00" PMx="0.00" fuel="0.00" electricity="0.00" noise="72.51" route="routebottom" type="cfm-fast" waiting="0.00" lane="bottom_0" pos="13.24" speed="30.86" angle="70.66" x="91.43" y="0.93"/>
        <vehicle id="cfm-fast_2" eclass="HBEFA3/PC_G_EU4" CO2="152055.37" CO="3389.38" HC="19.26" NOx="70.60" PMx="4.09" fuel="65.36" electricity="0.00" noise="125.33" route="routebottom" type="cfm-fast" waiting="0.00" lane="bottom_1" pos="44.58" speed="49.47" angle="14.24" x="128.02" y="52.58"/>
        <vehicle id="cfm-fast_3" eclass="HBEFA3/PC_G_EU4" CO2="0.00" CO="0.00" HC="0.00" NOx="0.00" PMx="0.00" fuel="0.00" electricity="0.00" noise="70.32" route="routebottom" type="cfm-fast" waiting="0.00" lane="bottom_0" pos="36.33" speed="26.20" angle="29.15" x="126.03" y="35.07"/>
        <vehicle id="cfm-fast_4" eclass="HBEFA3/PC_G_EU4" CO2="231669.30" CO="5289.48" HC="29.92" NOx="108.01" PMx="6.28" fuel="99.58" electricity="0.00" noise="143.28" route="routebottom" type="cfm-fast" waiting="0.00" lane="right_1" pos="37.28" speed="58.92" angle="297.41" x="89.09" y="123.82"/>
        <vehicle id="cfm-fast_5" eclass="HBEFA3/PC_G_EU4" CO2="4012.40" CO="7.19" HC="0.13" NOx="1.29" PMx="0.06" fuel="1.72" electricity="0.00" noise="70.12" route="routebottom" type="cfm-fast" waiting="0.00" lane="right_0" pos="4.68" speed="22.52" angle="356.11" x="131.51" y="73.79"/>
        <vehicle id="cfm-slow_0" eclass="HBEFA3/PC_G_EU4" CO2="15030.43" CO="233.43" HC="1.43" NOx="6.50" PMx="0.34" fuel="6.46" electricity="0.00" noise="75.17" route="routebottom" type="cfm-slow" waiting="0.00" lane="right_0" pos="18.98" speed="21.81" angle="330.23" x="120.41" y="102.21"/>
        <vehicle id="cfm-slow_1" eclass="HBEFA3/PC_G_EU4" CO2="23360.17" CO="407.12" HC="2.43" NOx="10.39" PMx="0.56" fuel="10.04" electricity="0.00" noise="80.49" route="routebottom" type="cfm-slow" waiting="0.00" lane="right_0" pos="36.30" speed="23.54" angle="299.22" x="92.32" y="125.99"/>
        <vehicle id="cfm-slow_2" eclass="HBEFA3/PC_G_EU4" CO2="32747.68" CO="609.66" HC="3.59" NOx="14.76" PMx="0.82" fuel="14.08" electricity="0.00" noise="85.69" route="routetop" type="cfm-slow" waiting="0.00" lane="top_0" pos="5.44" speed="26.43" angle="264.68" x="51.93" y="131.26"/>
        <vehicle id="cfm-slow_3" eclass="HBEFA3/PC_G_EU4" CO2="35071.37" CO="680.05" HC="3.97" NOx="15.77" PMx="0.89" fuel="15.08" electricity="0.00" noise="85.94" route="routetop" type="cfm-slow" waiting="0.00" lane="top_0" pos="27.58" speed="30.20" angle="224.85" x="11.40" y="108.09"/>
        <vehicle id="cfm-slow_4" eclass="HBEFA3/PC_G_EU4" CO2="19223.66" CO="383.01" HC="2.23" NOx="8.22" PMx="0.49" fuel="8.26" electricity="0.00" noise="78.72" route="routetop" type="cfm-slow" waiting="0.00" lane="left_0" pos="3.56" speed="33.47" angle="178.12" x="-4.51" y="55.94"/>
        <vehicle id="cfm-slow_5" eclass="HBEFA3/PC_G_EU4" CO2="0.00" CO="0.00" HC="0.00" NOx="0.00" PMx="0.00" fuel="0.00" electricity="0.00" noise="74.24" route="routetop" type="cfm-slow" waiting="0.00" lane="left_0" pos="32.74" speed="34.25" angle="125.61" x="28.24" y="4.91"/>
    </timestep>
    <timestep time="4.36">
        <vehicle id="cfm-fast_0" eclass="HBEFA3/PC_G_EU4" CO2="91884.71" CO="2029.18" HC="11.55" NOx="42.31" PMx="2.46" fuel="39.50" electricity="0.00" noise="106.78" route="routebottom" type="cfm-fast" waiting="0.00" lane="bottom_1" pos="8.40" speed="43.76" angle="79.33" x="80.71" y="0.63"/>
        <vehicle id="cfm-fast_1" eclass="HBEFA3/PC_G_EU4" CO2="0.00" CO="0.00" HC="0.00" NOx="0.00" PMx="0.00" fuel="0.00" electricity="0.00" noise="72.50" route="routebottom" type="cfm-fast" waiting="0.00" lane="bottom_0" pos="13.55" speed="30.82" angle="70.09" x="92.04" y="1.20"/>
        <vehicle id="cfm-fast_2" eclass="HBEFA3/PC_G_EU4" CO2="152639.97" CO="3403.93" HC="19.34" NOx="70.87" PMx="4.10" fuel="65.61" electricity="0.00" noise="125.46" route="routebottom" type="cfm-fast" waiting="0.00" lane="bottom_1" pos="45.08" speed="49.58" angle="13.37" x="128.19" y="53.58"/>
        <vehicle id="cfm-fast_3" eclass="HBEFA3/PC_G_EU4" CO2="0.00" CO="0.00" HC="0.00" NOx="0.00" PMx="0.00" fuel="0.00" electricity="0.00" noise="70.31" route="routebottom" type="cfm-fast" waiting="0.00" lane="bottom_0" pos="36.60" speed="26.17" angle="28.64" x="126.25" y="35.58"/>
        <vehicle id="cfm-fast_4" eclass="HBEFA3/PC_G_EU4" CO2="232262.60" CO="5306.01" HC="30.01" NOx="108.29" PMx="6.30" fuel="99.84" electricity="0.00" noise="143.34" route="routebottom" type="cfm-fast" waiting="0.00" lane="right_1" pos="37.87" speed="59.06" angle="296.31" x="87.97" y="124.26"/>
        <vehicle id="cfm-fast_5" eclass="HBEFA3/PC_G_EU4" CO2="4076.78" CO="8.51" HC="0.14" NOx="1.32" PMx="0.06" fuel="1.75" electricity="0.00" noise="70.13" route="routebottom" type="cfm-fast" waiting="0.00" lane="right_0" pos="4.90" speed="22.52" angle="355.70" x="131.45" y="74.27"/>
        <vehicle id="cfm-slow_0" eclass="HBEFA3/PC_G_EU4" CO2="15089.32" CO="234.65" HC="1.44" NOx="6.53" PMx="0.35" fuel="6.49" electricity="0.00" noise="75.21" route="routebottom" type="cfm-slow" waiting="0.00" lane="right_0" pos="19.20" speed="21.83" angle="329.87" x="120.15" y="102.60"/>
        <vehicle id="cfm-slow_1" eclass="HBEFA3/PC_G_EU4" CO2="23429.27" CO="408.61" HC="2.44" NOx="10.42" PMx="0.57" fuel="10.07" electricity="0.00" noise="80.53" route="routebottom" type="cfm-slow" waiting="0.00" lane="right_0" pos="36.54" speed="23.57" angle="298.76" x="91.86" y="126.20"/>
        <vehicle id="cfm-slow_2" eclass="HBEFA3/PC_G_EU4" CO2="32760.42" CO="610.11" HC="3.59" NOx="14.76" PMx="0.82" fuel="14.08" electricity="0.00" noise="85.68" route="routetop" type="cfm-slow" waiting="0.00" lane="top_0" pos="5.70" speed="26.47" angle="264.18" x="51.37" y="131.15"/>
        <vehicle id="cfm-slow_3" eclass="HBEFA3/PC_G_EU4" CO2="34922.39" CO="677.26" HC="3.96" NOx="15.70" PMx="0.89" fuel="15.01" electricity="0.00" noise="85.85" route="routetop" type="cfm-slow" waiting="0.00" lane="top_0" pos="27.88" speed="30.24" angle="224.29" x="10.98" y="107.60"/>
        <vehicle id="cfm-slow_4" eclass="HBEFA3/PC_G_EU4" CO2="18921.79" CO="376.93" HC="2.20" NOx="8.08" PMx="0.49" fuel="8.13" electricity="0.00" noise="78.61" route="routetop" type="cfm-slow" waiting="0.00" lane="left_0" pos="3.89" speed="33.49" angle="177.54" x="-4.43" y="55.22"/>
        <vehicle id="cfm-slow_5" eclass="HBEFA3/PC_G_EU4" CO2="0.00" CO="0.00" HC="0.00" NOx="0.00" PMx="0.00" fuel="0.00" electricity="0.00" noise="74.22" route="routetop" type="cfm-slow" waiting="0.00" lane="left_0" pos="33.08" speed="34.23" angle="124.97" x="28.87" y="4.53"/>
    </timestep>
    <timestep time="4.37">
        <vehicle id="cfm-fast_0" eclass="HBEFA3/PC_G_EU4" CO2="92303.15" CO="2039.12" HC="11.61" NOx="42.50" PMx="2.47" fuel="39.68" electricity="0.00" noise="106.91" route="routebottom" type="cfm-fast" waiting="0.00" lane="bottom_1" pos="8.84" speed="43.83" angle="78.51" x="81.57" y="0.86"/>
        <vehicle id="cfm-fast_1" eclass="HBEFA3/PC_G_EU4" CO2="0.00" CO="0.00" HC="0.00" NOx="0.00" PMx="0.00" fuel="0.00" electricity="0.00" noise="72.48" route="routebottom" type="cfm-fast" waiting="0.00" lane="bottom_0" pos="13.86" speed="30.79" angle="69.51" x="92.64" y="1.48"/>
        <vehicle id="cfm-fast_2" eclass="HBEFA3/PC_G_EU4" CO2="153225.79" CO="3418.52" HC="19.42" NOx="71.15" PMx="4.12" fuel="65.86" electricity="0.00" noise="125.59" route="routebottom" type="cfm-fast" waiting="0.00" lane="bottom_1" pos="45.58" speed="49.68" angle="12.46" x="128.33" y="54.59"/>
        <vehicle id="cfm-fast_3" eclass="HBEFA3/PC_G_EU4" CO2="0.00" CO="0.00" HC="0.00" NOx="0.00" PMx="0.00" fuel="0.00" electricity="0.00" noise="70.30" route="routebottom" type="cfm-fast" waiting="0.00" lane="bottom_0" pos="36.86" speed="26.15" angle="28.13" x="126.48" y="36.10"/>
        <vehicle id="cfm-fast_4" eclass="HBEFA3/PC_G_EU4" CO2="232856.20" CO="5322.55" HC="30.10" NOx="108.56" PMx="6.31" fuel="100.09" electricity="0.00" noise="143.41" route="routebottom" type="cfm-fast" waiting="0.00" lane="right_1" pos="38.46" speed="59.19" angle="295.27" x="86.84" y="124.71"/>
        <vehicle id="cfm-fast_5" eclass="HBEFA3/PC_G_EU4" CO2="4141.47" CO="9.85" HC="0.15" NOx="1.35" PMx="0.06" fuel="1.78" electricity="0.00" noise="70.15" route="routebottom" type="cfm-fast" waiting="0.00" lane="right_0" pos="5.13" speed="22.52" angle="355.24" x="131.37" y="74.75"/>
        <vehicle id="cfm-slow_0" eclass="HBEFA3/PC_G_EU4" CO2="15148.45" CO="235.88" HC="1.45" NOx="6.56" PMx="0.35" fuel="6.51" electricity="0.00" noise="75.25" route="routebottom" type="cfm-slow" waiting="0.00" lane="right_0" pos="19.42" speed="21.85" angle="329.48" x="119.88" y="102.98"/>
        <vehicle id="cfm-slow_1" eclass="HBEFA3/PC_G_EU4" CO2="23498.06" CO="410.09" HC="2.45" NOx="10.46" PMx="0.57" fuel="10.10" electricity="0.00" noise="80.57" route="routebottom" type="cfm-slow" waiting="0.00" lane="right_0" pos="36.77" speed="23.60" angle="298.30" x="91.39" y="126.41"/>
        <vehicle id="cfm-slow_2" eclass="HBEFA3/PC_G_EU4" CO2="32771.92" CO="610.52" HC="3.60" NOx="14.77" PMx="0.82" fuel="14.09" electricity="0.00" noise="85.67" route="routetop" type="cfm-slow" waiting="0.00" lane="top_0" pos="5.97" speed="26.51" angle="263.69" x="50.81" y="131.05"/>
        <vehicle id="cfm-slow_3" eclass="HBEFA3/PC_G_EU4" CO2="34771.98" CO="674.44" HC="3.94" NOx="15.63" PMx="0.88" fuel="14.95" electricity="0.00" noise="85.77" route="routetop" type="cfm-slow" waiting="0.00" lane="top_0" pos="28.18" speed="30.27" angle="223.78" x="10.56" y="107.10"/>
        <vehicle id="cfm-slow_4" eclass="HBEFA3/PC_G_EU4" CO2="18620.55" CO="370.87" HC="2.16" NOx="7.94" PMx="0.48" fuel="8.00" electricity="0.00" noise="78.51" route="routetop" type="cfm-slow" waiting="0.00" lane="left_0" pos="4.23" speed="33.50" angle="176.93" x="-4.33" y="54.51"/>
        <vehicle id="cfm-slow_5" eclass="HBEFA3/PC_G_EU4" CO2="0.00" CO="0.00" HC="0.00" NOx="0.00" PMx="0.00" fuel="0.00" electricity="0.00" noise="74.20" route="routetop" type="cfm-slow" waiting="0.00" lane="left_0" pos="33.43" speed="34.21" angle="124.39" x="29.51" y="4.16"/>
    </timestep>
    <timestep time="4.38">
        <vehicle id="cfm-fast_0" eclass="HBEFA3/PC_G_EU4" CO2="92723.97" CO="2049.13" HC="11.67" NOx="42.70" PMx="2.48" fuel="39.86" electricity="0.00" noise="107.04" route="routebottom" type="cfm-fast" waiting="0.00" lane="bottom_1" pos="9.28" speed="43.91" angle="77.76" x="82.44" y="1.12"/>
        <vehicle id="cfm-fast_1" eclass="HBEFA3/PC_G_EU4" CO2="0.00" CO="0.00" HC="0.00" NOx="0.00" PMx="0.00" fuel="0.00" electricity="0.00" noise="72.47" route="routebottom" type="cfm-fast" waiting="0.00" lane="bottom_0" pos="14.17" speed="30.76" angle="69.00" x="93.24" y="1.75"/>
        <vehicle id="cfm-fast_2" eclass="HBEFA3/PC_G_EU4" CO2="153812.82" CO="3433.15" HC="19.50" NOx="71.42" PMx="4.14" fuel="66.12" electricity="0.00" noise="125.72" route="routebottom" type="cfm-fast" waiting="0.00" lane="bottom_1" pos="46.07" speed="49.79" angle="11.56" x="128.47" y="55.60"/>
        <vehicle id="cfm-fast_3" eclass="HBEFA3/PC_G_EU4" CO2="0.00" CO="0.00" HC="0.00" NOx="0.00" PMx="0.00" fuel="0.00" electricity="0.00" noise="70.29" route="routebottom" type="cfm-fast" waiting="0.00" lane="bottom_0" pos="37.12" speed="26.13" angle="27.66" x="126.71" y="36.61"/>
        <vehicle id="cfm-fast_4" eclass="HBEFA3/PC_G_EU4" CO2="233450.10" CO="5339.12" HC="30.19" NOx="108.84" PMx="6.33" fuel="100.35" electricity="0.00" noise="143.47" route="routebottom" type="cfm-fast" waiting="0.00" lane="right_1" pos="39.05" speed="59.33" angle="294.21" x="85.69" y="125.13"/>
        <vehicle id="cfm-fast_5" eclass="HBEFA3/PC_G_EU4" CO2="4206.48" CO="11.19" HC="0.15" NOx="1.38" PMx="0.06" fuel="1.81" electricity="0.00" noise="70.17" route="routebottom" type="cfm-fast" waiting="0.00" lane="right_0" pos="5.35" speed="22.52" angle="354.82" x="131.29" y="75.22"/>
        <vehicle id="cfm-slow_0" eclass="HBEFA3/PC_G_EU4" CO2="15207.81" CO="237.12" HC="1.46" NOx="6.58" PMx="0.35" fuel="6.54" electricity="0.00" noise="75.28" route="routebottom" type="cfm-slow" waiting="0.00" lane="right_0" pos="19.64" speed="21.87" angle="329.09" x="119.60" y="103.36"/>
        <vehicle id="cfm-slow_1" eclass="HBEFA3/PC_G_EU4" CO2="23566.53" CO="411.56" HC="2.46" NOx="10.49" PMx="0.57" fuel="10.13" electricity="0.00" noise="80.61" route="routebottom" type="cfm-slow" waiting="0.00" lane="right_0" pos="37.01" speed="23.63" angle="297.84" x="90.93" y="126.62"/>
        <vehicle id="cfm-slow_2" eclass="HBEFA3/PC_G_EU4" CO2="32782.18" CO="610.92" HC="3.60" NOx="14.77" PMx="0.82" fuel="14.09" electricity="0.00" noise="85.66" route="routetop" type="cfm-slow" waiting="0.00" lane="top_0" pos="6.23" speed="26.55" angle="263.19" x="50.25" y="130.95"/>
        <vehicle id="cfm-slow_3" eclass="HBEFA3/PC_G_EU4" CO2="34620.15" CO="671.60" HC="3.92" NOx="15.56" PMx="0.88" fuel="14.88" electricity="0.00" noise="85.68" route="routetop" type="cfm-slow" waiting="0.00" lane="top_0" pos="28.49" speed="30.31" angle="223.24" x="10.15" y="106.59"/>
        <vehicle id="cfm-slow_4" eclass="HBEFA3/PC_G_EU4" CO2="18319.97" CO="364.81" HC="2.13" NOx="7.80" PMx="0.47" fuel="7.87" electricity="0.00" noise="78.41" route="routetop" type="cfm-slow" waiting="0.00" lane="left_0" pos="4.56" speed="33.51" angle="176.32" x="-4.23" y="53.79"/>
        <vehicle id="cfm-slow_5" eclass="HBEFA3/PC_G_EU4" CO2="0.00" CO="0.00" HC="0.00" NOx="0.00" PMx="0.00" fuel="0.00" electricity="0.00" noise="74.19" route="routetop" type="cfm-slow" waiting="0.00" lane="left_0" pos="33.77" speed="34.19" angle="123.76" x="30.15" y="3.80"/>
    </timestep>
    <timestep time="4.39">
        <vehicle id="cfm-fast_0" eclass="HBEFA3/PC_G_EU4" CO2="93147.15" CO="2059.18" HC="11.72" NOx="42.90" PMx="2.50" fuel="40.04" electricity="0.00" noise="107.17" route="routebottom" type="cfm-fast" waiting="0.00" lane="bottom_1" pos="9.71" speed="43.98" angle="76.96" x="83.30" y="1.38"/>
        <vehicle id="cfm-fast_1" eclass="HBEFA3/PC_G_EU4" CO2="0.00" CO="0.00" HC="0.00" NOx="0.00" PMx="0.00" fuel="0.00" electricity="0.00" noise="72.45" route="routebottom" type="cfm-fast" waiting="0.00" lane="bottom_0" pos="14.47" speed="30.73" angle="68.43" x="93.83" y="2.05"/>
        <vehicle id="cfm-fast_2" eclass="HBEFA3/PC_G_EU4" CO2="154401.04" CO="3447.82" HC="19.58" NOx="71.70" PMx="4.15" fuel="66.37" electricity="0.00" noise="125.84" route="routebottom" type="cfm-fast" waiting="0.00" lane="bottom_1" pos="46.57" speed="49.89" angle="10.72" x="128.59" y="56.62"/>
        <vehicle id="cfm-fast_3" eclass="HBEFA3/PC_G_EU4" CO2="0.00" CO="0.00" HC="0.00" NOx="0.00" PMx="0.00" fuel="0.00" electricity="0.00" noise="70.28" route="routebottom" type="cfm-fast" waiting="0.00" lane="bottom_0" pos="37.38" speed="26.10" angle="27.22" x="126.93" y="37.13"/>
        <vehicle id="cfm-fast_4" eclass="HBEFA3/PC_G_EU4" CO2="234044.28" CO="5355.72" HC="30.28" NOx="109.12" PMx="6.35" fuel="100.60" electricity="0.00" noise="143.54" route="routebottom" type="cfm-fast" waiting="0.00" lane="right_1" pos="39.65" speed="59.47" angle="293.17" x="84.55" y="125.55"/>
        <vehicle id="cfm-fast_5" eclass="HBEFA3/PC_G_EU4" CO2="4271.81" CO="12.53" HC="0.16" NOx="1.41" PMx="0.06" fuel="1.84" electricity="0.00" noise="70.19" route="routebottom" type="cfm-fast" waiting="0.00" lane="right_0" pos="5.58" speed="22.52" angle="354.40" x="131.20" y="75.70"/>
        <vehicle id="cfm-slow_0" eclass="HBEFA3/PC_G_EU4" CO2="15267.39" CO="238.36" HC="1.46" NOx="6.61" PMx="0.35" fuel="6.56" electricity="0.00" noise="75.32" route="routebottom" type="cfm-slow" waiting="0.00" lane="right_0" pos="19.86" speed="21.89" angle="328.69" x="119.33" y="103.74"/>
        <vehicle id="cfm-slow_1" eclass="HBEFA3/PC_G_EU4" CO2="23634.67" CO="413.03" HC="2.47" NOx="10.52" PMx="0.57" fuel="10.16" electricity="0.00" noise="80.65" route="routebottom" type="cfm-slow" waiting="0.00" lane="right_0" pos="37.25" speed="23.66" angle="297.47" x="90.46" y="126.82"/>
        <vehicle id="cfm-slow_2" eclass="HBEFA3/PC_G_EU4" CO2="32791.19" CO="611.29" HC="3.60" NOx="14.77" PMx="0.82" fuel="14.10" electricity="0.00" noise="85.66" route="routetop" type="cfm-slow" waiting="0.00" lane="top_0" pos="6.50" speed="26.59" angle="262.76" x="49.69" y="130.83"/>
        <vehicle id="cfm-slow_3" eclass="HBEFA3/PC_G_EU4" CO2="34466.92" CO="668.72" HC="3.91" NOx="15.48" PMx="0.88" fuel="14.82" electricity="0.00" noise="85.59" route="routetop" type="cfm-slow" waiting="0.00" lane="top_0" pos="28.79" speed="30.34" angle="222.69" x="9.75" y="106.08"/>
        <vehicle id="cfm-slow_4" eclass="HBEFA3/PC_G_EU4" CO2="18020.05" CO="358.77" HC="2.09" NOx="7.65" PMx="0.46" fuel="7.75" electricity="0.00" noise="78.32" route="routetop" type="cfm-slow" waiting="0.00" lane="left_0" pos="4.90" speed="33.53" angle="175.72" x="-4.13" y="53.08"/>
        <vehicle id="cfm-slow_5" eclass="HBEFA3/PC_G_EU4" CO2="0.00" CO="0.00" HC="0.00" NOx="0.00" PMx="0.00" fuel="0.00" electricity="0.00" noise="74.17" route="routetop" type="cfm-slow" waiting="0.00" lane="left_0" pos="34.11" speed="34.17" angle="123.14" x="30.79" y="3.45"/>
    </timestep>
    <timestep time="4.40">
        <vehicle id="cfm-fast_0" eclass="HBEFA3/PC_G_EU4" CO2="93572.68" CO="2069.30" HC="11.78" NOx="43.10" PMx="2.51" fuel="40.22" electricity="0.00" noise="107.31" route="routebottom" type="cfm-fast" waiting="0.00" lane="bottom_1" pos="10.16" speed="44.05" angle="76.17" x="84.16" y="1.65"/>
        <vehicle id="cfm-fast_1" eclass="HBEFA3/PC_G_EU4" CO2="0.00" CO="0.00" HC="0.00" NOx="0.00" PMx="0.00" fuel="0.00" electricity="0.00" noise="72.44" route="routebottom" type="cfm-fast" waiting="0.00" lane="bottom_0" pos="14.78" speed="30.70" angle="67.86" x="94.42" y="2.34"/>
        <vehicle id="cfm-fast_2" eclass="HBEFA3/PC_G_EU4" CO2="154990.44" CO="3462.52" HC="19.66" NOx="71.97" PMx="4.17" fuel="66.62" electricity="0.00" noise="125.97" route="routebottom" type="cfm-fast" waiting="0.00" lane="bottom_1" pos="47.07" speed="50.00" angle="9.83" x="128.69" y="57.64"/>
        <vehicle id="cfm-fast_3" eclass="HBEFA3/PC_G_EU4" CO2="0.00" CO="0.00" HC="0.00" NOx="0.00" PMx="0.00" fuel="0.00" electricity="0.00" noise="70.27" route="routebottom" type="cfm-fast" waiting="0.00" lane="bottom_0" pos="37.64" speed="26.08" angle="26.75" x="127.14" y="37.65"/>
        <vehicle id="cfm-fast_4" eclass="HBEFA3/PC_G_EU4" CO2="234638.75" CO="5372.33" HC="30.37" NOx="109.40" PMx="6.37" fuel="100.86" electricity="0.00" noise="143.61" route="routebottom" type="cfm-fast" waiting="0.00" lane="right_1" pos="40.24" speed="59.60" angle="292.11" x="83.38" y="125.92"/>
        <vehicle id="cfm-fast_5" eclass="HBEFA3/PC_G_EU4" CO2="4337.44" CO="13.89" HC="0.17" NOx="1.44" PMx="0.07" fuel="1.86" electricity="0.00" noise="70.21" route="routebottom" type="cfm-fast" waiting="0.00" lane="right_0" pos="5.81" speed="22.52" angle="353.98" x="131.11" y="76.18"/>
        <vehicle id="cfm-slow_0" eclass="HBEFA3/PC_G_EU4" CO2="15327.20" CO="239.60" HC="1.47" NOx="6.64" PMx="0.35" fuel="6.59" electricity="0.00" noise="75.36" route="routebottom" type="cfm-slow" waiting="0.00" lane="right_0" pos="20.07" speed="21.92" angle="328.29" x="119.05" y="104.13"/>
        <vehicle id="cfm-slow_1" eclass="HBEFA3/PC_G_EU4" CO2="23702.47" CO="414.50" HC="2.48" NOx="10.55" PMx="0.57" fuel="10.19" electricity="0.00" noise="80.69" route="routebottom" type="cfm-slow" waiting="0.00" lane="right_0" pos="37.48" speed="23.70" angle="297.04" x="89.99" y="127.01"/>
        <vehicle id="cfm-slow_2" eclass="HBEFA3/PC_G_EU4" CO2="32798.96" CO="611.63" HC="3.60" NOx="14.78" PMx="0.82" fuel="14.10" electricity="0.00" noise="85.65" route="routetop" type="cfm-slow" waiting="0.00" lane="top_0" pos="6.76" speed="26.64" angle="262.26" x="49.13" y="130.71"/>
        <vehicle id="cfm-slow_3" eclass="HBEFA3/PC_G_EU4" CO2="34312.31" CO="665.81" HC="3.89" NOx="15.41" PMx="0.87" fuel="14.75" electricity="0.00" noise="85.50" route="routetop" type="cfm-slow" waiting="0.00" lane="top_0" pos="29.09" speed="30.38" angle="222.13" x="9.35" y="105.56"/>
        <vehicle id="cfm-slow_4" eclass="HBEFA3/PC_G_EU4" CO2="17720.83" CO="352.73" HC="2.06" NOx="7.51" PMx="0.45" fuel="7.62" electricity="0.00" noise="78.22" route="routetop" type="cfm-slow" waiting="0.00" lane="left_0" pos="5.23" speed="33.54" angle="175.07" x="-4.02" y="52.36"/>
        <vehicle id="cfm-slow_5" eclass="HBEFA3/PC_G_EU4" CO2="0.00" CO="0.00" HC="0.00" NOx="0.00" PMx="0.00" fuel="0.00" electricity="0.00" noise="74.16" route="routetop" type="cfm-slow" waiting="0.00" lane="left_0" pos="34.45" speed="34.15" angle="122.51" x="31.44" y="3.09"/>
    </timestep>
    <timestep time="4.41">
        <vehicle id="cfm-fast_0" eclass="HBEFA3/PC_G_EU4" CO2="94000.54" CO="2079.47" HC="11.84" NOx="43.30" PMx="2.52" fuel="40.41" electricity="0.00" noise="107.44" route="routebottom" type="cfm-fast" waiting="0.00" lane="bottom_1" pos="10.60" speed="44.12" angle="75.41" x="85.02" y="1.95"/>
        <vehicle id="cfm-fast_1" eclass="HBEFA3/PC_G_EU4" CO2="0.00" CO="0.00" HC="0.00" NOx="0.00" PMx="0.00" fuel="0.00" electricity="0.00" noise="72.42" route="routebottom" type="cfm-fast" waiting="0.00" lane="bottom_0" pos="15.09" speed="30.67" angle="67.28" x="95.01" y="2.64"/>
        <vehicle id="cfm-fast_2" eclass="HBEFA3/PC_G_EU4" CO2="155581.02" CO="3477.27" HC="19.75" NOx="72.25" PMx="4.19" fuel="66.88" electricity="0.00" noise="126.10" route="routebottom" type="cfm-fast" waiting="0.00" lane="bottom_1" pos="47.57" speed="50.11" angle="8.97" x="128.78" y="58.66"/>
        <vehicle id="cfm-fast_3" eclass="HBEFA3/PC_G_EU4" CO2="0.00" CO="0.00" HC="0.00" NOx="0.00" PMx="0.00" fuel="0.00" electricity="0.00" noise="70.26" route="routebottom" type="cfm-fast" waiting="0.00" lane="bottom_0" pos="37.90" speed="26.06" angle="26.28" x="127.35" y="38.17"/>
        <vehicle id="cfm-fast_4" eclass="HBEFA3/PC_G_EU4" CO2="235233.52" CO="5388.96" HC="30.46" NOx="109.68" PMx="6.38" fuel="101.12" electricity="0.00" noise="143.67" route="routebottom" type="cfm-fast" waiting="0.00" lane="right_1" pos="40.84" speed="59.74" angle="290.99" x="82.21" y="126.28"/>
        <vehicle id="cfm-fast_5" eclass="HBEFA3/PC_G_EU4" CO2="4403.38" CO="15.24" HC="0.18" NOx="1.47" PMx="0.07" fuel="1.89" electricity="0.00" noise="70.24" route="routebottom" type="cfm-fast" waiting="0.00" lane="right_0" pos="6.03" speed="22.53" angle="353.56" x="131.02" y="76.65"/>
        <vehicle id="cfm-slow_0" eclass="HBEFA3/PC_G_EU4" CO2="15387.21" CO="240.85" HC="1.48" NOx="6.67" PMx="0.35" fuel="6.61" electricity="0.00" noise="75.40" route="routebottom" type="cfm-slow" waiting="0.00" lane="right_0" pos="20.29" speed="21.94" angle="327.90" x="118.78" y="104.51"/>
        <vehicle id="cfm-slow_1" eclass="HBEFA3/PC_G_EU4" CO2="23769.92" CO="415.95" HC="2.48" NOx="10.58" PMx="0.58" fuel="10.22" electricity="0.00" noise="80.72" route="routebottom" type="cfm-slow" waiting="0.00" lane="right_0" pos="37.72" speed="23.73" angle="296.61" x="89.52" y="127.20"/>
        <vehicle id="cfm-slow_2" eclass="HBEFA3/PC_G_EU4" CO2="32805.48" CO="611.95" HC="3.60" NOx="14.78" PMx="0.82" fuel="14.10" electricity="0.00" noise="85.64" route="routetop" type="cfm-slow" waiting="0.00" lane="top_0" pos="7.03" speed="26.68" angle="261.75" x="48.57" y="130.58"/>
        <vehicle id="cfm-slow_3" eclass="HBEFA3/PC_G_EU4" CO2="34156.33" CO="662.87" HC="3.87" NOx="15.33" PMx="0.87" fuel="14.68" electricity="0.00" noise="85.41" route="routetop" type="cfm-slow" waiting="0.00" lane="top_0" pos="29.40" speed="30.42" angle="221.59" x="8.94" y="105.05"/>
        <vehicle id="cfm-slow_4" eclass="HBEFA3/PC_G_EU4" CO2="17422.32" CO="346.71" HC="2.02" NOx="7.37" PMx="0.45" fuel="7.49" electricity="0.00" noise="78.12" route="routetop" type="cfm-slow" waiting="0.00" lane="left_0" pos="5.57" speed="33.55" angle="174.46" x="-3.89" y="51.65"/>
        <vehicle id="cfm-slow_5" eclass="HBEFA3/PC_G_EU4" CO2="0.00" CO="0.00" HC="0.00" NOx="0.00" PMx="0.00" fuel="0.00" electricity="0.00" noise="74.14" route="routetop" type="cfm-slow" waiting="0.00" lane="left_0" pos="34.79" speed="34.13" angle="121.94" x="32.09" y="2.75"/>
    </timestep>
    <timestep time="4.42">
        <vehicle id="cfm-fast_0" eclass="HBEFA3/PC_G_EU4" CO2="94430.72" CO="2089.70" HC="11.89" NOx="43.50" PMx="2.53" fuel="40.59" electricity="0.00" noise="107.57" route="routebottom" type="cfm-fast" waiting="0.00" lane="bottom_1" pos="11.04" speed="44.19" angle="74.59" x="85.87" y="2.26"/>
        <vehicle id="cfm-fast_1" eclass="HBEFA3/PC_G_EU4" CO2="0.00" CO="0.00" HC="0.00" NOx="0.00" PMx="0.00" fuel="0.00" electricity="0.00" noise="72.41" route="routebottom" type="cfm-fast" waiting="0.00" lane="bottom_0" pos="15.39" speed="30.64" angle="66.78" x="95.60" y="2.93"/>
        <vehicle id="cfm-fast_2" eclass="HBEFA3/PC_G_EU4" CO2="156172.75" CO="3492.05" HC="19.83" NOx="72.53" PMx="4.20" fuel="67.13" electricity="0.00" noise="126.22" route="routebottom" type="cfm-fast" waiting="0.00" lane="bottom_1" pos="48.08" speed="50.22" angle="8.00" x="128.84" y="59.69"/>
        <vehicle id="cfm-fast_3" eclass="HBEFA3/PC_G_EU4" CO2="0.00" CO="0.00" HC="0.00" NOx="0.00" PMx="0.00" fuel="0.00" electricity="0.00" noise="70.25" route="routebottom" type="cfm-fast" waiting="0.00" lane="bottom_0" pos="38.16" speed="26.04" angle="25.81" x="127.55" y="38.69"/>
        <vehicle id="cfm-fast_4" eclass="HBEFA3/PC_G_EU4" CO2="235828.58" CO="5405.62" HC="30.55" NOx="109.96" PMx="6.40" fuel="101.37" electricity="0.00" noise="143.74" route="routebottom" type="cfm-fast" waiting="0.00" lane="right_1" pos="41.44" speed="59.88" angle="289.93" x="81.03" y="126.61"/>
        <vehicle id="cfm-fast_5" eclass="HBEFA3/PC_G_EU4" CO2="4469.61" CO="16.61" HC="0.18" NOx="1.50" PMx="0.07" fuel="1.92" electricity="0.00" noise="70.26" route="routebottom" type="cfm-fast" waiting="0.00" lane="right_0" pos="6.26" speed="22.53" angle="353.15" x="130.94" y="77.13"/>
        <vehicle id="cfm-slow_0" eclass="HBEFA3/PC_G_EU4" CO2="15447.44" CO="242.10" HC="1.48" NOx="6.70" PMx="0.36" fuel="6.64" electricity="0.00" noise="75.44" route="routebottom" type="cfm-slow" waiting="0.00" lane="right_0" pos="20.51" speed="21.96" angle="327.56" x="118.50" y="104.89"/>
        <vehicle id="cfm-slow_1" eclass="HBEFA3/PC_G_EU4" CO2="23837.02" CO="417.40" HC="2.49" NOx="10.61" PMx="0.58" fuel="10.25" electricity="0.00" noise="80.76" route="routebottom" type="cfm-slow" waiting="0.00" lane="right_0" pos="37.96" speed="23.76" angle="296.18" x="89.04" y="127.39"/>
        <vehicle id="cfm-slow_2" eclass="HBEFA3/PC_G_EU4" CO2="32810.74" CO="612.25" HC="3.61" NOx="14.78" PMx="0.82" fuel="14.10" electricity="0.00" noise="85.63" route="routetop" type="cfm-slow" waiting="0.00" lane="top_0" pos="7.30" speed="26.72" angle="261.25" x="48.01" y="130.45"/>
        <vehicle id="cfm-slow_3" eclass="HBEFA3/PC_G_EU4" CO2="33998.99" CO="659.91" HC="3.86" NOx="15.26" PMx="0.86" fuel="14.61" electricity="0.00" noise="85.32" route="routetop" type="cfm-slow" waiting="0.00" lane="top_0" pos="29.70" speed="30.45" angle="221.07" x="8.55" y="104.52"/>
        <vehicle id="cfm-slow_4" eclass="HBEFA3/PC_G_EU4" CO2="17124.55" CO="340.69" HC="1.99" NOx="7.23" PMx="0.44" fuel="7.36" electricity="0.00" noise="78.03" route="routetop" type="cfm-slow" waiting="0.00" lane="left_0" pos="5.90" speed="33.56" angle="173.85" x="-3.75" y="50.94"/>
        <vehicle id="cfm-slow_5" eclass="HBEFA3/PC_G_EU4" CO2="0.00" CO="0.00" HC="0.00" NOx="0.00" PMx="0.00" fuel="0.00" electricity="0.00" noise="74.13" route="routetop" type="cfm-slow" waiting="0.00" lane="left_0" pos="35.13" speed="34.11" angle="121.31" x="32.74" y="2.42"/>
    </timestep>
    <timestep time="4.43">
        <vehicle id="cfm-fast_0" eclass="HBEFA3/PC_G_EU4" CO2="94863.20" CO="2099.99" HC="11.95" NOx="43.70" PMx="2.54" fuel="40.78" electricity="0.00" noise="107.70" route="routebottom" type="cfm-fast" waiting="0.00" lane="bottom_1" pos="11.48" speed="44.26" angle="73.80" x="86.72" y="2.56"/>
        <vehicle id="cfm-fast_1" eclass="HBEFA3/PC_G_EU4" CO2="0.00" CO="0.00" HC="0.00" NOx="0.00" PMx="0.00" fuel="0.00" electricity="0.00" noise="72.39" route="routebottom" type="cfm-fast" waiting="0.00" lane="bottom_0" pos="15.70" speed="30.60" angle="66.22" x="96.18" y="3.25"/>
        <vehicle id="cfm-fast_2" eclass="HBEFA3/PC_G_EU4" CO2="156765.63" CO="3506.86" HC="19.91" NOx="72.80" PMx="4.22" fuel="67.39" electricity="0.00" noise="126.35" route="routebottom" type="cfm-fast" waiting="0.00" lane="bottom_1" pos="48.58" speed="50.32" angle="7.02" x="128.90" y="60.72"/>
        <vehicle id="cfm-fast_3" eclass="HBEFA3/PC_G_EU4" CO2="0.00" CO="0.00" HC="0.00" NOx="0.00" PMx="0.00" fuel="0.00" electricity="0.00" noise="70.24" route="routebottom" type="cfm-fast" waiting="0.00" lane="bottom_0" pos="38.42" speed="26.01" angle="25.37" x="127.76" y="39.21"/>
        <vehicle id="cfm-fast_4" eclass="HBEFA3/PC_G_EU4" CO2="236423.93" CO="5422.30" HC="30.64" NOx="110.23" PMx="6.42" fuel="101.63" electricity="0.00" noise="143.80" route="routebottom" type="cfm-fast" waiting="0.00" lane="right_1" pos="42.04" speed="60.01" angle="288.80" x="79.84" y="126.93"/>
        <vehicle id="cfm-fast_5" eclass="HBEFA3/PC_G_EU4" CO2="4536.13" CO="17.98" HC="0.19" NOx="1.53" PMx="0.07" fuel="1.95" electricity="0.00" noise="70.28" route="routebottom" type="cfm-fast" waiting="0.00" lane="right_0" pos="6.48" speed="22.53" angle="352.78" x="130.84" y="77.61"/>
        <vehicle id="cfm-slow_0" eclass="HBEFA3/PC_G_EU4" CO2="15507.87" CO="243.36" HC="1.49" NOx="6.72" PMx="0.36" fuel="6.67" electricity="0.00" noise="75.48" route="routebottom" type="cfm-slow" waiting="0.00" lane="right_0" pos="20.73" speed="21.98" angle="327.16" x="118.21" y="105.27"/>
        <vehicle id="cfm-slow_1" eclass="HBEFA3/PC_G_EU4" CO2="23903.75" CO="418.85" HC="2.50" NOx="10.64" PMx="0.58" fuel="10.28" electricity="0.00" noise="80.80" route="routebottom" type="cfm-slow" waiting="0.00" lane="right_0" pos="38.20" speed="23.79" angle="295.76" x="88.57" y="127.58"/>
        <vehicle id="cfm-slow_2" eclass="HBEFA3/PC_G_EU4" CO2="32814.75" CO="612.52" HC="3.61" NOx="14.78" PMx="0.82" fuel="14.11" electricity="0.00" noise="85.61" route="routetop" type="cfm-slow" waiting="0.00" lane="top_0" pos="7.57" speed="26.76" angle="260.77" x="47.45" y="130.33"/>
        <vehicle id="cfm-slow_3" eclass="HBEFA3/PC_G_EU4" CO2="33840.31" CO="656.92" HC="3.84" NOx="15.18" PMx="0.86" fuel="14.55" electricity="0.00" noise="85.23" route="routetop" type="cfm-slow" waiting="0.00" lane="top_0" pos="30.01" speed="30.49" angle="220.51" x="8.17" y="103.99"/>
        <vehicle id="cfm-slow_4" eclass="HBEFA3/PC_G_EU4" CO2="16827.53" CO="334.69" HC="1.95" NOx="7.09" PMx="0.43" fuel="7.23" electricity="0.00" noise="77.94" route="routetop" type="cfm-slow" waiting="0.00" lane="left_0" pos="6.24" speed="33.57" angle="173.24" x="-3.62" y="50.23"/>
        <vehicle id="cfm-slow_5" eclass="HBEFA3/PC_G_EU4" CO2="0.00" CO="0.00" HC="0.00" NOx="0.00" PMx="0.00" fuel="0.00" electricity="0.00" noise="74.11" route="routetop" type="cfm-slow" waiting="0.00" lane="left_0" pos="35.48" speed="34.09" angle="120.68" x="33.40" y="2.10"/>
    </timestep>
    <timestep time="4.44">
        <vehicle id="cfm-fast_0" eclass="HBEFA3/PC_G_EU4" CO2="95297.97" CO="2110.33" HC="12.01" NOx="43.91" PMx="2.56" fuel="40.96" electricity="0.00" noise="107.84" route="routebottom" type="cfm-fast" waiting="0.00" lane="bottom_1" pos="11.92" speed="44.33" angle="73.02" x="87.57" y="2.90"/>
        <vehicle id="cfm-fast_1" eclass="HBEFA3/PC_G_EU4" CO2="0.00" CO="0.00" HC="0.00" NOx="0.00" PMx="0.00" fuel="0.00" electricity="0.00" noise="72.38" route="routebottom" type="cfm-fast" waiting="0.00" lane="bottom_0" pos="16.01" speed="30.57" angle="65.65" x="96.75" y="3.57"/>
        <vehicle id="cfm-fast_2" eclass="HBEFA3/PC_G_EU4" CO2="157359.64" CO="3521.72" HC="19.99" NOx="73.08" PMx="4.24" fuel="67.64" electricity="0.00" noise="126.47" route="routebottom" type="cfm-fast" waiting="0.00" lane="bottom_1" pos="49.08" speed="50.43" angle="6.15" x="128.93" y="61.75"/>
        <vehicle id="cfm-fast_3" eclass="HBEFA3/PC_G_EU4" CO2="0.00" CO="0.00" HC="0.00" NOx="0.00" PMx="0.00" fuel="0.00" electricity="0.00" noise="70.23" route="routebottom" type="cfm-fast" waiting="0.00" lane="bottom_0" pos="38.68" speed="25.99" angle="24.93" x="127.96" y="39.73"/>
        <vehicle id="cfm-fast_4" eclass="HBEFA3/PC_G_EU4" CO2="237019.58" CO="5439.00" HC="30.73" NOx="110.51" PMx="6.44" fuel="101.88" electricity="0.00" noise="143.87" route="routebottom" type="cfm-fast" waiting="0.00" lane="right_1" pos="42.64" speed="60.15" angle="287.78" x="78.64" y="127.22"/>
        <vehicle id="cfm-fast_5" eclass="HBEFA3/PC_G_EU4" CO2="4602.94" CO="19.36" HC="0.20" NOx="1.56" PMx="0.07" fuel="1.98" electricity="0.00" noise="70.30" route="routebottom" type="cfm-fast" waiting="0.00" lane="right_0" pos="6.71" speed="22.53" angle="352.36" x="130.73" y="78.08"/>
        <vehicle id="cfm-slow_0" eclass="HBEFA3/PC_G_EU4" CO2="15568.49" CO="244.62" HC="1.50" NOx="6.75" PMx="0.36" fuel="6.69" electricity="0.00" noise="75.52" route="routebottom" type="cfm-slow" waiting="0.00" lane="right_0" pos="20.95" speed="22.00" angle="326.76" x="117.92" y="105.64"/>
        <vehicle id="cfm-slow_1" eclass="HBEFA3/PC_G_EU4" CO2="23970.11" CO="420.29" HC="2.51" NOx="10.67" PMx="0.58" fuel="10.30" electricity="0.00" noise="80.83" route="routebottom" type="cfm-slow" waiting="0.00" lane="right_0" pos="38.44" speed="23.83" angle="295.36" x="88.09" y="127.77"/>
        <vehicle id="cfm-slow_2" eclass="HBEFA3/PC_G_EU4" CO2="32817.48" CO="612.76" HC="3.61" NOx="14.78" PMx="0.82" fuel="14.11" electricity="0.00" noise="85.60" route="routetop" type="cfm-slow" waiting="0.00" lane="top_0" pos="7.83" speed="26.80" angle="260.32" x="46.89" y="130.19"/>
        <vehicle id="cfm-slow_3" eclass="HBEFA3/PC_G_EU4" CO2="33680.31" CO="653.89" HC="3.82" NOx="15.11" PMx="0.86" fuel="14.48" electricity="0.00" noise="85.14" route="routetop" type="cfm-slow" waiting="0.00" lane="top_0" pos="30.31" speed="30.52" angle="219.94" x="7.79" y="103.46"/>
        <vehicle id="cfm-slow_4" eclass="HBEFA3/PC_G_EU4" CO2="16531.29" CO="328.71" HC="1.92" NOx="6.95" PMx="0.42" fuel="7.11" electricity="0.00" noise="77.85" route="routetop" type="cfm-slow" waiting="0.00" lane="left_0" pos="6.57" speed="33.58" angle="172.66" x="-3.48" y="49.53"/>
        <vehicle id="cfm-slow_5" eclass="HBEFA3/PC_G_EU4" CO2="0.00" CO="0.00" HC="0.00" NOx="0.00" PMx="0.00" fuel="0.00" electricity="0.00" noise="74.10" route="routetop" type="cfm-slow" waiting="0.00" lane="left_0" pos="35.82" speed="34.07" angle="120.06" x="34.05" y="1.77"/>
    </timestep>
    <timestep time="4.45">
        <vehicle id="cfm-fast_0" eclass="HBEFA3/PC_G_EU4" CO2="95735.01" CO="2120.72" HC="12.07" NOx="44.11" PMx="2.57" fuel="41.15" electricity="0.00" noise="107.97" route="routebottom" type="cfm-fast" waiting="0.00" lane="bottom_1" pos="12.37" speed="44.40" angle="72.22" x="88.41" y="3.23"/>
        <vehicle id="cfm-fast_1" eclass="HBEFA3/PC_G_EU4" CO2="0.00" CO="0.00" HC="0.00" NOx="0.00" PMx="0.00" fuel="0.00" electricity="0.00" noise="72.36" route="routebottom" type="cfm-fast" waiting="0.00" lane="bottom_0" pos="16.31" speed="30.54" angle="65.09" x="97.33" y="3.89"/>
        <vehicle id="cfm-fast_2" eclass="HBEFA3/PC_G_EU4" CO2="157954.78" CO="3536.61" HC="20.08" NOx="73.36" PMx="4.25" fuel="67.90" electricity="0.00" noise="126.60" route="routebottom" type="cfm-fast" waiting="0.00" lane="bottom_1" pos="49.59" speed="50.54" angle="5.22" x="128.95" y="62.79"/>
        <vehicle id="cfm-fast_3" eclass="HBEFA3/PC_G_EU4" CO2="0.00" CO="0.00" HC="0.00" NOx="0.00" PMx="0.00" fuel="0.00" electricity="0.00" noise="70.22" route="routebottom" type="cfm-fast" waiting="0.00" lane="bottom_0" pos="38.94" speed="25.97" angle="24.46" x="128.15" y="40.26"/>
        <vehicle id="cfm-fast_4" eclass="HBEFA3/PC_G_EU4" CO2="237615.51" CO="5455.72" HC="30.82" NOx="110.79" PMx="6.45" fuel="102.14" electricity="0.00" noise="143.94" route="routebottom" type="cfm-fast" waiting="0.00" lane="right_1" pos="43.24" speed="60.28" angle="286.72" x="77.44" y="127.50"/>
        <vehicle id="cfm-fast_5" eclass="HBEFA3/PC_G_EU4" CO2="4670.04" CO="20.74" HC="0.21" NOx="1.60" PMx="0.08" fuel="2.01" electricity="0.00" noise="70.32" route="routebottom" type="cfm-fast" waiting="0.00" lane="right_0" pos="6.93" speed="22.53" angle="351.94" x="130.63" y="78.55"/>
        <vehicle id="cfm-slow_0" eclass="HBEFA3/PC_G_EU4" CO2="15629.30" CO="245.89" HC="1.51" NOx="6.78" PMx="0.36" fuel="6.72" electricity="0.00" noise="75.56" route="routebottom" type="cfm-slow" waiting="0.00" lane="right_0" pos="21.17" speed="22.02" angle="326.36" x="117.62" y="106.01"/>
        <vehicle id="cfm-slow_1" eclass="HBEFA3/PC_G_EU4" CO2="24036.09" CO="421.72" HC="2.52" NOx="10.70" PMx="0.58" fuel="10.33" electricity="0.00" noise="80.87" route="routebottom" type="cfm-slow" waiting="0.00" lane="right_0" pos="38.67" speed="23.86" angle="294.94" x="87.61" y="127.95"/>
        <vehicle id="cfm-slow_2" eclass="HBEFA3/PC_G_EU4" CO2="32818.96" CO="612.98" HC="3.61" NOx="14.78" PMx="0.82" fuel="14.11" electricity="0.00" noise="85.59" route="routetop" type="cfm-slow" waiting="0.00" lane="top_0" pos="8.10" speed="26.84" angle="259.83" x="46.33" y="130.04"/>
        <vehicle id="cfm-slow_3" eclass="HBEFA3/PC_G_EU4" CO2="33519.00" CO="650.84" HC="3.80" NOx="15.03" PMx="0.85" fuel="14.41" electricity="0.00" noise="85.05" route="routetop" type="cfm-slow" waiting="0.00" lane="top_0" pos="30.62" speed="30.56" angle="219.37" x="7.40" y="102.92"/>
        <vehicle id="cfm-slow_4" eclass="HBEFA3/PC_G_EU4" CO2="16235.85" CO="322.73" HC="1.88" NOx="6.81" PMx="0.42" fuel="6.98" electricity="0.00" noise="77.76" route="routetop" type="cfm-slow" waiting="0.00" lane="left_0" pos="6.91" speed="33.59" angle="172.01" x="-3.31" y="48.82"/>
        <vehicle id="cfm-slow_5" eclass="HBEFA3/PC_G_EU4" CO2="0.00" CO="0.00" HC="0.00" NOx="0.00" PMx="0.00" fuel="0.00" electricity="0.00" noise="74.08" route="routetop" type="cfm-slow" waiting="0.00" lane="left_0" pos="36.16" speed="34.05" angle="119.47" x="34.72" y="1.46"/>
    </timestep>
    <timestep time="4.46">
        <vehicle id="cfm-fast_0" eclass="HBEFA3/PC_G_EU4" CO2="96174.31" CO="2131.17" HC="12.13" NOx="44.32" PMx="2.58" fuel="41.34" electricity="0.00" noise="108.11" route="routebottom" type="cfm-fast" waiting="0.00" lane="bottom_1" pos="12.81" speed="44.48" angle="71.48" x="89.26" y="3.57"/>
        <vehicle id="cfm-fast_1" eclass="HBEFA3/PC_G_EU4" CO2="0.00" CO="0.00" HC="0.00" NOx="0.00" PMx="0.00" fuel="0.00" electricity="0.00" noise="72.35" route="routebottom" type="cfm-fast" waiting="0.00" lane="bottom_0" pos="16.62" speed="30.51" angle="64.57" x="97.90" y="4.21"/>
        <vehicle id="cfm-fast_2" eclass="HBEFA3/PC_G_EU4" CO2="158551.02" CO="3551.54" HC="20.16" NOx="73.64" PMx="4.27" fuel="68.15" electricity="0.00" noise="126.73" route="routebottom" type="cfm-fast" waiting="0.00" lane="right_1" pos="0.10" speed="50.65" angle="4.32" x="128.97" y="63.89"/>
        <vehicle id="cfm-fast_3" eclass="HBEFA3/PC_G_EU4" CO2="0.00" CO="0.00" HC="0.00" NOx="0.00" PMx="0.00" fuel="0.00" electricity="0.00" noise="70.21" route="routebottom" type="cfm-fast" waiting="0.00" lane="bottom_0" pos="39.20" speed="25.95" angle="23.99" x="128.34" y="40.78"/>
        <vehicle id="cfm-fast_4" eclass="HBEFA3/PC_G_EU4" CO2="238211.74" CO="5472.46" HC="30.92" NOx="111.07" PMx="6.47" fuel="102.40" electricity="0.00" noise="144.00" route="routebottom" type="cfm-fast" waiting="0.00" lane="right_1" pos="43.85" speed="60.42" angle="285.65" x="76.23" y="127.75"/>
        <vehicle id="cfm-fast_5" eclass="HBEFA3/PC_G_EU4" CO2="4737.41" CO="22.13" HC="0.22" NOx="1.63" PMx="0.08" fuel="2.04" electricity="0.00" noise="70.34" route="routebottom" type="cfm-fast" waiting="0.00" lane="right_0" pos="7.16" speed="22.53" angle="351.51" x="130.52" y="79.02"/>
        <vehicle id="cfm-slow_0" eclass="HBEFA3/PC_G_EU4" CO2="15690.29" CO="247.16" HC="1.51" NOx="6.81" PMx="0.36" fuel="6.74" electricity="0.00" noise="75.60" route="routebottom" type="cfm-slow" waiting="0.00" lane="right_0" pos="21.39" speed="22.04" angle="325.96" x="117.33" y="106.38"/>
        <vehicle id="cfm-slow_1" eclass="HBEFA3/PC_G_EU4" CO2="24101.67" CO="423.14" HC="2.52" NOx="10.73" PMx="0.58" fuel="10.36" electricity="0.00" noise="80.91" route="routebottom" type="cfm-slow" waiting="0.00" lane="right_0" pos="38.91" speed="23.89" angle="294.51" x="87.13" y="128.12"/>
        <vehicle id="cfm-slow_2" eclass="HBEFA3/PC_G_EU4" CO2="32819.16" CO="613.18" HC="3.61" NOx="14.78" PMx="0.82" fuel="14.11" electricity="0.00" noise="85.58" route="routetop" type="cfm-slow" waiting="0.00" lane="top_0" pos="8.37" speed="26.88" angle="259.34" x="45.77" y="129.89"/>
        <vehicle id="cfm-slow_3" eclass="HBEFA3/PC_G_EU4" CO2="33356.39" CO="647.77" HC="3.79" NOx="14.95" PMx="0.85" fuel="14.34" electricity="0.00" noise="84.96" route="routetop" type="cfm-slow" waiting="0.00" lane="top_0" pos="30.92" speed="30.59" angle="218.88" x="7.03" y="102.38"/>
        <vehicle id="cfm-slow_4" eclass="HBEFA3/PC_G_EU4" CO2="15941.23" CO="316.77" HC="1.85" NOx="6.67" PMx="0.41" fuel="6.85" electricity="0.00" noise="77.67" route="routetop" type="cfm-slow" waiting="0.00" lane="left_0" pos="7.25" speed="33.60" angle="171.37" x="-3.15" y="48.12"/>
        <vehicle id="cfm-slow_5" eclass="HBEFA3/PC_G_EU4" CO2="0.00" CO="0.00" HC="0.00" NOx="0.00" PMx="0.00" fuel="0.00" electricity="0.00" noise="74.07" route="routetop" type="cfm-slow" waiting="0.00" lane="left_0" pos="36.50" speed="34.02" angle="118.83" x="35.39" y="1.16"/>
    </timestep>
    <timestep time="4.47">
        <vehicle id="cfm-fast_0" eclass="HBEFA3/PC_G_EU4" CO2="96615.85" CO="2141.68" HC="12.19" NOx="44.53" PMx="2.59" fuel="41.53" electricity="0.00" noise="108.24" route="routebottom" type="cfm-fast" waiting="0.00" lane="bottom_1" pos="13.26" speed="44.55" angle="70.66" x="90.09" y="3.95"/>
        <vehicle id="cfm-fast_1" eclass="HBEFA3/PC_G_EU4" CO2="0.00" CO="0.00" HC="0.00" NOx="0.00" PMx="0.00" fuel="0.00" electricity="0.00" noise="72.33" route="routebottom" type="cfm-fast" waiting="0.00" lane="bottom_0" pos="16.92" speed="30.48" angle="64.02" x="98.47" y="4.54"/>
        <vehicle id="cfm-fast_2" eclass="HBEFA3/PC_G_EU4" CO2="159148.36" CO="3566.51" HC="20.24" NOx="73.92" PMx="4.29" fuel="68.41" electricity="0.00" noise="126.85" route="routebottom" type="cfm-fast" waiting="0.00" lane="right_1" pos="0.60" speed="50.75" angle="3.39" x="128.95" y="64.93"/>
        <vehicle id="cfm-fast_3" eclass="HBEFA3/PC_G_EU4" CO2="0.00" CO="0.00" HC="0.00" NOx="0.00" PMx="0.00" fuel="0.00" electricity="0.00" noise="70.20" route="routebottom" type="cfm-fast" waiting="0.00" lane="bottom_0" pos="39.46" speed="25.93" angle="23.52" x="128.53" y="41.31"/>
        <vehicle id="cfm-fast_4" eclass="HBEFA3/PC_G_EU4" CO2="238808.26" CO="5489.22" HC="31.01" NOx="111.35" PMx="6.49" fuel="102.65" electricity="0.00" noise="144.07" route="routebottom" type="cfm-fast" waiting="0.00" lane="right_1" pos="44.45" speed="60.56" angle="284.48" x="75.01" y="127.97"/>
        <vehicle id="cfm-fast_5" eclass="HBEFA3/PC_G_EU4" CO2="4805.05" CO="23.53" HC="0.22" NOx="1.66" PMx="0.08" fuel="2.07" electricity="0.00" noise="70.36" route="routebottom" type="cfm-fast" waiting="0.00" lane="right_0" pos="7.38" speed="22.54" angle="351.09" x="130.41" y="79.50"/>
        <vehicle id="cfm-slow_0" eclass="HBEFA3/PC_G_EU4" CO2="15751.47" CO="248.44" HC="1.52" NOx="6.84" PMx="0.36" fuel="6.77" electricity="0.00" noise="75.64" route="routebottom" type="cfm-slow" waiting="0.00" lane="right_0" pos="21.61" speed="22.06" angle="325.56" x="117.04" y="106.76"/>
        <vehicle id="cfm-slow_1" eclass="HBEFA3/PC_G_EU4" CO2="24166.86" CO="424.56" HC="2.53" NOx="10.76" PMx="0.59" fuel="10.39" electricity="0.00" noise="80.94" route="routebottom" type="cfm-slow" waiting="0.00" lane="right_0" pos="39.15" speed="23.92" angle="294.08" x="86.64" y="128.30"/>
        <vehicle id="cfm-slow_2" eclass="HBEFA3/PC_G_EU4" CO2="32818.08" CO="613.34" HC="3.61" NOx="14.78" PMx="0.82" fuel="14.11" electricity="0.00" noise="85.56" route="routetop" type="cfm-slow" waiting="0.00" lane="top_0" pos="8.64" speed="26.92" angle="258.85" x="45.21" y="129.74"/>
        <vehicle id="cfm-slow_3" eclass="HBEFA3/PC_G_EU4" CO2="33192.51" CO="644.66" HC="3.77" NOx="14.88" PMx="0.84" fuel="14.27" electricity="0.00" noise="84.87" route="routetop" type="cfm-slow" waiting="0.00" lane="top_0" pos="31.23" speed="30.62" angle="218.32" x="6.66" y="101.83"/>
        <vehicle id="cfm-slow_4" eclass="HBEFA3/PC_G_EU4" CO2="15647.44" CO="310.82" HC="1.82" NOx="6.53" PMx="0.40" fuel="6.73" electricity="0.00" noise="77.58" route="routetop" type="cfm-slow" waiting="0.00" lane="left_0" pos="7.58" speed="33.61" angle="170.75" x="-2.99" y="47.41"/>
        <vehicle id="cfm-slow_5" eclass="HBEFA3/PC_G_EU4" CO2="0.00" CO="0.00" HC="0.00" NOx="0.00" PMx="0.00" fuel="0.00" electricity="0.00" noise="74.05" route="routetop" type="cfm-slow" waiting="0.00" lane="left_0" pos="36.84" speed="34.00" angle="118.20" x="36.05" y="0.86"/>
    </timestep>
    <timestep time="4.48">
        <vehicle id="cfm-fast_0" eclass="HBEFA3/PC_G_EU4" CO2="97059.61" CO="2152.24" HC="12.24" NOx="44.73" PMx="2.60" fuel="41.72" electricity="0.00" noise="108.38" route="routebottom" type="cfm-fast" waiting="0.00" lane="bottom_1" pos="13.70" speed="44.62" angle="69.84" x="90.93" y="4.32"/>
        <vehicle id="cfm-fast_1" eclass="HBEFA3/PC_G_EU4" CO2="0.00" CO="0.00" HC="0.00" NOx="0.00" PMx="0.00" fuel="0.00" electricity="0.00" noise="72.32" route="routebottom" type="cfm-fast" waiting="0.00" lane="bottom_0" pos="17.23" speed="30.45" angle="63.46" x="99.03" y="4.88"/>
        <vehicle id="cfm-fast_2" eclass="HBEFA3/PC_G_EU4" CO2="159746.80" CO="3581.51" HC="20.33" NOx="74.20" PMx="4.30" fuel="68.67" electricity="0.00" noise="126.98" route="routebottom" type="cfm-fast" waiting="0.00" lane="right_1" pos="1.11" speed="50.86" angle="2.46" x="128.93" y="65.97"/>
        <vehicle id="cfm-fast_3" eclass="HBEFA3/PC_G_EU4" CO2="0.00" CO="0.00" HC="0.00" NOx="0.00" PMx="0.00" fuel="0.00" electricity="0.00" noise="70.19" route="routebottom" type="cfm-fast" waiting="0.00" lane="bottom_0" pos="39.72" speed="25.90" angle="23.10" x="128.71" y="41.83"/>
        <vehicle id="cfm-fast_4" eclass="HBEFA3/PC_G_EU4" CO2="239405.07" CO="5506.01" HC="31.10" NOx="111.63" PMx="6.51" fuel="102.91" electricity="0.00" noise="144.13" route="routebottom" type="cfm-fast" waiting="0.00" lane="right_1" pos="45.06" speed="60.69" angle="283.40" x="73.78" y="128.18"/>
        <vehicle id="cfm-fast_5" eclass="HBEFA3/PC_G_EU4" CO2="4872.97" CO="24.93" HC="0.23" NOx="1.69" PMx="0.08" fuel="2.09" electricity="0.00" noise="70.39" route="routebottom" type="cfm-fast" waiting="0.00" lane="right_0" pos="7.61" speed="22.54" angle="350.71" x="130.31" y="79.97"/>
        <vehicle id="cfm-slow_0" eclass="HBEFA3/PC_G_EU4" CO2="15812.81" CO="249.72" HC="1.53" NOx="6.86" PMx="0.37" fuel="6.80" electricity="0.00" noise="75.67" route="routebottom" type="cfm-slow" waiting="0.00" lane="right_0" pos="21.84" speed="22.08" angle="325.21" x="116.74" y="107.13"/>
        <vehicle id="cfm-slow_1" eclass="HBEFA3/PC_G_EU4" CO2="24231.65" CO="425.97" HC="2.54" NOx="10.79" PMx="0.59" fuel="10.42" electricity="0.00" noise="80.98" route="routebottom" type="cfm-slow" waiting="0.00" lane="right_0" pos="39.39" speed="23.95" angle="293.64" x="86.16" y="128.47"/>
        <vehicle id="cfm-slow_2" eclass="HBEFA3/PC_G_EU4" CO2="32815.74" CO="613.49" HC="3.61" NOx="14.78" PMx="0.82" fuel="14.11" electricity="0.00" noise="85.55" route="routetop" type="cfm-slow" waiting="0.00" lane="top_0" pos="8.91" speed="26.96" angle="258.40" x="44.65" y="129.59"/>
        <vehicle id="cfm-slow_3" eclass="HBEFA3/PC_G_EU4" CO2="33027.36" CO="641.53" HC="3.75" NOx="14.80" PMx="0.84" fuel="14.20" electricity="0.00" noise="84.78" route="routetop" type="cfm-slow" waiting="0.00" lane="top_0" pos="31.54" speed="30.66" angle="217.77" x="6.30" y="101.28"/>
        <vehicle id="cfm-slow_4" eclass="HBEFA3/PC_G_EU4" CO2="15354.51" CO="304.89" HC="1.78" NOx="6.40" PMx="0.39" fuel="6.60" electricity="0.00" noise="77.50" route="routetop" type="cfm-slow" waiting="0.00" lane="left_0" pos="7.92" speed="33.62" angle="170.17" x="-2.81" y="46.71"/>
        <vehicle id="cfm-slow_5" eclass="HBEFA3/PC_G_EU4" CO2="0.00" CO="0.00" HC="0.00" NOx="0.00" PMx="0.00" fuel="0.00" electricity="0.00" noise="74.04" route="routetop" type="cfm-slow" waiting="0.00" lane="left_0" pos="37.18" speed="33.98" angle="117.62" x="36.72" y="0.56"/>
    </timestep>
    <timestep time="4.49">
        <vehicle id="cfm-fast_0" eclass="HBEFA3/PC_G_EU4" CO2="97505.59" CO="2162.85" HC="12.30" NOx="44.94" PMx="2.62" fuel="41.91" electricity="0.00" noise="108.51" route="routebottom" type="cfm-fast" waiting="0.00" lane="bottom_1" pos="14.15" speed="44.70" angle="69.07" x="91.76" y="4.70"/>
        <vehicle id="cfm-fast_1" eclass="HBEFA3/PC_G_EU4" CO2="0.00" CO="0.00" HC="0.00" NOx="0.00" PMx="0.00" fuel="0.00" electricity="0.00" noise="72.30" route="routebottom" type="cfm-fast" waiting="0.00" lane="bottom_0" pos="17.53" speed="30.41" angle="62.90" x="99.59" y="5.22"/>
        <vehicle id="cfm-fast_2" eclass="HBEFA3/PC_G_EU4" CO2="160346.30" CO="3596.54" HC="20.41" NOx="74.48" PMx="4.32" fuel="68.92" electricity="0.00" noise="127.10" route="routebottom" type="cfm-fast" waiting="0.00" lane="right_1" pos="1.62" speed="50.97" angle="1.57" x="128.88" y="67.01"/>
        <vehicle id="cfm-fast_3" eclass="HBEFA3/PC_G_EU4" CO2="0.00" CO="0.00" HC="0.00" NOx="0.00" PMx="0.00" fuel="0.00" electricity="0.00" noise="70.18" route="routebottom" type="cfm-fast" waiting="0.00" lane="bottom_0" pos="39.98" speed="25.88" angle="22.63" x="128.88" y="42.36"/>
        <vehicle id="cfm-fast_4" eclass="HBEFA3/PC_G_EU4" CO2="240002.17" CO="5522.81" HC="31.19" NOx="111.91" PMx="6.52" fuel="103.16" electricity="0.00" noise="144.20" route="routebottom" type="cfm-fast" waiting="0.00" lane="right_1" pos="45.67" speed="60.83" angle="282.29" x="72.54" y="128.36"/>
        <vehicle id="cfm-fast_5" eclass="HBEFA3/PC_G_EU4" CO2="4941.15" CO="26.33" HC="0.24" NOx="1.72" PMx="0.08" fuel="2.12" electricity="0.00" noise="70.41" route="routebottom" type="cfm-fast" waiting="0.00" lane="right_0" pos="7.83" speed="22.54" angle="350.33" x="130.19" y="80.44"/>
        <vehicle id="cfm-slow_0" eclass="HBEFA3/PC_G_EU4" CO2="15874.32" CO="251.00" HC="1.54" NOx="6.89" PMx="0.37" fuel="6.82" electricity="0.00" noise="75.71" route="routebottom" type="cfm-slow" waiting="0.00" lane="right_0" pos="22.06" speed="22.10" angle="324.79" x="116.44" y="107.49"/>
        <vehicle id="cfm-slow_1" eclass="HBEFA3/PC_G_EU4" CO2="24296.01" CO="427.37" HC="2.55" NOx="10.82" PMx="0.59" fuel="10.44" electricity="0.00" noise="81.01" route="routebottom" type="cfm-slow" waiting="0.00" lane="right_0" pos="39.63" speed="23.99" angle="293.21" x="85.67" y="128.65"/>
        <vehicle id="cfm-slow_2" eclass="HBEFA3/PC_G_EU4" CO2="32812.11" CO="613.61" HC="3.61" NOx="14.77" PMx="0.82" fuel="14.10" electricity="0.00" noise="85.53" route="routetop" type="cfm-slow" waiting="0.00" lane="top_0" pos="9.18" speed="27.00" angle="257.93" x="44.09" y="129.42"/>
        <vehicle id="cfm-slow_3" eclass="HBEFA3/PC_G_EU4" CO2="32860.97" CO="638.37" HC="3.73" NOx="14.72" PMx="0.84" fuel="14.13" electricity="0.00" noise="84.68" route="routetop" type="cfm-slow" waiting="0.00" lane="top_0" pos="31.84" speed="30.69" angle="217.22" x="5.93" y="100.73"/>
        <vehicle id="cfm-slow_4" eclass="HBEFA3/PC_G_EU4" CO2="15062.46" CO="298.97" HC="1.75" NOx="6.26" PMx="0.39" fuel="6.47" electricity="0.00" noise="77.42" route="routetop" type="cfm-slow" waiting="0.00" lane="left_0" pos="8.25" speed="33.63" angle="169.55" x="-2.62" y="46.01"/>
        <vehicle id="cfm-slow_5" eclass="HBEFA3/PC_G_EU4" CO2="0.00" CO="0.00" HC="0.00" NOx="0.00" PMx="0.00" fuel="0.00" electricity="0.00" noise="74.02" route="routetop" type="cfm-slow" waiting="0.00" lane="left_0" pos="37.52" speed="33.96" angle="117.01" x="37.40" y="0.28"/>
    </timestep>
    <timestep time="4.50">
        <vehicle id="cfm-fast_0" eclass="HBEFA3/PC_G_EU4" CO2="97953.77" CO="2173.52" HC="12.36" NOx="45.15" PMx="2.63" fuel="42.11" electricity="0.00" noise="108.65" route="routebottom" type="cfm-fast" waiting="0.00" lane="bottom_1" pos="14.60" speed="44.77" angle="68.24" x="92.58" y="5.11"/>
        <vehicle id="cfm-fast_1" eclass="HBEFA3/PC_G_EU4" CO2="0.00" CO="0.00" HC="0.00" NOx="0.00" PMx="0.00" fuel="0.00" electricity="0.00" noise="72.28" route="routebottom" type="cfm-fast" waiting="0.00" lane="bottom_0" pos="17.83" speed="30.38" angle="62.36" x="100.15" y="5.56"/>
        <vehicle id="cfm-fast_2" eclass="HBEFA3/PC_G_EU4" CO2="160946.87" CO="3611.62" HC="20.49" NOx="74.76" PMx="4.34" fuel="69.18" electricity="0.00" noise="127.23" route="routebottom" type="cfm-fast" waiting="0.00" lane="right_1" pos="2.13" speed="51.08" angle="0.64" x="128.82" y="68.06"/>
        <vehicle id="cfm-fast_3" eclass="HBEFA3/PC_G_EU4" CO2="0.00" CO="0.00" HC="0.00" NOx="0.00" PMx="0.00" fuel="0.00" electricity="0.00" noise="70.17" route="routebottom" type="cfm-fast" waiting="0.00" lane="bottom_0" pos="40.24" speed="25.86" angle="22.13" x="129.05" y="42.89"/>
        <vehicle id="cfm-fast_4" eclass="HBEFA3/PC_G_EU4" CO2="240599.57" CO="5539.64" HC="31.28" NOx="112.19" PMx="6.54" fuel="103.42" electricity="0.00" noise="144.26" route="routebottom" type="cfm-fast" waiting="0.00" lane="right_1" pos="46.28" speed="60.97" angle="281.24" x="71.30" y="128.52"/>
        <vehicle id="cfm-fast_5" eclass="HBEFA3/PC_G_EU4" CO2="5009.58" CO="27.74" HC="0.25" NOx="1.76" PMx="0.08" fuel="2.15" electricity="0.00" noise="70.43" route="routebottom" type="cfm-fast" waiting="0.00" lane="right_0" pos="8.06" speed="22.54" angle="349.91" x="130.06" y="80.91"/>
        <vehicle id="cfm-slow_0" eclass="HBEFA3/PC_G_EU4" CO2="15935.99" CO="252.29" HC="1.54" NOx="6.92" PMx="0.37" fuel="6.85" electricity="0.00" noise="75.75" route="routebottom" type="cfm-slow" waiting="0.00" lane="right_0" pos="22.28" speed="22.13" angle="324.37" x="116.13" y="107.85"/>
        <vehicle id="cfm-slow_1" eclass="HBEFA3/PC_G_EU4" CO2="24359.95" CO="428.76" HC="2.56" NOx="10.85" PMx="0.59" fuel="10.47" electricity="0.00" noise="81.05" route="routebottom" type="cfm-slow" waiting="0.00" lane="right_0" pos="39.87" speed="24.02" angle="292.83" x="85.18" y="128.82"/>
        <vehicle id="cfm-slow_2" eclass="HBEFA3/PC_G_EU4" CO2="32807.20" CO="613.70" HC="3.61" NOx="14.77" PMx="0.82" fuel="14.10" electricity="0.00" noise="85.52" route="routetop" type="cfm-slow" waiting="0.00" lane="top_0" pos="9.45" speed="27.04" angle="257.44" x="43.54" y="129.25"/>
        <vehicle id="cfm-slow_3" eclass="HBEFA3/PC_G_EU4" CO2="32693.35" CO="635.18" HC="3.71" NOx="14.64" PMx="0.83" fuel="14.05" electricity="0.00" noise="84.59" route="routetop" type="cfm-slow" waiting="0.00" lane="top_0" pos="32.15" speed="30.72" angle="216.71" x="5.57" y="100.18"/>
        <vehicle id="cfm-slow_4" eclass="HBEFA3/PC_G_EU4" CO2="14771.31" CO="293.07" HC="1.71" NOx="6.12" PMx="0.38" fuel="6.35" electricity="0.00" noise="77.33" route="routetop" type="cfm-slow" waiting="0.00" lane="left_0" pos="8.59" speed="33.64" angle="168.94" x="-2.44" y="45.31"/>
        <vehicle id="cfm-slow_5" eclass="HBEFA3/PC_G_EU4" CO2="0.00" CO="0.00" HC="0.00" NOx="0.00" PMx="0.00" fuel="0.00" electricity="0.00" noise="74.01" route="routetop" type="cfm-slow" waiting="0.00" lane="left_0" pos="37.86" speed="33.94" angle="116.39" x="38.07" y="0.01"/>
    </timestep>
    <timestep time="4.51">
        <vehicle id="cfm-fast_0" eclass="HBEFA3/PC_G_EU4" CO2="98404.13" CO="2184.25" HC="12.42" NOx="45.36" PMx="2.64" fuel="42.30" electricity="0.00" noise="108.78" route="routebottom" type="cfm-fast" waiting="0.00" lane="bottom_1" pos="15.05" speed="44.84" angle="67.40" x="93.41" y="5.52"/>
        <vehicle id="cfm-fast_1" eclass="HBEFA3/PC_G_EU4" CO2="0.00" CO="0.00" HC="0.00" NOx="0.00" PMx="0.00" fuel="0.00" electricity="0.00" noise="72.27" route="routebottom" type="cfm-fast" waiting="0.00" lane="bottom_0" pos="18.14" speed="30.35" angle="61.85" x="100.70" y="5.91"/>
        <vehicle id="cfm-fast_2" eclass="HBEFA3/PC_G_EU4" CO2="161548.50" CO="3626.73" HC="20.58" NOx="75.05" PMx="4.35" fuel="69.44" electricity="0.00" noise="127.36" route="routebottom" type="cfm-fast" waiting="0.00" lane="right_1" pos="2.64" speed="51.19" angle="359.76" x="128.75" y="69.11"/>
        <vehicle id="cfm-fast_3" eclass="HBEFA3/PC_G_EU4" CO2="0.00" CO="0.00" HC="0.00" NOx="0.00" PMx="0.00" fuel="0.00" electricity="0.00" noise="70.16" route="routebottom" type="cfm-fast" waiting="0.00" lane="bottom_0" pos="40.49" speed="25.84" angle="21.64" x="129.21" y="43.43"/>
        <vehicle id="cfm-fast_4" eclass="HBEFA3/PC_G_EU4" CO2="241197.25" CO="5556.49" HC="31.38" NOx="112.47" PMx="6.56" fuel="103.68" electricity="0.00" noise="144.33" route="routebottom" type="cfm-fast" waiting="0.00" lane="right_1" pos="46.89" speed="61.10" angle="280.15" x="70.06" y="128.65"/>
        <vehicle id="cfm-fast_5" eclass="HBEFA3/PC_G_EU4" CO2="5078.27" CO="29.16" HC="0.26" NOx="1.79" PMx="0.09" fuel="2.18" electricity="0.00" noise="70.46" route="routebottom" type="cfm-fast" waiting="0.00" lane="right_0" pos="8.28" speed="22.54" angle="349.50" x="129.94" y="81.38"/>
        <vehicle id="cfm-slow_0" eclass="HBEFA3/PC_G_EU4" CO2="15997.81" CO="253.58" HC="1.55" NOx="6.95" PMx="0.37" fuel="6.88" electricity="0.00" noise="75.79" route="routebottom" type="cfm-slow" waiting="0.00" lane="right_0" pos="22.50" speed="22.15" angle="323.95" x="115.82" y="108.22"/>
        <vehicle id="cfm-slow_1" eclass="HBEFA3/PC_G_EU4" CO2="24423.46" CO="430.15" HC="2.56" NOx="10.88" PMx="0.59" fuel="10.50" electricity="0.00" noise="81.08" route="routebottom" type="cfm-slow" waiting="0.00" lane="right_0" pos="40.11" speed="24.05" angle="292.37" x="84.69" y="128.97"/>
        <vehicle id="cfm-slow_2" eclass="HBEFA3/PC_G_EU4" CO2="32801.00" CO="613.77" HC="3.61" NOx="14.77" PMx="0.82" fuel="14.10" electricity="0.00" noise="85.50" route="routetop" type="cfm-slow" waiting="0.00" lane="top_0" pos="9.72" speed="27.07" angle="256.95" x="42.98" y="129.08"/>
        <vehicle id="cfm-slow_3" eclass="HBEFA3/PC_G_EU4" CO2="32524.52" CO="631.97" HC="3.69" NOx="14.56" PMx="0.83" fuel="13.98" electricity="0.00" noise="84.50" route="routetop" type="cfm-slow" waiting="0.00" lane="top_0" pos="32.46" speed="30.76" angle="216.13" x="5.23" y="99.61"/>
        <vehicle id="cfm-slow_4" eclass="HBEFA3/PC_G_EU4" CO2="14481.07" CO="287.18" HC="1.68" NOx="5.98" PMx="0.37" fuel="6.22" electricity="0.00" noise="77.25" route="routetop" type="cfm-slow" waiting="0.00" lane="left_0" pos="8.93" speed="33.65" angle="168.37" x="-2.25" y="44.61"/>
        <vehicle id="cfm-slow_5" eclass="HBEFA3/PC_G_EU4" CO2="0.00" CO="0.00" HC="0.00" NOx="0.00" PMx="0.00" fuel="0.00" electricity="0.00" noise="73.99" route="routetop" type="cfm-slow" waiting="0.00" lane="left_0" pos="38.19" speed="33.91" angle="115.76" x="38.75" y="-0.26"/>
    </timestep>
    <timestep time="4.52">
        <vehicle id="cfm-fast_0" eclass="HBEFA3/PC_G_EU4" CO2="98856.65" CO="2195.02" HC="12.48" NOx="45.58" PMx="2.65" fuel="42.49" electricity="0.00" noise="108.92" route="routebottom" type="cfm-fast" waiting="0.00" lane="bottom_1" pos="15.50" speed="44.92" angle="66.63" x="94.23" y="5.94"/>
        <vehicle id="cfm-fast_1" eclass="HBEFA3/PC_G_EU4" CO2="0.00" CO="0.00" HC="0.00" NOx="0.00" PMx="0.00" fuel="0.00" electricity="0.00" noise="72.25" route="routebottom" type="cfm-fast" waiting="0.00" lane="bottom_0" pos="18.44" speed="30.32" angle="61.28" x="101.24" y="6.27"/>
        <vehicle id="cfm-fast_2" eclass="HBEFA3/PC_G_EU4" CO2="162151.16" CO="3641.87" HC="20.66" NOx="75.33" PMx="4.37" fuel="69.70" electricity="0.00" noise="127.48" route="routebottom" type="cfm-fast" waiting="0.00" lane="right_1" pos="3.16" speed="51.30" angle="358.83" x="128.64" y="70.15"/>
        <vehicle id="cfm-fast_3" eclass="HBEFA3/PC_G_EU4" CO2="0.00" CO="0.00" HC="0.00" NOx="0.00" PMx="0.00" fuel="0.00" electricity="0.00" noise="70.16" route="routebottom" type="cfm-fast" waiting="0.00" lane="bottom_0" pos="40.75" speed="25.82" angle="21.15" x="129.38" y="43.96"/>
        <vehicle id="cfm-fast_4" eclass="HBEFA3/PC_G_EU4" CO2="241795.23" CO="5573.36" HC="31.47" NOx="112.75" PMx="6.58" fuel="103.94" electricity="0.00" noise="144.40" route="routebottom" type="cfm-fast" waiting="0.00" lane="right_1" pos="47.50" speed="61.24" angle="279.10" x="68.81" y="128.78"/>
        <vehicle id="cfm-fast_5" eclass="HBEFA3/PC_G_EU4" CO2="5147.22" CO="30.58" HC="0.27" NOx="1.82" PMx="0.09" fuel="2.21" electricity="0.00" noise="70.48" route="routebottom" type="cfm-fast" waiting="0.00" lane="right_0" pos="8.51" speed="22.55" angle="349.08" x="129.81" y="81.85"/>
        <vehicle id="cfm-slow_0" eclass="HBEFA3/PC_G_EU4" CO2="16059.78" CO="254.87" HC="1.56" NOx="6.98" PMx="0.37" fuel="6.90" electricity="0.00" noise="75.83" route="routebottom" type="cfm-slow" waiting="0.00" lane="right_0" pos="22.72" speed="22.17" angle="323.53" x="115.51" y="108.58"/>
        <vehicle id="cfm-slow_1" eclass="HBEFA3/PC_G_EU4" CO2="24486.53" CO="431.52" HC="2.57" NOx="10.91" PMx="0.60" fuel="10.53" electricity="0.00" noise="81.11" route="routebottom" type="cfm-slow" waiting="0.00" lane="right_0" pos="40.35" speed="24.08" angle="291.91" x="84.19" y="129.12"/>
        <vehicle id="cfm-slow_2" eclass="HBEFA3/PC_G_EU4" CO2="32793.52" CO="613.81" HC="3.61" NOx="14.76" PMx="0.82" fuel="14.10" electricity="0.00" noise="85.48" route="routetop" type="cfm-slow" waiting="0.00" lane="top_0" pos="9.99" speed="27.11" angle="256.45" x="42.43" y="128.90"/>
        <vehicle id="cfm-slow_3" eclass="HBEFA3/PC_G_EU4" CO2="32354.49" CO="628.74" HC="3.67" NOx="14.48" PMx="0.82" fuel="13.91" electricity="0.00" noise="84.41" route="routetop" type="cfm-slow" waiting="0.00" lane="top_0" pos="32.77" speed="30.79" angle="215.55" x="4.89" y="99.04"/>
        <vehicle id="cfm-slow_4" eclass="HBEFA3/PC_G_EU4" CO2="14191.77" CO="281.31" HC="1.64" NOx="5.85" PMx="0.36" fuel="6.10" electricity="0.00" noise="77.18" route="routetop" type="cfm-slow" waiting="0.00" lane="left_0" pos="9.26" speed="33.66" angle="167.76" x="-2.04" y="43.92"/>
        <vehicle id="cfm-slow_5" eclass="HBEFA3/PC_G_EU4" CO2="0.00" CO="0.00" HC="0.00" NOx="0.00" PMx="0.00" fuel="0.00" electricity="0.00" noise="73.98" route="routetop" type="cfm-slow" waiting="0.00" lane="left_0" pos="38.53" speed="33.89" angle="115.20" x="39.43" y="-0.53"/>
    </timestep>
    <timestep time="4.53">
        <vehicle id="cfm-fast_0" eclass="HBEFA3/PC_G_EU4" CO2="99311.34" CO="2205.85" HC="12.55" NOx="45.79" PMx="2.67" fuel="42.69" electricity="0.00" noise="109.06" route="routebottom" type="cfm-fast" waiting="0.00" lane="bottom_1" pos="15.95" speed="44.99" angle="65.81" x="95.03" y="6.39"/>
        <vehicle id="cfm-fast_1" eclass="HBEFA3/PC_G_EU4" CO2="0.00" CO="0.00" HC="0.00" NOx="0.00" PMx="0.00" fuel="0.00" electricity="0.00" noise="72.24" route="routebottom" type="cfm-fast" waiting="0.00" lane="bottom_0" pos="18.74" speed="30.29" angle="60.71" x="101.78" y="6.63"/>
        <vehicle id="cfm-fast_2" eclass="HBEFA3/PC_G_EU4" CO2="162754.86" CO="3657.05" HC="20.75" NOx="75.61" PMx="4.39" fuel="69.96" electricity="0.00" noise="127.61" route="routebottom" type="cfm-fast" waiting="0.00" lane="right_1" pos="3.67" speed="51.41" angle="357.89" x="128.53" y="71.20"/>
        <vehicle id="cfm-fast_3" eclass="HBEFA3/PC_G_EU4" CO2="0.00" CO="0.00" HC="0.00" NOx="0.00" PMx="0.00" fuel="0.00" electricity="0.00" noise="70.15" route="routebottom" type="cfm-fast" waiting="0.00" lane="bottom_0" pos="41.01" speed="25.80" angle="20.70" x="129.54" y="44.49"/>
        <vehicle id="cfm-fast_4" eclass="HBEFA3/PC_G_EU4" CO2="242393.50" CO="5590.26" HC="31.56" NOx="113.03" PMx="6.59" fuel="104.19" electricity="0.00" noise="144.46" route="routebottom" type="cfm-fast" waiting="0.00" lane="right_1" pos="48.12" speed="61.38" angle="277.92" x="67.55" y="128.85"/>
        <vehicle id="cfm-fast_5" eclass="HBEFA3/PC_G_EU4" CO2="5216.40" CO="32.01" HC="0.27" NOx="1.85" PMx="0.09" fuel="2.24" electricity="0.00" noise="70.50" route="routebottom" type="cfm-fast" waiting="0.00" lane="right_0" pos="8.74" speed="22.55" angle="348.67" x="129.68" y="82.31"/>
        <vehicle id="cfm-slow_0" eclass="HBEFA3/PC_G_EU4" CO2="16121.89" CO="256.17" HC="1.56" NOx="7.01" PMx="0.37" fuel="6.93" electricity="0.00" noise="75.87" route="routebottom" type="cfm-slow" waiting="0.00" lane="right_0" pos="22.94" speed="22.19" angle="323.11" x="115.20" y="108.95"/>
        <vehicle id="cfm-slow_1" eclass="HBEFA3/PC_G_EU4" CO2="24549.15" CO="432.89" HC="2.58" NOx="10.94" PMx="0.60" fuel="10.55" electricity="0.00" noise="81.15" route="routebottom" type="cfm-slow" waiting="0.00" lane="right_0" pos="40.59" speed="24.12" angle="291.46" x="83.70" y="129.27"/>
        <vehicle id="cfm-slow_2" eclass="HBEFA3/PC_G_EU4" CO2="32784.75" CO="613.83" HC="3.61" NOx="14.76" PMx="0.82" fuel="14.09" electricity="0.00" noise="85.47" route="routetop" type="cfm-slow" waiting="0.00" lane="top_0" pos="10.26" speed="27.15" angle="256.02" x="41.87" y="128.73"/>
        <vehicle id="cfm-slow_3" eclass="HBEFA3/PC_G_EU4" CO2="32183.28" CO="625.47" HC="3.65" NOx="14.40" PMx="0.82" fuel="13.83" electricity="0.00" noise="84.32" route="routetop" type="cfm-slow" waiting="0.00" lane="top_0" pos="33.07" speed="30.82" angle="214.96" x="4.55" y="98.48"/>
        <vehicle id="cfm-slow_4" eclass="HBEFA3/PC_G_EU4" CO2="13903.42" CO="275.45" HC="1.61" NOx="5.71" PMx="0.36" fuel="5.98" electricity="0.00" noise="77.10" route="routetop" type="cfm-slow" waiting="0.00" lane="left_0" pos="9.60" speed="33.66" angle="167.13" x="-1.82" y="43.23"/>
        <vehicle id="cfm-slow_5" eclass="HBEFA3/PC_G_EU4" CO2="0.00" CO="0.00" HC="0.00" NOx="0.00" PMx="0.00" fuel="0.00" electricity="0.00" noise="73.97" route="routetop" type="cfm-slow" waiting="0.00" lane="left_0" pos="38.87" speed="33.87" angle="114.57" x="40.12" y="-0.77"/>
    </timestep>
    <timestep time="4.54">
        <vehicle id="cfm-fast_0" eclass="HBEFA3/PC_G_EU4" CO2="99768.16" CO="2216.74" HC="12.61" NOx="46.00" PMx="2.68" fuel="42.89" electricity="0.00" noise="109.19" route="routebottom" type="cfm-fast" waiting="0.00" lane="bottom_1" pos="16.40" speed="45.06" angle="64.99" x="95.84" y="6.84"/>
        <vehicle id="cfm-fast_1" eclass="HBEFA3/PC_G_EU4" CO2="0.00" CO="0.00" HC="0.00" NOx="0.00" PMx="0.00" fuel="0.00" electricity="0.00" noise="72.22" route="routebottom" type="cfm-fast" waiting="0.00" lane="bottom_0" pos="19.05" speed="30.26" angle="60.14" x="102.33" y="6.99"/>
        <vehicle id="cfm-fast_2" eclass="HBEFA3/PC_G_EU4" CO2="163359.58" CO="3672.26" HC="20.83" NOx="75.90" PMx="4.40" fuel="70.22" electricity="0.00" noise="127.73" route="routebottom" type="cfm-fast" waiting="0.00" lane="right_1" pos="4.19" speed="51.51" angle="357.00" x="128.40" y="72.25"/>
        <vehicle id="cfm-fast_3" eclass="HBEFA3/PC_G_EU4" CO2="0.00" CO="0.00" HC="0.00" NOx="0.00" PMx="0.00" fuel="0.00" electricity="0.00" noise="70.14" route="routebottom" type="cfm-fast" waiting="0.00" lane="bottom_0" pos="41.27" speed="25.78" angle="20.25" x="129.69" y="45.02"/>
        <vehicle id="cfm-fast_4" eclass="HBEFA3/PC_G_EU4" CO2="242992.07" CO="5607.17" HC="31.65" NOx="113.31" PMx="6.61" fuel="104.45" electricity="0.00" noise="144.53" route="routebottom" type="cfm-fast" waiting="0.00" lane="right_1" pos="48.73" speed="61.51" angle="276.80" x="66.29" y="128.92"/>
        <vehicle id="cfm-fast_5" eclass="HBEFA3/PC_G_EU4" CO2="5285.83" CO="33.44" HC="0.28" NOx="1.89" PMx="0.09" fuel="2.27" electricity="0.00" noise="70.53" route="routebottom" type="cfm-fast" waiting="0.00" lane="right_0" pos="8.96" speed="22.55" angle="348.32" x="129.56" y="82.78"/>
        <vehicle id="cfm-slow_0" eclass="HBEFA3/PC_G_EU4" CO2="16184.14" CO="257.47" HC="1.57" NOx="7.04" PMx="0.38" fuel="6.96" electricity="0.00" noise="75.91" route="routebottom" type="cfm-slow" waiting="0.00" lane="right_0" pos="23.16" speed="22.21" angle="322.78" x="114.89" y="109.30"/>
        <vehicle id="cfm-slow_1" eclass="HBEFA3/PC_G_EU4" CO2="24611.32" CO="434.26" HC="2.59" NOx="10.97" PMx="0.60" fuel="10.58" electricity="0.00" noise="81.18" route="routebottom" type="cfm-slow" waiting="0.00" lane="right_0" pos="40.84" speed="24.15" angle="291.00" x="83.20" y="129.43"/>
        <vehicle id="cfm-slow_2" eclass="HBEFA3/PC_G_EU4" CO2="32774.68" CO="613.82" HC="3.61" NOx="14.75" PMx="0.82" fuel="14.09" electricity="0.00" noise="85.45" route="routetop" type="cfm-slow" waiting="0.00" lane="top_0" pos="10.54" speed="27.19" angle="255.51" x="41.32" y="128.53"/>
        <vehicle id="cfm-slow_3" eclass="HBEFA3/PC_G_EU4" CO2="32010.90" CO="622.18" HC="3.64" NOx="14.31" PMx="0.81" fuel="13.76" electricity="0.00" noise="84.22" route="routetop" type="cfm-slow" waiting="0.00" lane="top_0" pos="33.38" speed="30.86" angle="214.45" x="4.21" y="97.91"/>
        <vehicle id="cfm-slow_4" eclass="HBEFA3/PC_G_EU4" CO2="13616.04" CO="269.61" HC="1.58" NOx="5.57" PMx="0.35" fuel="5.85" electricity="0.00" noise="77.02" route="routetop" type="cfm-slow" waiting="0.00" lane="left_0" pos="9.94" speed="33.67" angle="166.51" x="-1.61" y="42.54"/>
        <vehicle id="cfm-slow_5" eclass="HBEFA3/PC_G_EU4" CO2="0.00" CO="0.00" HC="0.00" NOx="0.00" PMx="0.00" fuel="0.00" electricity="0.00" noise="73.95" route="routetop" type="cfm-slow" waiting="0.00" lane="left_0" pos="39.21" speed="33.84" angle="113.95" x="40.80" y="-1.02"/>
    </timestep>
    <timestep time="4.55">
        <vehicle id="cfm-fast_0" eclass="HBEFA3/PC_G_EU4" CO2="100227.11" CO="2227.67" HC="12.67" NOx="46.22" PMx="2.69" fuel="43.08" electricity="0.00" noise="109.33" route="routebottom" type="cfm-fast" waiting="0.00" lane="bottom_1" pos="16.85" speed="45.14" angle="64.21" x="96.64" y="7.30"/>
        <vehicle id="cfm-fast_1" eclass="HBEFA3/PC_G_EU4" CO2="0.00" CO="0.00" HC="0.00" NOx="0.00" PMx="0.00" fuel="0.00" electricity="0.00" noise="72.21" route="routebottom" type="cfm-fast" waiting="0.00" lane="bottom_0" pos="19.35" speed="30.22" angle="59.64" x="102.86" y="7.36"/>
        <vehicle id="cfm-fast_2" eclass="HBEFA3/PC_G_EU4" CO2="163965.30" CO="3687.51" HC="20.92" NOx="76.18" PMx="4.42" fuel="70.48" electricity="0.00" noise="127.86" route="routebottom" type="cfm-fast" waiting="0.00" lane="right_1" pos="4.70" speed="51.62" angle="356.05" x="128.25" y="73.30"/>
        <vehicle id="cfm-fast_3" eclass="HBEFA3/PC_G_EU4" CO2="0.00" CO="0.00" HC="0.00" NOx="0.00" PMx="0.00" fuel="0.00" electricity="0.00" noise="70.13" route="routebottom" type="cfm-fast" waiting="0.00" lane="bottom_0" pos="41.53" speed="25.76" angle="19.78" x="129.83" y="45.56"/>
        <vehicle id="cfm-fast_4" eclass="HBEFA3/PC_G_EU4" CO2="243590.92" CO="5624.11" HC="31.74" NOx="113.59" PMx="6.63" fuel="104.71" electricity="0.00" noise="144.59" route="routebottom" type="cfm-fast" waiting="0.00" lane="right_1" pos="49.35" speed="61.65" angle="275.67" x="65.03" y="128.94"/>
        <vehicle id="cfm-fast_5" eclass="HBEFA3/PC_G_EU4" CO2="5355.50" CO="34.88" HC="0.29" NOx="1.92" PMx="0.09" fuel="2.30" electricity="0.00" noise="70.55" route="routebottom" type="cfm-fast" waiting="0.00" lane="right_0" pos="9.19" speed="22.56" angle="347.91" x="129.41" y="83.25"/>
        <vehicle id="cfm-slow_0" eclass="HBEFA3/PC_G_EU4" CO2="16246.52" CO="258.77" HC="1.58" NOx="7.07" PMx="0.38" fuel="6.98" electricity="0.00" noise="75.95" route="routebottom" type="cfm-slow" waiting="0.00" lane="right_0" pos="23.39" speed="22.23" angle="322.38" x="114.56" y="109.66"/>
        <vehicle id="cfm-slow_1" eclass="HBEFA3/PC_G_EU4" CO2="24673.02" CO="435.61" HC="2.60" NOx="11.00" PMx="0.60" fuel="10.61" electricity="0.00" noise="81.21" route="routebottom" type="cfm-slow" waiting="0.00" lane="right_0" pos="41.08" speed="24.18" angle="290.61" x="82.70" y="129.58"/>
        <vehicle id="cfm-slow_2" eclass="HBEFA3/PC_G_EU4" CO2="32763.32" CO="613.78" HC="3.61" NOx="14.75" PMx="0.82" fuel="14.08" electricity="0.00" noise="85.43" route="routetop" type="cfm-slow" waiting="0.00" lane="top_0" pos="10.81" speed="27.23" angle="254.99" x="40.77" y="128.33"/>
        <vehicle id="cfm-slow_3" eclass="HBEFA3/PC_G_EU4" CO2="31837.37" CO="618.87" HC="3.62" NOx="14.23" PMx="0.81" fuel="13.69" electricity="0.00" noise="84.13" route="routetop" type="cfm-slow" waiting="0.00" lane="top_0" pos="33.69" speed="30.89" angle="213.89" x="3.89" y="97.32"/>
        <vehicle id="cfm-slow_4" eclass="HBEFA3/PC_G_EU4" CO2="13329.65" CO="263.79" HC="1.54" NOx="5.44" PMx="0.34" fuel="5.73" electricity="0.00" noise="76.95" route="routetop" type="cfm-slow" waiting="0.00" lane="left_0" pos="10.27" speed="33.68" angle="165.95" x="-1.39" y="41.85"/>
        <vehicle id="cfm-slow_5" eclass="HBEFA3/PC_G_EU4" CO2="0.00" CO="0.00" HC="0.00" NOx="0.00" PMx="0.00" fuel="0.00" electricity="0.00" noise="73.94" route="routetop" type="cfm-slow" waiting="0.00" lane="left_0" pos="39.55" speed="33.82" angle="113.32" x="41.49" y="-1.26"/>
    </timestep>
    <timestep time="4.56">
        <vehicle id="cfm-fast_0" eclass="HBEFA3/PC_G_EU4" CO2="100688.17" CO="2238.66" HC="12.73" NOx="46.43" PMx="2.70" fuel="43.28" electricity="0.00" noise="109.47" route="routebottom" type="cfm-fast" waiting="0.00" lane="bottom_1" pos="17.30" speed="45.21" angle="63.35" x="97.44" y="7.78"/>
        <vehicle id="cfm-fast_1" eclass="HBEFA3/PC_G_EU4" CO2="0.00" CO="0.00" HC="0.00" NOx="0.00" PMx="0.00" fuel="0.00" electricity="0.00" noise="72.19" route="routebottom" type="cfm-fast" waiting="0.00" lane="bottom_0" pos="19.65" speed="30.19" angle="59.09" x="103.39" y="7.74"/>
        <vehicle id="cfm-fast_2" eclass="HBEFA3/PC_G_EU4" CO2="164572.03" CO="3702.80" HC="21.00" NOx="76.46" PMx="4.44" fuel="70.74" electricity="0.00" noise="127.98" route="routebottom" type="cfm-fast" waiting="0.00" lane="right_1" pos="5.22" speed="51.73" angle="355.13" x="128.09" y="74.35"/>
        <vehicle id="cfm-fast_3" eclass="HBEFA3/PC_G_EU4" CO2="0.00" CO="0.00" HC="0.00" NOx="0.00" PMx="0.00" fuel="0.00" electricity="0.00" noise="70.12" route="routebottom" type="cfm-fast" waiting="0.00" lane="bottom_0" pos="41.78" speed="25.73" angle="19.31" x="129.97" y="46.09"/>
        <vehicle id="cfm-fast_4" eclass="HBEFA3/PC_G_EU4" CO2="244190.07" CO="5641.07" HC="31.84" NOx="113.87" PMx="6.65" fuel="104.97" electricity="0.00" noise="144.66" route="routebottom" type="cfm-fast" waiting="0.00" lane="right_1" pos="49.96" speed="61.78" angle="274.56" x="63.76" y="128.97"/>
        <vehicle id="cfm-fast_5" eclass="HBEFA3/PC_G_EU4" CO2="5425.39" CO="36.32" HC="0.30" NOx="1.95" PMx="0.09" fuel="2.33" electricity="0.00" noise="70.58" route="routebottom" type="cfm-fast" waiting="0.00" lane="right_0" pos="9.41" speed="22.56" angle="347.50" x="129.27" y="83.71"/>
        <vehicle id="cfm-slow_0" eclass="HBEFA3/PC_G_EU4" CO2="16309.02" CO="260.08" HC="1.59" NOx="7.10" PMx="0.38" fuel="7.01" electricity="0.00" noise="75.99" route="routebottom" type="cfm-slow" waiting="0.00" lane="right_0" pos="23.61" speed="22.26" angle="321.97" x="114.24" y="110.01"/>
        <vehicle id="cfm-slow_1" eclass="HBEFA3/PC_G_EU4" CO2="24734.24" CO="436.95" HC="2.60" NOx="11.03" PMx="0.60" fuel="10.63" electricity="0.00" noise="81.24" route="routebottom" type="cfm-slow" waiting="0.00" lane="right_0" pos="41.32" speed="24.21" angle="290.17" x="82.20" y="129.71"/>
        <vehicle id="cfm-slow_2" eclass="HBEFA3/PC_G_EU4" CO2="32750.67" CO="613.72" HC="3.61" NOx="14.74" PMx="0.82" fuel="14.08" electricity="0.00" noise="85.41" route="routetop" type="cfm-slow" waiting="0.00" lane="top_0" pos="11.08" speed="27.27" angle="254.48" x="40.21" y="128.13"/>
        <vehicle id="cfm-slow_3" eclass="HBEFA3/PC_G_EU4" CO2="31662.71" CO="615.53" HC="3.60" NOx="14.15" PMx="0.81" fuel="13.61" electricity="0.00" noise="84.04" route="routetop" type="cfm-slow" waiting="0.00" lane="top_0" pos="34.00" speed="30.92" angle="213.33" x="3.57" y="96.74"/>
        <vehicle id="cfm-slow_4" eclass="HBEFA3/PC_G_EU4" CO2="13044.27" CO="257.98" HC="1.51" NOx="5.30" PMx="0.33" fuel="5.61" electricity="0.00" noise="76.87" route="routetop" type="cfm-slow" waiting="0.00" lane="left_0" pos="10.61" speed="33.69" angle="165.33" x="-1.15" y="41.16"/>
        <vehicle id="cfm-slow_5" eclass="HBEFA3/PC_G_EU4" CO2="0.00" CO="0.00" HC="0.00" NOx="0.00" PMx="0.00" fuel="0.00" electricity="0.00" noise="73.92" route="routetop" type="cfm-slow" waiting="0.00" lane="left_0" pos="39.89" speed="33.80" angle="112.76" x="42.18" y="-1.50"/>
    </timestep>
    <timestep time="4.57">
        <vehicle id="cfm-fast_0" eclass="HBEFA3/PC_G_EU4" CO2="101151.33" CO="2249.70" HC="12.79" NOx="46.65" PMx="2.72" fuel="43.48" electricity="0.00" noise="109.61" route="routebottom" type="cfm-fast" waiting="0.00" lane="bottom_1" pos="17.75" speed="45.29" angle="62.49" x="98.23" y="8.26"/>
        <vehicle id="cfm-fast_1" eclass="HBEFA3/PC_G_EU4" CO2="0.00" CO="0.00" HC="0.00" NOx="0.00" PMx="0.00" fuel="0.00" electricity="0.00" noise="72.18" route="routebottom" type="cfm-fast" waiting="0.00" lane="bottom_0" pos="19.95" speed="30.16" angle="58.53" x="103.92" y="8.12"/>
        <vehicle id="cfm-fast_2" eclass="HBEFA3/PC_G_EU4" CO2="165179.74" CO="3718.12" HC="21.09" NOx="76.75" PMx="4.46" fuel="71.00" electricity="0.00" noise="128.10" route="routebottom" type="cfm-fast" waiting="0.00" lane="right_1" pos="5.74" speed="51.84" angle="354.18" x="127.90" y="75.39"/>
        <vehicle id="cfm-fast_3" eclass="HBEFA3/PC_G_EU4" CO2="0.00" CO="0.00" HC="0.00" NOx="0.00" PMx="0.00" fuel="0.00" electricity="0.00" noise="70.11" route="routebottom" type="cfm-fast" waiting="0.00" lane="bottom_0" pos="42.04" speed="25.71" angle="18.84" x="130.12" y="46.63"/>
        <vehicle id="cfm-fast_4" eclass="HBEFA3/PC_G_EU4" CO2="244789.51" CO="5658.05" HC="31.93" NOx="114.15" PMx="6.66" fuel="105.22" electricity="0.00" noise="144.73" route="routetop" type="cfm-fast" waiting="0.00" lane="top_1" pos="0.58" speed="61.92" angle="273.42" x="62.43" y="128.95"/>
        <vehicle id="cfm-fast_5" eclass="HBEFA3/PC_G_EU4" CO2="5495.52" CO="37.77" HC="0.31" NOx="1.99" PMx="0.10" fuel="2.36" electricity="0.00" noise="70.60" route="routebottom" type="cfm-fast" waiting="0.00" lane="right_0" pos="9.64" speed="22.56" angle="347.10" x="129.13" y="84.17"/>
        <vehicle id="cfm-slow_0" eclass="HBEFA3/PC_G_EU4" CO2="16371.63" CO="261.39" HC="1.59" NOx="7.12" PMx="0.38" fuel="7.04" electricity="0.00" noise="76.03" route="routebottom" type="cfm-slow" waiting="0.00" lane="right_0" pos="23.83" speed="22.28" angle="321.57" x="113.91" y="110.36"/>
        <vehicle id="cfm-slow_1" eclass="HBEFA3/PC_G_EU4" CO2="24794.99" CO="438.29" HC="2.61" NOx="11.05" PMx="0.60" fuel="10.66" electricity="0.00" noise="81.28" route="routebottom" type="cfm-slow" waiting="0.00" lane="right_0" pos="41.56" speed="24.25" angle="289.73" x="81.70" y="129.85"/>
        <vehicle id="cfm-slow_2" eclass="HBEFA3/PC_G_EU4" CO2="32736.72" CO="613.63" HC="3.61" NOx="14.73" PMx="0.82" fuel="14.07" electricity="0.00" noise="85.39" route="routetop" type="cfm-slow" waiting="0.00" lane="top_0" pos="11.35" speed="27.31" angle="253.96" x="39.66" y="127.93"/>
        <vehicle id="cfm-slow_3" eclass="HBEFA3/PC_G_EU4" CO2="31486.94" CO="612.17" HC="3.58" NOx="14.06" PMx="0.80" fuel="13.53" electricity="0.00" noise="83.94" route="routetop" type="cfm-slow" waiting="0.00" lane="top_0" pos="34.31" speed="30.95" angle="212.76" x="3.24" y="96.16"/>
        <vehicle id="cfm-slow_4" eclass="HBEFA3/PC_G_EU4" CO2="12759.91" CO="252.20" HC="1.48" NOx="5.17" PMx="0.33" fuel="5.48" electricity="0.00" noise="76.80" route="routetop" type="cfm-slow" waiting="0.00" lane="left_0" pos="10.95" speed="33.69" angle="164.71" x="-0.90" y="40.48"/>
        <vehicle id="cfm-slow_5" eclass="HBEFA3/PC_G_EU4" CO2="0.00" CO="0.00" HC="0.00" NOx="0.00" PMx="0.00" fuel="0.00" electricity="0.00" noise="73.91" route="routetop" type="cfm-slow" waiting="0.00" lane="left_0" pos="40.22" speed="33.77" angle="112.13" x="42.87" y="-1.71"/>
    </timestep>
    <timestep time="4.58">
        <vehicle id="cfm-fast_0" eclass="HBEFA3/PC_G_EU4" CO2="101616.57" CO="2260.80" HC="12.85" NOx="46.87" PMx="2.73" fuel="43.68" electricity="0.00" noise="109.75" route="routebottom" type="cfm-fast" waiting="0.00" lane="bottom_1" pos="18.21" speed="45.36" angle="61.70" x="99.02" y="8.76"/>
        <vehicle id="cfm-fast_1" eclass="HBEFA3/PC_G_EU4" CO2="0.00" CO="0.00" HC="0.00" NOx="0.00" PMx="0.00" fuel="0.00" electricity="0.00" noise="72.16" route="routebottom" type="cfm-fast" waiting="0.00" lane="bottom_0" pos="20.25" speed="30.13" angle="57.97" x="104.44" y="8.50"/>
        <vehicle id="cfm-fast_2" eclass="HBEFA3/PC_G_EU4" CO2="165788.43" CO="3733.47" HC="21.17" NOx="77.03" PMx="4.47" fuel="71.26" electricity="0.00" noise="128.23" route="routebottom" type="cfm-fast" waiting="0.00" lane="right_1" pos="6.26" speed="51.95" angle="353.22" x="127.71" y="76.44"/>
        <vehicle id="cfm-fast_3" eclass="HBEFA3/PC_G_EU4" CO2="0.00" CO="0.00" HC="0.00" NOx="0.00" PMx="0.00" fuel="0.00" electricity="0.00" noise="70.11" route="routebottom" type="cfm-fast" waiting="0.00" lane="bottom_0" pos="42.30" speed="25.69" angle="18.42" x="130.26" y="47.16"/>
        <vehicle id="cfm-fast_4" eclass="HBEFA3/PC_G_EU4" CO2="245389.24" CO="5675.05" HC="32.02" NOx="114.43" PMx="6.68" fuel="105.48" electricity="0.00" noise="144.79" route="routetop" type="cfm-fast" waiting="0.00" lane="top_1" pos="1.20" speed="62.06" angle="272.31" x="61.16" y="128.92"/>
        <vehicle id="cfm-fast_5" eclass="HBEFA3/PC_G_EU4" CO2="5565.87" CO="39.22" HC="0.31" NOx="2.02" PMx="0.10" fuel="2.39" electricity="0.00" noise="70.63" route="routebottom" type="cfm-fast" waiting="0.00" lane="right_0" pos="9.86" speed="22.56" angle="346.69" x="128.98" y="84.64"/>
        <vehicle id="cfm-slow_0" eclass="HBEFA3/PC_G_EU4" CO2="16434.36" CO="262.70" HC="1.60" NOx="7.15" PMx="0.38" fuel="7.06" electricity="0.00" noise="76.07" route="routebottom" type="cfm-slow" waiting="0.00" lane="right_0" pos="24.06" speed="22.30" angle="321.17" x="113.58" y="110.71"/>
        <vehicle id="cfm-slow_1" eclass="HBEFA3/PC_G_EU4" CO2="24855.24" CO="439.61" HC="2.62" NOx="11.08" PMx="0.61" fuel="10.68" electricity="0.00" noise="81.31" route="routebottom" type="cfm-slow" waiting="0.00" lane="right_0" pos="41.80" speed="24.28" angle="289.29" x="81.19" y="129.98"/>
        <vehicle id="cfm-slow_2" eclass="HBEFA3/PC_G_EU4" CO2="32721.47" CO="613.52" HC="3.61" NOx="14.72" PMx="0.82" fuel="14.07" electricity="0.00" noise="85.37" route="routetop" type="cfm-slow" waiting="0.00" lane="top_0" pos="11.63" speed="27.35" angle="253.52" x="39.11" y="127.72"/>
        <vehicle id="cfm-slow_3" eclass="HBEFA3/PC_G_EU4" CO2="31310.07" CO="608.79" HC="3.56" NOx="13.98" PMx="0.80" fuel="13.46" electricity="0.00" noise="83.85" route="routetop" type="cfm-slow" waiting="0.00" lane="top_0" pos="34.62" speed="30.98" angle="212.26" x="2.92" y="95.58"/>
        <vehicle id="cfm-slow_4" eclass="HBEFA3/PC_G_EU4" CO2="12476.60" CO="246.43" HC="1.44" NOx="5.04" PMx="0.32" fuel="5.36" electricity="0.00" noise="76.73" route="routetop" type="cfm-slow" waiting="0.00" lane="left_0" pos="11.28" speed="33.70" angle="164.08" x="-0.66" y="39.80"/>
        <vehicle id="cfm-slow_5" eclass="HBEFA3/PC_G_EU4" CO2="0.00" CO="0.00" HC="0.00" NOx="0.00" PMx="0.00" fuel="0.00" electricity="0.00" noise="73.90" route="routetop" type="cfm-slow" waiting="0.00" lane="left_0" pos="40.56" speed="33.75" angle="111.50" x="43.56" y="-1.93"/>
    </timestep>
    <timestep time="4.59">
        <vehicle id="cfm-fast_0" eclass="HBEFA3/PC_G_EU4" CO2="102083.88" CO="2271.95" HC="12.92" NOx="47.09" PMx="2.74" fuel="43.88" electricity="0.00" noise="109.89" route="routebottom" type="cfm-fast" waiting="0.00" lane="bottom_1" pos="18.66" speed="45.44" angle="60.84" x="99.79" y="9.27"/>
        <vehicle id="cfm-fast_1" eclass="HBEFA3/PC_G_EU4" CO2="0.00" CO="0.00" HC="0.00" NOx="0.00" PMx="0.00" fuel="0.00" electricity="0.00" noise="72.15" route="routebottom" type="cfm-fast" waiting="0.00" lane="bottom_0" pos="20.55" speed="30.10" angle="57.48" x="104.97" y="8.88"/>
        <vehicle id="cfm-fast_2" eclass="HBEFA3/PC_G_EU4" CO2="166398.08" CO="3748.86" HC="21.26" NOx="77.32" PMx="4.49" fuel="71.53" electricity="0.00" noise="128.35" route="routebottom" type="cfm-fast" waiting="0.00" lane="right_1" pos="6.78" speed="52.06" angle="352.28" x="127.49" y="77.48"/>
        <vehicle id="cfm-fast_3" eclass="HBEFA3/PC_G_EU4" CO2="0.00" CO="0.00" HC="0.00" NOx="0.00" PMx="0.00" fuel="0.00" electricity="0.00" noise="70.10" route="routebottom" type="cfm-fast" waiting="0.00" lane="bottom_0" pos="42.55" speed="25.67" angle="17.97" x="130.38" y="47.70"/>
        <vehicle id="cfm-fast_4" eclass="HBEFA3/PC_G_EU4" CO2="245989.26" CO="5692.07" HC="32.12" NOx="114.72" PMx="6.70" fuel="105.74" electricity="0.00" noise="144.86" route="routetop" type="cfm-fast" waiting="0.00" lane="top_1" pos="1.83" speed="62.19" angle="271.20" x="59.89" y="128.85"/>
        <vehicle id="cfm-fast_5" eclass="HBEFA3/PC_G_EU4" CO2="5636.43" CO="40.68" HC="0.32" NOx="2.05" PMx="0.10" fuel="2.42" electricity="0.00" noise="70.65" route="routebottom" type="cfm-fast" waiting="0.00" lane="right_0" pos="10.09" speed="22.57" angle="346.29" x="128.84" y="85.10"/>
        <vehicle id="cfm-slow_0" eclass="HBEFA3/PC_G_EU4" CO2="16497.20" CO="264.02" HC="1.61" NOx="7.18" PMx="0.38" fuel="7.09" electricity="0.00" noise="76.11" route="routebottom" type="cfm-slow" waiting="0.00" lane="right_0" pos="24.28" speed="22.32" angle="320.79" x="113.26" y="111.06"/>
        <vehicle id="cfm-slow_1" eclass="HBEFA3/PC_G_EU4" CO2="24915.00" CO="440.93" HC="2.63" NOx="11.11" PMx="0.61" fuel="10.71" electricity="0.00" noise="81.34" route="routebottom" type="cfm-slow" waiting="0.00" lane="right_0" pos="42.05" speed="24.31" angle="288.85" x="80.69" y="130.12"/>
        <vehicle id="cfm-slow_2" eclass="HBEFA3/PC_G_EU4" CO2="32704.92" CO="613.38" HC="3.61" NOx="14.72" PMx="0.82" fuel="14.06" electricity="0.00" noise="85.34" route="routetop" type="cfm-slow" waiting="0.00" lane="top_0" pos="11.90" speed="27.39" angle="253.02" x="38.56" y="127.50"/>
        <vehicle id="cfm-slow_3" eclass="HBEFA3/PC_G_EU4" CO2="31132.12" CO="605.38" HC="3.54" NOx="13.89" PMx="0.79" fuel="13.38" electricity="0.00" noise="83.76" route="routetop" type="cfm-slow" waiting="0.00" lane="top_0" pos="34.93" speed="31.01" angle="211.69" x="2.62" y="94.98"/>
        <vehicle id="cfm-slow_4" eclass="HBEFA3/PC_G_EU4" CO2="12194.35" CO="240.68" HC="1.41" NOx="4.90" PMx="0.31" fuel="5.24" electricity="0.00" noise="76.66" route="routetop" type="cfm-slow" waiting="0.00" lane="left_0" pos="11.62" speed="33.70" angle="163.53" x="-0.41" y="39.12"/>
        <vehicle id="cfm-slow_5" eclass="HBEFA3/PC_G_EU4" CO2="0.00" CO="0.00" HC="0.00" NOx="0.00" PMx="0.00" fuel="0.00" electricity="0.00" noise="73.88" route="routetop" type="cfm-slow" waiting="0.00" lane="left_0" pos="40.90" speed="33.72" angle="110.87" x="44.26" y="-2.14"/>
    </timestep>
    <timestep time="4.60">
        <vehicle id="cfm-fast_0" eclass="HBEFA3/PC_G_EU4" CO2="102553.25" CO="2283.14" HC="12.98" NOx="47.31" PMx="2.76" fuel="44.08" electricity="0.00" noise="110.02" route="routebottom" type="cfm-fast" waiting="0.00" lane="bottom_1" pos="19.12" speed="45.51" angle="59.99" x="100.57" y="9.79"/>
        <vehicle id="cfm-fast_1" eclass="HBEFA3/PC_G_EU4" CO2="0.00" CO="0.00" HC="0.00" NOx="0.00" PMx="0.00" fuel="0.00" electricity="0.00" noise="72.13" route="routebottom" type="cfm-fast" waiting="0.00" lane="bottom_0" pos="20.85" speed="30.06" angle="56.94" x="105.47" y="9.28"/>
        <vehicle id="cfm-fast_2" eclass="HBEFA3/PC_G_EU4" CO2="167008.69" CO="3764.28" HC="21.34" NOx="77.61" PMx="4.51" fuel="71.79" electricity="0.00" noise="128.48" route="routebottom" type="cfm-fast" waiting="0.00" lane="right_1" pos="7.30" speed="52.17" angle="351.28" x="127.25" y="78.53"/>
        <vehicle id="cfm-fast_3" eclass="HBEFA3/PC_G_EU4" CO2="0.00" CO="0.00" HC="0.00" NOx="0.00" PMx="0.00" fuel="0.00" electricity="0.00" noise="70.09" route="routebottom" type="cfm-fast" waiting="0.00" lane="bottom_0" pos="42.81" speed="25.65" angle="17.50" x="130.51" y="48.24"/>
        <vehicle id="cfm-fast_4" eclass="HBEFA3/PC_G_EU4" CO2="246589.57" CO="5709.11" HC="32.21" NOx="115.00" PMx="6.72" fuel="106.00" electricity="0.00" noise="144.92" route="routetop" type="cfm-fast" waiting="0.00" lane="top_1" pos="2.45" speed="62.33" angle="270.07" x="58.61" y="128.78"/>
        <vehicle id="cfm-fast_5" eclass="HBEFA3/PC_G_EU4" CO2="5707.21" CO="42.14" HC="0.33" NOx="2.09" PMx="0.10" fuel="2.45" electricity="0.00" noise="70.68" route="routebottom" type="cfm-fast" waiting="0.00" lane="right_0" pos="10.31" speed="22.57" angle="345.94" x="128.69" y="85.56"/>
        <vehicle id="cfm-slow_0" eclass="HBEFA3/PC_G_EU4" CO2="16560.13" CO="265.33" HC="1.62" NOx="7.21" PMx="0.39" fuel="7.12" electricity="0.00" noise="76.15" route="routebottom" type="cfm-slow" waiting="0.00" lane="right_0" pos="24.50" speed="22.34" angle="320.41" x="112.92" y="111.41"/>
        <vehicle id="cfm-slow_1" eclass="HBEFA3/PC_G_EU4" CO2="24974.25" CO="442.24" HC="2.63" NOx="11.14" PMx="0.61" fuel="10.74" electricity="0.00" noise="81.37" route="routebottom" type="cfm-slow" waiting="0.00" lane="right_0" pos="42.29" speed="24.35" angle="288.44" x="80.18" y="130.26"/>
        <vehicle id="cfm-slow_2" eclass="HBEFA3/PC_G_EU4" CO2="32687.07" CO="613.22" HC="3.61" NOx="14.71" PMx="0.82" fuel="14.05" electricity="0.00" noise="85.32" route="routetop" type="cfm-slow" waiting="0.00" lane="top_0" pos="12.18" speed="27.43" angle="252.52" x="38.02" y="127.28"/>
        <vehicle id="cfm-slow_3" eclass="HBEFA3/PC_G_EU4" CO2="30953.10" CO="601.94" HC="3.52" NOx="13.81" PMx="0.79" fuel="13.31" electricity="0.00" noise="83.66" route="routetop" type="cfm-slow" waiting="0.00" lane="top_0" pos="35.24" speed="31.04" angle="211.12" x="2.32" y="94.38"/>
        <vehicle id="cfm-slow_4" eclass="HBEFA3/PC_G_EU4" CO2="11913.17" CO="234.94" HC="1.38" NOx="4.77" PMx="0.30" fuel="5.12" electricity="0.00" noise="76.59" route="routetop" type="cfm-slow" waiting="0.00" lane="left_0" pos="11.96" speed="33.71" angle="162.94" x="-0.14" y="38.45"/>
        <vehicle id="cfm-slow_5" eclass="HBEFA3/PC_G_EU4" CO2="0.00" CO="0.00" HC="0.00" NOx="0.00" PMx="0.00" fuel="0.00" electricity="0.00" noise="73.87" route="routetop" type="cfm-slow" waiting="0.00" lane="left_0" pos="41.24" speed="33.70" angle="110.30" x="44.95" y="-2.34"/>
    </timestep>
    <timestep time="4.61">
        <vehicle id="cfm-fast_0" eclass="HBEFA3/PC_G_EU4" CO2="103024.66" CO="2294.39" HC="13.04" NOx="47.53" PMx="2.77" fuel="44.29" electricity="0.00" noise="110.16" route="routebottom" type="cfm-fast" waiting="0.00" lane="bottom_1" pos="19.57" speed="45.59" angle="59.20" x="101.33" y="10.33"/>
        <vehicle id="cfm-fast_1" eclass="HBEFA3/PC_G_EU4" CO2="0.00" CO="0.00" HC="0.00" NOx="0.00" PMx="0.00" fuel="0.00" electricity="0.00" noise="72.12" route="routebottom" type="cfm-fast" waiting="0.00" lane="bottom_0" pos="21.15" speed="30.03" angle="56.39" x="105.98" y="9.67"/>
        <vehicle id="cfm-fast_2" eclass="HBEFA3/PC_G_EU4" CO2="167620.25" CO="3779.74" HC="21.43" NOx="77.89" PMx="4.52" fuel="72.05" electricity="0.00" noise="128.60" route="routebottom" type="cfm-fast" waiting="0.00" lane="right_1" pos="7.82" speed="52.28" angle="350.37" x="127.00" y="79.57"/>
        <vehicle id="cfm-fast_3" eclass="HBEFA3/PC_G_EU4" CO2="0.00" CO="0.00" HC="0.00" NOx="0.00" PMx="0.00" fuel="0.00" electricity="0.00" noise="70.08" route="routebottom" type="cfm-fast" waiting="0.00" lane="bottom_0" pos="43.07" speed="25.63" angle="17.04" x="130.63" y="48.77"/>
        <vehicle id="cfm-fast_4" eclass="HBEFA3/PC_G_EU4" CO2="247190.18" CO="5726.18" HC="32.30" NOx="115.28" PMx="6.74" fuel="106.25" electricity="0.00" noise="144.99" route="routetop" type="cfm-fast" waiting="0.00" lane="top_1" pos="3.07" speed="62.47" angle="268.98" x="57.34" y="128.66"/>
        <vehicle id="cfm-fast_5" eclass="HBEFA3/PC_G_EU4" CO2="5778.20" CO="43.61" HC="0.34" NOx="2.12" PMx="0.10" fuel="2.48" electricity="0.00" noise="70.70" route="routebottom" type="cfm-fast" waiting="0.00" lane="right_0" pos="10.54" speed="22.57" angle="345.51" x="128.52" y="86.02"/>
        <vehicle id="cfm-slow_0" eclass="HBEFA3/PC_G_EU4" CO2="16623.16" CO="266.65" HC="1.63" NOx="7.24" PMx="0.39" fuel="7.15" electricity="0.00" noise="76.19" route="routebottom" type="cfm-slow" waiting="0.00" lane="right_0" pos="24.73" speed="22.37" angle="320.00" x="112.58" y="111.75"/>
        <vehicle id="cfm-slow_1" eclass="HBEFA3/PC_G_EU4" CO2="25032.99" CO="443.53" HC="2.64" NOx="11.16" PMx="0.61" fuel="10.76" electricity="0.00" noise="81.40" route="routebottom" type="cfm-slow" waiting="0.00" lane="right_0" pos="42.54" speed="24.38" angle="288.02" x="79.67" y="130.37"/>
        <vehicle id="cfm-slow_2" eclass="HBEFA3/PC_G_EU4" CO2="32667.92" CO="613.03" HC="3.61" NOx="14.70" PMx="0.82" fuel="14.04" electricity="0.00" noise="85.30" route="routetop" type="cfm-slow" waiting="0.00" lane="top_0" pos="12.45" speed="27.47" angle="252.02" x="37.47" y="127.07"/>
        <vehicle id="cfm-slow_3" eclass="HBEFA3/PC_G_EU4" CO2="30773.04" CO="598.49" HC="3.50" NOx="13.72" PMx="0.78" fuel="13.23" electricity="0.00" noise="83.57" route="routetop" type="cfm-slow" waiting="0.00" lane="top_0" pos="35.55" speed="31.07" angle="210.54" x="2.03" y="93.78"/>
        <vehicle id="cfm-slow_4" eclass="HBEFA3/PC_G_EU4" CO2="11633.08" CO="229.23" HC="1.34" NOx="4.64" PMx="0.30" fuel="5.00" electricity="0.00" noise="76.53" route="routetop" type="cfm-slow" waiting="0.00" lane="left_0" pos="12.30" speed="33.71" angle="162.34" x="0.13" y="37.77"/>
        <vehicle id="cfm-slow_5" eclass="HBEFA3/PC_G_EU4" CO2="0.00" CO="0.00" HC="0.00" NOx="0.00" PMx="0.00" fuel="0.00" electricity="0.00" noise="73.85" route="routetop" type="cfm-slow" waiting="0.00" lane="left_0" pos="41.57" speed="33.67" angle="109.67" x="45.65" y="-2.53"/>
    </timestep>
    <timestep time="4.62">
        <vehicle id="cfm-fast_0" eclass="HBEFA3/PC_G_EU4" CO2="103498.10" CO="2305.69" HC="13.11" NOx="47.75" PMx="2.78" fuel="44.49" electricity="0.00" noise="110.30" route="routebottom" type="cfm-fast" waiting="0.00" lane="bottom_1" pos="20.03" speed="45.66" angle="58.37" x="102.09" y="10.88"/>
        <vehicle id="cfm-fast_1" eclass="HBEFA3/PC_G_EU4" CO2="0.00" CO="0.00" HC="0.00" NOx="0.00" PMx="0.00" fuel="0.00" electricity="0.00" noise="72.10" route="routebottom" type="cfm-fast" waiting="0.00" lane="bottom_0" pos="21.45" speed="30.00" angle="55.85" x="106.49" y="10.07"/>
        <vehicle id="cfm-fast_2" eclass="HBEFA3/PC_G_EU4" CO2="168232.75" CO="3795.22" HC="21.51" NOx="78.18" PMx="4.54" fuel="72.31" electricity="0.00" noise="128.72" route="routebottom" type="cfm-fast" waiting="0.00" lane="right_1" pos="8.35" speed="52.39" angle="349.43" x="126.72" y="80.61"/>
        <vehicle id="cfm-fast_3" eclass="HBEFA3/PC_G_EU4" CO2="0.00" CO="0.00" HC="0.00" NOx="0.00" PMx="0.00" fuel="0.00" electricity="0.00" noise="70.08" route="routebottom" type="cfm-fast" waiting="0.00" lane="bottom_0" pos="43.32" speed="25.61" angle="16.57" x="130.75" y="49.31"/>
        <vehicle id="cfm-fast_4" eclass="HBEFA3/PC_G_EU4" CO2="247791.08" CO="5743.27" HC="32.39" NOx="115.56" PMx="6.75" fuel="106.51" electricity="0.00" noise="145.06" route="routetop" type="cfm-fast" waiting="0.00" lane="top_1" pos="3.70" speed="62.60" angle="267.84" x="56.06" y="128.53"/>
        <vehicle id="cfm-fast_5" eclass="HBEFA3/PC_G_EU4" CO2="5849.40" CO="45.08" HC="0.35" NOx="2.15" PMx="0.11" fuel="2.51" electricity="0.00" noise="70.73" route="routebottom" type="cfm-fast" waiting="0.00" lane="right_0" pos="10.77" speed="22.58" angle="345.08" x="128.36" y="86.48"/>
        <vehicle id="cfm-slow_0" eclass="HBEFA3/PC_G_EU4" CO2="16686.27" CO="267.98" HC="1.63" NOx="7.27" PMx="0.39" fuel="7.17" electricity="0.00" noise="76.23" route="routebottom" type="cfm-slow" waiting="0.00" lane="right_0" pos="24.95" speed="22.39" angle="319.58" x="112.24" y="112.09"/>
        <vehicle id="cfm-slow_1" eclass="HBEFA3/PC_G_EU4" CO2="25091.21" CO="444.82" HC="2.65" NOx="11.19" PMx="0.61" fuel="10.79" electricity="0.00" noise="81.43" route="routebottom" type="cfm-slow" waiting="0.00" lane="right_0" pos="42.78" speed="24.41" angle="287.57" x="79.16" y="130.49"/>
        <vehicle id="cfm-slow_2" eclass="HBEFA3/PC_G_EU4" CO2="32647.47" CO="612.81" HC="3.60" NOx="14.69" PMx="0.82" fuel="14.03" electricity="0.00" noise="85.28" route="routetop" type="cfm-slow" waiting="0.00" lane="top_0" pos="12.73" speed="27.50" angle="251.55" x="36.92" y="126.85"/>
        <vehicle id="cfm-slow_3" eclass="HBEFA3/PC_G_EU4" CO2="30591.94" CO="595.01" HC="3.48" NOx="13.64" PMx="0.78" fuel="13.15" electricity="0.00" noise="83.48" route="routetop" type="cfm-slow" waiting="0.00" lane="top_0" pos="35.86" speed="31.10" angle="210.00" x="1.73" y="93.18"/>
        <vehicle id="cfm-slow_4" eclass="HBEFA3/PC_G_EU4" CO2="11354.11" CO="223.54" HC="1.31" NOx="4.51" PMx="0.29" fuel="4.88" electricity="0.00" noise="76.46" route="routetop" type="cfm-slow" waiting="0.00" lane="left_0" pos="12.63" speed="33.72" angle="161.74" x="0.40" y="37.10"/>
        <vehicle id="cfm-slow_5" eclass="HBEFA3/PC_G_EU4" CO2="0.00" CO="0.00" HC="0.00" NOx="0.00" PMx="0.00" fuel="0.00" electricity="0.00" noise="73.84" route="routetop" type="cfm-slow" waiting="0.00" lane="left_0" pos="41.91" speed="33.65" angle="109.05" x="46.35" y="-2.71"/>
    </timestep>
    <timestep time="4.63">
        <vehicle id="cfm-fast_0" eclass="HBEFA3/PC_G_EU4" CO2="103973.56" CO="2317.05" HC="13.17" NOx="47.98" PMx="2.80" fuel="44.69" electricity="0.00" noise="110.44" route="routebottom" type="cfm-fast" waiting="0.00" lane="bottom_1" pos="20.49" speed="45.74" angle="57.58" x="102.85" y="11.42"/>
        <vehicle id="cfm-fast_1" eclass="HBEFA3/PC_G_EU4" CO2="0.00" CO="0.00" HC="0.00" NOx="0.00" PMx="0.00" fuel="0.00" electricity="0.00" noise="72.09" route="routebottom" type="cfm-fast" waiting="0.00" lane="bottom_0" pos="21.75" speed="29.97" angle="55.35" x="107.00" y="10.47"/>
        <vehicle id="cfm-fast_2" eclass="HBEFA3/PC_G_EU4" CO2="168846.16" CO="3810.75" HC="21.60" NOx="78.47" PMx="4.56" fuel="72.58" electricity="0.00" noise="128.85" route="routebottom" type="cfm-fast" waiting="0.00" lane="right_1" pos="8.87" speed="52.50" angle="348.51" x="126.45" y="81.65"/>
        <vehicle id="cfm-fast_3" eclass="HBEFA3/PC_G_EU4" CO2="0.00" CO="0.00" HC="0.00" NOx="0.00" PMx="0.00" fuel="0.00" electricity="0.00" noise="70.07" route="routebottom" type="cfm-fast" waiting="0.00" lane="bottom_0" pos="43.58" speed="25.59" angle="16.15" x="130.87" y="49.85"/>
        <vehicle id="cfm-fast_4" eclass="HBEFA3/PC_G_EU4" CO2="248392.27" CO="5760.37" HC="32.49" NOx="115.84" PMx="6.77" fuel="106.77" electricity="0.00" noise="145.12" route="routetop" type="cfm-fast" waiting="0.00" lane="top_1" pos="4.33" speed="62.74" angle="266.74" x="54.78" y="128.36"/>
        <vehicle id="cfm-fast_5" eclass="HBEFA3/PC_G_EU4" CO2="5920.80" CO="46.55" HC="0.36" NOx="2.19" PMx="0.11" fuel="2.55" electricity="0.00" noise="70.76" route="routebottom" type="cfm-fast" waiting="0.00" lane="right_0" pos="10.99" speed="22.58" angle="344.65" x="128.19" y="86.93"/>
        <vehicle id="cfm-slow_0" eclass="HBEFA3/PC_G_EU4" CO2="16749.47" CO="269.30" HC="1.64" NOx="7.30" PMx="0.39" fuel="7.20" electricity="0.00" noise="76.27" route="routebottom" type="cfm-slow" waiting="0.00" lane="right_0" pos="25.17" speed="22.41" angle="319.16" x="111.90" y="112.43"/>
        <vehicle id="cfm-slow_1" eclass="HBEFA3/PC_G_EU4" CO2="25148.90" CO="446.10" HC="2.66" NOx="11.22" PMx="0.61" fuel="10.81" electricity="0.00" noise="81.46" route="routebottom" type="cfm-slow" waiting="0.00" lane="right_0" pos="43.02" speed="24.45" angle="287.13" x="78.64" y="130.61"/>
        <vehicle id="cfm-slow_2" eclass="HBEFA3/PC_G_EU4" CO2="32625.71" CO="612.57" HC="3.60" NOx="14.67" PMx="0.82" fuel="14.02" electricity="0.00" noise="85.25" route="routetop" type="cfm-slow" waiting="0.00" lane="top_0" pos="13.00" speed="27.54" angle="251.08" x="36.38" y="126.61"/>
        <vehicle id="cfm-slow_3" eclass="HBEFA3/PC_G_EU4" CO2="30409.84" CO="591.51" HC="3.46" NOx="13.55" PMx="0.77" fuel="13.07" electricity="0.00" noise="83.38" route="routetop" type="cfm-slow" waiting="0.00" lane="top_0" pos="36.17" speed="31.13" angle="209.45" x="1.45" y="92.58"/>
        <vehicle id="cfm-slow_4" eclass="HBEFA3/PC_G_EU4" CO2="11076.26" CO="217.86" HC="1.28" NOx="4.37" PMx="0.28" fuel="4.76" electricity="0.00" noise="76.40" route="routetop" type="cfm-slow" waiting="0.00" lane="left_0" pos="12.97" speed="33.72" angle="161.18" x="0.69" y="36.43"/>
        <vehicle id="cfm-slow_5" eclass="HBEFA3/PC_G_EU4" CO2="0.00" CO="0.00" HC="0.00" NOx="0.00" PMx="0.00" fuel="0.00" electricity="0.00" noise="73.83" route="routetop" type="cfm-slow" waiting="0.00" lane="left_0" pos="42.25" speed="33.62" angle="108.44" x="47.05" y="-2.90"/>
    </timestep>
    <timestep time="4.64">
        <vehicle id="cfm-fast_0" eclass="HBEFA3/PC_G_EU4" CO2="104451.02" CO="2328.45" HC="13.23" NOx="48.20" PMx="2.81" fuel="44.90" electricity="0.00" noise="110.58" route="routebottom" type="cfm-fast" waiting="0.00" lane="bottom_1" pos="20.95" speed="45.82" angle="56.76" x="103.59" y="12.00"/>
        <vehicle id="cfm-fast_1" eclass="HBEFA3/PC_G_EU4" CO2="0.00" CO="0.00" HC="0.00" NOx="0.00" PMx="0.00" fuel="0.00" electricity="0.00" noise="72.07" route="routebottom" type="cfm-fast" waiting="0.00" lane="bottom_0" pos="22.05" speed="29.94" angle="54.79" x="107.49" y="10.89"/>
        <vehicle id="cfm-fast_2" eclass="HBEFA3/PC_G_EU4" CO2="169460.50" CO="3826.30" HC="21.69" NOx="78.76" PMx="4.58" fuel="72.84" electricity="0.00" noise="128.97" route="routebottom" type="cfm-fast" waiting="0.00" lane="right_1" pos="9.40" speed="52.62" angle="347.59" x="126.14" y="82.68"/>
        <vehicle id="cfm-fast_3" eclass="HBEFA3/PC_G_EU4" CO2="0.00" CO="0.00" HC="0.00" NOx="0.00" PMx="0.00" fuel="0.00" electricity="0.00" noise="70.06" route="routebottom" type="cfm-fast" waiting="0.00" lane="bottom_0" pos="43.83" speed="25.57" angle="15.68" x="130.97" y="50.39"/>
        <vehicle id="cfm-fast_4" eclass="HBEFA3/PC_G_EU4" CO2="248993.75" CO="5777.50" HC="32.58" NOx="116.12" PMx="6.79" fuel="107.03" electricity="0.00" noise="145.19" route="routetop" type="cfm-fast" waiting="0.00" lane="top_1" pos="4.96" speed="62.88" angle="265.59" x="53.51" y="128.18"/>
        <vehicle id="cfm-fast_5" eclass="HBEFA3/PC_G_EU4" CO2="5992.40" CO="48.03" HC="0.37" NOx="2.22" PMx="0.11" fuel="2.58" electricity="0.00" noise="70.78" route="routebottom" type="cfm-fast" waiting="0.00" lane="right_0" pos="11.22" speed="22.59" angle="344.22" x="128.03" y="87.39"/>
        <vehicle id="cfm-slow_0" eclass="HBEFA3/PC_G_EU4" CO2="16812.74" CO="270.63" HC="1.65" NOx="7.33" PMx="0.39" fuel="7.23" electricity="0.00" noise="76.31" route="routebottom" type="cfm-slow" waiting="0.00" lane="right_0" pos="25.40" speed="22.43" angle="318.75" x="111.56" y="112.77"/>
        <vehicle id="cfm-slow_1" eclass="HBEFA3/PC_G_EU4" CO2="25206.05" CO="447.37" HC="2.66" NOx="11.24" PMx="0.62" fuel="10.83" electricity="0.00" noise="81.49" route="routebottom" type="cfm-slow" waiting="0.00" lane="right_0" pos="43.27" speed="24.48" angle="286.68" x="78.13" y="130.72"/>
        <vehicle id="cfm-slow_2" eclass="HBEFA3/PC_G_EU4" CO2="32602.65" CO="612.30" HC="3.60" NOx="14.66" PMx="0.82" fuel="14.01" electricity="0.00" noise="85.23" route="routetop" type="cfm-slow" waiting="0.00" lane="top_0" pos="13.28" speed="27.58" angle="250.58" x="35.83" y="126.37"/>
        <vehicle id="cfm-slow_3" eclass="HBEFA3/PC_G_EU4" CO2="30226.73" CO="587.99" HC="3.44" NOx="13.46" PMx="0.77" fuel="12.99" electricity="0.00" noise="83.29" route="routetop" type="cfm-slow" waiting="0.00" lane="top_0" pos="36.48" speed="31.16" angle="208.86" x="1.17" y="91.96"/>
        <vehicle id="cfm-slow_4" eclass="HBEFA3/PC_G_EU4" CO2="10799.55" CO="212.21" HC="1.25" NOx="4.24" PMx="0.27" fuel="4.64" electricity="0.00" noise="76.34" route="routetop" type="cfm-slow" waiting="0.00" lane="left_0" pos="13.31" speed="33.73" angle="160.55" x="0.99" y="35.77"/>
        <vehicle id="cfm-slow_5" eclass="HBEFA3/PC_G_EU4" CO2="0.00" CO="0.00" HC="0.00" NOx="0.00" PMx="0.00" fuel="0.00" electricity="0.00" noise="73.81" route="routetop" type="cfm-slow" waiting="0.00" lane="left_0" pos="42.58" speed="33.60" angle="107.88" x="47.76" y="-3.07"/>
    </timestep>
    <timestep time="4.65">
        <vehicle id="cfm-fast_0" eclass="HBEFA3/PC_G_EU4" CO2="104930.46" CO="2339.90" HC="13.30" NOx="48.42" PMx="2.82" fuel="45.10" electricity="0.00" noise="110.72" route="routebottom" type="cfm-fast" waiting="0.00" lane="bottom_1" pos="21.40" speed="45.89" angle="55.92" x="104.34" y="12.58"/>
        <vehicle id="cfm-fast_1" eclass="HBEFA3/PC_G_EU4" CO2="0.00" CO="0.00" HC="0.00" NOx="0.00" PMx="0.00" fuel="0.00" electricity="0.00" noise="72.06" route="routebottom" type="cfm-fast" waiting="0.00" lane="bottom_0" pos="22.35" speed="29.90" angle="54.23" x="107.98" y="11.30"/>
        <vehicle id="cfm-fast_2" eclass="HBEFA3/PC_G_EU4" CO2="170075.74" CO="3841.89" HC="21.77" NOx="79.04" PMx="4.59" fuel="73.11" electricity="0.00" noise="129.10" route="routebottom" type="cfm-fast" waiting="0.00" lane="right_1" pos="9.93" speed="52.73" angle="346.63" x="125.82" y="83.72"/>
        <vehicle id="cfm-fast_3" eclass="HBEFA3/PC_G_EU4" CO2="0.00" CO="0.00" HC="0.00" NOx="0.00" PMx="0.00" fuel="0.00" electricity="0.00" noise="70.06" route="routebottom" type="cfm-fast" waiting="0.00" lane="bottom_0" pos="44.09" speed="25.55" angle="15.20" x="131.07" y="50.93"/>
        <vehicle id="cfm-fast_4" eclass="HBEFA3/PC_G_EU4" CO2="249595.52" CO="5794.66" HC="32.68" NOx="116.41" PMx="6.81" fuel="107.29" electricity="0.00" noise="145.25" route="routetop" type="cfm-fast" waiting="0.00" lane="top_1" pos="5.59" speed="63.01" angle="264.45" x="52.24" y="127.96"/>
        <vehicle id="cfm-fast_5" eclass="HBEFA3/PC_G_EU4" CO2="6064.19" CO="49.51" HC="0.37" NOx="2.25" PMx="0.11" fuel="2.61" electricity="0.00" noise="70.81" route="routebottom" type="cfm-fast" waiting="0.00" lane="right_0" pos="11.44" speed="22.59" angle="343.82" x="127.86" y="87.85"/>
        <vehicle id="cfm-slow_0" eclass="HBEFA3/PC_G_EU4" CO2="16876.07" CO="271.96" HC="1.66" NOx="7.36" PMx="0.39" fuel="7.25" electricity="0.00" noise="76.35" route="routebottom" type="cfm-slow" waiting="0.00" lane="right_0" pos="25.62" speed="22.46" angle="318.38" x="111.22" y="113.11"/>
        <vehicle id="cfm-slow_1" eclass="HBEFA3/PC_G_EU4" CO2="25262.66" CO="448.62" HC="2.67" NOx="11.27" PMx="0.62" fuel="10.86" electricity="0.00" noise="81.52" route="routebottom" type="cfm-slow" waiting="0.00" lane="right_0" pos="43.51" speed="24.51" angle="286.25" x="77.62" y="130.84"/>
        <vehicle id="cfm-slow_2" eclass="HBEFA3/PC_G_EU4" CO2="32578.28" CO="612.00" HC="3.60" NOx="14.65" PMx="0.82" fuel="14.00" electricity="0.00" noise="85.20" route="routetop" type="cfm-slow" waiting="0.00" lane="top_0" pos="13.55" speed="27.62" angle="250.07" x="35.29" y="126.12"/>
        <vehicle id="cfm-slow_3" eclass="HBEFA3/PC_G_EU4" CO2="30042.65" CO="584.44" HC="3.42" NOx="13.38" PMx="0.76" fuel="12.91" electricity="0.00" noise="83.20" route="routetop" type="cfm-slow" waiting="0.00" lane="top_0" pos="36.80" speed="31.19" angle="208.28" x="0.90" y="91.35"/>
        <vehicle id="cfm-slow_4" eclass="HBEFA3/PC_G_EU4" CO2="10524.00" CO="206.58" HC="1.21" NOx="4.11" PMx="0.27" fuel="4.52" electricity="0.00" noise="76.28" route="routetop" type="cfm-slow" waiting="0.00" lane="left_0" pos="13.64" speed="33.73" angle="159.92" x="1.28" y="35.11"/>
        <vehicle id="cfm-slow_5" eclass="HBEFA3/PC_G_EU4" CO2="0.00" CO="0.00" HC="0.00" NOx="0.00" PMx="0.00" fuel="0.00" electricity="0.00" noise="73.80" route="routetop" type="cfm-slow" waiting="0.00" lane="left_0" pos="42.92" speed="33.57" angle="107.28" x="48.46" y="-3.23"/>
    </timestep>
    <timestep time="4.66">
        <vehicle id="cfm-fast_0" eclass="HBEFA3/PC_G_EU4" CO2="105411.89" CO="2351.41" HC="13.36" NOx="48.65" PMx="2.83" fuel="45.31" electricity="0.00" noise="110.86" route="routebottom" type="cfm-fast" waiting="0.00" lane="bottom_1" pos="21.86" speed="45.97" angle="55.13" x="105.07" y="13.17"/>
        <vehicle id="cfm-fast_1" eclass="HBEFA3/PC_G_EU4" CO2="0.00" CO="0.00" HC="0.00" NOx="0.00" PMx="0.00" fuel="0.00" electricity="0.00" noise="72.04" route="routebottom" type="cfm-fast" waiting="0.00" lane="bottom_0" pos="22.65" speed="29.87" angle="53.66" x="108.47" y="11.72"/>
        <vehicle id="cfm-fast_2" eclass="HBEFA3/PC_G_EU4" CO2="170691.87" CO="3857.51" HC="21.86" NOx="79.33" PMx="4.61" fuel="73.37" electricity="0.00" noise="129.22" route="routebottom" type="cfm-fast" waiting="0.00" lane="right_1" pos="10.45" speed="52.84" angle="345.70" x="125.48" y="84.74"/>
        <vehicle id="cfm-fast_3" eclass="HBEFA3/PC_G_EU4" CO2="0.00" CO="0.00" HC="0.00" NOx="0.00" PMx="0.00" fuel="0.00" electricity="0.00" noise="70.05" route="routebottom" type="cfm-fast" waiting="0.00" lane="bottom_0" pos="44.35" speed="25.53" angle="14.72" x="131.17" y="51.47"/>
        <vehicle id="cfm-fast_4" eclass="HBEFA3/PC_G_EU4" CO2="250197.59" CO="5811.83" HC="32.77" NOx="116.69" PMx="6.82" fuel="107.55" electricity="0.00" noise="145.32" route="routetop" type="cfm-fast" waiting="0.00" lane="top_1" pos="6.22" speed="63.15" angle="263.29" x="50.96" y="127.73"/>
        <vehicle id="cfm-fast_5" eclass="HBEFA3/PC_G_EU4" CO2="6136.16" CO="51.00" HC="0.38" NOx="2.29" PMx="0.11" fuel="2.64" electricity="0.00" noise="70.84" route="routebottom" type="cfm-fast" waiting="0.00" lane="right_0" pos="11.67" speed="22.59" angle="343.43" x="127.69" y="88.30"/>
        <vehicle id="cfm-slow_0" eclass="HBEFA3/PC_G_EU4" CO2="16939.48" CO="273.29" HC="1.66" NOx="7.39" PMx="0.40" fuel="7.28" electricity="0.00" noise="76.39" route="routebottom" type="cfm-slow" waiting="0.00" lane="right_0" pos="25.85" speed="22.48" angle="317.98" x="110.86" y="113.44"/>
        <vehicle id="cfm-slow_1" eclass="HBEFA3/PC_G_EU4" CO2="25318.72" CO="449.87" HC="2.68" NOx="11.29" PMx="0.62" fuel="10.88" electricity="0.00" noise="81.54" route="routebottom" type="cfm-slow" waiting="0.00" lane="right_0" pos="43.76" speed="24.54" angle="285.83" x="77.10" y="130.94"/>
        <vehicle id="cfm-slow_2" eclass="HBEFA3/PC_G_EU4" CO2="32552.61" CO="611.68" HC="3.60" NOx="14.64" PMx="0.82" fuel="13.99" electricity="0.00" noise="85.18" route="routetop" type="cfm-slow" waiting="0.00" lane="top_0" pos="13.83" speed="27.66" angle="249.57" x="34.75" y="125.88"/>
        <vehicle id="cfm-slow_3" eclass="HBEFA3/PC_G_EU4" CO2="29857.60" CO="580.88" HC="3.39" NOx="13.29" PMx="0.76" fuel="12.83" electricity="0.00" noise="83.10" route="routetop" type="cfm-slow" waiting="0.00" lane="top_0" pos="37.11" speed="31.22" angle="207.72" x="0.62" y="90.74"/>
        <vehicle id="cfm-slow_4" eclass="HBEFA3/PC_G_EU4" CO2="10249.62" CO="200.96" HC="1.18" NOx="3.98" PMx="0.26" fuel="4.41" electricity="0.00" noise="76.22" route="routetop" type="cfm-slow" waiting="0.00" lane="left_0" pos="13.98" speed="33.73" angle="159.31" x="1.58" y="34.45"/>
        <vehicle id="cfm-slow_5" eclass="HBEFA3/PC_G_EU4" CO2="0.00" CO="0.00" HC="0.00" NOx="0.00" PMx="0.00" fuel="0.00" electricity="0.00" noise="73.78" route="routetop" type="cfm-slow" waiting="0.00" lane="left_0" pos="43.25" speed="33.55" angle="106.69" x="49.16" y="-3.39"/>
    </timestep>
    <timestep time="4.67">
        <vehicle id="cfm-fast_0" eclass="HBEFA3/PC_G_EU4" CO2="105895.27" CO="2362.96" HC="13.43" NOx="48.88" PMx="2.85" fuel="45.52" electricity="0.00" noise="111.01" route="routebottom" type="cfm-fast" waiting="0.00" lane="bottom_1" pos="22.32" speed="46.05" angle="54.30" x="105.80" y="13.78"/>
        <vehicle id="cfm-fast_1" eclass="HBEFA3/PC_G_EU4" CO2="0.00" CO="0.00" HC="0.00" NOx="0.00" PMx="0.00" fuel="0.00" electricity="0.00" noise="72.03" route="routebottom" type="cfm-fast" waiting="0.00" lane="bottom_0" pos="22.95" speed="29.84" angle="53.10" x="108.96" y="12.14"/>
        <vehicle id="cfm-fast_2" eclass="HBEFA3/PC_G_EU4" CO2="171308.89" CO="3873.17" HC="21.95" NOx="79.62" PMx="4.63" fuel="73.64" electricity="0.00" noise="129.34" route="routebottom" type="cfm-fast" waiting="0.00" lane="right_1" pos="10.98" speed="52.95" angle="344.67" x="125.10" y="85.76"/>
        <vehicle id="cfm-fast_3" eclass="HBEFA3/PC_G_EU4" CO2="0.00" CO="0.00" HC="0.00" NOx="0.00" PMx="0.00" fuel="0.00" electricity="0.00" noise="70.04" route="routebottom" type="cfm-fast" waiting="0.00" lane="bottom_0" pos="44.60" speed="25.51" angle="14.23" x="131.27" y="52.01"/>
        <vehicle id="cfm-fast_4" eclass="HBEFA3/PC_G_EU4" CO2="250799.95" CO="5829.02" HC="32.86" NOx="116.97" PMx="6.84" fuel="107.81" electricity="0.00" noise="145.39" route="routetop" type="cfm-fast" waiting="0.00" lane="top_1" pos="6.85" speed="63.28" angle="262.14" x="49.69" y="127.45"/>
        <vehicle id="cfm-fast_5" eclass="HBEFA3/PC_G_EU4" CO2="6208.33" CO="52.49" HC="0.39" NOx="2.32" PMx="0.12" fuel="2.67" electricity="0.00" noise="70.87" route="routebottom" type="cfm-fast" waiting="0.00" lane="right_0" pos="11.90" speed="22.60" angle="343.02" x="127.51" y="88.75"/>
        <vehicle id="cfm-slow_0" eclass="HBEFA3/PC_G_EU4" CO2="17002.93" CO="274.62" HC="1.67" NOx="7.42" PMx="0.40" fuel="7.31" electricity="0.00" noise="76.43" route="routebottom" type="cfm-slow" waiting="0.00" lane="right_0" pos="26.07" speed="22.50" angle="317.57" x="110.51" y="113.77"/>
        <vehicle id="cfm-slow_1" eclass="HBEFA3/PC_G_EU4" CO2="25374.22" CO="451.11" HC="2.68" NOx="11.32" PMx="0.62" fuel="10.91" electricity="0.00" noise="81.57" route="routebottom" type="cfm-slow" waiting="0.00" lane="right_0" pos="44.00" speed="24.58" angle="285.36" x="76.58" y="131.04"/>
        <vehicle id="cfm-slow_2" eclass="HBEFA3/PC_G_EU4" CO2="32525.63" CO="611.33" HC="3.60" NOx="14.62" PMx="0.82" fuel="13.98" electricity="0.00" noise="85.15" route="routetop" type="cfm-slow" waiting="0.00" lane="top_0" pos="14.11" speed="27.70" angle="249.12" x="34.20" y="125.64"/>
        <vehicle id="cfm-slow_3" eclass="HBEFA3/PC_G_EU4" CO2="29671.61" CO="577.29" HC="3.37" NOx="13.20" PMx="0.76" fuel="12.75" electricity="0.00" noise="83.01" route="routetop" type="cfm-slow" waiting="0.00" lane="top_0" pos="37.42" speed="31.25" angle="207.19" x="0.36" y="90.12"/>
        <vehicle id="cfm-slow_4" eclass="HBEFA3/PC_G_EU4" CO2="9976.43" CO="195.37" HC="1.15" NOx="3.85" PMx="0.25" fuel="4.29" electricity="0.00" noise="76.16" route="routetop" type="cfm-slow" waiting="0.00" lane="left_0" pos="14.32" speed="33.74" angle="158.73" x="1.90" y="33.79"/>
        <vehicle id="cfm-slow_5" eclass="HBEFA3/PC_G_EU4" CO2="0.00" CO="0.00" HC="0.00" NOx="0.00" PMx="0.00" fuel="0.00" electricity="0.00" noise="73.77" route="routetop" type="cfm-slow" waiting="0.00" lane="left_0" pos="43.59" speed="33.52" angle="106.14" x="49.87" y="-3.55"/>
    </timestep>
    <timestep time="4.68">
        <vehicle id="cfm-fast_0" eclass="HBEFA3/PC_G_EU4" CO2="106380.61" CO="2374.57" HC="13.49" NOx="49.10" PMx="2.86" fuel="45.73" electricity="0.00" noise="111.15" route="routebottom" type="cfm-fast" waiting="0.00" lane="bottom_1" pos="22.79" speed="46.13" angle="53.46" x="106.52" y="14.39"/>
        <vehicle id="cfm-fast_1" eclass="HBEFA3/PC_G_EU4" CO2="0.00" CO="0.00" HC="0.00" NOx="0.00" PMx="0.00" fuel="0.00" electricity="0.00" noise="72.01" route="routebottom" type="cfm-fast" waiting="0.00" lane="bottom_0" pos="23.25" speed="29.81" angle="52.62" x="109.44" y="12.56"/>
        <vehicle id="cfm-fast_2" eclass="HBEFA3/PC_G_EU4" CO2="171926.79" CO="3888.85" HC="22.03" NOx="79.91" PMx="4.65" fuel="73.90" electricity="0.00" noise="129.46" route="routebottom" type="cfm-fast" waiting="0.00" lane="right_1" pos="11.51" speed="53.06" angle="343.70" x="124.73" y="86.79"/>
        <vehicle id="cfm-fast_3" eclass="HBEFA3/PC_G_EU4" CO2="0.00" CO="0.00" HC="0.00" NOx="0.00" PMx="0.00" fuel="0.00" electricity="0.00" noise="70.04" route="routebottom" type="cfm-fast" waiting="0.00" lane="bottom_0" pos="44.86" speed="25.49" angle="13.80" x="131.37" y="52.55"/>
        <vehicle id="cfm-fast_4" eclass="HBEFA3/PC_G_EU4" CO2="251402.60" CO="5846.24" HC="32.96" NOx="117.25" PMx="6.86" fuel="108.07" electricity="0.00" noise="145.45" route="routetop" type="cfm-fast" waiting="0.00" lane="top_1" pos="7.49" speed="63.42" angle="260.92" x="48.43" y="127.16"/>
        <vehicle id="cfm-fast_5" eclass="HBEFA3/PC_G_EU4" CO2="6280.67" CO="53.98" HC="0.40" NOx="2.35" PMx="0.12" fuel="2.70" electricity="0.00" noise="70.90" route="routebottom" type="cfm-fast" waiting="0.00" lane="right_0" pos="12.12" speed="22.60" angle="342.61" x="127.32" y="89.20"/>
        <vehicle id="cfm-slow_0" eclass="HBEFA3/PC_G_EU4" CO2="17066.44" CO="275.95" HC="1.68" NOx="7.45" PMx="0.40" fuel="7.34" electricity="0.00" noise="76.47" route="routebottom" type="cfm-slow" waiting="0.00" lane="right_0" pos="26.30" speed="22.52" angle="317.16" x="110.15" y="114.10"/>
        <vehicle id="cfm-slow_1" eclass="HBEFA3/PC_G_EU4" CO2="25429.15" CO="452.34" HC="2.69" NOx="11.34" PMx="0.62" fuel="10.93" electricity="0.00" noise="81.60" route="routebottom" type="cfm-slow" waiting="0.00" lane="right_0" pos="44.25" speed="24.61" angle="284.89" x="76.06" y="131.13"/>
        <vehicle id="cfm-slow_2" eclass="HBEFA3/PC_G_EU4" CO2="32497.35" CO="610.96" HC="3.59" NOx="14.61" PMx="0.81" fuel="13.97" electricity="0.00" noise="85.12" route="routetop" type="cfm-slow" waiting="0.00" lane="top_0" pos="14.38" speed="27.73" angle="248.59" x="33.67" y="125.37"/>
        <vehicle id="cfm-slow_3" eclass="HBEFA3/PC_G_EU4" CO2="29484.69" CO="573.68" HC="3.35" NOx="13.11" PMx="0.75" fuel="12.67" electricity="0.00" noise="82.92" route="routetop" type="cfm-slow" waiting="0.00" lane="top_0" pos="37.73" speed="31.28" angle="206.62" x="0.11" y="89.49"/>
        <vehicle id="cfm-slow_4" eclass="HBEFA3/PC_G_EU4" CO2="9704.44" CO="189.80" HC="1.12" NOx="3.73" PMx="0.25" fuel="4.17" electricity="0.00" noise="76.10" route="routetop" type="cfm-slow" waiting="0.00" lane="left_0" pos="14.66" speed="33.74" angle="158.09" x="2.22" y="33.14"/>
        <vehicle id="cfm-slow_5" eclass="HBEFA3/PC_G_EU4" CO2="0.00" CO="0.00" HC="0.00" NOx="0.00" PMx="0.00" fuel="0.00" electricity="0.00" noise="73.76" route="routetop" type="cfm-slow" waiting="0.00" lane="left_0" pos="43.92" speed="33.50" angle="105.53" x="50.57" y="-3.69"/>
    </timestep>
    <timestep time="4.69">
        <vehicle id="cfm-fast_0" eclass="HBEFA3/PC_G_EU4" CO2="106867.88" CO="2386.22" HC="13.56" NOx="49.33" PMx="2.88" fuel="45.94" electricity="0.00" noise="111.29" route="routebottom" type="cfm-fast" waiting="0.00" lane="bottom_1" pos="23.25" speed="46.20" angle="52.69" x="107.23" y="15.01"/>
        <vehicle id="cfm-fast_1" eclass="HBEFA3/PC_G_EU4" CO2="0.00" CO="0.00" HC="0.00" NOx="0.00" PMx="0.00" fuel="0.00" electricity="0.00" noise="72.00" route="routebottom" type="cfm-fast" waiting="0.00" lane="bottom_0" pos="23.55" speed="29.78" angle="52.08" x="109.91" y="13.00"/>
        <vehicle id="cfm-fast_2" eclass="HBEFA3/PC_G_EU4" CO2="172545.56" CO="3904.57" HC="22.12" NOx="80.20" PMx="4.66" fuel="74.17" electricity="0.00" noise="129.59" route="routebottom" type="cfm-fast" waiting="0.00" lane="right_1" pos="12.05" speed="53.17" angle="342.77" x="124.33" y="87.80"/>
        <vehicle id="cfm-fast_3" eclass="HBEFA3/PC_G_EU4" CO2="0.00" CO="0.00" HC="0.00" NOx="0.00" PMx="0.00" fuel="0.00" electricity="0.00" noise="70.03" route="routebottom" type="cfm-fast" waiting="0.00" lane="bottom_0" pos="45.11" speed="25.47" angle="13.36" x="131.45" y="53.09"/>
        <vehicle id="cfm-fast_4" eclass="HBEFA3/PC_G_EU4" CO2="252005.54" CO="5863.48" HC="33.05" NOx="117.53" PMx="6.88" fuel="108.32" electricity="0.00" noise="145.52" route="routetop" type="cfm-fast" waiting="0.00" lane="top_1" pos="8.12" speed="63.56" angle="259.83" x="47.16" y="126.84"/>
        <vehicle id="cfm-fast_5" eclass="HBEFA3/PC_G_EU4" CO2="6353.19" CO="55.48" HC="0.41" NOx="2.39" PMx="0.12" fuel="2.73" electricity="0.00" noise="70.92" route="routebottom" type="cfm-fast" waiting="0.00" lane="right_0" pos="12.35" speed="22.61" angle="342.19" x="127.14" y="89.65"/>
        <vehicle id="cfm-slow_0" eclass="HBEFA3/PC_G_EU4" CO2="17130.00" CO="277.29" HC="1.69" NOx="7.48" PMx="0.40" fuel="7.36" electricity="0.00" noise="76.51" route="routebottom" type="cfm-slow" waiting="0.00" lane="right_0" pos="26.52" speed="22.55" angle="316.75" x="109.80" y="114.43"/>
        <vehicle id="cfm-slow_1" eclass="HBEFA3/PC_G_EU4" CO2="25483.51" CO="453.55" HC="2.70" NOx="11.37" PMx="0.62" fuel="10.95" electricity="0.00" noise="81.63" route="routebottom" type="cfm-slow" waiting="0.00" lane="right_0" pos="44.50" speed="24.64" angle="284.42" x="75.54" y="131.23"/>
        <vehicle id="cfm-slow_2" eclass="HBEFA3/PC_G_EU4" CO2="32467.77" CO="610.56" HC="3.59" NOx="14.60" PMx="0.81" fuel="13.96" electricity="0.00" noise="85.09" route="routetop" type="cfm-slow" waiting="0.00" lane="top_0" pos="14.66" speed="27.77" angle="248.06" x="33.14" y="125.10"/>
        <vehicle id="cfm-slow_3" eclass="HBEFA3/PC_G_EU4" CO2="29296.86" CO="570.05" HC="3.33" NOx="13.02" PMx="0.75" fuel="12.59" electricity="0.00" noise="82.82" route="routetop" type="cfm-slow" waiting="0.00" lane="top_0" pos="38.05" speed="31.31" angle="206.04" x="-0.14" y="88.87"/>
        <vehicle id="cfm-slow_4" eclass="HBEFA3/PC_G_EU4" CO2="9433.67" CO="184.26" HC="1.08" NOx="3.60" PMx="0.24" fuel="4.06" electricity="0.00" noise="76.04" route="routetop" type="cfm-slow" waiting="0.00" lane="left_0" pos="14.99" speed="33.74" angle="157.46" x="2.55" y="32.49"/>
        <vehicle id="cfm-slow_5" eclass="HBEFA3/PC_G_EU4" CO2="0.00" CO="0.00" HC="0.00" NOx="0.00" PMx="0.00" fuel="0.00" electricity="0.00" noise="73.74" route="routetop" type="cfm-slow" waiting="0.00" lane="left_0" pos="44.26" speed="33.47" angle="104.91" x="51.28" y="-3.82"/>
    </timestep>
    <timestep time="4.70">
        <vehicle id="cfm-fast_0" eclass="HBEFA3/PC_G_EU4" CO2="107357.07" CO="2397.93" HC="13.62" NOx="49.56" PMx="2.89" fuel="46.15" electricity="0.00" noise="111.43" route="routebottom" type="cfm-fast" waiting="0.00" lane="bottom_1" pos="23.71" speed="46.28" angle="51.86" x="107.93" y="15.65"/>
        <vehicle id="cfm-fast_1" eclass="HBEFA3/PC_G_EU4" CO2="0.00" CO="0.00" HC="0.00" NOx="0.00" PMx="0.00" fuel="0.00" electricity="0.00" noise="71.98" route="routebottom" type="cfm-fast" waiting="0.00" lane="bottom_0" pos="23.84" speed="29.74" angle="51.55" x="110.38" y="13.43"/>
        <vehicle id="cfm-fast_2" eclass="HBEFA3/PC_G_EU4" CO2="173165.18" CO="3920.32" HC="22.21" NOx="80.49" PMx="4.68" fuel="74.43" electricity="0.00" noise="129.71" route="routebottom" type="cfm-fast" waiting="0.00" lane="right_1" pos="12.58" speed="53.28" angle="341.84" x="123.93" y="88.81"/>
        <vehicle id="cfm-fast_3" eclass="HBEFA3/PC_G_EU4" CO2="0.00" CO="0.00" HC="0.00" NOx="0.00" PMx="0.00" fuel="0.00" electricity="0.00" noise="70.02" route="routebottom" type="cfm-fast" waiting="0.00" lane="bottom_0" pos="45.36" speed="25.45" angle="12.90" x="131.53" y="53.63"/>
        <vehicle id="cfm-fast_4" eclass="HBEFA3/PC_G_EU4" CO2="252608.77" CO="5880.74" HC="33.14" NOx="117.82" PMx="6.89" fuel="108.58" electricity="0.00" noise="145.58" route="routetop" type="cfm-fast" waiting="0.00" lane="top_1" pos="8.76" speed="63.69" angle="258.70" x="45.90" y="126.51"/>
        <vehicle id="cfm-fast_5" eclass="HBEFA3/PC_G_EU4" CO2="6425.88" CO="56.99" HC="0.42" NOx="2.42" PMx="0.12" fuel="2.76" electricity="0.00" noise="70.95" route="routebottom" type="cfm-fast" waiting="0.00" lane="right_0" pos="12.57" speed="22.61" angle="341.78" x="126.96" y="90.11"/>
        <vehicle id="cfm-slow_0" eclass="HBEFA3/PC_G_EU4" CO2="17193.59" CO="278.62" HC="1.69" NOx="7.51" PMx="0.40" fuel="7.39" electricity="0.00" noise="76.55" route="routebottom" type="cfm-slow" waiting="0.00" lane="right_0" pos="26.75" speed="22.57" angle="316.34" x="109.44" y="114.76"/>
        <vehicle id="cfm-slow_1" eclass="HBEFA3/PC_G_EU4" CO2="25537.29" CO="454.76" HC="2.71" NOx="11.39" PMx="0.62" fuel="10.98" electricity="0.00" noise="81.65" route="routebottom" type="cfm-slow" waiting="0.00" lane="right_0" pos="44.74" speed="24.68" angle="283.95" x="75.01" y="131.32"/>
        <vehicle id="cfm-slow_2" eclass="HBEFA3/PC_G_EU4" CO2="32436.88" CO="610.13" HC="3.59" NOx="14.58" PMx="0.81" fuel="13.94" electricity="0.00" noise="85.07" route="routetop" type="cfm-slow" waiting="0.00" lane="top_0" pos="14.94" speed="27.81" angle="247.53" x="32.60" y="124.83"/>
        <vehicle id="cfm-slow_3" eclass="HBEFA3/PC_G_EU4" CO2="29108.14" CO="566.41" HC="3.31" NOx="12.93" PMx="0.74" fuel="12.51" electricity="0.00" noise="82.73" route="routetop" type="cfm-slow" waiting="0.00" lane="top_0" pos="38.36" speed="31.33" angle="205.47" x="-0.39" y="88.24"/>
        <vehicle id="cfm-slow_4" eclass="HBEFA3/PC_G_EU4" CO2="9164.14" CO="178.73" HC="1.05" NOx="3.47" PMx="0.23" fuel="3.94" electricity="0.00" noise="75.99" route="routetop" type="cfm-slow" waiting="0.00" lane="left_0" pos="15.33" speed="33.75" angle="156.88" x="2.87" y="31.85"/>
        <vehicle id="cfm-slow_5" eclass="HBEFA3/PC_G_EU4" CO2="0.00" CO="0.00" HC="0.00" NOx="0.00" PMx="0.00" fuel="0.00" electricity="0.00" noise="73.73" route="routetop" type="cfm-slow" waiting="0.00" lane="left_0" pos="44.59" speed="33.44" angle="104.29" x="51.99" y="-3.95"/>
    </timestep>
    <timestep time="4.71">
        <vehicle id="cfm-fast_0" eclass="HBEFA3/PC_G_EU4" CO2="107848.18" CO="2409.68" HC="13.69" NOx="49.79" PMx="2.90" fuel="46.36" electricity="0.00" noise="111.57" route="routebottom" type="cfm-fast" waiting="0.00" lane="bottom_1" pos="24.17" speed="46.36" angle="51.02" x="108.63" y="16.30"/>
        <vehicle id="cfm-fast_1" eclass="HBEFA3/PC_G_EU4" CO2="0.00" CO="0.00" HC="0.00" NOx="0.00" PMx="0.00" fuel="0.00" electricity="0.00" noise="71.97" route="routebottom" type="cfm-fast" waiting="0.00" lane="bottom_0" pos="24.14" speed="29.71" angle="51.01" x="110.85" y="13.87"/>
        <vehicle id="cfm-fast_2" eclass="HBEFA3/PC_G_EU4" CO2="173785.65" CO="3936.11" HC="22.30" NOx="80.78" PMx="4.70" fuel="74.70" electricity="0.00" noise="129.83" route="routebottom" type="cfm-fast" waiting="0.00" lane="right_1" pos="13.11" speed="53.39" angle="340.91" x="123.50" y="89.82"/>
        <vehicle id="cfm-fast_3" eclass="HBEFA3/PC_G_EU4" CO2="0.00" CO="0.00" HC="0.00" NOx="0.00" PMx="0.00" fuel="0.00" electricity="0.00" noise="70.02" route="routebottom" type="cfm-fast" waiting="0.00" lane="bottom_0" pos="45.62" speed="25.44" angle="12.44" x="131.61" y="54.18"/>
        <vehicle id="cfm-fast_4" eclass="HBEFA3/PC_G_EU4" CO2="253212.30" CO="5898.02" HC="33.24" NOx="118.10" PMx="6.91" fuel="108.84" electricity="0.00" noise="145.65" route="routetop" type="cfm-fast" waiting="0.00" lane="top_1" pos="9.40" speed="63.83" angle="257.59" x="44.64" y="126.14"/>
        <vehicle id="cfm-fast_5" eclass="HBEFA3/PC_G_EU4" CO2="6498.75" CO="58.49" HC="0.43" NOx="2.46" PMx="0.12" fuel="2.79" electricity="0.00" noise="70.98" route="routebottom" type="cfm-fast" waiting="0.00" lane="right_0" pos="12.80" speed="22.62" angle="341.43" x="126.78" y="90.56"/>
        <vehicle id="cfm-slow_0" eclass="HBEFA3/PC_G_EU4" CO2="17257.21" CO="279.96" HC="1.70" NOx="7.53" PMx="0.40" fuel="7.42" electricity="0.00" noise="76.59" route="routebottom" type="cfm-slow" waiting="0.00" lane="right_0" pos="26.97" speed="22.59" angle="315.99" x="109.08" y="115.09"/>
        <vehicle id="cfm-slow_1" eclass="HBEFA3/PC_G_EU4" CO2="25590.48" CO="455.95" HC="2.71" NOx="11.42" PMx="0.63" fuel="11.00" electricity="0.00" noise="81.68" route="routebottom" type="cfm-slow" waiting="0.00" lane="right_0" pos="44.99" speed="24.71" angle="283.57" x="74.49" y="131.41"/>
        <vehicle id="cfm-slow_2" eclass="HBEFA3/PC_G_EU4" CO2="32404.68" CO="609.68" HC="3.58" NOx="14.56" PMx="0.81" fuel="13.93" electricity="0.00" noise="85.04" route="routetop" type="cfm-slow" waiting="0.00" lane="top_0" pos="15.22" speed="27.85" angle="247.00" x="32.07" y="124.56"/>
        <vehicle id="cfm-slow_3" eclass="HBEFA3/PC_G_EU4" CO2="28918.54" CO="562.74" HC="3.29" NOx="12.84" PMx="0.74" fuel="12.43" electricity="0.00" noise="82.64" route="routetop" type="cfm-slow" waiting="0.00" lane="top_0" pos="38.67" speed="31.36" angle="204.94" x="-0.63" y="87.61"/>
        <vehicle id="cfm-slow_4" eclass="HBEFA3/PC_G_EU4" CO2="8895.85" CO="173.23" HC="1.02" NOx="3.34" PMx="0.23" fuel="3.82" electricity="0.00" noise="75.93" route="routetop" type="cfm-slow" waiting="0.00" lane="left_0" pos="15.67" speed="33.75" angle="156.27" x="3.22" y="31.21"/>
        <vehicle id="cfm-slow_5" eclass="HBEFA3/PC_G_EU4" CO2="0.00" CO="0.00" HC="0.00" NOx="0.00" PMx="0.00" fuel="0.00" electricity="0.00" noise="73.72" route="routetop" type="cfm-slow" waiting="0.00" lane="left_0" pos="44.93" speed="33.42" angle="103.75" x="52.70" y="-4.08"/>
    </timestep>
    <timestep time="4.72">
        <vehicle id="cfm-fast_0" eclass="HBEFA3/PC_G_EU4" CO2="108341.18" CO="2421.48" HC="13.76" NOx="50.02" PMx="2.92" fuel="46.57" electricity="0.00" noise="111.71" route="routebottom" type="cfm-fast" waiting="0.00" lane="bottom_1" pos="24.64" speed="46.44" angle="50.21" x="109.31" y="16.96"/>
        <vehicle id="cfm-fast_1" eclass="HBEFA3/PC_G_EU4" CO2="0.00" CO="0.00" HC="0.00" NOx="0.00" PMx="0.00" fuel="0.00" electricity="0.00" noise="71.95" route="routebottom" type="cfm-fast" waiting="0.00" lane="bottom_0" pos="24.44" speed="29.68" angle="50.53" x="111.31" y="14.30"/>
        <vehicle id="cfm-fast_2" eclass="HBEFA3/PC_G_EU4" CO2="174406.95" CO="3951.92" HC="22.39" NOx="81.07" PMx="4.72" fuel="74.97" electricity="0.00" noise="129.95" route="routebottom" type="cfm-fast" waiting="0.00" lane="right_1" pos="13.65" speed="53.51" angle="339.91" x="123.05" y="90.82"/>
        <vehicle id="cfm-fast_3" eclass="HBEFA3/PC_G_EU4" CO2="0.00" CO="0.00" HC="0.00" NOx="0.00" PMx="0.00" fuel="0.00" electricity="0.00" noise="70.01" route="routebottom" type="cfm-fast" waiting="0.00" lane="bottom_0" pos="45.87" speed="25.42" angle="11.98" x="131.68" y="54.72"/>
        <vehicle id="cfm-fast_4" eclass="HBEFA3/PC_G_EU4" CO2="253816.12" CO="5915.32" HC="33.33" NOx="118.38" PMx="6.93" fuel="109.10" electricity="0.00" noise="145.71" route="routetop" type="cfm-fast" waiting="0.00" lane="top_1" pos="10.04" speed="63.97" angle="256.42" x="43.39" y="125.75"/>
        <vehicle id="cfm-fast_5" eclass="HBEFA3/PC_G_EU4" CO2="6571.77" CO="60.00" HC="0.43" NOx="2.49" PMx="0.12" fuel="2.82" electricity="0.00" noise="71.01" route="routebottom" type="cfm-fast" waiting="0.00" lane="right_0" pos="13.03" speed="22.62" angle="341.02" x="126.58" y="91.00"/>
        <vehicle id="cfm-slow_0" eclass="HBEFA3/PC_G_EU4" CO2="17320.87" CO="281.30" HC="1.71" NOx="7.56" PMx="0.41" fuel="7.45" electricity="0.00" noise="76.63" route="routebottom" type="cfm-slow" waiting="0.00" lane="right_0" pos="27.20" speed="22.62" angle="315.56" x="108.71" y="115.40"/>
        <vehicle id="cfm-slow_1" eclass="HBEFA3/PC_G_EU4" CO2="25643.07" CO="457.13" HC="2.72" NOx="11.44" PMx="0.63" fuel="11.02" electricity="0.00" noise="81.71" route="routebottom" type="cfm-slow" waiting="0.00" lane="right_0" pos="45.24" speed="24.74" angle="283.12" x="73.96" y="131.49"/>
        <vehicle id="cfm-slow_2" eclass="HBEFA3/PC_G_EU4" CO2="32371.19" CO="609.20" HC="3.58" NOx="14.55" PMx="0.81" fuel="13.91" electricity="0.00" noise="85.01" route="routetop" type="cfm-slow" waiting="0.00" lane="top_0" pos="15.50" speed="27.88" angle="246.56" x="31.54" y="124.28"/>
        <vehicle id="cfm-slow_3" eclass="HBEFA3/PC_G_EU4" CO2="28728.09" CO="559.05" HC="3.27" NOx="12.75" PMx="0.73" fuel="12.35" electricity="0.00" noise="82.54" route="routetop" type="cfm-slow" waiting="0.00" lane="top_0" pos="38.99" speed="31.39" angle="204.36" x="-0.85" y="86.98"/>
        <vehicle id="cfm-slow_4" eclass="HBEFA3/PC_G_EU4" CO2="8628.82" CO="167.75" HC="0.99" NOx="3.22" PMx="0.22" fuel="3.71" electricity="0.00" noise="75.88" route="routetop" type="cfm-slow" waiting="0.00" lane="left_0" pos="16.01" speed="33.75" angle="155.65" x="3.57" y="30.57"/>
        <vehicle id="cfm-slow_5" eclass="HBEFA3/PC_G_EU4" CO2="0.00" CO="0.00" HC="0.00" NOx="0.00" PMx="0.00" fuel="0.00" electricity="0.00" noise="73.70" route="routetop" type="cfm-slow" waiting="0.00" lane="left_0" pos="45.26" speed="33.39" angle="103.13" x="53.41" y="-4.17"/>
    </timestep>
    <timestep time="4.73">
        <vehicle id="cfm-fast_0" eclass="HBEFA3/PC_G_EU4" CO2="108836.07" CO="2433.33" HC="13.82" NOx="50.26" PMx="2.93" fuel="46.78" electricity="0.00" noise="111.86" route="routebottom" type="cfm-fast" waiting="0.00" lane="bottom_1" pos="25.10" speed="46.52" angle="49.33" x="109.98" y="17.64"/>
        <vehicle id="cfm-fast_1" eclass="HBEFA3/PC_G_EU4" CO2="0.00" CO="0.00" HC="0.00" NOx="0.00" PMx="0.00" fuel="0.00" electricity="0.00" noise="71.94" route="routebottom" type="cfm-fast" waiting="0.00" lane="bottom_0" pos="24.73" speed="29.65" angle="49.98" x="111.76" y="14.75"/>
        <vehicle id="cfm-fast_2" eclass="HBEFA3/PC_G_EU4" CO2="175029.09" CO="3967.77" HC="22.47" NOx="81.37" PMx="4.73" fuel="75.24" electricity="0.00" noise="130.07" route="routebottom" type="cfm-fast" waiting="0.00" lane="right_1" pos="14.18" speed="53.62" angle="338.96" x="122.59" y="91.82"/>
        <vehicle id="cfm-fast_3" eclass="HBEFA3/PC_G_EU4" CO2="0.00" CO="0.00" HC="0.00" NOx="0.00" PMx="0.00" fuel="0.00" electricity="0.00" noise="70.01" route="routebottom" type="cfm-fast" waiting="0.00" lane="bottom_0" pos="46.13" speed="25.40" angle="11.55" x="131.76" y="55.26"/>
        <vehicle id="cfm-fast_4" eclass="HBEFA3/PC_G_EU4" CO2="254420.23" CO="5932.65" HC="33.43" NOx="118.67" PMx="6.95" fuel="109.36" electricity="0.00" noise="145.78" route="routetop" type="cfm-fast" waiting="0.00" lane="top_1" pos="10.68" speed="64.10" angle="255.26" x="42.15" y="125.32"/>
        <vehicle id="cfm-fast_5" eclass="HBEFA3/PC_G_EU4" CO2="6644.96" CO="61.51" HC="0.44" NOx="2.53" PMx="0.13" fuel="2.86" electricity="0.00" noise="71.04" route="routebottom" type="cfm-fast" waiting="0.00" lane="right_0" pos="13.25" speed="22.63" angle="340.61" x="126.39" y="91.45"/>
        <vehicle id="cfm-slow_0" eclass="HBEFA3/PC_G_EU4" CO2="17384.54" CO="282.64" HC="1.72" NOx="7.59" PMx="0.41" fuel="7.47" electricity="0.00" noise="76.67" route="routebottom" type="cfm-slow" waiting="0.00" lane="right_0" pos="27.43" speed="22.64" angle="315.14" x="108.34" y="115.72"/>
        <vehicle id="cfm-slow_1" eclass="HBEFA3/PC_G_EU4" CO2="25695.06" CO="458.30" HC="2.73" NOx="11.47" PMx="0.63" fuel="11.05" electricity="0.00" noise="81.73" route="routebottom" type="cfm-slow" waiting="0.00" lane="right_0" pos="45.49" speed="24.78" angle="282.68" x="73.44" y="131.56"/>
        <vehicle id="cfm-slow_2" eclass="HBEFA3/PC_G_EU4" CO2="32336.39" CO="608.69" HC="3.58" NOx="14.53" PMx="0.81" fuel="13.90" electricity="0.00" noise="84.98" route="routetop" type="cfm-slow" waiting="0.00" lane="top_0" pos="15.78" speed="27.92" angle="246.05" x="31.01" y="123.99"/>
        <vehicle id="cfm-slow_3" eclass="HBEFA3/PC_G_EU4" CO2="28536.79" CO="555.35" HC="3.25" NOx="12.66" PMx="0.73" fuel="12.27" electricity="0.00" noise="82.45" route="routetop" type="cfm-slow" waiting="0.00" lane="top_0" pos="39.30" speed="31.42" angle="203.78" x="-1.08" y="86.34"/>
        <vehicle id="cfm-slow_4" eclass="HBEFA3/PC_G_EU4" CO2="8363.06" CO="162.29" HC="0.96" NOx="3.09" PMx="0.21" fuel="3.59" electricity="0.00" noise="75.83" route="routetop" type="cfm-slow" waiting="0.00" lane="left_0" pos="16.34" speed="33.75" angle="155.03" x="3.92" y="29.94"/>
        <vehicle id="cfm-slow_5" eclass="HBEFA3/PC_G_EU4" CO2="0.00" CO="0.00" HC="0.00" NOx="0.00" PMx="0.00" fuel="0.00" electricity="0.00" noise="73.69" route="routetop" type="cfm-slow" waiting="0.00" lane="left_0" pos="45.59" speed="33.36" angle="102.51" x="54.12" y="-4.27"/>
    </timestep>
    <timestep time="4.74">
        <vehicle id="cfm-fast_0" eclass="HBEFA3/PC_G_EU4" CO2="109332.83" CO="2445.23" HC="13.89" NOx="50.49" PMx="2.94" fuel="47.00" electricity="0.00" noise="112.00" route="routebottom" type="cfm-fast" waiting="0.00" lane="bottom_1" pos="25.57" speed="46.59" angle="48.48" x="110.66" y="18.32"/>
        <vehicle id="cfm-fast_1" eclass="HBEFA3/PC_G_EU4" CO2="0.00" CO="0.00" HC="0.00" NOx="0.00" PMx="0.00" fuel="0.00" electricity="0.00" noise="71.92" route="routebottom" type="cfm-fast" waiting="0.00" lane="bottom_0" pos="25.03" speed="29.62" angle="49.43" x="112.21" y="15.20"/>
        <vehicle id="cfm-fast_2" eclass="HBEFA3/PC_G_EU4" CO2="175652.04" CO="3983.65" HC="22.56" NOx="81.66" PMx="4.75" fuel="75.50" electricity="0.00" noise="130.20" route="routebottom" type="cfm-fast" waiting="0.00" lane="right_1" pos="14.72" speed="53.73" angle="337.95" x="122.10" y="92.81"/>
        <vehicle id="cfm-fast_3" eclass="HBEFA3/PC_G_EU4" CO2="0.00" CO="0.00" HC="0.00" NOx="0.00" PMx="0.00" fuel="0.00" electricity="0.00" noise="70.00" route="routebottom" type="cfm-fast" waiting="0.00" lane="bottom_0" pos="46.38" speed="25.38" angle="11.11" x="131.82" y="55.80"/>
        <vehicle id="cfm-fast_4" eclass="HBEFA3/PC_G_EU4" CO2="255024.63" CO="5949.99" HC="33.52" NOx="118.95" PMx="6.97" fuel="109.62" electricity="0.00" noise="145.85" route="routetop" type="cfm-fast" waiting="0.00" lane="top_1" pos="11.32" speed="64.24" angle="254.01" x="40.91" y="124.87"/>
        <vehicle id="cfm-fast_5" eclass="HBEFA3/PC_G_EU4" CO2="6718.30" CO="63.03" HC="0.45" NOx="2.56" PMx="0.13" fuel="2.89" electricity="0.00" noise="71.07" route="routebottom" type="cfm-fast" waiting="0.00" lane="right_0" pos="13.48" speed="22.63" angle="340.20" x="126.19" y="91.89"/>
        <vehicle id="cfm-slow_0" eclass="HBEFA3/PC_G_EU4" CO2="17448.22" CO="283.98" HC="1.72" NOx="7.62" PMx="0.41" fuel="7.50" electricity="0.00" noise="76.71" route="routebottom" type="cfm-slow" waiting="0.00" lane="right_0" pos="27.65" speed="22.66" angle="314.71" x="107.97" y="116.03"/>
        <vehicle id="cfm-slow_1" eclass="HBEFA3/PC_G_EU4" CO2="25746.44" CO="459.46" HC="2.73" NOx="11.49" PMx="0.63" fuel="11.07" electricity="0.00" noise="81.76" route="routebottom" type="cfm-slow" waiting="0.00" lane="right_0" pos="45.73" speed="24.81" angle="282.23" x="72.91" y="131.64"/>
        <vehicle id="cfm-slow_2" eclass="HBEFA3/PC_G_EU4" CO2="32300.29" CO="608.16" HC="3.58" NOx="14.51" PMx="0.81" fuel="13.88" electricity="0.00" noise="84.95" route="routetop" type="cfm-slow" waiting="0.00" lane="top_0" pos="16.06" speed="27.96" angle="245.55" x="30.48" y="123.70"/>
        <vehicle id="cfm-slow_3" eclass="HBEFA3/PC_G_EU4" CO2="28344.68" CO="551.62" HC="3.22" NOx="12.57" PMx="0.72" fuel="12.18" electricity="0.00" noise="82.36" route="routetop" type="cfm-slow" waiting="0.00" lane="top_0" pos="39.62" speed="31.44" angle="203.20" x="-1.31" y="85.70"/>
        <vehicle id="cfm-slow_4" eclass="HBEFA3/PC_G_EU4" CO2="8098.59" CO="156.86" HC="0.93" NOx="2.97" PMx="0.20" fuel="3.48" electricity="0.00" noise="75.78" route="routetop" type="cfm-slow" waiting="0.00" lane="left_0" pos="16.68" speed="33.75" angle="154.47" x="4.27" y="29.30"/>
        <vehicle id="cfm-slow_5" eclass="HBEFA3/PC_G_EU4" CO2="0.00" CO="0.00" HC="0.00" NOx="0.00" PMx="0.00" fuel="0.00" electricity="0.00" noise="73.67" route="routetop" type="cfm-slow" waiting="0.00" lane="left_0" pos="45.93" speed="33.34" angle="101.89" x="54.83" y="-4.37"/>
    </timestep>
    <timestep time="4.75">
        <vehicle id="cfm-fast_0" eclass="HBEFA3/PC_G_EU4" CO2="109831.45" CO="2457.18" HC="13.96" NOx="50.72" PMx="2.96" fuel="47.21" electricity="0.00" noise="112.14" route="routebottom" type="cfm-fast" waiting="0.00" lane="bottom_1" pos="26.04" speed="46.67" angle="47.66" x="111.31" y="19.01"/>
        <vehicle id="cfm-fast_1" eclass="HBEFA3/PC_G_EU4" CO2="0.00" CO="0.00" HC="0.00" NOx="0.00" PMx="0.00" fuel="0.00" electricity="0.00" noise="71.91" route="routebottom" type="cfm-fast" waiting="0.00" lane="bottom_0" pos="25.33" speed="29.58" angle="48.88" x="112.66" y="15.65"/>
        <vehicle id="cfm-fast_2" eclass="HBEFA3/PC_G_EU4" CO2="176275.81" CO="3999.56" HC="22.65" NOx="81.95" PMx="4.77" fuel="75.77" electricity="0.00" noise="130.32" route="routebottom" type="cfm-fast" waiting="0.00" lane="right_1" pos="15.26" speed="53.84" angle="336.95" x="121.60" y="93.79"/>
        <vehicle id="cfm-fast_3" eclass="HBEFA3/PC_G_EU4" CO2="0.00" CO="0.00" HC="0.00" NOx="0.00" PMx="0.00" fuel="0.00" electricity="0.00" noise="69.99" route="routebottom" type="cfm-fast" waiting="0.00" lane="bottom_0" pos="46.63" speed="25.36" angle="10.65" x="131.88" y="56.34"/>
        <vehicle id="cfm-fast_4" eclass="HBEFA3/PC_G_EU4" CO2="255629.32" CO="5967.36" HC="33.62" NOx="119.23" PMx="6.98" fuel="109.88" electricity="0.00" noise="145.91" route="routetop" type="cfm-fast" waiting="0.00" lane="top_1" pos="11.96" speed="64.38" angle="252.91" x="39.68" y="124.39"/>
        <vehicle id="cfm-fast_5" eclass="HBEFA3/PC_G_EU4" CO2="6791.79" CO="64.55" HC="0.46" NOx="2.60" PMx="0.13" fuel="2.92" electricity="0.00" noise="71.10" route="routebottom" type="cfm-fast" waiting="0.00" lane="right_0" pos="13.70" speed="22.64" angle="339.79" x="125.99" y="92.34"/>
        <vehicle id="cfm-slow_0" eclass="HBEFA3/PC_G_EU4" CO2="17511.92" CO="285.32" HC="1.73" NOx="7.65" PMx="0.41" fuel="7.53" electricity="0.00" noise="76.75" route="routebottom" type="cfm-slow" waiting="0.00" lane="right_0" pos="27.88" speed="22.69" angle="314.29" x="107.59" y="116.35"/>
        <vehicle id="cfm-slow_1" eclass="HBEFA3/PC_G_EU4" CO2="25797.20" CO="460.61" HC="2.74" NOx="11.51" PMx="0.63" fuel="11.09" electricity="0.00" noise="81.78" route="routebottom" type="cfm-slow" waiting="0.00" lane="right_0" pos="45.98" speed="24.84" angle="281.78" x="72.38" y="131.72"/>
        <vehicle id="cfm-slow_2" eclass="HBEFA3/PC_G_EU4" CO2="32262.89" CO="607.60" HC="3.57" NOx="14.49" PMx="0.81" fuel="13.87" electricity="0.00" noise="84.91" route="routetop" type="cfm-slow" waiting="0.00" lane="top_0" pos="16.34" speed="28.00" angle="245.04" x="29.96" y="123.41"/>
        <vehicle id="cfm-slow_3" eclass="HBEFA3/PC_G_EU4" CO2="28151.75" CO="547.88" HC="3.20" NOx="12.48" PMx="0.72" fuel="12.10" electricity="0.00" noise="82.26" route="routetop" type="cfm-slow" waiting="0.00" lane="top_0" pos="39.93" speed="31.47" angle="202.68" x="-1.52" y="85.06"/>
        <vehicle id="cfm-slow_4" eclass="HBEFA3/PC_G_EU4" CO2="7835.42" CO="151.44" HC="0.90" NOx="2.84" PMx="0.20" fuel="3.37" electricity="0.00" noise="75.73" route="routetop" type="cfm-slow" waiting="0.00" lane="left_0" pos="17.02" speed="33.75" angle="153.84" x="4.65" y="28.68"/>
        <vehicle id="cfm-slow_5" eclass="HBEFA3/PC_G_EU4" CO2="0.00" CO="0.00" HC="0.00" NOx="0.00" PMx="0.00" fuel="0.00" electricity="0.00" noise="73.66" route="routetop" type="cfm-slow" waiting="0.00" lane="left_0" pos="46.26" speed="33.31" angle="101.33" x="55.54" y="-4.47"/>
    </timestep>
    <timestep time="4.76">
        <vehicle id="cfm-fast_0" eclass="HBEFA3/PC_G_EU4" CO2="110331.92" CO="2469.18" HC="14.02" NOx="50.96" PMx="2.97" fuel="47.43" electricity="0.00" noise="112.28" route="routebottom" type="cfm-fast" waiting="0.00" lane="bottom_1" pos="26.50" speed="46.75" angle="46.81" x="111.96" y="19.72"/>
        <vehicle id="cfm-fast_1" eclass="HBEFA3/PC_G_EU4" CO2="0.00" CO="0.00" HC="0.00" NOx="0.00" PMx="0.00" fuel="0.00" electricity="0.00" noise="71.89" route="routebottom" type="cfm-fast" waiting="0.00" lane="bottom_0" pos="25.62" speed="29.55" angle="48.38" x="113.11" y="16.10"/>
        <vehicle id="cfm-fast_2" eclass="HBEFA3/PC_G_EU4" CO2="176900.38" CO="4015.50" HC="22.74" NOx="82.24" PMx="4.79" fuel="76.04" electricity="0.00" noise="130.44" route="routebottom" type="cfm-fast" waiting="0.00" lane="right_1" pos="15.80" speed="53.96" angle="336.05" x="121.08" y="94.77"/>
        <vehicle id="cfm-fast_3" eclass="HBEFA3/PC_G_EU4" CO2="0.00" CO="0.00" HC="0.00" NOx="0.00" PMx="0.00" fuel="0.00" electricity="0.00" noise="69.99" route="routebottom" type="cfm-fast" waiting="0.00" lane="bottom_0" pos="46.89" speed="25.34" angle="10.18" x="131.93" y="56.89"/>
        <vehicle id="cfm-fast_4" eclass="HBEFA3/PC_G_EU4" CO2="256234.31" CO="5984.75" HC="33.71" NOx="119.52" PMx="7.00" fuel="110.14" electricity="0.00" noise="145.98" route="routetop" type="cfm-fast" waiting="0.00" lane="top_1" pos="12.61" speed="64.51" angle="251.78" x="38.45" y="123.90"/>
        <vehicle id="cfm-fast_5" eclass="HBEFA3/PC_G_EU4" CO2="6865.43" CO="66.07" HC="0.47" NOx="2.63" PMx="0.13" fuel="2.95" electricity="0.00" noise="71.13" route="routebottom" type="cfm-fast" waiting="0.00" lane="right_0" pos="13.93" speed="22.64" angle="339.38" x="125.79" y="92.78"/>
        <vehicle id="cfm-slow_0" eclass="HBEFA3/PC_G_EU4" CO2="17575.61" CO="286.66" HC="1.74" NOx="7.68" PMx="0.41" fuel="7.55" electricity="0.00" noise="76.79" route="routebottom" type="cfm-slow" waiting="0.00" lane="right_0" pos="28.11" speed="22.71" angle="313.88" x="107.22" y="116.66"/>
        <vehicle id="cfm-slow_1" eclass="HBEFA3/PC_G_EU4" CO2="25847.33" CO="461.74" HC="2.74" NOx="11.54" PMx="0.63" fuel="11.11" electricity="0.00" noise="81.80" route="routebottom" type="cfm-slow" waiting="0.00" lane="right_0" pos="46.23" speed="24.88" angle="281.39" x="71.85" y="131.79"/>
        <vehicle id="cfm-slow_2" eclass="HBEFA3/PC_G_EU4" CO2="32224.19" CO="607.02" HC="3.57" NOx="14.47" PMx="0.81" fuel="13.85" electricity="0.00" noise="84.88" route="routetop" type="cfm-slow" waiting="0.00" lane="top_0" pos="16.62" speed="28.03" angle="244.58" x="29.43" y="123.12"/>
        <vehicle id="cfm-slow_3" eclass="HBEFA3/PC_G_EU4" CO2="27958.04" CO="544.12" HC="3.18" NOx="12.39" PMx="0.71" fuel="12.02" electricity="0.00" noise="82.17" route="routetop" type="cfm-slow" waiting="0.00" lane="top_0" pos="40.25" speed="31.50" angle="202.09" x="-1.72" y="84.41"/>
        <vehicle id="cfm-slow_4" eclass="HBEFA3/PC_G_EU4" CO2="7573.57" CO="146.06" HC="0.86" NOx="2.72" PMx="0.19" fuel="3.26" electricity="0.00" noise="75.68" route="routetop" type="cfm-slow" waiting="0.00" lane="left_0" pos="17.36" speed="33.75" angle="153.22" x="5.02" y="28.06"/>
        <vehicle id="cfm-slow_5" eclass="HBEFA3/PC_G_EU4" CO2="0.00" CO="0.00" HC="0.00" NOx="0.00" PMx="0.00" fuel="0.00" electricity="0.00" noise="73.65" route="routetop" type="cfm-slow" waiting="0.00" lane="left_0" pos="46.59" speed="33.28" angle="100.73" x="56.25" y="-4.54"/>
    </timestep>
    <timestep time="4.77">
        <vehicle id="cfm-fast_0" eclass="HBEFA3/PC_G_EU4" CO2="110834.22" CO="2481.22" HC="14.09" NOx="51.19" PMx="2.98" fuel="47.64" electricity="0.00" noise="112.43" route="routebottom" type="cfm-fast" waiting="0.00" lane="bottom_1" pos="26.97" speed="46.83" angle="46.01" x="112.61" y="20.42"/>
        <vehicle id="cfm-fast_1" eclass="HBEFA3/PC_G_EU4" CO2="0.00" CO="0.00" HC="0.00" NOx="0.00" PMx="0.00" fuel="0.00" electricity="0.00" noise="71.88" route="routebottom" type="cfm-fast" waiting="0.00" lane="bottom_0" pos="25.92" speed="29.52" angle="47.85" x="113.55" y="16.57"/>
        <vehicle id="cfm-fast_2" eclass="HBEFA3/PC_G_EU4" CO2="177525.74" CO="4031.47" HC="22.83" NOx="82.54" PMx="4.80" fuel="76.31" electricity="0.00" noise="130.56" route="routebottom" type="cfm-fast" waiting="0.00" lane="right_1" pos="16.34" speed="54.07" angle="335.09" x="120.54" y="95.74"/>
        <vehicle id="cfm-fast_3" eclass="HBEFA3/PC_G_EU4" CO2="0.00" CO="0.00" HC="0.00" NOx="0.00" PMx="0.00" fuel="0.00" electricity="0.00" noise="69.98" route="routebottom" type="cfm-fast" waiting="0.00" lane="bottom_0" pos="47.14" speed="25.32" angle="9.72" x="131.99" y="57.43"/>
        <vehicle id="cfm-fast_4" eclass="HBEFA3/PC_G_EU4" CO2="256839.58" CO="6002.16" HC="33.81" NOx="119.80" PMx="7.02" fuel="110.40" electricity="0.00" noise="146.04" route="routetop" type="cfm-fast" waiting="0.00" lane="top_1" pos="13.25" speed="64.65" angle="250.64" x="37.24" y="123.38"/>
        <vehicle id="cfm-fast_5" eclass="HBEFA3/PC_G_EU4" CO2="6939.22" CO="67.60" HC="0.48" NOx="2.66" PMx="0.13" fuel="2.98" electricity="0.00" noise="71.16" route="routebottom" type="cfm-fast" waiting="0.00" lane="right_0" pos="14.16" speed="22.65" angle="339.02" x="125.58" y="93.22"/>
        <vehicle id="cfm-slow_0" eclass="HBEFA3/PC_G_EU4" CO2="17639.31" CO="288.00" HC="1.75" NOx="7.71" PMx="0.41" fuel="7.58" electricity="0.00" noise="76.83" route="routebottom" type="cfm-slow" waiting="0.00" lane="right_0" pos="28.34" speed="22.73" angle="313.51" x="106.84" y="116.97"/>
        <vehicle id="cfm-slow_1" eclass="HBEFA3/PC_G_EU4" CO2="25896.84" CO="462.87" HC="2.75" NOx="11.56" PMx="0.63" fuel="11.13" electricity="0.00" noise="81.83" route="routebottom" type="cfm-slow" waiting="0.00" lane="right_0" pos="46.48" speed="24.91" angle="280.93" x="71.32" y="131.84"/>
        <vehicle id="cfm-slow_2" eclass="HBEFA3/PC_G_EU4" CO2="32184.19" CO="606.41" HC="3.56" NOx="14.46" PMx="0.81" fuel="13.83" electricity="0.00" noise="84.85" route="routetop" type="cfm-slow" waiting="0.00" lane="top_0" pos="16.90" speed="28.07" angle="244.08" x="28.91" y="122.81"/>
        <vehicle id="cfm-slow_3" eclass="HBEFA3/PC_G_EU4" CO2="27763.56" CO="540.34" HC="3.16" NOx="12.29" PMx="0.71" fuel="11.93" electricity="0.00" noise="82.08" route="routetop" type="cfm-slow" waiting="0.00" lane="top_0" pos="40.56" speed="31.52" angle="201.50" x="-1.92" y="83.76"/>
        <vehicle id="cfm-slow_4" eclass="HBEFA3/PC_G_EU4" CO2="7313.05" CO="140.70" HC="0.83" NOx="2.60" PMx="0.18" fuel="3.14" electricity="0.00" noise="75.63" route="routetop" type="cfm-slow" waiting="0.00" lane="left_0" pos="17.69" speed="33.75" angle="152.60" x="5.40" y="27.43"/>
        <vehicle id="cfm-slow_5" eclass="HBEFA3/PC_G_EU4" CO2="0.00" CO="0.00" HC="0.00" NOx="0.00" PMx="0.00" fuel="0.00" electricity="0.00" noise="73.63" route="routetop" type="cfm-slow" waiting="0.00" lane="left_0" pos="46.93" speed="33.26" angle="100.12" x="56.97" y="-4.61"/>
    </timestep>
    <timestep time="4.78">
        <vehicle id="cfm-fast_0" eclass="HBEFA3/PC_G_EU4" CO2="111338.34" CO="2493.32" HC="14.16" NOx="51.43" PMx="3.00" fuel="47.86" electricity="0.00" noise="112.57" route="routebottom" type="cfm-fast" waiting="0.00" lane="bottom_1" pos="27.44" speed="46.91" angle="45.11" x="113.23" y="21.16"/>
        <vehicle id="cfm-fast_1" eclass="HBEFA3/PC_G_EU4" CO2="0.00" CO="0.00" HC="0.00" NOx="0.00" PMx="0.00" fuel="0.00" electricity="0.00" noise="71.86" route="routebottom" type="cfm-fast" waiting="0.00" lane="bottom_0" pos="26.21" speed="29.49" angle="47.31" x="113.98" y="17.03"/>
        <vehicle id="cfm-fast_2" eclass="HBEFA3/PC_G_EU4" CO2="178151.88" CO="4047.47" HC="22.92" NOx="82.83" PMx="4.82" fuel="76.58" electricity="0.00" noise="130.68" route="routebottom" type="cfm-fast" waiting="0.00" lane="right_1" pos="16.88" speed="54.18" angle="334.15" x="119.99" y="96.70"/>
        <vehicle id="cfm-fast_3" eclass="HBEFA3/PC_G_EU4" CO2="0.00" CO="0.00" HC="0.00" NOx="0.00" PMx="0.00" fuel="0.00" electricity="0.00" noise="69.98" route="routebottom" type="cfm-fast" waiting="0.00" lane="bottom_0" pos="47.39" speed="25.31" angle="9.28" x="132.04" y="57.97"/>
        <vehicle id="cfm-fast_4" eclass="HBEFA3/PC_G_EU4" CO2="257445.15" CO="6019.59" HC="33.90" NOx="120.08" PMx="7.04" fuel="110.66" electricity="0.00" noise="146.11" route="routetop" type="cfm-fast" waiting="0.00" lane="top_1" pos="13.90" speed="64.78" angle="249.43" x="36.02" y="122.83"/>
        <vehicle id="cfm-fast_5" eclass="HBEFA3/PC_G_EU4" CO2="7013.15" CO="69.13" HC="0.49" NOx="2.70" PMx="0.14" fuel="3.01" electricity="0.00" noise="71.19" route="routebottom" type="cfm-fast" waiting="0.00" lane="right_0" pos="14.38" speed="22.65" angle="338.59" x="125.36" y="93.66"/>
        <vehicle id="cfm-slow_0" eclass="HBEFA3/PC_G_EU4" CO2="17702.99" CO="289.35" HC="1.76" NOx="7.74" PMx="0.42" fuel="7.61" electricity="0.00" noise="76.87" route="routebottom" type="cfm-slow" waiting="0.00" lane="right_0" pos="28.56" speed="22.76" angle="313.09" x="106.46" y="117.27"/>
        <vehicle id="cfm-slow_1" eclass="HBEFA3/PC_G_EU4" CO2="25945.71" CO="463.98" HC="2.76" NOx="11.58" PMx="0.64" fuel="11.15" electricity="0.00" noise="81.85" route="routebottom" type="cfm-slow" waiting="0.00" lane="right_0" pos="46.73" speed="24.94" angle="280.48" x="70.78" y="131.90"/>
        <vehicle id="cfm-slow_2" eclass="HBEFA3/PC_G_EU4" CO2="32142.90" CO="605.77" HC="3.56" NOx="14.43" PMx="0.81" fuel="13.82" electricity="0.00" noise="84.82" route="routetop" type="cfm-slow" waiting="0.00" lane="top_0" pos="17.18" speed="28.11" angle="243.58" x="28.39" y="122.50"/>
        <vehicle id="cfm-slow_3" eclass="HBEFA3/PC_G_EU4" CO2="27568.33" CO="536.54" HC="3.14" NOx="12.20" PMx="0.70" fuel="11.85" electricity="0.00" noise="81.99" route="routetop" type="cfm-slow" waiting="0.00" lane="top_0" pos="40.88" speed="31.55" angle="200.91" x="-2.12" y="83.12"/>
        <vehicle id="cfm-slow_4" eclass="HBEFA3/PC_G_EU4" CO2="0.00" CO="0.00" HC="0.00" NOx="0.00" PMx="0.00" fuel="0.00" electricity="0.00" noise="75.59" route="routetop" type="cfm-slow" waiting="0.00" lane="left_0" pos="18.03" speed="33.75" angle="152.05" x="5.78" y="26.82"/>
        <vehicle id="cfm-slow_5" eclass="HBEFA3/PC_G_EU4" CO2="0.00" CO="0.00" HC="0.00" NOx="0.00" PMx="0.00" fuel="0.00" electricity="0.00" noise="73.62" route="routetop" type="cfm-slow" waiting="0.00" lane="left_0" pos="47.26" speed="33.23" angle="99.51" x="57.68" y="-4.68"/>
    </timestep>
    <timestep time="4.79">
        <vehicle id="cfm-fast_0" eclass="HBEFA3/PC_G_EU4" CO2="111844.28" CO="2505.46" HC="14.23" NOx="51.67" PMx="3.01" fuel="48.08" electricity="0.00" noise="112.71" route="routebottom" type="cfm-fast" waiting="0.00" lane="bottom_1" pos="27.91" speed="46.99" angle="44.22" x="113.86" y="21.89"/>
        <vehicle id="cfm-fast_1" eclass="HBEFA3/PC_G_EU4" CO2="0.00" CO="0.00" HC="0.00" NOx="0.00" PMx="0.00" fuel="0.00" electricity="0.00" noise="71.85" route="routebottom" type="cfm-fast" waiting="0.00" lane="bottom_0" pos="26.51" speed="29.46" angle="46.78" x="114.41" y="17.50"/>
        <vehicle id="cfm-fast_2" eclass="HBEFA3/PC_G_EU4" CO2="178778.80" CO="4063.51" HC="23.00" NOx="83.12" PMx="4.84" fuel="76.85" electricity="0.00" noise="130.80" route="routebottom" type="cfm-fast" waiting="0.00" lane="right_1" pos="17.43" speed="54.30" angle="333.14" x="119.42" y="97.66"/>
        <vehicle id="cfm-fast_3" eclass="HBEFA3/PC_G_EU4" CO2="0.00" CO="0.00" HC="0.00" NOx="0.00" PMx="0.00" fuel="0.00" electricity="0.00" noise="69.97" route="routebottom" type="cfm-fast" waiting="0.00" lane="bottom_0" pos="47.65" speed="25.29" angle="8.85" x="132.08" y="58.51"/>
        <vehicle id="cfm-fast_4" eclass="HBEFA3/PC_G_EU4" CO2="258051.02" CO="6037.04" HC="34.00" NOx="120.37" PMx="7.06" fuel="110.92" electricity="0.00" noise="146.18" route="routetop" type="cfm-fast" waiting="0.00" lane="top_1" pos="14.55" speed="64.92" angle="248.28" x="34.83" y="122.25"/>
        <vehicle id="cfm-fast_5" eclass="HBEFA3/PC_G_EU4" CO2="7087.21" CO="70.66" HC="0.50" NOx="2.73" PMx="0.14" fuel="3.05" electricity="0.00" noise="71.22" route="routebottom" type="cfm-fast" waiting="0.00" lane="right_0" pos="14.61" speed="22.66" angle="338.15" x="125.15" y="94.09"/>
        <vehicle id="cfm-slow_0" eclass="HBEFA3/PC_G_EU4" CO2="17766.65" CO="290.69" HC="1.76" NOx="7.77" PMx="0.42" fuel="7.64" electricity="0.00" noise="76.91" route="routebottom" type="cfm-slow" waiting="0.00" lane="right_0" pos="28.79" speed="22.78" angle="312.68" x="106.07" y="117.58"/>
        <vehicle id="cfm-slow_1" eclass="HBEFA3/PC_G_EU4" CO2="25993.93" CO="465.08" HC="2.76" NOx="11.60" PMx="0.64" fuel="11.17" electricity="0.00" noise="81.87" route="routebottom" type="cfm-slow" waiting="0.00" lane="right_0" pos="46.98" speed="24.98" angle="280.02" x="70.25" y="131.95"/>
        <vehicle id="cfm-slow_2" eclass="HBEFA3/PC_G_EU4" CO2="32100.32" CO="605.11" HC="3.56" NOx="14.41" PMx="0.81" fuel="13.80" electricity="0.00" noise="84.78" route="routetop" type="cfm-slow" waiting="0.00" lane="top_0" pos="17.46" speed="28.14" angle="243.07" x="27.87" y="122.19"/>
        <vehicle id="cfm-slow_3" eclass="HBEFA3/PC_G_EU4" CO2="27372.36" CO="532.73" HC="3.11" NOx="12.11" PMx="0.70" fuel="11.77" electricity="0.00" noise="81.89" route="routetop" type="cfm-slow" waiting="0.00" lane="top_0" pos="41.19" speed="31.57" angle="200.39" x="-2.31" y="82.46"/>
        <vehicle id="cfm-slow_4" eclass="HBEFA3/PC_G_EU4" CO2="0.00" CO="0.00" HC="0.00" NOx="0.00" PMx="0.00" fuel="0.00" electricity="0.00" noise="75.54" route="routetop" type="cfm-slow" waiting="0.00" lane="left_0" pos="18.37" speed="33.75" angle="151.42" x="6.18" y="26.21"/>
        <vehicle id="cfm-slow_5" eclass="HBEFA3/PC_G_EU4" CO2="0.00" CO="0.00" HC="0.00" NOx="0.00" PMx="0.00" fuel="0.00" electricity="0.00" noise="73.60" route="routetop" type="cfm-slow" waiting="0.00" lane="left_0" pos="47.59" speed="33.20" angle="98.95" x="58.39" y="-4.74"/>
    </timestep>
    <timestep time="4.80">
        <vehicle id="cfm-fast_0" eclass="HBEFA3/PC_G_EU4" CO2="112352.01" CO="2517.65" HC="14.29" NOx="51.90" PMx="3.03" fuel="48.29" electricity="0.00" noise="112.86" route="routebottom" type="cfm-fast" waiting="0.00" lane="bottom_1" pos="28.38" speed="47.07" angle="43.39" x="114.47" y="22.64"/>
        <vehicle id="cfm-fast_1" eclass="HBEFA3/PC_G_EU4" CO2="0.00" CO="0.00" HC="0.00" NOx="0.00" PMx="0.00" fuel="0.00" electricity="0.00" noise="71.83" route="routebottom" type="cfm-fast" waiting="0.00" lane="bottom_0" pos="26.80" speed="29.43" angle="46.25" x="114.84" y="17.96"/>
        <vehicle id="cfm-fast_2" eclass="HBEFA3/PC_G_EU4" CO2="179406.49" CO="4079.57" HC="23.09" NOx="83.42" PMx="4.86" fuel="77.12" electricity="0.00" noise="130.92" route="routebottom" type="cfm-fast" waiting="0.00" lane="right_1" pos="17.97" speed="54.41" angle="332.20" x="118.84" y="98.61"/>
        <vehicle id="cfm-fast_3" eclass="HBEFA3/PC_G_EU4" CO2="0.00" CO="0.00" HC="0.00" NOx="0.00" PMx="0.00" fuel="0.00" electricity="0.00" noise="69.97" route="routebottom" type="cfm-fast" waiting="0.00" lane="bottom_0" pos="47.90" speed="25.27" angle="8.37" x="132.11" y="59.06"/>
        <vehicle id="cfm-fast_4" eclass="HBEFA3/PC_G_EU4" CO2="258657.17" CO="6054.52" HC="34.09" NOx="120.65" PMx="7.07" fuel="111.18" electricity="0.00" noise="146.24" route="routetop" type="cfm-fast" waiting="0.00" lane="top_1" pos="15.20" speed="65.06" angle="247.07" x="33.63" y="121.66"/>
        <vehicle id="cfm-fast_5" eclass="HBEFA3/PC_G_EU4" CO2="7161.41" CO="72.19" HC="0.50" NOx="2.77" PMx="0.14" fuel="3.08" electricity="0.00" noise="71.25" route="routebottom" type="cfm-fast" waiting="0.00" lane="right_0" pos="14.84" speed="22.66" angle="337.72" x="124.93" y="94.53"/>
        <vehicle id="cfm-slow_0" eclass="HBEFA3/PC_G_EU4" CO2="17830.30" CO="292.03" HC="1.77" NOx="7.80" PMx="0.42" fuel="7.66" electricity="0.00" noise="76.95" route="routebottom" type="cfm-slow" waiting="0.00" lane="right_0" pos="29.02" speed="22.80" angle="312.26" x="105.69" y="117.88"/>
        <vehicle id="cfm-slow_1" eclass="HBEFA3/PC_G_EU4" CO2="26041.50" CO="466.16" HC="2.77" NOx="11.62" PMx="0.64" fuel="11.19" electricity="0.00" noise="81.90" route="routebottom" type="cfm-slow" waiting="0.00" lane="right_0" pos="47.23" speed="25.01" angle="279.56" x="69.71" y="132.01"/>
        <vehicle id="cfm-slow_2" eclass="HBEFA3/PC_G_EU4" CO2="32056.44" CO="604.42" HC="3.55" NOx="14.39" PMx="0.80" fuel="13.78" electricity="0.00" noise="84.75" route="routetop" type="cfm-slow" waiting="0.00" lane="top_0" pos="17.74" speed="28.18" angle="242.56" x="27.35" y="121.88"/>
        <vehicle id="cfm-slow_3" eclass="HBEFA3/PC_G_EU4" CO2="27175.68" CO="528.90" HC="3.09" NOx="12.02" PMx="0.69" fuel="11.68" electricity="0.00" noise="81.80" route="routetop" type="cfm-slow" waiting="0.00" lane="top_0" pos="41.51" speed="31.60" angle="199.80" x="-2.49" y="81.81"/>
        <vehicle id="cfm-slow_4" eclass="HBEFA3/PC_G_EU4" CO2="0.00" CO="0.00" HC="0.00" NOx="0.00" PMx="0.00" fuel="0.00" electricity="0.00" noise="75.50" route="routetop" type="cfm-slow" waiting="0.00" lane="left_0" pos="18.71" speed="33.75" angle="150.79" x="6.58" y="25.61"/>
        <vehicle id="cfm-slow_5" eclass="HBEFA3/PC_G_EU4" CO2="0.00" CO="0.00" HC="0.00" NOx="0.00" PMx="0.00" fuel="0.00" electricity="0.00" noise="73.59" route="routetop" type="cfm-slow" waiting="0.00" lane="left_0" pos="47.92" speed="33.17" angle="98.31" x="59.10" y="-4.79"/>
    </timestep>
    <timestep time="4.81">
        <vehicle id="cfm-fast_0" eclass="HBEFA3/PC_G_EU4" CO2="112861.53" CO="2529.88" HC="14.36" NOx="52.14" PMx="3.04" fuel="48.51" electricity="0.00" noise="113.00" route="routebottom" type="cfm-fast" waiting="0.00" lane="bottom_1" pos="28.85" speed="47.15" angle="42.52" x="115.06" y="23.40"/>
        <vehicle id="cfm-fast_1" eclass="HBEFA3/PC_G_EU4" CO2="0.00" CO="0.00" HC="0.00" NOx="0.00" PMx="0.00" fuel="0.00" electricity="0.00" noise="71.82" route="routebottom" type="cfm-fast" waiting="0.00" lane="bottom_0" pos="27.09" speed="29.39" angle="45.76" x="115.26" y="18.44"/>
        <vehicle id="cfm-fast_2" eclass="HBEFA3/PC_G_EU4" CO2="180034.93" CO="4095.67" HC="23.18" NOx="83.71" PMx="4.88" fuel="77.39" electricity="0.00" noise="131.04" route="routebottom" type="cfm-fast" waiting="0.00" lane="right_1" pos="18.51" speed="54.52" angle="331.17" x="118.22" y="99.54"/>
        <vehicle id="cfm-fast_3" eclass="HBEFA3/PC_G_EU4" CO2="0.00" CO="0.00" HC="0.00" NOx="0.00" PMx="0.00" fuel="0.00" electricity="0.00" noise="69.97" route="routebottom" type="cfm-fast" waiting="0.00" lane="bottom_0" pos="48.15" speed="25.25" angle="7.90" x="132.14" y="59.60"/>
        <vehicle id="cfm-fast_4" eclass="HBEFA3/PC_G_EU4" CO2="259263.61" CO="6072.01" HC="34.19" NOx="120.94" PMx="7.09" fuel="111.44" electricity="0.00" noise="146.31" route="routetop" type="cfm-fast" waiting="0.00" lane="top_1" pos="15.85" speed="65.19" angle="245.96" x="32.46" y="121.02"/>
        <vehicle id="cfm-fast_5" eclass="HBEFA3/PC_G_EU4" CO2="7235.73" CO="73.73" HC="0.51" NOx="2.80" PMx="0.14" fuel="3.11" electricity="0.00" noise="71.28" route="routebottom" type="cfm-fast" waiting="0.00" lane="right_0" pos="15.06" speed="22.67" angle="337.29" x="124.71" y="94.97"/>
        <vehicle id="cfm-slow_0" eclass="HBEFA3/PC_G_EU4" CO2="17893.91" CO="293.37" HC="1.78" NOx="7.83" PMx="0.42" fuel="7.69" electricity="0.00" noise="76.99" route="routebottom" type="cfm-slow" waiting="0.00" lane="right_0" pos="29.25" speed="22.83" angle="311.85" x="105.30" y="118.18"/>
        <vehicle id="cfm-slow_1" eclass="HBEFA3/PC_G_EU4" CO2="26088.41" CO="467.24" HC="2.78" NOx="11.65" PMx="0.64" fuel="11.21" electricity="0.00" noise="81.92" route="routebottom" type="cfm-slow" waiting="0.00" lane="right_0" pos="47.48" speed="25.04" angle="279.16" x="69.18" y="132.06"/>
        <vehicle id="cfm-slow_2" eclass="HBEFA3/PC_G_EU4" CO2="32011.27" CO="603.70" HC="3.55" NOx="14.37" PMx="0.80" fuel="13.76" electricity="0.00" noise="84.71" route="routetop" type="cfm-slow" waiting="0.00" lane="top_0" pos="18.02" speed="28.22" angle="242.10" x="26.83" y="121.56"/>
        <vehicle id="cfm-slow_3" eclass="HBEFA3/PC_G_EU4" CO2="26978.29" CO="525.06" HC="3.07" NOx="11.92" PMx="0.69" fuel="11.60" electricity="0.00" noise="81.71" route="routetop" type="cfm-slow" waiting="0.00" lane="top_0" pos="41.83" speed="31.62" angle="199.22" x="-2.67" y="81.15"/>
        <vehicle id="cfm-slow_4" eclass="HBEFA3/PC_G_EU4" CO2="0.00" CO="0.00" HC="0.00" NOx="0.00" PMx="0.00" fuel="0.00" electricity="0.00" noise="75.45" route="routetop" type="cfm-slow" waiting="0.00" lane="left_0" pos="19.04" speed="33.75" angle="150.15" x="6.99" y="25.00"/>
        <vehicle id="cfm-slow_5" eclass="HBEFA3/PC_G_EU4" CO2="0.00" CO="0.00" HC="0.00" NOx="0.00" PMx="0.00" fuel="0.00" electricity="0.00" noise="73.58" route="routetop" type="cfm-slow" waiting="0.00" lane="left_0" pos="48.25" speed="33.15" angle="97.67" x="59.81" y="-4.83"/>
    </timestep>
    <timestep time="4.82">
        <vehicle id="cfm-fast_0" eclass="HBEFA3/PC_G_EU4" CO2="113372.82" CO="2542.16" HC="14.43" NOx="52.38" PMx="3.05" fuel="48.73" electricity="0.00" noise="113.14" route="routebottom" type="cfm-fast" waiting="0.00" lane="bottom_1" pos="29.33" speed="47.23" angle="41.64" x="115.66" y="24.16"/>
        <vehicle id="cfm-fast_1" eclass="HBEFA3/PC_G_EU4" CO2="0.00" CO="0.00" HC="0.00" NOx="0.00" PMx="0.00" fuel="0.00" electricity="0.00" noise="71.80" route="routebottom" type="cfm-fast" waiting="0.00" lane="bottom_0" pos="27.39" speed="29.36" angle="45.21" x="115.66" y="18.92"/>
        <vehicle id="cfm-fast_2" eclass="HBEFA3/PC_G_EU4" CO2="180664.13" CO="4111.79" HC="23.27" NOx="84.01" PMx="4.89" fuel="77.66" electricity="0.00" noise="131.16" route="routebottom" type="cfm-fast" waiting="0.00" lane="right_1" pos="19.06" speed="54.64" angle="330.13" x="117.60" y="100.48"/>
        <vehicle id="cfm-fast_3" eclass="HBEFA3/PC_G_EU4" CO2="0.00" CO="0.00" HC="0.00" NOx="0.00" PMx="0.00" fuel="0.00" electricity="0.00" noise="69.96" route="routebottom" type="cfm-fast" waiting="0.00" lane="bottom_0" pos="48.41" speed="25.24" angle="7.42" x="132.18" y="60.14"/>
        <vehicle id="cfm-fast_4" eclass="HBEFA3/PC_G_EU4" CO2="259870.35" CO="6089.53" HC="34.28" NOx="121.22" PMx="7.11" fuel="111.71" electricity="0.00" noise="146.37" route="routetop" type="cfm-fast" waiting="0.00" lane="top_1" pos="16.51" speed="65.33" angle="244.79" x="31.28" y="120.37"/>
        <vehicle id="cfm-fast_5" eclass="HBEFA3/PC_G_EU4" CO2="7310.18" CO="75.27" HC="0.52" NOx="2.84" PMx="0.14" fuel="3.14" electricity="0.00" noise="71.31" route="routebottom" type="cfm-fast" waiting="0.00" lane="right_0" pos="15.29" speed="22.68" angle="336.89" x="124.49" y="95.40"/>
        <vehicle id="cfm-slow_0" eclass="HBEFA3/PC_G_EU4" CO2="17957.49" CO="294.72" HC="1.79" NOx="7.86" PMx="0.42" fuel="7.72" electricity="0.00" noise="77.03" route="routebottom" type="cfm-slow" waiting="0.00" lane="right_0" pos="29.48" speed="22.85" angle="311.48" x="104.91" y="118.49"/>
        <vehicle id="cfm-slow_1" eclass="HBEFA3/PC_G_EU4" CO2="26134.65" CO="468.30" HC="2.78" NOx="11.67" PMx="0.64" fuel="11.23" electricity="0.00" noise="81.94" route="routebottom" type="cfm-slow" waiting="0.00" lane="right_0" pos="47.73" speed="25.08" angle="278.69" x="68.64" y="132.09"/>
        <vehicle id="cfm-slow_2" eclass="HBEFA3/PC_G_EU4" CO2="31964.82" CO="602.96" HC="3.54" NOx="14.35" PMx="0.80" fuel="13.74" electricity="0.00" noise="84.68" route="routetop" type="cfm-slow" waiting="0.00" lane="top_0" pos="18.31" speed="28.25" angle="241.55" x="26.33" y="121.22"/>
        <vehicle id="cfm-slow_3" eclass="HBEFA3/PC_G_EU4" CO2="26780.23" CO="521.20" HC="3.05" NOx="11.83" PMx="0.68" fuel="11.51" electricity="0.00" noise="81.62" route="routetop" type="cfm-slow" waiting="0.00" lane="top_0" pos="42.14" speed="31.65" angle="198.63" x="-2.84" y="80.49"/>
        <vehicle id="cfm-slow_4" eclass="HBEFA3/PC_G_EU4" CO2="0.00" CO="0.00" HC="0.00" NOx="0.00" PMx="0.00" fuel="0.00" electricity="0.00" noise="75.41" route="routetop" type="cfm-slow" waiting="0.00" lane="left_0" pos="19.38" speed="33.75" angle="149.59" x="7.40" y="24.41"/>
        <vehicle id="cfm-slow_5" eclass="HBEFA3/PC_G_EU4" CO2="0.00" CO="0.00" HC="0.00" NOx="0.00" PMx="0.00" fuel="0.00" electricity="0.00" noise="73.56" route="routetop" type="cfm-slow" waiting="0.00" lane="left_0" pos="48.58" speed="33.12" angle="97.04" x="60.53" y="-4.87"/>
    </timestep>
    <timestep time="4.83">
        <vehicle id="cfm-fast_0" eclass="HBEFA3/PC_G_EU4" CO2="113885.88" CO="2554.49" HC="14.50" NOx="52.62" PMx="3.07" fuel="48.95" electricity="0.00" noise="113.29" route="routebottom" type="cfm-fast" waiting="0.00" lane="bottom_1" pos="29.80" speed="47.31" angle="40.85" x="116.24" y="24.94"/>
        <vehicle id="cfm-fast_1" eclass="HBEFA3/PC_G_EU4" CO2="0.00" CO="0.00" HC="0.00" NOx="0.00" PMx="0.00" fuel="0.00" electricity="0.00" noise="71.79" route="routebottom" type="cfm-fast" waiting="0.00" lane="bottom_0" pos="27.68" speed="29.33" angle="44.66" x="116.07" y="19.40"/>
        <vehicle id="cfm-fast_2" eclass="HBEFA3/PC_G_EU4" CO2="181294.06" CO="4127.95" HC="23.36" NOx="84.30" PMx="4.91" fuel="77.93" electricity="0.00" noise="131.28" route="routebottom" type="cfm-fast" waiting="0.00" lane="right_1" pos="19.61" speed="54.75" angle="329.17" x="116.95" y="101.39"/>
        <vehicle id="cfm-fast_3" eclass="HBEFA3/PC_G_EU4" CO2="0.00" CO="0.00" HC="0.00" NOx="0.00" PMx="0.00" fuel="0.00" electricity="0.00" noise="69.96" route="routebottom" type="cfm-fast" waiting="0.00" lane="bottom_0" pos="48.66" speed="25.22" angle="6.96" x="132.21" y="60.68"/>
        <vehicle id="cfm-fast_4" eclass="HBEFA3/PC_G_EU4" CO2="260477.38" CO="6107.07" HC="34.38" NOx="121.50" PMx="7.13" fuel="111.97" electricity="0.00" noise="146.44" route="routetop" type="cfm-fast" waiting="0.00" lane="top_1" pos="17.16" speed="65.47" angle="243.64" x="30.13" y="119.69"/>
        <vehicle id="cfm-fast_5" eclass="HBEFA3/PC_G_EU4" CO2="7384.75" CO="76.82" HC="0.53" NOx="2.87" PMx="0.15" fuel="3.17" electricity="0.00" noise="71.35" route="routebottom" type="cfm-fast" waiting="0.00" lane="right_0" pos="15.52" speed="22.68" angle="336.52" x="124.26" y="95.83"/>
        <vehicle id="cfm-slow_0" eclass="HBEFA3/PC_G_EU4" CO2="18021.03" CO="296.06" HC="1.79" NOx="7.89" PMx="0.42" fuel="7.75" electricity="0.00" noise="77.07" route="routebottom" type="cfm-slow" waiting="0.00" lane="right_0" pos="29.70" speed="22.87" angle="311.06" x="104.51" y="118.77"/>
        <vehicle id="cfm-slow_1" eclass="HBEFA3/PC_G_EU4" CO2="26180.23" CO="469.35" HC="2.79" NOx="11.69" PMx="0.64" fuel="11.25" electricity="0.00" noise="81.96" route="routebottom" type="cfm-slow" waiting="0.00" lane="right_0" pos="47.98" speed="25.11" angle="278.22" x="68.10" y="132.12"/>
        <vehicle id="cfm-slow_2" eclass="HBEFA3/PC_G_EU4" CO2="31917.07" CO="602.20" HC="3.54" NOx="14.32" PMx="0.80" fuel="13.72" electricity="0.00" noise="84.64" route="routetop" type="cfm-slow" waiting="0.00" lane="top_0" pos="18.59" speed="28.29" angle="241.00" x="25.82" y="120.88"/>
        <vehicle id="cfm-slow_3" eclass="HBEFA3/PC_G_EU4" CO2="26581.50" CO="517.32" HC="3.02" NOx="11.73" PMx="0.68" fuel="11.43" electricity="0.00" noise="81.52" route="routetop" type="cfm-slow" waiting="0.00" lane="top_0" pos="42.46" speed="31.67" angle="198.11" x="-3.01" y="79.83"/>
        <vehicle id="cfm-slow_4" eclass="HBEFA3/PC_G_EU4" CO2="0.00" CO="0.00" HC="0.00" NOx="0.00" PMx="0.00" fuel="0.00" electricity="0.00" noise="75.37" route="routetop" type="cfm-slow" waiting="0.00" lane="left_0" pos="19.72" speed="33.75" angle="148.96" x="7.82" y="23.82"/>
        <vehicle id="cfm-slow_5" eclass="HBEFA3/PC_G_EU4" CO2="0.00" CO="0.00" HC="0.00" NOx="0.00" PMx="0.00" fuel="0.00" electricity="0.00" noise="73.55" route="routetop" type="cfm-slow" waiting="0.00" lane="left_0" pos="48.92" speed="33.09" angle="96.48" x="61.24" y="-4.90"/>
    </timestep>
    <timestep time="4.84">
        <vehicle id="cfm-fast_0" eclass="HBEFA3/PC_G_EU4" CO2="114400.68" CO="2566.87" HC="14.57" NOx="52.87" PMx="3.08" fuel="49.18" electricity="0.00" noise="113.43" route="routebottom" type="cfm-fast" waiting="0.00" lane="bottom_1" pos="30.27" speed="47.40" angle="40.00" x="116.81" y="25.73"/>
        <vehicle id="cfm-fast_1" eclass="HBEFA3/PC_G_EU4" CO2="0.00" CO="0.00" HC="0.00" NOx="0.00" PMx="0.00" fuel="0.00" electricity="0.00" noise="71.77" route="routebottom" type="cfm-fast" waiting="0.00" lane="bottom_0" pos="27.97" speed="29.30" angle="44.12" x="116.48" y="19.89"/>
        <vehicle id="cfm-fast_2" eclass="HBEFA3/PC_G_EU4" CO2="181924.73" CO="4144.13" HC="23.45" NOx="84.60" PMx="4.93" fuel="78.20" electricity="0.00" noise="131.40" route="routebottom" type="cfm-fast" waiting="0.00" lane="right_1" pos="20.16" speed="54.86" angle="328.15" x="116.29" y="102.30"/>
        <vehicle id="cfm-fast_3" eclass="HBEFA3/PC_G_EU4" CO2="0.00" CO="0.00" HC="0.00" NOx="0.00" PMx="0.00" fuel="0.00" electricity="0.00" noise="69.95" route="routebottom" type="cfm-fast" waiting="0.00" lane="bottom_0" pos="48.91" speed="25.20" angle="6.54" x="132.23" y="61.22"/>
        <vehicle id="cfm-fast_4" eclass="HBEFA3/PC_G_EU4" CO2="261084.70" CO="6124.63" HC="34.47" NOx="121.79" PMx="7.15" fuel="112.23" electricity="0.00" noise="146.51" route="routetop" type="cfm-fast" waiting="0.00" lane="top_1" pos="17.82" speed="65.60" angle="242.44" x="28.97" y="119.00"/>
        <vehicle id="cfm-fast_5" eclass="HBEFA3/PC_G_EU4" CO2="7459.44" CO="78.36" HC="0.54" NOx="2.91" PMx="0.15" fuel="3.21" electricity="0.00" noise="71.38" route="routebottom" type="cfm-fast" waiting="0.00" lane="right_0" pos="15.74" speed="22.69" angle="336.11" x="124.02" y="96.26"/>
        <vehicle id="cfm-slow_0" eclass="HBEFA3/PC_G_EU4" CO2="18084.53" CO="297.40" HC="1.80" NOx="7.92" PMx="0.43" fuel="7.77" electricity="0.00" noise="77.11" route="routebottom" type="cfm-slow" waiting="0.00" lane="right_0" pos="29.93" speed="22.90" angle="310.64" x="104.11" y="119.06"/>
        <vehicle id="cfm-slow_1" eclass="HBEFA3/PC_G_EU4" CO2="26225.12" CO="470.38" HC="2.79" NOx="11.71" PMx="0.64" fuel="11.27" electricity="0.00" noise="81.98" route="routebottom" type="cfm-slow" waiting="0.00" lane="right_0" pos="48.23" speed="25.14" angle="277.75" x="67.56" y="132.15"/>
        <vehicle id="cfm-slow_2" eclass="HBEFA3/PC_G_EU4" CO2="31868.05" CO="601.40" HC="3.53" NOx="14.30" PMx="0.80" fuel="13.70" electricity="0.00" noise="84.61" route="routetop" type="cfm-slow" waiting="0.00" lane="top_0" pos="18.87" speed="28.33" angle="240.45" x="25.32" y="120.55"/>
        <vehicle id="cfm-slow_3" eclass="HBEFA3/PC_G_EU4" CO2="26382.12" CO="513.43" HC="3.00" NOx="11.64" PMx="0.67" fuel="11.34" electricity="0.00" noise="81.43" route="routetop" type="cfm-slow" waiting="0.00" lane="top_0" pos="42.78" speed="31.70" angle="197.55" x="-3.16" y="79.17"/>
        <vehicle id="cfm-slow_4" eclass="HBEFA3/PC_G_EU4" CO2="0.00" CO="0.00" HC="0.00" NOx="0.00" PMx="0.00" fuel="0.00" electricity="0.00" noise="75.33" route="routetop" type="cfm-slow" waiting="0.00" lane="left_0" pos="20.06" speed="33.75" angle="148.34" x="8.25" y="23.23"/>
        <vehicle id="cfm-slow_5" eclass="HBEFA3/PC_G_EU4" CO2="0.00" CO="0.00" HC="0.00" NOx="0.00" PMx="0.00" fuel="0.00" electricity="0.00" noise="73.54" route="routetop" type="cfm-slow" waiting="0.00" lane="left_0" pos="49.25" speed="33.06" angle="95.88" x="61.95" y="-4.91"/>
    </timestep>
    <timestep time="4.85">
        <vehicle id="cfm-fast_0" eclass="HBEFA3/PC_G_EU4" CO2="114917.23" CO="2579.29" HC="14.64" NOx="53.11" PMx="3.10" fuel="49.40" electricity="0.00" noise="113.57" route="routebottom" type="cfm-fast" waiting="0.00" lane="bottom_1" pos="30.75" speed="47.48" angle="39.19" x="117.38" y="26.52"/>
        <vehicle id="cfm-fast_1" eclass="HBEFA3/PC_G_EU4" CO2="0.00" CO="0.00" HC="0.00" NOx="0.00" PMx="0.00" fuel="0.00" electricity="0.00" noise="71.76" route="routebottom" type="cfm-fast" waiting="0.00" lane="bottom_0" pos="28.27" speed="29.27" angle="43.63" x="116.88" y="20.37"/>
        <vehicle id="cfm-fast_2" eclass="HBEFA3/PC_G_EU4" CO2="182556.12" CO="4160.35" HC="23.54" NOx="84.90" PMx="4.95" fuel="78.47" electricity="0.00" noise="131.52" route="routebottom" type="cfm-fast" waiting="0.00" lane="right_1" pos="20.71" speed="54.98" angle="327.19" x="115.62" y="103.21"/>
        <vehicle id="cfm-fast_3" eclass="HBEFA3/PC_G_EU4" CO2="0.00" CO="0.00" HC="0.00" NOx="0.00" PMx="0.00" fuel="0.00" electricity="0.00" noise="69.95" route="routebottom" type="cfm-fast" waiting="0.00" lane="bottom_0" pos="49.16" speed="25.18" angle="6.07" x="132.24" y="61.77"/>
        <vehicle id="cfm-fast_4" eclass="HBEFA3/PC_G_EU4" CO2="261692.31" CO="6142.22" HC="34.57" NOx="122.07" PMx="7.16" fuel="112.49" electricity="0.00" noise="146.57" route="routetop" type="cfm-fast" waiting="0.00" lane="top_1" pos="18.48" speed="65.74" angle="241.25" x="27.84" y="118.27"/>
        <vehicle id="cfm-fast_5" eclass="HBEFA3/PC_G_EU4" CO2="7534.24" CO="79.91" HC="0.55" NOx="2.94" PMx="0.15" fuel="3.24" electricity="0.00" noise="71.41" route="routebottom" type="cfm-fast" waiting="0.00" lane="right_0" pos="15.97" speed="22.70" angle="335.70" x="123.79" y="96.69"/>
        <vehicle id="cfm-slow_0" eclass="HBEFA3/PC_G_EU4" CO2="18147.97" CO="298.74" HC="1.81" NOx="7.95" PMx="0.43" fuel="7.80" electricity="0.00" noise="77.15" route="routebottom" type="cfm-slow" waiting="0.00" lane="right_0" pos="30.16" speed="22.92" angle="310.21" x="103.71" y="119.35"/>
        <vehicle id="cfm-slow_1" eclass="HBEFA3/PC_G_EU4" CO2="26269.33" CO="471.40" HC="2.80" NOx="11.73" PMx="0.64" fuel="11.29" electricity="0.00" noise="82.00" route="routebottom" type="cfm-slow" waiting="0.00" lane="right_0" pos="48.49" speed="25.18" angle="277.28" x="67.02" y="132.19"/>
        <vehicle id="cfm-slow_2" eclass="HBEFA3/PC_G_EU4" CO2="31817.75" CO="600.58" HC="3.53" NOx="14.28" PMx="0.80" fuel="13.68" electricity="0.00" noise="84.57" route="routetop" type="cfm-slow" waiting="0.00" lane="top_0" pos="19.16" speed="28.36" angle="239.94" x="24.81" y="120.21"/>
        <vehicle id="cfm-slow_3" eclass="HBEFA3/PC_G_EU4" CO2="26182.12" CO="509.52" HC="2.98" NOx="11.54" PMx="0.67" fuel="11.25" electricity="0.00" noise="81.34" route="routetop" type="cfm-slow" waiting="0.00" lane="top_0" pos="43.09" speed="31.72" angle="196.98" x="-3.31" y="78.50"/>
        <vehicle id="cfm-slow_4" eclass="HBEFA3/PC_G_EU4" CO2="0.00" CO="0.00" HC="0.00" NOx="0.00" PMx="0.00" fuel="0.00" electricity="0.00" noise="75.29" route="routetop" type="cfm-slow" waiting="0.00" lane="left_0" pos="20.39" speed="33.74" angle="147.72" x="8.67" y="22.64"/>
        <vehicle id="cfm-slow_5" eclass="HBEFA3/PC_G_EU4" CO2="0.00" CO="0.00" HC="0.00" NOx="0.00" PMx="0.00" fuel="0.00" electricity="0.00" noise="73.52" route="routetop" type="cfm-slow" waiting="0.00" lane="left_0" pos="49.58" speed="33.03" angle="95.28" x="62.66" y="-4.93"/>
    </timestep>
    <timestep time="4.86">
        <vehicle id="cfm-fast_0" eclass="HBEFA3/PC_G_EU4" CO2="115435.50" CO="2591.76" HC="14.71" NOx="53.35" PMx="3.11" fuel="49.62" electricity="0.00" noise="113.72" route="routebottom" type="cfm-fast" waiting="0.00" lane="bottom_1" pos="31.22" speed="47.56" angle="38.33" x="117.92" y="27.33"/>
        <vehicle id="cfm-fast_1" eclass="HBEFA3/PC_G_EU4" CO2="0.00" CO="0.00" HC="0.00" NOx="0.00" PMx="0.00" fuel="0.00" electricity="0.00" noise="71.74" route="routebottom" type="cfm-fast" waiting="0.00" lane="bottom_0" pos="28.56" speed="29.24" angle="43.09" x="117.27" y="20.87"/>
        <vehicle id="cfm-fast_2" eclass="HBEFA3/PC_G_EU4" CO2="183188.22" CO="4176.60" HC="23.63" NOx="85.19" PMx="4.96" fuel="78.74" electricity="0.00" noise="131.64" route="routebottom" type="cfm-fast" waiting="0.00" lane="right_1" pos="21.26" speed="55.09" angle="326.19" x="114.92" y="104.10"/>
        <vehicle id="cfm-fast_3" eclass="HBEFA3/PC_G_EU4" CO2="0.00" CO="0.00" HC="0.00" NOx="0.00" PMx="0.00" fuel="0.00" electricity="0.00" noise="69.95" route="routebottom" type="cfm-fast" waiting="0.00" lane="bottom_0" pos="49.41" speed="25.17" angle="5.60" x="132.25" y="62.31"/>
        <vehicle id="cfm-fast_4" eclass="HBEFA3/PC_G_EU4" CO2="262300.22" CO="6159.82" HC="34.66" NOx="122.36" PMx="7.18" fuel="112.75" electricity="0.00" noise="146.64" route="routetop" type="cfm-fast" waiting="0.00" lane="top_1" pos="19.13" speed="65.88" angle="240.01" x="26.72" y="117.52"/>
        <vehicle id="cfm-fast_5" eclass="HBEFA3/PC_G_EU4" CO2="7609.14" CO="81.46" HC="0.56" NOx="2.98" PMx="0.15" fuel="3.27" electricity="0.00" noise="71.44" route="routebottom" type="cfm-fast" waiting="0.00" lane="right_0" pos="16.20" speed="22.70" angle="335.29" x="123.55" y="97.11"/>
        <vehicle id="cfm-slow_0" eclass="HBEFA3/PC_G_EU4" CO2="18211.35" CO="300.08" HC="1.82" NOx="7.98" PMx="0.43" fuel="7.83" electricity="0.00" noise="77.19" route="routebottom" type="cfm-slow" waiting="0.00" lane="right_0" pos="30.39" speed="22.95" angle="309.79" x="103.31" y="119.64"/>
        <vehicle id="cfm-slow_1" eclass="HBEFA3/PC_G_EU4" CO2="26312.85" CO="472.41" HC="2.81" NOx="11.75" PMx="0.65" fuel="11.31" electricity="0.00" noise="82.02" route="routebottom" type="cfm-slow" waiting="0.00" lane="right_0" pos="48.74" speed="25.21" angle="276.86" x="66.48" y="132.22"/>
        <vehicle id="cfm-slow_2" eclass="HBEFA3/PC_G_EU4" CO2="31766.16" CO="599.74" HC="3.52" NOx="14.25" PMx="0.80" fuel="13.65" electricity="0.00" noise="84.53" route="routetop" type="cfm-slow" waiting="0.00" lane="top_0" pos="19.44" speed="28.40" angle="239.45" x="24.31" y="119.85"/>
        <vehicle id="cfm-slow_3" eclass="HBEFA3/PC_G_EU4" CO2="25981.50" CO="505.60" HC="2.96" NOx="11.45" PMx="0.66" fuel="11.17" electricity="0.00" noise="81.25" route="routetop" type="cfm-slow" waiting="0.00" lane="top_0" pos="43.41" speed="31.75" angle="196.42" x="-3.47" y="77.84"/>
        <vehicle id="cfm-slow_4" eclass="HBEFA3/PC_G_EU4" CO2="0.00" CO="0.00" HC="0.00" NOx="0.00" PMx="0.00" fuel="0.00" electricity="0.00" noise="75.25" route="routetop" type="cfm-slow" waiting="0.00" lane="left_0" pos="20.73" speed="33.74" angle="147.15" x="9.11" y="22.06"/>
        <vehicle id="cfm-slow_5" eclass="HBEFA3/PC_G_EU4" CO2="0.00" CO="0.00" HC="0.00" NOx="0.00" PMx="0.00" fuel="0.00" electricity="0.00" noise="73.51" route="routetop" type="cfm-slow" waiting="0.00" lane="left_0" pos="49.91" speed="33.01" angle="94.68" x="63.37" y="-4.95"/>
    </timestep>
    <timestep time="4.87">
        <vehicle id="cfm-fast_0" eclass="HBEFA3/PC_G_EU4" CO2="115955.48" CO="2604.28" HC="14.78" NOx="53.59" PMx="3.13" fuel="49.84" electricity="0.00" noise="113.86" route="routebottom" type="cfm-fast" waiting="0.00" lane="bottom_1" pos="31.70" speed="47.64" angle="37.46" x="118.46" y="28.14"/>
        <vehicle id="cfm-fast_1" eclass="HBEFA3/PC_G_EU4" CO2="0.00" CO="0.00" HC="0.00" NOx="0.00" PMx="0.00" fuel="0.00" electricity="0.00" noise="71.73" route="routebottom" type="cfm-fast" waiting="0.00" lane="bottom_0" pos="28.85" speed="29.21" angle="42.55" x="117.66" y="21.36"/>
        <vehicle id="cfm-fast_2" eclass="HBEFA3/PC_G_EU4" CO2="183821.03" CO="4192.87" HC="23.72" NOx="85.49" PMx="4.98" fuel="79.02" electricity="0.00" noise="131.76" route="routebottom" type="cfm-fast" waiting="0.00" lane="right_1" pos="21.81" speed="55.21" angle="325.23" x="114.23" y="104.99"/>
        <vehicle id="cfm-fast_3" eclass="HBEFA3/PC_G_EU4" CO2="0.00" CO="0.00" HC="0.00" NOx="0.00" PMx="0.00" fuel="0.00" electricity="0.00" noise="69.94" route="routebottom" type="cfm-fast" waiting="0.00" lane="bottom_0" pos="49.66" speed="25.15" angle="5.13" x="132.26" y="62.85"/>
        <vehicle id="cfm-fast_4" eclass="HBEFA3/PC_G_EU4" CO2="262908.42" CO="6177.45" HC="34.76" NOx="122.64" PMx="7.20" fuel="113.01" electricity="0.00" noise="146.70" route="routetop" type="cfm-fast" waiting="0.00" lane="top_1" pos="19.79" speed="66.01" angle="238.83" x="25.62" y="116.73"/>
        <vehicle id="cfm-fast_5" eclass="HBEFA3/PC_G_EU4" CO2="7684.16" CO="83.01" HC="0.57" NOx="3.01" PMx="0.15" fuel="3.30" electricity="0.00" noise="71.47" route="routebottom" type="cfm-fast" waiting="0.00" lane="right_0" pos="16.43" speed="22.71" angle="334.88" x="123.31" y="97.54"/>
        <vehicle id="cfm-slow_0" eclass="HBEFA3/PC_G_EU4" CO2="18274.67" CO="301.42" HC="1.83" NOx="8.01" PMx="0.43" fuel="7.86" electricity="0.00" noise="77.23" route="routebottom" type="cfm-slow" waiting="0.00" lane="right_0" pos="30.62" speed="22.97" angle="309.36" x="102.91" y="119.93"/>
        <vehicle id="cfm-slow_1" eclass="HBEFA3/PC_G_EU4" CO2="26355.67" CO="473.41" HC="2.81" NOx="11.77" PMx="0.65" fuel="11.33" electricity="0.00" noise="82.04" route="routebottom" type="cfm-slow" waiting="0.00" lane="right_0" pos="48.99" speed="25.24" angle="276.40" x="65.93" y="132.23"/>
        <vehicle id="cfm-slow_2" eclass="HBEFA3/PC_G_EU4" CO2="31713.31" CO="598.86" HC="3.52" NOx="14.22" PMx="0.80" fuel="13.63" electricity="0.00" noise="84.49" route="routetop" type="cfm-slow" waiting="0.00" lane="top_0" pos="19.72" speed="28.43" angle="238.94" x="23.81" y="119.49"/>
        <vehicle id="cfm-slow_3" eclass="HBEFA3/PC_G_EU4" CO2="25780.30" CO="501.66" HC="2.93" NOx="11.35" PMx="0.66" fuel="11.08" electricity="0.00" noise="81.16" route="routetop" type="cfm-slow" waiting="0.00" lane="top_0" pos="43.73" speed="31.77" angle="195.90" x="-3.61" y="77.17"/>
        <vehicle id="cfm-slow_4" eclass="HBEFA3/PC_G_EU4" CO2="0.00" CO="0.00" HC="0.00" NOx="0.00" PMx="0.00" fuel="0.00" electricity="0.00" noise="75.21" route="routetop" type="cfm-slow" waiting="0.00" lane="left_0" pos="21.07" speed="33.74" angle="146.53" x="9.56" y="21.49"/>
        <vehicle id="cfm-slow_5" eclass="HBEFA3/PC_G_EU4" CO2="0.00" CO="0.00" HC="0.00" NOx="0.00" PMx="0.00" fuel="0.00" electricity="0.00" noise="73.49" route="routebottom" type="cfm-slow" waiting="0.00" lane="bottom_0" pos="0.24" speed="32.98" angle="94.04" x="64.27" y="-4.94"/>
    </timestep>
    <timestep time="4.88">
        <vehicle id="cfm-fast_0" eclass="HBEFA3/PC_G_EU4" CO2="116477.17" CO="2616.84" HC="14.85" NOx="53.84" PMx="3.14" fuel="50.07" electricity="0.00" noise="114.01" route="routebottom" type="cfm-fast" waiting="0.00" lane="bottom_1" pos="32.18" speed="47.72" angle="36.64" x="119.00" y="28.96"/>
        <vehicle id="cfm-fast_1" eclass="HBEFA3/PC_G_EU4" CO2="0.00" CO="0.00" HC="0.00" NOx="0.00" PMx="0.00" fuel="0.00" electricity="0.00" noise="71.71" route="routebottom" type="cfm-fast" waiting="0.00" lane="bottom_0" pos="29.14" speed="29.17" angle="42.00" x="118.04" y="21.85"/>
        <vehicle id="cfm-fast_2" eclass="HBEFA3/PC_G_EU4" CO2="184454.55" CO="4209.17" HC="23.81" NOx="85.79" PMx="5.00" fuel="79.29" electricity="0.00" noise="131.88" route="routebottom" type="cfm-fast" waiting="0.00" lane="right_1" pos="22.36" speed="55.32" angle="324.22" x="113.49" y="105.86"/>
        <vehicle id="cfm-fast_3" eclass="HBEFA3/PC_G_EU4" CO2="0.00" CO="0.00" HC="0.00" NOx="0.00" PMx="0.00" fuel="0.00" electricity="0.00" noise="69.94" route="routebottom" type="cfm-fast" waiting="0.00" lane="bottom_0" pos="49.92" speed="25.13" angle="4.67" x="132.27" y="63.39"/>
        <vehicle id="cfm-fast_4" eclass="HBEFA3/PC_G_EU4" CO2="263516.90" CO="6195.09" HC="34.86" NOx="122.93" PMx="7.22" fuel="113.27" electricity="0.00" noise="146.77" route="routetop" type="cfm-fast" waiting="0.00" lane="top_1" pos="20.46" speed="66.15" angle="237.63" x="24.52" y="115.93"/>
        <vehicle id="cfm-fast_5" eclass="HBEFA3/PC_G_EU4" CO2="7759.27" CO="84.57" HC="0.58" NOx="3.05" PMx="0.16" fuel="3.34" electricity="0.00" noise="71.51" route="routebottom" type="cfm-fast" waiting="0.00" lane="right_0" pos="16.65" speed="22.72" angle="334.52" x="123.08" y="97.97"/>
        <vehicle id="cfm-slow_0" eclass="HBEFA3/PC_G_EU4" CO2="18337.91" CO="302.76" HC="1.83" NOx="8.04" PMx="0.43" fuel="7.88" electricity="0.00" noise="77.27" route="routebottom" type="cfm-slow" waiting="0.00" lane="right_0" pos="30.85" speed="23.00" angle="309.00" x="102.51" y="120.21"/>
        <vehicle id="cfm-slow_1" eclass="HBEFA3/PC_G_EU4" CO2="26397.79" CO="474.39" HC="2.82" NOx="11.79" PMx="0.65" fuel="11.35" electricity="0.00" noise="82.06" route="routebottom" type="cfm-slow" waiting="0.00" lane="right_0" pos="49.24" speed="25.28" angle="275.93" x="65.39" y="132.24"/>
        <vehicle id="cfm-slow_2" eclass="HBEFA3/PC_G_EU4" CO2="31659.18" CO="597.97" HC="3.51" NOx="14.20" PMx="0.80" fuel="13.61" electricity="0.00" noise="84.45" route="routetop" type="cfm-slow" waiting="0.00" lane="top_0" pos="20.01" speed="28.47" angle="238.42" x="23.32" y="119.14"/>
        <vehicle id="cfm-slow_3" eclass="HBEFA3/PC_G_EU4" CO2="25578.51" CO="497.72" HC="2.91" NOx="11.26" PMx="0.65" fuel="10.99" electricity="0.00" noise="81.07" route="routetop" type="cfm-slow" waiting="0.00" lane="top_0" pos="44.05" speed="31.79" angle="195.31" x="-3.73" y="76.49"/>
        <vehicle id="cfm-slow_4" eclass="HBEFA3/PC_G_EU4" CO2="0.00" CO="0.00" HC="0.00" NOx="0.00" PMx="0.00" fuel="0.00" electricity="0.00" noise="75.18" route="routetop" type="cfm-slow" waiting="0.00" lane="left_0" pos="21.41" speed="33.73" angle="145.91" x="10.01" y="20.92"/>
        <vehicle id="cfm-slow_5" eclass="HBEFA3/PC_G_EU4" CO2="0.00" CO="0.00" HC="0.00" NOx="0.00" PMx="0.00" fuel="0.00" electricity="0.00" noise="73.48" route="routebottom" type="cfm-slow" waiting="0.00" lane="bottom_0" pos="0.57" speed="32.95" angle="93.45" x="64.98" y="-4.92"/>
    </timestep>
    <timestep time="4.89">
        <vehicle id="cfm-fast_0" eclass="HBEFA3/PC_G_EU4" CO2="117000.55" CO="2629.45" HC="14.92" NOx="54.08" PMx="3.16" fuel="50.29" electricity="0.00" noise="114.15" route="routebottom" type="cfm-fast" waiting="0.00" lane="bottom_1" pos="32.65" speed="47.81" angle="35.75" x="119.50" y="29.80"/>
        <vehicle id="cfm-fast_1" eclass="HBEFA3/PC_G_EU4" CO2="0.00" CO="0.00" HC="0.00" NOx="0.00" PMx="0.00" fuel="0.00" electricity="0.00" noise="71.70" route="routebottom" type="cfm-fast" waiting="0.00" lane="bottom_0" pos="29.43" speed="29.14" angle="41.50" x="118.43" y="22.35"/>
        <vehicle id="cfm-fast_2" eclass="HBEFA3/PC_G_EU4" CO2="185088.75" CO="4225.51" HC="23.90" NOx="86.08" PMx="5.02" fuel="79.56" electricity="0.00" noise="132.00" route="routebottom" type="cfm-fast" waiting="0.00" lane="right_1" pos="22.92" speed="55.43" angle="323.21" x="112.76" y="106.73"/>
        <vehicle id="cfm-fast_3" eclass="HBEFA3/PC_G_EU4" CO2="0.00" CO="0.00" HC="0.00" NOx="0.00" PMx="0.00" fuel="0.00" electricity="0.00" noise="69.94" route="routebottom" type="cfm-fast" waiting="0.00" lane="right_0" pos="0.17" speed="25.12" angle="4.17" x="132.26" y="64.12"/>
        <vehicle id="cfm-fast_4" eclass="HBEFA3/PC_G_EU4" CO2="264125.69" CO="6212.76" HC="34.95" NOx="123.21" PMx="7.24" fuel="113.53" electricity="0.00" noise="146.83" route="routetop" type="cfm-fast" waiting="0.00" lane="top_1" pos="21.12" speed="66.28" angle="236.46" x="23.45" y="115.10"/>
        <vehicle id="cfm-fast_5" eclass="HBEFA3/PC_G_EU4" CO2="7834.49" CO="86.13" HC="0.58" NOx="3.09" PMx="0.16" fuel="3.37" electricity="0.00" noise="71.54" route="routebottom" type="cfm-fast" waiting="0.00" lane="right_0" pos="16.88" speed="22.72" angle="334.11" x="122.82" y="98.39"/>
        <vehicle id="cfm-slow_0" eclass="HBEFA3/PC_G_EU4" CO2="18401.08" CO="304.10" HC="1.84" NOx="8.06" PMx="0.43" fuel="7.91" electricity="0.00" noise="77.31" route="routebottom" type="cfm-slow" waiting="0.00" lane="right_0" pos="31.08" speed="23.02" angle="308.58" x="102.09" y="120.49"/>
        <vehicle id="cfm-slow_1" eclass="HBEFA3/PC_G_EU4" CO2="26439.20" CO="475.36" HC="2.82" NOx="11.81" PMx="0.65" fuel="11.36" electricity="0.00" noise="82.08" route="routebottom" type="cfm-slow" waiting="0.00" lane="right_0" pos="49.50" speed="25.31" angle="275.45" x="64.84" y="132.25"/>
        <vehicle id="cfm-slow_2" eclass="HBEFA3/PC_G_EU4" CO2="31603.78" CO="597.04" HC="3.51" NOx="14.17" PMx="0.79" fuel="13.58" electricity="0.00" noise="84.42" route="routetop" type="cfm-slow" waiting="0.00" lane="top_0" pos="20.29" speed="28.50" angle="237.90" x="22.82" y="118.78"/>
        <vehicle id="cfm-slow_3" eclass="HBEFA3/PC_G_EU4" CO2="25376.17" CO="493.75" HC="2.89" NOx="11.16" PMx="0.65" fuel="10.91" electricity="0.00" noise="80.98" route="routetop" type="cfm-slow" waiting="0.00" lane="top_0" pos="44.36" speed="31.81" angle="194.71" x="-3.86" y="75.82"/>
        <vehicle id="cfm-slow_4" eclass="HBEFA3/PC_G_EU4" CO2="0.00" CO="0.00" HC="0.00" NOx="0.00" PMx="0.00" fuel="0.00" electricity="0.00" noise="75.14" route="routetop" type="cfm-slow" waiting="0.00" lane="left_0" pos="21.74" speed="33.73" angle="145.33" x="10.46" y="20.35"/>
        <vehicle id="cfm-slow_5" eclass="HBEFA3/PC_G_EU4" CO2="0.00" CO="0.00" HC="0.00" NOx="0.00" PMx="0.00" fuel="0.00" electricity="0.00" noise="73.47" route="routebottom" type="cfm-slow" waiting="0.00" lane="bottom_0" pos="0.89" speed="32.92" angle="92.85" x="65.68" y="-4.91"/>
    </timestep>
    <timestep time="4.90">
        <vehicle id="cfm-fast_0" eclass="HBEFA3/PC_G_EU4" CO2="117525.60" CO="2642.10" HC="14.99" NOx="54.33" PMx="3.17" fuel="50.52" electricity="0.00" noise="114.29" route="routebottom" type="cfm-fast" waiting="0.00" lane="bottom_1" pos="33.13" speed="47.89" angle="34.85" x="120.00" y="30.65"/>
        <vehicle id="cfm-fast_1" eclass="HBEFA3/PC_G_EU4" CO2="0.00" CO="0.00" HC="0.00" NOx="0.00" PMx="0.00" fuel="0.00" electricity="0.00" noise="71.68" route="routebottom" type="cfm-fast" waiting="0.00" lane="bottom_0" pos="29.73" speed="29.11" angle="40.99" x="118.80" y="22.85"/>
        <vehicle id="cfm-fast_2" eclass="HBEFA3/PC_G_EU4" CO2="185723.64" CO="4241.87" HC="23.99" NOx="86.38" PMx="5.04" fuel="79.83" electricity="0.00" noise="132.12" route="routebottom" type="cfm-fast" waiting="0.00" lane="right_1" pos="23.47" speed="55.55" angle="322.27" x="112.00" y="107.57"/>
        <vehicle id="cfm-fast_3" eclass="HBEFA3/PC_G_EU4" CO2="0.00" CO="0.00" HC="0.00" NOx="0.00" PMx="0.00" fuel="0.00" electricity="0.00" noise="69.93" route="routebottom" type="cfm-fast" waiting="0.00" lane="right_0" pos="0.42" speed="25.10" angle="3.71" x="132.25" y="64.66"/>
        <vehicle id="cfm-fast_4" eclass="HBEFA3/PC_G_EU4" CO2="264734.76" CO="6230.45" HC="35.05" NOx="123.50" PMx="7.25" fuel="113.80" electricity="0.00" noise="146.90" route="routetop" type="cfm-fast" waiting="0.00" lane="top_1" pos="21.78" speed="66.42" angle="235.30" x="22.37" y="114.26"/>
        <vehicle id="cfm-fast_5" eclass="HBEFA3/PC_G_EU4" CO2="7909.80" CO="87.69" HC="0.59" NOx="3.12" PMx="0.16" fuel="3.40" electricity="0.00" noise="71.57" route="routebottom" type="cfm-fast" waiting="0.00" lane="right_0" pos="17.11" speed="22.73" angle="333.70" x="122.57" y="98.81"/>
        <vehicle id="cfm-slow_0" eclass="HBEFA3/PC_G_EU4" CO2="18464.17" CO="305.44" HC="1.85" NOx="8.09" PMx="0.44" fuel="7.94" electricity="0.00" noise="77.35" route="routebottom" type="cfm-slow" waiting="0.00" lane="right_0" pos="31.31" speed="23.04" angle="308.17" x="101.68" y="120.76"/>
        <vehicle id="cfm-slow_1" eclass="HBEFA3/PC_G_EU4" CO2="26479.89" CO="476.31" HC="2.83" NOx="11.82" PMx="0.65" fuel="11.38" electricity="0.00" noise="82.09" route="routebottom" type="cfm-slow" waiting="0.00" lane="right_0" pos="49.75" speed="25.34" angle="274.98" x="64.30" y="132.26"/>
        <vehicle id="cfm-slow_2" eclass="HBEFA3/PC_G_EU4" CO2="31547.11" CO="596.09" HC="3.50" NOx="14.14" PMx="0.79" fuel="13.56" electricity="0.00" noise="84.38" route="routetop" type="cfm-slow" waiting="0.00" lane="top_0" pos="20.58" speed="28.54" angle="237.44" x="22.33" y="118.41"/>
        <vehicle id="cfm-slow_3" eclass="HBEFA3/PC_G_EU4" CO2="25173.29" CO="489.78" HC="2.86" NOx="11.07" PMx="0.64" fuel="10.82" electricity="0.00" noise="80.89" route="routetop" type="cfm-slow" waiting="0.00" lane="top_0" pos="44.68" speed="31.84" angle="194.12" x="-3.98" y="75.15"/>
        <vehicle id="cfm-slow_4" eclass="HBEFA3/PC_G_EU4" CO2="0.00" CO="0.00" HC="0.00" NOx="0.00" PMx="0.00" fuel="0.00" electricity="0.00" noise="75.10" route="routetop" type="cfm-slow" waiting="0.00" lane="left_0" pos="22.08" speed="33.73" angle="144.72" x="10.92" y="19.79"/>
        <vehicle id="cfm-slow_5" eclass="HBEFA3/PC_G_EU4" CO2="0.00" CO="0.00" HC="0.00" NOx="0.00" PMx="0.00" fuel="0.00" electricity="0.00" noise="73.45" route="routebottom" type="cfm-slow" waiting="0.00" lane="bottom_0" pos="1.22" speed="32.89" angle="92.27" x="66.39" y="-4.89"/>
    </timestep>
    <timestep time="4.91">
        <vehicle id="cfm-fast_0" eclass="HBEFA3/PC_G_EU4" CO2="118052.33" CO="2654.80" HC="15.06" NOx="54.58" PMx="3.18" fuel="50.74" electricity="0.00" noise="114.44" route="routebottom" type="cfm-fast" waiting="0.00" lane="bottom_1" pos="33.61" speed="47.97" angle="34.03" x="120.49" y="31.50"/>
        <vehicle id="cfm-fast_1" eclass="HBEFA3/PC_G_EU4" CO2="0.00" CO="0.00" HC="0.00" NOx="0.00" PMx="0.00" fuel="0.00" electricity="0.00" noise="71.67" route="routebottom" type="cfm-fast" waiting="0.00" lane="bottom_0" pos="30.02" speed="29.08" angle="40.46" x="119.17" y="23.36"/>
        <vehicle id="cfm-fast_2" eclass="HBEFA3/PC_G_EU4" CO2="186359.20" CO="4258.26" HC="24.08" NOx="86.68" PMx="5.05" fuel="80.11" electricity="0.00" noise="132.23" route="routebottom" type="cfm-fast" waiting="0.00" lane="right_1" pos="24.03" speed="55.66" angle="321.25" x="111.22" y="108.41"/>
        <vehicle id="cfm-fast_3" eclass="HBEFA3/PC_G_EU4" CO2="0.00" CO="0.00" HC="0.00" NOx="0.00" PMx="0.00" fuel="0.00" electricity="0.00" noise="69.93" route="routebottom" type="cfm-fast" waiting="0.00" lane="right_0" pos="0.67" speed="25.08" angle="3.26" x="132.24" y="65.20"/>
        <vehicle id="cfm-fast_4" eclass="HBEFA3/PC_G_EU4" CO2="265344.12" CO="6248.16" HC="35.14" NOx="123.79" PMx="7.27" fuel="114.06" electricity="0.00" noise="146.97" route="routetop" type="cfm-fast" waiting="0.00" lane="top_1" pos="22.45" speed="66.56" angle="234.06" x="21.33" y="113.38"/>
        <vehicle id="cfm-fast_5" eclass="HBEFA3/PC_G_EU4" CO2="7985.19" CO="89.25" HC="0.60" NOx="3.16" PMx="0.16" fuel="3.43" electricity="0.00" noise="71.61" route="routebottom" type="cfm-fast" waiting="0.00" lane="right_0" pos="17.33" speed="22.74" angle="333.28" x="122.32" y="99.23"/>
        <vehicle id="cfm-slow_0" eclass="HBEFA3/PC_G_EU4" CO2="18527.17" CO="306.77" HC="1.86" NOx="8.12" PMx="0.44" fuel="7.96" electricity="0.00" noise="77.38" route="routebottom" type="cfm-slow" waiting="0.00" lane="right_0" pos="31.54" speed="23.07" angle="307.75" x="101.27" y="121.04"/>
        <vehicle id="cfm-slow_1" eclass="HBEFA3/PC_G_EU4" CO2="26519.86" CO="477.25" HC="2.83" NOx="11.84" PMx="0.65" fuel="11.40" electricity="0.00" noise="82.11" route="routetop" type="cfm-slow" waiting="0.00" lane="top_0" pos="0.00" speed="25.38" angle="274.47" x="63.56" y="132.27"/>
        <vehicle id="cfm-slow_2" eclass="HBEFA3/PC_G_EU4" CO2="31489.19" CO="595.12" HC="3.50" NOx="14.12" PMx="0.79" fuel="13.54" electricity="0.00" noise="84.34" route="routetop" type="cfm-slow" waiting="0.00" lane="top_0" pos="20.86" speed="28.57" angle="236.91" x="21.84" y="118.03"/>
        <vehicle id="cfm-slow_3" eclass="HBEFA3/PC_G_EU4" CO2="24969.88" CO="485.79" HC="2.84" NOx="10.97" PMx="0.64" fuel="10.73" electricity="0.00" noise="80.80" route="routetop" type="cfm-slow" waiting="0.00" lane="top_0" pos="45.00" speed="31.86" angle="193.60" x="-4.10" y="74.47"/>
        <vehicle id="cfm-slow_4" eclass="HBEFA3/PC_G_EU4" CO2="0.00" CO="0.00" HC="0.00" NOx="0.00" PMx="0.00" fuel="0.00" electricity="0.00" noise="75.07" route="routetop" type="cfm-slow" waiting="0.00" lane="left_0" pos="22.42" speed="33.72" angle="144.09" x="11.39" y="19.24"/>
        <vehicle id="cfm-slow_5" eclass="HBEFA3/PC_G_EU4" CO2="0.00" CO="0.00" HC="0.00" NOx="0.00" PMx="0.00" fuel="0.00" electricity="0.00" noise="73.44" route="routebottom" type="cfm-slow" waiting="0.00" lane="bottom_0" pos="1.55" speed="32.86" angle="91.69" x="67.10" y="-4.85"/>
    </timestep>
    <timestep time="4.92">
        <vehicle id="cfm-fast_0" eclass="HBEFA3/PC_G_EU4" CO2="118580.71" CO="2667.54" HC="15.13" NOx="54.83" PMx="3.20" fuel="50.97" electricity="0.00" noise="114.58" route="routebottom" type="cfm-fast" waiting="0.00" lane="bottom_1" pos="34.09" speed="48.05" angle="33.16" x="120.97" y="32.36"/>
        <vehicle id="cfm-fast_1" eclass="HBEFA3/PC_G_EU4" CO2="0.00" CO="0.00" HC="0.00" NOx="0.00" PMx="0.00" fuel="0.00" electricity="0.00" noise="71.65" route="routebottom" type="cfm-fast" waiting="0.00" lane="bottom_0" pos="30.31" speed="29.05" angle="39.93" x="119.53" y="23.87"/>
        <vehicle id="cfm-fast_2" eclass="HBEFA3/PC_G_EU4" CO2="186995.43" CO="4274.68" HC="24.17" NOx="86.98" PMx="5.07" fuel="80.38" electricity="0.00" noise="132.35" route="routebottom" type="cfm-fast" waiting="0.00" lane="right_1" pos="24.59" speed="55.78" angle="320.29" x="110.43" y="109.24"/>
        <vehicle id="cfm-fast_3" eclass="HBEFA3/PC_G_EU4" CO2="0.00" CO="0.00" HC="0.00" NOx="0.00" PMx="0.00" fuel="0.00" electricity="0.00" noise="69.93" route="routebottom" type="cfm-fast" waiting="0.00" lane="right_0" pos="0.92" speed="25.07" angle="2.80" x="132.23" y="65.74"/>
        <vehicle id="cfm-fast_4" eclass="HBEFA3/PC_G_EU4" CO2="265953.78" CO="6265.90" HC="35.24" NOx="124.07" PMx="7.29" fuel="114.32" electricity="0.00" noise="147.03" route="routetop" type="cfm-fast" waiting="0.00" lane="top_1" pos="23.12" speed="66.69" angle="232.88" x="20.29" y="112.49"/>
        <vehicle id="cfm-fast_5" eclass="HBEFA3/PC_G_EU4" CO2="8060.68" CO="90.81" HC="0.61" NOx="3.19" PMx="0.16" fuel="3.46" electricity="0.00" noise="71.64" route="routebottom" type="cfm-fast" waiting="0.00" lane="right_0" pos="17.56" speed="22.74" angle="332.87" x="122.07" y="99.65"/>
        <vehicle id="cfm-slow_0" eclass="HBEFA3/PC_G_EU4" CO2="18590.07" CO="308.11" HC="1.86" NOx="8.15" PMx="0.44" fuel="7.99" electricity="0.00" noise="77.42" route="routebottom" type="cfm-slow" waiting="0.00" lane="right_0" pos="31.77" speed="23.09" angle="307.34" x="100.86" y="121.31"/>
        <vehicle id="cfm-slow_1" eclass="HBEFA3/PC_G_EU4" CO2="26559.10" CO="478.18" HC="2.84" NOx="11.86" PMx="0.65" fuel="11.42" electricity="0.00" noise="82.13" route="routetop" type="cfm-slow" waiting="0.00" lane="top_0" pos="0.26" speed="25.41" angle="274.01" x="63.02" y="132.26"/>
        <vehicle id="cfm-slow_2" eclass="HBEFA3/PC_G_EU4" CO2="31430.01" CO="594.12" HC="3.49" NOx="14.09" PMx="0.79" fuel="13.51" electricity="0.00" noise="84.30" route="routetop" type="cfm-slow" waiting="0.00" lane="top_0" pos="21.15" speed="28.61" angle="236.39" x="21.36" y="117.65"/>
        <vehicle id="cfm-slow_3" eclass="HBEFA3/PC_G_EU4" CO2="24765.97" CO="481.79" HC="2.82" NOx="10.87" PMx="0.63" fuel="10.65" electricity="0.00" noise="80.71" route="routetop" type="cfm-slow" waiting="0.00" lane="top_0" pos="45.32" speed="31.88" angle="193.02" x="-4.19" y="73.79"/>
        <vehicle id="cfm-slow_4" eclass="HBEFA3/PC_G_EU4" CO2="0.00" CO="0.00" HC="0.00" NOx="0.00" PMx="0.00" fuel="0.00" electricity="0.00" noise="75.04" route="routetop" type="cfm-slow" waiting="0.00" lane="left_0" pos="22.76" speed="33.72" angle="143.46" x="11.86" y="18.69"/>
        <vehicle id="cfm-slow_5" eclass="HBEFA3/PC_G_EU4" CO2="0.00" CO="0.00" HC="0.00" NOx="0.00" PMx="0.00" fuel="0.00" electricity="0.00" noise="73.42" route="routebottom" type="cfm-slow" waiting="0.00" lane="bottom_0" pos="1.88" speed="32.83" angle="91.10" x="67.80" y="-4.81"/>
    </timestep>
    <timestep time="4.93">
        <vehicle id="cfm-fast_0" eclass="HBEFA3/PC_G_EU4" CO2="119110.74" CO="2680.33" HC="15.21" NOx="55.07" PMx="3.21" fuel="51.20" electricity="0.00" noise="114.73" route="routebottom" type="cfm-fast" waiting="0.00" lane="bottom_1" pos="34.58" speed="48.14" angle="32.33" x="121.45" y="33.23"/>
        <vehicle id="cfm-fast_1" eclass="HBEFA3/PC_G_EU4" CO2="0.00" CO="0.00" HC="0.00" NOx="0.00" PMx="0.00" fuel="0.00" electricity="0.00" noise="71.64" route="routebottom" type="cfm-fast" waiting="0.00" lane="bottom_0" pos="30.60" speed="29.02" angle="39.39" x="119.90" y="24.37"/>
        <vehicle id="cfm-fast_2" eclass="HBEFA3/PC_G_EU4" CO2="187632.33" CO="4291.13" HC="24.27" NOx="87.28" PMx="5.09" fuel="80.65" electricity="0.00" noise="132.47" route="routebottom" type="cfm-fast" waiting="0.00" lane="right_1" pos="25.15" speed="55.89" angle="319.27" x="109.62" y="110.05"/>
        <vehicle id="cfm-fast_3" eclass="HBEFA3/PC_G_EU4" CO2="0.00" CO="0.00" HC="0.00" NOx="0.00" PMx="0.00" fuel="0.00" electricity="0.00" noise="69.93" route="routebottom" type="cfm-fast" waiting="0.00" lane="right_0" pos="1.17" speed="25.05" angle="2.35" x="132.22" y="66.28"/>
        <vehicle id="cfm-fast_4" eclass="HBEFA3/PC_G_EU4" CO2="266563.73" CO="6283.65" HC="35.34" NOx="124.36" PMx="7.31" fuel="114.58" electricity="0.00" noise="147.10" route="routetop" type="cfm-fast" waiting="0.00" lane="top_1" pos="23.78" speed="66.83" angle="231.66" x="19.29" y="111.56"/>
        <vehicle id="cfm-fast_5" eclass="HBEFA3/PC_G_EU4" CO2="8136.25" CO="92.38" HC="0.62" NOx="3.23" PMx="0.17" fuel="3.50" electricity="0.00" noise="71.68" route="routebottom" type="cfm-fast" waiting="0.00" lane="right_0" pos="17.79" speed="22.75" angle="332.46" x="121.82" y="100.07"/>
        <vehicle id="cfm-slow_0" eclass="HBEFA3/PC_G_EU4" CO2="18652.87" CO="309.44" HC="1.87" NOx="8.18" PMx="0.44" fuel="8.02" electricity="0.00" noise="77.46" route="routebottom" type="cfm-slow" waiting="0.00" lane="right_0" pos="32.00" speed="23.12" angle="306.96" x="100.44" y="121.59"/>
        <vehicle id="cfm-slow_1" eclass="HBEFA3/PC_G_EU4" CO2="26597.61" CO="479.09" HC="2.84" NOx="11.88" PMx="0.65" fuel="11.43" electricity="0.00" noise="82.14" route="routetop" type="cfm-slow" waiting="0.00" lane="top_0" pos="0.51" speed="25.44" angle="273.55" x="62.47" y="132.25"/>
        <vehicle id="cfm-slow_2" eclass="HBEFA3/PC_G_EU4" CO2="31369.57" CO="593.09" HC="3.48" NOx="14.06" PMx="0.79" fuel="13.48" electricity="0.00" noise="84.25" route="routetop" type="cfm-slow" waiting="0.00" lane="top_0" pos="21.44" speed="28.64" angle="235.86" x="20.87" y="117.27"/>
        <vehicle id="cfm-slow_3" eclass="HBEFA3/PC_G_EU4" CO2="24561.58" CO="477.77" HC="2.79" NOx="10.78" PMx="0.62" fuel="10.56" electricity="0.00" noise="80.62" route="routetop" type="cfm-slow" waiting="0.00" lane="top_0" pos="45.64" speed="31.90" angle="192.43" x="-4.29" y="73.11"/>
        <vehicle id="cfm-slow_4" eclass="HBEFA3/PC_G_EU4" CO2="0.00" CO="0.00" HC="0.00" NOx="0.00" PMx="0.00" fuel="0.00" electricity="0.00" noise="75.00" route="routetop" type="cfm-slow" waiting="0.00" lane="left_0" pos="23.09" speed="33.72" angle="142.91" x="12.33" y="18.13"/>
        <vehicle id="cfm-slow_5" eclass="HBEFA3/PC_G_EU4" CO2="0.00" CO="0.00" HC="0.00" NOx="0.00" PMx="0.00" fuel="0.00" electricity="0.00" noise="73.41" route="routebottom" type="cfm-slow" waiting="0.00" lane="bottom_0" pos="2.21" speed="32.81" angle="90.51" x="68.51" y="-4.77"/>
    </timestep>
    <timestep time="4.94">
        <vehicle id="cfm-fast_0" eclass="HBEFA3/PC_G_EU4" CO2="119642.41" CO="2693.16" HC="15.28" NOx="55.32" PMx="3.23" fuel="51.43" electricity="0.00" noise="114.87" route="routebottom" type="cfm-fast" waiting="0.00" lane="bottom_1" pos="35.06" speed="48.22" angle="31.45" x="121.89" y="34.11"/>
        <vehicle id="cfm-fast_1" eclass="HBEFA3/PC_G_EU4" CO2="0.00" CO="0.00" HC="0.00" NOx="0.00" PMx="0.00" fuel="0.00" electricity="0.00" noise="71.62" route="routebottom" type="cfm-fast" waiting="0.00" lane="bottom_0" pos="30.89" speed="28.99" angle="38.93" x="120.26" y="24.88"/>
        <vehicle id="cfm-fast_2" eclass="HBEFA3/PC_G_EU4" CO2="188269.87" CO="4307.61" HC="24.36" NOx="87.58" PMx="5.11" fuel="80.93" electricity="0.00" noise="132.59" route="routebottom" type="cfm-fast" waiting="0.00" lane="right_1" pos="25.71" speed="56.01" angle="318.30" x="108.81" y="110.86"/>
        <vehicle id="cfm-fast_3" eclass="HBEFA3/PC_G_EU4" CO2="0.00" CO="0.00" HC="0.00" NOx="0.00" PMx="0.00" fuel="0.00" electricity="0.00" noise="69.92" route="routebottom" type="cfm-fast" waiting="0.00" lane="right_0" pos="1.42" speed="25.04" angle="1.92" x="132.20" y="66.81"/>
        <vehicle id="cfm-fast_4" eclass="HBEFA3/PC_G_EU4" CO2="267173.97" CO="6301.43" HC="35.43" NOx="124.64" PMx="7.33" fuel="114.84" electricity="0.00" noise="147.16" route="routetop" type="cfm-fast" waiting="0.00" lane="top_1" pos="24.45" speed="66.97" angle="230.49" x="18.28" y="110.62"/>
        <vehicle id="cfm-fast_5" eclass="HBEFA3/PC_G_EU4" CO2="8211.89" CO="93.94" HC="0.63" NOx="3.26" PMx="0.17" fuel="3.53" electricity="0.00" noise="71.71" route="routebottom" type="cfm-fast" waiting="0.00" lane="right_0" pos="18.02" speed="22.76" angle="332.11" x="121.56" y="100.48"/>
        <vehicle id="cfm-slow_0" eclass="HBEFA3/PC_G_EU4" CO2="18715.57" CO="310.77" HC="1.88" NOx="8.21" PMx="0.44" fuel="8.04" electricity="0.00" noise="77.50" route="routebottom" type="cfm-slow" waiting="0.00" lane="right_0" pos="32.24" speed="23.14" angle="306.55" x="100.02" y="121.85"/>
        <vehicle id="cfm-slow_1" eclass="HBEFA3/PC_G_EU4" CO2="26635.37" CO="479.99" HC="2.85" NOx="11.89" PMx="0.65" fuel="11.45" electricity="0.00" noise="82.16" route="routetop" type="cfm-slow" waiting="0.00" lane="top_0" pos="0.77" speed="25.48" angle="273.09" x="61.92" y="132.24"/>
        <vehicle id="cfm-slow_2" eclass="HBEFA3/PC_G_EU4" CO2="31307.88" CO="592.04" HC="3.48" NOx="14.03" PMx="0.79" fuel="13.46" electricity="0.00" noise="84.21" route="routetop" type="cfm-slow" waiting="0.00" lane="top_0" pos="21.72" speed="28.68" angle="235.36" x="20.39" y="116.89"/>
        <vehicle id="cfm-slow_3" eclass="HBEFA3/PC_G_EU4" CO2="24356.71" CO="473.75" HC="2.77" NOx="10.68" PMx="0.62" fuel="10.47" electricity="0.00" noise="80.53" route="routetop" type="cfm-slow" waiting="0.00" lane="top_0" pos="45.96" speed="31.93" angle="191.84" x="-4.38" y="72.43"/>
        <vehicle id="cfm-slow_4" eclass="HBEFA3/PC_G_EU4" CO2="0.00" CO="0.00" HC="0.00" NOx="0.00" PMx="0.00" fuel="0.00" electricity="0.00" noise="74.97" route="routetop" type="cfm-slow" waiting="0.00" lane="left_0" pos="23.43" speed="33.71" angle="142.30" x="12.83" y="17.60"/>
        <vehicle id="cfm-slow_5" eclass="HBEFA3/PC_G_EU4" CO2="0.00" CO="0.00" HC="0.00" NOx="0.00" PMx="0.00" fuel="0.00" electricity="0.00" noise="73.40" route="routebottom" type="cfm-slow" waiting="0.00" lane="bottom_0" pos="2.54" speed="32.78" angle="89.95" x="69.21" y="-4.73"/>
    </timestep>
    <timestep time="4.95">
        <vehicle id="cfm-fast_0" eclass="HBEFA3/PC_G_EU4" CO2="120175.69" CO="2706.04" HC="15.35" NOx="55.57" PMx="3.24" fuel="51.66" electricity="0.00" noise="115.02" route="routebottom" type="cfm-fast" waiting="0.00" lane="bottom_1" pos="35.54" speed="48.30" angle="30.55" x="122.34" y="34.99"/>
        <vehicle id="cfm-fast_1" eclass="HBEFA3/PC_G_EU4" CO2="0.00" CO="0.00" HC="0.00" NOx="0.00" PMx="0.00" fuel="0.00" electricity="0.00" noise="71.61" route="routebottom" type="cfm-fast" waiting="0.00" lane="bottom_0" pos="31.18" speed="28.96" angle="38.41" x="120.60" y="25.40"/>
        <vehicle id="cfm-fast_2" eclass="HBEFA3/PC_G_EU4" CO2="188908.06" CO="4324.12" HC="24.45" NOx="87.87" PMx="5.13" fuel="81.20" electricity="0.00" noise="132.70" route="routebottom" type="cfm-fast" waiting="0.00" lane="right_1" pos="26.27" speed="56.12" angle="317.28" x="107.96" y="111.64"/>
        <vehicle id="cfm-fast_3" eclass="HBEFA3/PC_G_EU4" CO2="0.00" CO="0.00" HC="0.00" NOx="0.00" PMx="0.00" fuel="0.00" electricity="0.00" noise="69.92" route="routebottom" type="cfm-fast" waiting="0.00" lane="right_0" pos="1.67" speed="25.02" angle="1.47" x="132.17" y="67.35"/>
        <vehicle id="cfm-fast_4" eclass="HBEFA3/PC_G_EU4" CO2="267784.50" CO="6319.23" HC="35.53" NOx="124.93" PMx="7.34" fuel="115.11" electricity="0.00" noise="147.23" route="routetop" type="cfm-fast" waiting="0.00" lane="top_1" pos="25.12" speed="67.10" angle="229.29" x="17.31" y="109.65"/>
        <vehicle id="cfm-fast_5" eclass="HBEFA3/PC_G_EU4" CO2="8287.61" CO="95.51" HC="0.64" NOx="3.30" PMx="0.17" fuel="3.56" electricity="0.00" noise="71.74" route="routebottom" type="cfm-fast" waiting="0.00" lane="right_0" pos="18.25" speed="22.77" angle="331.67" x="121.29" y="100.89"/>
        <vehicle id="cfm-slow_0" eclass="HBEFA3/PC_G_EU4" CO2="18778.15" CO="312.10" HC="1.89" NOx="8.24" PMx="0.44" fuel="8.07" electricity="0.00" noise="77.54" route="routebottom" type="cfm-slow" waiting="0.00" lane="right_0" pos="32.47" speed="23.17" angle="306.11" x="99.59" y="122.11"/>
        <vehicle id="cfm-slow_1" eclass="HBEFA3/PC_G_EU4" CO2="26672.40" CO="480.87" HC="2.85" NOx="11.91" PMx="0.66" fuel="11.47" electricity="0.00" noise="82.17" route="routetop" type="cfm-slow" waiting="0.00" lane="top_0" pos="1.02" speed="25.51" angle="272.63" x="61.37" y="132.23"/>
        <vehicle id="cfm-slow_2" eclass="HBEFA3/PC_G_EU4" CO2="31244.95" CO="590.96" HC="3.47" NOx="14.00" PMx="0.79" fuel="13.43" electricity="0.00" noise="84.17" route="routetop" type="cfm-slow" waiting="0.00" lane="top_0" pos="22.01" speed="28.71" angle="234.85" x="19.91" y="116.50"/>
        <vehicle id="cfm-slow_3" eclass="HBEFA3/PC_G_EU4" CO2="24151.39" CO="469.71" HC="2.75" NOx="10.58" PMx="0.61" fuel="10.38" electricity="0.00" noise="80.45" route="routetop" type="cfm-slow" waiting="0.00" lane="top_0" pos="46.28" speed="31.95" angle="191.31" x="-4.47" y="71.75"/>
        <vehicle id="cfm-slow_4" eclass="HBEFA3/PC_G_EU4" CO2="0.00" CO="0.00" HC="0.00" NOx="0.00" PMx="0.00" fuel="0.00" electricity="0.00" noise="74.94" route="routetop" type="cfm-slow" waiting="0.00" lane="left_0" pos="23.77" speed="33.71" angle="141.69" x="13.32" y="17.07"/>
        <vehicle id="cfm-slow_5" eclass="HBEFA3/PC_G_EU4" CO2="0.00" CO="0.00" HC="0.00" NOx="0.00" PMx="0.00" fuel="0.00" electricity="0.00" noise="73.38" route="routebottom" type="cfm-slow" waiting="0.00" lane="bottom_0" pos="2.86" speed="32.75" angle="89.36" x="69.91" y="-4.66"/>
    </timestep>
    <timestep time="4.96">
        <vehicle id="cfm-fast_0" eclass="HBEFA3/PC_G_EU4" CO2="120710.59" CO="2718.96" HC="15.42" NOx="55.83" PMx="3.26" fuel="51.89" electricity="0.00" noise="115.16" route="routebottom" type="cfm-fast" waiting="0.00" lane="bottom_1" pos="36.02" speed="48.39" angle="29.70" x="122.77" y="35.89"/>
        <vehicle id="cfm-fast_1" eclass="HBEFA3/PC_G_EU4" CO2="0.00" CO="0.00" HC="0.00" NOx="0.00" PMx="0.00" fuel="0.00" electricity="0.00" noise="71.59" route="routebottom" type="cfm-fast" waiting="0.00" lane="bottom_0" pos="31.47" speed="28.93" angle="37.88" x="120.95" y="25.92"/>
        <vehicle id="cfm-fast_2" eclass="HBEFA3/PC_G_EU4" CO2="189546.89" CO="4340.65" HC="24.54" NOx="88.17" PMx="5.14" fuel="81.48" electricity="0.00" noise="132.82" route="routebottom" type="cfm-fast" waiting="0.00" lane="right_1" pos="26.83" speed="56.24" angle="316.27" x="107.12" y="112.42"/>
        <vehicle id="cfm-fast_3" eclass="HBEFA3/PC_G_EU4" CO2="0.00" CO="0.00" HC="0.00" NOx="0.00" PMx="0.00" fuel="0.00" electricity="0.00" noise="69.92" route="routebottom" type="cfm-fast" waiting="0.00" lane="right_0" pos="1.92" speed="25.01" angle="1.03" x="132.13" y="67.89"/>
        <vehicle id="cfm-fast_4" eclass="HBEFA3/PC_G_EU4" CO2="268395.32" CO="6337.05" HC="35.63" NOx="125.22" PMx="7.36" fuel="115.37" electricity="0.00" noise="147.30" route="routetop" type="cfm-fast" waiting="0.00" lane="top_1" pos="25.80" speed="67.24" angle="228.13" x="16.34" y="108.67"/>
        <vehicle id="cfm-fast_5" eclass="HBEFA3/PC_G_EU4" CO2="8363.41" CO="97.09" HC="0.65" NOx="3.33" PMx="0.17" fuel="3.60" electricity="0.00" noise="71.78" route="routebottom" type="cfm-fast" waiting="0.00" lane="right_0" pos="18.47" speed="22.77" angle="331.22" x="121.02" y="101.30"/>
        <vehicle id="cfm-slow_0" eclass="HBEFA3/PC_G_EU4" CO2="18840.61" CO="313.43" HC="1.89" NOx="8.27" PMx="0.45" fuel="8.10" electricity="0.00" noise="77.58" route="routebottom" type="cfm-slow" waiting="0.00" lane="right_0" pos="32.70" speed="23.19" angle="305.67" x="99.16" y="122.36"/>
        <vehicle id="cfm-slow_1" eclass="HBEFA3/PC_G_EU4" CO2="26708.67" CO="481.74" HC="2.86" NOx="11.93" PMx="0.66" fuel="11.48" electricity="0.00" noise="82.19" route="routetop" type="cfm-slow" waiting="0.00" lane="top_0" pos="1.28" speed="25.54" angle="272.18" x="60.82" y="132.21"/>
        <vehicle id="cfm-slow_2" eclass="HBEFA3/PC_G_EU4" CO2="31180.77" CO="589.86" HC="3.47" NOx="13.97" PMx="0.78" fuel="13.40" electricity="0.00" noise="84.13" route="routetop" type="cfm-slow" waiting="0.00" lane="top_0" pos="22.30" speed="28.75" angle="234.31" x="19.44" y="116.10"/>
        <vehicle id="cfm-slow_3" eclass="HBEFA3/PC_G_EU4" CO2="23945.64" CO="465.67" HC="2.72" NOx="10.48" PMx="0.61" fuel="10.29" electricity="0.00" noise="80.36" route="routetop" type="cfm-slow" waiting="0.00" lane="top_0" pos="46.60" speed="31.97" angle="190.72" x="-4.54" y="71.07"/>
        <vehicle id="cfm-slow_4" eclass="HBEFA3/PC_G_EU4" CO2="0.00" CO="0.00" HC="0.00" NOx="0.00" PMx="0.00" fuel="0.00" electricity="0.00" noise="74.91" route="routetop" type="cfm-slow" waiting="0.00" lane="left_0" pos="24.10" speed="33.70" angle="141.08" x="13.81" y="16.53"/>
        <vehicle id="cfm-slow_5" eclass="HBEFA3/PC_G_EU4" CO2="0.00" CO="0.00" HC="0.00" NOx="0.00" PMx="0.00" fuel="0.00" electricity="0.00" noise="73.37" route="routebottom" type="cfm-slow" waiting="0.00" lane="bottom_0" pos="3.19" speed="32.72" angle="88.77" x="70.61" y="-4.58"/>
    </timestep>
    <timestep time="4.97">
        <vehicle id="cfm-fast_0" eclass="HBEFA3/PC_G_EU4" CO2="121247.09" CO="2731.93" HC="15.49" NOx="56.08" PMx="3.27" fuel="52.12" electricity="0.00" noise="115.31" route="routebottom" type="cfm-fast" waiting="0.00" lane="bottom_1" pos="36.51" speed="48.47" angle="28.78" x="123.18" y="36.79"/>
        <vehicle id="cfm-fast_1" eclass="HBEFA3/PC_G_EU4" CO2="0.00" CO="0.00" HC="0.00" NOx="0.00" PMx="0.00" fuel="0.00" electricity="0.00" noise="71.58" route="routebottom" type="cfm-fast" waiting="0.00" lane="bottom_0" pos="31.75" speed="28.89" angle="37.36" x="121.29" y="26.43"/>
        <vehicle id="cfm-fast_2" eclass="HBEFA3/PC_G_EU4" CO2="190186.34" CO="4357.21" HC="24.63" NOx="88.47" PMx="5.16" fuel="81.75" electricity="0.00" noise="132.94" route="routebottom" type="cfm-fast" waiting="0.00" lane="right_1" pos="27.39" speed="56.36" angle="315.21" x="106.24" y="113.17"/>
        <vehicle id="cfm-fast_3" eclass="HBEFA3/PC_G_EU4" CO2="0.00" CO="0.00" HC="0.00" NOx="0.00" PMx="0.00" fuel="0.00" electricity="0.00" noise="69.92" route="routebottom" type="cfm-fast" waiting="0.00" lane="right_0" pos="2.17" speed="24.99" angle="0.58" x="132.10" y="68.43"/>
        <vehicle id="cfm-fast_4" eclass="HBEFA3/PC_G_EU4" CO2="269006.44" CO="6354.89" HC="35.72" NOx="125.50" PMx="7.38" fuel="115.63" electricity="0.00" noise="147.36" route="routetop" type="cfm-fast" waiting="0.00" lane="top_1" pos="26.47" speed="67.38" angle="226.88" x="15.40" y="107.66"/>
        <vehicle id="cfm-fast_5" eclass="HBEFA3/PC_G_EU4" CO2="8439.27" CO="98.66" HC="0.66" NOx="3.37" PMx="0.17" fuel="3.63" electricity="0.00" noise="71.81" route="routebottom" type="cfm-fast" waiting="0.00" lane="right_0" pos="18.70" speed="22.78" angle="330.78" x="120.75" y="101.71"/>
        <vehicle id="cfm-slow_0" eclass="HBEFA3/PC_G_EU4" CO2="18902.95" CO="314.76" HC="1.90" NOx="8.30" PMx="0.45" fuel="8.13" electricity="0.00" noise="77.61" route="routebottom" type="cfm-slow" waiting="0.00" lane="right_0" pos="32.93" speed="23.22" angle="305.23" x="98.73" y="122.62"/>
        <vehicle id="cfm-slow_1" eclass="HBEFA3/PC_G_EU4" CO2="26744.18" CO="482.60" HC="2.86" NOx="11.94" PMx="0.66" fuel="11.50" electricity="0.00" noise="82.20" route="routetop" type="cfm-slow" waiting="0.00" lane="top_0" pos="1.53" speed="25.58" angle="271.72" x="60.27" y="132.18"/>
        <vehicle id="cfm-slow_2" eclass="HBEFA3/PC_G_EU4" CO2="31115.36" CO="588.73" HC="3.46" NOx="13.94" PMx="0.78" fuel="13.37" electricity="0.00" noise="84.08" route="routetop" type="cfm-slow" waiting="0.00" lane="top_0" pos="22.59" speed="28.78" angle="233.78" x="18.97" y="115.70"/>
        <vehicle id="cfm-slow_3" eclass="HBEFA3/PC_G_EU4" CO2="23739.47" CO="461.61" HC="2.70" NOx="10.39" PMx="0.60" fuel="10.20" electricity="0.00" noise="80.27" route="routetop" type="cfm-slow" waiting="0.00" lane="top_0" pos="46.92" speed="31.99" angle="190.13" x="-4.61" y="70.38"/>
        <vehicle id="cfm-slow_4" eclass="HBEFA3/PC_G_EU4" CO2="0.00" CO="0.00" HC="0.00" NOx="0.00" PMx="0.00" fuel="0.00" electricity="0.00" noise="74.88" route="routetop" type="cfm-slow" waiting="0.00" lane="left_0" pos="24.44" speed="33.70" angle="140.53" x="14.30" y="16.01"/>
        <vehicle id="cfm-slow_5" eclass="HBEFA3/PC_G_EU4" CO2="0.00" CO="0.00" HC="0.00" NOx="0.00" PMx="0.00" fuel="0.00" electricity="0.00" noise="73.35" route="routebottom" type="cfm-slow" waiting="0.00" lane="bottom_0" pos="3.52" speed="32.69" angle="88.18" x="71.31" y="-4.51"/>
    </timestep>
    <timestep time="4.98">
        <vehicle id="cfm-fast_0" eclass="HBEFA3/PC_G_EU4" CO2="121785.18" CO="2744.94" HC="15.57" NOx="56.33" PMx="3.29" fuel="52.35" electricity="0.00" noise="115.45" route="routebottom" type="cfm-fast" waiting="0.00" lane="bottom_1" pos="36.99" speed="48.56" angle="27.85" x="123.59" y="37.70"/>
        <vehicle id="cfm-fast_1" eclass="HBEFA3/PC_G_EU4" CO2="0.00" CO="0.00" HC="0.00" NOx="0.00" PMx="0.00" fuel="0.00" electricity="0.00" noise="71.57" route="routebottom" type="cfm-fast" waiting="0.00" lane="bottom_0" pos="32.04" speed="28.86" angle="36.91" x="121.64" y="26.95"/>
        <vehicle id="cfm-fast_2" eclass="HBEFA3/PC_G_EU4" CO2="190826.42" CO="4373.81" HC="24.72" NOx="88.77" PMx="5.18" fuel="82.03" electricity="0.00" noise="133.05" route="routebottom" type="cfm-fast" waiting="0.00" lane="right_1" pos="27.96" speed="56.47" angle="314.10" x="105.35" y="113.92"/>
        <vehicle id="cfm-fast_3" eclass="HBEFA3/PC_G_EU4" CO2="0.00" CO="0.00" HC="0.00" NOx="0.00" PMx="0.00" fuel="0.00" electricity="0.00" noise="69.92" route="routebottom" type="cfm-fast" waiting="0.00" lane="right_0" pos="2.42" speed="24.98" angle="0.13" x="132.07" y="68.96"/>
        <vehicle id="cfm-fast_4" eclass="HBEFA3/PC_G_EU4" CO2="269617.85" CO="6372.75" HC="35.82" NOx="125.79" PMx="7.40" fuel="115.90" electricity="0.00" noise="147.43" route="routetop" type="cfm-fast" waiting="0.00" lane="top_1" pos="27.15" speed="67.51" angle="225.67" x="14.48" y="106.63"/>
        <vehicle id="cfm-fast_5" eclass="HBEFA3/PC_G_EU4" CO2="8515.19" CO="100.23" HC="0.67" NOx="3.41" PMx="0.18" fuel="3.66" electricity="0.00" noise="71.85" route="routebottom" type="cfm-fast" waiting="0.00" lane="right_0" pos="18.93" speed="22.79" angle="330.33" x="120.47" y="102.11"/>
        <vehicle id="cfm-slow_0" eclass="HBEFA3/PC_G_EU4" CO2="18965.15" CO="316.08" HC="1.91" NOx="8.33" PMx="0.45" fuel="8.15" electricity="0.00" noise="77.65" route="routebottom" type="cfm-slow" waiting="0.00" lane="right_0" pos="33.16" speed="23.24" angle="304.79" x="98.30" y="122.87"/>
        <vehicle id="cfm-slow_1" eclass="HBEFA3/PC_G_EU4" CO2="26778.93" CO="483.44" HC="2.87" NOx="11.96" PMx="0.66" fuel="11.51" electricity="0.00" noise="82.22" route="routetop" type="cfm-slow" waiting="0.00" lane="top_0" pos="1.79" speed="25.61" angle="271.27" x="59.72" y="132.15"/>
        <vehicle id="cfm-slow_2" eclass="HBEFA3/PC_G_EU4" CO2="31048.71" CO="587.57" HC="3.45" NOx="13.90" PMx="0.78" fuel="13.35" electricity="0.00" noise="84.04" route="routetop" type="cfm-slow" waiting="0.00" lane="top_0" pos="22.87" speed="28.82" angle="233.24" x="18.49" y="115.30"/>
        <vehicle id="cfm-slow_3" eclass="HBEFA3/PC_G_EU4" CO2="23532.90" CO="457.54" HC="2.68" NOx="10.29" PMx="0.60" fuel="10.12" electricity="0.00" noise="80.18" route="routetop" type="cfm-slow" waiting="0.00" lane="top_0" pos="47.24" speed="32.01" angle="189.55" x="-4.68" y="69.70"/>
        <vehicle id="cfm-slow_4" eclass="HBEFA3/PC_G_EU4" CO2="0.00" CO="0.00" HC="0.00" NOx="0.00" PMx="0.00" fuel="0.00" electricity="0.00" noise="74.85" route="routetop" type="cfm-slow" waiting="0.00" lane="left_0" pos="24.78" speed="33.69" angle="139.91" x="14.82" y="15.49"/>
        <vehicle id="cfm-slow_5" eclass="HBEFA3/PC_G_EU4" CO2="0.00" CO="0.00" HC="0.00" NOx="0.00" PMx="0.00" fuel="0.00" electricity="0.00" noise="73.34" route="routebottom" type="cfm-slow" waiting="0.00" lane="bottom_0" pos="3.84" speed="32.66" angle="87.61" x="72.01" y="-4.44"/>
    </timestep>
    <timestep time="4.99">
        <vehicle id="cfm-fast_0" eclass="HBEFA3/PC_G_EU4" CO2="122324.85" CO="2757.99" HC="15.64" NOx="56.58" PMx="3.30" fuel="52.58" electricity="0.00" noise="115.60" route="routebottom" type="cfm-fast" waiting="0.00" lane="bottom_1" pos="37.48" speed="48.64" angle="27.02" x="123.97" y="38.62"/>
        <vehicle id="cfm-fast_1" eclass="HBEFA3/PC_G_EU4" CO2="0.00" CO="0.00" HC="0.00" NOx="0.00" PMx="0.00" fuel="0.00" electricity="0.00" noise="71.55" route="routebottom" type="cfm-fast" waiting="0.00" lane="bottom_0" pos="32.33" speed="28.83" angle="36.38" x="121.96" y="27.48"/>
        <vehicle id="cfm-fast_2" eclass="HBEFA3/PC_G_EU4" CO2="191467.11" CO="4390.42" HC="24.81" NOx="89.07" PMx="5.20" fuel="82.30" electricity="0.00" noise="133.17" route="routebottom" type="cfm-fast" waiting="0.00" lane="right_1" pos="28.52" speed="56.59" angle="313.10" x="104.45" y="114.65"/>
        <vehicle id="cfm-fast_3" eclass="HBEFA3/PC_G_EU4" CO2="0.00" CO="0.00" HC="0.00" NOx="0.00" PMx="0.00" fuel="0.00" electricity="0.00" noise="69.92" route="routebottom" type="cfm-fast" waiting="0.00" lane="right_0" pos="2.67" speed="24.96" angle="359.71" x="132.03" y="69.50"/>
        <vehicle id="cfm-fast_4" eclass="HBEFA3/PC_G_EU4" CO2="270229.55" CO="6390.64" HC="35.92" NOx="126.08" PMx="7.42" fuel="116.16" electricity="0.00" noise="147.49" route="routetop" type="cfm-fast" waiting="0.00" lane="top_1" pos="27.82" speed="67.65" angle="224.38" x="13.58" y="105.57"/>
        <vehicle id="cfm-fast_5" eclass="HBEFA3/PC_G_EU4" CO2="8591.18" CO="101.81" HC="0.68" NOx="3.44" PMx="0.18" fuel="3.69" electricity="0.00" noise="71.88" route="routebottom" type="cfm-fast" waiting="0.00" lane="right_0" pos="19.16" speed="22.80" angle="329.93" x="120.20" y="102.52"/>
        <vehicle id="cfm-slow_0" eclass="HBEFA3/PC_G_EU4" CO2="19027.22" CO="317.40" HC="1.92" NOx="8.35" PMx="0.45" fuel="8.18" electricity="0.00" noise="77.69" route="routebottom" type="cfm-slow" waiting="0.00" lane="right_0" pos="33.40" speed="23.27" angle="304.42" x="97.87" y="123.13"/>
        <vehicle id="cfm-slow_1" eclass="HBEFA3/PC_G_EU4" CO2="26812.91" CO="484.26" HC="2.87" NOx="11.97" PMx="0.66" fuel="11.53" electricity="0.00" noise="82.23" route="routetop" type="cfm-slow" waiting="0.00" lane="top_0" pos="2.05" speed="25.64" angle="270.80" x="59.17" y="132.12"/>
        <vehicle id="cfm-slow_2" eclass="HBEFA3/PC_G_EU4" CO2="30980.83" CO="586.40" HC="3.44" NOx="13.87" PMx="0.78" fuel="13.32" electricity="0.00" noise="84.00" route="routetop" type="cfm-slow" waiting="0.00" lane="top_0" pos="23.16" speed="28.85" angle="232.78" x="18.02" y="114.89"/>
        <vehicle id="cfm-slow_3" eclass="HBEFA3/PC_G_EU4" CO2="23325.95" CO="453.46" HC="2.65" NOx="10.19" PMx="0.59" fuel="10.03" electricity="0.00" noise="80.10" route="routetop" type="cfm-slow" waiting="0.00" lane="top_0" pos="47.56" speed="32.03" angle="189.01" x="-4.74" y="69.01"/>
        <vehicle id="cfm-slow_4" eclass="HBEFA3/PC_G_EU4" CO2="0.00" CO="0.00" HC="0.00" NOx="0.00" PMx="0.00" fuel="0.00" electricity="0.00" noise="74.82" route="routetop" type="cfm-slow" waiting="0.00" lane="left_0" pos="25.11" speed="33.68" angle="139.30" x="15.33" y="14.98"/>
        <vehicle id="cfm-slow_5" eclass="HBEFA3/PC_G_EU4" CO2="0.00" CO="0.00" HC="0.00" NOx="0.00" PMx="0.00" fuel="0.00" electricity="0.00" noise="73.33" route="routebottom" type="cfm-slow" waiting="0.00" lane="bottom_0" pos="4.17" speed="32.63" angle="87.02" x="72.71" y="-4.34"/>
    </timestep>
    <timestep time="5.00">
        <vehicle id="cfm-fast_0" eclass="HBEFA3/PC_G_EU4" CO2="122866.08" CO="2771.09" HC="15.71" NOx="56.84" PMx="3.32" fuel="52.81" electricity="0.00" noise="115.74" route="routebottom" type="cfm-fast" waiting="0.00" lane="bottom_1" pos="37.97" speed="48.73" angle="26.12" x="124.34" y="39.55"/>
        <vehicle id="cfm-fast_1" eclass="HBEFA3/PC_G_EU4" CO2="0.00" CO="0.00" HC="0.00" NOx="0.00" PMx="0.00" fuel="0.00" electricity="0.00" noise="71.54" route="routebottom" type="cfm-fast" waiting="0.00" lane="bottom_0" pos="32.62" speed="28.80" angle="35.84" x="122.28" y="28.01"/>
        <vehicle id="cfm-fast_2" eclass="HBEFA3/PC_G_EU4" CO2="192108.42" CO="4407.07" HC="24.91" NOx="89.38" PMx="5.22" fuel="82.58" electricity="0.00" noise="133.29" route="routebottom" type="cfm-fast" waiting="0.00" lane="right_1" pos="29.09" speed="56.70" angle="312.07" x="103.54" y="115.36"/>
        <vehicle id="cfm-fast_3" eclass="HBEFA3/PC_G_EU4" CO2="0.00" CO="0.00" HC="0.00" NOx="0.00" PMx="0.00" fuel="0.00" electricity="0.00" noise="69.91" route="routebottom" type="cfm-fast" waiting="0.00" lane="right_0" pos="2.92" speed="24.95" angle="359.26" x="131.97" y="70.03"/>
        <vehicle id="cfm-fast_4" eclass="HBEFA3/PC_G_EU4" CO2="270841.54" CO="6408.54" HC="36.02" NOx="126.36" PMx="7.44" fuel="116.42" electricity="0.00" noise="147.56" route="routetop" type="cfm-fast" waiting="0.00" lane="top_1" pos="28.50" speed="67.78" angle="223.19" x="12.70" y="104.49"/>
        <vehicle id="cfm-fast_5" eclass="HBEFA3/PC_G_EU4" CO2="8667.22" CO="103.38" HC="0.68" NOx="3.48" PMx="0.18" fuel="3.73" electricity="0.00" noise="71.92" route="routebottom" type="cfm-fast" waiting="0.00" lane="right_0" pos="19.38" speed="22.81" angle="329.54" x="119.92" y="102.92"/>
        <vehicle id="cfm-slow_0" eclass="HBEFA3/PC_G_EU4" CO2="19089.15" CO="318.72" HC="1.92" NOx="8.38" PMx="0.45" fuel="8.21" electricity="0.00" noise="77.73" route="routebottom" type="cfm-slow" waiting="0.00" lane="right_0" pos="33.63" speed="23.29" angle="303.99" x="97.43" y="123.37"/>
        <vehicle id="cfm-slow_1" eclass="HBEFA3/PC_G_EU4" CO2="26846.12" CO="485.07" HC="2.88" NOx="11.99" PMx="0.66" fuel="11.54" electricity="0.00" noise="82.24" route="routetop" type="cfm-slow" waiting="0.00" lane="top_0" pos="2.30" speed="25.68" angle="270.34" x="58.62" y="132.09"/>
        <vehicle id="cfm-slow_2" eclass="HBEFA3/PC_G_EU4" CO2="30911.73" CO="585.19" HC="3.44" NOx="13.84" PMx="0.78" fuel="13.29" electricity="0.00" noise="83.95" route="routetop" type="cfm-slow" waiting="0.00" lane="top_0" pos="23.45" speed="28.88" angle="232.26" x="17.57" y="114.47"/>
        <vehicle id="cfm-slow_3" eclass="HBEFA3/PC_G_EU4" CO2="23118.63" CO="449.38" HC="2.63" NOx="10.09" PMx="0.59" fuel="9.94" electricity="0.00" noise="80.01" route="routetop" type="cfm-slow" waiting="0.00" lane="top_0" pos="47.88" speed="32.05" angle="188.40" x="-4.78" y="68.32"/>
        <vehicle id="cfm-slow_4" eclass="HBEFA3/PC_G_EU4" CO2="0.00" CO="0.00" HC="0.00" NOx="0.00" PMx="0.00" fuel="0.00" electricity="0.00" noise="74.79" route="routetop" type="cfm-slow" waiting="0.00" lane="left_0" pos="25.45" speed="33.68" angle="138.68" x="15.84" y="14.47"/>
        <vehicle id="cfm-slow_5" eclass="HBEFA3/PC_G_EU4" CO2="0.00" CO="0.00" HC="0.00" NOx="0.00" PMx="0.00" fuel="0.00" electricity="0.00" noise="73.31" route="routebottom" type="cfm-slow" waiting="0.00" lane="bottom_0" pos="4.50" speed="32.60" angle="86.43" x="73.40" y="-4.25"/>
    </timestep>
    <timestep time="5.01">
        <vehicle id="cfm-fast_0" eclass="HBEFA3/PC_G_EU4" CO2="123408.88" CO="2784.23" HC="15.79" NOx="57.09" PMx="3.33" fuel="53.05" electricity="0.00" noise="115.88" route="routebottom" type="cfm-fast" waiting="0.00" lane="bottom_1" pos="38.46" speed="48.81" angle="25.27" x="124.71" y="40.48"/>
        <vehicle id="cfm-fast_1" eclass="HBEFA3/PC_G_EU4" CO2="0.00" CO="0.00" HC="0.00" NOx="0.00" PMx="0.00" fuel="0.00" electricity="0.00" noise="71.52" route="routebottom" type="cfm-fast" waiting="0.00" lane="bottom_0" pos="32.91" speed="28.77" angle="35.30" x="122.59" y="28.55"/>
        <vehicle id="cfm-fast_2" eclass="HBEFA3/PC_G_EU4" CO2="192750.32" CO="4423.75" HC="25.00" NOx="89.68" PMx="5.24" fuel="82.85" electricity="0.00" noise="133.40" route="routebottom" type="cfm-fast" waiting="0.00" lane="right_1" pos="29.66" speed="56.82" angle="311.09" x="102.61" y="116.07"/>
        <vehicle id="cfm-fast_3" eclass="HBEFA3/PC_G_EU4" CO2="0.00" CO="0.00" HC="0.00" NOx="0.00" PMx="0.00" fuel="0.00" electricity="0.00" noise="69.91" route="routebottom" type="cfm-fast" waiting="0.00" lane="right_0" pos="3.17" speed="24.93" angle="358.81" x="131.92" y="70.56"/>
        <vehicle id="cfm-fast_4" eclass="HBEFA3/PC_G_EU4" CO2="271453.83" CO="6426.47" HC="36.11" NOx="126.65" PMx="7.45" fuel="116.68" electricity="0.00" noise="147.63" route="routetop" type="cfm-fast" waiting="0.00" lane="top_1" pos="29.18" speed="67.92" angle="221.95" x="11.84" y="103.39"/>
        <vehicle id="cfm-fast_5" eclass="HBEFA3/PC_G_EU4" CO2="8743.32" CO="104.96" HC="0.69" NOx="3.51" PMx="0.18" fuel="3.76" electricity="0.00" noise="71.95" route="routebottom" type="cfm-fast" waiting="0.00" lane="right_0" pos="19.61" speed="22.82" angle="329.13" x="119.63" y="103.32"/>
        <vehicle id="cfm-slow_0" eclass="HBEFA3/PC_G_EU4" CO2="19150.92" CO="320.04" HC="1.93" NOx="8.41" PMx="0.45" fuel="8.23" electricity="0.00" noise="77.77" route="routebottom" type="cfm-slow" waiting="0.00" lane="right_0" pos="33.86" speed="23.32" angle="303.57" x="97.00" y="123.61"/>
        <vehicle id="cfm-slow_1" eclass="HBEFA3/PC_G_EU4" CO2="26878.55" CO="485.87" HC="2.88" NOx="12.00" PMx="0.66" fuel="11.55" electricity="0.00" noise="82.26" route="routetop" type="cfm-slow" waiting="0.00" lane="top_0" pos="2.56" speed="25.71" angle="269.90" x="58.07" y="132.05"/>
        <vehicle id="cfm-slow_2" eclass="HBEFA3/PC_G_EU4" CO2="30841.41" CO="583.96" HC="3.43" NOx="13.80" PMx="0.78" fuel="13.26" electricity="0.00" noise="83.91" route="routetop" type="cfm-slow" waiting="0.00" lane="top_0" pos="23.74" speed="28.92" angle="231.74" x="17.11" y="114.05"/>
        <vehicle id="cfm-slow_3" eclass="HBEFA3/PC_G_EU4" CO2="22910.97" CO="445.28" HC="2.61" NOx="9.99" PMx="0.58" fuel="9.85" electricity="0.00" noise="79.92" route="routetop" type="cfm-slow" waiting="0.00" lane="top_0" pos="48.20" speed="32.07" angle="187.78" x="-4.82" y="67.63"/>
        <vehicle id="cfm-slow_4" eclass="HBEFA3/PC_G_EU4" CO2="0.00" CO="0.00" HC="0.00" NOx="0.00" PMx="0.00" fuel="0.00" electricity="0.00" noise="74.76" route="routetop" type="cfm-slow" waiting="0.00" lane="left_0" pos="25.79" speed="33.67" angle="138.12" x="16.36" y="13.97"/>
        <vehicle id="cfm-slow_5" eclass="HBEFA3/PC_G_EU4" CO2="0.00" CO="0.00" HC="0.00" NOx="0.00" PMx="0.00" fuel="0.00" electricity="0.00" noise="73.30" route="routebottom" type="cfm-slow" waiting="0.00" lane="bottom_0" pos="4.82" speed="32.57" angle="85.84" x="74.10" y="-4.15"/>
    </timestep>
    <timestep time="5.02">
        <vehicle id="cfm-fast_0" eclass="HBEFA3/PC_G_EU4" CO2="123953.22" CO="2797.42" HC="15.86" NOx="57.35" PMx="3.35" fuel="53.28" electricity="0.00" noise="116.03" route="routebottom" type="cfm-fast" waiting="0.00" lane="bottom_1" pos="38.95" speed="48.90" angle="24.40" x="125.05" y="41.42"/>
        <vehicle id="cfm-fast_1" eclass="HBEFA3/PC_G_EU4" CO2="0.00" CO="0.00" HC="0.00" NOx="0.00" PMx="0.00" fuel="0.00" electricity="0.00" noise="71.51" route="routebottom" type="cfm-fast" waiting="0.00" lane="bottom_0" pos="33.19" speed="28.74" angle="34.76" x="122.91" y="29.08"/>
        <vehicle id="cfm-fast_2" eclass="HBEFA3/PC_G_EU4" CO2="193392.82" CO="4440.45" HC="25.09" NOx="89.98" PMx="5.25" fuel="83.13" electricity="0.00" noise="133.52" route="routebottom" type="cfm-fast" waiting="0.00" lane="right_1" pos="30.23" speed="56.94" angle="310.05" x="101.66" y="116.76"/>
        <vehicle id="cfm-fast_3" eclass="HBEFA3/PC_G_EU4" CO2="0.00" CO="0.00" HC="0.00" NOx="0.00" PMx="0.00" fuel="0.00" electricity="0.00" noise="69.91" route="routebottom" type="cfm-fast" waiting="0.00" lane="right_0" pos="3.42" speed="24.92" angle="358.36" x="131.86" y="71.10"/>
        <vehicle id="cfm-fast_4" eclass="HBEFA3/PC_G_EU4" CO2="272066.40" CO="6444.42" HC="36.21" NOx="126.94" PMx="7.47" fuel="116.95" electricity="0.00" noise="147.69" route="routetop" type="cfm-fast" waiting="0.00" lane="top_1" pos="29.86" speed="68.06" angle="220.74" x="11.01" y="102.28"/>
        <vehicle id="cfm-fast_5" eclass="HBEFA3/PC_G_EU4" CO2="8819.46" CO="106.54" HC="0.70" NOx="3.55" PMx="0.18" fuel="3.79" electricity="0.00" noise="71.99" route="routebottom" type="cfm-fast" waiting="0.00" lane="right_0" pos="19.84" speed="22.82" angle="328.72" x="119.34" y="103.72"/>
        <vehicle id="cfm-slow_0" eclass="HBEFA3/PC_G_EU4" CO2="19212.55" CO="321.35" HC="1.94" NOx="8.44" PMx="0.46" fuel="8.26" electricity="0.00" noise="77.80" route="routebottom" type="cfm-slow" waiting="0.00" lane="right_0" pos="34.10" speed="23.34" angle="303.15" x="96.56" y="123.86"/>
        <vehicle id="cfm-slow_1" eclass="HBEFA3/PC_G_EU4" CO2="26910.20" CO="486.64" HC="2.89" NOx="12.02" PMx="0.66" fuel="11.57" electricity="0.00" noise="82.27" route="routetop" type="cfm-slow" waiting="0.00" lane="top_0" pos="2.82" speed="25.75" angle="269.44" x="57.52" y="132.00"/>
        <vehicle id="cfm-slow_2" eclass="HBEFA3/PC_G_EU4" CO2="30769.87" CO="582.71" HC="3.42" NOx="13.77" PMx="0.77" fuel="13.23" electricity="0.00" noise="83.86" route="routetop" type="cfm-slow" waiting="0.00" lane="top_0" pos="24.03" speed="28.95" angle="231.22" x="16.65" y="113.63"/>
        <vehicle id="cfm-slow_3" eclass="HBEFA3/PC_G_EU4" CO2="22702.98" CO="441.17" HC="2.58" NOx="9.89" PMx="0.58" fuel="9.76" electricity="0.00" noise="79.84" route="routetop" type="cfm-slow" waiting="0.00" lane="top_0" pos="48.52" speed="32.09" angle="187.17" x="-4.86" y="66.94"/>
        <vehicle id="cfm-slow_4" eclass="HBEFA3/PC_G_EU4" CO2="0.00" CO="0.00" HC="0.00" NOx="0.00" PMx="0.00" fuel="0.00" electricity="0.00" noise="74.73" route="routetop" type="cfm-slow" waiting="0.00" lane="left_0" pos="26.12" speed="33.66" angle="137.49" x="16.90" y="13.47"/>
        <vehicle id="cfm-slow_5" eclass="HBEFA3/PC_G_EU4" CO2="0.00" CO="0.00" HC="0.00" NOx="0.00" PMx="0.00" fuel="0.00" electricity="0.00" noise="73.28" route="routebottom" type="cfm-slow" waiting="0.00" lane="bottom_0" pos="5.15" speed="32.54" angle="85.22" x="74.79" y="-4.05"/>
    </timestep>
    <timestep time="5.03">
        <vehicle id="cfm-fast_0" eclass="HBEFA3/PC_G_EU4" CO2="124499.09" CO="2810.65" HC="15.94" NOx="57.60" PMx="3.36" fuel="53.52" electricity="0.00" noise="116.17" route="routebottom" type="cfm-fast" waiting="0.00" lane="bottom_1" pos="39.44" speed="48.98" angle="23.52" x="125.40" y="42.37"/>
        <vehicle id="cfm-fast_1" eclass="HBEFA3/PC_G_EU4" CO2="0.00" CO="0.00" HC="0.00" NOx="0.00" PMx="0.00" fuel="0.00" electricity="0.00" noise="71.49" route="routebottom" type="cfm-fast" waiting="0.00" lane="bottom_0" pos="33.48" speed="28.71" angle="34.29" x="123.22" y="29.61"/>
        <vehicle id="cfm-fast_2" eclass="HBEFA3/PC_G_EU4" CO2="194035.90" CO="4457.18" HC="25.18" NOx="90.28" PMx="5.27" fuel="83.41" electricity="0.00" noise="133.64" route="routebottom" type="cfm-fast" waiting="0.00" lane="right_1" pos="30.80" speed="57.05" angle="309.07" x="100.72" y="117.44"/>
        <vehicle id="cfm-fast_3" eclass="HBEFA3/PC_G_EU4" CO2="0.00" CO="0.00" HC="0.00" NOx="0.00" PMx="0.00" fuel="0.00" electricity="0.00" noise="69.91" route="routebottom" type="cfm-fast" waiting="0.00" lane="right_0" pos="3.67" speed="24.90" angle="357.92" x="131.81" y="71.63"/>
        <vehicle id="cfm-fast_4" eclass="HBEFA3/PC_G_EU4" CO2="272679.27" CO="6462.39" HC="36.31" NOx="127.22" PMx="7.49" fuel="117.21" electricity="0.00" noise="147.76" route="routetop" type="cfm-fast" waiting="0.00" lane="top_1" pos="30.54" speed="68.19" angle="219.45" x="10.19" y="101.14"/>
        <vehicle id="cfm-fast_5" eclass="HBEFA3/PC_G_EU4" CO2="8895.65" CO="108.12" HC="0.71" NOx="3.58" PMx="0.19" fuel="3.82" electricity="0.00" noise="72.03" route="routebottom" type="cfm-fast" waiting="0.00" lane="right_0" pos="20.07" speed="22.83" angle="328.30" x="119.06" y="104.12"/>
        <vehicle id="cfm-slow_0" eclass="HBEFA3/PC_G_EU4" CO2="19274.01" CO="322.67" HC="1.95" NOx="8.47" PMx="0.46" fuel="8.28" electricity="0.00" noise="77.84" route="routebottom" type="cfm-slow" waiting="0.00" lane="right_0" pos="34.33" speed="23.37" angle="302.72" x="96.12" y="124.10"/>
        <vehicle id="cfm-slow_1" eclass="HBEFA3/PC_G_EU4" CO2="26941.06" CO="487.41" HC="2.89" NOx="12.03" PMx="0.66" fuel="11.58" electricity="0.00" noise="82.28" route="routetop" type="cfm-slow" waiting="0.00" lane="top_0" pos="3.07" speed="25.78" angle="268.98" x="56.97" y="131.94"/>
        <vehicle id="cfm-slow_2" eclass="HBEFA3/PC_G_EU4" CO2="30697.13" CO="581.43" HC="3.42" NOx="13.73" PMx="0.77" fuel="13.20" electricity="0.00" noise="83.82" route="routetop" type="cfm-slow" waiting="0.00" lane="top_0" pos="24.32" speed="28.98" angle="230.74" x="16.20" y="113.20"/>
        <vehicle id="cfm-slow_3" eclass="HBEFA3/PC_G_EU4" CO2="22494.67" CO="437.06" HC="2.56" NOx="9.80" PMx="0.57" fuel="9.67" electricity="0.00" noise="79.75" route="routetop" type="cfm-slow" waiting="0.00" lane="top_0" pos="48.84" speed="32.11" angle="186.63" x="-4.89" y="66.25"/>
        <vehicle id="cfm-slow_4" eclass="HBEFA3/PC_G_EU4" CO2="0.00" CO="0.00" HC="0.00" NOx="0.00" PMx="0.00" fuel="0.00" electricity="0.00" noise="74.70" route="routetop" type="cfm-slow" waiting="0.00" lane="left_0" pos="26.46" speed="33.66" angle="136.87" x="17.43" y="12.98"/>
        <vehicle id="cfm-slow_5" eclass="HBEFA3/PC_G_EU4" CO2="0.00" CO="0.00" HC="0.00" NOx="0.00" PMx="0.00" fuel="0.00" electricity="0.00" noise="73.27" route="routebottom" type="cfm-slow" waiting="0.00" lane="bottom_0" pos="5.47" speed="32.51" angle="84.62" x="75.48" y="-3.92"/>
    </timestep>
    <timestep time="5.04">
        <vehicle id="cfm-fast_0" eclass="HBEFA3/PC_G_EU4" CO2="125046.49" CO="2823.92" HC="16.01" NOx="57.86" PMx="3.38" fuel="53.75" electricity="0.00" noise="116.32" route="routebottom" type="cfm-fast" waiting="0.00" lane="bottom_1" pos="39.93" speed="49.07" angle="22.69" x="125.72" y="43.32"/>
        <vehicle id="cfm-fast_1" eclass="HBEFA3/PC_G_EU4" CO2="0.00" CO="0.00" HC="0.00" NOx="0.00" PMx="0.00" fuel="0.00" electricity="0.00" noise="71.48" route="routebottom" type="cfm-fast" waiting="0.00" lane="bottom_0" pos="33.77" speed="28.68" angle="33.76" x="123.52" y="30.15"/>
        <vehicle id="cfm-fast_2" eclass="HBEFA3/PC_G_EU4" CO2="194679.57" CO="4473.93" HC="25.28" NOx="90.58" PMx="5.29" fuel="83.68" electricity="0.00" noise="133.75" route="routebottom" type="cfm-fast" waiting="0.00" lane="right_1" pos="31.37" speed="57.17" angle="308.02" x="99.74" y="118.09"/>
        <vehicle id="cfm-fast_3" eclass="HBEFA3/PC_G_EU4" CO2="0.00" CO="0.00" HC="0.00" NOx="0.00" PMx="0.00" fuel="0.00" electricity="0.00" noise="69.91" route="routebottom" type="cfm-fast" waiting="0.00" lane="right_0" pos="3.92" speed="24.89" angle="357.49" x="131.75" y="72.16"/>
        <vehicle id="cfm-fast_4" eclass="HBEFA3/PC_G_EU4" CO2="273292.43" CO="6480.38" HC="36.41" NOx="127.51" PMx="7.51" fuel="117.47" electricity="0.00" noise="147.82" route="routetop" type="cfm-fast" waiting="0.00" lane="top_1" pos="31.22" speed="68.33" angle="218.26" x="9.40" y="99.98"/>
        <vehicle id="cfm-fast_5" eclass="HBEFA3/PC_G_EU4" CO2="8971.88" CO="109.70" HC="0.72" NOx="3.62" PMx="0.19" fuel="3.86" electricity="0.00" noise="72.06" route="routebottom" type="cfm-fast" waiting="0.00" lane="right_0" pos="20.30" speed="22.84" angle="327.89" x="118.77" y="104.52"/>
        <vehicle id="cfm-slow_0" eclass="HBEFA3/PC_G_EU4" CO2="19335.30" CO="323.98" HC="1.95" NOx="8.50" PMx="0.46" fuel="8.31" electricity="0.00" noise="77.88" route="routebottom" type="cfm-slow" waiting="0.00" lane="right_0" pos="34.56" speed="23.39" angle="302.33" x="95.68" y="124.35"/>
        <vehicle id="cfm-slow_1" eclass="HBEFA3/PC_G_EU4" CO2="26971.13" CO="488.16" HC="2.89" NOx="12.05" PMx="0.66" fuel="11.59" electricity="0.00" noise="82.29" route="routetop" type="cfm-slow" waiting="0.00" lane="top_0" pos="3.33" speed="25.81" angle="268.52" x="56.41" y="131.88"/>
        <vehicle id="cfm-slow_2" eclass="HBEFA3/PC_G_EU4" CO2="30623.18" CO="580.12" HC="3.41" NOx="13.70" PMx="0.77" fuel="13.16" electricity="0.00" noise="83.77" route="routetop" type="cfm-slow" waiting="0.00" lane="top_0" pos="24.61" speed="29.02" angle="230.23" x="15.75" y="112.76"/>
        <vehicle id="cfm-slow_3" eclass="HBEFA3/PC_G_EU4" CO2="22286.07" CO="432.94" HC="2.53" NOx="9.70" PMx="0.57" fuel="9.58" electricity="0.00" noise="79.67" route="routetop" type="cfm-slow" waiting="0.00" lane="top_0" pos="49.16" speed="32.12" angle="186.04" x="-4.91" y="65.56"/>
        <vehicle id="cfm-slow_4" eclass="HBEFA3/PC_G_EU4" CO2="0.00" CO="0.00" HC="0.00" NOx="0.00" PMx="0.00" fuel="0.00" electricity="0.00" noise="74.68" route="routetop" type="cfm-slow" waiting="0.00" lane="left_0" pos="26.80" speed="33.65" angle="136.25" x="17.96" y="12.49"/>
        <vehicle id="cfm-slow_5" eclass="HBEFA3/PC_G_EU4" CO2="0.00" CO="0.00" HC="0.00" NOx="0.00" PMx="0.00" fuel="0.00" electricity="0.00" noise="73.26" route="routebottom" type="cfm-slow" waiting="0.00" lane="bottom_0" pos="5.80" speed="32.48" angle="84.03" x="76.16" y="-3.79"/>
    </timestep>
    <timestep time="5.05">
        <vehicle id="cfm-fast_0" eclass="HBEFA3/PC_G_EU4" CO2="125595.41" CO="2837.23" HC="16.08" NOx="58.12" PMx="3.39" fuel="53.99" electricity="0.00" noise="116.46" route="routebottom" type="cfm-fast" waiting="0.00" lane="bottom_1" pos="40.42" speed="49.16" angle="21.78" x="126.02" y="44.28"/>
        <vehicle id="cfm-fast_1" eclass="HBEFA3/PC_G_EU4" CO2="0.00" CO="0.00" HC="0.00" NOx="0.00" PMx="0.00" fuel="0.00" electricity="0.00" noise="71.47" route="routebottom" type="cfm-fast" waiting="0.00" lane="bottom_0" pos="34.05" speed="28.65" angle="33.23" x="123.82" y="30.69"/>
        <vehicle id="cfm-fast_2" eclass="HBEFA3/PC_G_EU4" CO2="195323.80" CO="4490.72" HC="25.37" NOx="90.88" PMx="5.31" fuel="83.96" electricity="0.00" noise="133.87" route="routebottom" type="cfm-fast" waiting="0.00" lane="right_1" pos="31.94" speed="57.29" angle="306.98" x="98.76" y="118.74"/>
        <vehicle id="cfm-fast_3" eclass="HBEFA3/PC_G_EU4" CO2="0.00" CO="0.00" HC="0.00" NOx="0.00" PMx="0.00" fuel="0.00" electricity="0.00" noise="69.91" route="routebottom" type="cfm-fast" waiting="0.00" lane="right_0" pos="4.16" speed="24.87" angle="357.04" x="131.67" y="72.69"/>
        <vehicle id="cfm-fast_4" eclass="HBEFA3/PC_G_EU4" CO2="273905.88" CO="6498.40" HC="36.50" NOx="127.80" PMx="7.53" fuel="117.74" electricity="0.00" noise="147.89" route="routetop" type="cfm-fast" waiting="0.00" lane="top_1" pos="31.91" speed="68.47" angle="217.03" x="8.62" y="98.82"/>
        <vehicle id="cfm-fast_5" eclass="HBEFA3/PC_G_EU4" CO2="9048.16" CO="111.29" HC="0.73" NOx="3.66" PMx="0.19" fuel="3.89" electricity="0.00" noise="72.10" route="routebottom" type="cfm-fast" waiting="0.00" lane="right_0" pos="20.53" speed="22.85" angle="327.54" x="118.48" y="104.91"/>
        <vehicle id="cfm-slow_0" eclass="HBEFA3/PC_G_EU4" CO2="19396.42" CO="325.28" HC="1.96" NOx="8.53" PMx="0.46" fuel="8.34" electricity="0.00" noise="77.91" route="routebottom" type="cfm-slow" waiting="0.00" lane="right_0" pos="34.80" speed="23.42" angle="301.94" x="95.23" y="124.58"/>
        <vehicle id="cfm-slow_1" eclass="HBEFA3/PC_G_EU4" CO2="27000.39" CO="488.89" HC="2.90" NOx="12.06" PMx="0.67" fuel="11.61" electricity="0.00" noise="82.30" route="routetop" type="cfm-slow" waiting="0.00" lane="top_0" pos="3.59" speed="25.85" angle="268.06" x="55.86" y="131.83"/>
        <vehicle id="cfm-slow_2" eclass="HBEFA3/PC_G_EU4" CO2="30548.03" CO="578.79" HC="3.40" NOx="13.66" PMx="0.77" fuel="13.13" electricity="0.00" noise="83.72" route="routetop" type="cfm-slow" waiting="0.00" lane="top_0" pos="24.90" speed="29.05" angle="229.69" x="15.31" y="112.32"/>
        <vehicle id="cfm-slow_3" eclass="HBEFA3/PC_G_EU4" CO2="22077.19" CO="428.81" HC="2.51" NOx="9.60" PMx="0.56" fuel="9.49" electricity="0.00" noise="79.59" route="routetop" type="cfm-slow" waiting="0.00" lane="top_0" pos="49.48" speed="32.14" angle="185.46" x="-4.92" y="64.87"/>
        <vehicle id="cfm-slow_4" eclass="HBEFA3/PC_G_EU4" CO2="0.00" CO="0.00" HC="0.00" NOx="0.00" PMx="0.00" fuel="0.00" electricity="0.00" noise="74.65" route="routetop" type="cfm-slow" waiting="0.00" lane="left_0" pos="27.13" speed="33.64" angle="135.68" x="18.51" y="12.02"/>
        <vehicle id="cfm-slow_5" eclass="HBEFA3/PC_G_EU4" CO2="0.00" CO="0.00" HC="0.00" NOx="0.00" PMx="0.00" fuel="0.00" electricity="0.00" noise="73.24" route="routebottom" type="cfm-slow" waiting="0.00" lane="bottom_0" pos="6.12" speed="32.45" angle="83.44" x="76.85" y="-3.67"/>
    </timestep>
    <timestep time="5.06">
        <vehicle id="cfm-fast_0" eclass="HBEFA3/PC_G_EU4" CO2="126145.82" CO="2850.59" HC="16.16" NOx="58.37" PMx="3.41" fuel="54.22" electricity="0.00" noise="116.61" route="routebottom" type="cfm-fast" waiting="0.00" lane="bottom_1" pos="40.91" speed="49.24" angle="20.86" x="126.32" y="45.24"/>
        <vehicle id="cfm-fast_1" eclass="HBEFA3/PC_G_EU4" CO2="0.00" CO="0.00" HC="0.00" NOx="0.00" PMx="0.00" fuel="0.00" electricity="0.00" noise="71.45" route="routebottom" type="cfm-fast" waiting="0.00" lane="bottom_0" pos="34.34" speed="28.62" angle="32.71" x="124.11" y="31.23"/>
        <vehicle id="cfm-fast_2" eclass="HBEFA3/PC_G_EU4" CO2="195968.61" CO="4507.53" HC="25.46" NOx="91.19" PMx="5.33" fuel="84.24" electricity="0.00" noise="133.98" route="routebottom" type="cfm-fast" waiting="0.00" lane="right_1" pos="32.52" speed="57.40" angle="306.00" x="97.76" y="119.36"/>
        <vehicle id="cfm-fast_3" eclass="HBEFA3/PC_G_EU4" CO2="0.00" CO="0.00" HC="0.00" NOx="0.00" PMx="0.00" fuel="0.00" electricity="0.00" noise="69.91" route="routebottom" type="cfm-fast" waiting="0.00" lane="right_0" pos="4.41" speed="24.86" angle="356.59" x="131.60" y="73.22"/>
        <vehicle id="cfm-fast_4" eclass="HBEFA3/PC_G_EU4" CO2="274519.62" CO="6516.43" HC="36.60" NOx="128.09" PMx="7.55" fuel="118.00" electricity="0.00" noise="147.96" route="routetop" type="cfm-fast" waiting="0.00" lane="top_1" pos="32.60" speed="68.60" angle="215.85" x="7.89" y="97.62"/>
        <vehicle id="cfm-fast_5" eclass="HBEFA3/PC_G_EU4" CO2="9124.46" CO="112.87" HC="0.74" NOx="3.69" PMx="0.19" fuel="3.92" electricity="0.00" noise="72.14" route="routebottom" type="cfm-fast" waiting="0.00" lane="right_0" pos="20.75" speed="22.86" angle="327.12" x="118.18" y="105.30"/>
        <vehicle id="cfm-slow_0" eclass="HBEFA3/PC_G_EU4" CO2="19457.36" CO="326.58" HC="1.97" NOx="8.55" PMx="0.46" fuel="8.36" electricity="0.00" noise="77.95" route="routebottom" type="cfm-slow" waiting="0.00" lane="right_0" pos="35.03" speed="23.44" angle="301.51" x="94.78" y="124.80"/>
        <vehicle id="cfm-slow_1" eclass="HBEFA3/PC_G_EU4" CO2="27028.85" CO="489.61" HC="2.90" NOx="12.07" PMx="0.67" fuel="11.62" electricity="0.00" noise="82.31" route="routetop" type="cfm-slow" waiting="0.00" lane="top_0" pos="3.85" speed="25.88" angle="267.61" x="55.31" y="131.77"/>
        <vehicle id="cfm-slow_2" eclass="HBEFA3/PC_G_EU4" CO2="30471.69" CO="577.44" HC="3.39" NOx="13.62" PMx="0.77" fuel="13.10" electricity="0.00" noise="83.68" route="routetop" type="cfm-slow" waiting="0.00" lane="top_0" pos="25.19" speed="29.08" angle="229.16" x="14.87" y="111.88"/>
        <vehicle id="cfm-slow_3" eclass="HBEFA3/PC_G_EU4" CO2="21868.05" CO="424.67" HC="2.49" NOx="9.50" PMx="0.56" fuel="9.40" electricity="0.00" noise="79.50" route="routetop" type="cfm-slow" waiting="0.00" lane="top_0" pos="49.80" speed="32.16" angle="184.87" x="-4.94" y="64.18"/>
        <vehicle id="cfm-slow_4" eclass="HBEFA3/PC_G_EU4" CO2="0.00" CO="0.00" HC="0.00" NOx="0.00" PMx="0.00" fuel="0.00" electricity="0.00" noise="74.63" route="routetop" type="cfm-slow" waiting="0.00" lane="left_0" pos="27.47" speed="33.64" angle="135.05" x="19.06" y="11.55"/>
        <vehicle id="cfm-slow_5" eclass="HBEFA3/PC_G_EU4" CO2="0.00" CO="0.00" HC="0.00" NOx="0.00" PMx="0.00" fuel="0.00" electricity="0.00" noise="73.23" route="routebottom" type="cfm-slow" waiting="0.00" lane="bottom_0" pos="6.45" speed="32.42" angle="82.89" x="77.53" y="-3.53"/>
    </timestep>
    <timestep time="5.07">
        <vehicle id="cfm-fast_0" eclass="HBEFA3/PC_G_EU4" CO2="126697.73" CO="2863.99" HC="16.23" NOx="58.63" PMx="3.42" fuel="54.46" electricity="0.00" noise="116.75" route="routebottom" type="cfm-fast" waiting="0.00" lane="bottom_1" pos="41.40" speed="49.33" angle="20.00" x="126.59" y="46.22"/>
        <vehicle id="cfm-fast_1" eclass="HBEFA3/PC_G_EU4" CO2="0.00" CO="0.00" HC="0.00" NOx="0.00" PMx="0.00" fuel="0.00" electricity="0.00" noise="71.44" route="routebottom" type="cfm-fast" waiting="0.00" lane="bottom_0" pos="34.63" speed="28.59" angle="32.24" x="124.41" y="31.77"/>
        <vehicle id="cfm-fast_2" eclass="HBEFA3/PC_G_EU4" CO2="196613.97" CO="4524.37" HC="25.56" NOx="91.49" PMx="5.35" fuel="84.51" electricity="0.00" noise="134.10" route="routebottom" type="cfm-fast" waiting="0.00" lane="right_1" pos="33.09" speed="57.52" angle="304.95" x="96.75" y="119.96"/>
        <vehicle id="cfm-fast_3" eclass="HBEFA3/PC_G_EU4" CO2="0.00" CO="0.00" HC="0.00" NOx="0.00" PMx="0.00" fuel="0.00" electricity="0.00" noise="69.91" route="routebottom" type="cfm-fast" waiting="0.00" lane="right_0" pos="4.66" speed="24.85" angle="356.14" x="131.52" y="73.75"/>
        <vehicle id="cfm-fast_4" eclass="HBEFA3/PC_G_EU4" CO2="275133.66" CO="6534.49" HC="36.70" NOx="128.38" PMx="7.56" fuel="118.27" electricity="0.00" noise="148.02" route="routetop" type="cfm-fast" waiting="0.00" lane="top_1" pos="33.28" speed="68.74" angle="214.63" x="7.16" y="96.41"/>
        <vehicle id="cfm-fast_5" eclass="HBEFA3/PC_G_EU4" CO2="9200.80" CO="114.46" HC="0.75" NOx="3.73" PMx="0.19" fuel="3.95" electricity="0.00" noise="72.17" route="routebottom" type="cfm-fast" waiting="0.00" lane="right_0" pos="20.98" speed="22.87" angle="326.71" x="117.88" y="105.69"/>
        <vehicle id="cfm-slow_0" eclass="HBEFA3/PC_G_EU4" CO2="19518.12" CO="327.88" HC="1.98" NOx="8.58" PMx="0.46" fuel="8.39" electricity="0.00" noise="77.99" route="routebottom" type="cfm-slow" waiting="0.00" lane="right_0" pos="35.27" speed="23.47" angle="301.09" x="94.33" y="125.03"/>
        <vehicle id="cfm-slow_1" eclass="HBEFA3/PC_G_EU4" CO2="27056.51" CO="490.31" HC="2.91" NOx="12.08" PMx="0.67" fuel="11.63" electricity="0.00" noise="82.32" route="routetop" type="cfm-slow" waiting="0.00" lane="top_0" pos="4.11" speed="25.91" angle="267.14" x="54.75" y="131.69"/>
        <vehicle id="cfm-slow_2" eclass="HBEFA3/PC_G_EU4" CO2="30394.16" CO="576.06" HC="3.38" NOx="13.59" PMx="0.76" fuel="13.06" electricity="0.00" noise="83.63" route="routetop" type="cfm-slow" waiting="0.00" lane="top_0" pos="25.48" speed="29.12" angle="228.63" x="14.42" y="111.43"/>
        <vehicle id="cfm-slow_3" eclass="HBEFA3/PC_G_EU4" CO2="21658.67" CO="420.52" HC="2.46" NOx="9.40" PMx="0.55" fuel="9.31" electricity="0.00" noise="79.42" route="routetop" type="cfm-slow" waiting="0.00" lane="left_0" pos="0.13" speed="32.18" angle="184.25" x="-4.94" y="63.30"/>
        <vehicle id="cfm-slow_4" eclass="HBEFA3/PC_G_EU4" CO2="0.00" CO="0.00" HC="0.00" NOx="0.00" PMx="0.00" fuel="0.00" electricity="0.00" noise="74.60" route="routetop" type="cfm-slow" waiting="0.00" lane="left_0" pos="27.81" speed="33.63" angle="134.43" x="19.61" y="11.08"/>
        <vehicle id="cfm-slow_5" eclass="HBEFA3/PC_G_EU4" CO2="0.00" CO="0.00" HC="0.00" NOx="0.00" PMx="0.00" fuel="0.00" electricity="0.00" noise="73.21" route="routebottom" type="cfm-slow" waiting="0.00" lane="bottom_0" pos="6.77" speed="32.39" angle="82.27" x="78.21" y="-3.38"/>
    </timestep>
    <timestep time="5.08">
        <vehicle id="cfm-fast_0" eclass="HBEFA3/PC_G_EU4" CO2="127251.13" CO="2877.43" HC="16.31" NOx="58.89" PMx="3.44" fuel="54.70" electricity="0.00" noise="116.90" route="routebottom" type="cfm-fast" waiting="0.00" lane="bottom_1" pos="41.90" speed="49.42" angle="19.08" x="126.85" y="47.20"/>
        <vehicle id="cfm-fast_1" eclass="HBEFA3/PC_G_EU4" CO2="0.00" CO="0.00" HC="0.00" NOx="0.00" PMx="0.00" fuel="0.00" electricity="0.00" noise="71.42" route="routebottom" type="cfm-fast" waiting="0.00" lane="bottom_0" pos="34.91" speed="28.56" angle="31.72" x="124.69" y="32.32"/>
        <vehicle id="cfm-fast_2" eclass="HBEFA3/PC_G_EU4" CO2="197259.88" CO="4541.23" HC="25.65" NOx="91.79" PMx="5.36" fuel="84.79" electricity="0.00" noise="134.21" route="routebottom" type="cfm-fast" waiting="0.00" lane="right_1" pos="33.67" speed="57.64" angle="303.95" x="95.72" y="120.55"/>
        <vehicle id="cfm-fast_3" eclass="HBEFA3/PC_G_EU4" CO2="0.00" CO="0.00" HC="0.00" NOx="0.00" PMx="0.00" fuel="0.00" electricity="0.00" noise="69.92" route="routebottom" type="cfm-fast" waiting="0.00" lane="right_0" pos="4.91" speed="24.83" angle="355.69" x="131.44" y="74.28"/>
        <vehicle id="cfm-fast_4" eclass="HBEFA3/PC_G_EU4" CO2="275747.99" CO="6552.57" HC="36.80" NOx="128.66" PMx="7.58" fuel="118.53" electricity="0.00" noise="148.09" route="routetop" type="cfm-fast" waiting="0.00" lane="top_1" pos="33.97" speed="68.88" angle="213.40" x="6.47" y="95.18"/>
        <vehicle id="cfm-fast_5" eclass="HBEFA3/PC_G_EU4" CO2="9277.16" CO="116.04" HC="0.76" NOx="3.76" PMx="0.20" fuel="3.99" electricity="0.00" noise="72.21" route="routebottom" type="cfm-fast" waiting="0.00" lane="right_0" pos="21.21" speed="22.88" angle="326.29" x="117.57" y="106.08"/>
        <vehicle id="cfm-slow_0" eclass="HBEFA3/PC_G_EU4" CO2="19578.68" CO="329.18" HC="1.98" NOx="8.61" PMx="0.47" fuel="8.42" electricity="0.00" noise="78.02" route="routebottom" type="cfm-slow" waiting="0.00" lane="right_0" pos="35.50" speed="23.50" angle="300.66" x="93.88" y="125.26"/>
        <vehicle id="cfm-slow_1" eclass="HBEFA3/PC_G_EU4" CO2="27083.35" CO="490.99" HC="2.91" NOx="12.10" PMx="0.67" fuel="11.64" electricity="0.00" noise="82.33" route="routetop" type="cfm-slow" waiting="0.00" lane="top_0" pos="4.37" speed="25.95" angle="266.68" x="54.20" y="131.61"/>
        <vehicle id="cfm-slow_2" eclass="HBEFA3/PC_G_EU4" CO2="30315.45" CO="574.66" HC="3.37" NOx="13.55" PMx="0.76" fuel="13.03" electricity="0.00" noise="83.58" route="routetop" type="cfm-slow" waiting="0.00" lane="top_0" pos="25.77" speed="29.15" angle="228.15" x="13.99" y="110.98"/>
        <vehicle id="cfm-slow_3" eclass="HBEFA3/PC_G_EU4" CO2="21449.06" CO="416.37" HC="2.44" NOx="9.30" PMx="0.54" fuel="9.22" electricity="0.00" noise="79.34" route="routetop" type="cfm-slow" waiting="0.00" lane="left_0" pos="0.45" speed="32.20" angle="183.67" x="-4.93" y="62.61"/>
        <vehicle id="cfm-slow_4" eclass="HBEFA3/PC_G_EU4" CO2="0.00" CO="0.00" HC="0.00" NOx="0.00" PMx="0.00" fuel="0.00" electricity="0.00" noise="74.58" route="routetop" type="cfm-slow" waiting="0.00" lane="left_0" pos="28.14" speed="33.62" angle="133.83" x="20.16" y="10.61"/>
        <vehicle id="cfm-slow_5" eclass="HBEFA3/PC_G_EU4" CO2="0.00" CO="0.00" HC="0.00" NOx="0.00" PMx="0.00" fuel="0.00" electricity="0.00" noise="73.20" route="routebottom" type="cfm-slow" waiting="0.00" lane="bottom_0" pos="7.09" speed="32.36" angle="81.66" x="78.89" y="-3.22"/>
    </timestep>
    <timestep time="5.09">
        <vehicle id="cfm-fast_0" eclass="HBEFA3/PC_G_EU4" CO2="127805.99" CO="2890.91" HC="16.38" NOx="59.15" PMx="3.45" fuel="54.94" electricity="0.00" noise="117.04" route="routebottom" type="cfm-fast" waiting="0.00" lane="bottom_1" pos="42.39" speed="49.50" angle="18.22" x="127.10" y="48.18"/>
        <vehicle id="cfm-fast_1" eclass="HBEFA3/PC_G_EU4" CO2="0.00" CO="0.00" HC="0.00" NOx="0.00" PMx="0.00" fuel="0.00" electricity="0.00" noise="71.41" route="routebottom" type="cfm-fast" waiting="0.00" lane="bottom_0" pos="35.20" speed="28.53" angle="31.21" x="124.96" y="32.87"/>
        <vehicle id="cfm-fast_2" eclass="HBEFA3/PC_G_EU4" CO2="197906.35" CO="4558.12" HC="25.74" NOx="92.09" PMx="5.38" fuel="85.07" electricity="0.00" noise="134.32" route="routebottom" type="cfm-fast" waiting="0.00" lane="right_1" pos="34.25" speed="57.75" angle="302.89" x="94.68" y="121.12"/>
        <vehicle id="cfm-fast_3" eclass="HBEFA3/PC_G_EU4" CO2="0.00" CO="0.00" HC="0.00" NOx="0.00" PMx="0.00" fuel="0.00" electricity="0.00" noise="69.92" route="routebottom" type="cfm-fast" waiting="0.00" lane="right_0" pos="5.16" speed="24.82" angle="355.19" x="131.36" y="74.81"/>
        <vehicle id="cfm-fast_4" eclass="HBEFA3/PC_G_EU4" CO2="276362.61" CO="6570.67" HC="36.90" NOx="128.95" PMx="7.60" fuel="118.79" electricity="0.00" noise="148.15" route="routetop" type="cfm-fast" waiting="0.00" lane="top_1" pos="34.66" speed="69.01" angle="212.19" x="5.79" y="93.94"/>
        <vehicle id="cfm-fast_5" eclass="HBEFA3/PC_G_EU4" CO2="9353.55" CO="117.63" HC="0.77" NOx="3.80" PMx="0.20" fuel="4.02" electricity="0.00" noise="72.25" route="routebottom" type="cfm-fast" waiting="0.00" lane="right_0" pos="21.44" speed="22.89" angle="325.88" x="117.27" y="106.46"/>
        <vehicle id="cfm-slow_0" eclass="HBEFA3/PC_G_EU4" CO2="19639.05" CO="330.47" HC="1.99" NOx="8.64" PMx="0.47" fuel="8.44" electricity="0.00" noise="78.06" route="routebottom" type="cfm-slow" waiting="0.00" lane="right_0" pos="35.74" speed="23.52" angle="300.23" x="93.42" y="125.48"/>
        <vehicle id="cfm-slow_1" eclass="HBEFA3/PC_G_EU4" CO2="27109.37" CO="491.66" HC="2.91" NOx="12.11" PMx="0.67" fuel="11.65" electricity="0.00" noise="82.34" route="routetop" type="cfm-slow" waiting="0.00" lane="top_0" pos="4.63" speed="25.98" angle="266.21" x="53.65" y="131.53"/>
        <vehicle id="cfm-slow_2" eclass="HBEFA3/PC_G_EU4" CO2="30235.56" CO="573.23" HC="3.37" NOx="13.51" PMx="0.76" fuel="13.00" electricity="0.00" noise="83.53" route="routetop" type="cfm-slow" waiting="0.00" lane="top_0" pos="26.07" speed="29.18" angle="227.61" x="13.56" y="110.52"/>
        <vehicle id="cfm-slow_3" eclass="HBEFA3/PC_G_EU4" CO2="21239.24" CO="412.21" HC="2.41" NOx="9.20" PMx="0.54" fuel="9.13" electricity="0.00" noise="79.26" route="routetop" type="cfm-slow" waiting="0.00" lane="left_0" pos="0.77" speed="32.21" angle="183.08" x="-4.91" y="61.91"/>
        <vehicle id="cfm-slow_4" eclass="HBEFA3/PC_G_EU4" CO2="0.00" CO="0.00" HC="0.00" NOx="0.00" PMx="0.00" fuel="0.00" electricity="0.00" noise="74.55" route="routetop" type="cfm-slow" waiting="0.00" lane="left_0" pos="28.48" speed="33.61" angle="133.24" x="20.73" y="10.16"/>
        <vehicle id="cfm-slow_5" eclass="HBEFA3/PC_G_EU4" CO2="0.00" CO="0.00" HC="0.00" NOx="0.00" PMx="0.00" fuel="0.00" electricity="0.00" noise="73.19" route="routebottom" type="cfm-slow" waiting="0.00" lane="bottom_0" pos="7.42" speed="32.33" angle="81.04" x="79.57" y="-3.07"/>
    </timestep>
    <timestep time="5.10">
        <vehicle id="cfm-fast_0" eclass="HBEFA3/PC_G_EU4" CO2="128362.32" CO="2904.44" HC="16.46" NOx="59.41" PMx="3.47" fuel="55.18" electricity="0.00" noise="117.19" route="routebottom" type="cfm-fast" waiting="0.00" lane="bottom_1" pos="42.89" speed="49.59" angle="17.35" x="127.33" y="49.17"/>
        <vehicle id="cfm-fast_1" eclass="HBEFA3/PC_G_EU4" CO2="0.00" CO="0.00" HC="0.00" NOx="0.00" PMx="0.00" fuel="0.00" electricity="0.00" noise="71.40" route="routebottom" type="cfm-fast" waiting="0.00" lane="bottom_0" pos="35.48" speed="28.50" angle="30.69" x="125.24" y="33.41"/>
        <vehicle id="cfm-fast_2" eclass="HBEFA3/PC_G_EU4" CO2="198553.35" CO="4575.04" HC="25.84" NOx="92.40" PMx="5.40" fuel="85.35" electricity="0.00" noise="134.44" route="routebottom" type="cfm-fast" waiting="0.00" lane="right_1" pos="34.83" speed="57.87" angle="301.88" x="93.64" y="121.68"/>
        <vehicle id="cfm-fast_3" eclass="HBEFA3/PC_G_EU4" CO2="0.00" CO="0.00" HC="0.00" NOx="0.00" PMx="0.00" fuel="0.00" electricity="0.00" noise="69.92" route="routebottom" type="cfm-fast" waiting="0.00" lane="right_0" pos="5.41" speed="24.81" angle="354.73" x="131.27" y="75.33"/>
        <vehicle id="cfm-fast_4" eclass="HBEFA3/PC_G_EU4" CO2="276977.52" CO="6588.79" HC="36.99" NOx="129.24" PMx="7.62" fuel="119.06" electricity="0.00" noise="148.22" route="routetop" type="cfm-fast" waiting="0.00" lane="top_1" pos="35.35" speed="69.15" angle="210.93" x="5.16" y="92.67"/>
        <vehicle id="cfm-fast_5" eclass="HBEFA3/PC_G_EU4" CO2="9429.96" CO="119.22" HC="0.78" NOx="3.83" PMx="0.20" fuel="4.05" electricity="0.00" noise="72.28" route="routebottom" type="cfm-fast" waiting="0.00" lane="right_0" pos="21.67" speed="22.90" angle="325.47" x="116.96" y="106.85"/>
        <vehicle id="cfm-slow_0" eclass="HBEFA3/PC_G_EU4" CO2="19699.22" CO="331.76" HC="2.00" NOx="8.67" PMx="0.47" fuel="8.47" electricity="0.00" noise="78.09" route="routebottom" type="cfm-slow" waiting="0.00" lane="right_0" pos="35.97" speed="23.55" angle="299.86" x="92.97" y="125.71"/>
        <vehicle id="cfm-slow_1" eclass="HBEFA3/PC_G_EU4" CO2="27134.57" CO="492.32" HC="2.92" NOx="12.12" PMx="0.67" fuel="11.66" electricity="0.00" noise="82.35" route="routetop" type="cfm-slow" waiting="0.00" lane="top_0" pos="4.89" speed="26.01" angle="265.73" x="53.09" y="131.45"/>
        <vehicle id="cfm-slow_2" eclass="HBEFA3/PC_G_EU4" CO2="30154.51" CO="571.78" HC="3.36" NOx="13.47" PMx="0.76" fuel="12.96" electricity="0.00" noise="83.48" route="routetop" type="cfm-slow" waiting="0.00" lane="top_0" pos="26.36" speed="29.21" angle="227.07" x="13.14" y="110.06"/>
        <vehicle id="cfm-slow_3" eclass="HBEFA3/PC_G_EU4" CO2="21029.23" CO="408.05" HC="2.39" NOx="9.10" PMx="0.53" fuel="9.04" electricity="0.00" noise="79.18" route="routetop" type="cfm-slow" waiting="0.00" lane="left_0" pos="1.09" speed="32.23" angle="182.50" x="-4.90" y="61.22"/>
        <vehicle id="cfm-slow_4" eclass="HBEFA3/PC_G_EU4" CO2="0.00" CO="0.00" HC="0.00" NOx="0.00" PMx="0.00" fuel="0.00" electricity="0.00" noise="74.53" route="routetop" type="cfm-slow" waiting="0.00" lane="left_0" pos="28.82" speed="33.60" angle="132.62" x="21.29" y="9.71"/>
        <vehicle id="cfm-slow_5" eclass="HBEFA3/PC_G_EU4" CO2="0.00" CO="0.00" HC="0.00" NOx="0.00" PMx="0.00" fuel="0.00" electricity="0.00" noise="73.17" route="routebottom" type="cfm-slow" waiting="0.00" lane="bottom_0" pos="7.74" speed="32.30" angle="80.50" x="80.25" y="-2.91"/>
    </timestep>
    <timestep time="5.11">
        <vehicle id="cfm-fast_0" eclass="HBEFA3/PC_G_EU4" CO2="128920.10" CO="2918.01" HC="16.54" NOx="59.68" PMx="3.49" fuel="55.42" electricity="0.00" noise="117.33" route="routebottom" type="cfm-fast" waiting="0.00" lane="bottom_1" pos="43.39" speed="49.68" angle="16.48" x="127.56" y="50.16"/>
        <vehicle id="cfm-fast_1" eclass="HBEFA3/PC_G_EU4" CO2="0.00" CO="0.00" HC="0.00" NOx="0.00" PMx="0.00" fuel="0.00" electricity="0.00" noise="71.38" route="routebottom" type="cfm-fast" waiting="0.00" lane="bottom_0" pos="35.77" speed="28.47" angle="30.17" x="125.51" y="33.96"/>
        <vehicle id="cfm-fast_2" eclass="HBEFA3/PC_G_EU4" CO2="199200.88" CO="4591.99" HC="25.93" NOx="92.70" PMx="5.42" fuel="85.63" electricity="0.00" noise="134.55" route="routebottom" type="cfm-fast" waiting="0.00" lane="right_1" pos="35.41" speed="57.99" angle="300.80" x="92.57" y="122.21"/>
        <vehicle id="cfm-fast_3" eclass="HBEFA3/PC_G_EU4" CO2="0.00" CO="0.00" HC="0.00" NOx="0.00" PMx="0.00" fuel="0.00" electricity="0.00" noise="69.92" route="routebottom" type="cfm-fast" waiting="0.00" lane="right_0" pos="5.65" speed="24.79" angle="354.27" x="131.17" y="75.86"/>
        <vehicle id="cfm-fast_4" eclass="HBEFA3/PC_G_EU4" CO2="277592.72" CO="6606.93" HC="37.09" NOx="129.53" PMx="7.64" fuel="119.32" electricity="0.00" noise="148.29" route="routetop" type="cfm-fast" waiting="0.00" lane="top_1" pos="36.05" speed="69.28" angle="209.71" x="4.53" y="91.39"/>
        <vehicle id="cfm-fast_5" eclass="HBEFA3/PC_G_EU4" CO2="9506.39" CO="120.80" HC="0.78" NOx="3.87" PMx="0.20" fuel="4.09" electricity="0.00" noise="72.32" route="routebottom" type="cfm-fast" waiting="0.00" lane="right_0" pos="21.90" speed="22.91" angle="325.09" x="116.65" y="107.23"/>
        <vehicle id="cfm-slow_0" eclass="HBEFA3/PC_G_EU4" CO2="19759.18" CO="333.05" HC="2.01" NOx="8.69" PMx="0.47" fuel="8.49" electricity="0.00" noise="78.13" route="routebottom" type="cfm-slow" waiting="0.00" lane="right_0" pos="36.21" speed="23.57" angle="299.40" x="92.50" y="125.91"/>
        <vehicle id="cfm-slow_1" eclass="HBEFA3/PC_G_EU4" CO2="27158.94" CO="492.96" HC="2.92" NOx="12.13" PMx="0.67" fuel="11.67" electricity="0.00" noise="82.35" route="routetop" type="cfm-slow" waiting="0.00" lane="top_0" pos="5.15" speed="26.05" angle="265.22" x="52.54" y="131.37"/>
        <vehicle id="cfm-slow_2" eclass="HBEFA3/PC_G_EU4" CO2="30072.28" CO="570.30" HC="3.35" NOx="13.43" PMx="0.76" fuel="12.93" electricity="0.00" noise="83.43" route="routetop" type="cfm-slow" waiting="0.00" lane="top_0" pos="26.65" speed="29.25" angle="226.52" x="12.71" y="109.60"/>
        <vehicle id="cfm-slow_3" eclass="HBEFA3/PC_G_EU4" CO2="20819.04" CO="403.88" HC="2.37" NOx="9.00" PMx="0.53" fuel="8.95" electricity="0.00" noise="79.10" route="routetop" type="cfm-slow" waiting="0.00" lane="left_0" pos="1.42" speed="32.25" angle="181.94" x="-4.87" y="60.53"/>
        <vehicle id="cfm-slow_4" eclass="HBEFA3/PC_G_EU4" CO2="0.00" CO="0.00" HC="0.00" NOx="0.00" PMx="0.00" fuel="0.00" electricity="0.00" noise="74.51" route="routetop" type="cfm-slow" waiting="0.00" lane="left_0" pos="29.15" speed="33.59" angle="131.99" x="21.86" y="9.27"/>
        <vehicle id="cfm-slow_5" eclass="HBEFA3/PC_G_EU4" CO2="0.00" CO="0.00" HC="0.00" NOx="0.00" PMx="0.00" fuel="0.00" electricity="0.00" noise="73.16" route="routebottom" type="cfm-slow" waiting="0.00" lane="bottom_0" pos="8.06" speed="32.27" angle="79.90" x="80.92" y="-2.73"/>
    </timestep>
    <timestep time="5.12">
        <vehicle id="cfm-fast_0" eclass="HBEFA3/PC_G_EU4" CO2="129479.32" CO="2931.61" HC="16.61" NOx="59.94" PMx="3.50" fuel="55.66" electricity="0.00" noise="117.48" route="routebottom" type="cfm-fast" waiting="0.00" lane="bottom_1" pos="43.88" speed="49.76" angle="15.60" x="127.76" y="51.16"/>
        <vehicle id="cfm-fast_1" eclass="HBEFA3/PC_G_EU4" CO2="0.00" CO="0.00" HC="0.00" NOx="0.00" PMx="0.00" fuel="0.00" electricity="0.00" noise="71.37" route="routebottom" type="cfm-fast" waiting="0.00" lane="bottom_0" pos="36.05" speed="28.44" angle="29.70" x="125.78" y="34.51"/>
        <vehicle id="cfm-fast_2" eclass="HBEFA3/PC_G_EU4" CO2="199848.94" CO="4608.96" HC="26.02" NOx="93.01" PMx="5.44" fuel="85.91" electricity="0.00" noise="134.67" route="routebottom" type="cfm-fast" waiting="0.00" lane="right_1" pos="35.99" speed="58.11" angle="299.78" x="91.51" y="122.74"/>
        <vehicle id="cfm-fast_3" eclass="HBEFA3/PC_G_EU4" CO2="0.00" CO="0.00" HC="0.00" NOx="0.00" PMx="0.00" fuel="0.00" electricity="0.00" noise="69.92" route="routebottom" type="cfm-fast" waiting="0.00" lane="right_0" pos="5.90" speed="24.78" angle="353.80" x="131.07" y="76.38"/>
        <vehicle id="cfm-fast_4" eclass="HBEFA3/PC_G_EU4" CO2="278208.22" CO="6625.09" HC="37.19" NOx="129.82" PMx="7.66" fuel="119.59" electricity="0.00" noise="148.35" route="routetop" type="cfm-fast" waiting="0.00" lane="top_1" pos="36.74" speed="69.42" angle="208.40" x="3.95" y="90.10"/>
        <vehicle id="cfm-fast_5" eclass="HBEFA3/PC_G_EU4" CO2="9582.83" CO="122.39" HC="0.79" NOx="3.91" PMx="0.20" fuel="4.12" electricity="0.00" noise="72.36" route="routebottom" type="cfm-fast" waiting="0.00" lane="right_0" pos="22.13" speed="22.92" angle="324.65" x="116.33" y="107.61"/>
        <vehicle id="cfm-slow_0" eclass="HBEFA3/PC_G_EU4" CO2="19818.92" CO="334.33" HC="2.01" NOx="8.72" PMx="0.47" fuel="8.52" electricity="0.00" noise="78.17" route="routebottom" type="cfm-slow" waiting="0.00" lane="right_0" pos="36.45" speed="23.60" angle="298.94" x="92.04" y="126.12"/>
        <vehicle id="cfm-slow_1" eclass="HBEFA3/PC_G_EU4" CO2="27182.48" CO="493.58" HC="2.92" NOx="12.14" PMx="0.67" fuel="11.68" electricity="0.00" noise="82.36" route="routetop" type="cfm-slow" waiting="0.00" lane="top_0" pos="5.41" speed="26.08" angle="264.73" x="51.99" y="131.27"/>
        <vehicle id="cfm-slow_2" eclass="HBEFA3/PC_G_EU4" CO2="29988.91" CO="568.80" HC="3.34" NOx="13.39" PMx="0.76" fuel="12.89" electricity="0.00" noise="83.38" route="routetop" type="cfm-slow" waiting="0.00" lane="top_0" pos="26.94" speed="29.28" angle="226.04" x="12.29" y="109.13"/>
        <vehicle id="cfm-slow_3" eclass="HBEFA3/PC_G_EU4" CO2="20608.69" CO="399.70" HC="2.34" NOx="8.90" PMx="0.52" fuel="8.86" electricity="0.00" noise="79.02" route="routetop" type="cfm-slow" waiting="0.00" lane="left_0" pos="1.74" speed="32.27" angle="181.36" x="-4.83" y="59.83"/>
        <vehicle id="cfm-slow_4" eclass="HBEFA3/PC_G_EU4" CO2="0.00" CO="0.00" HC="0.00" NOx="0.00" PMx="0.00" fuel="0.00" electricity="0.00" noise="74.48" route="routetop" type="cfm-slow" waiting="0.00" lane="left_0" pos="29.49" speed="33.58" angle="131.43" x="22.43" y="8.82"/>
        <vehicle id="cfm-slow_5" eclass="HBEFA3/PC_G_EU4" CO2="0.00" CO="0.00" HC="0.00" NOx="0.00" PMx="0.00" fuel="0.00" electricity="0.00" noise="73.14" route="routebottom" type="cfm-slow" waiting="0.00" lane="bottom_0" pos="8.39" speed="32.24" angle="79.31" x="81.59" y="-2.55"/>
    </timestep>
    <timestep time="5.13">
        <vehicle id="cfm-fast_0" eclass="HBEFA3/PC_G_EU4" CO2="130039.97" CO="2945.26" HC="16.69" NOx="60.20" PMx="3.52" fuel="55.90" electricity="0.00" noise="117.62" route="routebottom" type="cfm-fast" waiting="0.00" lane="bottom_1" pos="44.38" speed="49.85" angle="14.63" x="127.94" y="52.17"/>
        <vehicle id="cfm-fast_1" eclass="HBEFA3/PC_G_EU4" CO2="0.00" CO="0.00" HC="0.00" NOx="0.00" PMx="0.00" fuel="0.00" electricity="0.00" noise="71.35" route="routebottom" type="cfm-fast" waiting="0.00" lane="bottom_0" pos="36.34" speed="28.41" angle="29.14" x="126.03" y="35.07"/>
        <vehicle id="cfm-fast_2" eclass="HBEFA3/PC_G_EU4" CO2="200497.52" CO="4625.95" HC="26.12" NOx="93.31" PMx="5.46" fuel="86.18" electricity="0.00" noise="134.78" route="routebottom" type="cfm-fast" waiting="0.00" lane="right_1" pos="36.57" speed="58.23" angle="298.67" x="90.42" y="123.23"/>
        <vehicle id="cfm-fast_3" eclass="HBEFA3/PC_G_EU4" CO2="0.00" CO="0.00" HC="0.00" NOx="0.00" PMx="0.00" fuel="0.00" electricity="0.00" noise="69.92" route="routebottom" type="cfm-fast" waiting="0.00" lane="right_0" pos="6.15" speed="24.77" angle="353.34" x="130.98" y="76.91"/>
        <vehicle id="cfm-fast_4" eclass="HBEFA3/PC_G_EU4" CO2="278824.01" CO="6643.28" HC="37.29" NOx="130.11" PMx="7.67" fuel="119.85" electricity="0.00" noise="148.42" route="routetop" type="cfm-fast" waiting="0.00" lane="top_1" pos="37.44" speed="69.56" angle="207.15" x="3.38" y="88.79"/>
        <vehicle id="cfm-fast_5" eclass="HBEFA3/PC_G_EU4" CO2="9659.28" CO="123.98" HC="0.80" NOx="3.94" PMx="0.21" fuel="4.15" electricity="0.00" noise="72.40" route="routebottom" type="cfm-fast" waiting="0.00" lane="right_0" pos="22.36" speed="22.93" angle="324.22" x="116.02" y="107.99"/>
        <vehicle id="cfm-slow_0" eclass="HBEFA3/PC_G_EU4" CO2="19878.45" CO="335.61" HC="2.02" NOx="8.75" PMx="0.47" fuel="8.54" electricity="0.00" noise="78.20" route="routebottom" type="cfm-slow" waiting="0.00" lane="right_0" pos="36.68" speed="23.62" angle="298.48" x="91.58" y="126.33"/>
        <vehicle id="cfm-slow_1" eclass="HBEFA3/PC_G_EU4" CO2="27205.19" CO="494.18" HC="2.93" NOx="12.15" PMx="0.67" fuel="11.69" electricity="0.00" noise="82.37" route="routetop" type="cfm-slow" waiting="0.00" lane="top_0" pos="5.67" speed="26.11" angle="264.24" x="51.44" y="131.17"/>
        <vehicle id="cfm-slow_2" eclass="HBEFA3/PC_G_EU4" CO2="29904.37" CO="567.28" HC="3.33" NOx="13.35" PMx="0.75" fuel="12.85" electricity="0.00" noise="83.33" route="routetop" type="cfm-slow" waiting="0.00" lane="top_0" pos="27.24" speed="29.31" angle="225.49" x="11.88" y="108.65"/>
        <vehicle id="cfm-slow_3" eclass="HBEFA3/PC_G_EU4" CO2="20398.20" CO="395.52" HC="2.32" NOx="8.80" PMx="0.52" fuel="8.77" electricity="0.00" noise="78.94" route="routetop" type="cfm-slow" waiting="0.00" lane="left_0" pos="2.06" speed="32.28" angle="180.78" x="-4.79" y="59.14"/>
        <vehicle id="cfm-slow_4" eclass="HBEFA3/PC_G_EU4" CO2="0.00" CO="0.00" HC="0.00" NOx="0.00" PMx="0.00" fuel="0.00" electricity="0.00" noise="74.46" route="routetop" type="cfm-slow" waiting="0.00" lane="left_0" pos="29.82" speed="33.57" angle="130.82" x="23.02" y="8.40"/>
        <vehicle id="cfm-slow_5" eclass="HBEFA3/PC_G_EU4" CO2="0.00" CO="0.00" HC="0.00" NOx="0.00" PMx="0.00" fuel="0.00" electricity="0.00" noise="73.13" route="routebottom" type="cfm-slow" waiting="0.00" lane="bottom_0" pos="8.71" speed="32.21" angle="78.72" x="82.26" y="-2.37"/>
    </timestep>
    <timestep time="5.14">
        <vehicle id="cfm-fast_0" eclass="HBEFA3/PC_G_EU4" CO2="130602.05" CO="2958.96" HC="16.76" NOx="60.47" PMx="3.53" fuel="56.14" electricity="0.00" noise="117.77" route="routebottom" type="cfm-fast" waiting="0.00" lane="bottom_1" pos="44.88" speed="49.94" angle="13.73" x="128.13" y="53.18"/>
        <vehicle id="cfm-fast_1" eclass="HBEFA3/PC_G_EU4" CO2="0.00" CO="0.00" HC="0.00" NOx="0.00" PMx="0.00" fuel="0.00" electricity="0.00" noise="71.34" route="routebottom" type="cfm-fast" waiting="0.00" lane="bottom_0" pos="36.62" speed="28.38" angle="28.59" x="126.28" y="35.63"/>
        <vehicle id="cfm-fast_2" eclass="HBEFA3/PC_G_EU4" CO2="201146.62" CO="4642.98" HC="26.21" NOx="93.61" PMx="5.48" fuel="86.46" electricity="0.00" noise="134.89" route="routebottom" type="cfm-fast" waiting="0.00" lane="right_1" pos="37.15" speed="58.34" angle="297.62" x="89.33" y="123.72"/>
        <vehicle id="cfm-fast_3" eclass="HBEFA3/PC_G_EU4" CO2="0.00" CO="0.00" HC="0.00" NOx="0.00" PMx="0.00" fuel="0.00" electricity="0.00" noise="69.92" route="routebottom" type="cfm-fast" waiting="0.00" lane="right_0" pos="6.40" speed="24.75" angle="352.94" x="130.88" y="77.43"/>
        <vehicle id="cfm-fast_4" eclass="HBEFA3/PC_G_EU4" CO2="279440.08" CO="6661.49" HC="37.39" NOx="130.39" PMx="7.69" fuel="120.12" electricity="0.00" noise="148.48" route="routetop" type="cfm-fast" waiting="0.00" lane="top_1" pos="38.13" speed="69.69" angle="205.83" x="2.85" y="87.46"/>
        <vehicle id="cfm-fast_5" eclass="HBEFA3/PC_G_EU4" CO2="9735.73" CO="125.57" HC="0.81" NOx="3.98" PMx="0.21" fuel="4.18" electricity="0.00" noise="72.43" route="routebottom" type="cfm-fast" waiting="0.00" lane="right_0" pos="22.59" speed="22.94" angle="323.78" x="115.70" y="108.36"/>
        <vehicle id="cfm-slow_0" eclass="HBEFA3/PC_G_EU4" CO2="19937.74" CO="336.89" HC="2.03" NOx="8.78" PMx="0.48" fuel="8.57" electricity="0.00" noise="78.24" route="routebottom" type="cfm-slow" waiting="0.00" lane="right_0" pos="36.92" speed="23.65" angle="298.02" x="91.11" y="126.53"/>
        <vehicle id="cfm-slow_1" eclass="HBEFA3/PC_G_EU4" CO2="27227.05" CO="494.77" HC="2.93" NOx="12.16" PMx="0.67" fuel="11.70" electricity="0.00" noise="82.37" route="routetop" type="cfm-slow" waiting="0.00" lane="top_0" pos="5.93" speed="26.14" angle="263.75" x="50.88" y="131.06"/>
        <vehicle id="cfm-slow_2" eclass="HBEFA3/PC_G_EU4" CO2="29818.70" CO="565.73" HC="3.32" NOx="13.31" PMx="0.75" fuel="12.82" electricity="0.00" noise="83.28" route="routetop" type="cfm-slow" waiting="0.00" lane="top_0" pos="27.53" speed="29.34" angle="224.94" x="11.47" y="108.17"/>
        <vehicle id="cfm-slow_3" eclass="HBEFA3/PC_G_EU4" CO2="20187.59" CO="391.33" HC="2.29" NOx="8.70" PMx="0.51" fuel="8.68" electricity="0.00" noise="78.86" route="routetop" type="cfm-slow" waiting="0.00" lane="left_0" pos="2.38" speed="32.30" angle="180.20" x="-4.75" y="58.45"/>
        <vehicle id="cfm-slow_4" eclass="HBEFA3/PC_G_EU4" CO2="0.00" CO="0.00" HC="0.00" NOx="0.00" PMx="0.00" fuel="0.00" electricity="0.00" noise="74.44" route="routetop" type="cfm-slow" waiting="0.00" lane="left_0" pos="30.16" speed="33.56" angle="130.20" x="23.60" y="7.98"/>
        <vehicle id="cfm-slow_5" eclass="HBEFA3/PC_G_EU4" CO2="0.00" CO="0.00" HC="0.00" NOx="0.00" PMx="0.00" fuel="0.00" electricity="0.00" noise="73.11" route="routebottom" type="cfm-slow" waiting="0.00" lane="bottom_0" pos="9.03" speed="32.18" angle="78.18" x="82.92" y="-2.18"/>
    </timestep>
    <timestep time="5.15">
        <vehicle id="cfm-fast_0" eclass="HBEFA3/PC_G_EU4" CO2="131165.53" CO="2972.69" HC="16.84" NOx="60.73" PMx="3.55" fuel="56.38" electricity="0.00" noise="117.91" route="routebottom" type="cfm-fast" waiting="0.00" lane="bottom_1" pos="45.38" speed="50.03" angle="12.81" x="128.27" y="54.19"/>
        <vehicle id="cfm-fast_1" eclass="HBEFA3/PC_G_EU4" CO2="0.00" CO="0.00" HC="0.00" NOx="0.00" PMx="0.00" fuel="0.00" electricity="0.00" noise="71.33" route="routebottom" type="cfm-fast" waiting="0.00" lane="bottom_0" pos="36.90" speed="28.35" angle="28.04" x="126.52" y="36.19"/>
        <vehicle id="cfm-fast_2" eclass="HBEFA3/PC_G_EU4" CO2="201796.22" CO="4660.03" HC="26.31" NOx="93.92" PMx="5.49" fuel="86.74" electricity="0.00" noise="135.01" route="routebottom" type="cfm-fast" waiting="0.00" lane="right_1" pos="37.74" speed="58.46" angle="296.56" x="88.21" y="124.17"/>
        <vehicle id="cfm-fast_3" eclass="HBEFA3/PC_G_EU4" CO2="0.00" CO="0.00" HC="0.00" NOx="0.00" PMx="0.00" fuel="0.00" electricity="0.00" noise="69.93" route="routebottom" type="cfm-fast" waiting="0.00" lane="right_0" pos="6.64" speed="24.74" angle="352.48" x="130.76" y="77.95"/>
        <vehicle id="cfm-fast_4" eclass="HBEFA3/PC_G_EU4" CO2="280056.46" CO="6679.72" HC="37.49" NOx="130.68" PMx="7.71" fuel="120.38" electricity="0.00" noise="148.55" route="routetop" type="cfm-fast" waiting="0.00" lane="top_1" pos="38.83" speed="69.83" angle="204.59" x="2.35" y="86.12"/>
        <vehicle id="cfm-fast_5" eclass="HBEFA3/PC_G_EU4" CO2="9812.19" CO="127.16" HC="0.82" NOx="4.01" PMx="0.21" fuel="4.22" electricity="0.00" noise="72.47" route="routebottom" type="cfm-fast" waiting="0.00" lane="right_0" pos="22.82" speed="22.95" angle="323.35" x="115.38" y="108.74"/>
        <vehicle id="cfm-slow_0" eclass="HBEFA3/PC_G_EU4" CO2="19996.81" CO="338.16" HC="2.04" NOx="8.80" PMx="0.48" fuel="8.60" electricity="0.00" noise="78.27" route="routebottom" type="cfm-slow" waiting="0.00" lane="right_0" pos="37.15" speed="23.68" angle="297.61" x="90.65" y="126.74"/>
        <vehicle id="cfm-slow_1" eclass="HBEFA3/PC_G_EU4" CO2="27248.07" CO="495.34" HC="2.93" NOx="12.17" PMx="0.67" fuel="11.71" electricity="0.00" noise="82.38" route="routetop" type="cfm-slow" waiting="0.00" lane="top_0" pos="6.19" speed="26.18" angle="263.27" x="50.33" y="130.96"/>
        <vehicle id="cfm-slow_2" eclass="HBEFA3/PC_G_EU4" CO2="29731.88" CO="564.16" HC="3.31" NOx="13.27" PMx="0.75" fuel="12.78" electricity="0.00" noise="83.23" route="routetop" type="cfm-slow" waiting="0.00" lane="top_0" pos="27.82" speed="29.37" angle="224.39" x="11.06" y="107.69"/>
        <vehicle id="cfm-slow_3" eclass="HBEFA3/PC_G_EU4" CO2="19976.87" CO="387.14" HC="2.27" NOx="8.60" PMx="0.51" fuel="8.59" electricity="0.00" noise="78.78" route="routetop" type="cfm-slow" waiting="0.00" lane="left_0" pos="2.71" speed="32.31" angle="179.64" x="-4.69" y="57.75"/>
        <vehicle id="cfm-slow_4" eclass="HBEFA3/PC_G_EU4" CO2="0.00" CO="0.00" HC="0.00" NOx="0.00" PMx="0.00" fuel="0.00" electricity="0.00" noise="74.42" route="routetop" type="cfm-slow" waiting="0.00" lane="left_0" pos="30.49" speed="33.56" angle="129.59" x="24.19" y="7.55"/>
        <vehicle id="cfm-slow_5" eclass="HBEFA3/PC_G_EU4" CO2="0.00" CO="0.00" HC="0.00" NOx="0.00" PMx="0.00" fuel="0.00" electricity="0.00" noise="73.10" route="routebottom" type="cfm-slow" waiting="0.00" lane="bottom_0" pos="9.35" speed="32.15" angle="77.59" x="83.58" y="-1.98"/>
    </timestep>
    <timestep time="5.16">
        <vehicle id="cfm-fast_0" eclass="HBEFA3/PC_G_EU4" CO2="131730.42" CO="2986.46" HC="16.92" NOx="60.99" PMx="3.56" fuel="56.62" electricity="0.00" noise="118.06" route="routebottom" type="cfm-fast" waiting="0.00" lane="bottom_1" pos="45.88" speed="50.12" angle="11.90" x="128.42" y="55.21"/>
        <vehicle id="cfm-fast_1" eclass="HBEFA3/PC_G_EU4" CO2="0.00" CO="0.00" HC="0.00" NOx="0.00" PMx="0.00" fuel="0.00" electricity="0.00" noise="71.31" route="routebottom" type="cfm-fast" waiting="0.00" lane="bottom_0" pos="37.19" speed="28.32" angle="27.56" x="126.77" y="36.74"/>
        <vehicle id="cfm-fast_2" eclass="HBEFA3/PC_G_EU4" CO2="202446.33" CO="4677.10" HC="26.40" NOx="94.22" PMx="5.51" fuel="87.02" electricity="0.00" noise="135.12" route="routebottom" type="cfm-fast" waiting="0.00" lane="right_1" pos="38.32" speed="58.58" angle="295.47" x="87.10" y="124.61"/>
        <vehicle id="cfm-fast_3" eclass="HBEFA3/PC_G_EU4" CO2="0.00" CO="0.00" HC="0.00" NOx="0.00" PMx="0.00" fuel="0.00" electricity="0.00" noise="69.93" route="routebottom" type="cfm-fast" waiting="0.00" lane="right_0" pos="6.89" speed="24.73" angle="352.01" x="130.65" y="78.47"/>
        <vehicle id="cfm-fast_4" eclass="HBEFA3/PC_G_EU4" CO2="280673.12" CO="6697.97" HC="37.59" NOx="130.97" PMx="7.73" fuel="120.65" electricity="0.00" noise="148.61" route="routetop" type="cfm-fast" waiting="0.00" lane="top_1" pos="39.53" speed="69.97" angle="203.32" x="1.86" y="84.77"/>
        <vehicle id="cfm-fast_5" eclass="HBEFA3/PC_G_EU4" CO2="9888.65" CO="128.75" HC="0.83" NOx="4.05" PMx="0.21" fuel="4.25" electricity="0.00" noise="72.51" route="routebottom" type="cfm-fast" waiting="0.00" lane="right_0" pos="23.05" speed="22.96" angle="322.98" x="115.06" y="109.12"/>
        <vehicle id="cfm-slow_0" eclass="HBEFA3/PC_G_EU4" CO2="20055.64" CO="339.42" HC="2.04" NOx="8.83" PMx="0.48" fuel="8.62" electricity="0.00" noise="78.31" route="routebottom" type="cfm-slow" waiting="0.00" lane="right_0" pos="37.39" speed="23.70" angle="297.21" x="90.18" y="126.94"/>
        <vehicle id="cfm-slow_1" eclass="HBEFA3/PC_G_EU4" CO2="27268.24" CO="495.90" HC="2.94" NOx="12.18" PMx="0.67" fuel="11.72" electricity="0.00" noise="82.38" route="routetop" type="cfm-slow" waiting="0.00" lane="top_0" pos="6.46" speed="26.21" angle="262.84" x="49.78" y="130.85"/>
        <vehicle id="cfm-slow_2" eclass="HBEFA3/PC_G_EU4" CO2="29643.94" CO="562.57" HC="3.30" NOx="13.23" PMx="0.75" fuel="12.74" electricity="0.00" noise="83.18" route="routetop" type="cfm-slow" waiting="0.00" lane="top_0" pos="28.12" speed="29.40" angle="223.86" x="10.65" y="107.21"/>
        <vehicle id="cfm-slow_3" eclass="HBEFA3/PC_G_EU4" CO2="19766.05" CO="382.95" HC="2.24" NOx="8.50" PMx="0.50" fuel="8.50" electricity="0.00" noise="78.70" route="routetop" type="cfm-slow" waiting="0.00" lane="left_0" pos="3.03" speed="32.33" angle="179.06" x="-4.62" y="57.06"/>
        <vehicle id="cfm-slow_4" eclass="HBEFA3/PC_G_EU4" CO2="0.00" CO="0.00" HC="0.00" NOx="0.00" PMx="0.00" fuel="0.00" electricity="0.00" noise="74.40" route="routetop" type="cfm-slow" waiting="0.00" lane="left_0" pos="30.83" speed="33.55" angle="129.04" x="24.78" y="7.14"/>
        <vehicle id="cfm-slow_5" eclass="HBEFA3/PC_G_EU4" CO2="0.00" CO="0.00" HC="0.00" NOx="0.00" PMx="0.00" fuel="0.00" electricity="0.00" noise="73.09" route="routebottom" type="cfm-slow" waiting="0.00" lane="bottom_0" pos="9.67" speed="32.11" angle="77.00" x="84.25" y="-1.78"/>
    </timestep>
    <timestep time="5.17">
        <vehicle id="cfm-fast_0" eclass="HBEFA3/PC_G_EU4" CO2="132296.69" CO="3000.28" HC="17.00" NOx="61.26" PMx="3.58" fuel="56.87" electricity="0.00" noise="118.20" route="routebottom" type="cfm-fast" waiting="0.00" lane="bottom_1" pos="46.38" speed="50.21" angle="11.05" x="128.55" y="56.23"/>
        <vehicle id="cfm-fast_1" eclass="HBEFA3/PC_G_EU4" CO2="0.00" CO="0.00" HC="0.00" NOx="0.00" PMx="0.00" fuel="0.00" electricity="0.00" noise="71.30" route="routebottom" type="cfm-fast" waiting="0.00" lane="bottom_0" pos="37.47" speed="28.29" angle="27.06" x="127.00" y="37.31"/>
        <vehicle id="cfm-fast_2" eclass="HBEFA3/PC_G_EU4" CO2="203096.93" CO="4694.20" HC="26.49" NOx="94.53" PMx="5.53" fuel="87.30" electricity="0.00" noise="135.23" route="routebottom" type="cfm-fast" waiting="0.00" lane="right_1" pos="38.91" speed="58.70" angle="294.47" x="85.97" y="125.03"/>
        <vehicle id="cfm-fast_3" eclass="HBEFA3/PC_G_EU4" CO2="0.00" CO="0.00" HC="0.00" NOx="0.00" PMx="0.00" fuel="0.00" electricity="0.00" noise="69.93" route="routebottom" type="cfm-fast" waiting="0.00" lane="right_0" pos="7.14" speed="24.72" angle="351.55" x="130.53" y="78.99"/>
        <vehicle id="cfm-fast_4" eclass="HBEFA3/PC_G_EU4" CO2="281290.07" CO="6716.24" HC="37.69" NOx="131.26" PMx="7.75" fuel="120.91" electricity="0.00" noise="148.68" route="routetop" type="cfm-fast" waiting="0.00" lane="top_1" pos="40.23" speed="70.10" angle="202.08" x="1.42" y="83.40"/>
        <vehicle id="cfm-fast_5" eclass="HBEFA3/PC_G_EU4" CO2="9965.10" CO="130.34" HC="0.84" NOx="4.09" PMx="0.21" fuel="4.28" electricity="0.00" noise="72.55" route="routebottom" type="cfm-fast" waiting="0.00" lane="right_0" pos="23.28" speed="22.97" angle="322.58" x="114.72" y="109.48"/>
        <vehicle id="cfm-slow_0" eclass="HBEFA3/PC_G_EU4" CO2="20114.23" CO="340.69" HC="2.05" NOx="8.86" PMx="0.48" fuel="8.65" electricity="0.00" noise="78.34" route="routebottom" type="cfm-slow" waiting="0.00" lane="right_0" pos="37.63" speed="23.73" angle="296.78" x="89.70" y="127.13"/>
        <vehicle id="cfm-slow_1" eclass="HBEFA3/PC_G_EU4" CO2="27287.56" CO="496.43" HC="2.94" NOx="12.18" PMx="0.67" fuel="11.73" electricity="0.00" noise="82.39" route="routetop" type="cfm-slow" waiting="0.00" lane="top_0" pos="6.72" speed="26.24" angle="262.34" x="49.22" y="130.73"/>
        <vehicle id="cfm-slow_2" eclass="HBEFA3/PC_G_EU4" CO2="29554.87" CO="560.95" HC="3.29" NOx="13.18" PMx="0.74" fuel="12.70" electricity="0.00" noise="83.13" route="routetop" type="cfm-slow" waiting="0.00" lane="top_0" pos="28.41" speed="29.44" angle="223.37" x="10.25" y="106.72"/>
        <vehicle id="cfm-slow_3" eclass="HBEFA3/PC_G_EU4" CO2="19555.16" CO="378.75" HC="2.22" NOx="8.40" PMx="0.50" fuel="8.41" electricity="0.00" noise="78.62" route="routetop" type="cfm-slow" waiting="0.00" lane="left_0" pos="3.35" speed="32.34" angle="178.48" x="-4.55" y="56.37"/>
        <vehicle id="cfm-slow_4" eclass="HBEFA3/PC_G_EU4" CO2="0.00" CO="0.00" HC="0.00" NOx="0.00" PMx="0.00" fuel="0.00" electricity="0.00" noise="74.37" route="routetop" type="cfm-slow" waiting="0.00" lane="left_0" pos="31.16" speed="33.53" angle="128.43" x="25.38" y="6.74"/>
        <vehicle id="cfm-slow_5" eclass="HBEFA3/PC_G_EU4" CO2="0.00" CO="0.00" HC="0.00" NOx="0.00" PMx="0.00" fuel="0.00" electricity="0.00" noise="73.07" route="routebottom" type="cfm-slow" waiting="0.00" lane="bottom_0" pos="9.99" speed="32.08" angle="76.41" x="84.90" y="-1.57"/>
    </timestep>
    <timestep time="5.18">
        <vehicle id="cfm-fast_0" eclass="HBEFA3/PC_G_EU4" CO2="132864.35" CO="3014.13" HC="17.07" NOx="61.53" PMx="3.60" fuel="57.11" electricity="0.00" noise="118.35" route="routebottom" type="cfm-fast" waiting="0.00" lane="bottom_1" pos="46.89" speed="50.30" angle="10.16" x="128.65" y="57.26"/>
        <vehicle id="cfm-fast_1" eclass="HBEFA3/PC_G_EU4" CO2="0.00" CO="0.00" HC="0.00" NOx="0.00" PMx="0.00" fuel="0.00" electricity="0.00" noise="71.29" route="routebottom" type="cfm-fast" waiting="0.00" lane="bottom_0" pos="37.75" speed="28.26" angle="26.55" x="127.23" y="37.87"/>
        <vehicle id="cfm-fast_2" eclass="HBEFA3/PC_G_EU4" CO2="203748.01" CO="4711.33" HC="26.59" NOx="94.83" PMx="5.55" fuel="87.58" electricity="0.00" noise="135.34" route="routebottom" type="cfm-fast" waiting="0.00" lane="right_1" pos="39.50" speed="58.82" angle="293.42" x="84.84" y="125.44"/>
        <vehicle id="cfm-fast_3" eclass="HBEFA3/PC_G_EU4" CO2="0.00" CO="0.00" HC="0.00" NOx="0.00" PMx="0.00" fuel="0.00" electricity="0.00" noise="69.94" route="routebottom" type="cfm-fast" waiting="0.00" lane="right_0" pos="7.39" speed="24.70" angle="351.09" x="130.41" y="79.50"/>
        <vehicle id="cfm-fast_4" eclass="HBEFA3/PC_G_EU4" CO2="281907.32" CO="6734.53" HC="37.78" NOx="131.55" PMx="7.77" fuel="121.18" electricity="0.00" noise="148.75" route="routetop" type="cfm-fast" waiting="0.00" lane="top_1" pos="40.93" speed="70.24" angle="200.78" x="0.99" y="82.03"/>
        <vehicle id="cfm-fast_5" eclass="HBEFA3/PC_G_EU4" CO2="10041.54" CO="131.93" HC="0.85" NOx="4.12" PMx="0.22" fuel="4.32" electricity="0.00" noise="72.59" route="routebottom" type="cfm-fast" waiting="0.00" lane="right_0" pos="23.51" speed="22.98" angle="322.16" x="114.39" y="109.84"/>
        <vehicle id="cfm-slow_0" eclass="HBEFA3/PC_G_EU4" CO2="20172.56" CO="341.94" HC="2.06" NOx="8.88" PMx="0.48" fuel="8.67" electricity="0.00" noise="78.38" route="routebottom" type="cfm-slow" waiting="0.00" lane="right_0" pos="37.87" speed="23.75" angle="296.35" x="89.23" y="127.32"/>
        <vehicle id="cfm-slow_1" eclass="HBEFA3/PC_G_EU4" CO2="27306.03" CO="496.96" HC="2.94" NOx="12.19" PMx="0.67" fuel="11.74" electricity="0.00" noise="82.39" route="routetop" type="cfm-slow" waiting="0.00" lane="top_0" pos="6.98" speed="26.28" angle="261.85" x="48.67" y="130.60"/>
        <vehicle id="cfm-slow_2" eclass="HBEFA3/PC_G_EU4" CO2="29464.68" CO="559.31" HC="3.28" NOx="13.14" PMx="0.74" fuel="12.67" electricity="0.00" noise="83.08" route="routetop" type="cfm-slow" waiting="0.00" lane="top_0" pos="28.71" speed="29.47" angle="222.84" x="9.86" y="106.22"/>
        <vehicle id="cfm-slow_3" eclass="HBEFA3/PC_G_EU4" CO2="19344.21" CO="374.55" HC="2.20" NOx="8.30" PMx="0.49" fuel="8.32" electricity="0.00" noise="78.55" route="routetop" type="cfm-slow" waiting="0.00" lane="left_0" pos="3.68" speed="32.36" angle="177.90" x="-4.48" y="55.68"/>
        <vehicle id="cfm-slow_4" eclass="HBEFA3/PC_G_EU4" CO2="0.00" CO="0.00" HC="0.00" NOx="0.00" PMx="0.00" fuel="0.00" electricity="0.00" noise="74.35" route="routetop" type="cfm-slow" waiting="0.00" lane="left_0" pos="31.50" speed="33.52" angle="127.83" x="25.98" y="6.34"/>
        <vehicle id="cfm-slow_5" eclass="HBEFA3/PC_G_EU4" CO2="0.00" CO="0.00" HC="0.00" NOx="0.00" PMx="0.00" fuel="0.00" electricity="0.00" noise="73.06" route="routebottom" type="cfm-slow" waiting="0.00" lane="bottom_0" pos="10.31" speed="32.05" angle="75.89" x="85.56" y="-1.36"/>
    </timestep>
    <timestep time="5.19">
        <vehicle id="cfm-fast_0" eclass="HBEFA3/PC_G_EU4" CO2="133433.38" CO="3028.03" HC="17.15" NOx="61.79" PMx="3.61" fuel="57.36" electricity="0.00" noise="118.49" route="routebottom" type="cfm-fast" waiting="0.00" lane="bottom_1" pos="47.39" speed="50.39" angle="9.29" x="128.76" y="58.29"/>
        <vehicle id="cfm-fast_1" eclass="HBEFA3/PC_G_EU4" CO2="0.00" CO="0.00" HC="0.00" NOx="0.00" PMx="0.00" fuel="0.00" electricity="0.00" noise="71.27" route="routebottom" type="cfm-fast" waiting="0.00" lane="bottom_0" pos="38.03" speed="28.24" angle="26.04" x="127.45" y="38.44"/>
        <vehicle id="cfm-fast_2" eclass="HBEFA3/PC_G_EU4" CO2="204399.59" CO="4728.48" HC="26.68" NOx="95.14" PMx="5.57" fuel="87.86" electricity="0.00" noise="135.46" route="routebottom" type="cfm-fast" waiting="0.00" lane="right_1" pos="40.09" speed="58.93" angle="292.40" x="83.69" y="125.82"/>
        <vehicle id="cfm-fast_3" eclass="HBEFA3/PC_G_EU4" CO2="0.00" CO="0.00" HC="0.00" NOx="0.00" PMx="0.00" fuel="0.00" electricity="0.00" noise="69.94" route="routebottom" type="cfm-fast" waiting="0.00" lane="right_0" pos="7.63" speed="24.69" angle="350.68" x="130.30" y="80.02"/>
        <vehicle id="cfm-fast_4" eclass="HBEFA3/PC_G_EU4" CO2="282524.86" CO="6752.85" HC="37.88" NOx="131.84" PMx="7.78" fuel="121.44" electricity="0.00" noise="148.81" route="routetop" type="cfm-fast" waiting="0.00" lane="top_1" pos="41.64" speed="70.38" angle="199.53" x="0.61" y="80.64"/>
        <vehicle id="cfm-fast_5" eclass="HBEFA3/PC_G_EU4" CO2="10117.97" CO="133.52" HC="0.86" NOx="4.16" PMx="0.22" fuel="4.35" electricity="0.00" noise="72.63" route="routebottom" type="cfm-fast" waiting="0.00" lane="right_0" pos="23.74" speed="22.99" angle="321.75" x="114.05" y="110.21"/>
        <vehicle id="cfm-slow_0" eclass="HBEFA3/PC_G_EU4" CO2="20230.64" CO="343.20" HC="2.06" NOx="8.91" PMx="0.48" fuel="8.70" electricity="0.00" noise="78.41" route="routebottom" type="cfm-slow" waiting="0.00" lane="right_0" pos="38.10" speed="23.78" angle="295.92" x="88.75" y="127.51"/>
        <vehicle id="cfm-slow_1" eclass="HBEFA3/PC_G_EU4" CO2="27323.63" CO="497.46" HC="2.95" NOx="12.20" PMx="0.68" fuel="11.75" electricity="0.00" noise="82.40" route="routetop" type="cfm-slow" waiting="0.00" lane="top_0" pos="7.24" speed="26.31" angle="261.35" x="48.12" y="130.48"/>
        <vehicle id="cfm-slow_2" eclass="HBEFA3/PC_G_EU4" CO2="29373.38" CO="557.64" HC="3.27" NOx="13.10" PMx="0.74" fuel="12.63" electricity="0.00" noise="83.03" route="routetop" type="cfm-slow" waiting="0.00" lane="top_0" pos="29.00" speed="29.50" angle="222.30" x="9.47" y="105.72"/>
        <vehicle id="cfm-slow_3" eclass="HBEFA3/PC_G_EU4" CO2="19133.22" CO="370.34" HC="2.17" NOx="8.20" PMx="0.49" fuel="8.22" electricity="0.00" noise="78.47" route="routetop" type="cfm-slow" waiting="0.00" lane="left_0" pos="4.00" speed="32.37" angle="177.34" x="-4.39" y="54.98"/>
        <vehicle id="cfm-slow_4" eclass="HBEFA3/PC_G_EU4" CO2="0.00" CO="0.00" HC="0.00" NOx="0.00" PMx="0.00" fuel="0.00" electricity="0.00" noise="74.33" route="routetop" type="cfm-slow" waiting="0.00" lane="left_0" pos="31.84" speed="33.51" angle="127.22" x="26.58" y="5.94"/>
        <vehicle id="cfm-slow_5" eclass="HBEFA3/PC_G_EU4" CO2="0.00" CO="0.00" HC="0.00" NOx="0.00" PMx="0.00" fuel="0.00" electricity="0.00" noise="73.04" route="routebottom" type="cfm-slow" waiting="0.00" lane="bottom_0" pos="10.63" speed="32.02" angle="75.29" x="86.21" y="-1.13"/>
    </timestep>
    <timestep time="5.20">
        <vehicle id="cfm-fast_0" eclass="HBEFA3/PC_G_EU4" CO2="134003.77" CO="3041.97" HC="17.23" NOx="62.06" PMx="3.63" fuel="57.60" electricity="0.00" noise="118.63" route="routebottom" type="cfm-fast" waiting="0.00" lane="bottom_1" pos="47.90" speed="50.48" angle="8.35" x="128.82" y="59.32"/>
        <vehicle id="cfm-fast_1" eclass="HBEFA3/PC_G_EU4" CO2="0.00" CO="0.00" HC="0.00" NOx="0.00" PMx="0.00" fuel="0.00" electricity="0.00" noise="71.26" route="routebottom" type="cfm-fast" waiting="0.00" lane="bottom_0" pos="38.32" speed="28.21" angle="25.53" x="127.68" y="39.00"/>
        <vehicle id="cfm-fast_2" eclass="HBEFA3/PC_G_EU4" CO2="205051.64" CO="4745.66" HC="26.78" NOx="95.45" PMx="5.59" fuel="88.14" electricity="0.00" noise="135.57" route="routebottom" type="cfm-fast" waiting="0.00" lane="right_1" pos="40.68" speed="59.05" angle="291.30" x="82.53" y="126.18"/>
        <vehicle id="cfm-fast_3" eclass="HBEFA3/PC_G_EU4" CO2="0.00" CO="0.00" HC="0.00" NOx="0.00" PMx="0.00" fuel="0.00" electricity="0.00" noise="69.94" route="routebottom" type="cfm-fast" waiting="0.00" lane="right_0" pos="7.88" speed="24.68" angle="350.24" x="130.16" y="80.54"/>
        <vehicle id="cfm-fast_4" eclass="HBEFA3/PC_G_EU4" CO2="283142.69" CO="6771.19" HC="37.98" NOx="132.13" PMx="7.80" fuel="121.71" electricity="0.00" noise="148.88" route="routetop" type="cfm-fast" waiting="0.00" lane="top_1" pos="42.34" speed="70.51" angle="198.30" x="0.24" y="79.24"/>
        <vehicle id="cfm-fast_5" eclass="HBEFA3/PC_G_EU4" CO2="10194.39" CO="135.11" HC="0.87" NOx="4.19" PMx="0.22" fuel="4.38" electricity="0.00" noise="72.66" route="routebottom" type="cfm-fast" waiting="0.00" lane="right_0" pos="23.97" speed="23.00" angle="321.33" x="113.72" y="110.57"/>
        <vehicle id="cfm-slow_0" eclass="HBEFA3/PC_G_EU4" CO2="20288.47" CO="344.45" HC="2.07" NOx="8.94" PMx="0.49" fuel="8.72" electricity="0.00" noise="78.44" route="routebottom" type="cfm-slow" waiting="0.00" lane="right_0" pos="38.34" speed="23.81" angle="295.49" x="88.28" y="127.70"/>
        <vehicle id="cfm-slow_1" eclass="HBEFA3/PC_G_EU4" CO2="27340.37" CO="497.95" HC="2.95" NOx="12.21" PMx="0.68" fuel="11.75" electricity="0.00" noise="82.40" route="routetop" type="cfm-slow" waiting="0.00" lane="top_0" pos="7.51" speed="26.34" angle="260.86" x="47.57" y="130.35"/>
        <vehicle id="cfm-slow_2" eclass="HBEFA3/PC_G_EU4" CO2="29280.97" CO="555.96" HC="3.26" NOx="13.05" PMx="0.74" fuel="12.59" electricity="0.00" noise="82.97" route="routetop" type="cfm-slow" waiting="0.00" lane="top_0" pos="29.30" speed="29.53" angle="221.76" x="9.08" y="105.22"/>
        <vehicle id="cfm-slow_3" eclass="HBEFA3/PC_G_EU4" CO2="18922.20" CO="366.13" HC="2.15" NOx="8.10" PMx="0.48" fuel="8.13" electricity="0.00" noise="78.40" route="routetop" type="cfm-slow" waiting="0.00" lane="left_0" pos="4.33" speed="32.39" angle="176.75" x="-4.30" y="54.29"/>
        <vehicle id="cfm-slow_4" eclass="HBEFA3/PC_G_EU4" CO2="0.00" CO="0.00" HC="0.00" NOx="0.00" PMx="0.00" fuel="0.00" electricity="0.00" noise="74.31" route="routetop" type="cfm-slow" waiting="0.00" lane="left_0" pos="32.17" speed="33.50" angle="126.68" x="27.18" y="5.55"/>
        <vehicle id="cfm-slow_5" eclass="HBEFA3/PC_G_EU4" CO2="0.00" CO="0.00" HC="0.00" NOx="0.00" PMx="0.00" fuel="0.00" electricity="0.00" noise="73.03" route="routebottom" type="cfm-slow" waiting="0.00" lane="bottom_0" pos="10.95" speed="31.99" angle="74.70" x="86.86" y="-0.90"/>
    </timestep>
    <timestep time="5.21">
        <vehicle id="cfm-fast_0" eclass="HBEFA3/PC_G_EU4" CO2="134575.51" CO="3055.94" HC="17.31" NOx="62.33" PMx="3.64" fuel="57.85" electricity="0.00" noise="118.78" route="routebottom" type="cfm-fast" waiting="0.00" lane="bottom_1" pos="48.40" speed="50.57" angle="7.37" x="128.88" y="60.35"/>
        <vehicle id="cfm-fast_1" eclass="HBEFA3/PC_G_EU4" CO2="0.00" CO="0.00" HC="0.00" NOx="0.00" PMx="0.00" fuel="0.00" electricity="0.00" noise="71.25" route="routebottom" type="cfm-fast" waiting="0.00" lane="bottom_0" pos="38.60" speed="28.18" angle="25.08" x="127.90" y="39.57"/>
        <vehicle id="cfm-fast_2" eclass="HBEFA3/PC_G_EU4" CO2="205704.16" CO="4762.87" HC="26.87" NOx="95.75" PMx="5.61" fuel="88.42" electricity="0.00" noise="135.68" route="routebottom" type="cfm-fast" waiting="0.00" lane="right_1" pos="41.27" speed="59.17" angle="290.25" x="81.37" y="126.52"/>
        <vehicle id="cfm-fast_3" eclass="HBEFA3/PC_G_EU4" CO2="0.00" CO="0.00" HC="0.00" NOx="0.00" PMx="0.00" fuel="0.00" electricity="0.00" noise="69.95" route="routebottom" type="cfm-fast" waiting="0.00" lane="right_0" pos="8.13" speed="24.67" angle="349.79" x="130.02" y="81.05"/>
        <vehicle id="cfm-fast_4" eclass="HBEFA3/PC_G_EU4" CO2="283760.81" CO="6789.55" HC="38.08" NOx="132.42" PMx="7.82" fuel="121.97" electricity="0.00" noise="148.94" route="routetop" type="cfm-fast" waiting="0.00" lane="top_1" pos="43.05" speed="70.65" angle="197.03" x="-0.08" y="77.83"/>
        <vehicle id="cfm-fast_5" eclass="HBEFA3/PC_G_EU4" CO2="10270.78" CO="136.69" HC="0.88" NOx="4.23" PMx="0.22" fuel="4.41" electricity="0.00" noise="72.70" route="routebottom" type="cfm-fast" waiting="0.00" lane="right_0" pos="24.20" speed="23.01" angle="320.92" x="113.38" y="110.93"/>
        <vehicle id="cfm-slow_0" eclass="HBEFA3/PC_G_EU4" CO2="20346.02" CO="345.69" HC="2.08" NOx="8.96" PMx="0.49" fuel="8.75" electricity="0.00" noise="78.48" route="routebottom" type="cfm-slow" waiting="0.00" lane="right_0" pos="38.58" speed="23.83" angle="295.11" x="87.80" y="127.88"/>
        <vehicle id="cfm-slow_1" eclass="HBEFA3/PC_G_EU4" CO2="27356.24" CO="498.42" HC="2.95" NOx="12.21" PMx="0.68" fuel="11.76" electricity="0.00" noise="82.40" route="routetop" type="cfm-slow" waiting="0.00" lane="top_0" pos="7.77" speed="26.38" angle="260.44" x="47.02" y="130.22"/>
        <vehicle id="cfm-slow_2" eclass="HBEFA3/PC_G_EU4" CO2="29187.47" CO="554.24" HC="3.25" NOx="13.01" PMx="0.74" fuel="12.55" electricity="0.00" noise="82.92" route="routetop" type="cfm-slow" waiting="0.00" lane="top_0" pos="29.59" speed="29.56" angle="221.28" x="8.69" y="104.71"/>
        <vehicle id="cfm-slow_3" eclass="HBEFA3/PC_G_EU4" CO2="18711.17" CO="361.92" HC="2.12" NOx="8.00" PMx="0.47" fuel="8.04" electricity="0.00" noise="78.32" route="routetop" type="cfm-slow" waiting="0.00" lane="left_0" pos="4.65" speed="32.40" angle="176.16" x="-4.20" y="53.60"/>
        <vehicle id="cfm-slow_4" eclass="HBEFA3/PC_G_EU4" CO2="0.00" CO="0.00" HC="0.00" NOx="0.00" PMx="0.00" fuel="0.00" electricity="0.00" noise="74.29" route="routetop" type="cfm-slow" waiting="0.00" lane="left_0" pos="32.51" speed="33.49" angle="126.05" x="27.80" y="5.18"/>
        <vehicle id="cfm-slow_5" eclass="HBEFA3/PC_G_EU4" CO2="0.00" CO="0.00" HC="0.00" NOx="0.00" PMx="0.00" fuel="0.00" electricity="0.00" noise="73.01" route="routebottom" type="cfm-slow" waiting="0.00" lane="bottom_0" pos="11.27" speed="31.96" angle="74.10" x="87.50" y="-0.66"/>
    </timestep>
    <timestep time="5.22">
        <vehicle id="cfm-fast_0" eclass="HBEFA3/PC_G_EU4" CO2="135148.59" CO="3069.96" HC="17.39" NOx="62.60" PMx="3.66" fuel="58.09" electricity="0.00" noise="118.92" route="routebottom" type="cfm-fast" waiting="0.00" lane="bottom_1" pos="48.91" speed="50.66" angle="6.48" x="128.93" y="61.39"/>
        <vehicle id="cfm-fast_1" eclass="HBEFA3/PC_G_EU4" CO2="0.00" CO="0.00" HC="0.00" NOx="0.00" PMx="0.00" fuel="0.00" electricity="0.00" noise="71.23" route="routebottom" type="cfm-fast" waiting="0.00" lane="bottom_0" pos="38.88" speed="28.15" angle="24.57" x="128.10" y="40.14"/>
        <vehicle id="cfm-fast_2" eclass="HBEFA3/PC_G_EU4" CO2="206357.15" CO="4780.09" HC="26.97" NOx="96.06" PMx="5.62" fuel="88.70" electricity="0.00" noise="135.79" route="routebottom" type="cfm-fast" waiting="0.00" lane="right_1" pos="41.86" speed="59.29" angle="289.14" x="80.19" y="126.83"/>
        <vehicle id="cfm-fast_3" eclass="HBEFA3/PC_G_EU4" CO2="0.00" CO="0.00" HC="0.00" NOx="0.00" PMx="0.00" fuel="0.00" electricity="0.00" noise="69.95" route="routebottom" type="cfm-fast" waiting="0.00" lane="right_0" pos="8.37" speed="24.66" angle="349.33" x="129.89" y="81.56"/>
        <vehicle id="cfm-fast_4" eclass="HBEFA3/PC_G_EU4" CO2="284379.23" CO="6807.93" HC="38.18" NOx="132.71" PMx="7.84" fuel="122.24" electricity="0.00" noise="149.01" route="routetop" type="cfm-fast" waiting="0.00" lane="top_1" pos="43.76" speed="70.78" angle="195.79" x="-0.39" y="76.41"/>
        <vehicle id="cfm-fast_5" eclass="HBEFA3/PC_G_EU4" CO2="10347.16" CO="138.28" HC="0.89" NOx="4.26" PMx="0.22" fuel="4.45" electricity="0.00" noise="72.74" route="routebottom" type="cfm-fast" waiting="0.00" lane="right_0" pos="24.43" speed="23.02" angle="320.55" x="113.04" y="111.29"/>
        <vehicle id="cfm-slow_0" eclass="HBEFA3/PC_G_EU4" CO2="20403.30" CO="346.93" HC="2.09" NOx="8.99" PMx="0.49" fuel="8.77" electricity="0.00" noise="78.51" route="routebottom" type="cfm-slow" waiting="0.00" lane="right_0" pos="38.82" speed="23.86" angle="294.68" x="87.32" y="128.05"/>
        <vehicle id="cfm-slow_1" eclass="HBEFA3/PC_G_EU4" CO2="27371.24" CO="498.87" HC="2.95" NOx="12.22" PMx="0.68" fuel="11.77" electricity="0.00" noise="82.40" route="routetop" type="cfm-slow" waiting="0.00" lane="top_0" pos="8.04" speed="26.41" angle="259.95" x="46.47" y="130.07"/>
        <vehicle id="cfm-slow_2" eclass="HBEFA3/PC_G_EU4" CO2="29092.88" CO="552.51" HC="3.24" NOx="12.96" PMx="0.73" fuel="12.51" electricity="0.00" noise="82.87" route="routetop" type="cfm-slow" waiting="0.00" lane="top_0" pos="29.89" speed="29.59" angle="220.73" x="8.32" y="104.20"/>
        <vehicle id="cfm-slow_3" eclass="HBEFA3/PC_G_EU4" CO2="18500.15" CO="357.71" HC="2.10" NOx="7.90" PMx="0.47" fuel="7.95" electricity="0.00" noise="78.25" route="routetop" type="cfm-slow" waiting="0.00" lane="left_0" pos="4.97" speed="32.42" angle="175.58" x="-4.11" y="52.91"/>
        <vehicle id="cfm-slow_4" eclass="HBEFA3/PC_G_EU4" CO2="0.00" CO="0.00" HC="0.00" NOx="0.00" PMx="0.00" fuel="0.00" electricity="0.00" noise="74.28" route="routetop" type="cfm-slow" waiting="0.00" lane="left_0" pos="32.84" speed="33.48" angle="125.43" x="28.42" y="4.80"/>
        <vehicle id="cfm-slow_5" eclass="HBEFA3/PC_G_EU4" CO2="0.00" CO="0.00" HC="0.00" NOx="0.00" PMx="0.00" fuel="0.00" electricity="0.00" noise="73.00" route="routebottom" type="cfm-slow" waiting="0.00" lane="bottom_0" pos="11.59" speed="31.93" angle="73.58" x="88.15" y="-0.43"/>
    </timestep>
    <timestep time="5.23">
        <vehicle id="cfm-fast_0" eclass="HBEFA3/PC_G_EU4" CO2="135723.00" CO="3084.01" HC="17.46" NOx="62.87" PMx="3.67" fuel="58.34" electricity="0.00" noise="119.07" route="routebottom" type="cfm-fast" waiting="0.00" lane="bottom_1" pos="49.42" speed="50.75" angle="5.54" x="128.95" y="62.43"/>
        <vehicle id="cfm-fast_1" eclass="HBEFA3/PC_G_EU4" CO2="0.00" CO="0.00" HC="0.00" NOx="0.00" PMx="0.00" fuel="0.00" electricity="0.00" noise="71.22" route="routebottom" type="cfm-fast" waiting="0.00" lane="bottom_0" pos="39.16" speed="28.12" angle="24.06" x="128.31" y="40.70"/>
        <vehicle id="cfm-fast_2" eclass="HBEFA3/PC_G_EU4" CO2="207010.60" CO="4797.35" HC="27.06" NOx="96.36" PMx="5.64" fuel="88.98" electricity="0.00" noise="135.90" route="routebottom" type="cfm-fast" waiting="0.00" lane="right_1" pos="42.46" speed="59.41" angle="288.10" x="79.01" y="127.14"/>
        <vehicle id="cfm-fast_3" eclass="HBEFA3/PC_G_EU4" CO2="0.00" CO="0.00" HC="0.00" NOx="0.00" PMx="0.00" fuel="0.00" electricity="0.00" noise="69.96" route="routebottom" type="cfm-fast" waiting="0.00" lane="right_0" pos="8.62" speed="24.65" angle="348.88" x="129.75" y="82.07"/>
        <vehicle id="cfm-fast_4" eclass="HBEFA3/PC_G_EU4" CO2="284997.94" CO="6826.33" HC="38.28" NOx="133.00" PMx="7.86" fuel="122.51" electricity="0.00" noise="149.08" route="routetop" type="cfm-fast" waiting="0.00" lane="top_1" pos="44.47" speed="70.92" angle="194.48" x="-0.65" y="74.98"/>
        <vehicle id="cfm-fast_5" eclass="HBEFA3/PC_G_EU4" CO2="10423.51" CO="139.87" HC="0.89" NOx="4.30" PMx="0.23" fuel="4.48" electricity="0.00" noise="72.78" route="routebottom" type="cfm-fast" waiting="0.00" lane="right_0" pos="24.66" speed="23.03" angle="320.13" x="112.69" y="111.64"/>
        <vehicle id="cfm-slow_0" eclass="HBEFA3/PC_G_EU4" CO2="20460.31" CO="348.16" HC="2.09" NOx="9.02" PMx="0.49" fuel="8.79" electricity="0.00" noise="78.54" route="routebottom" type="cfm-slow" waiting="0.00" lane="right_0" pos="39.06" speed="23.89" angle="294.25" x="86.83" y="128.23"/>
        <vehicle id="cfm-slow_1" eclass="HBEFA3/PC_G_EU4" CO2="27385.37" CO="499.31" HC="2.96" NOx="12.23" PMx="0.68" fuel="11.77" electricity="0.00" noise="82.41" route="routetop" type="cfm-slow" waiting="0.00" lane="top_0" pos="8.30" speed="26.44" angle="259.47" x="45.92" y="129.93"/>
        <vehicle id="cfm-slow_2" eclass="HBEFA3/PC_G_EU4" CO2="28997.21" CO="550.76" HC="3.23" NOx="12.92" PMx="0.73" fuel="12.46" electricity="0.00" noise="82.81" route="routetop" type="cfm-slow" waiting="0.00" lane="top_0" pos="30.18" speed="29.62" angle="220.18" x="7.95" y="103.68"/>
        <vehicle id="cfm-slow_3" eclass="HBEFA3/PC_G_EU4" CO2="18289.15" CO="353.49" HC="2.07" NOx="7.80" PMx="0.46" fuel="7.86" electricity="0.00" noise="78.18" route="routetop" type="cfm-slow" waiting="0.00" lane="left_0" pos="5.30" speed="32.43" angle="174.95" x="-3.99" y="52.22"/>
        <vehicle id="cfm-slow_4" eclass="HBEFA3/PC_G_EU4" CO2="0.00" CO="0.00" HC="0.00" NOx="0.00" PMx="0.00" fuel="0.00" electricity="0.00" noise="74.26" route="routetop" type="cfm-slow" waiting="0.00" lane="left_0" pos="33.17" speed="33.47" angle="124.80" x="29.04" y="4.43"/>
        <vehicle id="cfm-slow_5" eclass="HBEFA3/PC_G_EU4" CO2="0.00" CO="0.00" HC="0.00" NOx="0.00" PMx="0.00" fuel="0.00" electricity="0.00" noise="72.99" route="routebottom" type="cfm-slow" waiting="0.00" lane="bottom_0" pos="11.91" speed="31.90" angle="73.01" x="88.79" y="-0.17"/>
    </timestep>
    <timestep time="5.24">
        <vehicle id="cfm-fast_0" eclass="HBEFA3/PC_G_EU4" CO2="136298.74" CO="3098.11" HC="17.54" NOx="63.14" PMx="3.69" fuel="58.59" electricity="0.00" noise="119.21" route="routebottom" type="cfm-fast" waiting="0.00" lane="bottom_1" pos="49.92" speed="50.84" angle="4.63" x="128.97" y="63.47"/>
        <vehicle id="cfm-fast_1" eclass="HBEFA3/PC_G_EU4" CO2="0.00" CO="0.00" HC="0.00" NOx="0.00" PMx="0.00" fuel="0.00" electricity="0.00" noise="71.21" route="routebottom" type="cfm-fast" waiting="0.00" lane="bottom_0" pos="39.44" speed="28.09" angle="23.55" x="128.51" y="41.27"/>
        <vehicle id="cfm-fast_2" eclass="HBEFA3/PC_G_EU4" CO2="207664.50" CO="4814.63" HC="27.16" NOx="96.67" PMx="5.66" fuel="89.26" electricity="0.00" noise="136.01" route="routebottom" type="cfm-fast" waiting="0.00" lane="right_1" pos="43.05" speed="59.53" angle="287.05" x="77.82" y="127.41"/>
        <vehicle id="cfm-fast_3" eclass="HBEFA3/PC_G_EU4" CO2="0.00" CO="0.00" HC="0.00" NOx="0.00" PMx="0.00" fuel="0.00" electricity="0.00" noise="69.96" route="routebottom" type="cfm-fast" waiting="0.00" lane="right_0" pos="8.87" speed="24.64" angle="348.46" x="129.61" y="82.59"/>
        <vehicle id="cfm-fast_4" eclass="HBEFA3/PC_G_EU4" CO2="285616.93" CO="6844.75" HC="38.38" NOx="133.29" PMx="7.88" fuel="122.77" electricity="0.00" noise="149.14" route="routetop" type="cfm-fast" waiting="0.00" lane="top_1" pos="45.18" speed="71.06" angle="193.24" x="-0.89" y="73.54"/>
        <vehicle id="cfm-fast_5" eclass="HBEFA3/PC_G_EU4" CO2="10499.82" CO="141.46" HC="0.90" NOx="4.34" PMx="0.23" fuel="4.51" electricity="0.00" noise="72.82" route="routebottom" type="cfm-fast" waiting="0.00" lane="right_0" pos="24.89" speed="23.04" angle="319.70" x="112.34" y="111.99"/>
        <vehicle id="cfm-slow_0" eclass="HBEFA3/PC_G_EU4" CO2="20517.03" CO="349.39" HC="2.10" NOx="9.04" PMx="0.49" fuel="8.82" electricity="0.00" noise="78.58" route="routebottom" type="cfm-slow" waiting="0.00" lane="right_0" pos="39.30" speed="23.91" angle="293.82" x="86.35" y="128.41"/>
        <vehicle id="cfm-slow_1" eclass="HBEFA3/PC_G_EU4" CO2="27398.62" CO="499.73" HC="2.96" NOx="12.23" PMx="0.68" fuel="11.78" electricity="0.00" noise="82.41" route="routetop" type="cfm-slow" waiting="0.00" lane="top_0" pos="8.56" speed="26.48" angle="258.99" x="45.37" y="129.78"/>
        <vehicle id="cfm-slow_2" eclass="HBEFA3/PC_G_EU4" CO2="28900.46" CO="548.98" HC="3.22" NOx="12.87" PMx="0.73" fuel="12.42" electricity="0.00" noise="82.76" route="routetop" type="cfm-slow" waiting="0.00" lane="top_0" pos="30.48" speed="29.65" angle="219.62" x="7.57" y="103.16"/>
        <vehicle id="cfm-slow_3" eclass="HBEFA3/PC_G_EU4" CO2="18078.18" CO="349.28" HC="2.05" NOx="7.70" PMx="0.46" fuel="7.77" electricity="0.00" noise="78.10" route="routetop" type="cfm-slow" waiting="0.00" lane="left_0" pos="5.62" speed="32.44" angle="174.36" x="-3.86" y="51.54"/>
        <vehicle id="cfm-slow_4" eclass="HBEFA3/PC_G_EU4" CO2="0.00" CO="0.00" HC="0.00" NOx="0.00" PMx="0.00" fuel="0.00" electricity="0.00" noise="74.24" route="routetop" type="cfm-slow" waiting="0.00" lane="left_0" pos="33.51" speed="33.46" angle="124.24" x="29.66" y="4.07"/>
        <vehicle id="cfm-slow_5" eclass="HBEFA3/PC_G_EU4" CO2="0.00" CO="0.00" HC="0.00" NOx="0.00" PMx="0.00" fuel="0.00" electricity="0.00" noise="72.97" route="routebottom" type="cfm-slow" waiting="0.00" lane="bottom_0" pos="12.23" speed="31.87" angle="72.44" x="89.42" y="0.08"/>
    </timestep>
    <timestep time="5.25">
        <vehicle id="cfm-fast_0" eclass="HBEFA3/PC_G_EU4" CO2="136875.79" CO="3112.25" HC="17.62" NOx="63.41" PMx="3.71" fuel="58.84" electricity="0.00" noise="119.35" route="routebottom" type="cfm-fast" waiting="0.00" lane="right_1" pos="0.43" speed="50.93" angle="3.70" x="128.95" y="64.58"/>
        <vehicle id="cfm-fast_1" eclass="HBEFA3/PC_G_EU4" CO2="0.00" CO="0.00" HC="0.00" NOx="0.00" PMx="0.00" fuel="0.00" electricity="0.00" noise="71.19" route="routebottom" type="cfm-fast" waiting="0.00" lane="bottom_0" pos="39.72" speed="28.06" angle="23.09" x="128.72" y="41.84"/>
        <vehicle id="cfm-fast_2" eclass="HBEFA3/PC_G_EU4" CO2="208318.85" CO="4831.93" HC="27.25" NOx="96.98" PMx="5.68" fuel="89.55" electricity="0.00" noise="136.12" route="routebottom" type="cfm-fast" waiting="0.00" lane="right_1" pos="43.65" speed="59.65" angle="286.04" x="76.63" y="127.68"/>
        <vehicle id="cfm-fast_3" eclass="HBEFA3/PC_G_EU4" CO2="0.00" CO="0.00" HC="0.00" NOx="0.00" PMx="0.00" fuel="0.00" electricity="0.00" noise="69.96" route="routebottom" type="cfm-fast" waiting="0.00" lane="right_0" pos="9.11" speed="24.62" angle="348.04" x="129.46" y="83.09"/>
        <vehicle id="cfm-fast_4" eclass="HBEFA3/PC_G_EU4" CO2="286236.22" CO="6863.19" HC="38.48" NOx="133.58" PMx="7.90" fuel="123.04" electricity="0.00" noise="149.21" route="routetop" type="cfm-fast" waiting="0.00" lane="top_1" pos="45.89" speed="71.19" angle="191.94" x="-1.10" y="72.10"/>
        <vehicle id="cfm-fast_5" eclass="HBEFA3/PC_G_EU4" CO2="10576.11" CO="143.05" HC="0.91" NOx="4.37" PMx="0.23" fuel="4.55" electricity="0.00" noise="72.86" route="routebottom" type="cfm-fast" waiting="0.00" lane="right_0" pos="25.12" speed="23.05" angle="319.27" x="111.99" y="112.34"/>
        <vehicle id="cfm-slow_0" eclass="HBEFA3/PC_G_EU4" CO2="20573.46" CO="350.61" HC="2.11" NOx="9.07" PMx="0.49" fuel="8.84" electricity="0.00" noise="78.61" route="routebottom" type="cfm-slow" waiting="0.00" lane="right_0" pos="39.54" speed="23.94" angle="293.38" x="85.87" y="128.58"/>
        <vehicle id="cfm-slow_1" eclass="HBEFA3/PC_G_EU4" CO2="27410.99" CO="500.13" HC="2.96" NOx="12.24" PMx="0.68" fuel="11.78" electricity="0.00" noise="82.41" route="routetop" type="cfm-slow" waiting="0.00" lane="top_0" pos="8.83" speed="26.51" angle="258.51" x="44.82" y="129.63"/>
        <vehicle id="cfm-slow_2" eclass="HBEFA3/PC_G_EU4" CO2="28802.65" CO="547.17" HC="3.21" NOx="12.82" PMx="0.73" fuel="12.38" electricity="0.00" noise="82.71" route="routetop" type="cfm-slow" waiting="0.00" lane="top_0" pos="30.78" speed="29.68" angle="219.14" x="7.20" y="102.64"/>
        <vehicle id="cfm-slow_3" eclass="HBEFA3/PC_G_EU4" CO2="17867.27" CO="345.06" HC="2.02" NOx="7.61" PMx="0.45" fuel="7.68" electricity="0.00" noise="78.03" route="routetop" type="cfm-slow" waiting="0.00" lane="left_0" pos="5.95" speed="32.46" angle="173.77" x="-3.74" y="50.85"/>
        <vehicle id="cfm-slow_4" eclass="HBEFA3/PC_G_EU4" CO2="0.00" CO="0.00" HC="0.00" NOx="0.00" PMx="0.00" fuel="0.00" electricity="0.00" noise="74.22" route="routetop" type="cfm-slow" waiting="0.00" lane="left_0" pos="33.84" speed="33.44" angle="123.63" x="30.29" y="3.73"/>
        <vehicle id="cfm-slow_5" eclass="HBEFA3/PC_G_EU4" CO2="0.00" CO="0.00" HC="0.00" NOx="0.00" PMx="0.00" fuel="0.00" electricity="0.00" noise="72.96" route="routebottom" type="cfm-slow" waiting="0.00" lane="bottom_0" pos="12.55" speed="31.84" angle="71.87" x="90.06" y="0.34"/>
    </timestep>
    <timestep time="5.26">
        <vehicle id="cfm-fast_0" eclass="HBEFA3/PC_G_EU4" CO2="137454.14" CO="3126.42" HC="17.70" NOx="63.68" PMx="3.72" fuel="59.08" electricity="0.00" noise="119.50" route="routebottom" type="cfm-fast" waiting="0.00" lane="right_1" pos="0.94" speed="51.02" angle="2.77" x="128.93" y="65.62"/>
        <vehicle id="cfm-fast_1" eclass="HBEFA3/PC_G_EU4" CO2="0.00" CO="0.00" HC="0.00" NOx="0.00" PMx="0.00" fuel="0.00" electricity="0.00" noise="71.18" route="routebottom" type="cfm-fast" waiting="0.00" lane="bottom_0" pos="40.00" speed="28.04" angle="22.58" x="128.90" y="42.42"/>
        <vehicle id="cfm-fast_2" eclass="HBEFA3/PC_G_EU4" CO2="208973.64" CO="4849.26" HC="27.35" NOx="97.29" PMx="5.70" fuel="89.83" electricity="0.00" noise="136.23" route="routebottom" type="cfm-fast" waiting="0.00" lane="right_1" pos="44.25" speed="59.77" angle="284.88" x="75.42" y="127.90"/>
        <vehicle id="cfm-fast_3" eclass="HBEFA3/PC_G_EU4" CO2="0.00" CO="0.00" HC="0.00" NOx="0.00" PMx="0.00" fuel="0.00" electricity="0.00" noise="69.97" route="routebottom" type="cfm-fast" waiting="0.00" lane="right_0" pos="9.36" speed="24.61" angle="347.60" x="129.30" y="83.60"/>
        <vehicle id="cfm-fast_4" eclass="HBEFA3/PC_G_EU4" CO2="286855.81" CO="6881.66" HC="38.58" NOx="133.87" PMx="7.91" fuel="123.30" electricity="0.00" noise="149.27" route="routetop" type="cfm-fast" waiting="0.00" lane="top_1" pos="46.60" speed="71.33" angle="190.67" x="-1.27" y="70.64"/>
        <vehicle id="cfm-fast_5" eclass="HBEFA3/PC_G_EU4" CO2="10652.36" CO="144.64" HC="0.92" NOx="4.41" PMx="0.23" fuel="4.58" electricity="0.00" noise="72.90" route="routebottom" type="cfm-fast" waiting="0.00" lane="right_0" pos="25.35" speed="23.06" angle="318.84" x="111.64" y="112.69"/>
        <vehicle id="cfm-slow_0" eclass="HBEFA3/PC_G_EU4" CO2="20629.60" CO="351.83" HC="2.11" NOx="9.09" PMx="0.49" fuel="8.87" electricity="0.00" noise="78.64" route="routebottom" type="cfm-slow" waiting="0.00" lane="right_0" pos="39.78" speed="23.97" angle="293.01" x="85.38" y="128.76"/>
        <vehicle id="cfm-slow_1" eclass="HBEFA3/PC_G_EU4" CO2="27422.47" CO="500.51" HC="2.96" NOx="12.24" PMx="0.68" fuel="11.79" electricity="0.00" noise="82.41" route="routetop" type="cfm-slow" waiting="0.00" lane="top_0" pos="9.10" speed="26.54" angle="258.08" x="44.27" y="129.47"/>
        <vehicle id="cfm-slow_2" eclass="HBEFA3/PC_G_EU4" CO2="28703.77" CO="545.35" HC="3.20" NOx="12.78" PMx="0.72" fuel="12.34" electricity="0.00" noise="82.65" route="routetop" type="cfm-slow" waiting="0.00" lane="top_0" pos="31.08" speed="29.71" angle="218.60" x="6.85" y="102.11"/>
        <vehicle id="cfm-slow_3" eclass="HBEFA3/PC_G_EU4" CO2="17656.44" CO="340.84" HC="2.00" NOx="7.51" PMx="0.45" fuel="7.59" electricity="0.00" noise="77.96" route="routetop" type="cfm-slow" waiting="0.00" lane="left_0" pos="6.27" speed="32.47" angle="173.19" x="-3.61" y="50.16"/>
        <vehicle id="cfm-slow_4" eclass="HBEFA3/PC_G_EU4" CO2="0.00" CO="0.00" HC="0.00" NOx="0.00" PMx="0.00" fuel="0.00" electricity="0.00" noise="74.20" route="routetop" type="cfm-slow" waiting="0.00" lane="left_0" pos="34.18" speed="33.43" angle="123.01" x="30.92" y="3.38"/>
        <vehicle id="cfm-slow_5" eclass="HBEFA3/PC_G_EU4" CO2="0.00" CO="0.00" HC="0.00" NOx="0.00" PMx="0.00" fuel="0.00" electricity="0.00" noise="72.94" route="routebottom" type="cfm-slow" waiting="0.00" lane="bottom_0" pos="12.87" speed="31.80" angle="71.35" x="90.69" y="0.60"/>
    </timestep>
    <timestep time="5.27">
        <vehicle id="cfm-fast_0" eclass="HBEFA3/PC_G_EU4" CO2="138033.79" CO="3140.64" HC="17.78" NOx="63.95" PMx="3.74" fuel="59.33" electricity="0.00" noise="119.64" route="routebottom" type="cfm-fast" waiting="0.00" lane="right_1" pos="1.45" speed="51.11" angle="1.88" x="128.90" y="66.67"/>
        <vehicle id="cfm-fast_1" eclass="HBEFA3/PC_G_EU4" CO2="0.00" CO="0.00" HC="0.00" NOx="0.00" PMx="0.00" fuel="0.00" electricity="0.00" noise="71.17" route="routebottom" type="cfm-fast" waiting="0.00" lane="bottom_0" pos="40.28" speed="28.01" angle="22.04" x="129.08" y="42.99"/>
        <vehicle id="cfm-fast_2" eclass="HBEFA3/PC_G_EU4" CO2="209628.88" CO="4866.61" HC="27.45" NOx="97.59" PMx="5.72" fuel="90.11" electricity="0.00" noise="136.34" route="routebottom" type="cfm-fast" waiting="0.00" lane="right_1" pos="44.84" speed="59.89" angle="283.77" x="74.22" y="128.12"/>
        <vehicle id="cfm-fast_3" eclass="HBEFA3/PC_G_EU4" CO2="0.00" CO="0.00" HC="0.00" NOx="0.00" PMx="0.00" fuel="0.00" electricity="0.00" noise="69.98" route="routebottom" type="cfm-fast" waiting="0.00" lane="right_0" pos="9.60" speed="24.60" angle="347.16" x="129.15" y="84.11"/>
        <vehicle id="cfm-fast_4" eclass="HBEFA3/PC_G_EU4" CO2="287475.68" CO="6900.15" HC="38.68" NOx="134.16" PMx="7.93" fuel="123.57" electricity="0.00" noise="149.34" route="routetop" type="cfm-fast" waiting="0.00" lane="top_1" pos="47.32" speed="71.47" angle="189.33" x="-1.41" y="69.18"/>
        <vehicle id="cfm-fast_5" eclass="HBEFA3/PC_G_EU4" CO2="10728.56" CO="146.23" HC="0.93" NOx="4.44" PMx="0.23" fuel="4.61" electricity="0.00" noise="72.94" route="routebottom" type="cfm-fast" waiting="0.00" lane="right_0" pos="25.58" speed="23.08" angle="318.45" x="111.29" y="113.04"/>
        <vehicle id="cfm-slow_0" eclass="HBEFA3/PC_G_EU4" CO2="20685.44" CO="353.04" HC="2.12" NOx="9.12" PMx="0.50" fuel="8.89" electricity="0.00" noise="78.67" route="routebottom" type="cfm-slow" waiting="0.00" lane="right_0" pos="40.02" speed="23.99" angle="292.56" x="84.89" y="128.91"/>
        <vehicle id="cfm-slow_1" eclass="HBEFA3/PC_G_EU4" CO2="27433.06" CO="500.88" HC="2.96" NOx="12.25" PMx="0.68" fuel="11.79" electricity="0.00" noise="82.41" route="routetop" type="cfm-slow" waiting="0.00" lane="top_0" pos="9.36" speed="26.57" angle="257.60" x="43.72" y="129.30"/>
        <vehicle id="cfm-slow_2" eclass="HBEFA3/PC_G_EU4" CO2="28603.85" CO="543.51" HC="3.19" NOx="12.73" PMx="0.72" fuel="12.30" electricity="0.00" noise="82.60" route="routetop" type="cfm-slow" waiting="0.00" lane="top_0" pos="31.37" speed="29.74" angle="218.06" x="6.49" y="101.58"/>
        <vehicle id="cfm-slow_3" eclass="HBEFA3/PC_G_EU4" CO2="17445.68" CO="336.62" HC="1.98" NOx="7.41" PMx="0.44" fuel="7.50" electricity="0.00" noise="77.89" route="routetop" type="cfm-slow" waiting="0.00" lane="left_0" pos="6.60" speed="32.48" angle="172.62" x="-3.46" y="49.48"/>
        <vehicle id="cfm-slow_4" eclass="HBEFA3/PC_G_EU4" CO2="0.00" CO="0.00" HC="0.00" NOx="0.00" PMx="0.00" fuel="0.00" electricity="0.00" noise="74.18" route="routetop" type="cfm-slow" waiting="0.00" lane="left_0" pos="34.51" speed="33.42" angle="122.41" x="31.55" y="3.03"/>
        <vehicle id="cfm-slow_5" eclass="HBEFA3/PC_G_EU4" CO2="0.00" CO="0.00" HC="0.00" NOx="0.00" PMx="0.00" fuel="0.00" electricity="0.00" noise="72.93" route="routebottom" type="cfm-slow" waiting="0.00" lane="bottom_0" pos="13.18" speed="31.77" angle="70.77" x="91.31" y="0.88"/>
    </timestep>
    <timestep time="5.28">
        <vehicle id="cfm-fast_0" eclass="HBEFA3/PC_G_EU4" CO2="138614.72" CO="3154.89" HC="17.86" NOx="64.22" PMx="3.76" fuel="59.58" electricity="0.00" noise="119.79" route="routebottom" type="cfm-fast" waiting="0.00" lane="right_1" pos="1.97" speed="51.20" angle="0.95" x="128.84" y="67.72"/>
        <vehicle id="cfm-fast_1" eclass="HBEFA3/PC_G_EU4" CO2="0.00" CO="0.00" HC="0.00" NOx="0.00" PMx="0.00" fuel="0.00" electricity="0.00" noise="71.16" route="routebottom" type="cfm-fast" waiting="0.00" lane="bottom_0" pos="40.56" speed="27.98" angle="21.51" x="129.26" y="43.57"/>
        <vehicle id="cfm-fast_2" eclass="HBEFA3/PC_G_EU4" CO2="210284.54" CO="4883.99" HC="27.54" NOx="97.90" PMx="5.74" fuel="90.39" electricity="0.00" noise="136.45" route="routebottom" type="cfm-fast" waiting="0.00" lane="right_1" pos="45.44" speed="60.01" angle="282.69" x="73.00" y="128.29"/>
        <vehicle id="cfm-fast_3" eclass="HBEFA3/PC_G_EU4" CO2="0.00" CO="0.00" HC="0.00" NOx="0.00" PMx="0.00" fuel="0.00" electricity="0.00" noise="69.98" route="routebottom" type="cfm-fast" waiting="0.00" lane="right_0" pos="9.85" speed="24.59" angle="346.72" x="128.99" y="84.61"/>
        <vehicle id="cfm-fast_4" eclass="HBEFA3/PC_G_EU4" CO2="288095.85" CO="6918.66" HC="38.78" NOx="134.45" PMx="7.95" fuel="123.84" electricity="0.00" noise="149.41" route="routetop" type="cfm-fast" waiting="0.00" lane="top_1" pos="48.03" speed="71.60" angle="188.08" x="-1.51" y="67.72"/>
        <vehicle id="cfm-fast_5" eclass="HBEFA3/PC_G_EU4" CO2="10804.73" CO="147.81" HC="0.94" NOx="4.48" PMx="0.24" fuel="4.64" electricity="0.00" noise="72.98" route="routebottom" type="cfm-fast" waiting="0.00" lane="right_0" pos="25.81" speed="23.09" angle="318.05" x="110.92" y="113.39"/>
        <vehicle id="cfm-slow_0" eclass="HBEFA3/PC_G_EU4" CO2="20740.97" CO="354.25" HC="2.13" NOx="9.15" PMx="0.50" fuel="8.92" electricity="0.00" noise="78.71" route="routebottom" type="cfm-slow" waiting="0.00" lane="right_0" pos="40.26" speed="24.02" angle="292.10" x="84.39" y="129.06"/>
        <vehicle id="cfm-slow_1" eclass="HBEFA3/PC_G_EU4" CO2="27442.77" CO="501.23" HC="2.97" NOx="12.25" PMx="0.68" fuel="11.80" electricity="0.00" noise="82.41" route="routetop" type="cfm-slow" waiting="0.00" lane="top_0" pos="9.63" speed="26.61" angle="257.12" x="43.18" y="129.14"/>
        <vehicle id="cfm-slow_2" eclass="HBEFA3/PC_G_EU4" CO2="28502.88" CO="541.64" HC="3.18" NOx="12.68" PMx="0.72" fuel="12.25" electricity="0.00" noise="82.54" route="routetop" type="cfm-slow" waiting="0.00" lane="top_0" pos="31.67" speed="29.77" angle="217.53" x="6.14" y="101.04"/>
        <vehicle id="cfm-slow_3" eclass="HBEFA3/PC_G_EU4" CO2="17235.03" CO="332.40" HC="1.95" NOx="7.31" PMx="0.44" fuel="7.41" electricity="0.00" noise="77.82" route="routetop" type="cfm-slow" waiting="0.00" lane="left_0" pos="6.92" speed="32.50" angle="171.99" x="-3.31" y="48.80"/>
        <vehicle id="cfm-slow_4" eclass="HBEFA3/PC_G_EU4" CO2="0.00" CO="0.00" HC="0.00" NOx="0.00" PMx="0.00" fuel="0.00" electricity="0.00" noise="74.16" route="routetop" type="cfm-slow" waiting="0.00" lane="left_0" pos="34.85" speed="33.41" angle="121.84" x="32.19" y="2.70"/>
        <vehicle id="cfm-slow_5" eclass="HBEFA3/PC_G_EU4" CO2="0.00" CO="0.00" HC="0.00" NOx="0.00" PMx="0.00" fuel="0.00" electricity="0.00" noise="72.91" route="routebottom" type="cfm-slow" waiting="0.00" lane="bottom_0" pos="13.50" speed="31.74" angle="70.18" x="91.94" y="1.16"/>
    </timestep>
    <timestep time="5.29">
        <vehicle id="cfm-fast_0" eclass="HBEFA3/PC_G_EU4" CO2="139196.93" CO="3169.18" HC="17.94" NOx="64.50" PMx="3.77" fuel="59.83" electricity="0.00" noise="119.93" route="routebottom" type="cfm-fast" waiting="0.00" lane="right_1" pos="2.48" speed="51.29" angle="0.03" x="128.78" y="68.77"/>
        <vehicle id="cfm-fast_1" eclass="HBEFA3/PC_G_EU4" CO2="0.00" CO="0.00" HC="0.00" NOx="0.00" PMx="0.00" fuel="0.00" electricity="0.00" noise="71.14" route="routebottom" type="cfm-fast" waiting="0.00" lane="bottom_0" pos="40.84" speed="27.95" angle="20.97" x="129.43" y="44.14"/>
        <vehicle id="cfm-fast_2" eclass="HBEFA3/PC_G_EU4" CO2="210940.63" CO="4901.40" HC="27.64" NOx="98.21" PMx="5.76" fuel="90.67" electricity="0.00" noise="136.56" route="routebottom" type="cfm-fast" waiting="0.00" lane="right_1" pos="46.05" speed="60.13" angle="281.60" x="71.78" y="128.46"/>
        <vehicle id="cfm-fast_3" eclass="HBEFA3/PC_G_EU4" CO2="0.00" CO="0.00" HC="0.00" NOx="0.00" PMx="0.00" fuel="0.00" electricity="0.00" noise="69.99" route="routebottom" type="cfm-fast" waiting="0.00" lane="right_0" pos="10.10" speed="24.58" angle="346.28" x="128.84" y="85.12"/>
        <vehicle id="cfm-fast_4" eclass="HBEFA3/PC_G_EU4" CO2="288716.31" CO="6937.19" HC="38.88" NOx="134.75" PMx="7.97" fuel="124.10" electricity="0.00" noise="149.47" route="routetop" type="cfm-fast" waiting="0.00" lane="top_1" pos="48.75" speed="71.74" angle="186.81" x="-1.60" y="66.25"/>
        <vehicle id="cfm-fast_5" eclass="HBEFA3/PC_G_EU4" CO2="10880.84" CO="149.40" HC="0.95" NOx="4.51" PMx="0.24" fuel="4.68" electricity="0.00" noise="73.02" route="routebottom" type="cfm-fast" waiting="0.00" lane="right_0" pos="26.04" speed="23.10" angle="317.63" x="110.56" y="113.72"/>
        <vehicle id="cfm-slow_0" eclass="HBEFA3/PC_G_EU4" CO2="20796.19" CO="355.45" HC="2.13" NOx="9.17" PMx="0.50" fuel="8.94" electricity="0.00" noise="78.74" route="routebottom" type="cfm-slow" waiting="0.00" lane="right_0" pos="40.50" speed="24.05" angle="291.64" x="83.90" y="129.21"/>
        <vehicle id="cfm-slow_1" eclass="HBEFA3/PC_G_EU4" CO2="27451.58" CO="501.56" HC="2.97" NOx="12.25" PMx="0.68" fuel="11.80" electricity="0.00" noise="82.41" route="routetop" type="cfm-slow" waiting="0.00" lane="top_0" pos="9.89" speed="26.64" angle="256.63" x="42.63" y="128.97"/>
        <vehicle id="cfm-slow_2" eclass="HBEFA3/PC_G_EU4" CO2="28400.88" CO="539.75" HC="3.17" NOx="12.63" PMx="0.72" fuel="12.21" electricity="0.00" noise="82.49" route="routetop" type="cfm-slow" waiting="0.00" lane="top_0" pos="31.97" speed="29.80" angle="217.01" x="5.78" y="100.51"/>
        <vehicle id="cfm-slow_3" eclass="HBEFA3/PC_G_EU4" CO2="17024.50" CO="328.18" HC="1.93" NOx="7.21" PMx="0.43" fuel="7.32" electricity="0.00" noise="77.75" route="routetop" type="cfm-slow" waiting="0.00" lane="left_0" pos="7.25" speed="32.51" angle="171.37" x="-3.15" y="48.12"/>
        <vehicle id="cfm-slow_4" eclass="HBEFA3/PC_G_EU4" CO2="0.00" CO="0.00" HC="0.00" NOx="0.00" PMx="0.00" fuel="0.00" electricity="0.00" noise="74.15" route="routetop" type="cfm-slow" waiting="0.00" lane="left_0" pos="35.18" speed="33.39" angle="121.22" x="32.83" y="2.38"/>
        <vehicle id="cfm-slow_5" eclass="HBEFA3/PC_G_EU4" CO2="0.00" CO="0.00" HC="0.00" NOx="0.00" PMx="0.00" fuel="0.00" electricity="0.00" noise="72.90" route="routebottom" type="cfm-slow" waiting="0.00" lane="bottom_0" pos="13.82" speed="31.71" angle="69.59" x="92.56" y="1.44"/>
    </timestep>
    <timestep time="5.30">
        <vehicle id="cfm-fast_0" eclass="HBEFA3/PC_G_EU4" CO2="139780.40" CO="3183.51" HC="18.02" NOx="64.77" PMx="3.79" fuel="60.08" electricity="0.00" noise="120.07" route="routebottom" type="cfm-fast" waiting="0.00" lane="right_1" pos="2.99" speed="51.38" angle="359.13" x="128.68" y="69.82"/>
        <vehicle id="cfm-fast_1" eclass="HBEFA3/PC_G_EU4" CO2="0.00" CO="0.00" HC="0.00" NOx="0.00" PMx="0.00" fuel="0.00" electricity="0.00" noise="71.13" route="routebottom" type="cfm-fast" waiting="0.00" lane="bottom_0" pos="41.12" speed="27.92" angle="20.52" x="129.61" y="44.72"/>
        <vehicle id="cfm-fast_2" eclass="HBEFA3/PC_G_EU4" CO2="211597.14" CO="4918.82" HC="27.73" NOx="98.52" PMx="5.77" fuel="90.95" electricity="0.00" noise="136.67" route="routebottom" type="cfm-fast" waiting="0.00" lane="right_1" pos="46.65" speed="60.25" angle="280.58" x="70.55" y="128.60"/>
        <vehicle id="cfm-fast_3" eclass="HBEFA3/PC_G_EU4" CO2="0.00" CO="0.00" HC="0.00" NOx="0.00" PMx="0.00" fuel="0.00" electricity="0.00" noise="69.99" route="routebottom" type="cfm-fast" waiting="0.00" lane="right_0" pos="10.34" speed="24.57" angle="345.89" x="128.67" y="85.62"/>
        <vehicle id="cfm-fast_4" eclass="HBEFA3/PC_G_EU4" CO2="289337.06" CO="6955.74" HC="38.98" NOx="135.04" PMx="7.99" fuel="124.37" electricity="0.00" noise="149.54" route="routetop" type="cfm-fast" waiting="0.00" lane="top_1" pos="49.47" speed="71.88" angle="185.46" x="-1.63" y="64.78"/>
        <vehicle id="cfm-fast_5" eclass="HBEFA3/PC_G_EU4" CO2="10956.91" CO="150.98" HC="0.96" NOx="4.55" PMx="0.24" fuel="4.71" electricity="0.00" noise="73.06" route="routebottom" type="cfm-fast" waiting="0.00" lane="right_0" pos="26.27" speed="23.11" angle="317.21" x="110.19" y="114.06"/>
        <vehicle id="cfm-slow_0" eclass="HBEFA3/PC_G_EU4" CO2="20851.09" CO="356.65" HC="2.14" NOx="9.20" PMx="0.50" fuel="8.96" electricity="0.00" noise="78.77" route="routebottom" type="cfm-slow" waiting="0.00" lane="right_0" pos="40.74" speed="24.07" angle="291.18" x="83.40" y="129.37"/>
        <vehicle id="cfm-slow_1" eclass="HBEFA3/PC_G_EU4" CO2="27459.50" CO="501.87" HC="2.97" NOx="12.26" PMx="0.68" fuel="11.80" electricity="0.00" noise="82.40" route="routetop" type="cfm-slow" waiting="0.00" lane="top_0" pos="10.16" speed="26.67" angle="256.18" x="42.08" y="128.80"/>
        <vehicle id="cfm-slow_2" eclass="HBEFA3/PC_G_EU4" CO2="28297.85" CO="537.84" HC="3.16" NOx="12.58" PMx="0.71" fuel="12.16" electricity="0.00" noise="82.43" route="routetop" type="cfm-slow" waiting="0.00" lane="top_0" pos="32.27" speed="29.83" angle="216.49" x="5.44" y="99.96"/>
        <vehicle id="cfm-slow_3" eclass="HBEFA3/PC_G_EU4" CO2="16814.09" CO="323.97" HC="1.90" NOx="7.11" PMx="0.43" fuel="7.23" electricity="0.00" noise="77.68" route="routetop" type="cfm-slow" waiting="0.00" lane="left_0" pos="7.57" speed="32.52" angle="170.77" x="-2.99" y="47.44"/>
        <vehicle id="cfm-slow_4" eclass="HBEFA3/PC_G_EU4" CO2="0.00" CO="0.00" HC="0.00" NOx="0.00" PMx="0.00" fuel="0.00" electricity="0.00" noise="74.13" route="routetop" type="cfm-slow" waiting="0.00" lane="left_0" pos="35.51" speed="33.38" angle="120.60" x="33.47" y="2.06"/>
        <vehicle id="cfm-slow_5" eclass="HBEFA3/PC_G_EU4" CO2="0.00" CO="0.00" HC="0.00" NOx="0.00" PMx="0.00" fuel="0.00" electricity="0.00" noise="72.89" route="routebottom" type="cfm-slow" waiting="0.00" lane="bottom_0" pos="14.14" speed="31.68" angle="69.06" x="93.18" y="1.72"/>
    </timestep>
    <timestep time="5.31">
        <vehicle id="cfm-fast_0" eclass="HBEFA3/PC_G_EU4" CO2="140365.13" CO="3197.88" HC="18.10" NOx="65.05" PMx="3.80" fuel="60.34" electricity="0.00" noise="120.22" route="routebottom" type="cfm-fast" waiting="0.00" lane="right_1" pos="3.51" speed="51.48" angle="358.19" x="128.57" y="70.87"/>
        <vehicle id="cfm-fast_1" eclass="HBEFA3/PC_G_EU4" CO2="0.00" CO="0.00" HC="0.00" NOx="0.00" PMx="0.00" fuel="0.00" electricity="0.00" noise="71.12" route="routebottom" type="cfm-fast" waiting="0.00" lane="bottom_0" pos="41.40" speed="27.90" angle="20.01" x="129.76" y="45.30"/>
        <vehicle id="cfm-fast_2" eclass="HBEFA3/PC_G_EU4" CO2="212254.07" CO="4936.27" HC="27.83" NOx="98.82" PMx="5.79" fuel="91.24" electricity="0.00" noise="136.78" route="routebottom" type="cfm-fast" waiting="0.00" lane="right_1" pos="47.25" speed="60.37" angle="279.50" x="69.32" y="128.73"/>
        <vehicle id="cfm-fast_3" eclass="HBEFA3/PC_G_EU4" CO2="0.00" CO="0.00" HC="0.00" NOx="0.00" PMx="0.00" fuel="0.00" electricity="0.00" noise="70.00" route="routebottom" type="cfm-fast" waiting="0.00" lane="right_0" pos="10.59" speed="24.56" angle="345.42" x="128.49" y="86.11"/>
        <vehicle id="cfm-fast_4" eclass="HBEFA3/PC_G_EU4" CO2="289958.10" CO="6974.32" HC="39.08" NOx="135.33" PMx="8.01" fuel="124.64" electricity="0.00" noise="149.60" route="routetop" type="cfm-fast" waiting="0.00" lane="left_1" pos="0.19" speed="72.01" angle="184.14" x="-1.64" y="63.24"/>
        <vehicle id="cfm-fast_5" eclass="HBEFA3/PC_G_EU4" CO2="11032.92" CO="152.57" HC="0.97" NOx="4.59" PMx="0.24" fuel="4.74" electricity="0.00" noise="73.10" route="routebottom" type="cfm-fast" waiting="0.00" lane="right_0" pos="26.50" speed="23.12" angle="316.79" x="109.83" y="114.40"/>
        <vehicle id="cfm-slow_0" eclass="HBEFA3/PC_G_EU4" CO2="20905.67" CO="357.84" HC="2.15" NOx="9.22" PMx="0.50" fuel="8.99" electricity="0.00" noise="78.80" route="routebottom" type="cfm-slow" waiting="0.00" lane="right_0" pos="40.98" speed="24.10" angle="290.75" x="82.91" y="129.52"/>
        <vehicle id="cfm-slow_1" eclass="HBEFA3/PC_G_EU4" CO2="27466.51" CO="502.17" HC="2.97" NOx="12.26" PMx="0.68" fuel="11.81" electricity="0.00" noise="82.40" route="routetop" type="cfm-slow" waiting="0.00" lane="top_0" pos="10.43" speed="26.70" angle="255.71" x="41.54" y="128.61"/>
        <vehicle id="cfm-slow_2" eclass="HBEFA3/PC_G_EU4" CO2="28193.80" CO="535.90" HC="3.15" NOx="12.53" PMx="0.71" fuel="12.12" electricity="0.00" noise="82.37" route="routetop" type="cfm-slow" waiting="0.00" lane="top_0" pos="32.56" speed="29.86" angle="215.93" x="5.11" y="99.41"/>
        <vehicle id="cfm-slow_3" eclass="HBEFA3/PC_G_EU4" CO2="16603.84" CO="319.75" HC="1.88" NOx="7.01" PMx="0.42" fuel="7.14" electricity="0.00" noise="77.62" route="routetop" type="cfm-slow" waiting="0.00" lane="left_0" pos="7.90" speed="32.53" angle="170.21" x="-2.82" y="46.76"/>
        <vehicle id="cfm-slow_4" eclass="HBEFA3/PC_G_EU4" CO2="0.00" CO="0.00" HC="0.00" NOx="0.00" PMx="0.00" fuel="0.00" electricity="0.00" noise="74.11" route="routetop" type="cfm-slow" waiting="0.00" lane="left_0" pos="35.85" speed="33.37" angle="120.02" x="34.12" y="1.74"/>
        <vehicle id="cfm-slow_5" eclass="HBEFA3/PC_G_EU4" CO2="0.00" CO="0.00" HC="0.00" NOx="0.00" PMx="0.00" fuel="0.00" electricity="0.00" noise="72.87" route="routebottom" type="cfm-slow" waiting="0.00" lane="bottom_0" pos="14.45" speed="31.65" angle="68.47" x="93.79" y="2.03"/>
    </timestep>
    <timestep time="5.32">
        <vehicle id="cfm-fast_0" eclass="HBEFA3/PC_G_EU4" CO2="140951.11" CO="3212.29" HC="18.18" NOx="65.32" PMx="3.82" fuel="60.59" electricity="0.00" noise="120.36" route="routebottom" type="cfm-fast" waiting="0.00" lane="right_1" pos="4.02" speed="51.57" angle="357.29" x="128.44" y="71.92"/>
        <vehicle id="cfm-fast_1" eclass="HBEFA3/PC_G_EU4" CO2="0.00" CO="0.00" HC="0.00" NOx="0.00" PMx="0.00" fuel="0.00" electricity="0.00" noise="71.11" route="routebottom" type="cfm-fast" waiting="0.00" lane="bottom_0" pos="41.68" speed="27.87" angle="19.50" x="129.92" y="45.88"/>
        <vehicle id="cfm-fast_2" eclass="HBEFA3/PC_G_EU4" CO2="212911.41" CO="4953.75" HC="27.93" NOx="99.13" PMx="5.81" fuel="91.52" electricity="0.00" noise="136.89" route="routebottom" type="cfm-fast" waiting="0.00" lane="right_1" pos="47.86" speed="60.49" angle="278.41" x="68.08" y="128.82"/>
        <vehicle id="cfm-fast_3" eclass="HBEFA3/PC_G_EU4" CO2="0.00" CO="0.00" HC="0.00" NOx="0.00" PMx="0.00" fuel="0.00" electricity="0.00" noise="70.01" route="routebottom" type="cfm-fast" waiting="0.00" lane="right_0" pos="10.83" speed="24.55" angle="344.95" x="128.31" y="86.61"/>
        <vehicle id="cfm-fast_4" eclass="HBEFA3/PC_G_EU4" CO2="290579.43" CO="6992.91" HC="39.18" NOx="135.62" PMx="8.03" fuel="124.91" electricity="0.00" noise="149.67" route="routetop" type="cfm-fast" waiting="0.00" lane="left_1" pos="0.91" speed="72.15" angle="182.83" x="-1.61" y="61.76"/>
        <vehicle id="cfm-fast_5" eclass="HBEFA3/PC_G_EU4" CO2="11108.87" CO="154.15" HC="0.98" NOx="4.62" PMx="0.24" fuel="4.78" electricity="0.00" noise="73.14" route="routebottom" type="cfm-fast" waiting="0.00" lane="right_0" pos="26.73" speed="23.14" angle="316.36" x="109.46" y="114.74"/>
        <vehicle id="cfm-slow_0" eclass="HBEFA3/PC_G_EU4" CO2="20959.93" CO="359.02" HC="2.16" NOx="9.25" PMx="0.50" fuel="9.01" electricity="0.00" noise="78.83" route="routebottom" type="cfm-slow" waiting="0.00" lane="right_0" pos="41.22" speed="24.13" angle="290.35" x="82.41" y="129.66"/>
        <vehicle id="cfm-slow_1" eclass="HBEFA3/PC_G_EU4" CO2="27472.62" CO="502.44" HC="2.97" NOx="12.26" PMx="0.68" fuel="11.81" electricity="0.00" noise="82.40" route="routetop" type="cfm-slow" waiting="0.00" lane="top_0" pos="10.69" speed="26.74" angle="255.21" x="41.00" y="128.41"/>
        <vehicle id="cfm-slow_2" eclass="HBEFA3/PC_G_EU4" CO2="28088.75" CO="533.95" HC="3.14" NOx="12.48" PMx="0.71" fuel="12.07" electricity="0.00" noise="82.32" route="routetop" type="cfm-slow" waiting="0.00" lane="top_0" pos="32.86" speed="29.88" angle="215.36" x="4.78" y="98.86"/>
        <vehicle id="cfm-slow_3" eclass="HBEFA3/PC_G_EU4" CO2="16393.75" CO="315.53" HC="1.85" NOx="6.91" PMx="0.41" fuel="7.05" electricity="0.00" noise="77.55" route="routetop" type="cfm-slow" waiting="0.00" lane="left_0" pos="8.22" speed="32.54" angle="169.61" x="-2.64" y="46.08"/>
        <vehicle id="cfm-slow_4" eclass="HBEFA3/PC_G_EU4" CO2="0.00" CO="0.00" HC="0.00" NOx="0.00" PMx="0.00" fuel="0.00" electricity="0.00" noise="74.10" route="routetop" type="cfm-slow" waiting="0.00" lane="left_0" pos="36.18" speed="33.35" angle="119.42" x="34.77" y="1.44"/>
        <vehicle id="cfm-slow_5" eclass="HBEFA3/PC_G_EU4" CO2="0.00" CO="0.00" HC="0.00" NOx="0.00" PMx="0.00" fuel="0.00" electricity="0.00" noise="72.86" route="routebottom" type="cfm-slow" waiting="0.00" lane="bottom_0" pos="14.77" speed="31.62" angle="67.88" x="94.40" y="2.33"/>
    </timestep>
    <timestep time="5.33">
        <vehicle id="cfm-fast_0" eclass="HBEFA3/PC_G_EU4" CO2="141538.32" CO="3226.74" HC="18.26" NOx="65.60" PMx="3.84" fuel="60.84" electricity="0.00" noise="120.50" route="routebottom" type="cfm-fast" waiting="0.00" lane="right_1" pos="4.54" speed="51.66" angle="356.35" x="128.30" y="72.97"/>
        <vehicle id="cfm-fast_1" eclass="HBEFA3/PC_G_EU4" CO2="0.00" CO="0.00" HC="0.00" NOx="0.00" PMx="0.00" fuel="0.00" electricity="0.00" noise="71.09" route="routebottom" type="cfm-fast" waiting="0.00" lane="bottom_0" pos="41.96" speed="27.84" angle="18.99" x="130.07" y="46.45"/>
        <vehicle id="cfm-fast_2" eclass="HBEFA3/PC_G_EU4" CO2="213569.16" CO="4971.25" HC="28.02" NOx="99.44" PMx="5.83" fuel="91.80" electricity="0.00" noise="137.00" route="routebottom" type="cfm-fast" waiting="0.00" lane="right_1" pos="48.46" speed="60.61" angle="277.25" x="66.84" y="128.89"/>
        <vehicle id="cfm-fast_3" eclass="HBEFA3/PC_G_EU4" CO2="0.00" CO="0.00" HC="0.00" NOx="0.00" PMx="0.00" fuel="0.00" electricity="0.00" noise="70.01" route="routebottom" type="cfm-fast" waiting="0.00" lane="right_0" pos="11.08" speed="24.54" angle="344.48" x="128.13" y="87.11"/>
        <vehicle id="cfm-fast_4" eclass="HBEFA3/PC_G_EU4" CO2="291201.06" CO="7011.53" HC="39.29" NOx="135.91" PMx="8.04" fuel="125.17" electricity="0.00" noise="149.74" route="routetop" type="cfm-fast" waiting="0.00" lane="left_1" pos="1.63" speed="72.28" angle="181.56" x="-1.55" y="60.28"/>
        <vehicle id="cfm-fast_5" eclass="HBEFA3/PC_G_EU4" CO2="11184.76" CO="155.74" HC="0.99" NOx="4.66" PMx="0.25" fuel="4.81" electricity="0.00" noise="73.18" route="routebottom" type="cfm-fast" waiting="0.00" lane="right_0" pos="26.97" speed="23.15" angle="316.00" x="109.10" y="115.07"/>
        <vehicle id="cfm-slow_0" eclass="HBEFA3/PC_G_EU4" CO2="21013.85" CO="360.20" HC="2.16" NOx="9.27" PMx="0.50" fuel="9.03" electricity="0.00" noise="78.86" route="routebottom" type="cfm-slow" waiting="0.00" lane="right_0" pos="41.46" speed="24.15" angle="289.91" x="81.91" y="129.79"/>
        <vehicle id="cfm-slow_1" eclass="HBEFA3/PC_G_EU4" CO2="27477.83" CO="502.70" HC="2.97" NOx="12.26" PMx="0.68" fuel="11.81" electricity="0.00" noise="82.40" route="routetop" type="cfm-slow" waiting="0.00" lane="top_0" pos="10.96" speed="26.77" angle="254.70" x="40.45" y="128.22"/>
        <vehicle id="cfm-slow_2" eclass="HBEFA3/PC_G_EU4" CO2="27982.69" CO="531.97" HC="3.12" NOx="12.43" PMx="0.71" fuel="12.03" electricity="0.00" noise="82.26" route="routetop" type="cfm-slow" waiting="0.00" lane="top_0" pos="33.16" speed="29.91" angle="214.80" x="4.45" y="98.31"/>
        <vehicle id="cfm-slow_3" eclass="HBEFA3/PC_G_EU4" CO2="16183.84" CO="311.32" HC="1.83" NOx="6.81" PMx="0.41" fuel="6.96" electricity="0.00" noise="77.48" route="routetop" type="cfm-slow" waiting="0.00" lane="left_0" pos="8.55" speed="32.55" angle="169.02" x="-2.46" y="45.40"/>
        <vehicle id="cfm-slow_4" eclass="HBEFA3/PC_G_EU4" CO2="0.00" CO="0.00" HC="0.00" NOx="0.00" PMx="0.00" fuel="0.00" electricity="0.00" noise="74.08" route="routetop" type="cfm-slow" waiting="0.00" lane="left_0" pos="36.51" speed="33.34" angle="118.80" x="35.42" y="1.14"/>
        <vehicle id="cfm-slow_5" eclass="HBEFA3/PC_G_EU4" CO2="0.00" CO="0.00" HC="0.00" NOx="0.00" PMx="0.00" fuel="0.00" electricity="0.00" noise="72.84" route="routebottom" type="cfm-slow" waiting="0.00" lane="bottom_0" pos="15.08" speed="31.59" angle="67.29" x="95.01" y="2.63"/>
    </timestep>
    <timestep time="5.34">
        <vehicle id="cfm-fast_0" eclass="HBEFA3/PC_G_EU4" CO2="142126.76" CO="3241.22" HC="18.34" NOx="65.87" PMx="3.85" fuel="61.09" electricity="0.00" noise="120.65" route="routebottom" type="cfm-fast" waiting="0.00" lane="right_1" pos="5.06" speed="51.75" angle="355.41" x="128.15" y="74.02"/>
        <vehicle id="cfm-fast_1" eclass="HBEFA3/PC_G_EU4" CO2="0.00" CO="0.00" HC="0.00" NOx="0.00" PMx="0.00" fuel="0.00" electricity="0.00" noise="71.08" route="routebottom" type="cfm-fast" waiting="0.00" lane="bottom_0" pos="42.24" speed="27.81" angle="18.50" x="130.22" y="47.03"/>
        <vehicle id="cfm-fast_2" eclass="HBEFA3/PC_G_EU4" CO2="214227.30" CO="4988.78" HC="28.12" NOx="99.75" PMx="5.85" fuel="92.09" electricity="0.00" noise="137.11" route="routebottom" type="cfm-fast" waiting="0.00" lane="right_1" pos="49.07" speed="60.73" angle="276.18" x="65.60" y="128.93"/>
        <vehicle id="cfm-fast_3" eclass="HBEFA3/PC_G_EU4" CO2="0.00" CO="0.00" HC="0.00" NOx="0.00" PMx="0.00" fuel="0.00" electricity="0.00" noise="70.02" route="routebottom" type="cfm-fast" waiting="0.00" lane="right_0" pos="11.32" speed="24.53" angle="344.01" x="127.95" y="87.60"/>
        <vehicle id="cfm-fast_4" eclass="HBEFA3/PC_G_EU4" CO2="291822.98" CO="7030.17" HC="39.39" NOx="136.20" PMx="8.06" fuel="125.44" electricity="0.00" noise="149.80" route="routetop" type="cfm-fast" waiting="0.00" lane="left_1" pos="2.36" speed="72.42" angle="180.24" x="-1.46" y="58.80"/>
        <vehicle id="cfm-fast_5" eclass="HBEFA3/PC_G_EU4" CO2="11260.59" CO="157.32" HC="0.99" NOx="4.69" PMx="0.25" fuel="4.84" electricity="0.00" noise="73.22" route="routebottom" type="cfm-fast" waiting="0.00" lane="right_0" pos="27.20" speed="23.16" angle="315.57" x="108.72" y="115.40"/>
        <vehicle id="cfm-slow_0" eclass="HBEFA3/PC_G_EU4" CO2="21067.43" CO="361.37" HC="2.17" NOx="9.30" PMx="0.51" fuel="9.06" electricity="0.00" noise="78.89" route="routebottom" type="cfm-slow" waiting="0.00" lane="right_0" pos="41.70" speed="24.18" angle="289.47" x="81.40" y="129.93"/>
        <vehicle id="cfm-slow_1" eclass="HBEFA3/PC_G_EU4" CO2="27482.14" CO="502.94" HC="2.98" NOx="12.26" PMx="0.68" fuel="11.81" electricity="0.00" noise="82.39" route="routetop" type="cfm-slow" waiting="0.00" lane="top_0" pos="11.23" speed="26.80" angle="254.19" x="39.91" y="128.02"/>
        <vehicle id="cfm-slow_2" eclass="HBEFA3/PC_G_EU4" CO2="27875.63" CO="529.98" HC="3.11" NOx="12.38" PMx="0.70" fuel="11.98" electricity="0.00" noise="82.20" route="routetop" type="cfm-slow" waiting="0.00" lane="top_0" pos="33.46" speed="29.94" angle="214.30" x="4.13" y="97.75"/>
        <vehicle id="cfm-slow_3" eclass="HBEFA3/PC_G_EU4" CO2="15974.12" CO="307.10" HC="1.80" NOx="6.71" PMx="0.40" fuel="6.87" electricity="0.00" noise="77.42" route="routetop" type="cfm-slow" waiting="0.00" lane="left_0" pos="8.87" speed="32.57" angle="168.45" x="-2.28" y="44.73"/>
        <vehicle id="cfm-slow_4" eclass="HBEFA3/PC_G_EU4" CO2="0.00" CO="0.00" HC="0.00" NOx="0.00" PMx="0.00" fuel="0.00" electricity="0.00" noise="74.06" route="routetop" type="cfm-slow" waiting="0.00" lane="left_0" pos="36.85" speed="33.33" angle="118.17" x="36.07" y="0.85"/>
        <vehicle id="cfm-slow_5" eclass="HBEFA3/PC_G_EU4" CO2="0.00" CO="0.00" HC="0.00" NOx="0.00" PMx="0.00" fuel="0.00" electricity="0.00" noise="72.83" route="routebottom" type="cfm-slow" waiting="0.00" lane="bottom_0" pos="15.40" speed="31.55" angle="66.77" x="95.61" y="2.94"/>
    </timestep>
    <timestep time="5.35">
        <vehicle id="cfm-fast_0" eclass="HBEFA3/PC_G_EU4" CO2="142716.42" CO="3255.74" HC="18.42" NOx="66.15" PMx="3.87" fuel="61.35" electricity="0.00" noise="120.79" route="routebottom" type="cfm-fast" waiting="0.00" lane="right_1" pos="5.58" speed="51.85" angle="354.48" x="127.96" y="75.06"/>
        <vehicle id="cfm-fast_1" eclass="HBEFA3/PC_G_EU4" CO2="0.00" CO="0.00" HC="0.00" NOx="0.00" PMx="0.00" fuel="0.00" electricity="0.00" noise="71.07" route="routebottom" type="cfm-fast" waiting="0.00" lane="bottom_0" pos="42.51" speed="27.79" angle="18.04" x="130.36" y="47.61"/>
        <vehicle id="cfm-fast_2" eclass="HBEFA3/PC_G_EU4" CO2="214885.85" CO="5006.33" HC="28.22" NOx="100.06" PMx="5.87" fuel="92.37" electricity="0.00" noise="137.22" route="routebottom" type="cfm-fast" waiting="0.00" lane="right_1" pos="49.68" speed="60.85" angle="275.05" x="64.35" y="128.96"/>
        <vehicle id="cfm-fast_3" eclass="HBEFA3/PC_G_EU4" CO2="0.00" CO="0.00" HC="0.00" NOx="0.00" PMx="0.00" fuel="0.00" electricity="0.00" noise="70.03" route="routebottom" type="cfm-fast" waiting="0.00" lane="right_0" pos="11.57" speed="24.52" angle="343.61" x="127.77" y="88.10"/>
        <vehicle id="cfm-fast_4" eclass="HBEFA3/PC_G_EU4" CO2="292445.19" CO="7048.83" HC="39.49" NOx="136.49" PMx="8.08" fuel="125.71" electricity="0.00" noise="149.87" route="routetop" type="cfm-fast" waiting="0.00" lane="left_1" pos="3.08" speed="72.56" angle="178.96" x="-1.33" y="57.32"/>
        <vehicle id="cfm-fast_5" eclass="HBEFA3/PC_G_EU4" CO2="11336.34" CO="158.90" HC="1.00" NOx="4.73" PMx="0.25" fuel="4.87" electricity="0.00" noise="73.26" route="routebottom" type="cfm-fast" waiting="0.00" lane="right_0" pos="27.43" speed="23.17" angle="315.13" x="108.34" y="115.72"/>
        <vehicle id="cfm-slow_0" eclass="HBEFA3/PC_G_EU4" CO2="21120.66" CO="362.53" HC="2.18" NOx="9.32" PMx="0.51" fuel="9.08" electricity="0.00" noise="78.92" route="routebottom" type="cfm-slow" waiting="0.00" lane="right_0" pos="41.95" speed="24.21" angle="289.03" x="80.90" y="130.06"/>
        <vehicle id="cfm-slow_1" eclass="HBEFA3/PC_G_EU4" CO2="27485.53" CO="503.17" HC="2.98" NOx="12.27" PMx="0.68" fuel="11.81" electricity="0.00" noise="82.39" route="routetop" type="cfm-slow" waiting="0.00" lane="top_0" pos="11.50" speed="26.83" angle="253.74" x="39.37" y="127.82"/>
        <vehicle id="cfm-slow_2" eclass="HBEFA3/PC_G_EU4" CO2="27767.59" CO="527.96" HC="3.10" NOx="12.33" PMx="0.70" fuel="11.94" electricity="0.00" noise="82.15" route="routetop" type="cfm-slow" waiting="0.00" lane="top_0" pos="33.76" speed="29.97" angle="213.76" x="3.81" y="97.19"/>
        <vehicle id="cfm-slow_3" eclass="HBEFA3/PC_G_EU4" CO2="15764.61" CO="302.89" HC="1.78" NOx="6.61" PMx="0.40" fuel="6.78" electricity="0.00" noise="77.35" route="routetop" type="cfm-slow" waiting="0.00" lane="left_0" pos="9.20" speed="32.58" angle="167.88" x="-2.08" y="44.06"/>
        <vehicle id="cfm-slow_4" eclass="HBEFA3/PC_G_EU4" CO2="0.00" CO="0.00" HC="0.00" NOx="0.00" PMx="0.00" fuel="0.00" electricity="0.00" noise="74.05" route="routetop" type="cfm-slow" waiting="0.00" lane="left_0" pos="37.18" speed="33.31" angle="117.61" x="36.73" y="0.55"/>
        <vehicle id="cfm-slow_5" eclass="HBEFA3/PC_G_EU4" CO2="0.00" CO="0.00" HC="0.00" NOx="0.00" PMx="0.00" fuel="0.00" electricity="0.00" noise="72.81" route="routebottom" type="cfm-slow" waiting="0.00" lane="bottom_0" pos="15.71" speed="31.52" angle="66.19" x="96.21" y="3.27"/>
    </timestep>
    <timestep time="5.36">
        <vehicle id="cfm-fast_0" eclass="HBEFA3/PC_G_EU4" CO2="143307.29" CO="3270.30" HC="18.50" NOx="66.43" PMx="3.89" fuel="61.60" electricity="0.00" noise="120.93" route="routebottom" type="cfm-fast" waiting="0.00" lane="right_1" pos="6.10" speed="51.94" angle="353.52" x="127.77" y="76.11"/>
        <vehicle id="cfm-fast_1" eclass="HBEFA3/PC_G_EU4" CO2="0.00" CO="0.00" HC="0.00" NOx="0.00" PMx="0.00" fuel="0.00" electricity="0.00" noise="71.06" route="routebottom" type="cfm-fast" waiting="0.00" lane="bottom_0" pos="42.79" speed="27.76" angle="17.54" x="130.50" y="48.20"/>
        <vehicle id="cfm-fast_2" eclass="HBEFA3/PC_G_EU4" CO2="215544.78" CO="5023.90" HC="28.31" NOx="100.37" PMx="5.89" fuel="92.65" electricity="0.00" noise="137.33" route="routetop" type="cfm-fast" waiting="0.00" lane="top_1" pos="0.29" speed="60.97" angle="273.96" x="63.04" y="128.96"/>
        <vehicle id="cfm-fast_3" eclass="HBEFA3/PC_G_EU4" CO2="0.00" CO="0.00" HC="0.00" NOx="0.00" PMx="0.00" fuel="0.00" electricity="0.00" noise="70.04" route="routebottom" type="cfm-fast" waiting="0.00" lane="right_0" pos="11.81" speed="24.51" angle="343.17" x="127.57" y="88.59"/>
        <vehicle id="cfm-fast_4" eclass="HBEFA3/PC_G_EU4" CO2="293067.69" CO="7067.51" HC="39.59" NOx="136.79" PMx="8.10" fuel="125.98" electricity="0.00" noise="149.93" route="routetop" type="cfm-fast" waiting="0.00" lane="left_1" pos="3.81" speed="72.69" angle="177.67" x="-1.18" y="55.84"/>
        <vehicle id="cfm-fast_5" eclass="HBEFA3/PC_G_EU4" CO2="11412.03" CO="160.48" HC="1.01" NOx="4.76" PMx="0.25" fuel="4.91" electricity="0.00" noise="73.30" route="routebottom" type="cfm-fast" waiting="0.00" lane="right_0" pos="27.66" speed="23.18" angle="314.70" x="107.96" y="116.04"/>
        <vehicle id="cfm-slow_0" eclass="HBEFA3/PC_G_EU4" CO2="21173.55" CO="363.69" HC="2.18" NOx="9.35" PMx="0.51" fuel="9.10" electricity="0.00" noise="78.95" route="routebottom" type="cfm-slow" waiting="0.00" lane="right_0" pos="42.19" speed="24.23" angle="288.59" x="80.40" y="130.20"/>
        <vehicle id="cfm-slow_1" eclass="HBEFA3/PC_G_EU4" CO2="27488.01" CO="503.37" HC="2.98" NOx="12.27" PMx="0.68" fuel="11.82" electricity="0.00" noise="82.38" route="routetop" type="cfm-slow" waiting="0.00" lane="top_0" pos="11.77" speed="26.87" angle="253.26" x="38.83" y="127.61"/>
        <vehicle id="cfm-slow_2" eclass="HBEFA3/PC_G_EU4" CO2="27658.58" CO="525.92" HC="3.09" NOx="12.28" PMx="0.70" fuel="11.89" electricity="0.00" noise="82.09" route="routetop" type="cfm-slow" waiting="0.00" lane="top_0" pos="34.06" speed="30.00" angle="213.21" x="3.50" y="96.63"/>
        <vehicle id="cfm-slow_3" eclass="HBEFA3/PC_G_EU4" CO2="15555.32" CO="298.68" HC="1.76" NOx="6.51" PMx="0.39" fuel="6.69" electricity="0.00" noise="77.29" route="routetop" type="cfm-slow" waiting="0.00" lane="left_0" pos="9.52" speed="32.59" angle="167.27" x="-1.87" y="43.39"/>
        <vehicle id="cfm-slow_4" eclass="HBEFA3/PC_G_EU4" CO2="0.00" CO="0.00" HC="0.00" NOx="0.00" PMx="0.00" fuel="0.00" electricity="0.00" noise="74.03" route="routetop" type="cfm-slow" waiting="0.00" lane="left_0" pos="37.51" speed="33.30" angle="117.01" x="37.39" y="0.28"/>
        <vehicle id="cfm-slow_5" eclass="HBEFA3/PC_G_EU4" CO2="0.00" CO="0.00" HC="0.00" NOx="0.00" PMx="0.00" fuel="0.00" electricity="0.00" noise="72.80" route="routebottom" type="cfm-slow" waiting="0.00" lane="bottom_0" pos="16.03" speed="31.49" angle="65.61" x="96.80" y="3.60"/>
    </timestep>
    <timestep time="5.37">
        <vehicle id="cfm-fast_0" eclass="HBEFA3/PC_G_EU4" CO2="143899.37" CO="3284.90" HC="18.59" NOx="66.70" PMx="3.90" fuel="61.86" electricity="0.00" noise="121.07" route="routebottom" type="cfm-fast" waiting="0.00" lane="right_1" pos="6.62" speed="52.03" angle="352.60" x="127.56" y="77.16"/>
        <vehicle id="cfm-fast_1" eclass="HBEFA3/PC_G_EU4" CO2="0.00" CO="0.00" HC="0.00" NOx="0.00" PMx="0.00" fuel="0.00" electricity="0.00" noise="71.04" route="routebottom" type="cfm-fast" waiting="0.00" lane="bottom_0" pos="43.07" speed="27.73" angle="17.03" x="130.63" y="48.78"/>
        <vehicle id="cfm-fast_2" eclass="HBEFA3/PC_G_EU4" CO2="216204.10" CO="5041.49" HC="28.41" NOx="100.68" PMx="5.91" fuel="92.94" electricity="0.00" noise="137.43" route="routetop" type="cfm-fast" waiting="0.00" lane="top_1" pos="0.90" speed="61.09" angle="272.85" x="61.79" y="128.93"/>
        <vehicle id="cfm-fast_3" eclass="HBEFA3/PC_G_EU4" CO2="0.00" CO="0.00" HC="0.00" NOx="0.00" PMx="0.00" fuel="0.00" electricity="0.00" noise="70.04" route="routebottom" type="cfm-fast" waiting="0.00" lane="right_0" pos="12.06" speed="24.50" angle="342.72" x="127.37" y="89.08"/>
        <vehicle id="cfm-fast_4" eclass="HBEFA3/PC_G_EU4" CO2="293690.48" CO="7086.21" HC="39.69" NOx="137.08" PMx="8.12" fuel="126.24" electricity="0.00" noise="150.00" route="routetop" type="cfm-fast" waiting="0.00" lane="left_1" pos="4.54" speed="72.83" angle="176.35" x="-0.98" y="54.36"/>
        <vehicle id="cfm-fast_5" eclass="HBEFA3/PC_G_EU4" CO2="11487.63" CO="162.06" HC="1.02" NOx="4.80" PMx="0.25" fuel="4.94" electricity="0.00" noise="73.34" route="routebottom" type="cfm-fast" waiting="0.00" lane="right_0" pos="27.89" speed="23.20" angle="314.26" x="107.58" y="116.36"/>
        <vehicle id="cfm-slow_0" eclass="HBEFA3/PC_G_EU4" CO2="21226.08" CO="364.84" HC="2.19" NOx="9.37" PMx="0.51" fuel="9.12" electricity="0.00" noise="78.98" route="routebottom" type="cfm-slow" waiting="0.00" lane="right_0" pos="42.43" speed="24.26" angle="288.21" x="79.89" y="130.32"/>
        <vehicle id="cfm-slow_1" eclass="HBEFA3/PC_G_EU4" CO2="27489.58" CO="503.56" HC="2.98" NOx="12.27" PMx="0.68" fuel="11.82" electricity="0.00" noise="82.38" route="routetop" type="cfm-slow" waiting="0.00" lane="top_0" pos="12.04" speed="26.90" angle="252.77" x="38.29" y="127.40"/>
        <vehicle id="cfm-slow_2" eclass="HBEFA3/PC_G_EU4" CO2="27548.60" CO="523.86" HC="3.08" NOx="12.23" PMx="0.69" fuel="11.84" electricity="0.00" noise="82.03" route="routetop" type="cfm-slow" waiting="0.00" lane="top_0" pos="34.36" speed="30.02" angle="212.67" x="3.19" y="96.06"/>
        <vehicle id="cfm-slow_3" eclass="HBEFA3/PC_G_EU4" CO2="15346.27" CO="294.47" HC="1.73" NOx="6.41" PMx="0.39" fuel="6.60" electricity="0.00" noise="77.23" route="routetop" type="cfm-slow" waiting="0.00" lane="left_0" pos="9.85" speed="32.60" angle="166.67" x="-1.66" y="42.72"/>
        <vehicle id="cfm-slow_4" eclass="HBEFA3/PC_G_EU4" CO2="0.00" CO="0.00" HC="0.00" NOx="0.00" PMx="0.00" fuel="0.00" electricity="0.00" noise="74.02" route="routetop" type="cfm-slow" waiting="0.00" lane="left_0" pos="37.85" speed="33.28" angle="116.40" x="38.06" y="0.02"/>
        <vehicle id="cfm-slow_5" eclass="HBEFA3/PC_G_EU4" CO2="0.00" CO="0.00" HC="0.00" NOx="0.00" PMx="0.00" fuel="0.00" electricity="0.00" noise="72.78" route="routebottom" type="cfm-slow" waiting="0.00" lane="bottom_0" pos="16.34" speed="31.46" angle="65.03" x="97.39" y="3.92"/>
    </timestep>
    <timestep time="5.38">
        <vehicle id="cfm-fast_0" eclass="HBEFA3/PC_G_EU4" CO2="144492.63" CO="3299.54" HC="18.67" NOx="66.98" PMx="3.92" fuel="62.11" electricity="0.00" noise="121.22" route="routebottom" type="cfm-fast" waiting="0.00" lane="right_1" pos="7.14" speed="52.13" angle="351.60" x="127.32" y="78.20"/>
        <vehicle id="cfm-fast_1" eclass="HBEFA3/PC_G_EU4" CO2="0.00" CO="0.00" HC="0.00" NOx="0.00" PMx="0.00" fuel="0.00" electricity="0.00" noise="71.03" route="routebottom" type="cfm-fast" waiting="0.00" lane="bottom_0" pos="43.35" speed="27.70" angle="16.53" x="130.76" y="49.36"/>
        <vehicle id="cfm-fast_2" eclass="HBEFA3/PC_G_EU4" CO2="216863.80" CO="5059.11" HC="28.51" NOx="100.99" PMx="5.93" fuel="93.22" electricity="0.00" noise="137.54" route="routetop" type="cfm-fast" waiting="0.00" lane="top_1" pos="1.51" speed="61.21" angle="271.77" x="60.53" y="128.89"/>
        <vehicle id="cfm-fast_3" eclass="HBEFA3/PC_G_EU4" CO2="0.00" CO="0.00" HC="0.00" NOx="0.00" PMx="0.00" fuel="0.00" electricity="0.00" noise="70.05" route="routebottom" type="cfm-fast" waiting="0.00" lane="right_0" pos="12.30" speed="24.50" angle="342.27" x="127.18" y="89.57"/>
        <vehicle id="cfm-fast_4" eclass="HBEFA3/PC_G_EU4" CO2="294313.57" CO="7104.94" HC="39.79" NOx="137.37" PMx="8.14" fuel="126.51" electricity="0.00" noise="150.06" route="routetop" type="cfm-fast" waiting="0.00" lane="left_1" pos="5.27" speed="72.97" angle="175.03" x="-0.75" y="52.88"/>
        <vehicle id="cfm-fast_5" eclass="HBEFA3/PC_G_EU4" CO2="11563.16" CO="163.63" HC="1.03" NOx="4.83" PMx="0.26" fuel="4.97" electricity="0.00" noise="73.38" route="routebottom" type="cfm-fast" waiting="0.00" lane="right_0" pos="28.12" speed="23.21" angle="313.85" x="107.19" y="116.69"/>
        <vehicle id="cfm-slow_0" eclass="HBEFA3/PC_G_EU4" CO2="21278.25" CO="365.99" HC="2.19" NOx="9.39" PMx="0.51" fuel="9.15" electricity="0.00" noise="79.01" route="routebottom" type="cfm-slow" waiting="0.00" lane="right_0" pos="42.67" speed="24.29" angle="287.77" x="79.38" y="130.44"/>
        <vehicle id="cfm-slow_1" eclass="HBEFA3/PC_G_EU4" CO2="27490.23" CO="503.73" HC="2.98" NOx="12.27" PMx="0.68" fuel="11.82" electricity="0.00" noise="82.37" route="routetop" type="cfm-slow" waiting="0.00" lane="top_0" pos="12.31" speed="26.93" angle="252.29" x="37.76" y="127.18"/>
        <vehicle id="cfm-slow_2" eclass="HBEFA3/PC_G_EU4" CO2="27437.66" CO="521.79" HC="3.06" NOx="12.17" PMx="0.69" fuel="11.79" electricity="0.00" noise="81.97" route="routetop" type="cfm-slow" waiting="0.00" lane="top_0" pos="34.66" speed="30.05" angle="212.18" x="2.88" y="95.49"/>
        <vehicle id="cfm-slow_3" eclass="HBEFA3/PC_G_EU4" CO2="15137.47" CO="290.27" HC="1.71" NOx="6.31" PMx="0.38" fuel="6.51" electricity="0.00" noise="77.16" route="routetop" type="cfm-slow" waiting="0.00" lane="left_0" pos="10.18" speed="32.61" angle="166.11" x="-1.46" y="42.05"/>
        <vehicle id="cfm-slow_4" eclass="HBEFA3/PC_G_EU4" CO2="0.00" CO="0.00" HC="0.00" NOx="0.00" PMx="0.00" fuel="0.00" electricity="0.00" noise="74.00" route="routetop" type="cfm-slow" waiting="0.00" lane="left_0" pos="38.18" speed="33.27" angle="115.79" x="38.72" y="-0.25"/>
        <vehicle id="cfm-slow_5" eclass="HBEFA3/PC_G_EU4" CO2="0.00" CO="0.00" HC="0.00" NOx="0.00" PMx="0.00" fuel="0.00" electricity="0.00" noise="72.77" route="routebottom" type="cfm-slow" waiting="0.00" lane="bottom_0" pos="16.66" speed="31.43" angle="64.50" x="97.98" y="4.25"/>
    </timestep>
    <timestep time="5.39">
        <vehicle id="cfm-fast_0" eclass="HBEFA3/PC_G_EU4" CO2="145087.08" CO="3314.21" HC="18.75" NOx="67.26" PMx="3.94" fuel="62.37" electricity="0.00" noise="121.36" route="routebottom" type="cfm-fast" waiting="0.00" lane="right_1" pos="7.66" speed="52.22" angle="350.65" x="127.08" y="79.24"/>
        <vehicle id="cfm-fast_1" eclass="HBEFA3/PC_G_EU4" CO2="0.00" CO="0.00" HC="0.00" NOx="0.00" PMx="0.00" fuel="0.00" electricity="0.00" noise="71.02" route="routebottom" type="cfm-fast" waiting="0.00" lane="bottom_0" pos="43.62" speed="27.68" angle="16.08" x="130.89" y="49.94"/>
        <vehicle id="cfm-fast_2" eclass="HBEFA3/PC_G_EU4" CO2="217523.87" CO="5076.76" HC="28.60" NOx="101.30" PMx="5.94" fuel="93.50" electricity="0.00" noise="137.65" route="routetop" type="cfm-fast" waiting="0.00" lane="top_1" pos="2.12" speed="61.33" angle="270.66" x="59.28" y="128.82"/>
        <vehicle id="cfm-fast_3" eclass="HBEFA3/PC_G_EU4" CO2="0.00" CO="0.00" HC="0.00" NOx="0.00" PMx="0.00" fuel="0.00" electricity="0.00" noise="70.06" route="routebottom" type="cfm-fast" waiting="0.00" lane="right_0" pos="12.55" speed="24.49" angle="341.83" x="126.98" y="90.06"/>
        <vehicle id="cfm-fast_4" eclass="HBEFA3/PC_G_EU4" CO2="294936.95" CO="7123.68" HC="39.89" NOx="137.66" PMx="8.16" fuel="126.78" electricity="0.00" noise="150.13" route="routetop" type="cfm-fast" waiting="0.00" lane="left_1" pos="6.00" speed="73.10" angle="173.66" x="-0.48" y="51.40"/>
        <vehicle id="cfm-fast_5" eclass="HBEFA3/PC_G_EU4" CO2="11638.61" CO="165.21" HC="1.04" NOx="4.87" PMx="0.26" fuel="5.00" electricity="0.00" noise="73.42" route="routebottom" type="cfm-fast" waiting="0.00" lane="right_0" pos="28.36" speed="23.22" angle="313.47" x="106.81" y="117.00"/>
        <vehicle id="cfm-slow_0" eclass="HBEFA3/PC_G_EU4" CO2="21330.05" CO="367.13" HC="2.20" NOx="9.42" PMx="0.51" fuel="9.17" electricity="0.00" noise="79.04" route="routebottom" type="cfm-slow" waiting="0.00" lane="right_0" pos="42.92" speed="24.32" angle="287.32" x="78.87" y="130.55"/>
        <vehicle id="cfm-slow_1" eclass="HBEFA3/PC_G_EU4" CO2="27489.97" CO="503.88" HC="2.98" NOx="12.26" PMx="0.68" fuel="11.82" electricity="0.00" noise="82.37" route="routetop" type="cfm-slow" waiting="0.00" lane="top_0" pos="12.58" speed="26.96" angle="251.80" x="37.22" y="126.97"/>
        <vehicle id="cfm-slow_2" eclass="HBEFA3/PC_G_EU4" CO2="27325.77" CO="519.69" HC="3.05" NOx="12.12" PMx="0.69" fuel="11.75" electricity="0.00" noise="81.92" route="routetop" type="cfm-slow" waiting="0.00" lane="top_0" pos="34.96" speed="30.08" angle="211.63" x="2.59" y="94.91"/>
        <vehicle id="cfm-slow_3" eclass="HBEFA3/PC_G_EU4" CO2="14928.95" CO="286.07" HC="1.68" NOx="6.22" PMx="0.38" fuel="6.42" electricity="0.00" noise="77.10" route="routetop" type="cfm-slow" waiting="0.00" lane="left_0" pos="10.50" speed="32.62" angle="165.53" x="-1.22" y="41.38"/>
        <vehicle id="cfm-slow_4" eclass="HBEFA3/PC_G_EU4" CO2="0.00" CO="0.00" HC="0.00" NOx="0.00" PMx="0.00" fuel="0.00" electricity="0.00" noise="73.98" route="routetop" type="cfm-slow" waiting="0.00" lane="left_0" pos="38.51" speed="33.25" angle="115.23" x="39.39" y="-0.51"/>
        <vehicle id="cfm-slow_5" eclass="HBEFA3/PC_G_EU4" CO2="0.00" CO="0.00" HC="0.00" NOx="0.00" PMx="0.00" fuel="0.00" electricity="0.00" noise="72.76" route="routebottom" type="cfm-slow" waiting="0.00" lane="bottom_0" pos="16.97" speed="31.40" angle="63.92" x="98.56" y="4.60"/>
    </timestep>
    <timestep time="5.40">
        <vehicle id="cfm-fast_0" eclass="HBEFA3/PC_G_EU4" CO2="145682.71" CO="3328.92" HC="18.83" NOx="67.54" PMx="3.95" fuel="62.62" electricity="0.00" noise="121.50" route="routebottom" type="cfm-fast" waiting="0.00" lane="right_1" pos="8.18" speed="52.32" angle="349.73" x="126.81" y="80.28"/>
        <vehicle id="cfm-fast_1" eclass="HBEFA3/PC_G_EU4" CO2="0.00" CO="0.00" HC="0.00" NOx="0.00" PMx="0.00" fuel="0.00" electricity="0.00" noise="71.01" route="routebottom" type="cfm-fast" waiting="0.00" lane="bottom_0" pos="43.90" speed="27.65" angle="15.56" x="131.00" y="50.53"/>
        <vehicle id="cfm-fast_2" eclass="HBEFA3/PC_G_EU4" CO2="218184.32" CO="5094.43" HC="28.70" NOx="101.61" PMx="5.96" fuel="93.79" electricity="0.00" noise="137.76" route="routetop" type="cfm-fast" waiting="0.00" lane="top_1" pos="2.74" speed="61.45" angle="269.59" x="58.02" y="128.73"/>
        <vehicle id="cfm-fast_3" eclass="HBEFA3/PC_G_EU4" CO2="0.00" CO="0.00" HC="0.00" NOx="0.00" PMx="0.00" fuel="0.00" electricity="0.00" noise="70.07" route="routebottom" type="cfm-fast" waiting="0.00" lane="right_0" pos="12.79" speed="24.48" angle="341.44" x="126.79" y="90.55"/>
        <vehicle id="cfm-fast_4" eclass="HBEFA3/PC_G_EU4" CO2="295560.62" CO="7142.45" HC="39.99" NOx="137.96" PMx="8.18" fuel="127.05" electricity="0.00" noise="150.20" route="routetop" type="cfm-fast" waiting="0.00" lane="left_1" pos="6.73" speed="73.24" angle="172.35" x="-0.18" y="49.93"/>
        <vehicle id="cfm-fast_5" eclass="HBEFA3/PC_G_EU4" CO2="11713.97" CO="166.78" HC="1.05" NOx="4.90" PMx="0.26" fuel="5.04" electricity="0.00" noise="73.46" route="routebottom" type="cfm-fast" waiting="0.00" lane="right_0" pos="28.59" speed="23.24" angle="313.05" x="106.41" y="117.31"/>
        <vehicle id="cfm-slow_0" eclass="HBEFA3/PC_G_EU4" CO2="21381.48" CO="368.26" HC="2.21" NOx="9.44" PMx="0.51" fuel="9.19" electricity="0.00" noise="79.07" route="routebottom" type="cfm-slow" waiting="0.00" lane="right_0" pos="43.16" speed="24.34" angle="286.88" x="78.36" y="130.67"/>
        <vehicle id="cfm-slow_1" eclass="HBEFA3/PC_G_EU4" CO2="27488.78" CO="504.01" HC="2.98" NOx="12.26" PMx="0.68" fuel="11.82" electricity="0.00" noise="82.36" route="routetop" type="cfm-slow" waiting="0.00" lane="top_0" pos="12.85" speed="27.00" angle="251.36" x="36.68" y="126.75"/>
        <vehicle id="cfm-slow_2" eclass="HBEFA3/PC_G_EU4" CO2="27212.94" CO="517.57" HC="3.04" NOx="12.07" PMx="0.69" fuel="11.70" electricity="0.00" noise="81.86" route="routetop" type="cfm-slow" waiting="0.00" lane="top_0" pos="35.26" speed="30.11" angle="211.07" x="2.30" y="94.33"/>
        <vehicle id="cfm-slow_3" eclass="HBEFA3/PC_G_EU4" CO2="14720.70" CO="281.87" HC="1.66" NOx="6.12" PMx="0.37" fuel="6.33" electricity="0.00" noise="77.04" route="routetop" type="cfm-slow" waiting="0.00" lane="left_0" pos="10.83" speed="32.63" angle="164.92" x="-0.99" y="40.72"/>
        <vehicle id="cfm-slow_4" eclass="HBEFA3/PC_G_EU4" CO2="0.00" CO="0.00" HC="0.00" NOx="0.00" PMx="0.00" fuel="0.00" electricity="0.00" noise="73.97" route="routetop" type="cfm-slow" waiting="0.00" lane="left_0" pos="38.84" speed="33.24" angle="114.62" x="40.06" y="-0.75"/>
        <vehicle id="cfm-slow_5" eclass="HBEFA3/PC_G_EU4" CO2="0.00" CO="0.00" HC="0.00" NOx="0.00" PMx="0.00" fuel="0.00" electricity="0.00" noise="72.74" route="routebottom" type="cfm-slow" waiting="0.00" lane="bottom_0" pos="17.29" speed="31.36" angle="63.35" x="99.14" y="4.95"/>
    </timestep>
    <timestep time="5.41">
        <vehicle id="cfm-fast_0" eclass="HBEFA3/PC_G_EU4" CO2="146279.50" CO="3343.67" HC="18.91" NOx="67.82" PMx="3.97" fuel="62.88" electricity="0.00" noise="121.64" route="routebottom" type="cfm-fast" waiting="0.00" lane="right_1" pos="8.71" speed="52.41" angle="348.79" x="126.53" y="81.32"/>
        <vehicle id="cfm-fast_1" eclass="HBEFA3/PC_G_EU4" CO2="0.00" CO="0.00" HC="0.00" NOx="0.00" PMx="0.00" fuel="0.00" electricity="0.00" noise="71.00" route="routebottom" type="cfm-fast" waiting="0.00" lane="bottom_0" pos="44.18" speed="27.62" angle="15.04" x="131.11" y="51.11"/>
        <vehicle id="cfm-fast_2" eclass="HBEFA3/PC_G_EU4" CO2="218845.13" CO="5112.12" HC="28.80" NOx="101.92" PMx="5.98" fuel="94.07" electricity="0.00" noise="137.86" route="routetop" type="cfm-fast" waiting="0.00" lane="top_1" pos="3.36" speed="61.57" angle="268.47" x="56.76" y="128.60"/>
        <vehicle id="cfm-fast_3" eclass="HBEFA3/PC_G_EU4" CO2="0.00" CO="0.00" HC="0.00" NOx="0.00" PMx="0.00" fuel="0.00" electricity="0.00" noise="70.08" route="routebottom" type="cfm-fast" waiting="0.00" lane="right_0" pos="13.04" speed="24.47" angle="341.00" x="126.57" y="91.03"/>
        <vehicle id="cfm-fast_4" eclass="HBEFA3/PC_G_EU4" CO2="296184.58" CO="7161.24" HC="40.10" NOx="138.25" PMx="8.19" fuel="127.31" electricity="0.00" noise="150.26" route="routetop" type="cfm-fast" waiting="0.00" lane="left_1" pos="7.47" speed="73.38" angle="171.00" x="0.15" y="48.46"/>
        <vehicle id="cfm-fast_5" eclass="HBEFA3/PC_G_EU4" CO2="11789.24" CO="168.35" HC="1.06" NOx="4.94" PMx="0.26" fuel="5.07" electricity="0.00" noise="73.50" route="routebottom" type="cfm-fast" waiting="0.00" lane="right_0" pos="28.82" speed="23.25" angle="312.62" x="106.02" y="117.62"/>
        <vehicle id="cfm-slow_0" eclass="HBEFA3/PC_G_EU4" CO2="21432.54" CO="369.38" HC="2.21" NOx="9.46" PMx="0.52" fuel="9.21" electricity="0.00" noise="79.10" route="routebottom" type="cfm-slow" waiting="0.00" lane="right_0" pos="43.40" speed="24.37" angle="286.44" x="77.85" y="130.78"/>
        <vehicle id="cfm-slow_1" eclass="HBEFA3/PC_G_EU4" CO2="27486.67" CO="504.13" HC="2.98" NOx="12.26" PMx="0.68" fuel="11.82" electricity="0.00" noise="82.35" route="routetop" type="cfm-slow" waiting="0.00" lane="top_0" pos="13.12" speed="27.03" angle="250.87" x="36.15" y="126.51"/>
        <vehicle id="cfm-slow_2" eclass="HBEFA3/PC_G_EU4" CO2="27099.18" CO="515.43" HC="3.03" NOx="12.01" PMx="0.68" fuel="11.65" electricity="0.00" noise="81.80" route="routetop" type="cfm-slow" waiting="0.00" lane="top_0" pos="35.57" speed="30.13" angle="210.52" x="2.01" y="93.75"/>
        <vehicle id="cfm-slow_3" eclass="HBEFA3/PC_G_EU4" CO2="14512.75" CO="277.68" HC="1.63" NOx="6.02" PMx="0.37" fuel="6.24" electricity="0.00" noise="76.98" route="routetop" type="cfm-slow" waiting="0.00" lane="left_0" pos="11.16" speed="32.63" angle="164.32" x="-0.75" y="40.06"/>
        <vehicle id="cfm-slow_4" eclass="HBEFA3/PC_G_EU4" CO2="0.00" CO="0.00" HC="0.00" NOx="0.00" PMx="0.00" fuel="0.00" electricity="0.00" noise="73.95" route="routetop" type="cfm-slow" waiting="0.00" lane="left_0" pos="39.18" speed="33.22" angle="114.01" x="40.73" y="-0.99"/>
        <vehicle id="cfm-slow_5" eclass="HBEFA3/PC_G_EU4" CO2="0.00" CO="0.00" HC="0.00" NOx="0.00" PMx="0.00" fuel="0.00" electricity="0.00" noise="72.73" route="routebottom" type="cfm-slow" waiting="0.00" lane="bottom_0" pos="17.60" speed="31.33" angle="62.77" x="99.72" y="5.30"/>
    </timestep>
    <timestep time="5.42">
        <vehicle id="cfm-fast_0" eclass="HBEFA3/PC_G_EU4" CO2="146877.44" CO="3358.45" HC="19.00" NOx="68.10" PMx="3.99" fuel="63.14" electricity="0.00" noise="121.79" route="routebottom" type="cfm-fast" waiting="0.00" lane="right_1" pos="9.23" speed="52.50" angle="347.90" x="126.24" y="82.36"/>
        <vehicle id="cfm-fast_1" eclass="HBEFA3/PC_G_EU4" CO2="0.00" CO="0.00" HC="0.00" NOx="0.00" PMx="0.00" fuel="0.00" electricity="0.00" noise="70.99" route="routebottom" type="cfm-fast" waiting="0.00" lane="bottom_0" pos="44.45" speed="27.60" angle="14.52" x="131.21" y="51.69"/>
        <vehicle id="cfm-fast_2" eclass="HBEFA3/PC_G_EU4" CO2="219506.31" CO="5129.83" HC="28.90" NOx="102.23" PMx="6.00" fuel="94.35" electricity="0.00" noise="137.97" route="routetop" type="cfm-fast" waiting="0.00" lane="top_1" pos="3.97" speed="61.69" angle="267.39" x="55.51" y="128.46"/>
        <vehicle id="cfm-fast_3" eclass="HBEFA3/PC_G_EU4" CO2="0.00" CO="0.00" HC="0.00" NOx="0.00" PMx="0.00" fuel="0.00" electricity="0.00" noise="70.09" route="routebottom" type="cfm-fast" waiting="0.00" lane="right_0" pos="13.28" speed="24.46" angle="340.55" x="126.36" y="91.51"/>
        <vehicle id="cfm-fast_4" eclass="HBEFA3/PC_G_EU4" CO2="296808.83" CO="7180.05" HC="40.20" NOx="138.54" PMx="8.21" fuel="127.58" electricity="0.00" noise="150.33" route="routetop" type="cfm-fast" waiting="0.00" lane="left_1" pos="8.20" speed="73.51" angle="169.69" x="0.52" y="47.00"/>
        <vehicle id="cfm-fast_5" eclass="HBEFA3/PC_G_EU4" CO2="11864.42" CO="169.93" HC="1.07" NOx="4.97" PMx="0.26" fuel="5.10" electricity="0.00" noise="73.54" route="routebottom" type="cfm-fast" waiting="0.00" lane="right_0" pos="29.05" speed="23.26" angle="312.20" x="105.63" y="117.93"/>
        <vehicle id="cfm-slow_0" eclass="HBEFA3/PC_G_EU4" CO2="21483.21" CO="370.50" HC="2.22" NOx="9.49" PMx="0.52" fuel="9.23" electricity="0.00" noise="79.13" route="routebottom" type="cfm-slow" waiting="0.00" lane="right_0" pos="43.65" speed="24.40" angle="286.04" x="77.34" y="130.90"/>
        <vehicle id="cfm-slow_1" eclass="HBEFA3/PC_G_EU4" CO2="27483.64" CO="504.22" HC="2.98" NOx="12.26" PMx="0.68" fuel="11.81" electricity="0.00" noise="82.34" route="routetop" type="cfm-slow" waiting="0.00" lane="top_0" pos="13.39" speed="27.06" angle="250.38" x="35.62" y="126.27"/>
        <vehicle id="cfm-slow_2" eclass="HBEFA3/PC_G_EU4" CO2="26984.49" CO="513.27" HC="3.01" NOx="11.96" PMx="0.68" fuel="11.60" electricity="0.00" noise="81.74" route="routetop" type="cfm-slow" waiting="0.00" lane="top_0" pos="35.87" speed="30.16" angle="210.00" x="1.72" y="93.17"/>
        <vehicle id="cfm-slow_3" eclass="HBEFA3/PC_G_EU4" CO2="14305.11" CO="273.49" HC="1.61" NOx="5.92" PMx="0.36" fuel="6.15" electricity="0.00" noise="76.92" route="routetop" type="cfm-slow" waiting="0.00" lane="left_0" pos="11.48" speed="32.64" angle="163.77" x="-0.51" y="39.40"/>
        <vehicle id="cfm-slow_4" eclass="HBEFA3/PC_G_EU4" CO2="0.00" CO="0.00" HC="0.00" NOx="0.00" PMx="0.00" fuel="0.00" electricity="0.00" noise="73.94" route="routetop" type="cfm-slow" waiting="0.00" lane="left_0" pos="39.51" speed="33.21" angle="113.40" x="41.41" y="-1.23"/>
        <vehicle id="cfm-slow_5" eclass="HBEFA3/PC_G_EU4" CO2="0.00" CO="0.00" HC="0.00" NOx="0.00" PMx="0.00" fuel="0.00" electricity="0.00" noise="72.71" route="routebottom" type="cfm-slow" waiting="0.00" lane="bottom_0" pos="17.91" speed="31.30" angle="62.26" x="100.29" y="5.64"/>
    </timestep>
    <timestep time="5.43">
        <vehicle id="cfm-fast_0" eclass="HBEFA3/PC_G_EU4" CO2="147476.54" CO="3373.27" HC="19.08" NOx="68.38" PMx="4.00" fuel="63.39" electricity="0.00" noise="121.93" route="routebottom" type="cfm-fast" waiting="0.00" lane="right_1" pos="9.76" speed="52.60" angle="346.94" x="125.92" y="83.39"/>
        <vehicle id="cfm-fast_1" eclass="HBEFA3/PC_G_EU4" CO2="0.00" CO="0.00" HC="0.00" NOx="0.00" PMx="0.00" fuel="0.00" electricity="0.00" noise="70.97" route="routebottom" type="cfm-fast" waiting="0.00" lane="bottom_0" pos="44.73" speed="27.57" angle="13.99" x="131.32" y="52.28"/>
        <vehicle id="cfm-fast_2" eclass="HBEFA3/PC_G_EU4" CO2="220167.84" CO="5147.57" HC="28.99" NOx="102.54" PMx="6.02" fuel="94.64" electricity="0.00" noise="138.08" route="routetop" type="cfm-fast" waiting="0.00" lane="top_1" pos="4.59" speed="61.82" angle="266.26" x="54.25" y="128.28"/>
        <vehicle id="cfm-fast_3" eclass="HBEFA3/PC_G_EU4" CO2="0.00" CO="0.00" HC="0.00" NOx="0.00" PMx="0.00" fuel="0.00" electricity="0.00" noise="70.10" route="routebottom" type="cfm-fast" waiting="0.00" lane="right_0" pos="13.53" speed="24.45" angle="340.11" x="126.14" y="91.99"/>
        <vehicle id="cfm-fast_4" eclass="HBEFA3/PC_G_EU4" CO2="297433.38" CO="7198.88" HC="40.30" NOx="138.83" PMx="8.23" fuel="127.85" electricity="0.00" noise="150.39" route="routetop" type="cfm-fast" waiting="0.00" lane="left_1" pos="8.94" speed="73.65" angle="168.37" x="0.92" y="45.55"/>
        <vehicle id="cfm-fast_5" eclass="HBEFA3/PC_G_EU4" CO2="11939.50" CO="171.49" HC="1.08" NOx="5.01" PMx="0.27" fuel="5.13" electricity="0.00" noise="73.58" route="routebottom" type="cfm-fast" waiting="0.00" lane="right_0" pos="29.29" speed="23.28" angle="311.77" x="105.23" y="118.24"/>
        <vehicle id="cfm-slow_0" eclass="HBEFA3/PC_G_EU4" CO2="21533.49" CO="371.61" HC="2.23" NOx="9.51" PMx="0.52" fuel="9.26" electricity="0.00" noise="79.16" route="routebottom" type="cfm-slow" waiting="0.00" lane="right_0" pos="43.89" speed="24.42" angle="285.58" x="76.82" y="130.99"/>
        <vehicle id="cfm-slow_1" eclass="HBEFA3/PC_G_EU4" CO2="27479.68" CO="504.30" HC="2.98" NOx="12.26" PMx="0.68" fuel="11.81" electricity="0.00" noise="82.34" route="routetop" type="cfm-slow" waiting="0.00" lane="top_0" pos="13.66" speed="27.09" angle="249.88" x="35.09" y="126.03"/>
        <vehicle id="cfm-slow_2" eclass="HBEFA3/PC_G_EU4" CO2="26868.90" CO="511.09" HC="3.00" NOx="11.90" PMx="0.68" fuel="11.55" electricity="0.00" noise="81.68" route="routetop" type="cfm-slow" waiting="0.00" lane="top_0" pos="36.17" speed="30.19" angle="209.45" x="1.45" y="92.58"/>
        <vehicle id="cfm-slow_3" eclass="HBEFA3/PC_G_EU4" CO2="14097.80" CO="269.30" HC="1.59" NOx="5.82" PMx="0.36" fuel="6.06" electricity="0.00" noise="76.86" route="routetop" type="cfm-slow" waiting="0.00" lane="left_0" pos="11.81" speed="32.65" angle="163.20" x="-0.26" y="38.75"/>
        <vehicle id="cfm-slow_4" eclass="HBEFA3/PC_G_EU4" CO2="0.00" CO="0.00" HC="0.00" NOx="0.00" PMx="0.00" fuel="0.00" electricity="0.00" noise="73.92" route="routetop" type="cfm-slow" waiting="0.00" lane="left_0" pos="39.84" speed="33.19" angle="112.85" x="42.08" y="-1.47"/>
        <vehicle id="cfm-slow_5" eclass="HBEFA3/PC_G_EU4" CO2="0.00" CO="0.00" HC="0.00" NOx="0.00" PMx="0.00" fuel="0.00" electricity="0.00" noise="72.70" route="routebottom" type="cfm-slow" waiting="0.00" lane="bottom_0" pos="18.22" speed="31.27" angle="61.68" x="100.86" y="6.01"/>
    </timestep>
    <timestep time="5.44">
        <vehicle id="cfm-fast_0" eclass="HBEFA3/PC_G_EU4" CO2="148076.77" CO="3388.13" HC="19.16" NOx="68.66" PMx="4.02" fuel="63.65" electricity="0.00" noise="122.07" route="routebottom" type="cfm-fast" waiting="0.00" lane="right_1" pos="10.28" speed="52.69" angle="346.03" x="125.60" y="84.42"/>
        <vehicle id="cfm-fast_1" eclass="HBEFA3/PC_G_EU4" CO2="0.00" CO="0.00" HC="0.00" NOx="0.00" PMx="0.00" fuel="0.00" electricity="0.00" noise="70.96" route="routebottom" type="cfm-fast" waiting="0.00" lane="bottom_0" pos="45.00" speed="27.54" angle="13.56" x="131.42" y="52.86"/>
        <vehicle id="cfm-fast_2" eclass="HBEFA3/PC_G_EU4" CO2="220829.72" CO="5165.33" HC="29.09" NOx="102.85" PMx="6.04" fuel="94.92" electricity="0.00" noise="138.18" route="routetop" type="cfm-fast" waiting="0.00" lane="top_1" pos="5.21" speed="61.94" angle="265.14" x="53.00" y="128.09"/>
        <vehicle id="cfm-fast_3" eclass="HBEFA3/PC_G_EU4" CO2="0.00" CO="0.00" HC="0.00" NOx="0.00" PMx="0.00" fuel="0.00" electricity="0.00" noise="70.11" route="routebottom" type="cfm-fast" waiting="0.00" lane="right_0" pos="13.77" speed="24.45" angle="339.67" x="125.93" y="92.47"/>
        <vehicle id="cfm-fast_4" eclass="HBEFA3/PC_G_EU4" CO2="298058.22" CO="7217.74" HC="40.40" NOx="139.13" PMx="8.25" fuel="128.12" electricity="0.00" noise="150.46" route="routetop" type="cfm-fast" waiting="0.00" lane="left_1" pos="9.67" speed="73.78" angle="167.03" x="1.36" y="44.10"/>
        <vehicle id="cfm-fast_5" eclass="HBEFA3/PC_G_EU4" CO2="12014.47" CO="173.06" HC="1.09" NOx="5.04" PMx="0.27" fuel="5.16" electricity="0.00" noise="73.62" route="routebottom" type="cfm-fast" waiting="0.00" lane="right_0" pos="29.52" speed="23.29" angle="311.41" x="104.84" y="118.54"/>
        <vehicle id="cfm-slow_0" eclass="HBEFA3/PC_G_EU4" CO2="21583.39" CO="372.71" HC="2.23" NOx="9.53" PMx="0.52" fuel="9.28" electricity="0.00" noise="79.19" route="routebottom" type="cfm-slow" waiting="0.00" lane="right_0" pos="44.14" speed="24.45" angle="285.11" x="76.30" y="131.09"/>
        <vehicle id="cfm-slow_1" eclass="HBEFA3/PC_G_EU4" CO2="27474.80" CO="504.36" HC="2.98" NOx="12.25" PMx="0.68" fuel="11.81" electricity="0.00" noise="82.33" route="routetop" type="cfm-slow" waiting="0.00" lane="top_0" pos="13.93" speed="27.12" angle="249.39" x="34.55" y="125.80"/>
        <vehicle id="cfm-slow_2" eclass="HBEFA3/PC_G_EU4" CO2="26752.40" CO="508.89" HC="2.99" NOx="11.85" PMx="0.67" fuel="11.50" electricity="0.00" noise="81.62" route="routetop" type="cfm-slow" waiting="0.00" lane="top_0" pos="36.47" speed="30.21" angle="208.89" x="1.18" y="91.99"/>
        <vehicle id="cfm-slow_3" eclass="HBEFA3/PC_G_EU4" CO2="13890.83" CO="265.12" HC="1.56" NOx="5.72" PMx="0.35" fuel="5.97" electricity="0.00" noise="76.80" route="routetop" type="cfm-slow" waiting="0.00" lane="left_0" pos="12.14" speed="32.66" angle="162.62" x="0.00" y="38.09"/>
        <vehicle id="cfm-slow_4" eclass="HBEFA3/PC_G_EU4" CO2="0.00" CO="0.00" HC="0.00" NOx="0.00" PMx="0.00" fuel="0.00" electricity="0.00" noise="73.91" route="routetop" type="cfm-slow" waiting="0.00" lane="left_0" pos="40.17" speed="33.18" angle="112.23" x="42.76" y="-1.68"/>
        <vehicle id="cfm-slow_5" eclass="HBEFA3/PC_G_EU4" CO2="0.00" CO="0.00" HC="0.00" NOx="0.00" PMx="0.00" fuel="0.00" electricity="0.00" noise="72.68" route="routebottom" type="cfm-slow" waiting="0.00" lane="bottom_0" pos="18.54" speed="31.24" angle="61.10" x="101.42" y="6.39"/>
    </timestep>
    <timestep time="5.45">
        <vehicle id="cfm-fast_0" eclass="HBEFA3/PC_G_EU4" CO2="148678.14" CO="3403.03" HC="19.24" NOx="68.95" PMx="4.04" fuel="63.91" electricity="0.00" noise="122.21" route="routebottom" type="cfm-fast" waiting="0.00" lane="right_1" pos="10.81" speed="52.79" angle="345.01" x="125.23" y="85.43"/>
        <vehicle id="cfm-fast_1" eclass="HBEFA3/PC_G_EU4" CO2="0.00" CO="0.00" HC="0.00" NOx="0.00" PMx="0.00" fuel="0.00" electricity="0.00" noise="70.95" route="routebottom" type="cfm-fast" waiting="0.00" lane="bottom_0" pos="45.28" speed="27.52" angle="13.06" x="131.50" y="53.45"/>
        <vehicle id="cfm-fast_2" eclass="HBEFA3/PC_G_EU4" CO2="221491.96" CO="5183.11" HC="29.19" NOx="103.16" PMx="6.06" fuel="95.21" electricity="0.00" noise="138.29" route="routetop" type="cfm-fast" waiting="0.00" lane="top_1" pos="5.83" speed="62.06" angle="264.00" x="51.74" y="127.87"/>
        <vehicle id="cfm-fast_3" eclass="HBEFA3/PC_G_EU4" CO2="0.00" CO="0.00" HC="0.00" NOx="0.00" PMx="0.00" fuel="0.00" electricity="0.00" noise="70.12" route="routebottom" type="cfm-fast" waiting="0.00" lane="right_0" pos="14.02" speed="24.44" angle="339.25" x="125.71" y="92.95"/>
        <vehicle id="cfm-fast_4" eclass="HBEFA3/PC_G_EU4" CO2="294029.58" CO="7140.69" HC="39.95" NOx="137.22" PMx="8.15" fuel="126.39" electricity="0.00" noise="149.46" route="routetop" type="cfm-fast" waiting="0.00" lane="left_1" pos="10.41" speed="73.92" angle="165.73" x="1.83" y="42.66"/>
        <vehicle id="cfm-fast_5" eclass="HBEFA3/PC_G_EU4" CO2="12089.35" CO="174.63" HC="1.09" NOx="5.08" PMx="0.27" fuel="5.20" electricity="0.00" noise="73.66" route="routebottom" type="cfm-fast" waiting="0.00" lane="right_0" pos="29.75" speed="23.30" angle="310.97" x="104.43" y="118.83"/>
        <vehicle id="cfm-slow_0" eclass="HBEFA3/PC_G_EU4" CO2="21632.88" CO="373.80" HC="2.24" NOx="9.56" PMx="0.52" fuel="9.30" electricity="0.00" noise="79.21" route="routebottom" type="cfm-slow" waiting="0.00" lane="right_0" pos="44.38" speed="24.48" angle="284.64" x="75.78" y="131.18"/>
        <vehicle id="cfm-slow_1" eclass="HBEFA3/PC_G_EU4" CO2="27468.99" CO="504.40" HC="2.98" NOx="12.25" PMx="0.68" fuel="11.81" electricity="0.00" noise="82.32" route="routetop" type="cfm-slow" waiting="0.00" lane="top_0" pos="14.20" speed="27.16" angle="248.95" x="34.02" y="125.55"/>
        <vehicle id="cfm-slow_2" eclass="HBEFA3/PC_G_EU4" CO2="26635.00" CO="506.67" HC="2.98" NOx="11.79" PMx="0.67" fuel="11.45" electricity="0.00" noise="81.56" route="routetop" type="cfm-slow" waiting="0.00" lane="top_0" pos="36.77" speed="30.24" angle="208.32" x="0.92" y="91.40"/>
        <vehicle id="cfm-slow_3" eclass="HBEFA3/PC_G_EU4" CO2="13684.20" CO="260.94" HC="1.54" NOx="5.63" PMx="0.34" fuel="5.88" electricity="0.00" noise="76.75" route="routetop" type="cfm-slow" waiting="0.00" lane="left_0" pos="12.46" speed="32.67" angle="162.04" x="0.27" y="37.44"/>
        <vehicle id="cfm-slow_4" eclass="HBEFA3/PC_G_EU4" CO2="0.00" CO="0.00" HC="0.00" NOx="0.00" PMx="0.00" fuel="0.00" electricity="0.00" noise="73.89" route="routetop" type="cfm-slow" waiting="0.00" lane="left_0" pos="40.50" speed="33.16" angle="111.61" x="43.45" y="-1.89"/>
        <vehicle id="cfm-slow_5" eclass="HBEFA3/PC_G_EU4" CO2="0.00" CO="0.00" HC="0.00" NOx="0.00" PMx="0.00" fuel="0.00" electricity="0.00" noise="72.67" route="routebottom" type="cfm-slow" waiting="0.00" lane="bottom_0" pos="18.85" speed="31.21" angle="60.51" x="101.97" y="6.76"/>
    </timestep>
    <timestep time="5.46">
        <vehicle id="cfm-fast_0" eclass="HBEFA3/PC_G_EU4" CO2="149280.63" CO="3417.96" HC="19.33" NOx="69.23" PMx="4.05" fuel="64.17" electricity="0.00" noise="122.35" route="routebottom" type="cfm-fast" waiting="0.00" lane="right_1" pos="11.34" speed="52.88" angle="343.98" x="124.85" y="86.45"/>
        <vehicle id="cfm-fast_1" eclass="HBEFA3/PC_G_EU4" CO2="0.00" CO="0.00" HC="0.00" NOx="0.00" PMx="0.00" fuel="0.00" electricity="0.00" noise="70.94" route="routebottom" type="cfm-fast" waiting="0.00" lane="bottom_0" pos="45.55" speed="27.49" angle="12.56" x="131.59" y="54.03"/>
        <vehicle id="cfm-fast_2" eclass="HBEFA3/PC_G_EU4" CO2="222118.58" CO="5200.18" HC="29.28" NOx="103.45" PMx="6.08" fuel="95.48" electricity="0.00" noise="138.39" route="routetop" type="cfm-fast" waiting="0.00" lane="top_1" pos="6.45" speed="62.18" angle="262.92" x="50.49" y="127.63"/>
        <vehicle id="cfm-fast_3" eclass="HBEFA3/PC_G_EU4" CO2="0.00" CO="0.00" HC="0.00" NOx="0.00" PMx="0.00" fuel="0.00" electricity="0.00" noise="70.13" route="routebottom" type="cfm-fast" waiting="0.00" lane="right_0" pos="14.26" speed="24.43" angle="338.82" x="125.48" y="93.42"/>
        <vehicle id="cfm-fast_4" eclass="HBEFA3/PC_G_EU4" CO2="287881.92" CO="7019.89" HC="39.25" NOx="134.32" PMx="7.99" fuel="123.75" electricity="0.00" noise="147.99" route="routetop" type="cfm-fast" waiting="0.00" lane="left_1" pos="11.15" speed="74.05" angle="164.35" x="2.34" y="41.23"/>
        <vehicle id="cfm-fast_5" eclass="HBEFA3/PC_G_EU4" CO2="12164.12" CO="176.19" HC="1.10" NOx="5.11" PMx="0.27" fuel="5.23" electricity="0.00" noise="73.70" route="routebottom" type="cfm-fast" waiting="0.00" lane="right_0" pos="29.99" speed="23.32" angle="310.54" x="104.02" y="119.13"/>
        <vehicle id="cfm-slow_0" eclass="HBEFA3/PC_G_EU4" CO2="21681.98" CO="374.89" HC="2.25" NOx="9.58" PMx="0.52" fuel="9.32" electricity="0.00" noise="79.24" route="routebottom" type="cfm-slow" waiting="0.00" lane="right_0" pos="44.63" speed="24.51" angle="284.18" x="75.27" y="131.28"/>
        <vehicle id="cfm-slow_1" eclass="HBEFA3/PC_G_EU4" CO2="27462.25" CO="504.42" HC="2.98" NOx="12.25" PMx="0.68" fuel="11.80" electricity="0.00" noise="82.31" route="routetop" type="cfm-slow" waiting="0.00" lane="top_0" pos="14.47" speed="27.19" angle="248.43" x="33.50" y="125.28"/>
        <vehicle id="cfm-slow_2" eclass="HBEFA3/PC_G_EU4" CO2="26516.73" CO="504.44" HC="2.96" NOx="11.73" PMx="0.67" fuel="11.40" electricity="0.00" noise="81.51" route="routetop" type="cfm-slow" waiting="0.00" lane="top_0" pos="37.08" speed="30.27" angle="207.76" x="0.65" y="90.80"/>
        <vehicle id="cfm-slow_3" eclass="HBEFA3/PC_G_EU4" CO2="13477.95" CO="256.77" HC="1.51" NOx="5.53" PMx="0.34" fuel="5.79" electricity="0.00" noise="76.69" route="routetop" type="cfm-slow" waiting="0.00" lane="left_0" pos="12.79" speed="32.68" angle="161.51" x="0.53" y="36.79"/>
        <vehicle id="cfm-slow_4" eclass="HBEFA3/PC_G_EU4" CO2="0.00" CO="0.00" HC="0.00" NOx="0.00" PMx="0.00" fuel="0.00" electricity="0.00" noise="73.88" route="routetop" type="cfm-slow" waiting="0.00" lane="left_0" pos="40.84" speed="33.15" angle="110.98" x="44.13" y="-2.10"/>
        <vehicle id="cfm-slow_5" eclass="HBEFA3/PC_G_EU4" CO2="0.00" CO="0.00" HC="0.00" NOx="0.00" PMx="0.00" fuel="0.00" electricity="0.00" noise="72.65" route="routebottom" type="cfm-slow" waiting="0.00" lane="bottom_0" pos="19.16" speed="31.18" angle="59.96" x="102.53" y="7.13"/>
    </timestep>
    <timestep time="5.47">
        <vehicle id="cfm-fast_0" eclass="HBEFA3/PC_G_EU4" CO2="149883.94" CO="3432.92" HC="19.41" NOx="69.51" PMx="4.07" fuel="64.43" electricity="0.00" noise="122.49" route="routebottom" type="cfm-fast" waiting="0.00" lane="right_1" pos="11.87" speed="52.98" angle="343.08" x="124.46" y="87.47"/>
        <vehicle id="cfm-fast_1" eclass="HBEFA3/PC_G_EU4" CO2="0.00" CO="0.00" HC="0.00" NOx="0.00" PMx="0.00" fuel="0.00" electricity="0.00" noise="70.93" route="routebottom" type="cfm-fast" waiting="0.00" lane="bottom_0" pos="45.83" speed="27.47" angle="12.06" x="131.67" y="54.62"/>
        <vehicle id="cfm-fast_2" eclass="HBEFA3/PC_G_EU4" CO2="222693.44" CO="5216.20" HC="29.37" NOx="103.72" PMx="6.09" fuel="95.72" electricity="0.00" noise="138.47" route="routetop" type="cfm-fast" waiting="0.00" lane="top_1" pos="7.08" speed="62.30" angle="261.71" x="49.24" y="127.35"/>
        <vehicle id="cfm-fast_3" eclass="HBEFA3/PC_G_EU4" CO2="0.00" CO="0.00" HC="0.00" NOx="0.00" PMx="0.00" fuel="0.00" electricity="0.00" noise="70.14" route="routebottom" type="cfm-fast" waiting="0.00" lane="right_0" pos="14.50" speed="24.42" angle="338.36" x="125.25" y="93.89"/>
        <vehicle id="cfm-fast_4" eclass="HBEFA3/PC_G_EU4" CO2="281816.27" CO="6900.63" HC="38.56" NOx="131.46" PMx="7.83" fuel="121.14" electricity="0.00" noise="146.54" route="routetop" type="cfm-fast" waiting="0.00" lane="left_1" pos="11.90" speed="74.18" angle="163.06" x="2.88" y="39.81"/>
        <vehicle id="cfm-fast_5" eclass="HBEFA3/PC_G_EU4" CO2="12238.77" CO="177.75" HC="1.11" NOx="5.15" PMx="0.27" fuel="5.26" electricity="0.00" noise="73.75" route="routebottom" type="cfm-fast" waiting="0.00" lane="right_0" pos="30.22" speed="23.33" angle="310.11" x="103.61" y="119.42"/>
        <vehicle id="cfm-slow_0" eclass="HBEFA3/PC_G_EU4" CO2="21730.66" CO="375.97" HC="2.25" NOx="9.60" PMx="0.52" fuel="9.34" electricity="0.00" noise="79.27" route="routebottom" type="cfm-slow" waiting="0.00" lane="right_0" pos="44.87" speed="24.53" angle="283.77" x="74.75" y="131.37"/>
        <vehicle id="cfm-slow_1" eclass="HBEFA3/PC_G_EU4" CO2="27454.57" CO="504.42" HC="2.98" NOx="12.24" PMx="0.68" fuel="11.80" electricity="0.00" noise="82.30" route="routetop" type="cfm-slow" waiting="0.00" lane="top_0" pos="14.74" speed="27.22" angle="247.91" x="32.98" y="125.02"/>
        <vehicle id="cfm-slow_2" eclass="HBEFA3/PC_G_EU4" CO2="26397.57" CO="502.18" HC="2.95" NOx="11.68" PMx="0.67" fuel="11.35" electricity="0.00" noise="81.45" route="routetop" type="cfm-slow" waiting="0.00" lane="top_0" pos="37.38" speed="30.29" angle="207.27" x="0.40" y="90.20"/>
        <vehicle id="cfm-slow_3" eclass="HBEFA3/PC_G_EU4" CO2="13272.08" CO="252.61" HC="1.49" NOx="5.43" PMx="0.33" fuel="5.71" electricity="0.00" noise="76.63" route="routetop" type="cfm-slow" waiting="0.00" lane="left_0" pos="13.12" speed="32.68" angle="160.91" x="0.82" y="36.15"/>
        <vehicle id="cfm-slow_4" eclass="HBEFA3/PC_G_EU4" CO2="0.00" CO="0.00" HC="0.00" NOx="0.00" PMx="0.00" fuel="0.00" electricity="0.00" noise="73.86" route="routetop" type="cfm-slow" waiting="0.00" lane="left_0" pos="41.17" speed="33.13" angle="110.43" x="44.81" y="-2.30"/>
        <vehicle id="cfm-slow_5" eclass="HBEFA3/PC_G_EU4" CO2="0.00" CO="0.00" HC="0.00" NOx="0.00" PMx="0.00" fuel="0.00" electricity="0.00" noise="72.64" route="routebottom" type="cfm-slow" waiting="0.00" lane="bottom_0" pos="19.47" speed="31.14" angle="59.41" x="103.08" y="7.52"/>
    </timestep>
    <timestep time="5.48">
        <vehicle id="cfm-fast_0" eclass="HBEFA3/PC_G_EU4" CO2="150487.68" CO="3447.90" HC="19.49" NOx="69.80" PMx="4.09" fuel="64.69" electricity="0.00" noise="122.63" route="routebottom" type="cfm-fast" waiting="0.00" lane="right_1" pos="12.40" speed="53.08" angle="342.15" x="124.06" y="88.48"/>
        <vehicle id="cfm-fast_1" eclass="HBEFA3/PC_G_EU4" CO2="0.00" CO="0.00" HC="0.00" NOx="0.00" PMx="0.00" fuel="0.00" electricity="0.00" noise="70.92" route="routebottom" type="cfm-fast" waiting="0.00" lane="bottom_0" pos="46.10" speed="27.44" angle="11.58" x="131.75" y="55.20"/>
        <vehicle id="cfm-fast_2" eclass="HBEFA3/PC_G_EU4" CO2="223217.46" CO="5231.18" HC="29.45" NOx="103.97" PMx="6.11" fuel="95.95" electricity="0.00" noise="138.54" route="routetop" type="cfm-fast" waiting="0.00" lane="top_1" pos="7.70" speed="62.42" angle="260.58" x="48.00" y="127.06"/>
        <vehicle id="cfm-fast_3" eclass="HBEFA3/PC_G_EU4" CO2="0.00" CO="0.00" HC="0.00" NOx="0.00" PMx="0.00" fuel="0.00" electricity="0.00" noise="70.15" route="routebottom" type="cfm-fast" waiting="0.00" lane="right_0" pos="14.75" speed="24.42" angle="337.89" x="125.01" y="94.36"/>
        <vehicle id="cfm-fast_4" eclass="HBEFA3/PC_G_EU4" CO2="275832.83" CO="6782.92" HC="37.87" NOx="128.63" PMx="7.68" fuel="118.57" electricity="0.00" noise="145.12" route="routetop" type="cfm-fast" waiting="0.00" lane="left_1" pos="12.64" speed="74.30" angle="161.72" x="3.44" y="38.39"/>
        <vehicle id="cfm-fast_5" eclass="HBEFA3/PC_G_EU4" CO2="12313.32" CO="179.31" HC="1.12" NOx="5.18" PMx="0.28" fuel="5.29" electricity="0.00" noise="73.79" route="routebottom" type="cfm-fast" waiting="0.00" lane="right_0" pos="30.45" speed="23.34" angle="309.67" x="103.21" y="119.71"/>
        <vehicle id="cfm-slow_0" eclass="HBEFA3/PC_G_EU4" CO2="21778.93" CO="377.04" HC="2.26" NOx="9.62" PMx="0.53" fuel="9.36" electricity="0.00" noise="79.29" route="routebottom" type="cfm-slow" waiting="0.00" lane="right_0" pos="45.12" speed="24.56" angle="283.34" x="74.22" y="131.45"/>
        <vehicle id="cfm-slow_1" eclass="HBEFA3/PC_G_EU4" CO2="27445.97" CO="504.40" HC="2.98" NOx="12.24" PMx="0.68" fuel="11.80" electricity="0.00" noise="82.29" route="routetop" type="cfm-slow" waiting="0.00" lane="top_0" pos="15.02" speed="27.25" angle="247.38" x="32.46" y="124.76"/>
        <vehicle id="cfm-slow_2" eclass="HBEFA3/PC_G_EU4" CO2="26277.55" CO="499.91" HC="2.94" NOx="11.62" PMx="0.66" fuel="11.30" electricity="0.00" noise="81.39" route="routetop" type="cfm-slow" waiting="0.00" lane="top_0" pos="37.68" speed="30.32" angle="206.71" x="0.15" y="89.60"/>
        <vehicle id="cfm-slow_3" eclass="HBEFA3/PC_G_EU4" CO2="13066.60" CO="248.45" HC="1.47" NOx="5.33" PMx="0.33" fuel="5.62" electricity="0.00" noise="76.58" route="routetop" type="cfm-slow" waiting="0.00" lane="left_0" pos="13.44" speed="32.69" angle="160.30" x="1.10" y="35.51"/>
        <vehicle id="cfm-slow_4" eclass="HBEFA3/PC_G_EU4" CO2="0.00" CO="0.00" HC="0.00" NOx="0.00" PMx="0.00" fuel="0.00" electricity="0.00" noise="73.85" route="routetop" type="cfm-slow" waiting="0.00" lane="left_0" pos="41.50" speed="33.11" angle="109.81" x="45.50" y="-2.49"/>
        <vehicle id="cfm-slow_5" eclass="HBEFA3/PC_G_EU4" CO2="0.00" CO="0.00" HC="0.00" NOx="0.00" PMx="0.00" fuel="0.00" electricity="0.00" noise="72.63" route="routebottom" type="cfm-slow" waiting="0.00" lane="bottom_0" pos="19.78" speed="31.11" angle="58.84" x="103.62" y="7.91"/>
    </timestep>
    <timestep time="5.49">
        <vehicle id="cfm-fast_0" eclass="HBEFA3/PC_G_EU4" CO2="151091.43" CO="3462.90" HC="19.58" NOx="70.08" PMx="4.10" fuel="64.95" electricity="0.00" noise="122.77" route="routebottom" type="cfm-fast" waiting="0.00" lane="right_1" pos="12.93" speed="53.17" angle="341.25" x="123.65" y="89.49"/>
        <vehicle id="cfm-fast_1" eclass="HBEFA3/PC_G_EU4" CO2="0.00" CO="0.00" HC="0.00" NOx="0.00" PMx="0.00" fuel="0.00" electricity="0.00" noise="70.91" route="routebottom" type="cfm-fast" waiting="0.00" lane="bottom_0" pos="46.38" speed="27.42" angle="11.12" x="131.82" y="55.79"/>
        <vehicle id="cfm-fast_2" eclass="HBEFA3/PC_G_EU4" CO2="223691.56" CO="5245.14" HC="29.53" NOx="104.19" PMx="6.12" fuel="96.15" electricity="0.00" noise="138.59" route="routetop" type="cfm-fast" waiting="0.00" lane="top_1" pos="8.32" speed="62.55" angle="259.47" x="46.76" y="126.73"/>
        <vehicle id="cfm-fast_3" eclass="HBEFA3/PC_G_EU4" CO2="0.00" CO="0.00" HC="0.00" NOx="0.00" PMx="0.00" fuel="0.00" electricity="0.00" noise="70.16" route="routebottom" type="cfm-fast" waiting="0.00" lane="right_0" pos="14.99" speed="24.41" angle="337.43" x="124.78" y="94.83"/>
        <vehicle id="cfm-fast_4" eclass="HBEFA3/PC_G_EU4" CO2="269931.76" CO="6666.78" HC="37.20" NOx="125.85" PMx="7.53" fuel="116.03" electricity="0.00" noise="143.73" route="routetop" type="cfm-fast" waiting="0.00" lane="left_1" pos="13.38" speed="74.42" angle="160.43" x="4.05" y="36.99"/>
        <vehicle id="cfm-fast_5" eclass="HBEFA3/PC_G_EU4" CO2="12387.74" CO="180.87" HC="1.13" NOx="5.22" PMx="0.28" fuel="5.32" electricity="0.00" noise="73.83" route="routebottom" type="cfm-fast" waiting="0.00" lane="right_0" pos="30.69" speed="23.36" angle="309.26" x="102.80" y="120.01"/>
        <vehicle id="cfm-slow_0" eclass="HBEFA3/PC_G_EU4" CO2="21826.79" CO="378.11" HC="2.26" NOx="9.65" PMx="0.53" fuel="9.38" electricity="0.00" noise="79.32" route="routebottom" type="cfm-slow" waiting="0.00" lane="right_0" pos="45.36" speed="24.59" angle="282.90" x="73.70" y="131.53"/>
        <vehicle id="cfm-slow_1" eclass="HBEFA3/PC_G_EU4" CO2="27436.43" CO="504.37" HC="2.98" NOx="12.23" PMx="0.68" fuel="11.79" electricity="0.00" noise="82.28" route="routetop" type="cfm-slow" waiting="0.00" lane="top_0" pos="15.29" speed="27.28" angle="246.89" x="31.93" y="124.49"/>
        <vehicle id="cfm-slow_2" eclass="HBEFA3/PC_G_EU4" CO2="26156.68" CO="497.62" HC="2.92" NOx="11.56" PMx="0.66" fuel="11.24" electricity="0.00" noise="81.33" route="routetop" type="cfm-slow" waiting="0.00" lane="top_0" pos="37.99" speed="30.34" angle="206.15" x="-0.09" y="88.99"/>
        <vehicle id="cfm-slow_3" eclass="HBEFA3/PC_G_EU4" CO2="12861.53" CO="244.30" HC="1.44" NOx="5.24" PMx="0.32" fuel="5.53" electricity="0.00" noise="76.53" route="routetop" type="cfm-slow" waiting="0.00" lane="left_0" pos="13.77" speed="32.70" angle="159.69" x="1.39" y="34.86"/>
        <vehicle id="cfm-slow_4" eclass="HBEFA3/PC_G_EU4" CO2="0.00" CO="0.00" HC="0.00" NOx="0.00" PMx="0.00" fuel="0.00" electricity="0.00" noise="73.84" route="routetop" type="cfm-slow" waiting="0.00" lane="left_0" pos="41.83" speed="33.10" angle="109.20" x="46.19" y="-2.67"/>
        <vehicle id="cfm-slow_5" eclass="HBEFA3/PC_G_EU4" CO2="0.00" CO="0.00" HC="0.00" NOx="0.00" PMx="0.00" fuel="0.00" electricity="0.00" noise="72.61" route="routebottom" type="cfm-slow" waiting="0.00" lane="bottom_0" pos="20.09" speed="31.08" angle="58.26" x="104.17" y="8.30"/>
    </timestep>
    <timestep time="5.50">
        <vehicle id="cfm-fast_0" eclass="HBEFA3/PC_G_EU4" CO2="151694.81" CO="3477.90" HC="19.66" NOx="70.36" PMx="4.12" fuel="65.21" electricity="0.00" noise="122.91" route="routebottom" type="cfm-fast" waiting="0.00" lane="right_1" pos="13.47" speed="53.27" angle="340.25" x="123.20" y="90.48"/>
        <vehicle id="cfm-fast_1" eclass="HBEFA3/PC_G_EU4" CO2="0.00" CO="0.00" HC="0.00" NOx="0.00" PMx="0.00" fuel="0.00" electricity="0.00" noise="70.90" route="routebottom" type="cfm-fast" waiting="0.00" lane="bottom_0" pos="46.65" speed="27.39" angle="10.62" x="131.88" y="56.38"/>
        <vehicle id="cfm-fast_2" eclass="HBEFA3/PC_G_EU4" CO2="224116.66" CO="5258.11" HC="29.60" NOx="104.39" PMx="6.14" fuel="96.34" electricity="0.00" noise="138.63" route="routetop" type="cfm-fast" waiting="0.00" lane="top_1" pos="8.95" speed="62.67" angle="258.40" x="45.52" y="126.41"/>
        <vehicle id="cfm-fast_3" eclass="HBEFA3/PC_G_EU4" CO2="0.00" CO="0.00" HC="0.00" NOx="0.00" PMx="0.00" fuel="0.00" electricity="0.00" noise="70.17" route="routebottom" type="cfm-fast" waiting="0.00" lane="right_0" pos="15.24" speed="24.40" angle="336.96" x="124.54" y="95.30"/>
        <vehicle id="cfm-fast_4" eclass="HBEFA3/PC_G_EU4" CO2="264113.17" CO="6552.21" HC="36.53" NOx="123.10" PMx="7.38" fuel="113.53" electricity="0.00" noise="142.35" route="routetop" type="cfm-fast" waiting="0.00" lane="left_1" pos="14.13" speed="74.54" angle="159.12" x="4.68" y="35.60"/>
        <vehicle id="cfm-fast_5" eclass="HBEFA3/PC_G_EU4" CO2="12462.04" CO="182.43" HC="1.14" NOx="5.25" PMx="0.28" fuel="5.36" electricity="0.00" noise="73.87" route="routebottom" type="cfm-fast" waiting="0.00" lane="right_0" pos="30.92" speed="23.37" angle="308.87" x="102.38" y="120.29"/>
        <vehicle id="cfm-slow_0" eclass="HBEFA3/PC_G_EU4" CO2="21874.22" CO="379.16" HC="2.27" NOx="9.67" PMx="0.53" fuel="9.40" electricity="0.00" noise="79.35" route="routebottom" type="cfm-slow" waiting="0.00" lane="right_0" pos="45.61" speed="24.62" angle="282.46" x="73.18" y="131.60"/>
        <vehicle id="cfm-slow_1" eclass="HBEFA3/PC_G_EU4" CO2="27425.96" CO="504.32" HC="2.98" NOx="12.23" PMx="0.68" fuel="11.79" electricity="0.00" noise="82.27" route="routetop" type="cfm-slow" waiting="0.00" lane="top_0" pos="15.56" speed="27.31" angle="246.44" x="31.41" y="124.21"/>
        <vehicle id="cfm-slow_2" eclass="HBEFA3/PC_G_EU4" CO2="26034.96" CO="495.31" HC="2.91" NOx="11.50" PMx="0.66" fuel="11.19" electricity="0.00" noise="81.27" route="routetop" type="cfm-slow" waiting="0.00" lane="top_0" pos="38.29" speed="30.37" angle="205.59" x="-0.33" y="88.38"/>
        <vehicle id="cfm-slow_3" eclass="HBEFA3/PC_G_EU4" CO2="12656.88" CO="240.15" HC="1.42" NOx="5.14" PMx="0.32" fuel="5.44" electricity="0.00" noise="76.47" route="routetop" type="cfm-slow" waiting="0.00" lane="left_0" pos="14.10" speed="32.71" angle="159.14" x="1.68" y="34.22"/>
        <vehicle id="cfm-slow_4" eclass="HBEFA3/PC_G_EU4" CO2="0.00" CO="0.00" HC="0.00" NOx="0.00" PMx="0.00" fuel="0.00" electricity="0.00" noise="73.82" route="routetop" type="cfm-slow" waiting="0.00" lane="left_0" pos="42.16" speed="33.08" angle="108.58" x="46.87" y="-2.85"/>
        <vehicle id="cfm-slow_5" eclass="HBEFA3/PC_G_EU4" CO2="0.00" CO="0.00" HC="0.00" NOx="0.00" PMx="0.00" fuel="0.00" electricity="0.00" noise="72.60" route="routebottom" type="cfm-slow" waiting="0.00" lane="bottom_0" pos="20.41" speed="31.05" angle="57.71" x="104.71" y="8.69"/>
    </timestep>
    <timestep time="5.51">
        <vehicle id="cfm-fast_0" eclass="HBEFA3/PC_G_EU4" CO2="152297.42" CO="3492.90" HC="19.74" NOx="70.64" PMx="4.14" fuel="65.47" electricity="0.00" noise="123.05" route="routebottom" type="cfm-fast" waiting="0.00" lane="right_1" pos="14.00" speed="53.37" angle="339.26" x="122.75" y="91.48"/>
        <vehicle id="cfm-fast_1" eclass="HBEFA3/PC_G_EU4" CO2="0.00" CO="0.00" HC="0.00" NOx="0.00" PMx="0.00" fuel="0.00" electricity="0.00" noise="70.88" route="routebottom" type="cfm-fast" waiting="0.00" lane="bottom_0" pos="46.92" speed="27.36" angle="10.12" x="131.94" y="56.96"/>
        <vehicle id="cfm-fast_2" eclass="HBEFA3/PC_G_EU4" CO2="224493.66" CO="5270.10" HC="29.66" NOx="104.56" PMx="6.15" fuel="96.50" electricity="0.00" noise="138.66" route="routetop" type="cfm-fast" waiting="0.00" lane="top_1" pos="9.58" speed="62.79" angle="257.26" x="44.29" y="126.03"/>
        <vehicle id="cfm-fast_3" eclass="HBEFA3/PC_G_EU4" CO2="0.00" CO="0.00" HC="0.00" NOx="0.00" PMx="0.00" fuel="0.00" electricity="0.00" noise="70.19" route="routebottom" type="cfm-fast" waiting="0.00" lane="right_0" pos="15.48" speed="24.39" angle="336.59" x="124.30" y="95.76"/>
        <vehicle id="cfm-fast_4" eclass="HBEFA3/PC_G_EU4" CO2="258377.12" CO="6439.20" HC="35.87" NOx="120.39" PMx="7.23" fuel="111.06" electricity="0.00" noise="141.01" route="routetop" type="cfm-fast" waiting="0.00" lane="left_1" pos="14.88" speed="74.65" angle="157.73" x="5.36" y="34.23"/>
        <vehicle id="cfm-fast_5" eclass="HBEFA3/PC_G_EU4" CO2="12536.22" CO="183.98" HC="1.15" NOx="5.29" PMx="0.28" fuel="5.39" electricity="0.00" noise="73.91" route="routebottom" type="cfm-fast" waiting="0.00" lane="right_0" pos="31.15" speed="23.39" angle="308.45" x="101.96" y="120.57"/>
        <vehicle id="cfm-slow_0" eclass="HBEFA3/PC_G_EU4" CO2="21921.22" CO="380.21" HC="2.28" NOx="9.69" PMx="0.53" fuel="9.42" electricity="0.00" noise="79.37" route="routebottom" type="cfm-slow" waiting="0.00" lane="right_0" pos="45.86" speed="24.64" angle="282.01" x="72.65" y="131.68"/>
        <vehicle id="cfm-slow_1" eclass="HBEFA3/PC_G_EU4" CO2="27414.55" CO="504.24" HC="2.98" NOx="12.22" PMx="0.68" fuel="11.78" electricity="0.00" noise="82.26" route="routetop" type="cfm-slow" waiting="0.00" lane="top_0" pos="15.84" speed="27.35" angle="245.94" x="30.90" y="123.93"/>
        <vehicle id="cfm-slow_2" eclass="HBEFA3/PC_G_EU4" CO2="25912.41" CO="492.98" HC="2.90" NOx="11.45" PMx="0.65" fuel="11.14" electricity="0.00" noise="81.21" route="routetop" type="cfm-slow" waiting="0.00" lane="top_0" pos="38.59" speed="30.39" angle="205.09" x="-0.57" y="87.77"/>
        <vehicle id="cfm-slow_3" eclass="HBEFA3/PC_G_EU4" CO2="12452.67" CO="236.01" HC="1.39" NOx="5.04" PMx="0.31" fuel="5.35" electricity="0.00" noise="76.42" route="routetop" type="cfm-slow" waiting="0.00" lane="left_0" pos="14.42" speed="32.71" angle="158.53" x="2.00" y="33.59"/>
        <vehicle id="cfm-slow_4" eclass="HBEFA3/PC_G_EU4" CO2="0.00" CO="0.00" HC="0.00" NOx="0.00" PMx="0.00" fuel="0.00" electricity="0.00" noise="73.81" route="routetop" type="cfm-slow" waiting="0.00" lane="left_0" pos="42.49" speed="33.06" angle="108.04" x="47.56" y="-3.02"/>
        <vehicle id="cfm-slow_5" eclass="HBEFA3/PC_G_EU4" CO2="0.00" CO="0.00" HC="0.00" NOx="0.00" PMx="0.00" fuel="0.00" electricity="0.00" noise="72.58" route="routebottom" type="cfm-slow" waiting="0.00" lane="bottom_0" pos="20.72" speed="31.02" angle="57.19" x="105.24" y="9.09"/>
    </timestep>
    <timestep time="5.52">
        <vehicle id="cfm-fast_0" eclass="HBEFA3/PC_G_EU4" CO2="152898.89" CO="3507.89" HC="19.83" NOx="70.93" PMx="4.15" fuel="65.72" electricity="0.00" noise="123.19" route="routebottom" type="cfm-fast" waiting="0.00" lane="right_1" pos="14.53" speed="53.46" angle="338.30" x="122.27" y="92.46"/>
        <vehicle id="cfm-fast_1" eclass="HBEFA3/PC_G_EU4" CO2="0.00" CO="0.00" HC="0.00" NOx="0.00" PMx="0.00" fuel="0.00" electricity="0.00" noise="70.87" route="routebottom" type="cfm-fast" waiting="0.00" lane="bottom_0" pos="47.20" speed="27.34" angle="9.62" x="132.00" y="57.55"/>
        <vehicle id="cfm-fast_2" eclass="HBEFA3/PC_G_EU4" CO2="224823.44" CO="5281.12" HC="29.72" NOx="104.72" PMx="6.16" fuel="96.64" electricity="0.00" noise="138.68" route="routetop" type="cfm-fast" waiting="0.00" lane="top_1" pos="10.21" speed="62.91" angle="256.15" x="43.05" y="125.64"/>
        <vehicle id="cfm-fast_3" eclass="HBEFA3/PC_G_EU4" CO2="0.00" CO="0.00" HC="0.00" NOx="0.00" PMx="0.00" fuel="0.00" electricity="0.00" noise="70.20" route="routebottom" type="cfm-fast" waiting="0.00" lane="right_0" pos="15.72" speed="24.39" angle="336.15" x="124.04" y="96.22"/>
        <vehicle id="cfm-fast_4" eclass="HBEFA3/PC_G_EU4" CO2="252723.61" CO="6327.76" HC="35.23" NOx="117.72" PMx="7.09" fuel="108.63" electricity="0.00" noise="139.68" route="routetop" type="cfm-fast" waiting="0.00" lane="left_1" pos="15.62" speed="74.76" angle="156.41" x="6.07" y="32.87"/>
        <vehicle id="cfm-fast_5" eclass="HBEFA3/PC_G_EU4" CO2="12610.27" CO="185.53" HC="1.16" NOx="5.32" PMx="0.28" fuel="5.42" electricity="0.00" noise="73.95" route="routebottom" type="cfm-fast" waiting="0.00" lane="right_0" pos="31.39" speed="23.40" angle="308.03" x="101.55" y="120.85"/>
        <vehicle id="cfm-slow_0" eclass="HBEFA3/PC_G_EU4" CO2="21967.79" CO="381.25" HC="2.28" NOx="9.71" PMx="0.53" fuel="9.44" electricity="0.00" noise="79.40" route="routebottom" type="cfm-slow" waiting="0.00" lane="right_0" pos="46.10" speed="24.67" angle="281.59" x="72.13" y="131.75"/>
        <vehicle id="cfm-slow_1" eclass="HBEFA3/PC_G_EU4" CO2="27402.21" CO="504.15" HC="2.98" NOx="12.21" PMx="0.68" fuel="11.78" electricity="0.00" noise="82.24" route="routetop" type="cfm-slow" waiting="0.00" lane="top_0" pos="16.11" speed="27.38" angle="245.45" x="30.38" y="123.64"/>
        <vehicle id="cfm-slow_2" eclass="HBEFA3/PC_G_EU4" CO2="25789.02" CO="490.63" HC="2.88" NOx="11.39" PMx="0.65" fuel="11.09" electricity="0.00" noise="81.15" route="routetop" type="cfm-slow" waiting="0.00" lane="top_0" pos="38.90" speed="30.42" angle="204.52" x="-0.79" y="87.16"/>
        <vehicle id="cfm-slow_3" eclass="HBEFA3/PC_G_EU4" CO2="12248.91" CO="231.88" HC="1.37" NOx="4.95" PMx="0.31" fuel="5.27" electricity="0.00" noise="76.37" route="routetop" type="cfm-slow" waiting="0.00" lane="left_0" pos="14.75" speed="32.72" angle="157.92" x="2.31" y="32.96"/>
        <vehicle id="cfm-slow_4" eclass="HBEFA3/PC_G_EU4" CO2="0.00" CO="0.00" HC="0.00" NOx="0.00" PMx="0.00" fuel="0.00" electricity="0.00" noise="73.79" route="routetop" type="cfm-slow" waiting="0.00" lane="left_0" pos="42.82" speed="33.05" angle="107.45" x="48.26" y="-3.18"/>
        <vehicle id="cfm-slow_5" eclass="HBEFA3/PC_G_EU4" CO2="0.00" CO="0.00" HC="0.00" NOx="0.00" PMx="0.00" fuel="0.00" electricity="0.00" noise="72.57" route="routebottom" type="cfm-slow" waiting="0.00" lane="bottom_0" pos="21.03" speed="30.99" angle="56.63" x="105.76" y="9.50"/>
    </timestep>
    <timestep time="5.53">
        <vehicle id="cfm-fast_0" eclass="HBEFA3/PC_G_EU4" CO2="153498.86" CO="3522.87" HC="19.91" NOx="71.21" PMx="4.17" fuel="65.98" electricity="0.00" noise="123.33" route="routebottom" type="cfm-fast" waiting="0.00" lane="right_1" pos="15.07" speed="53.56" angle="337.30" x="121.78" y="93.45"/>
        <vehicle id="cfm-fast_1" eclass="HBEFA3/PC_G_EU4" CO2="0.00" CO="0.00" HC="0.00" NOx="0.00" PMx="0.00" fuel="0.00" electricity="0.00" noise="70.86" route="routebottom" type="cfm-fast" waiting="0.00" lane="bottom_0" pos="47.47" speed="27.31" angle="9.18" x="132.06" y="58.13"/>
        <vehicle id="cfm-fast_2" eclass="HBEFA3/PC_G_EU4" CO2="225106.91" CO="5291.20" HC="29.77" NOx="104.85" PMx="6.17" fuel="96.76" electricity="0.00" noise="138.68" route="routetop" type="cfm-fast" waiting="0.00" lane="top_1" pos="10.84" speed="63.03" angle="254.94" x="41.84" y="125.20"/>
        <vehicle id="cfm-fast_3" eclass="HBEFA3/PC_G_EU4" CO2="0.00" CO="0.00" HC="0.00" NOx="0.00" PMx="0.00" fuel="0.00" electricity="0.00" noise="70.21" route="routebottom" type="cfm-fast" waiting="0.00" lane="right_0" pos="15.97" speed="24.38" angle="335.70" x="123.79" y="96.68"/>
        <vehicle id="cfm-fast_4" eclass="HBEFA3/PC_G_EU4" CO2="247152.62" CO="6217.90" HC="34.59" NOx="115.09" PMx="6.94" fuel="106.24" electricity="0.00" noise="138.38" route="routetop" type="cfm-fast" waiting="0.00" lane="left_1" pos="16.37" speed="74.87" angle="155.04" x="6.81" y="31.53"/>
        <vehicle id="cfm-fast_5" eclass="HBEFA3/PC_G_EU4" CO2="12684.18" CO="187.08" HC="1.17" NOx="5.36" PMx="0.29" fuel="5.45" electricity="0.00" noise="73.99" route="routebottom" type="cfm-fast" waiting="0.00" lane="right_0" pos="31.62" speed="23.41" angle="307.61" x="101.13" y="121.13"/>
        <vehicle id="cfm-slow_0" eclass="HBEFA3/PC_G_EU4" CO2="22013.92" CO="382.28" HC="2.29" NOx="9.73" PMx="0.53" fuel="9.46" electricity="0.00" noise="79.42" route="routebottom" type="cfm-slow" waiting="0.00" lane="right_0" pos="46.35" speed="24.70" angle="281.18" x="71.60" y="131.81"/>
        <vehicle id="cfm-slow_1" eclass="HBEFA3/PC_G_EU4" CO2="27388.93" CO="504.04" HC="2.98" NOx="12.21" PMx="0.68" fuel="11.77" electricity="0.00" noise="82.23" route="routetop" type="cfm-slow" waiting="0.00" lane="top_0" pos="16.38" speed="27.41" angle="244.96" x="29.87" y="123.36"/>
        <vehicle id="cfm-slow_2" eclass="HBEFA3/PC_G_EU4" CO2="25664.83" CO="488.27" HC="2.87" NOx="11.33" PMx="0.65" fuel="11.03" electricity="0.00" noise="81.09" route="routetop" type="cfm-slow" waiting="0.00" lane="top_0" pos="39.20" speed="30.44" angle="203.96" x="-1.01" y="86.54"/>
        <vehicle id="cfm-slow_3" eclass="HBEFA3/PC_G_EU4" CO2="12045.60" CO="227.75" HC="1.35" NOx="4.85" PMx="0.30" fuel="5.18" electricity="0.00" noise="76.32" route="routetop" type="cfm-slow" waiting="0.00" lane="left_0" pos="15.08" speed="32.72" angle="157.30" x="2.63" y="32.33"/>
        <vehicle id="cfm-slow_4" eclass="HBEFA3/PC_G_EU4" CO2="0.00" CO="0.00" HC="0.00" NOx="0.00" PMx="0.00" fuel="0.00" electricity="0.00" noise="73.78" route="routetop" type="cfm-slow" waiting="0.00" lane="left_0" pos="43.15" speed="33.03" angle="106.87" x="48.95" y="-3.34"/>
        <vehicle id="cfm-slow_5" eclass="HBEFA3/PC_G_EU4" CO2="0.00" CO="0.00" HC="0.00" NOx="0.00" PMx="0.00" fuel="0.00" electricity="0.00" noise="72.55" route="routebottom" type="cfm-slow" waiting="0.00" lane="bottom_0" pos="21.33" speed="30.96" angle="56.07" x="106.29" y="9.91"/>
    </timestep>
    <timestep time="5.54">
        <vehicle id="cfm-fast_0" eclass="HBEFA3/PC_G_EU4" CO2="154096.97" CO="3537.81" HC="19.99" NOx="71.49" PMx="4.19" fuel="66.24" electricity="0.00" noise="123.47" route="routebottom" type="cfm-fast" waiting="0.00" lane="right_1" pos="15.61" speed="53.66" angle="336.39" x="121.27" y="94.42"/>
        <vehicle id="cfm-fast_1" eclass="HBEFA3/PC_G_EU4" CO2="0.00" CO="0.00" HC="0.00" NOx="0.00" PMx="0.00" fuel="0.00" electricity="0.00" noise="70.85" route="routebottom" type="cfm-fast" waiting="0.00" lane="bottom_0" pos="47.74" speed="27.29" angle="8.67" x="132.09" y="58.72"/>
        <vehicle id="cfm-fast_2" eclass="HBEFA3/PC_G_EU4" CO2="225344.93" CO="5300.35" HC="29.82" NOx="104.96" PMx="6.17" fuel="96.86" electricity="0.00" noise="138.67" route="routetop" type="cfm-fast" waiting="0.00" lane="top_1" pos="11.47" speed="63.15" angle="253.75" x="40.62" y="124.76"/>
        <vehicle id="cfm-fast_3" eclass="HBEFA3/PC_G_EU4" CO2="0.00" CO="0.00" HC="0.00" NOx="0.00" PMx="0.00" fuel="0.00" electricity="0.00" noise="70.22" route="routebottom" type="cfm-fast" waiting="0.00" lane="right_0" pos="16.21" speed="24.38" angle="335.26" x="123.54" y="97.14"/>
        <vehicle id="cfm-fast_4" eclass="HBEFA3/PC_G_EU4" CO2="241664.04" CO="6109.60" HC="33.96" NOx="112.50" PMx="6.80" fuel="103.88" electricity="0.00" noise="137.11" route="routetop" type="cfm-fast" waiting="0.00" lane="left_1" pos="17.12" speed="74.97" angle="153.69" x="7.59" y="30.20"/>
        <vehicle id="cfm-fast_5" eclass="HBEFA3/PC_G_EU4" CO2="12757.96" CO="188.63" HC="1.17" NOx="5.39" PMx="0.29" fuel="5.48" electricity="0.00" noise="74.03" route="routebottom" type="cfm-fast" waiting="0.00" lane="right_0" pos="31.86" speed="23.43" angle="307.19" x="100.71" y="121.41"/>
        <vehicle id="cfm-slow_0" eclass="HBEFA3/PC_G_EU4" CO2="22059.61" CO="383.31" HC="2.29" NOx="9.75" PMx="0.53" fuel="9.48" electricity="0.00" noise="79.45" route="routebottom" type="cfm-slow" waiting="0.00" lane="right_0" pos="46.60" speed="24.73" angle="280.72" x="71.07" y="131.87"/>
        <vehicle id="cfm-slow_1" eclass="HBEFA3/PC_G_EU4" CO2="27374.71" CO="503.92" HC="2.98" NOx="12.20" PMx="0.68" fuel="11.77" electricity="0.00" noise="82.22" route="routetop" type="cfm-slow" waiting="0.00" lane="top_0" pos="16.66" speed="27.44" angle="244.51" x="29.35" y="123.07"/>
        <vehicle id="cfm-slow_2" eclass="HBEFA3/PC_G_EU4" CO2="25539.82" CO="485.88" HC="2.85" NOx="11.27" PMx="0.64" fuel="10.98" electricity="0.00" noise="81.03" route="routetop" type="cfm-slow" waiting="0.00" lane="top_0" pos="39.51" speed="30.47" angle="203.40" x="-1.23" y="85.93"/>
        <vehicle id="cfm-slow_3" eclass="HBEFA3/PC_G_EU4" CO2="11842.77" CO="223.63" HC="1.32" NOx="4.76" PMx="0.30" fuel="5.09" electricity="0.00" noise="76.26" route="routetop" type="cfm-slow" waiting="0.00" lane="left_0" pos="15.41" speed="32.73" angle="156.76" x="2.95" y="31.71"/>
        <vehicle id="cfm-slow_4" eclass="HBEFA3/PC_G_EU4" CO2="0.00" CO="0.00" HC="0.00" NOx="0.00" PMx="0.00" fuel="0.00" electricity="0.00" noise="73.77" route="routetop" type="cfm-slow" waiting="0.00" lane="left_0" pos="43.48" speed="33.01" angle="106.28" x="49.64" y="-3.50"/>
        <vehicle id="cfm-slow_5" eclass="HBEFA3/PC_G_EU4" CO2="0.00" CO="0.00" HC="0.00" NOx="0.00" PMx="0.00" fuel="0.00" electricity="0.00" noise="72.54" route="routebottom" type="cfm-slow" waiting="0.00" lane="bottom_0" pos="21.64" speed="30.92" angle="55.50" x="106.81" y="10.32"/>
    </timestep>
    <timestep time="5.55">
        <vehicle id="cfm-fast_0" eclass="HBEFA3/PC_G_EU4" CO2="154692.88" CO="3552.73" HC="20.08" NOx="71.77" PMx="4.20" fuel="66.49" electricity="0.00" noise="123.60" route="routebottom" type="cfm-fast" waiting="0.00" lane="right_1" pos="16.14" speed="53.75" angle="335.44" x="120.74" y="95.39"/>
        <vehicle id="cfm-fast_1" eclass="HBEFA3/PC_G_EU4" CO2="0.00" CO="0.00" HC="0.00" NOx="0.00" PMx="0.00" fuel="0.00" electricity="0.00" noise="70.84" route="routebottom" type="cfm-fast" waiting="0.00" lane="bottom_0" pos="48.02" speed="27.26" angle="8.16" x="132.13" y="59.30"/>
        <vehicle id="cfm-fast_2" eclass="HBEFA3/PC_G_EU4" CO2="225538.37" CO="5308.59" HC="29.86" NOx="105.05" PMx="6.18" fuel="96.95" electricity="0.00" noise="138.65" route="routetop" type="cfm-fast" waiting="0.00" lane="top_1" pos="12.10" speed="63.27" angle="252.66" x="39.41" y="124.28"/>
        <vehicle id="cfm-fast_3" eclass="HBEFA3/PC_G_EU4" CO2="0.00" CO="0.00" HC="0.00" NOx="0.00" PMx="0.00" fuel="0.00" electricity="0.00" noise="70.24" route="routebottom" type="cfm-fast" waiting="0.00" lane="right_0" pos="16.46" speed="24.37" angle="334.82" x="123.28" y="97.60"/>
        <vehicle id="cfm-fast_4" eclass="HBEFA3/PC_G_EU4" CO2="236257.77" CO="6002.88" HC="33.34" NOx="109.95" PMx="6.66" fuel="101.56" electricity="0.00" noise="135.86" route="routetop" type="cfm-fast" waiting="0.00" lane="left_1" pos="17.87" speed="75.08" angle="152.32" x="8.38" y="28.88"/>
        <vehicle id="cfm-fast_5" eclass="HBEFA3/PC_G_EU4" CO2="12831.60" CO="190.17" HC="1.18" NOx="5.43" PMx="0.29" fuel="5.52" electricity="0.00" noise="74.07" route="routebottom" type="cfm-fast" waiting="0.00" lane="right_0" pos="32.09" speed="23.44" angle="306.83" x="100.29" y="121.69"/>
        <vehicle id="cfm-slow_0" eclass="HBEFA3/PC_G_EU4" CO2="22104.85" CO="384.32" HC="2.30" NOx="9.77" PMx="0.53" fuel="9.50" electricity="0.00" noise="79.47" route="routebottom" type="cfm-slow" waiting="0.00" lane="right_0" pos="46.84" speed="24.75" angle="280.27" x="70.54" y="131.92"/>
        <vehicle id="cfm-slow_1" eclass="HBEFA3/PC_G_EU4" CO2="27359.55" CO="503.77" HC="2.98" NOx="12.19" PMx="0.68" fuel="11.76" electricity="0.00" noise="82.20" route="routetop" type="cfm-slow" waiting="0.00" lane="top_0" pos="16.93" speed="27.47" angle="244.02" x="28.84" y="122.77"/>
        <vehicle id="cfm-slow_2" eclass="HBEFA3/PC_G_EU4" CO2="25414.02" CO="483.49" HC="2.84" NOx="11.21" PMx="0.64" fuel="10.92" electricity="0.00" noise="80.97" route="routetop" type="cfm-slow" waiting="0.00" lane="top_0" pos="39.81" speed="30.49" angle="202.90" x="-1.45" y="85.31"/>
        <vehicle id="cfm-slow_3" eclass="HBEFA3/PC_G_EU4" CO2="11640.43" CO="219.52" HC="1.30" NOx="4.66" PMx="0.29" fuel="5.00" electricity="0.00" noise="76.21" route="routetop" type="cfm-slow" waiting="0.00" lane="left_0" pos="15.73" speed="32.74" angle="156.16" x="3.29" y="31.09"/>
        <vehicle id="cfm-slow_4" eclass="HBEFA3/PC_G_EU4" CO2="0.00" CO="0.00" HC="0.00" NOx="0.00" PMx="0.00" fuel="0.00" electricity="0.00" noise="73.75" route="routetop" type="cfm-slow" waiting="0.00" lane="left_0" pos="43.81" speed="32.99" angle="105.74" x="50.34" y="-3.64"/>
        <vehicle id="cfm-slow_5" eclass="HBEFA3/PC_G_EU4" CO2="0.00" CO="0.00" HC="0.00" NOx="0.00" PMx="0.00" fuel="0.00" electricity="0.00" noise="72.53" route="routebottom" type="cfm-slow" waiting="0.00" lane="bottom_0" pos="21.95" speed="30.89" angle="54.99" x="107.33" y="10.75"/>
    </timestep>
    <timestep time="5.56">
        <vehicle id="cfm-fast_0" eclass="HBEFA3/PC_G_EU4" CO2="155286.26" CO="3567.61" HC="20.16" NOx="72.05" PMx="4.22" fuel="66.75" electricity="0.00" noise="123.73" route="routebottom" type="cfm-fast" waiting="0.00" lane="right_1" pos="16.68" speed="53.85" angle="334.52" x="120.20" y="96.35"/>
        <vehicle id="cfm-fast_1" eclass="HBEFA3/PC_G_EU4" CO2="0.00" CO="0.00" HC="0.00" NOx="0.00" PMx="0.00" fuel="0.00" electricity="0.00" noise="70.83" route="routebottom" type="cfm-fast" waiting="0.00" lane="bottom_0" pos="48.29" speed="27.24" angle="7.64" x="132.16" y="59.89"/>
        <vehicle id="cfm-fast_2" eclass="HBEFA3/PC_G_EU4" CO2="225688.10" CO="5315.93" HC="29.90" NOx="105.12" PMx="6.19" fuel="97.01" electricity="0.00" noise="138.62" route="routetop" type="cfm-fast" waiting="0.00" lane="top_1" pos="12.74" speed="63.40" angle="251.57" x="38.21" y="123.80"/>
        <vehicle id="cfm-fast_3" eclass="HBEFA3/PC_G_EU4" CO2="0.00" CO="0.00" HC="0.00" NOx="0.00" PMx="0.00" fuel="0.00" electricity="0.00" noise="70.25" route="routebottom" type="cfm-fast" waiting="0.00" lane="right_0" pos="16.70" speed="24.36" angle="334.43" x="123.02" y="98.05"/>
        <vehicle id="cfm-fast_4" eclass="HBEFA3/PC_G_EU4" CO2="230933.63" CO="5897.72" HC="32.73" NOx="107.44" PMx="6.52" fuel="99.27" electricity="0.00" noise="134.63" route="routetop" type="cfm-fast" waiting="0.00" lane="left_1" pos="18.62" speed="75.17" angle="150.92" x="9.23" y="27.59"/>
        <vehicle id="cfm-fast_5" eclass="HBEFA3/PC_G_EU4" CO2="12905.10" CO="191.71" HC="1.19" NOx="5.46" PMx="0.29" fuel="5.55" electricity="0.00" noise="74.11" route="routebottom" type="cfm-fast" waiting="0.00" lane="right_0" pos="32.33" speed="23.46" angle="306.38" x="99.85" y="121.95"/>
        <vehicle id="cfm-slow_0" eclass="HBEFA3/PC_G_EU4" CO2="22149.64" CO="385.33" HC="2.31" NOx="9.79" PMx="0.54" fuel="9.52" electricity="0.00" noise="79.50" route="routebottom" type="cfm-slow" waiting="0.00" lane="right_0" pos="47.09" speed="24.78" angle="279.81" x="70.01" y="131.98"/>
        <vehicle id="cfm-slow_1" eclass="HBEFA3/PC_G_EU4" CO2="27343.46" CO="503.60" HC="2.98" NOx="12.18" PMx="0.68" fuel="11.75" electricity="0.00" noise="82.19" route="routetop" type="cfm-slow" waiting="0.00" lane="top_0" pos="17.21" speed="27.50" angle="243.52" x="28.33" y="122.47"/>
        <vehicle id="cfm-slow_2" eclass="HBEFA3/PC_G_EU4" CO2="25287.44" CO="481.07" HC="2.83" NOx="11.15" PMx="0.64" fuel="10.87" electricity="0.00" noise="80.91" route="routetop" type="cfm-slow" waiting="0.00" lane="top_0" pos="40.12" speed="30.52" angle="202.33" x="-1.64" y="84.68"/>
        <vehicle id="cfm-slow_3" eclass="HBEFA3/PC_G_EU4" CO2="11438.59" CO="215.42" HC="1.27" NOx="4.57" PMx="0.29" fuel="4.92" electricity="0.00" noise="76.17" route="routetop" type="cfm-slow" waiting="0.00" lane="left_0" pos="16.06" speed="32.74" angle="155.55" x="3.63" y="30.47"/>
        <vehicle id="cfm-slow_4" eclass="HBEFA3/PC_G_EU4" CO2="0.00" CO="0.00" HC="0.00" NOx="0.00" PMx="0.00" fuel="0.00" electricity="0.00" noise="73.74" route="routetop" type="cfm-slow" waiting="0.00" lane="left_0" pos="44.14" speed="32.98" angle="105.13" x="51.04" y="-3.77"/>
        <vehicle id="cfm-slow_5" eclass="HBEFA3/PC_G_EU4" CO2="0.00" CO="0.00" HC="0.00" NOx="0.00" PMx="0.00" fuel="0.00" electricity="0.00" noise="72.51" route="routebottom" type="cfm-slow" waiting="0.00" lane="bottom_0" pos="22.26" speed="30.86" angle="54.40" x="107.83" y="11.18"/>
    </timestep>
    <timestep time="5.57">
        <vehicle id="cfm-fast_0" eclass="HBEFA3/PC_G_EU4" CO2="155876.76" CO="3582.44" HC="20.24" NOx="72.32" PMx="4.24" fuel="67.00" electricity="0.00" noise="123.87" route="routebottom" type="cfm-fast" waiting="0.00" lane="right_1" pos="17.22" speed="53.95" angle="333.52" x="119.63" y="97.30"/>
        <vehicle id="cfm-fast_1" eclass="HBEFA3/PC_G_EU4" CO2="0.00" CO="0.00" HC="0.00" NOx="0.00" PMx="0.00" fuel="0.00" electricity="0.00" noise="70.82" route="routebottom" type="cfm-fast" waiting="0.00" lane="bottom_0" pos="48.56" speed="27.22" angle="7.13" x="132.19" y="60.47"/>
        <vehicle id="cfm-fast_2" eclass="HBEFA3/PC_G_EU4" CO2="225794.96" CO="5322.40" HC="29.93" NOx="105.17" PMx="6.19" fuel="97.06" electricity="0.00" noise="138.58" route="routetop" type="cfm-fast" waiting="0.00" lane="top_1" pos="13.37" speed="63.52" angle="250.42" x="37.02" y="123.28"/>
        <vehicle id="cfm-fast_3" eclass="HBEFA3/PC_G_EU4" CO2="0.00" CO="0.00" HC="0.00" NOx="0.00" PMx="0.00" fuel="0.00" electricity="0.00" noise="70.26" route="routebottom" type="cfm-fast" waiting="0.00" lane="right_0" pos="16.94" speed="24.36" angle="333.99" x="122.76" y="98.50"/>
        <vehicle id="cfm-fast_4" eclass="HBEFA3/PC_G_EU4" CO2="225691.41" CO="5794.13" HC="32.13" NOx="104.96" PMx="6.39" fuel="97.01" electricity="0.00" noise="133.42" route="routetop" type="cfm-fast" waiting="0.00" lane="left_1" pos="19.38" speed="75.27" angle="149.56" x="10.10" y="26.32"/>
        <vehicle id="cfm-fast_5" eclass="HBEFA3/PC_G_EU4" CO2="12978.45" CO="193.25" HC="1.20" NOx="5.50" PMx="0.29" fuel="5.58" electricity="0.00" noise="74.15" route="routebottom" type="cfm-fast" waiting="0.00" lane="right_0" pos="32.56" speed="23.47" angle="305.94" x="99.42" y="122.21"/>
        <vehicle id="cfm-slow_0" eclass="HBEFA3/PC_G_EU4" CO2="22193.97" CO="386.32" HC="2.31" NOx="9.81" PMx="0.54" fuel="9.54" electricity="0.00" noise="79.52" route="routebottom" type="cfm-slow" waiting="0.00" lane="right_0" pos="47.34" speed="24.81" angle="279.36" x="69.48" y="132.03"/>
        <vehicle id="cfm-slow_1" eclass="HBEFA3/PC_G_EU4" CO2="27326.42" CO="503.42" HC="2.97" NOx="12.17" PMx="0.68" fuel="11.75" electricity="0.00" noise="82.18" route="routetop" type="cfm-slow" waiting="0.00" lane="top_0" pos="17.48" speed="27.53" angle="243.02" x="27.82" y="122.16"/>
        <vehicle id="cfm-slow_2" eclass="HBEFA3/PC_G_EU4" CO2="25160.08" CO="478.64" HC="2.81" NOx="11.09" PMx="0.63" fuel="10.82" electricity="0.00" noise="80.85" route="routetop" type="cfm-slow" waiting="0.00" lane="top_0" pos="40.42" speed="30.54" angle="201.76" x="-1.84" y="84.05"/>
        <vehicle id="cfm-slow_3" eclass="HBEFA3/PC_G_EU4" CO2="11237.26" CO="211.32" HC="1.25" NOx="4.47" PMx="0.28" fuel="4.83" electricity="0.00" noise="76.12" route="routetop" type="cfm-slow" waiting="0.00" lane="left_0" pos="16.39" speed="32.75" angle="154.95" x="3.97" y="29.85"/>
        <vehicle id="cfm-slow_4" eclass="HBEFA3/PC_G_EU4" CO2="0.00" CO="0.00" HC="0.00" NOx="0.00" PMx="0.00" fuel="0.00" electricity="0.00" noise="73.73" route="routetop" type="cfm-slow" waiting="0.00" lane="left_0" pos="44.47" speed="32.96" angle="104.52" x="51.73" y="-3.90"/>
        <vehicle id="cfm-slow_5" eclass="HBEFA3/PC_G_EU4" CO2="0.00" CO="0.00" HC="0.00" NOx="0.00" PMx="0.00" fuel="0.00" electricity="0.00" noise="72.50" route="routebottom" type="cfm-slow" waiting="0.00" lane="bottom_0" pos="22.57" speed="30.83" angle="53.82" x="108.34" y="11.61"/>
    </timestep>
    <timestep time="5.58">
        <vehicle id="cfm-fast_0" eclass="HBEFA3/PC_G_EU4" CO2="156464.08" CO="3597.22" HC="20.33" NOx="72.60" PMx="4.25" fuel="67.26" electricity="0.00" noise="124.00" route="routebottom" type="cfm-fast" waiting="0.00" lane="right_1" pos="17.76" speed="54.05" angle="332.52" x="119.06" y="98.25"/>
        <vehicle id="cfm-fast_1" eclass="HBEFA3/PC_G_EU4" CO2="0.00" CO="0.00" HC="0.00" NOx="0.00" PMx="0.00" fuel="0.00" electricity="0.00" noise="70.81" route="routebottom" type="cfm-fast" waiting="0.00" lane="bottom_0" pos="48.83" speed="27.19" angle="6.69" x="132.22" y="61.06"/>
        <vehicle id="cfm-fast_2" eclass="HBEFA3/PC_G_EU4" CO2="225859.81" CO="5328.00" HC="29.96" NOx="105.20" PMx="6.20" fuel="97.09" electricity="0.00" noise="138.53" route="routetop" type="cfm-fast" waiting="0.00" lane="top_1" pos="14.01" speed="63.64" angle="249.25" x="35.82" y="122.74"/>
        <vehicle id="cfm-fast_3" eclass="HBEFA3/PC_G_EU4" CO2="0.00" CO="0.00" HC="0.00" NOx="0.00" PMx="0.00" fuel="0.00" electricity="0.00" noise="70.28" route="routebottom" type="cfm-fast" waiting="0.00" lane="right_0" pos="17.19" speed="24.35" angle="333.55" x="122.49" y="98.95"/>
        <vehicle id="cfm-fast_4" eclass="HBEFA3/PC_G_EU4" CO2="220530.88" CO="5692.10" HC="31.53" NOx="102.53" PMx="6.26" fuel="94.80" electricity="0.00" noise="132.23" route="routetop" type="cfm-fast" waiting="0.00" lane="left_1" pos="20.13" speed="75.36" angle="148.19" x="11.00" y="25.06"/>
        <vehicle id="cfm-fast_5" eclass="HBEFA3/PC_G_EU4" CO2="13051.65" CO="194.79" HC="1.21" NOx="5.53" PMx="0.30" fuel="5.61" electricity="0.00" noise="74.20" route="routebottom" type="cfm-fast" waiting="0.00" lane="right_0" pos="32.80" speed="23.49" angle="305.49" x="98.99" y="122.47"/>
        <vehicle id="cfm-slow_0" eclass="HBEFA3/PC_G_EU4" CO2="22237.83" CO="387.31" HC="2.32" NOx="9.83" PMx="0.54" fuel="9.56" electricity="0.00" noise="79.54" route="routebottom" type="cfm-slow" waiting="0.00" lane="right_0" pos="47.59" speed="24.84" angle="278.96" x="68.94" y="132.07"/>
        <vehicle id="cfm-slow_1" eclass="HBEFA3/PC_G_EU4" CO2="27308.45" CO="503.21" HC="2.97" NOx="12.17" PMx="0.68" fuel="11.74" electricity="0.00" noise="82.16" route="routetop" type="cfm-slow" waiting="0.00" lane="top_0" pos="17.76" speed="27.56" angle="242.53" x="27.32" y="121.86"/>
        <vehicle id="cfm-slow_2" eclass="HBEFA3/PC_G_EU4" CO2="25031.95" CO="476.19" HC="2.80" NOx="11.03" PMx="0.63" fuel="10.76" electricity="0.00" noise="80.78" route="routetop" type="cfm-slow" waiting="0.00" lane="top_0" pos="40.73" speed="30.57" angle="201.19" x="-2.03" y="83.42"/>
        <vehicle id="cfm-slow_3" eclass="HBEFA3/PC_G_EU4" CO2="11036.45" CO="207.24" HC="1.23" NOx="4.38" PMx="0.28" fuel="4.74" electricity="0.00" noise="76.07" route="routetop" type="cfm-slow" waiting="0.00" lane="left_0" pos="16.72" speed="32.75" angle="154.40" x="4.31" y="29.24"/>
        <vehicle id="cfm-slow_4" eclass="HBEFA3/PC_G_EU4" CO2="0.00" CO="0.00" HC="0.00" NOx="0.00" PMx="0.00" fuel="0.00" electricity="0.00" noise="73.71" route="routetop" type="cfm-slow" waiting="0.00" lane="left_0" pos="44.80" speed="32.94" angle="103.93" x="52.43" y="-4.03"/>
        <vehicle id="cfm-slow_5" eclass="HBEFA3/PC_G_EU4" CO2="0.00" CO="0.00" HC="0.00" NOx="0.00" PMx="0.00" fuel="0.00" electricity="0.00" noise="72.48" route="routebottom" type="cfm-slow" waiting="0.00" lane="bottom_0" pos="22.88" speed="30.80" angle="53.23" x="108.84" y="12.04"/>
    </timestep>
    <timestep time="5.59">
        <vehicle id="cfm-fast_0" eclass="HBEFA3/PC_G_EU4" CO2="157047.91" CO="3611.94" HC="20.41" NOx="72.87" PMx="4.27" fuel="67.51" electricity="0.00" noise="124.13" route="routebottom" type="cfm-fast" waiting="0.00" lane="right_1" pos="18.30" speed="54.14" angle="331.57" x="118.46" y="99.19"/>
        <vehicle id="cfm-fast_1" eclass="HBEFA3/PC_G_EU4" CO2="0.00" CO="0.00" HC="0.00" NOx="0.00" PMx="0.00" fuel="0.00" electricity="0.00" noise="70.80" route="routebottom" type="cfm-fast" waiting="0.00" lane="bottom_0" pos="49.10" speed="27.17" angle="6.18" x="132.23" y="61.64"/>
        <vehicle id="cfm-fast_2" eclass="HBEFA3/PC_G_EU4" CO2="225883.47" CO="5332.76" HC="29.99" NOx="105.21" PMx="6.20" fuel="97.10" electricity="0.00" noise="138.46" route="routetop" type="cfm-fast" waiting="0.00" lane="top_1" pos="14.65" speed="63.76" angle="248.11" x="34.65" y="122.17"/>
        <vehicle id="cfm-fast_3" eclass="HBEFA3/PC_G_EU4" CO2="0.00" CO="0.00" HC="0.00" NOx="0.00" PMx="0.00" fuel="0.00" electricity="0.00" noise="70.29" route="routebottom" type="cfm-fast" waiting="0.00" lane="right_0" pos="17.43" speed="24.35" angle="333.11" x="122.22" y="99.40"/>
        <vehicle id="cfm-fast_4" eclass="HBEFA3/PC_G_EU4" CO2="215451.76" CO="5591.63" HC="30.95" NOx="100.13" PMx="6.13" fuel="92.61" electricity="0.00" noise="131.07" route="routetop" type="cfm-fast" waiting="0.00" lane="left_1" pos="20.88" speed="75.45" angle="146.88" x="11.92" y="23.82"/>
        <vehicle id="cfm-fast_5" eclass="HBEFA3/PC_G_EU4" CO2="13124.70" CO="196.32" HC="1.22" NOx="5.56" PMx="0.30" fuel="5.64" electricity="0.00" noise="74.24" route="routebottom" type="cfm-fast" waiting="0.00" lane="right_0" pos="33.03" speed="23.50" angle="305.05" x="98.55" y="122.73"/>
        <vehicle id="cfm-slow_0" eclass="HBEFA3/PC_G_EU4" CO2="22281.23" CO="388.29" HC="2.32" NOx="9.85" PMx="0.54" fuel="9.58" electricity="0.00" noise="79.57" route="routebottom" type="cfm-slow" waiting="0.00" lane="right_0" pos="47.84" speed="24.87" angle="278.50" x="68.41" y="132.10"/>
        <vehicle id="cfm-slow_1" eclass="HBEFA3/PC_G_EU4" CO2="27289.54" CO="502.99" HC="2.97" NOx="12.16" PMx="0.68" fuel="11.73" electricity="0.00" noise="82.14" route="routetop" type="cfm-slow" waiting="0.00" lane="top_0" pos="18.03" speed="27.60" angle="242.08" x="26.81" y="121.55"/>
        <vehicle id="cfm-slow_2" eclass="HBEFA3/PC_G_EU4" CO2="24903.07" CO="473.72" HC="2.78" NOx="10.96" PMx="0.63" fuel="10.70" electricity="0.00" noise="80.72" route="routetop" type="cfm-slow" waiting="0.00" lane="top_0" pos="41.03" speed="30.59" angle="200.67" x="-2.22" y="82.79"/>
        <vehicle id="cfm-slow_3" eclass="HBEFA3/PC_G_EU4" CO2="10836.19" CO="203.16" HC="1.20" NOx="4.28" PMx="0.27" fuel="4.66" electricity="0.00" noise="76.02" route="routetop" type="cfm-slow" waiting="0.00" lane="left_0" pos="17.04" speed="32.76" angle="153.80" x="4.67" y="28.64"/>
        <vehicle id="cfm-slow_4" eclass="HBEFA3/PC_G_EU4" CO2="0.00" CO="0.00" HC="0.00" NOx="0.00" PMx="0.00" fuel="0.00" electricity="0.00" noise="73.70" route="routetop" type="cfm-slow" waiting="0.00" lane="left_0" pos="45.13" speed="32.92" angle="103.37" x="53.13" y="-4.14"/>
        <vehicle id="cfm-slow_5" eclass="HBEFA3/PC_G_EU4" CO2="0.00" CO="0.00" HC="0.00" NOx="0.00" PMx="0.00" fuel="0.00" electricity="0.00" noise="72.47" route="routebottom" type="cfm-slow" waiting="0.00" lane="bottom_0" pos="23.19" speed="30.77" angle="52.73" x="109.34" y="12.47"/>
    </timestep>
    <timestep time="5.60">
        <vehicle id="cfm-fast_0" eclass="HBEFA3/PC_G_EU4" CO2="157627.94" CO="3626.59" HC="20.49" NOx="73.15" PMx="4.29" fuel="67.76" electricity="0.00" noise="124.25" route="routebottom" type="cfm-fast" waiting="0.00" lane="right_1" pos="18.85" speed="54.24" angle="330.54" x="117.84" y="100.11"/>
        <vehicle id="cfm-fast_1" eclass="HBEFA3/PC_G_EU4" CO2="0.00" CO="0.00" HC="0.00" NOx="0.00" PMx="0.00" fuel="0.00" electricity="0.00" noise="70.79" route="routebottom" type="cfm-fast" waiting="0.00" lane="bottom_0" pos="49.37" speed="27.14" angle="5.67" x="132.24" y="62.23"/>
        <vehicle id="cfm-fast_2" eclass="HBEFA3/PC_G_EU4" CO2="225866.78" CO="5336.69" HC="30.00" NOx="105.20" PMx="6.20" fuel="97.09" electricity="0.00" noise="138.39" route="routetop" type="cfm-fast" waiting="0.00" lane="top_1" pos="15.28" speed="63.88" angle="246.94" x="33.48" y="121.58"/>
        <vehicle id="cfm-fast_3" eclass="HBEFA3/PC_G_EU4" CO2="0.00" CO="0.00" HC="0.00" NOx="0.00" PMx="0.00" fuel="0.00" electricity="0.00" noise="70.31" route="routebottom" type="cfm-fast" waiting="0.00" lane="right_0" pos="17.67" speed="24.34" angle="332.67" x="121.95" y="99.85"/>
        <vehicle id="cfm-fast_4" eclass="HBEFA3/PC_G_EU4" CO2="210453.73" CO="5492.72" HC="30.38" NOx="97.77" PMx="6.00" fuel="90.46" electricity="0.00" noise="129.93" route="routetop" type="cfm-fast" waiting="0.00" lane="left_1" pos="21.64" speed="75.54" angle="145.51" x="12.88" y="22.60"/>
        <vehicle id="cfm-fast_5" eclass="HBEFA3/PC_G_EU4" CO2="13197.59" CO="197.85" HC="1.23" NOx="5.60" PMx="0.30" fuel="5.67" electricity="0.00" noise="74.28" route="routebottom" type="cfm-fast" waiting="0.00" lane="right_0" pos="33.27" speed="23.52" angle="304.62" x="98.12" y="122.99"/>
        <vehicle id="cfm-slow_0" eclass="HBEFA3/PC_G_EU4" CO2="22324.16" CO="389.26" HC="2.33" NOx="9.87" PMx="0.54" fuel="9.60" electricity="0.00" noise="79.59" route="routebottom" type="cfm-slow" waiting="0.00" lane="right_0" pos="48.09" speed="24.89" angle="278.03" x="67.88" y="132.14"/>
        <vehicle id="cfm-slow_1" eclass="HBEFA3/PC_G_EU4" CO2="27269.69" CO="502.75" HC="2.97" NOx="12.15" PMx="0.68" fuel="11.72" electricity="0.00" noise="82.13" route="routetop" type="cfm-slow" waiting="0.00" lane="top_0" pos="18.31" speed="27.63" angle="241.54" x="26.32" y="121.22"/>
        <vehicle id="cfm-slow_2" eclass="HBEFA3/PC_G_EU4" CO2="24773.45" CO="471.24" HC="2.77" NOx="10.90" PMx="0.62" fuel="10.65" electricity="0.00" noise="80.66" route="routetop" type="cfm-slow" waiting="0.00" lane="top_0" pos="41.34" speed="30.61" angle="200.12" x="-2.40" y="82.16"/>
        <vehicle id="cfm-slow_3" eclass="HBEFA3/PC_G_EU4" CO2="10636.47" CO="199.09" HC="1.18" NOx="4.19" PMx="0.27" fuel="4.57" electricity="0.00" noise="75.97" route="routetop" type="cfm-slow" waiting="0.00" lane="left_0" pos="17.37" speed="32.76" angle="153.20" x="5.04" y="28.03"/>
        <vehicle id="cfm-slow_4" eclass="HBEFA3/PC_G_EU4" CO2="0.00" CO="0.00" HC="0.00" NOx="0.00" PMx="0.00" fuel="0.00" electricity="0.00" noise="73.69" route="routetop" type="cfm-slow" waiting="0.00" lane="left_0" pos="45.46" speed="32.90" angle="102.76" x="53.83" y="-4.23"/>
        <vehicle id="cfm-slow_5" eclass="HBEFA3/PC_G_EU4" CO2="0.00" CO="0.00" HC="0.00" NOx="0.00" PMx="0.00" fuel="0.00" electricity="0.00" noise="72.45" route="routebottom" type="cfm-slow" waiting="0.00" lane="bottom_0" pos="23.49" speed="30.74" angle="52.18" x="109.82" y="12.92"/>
    </timestep>
    <timestep time="5.61">
        <vehicle id="cfm-fast_0" eclass="HBEFA3/PC_G_EU4" CO2="158203.88" CO="3641.18" HC="20.57" NOx="73.42" PMx="4.30" fuel="68.00" electricity="0.00" noise="124.38" route="routebottom" type="cfm-fast" waiting="0.00" lane="right_1" pos="19.39" speed="54.34" angle="329.58" x="117.21" y="101.03"/>
        <vehicle id="cfm-fast_1" eclass="HBEFA3/PC_G_EU4" CO2="0.00" CO="0.00" HC="0.00" NOx="0.00" PMx="0.00" fuel="0.00" electricity="0.00" noise="70.78" route="routebottom" type="cfm-fast" waiting="0.00" lane="bottom_0" pos="49.65" speed="27.12" angle="5.17" x="132.26" y="62.81"/>
        <vehicle id="cfm-fast_2" eclass="HBEFA3/PC_G_EU4" CO2="225810.55" CO="5339.80" HC="30.02" NOx="105.17" PMx="6.20" fuel="97.06" electricity="0.00" noise="138.31" route="routetop" type="cfm-fast" waiting="0.00" lane="top_1" pos="15.92" speed="64.00" angle="245.84" x="32.33" y="120.95"/>
        <vehicle id="cfm-fast_3" eclass="HBEFA3/PC_G_EU4" CO2="0.00" CO="0.00" HC="0.00" NOx="0.00" PMx="0.00" fuel="0.00" electricity="0.00" noise="70.32" route="routebottom" type="cfm-fast" waiting="0.00" lane="right_0" pos="17.92" speed="24.34" angle="332.29" x="121.68" y="100.30"/>
        <vehicle id="cfm-fast_4" eclass="HBEFA3/PC_G_EU4" CO2="205536.44" CO="5395.35" HC="29.81" NOx="95.45" PMx="5.87" fuel="88.35" electricity="0.00" noise="128.81" route="routetop" type="cfm-fast" waiting="0.00" lane="left_1" pos="22.40" speed="75.63" angle="144.16" x="13.87" y="21.41"/>
        <vehicle id="cfm-fast_5" eclass="HBEFA3/PC_G_EU4" CO2="13270.32" CO="199.38" HC="1.24" NOx="5.63" PMx="0.30" fuel="5.70" electricity="0.00" noise="74.32" route="routebottom" type="cfm-fast" waiting="0.00" lane="right_0" pos="33.50" speed="23.53" angle="304.23" x="97.68" y="123.24"/>
        <vehicle id="cfm-slow_0" eclass="HBEFA3/PC_G_EU4" CO2="22366.61" CO="390.22" HC="2.33" NOx="9.89" PMx="0.54" fuel="9.61" electricity="0.00" noise="79.61" route="routebottom" type="cfm-slow" waiting="0.00" lane="right_0" pos="48.33" speed="24.92" angle="277.56" x="67.34" y="132.17"/>
        <vehicle id="cfm-slow_1" eclass="HBEFA3/PC_G_EU4" CO2="27248.90" CO="502.49" HC="2.97" NOx="12.14" PMx="0.68" fuel="11.71" electricity="0.00" noise="82.11" route="routetop" type="cfm-slow" waiting="0.00" lane="top_0" pos="18.59" speed="27.66" angle="241.01" x="25.82" y="120.89"/>
        <vehicle id="cfm-slow_2" eclass="HBEFA3/PC_G_EU4" CO2="24643.09" CO="468.74" HC="2.75" NOx="10.84" PMx="0.62" fuel="10.59" electricity="0.00" noise="80.60" route="routetop" type="cfm-slow" waiting="0.00" lane="top_0" pos="41.65" speed="30.64" angle="199.55" x="-2.57" y="81.52"/>
        <vehicle id="cfm-slow_3" eclass="HBEFA3/PC_G_EU4" CO2="10437.31" CO="195.03" HC="1.16" NOx="4.09" PMx="0.26" fuel="4.49" electricity="0.00" noise="75.93" route="routetop" type="cfm-slow" waiting="0.00" lane="left_0" pos="17.70" speed="32.77" angle="152.60" x="5.40" y="27.43"/>
        <vehicle id="cfm-slow_4" eclass="HBEFA3/PC_G_EU4" CO2="0.00" CO="0.00" HC="0.00" NOx="0.00" PMx="0.00" fuel="0.00" electricity="0.00" noise="73.67" route="routetop" type="cfm-slow" waiting="0.00" lane="left_0" pos="45.79" speed="32.88" angle="102.15" x="54.53" y="-4.33"/>
        <vehicle id="cfm-slow_5" eclass="HBEFA3/PC_G_EU4" CO2="0.00" CO="0.00" HC="0.00" NOx="0.00" PMx="0.00" fuel="0.00" electricity="0.00" noise="72.44" route="routebottom" type="cfm-slow" waiting="0.00" lane="bottom_0" pos="23.80" speed="30.70" angle="51.63" x="110.31" y="13.37"/>
    </timestep>
    <timestep time="5.62">
        <vehicle id="cfm-fast_0" eclass="HBEFA3/PC_G_EU4" CO2="158775.45" CO="3655.68" HC="20.65" NOx="73.68" PMx="4.32" fuel="68.25" electricity="0.00" noise="124.50" route="routebottom" type="cfm-fast" waiting="0.00" lane="right_1" pos="19.93" speed="54.44" angle="328.56" x="116.56" y="101.94"/>
        <vehicle id="cfm-fast_1" eclass="HBEFA3/PC_G_EU4" CO2="0.00" CO="0.00" HC="0.00" NOx="0.00" PMx="0.00" fuel="0.00" electricity="0.00" noise="70.77" route="routebottom" type="cfm-fast" waiting="0.00" lane="bottom_0" pos="49.92" speed="27.09" angle="4.66" x="132.27" y="63.39"/>
        <vehicle id="cfm-fast_2" eclass="HBEFA3/PC_G_EU4" CO2="225715.61" CO="5342.12" HC="30.02" NOx="105.12" PMx="6.20" fuel="97.02" electricity="0.00" noise="138.21" route="routetop" type="cfm-fast" waiting="0.00" lane="top_1" pos="16.57" speed="64.12" angle="244.70" x="31.18" y="120.31"/>
        <vehicle id="cfm-fast_3" eclass="HBEFA3/PC_G_EU4" CO2="0.00" CO="0.00" HC="0.00" NOx="0.00" PMx="0.00" fuel="0.00" electricity="0.00" noise="70.34" route="routebottom" type="cfm-fast" waiting="0.00" lane="right_0" pos="18.16" speed="24.33" angle="331.83" x="121.39" y="100.74"/>
        <vehicle id="cfm-fast_4" eclass="HBEFA3/PC_G_EU4" CO2="200699.53" CO="5299.53" HC="29.25" NOx="93.16" PMx="5.75" fuel="86.27" electricity="0.00" noise="127.71" route="routetop" type="cfm-fast" waiting="0.00" lane="left_1" pos="23.15" speed="75.71" angle="142.82" x="14.89" y="20.24"/>
        <vehicle id="cfm-fast_5" eclass="HBEFA3/PC_G_EU4" CO2="13342.89" CO="200.90" HC="1.25" NOx="5.67" PMx="0.30" fuel="5.74" electricity="0.00" noise="74.36" route="routebottom" type="cfm-fast" waiting="0.00" lane="right_0" pos="33.74" speed="23.55" angle="303.80" x="97.24" y="123.48"/>
        <vehicle id="cfm-slow_0" eclass="HBEFA3/PC_G_EU4" CO2="22408.58" CO="391.18" HC="2.34" NOx="9.91" PMx="0.54" fuel="9.63" electricity="0.00" noise="79.63" route="routebottom" type="cfm-slow" waiting="0.00" lane="right_0" pos="48.58" speed="24.95" angle="277.10" x="66.80" y="132.20"/>
        <vehicle id="cfm-slow_1" eclass="HBEFA3/PC_G_EU4" CO2="27227.17" CO="502.21" HC="2.97" NOx="12.12" PMx="0.68" fuel="11.70" electricity="0.00" noise="82.10" route="routetop" type="cfm-slow" waiting="0.00" lane="top_0" pos="18.86" speed="27.69" angle="240.47" x="25.33" y="120.55"/>
        <vehicle id="cfm-slow_2" eclass="HBEFA3/PC_G_EU4" CO2="24512.00" CO="466.22" HC="2.74" NOx="10.78" PMx="0.62" fuel="10.54" electricity="0.00" noise="80.54" route="routetop" type="cfm-slow" waiting="0.00" lane="top_0" pos="41.95" speed="30.66" angle="198.98" x="-2.74" y="80.88"/>
        <vehicle id="cfm-slow_3" eclass="HBEFA3/PC_G_EU4" CO2="10238.73" CO="190.98" HC="1.13" NOx="4.00" PMx="0.25" fuel="4.40" electricity="0.00" noise="75.88" route="routetop" type="cfm-slow" waiting="0.00" lane="left_0" pos="18.03" speed="32.77" angle="152.06" x="5.77" y="26.83"/>
        <vehicle id="cfm-slow_4" eclass="HBEFA3/PC_G_EU4" CO2="0.00" CO="0.00" HC="0.00" NOx="0.00" PMx="0.00" fuel="0.00" electricity="0.00" noise="73.66" route="routetop" type="cfm-slow" waiting="0.00" lane="left_0" pos="46.12" speed="32.87" angle="101.57" x="55.23" y="-4.43"/>
        <vehicle id="cfm-slow_5" eclass="HBEFA3/PC_G_EU4" CO2="0.00" CO="0.00" HC="0.00" NOx="0.00" PMx="0.00" fuel="0.00" electricity="0.00" noise="72.42" route="routebottom" type="cfm-slow" waiting="0.00" lane="bottom_0" pos="24.11" speed="30.67" angle="51.07" x="110.79" y="13.82"/>
    </timestep>
    <timestep time="5.63">
        <vehicle id="cfm-fast_0" eclass="HBEFA3/PC_G_EU4" CO2="159342.37" CO="3670.11" HC="20.73" NOx="73.95" PMx="4.33" fuel="68.49" electricity="0.00" noise="124.63" route="routebottom" type="cfm-fast" waiting="0.00" lane="right_1" pos="20.48" speed="54.54" angle="327.60" x="115.90" y="102.84"/>
        <vehicle id="cfm-fast_1" eclass="HBEFA3/PC_G_EU4" CO2="0.00" CO="0.00" HC="0.00" NOx="0.00" PMx="0.00" fuel="0.00" electricity="0.00" noise="70.76" route="routebottom" type="cfm-fast" waiting="0.00" lane="right_0" pos="0.19" speed="27.07" angle="4.13" x="132.26" y="64.16"/>
        <vehicle id="cfm-fast_2" eclass="HBEFA3/PC_G_EU4" CO2="225582.76" CO="5343.65" HC="30.03" NOx="105.06" PMx="6.20" fuel="96.97" electricity="0.00" noise="138.11" route="routetop" type="cfm-fast" waiting="0.00" lane="top_1" pos="17.21" speed="64.23" angle="243.55" x="30.05" y="119.64"/>
        <vehicle id="cfm-fast_3" eclass="HBEFA3/PC_G_EU4" CO2="0.00" CO="0.00" HC="0.00" NOx="0.00" PMx="0.00" fuel="0.00" electricity="0.00" noise="70.35" route="routebottom" type="cfm-fast" waiting="0.00" lane="right_0" pos="18.40" speed="24.33" angle="331.36" x="121.10" y="101.17"/>
        <vehicle id="cfm-fast_4" eclass="HBEFA3/PC_G_EU4" CO2="195942.58" CO="5205.24" HC="28.71" NOx="90.92" PMx="5.62" fuel="84.23" electricity="0.00" noise="126.63" route="routetop" type="cfm-fast" waiting="0.00" lane="left_1" pos="23.91" speed="75.79" angle="141.46" x="15.94" y="19.09"/>
        <vehicle id="cfm-fast_5" eclass="HBEFA3/PC_G_EU4" CO2="13415.29" CO="202.43" HC="1.25" NOx="5.70" PMx="0.31" fuel="5.77" electricity="0.00" noise="74.40" route="routebottom" type="cfm-fast" waiting="0.00" lane="right_0" pos="33.97" speed="23.56" angle="303.37" x="96.79" y="123.73"/>
        <vehicle id="cfm-slow_0" eclass="HBEFA3/PC_G_EU4" CO2="22450.06" CO="392.12" HC="2.34" NOx="9.93" PMx="0.54" fuel="9.65" electricity="0.00" noise="79.66" route="routebottom" type="cfm-slow" waiting="0.00" lane="right_0" pos="48.83" speed="24.98" angle="276.69" x="66.27" y="132.22"/>
        <vehicle id="cfm-slow_1" eclass="HBEFA3/PC_G_EU4" CO2="27204.50" CO="501.91" HC="2.96" NOx="12.11" PMx="0.68" fuel="11.69" electricity="0.00" noise="82.08" route="routetop" type="cfm-slow" waiting="0.00" lane="top_0" pos="19.14" speed="27.72" angle="239.96" x="24.83" y="120.22"/>
        <vehicle id="cfm-slow_2" eclass="HBEFA3/PC_G_EU4" CO2="24380.21" CO="463.69" HC="2.72" NOx="10.72" PMx="0.61" fuel="10.48" electricity="0.00" noise="80.48" route="routetop" type="cfm-slow" waiting="0.00" lane="top_0" pos="42.26" speed="30.68" angle="198.44" x="-2.91" y="80.25"/>
        <vehicle id="cfm-slow_3" eclass="HBEFA3/PC_G_EU4" CO2="10040.74" CO="186.94" HC="1.11" NOx="3.91" PMx="0.25" fuel="4.32" electricity="0.00" noise="75.84" route="routetop" type="cfm-slow" waiting="0.00" lane="left_0" pos="18.35" speed="32.77" angle="151.45" x="6.16" y="26.24"/>
        <vehicle id="cfm-slow_4" eclass="HBEFA3/PC_G_EU4" CO2="0.00" CO="0.00" HC="0.00" NOx="0.00" PMx="0.00" fuel="0.00" electricity="0.00" noise="73.65" route="routetop" type="cfm-slow" waiting="0.00" lane="left_0" pos="46.44" speed="32.85" angle="101.00" x="55.94" y="-4.51"/>
        <vehicle id="cfm-slow_5" eclass="HBEFA3/PC_G_EU4" CO2="0.00" CO="0.00" HC="0.00" NOx="0.00" PMx="0.00" fuel="0.00" electricity="0.00" noise="72.41" route="routebottom" type="cfm-slow" waiting="0.00" lane="bottom_0" pos="24.41" speed="30.64" angle="50.57" x="111.28" y="14.27"/>
    </timestep>
    <timestep time="5.64">
        <vehicle id="cfm-fast_0" eclass="HBEFA3/PC_G_EU4" CO2="159904.37" CO="3684.44" HC="20.81" NOx="74.21" PMx="4.35" fuel="68.73" electricity="0.00" noise="124.75" route="routebottom" type="cfm-fast" waiting="0.00" lane="right_1" pos="21.03" speed="54.64" angle="326.61" x="115.22" y="103.73"/>
        <vehicle id="cfm-fast_1" eclass="HBEFA3/PC_G_EU4" CO2="0.00" CO="0.00" HC="0.00" NOx="0.00" PMx="0.00" fuel="0.00" electricity="0.00" noise="70.75" route="routebottom" type="cfm-fast" waiting="0.00" lane="right_0" pos="0.46" speed="27.05" angle="3.64" x="132.25" y="64.75"/>
        <vehicle id="cfm-fast_2" eclass="HBEFA3/PC_G_EU4" CO2="225412.80" CO="5344.42" HC="30.03" NOx="104.97" PMx="6.19" fuel="96.89" electricity="0.00" noise="138.00" route="routetop" type="cfm-fast" waiting="0.00" lane="top_1" pos="17.85" speed="64.35" angle="242.39" x="28.91" y="118.97"/>
        <vehicle id="cfm-fast_3" eclass="HBEFA3/PC_G_EU4" CO2="0.00" CO="0.00" HC="0.00" NOx="0.00" PMx="0.00" fuel="0.00" electricity="0.00" noise="70.37" route="routebottom" type="cfm-fast" waiting="0.00" lane="right_0" pos="18.65" speed="24.32" angle="330.88" x="120.81" y="101.61"/>
        <vehicle id="cfm-fast_4" eclass="HBEFA3/PC_G_EU4" CO2="191265.16" CO="5112.49" HC="28.17" NOx="88.71" PMx="5.50" fuel="82.22" electricity="0.00" noise="125.58" route="routetop" type="cfm-fast" waiting="0.00" lane="left_1" pos="24.67" speed="75.87" angle="140.12" x="17.01" y="17.97"/>
        <vehicle id="cfm-fast_5" eclass="HBEFA3/PC_G_EU4" CO2="13487.52" CO="203.94" HC="1.26" NOx="5.73" PMx="0.31" fuel="5.80" electricity="0.00" noise="74.44" route="routebottom" type="cfm-fast" waiting="0.00" lane="right_0" pos="34.21" speed="23.58" angle="302.94" x="96.35" y="123.97"/>
        <vehicle id="cfm-slow_0" eclass="HBEFA3/PC_G_EU4" CO2="22491.06" CO="393.05" HC="2.35" NOx="9.95" PMx="0.55" fuel="9.67" electricity="0.00" noise="79.68" route="routebottom" type="cfm-slow" waiting="0.00" lane="right_0" pos="49.08" speed="25.01" angle="276.22" x="65.73" y="132.23"/>
        <vehicle id="cfm-slow_1" eclass="HBEFA3/PC_G_EU4" CO2="27180.89" CO="501.59" HC="2.96" NOx="12.10" PMx="0.68" fuel="11.68" electricity="0.00" noise="82.06" route="routetop" type="cfm-slow" waiting="0.00" lane="top_0" pos="19.42" speed="27.75" angle="239.49" x="24.34" y="119.88"/>
        <vehicle id="cfm-slow_2" eclass="HBEFA3/PC_G_EU4" CO2="24247.71" CO="461.14" HC="2.71" NOx="10.65" PMx="0.61" fuel="10.42" electricity="0.00" noise="80.42" route="routetop" type="cfm-slow" waiting="0.00" lane="top_0" pos="42.57" speed="30.70" angle="197.92" x="-3.06" y="79.60"/>
        <vehicle id="cfm-slow_3" eclass="HBEFA3/PC_G_EU4" CO2="9843.34" CO="182.91" HC="1.09" NOx="3.81" PMx="0.24" fuel="4.23" electricity="0.00" noise="75.80" route="routetop" type="cfm-slow" waiting="0.00" lane="left_0" pos="18.68" speed="32.78" angle="150.83" x="6.55" y="25.65"/>
        <vehicle id="cfm-slow_4" eclass="HBEFA3/PC_G_EU4" CO2="0.00" CO="0.00" HC="0.00" NOx="0.00" PMx="0.00" fuel="0.00" electricity="0.00" noise="73.63" route="routetop" type="cfm-slow" waiting="0.00" lane="left_0" pos="46.77" speed="32.83" angle="100.40" x="56.64" y="-4.58"/>
        <vehicle id="cfm-slow_5" eclass="HBEFA3/PC_G_EU4" CO2="0.00" CO="0.00" HC="0.00" NOx="0.00" PMx="0.00" fuel="0.00" electricity="0.00" noise="72.40" route="routebottom" type="cfm-slow" waiting="0.00" lane="bottom_0" pos="24.72" speed="30.61" angle="50.00" x="111.74" y="14.73"/>
    </timestep>
    <timestep time="5.65">
        <vehicle id="cfm-fast_0" eclass="HBEFA3/PC_G_EU4" CO2="160461.19" CO="3698.69" HC="20.89" NOx="74.47" PMx="4.37" fuel="68.97" electricity="0.00" noise="124.87" route="routebottom" type="cfm-fast" waiting="0.00" lane="right_1" pos="21.57" speed="54.74" angle="325.61" x="114.52" y="104.61"/>
        <vehicle id="cfm-fast_1" eclass="HBEFA3/PC_G_EU4" CO2="0.00" CO="0.00" HC="0.00" NOx="0.00" PMx="0.00" fuel="0.00" electricity="0.00" noise="70.74" route="routebottom" type="cfm-fast" waiting="0.00" lane="right_0" pos="0.73" speed="27.02" angle="3.15" x="132.24" y="65.33"/>
        <vehicle id="cfm-fast_2" eclass="HBEFA3/PC_G_EU4" CO2="225206.51" CO="5344.44" HC="30.02" NOx="104.88" PMx="6.19" fuel="96.81" electricity="0.00" noise="137.88" route="routetop" type="cfm-fast" waiting="0.00" lane="top_1" pos="18.50" speed="64.47" angle="241.21" x="27.81" y="118.24"/>
        <vehicle id="cfm-fast_3" eclass="HBEFA3/PC_G_EU4" CO2="0.00" CO="0.00" HC="0.00" NOx="0.00" PMx="0.00" fuel="0.00" electricity="0.00" noise="70.38" route="routebottom" type="cfm-fast" waiting="0.00" lane="right_0" pos="18.89" speed="24.32" angle="330.41" x="120.52" y="102.04"/>
        <vehicle id="cfm-fast_4" eclass="HBEFA3/PC_G_EU4" CO2="186666.81" CO="5021.25" HC="27.64" NOx="86.54" PMx="5.38" fuel="80.24" electricity="0.00" noise="124.54" route="routetop" type="cfm-fast" waiting="0.00" lane="left_1" pos="25.43" speed="75.94" angle="138.71" x="18.11" y="16.87"/>
        <vehicle id="cfm-fast_5" eclass="HBEFA3/PC_G_EU4" CO2="13559.57" CO="205.46" HC="1.27" NOx="5.77" PMx="0.31" fuel="5.83" electricity="0.00" noise="74.48" route="routebottom" type="cfm-fast" waiting="0.00" lane="right_0" pos="34.44" speed="23.60" angle="302.52" x="95.90" y="124.22"/>
        <vehicle id="cfm-slow_0" eclass="HBEFA3/PC_G_EU4" CO2="22531.55" CO="393.98" HC="2.35" NOx="9.97" PMx="0.55" fuel="9.69" electricity="0.00" noise="79.70" route="routebottom" type="cfm-slow" waiting="0.00" lane="right_0" pos="49.33" speed="25.03" angle="275.76" x="65.19" y="132.24"/>
        <vehicle id="cfm-slow_1" eclass="HBEFA3/PC_G_EU4" CO2="27156.35" CO="501.25" HC="2.96" NOx="12.09" PMx="0.68" fuel="11.67" electricity="0.00" noise="82.04" route="routetop" type="cfm-slow" waiting="0.00" lane="top_0" pos="19.70" speed="27.78" angle="238.98" x="23.86" y="119.53"/>
        <vehicle id="cfm-slow_2" eclass="HBEFA3/PC_G_EU4" CO2="24114.52" CO="458.58" HC="2.69" NOx="10.59" PMx="0.61" fuel="10.37" electricity="0.00" noise="80.36" route="routetop" type="cfm-slow" waiting="0.00" lane="top_0" pos="42.87" speed="30.73" angle="197.37" x="-3.21" y="78.96"/>
        <vehicle id="cfm-slow_3" eclass="HBEFA3/PC_G_EU4" CO2="9646.55" CO="178.90" HC="1.06" NOx="3.72" PMx="0.24" fuel="4.15" electricity="0.00" noise="75.75" route="routetop" type="cfm-slow" waiting="0.00" lane="left_0" pos="19.01" speed="32.78" angle="150.22" x="6.94" y="25.07"/>
        <vehicle id="cfm-slow_4" eclass="HBEFA3/PC_G_EU4" CO2="0.00" CO="0.00" HC="0.00" NOx="0.00" PMx="0.00" fuel="0.00" electricity="0.00" noise="73.62" route="routetop" type="cfm-slow" waiting="0.00" lane="left_0" pos="47.10" speed="32.81" angle="99.80" x="57.34" y="-4.65"/>
        <vehicle id="cfm-slow_5" eclass="HBEFA3/PC_G_EU4" CO2="0.00" CO="0.00" HC="0.00" NOx="0.00" PMx="0.00" fuel="0.00" electricity="0.00" noise="72.38" route="routebottom" type="cfm-slow" waiting="0.00" lane="bottom_0" pos="25.02" speed="30.58" angle="49.43" x="112.21" y="15.20"/>
    </timestep>
    <timestep time="5.66">
        <vehicle id="cfm-fast_0" eclass="HBEFA3/PC_G_EU4" CO2="161012.58" CO="3712.83" HC="20.97" NOx="74.73" PMx="4.38" fuel="69.21" electricity="0.00" noise="124.98" route="routebottom" type="cfm-fast" waiting="0.00" lane="right_1" pos="22.12" speed="54.84" angle="324.66" x="113.81" y="105.48"/>
        <vehicle id="cfm-fast_1" eclass="HBEFA3/PC_G_EU4" CO2="0.00" CO="0.00" HC="0.00" NOx="0.00" PMx="0.00" fuel="0.00" electricity="0.00" noise="70.74" route="routebottom" type="cfm-fast" waiting="0.00" lane="right_0" pos="1.00" speed="27.00" angle="2.66" x="132.23" y="65.91"/>
        <vehicle id="cfm-fast_2" eclass="HBEFA3/PC_G_EU4" CO2="224964.69" CO="5343.73" HC="30.02" NOx="104.76" PMx="6.19" fuel="96.70" electricity="0.00" noise="137.75" route="routetop" type="cfm-fast" waiting="0.00" lane="top_1" pos="19.14" speed="64.59" angle="240.00" x="26.71" y="117.51"/>
        <vehicle id="cfm-fast_3" eclass="HBEFA3/PC_G_EU4" CO2="0.00" CO="0.00" HC="0.00" NOx="0.00" PMx="0.00" fuel="0.00" electricity="0.00" noise="70.40" route="routebottom" type="cfm-fast" waiting="0.00" lane="right_0" pos="19.13" speed="24.31" angle="329.96" x="120.23" y="102.48"/>
        <vehicle id="cfm-fast_4" eclass="HBEFA3/PC_G_EU4" CO2="182147.05" CO="4931.53" HC="27.12" NOx="84.41" PMx="5.27" fuel="78.30" electricity="0.00" noise="123.52" route="routetop" type="cfm-fast" waiting="0.00" lane="left_1" pos="26.19" speed="76.02" angle="137.36" x="19.25" y="15.80"/>
        <vehicle id="cfm-fast_5" eclass="HBEFA3/PC_G_EU4" CO2="13631.45" CO="206.97" HC="1.28" NOx="5.80" PMx="0.31" fuel="5.86" electricity="0.00" noise="74.52" route="routebottom" type="cfm-fast" waiting="0.00" lane="right_0" pos="34.68" speed="23.61" angle="302.15" x="95.46" y="124.46"/>
        <vehicle id="cfm-slow_0" eclass="HBEFA3/PC_G_EU4" CO2="22571.55" CO="394.89" HC="2.36" NOx="9.99" PMx="0.55" fuel="9.70" electricity="0.00" noise="79.72" route="routebottom" type="cfm-slow" waiting="0.00" lane="right_0" pos="49.59" speed="25.06" angle="275.29" x="64.65" y="132.25"/>
        <vehicle id="cfm-slow_1" eclass="HBEFA3/PC_G_EU4" CO2="27130.86" CO="500.90" HC="2.96" NOx="12.08" PMx="0.67" fuel="11.66" electricity="0.00" noise="82.03" route="routetop" type="cfm-slow" waiting="0.00" lane="top_0" pos="19.98" speed="27.81" angle="238.48" x="23.37" y="119.18"/>
        <vehicle id="cfm-slow_2" eclass="HBEFA3/PC_G_EU4" CO2="23980.64" CO="456.00" HC="2.68" NOx="10.53" PMx="0.60" fuel="10.31" electricity="0.00" noise="80.30" route="routetop" type="cfm-slow" waiting="0.00" lane="top_0" pos="43.18" speed="30.75" angle="196.82" x="-3.36" y="78.31"/>
        <vehicle id="cfm-slow_3" eclass="HBEFA3/PC_G_EU4" CO2="9450.38" CO="174.89" HC="1.04" NOx="3.63" PMx="0.23" fuel="4.06" electricity="0.00" noise="75.71" route="routetop" type="cfm-slow" waiting="0.00" lane="left_0" pos="19.34" speed="32.78" angle="149.67" x="7.34" y="24.48"/>
        <vehicle id="cfm-slow_4" eclass="HBEFA3/PC_G_EU4" CO2="0.00" CO="0.00" HC="0.00" NOx="0.00" PMx="0.00" fuel="0.00" electricity="0.00" noise="73.61" route="routetop" type="cfm-slow" waiting="0.00" lane="left_0" pos="47.43" speed="32.79" angle="99.23" x="58.04" y="-4.72"/>
        <vehicle id="cfm-slow_5" eclass="HBEFA3/PC_G_EU4" CO2="0.00" CO="0.00" HC="0.00" NOx="0.00" PMx="0.00" fuel="0.00" electricity="0.00" noise="72.37" route="routebottom" type="cfm-slow" waiting="0.00" lane="bottom_0" pos="25.33" speed="30.55" angle="48.87" x="112.67" y="15.66"/>
    </timestep>
    <timestep time="5.67">
        <vehicle id="cfm-fast_0" eclass="HBEFA3/PC_G_EU4" CO2="161558.29" CO="3726.87" HC="21.05" NOx="74.99" PMx="4.40" fuel="69.45" electricity="0.00" noise="125.10" route="routebottom" type="cfm-fast" waiting="0.00" lane="right_1" pos="22.67" speed="54.94" angle="323.66" x="113.09" y="106.34"/>
        <vehicle id="cfm-fast_1" eclass="HBEFA3/PC_G_EU4" CO2="0.00" CO="0.00" HC="0.00" NOx="0.00" PMx="0.00" fuel="0.00" electricity="0.00" noise="70.73" route="routebottom" type="cfm-fast" waiting="0.00" lane="right_0" pos="1.27" speed="26.98" angle="2.20" x="132.22" y="66.49"/>
        <vehicle id="cfm-fast_2" eclass="HBEFA3/PC_G_EU4" CO2="224688.11" CO="5342.29" HC="30.00" NOx="104.63" PMx="6.18" fuel="96.58" electricity="0.00" noise="137.62" route="routetop" type="cfm-fast" waiting="0.00" lane="top_1" pos="19.79" speed="64.71" angle="238.83" x="25.63" y="116.74"/>
        <vehicle id="cfm-fast_3" eclass="HBEFA3/PC_G_EU4" CO2="0.00" CO="0.00" HC="0.00" NOx="0.00" PMx="0.00" fuel="0.00" electricity="0.00" noise="70.42" route="routebottom" type="cfm-fast" waiting="0.00" lane="right_0" pos="19.38" speed="24.31" angle="329.56" x="119.93" y="102.91"/>
        <vehicle id="cfm-fast_4" eclass="HBEFA3/PC_G_EU4" CO2="177705.36" CO="4843.31" HC="26.61" NOx="82.31" PMx="5.15" fuel="76.39" electricity="0.00" noise="122.52" route="routetop" type="cfm-fast" waiting="0.00" lane="left_1" pos="26.95" speed="76.09" angle="136.01" x="20.40" y="14.74"/>
        <vehicle id="cfm-fast_5" eclass="HBEFA3/PC_G_EU4" CO2="13703.14" CO="208.48" HC="1.29" NOx="5.83" PMx="0.31" fuel="5.89" electricity="0.00" noise="74.56" route="routebottom" type="cfm-fast" waiting="0.00" lane="right_0" pos="34.92" speed="23.63" angle="301.72" x="95.00" y="124.69"/>
        <vehicle id="cfm-slow_0" eclass="HBEFA3/PC_G_EU4" CO2="22611.05" CO="395.80" HC="2.36" NOx="10.00" PMx="0.55" fuel="9.72" electricity="0.00" noise="79.74" route="routebottom" type="cfm-slow" waiting="0.00" lane="right_0" pos="49.84" speed="25.09" angle="274.82" x="64.11" y="132.26"/>
        <vehicle id="cfm-slow_1" eclass="HBEFA3/PC_G_EU4" CO2="27104.44" CO="500.52" HC="2.96" NOx="12.06" PMx="0.67" fuel="11.65" electricity="0.00" noise="82.01" route="routetop" type="cfm-slow" waiting="0.00" lane="top_0" pos="20.25" speed="27.84" angle="237.97" x="22.89" y="118.83"/>
        <vehicle id="cfm-slow_2" eclass="HBEFA3/PC_G_EU4" CO2="23846.10" CO="453.41" HC="2.66" NOx="10.46" PMx="0.60" fuel="10.25" electricity="0.00" noise="80.24" route="routetop" type="cfm-slow" waiting="0.00" lane="top_0" pos="43.49" speed="30.77" angle="196.28" x="-3.50" y="77.67"/>
        <vehicle id="cfm-slow_3" eclass="HBEFA3/PC_G_EU4" CO2="9254.84" CO="170.89" HC="1.02" NOx="3.53" PMx="0.23" fuel="3.98" electricity="0.00" noise="75.67" route="routetop" type="cfm-slow" waiting="0.00" lane="left_0" pos="19.66" speed="32.79" angle="149.07" x="7.75" y="23.91"/>
        <vehicle id="cfm-slow_4" eclass="HBEFA3/PC_G_EU4" CO2="0.00" CO="0.00" HC="0.00" NOx="0.00" PMx="0.00" fuel="0.00" electricity="0.00" noise="73.59" route="routetop" type="cfm-slow" waiting="0.00" lane="left_0" pos="47.76" speed="32.77" angle="98.63" x="58.75" y="-4.76"/>
        <vehicle id="cfm-slow_5" eclass="HBEFA3/PC_G_EU4" CO2="0.00" CO="0.00" HC="0.00" NOx="0.00" PMx="0.00" fuel="0.00" electricity="0.00" noise="72.35" route="routebottom" type="cfm-slow" waiting="0.00" lane="bottom_0" pos="25.64" speed="30.52" angle="48.36" x="113.14" y="16.13"/>
    </timestep>
    <timestep time="5.68">
        <vehicle id="cfm-fast_0" eclass="HBEFA3/PC_G_EU4" CO2="162098.10" CO="3740.79" HC="21.12" NOx="75.24" PMx="4.41" fuel="69.68" electricity="0.00" noise="125.21" route="routebottom" type="cfm-fast" waiting="0.00" lane="right_1" pos="23.22" speed="55.03" angle="322.73" x="112.35" y="107.20"/>
        <vehicle id="cfm-fast_1" eclass="HBEFA3/PC_G_EU4" CO2="0.00" CO="0.00" HC="0.00" NOx="0.00" PMx="0.00" fuel="0.00" electricity="0.00" noise="70.72" route="routebottom" type="cfm-fast" waiting="0.00" lane="right_0" pos="1.54" speed="26.95" angle="1.71" x="132.18" y="67.07"/>
        <vehicle id="cfm-fast_2" eclass="HBEFA3/PC_G_EU4" CO2="224377.54" CO="5340.15" HC="29.99" NOx="104.48" PMx="6.18" fuel="96.45" electricity="0.00" noise="137.47" route="routetop" type="cfm-fast" waiting="0.00" lane="top_1" pos="20.44" speed="64.82" angle="237.66" x="24.55" y="115.96"/>
        <vehicle id="cfm-fast_3" eclass="HBEFA3/PC_G_EU4" CO2="0.00" CO="0.00" HC="0.00" NOx="0.00" PMx="0.00" fuel="0.00" electricity="0.00" noise="70.43" route="routebottom" type="cfm-fast" waiting="0.00" lane="right_0" pos="19.62" speed="24.30" angle="329.12" x="119.62" y="103.33"/>
        <vehicle id="cfm-fast_4" eclass="HBEFA3/PC_G_EU4" CO2="173341.21" CO="4756.58" HC="26.10" NOx="80.25" PMx="5.04" fuel="74.51" electricity="0.00" noise="121.55" route="routetop" type="cfm-fast" waiting="0.00" lane="left_1" pos="27.71" speed="76.15" angle="134.61" x="21.58" y="13.73"/>
        <vehicle id="cfm-fast_5" eclass="HBEFA3/PC_G_EU4" CO2="13774.65" CO="209.99" HC="1.30" NOx="5.87" PMx="0.31" fuel="5.92" electricity="0.00" noise="74.60" route="routebottom" type="cfm-fast" waiting="0.00" lane="right_0" pos="35.15" speed="23.64" angle="301.29" x="94.55" y="124.92"/>
        <vehicle id="cfm-slow_0" eclass="HBEFA3/PC_G_EU4" CO2="22650.03" CO="396.69" HC="2.37" NOx="10.02" PMx="0.55" fuel="9.74" electricity="0.00" noise="79.76" route="routetop" type="cfm-slow" waiting="0.00" lane="top_0" pos="0.09" speed="25.12" angle="274.32" x="63.38" y="132.27"/>
        <vehicle id="cfm-slow_1" eclass="HBEFA3/PC_G_EU4" CO2="27077.08" CO="500.13" HC="2.95" NOx="12.05" PMx="0.67" fuel="11.64" electricity="0.00" noise="81.99" route="routetop" type="cfm-slow" waiting="0.00" lane="top_0" pos="20.53" speed="27.87" angle="237.52" x="22.40" y="118.47"/>
        <vehicle id="cfm-slow_2" eclass="HBEFA3/PC_G_EU4" CO2="23710.90" CO="450.81" HC="2.65" NOx="10.40" PMx="0.60" fuel="10.19" electricity="0.00" noise="80.18" route="routetop" type="cfm-slow" waiting="0.00" lane="top_0" pos="43.80" speed="30.79" angle="195.77" x="-3.64" y="77.02"/>
        <vehicle id="cfm-slow_3" eclass="HBEFA3/PC_G_EU4" CO2="9059.95" CO="166.90" HC="0.99" NOx="3.44" PMx="0.22" fuel="3.89" electricity="0.00" noise="75.63" route="routetop" type="cfm-slow" waiting="0.00" lane="left_0" pos="19.99" speed="32.79" angle="148.46" x="8.17" y="23.34"/>
        <vehicle id="cfm-slow_4" eclass="HBEFA3/PC_G_EU4" CO2="0.00" CO="0.00" HC="0.00" NOx="0.00" PMx="0.00" fuel="0.00" electricity="0.00" noise="73.58" route="routetop" type="cfm-slow" waiting="0.00" lane="left_0" pos="48.08" speed="32.75" angle="98.00" x="59.45" y="-4.81"/>
        <vehicle id="cfm-slow_5" eclass="HBEFA3/PC_G_EU4" CO2="0.00" CO="0.00" HC="0.00" NOx="0.00" PMx="0.00" fuel="0.00" electricity="0.00" noise="72.34" route="routebottom" type="cfm-slow" waiting="0.00" lane="bottom_0" pos="25.94" speed="30.49" angle="47.81" x="113.58" y="16.61"/>
    </timestep>
    <timestep time="5.69">
        <vehicle id="cfm-fast_0" eclass="HBEFA3/PC_G_EU4" CO2="162631.76" CO="3754.61" HC="21.20" NOx="75.49" PMx="4.43" fuel="69.91" electricity="0.00" noise="125.32" route="routebottom" type="cfm-fast" waiting="0.00" lane="right_1" pos="23.77" speed="55.13" angle="321.72" x="111.58" y="108.02"/>
        <vehicle id="cfm-fast_1" eclass="HBEFA3/PC_G_EU4" CO2="0.00" CO="0.00" HC="0.00" NOx="0.00" PMx="0.00" fuel="0.00" electricity="0.00" noise="70.71" route="routebottom" type="cfm-fast" waiting="0.00" lane="right_0" pos="1.81" speed="26.93" angle="1.23" x="132.15" y="67.65"/>
        <vehicle id="cfm-fast_2" eclass="HBEFA3/PC_G_EU4" CO2="224033.74" CO="5337.32" HC="29.96" NOx="104.32" PMx="6.17" fuel="96.30" electricity="0.00" noise="137.32" route="routetop" type="cfm-fast" waiting="0.00" lane="top_1" pos="21.09" speed="64.94" angle="236.51" x="23.50" y="115.14"/>
        <vehicle id="cfm-fast_3" eclass="HBEFA3/PC_G_EU4" CO2="0.00" CO="0.00" HC="0.00" NOx="0.00" PMx="0.00" fuel="0.00" electricity="0.00" noise="70.45" route="routebottom" type="cfm-fast" waiting="0.00" lane="right_0" pos="19.86" speed="24.30" angle="328.68" x="119.32" y="103.76"/>
        <vehicle id="cfm-fast_4" eclass="HBEFA3/PC_G_EU4" CO2="169054.05" CO="4671.34" HC="25.61" NOx="78.23" PMx="4.93" fuel="72.67" electricity="0.00" noise="120.59" route="routetop" type="cfm-fast" waiting="0.00" lane="left_1" pos="28.47" speed="76.22" angle="133.26" x="22.79" y="12.73"/>
        <vehicle id="cfm-fast_5" eclass="HBEFA3/PC_G_EU4" CO2="13845.97" CO="211.49" HC="1.31" NOx="5.90" PMx="0.32" fuel="5.95" electricity="0.00" noise="74.64" route="routebottom" type="cfm-fast" waiting="0.00" lane="right_0" pos="35.39" speed="23.66" angle="300.87" x="94.09" y="125.15"/>
        <vehicle id="cfm-slow_0" eclass="HBEFA3/PC_G_EU4" CO2="22688.50" CO="397.58" HC="2.37" NOx="10.04" PMx="0.55" fuel="9.75" electricity="0.00" noise="79.78" route="routetop" type="cfm-slow" waiting="0.00" lane="top_0" pos="0.34" speed="25.15" angle="273.86" x="62.84" y="132.26"/>
        <vehicle id="cfm-slow_1" eclass="HBEFA3/PC_G_EU4" CO2="27048.79" CO="499.72" HC="2.95" NOx="12.04" PMx="0.67" fuel="11.63" electricity="0.00" noise="81.97" route="routetop" type="cfm-slow" waiting="0.00" lane="top_0" pos="20.81" speed="27.90" angle="237.01" x="21.93" y="118.10"/>
        <vehicle id="cfm-slow_2" eclass="HBEFA3/PC_G_EU4" CO2="23575.04" CO="448.18" HC="2.63" NOx="10.33" PMx="0.59" fuel="10.13" electricity="0.00" noise="80.12" route="routetop" type="cfm-slow" waiting="0.00" lane="top_0" pos="44.11" speed="30.82" angle="195.19" x="-3.76" y="76.37"/>
        <vehicle id="cfm-slow_3" eclass="HBEFA3/PC_G_EU4" CO2="8865.71" CO="162.93" HC="0.97" NOx="3.35" PMx="0.22" fuel="3.81" electricity="0.00" noise="75.59" route="routetop" type="cfm-slow" waiting="0.00" lane="left_0" pos="20.32" speed="32.79" angle="147.85" x="8.58" y="22.77"/>
        <vehicle id="cfm-slow_4" eclass="HBEFA3/PC_G_EU4" CO2="0.00" CO="0.00" HC="0.00" NOx="0.00" PMx="0.00" fuel="0.00" electricity="0.00" noise="73.57" route="routetop" type="cfm-slow" waiting="0.00" lane="left_0" pos="48.41" speed="32.73" angle="97.37" x="60.15" y="-4.85"/>
        <vehicle id="cfm-slow_5" eclass="HBEFA3/PC_G_EU4" CO2="0.00" CO="0.00" HC="0.00" NOx="0.00" PMx="0.00" fuel="0.00" electricity="0.00" noise="72.33" route="routebottom" type="cfm-slow" waiting="0.00" lane="bottom_0" pos="26.24" speed="30.45" angle="47.25" x="114.03" y="17.09"/>
    </timestep>
    <timestep time="5.70">
        <vehicle id="cfm-fast_0" eclass="HBEFA3/PC_G_EU4" CO2="163159.05" CO="3768.30" HC="21.27" NOx="75.74" PMx="4.44" fuel="70.13" electricity="0.00" noise="125.43" route="routebottom" type="cfm-fast" waiting="0.00" lane="right_1" pos="24.33" speed="55.23" angle="320.75" x="110.81" y="108.85"/>
        <vehicle id="cfm-fast_1" eclass="HBEFA3/PC_G_EU4" CO2="0.00" CO="0.00" HC="0.00" NOx="0.00" PMx="0.00" fuel="0.00" electricity="0.00" noise="70.70" route="routebottom" type="cfm-fast" waiting="0.00" lane="right_0" pos="2.08" speed="26.91" angle="0.75" x="132.12" y="68.22"/>
        <vehicle id="cfm-fast_2" eclass="HBEFA3/PC_G_EU4" CO2="223657.47" CO="5333.81" HC="29.94" NOx="104.14" PMx="6.16" fuel="96.14" electricity="0.00" noise="137.16" route="routetop" type="cfm-fast" waiting="0.00" lane="top_1" pos="21.74" speed="65.05" angle="235.37" x="22.45" y="114.32"/>
        <vehicle id="cfm-fast_3" eclass="HBEFA3/PC_G_EU4" CO2="0.00" CO="0.00" HC="0.00" NOx="0.00" PMx="0.00" fuel="0.00" electricity="0.00" noise="70.47" route="routebottom" type="cfm-fast" waiting="0.00" lane="right_0" pos="20.11" speed="24.30" angle="328.24" x="119.01" y="104.18"/>
        <vehicle id="cfm-fast_4" eclass="HBEFA3/PC_G_EU4" CO2="164843.30" CO="4587.58" HC="25.12" NOx="76.24" PMx="4.82" fuel="70.86" electricity="0.00" noise="119.65" route="routetop" type="cfm-fast" waiting="0.00" lane="left_1" pos="29.24" speed="76.28" angle="131.85" x="24.02" y="11.77"/>
        <vehicle id="cfm-fast_5" eclass="HBEFA3/PC_G_EU4" CO2="13917.10" CO="212.99" HC="1.31" NOx="5.93" PMx="0.32" fuel="5.98" electricity="0.00" noise="74.68" route="routebottom" type="cfm-fast" waiting="0.00" lane="right_0" pos="35.63" speed="23.68" angle="300.44" x="93.64" y="125.37"/>
        <vehicle id="cfm-slow_0" eclass="HBEFA3/PC_G_EU4" CO2="22726.46" CO="398.45" HC="2.38" NOx="10.06" PMx="0.55" fuel="9.77" electricity="0.00" noise="79.80" route="routetop" type="cfm-slow" waiting="0.00" lane="top_0" pos="0.59" speed="25.17" angle="273.41" x="62.30" y="132.25"/>
        <vehicle id="cfm-slow_1" eclass="HBEFA3/PC_G_EU4" CO2="27019.56" CO="499.28" HC="2.95" NOx="12.02" PMx="0.67" fuel="11.61" electricity="0.00" noise="81.95" route="routetop" type="cfm-slow" waiting="0.00" lane="top_0" pos="21.09" speed="27.93" angle="236.50" x="21.46" y="117.73"/>
        <vehicle id="cfm-slow_2" eclass="HBEFA3/PC_G_EU4" CO2="23438.55" CO="445.55" HC="2.62" NOx="10.27" PMx="0.59" fuel="10.08" electricity="0.00" noise="80.06" route="routetop" type="cfm-slow" waiting="0.00" lane="top_0" pos="44.41" speed="30.84" angle="194.62" x="-3.88" y="75.72"/>
        <vehicle id="cfm-slow_3" eclass="HBEFA3/PC_G_EU4" CO2="8672.14" CO="158.96" HC="0.95" NOx="3.26" PMx="0.21" fuel="3.73" electricity="0.00" noise="75.55" route="routetop" type="cfm-slow" waiting="0.00" lane="left_0" pos="20.65" speed="32.79" angle="147.31" x="9.00" y="22.20"/>
        <vehicle id="cfm-slow_4" eclass="HBEFA3/PC_G_EU4" CO2="0.00" CO="0.00" HC="0.00" NOx="0.00" PMx="0.00" fuel="0.00" electricity="0.00" noise="73.56" route="routetop" type="cfm-slow" waiting="0.00" lane="left_0" pos="48.74" speed="32.71" angle="96.80" x="60.85" y="-4.89"/>
        <vehicle id="cfm-slow_5" eclass="HBEFA3/PC_G_EU4" CO2="0.00" CO="0.00" HC="0.00" NOx="0.00" PMx="0.00" fuel="0.00" electricity="0.00" noise="72.31" route="routebottom" type="cfm-slow" waiting="0.00" lane="bottom_0" pos="26.55" speed="30.42" angle="46.70" x="114.47" y="17.57"/>
    </timestep>
    <timestep time="5.71">
        <vehicle id="cfm-fast_0" eclass="HBEFA3/PC_G_EU4" CO2="163679.76" CO="3781.88" HC="21.35" NOx="75.98" PMx="4.46" fuel="70.36" electricity="0.00" noise="125.53" route="routebottom" type="cfm-fast" waiting="0.00" lane="right_1" pos="24.88" speed="55.33" angle="319.75" x="110.01" y="109.66"/>
        <vehicle id="cfm-fast_1" eclass="HBEFA3/PC_G_EU4" CO2="0.00" CO="0.00" HC="0.00" NOx="0.00" PMx="0.00" fuel="0.00" electricity="0.00" noise="70.69" route="routebottom" type="cfm-fast" waiting="0.00" lane="right_0" pos="2.34" speed="26.89" angle="0.27" x="132.08" y="68.80"/>
        <vehicle id="cfm-fast_2" eclass="HBEFA3/PC_G_EU4" CO2="223249.47" CO="5329.64" HC="29.91" NOx="103.94" PMx="6.15" fuel="95.96" electricity="0.00" noise="137.00" route="routetop" type="cfm-fast" waiting="0.00" lane="top_1" pos="22.39" speed="65.17" angle="234.17" x="21.42" y="113.46"/>
        <vehicle id="cfm-fast_3" eclass="HBEFA3/PC_G_EU4" CO2="0.00" CO="0.00" HC="0.00" NOx="0.00" PMx="0.00" fuel="0.00" electricity="0.00" noise="70.49" route="routebottom" type="cfm-fast" waiting="0.00" lane="right_0" pos="20.35" speed="24.29" angle="327.80" x="118.71" y="104.60"/>
        <vehicle id="cfm-fast_4" eclass="HBEFA3/PC_G_EU4" CO2="160708.37" CO="4505.28" HC="24.65" NOx="74.29" PMx="4.71" fuel="69.08" electricity="0.00" noise="118.73" route="routetop" type="cfm-fast" waiting="0.00" lane="left_1" pos="30.00" speed="76.34" angle="130.49" x="25.28" y="10.84"/>
        <vehicle id="cfm-fast_5" eclass="HBEFA3/PC_G_EU4" CO2="13988.04" CO="214.48" HC="1.32" NOx="5.97" PMx="0.32" fuel="6.01" electricity="0.00" noise="74.72" route="routebottom" type="cfm-fast" waiting="0.00" lane="right_0" pos="35.86" speed="23.69" angle="300.04" x="93.18" y="125.60"/>
        <vehicle id="cfm-slow_0" eclass="HBEFA3/PC_G_EU4" CO2="22763.89" CO="399.32" HC="2.38" NOx="10.07" PMx="0.55" fuel="9.79" electricity="0.00" noise="79.82" route="routetop" type="cfm-slow" waiting="0.00" lane="top_0" pos="0.84" speed="25.20" angle="272.95" x="61.76" y="132.24"/>
        <vehicle id="cfm-slow_1" eclass="HBEFA3/PC_G_EU4" CO2="26989.40" CO="498.83" HC="2.95" NOx="12.01" PMx="0.67" fuel="11.60" electricity="0.00" noise="81.93" route="routetop" type="cfm-slow" waiting="0.00" lane="top_0" pos="21.37" speed="27.96" angle="235.98" x="20.99" y="117.36"/>
        <vehicle id="cfm-slow_2" eclass="HBEFA3/PC_G_EU4" CO2="23301.44" CO="442.90" HC="2.60" NOx="10.20" PMx="0.59" fuel="10.02" electricity="0.00" noise="79.99" route="routetop" type="cfm-slow" waiting="0.00" lane="top_0" pos="44.72" speed="30.86" angle="194.04" x="-4.00" y="75.06"/>
        <vehicle id="cfm-slow_3" eclass="HBEFA3/PC_G_EU4" CO2="8479.24" CO="155.01" HC="0.93" NOx="3.17" PMx="0.21" fuel="3.64" electricity="0.00" noise="75.51" route="routetop" type="cfm-slow" waiting="0.00" lane="left_0" pos="20.98" speed="32.80" angle="146.70" x="9.44" y="21.65"/>
        <vehicle id="cfm-slow_4" eclass="HBEFA3/PC_G_EU4" CO2="0.00" CO="0.00" HC="0.00" NOx="0.00" PMx="0.00" fuel="0.00" electricity="0.00" noise="73.54" route="routetop" type="cfm-slow" waiting="0.00" lane="left_0" pos="49.06" speed="32.69" angle="96.21" x="61.56" y="-4.90"/>
        <vehicle id="cfm-slow_5" eclass="HBEFA3/PC_G_EU4" CO2="0.00" CO="0.00" HC="0.00" NOx="0.00" PMx="0.00" fuel="0.00" electricity="0.00" noise="72.30" route="routebottom" type="cfm-slow" waiting="0.00" lane="bottom_0" pos="26.85" speed="30.39" angle="46.18" x="114.92" y="18.05"/>
    </timestep>
    <timestep time="5.72">
        <vehicle id="cfm-fast_0" eclass="HBEFA3/PC_G_EU4" CO2="164193.69" CO="3795.32" HC="21.42" NOx="76.22" PMx="4.47" fuel="70.58" electricity="0.00" noise="125.63" route="routebottom" type="cfm-fast" waiting="0.00" lane="right_1" pos="25.43" speed="55.43" angle="318.74" x="109.21" y="110.46"/>
        <vehicle id="cfm-fast_1" eclass="HBEFA3/PC_G_EU4" CO2="0.00" CO="0.00" HC="0.00" NOx="0.00" PMx="0.00" fuel="0.00" electricity="0.00" noise="70.68" route="routebottom" type="cfm-fast" waiting="0.00" lane="right_0" pos="2.61" speed="26.86" angle="359.81" x="132.04" y="69.38"/>
        <vehicle id="cfm-fast_2" eclass="HBEFA3/PC_G_EU4" CO2="222810.49" CO="5324.83" HC="29.88" NOx="103.73" PMx="6.14" fuel="95.78" electricity="0.00" noise="136.82" route="routetop" type="cfm-fast" waiting="0.00" lane="top_1" pos="23.04" speed="65.28" angle="233.00" x="20.40" y="112.59"/>
        <vehicle id="cfm-fast_3" eclass="HBEFA3/PC_G_EU4" CO2="0.00" CO="0.00" HC="0.00" NOx="0.00" PMx="0.00" fuel="0.00" electricity="0.00" noise="70.50" route="routebottom" type="cfm-fast" waiting="0.00" lane="right_0" pos="20.59" speed="24.29" angle="327.42" x="118.40" y="105.02"/>
        <vehicle id="cfm-fast_4" eclass="HBEFA3/PC_G_EU4" CO2="156648.65" CO="4424.43" HC="24.18" NOx="72.37" PMx="4.61" fuel="67.34" electricity="0.00" noise="117.82" route="routetop" type="cfm-fast" waiting="0.00" lane="left_1" pos="30.76" speed="76.40" angle="129.12" x="26.55" y="9.93"/>
        <vehicle id="cfm-fast_5" eclass="HBEFA3/PC_G_EU4" CO2="14058.77" CO="215.97" HC="1.33" NOx="6.00" PMx="0.32" fuel="6.04" electricity="0.00" noise="74.76" route="routebottom" type="cfm-fast" waiting="0.00" lane="right_0" pos="36.10" speed="23.71" angle="299.61" x="92.72" y="125.82"/>
        <vehicle id="cfm-slow_0" eclass="HBEFA3/PC_G_EU4" CO2="22800.80" CO="400.17" HC="2.39" NOx="10.09" PMx="0.55" fuel="9.80" electricity="0.00" noise="79.84" route="routetop" type="cfm-slow" waiting="0.00" lane="top_0" pos="1.09" speed="25.23" angle="272.49" x="61.22" y="132.23"/>
        <vehicle id="cfm-slow_1" eclass="HBEFA3/PC_G_EU4" CO2="26958.30" CO="498.36" HC="2.94" NOx="11.99" PMx="0.67" fuel="11.59" electricity="0.00" noise="81.91" route="routetop" type="cfm-slow" waiting="0.00" lane="top_0" pos="21.65" speed="27.99" angle="235.47" x="20.51" y="116.99"/>
        <vehicle id="cfm-slow_2" eclass="HBEFA3/PC_G_EU4" CO2="23163.70" CO="440.24" HC="2.59" NOx="10.14" PMx="0.58" fuel="9.96" electricity="0.00" noise="79.93" route="routetop" type="cfm-slow" waiting="0.00" lane="top_0" pos="45.03" speed="30.88" angle="193.55" x="-4.11" y="74.41"/>
        <vehicle id="cfm-slow_3" eclass="HBEFA3/PC_G_EU4" CO2="8287.03" CO="151.07" HC="0.90" NOx="3.08" PMx="0.20" fuel="3.56" electricity="0.00" noise="75.47" route="routetop" type="cfm-slow" waiting="0.00" lane="left_0" pos="21.30" speed="32.80" angle="146.10" x="9.87" y="21.09"/>
        <vehicle id="cfm-slow_4" eclass="HBEFA3/PC_G_EU4" CO2="0.00" CO="0.00" HC="0.00" NOx="0.00" PMx="0.00" fuel="0.00" electricity="0.00" noise="73.53" route="routetop" type="cfm-slow" waiting="0.00" lane="left_0" pos="49.39" speed="32.67" angle="95.62" x="62.26" y="-4.92"/>
        <vehicle id="cfm-slow_5" eclass="HBEFA3/PC_G_EU4" CO2="0.00" CO="0.00" HC="0.00" NOx="0.00" PMx="0.00" fuel="0.00" electricity="0.00" noise="72.28" route="routebottom" type="cfm-slow" waiting="0.00" lane="bottom_0" pos="27.16" speed="30.36" angle="45.64" x="115.34" y="18.54"/>
    </timestep>
    <timestep time="5.73">
        <vehicle id="cfm-fast_0" eclass="HBEFA3/PC_G_EU4" CO2="164700.62" CO="3808.63" HC="21.50" NOx="76.46" PMx="4.49" fuel="70.80" electricity="0.00" noise="125.73" route="routebottom" type="cfm-fast" waiting="0.00" lane="right_1" pos="25.99" speed="55.53" angle="317.78" x="108.38" y="111.25"/>
        <vehicle id="cfm-fast_1" eclass="HBEFA3/PC_G_EU4" CO2="0.00" CO="0.00" HC="0.00" NOx="0.00" PMx="0.00" fuel="0.00" electricity="0.00" noise="70.67" route="routebottom" type="cfm-fast" waiting="0.00" lane="right_0" pos="2.88" speed="26.84" angle="359.33" x="131.98" y="69.95"/>
        <vehicle id="cfm-fast_2" eclass="HBEFA3/PC_G_EU4" CO2="222341.26" CO="5319.39" HC="29.84" NOx="103.51" PMx="6.13" fuel="95.57" electricity="0.00" noise="136.64" route="routetop" type="cfm-fast" waiting="0.00" lane="top_1" pos="23.70" speed="65.40" angle="231.82" x="19.42" y="111.68"/>
        <vehicle id="cfm-fast_3" eclass="HBEFA3/PC_G_EU4" CO2="0.00" CO="0.00" HC="0.00" NOx="0.00" PMx="0.00" fuel="0.00" electricity="0.00" noise="70.52" route="routebottom" type="cfm-fast" waiting="0.00" lane="right_0" pos="20.83" speed="24.29" angle="326.98" x="118.07" y="105.44"/>
        <vehicle id="cfm-fast_4" eclass="HBEFA3/PC_G_EU4" CO2="152663.51" CO="4345.03" HC="23.72" NOx="70.49" PMx="4.51" fuel="65.62" electricity="0.00" noise="116.94" route="routetop" type="cfm-fast" waiting="0.00" lane="left_1" pos="31.53" speed="76.46" angle="127.75" x="27.86" y="9.06"/>
        <vehicle id="cfm-fast_5" eclass="HBEFA3/PC_G_EU4" CO2="14129.30" CO="217.46" HC="1.34" NOx="6.03" PMx="0.32" fuel="6.07" electricity="0.00" noise="74.80" route="routebottom" type="cfm-fast" waiting="0.00" lane="right_0" pos="36.34" speed="23.72" angle="299.15" x="92.25" y="126.02"/>
        <vehicle id="cfm-slow_0" eclass="HBEFA3/PC_G_EU4" CO2="22837.18" CO="401.02" HC="2.39" NOx="10.11" PMx="0.56" fuel="9.82" electricity="0.00" noise="79.86" route="routetop" type="cfm-slow" waiting="0.00" lane="top_0" pos="1.35" speed="25.26" angle="272.06" x="60.67" y="132.21"/>
        <vehicle id="cfm-slow_1" eclass="HBEFA3/PC_G_EU4" CO2="26926.27" CO="497.87" HC="2.94" NOx="11.98" PMx="0.67" fuel="11.57" electricity="0.00" noise="81.88" route="routetop" type="cfm-slow" waiting="0.00" lane="top_0" pos="21.93" speed="28.02" angle="235.00" x="20.04" y="116.61"/>
        <vehicle id="cfm-slow_2" eclass="HBEFA3/PC_G_EU4" CO2="23025.36" CO="437.56" HC="2.57" NOx="10.07" PMx="0.58" fuel="9.90" electricity="0.00" noise="79.87" route="routetop" type="cfm-slow" waiting="0.00" lane="top_0" pos="45.34" speed="30.90" angle="192.98" x="-4.20" y="73.75"/>
        <vehicle id="cfm-slow_3" eclass="HBEFA3/PC_G_EU4" CO2="8095.52" CO="147.14" HC="0.88" NOx="2.99" PMx="0.20" fuel="3.48" electricity="0.00" noise="75.43" route="routetop" type="cfm-slow" waiting="0.00" lane="left_0" pos="21.63" speed="32.80" angle="145.50" x="10.31" y="20.54"/>
        <vehicle id="cfm-slow_4" eclass="HBEFA3/PC_G_EU4" CO2="0.00" CO="0.00" HC="0.00" NOx="0.00" PMx="0.00" fuel="0.00" electricity="0.00" noise="73.52" route="routetop" type="cfm-slow" waiting="0.00" lane="left_0" pos="49.72" speed="32.65" angle="95.02" x="62.96" y="-4.94"/>
        <vehicle id="cfm-slow_5" eclass="HBEFA3/PC_G_EU4" CO2="0.00" CO="0.00" HC="0.00" NOx="0.00" PMx="0.00" fuel="0.00" electricity="0.00" noise="72.27" route="routebottom" type="cfm-slow" waiting="0.00" lane="bottom_0" pos="27.46" speed="30.33" angle="45.08" x="115.76" y="19.04"/>
    </timestep>
    <timestep time="5.74">
        <vehicle id="cfm-fast_0" eclass="HBEFA3/PC_G_EU4" CO2="165200.37" CO="3821.81" HC="21.57" NOx="76.70" PMx="4.50" fuel="71.01" electricity="0.00" noise="125.83" route="routebottom" type="cfm-fast" waiting="0.00" lane="right_1" pos="26.54" speed="55.64" angle="316.77" x="107.55" y="112.02"/>
        <vehicle id="cfm-fast_1" eclass="HBEFA3/PC_G_EU4" CO2="0.00" CO="0.00" HC="0.00" NOx="0.00" PMx="0.00" fuel="0.00" electricity="0.00" noise="70.67" route="routebottom" type="cfm-fast" waiting="0.00" lane="right_0" pos="3.15" speed="26.82" angle="358.84" x="131.92" y="70.53"/>
        <vehicle id="cfm-fast_2" eclass="HBEFA3/PC_G_EU4" CO2="221842.50" CO="5313.32" HC="29.80" NOx="103.27" PMx="6.12" fuel="95.36" electricity="0.00" noise="136.45" route="routetop" type="cfm-fast" waiting="0.00" lane="top_1" pos="24.35" speed="65.51" angle="230.67" x="18.43" y="110.77"/>
        <vehicle id="cfm-fast_3" eclass="HBEFA3/PC_G_EU4" CO2="0.00" CO="0.00" HC="0.00" NOx="0.00" PMx="0.00" fuel="0.00" electricity="0.00" noise="70.54" route="routebottom" type="cfm-fast" waiting="0.00" lane="right_0" pos="21.08" speed="24.28" angle="326.54" x="117.75" y="105.85"/>
        <vehicle id="cfm-fast_4" eclass="HBEFA3/PC_G_EU4" CO2="148752.30" CO="4267.06" HC="23.27" NOx="68.64" PMx="4.40" fuel="63.94" electricity="0.00" noise="116.07" route="routetop" type="cfm-fast" waiting="0.00" lane="left_1" pos="32.29" speed="76.52" angle="126.42" x="29.17" y="8.21"/>
        <vehicle id="cfm-fast_5" eclass="HBEFA3/PC_G_EU4" CO2="14199.63" CO="218.94" HC="1.35" NOx="6.07" PMx="0.33" fuel="6.10" electricity="0.00" noise="74.84" route="routebottom" type="cfm-fast" waiting="0.00" lane="right_0" pos="36.57" speed="23.74" angle="298.69" x="91.79" y="126.23"/>
        <vehicle id="cfm-slow_0" eclass="HBEFA3/PC_G_EU4" CO2="22873.02" CO="401.85" HC="2.40" NOx="10.12" PMx="0.56" fuel="9.83" electricity="0.00" noise="79.88" route="routetop" type="cfm-slow" waiting="0.00" lane="top_0" pos="1.60" speed="25.29" angle="271.60" x="60.13" y="132.17"/>
        <vehicle id="cfm-slow_1" eclass="HBEFA3/PC_G_EU4" CO2="26893.31" CO="497.37" HC="2.94" NOx="11.96" PMx="0.67" fuel="11.56" electricity="0.00" noise="81.86" route="routetop" type="cfm-slow" waiting="0.00" lane="top_0" pos="22.21" speed="28.05" angle="234.48" x="19.58" y="116.22"/>
        <vehicle id="cfm-slow_2" eclass="HBEFA3/PC_G_EU4" CO2="22886.43" CO="434.87" HC="2.56" NOx="10.01" PMx="0.58" fuel="9.84" electricity="0.00" noise="79.81" route="routetop" type="cfm-slow" waiting="0.00" lane="top_0" pos="45.65" speed="30.92" angle="192.41" x="-4.29" y="73.09"/>
        <vehicle id="cfm-slow_3" eclass="HBEFA3/PC_G_EU4" CO2="7904.72" CO="143.23" HC="0.86" NOx="2.90" PMx="0.19" fuel="3.40" electricity="0.00" noise="75.39" route="routetop" type="cfm-slow" waiting="0.00" lane="left_0" pos="21.96" speed="32.80" angle="144.95" x="10.76" y="19.99"/>
        <vehicle id="cfm-slow_4" eclass="HBEFA3/PC_G_EU4" CO2="0.00" CO="0.00" HC="0.00" NOx="0.00" PMx="0.00" fuel="0.00" electricity="0.00" noise="73.51" route="routebottom" type="cfm-slow" waiting="0.00" lane="bottom_0" pos="0.04" speed="32.63" angle="94.39" x="63.86" y="-4.95"/>
        <vehicle id="cfm-slow_5" eclass="HBEFA3/PC_G_EU4" CO2="0.00" CO="0.00" HC="0.00" NOx="0.00" PMx="0.00" fuel="0.00" electricity="0.00" noise="72.25" route="routebottom" type="cfm-slow" waiting="0.00" lane="bottom_0" pos="27.76" speed="30.30" angle="44.51" x="116.18" y="19.54"/>
    </timestep>
    <timestep time="5.75">
        <vehicle id="cfm-fast_0" eclass="HBEFA3/PC_G_EU4" CO2="165692.75" CO="3834.84" HC="21.64" NOx="76.93" PMx="4.52" fuel="71.22" electricity="0.00" noise="125.93" route="routebottom" type="cfm-fast" waiting="0.00" lane="right_1" pos="27.10" speed="55.74" angle="315.78" x="106.70" y="112.79"/>
        <vehicle id="cfm-fast_1" eclass="HBEFA3/PC_G_EU4" CO2="0.00" CO="0.00" HC="0.00" NOx="0.00" PMx="0.00" fuel="0.00" electricity="0.00" noise="70.66" route="routebottom" type="cfm-fast" waiting="0.00" lane="right_0" pos="3.42" speed="26.80" angle="358.36" x="131.86" y="71.10"/>
        <vehicle id="cfm-fast_2" eclass="HBEFA3/PC_G_EU4" CO2="221314.94" CO="5306.66" HC="29.76" NOx="103.02" PMx="6.11" fuel="95.13" electricity="0.00" noise="136.26" route="routetop" type="cfm-fast" waiting="0.00" lane="top_1" pos="25.01" speed="65.62" angle="229.50" x="17.48" y="109.82"/>
        <vehicle id="cfm-fast_3" eclass="HBEFA3/PC_G_EU4" CO2="0.00" CO="0.00" HC="0.00" NOx="0.00" PMx="0.00" fuel="0.00" electricity="0.00" noise="70.56" route="routebottom" type="cfm-fast" waiting="0.00" lane="right_0" pos="21.32" speed="24.28" angle="326.10" x="117.43" y="106.26"/>
        <vehicle id="cfm-fast_4" eclass="HBEFA3/PC_G_EU4" CO2="144914.36" CO="4190.50" HC="22.82" NOx="66.83" PMx="4.31" fuel="62.29" electricity="0.00" noise="115.22" route="routetop" type="cfm-fast" waiting="0.00" lane="left_1" pos="33.06" speed="76.57" angle="124.98" x="30.52" y="7.40"/>
        <vehicle id="cfm-fast_5" eclass="HBEFA3/PC_G_EU4" CO2="14269.74" CO="220.42" HC="1.36" NOx="6.10" PMx="0.33" fuel="6.13" electricity="0.00" noise="74.88" route="routebottom" type="cfm-fast" waiting="0.00" lane="right_0" pos="36.81" speed="23.76" angle="298.22" x="91.32" y="126.44"/>
        <vehicle id="cfm-slow_0" eclass="HBEFA3/PC_G_EU4" CO2="22908.32" CO="402.67" HC="2.40" NOx="10.14" PMx="0.56" fuel="9.85" electricity="0.00" noise="79.89" route="routetop" type="cfm-slow" waiting="0.00" lane="top_0" pos="1.85" speed="25.31" angle="271.15" x="59.59" y="132.14"/>
        <vehicle id="cfm-slow_1" eclass="HBEFA3/PC_G_EU4" CO2="26859.42" CO="496.84" HC="2.93" NOx="11.94" PMx="0.67" fuel="11.55" electricity="0.00" noise="81.84" route="routetop" type="cfm-slow" waiting="0.00" lane="top_0" pos="22.49" speed="28.08" angle="233.95" x="19.12" y="115.83"/>
        <vehicle id="cfm-slow_2" eclass="HBEFA3/PC_G_EU4" CO2="22746.91" CO="432.16" HC="2.54" NOx="9.94" PMx="0.57" fuel="9.78" electricity="0.00" noise="79.75" route="routetop" type="cfm-slow" waiting="0.00" lane="top_0" pos="45.96" speed="30.94" angle="191.84" x="-4.38" y="72.43"/>
        <vehicle id="cfm-slow_3" eclass="HBEFA3/PC_G_EU4" CO2="7714.64" CO="139.32" HC="0.84" NOx="2.81" PMx="0.19" fuel="3.32" electricity="0.00" noise="75.36" route="routetop" type="cfm-slow" waiting="0.00" lane="left_0" pos="22.29" speed="32.80" angle="144.34" x="11.21" y="19.45"/>
        <vehicle id="cfm-slow_4" eclass="HBEFA3/PC_G_EU4" CO2="0.00" CO="0.00" HC="0.00" NOx="0.00" PMx="0.00" fuel="0.00" electricity="0.00" noise="73.49" route="routebottom" type="cfm-slow" waiting="0.00" lane="bottom_0" pos="0.37" speed="32.61" angle="93.80" x="64.56" y="-4.93"/>
        <vehicle id="cfm-slow_5" eclass="HBEFA3/PC_G_EU4" CO2="0.00" CO="0.00" HC="0.00" NOx="0.00" PMx="0.00" fuel="0.00" electricity="0.00" noise="72.24" route="routebottom" type="cfm-slow" waiting="0.00" lane="bottom_0" pos="28.07" speed="30.27" angle="43.94" x="116.60" y="20.04"/>
    </timestep>
    <timestep time="5.76">
        <vehicle id="cfm-fast_0" eclass="HBEFA3/PC_G_EU4" CO2="166177.57" CO="3847.74" HC="21.71" NOx="77.15" PMx="4.53" fuel="71.43" electricity="0.00" noise="126.02" route="routebottom" type="cfm-fast" waiting="0.00" lane="right_1" pos="27.66" speed="55.84" angle="314.68" x="105.82" y="113.53"/>
        <vehicle id="cfm-fast_1" eclass="HBEFA3/PC_G_EU4" CO2="0.00" CO="0.00" HC="0.00" NOx="0.00" PMx="0.00" fuel="0.00" electricity="0.00" noise="70.65" route="routebottom" type="cfm-fast" waiting="0.00" lane="right_0" pos="3.69" speed="26.77" angle="357.88" x="131.81" y="71.67"/>
        <vehicle id="cfm-fast_2" eclass="HBEFA3/PC_G_EU4" CO2="220759.28" CO="5299.40" HC="29.71" NOx="102.76" PMx="6.09" fuel="94.89" electricity="0.00" noise="136.06" route="routetop" type="cfm-fast" waiting="0.00" lane="top_1" pos="25.66" speed="65.74" angle="228.37" x="16.52" y="108.87"/>
        <vehicle id="cfm-fast_3" eclass="HBEFA3/PC_G_EU4" CO2="0.00" CO="0.00" HC="0.00" NOx="0.00" PMx="0.00" fuel="0.00" electricity="0.00" noise="70.58" route="routebottom" type="cfm-fast" waiting="0.00" lane="right_0" pos="21.56" speed="24.28" angle="325.66" x="117.11" y="106.67"/>
        <vehicle id="cfm-fast_4" eclass="HBEFA3/PC_G_EU4" CO2="141149.03" CO="4115.36" HC="22.39" NOx="65.05" PMx="4.21" fuel="60.67" electricity="0.00" noise="114.39" route="routetop" type="cfm-fast" waiting="0.00" lane="left_1" pos="33.83" speed="76.62" angle="123.64" x="31.88" y="6.62"/>
        <vehicle id="cfm-fast_5" eclass="HBEFA3/PC_G_EU4" CO2="14339.65" CO="221.90" HC="1.37" NOx="6.13" PMx="0.33" fuel="6.16" electricity="0.00" noise="74.92" route="routebottom" type="cfm-fast" waiting="0.00" lane="right_0" pos="37.05" speed="23.77" angle="297.76" x="90.85" y="126.65"/>
        <vehicle id="cfm-slow_0" eclass="HBEFA3/PC_G_EU4" CO2="22943.09" CO="403.49" HC="2.41" NOx="10.16" PMx="0.56" fuel="9.86" electricity="0.00" noise="79.91" route="routetop" type="cfm-slow" waiting="0.00" lane="top_0" pos="2.11" speed="25.34" angle="270.70" x="59.04" y="132.11"/>
        <vehicle id="cfm-slow_1" eclass="HBEFA3/PC_G_EU4" CO2="26824.61" CO="496.29" HC="2.93" NOx="11.93" PMx="0.67" fuel="11.53" electricity="0.00" noise="81.82" route="routetop" type="cfm-slow" waiting="0.00" lane="top_0" pos="22.77" speed="28.11" angle="233.43" x="18.66" y="115.44"/>
        <vehicle id="cfm-slow_2" eclass="HBEFA3/PC_G_EU4" CO2="22606.82" CO="429.45" HC="2.52" NOx="9.87" PMx="0.57" fuel="9.72" electricity="0.00" noise="79.69" route="routetop" type="cfm-slow" waiting="0.00" lane="top_0" pos="46.27" speed="30.96" angle="191.32" x="-4.47" y="71.77"/>
        <vehicle id="cfm-slow_3" eclass="HBEFA3/PC_G_EU4" CO2="7525.28" CO="135.43" HC="0.81" NOx="2.72" PMx="0.18" fuel="3.23" electricity="0.00" noise="75.32" route="routetop" type="cfm-slow" waiting="0.00" lane="left_0" pos="22.62" speed="32.80" angle="143.72" x="11.67" y="18.91"/>
        <vehicle id="cfm-slow_4" eclass="HBEFA3/PC_G_EU4" CO2="0.00" CO="0.00" HC="0.00" NOx="0.00" PMx="0.00" fuel="0.00" electricity="0.00" noise="73.48" route="routebottom" type="cfm-slow" waiting="0.00" lane="bottom_0" pos="0.70" speed="32.59" angle="93.21" x="65.26" y="-4.92"/>
        <vehicle id="cfm-slow_5" eclass="HBEFA3/PC_G_EU4" CO2="0.00" CO="0.00" HC="0.00" NOx="0.00" PMx="0.00" fuel="0.00" electricity="0.00" noise="72.23" route="routebottom" type="cfm-slow" waiting="0.00" lane="bottom_0" pos="28.37" speed="30.24" angle="43.44" x="117.02" y="20.54"/>
    </timestep>
    <timestep time="5.77">
        <vehicle id="cfm-fast_0" eclass="HBEFA3/PC_G_EU4" CO2="166654.67" CO="3860.48" HC="21.78" NOx="77.38" PMx="4.54" fuel="71.64" electricity="0.00" noise="126.11" route="routebottom" type="cfm-fast" waiting="0.00" lane="right_1" pos="28.22" speed="55.94" angle="313.66" x="104.94" y="114.26"/>
        <vehicle id="cfm-fast_1" eclass="HBEFA3/PC_G_EU4" CO2="0.00" CO="0.00" HC="0.00" NOx="0.00" PMx="0.00" fuel="0.00" electricity="0.00" noise="70.64" route="routebottom" type="cfm-fast" waiting="0.00" lane="right_0" pos="3.95" speed="26.75" angle="357.42" x="131.74" y="72.24"/>
        <vehicle id="cfm-fast_2" eclass="HBEFA3/PC_G_EU4" CO2="220176.23" CO="5291.57" HC="29.66" NOx="102.48" PMx="6.08" fuel="94.64" electricity="0.00" noise="135.86" route="routetop" type="cfm-fast" waiting="0.00" lane="top_1" pos="26.32" speed="65.85" angle="227.15" x="15.61" y="107.88"/>
        <vehicle id="cfm-fast_3" eclass="HBEFA3/PC_G_EU4" CO2="0.00" CO="0.00" HC="0.00" NOx="0.00" PMx="0.00" fuel="0.00" electricity="0.00" noise="70.60" route="routebottom" type="cfm-fast" waiting="0.00" lane="right_0" pos="21.80" speed="24.27" angle="325.27" x="116.79" y="107.08"/>
        <vehicle id="cfm-fast_4" eclass="HBEFA3/PC_G_EU4" CO2="137455.62" CO="4041.60" HC="21.96" NOx="63.31" PMx="4.11" fuel="59.09" electricity="0.00" noise="113.58" route="routetop" type="cfm-fast" waiting="0.00" lane="left_1" pos="34.59" speed="76.67" angle="122.31" x="33.26" y="5.85"/>
        <vehicle id="cfm-fast_5" eclass="HBEFA3/PC_G_EU4" CO2="14409.33" CO="223.37" HC="1.37" NOx="6.16" PMx="0.33" fuel="6.19" electricity="0.00" noise="74.96" route="routebottom" type="cfm-fast" waiting="0.00" lane="right_0" pos="37.29" speed="23.79" angle="297.40" x="90.38" y="126.85"/>
        <vehicle id="cfm-slow_0" eclass="HBEFA3/PC_G_EU4" CO2="22977.30" CO="404.29" HC="2.41" NOx="10.17" PMx="0.56" fuel="9.88" electricity="0.00" noise="79.93" route="routetop" type="cfm-slow" waiting="0.00" lane="top_0" pos="2.36" speed="25.37" angle="270.24" x="58.50" y="132.08"/>
        <vehicle id="cfm-slow_1" eclass="HBEFA3/PC_G_EU4" CO2="26788.86" CO="495.73" HC="2.93" NOx="11.91" PMx="0.67" fuel="11.52" electricity="0.00" noise="81.79" route="routetop" type="cfm-slow" waiting="0.00" lane="top_0" pos="23.05" speed="28.14" angle="232.97" x="18.20" y="115.05"/>
        <vehicle id="cfm-slow_2" eclass="HBEFA3/PC_G_EU4" CO2="22466.17" CO="426.72" HC="2.51" NOx="9.81" PMx="0.57" fuel="9.66" electricity="0.00" noise="79.63" route="routetop" type="cfm-slow" waiting="0.00" lane="top_0" pos="46.58" speed="30.98" angle="190.76" x="-4.53" y="71.11"/>
        <vehicle id="cfm-slow_3" eclass="HBEFA3/PC_G_EU4" CO2="7336.66" CO="131.55" HC="0.79" NOx="2.63" PMx="0.18" fuel="3.15" electricity="0.00" noise="75.28" route="routetop" type="cfm-slow" waiting="0.00" lane="left_0" pos="22.94" speed="32.80" angle="143.11" x="12.13" y="18.38"/>
        <vehicle id="cfm-slow_4" eclass="HBEFA3/PC_G_EU4" CO2="0.00" CO="0.00" HC="0.00" NOx="0.00" PMx="0.00" fuel="0.00" electricity="0.00" noise="73.47" route="routebottom" type="cfm-slow" waiting="0.00" lane="bottom_0" pos="1.02" speed="32.57" angle="92.62" x="65.96" y="-4.90"/>
        <vehicle id="cfm-slow_5" eclass="HBEFA3/PC_G_EU4" CO2="0.00" CO="0.00" HC="0.00" NOx="0.00" PMx="0.00" fuel="0.00" electricity="0.00" noise="72.21" route="routebottom" type="cfm-slow" waiting="0.00" lane="bottom_0" pos="28.67" speed="30.21" angle="42.88" x="117.42" y="21.05"/>
    </timestep>
    <timestep time="5.78">
        <vehicle id="cfm-fast_0" eclass="HBEFA3/PC_G_EU4" CO2="167123.87" CO="3873.07" HC="21.85" NOx="77.60" PMx="4.56" fuel="71.84" electricity="0.00" noise="126.20" route="routebottom" type="cfm-fast" waiting="0.00" lane="right_1" pos="28.78" speed="56.04" angle="312.64" x="104.04" y="114.97"/>
        <vehicle id="cfm-fast_1" eclass="HBEFA3/PC_G_EU4" CO2="0.00" CO="0.00" HC="0.00" NOx="0.00" PMx="0.00" fuel="0.00" electricity="0.00" noise="70.63" route="routebottom" type="cfm-fast" waiting="0.00" lane="right_0" pos="4.22" speed="26.73" angle="356.94" x="131.65" y="72.81"/>
        <vehicle id="cfm-fast_2" eclass="HBEFA3/PC_G_EU4" CO2="219566.50" CO="5283.18" HC="29.61" NOx="102.19" PMx="6.07" fuel="94.38" electricity="0.00" noise="135.65" route="routetop" type="cfm-fast" waiting="0.00" lane="top_1" pos="26.98" speed="65.96" angle="225.98" x="14.69" y="106.88"/>
        <vehicle id="cfm-fast_3" eclass="HBEFA3/PC_G_EU4" CO2="0.00" CO="0.00" HC="0.00" NOx="0.00" PMx="0.00" fuel="0.00" electricity="0.00" noise="70.62" route="routebottom" type="cfm-fast" waiting="0.00" lane="right_0" pos="22.05" speed="24.27" angle="324.80" x="116.45" y="107.48"/>
        <vehicle id="cfm-fast_4" eclass="HBEFA3/PC_G_EU4" CO2="133833.41" CO="3969.23" HC="21.54" NOx="61.60" PMx="4.02" fuel="57.53" electricity="0.00" noise="112.78" route="routetop" type="cfm-fast" waiting="0.00" lane="left_1" pos="35.36" speed="76.72" angle="120.92" x="34.66" y="5.15"/>
        <vehicle id="cfm-fast_5" eclass="HBEFA3/PC_G_EU4" CO2="14478.80" CO="224.84" HC="1.38" NOx="6.20" PMx="0.33" fuel="6.22" electricity="0.00" noise="75.00" route="routebottom" type="cfm-fast" waiting="0.00" lane="right_0" pos="37.53" speed="23.81" angle="296.97" x="89.91" y="127.04"/>
        <vehicle id="cfm-slow_0" eclass="HBEFA3/PC_G_EU4" CO2="23010.96" CO="405.08" HC="2.42" NOx="10.19" PMx="0.56" fuel="9.89" electricity="0.00" noise="79.95" route="routetop" type="cfm-slow" waiting="0.00" lane="top_0" pos="2.61" speed="25.40" angle="269.81" x="57.95" y="132.04"/>
        <vehicle id="cfm-slow_1" eclass="HBEFA3/PC_G_EU4" CO2="26752.20" CO="495.15" HC="2.92" NOx="11.89" PMx="0.67" fuel="11.50" electricity="0.00" noise="81.77" route="routetop" type="cfm-slow" waiting="0.00" lane="top_0" pos="23.34" speed="28.17" angle="232.47" x="17.75" y="114.64"/>
        <vehicle id="cfm-slow_2" eclass="HBEFA3/PC_G_EU4" CO2="22324.96" CO="423.97" HC="2.49" NOx="9.74" PMx="0.56" fuel="9.60" electricity="0.00" noise="79.57" route="routetop" type="cfm-slow" waiting="0.00" lane="top_0" pos="46.89" speed="31.00" angle="190.19" x="-4.60" y="70.44"/>
        <vehicle id="cfm-slow_3" eclass="HBEFA3/PC_G_EU4" CO2="7148.80" CO="127.69" HC="0.77" NOx="2.54" PMx="0.17" fuel="3.07" electricity="0.00" noise="75.25" route="routetop" type="cfm-slow" waiting="0.00" lane="left_0" pos="23.27" speed="32.80" angle="142.58" x="12.60" y="17.85"/>
        <vehicle id="cfm-slow_4" eclass="HBEFA3/PC_G_EU4" CO2="0.00" CO="0.00" HC="0.00" NOx="0.00" PMx="0.00" fuel="0.00" electricity="0.00" noise="73.46" route="routebottom" type="cfm-slow" waiting="0.00" lane="bottom_0" pos="1.35" speed="32.55" angle="92.05" x="66.66" y="-4.88"/>
        <vehicle id="cfm-slow_5" eclass="HBEFA3/PC_G_EU4" CO2="0.00" CO="0.00" HC="0.00" NOx="0.00" PMx="0.00" fuel="0.00" electricity="0.00" noise="72.20" route="routebottom" type="cfm-slow" waiting="0.00" lane="bottom_0" pos="28.97" speed="30.18" angle="42.32" x="117.82" y="21.56"/>
    </timestep>
    <timestep time="5.79">
        <vehicle id="cfm-fast_0" eclass="HBEFA3/PC_G_EU4" CO2="167585.01" CO="3885.51" HC="21.92" NOx="77.81" PMx="4.57" fuel="72.04" electricity="0.00" noise="126.28" route="routebottom" type="cfm-fast" waiting="0.00" lane="right_1" pos="29.34" speed="56.14" angle="311.61" x="103.13" y="115.68"/>
        <vehicle id="cfm-fast_1" eclass="HBEFA3/PC_G_EU4" CO2="0.00" CO="0.00" HC="0.00" NOx="0.00" PMx="0.00" fuel="0.00" electricity="0.00" noise="70.63" route="routebottom" type="cfm-fast" waiting="0.00" lane="right_0" pos="4.49" speed="26.71" angle="356.45" x="131.57" y="73.38"/>
        <vehicle id="cfm-fast_2" eclass="HBEFA3/PC_G_EU4" CO2="218930.75" CO="5274.24" HC="29.55" NOx="101.89" PMx="6.05" fuel="94.11" electricity="0.00" noise="135.43" route="routetop" type="cfm-fast" waiting="0.00" lane="top_1" pos="27.64" speed="66.07" angle="224.72" x="13.82" y="105.85"/>
        <vehicle id="cfm-fast_3" eclass="HBEFA3/PC_G_EU4" CO2="0.00" CO="0.00" HC="0.00" NOx="0.00" PMx="0.00" fuel="0.00" electricity="0.00" noise="70.64" route="routebottom" type="cfm-fast" waiting="0.00" lane="right_0" pos="22.29" speed="24.27" angle="324.34" x="116.11" y="107.88"/>
        <vehicle id="cfm-fast_4" eclass="HBEFA3/PC_G_EU4" CO2="130281.72" CO="3898.23" HC="21.13" NOx="59.92" PMx="3.93" fuel="56.00" electricity="0.00" noise="112.00" route="routetop" type="cfm-fast" waiting="0.00" lane="left_1" pos="36.13" speed="76.76" angle="119.55" x="36.08" y="4.46"/>
        <vehicle id="cfm-fast_5" eclass="HBEFA3/PC_G_EU4" CO2="14548.04" CO="226.30" HC="1.39" NOx="6.23" PMx="0.34" fuel="6.25" electricity="0.00" noise="75.04" route="routebottom" type="cfm-fast" waiting="0.00" lane="right_0" pos="37.76" speed="23.83" angle="296.54" x="89.43" y="127.23"/>
        <vehicle id="cfm-slow_0" eclass="HBEFA3/PC_G_EU4" CO2="23044.07" CO="405.87" HC="2.42" NOx="10.20" PMx="0.56" fuel="9.91" electricity="0.00" noise="79.96" route="routetop" type="cfm-slow" waiting="0.00" lane="top_0" pos="2.87" speed="25.43" angle="269.35" x="57.41" y="131.98"/>
        <vehicle id="cfm-slow_1" eclass="HBEFA3/PC_G_EU4" CO2="26714.60" CO="494.54" HC="2.92" NOx="11.87" PMx="0.67" fuel="11.48" electricity="0.00" noise="81.75" route="routetop" type="cfm-slow" waiting="0.00" lane="top_0" pos="23.62" speed="28.20" angle="231.97" x="17.30" y="114.23"/>
        <vehicle id="cfm-slow_2" eclass="HBEFA3/PC_G_EU4" CO2="22183.22" CO="421.22" HC="2.48" NOx="9.67" PMx="0.56" fuel="9.54" electricity="0.00" noise="79.51" route="routetop" type="cfm-slow" waiting="0.00" lane="top_0" pos="47.20" speed="31.02" angle="189.62" x="-4.67" y="69.78"/>
        <vehicle id="cfm-slow_3" eclass="HBEFA3/PC_G_EU4" CO2="6961.69" CO="123.84" HC="0.75" NOx="2.45" PMx="0.17" fuel="2.99" electricity="0.00" noise="75.21" route="routetop" type="cfm-slow" waiting="0.00" lane="left_0" pos="23.60" speed="32.80" angle="141.99" x="13.07" y="17.33"/>
        <vehicle id="cfm-slow_4" eclass="HBEFA3/PC_G_EU4" CO2="0.00" CO="0.00" HC="0.00" NOx="0.00" PMx="0.00" fuel="0.00" electricity="0.00" noise="73.44" route="routebottom" type="cfm-slow" waiting="0.00" lane="bottom_0" pos="1.67" speed="32.53" angle="91.47" x="67.36" y="-4.84"/>
        <vehicle id="cfm-slow_5" eclass="HBEFA3/PC_G_EU4" CO2="0.00" CO="0.00" HC="0.00" NOx="0.00" PMx="0.00" fuel="0.00" electricity="0.00" noise="72.18" route="routebottom" type="cfm-slow" waiting="0.00" lane="bottom_0" pos="29.27" speed="30.15" angle="41.76" x="118.22" y="22.08"/>
    </timestep>
    <timestep time="5.80">
        <vehicle id="cfm-fast_0" eclass="HBEFA3/PC_G_EU4" CO2="168037.94" CO="3897.79" HC="21.99" NOx="78.02" PMx="4.58" fuel="72.23" electricity="0.00" noise="126.37" route="routebottom" type="cfm-fast" waiting="0.00" lane="right_1" pos="29.90" speed="56.24" angle="310.64" x="102.20" y="116.37"/>
        <vehicle id="cfm-fast_1" eclass="HBEFA3/PC_G_EU4" CO2="0.00" CO="0.00" HC="0.00" NOx="0.00" PMx="0.00" fuel="0.00" electricity="0.00" noise="70.62" route="routebottom" type="cfm-fast" waiting="0.00" lane="right_0" pos="4.75" speed="26.69" angle="355.97" x="131.49" y="73.95"/>
        <vehicle id="cfm-fast_2" eclass="HBEFA3/PC_G_EU4" CO2="218269.69" CO="5264.77" HC="29.49" NOx="101.58" PMx="6.04" fuel="93.82" electricity="0.00" noise="135.21" route="routetop" type="cfm-fast" waiting="0.00" lane="top_1" pos="28.31" speed="66.18" angle="223.54" x="12.95" y="104.80"/>
        <vehicle id="cfm-fast_3" eclass="HBEFA3/PC_G_EU4" CO2="0.00" CO="0.00" HC="0.00" NOx="0.00" PMx="0.00" fuel="0.00" electricity="0.00" noise="70.66" route="routebottom" type="cfm-fast" waiting="0.00" lane="right_0" pos="22.53" speed="24.27" angle="323.88" x="115.77" y="108.27"/>
        <vehicle id="cfm-fast_4" eclass="HBEFA3/PC_G_EU4" CO2="126799.81" CO="3828.58" HC="20.72" NOx="58.28" PMx="3.84" fuel="54.51" electricity="0.00" noise="111.24" route="routetop" type="cfm-fast" waiting="0.00" lane="left_1" pos="36.90" speed="76.81" angle="118.08" x="37.52" y="3.82"/>
        <vehicle id="cfm-fast_5" eclass="HBEFA3/PC_G_EU4" CO2="14617.06" CO="227.76" HC="1.40" NOx="6.26" PMx="0.34" fuel="6.28" electricity="0.00" noise="75.08" route="routebottom" type="cfm-fast" waiting="0.00" lane="right_0" pos="38.00" speed="23.84" angle="296.11" x="88.96" y="127.42"/>
        <vehicle id="cfm-slow_0" eclass="HBEFA3/PC_G_EU4" CO2="23076.62" CO="406.64" HC="2.43" NOx="10.22" PMx="0.56" fuel="9.92" electricity="0.00" noise="79.98" route="routetop" type="cfm-slow" waiting="0.00" lane="top_0" pos="3.12" speed="25.45" angle="268.89" x="56.86" y="131.93"/>
        <vehicle id="cfm-slow_1" eclass="HBEFA3/PC_G_EU4" CO2="26676.09" CO="493.92" HC="2.92" NOx="11.85" PMx="0.66" fuel="11.47" electricity="0.00" noise="81.72" route="routetop" type="cfm-slow" waiting="0.00" lane="top_0" pos="23.90" speed="28.23" angle="231.46" x="16.86" y="113.82"/>
        <vehicle id="cfm-slow_2" eclass="HBEFA3/PC_G_EU4" CO2="22040.95" CO="418.45" HC="2.46" NOx="9.60" PMx="0.55" fuel="9.47" electricity="0.00" noise="79.45" route="routetop" type="cfm-slow" waiting="0.00" lane="top_0" pos="47.51" speed="31.04" angle="189.10" x="-4.73" y="69.11"/>
        <vehicle id="cfm-slow_3" eclass="HBEFA3/PC_G_EU4" CO2="0.00" CO="0.00" HC="0.00" NOx="0.00" PMx="0.00" fuel="0.00" electricity="0.00" noise="75.18" route="routetop" type="cfm-slow" waiting="0.00" lane="left_0" pos="23.93" speed="32.80" angle="141.40" x="13.55" y="16.81"/>
        <vehicle id="cfm-slow_4" eclass="HBEFA3/PC_G_EU4" CO2="0.00" CO="0.00" HC="0.00" NOx="0.00" PMx="0.00" fuel="0.00" electricity="0.00" noise="73.43" route="routebottom" type="cfm-slow" waiting="0.00" lane="bottom_0" pos="2.00" speed="32.51" angle="90.89" x="68.06" y="-4.80"/>
        <vehicle id="cfm-slow_5" eclass="HBEFA3/PC_G_EU4" CO2="0.00" CO="0.00" HC="0.00" NOx="0.00" PMx="0.00" fuel="0.00" electricity="0.00" noise="72.17" route="routebottom" type="cfm-slow" waiting="0.00" lane="bottom_0" pos="29.57" speed="30.12" angle="41.27" x="118.61" y="22.59"/>
    </timestep>
    <timestep time="5.81">
        <vehicle id="cfm-fast_0" eclass="HBEFA3/PC_G_EU4" CO2="168482.51" CO="3909.90" HC="22.05" NOx="78.23" PMx="4.60" fuel="72.42" electricity="0.00" noise="126.45" route="routebottom" type="cfm-fast" waiting="0.00" lane="right_1" pos="30.47" speed="56.34" angle="309.61" x="101.27" y="117.04"/>
        <vehicle id="cfm-fast_1" eclass="HBEFA3/PC_G_EU4" CO2="0.00" CO="0.00" HC="0.00" NOx="0.00" PMx="0.00" fuel="0.00" electricity="0.00" noise="70.61" route="routebottom" type="cfm-fast" waiting="0.00" lane="right_0" pos="5.02" speed="26.67" angle="355.42" x="131.41" y="74.52"/>
        <vehicle id="cfm-fast_2" eclass="HBEFA3/PC_G_EU4" CO2="217583.99" CO="5254.77" HC="29.43" NOx="101.25" PMx="6.02" fuel="93.53" electricity="0.00" noise="134.98" route="routetop" type="cfm-fast" waiting="0.00" lane="top_1" pos="28.97" speed="66.29" angle="222.33" x="12.11" y="103.73"/>
        <vehicle id="cfm-fast_3" eclass="HBEFA3/PC_G_EU4" CO2="0.00" CO="0.00" HC="0.00" NOx="0.00" PMx="0.00" fuel="0.00" electricity="0.00" noise="70.68" route="routebottom" type="cfm-fast" waiting="0.00" lane="right_0" pos="22.78" speed="24.27" angle="323.42" x="115.43" y="108.67"/>
        <vehicle id="cfm-fast_4" eclass="HBEFA3/PC_G_EU4" CO2="123386.96" CO="3760.28" HC="20.33" NOx="56.67" PMx="3.75" fuel="53.04" electricity="0.00" noise="110.49" route="routetop" type="cfm-fast" waiting="0.00" lane="left_1" pos="37.66" speed="76.85" angle="116.71" x="38.97" y="3.21"/>
        <vehicle id="cfm-fast_5" eclass="HBEFA3/PC_G_EU4" CO2="14685.85" CO="229.22" HC="1.41" NOx="6.29" PMx="0.34" fuel="6.31" electricity="0.00" noise="75.12" route="routebottom" type="cfm-fast" waiting="0.00" lane="right_0" pos="38.24" speed="23.86" angle="295.68" x="88.48" y="127.61"/>
        <vehicle id="cfm-slow_0" eclass="HBEFA3/PC_G_EU4" CO2="23108.61" CO="407.40" HC="2.43" NOx="10.23" PMx="0.56" fuel="9.93" electricity="0.00" noise="79.99" route="routetop" type="cfm-slow" waiting="0.00" lane="top_0" pos="3.38" speed="25.48" angle="268.44" x="56.32" y="131.87"/>
        <vehicle id="cfm-slow_1" eclass="HBEFA3/PC_G_EU4" CO2="26636.66" CO="493.28" HC="2.91" NOx="11.83" PMx="0.66" fuel="11.45" electricity="0.00" noise="81.70" route="routetop" type="cfm-slow" waiting="0.00" lane="top_0" pos="24.18" speed="28.26" angle="230.95" x="16.41" y="113.40"/>
        <vehicle id="cfm-slow_2" eclass="HBEFA3/PC_G_EU4" CO2="21898.16" CO="415.67" HC="2.44" NOx="9.54" PMx="0.55" fuel="9.41" electricity="0.00" noise="79.39" route="routetop" type="cfm-slow" waiting="0.00" lane="top_0" pos="47.82" speed="31.06" angle="188.51" x="-4.77" y="68.45"/>
        <vehicle id="cfm-slow_3" eclass="HBEFA3/PC_G_EU4" CO2="0.00" CO="0.00" HC="0.00" NOx="0.00" PMx="0.00" fuel="0.00" electricity="0.00" noise="75.15" route="routetop" type="cfm-slow" waiting="0.00" lane="left_0" pos="24.26" speed="32.80" angle="140.82" x="14.03" y="16.29"/>
        <vehicle id="cfm-slow_4" eclass="HBEFA3/PC_G_EU4" CO2="0.00" CO="0.00" HC="0.00" NOx="0.00" PMx="0.00" fuel="0.00" electricity="0.00" noise="73.42" route="routebottom" type="cfm-slow" waiting="0.00" lane="bottom_0" pos="2.32" speed="32.49" angle="90.31" x="68.75" y="-4.75"/>
        <vehicle id="cfm-slow_5" eclass="HBEFA3/PC_G_EU4" CO2="0.00" CO="0.00" HC="0.00" NOx="0.00" PMx="0.00" fuel="0.00" electricity="0.00" noise="72.16" route="routebottom" type="cfm-slow" waiting="0.00" lane="bottom_0" pos="29.88" speed="30.08" angle="40.72" x="118.99" y="23.11"/>
    </timestep>
    <timestep time="5.82">
        <vehicle id="cfm-fast_0" eclass="HBEFA3/PC_G_EU4" CO2="168918.57" CO="3921.86" HC="22.12" NOx="78.44" PMx="4.61" fuel="72.61" electricity="0.00" noise="126.52" route="routebottom" type="cfm-fast" waiting="0.00" lane="right_1" pos="31.03" speed="56.44" angle="308.64" x="100.32" y="117.70"/>
        <vehicle id="cfm-fast_1" eclass="HBEFA3/PC_G_EU4" CO2="0.00" CO="0.00" HC="0.00" NOx="0.00" PMx="0.00" fuel="0.00" electricity="0.00" noise="70.61" route="routebottom" type="cfm-fast" waiting="0.00" lane="right_0" pos="5.29" speed="26.65" angle="354.95" x="131.31" y="75.08"/>
        <vehicle id="cfm-fast_2" eclass="HBEFA3/PC_G_EU4" CO2="216874.31" CO="5244.27" HC="29.37" NOx="100.92" PMx="6.00" fuel="93.22" electricity="0.00" noise="134.75" route="routetop" type="cfm-fast" waiting="0.00" lane="top_1" pos="29.63" speed="66.40" angle="221.17" x="11.28" y="102.66"/>
        <vehicle id="cfm-fast_3" eclass="HBEFA3/PC_G_EU4" CO2="0.00" CO="0.00" HC="0.00" NOx="0.00" PMx="0.00" fuel="0.00" electricity="0.00" noise="70.70" route="routebottom" type="cfm-fast" waiting="0.00" lane="right_0" pos="23.02" speed="24.26" angle="323.01" x="115.10" y="109.07"/>
        <vehicle id="cfm-fast_4" eclass="HBEFA3/PC_G_EU4" CO2="120042.43" CO="3693.30" HC="19.94" NOx="55.09" PMx="3.66" fuel="51.60" electricity="0.00" noise="109.76" route="routetop" type="cfm-fast" waiting="0.00" lane="left_1" pos="38.43" speed="76.89" angle="115.31" x="40.44" y="2.63"/>
        <vehicle id="cfm-fast_5" eclass="HBEFA3/PC_G_EU4" CO2="14754.40" CO="230.67" HC="1.42" NOx="6.32" PMx="0.34" fuel="6.34" electricity="0.00" noise="75.16" route="routebottom" type="cfm-fast" waiting="0.00" lane="right_0" pos="38.48" speed="23.88" angle="295.29" x="88.00" y="127.81"/>
        <vehicle id="cfm-slow_0" eclass="HBEFA3/PC_G_EU4" CO2="23140.03" CO="408.15" HC="2.43" NOx="10.24" PMx="0.56" fuel="9.95" electricity="0.00" noise="80.01" route="routetop" type="cfm-slow" waiting="0.00" lane="top_0" pos="3.63" speed="25.51" angle="267.98" x="55.77" y="131.82"/>
        <vehicle id="cfm-slow_1" eclass="HBEFA3/PC_G_EU4" CO2="26596.30" CO="492.63" HC="2.91" NOx="11.81" PMx="0.66" fuel="11.43" electricity="0.00" noise="81.67" route="routetop" type="cfm-slow" waiting="0.00" lane="top_0" pos="24.47" speed="28.28" angle="230.49" x="15.97" y="112.98"/>
        <vehicle id="cfm-slow_2" eclass="HBEFA3/PC_G_EU4" CO2="21754.86" CO="412.88" HC="2.43" NOx="9.47" PMx="0.55" fuel="9.35" electricity="0.00" noise="79.33" route="routetop" type="cfm-slow" waiting="0.00" lane="top_0" pos="48.13" speed="31.08" angle="187.91" x="-4.81" y="67.78"/>
        <vehicle id="cfm-slow_3" eclass="HBEFA3/PC_G_EU4" CO2="0.00" CO="0.00" HC="0.00" NOx="0.00" PMx="0.00" fuel="0.00" electricity="0.00" noise="75.11" route="routetop" type="cfm-slow" waiting="0.00" lane="left_0" pos="24.58" speed="32.80" angle="140.27" x="14.52" y="15.79"/>
        <vehicle id="cfm-slow_4" eclass="HBEFA3/PC_G_EU4" CO2="0.00" CO="0.00" HC="0.00" NOx="0.00" PMx="0.00" fuel="0.00" electricity="0.00" noise="73.41" route="routebottom" type="cfm-slow" waiting="0.00" lane="bottom_0" pos="2.65" speed="32.46" angle="89.75" x="69.45" y="-4.70"/>
        <vehicle id="cfm-slow_5" eclass="HBEFA3/PC_G_EU4" CO2="0.00" CO="0.00" HC="0.00" NOx="0.00" PMx="0.00" fuel="0.00" electricity="0.00" noise="72.14" route="routebottom" type="cfm-slow" waiting="0.00" lane="bottom_0" pos="30.18" speed="30.05" angle="40.17" x="119.37" y="23.64"/>
    </timestep>
    <timestep time="5.83">
        <vehicle id="cfm-fast_0" eclass="HBEFA3/PC_G_EU4" CO2="169345.99" CO="3933.64" HC="22.18" NOx="78.64" PMx="4.62" fuel="72.79" electricity="0.00" noise="126.60" route="routebottom" type="cfm-fast" waiting="0.00" lane="right_1" pos="31.60" speed="56.54" angle="307.61" x="99.35" y="118.35"/>
        <vehicle id="cfm-fast_1" eclass="HBEFA3/PC_G_EU4" CO2="0.00" CO="0.00" HC="0.00" NOx="0.00" PMx="0.00" fuel="0.00" electricity="0.00" noise="70.60" route="routebottom" type="cfm-fast" waiting="0.00" lane="right_0" pos="5.55" speed="26.62" angle="354.45" x="131.21" y="75.65"/>
        <vehicle id="cfm-fast_2" eclass="HBEFA3/PC_G_EU4" CO2="216141.31" CO="5233.27" HC="29.30" NOx="100.57" PMx="5.99" fuel="92.91" electricity="0.00" noise="134.51" route="routetop" type="cfm-fast" waiting="0.00" lane="top_1" pos="30.30" speed="66.51" angle="219.91" x="10.49" y="101.55"/>
        <vehicle id="cfm-fast_3" eclass="HBEFA3/PC_G_EU4" CO2="0.00" CO="0.00" HC="0.00" NOx="0.00" PMx="0.00" fuel="0.00" electricity="0.00" noise="70.72" route="routebottom" type="cfm-fast" waiting="0.00" lane="right_0" pos="23.26" speed="24.26" angle="322.60" x="114.75" y="109.46"/>
        <vehicle id="cfm-fast_4" eclass="HBEFA3/PC_G_EU4" CO2="116765.47" CO="3627.64" HC="19.56" NOx="53.54" PMx="3.58" fuel="50.19" electricity="0.00" noise="109.04" route="routetop" type="cfm-fast" waiting="0.00" lane="left_1" pos="39.20" speed="76.93" angle="113.91" x="41.92" y="2.09"/>
        <vehicle id="cfm-fast_5" eclass="HBEFA3/PC_G_EU4" CO2="14822.71" CO="232.11" HC="1.42" NOx="6.36" PMx="0.34" fuel="6.37" electricity="0.00" noise="75.20" route="routebottom" type="cfm-fast" waiting="0.00" lane="right_0" pos="38.72" speed="23.89" angle="294.86" x="87.52" y="127.98"/>
        <vehicle id="cfm-slow_0" eclass="HBEFA3/PC_G_EU4" CO2="23170.88" CO="408.88" HC="2.44" NOx="10.26" PMx="0.56" fuel="9.96" electricity="0.00" noise="80.02" route="routetop" type="cfm-slow" waiting="0.00" lane="top_0" pos="3.89" speed="25.54" angle="267.54" x="55.22" y="131.76"/>
        <vehicle id="cfm-slow_1" eclass="HBEFA3/PC_G_EU4" CO2="26555.04" CO="491.95" HC="2.90" NOx="11.79" PMx="0.66" fuel="11.41" electricity="0.00" noise="81.65" route="routetop" type="cfm-slow" waiting="0.00" lane="top_0" pos="24.75" speed="28.31" angle="229.97" x="15.54" y="112.55"/>
        <vehicle id="cfm-slow_2" eclass="HBEFA3/PC_G_EU4" CO2="21611.07" CO="410.08" HC="2.41" NOx="9.40" PMx="0.54" fuel="9.29" electricity="0.00" noise="79.27" route="routetop" type="cfm-slow" waiting="0.00" lane="top_0" pos="48.44" speed="31.10" angle="187.32" x="-4.85" y="67.11"/>
        <vehicle id="cfm-slow_3" eclass="HBEFA3/PC_G_EU4" CO2="0.00" CO="0.00" HC="0.00" NOx="0.00" PMx="0.00" fuel="0.00" electricity="0.00" noise="75.08" route="routetop" type="cfm-slow" waiting="0.00" lane="left_0" pos="24.91" speed="32.80" angle="139.67" x="15.02" y="15.29"/>
        <vehicle id="cfm-slow_4" eclass="HBEFA3/PC_G_EU4" CO2="0.00" CO="0.00" HC="0.00" NOx="0.00" PMx="0.00" fuel="0.00" electricity="0.00" noise="73.39" route="routebottom" type="cfm-slow" waiting="0.00" lane="bottom_0" pos="2.97" speed="32.44" angle="89.16" x="70.14" y="-4.63"/>
        <vehicle id="cfm-slow_5" eclass="HBEFA3/PC_G_EU4" CO2="0.00" CO="0.00" HC="0.00" NOx="0.00" PMx="0.00" fuel="0.00" electricity="0.00" noise="72.13" route="routebottom" type="cfm-slow" waiting="0.00" lane="bottom_0" pos="30.48" speed="30.02" angle="39.62" x="119.75" y="24.16"/>
    </timestep>
    <timestep time="5.84">
        <vehicle id="cfm-fast_0" eclass="HBEFA3/PC_G_EU4" CO2="169764.63" CO="3945.25" HC="22.25" NOx="78.83" PMx="4.63" fuel="72.97" electricity="0.00" noise="126.67" route="routebottom" type="cfm-fast" waiting="0.00" lane="right_1" pos="32.16" speed="56.64" angle="306.64" x="98.38" y="118.98"/>
        <vehicle id="cfm-fast_1" eclass="HBEFA3/PC_G_EU4" CO2="0.00" CO="0.00" HC="0.00" NOx="0.00" PMx="0.00" fuel="0.00" electricity="0.00" noise="70.59" route="routebottom" type="cfm-fast" waiting="0.00" lane="right_0" pos="5.82" speed="26.60" angle="353.95" x="131.11" y="76.21"/>
        <vehicle id="cfm-fast_2" eclass="HBEFA3/PC_G_EU4" CO2="215385.65" CO="5221.79" HC="29.23" NOx="100.21" PMx="5.97" fuel="92.58" electricity="0.00" noise="134.27" route="routetop" type="cfm-fast" waiting="0.00" lane="top_1" pos="30.96" speed="66.61" angle="218.73" x="9.70" y="100.43"/>
        <vehicle id="cfm-fast_3" eclass="HBEFA3/PC_G_EU4" CO2="0.00" CO="0.00" HC="0.00" NOx="0.00" PMx="0.00" fuel="0.00" electricity="0.00" noise="70.74" route="routebottom" type="cfm-fast" waiting="0.00" lane="right_0" pos="23.50" speed="24.26" angle="322.17" x="114.39" y="109.84"/>
        <vehicle id="cfm-fast_4" eclass="HBEFA3/PC_G_EU4" CO2="113555.34" CO="3563.28" HC="19.19" NOx="52.03" PMx="3.49" fuel="48.81" electricity="0.00" noise="108.34" route="routetop" type="cfm-fast" waiting="0.00" lane="left_1" pos="39.97" speed="76.97" angle="112.55" x="43.41" y="1.58"/>
        <vehicle id="cfm-fast_5" eclass="HBEFA3/PC_G_EU4" CO2="14890.78" CO="233.55" HC="1.43" NOx="6.39" PMx="0.34" fuel="6.40" electricity="0.00" noise="75.24" route="routebottom" type="cfm-fast" waiting="0.00" lane="right_0" pos="38.96" speed="23.91" angle="294.43" x="87.04" y="128.16"/>
        <vehicle id="cfm-slow_0" eclass="HBEFA3/PC_G_EU4" CO2="23201.16" CO="409.61" HC="2.44" NOx="10.27" PMx="0.57" fuel="9.97" electricity="0.00" noise="80.04" route="routetop" type="cfm-slow" waiting="0.00" lane="top_0" pos="4.14" speed="25.57" angle="267.08" x="54.68" y="131.68"/>
        <vehicle id="cfm-slow_1" eclass="HBEFA3/PC_G_EU4" CO2="26512.86" CO="491.25" HC="2.90" NOx="11.77" PMx="0.66" fuel="11.40" electricity="0.00" noise="81.62" route="routetop" type="cfm-slow" waiting="0.00" lane="top_0" pos="25.03" speed="28.34" angle="229.45" x="15.11" y="112.12"/>
        <vehicle id="cfm-slow_2" eclass="HBEFA3/PC_G_EU4" CO2="21466.80" CO="407.27" HC="2.40" NOx="9.33" PMx="0.54" fuel="9.23" electricity="0.00" noise="79.21" route="routetop" type="cfm-slow" waiting="0.00" lane="top_0" pos="48.75" speed="31.12" angle="186.79" x="-4.89" y="66.44"/>
        <vehicle id="cfm-slow_3" eclass="HBEFA3/PC_G_EU4" CO2="0.00" CO="0.00" HC="0.00" NOx="0.00" PMx="0.00" fuel="0.00" electricity="0.00" noise="75.05" route="routetop" type="cfm-slow" waiting="0.00" lane="left_0" pos="25.24" speed="32.80" angle="139.06" x="15.52" y="14.79"/>
        <vehicle id="cfm-slow_4" eclass="HBEFA3/PC_G_EU4" CO2="0.00" CO="0.00" HC="0.00" NOx="0.00" PMx="0.00" fuel="0.00" electricity="0.00" noise="73.38" route="routebottom" type="cfm-slow" waiting="0.00" lane="bottom_0" pos="3.30" speed="32.42" angle="88.58" x="70.84" y="-4.56"/>
        <vehicle id="cfm-slow_5" eclass="HBEFA3/PC_G_EU4" CO2="0.00" CO="0.00" HC="0.00" NOx="0.00" PMx="0.00" fuel="0.00" electricity="0.00" noise="72.11" route="routebottom" type="cfm-slow" waiting="0.00" lane="bottom_0" pos="30.78" speed="29.99" angle="39.13" x="120.12" y="24.69"/>
    </timestep>
    <timestep time="5.85">
        <vehicle id="cfm-fast_0" eclass="HBEFA3/PC_G_EU4" CO2="170174.37" CO="3956.69" HC="22.31" NOx="79.02" PMx="4.65" fuel="73.15" electricity="0.00" noise="126.74" route="routebottom" type="cfm-fast" waiting="0.00" lane="right_1" pos="32.73" speed="56.74" angle="305.61" x="97.38" y="119.58"/>
        <vehicle id="cfm-fast_1" eclass="HBEFA3/PC_G_EU4" CO2="0.00" CO="0.00" HC="0.00" NOx="0.00" PMx="0.00" fuel="0.00" electricity="0.00" noise="70.59" route="routebottom" type="cfm-fast" waiting="0.00" lane="right_0" pos="6.09" speed="26.58" angle="353.46" x="131.00" y="76.77"/>
        <vehicle id="cfm-fast_2" eclass="HBEFA3/PC_G_EU4" CO2="214607.97" CO="5209.84" HC="29.16" NOx="99.84" PMx="5.95" fuel="92.25" electricity="0.00" noise="134.02" route="routetop" type="cfm-fast" waiting="0.00" lane="top_1" pos="31.63" speed="66.72" angle="217.53" x="8.94" y="99.29"/>
        <vehicle id="cfm-fast_3" eclass="HBEFA3/PC_G_EU4" CO2="0.00" CO="0.00" HC="0.00" NOx="0.00" PMx="0.00" fuel="0.00" electricity="0.00" noise="70.77" route="routebottom" type="cfm-fast" waiting="0.00" lane="right_0" pos="23.75" speed="24.26" angle="321.73" x="114.04" y="110.22"/>
        <vehicle id="cfm-fast_4" eclass="HBEFA3/PC_G_EU4" CO2="110411.26" CO="3500.20" HC="18.82" NOx="50.54" PMx="3.41" fuel="47.46" electricity="0.00" noise="107.66" route="routetop" type="cfm-fast" waiting="0.00" lane="left_1" pos="40.74" speed="77.00" angle="111.12" x="44.92" y="1.11"/>
        <vehicle id="cfm-fast_5" eclass="HBEFA3/PC_G_EU4" CO2="14958.61" CO="234.99" HC="1.44" NOx="6.42" PMx="0.35" fuel="6.43" electricity="0.00" noise="75.28" route="routebottom" type="cfm-fast" waiting="0.00" lane="right_0" pos="39.20" speed="23.93" angle="294.00" x="86.55" y="128.33"/>
        <vehicle id="cfm-slow_0" eclass="HBEFA3/PC_G_EU4" CO2="23230.86" CO="410.33" HC="2.45" NOx="10.29" PMx="0.57" fuel="9.99" electricity="0.00" noise="80.05" route="routetop" type="cfm-slow" waiting="0.00" lane="top_0" pos="4.40" speed="25.59" angle="266.62" x="54.13" y="131.60"/>
        <vehicle id="cfm-slow_1" eclass="HBEFA3/PC_G_EU4" CO2="26469.76" CO="490.54" HC="2.90" NOx="11.75" PMx="0.66" fuel="11.38" electricity="0.00" noise="81.60" route="routetop" type="cfm-slow" waiting="0.00" lane="top_0" pos="25.32" speed="28.37" angle="228.93" x="14.68" y="111.69"/>
        <vehicle id="cfm-slow_2" eclass="HBEFA3/PC_G_EU4" CO2="21322.05" CO="404.44" HC="2.38" NOx="9.26" PMx="0.54" fuel="9.17" electricity="0.00" noise="79.15" route="routetop" type="cfm-slow" waiting="0.00" lane="top_0" pos="49.06" speed="31.14" angle="186.22" x="-4.90" y="65.77"/>
        <vehicle id="cfm-slow_3" eclass="HBEFA3/PC_G_EU4" CO2="0.00" CO="0.00" HC="0.00" NOx="0.00" PMx="0.00" fuel="0.00" electricity="0.00" noise="75.02" route="routetop" type="cfm-slow" waiting="0.00" lane="left_0" pos="25.57" speed="32.80" angle="138.49" x="16.02" y="14.29"/>
        <vehicle id="cfm-slow_4" eclass="HBEFA3/PC_G_EU4" CO2="0.00" CO="0.00" HC="0.00" NOx="0.00" PMx="0.00" fuel="0.00" electricity="0.00" noise="73.37" route="routebottom" type="cfm-slow" waiting="0.00" lane="bottom_0" pos="3.62" speed="32.40" angle="88.00" x="71.53" y="-4.49"/>
        <vehicle id="cfm-slow_5" eclass="HBEFA3/PC_G_EU4" CO2="0.00" CO="0.00" HC="0.00" NOx="0.00" PMx="0.00" fuel="0.00" electricity="0.00" noise="72.10" route="routebottom" type="cfm-slow" waiting="0.00" lane="bottom_0" pos="31.08" speed="29.96" angle="38.59" x="120.48" y="25.22"/>
    </timestep>
    <timestep time="5.86">
        <vehicle id="cfm-fast_0" eclass="HBEFA3/PC_G_EU4" CO2="170575.09" CO="3967.96" HC="22.37" NOx="79.21" PMx="4.66" fuel="73.32" electricity="0.00" noise="126.80" route="routebottom" type="cfm-fast" waiting="0.00" lane="right_1" pos="33.30" speed="56.85" angle="304.61" x="96.38" y="120.18"/>
        <vehicle id="cfm-fast_1" eclass="HBEFA3/PC_G_EU4" CO2="0.00" CO="0.00" HC="0.00" NOx="0.00" PMx="0.00" fuel="0.00" electricity="0.00" noise="70.58" route="routebottom" type="cfm-fast" waiting="0.00" lane="right_0" pos="6.35" speed="26.56" angle="353.01" x="130.90" y="77.33"/>
        <vehicle id="cfm-fast_2" eclass="HBEFA3/PC_G_EU4" CO2="213808.92" CO="5197.44" HC="29.08" NOx="99.46" PMx="5.93" fuel="91.91" electricity="0.00" noise="133.77" route="routetop" type="cfm-fast" waiting="0.00" lane="top_1" pos="32.30" speed="66.83" angle="216.39" x="8.20" y="98.14"/>
        <vehicle id="cfm-fast_3" eclass="HBEFA3/PC_G_EU4" CO2="0.00" CO="0.00" HC="0.00" NOx="0.00" PMx="0.00" fuel="0.00" electricity="0.00" noise="70.79" route="routebottom" type="cfm-fast" waiting="0.00" lane="right_0" pos="23.99" speed="24.26" angle="321.29" x="113.68" y="110.61"/>
        <vehicle id="cfm-fast_4" eclass="HBEFA3/PC_G_EU4" CO2="107332.48" CO="3438.40" HC="18.46" NOx="49.09" PMx="3.33" fuel="46.14" electricity="0.00" noise="106.99" route="routetop" type="cfm-fast" waiting="0.00" lane="left_1" pos="41.51" speed="77.03" angle="109.76" x="46.44" y="0.68"/>
        <vehicle id="cfm-fast_5" eclass="HBEFA3/PC_G_EU4" CO2="15026.19" CO="236.42" HC="1.45" NOx="6.45" PMx="0.35" fuel="6.46" electricity="0.00" noise="75.32" route="routebottom" type="cfm-fast" waiting="0.00" lane="right_0" pos="39.44" speed="23.95" angle="293.56" x="86.07" y="128.51"/>
        <vehicle id="cfm-slow_0" eclass="HBEFA3/PC_G_EU4" CO2="23259.98" CO="411.03" HC="2.45" NOx="10.30" PMx="0.57" fuel="10.00" electricity="0.00" noise="80.07" route="routetop" type="cfm-slow" waiting="0.00" lane="top_0" pos="4.66" speed="25.62" angle="266.15" x="53.59" y="131.52"/>
        <vehicle id="cfm-slow_1" eclass="HBEFA3/PC_G_EU4" CO2="26425.76" CO="489.81" HC="2.89" NOx="11.73" PMx="0.66" fuel="11.36" electricity="0.00" noise="81.57" route="routetop" type="cfm-slow" waiting="0.00" lane="top_0" pos="25.60" speed="28.40" angle="228.45" x="14.25" y="111.26"/>
        <vehicle id="cfm-slow_2" eclass="HBEFA3/PC_G_EU4" CO2="21176.84" CO="401.61" HC="2.36" NOx="9.19" PMx="0.53" fuel="9.10" electricity="0.00" noise="79.09" route="routetop" type="cfm-slow" waiting="0.00" lane="top_0" pos="49.38" speed="31.16" angle="185.65" x="-4.92" y="65.10"/>
        <vehicle id="cfm-slow_3" eclass="HBEFA3/PC_G_EU4" CO2="0.00" CO="0.00" HC="0.00" NOx="0.00" PMx="0.00" fuel="0.00" electricity="0.00" noise="74.99" route="routetop" type="cfm-slow" waiting="0.00" lane="left_0" pos="25.90" speed="32.80" angle="137.92" x="16.53" y="13.81"/>
        <vehicle id="cfm-slow_4" eclass="HBEFA3/PC_G_EU4" CO2="0.00" CO="0.00" HC="0.00" NOx="0.00" PMx="0.00" fuel="0.00" electricity="0.00" noise="73.36" route="routebottom" type="cfm-slow" waiting="0.00" lane="bottom_0" pos="3.94" speed="32.38" angle="87.43" x="72.22" y="-4.41"/>
        <vehicle id="cfm-slow_5" eclass="HBEFA3/PC_G_EU4" CO2="0.00" CO="0.00" HC="0.00" NOx="0.00" PMx="0.00" fuel="0.00" electricity="0.00" noise="72.09" route="routebottom" type="cfm-slow" waiting="0.00" lane="bottom_0" pos="31.37" speed="29.93" angle="38.05" x="120.84" y="25.76"/>
    </timestep>
    <timestep time="5.87">
        <vehicle id="cfm-fast_0" eclass="HBEFA3/PC_G_EU4" CO2="170966.67" CO="3979.04" HC="22.43" NOx="79.40" PMx="4.67" fuel="73.49" electricity="0.00" noise="126.87" route="routebottom" type="cfm-fast" waiting="0.00" lane="right_1" pos="33.87" speed="56.95" angle="303.58" x="95.36" y="120.75"/>
        <vehicle id="cfm-fast_1" eclass="HBEFA3/PC_G_EU4" CO2="0.00" CO="0.00" HC="0.00" NOx="0.00" PMx="0.00" fuel="0.00" electricity="0.00" noise="70.57" route="routebottom" type="cfm-fast" waiting="0.00" lane="right_0" pos="6.62" speed="26.54" angle="352.53" x="130.78" y="77.89"/>
        <vehicle id="cfm-fast_2" eclass="HBEFA3/PC_G_EU4" CO2="212989.12" CO="5184.58" HC="29.00" NOx="99.08" PMx="5.91" fuel="91.55" electricity="0.00" noise="133.52" route="routetop" type="cfm-fast" waiting="0.00" lane="top_1" pos="32.97" speed="66.93" angle="215.17" x="7.49" y="96.97"/>
        <vehicle id="cfm-fast_3" eclass="HBEFA3/PC_G_EU4" CO2="0.00" CO="0.00" HC="0.00" NOx="0.00" PMx="0.00" fuel="0.00" electricity="0.00" noise="70.81" route="routebottom" type="cfm-fast" waiting="0.00" lane="right_0" pos="24.23" speed="24.26" angle="320.86" x="113.33" y="110.99"/>
        <vehicle id="cfm-fast_4" eclass="HBEFA3/PC_G_EU4" CO2="104318.22" CO="3377.86" HC="18.11" NOx="47.67" PMx="3.25" fuel="44.84" electricity="0.00" noise="106.34" route="routetop" type="cfm-fast" waiting="0.00" lane="left_1" pos="42.28" speed="77.07" angle="108.40" x="47.96" y="0.27"/>
        <vehicle id="cfm-fast_5" eclass="HBEFA3/PC_G_EU4" CO2="15093.52" CO="237.85" HC="1.46" NOx="6.48" PMx="0.35" fuel="6.49" electricity="0.00" noise="75.36" route="routebottom" type="cfm-fast" waiting="0.00" lane="right_0" pos="39.68" speed="23.96" angle="293.15" x="85.58" y="128.68"/>
        <vehicle id="cfm-slow_0" eclass="HBEFA3/PC_G_EU4" CO2="23288.51" CO="411.72" HC="2.45" NOx="10.31" PMx="0.57" fuel="10.01" electricity="0.00" noise="80.08" route="routetop" type="cfm-slow" waiting="0.00" lane="top_0" pos="4.91" speed="25.65" angle="265.69" x="53.04" y="131.44"/>
        <vehicle id="cfm-slow_1" eclass="HBEFA3/PC_G_EU4" CO2="26380.85" CO="489.05" HC="2.89" NOx="11.71" PMx="0.66" fuel="11.34" electricity="0.00" noise="81.54" route="routetop" type="cfm-slow" waiting="0.00" lane="top_0" pos="25.88" speed="28.43" angle="227.95" x="13.83" y="110.81"/>
        <vehicle id="cfm-slow_2" eclass="HBEFA3/PC_G_EU4" CO2="21031.18" CO="398.76" HC="2.35" NOx="9.13" PMx="0.53" fuel="9.04" electricity="0.00" noise="79.03" route="routetop" type="cfm-slow" waiting="0.00" lane="top_0" pos="49.69" speed="31.17" angle="185.08" x="-4.93" y="64.43"/>
        <vehicle id="cfm-slow_3" eclass="HBEFA3/PC_G_EU4" CO2="0.00" CO="0.00" HC="0.00" NOx="0.00" PMx="0.00" fuel="0.00" electricity="0.00" noise="74.95" route="routetop" type="cfm-slow" waiting="0.00" lane="left_0" pos="26.22" speed="32.80" angle="137.31" x="17.05" y="13.33"/>
        <vehicle id="cfm-slow_4" eclass="HBEFA3/PC_G_EU4" CO2="0.00" CO="0.00" HC="0.00" NOx="0.00" PMx="0.00" fuel="0.00" electricity="0.00" noise="73.34" route="routebottom" type="cfm-slow" waiting="0.00" lane="bottom_0" pos="4.27" speed="32.36" angle="86.85" x="72.91" y="-4.31"/>
        <vehicle id="cfm-slow_5" eclass="HBEFA3/PC_G_EU4" CO2="0.00" CO="0.00" HC="0.00" NOx="0.00" PMx="0.00" fuel="0.00" electricity="0.00" noise="72.07" route="routebottom" type="cfm-slow" waiting="0.00" lane="bottom_0" pos="31.67" speed="29.90" angle="37.51" x="121.20" y="26.29"/>
    </timestep>
    <timestep time="5.88">
        <vehicle id="cfm-fast_0" eclass="HBEFA3/PC_G_EU4" CO2="171349.01" CO="3989.95" HC="22.49" NOx="79.57" PMx="4.68" fuel="73.65" electricity="0.00" noise="126.93" route="routebottom" type="cfm-fast" waiting="0.00" lane="right_1" pos="34.44" speed="57.05" angle="302.54" x="94.34" y="121.31"/>
        <vehicle id="cfm-fast_1" eclass="HBEFA3/PC_G_EU4" CO2="0.00" CO="0.00" HC="0.00" NOx="0.00" PMx="0.00" fuel="0.00" electricity="0.00" noise="70.57" route="routebottom" type="cfm-fast" waiting="0.00" lane="right_0" pos="6.88" speed="26.52" angle="352.03" x="130.65" y="78.45"/>
        <vehicle id="cfm-fast_2" eclass="HBEFA3/PC_G_EU4" CO2="212149.20" CO="5171.30" HC="28.92" NOx="98.68" PMx="5.89" fuel="91.19" electricity="0.00" noise="133.26" route="routetop" type="cfm-fast" waiting="0.00" lane="top_1" pos="33.64" speed="67.04" angle="214.00" x="6.80" y="95.78"/>
        <vehicle id="cfm-fast_3" eclass="HBEFA3/PC_G_EU4" CO2="0.00" CO="0.00" HC="0.00" NOx="0.00" PMx="0.00" fuel="0.00" electricity="0.00" noise="70.83" route="routebottom" type="cfm-fast" waiting="0.00" lane="right_0" pos="24.47" speed="24.26" angle="320.46" x="112.97" y="111.36"/>
        <vehicle id="cfm-fast_4" eclass="HBEFA3/PC_G_EU4" CO2="101367.71" CO="3318.55" HC="17.77" NOx="46.28" PMx="3.18" fuel="43.57" electricity="0.00" noise="105.70" route="routetop" type="cfm-fast" waiting="0.00" lane="left_1" pos="43.05" speed="77.10" angle="107.03" x="49.50" y="-0.08"/>
        <vehicle id="cfm-fast_5" eclass="HBEFA3/PC_G_EU4" CO2="15160.60" CO="239.27" HC="1.47" NOx="6.51" PMx="0.35" fuel="6.52" electricity="0.00" noise="75.40" route="routebottom" type="cfm-fast" waiting="0.00" lane="right_0" pos="39.92" speed="23.98" angle="292.75" x="85.09" y="128.84"/>
        <vehicle id="cfm-slow_0" eclass="HBEFA3/PC_G_EU4" CO2="23316.45" CO="412.41" HC="2.46" NOx="10.32" PMx="0.57" fuel="10.02" electricity="0.00" noise="80.10" route="routetop" type="cfm-slow" waiting="0.00" lane="top_0" pos="5.17" speed="25.68" angle="265.18" x="52.50" y="131.36"/>
        <vehicle id="cfm-slow_1" eclass="HBEFA3/PC_G_EU4" CO2="26335.04" CO="488.28" HC="2.88" NOx="11.69" PMx="0.66" fuel="11.32" electricity="0.00" noise="81.52" route="routetop" type="cfm-slow" waiting="0.00" lane="top_0" pos="26.17" speed="28.46" angle="227.42" x="13.41" y="110.36"/>
        <vehicle id="cfm-slow_2" eclass="HBEFA3/PC_G_EU4" CO2="20885.09" CO="395.90" HC="2.33" NOx="9.06" PMx="0.53" fuel="8.98" electricity="0.00" noise="78.98" route="routetop" type="cfm-slow" waiting="0.00" lane="top_0" pos="50.00" speed="31.19" angle="184.56" x="-4.95" y="63.76"/>
        <vehicle id="cfm-slow_3" eclass="HBEFA3/PC_G_EU4" CO2="0.00" CO="0.00" HC="0.00" NOx="0.00" PMx="0.00" fuel="0.00" electricity="0.00" noise="74.92" route="routetop" type="cfm-slow" waiting="0.00" lane="left_0" pos="26.55" speed="32.79" angle="136.70" x="17.57" y="12.85"/>
        <vehicle id="cfm-slow_4" eclass="HBEFA3/PC_G_EU4" CO2="0.00" CO="0.00" HC="0.00" NOx="0.00" PMx="0.00" fuel="0.00" electricity="0.00" noise="73.33" route="routebottom" type="cfm-slow" waiting="0.00" lane="bottom_0" pos="4.59" speed="32.33" angle="86.26" x="73.60" y="-4.22"/>
        <vehicle id="cfm-slow_5" eclass="HBEFA3/PC_G_EU4" CO2="0.00" CO="0.00" HC="0.00" NOx="0.00" PMx="0.00" fuel="0.00" electricity="0.00" noise="72.06" route="routebottom" type="cfm-slow" waiting="0.00" lane="bottom_0" pos="31.97" speed="29.87" angle="37.00" x="121.56" y="26.82"/>
    </timestep>
    <timestep time="5.89">
        <vehicle id="cfm-fast_0" eclass="HBEFA3/PC_G_EU4" CO2="171722.01" CO="4000.67" HC="22.55" NOx="79.75" PMx="4.69" fuel="73.81" electricity="0.00" noise="126.98" route="routebottom" type="cfm-fast" waiting="0.00" lane="right_1" pos="35.01" speed="57.15" angle="301.54" x="93.30" y="121.85"/>
        <vehicle id="cfm-fast_1" eclass="HBEFA3/PC_G_EU4" CO2="0.00" CO="0.00" HC="0.00" NOx="0.00" PMx="0.00" fuel="0.00" electricity="0.00" noise="70.56" route="routebottom" type="cfm-fast" waiting="0.00" lane="right_0" pos="7.15" speed="26.50" angle="351.53" x="130.52" y="79.00"/>
        <vehicle id="cfm-fast_2" eclass="HBEFA3/PC_G_EU4" CO2="211289.77" CO="5157.60" HC="28.84" NOx="98.27" PMx="5.87" fuel="90.82" electricity="0.00" noise="133.00" route="routetop" type="cfm-fast" waiting="0.00" lane="top_1" pos="34.31" speed="67.14" angle="212.78" x="6.13" y="94.57"/>
        <vehicle id="cfm-fast_3" eclass="HBEFA3/PC_G_EU4" CO2="0.00" CO="0.00" HC="0.00" NOx="0.00" PMx="0.00" fuel="0.00" electricity="0.00" noise="70.86" route="routebottom" type="cfm-fast" waiting="0.00" lane="right_0" pos="24.72" speed="24.25" angle="320.01" x="112.60" y="111.73"/>
        <vehicle id="cfm-fast_4" eclass="HBEFA3/PC_G_EU4" CO2="98480.17" CO="3260.48" HC="17.44" NOx="44.91" PMx="3.10" fuel="42.33" electricity="0.00" noise="105.08" route="routetop" type="cfm-fast" waiting="0.00" lane="left_1" pos="43.83" speed="77.13" angle="105.68" x="51.05" y="-0.41"/>
        <vehicle id="cfm-fast_5" eclass="HBEFA3/PC_G_EU4" CO2="15227.41" CO="240.69" HC="1.47" NOx="6.54" PMx="0.35" fuel="6.55" electricity="0.00" noise="75.44" route="routebottom" type="cfm-fast" waiting="0.00" lane="right_0" pos="40.16" speed="24.00" angle="292.29" x="84.60" y="129.00"/>
        <vehicle id="cfm-slow_0" eclass="HBEFA3/PC_G_EU4" CO2="23343.80" CO="413.08" HC="2.46" NOx="10.34" PMx="0.57" fuel="10.03" electricity="0.00" noise="80.11" route="routetop" type="cfm-slow" waiting="0.00" lane="top_0" pos="5.43" speed="25.71" angle="264.70" x="51.95" y="131.26"/>
        <vehicle id="cfm-slow_1" eclass="HBEFA3/PC_G_EU4" CO2="26288.32" CO="487.49" HC="2.88" NOx="11.66" PMx="0.66" fuel="11.30" electricity="0.00" noise="81.49" route="routetop" type="cfm-slow" waiting="0.00" lane="top_0" pos="26.45" speed="28.48" angle="226.89" x="13.00" y="109.91"/>
        <vehicle id="cfm-slow_2" eclass="HBEFA3/PC_G_EU4" CO2="20738.56" CO="393.04" HC="2.31" NOx="8.99" PMx="0.52" fuel="8.91" electricity="0.00" noise="78.92" route="routetop" type="cfm-slow" waiting="0.00" lane="left_0" pos="0.31" speed="31.21" angle="183.91" x="-4.93" y="62.90"/>
        <vehicle id="cfm-slow_3" eclass="HBEFA3/PC_G_EU4" CO2="0.00" CO="0.00" HC="0.00" NOx="0.00" PMx="0.00" fuel="0.00" electricity="0.00" noise="74.89" route="routetop" type="cfm-slow" waiting="0.00" lane="left_0" pos="26.88" speed="32.79" angle="136.14" x="18.09" y="12.37"/>
        <vehicle id="cfm-slow_4" eclass="HBEFA3/PC_G_EU4" CO2="0.00" CO="0.00" HC="0.00" NOx="0.00" PMx="0.00" fuel="0.00" electricity="0.00" noise="73.32" route="routebottom" type="cfm-slow" waiting="0.00" lane="bottom_0" pos="4.91" speed="32.31" angle="85.68" x="74.29" y="-4.12"/>
        <vehicle id="cfm-slow_5" eclass="HBEFA3/PC_G_EU4" CO2="0.00" CO="0.00" HC="0.00" NOx="0.00" PMx="0.00" fuel="0.00" electricity="0.00" noise="72.05" route="routebottom" type="cfm-slow" waiting="0.00" lane="bottom_0" pos="32.27" speed="29.84" angle="36.49" x="121.89" y="27.37"/>
    </timestep>
    <timestep time="5.90">
        <vehicle id="cfm-fast_0" eclass="HBEFA3/PC_G_EU4" CO2="172085.55" CO="4011.21" HC="22.61" NOx="79.92" PMx="4.70" fuel="73.97" electricity="0.00" noise="127.04" route="routebottom" type="cfm-fast" waiting="0.00" lane="right_1" pos="35.58" speed="57.25" angle="300.47" x="92.25" y="122.38"/>
        <vehicle id="cfm-fast_1" eclass="HBEFA3/PC_G_EU4" CO2="0.00" CO="0.00" HC="0.00" NOx="0.00" PMx="0.00" fuel="0.00" electricity="0.00" noise="70.55" route="routebottom" type="cfm-fast" waiting="0.00" lane="right_0" pos="7.41" speed="26.48" angle="351.04" x="130.40" y="79.56"/>
        <vehicle id="cfm-fast_2" eclass="HBEFA3/PC_G_EU4" CO2="210411.44" CO="5143.49" HC="28.75" NOx="97.86" PMx="5.85" fuel="90.45" electricity="0.00" noise="132.74" route="routetop" type="cfm-fast" waiting="0.00" lane="top_1" pos="34.98" speed="67.24" angle="211.61" x="5.50" y="93.35"/>
        <vehicle id="cfm-fast_3" eclass="HBEFA3/PC_G_EU4" CO2="0.00" CO="0.00" HC="0.00" NOx="0.00" PMx="0.00" fuel="0.00" electricity="0.00" noise="70.88" route="routebottom" type="cfm-fast" waiting="0.00" lane="right_0" pos="24.96" speed="24.25" angle="319.56" x="112.23" y="112.10"/>
        <vehicle id="cfm-fast_4" eclass="HBEFA3/PC_G_EU4" CO2="95654.81" CO="3203.62" HC="17.11" NOx="43.58" PMx="3.03" fuel="41.12" electricity="0.00" noise="104.47" route="routetop" type="cfm-fast" waiting="0.00" lane="left_1" pos="44.60" speed="77.16" angle="104.24" x="52.61" y="-0.70"/>
        <vehicle id="cfm-fast_5" eclass="HBEFA3/PC_G_EU4" CO2="15293.97" CO="242.11" HC="1.48" NOx="6.58" PMx="0.36" fuel="6.57" electricity="0.00" noise="75.47" route="routebottom" type="cfm-fast" waiting="0.00" lane="right_0" pos="40.40" speed="24.02" angle="291.83" x="84.11" y="129.15"/>
        <vehicle id="cfm-slow_0" eclass="HBEFA3/PC_G_EU4" CO2="23370.56" CO="413.73" HC="2.47" NOx="10.35" PMx="0.57" fuel="10.05" electricity="0.00" noise="80.12" route="routetop" type="cfm-slow" waiting="0.00" lane="top_0" pos="5.68" speed="25.74" angle="264.22" x="51.41" y="131.16"/>
        <vehicle id="cfm-slow_1" eclass="HBEFA3/PC_G_EU4" CO2="26240.71" CO="486.69" HC="2.87" NOx="11.64" PMx="0.65" fuel="11.28" electricity="0.00" noise="81.46" route="routetop" type="cfm-slow" waiting="0.00" lane="top_0" pos="26.74" speed="28.51" angle="226.36" x="12.58" y="109.46"/>
        <vehicle id="cfm-slow_2" eclass="HBEFA3/PC_G_EU4" CO2="20591.62" CO="390.16" HC="2.30" NOx="8.92" PMx="0.52" fuel="8.85" electricity="0.00" noise="78.86" route="routetop" type="cfm-slow" waiting="0.00" lane="left_0" pos="0.62" speed="31.23" angle="183.35" x="-4.92" y="62.23"/>
        <vehicle id="cfm-slow_3" eclass="HBEFA3/PC_G_EU4" CO2="0.00" CO="0.00" HC="0.00" NOx="0.00" PMx="0.00" fuel="0.00" electricity="0.00" noise="74.87" route="routetop" type="cfm-slow" waiting="0.00" lane="left_0" pos="27.21" speed="32.79" angle="135.54" x="18.63" y="11.91"/>
        <vehicle id="cfm-slow_4" eclass="HBEFA3/PC_G_EU4" CO2="0.00" CO="0.00" HC="0.00" NOx="0.00" PMx="0.00" fuel="0.00" electricity="0.00" noise="73.31" route="routebottom" type="cfm-slow" waiting="0.00" lane="bottom_0" pos="5.24" speed="32.29" angle="85.05" x="74.98" y="-4.01"/>
        <vehicle id="cfm-slow_5" eclass="HBEFA3/PC_G_EU4" CO2="0.00" CO="0.00" HC="0.00" NOx="0.00" PMx="0.00" fuel="0.00" electricity="0.00" noise="72.03" route="routebottom" type="cfm-slow" waiting="0.00" lane="bottom_0" pos="32.57" speed="29.81" angle="35.93" x="122.22" y="27.92"/>
    </timestep>
    <timestep time="5.91">
        <vehicle id="cfm-fast_0" eclass="HBEFA3/PC_G_EU4" CO2="172439.55" CO="4021.55" HC="22.66" NOx="80.08" PMx="4.71" fuel="74.12" electricity="0.00" noise="127.09" route="routebottom" type="cfm-fast" waiting="0.00" lane="right_1" pos="36.16" speed="57.35" angle="299.45" x="91.19" y="122.88"/>
        <vehicle id="cfm-fast_1" eclass="HBEFA3/PC_G_EU4" CO2="0.00" CO="0.00" HC="0.00" NOx="0.00" PMx="0.00" fuel="0.00" electricity="0.00" noise="70.55" route="routebottom" type="cfm-fast" waiting="0.00" lane="right_0" pos="7.68" speed="26.46" angle="350.61" x="130.27" y="80.11"/>
        <vehicle id="cfm-fast_2" eclass="HBEFA3/PC_G_EU4" CO2="209514.81" CO="5128.98" HC="28.66" NOx="97.43" PMx="5.83" fuel="90.06" electricity="0.00" noise="132.47" route="routetop" type="cfm-fast" waiting="0.00" lane="top_1" pos="35.66" speed="67.35" angle="210.38" x="4.88" y="92.11"/>
        <vehicle id="cfm-fast_3" eclass="HBEFA3/PC_G_EU4" CO2="0.00" CO="0.00" HC="0.00" NOx="0.00" PMx="0.00" fuel="0.00" electricity="0.00" noise="70.90" route="routebottom" type="cfm-fast" waiting="0.00" lane="right_0" pos="25.20" speed="24.25" angle="319.11" x="111.86" y="112.47"/>
        <vehicle id="cfm-fast_4" eclass="HBEFA3/PC_G_EU4" CO2="92890.86" CO="3147.96" HC="16.78" NOx="42.27" PMx="2.96" fuel="39.93" electricity="0.00" noise="103.87" route="routetop" type="cfm-fast" waiting="0.00" lane="left_1" pos="45.37" speed="77.18" angle="102.89" x="54.17" y="-0.95"/>
        <vehicle id="cfm-fast_5" eclass="HBEFA3/PC_G_EU4" CO2="15360.26" CO="243.51" HC="1.49" NOx="6.61" PMx="0.36" fuel="6.60" electricity="0.00" noise="75.51" route="routebottom" type="cfm-fast" waiting="0.00" lane="right_0" pos="40.64" speed="24.04" angle="291.37" x="83.61" y="129.30"/>
        <vehicle id="cfm-slow_0" eclass="HBEFA3/PC_G_EU4" CO2="23396.72" CO="414.38" HC="2.47" NOx="10.36" PMx="0.57" fuel="10.06" electricity="0.00" noise="80.13" route="routetop" type="cfm-slow" waiting="0.00" lane="top_0" pos="5.94" speed="25.76" angle="263.74" x="50.86" y="131.06"/>
        <vehicle id="cfm-slow_1" eclass="HBEFA3/PC_G_EU4" CO2="26192.19" CO="485.86" HC="2.87" NOx="11.62" PMx="0.65" fuel="11.26" electricity="0.00" noise="81.43" route="routetop" type="cfm-slow" waiting="0.00" lane="top_0" pos="27.02" speed="28.54" angle="225.89" x="12.17" y="109.00"/>
        <vehicle id="cfm-slow_2" eclass="HBEFA3/PC_G_EU4" CO2="20444.27" CO="387.27" HC="2.28" NOx="8.85" PMx="0.51" fuel="8.79" electricity="0.00" noise="78.80" route="routetop" type="cfm-slow" waiting="0.00" lane="left_0" pos="0.94" speed="31.25" angle="182.78" x="-4.90" y="61.56"/>
        <vehicle id="cfm-slow_3" eclass="HBEFA3/PC_G_EU4" CO2="0.00" CO="0.00" HC="0.00" NOx="0.00" PMx="0.00" fuel="0.00" electricity="0.00" noise="74.84" route="routetop" type="cfm-slow" waiting="0.00" lane="left_0" pos="27.54" speed="32.79" angle="134.93" x="19.16" y="11.46"/>
        <vehicle id="cfm-slow_4" eclass="HBEFA3/PC_G_EU4" CO2="0.00" CO="0.00" HC="0.00" NOx="0.00" PMx="0.00" fuel="0.00" electricity="0.00" noise="73.30" route="routebottom" type="cfm-slow" waiting="0.00" lane="bottom_0" pos="5.56" speed="32.27" angle="84.46" x="75.66" y="-3.89"/>
        <vehicle id="cfm-slow_5" eclass="HBEFA3/PC_G_EU4" CO2="0.00" CO="0.00" HC="0.00" NOx="0.00" PMx="0.00" fuel="0.00" electricity="0.00" noise="72.02" route="routebottom" type="cfm-slow" waiting="0.00" lane="bottom_0" pos="32.87" speed="29.78" angle="35.38" x="122.55" y="28.47"/>
    </timestep>
    <timestep time="5.92">
        <vehicle id="cfm-fast_0" eclass="HBEFA3/PC_G_EU4" CO2="172783.93" CO="4031.71" HC="22.72" NOx="80.25" PMx="4.72" fuel="74.27" electricity="0.00" noise="127.14" route="routebottom" type="cfm-fast" waiting="0.00" lane="right_1" pos="36.73" speed="57.45" angle="298.37" x="90.11" y="123.37"/>
        <vehicle id="cfm-fast_1" eclass="HBEFA3/PC_G_EU4" CO2="0.00" CO="0.00" HC="0.00" NOx="0.00" PMx="0.00" fuel="0.00" electricity="0.00" noise="70.54" route="routebottom" type="cfm-fast" waiting="0.00" lane="right_0" pos="7.94" speed="26.44" angle="350.13" x="130.13" y="80.66"/>
        <vehicle id="cfm-fast_2" eclass="HBEFA3/PC_G_EU4" CO2="208600.49" CO="5114.09" HC="28.57" NOx="97.00" PMx="5.81" fuel="89.67" electricity="0.00" noise="132.20" route="routetop" type="cfm-fast" waiting="0.00" lane="top_1" pos="36.33" speed="67.45" angle="209.17" x="4.29" y="90.86"/>
        <vehicle id="cfm-fast_3" eclass="HBEFA3/PC_G_EU4" CO2="0.00" CO="0.00" HC="0.00" NOx="0.00" PMx="0.00" fuel="0.00" electricity="0.00" noise="70.93" route="routebottom" type="cfm-fast" waiting="0.00" lane="right_0" pos="25.44" speed="24.25" angle="318.66" x="111.49" y="112.84"/>
        <vehicle id="cfm-fast_4" eclass="HBEFA3/PC_G_EU4" CO2="90187.53" CO="3093.49" HC="16.47" NOx="41.00" PMx="2.89" fuel="38.77" electricity="0.00" noise="103.30" route="routetop" type="cfm-fast" waiting="0.00" lane="left_1" pos="46.14" speed="77.21" angle="101.52" x="55.74" y="-1.17"/>
        <vehicle id="cfm-fast_5" eclass="HBEFA3/PC_G_EU4" CO2="15426.28" CO="244.92" HC="1.50" NOx="6.64" PMx="0.36" fuel="6.63" electricity="0.00" noise="75.55" route="routebottom" type="cfm-fast" waiting="0.00" lane="right_0" pos="40.88" speed="24.05" angle="290.92" x="83.12" y="129.45"/>
        <vehicle id="cfm-slow_0" eclass="HBEFA3/PC_G_EU4" CO2="23422.27" CO="415.02" HC="2.47" NOx="10.37" PMx="0.57" fuel="10.07" electricity="0.00" noise="80.14" route="routetop" type="cfm-slow" waiting="0.00" lane="top_0" pos="6.20" speed="25.79" angle="263.26" x="50.32" y="130.96"/>
        <vehicle id="cfm-slow_1" eclass="HBEFA3/PC_G_EU4" CO2="26142.79" CO="485.02" HC="2.86" NOx="11.59" PMx="0.65" fuel="11.24" electricity="0.00" noise="81.40" route="routetop" type="cfm-slow" waiting="0.00" lane="top_0" pos="27.31" speed="28.57" angle="225.35" x="11.77" y="108.53"/>
        <vehicle id="cfm-slow_2" eclass="HBEFA3/PC_G_EU4" CO2="20296.53" CO="384.38" HC="2.26" NOx="8.78" PMx="0.51" fuel="8.72" electricity="0.00" noise="78.74" route="routetop" type="cfm-slow" waiting="0.00" lane="left_0" pos="1.25" speed="31.26" angle="182.23" x="-4.89" y="60.88"/>
        <vehicle id="cfm-slow_3" eclass="HBEFA3/PC_G_EU4" CO2="0.00" CO="0.00" HC="0.00" NOx="0.00" PMx="0.00" fuel="0.00" electricity="0.00" noise="74.81" route="routetop" type="cfm-slow" waiting="0.00" lane="left_0" pos="27.86" speed="32.79" angle="134.32" x="19.70" y="11.00"/>
        <vehicle id="cfm-slow_4" eclass="HBEFA3/PC_G_EU4" CO2="0.00" CO="0.00" HC="0.00" NOx="0.00" PMx="0.00" fuel="0.00" electricity="0.00" noise="73.28" route="routebottom" type="cfm-slow" waiting="0.00" lane="bottom_0" pos="5.88" speed="32.25" angle="83.88" x="76.34" y="-3.76"/>
        <vehicle id="cfm-slow_5" eclass="HBEFA3/PC_G_EU4" CO2="0.00" CO="0.00" HC="0.00" NOx="0.00" PMx="0.00" fuel="0.00" electricity="0.00" noise="72.01" route="routebottom" type="cfm-slow" waiting="0.00" lane="bottom_0" pos="33.16" speed="29.75" angle="34.82" x="122.88" y="29.02"/>
    </timestep>
    <timestep time="5.93">
        <vehicle id="cfm-fast_0" eclass="HBEFA3/PC_G_EU4" CO2="173118.59" CO="4041.68" HC="22.77" NOx="80.40" PMx="4.73" fuel="74.42" electricity="0.00" noise="127.18" route="routebottom" type="cfm-fast" waiting="0.00" lane="right_1" pos="37.31" speed="57.55" angle="297.35" x="89.03" y="123.84"/>
        <vehicle id="cfm-fast_1" eclass="HBEFA3/PC_G_EU4" CO2="0.00" CO="0.00" HC="0.00" NOx="0.00" PMx="0.00" fuel="0.00" electricity="0.00" noise="70.54" route="routebottom" type="cfm-fast" waiting="0.00" lane="right_0" pos="8.21" speed="26.42" angle="349.64" x="129.98" y="81.21"/>
        <vehicle id="cfm-fast_2" eclass="HBEFA3/PC_G_EU4" CO2="207669.05" CO="5098.83" HC="28.48" NOx="96.56" PMx="5.78" fuel="89.27" electricity="0.00" noise="131.92" route="routetop" type="cfm-fast" waiting="0.00" lane="top_1" pos="37.01" speed="67.55" angle="207.89" x="3.72" y="89.60"/>
        <vehicle id="cfm-fast_3" eclass="HBEFA3/PC_G_EU4" CO2="0.00" CO="0.00" HC="0.00" NOx="0.00" PMx="0.00" fuel="0.00" electricity="0.00" noise="70.95" route="routebottom" type="cfm-fast" waiting="0.00" lane="right_0" pos="25.69" speed="24.25" angle="318.28" x="111.12" y="113.21"/>
        <vehicle id="cfm-fast_4" eclass="HBEFA3/PC_G_EU4" CO2="87544.02" CO="3040.18" HC="16.16" NOx="39.75" PMx="2.82" fuel="37.63" electricity="0.00" noise="102.73" route="routetop" type="cfm-fast" waiting="0.00" lane="left_1" pos="46.91" speed="77.23" angle="100.10" x="57.31" y="-1.33"/>
        <vehicle id="cfm-fast_5" eclass="HBEFA3/PC_G_EU4" CO2="15492.03" CO="246.31" HC="1.51" NOx="6.67" PMx="0.36" fuel="6.66" electricity="0.00" noise="75.59" route="routebottom" type="cfm-fast" waiting="0.00" lane="right_0" pos="41.12" speed="24.07" angle="290.53" x="82.62" y="129.60"/>
        <vehicle id="cfm-slow_0" eclass="HBEFA3/PC_G_EU4" CO2="23447.22" CO="415.64" HC="2.48" NOx="10.38" PMx="0.57" fuel="10.08" electricity="0.00" noise="80.16" route="routetop" type="cfm-slow" waiting="0.00" lane="top_0" pos="6.46" speed="25.82" angle="262.84" x="49.77" y="130.85"/>
        <vehicle id="cfm-slow_1" eclass="HBEFA3/PC_G_EU4" CO2="26092.49" CO="484.15" HC="2.86" NOx="11.57" PMx="0.65" fuel="11.22" electricity="0.00" noise="81.37" route="routetop" type="cfm-slow" waiting="0.00" lane="top_0" pos="27.60" speed="28.60" angle="224.82" x="11.38" y="108.06"/>
        <vehicle id="cfm-slow_2" eclass="HBEFA3/PC_G_EU4" CO2="20148.40" CO="381.47" HC="2.25" NOx="8.71" PMx="0.51" fuel="8.66" electricity="0.00" noise="78.68" route="routetop" type="cfm-slow" waiting="0.00" lane="left_0" pos="1.56" speed="31.28" angle="181.67" x="-4.85" y="60.21"/>
        <vehicle id="cfm-slow_3" eclass="HBEFA3/PC_G_EU4" CO2="0.00" CO="0.00" HC="0.00" NOx="0.00" PMx="0.00" fuel="0.00" electricity="0.00" noise="74.78" route="routetop" type="cfm-slow" waiting="0.00" lane="left_0" pos="28.19" speed="32.78" angle="133.76" x="20.24" y="10.54"/>
        <vehicle id="cfm-slow_4" eclass="HBEFA3/PC_G_EU4" CO2="0.00" CO="0.00" HC="0.00" NOx="0.00" PMx="0.00" fuel="0.00" electricity="0.00" noise="73.27" route="routebottom" type="cfm-slow" waiting="0.00" lane="bottom_0" pos="6.20" speed="32.22" angle="83.29" x="77.02" y="-3.64"/>
        <vehicle id="cfm-slow_5" eclass="HBEFA3/PC_G_EU4" CO2="0.00" CO="0.00" HC="0.00" NOx="0.00" PMx="0.00" fuel="0.00" electricity="0.00" noise="71.99" route="routebottom" type="cfm-slow" waiting="0.00" lane="bottom_0" pos="33.46" speed="29.72" angle="34.32" x="123.20" y="29.58"/>
    </timestep>
    <timestep time="5.94">
        <vehicle id="cfm-fast_0" eclass="HBEFA3/PC_G_EU4" CO2="173443.46" CO="4051.45" HC="22.83" NOx="80.55" PMx="4.74" fuel="74.55" electricity="0.00" noise="127.23" route="routebottom" type="cfm-fast" waiting="0.00" lane="right_1" pos="37.88" speed="57.66" angle="296.28" x="87.93" y="124.28"/>
        <vehicle id="cfm-fast_1" eclass="HBEFA3/PC_G_EU4" CO2="0.00" CO="0.00" HC="0.00" NOx="0.00" PMx="0.00" fuel="0.00" electricity="0.00" noise="70.53" route="routebottom" type="cfm-fast" waiting="0.00" lane="right_0" pos="8.47" speed="26.41" angle="349.16" x="129.83" y="81.76"/>
        <vehicle id="cfm-fast_2" eclass="HBEFA3/PC_G_EU4" CO2="206721.07" CO="5083.21" HC="28.39" NOx="96.11" PMx="5.76" fuel="88.86" electricity="0.00" noise="131.65" route="routetop" type="cfm-fast" waiting="0.00" lane="top_1" pos="37.68" speed="67.65" angle="206.68" x="3.20" y="88.32"/>
        <vehicle id="cfm-fast_3" eclass="HBEFA3/PC_G_EU4" CO2="0.00" CO="0.00" HC="0.00" NOx="0.00" PMx="0.00" fuel="0.00" electricity="0.00" noise="70.98" route="routebottom" type="cfm-fast" waiting="0.00" lane="right_0" pos="25.93" speed="24.25" angle="317.83" x="110.74" y="113.56"/>
        <vehicle id="cfm-fast_4" eclass="HBEFA3/PC_G_EU4" CO2="84959.55" CO="2988.03" HC="15.86" NOx="38.53" PMx="2.75" fuel="36.52" electricity="0.00" noise="102.18" route="routetop" type="cfm-fast" waiting="0.00" lane="left_1" pos="47.69" speed="77.25" angle="98.72" x="58.89" y="-1.47"/>
        <vehicle id="cfm-fast_5" eclass="HBEFA3/PC_G_EU4" CO2="15557.50" CO="247.71" HC="1.51" NOx="6.70" PMx="0.36" fuel="6.69" electricity="0.00" noise="75.63" route="routebottom" type="cfm-fast" waiting="0.00" lane="right_0" pos="41.36" speed="24.09" angle="290.10" x="82.12" y="129.74"/>
        <vehicle id="cfm-slow_0" eclass="HBEFA3/PC_G_EU4" CO2="23471.56" CO="416.25" HC="2.48" NOx="10.39" PMx="0.57" fuel="10.09" electricity="0.00" noise="80.17" route="routetop" type="cfm-slow" waiting="0.00" lane="top_0" pos="6.72" speed="25.85" angle="262.35" x="49.23" y="130.73"/>
        <vehicle id="cfm-slow_1" eclass="HBEFA3/PC_G_EU4" CO2="26041.31" CO="483.27" HC="2.85" NOx="11.54" PMx="0.65" fuel="11.19" electricity="0.00" noise="81.35" route="routetop" type="cfm-slow" waiting="0.00" lane="top_0" pos="27.88" speed="28.62" angle="224.28" x="10.98" y="107.60"/>
        <vehicle id="cfm-slow_2" eclass="HBEFA3/PC_G_EU4" CO2="19999.91" CO="378.56" HC="2.23" NOx="8.64" PMx="0.50" fuel="8.60" electricity="0.00" noise="78.63" route="routetop" type="cfm-slow" waiting="0.00" lane="left_0" pos="1.87" speed="31.30" angle="181.11" x="-4.81" y="59.54"/>
        <vehicle id="cfm-slow_3" eclass="HBEFA3/PC_G_EU4" CO2="0.00" CO="0.00" HC="0.00" NOx="0.00" PMx="0.00" fuel="0.00" electricity="0.00" noise="74.75" route="routetop" type="cfm-slow" waiting="0.00" lane="left_0" pos="28.52" speed="32.78" angle="133.17" x="20.79" y="10.11"/>
        <vehicle id="cfm-slow_4" eclass="HBEFA3/PC_G_EU4" CO2="0.00" CO="0.00" HC="0.00" NOx="0.00" PMx="0.00" fuel="0.00" electricity="0.00" noise="73.26" route="routebottom" type="cfm-slow" waiting="0.00" lane="bottom_0" pos="6.53" speed="32.20" angle="82.74" x="77.70" y="-3.50"/>
        <vehicle id="cfm-slow_5" eclass="HBEFA3/PC_G_EU4" CO2="0.00" CO="0.00" HC="0.00" NOx="0.00" PMx="0.00" fuel="0.00" electricity="0.00" noise="71.98" route="routebottom" type="cfm-slow" waiting="0.00" lane="bottom_0" pos="33.76" speed="29.69" angle="33.78" x="123.51" y="30.13"/>
    </timestep>
    <timestep time="5.95">
        <vehicle id="cfm-fast_0" eclass="HBEFA3/PC_G_EU4" CO2="173758.47" CO="4061.03" HC="22.88" NOx="80.70" PMx="4.75" fuel="74.69" electricity="0.00" noise="127.27" route="routebottom" type="cfm-fast" waiting="0.00" lane="right_1" pos="38.46" speed="57.76" angle="295.26" x="86.83" y="124.72"/>
        <vehicle id="cfm-fast_1" eclass="HBEFA3/PC_G_EU4" CO2="0.00" CO="0.00" HC="0.00" NOx="0.00" PMx="0.00" fuel="0.00" electricity="0.00" noise="70.53" route="routebottom" type="cfm-fast" waiting="0.00" lane="right_0" pos="8.73" speed="26.39" angle="348.67" x="129.69" y="82.31"/>
        <vehicle id="cfm-fast_2" eclass="HBEFA3/PC_G_EU4" CO2="205757.12" CO="5067.24" HC="28.29" NOx="95.65" PMx="5.74" fuel="88.44" electricity="0.00" noise="131.37" route="routetop" type="cfm-fast" waiting="0.00" lane="top_1" pos="38.36" speed="67.75" angle="205.41" x="2.68" y="87.03"/>
        <vehicle id="cfm-fast_3" eclass="HBEFA3/PC_G_EU4" CO2="4179.58" CO="13.87" HC="0.17" NOx="1.33" PMx="0.07" fuel="1.80" electricity="0.00" noise="71.00" route="routebottom" type="cfm-fast" waiting="0.00" lane="right_0" pos="26.17" speed="24.25" angle="317.39" x="110.35" y="113.92"/>
        <vehicle id="cfm-fast_4" eclass="HBEFA3/PC_G_EU4" CO2="82433.32" CO="2937.02" HC="15.56" NOx="37.34" PMx="2.69" fuel="35.43" electricity="0.00" noise="101.65" route="routetop" type="cfm-fast" waiting="0.00" lane="left_1" pos="48.46" speed="77.28" angle="97.29" x="60.47" y="-1.57"/>
        <vehicle id="cfm-fast_5" eclass="HBEFA3/PC_G_EU4" CO2="15622.69" CO="249.09" HC="1.52" NOx="6.73" PMx="0.36" fuel="6.72" electricity="0.00" noise="75.66" route="routebottom" type="cfm-fast" waiting="0.00" lane="right_0" pos="41.60" speed="24.11" angle="289.66" x="81.62" y="129.87"/>
        <vehicle id="cfm-slow_0" eclass="HBEFA3/PC_G_EU4" CO2="23495.28" CO="416.85" HC="2.48" NOx="10.40" PMx="0.57" fuel="10.10" electricity="0.00" noise="80.18" route="routetop" type="cfm-slow" waiting="0.00" lane="top_0" pos="6.98" speed="25.88" angle="261.86" x="48.69" y="130.61"/>
        <vehicle id="cfm-slow_1" eclass="HBEFA3/PC_G_EU4" CO2="25989.24" CO="482.37" HC="2.85" NOx="11.52" PMx="0.65" fuel="11.17" electricity="0.00" noise="81.32" route="routetop" type="cfm-slow" waiting="0.00" lane="top_0" pos="28.17" speed="28.65" angle="223.80" x="10.58" y="107.13"/>
        <vehicle id="cfm-slow_2" eclass="HBEFA3/PC_G_EU4" CO2="19851.05" CO="375.63" HC="2.21" NOx="8.57" PMx="0.50" fuel="8.53" electricity="0.00" noise="78.57" route="routetop" type="cfm-slow" waiting="0.00" lane="left_0" pos="2.19" speed="31.31" angle="180.55" x="-4.77" y="58.87"/>
        <vehicle id="cfm-slow_3" eclass="HBEFA3/PC_G_EU4" CO2="0.00" CO="0.00" HC="0.00" NOx="0.00" PMx="0.00" fuel="0.00" electricity="0.00" noise="74.73" route="routetop" type="cfm-slow" waiting="0.00" lane="left_0" pos="28.85" speed="32.78" angle="132.56" x="21.35" y="9.67"/>
        <vehicle id="cfm-slow_4" eclass="HBEFA3/PC_G_EU4" CO2="0.00" CO="0.00" HC="0.00" NOx="0.00" PMx="0.00" fuel="0.00" electricity="0.00" noise="73.25" route="routebottom" type="cfm-slow" waiting="0.00" lane="bottom_0" pos="6.85" speed="32.18" angle="82.13" x="78.38" y="-3.34"/>
        <vehicle id="cfm-slow_5" eclass="HBEFA3/PC_G_EU4" CO2="0.00" CO="0.00" HC="0.00" NOx="0.00" PMx="0.00" fuel="0.00" electricity="0.00" noise="71.96" route="routebottom" type="cfm-slow" waiting="0.00" lane="bottom_0" pos="34.06" speed="29.66" angle="33.23" x="123.82" y="30.69"/>
    </timestep>
    <timestep time="5.96">
        <vehicle id="cfm-fast_0" eclass="HBEFA3/PC_G_EU4" CO2="174063.55" CO="4070.41" HC="22.93" NOx="80.84" PMx="4.76" fuel="74.82" electricity="0.00" noise="127.30" route="routebottom" type="cfm-fast" waiting="0.00" lane="right_1" pos="39.04" speed="57.86" angle="294.24" x="85.72" y="125.12"/>
        <vehicle id="cfm-fast_1" eclass="HBEFA3/PC_G_EU4" CO2="0.00" CO="0.00" HC="0.00" NOx="0.00" PMx="0.00" fuel="0.00" electricity="0.00" noise="70.52" route="routebottom" type="cfm-fast" waiting="0.00" lane="right_0" pos="9.00" speed="26.37" angle="348.25" x="129.53" y="82.86"/>
        <vehicle id="cfm-fast_2" eclass="HBEFA3/PC_G_EU4" CO2="204777.78" CO="5050.93" HC="28.19" NOx="95.19" PMx="5.71" fuel="88.02" electricity="0.00" noise="131.08" route="routetop" type="cfm-fast" waiting="0.00" lane="top_1" pos="39.04" speed="67.85" angle="204.21" x="2.20" y="85.72"/>
        <vehicle id="cfm-fast_3" eclass="HBEFA3/PC_G_EU4" CO2="4275.61" CO="15.84" HC="0.18" NOx="1.37" PMx="0.07" fuel="1.84" electricity="0.00" noise="71.02" route="routebottom" type="cfm-fast" waiting="0.00" lane="right_0" pos="26.41" speed="24.25" angle="316.95" x="109.97" y="114.27"/>
        <vehicle id="cfm-fast_4" eclass="HBEFA3/PC_G_EU4" CO2="79964.55" CO="2887.14" HC="15.28" NOx="36.17" PMx="2.62" fuel="34.37" electricity="0.00" noise="101.12" route="routetop" type="cfm-fast" waiting="0.00" lane="left_1" pos="49.23" speed="77.30" angle="95.91" x="62.05" y="-1.62"/>
        <vehicle id="cfm-fast_5" eclass="HBEFA3/PC_G_EU4" CO2="15687.61" CO="250.48" HC="1.53" NOx="6.76" PMx="0.37" fuel="6.74" electricity="0.00" noise="75.70" route="routebottom" type="cfm-fast" waiting="0.00" lane="right_0" pos="41.84" speed="24.13" angle="289.22" x="81.12" y="130.00"/>
        <vehicle id="cfm-slow_0" eclass="HBEFA3/PC_G_EU4" CO2="23518.39" CO="417.44" HC="2.49" NOx="10.41" PMx="0.57" fuel="10.11" electricity="0.00" noise="80.19" route="routetop" type="cfm-slow" waiting="0.00" lane="top_0" pos="7.23" speed="25.90" angle="261.37" x="48.14" y="130.48"/>
        <vehicle id="cfm-slow_1" eclass="HBEFA3/PC_G_EU4" CO2="25936.29" CO="481.46" HC="2.84" NOx="11.49" PMx="0.65" fuel="11.15" electricity="0.00" noise="81.29" route="routetop" type="cfm-slow" waiting="0.00" lane="top_0" pos="28.46" speed="28.68" angle="223.30" x="10.19" y="106.64"/>
        <vehicle id="cfm-slow_2" eclass="HBEFA3/PC_G_EU4" CO2="19701.84" CO="372.70" HC="2.19" NOx="8.49" PMx="0.50" fuel="8.47" electricity="0.00" noise="78.51" route="routetop" type="cfm-slow" waiting="0.00" lane="left_0" pos="2.50" speed="31.33" angle="180.00" x="-4.73" y="58.19"/>
        <vehicle id="cfm-slow_3" eclass="HBEFA3/PC_G_EU4" CO2="0.00" CO="0.00" HC="0.00" NOx="0.00" PMx="0.00" fuel="0.00" electricity="0.00" noise="74.70" route="routetop" type="cfm-slow" waiting="0.00" lane="left_0" pos="29.18" speed="32.77" angle="131.95" x="21.90" y="9.24"/>
        <vehicle id="cfm-slow_4" eclass="HBEFA3/PC_G_EU4" CO2="0.00" CO="0.00" HC="0.00" NOx="0.00" PMx="0.00" fuel="0.00" electricity="0.00" noise="73.23" route="routebottom" type="cfm-slow" waiting="0.00" lane="bottom_0" pos="7.17" speed="32.16" angle="81.51" x="79.05" y="-3.19"/>
        <vehicle id="cfm-slow_5" eclass="HBEFA3/PC_G_EU4" CO2="0.00" CO="0.00" HC="0.00" NOx="0.00" PMx="0.00" fuel="0.00" electricity="0.00" noise="71.95" route="routebottom" type="cfm-slow" waiting="0.00" lane="bottom_0" pos="34.35" speed="29.63" angle="32.69" x="124.12" y="31.25"/>
    </timestep>
    <timestep time="5.97">
        <vehicle id="cfm-fast_0" eclass="HBEFA3/PC_G_EU4" CO2="174358.63" CO="4079.60" HC="22.98" NOx="80.98" PMx="4.77" fuel="74.95" electricity="0.00" noise="127.34" route="routebottom" type="cfm-fast" waiting="0.00" lane="right_1" pos="39.62" speed="57.96" angle="293.21" x="84.60" y="125.53"/>
        <vehicle id="cfm-fast_1" eclass="HBEFA3/PC_G_EU4" CO2="0.00" CO="0.00" HC="0.00" NOx="0.00" PMx="0.00" fuel="0.00" electricity="0.00" noise="70.52" route="routebottom" type="cfm-fast" waiting="0.00" lane="right_0" pos="9.26" speed="26.35" angle="347.78" x="129.37" y="83.40"/>
        <vehicle id="cfm-fast_2" eclass="HBEFA3/PC_G_EU4" CO2="203783.59" CO="5034.29" HC="28.09" NOx="94.72" PMx="5.69" fuel="87.60" electricity="0.00" noise="130.80" route="routetop" type="cfm-fast" waiting="0.00" lane="top_1" pos="39.72" speed="67.95" angle="203.03" x="1.73" y="84.41"/>
        <vehicle id="cfm-fast_3" eclass="HBEFA3/PC_G_EU4" CO2="4371.44" CO="17.82" HC="0.19" NOx="1.42" PMx="0.07" fuel="1.88" electricity="0.00" noise="71.05" route="routebottom" type="cfm-fast" waiting="0.00" lane="right_0" pos="26.66" speed="24.25" angle="316.51" x="109.59" y="114.62"/>
        <vehicle id="cfm-fast_4" eclass="HBEFA3/PC_G_EU4" CO2="77552.44" CO="2838.36" HC="14.99" NOx="35.04" PMx="2.56" fuel="33.34" electricity="0.00" noise="100.62" route="routebottom" type="cfm-fast" waiting="0.00" lane="bottom_1" pos="0.00" speed="77.31" angle="94.49" x="63.70" y="-1.65"/>
        <vehicle id="cfm-fast_5" eclass="HBEFA3/PC_G_EU4" CO2="15752.23" CO="251.85" HC="1.54" NOx="6.79" PMx="0.37" fuel="6.77" electricity="0.00" noise="75.74" route="routebottom" type="cfm-fast" waiting="0.00" lane="right_0" pos="42.08" speed="24.15" angle="288.79" x="80.62" y="130.14"/>
        <vehicle id="cfm-slow_0" eclass="HBEFA3/PC_G_EU4" CO2="23540.88" CO="418.01" HC="2.49" NOx="10.42" PMx="0.58" fuel="10.12" electricity="0.00" noise="80.20" route="routetop" type="cfm-slow" waiting="0.00" lane="top_0" pos="7.49" speed="25.93" angle="260.89" x="47.60" y="130.36"/>
        <vehicle id="cfm-slow_1" eclass="HBEFA3/PC_G_EU4" CO2="25882.45" CO="480.52" HC="2.84" NOx="11.47" PMx="0.65" fuel="11.13" electricity="0.00" noise="81.26" route="routetop" type="cfm-slow" waiting="0.00" lane="top_0" pos="28.74" speed="28.71" angle="222.77" x="9.81" y="106.16"/>
        <vehicle id="cfm-slow_2" eclass="HBEFA3/PC_G_EU4" CO2="19552.30" CO="369.76" HC="2.18" NOx="8.42" PMx="0.49" fuel="8.40" electricity="0.00" noise="78.45" route="routetop" type="cfm-slow" waiting="0.00" lane="left_0" pos="2.81" speed="31.35" angle="179.45" x="-4.67" y="57.52"/>
        <vehicle id="cfm-slow_3" eclass="HBEFA3/PC_G_EU4" CO2="0.00" CO="0.00" HC="0.00" NOx="0.00" PMx="0.00" fuel="0.00" electricity="0.00" noise="74.67" route="routetop" type="cfm-slow" waiting="0.00" lane="left_0" pos="29.50" speed="32.77" angle="131.41" x="22.46" y="8.80"/>
        <vehicle id="cfm-slow_4" eclass="HBEFA3/PC_G_EU4" CO2="0.00" CO="0.00" HC="0.00" NOx="0.00" PMx="0.00" fuel="0.00" electricity="0.00" noise="73.22" route="routebottom" type="cfm-slow" waiting="0.00" lane="bottom_0" pos="7.49" speed="32.13" angle="80.90" x="79.73" y="-3.03"/>
        <vehicle id="cfm-slow_5" eclass="HBEFA3/PC_G_EU4" CO2="0.00" CO="0.00" HC="0.00" NOx="0.00" PMx="0.00" fuel="0.00" electricity="0.00" noise="71.94" route="routebottom" type="cfm-slow" waiting="0.00" lane="bottom_0" pos="34.65" speed="29.60" angle="32.21" x="124.43" y="31.81"/>
    </timestep>
    <timestep time="5.98">
        <vehicle id="cfm-fast_0" eclass="HBEFA3/PC_G_EU4" CO2="174643.66" CO="4088.58" HC="23.03" NOx="81.11" PMx="4.78" fuel="75.07" electricity="0.00" noise="127.37" route="routebottom" type="cfm-fast" waiting="0.00" lane="right_1" pos="40.20" speed="58.06" angle="292.19" x="83.47" y="125.89"/>
        <vehicle id="cfm-fast_1" eclass="HBEFA3/PC_G_EU4" CO2="0.00" CO="0.00" HC="0.00" NOx="0.00" PMx="0.00" fuel="0.00" electricity="0.00" noise="70.51" route="routebottom" type="cfm-fast" waiting="0.00" lane="right_0" pos="9.52" speed="26.33" angle="347.30" x="129.20" y="83.94"/>
        <vehicle id="cfm-fast_2" eclass="HBEFA3/PC_G_EU4" CO2="202775.10" CO="5017.34" HC="27.99" NOx="94.24" PMx="5.66" fuel="87.16" electricity="0.00" noise="130.51" route="routetop" type="cfm-fast" waiting="0.00" lane="top_1" pos="40.40" speed="68.04" angle="201.77" x="1.32" y="83.08"/>
        <vehicle id="cfm-fast_3" eclass="HBEFA3/PC_G_EU4" CO2="4467.09" CO="19.79" HC="0.20" NOx="1.46" PMx="0.07" fuel="1.92" electricity="0.00" noise="71.08" route="routebottom" type="cfm-fast" waiting="0.00" lane="right_0" pos="26.90" speed="24.25" angle="316.11" x="109.20" y="114.98"/>
        <vehicle id="cfm-fast_4" eclass="HBEFA3/PC_G_EU4" CO2="75196.20" CO="2790.68" HC="14.72" NOx="33.92" PMx="2.50" fuel="32.32" electricity="0.00" noise="100.12" route="routebottom" type="cfm-fast" waiting="0.00" lane="bottom_1" pos="0.78" speed="77.33" angle="93.07" x="65.29" y="-1.62"/>
        <vehicle id="cfm-fast_5" eclass="HBEFA3/PC_G_EU4" CO2="15816.57" CO="253.23" HC="1.55" NOx="6.82" PMx="0.37" fuel="6.80" electricity="0.00" noise="75.78" route="routebottom" type="cfm-fast" waiting="0.00" lane="right_0" pos="42.32" speed="24.16" angle="288.40" x="80.11" y="130.27"/>
        <vehicle id="cfm-slow_0" eclass="HBEFA3/PC_G_EU4" CO2="23562.75" CO="418.57" HC="2.49" NOx="10.43" PMx="0.58" fuel="10.13" electricity="0.00" noise="80.21" route="routetop" type="cfm-slow" waiting="0.00" lane="top_0" pos="7.75" speed="25.96" angle="260.47" x="47.06" y="130.23"/>
        <vehicle id="cfm-slow_1" eclass="HBEFA3/PC_G_EU4" CO2="25827.75" CO="479.57" HC="2.83" NOx="11.44" PMx="0.64" fuel="11.10" electricity="0.00" noise="81.23" route="routetop" type="cfm-slow" waiting="0.00" lane="top_0" pos="29.03" speed="28.73" angle="222.25" x="9.43" y="105.67"/>
        <vehicle id="cfm-slow_2" eclass="HBEFA3/PC_G_EU4" CO2="19402.43" CO="366.81" HC="2.16" NOx="8.35" PMx="0.49" fuel="8.34" electricity="0.00" noise="78.40" route="routetop" type="cfm-slow" waiting="0.00" lane="left_0" pos="3.13" speed="31.36" angle="178.89" x="-4.60" y="56.85"/>
        <vehicle id="cfm-slow_3" eclass="HBEFA3/PC_G_EU4" CO2="0.00" CO="0.00" HC="0.00" NOx="0.00" PMx="0.00" fuel="0.00" electricity="0.00" noise="74.65" route="routetop" type="cfm-slow" waiting="0.00" lane="left_0" pos="29.83" speed="32.77" angle="130.81" x="23.03" y="8.39"/>
        <vehicle id="cfm-slow_4" eclass="HBEFA3/PC_G_EU4" CO2="0.00" CO="0.00" HC="0.00" NOx="0.00" PMx="0.00" fuel="0.00" electricity="0.00" noise="73.21" route="routebottom" type="cfm-slow" waiting="0.00" lane="bottom_0" pos="7.81" speed="32.11" angle="80.36" x="80.40" y="-2.87"/>
        <vehicle id="cfm-slow_5" eclass="HBEFA3/PC_G_EU4" CO2="0.00" CO="0.00" HC="0.00" NOx="0.00" PMx="0.00" fuel="0.00" electricity="0.00" noise="71.92" route="routebottom" type="cfm-slow" waiting="0.00" lane="bottom_0" pos="34.94" speed="29.57" angle="31.67" x="124.72" y="32.38"/>
    </timestep>
    <timestep time="5.99">
        <vehicle id="cfm-fast_0" eclass="HBEFA3/PC_G_EU4" CO2="174918.57" CO="4097.36" HC="23.07" NOx="81.24" PMx="4.79" fuel="75.19" electricity="0.00" noise="127.40" route="routebottom" type="cfm-fast" waiting="0.00" lane="right_1" pos="40.78" speed="58.16" angle="291.10" x="82.33" y="126.25"/>
        <vehicle id="cfm-fast_1" eclass="HBEFA3/PC_G_EU4" CO2="0.00" CO="0.00" HC="0.00" NOx="0.00" PMx="0.00" fuel="0.00" electricity="0.00" noise="70.51" route="routebottom" type="cfm-fast" waiting="0.00" lane="right_0" pos="9.79" speed="26.31" angle="346.83" x="129.03" y="84.48"/>
        <vehicle id="cfm-fast_2" eclass="HBEFA3/PC_G_EU4" CO2="201752.86" CO="5000.08" HC="27.89" NOx="93.76" PMx="5.64" fuel="86.72" electricity="0.00" noise="130.22" route="routetop" type="cfm-fast" waiting="0.00" lane="top_1" pos="41.08" speed="68.14" angle="200.55" x="0.91" y="81.74"/>
        <vehicle id="cfm-fast_3" eclass="HBEFA3/PC_G_EU4" CO2="4562.55" CO="21.76" HC="0.21" NOx="1.51" PMx="0.08" fuel="1.96" electricity="0.00" noise="71.10" route="routebottom" type="cfm-fast" waiting="0.00" lane="right_0" pos="27.14" speed="24.26" angle="315.67" x="108.81" y="115.32"/>
        <vehicle id="cfm-fast_4" eclass="HBEFA3/PC_G_EU4" CO2="72895.05" CO="2744.08" HC="14.45" NOx="32.84" PMx="2.44" fuel="31.33" electricity="0.00" noise="99.64" route="routebottom" type="cfm-fast" waiting="0.00" lane="bottom_1" pos="1.55" speed="77.35" angle="91.71" x="66.87" y="-1.56"/>
        <vehicle id="cfm-fast_5" eclass="HBEFA3/PC_G_EU4" CO2="15880.61" CO="254.59" HC="1.55" NOx="6.85" PMx="0.37" fuel="6.83" electricity="0.00" noise="75.81" route="routebottom" type="cfm-fast" waiting="0.00" lane="right_0" pos="42.57" speed="24.18" angle="287.96" x="79.61" y="130.39"/>
        <vehicle id="cfm-slow_0" eclass="HBEFA3/PC_G_EU4" CO2="23583.99" CO="419.12" HC="2.50" NOx="10.44" PMx="0.58" fuel="10.14" electricity="0.00" noise="80.22" route="routetop" type="cfm-slow" waiting="0.00" lane="top_0" pos="8.01" speed="25.99" angle="260.00" x="46.52" y="130.09"/>
        <vehicle id="cfm-slow_1" eclass="HBEFA3/PC_G_EU4" CO2="25772.17" CO="478.60" HC="2.82" NOx="11.41" PMx="0.64" fuel="11.08" electricity="0.00" noise="81.19" route="routetop" type="cfm-slow" waiting="0.00" lane="top_0" pos="29.32" speed="28.76" angle="221.72" x="9.05" y="105.18"/>
        <vehicle id="cfm-slow_2" eclass="HBEFA3/PC_G_EU4" CO2="19252.24" CO="363.86" HC="2.14" NOx="8.28" PMx="0.48" fuel="8.28" electricity="0.00" noise="78.34" route="routetop" type="cfm-slow" waiting="0.00" lane="left_0" pos="3.44" speed="31.38" angle="178.32" x="-4.53" y="56.18"/>
        <vehicle id="cfm-slow_3" eclass="HBEFA3/PC_G_EU4" CO2="0.00" CO="0.00" HC="0.00" NOx="0.00" PMx="0.00" fuel="0.00" electricity="0.00" noise="74.62" route="routetop" type="cfm-slow" waiting="0.00" lane="left_0" pos="30.16" speed="32.76" angle="130.20" x="23.60" y="7.98"/>
        <vehicle id="cfm-slow_4" eclass="HBEFA3/PC_G_EU4" CO2="0.00" CO="0.00" HC="0.00" NOx="0.00" PMx="0.00" fuel="0.00" electricity="0.00" noise="73.20" route="routebottom" type="cfm-slow" waiting="0.00" lane="bottom_0" pos="8.13" speed="32.09" angle="79.77" x="81.06" y="-2.69"/>
        <vehicle id="cfm-slow_5" eclass="HBEFA3/PC_G_EU4" CO2="0.00" CO="0.00" HC="0.00" NOx="0.00" PMx="0.00" fuel="0.00" electricity="0.00" noise="71.91" route="routebottom" type="cfm-slow" waiting="0.00" lane="bottom_0" pos="35.24" speed="29.54" angle="31.13" x="125.00" y="32.95"/>
    </timestep>
    <timestep time="6.00">
        <vehicle id="cfm-fast_0" eclass="HBEFA3/PC_G_EU4" CO2="175183.33" CO="4105.94" HC="23.12" NOx="81.36" PMx="4.80" fuel="75.30" electricity="0.00" noise="127.42" route="routebottom" type="cfm-fast" waiting="0.00" lane="right_1" pos="41.36" speed="58.26" angle="290.07" x="81.18" y="126.57"/>
        <vehicle id="cfm-fast_1" eclass="HBEFA3/PC_G_EU4" CO2="0.00" CO="0.00" HC="0.00" NOx="0.00" PMx="0.00" fuel="0.00" electricity="0.00" noise="70.50" route="routebottom" type="cfm-fast" waiting="0.00" lane="right_0" pos="10.05" speed="26.29" angle="346.36" x="128.87" y="85.02"/>
        <vehicle id="cfm-fast_2" eclass="HBEFA3/PC_G_EU4" CO2="200717.40" CO="4982.53" HC="27.78" NOx="93.27" PMx="5.61" fuel="86.28" electricity="0.00" noise="129.93" route="routetop" type="cfm-fast" waiting="0.00" lane="top_1" pos="41.76" speed="68.24" angle="199.30" x="0.54" y="80.39"/>
        <vehicle id="cfm-fast_3" eclass="HBEFA3/PC_G_EU4" CO2="4657.81" CO="23.72" HC="0.22" NOx="1.55" PMx="0.08" fuel="2.00" electricity="0.00" noise="71.13" route="routebottom" type="cfm-fast" waiting="0.00" lane="right_0" pos="27.38" speed="24.26" angle="315.22" x="108.41" y="115.66"/>
        <vehicle id="cfm-fast_4" eclass="HBEFA3/PC_G_EU4" CO2="70648.19" CO="2698.54" HC="14.19" NOx="31.78" PMx="2.38" fuel="30.37" electricity="0.00" noise="99.18" route="routebottom" type="cfm-fast" waiting="0.00" lane="bottom_1" pos="2.33" speed="77.36" angle="90.30" x="68.45" y="-1.47"/>
        <vehicle id="cfm-fast_5" eclass="HBEFA3/PC_G_EU4" CO2="15944.36" CO="255.95" HC="1.56" NOx="6.88" PMx="0.37" fuel="6.85" electricity="0.00" noise="75.85" route="routebottom" type="cfm-fast" waiting="0.00" lane="right_0" pos="42.81" speed="24.20" angle="287.52" x="79.10" y="130.50"/>
        <vehicle id="cfm-slow_0" eclass="HBEFA3/PC_G_EU4" CO2="23604.61" CO="419.66" HC="2.50" NOx="10.45" PMx="0.58" fuel="10.15" electricity="0.00" noise="80.23" route="routetop" type="cfm-slow" waiting="0.00" lane="top_0" pos="8.27" speed="26.02" angle="259.52" x="45.97" y="129.94"/>
        <vehicle id="cfm-slow_1" eclass="HBEFA3/PC_G_EU4" CO2="25715.72" CO="477.61" HC="2.82" NOx="11.39" PMx="0.64" fuel="11.05" electricity="0.00" noise="81.16" route="routetop" type="cfm-slow" waiting="0.00" lane="top_0" pos="29.61" speed="28.79" angle="221.25" x="8.67" y="104.69"/>
        <vehicle id="cfm-slow_2" eclass="HBEFA3/PC_G_EU4" CO2="19101.75" CO="360.89" HC="2.13" NOx="8.21" PMx="0.48" fuel="8.21" electricity="0.00" noise="78.29" route="routetop" type="cfm-slow" waiting="0.00" lane="left_0" pos="3.76" speed="31.39" angle="177.76" x="-4.46" y="55.51"/>
        <vehicle id="cfm-slow_3" eclass="HBEFA3/PC_G_EU4" CO2="0.00" CO="0.00" HC="0.00" NOx="0.00" PMx="0.00" fuel="0.00" electricity="0.00" noise="74.60" route="routetop" type="cfm-slow" waiting="0.00" lane="left_0" pos="30.49" speed="32.76" angle="129.60" x="24.17" y="7.57"/>
        <vehicle id="cfm-slow_4" eclass="HBEFA3/PC_G_EU4" CO2="0.00" CO="0.00" HC="0.00" NOx="0.00" PMx="0.00" fuel="0.00" electricity="0.00" noise="73.19" route="routebottom" type="cfm-slow" waiting="0.00" lane="bottom_0" pos="8.45" speed="32.07" angle="79.19" x="81.73" y="-2.51"/>
        <vehicle id="cfm-slow_5" eclass="HBEFA3/PC_G_EU4" CO2="0.00" CO="0.00" HC="0.00" NOx="0.00" PMx="0.00" fuel="0.00" electricity="0.00" noise="71.90" route="routebottom" type="cfm-slow" waiting="0.00" lane="bottom_0" pos="35.53" speed="29.52" angle="30.60" x="125.29" y="33.51"/>
    </timestep>
    <timestep time="6.01">
        <vehicle id="cfm-fast_0" eclass="HBEFA3/PC_G_EU4" CO2="175437.88" CO="4114.32" HC="23.16" NOx="81.48" PMx="4.80" fuel="75.41" electricity="0.00" noise="127.44" route="routebottom" type="cfm-fast" waiting="0.00" lane="right_1" pos="41.95" speed="58.36" angle="288.97" x="80.02" y="126.88"/>
        <vehicle id="cfm-fast_1" eclass="HBEFA3/PC_G_EU4" CO2="0.00" CO="0.00" HC="0.00" NOx="0.00" PMx="0.00" fuel="0.00" electricity="0.00" noise="70.50" route="routebottom" type="cfm-fast" waiting="0.00" lane="right_0" pos="10.31" speed="26.27" angle="345.94" x="128.69" y="85.56"/>
        <vehicle id="cfm-fast_2" eclass="HBEFA3/PC_G_EU4" CO2="199669.24" CO="4964.69" HC="27.67" NOx="92.77" PMx="5.59" fuel="85.83" electricity="0.00" noise="129.64" route="routetop" type="cfm-fast" waiting="0.00" lane="top_1" pos="42.45" speed="68.33" angle="198.11" x="0.19" y="79.03"/>
        <vehicle id="cfm-fast_3" eclass="HBEFA3/PC_G_EU4" CO2="4752.88" CO="25.68" HC="0.23" NOx="1.60" PMx="0.08" fuel="2.04" electricity="0.00" noise="71.15" route="routebottom" type="cfm-fast" waiting="0.00" lane="right_0" pos="27.63" speed="24.26" angle="314.76" x="108.01" y="115.99"/>
        <vehicle id="cfm-fast_4" eclass="HBEFA3/PC_G_EU4" CO2="68454.85" CO="2654.06" HC="13.93" NOx="30.74" PMx="2.32" fuel="29.43" electricity="0.00" noise="98.72" route="routebottom" type="cfm-fast" waiting="0.00" lane="bottom_1" pos="3.10" speed="77.38" angle="88.93" x="70.03" y="-1.33"/>
        <vehicle id="cfm-fast_5" eclass="HBEFA3/PC_G_EU4" CO2="16007.81" CO="257.31" HC="1.57" NOx="6.91" PMx="0.37" fuel="6.88" electricity="0.00" noise="75.89" route="routebottom" type="cfm-fast" waiting="0.00" lane="right_0" pos="43.05" speed="24.22" angle="287.08" x="78.59" y="130.62"/>
        <vehicle id="cfm-slow_0" eclass="HBEFA3/PC_G_EU4" CO2="23624.59" CO="420.19" HC="2.50" NOx="10.46" PMx="0.58" fuel="10.16" electricity="0.00" noise="80.24" route="routetop" type="cfm-slow" waiting="0.00" lane="top_0" pos="8.53" speed="26.04" angle="259.04" x="45.43" y="129.80"/>
        <vehicle id="cfm-slow_1" eclass="HBEFA3/PC_G_EU4" CO2="25658.41" CO="476.60" HC="2.81" NOx="11.36" PMx="0.64" fuel="11.03" electricity="0.00" noise="81.13" route="routetop" type="cfm-slow" waiting="0.00" lane="top_0" pos="29.89" speed="28.82" angle="220.72" x="8.31" y="104.19"/>
        <vehicle id="cfm-slow_2" eclass="HBEFA3/PC_G_EU4" CO2="18950.97" CO="357.92" HC="2.11" NOx="8.14" PMx="0.48" fuel="8.15" electricity="0.00" noise="78.23" route="routetop" type="cfm-slow" waiting="0.00" lane="left_0" pos="4.07" speed="31.41" angle="177.21" x="-4.37" y="54.84"/>
        <vehicle id="cfm-slow_3" eclass="HBEFA3/PC_G_EU4" CO2="0.00" CO="0.00" HC="0.00" NOx="0.00" PMx="0.00" fuel="0.00" electricity="0.00" noise="74.57" route="routetop" type="cfm-slow" waiting="0.00" lane="left_0" pos="30.81" speed="32.75" angle="129.07" x="24.75" y="7.16"/>
        <vehicle id="cfm-slow_4" eclass="HBEFA3/PC_G_EU4" CO2="0.00" CO="0.00" HC="0.00" NOx="0.00" PMx="0.00" fuel="0.00" electricity="0.00" noise="73.17" route="routebottom" type="cfm-slow" waiting="0.00" lane="bottom_0" pos="8.77" speed="32.04" angle="78.60" x="82.40" y="-2.33"/>
        <vehicle id="cfm-slow_5" eclass="HBEFA3/PC_G_EU4" CO2="0.00" CO="0.00" HC="0.00" NOx="0.00" PMx="0.00" fuel="0.00" electricity="0.00" noise="71.88" route="routebottom" type="cfm-slow" waiting="0.00" lane="bottom_0" pos="35.83" speed="29.49" angle="30.08" x="125.57" y="34.08"/>
    </timestep>
    <timestep time="6.02">
        <vehicle id="cfm-fast_0" eclass="HBEFA3/PC_G_EU4" CO2="175682.18" CO="4122.49" HC="23.21" NOx="81.60" PMx="4.81" fuel="75.52" electricity="0.00" noise="127.46" route="routebottom" type="cfm-fast" waiting="0.00" lane="right_1" pos="42.53" speed="58.46" angle="287.97" x="78.86" y="127.17"/>
        <vehicle id="cfm-fast_1" eclass="HBEFA3/PC_G_EU4" CO2="0.00" CO="0.00" HC="0.00" NOx="0.00" PMx="0.00" fuel="0.00" electricity="0.00" noise="70.50" route="routebottom" type="cfm-fast" waiting="0.00" lane="right_0" pos="10.58" speed="26.26" angle="345.44" x="128.50" y="86.09"/>
        <vehicle id="cfm-fast_2" eclass="HBEFA3/PC_G_EU4" CO2="198608.91" CO="4946.58" HC="27.57" NOx="92.27" PMx="5.56" fuel="85.37" electricity="0.00" noise="129.34" route="routetop" type="cfm-fast" waiting="0.00" lane="top_1" pos="43.13" speed="68.43" angle="196.88" x="-0.12" y="77.67"/>
        <vehicle id="cfm-fast_3" eclass="HBEFA3/PC_G_EU4" CO2="4847.75" CO="27.64" HC="0.25" NOx="1.64" PMx="0.08" fuel="2.08" electricity="0.00" noise="71.18" route="routebottom" type="cfm-fast" waiting="0.00" lane="right_0" pos="27.87" speed="24.26" angle="314.31" x="107.61" y="116.33"/>
        <vehicle id="cfm-fast_4" eclass="HBEFA3/PC_G_EU4" CO2="66314.23" CO="2610.61" HC="13.68" NOx="29.73" PMx="2.27" fuel="28.51" electricity="0.00" noise="98.28" route="routebottom" type="cfm-fast" waiting="0.00" lane="bottom_1" pos="3.87" speed="77.39" angle="87.57" x="71.61" y="-1.17"/>
        <vehicle id="cfm-fast_5" eclass="HBEFA3/PC_G_EU4" CO2="16070.95" CO="258.65" HC="1.58" NOx="6.94" PMx="0.38" fuel="6.91" electricity="0.00" noise="75.92" route="routebottom" type="cfm-fast" waiting="0.00" lane="right_0" pos="43.29" speed="24.24" angle="286.64" x="78.08" y="130.73"/>
        <vehicle id="cfm-slow_0" eclass="HBEFA3/PC_G_EU4" CO2="23643.94" CO="420.70" HC="2.50" NOx="10.47" PMx="0.58" fuel="10.16" electricity="0.00" noise="80.24" route="routetop" type="cfm-slow" waiting="0.00" lane="top_0" pos="8.79" speed="26.07" angle="258.57" x="44.89" y="129.65"/>
        <vehicle id="cfm-slow_1" eclass="HBEFA3/PC_G_EU4" CO2="25600.24" CO="475.57" HC="2.81" NOx="11.33" PMx="0.64" fuel="11.00" electricity="0.00" noise="81.10" route="routetop" type="cfm-slow" waiting="0.00" lane="top_0" pos="30.18" speed="28.84" angle="220.18" x="7.95" y="103.68"/>
        <vehicle id="cfm-slow_2" eclass="HBEFA3/PC_G_EU4" CO2="18799.90" CO="354.94" HC="2.09" NOx="8.07" PMx="0.47" fuel="8.08" electricity="0.00" noise="78.17" route="routetop" type="cfm-slow" waiting="0.00" lane="left_0" pos="4.38" speed="31.42" angle="176.64" x="-4.28" y="54.17"/>
        <vehicle id="cfm-slow_3" eclass="HBEFA3/PC_G_EU4" CO2="0.00" CO="0.00" HC="0.00" NOx="0.00" PMx="0.00" fuel="0.00" electricity="0.00" noise="74.55" route="routetop" type="cfm-slow" waiting="0.00" lane="left_0" pos="31.14" speed="32.75" angle="128.48" x="25.33" y="6.76"/>
        <vehicle id="cfm-slow_4" eclass="HBEFA3/PC_G_EU4" CO2="0.00" CO="0.00" HC="0.00" NOx="0.00" PMx="0.00" fuel="0.00" electricity="0.00" noise="73.16" route="routebottom" type="cfm-slow" waiting="0.00" lane="bottom_0" pos="9.09" speed="32.02" angle="78.06" x="83.06" y="-2.14"/>
        <vehicle id="cfm-slow_5" eclass="HBEFA3/PC_G_EU4" CO2="0.00" CO="0.00" HC="0.00" NOx="0.00" PMx="0.00" fuel="0.00" electricity="0.00" noise="71.87" route="routebottom" type="cfm-slow" waiting="0.00" lane="bottom_0" pos="36.12" speed="29.46" angle="29.56" x="125.84" y="34.65"/>
    </timestep>
    <timestep time="6.03">
        <vehicle id="cfm-fast_0" eclass="HBEFA3/PC_G_EU4" CO2="175916.19" CO="4130.46" HC="23.25" NOx="81.71" PMx="4.82" fuel="75.62" electricity="0.00" noise="127.48" route="routebottom" type="cfm-fast" waiting="0.00" lane="right_1" pos="43.12" speed="58.57" angle="286.94" x="77.69" y="127.44"/>
        <vehicle id="cfm-fast_1" eclass="HBEFA3/PC_G_EU4" CO2="0.00" CO="0.00" HC="0.00" NOx="0.00" PMx="0.00" fuel="0.00" electricity="0.00" noise="70.49" route="routebottom" type="cfm-fast" waiting="0.00" lane="right_0" pos="10.84" speed="26.24" angle="344.94" x="128.31" y="86.62"/>
        <vehicle id="cfm-fast_2" eclass="HBEFA3/PC_G_EU4" CO2="197536.91" CO="4928.21" HC="27.46" NOx="91.76" PMx="5.53" fuel="84.91" electricity="0.00" noise="129.04" route="routetop" type="cfm-fast" waiting="0.00" lane="top_1" pos="43.82" speed="68.52" angle="195.68" x="-0.41" y="76.29"/>
        <vehicle id="cfm-fast_3" eclass="HBEFA3/PC_G_EU4" CO2="4942.43" CO="29.59" HC="0.26" NOx="1.69" PMx="0.09" fuel="2.12" electricity="0.00" noise="71.21" route="routebottom" type="cfm-fast" waiting="0.00" lane="right_0" pos="28.11" speed="24.26" angle="313.87" x="107.22" y="116.67"/>
        <vehicle id="cfm-fast_4" eclass="HBEFA3/PC_G_EU4" CO2="64225.56" CO="2568.18" HC="13.43" NOx="28.75" PMx="2.21" fuel="27.61" electricity="0.00" noise="97.86" route="routebottom" type="cfm-fast" waiting="0.00" lane="bottom_1" pos="4.65" speed="77.40" angle="86.16" x="73.18" y="-0.95"/>
        <vehicle id="cfm-fast_5" eclass="HBEFA3/PC_G_EU4" CO2="16133.79" CO="260.00" HC="1.58" NOx="6.97" PMx="0.38" fuel="6.94" electricity="0.00" noise="75.96" route="routebottom" type="cfm-fast" waiting="0.00" lane="right_0" pos="43.54" speed="24.26" angle="286.21" x="77.57" y="130.85"/>
        <vehicle id="cfm-slow_0" eclass="HBEFA3/PC_G_EU4" CO2="23662.66" CO="421.20" HC="2.51" NOx="10.48" PMx="0.58" fuel="10.17" electricity="0.00" noise="80.25" route="routetop" type="cfm-slow" waiting="0.00" lane="top_0" pos="9.06" speed="26.10" angle="258.15" x="44.35" y="129.50"/>
        <vehicle id="cfm-slow_1" eclass="HBEFA3/PC_G_EU4" CO2="25541.21" CO="474.53" HC="2.80" NOx="11.30" PMx="0.64" fuel="10.98" electricity="0.00" noise="81.07" route="routetop" type="cfm-slow" waiting="0.00" lane="top_0" pos="30.47" speed="28.87" angle="219.64" x="7.59" y="103.18"/>
        <vehicle id="cfm-slow_2" eclass="HBEFA3/PC_G_EU4" CO2="18648.57" CO="351.95" HC="2.07" NOx="8.00" PMx="0.47" fuel="8.02" electricity="0.00" noise="78.12" route="routetop" type="cfm-slow" waiting="0.00" lane="left_0" pos="4.70" speed="31.44" angle="176.07" x="-4.19" y="53.50"/>
        <vehicle id="cfm-slow_3" eclass="HBEFA3/PC_G_EU4" CO2="0.00" CO="0.00" HC="0.00" NOx="0.00" PMx="0.00" fuel="0.00" electricity="0.00" noise="74.53" route="routetop" type="cfm-slow" waiting="0.00" lane="left_0" pos="31.47" speed="32.74" angle="127.89" x="25.92" y="6.37"/>
        <vehicle id="cfm-slow_4" eclass="HBEFA3/PC_G_EU4" CO2="0.00" CO="0.00" HC="0.00" NOx="0.00" PMx="0.00" fuel="0.00" electricity="0.00" noise="73.15" route="routebottom" type="cfm-slow" waiting="0.00" lane="bottom_0" pos="9.41" speed="32.00" angle="77.48" x="83.72" y="-1.94"/>
        <vehicle id="cfm-slow_5" eclass="HBEFA3/PC_G_EU4" CO2="0.00" CO="0.00" HC="0.00" NOx="0.00" PMx="0.00" fuel="0.00" electricity="0.00" noise="71.86" route="routebottom" type="cfm-slow" waiting="0.00" lane="bottom_0" pos="36.42" speed="29.43" angle="28.98" x="126.10" y="35.23"/>
    </timestep>
    <timestep time="6.04">
        <vehicle id="cfm-fast_0" eclass="HBEFA3/PC_G_EU4" CO2="176139.89" CO="4138.22" HC="23.29" NOx="81.81" PMx="4.83" fuel="75.71" electricity="0.00" noise="127.49" route="routebottom" type="cfm-fast" waiting="0.00" lane="right_1" pos="43.70" speed="58.67" angle="285.93" x="76.51" y="127.70"/>
        <vehicle id="cfm-fast_1" eclass="HBEFA3/PC_G_EU4" CO2="0.00" CO="0.00" HC="0.00" NOx="0.00" PMx="0.00" fuel="0.00" electricity="0.00" noise="70.49" route="routebottom" type="cfm-fast" waiting="0.00" lane="right_0" pos="11.10" speed="26.22" angle="344.44" x="128.11" y="87.15"/>
        <vehicle id="cfm-fast_2" eclass="HBEFA3/PC_G_EU4" CO2="196453.75" CO="4909.58" HC="27.34" NOx="91.25" PMx="5.51" fuel="84.45" electricity="0.00" noise="128.74" route="routetop" type="cfm-fast" waiting="0.00" lane="top_1" pos="44.50" speed="68.61" angle="194.41" x="-0.67" y="74.91"/>
        <vehicle id="cfm-fast_3" eclass="HBEFA3/PC_G_EU4" CO2="5036.90" CO="31.54" HC="0.27" NOx="1.73" PMx="0.09" fuel="2.17" electricity="0.00" noise="71.23" route="routebottom" type="cfm-fast" waiting="0.00" lane="right_0" pos="28.35" speed="24.26" angle="313.47" x="106.81" y="117.00"/>
        <vehicle id="cfm-fast_4" eclass="HBEFA3/PC_G_EU4" CO2="62188.06" CO="2526.76" HC="13.19" NOx="27.78" PMx="2.16" fuel="26.73" electricity="0.00" noise="97.44" route="routebottom" type="cfm-fast" waiting="0.00" lane="bottom_1" pos="5.42" speed="77.41" angle="84.75" x="74.75" y="-0.70"/>
        <vehicle id="cfm-fast_5" eclass="HBEFA3/PC_G_EU4" CO2="16196.32" CO="261.33" HC="1.59" NOx="7.00" PMx="0.38" fuel="6.96" electricity="0.00" noise="76.00" route="routebottom" type="cfm-fast" waiting="0.00" lane="right_0" pos="43.78" speed="24.28" angle="285.79" x="77.06" y="130.95"/>
        <vehicle id="cfm-slow_0" eclass="HBEFA3/PC_G_EU4" CO2="23680.73" CO="421.69" HC="2.51" NOx="10.49" PMx="0.58" fuel="10.18" electricity="0.00" noise="80.26" route="routetop" type="cfm-slow" waiting="0.00" lane="top_0" pos="9.32" speed="26.13" angle="257.68" x="43.81" y="129.33"/>
        <vehicle id="cfm-slow_1" eclass="HBEFA3/PC_G_EU4" CO2="25481.32" CO="473.47" HC="2.79" NOx="11.27" PMx="0.64" fuel="10.95" electricity="0.00" noise="81.03" route="routetop" type="cfm-slow" waiting="0.00" lane="top_0" pos="30.76" speed="28.90" angle="219.16" x="7.22" y="102.67"/>
        <vehicle id="cfm-slow_2" eclass="HBEFA3/PC_G_EU4" CO2="18496.97" CO="348.96" HC="2.06" NOx="7.92" PMx="0.46" fuel="7.95" electricity="0.00" noise="78.06" route="routetop" type="cfm-slow" waiting="0.00" lane="left_0" pos="5.01" speed="31.45" angle="175.43" x="-4.09" y="52.83"/>
        <vehicle id="cfm-slow_3" eclass="HBEFA3/PC_G_EU4" CO2="0.00" CO="0.00" HC="0.00" NOx="0.00" PMx="0.00" fuel="0.00" electricity="0.00" noise="74.50" route="routetop" type="cfm-slow" waiting="0.00" lane="left_0" pos="31.80" speed="32.74" angle="127.30" x="26.51" y="5.98"/>
        <vehicle id="cfm-slow_4" eclass="HBEFA3/PC_G_EU4" CO2="0.00" CO="0.00" HC="0.00" NOx="0.00" PMx="0.00" fuel="0.00" electricity="0.00" noise="73.14" route="routebottom" type="cfm-slow" waiting="0.00" lane="bottom_0" pos="9.73" speed="31.97" angle="76.89" x="84.37" y="-1.74"/>
        <vehicle id="cfm-slow_5" eclass="HBEFA3/PC_G_EU4" CO2="0.00" CO="0.00" HC="0.00" NOx="0.00" PMx="0.00" fuel="0.00" electricity="0.00" noise="71.85" route="routebottom" type="cfm-slow" waiting="0.00" lane="bottom_0" pos="36.71" speed="29.40" angle="28.41" x="126.36" y="35.81"/>
    </timestep>
    <timestep time="6.05">
        <vehicle id="cfm-fast_0" eclass="HBEFA3/PC_G_EU4" CO2="176353.24" CO="4145.77" HC="23.33" NOx="81.91" PMx="4.83" fuel="75.81" electricity="0.00" noise="127.51" route="routebottom" type="cfm-fast" waiting="0.00" lane="right_1" pos="44.29" speed="58.77" angle="284.79" x="75.33" y="127.91"/>
        <vehicle id="cfm-fast_1" eclass="HBEFA3/PC_G_EU4" CO2="0.00" CO="0.00" HC="0.00" NOx="0.00" PMx="0.00" fuel="0.00" electricity="0.00" noise="70.48" route="routebottom" type="cfm-fast" waiting="0.00" lane="right_0" pos="11.36" speed="26.20" angle="343.94" x="127.92" y="87.68"/>
        <vehicle id="cfm-fast_2" eclass="HBEFA3/PC_G_EU4" CO2="195359.92" CO="4890.71" HC="27.23" NOx="90.73" PMx="5.48" fuel="83.98" electricity="0.00" noise="128.44" route="routetop" type="cfm-fast" waiting="0.00" lane="top_1" pos="45.19" speed="68.70" angle="193.22" x="-0.90" y="73.52"/>
        <vehicle id="cfm-fast_3" eclass="HBEFA3/PC_G_EU4" CO2="5131.17" CO="33.48" HC="0.28" NOx="1.77" PMx="0.09" fuel="2.21" electricity="0.00" noise="71.26" route="routebottom" type="cfm-fast" waiting="0.00" lane="right_0" pos="28.60" speed="24.26" angle="313.03" x="106.40" y="117.32"/>
        <vehicle id="cfm-fast_4" eclass="HBEFA3/PC_G_EU4" CO2="60200.95" CO="2486.33" HC="12.96" NOx="26.85" PMx="2.11" fuel="25.88" electricity="0.00" noise="97.04" route="routebottom" type="cfm-fast" waiting="0.00" lane="bottom_1" pos="6.20" speed="77.42" angle="83.29" x="76.31" y="-0.41"/>
        <vehicle id="cfm-fast_5" eclass="HBEFA3/PC_G_EU4" CO2="16258.54" CO="262.67" HC="1.60" NOx="7.02" PMx="0.38" fuel="6.99" electricity="0.00" noise="76.03" route="routebottom" type="cfm-fast" waiting="0.00" lane="right_0" pos="44.02" speed="24.30" angle="285.33" x="76.54" y="131.04"/>
        <vehicle id="cfm-slow_0" eclass="HBEFA3/PC_G_EU4" CO2="23698.16" CO="422.17" HC="2.51" NOx="10.49" PMx="0.58" fuel="10.19" electricity="0.00" noise="80.27" route="routetop" type="cfm-slow" waiting="0.00" lane="top_0" pos="9.58" speed="26.16" angle="257.20" x="43.28" y="129.17"/>
        <vehicle id="cfm-slow_1" eclass="HBEFA3/PC_G_EU4" CO2="25420.59" CO="472.39" HC="2.79" NOx="11.24" PMx="0.63" fuel="10.93" electricity="0.00" noise="81.00" route="routetop" type="cfm-slow" waiting="0.00" lane="top_0" pos="31.05" speed="28.92" angle="218.65" x="6.88" y="102.16"/>
        <vehicle id="cfm-slow_2" eclass="HBEFA3/PC_G_EU4" CO2="18345.13" CO="345.96" HC="2.04" NOx="7.85" PMx="0.46" fuel="7.89" electricity="0.00" noise="78.01" route="routetop" type="cfm-slow" waiting="0.00" lane="left_0" pos="5.33" speed="31.47" angle="174.90" x="-3.98" y="52.16"/>
        <vehicle id="cfm-slow_3" eclass="HBEFA3/PC_G_EU4" CO2="0.00" CO="0.00" HC="0.00" NOx="0.00" PMx="0.00" fuel="0.00" electricity="0.00" noise="74.48" route="routetop" type="cfm-slow" waiting="0.00" lane="left_0" pos="32.12" speed="32.73" angle="126.76" x="27.10" y="5.60"/>
        <vehicle id="cfm-slow_4" eclass="HBEFA3/PC_G_EU4" CO2="0.00" CO="0.00" HC="0.00" NOx="0.00" PMx="0.00" fuel="0.00" electricity="0.00" noise="73.13" route="routebottom" type="cfm-slow" waiting="0.00" lane="bottom_0" pos="10.05" speed="31.95" angle="76.30" x="85.03" y="-1.53"/>
        <vehicle id="cfm-slow_5" eclass="HBEFA3/PC_G_EU4" CO2="0.00" CO="0.00" HC="0.00" NOx="0.00" PMx="0.00" fuel="0.00" electricity="0.00" noise="71.83" route="routebottom" type="cfm-slow" waiting="0.00" lane="bottom_0" pos="37.01" speed="29.37" angle="27.84" x="126.61" y="36.39"/>
    </timestep>
    <timestep time="6.06">
        <vehicle id="cfm-fast_0" eclass="HBEFA3/PC_G_EU4" CO2="176556.22" CO="4153.12" HC="23.37" NOx="82.00" PMx="4.84" fuel="75.89" electricity="0.00" noise="127.51" route="routebottom" type="cfm-fast" waiting="0.00" lane="right_1" pos="44.88" speed="58.87" angle="283.72" x="74.14" y="128.13"/>
        <vehicle id="cfm-fast_1" eclass="HBEFA3/PC_G_EU4" CO2="0.00" CO="0.00" HC="0.00" NOx="0.00" PMx="0.00" fuel="0.00" electricity="0.00" noise="70.48" route="routebottom" type="cfm-fast" waiting="0.00" lane="right_0" pos="11.62" speed="26.19" angle="343.51" x="127.72" y="88.21"/>
        <vehicle id="cfm-fast_2" eclass="HBEFA3/PC_G_EU4" CO2="194255.92" CO="4871.60" HC="27.12" NOx="90.21" PMx="5.45" fuel="83.50" electricity="0.00" noise="128.14" route="routetop" type="cfm-fast" waiting="0.00" lane="top_1" pos="45.88" speed="68.80" angle="191.96" x="-1.10" y="72.12"/>
        <vehicle id="cfm-fast_3" eclass="HBEFA3/PC_G_EU4" CO2="5225.23" CO="35.42" HC="0.29" NOx="1.82" PMx="0.09" fuel="2.25" electricity="0.00" noise="71.29" route="routebottom" type="cfm-fast" waiting="0.00" lane="right_0" pos="28.84" speed="24.26" angle="312.59" x="105.99" y="117.64"/>
        <vehicle id="cfm-fast_4" eclass="HBEFA3/PC_G_EU4" CO2="58263.47" CO="2446.87" HC="12.73" NOx="25.93" PMx="2.06" fuel="25.05" electricity="0.00" noise="96.66" route="routebottom" type="cfm-fast" waiting="0.00" lane="bottom_1" pos="6.97" speed="77.43" angle="81.92" x="77.86" y="-0.07"/>
        <vehicle id="cfm-fast_5" eclass="HBEFA3/PC_G_EU4" CO2="16320.44" CO="263.99" HC="1.61" NOx="7.05" PMx="0.38" fuel="7.02" electricity="0.00" noise="76.07" route="routebottom" type="cfm-fast" waiting="0.00" lane="right_0" pos="44.26" speed="24.32" angle="284.87" x="76.03" y="131.14"/>
        <vehicle id="cfm-slow_0" eclass="HBEFA3/PC_G_EU4" CO2="23714.95" CO="422.63" HC="2.52" NOx="10.50" PMx="0.58" fuel="10.19" electricity="0.00" noise="80.27" route="routetop" type="cfm-slow" waiting="0.00" lane="top_0" pos="9.84" speed="26.19" angle="256.73" x="42.74" y="129.00"/>
        <vehicle id="cfm-slow_1" eclass="HBEFA3/PC_G_EU4" CO2="25359.01" CO="471.29" HC="2.78" NOx="11.22" PMx="0.63" fuel="10.90" electricity="0.00" noise="80.97" route="routetop" type="cfm-slow" waiting="0.00" lane="top_0" pos="31.34" speed="28.95" angle="218.13" x="6.53" y="101.64"/>
        <vehicle id="cfm-slow_2" eclass="HBEFA3/PC_G_EU4" CO2="18193.05" CO="342.95" HC="2.02" NOx="7.78" PMx="0.46" fuel="7.82" electricity="0.00" noise="77.95" route="routetop" type="cfm-slow" waiting="0.00" lane="left_0" pos="5.64" speed="31.48" angle="174.32" x="-3.86" y="51.49"/>
        <vehicle id="cfm-slow_3" eclass="HBEFA3/PC_G_EU4" CO2="0.00" CO="0.00" HC="0.00" NOx="0.00" PMx="0.00" fuel="0.00" electricity="0.00" noise="74.46" route="routetop" type="cfm-slow" waiting="0.00" lane="left_0" pos="32.45" speed="32.73" angle="126.15" x="27.70" y="5.24"/>
        <vehicle id="cfm-slow_4" eclass="HBEFA3/PC_G_EU4" CO2="0.00" CO="0.00" HC="0.00" NOx="0.00" PMx="0.00" fuel="0.00" electricity="0.00" noise="73.11" route="routebottom" type="cfm-slow" waiting="0.00" lane="bottom_0" pos="10.37" speed="31.93" angle="75.78" x="85.68" y="-1.32"/>
        <vehicle id="cfm-slow_5" eclass="HBEFA3/PC_G_EU4" CO2="0.00" CO="0.00" HC="0.00" NOx="0.00" PMx="0.00" fuel="0.00" electricity="0.00" noise="71.82" route="routebottom" type="cfm-slow" waiting="0.00" lane="bottom_0" pos="37.30" speed="29.34" angle="27.37" x="126.86" y="36.97"/>
    </timestep>
    <timestep time="6.07">
        <vehicle id="cfm-fast_0" eclass="HBEFA3/PC_G_EU4" CO2="176748.80" CO="4160.26" HC="23.41" NOx="82.09" PMx="4.85" fuel="75.98" electricity="0.00" noise="127.52" route="routebottom" type="cfm-fast" waiting="0.00" lane="right_1" pos="45.47" speed="58.97" angle="282.65" x="72.94" y="128.30"/>
        <vehicle id="cfm-fast_1" eclass="HBEFA3/PC_G_EU4" CO2="0.00" CO="0.00" HC="0.00" NOx="0.00" PMx="0.00" fuel="0.00" electricity="0.00" noise="70.48" route="routebottom" type="cfm-fast" waiting="0.00" lane="right_0" pos="11.89" speed="26.17" angle="343.04" x="127.51" y="88.73"/>
        <vehicle id="cfm-fast_2" eclass="HBEFA3/PC_G_EU4" CO2="193142.22" CO="4852.27" HC="27.00" NOx="89.68" PMx="5.43" fuel="83.02" electricity="0.00" noise="127.84" route="routetop" type="cfm-fast" waiting="0.00" lane="top_1" pos="46.57" speed="68.89" angle="190.74" x="-1.26" y="70.72"/>
        <vehicle id="cfm-fast_3" eclass="HBEFA3/PC_G_EU4" CO2="5319.09" CO="37.36" HC="0.30" NOx="1.86" PMx="0.10" fuel="2.29" electricity="0.00" noise="71.32" route="routebottom" type="cfm-fast" waiting="0.00" lane="right_0" pos="29.08" speed="24.27" angle="312.15" x="105.58" y="117.96"/>
        <vehicle id="cfm-fast_4" eclass="HBEFA3/PC_G_EU4" CO2="56374.83" CO="2408.38" HC="12.51" NOx="25.04" PMx="2.01" fuel="24.23" electricity="0.00" noise="96.28" route="routebottom" type="cfm-fast" waiting="0.00" lane="bottom_1" pos="7.74" speed="77.44" angle="80.56" x="79.41" y="0.28"/>
        <vehicle id="cfm-fast_5" eclass="HBEFA3/PC_G_EU4" CO2="16382.02" CO="265.31" HC="1.61" NOx="7.08" PMx="0.38" fuel="7.04" electricity="0.00" noise="76.10" route="routebottom" type="cfm-fast" waiting="0.00" lane="right_0" pos="44.51" speed="24.34" angle="284.40" x="75.52" y="131.23"/>
        <vehicle id="cfm-slow_0" eclass="HBEFA3/PC_G_EU4" CO2="23731.09" CO="423.08" HC="2.52" NOx="10.51" PMx="0.58" fuel="10.20" electricity="0.00" noise="80.28" route="routetop" type="cfm-slow" waiting="0.00" lane="top_0" pos="10.10" speed="26.21" angle="256.26" x="42.20" y="128.83"/>
        <vehicle id="cfm-slow_1" eclass="HBEFA3/PC_G_EU4" CO2="25296.59" CO="470.18" HC="2.77" NOx="11.19" PMx="0.63" fuel="10.87" electricity="0.00" noise="80.94" route="routetop" type="cfm-slow" waiting="0.00" lane="top_0" pos="31.63" speed="28.98" angle="217.60" x="6.19" y="101.12"/>
        <vehicle id="cfm-slow_2" eclass="HBEFA3/PC_G_EU4" CO2="18040.75" CO="339.94" HC="2.00" NOx="7.71" PMx="0.45" fuel="7.75" electricity="0.00" noise="77.90" route="routetop" type="cfm-slow" waiting="0.00" lane="left_0" pos="5.96" speed="31.50" angle="173.75" x="-3.73" y="50.83"/>
        <vehicle id="cfm-slow_3" eclass="HBEFA3/PC_G_EU4" CO2="0.00" CO="0.00" HC="0.00" NOx="0.00" PMx="0.00" fuel="0.00" electricity="0.00" noise="74.43" route="routetop" type="cfm-slow" waiting="0.00" lane="left_0" pos="32.78" speed="32.72" angle="125.54" x="28.30" y="4.87"/>
        <vehicle id="cfm-slow_4" eclass="HBEFA3/PC_G_EU4" CO2="0.00" CO="0.00" HC="0.00" NOx="0.00" PMx="0.00" fuel="0.00" electricity="0.00" noise="73.10" route="routebottom" type="cfm-slow" waiting="0.00" lane="bottom_0" pos="10.69" speed="31.90" angle="75.18" x="86.33" y="-1.09"/>
        <vehicle id="cfm-slow_5" eclass="HBEFA3/PC_G_EU4" CO2="0.00" CO="0.00" HC="0.00" NOx="0.00" PMx="0.00" fuel="0.00" electricity="0.00" noise="71.81" route="routebottom" type="cfm-slow" waiting="0.00" lane="bottom_0" pos="37.59" speed="29.31" angle="26.84" x="127.10" y="37.55"/>
    </timestep>
    <timestep time="6.08">
        <vehicle id="cfm-fast_0" eclass="HBEFA3/PC_G_EU4" CO2="176930.97" CO="4167.18" HC="23.44" NOx="82.18" PMx="4.85" fuel="76.05" electricity="0.00" noise="127.52" route="routebottom" type="cfm-fast" waiting="0.00" lane="right_1" pos="46.06" speed="59.07" angle="281.58" x="71.75" y="128.47"/>
        <vehicle id="cfm-fast_1" eclass="HBEFA3/PC_G_EU4" CO2="0.00" CO="0.00" HC="0.00" NOx="0.00" PMx="0.00" fuel="0.00" electricity="0.00" noise="70.48" route="routebottom" type="cfm-fast" waiting="0.00" lane="right_0" pos="12.15" speed="26.15" angle="342.56" x="127.30" y="89.25"/>
        <vehicle id="cfm-fast_2" eclass="HBEFA3/PC_G_EU4" CO2="192019.30" CO="4832.73" HC="26.89" NOx="89.15" PMx="5.40" fuel="82.54" electricity="0.00" noise="127.54" route="routetop" type="cfm-fast" waiting="0.00" lane="top_1" pos="47.25" speed="68.98" angle="189.45" x="-1.40" y="69.31"/>
        <vehicle id="cfm-fast_3" eclass="HBEFA3/PC_G_EU4" CO2="5412.73" CO="39.29" HC="0.31" NOx="1.91" PMx="0.10" fuel="2.33" electricity="0.00" noise="71.34" route="routebottom" type="cfm-fast" waiting="0.00" lane="right_0" pos="29.33" speed="24.27" angle="311.70" x="105.17" y="118.29"/>
        <vehicle id="cfm-fast_4" eclass="HBEFA3/PC_G_EU4" CO2="54534.29" CO="2370.83" HC="12.29" NOx="24.17" PMx="1.96" fuel="23.44" electricity="0.00" noise="95.92" route="routebottom" type="cfm-fast" waiting="0.00" lane="bottom_1" pos="8.52" speed="77.45" angle="79.10" x="80.95" y="0.69"/>
        <vehicle id="cfm-fast_5" eclass="HBEFA3/PC_G_EU4" CO2="16443.28" CO="266.62" HC="1.62" NOx="7.11" PMx="0.39" fuel="7.07" electricity="0.00" noise="76.14" route="routebottom" type="cfm-fast" waiting="0.00" lane="right_0" pos="44.75" speed="24.36" angle="283.94" x="75.00" y="131.33"/>
        <vehicle id="cfm-slow_0" eclass="HBEFA3/PC_G_EU4" CO2="23746.58" CO="423.52" HC="2.52" NOx="10.51" PMx="0.58" fuel="10.21" electricity="0.00" noise="80.29" route="routetop" type="cfm-slow" waiting="0.00" lane="top_0" pos="10.36" speed="26.24" angle="255.83" x="41.66" y="128.65"/>
        <vehicle id="cfm-slow_1" eclass="HBEFA3/PC_G_EU4" CO2="25233.32" CO="469.05" HC="2.77" NOx="11.15" PMx="0.63" fuel="10.85" electricity="0.00" noise="80.90" route="routetop" type="cfm-slow" waiting="0.00" lane="top_0" pos="31.92" speed="29.00" angle="217.08" x="5.84" y="100.60"/>
        <vehicle id="cfm-slow_2" eclass="HBEFA3/PC_G_EU4" CO2="17888.23" CO="336.92" HC="1.99" NOx="7.63" PMx="0.45" fuel="7.69" electricity="0.00" noise="77.84" route="routetop" type="cfm-slow" waiting="0.00" lane="left_0" pos="6.27" speed="31.51" angle="173.19" x="-3.61" y="50.16"/>
        <vehicle id="cfm-slow_3" eclass="HBEFA3/PC_G_EU4" CO2="0.00" CO="0.00" HC="0.00" NOx="0.00" PMx="0.00" fuel="0.00" electricity="0.00" noise="74.41" route="routetop" type="cfm-slow" waiting="0.00" lane="left_0" pos="33.10" speed="32.72" angle="124.93" x="28.91" y="4.51"/>
        <vehicle id="cfm-slow_4" eclass="HBEFA3/PC_G_EU4" CO2="0.00" CO="0.00" HC="0.00" NOx="0.00" PMx="0.00" fuel="0.00" electricity="0.00" noise="73.09" route="routebottom" type="cfm-slow" waiting="0.00" lane="bottom_0" pos="11.01" speed="31.88" angle="74.59" x="86.97" y="-0.86"/>
        <vehicle id="cfm-slow_5" eclass="HBEFA3/PC_G_EU4" CO2="0.00" CO="0.00" HC="0.00" NOx="0.00" PMx="0.00" fuel="0.00" electricity="0.00" noise="71.79" route="routebottom" type="cfm-slow" waiting="0.00" lane="bottom_0" pos="37.88" speed="29.28" angle="26.31" x="127.33" y="38.14"/>
    </timestep>
    <timestep time="6.09">
        <vehicle id="cfm-fast_0" eclass="HBEFA3/PC_G_EU4" CO2="177102.72" CO="4173.90" HC="23.48" NOx="82.26" PMx="4.86" fuel="76.13" electricity="0.00" noise="127.52" route="routebottom" type="cfm-fast" waiting="0.00" lane="right_1" pos="46.65" speed="59.17" angle="280.57" x="70.54" y="128.60"/>
        <vehicle id="cfm-fast_1" eclass="HBEFA3/PC_G_EU4" CO2="0.00" CO="0.00" HC="0.00" NOx="0.00" PMx="0.00" fuel="0.00" electricity="0.00" noise="70.47" route="routebottom" type="cfm-fast" waiting="0.00" lane="right_0" pos="12.41" speed="26.14" angle="342.08" x="127.10" y="89.78"/>
        <vehicle id="cfm-fast_2" eclass="HBEFA3/PC_G_EU4" CO2="190887.62" CO="4812.98" HC="26.77" NOx="88.62" PMx="5.37" fuel="82.05" electricity="0.00" noise="127.23" route="routetop" type="cfm-fast" waiting="0.00" lane="top_1" pos="47.95" speed="69.06" angle="188.24" x="-1.50" y="67.90"/>
        <vehicle id="cfm-fast_3" eclass="HBEFA3/PC_G_EU4" CO2="5506.17" CO="41.22" HC="0.32" NOx="1.95" PMx="0.10" fuel="2.37" electricity="0.00" noise="71.37" route="routebottom" type="cfm-fast" waiting="0.00" lane="right_0" pos="29.57" speed="24.27" angle="311.32" x="104.75" y="118.60"/>
        <vehicle id="cfm-fast_4" eclass="HBEFA3/PC_G_EU4" CO2="52741.07" CO="2334.22" HC="12.08" NOx="23.33" PMx="1.92" fuel="22.67" electricity="0.00" noise="95.57" route="routebottom" type="cfm-fast" waiting="0.00" lane="bottom_1" pos="9.29" speed="77.46" angle="77.73" x="82.47" y="1.13"/>
        <vehicle id="cfm-fast_5" eclass="HBEFA3/PC_G_EU4" CO2="16504.21" CO="267.93" HC="1.63" NOx="7.14" PMx="0.39" fuel="7.09" electricity="0.00" noise="76.17" route="routebottom" type="cfm-fast" waiting="0.00" lane="right_0" pos="44.99" speed="24.38" angle="283.56" x="74.48" y="131.42"/>
        <vehicle id="cfm-slow_0" eclass="HBEFA3/PC_G_EU4" CO2="23761.41" CO="423.94" HC="2.52" NOx="10.52" PMx="0.58" fuel="10.21" electricity="0.00" noise="80.29" route="routetop" type="cfm-slow" waiting="0.00" lane="top_0" pos="10.63" speed="26.27" angle="255.34" x="41.13" y="128.46"/>
        <vehicle id="cfm-slow_1" eclass="HBEFA3/PC_G_EU4" CO2="25169.23" CO="467.90" HC="2.76" NOx="11.12" PMx="0.63" fuel="10.82" electricity="0.00" noise="80.87" route="routetop" type="cfm-slow" waiting="0.00" lane="top_0" pos="32.21" speed="29.03" angle="216.60" x="5.51" y="100.07"/>
        <vehicle id="cfm-slow_2" eclass="HBEFA3/PC_G_EU4" CO2="17735.50" CO="333.90" HC="1.97" NOx="7.56" PMx="0.44" fuel="7.62" electricity="0.00" noise="77.79" route="routetop" type="cfm-slow" waiting="0.00" lane="left_0" pos="6.59" speed="31.53" angle="172.63" x="-3.47" y="49.50"/>
        <vehicle id="cfm-slow_3" eclass="HBEFA3/PC_G_EU4" CO2="0.00" CO="0.00" HC="0.00" NOx="0.00" PMx="0.00" fuel="0.00" electricity="0.00" noise="74.39" route="routetop" type="cfm-slow" waiting="0.00" lane="left_0" pos="33.43" speed="32.71" angle="124.38" x="29.51" y="4.15"/>
        <vehicle id="cfm-slow_4" eclass="HBEFA3/PC_G_EU4" CO2="0.00" CO="0.00" HC="0.00" NOx="0.00" PMx="0.00" fuel="0.00" electricity="0.00" noise="73.08" route="routebottom" type="cfm-slow" waiting="0.00" lane="bottom_0" pos="11.33" speed="31.86" angle="73.99" x="87.62" y="-0.62"/>
        <vehicle id="cfm-slow_5" eclass="HBEFA3/PC_G_EU4" CO2="0.00" CO="0.00" HC="0.00" NOx="0.00" PMx="0.00" fuel="0.00" electricity="0.00" noise="71.78" route="routebottom" type="cfm-slow" waiting="0.00" lane="bottom_0" pos="38.18" speed="29.25" angle="25.78" x="127.57" y="38.72"/>
    </timestep>
    <timestep time="6.10">
        <vehicle id="cfm-fast_0" eclass="HBEFA3/PC_G_EU4" CO2="177264.03" CO="4180.41" HC="23.51" NOx="82.33" PMx="4.86" fuel="76.20" electricity="0.00" noise="127.52" route="routebottom" type="cfm-fast" waiting="0.00" lane="right_1" pos="47.25" speed="59.27" angle="279.51" x="69.33" y="128.73"/>
        <vehicle id="cfm-fast_1" eclass="HBEFA3/PC_G_EU4" CO2="0.00" CO="0.00" HC="0.00" NOx="0.00" PMx="0.00" fuel="0.00" electricity="0.00" noise="70.47" route="routebottom" type="cfm-fast" waiting="0.00" lane="right_0" pos="12.67" speed="26.12" angle="341.61" x="126.89" y="90.30"/>
        <vehicle id="cfm-fast_2" eclass="HBEFA3/PC_G_EU4" CO2="189747.65" CO="4793.03" HC="26.65" NOx="88.08" PMx="5.34" fuel="81.56" electricity="0.00" noise="126.92" route="routetop" type="cfm-fast" waiting="0.00" lane="top_1" pos="48.64" speed="69.15" angle="186.98" x="-1.59" y="66.48"/>
        <vehicle id="cfm-fast_3" eclass="HBEFA3/PC_G_EU4" CO2="5599.39" CO="43.15" HC="0.34" NOx="2.00" PMx="0.10" fuel="2.41" electricity="0.00" noise="71.40" route="routebottom" type="cfm-fast" waiting="0.00" lane="right_0" pos="29.81" speed="24.27" angle="310.87" x="104.33" y="118.91"/>
        <vehicle id="cfm-fast_4" eclass="HBEFA3/PC_G_EU4" CO2="50994.43" CO="2298.52" HC="11.88" NOx="22.50" PMx="1.87" fuel="21.92" electricity="0.00" noise="95.23" route="routebottom" type="cfm-fast" waiting="0.00" lane="bottom_1" pos="10.07" speed="77.46" angle="76.32" x="83.99" y="1.60"/>
        <vehicle id="cfm-fast_5" eclass="HBEFA3/PC_G_EU4" CO2="16564.81" CO="269.23" HC="1.64" NOx="7.17" PMx="0.39" fuel="7.12" electricity="0.00" noise="76.21" route="routebottom" type="cfm-fast" waiting="0.00" lane="right_0" pos="45.24" speed="24.39" angle="283.12" x="73.96" y="131.49"/>
        <vehicle id="cfm-slow_0" eclass="HBEFA3/PC_G_EU4" CO2="23775.59" CO="424.35" HC="2.52" NOx="10.53" PMx="0.58" fuel="10.22" electricity="0.00" noise="80.30" route="routetop" type="cfm-slow" waiting="0.00" lane="top_0" pos="10.89" speed="26.30" angle="254.84" x="40.60" y="128.27"/>
        <vehicle id="cfm-slow_1" eclass="HBEFA3/PC_G_EU4" CO2="25104.30" CO="466.73" HC="2.75" NOx="11.09" PMx="0.63" fuel="10.79" electricity="0.00" noise="80.83" route="routetop" type="cfm-slow" waiting="0.00" lane="top_0" pos="32.50" speed="29.05" angle="216.05" x="5.19" y="99.54"/>
        <vehicle id="cfm-slow_2" eclass="HBEFA3/PC_G_EU4" CO2="17582.59" CO="330.87" HC="1.95" NOx="7.49" PMx="0.44" fuel="7.56" electricity="0.00" noise="77.74" route="routetop" type="cfm-slow" waiting="0.00" lane="left_0" pos="6.90" speed="31.54" angle="172.03" x="-3.32" y="48.84"/>
        <vehicle id="cfm-slow_3" eclass="HBEFA3/PC_G_EU4" CO2="0.00" CO="0.00" HC="0.00" NOx="0.00" PMx="0.00" fuel="0.00" electricity="0.00" noise="74.37" route="routetop" type="cfm-slow" waiting="0.00" lane="left_0" pos="33.76" speed="32.71" angle="123.78" x="30.13" y="3.81"/>
        <vehicle id="cfm-slow_4" eclass="HBEFA3/PC_G_EU4" CO2="0.00" CO="0.00" HC="0.00" NOx="0.00" PMx="0.00" fuel="0.00" electricity="0.00" noise="73.07" route="routebottom" type="cfm-slow" waiting="0.00" lane="bottom_0" pos="11.65" speed="31.83" angle="73.48" x="88.26" y="-0.38"/>
        <vehicle id="cfm-slow_5" eclass="HBEFA3/PC_G_EU4" CO2="0.00" CO="0.00" HC="0.00" NOx="0.00" PMx="0.00" fuel="0.00" electricity="0.00" noise="71.77" route="routebottom" type="cfm-slow" waiting="0.00" lane="bottom_0" pos="38.47" speed="29.23" angle="25.30" x="127.80" y="39.31"/>
    </timestep>
    <timestep time="6.11">
        <vehicle id="cfm-fast_0" eclass="HBEFA3/PC_G_EU4" CO2="177414.90" CO="4186.71" HC="23.55" NOx="82.40" PMx="4.87" fuel="76.26" electricity="0.00" noise="127.51" route="routebottom" type="cfm-fast" waiting="0.00" lane="right_1" pos="47.84" speed="59.37" angle="278.45" x="68.12" y="128.82"/>
        <vehicle id="cfm-fast_1" eclass="HBEFA3/PC_G_EU4" CO2="0.00" CO="0.00" HC="0.00" NOx="0.00" PMx="0.00" fuel="0.00" electricity="0.00" noise="70.47" route="routebottom" type="cfm-fast" waiting="0.00" lane="right_0" pos="12.93" speed="26.10" angle="341.19" x="126.67" y="90.81"/>
        <vehicle id="cfm-fast_2" eclass="HBEFA3/PC_G_EU4" CO2="188599.83" CO="4772.90" HC="26.53" NOx="87.54" PMx="5.31" fuel="81.07" electricity="0.00" noise="126.62" route="routetop" type="cfm-fast" waiting="0.00" lane="top_1" pos="49.33" speed="69.24" angle="185.72" x="-1.62" y="65.06"/>
        <vehicle id="cfm-fast_3" eclass="HBEFA3/PC_G_EU4" CO2="5692.40" CO="45.07" HC="0.35" NOx="2.04" PMx="0.11" fuel="2.45" electricity="0.00" noise="71.43" route="routebottom" type="cfm-fast" waiting="0.00" lane="right_0" pos="30.05" speed="24.28" angle="310.41" x="103.90" y="119.21"/>
        <vehicle id="cfm-fast_4" eclass="HBEFA3/PC_G_EU4" CO2="49293.61" CO="2263.73" HC="11.68" NOx="21.70" PMx="1.83" fuel="21.19" electricity="0.00" noise="94.91" route="routebottom" type="cfm-fast" waiting="0.00" lane="bottom_1" pos="10.84" speed="77.47" angle="74.95" x="85.49" y="2.12"/>
        <vehicle id="cfm-fast_5" eclass="HBEFA3/PC_G_EU4" CO2="16625.08" CO="270.52" HC="1.64" NOx="7.19" PMx="0.39" fuel="7.15" electricity="0.00" noise="76.24" route="routebottom" type="cfm-fast" waiting="0.00" lane="right_0" pos="45.48" speed="24.41" angle="282.69" x="73.44" y="131.56"/>
        <vehicle id="cfm-slow_0" eclass="HBEFA3/PC_G_EU4" CO2="23789.11" CO="424.75" HC="2.53" NOx="10.53" PMx="0.58" fuel="10.23" electricity="0.00" noise="80.30" route="routetop" type="cfm-slow" waiting="0.00" lane="top_0" pos="11.15" speed="26.32" angle="254.34" x="40.07" y="128.08"/>
        <vehicle id="cfm-slow_1" eclass="HBEFA3/PC_G_EU4" CO2="25038.55" CO="465.55" HC="2.75" NOx="11.06" PMx="0.62" fuel="10.76" electricity="0.00" noise="80.80" route="routetop" type="cfm-slow" waiting="0.00" lane="top_0" pos="32.79" speed="29.08" angle="215.50" x="4.86" y="99.00"/>
        <vehicle id="cfm-slow_2" eclass="HBEFA3/PC_G_EU4" CO2="17429.49" CO="327.83" HC="1.93" NOx="7.42" PMx="0.44" fuel="7.49" electricity="0.00" noise="77.68" route="routetop" type="cfm-slow" waiting="0.00" lane="left_0" pos="7.22" speed="31.55" angle="171.42" x="-3.16" y="48.17"/>
        <vehicle id="cfm-slow_3" eclass="HBEFA3/PC_G_EU4" CO2="0.00" CO="0.00" HC="0.00" NOx="0.00" PMx="0.00" fuel="0.00" electricity="0.00" noise="74.35" route="routetop" type="cfm-slow" waiting="0.00" lane="left_0" pos="34.09" speed="32.70" angle="123.18" x="30.75" y="3.47"/>
        <vehicle id="cfm-slow_4" eclass="HBEFA3/PC_G_EU4" CO2="0.00" CO="0.00" HC="0.00" NOx="0.00" PMx="0.00" fuel="0.00" electricity="0.00" noise="73.05" route="routebottom" type="cfm-slow" waiting="0.00" lane="bottom_0" pos="11.97" speed="31.81" angle="72.91" x="88.89" y="-0.13"/>
        <vehicle id="cfm-slow_5" eclass="HBEFA3/PC_G_EU4" CO2="0.00" CO="0.00" HC="0.00" NOx="0.00" PMx="0.00" fuel="0.00" electricity="0.00" noise="71.76" route="routebottom" type="cfm-slow" waiting="0.00" lane="bottom_0" pos="38.76" speed="29.20" angle="24.78" x="128.01" y="39.90"/>
    </timestep>
    <timestep time="6.12">
        <vehicle id="cfm-fast_0" eclass="HBEFA3/PC_G_EU4" CO2="177555.33" CO="4192.79" HC="23.58" NOx="82.47" PMx="4.87" fuel="76.32" electricity="0.00" noise="127.50" route="routebottom" type="cfm-fast" waiting="0.00" lane="right_1" pos="48.43" speed="59.47" angle="277.31" x="66.90" y="128.89"/>
        <vehicle id="cfm-fast_1" eclass="HBEFA3/PC_G_EU4" CO2="0.00" CO="0.00" HC="0.00" NOx="0.00" PMx="0.00" fuel="0.00" electricity="0.00" noise="70.47" route="routebottom" type="cfm-fast" waiting="0.00" lane="right_0" pos="13.19" speed="26.09" angle="340.72" x="126.44" y="91.33"/>
        <vehicle id="cfm-fast_2" eclass="HBEFA3/PC_G_EU4" CO2="187444.60" CO="4752.59" HC="26.41" NOx="86.99" PMx="5.28" fuel="80.57" electricity="0.00" noise="126.31" route="routetop" type="cfm-fast" waiting="0.00" lane="left_1" pos="0.02" speed="69.33" angle="184.45" x="-1.65" y="63.58"/>
        <vehicle id="cfm-fast_3" eclass="HBEFA3/PC_G_EU4" CO2="5785.19" CO="46.99" HC="0.36" NOx="2.08" PMx="0.11" fuel="2.49" electricity="0.00" noise="71.46" route="routebottom" type="cfm-fast" waiting="0.00" lane="right_0" pos="30.30" speed="24.28" angle="309.96" x="103.48" y="119.52"/>
        <vehicle id="cfm-fast_4" eclass="HBEFA3/PC_G_EU4" CO2="47637.87" CO="2229.82" HC="11.48" NOx="20.92" PMx="1.78" fuel="20.48" electricity="0.00" noise="94.59" route="routebottom" type="cfm-fast" waiting="0.00" lane="bottom_1" pos="11.62" speed="77.47" angle="73.57" x="86.98" y="2.66"/>
        <vehicle id="cfm-fast_5" eclass="HBEFA3/PC_G_EU4" CO2="16685.01" CO="271.81" HC="1.65" NOx="7.22" PMx="0.39" fuel="7.17" electricity="0.00" noise="76.28" route="routebottom" type="cfm-fast" waiting="0.00" lane="right_0" pos="45.73" speed="24.43" angle="282.25" x="72.92" y="131.64"/>
        <vehicle id="cfm-slow_0" eclass="HBEFA3/PC_G_EU4" CO2="23801.98" CO="425.14" HC="2.53" NOx="10.54" PMx="0.58" fuel="10.23" electricity="0.00" noise="80.31" route="routetop" type="cfm-slow" waiting="0.00" lane="top_0" pos="11.42" speed="26.35" angle="253.86" x="39.53" y="127.88"/>
        <vehicle id="cfm-slow_1" eclass="HBEFA3/PC_G_EU4" CO2="24971.98" CO="464.35" HC="2.74" NOx="11.03" PMx="0.62" fuel="10.73" electricity="0.00" noise="80.76" route="routetop" type="cfm-slow" waiting="0.00" lane="top_0" pos="33.08" speed="29.10" angle="214.95" x="4.54" y="98.46"/>
        <vehicle id="cfm-slow_2" eclass="HBEFA3/PC_G_EU4" CO2="17276.22" CO="324.79" HC="1.92" NOx="7.35" PMx="0.43" fuel="7.43" electricity="0.00" noise="77.63" route="routetop" type="cfm-slow" waiting="0.00" lane="left_0" pos="7.53" speed="31.57" angle="170.82" x="-3.01" y="47.51"/>
        <vehicle id="cfm-slow_3" eclass="HBEFA3/PC_G_EU4" CO2="0.00" CO="0.00" HC="0.00" NOx="0.00" PMx="0.00" fuel="0.00" electricity="0.00" noise="74.33" route="routetop" type="cfm-slow" waiting="0.00" lane="left_0" pos="34.41" speed="32.69" angle="122.58" x="31.36" y="3.13"/>
        <vehicle id="cfm-slow_4" eclass="HBEFA3/PC_G_EU4" CO2="0.00" CO="0.00" HC="0.00" NOx="0.00" PMx="0.00" fuel="0.00" electricity="0.00" noise="73.04" route="routebottom" type="cfm-slow" waiting="0.00" lane="bottom_0" pos="12.28" speed="31.78" angle="72.35" x="89.53" y="0.13"/>
        <vehicle id="cfm-slow_5" eclass="HBEFA3/PC_G_EU4" CO2="0.00" CO="0.00" HC="0.00" NOx="0.00" PMx="0.00" fuel="0.00" electricity="0.00" noise="71.74" route="routebottom" type="cfm-slow" waiting="0.00" lane="bottom_0" pos="39.05" speed="29.17" angle="24.26" x="128.23" y="40.49"/>
    </timestep>
    <timestep time="6.13">
        <vehicle id="cfm-fast_0" eclass="HBEFA3/PC_G_EU4" CO2="177685.31" CO="4198.67" HC="23.61" NOx="82.52" PMx="4.88" fuel="76.38" electricity="0.00" noise="127.49" route="routebottom" type="cfm-fast" waiting="0.00" lane="right_1" pos="49.03" speed="59.57" angle="276.25" x="65.68" y="128.93"/>
        <vehicle id="cfm-fast_1" eclass="HBEFA3/PC_G_EU4" CO2="0.00" CO="0.00" HC="0.00" NOx="0.00" PMx="0.00" fuel="0.00" electricity="0.00" noise="70.46" route="routebottom" type="cfm-fast" waiting="0.00" lane="right_0" pos="13.45" speed="26.07" angle="340.25" x="126.21" y="91.84"/>
        <vehicle id="cfm-fast_2" eclass="HBEFA3/PC_G_EU4" CO2="186282.41" CO="4732.11" HC="26.29" NOx="86.44" PMx="5.26" fuel="80.07" electricity="0.00" noise="126.00" route="routetop" type="cfm-fast" waiting="0.00" lane="left_1" pos="0.72" speed="69.41" angle="183.18" x="-1.62" y="62.16"/>
        <vehicle id="cfm-fast_3" eclass="HBEFA3/PC_G_EU4" CO2="5877.76" CO="48.90" HC="0.37" NOx="2.13" PMx="0.11" fuel="2.53" electricity="0.00" noise="71.49" route="routebottom" type="cfm-fast" waiting="0.00" lane="right_0" pos="30.54" speed="24.28" angle="309.51" x="103.05" y="119.82"/>
        <vehicle id="cfm-fast_4" eclass="HBEFA3/PC_G_EU4" CO2="46026.47" CO="2196.79" HC="11.29" NOx="20.16" PMx="1.74" fuel="19.79" electricity="0.00" noise="94.29" route="routebottom" type="cfm-fast" waiting="0.00" lane="bottom_1" pos="12.39" speed="77.47" angle="72.18" x="88.46" y="3.25"/>
        <vehicle id="cfm-fast_5" eclass="HBEFA3/PC_G_EU4" CO2="16744.60" CO="273.09" HC="1.66" NOx="7.25" PMx="0.39" fuel="7.20" electricity="0.00" noise="76.31" route="routebottom" type="cfm-fast" waiting="0.00" lane="right_0" pos="45.97" speed="24.45" angle="281.80" x="72.40" y="131.71"/>
        <vehicle id="cfm-slow_0" eclass="HBEFA3/PC_G_EU4" CO2="23814.18" CO="425.51" HC="2.53" NOx="10.54" PMx="0.58" fuel="10.24" electricity="0.00" noise="80.31" route="routetop" type="cfm-slow" waiting="0.00" lane="top_0" pos="11.68" speed="26.38" angle="253.42" x="39.01" y="127.68"/>
        <vehicle id="cfm-slow_1" eclass="HBEFA3/PC_G_EU4" CO2="24904.59" CO="463.13" HC="2.73" NOx="11.00" PMx="0.62" fuel="10.71" electricity="0.00" noise="80.73" route="routetop" type="cfm-slow" waiting="0.00" lane="top_0" pos="33.37" speed="29.13" angle="214.47" x="4.22" y="97.92"/>
        <vehicle id="cfm-slow_2" eclass="HBEFA3/PC_G_EU4" CO2="17122.79" CO="321.75" HC="1.90" NOx="7.27" PMx="0.43" fuel="7.36" electricity="0.00" noise="77.58" route="routetop" type="cfm-slow" waiting="0.00" lane="left_0" pos="7.85" speed="31.58" angle="170.29" x="-2.85" y="46.85"/>
        <vehicle id="cfm-slow_3" eclass="HBEFA3/PC_G_EU4" CO2="0.00" CO="0.00" HC="0.00" NOx="0.00" PMx="0.00" fuel="0.00" electricity="0.00" noise="74.31" route="routetop" type="cfm-slow" waiting="0.00" lane="left_0" pos="34.74" speed="32.69" angle="122.04" x="31.98" y="2.80"/>
        <vehicle id="cfm-slow_4" eclass="HBEFA3/PC_G_EU4" CO2="0.00" CO="0.00" HC="0.00" NOx="0.00" PMx="0.00" fuel="0.00" electricity="0.00" noise="73.03" route="routebottom" type="cfm-slow" waiting="0.00" lane="bottom_0" pos="12.60" speed="31.76" angle="71.78" x="90.16" y="0.38"/>
        <vehicle id="cfm-slow_5" eclass="HBEFA3/PC_G_EU4" CO2="0.00" CO="0.00" HC="0.00" NOx="0.00" PMx="0.00" fuel="0.00" electricity="0.00" noise="71.73" route="routebottom" type="cfm-slow" waiting="0.00" lane="bottom_0" pos="39.34" speed="29.14" angle="23.73" x="128.44" y="41.08"/>
    </timestep>
    <timestep time="6.14">
        <vehicle id="cfm-fast_0" eclass="HBEFA3/PC_G_EU4" CO2="177804.85" CO="4204.33" HC="23.64" NOx="82.58" PMx="4.88" fuel="76.43" electricity="0.00" noise="127.48" route="routebottom" type="cfm-fast" waiting="0.00" lane="right_1" pos="49.63" speed="59.67" angle="275.15" x="64.46" y="128.96"/>
        <vehicle id="cfm-fast_1" eclass="HBEFA3/PC_G_EU4" CO2="0.00" CO="0.00" HC="0.00" NOx="0.00" PMx="0.00" fuel="0.00" electricity="0.00" noise="70.46" route="routebottom" type="cfm-fast" waiting="0.00" lane="right_0" pos="13.71" speed="26.05" angle="339.77" x="125.98" y="92.35"/>
        <vehicle id="cfm-fast_2" eclass="HBEFA3/PC_G_EU4" CO2="185113.69" CO="4711.47" HC="26.16" NOx="85.89" PMx="5.23" fuel="79.57" electricity="0.00" noise="125.69" route="routetop" type="cfm-fast" waiting="0.00" lane="left_1" pos="1.41" speed="69.50" angle="181.96" x="-1.58" y="60.74"/>
        <vehicle id="cfm-fast_3" eclass="HBEFA3/PC_G_EU4" CO2="5970.10" CO="50.81" HC="0.38" NOx="2.17" PMx="0.11" fuel="2.57" electricity="0.00" noise="71.51" route="routebottom" type="cfm-fast" waiting="0.00" lane="right_0" pos="30.78" speed="24.28" angle="309.12" x="102.63" y="120.13"/>
        <vehicle id="cfm-fast_4" eclass="HBEFA3/PC_G_EU4" CO2="44458.67" CO="2164.63" HC="11.10" NOx="19.42" PMx="1.70" fuel="19.11" electricity="0.00" noise="94.00" route="routebottom" type="cfm-fast" waiting="0.00" lane="bottom_1" pos="13.17" speed="77.48" angle="70.83" x="89.92" y="3.87"/>
        <vehicle id="cfm-fast_5" eclass="HBEFA3/PC_G_EU4" CO2="16803.85" CO="274.37" HC="1.67" NOx="7.28" PMx="0.40" fuel="7.22" electricity="0.00" noise="76.35" route="routebottom" type="cfm-fast" waiting="0.00" lane="right_0" pos="46.22" speed="24.47" angle="281.42" x="71.88" y="131.79"/>
        <vehicle id="cfm-slow_0" eclass="HBEFA3/PC_G_EU4" CO2="23825.71" CO="425.87" HC="2.53" NOx="10.55" PMx="0.58" fuel="10.24" electricity="0.00" noise="80.31" route="routetop" type="cfm-slow" waiting="0.00" lane="top_0" pos="11.94" speed="26.41" angle="252.94" x="38.48" y="127.47"/>
        <vehicle id="cfm-slow_1" eclass="HBEFA3/PC_G_EU4" CO2="24836.39" CO="461.90" HC="2.73" NOx="10.96" PMx="0.62" fuel="10.68" electricity="0.00" noise="80.69" route="routetop" type="cfm-slow" waiting="0.00" lane="top_0" pos="33.66" speed="29.16" angle="213.94" x="3.92" y="97.38"/>
        <vehicle id="cfm-slow_2" eclass="HBEFA3/PC_G_EU4" CO2="16969.22" CO="318.70" HC="1.88" NOx="7.20" PMx="0.42" fuel="7.29" electricity="0.00" noise="77.53" route="routetop" type="cfm-slow" waiting="0.00" lane="left_0" pos="8.17" speed="31.59" angle="169.72" x="-2.67" y="46.20"/>
        <vehicle id="cfm-slow_3" eclass="HBEFA3/PC_G_EU4" CO2="0.00" CO="0.00" HC="0.00" NOx="0.00" PMx="0.00" fuel="0.00" electricity="0.00" noise="74.29" route="routetop" type="cfm-slow" waiting="0.00" lane="left_0" pos="35.07" speed="32.68" angle="121.43" x="32.61" y="2.49"/>
        <vehicle id="cfm-slow_4" eclass="HBEFA3/PC_G_EU4" CO2="0.00" CO="0.00" HC="0.00" NOx="0.00" PMx="0.00" fuel="0.00" electricity="0.00" noise="73.02" route="routebottom" type="cfm-slow" waiting="0.00" lane="bottom_0" pos="12.92" speed="31.74" angle="71.26" x="90.79" y="0.64"/>
        <vehicle id="cfm-slow_5" eclass="HBEFA3/PC_G_EU4" CO2="0.00" CO="0.00" HC="0.00" NOx="0.00" PMx="0.00" fuel="0.00" electricity="0.00" noise="71.72" route="routebottom" type="cfm-slow" waiting="0.00" lane="bottom_0" pos="39.64" speed="29.11" angle="23.21" x="128.65" y="41.66"/>
    </timestep>
    <timestep time="6.15">
        <vehicle id="cfm-fast_0" eclass="HBEFA3/PC_G_EU4" CO2="177913.97" CO="4209.78" HC="23.67" NOx="82.63" PMx="4.89" fuel="76.48" electricity="0.00" noise="127.46" route="routetop" type="cfm-fast" waiting="0.00" lane="top_1" pos="0.22" speed="59.77" angle="274.08" x="63.17" y="128.96"/>
        <vehicle id="cfm-fast_1" eclass="HBEFA3/PC_G_EU4" CO2="0.00" CO="0.00" HC="0.00" NOx="0.00" PMx="0.00" fuel="0.00" electricity="0.00" noise="70.46" route="routebottom" type="cfm-fast" waiting="0.00" lane="right_0" pos="13.97" speed="26.04" angle="339.31" x="125.75" y="92.86"/>
        <vehicle id="cfm-fast_2" eclass="HBEFA3/PC_G_EU4" CO2="183938.84" CO="4690.68" HC="26.04" NOx="85.33" PMx="5.20" fuel="79.07" electricity="0.00" noise="125.38" route="routetop" type="cfm-fast" waiting="0.00" lane="left_1" pos="2.11" speed="69.58" angle="180.69" x="-1.49" y="59.31"/>
        <vehicle id="cfm-fast_3" eclass="HBEFA3/PC_G_EU4" CO2="6062.23" CO="52.71" HC="0.39" NOx="2.21" PMx="0.11" fuel="2.61" electricity="0.00" noise="71.54" route="routebottom" type="cfm-fast" waiting="0.00" lane="right_0" pos="31.02" speed="24.29" angle="308.68" x="102.20" y="120.42"/>
        <vehicle id="cfm-fast_4" eclass="HBEFA3/PC_G_EU4" CO2="42933.74" CO="2133.31" HC="10.92" NOx="18.70" PMx="1.66" fuel="18.46" electricity="0.00" noise="93.72" route="routebottom" type="cfm-fast" waiting="0.00" lane="bottom_1" pos="13.94" speed="77.48" angle="69.41" x="91.37" y="4.52"/>
        <vehicle id="cfm-fast_5" eclass="HBEFA3/PC_G_EU4" CO2="16862.75" CO="275.64" HC="1.67" NOx="7.31" PMx="0.40" fuel="7.25" electricity="0.00" noise="76.38" route="routebottom" type="cfm-fast" waiting="0.00" lane="right_0" pos="46.46" speed="24.49" angle="280.97" x="71.36" y="131.84"/>
        <vehicle id="cfm-slow_0" eclass="HBEFA3/PC_G_EU4" CO2="23836.58" CO="426.22" HC="2.53" NOx="10.55" PMx="0.58" fuel="10.25" electricity="0.00" noise="80.32" route="routetop" type="cfm-slow" waiting="0.00" lane="top_0" pos="12.21" speed="26.44" angle="252.46" x="37.95" y="127.26"/>
        <vehicle id="cfm-slow_1" eclass="HBEFA3/PC_G_EU4" CO2="24767.38" CO="460.65" HC="2.72" NOx="10.93" PMx="0.62" fuel="10.65" electricity="0.00" noise="80.66" route="routetop" type="cfm-slow" waiting="0.00" lane="top_0" pos="33.96" speed="29.18" angle="213.41" x="3.61" y="96.83"/>
        <vehicle id="cfm-slow_2" eclass="HBEFA3/PC_G_EU4" CO2="16815.50" CO="315.65" HC="1.86" NOx="7.13" PMx="0.42" fuel="7.23" electricity="0.00" noise="77.48" route="routetop" type="cfm-slow" waiting="0.00" lane="left_0" pos="8.48" speed="31.60" angle="169.14" x="-2.50" y="45.54"/>
        <vehicle id="cfm-slow_3" eclass="HBEFA3/PC_G_EU4" CO2="0.00" CO="0.00" HC="0.00" NOx="0.00" PMx="0.00" fuel="0.00" electricity="0.00" noise="74.27" route="routetop" type="cfm-slow" waiting="0.00" lane="left_0" pos="35.39" speed="32.67" angle="120.83" x="33.24" y="2.17"/>
        <vehicle id="cfm-slow_4" eclass="HBEFA3/PC_G_EU4" CO2="0.00" CO="0.00" HC="0.00" NOx="0.00" PMx="0.00" fuel="0.00" electricity="0.00" noise="73.00" route="routebottom" type="cfm-slow" waiting="0.00" lane="bottom_0" pos="13.24" speed="31.71" angle="70.67" x="91.42" y="0.92"/>
        <vehicle id="cfm-slow_5" eclass="HBEFA3/PC_G_EU4" CO2="0.00" CO="0.00" HC="0.00" NOx="0.00" PMx="0.00" fuel="0.00" electricity="0.00" noise="71.70" route="routebottom" type="cfm-slow" waiting="0.00" lane="bottom_0" pos="39.93" speed="29.08" angle="22.72" x="128.85" y="42.26"/>
    </timestep>
    <timestep time="6.16">
        <vehicle id="cfm-fast_0" eclass="HBEFA3/PC_G_EU4" CO2="178012.66" CO="4215.03" HC="23.69" NOx="82.67" PMx="4.89" fuel="76.52" electricity="0.00" noise="127.44" route="routetop" type="cfm-fast" waiting="0.00" lane="top_1" pos="0.82" speed="59.87" angle="272.99" x="61.94" y="128.94"/>
        <vehicle id="cfm-fast_1" eclass="HBEFA3/PC_G_EU4" CO2="0.00" CO="0.00" HC="0.00" NOx="0.00" PMx="0.00" fuel="0.00" electricity="0.00" noise="70.46" route="routebottom" type="cfm-fast" waiting="0.00" lane="right_0" pos="14.23" speed="26.02" angle="338.87" x="125.51" y="93.37"/>
        <vehicle id="cfm-fast_2" eclass="HBEFA3/PC_G_EU4" CO2="182758.30" CO="4669.75" HC="25.92" NOx="84.77" PMx="5.17" fuel="78.56" electricity="0.00" noise="125.08" route="routetop" type="cfm-fast" waiting="0.00" lane="left_1" pos="2.80" speed="69.66" angle="179.47" x="-1.39" y="57.89"/>
        <vehicle id="cfm-fast_3" eclass="HBEFA3/PC_G_EU4" CO2="6154.13" CO="54.62" HC="0.40" NOx="2.26" PMx="0.12" fuel="2.65" electricity="0.00" noise="71.57" route="routebottom" type="cfm-fast" waiting="0.00" lane="right_0" pos="31.27" speed="24.29" angle="308.25" x="101.76" y="120.71"/>
        <vehicle id="cfm-fast_4" eclass="HBEFA3/PC_G_EU4" CO2="41450.95" CO="2102.82" HC="10.75" NOx="18.00" PMx="1.62" fuel="17.82" electricity="0.00" noise="93.45" route="routebottom" type="cfm-fast" waiting="0.00" lane="bottom_1" pos="14.72" speed="77.48" angle="68.02" x="92.80" y="5.22"/>
        <vehicle id="cfm-fast_5" eclass="HBEFA3/PC_G_EU4" CO2="16921.31" CO="276.90" HC="1.68" NOx="7.33" PMx="0.40" fuel="7.27" electricity="0.00" noise="76.42" route="routebottom" type="cfm-fast" waiting="0.00" lane="right_0" pos="46.71" speed="24.51" angle="280.52" x="70.83" y="131.89"/>
        <vehicle id="cfm-slow_0" eclass="HBEFA3/PC_G_EU4" CO2="23846.78" CO="426.55" HC="2.54" NOx="10.56" PMx="0.58" fuel="10.25" electricity="0.00" noise="80.32" route="routetop" type="cfm-slow" waiting="0.00" lane="top_0" pos="12.47" speed="26.46" angle="251.98" x="37.42" y="127.05"/>
        <vehicle id="cfm-slow_1" eclass="HBEFA3/PC_G_EU4" CO2="24697.57" CO="459.38" HC="2.71" NOx="10.90" PMx="0.62" fuel="10.62" electricity="0.00" noise="80.62" route="routetop" type="cfm-slow" waiting="0.00" lane="top_0" pos="34.25" speed="29.21" angle="212.88" x="3.31" y="96.28"/>
        <vehicle id="cfm-slow_2" eclass="HBEFA3/PC_G_EU4" CO2="16661.66" CO="312.59" HC="1.85" NOx="7.05" PMx="0.42" fuel="7.16" electricity="0.00" noise="77.42" route="routetop" type="cfm-slow" waiting="0.00" lane="left_0" pos="8.80" speed="31.62" angle="168.56" x="-2.32" y="44.88"/>
        <vehicle id="cfm-slow_3" eclass="HBEFA3/PC_G_EU4" CO2="0.00" CO="0.00" HC="0.00" NOx="0.00" PMx="0.00" fuel="0.00" electricity="0.00" noise="74.25" route="routetop" type="cfm-slow" waiting="0.00" lane="left_0" pos="35.72" speed="32.66" angle="120.22" x="33.87" y="1.86"/>
        <vehicle id="cfm-slow_4" eclass="HBEFA3/PC_G_EU4" CO2="0.00" CO="0.00" HC="0.00" NOx="0.00" PMx="0.00" fuel="0.00" electricity="0.00" noise="72.99" route="routebottom" type="cfm-slow" waiting="0.00" lane="bottom_0" pos="13.55" speed="31.69" angle="70.08" x="92.04" y="1.20"/>
        <vehicle id="cfm-slow_5" eclass="HBEFA3/PC_G_EU4" CO2="0.00" CO="0.00" HC="0.00" NOx="0.00" PMx="0.00" fuel="0.00" electricity="0.00" noise="71.69" route="routebottom" type="cfm-slow" waiting="0.00" lane="bottom_0" pos="40.22" speed="29.06" angle="22.17" x="129.04" y="42.86"/>
    </timestep>
    <timestep time="6.17">
        <vehicle id="cfm-fast_0" eclass="HBEFA3/PC_G_EU4" CO2="178100.95" CO="4220.06" HC="23.72" NOx="82.71" PMx="4.90" fuel="76.56" electricity="0.00" noise="127.42" route="routetop" type="cfm-fast" waiting="0.00" lane="top_1" pos="1.42" speed="59.97" angle="271.93" x="60.71" y="128.90"/>
        <vehicle id="cfm-fast_1" eclass="HBEFA3/PC_G_EU4" CO2="0.00" CO="0.00" HC="0.00" NOx="0.00" PMx="0.00" fuel="0.00" electricity="0.00" noise="70.46" route="routebottom" type="cfm-fast" waiting="0.00" lane="right_0" pos="14.49" speed="26.01" angle="338.38" x="125.26" y="93.87"/>
        <vehicle id="cfm-fast_2" eclass="HBEFA3/PC_G_EU4" CO2="181572.45" CO="4648.67" HC="25.79" NOx="84.21" PMx="5.14" fuel="78.05" electricity="0.00" noise="124.77" route="routetop" type="cfm-fast" waiting="0.00" lane="left_1" pos="3.50" speed="69.75" angle="178.20" x="-1.25" y="56.47"/>
        <vehicle id="cfm-fast_3" eclass="HBEFA3/PC_G_EU4" CO2="6245.80" CO="56.51" HC="0.41" NOx="2.30" PMx="0.12" fuel="2.68" electricity="0.00" noise="71.60" route="routebottom" type="cfm-fast" waiting="0.00" lane="right_0" pos="31.51" speed="24.29" angle="307.81" x="101.33" y="121.00"/>
        <vehicle id="cfm-fast_4" eclass="HBEFA3/PC_G_EU4" CO2="40009.60" CO="2073.15" HC="10.58" NOx="17.32" PMx="1.58" fuel="17.20" electricity="0.00" noise="93.19" route="routebottom" type="cfm-fast" waiting="0.00" lane="bottom_1" pos="15.49" speed="77.48" angle="66.64" x="94.21" y="5.94"/>
        <vehicle id="cfm-fast_5" eclass="HBEFA3/PC_G_EU4" CO2="16979.51" CO="278.15" HC="1.69" NOx="7.36" PMx="0.40" fuel="7.30" electricity="0.00" noise="76.45" route="routebottom" type="cfm-fast" waiting="0.00" lane="right_0" pos="46.95" speed="24.53" angle="280.07" x="70.31" y="131.95"/>
        <vehicle id="cfm-slow_0" eclass="HBEFA3/PC_G_EU4" CO2="23856.30" CO="426.87" HC="2.54" NOx="10.56" PMx="0.59" fuel="10.25" electricity="0.00" noise="80.32" route="routetop" type="cfm-slow" waiting="0.00" lane="top_0" pos="12.74" speed="26.49" angle="251.53" x="36.89" y="126.83"/>
        <vehicle id="cfm-slow_1" eclass="HBEFA3/PC_G_EU4" CO2="24626.96" CO="458.10" HC="2.70" NOx="10.86" PMx="0.61" fuel="10.59" electricity="0.00" noise="80.59" route="routetop" type="cfm-slow" waiting="0.00" lane="top_0" pos="34.54" speed="29.23" angle="212.37" x="3.00" y="95.73"/>
        <vehicle id="cfm-slow_2" eclass="HBEFA3/PC_G_EU4" CO2="16507.71" CO="309.53" HC="1.83" NOx="6.98" PMx="0.41" fuel="7.10" electricity="0.00" noise="77.37" route="routetop" type="cfm-slow" waiting="0.00" lane="left_0" pos="9.11" speed="31.63" angle="168.03" x="-2.13" y="44.23"/>
        <vehicle id="cfm-slow_3" eclass="HBEFA3/PC_G_EU4" CO2="0.00" CO="0.00" HC="0.00" NOx="0.00" PMx="0.00" fuel="0.00" electricity="0.00" noise="74.23" route="routetop" type="cfm-slow" waiting="0.00" lane="left_0" pos="36.05" speed="32.66" angle="119.68" x="34.50" y="1.56"/>
        <vehicle id="cfm-slow_4" eclass="HBEFA3/PC_G_EU4" CO2="0.00" CO="0.00" HC="0.00" NOx="0.00" PMx="0.00" fuel="0.00" electricity="0.00" noise="72.98" route="routebottom" type="cfm-slow" waiting="0.00" lane="bottom_0" pos="13.87" speed="31.66" angle="69.50" x="92.66" y="1.48"/>
        <vehicle id="cfm-slow_5" eclass="HBEFA3/PC_G_EU4" CO2="0.00" CO="0.00" HC="0.00" NOx="0.00" PMx="0.00" fuel="0.00" electricity="0.00" noise="71.68" route="routebottom" type="cfm-slow" waiting="0.00" lane="bottom_0" pos="40.51" speed="29.03" angle="21.61" x="129.22" y="43.45"/>
    </timestep>
    <timestep time="6.18">
        <vehicle id="cfm-fast_0" eclass="HBEFA3/PC_G_EU4" CO2="178178.84" CO="4224.88" HC="23.74" NOx="82.75" PMx="4.90" fuel="76.59" electricity="0.00" noise="127.40" route="routetop" type="cfm-fast" waiting="0.00" lane="top_1" pos="2.02" speed="60.07" angle="270.84" x="59.48" y="128.83"/>
        <vehicle id="cfm-fast_1" eclass="HBEFA3/PC_G_EU4" CO2="0.00" CO="0.00" HC="0.00" NOx="0.00" PMx="0.00" fuel="0.00" electricity="0.00" noise="70.46" route="routebottom" type="cfm-fast" waiting="0.00" lane="right_0" pos="14.75" speed="25.99" angle="337.88" x="125.01" y="94.37"/>
        <vehicle id="cfm-fast_2" eclass="HBEFA3/PC_G_EU4" CO2="180381.72" CO="4627.48" HC="25.67" NOx="83.65" PMx="5.11" fuel="77.54" electricity="0.00" noise="124.46" route="routetop" type="cfm-fast" waiting="0.00" lane="left_1" pos="4.20" speed="69.83" angle="176.97" x="-1.07" y="55.04"/>
        <vehicle id="cfm-fast_3" eclass="HBEFA3/PC_G_EU4" CO2="6337.25" CO="58.40" HC="0.42" NOx="2.34" PMx="0.12" fuel="2.72" electricity="0.00" noise="71.63" route="routebottom" type="cfm-fast" waiting="0.00" lane="right_0" pos="31.75" speed="24.30" angle="307.37" x="100.89" y="121.29"/>
        <vehicle id="cfm-fast_4" eclass="HBEFA3/PC_G_EU4" CO2="0.00" CO="0.00" HC="0.00" NOx="0.00" PMx="0.00" fuel="0.00" electricity="0.00" noise="92.95" route="routebottom" type="cfm-fast" waiting="0.00" lane="bottom_1" pos="16.27" speed="77.48" angle="65.23" x="95.61" y="6.71"/>
        <vehicle id="cfm-fast_5" eclass="HBEFA3/PC_G_EU4" CO2="17037.35" CO="279.40" HC="1.70" NOx="7.39" PMx="0.40" fuel="7.32" electricity="0.00" noise="76.48" route="routebottom" type="cfm-fast" waiting="0.00" lane="right_0" pos="47.20" speed="24.55" angle="279.62" x="69.78" y="132.00"/>
        <vehicle id="cfm-slow_0" eclass="HBEFA3/PC_G_EU4" CO2="23865.16" CO="427.17" HC="2.54" NOx="10.56" PMx="0.59" fuel="10.26" electricity="0.00" noise="80.33" route="routetop" type="cfm-slow" waiting="0.00" lane="top_0" pos="13.00" speed="26.52" angle="251.08" x="36.37" y="126.61"/>
        <vehicle id="cfm-slow_1" eclass="HBEFA3/PC_G_EU4" CO2="24555.56" CO="456.79" HC="2.70" NOx="10.83" PMx="0.61" fuel="10.56" electricity="0.00" noise="80.55" route="routetop" type="cfm-slow" waiting="0.00" lane="top_0" pos="34.83" speed="29.26" angle="211.87" x="2.71" y="95.17"/>
        <vehicle id="cfm-slow_2" eclass="HBEFA3/PC_G_EU4" CO2="16353.65" CO="306.46" HC="1.81" NOx="6.91" PMx="0.41" fuel="7.03" electricity="0.00" noise="77.32" route="routetop" type="cfm-slow" waiting="0.00" lane="left_0" pos="9.43" speed="31.64" angle="167.45" x="-1.93" y="43.58"/>
        <vehicle id="cfm-slow_3" eclass="HBEFA3/PC_G_EU4" CO2="0.00" CO="0.00" HC="0.00" NOx="0.00" PMx="0.00" fuel="0.00" electricity="0.00" noise="74.21" route="routetop" type="cfm-slow" waiting="0.00" lane="left_0" pos="36.37" speed="32.65" angle="119.07" x="35.14" y="1.27"/>
        <vehicle id="cfm-slow_4" eclass="HBEFA3/PC_G_EU4" CO2="0.00" CO="0.00" HC="0.00" NOx="0.00" PMx="0.00" fuel="0.00" electricity="0.00" noise="72.97" route="routebottom" type="cfm-slow" waiting="0.00" lane="bottom_0" pos="14.19" speed="31.64" angle="68.97" x="93.27" y="1.77"/>
        <vehicle id="cfm-slow_5" eclass="HBEFA3/PC_G_EU4" CO2="0.00" CO="0.00" HC="0.00" NOx="0.00" PMx="0.00" fuel="0.00" electricity="0.00" noise="71.67" route="routebottom" type="cfm-slow" waiting="0.00" lane="bottom_0" pos="40.80" speed="29.00" angle="21.06" x="129.41" y="44.05"/>
    </timestep>
    <timestep time="6.19">
        <vehicle id="cfm-fast_0" eclass="HBEFA3/PC_G_EU4" CO2="178246.37" CO="4229.48" HC="23.76" NOx="82.78" PMx="4.90" fuel="76.62" electricity="0.00" noise="127.37" route="routetop" type="cfm-fast" waiting="0.00" lane="top_1" pos="2.63" speed="60.16" angle="269.80" x="58.25" y="128.75"/>
        <vehicle id="cfm-fast_1" eclass="HBEFA3/PC_G_EU4" CO2="0.00" CO="0.00" HC="0.00" NOx="0.00" PMx="0.00" fuel="0.00" electricity="0.00" noise="70.46" route="routebottom" type="cfm-fast" waiting="0.00" lane="right_0" pos="15.01" speed="25.98" angle="337.39" x="124.76" y="94.87"/>
        <vehicle id="cfm-fast_2" eclass="HBEFA3/PC_G_EU4" CO2="179186.48" CO="4606.16" HC="25.54" NOx="83.09" PMx="5.08" fuel="77.02" electricity="0.00" noise="124.15" route="routetop" type="cfm-fast" waiting="0.00" lane="left_1" pos="4.90" speed="69.91" angle="175.69" x="-0.87" y="53.63"/>
        <vehicle id="cfm-fast_3" eclass="HBEFA3/PC_G_EU4" CO2="6428.46" CO="60.29" HC="0.43" NOx="2.39" PMx="0.12" fuel="2.76" electricity="0.00" noise="71.66" route="routebottom" type="cfm-fast" waiting="0.00" lane="right_0" pos="32.00" speed="24.30" angle="306.97" x="100.46" y="121.58"/>
        <vehicle id="cfm-fast_4" eclass="HBEFA3/PC_G_EU4" CO2="0.00" CO="0.00" HC="0.00" NOx="0.00" PMx="0.00" fuel="0.00" electricity="0.00" noise="92.71" route="routebottom" type="cfm-fast" waiting="0.00" lane="bottom_1" pos="17.04" speed="77.48" angle="63.84" x="96.98" y="7.50"/>
        <vehicle id="cfm-fast_5" eclass="HBEFA3/PC_G_EU4" CO2="17094.84" CO="280.64" HC="1.70" NOx="7.41" PMx="0.40" fuel="7.35" electricity="0.00" noise="76.52" route="routebottom" type="cfm-fast" waiting="0.00" lane="right_0" pos="47.44" speed="24.57" angle="279.22" x="69.26" y="132.05"/>
        <vehicle id="cfm-slow_0" eclass="HBEFA3/PC_G_EU4" CO2="23873.34" CO="427.47" HC="2.54" NOx="10.57" PMx="0.59" fuel="10.26" electricity="0.00" noise="80.33" route="routetop" type="cfm-slow" waiting="0.00" lane="top_0" pos="13.27" speed="26.55" angle="250.59" x="35.85" y="126.37"/>
        <vehicle id="cfm-slow_1" eclass="HBEFA3/PC_G_EU4" CO2="24483.37" CO="455.48" HC="2.69" NOx="10.79" PMx="0.61" fuel="10.52" electricity="0.00" noise="80.51" route="routetop" type="cfm-slow" waiting="0.00" lane="top_0" pos="35.13" speed="29.28" angle="211.33" x="2.43" y="94.60"/>
        <vehicle id="cfm-slow_2" eclass="HBEFA3/PC_G_EU4" CO2="16199.50" CO="303.39" HC="1.79" NOx="6.84" PMx="0.41" fuel="6.96" electricity="0.00" noise="77.27" route="routetop" type="cfm-slow" waiting="0.00" lane="left_0" pos="9.75" speed="31.65" angle="166.86" x="-1.73" y="42.93"/>
        <vehicle id="cfm-slow_3" eclass="HBEFA3/PC_G_EU4" CO2="0.00" CO="0.00" HC="0.00" NOx="0.00" PMx="0.00" fuel="0.00" electricity="0.00" noise="74.19" route="routetop" type="cfm-slow" waiting="0.00" lane="left_0" pos="36.70" speed="32.64" angle="118.45" x="35.78" y="0.98"/>
        <vehicle id="cfm-slow_4" eclass="HBEFA3/PC_G_EU4" CO2="0.00" CO="0.00" HC="0.00" NOx="0.00" PMx="0.00" fuel="0.00" electricity="0.00" noise="72.96" route="routebottom" type="cfm-slow" waiting="0.00" lane="bottom_0" pos="14.50" speed="31.62" angle="68.38" x="93.88" y="2.08"/>
        <vehicle id="cfm-slow_5" eclass="HBEFA3/PC_G_EU4" CO2="0.00" CO="0.00" HC="0.00" NOx="0.00" PMx="0.00" fuel="0.00" electricity="0.00" noise="71.66" route="routebottom" type="cfm-slow" waiting="0.00" lane="bottom_0" pos="41.09" speed="28.97" angle="20.58" x="129.59" y="44.64"/>
    </timestep>
    <timestep time="6.20">
        <vehicle id="cfm-fast_0" eclass="HBEFA3/PC_G_EU4" CO2="178303.56" CO="4233.88" HC="23.79" NOx="82.81" PMx="4.90" fuel="76.64" electricity="0.00" noise="127.34" route="routetop" type="cfm-fast" waiting="0.00" lane="top_1" pos="3.23" speed="60.26" angle="268.70" x="57.02" y="128.63"/>
        <vehicle id="cfm-fast_1" eclass="HBEFA3/PC_G_EU4" CO2="0.00" CO="0.00" HC="0.00" NOx="0.00" PMx="0.00" fuel="0.00" electricity="0.00" noise="70.45" route="routebottom" type="cfm-fast" waiting="0.00" lane="right_0" pos="15.27" speed="25.96" angle="336.92" x="124.51" y="95.37"/>
        <vehicle id="cfm-fast_2" eclass="HBEFA3/PC_G_EU4" CO2="177987.12" CO="4584.73" HC="25.41" NOx="82.52" PMx="5.05" fuel="76.51" electricity="0.00" noise="123.84" route="routetop" type="cfm-fast" waiting="0.00" lane="left_1" pos="5.60" speed="69.99" angle="174.41" x="-0.63" y="52.21"/>
        <vehicle id="cfm-fast_3" eclass="HBEFA3/PC_G_EU4" CO2="6519.44" CO="62.17" HC="0.44" NOx="2.43" PMx="0.13" fuel="2.80" electricity="0.00" noise="71.69" route="routebottom" type="cfm-fast" waiting="0.00" lane="right_0" pos="32.24" speed="24.30" angle="306.55" x="100.01" y="121.85"/>
        <vehicle id="cfm-fast_4" eclass="HBEFA3/PC_G_EU4" CO2="0.00" CO="0.00" HC="0.00" NOx="0.00" PMx="0.00" fuel="0.00" electricity="0.00" noise="92.48" route="routebottom" type="cfm-fast" waiting="0.00" lane="bottom_1" pos="17.82" speed="77.48" angle="62.38" x="98.34" y="8.32"/>
        <vehicle id="cfm-fast_5" eclass="HBEFA3/PC_G_EU4" CO2="17151.96" CO="281.88" HC="1.71" NOx="7.44" PMx="0.41" fuel="7.37" electricity="0.00" noise="76.55" route="routebottom" type="cfm-fast" waiting="0.00" lane="right_0" pos="47.69" speed="24.59" angle="278.77" x="68.73" y="132.09"/>
        <vehicle id="cfm-slow_0" eclass="HBEFA3/PC_G_EU4" CO2="23880.84" CO="427.75" HC="2.54" NOx="10.57" PMx="0.59" fuel="10.27" electricity="0.00" noise="80.33" route="routetop" type="cfm-slow" waiting="0.00" lane="top_0" pos="13.54" speed="26.57" angle="250.11" x="35.33" y="126.14"/>
        <vehicle id="cfm-slow_1" eclass="HBEFA3/PC_G_EU4" CO2="24410.40" CO="454.14" HC="2.68" NOx="10.76" PMx="0.61" fuel="10.49" electricity="0.00" noise="80.48" route="routetop" type="cfm-slow" waiting="0.00" lane="top_0" pos="35.42" speed="29.31" angle="210.79" x="2.15" y="94.04"/>
        <vehicle id="cfm-slow_2" eclass="HBEFA3/PC_G_EU4" CO2="16045.26" CO="300.32" HC="1.77" NOx="6.76" PMx="0.40" fuel="6.90" electricity="0.00" noise="77.22" route="routetop" type="cfm-slow" waiting="0.00" lane="left_0" pos="10.06" speed="31.66" angle="166.27" x="-1.53" y="42.28"/>
        <vehicle id="cfm-slow_3" eclass="HBEFA3/PC_G_EU4" CO2="0.00" CO="0.00" HC="0.00" NOx="0.00" PMx="0.00" fuel="0.00" electricity="0.00" noise="74.17" route="routetop" type="cfm-slow" waiting="0.00" lane="left_0" pos="37.03" speed="32.63" angle="117.84" x="36.42" y="0.69"/>
        <vehicle id="cfm-slow_4" eclass="HBEFA3/PC_G_EU4" CO2="0.00" CO="0.00" HC="0.00" NOx="0.00" PMx="0.00" fuel="0.00" electricity="0.00" noise="72.94" route="routebottom" type="cfm-slow" waiting="0.00" lane="bottom_0" pos="14.82" speed="31.59" angle="67.79" x="94.49" y="2.38"/>
        <vehicle id="cfm-slow_5" eclass="HBEFA3/PC_G_EU4" CO2="0.00" CO="0.00" HC="0.00" NOx="0.00" PMx="0.00" fuel="0.00" electricity="0.00" noise="71.64" route="routebottom" type="cfm-slow" waiting="0.00" lane="bottom_0" pos="41.38" speed="28.94" angle="20.05" x="129.75" y="45.25"/>
    </timestep>
    <timestep time="6.21">
        <vehicle id="cfm-fast_0" eclass="HBEFA3/PC_G_EU4" CO2="178350.42" CO="4238.07" HC="23.81" NOx="82.83" PMx="4.91" fuel="76.66" electricity="0.00" noise="127.31" route="routetop" type="cfm-fast" waiting="0.00" lane="top_1" pos="3.83" speed="60.36" angle="267.64" x="55.79" y="128.50"/>
        <vehicle id="cfm-fast_1" eclass="HBEFA3/PC_G_EU4" CO2="0.00" CO="0.00" HC="0.00" NOx="0.00" PMx="0.00" fuel="0.00" electricity="0.00" noise="70.45" route="routebottom" type="cfm-fast" waiting="0.00" lane="right_0" pos="15.53" speed="25.95" angle="336.49" x="124.25" y="95.86"/>
        <vehicle id="cfm-fast_2" eclass="HBEFA3/PC_G_EU4" CO2="176784.02" CO="4563.19" HC="25.28" NOx="81.95" PMx="5.02" fuel="75.99" electricity="0.00" noise="123.53" route="routetop" type="cfm-fast" waiting="0.00" lane="left_1" pos="6.30" speed="70.07" angle="173.11" x="-0.37" y="50.80"/>
        <vehicle id="cfm-fast_3" eclass="HBEFA3/PC_G_EU4" CO2="6610.19" CO="64.05" HC="0.46" NOx="2.47" PMx="0.13" fuel="2.84" electricity="0.00" noise="71.72" route="routebottom" type="cfm-fast" waiting="0.00" lane="right_0" pos="32.48" speed="24.31" angle="306.09" x="99.56" y="122.12"/>
        <vehicle id="cfm-fast_4" eclass="HBEFA3/PC_G_EU4" CO2="0.00" CO="0.00" HC="0.00" NOx="0.00" PMx="0.00" fuel="0.00" electricity="0.00" noise="92.26" route="routebottom" type="cfm-fast" waiting="0.00" lane="bottom_1" pos="18.59" speed="77.47" angle="60.98" x="99.67" y="9.19"/>
        <vehicle id="cfm-fast_5" eclass="HBEFA3/PC_G_EU4" CO2="17208.72" CO="283.10" HC="1.72" NOx="7.47" PMx="0.41" fuel="7.40" electricity="0.00" noise="76.58" route="routebottom" type="cfm-fast" waiting="0.00" lane="right_0" pos="47.94" speed="24.61" angle="278.31" x="68.20" y="132.12"/>
        <vehicle id="cfm-slow_0" eclass="HBEFA3/PC_G_EU4" CO2="23887.66" CO="428.01" HC="2.54" NOx="10.57" PMx="0.59" fuel="10.27" electricity="0.00" noise="80.33" route="routetop" type="cfm-slow" waiting="0.00" lane="top_0" pos="13.80" speed="26.60" angle="249.62" x="34.80" y="125.91"/>
        <vehicle id="cfm-slow_1" eclass="HBEFA3/PC_G_EU4" CO2="24336.65" CO="452.79" HC="2.67" NOx="10.72" PMx="0.61" fuel="10.46" electricity="0.00" noise="80.44" route="routetop" type="cfm-slow" waiting="0.00" lane="top_0" pos="35.71" speed="29.33" angle="210.25" x="1.87" y="93.47"/>
        <vehicle id="cfm-slow_2" eclass="HBEFA3/PC_G_EU4" CO2="15890.95" CO="297.24" HC="1.76" NOx="6.69" PMx="0.40" fuel="6.83" electricity="0.00" noise="77.17" route="routetop" type="cfm-slow" waiting="0.00" lane="left_0" pos="10.38" speed="31.68" angle="165.76" x="-1.31" y="41.63"/>
        <vehicle id="cfm-slow_3" eclass="HBEFA3/PC_G_EU4" CO2="0.00" CO="0.00" HC="0.00" NOx="0.00" PMx="0.00" fuel="0.00" electricity="0.00" noise="74.15" route="routetop" type="cfm-slow" waiting="0.00" lane="left_0" pos="37.35" speed="32.63" angle="117.31" x="37.07" y="0.41"/>
        <vehicle id="cfm-slow_4" eclass="HBEFA3/PC_G_EU4" CO2="0.00" CO="0.00" HC="0.00" NOx="0.00" PMx="0.00" fuel="0.00" electricity="0.00" noise="72.93" route="routebottom" type="cfm-slow" waiting="0.00" lane="bottom_0" pos="15.13" speed="31.57" angle="67.20" x="95.10" y="2.68"/>
        <vehicle id="cfm-slow_5" eclass="HBEFA3/PC_G_EU4" CO2="0.00" CO="0.00" HC="0.00" NOx="0.00" PMx="0.00" fuel="0.00" electricity="0.00" noise="71.63" route="routebottom" type="cfm-slow" waiting="0.00" lane="bottom_0" pos="41.67" speed="28.92" angle="19.53" x="129.91" y="45.85"/>
    </timestep>
    <timestep time="6.22">
        <vehicle id="cfm-fast_0" eclass="HBEFA3/PC_G_EU4" CO2="178387.00" CO="4242.05" HC="23.83" NOx="82.84" PMx="4.91" fuel="76.68" electricity="0.00" noise="127.27" route="routetop" type="cfm-fast" waiting="0.00" lane="top_1" pos="4.44" speed="60.46" angle="266.54" x="54.56" y="128.33"/>
        <vehicle id="cfm-fast_1" eclass="HBEFA3/PC_G_EU4" CO2="0.00" CO="0.00" HC="0.00" NOx="0.00" PMx="0.00" fuel="0.00" electricity="0.00" noise="70.45" route="routebottom" type="cfm-fast" waiting="0.00" lane="right_0" pos="15.79" speed="25.93" angle="336.03" x="123.97" y="96.35"/>
        <vehicle id="cfm-fast_2" eclass="HBEFA3/PC_G_EU4" CO2="175577.55" CO="4541.56" HC="25.16" NOx="81.38" PMx="4.99" fuel="75.47" electricity="0.00" noise="123.22" route="routetop" type="cfm-fast" waiting="0.00" lane="left_1" pos="7.00" speed="70.15" angle="171.86" x="-0.06" y="49.39"/>
        <vehicle id="cfm-fast_3" eclass="HBEFA3/PC_G_EU4" CO2="6700.70" CO="65.93" HC="0.47" NOx="2.51" PMx="0.13" fuel="2.88" electricity="0.00" noise="71.76" route="routebottom" type="cfm-fast" waiting="0.00" lane="right_0" pos="32.73" speed="24.31" angle="305.63" x="99.12" y="122.39"/>
        <vehicle id="cfm-fast_4" eclass="HBEFA3/PC_G_EU4" CO2="0.00" CO="0.00" HC="0.00" NOx="0.00" PMx="0.00" fuel="0.00" electricity="0.00" noise="92.05" route="routebottom" type="cfm-fast" waiting="0.00" lane="bottom_1" pos="19.36" speed="77.47" angle="59.58" x="100.98" y="10.08"/>
        <vehicle id="cfm-fast_5" eclass="HBEFA3/PC_G_EU4" CO2="17265.11" CO="284.32" HC="1.72" NOx="7.49" PMx="0.41" fuel="7.42" electricity="0.00" noise="76.62" route="routebottom" type="cfm-fast" waiting="0.00" lane="right_0" pos="48.18" speed="24.63" angle="277.85" x="67.67" y="132.15"/>
        <vehicle id="cfm-slow_0" eclass="HBEFA3/PC_G_EU4" CO2="23893.80" CO="428.27" HC="2.55" NOx="10.57" PMx="0.59" fuel="10.27" electricity="0.00" noise="80.33" route="routetop" type="cfm-slow" waiting="0.00" lane="top_0" pos="14.07" speed="26.63" angle="249.19" x="34.28" y="125.67"/>
        <vehicle id="cfm-slow_1" eclass="HBEFA3/PC_G_EU4" CO2="24262.12" CO="451.42" HC="2.66" NOx="10.69" PMx="0.61" fuel="10.43" electricity="0.00" noise="80.40" route="routetop" type="cfm-slow" waiting="0.00" lane="top_0" pos="36.00" speed="29.35" angle="209.76" x="1.60" y="92.91"/>
        <vehicle id="cfm-slow_2" eclass="HBEFA3/PC_G_EU4" CO2="15736.58" CO="294.16" HC="1.74" NOx="6.62" PMx="0.39" fuel="6.76" electricity="0.00" noise="77.12" route="routetop" type="cfm-slow" waiting="0.00" lane="left_0" pos="10.70" speed="31.69" angle="165.17" x="-1.08" y="40.99"/>
        <vehicle id="cfm-slow_3" eclass="HBEFA3/PC_G_EU4" CO2="0.00" CO="0.00" HC="0.00" NOx="0.00" PMx="0.00" fuel="0.00" electricity="0.00" noise="74.13" route="routetop" type="cfm-slow" waiting="0.00" lane="left_0" pos="37.68" speed="32.62" angle="116.71" x="37.72" y="0.15"/>
        <vehicle id="cfm-slow_4" eclass="HBEFA3/PC_G_EU4" CO2="0.00" CO="0.00" HC="0.00" NOx="0.00" PMx="0.00" fuel="0.00" electricity="0.00" noise="72.92" route="routebottom" type="cfm-slow" waiting="0.00" lane="bottom_0" pos="15.45" speed="31.54" angle="66.68" x="95.70" y="2.99"/>
        <vehicle id="cfm-slow_5" eclass="HBEFA3/PC_G_EU4" CO2="0.00" CO="0.00" HC="0.00" NOx="0.00" PMx="0.00" fuel="0.00" electricity="0.00" noise="71.62" route="routebottom" type="cfm-slow" waiting="0.00" lane="bottom_0" pos="41.95" speed="28.89" angle="19.00" x="130.07" y="46.45"/>
    </timestep>
    <timestep time="6.23">
        <vehicle id="cfm-fast_0" eclass="HBEFA3/PC_G_EU4" CO2="178413.31" CO="4245.82" HC="23.84" NOx="82.85" PMx="4.91" fuel="76.69" electricity="0.00" noise="127.23" route="routetop" type="cfm-fast" waiting="0.00" lane="top_1" pos="5.04" speed="60.56" angle="265.42" x="53.34" y="128.15"/>
        <vehicle id="cfm-fast_1" eclass="HBEFA3/PC_G_EU4" CO2="0.00" CO="0.00" HC="0.00" NOx="0.00" PMx="0.00" fuel="0.00" electricity="0.00" noise="70.45" route="routebottom" type="cfm-fast" waiting="0.00" lane="right_0" pos="16.05" speed="25.92" angle="335.56" x="123.70" y="96.83"/>
        <vehicle id="cfm-fast_2" eclass="HBEFA3/PC_G_EU4" CO2="174368.08" CO="4519.85" HC="25.03" NOx="80.81" PMx="4.96" fuel="74.95" electricity="0.00" noise="122.91" route="routetop" type="cfm-fast" waiting="0.00" lane="left_1" pos="7.70" speed="70.22" angle="170.62" x="0.26" y="47.99"/>
        <vehicle id="cfm-fast_3" eclass="HBEFA3/PC_G_EU4" CO2="6790.97" CO="67.80" HC="0.48" NOx="2.56" PMx="0.13" fuel="2.92" electricity="0.00" noise="71.79" route="routebottom" type="cfm-fast" waiting="0.00" lane="right_0" pos="32.97" speed="24.32" angle="305.16" x="98.67" y="122.66"/>
        <vehicle id="cfm-fast_4" eclass="HBEFA3/PC_G_EU4" CO2="0.00" CO="0.00" HC="0.00" NOx="0.00" PMx="0.00" fuel="0.00" electricity="0.00" noise="91.85" route="routebottom" type="cfm-fast" waiting="0.00" lane="bottom_1" pos="20.14" speed="77.47" angle="58.17" x="102.27" y="11.01"/>
        <vehicle id="cfm-fast_5" eclass="HBEFA3/PC_G_EU4" CO2="17321.12" CO="285.54" HC="1.73" NOx="7.52" PMx="0.41" fuel="7.45" electricity="0.00" noise="76.65" route="routebottom" type="cfm-fast" waiting="0.00" lane="right_0" pos="48.43" speed="24.66" angle="277.39" x="67.14" y="132.18"/>
        <vehicle id="cfm-slow_0" eclass="HBEFA3/PC_G_EU4" CO2="23899.26" CO="428.50" HC="2.55" NOx="10.58" PMx="0.59" fuel="10.27" electricity="0.00" noise="80.33" route="routetop" type="cfm-slow" waiting="0.00" lane="top_0" pos="14.33" speed="26.66" angle="248.69" x="33.77" y="125.42"/>
        <vehicle id="cfm-slow_1" eclass="HBEFA3/PC_G_EU4" CO2="24186.83" CO="450.04" HC="2.66" NOx="10.65" PMx="0.60" fuel="10.40" electricity="0.00" noise="80.37" route="routetop" type="cfm-slow" waiting="0.00" lane="top_0" pos="36.30" speed="29.38" angle="209.21" x="1.34" y="92.33"/>
        <vehicle id="cfm-slow_2" eclass="HBEFA3/PC_G_EU4" CO2="15582.16" CO="291.08" HC="1.72" NOx="6.54" PMx="0.39" fuel="6.70" electricity="0.00" noise="77.07" route="routetop" type="cfm-slow" waiting="0.00" lane="left_0" pos="11.02" speed="31.70" angle="164.58" x="-0.85" y="40.35"/>
        <vehicle id="cfm-slow_3" eclass="HBEFA3/PC_G_EU4" CO2="0.00" CO="0.00" HC="0.00" NOx="0.00" PMx="0.00" fuel="0.00" electricity="0.00" noise="74.11" route="routetop" type="cfm-slow" waiting="0.00" lane="left_0" pos="38.00" speed="32.61" angle="116.11" x="38.37" y="-0.11"/>
        <vehicle id="cfm-slow_4" eclass="HBEFA3/PC_G_EU4" CO2="0.00" CO="0.00" HC="0.00" NOx="0.00" PMx="0.00" fuel="0.00" electricity="0.00" noise="72.91" route="routebottom" type="cfm-slow" waiting="0.00" lane="bottom_0" pos="15.76" speed="31.52" angle="66.10" x="96.30" y="3.32"/>
        <vehicle id="cfm-slow_5" eclass="HBEFA3/PC_G_EU4" CO2="0.00" CO="0.00" HC="0.00" NOx="0.00" PMx="0.00" fuel="0.00" electricity="0.00" noise="71.61" route="routebottom" type="cfm-slow" waiting="0.00" lane="bottom_0" pos="42.24" speed="28.86" angle="18.49" x="130.23" y="47.05"/>
    </timestep>
    <timestep time="6.24">
        <vehicle id="cfm-fast_0" eclass="HBEFA3/PC_G_EU4" CO2="178429.41" CO="4249.38" HC="23.86" NOx="82.86" PMx="4.91" fuel="76.70" electricity="0.00" noise="127.19" route="routetop" type="cfm-fast" waiting="0.00" lane="top_1" pos="5.65" speed="60.66" angle="264.34" x="52.11" y="127.93"/>
        <vehicle id="cfm-fast_1" eclass="HBEFA3/PC_G_EU4" CO2="0.00" CO="0.00" HC="0.00" NOx="0.00" PMx="0.00" fuel="0.00" electricity="0.00" noise="70.45" route="routebottom" type="cfm-fast" waiting="0.00" lane="right_0" pos="16.31" speed="25.90" angle="335.09" x="123.43" y="97.32"/>
        <vehicle id="cfm-fast_2" eclass="HBEFA3/PC_G_EU4" CO2="173155.96" CO="4498.04" HC="24.90" NOx="80.23" PMx="4.93" fuel="74.43" electricity="0.00" noise="122.60" route="routetop" type="cfm-fast" waiting="0.00" lane="left_1" pos="8.41" speed="70.30" angle="169.31" x="0.63" y="46.60"/>
        <vehicle id="cfm-fast_3" eclass="HBEFA3/PC_G_EU4" CO2="6881.00" CO="69.66" HC="0.49" NOx="2.60" PMx="0.14" fuel="2.96" electricity="0.00" noise="71.82" route="routebottom" type="cfm-fast" waiting="0.00" lane="right_0" pos="33.21" speed="24.32" angle="304.70" x="98.22" y="122.93"/>
        <vehicle id="cfm-fast_4" eclass="HBEFA3/PC_G_EU4" CO2="0.00" CO="0.00" HC="0.00" NOx="0.00" PMx="0.00" fuel="0.00" electricity="0.00" noise="91.66" route="routebottom" type="cfm-fast" waiting="0.00" lane="bottom_1" pos="20.91" speed="77.46" angle="56.81" x="103.54" y="11.96"/>
        <vehicle id="cfm-fast_5" eclass="HBEFA3/PC_G_EU4" CO2="17376.76" CO="286.74" HC="1.74" NOx="7.54" PMx="0.41" fuel="7.47" electricity="0.00" noise="76.68" route="routebottom" type="cfm-fast" waiting="0.00" lane="right_0" pos="48.68" speed="24.68" angle="276.95" x="66.61" y="132.21"/>
        <vehicle id="cfm-slow_0" eclass="HBEFA3/PC_G_EU4" CO2="23904.04" CO="428.73" HC="2.55" NOx="10.58" PMx="0.59" fuel="10.28" electricity="0.00" noise="80.33" route="routetop" type="cfm-slow" waiting="0.00" lane="top_0" pos="14.60" speed="26.68" angle="248.18" x="33.25" y="125.16"/>
        <vehicle id="cfm-slow_1" eclass="HBEFA3/PC_G_EU4" CO2="24110.77" CO="448.64" HC="2.65" NOx="10.62" PMx="0.60" fuel="10.36" electricity="0.00" noise="80.33" route="routetop" type="cfm-slow" waiting="0.00" lane="top_0" pos="36.59" speed="29.40" angle="208.66" x="1.08" y="91.75"/>
        <vehicle id="cfm-slow_2" eclass="HBEFA3/PC_G_EU4" CO2="15427.70" CO="288.00" HC="1.70" NOx="6.47" PMx="0.39" fuel="6.63" electricity="0.00" noise="77.02" route="routetop" type="cfm-slow" waiting="0.00" lane="left_0" pos="11.33" speed="31.71" angle="163.99" x="-0.62" y="39.70"/>
        <vehicle id="cfm-slow_3" eclass="HBEFA3/PC_G_EU4" CO2="0.00" CO="0.00" HC="0.00" NOx="0.00" PMx="0.00" fuel="0.00" electricity="0.00" noise="74.10" route="routetop" type="cfm-slow" waiting="0.00" lane="left_0" pos="38.33" speed="32.60" angle="115.51" x="39.02" y="-0.37"/>
        <vehicle id="cfm-slow_4" eclass="HBEFA3/PC_G_EU4" CO2="0.00" CO="0.00" HC="0.00" NOx="0.00" PMx="0.00" fuel="0.00" electricity="0.00" noise="72.90" route="routebottom" type="cfm-slow" waiting="0.00" lane="bottom_0" pos="16.08" speed="31.49" angle="65.52" x="96.89" y="3.65"/>
        <vehicle id="cfm-slow_5" eclass="HBEFA3/PC_G_EU4" CO2="0.00" CO="0.00" HC="0.00" NOx="0.00" PMx="0.00" fuel="0.00" electricity="0.00" noise="71.59" route="routebottom" type="cfm-slow" waiting="0.00" lane="bottom_0" pos="42.53" speed="28.84" angle="18.01" x="130.37" y="47.65"/>
    </timestep>
    <timestep time="6.25">
        <vehicle id="cfm-fast_0" eclass="HBEFA3/PC_G_EU4" CO2="178435.32" CO="4252.73" HC="23.88" NOx="82.86" PMx="4.92" fuel="76.70" electricity="0.00" noise="127.15" route="routetop" type="cfm-fast" waiting="0.00" lane="top_1" pos="6.26" speed="60.75" angle="263.22" x="50.89" y="127.71"/>
        <vehicle id="cfm-fast_1" eclass="HBEFA3/PC_G_EU4" CO2="0.00" CO="0.00" HC="0.00" NOx="0.00" PMx="0.00" fuel="0.00" electricity="0.00" noise="70.45" route="routebottom" type="cfm-fast" waiting="0.00" lane="right_0" pos="16.57" speed="25.89" angle="334.64" x="123.16" y="97.81"/>
        <vehicle id="cfm-fast_2" eclass="HBEFA3/PC_G_EU4" CO2="171941.53" CO="4476.17" HC="24.77" NOx="79.66" PMx="4.90" fuel="73.91" electricity="0.00" noise="122.29" route="routetop" type="cfm-fast" waiting="0.00" lane="left_1" pos="9.11" speed="70.38" angle="168.07" x="1.02" y="45.21"/>
        <vehicle id="cfm-fast_3" eclass="HBEFA3/PC_G_EU4" CO2="6970.79" CO="71.52" HC="0.50" NOx="2.64" PMx="0.14" fuel="3.00" electricity="0.00" noise="71.85" route="routebottom" type="cfm-fast" waiting="0.00" lane="right_0" pos="33.46" speed="24.33" angle="304.31" x="97.76" y="123.19"/>
        <vehicle id="cfm-fast_4" eclass="HBEFA3/PC_G_EU4" CO2="0.00" CO="0.00" HC="0.00" NOx="0.00" PMx="0.00" fuel="0.00" electricity="0.00" noise="91.48" route="routebottom" type="cfm-fast" waiting="0.00" lane="bottom_1" pos="21.69" speed="77.46" angle="55.41" x="104.80" y="12.94"/>
        <vehicle id="cfm-fast_5" eclass="HBEFA3/PC_G_EU4" CO2="17432.03" CO="287.94" HC="1.74" NOx="7.57" PMx="0.41" fuel="7.49" electricity="0.00" noise="76.71" route="routebottom" type="cfm-fast" waiting="0.00" lane="right_0" pos="48.92" speed="24.70" angle="276.53" x="66.08" y="132.23"/>
        <vehicle id="cfm-slow_0" eclass="HBEFA3/PC_G_EU4" CO2="23908.13" CO="428.94" HC="2.55" NOx="10.58" PMx="0.59" fuel="10.28" electricity="0.00" noise="80.33" route="routetop" type="cfm-slow" waiting="0.00" lane="top_0" pos="14.87" speed="26.71" angle="247.67" x="32.74" y="124.90"/>
        <vehicle id="cfm-slow_1" eclass="HBEFA3/PC_G_EU4" CO2="24033.95" CO="447.22" HC="2.64" NOx="10.58" PMx="0.60" fuel="10.33" electricity="0.00" noise="80.29" route="routetop" type="cfm-slow" waiting="0.00" lane="top_0" pos="36.89" speed="29.43" angle="208.11" x="0.82" y="91.18"/>
        <vehicle id="cfm-slow_2" eclass="HBEFA3/PC_G_EU4" CO2="15273.21" CO="284.91" HC="1.69" NOx="6.40" PMx="0.38" fuel="6.57" electricity="0.00" noise="76.98" route="routetop" type="cfm-slow" waiting="0.00" lane="left_0" pos="11.65" speed="31.72" angle="163.49" x="-0.38" y="39.06"/>
        <vehicle id="cfm-slow_3" eclass="HBEFA3/PC_G_EU4" CO2="0.00" CO="0.00" HC="0.00" NOx="0.00" PMx="0.00" fuel="0.00" electricity="0.00" noise="74.08" route="routetop" type="cfm-slow" waiting="0.00" lane="left_0" pos="38.66" speed="32.59" angle="114.97" x="39.68" y="-0.61"/>
        <vehicle id="cfm-slow_4" eclass="HBEFA3/PC_G_EU4" CO2="0.00" CO="0.00" HC="0.00" NOx="0.00" PMx="0.00" fuel="0.00" electricity="0.00" noise="72.88" route="routebottom" type="cfm-slow" waiting="0.00" lane="bottom_0" pos="16.39" speed="31.47" angle="64.94" x="97.48" y="3.98"/>
        <vehicle id="cfm-slow_5" eclass="HBEFA3/PC_G_EU4" CO2="0.00" CO="0.00" HC="0.00" NOx="0.00" PMx="0.00" fuel="0.00" electricity="0.00" noise="71.58" route="routebottom" type="cfm-slow" waiting="0.00" lane="bottom_0" pos="42.82" speed="28.81" angle="17.49" x="130.51" y="48.26"/>
    </timestep>
    <timestep time="6.26">
        <vehicle id="cfm-fast_0" eclass="HBEFA3/PC_G_EU4" CO2="178431.08" CO="4255.87" HC="23.89" NOx="82.86" PMx="4.92" fuel="76.70" electricity="0.00" noise="127.10" route="routetop" type="cfm-fast" waiting="0.00" lane="top_1" pos="6.86" speed="60.85" angle="262.12" x="49.67" y="127.45"/>
        <vehicle id="cfm-fast_1" eclass="HBEFA3/PC_G_EU4" CO2="0.00" CO="0.00" HC="0.00" NOx="0.00" PMx="0.00" fuel="0.00" electricity="0.00" noise="70.45" route="routebottom" type="cfm-fast" waiting="0.00" lane="right_0" pos="16.83" speed="25.87" angle="334.20" x="122.88" y="98.29"/>
        <vehicle id="cfm-fast_2" eclass="HBEFA3/PC_G_EU4" CO2="170725.15" CO="4454.23" HC="24.64" NOx="79.09" PMx="4.87" fuel="73.39" electricity="0.00" noise="121.98" route="routetop" type="cfm-fast" waiting="0.00" lane="left_1" pos="9.81" speed="70.45" angle="166.77" x="1.45" y="43.83"/>
        <vehicle id="cfm-fast_3" eclass="HBEFA3/PC_G_EU4" CO2="7060.33" CO="73.38" HC="0.51" NOx="2.68" PMx="0.14" fuel="3.03" electricity="0.00" noise="71.88" route="routebottom" type="cfm-fast" waiting="0.00" lane="right_0" pos="33.70" speed="24.33" angle="303.87" x="97.31" y="123.44"/>
        <vehicle id="cfm-fast_4" eclass="HBEFA3/PC_G_EU4" CO2="0.00" CO="0.00" HC="0.00" NOx="0.00" PMx="0.00" fuel="0.00" electricity="0.00" noise="91.30" route="routebottom" type="cfm-fast" waiting="0.00" lane="bottom_1" pos="22.46" speed="77.45" angle="54.04" x="106.01" y="13.96"/>
        <vehicle id="cfm-fast_5" eclass="HBEFA3/PC_G_EU4" CO2="17486.91" CO="289.13" HC="1.75" NOx="7.59" PMx="0.41" fuel="7.52" electricity="0.00" noise="76.74" route="routebottom" type="cfm-fast" waiting="0.00" lane="right_0" pos="49.17" speed="24.72" angle="276.07" x="65.55" y="132.24"/>
        <vehicle id="cfm-slow_0" eclass="HBEFA3/PC_G_EU4" CO2="23911.53" CO="429.14" HC="2.55" NOx="10.58" PMx="0.59" fuel="10.28" electricity="0.00" noise="80.33" route="routetop" type="cfm-slow" waiting="0.00" lane="top_0" pos="15.14" speed="26.74" angle="247.16" x="32.23" y="124.64"/>
        <vehicle id="cfm-slow_1" eclass="HBEFA3/PC_G_EU4" CO2="23956.39" CO="445.79" HC="2.63" NOx="10.54" PMx="0.60" fuel="10.30" electricity="0.00" noise="80.25" route="routetop" type="cfm-slow" waiting="0.00" lane="top_0" pos="37.18" speed="29.45" angle="207.62" x="0.56" y="90.60"/>
        <vehicle id="cfm-slow_2" eclass="HBEFA3/PC_G_EU4" CO2="15118.71" CO="281.82" HC="1.67" NOx="6.32" PMx="0.38" fuel="6.50" electricity="0.00" noise="76.93" route="routetop" type="cfm-slow" waiting="0.00" lane="left_0" pos="11.97" speed="31.73" angle="162.92" x="-0.13" y="38.43"/>
        <vehicle id="cfm-slow_3" eclass="HBEFA3/PC_G_EU4" CO2="0.00" CO="0.00" HC="0.00" NOx="0.00" PMx="0.00" fuel="0.00" electricity="0.00" noise="74.06" route="routetop" type="cfm-slow" waiting="0.00" lane="left_0" pos="38.98" speed="32.58" angle="114.37" x="40.34" y="-0.85"/>
        <vehicle id="cfm-slow_4" eclass="HBEFA3/PC_G_EU4" CO2="0.00" CO="0.00" HC="0.00" NOx="0.00" PMx="0.00" fuel="0.00" electricity="0.00" noise="72.87" route="routebottom" type="cfm-slow" waiting="0.00" lane="bottom_0" pos="16.71" speed="31.44" angle="64.41" x="98.07" y="4.31"/>
        <vehicle id="cfm-slow_5" eclass="HBEFA3/PC_G_EU4" CO2="0.00" CO="0.00" HC="0.00" NOx="0.00" PMx="0.00" fuel="0.00" electricity="0.00" noise="71.57" route="routebottom" type="cfm-slow" waiting="0.00" lane="bottom_0" pos="43.11" speed="28.78" angle="16.96" x="130.65" y="48.86"/>
    </timestep>
    <timestep time="6.27">
        <vehicle id="cfm-fast_0" eclass="HBEFA3/PC_G_EU4" CO2="178416.75" CO="4258.80" HC="23.91" NOx="82.85" PMx="4.92" fuel="76.69" electricity="0.00" noise="127.06" route="routetop" type="cfm-fast" waiting="0.00" lane="top_1" pos="7.47" speed="60.95" angle="260.94" x="48.45" y="127.17"/>
        <vehicle id="cfm-fast_1" eclass="HBEFA3/PC_G_EU4" CO2="0.00" CO="0.00" HC="0.00" NOx="0.00" PMx="0.00" fuel="0.00" electricity="0.00" noise="70.46" route="routebottom" type="cfm-fast" waiting="0.00" lane="right_0" pos="17.09" speed="25.86" angle="333.74" x="122.60" y="98.77"/>
        <vehicle id="cfm-fast_2" eclass="HBEFA3/PC_G_EU4" CO2="169507.15" CO="4432.22" HC="24.51" NOx="78.51" PMx="4.84" fuel="72.86" electricity="0.00" noise="121.67" route="routetop" type="cfm-fast" waiting="0.00" lane="left_1" pos="10.52" speed="70.53" angle="165.54" x="1.90" y="42.45"/>
        <vehicle id="cfm-fast_3" eclass="HBEFA3/PC_G_EU4" CO2="7149.63" CO="75.23" HC="0.52" NOx="2.73" PMx="0.14" fuel="3.07" electricity="0.00" noise="71.91" route="routebottom" type="cfm-fast" waiting="0.00" lane="right_0" pos="33.94" speed="24.34" angle="303.43" x="96.85" y="123.70"/>
        <vehicle id="cfm-fast_4" eclass="HBEFA3/PC_G_EU4" CO2="0.00" CO="0.00" HC="0.00" NOx="0.00" PMx="0.00" fuel="0.00" electricity="0.00" noise="91.14" route="routebottom" type="cfm-fast" waiting="0.00" lane="bottom_1" pos="23.24" speed="77.45" angle="52.71" x="107.22" y="15.00"/>
        <vehicle id="cfm-fast_5" eclass="HBEFA3/PC_G_EU4" CO2="17541.40" CO="290.31" HC="1.76" NOx="7.62" PMx="0.42" fuel="7.54" electricity="0.00" noise="76.78" route="routebottom" type="cfm-fast" waiting="0.00" lane="right_0" pos="49.42" speed="24.74" angle="275.60" x="65.02" y="132.25"/>
        <vehicle id="cfm-slow_0" eclass="HBEFA3/PC_G_EU4" CO2="23914.24" CO="429.32" HC="2.55" NOx="10.58" PMx="0.59" fuel="10.28" electricity="0.00" noise="80.33" route="routetop" type="cfm-slow" waiting="0.00" lane="top_0" pos="15.40" speed="26.77" angle="246.72" x="31.71" y="124.38"/>
        <vehicle id="cfm-slow_1" eclass="HBEFA3/PC_G_EU4" CO2="23878.07" CO="444.35" HC="2.62" NOx="10.51" PMx="0.60" fuel="10.26" electricity="0.00" noise="80.21" route="routetop" type="cfm-slow" waiting="0.00" lane="top_0" pos="37.48" speed="29.47" angle="207.09" x="0.32" y="90.01"/>
        <vehicle id="cfm-slow_2" eclass="HBEFA3/PC_G_EU4" CO2="14964.19" CO="278.73" HC="1.65" NOx="6.25" PMx="0.37" fuel="6.43" electricity="0.00" noise="76.88" route="routetop" type="cfm-slow" waiting="0.00" lane="left_0" pos="12.28" speed="31.74" angle="162.36" x="0.12" y="37.80"/>
        <vehicle id="cfm-slow_3" eclass="HBEFA3/PC_G_EU4" CO2="0.00" CO="0.00" HC="0.00" NOx="0.00" PMx="0.00" fuel="0.00" electricity="0.00" noise="74.04" route="routetop" type="cfm-slow" waiting="0.00" lane="left_0" pos="39.31" speed="32.57" angle="113.77" x="41.00" y="-1.09"/>
        <vehicle id="cfm-slow_4" eclass="HBEFA3/PC_G_EU4" CO2="0.00" CO="0.00" HC="0.00" NOx="0.00" PMx="0.00" fuel="0.00" electricity="0.00" noise="72.86" route="routebottom" type="cfm-slow" waiting="0.00" lane="bottom_0" pos="17.02" speed="31.42" angle="63.83" x="98.65" y="4.66"/>
        <vehicle id="cfm-slow_5" eclass="HBEFA3/PC_G_EU4" CO2="0.00" CO="0.00" HC="0.00" NOx="0.00" PMx="0.00" fuel="0.00" electricity="0.00" noise="71.56" route="routebottom" type="cfm-slow" waiting="0.00" lane="bottom_0" pos="43.40" speed="28.75" angle="16.44" x="130.78" y="49.46"/>
    </timestep>
    <timestep time="6.28">
        <vehicle id="cfm-fast_0" eclass="HBEFA3/PC_G_EU4" CO2="178392.35" CO="4261.53" HC="23.92" NOx="82.84" PMx="4.92" fuel="76.68" electricity="0.00" noise="127.01" route="routetop" type="cfm-fast" waiting="0.00" lane="top_1" pos="8.08" speed="61.05" angle="259.89" x="47.23" y="126.86"/>
        <vehicle id="cfm-fast_1" eclass="HBEFA3/PC_G_EU4" CO2="0.00" CO="0.00" HC="0.00" NOx="0.00" PMx="0.00" fuel="0.00" electricity="0.00" noise="70.46" route="routebottom" type="cfm-fast" waiting="0.00" lane="right_0" pos="17.34" speed="25.84" angle="333.27" x="122.31" y="99.24"/>
        <vehicle id="cfm-fast_2" eclass="HBEFA3/PC_G_EU4" CO2="168287.86" CO="4410.16" HC="24.38" NOx="77.93" PMx="4.81" fuel="72.34" electricity="0.00" noise="121.37" route="routetop" type="cfm-fast" waiting="0.00" lane="left_1" pos="11.23" speed="70.60" angle="164.22" x="2.39" y="41.09"/>
        <vehicle id="cfm-fast_3" eclass="HBEFA3/PC_G_EU4" CO2="7238.68" CO="77.08" HC="0.53" NOx="2.77" PMx="0.15" fuel="3.11" electricity="0.00" noise="71.94" route="routebottom" type="cfm-fast" waiting="0.00" lane="right_0" pos="34.19" speed="24.34" angle="302.98" x="96.39" y="123.95"/>
        <vehicle id="cfm-fast_4" eclass="HBEFA3/PC_G_EU4" CO2="0.00" CO="0.00" HC="0.00" NOx="0.00" PMx="0.00" fuel="0.00" electricity="0.00" noise="90.98" route="routebottom" type="cfm-fast" waiting="0.00" lane="bottom_1" pos="24.01" speed="77.44" angle="51.31" x="108.38" y="16.07"/>
        <vehicle id="cfm-fast_5" eclass="HBEFA3/PC_G_EU4" CO2="17595.51" CO="291.49" HC="1.76" NOx="7.64" PMx="0.42" fuel="7.56" electricity="0.00" noise="76.81" route="routebottom" type="cfm-fast" waiting="0.00" lane="right_0" pos="49.66" speed="24.76" angle="275.14" x="64.48" y="132.26"/>
        <vehicle id="cfm-slow_0" eclass="HBEFA3/PC_G_EU4" CO2="23916.26" CO="429.49" HC="2.55" NOx="10.58" PMx="0.59" fuel="10.28" electricity="0.00" noise="80.33" route="routetop" type="cfm-slow" waiting="0.00" lane="top_0" pos="15.67" speed="26.79" angle="246.24" x="31.21" y="124.10"/>
        <vehicle id="cfm-slow_1" eclass="HBEFA3/PC_G_EU4" CO2="23799.02" CO="442.88" HC="2.61" NOx="10.47" PMx="0.59" fuel="10.23" electricity="0.00" noise="80.18" route="routetop" type="cfm-slow" waiting="0.00" lane="top_0" pos="37.77" speed="29.50" angle="206.55" x="0.08" y="89.42"/>
        <vehicle id="cfm-slow_2" eclass="HBEFA3/PC_G_EU4" CO2="14809.68" CO="275.64" HC="1.63" NOx="6.18" PMx="0.37" fuel="6.37" electricity="0.00" noise="76.83" route="routetop" type="cfm-slow" waiting="0.00" lane="left_0" pos="12.60" speed="31.75" angle="161.80" x="0.38" y="37.16"/>
        <vehicle id="cfm-slow_3" eclass="HBEFA3/PC_G_EU4" CO2="0.00" CO="0.00" HC="0.00" NOx="0.00" PMx="0.00" fuel="0.00" electricity="0.00" noise="74.03" route="routetop" type="cfm-slow" waiting="0.00" lane="left_0" pos="39.63" speed="32.57" angle="113.17" x="41.66" y="-1.32"/>
        <vehicle id="cfm-slow_4" eclass="HBEFA3/PC_G_EU4" CO2="0.00" CO="0.00" HC="0.00" NOx="0.00" PMx="0.00" fuel="0.00" electricity="0.00" noise="72.85" route="routebottom" type="cfm-slow" waiting="0.00" lane="bottom_0" pos="17.34" speed="31.39" angle="63.26" x="99.23" y="5.00"/>
        <vehicle id="cfm-slow_5" eclass="HBEFA3/PC_G_EU4" CO2="0.00" CO="0.00" HC="0.00" NOx="0.00" PMx="0.00" fuel="0.00" electricity="0.00" noise="71.55" route="routebottom" type="cfm-slow" waiting="0.00" lane="bottom_0" pos="43.68" speed="28.73" angle="15.97" x="130.91" y="50.07"/>
    </timestep>
    <timestep time="6.29">
        <vehicle id="cfm-fast_0" eclass="HBEFA3/PC_G_EU4" CO2="178357.95" CO="4264.06" HC="23.93" NOx="82.82" PMx="4.92" fuel="76.67" electricity="0.00" noise="126.95" route="routetop" type="cfm-fast" waiting="0.00" lane="top_1" pos="8.70" speed="61.14" angle="258.81" x="46.02" y="126.54"/>
        <vehicle id="cfm-fast_1" eclass="HBEFA3/PC_G_EU4" CO2="0.00" CO="0.00" HC="0.00" NOx="0.00" PMx="0.00" fuel="0.00" electricity="0.00" noise="70.46" route="routebottom" type="cfm-fast" waiting="0.00" lane="right_0" pos="17.60" speed="25.83" angle="332.80" x="122.03" y="99.72"/>
        <vehicle id="cfm-fast_2" eclass="HBEFA3/PC_G_EU4" CO2="167067.60" CO="4388.06" HC="24.25" NOx="77.36" PMx="4.78" fuel="71.81" electricity="0.00" noise="121.06" route="routetop" type="cfm-fast" waiting="0.00" lane="left_1" pos="11.93" speed="70.67" angle="162.99" x="2.91" y="39.74"/>
        <vehicle id="cfm-fast_3" eclass="HBEFA3/PC_G_EU4" CO2="7327.48" CO="78.92" HC="0.54" NOx="2.81" PMx="0.15" fuel="3.15" electricity="0.00" noise="71.98" route="routebottom" type="cfm-fast" waiting="0.00" lane="right_0" pos="34.43" speed="24.35" angle="302.54" x="95.93" y="124.20"/>
        <vehicle id="cfm-fast_4" eclass="HBEFA3/PC_G_EU4" CO2="0.00" CO="0.00" HC="0.00" NOx="0.00" PMx="0.00" fuel="0.00" electricity="0.00" noise="90.83" route="routebottom" type="cfm-fast" waiting="0.00" lane="bottom_1" pos="24.79" speed="77.43" angle="49.93" x="109.52" y="17.18"/>
        <vehicle id="cfm-fast_5" eclass="HBEFA3/PC_G_EU4" CO2="17649.23" CO="292.66" HC="1.77" NOx="7.67" PMx="0.42" fuel="7.59" electricity="0.00" noise="76.84" route="routebottom" type="cfm-fast" waiting="0.00" lane="right_0" pos="49.91" speed="24.78" angle="274.68" x="63.95" y="132.27"/>
        <vehicle id="cfm-slow_0" eclass="HBEFA3/PC_G_EU4" CO2="23917.59" CO="429.65" HC="2.55" NOx="10.58" PMx="0.59" fuel="10.28" electricity="0.00" noise="80.33" route="routetop" type="cfm-slow" waiting="0.00" lane="top_0" pos="15.94" speed="26.82" angle="245.76" x="30.70" y="123.82"/>
        <vehicle id="cfm-slow_1" eclass="HBEFA3/PC_G_EU4" CO2="23719.22" CO="441.40" HC="2.60" NOx="10.43" PMx="0.59" fuel="10.20" electricity="0.00" noise="80.14" route="routetop" type="cfm-slow" waiting="0.00" lane="top_0" pos="38.07" speed="29.52" angle="206.00" x="-0.15" y="88.83"/>
        <vehicle id="cfm-slow_2" eclass="HBEFA3/PC_G_EU4" CO2="14655.18" CO="272.55" HC="1.61" NOx="6.10" PMx="0.37" fuel="6.30" electricity="0.00" noise="76.79" route="routetop" type="cfm-slow" waiting="0.00" lane="left_0" pos="12.92" speed="31.76" angle="161.27" x="0.64" y="36.53"/>
        <vehicle id="cfm-slow_3" eclass="HBEFA3/PC_G_EU4" CO2="0.00" CO="0.00" HC="0.00" NOx="0.00" PMx="0.00" fuel="0.00" electricity="0.00" noise="74.01" route="routetop" type="cfm-slow" waiting="0.00" lane="left_0" pos="39.96" speed="32.56" angle="112.63" x="42.32" y="-1.54"/>
        <vehicle id="cfm-slow_4" eclass="HBEFA3/PC_G_EU4" CO2="0.00" CO="0.00" HC="0.00" NOx="0.00" PMx="0.00" fuel="0.00" electricity="0.00" noise="72.84" route="routebottom" type="cfm-slow" waiting="0.00" lane="bottom_0" pos="17.65" speed="31.37" angle="62.68" x="99.81" y="5.35"/>
        <vehicle id="cfm-slow_5" eclass="HBEFA3/PC_G_EU4" CO2="0.00" CO="0.00" HC="0.00" NOx="0.00" PMx="0.00" fuel="0.00" electricity="0.00" noise="71.54" route="routebottom" type="cfm-slow" waiting="0.00" lane="bottom_0" pos="43.97" speed="28.70" angle="15.43" x="131.03" y="50.67"/>
    </timestep>
    <timestep time="6.30">
        <vehicle id="cfm-fast_0" eclass="HBEFA3/PC_G_EU4" CO2="178313.59" CO="4266.38" HC="23.94" NOx="82.80" PMx="4.92" fuel="76.65" electricity="0.00" noise="126.90" route="routetop" type="cfm-fast" waiting="0.00" lane="top_1" pos="9.31" speed="61.24" angle="257.76" x="44.82" y="126.19"/>
        <vehicle id="cfm-fast_1" eclass="HBEFA3/PC_G_EU4" CO2="0.00" CO="0.00" HC="0.00" NOx="0.00" PMx="0.00" fuel="0.00" electricity="0.00" noise="70.46" route="routebottom" type="cfm-fast" waiting="0.00" lane="right_0" pos="17.86" speed="25.82" angle="332.37" x="121.74" y="100.20"/>
        <vehicle id="cfm-fast_2" eclass="HBEFA3/PC_G_EU4" CO2="165846.68" CO="4365.91" HC="24.12" NOx="76.78" PMx="4.74" fuel="71.29" electricity="0.00" noise="120.75" route="routetop" type="cfm-fast" waiting="0.00" lane="left_1" pos="12.64" speed="70.74" angle="161.72" x="3.44" y="38.39"/>
        <vehicle id="cfm-fast_3" eclass="HBEFA3/PC_G_EU4" CO2="7416.03" CO="80.75" HC="0.55" NOx="2.85" PMx="0.15" fuel="3.19" electricity="0.00" noise="72.01" route="routebottom" type="cfm-fast" waiting="0.00" lane="right_0" pos="34.67" speed="24.35" angle="302.16" x="95.47" y="124.45"/>
        <vehicle id="cfm-fast_4" eclass="HBEFA3/PC_G_EU4" CO2="0.00" CO="0.00" HC="0.00" NOx="0.00" PMx="0.00" fuel="0.00" electricity="0.00" noise="90.68" route="routebottom" type="cfm-fast" waiting="0.00" lane="bottom_1" pos="25.56" speed="77.42" angle="48.49" x="110.64" y="18.30"/>
        <vehicle id="cfm-fast_5" eclass="HBEFA3/PC_G_EU4" CO2="17702.55" CO="293.82" HC="1.78" NOx="7.69" PMx="0.42" fuel="7.61" electricity="0.00" noise="76.87" route="routetop" type="cfm-fast" waiting="0.00" lane="top_0" pos="0.16" speed="24.80" angle="274.19" x="63.23" y="132.26"/>
        <vehicle id="cfm-slow_0" eclass="HBEFA3/PC_G_EU4" CO2="23918.23" CO="429.79" HC="2.55" NOx="10.58" PMx="0.59" fuel="10.28" electricity="0.00" noise="80.33" route="routetop" type="cfm-slow" waiting="0.00" lane="top_0" pos="16.21" speed="26.85" angle="245.27" x="30.20" y="123.54"/>
        <vehicle id="cfm-slow_1" eclass="HBEFA3/PC_G_EU4" CO2="23638.70" CO="439.91" HC="2.60" NOx="10.39" PMx="0.59" fuel="10.16" electricity="0.00" noise="80.10" route="routetop" type="cfm-slow" waiting="0.00" lane="top_0" pos="38.36" speed="29.55" angle="205.46" x="-0.39" y="88.24"/>
        <vehicle id="cfm-slow_2" eclass="HBEFA3/PC_G_EU4" CO2="14500.70" CO="269.46" HC="1.60" NOx="6.03" PMx="0.36" fuel="6.23" electricity="0.00" noise="76.74" route="routetop" type="cfm-slow" waiting="0.00" lane="left_0" pos="13.24" speed="31.77" angle="160.68" x="0.92" y="35.91"/>
        <vehicle id="cfm-slow_3" eclass="HBEFA3/PC_G_EU4" CO2="0.00" CO="0.00" HC="0.00" NOx="0.00" PMx="0.00" fuel="0.00" electricity="0.00" noise="73.99" route="routetop" type="cfm-slow" waiting="0.00" lane="left_0" pos="40.28" speed="32.55" angle="112.02" x="42.99" y="-1.75"/>
        <vehicle id="cfm-slow_4" eclass="HBEFA3/PC_G_EU4" CO2="0.00" CO="0.00" HC="0.00" NOx="0.00" PMx="0.00" fuel="0.00" electricity="0.00" noise="72.82" route="routebottom" type="cfm-slow" waiting="0.00" lane="bottom_0" pos="17.96" speed="31.35" angle="62.17" x="100.39" y="5.70"/>
        <vehicle id="cfm-slow_5" eclass="HBEFA3/PC_G_EU4" CO2="0.00" CO="0.00" HC="0.00" NOx="0.00" PMx="0.00" fuel="0.00" electricity="0.00" noise="71.52" route="routebottom" type="cfm-slow" waiting="0.00" lane="bottom_0" pos="44.26" speed="28.67" angle="14.88" x="131.14" y="51.28"/>
    </timestep>
    <timestep time="6.31">
        <vehicle id="cfm-fast_0" eclass="HBEFA3/PC_G_EU4" CO2="178259.32" CO="4268.49" HC="23.95" NOx="82.77" PMx="4.92" fuel="76.62" electricity="0.00" noise="126.84" route="routetop" type="cfm-fast" waiting="0.00" lane="top_1" pos="9.92" speed="61.34" angle="256.63" x="43.62" y="125.82"/>
        <vehicle id="cfm-fast_1" eclass="HBEFA3/PC_G_EU4" CO2="0.00" CO="0.00" HC="0.00" NOx="0.00" PMx="0.00" fuel="0.00" electricity="0.00" noise="70.46" route="routebottom" type="cfm-fast" waiting="0.00" lane="right_0" pos="18.12" speed="25.80" angle="331.91" x="121.44" y="100.66"/>
        <vehicle id="cfm-fast_2" eclass="HBEFA3/PC_G_EU4" CO2="164625.42" CO="4343.73" HC="23.99" NOx="76.20" PMx="4.71" fuel="70.76" electricity="0.00" noise="120.45" route="routetop" type="cfm-fast" waiting="0.00" lane="left_1" pos="13.35" speed="70.82" angle="160.49" x="4.02" y="37.06"/>
        <vehicle id="cfm-fast_3" eclass="HBEFA3/PC_G_EU4" CO2="7504.32" CO="82.59" HC="0.56" NOx="2.89" PMx="0.15" fuel="3.23" electricity="0.00" noise="72.04" route="routebottom" type="cfm-fast" waiting="0.00" lane="right_0" pos="34.92" speed="24.36" angle="301.72" x="95.00" y="124.69"/>
        <vehicle id="cfm-fast_4" eclass="HBEFA3/PC_G_EU4" CO2="0.00" CO="0.00" HC="0.00" NOx="0.00" PMx="0.00" fuel="0.00" electricity="0.00" noise="90.54" route="routebottom" type="cfm-fast" waiting="0.00" lane="bottom_1" pos="26.33" speed="77.42" angle="47.11" x="111.73" y="19.46"/>
        <vehicle id="cfm-fast_5" eclass="HBEFA3/PC_G_EU4" CO2="17755.48" CO="294.97" HC="1.78" NOx="7.72" PMx="0.42" fuel="7.63" electricity="0.00" noise="76.90" route="routetop" type="cfm-fast" waiting="0.00" lane="top_0" pos="0.41" speed="24.82" angle="273.74" x="62.69" y="132.25"/>
        <vehicle id="cfm-slow_0" eclass="HBEFA3/PC_G_EU4" CO2="23918.17" CO="429.92" HC="2.55" NOx="10.58" PMx="0.59" fuel="10.28" electricity="0.00" noise="80.32" route="routetop" type="cfm-slow" waiting="0.00" lane="top_0" pos="16.48" speed="26.88" angle="244.79" x="29.69" y="123.26"/>
        <vehicle id="cfm-slow_1" eclass="HBEFA3/PC_G_EU4" CO2="23557.45" CO="438.40" HC="2.59" NOx="10.35" PMx="0.59" fuel="10.13" electricity="0.00" noise="80.06" route="routetop" type="cfm-slow" waiting="0.00" lane="top_0" pos="38.66" speed="29.57" angle="204.97" x="-0.61" y="87.65"/>
        <vehicle id="cfm-slow_2" eclass="HBEFA3/PC_G_EU4" CO2="14346.26" CO="266.36" HC="1.58" NOx="5.96" PMx="0.36" fuel="6.17" electricity="0.00" noise="76.70" route="routetop" type="cfm-slow" waiting="0.00" lane="left_0" pos="13.55" speed="31.78" angle="160.09" x="1.20" y="35.29"/>
        <vehicle id="cfm-slow_3" eclass="HBEFA3/PC_G_EU4" CO2="0.00" CO="0.00" HC="0.00" NOx="0.00" PMx="0.00" fuel="0.00" electricity="0.00" noise="73.98" route="routetop" type="cfm-slow" waiting="0.00" lane="left_0" pos="40.61" speed="32.54" angle="111.41" x="43.66" y="-1.96"/>
        <vehicle id="cfm-slow_4" eclass="HBEFA3/PC_G_EU4" CO2="0.00" CO="0.00" HC="0.00" NOx="0.00" PMx="0.00" fuel="0.00" electricity="0.00" noise="72.81" route="routebottom" type="cfm-slow" waiting="0.00" lane="bottom_0" pos="18.28" speed="31.32" angle="61.59" x="100.95" y="6.07"/>
        <vehicle id="cfm-slow_5" eclass="HBEFA3/PC_G_EU4" CO2="0.00" CO="0.00" HC="0.00" NOx="0.00" PMx="0.00" fuel="0.00" electricity="0.00" noise="71.51" route="routebottom" type="cfm-slow" waiting="0.00" lane="bottom_0" pos="44.54" speed="28.65" angle="14.34" x="131.25" y="51.89"/>
    </timestep>
    <timestep time="6.32">
        <vehicle id="cfm-fast_0" eclass="HBEFA3/PC_G_EU4" CO2="178195.20" CO="4270.40" HC="23.95" NOx="82.74" PMx="4.92" fuel="76.60" electricity="0.00" noise="126.78" route="routetop" type="cfm-fast" waiting="0.00" lane="top_1" pos="10.54" speed="61.43" angle="255.53" x="42.42" y="125.42"/>
        <vehicle id="cfm-fast_1" eclass="HBEFA3/PC_G_EU4" CO2="0.00" CO="0.00" HC="0.00" NOx="0.00" PMx="0.00" fuel="0.00" electricity="0.00" noise="70.46" route="routebottom" type="cfm-fast" waiting="0.00" lane="right_0" pos="18.38" speed="25.79" angle="331.41" x="121.13" y="101.13"/>
        <vehicle id="cfm-fast_2" eclass="HBEFA3/PC_G_EU4" CO2="163404.11" CO="4321.52" HC="23.85" NOx="75.63" PMx="4.68" fuel="70.24" electricity="0.00" noise="120.14" route="routetop" type="cfm-fast" waiting="0.00" lane="left_1" pos="14.06" speed="70.89" angle="159.23" x="4.62" y="35.73"/>
        <vehicle id="cfm-fast_3" eclass="HBEFA3/PC_G_EU4" CO2="7592.36" CO="84.41" HC="0.57" NOx="2.93" PMx="0.15" fuel="3.26" electricity="0.00" noise="72.07" route="routebottom" type="cfm-fast" waiting="0.00" lane="right_0" pos="35.16" speed="24.36" angle="301.28" x="94.53" y="124.92"/>
        <vehicle id="cfm-fast_4" eclass="HBEFA3/PC_G_EU4" CO2="0.00" CO="0.00" HC="0.00" NOx="0.00" PMx="0.00" fuel="0.00" electricity="0.00" noise="90.41" route="routebottom" type="cfm-fast" waiting="0.00" lane="bottom_1" pos="27.11" speed="77.41" angle="45.75" x="112.79" y="20.64"/>
        <vehicle id="cfm-fast_5" eclass="HBEFA3/PC_G_EU4" CO2="17808.00" CO="296.12" HC="1.79" NOx="7.74" PMx="0.42" fuel="7.65" electricity="0.00" noise="76.93" route="routetop" type="cfm-fast" waiting="0.00" lane="top_0" pos="0.66" speed="24.84" angle="273.29" x="62.16" y="132.24"/>
        <vehicle id="cfm-slow_0" eclass="HBEFA3/PC_G_EU4" CO2="23917.41" CO="430.04" HC="2.55" NOx="10.58" PMx="0.59" fuel="10.28" electricity="0.00" noise="80.32" route="routetop" type="cfm-slow" waiting="0.00" lane="top_0" pos="16.75" speed="26.90" angle="244.36" x="29.19" y="122.98"/>
        <vehicle id="cfm-slow_1" eclass="HBEFA3/PC_G_EU4" CO2="23475.49" CO="436.88" HC="2.58" NOx="10.31" PMx="0.59" fuel="10.09" electricity="0.00" noise="80.02" route="routetop" type="cfm-slow" waiting="0.00" lane="top_0" pos="38.95" speed="29.59" angle="204.42" x="-0.83" y="87.05"/>
        <vehicle id="cfm-slow_2" eclass="HBEFA3/PC_G_EU4" CO2="14191.86" CO="263.27" HC="1.56" NOx="5.88" PMx="0.35" fuel="6.10" electricity="0.00" noise="76.65" route="routetop" type="cfm-slow" waiting="0.00" lane="left_0" pos="13.87" speed="31.79" angle="159.50" x="1.48" y="34.66"/>
        <vehicle id="cfm-slow_3" eclass="HBEFA3/PC_G_EU4" CO2="0.00" CO="0.00" HC="0.00" NOx="0.00" PMx="0.00" fuel="0.00" electricity="0.00" noise="73.96" route="routetop" type="cfm-slow" waiting="0.00" lane="left_0" pos="40.93" speed="32.53" angle="110.81" x="44.33" y="-2.16"/>
        <vehicle id="cfm-slow_4" eclass="HBEFA3/PC_G_EU4" CO2="0.00" CO="0.00" HC="0.00" NOx="0.00" PMx="0.00" fuel="0.00" electricity="0.00" noise="72.80" route="routebottom" type="cfm-slow" waiting="0.00" lane="bottom_0" pos="18.59" speed="31.30" angle="61.00" x="101.51" y="6.45"/>
        <vehicle id="cfm-slow_5" eclass="HBEFA3/PC_G_EU4" CO2="0.00" CO="0.00" HC="0.00" NOx="0.00" PMx="0.00" fuel="0.00" electricity="0.00" noise="71.50" route="routebottom" type="cfm-slow" waiting="0.00" lane="bottom_0" pos="44.83" speed="28.62" angle="13.83" x="131.36" y="52.49"/>
    </timestep>
    <timestep time="6.33">
        <vehicle id="cfm-fast_0" eclass="HBEFA3/PC_G_EU4" CO2="178121.28" CO="4272.11" HC="23.96" NOx="82.70" PMx="4.92" fuel="76.57" electricity="0.00" noise="126.72" route="routetop" type="cfm-fast" waiting="0.00" lane="top_1" pos="11.15" speed="61.53" angle="254.33" x="41.24" y="124.98"/>
        <vehicle id="cfm-fast_1" eclass="HBEFA3/PC_G_EU4" CO2="0.00" CO="0.00" HC="0.00" NOx="0.00" PMx="0.00" fuel="0.00" electricity="0.00" noise="70.46" route="routebottom" type="cfm-fast" waiting="0.00" lane="right_0" pos="18.63" speed="25.78" angle="330.91" x="120.83" y="101.59"/>
        <vehicle id="cfm-fast_2" eclass="HBEFA3/PC_G_EU4" CO2="162183.05" CO="4299.28" HC="23.72" NOx="75.05" PMx="4.65" fuel="69.71" electricity="0.00" noise="119.84" route="routetop" type="cfm-fast" waiting="0.00" lane="left_1" pos="14.77" speed="70.96" angle="157.93" x="5.26" y="34.43"/>
        <vehicle id="cfm-fast_3" eclass="HBEFA3/PC_G_EU4" CO2="7680.14" CO="86.24" HC="0.58" NOx="2.97" PMx="0.16" fuel="3.30" electricity="0.00" noise="72.11" route="routebottom" type="cfm-fast" waiting="0.00" lane="right_0" pos="35.40" speed="24.37" angle="300.84" x="94.07" y="125.16"/>
        <vehicle id="cfm-fast_4" eclass="HBEFA3/PC_G_EU4" CO2="0.00" CO="0.00" HC="0.00" NOx="0.00" PMx="0.00" fuel="0.00" electricity="0.00" noise="90.29" route="routebottom" type="cfm-fast" waiting="0.00" lane="bottom_1" pos="27.88" speed="77.40" angle="44.27" x="113.82" y="21.85"/>
        <vehicle id="cfm-fast_5" eclass="HBEFA3/PC_G_EU4" CO2="17860.12" CO="297.26" HC="1.80" NOx="7.77" PMx="0.42" fuel="7.68" electricity="0.00" noise="76.96" route="routetop" type="cfm-fast" waiting="0.00" lane="top_0" pos="0.91" speed="24.86" angle="272.84" x="61.62" y="132.23"/>
        <vehicle id="cfm-slow_0" eclass="HBEFA3/PC_G_EU4" CO2="23915.96" CO="430.14" HC="2.56" NOx="10.58" PMx="0.59" fuel="10.28" electricity="0.00" noise="80.32" route="routetop" type="cfm-slow" waiting="0.00" lane="top_0" pos="17.01" speed="26.93" angle="243.87" x="28.69" y="122.68"/>
        <vehicle id="cfm-slow_1" eclass="HBEFA3/PC_G_EU4" CO2="23392.81" CO="435.34" HC="2.57" NOx="10.27" PMx="0.58" fuel="10.06" electricity="0.00" noise="79.98" route="routetop" type="cfm-slow" waiting="0.00" lane="top_0" pos="39.25" speed="29.61" angle="203.87" x="-1.04" y="86.45"/>
        <vehicle id="cfm-slow_2" eclass="HBEFA3/PC_G_EU4" CO2="14037.52" CO="260.17" HC="1.54" NOx="5.81" PMx="0.35" fuel="6.03" electricity="0.00" noise="76.60" route="routetop" type="cfm-slow" waiting="0.00" lane="left_0" pos="14.19" speed="31.80" angle="158.97" x="1.77" y="34.04"/>
        <vehicle id="cfm-slow_3" eclass="HBEFA3/PC_G_EU4" CO2="0.00" CO="0.00" HC="0.00" NOx="0.00" PMx="0.00" fuel="0.00" electricity="0.00" noise="73.95" route="routetop" type="cfm-slow" waiting="0.00" lane="left_0" pos="41.26" speed="32.52" angle="110.25" x="45.00" y="-2.35"/>
        <vehicle id="cfm-slow_4" eclass="HBEFA3/PC_G_EU4" CO2="0.00" CO="0.00" HC="0.00" NOx="0.00" PMx="0.00" fuel="0.00" electricity="0.00" noise="72.79" route="routebottom" type="cfm-slow" waiting="0.00" lane="bottom_0" pos="18.90" speed="31.27" angle="60.41" x="102.07" y="6.82"/>
        <vehicle id="cfm-slow_5" eclass="HBEFA3/PC_G_EU4" CO2="0.00" CO="0.00" HC="0.00" NOx="0.00" PMx="0.00" fuel="0.00" electricity="0.00" noise="71.49" route="routebottom" type="cfm-slow" waiting="0.00" lane="bottom_0" pos="45.11" speed="28.59" angle="13.35" x="131.45" y="53.10"/>
    </timestep>
    <timestep time="6.34">
        <vehicle id="cfm-fast_0" eclass="HBEFA3/PC_G_EU4" CO2="178037.63" CO="4273.62" HC="23.97" NOx="82.66" PMx="4.92" fuel="76.53" electricity="0.00" noise="126.66" route="routetop" type="cfm-fast" waiting="0.00" lane="top_1" pos="11.77" speed="61.62" angle="253.25" x="40.05" y="124.54"/>
        <vehicle id="cfm-fast_1" eclass="HBEFA3/PC_G_EU4" CO2="0.00" CO="0.00" HC="0.00" NOx="0.00" PMx="0.00" fuel="0.00" electricity="0.00" noise="70.47" route="routebottom" type="cfm-fast" waiting="0.00" lane="right_0" pos="18.89" speed="25.76" angle="330.41" x="120.52" y="102.05"/>
        <vehicle id="cfm-fast_2" eclass="HBEFA3/PC_G_EU4" CO2="160962.52" CO="4277.03" HC="23.59" NOx="74.47" PMx="4.62" fuel="69.19" electricity="0.00" noise="119.54" route="routetop" type="cfm-fast" waiting="0.00" lane="left_1" pos="15.48" speed="71.03" angle="156.68" x="5.92" y="33.13"/>
        <vehicle id="cfm-fast_3" eclass="HBEFA3/PC_G_EU4" CO2="7767.66" CO="88.05" HC="0.59" NOx="3.02" PMx="0.16" fuel="3.34" electricity="0.00" noise="72.14" route="routebottom" type="cfm-fast" waiting="0.00" lane="right_0" pos="35.65" speed="24.37" angle="300.40" x="93.60" y="125.40"/>
        <vehicle id="cfm-fast_4" eclass="HBEFA3/PC_G_EU4" CO2="0.00" CO="0.00" HC="0.00" NOx="0.00" PMx="0.00" fuel="0.00" electricity="0.00" noise="90.17" route="routebottom" type="cfm-fast" waiting="0.00" lane="bottom_1" pos="28.66" speed="77.39" angle="42.88" x="114.82" y="23.08"/>
        <vehicle id="cfm-fast_5" eclass="HBEFA3/PC_G_EU4" CO2="17911.84" CO="298.39" HC="1.80" NOx="7.79" PMx="0.43" fuel="7.70" electricity="0.00" noise="76.99" route="routetop" type="cfm-fast" waiting="0.00" lane="top_0" pos="1.15" speed="24.88" angle="272.39" x="61.09" y="132.22"/>
        <vehicle id="cfm-slow_0" eclass="HBEFA3/PC_G_EU4" CO2="23913.81" CO="430.23" HC="2.56" NOx="10.58" PMx="0.59" fuel="10.28" electricity="0.00" noise="80.31" route="routetop" type="cfm-slow" waiting="0.00" lane="top_0" pos="17.28" speed="26.96" angle="243.38" x="28.19" y="122.38"/>
        <vehicle id="cfm-slow_1" eclass="HBEFA3/PC_G_EU4" CO2="23309.42" CO="433.78" HC="2.56" NOx="10.23" PMx="0.58" fuel="10.02" electricity="0.00" noise="79.94" route="routetop" type="cfm-slow" waiting="0.00" lane="top_0" pos="39.55" speed="29.64" angle="203.33" x="-1.26" y="85.85"/>
        <vehicle id="cfm-slow_2" eclass="HBEFA3/PC_G_EU4" CO2="13883.24" CO="257.07" HC="1.52" NOx="5.74" PMx="0.35" fuel="5.97" electricity="0.00" noise="76.56" route="routetop" type="cfm-slow" waiting="0.00" lane="left_0" pos="14.51" speed="31.81" angle="158.37" x="2.08" y="33.43"/>
        <vehicle id="cfm-slow_3" eclass="HBEFA3/PC_G_EU4" CO2="0.00" CO="0.00" HC="0.00" NOx="0.00" PMx="0.00" fuel="0.00" electricity="0.00" noise="73.93" route="routetop" type="cfm-slow" waiting="0.00" lane="left_0" pos="41.58" speed="32.51" angle="109.65" x="45.68" y="-2.53"/>
        <vehicle id="cfm-slow_4" eclass="HBEFA3/PC_G_EU4" CO2="0.00" CO="0.00" HC="0.00" NOx="0.00" PMx="0.00" fuel="0.00" electricity="0.00" noise="72.78" route="routebottom" type="cfm-slow" waiting="0.00" lane="bottom_0" pos="19.21" speed="31.25" angle="59.89" x="102.63" y="7.19"/>
        <vehicle id="cfm-slow_5" eclass="HBEFA3/PC_G_EU4" CO2="0.00" CO="0.00" HC="0.00" NOx="0.00" PMx="0.00" fuel="0.00" electricity="0.00" noise="71.48" route="routebottom" type="cfm-slow" waiting="0.00" lane="bottom_0" pos="45.40" speed="28.57" angle="12.83" x="131.54" y="53.71"/>
    </timestep>
    <timestep time="6.35">
        <vehicle id="cfm-fast_0" eclass="HBEFA3/PC_G_EU4" CO2="177944.31" CO="4274.93" HC="23.97" NOx="82.61" PMx="4.92" fuel="76.49" electricity="0.00" noise="126.59" route="routetop" type="cfm-fast" waiting="0.00" lane="top_1" pos="12.38" speed="61.72" angle="252.17" x="38.88" y="124.07"/>
        <vehicle id="cfm-fast_1" eclass="HBEFA3/PC_G_EU4" CO2="0.00" CO="0.00" HC="0.00" NOx="0.00" PMx="0.00" fuel="0.00" electricity="0.00" noise="70.47" route="routebottom" type="cfm-fast" waiting="0.00" lane="right_0" pos="19.15" speed="25.75" angle="329.94" x="120.21" y="102.51"/>
        <vehicle id="cfm-fast_2" eclass="HBEFA3/PC_G_EU4" CO2="159742.82" CO="4254.77" HC="23.46" NOx="73.90" PMx="4.59" fuel="68.67" electricity="0.00" noise="119.24" route="routetop" type="cfm-fast" waiting="0.00" lane="left_1" pos="16.19" speed="71.09" angle="155.38" x="6.63" y="31.86"/>
        <vehicle id="cfm-fast_3" eclass="HBEFA3/PC_G_EU4" CO2="7854.92" CO="89.87" HC="0.60" NOx="3.06" PMx="0.16" fuel="3.38" electricity="0.00" noise="72.17" route="routebottom" type="cfm-fast" waiting="0.00" lane="right_0" pos="35.89" speed="24.38" angle="300.00" x="93.13" y="125.63"/>
        <vehicle id="cfm-fast_4" eclass="HBEFA3/PC_G_EU4" CO2="0.00" CO="0.00" HC="0.00" NOx="0.00" PMx="0.00" fuel="0.00" electricity="0.00" noise="90.05" route="routebottom" type="cfm-fast" waiting="0.00" lane="bottom_1" pos="29.43" speed="77.38" angle="41.48" x="115.79" y="24.33"/>
        <vehicle id="cfm-fast_5" eclass="HBEFA3/PC_G_EU4" CO2="17963.14" CO="299.51" HC="1.81" NOx="7.82" PMx="0.43" fuel="7.72" electricity="0.00" noise="77.02" route="routetop" type="cfm-fast" waiting="0.00" lane="top_0" pos="1.40" speed="24.90" angle="271.96" x="60.55" y="132.20"/>
        <vehicle id="cfm-slow_0" eclass="HBEFA3/PC_G_EU4" CO2="23910.96" CO="430.30" HC="2.56" NOx="10.58" PMx="0.59" fuel="10.28" electricity="0.00" noise="80.31" route="routetop" type="cfm-slow" waiting="0.00" lane="top_0" pos="17.55" speed="26.99" angle="242.90" x="27.69" y="122.09"/>
        <vehicle id="cfm-slow_1" eclass="HBEFA3/PC_G_EU4" CO2="23225.33" CO="432.21" HC="2.55" NOx="10.19" PMx="0.58" fuel="9.98" electricity="0.00" noise="79.90" route="routetop" type="cfm-slow" waiting="0.00" lane="top_0" pos="39.84" speed="29.66" angle="202.85" x="-1.47" y="85.24"/>
        <vehicle id="cfm-slow_2" eclass="HBEFA3/PC_G_EU4" CO2="13729.04" CO="253.98" HC="1.51" NOx="5.67" PMx="0.34" fuel="5.90" electricity="0.00" noise="76.52" route="routetop" type="cfm-slow" waiting="0.00" lane="left_0" pos="14.83" speed="31.82" angle="157.77" x="2.39" y="32.82"/>
        <vehicle id="cfm-slow_3" eclass="HBEFA3/PC_G_EU4" CO2="0.00" CO="0.00" HC="0.00" NOx="0.00" PMx="0.00" fuel="0.00" electricity="0.00" noise="73.91" route="routetop" type="cfm-slow" waiting="0.00" lane="left_0" pos="41.91" speed="32.50" angle="109.04" x="46.36" y="-2.71"/>
        <vehicle id="cfm-slow_4" eclass="HBEFA3/PC_G_EU4" CO2="0.00" CO="0.00" HC="0.00" NOx="0.00" PMx="0.00" fuel="0.00" electricity="0.00" noise="72.77" route="routebottom" type="cfm-slow" waiting="0.00" lane="bottom_0" pos="19.53" speed="31.22" angle="59.31" x="103.17" y="7.58"/>
        <vehicle id="cfm-slow_5" eclass="HBEFA3/PC_G_EU4" CO2="0.00" CO="0.00" HC="0.00" NOx="0.00" PMx="0.00" fuel="0.00" electricity="0.00" noise="71.47" route="routebottom" type="cfm-slow" waiting="0.00" lane="bottom_0" pos="45.69" speed="28.54" angle="12.32" x="131.63" y="54.32"/>
    </timestep>
    <timestep time="6.36">
        <vehicle id="cfm-fast_0" eclass="HBEFA3/PC_G_EU4" CO2="177841.37" CO="4276.04" HC="23.97" NOx="82.56" PMx="4.91" fuel="76.45" electricity="0.00" noise="126.52" route="routetop" type="cfm-fast" waiting="0.00" lane="top_1" pos="13.00" speed="61.81" angle="251.11" x="37.71" y="123.59"/>
        <vehicle id="cfm-fast_1" eclass="HBEFA3/PC_G_EU4" CO2="0.00" CO="0.00" HC="0.00" NOx="0.00" PMx="0.00" fuel="0.00" electricity="0.00" noise="70.47" route="routebottom" type="cfm-fast" waiting="0.00" lane="right_0" pos="19.41" speed="25.74" angle="329.50" x="119.89" y="102.96"/>
        <vehicle id="cfm-fast_2" eclass="HBEFA3/PC_G_EU4" CO2="158524.22" CO="4232.51" HC="23.33" NOx="73.32" PMx="4.56" fuel="68.14" electricity="0.00" noise="118.93" route="routetop" type="cfm-fast" waiting="0.00" lane="left_1" pos="16.90" speed="71.16" angle="154.11" x="7.35" y="30.59"/>
        <vehicle id="cfm-fast_3" eclass="HBEFA3/PC_G_EU4" CO2="7941.92" CO="91.67" HC="0.61" NOx="3.10" PMx="0.16" fuel="3.41" electricity="0.00" noise="72.20" route="routebottom" type="cfm-fast" waiting="0.00" lane="right_0" pos="36.13" speed="24.38" angle="299.54" x="92.65" y="125.85"/>
        <vehicle id="cfm-fast_4" eclass="HBEFA3/PC_G_EU4" CO2="0.00" CO="0.00" HC="0.00" NOx="0.00" PMx="0.00" fuel="0.00" electricity="0.00" noise="89.94" route="routebottom" type="cfm-fast" waiting="0.00" lane="bottom_1" pos="30.20" speed="77.37" angle="40.12" x="116.73" y="25.62"/>
        <vehicle id="cfm-fast_5" eclass="HBEFA3/PC_G_EU4" CO2="18014.03" CO="300.62" HC="1.82" NOx="7.84" PMx="0.43" fuel="7.74" electricity="0.00" noise="77.05" route="routetop" type="cfm-fast" waiting="0.00" lane="top_0" pos="1.65" speed="24.93" angle="271.51" x="60.02" y="132.17"/>
        <vehicle id="cfm-slow_0" eclass="HBEFA3/PC_G_EU4" CO2="23907.41" CO="430.36" HC="2.56" NOx="10.57" PMx="0.59" fuel="10.28" electricity="0.00" noise="80.31" route="routetop" type="cfm-slow" waiting="0.00" lane="top_0" pos="17.82" speed="27.01" angle="242.42" x="27.19" y="121.79"/>
        <vehicle id="cfm-slow_1" eclass="HBEFA3/PC_G_EU4" CO2="23140.55" CO="430.62" HC="2.54" NOx="10.15" PMx="0.58" fuel="9.95" electricity="0.00" noise="79.86" route="routetop" type="cfm-slow" waiting="0.00" lane="top_0" pos="40.14" speed="29.68" angle="202.29" x="-1.66" y="84.63"/>
        <vehicle id="cfm-slow_2" eclass="HBEFA3/PC_G_EU4" CO2="13574.92" CO="250.88" HC="1.49" NOx="5.59" PMx="0.34" fuel="5.84" electricity="0.00" noise="76.47" route="routetop" type="cfm-slow" waiting="0.00" lane="left_0" pos="15.15" speed="31.83" angle="157.18" x="2.69" y="32.21"/>
        <vehicle id="cfm-slow_3" eclass="HBEFA3/PC_G_EU4" CO2="0.00" CO="0.00" HC="0.00" NOx="0.00" PMx="0.00" fuel="0.00" electricity="0.00" noise="73.90" route="routetop" type="cfm-slow" waiting="0.00" lane="left_0" pos="42.23" speed="32.49" angle="108.45" x="47.03" y="-2.89"/>
        <vehicle id="cfm-slow_4" eclass="HBEFA3/PC_G_EU4" CO2="0.00" CO="0.00" HC="0.00" NOx="0.00" PMx="0.00" fuel="0.00" electricity="0.00" noise="72.75" route="routebottom" type="cfm-slow" waiting="0.00" lane="bottom_0" pos="19.84" speed="31.20" angle="58.74" x="103.72" y="7.97"/>
        <vehicle id="cfm-slow_5" eclass="HBEFA3/PC_G_EU4" CO2="0.00" CO="0.00" HC="0.00" NOx="0.00" PMx="0.00" fuel="0.00" electricity="0.00" noise="71.46" route="routebottom" type="cfm-slow" waiting="0.00" lane="bottom_0" pos="45.97" speed="28.52" angle="11.80" x="131.71" y="54.93"/>
    </timestep>
    <timestep time="6.37">
        <vehicle id="cfm-fast_0" eclass="HBEFA3/PC_G_EU4" CO2="177728.89" CO="4276.95" HC="23.97" NOx="82.51" PMx="4.91" fuel="76.40" electricity="0.00" noise="126.45" route="routetop" type="cfm-fast" waiting="0.00" lane="top_1" pos="13.62" speed="61.91" angle="249.95" x="36.55" y="123.07"/>
        <vehicle id="cfm-fast_1" eclass="HBEFA3/PC_G_EU4" CO2="0.00" CO="0.00" HC="0.00" NOx="0.00" PMx="0.00" fuel="0.00" electricity="0.00" noise="70.47" route="routebottom" type="cfm-fast" waiting="0.00" lane="right_0" pos="19.66" speed="25.73" angle="329.04" x="119.57" y="103.41"/>
        <vehicle id="cfm-fast_2" eclass="HBEFA3/PC_G_EU4" CO2="157306.98" CO="4210.24" HC="23.20" NOx="72.74" PMx="4.53" fuel="67.62" electricity="0.00" noise="118.63" route="routetop" type="cfm-fast" waiting="0.00" lane="left_1" pos="17.61" speed="71.23" angle="152.78" x="8.11" y="29.34"/>
        <vehicle id="cfm-fast_3" eclass="HBEFA3/PC_G_EU4" CO2="8028.65" CO="93.48" HC="0.62" NOx="3.14" PMx="0.17" fuel="3.45" electricity="0.00" noise="72.24" route="routebottom" type="cfm-fast" waiting="0.00" lane="right_0" pos="36.38" speed="24.39" angle="299.07" x="92.17" y="126.06"/>
        <vehicle id="cfm-fast_4" eclass="HBEFA3/PC_G_EU4" CO2="0.00" CO="0.00" HC="0.00" NOx="0.00" PMx="0.00" fuel="0.00" electricity="0.00" noise="89.84" route="routebottom" type="cfm-fast" waiting="0.00" lane="bottom_1" pos="30.98" speed="77.36" angle="38.78" x="117.64" y="26.91"/>
        <vehicle id="cfm-fast_5" eclass="HBEFA3/PC_G_EU4" CO2="18064.51" CO="301.73" HC="1.82" NOx="7.86" PMx="0.43" fuel="7.77" electricity="0.00" noise="77.08" route="routetop" type="cfm-fast" waiting="0.00" lane="top_0" pos="1.90" speed="24.95" angle="271.06" x="59.48" y="132.14"/>
        <vehicle id="cfm-slow_0" eclass="HBEFA3/PC_G_EU4" CO2="23903.16" CO="430.40" HC="2.56" NOx="10.57" PMx="0.59" fuel="10.27" electricity="0.00" noise="80.30" route="routetop" type="cfm-slow" waiting="0.00" lane="top_0" pos="18.09" speed="27.04" angle="241.96" x="26.70" y="121.48"/>
        <vehicle id="cfm-slow_1" eclass="HBEFA3/PC_G_EU4" CO2="23055.07" CO="429.03" HC="2.53" NOx="10.11" PMx="0.58" fuel="9.91" electricity="0.00" noise="79.82" route="routetop" type="cfm-slow" waiting="0.00" lane="top_0" pos="40.44" speed="29.71" angle="201.74" x="-1.84" y="84.02"/>
        <vehicle id="cfm-slow_2" eclass="HBEFA3/PC_G_EU4" CO2="13420.90" CO="247.78" HC="1.47" NOx="5.52" PMx="0.33" fuel="5.77" electricity="0.00" noise="76.43" route="routetop" type="cfm-slow" waiting="0.00" lane="left_0" pos="15.46" speed="31.83" angle="156.65" x="3.01" y="31.60"/>
        <vehicle id="cfm-slow_3" eclass="HBEFA3/PC_G_EU4" CO2="0.00" CO="0.00" HC="0.00" NOx="0.00" PMx="0.00" fuel="0.00" electricity="0.00" noise="73.88" route="routetop" type="cfm-slow" waiting="0.00" lane="left_0" pos="42.56" speed="32.47" angle="107.92" x="47.71" y="-3.06"/>
        <vehicle id="cfm-slow_4" eclass="HBEFA3/PC_G_EU4" CO2="0.00" CO="0.00" HC="0.00" NOx="0.00" PMx="0.00" fuel="0.00" electricity="0.00" noise="72.74" route="routebottom" type="cfm-slow" waiting="0.00" lane="bottom_0" pos="20.15" speed="31.17" angle="58.16" x="104.26" y="8.37"/>
        <vehicle id="cfm-slow_5" eclass="HBEFA3/PC_G_EU4" CO2="0.00" CO="0.00" HC="0.00" NOx="0.00" PMx="0.00" fuel="0.00" electricity="0.00" noise="71.44" route="routebottom" type="cfm-slow" waiting="0.00" lane="bottom_0" pos="46.26" speed="28.49" angle="11.34" x="131.79" y="55.53"/>
    </timestep>
    <timestep time="6.38">
        <vehicle id="cfm-fast_0" eclass="HBEFA3/PC_G_EU4" CO2="177606.93" CO="4277.66" HC="23.97" NOx="82.45" PMx="4.91" fuel="76.34" electricity="0.00" noise="126.38" route="routetop" type="cfm-fast" waiting="0.00" lane="top_1" pos="14.24" speed="62.00" angle="248.86" x="35.39" y="122.54"/>
        <vehicle id="cfm-fast_1" eclass="HBEFA3/PC_G_EU4" CO2="0.00" CO="0.00" HC="0.00" NOx="0.00" PMx="0.00" fuel="0.00" electricity="0.00" noise="70.48" route="routebottom" type="cfm-fast" waiting="0.00" lane="right_0" pos="19.92" speed="25.71" angle="328.57" x="119.24" y="103.86"/>
        <vehicle id="cfm-fast_2" eclass="HBEFA3/PC_G_EU4" CO2="156091.37" CO="4187.98" HC="23.07" NOx="72.17" PMx="4.50" fuel="67.10" electricity="0.00" noise="118.34" route="routetop" type="cfm-fast" waiting="0.00" lane="left_1" pos="18.32" speed="71.29" angle="151.49" x="8.89" y="28.10"/>
        <vehicle id="cfm-fast_3" eclass="HBEFA3/PC_G_EU4" CO2="8115.12" CO="95.27" HC="0.64" NOx="3.18" PMx="0.17" fuel="3.49" electricity="0.00" noise="72.27" route="routebottom" type="cfm-fast" waiting="0.00" lane="right_0" pos="36.62" speed="24.40" angle="298.59" x="91.69" y="126.28"/>
        <vehicle id="cfm-fast_4" eclass="HBEFA3/PC_G_EU4" CO2="0.00" CO="0.00" HC="0.00" NOx="0.00" PMx="0.00" fuel="0.00" electricity="0.00" noise="89.74" route="routebottom" type="cfm-fast" waiting="0.00" lane="bottom_1" pos="31.75" speed="77.35" angle="37.36" x="118.52" y="28.23"/>
        <vehicle id="cfm-fast_5" eclass="HBEFA3/PC_G_EU4" CO2="18114.57" CO="302.83" HC="1.83" NOx="7.89" PMx="0.43" fuel="7.79" electricity="0.00" noise="77.11" route="routetop" type="cfm-fast" waiting="0.00" lane="top_0" pos="2.15" speed="24.97" angle="270.61" x="58.94" y="132.11"/>
        <vehicle id="cfm-slow_0" eclass="HBEFA3/PC_G_EU4" CO2="23898.21" CO="430.43" HC="2.56" NOx="10.57" PMx="0.59" fuel="10.27" electricity="0.00" noise="80.30" route="routetop" type="cfm-slow" waiting="0.00" lane="top_0" pos="18.37" speed="27.07" angle="241.44" x="26.22" y="121.15"/>
        <vehicle id="cfm-slow_1" eclass="HBEFA3/PC_G_EU4" CO2="22968.91" CO="427.41" HC="2.52" NOx="10.07" PMx="0.57" fuel="9.87" electricity="0.00" noise="79.78" route="routetop" type="cfm-slow" waiting="0.00" lane="top_0" pos="40.73" speed="29.73" angle="201.18" x="-2.03" y="83.41"/>
        <vehicle id="cfm-slow_2" eclass="HBEFA3/PC_G_EU4" CO2="13266.98" CO="244.69" HC="1.45" NOx="5.45" PMx="0.33" fuel="5.70" electricity="0.00" noise="76.38" route="routetop" type="cfm-slow" waiting="0.00" lane="left_0" pos="15.78" speed="31.84" angle="156.07" x="3.34" y="31.00"/>
        <vehicle id="cfm-slow_3" eclass="HBEFA3/PC_G_EU4" CO2="0.00" CO="0.00" HC="0.00" NOx="0.00" PMx="0.00" fuel="0.00" electricity="0.00" noise="73.87" route="routetop" type="cfm-slow" waiting="0.00" lane="left_0" pos="42.88" speed="32.46" angle="107.34" x="48.39" y="-3.21"/>
        <vehicle id="cfm-slow_4" eclass="HBEFA3/PC_G_EU4" CO2="0.00" CO="0.00" HC="0.00" NOx="0.00" PMx="0.00" fuel="0.00" electricity="0.00" noise="72.73" route="routebottom" type="cfm-slow" waiting="0.00" lane="bottom_0" pos="20.46" speed="31.15" angle="57.63" x="104.81" y="8.76"/>
        <vehicle id="cfm-slow_5" eclass="HBEFA3/PC_G_EU4" CO2="0.00" CO="0.00" HC="0.00" NOx="0.00" PMx="0.00" fuel="0.00" electricity="0.00" noise="71.43" route="routebottom" type="cfm-slow" waiting="0.00" lane="bottom_0" pos="46.54" speed="28.46" angle="10.82" x="131.86" y="56.14"/>
    </timestep>
    <timestep time="6.39">
        <vehicle id="cfm-fast_0" eclass="HBEFA3/PC_G_EU4" CO2="177475.56" CO="4278.18" HC="23.97" NOx="82.39" PMx="4.91" fuel="76.29" electricity="0.00" noise="126.30" route="routetop" type="cfm-fast" waiting="0.00" lane="top_1" pos="14.86" speed="62.10" angle="247.70" x="34.26" y="121.97"/>
        <vehicle id="cfm-fast_1" eclass="HBEFA3/PC_G_EU4" CO2="0.00" CO="0.00" HC="0.00" NOx="0.00" PMx="0.00" fuel="0.00" electricity="0.00" noise="70.48" route="routebottom" type="cfm-fast" waiting="0.00" lane="right_0" pos="20.18" speed="25.70" angle="328.11" x="118.92" y="104.31"/>
        <vehicle id="cfm-fast_2" eclass="HBEFA3/PC_G_EU4" CO2="154877.64" CO="4165.73" HC="22.93" NOx="71.60" PMx="4.47" fuel="66.57" electricity="0.00" noise="118.04" route="routetop" type="cfm-fast" waiting="0.00" lane="left_1" pos="19.04" speed="71.36" angle="150.13" x="9.70" y="26.89"/>
        <vehicle id="cfm-fast_3" eclass="HBEFA3/PC_G_EU4" CO2="8201.31" CO="97.06" HC="0.65" NOx="3.22" PMx="0.17" fuel="3.53" electricity="0.00" noise="72.30" route="routebottom" type="cfm-fast" waiting="0.00" lane="right_0" pos="36.87" speed="24.40" angle="298.12" x="91.21" y="126.49"/>
        <vehicle id="cfm-fast_4" eclass="HBEFA3/PC_G_EU4" CO2="0.00" CO="0.00" HC="0.00" NOx="0.00" PMx="0.00" fuel="0.00" electricity="0.00" noise="89.65" route="routebottom" type="cfm-fast" waiting="0.00" lane="bottom_1" pos="32.52" speed="77.34" angle="35.99" x="119.36" y="29.58"/>
        <vehicle id="cfm-fast_5" eclass="HBEFA3/PC_G_EU4" CO2="18164.21" CO="303.92" HC="1.84" NOx="7.91" PMx="0.43" fuel="7.81" electricity="0.00" noise="77.13" route="routetop" type="cfm-fast" waiting="0.00" lane="top_0" pos="2.40" speed="24.99" angle="270.17" x="58.41" y="132.07"/>
        <vehicle id="cfm-slow_0" eclass="HBEFA3/PC_G_EU4" CO2="23892.56" CO="430.45" HC="2.56" NOx="10.56" PMx="0.59" fuel="10.27" electricity="0.00" noise="80.29" route="routetop" type="cfm-slow" waiting="0.00" lane="top_0" pos="18.64" speed="27.09" angle="240.91" x="25.74" y="120.83"/>
        <vehicle id="cfm-slow_1" eclass="HBEFA3/PC_G_EU4" CO2="22882.08" CO="425.78" HC="2.51" NOx="10.03" PMx="0.57" fuel="9.84" electricity="0.00" noise="79.74" route="routetop" type="cfm-slow" waiting="0.00" lane="top_0" pos="41.03" speed="29.75" angle="200.68" x="-2.22" y="82.80"/>
        <vehicle id="cfm-slow_2" eclass="HBEFA3/PC_G_EU4" CO2="13113.18" CO="241.59" HC="1.43" NOx="5.37" PMx="0.33" fuel="5.64" electricity="0.00" noise="76.34" route="routetop" type="cfm-slow" waiting="0.00" lane="left_0" pos="16.10" speed="31.85" angle="155.48" x="3.67" y="30.40"/>
        <vehicle id="cfm-slow_3" eclass="HBEFA3/PC_G_EU4" CO2="0.00" CO="0.00" HC="0.00" NOx="0.00" PMx="0.00" fuel="0.00" electricity="0.00" noise="73.85" route="routetop" type="cfm-slow" waiting="0.00" lane="left_0" pos="43.21" speed="32.45" angle="106.77" x="49.07" y="-3.37"/>
        <vehicle id="cfm-slow_4" eclass="HBEFA3/PC_G_EU4" CO2="0.00" CO="0.00" HC="0.00" NOx="0.00" PMx="0.00" fuel="0.00" electricity="0.00" noise="72.72" route="routebottom" type="cfm-slow" waiting="0.00" lane="bottom_0" pos="20.77" speed="31.12" angle="57.09" x="105.34" y="9.17"/>
        <vehicle id="cfm-slow_5" eclass="HBEFA3/PC_G_EU4" CO2="0.00" CO="0.00" HC="0.00" NOx="0.00" PMx="0.00" fuel="0.00" electricity="0.00" noise="71.42" route="routebottom" type="cfm-slow" waiting="0.00" lane="bottom_0" pos="46.82" speed="28.44" angle="10.30" x="131.92" y="56.75"/>
    </timestep>
    <timestep time="6.40">
        <vehicle id="cfm-fast_0" eclass="HBEFA3/PC_G_EU4" CO2="177334.85" CO="4278.50" HC="23.97" NOx="82.32" PMx="4.91" fuel="76.23" electricity="0.00" noise="126.23" route="routetop" type="cfm-fast" waiting="0.00" lane="top_1" pos="15.48" speed="62.19" angle="246.63" x="33.12" y="121.39"/>
        <vehicle id="cfm-fast_1" eclass="HBEFA3/PC_G_EU4" CO2="0.00" CO="0.00" HC="0.00" NOx="0.00" PMx="0.00" fuel="0.00" electricity="0.00" noise="70.48" route="routebottom" type="cfm-fast" waiting="0.00" lane="right_0" pos="20.44" speed="25.69" angle="327.67" x="118.60" y="104.76"/>
        <vehicle id="cfm-fast_2" eclass="HBEFA3/PC_G_EU4" CO2="153666.05" CO="4143.50" HC="22.80" NOx="71.02" PMx="4.44" fuel="66.05" electricity="0.00" noise="117.74" route="routetop" type="cfm-fast" waiting="0.00" lane="left_1" pos="19.75" speed="71.42" angle="148.88" x="10.54" y="25.69"/>
        <vehicle id="cfm-fast_3" eclass="HBEFA3/PC_G_EU4" CO2="8287.24" CO="98.85" HC="0.66" NOx="3.26" PMx="0.17" fuel="3.56" electricity="0.00" noise="72.34" route="routebottom" type="cfm-fast" waiting="0.00" lane="right_0" pos="37.11" speed="24.41" angle="297.67" x="90.73" y="126.70"/>
        <vehicle id="cfm-fast_4" eclass="HBEFA3/PC_G_EU4" CO2="0.00" CO="0.00" HC="0.00" NOx="0.00" PMx="0.00" fuel="0.00" electricity="0.00" noise="89.56" route="routebottom" type="cfm-fast" waiting="0.00" lane="bottom_1" pos="33.30" speed="77.33" angle="34.58" x="120.18" y="30.94"/>
        <vehicle id="cfm-fast_5" eclass="HBEFA3/PC_G_EU4" CO2="18213.42" CO="305.00" HC="1.84" NOx="7.93" PMx="0.43" fuel="7.83" electricity="0.00" noise="77.16" route="routetop" type="cfm-fast" waiting="0.00" lane="top_0" pos="2.65" speed="25.01" angle="269.74" x="57.87" y="132.03"/>
        <vehicle id="cfm-slow_0" eclass="HBEFA3/PC_G_EU4" CO2="23886.20" CO="430.45" HC="2.56" NOx="10.56" PMx="0.59" fuel="10.27" electricity="0.00" noise="80.29" route="routetop" type="cfm-slow" waiting="0.00" lane="top_0" pos="18.91" speed="27.12" angle="240.38" x="25.25" y="120.50"/>
        <vehicle id="cfm-slow_1" eclass="HBEFA3/PC_G_EU4" CO2="22794.57" CO="424.14" HC="2.50" NOx="9.99" PMx="0.57" fuel="9.80" electricity="0.00" noise="79.70" route="routetop" type="cfm-slow" waiting="0.00" lane="top_0" pos="41.33" speed="29.77" angle="200.14" x="-2.39" y="82.18"/>
        <vehicle id="cfm-slow_2" eclass="HBEFA3/PC_G_EU4" CO2="12959.51" CO="238.50" HC="1.42" NOx="5.30" PMx="0.32" fuel="5.57" electricity="0.00" noise="76.30" route="routetop" type="cfm-slow" waiting="0.00" lane="left_0" pos="16.42" speed="31.86" angle="154.89" x="4.00" y="29.80"/>
        <vehicle id="cfm-slow_3" eclass="HBEFA3/PC_G_EU4" CO2="0.00" CO="0.00" HC="0.00" NOx="0.00" PMx="0.00" fuel="0.00" electricity="0.00" noise="73.84" route="routetop" type="cfm-slow" waiting="0.00" lane="left_0" pos="43.53" speed="32.44" angle="106.21" x="49.75" y="-3.53"/>
        <vehicle id="cfm-slow_4" eclass="HBEFA3/PC_G_EU4" CO2="0.00" CO="0.00" HC="0.00" NOx="0.00" PMx="0.00" fuel="0.00" electricity="0.00" noise="72.71" route="routebottom" type="cfm-slow" waiting="0.00" lane="bottom_0" pos="21.08" speed="31.10" angle="56.52" x="105.86" y="9.58"/>
        <vehicle id="cfm-slow_5" eclass="HBEFA3/PC_G_EU4" CO2="0.00" CO="0.00" HC="0.00" NOx="0.00" PMx="0.00" fuel="0.00" electricity="0.00" noise="71.41" route="routebottom" type="cfm-slow" waiting="0.00" lane="bottom_0" pos="47.11" speed="28.41" angle="9.78" x="131.98" y="57.36"/>
    </timestep>
    <timestep time="6.41">
        <vehicle id="cfm-fast_0" eclass="HBEFA3/PC_G_EU4" CO2="177184.88" CO="4278.63" HC="23.97" NOx="82.25" PMx="4.90" fuel="76.16" electricity="0.00" noise="126.15" route="routetop" type="cfm-fast" waiting="0.00" lane="top_1" pos="16.11" speed="62.28" angle="245.51" x="32.00" y="120.77"/>
        <vehicle id="cfm-fast_1" eclass="HBEFA3/PC_G_EU4" CO2="0.00" CO="0.00" HC="0.00" NOx="0.00" PMx="0.00" fuel="0.00" electricity="0.00" noise="70.49" route="routebottom" type="cfm-fast" waiting="0.00" lane="right_0" pos="20.69" speed="25.68" angle="327.24" x="118.26" y="105.20"/>
        <vehicle id="cfm-fast_2" eclass="HBEFA3/PC_G_EU4" CO2="152456.84" CO="4121.29" HC="22.67" NOx="70.45" PMx="4.41" fuel="65.53" electricity="0.00" noise="117.45" route="routetop" type="cfm-fast" waiting="0.00" lane="left_1" pos="20.47" speed="71.49" angle="147.61" x="11.40" y="24.50"/>
        <vehicle id="cfm-fast_3" eclass="HBEFA3/PC_G_EU4" CO2="8372.89" CO="100.63" HC="0.67" NOx="3.30" PMx="0.18" fuel="3.60" electricity="0.00" noise="72.37" route="routebottom" type="cfm-fast" waiting="0.00" lane="right_0" pos="37.35" speed="24.42" angle="297.27" x="90.25" y="126.91"/>
        <vehicle id="cfm-fast_4" eclass="HBEFA3/PC_G_EU4" CO2="0.00" CO="0.00" HC="0.00" NOx="0.00" PMx="0.00" fuel="0.00" electricity="0.00" noise="89.48" route="routebottom" type="cfm-fast" waiting="0.00" lane="bottom_1" pos="34.07" speed="77.32" angle="33.20" x="120.95" y="32.32"/>
        <vehicle id="cfm-fast_5" eclass="HBEFA3/PC_G_EU4" CO2="18262.21" CO="306.07" HC="1.85" NOx="7.95" PMx="0.44" fuel="7.85" electricity="0.00" noise="77.19" route="routetop" type="cfm-fast" waiting="0.00" lane="top_0" pos="2.90" speed="25.03" angle="269.29" x="57.34" y="131.98"/>
        <vehicle id="cfm-slow_0" eclass="HBEFA3/PC_G_EU4" CO2="23879.13" CO="430.44" HC="2.56" NOx="10.56" PMx="0.59" fuel="10.26" electricity="0.00" noise="80.28" route="routetop" type="cfm-slow" waiting="0.00" lane="top_0" pos="19.18" speed="27.15" angle="239.91" x="24.77" y="120.18"/>
        <vehicle id="cfm-slow_1" eclass="HBEFA3/PC_G_EU4" CO2="22706.40" CO="422.48" HC="2.49" NOx="9.95" PMx="0.57" fuel="9.76" electricity="0.00" noise="79.66" route="routetop" type="cfm-slow" waiting="0.00" lane="top_0" pos="41.63" speed="29.79" angle="199.58" x="-2.56" y="81.56"/>
        <vehicle id="cfm-slow_2" eclass="HBEFA3/PC_G_EU4" CO2="12805.97" CO="235.41" HC="1.40" NOx="5.23" PMx="0.32" fuel="5.50" electricity="0.00" noise="76.26" route="routetop" type="cfm-slow" waiting="0.00" lane="left_0" pos="16.74" speed="31.87" angle="154.36" x="4.34" y="29.20"/>
        <vehicle id="cfm-slow_3" eclass="HBEFA3/PC_G_EU4" CO2="0.00" CO="0.00" HC="0.00" NOx="0.00" PMx="0.00" fuel="0.00" electricity="0.00" noise="73.82" route="routetop" type="cfm-slow" waiting="0.00" lane="left_0" pos="43.86" speed="32.43" angle="105.66" x="50.44" y="-3.66"/>
        <vehicle id="cfm-slow_4" eclass="HBEFA3/PC_G_EU4" CO2="0.00" CO="0.00" HC="0.00" NOx="0.00" PMx="0.00" fuel="0.00" electricity="0.00" noise="72.69" route="routebottom" type="cfm-slow" waiting="0.00" lane="bottom_0" pos="21.39" speed="31.07" angle="55.96" x="106.39" y="9.99"/>
        <vehicle id="cfm-slow_5" eclass="HBEFA3/PC_G_EU4" CO2="0.00" CO="0.00" HC="0.00" NOx="0.00" PMx="0.00" fuel="0.00" electricity="0.00" noise="71.40" route="routebottom" type="cfm-slow" waiting="0.00" lane="bottom_0" pos="47.39" speed="28.39" angle="9.29" x="132.04" y="57.97"/>
    </timestep>
    <timestep time="6.42">
        <vehicle id="cfm-fast_0" eclass="HBEFA3/PC_G_EU4" CO2="177025.71" CO="4278.57" HC="23.97" NOx="82.17" PMx="4.90" fuel="76.09" electricity="0.00" noise="126.07" route="routetop" type="cfm-fast" waiting="0.00" lane="top_1" pos="16.73" speed="62.38" angle="244.43" x="30.89" y="120.15"/>
        <vehicle id="cfm-fast_1" eclass="HBEFA3/PC_G_EU4" CO2="0.00" CO="0.00" HC="0.00" NOx="0.00" PMx="0.00" fuel="0.00" electricity="0.00" noise="70.49" route="routebottom" type="cfm-fast" waiting="0.00" lane="right_0" pos="20.95" speed="25.67" angle="326.77" x="117.92" y="105.63"/>
        <vehicle id="cfm-fast_2" eclass="HBEFA3/PC_G_EU4" CO2="151250.25" CO="4099.10" HC="22.54" NOx="69.88" PMx="4.38" fuel="65.02" electricity="0.00" noise="117.15" route="routetop" type="cfm-fast" waiting="0.00" lane="left_1" pos="21.18" speed="71.55" angle="146.34" x="12.30" y="23.34"/>
        <vehicle id="cfm-fast_3" eclass="HBEFA3/PC_G_EU4" CO2="8458.27" CO="102.41" HC="0.68" NOx="3.34" PMx="0.18" fuel="3.64" electricity="0.00" noise="72.41" route="routebottom" type="cfm-fast" waiting="0.00" lane="right_0" pos="37.60" speed="24.42" angle="296.83" x="89.76" y="127.10"/>
        <vehicle id="cfm-fast_4" eclass="HBEFA3/PC_G_EU4" CO2="0.00" CO="0.00" HC="0.00" NOx="0.00" PMx="0.00" fuel="0.00" electricity="0.00" noise="89.40" route="routebottom" type="cfm-fast" waiting="0.00" lane="bottom_1" pos="34.84" speed="77.30" angle="31.85" x="121.70" y="33.72"/>
        <vehicle id="cfm-fast_5" eclass="HBEFA3/PC_G_EU4" CO2="18310.56" CO="307.14" HC="1.85" NOx="7.98" PMx="0.44" fuel="7.87" electricity="0.00" noise="77.22" route="routetop" type="cfm-fast" waiting="0.00" lane="top_0" pos="3.15" speed="25.05" angle="268.84" x="56.80" y="131.92"/>
        <vehicle id="cfm-slow_0" eclass="HBEFA3/PC_G_EU4" CO2="23871.36" CO="430.42" HC="2.56" NOx="10.55" PMx="0.59" fuel="10.26" electricity="0.00" noise="80.27" route="routetop" type="cfm-slow" waiting="0.00" lane="top_0" pos="19.45" speed="27.17" angle="239.43" x="24.29" y="119.84"/>
        <vehicle id="cfm-slow_1" eclass="HBEFA3/PC_G_EU4" CO2="22617.57" CO="420.81" HC="2.48" NOx="9.90" PMx="0.56" fuel="9.72" electricity="0.00" noise="79.62" route="routetop" type="cfm-slow" waiting="0.00" lane="top_0" pos="41.93" speed="29.82" angle="199.03" x="-2.72" y="80.94"/>
        <vehicle id="cfm-slow_2" eclass="HBEFA3/PC_G_EU4" CO2="12652.57" CO="232.32" HC="1.38" NOx="5.16" PMx="0.31" fuel="5.44" electricity="0.00" noise="76.22" route="routetop" type="cfm-slow" waiting="0.00" lane="left_0" pos="17.06" speed="31.87" angle="153.78" x="4.69" y="28.61"/>
        <vehicle id="cfm-slow_3" eclass="HBEFA3/PC_G_EU4" CO2="0.00" CO="0.00" HC="0.00" NOx="0.00" PMx="0.00" fuel="0.00" electricity="0.00" noise="73.81" route="routetop" type="cfm-slow" waiting="0.00" lane="left_0" pos="44.18" speed="32.42" angle="105.06" x="51.12" y="-3.79"/>
        <vehicle id="cfm-slow_4" eclass="HBEFA3/PC_G_EU4" CO2="0.00" CO="0.00" HC="0.00" NOx="0.00" PMx="0.00" fuel="0.00" electricity="0.00" noise="72.68" route="routebottom" type="cfm-slow" waiting="0.00" lane="bottom_0" pos="21.70" speed="31.05" angle="55.42" x="106.92" y="10.40"/>
        <vehicle id="cfm-slow_5" eclass="HBEFA3/PC_G_EU4" CO2="0.00" CO="0.00" HC="0.00" NOx="0.00" PMx="0.00" fuel="0.00" electricity="0.00" noise="71.39" route="routebottom" type="cfm-slow" waiting="0.00" lane="bottom_0" pos="47.68" speed="28.36" angle="8.79" x="132.08" y="58.58"/>
    </timestep>
    <timestep time="6.43">
        <vehicle id="cfm-fast_0" eclass="HBEFA3/PC_G_EU4" CO2="176857.43" CO="4278.32" HC="23.96" NOx="82.09" PMx="4.90" fuel="76.02" electricity="0.00" noise="125.98" route="routetop" type="cfm-fast" waiting="0.00" lane="top_1" pos="17.36" speed="62.47" angle="243.28" x="29.79" y="119.49"/>
        <vehicle id="cfm-fast_1" eclass="HBEFA3/PC_G_EU4" CO2="0.00" CO="0.00" HC="0.00" NOx="0.00" PMx="0.00" fuel="0.00" electricity="0.00" noise="70.50" route="routebottom" type="cfm-fast" waiting="0.00" lane="right_0" pos="21.21" speed="25.66" angle="326.31" x="117.58" y="106.06"/>
        <vehicle id="cfm-fast_2" eclass="HBEFA3/PC_G_EU4" CO2="150046.50" CO="4076.95" HC="22.41" NOx="69.31" PMx="4.35" fuel="64.50" electricity="0.00" noise="116.86" route="routetop" type="cfm-fast" waiting="0.00" lane="left_1" pos="21.90" speed="71.61" angle="145.09" x="13.21" y="22.19"/>
        <vehicle id="cfm-fast_3" eclass="HBEFA3/PC_G_EU4" CO2="8543.38" CO="104.18" HC="0.69" NOx="3.38" PMx="0.18" fuel="3.67" electricity="0.00" noise="72.44" route="routebottom" type="cfm-fast" waiting="0.00" lane="right_0" pos="37.84" speed="24.43" angle="296.39" x="89.27" y="127.30"/>
        <vehicle id="cfm-fast_4" eclass="HBEFA3/PC_G_EU4" CO2="0.00" CO="0.00" HC="0.00" NOx="0.00" PMx="0.00" fuel="0.00" electricity="0.00" noise="89.32" route="routebottom" type="cfm-fast" waiting="0.00" lane="bottom_1" pos="35.62" speed="77.29" angle="30.41" x="122.41" y="35.13"/>
        <vehicle id="cfm-fast_5" eclass="HBEFA3/PC_G_EU4" CO2="18358.48" CO="308.20" HC="1.86" NOx="8.00" PMx="0.44" fuel="7.89" electricity="0.00" noise="77.25" route="routetop" type="cfm-fast" waiting="0.00" lane="top_0" pos="3.40" speed="25.08" angle="268.39" x="56.26" y="131.87"/>
        <vehicle id="cfm-slow_0" eclass="HBEFA3/PC_G_EU4" CO2="23862.89" CO="430.38" HC="2.56" NOx="10.55" PMx="0.59" fuel="10.26" electricity="0.00" noise="80.27" route="routetop" type="cfm-slow" waiting="0.00" lane="top_0" pos="19.72" speed="27.20" angle="238.94" x="23.82" y="119.50"/>
        <vehicle id="cfm-slow_1" eclass="HBEFA3/PC_G_EU4" CO2="22528.08" CO="419.12" HC="2.47" NOx="9.86" PMx="0.56" fuel="9.68" electricity="0.00" noise="79.58" route="routetop" type="cfm-slow" waiting="0.00" lane="top_0" pos="42.22" speed="29.84" angle="198.49" x="-2.89" y="80.32"/>
        <vehicle id="cfm-slow_2" eclass="HBEFA3/PC_G_EU4" CO2="12499.34" CO="229.23" HC="1.36" NOx="5.08" PMx="0.31" fuel="5.37" electricity="0.00" noise="76.18" route="routetop" type="cfm-slow" waiting="0.00" lane="left_0" pos="17.38" speed="31.88" angle="153.19" x="5.04" y="28.02"/>
        <vehicle id="cfm-slow_3" eclass="HBEFA3/PC_G_EU4" CO2="0.00" CO="0.00" HC="0.00" NOx="0.00" PMx="0.00" fuel="0.00" electricity="0.00" noise="73.79" route="routetop" type="cfm-slow" waiting="0.00" lane="left_0" pos="44.51" speed="32.41" angle="104.45" x="51.81" y="-3.91"/>
        <vehicle id="cfm-slow_4" eclass="HBEFA3/PC_G_EU4" CO2="0.00" CO="0.00" HC="0.00" NOx="0.00" PMx="0.00" fuel="0.00" electricity="0.00" noise="72.67" route="routebottom" type="cfm-slow" waiting="0.00" lane="bottom_0" pos="22.02" speed="31.02" angle="54.87" x="107.43" y="10.83"/>
        <vehicle id="cfm-slow_5" eclass="HBEFA3/PC_G_EU4" CO2="0.00" CO="0.00" HC="0.00" NOx="0.00" PMx="0.00" fuel="0.00" electricity="0.00" noise="71.38" route="routebottom" type="cfm-slow" waiting="0.00" lane="bottom_0" pos="47.96" speed="28.34" angle="8.26" x="132.12" y="59.18"/>
    </timestep>
    <timestep time="6.44">
        <vehicle id="cfm-fast_0" eclass="HBEFA3/PC_G_EU4" CO2="176680.11" CO="4277.88" HC="23.95" NOx="82.01" PMx="4.90" fuel="75.95" electricity="0.00" noise="125.90" route="routetop" type="cfm-fast" waiting="0.00" lane="top_1" pos="17.98" speed="62.56" angle="242.20" x="28.69" y="118.83"/>
        <vehicle id="cfm-fast_1" eclass="HBEFA3/PC_G_EU4" CO2="0.00" CO="0.00" HC="0.00" NOx="0.00" PMx="0.00" fuel="0.00" electricity="0.00" noise="70.50" route="routebottom" type="cfm-fast" waiting="0.00" lane="right_0" pos="21.46" speed="25.64" angle="325.84" x="117.24" y="106.50"/>
        <vehicle id="cfm-fast_2" eclass="HBEFA3/PC_G_EU4" CO2="148845.83" CO="4054.83" HC="22.28" NOx="68.75" PMx="4.32" fuel="63.98" electricity="0.00" noise="116.57" route="routetop" type="cfm-fast" waiting="0.00" lane="left_1" pos="22.62" speed="71.68" angle="143.75" x="14.17" y="21.07"/>
        <vehicle id="cfm-fast_3" eclass="HBEFA3/PC_G_EU4" CO2="8628.20" CO="105.95" HC="0.70" NOx="3.42" PMx="0.18" fuel="3.71" electricity="0.00" noise="72.47" route="routebottom" type="cfm-fast" waiting="0.00" lane="right_0" pos="38.09" speed="24.44" angle="295.95" x="88.79" y="127.49"/>
        <vehicle id="cfm-fast_4" eclass="HBEFA3/PC_G_EU4" CO2="0.00" CO="0.00" HC="0.00" NOx="0.00" PMx="0.00" fuel="0.00" electricity="0.00" noise="89.25" route="routebottom" type="cfm-fast" waiting="0.00" lane="bottom_1" pos="36.39" speed="77.28" angle="29.00" x="123.08" y="36.57"/>
        <vehicle id="cfm-fast_5" eclass="HBEFA3/PC_G_EU4" CO2="18405.97" CO="309.25" HC="1.87" NOx="8.02" PMx="0.44" fuel="7.91" electricity="0.00" noise="77.27" route="routetop" type="cfm-fast" waiting="0.00" lane="top_0" pos="3.65" speed="25.10" angle="267.94" x="55.73" y="131.81"/>
        <vehicle id="cfm-slow_0" eclass="HBEFA3/PC_G_EU4" CO2="23853.71" CO="430.32" HC="2.55" NOx="10.54" PMx="0.59" fuel="10.25" electricity="0.00" noise="80.26" route="routetop" type="cfm-slow" waiting="0.00" lane="top_0" pos="20.00" speed="27.23" angle="238.44" x="23.34" y="119.15"/>
        <vehicle id="cfm-slow_1" eclass="HBEFA3/PC_G_EU4" CO2="22437.95" CO="417.42" HC="2.46" NOx="9.82" PMx="0.56" fuel="9.64" electricity="0.00" noise="79.54" route="routetop" type="cfm-slow" waiting="0.00" lane="top_0" pos="42.52" speed="29.86" angle="198.00" x="-3.04" y="79.70"/>
        <vehicle id="cfm-slow_2" eclass="HBEFA3/PC_G_EU4" CO2="12346.26" CO="226.14" HC="1.34" NOx="5.01" PMx="0.31" fuel="5.31" electricity="0.00" noise="76.13" route="routetop" type="cfm-slow" waiting="0.00" lane="left_0" pos="17.69" speed="31.89" angle="152.60" x="5.40" y="27.44"/>
        <vehicle id="cfm-slow_3" eclass="HBEFA3/PC_G_EU4" CO2="0.00" CO="0.00" HC="0.00" NOx="0.00" PMx="0.00" fuel="0.00" electricity="0.00" noise="73.78" route="routetop" type="cfm-slow" waiting="0.00" lane="left_0" pos="44.83" speed="32.40" angle="103.89" x="52.49" y="-4.04"/>
        <vehicle id="cfm-slow_4" eclass="HBEFA3/PC_G_EU4" CO2="0.00" CO="0.00" HC="0.00" NOx="0.00" PMx="0.00" fuel="0.00" electricity="0.00" noise="72.66" route="routebottom" type="cfm-slow" waiting="0.00" lane="bottom_0" pos="22.33" speed="31.00" angle="54.28" x="107.93" y="11.26"/>
        <vehicle id="cfm-slow_5" eclass="HBEFA3/PC_G_EU4" CO2="0.00" CO="0.00" HC="0.00" NOx="0.00" PMx="0.00" fuel="0.00" electricity="0.00" noise="71.37" route="routebottom" type="cfm-slow" waiting="0.00" lane="bottom_0" pos="48.24" speed="28.31" angle="7.73" x="132.16" y="59.79"/>
    </timestep>
    <timestep time="6.45">
        <vehicle id="cfm-fast_0" eclass="HBEFA3/PC_G_EU4" CO2="176493.84" CO="4277.25" HC="23.95" NOx="81.92" PMx="4.89" fuel="75.87" electricity="0.00" noise="125.81" route="routetop" type="cfm-fast" waiting="0.00" lane="top_1" pos="18.61" speed="62.66" angle="241.00" x="27.62" y="118.11"/>
        <vehicle id="cfm-fast_1" eclass="HBEFA3/PC_G_EU4" CO2="0.00" CO="0.00" HC="0.00" NOx="0.00" PMx="0.00" fuel="0.00" electricity="0.00" noise="70.51" route="routebottom" type="cfm-fast" waiting="0.00" lane="right_0" pos="21.72" speed="25.63" angle="325.40" x="116.90" y="106.93"/>
        <vehicle id="cfm-fast_2" eclass="HBEFA3/PC_G_EU4" CO2="147648.45" CO="4032.75" HC="22.15" NOx="68.18" PMx="4.29" fuel="63.47" electricity="0.00" noise="116.28" route="routetop" type="cfm-fast" waiting="0.00" lane="left_1" pos="23.33" speed="71.74" angle="142.50" x="15.13" y="19.97"/>
        <vehicle id="cfm-fast_3" eclass="HBEFA3/PC_G_EU4" CO2="8712.75" CO="107.71" HC="0.71" NOx="3.46" PMx="0.18" fuel="3.75" electricity="0.00" noise="72.51" route="routebottom" type="cfm-fast" waiting="0.00" lane="right_0" pos="38.33" speed="24.44" angle="295.51" x="88.30" y="127.69"/>
        <vehicle id="cfm-fast_4" eclass="HBEFA3/PC_G_EU4" CO2="0.00" CO="0.00" HC="0.00" NOx="0.00" PMx="0.00" fuel="0.00" electricity="0.00" noise="89.18" route="routebottom" type="cfm-fast" waiting="0.00" lane="bottom_1" pos="37.16" speed="77.27" angle="27.59" x="123.73" y="38.02"/>
        <vehicle id="cfm-fast_5" eclass="HBEFA3/PC_G_EU4" CO2="18453.02" CO="310.29" HC="1.87" NOx="8.04" PMx="0.44" fuel="7.93" electricity="0.00" noise="77.30" route="routetop" type="cfm-fast" waiting="0.00" lane="top_0" pos="3.91" speed="25.12" angle="267.51" x="55.19" y="131.75"/>
        <vehicle id="cfm-slow_0" eclass="HBEFA3/PC_G_EU4" CO2="23843.82" CO="430.26" HC="2.55" NOx="10.54" PMx="0.59" fuel="10.25" electricity="0.00" noise="80.25" route="routetop" type="cfm-slow" waiting="0.00" lane="top_0" pos="20.27" speed="27.25" angle="237.95" x="22.86" y="118.81"/>
        <vehicle id="cfm-slow_1" eclass="HBEFA3/PC_G_EU4" CO2="22347.18" CO="415.71" HC="2.45" NOx="9.77" PMx="0.56" fuel="9.61" electricity="0.00" noise="79.50" route="routetop" type="cfm-slow" waiting="0.00" lane="top_0" pos="42.82" speed="29.88" angle="197.47" x="-3.18" y="79.07"/>
        <vehicle id="cfm-slow_2" eclass="HBEFA3/PC_G_EU4" CO2="12193.37" CO="223.05" HC="1.33" NOx="4.94" PMx="0.30" fuel="5.24" electricity="0.00" noise="76.09" route="routetop" type="cfm-slow" waiting="0.00" lane="left_0" pos="18.01" speed="31.89" angle="152.09" x="5.76" y="26.85"/>
        <vehicle id="cfm-slow_3" eclass="HBEFA3/PC_G_EU4" CO2="0.00" CO="0.00" HC="0.00" NOx="0.00" PMx="0.00" fuel="0.00" electricity="0.00" noise="73.77" route="routetop" type="cfm-slow" waiting="0.00" lane="left_0" pos="45.15" speed="32.38" angle="103.32" x="53.18" y="-4.14"/>
        <vehicle id="cfm-slow_4" eclass="HBEFA3/PC_G_EU4" CO2="0.00" CO="0.00" HC="0.00" NOx="0.00" PMx="0.00" fuel="0.00" electricity="0.00" noise="72.65" route="routebottom" type="cfm-slow" waiting="0.00" lane="bottom_0" pos="22.63" speed="30.97" angle="53.69" x="108.44" y="11.70"/>
        <vehicle id="cfm-slow_5" eclass="HBEFA3/PC_G_EU4" CO2="0.00" CO="0.00" HC="0.00" NOx="0.00" PMx="0.00" fuel="0.00" electricity="0.00" noise="71.36" route="routebottom" type="cfm-slow" waiting="0.00" lane="bottom_0" pos="48.53" speed="28.29" angle="7.20" x="132.19" y="60.40"/>
    </timestep>
    <timestep time="6.46">
        <vehicle id="cfm-fast_0" eclass="HBEFA3/PC_G_EU4" CO2="176298.68" CO="4276.44" HC="23.94" NOx="81.82" PMx="4.89" fuel="75.78" electricity="0.00" noise="125.72" route="routetop" type="cfm-fast" waiting="0.00" lane="top_1" pos="19.24" speed="62.75" angle="239.87" x="26.55" y="117.40"/>
        <vehicle id="cfm-fast_1" eclass="HBEFA3/PC_G_EU4" CO2="0.00" CO="0.00" HC="0.00" NOx="0.00" PMx="0.00" fuel="0.00" electricity="0.00" noise="70.51" route="routebottom" type="cfm-fast" waiting="0.00" lane="right_0" pos="21.97" speed="25.62" angle="324.94" x="116.55" y="107.36"/>
        <vehicle id="cfm-fast_2" eclass="HBEFA3/PC_G_EU4" CO2="146454.59" CO="4010.72" HC="22.02" NOx="67.62" PMx="4.26" fuel="62.95" electricity="0.00" noise="115.99" route="routetop" type="cfm-fast" waiting="0.00" lane="left_1" pos="24.05" speed="71.80" angle="141.21" x="16.13" y="18.88"/>
        <vehicle id="cfm-fast_3" eclass="HBEFA3/PC_G_EU4" CO2="8797.01" CO="109.46" HC="0.72" NOx="3.50" PMx="0.19" fuel="3.78" electricity="0.00" noise="72.54" route="routebottom" type="cfm-fast" waiting="0.00" lane="right_0" pos="38.58" speed="24.45" angle="295.12" x="87.81" y="127.88"/>
        <vehicle id="cfm-fast_4" eclass="HBEFA3/PC_G_EU4" CO2="0.00" CO="0.00" HC="0.00" NOx="0.00" PMx="0.00" fuel="0.00" electricity="0.00" noise="89.12" route="routebottom" type="cfm-fast" waiting="0.00" lane="bottom_1" pos="37.94" speed="77.25" angle="26.19" x="124.31" y="39.49"/>
        <vehicle id="cfm-fast_5" eclass="HBEFA3/PC_G_EU4" CO2="18499.62" CO="311.32" HC="1.88" NOx="8.06" PMx="0.44" fuel="7.95" electricity="0.00" noise="77.33" route="routetop" type="cfm-fast" waiting="0.00" lane="top_0" pos="4.16" speed="25.14" angle="267.06" x="54.65" y="131.67"/>
        <vehicle id="cfm-slow_0" eclass="HBEFA3/PC_G_EU4" CO2="23833.23" CO="430.17" HC="2.55" NOx="10.53" PMx="0.59" fuel="10.24" electricity="0.00" noise="80.25" route="routetop" type="cfm-slow" waiting="0.00" lane="top_0" pos="20.54" speed="27.28" angle="237.51" x="22.39" y="118.46"/>
        <vehicle id="cfm-slow_1" eclass="HBEFA3/PC_G_EU4" CO2="22255.78" CO="413.98" HC="2.44" NOx="9.73" PMx="0.56" fuel="9.57" electricity="0.00" noise="79.45" route="routetop" type="cfm-slow" waiting="0.00" lane="top_0" pos="43.12" speed="29.90" angle="196.94" x="-3.33" y="78.44"/>
        <vehicle id="cfm-slow_2" eclass="HBEFA3/PC_G_EU4" CO2="12040.65" CO="219.97" HC="1.31" NOx="4.87" PMx="0.30" fuel="5.18" electricity="0.00" noise="76.05" route="routetop" type="cfm-slow" waiting="0.00" lane="left_0" pos="18.33" speed="31.90" angle="151.49" x="6.14" y="26.28"/>
        <vehicle id="cfm-slow_3" eclass="HBEFA3/PC_G_EU4" CO2="0.00" CO="0.00" HC="0.00" NOx="0.00" PMx="0.00" fuel="0.00" electricity="0.00" noise="73.75" route="routetop" type="cfm-slow" waiting="0.00" lane="left_0" pos="45.48" speed="32.37" angle="102.72" x="53.87" y="-4.24"/>
        <vehicle id="cfm-slow_4" eclass="HBEFA3/PC_G_EU4" CO2="0.00" CO="0.00" HC="0.00" NOx="0.00" PMx="0.00" fuel="0.00" electricity="0.00" noise="72.63" route="routebottom" type="cfm-slow" waiting="0.00" lane="bottom_0" pos="22.94" speed="30.95" angle="53.11" x="108.95" y="12.13"/>
        <vehicle id="cfm-slow_5" eclass="HBEFA3/PC_G_EU4" CO2="0.00" CO="0.00" HC="0.00" NOx="0.00" PMx="0.00" fuel="0.00" electricity="0.00" noise="71.35" route="routebottom" type="cfm-slow" waiting="0.00" lane="bottom_0" pos="48.81" speed="28.26" angle="6.73" x="132.22" y="61.01"/>
    </timestep>
    <timestep time="6.47">
        <vehicle id="cfm-fast_0" eclass="HBEFA3/PC_G_EU4" CO2="176094.73" CO="4275.44" HC="23.93" NOx="81.73" PMx="4.88" fuel="75.69" electricity="0.00" noise="125.63" route="routetop" type="cfm-fast" waiting="0.00" lane="top_1" pos="19.86" speed="62.84" angle="238.70" x="25.50" y="116.65"/>
        <vehicle id="cfm-fast_1" eclass="HBEFA3/PC_G_EU4" CO2="0.00" CO="0.00" HC="0.00" NOx="0.00" PMx="0.00" fuel="0.00" electricity="0.00" noise="70.52" route="routebottom" type="cfm-fast" waiting="0.00" lane="right_0" pos="22.23" speed="25.61" angle="324.46" x="116.19" y="107.78"/>
        <vehicle id="cfm-fast_2" eclass="HBEFA3/PC_G_EU4" CO2="145264.44" CO="3988.74" HC="21.89" NOx="67.05" PMx="4.23" fuel="62.44" electricity="0.00" noise="115.71" route="routetop" type="cfm-fast" waiting="0.00" lane="left_1" pos="24.77" speed="71.86" angle="139.94" x="17.16" y="17.82"/>
        <vehicle id="cfm-fast_3" eclass="HBEFA3/PC_G_EU4" CO2="8880.99" CO="111.21" HC="0.73" NOx="3.54" PMx="0.19" fuel="3.82" electricity="0.00" noise="72.58" route="routebottom" type="cfm-fast" waiting="0.00" lane="right_0" pos="38.82" speed="24.46" angle="294.68" x="87.31" y="128.06"/>
        <vehicle id="cfm-fast_4" eclass="HBEFA3/PC_G_EU4" CO2="0.00" CO="0.00" HC="0.00" NOx="0.00" PMx="0.00" fuel="0.00" electricity="0.00" noise="89.05" route="routebottom" type="cfm-fast" waiting="0.00" lane="bottom_1" pos="38.71" speed="77.24" angle="24.83" x="124.89" y="40.96"/>
        <vehicle id="cfm-fast_5" eclass="HBEFA3/PC_G_EU4" CO2="18545.78" CO="312.34" HC="1.88" NOx="8.08" PMx="0.44" fuel="7.97" electricity="0.00" noise="77.35" route="routetop" type="cfm-fast" waiting="0.00" lane="top_0" pos="4.41" speed="25.16" angle="266.60" x="54.12" y="131.60"/>
        <vehicle id="cfm-slow_0" eclass="HBEFA3/PC_G_EU4" CO2="23821.93" CO="430.08" HC="2.55" NOx="10.53" PMx="0.59" fuel="10.24" electricity="0.00" noise="80.24" route="routetop" type="cfm-slow" waiting="0.00" lane="top_0" pos="20.81" speed="27.31" angle="237.01" x="21.93" y="118.10"/>
        <vehicle id="cfm-slow_1" eclass="HBEFA3/PC_G_EU4" CO2="22163.75" CO="412.24" HC="2.43" NOx="9.69" PMx="0.55" fuel="9.53" electricity="0.00" noise="79.41" route="routetop" type="cfm-slow" waiting="0.00" lane="top_0" pos="43.42" speed="29.92" angle="196.40" x="-3.47" y="77.82"/>
        <vehicle id="cfm-slow_2" eclass="HBEFA3/PC_G_EU4" CO2="11888.13" CO="216.89" HC="1.29" NOx="4.80" PMx="0.29" fuel="5.11" electricity="0.00" noise="76.01" route="routetop" type="cfm-slow" waiting="0.00" lane="left_0" pos="18.65" speed="31.91" angle="150.89" x="6.52" y="25.71"/>
        <vehicle id="cfm-slow_3" eclass="HBEFA3/PC_G_EU4" CO2="0.00" CO="0.00" HC="0.00" NOx="0.00" PMx="0.00" fuel="0.00" electricity="0.00" noise="73.74" route="routetop" type="cfm-slow" waiting="0.00" lane="left_0" pos="45.80" speed="32.36" angle="102.12" x="54.56" y="-4.33"/>
        <vehicle id="cfm-slow_4" eclass="HBEFA3/PC_G_EU4" CO2="0.00" CO="0.00" HC="0.00" NOx="0.00" PMx="0.00" fuel="0.00" electricity="0.00" noise="72.62" route="routebottom" type="cfm-slow" waiting="0.00" lane="bottom_0" pos="23.25" speed="30.92" angle="52.61" x="109.44" y="12.57"/>
        <vehicle id="cfm-slow_5" eclass="HBEFA3/PC_G_EU4" CO2="0.00" CO="0.00" HC="0.00" NOx="0.00" PMx="0.00" fuel="0.00" electricity="0.00" noise="71.34" route="routebottom" type="cfm-slow" waiting="0.00" lane="bottom_0" pos="49.09" speed="28.24" angle="6.20" x="132.23" y="61.61"/>
    </timestep>
    <timestep time="6.48">
        <vehicle id="cfm-fast_0" eclass="HBEFA3/PC_G_EU4" CO2="175882.06" CO="4274.25" HC="23.92" NOx="81.62" PMx="4.88" fuel="75.60" electricity="0.00" noise="125.54" route="routetop" type="cfm-fast" waiting="0.00" lane="top_1" pos="20.49" speed="62.93" angle="237.58" x="24.46" y="115.89"/>
        <vehicle id="cfm-fast_1" eclass="HBEFA3/PC_G_EU4" CO2="0.00" CO="0.00" HC="0.00" NOx="0.00" PMx="0.00" fuel="0.00" electricity="0.00" noise="70.52" route="routebottom" type="cfm-fast" waiting="0.00" lane="right_0" pos="22.49" speed="25.60" angle="323.97" x="115.84" y="108.20"/>
        <vehicle id="cfm-fast_2" eclass="HBEFA3/PC_G_EU4" CO2="144078.21" CO="3966.81" HC="21.76" NOx="66.49" PMx="4.20" fuel="61.93" electricity="0.00" noise="115.42" route="routetop" type="cfm-fast" waiting="0.00" lane="left_1" pos="25.49" speed="71.92" angle="138.60" x="18.20" y="16.78"/>
        <vehicle id="cfm-fast_3" eclass="HBEFA3/PC_G_EU4" CO2="8964.69" CO="112.95" HC="0.74" NOx="3.58" PMx="0.19" fuel="3.85" electricity="0.00" noise="72.61" route="routebottom" type="cfm-fast" waiting="0.00" lane="right_0" pos="39.07" speed="24.47" angle="294.23" x="86.82" y="128.24"/>
        <vehicle id="cfm-fast_4" eclass="HBEFA3/PC_G_EU4" CO2="0.00" CO="0.00" HC="0.00" NOx="0.00" PMx="0.00" fuel="0.00" electricity="0.00" noise="89.00" route="routebottom" type="cfm-fast" waiting="0.00" lane="bottom_1" pos="39.48" speed="77.23" angle="23.44" x="125.43" y="42.45"/>
        <vehicle id="cfm-fast_5" eclass="HBEFA3/PC_G_EU4" CO2="18591.50" CO="313.35" HC="1.89" NOx="8.11" PMx="0.44" fuel="7.99" electricity="0.00" noise="77.38" route="routetop" type="cfm-fast" waiting="0.00" lane="top_0" pos="4.66" speed="25.18" angle="266.15" x="53.58" y="131.52"/>
        <vehicle id="cfm-slow_0" eclass="HBEFA3/PC_G_EU4" CO2="23809.92" CO="429.97" HC="2.55" NOx="10.52" PMx="0.59" fuel="10.23" electricity="0.00" noise="80.23" route="routetop" type="cfm-slow" waiting="0.00" lane="top_0" pos="21.09" speed="27.33" angle="236.51" x="21.47" y="117.74"/>
        <vehicle id="cfm-slow_1" eclass="HBEFA3/PC_G_EU4" CO2="22071.09" CO="410.49" HC="2.42" NOx="9.64" PMx="0.55" fuel="9.49" electricity="0.00" noise="79.37" route="routetop" type="cfm-slow" waiting="0.00" lane="top_0" pos="43.72" speed="29.94" angle="195.92" x="-3.61" y="77.19"/>
        <vehicle id="cfm-slow_2" eclass="HBEFA3/PC_G_EU4" CO2="11735.82" CO="213.81" HC="1.27" NOx="4.72" PMx="0.29" fuel="5.04" electricity="0.00" noise="75.98" route="routetop" type="cfm-slow" waiting="0.00" lane="left_0" pos="18.97" speed="31.91" angle="150.29" x="6.90" y="25.14"/>
        <vehicle id="cfm-slow_3" eclass="HBEFA3/PC_G_EU4" CO2="0.00" CO="0.00" HC="0.00" NOx="0.00" PMx="0.00" fuel="0.00" electricity="0.00" noise="73.72" route="routetop" type="cfm-slow" waiting="0.00" lane="left_0" pos="46.12" speed="32.35" angle="101.56" x="55.25" y="-4.43"/>
        <vehicle id="cfm-slow_4" eclass="HBEFA3/PC_G_EU4" CO2="0.00" CO="0.00" HC="0.00" NOx="0.00" PMx="0.00" fuel="0.00" electricity="0.00" noise="72.61" route="routebottom" type="cfm-slow" waiting="0.00" lane="bottom_0" pos="23.56" speed="30.90" angle="52.05" x="109.93" y="13.02"/>
        <vehicle id="cfm-slow_5" eclass="HBEFA3/PC_G_EU4" CO2="0.00" CO="0.00" HC="0.00" NOx="0.00" PMx="0.00" fuel="0.00" electricity="0.00" noise="71.33" route="routebottom" type="cfm-slow" waiting="0.00" lane="bottom_0" pos="49.37" speed="28.21" angle="5.68" x="132.24" y="62.22"/>
    </timestep>
    <timestep time="6.49">
        <vehicle id="cfm-fast_0" eclass="HBEFA3/PC_G_EU4" CO2="175660.77" CO="4272.89" HC="23.91" NOx="81.52" PMx="4.88" fuel="75.51" electricity="0.00" noise="125.44" route="routetop" type="cfm-fast" waiting="0.00" lane="top_1" pos="21.12" speed="63.02" angle="236.45" x="23.44" y="115.09"/>
        <vehicle id="cfm-fast_1" eclass="HBEFA3/PC_G_EU4" CO2="0.00" CO="0.00" HC="0.00" NOx="0.00" PMx="0.00" fuel="0.00" electricity="0.00" noise="70.53" route="routebottom" type="cfm-fast" waiting="0.00" lane="right_0" pos="22.74" speed="25.59" angle="323.49" x="115.48" y="108.62"/>
        <vehicle id="cfm-fast_2" eclass="HBEFA3/PC_G_EU4" CO2="142896.10" CO="3944.93" HC="21.63" NOx="65.93" PMx="4.17" fuel="61.42" electricity="0.00" noise="115.14" route="routetop" type="cfm-fast" waiting="0.00" lane="left_1" pos="26.21" speed="71.97" angle="137.33" x="19.27" y="15.77"/>
        <vehicle id="cfm-fast_3" eclass="HBEFA3/PC_G_EU4" CO2="9048.10" CO="114.69" HC="0.75" NOx="3.62" PMx="0.19" fuel="3.89" electricity="0.00" noise="72.65" route="routebottom" type="cfm-fast" waiting="0.00" lane="right_0" pos="39.31" speed="24.47" angle="293.79" x="86.32" y="128.42"/>
        <vehicle id="cfm-fast_4" eclass="HBEFA3/PC_G_EU4" CO2="0.00" CO="0.00" HC="0.00" NOx="0.00" PMx="0.00" fuel="0.00" electricity="0.00" noise="88.94" route="routebottom" type="cfm-fast" waiting="0.00" lane="bottom_1" pos="40.25" speed="77.21" angle="22.08" x="125.92" y="43.95"/>
        <vehicle id="cfm-fast_5" eclass="HBEFA3/PC_G_EU4" CO2="18636.76" CO="314.36" HC="1.89" NOx="8.13" PMx="0.45" fuel="8.01" electricity="0.00" noise="77.40" route="routetop" type="cfm-fast" waiting="0.00" lane="top_0" pos="4.91" speed="25.21" angle="265.69" x="53.04" y="131.44"/>
        <vehicle id="cfm-slow_0" eclass="HBEFA3/PC_G_EU4" CO2="23797.20" CO="429.84" HC="2.55" NOx="10.51" PMx="0.59" fuel="10.23" electricity="0.00" noise="80.22" route="routetop" type="cfm-slow" waiting="0.00" lane="top_0" pos="21.36" speed="27.36" angle="236.00" x="21.00" y="117.38"/>
        <vehicle id="cfm-slow_1" eclass="HBEFA3/PC_G_EU4" CO2="21977.83" CO="408.72" HC="2.41" NOx="9.60" PMx="0.55" fuel="9.45" electricity="0.00" noise="79.33" route="routetop" type="cfm-slow" waiting="0.00" lane="top_0" pos="44.02" speed="29.96" angle="195.36" x="-3.72" y="76.55"/>
        <vehicle id="cfm-slow_2" eclass="HBEFA3/PC_G_EU4" CO2="11583.71" CO="210.73" HC="1.26" NOx="4.65" PMx="0.29" fuel="4.98" electricity="0.00" noise="75.94" route="routetop" type="cfm-slow" waiting="0.00" lane="left_0" pos="19.29" speed="31.92" angle="149.76" x="7.28" y="24.57"/>
        <vehicle id="cfm-slow_3" eclass="HBEFA3/PC_G_EU4" CO2="0.00" CO="0.00" HC="0.00" NOx="0.00" PMx="0.00" fuel="0.00" electricity="0.00" noise="73.71" route="routetop" type="cfm-slow" waiting="0.00" lane="left_0" pos="46.45" speed="32.34" angle="100.99" x="55.94" y="-4.51"/>
        <vehicle id="cfm-slow_4" eclass="HBEFA3/PC_G_EU4" CO2="0.00" CO="0.00" HC="0.00" NOx="0.00" PMx="0.00" fuel="0.00" electricity="0.00" noise="72.60" route="routebottom" type="cfm-slow" waiting="0.00" lane="bottom_0" pos="23.87" speed="30.87" angle="51.50" x="110.42" y="13.47"/>
        <vehicle id="cfm-slow_5" eclass="HBEFA3/PC_G_EU4" CO2="0.00" CO="0.00" HC="0.00" NOx="0.00" PMx="0.00" fuel="0.00" electricity="0.00" noise="71.32" route="routebottom" type="cfm-slow" waiting="0.00" lane="bottom_0" pos="49.65" speed="28.19" angle="5.15" x="132.26" y="62.83"/>
    </timestep>
    <timestep time="6.50">
        <vehicle id="cfm-fast_0" eclass="HBEFA3/PC_G_EU4" CO2="175430.94" CO="4271.35" HC="23.90" NOx="81.41" PMx="4.87" fuel="75.41" electricity="0.00" noise="125.35" route="routetop" type="cfm-fast" waiting="0.00" lane="top_1" pos="21.75" speed="63.11" angle="235.34" x="22.42" y="114.30"/>
        <vehicle id="cfm-fast_1" eclass="HBEFA3/PC_G_EU4" CO2="0.00" CO="0.00" HC="0.00" NOx="0.00" PMx="0.00" fuel="0.00" electricity="0.00" noise="70.53" route="routebottom" type="cfm-fast" waiting="0.00" lane="right_0" pos="23.00" speed="25.58" angle="323.04" x="115.12" y="109.04"/>
        <vehicle id="cfm-fast_2" eclass="HBEFA3/PC_G_EU4" CO2="141718.30" CO="3923.12" HC="21.51" NOx="65.38" PMx="4.14" fuel="60.92" electricity="0.00" noise="114.86" route="routetop" type="cfm-fast" waiting="0.00" lane="left_1" pos="26.93" speed="72.03" angle="136.05" x="20.36" y="14.77"/>
        <vehicle id="cfm-fast_3" eclass="HBEFA3/PC_G_EU4" CO2="9131.22" CO="116.43" HC="0.76" NOx="3.66" PMx="0.20" fuel="3.93" electricity="0.00" noise="72.68" route="routebottom" type="cfm-fast" waiting="0.00" lane="right_0" pos="39.56" speed="24.48" angle="293.35" x="85.83" y="128.60"/>
        <vehicle id="cfm-fast_4" eclass="HBEFA3/PC_G_EU4" CO2="0.00" CO="0.00" HC="0.00" NOx="0.00" PMx="0.00" fuel="0.00" electricity="0.00" noise="88.89" route="routebottom" type="cfm-fast" waiting="0.00" lane="bottom_1" pos="41.02" speed="77.20" angle="20.71" x="126.39" y="45.47"/>
        <vehicle id="cfm-fast_5" eclass="HBEFA3/PC_G_EU4" CO2="18681.57" CO="315.36" HC="1.90" NOx="8.15" PMx="0.45" fuel="8.03" electricity="0.00" noise="77.43" route="routetop" type="cfm-fast" waiting="0.00" lane="top_0" pos="5.16" speed="25.23" angle="265.19" x="52.51" y="131.36"/>
        <vehicle id="cfm-slow_0" eclass="HBEFA3/PC_G_EU4" CO2="23783.77" CO="429.70" HC="2.55" NOx="10.51" PMx="0.59" fuel="10.22" electricity="0.00" noise="80.21" route="routetop" type="cfm-slow" waiting="0.00" lane="top_0" pos="21.63" speed="27.39" angle="235.50" x="20.54" y="117.01"/>
        <vehicle id="cfm-slow_1" eclass="HBEFA3/PC_G_EU4" CO2="21883.96" CO="406.94" HC="2.40" NOx="9.55" PMx="0.55" fuel="9.41" electricity="0.00" noise="79.29" route="routetop" type="cfm-slow" waiting="0.00" lane="top_0" pos="44.32" speed="29.98" angle="194.80" x="-3.84" y="75.92"/>
        <vehicle id="cfm-slow_2" eclass="HBEFA3/PC_G_EU4" CO2="11431.83" CO="207.66" HC="1.24" NOx="4.58" PMx="0.28" fuel="4.91" electricity="0.00" noise="75.90" route="routetop" type="cfm-slow" waiting="0.00" lane="left_0" pos="19.61" speed="31.93" angle="149.17" x="7.68" y="24.01"/>
        <vehicle id="cfm-slow_3" eclass="HBEFA3/PC_G_EU4" CO2="0.00" CO="0.00" HC="0.00" NOx="0.00" PMx="0.00" fuel="0.00" electricity="0.00" noise="73.70" route="routetop" type="cfm-slow" waiting="0.00" lane="left_0" pos="46.77" speed="32.32" angle="100.40" x="56.63" y="-4.58"/>
        <vehicle id="cfm-slow_4" eclass="HBEFA3/PC_G_EU4" CO2="0.00" CO="0.00" HC="0.00" NOx="0.00" PMx="0.00" fuel="0.00" electricity="0.00" noise="72.59" route="routebottom" type="cfm-slow" waiting="0.00" lane="bottom_0" pos="24.18" speed="30.85" angle="50.94" x="110.91" y="13.92"/>
        <vehicle id="cfm-slow_5" eclass="HBEFA3/PC_G_EU4" CO2="0.00" CO="0.00" HC="0.00" NOx="0.00" PMx="0.00" fuel="0.00" electricity="0.00" noise="71.31" route="routebottom" type="cfm-slow" waiting="0.00" lane="bottom_0" pos="49.94" speed="28.16" angle="4.64" x="132.27" y="63.43"/>
    </timestep>
    <timestep time="6.51">
        <vehicle id="cfm-fast_0" eclass="HBEFA3/PC_G_EU4" CO2="175192.65" CO="4269.62" HC="23.88" NOx="81.29" PMx="4.87" fuel="75.31" electricity="0.00" noise="125.25" route="routetop" type="cfm-fast" waiting="0.00" lane="top_1" pos="22.39" speed="63.21" angle="234.17" x="21.43" y="113.46"/>
        <vehicle id="cfm-fast_1" eclass="HBEFA3/PC_G_EU4" CO2="0.00" CO="0.00" HC="0.00" NOx="0.00" PMx="0.00" fuel="0.00" electricity="0.00" noise="70.54" route="routebottom" type="cfm-fast" waiting="0.00" lane="right_0" pos="23.25" speed="25.57" angle="322.62" x="114.76" y="109.44"/>
        <vehicle id="cfm-fast_2" eclass="HBEFA3/PC_G_EU4" CO2="140545.00" CO="3901.38" HC="21.38" NOx="64.82" PMx="4.11" fuel="60.41" electricity="0.00" noise="114.58" route="routetop" type="cfm-fast" waiting="0.00" lane="left_1" pos="27.65" speed="72.09" angle="134.72" x="21.49" y="13.81"/>
        <vehicle id="cfm-fast_3" eclass="HBEFA3/PC_G_EU4" CO2="9214.05" CO="118.15" HC="0.77" NOx="3.70" PMx="0.20" fuel="3.96" electricity="0.00" noise="72.71" route="routebottom" type="cfm-fast" waiting="0.00" lane="right_0" pos="39.80" speed="24.49" angle="292.97" x="85.33" y="128.77"/>
        <vehicle id="cfm-fast_4" eclass="HBEFA3/PC_G_EU4" CO2="0.00" CO="0.00" HC="0.00" NOx="0.00" PMx="0.00" fuel="0.00" electricity="0.00" noise="88.84" route="routebottom" type="cfm-fast" waiting="0.00" lane="bottom_1" pos="41.80" speed="77.19" angle="19.27" x="126.80" y="47.00"/>
        <vehicle id="cfm-fast_5" eclass="HBEFA3/PC_G_EU4" CO2="18725.92" CO="316.34" HC="1.91" NOx="8.17" PMx="0.45" fuel="8.05" electricity="0.00" noise="77.46" route="routetop" type="cfm-fast" waiting="0.00" lane="top_0" pos="5.42" speed="25.25" angle="264.72" x="51.97" y="131.26"/>
        <vehicle id="cfm-slow_0" eclass="HBEFA3/PC_G_EU4" CO2="23769.64" CO="429.55" HC="2.55" NOx="10.50" PMx="0.59" fuel="10.22" electricity="0.00" noise="80.20" route="routetop" type="cfm-slow" waiting="0.00" lane="top_0" pos="21.91" speed="27.41" angle="235.04" x="20.08" y="116.64"/>
        <vehicle id="cfm-slow_1" eclass="HBEFA3/PC_G_EU4" CO2="21789.48" CO="405.14" HC="2.39" NOx="9.51" PMx="0.54" fuel="9.37" electricity="0.00" noise="79.25" route="routetop" type="cfm-slow" waiting="0.00" lane="top_0" pos="44.62" speed="30.00" angle="194.24" x="-3.96" y="75.28"/>
        <vehicle id="cfm-slow_2" eclass="HBEFA3/PC_G_EU4" CO2="11280.19" CO="204.59" HC="1.22" NOx="4.51" PMx="0.28" fuel="4.85" electricity="0.00" noise="75.86" route="routetop" type="cfm-slow" waiting="0.00" lane="left_0" pos="19.93" speed="31.93" angle="148.58" x="8.09" y="23.45"/>
        <vehicle id="cfm-slow_3" eclass="HBEFA3/PC_G_EU4" CO2="0.00" CO="0.00" HC="0.00" NOx="0.00" PMx="0.00" fuel="0.00" electricity="0.00" noise="73.68" route="routetop" type="cfm-slow" waiting="0.00" lane="left_0" pos="47.09" speed="32.31" angle="99.81" x="57.33" y="-4.65"/>
        <vehicle id="cfm-slow_4" eclass="HBEFA3/PC_G_EU4" CO2="0.00" CO="0.00" HC="0.00" NOx="0.00" PMx="0.00" fuel="0.00" electricity="0.00" noise="72.57" route="routebottom" type="cfm-slow" waiting="0.00" lane="bottom_0" pos="24.49" speed="30.82" angle="50.43" x="111.39" y="14.38"/>
        <vehicle id="cfm-slow_5" eclass="HBEFA3/PC_G_EU4" CO2="0.00" CO="0.00" HC="0.00" NOx="0.00" PMx="0.00" fuel="0.00" electricity="0.00" noise="71.30" route="routebottom" type="cfm-slow" waiting="0.00" lane="right_0" pos="0.22" speed="28.14" angle="4.07" x="132.26" y="64.23"/>
    </timestep>
    <timestep time="6.52">
        <vehicle id="cfm-fast_0" eclass="HBEFA3/PC_G_EU4" CO2="174946.00" CO="4267.72" HC="23.87" NOx="81.18" PMx="4.86" fuel="75.20" electricity="0.00" noise="125.15" route="routetop" type="cfm-fast" waiting="0.00" lane="top_1" pos="23.02" speed="63.30" angle="233.03" x="20.44" y="112.62"/>
        <vehicle id="cfm-fast_1" eclass="HBEFA3/PC_G_EU4" CO2="0.00" CO="0.00" HC="0.00" NOx="0.00" PMx="0.00" fuel="0.00" electricity="0.00" noise="70.54" route="routebottom" type="cfm-fast" waiting="0.00" lane="right_0" pos="23.51" speed="25.56" angle="322.16" x="114.38" y="109.85"/>
        <vehicle id="cfm-fast_2" eclass="HBEFA3/PC_G_EU4" CO2="139376.37" CO="3879.70" HC="21.25" NOx="64.27" PMx="4.08" fuel="59.91" electricity="0.00" noise="114.30" route="routetop" type="cfm-fast" waiting="0.00" lane="left_1" pos="28.37" speed="72.14" angle="133.45" x="22.62" y="12.87"/>
        <vehicle id="cfm-fast_3" eclass="HBEFA3/PC_G_EU4" CO2="9296.58" CO="119.88" HC="0.78" NOx="3.73" PMx="0.20" fuel="4.00" electricity="0.00" noise="72.75" route="routebottom" type="cfm-fast" waiting="0.00" lane="right_0" pos="40.05" speed="24.50" angle="292.50" x="84.83" y="128.93"/>
        <vehicle id="cfm-fast_4" eclass="HBEFA3/PC_G_EU4" CO2="0.00" CO="0.00" HC="0.00" NOx="0.00" PMx="0.00" fuel="0.00" electricity="0.00" noise="88.79" route="routebottom" type="cfm-fast" waiting="0.00" lane="bottom_1" pos="42.57" speed="77.17" angle="17.92" x="127.18" y="48.53"/>
        <vehicle id="cfm-fast_5" eclass="HBEFA3/PC_G_EU4" CO2="18769.82" CO="317.32" HC="1.91" NOx="8.19" PMx="0.45" fuel="8.07" electricity="0.00" noise="77.48" route="routetop" type="cfm-fast" waiting="0.00" lane="top_0" pos="5.67" speed="25.27" angle="264.25" x="51.44" y="131.17"/>
        <vehicle id="cfm-slow_0" eclass="HBEFA3/PC_G_EU4" CO2="23754.80" CO="429.38" HC="2.55" NOx="10.49" PMx="0.59" fuel="10.21" electricity="0.00" noise="80.19" route="routetop" type="cfm-slow" waiting="0.00" lane="top_0" pos="22.18" speed="27.44" angle="234.53" x="19.63" y="116.26"/>
        <vehicle id="cfm-slow_1" eclass="HBEFA3/PC_G_EU4" CO2="21694.42" CO="403.34" HC="2.38" NOx="9.46" PMx="0.54" fuel="9.33" electricity="0.00" noise="79.21" route="routetop" type="cfm-slow" waiting="0.00" lane="top_0" pos="44.92" speed="30.02" angle="193.75" x="-4.07" y="74.65"/>
        <vehicle id="cfm-slow_2" eclass="HBEFA3/PC_G_EU4" CO2="11128.78" CO="201.52" HC="1.20" NOx="4.44" PMx="0.27" fuel="4.78" electricity="0.00" noise="75.82" route="routetop" type="cfm-slow" waiting="0.00" lane="left_0" pos="20.25" speed="31.94" angle="147.99" x="8.49" y="22.90"/>
        <vehicle id="cfm-slow_3" eclass="HBEFA3/PC_G_EU4" CO2="0.00" CO="0.00" HC="0.00" NOx="0.00" PMx="0.00" fuel="0.00" electricity="0.00" noise="73.67" route="routetop" type="cfm-slow" waiting="0.00" lane="left_0" pos="47.42" speed="32.30" angle="99.25" x="58.02" y="-4.72"/>
        <vehicle id="cfm-slow_4" eclass="HBEFA3/PC_G_EU4" CO2="0.00" CO="0.00" HC="0.00" NOx="0.00" PMx="0.00" fuel="0.00" electricity="0.00" noise="72.56" route="routebottom" type="cfm-slow" waiting="0.00" lane="bottom_0" pos="24.80" speed="30.79" angle="49.86" x="111.86" y="14.85"/>
        <vehicle id="cfm-slow_5" eclass="HBEFA3/PC_G_EU4" CO2="0.00" CO="0.00" HC="0.00" NOx="0.00" PMx="0.00" fuel="0.00" electricity="0.00" noise="71.29" route="routebottom" type="cfm-slow" waiting="0.00" lane="right_0" pos="0.50" speed="28.11" angle="3.56" x="132.25" y="64.83"/>
    </timestep>
    <timestep time="6.53">
        <vehicle id="cfm-fast_0" eclass="HBEFA3/PC_G_EU4" CO2="174691.07" CO="4265.65" HC="23.85" NOx="81.05" PMx="4.86" fuel="75.09" electricity="0.00" noise="125.05" route="routetop" type="cfm-fast" waiting="0.00" lane="top_1" pos="23.65" speed="63.39" angle="231.90" x="19.48" y="111.74"/>
        <vehicle id="cfm-fast_1" eclass="HBEFA3/PC_G_EU4" CO2="0.00" CO="0.00" HC="0.00" NOx="0.00" PMx="0.00" fuel="0.00" electricity="0.00" noise="70.55" route="routebottom" type="cfm-fast" waiting="0.00" lane="right_0" pos="23.76" speed="25.55" angle="321.70" x="114.01" y="110.25"/>
        <vehicle id="cfm-fast_2" eclass="HBEFA3/PC_G_EU4" CO2="138212.59" CO="3858.10" HC="21.12" NOx="63.72" PMx="4.05" fuel="59.41" electricity="0.00" noise="114.02" route="routetop" type="cfm-fast" waiting="0.00" lane="left_1" pos="29.09" speed="72.20" angle="132.11" x="23.79" y="11.95"/>
        <vehicle id="cfm-fast_3" eclass="HBEFA3/PC_G_EU4" CO2="9378.82" CO="121.59" HC="0.79" NOx="3.77" PMx="0.20" fuel="4.03" electricity="0.00" noise="72.78" route="routebottom" type="cfm-fast" waiting="0.00" lane="right_0" pos="40.29" speed="24.51" angle="292.03" x="84.32" y="129.08"/>
        <vehicle id="cfm-fast_4" eclass="HBEFA3/PC_G_EU4" CO2="0.00" CO="0.00" HC="0.00" NOx="0.00" PMx="0.00" fuel="0.00" electricity="0.00" noise="88.75" route="routebottom" type="cfm-fast" waiting="0.00" lane="bottom_1" pos="43.34" speed="77.16" angle="16.56" x="127.54" y="50.07"/>
        <vehicle id="cfm-fast_5" eclass="HBEFA3/PC_G_EU4" CO2="18813.26" CO="318.29" HC="1.92" NOx="8.21" PMx="0.45" fuel="8.09" electricity="0.00" noise="77.50" route="routetop" type="cfm-fast" waiting="0.00" lane="top_0" pos="5.92" speed="25.29" angle="263.77" x="50.90" y="131.07"/>
        <vehicle id="cfm-slow_0" eclass="HBEFA3/PC_G_EU4" CO2="23739.25" CO="429.20" HC="2.55" NOx="10.48" PMx="0.59" fuel="10.20" electricity="0.00" noise="80.18" route="routetop" type="cfm-slow" waiting="0.00" lane="top_0" pos="22.46" speed="27.47" angle="234.02" x="19.18" y="115.88"/>
        <vehicle id="cfm-slow_1" eclass="HBEFA3/PC_G_EU4" CO2="21598.76" CO="401.52" HC="2.37" NOx="9.42" PMx="0.54" fuel="9.28" electricity="0.00" noise="79.16" route="routetop" type="cfm-slow" waiting="0.00" lane="top_0" pos="45.22" speed="30.04" angle="193.20" x="-4.16" y="74.01"/>
        <vehicle id="cfm-slow_2" eclass="HBEFA3/PC_G_EU4" CO2="10977.62" CO="198.46" HC="1.18" NOx="4.36" PMx="0.27" fuel="4.72" electricity="0.00" noise="75.79" route="routetop" type="cfm-slow" waiting="0.00" lane="left_0" pos="20.57" speed="31.94" angle="147.46" x="8.89" y="22.34"/>
        <vehicle id="cfm-slow_3" eclass="HBEFA3/PC_G_EU4" CO2="0.00" CO="0.00" HC="0.00" NOx="0.00" PMx="0.00" fuel="0.00" electricity="0.00" noise="73.66" route="routetop" type="cfm-slow" waiting="0.00" lane="left_0" pos="47.74" speed="32.28" angle="98.66" x="58.71" y="-4.76"/>
        <vehicle id="cfm-slow_4" eclass="HBEFA3/PC_G_EU4" CO2="0.00" CO="0.00" HC="0.00" NOx="0.00" PMx="0.00" fuel="0.00" electricity="0.00" noise="72.55" route="routebottom" type="cfm-slow" waiting="0.00" lane="bottom_0" pos="25.10" speed="30.77" angle="49.29" x="112.33" y="15.32"/>
        <vehicle id="cfm-slow_5" eclass="HBEFA3/PC_G_EU4" CO2="0.00" CO="0.00" HC="0.00" NOx="0.00" PMx="0.00" fuel="0.00" electricity="0.00" noise="71.28" route="routebottom" type="cfm-slow" waiting="0.00" lane="right_0" pos="0.78" speed="28.09" angle="3.06" x="132.24" y="65.44"/>
    </timestep>
    <timestep time="6.54">
        <vehicle id="cfm-fast_0" eclass="HBEFA3/PC_G_EU4" CO2="174427.96" CO="4263.40" HC="23.84" NOx="80.93" PMx="4.85" fuel="74.98" electricity="0.00" noise="124.94" route="routetop" type="cfm-fast" waiting="0.00" lane="top_1" pos="24.29" speed="63.48" angle="230.76" x="18.53" y="110.86"/>
        <vehicle id="cfm-fast_1" eclass="HBEFA3/PC_G_EU4" CO2="0.00" CO="0.00" HC="0.00" NOx="0.00" PMx="0.00" fuel="0.00" electricity="0.00" noise="70.56" route="routebottom" type="cfm-fast" waiting="0.00" lane="right_0" pos="24.02" speed="25.54" angle="321.24" x="113.64" y="110.65"/>
        <vehicle id="cfm-fast_2" eclass="HBEFA3/PC_G_EU4" CO2="137053.83" CO="3836.57" HC="21.00" NOx="63.17" PMx="4.02" fuel="58.91" electricity="0.00" noise="113.75" route="routetop" type="cfm-fast" waiting="0.00" lane="left_1" pos="29.82" speed="72.25" angle="130.83" x="24.97" y="11.06"/>
        <vehicle id="cfm-fast_3" eclass="HBEFA3/PC_G_EU4" CO2="9460.77" CO="123.30" HC="0.80" NOx="3.81" PMx="0.20" fuel="4.07" electricity="0.00" noise="72.82" route="routebottom" type="cfm-fast" waiting="0.00" lane="right_0" pos="40.54" speed="24.51" angle="291.57" x="83.82" y="129.24"/>
        <vehicle id="cfm-fast_4" eclass="HBEFA3/PC_G_EU4" CO2="0.00" CO="0.00" HC="0.00" NOx="0.00" PMx="0.00" fuel="0.00" electricity="0.00" noise="88.70" route="routebottom" type="cfm-fast" waiting="0.00" lane="bottom_1" pos="44.11" speed="77.14" angle="15.16" x="127.85" y="51.62"/>
        <vehicle id="cfm-fast_5" eclass="HBEFA3/PC_G_EU4" CO2="18856.23" CO="319.25" HC="1.92" NOx="8.23" PMx="0.45" fuel="8.11" electricity="0.00" noise="77.53" route="routetop" type="cfm-fast" waiting="0.00" lane="top_0" pos="6.18" speed="25.31" angle="263.30" x="50.37" y="130.97"/>
        <vehicle id="cfm-slow_0" eclass="HBEFA3/PC_G_EU4" CO2="23722.99" CO="429.00" HC="2.55" NOx="10.48" PMx="0.58" fuel="10.20" electricity="0.00" noise="80.17" route="routetop" type="cfm-slow" waiting="0.00" lane="top_0" pos="22.73" speed="27.49" angle="233.50" x="18.72" y="115.50"/>
        <vehicle id="cfm-slow_1" eclass="HBEFA3/PC_G_EU4" CO2="21502.53" CO="399.69" HC="2.36" NOx="9.37" PMx="0.54" fuel="9.24" electricity="0.00" noise="79.12" route="routetop" type="cfm-slow" waiting="0.00" lane="top_0" pos="45.52" speed="30.06" angle="192.65" x="-4.25" y="73.37"/>
        <vehicle id="cfm-slow_2" eclass="HBEFA3/PC_G_EU4" CO2="10826.73" CO="195.40" HC="1.17" NOx="4.29" PMx="0.27" fuel="4.65" electricity="0.00" noise="75.75" route="routetop" type="cfm-slow" waiting="0.00" lane="left_0" pos="20.89" speed="31.95" angle="146.87" x="9.32" y="21.80"/>
        <vehicle id="cfm-slow_3" eclass="HBEFA3/PC_G_EU4" CO2="0.00" CO="0.00" HC="0.00" NOx="0.00" PMx="0.00" fuel="0.00" electricity="0.00" noise="73.64" route="routetop" type="cfm-slow" waiting="0.00" lane="left_0" pos="48.06" speed="32.27" angle="98.04" x="59.40" y="-4.80"/>
        <vehicle id="cfm-slow_4" eclass="HBEFA3/PC_G_EU4" CO2="0.00" CO="0.00" HC="0.00" NOx="0.00" PMx="0.00" fuel="0.00" electricity="0.00" noise="72.54" route="routebottom" type="cfm-slow" waiting="0.00" lane="bottom_0" pos="25.41" speed="30.74" angle="48.72" x="112.79" y="15.78"/>
        <vehicle id="cfm-slow_5" eclass="HBEFA3/PC_G_EU4" CO2="0.00" CO="0.00" HC="0.00" NOx="0.00" PMx="0.00" fuel="0.00" electricity="0.00" noise="71.27" route="routebottom" type="cfm-slow" waiting="0.00" lane="right_0" pos="1.06" speed="28.07" angle="2.55" x="132.23" y="66.04"/>
    </timestep>
    <timestep time="6.55">
        <vehicle id="cfm-fast_0" eclass="HBEFA3/PC_G_EU4" CO2="174156.76" CO="4260.98" HC="23.82" NOx="80.80" PMx="4.84" fuel="74.86" electricity="0.00" noise="124.84" route="routetop" type="cfm-fast" waiting="0.00" lane="top_1" pos="24.92" speed="63.56" angle="229.65" x="17.60" y="109.94"/>
        <vehicle id="cfm-fast_1" eclass="HBEFA3/PC_G_EU4" CO2="0.00" CO="0.00" HC="0.00" NOx="0.00" PMx="0.00" fuel="0.00" electricity="0.00" noise="70.57" route="routebottom" type="cfm-fast" waiting="0.00" lane="right_0" pos="24.28" speed="25.53" angle="320.80" x="113.26" y="111.06"/>
        <vehicle id="cfm-fast_2" eclass="HBEFA3/PC_G_EU4" CO2="135900.26" CO="3815.12" HC="20.87" NOx="62.63" PMx="3.99" fuel="58.42" electricity="0.00" noise="113.47" route="routetop" type="cfm-fast" waiting="0.00" lane="left_1" pos="30.54" speed="72.31" angle="129.49" x="26.17" y="10.20"/>
        <vehicle id="cfm-fast_3" eclass="HBEFA3/PC_G_EU4" CO2="9542.41" CO="125.01" HC="0.81" NOx="3.85" PMx="0.21" fuel="4.10" electricity="0.00" noise="72.85" route="routebottom" type="cfm-fast" waiting="0.00" lane="right_0" pos="40.78" speed="24.52" angle="291.10" x="83.31" y="129.39"/>
        <vehicle id="cfm-fast_4" eclass="HBEFA3/PC_G_EU4" CO2="0.00" CO="0.00" HC="0.00" NOx="0.00" PMx="0.00" fuel="0.00" electricity="0.00" noise="88.67" route="routebottom" type="cfm-fast" waiting="0.00" lane="bottom_1" pos="44.88" speed="77.13" angle="13.73" x="128.13" y="53.18"/>
        <vehicle id="cfm-fast_5" eclass="HBEFA3/PC_G_EU4" CO2="18898.73" CO="320.21" HC="1.93" NOx="8.25" PMx="0.45" fuel="8.12" electricity="0.00" noise="77.55" route="routetop" type="cfm-fast" waiting="0.00" lane="top_0" pos="6.43" speed="25.34" angle="262.89" x="49.83" y="130.87"/>
        <vehicle id="cfm-slow_0" eclass="HBEFA3/PC_G_EU4" CO2="23706.02" CO="428.79" HC="2.54" NOx="10.47" PMx="0.58" fuel="10.19" electricity="0.00" noise="80.16" route="routetop" type="cfm-slow" waiting="0.00" lane="top_0" pos="23.01" speed="27.52" angle="233.03" x="18.27" y="115.12"/>
        <vehicle id="cfm-slow_1" eclass="HBEFA3/PC_G_EU4" CO2="21405.72" CO="397.84" HC="2.35" NOx="9.33" PMx="0.53" fuel="9.20" electricity="0.00" noise="79.08" route="routetop" type="cfm-slow" waiting="0.00" lane="top_0" pos="45.82" speed="30.08" angle="192.09" x="-4.34" y="72.73"/>
        <vehicle id="cfm-slow_2" eclass="HBEFA3/PC_G_EU4" CO2="10676.10" CO="192.34" HC="1.15" NOx="4.22" PMx="0.26" fuel="4.59" electricity="0.00" noise="75.71" route="routetop" type="cfm-slow" waiting="0.00" lane="left_0" pos="21.21" speed="31.95" angle="146.28" x="9.74" y="21.26"/>
        <vehicle id="cfm-slow_3" eclass="HBEFA3/PC_G_EU4" CO2="0.00" CO="0.00" HC="0.00" NOx="0.00" PMx="0.00" fuel="0.00" electricity="0.00" noise="73.63" route="routetop" type="cfm-slow" waiting="0.00" lane="left_0" pos="48.39" speed="32.26" angle="97.42" x="60.10" y="-4.84"/>
        <vehicle id="cfm-slow_4" eclass="HBEFA3/PC_G_EU4" CO2="0.00" CO="0.00" HC="0.00" NOx="0.00" PMx="0.00" fuel="0.00" electricity="0.00" noise="72.53" route="routebottom" type="cfm-slow" waiting="0.00" lane="bottom_0" pos="25.72" speed="30.72" angle="48.21" x="113.26" y="16.26"/>
        <vehicle id="cfm-slow_5" eclass="HBEFA3/PC_G_EU4" CO2="0.00" CO="0.00" HC="0.00" NOx="0.00" PMx="0.00" fuel="0.00" electricity="0.00" noise="71.26" route="routebottom" type="cfm-slow" waiting="0.00" lane="right_0" pos="1.34" speed="28.04" angle="2.07" x="132.21" y="66.64"/>
    </timestep>
    <timestep time="6.56">
        <vehicle id="cfm-fast_0" eclass="HBEFA3/PC_G_EU4" CO2="173877.55" CO="4258.39" HC="23.80" NOx="80.67" PMx="4.84" fuel="74.74" electricity="0.00" noise="124.73" route="routetop" type="cfm-fast" waiting="0.00" lane="top_1" pos="25.56" speed="63.65" angle="228.53" x="16.67" y="109.02"/>
        <vehicle id="cfm-fast_1" eclass="HBEFA3/PC_G_EU4" CO2="0.00" CO="0.00" HC="0.00" NOx="0.00" PMx="0.00" fuel="0.00" electricity="0.00" noise="70.57" route="routebottom" type="cfm-fast" waiting="0.00" lane="right_0" pos="24.53" speed="25.52" angle="320.36" x="112.88" y="111.45"/>
        <vehicle id="cfm-fast_2" eclass="HBEFA3/PC_G_EU4" CO2="134752.03" CO="3793.76" HC="20.74" NOx="62.09" PMx="3.96" fuel="57.92" electricity="0.00" noise="113.20" route="routetop" type="cfm-fast" waiting="0.00" lane="left_1" pos="31.26" speed="72.36" angle="128.23" x="27.40" y="9.36"/>
        <vehicle id="cfm-fast_3" eclass="HBEFA3/PC_G_EU4" CO2="9623.76" CO="126.71" HC="0.82" NOx="3.89" PMx="0.21" fuel="4.14" electricity="0.00" noise="72.89" route="routebottom" type="cfm-fast" waiting="0.00" lane="right_0" pos="41.03" speed="24.53" angle="290.69" x="82.81" y="129.55"/>
        <vehicle id="cfm-fast_4" eclass="HBEFA3/PC_G_EU4" CO2="0.00" CO="0.00" HC="0.00" NOx="0.00" PMx="0.00" fuel="0.00" electricity="0.00" noise="88.63" route="routebottom" type="cfm-fast" waiting="0.00" lane="bottom_1" pos="45.65" speed="77.11" angle="12.32" x="128.35" y="54.75"/>
        <vehicle id="cfm-fast_5" eclass="HBEFA3/PC_G_EU4" CO2="18940.77" CO="321.15" HC="1.93" NOx="8.27" PMx="0.45" fuel="8.14" electricity="0.00" noise="77.58" route="routetop" type="cfm-fast" waiting="0.00" lane="top_0" pos="6.68" speed="25.36" angle="262.41" x="49.30" y="130.75"/>
        <vehicle id="cfm-slow_0" eclass="HBEFA3/PC_G_EU4" CO2="23688.35" CO="428.57" HC="2.54" NOx="10.46" PMx="0.58" fuel="10.18" electricity="0.00" noise="80.15" route="routetop" type="cfm-slow" waiting="0.00" lane="top_0" pos="23.28" speed="27.54" angle="232.57" x="17.83" y="114.72"/>
        <vehicle id="cfm-slow_1" eclass="HBEFA3/PC_G_EU4" CO2="21308.35" CO="395.98" HC="2.34" NOx="9.28" PMx="0.53" fuel="9.16" electricity="0.00" noise="79.04" route="routetop" type="cfm-slow" waiting="0.00" lane="top_0" pos="46.12" speed="30.10" angle="191.56" x="-4.43" y="72.08"/>
        <vehicle id="cfm-slow_2" eclass="HBEFA3/PC_G_EU4" CO2="10525.75" CO="189.29" HC="1.13" NOx="4.15" PMx="0.26" fuel="4.52" electricity="0.00" noise="75.68" route="routetop" type="cfm-slow" waiting="0.00" lane="left_0" pos="21.53" speed="31.96" angle="145.70" x="10.17" y="20.72"/>
        <vehicle id="cfm-slow_3" eclass="HBEFA3/PC_G_EU4" CO2="0.00" CO="0.00" HC="0.00" NOx="0.00" PMx="0.00" fuel="0.00" electricity="0.00" noise="73.62" route="routetop" type="cfm-slow" waiting="0.00" lane="left_0" pos="48.71" speed="32.25" angle="96.84" x="60.79" y="-4.88"/>
        <vehicle id="cfm-slow_4" eclass="HBEFA3/PC_G_EU4" CO2="0.00" CO="0.00" HC="0.00" NOx="0.00" PMx="0.00" fuel="0.00" electricity="0.00" noise="72.52" route="routebottom" type="cfm-slow" waiting="0.00" lane="bottom_0" pos="26.02" speed="30.69" angle="47.65" x="113.71" y="16.74"/>
        <vehicle id="cfm-slow_5" eclass="HBEFA3/PC_G_EU4" CO2="0.00" CO="0.00" HC="0.00" NOx="0.00" PMx="0.00" fuel="0.00" electricity="0.00" noise="71.25" route="routebottom" type="cfm-slow" waiting="0.00" lane="right_0" pos="1.62" speed="28.02" angle="1.56" x="132.17" y="67.25"/>
    </timestep>
    <timestep time="6.57">
        <vehicle id="cfm-fast_0" eclass="HBEFA3/PC_G_EU4" CO2="173590.44" CO="4255.63" HC="23.78" NOx="80.53" PMx="4.83" fuel="74.62" electricity="0.00" noise="124.62" route="routetop" type="cfm-fast" waiting="0.00" lane="top_1" pos="26.20" speed="63.74" angle="227.39" x="15.78" y="108.07"/>
        <vehicle id="cfm-fast_1" eclass="HBEFA3/PC_G_EU4" CO2="0.00" CO="0.00" HC="0.00" NOx="0.00" PMx="0.00" fuel="0.00" electricity="0.00" noise="70.58" route="routebottom" type="cfm-fast" waiting="0.00" lane="right_0" pos="24.79" speed="25.51" angle="319.88" x="112.49" y="111.84"/>
        <vehicle id="cfm-fast_2" eclass="HBEFA3/PC_G_EU4" CO2="133609.30" CO="3772.48" HC="20.62" NOx="61.55" PMx="3.93" fuel="57.43" electricity="0.00" noise="112.93" route="routetop" type="cfm-fast" waiting="0.00" lane="left_1" pos="31.99" speed="72.41" angle="126.96" x="28.64" y="8.54"/>
        <vehicle id="cfm-fast_3" eclass="HBEFA3/PC_G_EU4" CO2="9704.81" CO="128.40" HC="0.83" NOx="3.93" PMx="0.21" fuel="4.17" electricity="0.00" noise="72.92" route="routebottom" type="cfm-fast" waiting="0.00" lane="right_0" pos="41.27" speed="24.54" angle="290.26" x="82.30" y="129.69"/>
        <vehicle id="cfm-fast_4" eclass="HBEFA3/PC_G_EU4" CO2="0.00" CO="0.00" HC="0.00" NOx="0.00" PMx="0.00" fuel="0.00" electricity="0.00" noise="88.59" route="routebottom" type="cfm-fast" waiting="0.00" lane="bottom_1" pos="46.42" speed="77.10" angle="10.98" x="128.55" y="56.31"/>
        <vehicle id="cfm-fast_5" eclass="HBEFA3/PC_G_EU4" CO2="18982.33" CO="322.08" HC="1.94" NOx="8.29" PMx="0.45" fuel="8.16" electricity="0.00" noise="77.60" route="routetop" type="cfm-fast" waiting="0.00" lane="top_0" pos="6.94" speed="25.38" angle="261.93" x="48.77" y="130.63"/>
        <vehicle id="cfm-slow_0" eclass="HBEFA3/PC_G_EU4" CO2="23669.97" CO="428.33" HC="2.54" NOx="10.45" PMx="0.58" fuel="10.17" electricity="0.00" noise="80.14" route="routetop" type="cfm-slow" waiting="0.00" lane="top_0" pos="23.56" speed="27.57" angle="232.07" x="17.40" y="114.31"/>
        <vehicle id="cfm-slow_1" eclass="HBEFA3/PC_G_EU4" CO2="21210.41" CO="394.11" HC="2.33" NOx="9.23" PMx="0.53" fuel="9.12" electricity="0.00" noise="79.00" route="routetop" type="cfm-slow" waiting="0.00" lane="top_0" pos="46.42" speed="30.12" angle="191.04" x="-4.50" y="71.44"/>
        <vehicle id="cfm-slow_2" eclass="HBEFA3/PC_G_EU4" CO2="10375.69" CO="186.24" HC="1.11" NOx="4.08" PMx="0.25" fuel="4.46" electricity="0.00" noise="75.64" route="routetop" type="cfm-slow" waiting="0.00" lane="left_0" pos="21.84" speed="31.96" angle="145.16" x="10.59" y="20.18"/>
        <vehicle id="cfm-slow_3" eclass="HBEFA3/PC_G_EU4" CO2="0.00" CO="0.00" HC="0.00" NOx="0.00" PMx="0.00" fuel="0.00" electricity="0.00" noise="73.60" route="routetop" type="cfm-slow" waiting="0.00" lane="left_0" pos="49.03" speed="32.23" angle="96.28" x="61.48" y="-4.90"/>
        <vehicle id="cfm-slow_4" eclass="HBEFA3/PC_G_EU4" CO2="0.00" CO="0.00" HC="0.00" NOx="0.00" PMx="0.00" fuel="0.00" electricity="0.00" noise="72.50" route="routebottom" type="cfm-slow" waiting="0.00" lane="bottom_0" pos="26.33" speed="30.67" angle="47.09" x="114.15" y="17.23"/>
        <vehicle id="cfm-slow_5" eclass="HBEFA3/PC_G_EU4" CO2="0.00" CO="0.00" HC="0.00" NOx="0.00" PMx="0.00" fuel="0.00" electricity="0.00" noise="71.24" route="routebottom" type="cfm-slow" waiting="0.00" lane="right_0" pos="1.90" speed="27.99" angle="1.06" x="132.14" y="67.85"/>
    </timestep>
    <timestep time="6.58">
        <vehicle id="cfm-fast_0" eclass="HBEFA3/PC_G_EU4" CO2="173295.52" CO="4252.71" HC="23.76" NOx="80.39" PMx="4.83" fuel="74.49" electricity="0.00" noise="124.51" route="routetop" type="cfm-fast" waiting="0.00" lane="top_1" pos="26.84" speed="63.83" angle="226.22" x="14.89" y="107.10"/>
        <vehicle id="cfm-fast_1" eclass="HBEFA3/PC_G_EU4" CO2="0.00" CO="0.00" HC="0.00" NOx="0.00" PMx="0.00" fuel="0.00" electricity="0.00" noise="70.59" route="routebottom" type="cfm-fast" waiting="0.00" lane="right_0" pos="25.04" speed="25.50" angle="319.41" x="112.10" y="112.23"/>
        <vehicle id="cfm-fast_2" eclass="HBEFA3/PC_G_EU4" CO2="132472.23" CO="3751.30" HC="20.50" NOx="61.01" PMx="3.90" fuel="56.94" electricity="0.00" noise="112.66" route="routetop" type="cfm-fast" waiting="0.00" lane="left_1" pos="32.71" speed="72.46" angle="125.64" x="29.91" y="7.76"/>
        <vehicle id="cfm-fast_3" eclass="HBEFA3/PC_G_EU4" CO2="9785.55" CO="130.09" HC="0.84" NOx="3.96" PMx="0.21" fuel="4.21" electricity="0.00" noise="72.96" route="routebottom" type="cfm-fast" waiting="0.00" lane="right_0" pos="41.52" speed="24.55" angle="289.81" x="81.79" y="129.82"/>
        <vehicle id="cfm-fast_4" eclass="HBEFA3/PC_G_EU4" CO2="0.00" CO="0.00" HC="0.00" NOx="0.00" PMx="0.00" fuel="0.00" electricity="0.00" noise="88.56" route="routebottom" type="cfm-fast" waiting="0.00" lane="bottom_1" pos="47.19" speed="77.08" angle="9.61" x="128.72" y="57.89"/>
        <vehicle id="cfm-fast_5" eclass="HBEFA3/PC_G_EU4" CO2="19023.42" CO="323.01" HC="1.94" NOx="8.30" PMx="0.46" fuel="8.18" electricity="0.00" noise="77.62" route="routetop" type="cfm-fast" waiting="0.00" lane="top_0" pos="7.19" speed="25.40" angle="261.46" x="48.23" y="130.50"/>
        <vehicle id="cfm-slow_0" eclass="HBEFA3/PC_G_EU4" CO2="23650.88" CO="428.07" HC="2.54" NOx="10.44" PMx="0.58" fuel="10.17" electricity="0.00" noise="80.13" route="routetop" type="cfm-slow" waiting="0.00" lane="top_0" pos="23.83" speed="27.60" angle="231.58" x="16.96" y="113.91"/>
        <vehicle id="cfm-slow_1" eclass="HBEFA3/PC_G_EU4" CO2="21111.92" CO="392.23" HC="2.32" NOx="9.19" PMx="0.53" fuel="9.07" electricity="0.00" noise="78.95" route="routetop" type="cfm-slow" waiting="0.00" lane="top_0" pos="46.72" speed="30.14" angle="190.49" x="-4.57" y="70.80"/>
        <vehicle id="cfm-slow_2" eclass="HBEFA3/PC_G_EU4" CO2="10225.92" CO="183.20" HC="1.10" NOx="4.01" PMx="0.25" fuel="4.40" electricity="0.00" noise="75.61" route="routetop" type="cfm-slow" waiting="0.00" lane="left_0" pos="22.16" speed="31.97" angle="144.57" x="11.04" y="19.66"/>
        <vehicle id="cfm-slow_3" eclass="HBEFA3/PC_G_EU4" CO2="0.00" CO="0.00" HC="0.00" NOx="0.00" PMx="0.00" fuel="0.00" electricity="0.00" noise="73.59" route="routetop" type="cfm-slow" waiting="0.00" lane="left_0" pos="49.35" speed="32.22" angle="95.69" x="62.18" y="-4.92"/>
        <vehicle id="cfm-slow_4" eclass="HBEFA3/PC_G_EU4" CO2="0.00" CO="0.00" HC="0.00" NOx="0.00" PMx="0.00" fuel="0.00" electricity="0.00" noise="72.49" route="routebottom" type="cfm-slow" waiting="0.00" lane="bottom_0" pos="26.64" speed="30.64" angle="46.53" x="114.60" y="17.71"/>
        <vehicle id="cfm-slow_5" eclass="HBEFA3/PC_G_EU4" CO2="0.00" CO="0.00" HC="0.00" NOx="0.00" PMx="0.00" fuel="0.00" electricity="0.00" noise="71.23" route="routebottom" type="cfm-slow" waiting="0.00" lane="right_0" pos="2.18" speed="27.97" angle="0.56" x="132.10" y="68.45"/>
    </timestep>
    <timestep time="6.59">
        <vehicle id="cfm-fast_0" eclass="HBEFA3/PC_G_EU4" CO2="172992.89" CO="4249.62" HC="23.74" NOx="80.25" PMx="4.82" fuel="74.36" electricity="0.00" noise="124.40" route="routetop" type="cfm-fast" waiting="0.00" lane="top_1" pos="27.48" speed="63.92" angle="225.04" x="14.04" y="106.11"/>
        <vehicle id="cfm-fast_1" eclass="HBEFA3/PC_G_EU4" CO2="0.00" CO="0.00" HC="0.00" NOx="0.00" PMx="0.00" fuel="0.00" electricity="0.00" noise="70.60" route="routebottom" type="cfm-fast" waiting="0.00" lane="right_0" pos="25.30" speed="25.49" angle="318.94" x="111.72" y="112.61"/>
        <vehicle id="cfm-fast_2" eclass="HBEFA3/PC_G_EU4" CO2="131340.94" CO="3730.20" HC="20.37" NOx="60.48" PMx="3.88" fuel="56.46" electricity="0.00" noise="112.40" route="routetop" type="cfm-fast" waiting="0.00" lane="left_1" pos="33.44" speed="72.52" angle="124.35" x="31.18" y="7.00"/>
        <vehicle id="cfm-fast_3" eclass="HBEFA3/PC_G_EU4" CO2="9865.98" CO="131.77" HC="0.84" NOx="4.00" PMx="0.21" fuel="4.24" electricity="0.00" noise="72.99" route="routebottom" type="cfm-fast" waiting="0.00" lane="right_0" pos="41.76" speed="24.56" angle="289.37" x="81.28" y="129.96"/>
        <vehicle id="cfm-fast_4" eclass="HBEFA3/PC_G_EU4" CO2="0.00" CO="0.00" HC="0.00" NOx="0.00" PMx="0.00" fuel="0.00" electricity="0.00" noise="88.53" route="routebottom" type="cfm-fast" waiting="0.00" lane="bottom_1" pos="47.97" speed="77.07" angle="8.21" x="128.83" y="59.46"/>
        <vehicle id="cfm-fast_5" eclass="HBEFA3/PC_G_EU4" CO2="19064.03" CO="323.92" HC="1.95" NOx="8.32" PMx="0.46" fuel="8.19" electricity="0.00" noise="77.65" route="routetop" type="cfm-fast" waiting="0.00" lane="top_0" pos="7.44" speed="25.42" angle="260.98" x="47.70" y="130.38"/>
        <vehicle id="cfm-slow_0" eclass="HBEFA3/PC_G_EU4" CO2="23631.08" CO="427.80" HC="2.54" NOx="10.43" PMx="0.58" fuel="10.16" electricity="0.00" noise="80.12" route="routetop" type="cfm-slow" waiting="0.00" lane="top_0" pos="24.11" speed="27.62" angle="231.08" x="16.53" y="113.51"/>
        <vehicle id="cfm-slow_1" eclass="HBEFA3/PC_G_EU4" CO2="21012.89" CO="390.34" HC="2.31" NOx="9.14" PMx="0.52" fuel="9.03" electricity="0.00" noise="78.91" route="routetop" type="cfm-slow" waiting="0.00" lane="top_0" pos="47.03" speed="30.16" angle="189.93" x="-4.63" y="70.15"/>
        <vehicle id="cfm-slow_2" eclass="HBEFA3/PC_G_EU4" CO2="10076.46" CO="180.16" HC="1.08" NOx="3.94" PMx="0.25" fuel="4.33" electricity="0.00" noise="75.57" route="routetop" type="cfm-slow" waiting="0.00" lane="left_0" pos="22.48" speed="31.97" angle="143.97" x="11.49" y="19.13"/>
        <vehicle id="cfm-slow_3" eclass="HBEFA3/PC_G_EU4" CO2="0.00" CO="0.00" HC="0.00" NOx="0.00" PMx="0.00" fuel="0.00" electricity="0.00" noise="73.58" route="routetop" type="cfm-slow" waiting="0.00" lane="left_0" pos="49.67" speed="32.20" angle="95.10" x="62.87" y="-4.93"/>
        <vehicle id="cfm-slow_4" eclass="HBEFA3/PC_G_EU4" CO2="0.00" CO="0.00" HC="0.00" NOx="0.00" PMx="0.00" fuel="0.00" electricity="0.00" noise="72.48" route="routebottom" type="cfm-slow" waiting="0.00" lane="bottom_0" pos="26.94" speed="30.62" angle="46.04" x="115.05" y="18.19"/>
        <vehicle id="cfm-slow_5" eclass="HBEFA3/PC_G_EU4" CO2="0.00" CO="0.00" HC="0.00" NOx="0.00" PMx="0.00" fuel="0.00" electricity="0.00" noise="71.22" route="routebottom" type="cfm-slow" waiting="0.00" lane="right_0" pos="2.46" speed="27.95" angle="0.06" x="132.07" y="69.05"/>
    </timestep>
    <timestep time="6.60">
        <vehicle id="cfm-fast_0" eclass="HBEFA3/PC_G_EU4" CO2="172682.63" CO="4246.37" HC="23.72" NOx="80.10" PMx="4.81" fuel="74.23" electricity="0.00" noise="124.29" route="routetop" type="cfm-fast" waiting="0.00" lane="top_1" pos="28.12" speed="64.01" angle="223.85" x="13.19" y="105.11"/>
        <vehicle id="cfm-fast_1" eclass="HBEFA3/PC_G_EU4" CO2="0.00" CO="0.00" HC="0.00" NOx="0.00" PMx="0.00" fuel="0.00" electricity="0.00" noise="70.60" route="routebottom" type="cfm-fast" waiting="0.00" lane="right_0" pos="25.55" speed="25.49" angle="318.48" x="111.33" y="113.00"/>
        <vehicle id="cfm-fast_2" eclass="HBEFA3/PC_G_EU4" CO2="130215.59" CO="3709.21" HC="20.25" NOx="59.94" PMx="3.85" fuel="55.97" electricity="0.00" noise="112.13" route="routetop" type="cfm-fast" waiting="0.00" lane="left_1" pos="34.16" speed="72.57" angle="123.04" x="32.48" y="6.28"/>
        <vehicle id="cfm-fast_3" eclass="HBEFA3/PC_G_EU4" CO2="9946.11" CO="133.44" HC="0.85" NOx="4.04" PMx="0.22" fuel="4.28" electricity="0.00" noise="73.03" route="routebottom" type="cfm-fast" waiting="0.00" lane="right_0" pos="42.01" speed="24.57" angle="288.92" x="80.77" y="130.10"/>
        <vehicle id="cfm-fast_4" eclass="HBEFA3/PC_G_EU4" CO2="0.00" CO="0.00" HC="0.00" NOx="0.00" PMx="0.00" fuel="0.00" electricity="0.00" noise="88.50" route="routebottom" type="cfm-fast" waiting="0.00" lane="bottom_1" pos="48.74" speed="77.05" angle="6.79" x="128.92" y="61.04"/>
        <vehicle id="cfm-fast_5" eclass="HBEFA3/PC_G_EU4" CO2="19104.16" CO="324.83" HC="1.95" NOx="8.34" PMx="0.46" fuel="8.21" electricity="0.00" noise="77.67" route="routetop" type="cfm-fast" waiting="0.00" lane="top_0" pos="7.70" speed="25.45" angle="260.57" x="47.17" y="130.26"/>
        <vehicle id="cfm-slow_0" eclass="HBEFA3/PC_G_EU4" CO2="23610.58" CO="427.52" HC="2.54" NOx="10.42" PMx="0.58" fuel="10.15" electricity="0.00" noise="80.10" route="routetop" type="cfm-slow" waiting="0.00" lane="top_0" pos="24.39" speed="27.65" angle="230.63" x="16.09" y="113.10"/>
        <vehicle id="cfm-slow_1" eclass="HBEFA3/PC_G_EU4" CO2="20913.32" CO="388.43" HC="2.29" NOx="9.09" PMx="0.52" fuel="8.99" electricity="0.00" noise="78.87" route="routetop" type="cfm-slow" waiting="0.00" lane="top_0" pos="47.33" speed="30.18" angle="189.38" x="-4.70" y="69.50"/>
        <vehicle id="cfm-slow_2" eclass="HBEFA3/PC_G_EU4" CO2="9927.31" CO="177.13" HC="1.06" NOx="3.87" PMx="0.24" fuel="4.27" electricity="0.00" noise="75.54" route="routetop" type="cfm-slow" waiting="0.00" lane="left_0" pos="22.80" speed="31.98" angle="143.37" x="11.93" y="18.61"/>
        <vehicle id="cfm-slow_3" eclass="HBEFA3/PC_G_EU4" CO2="0.00" CO="0.00" HC="0.00" NOx="0.00" PMx="0.00" fuel="0.00" electricity="0.00" noise="73.56" route="routetop" type="cfm-slow" waiting="0.00" lane="left_0" pos="50.00" speed="32.19" angle="94.56" x="63.56" y="-4.95"/>
        <vehicle id="cfm-slow_4" eclass="HBEFA3/PC_G_EU4" CO2="0.00" CO="0.00" HC="0.00" NOx="0.00" PMx="0.00" fuel="0.00" electricity="0.00" noise="72.47" route="routebottom" type="cfm-slow" waiting="0.00" lane="bottom_0" pos="27.25" speed="30.59" angle="45.47" x="115.47" y="18.70"/>
        <vehicle id="cfm-slow_5" eclass="HBEFA3/PC_G_EU4" CO2="0.00" CO="0.00" HC="0.00" NOx="0.00" PMx="0.00" fuel="0.00" electricity="0.00" noise="71.21" route="routebottom" type="cfm-slow" waiting="0.00" lane="right_0" pos="2.74" speed="27.92" angle="359.58" x="132.01" y="69.65"/>
    </timestep>
    <timestep time="6.61">
        <vehicle id="cfm-fast_0" eclass="HBEFA3/PC_G_EU4" CO2="172364.85" CO="4242.95" HC="23.69" NOx="79.95" PMx="4.81" fuel="74.09" electricity="0.00" noise="124.18" route="routetop" type="cfm-fast" waiting="0.00" lane="top_1" pos="28.76" speed="64.09" angle="222.72" x="12.38" y="104.08"/>
        <vehicle id="cfm-fast_1" eclass="HBEFA3/PC_G_EU4" CO2="0.00" CO="0.00" HC="0.00" NOx="0.00" PMx="0.00" fuel="0.00" electricity="0.00" noise="70.61" route="routebottom" type="cfm-fast" waiting="0.00" lane="right_0" pos="25.81" speed="25.48" angle="318.06" x="110.93" y="113.38"/>
        <vehicle id="cfm-fast_2" eclass="HBEFA3/PC_G_EU4" CO2="129096.30" CO="3688.31" HC="20.12" NOx="59.41" PMx="3.82" fuel="55.49" electricity="0.00" noise="111.87" route="routetop" type="cfm-fast" waiting="0.00" lane="left_1" pos="34.89" speed="72.62" angle="121.78" x="33.80" y="5.58"/>
        <vehicle id="cfm-fast_3" eclass="HBEFA3/PC_G_EU4" CO2="10025.93" CO="135.11" HC="0.86" NOx="4.08" PMx="0.22" fuel="4.31" electricity="0.00" noise="73.06" route="routebottom" type="cfm-fast" waiting="0.00" lane="right_0" pos="42.25" speed="24.58" angle="288.49" x="80.26" y="130.23"/>
        <vehicle id="cfm-fast_4" eclass="HBEFA3/PC_G_EU4" CO2="0.00" CO="0.00" HC="0.00" NOx="0.00" PMx="0.00" fuel="0.00" electricity="0.00" noise="88.47" route="routebottom" type="cfm-fast" waiting="0.00" lane="bottom_1" pos="49.51" speed="77.04" angle="5.38" x="128.95" y="62.62"/>
        <vehicle id="cfm-fast_5" eclass="HBEFA3/PC_G_EU4" CO2="19143.81" CO="325.72" HC="1.96" NOx="8.36" PMx="0.46" fuel="8.23" electricity="0.00" noise="77.69" route="routetop" type="cfm-fast" waiting="0.00" lane="top_0" pos="7.95" speed="25.47" angle="260.10" x="46.64" y="130.12"/>
        <vehicle id="cfm-slow_0" eclass="HBEFA3/PC_G_EU4" CO2="23589.37" CO="427.23" HC="2.53" NOx="10.41" PMx="0.58" fuel="10.14" electricity="0.00" noise="80.09" route="routetop" type="cfm-slow" waiting="0.00" lane="top_0" pos="24.66" speed="27.67" angle="230.13" x="15.67" y="112.68"/>
        <vehicle id="cfm-slow_1" eclass="HBEFA3/PC_G_EU4" CO2="20813.22" CO="386.51" HC="2.28" NOx="9.04" PMx="0.52" fuel="8.95" electricity="0.00" noise="78.83" route="routetop" type="cfm-slow" waiting="0.00" lane="top_0" pos="47.63" speed="30.20" angle="188.87" x="-4.75" y="68.86"/>
        <vehicle id="cfm-slow_2" eclass="HBEFA3/PC_G_EU4" CO2="9778.48" CO="174.10" HC="1.04" NOx="3.80" PMx="0.24" fuel="4.20" electricity="0.00" noise="75.50" route="routetop" type="cfm-slow" waiting="0.00" lane="left_0" pos="23.12" speed="31.98" angle="142.85" x="12.38" y="18.09"/>
        <vehicle id="cfm-slow_3" eclass="HBEFA3/PC_G_EU4" CO2="0.00" CO="0.00" HC="0.00" NOx="0.00" PMx="0.00" fuel="0.00" electricity="0.00" noise="73.55" route="routebottom" type="cfm-slow" waiting="0.00" lane="bottom_0" pos="0.32" speed="32.18" angle="93.90" x="64.44" y="-4.93"/>
        <vehicle id="cfm-slow_4" eclass="HBEFA3/PC_G_EU4" CO2="0.00" CO="0.00" HC="0.00" NOx="0.00" PMx="0.00" fuel="0.00" electricity="0.00" noise="72.46" route="routebottom" type="cfm-slow" waiting="0.00" lane="bottom_0" pos="27.56" speed="30.57" angle="44.90" x="115.90" y="19.20"/>
        <vehicle id="cfm-slow_5" eclass="HBEFA3/PC_G_EU4" CO2="0.00" CO="0.00" HC="0.00" NOx="0.00" PMx="0.00" fuel="0.00" electricity="0.00" noise="71.20" route="routebottom" type="cfm-slow" waiting="0.00" lane="right_0" pos="3.02" speed="27.90" angle="359.08" x="131.95" y="70.24"/>
    </timestep>
    <timestep time="6.62">
        <vehicle id="cfm-fast_0" eclass="HBEFA3/PC_G_EU4" CO2="172039.65" CO="4239.38" HC="23.67" NOx="79.79" PMx="4.80" fuel="73.95" electricity="0.00" noise="124.06" route="routetop" type="cfm-fast" waiting="0.00" lane="top_1" pos="29.40" speed="64.18" angle="221.57" x="11.57" y="103.04"/>
        <vehicle id="cfm-fast_1" eclass="HBEFA3/PC_G_EU4" CO2="0.00" CO="0.00" HC="0.00" NOx="0.00" PMx="0.00" fuel="0.00" electricity="0.00" noise="70.62" route="routebottom" type="cfm-fast" waiting="0.00" lane="right_0" pos="26.06" speed="25.47" angle="317.59" x="110.53" y="113.75"/>
        <vehicle id="cfm-fast_2" eclass="HBEFA3/PC_G_EU4" CO2="127983.21" CO="3667.51" HC="20.00" NOx="58.89" PMx="3.79" fuel="55.01" electricity="0.00" noise="111.61" route="routetop" type="cfm-fast" waiting="0.00" lane="left_1" pos="35.61" speed="72.67" angle="120.45" x="35.13" y="4.92"/>
        <vehicle id="cfm-fast_3" eclass="HBEFA3/PC_G_EU4" CO2="10105.44" CO="136.78" HC="0.87" NOx="4.11" PMx="0.22" fuel="4.34" electricity="0.00" noise="73.10" route="routebottom" type="cfm-fast" waiting="0.00" lane="right_0" pos="42.50" speed="24.59" angle="288.08" x="79.74" y="130.36"/>
        <vehicle id="cfm-fast_4" eclass="HBEFA3/PC_G_EU4" CO2="0.00" CO="0.00" HC="0.00" NOx="0.00" PMx="0.00" fuel="0.00" electricity="0.00" noise="88.45" route="routebottom" type="cfm-fast" waiting="0.00" lane="right_1" pos="0.28" speed="77.02" angle="3.99" x="128.96" y="64.26"/>
        <vehicle id="cfm-fast_5" eclass="HBEFA3/PC_G_EU4" CO2="19182.98" CO="326.61" HC="1.96" NOx="8.38" PMx="0.46" fuel="8.25" electricity="0.00" noise="77.71" route="routetop" type="cfm-fast" waiting="0.00" lane="top_0" pos="8.21" speed="25.49" angle="259.64" x="46.11" y="129.98"/>
        <vehicle id="cfm-slow_0" eclass="HBEFA3/PC_G_EU4" CO2="23567.46" CO="426.91" HC="2.53" NOx="10.40" PMx="0.58" fuel="10.13" electricity="0.00" noise="80.08" route="routetop" type="cfm-slow" waiting="0.00" lane="top_0" pos="24.94" speed="27.70" angle="229.62" x="15.25" y="112.26"/>
        <vehicle id="cfm-slow_1" eclass="HBEFA3/PC_G_EU4" CO2="20712.59" CO="384.59" HC="2.27" NOx="9.00" PMx="0.52" fuel="8.90" electricity="0.00" noise="78.79" route="routetop" type="cfm-slow" waiting="0.00" lane="top_0" pos="47.93" speed="30.22" angle="188.30" x="-4.79" y="68.21"/>
        <vehicle id="cfm-slow_2" eclass="HBEFA3/PC_G_EU4" CO2="9629.99" CO="171.07" HC="1.03" NOx="3.73" PMx="0.24" fuel="4.14" electricity="0.00" noise="75.47" route="routetop" type="cfm-slow" waiting="0.00" lane="left_0" pos="23.44" speed="31.98" angle="142.27" x="12.85" y="17.58"/>
        <vehicle id="cfm-slow_3" eclass="HBEFA3/PC_G_EU4" CO2="0.00" CO="0.00" HC="0.00" NOx="0.00" PMx="0.00" fuel="0.00" electricity="0.00" noise="73.54" route="routebottom" type="cfm-slow" waiting="0.00" lane="bottom_0" pos="0.64" speed="32.16" angle="93.31" x="65.14" y="-4.92"/>
        <vehicle id="cfm-slow_4" eclass="HBEFA3/PC_G_EU4" CO2="0.00" CO="0.00" HC="0.00" NOx="0.00" PMx="0.00" fuel="0.00" electricity="0.00" noise="72.45" route="routebottom" type="cfm-slow" waiting="0.00" lane="bottom_0" pos="27.86" speed="30.54" angle="44.33" x="116.32" y="19.70"/>
        <vehicle id="cfm-slow_5" eclass="HBEFA3/PC_G_EU4" CO2="0.00" CO="0.00" HC="0.00" NOx="0.00" PMx="0.00" fuel="0.00" electricity="0.00" noise="71.19" route="routebottom" type="cfm-slow" waiting="0.00" lane="right_0" pos="3.30" speed="27.88" angle="358.58" x="131.89" y="70.84"/>
    </timestep>
    <timestep time="6.63">
        <vehicle id="cfm-fast_0" eclass="HBEFA3/PC_G_EU4" CO2="171707.12" CO="4235.65" HC="23.64" NOx="79.63" PMx="4.79" fuel="73.81" electricity="0.00" noise="123.94" route="routetop" type="cfm-fast" waiting="0.00" lane="top_1" pos="30.04" speed="64.27" angle="220.39" x="10.79" y="101.98"/>
        <vehicle id="cfm-fast_1" eclass="HBEFA3/PC_G_EU4" CO2="0.00" CO="0.00" HC="0.00" NOx="0.00" PMx="0.00" fuel="0.00" electricity="0.00" noise="70.63" route="routebottom" type="cfm-fast" waiting="0.00" lane="right_0" pos="26.31" speed="25.46" angle="317.13" x="110.13" y="114.12"/>
        <vehicle id="cfm-fast_2" eclass="HBEFA3/PC_G_EU4" CO2="126876.45" CO="3646.82" HC="19.88" NOx="58.37" PMx="3.76" fuel="54.54" electricity="0.00" noise="111.35" route="routetop" type="cfm-fast" waiting="0.00" lane="left_1" pos="36.34" speed="72.71" angle="119.14" x="36.48" y="4.28"/>
        <vehicle id="cfm-fast_3" eclass="HBEFA3/PC_G_EU4" CO2="10184.63" CO="138.43" HC="0.88" NOx="4.15" PMx="0.22" fuel="4.38" electricity="0.00" noise="73.13" route="routebottom" type="cfm-fast" waiting="0.00" lane="right_0" pos="42.75" speed="24.59" angle="287.64" x="79.23" y="130.47"/>
        <vehicle id="cfm-fast_4" eclass="HBEFA3/PC_G_EU4" CO2="0.00" CO="0.00" HC="0.00" NOx="0.00" PMx="0.00" fuel="0.00" electricity="0.00" noise="88.42" route="routebottom" type="cfm-fast" waiting="0.00" lane="right_1" pos="1.05" speed="77.00" angle="2.58" x="128.93" y="65.84"/>
        <vehicle id="cfm-fast_5" eclass="HBEFA3/PC_G_EU4" CO2="19221.66" CO="327.49" HC="1.97" NOx="8.40" PMx="0.46" fuel="8.26" electricity="0.00" noise="77.74" route="routetop" type="cfm-fast" waiting="0.00" lane="top_0" pos="8.46" speed="25.51" angle="259.17" x="45.58" y="129.84"/>
        <vehicle id="cfm-slow_0" eclass="HBEFA3/PC_G_EU4" CO2="23544.84" CO="426.59" HC="2.53" NOx="10.39" PMx="0.58" fuel="10.12" electricity="0.00" noise="80.07" route="routetop" type="cfm-slow" waiting="0.00" lane="top_0" pos="25.22" speed="27.72" angle="229.11" x="14.83" y="111.84"/>
        <vehicle id="cfm-slow_1" eclass="HBEFA3/PC_G_EU4" CO2="20611.45" CO="382.64" HC="2.26" NOx="8.95" PMx="0.51" fuel="8.86" electricity="0.00" noise="78.74" route="routetop" type="cfm-slow" waiting="0.00" lane="top_0" pos="48.23" speed="30.24" angle="187.72" x="-4.82" y="67.56"/>
        <vehicle id="cfm-slow_2" eclass="HBEFA3/PC_G_EU4" CO2="9481.83" CO="168.06" HC="1.01" NOx="3.66" PMx="0.23" fuel="4.08" electricity="0.00" noise="75.44" route="routetop" type="cfm-slow" waiting="0.00" lane="left_0" pos="23.76" speed="31.99" angle="141.70" x="13.31" y="17.07"/>
        <vehicle id="cfm-slow_3" eclass="HBEFA3/PC_G_EU4" CO2="0.00" CO="0.00" HC="0.00" NOx="0.00" PMx="0.00" fuel="0.00" electricity="0.00" noise="73.53" route="routebottom" type="cfm-slow" waiting="0.00" lane="bottom_0" pos="0.96" speed="32.15" angle="92.73" x="65.83" y="-4.90"/>
        <vehicle id="cfm-slow_4" eclass="HBEFA3/PC_G_EU4" CO2="0.00" CO="0.00" HC="0.00" NOx="0.00" PMx="0.00" fuel="0.00" electricity="0.00" noise="72.43" route="routebottom" type="cfm-slow" waiting="0.00" lane="bottom_0" pos="28.17" speed="30.52" angle="43.80" x="116.74" y="20.20"/>
        <vehicle id="cfm-slow_5" eclass="HBEFA3/PC_G_EU4" CO2="0.00" CO="0.00" HC="0.00" NOx="0.00" PMx="0.00" fuel="0.00" electricity="0.00" noise="71.18" route="routebottom" type="cfm-slow" waiting="0.00" lane="right_0" pos="3.58" speed="27.85" angle="358.08" x="131.83" y="71.44"/>
    </timestep>
    <timestep time="6.64">
        <vehicle id="cfm-fast_0" eclass="HBEFA3/PC_G_EU4" CO2="171367.37" CO="4231.76" HC="23.62" NOx="79.47" PMx="4.78" fuel="73.66" electricity="0.00" noise="123.83" route="routetop" type="cfm-fast" waiting="0.00" lane="top_1" pos="30.68" speed="64.35" angle="219.20" x="10.02" y="100.90"/>
        <vehicle id="cfm-fast_1" eclass="HBEFA3/PC_G_EU4" CO2="0.00" CO="0.00" HC="0.00" NOx="0.00" PMx="0.00" fuel="0.00" electricity="0.00" noise="70.64" route="routebottom" type="cfm-fast" waiting="0.00" lane="right_0" pos="26.57" speed="25.45" angle="316.67" x="109.72" y="114.50"/>
        <vehicle id="cfm-fast_2" eclass="HBEFA3/PC_G_EU4" CO2="125776.13" CO="3626.24" HC="19.76" NOx="57.85" PMx="3.73" fuel="54.07" electricity="0.00" noise="111.09" route="routetop" type="cfm-fast" waiting="0.00" lane="left_1" pos="37.07" speed="72.76" angle="117.76" x="37.84" y="3.67"/>
        <vehicle id="cfm-fast_3" eclass="HBEFA3/PC_G_EU4" CO2="10263.51" CO="140.08" HC="0.89" NOx="4.19" PMx="0.23" fuel="4.41" electricity="0.00" noise="73.17" route="routebottom" type="cfm-fast" waiting="0.00" lane="right_0" pos="42.99" speed="24.60" angle="287.19" x="78.71" y="130.59"/>
        <vehicle id="cfm-fast_4" eclass="HBEFA3/PC_G_EU4" CO2="0.00" CO="0.00" HC="0.00" NOx="0.00" PMx="0.00" fuel="0.00" electricity="0.00" noise="88.40" route="routebottom" type="cfm-fast" waiting="0.00" lane="right_1" pos="1.82" speed="76.99" angle="1.22" x="128.86" y="67.41"/>
        <vehicle id="cfm-fast_5" eclass="HBEFA3/PC_G_EU4" CO2="19259.85" CO="328.35" HC="1.97" NOx="8.41" PMx="0.46" fuel="8.28" electricity="0.00" noise="77.76" route="routetop" type="cfm-fast" waiting="0.00" lane="top_0" pos="8.72" speed="25.54" angle="258.70" x="45.05" y="129.69"/>
        <vehicle id="cfm-slow_0" eclass="HBEFA3/PC_G_EU4" CO2="23521.52" CO="426.25" HC="2.53" NOx="10.37" PMx="0.58" fuel="10.11" electricity="0.00" noise="80.05" route="routetop" type="cfm-slow" waiting="0.00" lane="top_0" pos="25.50" speed="27.75" angle="228.60" x="14.41" y="111.42"/>
        <vehicle id="cfm-slow_1" eclass="HBEFA3/PC_G_EU4" CO2="20509.79" CO="380.69" HC="2.25" NOx="8.90" PMx="0.51" fuel="8.82" electricity="0.00" noise="78.70" route="routetop" type="cfm-slow" waiting="0.00" lane="top_0" pos="48.54" speed="30.26" angle="187.14" x="-4.86" y="66.91"/>
        <vehicle id="cfm-slow_2" eclass="HBEFA3/PC_G_EU4" CO2="9334.02" CO="165.04" HC="0.99" NOx="3.59" PMx="0.23" fuel="4.01" electricity="0.00" noise="75.40" route="routetop" type="cfm-slow" waiting="0.00" lane="left_0" pos="24.08" speed="31.99" angle="141.12" x="13.78" y="16.57"/>
        <vehicle id="cfm-slow_3" eclass="HBEFA3/PC_G_EU4" CO2="0.00" CO="0.00" HC="0.00" NOx="0.00" PMx="0.00" fuel="0.00" electricity="0.00" noise="73.51" route="routebottom" type="cfm-slow" waiting="0.00" lane="bottom_0" pos="1.28" speed="32.13" angle="92.17" x="66.52" y="-4.88"/>
        <vehicle id="cfm-slow_4" eclass="HBEFA3/PC_G_EU4" CO2="0.00" CO="0.00" HC="0.00" NOx="0.00" PMx="0.00" fuel="0.00" electricity="0.00" noise="72.42" route="routebottom" type="cfm-slow" waiting="0.00" lane="bottom_0" pos="28.47" speed="30.49" angle="43.25" x="117.15" y="20.72"/>
        <vehicle id="cfm-slow_5" eclass="HBEFA3/PC_G_EU4" CO2="0.00" CO="0.00" HC="0.00" NOx="0.00" PMx="0.00" fuel="0.00" electricity="0.00" noise="71.17" route="routebottom" type="cfm-slow" waiting="0.00" lane="right_0" pos="3.85" speed="27.83" angle="357.60" x="131.77" y="72.03"/>
    </timestep>
    <timestep time="6.65">
        <vehicle id="cfm-fast_0" eclass="HBEFA3/PC_G_EU4" CO2="171020.49" CO="4227.72" HC="23.59" NOx="79.31" PMx="4.78" fuel="73.51" electricity="0.00" noise="123.71" route="routetop" type="cfm-fast" waiting="0.00" lane="top_1" pos="31.33" speed="64.44" angle="218.07" x="9.28" y="99.81"/>
        <vehicle id="cfm-fast_1" eclass="HBEFA3/PC_G_EU4" CO2="0.00" CO="0.00" HC="0.00" NOx="0.00" PMx="0.00" fuel="0.00" electricity="0.00" noise="70.65" route="routebottom" type="cfm-fast" waiting="0.00" lane="right_0" pos="26.82" speed="25.44" angle="316.22" x="109.32" y="114.87"/>
        <vehicle id="cfm-fast_2" eclass="HBEFA3/PC_G_EU4" CO2="124682.37" CO="3605.76" HC="19.64" NOx="57.33" PMx="3.71" fuel="53.60" electricity="0.00" noise="110.84" route="routetop" type="cfm-fast" waiting="0.00" lane="left_1" pos="37.80" speed="72.81" angle="116.46" x="39.22" y="3.11"/>
        <vehicle id="cfm-fast_3" eclass="HBEFA3/PC_G_EU4" CO2="10342.08" CO="141.73" HC="0.90" NOx="4.23" PMx="0.23" fuel="4.45" electricity="0.00" noise="73.20" route="routebottom" type="cfm-fast" waiting="0.00" lane="right_0" pos="43.24" speed="24.61" angle="286.74" x="78.20" y="130.71"/>
        <vehicle id="cfm-fast_4" eclass="HBEFA3/PC_G_EU4" CO2="0.00" CO="0.00" HC="0.00" NOx="0.00" PMx="0.00" fuel="0.00" electricity="0.00" noise="88.38" route="routebottom" type="cfm-fast" waiting="0.00" lane="right_1" pos="2.59" speed="76.97" angle="359.87" x="128.76" y="68.99"/>
        <vehicle id="cfm-fast_5" eclass="HBEFA3/PC_G_EU4" CO2="19297.55" CO="329.21" HC="1.98" NOx="8.43" PMx="0.46" fuel="8.30" electricity="0.00" noise="77.78" route="routetop" type="cfm-fast" waiting="0.00" lane="top_0" pos="8.97" speed="25.56" angle="258.30" x="44.52" y="129.55"/>
        <vehicle id="cfm-slow_0" eclass="HBEFA3/PC_G_EU4" CO2="23497.49" CO="425.89" HC="2.53" NOx="10.36" PMx="0.58" fuel="10.10" electricity="0.00" noise="80.04" route="routetop" type="cfm-slow" waiting="0.00" lane="top_0" pos="25.77" speed="27.77" angle="228.15" x="13.99" y="110.98"/>
        <vehicle id="cfm-slow_1" eclass="HBEFA3/PC_G_EU4" CO2="20407.63" CO="378.73" HC="2.24" NOx="8.85" PMx="0.51" fuel="8.77" electricity="0.00" noise="78.66" route="routetop" type="cfm-slow" waiting="0.00" lane="top_0" pos="48.84" speed="30.28" angle="186.63" x="-4.89" y="66.26"/>
        <vehicle id="cfm-slow_2" eclass="HBEFA3/PC_G_EU4" CO2="9186.57" CO="162.04" HC="0.97" NOx="3.52" PMx="0.22" fuel="3.95" electricity="0.00" noise="75.37" route="routetop" type="cfm-slow" waiting="0.00" lane="left_0" pos="24.40" speed="31.99" angle="140.60" x="14.25" y="16.06"/>
        <vehicle id="cfm-slow_3" eclass="HBEFA3/PC_G_EU4" CO2="0.00" CO="0.00" HC="0.00" NOx="0.00" PMx="0.00" fuel="0.00" electricity="0.00" noise="73.50" route="routebottom" type="cfm-slow" waiting="0.00" lane="bottom_0" pos="1.60" speed="32.12" angle="91.60" x="67.21" y="-4.84"/>
        <vehicle id="cfm-slow_4" eclass="HBEFA3/PC_G_EU4" CO2="0.00" CO="0.00" HC="0.00" NOx="0.00" PMx="0.00" fuel="0.00" electricity="0.00" noise="72.41" route="routebottom" type="cfm-slow" waiting="0.00" lane="bottom_0" pos="28.78" speed="30.47" angle="42.68" x="117.56" y="21.23"/>
        <vehicle id="cfm-slow_5" eclass="HBEFA3/PC_G_EU4" CO2="0.00" CO="0.00" HC="0.00" NOx="0.00" PMx="0.00" fuel="0.00" electricity="0.00" noise="71.17" route="routebottom" type="cfm-slow" waiting="0.00" lane="right_0" pos="4.13" speed="27.81" angle="357.10" x="131.68" y="72.62"/>
    </timestep>
    <timestep time="6.66">
        <vehicle id="cfm-fast_0" eclass="HBEFA3/PC_G_EU4" CO2="170666.59" CO="4223.53" HC="23.56" NOx="79.14" PMx="4.77" fuel="73.36" electricity="0.00" noise="123.59" route="routetop" type="cfm-fast" waiting="0.00" lane="top_1" pos="31.97" speed="64.52" angle="216.94" x="8.55" y="98.71"/>
        <vehicle id="cfm-fast_1" eclass="HBEFA3/PC_G_EU4" CO2="0.00" CO="0.00" HC="0.00" NOx="0.00" PMx="0.00" fuel="0.00" electricity="0.00" noise="70.66" route="routebottom" type="cfm-fast" waiting="0.00" lane="right_0" pos="27.08" speed="25.44" angle="315.79" x="108.91" y="115.23"/>
        <vehicle id="cfm-fast_2" eclass="HBEFA3/PC_G_EU4" CO2="123595.27" CO="3585.40" HC="19.52" NOx="56.82" PMx="3.68" fuel="53.13" electricity="0.00" noise="110.59" route="routetop" type="cfm-fast" waiting="0.00" lane="left_1" pos="38.53" speed="72.86" angle="115.15" x="40.61" y="2.56"/>
        <vehicle id="cfm-fast_3" eclass="HBEFA3/PC_G_EU4" CO2="10420.32" CO="143.37" HC="0.91" NOx="4.26" PMx="0.23" fuel="4.48" electricity="0.00" noise="73.24" route="routebottom" type="cfm-fast" waiting="0.00" lane="right_0" pos="43.48" speed="24.62" angle="286.29" x="77.68" y="130.82"/>
        <vehicle id="cfm-fast_4" eclass="HBEFA3/PC_G_EU4" CO2="0.00" CO="0.00" HC="0.00" NOx="0.00" PMx="0.00" fuel="0.00" electricity="0.00" noise="88.36" route="routebottom" type="cfm-fast" waiting="0.00" lane="right_1" pos="3.36" speed="76.96" angle="358.47" x="128.60" y="70.56"/>
        <vehicle id="cfm-fast_5" eclass="HBEFA3/PC_G_EU4" CO2="19334.75" CO="330.06" HC="1.98" NOx="8.45" PMx="0.46" fuel="8.31" electricity="0.00" noise="77.80" route="routetop" type="cfm-fast" waiting="0.00" lane="top_0" pos="9.23" speed="25.58" angle="257.83" x="43.99" y="129.39"/>
        <vehicle id="cfm-slow_0" eclass="HBEFA3/PC_G_EU4" CO2="23472.77" CO="425.53" HC="2.52" NOx="10.35" PMx="0.58" fuel="10.09" electricity="0.00" noise="80.02" route="routetop" type="cfm-slow" waiting="0.00" lane="top_0" pos="26.05" speed="27.80" angle="227.64" x="13.59" y="110.54"/>
        <vehicle id="cfm-slow_1" eclass="HBEFA3/PC_G_EU4" CO2="20304.98" CO="376.76" HC="2.23" NOx="8.80" PMx="0.51" fuel="8.73" electricity="0.00" noise="78.62" route="routetop" type="cfm-slow" waiting="0.00" lane="top_0" pos="49.14" speed="30.29" angle="186.08" x="-4.91" y="65.61"/>
        <vehicle id="cfm-slow_2" eclass="HBEFA3/PC_G_EU4" CO2="9039.48" CO="159.04" HC="0.96" NOx="3.45" PMx="0.22" fuel="3.89" electricity="0.00" noise="75.34" route="routetop" type="cfm-slow" waiting="0.00" lane="left_0" pos="24.72" speed="32.00" angle="140.01" x="14.73" y="15.58"/>
        <vehicle id="cfm-slow_3" eclass="HBEFA3/PC_G_EU4" CO2="0.00" CO="0.00" HC="0.00" NOx="0.00" PMx="0.00" fuel="0.00" electricity="0.00" noise="73.49" route="routebottom" type="cfm-slow" waiting="0.00" lane="bottom_0" pos="1.92" speed="32.11" angle="91.02" x="67.90" y="-4.80"/>
        <vehicle id="cfm-slow_4" eclass="HBEFA3/PC_G_EU4" CO2="0.00" CO="0.00" HC="0.00" NOx="0.00" PMx="0.00" fuel="0.00" electricity="0.00" noise="72.40" route="routebottom" type="cfm-slow" waiting="0.00" lane="bottom_0" pos="29.08" speed="30.44" angle="42.12" x="117.96" y="21.75"/>
        <vehicle id="cfm-slow_5" eclass="HBEFA3/PC_G_EU4" CO2="0.00" CO="0.00" HC="0.00" NOx="0.00" PMx="0.00" fuel="0.00" electricity="0.00" noise="71.16" route="routebottom" type="cfm-slow" waiting="0.00" lane="right_0" pos="4.41" speed="27.79" angle="356.59" x="131.60" y="73.22"/>
    </timestep>
    <timestep time="6.67">
        <vehicle id="cfm-fast_0" eclass="HBEFA3/PC_G_EU4" CO2="170305.77" CO="4219.19" HC="23.54" NOx="78.97" PMx="4.76" fuel="73.21" electricity="0.00" noise="123.46" route="routetop" type="cfm-fast" waiting="0.00" lane="top_1" pos="32.62" speed="64.61" angle="215.80" x="7.86" y="97.58"/>
        <vehicle id="cfm-fast_1" eclass="HBEFA3/PC_G_EU4" CO2="0.00" CO="0.00" HC="0.00" NOx="0.00" PMx="0.00" fuel="0.00" electricity="0.00" noise="70.67" route="routebottom" type="cfm-fast" waiting="0.00" lane="right_0" pos="27.33" speed="25.43" angle="315.31" x="108.49" y="115.58"/>
        <vehicle id="cfm-fast_2" eclass="HBEFA3/PC_G_EU4" CO2="122514.96" CO="3565.15" HC="19.40" NOx="56.31" PMx="3.65" fuel="52.66" electricity="0.00" noise="110.34" route="routetop" type="cfm-fast" waiting="0.00" lane="left_1" pos="39.26" speed="72.90" angle="113.81" x="42.02" y="2.06"/>
        <vehicle id="cfm-fast_3" eclass="HBEFA3/PC_G_EU4" CO2="10498.25" CO="145.00" HC="0.92" NOx="4.30" PMx="0.23" fuel="4.51" electricity="0.00" noise="73.28" route="routebottom" type="cfm-fast" waiting="0.00" lane="right_0" pos="43.73" speed="24.63" angle="285.88" x="77.16" y="130.93"/>
        <vehicle id="cfm-fast_4" eclass="HBEFA3/PC_G_EU4" CO2="0.00" CO="0.00" HC="0.00" NOx="0.00" PMx="0.00" fuel="0.00" electricity="0.00" noise="88.34" route="routebottom" type="cfm-fast" waiting="0.00" lane="right_1" pos="4.12" speed="76.94" angle="357.11" x="128.42" y="72.12"/>
        <vehicle id="cfm-fast_5" eclass="HBEFA3/PC_G_EU4" CO2="19371.45" CO="330.90" HC="1.99" NOx="8.46" PMx="0.47" fuel="8.33" electricity="0.00" noise="77.82" route="routetop" type="cfm-fast" waiting="0.00" lane="top_0" pos="9.49" speed="25.60" angle="257.37" x="43.46" y="129.22"/>
        <vehicle id="cfm-slow_0" eclass="HBEFA3/PC_G_EU4" CO2="23447.33" CO="425.14" HC="2.52" NOx="10.34" PMx="0.58" fuel="10.08" electricity="0.00" noise="80.01" route="routetop" type="cfm-slow" waiting="0.00" lane="top_0" pos="26.33" speed="27.83" angle="227.12" x="13.18" y="110.10"/>
        <vehicle id="cfm-slow_1" eclass="HBEFA3/PC_G_EU4" CO2="20201.84" CO="374.77" HC="2.21" NOx="8.75" PMx="0.50" fuel="8.68" electricity="0.00" noise="78.58" route="routetop" type="cfm-slow" waiting="0.00" lane="top_0" pos="49.45" speed="30.31" angle="185.53" x="-4.92" y="64.95"/>
        <vehicle id="cfm-slow_2" eclass="HBEFA3/PC_G_EU4" CO2="8892.77" CO="156.04" HC="0.94" NOx="3.38" PMx="0.22" fuel="3.82" electricity="0.00" noise="75.31" route="routetop" type="cfm-slow" waiting="0.00" lane="left_0" pos="25.04" speed="32.00" angle="139.43" x="15.22" y="15.09"/>
        <vehicle id="cfm-slow_3" eclass="HBEFA3/PC_G_EU4" CO2="0.00" CO="0.00" HC="0.00" NOx="0.00" PMx="0.00" fuel="0.00" electricity="0.00" noise="73.48" route="routebottom" type="cfm-slow" waiting="0.00" lane="bottom_0" pos="2.25" speed="32.09" angle="90.45" x="68.59" y="-4.76"/>
        <vehicle id="cfm-slow_4" eclass="HBEFA3/PC_G_EU4" CO2="0.00" CO="0.00" HC="0.00" NOx="0.00" PMx="0.00" fuel="0.00" electricity="0.00" noise="72.39" route="routebottom" type="cfm-slow" waiting="0.00" lane="bottom_0" pos="29.38" speed="30.42" angle="41.57" x="118.36" y="22.26"/>
        <vehicle id="cfm-slow_5" eclass="HBEFA3/PC_G_EU4" CO2="0.00" CO="0.00" HC="0.00" NOx="0.00" PMx="0.00" fuel="0.00" electricity="0.00" noise="71.15" route="routebottom" type="cfm-slow" waiting="0.00" lane="right_0" pos="4.69" speed="27.76" angle="356.09" x="131.51" y="73.81"/>
    </timestep>
    <timestep time="6.68">
        <vehicle id="cfm-fast_0" eclass="HBEFA3/PC_G_EU4" CO2="169938.12" CO="4214.70" HC="23.51" NOx="78.79" PMx="4.75" fuel="73.05" electricity="0.00" noise="123.34" route="routetop" type="cfm-fast" waiting="0.00" lane="top_1" pos="33.27" speed="64.69" angle="214.65" x="7.17" y="96.44"/>
        <vehicle id="cfm-fast_1" eclass="HBEFA3/PC_G_EU4" CO2="0.00" CO="0.00" HC="0.00" NOx="0.00" PMx="0.00" fuel="0.00" electricity="0.00" noise="70.68" route="routebottom" type="cfm-fast" waiting="0.00" lane="right_0" pos="27.59" speed="25.42" angle="314.84" x="108.08" y="115.94"/>
        <vehicle id="cfm-fast_2" eclass="HBEFA3/PC_G_EU4" CO2="121441.53" CO="3545.02" HC="19.28" NOx="55.80" PMx="3.62" fuel="52.20" electricity="0.00" noise="110.09" route="routetop" type="cfm-fast" waiting="0.00" lane="left_1" pos="39.98" speed="72.95" angle="112.53" x="43.43" y="1.57"/>
        <vehicle id="cfm-fast_3" eclass="HBEFA3/PC_G_EU4" CO2="10575.85" CO="146.63" HC="0.93" NOx="4.34" PMx="0.23" fuel="4.55" electricity="0.00" noise="73.31" route="routebottom" type="cfm-fast" waiting="0.00" lane="right_0" pos="43.98" speed="24.64" angle="285.41" x="76.64" y="131.03"/>
        <vehicle id="cfm-fast_4" eclass="HBEFA3/PC_G_EU4" CO2="0.00" CO="0.00" HC="0.00" NOx="0.00" PMx="0.00" fuel="0.00" electricity="0.00" noise="88.33" route="routebottom" type="cfm-fast" waiting="0.00" lane="right_1" pos="4.89" speed="76.92" angle="355.71" x="128.19" y="73.69"/>
        <vehicle id="cfm-fast_5" eclass="HBEFA3/PC_G_EU4" CO2="19407.66" CO="331.73" HC="1.99" NOx="8.48" PMx="0.47" fuel="8.34" electricity="0.00" noise="77.84" route="routetop" type="cfm-fast" waiting="0.00" lane="top_0" pos="9.74" speed="25.63" angle="256.91" x="42.94" y="129.06"/>
        <vehicle id="cfm-slow_0" eclass="HBEFA3/PC_G_EU4" CO2="23421.20" CO="424.75" HC="2.52" NOx="10.32" PMx="0.58" fuel="10.07" electricity="0.00" noise="80.00" route="routetop" type="cfm-slow" waiting="0.00" lane="top_0" pos="26.61" speed="27.85" angle="226.60" x="12.77" y="109.66"/>
        <vehicle id="cfm-slow_1" eclass="HBEFA3/PC_G_EU4" CO2="20098.21" CO="372.77" HC="2.20" NOx="8.70" PMx="0.50" fuel="8.64" electricity="0.00" noise="78.53" route="routetop" type="cfm-slow" waiting="0.00" lane="top_0" pos="49.75" speed="30.33" angle="184.97" x="-4.94" y="64.30"/>
        <vehicle id="cfm-slow_2" eclass="HBEFA3/PC_G_EU4" CO2="8746.44" CO="153.05" HC="0.92" NOx="3.31" PMx="0.21" fuel="3.76" electricity="0.00" noise="75.28" route="routetop" type="cfm-slow" waiting="0.00" lane="left_0" pos="25.36" speed="32.00" angle="138.84" x="15.71" y="14.60"/>
        <vehicle id="cfm-slow_3" eclass="HBEFA3/PC_G_EU4" CO2="0.00" CO="0.00" HC="0.00" NOx="0.00" PMx="0.00" fuel="0.00" electricity="0.00" noise="73.47" route="routebottom" type="cfm-slow" waiting="0.00" lane="bottom_0" pos="2.57" speed="32.08" angle="89.89" x="69.28" y="-4.72"/>
        <vehicle id="cfm-slow_4" eclass="HBEFA3/PC_G_EU4" CO2="0.00" CO="0.00" HC="0.00" NOx="0.00" PMx="0.00" fuel="0.00" electricity="0.00" noise="72.38" route="routebottom" type="cfm-slow" waiting="0.00" lane="bottom_0" pos="29.69" speed="30.39" angle="41.06" x="118.75" y="22.79"/>
        <vehicle id="cfm-slow_5" eclass="HBEFA3/PC_G_EU4" CO2="0.00" CO="0.00" HC="0.00" NOx="0.00" PMx="0.00" fuel="0.00" electricity="0.00" noise="71.14" route="routebottom" type="cfm-slow" waiting="0.00" lane="right_0" pos="4.97" speed="27.74" angle="355.59" x="131.43" y="74.40"/>
    </timestep>
    <timestep time="6.69">
        <vehicle id="cfm-fast_0" eclass="HBEFA3/PC_G_EU4" CO2="169563.75" CO="4210.06" HC="23.48" NOx="78.62" PMx="4.74" fuel="72.89" electricity="0.00" noise="123.21" route="routetop" type="cfm-fast" waiting="0.00" lane="top_1" pos="33.91" speed="64.78" angle="213.50" x="6.53" y="95.28"/>
        <vehicle id="cfm-fast_1" eclass="HBEFA3/PC_G_EU4" CO2="0.00" CO="0.00" HC="0.00" NOx="0.00" PMx="0.00" fuel="0.00" electricity="0.00" noise="70.69" route="routebottom" type="cfm-fast" waiting="0.00" lane="right_0" pos="27.84" speed="25.41" angle="314.36" x="107.66" y="116.29"/>
        <vehicle id="cfm-fast_2" eclass="HBEFA3/PC_G_EU4" CO2="120375.08" CO="3525.00" HC="19.17" NOx="55.29" PMx="3.60" fuel="51.74" electricity="0.00" noise="109.84" route="routetop" type="cfm-fast" waiting="0.00" lane="left_1" pos="40.71" speed="72.99" angle="111.17" x="44.86" y="1.12"/>
        <vehicle id="cfm-fast_3" eclass="HBEFA3/PC_G_EU4" CO2="10653.13" CO="148.25" HC="0.94" NOx="4.37" PMx="0.24" fuel="4.58" electricity="0.00" noise="73.35" route="routebottom" type="cfm-fast" waiting="0.00" lane="right_0" pos="44.22" speed="24.65" angle="284.94" x="76.12" y="131.12"/>
        <vehicle id="cfm-fast_4" eclass="HBEFA3/PC_G_EU4" CO2="0.00" CO="0.00" HC="0.00" NOx="0.00" PMx="0.00" fuel="0.00" electricity="0.00" noise="88.31" route="routebottom" type="cfm-fast" waiting="0.00" lane="right_1" pos="5.66" speed="76.91" angle="354.32" x="127.93" y="75.24"/>
        <vehicle id="cfm-fast_5" eclass="HBEFA3/PC_G_EU4" CO2="19443.37" CO="332.55" HC="2.00" NOx="8.50" PMx="0.47" fuel="8.36" electricity="0.00" noise="77.86" route="routetop" type="cfm-fast" waiting="0.00" lane="top_0" pos="10.00" speed="25.65" angle="256.44" x="42.41" y="128.90"/>
        <vehicle id="cfm-slow_0" eclass="HBEFA3/PC_G_EU4" CO2="23394.37" CO="424.34" HC="2.52" NOx="10.31" PMx="0.58" fuel="10.06" electricity="0.00" noise="79.98" route="routetop" type="cfm-slow" waiting="0.00" lane="top_0" pos="26.89" speed="27.88" angle="226.13" x="12.37" y="109.22"/>
        <vehicle id="cfm-slow_1" eclass="HBEFA3/PC_G_EU4" CO2="19994.12" CO="370.77" HC="2.19" NOx="8.65" PMx="0.50" fuel="8.59" electricity="0.00" noise="78.49" route="routetop" type="cfm-slow" waiting="0.00" lane="left_0" pos="0.05" speed="30.35" angle="184.38" x="-4.95" y="63.46"/>
        <vehicle id="cfm-slow_2" eclass="HBEFA3/PC_G_EU4" CO2="8600.49" CO="150.07" HC="0.91" NOx="3.24" PMx="0.21" fuel="3.70" electricity="0.00" noise="75.24" route="routetop" type="cfm-slow" waiting="0.00" lane="left_0" pos="25.68" speed="32.00" angle="138.31" x="16.20" y="14.12"/>
        <vehicle id="cfm-slow_3" eclass="HBEFA3/PC_G_EU4" CO2="0.00" CO="0.00" HC="0.00" NOx="0.00" PMx="0.00" fuel="0.00" electricity="0.00" noise="73.45" route="routebottom" type="cfm-slow" waiting="0.00" lane="bottom_0" pos="2.89" speed="32.06" angle="89.32" x="69.96" y="-4.65"/>
        <vehicle id="cfm-slow_4" eclass="HBEFA3/PC_G_EU4" CO2="0.00" CO="0.00" HC="0.00" NOx="0.00" PMx="0.00" fuel="0.00" electricity="0.00" noise="72.36" route="routebottom" type="cfm-slow" waiting="0.00" lane="bottom_0" pos="29.99" speed="30.37" angle="40.50" x="119.14" y="23.32"/>
        <vehicle id="cfm-slow_5" eclass="HBEFA3/PC_G_EU4" CO2="0.00" CO="0.00" HC="0.00" NOx="0.00" PMx="0.00" fuel="0.00" electricity="0.00" noise="71.13" route="routebottom" type="cfm-slow" waiting="0.00" lane="right_0" pos="5.24" speed="27.72" angle="355.03" x="131.33" y="74.99"/>
    </timestep>
    <timestep time="6.70">
        <vehicle id="cfm-fast_0" eclass="HBEFA3/PC_G_EU4" CO2="169182.76" CO="4205.28" HC="23.45" NOx="78.43" PMx="4.73" fuel="72.72" electricity="0.00" noise="123.09" route="routetop" type="cfm-fast" waiting="0.00" lane="top_1" pos="34.56" speed="64.86" angle="212.35" x="5.88" y="94.12"/>
        <vehicle id="cfm-fast_1" eclass="HBEFA3/PC_G_EU4" CO2="0.00" CO="0.00" HC="0.00" NOx="0.00" PMx="0.00" fuel="0.00" electricity="0.00" noise="70.70" route="routebottom" type="cfm-fast" waiting="0.00" lane="right_0" pos="28.09" speed="25.41" angle="313.90" x="107.24" y="116.65"/>
        <vehicle id="cfm-fast_2" eclass="HBEFA3/PC_G_EU4" CO2="119315.71" CO="3505.11" HC="19.05" NOx="54.79" PMx="3.57" fuel="51.29" electricity="0.00" noise="109.59" route="routetop" type="cfm-fast" waiting="0.00" lane="left_1" pos="41.44" speed="73.04" angle="109.89" x="46.30" y="0.71"/>
        <vehicle id="cfm-fast_3" eclass="HBEFA3/PC_G_EU4" CO2="10730.08" CO="149.86" HC="0.95" NOx="4.41" PMx="0.24" fuel="4.61" electricity="0.00" noise="73.38" route="routebottom" type="cfm-fast" waiting="0.00" lane="right_0" pos="44.47" speed="24.66" angle="284.47" x="75.59" y="131.22"/>
        <vehicle id="cfm-fast_4" eclass="HBEFA3/PC_G_EU4" CO2="0.00" CO="0.00" HC="0.00" NOx="0.00" PMx="0.00" fuel="0.00" electricity="0.00" noise="88.30" route="routebottom" type="cfm-fast" waiting="0.00" lane="right_1" pos="6.43" speed="76.89" angle="352.95" x="127.64" y="76.79"/>
        <vehicle id="cfm-fast_5" eclass="HBEFA3/PC_G_EU4" CO2="19478.57" CO="333.36" HC="2.00" NOx="8.51" PMx="0.47" fuel="8.37" electricity="0.00" noise="77.88" route="routetop" type="cfm-fast" waiting="0.00" lane="top_0" pos="10.26" speed="25.67" angle="256.04" x="41.88" y="128.73"/>
        <vehicle id="cfm-slow_0" eclass="HBEFA3/PC_G_EU4" CO2="23366.84" CO="423.91" HC="2.51" NOx="10.30" PMx="0.58" fuel="10.04" electricity="0.00" noise="79.97" route="routetop" type="cfm-slow" waiting="0.00" lane="top_0" pos="27.17" speed="27.90" angle="225.62" x="11.98" y="108.77"/>
        <vehicle id="cfm-slow_1" eclass="HBEFA3/PC_G_EU4" CO2="19889.55" CO="368.75" HC="2.18" NOx="8.60" PMx="0.50" fuel="8.55" electricity="0.00" noise="78.45" route="routetop" type="cfm-slow" waiting="0.00" lane="left_0" pos="0.36" speed="30.36" angle="183.83" x="-4.93" y="62.80"/>
        <vehicle id="cfm-slow_2" eclass="HBEFA3/PC_G_EU4" CO2="8454.95" CO="147.10" HC="0.89" NOx="3.17" PMx="0.20" fuel="3.63" electricity="0.00" noise="75.21" route="routetop" type="cfm-slow" waiting="0.00" lane="left_0" pos="26.00" speed="32.01" angle="137.72" x="16.70" y="13.65"/>
        <vehicle id="cfm-slow_3" eclass="HBEFA3/PC_G_EU4" CO2="0.00" CO="0.00" HC="0.00" NOx="0.00" PMx="0.00" fuel="0.00" electricity="0.00" noise="73.44" route="routebottom" type="cfm-slow" waiting="0.00" lane="bottom_0" pos="3.21" speed="32.05" angle="88.74" x="70.65" y="-4.58"/>
        <vehicle id="cfm-slow_4" eclass="HBEFA3/PC_G_EU4" CO2="0.00" CO="0.00" HC="0.00" NOx="0.00" PMx="0.00" fuel="0.00" electricity="0.00" noise="72.35" route="routebottom" type="cfm-slow" waiting="0.00" lane="bottom_0" pos="30.30" speed="30.34" angle="39.95" x="119.52" y="23.85"/>
        <vehicle id="cfm-slow_5" eclass="HBEFA3/PC_G_EU4" CO2="0.00" CO="0.00" HC="0.00" NOx="0.00" PMx="0.00" fuel="0.00" electricity="0.00" noise="71.12" route="routebottom" type="cfm-slow" waiting="0.00" lane="right_0" pos="5.52" speed="27.70" angle="354.52" x="131.22" y="75.57"/>
    </timestep>
    <timestep time="6.71">
        <vehicle id="cfm-fast_0" eclass="HBEFA3/PC_G_EU4" CO2="168795.26" CO="4200.36" HC="23.41" NOx="78.25" PMx="4.73" fuel="72.56" electricity="0.00" noise="122.96" route="routetop" type="cfm-fast" waiting="0.00" lane="top_1" pos="35.21" speed="64.95" angle="211.19" x="5.28" y="92.93"/>
        <vehicle id="cfm-fast_1" eclass="HBEFA3/PC_G_EU4" CO2="0.00" CO="0.00" HC="0.00" NOx="0.00" PMx="0.00" fuel="0.00" electricity="0.00" noise="70.71" route="routebottom" type="cfm-fast" waiting="0.00" lane="right_0" pos="28.35" speed="25.40" angle="313.48" x="106.82" y="116.99"/>
        <vehicle id="cfm-fast_2" eclass="HBEFA3/PC_G_EU4" CO2="118263.50" CO="3485.34" HC="18.93" NOx="54.30" PMx="3.54" fuel="50.84" electricity="0.00" noise="109.35" route="routetop" type="cfm-fast" waiting="0.00" lane="left_1" pos="42.18" speed="73.08" angle="108.55" x="47.75" y="0.32"/>
        <vehicle id="cfm-fast_3" eclass="HBEFA3/PC_G_EU4" CO2="10806.71" CO="151.47" HC="0.96" NOx="4.44" PMx="0.24" fuel="4.65" electricity="0.00" noise="73.42" route="routebottom" type="cfm-fast" waiting="0.00" lane="right_0" pos="44.72" speed="24.67" angle="284.00" x="75.07" y="131.31"/>
        <vehicle id="cfm-fast_4" eclass="HBEFA3/PC_G_EU4" CO2="0.00" CO="0.00" HC="0.00" NOx="0.00" PMx="0.00" fuel="0.00" electricity="0.00" noise="88.29" route="routebottom" type="cfm-fast" waiting="0.00" lane="right_1" pos="7.20" speed="76.88" angle="351.47" x="127.29" y="78.33"/>
        <vehicle id="cfm-fast_5" eclass="HBEFA3/PC_G_EU4" CO2="19513.27" CO="334.16" HC="2.01" NOx="8.53" PMx="0.47" fuel="8.39" electricity="0.00" noise="77.90" route="routetop" type="cfm-fast" waiting="0.00" lane="top_0" pos="10.51" speed="25.69" angle="255.55" x="41.36" y="128.55"/>
        <vehicle id="cfm-slow_0" eclass="HBEFA3/PC_G_EU4" CO2="23338.62" CO="423.47" HC="2.51" NOx="10.28" PMx="0.58" fuel="10.03" electricity="0.00" noise="79.95" route="routetop" type="cfm-slow" waiting="0.00" lane="top_0" pos="27.45" speed="27.93" angle="225.10" x="11.59" y="108.31"/>
        <vehicle id="cfm-slow_1" eclass="HBEFA3/PC_G_EU4" CO2="19784.53" CO="366.72" HC="2.17" NOx="8.55" PMx="0.49" fuel="8.50" electricity="0.00" noise="78.41" route="routetop" type="cfm-slow" waiting="0.00" lane="left_0" pos="0.66" speed="30.38" angle="183.28" x="-4.92" y="62.15"/>
        <vehicle id="cfm-slow_2" eclass="HBEFA3/PC_G_EU4" CO2="8309.81" CO="144.13" HC="0.87" NOx="3.10" PMx="0.20" fuel="3.57" electricity="0.00" noise="75.18" route="routetop" type="cfm-slow" waiting="0.00" lane="left_0" pos="26.32" speed="32.01" angle="137.13" x="17.21" y="13.18"/>
        <vehicle id="cfm-slow_3" eclass="HBEFA3/PC_G_EU4" CO2="0.00" CO="0.00" HC="0.00" NOx="0.00" PMx="0.00" fuel="0.00" electricity="0.00" noise="73.43" route="routebottom" type="cfm-slow" waiting="0.00" lane="bottom_0" pos="3.53" speed="32.03" angle="88.17" x="71.33" y="-4.51"/>
        <vehicle id="cfm-slow_4" eclass="HBEFA3/PC_G_EU4" CO2="0.00" CO="0.00" HC="0.00" NOx="0.00" PMx="0.00" fuel="0.00" electricity="0.00" noise="72.34" route="routebottom" type="cfm-slow" waiting="0.00" lane="bottom_0" pos="30.60" speed="30.32" angle="39.39" x="119.90" y="24.38"/>
        <vehicle id="cfm-slow_5" eclass="HBEFA3/PC_G_EU4" CO2="0.00" CO="0.00" HC="0.00" NOx="0.00" PMx="0.00" fuel="0.00" electricity="0.00" noise="71.12" route="routebottom" type="cfm-slow" waiting="0.00" lane="right_0" pos="5.80" speed="27.68" angle="354.00" x="131.11" y="76.16"/>
    </timestep>
    <timestep time="6.72">
        <vehicle id="cfm-fast_0" eclass="HBEFA3/PC_G_EU4" CO2="168401.34" CO="4195.30" HC="23.38" NOx="78.06" PMx="4.72" fuel="72.39" electricity="0.00" noise="122.83" route="routetop" type="cfm-fast" waiting="0.00" lane="top_1" pos="35.86" speed="65.03" angle="210.04" x="4.69" y="91.74"/>
        <vehicle id="cfm-fast_1" eclass="HBEFA3/PC_G_EU4" CO2="0.00" CO="0.00" HC="0.00" NOx="0.00" PMx="0.00" fuel="0.00" electricity="0.00" noise="70.72" route="routebottom" type="cfm-fast" waiting="0.00" lane="right_0" pos="28.60" speed="25.39" angle="313.02" x="106.39" y="117.33"/>
        <vehicle id="cfm-fast_2" eclass="HBEFA3/PC_G_EU4" CO2="117218.54" CO="3465.70" HC="18.82" NOx="53.80" PMx="3.52" fuel="50.39" electricity="0.00" noise="109.11" route="routetop" type="cfm-fast" waiting="0.00" lane="left_1" pos="42.91" speed="73.12" angle="107.30" x="49.21" y="-0.02"/>
        <vehicle id="cfm-fast_3" eclass="HBEFA3/PC_G_EU4" CO2="10883.00" CO="153.07" HC="0.97" NOx="4.48" PMx="0.24" fuel="4.68" electricity="0.00" noise="73.45" route="routebottom" type="cfm-fast" waiting="0.00" lane="right_0" pos="44.96" speed="24.68" angle="283.62" x="74.55" y="131.41"/>
        <vehicle id="cfm-fast_4" eclass="HBEFA3/PC_G_EU4" CO2="0.00" CO="0.00" HC="0.00" NOx="0.00" PMx="0.00" fuel="0.00" electricity="0.00" noise="88.28" route="routebottom" type="cfm-fast" waiting="0.00" lane="right_1" pos="7.97" speed="76.86" angle="350.11" x="126.92" y="79.86"/>
        <vehicle id="cfm-fast_5" eclass="HBEFA3/PC_G_EU4" CO2="19547.45" CO="334.94" HC="2.01" NOx="8.54" PMx="0.47" fuel="8.40" electricity="0.00" noise="77.92" route="routetop" type="cfm-fast" waiting="0.00" lane="top_0" pos="10.77" speed="25.72" angle="255.07" x="40.84" y="128.36"/>
        <vehicle id="cfm-slow_0" eclass="HBEFA3/PC_G_EU4" CO2="23309.69" CO="423.02" HC="2.51" NOx="10.27" PMx="0.58" fuel="10.02" electricity="0.00" noise="79.93" route="routetop" type="cfm-slow" waiting="0.00" lane="top_0" pos="27.72" speed="27.95" angle="224.58" x="11.20" y="107.85"/>
        <vehicle id="cfm-slow_1" eclass="HBEFA3/PC_G_EU4" CO2="19679.05" CO="364.69" HC="2.16" NOx="8.50" PMx="0.49" fuel="8.46" electricity="0.00" noise="78.36" route="routetop" type="cfm-slow" waiting="0.00" lane="left_0" pos="0.96" speed="30.40" angle="182.73" x="-4.90" y="61.50"/>
        <vehicle id="cfm-slow_2" eclass="HBEFA3/PC_G_EU4" CO2="8165.09" CO="141.17" HC="0.85" NOx="3.04" PMx="0.20" fuel="3.51" electricity="0.00" noise="75.15" route="routetop" type="cfm-slow" waiting="0.00" lane="left_0" pos="26.64" speed="32.01" angle="136.53" x="17.72" y="12.72"/>
        <vehicle id="cfm-slow_3" eclass="HBEFA3/PC_G_EU4" CO2="0.00" CO="0.00" HC="0.00" NOx="0.00" PMx="0.00" fuel="0.00" electricity="0.00" noise="73.42" route="routebottom" type="cfm-slow" waiting="0.00" lane="bottom_0" pos="3.85" speed="32.02" angle="87.61" x="72.02" y="-4.44"/>
        <vehicle id="cfm-slow_4" eclass="HBEFA3/PC_G_EU4" CO2="0.00" CO="0.00" HC="0.00" NOx="0.00" PMx="0.00" fuel="0.00" electricity="0.00" noise="72.33" route="routebottom" type="cfm-slow" waiting="0.00" lane="bottom_0" pos="30.90" speed="30.29" angle="38.90" x="120.27" y="24.91"/>
        <vehicle id="cfm-slow_5" eclass="HBEFA3/PC_G_EU4" CO2="0.00" CO="0.00" HC="0.00" NOx="0.00" PMx="0.00" fuel="0.00" electricity="0.00" noise="71.11" route="routebottom" type="cfm-slow" waiting="0.00" lane="right_0" pos="6.07" speed="27.65" angle="353.48" x="131.01" y="76.74"/>
    </timestep>
    <timestep time="6.73">
        <vehicle id="cfm-fast_0" eclass="HBEFA3/PC_G_EU4" CO2="168001.12" CO="4190.10" HC="23.35" NOx="77.87" PMx="4.71" fuel="72.22" electricity="0.00" noise="122.70" route="routetop" type="cfm-fast" waiting="0.00" lane="top_1" pos="36.51" speed="65.11" angle="208.82" x="4.14" y="90.52"/>
        <vehicle id="cfm-fast_1" eclass="HBEFA3/PC_G_EU4" CO2="0.00" CO="0.00" HC="0.00" NOx="0.00" PMx="0.00" fuel="0.00" electricity="0.00" noise="70.73" route="routebottom" type="cfm-fast" waiting="0.00" lane="right_0" pos="28.86" speed="25.39" angle="312.56" x="105.96" y="117.66"/>
        <vehicle id="cfm-fast_2" eclass="HBEFA3/PC_G_EU4" CO2="116180.92" CO="3446.18" HC="18.70" NOx="53.31" PMx="3.49" fuel="49.94" electricity="0.00" noise="108.87" route="routetop" type="cfm-fast" waiting="0.00" lane="left_1" pos="43.64" speed="73.17" angle="106.03" x="50.67" y="-0.34"/>
        <vehicle id="cfm-fast_3" eclass="HBEFA3/PC_G_EU4" CO2="10958.97" CO="154.67" HC="0.98" NOx="4.51" PMx="0.24" fuel="4.71" electricity="0.00" noise="73.49" route="routebottom" type="cfm-fast" waiting="0.00" lane="right_0" pos="45.21" speed="24.69" angle="283.18" x="74.02" y="131.48"/>
        <vehicle id="cfm-fast_4" eclass="HBEFA3/PC_G_EU4" CO2="0.00" CO="0.00" HC="0.00" NOx="0.00" PMx="0.00" fuel="0.00" electricity="0.00" noise="88.27" route="routebottom" type="cfm-fast" waiting="0.00" lane="right_1" pos="8.74" speed="76.84" angle="348.73" x="126.52" y="81.38"/>
        <vehicle id="cfm-fast_5" eclass="HBEFA3/PC_G_EU4" CO2="19581.13" CO="335.72" HC="2.02" NOx="8.56" PMx="0.47" fuel="8.42" electricity="0.00" noise="77.94" route="routetop" type="cfm-fast" waiting="0.00" lane="top_0" pos="11.03" speed="25.74" angle="254.58" x="40.32" y="128.17"/>
        <vehicle id="cfm-slow_0" eclass="HBEFA3/PC_G_EU4" CO2="23280.07" CO="422.55" HC="2.51" NOx="10.26" PMx="0.58" fuel="10.01" electricity="0.00" noise="79.92" route="routetop" type="cfm-slow" waiting="0.00" lane="top_0" pos="28.00" speed="27.98" angle="224.05" x="10.80" y="107.40"/>
        <vehicle id="cfm-slow_1" eclass="HBEFA3/PC_G_EU4" CO2="19573.13" CO="362.64" HC="2.14" NOx="8.45" PMx="0.49" fuel="8.41" electricity="0.00" noise="78.32" route="routetop" type="cfm-slow" waiting="0.00" lane="left_0" pos="1.27" speed="30.42" angle="182.20" x="-4.89" y="60.84"/>
        <vehicle id="cfm-slow_2" eclass="HBEFA3/PC_G_EU4" CO2="8020.78" CO="138.21" HC="0.84" NOx="2.97" PMx="0.19" fuel="3.45" electricity="0.00" noise="75.12" route="routetop" type="cfm-slow" waiting="0.00" lane="left_0" pos="26.96" speed="32.01" angle="136.00" x="18.23" y="12.25"/>
        <vehicle id="cfm-slow_3" eclass="HBEFA3/PC_G_EU4" CO2="0.00" CO="0.00" HC="0.00" NOx="0.00" PMx="0.00" fuel="0.00" electricity="0.00" noise="73.41" route="routebottom" type="cfm-slow" waiting="0.00" lane="bottom_0" pos="4.17" speed="32.00" angle="87.03" x="72.70" y="-4.34"/>
        <vehicle id="cfm-slow_4" eclass="HBEFA3/PC_G_EU4" CO2="0.00" CO="0.00" HC="0.00" NOx="0.00" PMx="0.00" fuel="0.00" electricity="0.00" noise="72.32" route="routebottom" type="cfm-slow" waiting="0.00" lane="bottom_0" pos="31.20" speed="30.27" angle="38.35" x="120.64" y="25.45"/>
        <vehicle id="cfm-slow_5" eclass="HBEFA3/PC_G_EU4" CO2="0.00" CO="0.00" HC="0.00" NOx="0.00" PMx="0.00" fuel="0.00" electricity="0.00" noise="71.10" route="routebottom" type="cfm-slow" waiting="0.00" lane="right_0" pos="6.35" speed="27.63" angle="353.02" x="130.90" y="77.33"/>
    </timestep>
    <timestep time="6.74">
        <vehicle id="cfm-fast_0" eclass="HBEFA3/PC_G_EU4" CO2="167594.69" CO="4184.76" HC="23.31" NOx="77.68" PMx="4.70" fuel="72.04" electricity="0.00" noise="122.57" route="routetop" type="cfm-fast" waiting="0.00" lane="top_1" pos="37.17" speed="65.19" angle="207.65" x="3.59" y="89.30"/>
        <vehicle id="cfm-fast_1" eclass="HBEFA3/PC_G_EU4" CO2="0.00" CO="0.00" HC="0.00" NOx="0.00" PMx="0.00" fuel="0.00" electricity="0.00" noise="70.74" route="routebottom" type="cfm-fast" waiting="0.00" lane="right_0" pos="29.11" speed="25.38" angle="312.10" x="105.53" y="118.00"/>
        <vehicle id="cfm-fast_2" eclass="HBEFA3/PC_G_EU4" CO2="115150.71" CO="3426.80" HC="18.59" NOx="52.83" PMx="3.46" fuel="49.50" electricity="0.00" noise="108.64" route="routetop" type="cfm-fast" waiting="0.00" lane="left_1" pos="44.37" speed="73.21" angle="104.67" x="52.15" y="-0.62"/>
        <vehicle id="cfm-fast_3" eclass="HBEFA3/PC_G_EU4" CO2="11034.60" CO="156.25" HC="0.99" NOx="4.55" PMx="0.25" fuel="4.74" electricity="0.00" noise="73.52" route="routebottom" type="cfm-fast" waiting="0.00" lane="right_0" pos="45.46" speed="24.71" angle="282.73" x="73.50" y="131.56"/>
        <vehicle id="cfm-fast_4" eclass="HBEFA3/PC_G_EU4" CO2="0.00" CO="0.00" HC="0.00" NOx="0.00" PMx="0.00" fuel="0.00" electricity="0.00" noise="88.26" route="routebottom" type="cfm-fast" waiting="0.00" lane="right_1" pos="9.51" speed="76.83" angle="347.40" x="126.07" y="82.89"/>
        <vehicle id="cfm-fast_5" eclass="HBEFA3/PC_G_EU4" CO2="19614.30" CO="336.49" HC="2.02" NOx="8.57" PMx="0.47" fuel="8.43" electricity="0.00" noise="77.96" route="routetop" type="cfm-fast" waiting="0.00" lane="top_0" pos="11.29" speed="25.76" angle="254.09" x="39.80" y="127.98"/>
        <vehicle id="cfm-slow_0" eclass="HBEFA3/PC_G_EU4" CO2="23249.76" CO="422.07" HC="2.50" NOx="10.24" PMx="0.57" fuel="9.99" electricity="0.00" noise="79.90" route="routetop" type="cfm-slow" waiting="0.00" lane="top_0" pos="28.28" speed="28.00" angle="223.61" x="10.42" y="106.93"/>
        <vehicle id="cfm-slow_1" eclass="HBEFA3/PC_G_EU4" CO2="19466.78" CO="360.58" HC="2.13" NOx="8.40" PMx="0.49" fuel="8.37" electricity="0.00" noise="78.28" route="routetop" type="cfm-slow" waiting="0.00" lane="left_0" pos="1.57" speed="30.43" angle="181.65" x="-4.85" y="60.19"/>
        <vehicle id="cfm-slow_2" eclass="HBEFA3/PC_G_EU4" CO2="7876.91" CO="135.26" HC="0.82" NOx="2.90" PMx="0.19" fuel="3.39" electricity="0.00" noise="75.09" route="routetop" type="cfm-slow" waiting="0.00" lane="left_0" pos="27.28" speed="32.01" angle="135.40" x="18.75" y="11.81"/>
        <vehicle id="cfm-slow_3" eclass="HBEFA3/PC_G_EU4" CO2="0.00" CO="0.00" HC="0.00" NOx="0.00" PMx="0.00" fuel="0.00" electricity="0.00" noise="73.39" route="routebottom" type="cfm-slow" waiting="0.00" lane="bottom_0" pos="4.49" speed="31.98" angle="86.45" x="73.38" y="-4.25"/>
        <vehicle id="cfm-slow_4" eclass="HBEFA3/PC_G_EU4" CO2="0.00" CO="0.00" HC="0.00" NOx="0.00" PMx="0.00" fuel="0.00" electricity="0.00" noise="72.31" route="routebottom" type="cfm-slow" waiting="0.00" lane="bottom_0" pos="31.51" speed="30.24" angle="37.81" x="121.00" y="25.99"/>
        <vehicle id="cfm-slow_5" eclass="HBEFA3/PC_G_EU4" CO2="0.00" CO="0.00" HC="0.00" NOx="0.00" PMx="0.00" fuel="0.00" electricity="0.00" noise="71.09" route="routebottom" type="cfm-slow" waiting="0.00" lane="right_0" pos="6.62" speed="27.61" angle="352.51" x="130.77" y="77.91"/>
    </timestep>
    <timestep time="6.75">
        <vehicle id="cfm-fast_0" eclass="HBEFA3/PC_G_EU4" CO2="167182.16" CO="4179.29" HC="23.28" NOx="77.48" PMx="4.69" fuel="71.86" electricity="0.00" noise="122.44" route="routetop" type="cfm-fast" waiting="0.00" lane="top_1" pos="37.82" speed="65.28" angle="206.42" x="3.09" y="88.06"/>
        <vehicle id="cfm-fast_1" eclass="HBEFA3/PC_G_EU4" CO2="0.00" CO="0.00" HC="0.00" NOx="0.00" PMx="0.00" fuel="0.00" electricity="0.00" noise="70.76" route="routebottom" type="cfm-fast" waiting="0.00" lane="right_0" pos="29.36" speed="25.37" angle="311.63" x="105.10" y="118.34"/>
        <vehicle id="cfm-fast_2" eclass="HBEFA3/PC_G_EU4" CO2="114127.99" CO="3407.54" HC="18.48" NOx="52.34" PMx="3.44" fuel="49.06" electricity="0.00" noise="108.40" route="routetop" type="cfm-fast" waiting="0.00" lane="left_1" pos="45.10" speed="73.25" angle="103.38" x="53.63" y="-0.87"/>
        <vehicle id="cfm-fast_3" eclass="HBEFA3/PC_G_EU4" CO2="11109.90" CO="157.84" HC="0.99" NOx="4.59" PMx="0.25" fuel="4.78" electricity="0.00" noise="73.56" route="routebottom" type="cfm-fast" waiting="0.00" lane="right_0" pos="45.70" speed="24.72" angle="282.29" x="72.97" y="131.63"/>
        <vehicle id="cfm-fast_4" eclass="HBEFA3/PC_G_EU4" CO2="0.00" CO="0.00" HC="0.00" NOx="0.00" PMx="0.00" fuel="0.00" electricity="0.00" noise="88.25" route="routebottom" type="cfm-fast" waiting="0.00" lane="right_1" pos="10.27" speed="76.81" angle="346.05" x="125.60" y="84.40"/>
        <vehicle id="cfm-fast_5" eclass="HBEFA3/PC_G_EU4" CO2="19646.95" CO="337.25" HC="2.02" NOx="8.59" PMx="0.47" fuel="8.45" electricity="0.00" noise="77.98" route="routetop" type="cfm-fast" waiting="0.00" lane="top_0" pos="11.54" speed="25.78" angle="253.67" x="39.28" y="127.79"/>
        <vehicle id="cfm-slow_0" eclass="HBEFA3/PC_G_EU4" CO2="23218.75" CO="421.57" HC="2.50" NOx="10.23" PMx="0.57" fuel="9.98" electricity="0.00" noise="79.88" route="routetop" type="cfm-slow" waiting="0.00" lane="top_0" pos="28.56" speed="28.03" angle="223.10" x="10.05" y="106.46"/>
        <vehicle id="cfm-slow_1" eclass="HBEFA3/PC_G_EU4" CO2="19359.99" CO="358.51" HC="2.12" NOx="8.35" PMx="0.48" fuel="8.32" electricity="0.00" noise="78.24" route="routetop" type="cfm-slow" waiting="0.00" lane="left_0" pos="1.88" speed="30.45" angle="181.11" x="-4.81" y="59.54"/>
        <vehicle id="cfm-slow_2" eclass="HBEFA3/PC_G_EU4" CO2="7733.47" CO="132.32" HC="0.80" NOx="2.83" PMx="0.19" fuel="3.32" electricity="0.00" noise="75.07" route="routetop" type="cfm-slow" waiting="0.00" lane="left_0" pos="27.60" speed="32.02" angle="134.81" x="19.28" y="11.36"/>
        <vehicle id="cfm-slow_3" eclass="HBEFA3/PC_G_EU4" CO2="0.00" CO="0.00" HC="0.00" NOx="0.00" PMx="0.00" fuel="0.00" electricity="0.00" noise="73.38" route="routebottom" type="cfm-slow" waiting="0.00" lane="bottom_0" pos="4.81" speed="31.97" angle="85.87" x="74.06" y="-4.15"/>
        <vehicle id="cfm-slow_4" eclass="HBEFA3/PC_G_EU4" CO2="0.00" CO="0.00" HC="0.00" NOx="0.00" PMx="0.00" fuel="0.00" electricity="0.00" noise="72.30" route="routebottom" type="cfm-slow" waiting="0.00" lane="bottom_0" pos="31.81" speed="30.22" angle="37.27" x="121.36" y="26.53"/>
        <vehicle id="cfm-slow_5" eclass="HBEFA3/PC_G_EU4" CO2="0.00" CO="0.00" HC="0.00" NOx="0.00" PMx="0.00" fuel="0.00" electricity="0.00" noise="71.08" route="routebottom" type="cfm-slow" waiting="0.00" lane="right_0" pos="6.90" speed="27.59" angle="351.99" x="130.64" y="78.49"/>
    </timestep>
    <timestep time="6.76">
        <vehicle id="cfm-fast_0" eclass="HBEFA3/PC_G_EU4" CO2="166763.64" CO="4173.68" HC="23.24" NOx="77.29" PMx="4.68" fuel="71.68" electricity="0.00" noise="122.31" route="routetop" type="cfm-fast" waiting="0.00" lane="top_1" pos="38.47" speed="65.36" angle="205.24" x="2.60" y="86.81"/>
        <vehicle id="cfm-fast_1" eclass="HBEFA3/PC_G_EU4" CO2="0.00" CO="0.00" HC="0.00" NOx="0.00" PMx="0.00" fuel="0.00" electricity="0.00" noise="70.77" route="routebottom" type="cfm-fast" waiting="0.00" lane="right_0" pos="29.62" speed="25.37" angle="311.22" x="104.66" y="118.66"/>
        <vehicle id="cfm-fast_2" eclass="HBEFA3/PC_G_EU4" CO2="113112.82" CO="3388.41" HC="18.36" NOx="51.86" PMx="3.41" fuel="48.62" electricity="0.00" noise="108.17" route="routetop" type="cfm-fast" waiting="0.00" lane="left_1" pos="45.84" speed="73.29" angle="102.03" x="55.12" y="-1.08"/>
        <vehicle id="cfm-fast_3" eclass="HBEFA3/PC_G_EU4" CO2="11184.86" CO="159.41" HC="1.00" NOx="4.62" PMx="0.25" fuel="4.81" electricity="0.00" noise="73.59" route="routebottom" type="cfm-fast" waiting="0.00" lane="right_0" pos="45.95" speed="24.73" angle="281.84" x="72.44" y="131.71"/>
        <vehicle id="cfm-fast_4" eclass="HBEFA3/PC_G_EU4" CO2="0.00" CO="0.00" HC="0.00" NOx="0.00" PMx="0.00" fuel="0.00" electricity="0.00" noise="88.24" route="routebottom" type="cfm-fast" waiting="0.00" lane="right_1" pos="11.04" speed="76.79" angle="344.56" x="125.06" y="85.88"/>
        <vehicle id="cfm-fast_5" eclass="HBEFA3/PC_G_EU4" CO2="19679.08" CO="338.00" HC="2.03" NOx="8.60" PMx="0.47" fuel="8.46" electricity="0.00" noise="77.99" route="routetop" type="cfm-fast" waiting="0.00" lane="top_0" pos="11.80" speed="25.81" angle="253.20" x="38.76" y="127.58"/>
        <vehicle id="cfm-slow_0" eclass="HBEFA3/PC_G_EU4" CO2="23187.05" CO="421.06" HC="2.50" NOx="10.21" PMx="0.57" fuel="9.97" electricity="0.00" noise="79.87" route="routetop" type="cfm-slow" waiting="0.00" lane="top_0" pos="28.85" speed="28.05" angle="222.58" x="9.67" y="105.98"/>
        <vehicle id="cfm-slow_1" eclass="HBEFA3/PC_G_EU4" CO2="19252.78" CO="356.44" HC="2.11" NOx="8.30" PMx="0.48" fuel="8.28" electricity="0.00" noise="78.20" route="routetop" type="cfm-slow" waiting="0.00" lane="left_0" pos="2.18" speed="30.47" angle="180.56" x="-4.77" y="58.88"/>
        <vehicle id="cfm-slow_2" eclass="HBEFA3/PC_G_EU4" CO2="7590.48" CO="129.39" HC="0.79" NOx="2.77" PMx="0.18" fuel="3.26" electricity="0.00" noise="75.04" route="routetop" type="cfm-slow" waiting="0.00" lane="left_0" pos="27.92" speed="32.02" angle="134.21" x="19.80" y="10.92"/>
        <vehicle id="cfm-slow_3" eclass="HBEFA3/PC_G_EU4" CO2="0.00" CO="0.00" HC="0.00" NOx="0.00" PMx="0.00" fuel="0.00" electricity="0.00" noise="73.37" route="routebottom" type="cfm-slow" waiting="0.00" lane="bottom_0" pos="5.13" speed="31.95" angle="85.25" x="74.74" y="-4.05"/>
        <vehicle id="cfm-slow_4" eclass="HBEFA3/PC_G_EU4" CO2="0.00" CO="0.00" HC="0.00" NOx="0.00" PMx="0.00" fuel="0.00" electricity="0.00" noise="72.28" route="routebottom" type="cfm-slow" waiting="0.00" lane="bottom_0" pos="32.11" speed="30.19" angle="36.79" x="121.72" y="27.07"/>
        <vehicle id="cfm-slow_5" eclass="HBEFA3/PC_G_EU4" CO2="0.00" CO="0.00" HC="0.00" NOx="0.00" PMx="0.00" fuel="0.00" electricity="0.00" noise="71.08" route="routebottom" type="cfm-slow" waiting="0.00" lane="right_0" pos="7.18" speed="27.57" angle="351.48" x="130.51" y="79.07"/>
    </timestep>
    <timestep time="6.77">
        <vehicle id="cfm-fast_0" eclass="HBEFA3/PC_G_EU4" CO2="166339.22" CO="4167.95" HC="23.21" NOx="77.08" PMx="4.67" fuel="71.50" electricity="0.00" noise="122.18" route="routetop" type="cfm-fast" waiting="0.00" lane="top_1" pos="39.13" speed="65.44" angle="204.05" x="2.14" y="85.55"/>
        <vehicle id="cfm-fast_1" eclass="HBEFA3/PC_G_EU4" CO2="0.00" CO="0.00" HC="0.00" NOx="0.00" PMx="0.00" fuel="0.00" electricity="0.00" noise="70.78" route="routebottom" type="cfm-fast" waiting="0.00" lane="right_0" pos="29.87" speed="25.36" angle="310.75" x="104.22" y="118.98"/>
        <vehicle id="cfm-fast_2" eclass="HBEFA3/PC_G_EU4" CO2="112105.29" CO="3369.42" HC="18.25" NOx="51.39" PMx="3.39" fuel="48.19" electricity="0.00" noise="107.94" route="routetop" type="cfm-fast" waiting="0.00" lane="left_1" pos="46.57" speed="73.33" angle="100.74" x="56.61" y="-1.26"/>
        <vehicle id="cfm-fast_3" eclass="HBEFA3/PC_G_EU4" CO2="11259.48" CO="160.98" HC="1.01" NOx="4.66" PMx="0.25" fuel="4.84" electricity="0.00" noise="73.63" route="routebottom" type="cfm-fast" waiting="0.00" lane="right_0" pos="46.20" speed="24.74" angle="281.45" x="71.92" y="131.78"/>
        <vehicle id="cfm-fast_4" eclass="HBEFA3/PC_G_EU4" CO2="0.00" CO="0.00" HC="0.00" NOx="0.00" PMx="0.00" fuel="0.00" electricity="0.00" noise="88.24" route="routebottom" type="cfm-fast" waiting="0.00" lane="right_1" pos="11.81" speed="76.78" angle="343.19" x="124.51" y="87.35"/>
        <vehicle id="cfm-fast_5" eclass="HBEFA3/PC_G_EU4" CO2="19710.69" CO="338.74" HC="2.03" NOx="8.62" PMx="0.48" fuel="8.47" electricity="0.00" noise="78.01" route="routetop" type="cfm-fast" waiting="0.00" lane="top_0" pos="12.06" speed="25.83" angle="252.73" x="38.25" y="127.38"/>
        <vehicle id="cfm-slow_0" eclass="HBEFA3/PC_G_EU4" CO2="23154.67" CO="420.53" HC="2.49" NOx="10.19" PMx="0.57" fuel="9.95" electricity="0.00" noise="79.85" route="routetop" type="cfm-slow" waiting="0.00" lane="top_0" pos="29.13" speed="28.07" angle="222.07" x="9.30" y="105.51"/>
        <vehicle id="cfm-slow_1" eclass="HBEFA3/PC_G_EU4" CO2="19145.16" CO="354.35" HC="2.10" NOx="8.25" PMx="0.48" fuel="8.23" electricity="0.00" noise="78.15" route="routetop" type="cfm-slow" waiting="0.00" lane="left_0" pos="2.49" speed="30.48" angle="180.02" x="-4.73" y="58.23"/>
        <vehicle id="cfm-slow_2" eclass="HBEFA3/PC_G_EU4" CO2="7447.94" CO="126.47" HC="0.77" NOx="2.70" PMx="0.18" fuel="3.20" electricity="0.00" noise="75.01" route="routetop" type="cfm-slow" waiting="0.00" lane="left_0" pos="28.24" speed="32.02" angle="133.68" x="20.33" y="10.47"/>
        <vehicle id="cfm-slow_3" eclass="HBEFA3/PC_G_EU4" CO2="0.00" CO="0.00" HC="0.00" NOx="0.00" PMx="0.00" fuel="0.00" electricity="0.00" noise="73.36" route="routebottom" type="cfm-slow" waiting="0.00" lane="bottom_0" pos="5.45" speed="31.94" angle="84.67" x="75.42" y="-3.93"/>
        <vehicle id="cfm-slow_4" eclass="HBEFA3/PC_G_EU4" CO2="0.00" CO="0.00" HC="0.00" NOx="0.00" PMx="0.00" fuel="0.00" electricity="0.00" noise="72.27" route="routebottom" type="cfm-slow" waiting="0.00" lane="bottom_0" pos="32.41" speed="30.17" angle="36.23" x="122.05" y="27.63"/>
        <vehicle id="cfm-slow_5" eclass="HBEFA3/PC_G_EU4" CO2="0.00" CO="0.00" HC="0.00" NOx="0.00" PMx="0.00" fuel="0.00" electricity="0.00" noise="71.07" route="routebottom" type="cfm-slow" waiting="0.00" lane="right_0" pos="7.45" speed="27.55" angle="350.96" x="130.38" y="79.64"/>
    </timestep>
    <timestep time="6.78">
        <vehicle id="cfm-fast_0" eclass="HBEFA3/PC_G_EU4" CO2="165909.01" CO="4162.09" HC="23.17" NOx="76.88" PMx="4.66" fuel="71.32" electricity="0.00" noise="122.04" route="routetop" type="cfm-fast" waiting="0.00" lane="top_1" pos="39.78" speed="65.52" angle="202.92" x="1.69" y="84.28"/>
        <vehicle id="cfm-fast_1" eclass="HBEFA3/PC_G_EU4" CO2="0.00" CO="0.00" HC="0.00" NOx="0.00" PMx="0.00" fuel="0.00" electricity="0.00" noise="70.79" route="routebottom" type="cfm-fast" waiting="0.00" lane="right_0" pos="30.12" speed="25.35" angle="310.28" x="103.78" y="119.30"/>
        <vehicle id="cfm-fast_2" eclass="HBEFA3/PC_G_EU4" CO2="111105.44" CO="3350.56" HC="18.14" NOx="50.92" PMx="3.36" fuel="47.76" electricity="0.00" noise="107.71" route="routetop" type="cfm-fast" waiting="0.00" lane="left_1" pos="47.30" speed="73.37" angle="99.37" x="58.11" y="-1.41"/>
        <vehicle id="cfm-fast_3" eclass="HBEFA3/PC_G_EU4" CO2="11333.76" CO="162.54" HC="1.02" NOx="4.69" PMx="0.25" fuel="4.87" electricity="0.00" noise="73.66" route="routebottom" type="cfm-fast" waiting="0.00" lane="right_0" pos="46.45" speed="24.75" angle="281.00" x="71.39" y="131.84"/>
        <vehicle id="cfm-fast_4" eclass="HBEFA3/PC_G_EU4" CO2="0.00" CO="0.00" HC="0.00" NOx="0.00" PMx="0.00" fuel="0.00" electricity="0.00" noise="88.23" route="routebottom" type="cfm-fast" waiting="0.00" lane="right_1" pos="12.58" speed="76.76" angle="341.84" x="123.93" y="88.81"/>
        <vehicle id="cfm-fast_5" eclass="HBEFA3/PC_G_EU4" CO2="19741.78" CO="339.47" HC="2.04" NOx="8.63" PMx="0.48" fuel="8.49" electricity="0.00" noise="78.03" route="routetop" type="cfm-fast" waiting="0.00" lane="top_0" pos="12.32" speed="25.85" angle="252.26" x="37.73" y="127.17"/>
        <vehicle id="cfm-slow_0" eclass="HBEFA3/PC_G_EU4" CO2="23121.59" CO="419.99" HC="2.49" NOx="10.18" PMx="0.57" fuel="9.94" electricity="0.00" noise="79.83" route="routetop" type="cfm-slow" waiting="0.00" lane="top_0" pos="29.41" speed="28.10" angle="221.58" x="8.93" y="105.03"/>
        <vehicle id="cfm-slow_1" eclass="HBEFA3/PC_G_EU4" CO2="19037.13" CO="352.25" HC="2.08" NOx="8.20" PMx="0.47" fuel="8.18" electricity="0.00" noise="78.11" route="routetop" type="cfm-slow" waiting="0.00" lane="left_0" pos="2.79" speed="30.50" angle="179.49" x="-4.67" y="57.57"/>
        <vehicle id="cfm-slow_2" eclass="HBEFA3/PC_G_EU4" CO2="7305.86" CO="123.55" HC="0.75" NOx="2.63" PMx="0.17" fuel="3.14" electricity="0.00" noise="74.98" route="routetop" type="cfm-slow" waiting="0.00" lane="left_0" pos="28.56" speed="32.02" angle="133.08" x="20.87" y="10.05"/>
        <vehicle id="cfm-slow_3" eclass="HBEFA3/PC_G_EU4" CO2="0.00" CO="0.00" HC="0.00" NOx="0.00" PMx="0.00" fuel="0.00" electricity="0.00" noise="73.35" route="routebottom" type="cfm-slow" waiting="0.00" lane="bottom_0" pos="5.77" speed="31.92" angle="84.09" x="76.09" y="-3.81"/>
        <vehicle id="cfm-slow_4" eclass="HBEFA3/PC_G_EU4" CO2="0.00" CO="0.00" HC="0.00" NOx="0.00" PMx="0.00" fuel="0.00" electricity="0.00" noise="72.26" route="routebottom" type="cfm-slow" waiting="0.00" lane="bottom_0" pos="32.71" speed="30.14" angle="35.66" x="122.38" y="28.19"/>
        <vehicle id="cfm-slow_5" eclass="HBEFA3/PC_G_EU4" CO2="0.00" CO="0.00" HC="0.00" NOx="0.00" PMx="0.00" fuel="0.00" electricity="0.00" noise="71.06" route="routebottom" type="cfm-slow" waiting="0.00" lane="right_0" pos="7.73" speed="27.53" angle="350.52" x="130.25" y="80.22"/>
    </timestep>
    <timestep time="6.79">
        <vehicle id="cfm-fast_0" eclass="HBEFA3/PC_G_EU4" CO2="165473.12" CO="4156.10" HC="23.13" NOx="76.67" PMx="4.65" fuel="71.13" electricity="0.00" noise="121.91" route="routetop" type="cfm-fast" waiting="0.00" lane="top_1" pos="40.44" speed="65.60" angle="201.69" x="1.29" y="83.00"/>
        <vehicle id="cfm-fast_1" eclass="HBEFA3/PC_G_EU4" CO2="0.00" CO="0.00" HC="0.00" NOx="0.00" PMx="0.00" fuel="0.00" electricity="0.00" noise="70.81" route="routebottom" type="cfm-fast" waiting="0.00" lane="right_0" pos="30.38" speed="25.35" angle="309.81" x="103.34" y="119.62"/>
        <vehicle id="cfm-fast_2" eclass="HBEFA3/PC_G_EU4" CO2="110113.34" CO="3331.84" HC="18.03" NOx="50.45" PMx="3.34" fuel="47.33" electricity="0.00" noise="107.48" route="routetop" type="cfm-fast" waiting="0.00" lane="left_1" pos="48.04" speed="73.41" angle="98.07" x="59.61" y="-1.51"/>
        <vehicle id="cfm-fast_3" eclass="HBEFA3/PC_G_EU4" CO2="11407.70" CO="164.10" HC="1.03" NOx="4.73" PMx="0.26" fuel="4.90" electricity="0.00" noise="73.70" route="routebottom" type="cfm-fast" waiting="0.00" lane="right_0" pos="46.69" speed="24.76" angle="280.54" x="70.86" y="131.89"/>
        <vehicle id="cfm-fast_4" eclass="HBEFA3/PC_G_EU4" CO2="0.00" CO="0.00" HC="0.00" NOx="0.00" PMx="0.00" fuel="0.00" electricity="0.00" noise="88.23" route="routebottom" type="cfm-fast" waiting="0.00" lane="right_1" pos="13.35" speed="76.74" angle="340.47" x="123.30" y="90.26"/>
        <vehicle id="cfm-fast_5" eclass="HBEFA3/PC_G_EU4" CO2="19772.35" CO="340.19" HC="2.04" NOx="8.65" PMx="0.48" fuel="8.50" electricity="0.00" noise="78.05" route="routetop" type="cfm-fast" waiting="0.00" lane="top_0" pos="12.58" speed="25.87" angle="251.80" x="37.22" y="126.96"/>
        <vehicle id="cfm-slow_0" eclass="HBEFA3/PC_G_EU4" CO2="23087.83" CO="419.44" HC="2.49" NOx="10.16" PMx="0.57" fuel="9.92" electricity="0.00" noise="79.81" route="routetop" type="cfm-slow" waiting="0.00" lane="top_0" pos="29.69" speed="28.12" angle="221.10" x="8.57" y="104.55"/>
        <vehicle id="cfm-slow_1" eclass="HBEFA3/PC_G_EU4" CO2="18928.70" CO="350.15" HC="2.07" NOx="8.15" PMx="0.47" fuel="8.14" electricity="0.00" noise="78.07" route="routetop" type="cfm-slow" waiting="0.00" lane="left_0" pos="3.10" speed="30.52" angle="178.94" x="-4.61" y="56.92"/>
        <vehicle id="cfm-slow_2" eclass="HBEFA3/PC_G_EU4" CO2="7164.25" CO="120.64" HC="0.74" NOx="2.56" PMx="0.17" fuel="3.08" electricity="0.00" noise="74.95" route="routetop" type="cfm-slow" waiting="0.00" lane="left_0" pos="28.88" speed="32.02" angle="132.49" x="21.41" y="9.62"/>
        <vehicle id="cfm-slow_3" eclass="HBEFA3/PC_G_EU4" CO2="0.00" CO="0.00" HC="0.00" NOx="0.00" PMx="0.00" fuel="0.00" electricity="0.00" noise="73.34" route="routebottom" type="cfm-slow" waiting="0.00" lane="bottom_0" pos="6.08" speed="31.91" angle="83.51" x="76.77" y="-3.68"/>
        <vehicle id="cfm-slow_4" eclass="HBEFA3/PC_G_EU4" CO2="0.00" CO="0.00" HC="0.00" NOx="0.00" PMx="0.00" fuel="0.00" electricity="0.00" noise="72.25" route="routebottom" type="cfm-slow" waiting="0.00" lane="bottom_0" pos="33.02" speed="30.12" angle="35.10" x="122.71" y="28.75"/>
        <vehicle id="cfm-slow_5" eclass="HBEFA3/PC_G_EU4" CO2="0.00" CO="0.00" HC="0.00" NOx="0.00" PMx="0.00" fuel="0.00" electricity="0.00" noise="71.06" route="routebottom" type="cfm-slow" waiting="0.00" lane="right_0" pos="8.00" speed="27.50" angle="350.01" x="130.09" y="80.79"/>
    </timestep>
    <timestep time="6.80">
        <vehicle id="cfm-fast_0" eclass="HBEFA3/PC_G_EU4" CO2="165031.66" CO="4149.99" HC="23.09" NOx="76.46" PMx="4.64" fuel="70.94" electricity="0.00" noise="121.77" route="routetop" type="cfm-fast" waiting="0.00" lane="top_1" pos="41.09" speed="65.68" angle="200.53" x="0.90" y="81.71"/>
        <vehicle id="cfm-fast_1" eclass="HBEFA3/PC_G_EU4" CO2="0.00" CO="0.00" HC="0.00" NOx="0.00" PMx="0.00" fuel="0.00" electricity="0.00" noise="70.82" route="routebottom" type="cfm-fast" waiting="0.00" lane="right_0" pos="30.63" speed="25.34" angle="309.34" x="102.89" y="119.94"/>
        <vehicle id="cfm-fast_2" eclass="HBEFA3/PC_G_EU4" CO2="109129.05" CO="3313.26" HC="17.92" NOx="49.98" PMx="3.31" fuel="46.91" electricity="0.00" noise="107.26" route="routetop" type="cfm-fast" waiting="0.00" lane="left_1" pos="48.77" speed="73.45" angle="96.77" x="61.11" y="-1.60"/>
        <vehicle id="cfm-fast_3" eclass="HBEFA3/PC_G_EU4" CO2="11481.29" CO="165.65" HC="1.04" NOx="4.76" PMx="0.26" fuel="4.94" electricity="0.00" noise="73.73" route="routebottom" type="cfm-fast" waiting="0.00" lane="right_0" pos="46.94" speed="24.77" angle="280.09" x="70.33" y="131.94"/>
        <vehicle id="cfm-fast_4" eclass="HBEFA3/PC_G_EU4" CO2="0.00" CO="0.00" HC="0.00" NOx="0.00" PMx="0.00" fuel="0.00" electricity="0.00" noise="88.23" route="routebottom" type="cfm-fast" waiting="0.00" lane="right_1" pos="14.11" speed="76.73" angle="339.10" x="122.66" y="91.69"/>
        <vehicle id="cfm-fast_5" eclass="HBEFA3/PC_G_EU4" CO2="19802.40" CO="340.90" HC="2.05" NOx="8.66" PMx="0.48" fuel="8.51" electricity="0.00" noise="78.06" route="routetop" type="cfm-fast" waiting="0.00" lane="top_0" pos="12.84" speed="25.90" angle="251.38" x="36.70" y="126.75"/>
        <vehicle id="cfm-slow_0" eclass="HBEFA3/PC_G_EU4" CO2="23053.38" CO="418.87" HC="2.48" NOx="10.14" PMx="0.57" fuel="9.91" electricity="0.00" noise="79.80" route="routetop" type="cfm-slow" waiting="0.00" lane="top_0" pos="29.97" speed="28.15" angle="220.58" x="8.22" y="104.05"/>
        <vehicle id="cfm-slow_1" eclass="HBEFA3/PC_G_EU4" CO2="18819.88" CO="348.03" HC="2.06" NOx="8.10" PMx="0.47" fuel="8.09" electricity="0.00" noise="78.03" route="routetop" type="cfm-slow" waiting="0.00" lane="left_0" pos="3.40" speed="30.53" angle="178.40" x="-4.54" y="56.27"/>
        <vehicle id="cfm-slow_2" eclass="HBEFA3/PC_G_EU4" CO2="7023.11" CO="117.74" HC="0.72" NOx="2.50" PMx="0.17" fuel="3.02" electricity="0.00" noise="74.93" route="routetop" type="cfm-slow" waiting="0.00" lane="left_0" pos="29.20" speed="32.02" angle="131.89" x="21.96" y="9.20"/>
        <vehicle id="cfm-slow_3" eclass="HBEFA3/PC_G_EU4" CO2="0.00" CO="0.00" HC="0.00" NOx="0.00" PMx="0.00" fuel="0.00" electricity="0.00" noise="73.32" route="routebottom" type="cfm-slow" waiting="0.00" lane="bottom_0" pos="6.40" speed="31.89" angle="82.98" x="77.44" y="-3.56"/>
        <vehicle id="cfm-slow_4" eclass="HBEFA3/PC_G_EU4" CO2="0.00" CO="0.00" HC="0.00" NOx="0.00" PMx="0.00" fuel="0.00" electricity="0.00" noise="72.24" route="routebottom" type="cfm-slow" waiting="0.00" lane="bottom_0" pos="33.32" speed="30.09" angle="34.58" x="123.05" y="29.30"/>
        <vehicle id="cfm-slow_5" eclass="HBEFA3/PC_G_EU4" CO2="0.00" CO="0.00" HC="0.00" NOx="0.00" PMx="0.00" fuel="0.00" electricity="0.00" noise="71.05" route="routebottom" type="cfm-slow" waiting="0.00" lane="right_0" pos="8.28" speed="27.48" angle="349.51" x="129.94" y="81.36"/>
    </timestep>
    <timestep time="6.81">
        <vehicle id="cfm-fast_0" eclass="HBEFA3/PC_G_EU4" CO2="164584.71" CO="4143.75" HC="23.05" NOx="76.25" PMx="4.63" fuel="70.75" electricity="0.00" noise="121.63" route="routetop" type="cfm-fast" waiting="0.00" lane="top_1" pos="41.75" speed="65.76" angle="199.32" x="0.55" y="80.41"/>
        <vehicle id="cfm-fast_1" eclass="HBEFA3/PC_G_EU4" CO2="0.00" CO="0.00" HC="0.00" NOx="0.00" PMx="0.00" fuel="0.00" electricity="0.00" noise="70.83" route="routebottom" type="cfm-fast" waiting="0.00" lane="right_0" pos="30.89" speed="25.34" angle="308.93" x="102.45" y="120.25"/>
        <vehicle id="cfm-fast_2" eclass="HBEFA3/PC_G_EU4" CO2="108152.62" CO="3294.81" HC="17.82" NOx="49.52" PMx="3.29" fuel="46.49" electricity="0.00" noise="107.04" route="routetop" type="cfm-fast" waiting="0.00" lane="left_1" pos="49.51" speed="73.49" angle="95.39" x="62.62" y="-1.63"/>
        <vehicle id="cfm-fast_3" eclass="HBEFA3/PC_G_EU4" CO2="11554.54" CO="167.19" HC="1.05" NOx="4.79" PMx="0.26" fuel="4.97" electricity="0.00" noise="73.77" route="routebottom" type="cfm-fast" waiting="0.00" lane="right_0" pos="47.19" speed="24.78" angle="279.63" x="69.80" y="132.00"/>
        <vehicle id="cfm-fast_4" eclass="HBEFA3/PC_G_EU4" CO2="0.00" CO="0.00" HC="0.00" NOx="0.00" PMx="0.00" fuel="0.00" electricity="0.00" noise="88.23" route="routebottom" type="cfm-fast" waiting="0.00" lane="right_1" pos="14.88" speed="76.71" angle="337.66" x="121.95" y="93.10"/>
        <vehicle id="cfm-fast_5" eclass="HBEFA3/PC_G_EU4" CO2="19831.91" CO="341.59" HC="2.05" NOx="8.67" PMx="0.48" fuel="8.52" electricity="0.00" noise="78.08" route="routetop" type="cfm-fast" waiting="0.00" lane="top_0" pos="13.09" speed="25.92" angle="250.91" x="36.19" y="126.53"/>
        <vehicle id="cfm-slow_0" eclass="HBEFA3/PC_G_EU4" CO2="23018.25" CO="418.29" HC="2.48" NOx="10.13" PMx="0.57" fuel="9.89" electricity="0.00" noise="79.78" route="routetop" type="cfm-slow" waiting="0.00" lane="top_0" pos="30.25" speed="28.17" angle="220.05" x="7.86" y="103.56"/>
        <vehicle id="cfm-slow_1" eclass="HBEFA3/PC_G_EU4" CO2="18710.67" CO="345.91" HC="2.05" NOx="8.04" PMx="0.47" fuel="8.04" electricity="0.00" noise="77.99" route="routetop" type="cfm-slow" waiting="0.00" lane="left_0" pos="3.71" speed="30.55" angle="177.85" x="-4.47" y="55.61"/>
        <vehicle id="cfm-slow_2" eclass="HBEFA3/PC_G_EU4" CO2="6882.45" CO="114.85" HC="0.70" NOx="2.43" PMx="0.16" fuel="2.96" electricity="0.00" noise="74.90" route="routetop" type="cfm-slow" waiting="0.00" lane="left_0" pos="29.53" speed="32.02" angle="131.37" x="22.50" y="8.77"/>
        <vehicle id="cfm-slow_3" eclass="HBEFA3/PC_G_EU4" CO2="0.00" CO="0.00" HC="0.00" NOx="0.00" PMx="0.00" fuel="0.00" electricity="0.00" noise="73.31" route="routebottom" type="cfm-slow" waiting="0.00" lane="bottom_0" pos="6.72" speed="31.87" angle="82.37" x="78.11" y="-3.40"/>
        <vehicle id="cfm-slow_4" eclass="HBEFA3/PC_G_EU4" CO2="0.00" CO="0.00" HC="0.00" NOx="0.00" PMx="0.00" fuel="0.00" electricity="0.00" noise="72.23" route="routebottom" type="cfm-slow" waiting="0.00" lane="bottom_0" pos="33.62" speed="30.07" angle="34.04" x="123.36" y="29.87"/>
        <vehicle id="cfm-slow_5" eclass="HBEFA3/PC_G_EU4" CO2="0.00" CO="0.00" HC="0.00" NOx="0.00" PMx="0.00" fuel="0.00" electricity="0.00" noise="71.04" route="routebottom" type="cfm-slow" waiting="0.00" lane="right_0" pos="8.55" speed="27.46" angle="349.01" x="129.79" y="81.93"/>
    </timestep>
    <timestep time="6.82">
        <vehicle id="cfm-fast_0" eclass="HBEFA3/PC_G_EU4" CO2="164132.40" CO="4137.40" HC="23.01" NOx="76.04" PMx="4.62" fuel="70.55" electricity="0.00" noise="121.49" route="routetop" type="cfm-fast" waiting="0.00" lane="top_1" pos="42.41" speed="65.84" angle="198.18" x="0.21" y="79.10"/>
        <vehicle id="cfm-fast_1" eclass="HBEFA3/PC_G_EU4" CO2="0.00" CO="0.00" HC="0.00" NOx="0.00" PMx="0.00" fuel="0.00" electricity="0.00" noise="70.85" route="routebottom" type="cfm-fast" waiting="0.00" lane="right_0" pos="31.14" speed="25.33" angle="308.48" x="101.99" y="120.55"/>
        <vehicle id="cfm-fast_2" eclass="HBEFA3/PC_G_EU4" CO2="107184.10" CO="3276.51" HC="17.71" NOx="49.06" PMx="3.26" fuel="46.07" electricity="0.00" noise="106.82" route="routebottom" type="cfm-fast" waiting="0.00" lane="bottom_1" pos="0.24" speed="73.52" angle="94.05" x="64.19" y="-1.64"/>
        <vehicle id="cfm-fast_3" eclass="HBEFA3/PC_G_EU4" CO2="11627.45" CO="168.73" HC="1.06" NOx="4.83" PMx="0.26" fuel="5.00" electricity="0.00" noise="73.80" route="routebottom" type="cfm-fast" waiting="0.00" lane="right_0" pos="47.44" speed="24.79" angle="279.22" x="69.27" y="132.05"/>
        <vehicle id="cfm-fast_4" eclass="HBEFA3/PC_G_EU4" CO2="0.00" CO="0.00" HC="0.00" NOx="0.00" PMx="0.00" fuel="0.00" electricity="0.00" noise="88.23" route="routebottom" type="cfm-fast" waiting="0.00" lane="right_1" pos="15.65" speed="76.70" angle="336.32" x="121.23" y="94.49"/>
        <vehicle id="cfm-fast_5" eclass="HBEFA3/PC_G_EU4" CO2="19860.90" CO="342.28" HC="2.05" NOx="8.69" PMx="0.48" fuel="8.54" electricity="0.00" noise="78.10" route="routetop" type="cfm-fast" waiting="0.00" lane="top_0" pos="13.35" speed="25.94" angle="250.44" x="35.68" y="126.30"/>
        <vehicle id="cfm-slow_0" eclass="HBEFA3/PC_G_EU4" CO2="22982.43" CO="417.70" HC="2.48" NOx="10.11" PMx="0.57" fuel="9.88" electricity="0.00" noise="79.76" route="routetop" type="cfm-slow" waiting="0.00" lane="top_0" pos="30.53" speed="28.20" angle="219.53" x="7.51" y="103.07"/>
        <vehicle id="cfm-slow_1" eclass="HBEFA3/PC_G_EU4" CO2="18601.09" CO="343.78" HC="2.03" NOx="7.99" PMx="0.46" fuel="8.00" electricity="0.00" noise="77.95" route="routetop" type="cfm-slow" waiting="0.00" lane="left_0" pos="4.01" speed="30.56" angle="177.32" x="-4.39" y="54.96"/>
        <vehicle id="cfm-slow_2" eclass="HBEFA3/PC_G_EU4" CO2="6742.28" CO="111.97" HC="0.69" NOx="2.36" PMx="0.16" fuel="2.90" electricity="0.00" noise="74.87" route="routetop" type="cfm-slow" waiting="0.00" lane="left_0" pos="29.85" speed="32.02" angle="130.78" x="23.06" y="8.37"/>
        <vehicle id="cfm-slow_3" eclass="HBEFA3/PC_G_EU4" CO2="0.00" CO="0.00" HC="0.00" NOx="0.00" PMx="0.00" fuel="0.00" electricity="0.00" noise="73.30" route="routebottom" type="cfm-slow" waiting="0.00" lane="bottom_0" pos="7.04" speed="31.86" angle="81.76" x="78.78" y="-3.25"/>
        <vehicle id="cfm-slow_4" eclass="HBEFA3/PC_G_EU4" CO2="0.00" CO="0.00" HC="0.00" NOx="0.00" PMx="0.00" fuel="0.00" electricity="0.00" noise="72.22" route="routebottom" type="cfm-slow" waiting="0.00" lane="bottom_0" pos="33.92" speed="30.04" angle="33.49" x="123.67" y="30.43"/>
        <vehicle id="cfm-slow_5" eclass="HBEFA3/PC_G_EU4" CO2="0.00" CO="0.00" HC="0.00" NOx="0.00" PMx="0.00" fuel="0.00" electricity="0.00" noise="71.03" route="routebottom" type="cfm-slow" waiting="0.00" lane="right_0" pos="8.83" speed="27.44" angle="348.51" x="129.63" y="82.50"/>
    </timestep>
    <timestep time="6.83">
        <vehicle id="cfm-fast_0" eclass="HBEFA3/PC_G_EU4" CO2="163674.82" CO="4130.92" HC="22.97" NOx="75.82" PMx="4.61" fuel="70.36" electricity="0.00" noise="121.35" route="routetop" type="cfm-fast" waiting="0.00" lane="top_1" pos="43.07" speed="65.92" angle="196.99" x="-0.09" y="77.78"/>
        <vehicle id="cfm-fast_1" eclass="HBEFA3/PC_G_EU4" CO2="0.00" CO="0.00" HC="0.00" NOx="0.00" PMx="0.00" fuel="0.00" electricity="0.00" noise="70.86" route="routebottom" type="cfm-fast" waiting="0.00" lane="right_0" pos="31.39" speed="25.33" angle="308.02" x="101.54" y="120.86"/>
        <vehicle id="cfm-fast_2" eclass="HBEFA3/PC_G_EU4" CO2="106223.54" CO="3258.34" HC="17.60" NOx="48.61" PMx="3.24" fuel="45.66" electricity="0.00" noise="106.60" route="routebottom" type="cfm-fast" waiting="0.00" lane="bottom_1" pos="0.98" speed="73.56" angle="92.71" x="65.69" y="-1.61"/>
        <vehicle id="cfm-fast_3" eclass="HBEFA3/PC_G_EU4" CO2="11700.00" CO="170.26" HC="1.07" NOx="4.86" PMx="0.26" fuel="5.03" electricity="0.00" noise="73.84" route="routebottom" type="cfm-fast" waiting="0.00" lane="right_0" pos="47.69" speed="24.81" angle="278.78" x="68.73" y="132.09"/>
        <vehicle id="cfm-fast_4" eclass="HBEFA3/PC_G_EU4" CO2="0.00" CO="0.00" HC="0.00" NOx="0.00" PMx="0.00" fuel="0.00" electricity="0.00" noise="88.23" route="routebottom" type="cfm-fast" waiting="0.00" lane="right_1" pos="16.41" speed="76.68" angle="334.96" x="120.47" y="95.87"/>
        <vehicle id="cfm-fast_5" eclass="HBEFA3/PC_G_EU4" CO2="19889.36" CO="342.96" HC="2.06" NOx="8.70" PMx="0.48" fuel="8.55" electricity="0.00" noise="78.11" route="routetop" type="cfm-fast" waiting="0.00" lane="top_0" pos="13.61" speed="25.96" angle="249.96" x="35.17" y="126.07"/>
        <vehicle id="cfm-slow_0" eclass="HBEFA3/PC_G_EU4" CO2="22945.94" CO="417.09" HC="2.47" NOx="10.09" PMx="0.57" fuel="9.86" electricity="0.00" noise="79.74" route="routetop" type="cfm-slow" waiting="0.00" lane="top_0" pos="30.82" speed="28.22" angle="219.07" x="7.16" y="102.57"/>
        <vehicle id="cfm-slow_1" eclass="HBEFA3/PC_G_EU4" CO2="18491.13" CO="341.64" HC="2.02" NOx="7.94" PMx="0.46" fuel="7.95" electricity="0.00" noise="77.90" route="routetop" type="cfm-slow" waiting="0.00" lane="left_0" pos="4.32" speed="30.58" angle="176.76" x="-4.30" y="54.31"/>
        <vehicle id="cfm-slow_2" eclass="HBEFA3/PC_G_EU4" CO2="6602.61" CO="109.09" HC="0.67" NOx="2.30" PMx="0.16" fuel="2.84" electricity="0.00" noise="74.85" route="routetop" type="cfm-slow" waiting="0.00" lane="left_0" pos="30.17" speed="32.02" angle="130.19" x="23.62" y="7.97"/>
        <vehicle id="cfm-slow_3" eclass="HBEFA3/PC_G_EU4" CO2="0.00" CO="0.00" HC="0.00" NOx="0.00" PMx="0.00" fuel="0.00" electricity="0.00" noise="73.29" route="routebottom" type="cfm-slow" waiting="0.00" lane="bottom_0" pos="7.36" speed="31.84" angle="81.15" x="79.45" y="-3.10"/>
        <vehicle id="cfm-slow_4" eclass="HBEFA3/PC_G_EU4" CO2="0.00" CO="0.00" HC="0.00" NOx="0.00" PMx="0.00" fuel="0.00" electricity="0.00" noise="72.21" route="routebottom" type="cfm-slow" waiting="0.00" lane="bottom_0" pos="34.22" speed="30.02" angle="32.94" x="123.98" y="31.00"/>
        <vehicle id="cfm-slow_5" eclass="HBEFA3/PC_G_EU4" CO2="0.00" CO="0.00" HC="0.00" NOx="0.00" PMx="0.00" fuel="0.00" electricity="0.00" noise="71.03" route="routebottom" type="cfm-slow" waiting="0.00" lane="right_0" pos="9.10" speed="27.42" angle="348.07" x="129.47" y="83.07"/>
    </timestep>
    <timestep time="6.84">
        <vehicle id="cfm-fast_0" eclass="HBEFA3/PC_G_EU4" CO2="163212.08" CO="4124.33" HC="22.93" NOx="75.60" PMx="4.60" fuel="70.16" electricity="0.00" noise="121.21" route="routetop" type="cfm-fast" waiting="0.00" lane="top_1" pos="43.73" speed="66.00" angle="195.84" x="-0.38" y="76.46"/>
        <vehicle id="cfm-fast_1" eclass="HBEFA3/PC_G_EU4" CO2="0.00" CO="0.00" HC="0.00" NOx="0.00" PMx="0.00" fuel="0.00" electricity="0.00" noise="70.87" route="routebottom" type="cfm-fast" waiting="0.00" lane="right_0" pos="31.64" speed="25.32" angle="307.57" x="101.09" y="121.16"/>
        <vehicle id="cfm-fast_2" eclass="HBEFA3/PC_G_EU4" CO2="105270.97" CO="3240.32" HC="17.50" NOx="48.16" PMx="3.21" fuel="45.25" electricity="0.00" noise="106.38" route="routebottom" type="cfm-fast" waiting="0.00" lane="bottom_1" pos="1.71" speed="73.60" angle="91.41" x="67.20" y="-1.54"/>
        <vehicle id="cfm-fast_3" eclass="HBEFA3/PC_G_EU4" CO2="11772.20" CO="171.78" HC="1.07" NOx="4.90" PMx="0.27" fuel="5.06" electricity="0.00" noise="73.87" route="routebottom" type="cfm-fast" waiting="0.00" lane="right_0" pos="47.93" speed="24.82" angle="278.31" x="68.20" y="132.12"/>
        <vehicle id="cfm-fast_4" eclass="HBEFA3/PC_G_EU4" CO2="0.00" CO="0.00" HC="0.00" NOx="0.00" PMx="0.00" fuel="0.00" electricity="0.00" noise="88.23" route="routebottom" type="cfm-fast" waiting="0.00" lane="right_1" pos="17.18" speed="76.66" angle="333.60" x="119.68" y="97.23"/>
        <vehicle id="cfm-fast_5" eclass="HBEFA3/PC_G_EU4" CO2="19917.28" CO="343.62" HC="2.06" NOx="8.71" PMx="0.48" fuel="8.56" electricity="0.00" noise="78.13" route="routetop" type="cfm-fast" waiting="0.00" lane="top_0" pos="13.87" speed="25.99" angle="249.49" x="34.66" y="125.84"/>
        <vehicle id="cfm-slow_0" eclass="HBEFA3/PC_G_EU4" CO2="22908.76" CO="416.46" HC="2.47" NOx="10.07" PMx="0.57" fuel="9.85" electricity="0.00" noise="79.72" route="routetop" type="cfm-slow" waiting="0.00" lane="top_0" pos="31.10" speed="28.24" angle="218.56" x="6.82" y="102.07"/>
        <vehicle id="cfm-slow_1" eclass="HBEFA3/PC_G_EU4" CO2="18380.82" CO="339.49" HC="2.01" NOx="7.89" PMx="0.46" fuel="7.90" electricity="0.00" noise="77.86" route="routetop" type="cfm-slow" waiting="0.00" lane="left_0" pos="4.62" speed="30.60" angle="176.21" x="-4.21" y="53.66"/>
        <vehicle id="cfm-slow_2" eclass="HBEFA3/PC_G_EU4" CO2="0.00" CO="0.00" HC="0.00" NOx="0.00" PMx="0.00" fuel="0.00" electricity="0.00" noise="74.82" route="routetop" type="cfm-slow" waiting="0.00" lane="left_0" pos="30.49" speed="32.02" angle="129.60" x="24.17" y="7.56"/>
        <vehicle id="cfm-slow_3" eclass="HBEFA3/PC_G_EU4" CO2="0.00" CO="0.00" HC="0.00" NOx="0.00" PMx="0.00" fuel="0.00" electricity="0.00" noise="73.28" route="routebottom" type="cfm-slow" waiting="0.00" lane="bottom_0" pos="7.68" speed="31.82" angle="80.61" x="80.12" y="-2.94"/>
        <vehicle id="cfm-slow_4" eclass="HBEFA3/PC_G_EU4" CO2="0.00" CO="0.00" HC="0.00" NOx="0.00" PMx="0.00" fuel="0.00" electricity="0.00" noise="72.19" route="routebottom" type="cfm-slow" waiting="0.00" lane="bottom_0" pos="34.52" speed="29.99" angle="32.40" x="124.30" y="31.56"/>
        <vehicle id="cfm-slow_5" eclass="HBEFA3/PC_G_EU4" CO2="0.00" CO="0.00" HC="0.00" NOx="0.00" PMx="0.00" fuel="0.00" electricity="0.00" noise="71.02" route="routebottom" type="cfm-slow" waiting="0.00" lane="right_0" pos="9.37" speed="27.40" angle="347.57" x="129.29" y="83.63"/>
    </timestep>
    <timestep time="6.85">
        <vehicle id="cfm-fast_0" eclass="HBEFA3/PC_G_EU4" CO2="162744.29" CO="4117.63" HC="22.89" NOx="75.38" PMx="4.59" fuel="69.96" electricity="0.00" noise="121.07" route="routetop" type="cfm-fast" waiting="0.00" lane="top_1" pos="44.39" speed="66.08" angle="194.62" x="-0.63" y="75.13"/>
        <vehicle id="cfm-fast_1" eclass="HBEFA3/PC_G_EU4" CO2="0.00" CO="0.00" HC="0.00" NOx="0.00" PMx="0.00" fuel="0.00" electricity="0.00" noise="70.89" route="routebottom" type="cfm-fast" waiting="0.00" lane="right_0" pos="31.90" speed="25.32" angle="307.11" x="100.63" y="121.46"/>
        <vehicle id="cfm-fast_2" eclass="HBEFA3/PC_G_EU4" CO2="104326.45" CO="3222.45" HC="17.39" NOx="47.71" PMx="3.19" fuel="44.85" electricity="0.00" noise="106.17" route="routebottom" type="cfm-fast" waiting="0.00" lane="bottom_1" pos="2.45" speed="73.63" angle="90.07" x="68.71" y="-1.45"/>
        <vehicle id="cfm-fast_3" eclass="HBEFA3/PC_G_EU4" CO2="11844.05" CO="173.29" HC="1.08" NOx="4.93" PMx="0.27" fuel="5.09" electricity="0.00" noise="73.91" route="routebottom" type="cfm-fast" waiting="0.00" lane="right_0" pos="48.18" speed="24.83" angle="277.85" x="67.67" y="132.15"/>
        <vehicle id="cfm-fast_4" eclass="HBEFA3/PC_G_EU4" CO2="0.00" CO="0.00" HC="0.00" NOx="0.00" PMx="0.00" fuel="0.00" electricity="0.00" noise="88.23" route="routebottom" type="cfm-fast" waiting="0.00" lane="right_1" pos="17.95" speed="76.65" angle="332.24" x="118.87" y="98.57"/>
        <vehicle id="cfm-fast_5" eclass="HBEFA3/PC_G_EU4" CO2="19944.66" CO="344.28" HC="2.06" NOx="8.73" PMx="0.48" fuel="8.57" electricity="0.00" noise="78.14" route="routetop" type="cfm-fast" waiting="0.00" lane="top_0" pos="14.13" speed="26.01" angle="249.07" x="34.15" y="125.61"/>
        <vehicle id="cfm-slow_0" eclass="HBEFA3/PC_G_EU4" CO2="22870.91" CO="415.83" HC="2.47" NOx="10.06" PMx="0.57" fuel="9.83" electricity="0.00" noise="79.70" route="routetop" type="cfm-slow" waiting="0.00" lane="top_0" pos="31.38" speed="28.27" angle="218.05" x="6.48" y="101.56"/>
        <vehicle id="cfm-slow_1" eclass="HBEFA3/PC_G_EU4" CO2="18270.15" CO="337.33" HC="2.00" NOx="7.83" PMx="0.45" fuel="7.85" electricity="0.00" noise="77.82" route="routetop" type="cfm-slow" waiting="0.00" lane="left_0" pos="4.93" speed="30.61" angle="175.65" x="-4.12" y="53.00"/>
        <vehicle id="cfm-slow_2" eclass="HBEFA3/PC_G_EU4" CO2="0.00" CO="0.00" HC="0.00" NOx="0.00" PMx="0.00" fuel="0.00" electricity="0.00" noise="74.79" route="routetop" type="cfm-slow" waiting="0.00" lane="left_0" pos="30.81" speed="32.02" angle="129.08" x="24.73" y="7.16"/>
        <vehicle id="cfm-slow_3" eclass="HBEFA3/PC_G_EU4" CO2="0.00" CO="0.00" HC="0.00" NOx="0.00" PMx="0.00" fuel="0.00" electricity="0.00" noise="73.27" route="routebottom" type="cfm-slow" waiting="0.00" lane="bottom_0" pos="8.00" speed="31.81" angle="80.03" x="80.78" y="-2.77"/>
        <vehicle id="cfm-slow_4" eclass="HBEFA3/PC_G_EU4" CO2="0.00" CO="0.00" HC="0.00" NOx="0.00" PMx="0.00" fuel="0.00" electricity="0.00" noise="72.18" route="routebottom" type="cfm-slow" waiting="0.00" lane="bottom_0" pos="34.82" speed="29.97" angle="31.90" x="124.59" y="32.13"/>
        <vehicle id="cfm-slow_5" eclass="HBEFA3/PC_G_EU4" CO2="0.00" CO="0.00" HC="0.00" NOx="0.00" PMx="0.00" fuel="0.00" electricity="0.00" noise="71.01" route="routebottom" type="cfm-slow" waiting="0.00" lane="right_0" pos="9.65" speed="27.38" angle="347.08" x="129.12" y="84.20"/>
    </timestep>
    <timestep time="6.86">
        <vehicle id="cfm-fast_0" eclass="HBEFA3/PC_G_EU4" CO2="162271.54" CO="4110.81" HC="22.85" NOx="75.15" PMx="4.57" fuel="69.75" electricity="0.00" noise="120.93" route="routetop" type="cfm-fast" waiting="0.00" lane="top_1" pos="45.05" speed="66.15" angle="193.46" x="-0.86" y="73.79"/>
        <vehicle id="cfm-fast_1" eclass="HBEFA3/PC_G_EU4" CO2="0.00" CO="0.00" HC="0.00" NOx="0.00" PMx="0.00" fuel="0.00" electricity="0.00" noise="70.90" route="routebottom" type="cfm-fast" waiting="0.00" lane="right_0" pos="32.15" speed="25.31" angle="306.72" x="100.18" y="121.76"/>
        <vehicle id="cfm-fast_2" eclass="HBEFA3/PC_G_EU4" CO2="103390.00" CO="3204.71" HC="17.29" NOx="47.27" PMx="3.17" fuel="44.44" electricity="0.00" noise="105.96" route="routebottom" type="cfm-fast" waiting="0.00" lane="bottom_1" pos="3.19" speed="73.67" angle="88.77" x="70.21" y="-1.31"/>
        <vehicle id="cfm-fast_3" eclass="HBEFA3/PC_G_EU4" CO2="11915.54" CO="174.80" HC="1.09" NOx="4.96" PMx="0.27" fuel="5.12" electricity="0.00" noise="73.94" route="routebottom" type="cfm-fast" waiting="0.00" lane="right_0" pos="48.43" speed="24.84" angle="277.38" x="67.13" y="132.18"/>
        <vehicle id="cfm-fast_4" eclass="HBEFA3/PC_G_EU4" CO2="0.00" CO="0.00" HC="0.00" NOx="0.00" PMx="0.00" fuel="0.00" electricity="0.00" noise="88.23" route="routebottom" type="cfm-fast" waiting="0.00" lane="right_1" pos="18.71" speed="76.63" angle="330.79" x="118.00" y="99.88"/>
        <vehicle id="cfm-fast_5" eclass="HBEFA3/PC_G_EU4" CO2="19971.52" CO="344.92" HC="2.07" NOx="8.74" PMx="0.48" fuel="8.58" electricity="0.00" noise="78.16" route="routetop" type="cfm-fast" waiting="0.00" lane="top_0" pos="14.39" speed="26.03" angle="248.57" x="33.65" y="125.36"/>
        <vehicle id="cfm-slow_0" eclass="HBEFA3/PC_G_EU4" CO2="22832.39" CO="415.18" HC="2.46" NOx="10.04" PMx="0.56" fuel="9.81" electricity="0.00" noise="79.68" route="routetop" type="cfm-slow" waiting="0.00" lane="top_0" pos="31.66" speed="28.29" angle="217.54" x="6.15" y="101.05"/>
        <vehicle id="cfm-slow_1" eclass="HBEFA3/PC_G_EU4" CO2="18159.13" CO="335.17" HC="1.98" NOx="7.78" PMx="0.45" fuel="7.81" electricity="0.00" noise="77.78" route="routetop" type="cfm-slow" waiting="0.00" lane="left_0" pos="5.24" speed="30.63" angle="175.06" x="-4.01" y="52.35"/>
        <vehicle id="cfm-slow_2" eclass="HBEFA3/PC_G_EU4" CO2="0.00" CO="0.00" HC="0.00" NOx="0.00" PMx="0.00" fuel="0.00" electricity="0.00" noise="74.77" route="routetop" type="cfm-slow" waiting="0.00" lane="left_0" pos="31.13" speed="32.02" angle="128.50" x="25.31" y="6.78"/>
        <vehicle id="cfm-slow_3" eclass="HBEFA3/PC_G_EU4" CO2="0.00" CO="0.00" HC="0.00" NOx="0.00" PMx="0.00" fuel="0.00" electricity="0.00" noise="73.26" route="routebottom" type="cfm-slow" waiting="0.00" lane="bottom_0" pos="8.31" speed="31.79" angle="79.44" x="81.44" y="-2.59"/>
        <vehicle id="cfm-slow_4" eclass="HBEFA3/PC_G_EU4" CO2="0.00" CO="0.00" HC="0.00" NOx="0.00" PMx="0.00" fuel="0.00" electricity="0.00" noise="72.17" route="routebottom" type="cfm-slow" waiting="0.00" lane="bottom_0" pos="35.12" speed="29.94" angle="31.35" x="124.88" y="32.71"/>
        <vehicle id="cfm-slow_5" eclass="HBEFA3/PC_G_EU4" CO2="0.00" CO="0.00" HC="0.00" NOx="0.00" PMx="0.00" fuel="0.00" electricity="0.00" noise="71.01" route="routebottom" type="cfm-slow" waiting="0.00" lane="right_0" pos="9.92" speed="27.36" angle="346.59" x="128.95" y="84.76"/>
    </timestep>
    <timestep time="6.87">
        <vehicle id="cfm-fast_0" eclass="HBEFA3/PC_G_EU4" CO2="161793.95" CO="4103.89" HC="22.81" NOx="74.93" PMx="4.56" fuel="69.55" electricity="0.00" noise="120.79" route="routetop" type="cfm-fast" waiting="0.00" lane="top_1" pos="45.71" speed="66.23" angle="192.26" x="-1.05" y="72.45"/>
        <vehicle id="cfm-fast_1" eclass="HBEFA3/PC_G_EU4" CO2="0.00" CO="0.00" HC="0.00" NOx="0.00" PMx="0.00" fuel="0.00" electricity="0.00" noise="70.92" route="routebottom" type="cfm-fast" waiting="0.00" lane="right_0" pos="32.40" speed="25.31" angle="306.24" x="99.71" y="122.04"/>
        <vehicle id="cfm-fast_2" eclass="HBEFA3/PC_G_EU4" CO2="102461.66" CO="3187.13" HC="17.19" NOx="46.83" PMx="3.14" fuel="44.04" electricity="0.00" noise="105.75" route="routebottom" type="cfm-fast" waiting="0.00" lane="bottom_1" pos="3.92" speed="73.70" angle="87.48" x="71.71" y="-1.15"/>
        <vehicle id="cfm-fast_3" eclass="HBEFA3/PC_G_EU4" CO2="11986.67" CO="176.30" HC="1.10" NOx="5.00" PMx="0.27" fuel="5.15" electricity="0.00" noise="73.98" route="routebottom" type="cfm-fast" waiting="0.00" lane="right_0" pos="48.68" speed="24.85" angle="276.94" x="66.60" y="132.21"/>
        <vehicle id="cfm-fast_4" eclass="HBEFA3/PC_G_EU4" CO2="0.00" CO="0.00" HC="0.00" NOx="0.00" PMx="0.00" fuel="0.00" electricity="0.00" noise="88.24" route="routebottom" type="cfm-fast" waiting="0.00" lane="right_1" pos="19.48" speed="76.61" angle="329.41" x="117.11" y="101.18"/>
        <vehicle id="cfm-fast_5" eclass="HBEFA3/PC_G_EU4" CO2="19997.83" CO="345.56" HC="2.07" NOx="8.75" PMx="0.48" fuel="8.60" electricity="0.00" noise="78.17" route="routetop" type="cfm-fast" waiting="0.00" lane="top_0" pos="14.65" speed="26.05" angle="248.08" x="33.15" y="125.11"/>
        <vehicle id="cfm-slow_0" eclass="HBEFA3/PC_G_EU4" CO2="22793.19" CO="414.51" HC="2.46" NOx="10.02" PMx="0.56" fuel="9.80" electricity="0.00" noise="79.66" route="routetop" type="cfm-slow" waiting="0.00" lane="top_0" pos="31.95" speed="28.32" angle="217.04" x="5.81" y="100.55"/>
        <vehicle id="cfm-slow_1" eclass="HBEFA3/PC_G_EU4" CO2="18047.78" CO="332.99" HC="1.97" NOx="7.73" PMx="0.45" fuel="7.76" electricity="0.00" noise="77.74" route="routetop" type="cfm-slow" waiting="0.00" lane="left_0" pos="5.54" speed="30.64" angle="174.50" x="-3.89" y="51.70"/>
        <vehicle id="cfm-slow_2" eclass="HBEFA3/PC_G_EU4" CO2="0.00" CO="0.00" HC="0.00" NOx="0.00" PMx="0.00" fuel="0.00" electricity="0.00" noise="74.74" route="routetop" type="cfm-slow" waiting="0.00" lane="left_0" pos="31.45" speed="32.02" angle="127.92" x="25.88" y="6.40"/>
        <vehicle id="cfm-slow_3" eclass="HBEFA3/PC_G_EU4" CO2="0.00" CO="0.00" HC="0.00" NOx="0.00" PMx="0.00" fuel="0.00" electricity="0.00" noise="73.25" route="routebottom" type="cfm-slow" waiting="0.00" lane="bottom_0" pos="8.63" speed="31.77" angle="78.86" x="82.10" y="-2.41"/>
        <vehicle id="cfm-slow_4" eclass="HBEFA3/PC_G_EU4" CO2="0.00" CO="0.00" HC="0.00" NOx="0.00" PMx="0.00" fuel="0.00" electricity="0.00" noise="72.16" route="routebottom" type="cfm-slow" waiting="0.00" lane="bottom_0" pos="35.42" speed="29.92" angle="30.81" x="125.17" y="33.29"/>
        <vehicle id="cfm-slow_5" eclass="HBEFA3/PC_G_EU4" CO2="0.00" CO="0.00" HC="0.00" NOx="0.00" PMx="0.00" fuel="0.00" electricity="0.00" noise="71.00" route="routebottom" type="cfm-slow" waiting="0.00" lane="right_0" pos="10.20" speed="27.34" angle="346.14" x="128.77" y="85.32"/>
    </timestep>
    <timestep time="6.88">
        <vehicle id="cfm-fast_0" eclass="HBEFA3/PC_G_EU4" CO2="161311.61" CO="4096.85" HC="22.76" NOx="74.70" PMx="4.55" fuel="69.34" electricity="0.00" noise="120.65" route="routetop" type="cfm-fast" waiting="0.00" lane="top_1" pos="46.38" speed="66.31" angle="191.09" x="-1.22" y="71.10"/>
        <vehicle id="cfm-fast_1" eclass="HBEFA3/PC_G_EU4" CO2="0.00" CO="0.00" HC="0.00" NOx="0.00" PMx="0.00" fuel="0.00" electricity="0.00" noise="70.93" route="routebottom" type="cfm-fast" waiting="0.00" lane="right_0" pos="32.66" speed="25.30" angle="305.76" x="99.24" y="122.32"/>
        <vehicle id="cfm-fast_2" eclass="HBEFA3/PC_G_EU4" CO2="101541.46" CO="3169.69" HC="17.08" NOx="46.40" PMx="3.12" fuel="43.65" electricity="0.00" noise="105.54" route="routebottom" type="cfm-fast" waiting="0.00" lane="bottom_1" pos="4.66" speed="73.74" angle="86.13" x="73.21" y="-0.94"/>
        <vehicle id="cfm-fast_3" eclass="HBEFA3/PC_G_EU4" CO2="12057.45" CO="177.80" HC="1.11" NOx="5.03" PMx="0.27" fuel="5.18" electricity="0.00" noise="74.01" route="routebottom" type="cfm-fast" waiting="0.00" lane="right_0" pos="48.93" speed="24.86" angle="276.52" x="66.07" y="132.23"/>
        <vehicle id="cfm-fast_4" eclass="HBEFA3/PC_G_EU4" CO2="0.00" CO="0.00" HC="0.00" NOx="0.00" PMx="0.00" fuel="0.00" electricity="0.00" noise="88.24" route="routebottom" type="cfm-fast" waiting="0.00" lane="right_1" pos="20.24" speed="76.60" angle="327.99" x="116.19" y="102.45"/>
        <vehicle id="cfm-fast_5" eclass="HBEFA3/PC_G_EU4" CO2="20023.60" CO="346.18" HC="2.08" NOx="8.76" PMx="0.48" fuel="8.61" electricity="0.00" noise="78.19" route="routetop" type="cfm-fast" waiting="0.00" lane="top_0" pos="14.92" speed="26.08" angle="247.58" x="32.65" y="124.85"/>
        <vehicle id="cfm-slow_0" eclass="HBEFA3/PC_G_EU4" CO2="22753.33" CO="413.83" HC="2.45" NOx="10.00" PMx="0.56" fuel="9.78" electricity="0.00" noise="79.64" route="routetop" type="cfm-slow" waiting="0.00" lane="top_0" pos="32.23" speed="28.34" angle="216.56" x="5.48" y="100.03"/>
        <vehicle id="cfm-slow_1" eclass="HBEFA3/PC_G_EU4" CO2="17936.10" CO="330.81" HC="1.96" NOx="7.68" PMx="0.45" fuel="7.71" electricity="0.00" noise="77.70" route="routetop" type="cfm-slow" waiting="0.00" lane="left_0" pos="5.85" speed="30.66" angle="173.94" x="-3.78" y="51.06"/>
        <vehicle id="cfm-slow_2" eclass="HBEFA3/PC_G_EU4" CO2="0.00" CO="0.00" HC="0.00" NOx="0.00" PMx="0.00" fuel="0.00" electricity="0.00" noise="74.72" route="routetop" type="cfm-slow" waiting="0.00" lane="left_0" pos="31.77" speed="32.02" angle="127.35" x="26.46" y="6.02"/>
        <vehicle id="cfm-slow_3" eclass="HBEFA3/PC_G_EU4" CO2="0.00" CO="0.00" HC="0.00" NOx="0.00" PMx="0.00" fuel="0.00" electricity="0.00" noise="73.23" route="routebottom" type="cfm-slow" waiting="0.00" lane="bottom_0" pos="8.95" speed="31.76" angle="78.33" x="82.76" y="-2.23"/>
        <vehicle id="cfm-slow_4" eclass="HBEFA3/PC_G_EU4" CO2="0.00" CO="0.00" HC="0.00" NOx="0.00" PMx="0.00" fuel="0.00" electricity="0.00" noise="72.15" route="routebottom" type="cfm-slow" waiting="0.00" lane="bottom_0" pos="35.71" speed="29.89" angle="30.27" x="125.46" y="33.86"/>
        <vehicle id="cfm-slow_5" eclass="HBEFA3/PC_G_EU4" CO2="0.00" CO="0.00" HC="0.00" NOx="0.00" PMx="0.00" fuel="0.00" electricity="0.00" noise="71.00" route="routebottom" type="cfm-slow" waiting="0.00" lane="right_0" pos="10.47" speed="27.32" angle="345.64" x="128.58" y="85.88"/>
    </timestep>
    <timestep time="6.89">
        <vehicle id="cfm-fast_0" eclass="HBEFA3/PC_G_EU4" CO2="160824.63" CO="4089.71" HC="22.72" NOx="74.47" PMx="4.54" fuel="69.13" electricity="0.00" noise="120.50" route="routetop" type="cfm-fast" waiting="0.00" lane="top_1" pos="47.04" speed="66.38" angle="189.85" x="-1.36" y="69.75"/>
        <vehicle id="cfm-fast_1" eclass="HBEFA3/PC_G_EU4" CO2="0.00" CO="0.00" HC="0.00" NOx="0.00" PMx="0.00" fuel="0.00" electricity="0.00" noise="70.95" route="routebottom" type="cfm-fast" waiting="0.00" lane="right_0" pos="32.91" speed="25.30" angle="305.28" x="98.77" y="122.59"/>
        <vehicle id="cfm-fast_2" eclass="HBEFA3/PC_G_EU4" CO2="100629.44" CO="3152.39" HC="16.98" NOx="45.97" PMx="3.10" fuel="43.26" electricity="0.00" noise="105.33" route="routebottom" type="cfm-fast" waiting="0.00" lane="bottom_1" pos="5.40" speed="73.77" angle="84.79" x="74.71" y="-0.70"/>
        <vehicle id="cfm-fast_3" eclass="HBEFA3/PC_G_EU4" CO2="12127.87" CO="179.28" HC="1.12" NOx="5.06" PMx="0.27" fuel="5.21" electricity="0.00" noise="74.05" route="routebottom" type="cfm-fast" waiting="0.00" lane="right_0" pos="49.18" speed="24.88" angle="276.05" x="65.53" y="132.24"/>
        <vehicle id="cfm-fast_4" eclass="HBEFA3/PC_G_EU4" CO2="0.00" CO="0.00" HC="0.00" NOx="0.00" PMx="0.00" fuel="0.00" electricity="0.00" noise="88.25" route="routebottom" type="cfm-fast" waiting="0.00" lane="right_1" pos="21.01" speed="76.58" angle="326.64" x="115.24" y="103.70"/>
        <vehicle id="cfm-fast_5" eclass="HBEFA3/PC_G_EU4" CO2="20048.83" CO="346.80" HC="2.08" NOx="8.77" PMx="0.48" fuel="8.62" electricity="0.00" noise="78.20" route="routetop" type="cfm-fast" waiting="0.00" lane="top_0" pos="15.18" speed="26.10" angle="247.08" x="32.15" y="124.60"/>
        <vehicle id="cfm-slow_0" eclass="HBEFA3/PC_G_EU4" CO2="22712.79" CO="413.14" HC="2.45" NOx="9.98" PMx="0.56" fuel="9.76" electricity="0.00" noise="79.62" route="routetop" type="cfm-slow" waiting="0.00" lane="top_0" pos="32.51" speed="28.36" angle="216.02" x="5.17" y="99.51"/>
        <vehicle id="cfm-slow_1" eclass="HBEFA3/PC_G_EU4" CO2="17824.09" CO="328.62" HC="1.95" NOx="7.62" PMx="0.44" fuel="7.66" electricity="0.00" noise="77.66" route="routetop" type="cfm-slow" waiting="0.00" lane="left_0" pos="6.16" speed="30.67" angle="173.38" x="-3.66" y="50.41"/>
        <vehicle id="cfm-slow_2" eclass="HBEFA3/PC_G_EU4" CO2="0.00" CO="0.00" HC="0.00" NOx="0.00" PMx="0.00" fuel="0.00" electricity="0.00" noise="74.70" route="routetop" type="cfm-slow" waiting="0.00" lane="left_0" pos="32.09" speed="32.02" angle="126.83" x="27.03" y="5.64"/>
        <vehicle id="cfm-slow_3" eclass="HBEFA3/PC_G_EU4" CO2="0.00" CO="0.00" HC="0.00" NOx="0.00" PMx="0.00" fuel="0.00" electricity="0.00" noise="73.22" route="routebottom" type="cfm-slow" waiting="0.00" lane="bottom_0" pos="9.27" speed="31.74" angle="77.75" x="83.41" y="-2.03"/>
        <vehicle id="cfm-slow_4" eclass="HBEFA3/PC_G_EU4" CO2="0.00" CO="0.00" HC="0.00" NOx="0.00" PMx="0.00" fuel="0.00" electricity="0.00" noise="72.14" route="routebottom" type="cfm-slow" waiting="0.00" lane="bottom_0" pos="36.01" speed="29.87" angle="29.77" x="125.74" y="34.44"/>
        <vehicle id="cfm-slow_5" eclass="HBEFA3/PC_G_EU4" CO2="0.00" CO="0.00" HC="0.00" NOx="0.00" PMx="0.00" fuel="0.00" electricity="0.00" noise="70.99" route="routebottom" type="cfm-slow" waiting="0.00" lane="right_0" pos="10.74" speed="27.30" angle="345.12" x="128.38" y="86.43"/>
    </timestep>
    <timestep time="6.90">
        <vehicle id="cfm-fast_0" eclass="HBEFA3/PC_G_EU4" CO2="160333.12" CO="4082.47" HC="22.67" NOx="74.24" PMx="4.53" fuel="68.92" electricity="0.00" noise="120.36" route="routetop" type="cfm-fast" waiting="0.00" lane="top_1" pos="47.71" speed="66.46" angle="188.68" x="-1.47" y="68.39"/>
        <vehicle id="cfm-fast_1" eclass="HBEFA3/PC_G_EU4" CO2="0.00" CO="0.00" HC="0.00" NOx="0.00" PMx="0.00" fuel="0.00" electricity="0.00" noise="70.96" route="routebottom" type="cfm-fast" waiting="0.00" lane="right_0" pos="33.16" speed="25.29" angle="304.80" x="98.31" y="122.87"/>
        <vehicle id="cfm-fast_2" eclass="HBEFA3/PC_G_EU4" CO2="99725.61" CO="3135.24" HC="16.88" NOx="45.54" PMx="3.07" fuel="42.87" electricity="0.00" noise="105.13" route="routebottom" type="cfm-fast" waiting="0.00" lane="bottom_1" pos="6.14" speed="73.80" angle="83.40" x="76.19" y="-0.43"/>
        <vehicle id="cfm-fast_3" eclass="HBEFA3/PC_G_EU4" CO2="12197.92" CO="180.77" HC="1.13" NOx="5.09" PMx="0.28" fuel="5.24" electricity="0.00" noise="74.08" route="routebottom" type="cfm-fast" waiting="0.00" lane="right_0" pos="49.43" speed="24.89" angle="275.59" x="65.00" y="132.25"/>
        <vehicle id="cfm-fast_4" eclass="HBEFA3/PC_G_EU4" CO2="0.00" CO="0.00" HC="0.00" NOx="0.00" PMx="0.00" fuel="0.00" electricity="0.00" noise="88.25" route="routebottom" type="cfm-fast" waiting="0.00" lane="right_1" pos="21.78" speed="76.57" angle="325.28" x="114.27" y="104.94"/>
        <vehicle id="cfm-fast_5" eclass="HBEFA3/PC_G_EU4" CO2="20073.51" CO="347.40" HC="2.08" NOx="8.78" PMx="0.49" fuel="8.63" electricity="0.00" noise="78.21" route="routetop" type="cfm-fast" waiting="0.00" lane="top_0" pos="15.44" speed="26.12" angle="246.66" x="31.65" y="124.34"/>
        <vehicle id="cfm-slow_0" eclass="HBEFA3/PC_G_EU4" CO2="22671.59" CO="412.43" HC="2.45" NOx="9.96" PMx="0.56" fuel="9.75" electricity="0.00" noise="79.60" route="routetop" type="cfm-slow" waiting="0.00" lane="top_0" pos="32.80" speed="28.39" angle="215.49" x="4.86" y="98.98"/>
        <vehicle id="cfm-slow_1" eclass="HBEFA3/PC_G_EU4" CO2="17711.76" CO="326.43" HC="1.93" NOx="7.57" PMx="0.44" fuel="7.61" electricity="0.00" noise="77.62" route="routetop" type="cfm-slow" waiting="0.00" lane="left_0" pos="6.46" speed="30.69" angle="172.87" x="-3.53" y="49.76"/>
        <vehicle id="cfm-slow_2" eclass="HBEFA3/PC_G_EU4" CO2="0.00" CO="0.00" HC="0.00" NOx="0.00" PMx="0.00" fuel="0.00" electricity="0.00" noise="74.67" route="routetop" type="cfm-slow" waiting="0.00" lane="left_0" pos="32.41" speed="32.02" angle="126.23" x="27.62" y="5.28"/>
        <vehicle id="cfm-slow_3" eclass="HBEFA3/PC_G_EU4" CO2="0.00" CO="0.00" HC="0.00" NOx="0.00" PMx="0.00" fuel="0.00" electricity="0.00" noise="73.21" route="routebottom" type="cfm-slow" waiting="0.00" lane="bottom_0" pos="9.58" speed="31.72" angle="77.16" x="84.06" y="-1.83"/>
        <vehicle id="cfm-slow_4" eclass="HBEFA3/PC_G_EU4" CO2="0.00" CO="0.00" HC="0.00" NOx="0.00" PMx="0.00" fuel="0.00" electricity="0.00" noise="72.13" route="routebottom" type="cfm-slow" waiting="0.00" lane="bottom_0" pos="36.31" speed="29.84" angle="29.19" x="126.01" y="35.02"/>
        <vehicle id="cfm-slow_5" eclass="HBEFA3/PC_G_EU4" CO2="0.00" CO="0.00" HC="0.00" NOx="0.00" PMx="0.00" fuel="0.00" electricity="0.00" noise="70.98" route="routebottom" type="cfm-slow" waiting="0.00" lane="right_0" pos="11.01" speed="27.28" angle="344.60" x="128.18" y="86.98"/>
    </timestep>
    <timestep time="6.91">
        <vehicle id="cfm-fast_0" eclass="HBEFA3/PC_G_EU4" CO2="159837.17" CO="4075.12" HC="22.63" NOx="74.00" PMx="4.52" fuel="68.71" electricity="0.00" noise="120.22" route="routetop" type="cfm-fast" waiting="0.00" lane="top_1" pos="48.37" speed="66.54" angle="187.46" x="-1.55" y="67.03"/>
        <vehicle id="cfm-fast_1" eclass="HBEFA3/PC_G_EU4" CO2="0.00" CO="0.00" HC="0.00" NOx="0.00" PMx="0.00" fuel="0.00" electricity="0.00" noise="70.98" route="routebottom" type="cfm-fast" waiting="0.00" lane="right_0" pos="33.42" speed="25.29" angle="304.38" x="97.84" y="123.15"/>
        <vehicle id="cfm-fast_2" eclass="HBEFA3/PC_G_EU4" CO2="98830.00" CO="3118.25" HC="16.78" NOx="45.12" PMx="3.05" fuel="42.48" electricity="0.00" noise="104.93" route="routebottom" type="cfm-fast" waiting="0.00" lane="bottom_1" pos="6.87" speed="73.84" angle="82.09" x="77.67" y="-0.12"/>
        <vehicle id="cfm-fast_3" eclass="HBEFA3/PC_G_EU4" CO2="12267.61" CO="182.24" HC="1.13" NOx="5.13" PMx="0.28" fuel="5.27" electricity="0.00" noise="74.11" route="routebottom" type="cfm-fast" waiting="0.00" lane="right_0" pos="49.67" speed="24.90" angle="275.12" x="64.46" y="132.26"/>
        <vehicle id="cfm-fast_4" eclass="HBEFA3/PC_G_EU4" CO2="0.00" CO="0.00" HC="0.00" NOx="0.00" PMx="0.00" fuel="0.00" electricity="0.00" noise="88.26" route="routebottom" type="cfm-fast" waiting="0.00" lane="right_1" pos="22.54" speed="76.55" angle="323.89" x="113.26" y="106.14"/>
        <vehicle id="cfm-fast_5" eclass="HBEFA3/PC_G_EU4" CO2="20097.65" CO="347.99" HC="2.09" NOx="8.79" PMx="0.49" fuel="8.64" electricity="0.00" noise="78.23" route="routetop" type="cfm-fast" waiting="0.00" lane="top_0" pos="15.70" speed="26.15" angle="246.19" x="31.16" y="124.07"/>
        <vehicle id="cfm-slow_0" eclass="HBEFA3/PC_G_EU4" CO2="22629.72" CO="411.71" HC="2.44" NOx="9.94" PMx="0.56" fuel="9.73" electricity="0.00" noise="79.58" route="routetop" type="cfm-slow" waiting="0.00" lane="top_0" pos="33.08" speed="28.41" angle="214.95" x="4.54" y="98.46"/>
        <vehicle id="cfm-slow_1" eclass="HBEFA3/PC_G_EU4" CO2="17599.13" CO="324.22" HC="1.92" NOx="7.52" PMx="0.44" fuel="7.57" electricity="0.00" noise="77.58" route="routetop" type="cfm-slow" waiting="0.00" lane="left_0" pos="6.77" speed="30.70" angle="172.28" x="-3.38" y="49.11"/>
        <vehicle id="cfm-slow_2" eclass="HBEFA3/PC_G_EU4" CO2="0.00" CO="0.00" HC="0.00" NOx="0.00" PMx="0.00" fuel="0.00" electricity="0.00" noise="74.65" route="routetop" type="cfm-slow" waiting="0.00" lane="left_0" pos="32.73" speed="32.02" angle="125.64" x="28.21" y="4.93"/>
        <vehicle id="cfm-slow_3" eclass="HBEFA3/PC_G_EU4" CO2="0.00" CO="0.00" HC="0.00" NOx="0.00" PMx="0.00" fuel="0.00" electricity="0.00" noise="73.20" route="routebottom" type="cfm-slow" waiting="0.00" lane="bottom_0" pos="9.90" speed="31.71" angle="76.58" x="84.71" y="-1.63"/>
        <vehicle id="cfm-slow_4" eclass="HBEFA3/PC_G_EU4" CO2="0.00" CO="0.00" HC="0.00" NOx="0.00" PMx="0.00" fuel="0.00" electricity="0.00" noise="72.12" route="routebottom" type="cfm-slow" waiting="0.00" lane="bottom_0" pos="36.61" speed="29.82" angle="28.61" x="126.27" y="35.61"/>
        <vehicle id="cfm-slow_5" eclass="HBEFA3/PC_G_EU4" CO2="0.00" CO="0.00" HC="0.00" NOx="0.00" PMx="0.00" fuel="0.00" electricity="0.00" noise="70.98" route="routebottom" type="cfm-slow" waiting="0.00" lane="right_0" pos="11.29" speed="27.26" angle="344.08" x="127.98" y="87.53"/>
    </timestep>
    <timestep time="6.92">
        <vehicle id="cfm-fast_0" eclass="HBEFA3/PC_G_EU4" CO2="159336.89" CO="4067.68" HC="22.58" NOx="73.76" PMx="4.51" fuel="68.49" electricity="0.00" noise="120.07" route="routetop" type="cfm-fast" waiting="0.00" lane="top_1" pos="49.04" speed="66.61" angle="186.27" x="-1.61" y="65.66"/>
        <vehicle id="cfm-fast_1" eclass="HBEFA3/PC_G_EU4" CO2="0.00" CO="0.00" HC="0.00" NOx="0.00" PMx="0.00" fuel="0.00" electricity="0.00" noise="71.00" route="routebottom" type="cfm-fast" waiting="0.00" lane="right_0" pos="33.67" speed="25.29" angle="303.92" x="97.36" y="123.41"/>
        <vehicle id="cfm-fast_2" eclass="HBEFA3/PC_G_EU4" CO2="97942.62" CO="3101.40" HC="16.68" NOx="44.70" PMx="3.03" fuel="42.10" electricity="0.00" noise="104.73" route="routebottom" type="cfm-fast" waiting="0.00" lane="bottom_1" pos="7.61" speed="73.87" angle="80.77" x="79.15" y="0.22"/>
        <vehicle id="cfm-fast_3" eclass="HBEFA3/PC_G_EU4" CO2="12336.94" CO="183.70" HC="1.14" NOx="5.16" PMx="0.28" fuel="5.30" electricity="0.00" noise="74.15" route="routebottom" type="cfm-fast" waiting="0.00" lane="right_0" pos="49.92" speed="24.91" angle="274.66" x="63.92" y="132.27"/>
        <vehicle id="cfm-fast_4" eclass="HBEFA3/PC_G_EU4" CO2="0.00" CO="0.00" HC="0.00" NOx="0.00" PMx="0.00" fuel="0.00" electricity="0.00" noise="88.27" route="routebottom" type="cfm-fast" waiting="0.00" lane="right_1" pos="23.31" speed="76.54" angle="322.57" x="112.23" y="107.32"/>
        <vehicle id="cfm-fast_5" eclass="HBEFA3/PC_G_EU4" CO2="20121.24" CO="348.57" HC="2.09" NOx="8.80" PMx="0.49" fuel="8.65" electricity="0.00" noise="78.24" route="routetop" type="cfm-fast" waiting="0.00" lane="top_0" pos="15.96" speed="26.17" angle="245.72" x="30.66" y="123.80"/>
        <vehicle id="cfm-slow_0" eclass="HBEFA3/PC_G_EU4" CO2="22587.20" CO="410.98" HC="2.44" NOx="9.92" PMx="0.56" fuel="9.71" electricity="0.00" noise="79.56" route="routetop" type="cfm-slow" waiting="0.00" lane="top_0" pos="33.37" speed="28.43" angle="214.48" x="4.23" y="97.94"/>
        <vehicle id="cfm-slow_1" eclass="HBEFA3/PC_G_EU4" CO2="17486.20" CO="322.01" HC="1.91" NOx="7.46" PMx="0.43" fuel="7.52" electricity="0.00" noise="77.54" route="routetop" type="cfm-slow" waiting="0.00" lane="left_0" pos="7.08" speed="30.71" angle="171.69" x="-3.23" y="48.47"/>
        <vehicle id="cfm-slow_2" eclass="HBEFA3/PC_G_EU4" CO2="0.00" CO="0.00" HC="0.00" NOx="0.00" PMx="0.00" fuel="0.00" electricity="0.00" noise="74.62" route="routetop" type="cfm-slow" waiting="0.00" lane="left_0" pos="33.05" speed="32.01" angle="125.04" x="28.80" y="4.58"/>
        <vehicle id="cfm-slow_3" eclass="HBEFA3/PC_G_EU4" CO2="0.00" CO="0.00" HC="0.00" NOx="0.00" PMx="0.00" fuel="0.00" electricity="0.00" noise="73.19" route="routebottom" type="cfm-slow" waiting="0.00" lane="bottom_0" pos="10.22" speed="31.69" angle="76.06" x="85.37" y="-1.43"/>
        <vehicle id="cfm-slow_4" eclass="HBEFA3/PC_G_EU4" CO2="0.00" CO="0.00" HC="0.00" NOx="0.00" PMx="0.00" fuel="0.00" electricity="0.00" noise="72.11" route="routebottom" type="cfm-slow" waiting="0.00" lane="bottom_0" pos="36.91" speed="29.79" angle="28.03" x="126.53" y="36.19"/>
        <vehicle id="cfm-slow_5" eclass="HBEFA3/PC_G_EU4" CO2="0.00" CO="0.00" HC="0.00" NOx="0.00" PMx="0.00" fuel="0.00" electricity="0.00" noise="70.97" route="routebottom" type="cfm-slow" waiting="0.00" lane="right_0" pos="11.56" speed="27.24" angle="343.63" x="127.77" y="88.08"/>
    </timestep>
    <timestep time="6.93">
        <vehicle id="cfm-fast_0" eclass="HBEFA3/PC_G_EU4" CO2="158832.38" CO="4060.13" HC="22.53" NOx="73.52" PMx="4.49" fuel="68.27" electricity="0.00" noise="119.92" route="routetop" type="cfm-fast" waiting="0.00" lane="top_1" pos="49.70" speed="66.69" angle="185.01" x="-1.64" y="64.30"/>
        <vehicle id="cfm-fast_1" eclass="HBEFA3/PC_G_EU4" CO2="0.00" CO="0.00" HC="0.00" NOx="0.00" PMx="0.00" fuel="0.00" electricity="0.00" noise="71.01" route="routebottom" type="cfm-fast" waiting="0.00" lane="right_0" pos="33.92" speed="25.28" angle="303.46" x="96.89" y="123.68"/>
        <vehicle id="cfm-fast_2" eclass="HBEFA3/PC_G_EU4" CO2="97063.50" CO="3084.70" HC="16.59" NOx="44.28" PMx="3.01" fuel="41.72" electricity="0.00" noise="104.54" route="routebottom" type="cfm-fast" waiting="0.00" lane="bottom_1" pos="8.35" speed="73.90" angle="79.41" x="80.62" y="0.60"/>
        <vehicle id="cfm-fast_3" eclass="HBEFA3/PC_G_EU4" CO2="12405.90" CO="185.16" HC="1.15" NOx="5.19" PMx="0.28" fuel="5.33" electricity="0.00" noise="74.18" route="routetop" type="cfm-fast" waiting="0.00" lane="top_0" pos="0.17" speed="24.93" angle="274.16" x="63.20" y="132.26"/>
        <vehicle id="cfm-fast_4" eclass="HBEFA3/PC_G_EU4" CO2="0.00" CO="0.00" HC="0.00" NOx="0.00" PMx="0.00" fuel="0.00" electricity="0.00" noise="88.28" route="routebottom" type="cfm-fast" waiting="0.00" lane="right_1" pos="24.07" speed="76.52" angle="321.17" x="111.16" y="108.47"/>
        <vehicle id="cfm-fast_5" eclass="HBEFA3/PC_G_EU4" CO2="20144.28" CO="349.14" HC="2.09" NOx="8.82" PMx="0.49" fuel="8.66" electricity="0.00" noise="78.25" route="routetop" type="cfm-fast" waiting="0.00" lane="top_0" pos="16.22" speed="26.19" angle="245.25" x="30.17" y="123.53"/>
        <vehicle id="cfm-slow_0" eclass="HBEFA3/PC_G_EU4" CO2="22544.01" CO="410.23" HC="2.43" NOx="9.90" PMx="0.56" fuel="9.69" electricity="0.00" noise="79.54" route="routetop" type="cfm-slow" waiting="0.00" lane="top_0" pos="33.65" speed="28.46" angle="213.96" x="3.93" y="97.40"/>
        <vehicle id="cfm-slow_1" eclass="HBEFA3/PC_G_EU4" CO2="17372.97" CO="319.80" HC="1.89" NOx="7.41" PMx="0.43" fuel="7.47" electricity="0.00" noise="77.50" route="routetop" type="cfm-slow" waiting="0.00" lane="left_0" pos="7.38" speed="30.73" angle="171.10" x="-3.08" y="47.83"/>
        <vehicle id="cfm-slow_2" eclass="HBEFA3/PC_G_EU4" CO2="0.00" CO="0.00" HC="0.00" NOx="0.00" PMx="0.00" fuel="0.00" electricity="0.00" noise="74.60" route="routetop" type="cfm-slow" waiting="0.00" lane="left_0" pos="33.37" speed="32.01" angle="124.50" x="29.39" y="4.22"/>
        <vehicle id="cfm-slow_3" eclass="HBEFA3/PC_G_EU4" CO2="0.00" CO="0.00" HC="0.00" NOx="0.00" PMx="0.00" fuel="0.00" electricity="0.00" noise="73.18" route="routebottom" type="cfm-slow" waiting="0.00" lane="bottom_0" pos="10.53" speed="31.67" angle="75.48" x="86.01" y="-1.20"/>
        <vehicle id="cfm-slow_4" eclass="HBEFA3/PC_G_EU4" CO2="0.00" CO="0.00" HC="0.00" NOx="0.00" PMx="0.00" fuel="0.00" electricity="0.00" noise="72.09" route="routebottom" type="cfm-slow" waiting="0.00" lane="bottom_0" pos="37.21" speed="29.77" angle="27.54" x="126.79" y="36.78"/>
        <vehicle id="cfm-slow_5" eclass="HBEFA3/PC_G_EU4" CO2="0.00" CO="0.00" HC="0.00" NOx="0.00" PMx="0.00" fuel="0.00" electricity="0.00" noise="70.97" route="routebottom" type="cfm-slow" waiting="0.00" lane="right_0" pos="11.83" speed="27.23" angle="343.13" x="127.56" y="88.62"/>
    </timestep>
    <timestep time="6.94">
        <vehicle id="cfm-fast_0" eclass="HBEFA3/PC_G_EU4" CO2="158323.75" CO="4052.49" HC="22.49" NOx="73.28" PMx="4.48" fuel="68.06" electricity="0.00" noise="119.78" route="routetop" type="cfm-fast" waiting="0.00" lane="left_1" pos="0.37" speed="66.76" angle="183.81" x="-1.64" y="62.87"/>
        <vehicle id="cfm-fast_1" eclass="HBEFA3/PC_G_EU4" CO2="0.00" CO="0.00" HC="0.00" NOx="0.00" PMx="0.00" fuel="0.00" electricity="0.00" noise="71.03" route="routebottom" type="cfm-fast" waiting="0.00" lane="right_0" pos="34.17" speed="25.28" angle="303.00" x="96.41" y="123.94"/>
        <vehicle id="cfm-fast_2" eclass="HBEFA3/PC_G_EU4" CO2="96192.65" CO="3068.14" HC="16.49" NOx="43.87" PMx="2.98" fuel="41.35" electricity="0.00" noise="104.34" route="routebottom" type="cfm-fast" waiting="0.00" lane="bottom_1" pos="9.09" speed="73.93" angle="78.10" x="82.08" y="1.01"/>
        <vehicle id="cfm-fast_3" eclass="HBEFA3/PC_G_EU4" CO2="12474.49" CO="186.62" HC="1.16" NOx="5.22" PMx="0.28" fuel="5.36" electricity="0.00" noise="74.22" route="routetop" type="cfm-fast" waiting="0.00" lane="top_0" pos="0.42" speed="24.94" angle="273.71" x="62.66" y="132.25"/>
        <vehicle id="cfm-fast_4" eclass="HBEFA3/PC_G_EU4" CO2="0.00" CO="0.00" HC="0.00" NOx="0.00" PMx="0.00" fuel="0.00" electricity="0.00" noise="88.29" route="routebottom" type="cfm-fast" waiting="0.00" lane="right_1" pos="24.84" speed="76.50" angle="319.83" x="110.07" y="109.60"/>
        <vehicle id="cfm-fast_5" eclass="HBEFA3/PC_G_EU4" CO2="20166.77" CO="349.70" HC="2.09" NOx="8.83" PMx="0.49" fuel="8.67" electricity="0.00" noise="78.26" route="routetop" type="cfm-fast" waiting="0.00" lane="top_0" pos="16.48" speed="26.21" angle="244.77" x="29.68" y="123.25"/>
        <vehicle id="cfm-slow_0" eclass="HBEFA3/PC_G_EU4" CO2="22500.17" CO="409.47" HC="2.43" NOx="9.88" PMx="0.56" fuel="9.67" electricity="0.00" noise="79.51" route="routetop" type="cfm-slow" waiting="0.00" lane="top_0" pos="33.94" speed="28.48" angle="213.44" x="3.63" y="96.86"/>
        <vehicle id="cfm-slow_1" eclass="HBEFA3/PC_G_EU4" CO2="17259.46" CO="317.57" HC="1.88" NOx="7.35" PMx="0.43" fuel="7.42" electricity="0.00" noise="77.45" route="routetop" type="cfm-slow" waiting="0.00" lane="left_0" pos="7.69" speed="30.74" angle="170.58" x="-2.93" y="47.18"/>
        <vehicle id="cfm-slow_2" eclass="HBEFA3/PC_G_EU4" CO2="0.00" CO="0.00" HC="0.00" NOx="0.00" PMx="0.00" fuel="0.00" electricity="0.00" noise="74.58" route="routetop" type="cfm-slow" waiting="0.00" lane="left_0" pos="33.69" speed="32.01" angle="123.91" x="30.00" y="3.89"/>
        <vehicle id="cfm-slow_3" eclass="HBEFA3/PC_G_EU4" CO2="0.00" CO="0.00" HC="0.00" NOx="0.00" PMx="0.00" fuel="0.00" electricity="0.00" noise="73.17" route="routebottom" type="cfm-slow" waiting="0.00" lane="bottom_0" pos="10.85" speed="31.66" angle="74.89" x="86.65" y="-0.97"/>
        <vehicle id="cfm-slow_4" eclass="HBEFA3/PC_G_EU4" CO2="0.00" CO="0.00" HC="0.00" NOx="0.00" PMx="0.00" fuel="0.00" electricity="0.00" noise="72.08" route="routebottom" type="cfm-slow" waiting="0.00" lane="bottom_0" pos="37.50" speed="29.75" angle="27.00" x="127.03" y="37.37"/>
        <vehicle id="cfm-slow_5" eclass="HBEFA3/PC_G_EU4" CO2="0.00" CO="0.00" HC="0.00" NOx="0.00" PMx="0.00" fuel="0.00" electricity="0.00" noise="70.96" route="routebottom" type="cfm-slow" waiting="0.00" lane="right_0" pos="12.10" speed="27.21" angle="342.64" x="127.34" y="89.17"/>
    </timestep>
    <timestep time="6.95">
        <vehicle id="cfm-fast_0" eclass="HBEFA3/PC_G_EU4" CO2="157811.10" CO="4044.76" HC="22.44" NOx="73.04" PMx="4.47" fuel="67.84" electricity="0.00" noise="119.63" route="routetop" type="cfm-fast" waiting="0.00" lane="left_1" pos="1.04" speed="66.83" angle="182.59" x="-1.61" y="61.50"/>
        <vehicle id="cfm-fast_1" eclass="HBEFA3/PC_G_EU4" CO2="0.00" CO="0.00" HC="0.00" NOx="0.00" PMx="0.00" fuel="0.00" electricity="0.00" noise="71.04" route="routebottom" type="cfm-fast" waiting="0.00" lane="right_0" pos="34.43" speed="25.28" angle="302.55" x="95.93" y="124.20"/>
        <vehicle id="cfm-fast_2" eclass="HBEFA3/PC_G_EU4" CO2="95330.09" CO="3051.74" HC="16.39" NOx="43.46" PMx="2.96" fuel="40.98" electricity="0.00" noise="104.15" route="routebottom" type="cfm-fast" waiting="0.00" lane="bottom_1" pos="9.83" speed="73.96" angle="76.75" x="83.53" y="1.46"/>
        <vehicle id="cfm-fast_3" eclass="HBEFA3/PC_G_EU4" CO2="12542.70" CO="188.06" HC="1.17" NOx="5.26" PMx="0.29" fuel="5.39" electricity="0.00" noise="74.25" route="routetop" type="cfm-fast" waiting="0.00" lane="top_0" pos="0.67" speed="24.95" angle="273.26" x="62.12" y="132.24"/>
        <vehicle id="cfm-fast_4" eclass="HBEFA3/PC_G_EU4" CO2="0.00" CO="0.00" HC="0.00" NOx="0.00" PMx="0.00" fuel="0.00" electricity="0.00" noise="88.30" route="routebottom" type="cfm-fast" waiting="0.00" lane="right_1" pos="25.60" speed="76.49" angle="318.47" x="108.96" y="110.71"/>
        <vehicle id="cfm-fast_5" eclass="HBEFA3/PC_G_EU4" CO2="20188.71" CO="350.25" HC="2.10" NOx="8.84" PMx="0.49" fuel="8.68" electricity="0.00" noise="78.28" route="routetop" type="cfm-fast" waiting="0.00" lane="top_0" pos="16.75" speed="26.24" angle="244.35" x="29.19" y="122.98"/>
        <vehicle id="cfm-slow_0" eclass="HBEFA3/PC_G_EU4" CO2="22455.67" CO="408.70" HC="2.42" NOx="9.85" PMx="0.56" fuel="9.65" electricity="0.00" noise="79.49" route="routetop" type="cfm-slow" waiting="0.00" lane="top_0" pos="34.22" speed="28.50" angle="212.93" x="3.34" y="96.33"/>
        <vehicle id="cfm-slow_1" eclass="HBEFA3/PC_G_EU4" CO2="17145.68" CO="315.34" HC="1.87" NOx="7.30" PMx="0.43" fuel="7.37" electricity="0.00" noise="77.41" route="routetop" type="cfm-slow" waiting="0.00" lane="left_0" pos="8.00" speed="30.76" angle="170.02" x="-2.76" y="46.54"/>
        <vehicle id="cfm-slow_2" eclass="HBEFA3/PC_G_EU4" CO2="0.00" CO="0.00" HC="0.00" NOx="0.00" PMx="0.00" fuel="0.00" electricity="0.00" noise="74.55" route="routetop" type="cfm-slow" waiting="0.00" lane="left_0" pos="34.01" speed="32.01" angle="123.33" x="30.60" y="3.56"/>
        <vehicle id="cfm-slow_3" eclass="HBEFA3/PC_G_EU4" CO2="0.00" CO="0.00" HC="0.00" NOx="0.00" PMx="0.00" fuel="0.00" electricity="0.00" noise="73.16" route="routebottom" type="cfm-slow" waiting="0.00" lane="bottom_0" pos="11.17" speed="31.64" angle="74.30" x="87.29" y="-0.74"/>
        <vehicle id="cfm-slow_4" eclass="HBEFA3/PC_G_EU4" CO2="0.00" CO="0.00" HC="0.00" NOx="0.00" PMx="0.00" fuel="0.00" electricity="0.00" noise="72.07" route="routebottom" type="cfm-slow" waiting="0.00" lane="bottom_0" pos="37.80" speed="29.72" angle="26.46" x="127.27" y="37.97"/>
        <vehicle id="cfm-slow_5" eclass="HBEFA3/PC_G_EU4" CO2="0.00" CO="0.00" HC="0.00" NOx="0.00" PMx="0.00" fuel="0.00" electricity="0.00" noise="70.96" route="routebottom" type="cfm-slow" waiting="0.00" lane="right_0" pos="12.38" speed="27.19" angle="342.14" x="127.12" y="89.71"/>
    </timestep>
    <timestep time="6.96">
        <vehicle id="cfm-fast_0" eclass="HBEFA3/PC_G_EU4" CO2="157294.52" CO="4036.93" HC="22.39" NOx="72.80" PMx="4.46" fuel="67.61" electricity="0.00" noise="119.48" route="routetop" type="cfm-fast" waiting="0.00" lane="left_1" pos="1.71" speed="66.91" angle="181.42" x="-1.54" y="60.13"/>
        <vehicle id="cfm-fast_1" eclass="HBEFA3/PC_G_EU4" CO2="0.00" CO="0.00" HC="0.00" NOx="0.00" PMx="0.00" fuel="0.00" electricity="0.00" noise="71.06" route="routebottom" type="cfm-fast" waiting="0.00" lane="right_0" pos="34.68" speed="25.27" angle="302.15" x="95.46" y="124.46"/>
        <vehicle id="cfm-fast_2" eclass="HBEFA3/PC_G_EU4" CO2="94475.81" CO="3035.49" HC="16.30" NOx="43.06" PMx="2.94" fuel="40.61" electricity="0.00" noise="103.96" route="routebottom" type="cfm-fast" waiting="0.00" lane="bottom_1" pos="10.57" speed="73.99" angle="75.45" x="84.97" y="1.93"/>
        <vehicle id="cfm-fast_3" eclass="HBEFA3/PC_G_EU4" CO2="12610.55" CO="189.50" HC="1.18" NOx="5.29" PMx="0.29" fuel="5.42" electricity="0.00" noise="74.28" route="routetop" type="cfm-fast" waiting="0.00" lane="top_0" pos="0.92" speed="24.96" angle="272.81" x="61.59" y="132.23"/>
        <vehicle id="cfm-fast_4" eclass="HBEFA3/PC_G_EU4" CO2="0.00" CO="0.00" HC="0.00" NOx="0.00" PMx="0.00" fuel="0.00" electricity="0.00" noise="88.31" route="routebottom" type="cfm-fast" waiting="0.00" lane="right_1" pos="26.37" speed="76.47" angle="317.09" x="107.81" y="111.78"/>
        <vehicle id="cfm-fast_5" eclass="HBEFA3/PC_G_EU4" CO2="20210.10" CO="350.79" HC="2.10" NOx="8.84" PMx="0.49" fuel="8.69" electricity="0.00" noise="78.29" route="routetop" type="cfm-fast" waiting="0.00" lane="top_0" pos="17.01" speed="26.26" angle="243.88" x="28.70" y="122.69"/>
        <vehicle id="cfm-slow_0" eclass="HBEFA3/PC_G_EU4" CO2="22410.52" CO="407.91" HC="2.42" NOx="9.83" PMx="0.55" fuel="9.63" electricity="0.00" noise="79.47" route="routetop" type="cfm-slow" waiting="0.00" lane="top_0" pos="34.51" speed="28.53" angle="212.41" x="3.04" y="95.79"/>
        <vehicle id="cfm-slow_1" eclass="HBEFA3/PC_G_EU4" CO2="17031.62" CO="313.10" HC="1.86" NOx="7.25" PMx="0.42" fuel="7.32" electricity="0.00" noise="77.37" route="routetop" type="cfm-slow" waiting="0.00" lane="left_0" pos="8.31" speed="30.77" angle="169.46" x="-2.59" y="45.90"/>
        <vehicle id="cfm-slow_2" eclass="HBEFA3/PC_G_EU4" CO2="0.00" CO="0.00" HC="0.00" NOx="0.00" PMx="0.00" fuel="0.00" electricity="0.00" noise="74.53" route="routetop" type="cfm-slow" waiting="0.00" lane="left_0" pos="34.33" speed="32.01" angle="122.74" x="31.20" y="3.22"/>
        <vehicle id="cfm-slow_3" eclass="HBEFA3/PC_G_EU4" CO2="0.00" CO="0.00" HC="0.00" NOx="0.00" PMx="0.00" fuel="0.00" electricity="0.00" noise="73.15" route="routebottom" type="cfm-slow" waiting="0.00" lane="bottom_0" pos="11.48" speed="31.62" angle="73.76" x="87.93" y="-0.51"/>
        <vehicle id="cfm-slow_4" eclass="HBEFA3/PC_G_EU4" CO2="0.00" CO="0.00" HC="0.00" NOx="0.00" PMx="0.00" fuel="0.00" electricity="0.00" noise="72.06" route="routebottom" type="cfm-slow" waiting="0.00" lane="bottom_0" pos="38.10" speed="29.70" angle="25.93" x="127.50" y="38.56"/>
        <vehicle id="cfm-slow_5" eclass="HBEFA3/PC_G_EU4" CO2="0.00" CO="0.00" HC="0.00" NOx="0.00" PMx="0.00" fuel="0.00" electricity="0.00" noise="70.95" route="routebottom" type="cfm-slow" waiting="0.00" lane="right_0" pos="12.65" speed="27.17" angle="341.65" x="126.90" y="90.25"/>
    </timestep>
    <timestep time="6.97">
        <vehicle id="cfm-fast_0" eclass="HBEFA3/PC_G_EU4" CO2="156774.12" CO="4029.01" HC="22.34" NOx="72.55" PMx="4.44" fuel="67.39" electricity="0.00" noise="119.33" route="routetop" type="cfm-fast" waiting="0.00" lane="left_1" pos="2.38" speed="66.98" angle="180.20" x="-1.46" y="58.76"/>
        <vehicle id="cfm-fast_1" eclass="HBEFA3/PC_G_EU4" CO2="0.00" CO="0.00" HC="0.00" NOx="0.00" PMx="0.00" fuel="0.00" electricity="0.00" noise="71.08" route="routebottom" type="cfm-fast" waiting="0.00" lane="right_0" pos="34.93" speed="25.27" angle="301.69" x="94.97" y="124.71"/>
        <vehicle id="cfm-fast_2" eclass="HBEFA3/PC_G_EU4" CO2="93629.83" CO="3019.40" HC="16.20" NOx="42.66" PMx="2.92" fuel="40.25" electricity="0.00" noise="103.77" route="routebottom" type="cfm-fast" waiting="0.00" lane="bottom_1" pos="11.31" speed="74.02" angle="74.08" x="86.40" y="2.45"/>
        <vehicle id="cfm-fast_3" eclass="HBEFA3/PC_G_EU4" CO2="12678.02" CO="190.93" HC="1.18" NOx="5.32" PMx="0.29" fuel="5.45" electricity="0.00" noise="74.32" route="routetop" type="cfm-fast" waiting="0.00" lane="top_0" pos="1.17" speed="24.98" angle="272.35" x="61.05" y="132.22"/>
        <vehicle id="cfm-fast_4" eclass="HBEFA3/PC_G_EU4" CO2="0.00" CO="0.00" HC="0.00" NOx="0.00" PMx="0.00" fuel="0.00" electricity="0.00" noise="88.32" route="routebottom" type="cfm-fast" waiting="0.00" lane="right_1" pos="27.13" speed="76.46" angle="315.72" x="106.65" y="112.83"/>
        <vehicle id="cfm-fast_5" eclass="HBEFA3/PC_G_EU4" CO2="20230.93" CO="351.31" HC="2.10" NOx="8.85" PMx="0.49" fuel="8.70" electricity="0.00" noise="78.30" route="routetop" type="cfm-fast" waiting="0.00" lane="top_0" pos="17.27" speed="26.28" angle="243.40" x="28.21" y="122.40"/>
        <vehicle id="cfm-slow_0" eclass="HBEFA3/PC_G_EU4" CO2="22364.72" CO="407.11" HC="2.41" NOx="9.81" PMx="0.55" fuel="9.61" electricity="0.00" noise="79.45" route="routetop" type="cfm-slow" waiting="0.00" lane="top_0" pos="34.79" speed="28.55" angle="211.95" x="2.75" y="95.25"/>
        <vehicle id="cfm-slow_1" eclass="HBEFA3/PC_G_EU4" CO2="16917.30" CO="310.86" HC="1.84" NOx="7.19" PMx="0.42" fuel="7.27" electricity="0.00" noise="77.33" route="routetop" type="cfm-slow" waiting="0.00" lane="left_0" pos="8.62" speed="30.78" angle="168.89" x="-2.42" y="45.26"/>
        <vehicle id="cfm-slow_2" eclass="HBEFA3/PC_G_EU4" CO2="0.00" CO="0.00" HC="0.00" NOx="0.00" PMx="0.00" fuel="0.00" electricity="0.00" noise="74.51" route="routetop" type="cfm-slow" waiting="0.00" lane="left_0" pos="34.65" speed="32.01" angle="122.21" x="31.81" y="2.89"/>
        <vehicle id="cfm-slow_3" eclass="HBEFA3/PC_G_EU4" CO2="0.00" CO="0.00" HC="0.00" NOx="0.00" PMx="0.00" fuel="0.00" electricity="0.00" noise="73.13" route="routebottom" type="cfm-slow" waiting="0.00" lane="bottom_0" pos="11.80" speed="31.60" angle="73.21" x="88.56" y="-0.26"/>
        <vehicle id="cfm-slow_4" eclass="HBEFA3/PC_G_EU4" CO2="0.00" CO="0.00" HC="0.00" NOx="0.00" PMx="0.00" fuel="0.00" electricity="0.00" noise="72.05" route="routebottom" type="cfm-slow" waiting="0.00" lane="bottom_0" pos="38.39" speed="29.67" angle="25.41" x="127.74" y="39.15"/>
        <vehicle id="cfm-slow_5" eclass="HBEFA3/PC_G_EU4" CO2="0.00" CO="0.00" HC="0.00" NOx="0.00" PMx="0.00" fuel="0.00" electricity="0.00" noise="70.95" route="routebottom" type="cfm-slow" waiting="0.00" lane="right_0" pos="12.92" speed="27.15" angle="341.21" x="126.68" y="90.79"/>
    </timestep>
    <timestep time="6.98">
        <vehicle id="cfm-fast_0" eclass="HBEFA3/PC_G_EU4" CO2="156250.01" CO="4021.01" HC="22.29" NOx="72.30" PMx="4.43" fuel="67.16" electricity="0.00" noise="119.19" route="routetop" type="cfm-fast" waiting="0.00" lane="left_1" pos="3.05" speed="67.05" angle="179.02" x="-1.34" y="57.39"/>
        <vehicle id="cfm-fast_1" eclass="HBEFA3/PC_G_EU4" CO2="0.00" CO="0.00" HC="0.00" NOx="0.00" PMx="0.00" fuel="0.00" electricity="0.00" noise="71.10" route="routebottom" type="cfm-fast" waiting="0.00" lane="right_0" pos="35.19" speed="25.27" angle="301.23" x="94.48" y="124.95"/>
        <vehicle id="cfm-fast_2" eclass="HBEFA3/PC_G_EU4" CO2="92792.16" CO="3003.45" HC="16.11" NOx="42.27" PMx="2.90" fuel="39.89" electricity="0.00" noise="103.58" route="routebottom" type="cfm-fast" waiting="0.00" lane="bottom_1" pos="12.05" speed="74.05" angle="72.79" x="87.81" y="2.99"/>
        <vehicle id="cfm-fast_3" eclass="HBEFA3/PC_G_EU4" CO2="12745.11" CO="192.35" HC="1.19" NOx="5.35" PMx="0.29" fuel="5.48" electricity="0.00" noise="74.35" route="routetop" type="cfm-fast" waiting="0.00" lane="top_0" pos="1.42" speed="24.99" angle="271.92" x="60.51" y="132.20"/>
        <vehicle id="cfm-fast_4" eclass="HBEFA3/PC_G_EU4" CO2="0.00" CO="0.00" HC="0.00" NOx="0.00" PMx="0.00" fuel="0.00" electricity="0.00" noise="88.33" route="routebottom" type="cfm-fast" waiting="0.00" lane="right_1" pos="27.90" speed="76.44" angle="314.22" x="105.45" y="113.84"/>
        <vehicle id="cfm-fast_5" eclass="HBEFA3/PC_G_EU4" CO2="20251.20" CO="351.83" HC="2.11" NOx="8.86" PMx="0.49" fuel="8.70" electricity="0.00" noise="78.31" route="routetop" type="cfm-fast" waiting="0.00" lane="top_0" pos="17.54" speed="26.30" angle="242.93" x="27.73" y="122.11"/>
        <vehicle id="cfm-slow_0" eclass="HBEFA3/PC_G_EU4" CO2="22318.28" CO="406.29" HC="2.41" NOx="9.79" PMx="0.55" fuel="9.59" electricity="0.00" noise="79.43" route="routetop" type="cfm-slow" waiting="0.00" lane="top_0" pos="35.08" speed="28.57" angle="211.42" x="2.48" y="94.70"/>
        <vehicle id="cfm-slow_1" eclass="HBEFA3/PC_G_EU4" CO2="16802.73" CO="308.60" HC="1.83" NOx="7.14" PMx="0.42" fuel="7.22" electricity="0.00" noise="77.29" route="routetop" type="cfm-slow" waiting="0.00" lane="left_0" pos="8.92" speed="30.80" angle="168.38" x="-2.25" y="44.62"/>
        <vehicle id="cfm-slow_2" eclass="HBEFA3/PC_G_EU4" CO2="0.00" CO="0.00" HC="0.00" NOx="0.00" PMx="0.00" fuel="0.00" electricity="0.00" noise="74.49" route="routetop" type="cfm-slow" waiting="0.00" lane="left_0" pos="34.97" speed="32.00" angle="121.62" x="32.42" y="2.58"/>
        <vehicle id="cfm-slow_3" eclass="HBEFA3/PC_G_EU4" CO2="0.00" CO="0.00" HC="0.00" NOx="0.00" PMx="0.00" fuel="0.00" electricity="0.00" noise="73.12" route="routebottom" type="cfm-slow" waiting="0.00" lane="bottom_0" pos="12.11" speed="31.59" angle="72.65" x="89.19" y="-0.01"/>
        <vehicle id="cfm-slow_4" eclass="HBEFA3/PC_G_EU4" CO2="0.00" CO="0.00" HC="0.00" NOx="0.00" PMx="0.00" fuel="0.00" electricity="0.00" noise="72.04" route="routebottom" type="cfm-slow" waiting="0.00" lane="bottom_0" pos="38.69" speed="29.65" angle="24.91" x="127.96" y="39.75"/>
        <vehicle id="cfm-slow_5" eclass="HBEFA3/PC_G_EU4" CO2="0.00" CO="0.00" HC="0.00" NOx="0.00" PMx="0.00" fuel="0.00" electricity="0.00" noise="70.94" route="routebottom" type="cfm-slow" waiting="0.00" lane="right_0" pos="13.19" speed="27.13" angle="340.72" x="126.44" y="91.32"/>
    </timestep>
    <timestep time="6.99">
        <vehicle id="cfm-fast_0" eclass="HBEFA3/PC_G_EU4" CO2="155722.27" CO="4012.91" HC="22.24" NOx="72.05" PMx="4.42" fuel="66.94" electricity="0.00" noise="119.04" route="routetop" type="cfm-fast" waiting="0.00" lane="left_1" pos="3.72" speed="67.12" angle="177.80" x="-1.20" y="56.02"/>
        <vehicle id="cfm-fast_1" eclass="HBEFA3/PC_G_EU4" CO2="0.00" CO="0.00" HC="0.00" NOx="0.00" PMx="0.00" fuel="0.00" electricity="0.00" noise="71.11" route="routebottom" type="cfm-fast" waiting="0.00" lane="right_0" pos="35.44" speed="25.26" angle="300.78" x="94.00" y="125.19"/>
        <vehicle id="cfm-fast_2" eclass="HBEFA3/PC_G_EU4" CO2="91962.79" CO="2987.65" HC="16.02" NOx="41.87" PMx="2.88" fuel="39.53" electricity="0.00" noise="103.40" route="routebottom" type="cfm-fast" waiting="0.00" lane="bottom_1" pos="12.79" speed="74.08" angle="71.51" x="89.22" y="3.56"/>
        <vehicle id="cfm-fast_3" eclass="HBEFA3/PC_G_EU4" CO2="12811.82" CO="193.77" HC="1.20" NOx="5.38" PMx="0.29" fuel="5.51" electricity="0.00" noise="74.39" route="routetop" type="cfm-fast" waiting="0.00" lane="top_0" pos="1.67" speed="25.00" angle="271.48" x="59.98" y="132.17"/>
        <vehicle id="cfm-fast_4" eclass="HBEFA3/PC_G_EU4" CO2="0.00" CO="0.00" HC="0.00" NOx="0.00" PMx="0.00" fuel="0.00" electricity="0.00" noise="88.34" route="routebottom" type="cfm-fast" waiting="0.00" lane="right_1" pos="28.66" speed="76.43" angle="312.86" x="104.23" y="114.82"/>
        <vehicle id="cfm-fast_5" eclass="HBEFA3/PC_G_EU4" CO2="20270.92" CO="352.33" HC="2.11" NOx="8.87" PMx="0.49" fuel="8.71" electricity="0.00" noise="78.32" route="routetop" type="cfm-fast" waiting="0.00" lane="top_0" pos="17.80" speed="26.33" angle="242.46" x="27.24" y="121.82"/>
        <vehicle id="cfm-slow_0" eclass="HBEFA3/PC_G_EU4" CO2="22271.19" CO="405.46" HC="2.40" NOx="9.77" PMx="0.55" fuel="9.57" electricity="0.00" noise="79.40" route="routetop" type="cfm-slow" waiting="0.00" lane="top_0" pos="35.36" speed="28.59" angle="210.89" x="2.21" y="94.15"/>
        <vehicle id="cfm-slow_1" eclass="HBEFA3/PC_G_EU4" CO2="16687.91" CO="306.35" HC="1.82" NOx="7.08" PMx="0.41" fuel="7.17" electricity="0.00" noise="77.25" route="routetop" type="cfm-slow" waiting="0.00" lane="left_0" pos="9.23" speed="30.81" angle="167.82" x="-2.06" y="43.99"/>
        <vehicle id="cfm-slow_2" eclass="HBEFA3/PC_G_EU4" CO2="0.00" CO="0.00" HC="0.00" NOx="0.00" PMx="0.00" fuel="0.00" electricity="0.00" noise="74.47" route="routetop" type="cfm-slow" waiting="0.00" lane="left_0" pos="35.29" speed="32.00" angle="121.02" x="33.04" y="2.28"/>
        <vehicle id="cfm-slow_3" eclass="HBEFA3/PC_G_EU4" CO2="0.00" CO="0.00" HC="0.00" NOx="0.00" PMx="0.00" fuel="0.00" electricity="0.00" noise="73.11" route="routebottom" type="cfm-slow" waiting="0.00" lane="bottom_0" pos="12.43" speed="31.57" angle="72.08" x="89.82" y="0.24"/>
        <vehicle id="cfm-slow_4" eclass="HBEFA3/PC_G_EU4" CO2="0.00" CO="0.00" HC="0.00" NOx="0.00" PMx="0.00" fuel="0.00" electricity="0.00" noise="72.03" route="routebottom" type="cfm-slow" waiting="0.00" lane="bottom_0" pos="38.99" speed="29.62" angle="24.38" x="128.18" y="40.35"/>
        <vehicle id="cfm-slow_5" eclass="HBEFA3/PC_G_EU4" CO2="0.00" CO="0.00" HC="0.00" NOx="0.00" PMx="0.00" fuel="0.00" electricity="0.00" noise="70.94" route="routebottom" type="cfm-slow" waiting="0.00" lane="right_0" pos="13.46" speed="27.11" angle="340.23" x="126.20" y="91.86"/>
    </timestep>
    <timestep time="7.00">
        <vehicle id="cfm-fast_0" eclass="HBEFA3/PC_G_EU4" CO2="155191.02" CO="4004.74" HC="22.19" NOx="71.80" PMx="4.41" fuel="66.71" electricity="0.00" noise="118.89" route="routetop" type="cfm-fast" waiting="0.00" lane="left_1" pos="4.39" speed="67.20" angle="176.62" x="-1.02" y="54.65"/>
        <vehicle id="cfm-fast_1" eclass="HBEFA3/PC_G_EU4" CO2="0.00" CO="0.00" HC="0.00" NOx="0.00" PMx="0.00" fuel="0.00" electricity="0.00" noise="71.13" route="routebottom" type="cfm-fast" waiting="0.00" lane="right_0" pos="35.69" speed="25.26" angle="300.32" x="93.51" y="125.44"/>
        <vehicle id="cfm-fast_2" eclass="HBEFA3/PC_G_EU4" CO2="91141.72" CO="2972.01" HC="15.93" NOx="41.49" PMx="2.85" fuel="39.18" electricity="0.00" noise="103.22" route="routebottom" type="cfm-fast" waiting="0.00" lane="bottom_1" pos="13.53" speed="74.11" angle="70.15" x="90.61" y="4.18"/>
        <vehicle id="cfm-fast_3" eclass="HBEFA3/PC_G_EU4" CO2="12878.16" CO="195.17" HC="1.21" NOx="5.41" PMx="0.29" fuel="5.54" electricity="0.00" noise="74.42" route="routetop" type="cfm-fast" waiting="0.00" lane="top_0" pos="1.92" speed="25.02" angle="271.03" x="59.44" y="132.13"/>
        <vehicle id="cfm-fast_4" eclass="HBEFA3/PC_G_EU4" CO2="0.00" CO="0.00" HC="0.00" NOx="0.00" PMx="0.00" fuel="0.00" electricity="0.00" noise="88.36" route="routebottom" type="cfm-fast" waiting="0.00" lane="right_1" pos="29.42" speed="76.41" angle="311.49" x="103.00" y="115.79"/>
        <vehicle id="cfm-fast_5" eclass="HBEFA3/PC_G_EU4" CO2="20290.07" CO="352.82" HC="2.11" NOx="8.88" PMx="0.49" fuel="8.72" electricity="0.00" noise="78.33" route="routetop" type="cfm-fast" waiting="0.00" lane="top_0" pos="18.06" speed="26.35" angle="242.03" x="26.76" y="121.51"/>
        <vehicle id="cfm-slow_0" eclass="HBEFA3/PC_G_EU4" CO2="22223.45" CO="404.62" HC="2.40" NOx="9.74" PMx="0.55" fuel="9.55" electricity="0.00" noise="79.38" route="routetop" type="cfm-slow" waiting="0.00" lane="top_0" pos="35.65" speed="28.62" angle="210.36" x="1.93" y="93.59"/>
        <vehicle id="cfm-slow_1" eclass="HBEFA3/PC_G_EU4" CO2="16572.85" CO="304.08" HC="1.80" NOx="7.03" PMx="0.41" fuel="7.12" electricity="0.00" noise="77.22" route="routetop" type="cfm-slow" waiting="0.00" lane="left_0" pos="9.54" speed="30.82" angle="167.24" x="-1.86" y="43.36"/>
        <vehicle id="cfm-slow_2" eclass="HBEFA3/PC_G_EU4" CO2="0.00" CO="0.00" HC="0.00" NOx="0.00" PMx="0.00" fuel="0.00" electricity="0.00" noise="74.45" route="routetop" type="cfm-slow" waiting="0.00" lane="left_0" pos="35.61" speed="32.00" angle="120.43" x="33.65" y="1.97"/>
        <vehicle id="cfm-slow_3" eclass="HBEFA3/PC_G_EU4" CO2="0.00" CO="0.00" HC="0.00" NOx="0.00" PMx="0.00" fuel="0.00" electricity="0.00" noise="73.10" route="routebottom" type="cfm-slow" waiting="0.00" lane="bottom_0" pos="12.75" speed="31.55" angle="71.55" x="90.45" y="0.50"/>
        <vehicle id="cfm-slow_4" eclass="HBEFA3/PC_G_EU4" CO2="0.00" CO="0.00" HC="0.00" NOx="0.00" PMx="0.00" fuel="0.00" electricity="0.00" noise="72.02" route="routebottom" type="cfm-slow" waiting="0.00" lane="bottom_0" pos="39.28" speed="29.60" angle="23.84" x="128.40" y="40.95"/>
        <vehicle id="cfm-slow_5" eclass="HBEFA3/PC_G_EU4" CO2="0.00" CO="0.00" HC="0.00" NOx="0.00" PMx="0.00" fuel="0.00" electricity="0.00" noise="70.93" route="routebottom" type="cfm-slow" waiting="0.00" lane="right_0" pos="13.73" speed="27.10" angle="339.74" x="125.96" y="92.39"/>
    </timestep>
    <timestep time="7.01">
        <vehicle id="cfm-fast_0" eclass="HBEFA3/PC_G_EU4" CO2="154656.34" CO="3996.48" HC="22.14" NOx="71.55" PMx="4.39" fuel="66.48" electricity="0.00" noise="118.74" route="routetop" type="cfm-fast" waiting="0.00" lane="left_1" pos="5.07" speed="67.27" angle="175.39" x="-0.82" y="53.29"/>
        <vehicle id="cfm-fast_1" eclass="HBEFA3/PC_G_EU4" CO2="0.00" CO="0.00" HC="0.00" NOx="0.00" PMx="0.00" fuel="0.00" electricity="0.00" noise="71.15" route="routebottom" type="cfm-fast" waiting="0.00" lane="right_0" pos="35.94" speed="25.26" angle="299.92" x="93.03" y="125.68"/>
        <vehicle id="cfm-fast_2" eclass="HBEFA3/PC_G_EU4" CO2="90328.96" CO="2956.52" HC="15.84" NOx="41.10" PMx="2.83" fuel="38.83" electricity="0.00" noise="103.04" route="routebottom" type="cfm-fast" waiting="0.00" lane="bottom_1" pos="14.28" speed="74.14" angle="68.84" x="91.99" y="4.81"/>
        <vehicle id="cfm-fast_3" eclass="HBEFA3/PC_G_EU4" CO2="12944.11" CO="196.58" HC="1.22" NOx="5.44" PMx="0.30" fuel="5.56" electricity="0.00" noise="74.45" route="routetop" type="cfm-fast" waiting="0.00" lane="top_0" pos="2.17" speed="25.03" angle="270.58" x="58.90" y="132.10"/>
        <vehicle id="cfm-fast_4" eclass="HBEFA3/PC_G_EU4" CO2="0.00" CO="0.00" HC="0.00" NOx="0.00" PMx="0.00" fuel="0.00" electricity="0.00" noise="88.37" route="routebottom" type="cfm-fast" waiting="0.00" lane="right_1" pos="30.19" speed="76.40" angle="310.12" x="101.73" y="116.71"/>
        <vehicle id="cfm-fast_5" eclass="HBEFA3/PC_G_EU4" CO2="20308.66" CO="353.31" HC="2.12" NOx="8.89" PMx="0.49" fuel="8.73" electricity="0.00" noise="78.34" route="routetop" type="cfm-fast" waiting="0.00" lane="top_0" pos="18.33" speed="26.37" angle="241.51" x="26.29" y="121.20"/>
        <vehicle id="cfm-slow_0" eclass="HBEFA3/PC_G_EU4" CO2="22175.08" CO="403.77" HC="2.39" NOx="9.72" PMx="0.55" fuel="9.53" electricity="0.00" noise="79.36" route="routetop" type="cfm-slow" waiting="0.00" lane="top_0" pos="35.94" speed="28.64" angle="209.89" x="1.66" y="93.04"/>
        <vehicle id="cfm-slow_1" eclass="HBEFA3/PC_G_EU4" CO2="16457.56" CO="301.81" HC="1.79" NOx="6.97" PMx="0.41" fuel="7.07" electricity="0.00" noise="77.18" route="routetop" type="cfm-slow" waiting="0.00" lane="left_0" pos="9.85" speed="30.84" angle="166.67" x="-1.66" y="42.72"/>
        <vehicle id="cfm-slow_2" eclass="HBEFA3/PC_G_EU4" CO2="0.00" CO="0.00" HC="0.00" NOx="0.00" PMx="0.00" fuel="0.00" electricity="0.00" noise="74.42" route="routetop" type="cfm-slow" waiting="0.00" lane="left_0" pos="35.93" speed="31.99" angle="119.90" x="34.27" y="1.66"/>
        <vehicle id="cfm-slow_3" eclass="HBEFA3/PC_G_EU4" CO2="0.00" CO="0.00" HC="0.00" NOx="0.00" PMx="0.00" fuel="0.00" electricity="0.00" noise="73.09" route="routebottom" type="cfm-slow" waiting="0.00" lane="bottom_0" pos="13.06" speed="31.53" angle="70.99" x="91.07" y="0.77"/>
        <vehicle id="cfm-slow_4" eclass="HBEFA3/PC_G_EU4" CO2="0.00" CO="0.00" HC="0.00" NOx="0.00" PMx="0.00" fuel="0.00" electricity="0.00" noise="72.01" route="routebottom" type="cfm-slow" waiting="0.00" lane="bottom_0" pos="39.58" speed="29.58" angle="23.31" x="128.61" y="41.55"/>
        <vehicle id="cfm-slow_5" eclass="HBEFA3/PC_G_EU4" CO2="0.00" CO="0.00" HC="0.00" NOx="0.00" PMx="0.00" fuel="0.00" electricity="0.00" noise="70.93" route="routebottom" type="cfm-slow" waiting="0.00" lane="right_0" pos="14.00" speed="27.08" angle="339.27" x="125.73" y="92.92"/>
    </timestep>
    <timestep time="7.02">
        <vehicle id="cfm-fast_0" eclass="HBEFA3/PC_G_EU4" CO2="154118.34" CO="3988.14" HC="22.09" NOx="71.29" PMx="4.38" fuel="66.25" electricity="0.00" noise="118.59" route="routetop" type="cfm-fast" waiting="0.00" lane="left_1" pos="5.74" speed="67.34" angle="174.14" x="-0.58" y="51.93"/>
        <vehicle id="cfm-fast_1" eclass="HBEFA3/PC_G_EU4" CO2="0.00" CO="0.00" HC="0.00" NOx="0.00" PMx="0.00" fuel="0.00" electricity="0.00" noise="71.17" route="routebottom" type="cfm-fast" waiting="0.00" lane="right_0" pos="36.20" speed="25.26" angle="299.42" x="92.53" y="125.90"/>
        <vehicle id="cfm-fast_2" eclass="HBEFA3/PC_G_EU4" CO2="89524.50" CO="2941.18" HC="15.75" NOx="40.72" PMx="2.81" fuel="38.48" electricity="0.00" noise="102.86" route="routebottom" type="cfm-fast" waiting="0.00" lane="bottom_1" pos="15.02" speed="74.16" angle="67.45" x="93.35" y="5.49"/>
        <vehicle id="cfm-fast_3" eclass="HBEFA3/PC_G_EU4" CO2="13009.68" CO="197.97" HC="1.22" NOx="5.47" PMx="0.30" fuel="5.59" electricity="0.00" noise="74.49" route="routetop" type="cfm-fast" waiting="0.00" lane="top_0" pos="2.42" speed="25.04" angle="270.13" x="58.36" y="132.07"/>
        <vehicle id="cfm-fast_4" eclass="HBEFA3/PC_G_EU4" CO2="0.00" CO="0.00" HC="0.00" NOx="0.00" PMx="0.00" fuel="0.00" electricity="0.00" noise="88.38" route="routebottom" type="cfm-fast" waiting="0.00" lane="right_1" pos="30.95" speed="76.38" angle="308.79" x="100.45" y="117.61"/>
        <vehicle id="cfm-fast_5" eclass="HBEFA3/PC_G_EU4" CO2="20326.70" CO="353.78" HC="2.12" NOx="8.90" PMx="0.49" fuel="8.74" electricity="0.00" noise="78.35" route="routetop" type="cfm-fast" waiting="0.00" lane="top_0" pos="18.59" speed="26.40" angle="241.00" x="25.82" y="120.88"/>
        <vehicle id="cfm-slow_0" eclass="HBEFA3/PC_G_EU4" CO2="22126.08" CO="402.90" HC="2.39" NOx="9.70" PMx="0.55" fuel="9.51" electricity="0.00" noise="79.33" route="routetop" type="cfm-slow" waiting="0.00" lane="top_0" pos="36.22" speed="28.66" angle="209.35" x="1.40" y="92.48"/>
        <vehicle id="cfm-slow_1" eclass="HBEFA3/PC_G_EU4" CO2="16342.05" CO="299.54" HC="1.78" NOx="6.92" PMx="0.41" fuel="7.02" electricity="0.00" noise="77.14" route="routetop" type="cfm-slow" waiting="0.00" lane="left_0" pos="10.16" speed="30.85" angle="166.13" x="-1.47" y="42.09"/>
        <vehicle id="cfm-slow_2" eclass="HBEFA3/PC_G_EU4" CO2="0.00" CO="0.00" HC="0.00" NOx="0.00" PMx="0.00" fuel="0.00" electricity="0.00" noise="74.40" route="routetop" type="cfm-slow" waiting="0.00" lane="left_0" pos="36.25" speed="31.99" angle="119.30" x="34.90" y="1.38"/>
        <vehicle id="cfm-slow_3" eclass="HBEFA3/PC_G_EU4" CO2="0.00" CO="0.00" HC="0.00" NOx="0.00" PMx="0.00" fuel="0.00" electricity="0.00" noise="73.08" route="routebottom" type="cfm-slow" waiting="0.00" lane="bottom_0" pos="13.38" speed="31.51" angle="70.41" x="91.69" y="1.05"/>
        <vehicle id="cfm-slow_4" eclass="HBEFA3/PC_G_EU4" CO2="0.00" CO="0.00" HC="0.00" NOx="0.00" PMx="0.00" fuel="0.00" electricity="0.00" noise="72.00" route="routebottom" type="cfm-slow" waiting="0.00" lane="bottom_0" pos="39.87" speed="29.55" angle="22.83" x="128.82" y="42.15"/>
        <vehicle id="cfm-slow_5" eclass="HBEFA3/PC_G_EU4" CO2="0.00" CO="0.00" HC="0.00" NOx="0.00" PMx="0.00" fuel="0.00" electricity="0.00" noise="70.92" route="routebottom" type="cfm-slow" waiting="0.00" lane="right_0" pos="14.27" speed="27.06" angle="338.80" x="125.47" y="93.45"/>
    </timestep>
    <timestep time="7.03">
        <vehicle id="cfm-fast_0" eclass="HBEFA3/PC_G_EU4" CO2="153577.13" CO="3979.73" HC="22.04" NOx="71.03" PMx="4.37" fuel="66.02" electricity="0.00" noise="118.44" route="routetop" type="cfm-fast" waiting="0.00" lane="left_1" pos="6.41" speed="67.41" angle="172.94" x="-0.32" y="50.57"/>
        <vehicle id="cfm-fast_1" eclass="HBEFA3/PC_G_EU4" CO2="0.00" CO="0.00" HC="0.00" NOx="0.00" PMx="0.00" fuel="0.00" electricity="0.00" noise="71.19" route="routebottom" type="cfm-fast" waiting="0.00" lane="right_0" pos="36.45" speed="25.25" angle="298.93" x="92.03" y="126.12"/>
        <vehicle id="cfm-fast_2" eclass="HBEFA3/PC_G_EU4" CO2="88728.33" CO="2925.99" HC="15.66" NOx="40.35" PMx="2.79" fuel="38.14" electricity="0.00" noise="102.68" route="routebottom" type="cfm-fast" waiting="0.00" lane="bottom_1" pos="15.76" speed="74.19" angle="66.15" x="94.70" y="6.20"/>
        <vehicle id="cfm-fast_3" eclass="HBEFA3/PC_G_EU4" CO2="13074.86" CO="199.35" HC="1.23" NOx="5.50" PMx="0.30" fuel="5.62" electricity="0.00" noise="74.52" route="routetop" type="cfm-fast" waiting="0.00" lane="top_0" pos="2.67" speed="25.06" angle="269.70" x="57.83" y="132.03"/>
        <vehicle id="cfm-fast_4" eclass="HBEFA3/PC_G_EU4" CO2="0.00" CO="0.00" HC="0.00" NOx="0.00" PMx="0.00" fuel="0.00" electricity="0.00" noise="88.40" route="routebottom" type="cfm-fast" waiting="0.00" lane="right_1" pos="31.72" speed="76.37" angle="307.39" x="99.15" y="118.48"/>
        <vehicle id="cfm-fast_5" eclass="HBEFA3/PC_G_EU4" CO2="20344.16" CO="354.24" HC="2.12" NOx="8.90" PMx="0.49" fuel="8.74" electricity="0.00" noise="78.36" route="routetop" type="cfm-fast" waiting="0.00" lane="top_0" pos="18.85" speed="26.42" angle="240.49" x="25.35" y="120.57"/>
        <vehicle id="cfm-slow_0" eclass="HBEFA3/PC_G_EU4" CO2="22076.44" CO="402.02" HC="2.38" NOx="9.67" PMx="0.55" fuel="9.49" electricity="0.00" noise="79.31" route="routetop" type="cfm-slow" waiting="0.00" lane="top_0" pos="36.51" speed="28.68" angle="208.82" x="1.15" y="91.92"/>
        <vehicle id="cfm-slow_1" eclass="HBEFA3/PC_G_EU4" CO2="16226.32" CO="297.26" HC="1.76" NOx="6.86" PMx="0.40" fuel="6.97" electricity="0.00" noise="77.10" route="routetop" type="cfm-slow" waiting="0.00" lane="left_0" pos="10.47" speed="30.86" angle="165.60" x="-1.25" y="41.46"/>
        <vehicle id="cfm-slow_2" eclass="HBEFA3/PC_G_EU4" CO2="0.00" CO="0.00" HC="0.00" NOx="0.00" PMx="0.00" fuel="0.00" electricity="0.00" noise="74.38" route="routetop" type="cfm-slow" waiting="0.00" lane="left_0" pos="36.57" speed="31.99" angle="118.70" x="35.53" y="1.10"/>
        <vehicle id="cfm-slow_3" eclass="HBEFA3/PC_G_EU4" CO2="0.00" CO="0.00" HC="0.00" NOx="0.00" PMx="0.00" fuel="0.00" electricity="0.00" noise="73.07" route="routebottom" type="cfm-slow" waiting="0.00" lane="bottom_0" pos="13.69" speed="31.50" angle="69.83" x="92.31" y="1.33"/>
        <vehicle id="cfm-slow_4" eclass="HBEFA3/PC_G_EU4" CO2="0.00" CO="0.00" HC="0.00" NOx="0.00" PMx="0.00" fuel="0.00" electricity="0.00" noise="71.99" route="routebottom" type="cfm-slow" waiting="0.00" lane="bottom_0" pos="40.17" speed="29.53" angle="22.26" x="129.01" y="42.76"/>
        <vehicle id="cfm-slow_5" eclass="HBEFA3/PC_G_EU4" CO2="0.00" CO="0.00" HC="0.00" NOx="0.00" PMx="0.00" fuel="0.00" electricity="0.00" noise="70.92" route="routebottom" type="cfm-slow" waiting="0.00" lane="right_0" pos="14.54" speed="27.04" angle="338.28" x="125.21" y="93.97"/>
    </timestep>
    <timestep time="7.04">
        <vehicle id="cfm-fast_0" eclass="HBEFA3/PC_G_EU4" CO2="153032.78" CO="3971.23" HC="21.99" NOx="70.78" PMx="4.35" fuel="65.78" electricity="0.00" noise="118.29" route="routetop" type="cfm-fast" waiting="0.00" lane="left_1" pos="7.09" speed="67.48" angle="171.70" x="-0.02" y="49.22"/>
        <vehicle id="cfm-fast_1" eclass="HBEFA3/PC_G_EU4" CO2="0.00" CO="0.00" HC="0.00" NOx="0.00" PMx="0.00" fuel="0.00" electricity="0.00" noise="71.20" route="routebottom" type="cfm-fast" waiting="0.00" lane="right_0" pos="36.70" speed="25.25" angle="298.44" x="91.54" y="126.34"/>
        <vehicle id="cfm-fast_2" eclass="HBEFA3/PC_G_EU4" CO2="87940.45" CO="2910.95" HC="15.57" NOx="39.97" PMx="2.77" fuel="37.80" electricity="0.00" noise="102.51" route="routebottom" type="cfm-fast" waiting="0.00" lane="bottom_1" pos="16.50" speed="74.22" angle="64.80" x="96.03" y="6.94"/>
        <vehicle id="cfm-fast_3" eclass="HBEFA3/PC_G_EU4" CO2="13139.66" CO="200.73" HC="1.24" NOx="5.54" PMx="0.30" fuel="5.65" electricity="0.00" noise="74.55" route="routetop" type="cfm-fast" waiting="0.00" lane="top_0" pos="2.92" speed="25.07" angle="269.25" x="57.29" y="131.97"/>
        <vehicle id="cfm-fast_4" eclass="HBEFA3/PC_G_EU4" CO2="0.00" CO="0.00" HC="0.00" NOx="0.00" PMx="0.00" fuel="0.00" electricity="0.00" noise="88.42" route="routebottom" type="cfm-fast" waiting="0.00" lane="right_1" pos="32.48" speed="76.35" angle="306.07" x="97.83" y="119.32"/>
        <vehicle id="cfm-fast_5" eclass="HBEFA3/PC_G_EU4" CO2="20361.07" CO="354.68" HC="2.12" NOx="8.91" PMx="0.49" fuel="8.75" electricity="0.00" noise="78.37" route="routetop" type="cfm-fast" waiting="0.00" lane="top_0" pos="19.12" speed="26.44" angle="239.99" x="24.87" y="120.25"/>
        <vehicle id="cfm-slow_0" eclass="HBEFA3/PC_G_EU4" CO2="22026.17" CO="401.12" HC="2.38" NOx="9.65" PMx="0.54" fuel="9.47" electricity="0.00" noise="79.28" route="routetop" type="cfm-slow" waiting="0.00" lane="top_0" pos="36.80" speed="28.71" angle="208.28" x="0.90" y="91.35"/>
        <vehicle id="cfm-slow_1" eclass="HBEFA3/PC_G_EU4" CO2="16110.38" CO="294.97" HC="1.75" NOx="6.81" PMx="0.40" fuel="6.93" electricity="0.00" noise="77.06" route="routetop" type="cfm-slow" waiting="0.00" lane="left_0" pos="10.77" speed="30.87" angle="165.03" x="-1.03" y="40.83"/>
        <vehicle id="cfm-slow_2" eclass="HBEFA3/PC_G_EU4" CO2="0.00" CO="0.00" HC="0.00" NOx="0.00" PMx="0.00" fuel="0.00" electricity="0.00" noise="74.36" route="routetop" type="cfm-slow" waiting="0.00" lane="left_0" pos="36.89" speed="31.99" angle="118.10" x="36.15" y="0.81"/>
        <vehicle id="cfm-slow_3" eclass="HBEFA3/PC_G_EU4" CO2="0.00" CO="0.00" HC="0.00" NOx="0.00" PMx="0.00" fuel="0.00" electricity="0.00" noise="73.06" route="routebottom" type="cfm-slow" waiting="0.00" lane="bottom_0" pos="14.01" speed="31.48" angle="69.27" x="92.93" y="1.61"/>
        <vehicle id="cfm-slow_4" eclass="HBEFA3/PC_G_EU4" CO2="0.00" CO="0.00" HC="0.00" NOx="0.00" PMx="0.00" fuel="0.00" electricity="0.00" noise="71.98" route="routebottom" type="cfm-slow" waiting="0.00" lane="bottom_0" pos="40.46" speed="29.50" angle="21.70" x="129.19" y="43.36"/>
        <vehicle id="cfm-slow_5" eclass="HBEFA3/PC_G_EU4" CO2="0.00" CO="0.00" HC="0.00" NOx="0.00" PMx="0.00" fuel="0.00" electricity="0.00" noise="70.92" route="routebottom" type="cfm-slow" waiting="0.00" lane="right_0" pos="14.81" speed="27.03" angle="337.77" x="124.95" y="94.48"/>
    </timestep>
    <timestep time="7.05">
        <vehicle id="cfm-fast_0" eclass="HBEFA3/PC_G_EU4" CO2="152485.41" CO="3962.67" HC="21.94" NOx="70.52" PMx="4.34" fuel="65.55" electricity="0.00" noise="118.14" route="routetop" type="cfm-fast" waiting="0.00" lane="left_1" pos="7.76" speed="67.55" angle="170.51" x="0.29" y="47.87"/>
        <vehicle id="cfm-fast_1" eclass="HBEFA3/PC_G_EU4" CO2="0.00" CO="0.00" HC="0.00" NOx="0.00" PMx="0.00" fuel="0.00" electricity="0.00" noise="71.22" route="routebottom" type="cfm-fast" waiting="0.00" lane="right_0" pos="36.95" speed="25.25" angle="297.95" x="91.04" y="126.57"/>
        <vehicle id="cfm-fast_2" eclass="HBEFA3/PC_G_EU4" CO2="87160.84" CO="2896.07" HC="15.48" NOx="39.61" PMx="2.75" fuel="37.47" electricity="0.00" noise="102.34" route="routebottom" type="cfm-fast" waiting="0.00" lane="bottom_1" pos="17.24" speed="74.24" angle="63.46" x="97.34" y="7.71"/>
        <vehicle id="cfm-fast_3" eclass="HBEFA3/PC_G_EU4" CO2="13204.07" CO="202.10" HC="1.25" NOx="5.57" PMx="0.30" fuel="5.68" electricity="0.00" noise="74.58" route="routetop" type="cfm-fast" waiting="0.00" lane="top_0" pos="3.17" speed="25.08" angle="268.80" x="56.75" y="131.92"/>
        <vehicle id="cfm-fast_4" eclass="HBEFA3/PC_G_EU4" CO2="0.00" CO="0.00" HC="0.00" NOx="0.00" PMx="0.00" fuel="0.00" electricity="0.00" noise="88.43" route="routebottom" type="cfm-fast" waiting="0.00" lane="right_1" pos="33.24" speed="76.34" angle="304.69" x="96.48" y="120.12"/>
        <vehicle id="cfm-fast_5" eclass="HBEFA3/PC_G_EU4" CO2="20377.40" CO="355.12" HC="2.13" NOx="8.92" PMx="0.49" fuel="8.76" electricity="0.00" noise="78.38" route="routetop" type="cfm-fast" waiting="0.00" lane="top_0" pos="19.38" speed="26.46" angle="239.55" x="24.41" y="119.92"/>
        <vehicle id="cfm-slow_0" eclass="HBEFA3/PC_G_EU4" CO2="21975.27" CO="400.22" HC="2.37" NOx="9.62" PMx="0.54" fuel="9.45" electricity="0.00" noise="79.26" route="routetop" type="cfm-slow" waiting="0.00" lane="top_0" pos="37.08" speed="28.73" angle="207.75" x="0.64" y="90.79"/>
        <vehicle id="cfm-slow_1" eclass="HBEFA3/PC_G_EU4" CO2="15994.25" CO="292.68" HC="1.74" NOx="6.75" PMx="0.40" fuel="6.88" electricity="0.00" noise="77.02" route="routetop" type="cfm-slow" waiting="0.00" lane="left_0" pos="11.08" speed="30.89" angle="164.46" x="-0.80" y="40.21"/>
        <vehicle id="cfm-slow_2" eclass="HBEFA3/PC_G_EU4" CO2="0.00" CO="0.00" HC="0.00" NOx="0.00" PMx="0.00" fuel="0.00" electricity="0.00" noise="74.34" route="routetop" type="cfm-slow" waiting="0.00" lane="left_0" pos="37.21" speed="31.98" angle="117.58" x="36.78" y="0.53"/>
        <vehicle id="cfm-slow_3" eclass="HBEFA3/PC_G_EU4" CO2="0.00" CO="0.00" HC="0.00" NOx="0.00" PMx="0.00" fuel="0.00" electricity="0.00" noise="73.05" route="routebottom" type="cfm-slow" waiting="0.00" lane="bottom_0" pos="14.32" speed="31.46" angle="68.72" x="93.54" y="1.90"/>
        <vehicle id="cfm-slow_4" eclass="HBEFA3/PC_G_EU4" CO2="0.00" CO="0.00" HC="0.00" NOx="0.00" PMx="0.00" fuel="0.00" electricity="0.00" noise="71.97" route="routebottom" type="cfm-slow" waiting="0.00" lane="bottom_0" pos="40.76" speed="29.48" angle="21.13" x="129.38" y="43.97"/>
        <vehicle id="cfm-slow_5" eclass="HBEFA3/PC_G_EU4" CO2="0.00" CO="0.00" HC="0.00" NOx="0.00" PMx="0.00" fuel="0.00" electricity="0.00" noise="70.91" route="routebottom" type="cfm-slow" waiting="0.00" lane="right_0" pos="15.08" speed="27.01" angle="337.25" x="124.69" y="95.00"/>
    </timestep>
    <timestep time="7.06">
        <vehicle id="cfm-fast_0" eclass="HBEFA3/PC_G_EU4" CO2="151935.10" CO="3954.03" HC="21.88" NOx="70.26" PMx="4.33" fuel="65.31" electricity="0.00" noise="117.98" route="routetop" type="cfm-fast" waiting="0.00" lane="left_1" pos="8.44" speed="67.62" angle="169.25" x="0.65" y="46.53"/>
        <vehicle id="cfm-fast_1" eclass="HBEFA3/PC_G_EU4" CO2="0.00" CO="0.00" HC="0.00" NOx="0.00" PMx="0.00" fuel="0.00" electricity="0.00" noise="71.24" route="routebottom" type="cfm-fast" waiting="0.00" lane="right_0" pos="37.21" speed="25.25" angle="297.54" x="90.55" y="126.79"/>
        <vehicle id="cfm-fast_2" eclass="HBEFA3/PC_G_EU4" CO2="86389.49" CO="2881.33" HC="15.40" NOx="39.24" PMx="2.73" fuel="37.14" electricity="0.00" noise="102.17" route="routebottom" type="cfm-fast" waiting="0.00" lane="bottom_1" pos="17.99" speed="74.27" angle="62.12" x="98.64" y="8.51"/>
        <vehicle id="cfm-fast_3" eclass="HBEFA3/PC_G_EU4" CO2="13268.08" CO="203.47" HC="1.26" NOx="5.60" PMx="0.30" fuel="5.70" electricity="0.00" noise="74.62" route="routetop" type="cfm-fast" waiting="0.00" lane="top_0" pos="3.43" speed="25.10" angle="268.35" x="56.21" y="131.86"/>
        <vehicle id="cfm-fast_4" eclass="HBEFA3/PC_G_EU4" CO2="0.00" CO="0.00" HC="0.00" NOx="0.00" PMx="0.00" fuel="0.00" electricity="0.00" noise="88.45" route="routebottom" type="cfm-fast" waiting="0.00" lane="right_1" pos="34.01" speed="76.32" angle="303.33" x="95.12" y="120.88"/>
        <vehicle id="cfm-fast_5" eclass="HBEFA3/PC_G_EU4" CO2="20393.17" CO="355.55" HC="2.13" NOx="8.93" PMx="0.49" fuel="8.77" electricity="0.00" noise="78.39" route="routetop" type="cfm-fast" waiting="0.00" lane="top_0" pos="19.65" speed="26.49" angle="239.07" x="23.95" y="119.59"/>
        <vehicle id="cfm-slow_0" eclass="HBEFA3/PC_G_EU4" CO2="21923.75" CO="399.29" HC="2.37" NOx="9.60" PMx="0.54" fuel="9.42" electricity="0.00" noise="79.24" route="routetop" type="cfm-slow" waiting="0.00" lane="top_0" pos="37.37" speed="28.75" angle="207.28" x="0.40" y="90.22"/>
        <vehicle id="cfm-slow_1" eclass="HBEFA3/PC_G_EU4" CO2="15877.92" CO="290.39" HC="1.72" NOx="6.70" PMx="0.39" fuel="6.83" electricity="0.00" noise="76.98" route="routetop" type="cfm-slow" waiting="0.00" lane="left_0" pos="11.39" speed="30.90" angle="163.89" x="-0.58" y="39.58"/>
        <vehicle id="cfm-slow_2" eclass="HBEFA3/PC_G_EU4" CO2="0.00" CO="0.00" HC="0.00" NOx="0.00" PMx="0.00" fuel="0.00" electricity="0.00" noise="74.32" route="routetop" type="cfm-slow" waiting="0.00" lane="left_0" pos="37.53" speed="31.98" angle="116.99" x="37.42" y="0.27"/>
        <vehicle id="cfm-slow_3" eclass="HBEFA3/PC_G_EU4" CO2="0.00" CO="0.00" HC="0.00" NOx="0.00" PMx="0.00" fuel="0.00" electricity="0.00" noise="73.04" route="routebottom" type="cfm-slow" waiting="0.00" lane="bottom_0" pos="14.64" speed="31.44" angle="68.13" x="94.14" y="2.20"/>
        <vehicle id="cfm-slow_4" eclass="HBEFA3/PC_G_EU4" CO2="0.00" CO="0.00" HC="0.00" NOx="0.00" PMx="0.00" fuel="0.00" electricity="0.00" noise="71.96" route="routebottom" type="cfm-slow" waiting="0.00" lane="bottom_0" pos="41.05" speed="29.46" angle="20.64" x="129.57" y="44.57"/>
        <vehicle id="cfm-slow_5" eclass="HBEFA3/PC_G_EU4" CO2="0.00" CO="0.00" HC="0.00" NOx="0.00" PMx="0.00" fuel="0.00" electricity="0.00" noise="70.91" route="routebottom" type="cfm-slow" waiting="0.00" lane="right_0" pos="15.35" speed="26.99" angle="336.81" x="124.43" y="95.52"/>
    </timestep>
    <timestep time="7.07">
        <vehicle id="cfm-fast_0" eclass="HBEFA3/PC_G_EU4" CO2="151381.96" CO="3945.32" HC="21.83" NOx="70.00" PMx="4.32" fuel="65.07" electricity="0.00" noise="117.83" route="routetop" type="cfm-fast" waiting="0.00" lane="left_1" pos="9.12" speed="67.69" angle="168.05" x="1.02" y="45.19"/>
        <vehicle id="cfm-fast_1" eclass="HBEFA3/PC_G_EU4" CO2="0.00" CO="0.00" HC="0.00" NOx="0.00" PMx="0.00" fuel="0.00" electricity="0.00" noise="71.26" route="routebottom" type="cfm-fast" waiting="0.00" lane="right_0" pos="37.46" speed="25.25" angle="297.09" x="90.04" y="126.99"/>
        <vehicle id="cfm-fast_2" eclass="HBEFA3/PC_G_EU4" CO2="85626.40" CO="2866.75" HC="15.31" NOx="38.88" PMx="2.71" fuel="36.81" electricity="0.00" noise="102.00" route="routebottom" type="cfm-fast" waiting="0.00" lane="bottom_1" pos="18.73" speed="74.30" angle="60.71" x="99.91" y="9.35"/>
        <vehicle id="cfm-fast_3" eclass="HBEFA3/PC_G_EU4" CO2="13331.71" CO="204.82" HC="1.26" NOx="5.62" PMx="0.31" fuel="5.73" electricity="0.00" noise="74.65" route="routetop" type="cfm-fast" waiting="0.00" lane="top_0" pos="3.68" speed="25.11" angle="267.90" x="55.68" y="131.81"/>
        <vehicle id="cfm-fast_4" eclass="HBEFA3/PC_G_EU4" CO2="0.00" CO="0.00" HC="0.00" NOx="0.00" PMx="0.00" fuel="0.00" electricity="0.00" noise="88.47" route="routebottom" type="cfm-fast" waiting="0.00" lane="right_1" pos="34.77" speed="76.31" angle="301.99" x="93.74" y="121.63"/>
        <vehicle id="cfm-fast_5" eclass="HBEFA3/PC_G_EU4" CO2="20408.37" CO="355.96" HC="2.13" NOx="8.93" PMx="0.50" fuel="8.77" electricity="0.00" noise="78.40" route="routetop" type="cfm-fast" waiting="0.00" lane="top_0" pos="19.91" speed="26.51" angle="238.59" x="23.48" y="119.26"/>
        <vehicle id="cfm-slow_0" eclass="HBEFA3/PC_G_EU4" CO2="21871.61" CO="398.36" HC="2.36" NOx="9.57" PMx="0.54" fuel="9.40" electricity="0.00" noise="79.21" route="routetop" type="cfm-slow" waiting="0.00" lane="top_0" pos="37.66" speed="28.77" angle="206.75" x="0.17" y="89.65"/>
        <vehicle id="cfm-slow_1" eclass="HBEFA3/PC_G_EU4" CO2="15761.41" CO="288.08" HC="1.71" NOx="6.64" PMx="0.39" fuel="6.78" electricity="0.00" noise="76.94" route="routetop" type="cfm-slow" waiting="0.00" lane="left_0" pos="11.70" speed="30.91" angle="163.39" x="-0.34" y="38.96"/>
        <vehicle id="cfm-slow_2" eclass="HBEFA3/PC_G_EU4" CO2="0.00" CO="0.00" HC="0.00" NOx="0.00" PMx="0.00" fuel="0.00" electricity="0.00" noise="74.30" route="routetop" type="cfm-slow" waiting="0.00" lane="left_0" pos="37.85" speed="31.98" angle="116.40" x="38.06" y="0.02"/>
        <vehicle id="cfm-slow_3" eclass="HBEFA3/PC_G_EU4" CO2="0.00" CO="0.00" HC="0.00" NOx="0.00" PMx="0.00" fuel="0.00" electricity="0.00" noise="73.03" route="routebottom" type="cfm-slow" waiting="0.00" lane="bottom_0" pos="14.95" speed="31.42" angle="67.54" x="94.75" y="2.51"/>
        <vehicle id="cfm-slow_4" eclass="HBEFA3/PC_G_EU4" CO2="0.00" CO="0.00" HC="0.00" NOx="0.00" PMx="0.00" fuel="0.00" electricity="0.00" noise="71.95" route="routebottom" type="cfm-slow" waiting="0.00" lane="bottom_0" pos="41.35" speed="29.43" angle="20.11" x="129.73" y="45.19"/>
        <vehicle id="cfm-slow_5" eclass="HBEFA3/PC_G_EU4" CO2="0.00" CO="0.00" HC="0.00" NOx="0.00" PMx="0.00" fuel="0.00" electricity="0.00" noise="70.91" route="routebottom" type="cfm-slow" waiting="0.00" lane="right_0" pos="15.62" speed="26.97" angle="336.33" x="124.15" y="96.03"/>
    </timestep>
    <timestep time="7.08">
        <vehicle id="cfm-fast_0" eclass="HBEFA3/PC_G_EU4" CO2="150826.09" CO="3936.54" HC="21.78" NOx="69.73" PMx="4.30" fuel="64.83" electricity="0.00" noise="117.68" route="routetop" type="cfm-fast" waiting="0.00" lane="left_1" pos="9.79" speed="67.76" angle="166.81" x="1.43" y="43.87"/>
        <vehicle id="cfm-fast_1" eclass="HBEFA3/PC_G_EU4" CO2="0.00" CO="0.00" HC="0.00" NOx="0.00" PMx="0.00" fuel="0.00" electricity="0.00" noise="71.28" route="routebottom" type="cfm-fast" waiting="0.00" lane="right_0" pos="37.71" speed="25.25" angle="296.63" x="89.54" y="127.19"/>
        <vehicle id="cfm-fast_2" eclass="HBEFA3/PC_G_EU4" CO2="84871.53" CO="2852.33" HC="15.23" NOx="38.53" PMx="2.69" fuel="36.48" electricity="0.00" noise="101.84" route="routebottom" type="cfm-fast" waiting="0.00" lane="bottom_1" pos="19.47" speed="74.32" angle="59.39" x="101.16" y="10.21"/>
        <vehicle id="cfm-fast_3" eclass="HBEFA3/PC_G_EU4" CO2="13394.94" CO="206.17" HC="1.27" NOx="5.65" PMx="0.31" fuel="5.76" electricity="0.00" noise="74.68" route="routetop" type="cfm-fast" waiting="0.00" lane="top_0" pos="3.93" speed="25.12" angle="267.47" x="55.14" y="131.74"/>
        <vehicle id="cfm-fast_4" eclass="HBEFA3/PC_G_EU4" CO2="0.00" CO="0.00" HC="0.00" NOx="0.00" PMx="0.00" fuel="0.00" electricity="0.00" noise="88.48" route="routebottom" type="cfm-fast" waiting="0.00" lane="right_1" pos="35.53" speed="76.29" angle="300.57" x="92.34" y="122.33"/>
        <vehicle id="cfm-fast_5" eclass="HBEFA3/PC_G_EU4" CO2="20423.00" CO="356.36" HC="2.13" NOx="8.94" PMx="0.50" fuel="8.78" electricity="0.00" noise="78.41" route="routetop" type="cfm-fast" waiting="0.00" lane="top_0" pos="20.18" speed="26.53" angle="238.11" x="23.02" y="118.92"/>
        <vehicle id="cfm-slow_0" eclass="HBEFA3/PC_G_EU4" CO2="21818.85" CO="397.41" HC="2.36" NOx="9.55" PMx="0.54" fuel="9.38" electricity="0.00" noise="79.19" route="routetop" type="cfm-slow" waiting="0.00" lane="top_0" pos="37.95" speed="28.79" angle="206.22" x="-0.06" y="89.07"/>
        <vehicle id="cfm-slow_1" eclass="HBEFA3/PC_G_EU4" CO2="15644.72" CO="285.78" HC="1.70" NOx="6.59" PMx="0.39" fuel="6.72" electricity="0.00" noise="76.91" route="routetop" type="cfm-slow" waiting="0.00" lane="left_0" pos="12.01" speed="30.92" angle="162.85" x="-0.10" y="38.34"/>
        <vehicle id="cfm-slow_2" eclass="HBEFA3/PC_G_EU4" CO2="0.00" CO="0.00" HC="0.00" NOx="0.00" PMx="0.00" fuel="0.00" electricity="0.00" noise="74.28" route="routetop" type="cfm-slow" waiting="0.00" lane="left_0" pos="38.17" speed="31.97" angle="115.81" x="38.70" y="-0.24"/>
        <vehicle id="cfm-slow_3" eclass="HBEFA3/PC_G_EU4" CO2="0.00" CO="0.00" HC="0.00" NOx="0.00" PMx="0.00" fuel="0.00" electricity="0.00" noise="73.02" route="routebottom" type="cfm-slow" waiting="0.00" lane="bottom_0" pos="15.26" speed="31.41" angle="66.97" x="95.35" y="2.81"/>
        <vehicle id="cfm-slow_4" eclass="HBEFA3/PC_G_EU4" CO2="0.00" CO="0.00" HC="0.00" NOx="0.00" PMx="0.00" fuel="0.00" electricity="0.00" noise="71.93" route="routebottom" type="cfm-slow" waiting="0.00" lane="bottom_0" pos="41.64" speed="29.41" angle="19.57" x="129.89" y="45.80"/>
        <vehicle id="cfm-slow_5" eclass="HBEFA3/PC_G_EU4" CO2="0.00" CO="0.00" HC="0.00" NOx="0.00" PMx="0.00" fuel="0.00" electricity="0.00" noise="70.90" route="routebottom" type="cfm-slow" waiting="0.00" lane="right_0" pos="15.89" speed="26.96" angle="335.84" x="123.87" y="96.54"/>
    </timestep>
    <timestep time="7.09">
        <vehicle id="cfm-fast_0" eclass="HBEFA3/PC_G_EU4" CO2="150267.56" CO="3927.69" HC="21.72" NOx="69.47" PMx="4.29" fuel="64.59" electricity="0.00" noise="117.53" route="routetop" type="cfm-fast" waiting="0.00" lane="left_1" pos="10.47" speed="67.82" angle="165.63" x="1.87" y="42.55"/>
        <vehicle id="cfm-fast_1" eclass="HBEFA3/PC_G_EU4" CO2="0.00" CO="0.00" HC="0.00" NOx="0.00" PMx="0.00" fuel="0.00" electricity="0.00" noise="71.30" route="routebottom" type="cfm-fast" waiting="0.00" lane="right_0" pos="37.96" speed="25.24" angle="296.18" x="89.03" y="127.39"/>
        <vehicle id="cfm-fast_2" eclass="HBEFA3/PC_G_EU4" CO2="84124.88" CO="2838.05" HC="15.14" NOx="38.17" PMx="2.68" fuel="36.16" electricity="0.00" noise="101.67" route="routebottom" type="cfm-fast" waiting="0.00" lane="bottom_1" pos="20.22" speed="74.35" angle="58.03" x="102.40" y="11.10"/>
        <vehicle id="cfm-fast_3" eclass="HBEFA3/PC_G_EU4" CO2="13457.77" CO="207.51" HC="1.28" NOx="5.68" PMx="0.31" fuel="5.78" electricity="0.00" noise="74.71" route="routetop" type="cfm-fast" waiting="0.00" lane="top_0" pos="4.18" speed="25.14" angle="267.02" x="54.61" y="131.67"/>
        <vehicle id="cfm-fast_4" eclass="HBEFA3/PC_G_EU4" CO2="0.00" CO="0.00" HC="0.00" NOx="0.00" PMx="0.00" fuel="0.00" electricity="0.00" noise="88.50" route="routebottom" type="cfm-fast" waiting="0.00" lane="right_1" pos="36.29" speed="76.28" angle="299.19" x="90.93" y="123.00"/>
        <vehicle id="cfm-fast_5" eclass="HBEFA3/PC_G_EU4" CO2="20437.06" CO="356.76" HC="2.13" NOx="8.95" PMx="0.50" fuel="8.78" electricity="0.00" noise="78.41" route="routetop" type="cfm-fast" waiting="0.00" lane="top_0" pos="20.44" speed="26.55" angle="237.66" x="22.56" y="118.59"/>
        <vehicle id="cfm-slow_0" eclass="HBEFA3/PC_G_EU4" CO2="21765.47" CO="396.45" HC="2.35" NOx="9.52" PMx="0.54" fuel="9.36" electricity="0.00" noise="79.16" route="routetop" type="cfm-slow" waiting="0.00" lane="top_0" pos="38.23" speed="28.82" angle="205.69" x="-0.29" y="88.49"/>
        <vehicle id="cfm-slow_1" eclass="HBEFA3/PC_G_EU4" CO2="15527.86" CO="283.47" HC="1.68" NOx="6.53" PMx="0.38" fuel="6.67" electricity="0.00" noise="76.87" route="routetop" type="cfm-slow" waiting="0.00" lane="left_0" pos="12.32" speed="30.93" angle="162.30" x="0.15" y="37.73"/>
        <vehicle id="cfm-slow_2" eclass="HBEFA3/PC_G_EU4" CO2="0.00" CO="0.00" HC="0.00" NOx="0.00" PMx="0.00" fuel="0.00" electricity="0.00" noise="74.26" route="routetop" type="cfm-slow" waiting="0.00" lane="left_0" pos="38.49" speed="31.97" angle="115.28" x="39.34" y="-0.49"/>
        <vehicle id="cfm-slow_3" eclass="HBEFA3/PC_G_EU4" CO2="0.00" CO="0.00" HC="0.00" NOx="0.00" PMx="0.00" fuel="0.00" electricity="0.00" noise="73.01" route="routebottom" type="cfm-slow" waiting="0.00" lane="bottom_0" pos="15.58" speed="31.39" angle="66.44" x="95.95" y="3.12"/>
        <vehicle id="cfm-slow_4" eclass="HBEFA3/PC_G_EU4" CO2="0.00" CO="0.00" HC="0.00" NOx="0.00" PMx="0.00" fuel="0.00" electricity="0.00" noise="71.92" route="routebottom" type="cfm-slow" waiting="0.00" lane="bottom_0" pos="41.94" speed="29.38" angle="19.04" x="130.06" y="46.41"/>
        <vehicle id="cfm-slow_5" eclass="HBEFA3/PC_G_EU4" CO2="0.00" CO="0.00" HC="0.00" NOx="0.00" PMx="0.00" fuel="0.00" electricity="0.00" noise="70.90" route="routebottom" type="cfm-slow" waiting="0.00" lane="right_0" pos="16.16" speed="26.94" angle="335.35" x="123.59" y="97.05"/>
    </timestep>
    <timestep time="7.10">
        <vehicle id="cfm-fast_0" eclass="HBEFA3/PC_G_EU4" CO2="149706.49" CO="3918.78" HC="21.67" NOx="69.20" PMx="4.27" fuel="64.35" electricity="0.00" noise="117.38" route="routetop" type="cfm-fast" waiting="0.00" lane="left_1" pos="11.15" speed="67.89" angle="164.36" x="2.34" y="41.24"/>
        <vehicle id="cfm-fast_1" eclass="HBEFA3/PC_G_EU4" CO2="0.00" CO="0.00" HC="0.00" NOx="0.00" PMx="0.00" fuel="0.00" electricity="0.00" noise="71.32" route="routebottom" type="cfm-fast" waiting="0.00" lane="right_0" pos="38.22" speed="25.24" angle="295.72" x="88.53" y="127.59"/>
        <vehicle id="cfm-fast_2" eclass="HBEFA3/PC_G_EU4" CO2="83386.43" CO="2823.92" HC="15.06" NOx="37.82" PMx="2.66" fuel="35.84" electricity="0.00" noise="101.51" route="routebottom" type="cfm-fast" waiting="0.00" lane="bottom_1" pos="20.96" speed="74.37" angle="56.73" x="103.62" y="12.02"/>
        <vehicle id="cfm-fast_3" eclass="HBEFA3/PC_G_EU4" CO2="13520.21" CO="208.84" HC="1.29" NOx="5.71" PMx="0.31" fuel="5.81" electricity="0.00" noise="74.75" route="routetop" type="cfm-fast" waiting="0.00" lane="top_0" pos="4.43" speed="25.15" angle="266.56" x="54.07" y="131.59"/>
        <vehicle id="cfm-fast_4" eclass="HBEFA3/PC_G_EU4" CO2="0.00" CO="0.00" HC="0.00" NOx="0.00" PMx="0.00" fuel="0.00" electricity="0.00" noise="88.52" route="routebottom" type="cfm-fast" waiting="0.00" lane="right_1" pos="37.06" speed="76.27" angle="297.75" x="89.50" y="123.64"/>
        <vehicle id="cfm-fast_5" eclass="HBEFA3/PC_G_EU4" CO2="20450.55" CO="357.14" HC="2.14" NOx="8.95" PMx="0.50" fuel="8.79" electricity="0.00" noise="78.42" route="routetop" type="cfm-fast" waiting="0.00" lane="top_0" pos="20.71" speed="26.58" angle="237.20" x="22.10" y="118.24"/>
        <vehicle id="cfm-slow_0" eclass="HBEFA3/PC_G_EU4" CO2="21711.49" CO="395.48" HC="2.34" NOx="9.50" PMx="0.54" fuel="9.33" electricity="0.00" noise="79.14" route="routetop" type="cfm-slow" waiting="0.00" lane="top_0" pos="38.52" speed="28.84" angle="205.22" x="-0.52" y="87.92"/>
        <vehicle id="cfm-slow_1" eclass="HBEFA3/PC_G_EU4" CO2="15410.84" CO="281.15" HC="1.67" NOx="6.48" PMx="0.38" fuel="6.62" electricity="0.00" noise="76.83" route="routetop" type="cfm-slow" waiting="0.00" lane="left_0" pos="12.63" speed="30.95" angle="161.75" x="0.40" y="37.11"/>
        <vehicle id="cfm-slow_2" eclass="HBEFA3/PC_G_EU4" CO2="0.00" CO="0.00" HC="0.00" NOx="0.00" PMx="0.00" fuel="0.00" electricity="0.00" noise="74.24" route="routetop" type="cfm-slow" waiting="0.00" lane="left_0" pos="38.81" speed="31.96" angle="114.69" x="39.98" y="-0.72"/>
        <vehicle id="cfm-slow_3" eclass="HBEFA3/PC_G_EU4" CO2="0.00" CO="0.00" HC="0.00" NOx="0.00" PMx="0.00" fuel="0.00" electricity="0.00" noise="73.00" route="routebottom" type="cfm-slow" waiting="0.00" lane="bottom_0" pos="15.89" speed="31.37" angle="65.86" x="96.54" y="3.45"/>
        <vehicle id="cfm-slow_4" eclass="HBEFA3/PC_G_EU4" CO2="0.00" CO="0.00" HC="0.00" NOx="0.00" PMx="0.00" fuel="0.00" electricity="0.00" noise="71.91" route="routebottom" type="cfm-slow" waiting="0.00" lane="bottom_0" pos="42.23" speed="29.36" angle="18.51" x="130.22" y="47.02"/>
        <vehicle id="cfm-slow_5" eclass="HBEFA3/PC_G_EU4" CO2="0.00" CO="0.00" HC="0.00" NOx="0.00" PMx="0.00" fuel="0.00" electricity="0.00" noise="70.90" route="routebottom" type="cfm-slow" waiting="0.00" lane="right_0" pos="16.43" speed="26.92" angle="334.86" x="123.31" y="97.55"/>
    </timestep>
    <timestep time="7.11">
        <vehicle id="cfm-fast_0" eclass="HBEFA3/PC_G_EU4" CO2="149142.95" CO="3909.80" HC="21.61" NOx="68.94" PMx="4.26" fuel="64.11" electricity="0.00" noise="117.22" route="routetop" type="cfm-fast" waiting="0.00" lane="left_1" pos="11.83" speed="67.96" angle="163.17" x="2.83" y="39.93"/>
        <vehicle id="cfm-fast_1" eclass="HBEFA3/PC_G_EU4" CO2="0.00" CO="0.00" HC="0.00" NOx="0.00" PMx="0.00" fuel="0.00" electricity="0.00" noise="71.34" route="routebottom" type="cfm-fast" waiting="0.00" lane="right_0" pos="38.47" speed="25.24" angle="295.31" x="88.03" y="127.80"/>
        <vehicle id="cfm-fast_2" eclass="HBEFA3/PC_G_EU4" CO2="82656.14" CO="2809.95" HC="14.98" NOx="37.48" PMx="2.64" fuel="35.53" electricity="0.00" noise="101.35" route="routebottom" type="cfm-fast" waiting="0.00" lane="bottom_1" pos="21.70" speed="74.39" angle="55.39" x="104.82" y="12.96"/>
        <vehicle id="cfm-fast_3" eclass="HBEFA3/PC_G_EU4" CO2="13582.25" CO="210.17" HC="1.29" NOx="5.74" PMx="0.31" fuel="5.84" electricity="0.00" noise="74.78" route="routetop" type="cfm-fast" waiting="0.00" lane="top_0" pos="4.68" speed="25.17" angle="266.11" x="53.53" y="131.51"/>
        <vehicle id="cfm-fast_4" eclass="HBEFA3/PC_G_EU4" CO2="0.00" CO="0.00" HC="0.00" NOx="0.00" PMx="0.00" fuel="0.00" electricity="0.00" noise="88.54" route="routebottom" type="cfm-fast" waiting="0.00" lane="right_1" pos="37.82" speed="76.25" angle="296.40" x="88.05" y="124.23"/>
        <vehicle id="cfm-fast_5" eclass="HBEFA3/PC_G_EU4" CO2="20463.46" CO="357.51" HC="2.14" NOx="8.96" PMx="0.50" fuel="8.80" electricity="0.00" noise="78.43" route="routetop" type="cfm-fast" waiting="0.00" lane="top_0" pos="20.98" speed="26.60" angle="236.71" x="21.65" y="117.89"/>
        <vehicle id="cfm-slow_0" eclass="HBEFA3/PC_G_EU4" CO2="21656.89" CO="394.50" HC="2.34" NOx="9.47" PMx="0.54" fuel="9.31" electricity="0.00" noise="79.11" route="routetop" type="cfm-slow" waiting="0.00" lane="top_0" pos="38.81" speed="28.86" angle="204.68" x="-0.73" y="87.33"/>
        <vehicle id="cfm-slow_1" eclass="HBEFA3/PC_G_EU4" CO2="15293.66" CO="278.83" HC="1.66" NOx="6.42" PMx="0.38" fuel="6.57" electricity="0.00" noise="76.79" route="routetop" type="cfm-slow" waiting="0.00" lane="left_0" pos="12.94" speed="30.96" angle="161.24" x="0.66" y="36.49"/>
        <vehicle id="cfm-slow_2" eclass="HBEFA3/PC_G_EU4" CO2="0.00" CO="0.00" HC="0.00" NOx="0.00" PMx="0.00" fuel="0.00" electricity="0.00" noise="74.23" route="routetop" type="cfm-slow" waiting="0.00" lane="left_0" pos="39.13" speed="31.96" angle="114.10" x="40.63" y="-0.96"/>
        <vehicle id="cfm-slow_3" eclass="HBEFA3/PC_G_EU4" CO2="0.00" CO="0.00" HC="0.00" NOx="0.00" PMx="0.00" fuel="0.00" electricity="0.00" noise="72.99" route="routebottom" type="cfm-slow" waiting="0.00" lane="bottom_0" pos="16.20" speed="31.35" angle="65.29" x="97.13" y="3.78"/>
        <vehicle id="cfm-slow_4" eclass="HBEFA3/PC_G_EU4" CO2="0.00" CO="0.00" HC="0.00" NOx="0.00" PMx="0.00" fuel="0.00" electricity="0.00" noise="71.90" route="routebottom" type="cfm-slow" waiting="0.00" lane="bottom_0" pos="42.52" speed="29.34" angle="18.03" x="130.37" y="47.63"/>
        <vehicle id="cfm-slow_5" eclass="HBEFA3/PC_G_EU4" CO2="0.00" CO="0.00" HC="0.00" NOx="0.00" PMx="0.00" fuel="0.00" electricity="0.00" noise="70.89" route="routebottom" type="cfm-slow" waiting="0.00" lane="right_0" pos="16.70" speed="26.91" angle="334.43" x="123.02" y="98.06"/>
    </timestep>
    <timestep time="7.12">
        <vehicle id="cfm-fast_0" eclass="HBEFA3/PC_G_EU4" CO2="148577.06" CO="3900.77" HC="21.56" NOx="68.67" PMx="4.25" fuel="63.87" electricity="0.00" noise="117.07" route="routetop" type="cfm-fast" waiting="0.00" lane="left_1" pos="12.51" speed="68.03" angle="161.95" x="3.35" y="38.64"/>
        <vehicle id="cfm-fast_1" eclass="HBEFA3/PC_G_EU4" CO2="0.00" CO="0.00" HC="0.00" NOx="0.00" PMx="0.00" fuel="0.00" electricity="0.00" noise="71.36" route="routebottom" type="cfm-fast" waiting="0.00" lane="right_0" pos="38.72" speed="25.24" angle="294.86" x="87.52" y="127.98"/>
        <vehicle id="cfm-fast_2" eclass="HBEFA3/PC_G_EU4" CO2="81934.01" CO="2796.12" HC="14.90" NOx="37.14" PMx="2.62" fuel="35.22" electricity="0.00" noise="101.20" route="routebottom" type="cfm-fast" waiting="0.00" lane="bottom_1" pos="22.45" speed="74.42" angle="54.07" x="105.99" y="13.94"/>
        <vehicle id="cfm-fast_3" eclass="HBEFA3/PC_G_EU4" CO2="13643.89" CO="211.48" HC="1.30" NOx="5.77" PMx="0.31" fuel="5.86" electricity="0.00" noise="74.81" route="routetop" type="cfm-fast" waiting="0.00" lane="top_0" pos="4.93" speed="25.18" angle="265.65" x="53.00" y="131.44"/>
        <vehicle id="cfm-fast_4" eclass="HBEFA3/PC_G_EU4" CO2="0.00" CO="0.00" HC="0.00" NOx="0.00" PMx="0.00" fuel="0.00" electricity="0.00" noise="88.56" route="routebottom" type="cfm-fast" waiting="0.00" lane="right_1" pos="38.58" speed="76.24" angle="295.05" x="86.60" y="124.80"/>
        <vehicle id="cfm-fast_5" eclass="HBEFA3/PC_G_EU4" CO2="20475.81" CO="357.86" HC="2.14" NOx="8.96" PMx="0.50" fuel="8.80" electricity="0.00" noise="78.44" route="routetop" type="cfm-fast" waiting="0.00" lane="top_0" pos="21.24" speed="26.62" angle="236.22" x="21.20" y="117.53"/>
        <vehicle id="cfm-slow_0" eclass="HBEFA3/PC_G_EU4" CO2="21601.69" CO="393.50" HC="2.33" NOx="9.44" PMx="0.53" fuel="9.29" electricity="0.00" noise="79.09" route="routetop" type="cfm-slow" waiting="0.00" lane="top_0" pos="39.10" speed="28.88" angle="204.15" x="-0.94" y="86.75"/>
        <vehicle id="cfm-slow_1" eclass="HBEFA3/PC_G_EU4" CO2="15176.34" CO="276.51" HC="1.64" NOx="6.37" PMx="0.38" fuel="6.52" electricity="0.00" noise="76.75" route="routetop" type="cfm-slow" waiting="0.00" lane="left_0" pos="13.25" speed="30.97" angle="160.66" x="0.93" y="35.89"/>
        <vehicle id="cfm-slow_2" eclass="HBEFA3/PC_G_EU4" CO2="0.00" CO="0.00" HC="0.00" NOx="0.00" PMx="0.00" fuel="0.00" electricity="0.00" noise="74.21" route="routetop" type="cfm-slow" waiting="0.00" lane="left_0" pos="39.44" speed="31.95" angle="113.52" x="41.28" y="-1.19"/>
        <vehicle id="cfm-slow_3" eclass="HBEFA3/PC_G_EU4" CO2="0.00" CO="0.00" HC="0.00" NOx="0.00" PMx="0.00" fuel="0.00" electricity="0.00" noise="72.97" route="routebottom" type="cfm-slow" waiting="0.00" lane="bottom_0" pos="16.52" speed="31.33" angle="64.71" x="97.72" y="4.11"/>
        <vehicle id="cfm-slow_4" eclass="HBEFA3/PC_G_EU4" CO2="0.00" CO="0.00" HC="0.00" NOx="0.00" PMx="0.00" fuel="0.00" electricity="0.00" noise="71.89" route="routebottom" type="cfm-slow" waiting="0.00" lane="bottom_0" pos="42.82" speed="29.31" angle="17.49" x="130.51" y="48.25"/>
        <vehicle id="cfm-slow_5" eclass="HBEFA3/PC_G_EU4" CO2="0.00" CO="0.00" HC="0.00" NOx="0.00" PMx="0.00" fuel="0.00" electricity="0.00" noise="70.89" route="routebottom" type="cfm-slow" waiting="0.00" lane="right_0" pos="16.97" speed="26.89" angle="333.94" x="122.73" y="98.55"/>
    </timestep>
    <timestep time="7.13">
        <vehicle id="cfm-fast_0" eclass="HBEFA3/PC_G_EU4" CO2="148008.89" CO="3891.67" HC="21.50" NOx="68.40" PMx="4.23" fuel="63.62" electricity="0.00" noise="116.92" route="routetop" type="cfm-fast" waiting="0.00" lane="left_1" pos="13.19" speed="68.09" angle="160.78" x="3.89" y="37.35"/>
        <vehicle id="cfm-fast_1" eclass="HBEFA3/PC_G_EU4" CO2="0.00" CO="0.00" HC="0.00" NOx="0.00" PMx="0.00" fuel="0.00" electricity="0.00" noise="71.38" route="routebottom" type="cfm-fast" waiting="0.00" lane="right_0" pos="38.97" speed="25.24" angle="294.40" x="87.00" y="128.17"/>
        <vehicle id="cfm-fast_2" eclass="HBEFA3/PC_G_EU4" CO2="81220.01" CO="2782.45" HC="14.82" NOx="36.80" PMx="2.60" fuel="34.91" electricity="0.00" noise="101.04" route="routebottom" type="cfm-fast" waiting="0.00" lane="bottom_1" pos="23.19" speed="74.44" angle="52.79" x="107.15" y="14.93"/>
        <vehicle id="cfm-fast_3" eclass="HBEFA3/PC_G_EU4" CO2="13705.12" CO="212.79" HC="1.31" NOx="5.80" PMx="0.32" fuel="5.89" electricity="0.00" noise="74.84" route="routetop" type="cfm-fast" waiting="0.00" lane="top_0" pos="5.19" speed="25.20" angle="265.15" x="52.46" y="131.35"/>
        <vehicle id="cfm-fast_4" eclass="HBEFA3/PC_G_EU4" CO2="0.00" CO="0.00" HC="0.00" NOx="0.00" PMx="0.00" fuel="0.00" electricity="0.00" noise="88.58" route="routebottom" type="cfm-fast" waiting="0.00" lane="right_1" pos="39.34" speed="76.22" angle="293.69" x="85.13" y="125.34"/>
        <vehicle id="cfm-fast_5" eclass="HBEFA3/PC_G_EU4" CO2="20487.57" CO="358.21" HC="2.14" NOx="8.97" PMx="0.50" fuel="8.81" electricity="0.00" noise="78.44" route="routetop" type="cfm-fast" waiting="0.00" lane="top_0" pos="21.51" speed="26.65" angle="235.73" x="20.75" y="117.18"/>
        <vehicle id="cfm-slow_0" eclass="HBEFA3/PC_G_EU4" CO2="21545.89" CO="392.49" HC="2.33" NOx="9.42" PMx="0.53" fuel="9.26" electricity="0.00" noise="79.06" route="routetop" type="cfm-slow" waiting="0.00" lane="top_0" pos="39.39" speed="28.90" angle="203.62" x="-1.15" y="86.16"/>
        <vehicle id="cfm-slow_1" eclass="HBEFA3/PC_G_EU4" CO2="15058.88" CO="274.18" HC="1.63" NOx="6.31" PMx="0.37" fuel="6.47" electricity="0.00" noise="76.72" route="routetop" type="cfm-slow" waiting="0.00" lane="left_0" pos="13.56" speed="30.98" angle="160.08" x="1.21" y="35.28"/>
        <vehicle id="cfm-slow_2" eclass="HBEFA3/PC_G_EU4" CO2="0.00" CO="0.00" HC="0.00" NOx="0.00" PMx="0.00" fuel="0.00" electricity="0.00" noise="74.19" route="routetop" type="cfm-slow" waiting="0.00" lane="left_0" pos="39.76" speed="31.95" angle="112.99" x="41.92" y="-1.42"/>
        <vehicle id="cfm-slow_3" eclass="HBEFA3/PC_G_EU4" CO2="0.00" CO="0.00" HC="0.00" NOx="0.00" PMx="0.00" fuel="0.00" electricity="0.00" noise="72.96" route="routebottom" type="cfm-slow" waiting="0.00" lane="bottom_0" pos="16.83" speed="31.31" angle="64.18" x="98.30" y="4.44"/>
        <vehicle id="cfm-slow_4" eclass="HBEFA3/PC_G_EU4" CO2="0.00" CO="0.00" HC="0.00" NOx="0.00" PMx="0.00" fuel="0.00" electricity="0.00" noise="71.88" route="routebottom" type="cfm-slow" waiting="0.00" lane="bottom_0" pos="43.11" speed="29.29" angle="16.96" x="130.65" y="48.86"/>
        <vehicle id="cfm-slow_5" eclass="HBEFA3/PC_G_EU4" CO2="0.00" CO="0.00" HC="0.00" NOx="0.00" PMx="0.00" fuel="0.00" electricity="0.00" noise="70.89" route="routebottom" type="cfm-slow" waiting="0.00" lane="right_0" pos="17.24" speed="26.87" angle="333.46" x="122.43" y="99.05"/>
    </timestep>
    <timestep time="7.14">
        <vehicle id="cfm-fast_0" eclass="HBEFA3/PC_G_EU4" CO2="147438.54" CO="3882.52" HC="21.45" NOx="68.13" PMx="4.22" fuel="63.38" electricity="0.00" noise="116.77" route="routetop" type="cfm-fast" waiting="0.00" lane="left_1" pos="13.87" speed="68.16" angle="159.53" x="4.46" y="36.08"/>
        <vehicle id="cfm-fast_1" eclass="HBEFA3/PC_G_EU4" CO2="0.00" CO="0.00" HC="0.00" NOx="0.00" PMx="0.00" fuel="0.00" electricity="0.00" noise="71.40" route="routebottom" type="cfm-fast" waiting="0.00" lane="right_0" pos="39.23" speed="25.24" angle="293.95" x="86.49" y="128.35"/>
        <vehicle id="cfm-fast_2" eclass="HBEFA3/PC_G_EU4" CO2="80514.11" CO="2768.93" HC="14.74" NOx="36.47" PMx="2.58" fuel="34.61" electricity="0.00" noise="100.89" route="routebottom" type="cfm-fast" waiting="0.00" lane="bottom_1" pos="23.94" speed="74.46" angle="51.45" x="108.27" y="15.97"/>
        <vehicle id="cfm-fast_3" eclass="HBEFA3/PC_G_EU4" CO2="13765.95" CO="214.09" HC="1.32" NOx="5.83" PMx="0.32" fuel="5.92" electricity="0.00" noise="74.87" route="routetop" type="cfm-fast" waiting="0.00" lane="top_0" pos="5.44" speed="25.21" angle="264.68" x="51.93" y="131.26"/>
        <vehicle id="cfm-fast_4" eclass="HBEFA3/PC_G_EU4" CO2="0.00" CO="0.00" HC="0.00" NOx="0.00" PMx="0.00" fuel="0.00" electricity="0.00" noise="88.60" route="routebottom" type="cfm-fast" waiting="0.00" lane="right_1" pos="40.11" speed="76.21" angle="292.37" x="83.65" y="125.84"/>
        <vehicle id="cfm-fast_5" eclass="HBEFA3/PC_G_EU4" CO2="20498.76" CO="358.54" HC="2.14" NOx="8.97" PMx="0.50" fuel="8.81" electricity="0.00" noise="78.45" route="routetop" type="cfm-fast" waiting="0.00" lane="top_0" pos="21.78" speed="26.67" angle="235.29" x="20.30" y="116.82"/>
        <vehicle id="cfm-slow_0" eclass="HBEFA3/PC_G_EU4" CO2="21489.49" CO="391.47" HC="2.32" NOx="9.39" PMx="0.53" fuel="9.24" electricity="0.00" noise="79.03" route="routetop" type="cfm-slow" waiting="0.00" lane="top_0" pos="39.68" speed="28.92" angle="203.11" x="-1.36" y="85.58"/>
        <vehicle id="cfm-slow_1" eclass="HBEFA3/PC_G_EU4" CO2="14941.29" CO="271.85" HC="1.62" NOx="6.26" PMx="0.37" fuel="6.42" electricity="0.00" noise="76.68" route="routetop" type="cfm-slow" waiting="0.00" lane="left_0" pos="13.87" speed="30.99" angle="159.51" x="1.48" y="34.67"/>
        <vehicle id="cfm-slow_2" eclass="HBEFA3/PC_G_EU4" CO2="0.00" CO="0.00" HC="0.00" NOx="0.00" PMx="0.00" fuel="0.00" electricity="0.00" noise="74.17" route="routetop" type="cfm-slow" waiting="0.00" lane="left_0" pos="40.08" speed="31.94" angle="112.39" x="42.58" y="-1.62"/>
        <vehicle id="cfm-slow_3" eclass="HBEFA3/PC_G_EU4" CO2="0.00" CO="0.00" HC="0.00" NOx="0.00" PMx="0.00" fuel="0.00" electricity="0.00" noise="72.95" route="routebottom" type="cfm-slow" waiting="0.00" lane="bottom_0" pos="17.14" speed="31.29" angle="63.61" x="98.88" y="4.79"/>
        <vehicle id="cfm-slow_4" eclass="HBEFA3/PC_G_EU4" CO2="0.00" CO="0.00" HC="0.00" NOx="0.00" PMx="0.00" fuel="0.00" electricity="0.00" noise="71.87" route="routebottom" type="cfm-slow" waiting="0.00" lane="bottom_0" pos="43.40" speed="29.27" angle="16.43" x="130.79" y="49.48"/>
        <vehicle id="cfm-slow_5" eclass="HBEFA3/PC_G_EU4" CO2="0.00" CO="0.00" HC="0.00" NOx="0.00" PMx="0.00" fuel="0.00" electricity="0.00" noise="70.89" route="routebottom" type="cfm-slow" waiting="0.00" lane="right_0" pos="17.51" speed="26.86" angle="332.97" x="122.13" y="99.55"/>
    </timestep>
    <timestep time="7.15">
        <vehicle id="cfm-fast_0" eclass="HBEFA3/PC_G_EU4" CO2="146866.10" CO="3873.31" HC="21.39" NOx="67.86" PMx="4.21" fuel="63.13" electricity="0.00" noise="116.61" route="routetop" type="cfm-fast" waiting="0.00" lane="left_1" pos="14.56" speed="68.22" angle="158.33" x="5.07" y="34.82"/>
        <vehicle id="cfm-fast_1" eclass="HBEFA3/PC_G_EU4" CO2="0.00" CO="0.00" HC="0.00" NOx="0.00" PMx="0.00" fuel="0.00" electricity="0.00" noise="71.42" route="routebottom" type="cfm-fast" waiting="0.00" lane="right_0" pos="39.48" speed="25.24" angle="293.49" x="85.98" y="128.54"/>
        <vehicle id="cfm-fast_2" eclass="HBEFA3/PC_G_EU4" CO2="79816.28" CO="2755.55" HC="14.66" NOx="36.14" PMx="2.57" fuel="34.31" electricity="0.00" noise="100.74" route="routebottom" type="cfm-fast" waiting="0.00" lane="bottom_1" pos="24.68" speed="74.49" angle="50.13" x="109.37" y="17.03"/>
        <vehicle id="cfm-fast_3" eclass="HBEFA3/PC_G_EU4" CO2="13826.37" CO="215.39" HC="1.32" NOx="5.86" PMx="0.32" fuel="5.94" electricity="0.00" noise="74.91" route="routetop" type="cfm-fast" waiting="0.00" lane="top_0" pos="5.69" speed="25.22" angle="264.21" x="51.39" y="131.16"/>
        <vehicle id="cfm-fast_4" eclass="HBEFA3/PC_G_EU4" CO2="0.00" CO="0.00" HC="0.00" NOx="0.00" PMx="0.00" fuel="0.00" electricity="0.00" noise="88.62" route="routebottom" type="cfm-fast" waiting="0.00" lane="right_1" pos="40.87" speed="76.20" angle="290.94" x="82.16" y="126.30"/>
        <vehicle id="cfm-fast_5" eclass="HBEFA3/PC_G_EU4" CO2="20509.37" CO="358.87" HC="2.15" NOx="8.98" PMx="0.50" fuel="8.82" electricity="0.00" noise="78.46" route="routetop" type="cfm-fast" waiting="0.00" lane="top_0" pos="22.04" speed="26.69" angle="234.79" x="19.86" y="116.46"/>
        <vehicle id="cfm-slow_0" eclass="HBEFA3/PC_G_EU4" CO2="21432.50" CO="390.43" HC="2.31" NOx="9.36" PMx="0.53" fuel="9.21" electricity="0.00" noise="79.01" route="routetop" type="cfm-slow" waiting="0.00" lane="top_0" pos="39.97" speed="28.95" angle="202.61" x="-1.55" y="84.98"/>
        <vehicle id="cfm-slow_1" eclass="HBEFA3/PC_G_EU4" CO2="14823.58" CO="269.51" HC="1.60" NOx="6.20" PMx="0.37" fuel="6.37" electricity="0.00" noise="76.64" route="routetop" type="cfm-slow" waiting="0.00" lane="left_0" pos="14.18" speed="31.00" angle="158.99" x="1.76" y="34.07"/>
        <vehicle id="cfm-slow_2" eclass="HBEFA3/PC_G_EU4" CO2="0.00" CO="0.00" HC="0.00" NOx="0.00" PMx="0.00" fuel="0.00" electricity="0.00" noise="74.15" route="routetop" type="cfm-slow" waiting="0.00" lane="left_0" pos="40.40" speed="31.94" angle="111.79" x="43.24" y="-1.82"/>
        <vehicle id="cfm-slow_3" eclass="HBEFA3/PC_G_EU4" CO2="0.00" CO="0.00" HC="0.00" NOx="0.00" PMx="0.00" fuel="0.00" electricity="0.00" noise="72.94" route="routebottom" type="cfm-slow" waiting="0.00" lane="bottom_0" pos="17.46" speed="31.28" angle="63.03" x="99.45" y="5.14"/>
        <vehicle id="cfm-slow_4" eclass="HBEFA3/PC_G_EU4" CO2="0.00" CO="0.00" HC="0.00" NOx="0.00" PMx="0.00" fuel="0.00" electricity="0.00" noise="71.86" route="routebottom" type="cfm-slow" waiting="0.00" lane="bottom_0" pos="43.69" speed="29.24" angle="15.95" x="130.92" y="50.09"/>
        <vehicle id="cfm-slow_5" eclass="HBEFA3/PC_G_EU4" CO2="0.00" CO="0.00" HC="0.00" NOx="0.00" PMx="0.00" fuel="0.00" electricity="0.00" noise="70.88" route="routebottom" type="cfm-slow" waiting="0.00" lane="right_0" pos="17.78" speed="26.84" angle="332.49" x="121.84" y="100.04"/>
    </timestep>
    <timestep time="7.16">
        <vehicle id="cfm-fast_0" eclass="HBEFA3/PC_G_EU4" CO2="146291.66" CO="3864.05" HC="21.34" NOx="67.59" PMx="4.19" fuel="62.88" electricity="0.00" noise="116.46" route="routetop" type="cfm-fast" waiting="0.00" lane="left_1" pos="15.24" speed="68.29" angle="157.06" x="5.70" y="33.56"/>
        <vehicle id="cfm-fast_1" eclass="HBEFA3/PC_G_EU4" CO2="0.00" CO="0.00" HC="0.00" NOx="0.00" PMx="0.00" fuel="0.00" electricity="0.00" noise="71.45" route="routebottom" type="cfm-fast" waiting="0.00" lane="right_0" pos="39.73" speed="25.24" angle="293.08" x="85.47" y="128.72"/>
        <vehicle id="cfm-fast_2" eclass="HBEFA3/PC_G_EU4" CO2="79126.50" CO="2742.33" HC="14.58" NOx="35.81" PMx="2.55" fuel="34.01" electricity="0.00" noise="100.59" route="routebottom" type="cfm-fast" waiting="0.00" lane="bottom_1" pos="25.43" speed="74.51" angle="48.72" x="110.45" y="18.11"/>
        <vehicle id="cfm-fast_3" eclass="HBEFA3/PC_G_EU4" CO2="13886.39" CO="216.67" HC="1.33" NOx="5.88" PMx="0.32" fuel="5.97" electricity="0.00" noise="74.94" route="routetop" type="cfm-fast" waiting="0.00" lane="top_0" pos="5.94" speed="25.24" angle="263.73" x="50.86" y="131.06"/>
        <vehicle id="cfm-fast_4" eclass="HBEFA3/PC_G_EU4" CO2="0.00" CO="0.00" HC="0.00" NOx="0.00" PMx="0.00" fuel="0.00" electricity="0.00" noise="88.64" route="routebottom" type="cfm-fast" waiting="0.00" lane="right_1" pos="41.63" speed="76.18" angle="289.57" x="80.65" y="126.71"/>
        <vehicle id="cfm-fast_5" eclass="HBEFA3/PC_G_EU4" CO2="20519.41" CO="359.18" HC="2.15" NOx="8.98" PMx="0.50" fuel="8.82" electricity="0.00" noise="78.46" route="routetop" type="cfm-fast" waiting="0.00" lane="top_0" pos="22.31" speed="26.71" angle="234.29" x="19.42" y="116.08"/>
        <vehicle id="cfm-slow_0" eclass="HBEFA3/PC_G_EU4" CO2="21374.91" CO="389.38" HC="2.31" NOx="9.33" PMx="0.53" fuel="9.19" electricity="0.00" noise="78.98" route="routetop" type="cfm-slow" waiting="0.00" lane="top_0" pos="40.26" speed="28.97" angle="202.07" x="-1.73" y="84.39"/>
        <vehicle id="cfm-slow_1" eclass="HBEFA3/PC_G_EU4" CO2="14705.75" CO="267.18" HC="1.59" NOx="6.14" PMx="0.36" fuel="6.32" electricity="0.00" noise="76.61" route="routetop" type="cfm-slow" waiting="0.00" lane="left_0" pos="14.49" speed="31.01" angle="158.41" x="2.06" y="33.47"/>
        <vehicle id="cfm-slow_2" eclass="HBEFA3/PC_G_EU4" CO2="0.00" CO="0.00" HC="0.00" NOx="0.00" PMx="0.00" fuel="0.00" electricity="0.00" noise="74.13" route="routetop" type="cfm-slow" waiting="0.00" lane="left_0" pos="40.72" speed="31.94" angle="111.20" x="43.89" y="-2.03"/>
        <vehicle id="cfm-slow_3" eclass="HBEFA3/PC_G_EU4" CO2="0.00" CO="0.00" HC="0.00" NOx="0.00" PMx="0.00" fuel="0.00" electricity="0.00" noise="72.93" route="routebottom" type="cfm-slow" waiting="0.00" lane="bottom_0" pos="17.77" speed="31.26" angle="62.46" x="100.03" y="5.48"/>
        <vehicle id="cfm-slow_4" eclass="HBEFA3/PC_G_EU4" CO2="0.00" CO="0.00" HC="0.00" NOx="0.00" PMx="0.00" fuel="0.00" electricity="0.00" noise="71.85" route="routebottom" type="cfm-slow" waiting="0.00" lane="bottom_0" pos="43.99" speed="29.22" angle="15.40" x="131.03" y="50.71"/>
        <vehicle id="cfm-slow_5" eclass="HBEFA3/PC_G_EU4" CO2="0.00" CO="0.00" HC="0.00" NOx="0.00" PMx="0.00" fuel="0.00" electricity="0.00" noise="70.88" route="routebottom" type="cfm-slow" waiting="0.00" lane="right_0" pos="18.04" speed="26.83" angle="332.06" x="121.53" y="100.53"/>
    </timestep>
    <timestep time="7.17">
        <vehicle id="cfm-fast_0" eclass="HBEFA3/PC_G_EU4" CO2="145715.30" CO="3854.73" HC="21.28" NOx="67.31" PMx="4.18" fuel="62.64" electricity="0.00" noise="116.31" route="routetop" type="cfm-fast" waiting="0.00" lane="left_1" pos="15.92" speed="68.35" angle="155.86" x="6.37" y="32.33"/>
        <vehicle id="cfm-fast_1" eclass="HBEFA3/PC_G_EU4" CO2="0.00" CO="0.00" HC="0.00" NOx="0.00" PMx="0.00" fuel="0.00" electricity="0.00" noise="71.47" route="routebottom" type="cfm-fast" waiting="0.00" lane="right_0" pos="39.98" speed="25.24" angle="292.62" x="84.96" y="128.89"/>
        <vehicle id="cfm-fast_2" eclass="HBEFA3/PC_G_EU4" CO2="78444.73" CO="2729.26" HC="14.51" NOx="35.49" PMx="2.53" fuel="33.72" electricity="0.00" noise="100.44" route="routebottom" type="cfm-fast" waiting="0.00" lane="bottom_1" pos="26.17" speed="74.53" angle="47.41" x="111.50" y="19.22"/>
        <vehicle id="cfm-fast_3" eclass="HBEFA3/PC_G_EU4" CO2="13945.99" CO="217.95" HC="1.34" NOx="5.91" PMx="0.32" fuel="5.99" electricity="0.00" noise="74.97" route="routetop" type="cfm-fast" waiting="0.00" lane="top_0" pos="6.20" speed="25.25" angle="263.26" x="50.33" y="130.96"/>
        <vehicle id="cfm-fast_4" eclass="HBEFA3/PC_G_EU4" CO2="0.00" CO="0.00" HC="0.00" NOx="0.00" PMx="0.00" fuel="0.00" electricity="0.00" noise="88.67" route="routebottom" type="cfm-fast" waiting="0.00" lane="right_1" pos="42.39" speed="76.17" angle="288.21" x="79.14" y="127.11"/>
        <vehicle id="cfm-fast_5" eclass="HBEFA3/PC_G_EU4" CO2="20528.87" CO="359.48" HC="2.15" NOx="8.98" PMx="0.50" fuel="8.82" electricity="0.00" noise="78.47" route="routetop" type="cfm-fast" waiting="0.00" lane="top_0" pos="22.58" speed="26.74" angle="233.79" x="18.98" y="115.71"/>
        <vehicle id="cfm-slow_0" eclass="HBEFA3/PC_G_EU4" CO2="21316.73" CO="388.32" HC="2.30" NOx="9.31" PMx="0.53" fuel="9.16" electricity="0.00" noise="78.95" route="routetop" type="cfm-slow" waiting="0.00" lane="top_0" pos="40.55" speed="28.99" angle="201.53" x="-1.92" y="83.79"/>
        <vehicle id="cfm-slow_1" eclass="HBEFA3/PC_G_EU4" CO2="14587.81" CO="264.83" HC="1.58" NOx="6.09" PMx="0.36" fuel="6.27" electricity="0.00" noise="76.57" route="routetop" type="cfm-slow" waiting="0.00" lane="left_0" pos="14.80" speed="31.02" angle="157.83" x="2.36" y="32.87"/>
        <vehicle id="cfm-slow_2" eclass="HBEFA3/PC_G_EU4" CO2="0.00" CO="0.00" HC="0.00" NOx="0.00" PMx="0.00" fuel="0.00" electricity="0.00" noise="74.12" route="routetop" type="cfm-slow" waiting="0.00" lane="left_0" pos="41.04" speed="31.93" angle="110.65" x="44.55" y="-2.23"/>
        <vehicle id="cfm-slow_3" eclass="HBEFA3/PC_G_EU4" CO2="0.00" CO="0.00" HC="0.00" NOx="0.00" PMx="0.00" fuel="0.00" electricity="0.00" noise="72.92" route="routebottom" type="cfm-slow" waiting="0.00" lane="bottom_0" pos="18.08" speed="31.24" angle="61.95" x="100.60" y="5.84"/>
        <vehicle id="cfm-slow_4" eclass="HBEFA3/PC_G_EU4" CO2="0.00" CO="0.00" HC="0.00" NOx="0.00" PMx="0.00" fuel="0.00" electricity="0.00" noise="71.84" route="routebottom" type="cfm-slow" waiting="0.00" lane="bottom_0" pos="44.28" speed="29.20" angle="14.84" x="131.15" y="51.33"/>
        <vehicle id="cfm-slow_5" eclass="HBEFA3/PC_G_EU4" CO2="0.00" CO="0.00" HC="0.00" NOx="0.00" PMx="0.00" fuel="0.00" electricity="0.00" noise="70.88" route="routebottom" type="cfm-slow" waiting="0.00" lane="right_0" pos="18.31" speed="26.81" angle="331.53" x="121.21" y="101.01"/>
    </timestep>
    <timestep time="7.18">
        <vehicle id="cfm-fast_0" eclass="HBEFA3/PC_G_EU4" CO2="145137.13" CO="3845.37" HC="21.22" NOx="67.04" PMx="4.16" fuel="62.39" electricity="0.00" noise="116.15" route="routetop" type="cfm-fast" waiting="0.00" lane="left_1" pos="16.61" speed="68.42" angle="154.64" x="7.05" y="31.11"/>
        <vehicle id="cfm-fast_1" eclass="HBEFA3/PC_G_EU4" CO2="0.00" CO="0.00" HC="0.00" NOx="0.00" PMx="0.00" fuel="0.00" electricity="0.00" noise="71.49" route="routebottom" type="cfm-fast" waiting="0.00" lane="right_0" pos="40.23" speed="25.24" angle="292.14" x="84.44" y="129.05"/>
        <vehicle id="cfm-fast_2" eclass="HBEFA3/PC_G_EU4" CO2="77770.95" CO="2716.33" HC="14.43" NOx="35.17" PMx="2.51" fuel="33.43" electricity="0.00" noise="100.29" route="routebottom" type="cfm-fast" waiting="0.00" lane="bottom_1" pos="26.92" speed="74.55" angle="46.11" x="112.54" y="20.34"/>
        <vehicle id="cfm-fast_3" eclass="HBEFA3/PC_G_EU4" CO2="14005.19" CO="219.22" HC="1.35" NOx="5.94" PMx="0.32" fuel="6.02" electricity="0.00" noise="75.00" route="routetop" type="cfm-fast" waiting="0.00" lane="top_0" pos="6.45" speed="25.27" angle="262.85" x="49.79" y="130.86"/>
        <vehicle id="cfm-fast_4" eclass="HBEFA3/PC_G_EU4" CO2="0.00" CO="0.00" HC="0.00" NOx="0.00" PMx="0.00" fuel="0.00" electricity="0.00" noise="88.69" route="routebottom" type="cfm-fast" waiting="0.00" lane="right_1" pos="43.15" speed="76.16" angle="286.87" x="77.62" y="127.45"/>
        <vehicle id="cfm-fast_5" eclass="HBEFA3/PC_G_EU4" CO2="20537.74" CO="359.77" HC="2.15" NOx="8.99" PMx="0.50" fuel="8.83" electricity="0.00" noise="78.47" route="routetop" type="cfm-fast" waiting="0.00" lane="top_0" pos="22.84" speed="26.76" angle="233.29" x="18.54" y="115.34"/>
        <vehicle id="cfm-slow_0" eclass="HBEFA3/PC_G_EU4" CO2="21257.98" CO="387.25" HC="2.30" NOx="9.28" PMx="0.53" fuel="9.14" electricity="0.00" noise="78.93" route="routetop" type="cfm-slow" waiting="0.00" lane="top_0" pos="40.84" speed="29.01" angle="200.99" x="-2.10" y="83.20"/>
        <vehicle id="cfm-slow_1" eclass="HBEFA3/PC_G_EU4" CO2="14469.77" CO="262.49" HC="1.56" NOx="6.03" PMx="0.36" fuel="6.22" electricity="0.00" noise="76.53" route="routetop" type="cfm-slow" waiting="0.00" lane="left_0" pos="15.11" speed="31.03" angle="157.25" x="2.66" y="32.28"/>
        <vehicle id="cfm-slow_2" eclass="HBEFA3/PC_G_EU4" CO2="0.00" CO="0.00" HC="0.00" NOx="0.00" PMx="0.00" fuel="0.00" electricity="0.00" noise="74.10" route="routetop" type="cfm-slow" waiting="0.00" lane="left_0" pos="41.36" speed="31.92" angle="110.07" x="45.21" y="-2.41"/>
        <vehicle id="cfm-slow_3" eclass="HBEFA3/PC_G_EU4" CO2="0.00" CO="0.00" HC="0.00" NOx="0.00" PMx="0.00" fuel="0.00" electricity="0.00" noise="72.91" route="routebottom" type="cfm-slow" waiting="0.00" lane="bottom_0" pos="18.39" speed="31.22" angle="61.37" x="101.16" y="6.21"/>
        <vehicle id="cfm-slow_4" eclass="HBEFA3/PC_G_EU4" CO2="0.00" CO="0.00" HC="0.00" NOx="0.00" PMx="0.00" fuel="0.00" electricity="0.00" noise="71.83" route="routebottom" type="cfm-slow" waiting="0.00" lane="bottom_0" pos="44.57" speed="29.17" angle="14.29" x="131.26" y="51.95"/>
        <vehicle id="cfm-slow_5" eclass="HBEFA3/PC_G_EU4" CO2="0.00" CO="0.00" HC="0.00" NOx="0.00" PMx="0.00" fuel="0.00" electricity="0.00" noise="70.88" route="routebottom" type="cfm-slow" waiting="0.00" lane="right_0" pos="18.58" speed="26.79" angle="331.01" x="120.89" y="101.49"/>
    </timestep>
    <timestep time="7.19">
        <vehicle id="cfm-fast_0" eclass="HBEFA3/PC_G_EU4" CO2="144557.22" CO="3835.95" HC="21.17" NOx="66.76" PMx="4.15" fuel="62.14" electricity="0.00" noise="116.00" route="routetop" type="cfm-fast" waiting="0.00" lane="left_1" pos="17.29" speed="68.48" angle="153.37" x="7.77" y="29.90"/>
        <vehicle id="cfm-fast_1" eclass="HBEFA3/PC_G_EU4" CO2="4374.92" CO="20.85" HC="0.20" NOx="1.40" PMx="0.07" fuel="1.88" electricity="0.00" noise="71.51" route="routebottom" type="cfm-fast" waiting="0.00" lane="right_0" pos="40.49" speed="25.24" angle="291.66" x="83.92" y="129.21"/>
        <vehicle id="cfm-fast_2" eclass="HBEFA3/PC_G_EU4" CO2="77105.12" CO="2703.55" HC="14.36" NOx="34.86" PMx="2.50" fuel="33.14" electricity="0.00" noise="100.15" route="routebottom" type="cfm-fast" waiting="0.00" lane="bottom_1" pos="27.66" speed="74.57" angle="44.69" x="113.53" y="21.51"/>
        <vehicle id="cfm-fast_3" eclass="HBEFA3/PC_G_EU4" CO2="14063.97" CO="220.48" HC="1.35" NOx="5.97" PMx="0.33" fuel="6.05" electricity="0.00" noise="75.03" route="routetop" type="cfm-fast" waiting="0.00" lane="top_0" pos="6.70" speed="25.28" angle="262.38" x="49.26" y="130.74"/>
        <vehicle id="cfm-fast_4" eclass="HBEFA3/PC_G_EU4" CO2="0.00" CO="0.00" HC="0.00" NOx="0.00" PMx="0.00" fuel="0.00" electricity="0.00" noise="88.71" route="routebottom" type="cfm-fast" waiting="0.00" lane="right_1" pos="43.92" speed="76.14" angle="285.52" x="76.09" y="127.77"/>
        <vehicle id="cfm-fast_5" eclass="HBEFA3/PC_G_EU4" CO2="20546.04" CO="360.04" HC="2.15" NOx="8.99" PMx="0.50" fuel="8.83" electricity="0.00" noise="78.48" route="routetop" type="cfm-fast" waiting="0.00" lane="top_0" pos="23.11" speed="26.78" angle="232.88" x="18.10" y="114.97"/>
        <vehicle id="cfm-slow_0" eclass="HBEFA3/PC_G_EU4" CO2="21198.64" CO="386.16" HC="2.29" NOx="9.25" PMx="0.52" fuel="9.11" electricity="0.00" noise="78.90" route="routetop" type="cfm-slow" waiting="0.00" lane="top_0" pos="41.13" speed="29.03" angle="200.51" x="-2.28" y="82.60"/>
        <vehicle id="cfm-slow_1" eclass="HBEFA3/PC_G_EU4" CO2="14351.64" CO="260.14" HC="1.55" NOx="5.98" PMx="0.35" fuel="6.17" electricity="0.00" noise="76.50" route="routetop" type="cfm-slow" waiting="0.00" lane="left_0" pos="15.42" speed="31.04" angle="156.74" x="2.96" y="31.68"/>
        <vehicle id="cfm-slow_2" eclass="HBEFA3/PC_G_EU4" CO2="0.00" CO="0.00" HC="0.00" NOx="0.00" PMx="0.00" fuel="0.00" electricity="0.00" noise="74.08" route="routetop" type="cfm-slow" waiting="0.00" lane="left_0" pos="41.68" speed="31.92" angle="109.47" x="45.88" y="-2.59"/>
        <vehicle id="cfm-slow_3" eclass="HBEFA3/PC_G_EU4" CO2="0.00" CO="0.00" HC="0.00" NOx="0.00" PMx="0.00" fuel="0.00" electricity="0.00" noise="72.90" route="routebottom" type="cfm-slow" waiting="0.00" lane="bottom_0" pos="18.71" speed="31.20" angle="60.78" x="101.72" y="6.59"/>
        <vehicle id="cfm-slow_4" eclass="HBEFA3/PC_G_EU4" CO2="0.00" CO="0.00" HC="0.00" NOx="0.00" PMx="0.00" fuel="0.00" electricity="0.00" noise="71.82" route="routebottom" type="cfm-slow" waiting="0.00" lane="bottom_0" pos="44.86" speed="29.15" angle="13.79" x="131.37" y="52.56"/>
        <vehicle id="cfm-slow_5" eclass="HBEFA3/PC_G_EU4" CO2="0.00" CO="0.00" HC="0.00" NOx="0.00" PMx="0.00" fuel="0.00" electricity="0.00" noise="70.87" route="routebottom" type="cfm-slow" waiting="0.00" lane="right_0" pos="18.85" speed="26.78" angle="330.49" x="120.57" y="101.97"/>
    </timestep>
    <timestep time="7.20">
        <vehicle id="cfm-fast_0" eclass="HBEFA3/PC_G_EU4" CO2="143975.66" CO="3826.49" HC="21.11" NOx="66.49" PMx="4.14" fuel="61.89" electricity="0.00" noise="115.85" route="routetop" type="cfm-fast" waiting="0.00" lane="left_1" pos="17.98" speed="68.55" angle="152.16" x="8.49" y="28.70"/>
        <vehicle id="cfm-fast_1" eclass="HBEFA3/PC_G_EU4" CO2="4465.20" CO="22.71" HC="0.21" NOx="1.44" PMx="0.08" fuel="1.92" electricity="0.00" noise="71.53" route="routebottom" type="cfm-fast" waiting="0.00" lane="right_0" pos="40.74" speed="25.24" angle="291.18" x="83.40" y="129.37"/>
        <vehicle id="cfm-fast_2" eclass="HBEFA3/PC_G_EU4" CO2="76447.20" CO="2690.92" HC="14.28" NOx="34.55" PMx="2.48" fuel="32.86" electricity="0.00" noise="100.01" route="routebottom" type="cfm-fast" waiting="0.00" lane="bottom_1" pos="28.41" speed="74.59" angle="43.34" x="114.50" y="22.68"/>
        <vehicle id="cfm-fast_3" eclass="HBEFA3/PC_G_EU4" CO2="14122.34" CO="221.73" HC="1.36" NOx="5.99" PMx="0.33" fuel="6.07" electricity="0.00" noise="75.06" route="routetop" type="cfm-fast" waiting="0.00" lane="top_0" pos="6.95" speed="25.30" angle="261.90" x="48.73" y="130.62"/>
        <vehicle id="cfm-fast_4" eclass="HBEFA3/PC_G_EU4" CO2="0.00" CO="0.00" HC="0.00" NOx="0.00" PMx="0.00" fuel="0.00" electricity="0.00" noise="88.73" route="routebottom" type="cfm-fast" waiting="0.00" lane="right_1" pos="44.68" speed="76.13" angle="284.05" x="74.56" y="128.05"/>
        <vehicle id="cfm-fast_5" eclass="HBEFA3/PC_G_EU4" CO2="20553.76" CO="360.31" HC="2.15" NOx="8.99" PMx="0.50" fuel="8.84" electricity="0.00" noise="78.48" route="routetop" type="cfm-fast" waiting="0.00" lane="top_0" pos="23.38" speed="26.80" angle="232.39" x="17.68" y="114.58"/>
        <vehicle id="cfm-slow_0" eclass="HBEFA3/PC_G_EU4" CO2="21138.72" CO="385.07" HC="2.28" NOx="9.22" PMx="0.52" fuel="9.09" electricity="0.00" noise="78.87" route="routetop" type="cfm-slow" waiting="0.00" lane="top_0" pos="41.42" speed="29.05" angle="199.97" x="-2.44" y="81.99"/>
        <vehicle id="cfm-slow_1" eclass="HBEFA3/PC_G_EU4" CO2="14233.42" CO="257.79" HC="1.53" NOx="5.92" PMx="0.35" fuel="6.12" electricity="0.00" noise="76.46" route="routetop" type="cfm-slow" waiting="0.00" lane="left_0" pos="15.73" speed="31.05" angle="156.16" x="3.28" y="31.10"/>
        <vehicle id="cfm-slow_2" eclass="HBEFA3/PC_G_EU4" CO2="0.00" CO="0.00" HC="0.00" NOx="0.00" PMx="0.00" fuel="0.00" electricity="0.00" noise="74.06" route="routetop" type="cfm-slow" waiting="0.00" lane="left_0" pos="42.00" speed="31.91" angle="108.88" x="46.54" y="-2.76"/>
        <vehicle id="cfm-slow_3" eclass="HBEFA3/PC_G_EU4" CO2="0.00" CO="0.00" HC="0.00" NOx="0.00" PMx="0.00" fuel="0.00" electricity="0.00" noise="72.89" route="routebottom" type="cfm-slow" waiting="0.00" lane="bottom_0" pos="19.02" speed="31.18" angle="60.20" x="102.28" y="6.96"/>
        <vehicle id="cfm-slow_4" eclass="HBEFA3/PC_G_EU4" CO2="0.00" CO="0.00" HC="0.00" NOx="0.00" PMx="0.00" fuel="0.00" electricity="0.00" noise="71.81" route="routebottom" type="cfm-slow" waiting="0.00" lane="bottom_0" pos="45.15" speed="29.13" angle="13.28" x="131.46" y="53.18"/>
        <vehicle id="cfm-slow_5" eclass="HBEFA3/PC_G_EU4" CO2="0.00" CO="0.00" HC="0.00" NOx="0.00" PMx="0.00" fuel="0.00" electricity="0.00" noise="70.87" route="routebottom" type="cfm-slow" waiting="0.00" lane="right_0" pos="19.12" speed="26.76" angle="329.99" x="120.25" y="102.45"/>
    </timestep>
    <timestep time="7.21">
        <vehicle id="cfm-fast_0" eclass="HBEFA3/PC_G_EU4" CO2="143392.54" CO="3816.98" HC="21.05" NOx="66.21" PMx="4.12" fuel="61.64" electricity="0.00" noise="115.69" route="routetop" type="cfm-fast" waiting="0.00" lane="left_1" pos="18.66" speed="68.61" angle="150.85" x="9.27" y="27.53"/>
        <vehicle id="cfm-fast_1" eclass="HBEFA3/PC_G_EU4" CO2="4555.19" CO="24.56" HC="0.23" NOx="1.48" PMx="0.08" fuel="1.96" electricity="0.00" noise="71.55" route="routebottom" type="cfm-fast" waiting="0.00" lane="right_0" pos="40.99" speed="25.24" angle="290.73" x="82.88" y="129.53"/>
        <vehicle id="cfm-fast_2" eclass="HBEFA3/PC_G_EU4" CO2="75797.16" CO="2678.44" HC="14.21" NOx="34.24" PMx="2.46" fuel="32.58" electricity="0.00" noise="99.87" route="routebottom" type="cfm-fast" waiting="0.00" lane="bottom_1" pos="29.16" speed="74.61" angle="41.96" x="115.45" y="23.89"/>
        <vehicle id="cfm-fast_3" eclass="HBEFA3/PC_G_EU4" CO2="14180.29" CO="222.98" HC="1.37" NOx="6.02" PMx="0.33" fuel="6.10" electricity="0.00" noise="75.09" route="routetop" type="cfm-fast" waiting="0.00" lane="top_0" pos="7.21" speed="25.31" angle="261.42" x="48.20" y="130.50"/>
        <vehicle id="cfm-fast_4" eclass="HBEFA3/PC_G_EU4" CO2="0.00" CO="0.00" HC="0.00" NOx="0.00" PMx="0.00" fuel="0.00" electricity="0.00" noise="88.76" route="routebottom" type="cfm-fast" waiting="0.00" lane="right_1" pos="45.44" speed="76.12" angle="282.71" x="73.01" y="128.29"/>
        <vehicle id="cfm-fast_5" eclass="HBEFA3/PC_G_EU4" CO2="20560.90" CO="360.56" HC="2.15" NOx="9.00" PMx="0.50" fuel="8.84" electricity="0.00" noise="78.48" route="routetop" type="cfm-fast" waiting="0.00" lane="top_0" pos="23.65" speed="26.83" angle="231.91" x="17.26" y="114.18"/>
        <vehicle id="cfm-slow_0" eclass="HBEFA3/PC_G_EU4" CO2="21078.23" CO="383.96" HC="2.28" NOx="9.19" PMx="0.52" fuel="9.06" electricity="0.00" noise="78.85" route="routetop" type="cfm-slow" waiting="0.00" lane="top_0" pos="41.71" speed="29.07" angle="199.43" x="-2.60" y="81.39"/>
        <vehicle id="cfm-slow_1" eclass="HBEFA3/PC_G_EU4" CO2="14115.13" CO="255.43" HC="1.52" NOx="5.86" PMx="0.35" fuel="6.07" electricity="0.00" noise="76.43" route="routetop" type="cfm-slow" waiting="0.00" lane="left_0" pos="16.04" speed="31.06" angle="155.59" x="3.61" y="30.51"/>
        <vehicle id="cfm-slow_2" eclass="HBEFA3/PC_G_EU4" CO2="0.00" CO="0.00" HC="0.00" NOx="0.00" PMx="0.00" fuel="0.00" electricity="0.00" noise="74.05" route="routetop" type="cfm-slow" waiting="0.00" lane="left_0" pos="42.32" speed="31.91" angle="108.34" x="47.20" y="-2.94"/>
        <vehicle id="cfm-slow_3" eclass="HBEFA3/PC_G_EU4" CO2="0.00" CO="0.00" HC="0.00" NOx="0.00" PMx="0.00" fuel="0.00" electricity="0.00" noise="72.88" route="routebottom" type="cfm-slow" waiting="0.00" lane="bottom_0" pos="19.33" speed="31.16" angle="59.68" x="102.83" y="7.34"/>
        <vehicle id="cfm-slow_4" eclass="HBEFA3/PC_G_EU4" CO2="0.00" CO="0.00" HC="0.00" NOx="0.00" PMx="0.00" fuel="0.00" electricity="0.00" noise="71.80" route="routebottom" type="cfm-slow" waiting="0.00" lane="bottom_0" pos="45.44" speed="29.10" angle="12.76" x="131.55" y="53.80"/>
        <vehicle id="cfm-slow_5" eclass="HBEFA3/PC_G_EU4" CO2="0.00" CO="0.00" HC="0.00" NOx="0.00" PMx="0.00" fuel="0.00" electricity="0.00" noise="70.87" route="routebottom" type="cfm-slow" waiting="0.00" lane="right_0" pos="19.38" speed="26.75" angle="329.55" x="119.92" y="102.92"/>
    </timestep>
    <timestep time="7.22">
        <vehicle id="cfm-fast_0" eclass="HBEFA3/PC_G_EU4" CO2="142807.95" CO="3807.43" HC="20.99" NOx="65.94" PMx="4.11" fuel="61.39" electricity="0.00" noise="115.54" route="routetop" type="cfm-fast" waiting="0.00" lane="left_1" pos="19.35" speed="68.67" angle="149.61" x="10.06" y="26.36"/>
        <vehicle id="cfm-fast_1" eclass="HBEFA3/PC_G_EU4" CO2="4644.90" CO="26.41" HC="0.24" NOx="1.52" PMx="0.08" fuel="2.00" electricity="0.00" noise="71.58" route="routebottom" type="cfm-fast" waiting="0.00" lane="right_0" pos="41.24" speed="25.24" angle="290.31" x="82.36" y="129.67"/>
        <vehicle id="cfm-fast_2" eclass="HBEFA3/PC_G_EU4" CO2="75154.97" CO="2666.10" HC="14.14" NOx="33.94" PMx="2.45" fuel="32.31" electricity="0.00" noise="99.73" route="routebottom" type="cfm-fast" waiting="0.00" lane="bottom_1" pos="29.90" speed="74.63" angle="40.66" x="116.36" y="25.11"/>
        <vehicle id="cfm-fast_3" eclass="HBEFA3/PC_G_EU4" CO2="14237.82" CO="224.21" HC="1.38" NOx="6.05" PMx="0.33" fuel="6.12" electricity="0.00" noise="75.12" route="routetop" type="cfm-fast" waiting="0.00" lane="top_0" pos="7.46" speed="25.33" angle="260.95" x="47.67" y="130.38"/>
        <vehicle id="cfm-fast_4" eclass="HBEFA3/PC_G_EU4" CO2="0.00" CO="0.00" HC="0.00" NOx="0.00" PMx="0.00" fuel="0.00" electricity="0.00" noise="88.78" route="routebottom" type="cfm-fast" waiting="0.00" lane="right_1" pos="46.20" speed="76.10" angle="281.38" x="71.47" y="128.51"/>
        <vehicle id="cfm-fast_5" eclass="HBEFA3/PC_G_EU4" CO2="20567.45" CO="360.81" HC="2.16" NOx="9.00" PMx="0.50" fuel="8.84" electricity="0.00" noise="78.49" route="routetop" type="cfm-fast" waiting="0.00" lane="top_0" pos="23.92" speed="26.85" angle="231.43" x="16.83" y="113.79"/>
        <vehicle id="cfm-slow_0" eclass="HBEFA3/PC_G_EU4" CO2="21017.17" CO="382.84" HC="2.27" NOx="9.16" PMx="0.52" fuel="9.03" electricity="0.00" noise="78.82" route="routetop" type="cfm-slow" waiting="0.00" lane="top_0" pos="42.00" speed="29.09" angle="198.89" x="-2.76" y="80.79"/>
        <vehicle id="cfm-slow_1" eclass="HBEFA3/PC_G_EU4" CO2="13996.76" CO="253.08" HC="1.51" NOx="5.81" PMx="0.35" fuel="6.02" electricity="0.00" noise="76.39" route="routetop" type="cfm-slow" waiting="0.00" lane="left_0" pos="16.35" speed="31.07" angle="155.02" x="3.93" y="29.92"/>
        <vehicle id="cfm-slow_2" eclass="HBEFA3/PC_G_EU4" CO2="0.00" CO="0.00" HC="0.00" NOx="0.00" PMx="0.00" fuel="0.00" electricity="0.00" noise="74.03" route="routetop" type="cfm-slow" waiting="0.00" lane="left_0" pos="42.64" speed="31.90" angle="107.78" x="47.87" y="-3.10"/>
        <vehicle id="cfm-slow_3" eclass="HBEFA3/PC_G_EU4" CO2="0.00" CO="0.00" HC="0.00" NOx="0.00" PMx="0.00" fuel="0.00" electricity="0.00" noise="72.87" route="routebottom" type="cfm-slow" waiting="0.00" lane="bottom_0" pos="19.64" speed="31.14" angle="59.10" x="103.37" y="7.73"/>
        <vehicle id="cfm-slow_4" eclass="HBEFA3/PC_G_EU4" CO2="0.00" CO="0.00" HC="0.00" NOx="0.00" PMx="0.00" fuel="0.00" electricity="0.00" noise="71.79" route="routebottom" type="cfm-slow" waiting="0.00" lane="bottom_0" pos="45.73" speed="29.08" angle="12.23" x="131.64" y="54.42"/>
        <vehicle id="cfm-slow_5" eclass="HBEFA3/PC_G_EU4" CO2="0.00" CO="0.00" HC="0.00" NOx="0.00" PMx="0.00" fuel="0.00" electricity="0.00" noise="70.87" route="routebottom" type="cfm-slow" waiting="0.00" lane="right_0" pos="19.65" speed="26.73" angle="329.06" x="119.58" y="103.39"/>
    </timestep>
    <timestep time="7.23">
        <vehicle id="cfm-fast_0" eclass="HBEFA3/PC_G_EU4" CO2="142221.96" CO="3797.84" HC="20.93" NOx="65.66" PMx="4.09" fuel="61.13" electricity="0.00" noise="115.39" route="routetop" type="cfm-fast" waiting="0.00" lane="left_1" pos="20.04" speed="68.73" angle="148.36" x="10.89" y="25.22"/>
        <vehicle id="cfm-fast_1" eclass="HBEFA3/PC_G_EU4" CO2="4734.32" CO="28.25" HC="0.25" NOx="1.57" PMx="0.08" fuel="2.04" electricity="0.00" noise="71.60" route="routebottom" type="cfm-fast" waiting="0.00" lane="right_0" pos="41.50" speed="25.24" angle="289.85" x="81.83" y="129.81"/>
        <vehicle id="cfm-fast_2" eclass="HBEFA3/PC_G_EU4" CO2="74520.58" CO="2653.91" HC="14.07" NOx="33.64" PMx="2.43" fuel="32.03" electricity="0.00" noise="99.60" route="routebottom" type="cfm-fast" waiting="0.00" lane="bottom_1" pos="30.65" speed="74.65" angle="39.33" x="117.26" y="26.35"/>
        <vehicle id="cfm-fast_3" eclass="HBEFA3/PC_G_EU4" CO2="14294.93" CO="225.44" HC="1.38" NOx="6.07" PMx="0.33" fuel="6.14" electricity="0.00" noise="75.15" route="routetop" type="cfm-fast" waiting="0.00" lane="top_0" pos="7.71" speed="25.34" angle="260.54" x="47.14" y="130.25"/>
        <vehicle id="cfm-fast_4" eclass="HBEFA3/PC_G_EU4" CO2="0.00" CO="0.00" HC="0.00" NOx="0.00" PMx="0.00" fuel="0.00" electricity="0.00" noise="88.81" route="routebottom" type="cfm-fast" waiting="0.00" lane="right_1" pos="46.96" speed="76.09" angle="280.02" x="69.91" y="128.67"/>
        <vehicle id="cfm-fast_5" eclass="HBEFA3/PC_G_EU4" CO2="20573.42" CO="361.04" HC="2.16" NOx="9.00" PMx="0.50" fuel="8.84" electricity="0.00" noise="78.49" route="routetop" type="cfm-fast" waiting="0.00" lane="top_0" pos="24.19" speed="26.87" angle="230.94" x="16.41" y="113.40"/>
        <vehicle id="cfm-slow_0" eclass="HBEFA3/PC_G_EU4" CO2="20955.55" CO="381.70" HC="2.26" NOx="9.13" PMx="0.52" fuel="9.01" electricity="0.00" noise="78.79" route="routetop" type="cfm-slow" waiting="0.00" lane="top_0" pos="42.29" speed="29.11" angle="198.39" x="-2.93" y="80.18"/>
        <vehicle id="cfm-slow_1" eclass="HBEFA3/PC_G_EU4" CO2="13878.33" CO="250.72" HC="1.49" NOx="5.75" PMx="0.34" fuel="5.97" electricity="0.00" noise="76.35" route="routetop" type="cfm-slow" waiting="0.00" lane="left_0" pos="16.66" speed="31.08" angle="154.50" x="4.25" y="29.34"/>
        <vehicle id="cfm-slow_2" eclass="HBEFA3/PC_G_EU4" CO2="0.00" CO="0.00" HC="0.00" NOx="0.00" PMx="0.00" fuel="0.00" electricity="0.00" noise="74.01" route="routetop" type="cfm-slow" waiting="0.00" lane="left_0" pos="42.96" speed="31.90" angle="107.21" x="48.54" y="-3.25"/>
        <vehicle id="cfm-slow_3" eclass="HBEFA3/PC_G_EU4" CO2="0.00" CO="0.00" HC="0.00" NOx="0.00" PMx="0.00" fuel="0.00" electricity="0.00" noise="72.86" route="routebottom" type="cfm-slow" waiting="0.00" lane="bottom_0" pos="19.95" speed="31.12" angle="58.53" x="103.92" y="8.12"/>
        <vehicle id="cfm-slow_4" eclass="HBEFA3/PC_G_EU4" CO2="0.00" CO="0.00" HC="0.00" NOx="0.00" PMx="0.00" fuel="0.00" electricity="0.00" noise="71.78" route="routebottom" type="cfm-slow" waiting="0.00" lane="bottom_0" pos="46.02" speed="29.06" angle="11.70" x="131.73" y="55.04"/>
        <vehicle id="cfm-slow_5" eclass="HBEFA3/PC_G_EU4" CO2="0.00" CO="0.00" HC="0.00" NOx="0.00" PMx="0.00" fuel="0.00" electricity="0.00" noise="70.87" route="routebottom" type="cfm-slow" waiting="0.00" lane="right_0" pos="19.92" speed="26.72" angle="328.58" x="119.25" y="103.85"/>
    </timestep>
    <timestep time="7.24">
        <vehicle id="cfm-fast_0" eclass="HBEFA3/PC_G_EU4" CO2="141634.66" CO="3788.20" HC="20.88" NOx="65.38" PMx="4.08" fuel="60.88" electricity="0.00" noise="115.23" route="routetop" type="cfm-fast" waiting="0.00" lane="left_1" pos="20.72" speed="68.79" angle="147.17" x="11.72" y="24.08"/>
        <vehicle id="cfm-fast_1" eclass="HBEFA3/PC_G_EU4" CO2="4823.46" CO="30.09" HC="0.26" NOx="1.61" PMx="0.08" fuel="2.07" electricity="0.00" noise="71.62" route="routebottom" type="cfm-fast" waiting="0.00" lane="right_0" pos="41.75" speed="25.24" angle="289.39" x="81.31" y="129.95"/>
        <vehicle id="cfm-fast_2" eclass="HBEFA3/PC_G_EU4" CO2="73893.97" CO="2641.86" HC="14.00" NOx="33.34" PMx="2.41" fuel="31.76" electricity="0.00" noise="99.46" route="routebottom" type="cfm-fast" waiting="0.00" lane="bottom_1" pos="31.39" speed="74.67" angle="38.01" x="118.12" y="27.62"/>
        <vehicle id="cfm-fast_3" eclass="HBEFA3/PC_G_EU4" CO2="14351.63" CO="226.66" HC="1.39" NOx="6.10" PMx="0.33" fuel="6.17" electricity="0.00" noise="75.18" route="routetop" type="cfm-fast" waiting="0.00" lane="top_0" pos="7.97" speed="25.36" angle="260.08" x="46.61" y="130.11"/>
        <vehicle id="cfm-fast_4" eclass="HBEFA3/PC_G_EU4" CO2="0.00" CO="0.00" HC="0.00" NOx="0.00" PMx="0.00" fuel="0.00" electricity="0.00" noise="88.83" route="routebottom" type="cfm-fast" waiting="0.00" lane="right_1" pos="47.72" speed="76.08" angle="278.68" x="68.36" y="128.80"/>
        <vehicle id="cfm-fast_5" eclass="HBEFA3/PC_G_EU4" CO2="20578.81" CO="361.25" HC="2.16" NOx="9.00" PMx="0.50" fuel="8.85" electricity="0.00" noise="78.50" route="routetop" type="cfm-fast" waiting="0.00" lane="top_0" pos="24.45" speed="26.89" angle="230.51" x="15.99" y="113.00"/>
        <vehicle id="cfm-slow_0" eclass="HBEFA3/PC_G_EU4" CO2="20893.36" CO="380.56" HC="2.26" NOx="9.10" PMx="0.52" fuel="8.98" electricity="0.00" noise="78.76" route="routetop" type="cfm-slow" waiting="0.00" lane="top_0" pos="42.58" speed="29.13" angle="197.89" x="-3.07" y="79.57"/>
        <vehicle id="cfm-slow_1" eclass="HBEFA3/PC_G_EU4" CO2="13759.85" CO="248.36" HC="1.48" NOx="5.70" PMx="0.34" fuel="5.91" electricity="0.00" noise="76.32" route="routetop" type="cfm-slow" waiting="0.00" lane="left_0" pos="16.97" speed="31.09" angle="153.93" x="4.60" y="28.77"/>
        <vehicle id="cfm-slow_2" eclass="HBEFA3/PC_G_EU4" CO2="0.00" CO="0.00" HC="0.00" NOx="0.00" PMx="0.00" fuel="0.00" electricity="0.00" noise="74.00" route="routetop" type="cfm-slow" waiting="0.00" lane="left_0" pos="43.28" speed="31.89" angle="106.65" x="49.21" y="-3.40"/>
        <vehicle id="cfm-slow_3" eclass="HBEFA3/PC_G_EU4" CO2="0.00" CO="0.00" HC="0.00" NOx="0.00" PMx="0.00" fuel="0.00" electricity="0.00" noise="72.85" route="routebottom" type="cfm-slow" waiting="0.00" lane="bottom_0" pos="20.26" speed="31.10" angle="57.95" x="104.46" y="8.51"/>
        <vehicle id="cfm-slow_4" eclass="HBEFA3/PC_G_EU4" CO2="0.00" CO="0.00" HC="0.00" NOx="0.00" PMx="0.00" fuel="0.00" electricity="0.00" noise="71.78" route="routebottom" type="cfm-slow" waiting="0.00" lane="bottom_0" pos="46.32" speed="29.04" angle="11.23" x="131.81" y="55.66"/>
        <vehicle id="cfm-slow_5" eclass="HBEFA3/PC_G_EU4" CO2="0.00" CO="0.00" HC="0.00" NOx="0.00" PMx="0.00" fuel="0.00" electricity="0.00" noise="70.87" route="routebottom" type="cfm-slow" waiting="0.00" lane="right_0" pos="20.18" speed="26.70" angle="328.09" x="118.91" y="104.32"/>
    </timestep>
    <timestep time="7.25">
        <vehicle id="cfm-fast_0" eclass="HBEFA3/PC_G_EU4" CO2="141046.14" CO="3778.53" HC="20.82" NOx="65.10" PMx="4.06" fuel="60.63" electricity="0.00" noise="115.08" route="routetop" type="cfm-fast" waiting="0.00" lane="left_1" pos="21.41" speed="68.86" angle="145.92" x="12.59" y="22.97"/>
        <vehicle id="cfm-fast_1" eclass="HBEFA3/PC_G_EU4" CO2="4912.30" CO="31.92" HC="0.27" NOx="1.65" PMx="0.09" fuel="2.11" electricity="0.00" noise="71.65" route="routebottom" type="cfm-fast" waiting="0.00" lane="right_0" pos="42.00" speed="25.24" angle="288.93" x="80.78" y="130.09"/>
        <vehicle id="cfm-fast_2" eclass="HBEFA3/PC_G_EU4" CO2="73275.08" CO="2629.96" HC="13.93" NOx="33.05" PMx="2.40" fuel="31.50" electricity="0.00" noise="99.33" route="routebottom" type="cfm-fast" waiting="0.00" lane="bottom_1" pos="32.14" speed="74.69" angle="36.71" x="118.96" y="28.90"/>
        <vehicle id="cfm-fast_3" eclass="HBEFA3/PC_G_EU4" CO2="14407.89" CO="227.87" HC="1.40" NOx="6.13" PMx="0.34" fuel="6.19" electricity="0.00" noise="75.21" route="routetop" type="cfm-fast" waiting="0.00" lane="top_0" pos="8.22" speed="25.37" angle="259.62" x="46.08" y="129.97"/>
        <vehicle id="cfm-fast_4" eclass="HBEFA3/PC_G_EU4" CO2="0.00" CO="0.00" HC="0.00" NOx="0.00" PMx="0.00" fuel="0.00" electricity="0.00" noise="88.86" route="routebottom" type="cfm-fast" waiting="0.00" lane="right_1" pos="48.48" speed="76.07" angle="277.22" x="66.80" y="128.89"/>
        <vehicle id="cfm-fast_5" eclass="HBEFA3/PC_G_EU4" CO2="20583.62" CO="361.46" HC="2.16" NOx="9.01" PMx="0.50" fuel="8.85" electricity="0.00" noise="78.50" route="routetop" type="cfm-fast" waiting="0.00" lane="top_0" pos="24.72" speed="26.92" angle="230.02" x="15.58" y="112.59"/>
        <vehicle id="cfm-slow_0" eclass="HBEFA3/PC_G_EU4" CO2="20830.62" CO="379.40" HC="2.25" NOx="9.07" PMx="0.52" fuel="8.95" electricity="0.00" noise="78.74" route="routetop" type="cfm-slow" waiting="0.00" lane="top_0" pos="42.87" speed="29.15" angle="197.37" x="-3.21" y="78.96"/>
        <vehicle id="cfm-slow_1" eclass="HBEFA3/PC_G_EU4" CO2="13641.32" CO="245.99" HC="1.47" NOx="5.64" PMx="0.34" fuel="5.86" electricity="0.00" noise="76.29" route="routetop" type="cfm-slow" waiting="0.00" lane="left_0" pos="17.28" speed="31.10" angle="153.36" x="4.94" y="28.19"/>
        <vehicle id="cfm-slow_2" eclass="HBEFA3/PC_G_EU4" CO2="0.00" CO="0.00" HC="0.00" NOx="0.00" PMx="0.00" fuel="0.00" electricity="0.00" noise="73.98" route="routetop" type="cfm-slow" waiting="0.00" lane="left_0" pos="43.59" speed="31.88" angle="106.13" x="49.88" y="-3.56"/>
        <vehicle id="cfm-slow_3" eclass="HBEFA3/PC_G_EU4" CO2="0.00" CO="0.00" HC="0.00" NOx="0.00" PMx="0.00" fuel="0.00" electricity="0.00" noise="72.84" route="routebottom" type="cfm-slow" waiting="0.00" lane="bottom_0" pos="20.57" speed="31.08" angle="57.45" x="105.00" y="8.90"/>
        <vehicle id="cfm-slow_4" eclass="HBEFA3/PC_G_EU4" CO2="0.00" CO="0.00" HC="0.00" NOx="0.00" PMx="0.00" fuel="0.00" electricity="0.00" noise="71.77" route="routebottom" type="cfm-slow" waiting="0.00" lane="bottom_0" pos="46.61" speed="29.01" angle="10.70" x="131.87" y="56.28"/>
        <vehicle id="cfm-slow_5" eclass="HBEFA3/PC_G_EU4" CO2="0.00" CO="0.00" HC="0.00" NOx="0.00" PMx="0.00" fuel="0.00" electricity="0.00" noise="70.87" route="routebottom" type="cfm-slow" waiting="0.00" lane="right_0" pos="20.45" speed="26.69" angle="327.65" x="118.58" y="104.79"/>
    </timestep>
    <timestep time="7.26">
        <vehicle id="cfm-fast_0" eclass="HBEFA3/PC_G_EU4" CO2="140456.47" CO="3768.82" HC="20.76" NOx="64.82" PMx="4.05" fuel="60.38" electricity="0.00" noise="114.93" route="routetop" type="cfm-fast" waiting="0.00" lane="left_1" pos="22.10" speed="68.92" angle="144.71" x="13.48" y="21.87"/>
        <vehicle id="cfm-fast_1" eclass="HBEFA3/PC_G_EU4" CO2="5000.85" CO="33.75" HC="0.28" NOx="1.69" PMx="0.09" fuel="2.15" electricity="0.00" noise="71.67" route="routebottom" type="cfm-fast" waiting="0.00" lane="right_0" pos="42.25" speed="25.24" angle="288.49" x="80.26" y="130.23"/>
        <vehicle id="cfm-fast_2" eclass="HBEFA3/PC_G_EU4" CO2="72663.87" CO="2618.20" HC="13.86" NOx="32.76" PMx="2.38" fuel="31.24" electricity="0.00" noise="99.20" route="routebottom" type="cfm-fast" waiting="0.00" lane="bottom_1" pos="32.89" speed="74.71" angle="35.31" x="119.75" y="30.22"/>
        <vehicle id="cfm-fast_3" eclass="HBEFA3/PC_G_EU4" CO2="14463.74" CO="229.08" HC="1.40" NOx="6.15" PMx="0.34" fuel="6.22" electricity="0.00" noise="75.24" route="routetop" type="cfm-fast" waiting="0.00" lane="top_0" pos="8.47" speed="25.39" angle="259.15" x="45.55" y="129.83"/>
        <vehicle id="cfm-fast_4" eclass="HBEFA3/PC_G_EU4" CO2="0.00" CO="0.00" HC="0.00" NOx="0.00" PMx="0.00" fuel="0.00" electricity="0.00" noise="88.88" route="routebottom" type="cfm-fast" waiting="0.00" lane="right_1" pos="49.24" speed="76.05" angle="275.86" x="65.25" y="128.94"/>
        <vehicle id="cfm-fast_5" eclass="HBEFA3/PC_G_EU4" CO2="20587.84" CO="361.66" HC="2.16" NOx="9.01" PMx="0.50" fuel="8.85" electricity="0.00" noise="78.50" route="routetop" type="cfm-fast" waiting="0.00" lane="top_0" pos="24.99" speed="26.94" angle="229.52" x="15.17" y="112.18"/>
        <vehicle id="cfm-slow_0" eclass="HBEFA3/PC_G_EU4" CO2="20767.32" CO="378.23" HC="2.24" NOx="9.04" PMx="0.51" fuel="8.93" electricity="0.00" noise="78.71" route="routetop" type="cfm-slow" waiting="0.00" lane="top_0" pos="43.17" speed="29.17" angle="196.85" x="-3.35" y="78.35"/>
        <vehicle id="cfm-slow_1" eclass="HBEFA3/PC_G_EU4" CO2="13522.75" CO="243.63" HC="1.45" NOx="5.58" PMx="0.33" fuel="5.81" electricity="0.00" noise="76.25" route="routetop" type="cfm-slow" waiting="0.00" lane="left_0" pos="17.59" speed="31.11" angle="152.79" x="5.29" y="27.62"/>
        <vehicle id="cfm-slow_2" eclass="HBEFA3/PC_G_EU4" CO2="0.00" CO="0.00" HC="0.00" NOx="0.00" PMx="0.00" fuel="0.00" electricity="0.00" noise="73.97" route="routetop" type="cfm-slow" waiting="0.00" lane="left_0" pos="43.91" speed="31.88" angle="105.55" x="50.55" y="-3.68"/>
        <vehicle id="cfm-slow_3" eclass="HBEFA3/PC_G_EU4" CO2="0.00" CO="0.00" HC="0.00" NOx="0.00" PMx="0.00" fuel="0.00" electricity="0.00" noise="72.83" route="routebottom" type="cfm-slow" waiting="0.00" lane="bottom_0" pos="20.88" speed="31.07" angle="56.88" x="105.53" y="9.32"/>
        <vehicle id="cfm-slow_4" eclass="HBEFA3/PC_G_EU4" CO2="0.00" CO="0.00" HC="0.00" NOx="0.00" PMx="0.00" fuel="0.00" electricity="0.00" noise="71.76" route="routebottom" type="cfm-slow" waiting="0.00" lane="bottom_0" pos="46.90" speed="28.99" angle="10.17" x="131.93" y="56.90"/>
        <vehicle id="cfm-slow_5" eclass="HBEFA3/PC_G_EU4" CO2="0.00" CO="0.00" HC="0.00" NOx="0.00" PMx="0.00" fuel="0.00" electricity="0.00" noise="70.87" route="routebottom" type="cfm-slow" waiting="0.00" lane="right_0" pos="20.72" speed="26.68" angle="327.19" x="118.23" y="105.24"/>
    </timestep>
    <timestep time="7.27">
        <vehicle id="cfm-fast_0" eclass="HBEFA3/PC_G_EU4" CO2="139865.74" CO="3759.08" HC="20.70" NOx="64.54" PMx="4.04" fuel="60.12" electricity="0.00" noise="114.78" route="routetop" type="cfm-fast" waiting="0.00" lane="left_1" pos="22.79" speed="68.98" angle="143.42" x="14.40" y="20.80"/>
        <vehicle id="cfm-fast_1" eclass="HBEFA3/PC_G_EU4" CO2="5089.10" CO="35.57" HC="0.29" NOx="1.73" PMx="0.09" fuel="2.19" electricity="0.00" noise="71.69" route="routebottom" type="cfm-fast" waiting="0.00" lane="right_0" pos="42.51" speed="25.24" angle="288.07" x="79.73" y="130.36"/>
        <vehicle id="cfm-fast_2" eclass="HBEFA3/PC_G_EU4" CO2="72060.31" CO="2606.59" HC="13.79" NOx="32.48" PMx="2.37" fuel="30.98" electricity="0.00" noise="99.07" route="routebottom" type="cfm-fast" waiting="0.00" lane="bottom_1" pos="33.64" speed="74.73" angle="33.99" x="120.51" y="31.54"/>
        <vehicle id="cfm-fast_3" eclass="HBEFA3/PC_G_EU4" CO2="14519.16" CO="230.27" HC="1.41" NOx="6.18" PMx="0.34" fuel="6.24" electricity="0.00" noise="75.27" route="routetop" type="cfm-fast" waiting="0.00" lane="top_0" pos="8.73" speed="25.40" angle="258.69" x="45.03" y="129.69"/>
        <vehicle id="cfm-fast_4" eclass="HBEFA3/PC_G_EU4" CO2="0.00" CO="0.00" HC="0.00" NOx="0.00" PMx="0.00" fuel="0.00" electricity="0.00" noise="88.91" route="routetop" type="cfm-fast" waiting="0.00" lane="top_1" pos="0.00" speed="76.04" angle="274.48" x="63.63" y="128.97"/>
        <vehicle id="cfm-fast_5" eclass="HBEFA3/PC_G_EU4" CO2="20591.47" CO="361.84" HC="2.16" NOx="9.01" PMx="0.50" fuel="8.85" electricity="0.00" noise="78.50" route="routetop" type="cfm-fast" waiting="0.00" lane="top_0" pos="25.26" speed="26.96" angle="229.03" x="14.76" y="111.77"/>
        <vehicle id="cfm-slow_0" eclass="HBEFA3/PC_G_EU4" CO2="20703.47" CO="377.05" HC="2.24" NOx="9.01" PMx="0.51" fuel="8.90" electricity="0.00" noise="78.68" route="routetop" type="cfm-slow" waiting="0.00" lane="top_0" pos="43.46" speed="29.19" angle="196.33" x="-3.49" y="77.74"/>
        <vehicle id="cfm-slow_1" eclass="HBEFA3/PC_G_EU4" CO2="13404.14" CO="241.26" HC="1.44" NOx="5.53" PMx="0.33" fuel="5.76" electricity="0.00" noise="76.22" route="routetop" type="cfm-slow" waiting="0.00" lane="left_0" pos="17.91" speed="31.12" angle="152.27" x="5.63" y="27.04"/>
        <vehicle id="cfm-slow_2" eclass="HBEFA3/PC_G_EU4" CO2="0.00" CO="0.00" HC="0.00" NOx="0.00" PMx="0.00" fuel="0.00" electricity="0.00" noise="73.95" route="routetop" type="cfm-slow" waiting="0.00" lane="left_0" pos="44.23" speed="31.87" angle="104.96" x="51.23" y="-3.81"/>
        <vehicle id="cfm-slow_3" eclass="HBEFA3/PC_G_EU4" CO2="0.00" CO="0.00" HC="0.00" NOx="0.00" PMx="0.00" fuel="0.00" electricity="0.00" noise="72.82" route="routebottom" type="cfm-slow" waiting="0.00" lane="bottom_0" pos="21.20" speed="31.05" angle="56.32" x="106.05" y="9.73"/>
        <vehicle id="cfm-slow_4" eclass="HBEFA3/PC_G_EU4" CO2="0.00" CO="0.00" HC="0.00" NOx="0.00" PMx="0.00" fuel="0.00" electricity="0.00" noise="71.75" route="routebottom" type="cfm-slow" waiting="0.00" lane="bottom_0" pos="47.18" speed="28.97" angle="9.64" x="132.00" y="57.52"/>
        <vehicle id="cfm-slow_5" eclass="HBEFA3/PC_G_EU4" CO2="0.00" CO="0.00" HC="0.00" NOx="0.00" PMx="0.00" fuel="0.00" electricity="0.00" noise="70.87" route="routebottom" type="cfm-slow" waiting="0.00" lane="right_0" pos="20.99" speed="26.66" angle="326.71" x="117.87" y="105.69"/>
    </timestep>
    <timestep time="7.28">
        <vehicle id="cfm-fast_0" eclass="HBEFA3/PC_G_EU4" CO2="139274.03" CO="3749.30" HC="20.64" NOx="64.26" PMx="4.02" fuel="59.87" electricity="0.00" noise="114.62" route="routetop" type="cfm-fast" waiting="0.00" lane="left_1" pos="23.48" speed="69.04" angle="142.23" x="15.34" y="19.74"/>
        <vehicle id="cfm-fast_1" eclass="HBEFA3/PC_G_EU4" CO2="5177.06" CO="37.38" HC="0.30" NOx="1.77" PMx="0.09" fuel="2.23" electricity="0.00" noise="71.72" route="routebottom" type="cfm-fast" waiting="0.00" lane="right_0" pos="42.76" speed="25.24" angle="287.61" x="79.20" y="130.48"/>
        <vehicle id="cfm-fast_2" eclass="HBEFA3/PC_G_EU4" CO2="71464.36" CO="2595.11" HC="13.72" NOx="32.19" PMx="2.35" fuel="30.72" electricity="0.00" noise="98.95" route="routebottom" type="cfm-fast" waiting="0.00" lane="bottom_1" pos="34.38" speed="74.74" angle="32.64" x="121.26" y="32.88"/>
        <vehicle id="cfm-fast_3" eclass="HBEFA3/PC_G_EU4" CO2="14574.15" CO="231.46" HC="1.42" NOx="6.20" PMx="0.34" fuel="6.26" electricity="0.00" noise="75.30" route="routetop" type="cfm-fast" waiting="0.00" lane="top_0" pos="8.98" speed="25.42" angle="258.28" x="44.50" y="129.55"/>
        <vehicle id="cfm-fast_4" eclass="HBEFA3/PC_G_EU4" CO2="0.00" CO="0.00" HC="0.00" NOx="0.00" PMx="0.00" fuel="0.00" electricity="0.00" noise="88.94" route="routetop" type="cfm-fast" waiting="0.00" lane="top_1" pos="0.76" speed="76.03" angle="273.10" x="62.07" y="128.94"/>
        <vehicle id="cfm-fast_5" eclass="HBEFA3/PC_G_EU4" CO2="20594.52" CO="362.01" HC="2.16" NOx="9.01" PMx="0.50" fuel="8.85" electricity="0.00" noise="78.51" route="routetop" type="cfm-fast" waiting="0.00" lane="top_0" pos="25.53" speed="26.98" angle="228.55" x="14.35" y="111.36"/>
        <vehicle id="cfm-slow_0" eclass="HBEFA3/PC_G_EU4" CO2="20639.07" CO="375.86" HC="2.23" NOx="8.98" PMx="0.51" fuel="8.87" electricity="0.00" noise="78.65" route="routetop" type="cfm-slow" waiting="0.00" lane="top_0" pos="43.75" speed="29.21" angle="195.86" x="-3.62" y="77.12"/>
        <vehicle id="cfm-slow_1" eclass="HBEFA3/PC_G_EU4" CO2="13285.51" CO="238.89" HC="1.43" NOx="5.47" PMx="0.33" fuel="5.71" electricity="0.00" noise="76.18" route="routetop" type="cfm-slow" waiting="0.00" lane="left_0" pos="18.22" speed="31.13" angle="151.70" x="6.00" y="26.49"/>
        <vehicle id="cfm-slow_2" eclass="HBEFA3/PC_G_EU4" CO2="0.00" CO="0.00" HC="0.00" NOx="0.00" PMx="0.00" fuel="0.00" electricity="0.00" noise="73.93" route="routetop" type="cfm-slow" waiting="0.00" lane="left_0" pos="44.55" speed="31.86" angle="104.37" x="51.90" y="-3.93"/>
        <vehicle id="cfm-slow_3" eclass="HBEFA3/PC_G_EU4" CO2="0.00" CO="0.00" HC="0.00" NOx="0.00" PMx="0.00" fuel="0.00" electricity="0.00" noise="72.81" route="routebottom" type="cfm-slow" waiting="0.00" lane="bottom_0" pos="21.51" speed="31.03" angle="55.76" x="106.58" y="10.14"/>
        <vehicle id="cfm-slow_4" eclass="HBEFA3/PC_G_EU4" CO2="0.00" CO="0.00" HC="0.00" NOx="0.00" PMx="0.00" fuel="0.00" electricity="0.00" noise="71.74" route="routebottom" type="cfm-slow" waiting="0.00" lane="bottom_0" pos="47.47" speed="28.95" angle="9.17" x="132.06" y="58.14"/>
        <vehicle id="cfm-slow_5" eclass="HBEFA3/PC_G_EU4" CO2="0.00" CO="0.00" HC="0.00" NOx="0.00" PMx="0.00" fuel="0.00" electricity="0.00" noise="70.87" route="routebottom" type="cfm-slow" waiting="0.00" lane="right_0" pos="21.25" speed="26.65" angle="326.22" x="117.52" y="106.14"/>
    </timestep>
    <timestep time="7.29">
        <vehicle id="cfm-fast_0" eclass="HBEFA3/PC_G_EU4" CO2="138681.42" CO="3739.49" HC="20.58" NOx="63.98" PMx="4.01" fuel="59.61" electricity="0.00" noise="114.47" route="routetop" type="cfm-fast" waiting="0.00" lane="left_1" pos="24.17" speed="69.10" angle="140.99" x="16.30" y="18.70"/>
        <vehicle id="cfm-fast_1" eclass="HBEFA3/PC_G_EU4" CO2="5264.73" CO="39.19" HC="0.31" NOx="1.82" PMx="0.10" fuel="2.26" electricity="0.00" noise="71.74" route="routebottom" type="cfm-fast" waiting="0.00" lane="right_0" pos="43.01" speed="25.25" angle="287.15" x="78.67" y="130.60"/>
        <vehicle id="cfm-fast_2" eclass="HBEFA3/PC_G_EU4" CO2="70875.96" CO="2583.78" HC="13.66" NOx="31.92" PMx="2.34" fuel="30.47" electricity="0.00" noise="98.82" route="routebottom" type="cfm-fast" waiting="0.00" lane="bottom_1" pos="35.13" speed="74.76" angle="31.31" x="121.96" y="34.24"/>
        <vehicle id="cfm-fast_3" eclass="HBEFA3/PC_G_EU4" CO2="14628.71" CO="232.64" HC="1.42" NOx="6.23" PMx="0.34" fuel="6.29" electricity="0.00" noise="75.33" route="routetop" type="cfm-fast" waiting="0.00" lane="top_0" pos="9.24" speed="25.43" angle="257.82" x="43.98" y="129.38"/>
        <vehicle id="cfm-fast_4" eclass="HBEFA3/PC_G_EU4" CO2="0.00" CO="0.00" HC="0.00" NOx="0.00" PMx="0.00" fuel="0.00" electricity="0.00" noise="88.96" route="routetop" type="cfm-fast" waiting="0.00" lane="top_1" pos="1.52" speed="76.02" angle="271.75" x="60.51" y="128.89"/>
        <vehicle id="cfm-fast_5" eclass="HBEFA3/PC_G_EU4" CO2="20596.99" CO="362.17" HC="2.16" NOx="9.01" PMx="0.50" fuel="8.85" electricity="0.00" noise="78.51" route="routetop" type="cfm-fast" waiting="0.00" lane="top_0" pos="25.80" speed="27.01" angle="228.10" x="13.95" y="110.94"/>
        <vehicle id="cfm-slow_0" eclass="HBEFA3/PC_G_EU4" CO2="20574.13" CO="374.65" HC="2.22" NOx="8.95" PMx="0.51" fuel="8.84" electricity="0.00" noise="78.62" route="routetop" type="cfm-slow" waiting="0.00" lane="top_0" pos="44.04" speed="29.23" angle="195.31" x="-3.73" y="76.50"/>
        <vehicle id="cfm-slow_1" eclass="HBEFA3/PC_G_EU4" CO2="13166.86" CO="236.52" HC="1.41" NOx="5.42" PMx="0.32" fuel="5.66" electricity="0.00" noise="76.15" route="routetop" type="cfm-slow" waiting="0.00" lane="left_0" pos="18.53" speed="31.13" angle="151.12" x="6.37" y="25.93"/>
        <vehicle id="cfm-slow_2" eclass="HBEFA3/PC_G_EU4" CO2="0.00" CO="0.00" HC="0.00" NOx="0.00" PMx="0.00" fuel="0.00" electricity="0.00" noise="73.92" route="routetop" type="cfm-slow" waiting="0.00" lane="left_0" pos="44.87" speed="31.86" angle="103.83" x="52.58" y="-4.05"/>
        <vehicle id="cfm-slow_3" eclass="HBEFA3/PC_G_EU4" CO2="0.00" CO="0.00" HC="0.00" NOx="0.00" PMx="0.00" fuel="0.00" electricity="0.00" noise="72.80" route="routebottom" type="cfm-slow" waiting="0.00" lane="bottom_0" pos="21.82" speed="31.01" angle="55.25" x="107.10" y="10.55"/>
        <vehicle id="cfm-slow_4" eclass="HBEFA3/PC_G_EU4" CO2="0.00" CO="0.00" HC="0.00" NOx="0.00" PMx="0.00" fuel="0.00" electricity="0.00" noise="71.73" route="routebottom" type="cfm-slow" waiting="0.00" lane="bottom_0" pos="47.76" speed="28.92" angle="8.63" x="132.10" y="58.76"/>
        <vehicle id="cfm-slow_5" eclass="HBEFA3/PC_G_EU4" CO2="0.00" CO="0.00" HC="0.00" NOx="0.00" PMx="0.00" fuel="0.00" electricity="0.00" noise="70.87" route="routebottom" type="cfm-slow" waiting="0.00" lane="right_0" pos="21.52" speed="26.63" angle="325.74" x="117.17" y="106.59"/>
    </timestep>
    <timestep time="7.30">
        <vehicle id="cfm-fast_0" eclass="HBEFA3/PC_G_EU4" CO2="138087.98" CO="3729.65" HC="20.52" NOx="63.70" PMx="3.99" fuel="59.36" electricity="0.00" noise="114.32" route="routetop" type="cfm-fast" waiting="0.00" lane="left_1" pos="24.87" speed="69.16" angle="139.76" x="17.29" y="17.69"/>
        <vehicle id="cfm-fast_1" eclass="HBEFA3/PC_G_EU4" CO2="5352.09" CO="41.00" HC="0.32" NOx="1.86" PMx="0.10" fuel="2.30" electricity="0.00" noise="71.76" route="routebottom" type="cfm-fast" waiting="0.00" lane="right_0" pos="43.26" speed="25.25" angle="286.69" x="78.14" y="130.72"/>
        <vehicle id="cfm-fast_2" eclass="HBEFA3/PC_G_EU4" CO2="70295.07" CO="2572.59" HC="13.59" NOx="31.64" PMx="2.32" fuel="30.22" electricity="0.00" noise="98.70" route="routebottom" type="cfm-fast" waiting="0.00" lane="bottom_1" pos="35.88" speed="74.78" angle="29.97" x="122.65" y="35.61"/>
        <vehicle id="cfm-fast_3" eclass="HBEFA3/PC_G_EU4" CO2="14682.84" CO="233.81" HC="1.43" NOx="6.25" PMx="0.34" fuel="6.31" electricity="0.00" noise="75.36" route="routetop" type="cfm-fast" waiting="0.00" lane="top_0" pos="9.49" speed="25.45" angle="257.36" x="43.45" y="129.22"/>
        <vehicle id="cfm-fast_4" eclass="HBEFA3/PC_G_EU4" CO2="0.00" CO="0.00" HC="0.00" NOx="0.00" PMx="0.00" fuel="0.00" electricity="0.00" noise="88.99" route="routetop" type="cfm-fast" waiting="0.00" lane="top_1" pos="2.28" speed="76.01" angle="270.37" x="58.95" y="128.80"/>
        <vehicle id="cfm-fast_5" eclass="HBEFA3/PC_G_EU4" CO2="20598.87" CO="362.32" HC="2.16" NOx="9.01" PMx="0.50" fuel="8.85" electricity="0.00" noise="78.51" route="routetop" type="cfm-fast" waiting="0.00" lane="top_0" pos="26.07" speed="27.03" angle="227.60" x="13.55" y="110.51"/>
        <vehicle id="cfm-slow_0" eclass="HBEFA3/PC_G_EU4" CO2="20508.66" CO="373.44" HC="2.22" NOx="8.92" PMx="0.51" fuel="8.82" electricity="0.00" noise="78.60" route="routetop" type="cfm-slow" waiting="0.00" lane="top_0" pos="44.33" speed="29.25" angle="194.77" x="-3.85" y="75.88"/>
        <vehicle id="cfm-slow_1" eclass="HBEFA3/PC_G_EU4" CO2="13048.20" CO="234.15" HC="1.40" NOx="5.36" PMx="0.32" fuel="5.61" electricity="0.00" noise="76.11" route="routetop" type="cfm-slow" waiting="0.00" lane="left_0" pos="18.84" speed="31.14" angle="150.54" x="6.74" y="25.37"/>
        <vehicle id="cfm-slow_2" eclass="HBEFA3/PC_G_EU4" CO2="0.00" CO="0.00" HC="0.00" NOx="0.00" PMx="0.00" fuel="0.00" electricity="0.00" noise="73.90" route="routetop" type="cfm-slow" waiting="0.00" lane="left_0" pos="45.19" speed="31.85" angle="103.26" x="53.25" y="-4.15"/>
        <vehicle id="cfm-slow_3" eclass="HBEFA3/PC_G_EU4" CO2="0.00" CO="0.00" HC="0.00" NOx="0.00" PMx="0.00" fuel="0.00" electricity="0.00" noise="72.79" route="routebottom" type="cfm-slow" waiting="0.00" lane="bottom_0" pos="22.13" speed="30.99" angle="54.66" x="107.61" y="10.99"/>
        <vehicle id="cfm-slow_4" eclass="HBEFA3/PC_G_EU4" CO2="0.00" CO="0.00" HC="0.00" NOx="0.00" PMx="0.00" fuel="0.00" electricity="0.00" noise="71.72" route="routebottom" type="cfm-slow" waiting="0.00" lane="bottom_0" pos="48.05" speed="28.90" angle="8.09" x="132.13" y="59.38"/>
        <vehicle id="cfm-slow_5" eclass="HBEFA3/PC_G_EU4" CO2="0.00" CO="0.00" HC="0.00" NOx="0.00" PMx="0.00" fuel="0.00" electricity="0.00" noise="70.87" route="routebottom" type="cfm-slow" waiting="0.00" lane="right_0" pos="21.78" speed="26.62" angle="325.30" x="116.81" y="107.05"/>
    </timestep>
    <timestep time="7.31">
        <vehicle id="cfm-fast_0" eclass="HBEFA3/PC_G_EU4" CO2="137493.80" CO="3719.78" HC="20.46" NOx="63.42" PMx="3.98" fuel="59.10" electricity="0.00" noise="114.17" route="routetop" type="cfm-fast" waiting="0.00" lane="left_1" pos="25.56" speed="69.22" angle="138.50" x="18.30" y="16.68"/>
        <vehicle id="cfm-fast_1" eclass="HBEFA3/PC_G_EU4" CO2="5439.16" CO="42.79" HC="0.33" NOx="1.90" PMx="0.10" fuel="2.34" electricity="0.00" noise="71.79" route="routebottom" type="cfm-fast" waiting="0.00" lane="right_0" pos="43.52" speed="25.25" angle="286.24" x="77.61" y="130.84"/>
        <vehicle id="cfm-fast_2" eclass="HBEFA3/PC_G_EU4" CO2="69721.65" CO="2561.54" HC="13.53" NOx="31.37" PMx="2.31" fuel="29.97" electricity="0.00" noise="98.58" route="routebottom" type="cfm-fast" waiting="0.00" lane="bottom_1" pos="36.63" speed="74.79" angle="28.55" x="123.28" y="37.01"/>
        <vehicle id="cfm-fast_3" eclass="HBEFA3/PC_G_EU4" CO2="14736.54" CO="234.97" HC="1.44" NOx="6.28" PMx="0.34" fuel="6.33" electricity="0.00" noise="75.39" route="routetop" type="cfm-fast" waiting="0.00" lane="top_0" pos="9.75" speed="25.46" angle="256.90" x="42.93" y="129.06"/>
        <vehicle id="cfm-fast_4" eclass="HBEFA3/PC_G_EU4" CO2="0.00" CO="0.00" HC="0.00" NOx="0.00" PMx="0.00" fuel="0.00" electricity="0.00" noise="89.02" route="routetop" type="cfm-fast" waiting="0.00" lane="top_1" pos="3.04" speed="76.00" angle="269.04" x="57.40" y="128.67"/>
        <vehicle id="cfm-fast_5" eclass="HBEFA3/PC_G_EU4" CO2="20600.17" CO="362.46" HC="2.16" NOx="9.01" PMx="0.50" fuel="8.85" electricity="0.00" noise="78.51" route="routetop" type="cfm-fast" waiting="0.00" lane="top_0" pos="26.34" speed="27.05" angle="227.09" x="13.16" y="110.08"/>
        <vehicle id="cfm-slow_0" eclass="HBEFA3/PC_G_EU4" CO2="20442.65" CO="372.21" HC="2.21" NOx="8.89" PMx="0.51" fuel="8.79" electricity="0.00" noise="78.57" route="routetop" type="cfm-slow" waiting="0.00" lane="top_0" pos="44.63" speed="29.27" angle="194.22" x="-3.96" y="75.26"/>
        <vehicle id="cfm-slow_1" eclass="HBEFA3/PC_G_EU4" CO2="12929.54" CO="231.77" HC="1.38" NOx="5.30" PMx="0.32" fuel="5.56" electricity="0.00" noise="76.08" route="routetop" type="cfm-slow" waiting="0.00" lane="left_0" pos="19.15" speed="31.15" angle="149.98" x="7.11" y="24.81"/>
        <vehicle id="cfm-slow_2" eclass="HBEFA3/PC_G_EU4" CO2="0.00" CO="0.00" HC="0.00" NOx="0.00" PMx="0.00" fuel="0.00" electricity="0.00" noise="73.89" route="routetop" type="cfm-slow" waiting="0.00" lane="left_0" pos="45.51" speed="31.84" angle="102.67" x="53.93" y="-4.25"/>
        <vehicle id="cfm-slow_3" eclass="HBEFA3/PC_G_EU4" CO2="0.00" CO="0.00" HC="0.00" NOx="0.00" PMx="0.00" fuel="0.00" electricity="0.00" noise="72.78" route="routebottom" type="cfm-slow" waiting="0.00" lane="bottom_0" pos="22.43" speed="30.97" angle="54.07" x="108.11" y="11.42"/>
        <vehicle id="cfm-slow_4" eclass="HBEFA3/PC_G_EU4" CO2="0.00" CO="0.00" HC="0.00" NOx="0.00" PMx="0.00" fuel="0.00" electricity="0.00" noise="71.71" route="routebottom" type="cfm-slow" waiting="0.00" lane="bottom_0" pos="48.34" speed="28.88" angle="7.54" x="132.17" y="60.00"/>
        <vehicle id="cfm-slow_5" eclass="HBEFA3/PC_G_EU4" CO2="0.00" CO="0.00" HC="0.00" NOx="0.00" PMx="0.00" fuel="0.00" electricity="0.00" noise="70.87" route="routebottom" type="cfm-slow" waiting="0.00" lane="right_0" pos="22.05" speed="26.61" angle="324.80" x="116.44" y="107.48"/>
    </timestep>
    <timestep time="7.32">
        <vehicle id="cfm-fast_0" eclass="HBEFA3/PC_G_EU4" CO2="136898.95" CO="3709.88" HC="20.40" NOx="63.14" PMx="3.96" fuel="58.85" electricity="0.00" noise="114.01" route="routetop" type="cfm-fast" waiting="0.00" lane="left_1" pos="26.25" speed="69.27" angle="137.25" x="19.34" y="15.71"/>
        <vehicle id="cfm-fast_1" eclass="HBEFA3/PC_G_EU4" CO2="5525.93" CO="44.59" HC="0.34" NOx="1.94" PMx="0.10" fuel="2.38" electricity="0.00" noise="71.81" route="routebottom" type="cfm-fast" waiting="0.00" lane="right_0" pos="43.77" speed="25.25" angle="285.81" x="77.08" y="130.95"/>
        <vehicle id="cfm-fast_2" eclass="HBEFA3/PC_G_EU4" CO2="69155.66" CO="2550.63" HC="13.46" NOx="31.10" PMx="2.29" fuel="29.73" electricity="0.00" noise="98.46" route="routebottom" type="cfm-fast" waiting="0.00" lane="bottom_1" pos="37.37" speed="74.81" angle="27.21" x="123.89" y="38.42"/>
        <vehicle id="cfm-fast_3" eclass="HBEFA3/PC_G_EU4" CO2="14789.80" CO="236.12" HC="1.44" NOx="6.30" PMx="0.35" fuel="6.36" electricity="0.00" noise="75.41" route="routetop" type="cfm-fast" waiting="0.00" lane="top_0" pos="10.00" speed="25.48" angle="256.44" x="42.41" y="128.90"/>
        <vehicle id="cfm-fast_4" eclass="HBEFA3/PC_G_EU4" CO2="0.00" CO="0.00" HC="0.00" NOx="0.00" PMx="0.00" fuel="0.00" electricity="0.00" noise="89.04" route="routetop" type="cfm-fast" waiting="0.00" lane="top_1" pos="3.80" speed="75.98" angle="267.68" x="55.85" y="128.51"/>
        <vehicle id="cfm-fast_5" eclass="HBEFA3/PC_G_EU4" CO2="20600.88" CO="362.58" HC="2.17" NOx="9.01" PMx="0.50" fuel="8.86" electricity="0.00" noise="78.51" route="routetop" type="cfm-fast" waiting="0.00" lane="top_0" pos="26.61" speed="27.07" angle="226.59" x="12.77" y="109.65"/>
        <vehicle id="cfm-slow_0" eclass="HBEFA3/PC_G_EU4" CO2="20376.11" CO="370.97" HC="2.20" NOx="8.86" PMx="0.50" fuel="8.76" electricity="0.00" noise="78.54" route="routetop" type="cfm-slow" waiting="0.00" lane="top_0" pos="44.92" speed="29.29" angle="193.75" x="-4.07" y="74.64"/>
        <vehicle id="cfm-slow_1" eclass="HBEFA3/PC_G_EU4" CO2="12810.88" CO="229.40" HC="1.37" NOx="5.25" PMx="0.31" fuel="5.51" electricity="0.00" noise="76.05" route="routetop" type="cfm-slow" waiting="0.00" lane="left_0" pos="19.46" speed="31.16" angle="149.44" x="7.50" y="24.26"/>
        <vehicle id="cfm-slow_2" eclass="HBEFA3/PC_G_EU4" CO2="0.00" CO="0.00" HC="0.00" NOx="0.00" PMx="0.00" fuel="0.00" electricity="0.00" noise="73.87" route="routetop" type="cfm-slow" waiting="0.00" lane="left_0" pos="45.82" speed="31.84" angle="102.08" x="54.61" y="-4.34"/>
        <vehicle id="cfm-slow_3" eclass="HBEFA3/PC_G_EU4" CO2="0.00" CO="0.00" HC="0.00" NOx="0.00" PMx="0.00" fuel="0.00" electricity="0.00" noise="72.77" route="routebottom" type="cfm-slow" waiting="0.00" lane="bottom_0" pos="22.74" speed="30.95" angle="53.49" x="108.62" y="11.85"/>
        <vehicle id="cfm-slow_4" eclass="HBEFA3/PC_G_EU4" CO2="0.00" CO="0.00" HC="0.00" NOx="0.00" PMx="0.00" fuel="0.00" electricity="0.00" noise="71.70" route="routebottom" type="cfm-slow" waiting="0.00" lane="bottom_0" pos="48.63" speed="28.86" angle="7.00" x="132.20" y="60.62"/>
        <vehicle id="cfm-slow_5" eclass="HBEFA3/PC_G_EU4" CO2="0.00" CO="0.00" HC="0.00" NOx="0.00" PMx="0.00" fuel="0.00" electricity="0.00" noise="70.87" route="routebottom" type="cfm-slow" waiting="0.00" lane="right_0" pos="22.32" speed="26.59" angle="324.30" x="116.07" y="107.92"/>
    </timestep>
    <timestep time="7.33">
        <vehicle id="cfm-fast_0" eclass="HBEFA3/PC_G_EU4" CO2="136303.50" CO="3699.96" HC="20.34" NOx="62.86" PMx="3.95" fuel="58.59" electricity="0.00" noise="113.86" route="routetop" type="cfm-fast" waiting="0.00" lane="left_1" pos="26.94" speed="69.33" angle="136.03" x="20.38" y="14.75"/>
        <vehicle id="cfm-fast_1" eclass="HBEFA3/PC_G_EU4" CO2="5612.40" CO="46.37" HC="0.35" NOx="1.98" PMx="0.11" fuel="2.41" electricity="0.00" noise="71.83" route="routebottom" type="cfm-fast" waiting="0.00" lane="right_0" pos="44.02" speed="25.25" angle="285.33" x="76.54" y="131.04"/>
        <vehicle id="cfm-fast_2" eclass="HBEFA3/PC_G_EU4" CO2="68597.04" CO="2539.86" HC="13.40" NOx="30.84" PMx="2.28" fuel="29.49" electricity="0.00" noise="98.34" route="routebottom" type="cfm-fast" waiting="0.00" lane="bottom_1" pos="38.12" speed="74.83" angle="25.84" x="124.46" y="39.85"/>
        <vehicle id="cfm-fast_3" eclass="HBEFA3/PC_G_EU4" CO2="14842.63" CO="237.27" HC="1.45" NOx="6.33" PMx="0.35" fuel="6.38" electricity="0.00" noise="75.44" route="routetop" type="cfm-fast" waiting="0.00" lane="top_0" pos="10.26" speed="25.50" angle="256.04" x="41.88" y="128.73"/>
        <vehicle id="cfm-fast_4" eclass="HBEFA3/PC_G_EU4" CO2="0.00" CO="0.00" HC="0.00" NOx="0.00" PMx="0.00" fuel="0.00" electricity="0.00" noise="89.07" route="routetop" type="cfm-fast" waiting="0.00" lane="top_1" pos="4.56" speed="75.97" angle="266.31" x="54.31" y="128.29"/>
        <vehicle id="cfm-fast_5" eclass="HBEFA3/PC_G_EU4" CO2="20601.00" CO="362.69" HC="2.17" NOx="9.01" PMx="0.50" fuel="8.86" electricity="0.00" noise="78.51" route="routetop" type="cfm-fast" waiting="0.00" lane="top_0" pos="26.89" speed="27.10" angle="226.13" x="12.37" y="109.23"/>
        <vehicle id="cfm-slow_0" eclass="HBEFA3/PC_G_EU4" CO2="20309.05" CO="369.72" HC="2.19" NOx="8.82" PMx="0.50" fuel="8.73" electricity="0.00" noise="78.51" route="routetop" type="cfm-slow" waiting="0.00" lane="top_0" pos="45.21" speed="29.31" angle="193.21" x="-4.16" y="74.02"/>
        <vehicle id="cfm-slow_1" eclass="HBEFA3/PC_G_EU4" CO2="12692.23" CO="227.02" HC="1.36" NOx="5.19" PMx="0.31" fuel="5.46" electricity="0.00" noise="76.01" route="routetop" type="cfm-slow" waiting="0.00" lane="left_0" pos="19.77" speed="31.17" angle="148.86" x="7.89" y="23.72"/>
        <vehicle id="cfm-slow_2" eclass="HBEFA3/PC_G_EU4" CO2="0.00" CO="0.00" HC="0.00" NOx="0.00" PMx="0.00" fuel="0.00" electricity="0.00" noise="73.86" route="routetop" type="cfm-slow" waiting="0.00" lane="left_0" pos="46.14" speed="31.83" angle="101.53" x="55.29" y="-4.44"/>
        <vehicle id="cfm-slow_3" eclass="HBEFA3/PC_G_EU4" CO2="0.00" CO="0.00" HC="0.00" NOx="0.00" PMx="0.00" fuel="0.00" electricity="0.00" noise="72.76" route="routebottom" type="cfm-slow" waiting="0.00" lane="bottom_0" pos="23.05" speed="30.93" angle="52.96" x="109.13" y="12.28"/>
        <vehicle id="cfm-slow_4" eclass="HBEFA3/PC_G_EU4" CO2="0.00" CO="0.00" HC="0.00" NOx="0.00" PMx="0.00" fuel="0.00" electricity="0.00" noise="71.69" route="routebottom" type="cfm-slow" waiting="0.00" lane="bottom_0" pos="48.92" speed="28.83" angle="6.52" x="132.23" y="61.24"/>
        <vehicle id="cfm-slow_5" eclass="HBEFA3/PC_G_EU4" CO2="0.00" CO="0.00" HC="0.00" NOx="0.00" PMx="0.00" fuel="0.00" electricity="0.00" noise="70.87" route="routebottom" type="cfm-slow" waiting="0.00" lane="right_0" pos="22.58" speed="26.58" angle="323.79" x="115.70" y="108.35"/>
    </timestep>
    <timestep time="7.34">
        <vehicle id="cfm-fast_0" eclass="HBEFA3/PC_G_EU4" CO2="135707.54" CO="3690.01" HC="20.28" NOx="62.58" PMx="3.93" fuel="58.33" electricity="0.00" noise="113.71" route="routetop" type="cfm-fast" waiting="0.00" lane="left_1" pos="27.64" speed="69.39" angle="134.75" x="21.47" y="13.83"/>
        <vehicle id="cfm-fast_1" eclass="HBEFA3/PC_G_EU4" CO2="5698.56" CO="48.15" HC="0.36" NOx="2.02" PMx="0.11" fuel="2.45" electricity="0.00" noise="71.86" route="routebottom" type="cfm-fast" waiting="0.00" lane="right_0" pos="44.27" speed="25.26" angle="284.85" x="76.01" y="131.14"/>
        <vehicle id="cfm-fast_2" eclass="HBEFA3/PC_G_EU4" CO2="68045.74" CO="2529.23" HC="13.34" NOx="30.58" PMx="2.27" fuel="29.25" electricity="0.00" noise="98.23" route="routebottom" type="cfm-fast" waiting="0.00" lane="bottom_1" pos="38.87" speed="74.84" angle="24.53" x="125.00" y="41.28"/>
        <vehicle id="cfm-fast_3" eclass="HBEFA3/PC_G_EU4" CO2="14895.02" CO="238.40" HC="1.46" NOx="6.35" PMx="0.35" fuel="6.40" electricity="0.00" noise="75.47" route="routetop" type="cfm-fast" waiting="0.00" lane="top_0" pos="10.51" speed="25.51" angle="255.56" x="41.37" y="128.55"/>
        <vehicle id="cfm-fast_4" eclass="HBEFA3/PC_G_EU4" CO2="0.00" CO="0.00" HC="0.00" NOx="0.00" PMx="0.00" fuel="0.00" electricity="0.00" noise="89.10" route="routetop" type="cfm-fast" waiting="0.00" lane="top_1" pos="5.32" speed="75.96" angle="264.94" x="52.77" y="128.05"/>
        <vehicle id="cfm-fast_5" eclass="HBEFA3/PC_G_EU4" CO2="20600.53" CO="362.80" HC="2.17" NOx="9.01" PMx="0.50" fuel="8.86" electricity="0.00" noise="78.51" route="routetop" type="cfm-fast" waiting="0.00" lane="top_0" pos="27.16" speed="27.12" angle="225.64" x="11.99" y="108.78"/>
        <vehicle id="cfm-slow_0" eclass="HBEFA3/PC_G_EU4" CO2="20241.46" CO="368.46" HC="2.19" NOx="8.79" PMx="0.50" fuel="8.70" electricity="0.00" noise="78.48" route="routetop" type="cfm-slow" waiting="0.00" lane="top_0" pos="45.51" speed="29.33" angle="192.67" x="-4.25" y="73.39"/>
        <vehicle id="cfm-slow_1" eclass="HBEFA3/PC_G_EU4" CO2="12573.61" CO="224.64" HC="1.34" NOx="5.13" PMx="0.31" fuel="5.40" electricity="0.00" noise="75.98" route="routetop" type="cfm-slow" waiting="0.00" lane="left_0" pos="20.09" speed="31.18" angle="148.28" x="8.29" y="23.18"/>
        <vehicle id="cfm-slow_2" eclass="HBEFA3/PC_G_EU4" CO2="0.00" CO="0.00" HC="0.00" NOx="0.00" PMx="0.00" fuel="0.00" electricity="0.00" noise="73.84" route="routetop" type="cfm-slow" waiting="0.00" lane="left_0" pos="46.46" speed="31.82" angle="100.97" x="55.97" y="-4.51"/>
        <vehicle id="cfm-slow_3" eclass="HBEFA3/PC_G_EU4" CO2="0.00" CO="0.00" HC="0.00" NOx="0.00" PMx="0.00" fuel="0.00" electricity="0.00" noise="72.75" route="routebottom" type="cfm-slow" waiting="0.00" lane="bottom_0" pos="23.36" speed="30.91" angle="52.41" x="109.62" y="12.73"/>
        <vehicle id="cfm-slow_4" eclass="HBEFA3/PC_G_EU4" CO2="0.00" CO="0.00" HC="0.00" NOx="0.00" PMx="0.00" fuel="0.00" electricity="0.00" noise="71.68" route="routebottom" type="cfm-slow" waiting="0.00" lane="bottom_0" pos="49.21" speed="28.81" angle="5.99" x="132.24" y="61.86"/>
        <vehicle id="cfm-slow_5" eclass="HBEFA3/PC_G_EU4" CO2="0.00" CO="0.00" HC="0.00" NOx="0.00" PMx="0.00" fuel="0.00" electricity="0.00" noise="70.87" route="routebottom" type="cfm-slow" waiting="0.00" lane="right_0" pos="22.85" speed="26.57" angle="323.29" x="115.33" y="108.79"/>
    </timestep>
    <timestep time="7.35">
        <vehicle id="cfm-fast_0" eclass="HBEFA3/PC_G_EU4" CO2="135111.13" CO="3680.04" HC="20.22" NOx="62.29" PMx="3.92" fuel="58.08" electricity="0.00" noise="113.56" route="routetop" type="cfm-fast" waiting="0.00" lane="left_1" pos="28.33" speed="69.45" angle="133.52" x="22.56" y="12.91"/>
        <vehicle id="cfm-fast_1" eclass="HBEFA3/PC_G_EU4" CO2="5784.42" CO="49.93" HC="0.37" NOx="2.06" PMx="0.11" fuel="2.49" electricity="0.00" noise="71.88" route="routebottom" type="cfm-fast" waiting="0.00" lane="right_0" pos="44.53" speed="25.26" angle="284.37" x="75.48" y="131.24"/>
        <vehicle id="cfm-fast_2" eclass="HBEFA3/PC_G_EU4" CO2="67501.72" CO="2518.73" HC="13.28" NOx="30.32" PMx="2.25" fuel="29.02" electricity="0.00" noise="98.11" route="routebottom" type="cfm-fast" waiting="0.00" lane="bottom_1" pos="39.62" speed="74.86" angle="23.19" x="125.53" y="42.72"/>
        <vehicle id="cfm-fast_3" eclass="HBEFA3/PC_G_EU4" CO2="14946.97" CO="239.53" HC="1.46" NOx="6.38" PMx="0.35" fuel="6.42" electricity="0.00" noise="75.50" route="routetop" type="cfm-fast" waiting="0.00" lane="top_0" pos="10.77" speed="25.53" angle="255.07" x="40.85" y="128.36"/>
        <vehicle id="cfm-fast_4" eclass="HBEFA3/PC_G_EU4" CO2="0.00" CO="0.00" HC="0.00" NOx="0.00" PMx="0.00" fuel="0.00" electricity="0.00" noise="89.13" route="routetop" type="cfm-fast" waiting="0.00" lane="top_1" pos="6.08" speed="75.95" angle="263.54" x="51.24" y="127.78"/>
        <vehicle id="cfm-fast_5" eclass="HBEFA3/PC_G_EU4" CO2="20599.48" CO="362.88" HC="2.17" NOx="9.01" PMx="0.50" fuel="8.85" electricity="0.00" noise="78.51" route="routetop" type="cfm-fast" waiting="0.00" lane="top_0" pos="27.43" speed="27.14" angle="225.13" x="11.61" y="108.34"/>
        <vehicle id="cfm-slow_0" eclass="HBEFA3/PC_G_EU4" CO2="20173.36" CO="367.19" HC="2.18" NOx="8.76" PMx="0.50" fuel="8.67" electricity="0.00" noise="78.45" route="routetop" type="cfm-slow" waiting="0.00" lane="top_0" pos="45.80" speed="29.35" angle="192.13" x="-4.33" y="72.77"/>
        <vehicle id="cfm-slow_1" eclass="HBEFA3/PC_G_EU4" CO2="12455.00" CO="222.27" HC="1.33" NOx="5.08" PMx="0.31" fuel="5.35" electricity="0.00" noise="75.95" route="routetop" type="cfm-slow" waiting="0.00" lane="left_0" pos="20.40" speed="31.18" angle="147.72" x="8.68" y="22.63"/>
        <vehicle id="cfm-slow_2" eclass="HBEFA3/PC_G_EU4" CO2="0.00" CO="0.00" HC="0.00" NOx="0.00" PMx="0.00" fuel="0.00" electricity="0.00" noise="73.83" route="routetop" type="cfm-slow" waiting="0.00" lane="left_0" pos="46.78" speed="31.81" angle="100.38" x="56.65" y="-4.58"/>
        <vehicle id="cfm-slow_3" eclass="HBEFA3/PC_G_EU4" CO2="0.00" CO="0.00" HC="0.00" NOx="0.00" PMx="0.00" fuel="0.00" electricity="0.00" noise="72.74" route="routebottom" type="cfm-slow" waiting="0.00" lane="bottom_0" pos="23.67" speed="30.89" angle="51.86" x="110.11" y="13.18"/>
        <vehicle id="cfm-slow_4" eclass="HBEFA3/PC_G_EU4" CO2="0.00" CO="0.00" HC="0.00" NOx="0.00" PMx="0.00" fuel="0.00" electricity="0.00" noise="71.67" route="routebottom" type="cfm-slow" waiting="0.00" lane="bottom_0" pos="49.49" speed="28.79" angle="5.45" x="132.25" y="62.48"/>
        <vehicle id="cfm-slow_5" eclass="HBEFA3/PC_G_EU4" CO2="0.00" CO="0.00" HC="0.00" NOx="0.00" PMx="0.00" fuel="0.00" electricity="0.00" noise="70.87" route="routebottom" type="cfm-slow" waiting="0.00" lane="right_0" pos="23.11" speed="26.55" angle="322.87" x="114.96" y="109.22"/>
    </timestep>
    <timestep time="7.36">
        <vehicle id="cfm-fast_0" eclass="HBEFA3/PC_G_EU4" CO2="134514.35" CO="3670.05" HC="20.16" NOx="62.01" PMx="3.91" fuel="57.82" electricity="0.00" noise="113.41" route="routetop" type="cfm-fast" waiting="0.00" lane="left_1" pos="29.03" speed="69.50" angle="132.24" x="23.68" y="12.04"/>
        <vehicle id="cfm-fast_1" eclass="HBEFA3/PC_G_EU4" CO2="5869.98" CO="51.70" HC="0.38" NOx="2.10" PMx="0.11" fuel="2.52" electricity="0.00" noise="71.91" route="routebottom" type="cfm-fast" waiting="0.00" lane="right_0" pos="44.78" speed="25.26" angle="283.89" x="74.94" y="131.34"/>
        <vehicle id="cfm-fast_2" eclass="HBEFA3/PC_G_EU4" CO2="66964.93" CO="2508.37" HC="13.22" NOx="30.07" PMx="2.24" fuel="28.79" electricity="0.00" noise="98.00" route="routebottom" type="cfm-fast" waiting="0.00" lane="bottom_1" pos="40.37" speed="74.87" angle="21.87" x="125.99" y="44.18"/>
        <vehicle id="cfm-fast_3" eclass="HBEFA3/PC_G_EU4" CO2="14998.49" CO="240.65" HC="1.47" NOx="6.40" PMx="0.35" fuel="6.45" electricity="0.00" noise="75.53" route="routetop" type="cfm-fast" waiting="0.00" lane="top_0" pos="11.02" speed="25.54" angle="254.59" x="40.33" y="128.17"/>
        <vehicle id="cfm-fast_4" eclass="HBEFA3/PC_G_EU4" CO2="0.00" CO="0.00" HC="0.00" NOx="0.00" PMx="0.00" fuel="0.00" electricity="0.00" noise="89.16" route="routetop" type="cfm-fast" waiting="0.00" lane="top_1" pos="6.84" speed="75.94" angle="262.16" x="49.71" y="127.46"/>
        <vehicle id="cfm-fast_5" eclass="HBEFA3/PC_G_EU4" CO2="20597.84" CO="362.96" HC="2.17" NOx="9.01" PMx="0.50" fuel="8.85" electricity="0.00" noise="78.51" route="routetop" type="cfm-fast" waiting="0.00" lane="top_0" pos="27.70" speed="27.16" angle="224.63" x="11.23" y="107.90"/>
        <vehicle id="cfm-slow_0" eclass="HBEFA3/PC_G_EU4" CO2="20104.74" CO="365.91" HC="2.17" NOx="8.73" PMx="0.50" fuel="8.64" electricity="0.00" noise="78.42" route="routetop" type="cfm-slow" waiting="0.00" lane="top_0" pos="46.09" speed="29.37" angle="191.60" x="-4.42" y="72.14"/>
        <vehicle id="cfm-slow_1" eclass="HBEFA3/PC_G_EU4" CO2="12336.43" CO="219.89" HC="1.32" NOx="5.02" PMx="0.30" fuel="5.30" electricity="0.00" noise="75.92" route="routetop" type="cfm-slow" waiting="0.00" lane="left_0" pos="20.71" speed="31.19" angle="147.19" x="9.08" y="22.10"/>
        <vehicle id="cfm-slow_2" eclass="HBEFA3/PC_G_EU4" CO2="0.00" CO="0.00" HC="0.00" NOx="0.00" PMx="0.00" fuel="0.00" electricity="0.00" noise="73.81" route="routetop" type="cfm-slow" waiting="0.00" lane="left_0" pos="47.10" speed="31.81" angle="99.80" x="57.33" y="-4.65"/>
        <vehicle id="cfm-slow_3" eclass="HBEFA3/PC_G_EU4" CO2="0.00" CO="0.00" HC="0.00" NOx="0.00" PMx="0.00" fuel="0.00" electricity="0.00" noise="72.73" route="routebottom" type="cfm-slow" waiting="0.00" lane="bottom_0" pos="23.98" speed="30.87" angle="51.30" x="110.60" y="13.63"/>
        <vehicle id="cfm-slow_4" eclass="HBEFA3/PC_G_EU4" CO2="0.00" CO="0.00" HC="0.00" NOx="0.00" PMx="0.00" fuel="0.00" electricity="0.00" noise="71.66" route="routebottom" type="cfm-slow" waiting="0.00" lane="bottom_0" pos="49.78" speed="28.77" angle="4.91" x="132.26" y="63.10"/>
        <vehicle id="cfm-slow_5" eclass="HBEFA3/PC_G_EU4" CO2="0.00" CO="0.00" HC="0.00" NOx="0.00" PMx="0.00" fuel="0.00" electricity="0.00" noise="70.87" route="routebottom" type="cfm-slow" waiting="0.00" lane="right_0" pos="23.38" speed="26.54" angle="322.39" x="114.57" y="109.64"/>
    </timestep>
    <timestep time="7.37">
        <vehicle id="cfm-fast_0" eclass="HBEFA3/PC_G_EU4" CO2="133917.28" CO="3660.04" HC="20.10" NOx="61.73" PMx="3.89" fuel="57.56" electricity="0.00" noise="113.26" route="routetop" type="cfm-fast" waiting="0.00" lane="left_1" pos="29.72" speed="69.56" angle="131.01" x="24.82" y="11.17"/>
        <vehicle id="cfm-fast_1" eclass="HBEFA3/PC_G_EU4" CO2="5955.23" CO="53.46" HC="0.39" NOx="2.14" PMx="0.11" fuel="2.56" electricity="0.00" noise="71.93" route="routebottom" type="cfm-fast" waiting="0.00" lane="right_0" pos="45.03" speed="25.26" angle="283.50" x="74.40" y="131.43"/>
        <vehicle id="cfm-fast_2" eclass="HBEFA3/PC_G_EU4" CO2="66435.32" CO="2498.14" HC="13.16" NOx="29.82" PMx="2.22" fuel="28.56" electricity="0.00" noise="97.89" route="routebottom" type="cfm-fast" waiting="0.00" lane="bottom_1" pos="41.12" speed="74.89" angle="20.54" x="126.44" y="45.65"/>
        <vehicle id="cfm-fast_3" eclass="HBEFA3/PC_G_EU4" CO2="15049.56" CO="241.76" HC="1.48" NOx="6.43" PMx="0.35" fuel="6.47" electricity="0.00" noise="75.55" route="routetop" type="cfm-fast" waiting="0.00" lane="top_0" pos="11.28" speed="25.56" angle="254.11" x="39.82" y="127.99"/>
        <vehicle id="cfm-fast_4" eclass="HBEFA3/PC_G_EU4" CO2="0.00" CO="0.00" HC="0.00" NOx="0.00" PMx="0.00" fuel="0.00" electricity="0.00" noise="89.18" route="routetop" type="cfm-fast" waiting="0.00" lane="top_1" pos="7.60" speed="75.93" angle="260.72" x="48.20" y="127.11"/>
        <vehicle id="cfm-fast_5" eclass="HBEFA3/PC_G_EU4" CO2="20595.62" CO="363.03" HC="2.17" NOx="9.01" PMx="0.50" fuel="8.85" electricity="0.00" noise="78.51" route="routetop" type="cfm-fast" waiting="0.00" lane="top_0" pos="27.97" speed="27.18" angle="224.12" x="10.85" y="107.45"/>
        <vehicle id="cfm-slow_0" eclass="HBEFA3/PC_G_EU4" CO2="20035.62" CO="364.62" HC="2.16" NOx="8.69" PMx="0.50" fuel="8.61" electricity="0.00" noise="78.39" route="routetop" type="cfm-slow" waiting="0.00" lane="top_0" pos="46.39" speed="29.39" angle="191.11" x="-4.49" y="71.51"/>
        <vehicle id="cfm-slow_1" eclass="HBEFA3/PC_G_EU4" CO2="12217.90" CO="217.51" HC="1.30" NOx="4.97" PMx="0.30" fuel="5.25" electricity="0.00" noise="75.88" route="routetop" type="cfm-slow" waiting="0.00" lane="left_0" pos="21.02" speed="31.20" angle="146.62" x="9.50" y="21.57"/>
        <vehicle id="cfm-slow_2" eclass="HBEFA3/PC_G_EU4" CO2="0.00" CO="0.00" HC="0.00" NOx="0.00" PMx="0.00" fuel="0.00" electricity="0.00" noise="73.80" route="routetop" type="cfm-slow" waiting="0.00" lane="left_0" pos="47.41" speed="31.80" angle="99.25" x="58.01" y="-4.72"/>
        <vehicle id="cfm-slow_3" eclass="HBEFA3/PC_G_EU4" CO2="0.00" CO="0.00" HC="0.00" NOx="0.00" PMx="0.00" fuel="0.00" electricity="0.00" noise="72.72" route="routebottom" type="cfm-slow" waiting="0.00" lane="bottom_0" pos="24.29" speed="30.85" angle="50.77" x="111.08" y="14.08"/>
        <vehicle id="cfm-slow_4" eclass="HBEFA3/PC_G_EU4" CO2="0.00" CO="0.00" HC="0.00" NOx="0.00" PMx="0.00" fuel="0.00" electricity="0.00" noise="71.66" route="routebottom" type="cfm-slow" waiting="0.00" lane="right_0" pos="0.07" speed="28.75" angle="4.34" x="132.27" y="63.91"/>
        <vehicle id="cfm-slow_5" eclass="HBEFA3/PC_G_EU4" CO2="0.00" CO="0.00" HC="0.00" NOx="0.00" PMx="0.00" fuel="0.00" electricity="0.00" noise="70.87" route="routebottom" type="cfm-slow" waiting="0.00" lane="right_0" pos="23.64" speed="26.53" angle="321.91" x="114.19" y="110.06"/>
    </timestep>
    <timestep time="7.38">
        <vehicle id="cfm-fast_0" eclass="HBEFA3/PC_G_EU4" CO2="133319.98" CO="3650.01" HC="20.04" NOx="61.45" PMx="3.88" fuel="57.31" electricity="0.00" noise="113.11" route="routetop" type="cfm-fast" waiting="0.00" lane="left_1" pos="30.42" speed="69.62" angle="129.71" x="25.98" y="10.34"/>
        <vehicle id="cfm-fast_1" eclass="HBEFA3/PC_G_EU4" CO2="6040.17" CO="55.22" HC="0.40" NOx="2.18" PMx="0.12" fuel="2.60" electricity="0.00" noise="71.96" route="routebottom" type="cfm-fast" waiting="0.00" lane="right_0" pos="45.28" speed="25.26" angle="283.04" x="73.87" y="131.50"/>
        <vehicle id="cfm-fast_2" eclass="HBEFA3/PC_G_EU4" CO2="65912.84" CO="2488.05" HC="13.10" NOx="29.57" PMx="2.21" fuel="28.33" electricity="0.00" noise="97.78" route="routebottom" type="cfm-fast" waiting="0.00" lane="bottom_1" pos="41.87" speed="74.90" angle="19.13" x="126.83" y="47.14"/>
        <vehicle id="cfm-fast_3" eclass="HBEFA3/PC_G_EU4" CO2="15100.18" CO="242.86" HC="1.48" NOx="6.45" PMx="0.35" fuel="6.49" electricity="0.00" noise="75.58" route="routetop" type="cfm-fast" waiting="0.00" lane="top_0" pos="11.53" speed="25.58" angle="253.69" x="39.30" y="127.80"/>
        <vehicle id="cfm-fast_4" eclass="HBEFA3/PC_G_EU4" CO2="0.00" CO="0.00" HC="0.00" NOx="0.00" PMx="0.00" fuel="0.00" electricity="0.00" noise="89.21" route="routetop" type="cfm-fast" waiting="0.00" lane="top_1" pos="8.36" speed="75.92" angle="259.40" x="46.69" y="126.72"/>
        <vehicle id="cfm-fast_5" eclass="HBEFA3/PC_G_EU4" CO2="20592.81" CO="363.08" HC="2.17" NOx="9.00" PMx="0.50" fuel="8.85" electricity="0.00" noise="78.51" route="routetop" type="cfm-fast" waiting="0.00" lane="top_0" pos="28.24" speed="27.21" angle="223.68" x="10.47" y="107.00"/>
        <vehicle id="cfm-slow_0" eclass="HBEFA3/PC_G_EU4" CO2="19965.99" CO="363.31" HC="2.16" NOx="8.66" PMx="0.49" fuel="8.58" electricity="0.00" noise="78.37" route="routetop" type="cfm-slow" waiting="0.00" lane="top_0" pos="46.68" speed="29.40" angle="190.57" x="-4.56" y="70.89"/>
        <vehicle id="cfm-slow_1" eclass="HBEFA3/PC_G_EU4" CO2="12099.42" CO="215.13" HC="1.29" NOx="4.91" PMx="0.30" fuel="5.20" electricity="0.00" noise="75.85" route="routetop" type="cfm-slow" waiting="0.00" lane="left_0" pos="21.33" speed="31.21" angle="146.05" x="9.91" y="21.04"/>
        <vehicle id="cfm-slow_2" eclass="HBEFA3/PC_G_EU4" CO2="0.00" CO="0.00" HC="0.00" NOx="0.00" PMx="0.00" fuel="0.00" electricity="0.00" noise="73.78" route="routetop" type="cfm-slow" waiting="0.00" lane="left_0" pos="47.73" speed="31.79" angle="98.67" x="58.70" y="-4.76"/>
        <vehicle id="cfm-slow_3" eclass="HBEFA3/PC_G_EU4" CO2="0.00" CO="0.00" HC="0.00" NOx="0.00" PMx="0.00" fuel="0.00" electricity="0.00" noise="72.71" route="routebottom" type="cfm-slow" waiting="0.00" lane="bottom_0" pos="24.60" speed="30.83" angle="50.23" x="111.56" y="14.55"/>
        <vehicle id="cfm-slow_4" eclass="HBEFA3/PC_G_EU4" CO2="0.00" CO="0.00" HC="0.00" NOx="0.00" PMx="0.00" fuel="0.00" electricity="0.00" noise="71.65" route="routebottom" type="cfm-slow" waiting="0.00" lane="right_0" pos="0.36" speed="28.72" angle="3.82" x="132.26" y="64.53"/>
        <vehicle id="cfm-slow_5" eclass="HBEFA3/PC_G_EU4" CO2="0.00" CO="0.00" HC="0.00" NOx="0.00" PMx="0.00" fuel="0.00" electricity="0.00" noise="70.87" route="routebottom" type="cfm-slow" waiting="0.00" lane="right_0" pos="23.91" speed="26.51" angle="321.44" x="113.80" y="110.48"/>
    </timestep>
    <timestep time="7.39">
        <vehicle id="cfm-fast_0" eclass="HBEFA3/PC_G_EU4" CO2="132722.52" CO="3639.96" HC="19.98" NOx="61.16" PMx="3.86" fuel="57.05" electricity="0.00" noise="112.96" route="routetop" type="cfm-fast" waiting="0.00" lane="left_1" pos="31.12" speed="69.67" angle="128.49" x="27.15" y="9.53"/>
        <vehicle id="cfm-fast_1" eclass="HBEFA3/PC_G_EU4" CO2="6124.80" CO="56.97" HC="0.41" NOx="2.22" PMx="0.12" fuel="2.63" electricity="0.00" noise="71.98" route="routebottom" type="cfm-fast" waiting="0.00" lane="right_0" pos="45.54" speed="25.27" angle="282.59" x="73.33" y="131.58"/>
        <vehicle id="cfm-fast_2" eclass="HBEFA3/PC_G_EU4" CO2="65397.43" CO="2478.10" HC="13.04" NOx="29.33" PMx="2.20" fuel="28.11" electricity="0.00" noise="97.67" route="routebottom" type="cfm-fast" waiting="0.00" lane="bottom_1" pos="42.62" speed="74.92" angle="17.83" x="127.21" y="48.63"/>
        <vehicle id="cfm-fast_3" eclass="HBEFA3/PC_G_EU4" CO2="15150.37" CO="243.95" HC="1.49" NOx="6.47" PMx="0.36" fuel="6.51" electricity="0.00" noise="75.61" route="routetop" type="cfm-fast" waiting="0.00" lane="top_0" pos="11.79" speed="25.59" angle="253.22" x="38.79" y="127.59"/>
        <vehicle id="cfm-fast_4" eclass="HBEFA3/PC_G_EU4" CO2="0.00" CO="0.00" HC="0.00" NOx="0.00" PMx="0.00" fuel="0.00" electricity="0.00" noise="89.24" route="routetop" type="cfm-fast" waiting="0.00" lane="top_1" pos="9.12" speed="75.91" angle="258.10" x="45.19" y="126.31"/>
        <vehicle id="cfm-fast_5" eclass="HBEFA3/PC_G_EU4" CO2="20589.41" CO="363.12" HC="2.17" NOx="9.00" PMx="0.50" fuel="8.85" electricity="0.00" noise="78.51" route="routetop" type="cfm-fast" waiting="0.00" lane="top_0" pos="28.52" speed="27.23" angle="223.19" x="10.11" y="106.54"/>
        <vehicle id="cfm-slow_0" eclass="HBEFA3/PC_G_EU4" CO2="19895.87" CO="362.00" HC="2.15" NOx="8.63" PMx="0.49" fuel="8.55" electricity="0.00" noise="78.34" route="routetop" type="cfm-slow" waiting="0.00" lane="top_0" pos="46.98" speed="29.42" angle="190.03" x="-4.62" y="70.26"/>
        <vehicle id="cfm-slow_1" eclass="HBEFA3/PC_G_EU4" CO2="11980.99" CO="212.75" HC="1.27" NOx="4.85" PMx="0.29" fuel="5.15" electricity="0.00" noise="75.82" route="routetop" type="cfm-slow" waiting="0.00" lane="left_0" pos="21.65" speed="31.21" angle="145.47" x="10.33" y="20.51"/>
        <vehicle id="cfm-slow_2" eclass="HBEFA3/PC_G_EU4" CO2="0.00" CO="0.00" HC="0.00" NOx="0.00" PMx="0.00" fuel="0.00" electricity="0.00" noise="73.77" route="routetop" type="cfm-slow" waiting="0.00" lane="left_0" pos="48.05" speed="31.78" angle="98.06" x="59.38" y="-4.80"/>
        <vehicle id="cfm-slow_3" eclass="HBEFA3/PC_G_EU4" CO2="0.00" CO="0.00" HC="0.00" NOx="0.00" PMx="0.00" fuel="0.00" electricity="0.00" noise="72.70" route="routebottom" type="cfm-slow" waiting="0.00" lane="bottom_0" pos="24.91" speed="30.81" angle="49.66" x="112.03" y="15.02"/>
        <vehicle id="cfm-slow_4" eclass="HBEFA3/PC_G_EU4" CO2="0.00" CO="0.00" HC="0.00" NOx="0.00" PMx="0.00" fuel="0.00" electricity="0.00" noise="71.64" route="routebottom" type="cfm-slow" waiting="0.00" lane="right_0" pos="0.64" speed="28.70" angle="3.30" x="132.24" y="65.14"/>
        <vehicle id="cfm-slow_5" eclass="HBEFA3/PC_G_EU4" CO2="0.00" CO="0.00" HC="0.00" NOx="0.00" PMx="0.00" fuel="0.00" electricity="0.00" noise="70.88" route="routebottom" type="cfm-slow" waiting="0.00" lane="right_0" pos="24.17" speed="26.50" angle="320.96" x="113.41" y="110.90"/>
    </timestep>
    <timestep time="7.40">
        <vehicle id="cfm-fast_0" eclass="HBEFA3/PC_G_EU4" CO2="132124.97" CO="3629.90" HC="19.92" NOx="60.88" PMx="3.85" fuel="56.79" electricity="0.00" noise="112.81" route="routetop" type="cfm-fast" waiting="0.00" lane="left_1" pos="31.81" speed="69.73" angle="127.24" x="28.34" y="8.73"/>
        <vehicle id="cfm-fast_1" eclass="HBEFA3/PC_G_EU4" CO2="6209.13" CO="58.72" HC="0.42" NOx="2.26" PMx="0.12" fuel="2.67" electricity="0.00" noise="72.01" route="routebottom" type="cfm-fast" waiting="0.00" lane="right_0" pos="45.79" speed="25.27" angle="282.13" x="72.79" y="131.66"/>
        <vehicle id="cfm-fast_2" eclass="HBEFA3/PC_G_EU4" CO2="64889.05" CO="2468.27" HC="12.98" NOx="29.09" PMx="2.18" fuel="27.89" electricity="0.00" noise="97.57" route="routebottom" type="cfm-fast" waiting="0.00" lane="bottom_1" pos="43.37" speed="74.93" angle="16.52" x="127.55" y="50.13"/>
        <vehicle id="cfm-fast_3" eclass="HBEFA3/PC_G_EU4" CO2="15200.10" CO="245.03" HC="1.49" NOx="6.50" PMx="0.36" fuel="6.53" electricity="0.00" noise="75.63" route="routetop" type="cfm-fast" waiting="0.00" lane="top_0" pos="12.05" speed="25.61" angle="252.76" x="38.28" y="127.39"/>
        <vehicle id="cfm-fast_4" eclass="HBEFA3/PC_G_EU4" CO2="0.00" CO="0.00" HC="0.00" NOx="0.00" PMx="0.00" fuel="0.00" electricity="0.00" noise="89.27" route="routetop" type="cfm-fast" waiting="0.00" lane="top_1" pos="9.88" speed="75.90" angle="256.71" x="43.70" y="125.84"/>
        <vehicle id="cfm-fast_5" eclass="HBEFA3/PC_G_EU4" CO2="20585.43" CO="363.15" HC="2.17" NOx="9.00" PMx="0.50" fuel="8.85" electricity="0.00" noise="78.51" route="routetop" type="cfm-fast" waiting="0.00" lane="top_0" pos="28.79" speed="27.25" angle="222.69" x="9.75" y="106.08"/>
        <vehicle id="cfm-slow_0" eclass="HBEFA3/PC_G_EU4" CO2="19825.25" CO="360.67" HC="2.14" NOx="8.59" PMx="0.49" fuel="8.52" electricity="0.00" noise="78.31" route="routetop" type="cfm-slow" waiting="0.00" lane="top_0" pos="47.27" speed="29.44" angle="189.48" x="-4.68" y="69.63"/>
        <vehicle id="cfm-slow_1" eclass="HBEFA3/PC_G_EU4" CO2="11862.62" CO="210.37" HC="1.26" NOx="4.80" PMx="0.29" fuel="5.10" electricity="0.00" noise="75.79" route="routetop" type="cfm-slow" waiting="0.00" lane="left_0" pos="21.96" speed="31.22" angle="144.95" x="10.75" y="19.99"/>
        <vehicle id="cfm-slow_2" eclass="HBEFA3/PC_G_EU4" CO2="0.00" CO="0.00" HC="0.00" NOx="0.00" PMx="0.00" fuel="0.00" electricity="0.00" noise="73.76" route="routetop" type="cfm-slow" waiting="0.00" lane="left_0" pos="48.37" speed="31.77" angle="97.45" x="60.06" y="-4.84"/>
        <vehicle id="cfm-slow_3" eclass="HBEFA3/PC_G_EU4" CO2="0.00" CO="0.00" HC="0.00" NOx="0.00" PMx="0.00" fuel="0.00" electricity="0.00" noise="72.69" route="routebottom" type="cfm-slow" waiting="0.00" lane="bottom_0" pos="25.21" speed="30.79" angle="49.08" x="112.49" y="15.48"/>
        <vehicle id="cfm-slow_4" eclass="HBEFA3/PC_G_EU4" CO2="0.00" CO="0.00" HC="0.00" NOx="0.00" PMx="0.00" fuel="0.00" electricity="0.00" noise="71.63" route="routebottom" type="cfm-slow" waiting="0.00" lane="right_0" pos="0.93" speed="28.68" angle="2.78" x="132.23" y="65.76"/>
        <vehicle id="cfm-slow_5" eclass="HBEFA3/PC_G_EU4" CO2="0.00" CO="0.00" HC="0.00" NOx="0.00" PMx="0.00" fuel="0.00" electricity="0.00" noise="70.88" route="routebottom" type="cfm-slow" waiting="0.00" lane="right_0" pos="24.44" speed="26.49" angle="320.53" x="113.02" y="111.31"/>
    </timestep>
    <timestep time="7.41">
        <vehicle id="cfm-fast_0" eclass="HBEFA3/PC_G_EU4" CO2="131527.41" CO="3619.83" HC="19.86" NOx="60.60" PMx="3.83" fuel="56.54" electricity="0.00" noise="112.66" route="routetop" type="cfm-fast" waiting="0.00" lane="left_1" pos="32.51" speed="69.78" angle="126.01" x="29.55" y="7.98"/>
        <vehicle id="cfm-fast_1" eclass="HBEFA3/PC_G_EU4" CO2="6293.14" CO="60.46" HC="0.43" NOx="2.30" PMx="0.12" fuel="2.71" electricity="0.00" noise="72.03" route="routebottom" type="cfm-fast" waiting="0.00" lane="right_0" pos="46.04" speed="25.27" angle="281.68" x="72.25" y="131.73"/>
        <vehicle id="cfm-fast_2" eclass="HBEFA3/PC_G_EU4" CO2="64387.64" CO="2458.58" HC="12.93" NOx="28.85" PMx="2.17" fuel="27.68" electricity="0.00" noise="97.47" route="routebottom" type="cfm-fast" waiting="0.00" lane="bottom_1" pos="44.11" speed="74.95" angle="15.15" x="127.85" y="51.63"/>
        <vehicle id="cfm-fast_3" eclass="HBEFA3/PC_G_EU4" CO2="15249.39" CO="246.11" HC="1.50" NOx="6.52" PMx="0.36" fuel="6.55" electricity="0.00" noise="75.66" route="routetop" type="cfm-fast" waiting="0.00" lane="top_0" pos="12.30" speed="25.62" angle="252.29" x="37.76" y="127.18"/>
        <vehicle id="cfm-fast_4" eclass="HBEFA3/PC_G_EU4" CO2="0.00" CO="0.00" HC="0.00" NOx="0.00" PMx="0.00" fuel="0.00" electricity="0.00" noise="89.30" route="routetop" type="cfm-fast" waiting="0.00" lane="top_1" pos="10.64" speed="75.89" angle="255.34" x="42.23" y="125.35"/>
        <vehicle id="cfm-fast_5" eclass="HBEFA3/PC_G_EU4" CO2="20580.85" CO="363.17" HC="2.17" NOx="9.00" PMx="0.50" fuel="8.85" electricity="0.00" noise="78.51" route="routetop" type="cfm-fast" waiting="0.00" lane="top_0" pos="29.06" speed="27.27" angle="222.19" x="9.39" y="105.62"/>
        <vehicle id="cfm-slow_0" eclass="HBEFA3/PC_G_EU4" CO2="19754.13" CO="359.33" HC="2.13" NOx="8.56" PMx="0.49" fuel="8.49" electricity="0.00" noise="78.28" route="routetop" type="cfm-slow" waiting="0.00" lane="top_0" pos="47.57" speed="29.46" angle="189.00" x="-4.74" y="68.99"/>
        <vehicle id="cfm-slow_1" eclass="HBEFA3/PC_G_EU4" CO2="11744.32" CO="208.00" HC="1.25" NOx="4.74" PMx="0.29" fuel="5.05" electricity="0.00" noise="75.76" route="routetop" type="cfm-slow" waiting="0.00" lane="left_0" pos="22.27" speed="31.23" angle="144.37" x="11.19" y="19.48"/>
        <vehicle id="cfm-slow_2" eclass="HBEFA3/PC_G_EU4" CO2="0.00" CO="0.00" HC="0.00" NOx="0.00" PMx="0.00" fuel="0.00" electricity="0.00" noise="73.74" route="routetop" type="cfm-slow" waiting="0.00" lane="left_0" pos="48.69" speed="31.77" angle="96.87" x="60.74" y="-4.88"/>
        <vehicle id="cfm-slow_3" eclass="HBEFA3/PC_G_EU4" CO2="0.00" CO="0.00" HC="0.00" NOx="0.00" PMx="0.00" fuel="0.00" electricity="0.00" noise="72.68" route="routebottom" type="cfm-slow" waiting="0.00" lane="bottom_0" pos="25.52" speed="30.77" angle="48.52" x="112.96" y="15.95"/>
        <vehicle id="cfm-slow_4" eclass="HBEFA3/PC_G_EU4" CO2="0.00" CO="0.00" HC="0.00" NOx="0.00" PMx="0.00" fuel="0.00" electricity="0.00" noise="71.62" route="routebottom" type="cfm-slow" waiting="0.00" lane="right_0" pos="1.22" speed="28.66" angle="2.28" x="132.22" y="66.38"/>
        <vehicle id="cfm-slow_5" eclass="HBEFA3/PC_G_EU4" CO2="0.00" CO="0.00" HC="0.00" NOx="0.00" PMx="0.00" fuel="0.00" electricity="0.00" noise="70.88" route="routebottom" type="cfm-slow" waiting="0.00" lane="right_0" pos="24.70" speed="26.48" angle="320.04" x="112.62" y="111.71"/>
    </timestep>
    <timestep time="7.42">
        <vehicle id="cfm-fast_0" eclass="HBEFA3/PC_G_EU4" CO2="130929.90" CO="3609.74" HC="19.80" NOx="60.32" PMx="3.82" fuel="56.28" electricity="0.00" noise="112.51" route="routetop" type="cfm-fast" waiting="0.00" lane="left_1" pos="33.21" speed="69.84" angle="124.71" x="30.78" y="7.24"/>
        <vehicle id="cfm-fast_1" eclass="HBEFA3/PC_G_EU4" CO2="6376.84" CO="62.19" HC="0.44" NOx="2.34" PMx="0.13" fuel="2.74" electricity="0.00" noise="72.06" route="routebottom" type="cfm-fast" waiting="0.00" lane="right_0" pos="46.30" speed="25.28" angle="281.28" x="71.71" y="131.80"/>
        <vehicle id="cfm-fast_2" eclass="HBEFA3/PC_G_EU4" CO2="63893.15" CO="2449.02" HC="12.87" NOx="28.62" PMx="2.16" fuel="27.47" electricity="0.00" noise="97.36" route="routebottom" type="cfm-fast" waiting="0.00" lane="bottom_1" pos="44.86" speed="74.96" angle="13.75" x="128.12" y="53.15"/>
        <vehicle id="cfm-fast_3" eclass="HBEFA3/PC_G_EU4" CO2="15298.23" CO="247.18" HC="1.51" NOx="6.54" PMx="0.36" fuel="6.58" electricity="0.00" noise="75.69" route="routetop" type="cfm-fast" waiting="0.00" lane="top_0" pos="12.56" speed="25.64" angle="251.83" x="37.25" y="126.98"/>
        <vehicle id="cfm-fast_4" eclass="HBEFA3/PC_G_EU4" CO2="0.00" CO="0.00" HC="0.00" NOx="0.00" PMx="0.00" fuel="0.00" electricity="0.00" noise="89.33" route="routetop" type="cfm-fast" waiting="0.00" lane="top_1" pos="11.39" speed="75.88" angle="253.86" x="40.77" y="124.81"/>
        <vehicle id="cfm-fast_5" eclass="HBEFA3/PC_G_EU4" CO2="20575.70" CO="363.18" HC="2.17" NOx="8.99" PMx="0.50" fuel="8.84" electricity="0.00" noise="78.50" route="routetop" type="cfm-fast" waiting="0.00" lane="top_0" pos="29.33" speed="27.29" angle="221.69" x="9.03" y="105.16"/>
        <vehicle id="cfm-slow_0" eclass="HBEFA3/PC_G_EU4" CO2="19682.54" CO="357.99" HC="2.12" NOx="8.53" PMx="0.49" fuel="8.46" electricity="0.00" noise="78.25" route="routetop" type="cfm-slow" waiting="0.00" lane="top_0" pos="47.86" speed="29.48" angle="188.43" x="-4.78" y="68.36"/>
        <vehicle id="cfm-slow_1" eclass="HBEFA3/PC_G_EU4" CO2="11626.10" CO="205.62" HC="1.23" NOx="4.69" PMx="0.28" fuel="5.00" electricity="0.00" noise="75.73" route="routetop" type="cfm-slow" waiting="0.00" lane="left_0" pos="22.58" speed="31.23" angle="143.79" x="11.62" y="18.97"/>
        <vehicle id="cfm-slow_2" eclass="HBEFA3/PC_G_EU4" CO2="0.00" CO="0.00" HC="0.00" NOx="0.00" PMx="0.00" fuel="0.00" electricity="0.00" noise="73.73" route="routetop" type="cfm-slow" waiting="0.00" lane="left_0" pos="49.00" speed="31.76" angle="96.32" x="61.43" y="-4.90"/>
        <vehicle id="cfm-slow_3" eclass="HBEFA3/PC_G_EU4" CO2="0.00" CO="0.00" HC="0.00" NOx="0.00" PMx="0.00" fuel="0.00" electricity="0.00" noise="72.67" route="routebottom" type="cfm-slow" waiting="0.00" lane="bottom_0" pos="25.83" speed="30.75" angle="48.01" x="113.42" y="16.43"/>
        <vehicle id="cfm-slow_4" eclass="HBEFA3/PC_G_EU4" CO2="0.00" CO="0.00" HC="0.00" NOx="0.00" PMx="0.00" fuel="0.00" electricity="0.00" noise="71.61" route="routebottom" type="cfm-slow" waiting="0.00" lane="right_0" pos="1.50" speed="28.64" angle="1.77" x="132.19" y="66.99"/>
        <vehicle id="cfm-slow_5" eclass="HBEFA3/PC_G_EU4" CO2="0.00" CO="0.00" HC="0.00" NOx="0.00" PMx="0.00" fuel="0.00" electricity="0.00" noise="70.88" route="routebottom" type="cfm-slow" waiting="0.00" lane="right_0" pos="24.97" speed="26.46" angle="319.55" x="112.21" y="112.12"/>
    </timestep>
    <timestep time="7.43">
        <vehicle id="cfm-fast_0" eclass="HBEFA3/PC_G_EU4" CO2="130332.51" CO="3599.64" HC="19.74" NOx="60.03" PMx="3.80" fuel="56.02" electricity="0.00" noise="112.36" route="routetop" type="cfm-fast" waiting="0.00" lane="left_1" pos="33.91" speed="69.89" angle="123.50" x="32.03" y="6.54"/>
        <vehicle id="cfm-fast_1" eclass="HBEFA3/PC_G_EU4" CO2="6460.22" CO="63.92" HC="0.45" NOx="2.38" PMx="0.13" fuel="2.78" electricity="0.00" noise="72.08" route="routebottom" type="cfm-fast" waiting="0.00" lane="right_0" pos="46.55" speed="25.28" angle="280.81" x="71.17" y="131.86"/>
        <vehicle id="cfm-fast_2" eclass="HBEFA3/PC_G_EU4" CO2="63405.53" CO="2439.58" HC="12.82" NOx="28.39" PMx="2.15" fuel="27.26" electricity="0.00" noise="97.26" route="routebottom" type="cfm-fast" waiting="0.00" lane="bottom_1" pos="45.61" speed="74.97" angle="12.39" x="128.34" y="54.67"/>
        <vehicle id="cfm-fast_3" eclass="HBEFA3/PC_G_EU4" CO2="15346.62" CO="248.23" HC="1.51" NOx="6.56" PMx="0.36" fuel="6.60" electricity="0.00" noise="75.71" route="routetop" type="cfm-fast" waiting="0.00" lane="top_0" pos="12.81" speed="25.66" angle="251.42" x="36.74" y="126.77"/>
        <vehicle id="cfm-fast_4" eclass="HBEFA3/PC_G_EU4" CO2="0.00" CO="0.00" HC="0.00" NOx="0.00" PMx="0.00" fuel="0.00" electricity="0.00" noise="89.36" route="routetop" type="cfm-fast" waiting="0.00" lane="top_1" pos="12.15" speed="75.87" angle="252.57" x="39.32" y="124.25"/>
        <vehicle id="cfm-fast_5" eclass="HBEFA3/PC_G_EU4" CO2="20569.95" CO="363.17" HC="2.17" NOx="8.99" PMx="0.50" fuel="8.84" electricity="0.00" noise="78.50" route="routetop" type="cfm-fast" waiting="0.00" lane="top_0" pos="29.61" speed="27.32" angle="221.25" x="8.67" y="104.69"/>
        <vehicle id="cfm-slow_0" eclass="HBEFA3/PC_G_EU4" CO2="19610.46" CO="356.63" HC="2.12" NOx="8.49" PMx="0.48" fuel="8.43" electricity="0.00" noise="78.22" route="routetop" type="cfm-slow" waiting="0.00" lane="top_0" pos="48.15" speed="29.50" angle="187.87" x="-4.81" y="67.73"/>
        <vehicle id="cfm-slow_1" eclass="HBEFA3/PC_G_EU4" CO2="11507.96" CO="203.24" HC="1.22" NOx="4.63" PMx="0.28" fuel="4.95" electricity="0.00" noise="75.70" route="routetop" type="cfm-slow" waiting="0.00" lane="left_0" pos="22.90" speed="31.24" angle="143.20" x="12.06" y="18.46"/>
        <vehicle id="cfm-slow_2" eclass="HBEFA3/PC_G_EU4" CO2="0.00" CO="0.00" HC="0.00" NOx="0.00" PMx="0.00" fuel="0.00" electricity="0.00" noise="73.72" route="routetop" type="cfm-slow" waiting="0.00" lane="left_0" pos="49.32" speed="31.75" angle="95.74" x="62.11" y="-4.92"/>
        <vehicle id="cfm-slow_3" eclass="HBEFA3/PC_G_EU4" CO2="0.00" CO="0.00" HC="0.00" NOx="0.00" PMx="0.00" fuel="0.00" electricity="0.00" noise="72.66" route="routebottom" type="cfm-slow" waiting="0.00" lane="bottom_0" pos="26.14" speed="30.73" angle="47.45" x="113.87" y="16.92"/>
        <vehicle id="cfm-slow_4" eclass="HBEFA3/PC_G_EU4" CO2="0.00" CO="0.00" HC="0.00" NOx="0.00" PMx="0.00" fuel="0.00" electricity="0.00" noise="71.60" route="routebottom" type="cfm-slow" waiting="0.00" lane="right_0" pos="1.79" speed="28.62" angle="1.26" x="132.15" y="67.61"/>
        <vehicle id="cfm-slow_5" eclass="HBEFA3/PC_G_EU4" CO2="0.00" CO="0.00" HC="0.00" NOx="0.00" PMx="0.00" fuel="0.00" electricity="0.00" noise="70.88" route="routebottom" type="cfm-slow" waiting="0.00" lane="right_0" pos="25.23" speed="26.45" angle="319.05" x="111.81" y="112.52"/>
    </timestep>
    <timestep time="7.44">
        <vehicle id="cfm-fast_0" eclass="HBEFA3/PC_G_EU4" CO2="129735.30" CO="3589.53" HC="19.68" NOx="59.75" PMx="3.79" fuel="55.77" electricity="0.00" noise="112.21" route="routetop" type="cfm-fast" waiting="0.00" lane="left_1" pos="34.61" speed="69.94" angle="122.29" x="33.28" y="5.84"/>
        <vehicle id="cfm-fast_1" eclass="HBEFA3/PC_G_EU4" CO2="6543.29" CO="65.64" HC="0.46" NOx="2.42" PMx="0.13" fuel="2.81" electricity="0.00" noise="72.11" route="routebottom" type="cfm-fast" waiting="0.00" lane="right_0" pos="46.80" speed="25.28" angle="280.35" x="70.63" y="131.91"/>
        <vehicle id="cfm-fast_2" eclass="HBEFA3/PC_G_EU4" CO2="62924.72" CO="2430.28" HC="12.76" NOx="28.16" PMx="2.13" fuel="27.05" electricity="0.00" noise="97.16" route="routebottom" type="cfm-fast" waiting="0.00" lane="bottom_1" pos="46.36" speed="74.99" angle="11.09" x="128.54" y="56.19"/>
        <vehicle id="cfm-fast_3" eclass="HBEFA3/PC_G_EU4" CO2="15394.55" CO="249.28" HC="1.52" NOx="6.59" PMx="0.36" fuel="6.62" electricity="0.00" noise="75.74" route="routetop" type="cfm-fast" waiting="0.00" lane="top_0" pos="13.07" speed="25.67" angle="250.95" x="36.24" y="126.55"/>
        <vehicle id="cfm-fast_4" eclass="HBEFA3/PC_G_EU4" CO2="0.00" CO="0.00" HC="0.00" NOx="0.00" PMx="0.00" fuel="0.00" electricity="0.00" noise="89.39" route="routetop" type="cfm-fast" waiting="0.00" lane="top_1" pos="12.91" speed="75.86" angle="251.28" x="37.88" y="123.66"/>
        <vehicle id="cfm-fast_5" eclass="HBEFA3/PC_G_EU4" CO2="20563.62" CO="363.16" HC="2.17" NOx="8.99" PMx="0.50" fuel="8.84" electricity="0.00" noise="78.50" route="routetop" type="cfm-fast" waiting="0.00" lane="top_0" pos="29.88" speed="27.34" angle="220.74" x="8.33" y="104.21"/>
        <vehicle id="cfm-slow_0" eclass="HBEFA3/PC_G_EU4" CO2="19537.90" CO="355.26" HC="2.11" NOx="8.46" PMx="0.48" fuel="8.40" electricity="0.00" noise="78.19" route="routetop" type="cfm-slow" waiting="0.00" lane="top_0" pos="48.45" speed="29.51" angle="187.30" x="-4.85" y="67.09"/>
        <vehicle id="cfm-slow_1" eclass="HBEFA3/PC_G_EU4" CO2="11389.90" CO="200.86" HC="1.21" NOx="4.57" PMx="0.28" fuel="4.90" electricity="0.00" noise="75.67" route="routetop" type="cfm-slow" waiting="0.00" lane="left_0" pos="23.21" speed="31.25" angle="142.70" x="12.50" y="17.95"/>
        <vehicle id="cfm-slow_2" eclass="HBEFA3/PC_G_EU4" CO2="0.00" CO="0.00" HC="0.00" NOx="0.00" PMx="0.00" fuel="0.00" electricity="0.00" noise="73.70" route="routetop" type="cfm-slow" waiting="0.00" lane="left_0" pos="49.64" speed="31.74" angle="95.16" x="62.79" y="-4.93"/>
        <vehicle id="cfm-slow_3" eclass="HBEFA3/PC_G_EU4" CO2="0.00" CO="0.00" HC="0.00" NOx="0.00" PMx="0.00" fuel="0.00" electricity="0.00" noise="72.65" route="routebottom" type="cfm-slow" waiting="0.00" lane="bottom_0" pos="26.44" speed="30.71" angle="46.89" x="114.32" y="17.40"/>
        <vehicle id="cfm-slow_4" eclass="HBEFA3/PC_G_EU4" CO2="0.00" CO="0.00" HC="0.00" NOx="0.00" PMx="0.00" fuel="0.00" electricity="0.00" noise="71.60" route="routebottom" type="cfm-slow" waiting="0.00" lane="right_0" pos="2.08" speed="28.60" angle="0.75" x="132.12" y="68.22"/>
        <vehicle id="cfm-slow_5" eclass="HBEFA3/PC_G_EU4" CO2="0.00" CO="0.00" HC="0.00" NOx="0.00" PMx="0.00" fuel="0.00" electricity="0.00" noise="70.89" route="routebottom" type="cfm-slow" waiting="0.00" lane="right_0" pos="25.50" speed="26.44" angle="318.56" x="111.41" y="112.92"/>
    </timestep>
    <timestep time="7.45">
        <vehicle id="cfm-fast_0" eclass="HBEFA3/PC_G_EU4" CO2="129138.34" CO="3579.41" HC="19.62" NOx="59.47" PMx="3.77" fuel="55.51" electricity="0.00" noise="112.06" route="routetop" type="cfm-fast" waiting="0.00" lane="left_1" pos="35.31" speed="70.00" angle="121.01" x="34.57" y="5.20"/>
        <vehicle id="cfm-fast_1" eclass="HBEFA3/PC_G_EU4" CO2="6626.05" CO="67.36" HC="0.47" NOx="2.46" PMx="0.13" fuel="2.85" electricity="0.00" noise="72.14" route="routebottom" type="cfm-fast" waiting="0.00" lane="right_0" pos="47.05" speed="25.29" angle="279.88" x="70.09" y="131.97"/>
        <vehicle id="cfm-fast_2" eclass="HBEFA3/PC_G_EU4" CO2="62450.67" CO="2421.11" HC="12.71" NOx="27.94" PMx="2.12" fuel="26.84" electricity="0.00" noise="97.07" route="routebottom" type="cfm-fast" waiting="0.00" lane="bottom_1" pos="47.11" speed="75.00" angle="9.75" x="128.70" y="57.72"/>
        <vehicle id="cfm-fast_3" eclass="HBEFA3/PC_G_EU4" CO2="15442.04" CO="250.32" HC="1.52" NOx="6.61" PMx="0.36" fuel="6.64" electricity="0.00" noise="75.77" route="routetop" type="cfm-fast" waiting="0.00" lane="top_0" pos="13.33" speed="25.69" angle="250.48" x="35.73" y="126.32"/>
        <vehicle id="cfm-fast_4" eclass="HBEFA3/PC_G_EU4" CO2="0.00" CO="0.00" HC="0.00" NOx="0.00" PMx="0.00" fuel="0.00" electricity="0.00" noise="89.42" route="routetop" type="cfm-fast" waiting="0.00" lane="top_1" pos="13.67" speed="75.85" angle="249.86" x="36.46" y="123.03"/>
        <vehicle id="cfm-fast_5" eclass="HBEFA3/PC_G_EU4" CO2="20556.71" CO="363.13" HC="2.17" NOx="8.98" PMx="0.50" fuel="8.84" electricity="0.00" noise="78.50" route="routetop" type="cfm-fast" waiting="0.00" lane="top_0" pos="30.15" speed="27.36" angle="220.23" x="7.98" y="103.73"/>
        <vehicle id="cfm-slow_0" eclass="HBEFA3/PC_G_EU4" CO2="19464.87" CO="353.88" HC="2.10" NOx="8.42" PMx="0.48" fuel="8.37" electricity="0.00" noise="78.16" route="routetop" type="cfm-slow" waiting="0.00" lane="top_0" pos="48.75" speed="29.53" angle="186.80" x="-4.89" y="66.46"/>
        <vehicle id="cfm-slow_1" eclass="HBEFA3/PC_G_EU4" CO2="11271.95" CO="198.49" HC="1.19" NOx="4.52" PMx="0.27" fuel="4.85" electricity="0.00" noise="75.64" route="routetop" type="cfm-slow" waiting="0.00" lane="left_0" pos="23.52" speed="31.25" angle="142.14" x="12.96" y="17.46"/>
        <vehicle id="cfm-slow_2" eclass="HBEFA3/PC_G_EU4" CO2="0.00" CO="0.00" HC="0.00" NOx="0.00" PMx="0.00" fuel="0.00" electricity="0.00" noise="73.69" route="routetop" type="cfm-slow" waiting="0.00" lane="left_0" pos="49.96" speed="31.73" angle="94.61" x="63.48" y="-4.95"/>
        <vehicle id="cfm-slow_3" eclass="HBEFA3/PC_G_EU4" CO2="0.00" CO="0.00" HC="0.00" NOx="0.00" PMx="0.00" fuel="0.00" electricity="0.00" noise="72.64" route="routebottom" type="cfm-slow" waiting="0.00" lane="bottom_0" pos="26.75" speed="30.69" angle="46.33" x="114.77" y="17.89"/>
        <vehicle id="cfm-slow_4" eclass="HBEFA3/PC_G_EU4" CO2="0.00" CO="0.00" HC="0.00" NOx="0.00" PMx="0.00" fuel="0.00" electricity="0.00" noise="71.59" route="routebottom" type="cfm-slow" waiting="0.00" lane="right_0" pos="2.36" speed="28.57" angle="0.24" x="132.08" y="68.84"/>
        <vehicle id="cfm-slow_5" eclass="HBEFA3/PC_G_EU4" CO2="0.00" CO="0.00" HC="0.00" NOx="0.00" PMx="0.00" fuel="0.00" electricity="0.00" noise="70.89" route="routebottom" type="cfm-slow" waiting="0.00" lane="right_0" pos="25.76" speed="26.43" angle="318.14" x="111.00" y="113.32"/>
    </timestep>
    <timestep time="7.46">
        <vehicle id="cfm-fast_0" eclass="HBEFA3/PC_G_EU4" CO2="128541.70" CO="3569.28" HC="19.56" NOx="59.19" PMx="3.76" fuel="55.25" electricity="0.00" noise="111.91" route="routetop" type="cfm-fast" waiting="0.00" lane="left_1" pos="36.01" speed="70.05" angle="119.78" x="35.85" y="4.56"/>
        <vehicle id="cfm-fast_1" eclass="HBEFA3/PC_G_EU4" CO2="6708.48" CO="69.07" HC="0.48" NOx="2.50" PMx="0.13" fuel="2.88" electricity="0.00" noise="72.16" route="routebottom" type="cfm-fast" waiting="0.00" lane="right_0" pos="47.31" speed="25.29" angle="279.42" x="69.55" y="132.02"/>
        <vehicle id="cfm-fast_2" eclass="HBEFA3/PC_G_EU4" CO2="61983.32" CO="2412.06" HC="12.66" NOx="27.72" PMx="2.11" fuel="26.64" electricity="0.00" noise="96.97" route="routebottom" type="cfm-fast" waiting="0.00" lane="bottom_1" pos="47.86" speed="75.01" angle="8.41" x="128.82" y="59.25"/>
        <vehicle id="cfm-fast_3" eclass="HBEFA3/PC_G_EU4" CO2="15489.06" CO="251.35" HC="1.53" NOx="6.63" PMx="0.36" fuel="6.66" electricity="0.00" noise="75.79" route="routetop" type="cfm-fast" waiting="0.00" lane="top_0" pos="13.59" speed="25.71" angle="250.01" x="35.23" y="126.10"/>
        <vehicle id="cfm-fast_4" eclass="HBEFA3/PC_G_EU4" CO2="0.00" CO="0.00" HC="0.00" NOx="0.00" PMx="0.00" fuel="0.00" electricity="0.00" noise="89.45" route="routetop" type="cfm-fast" waiting="0.00" lane="top_1" pos="14.43" speed="75.84" angle="248.51" x="35.05" y="122.37"/>
        <vehicle id="cfm-fast_5" eclass="HBEFA3/PC_G_EU4" CO2="20549.20" CO="363.09" HC="2.17" NOx="8.98" PMx="0.50" fuel="8.83" electricity="0.00" noise="78.49" route="routetop" type="cfm-fast" waiting="0.00" lane="top_0" pos="30.43" speed="27.38" angle="219.72" x="7.64" y="103.25"/>
        <vehicle id="cfm-slow_0" eclass="HBEFA3/PC_G_EU4" CO2="19391.37" CO="352.50" HC="2.09" NOx="8.39" PMx="0.48" fuel="8.34" electricity="0.00" noise="78.13" route="routetop" type="cfm-slow" waiting="0.00" lane="top_0" pos="49.04" speed="29.55" angle="186.26" x="-4.90" y="65.82"/>
        <vehicle id="cfm-slow_1" eclass="HBEFA3/PC_G_EU4" CO2="11154.10" CO="196.11" HC="1.18" NOx="4.46" PMx="0.27" fuel="4.79" electricity="0.00" noise="75.61" route="routetop" type="cfm-slow" waiting="0.00" lane="left_0" pos="23.83" speed="31.26" angle="141.57" x="13.41" y="16.96"/>
        <vehicle id="cfm-slow_2" eclass="HBEFA3/PC_G_EU4" CO2="0.00" CO="0.00" HC="0.00" NOx="0.00" PMx="0.00" fuel="0.00" electricity="0.00" noise="73.67" route="routebottom" type="cfm-slow" waiting="0.00" lane="bottom_0" pos="0.27" speed="31.72" angle="93.98" x="64.35" y="-4.94"/>
        <vehicle id="cfm-slow_3" eclass="HBEFA3/PC_G_EU4" CO2="0.00" CO="0.00" HC="0.00" NOx="0.00" PMx="0.00" fuel="0.00" electricity="0.00" noise="72.63" route="routebottom" type="cfm-slow" waiting="0.00" lane="bottom_0" pos="27.06" speed="30.67" angle="45.83" x="115.20" y="18.38"/>
        <vehicle id="cfm-slow_4" eclass="HBEFA3/PC_G_EU4" CO2="0.00" CO="0.00" HC="0.00" NOx="0.00" PMx="0.00" fuel="0.00" electricity="0.00" noise="71.58" route="routebottom" type="cfm-slow" waiting="0.00" lane="right_0" pos="2.65" speed="28.55" angle="359.75" x="132.03" y="69.45"/>
        <vehicle id="cfm-slow_5" eclass="HBEFA3/PC_G_EU4" CO2="0.00" CO="0.00" HC="0.00" NOx="0.00" PMx="0.00" fuel="0.00" electricity="0.00" noise="70.89" route="routebottom" type="cfm-slow" waiting="0.00" lane="right_0" pos="26.03" speed="26.42" angle="317.66" x="110.58" y="113.70"/>
    </timestep>
    <timestep time="7.47">
        <vehicle id="cfm-fast_0" eclass="HBEFA3/PC_G_EU4" CO2="127945.43" CO="3559.15" HC="19.50" NOx="58.90" PMx="3.74" fuel="55.00" electricity="0.00" noise="111.76" route="routetop" type="cfm-fast" waiting="0.00" lane="left_1" pos="36.71" speed="70.10" angle="118.44" x="37.17" y="3.98"/>
        <vehicle id="cfm-fast_1" eclass="HBEFA3/PC_G_EU4" CO2="6790.60" CO="70.77" HC="0.49" NOx="2.53" PMx="0.14" fuel="2.92" electricity="0.00" noise="72.19" route="routebottom" type="cfm-fast" waiting="0.00" lane="right_0" pos="47.56" speed="25.29" angle="279.02" x="69.01" y="132.07"/>
        <vehicle id="cfm-fast_2" eclass="HBEFA3/PC_G_EU4" CO2="61522.63" CO="2403.14" HC="12.60" NOx="27.50" PMx="2.10" fuel="26.45" electricity="0.00" noise="96.88" route="routebottom" type="cfm-fast" waiting="0.00" lane="bottom_1" pos="48.61" speed="75.03" angle="6.96" x="128.91" y="60.79"/>
        <vehicle id="cfm-fast_3" eclass="HBEFA3/PC_G_EU4" CO2="15535.64" CO="252.37" HC="1.54" NOx="6.65" PMx="0.37" fuel="6.68" electricity="0.00" noise="75.82" route="routetop" type="cfm-fast" waiting="0.00" lane="top_0" pos="13.84" speed="25.72" angle="249.55" x="34.72" y="125.87"/>
        <vehicle id="cfm-fast_4" eclass="HBEFA3/PC_G_EU4" CO2="0.00" CO="0.00" HC="0.00" NOx="0.00" PMx="0.00" fuel="0.00" electricity="0.00" noise="89.48" route="routetop" type="cfm-fast" waiting="0.00" lane="top_1" pos="15.19" speed="75.83" angle="247.10" x="33.66" y="121.67"/>
        <vehicle id="cfm-fast_5" eclass="HBEFA3/PC_G_EU4" CO2="20541.12" CO="363.03" HC="2.17" NOx="8.98" PMx="0.50" fuel="8.83" electricity="0.00" noise="78.49" route="routetop" type="cfm-fast" waiting="0.00" lane="top_0" pos="30.70" speed="27.40" angle="219.24" x="7.30" y="102.77"/>
        <vehicle id="cfm-slow_0" eclass="HBEFA3/PC_G_EU4" CO2="19317.42" CO="351.10" HC="2.08" NOx="8.35" PMx="0.48" fuel="8.30" electricity="0.00" noise="78.10" route="routetop" type="cfm-slow" waiting="0.00" lane="top_0" pos="49.34" speed="29.57" angle="185.73" x="-4.92" y="65.19"/>
        <vehicle id="cfm-slow_1" eclass="HBEFA3/PC_G_EU4" CO2="11036.36" CO="193.74" HC="1.16" NOx="4.41" PMx="0.27" fuel="4.74" electricity="0.00" noise="75.58" route="routetop" type="cfm-slow" waiting="0.00" lane="left_0" pos="24.15" speed="31.26" angle="141.01" x="13.87" y="16.47"/>
        <vehicle id="cfm-slow_2" eclass="HBEFA3/PC_G_EU4" CO2="0.00" CO="0.00" HC="0.00" NOx="0.00" PMx="0.00" fuel="0.00" electricity="0.00" noise="73.66" route="routebottom" type="cfm-slow" waiting="0.00" lane="bottom_0" pos="0.59" speed="31.71" angle="93.40" x="65.03" y="-4.92"/>
        <vehicle id="cfm-slow_3" eclass="HBEFA3/PC_G_EU4" CO2="0.00" CO="0.00" HC="0.00" NOx="0.00" PMx="0.00" fuel="0.00" electricity="0.00" noise="72.62" route="routebottom" type="cfm-slow" waiting="0.00" lane="bottom_0" pos="27.36" speed="30.65" angle="45.26" x="115.63" y="18.88"/>
        <vehicle id="cfm-slow_4" eclass="HBEFA3/PC_G_EU4" CO2="0.00" CO="0.00" HC="0.00" NOx="0.00" PMx="0.00" fuel="0.00" electricity="0.00" noise="71.57" route="routebottom" type="cfm-slow" waiting="0.00" lane="right_0" pos="2.93" speed="28.53" angle="359.23" x="131.97" y="70.06"/>
        <vehicle id="cfm-slow_5" eclass="HBEFA3/PC_G_EU4" CO2="0.00" CO="0.00" HC="0.00" NOx="0.00" PMx="0.00" fuel="0.00" electricity="0.00" noise="70.89" route="routebottom" type="cfm-slow" waiting="0.00" lane="right_0" pos="26.29" speed="26.40" angle="317.18" x="110.17" y="114.09"/>
    </timestep>
    <timestep time="7.48">
        <vehicle id="cfm-fast_0" eclass="HBEFA3/PC_G_EU4" CO2="127349.60" CO="3549.02" HC="19.44" NOx="58.62" PMx="3.73" fuel="54.74" electricity="0.00" noise="111.62" route="routetop" type="cfm-fast" waiting="0.00" lane="left_1" pos="37.41" speed="70.15" angle="117.18" x="38.49" y="3.40"/>
        <vehicle id="cfm-fast_1" eclass="HBEFA3/PC_G_EU4" CO2="6872.40" CO="72.47" HC="0.50" NOx="2.57" PMx="0.14" fuel="2.95" electricity="0.00" noise="72.21" route="routebottom" type="cfm-fast" waiting="0.00" lane="right_0" pos="47.81" speed="25.30" angle="278.54" x="68.46" y="132.10"/>
        <vehicle id="cfm-fast_2" eclass="HBEFA3/PC_G_EU4" CO2="61068.52" CO="2394.34" HC="12.55" NOx="27.28" PMx="2.09" fuel="26.25" electricity="0.00" noise="96.78" route="routebottom" type="cfm-fast" waiting="0.00" lane="bottom_1" pos="49.36" speed="75.04" angle="5.64" x="128.94" y="62.33"/>
        <vehicle id="cfm-fast_3" eclass="HBEFA3/PC_G_EU4" CO2="15581.75" CO="253.39" HC="1.54" NOx="6.67" PMx="0.37" fuel="6.70" electricity="0.00" noise="75.84" route="routetop" type="cfm-fast" waiting="0.00" lane="top_0" pos="14.10" speed="25.74" angle="249.14" x="34.22" y="125.64"/>
        <vehicle id="cfm-fast_4" eclass="HBEFA3/PC_G_EU4" CO2="0.00" CO="0.00" HC="0.00" NOx="0.00" PMx="0.00" fuel="0.00" electricity="0.00" noise="89.51" route="routetop" type="cfm-fast" waiting="0.00" lane="top_1" pos="15.95" speed="75.82" angle="245.80" x="32.29" y="120.93"/>
        <vehicle id="cfm-fast_5" eclass="HBEFA3/PC_G_EU4" CO2="20532.44" CO="362.97" HC="2.17" NOx="8.97" PMx="0.50" fuel="8.83" electricity="0.00" noise="78.49" route="routetop" type="cfm-fast" waiting="0.00" lane="top_0" pos="30.98" speed="27.43" angle="218.78" x="6.97" y="102.29"/>
        <vehicle id="cfm-slow_0" eclass="HBEFA3/PC_G_EU4" CO2="19243.00" CO="349.69" HC="2.08" NOx="8.32" PMx="0.48" fuel="8.27" electricity="0.00" noise="78.07" route="routetop" type="cfm-slow" waiting="0.00" lane="top_0" pos="49.63" speed="29.59" angle="185.19" x="-4.93" y="64.55"/>
        <vehicle id="cfm-slow_1" eclass="HBEFA3/PC_G_EU4" CO2="10918.73" CO="191.36" HC="1.15" NOx="4.35" PMx="0.27" fuel="4.69" electricity="0.00" noise="75.55" route="routetop" type="cfm-slow" waiting="0.00" lane="left_0" pos="24.46" speed="31.27" angle="140.50" x="14.33" y="15.98"/>
        <vehicle id="cfm-slow_2" eclass="HBEFA3/PC_G_EU4" CO2="0.00" CO="0.00" HC="0.00" NOx="0.00" PMx="0.00" fuel="0.00" electricity="0.00" noise="73.65" route="routebottom" type="cfm-slow" waiting="0.00" lane="bottom_0" pos="0.91" speed="31.70" angle="92.83" x="65.71" y="-4.91"/>
        <vehicle id="cfm-slow_3" eclass="HBEFA3/PC_G_EU4" CO2="0.00" CO="0.00" HC="0.00" NOx="0.00" PMx="0.00" fuel="0.00" electricity="0.00" noise="72.61" route="routebottom" type="cfm-slow" waiting="0.00" lane="bottom_0" pos="27.67" speed="30.63" angle="44.68" x="116.05" y="19.39"/>
        <vehicle id="cfm-slow_4" eclass="HBEFA3/PC_G_EU4" CO2="0.00" CO="0.00" HC="0.00" NOx="0.00" PMx="0.00" fuel="0.00" electricity="0.00" noise="71.56" route="routebottom" type="cfm-slow" waiting="0.00" lane="right_0" pos="3.22" speed="28.51" angle="358.72" x="131.91" y="70.67"/>
        <vehicle id="cfm-slow_5" eclass="HBEFA3/PC_G_EU4" CO2="0.00" CO="0.00" HC="0.00" NOx="0.00" PMx="0.00" fuel="0.00" electricity="0.00" noise="70.90" route="routebottom" type="cfm-slow" waiting="0.00" lane="right_0" pos="26.55" speed="26.39" angle="316.69" x="109.75" y="114.47"/>
    </timestep>
    <timestep time="7.49">
        <vehicle id="cfm-fast_0" eclass="HBEFA3/PC_G_EU4" CO2="126754.26" CO="3538.87" HC="19.38" NOx="58.34" PMx="3.71" fuel="54.49" electricity="0.00" noise="111.47" route="routetop" type="cfm-fast" waiting="0.00" lane="left_1" pos="38.11" speed="70.21" angle="115.87" x="39.82" y="2.87"/>
        <vehicle id="cfm-fast_1" eclass="HBEFA3/PC_G_EU4" CO2="6953.87" CO="74.16" HC="0.51" NOx="2.61" PMx="0.14" fuel="2.99" electricity="0.00" noise="72.24" route="routebottom" type="cfm-fast" waiting="0.00" lane="right_0" pos="48.07" speed="25.30" angle="278.07" x="67.92" y="132.13"/>
        <vehicle id="cfm-fast_2" eclass="HBEFA3/PC_G_EU4" CO2="60620.96" CO="2385.67" HC="12.50" NOx="27.07" PMx="2.08" fuel="26.06" electricity="0.00" noise="96.69" route="routebottom" type="cfm-fast" waiting="0.00" lane="right_1" pos="0.12" speed="75.05" angle="4.28" x="128.97" y="63.93"/>
        <vehicle id="cfm-fast_3" eclass="HBEFA3/PC_G_EU4" CO2="15627.40" CO="254.39" HC="1.55" NOx="6.69" PMx="0.37" fuel="6.72" electricity="0.00" noise="75.87" route="routetop" type="cfm-fast" waiting="0.00" lane="top_0" pos="14.36" speed="25.75" angle="248.64" x="33.72" y="125.39"/>
        <vehicle id="cfm-fast_4" eclass="HBEFA3/PC_G_EU4" CO2="0.00" CO="0.00" HC="0.00" NOx="0.00" PMx="0.00" fuel="0.00" electricity="0.00" noise="89.54" route="routetop" type="cfm-fast" waiting="0.00" lane="top_1" pos="16.70" speed="75.81" angle="244.48" x="30.93" y="120.17"/>
        <vehicle id="cfm-fast_5" eclass="HBEFA3/PC_G_EU4" CO2="20523.19" CO="362.89" HC="2.17" NOx="8.97" PMx="0.50" fuel="8.82" electricity="0.00" noise="78.48" route="routetop" type="cfm-fast" waiting="0.00" lane="top_0" pos="31.25" speed="27.45" angle="218.28" x="6.64" y="101.80"/>
        <vehicle id="cfm-slow_0" eclass="HBEFA3/PC_G_EU4" CO2="19168.13" CO="348.27" HC="2.07" NOx="8.28" PMx="0.47" fuel="8.24" electricity="0.00" noise="78.04" route="routetop" type="cfm-slow" waiting="0.00" lane="top_0" pos="49.93" speed="29.60" angle="184.65" x="-4.95" y="63.91"/>
        <vehicle id="cfm-slow_1" eclass="HBEFA3/PC_G_EU4" CO2="10801.23" CO="188.99" HC="1.14" NOx="4.30" PMx="0.26" fuel="4.64" electricity="0.00" noise="75.52" route="routetop" type="cfm-slow" waiting="0.00" lane="left_0" pos="24.77" speed="31.28" angle="139.93" x="14.81" y="15.50"/>
        <vehicle id="cfm-slow_2" eclass="HBEFA3/PC_G_EU4" CO2="0.00" CO="0.00" HC="0.00" NOx="0.00" PMx="0.00" fuel="0.00" electricity="0.00" noise="73.64" route="routebottom" type="cfm-slow" waiting="0.00" lane="bottom_0" pos="1.22" speed="31.70" angle="92.27" x="66.39" y="-4.89"/>
        <vehicle id="cfm-slow_3" eclass="HBEFA3/PC_G_EU4" CO2="0.00" CO="0.00" HC="0.00" NOx="0.00" PMx="0.00" fuel="0.00" electricity="0.00" noise="72.60" route="routebottom" type="cfm-slow" waiting="0.00" lane="bottom_0" pos="27.98" speed="30.61" angle="44.11" x="116.48" y="19.89"/>
        <vehicle id="cfm-slow_4" eclass="HBEFA3/PC_G_EU4" CO2="0.00" CO="0.00" HC="0.00" NOx="0.00" PMx="0.00" fuel="0.00" electricity="0.00" noise="71.55" route="routebottom" type="cfm-slow" waiting="0.00" lane="right_0" pos="3.50" speed="28.49" angle="358.21" x="131.85" y="71.28"/>
        <vehicle id="cfm-slow_5" eclass="HBEFA3/PC_G_EU4" CO2="0.00" CO="0.00" HC="0.00" NOx="0.00" PMx="0.00" fuel="0.00" electricity="0.00" noise="70.90" route="routebottom" type="cfm-slow" waiting="0.00" lane="right_0" pos="26.82" speed="26.38" angle="316.23" x="109.33" y="114.86"/>
    </timestep>
    <timestep time="7.50">
        <vehicle id="cfm-fast_0" eclass="HBEFA3/PC_G_EU4" CO2="126159.50" CO="3528.73" HC="19.32" NOx="58.06" PMx="3.70" fuel="54.23" electricity="0.00" noise="111.32" route="routetop" type="cfm-fast" waiting="0.00" lane="left_1" pos="38.81" speed="70.26" angle="114.62" x="41.17" y="2.36"/>
        <vehicle id="cfm-fast_1" eclass="HBEFA3/PC_G_EU4" CO2="7035.02" CO="75.84" HC="0.52" NOx="2.65" PMx="0.14" fuel="3.02" electricity="0.00" noise="72.27" route="routebottom" type="cfm-fast" waiting="0.00" lane="right_0" pos="48.32" speed="25.31" angle="277.59" x="67.38" y="132.16"/>
        <vehicle id="cfm-fast_2" eclass="HBEFA3/PC_G_EU4" CO2="60179.88" CO="2377.12" HC="12.45" NOx="26.86" PMx="2.06" fuel="25.87" electricity="0.00" noise="96.60" route="routebottom" type="cfm-fast" waiting="0.00" lane="right_1" pos="0.87" speed="75.06" angle="2.91" x="128.94" y="65.47"/>
        <vehicle id="cfm-fast_3" eclass="HBEFA3/PC_G_EU4" CO2="15672.60" CO="255.38" HC="1.55" NOx="6.71" PMx="0.37" fuel="6.74" electricity="0.00" noise="75.89" route="routetop" type="cfm-fast" waiting="0.00" lane="top_0" pos="14.62" speed="25.77" angle="248.15" x="33.23" y="125.14"/>
        <vehicle id="cfm-fast_4" eclass="HBEFA3/PC_G_EU4" CO2="0.00" CO="0.00" HC="0.00" NOx="0.00" PMx="0.00" fuel="0.00" electricity="0.00" noise="89.58" route="routetop" type="cfm-fast" waiting="0.00" lane="top_1" pos="17.46" speed="75.80" angle="243.09" x="29.60" y="119.38"/>
        <vehicle id="cfm-fast_5" eclass="HBEFA3/PC_G_EU4" CO2="20513.35" CO="362.80" HC="2.16" NOx="8.96" PMx="0.50" fuel="8.82" electricity="0.00" noise="78.48" route="routetop" type="cfm-fast" waiting="0.00" lane="top_0" pos="31.53" speed="27.47" angle="217.79" x="6.31" y="101.30"/>
        <vehicle id="cfm-slow_0" eclass="HBEFA3/PC_G_EU4" CO2="19092.81" CO="346.84" HC="2.06" NOx="8.24" PMx="0.47" fuel="8.21" electricity="0.00" noise="78.01" route="routetop" type="cfm-slow" waiting="0.00" lane="left_0" pos="0.22" speed="29.62" angle="184.07" x="-4.94" y="63.09"/>
        <vehicle id="cfm-slow_1" eclass="HBEFA3/PC_G_EU4" CO2="10683.86" CO="186.62" HC="1.12" NOx="4.24" PMx="0.26" fuel="4.59" electricity="0.00" noise="75.49" route="routetop" type="cfm-slow" waiting="0.00" lane="left_0" pos="25.08" speed="31.28" angle="139.35" x="15.28" y="15.03"/>
        <vehicle id="cfm-slow_2" eclass="HBEFA3/PC_G_EU4" CO2="0.00" CO="0.00" HC="0.00" NOx="0.00" PMx="0.00" fuel="0.00" electricity="0.00" noise="73.62" route="routebottom" type="cfm-slow" waiting="0.00" lane="bottom_0" pos="1.54" speed="31.69" angle="91.71" x="67.07" y="-4.85"/>
        <vehicle id="cfm-slow_3" eclass="HBEFA3/PC_G_EU4" CO2="0.00" CO="0.00" HC="0.00" NOx="0.00" PMx="0.00" fuel="0.00" electricity="0.00" noise="72.59" route="routebottom" type="cfm-slow" waiting="0.00" lane="bottom_0" pos="28.28" speed="30.59" angle="43.60" x="116.90" y="20.40"/>
        <vehicle id="cfm-slow_4" eclass="HBEFA3/PC_G_EU4" CO2="0.00" CO="0.00" HC="0.00" NOx="0.00" PMx="0.00" fuel="0.00" electricity="0.00" noise="71.55" route="routebottom" type="cfm-slow" waiting="0.00" lane="right_0" pos="3.79" speed="28.47" angle="357.71" x="131.78" y="71.89"/>
        <vehicle id="cfm-slow_5" eclass="HBEFA3/PC_G_EU4" CO2="0.00" CO="0.00" HC="0.00" NOx="0.00" PMx="0.00" fuel="0.00" electricity="0.00" noise="70.90" route="routebottom" type="cfm-slow" waiting="0.00" lane="right_0" pos="27.08" speed="26.37" angle="315.79" x="108.91" y="115.23"/>
    </timestep>
    <timestep time="7.51">
        <vehicle id="cfm-fast_0" eclass="HBEFA3/PC_G_EU4" CO2="125565.35" CO="3518.59" HC="19.26" NOx="57.78" PMx="3.69" fuel="53.97" electricity="0.00" noise="111.18" route="routetop" type="cfm-fast" waiting="0.00" lane="left_1" pos="39.52" speed="70.31" angle="113.33" x="42.53" y="1.87"/>
        <vehicle id="cfm-fast_1" eclass="HBEFA3/PC_G_EU4" CO2="7115.85" CO="77.52" HC="0.53" NOx="2.69" PMx="0.14" fuel="3.06" electricity="0.00" noise="72.29" route="routebottom" type="cfm-fast" waiting="0.00" lane="right_0" pos="48.57" speed="25.31" angle="277.12" x="66.83" y="132.20"/>
        <vehicle id="cfm-fast_2" eclass="HBEFA3/PC_G_EU4" CO2="59745.22" CO="2368.69" HC="12.40" NOx="26.66" PMx="2.05" fuel="25.68" electricity="0.00" noise="96.51" route="routebottom" type="cfm-fast" waiting="0.00" lane="right_1" pos="1.62" speed="75.07" angle="1.58" x="128.88" y="67.00"/>
        <vehicle id="cfm-fast_3" eclass="HBEFA3/PC_G_EU4" CO2="15717.33" CO="256.37" HC="1.56" NOx="6.74" PMx="0.37" fuel="6.76" electricity="0.00" noise="75.91" route="routetop" type="cfm-fast" waiting="0.00" lane="top_0" pos="14.87" speed="25.79" angle="247.66" x="32.73" y="124.89"/>
        <vehicle id="cfm-fast_4" eclass="HBEFA3/PC_G_EU4" CO2="0.00" CO="0.00" HC="0.00" NOx="0.00" PMx="0.00" fuel="0.00" electricity="0.00" noise="89.61" route="routetop" type="cfm-fast" waiting="0.00" lane="top_1" pos="18.22" speed="75.79" angle="241.74" x="28.28" y="118.56"/>
        <vehicle id="cfm-fast_5" eclass="HBEFA3/PC_G_EU4" CO2="20502.92" CO="362.70" HC="2.16" NOx="8.96" PMx="0.50" fuel="8.81" electricity="0.00" noise="78.47" route="routetop" type="cfm-fast" waiting="0.00" lane="top_0" pos="31.80" speed="27.49" angle="217.29" x="5.98" y="100.81"/>
        <vehicle id="cfm-slow_0" eclass="HBEFA3/PC_G_EU4" CO2="19017.04" CO="345.41" HC="2.05" NOx="8.21" PMx="0.47" fuel="8.17" electricity="0.00" noise="77.98" route="routetop" type="cfm-slow" waiting="0.00" lane="left_0" pos="0.52" speed="29.64" angle="183.54" x="-4.92" y="62.45"/>
        <vehicle id="cfm-slow_1" eclass="HBEFA3/PC_G_EU4" CO2="10566.63" CO="184.25" HC="1.11" NOx="4.18" PMx="0.26" fuel="4.54" electricity="0.00" noise="75.46" route="routetop" type="cfm-slow" waiting="0.00" lane="left_0" pos="25.40" speed="31.29" angle="138.78" x="15.76" y="14.55"/>
        <vehicle id="cfm-slow_2" eclass="HBEFA3/PC_G_EU4" CO2="0.00" CO="0.00" HC="0.00" NOx="0.00" PMx="0.00" fuel="0.00" electricity="0.00" noise="73.61" route="routebottom" type="cfm-slow" waiting="0.00" lane="bottom_0" pos="1.86" speed="31.68" angle="91.14" x="67.75" y="-4.81"/>
        <vehicle id="cfm-slow_3" eclass="HBEFA3/PC_G_EU4" CO2="0.00" CO="0.00" HC="0.00" NOx="0.00" PMx="0.00" fuel="0.00" electricity="0.00" noise="72.58" route="routebottom" type="cfm-slow" waiting="0.00" lane="bottom_0" pos="28.59" speed="30.57" angle="43.03" x="117.31" y="20.91"/>
        <vehicle id="cfm-slow_4" eclass="HBEFA3/PC_G_EU4" CO2="0.00" CO="0.00" HC="0.00" NOx="0.00" PMx="0.00" fuel="0.00" electricity="0.00" noise="71.54" route="routebottom" type="cfm-slow" waiting="0.00" lane="right_0" pos="4.07" speed="28.45" angle="357.21" x="131.70" y="72.50"/>
        <vehicle id="cfm-slow_5" eclass="HBEFA3/PC_G_EU4" CO2="0.00" CO="0.00" HC="0.00" NOx="0.00" PMx="0.00" fuel="0.00" electricity="0.00" noise="70.91" route="routebottom" type="cfm-slow" waiting="0.00" lane="right_0" pos="27.34" speed="26.36" angle="315.29" x="108.47" y="115.60"/>
    </timestep>
    <timestep time="7.52">
        <vehicle id="cfm-fast_0" eclass="HBEFA3/PC_G_EU4" CO2="124971.88" CO="3508.45" HC="19.19" NOx="57.50" PMx="3.67" fuel="53.72" electricity="0.00" noise="111.03" route="routetop" type="cfm-fast" waiting="0.00" lane="left_1" pos="40.22" speed="70.36" angle="112.09" x="43.90" y="1.42"/>
        <vehicle id="cfm-fast_1" eclass="HBEFA3/PC_G_EU4" CO2="7196.36" CO="79.19" HC="0.54" NOx="2.73" PMx="0.15" fuel="3.09" electricity="0.00" noise="72.32" route="routebottom" type="cfm-fast" waiting="0.00" lane="right_0" pos="48.82" speed="25.31" angle="276.71" x="66.29" y="132.22"/>
        <vehicle id="cfm-fast_2" eclass="HBEFA3/PC_G_EU4" CO2="59316.94" CO="2360.38" HC="12.35" NOx="26.46" PMx="2.04" fuel="25.50" electricity="0.00" noise="96.43" route="routebottom" type="cfm-fast" waiting="0.00" lane="right_1" pos="2.37" speed="75.08" angle="0.22" x="128.79" y="68.54"/>
        <vehicle id="cfm-fast_3" eclass="HBEFA3/PC_G_EU4" CO2="15761.60" CO="257.35" HC="1.56" NOx="6.76" PMx="0.37" fuel="6.78" electricity="0.00" noise="75.94" route="routetop" type="cfm-fast" waiting="0.00" lane="top_0" pos="15.13" speed="25.81" angle="247.17" x="32.23" y="124.64"/>
        <vehicle id="cfm-fast_4" eclass="HBEFA3/PC_G_EU4" CO2="0.00" CO="0.00" HC="0.00" NOx="0.00" PMx="0.00" fuel="0.00" electricity="0.00" noise="89.64" route="routetop" type="cfm-fast" waiting="0.00" lane="top_1" pos="18.98" speed="75.78" angle="240.30" x="26.99" y="117.69"/>
        <vehicle id="cfm-fast_5" eclass="HBEFA3/PC_G_EU4" CO2="20491.92" CO="362.59" HC="2.16" NOx="8.95" PMx="0.50" fuel="8.81" electricity="0.00" noise="78.47" route="routetop" type="cfm-fast" waiting="0.00" lane="top_0" pos="32.08" speed="27.51" angle="216.86" x="5.66" y="100.32"/>
        <vehicle id="cfm-slow_0" eclass="HBEFA3/PC_G_EU4" CO2="18940.84" CO="343.96" HC="2.04" NOx="8.17" PMx="0.47" fuel="8.14" electricity="0.00" noise="77.95" route="routetop" type="cfm-slow" waiting="0.00" lane="left_0" pos="0.82" speed="29.65" angle="183.00" x="-4.91" y="61.81"/>
        <vehicle id="cfm-slow_1" eclass="HBEFA3/PC_G_EU4" CO2="10449.55" CO="181.88" HC="1.10" NOx="4.13" PMx="0.25" fuel="4.49" electricity="0.00" noise="75.43" route="routetop" type="cfm-slow" waiting="0.00" lane="left_0" pos="25.71" speed="31.29" angle="138.26" x="16.24" y="14.08"/>
        <vehicle id="cfm-slow_2" eclass="HBEFA3/PC_G_EU4" CO2="0.00" CO="0.00" HC="0.00" NOx="0.00" PMx="0.00" fuel="0.00" electricity="0.00" noise="73.60" route="routebottom" type="cfm-slow" waiting="0.00" lane="bottom_0" pos="2.17" speed="31.67" angle="90.57" x="68.43" y="-4.77"/>
        <vehicle id="cfm-slow_3" eclass="HBEFA3/PC_G_EU4" CO2="0.00" CO="0.00" HC="0.00" NOx="0.00" PMx="0.00" fuel="0.00" electricity="0.00" noise="72.57" route="routebottom" type="cfm-slow" waiting="0.00" lane="bottom_0" pos="28.89" speed="30.55" angle="42.47" x="117.71" y="21.43"/>
        <vehicle id="cfm-slow_4" eclass="HBEFA3/PC_G_EU4" CO2="0.00" CO="0.00" HC="0.00" NOx="0.00" PMx="0.00" fuel="0.00" electricity="0.00" noise="71.53" route="routebottom" type="cfm-slow" waiting="0.00" lane="right_0" pos="4.36" speed="28.43" angle="356.69" x="131.61" y="73.10"/>
        <vehicle id="cfm-slow_5" eclass="HBEFA3/PC_G_EU4" CO2="0.00" CO="0.00" HC="0.00" NOx="0.00" PMx="0.00" fuel="0.00" electricity="0.00" noise="70.91" route="routebottom" type="cfm-slow" waiting="0.00" lane="right_0" pos="27.61" speed="26.35" angle="314.80" x="108.04" y="115.97"/>
    </timestep>
    <timestep time="7.53">
        <vehicle id="cfm-fast_0" eclass="HBEFA3/PC_G_EU4" CO2="124379.15" CO="3498.30" HC="19.13" NOx="57.22" PMx="3.66" fuel="53.46" electricity="0.00" noise="110.89" route="routetop" type="cfm-fast" waiting="0.00" lane="left_1" pos="40.93" speed="70.41" angle="110.79" x="45.28" y="1.00"/>
        <vehicle id="cfm-fast_1" eclass="HBEFA3/PC_G_EU4" CO2="7276.54" CO="80.86" HC="0.55" NOx="2.76" PMx="0.15" fuel="3.13" electricity="0.00" noise="72.35" route="routebottom" type="cfm-fast" waiting="0.00" lane="right_0" pos="49.08" speed="25.32" angle="276.24" x="65.74" y="132.23"/>
        <vehicle id="cfm-fast_2" eclass="HBEFA3/PC_G_EU4" CO2="58894.97" CO="2352.19" HC="12.31" NOx="26.26" PMx="2.03" fuel="25.32" electricity="0.00" noise="96.34" route="routebottom" type="cfm-fast" waiting="0.00" lane="right_1" pos="3.12" speed="75.10" angle="358.90" x="128.65" y="70.07"/>
        <vehicle id="cfm-fast_3" eclass="HBEFA3/PC_G_EU4" CO2="15805.40" CO="258.31" HC="1.57" NOx="6.78" PMx="0.37" fuel="6.79" electricity="0.00" noise="75.96" route="routetop" type="cfm-fast" waiting="0.00" lane="top_0" pos="15.39" speed="25.82" angle="246.75" x="31.74" y="124.39"/>
        <vehicle id="cfm-fast_4" eclass="HBEFA3/PC_G_EU4" CO2="0.00" CO="0.00" HC="0.00" NOx="0.00" PMx="0.00" fuel="0.00" electricity="0.00" noise="89.67" route="routetop" type="cfm-fast" waiting="0.00" lane="top_1" pos="19.73" speed="75.77" angle="238.94" x="25.72" y="116.80"/>
        <vehicle id="cfm-fast_5" eclass="HBEFA3/PC_G_EU4" CO2="20480.33" CO="362.47" HC="2.16" NOx="8.94" PMx="0.50" fuel="8.80" electricity="0.00" noise="78.46" route="routetop" type="cfm-fast" waiting="0.00" lane="top_0" pos="32.35" speed="27.53" angle="216.33" x="5.35" y="99.81"/>
        <vehicle id="cfm-slow_0" eclass="HBEFA3/PC_G_EU4" CO2="18864.21" CO="342.50" HC="2.03" NOx="8.13" PMx="0.47" fuel="8.11" electricity="0.00" noise="77.92" route="routetop" type="cfm-slow" waiting="0.00" lane="left_0" pos="1.11" speed="29.67" angle="182.46" x="-4.90" y="61.17"/>
        <vehicle id="cfm-slow_1" eclass="HBEFA3/PC_G_EU4" CO2="10332.61" CO="179.52" HC="1.08" NOx="4.07" PMx="0.25" fuel="4.44" electricity="0.00" noise="75.40" route="routetop" type="cfm-slow" waiting="0.00" lane="left_0" pos="26.02" speed="31.30" angle="137.68" x="16.73" y="13.62"/>
        <vehicle id="cfm-slow_2" eclass="HBEFA3/PC_G_EU4" CO2="0.00" CO="0.00" HC="0.00" NOx="0.00" PMx="0.00" fuel="0.00" electricity="0.00" noise="73.58" route="routebottom" type="cfm-slow" waiting="0.00" lane="bottom_0" pos="2.49" speed="31.66" angle="90.01" x="69.11" y="-4.73"/>
        <vehicle id="cfm-slow_3" eclass="HBEFA3/PC_G_EU4" CO2="0.00" CO="0.00" HC="0.00" NOx="0.00" PMx="0.00" fuel="0.00" electricity="0.00" noise="72.56" route="routebottom" type="cfm-slow" waiting="0.00" lane="bottom_0" pos="29.20" speed="30.53" angle="41.90" x="118.12" y="21.95"/>
        <vehicle id="cfm-slow_4" eclass="HBEFA3/PC_G_EU4" CO2="0.00" CO="0.00" HC="0.00" NOx="0.00" PMx="0.00" fuel="0.00" electricity="0.00" noise="71.52" route="routebottom" type="cfm-slow" waiting="0.00" lane="right_0" pos="4.64" speed="28.41" angle="356.18" x="131.53" y="73.71"/>
        <vehicle id="cfm-slow_5" eclass="HBEFA3/PC_G_EU4" CO2="0.00" CO="0.00" HC="0.00" NOx="0.00" PMx="0.00" fuel="0.00" electricity="0.00" noise="70.92" route="routebottom" type="cfm-slow" waiting="0.00" lane="right_0" pos="27.87" speed="26.34" angle="314.30" x="107.61" y="116.33"/>
    </timestep>
    <timestep time="7.54">
        <vehicle id="cfm-fast_0" eclass="HBEFA3/PC_G_EU4" CO2="123787.21" CO="3488.17" HC="19.07" NOx="56.94" PMx="3.64" fuel="53.21" electricity="0.00" noise="110.74" route="routetop" type="cfm-fast" waiting="0.00" lane="left_1" pos="41.63" speed="70.46" angle="109.55" x="46.67" y="0.61"/>
        <vehicle id="cfm-fast_1" eclass="HBEFA3/PC_G_EU4" CO2="7356.39" CO="82.52" HC="0.56" NOx="2.80" PMx="0.15" fuel="3.16" electricity="0.00" noise="72.37" route="routebottom" type="cfm-fast" waiting="0.00" lane="right_0" pos="49.33" speed="25.32" angle="275.76" x="65.20" y="132.24"/>
        <vehicle id="cfm-fast_2" eclass="HBEFA3/PC_G_EU4" CO2="58479.25" CO="2344.13" HC="12.26" NOx="26.06" PMx="2.02" fuel="25.14" electricity="0.00" noise="96.26" route="routebottom" type="cfm-fast" waiting="0.00" lane="right_1" pos="3.87" speed="75.11" angle="357.57" x="128.49" y="71.61"/>
        <vehicle id="cfm-fast_3" eclass="HBEFA3/PC_G_EU4" CO2="15848.74" CO="259.27" HC="1.58" NOx="6.80" PMx="0.37" fuel="6.81" electricity="0.00" noise="75.99" route="routetop" type="cfm-fast" waiting="0.00" lane="top_0" pos="15.65" speed="25.84" angle="246.28" x="31.25" y="124.12"/>
        <vehicle id="cfm-fast_4" eclass="HBEFA3/PC_G_EU4" CO2="0.00" CO="0.00" HC="0.00" NOx="0.00" PMx="0.00" fuel="0.00" electricity="0.00" noise="89.70" route="routetop" type="cfm-fast" waiting="0.00" lane="top_1" pos="20.49" speed="75.76" angle="237.58" x="24.46" y="115.89"/>
        <vehicle id="cfm-fast_5" eclass="HBEFA3/PC_G_EU4" CO2="20468.16" CO="362.33" HC="2.16" NOx="8.94" PMx="0.50" fuel="8.80" electricity="0.00" noise="78.46" route="routetop" type="cfm-fast" waiting="0.00" lane="top_0" pos="32.63" speed="27.56" angle="215.81" x="5.05" y="99.30"/>
        <vehicle id="cfm-slow_0" eclass="HBEFA3/PC_G_EU4" CO2="18787.14" CO="341.04" HC="2.03" NOx="8.10" PMx="0.46" fuel="8.08" electricity="0.00" noise="77.89" route="routetop" type="cfm-slow" waiting="0.00" lane="left_0" pos="1.41" speed="29.69" angle="181.94" x="-4.87" y="60.54"/>
        <vehicle id="cfm-slow_1" eclass="HBEFA3/PC_G_EU4" CO2="10215.83" CO="177.16" HC="1.07" NOx="4.02" PMx="0.25" fuel="4.39" electricity="0.00" noise="75.38" route="routetop" type="cfm-slow" waiting="0.00" lane="left_0" pos="26.34" speed="31.30" angle="137.10" x="17.23" y="13.17"/>
        <vehicle id="cfm-slow_2" eclass="HBEFA3/PC_G_EU4" CO2="0.00" CO="0.00" HC="0.00" NOx="0.00" PMx="0.00" fuel="0.00" electricity="0.00" noise="73.57" route="routebottom" type="cfm-slow" waiting="0.00" lane="bottom_0" pos="2.81" speed="31.65" angle="89.46" x="69.79" y="-4.67"/>
        <vehicle id="cfm-slow_3" eclass="HBEFA3/PC_G_EU4" CO2="0.00" CO="0.00" HC="0.00" NOx="0.00" PMx="0.00" fuel="0.00" electricity="0.00" noise="72.55" route="routebottom" type="cfm-slow" waiting="0.00" lane="bottom_0" pos="29.50" speed="30.51" angle="41.40" x="118.52" y="22.46"/>
        <vehicle id="cfm-slow_4" eclass="HBEFA3/PC_G_EU4" CO2="0.00" CO="0.00" HC="0.00" NOx="0.00" PMx="0.00" fuel="0.00" electricity="0.00" noise="71.51" route="routebottom" type="cfm-slow" waiting="0.00" lane="right_0" pos="4.92" speed="28.39" angle="355.66" x="131.44" y="74.31"/>
        <vehicle id="cfm-slow_5" eclass="HBEFA3/PC_G_EU4" CO2="0.00" CO="0.00" HC="0.00" NOx="0.00" PMx="0.00" fuel="0.00" electricity="0.00" noise="70.92" route="routebottom" type="cfm-slow" waiting="0.00" lane="right_0" pos="28.13" speed="26.33" angle="313.84" x="107.18" y="116.70"/>
    </timestep>
    <timestep time="7.55">
        <vehicle id="cfm-fast_0" eclass="HBEFA3/PC_G_EU4" CO2="123196.12" CO="3478.03" HC="19.01" NOx="56.66" PMx="3.63" fuel="52.96" electricity="0.00" noise="110.60" route="routetop" type="cfm-fast" waiting="0.00" lane="left_1" pos="42.34" speed="70.51" angle="108.32" x="48.07" y="0.24"/>
        <vehicle id="cfm-fast_1" eclass="HBEFA3/PC_G_EU4" CO2="7435.91" CO="84.17" HC="0.57" NOx="2.84" PMx="0.15" fuel="3.20" electricity="0.00" noise="72.40" route="routebottom" type="cfm-fast" waiting="0.00" lane="right_0" pos="49.58" speed="25.33" angle="275.29" x="64.65" y="132.25"/>
        <vehicle id="cfm-fast_2" eclass="HBEFA3/PC_G_EU4" CO2="58069.74" CO="2336.18" HC="12.21" NOx="25.87" PMx="2.01" fuel="24.96" electricity="0.00" noise="96.18" route="routebottom" type="cfm-fast" waiting="0.00" lane="right_1" pos="4.62" speed="75.12" angle="356.20" x="128.27" y="73.13"/>
        <vehicle id="cfm-fast_3" eclass="HBEFA3/PC_G_EU4" CO2="15891.61" CO="260.22" HC="1.58" NOx="6.82" PMx="0.38" fuel="6.83" electricity="0.00" noise="76.01" route="routetop" type="cfm-fast" waiting="0.00" lane="top_0" pos="15.91" speed="25.86" angle="245.82" x="30.77" y="123.86"/>
        <vehicle id="cfm-fast_4" eclass="HBEFA3/PC_G_EU4" CO2="0.00" CO="0.00" HC="0.00" NOx="0.00" PMx="0.00" fuel="0.00" electricity="0.00" noise="89.73" route="routetop" type="cfm-fast" waiting="0.00" lane="top_1" pos="21.25" speed="75.76" angle="236.22" x="23.23" y="114.93"/>
        <vehicle id="cfm-fast_5" eclass="HBEFA3/PC_G_EU4" CO2="20455.40" CO="362.18" HC="2.16" NOx="8.93" PMx="0.50" fuel="8.79" electricity="0.00" noise="78.45" route="routetop" type="cfm-fast" waiting="0.00" lane="top_0" pos="32.90" speed="27.58" angle="215.29" x="4.74" y="98.79"/>
        <vehicle id="cfm-slow_0" eclass="HBEFA3/PC_G_EU4" CO2="18709.65" CO="339.56" HC="2.02" NOx="8.06" PMx="0.46" fuel="8.04" electricity="0.00" noise="77.85" route="routetop" type="cfm-slow" waiting="0.00" lane="left_0" pos="1.71" speed="29.71" angle="181.41" x="-4.83" y="59.90"/>
        <vehicle id="cfm-slow_1" eclass="HBEFA3/PC_G_EU4" CO2="10099.22" CO="174.80" HC="1.05" NOx="3.96" PMx="0.24" fuel="4.34" electricity="0.00" noise="75.35" route="routetop" type="cfm-slow" waiting="0.00" lane="left_0" pos="26.65" speed="31.31" angle="136.52" x="17.72" y="12.71"/>
        <vehicle id="cfm-slow_2" eclass="HBEFA3/PC_G_EU4" CO2="0.00" CO="0.00" HC="0.00" NOx="0.00" PMx="0.00" fuel="0.00" electricity="0.00" noise="73.56" route="routebottom" type="cfm-slow" waiting="0.00" lane="bottom_0" pos="3.12" speed="31.64" angle="88.89" x="70.47" y="-4.60"/>
        <vehicle id="cfm-slow_3" eclass="HBEFA3/PC_G_EU4" CO2="0.00" CO="0.00" HC="0.00" NOx="0.00" PMx="0.00" fuel="0.00" electricity="0.00" noise="72.54" route="routebottom" type="cfm-slow" waiting="0.00" lane="bottom_0" pos="29.81" speed="30.49" angle="40.84" x="118.90" y="23.00"/>
        <vehicle id="cfm-slow_4" eclass="HBEFA3/PC_G_EU4" CO2="0.00" CO="0.00" HC="0.00" NOx="0.00" PMx="0.00" fuel="0.00" electricity="0.00" noise="71.51" route="routebottom" type="cfm-slow" waiting="0.00" lane="right_0" pos="5.21" speed="28.37" angle="355.10" x="131.34" y="74.91"/>
        <vehicle id="cfm-slow_5" eclass="HBEFA3/PC_G_EU4" CO2="0.00" CO="0.00" HC="0.00" NOx="0.00" PMx="0.00" fuel="0.00" electricity="0.00" noise="70.93" route="routebottom" type="cfm-slow" waiting="0.00" lane="right_0" pos="28.40" speed="26.32" angle="313.39" x="106.74" y="117.06"/>
    </timestep>
    <timestep time="7.56">
        <vehicle id="cfm-fast_0" eclass="HBEFA3/PC_G_EU4" CO2="122605.94" CO="3467.90" HC="18.95" NOx="56.38" PMx="3.61" fuel="52.70" electricity="0.00" noise="110.46" route="routetop" type="cfm-fast" waiting="0.00" lane="left_1" pos="43.04" speed="70.56" angle="107.06" x="49.48" y="-0.08"/>
        <vehicle id="cfm-fast_1" eclass="HBEFA3/PC_G_EU4" CO2="7515.10" CO="85.82" HC="0.58" NOx="2.88" PMx="0.16" fuel="3.23" electricity="0.00" noise="72.43" route="routebottom" type="cfm-fast" waiting="0.00" lane="right_0" pos="49.84" speed="25.33" angle="274.82" x="64.11" y="132.26"/>
        <vehicle id="cfm-fast_2" eclass="HBEFA3/PC_G_EU4" CO2="57666.36" CO="2328.34" HC="12.17" NOx="25.68" PMx="2.00" fuel="24.79" electricity="0.00" noise="96.10" route="routebottom" type="cfm-fast" waiting="0.00" lane="right_1" pos="5.37" speed="75.13" angle="354.85" x="128.04" y="74.65"/>
        <vehicle id="cfm-fast_3" eclass="HBEFA3/PC_G_EU4" CO2="15934.01" CO="261.16" HC="1.59" NOx="6.84" PMx="0.38" fuel="6.85" electricity="0.00" noise="76.03" route="routetop" type="cfm-fast" waiting="0.00" lane="top_0" pos="16.17" speed="25.87" angle="245.35" x="30.28" y="123.59"/>
        <vehicle id="cfm-fast_4" eclass="HBEFA3/PC_G_EU4" CO2="0.00" CO="0.00" HC="0.00" NOx="0.00" PMx="0.00" fuel="0.00" electricity="0.00" noise="89.76" route="routetop" type="cfm-fast" waiting="0.00" lane="top_1" pos="22.01" speed="75.75" angle="234.88" x="22.02" y="113.96"/>
        <vehicle id="cfm-fast_5" eclass="HBEFA3/PC_G_EU4" CO2="20442.07" CO="362.03" HC="2.16" NOx="8.92" PMx="0.50" fuel="8.79" electricity="0.00" noise="78.45" route="routetop" type="cfm-fast" waiting="0.00" lane="top_0" pos="33.18" speed="27.60" angle="214.77" x="4.43" y="98.28"/>
        <vehicle id="cfm-slow_0" eclass="HBEFA3/PC_G_EU4" CO2="18631.74" CO="338.08" HC="2.01" NOx="8.02" PMx="0.46" fuel="8.01" electricity="0.00" noise="77.82" route="routetop" type="cfm-slow" waiting="0.00" lane="left_0" pos="2.01" speed="29.72" angle="180.88" x="-4.79" y="59.26"/>
        <vehicle id="cfm-slow_1" eclass="HBEFA3/PC_G_EU4" CO2="9982.77" CO="172.44" HC="1.04" NOx="3.91" PMx="0.24" fuel="4.29" electricity="0.00" noise="75.32" route="routetop" type="cfm-slow" waiting="0.00" lane="left_0" pos="26.96" speed="31.31" angle="136.00" x="18.22" y="12.26"/>
        <vehicle id="cfm-slow_2" eclass="HBEFA3/PC_G_EU4" CO2="0.00" CO="0.00" HC="0.00" NOx="0.00" PMx="0.00" fuel="0.00" electricity="0.00" noise="73.55" route="routebottom" type="cfm-slow" waiting="0.00" lane="bottom_0" pos="3.44" speed="31.63" angle="88.32" x="71.15" y="-4.53"/>
        <vehicle id="cfm-slow_3" eclass="HBEFA3/PC_G_EU4" CO2="0.00" CO="0.00" HC="0.00" NOx="0.00" PMx="0.00" fuel="0.00" electricity="0.00" noise="72.53" route="routebottom" type="cfm-slow" waiting="0.00" lane="bottom_0" pos="30.11" speed="30.47" angle="40.28" x="119.29" y="23.53"/>
        <vehicle id="cfm-slow_4" eclass="HBEFA3/PC_G_EU4" CO2="0.00" CO="0.00" HC="0.00" NOx="0.00" PMx="0.00" fuel="0.00" electricity="0.00" noise="71.50" route="routebottom" type="cfm-slow" waiting="0.00" lane="right_0" pos="5.49" speed="28.35" angle="354.57" x="131.23" y="75.51"/>
        <vehicle id="cfm-slow_5" eclass="HBEFA3/PC_G_EU4" CO2="0.00" CO="0.00" HC="0.00" NOx="0.00" PMx="0.00" fuel="0.00" electricity="0.00" noise="70.93" route="routebottom" type="cfm-slow" waiting="0.00" lane="right_0" pos="28.66" speed="26.31" angle="312.91" x="106.29" y="117.40"/>
    </timestep>
    <timestep time="7.57">
        <vehicle id="cfm-fast_0" eclass="HBEFA3/PC_G_EU4" CO2="122016.72" CO="3457.78" HC="18.89" NOx="56.10" PMx="3.60" fuel="52.45" electricity="0.00" noise="110.31" route="routetop" type="cfm-fast" waiting="0.00" lane="left_1" pos="43.75" speed="70.61" angle="105.83" x="50.89" y="-0.38"/>
        <vehicle id="cfm-fast_1" eclass="HBEFA3/PC_G_EU4" CO2="7593.96" CO="87.46" HC="0.59" NOx="2.91" PMx="0.16" fuel="3.26" electricity="0.00" noise="72.45" route="routetop" type="cfm-fast" waiting="0.00" lane="top_0" pos="0.09" speed="25.34" angle="274.31" x="63.37" y="132.27"/>
        <vehicle id="cfm-fast_2" eclass="HBEFA3/PC_G_EU4" CO2="57269.08" CO="2320.63" HC="12.12" NOx="25.49" PMx="1.99" fuel="24.62" electricity="0.00" noise="96.02" route="routebottom" type="cfm-fast" waiting="0.00" lane="right_1" pos="6.12" speed="75.14" angle="353.47" x="127.76" y="76.17"/>
        <vehicle id="cfm-fast_3" eclass="HBEFA3/PC_G_EU4" CO2="15975.94" CO="262.09" HC="1.59" NOx="6.86" PMx="0.38" fuel="6.87" electricity="0.00" noise="76.06" route="routetop" type="cfm-fast" waiting="0.00" lane="top_0" pos="16.42" speed="25.89" angle="244.88" x="29.79" y="123.32"/>
        <vehicle id="cfm-fast_4" eclass="HBEFA3/PC_G_EU4" CO2="0.00" CO="0.00" HC="0.00" NOx="0.00" PMx="0.00" fuel="0.00" electricity="0.00" noise="89.79" route="routetop" type="cfm-fast" waiting="0.00" lane="top_1" pos="22.76" speed="75.74" angle="233.46" x="20.84" y="112.96"/>
        <vehicle id="cfm-fast_5" eclass="HBEFA3/PC_G_EU4" CO2="20428.16" CO="361.85" HC="2.16" NOx="8.92" PMx="0.50" fuel="8.78" electricity="0.00" noise="78.44" route="routetop" type="cfm-fast" waiting="0.00" lane="top_0" pos="33.45" speed="27.62" angle="214.32" x="4.13" y="97.77"/>
        <vehicle id="cfm-slow_0" eclass="HBEFA3/PC_G_EU4" CO2="18553.42" CO="336.58" HC="2.00" NOx="7.99" PMx="0.46" fuel="7.98" electricity="0.00" noise="77.79" route="routetop" type="cfm-slow" waiting="0.00" lane="left_0" pos="2.30" speed="29.74" angle="180.34" x="-4.76" y="58.62"/>
        <vehicle id="cfm-slow_1" eclass="HBEFA3/PC_G_EU4" CO2="9866.51" CO="170.08" HC="1.03" NOx="3.85" PMx="0.24" fuel="4.24" electricity="0.00" noise="75.29" route="routetop" type="cfm-slow" waiting="0.00" lane="left_0" pos="27.27" speed="31.31" angle="135.42" x="18.74" y="11.82"/>
        <vehicle id="cfm-slow_2" eclass="HBEFA3/PC_G_EU4" CO2="0.00" CO="0.00" HC="0.00" NOx="0.00" PMx="0.00" fuel="0.00" electricity="0.00" noise="73.53" route="routebottom" type="cfm-slow" waiting="0.00" lane="bottom_0" pos="3.76" speed="31.62" angle="87.76" x="71.82" y="-4.46"/>
        <vehicle id="cfm-slow_3" eclass="HBEFA3/PC_G_EU4" CO2="0.00" CO="0.00" HC="0.00" NOx="0.00" PMx="0.00" fuel="0.00" electricity="0.00" noise="72.52" route="routebottom" type="cfm-slow" waiting="0.00" lane="bottom_0" pos="30.42" speed="30.45" angle="39.72" x="119.67" y="24.06"/>
        <vehicle id="cfm-slow_4" eclass="HBEFA3/PC_G_EU4" CO2="0.00" CO="0.00" HC="0.00" NOx="0.00" PMx="0.00" fuel="0.00" electricity="0.00" noise="71.49" route="routebottom" type="cfm-slow" waiting="0.00" lane="right_0" pos="5.77" speed="28.33" angle="354.04" x="131.12" y="76.11"/>
        <vehicle id="cfm-slow_5" eclass="HBEFA3/PC_G_EU4" CO2="0.00" CO="0.00" HC="0.00" NOx="0.00" PMx="0.00" fuel="0.00" electricity="0.00" noise="70.94" route="routebottom" type="cfm-slow" waiting="0.00" lane="right_0" pos="28.92" speed="26.30" angle="312.43" x="105.85" y="117.75"/>
    </timestep>
    <timestep time="7.58">
        <vehicle id="cfm-fast_0" eclass="HBEFA3/PC_G_EU4" CO2="121428.51" CO="3447.66" HC="18.83" NOx="55.82" PMx="3.58" fuel="52.20" electricity="0.00" noise="110.17" route="routetop" type="cfm-fast" waiting="0.00" lane="left_1" pos="44.45" speed="70.65" angle="104.51" x="52.32" y="-0.65"/>
        <vehicle id="cfm-fast_1" eclass="HBEFA3/PC_G_EU4" CO2="7672.49" CO="89.09" HC="0.60" NOx="2.95" PMx="0.16" fuel="3.30" electricity="0.00" noise="72.48" route="routetop" type="cfm-fast" waiting="0.00" lane="top_0" pos="0.34" speed="25.34" angle="273.85" x="62.83" y="132.26"/>
        <vehicle id="cfm-fast_2" eclass="HBEFA3/PC_G_EU4" CO2="56877.82" CO="2313.02" HC="12.08" NOx="25.31" PMx="1.98" fuel="24.45" electricity="0.00" noise="95.94" route="routebottom" type="cfm-fast" waiting="0.00" lane="right_1" pos="6.87" speed="75.15" angle="352.10" x="127.44" y="77.68"/>
        <vehicle id="cfm-fast_3" eclass="HBEFA3/PC_G_EU4" CO2="16017.40" CO="263.01" HC="1.60" NOx="6.87" PMx="0.38" fuel="6.89" electricity="0.00" noise="76.08" route="routetop" type="cfm-fast" waiting="0.00" lane="top_0" pos="16.68" speed="25.91" angle="244.47" x="29.30" y="123.05"/>
        <vehicle id="cfm-fast_4" eclass="HBEFA3/PC_G_EU4" CO2="0.00" CO="0.00" HC="0.00" NOx="0.00" PMx="0.00" fuel="0.00" electricity="0.00" noise="89.83" route="routetop" type="cfm-fast" waiting="0.00" lane="top_1" pos="23.52" speed="75.73" angle="232.14" x="19.68" y="111.93"/>
        <vehicle id="cfm-fast_5" eclass="HBEFA3/PC_G_EU4" CO2="20413.67" CO="361.67" HC="2.16" NOx="8.91" PMx="0.50" fuel="8.77" electricity="0.00" noise="78.44" route="routetop" type="cfm-fast" waiting="0.00" lane="top_0" pos="33.73" speed="27.64" angle="213.82" x="3.85" y="97.25"/>
        <vehicle id="cfm-slow_0" eclass="HBEFA3/PC_G_EU4" CO2="18474.69" CO="335.08" HC="1.99" NOx="7.95" PMx="0.46" fuel="7.94" electricity="0.00" noise="77.76" route="routetop" type="cfm-slow" waiting="0.00" lane="left_0" pos="2.60" speed="29.75" angle="179.83" x="-4.71" y="57.98"/>
        <vehicle id="cfm-slow_1" eclass="HBEFA3/PC_G_EU4" CO2="9750.43" CO="167.73" HC="1.01" NOx="3.80" PMx="0.24" fuel="4.19" electricity="0.00" noise="75.27" route="routetop" type="cfm-slow" waiting="0.00" lane="left_0" pos="27.59" speed="31.32" angle="134.84" x="19.25" y="11.38"/>
        <vehicle id="cfm-slow_2" eclass="HBEFA3/PC_G_EU4" CO2="0.00" CO="0.00" HC="0.00" NOx="0.00" PMx="0.00" fuel="0.00" electricity="0.00" noise="73.52" route="routebottom" type="cfm-slow" waiting="0.00" lane="bottom_0" pos="4.07" speed="31.61" angle="87.20" x="72.50" y="-4.37"/>
        <vehicle id="cfm-slow_3" eclass="HBEFA3/PC_G_EU4" CO2="0.00" CO="0.00" HC="0.00" NOx="0.00" PMx="0.00" fuel="0.00" electricity="0.00" noise="72.51" route="routebottom" type="cfm-slow" waiting="0.00" lane="bottom_0" pos="30.72" speed="30.43" angle="39.20" x="120.06" y="24.59"/>
        <vehicle id="cfm-slow_4" eclass="HBEFA3/PC_G_EU4" CO2="0.00" CO="0.00" HC="0.00" NOx="0.00" PMx="0.00" fuel="0.00" electricity="0.00" noise="71.48" route="routebottom" type="cfm-slow" waiting="0.00" lane="right_0" pos="6.06" speed="28.31" angle="353.51" x="131.01" y="76.71"/>
        <vehicle id="cfm-slow_5" eclass="HBEFA3/PC_G_EU4" CO2="0.00" CO="0.00" HC="0.00" NOx="0.00" PMx="0.00" fuel="0.00" electricity="0.00" noise="70.94" route="routebottom" type="cfm-slow" waiting="0.00" lane="right_0" pos="29.19" speed="26.29" angle="311.96" x="105.40" y="118.10"/>
    </timestep>
    <timestep time="7.59">
        <vehicle id="cfm-fast_0" eclass="HBEFA3/PC_G_EU4" CO2="120841.36" CO="3437.55" HC="18.77" NOx="55.54" PMx="3.57" fuel="51.94" electricity="0.00" noise="110.03" route="routetop" type="cfm-fast" waiting="0.00" lane="left_1" pos="45.16" speed="70.70" angle="103.27" x="53.75" y="-0.89"/>
        <vehicle id="cfm-fast_1" eclass="HBEFA3/PC_G_EU4" CO2="7750.69" CO="90.72" HC="0.61" NOx="2.99" PMx="0.16" fuel="3.33" electricity="0.00" noise="72.51" route="routetop" type="cfm-fast" waiting="0.00" lane="top_0" pos="0.60" speed="25.35" angle="273.39" x="62.28" y="132.25"/>
        <vehicle id="cfm-fast_2" eclass="HBEFA3/PC_G_EU4" CO2="56492.53" CO="2305.53" HC="12.03" NOx="25.12" PMx="1.97" fuel="24.28" electricity="0.00" noise="95.86" route="routebottom" type="cfm-fast" waiting="0.00" lane="right_1" pos="7.63" speed="75.16" angle="350.70" x="127.10" y="79.18"/>
        <vehicle id="cfm-fast_3" eclass="HBEFA3/PC_G_EU4" CO2="16058.39" CO="263.92" HC="1.60" NOx="6.89" PMx="0.38" fuel="6.90" electricity="0.00" noise="76.10" route="routetop" type="cfm-fast" waiting="0.00" lane="top_0" pos="16.94" speed="25.92" angle="244.00" x="28.82" y="122.76"/>
        <vehicle id="cfm-fast_4" eclass="HBEFA3/PC_G_EU4" CO2="0.00" CO="0.00" HC="0.00" NOx="0.00" PMx="0.00" fuel="0.00" electricity="0.00" noise="89.86" route="routetop" type="cfm-fast" waiting="0.00" lane="top_1" pos="24.28" speed="75.72" angle="230.77" x="18.54" y="110.87"/>
        <vehicle id="cfm-fast_5" eclass="HBEFA3/PC_G_EU4" CO2="20398.60" CO="361.48" HC="2.16" NOx="8.90" PMx="0.50" fuel="8.77" electricity="0.00" noise="78.43" route="routetop" type="cfm-fast" waiting="0.00" lane="top_0" pos="34.01" speed="27.66" angle="213.31" x="3.56" y="96.73"/>
        <vehicle id="cfm-slow_0" eclass="HBEFA3/PC_G_EU4" CO2="18395.55" CO="333.57" HC="1.98" NOx="7.91" PMx="0.45" fuel="7.91" electricity="0.00" noise="77.73" route="routetop" type="cfm-slow" waiting="0.00" lane="left_0" pos="2.90" speed="29.77" angle="179.30" x="-4.65" y="57.34"/>
        <vehicle id="cfm-slow_1" eclass="HBEFA3/PC_G_EU4" CO2="9634.54" CO="165.38" HC="1.00" NOx="3.74" PMx="0.23" fuel="4.14" electricity="0.00" noise="75.24" route="routetop" type="cfm-slow" waiting="0.00" lane="left_0" pos="27.90" speed="31.32" angle="134.25" x="19.76" y="10.95"/>
        <vehicle id="cfm-slow_2" eclass="HBEFA3/PC_G_EU4" CO2="0.00" CO="0.00" HC="0.00" NOx="0.00" PMx="0.00" fuel="0.00" electricity="0.00" noise="73.51" route="routebottom" type="cfm-slow" waiting="0.00" lane="bottom_0" pos="4.39" speed="31.60" angle="86.63" x="73.17" y="-4.28"/>
        <vehicle id="cfm-slow_3" eclass="HBEFA3/PC_G_EU4" CO2="0.00" CO="0.00" HC="0.00" NOx="0.00" PMx="0.00" fuel="0.00" electricity="0.00" noise="72.50" route="routebottom" type="cfm-slow" waiting="0.00" lane="bottom_0" pos="31.03" speed="30.41" angle="38.68" x="120.42" y="25.13"/>
        <vehicle id="cfm-slow_4" eclass="HBEFA3/PC_G_EU4" CO2="0.00" CO="0.00" HC="0.00" NOx="0.00" PMx="0.00" fuel="0.00" electricity="0.00" noise="71.48" route="routebottom" type="cfm-slow" waiting="0.00" lane="right_0" pos="6.34" speed="28.29" angle="353.03" x="130.90" y="77.31"/>
        <vehicle id="cfm-slow_5" eclass="HBEFA3/PC_G_EU4" CO2="0.00" CO="0.00" HC="0.00" NOx="0.00" PMx="0.00" fuel="0.00" electricity="0.00" noise="70.95" route="routebottom" type="cfm-slow" waiting="0.00" lane="right_0" pos="29.45" speed="26.28" angle="311.52" x="104.96" y="118.45"/>
    </timestep>
    <timestep time="7.60">
        <vehicle id="cfm-fast_0" eclass="HBEFA3/PC_G_EU4" CO2="120255.33" CO="3427.45" HC="18.71" NOx="55.27" PMx="3.55" fuel="51.69" electricity="0.00" noise="109.89" route="routetop" type="cfm-fast" waiting="0.00" lane="left_1" pos="45.87" speed="70.75" angle="101.97" x="55.18" y="-1.09"/>
        <vehicle id="cfm-fast_1" eclass="HBEFA3/PC_G_EU4" CO2="7828.55" CO="92.34" HC="0.62" NOx="3.02" PMx="0.16" fuel="3.37" electricity="0.00" noise="72.54" route="routetop" type="cfm-fast" waiting="0.00" lane="top_0" pos="0.85" speed="25.35" angle="272.93" x="61.74" y="132.24"/>
        <vehicle id="cfm-fast_2" eclass="HBEFA3/PC_G_EU4" CO2="56113.15" CO="2298.16" HC="11.99" NOx="24.94" PMx="1.96" fuel="24.12" electricity="0.00" noise="95.78" route="routebottom" type="cfm-fast" waiting="0.00" lane="right_1" pos="8.38" speed="75.17" angle="349.38" x="126.71" y="80.67"/>
        <vehicle id="cfm-fast_3" eclass="HBEFA3/PC_G_EU4" CO2="16098.91" CO="264.83" HC="1.61" NOx="6.91" PMx="0.38" fuel="6.92" electricity="0.00" noise="76.12" route="routetop" type="cfm-fast" waiting="0.00" lane="top_0" pos="17.20" speed="25.94" angle="243.53" x="28.35" y="122.47"/>
        <vehicle id="cfm-fast_4" eclass="HBEFA3/PC_G_EU4" CO2="0.00" CO="0.00" HC="0.00" NOx="0.00" PMx="0.00" fuel="0.00" electricity="0.00" noise="89.89" route="routetop" type="cfm-fast" waiting="0.00" lane="top_1" pos="25.04" speed="75.72" angle="229.45" x="17.43" y="109.78"/>
        <vehicle id="cfm-fast_5" eclass="HBEFA3/PC_G_EU4" CO2="20382.95" CO="361.27" HC="2.15" NOx="8.89" PMx="0.50" fuel="8.76" electricity="0.00" noise="78.42" route="routetop" type="cfm-fast" waiting="0.00" lane="top_0" pos="34.28" speed="27.68" angle="212.81" x="3.27" y="96.21"/>
        <vehicle id="cfm-slow_0" eclass="HBEFA3/PC_G_EU4" CO2="18316.01" CO="332.05" HC="1.97" NOx="7.87" PMx="0.45" fuel="7.87" electricity="0.00" noise="77.70" route="routetop" type="cfm-slow" waiting="0.00" lane="left_0" pos="3.20" speed="29.79" angle="178.76" x="-4.58" y="56.71"/>
        <vehicle id="cfm-slow_1" eclass="HBEFA3/PC_G_EU4" CO2="9518.84" CO="163.03" HC="0.99" NOx="3.69" PMx="0.23" fuel="4.09" electricity="0.00" noise="75.21" route="routetop" type="cfm-slow" waiting="0.00" lane="left_0" pos="28.21" speed="31.33" angle="133.73" x="20.28" y="10.51"/>
        <vehicle id="cfm-slow_2" eclass="HBEFA3/PC_G_EU4" CO2="0.00" CO="0.00" HC="0.00" NOx="0.00" PMx="0.00" fuel="0.00" electricity="0.00" noise="73.50" route="routebottom" type="cfm-slow" waiting="0.00" lane="bottom_0" pos="4.70" speed="31.59" angle="86.06" x="73.84" y="-4.18"/>
        <vehicle id="cfm-slow_3" eclass="HBEFA3/PC_G_EU4" CO2="0.00" CO="0.00" HC="0.00" NOx="0.00" PMx="0.00" fuel="0.00" electricity="0.00" noise="72.49" route="routebottom" type="cfm-slow" waiting="0.00" lane="bottom_0" pos="31.33" speed="30.39" angle="38.13" x="120.79" y="25.67"/>
        <vehicle id="cfm-slow_4" eclass="HBEFA3/PC_G_EU4" CO2="0.00" CO="0.00" HC="0.00" NOx="0.00" PMx="0.00" fuel="0.00" electricity="0.00" noise="71.47" route="routebottom" type="cfm-slow" waiting="0.00" lane="right_0" pos="6.62" speed="28.27" angle="352.52" x="130.77" y="77.90"/>
        <vehicle id="cfm-slow_5" eclass="HBEFA3/PC_G_EU4" CO2="0.00" CO="0.00" HC="0.00" NOx="0.00" PMx="0.00" fuel="0.00" electricity="0.00" noise="70.95" route="routebottom" type="cfm-slow" waiting="0.00" lane="right_0" pos="29.71" speed="26.27" angle="311.05" x="104.50" y="118.78"/>
    </timestep>
    <timestep time="7.61">
        <vehicle id="cfm-fast_0" eclass="HBEFA3/PC_G_EU4" CO2="119670.47" CO="3417.36" HC="18.65" NOx="54.99" PMx="3.54" fuel="51.44" electricity="0.00" noise="109.74" route="routetop" type="cfm-fast" waiting="0.00" lane="left_1" pos="46.58" speed="70.80" angle="100.73" x="56.62" y="-1.26"/>
        <vehicle id="cfm-fast_1" eclass="HBEFA3/PC_G_EU4" CO2="7906.07" CO="93.96" HC="0.62" NOx="3.06" PMx="0.17" fuel="3.40" electricity="0.00" noise="72.56" route="routetop" type="cfm-fast" waiting="0.00" lane="top_0" pos="1.11" speed="25.36" angle="272.47" x="61.19" y="132.23"/>
        <vehicle id="cfm-fast_2" eclass="HBEFA3/PC_G_EU4" CO2="55739.63" CO="2290.89" HC="11.95" NOx="24.77" PMx="1.95" fuel="23.96" electricity="0.00" noise="95.71" route="routebottom" type="cfm-fast" waiting="0.00" lane="right_1" pos="9.13" speed="75.18" angle="348.08" x="126.30" y="82.16"/>
        <vehicle id="cfm-fast_3" eclass="HBEFA3/PC_G_EU4" CO2="16138.95" CO="265.72" HC="1.61" NOx="6.93" PMx="0.38" fuel="6.94" electricity="0.00" noise="76.15" route="routetop" type="cfm-fast" waiting="0.00" lane="top_0" pos="17.46" speed="25.96" angle="243.06" x="27.87" y="122.19"/>
        <vehicle id="cfm-fast_4" eclass="HBEFA3/PC_G_EU4" CO2="0.00" CO="0.00" HC="0.00" NOx="0.00" PMx="0.00" fuel="0.00" electricity="0.00" noise="89.92" route="routetop" type="cfm-fast" waiting="0.00" lane="top_1" pos="25.79" speed="75.71" angle="228.13" x="16.34" y="108.68"/>
        <vehicle id="cfm-fast_5" eclass="HBEFA3/PC_G_EU4" CO2="20366.73" CO="361.05" HC="2.15" NOx="8.89" PMx="0.50" fuel="8.75" electricity="0.00" noise="78.42" route="routetop" type="cfm-fast" waiting="0.00" lane="top_0" pos="34.56" speed="27.70" angle="212.34" x="2.98" y="95.69"/>
        <vehicle id="cfm-slow_0" eclass="HBEFA3/PC_G_EU4" CO2="18236.08" CO="330.52" HC="1.96" NOx="7.84" PMx="0.45" fuel="7.84" electricity="0.00" noise="77.67" route="routetop" type="cfm-slow" waiting="0.00" lane="left_0" pos="3.49" speed="29.80" angle="178.23" x="-4.52" y="56.07"/>
        <vehicle id="cfm-slow_1" eclass="HBEFA3/PC_G_EU4" CO2="9403.35" CO="160.68" HC="0.97" NOx="3.64" PMx="0.23" fuel="4.04" electricity="0.00" noise="75.19" route="routetop" type="cfm-slow" waiting="0.00" lane="left_0" pos="28.53" speed="31.33" angle="133.15" x="20.81" y="10.10"/>
        <vehicle id="cfm-slow_2" eclass="HBEFA3/PC_G_EU4" CO2="0.00" CO="0.00" HC="0.00" NOx="0.00" PMx="0.00" fuel="0.00" electricity="0.00" noise="73.49" route="routebottom" type="cfm-slow" waiting="0.00" lane="bottom_0" pos="5.02" speed="31.58" angle="85.42" x="74.52" y="-4.09"/>
        <vehicle id="cfm-slow_3" eclass="HBEFA3/PC_G_EU4" CO2="0.00" CO="0.00" HC="0.00" NOx="0.00" PMx="0.00" fuel="0.00" electricity="0.00" noise="72.48" route="routebottom" type="cfm-slow" waiting="0.00" lane="bottom_0" pos="31.63" speed="30.37" angle="37.58" x="121.15" y="26.22"/>
        <vehicle id="cfm-slow_4" eclass="HBEFA3/PC_G_EU4" CO2="0.00" CO="0.00" HC="0.00" NOx="0.00" PMx="0.00" fuel="0.00" electricity="0.00" noise="71.46" route="routebottom" type="cfm-slow" waiting="0.00" lane="right_0" pos="6.91" speed="28.25" angle="351.99" x="130.64" y="78.50"/>
        <vehicle id="cfm-slow_5" eclass="HBEFA3/PC_G_EU4" CO2="0.00" CO="0.00" HC="0.00" NOx="0.00" PMx="0.00" fuel="0.00" electricity="0.00" noise="70.96" route="routebottom" type="cfm-slow" waiting="0.00" lane="right_0" pos="29.97" speed="26.26" angle="310.56" x="104.04" y="119.11"/>
    </timestep>
    <timestep time="7.62">
        <vehicle id="cfm-fast_0" eclass="HBEFA3/PC_G_EU4" CO2="119086.83" CO="3407.28" HC="18.59" NOx="54.71" PMx="3.53" fuel="51.19" electricity="0.00" noise="109.60" route="routetop" type="cfm-fast" waiting="0.00" lane="left_1" pos="47.28" speed="70.84" angle="99.40" x="58.07" y="-1.41"/>
        <vehicle id="cfm-fast_1" eclass="HBEFA3/PC_G_EU4" CO2="7983.26" CO="95.57" HC="0.63" NOx="3.10" PMx="0.17" fuel="3.43" electricity="0.00" noise="72.59" route="routetop" type="cfm-fast" waiting="0.00" lane="top_0" pos="1.36" speed="25.36" angle="272.04" x="60.65" y="132.20"/>
        <vehicle id="cfm-fast_2" eclass="HBEFA3/PC_G_EU4" CO2="55371.91" CO="2283.74" HC="11.91" NOx="24.59" PMx="1.94" fuel="23.80" electricity="0.00" noise="95.64" route="routebottom" type="cfm-fast" waiting="0.00" lane="right_1" pos="9.88" speed="75.19" angle="346.71" x="125.84" y="83.63"/>
        <vehicle id="cfm-fast_3" eclass="HBEFA3/PC_G_EU4" CO2="16178.51" CO="266.60" HC="1.62" NOx="6.95" PMx="0.38" fuel="6.95" electricity="0.00" noise="76.17" route="routetop" type="cfm-fast" waiting="0.00" lane="top_0" pos="17.72" speed="25.97" angle="242.60" x="27.39" y="121.90"/>
        <vehicle id="cfm-fast_4" eclass="HBEFA3/PC_G_EU4" CO2="0.00" CO="0.00" HC="0.00" NOx="0.00" PMx="0.00" fuel="0.00" electricity="0.00" noise="89.95" route="routetop" type="cfm-fast" waiting="0.00" lane="top_1" pos="26.55" speed="75.70" angle="226.73" x="15.29" y="107.53"/>
        <vehicle id="cfm-fast_5" eclass="HBEFA3/PC_G_EU4" CO2="20349.93" CO="360.82" HC="2.15" NOx="8.88" PMx="0.50" fuel="8.75" electricity="0.00" noise="78.41" route="routetop" type="cfm-fast" waiting="0.00" lane="top_0" pos="34.84" speed="27.73" angle="211.86" x="2.71" y="95.16"/>
        <vehicle id="cfm-slow_0" eclass="HBEFA3/PC_G_EU4" CO2="18155.76" CO="328.98" HC="1.95" NOx="7.80" PMx="0.45" fuel="7.80" electricity="0.00" noise="77.64" route="routetop" type="cfm-slow" waiting="0.00" lane="left_0" pos="3.79" speed="29.82" angle="177.71" x="-4.45" y="55.43"/>
        <vehicle id="cfm-slow_1" eclass="HBEFA3/PC_G_EU4" CO2="9288.07" CO="158.34" HC="0.96" NOx="3.58" PMx="0.22" fuel="3.99" electricity="0.00" noise="75.16" route="routetop" type="cfm-slow" waiting="0.00" lane="left_0" pos="28.84" speed="31.33" angle="132.57" x="21.34" y="9.68"/>
        <vehicle id="cfm-slow_2" eclass="HBEFA3/PC_G_EU4" CO2="0.00" CO="0.00" HC="0.00" NOx="0.00" PMx="0.00" fuel="0.00" electricity="0.00" noise="73.47" route="routebottom" type="cfm-slow" waiting="0.00" lane="bottom_0" pos="5.34" speed="31.57" angle="84.87" x="75.19" y="-3.97"/>
        <vehicle id="cfm-slow_3" eclass="HBEFA3/PC_G_EU4" CO2="0.00" CO="0.00" HC="0.00" NOx="0.00" PMx="0.00" fuel="0.00" electricity="0.00" noise="72.47" route="routebottom" type="cfm-slow" waiting="0.00" lane="bottom_0" pos="31.94" speed="30.35" angle="37.04" x="121.51" y="26.76"/>
        <vehicle id="cfm-slow_4" eclass="HBEFA3/PC_G_EU4" CO2="0.00" CO="0.00" HC="0.00" NOx="0.00" PMx="0.00" fuel="0.00" electricity="0.00" noise="71.46" route="routebottom" type="cfm-slow" waiting="0.00" lane="right_0" pos="7.19" speed="28.23" angle="351.46" x="130.51" y="79.09"/>
        <vehicle id="cfm-slow_5" eclass="HBEFA3/PC_G_EU4" CO2="0.00" CO="0.00" HC="0.00" NOx="0.00" PMx="0.00" fuel="0.00" electricity="0.00" noise="70.96" route="routebottom" type="cfm-slow" waiting="0.00" lane="right_0" pos="30.24" speed="26.25" angle="310.07" x="103.58" y="119.44"/>
    </timestep>
    <timestep time="7.63">
        <vehicle id="cfm-fast_0" eclass="HBEFA3/PC_G_EU4" CO2="118504.45" CO="3397.22" HC="18.53" NOx="54.44" PMx="3.51" fuel="50.94" electricity="0.00" noise="109.46" route="routetop" type="cfm-fast" waiting="0.00" lane="left_1" pos="47.99" speed="70.89" angle="98.15" x="59.52" y="-1.51"/>
        <vehicle id="cfm-fast_1" eclass="HBEFA3/PC_G_EU4" CO2="8060.11" CO="97.17" HC="0.64" NOx="3.13" PMx="0.17" fuel="3.46" electricity="0.00" noise="72.62" route="routetop" type="cfm-fast" waiting="0.00" lane="top_0" pos="1.61" speed="25.37" angle="271.58" x="60.10" y="132.17"/>
        <vehicle id="cfm-fast_2" eclass="HBEFA3/PC_G_EU4" CO2="55009.92" CO="2276.70" HC="11.87" NOx="24.42" PMx="1.93" fuel="23.65" electricity="0.00" noise="95.57" route="routebottom" type="cfm-fast" waiting="0.00" lane="right_1" pos="10.63" speed="75.20" angle="345.35" x="125.35" y="85.09"/>
        <vehicle id="cfm-fast_3" eclass="HBEFA3/PC_G_EU4" CO2="16217.60" CO="267.48" HC="1.62" NOx="6.97" PMx="0.38" fuel="6.97" electricity="0.00" noise="76.19" route="routetop" type="cfm-fast" waiting="0.00" lane="top_0" pos="17.98" speed="25.99" angle="242.19" x="26.91" y="121.61"/>
        <vehicle id="cfm-fast_4" eclass="HBEFA3/PC_G_EU4" CO2="0.00" CO="0.00" HC="0.00" NOx="0.00" PMx="0.00" fuel="0.00" electricity="0.00" noise="89.98" route="routetop" type="cfm-fast" waiting="0.00" lane="top_1" pos="27.31" speed="75.69" angle="225.36" x="14.26" y="106.37"/>
        <vehicle id="cfm-fast_5" eclass="HBEFA3/PC_G_EU4" CO2="20332.56" CO="360.58" HC="2.15" NOx="8.87" PMx="0.50" fuel="8.74" electricity="0.00" noise="78.40" route="routetop" type="cfm-fast" waiting="0.00" lane="top_0" pos="35.12" speed="27.75" angle="211.35" x="2.44" y="94.62"/>
        <vehicle id="cfm-slow_0" eclass="HBEFA3/PC_G_EU4" CO2="18075.06" CO="327.43" HC="1.95" NOx="7.76" PMx="0.45" fuel="7.77" electricity="0.00" noise="77.61" route="routetop" type="cfm-slow" waiting="0.00" lane="left_0" pos="4.09" speed="29.84" angle="177.18" x="-4.37" y="54.79"/>
        <vehicle id="cfm-slow_1" eclass="HBEFA3/PC_G_EU4" CO2="9173.00" CO="156.00" HC="0.95" NOx="3.53" PMx="0.22" fuel="3.94" electricity="0.00" noise="75.13" route="routetop" type="cfm-slow" waiting="0.00" lane="left_0" pos="29.15" speed="31.34" angle="131.99" x="21.87" y="9.26"/>
        <vehicle id="cfm-slow_2" eclass="HBEFA3/PC_G_EU4" CO2="0.00" CO="0.00" HC="0.00" NOx="0.00" PMx="0.00" fuel="0.00" electricity="0.00" noise="73.46" route="routebottom" type="cfm-slow" waiting="0.00" lane="bottom_0" pos="5.65" speed="31.55" angle="84.30" x="75.85" y="-3.85"/>
        <vehicle id="cfm-slow_3" eclass="HBEFA3/PC_G_EU4" CO2="0.00" CO="0.00" HC="0.00" NOx="0.00" PMx="0.00" fuel="0.00" electricity="0.00" noise="72.46" route="routebottom" type="cfm-slow" waiting="0.00" lane="bottom_0" pos="32.24" speed="30.33" angle="36.55" x="121.86" y="27.31"/>
        <vehicle id="cfm-slow_4" eclass="HBEFA3/PC_G_EU4" CO2="0.00" CO="0.00" HC="0.00" NOx="0.00" PMx="0.00" fuel="0.00" electricity="0.00" noise="71.45" route="routebottom" type="cfm-slow" waiting="0.00" lane="right_0" pos="7.47" speed="28.21" angle="350.93" x="130.37" y="79.68"/>
        <vehicle id="cfm-slow_5" eclass="HBEFA3/PC_G_EU4" CO2="0.00" CO="0.00" HC="0.00" NOx="0.00" PMx="0.00" fuel="0.00" electricity="0.00" noise="70.97" route="routebottom" type="cfm-slow" waiting="0.00" lane="right_0" pos="30.50" speed="26.24" angle="309.58" x="103.12" y="119.77"/>
    </timestep>
    <timestep time="7.64">
        <vehicle id="cfm-fast_0" eclass="HBEFA3/PC_G_EU4" CO2="117923.39" CO="3387.17" HC="18.47" NOx="54.16" PMx="3.50" fuel="50.69" electricity="0.00" noise="109.32" route="routetop" type="cfm-fast" waiting="0.00" lane="left_1" pos="48.70" speed="70.94" angle="96.89" x="60.97" y="-1.60"/>
        <vehicle id="cfm-fast_1" eclass="HBEFA3/PC_G_EU4" CO2="8136.62" CO="98.76" HC="0.65" NOx="3.17" PMx="0.17" fuel="3.50" electricity="0.00" noise="72.65" route="routetop" type="cfm-fast" waiting="0.00" lane="top_0" pos="1.87" speed="25.37" angle="271.13" x="59.56" y="132.14"/>
        <vehicle id="cfm-fast_2" eclass="HBEFA3/PC_G_EU4" CO2="54653.62" CO="2269.76" HC="11.83" NOx="24.26" PMx="1.92" fuel="23.49" electricity="0.00" noise="95.49" route="routebottom" type="cfm-fast" waiting="0.00" lane="right_1" pos="11.39" speed="75.20" angle="343.89" x="124.82" y="86.54"/>
        <vehicle id="cfm-fast_3" eclass="HBEFA3/PC_G_EU4" CO2="16256.21" CO="268.34" HC="1.63" NOx="6.98" PMx="0.39" fuel="6.99" electricity="0.00" noise="76.21" route="routetop" type="cfm-fast" waiting="0.00" lane="top_0" pos="18.24" speed="26.01" angle="241.68" x="26.44" y="121.30"/>
        <vehicle id="cfm-fast_4" eclass="HBEFA3/PC_G_EU4" CO2="0.00" CO="0.00" HC="0.00" NOx="0.00" PMx="0.00" fuel="0.00" electricity="0.00" noise="90.02" route="routetop" type="cfm-fast" waiting="0.00" lane="top_1" pos="28.06" speed="75.69" angle="223.92" x="13.26" y="105.19"/>
        <vehicle id="cfm-fast_5" eclass="HBEFA3/PC_G_EU4" CO2="20314.61" CO="360.33" HC="2.15" NOx="8.86" PMx="0.50" fuel="8.73" electricity="0.00" noise="78.39" route="routetop" type="cfm-fast" waiting="0.00" lane="top_0" pos="35.39" speed="27.77" angle="210.83" x="2.18" y="94.09"/>
        <vehicle id="cfm-slow_0" eclass="HBEFA3/PC_G_EU4" CO2="17993.97" CO="325.88" HC="1.94" NOx="7.72" PMx="0.44" fuel="7.73" electricity="0.00" noise="77.58" route="routetop" type="cfm-slow" waiting="0.00" lane="left_0" pos="4.39" speed="29.85" angle="176.64" x="-4.28" y="54.16"/>
        <vehicle id="cfm-slow_1" eclass="HBEFA3/PC_G_EU4" CO2="9058.15" CO="153.67" HC="0.93" NOx="3.47" PMx="0.22" fuel="3.89" electricity="0.00" noise="75.11" route="routetop" type="cfm-slow" waiting="0.00" lane="left_0" pos="29.47" speed="31.34" angle="131.46" x="22.40" y="8.85"/>
        <vehicle id="cfm-slow_2" eclass="HBEFA3/PC_G_EU4" CO2="0.00" CO="0.00" HC="0.00" NOx="0.00" PMx="0.00" fuel="0.00" electricity="0.00" noise="73.45" route="routebottom" type="cfm-slow" waiting="0.00" lane="bottom_0" pos="5.97" speed="31.54" angle="83.72" x="76.52" y="-3.73"/>
        <vehicle id="cfm-slow_3" eclass="HBEFA3/PC_G_EU4" CO2="0.00" CO="0.00" HC="0.00" NOx="0.00" PMx="0.00" fuel="0.00" electricity="0.00" noise="72.45" route="routebottom" type="cfm-slow" waiting="0.00" lane="bottom_0" pos="32.54" speed="30.31" angle="35.98" x="122.19" y="27.87"/>
        <vehicle id="cfm-slow_4" eclass="HBEFA3/PC_G_EU4" CO2="0.00" CO="0.00" HC="0.00" NOx="0.00" PMx="0.00" fuel="0.00" electricity="0.00" noise="71.44" route="routebottom" type="cfm-slow" waiting="0.00" lane="right_0" pos="7.75" speed="28.19" angle="350.48" x="130.23" y="80.27"/>
        <vehicle id="cfm-slow_5" eclass="HBEFA3/PC_G_EU4" CO2="0.00" CO="0.00" HC="0.00" NOx="0.00" PMx="0.00" fuel="0.00" electricity="0.00" noise="70.97" route="routebottom" type="cfm-slow" waiting="0.00" lane="right_0" pos="30.76" speed="26.23" angle="309.15" x="102.66" y="120.10"/>
    </timestep>
    <timestep time="7.65">
        <vehicle id="cfm-fast_0" eclass="HBEFA3/PC_G_EU4" CO2="117343.68" CO="3377.13" HC="18.41" NOx="53.89" PMx="3.48" fuel="50.44" electricity="0.00" noise="109.19" route="routetop" type="cfm-fast" waiting="0.00" lane="left_1" pos="49.41" speed="70.98" angle="95.57" x="62.43" y="-1.63"/>
        <vehicle id="cfm-fast_1" eclass="HBEFA3/PC_G_EU4" CO2="8212.79" CO="100.35" HC="0.66" NOx="3.20" PMx="0.17" fuel="3.53" electricity="0.00" noise="72.67" route="routetop" type="cfm-fast" waiting="0.00" lane="top_0" pos="2.12" speed="25.38" angle="270.67" x="59.01" y="132.11"/>
        <vehicle id="cfm-fast_2" eclass="HBEFA3/PC_G_EU4" CO2="54302.94" CO="2262.94" HC="11.79" NOx="24.09" PMx="1.91" fuel="23.34" electricity="0.00" noise="95.43" route="routebottom" type="cfm-fast" waiting="0.00" lane="right_1" pos="12.14" speed="75.21" angle="342.61" x="124.26" y="87.97"/>
        <vehicle id="cfm-fast_3" eclass="HBEFA3/PC_G_EU4" CO2="16294.34" CO="269.20" HC="1.63" NOx="7.00" PMx="0.39" fuel="7.00" electricity="0.00" noise="76.23" route="routetop" type="cfm-fast" waiting="0.00" lane="top_0" pos="18.50" speed="26.03" angle="241.17" x="25.98" y="120.99"/>
        <vehicle id="cfm-fast_4" eclass="HBEFA3/PC_G_EU4" CO2="0.00" CO="0.00" HC="0.00" NOx="0.00" PMx="0.00" fuel="0.00" electricity="0.00" noise="90.05" route="routetop" type="cfm-fast" waiting="0.00" lane="top_1" pos="28.82" speed="75.68" angle="222.60" x="12.30" y="103.97"/>
        <vehicle id="cfm-fast_5" eclass="HBEFA3/PC_G_EU4" CO2="20296.09" CO="360.06" HC="2.15" NOx="8.85" PMx="0.50" fuel="8.72" electricity="0.00" noise="78.38" route="routetop" type="cfm-fast" waiting="0.00" lane="top_0" pos="35.67" speed="27.79" angle="210.32" x="1.91" y="93.55"/>
        <vehicle id="cfm-slow_0" eclass="HBEFA3/PC_G_EU4" CO2="17912.52" CO="324.32" HC="1.93" NOx="7.68" PMx="0.44" fuel="7.70" electricity="0.00" noise="77.55" route="routetop" type="cfm-slow" waiting="0.00" lane="left_0" pos="4.69" speed="29.87" angle="176.09" x="-4.19" y="53.52"/>
        <vehicle id="cfm-slow_1" eclass="HBEFA3/PC_G_EU4" CO2="8943.54" CO="151.34" HC="0.92" NOx="3.42" PMx="0.21" fuel="3.84" electricity="0.00" noise="75.08" route="routetop" type="cfm-slow" waiting="0.00" lane="left_0" pos="29.78" speed="31.34" angle="130.90" x="22.95" y="8.45"/>
        <vehicle id="cfm-slow_2" eclass="HBEFA3/PC_G_EU4" CO2="0.00" CO="0.00" HC="0.00" NOx="0.00" PMx="0.00" fuel="0.00" electricity="0.00" noise="73.44" route="routebottom" type="cfm-slow" waiting="0.00" lane="bottom_0" pos="6.28" speed="31.53" angle="83.16" x="77.19" y="-3.61"/>
        <vehicle id="cfm-slow_3" eclass="HBEFA3/PC_G_EU4" CO2="0.00" CO="0.00" HC="0.00" NOx="0.00" PMx="0.00" fuel="0.00" electricity="0.00" noise="72.44" route="routebottom" type="cfm-slow" waiting="0.00" lane="bottom_0" pos="32.85" speed="30.29" angle="35.42" x="122.53" y="28.43"/>
        <vehicle id="cfm-slow_4" eclass="HBEFA3/PC_G_EU4" CO2="0.00" CO="0.00" HC="0.00" NOx="0.00" PMx="0.00" fuel="0.00" electricity="0.00" noise="71.44" route="routebottom" type="cfm-slow" waiting="0.00" lane="right_0" pos="8.03" speed="28.17" angle="349.96" x="130.07" y="80.86"/>
        <vehicle id="cfm-slow_5" eclass="HBEFA3/PC_G_EU4" CO2="0.00" CO="0.00" HC="0.00" NOx="0.00" PMx="0.00" fuel="0.00" electricity="0.00" noise="70.98" route="routebottom" type="cfm-slow" waiting="0.00" lane="right_0" pos="31.02" speed="26.22" angle="308.68" x="102.20" y="120.42"/>
    </timestep>
    <timestep time="7.66">
        <vehicle id="cfm-fast_0" eclass="HBEFA3/PC_G_EU4" CO2="116765.38" CO="3367.11" HC="18.35" NOx="53.62" PMx="3.47" fuel="50.19" electricity="0.00" noise="109.05" route="routebottom" type="cfm-fast" waiting="0.00" lane="bottom_1" pos="0.12" speed="71.03" angle="94.27" x="63.94" y="-1.65"/>
        <vehicle id="cfm-fast_1" eclass="HBEFA3/PC_G_EU4" CO2="8288.62" CO="101.93" HC="0.67" NOx="3.24" PMx="0.18" fuel="3.56" electricity="0.00" noise="72.70" route="routetop" type="cfm-fast" waiting="0.00" lane="top_0" pos="2.37" speed="25.39" angle="270.22" x="58.47" y="132.08"/>
        <vehicle id="cfm-fast_2" eclass="HBEFA3/PC_G_EU4" CO2="53957.82" CO="2256.21" HC="11.75" NOx="23.93" PMx="1.90" fuel="23.19" electricity="0.00" noise="95.36" route="routebottom" type="cfm-fast" waiting="0.00" lane="right_1" pos="12.89" speed="75.22" angle="341.33" x="123.68" y="89.40"/>
        <vehicle id="cfm-fast_3" eclass="HBEFA3/PC_G_EU4" CO2="16331.99" CO="270.04" HC="1.64" NOx="7.02" PMx="0.39" fuel="7.02" electricity="0.00" noise="76.25" route="routetop" type="cfm-fast" waiting="0.00" lane="top_0" pos="18.76" speed="26.04" angle="240.67" x="25.51" y="120.68"/>
        <vehicle id="cfm-fast_4" eclass="HBEFA3/PC_G_EU4" CO2="0.00" CO="0.00" HC="0.00" NOx="0.00" PMx="0.00" fuel="0.00" electricity="0.00" noise="90.08" route="routetop" type="cfm-fast" waiting="0.00" lane="top_1" pos="29.58" speed="75.67" angle="221.27" x="11.35" y="102.75"/>
        <vehicle id="cfm-fast_5" eclass="HBEFA3/PC_G_EU4" CO2="20277.00" CO="359.79" HC="2.15" NOx="8.84" PMx="0.50" fuel="8.72" electricity="0.00" noise="78.38" route="routetop" type="cfm-fast" waiting="0.00" lane="top_0" pos="35.95" speed="27.81" angle="209.87" x="1.65" y="93.02"/>
        <vehicle id="cfm-slow_0" eclass="HBEFA3/PC_G_EU4" CO2="17830.69" CO="322.74" HC="1.92" NOx="7.64" PMx="0.44" fuel="7.66" electricity="0.00" noise="77.52" route="routetop" type="cfm-slow" waiting="0.00" lane="left_0" pos="4.99" speed="29.88" angle="175.55" x="-4.10" y="52.88"/>
        <vehicle id="cfm-slow_1" eclass="HBEFA3/PC_G_EU4" CO2="8829.15" CO="149.01" HC="0.91" NOx="3.36" PMx="0.21" fuel="3.80" electricity="0.00" noise="75.06" route="routetop" type="cfm-slow" waiting="0.00" lane="left_0" pos="30.09" speed="31.35" angle="130.32" x="23.49" y="8.06"/>
        <vehicle id="cfm-slow_2" eclass="HBEFA3/PC_G_EU4" CO2="0.00" CO="0.00" HC="0.00" NOx="0.00" PMx="0.00" fuel="0.00" electricity="0.00" noise="73.43" route="routebottom" type="cfm-slow" waiting="0.00" lane="bottom_0" pos="6.60" speed="31.52" angle="82.61" x="77.85" y="-3.46"/>
        <vehicle id="cfm-slow_3" eclass="HBEFA3/PC_G_EU4" CO2="0.00" CO="0.00" HC="0.00" NOx="0.00" PMx="0.00" fuel="0.00" electricity="0.00" noise="72.43" route="routebottom" type="cfm-slow" waiting="0.00" lane="bottom_0" pos="33.15" speed="30.27" angle="34.85" x="122.86" y="28.99"/>
        <vehicle id="cfm-slow_4" eclass="HBEFA3/PC_G_EU4" CO2="0.00" CO="0.00" HC="0.00" NOx="0.00" PMx="0.00" fuel="0.00" electricity="0.00" noise="71.43" route="routebottom" type="cfm-slow" waiting="0.00" lane="right_0" pos="8.31" speed="28.15" angle="349.44" x="129.92" y="81.44"/>
        <vehicle id="cfm-slow_5" eclass="HBEFA3/PC_G_EU4" CO2="0.00" CO="0.00" HC="0.00" NOx="0.00" PMx="0.00" fuel="0.00" electricity="0.00" noise="70.99" route="routebottom" type="cfm-slow" waiting="0.00" lane="right_0" pos="31.29" speed="26.21" angle="308.21" x="101.73" y="120.73"/>
    </timestep>
    <timestep time="7.67">
        <vehicle id="cfm-fast_0" eclass="HBEFA3/PC_G_EU4" CO2="116188.54" CO="3357.10" HC="18.29" NOx="53.34" PMx="3.45" fuel="49.94" electricity="0.00" noise="108.91" route="routebottom" type="cfm-fast" waiting="0.00" lane="bottom_1" pos="0.83" speed="71.07" angle="92.97" x="65.40" y="-1.62"/>
        <vehicle id="cfm-fast_1" eclass="HBEFA3/PC_G_EU4" CO2="8364.10" CO="103.51" HC="0.68" NOx="3.27" PMx="0.18" fuel="3.60" electricity="0.00" noise="72.73" route="routetop" type="cfm-fast" waiting="0.00" lane="top_0" pos="2.63" speed="25.39" angle="269.78" x="57.92" y="132.04"/>
        <vehicle id="cfm-fast_2" eclass="HBEFA3/PC_G_EU4" CO2="53618.22" CO="2249.60" HC="11.71" NOx="23.77" PMx="1.90" fuel="23.05" electricity="0.00" noise="95.29" route="routebottom" type="cfm-fast" waiting="0.00" lane="right_1" pos="13.64" speed="75.23" angle="339.92" x="123.05" y="90.81"/>
        <vehicle id="cfm-fast_3" eclass="HBEFA3/PC_G_EU4" CO2="16369.16" CO="270.88" HC="1.64" NOx="7.04" PMx="0.39" fuel="7.04" electricity="0.00" noise="76.27" route="routetop" type="cfm-fast" waiting="0.00" lane="top_0" pos="19.02" speed="26.06" angle="240.16" x="25.05" y="120.37"/>
        <vehicle id="cfm-fast_4" eclass="HBEFA3/PC_G_EU4" CO2="0.00" CO="0.00" HC="0.00" NOx="0.00" PMx="0.00" fuel="0.00" electricity="0.00" noise="90.11" route="routetop" type="cfm-fast" waiting="0.00" lane="top_1" pos="30.33" speed="75.66" angle="219.84" x="10.44" y="101.49"/>
        <vehicle id="cfm-fast_5" eclass="HBEFA3/PC_G_EU4" CO2="20257.34" CO="359.50" HC="2.14" NOx="8.83" PMx="0.50" fuel="8.71" electricity="0.00" noise="78.37" route="routetop" type="cfm-fast" waiting="0.00" lane="top_0" pos="36.23" speed="27.83" angle="209.34" x="1.40" y="92.47"/>
        <vehicle id="cfm-slow_0" eclass="HBEFA3/PC_G_EU4" CO2="17748.50" CO="321.16" HC="1.91" NOx="7.60" PMx="0.44" fuel="7.63" electricity="0.00" noise="77.49" route="routetop" type="cfm-slow" waiting="0.00" lane="left_0" pos="5.29" speed="29.90" angle="174.97" x="-3.99" y="52.25"/>
        <vehicle id="cfm-slow_1" eclass="HBEFA3/PC_G_EU4" CO2="8715.01" CO="146.68" HC="0.89" NOx="3.31" PMx="0.21" fuel="3.75" electricity="0.00" noise="75.03" route="routetop" type="cfm-slow" waiting="0.00" lane="left_0" pos="30.41" speed="31.35" angle="129.75" x="24.04" y="7.66"/>
        <vehicle id="cfm-slow_2" eclass="HBEFA3/PC_G_EU4" CO2="0.00" CO="0.00" HC="0.00" NOx="0.00" PMx="0.00" fuel="0.00" electricity="0.00" noise="73.42" route="routebottom" type="cfm-slow" waiting="0.00" lane="bottom_0" pos="6.91" speed="31.51" angle="82.00" x="78.51" y="-3.31"/>
        <vehicle id="cfm-slow_3" eclass="HBEFA3/PC_G_EU4" CO2="0.00" CO="0.00" HC="0.00" NOx="0.00" PMx="0.00" fuel="0.00" electricity="0.00" noise="72.42" route="routebottom" type="cfm-slow" waiting="0.00" lane="bottom_0" pos="33.45" speed="30.25" angle="34.34" x="123.19" y="29.56"/>
        <vehicle id="cfm-slow_4" eclass="HBEFA3/PC_G_EU4" CO2="0.00" CO="0.00" HC="0.00" NOx="0.00" PMx="0.00" fuel="0.00" electricity="0.00" noise="71.42" route="routebottom" type="cfm-slow" waiting="0.00" lane="right_0" pos="8.60" speed="28.13" angle="348.92" x="129.76" y="82.03"/>
        <vehicle id="cfm-slow_5" eclass="HBEFA3/PC_G_EU4" CO2="0.00" CO="0.00" HC="0.00" NOx="0.00" PMx="0.00" fuel="0.00" electricity="0.00" noise="70.99" route="routebottom" type="cfm-slow" waiting="0.00" lane="right_0" pos="31.55" speed="26.20" angle="307.74" x="101.26" y="121.04"/>
    </timestep>
    <timestep time="7.68">
        <vehicle id="cfm-fast_0" eclass="HBEFA3/PC_G_EU4" CO2="115613.19" CO="3347.12" HC="18.23" NOx="53.07" PMx="3.44" fuel="49.70" electricity="0.00" noise="108.77" route="routebottom" type="cfm-fast" waiting="0.00" lane="bottom_1" pos="1.54" speed="71.12" angle="91.72" x="66.86" y="-1.57"/>
        <vehicle id="cfm-fast_1" eclass="HBEFA3/PC_G_EU4" CO2="8439.24" CO="105.08" HC="0.69" NOx="3.31" PMx="0.18" fuel="3.63" electricity="0.00" noise="72.76" route="routetop" type="cfm-fast" waiting="0.00" lane="top_0" pos="2.88" speed="25.40" angle="269.33" x="57.38" y="131.98"/>
        <vehicle id="cfm-fast_2" eclass="HBEFA3/PC_G_EU4" CO2="53284.06" CO="2243.09" HC="11.67" NOx="23.61" PMx="1.89" fuel="22.90" electricity="0.00" noise="95.22" route="routebottom" type="cfm-fast" waiting="0.00" lane="right_1" pos="14.39" speed="75.24" angle="338.57" x="122.40" y="92.21"/>
        <vehicle id="cfm-fast_3" eclass="HBEFA3/PC_G_EU4" CO2="16405.84" CO="271.71" HC="1.65" NOx="7.05" PMx="0.39" fuel="7.05" electricity="0.00" noise="76.29" route="routetop" type="cfm-fast" waiting="0.00" lane="top_0" pos="19.28" speed="26.08" angle="239.74" x="24.58" y="120.05"/>
        <vehicle id="cfm-fast_4" eclass="HBEFA3/PC_G_EU4" CO2="0.00" CO="0.00" HC="0.00" NOx="0.00" PMx="0.00" fuel="0.00" electricity="0.00" noise="90.14" route="routetop" type="cfm-fast" waiting="0.00" lane="top_1" pos="31.09" speed="75.66" angle="218.50" x="9.55" y="100.21"/>
        <vehicle id="cfm-fast_5" eclass="HBEFA3/PC_G_EU4" CO2="20237.11" CO="359.20" HC="2.14" NOx="8.82" PMx="0.50" fuel="8.70" electricity="0.00" noise="78.36" route="routetop" type="cfm-fast" waiting="0.00" lane="top_0" pos="36.51" speed="27.85" angle="208.82" x="1.15" y="91.92"/>
        <vehicle id="cfm-slow_0" eclass="HBEFA3/PC_G_EU4" CO2="17665.96" CO="319.58" HC="1.90" NOx="7.56" PMx="0.44" fuel="7.59" electricity="0.00" noise="77.46" route="routetop" type="cfm-slow" waiting="0.00" lane="left_0" pos="5.58" speed="29.91" angle="174.43" x="-3.88" y="51.62"/>
        <vehicle id="cfm-slow_1" eclass="HBEFA3/PC_G_EU4" CO2="8601.12" CO="144.36" HC="0.88" NOx="3.26" PMx="0.21" fuel="3.70" electricity="0.00" noise="75.01" route="routetop" type="cfm-slow" waiting="0.00" lane="left_0" pos="30.72" speed="31.35" angle="129.21" x="24.59" y="7.27"/>
        <vehicle id="cfm-slow_2" eclass="HBEFA3/PC_G_EU4" CO2="0.00" CO="0.00" HC="0.00" NOx="0.00" PMx="0.00" fuel="0.00" electricity="0.00" noise="73.40" route="routebottom" type="cfm-slow" waiting="0.00" lane="bottom_0" pos="7.23" speed="31.50" angle="81.40" x="79.17" y="-3.16"/>
        <vehicle id="cfm-slow_3" eclass="HBEFA3/PC_G_EU4" CO2="0.00" CO="0.00" HC="0.00" NOx="0.00" PMx="0.00" fuel="0.00" electricity="0.00" noise="72.41" route="routebottom" type="cfm-slow" waiting="0.00" lane="bottom_0" pos="33.75" speed="30.23" angle="33.79" x="123.50" y="30.12"/>
        <vehicle id="cfm-slow_4" eclass="HBEFA3/PC_G_EU4" CO2="0.00" CO="0.00" HC="0.00" NOx="0.00" PMx="0.00" fuel="0.00" electricity="0.00" noise="71.42" route="routebottom" type="cfm-slow" waiting="0.00" lane="right_0" pos="8.88" speed="28.11" angle="348.44" x="129.60" y="82.61"/>
        <vehicle id="cfm-slow_5" eclass="HBEFA3/PC_G_EU4" CO2="0.00" CO="0.00" HC="0.00" NOx="0.00" PMx="0.00" fuel="0.00" electricity="0.00" noise="71.00" route="routebottom" type="cfm-slow" waiting="0.00" lane="right_0" pos="31.81" speed="26.20" angle="307.27" x="100.79" y="121.36"/>
    </timestep>
    <timestep time="7.69">
        <vehicle id="cfm-fast_0" eclass="HBEFA3/PC_G_EU4" CO2="115039.38" CO="3337.15" HC="18.17" NOx="52.80" PMx="3.43" fuel="49.45" electricity="0.00" noise="108.64" route="routebottom" type="cfm-fast" waiting="0.00" lane="bottom_1" pos="2.26" speed="71.16" angle="90.42" x="68.31" y="-1.48"/>
        <vehicle id="cfm-fast_1" eclass="HBEFA3/PC_G_EU4" CO2="8514.04" CO="106.64" HC="0.70" NOx="3.35" PMx="0.18" fuel="3.66" electricity="0.00" noise="72.78" route="routetop" type="cfm-fast" waiting="0.00" lane="top_0" pos="3.14" speed="25.40" angle="268.87" x="56.83" y="131.93"/>
        <vehicle id="cfm-fast_2" eclass="HBEFA3/PC_G_EU4" CO2="52955.30" CO="2236.68" HC="11.63" NOx="23.45" PMx="1.88" fuel="22.76" electricity="0.00" noise="95.16" route="routebottom" type="cfm-fast" waiting="0.00" lane="right_1" pos="15.15" speed="75.25" angle="337.16" x="121.71" y="93.59"/>
        <vehicle id="cfm-fast_3" eclass="HBEFA3/PC_G_EU4" CO2="16442.04" CO="272.52" HC="1.65" NOx="7.07" PMx="0.39" fuel="7.07" electricity="0.00" noise="76.31" route="routetop" type="cfm-fast" waiting="0.00" lane="top_0" pos="19.54" speed="26.10" angle="239.26" x="24.13" y="119.72"/>
        <vehicle id="cfm-fast_4" eclass="HBEFA3/PC_G_EU4" CO2="0.00" CO="0.00" HC="0.00" NOx="0.00" PMx="0.00" fuel="0.00" electricity="0.00" noise="90.17" route="routetop" type="cfm-fast" waiting="0.00" lane="top_1" pos="31.85" speed="75.65" angle="217.14" x="8.69" y="98.92"/>
        <vehicle id="cfm-fast_5" eclass="HBEFA3/PC_G_EU4" CO2="20216.32" CO="358.89" HC="2.14" NOx="8.81" PMx="0.49" fuel="8.69" electricity="0.00" noise="78.35" route="routetop" type="cfm-fast" waiting="0.00" lane="top_0" pos="36.78" speed="27.87" angle="208.30" x="0.91" y="91.38"/>
        <vehicle id="cfm-slow_0" eclass="HBEFA3/PC_G_EU4" CO2="17583.06" CO="317.98" HC="1.89" NOx="7.52" PMx="0.43" fuel="7.56" electricity="0.00" noise="77.42" route="routetop" type="cfm-slow" waiting="0.00" lane="left_0" pos="5.88" speed="29.93" angle="173.88" x="-3.76" y="50.98"/>
        <vehicle id="cfm-slow_1" eclass="HBEFA3/PC_G_EU4" CO2="8487.47" CO="142.05" HC="0.87" NOx="3.20" PMx="0.20" fuel="3.65" electricity="0.00" noise="74.98" route="routetop" type="cfm-slow" waiting="0.00" lane="left_0" pos="31.04" speed="31.36" angle="128.67" x="25.15" y="6.89"/>
        <vehicle id="cfm-slow_2" eclass="HBEFA3/PC_G_EU4" CO2="0.00" CO="0.00" HC="0.00" NOx="0.00" PMx="0.00" fuel="0.00" electricity="0.00" noise="73.39" route="routebottom" type="cfm-slow" waiting="0.00" lane="bottom_0" pos="7.54" speed="31.49" angle="80.81" x="79.83" y="-3.01"/>
        <vehicle id="cfm-slow_3" eclass="HBEFA3/PC_G_EU4" CO2="0.00" CO="0.00" HC="0.00" NOx="0.00" PMx="0.00" fuel="0.00" electricity="0.00" noise="72.40" route="routebottom" type="cfm-slow" waiting="0.00" lane="bottom_0" pos="34.06" speed="30.21" angle="33.23" x="123.82" y="30.69"/>
        <vehicle id="cfm-slow_4" eclass="HBEFA3/PC_G_EU4" CO2="0.00" CO="0.00" HC="0.00" NOx="0.00" PMx="0.00" fuel="0.00" electricity="0.00" noise="71.41" route="routebottom" type="cfm-slow" waiting="0.00" lane="right_0" pos="9.16" speed="28.09" angle="347.96" x="129.43" y="83.19"/>
        <vehicle id="cfm-slow_5" eclass="HBEFA3/PC_G_EU4" CO2="0.00" CO="0.00" HC="0.00" NOx="0.00" PMx="0.00" fuel="0.00" electricity="0.00" noise="71.01" route="routebottom" type="cfm-slow" waiting="0.00" lane="right_0" pos="32.07" speed="26.19" angle="306.86" x="100.32" y="121.67"/>
    </timestep>
    <timestep time="7.70">
        <vehicle id="cfm-fast_0" eclass="HBEFA3/PC_G_EU4" CO2="114467.15" CO="3327.20" HC="18.11" NOx="52.53" PMx="3.41" fuel="49.20" electricity="0.00" noise="108.50" route="routebottom" type="cfm-fast" waiting="0.00" lane="bottom_1" pos="2.97" speed="71.20" angle="89.17" x="69.77" y="-1.35"/>
        <vehicle id="cfm-fast_1" eclass="HBEFA3/PC_G_EU4" CO2="8588.49" CO="108.20" HC="0.71" NOx="3.38" PMx="0.18" fuel="3.69" electricity="0.00" noise="72.81" route="routetop" type="cfm-fast" waiting="0.00" lane="top_0" pos="3.39" speed="25.41" angle="268.42" x="56.29" y="131.87"/>
        <vehicle id="cfm-fast_2" eclass="HBEFA3/PC_G_EU4" CO2="52631.87" CO="2230.37" HC="11.60" NOx="23.30" PMx="1.87" fuel="22.62" electricity="0.00" noise="95.10" route="routebottom" type="cfm-fast" waiting="0.00" lane="right_1" pos="15.90" speed="75.25" angle="335.87" x="120.98" y="94.95"/>
        <vehicle id="cfm-fast_3" eclass="HBEFA3/PC_G_EU4" CO2="16477.76" CO="273.33" HC="1.66" NOx="7.09" PMx="0.39" fuel="7.08" electricity="0.00" noise="76.33" route="routetop" type="cfm-fast" waiting="0.00" lane="top_0" pos="19.81" speed="26.11" angle="238.79" x="23.67" y="119.39"/>
        <vehicle id="cfm-fast_4" eclass="HBEFA3/PC_G_EU4" CO2="0.00" CO="0.00" HC="0.00" NOx="0.00" PMx="0.00" fuel="0.00" electricity="0.00" noise="90.20" route="routetop" type="cfm-fast" waiting="0.00" lane="top_1" pos="32.60" speed="75.64" angle="215.83" x="7.88" y="97.60"/>
        <vehicle id="cfm-fast_5" eclass="HBEFA3/PC_G_EU4" CO2="20194.95" CO="358.56" HC="2.14" NOx="8.80" PMx="0.49" fuel="8.68" electricity="0.00" noise="78.34" route="routetop" type="cfm-fast" waiting="0.00" lane="top_0" pos="37.06" speed="27.89" angle="207.78" x="0.66" y="90.83"/>
        <vehicle id="cfm-slow_0" eclass="HBEFA3/PC_G_EU4" CO2="17499.81" CO="316.38" HC="1.88" NOx="7.49" PMx="0.43" fuel="7.52" electricity="0.00" noise="77.39" route="routetop" type="cfm-slow" waiting="0.00" lane="left_0" pos="6.18" speed="29.94" angle="173.34" x="-3.65" y="50.35"/>
        <vehicle id="cfm-slow_1" eclass="HBEFA3/PC_G_EU4" CO2="8374.09" CO="139.73" HC="0.85" NOx="3.15" PMx="0.20" fuel="3.60" electricity="0.00" noise="74.96" route="routetop" type="cfm-slow" waiting="0.00" lane="left_0" pos="31.35" speed="31.36" angle="128.10" x="25.71" y="6.52"/>
        <vehicle id="cfm-slow_2" eclass="HBEFA3/PC_G_EU4" CO2="0.00" CO="0.00" HC="0.00" NOx="0.00" PMx="0.00" fuel="0.00" electricity="0.00" noise="73.38" route="routebottom" type="cfm-slow" waiting="0.00" lane="bottom_0" pos="7.86" speed="31.48" angle="80.28" x="80.49" y="-2.84"/>
        <vehicle id="cfm-slow_3" eclass="HBEFA3/PC_G_EU4" CO2="0.00" CO="0.00" HC="0.00" NOx="0.00" PMx="0.00" fuel="0.00" electricity="0.00" noise="72.39" route="routebottom" type="cfm-slow" waiting="0.00" lane="bottom_0" pos="34.36" speed="30.19" angle="32.68" x="124.13" y="31.26"/>
        <vehicle id="cfm-slow_4" eclass="HBEFA3/PC_G_EU4" CO2="0.00" CO="0.00" HC="0.00" NOx="0.00" PMx="0.00" fuel="0.00" electricity="0.00" noise="71.40" route="routebottom" type="cfm-slow" waiting="0.00" lane="right_0" pos="9.44" speed="28.07" angle="347.46" x="129.25" y="83.77"/>
        <vehicle id="cfm-slow_5" eclass="HBEFA3/PC_G_EU4" CO2="0.00" CO="0.00" HC="0.00" NOx="0.00" PMx="0.00" fuel="0.00" electricity="0.00" noise="71.02" route="routebottom" type="cfm-slow" waiting="0.00" lane="right_0" pos="32.33" speed="26.18" angle="306.37" x="99.84" y="121.96"/>
    </timestep>
    <timestep time="7.71">
        <vehicle id="cfm-fast_0" eclass="HBEFA3/PC_G_EU4" CO2="113896.55" CO="3317.27" HC="18.05" NOx="52.26" PMx="3.40" fuel="48.96" electricity="0.00" noise="108.36" route="routebottom" type="cfm-fast" waiting="0.00" lane="bottom_1" pos="3.68" speed="71.25" angle="87.87" x="71.22" y="-1.21"/>
        <vehicle id="cfm-fast_1" eclass="HBEFA3/PC_G_EU4" CO2="8662.59" CO="109.74" HC="0.72" NOx="3.41" PMx="0.19" fuel="3.72" electricity="0.00" noise="72.84" route="routetop" type="cfm-fast" waiting="0.00" lane="top_0" pos="3.64" speed="25.42" angle="267.96" x="55.75" y="131.82"/>
        <vehicle id="cfm-fast_2" eclass="HBEFA3/PC_G_EU4" CO2="52313.72" CO="2224.17" HC="11.56" NOx="23.15" PMx="1.86" fuel="22.49" electricity="0.00" noise="95.04" route="routebottom" type="cfm-fast" waiting="0.00" lane="right_1" pos="16.65" speed="75.26" angle="334.57" x="120.23" y="96.30"/>
        <vehicle id="cfm-fast_3" eclass="HBEFA3/PC_G_EU4" CO2="16512.99" CO="274.13" HC="1.66" NOx="7.10" PMx="0.39" fuel="7.10" electricity="0.00" noise="76.35" route="routetop" type="cfm-fast" waiting="0.00" lane="top_0" pos="20.07" speed="26.13" angle="238.31" x="23.22" y="119.06"/>
        <vehicle id="cfm-fast_4" eclass="HBEFA3/PC_G_EU4" CO2="0.00" CO="0.00" HC="0.00" NOx="0.00" PMx="0.00" fuel="0.00" electricity="0.00" noise="90.24" route="routetop" type="cfm-fast" waiting="0.00" lane="top_1" pos="33.36" speed="75.64" angle="214.51" x="7.08" y="96.28"/>
        <vehicle id="cfm-fast_5" eclass="HBEFA3/PC_G_EU4" CO2="20173.02" CO="358.23" HC="2.14" NOx="8.79" PMx="0.49" fuel="8.67" electricity="0.00" noise="78.33" route="routetop" type="cfm-fast" waiting="0.00" lane="top_0" pos="37.34" speed="27.91" angle="207.34" x="0.42" y="90.28"/>
        <vehicle id="cfm-slow_0" eclass="HBEFA3/PC_G_EU4" CO2="17416.22" CO="314.77" HC="1.87" NOx="7.45" PMx="0.43" fuel="7.49" electricity="0.00" noise="77.36" route="routetop" type="cfm-slow" waiting="0.00" lane="left_0" pos="6.48" speed="29.96" angle="172.84" x="-3.52" y="49.72"/>
        <vehicle id="cfm-slow_1" eclass="HBEFA3/PC_G_EU4" CO2="8260.97" CO="137.42" HC="0.84" NOx="3.10" PMx="0.20" fuel="3.55" electricity="0.00" noise="74.93" route="routetop" type="cfm-slow" waiting="0.00" lane="left_0" pos="31.66" speed="31.36" angle="127.53" x="26.27" y="6.14"/>
        <vehicle id="cfm-slow_2" eclass="HBEFA3/PC_G_EU4" CO2="0.00" CO="0.00" HC="0.00" NOx="0.00" PMx="0.00" fuel="0.00" electricity="0.00" noise="73.37" route="routebottom" type="cfm-slow" waiting="0.00" lane="bottom_0" pos="8.17" speed="31.47" angle="79.70" x="81.14" y="-2.67"/>
        <vehicle id="cfm-slow_3" eclass="HBEFA3/PC_G_EU4" CO2="0.00" CO="0.00" HC="0.00" NOx="0.00" PMx="0.00" fuel="0.00" electricity="0.00" noise="72.38" route="routebottom" type="cfm-slow" waiting="0.00" lane="bottom_0" pos="34.66" speed="30.17" angle="32.18" x="124.44" y="31.83"/>
        <vehicle id="cfm-slow_4" eclass="HBEFA3/PC_G_EU4" CO2="0.00" CO="0.00" HC="0.00" NOx="0.00" PMx="0.00" fuel="0.00" electricity="0.00" noise="71.40" route="routebottom" type="cfm-slow" waiting="0.00" lane="right_0" pos="9.72" speed="28.05" angle="346.95" x="129.08" y="84.34"/>
        <vehicle id="cfm-slow_5" eclass="HBEFA3/PC_G_EU4" CO2="0.00" CO="0.00" HC="0.00" NOx="0.00" PMx="0.00" fuel="0.00" electricity="0.00" noise="71.02" route="routebottom" type="cfm-slow" waiting="0.00" lane="right_0" pos="32.60" speed="26.17" angle="305.87" x="99.36" y="122.25"/>
    </timestep>
    <timestep time="7.72">
        <vehicle id="cfm-fast_0" eclass="HBEFA3/PC_G_EU4" CO2="113327.61" CO="3307.36" HC="17.99" NOx="51.99" PMx="3.38" fuel="48.71" electricity="0.00" noise="108.23" route="routebottom" type="cfm-fast" waiting="0.00" lane="bottom_1" pos="4.39" speed="71.29" angle="86.62" x="72.67" y="-1.02"/>
        <vehicle id="cfm-fast_1" eclass="HBEFA3/PC_G_EU4" CO2="8736.34" CO="111.29" HC="0.72" NOx="3.45" PMx="0.19" fuel="3.76" electricity="0.00" noise="72.87" route="routetop" type="cfm-fast" waiting="0.00" lane="top_0" pos="3.90" speed="25.42" angle="267.53" x="55.20" y="131.75"/>
        <vehicle id="cfm-fast_2" eclass="HBEFA3/PC_G_EU4" CO2="52000.79" CO="2218.06" HC="11.52" NOx="23.00" PMx="1.85" fuel="22.35" electricity="0.00" noise="94.97" route="routebottom" type="cfm-fast" waiting="0.00" lane="right_1" pos="17.41" speed="75.27" angle="333.18" x="119.44" y="97.62"/>
        <vehicle id="cfm-fast_3" eclass="HBEFA3/PC_G_EU4" CO2="16547.73" CO="274.92" HC="1.66" NOx="7.12" PMx="0.39" fuel="7.11" electricity="0.00" noise="76.37" route="routetop" type="cfm-fast" waiting="0.00" lane="top_0" pos="20.33" speed="26.15" angle="237.84" x="22.76" y="118.73"/>
        <vehicle id="cfm-fast_4" eclass="HBEFA3/PC_G_EU4" CO2="0.00" CO="0.00" HC="0.00" NOx="0.00" PMx="0.00" fuel="0.00" electricity="0.00" noise="90.27" route="routetop" type="cfm-fast" waiting="0.00" lane="top_1" pos="34.12" speed="75.63" angle="213.13" x="6.33" y="94.92"/>
        <vehicle id="cfm-fast_5" eclass="HBEFA3/PC_G_EU4" CO2="20150.53" CO="357.88" HC="2.13" NOx="8.78" PMx="0.49" fuel="8.66" electricity="0.00" noise="78.32" route="routetop" type="cfm-fast" waiting="0.00" lane="top_0" pos="37.62" speed="27.93" angle="206.82" x="0.20" y="89.72"/>
        <vehicle id="cfm-slow_0" eclass="HBEFA3/PC_G_EU4" CO2="17332.29" CO="313.15" HC="1.86" NOx="7.41" PMx="0.43" fuel="7.45" electricity="0.00" noise="77.33" route="routetop" type="cfm-slow" waiting="0.00" lane="left_0" pos="6.78" speed="29.97" angle="172.26" x="-3.37" y="49.09"/>
        <vehicle id="cfm-slow_1" eclass="HBEFA3/PC_G_EU4" CO2="8148.12" CO="135.12" HC="0.83" NOx="3.04" PMx="0.19" fuel="3.50" electricity="0.00" noise="74.91" route="routetop" type="cfm-slow" waiting="0.00" lane="left_0" pos="31.98" speed="31.36" angle="126.99" x="26.83" y="5.77"/>
        <vehicle id="cfm-slow_2" eclass="HBEFA3/PC_G_EU4" CO2="0.00" CO="0.00" HC="0.00" NOx="0.00" PMx="0.00" fuel="0.00" electricity="0.00" noise="73.36" route="routebottom" type="cfm-slow" waiting="0.00" lane="bottom_0" pos="8.49" speed="31.45" angle="79.13" x="81.80" y="-2.49"/>
        <vehicle id="cfm-slow_3" eclass="HBEFA3/PC_G_EU4" CO2="0.00" CO="0.00" HC="0.00" NOx="0.00" PMx="0.00" fuel="0.00" electricity="0.00" noise="72.38" route="routebottom" type="cfm-slow" waiting="0.00" lane="bottom_0" pos="34.96" speed="30.15" angle="31.64" x="124.73" y="32.41"/>
        <vehicle id="cfm-slow_4" eclass="HBEFA3/PC_G_EU4" CO2="0.00" CO="0.00" HC="0.00" NOx="0.00" PMx="0.00" fuel="0.00" electricity="0.00" noise="71.39" route="routebottom" type="cfm-slow" waiting="0.00" lane="right_0" pos="10.00" speed="28.04" angle="346.45" x="128.90" y="84.92"/>
        <vehicle id="cfm-slow_5" eclass="HBEFA3/PC_G_EU4" CO2="0.00" CO="0.00" HC="0.00" NOx="0.00" PMx="0.00" fuel="0.00" electricity="0.00" noise="71.03" route="routebottom" type="cfm-slow" waiting="0.00" lane="right_0" pos="32.86" speed="26.16" angle="305.38" x="98.87" y="122.54"/>
    </timestep>
    <timestep time="7.73">
        <vehicle id="cfm-fast_0" eclass="HBEFA3/PC_G_EU4" CO2="112760.38" CO="3297.47" HC="17.93" NOx="51.72" PMx="3.37" fuel="48.47" electricity="0.00" noise="108.09" route="routebottom" type="cfm-fast" waiting="0.00" lane="bottom_1" pos="5.11" speed="71.33" angle="85.34" x="74.12" y="-0.81"/>
        <vehicle id="cfm-fast_1" eclass="HBEFA3/PC_G_EU4" CO2="8809.74" CO="112.82" HC="0.73" NOx="3.48" PMx="0.19" fuel="3.79" electricity="0.00" noise="72.89" route="routetop" type="cfm-fast" waiting="0.00" lane="top_0" pos="4.15" speed="25.43" angle="267.07" x="54.66" y="131.68"/>
        <vehicle id="cfm-fast_2" eclass="HBEFA3/PC_G_EU4" CO2="51693.03" CO="2212.06" HC="11.49" NOx="22.86" PMx="1.85" fuel="22.22" electricity="0.00" noise="94.91" route="routebottom" type="cfm-fast" waiting="0.00" lane="right_1" pos="18.16" speed="75.28" angle="331.84" x="118.63" y="98.94"/>
        <vehicle id="cfm-fast_3" eclass="HBEFA3/PC_G_EU4" CO2="16581.99" CO="275.70" HC="1.67" NOx="7.13" PMx="0.39" fuel="7.13" electricity="0.00" noise="76.39" route="routetop" type="cfm-fast" waiting="0.00" lane="top_0" pos="20.59" speed="26.17" angle="237.42" x="22.31" y="118.40"/>
        <vehicle id="cfm-fast_4" eclass="HBEFA3/PC_G_EU4" CO2="0.00" CO="0.00" HC="0.00" NOx="0.00" PMx="0.00" fuel="0.00" electricity="0.00" noise="90.30" route="routetop" type="cfm-fast" waiting="0.00" lane="top_1" pos="34.87" speed="75.62" angle="211.81" x="5.60" y="93.55"/>
        <vehicle id="cfm-fast_5" eclass="HBEFA3/PC_G_EU4" CO2="20127.47" CO="357.52" HC="2.13" NOx="8.77" PMx="0.49" fuel="8.65" electricity="0.00" noise="78.31" route="routetop" type="cfm-fast" waiting="0.00" lane="top_0" pos="37.90" speed="27.96" angle="206.31" x="-0.02" y="89.16"/>
        <vehicle id="cfm-slow_0" eclass="HBEFA3/PC_G_EU4" CO2="17248.03" CO="311.52" HC="1.85" NOx="7.37" PMx="0.43" fuel="7.41" electricity="0.00" noise="77.30" route="routetop" type="cfm-slow" waiting="0.00" lane="left_0" pos="7.08" speed="29.99" angle="171.68" x="-3.23" y="48.46"/>
        <vehicle id="cfm-slow_1" eclass="HBEFA3/PC_G_EU4" CO2="8035.55" CO="132.82" HC="0.81" NOx="2.99" PMx="0.19" fuel="3.45" electricity="0.00" noise="74.89" route="routetop" type="cfm-slow" waiting="0.00" lane="left_0" pos="32.29" speed="31.37" angle="126.45" x="27.41" y="5.41"/>
        <vehicle id="cfm-slow_2" eclass="HBEFA3/PC_G_EU4" CO2="0.00" CO="0.00" HC="0.00" NOx="0.00" PMx="0.00" fuel="0.00" electricity="0.00" noise="73.35" route="routebottom" type="cfm-slow" waiting="0.00" lane="bottom_0" pos="8.80" speed="31.44" angle="78.55" x="82.45" y="-2.32"/>
        <vehicle id="cfm-slow_3" eclass="HBEFA3/PC_G_EU4" CO2="0.00" CO="0.00" HC="0.00" NOx="0.00" PMx="0.00" fuel="0.00" electricity="0.00" noise="72.37" route="routebottom" type="cfm-slow" waiting="0.00" lane="bottom_0" pos="35.26" speed="30.13" angle="31.09" x="125.02" y="32.99"/>
        <vehicle id="cfm-slow_4" eclass="HBEFA3/PC_G_EU4" CO2="0.00" CO="0.00" HC="0.00" NOx="0.00" PMx="0.00" fuel="0.00" electricity="0.00" noise="71.38" route="routebottom" type="cfm-slow" waiting="0.00" lane="right_0" pos="10.28" speed="28.02" angle="346.00" x="128.72" y="85.49"/>
        <vehicle id="cfm-slow_5" eclass="HBEFA3/PC_G_EU4" CO2="0.00" CO="0.00" HC="0.00" NOx="0.00" PMx="0.00" fuel="0.00" electricity="0.00" noise="71.04" route="routebottom" type="cfm-slow" waiting="0.00" lane="right_0" pos="33.12" speed="26.16" angle="304.88" x="98.39" y="122.82"/>
    </timestep>
    <timestep time="7.74">
        <vehicle id="cfm-fast_0" eclass="HBEFA3/PC_G_EU4" CO2="112194.89" CO="3287.61" HC="17.88" NOx="51.46" PMx="3.35" fuel="48.23" electricity="0.00" noise="107.96" route="routebottom" type="cfm-fast" waiting="0.00" lane="bottom_1" pos="5.82" speed="71.38" angle="84.00" x="75.56" y="-0.55"/>
        <vehicle id="cfm-fast_1" eclass="HBEFA3/PC_G_EU4" CO2="8882.80" CO="114.35" HC="0.74" NOx="3.52" PMx="0.19" fuel="3.82" electricity="0.00" noise="72.92" route="routetop" type="cfm-fast" waiting="0.00" lane="top_0" pos="4.41" speed="25.44" angle="266.61" x="54.12" y="131.60"/>
        <vehicle id="cfm-fast_2" eclass="HBEFA3/PC_G_EU4" CO2="51390.37" CO="2206.15" HC="11.46" NOx="22.71" PMx="1.84" fuel="22.09" electricity="0.00" noise="94.86" route="routebottom" type="cfm-fast" waiting="0.00" lane="right_1" pos="18.91" speed="75.28" angle="330.42" x="117.77" y="100.22"/>
        <vehicle id="cfm-fast_3" eclass="HBEFA3/PC_G_EU4" CO2="16615.75" CO="276.46" HC="1.67" NOx="7.15" PMx="0.40" fuel="7.14" electricity="0.00" noise="76.41" route="routetop" type="cfm-fast" waiting="0.00" lane="top_0" pos="20.85" speed="26.18" angle="236.94" x="21.86" y="118.05"/>
        <vehicle id="cfm-fast_4" eclass="HBEFA3/PC_G_EU4" CO2="0.00" CO="0.00" HC="0.00" NOx="0.00" PMx="0.00" fuel="0.00" electricity="0.00" noise="90.33" route="routetop" type="cfm-fast" waiting="0.00" lane="top_1" pos="35.63" speed="75.62" angle="210.43" x="4.90" y="92.16"/>
        <vehicle id="cfm-fast_5" eclass="HBEFA3/PC_G_EU4" CO2="20103.85" CO="357.15" HC="2.13" NOx="8.76" PMx="0.49" fuel="8.64" electricity="0.00" noise="78.30" route="routetop" type="cfm-fast" waiting="0.00" lane="top_0" pos="38.18" speed="27.98" angle="205.79" x="-0.25" y="88.60"/>
        <vehicle id="cfm-slow_0" eclass="HBEFA3/PC_G_EU4" CO2="17163.45" CO="309.89" HC="1.84" NOx="7.33" PMx="0.42" fuel="7.38" electricity="0.00" noise="77.27" route="routetop" type="cfm-slow" waiting="0.00" lane="left_0" pos="7.38" speed="30.00" angle="171.11" x="-3.09" y="47.83"/>
        <vehicle id="cfm-slow_1" eclass="HBEFA3/PC_G_EU4" CO2="7923.26" CO="130.53" HC="0.80" NOx="2.94" PMx="0.19" fuel="3.41" electricity="0.00" noise="74.86" route="routetop" type="cfm-slow" waiting="0.00" lane="left_0" pos="32.60" speed="31.37" angle="125.87" x="27.98" y="5.07"/>
        <vehicle id="cfm-slow_2" eclass="HBEFA3/PC_G_EU4" CO2="0.00" CO="0.00" HC="0.00" NOx="0.00" PMx="0.00" fuel="0.00" electricity="0.00" noise="73.34" route="routebottom" type="cfm-slow" waiting="0.00" lane="bottom_0" pos="9.11" speed="31.43" angle="78.03" x="83.10" y="-2.13"/>
        <vehicle id="cfm-slow_3" eclass="HBEFA3/PC_G_EU4" CO2="0.00" CO="0.00" HC="0.00" NOx="0.00" PMx="0.00" fuel="0.00" electricity="0.00" noise="72.36" route="routebottom" type="cfm-slow" waiting="0.00" lane="bottom_0" pos="35.56" speed="30.11" angle="30.54" x="125.32" y="33.57"/>
        <vehicle id="cfm-slow_4" eclass="HBEFA3/PC_G_EU4" CO2="0.00" CO="0.00" HC="0.00" NOx="0.00" PMx="0.00" fuel="0.00" electricity="0.00" noise="71.38" route="routebottom" type="cfm-slow" waiting="0.00" lane="right_0" pos="10.56" speed="28.00" angle="345.47" x="128.51" y="86.06"/>
        <vehicle id="cfm-slow_5" eclass="HBEFA3/PC_G_EU4" CO2="0.00" CO="0.00" HC="0.00" NOx="0.00" PMx="0.00" fuel="0.00" electricity="0.00" noise="71.05" route="routebottom" type="cfm-slow" waiting="0.00" lane="right_0" pos="33.38" speed="26.15" angle="304.45" x="97.90" y="123.11"/>
    </timestep>
    <timestep time="7.75">
        <vehicle id="cfm-fast_0" eclass="HBEFA3/PC_G_EU4" CO2="111631.19" CO="3277.76" HC="17.82" NOx="51.19" PMx="3.34" fuel="47.99" electricity="0.00" noise="107.83" route="routebottom" type="cfm-fast" waiting="0.00" lane="bottom_1" pos="6.53" speed="71.42" angle="82.72" x="76.99" y="-0.27"/>
        <vehicle id="cfm-fast_1" eclass="HBEFA3/PC_G_EU4" CO2="8955.49" CO="115.87" HC="0.75" NOx="3.55" PMx="0.19" fuel="3.85" electricity="0.00" noise="72.95" route="routetop" type="cfm-fast" waiting="0.00" lane="top_0" pos="4.66" speed="25.44" angle="266.14" x="53.58" y="131.52"/>
        <vehicle id="cfm-fast_2" eclass="HBEFA3/PC_G_EU4" CO2="51092.75" CO="2200.34" HC="11.42" NOx="22.57" PMx="1.83" fuel="21.96" electricity="0.00" noise="94.80" route="routebottom" type="cfm-fast" waiting="0.00" lane="right_1" pos="19.66" speed="75.29" angle="329.07" x="116.89" y="101.49"/>
        <vehicle id="cfm-fast_3" eclass="HBEFA3/PC_G_EU4" CO2="16649.03" CO="277.22" HC="1.68" NOx="7.17" PMx="0.40" fuel="7.16" electricity="0.00" noise="76.43" route="routetop" type="cfm-fast" waiting="0.00" lane="top_0" pos="21.11" speed="26.20" angle="236.46" x="21.42" y="117.70"/>
        <vehicle id="cfm-fast_4" eclass="HBEFA3/PC_G_EU4" CO2="0.00" CO="0.00" HC="0.00" NOx="0.00" PMx="0.00" fuel="0.00" electricity="0.00" noise="90.36" route="routetop" type="cfm-fast" waiting="0.00" lane="top_1" pos="36.39" speed="75.61" angle="209.07" x="4.25" y="90.76"/>
        <vehicle id="cfm-fast_5" eclass="HBEFA3/PC_G_EU4" CO2="20079.68" CO="356.77" HC="2.13" NOx="8.74" PMx="0.49" fuel="8.63" electricity="0.00" noise="78.29" route="routetop" type="cfm-fast" waiting="0.00" lane="top_0" pos="38.46" speed="28.00" angle="205.32" x="-0.47" y="88.04"/>
        <vehicle id="cfm-slow_0" eclass="HBEFA3/PC_G_EU4" CO2="17078.54" CO="308.24" HC="1.83" NOx="7.28" PMx="0.42" fuel="7.34" electricity="0.00" noise="77.24" route="routetop" type="cfm-slow" waiting="0.00" lane="left_0" pos="7.68" speed="30.02" angle="170.60" x="-2.94" y="47.20"/>
        <vehicle id="cfm-slow_1" eclass="HBEFA3/PC_G_EU4" CO2="7811.25" CO="128.24" HC="0.79" NOx="2.88" PMx="0.18" fuel="3.36" electricity="0.00" noise="74.84" route="routetop" type="cfm-slow" waiting="0.00" lane="left_0" pos="32.92" speed="31.37" angle="125.28" x="28.56" y="4.72"/>
        <vehicle id="cfm-slow_2" eclass="HBEFA3/PC_G_EU4" CO2="0.00" CO="0.00" HC="0.00" NOx="0.00" PMx="0.00" fuel="0.00" electricity="0.00" noise="73.33" route="routebottom" type="cfm-slow" waiting="0.00" lane="bottom_0" pos="9.43" speed="31.42" angle="77.45" x="83.75" y="-1.93"/>
        <vehicle id="cfm-slow_3" eclass="HBEFA3/PC_G_EU4" CO2="0.00" CO="0.00" HC="0.00" NOx="0.00" PMx="0.00" fuel="0.00" electricity="0.00" noise="72.35" route="routebottom" type="cfm-slow" waiting="0.00" lane="bottom_0" pos="35.86" speed="30.09" angle="30.03" x="125.61" y="34.15"/>
        <vehicle id="cfm-slow_4" eclass="HBEFA3/PC_G_EU4" CO2="0.00" CO="0.00" HC="0.00" NOx="0.00" PMx="0.00" fuel="0.00" electricity="0.00" noise="71.37" route="routebottom" type="cfm-slow" waiting="0.00" lane="right_0" pos="10.84" speed="27.98" angle="344.94" x="128.31" y="86.63"/>
        <vehicle id="cfm-slow_5" eclass="HBEFA3/PC_G_EU4" CO2="0.00" CO="0.00" HC="0.00" NOx="0.00" PMx="0.00" fuel="0.00" electricity="0.00" noise="71.06" route="routebottom" type="cfm-slow" waiting="0.00" lane="right_0" pos="33.64" speed="26.14" angle="303.97" x="97.41" y="123.38"/>
    </timestep>
    <timestep time="7.76">
        <vehicle id="cfm-fast_0" eclass="HBEFA3/PC_G_EU4" CO2="111069.30" CO="3267.95" HC="17.76" NOx="50.92" PMx="3.33" fuel="47.74" electricity="0.00" noise="107.70" route="routebottom" type="cfm-fast" waiting="0.00" lane="bottom_1" pos="7.25" speed="71.46" angle="81.41" x="78.42" y="0.05"/>
        <vehicle id="cfm-fast_1" eclass="HBEFA3/PC_G_EU4" CO2="9027.84" CO="117.38" HC="0.76" NOx="3.59" PMx="0.20" fuel="3.88" electricity="0.00" noise="72.98" route="routetop" type="cfm-fast" waiting="0.00" lane="top_0" pos="4.92" speed="25.45" angle="265.68" x="53.04" y="131.44"/>
        <vehicle id="cfm-fast_2" eclass="HBEFA3/PC_G_EU4" CO2="50800.13" CO="2194.63" HC="11.39" NOx="22.44" PMx="1.82" fuel="21.84" electricity="0.00" noise="94.74" route="routebottom" type="cfm-fast" waiting="0.00" lane="right_1" pos="20.42" speed="75.30" angle="327.68" x="115.98" y="102.74"/>
        <vehicle id="cfm-fast_3" eclass="HBEFA3/PC_G_EU4" CO2="16681.81" CO="277.97" HC="1.68" NOx="7.18" PMx="0.40" fuel="7.17" electricity="0.00" noise="76.45" route="routetop" type="cfm-fast" waiting="0.00" lane="top_0" pos="21.38" speed="26.22" angle="235.97" x="20.98" y="117.36"/>
        <vehicle id="cfm-fast_4" eclass="HBEFA3/PC_G_EU4" CO2="0.00" CO="0.00" HC="0.00" NOx="0.00" PMx="0.00" fuel="0.00" electricity="0.00" noise="90.39" route="routetop" type="cfm-fast" waiting="0.00" lane="top_1" pos="37.14" speed="75.61" angle="207.68" x="3.61" y="89.35"/>
        <vehicle id="cfm-fast_5" eclass="HBEFA3/PC_G_EU4" CO2="20054.94" CO="356.38" HC="2.12" NOx="8.73" PMx="0.49" fuel="8.62" electricity="0.00" noise="78.28" route="routetop" type="cfm-fast" waiting="0.00" lane="top_0" pos="38.74" speed="28.02" angle="204.81" x="-0.67" y="87.48"/>
        <vehicle id="cfm-slow_0" eclass="HBEFA3/PC_G_EU4" CO2="16993.32" CO="306.60" HC="1.82" NOx="7.24" PMx="0.42" fuel="7.30" electricity="0.00" noise="77.21" route="routetop" type="cfm-slow" waiting="0.00" lane="left_0" pos="7.98" speed="30.03" angle="170.05" x="-2.77" y="46.58"/>
        <vehicle id="cfm-slow_1" eclass="HBEFA3/PC_G_EU4" CO2="7699.55" CO="125.95" HC="0.77" NOx="2.83" PMx="0.18" fuel="3.31" electricity="0.00" noise="74.82" route="routetop" type="cfm-slow" waiting="0.00" lane="left_0" pos="33.23" speed="31.37" angle="124.70" x="29.14" y="4.37"/>
        <vehicle id="cfm-slow_2" eclass="HBEFA3/PC_G_EU4" CO2="0.00" CO="0.00" HC="0.00" NOx="0.00" PMx="0.00" fuel="0.00" electricity="0.00" noise="73.32" route="routebottom" type="cfm-slow" waiting="0.00" lane="bottom_0" pos="9.74" speed="31.41" angle="76.87" x="84.39" y="-1.73"/>
        <vehicle id="cfm-slow_3" eclass="HBEFA3/PC_G_EU4" CO2="0.00" CO="0.00" HC="0.00" NOx="0.00" PMx="0.00" fuel="0.00" electricity="0.00" noise="72.34" route="routebottom" type="cfm-slow" waiting="0.00" lane="bottom_0" pos="36.16" speed="30.07" angle="29.48" x="125.88" y="34.73"/>
        <vehicle id="cfm-slow_4" eclass="HBEFA3/PC_G_EU4" CO2="0.00" CO="0.00" HC="0.00" NOx="0.00" PMx="0.00" fuel="0.00" electricity="0.00" noise="71.37" route="routebottom" type="cfm-slow" waiting="0.00" lane="right_0" pos="11.12" speed="27.96" angle="344.40" x="128.10" y="87.19"/>
        <vehicle id="cfm-slow_5" eclass="HBEFA3/PC_G_EU4" CO2="0.00" CO="0.00" HC="0.00" NOx="0.00" PMx="0.00" fuel="0.00" electricity="0.00" noise="71.06" route="routebottom" type="cfm-slow" waiting="0.00" lane="right_0" pos="33.90" speed="26.13" angle="303.50" x="96.92" y="123.66"/>
    </timestep>
    <timestep time="7.77">
        <vehicle id="cfm-fast_0" eclass="HBEFA3/PC_G_EU4" CO2="110509.27" CO="3258.16" HC="17.70" NOx="50.66" PMx="3.31" fuel="47.50" electricity="0.00" noise="107.56" route="routebottom" type="cfm-fast" waiting="0.00" lane="bottom_1" pos="7.96" speed="71.50" angle="80.14" x="79.85" y="0.40"/>
        <vehicle id="cfm-fast_1" eclass="HBEFA3/PC_G_EU4" CO2="9099.83" CO="118.89" HC="0.77" NOx="3.62" PMx="0.20" fuel="3.91" electricity="0.00" noise="73.01" route="routetop" type="cfm-fast" waiting="0.00" lane="top_0" pos="5.17" speed="25.46" angle="265.18" x="52.49" y="131.36"/>
        <vehicle id="cfm-fast_2" eclass="HBEFA3/PC_G_EU4" CO2="50512.45" CO="2189.01" HC="11.36" NOx="22.30" PMx="1.82" fuel="21.71" electricity="0.00" noise="94.69" route="routebottom" type="cfm-fast" waiting="0.00" lane="right_1" pos="21.17" speed="75.30" angle="326.35" x="115.04" y="103.96"/>
        <vehicle id="cfm-fast_3" eclass="HBEFA3/PC_G_EU4" CO2="16714.11" CO="278.71" HC="1.69" NOx="7.20" PMx="0.40" fuel="7.18" electricity="0.00" noise="76.47" route="routetop" type="cfm-fast" waiting="0.00" lane="top_0" pos="21.64" speed="26.24" angle="235.49" x="20.53" y="117.01"/>
        <vehicle id="cfm-fast_4" eclass="HBEFA3/PC_G_EU4" CO2="0.00" CO="0.00" HC="0.00" NOx="0.00" PMx="0.00" fuel="0.00" electricity="0.00" noise="90.42" route="routetop" type="cfm-fast" waiting="0.00" lane="top_1" pos="37.90" speed="75.60" angle="206.27" x="3.03" y="87.91"/>
        <vehicle id="cfm-fast_5" eclass="HBEFA3/PC_G_EU4" CO2="20029.65" CO="355.98" HC="2.12" NOx="8.72" PMx="0.49" fuel="8.61" electricity="0.00" noise="78.27" route="routetop" type="cfm-fast" waiting="0.00" lane="top_0" pos="39.02" speed="28.04" angle="204.30" x="-0.88" y="86.91"/>
        <vehicle id="cfm-slow_0" eclass="HBEFA3/PC_G_EU4" CO2="16907.78" CO="304.94" HC="1.81" NOx="7.20" PMx="0.42" fuel="7.27" electricity="0.00" noise="77.18" route="routetop" type="cfm-slow" waiting="0.00" lane="left_0" pos="8.28" speed="30.04" angle="169.50" x="-2.61" y="45.95"/>
        <vehicle id="cfm-slow_1" eclass="HBEFA3/PC_G_EU4" CO2="7588.14" CO="123.67" HC="0.76" NOx="2.78" PMx="0.18" fuel="3.26" electricity="0.00" noise="74.79" route="routetop" type="cfm-slow" waiting="0.00" lane="left_0" pos="33.54" speed="31.37" angle="124.18" x="29.73" y="4.04"/>
        <vehicle id="cfm-slow_2" eclass="HBEFA3/PC_G_EU4" CO2="0.00" CO="0.00" HC="0.00" NOx="0.00" PMx="0.00" fuel="0.00" electricity="0.00" noise="73.30" route="routebottom" type="cfm-slow" waiting="0.00" lane="bottom_0" pos="10.06" speed="31.39" angle="76.29" x="85.04" y="-1.53"/>
        <vehicle id="cfm-slow_3" eclass="HBEFA3/PC_G_EU4" CO2="0.00" CO="0.00" HC="0.00" NOx="0.00" PMx="0.00" fuel="0.00" electricity="0.00" noise="72.33" route="routebottom" type="cfm-slow" waiting="0.00" lane="bottom_0" pos="36.46" speed="30.05" angle="28.89" x="126.14" y="35.33"/>
        <vehicle id="cfm-slow_4" eclass="HBEFA3/PC_G_EU4" CO2="0.00" CO="0.00" HC="0.00" NOx="0.00" PMx="0.00" fuel="0.00" electricity="0.00" noise="71.36" route="routebottom" type="cfm-slow" waiting="0.00" lane="right_0" pos="11.40" speed="27.94" angle="343.88" x="127.89" y="87.76"/>
        <vehicle id="cfm-slow_5" eclass="HBEFA3/PC_G_EU4" CO2="0.00" CO="0.00" HC="0.00" NOx="0.00" PMx="0.00" fuel="0.00" electricity="0.00" noise="71.07" route="routebottom" type="cfm-slow" waiting="0.00" lane="right_0" pos="34.16" speed="26.13" angle="303.02" x="96.43" y="123.93"/>
    </timestep>
    <timestep time="7.78">
        <vehicle id="cfm-fast_0" eclass="HBEFA3/PC_G_EU4" CO2="109951.14" CO="3248.39" HC="17.64" NOx="50.39" PMx="3.30" fuel="47.26" electricity="0.00" noise="107.43" route="routebottom" type="cfm-fast" waiting="0.00" lane="bottom_1" pos="8.68" speed="71.54" angle="78.80" x="81.27" y="0.78"/>
        <vehicle id="cfm-fast_1" eclass="HBEFA3/PC_G_EU4" CO2="9171.46" CO="120.39" HC="0.78" NOx="3.65" PMx="0.20" fuel="3.94" electricity="0.00" noise="73.03" route="routetop" type="cfm-fast" waiting="0.00" lane="top_0" pos="5.43" speed="25.46" angle="264.70" x="51.96" y="131.26"/>
        <vehicle id="cfm-fast_2" eclass="HBEFA3/PC_G_EU4" CO2="50229.64" CO="2183.48" HC="11.32" NOx="22.17" PMx="1.81" fuel="21.59" electricity="0.00" noise="94.63" route="routebottom" type="cfm-fast" waiting="0.00" lane="right_1" pos="21.92" speed="75.31" angle="325.02" x="114.08" y="105.17"/>
        <vehicle id="cfm-fast_3" eclass="HBEFA3/PC_G_EU4" CO2="16745.91" CO="279.44" HC="1.69" NOx="7.21" PMx="0.40" fuel="7.20" electricity="0.00" noise="76.48" route="routetop" type="cfm-fast" waiting="0.00" lane="top_0" pos="21.90" speed="26.25" angle="235.06" x="20.09" y="116.65"/>
        <vehicle id="cfm-fast_4" eclass="HBEFA3/PC_G_EU4" CO2="0.00" CO="0.00" HC="0.00" NOx="0.00" PMx="0.00" fuel="0.00" electricity="0.00" noise="90.45" route="routetop" type="cfm-fast" waiting="0.00" lane="top_1" pos="38.65" speed="75.59" angle="204.92" x="2.47" y="86.46"/>
        <vehicle id="cfm-fast_5" eclass="HBEFA3/PC_G_EU4" CO2="20003.80" CO="355.56" HC="2.12" NOx="8.71" PMx="0.49" fuel="8.60" electricity="0.00" noise="78.26" route="routetop" type="cfm-fast" waiting="0.00" lane="top_0" pos="39.30" speed="28.06" angle="203.78" x="-1.08" y="86.34"/>
        <vehicle id="cfm-slow_0" eclass="HBEFA3/PC_G_EU4" CO2="16821.95" CO="303.28" HC="1.80" NOx="7.16" PMx="0.41" fuel="7.23" electricity="0.00" noise="77.15" route="routetop" type="cfm-slow" waiting="0.00" lane="left_0" pos="8.58" speed="30.06" angle="168.95" x="-2.44" y="45.33"/>
        <vehicle id="cfm-slow_1" eclass="HBEFA3/PC_G_EU4" CO2="7477.03" CO="121.40" HC="0.75" NOx="2.73" PMx="0.18" fuel="3.21" electricity="0.00" noise="74.77" route="routetop" type="cfm-slow" waiting="0.00" lane="left_0" pos="33.86" speed="31.37" angle="123.60" x="30.32" y="3.71"/>
        <vehicle id="cfm-slow_2" eclass="HBEFA3/PC_G_EU4" CO2="0.00" CO="0.00" HC="0.00" NOx="0.00" PMx="0.00" fuel="0.00" electricity="0.00" noise="73.29" route="routebottom" type="cfm-slow" waiting="0.00" lane="bottom_0" pos="10.37" speed="31.38" angle="75.78" x="85.68" y="-1.32"/>
        <vehicle id="cfm-slow_3" eclass="HBEFA3/PC_G_EU4" CO2="0.00" CO="0.00" HC="0.00" NOx="0.00" PMx="0.00" fuel="0.00" electricity="0.00" noise="72.32" route="routebottom" type="cfm-slow" waiting="0.00" lane="bottom_0" pos="36.77" speed="30.03" angle="28.31" x="126.40" y="35.92"/>
        <vehicle id="cfm-slow_4" eclass="HBEFA3/PC_G_EU4" CO2="0.00" CO="0.00" HC="0.00" NOx="0.00" PMx="0.00" fuel="0.00" electricity="0.00" noise="71.35" route="routebottom" type="cfm-slow" waiting="0.00" lane="right_0" pos="11.68" speed="27.93" angle="343.42" x="127.68" y="88.32"/>
        <vehicle id="cfm-slow_5" eclass="HBEFA3/PC_G_EU4" CO2="0.00" CO="0.00" HC="0.00" NOx="0.00" PMx="0.00" fuel="0.00" electricity="0.00" noise="71.08" route="routebottom" type="cfm-slow" waiting="0.00" lane="right_0" pos="34.43" speed="26.12" angle="302.55" x="95.94" y="124.20"/>
    </timestep>
    <timestep time="7.79">
        <vehicle id="cfm-fast_0" eclass="HBEFA3/PC_G_EU4" CO2="109394.93" CO="3238.65" HC="17.58" NOx="50.13" PMx="3.29" fuel="47.02" electricity="0.00" noise="107.30" route="routebottom" type="cfm-fast" waiting="0.00" lane="bottom_1" pos="9.40" speed="71.58" angle="77.54" x="82.67" y="1.19"/>
        <vehicle id="cfm-fast_1" eclass="HBEFA3/PC_G_EU4" CO2="9242.74" CO="121.89" HC="0.79" NOx="3.69" PMx="0.20" fuel="3.97" electricity="0.00" noise="73.06" route="routetop" type="cfm-fast" waiting="0.00" lane="top_0" pos="5.68" speed="25.47" angle="264.23" x="51.42" y="131.16"/>
        <vehicle id="cfm-fast_2" eclass="HBEFA3/PC_G_EU4" CO2="49951.66" CO="2178.05" HC="11.29" NOx="22.04" PMx="1.80" fuel="21.47" electricity="0.00" noise="94.58" route="routebottom" type="cfm-fast" waiting="0.00" lane="right_1" pos="22.68" speed="75.32" angle="323.65" x="113.08" y="106.35"/>
        <vehicle id="cfm-fast_3" eclass="HBEFA3/PC_G_EU4" CO2="16777.21" CO="280.16" HC="1.69" NOx="7.22" PMx="0.40" fuel="7.21" electricity="0.00" noise="76.50" route="routetop" type="cfm-fast" waiting="0.00" lane="top_0" pos="22.16" speed="26.27" angle="234.57" x="19.66" y="116.29"/>
        <vehicle id="cfm-fast_4" eclass="HBEFA3/PC_G_EU4" CO2="0.00" CO="0.00" HC="0.00" NOx="0.00" PMx="0.00" fuel="0.00" electricity="0.00" noise="90.48" route="routetop" type="cfm-fast" waiting="0.00" lane="top_1" pos="39.41" speed="75.59" angle="203.54" x="1.95" y="85.00"/>
        <vehicle id="cfm-fast_5" eclass="HBEFA3/PC_G_EU4" CO2="19977.40" CO="355.14" HC="2.12" NOx="8.69" PMx="0.49" fuel="8.59" electricity="0.00" noise="78.25" route="routetop" type="cfm-fast" waiting="0.00" lane="top_0" pos="39.58" speed="28.08" angle="203.26" x="-1.29" y="85.77"/>
        <vehicle id="cfm-slow_0" eclass="HBEFA3/PC_G_EU4" CO2="16735.81" CO="301.61" HC="1.80" NOx="7.12" PMx="0.41" fuel="7.19" electricity="0.00" noise="77.12" route="routetop" type="cfm-slow" waiting="0.00" lane="left_0" pos="8.88" speed="30.07" angle="168.43" x="-2.27" y="44.70"/>
        <vehicle id="cfm-slow_1" eclass="HBEFA3/PC_G_EU4" CO2="7366.24" CO="119.13" HC="0.73" NOx="2.67" PMx="0.17" fuel="3.17" electricity="0.00" noise="74.75" route="routetop" type="cfm-slow" waiting="0.00" lane="left_0" pos="34.17" speed="31.38" angle="123.02" x="30.91" y="3.38"/>
        <vehicle id="cfm-slow_2" eclass="HBEFA3/PC_G_EU4" CO2="0.00" CO="0.00" HC="0.00" NOx="0.00" PMx="0.00" fuel="0.00" electricity="0.00" noise="73.28" route="routebottom" type="cfm-slow" waiting="0.00" lane="bottom_0" pos="10.68" speed="31.37" angle="75.20" x="86.31" y="-1.09"/>
        <vehicle id="cfm-slow_3" eclass="HBEFA3/PC_G_EU4" CO2="0.00" CO="0.00" HC="0.00" NOx="0.00" PMx="0.00" fuel="0.00" electricity="0.00" noise="72.31" route="routebottom" type="cfm-slow" waiting="0.00" lane="bottom_0" pos="37.07" speed="30.01" angle="27.73" x="126.67" y="36.50"/>
        <vehicle id="cfm-slow_4" eclass="HBEFA3/PC_G_EU4" CO2="0.00" CO="0.00" HC="0.00" NOx="0.00" PMx="0.00" fuel="0.00" electricity="0.00" noise="71.35" route="routebottom" type="cfm-slow" waiting="0.00" lane="right_0" pos="11.96" speed="27.91" angle="342.91" x="127.46" y="88.87"/>
        <vehicle id="cfm-slow_5" eclass="HBEFA3/PC_G_EU4" CO2="0.00" CO="0.00" HC="0.00" NOx="0.00" PMx="0.00" fuel="0.00" electricity="0.00" noise="71.09" route="routebottom" type="cfm-slow" waiting="0.00" lane="right_0" pos="34.69" speed="26.11" angle="302.14" x="95.44" y="124.47"/>
    </timestep>
    <timestep time="7.80">
        <vehicle id="cfm-fast_0" eclass="HBEFA3/PC_G_EU4" CO2="108840.69" CO="3228.94" HC="17.53" NOx="49.87" PMx="3.27" fuel="46.79" electricity="0.00" noise="107.17" route="routebottom" type="cfm-fast" waiting="0.00" lane="bottom_1" pos="10.11" speed="71.62" angle="76.24" x="84.08" y="1.63"/>
        <vehicle id="cfm-fast_1" eclass="HBEFA3/PC_G_EU4" CO2="9313.66" CO="123.37" HC="0.79" NOx="3.72" PMx="0.20" fuel="4.00" electricity="0.00" noise="73.09" route="routetop" type="cfm-fast" waiting="0.00" lane="top_0" pos="5.93" speed="25.48" angle="263.75" x="50.88" y="131.06"/>
        <vehicle id="cfm-fast_2" eclass="HBEFA3/PC_G_EU4" CO2="49678.44" CO="2172.70" HC="11.26" NOx="21.91" PMx="1.79" fuel="21.35" electricity="0.00" noise="94.53" route="routebottom" type="cfm-fast" waiting="0.00" lane="right_1" pos="23.43" speed="75.32" angle="322.35" x="112.06" y="107.51"/>
        <vehicle id="cfm-fast_3" eclass="HBEFA3/PC_G_EU4" CO2="16808.03" CO="280.87" HC="1.70" NOx="7.24" PMx="0.40" fuel="7.22" electricity="0.00" noise="76.52" route="routetop" type="cfm-fast" waiting="0.00" lane="top_0" pos="22.43" speed="26.29" angle="234.08" x="19.23" y="115.92"/>
        <vehicle id="cfm-fast_4" eclass="HBEFA3/PC_G_EU4" CO2="0.00" CO="0.00" HC="0.00" NOx="0.00" PMx="0.00" fuel="0.00" electricity="0.00" noise="90.51" route="routetop" type="cfm-fast" waiting="0.00" lane="top_1" pos="40.17" speed="75.58" angle="202.21" x="1.46" y="83.53"/>
        <vehicle id="cfm-fast_5" eclass="HBEFA3/PC_G_EU4" CO2="19950.44" CO="354.70" HC="2.11" NOx="8.68" PMx="0.49" fuel="8.58" electricity="0.00" noise="78.24" route="routetop" type="cfm-fast" waiting="0.00" lane="top_0" pos="39.86" speed="28.10" angle="202.81" x="-1.48" y="85.20"/>
        <vehicle id="cfm-slow_0" eclass="HBEFA3/PC_G_EU4" CO2="16649.38" CO="299.93" HC="1.79" NOx="7.08" PMx="0.41" fuel="7.16" electricity="0.00" noise="77.09" route="routetop" type="cfm-slow" waiting="0.00" lane="left_0" pos="9.19" speed="30.09" angle="167.90" x="-2.09" y="44.08"/>
        <vehicle id="cfm-slow_1" eclass="HBEFA3/PC_G_EU4" CO2="7255.76" CO="116.86" HC="0.72" NOx="2.62" PMx="0.17" fuel="3.12" electricity="0.00" noise="74.73" route="routetop" type="cfm-slow" waiting="0.00" lane="left_0" pos="34.49" speed="31.38" angle="122.45" x="31.50" y="3.06"/>
        <vehicle id="cfm-slow_2" eclass="HBEFA3/PC_G_EU4" CO2="0.00" CO="0.00" HC="0.00" NOx="0.00" PMx="0.00" fuel="0.00" electricity="0.00" noise="73.27" route="routebottom" type="cfm-slow" waiting="0.00" lane="bottom_0" pos="11.00" speed="31.36" angle="74.61" x="86.95" y="-0.86"/>
        <vehicle id="cfm-slow_3" eclass="HBEFA3/PC_G_EU4" CO2="0.00" CO="0.00" HC="0.00" NOx="0.00" PMx="0.00" fuel="0.00" electricity="0.00" noise="72.30" route="routebottom" type="cfm-slow" waiting="0.00" lane="bottom_0" pos="37.37" speed="29.99" angle="27.25" x="126.92" y="37.10"/>
        <vehicle id="cfm-slow_4" eclass="HBEFA3/PC_G_EU4" CO2="0.00" CO="0.00" HC="0.00" NOx="0.00" PMx="0.00" fuel="0.00" electricity="0.00" noise="71.34" route="routebottom" type="cfm-slow" waiting="0.00" lane="right_0" pos="12.24" speed="27.89" angle="342.40" x="127.23" y="89.43"/>
        <vehicle id="cfm-slow_5" eclass="HBEFA3/PC_G_EU4" CO2="0.00" CO="0.00" HC="0.00" NOx="0.00" PMx="0.00" fuel="0.00" electricity="0.00" noise="71.10" route="routebottom" type="cfm-slow" waiting="0.00" lane="right_0" pos="34.95" speed="26.10" angle="301.66" x="94.94" y="124.72"/>
    </timestep>
    <timestep time="7.81">
        <vehicle id="cfm-fast_0" eclass="HBEFA3/PC_G_EU4" CO2="108288.44" CO="3219.25" HC="17.47" NOx="49.61" PMx="3.26" fuel="46.55" electricity="0.00" noise="107.04" route="routebottom" type="cfm-fast" waiting="0.00" lane="bottom_1" pos="10.83" speed="71.66" angle="74.98" x="85.46" y="2.11"/>
        <vehicle id="cfm-fast_1" eclass="HBEFA3/PC_G_EU4" CO2="9384.22" CO="124.85" HC="0.80" NOx="3.75" PMx="0.20" fuel="4.03" electricity="0.00" noise="73.12" route="routetop" type="cfm-fast" waiting="0.00" lane="top_0" pos="6.19" speed="25.49" angle="263.27" x="50.34" y="130.96"/>
        <vehicle id="cfm-fast_2" eclass="HBEFA3/PC_G_EU4" CO2="49409.94" CO="2167.45" HC="11.23" NOx="21.78" PMx="1.79" fuel="21.24" electricity="0.00" noise="94.47" route="routebottom" type="cfm-fast" waiting="0.00" lane="right_1" pos="24.18" speed="75.33" angle="320.97" x="111.01" y="108.64"/>
        <vehicle id="cfm-fast_3" eclass="HBEFA3/PC_G_EU4" CO2="16838.34" CO="281.57" HC="1.70" NOx="7.25" PMx="0.40" fuel="7.24" electricity="0.00" noise="76.54" route="routetop" type="cfm-fast" waiting="0.00" lane="top_0" pos="22.69" speed="26.31" angle="233.58" x="18.80" y="115.56"/>
        <vehicle id="cfm-fast_4" eclass="HBEFA3/PC_G_EU4" CO2="0.00" CO="0.00" HC="0.00" NOx="0.00" PMx="0.00" fuel="0.00" electricity="0.00" noise="90.54" route="routetop" type="cfm-fast" waiting="0.00" lane="top_1" pos="40.92" speed="75.58" angle="200.80" x="1.00" y="82.05"/>
        <vehicle id="cfm-fast_5" eclass="HBEFA3/PC_G_EU4" CO2="19922.94" CO="354.25" HC="2.11" NOx="8.67" PMx="0.49" fuel="8.56" electricity="0.00" noise="78.22" route="routetop" type="cfm-fast" waiting="0.00" lane="top_0" pos="40.15" speed="28.12" angle="202.28" x="-1.66" y="84.62"/>
        <vehicle id="cfm-slow_0" eclass="HBEFA3/PC_G_EU4" CO2="16562.66" CO="298.25" HC="1.78" NOx="7.04" PMx="0.41" fuel="7.12" electricity="0.00" noise="77.06" route="routetop" type="cfm-slow" waiting="0.00" lane="left_0" pos="9.49" speed="30.10" angle="167.34" x="-1.89" y="43.46"/>
        <vehicle id="cfm-slow_1" eclass="HBEFA3/PC_G_EU4" CO2="7145.60" CO="114.60" HC="0.71" NOx="2.57" PMx="0.17" fuel="3.07" electricity="0.00" noise="74.70" route="routetop" type="cfm-slow" waiting="0.00" lane="left_0" pos="34.80" speed="31.38" angle="121.93" x="32.10" y="2.75"/>
        <vehicle id="cfm-slow_2" eclass="HBEFA3/PC_G_EU4" CO2="0.00" CO="0.00" HC="0.00" NOx="0.00" PMx="0.00" fuel="0.00" electricity="0.00" noise="73.26" route="routebottom" type="cfm-slow" waiting="0.00" lane="bottom_0" pos="11.31" speed="31.35" angle="74.03" x="87.58" y="-0.64"/>
        <vehicle id="cfm-slow_3" eclass="HBEFA3/PC_G_EU4" CO2="0.00" CO="0.00" HC="0.00" NOx="0.00" PMx="0.00" fuel="0.00" electricity="0.00" noise="72.29" route="routebottom" type="cfm-slow" waiting="0.00" lane="bottom_0" pos="37.66" speed="29.97" angle="26.71" x="127.16" y="37.70"/>
        <vehicle id="cfm-slow_4" eclass="HBEFA3/PC_G_EU4" CO2="0.00" CO="0.00" HC="0.00" NOx="0.00" PMx="0.00" fuel="0.00" electricity="0.00" noise="71.34" route="routebottom" type="cfm-slow" waiting="0.00" lane="right_0" pos="12.51" speed="27.87" angle="341.89" x="127.01" y="89.99"/>
        <vehicle id="cfm-slow_5" eclass="HBEFA3/PC_G_EU4" CO2="0.00" CO="0.00" HC="0.00" NOx="0.00" PMx="0.00" fuel="0.00" electricity="0.00" noise="71.11" route="routebottom" type="cfm-slow" waiting="0.00" lane="right_0" pos="35.21" speed="26.10" angle="301.19" x="94.44" y="124.97"/>
    </timestep>
    <timestep time="7.82">
        <vehicle id="cfm-fast_0" eclass="HBEFA3/PC_G_EU4" CO2="107738.22" CO="3209.60" HC="17.41" NOx="49.35" PMx="3.24" fuel="46.31" electricity="0.00" noise="106.91" route="routebottom" type="cfm-fast" waiting="0.00" lane="bottom_1" pos="11.55" speed="71.70" angle="73.70" x="86.85" y="2.61"/>
        <vehicle id="cfm-fast_1" eclass="HBEFA3/PC_G_EU4" CO2="9454.42" CO="126.33" HC="0.81" NOx="3.79" PMx="0.21" fuel="4.06" electricity="0.00" noise="73.15" route="routetop" type="cfm-fast" waiting="0.00" lane="top_0" pos="6.44" speed="25.49" angle="262.86" x="49.80" y="130.86"/>
        <vehicle id="cfm-fast_2" eclass="HBEFA3/PC_G_EU4" CO2="49146.09" CO="2162.29" HC="11.20" NOx="21.66" PMx="1.78" fuel="21.13" electricity="0.00" noise="94.42" route="routebottom" type="cfm-fast" waiting="0.00" lane="right_1" pos="24.94" speed="75.34" angle="319.65" x="109.93" y="109.74"/>
        <vehicle id="cfm-fast_3" eclass="HBEFA3/PC_G_EU4" CO2="16868.16" CO="282.27" HC="1.71" NOx="7.27" PMx="0.40" fuel="7.25" electricity="0.00" noise="76.55" route="routetop" type="cfm-fast" waiting="0.00" lane="top_0" pos="22.95" speed="26.33" angle="233.10" x="18.36" y="115.19"/>
        <vehicle id="cfm-fast_4" eclass="HBEFA3/PC_G_EU4" CO2="0.00" CO="0.00" HC="0.00" NOx="0.00" PMx="0.00" fuel="0.00" electricity="0.00" noise="90.57" route="routetop" type="cfm-fast" waiting="0.00" lane="top_1" pos="41.68" speed="75.57" angle="199.46" x="0.59" y="80.56"/>
        <vehicle id="cfm-fast_5" eclass="HBEFA3/PC_G_EU4" CO2="19894.88" CO="353.79" HC="2.11" NOx="8.65" PMx="0.49" fuel="8.55" electricity="0.00" noise="78.21" route="routetop" type="cfm-fast" waiting="0.00" lane="top_0" pos="40.43" speed="28.14" angle="201.76" x="-1.84" y="84.04"/>
        <vehicle id="cfm-slow_0" eclass="HBEFA3/PC_G_EU4" CO2="16475.65" CO="296.56" HC="1.77" NOx="7.00" PMx="0.41" fuel="7.08" electricity="0.00" noise="77.03" route="routetop" type="cfm-slow" waiting="0.00" lane="left_0" pos="9.79" speed="30.11" angle="166.78" x="-1.70" y="42.85"/>
        <vehicle id="cfm-slow_1" eclass="HBEFA3/PC_G_EU4" CO2="7035.77" CO="112.35" HC="0.69" NOx="2.52" PMx="0.16" fuel="3.02" electricity="0.00" noise="74.68" route="routetop" type="cfm-slow" waiting="0.00" lane="left_0" pos="35.11" speed="31.38" angle="121.35" x="32.70" y="2.44"/>
        <vehicle id="cfm-slow_2" eclass="HBEFA3/PC_G_EU4" CO2="0.00" CO="0.00" HC="0.00" NOx="0.00" PMx="0.00" fuel="0.00" electricity="0.00" noise="73.25" route="routebottom" type="cfm-slow" waiting="0.00" lane="bottom_0" pos="11.62" speed="31.33" angle="73.52" x="88.21" y="-0.40"/>
        <vehicle id="cfm-slow_3" eclass="HBEFA3/PC_G_EU4" CO2="0.00" CO="0.00" HC="0.00" NOx="0.00" PMx="0.00" fuel="0.00" electricity="0.00" noise="72.28" route="routebottom" type="cfm-slow" waiting="0.00" lane="bottom_0" pos="37.96" speed="29.95" angle="26.17" x="127.40" y="38.30"/>
        <vehicle id="cfm-slow_4" eclass="HBEFA3/PC_G_EU4" CO2="0.00" CO="0.00" HC="0.00" NOx="0.00" PMx="0.00" fuel="0.00" electricity="0.00" noise="71.33" route="routebottom" type="cfm-slow" waiting="0.00" lane="right_0" pos="12.79" speed="27.85" angle="341.44" x="126.79" y="90.55"/>
        <vehicle id="cfm-slow_5" eclass="HBEFA3/PC_G_EU4" CO2="0.00" CO="0.00" HC="0.00" NOx="0.00" PMx="0.00" fuel="0.00" electricity="0.00" noise="71.12" route="routebottom" type="cfm-slow" waiting="0.00" lane="right_0" pos="35.47" speed="26.09" angle="300.72" x="93.94" y="125.22"/>
    </timestep>
    <timestep time="7.83">
        <vehicle id="cfm-fast_0" eclass="HBEFA3/PC_G_EU4" CO2="107190.06" CO="3199.97" HC="17.35" NOx="49.09" PMx="3.23" fuel="46.08" electricity="0.00" noise="106.79" route="routebottom" type="cfm-fast" waiting="0.00" lane="bottom_1" pos="12.26" speed="71.74" angle="72.41" x="88.21" y="3.15"/>
        <vehicle id="cfm-fast_1" eclass="HBEFA3/PC_G_EU4" CO2="9524.26" CO="127.79" HC="0.82" NOx="3.82" PMx="0.21" fuel="4.09" electricity="0.00" noise="73.17" route="routetop" type="cfm-fast" waiting="0.00" lane="top_0" pos="6.70" speed="25.50" angle="262.38" x="49.26" y="130.74"/>
        <vehicle id="cfm-fast_2" eclass="HBEFA3/PC_G_EU4" CO2="48886.83" CO="2157.22" HC="11.17" NOx="21.53" PMx="1.77" fuel="21.01" electricity="0.00" noise="94.37" route="routebottom" type="cfm-fast" waiting="0.00" lane="right_1" pos="25.69" speed="75.34" angle="318.33" x="108.83" y="110.83"/>
        <vehicle id="cfm-fast_3" eclass="HBEFA3/PC_G_EU4" CO2="16897.48" CO="282.95" HC="1.71" NOx="7.28" PMx="0.40" fuel="7.26" electricity="0.00" noise="76.57" route="routetop" type="cfm-fast" waiting="0.00" lane="top_0" pos="23.22" speed="26.34" angle="232.69" x="17.94" y="114.82"/>
        <vehicle id="cfm-fast_4" eclass="HBEFA3/PC_G_EU4" CO2="0.00" CO="0.00" HC="0.00" NOx="0.00" PMx="0.00" fuel="0.00" electricity="0.00" noise="90.60" route="routetop" type="cfm-fast" waiting="0.00" lane="top_1" pos="42.43" speed="75.57" angle="198.14" x="0.20" y="79.06"/>
        <vehicle id="cfm-fast_5" eclass="HBEFA3/PC_G_EU4" CO2="19866.28" CO="353.32" HC="2.11" NOx="8.64" PMx="0.49" fuel="8.54" electricity="0.00" noise="78.20" route="routetop" type="cfm-fast" waiting="0.00" lane="top_0" pos="40.71" speed="28.16" angle="201.23" x="-2.02" y="83.46"/>
        <vehicle id="cfm-slow_0" eclass="HBEFA3/PC_G_EU4" CO2="16388.37" CO="294.86" HC="1.76" NOx="6.96" PMx="0.40" fuel="7.04" electricity="0.00" noise="77.00" route="routetop" type="cfm-slow" waiting="0.00" lane="left_0" pos="10.09" speed="30.13" angle="166.23" x="-1.51" y="42.23"/>
        <vehicle id="cfm-slow_1" eclass="HBEFA3/PC_G_EU4" CO2="6926.27" CO="110.10" HC="0.68" NOx="2.47" PMx="0.16" fuel="2.98" electricity="0.00" noise="74.66" route="routetop" type="cfm-slow" waiting="0.00" lane="left_0" pos="35.43" speed="31.38" angle="120.76" x="33.31" y="2.14"/>
        <vehicle id="cfm-slow_2" eclass="HBEFA3/PC_G_EU4" CO2="0.00" CO="0.00" HC="0.00" NOx="0.00" PMx="0.00" fuel="0.00" electricity="0.00" noise="73.24" route="routebottom" type="cfm-slow" waiting="0.00" lane="bottom_0" pos="11.94" speed="31.32" angle="72.96" x="88.84" y="-0.15"/>
        <vehicle id="cfm-slow_3" eclass="HBEFA3/PC_G_EU4" CO2="0.00" CO="0.00" HC="0.00" NOx="0.00" PMx="0.00" fuel="0.00" electricity="0.00" noise="72.27" route="routebottom" type="cfm-slow" waiting="0.00" lane="bottom_0" pos="38.26" speed="29.93" angle="25.63" x="127.64" y="38.89"/>
        <vehicle id="cfm-slow_4" eclass="HBEFA3/PC_G_EU4" CO2="0.00" CO="0.00" HC="0.00" NOx="0.00" PMx="0.00" fuel="0.00" electricity="0.00" noise="71.33" route="routebottom" type="cfm-slow" waiting="0.00" lane="right_0" pos="13.07" speed="27.84" angle="340.94" x="126.54" y="91.09"/>
        <vehicle id="cfm-slow_5" eclass="HBEFA3/PC_G_EU4" CO2="0.00" CO="0.00" HC="0.00" NOx="0.00" PMx="0.00" fuel="0.00" electricity="0.00" noise="71.13" route="routebottom" type="cfm-slow" waiting="0.00" lane="right_0" pos="35.73" speed="26.08" angle="300.25" x="93.44" y="125.48"/>
    </timestep>
    <timestep time="7.84">
        <vehicle id="cfm-fast_0" eclass="HBEFA3/PC_G_EU4" CO2="106643.99" CO="3190.38" HC="17.30" NOx="48.83" PMx="3.22" fuel="45.84" electricity="0.00" noise="106.66" route="routebottom" type="cfm-fast" waiting="0.00" lane="bottom_1" pos="12.98" speed="71.78" angle="71.17" x="89.58" y="3.71"/>
        <vehicle id="cfm-fast_1" eclass="HBEFA3/PC_G_EU4" CO2="9593.74" CO="129.25" HC="0.83" NOx="3.85" PMx="0.21" fuel="4.12" electricity="0.00" noise="73.20" route="routetop" type="cfm-fast" waiting="0.00" lane="top_0" pos="6.95" speed="25.51" angle="261.90" x="48.73" y="130.62"/>
        <vehicle id="cfm-fast_2" eclass="HBEFA3/PC_G_EU4" CO2="48632.13" CO="2152.23" HC="11.14" NOx="21.41" PMx="1.77" fuel="20.91" electricity="0.00" noise="94.32" route="routebottom" type="cfm-fast" waiting="0.00" lane="right_1" pos="26.44" speed="75.35" angle="316.96" x="107.70" y="111.88"/>
        <vehicle id="cfm-fast_3" eclass="HBEFA3/PC_G_EU4" CO2="16926.31" CO="283.62" HC="1.71" NOx="7.29" PMx="0.40" fuel="7.28" electricity="0.00" noise="76.59" route="routetop" type="cfm-fast" waiting="0.00" lane="top_0" pos="23.48" speed="26.36" angle="232.21" x="17.52" y="114.43"/>
        <vehicle id="cfm-fast_4" eclass="HBEFA3/PC_G_EU4" CO2="0.00" CO="0.00" HC="0.00" NOx="0.00" PMx="0.00" fuel="0.00" electricity="0.00" noise="90.63" route="routetop" type="cfm-fast" waiting="0.00" lane="top_1" pos="43.19" speed="75.56" angle="196.78" x="-0.14" y="77.55"/>
        <vehicle id="cfm-fast_5" eclass="HBEFA3/PC_G_EU4" CO2="19837.14" CO="352.83" HC="2.10" NOx="8.63" PMx="0.49" fuel="8.53" electricity="0.00" noise="78.19" route="routetop" type="cfm-fast" waiting="0.00" lane="top_0" pos="40.99" speed="28.18" angle="200.73" x="-2.20" y="82.88"/>
        <vehicle id="cfm-slow_0" eclass="HBEFA3/PC_G_EU4" CO2="16300.82" CO="293.16" HC="1.75" NOx="6.92" PMx="0.40" fuel="7.01" electricity="0.00" noise="76.97" route="routetop" type="cfm-slow" waiting="0.00" lane="left_0" pos="10.39" speed="30.14" angle="165.74" x="-1.31" y="41.61"/>
        <vehicle id="cfm-slow_1" eclass="HBEFA3/PC_G_EU4" CO2="6817.11" CO="107.86" HC="0.67" NOx="2.41" PMx="0.16" fuel="2.93" electricity="0.00" noise="74.64" route="routetop" type="cfm-slow" waiting="0.00" lane="left_0" pos="35.74" speed="31.38" angle="120.18" x="33.91" y="1.84"/>
        <vehicle id="cfm-slow_2" eclass="HBEFA3/PC_G_EU4" CO2="0.00" CO="0.00" HC="0.00" NOx="0.00" PMx="0.00" fuel="0.00" electricity="0.00" noise="73.23" route="routebottom" type="cfm-slow" waiting="0.00" lane="bottom_0" pos="12.25" speed="31.31" angle="72.40" x="89.47" y="0.10"/>
        <vehicle id="cfm-slow_3" eclass="HBEFA3/PC_G_EU4" CO2="0.00" CO="0.00" HC="0.00" NOx="0.00" PMx="0.00" fuel="0.00" electricity="0.00" noise="72.26" route="routebottom" type="cfm-slow" waiting="0.00" lane="bottom_0" pos="38.56" speed="29.91" angle="25.14" x="127.87" y="39.49"/>
        <vehicle id="cfm-slow_4" eclass="HBEFA3/PC_G_EU4" CO2="0.00" CO="0.00" HC="0.00" NOx="0.00" PMx="0.00" fuel="0.00" electricity="0.00" noise="71.32" route="routebottom" type="cfm-slow" waiting="0.00" lane="right_0" pos="13.35" speed="27.82" angle="340.43" x="126.30" y="91.64"/>
        <vehicle id="cfm-slow_5" eclass="HBEFA3/PC_G_EU4" CO2="0.00" CO="0.00" HC="0.00" NOx="0.00" PMx="0.00" fuel="0.00" electricity="0.00" noise="71.14" route="routebottom" type="cfm-slow" waiting="0.00" lane="right_0" pos="35.99" speed="26.08" angle="299.82" x="92.93" y="125.72"/>
    </timestep>
    <timestep time="7.85">
        <vehicle id="cfm-fast_0" eclass="HBEFA3/PC_G_EU4" CO2="106100.04" CO="3180.81" HC="17.24" NOx="48.57" PMx="3.20" fuel="45.61" electricity="0.00" noise="106.53" route="routebottom" type="cfm-fast" waiting="0.00" lane="bottom_1" pos="13.70" speed="71.82" angle="69.85" x="90.92" y="4.32"/>
        <vehicle id="cfm-fast_1" eclass="HBEFA3/PC_G_EU4" CO2="9662.85" CO="130.70" HC="0.84" NOx="3.88" PMx="0.21" fuel="4.15" electricity="0.00" noise="73.23" route="routetop" type="cfm-fast" waiting="0.00" lane="top_0" pos="7.21" speed="25.52" angle="261.42" x="48.19" y="130.50"/>
        <vehicle id="cfm-fast_2" eclass="HBEFA3/PC_G_EU4" CO2="48381.91" CO="2147.34" HC="11.11" NOx="21.29" PMx="1.76" fuel="20.80" electricity="0.00" noise="94.28" route="routebottom" type="cfm-fast" waiting="0.00" lane="right_1" pos="27.20" speed="75.35" angle="315.60" x="106.55" y="112.91"/>
        <vehicle id="cfm-fast_3" eclass="HBEFA3/PC_G_EU4" CO2="16954.64" CO="284.28" HC="1.72" NOx="7.31" PMx="0.40" fuel="7.29" electricity="0.00" noise="76.60" route="routetop" type="cfm-fast" waiting="0.00" lane="top_0" pos="23.74" speed="26.38" angle="231.74" x="17.11" y="114.04"/>
        <vehicle id="cfm-fast_4" eclass="HBEFA3/PC_G_EU4" CO2="0.00" CO="0.00" HC="0.00" NOx="0.00" PMx="0.00" fuel="0.00" electricity="0.00" noise="90.66" route="routetop" type="cfm-fast" waiting="0.00" lane="top_1" pos="43.94" speed="75.56" angle="195.45" x="-0.46" y="76.03"/>
        <vehicle id="cfm-fast_5" eclass="HBEFA3/PC_G_EU4" CO2="19807.45" CO="352.34" HC="2.10" NOx="8.61" PMx="0.49" fuel="8.51" electricity="0.00" noise="78.17" route="routetop" type="cfm-fast" waiting="0.00" lane="top_0" pos="41.27" speed="28.20" angle="200.24" x="-2.36" y="82.30"/>
        <vehicle id="cfm-slow_0" eclass="HBEFA3/PC_G_EU4" CO2="16212.99" CO="291.45" HC="1.74" NOx="6.87" PMx="0.40" fuel="6.97" electricity="0.00" noise="76.94" route="routetop" type="cfm-slow" waiting="0.00" lane="left_0" pos="10.69" speed="30.15" angle="165.18" x="-1.09" y="41.00"/>
        <vehicle id="cfm-slow_1" eclass="HBEFA3/PC_G_EU4" CO2="6708.30" CO="105.62" HC="0.66" NOx="2.36" PMx="0.16" fuel="2.88" electricity="0.00" noise="74.62" route="routetop" type="cfm-slow" waiting="0.00" lane="left_0" pos="36.06" speed="31.38" angle="119.66" x="34.52" y="1.55"/>
        <vehicle id="cfm-slow_2" eclass="HBEFA3/PC_G_EU4" CO2="0.00" CO="0.00" HC="0.00" NOx="0.00" PMx="0.00" fuel="0.00" electricity="0.00" noise="73.22" route="routebottom" type="cfm-slow" waiting="0.00" lane="bottom_0" pos="12.56" speed="31.30" angle="71.84" x="90.09" y="0.35"/>
        <vehicle id="cfm-slow_3" eclass="HBEFA3/PC_G_EU4" CO2="0.00" CO="0.00" HC="0.00" NOx="0.00" PMx="0.00" fuel="0.00" electricity="0.00" noise="72.25" route="routebottom" type="cfm-slow" waiting="0.00" lane="bottom_0" pos="38.86" speed="29.89" angle="24.60" x="128.09" y="40.10"/>
        <vehicle id="cfm-slow_4" eclass="HBEFA3/PC_G_EU4" CO2="0.00" CO="0.00" HC="0.00" NOx="0.00" PMx="0.00" fuel="0.00" electricity="0.00" noise="71.32" route="routebottom" type="cfm-slow" waiting="0.00" lane="right_0" pos="13.63" speed="27.80" angle="339.93" x="126.06" y="92.18"/>
        <vehicle id="cfm-slow_5" eclass="HBEFA3/PC_G_EU4" CO2="0.00" CO="0.00" HC="0.00" NOx="0.00" PMx="0.00" fuel="0.00" electricity="0.00" noise="71.15" route="routebottom" type="cfm-slow" waiting="0.00" lane="right_0" pos="36.25" speed="26.07" angle="299.31" x="92.42" y="125.95"/>
    </timestep>
    <timestep time="7.86">
        <vehicle id="cfm-fast_0" eclass="HBEFA3/PC_G_EU4" CO2="105558.25" CO="3171.28" HC="17.18" NOx="48.32" PMx="3.19" fuel="45.37" electricity="0.00" noise="106.41" route="routebottom" type="cfm-fast" waiting="0.00" lane="bottom_1" pos="14.42" speed="71.86" angle="68.58" x="92.25" y="4.95"/>
        <vehicle id="cfm-fast_1" eclass="HBEFA3/PC_G_EU4" CO2="9731.60" CO="132.15" HC="0.84" NOx="3.92" PMx="0.21" fuel="4.18" electricity="0.00" noise="73.26" route="routetop" type="cfm-fast" waiting="0.00" lane="top_0" pos="7.47" speed="25.53" angle="260.94" x="47.66" y="130.37"/>
        <vehicle id="cfm-fast_2" eclass="HBEFA3/PC_G_EU4" CO2="48136.12" CO="2142.52" HC="11.09" NOx="21.18" PMx="1.76" fuel="20.69" electricity="0.00" noise="94.23" route="routebottom" type="cfm-fast" waiting="0.00" lane="right_1" pos="27.95" speed="75.36" angle="314.12" x="105.37" y="113.91"/>
        <vehicle id="cfm-fast_3" eclass="HBEFA3/PC_G_EU4" CO2="16982.46" CO="284.93" HC="1.72" NOx="7.32" PMx="0.41" fuel="7.30" electricity="0.00" noise="76.62" route="routetop" type="cfm-fast" waiting="0.00" lane="top_0" pos="24.01" speed="26.40" angle="231.26" x="16.69" y="113.66"/>
        <vehicle id="cfm-fast_4" eclass="HBEFA3/PC_G_EU4" CO2="0.00" CO="0.00" HC="0.00" NOx="0.00" PMx="0.00" fuel="0.00" electricity="0.00" noise="90.69" route="routetop" type="cfm-fast" waiting="0.00" lane="top_1" pos="44.70" speed="75.55" angle="194.05" x="-0.74" y="74.51"/>
        <vehicle id="cfm-fast_5" eclass="HBEFA3/PC_G_EU4" CO2="19777.21" CO="351.83" HC="2.10" NOx="8.60" PMx="0.48" fuel="8.50" electricity="0.00" noise="78.16" route="routetop" type="cfm-fast" waiting="0.00" lane="top_0" pos="41.55" speed="28.22" angle="199.72" x="-2.52" y="81.71"/>
        <vehicle id="cfm-slow_0" eclass="HBEFA3/PC_G_EU4" CO2="16124.91" CO="289.73" HC="1.73" NOx="6.83" PMx="0.40" fuel="6.93" electricity="0.00" noise="76.91" route="routetop" type="cfm-slow" waiting="0.00" lane="left_0" pos="10.99" speed="30.17" angle="164.62" x="-0.87" y="40.39"/>
        <vehicle id="cfm-slow_1" eclass="HBEFA3/PC_G_EU4" CO2="6599.83" CO="103.39" HC="0.64" NOx="2.31" PMx="0.15" fuel="2.84" electricity="0.00" noise="74.60" route="routetop" type="cfm-slow" waiting="0.00" lane="left_0" pos="36.37" speed="31.38" angle="119.07" x="35.14" y="1.27"/>
        <vehicle id="cfm-slow_2" eclass="HBEFA3/PC_G_EU4" CO2="0.00" CO="0.00" HC="0.00" NOx="0.00" PMx="0.00" fuel="0.00" electricity="0.00" noise="73.21" route="routebottom" type="cfm-slow" waiting="0.00" lane="bottom_0" pos="12.88" speed="31.28" angle="71.33" x="90.71" y="0.61"/>
        <vehicle id="cfm-slow_3" eclass="HBEFA3/PC_G_EU4" CO2="0.00" CO="0.00" HC="0.00" NOx="0.00" PMx="0.00" fuel="0.00" electricity="0.00" noise="72.25" route="routebottom" type="cfm-slow" waiting="0.00" lane="bottom_0" pos="39.16" speed="29.87" angle="24.06" x="128.31" y="40.70"/>
        <vehicle id="cfm-slow_4" eclass="HBEFA3/PC_G_EU4" CO2="0.00" CO="0.00" HC="0.00" NOx="0.00" PMx="0.00" fuel="0.00" electricity="0.00" noise="71.31" route="routebottom" type="cfm-slow" waiting="0.00" lane="right_0" pos="13.91" speed="27.78" angle="339.42" x="125.81" y="92.73"/>
        <vehicle id="cfm-slow_5" eclass="HBEFA3/PC_G_EU4" CO2="0.00" CO="0.00" HC="0.00" NOx="0.00" PMx="0.00" fuel="0.00" electricity="0.00" noise="71.16" route="routebottom" type="cfm-slow" waiting="0.00" lane="right_0" pos="36.51" speed="26.07" angle="298.81" x="91.91" y="126.18"/>
    </timestep>
    <timestep time="7.87">
        <vehicle id="cfm-fast_0" eclass="HBEFA3/PC_G_EU4" CO2="105018.63" CO="3161.78" HC="17.13" NOx="48.06" PMx="3.18" fuel="45.14" electricity="0.00" noise="106.28" route="routebottom" type="cfm-fast" waiting="0.00" lane="bottom_1" pos="15.14" speed="71.90" angle="67.23" x="93.57" y="5.60"/>
        <vehicle id="cfm-fast_1" eclass="HBEFA3/PC_G_EU4" CO2="9799.98" CO="133.58" HC="0.85" NOx="3.95" PMx="0.22" fuel="4.21" electricity="0.00" noise="73.29" route="routetop" type="cfm-fast" waiting="0.00" lane="top_0" pos="7.72" speed="25.53" angle="260.53" x="47.12" y="130.25"/>
        <vehicle id="cfm-fast_2" eclass="HBEFA3/PC_G_EU4" CO2="47894.72" CO="2137.79" HC="11.06" NOx="21.06" PMx="1.75" fuel="20.59" electricity="0.00" noise="94.18" route="routebottom" type="cfm-fast" waiting="0.00" lane="right_1" pos="28.70" speed="75.36" angle="312.78" x="104.16" y="114.87"/>
        <vehicle id="cfm-fast_3" eclass="HBEFA3/PC_G_EU4" CO2="17009.79" CO="285.57" HC="1.72" NOx="7.33" PMx="0.41" fuel="7.31" electricity="0.00" noise="76.63" route="routetop" type="cfm-fast" waiting="0.00" lane="top_0" pos="24.27" speed="26.41" angle="230.81" x="16.27" y="113.27"/>
        <vehicle id="cfm-fast_4" eclass="HBEFA3/PC_G_EU4" CO2="0.00" CO="0.00" HC="0.00" NOx="0.00" PMx="0.00" fuel="0.00" electricity="0.00" noise="90.72" route="routetop" type="cfm-fast" waiting="0.00" lane="top_1" pos="45.45" speed="75.55" angle="192.73" x="-0.97" y="72.98"/>
        <vehicle id="cfm-fast_5" eclass="HBEFA3/PC_G_EU4" CO2="19746.44" CO="351.32" HC="2.09" NOx="8.58" PMx="0.48" fuel="8.49" electricity="0.00" noise="78.15" route="routetop" type="cfm-fast" waiting="0.00" lane="top_0" pos="41.84" speed="28.24" angle="199.20" x="-2.67" y="81.13"/>
        <vehicle id="cfm-slow_0" eclass="HBEFA3/PC_G_EU4" CO2="16036.57" CO="288.01" HC="1.72" NOx="6.79" PMx="0.39" fuel="6.89" electricity="0.00" noise="76.88" route="routetop" type="cfm-slow" waiting="0.00" lane="left_0" pos="11.30" speed="30.18" angle="164.06" x="-0.65" y="39.78"/>
        <vehicle id="cfm-slow_1" eclass="HBEFA3/PC_G_EU4" CO2="6491.71" CO="101.17" HC="0.63" NOx="2.26" PMx="0.15" fuel="2.79" electricity="0.00" noise="74.58" route="routetop" type="cfm-slow" waiting="0.00" lane="left_0" pos="36.68" speed="31.38" angle="118.48" x="35.75" y="0.99"/>
        <vehicle id="cfm-slow_2" eclass="HBEFA3/PC_G_EU4" CO2="0.00" CO="0.00" HC="0.00" NOx="0.00" PMx="0.00" fuel="0.00" electricity="0.00" noise="73.20" route="routebottom" type="cfm-slow" waiting="0.00" lane="bottom_0" pos="13.19" speed="31.27" angle="70.75" x="91.33" y="0.88"/>
        <vehicle id="cfm-slow_3" eclass="HBEFA3/PC_G_EU4" CO2="0.00" CO="0.00" HC="0.00" NOx="0.00" PMx="0.00" fuel="0.00" electricity="0.00" noise="72.24" route="routebottom" type="cfm-slow" waiting="0.00" lane="bottom_0" pos="39.46" speed="29.85" angle="23.53" x="128.52" y="41.31"/>
        <vehicle id="cfm-slow_4" eclass="HBEFA3/PC_G_EU4" CO2="0.00" CO="0.00" HC="0.00" NOx="0.00" PMx="0.00" fuel="0.00" electricity="0.00" noise="71.31" route="routebottom" type="cfm-slow" waiting="0.00" lane="right_0" pos="14.18" speed="27.77" angle="338.97" x="125.56" y="93.27"/>
        <vehicle id="cfm-slow_5" eclass="HBEFA3/PC_G_EU4" CO2="0.00" CO="0.00" HC="0.00" NOx="0.00" PMx="0.00" fuel="0.00" electricity="0.00" noise="71.17" route="routebottom" type="cfm-slow" waiting="0.00" lane="right_0" pos="36.77" speed="26.06" angle="298.30" x="91.40" y="126.41"/>
    </timestep>
    <timestep time="7.88">
        <vehicle id="cfm-fast_0" eclass="HBEFA3/PC_G_EU4" CO2="104481.22" CO="3152.31" HC="17.07" NOx="47.81" PMx="3.16" fuel="44.91" electricity="0.00" noise="106.16" route="routebottom" type="cfm-fast" waiting="0.00" lane="bottom_1" pos="15.86" speed="71.93" angle="65.98" x="94.87" y="6.30"/>
        <vehicle id="cfm-fast_1" eclass="HBEFA3/PC_G_EU4" CO2="9867.99" CO="135.01" HC="0.86" NOx="3.98" PMx="0.22" fuel="4.24" electricity="0.00" noise="73.31" route="routetop" type="cfm-fast" waiting="0.00" lane="top_0" pos="7.98" speed="25.54" angle="260.06" x="46.59" y="130.11"/>
        <vehicle id="cfm-fast_2" eclass="HBEFA3/PC_G_EU4" CO2="47657.64" CO="2133.15" HC="11.03" NOx="20.95" PMx="1.74" fuel="20.49" electricity="0.00" noise="94.14" route="routebottom" type="cfm-fast" waiting="0.00" lane="right_1" pos="29.46" speed="75.37" angle="311.45" x="102.94" y="115.83"/>
        <vehicle id="cfm-fast_3" eclass="HBEFA3/PC_G_EU4" CO2="17036.61" CO="286.20" HC="1.73" NOx="7.34" PMx="0.41" fuel="7.32" electricity="0.00" noise="76.65" route="routetop" type="cfm-fast" waiting="0.00" lane="top_0" pos="24.54" speed="26.43" angle="230.36" x="15.87" y="112.88"/>
        <vehicle id="cfm-fast_4" eclass="HBEFA3/PC_G_EU4" CO2="0.00" CO="0.00" HC="0.00" NOx="0.00" PMx="0.00" fuel="0.00" electricity="0.00" noise="90.75" route="routetop" type="cfm-fast" waiting="0.00" lane="top_1" pos="46.21" speed="75.54" angle="191.41" x="-1.19" y="71.44"/>
        <vehicle id="cfm-fast_5" eclass="HBEFA3/PC_G_EU4" CO2="19715.13" CO="350.79" HC="2.09" NOx="8.57" PMx="0.48" fuel="8.47" electricity="0.00" noise="78.14" route="routetop" type="cfm-fast" waiting="0.00" lane="top_0" pos="42.12" speed="28.26" angle="198.67" x="-2.83" y="80.54"/>
        <vehicle id="cfm-slow_0" eclass="HBEFA3/PC_G_EU4" CO2="15947.98" CO="286.29" HC="1.71" NOx="6.75" PMx="0.39" fuel="6.86" electricity="0.00" noise="76.85" route="routetop" type="cfm-slow" waiting="0.00" lane="left_0" pos="11.60" speed="30.19" angle="163.58" x="-0.43" y="39.17"/>
        <vehicle id="cfm-slow_1" eclass="HBEFA3/PC_G_EU4" CO2="6383.96" CO="98.95" HC="0.62" NOx="2.21" PMx="0.15" fuel="2.74" electricity="0.00" noise="74.56" route="routetop" type="cfm-slow" waiting="0.00" lane="left_0" pos="37.00" speed="31.38" angle="117.90" x="36.37" y="0.72"/>
        <vehicle id="cfm-slow_2" eclass="HBEFA3/PC_G_EU4" CO2="0.00" CO="0.00" HC="0.00" NOx="0.00" PMx="0.00" fuel="0.00" electricity="0.00" noise="73.19" route="routebottom" type="cfm-slow" waiting="0.00" lane="bottom_0" pos="13.50" speed="31.26" angle="70.18" x="91.94" y="1.16"/>
        <vehicle id="cfm-slow_3" eclass="HBEFA3/PC_G_EU4" CO2="0.00" CO="0.00" HC="0.00" NOx="0.00" PMx="0.00" fuel="0.00" electricity="0.00" noise="72.23" route="routebottom" type="cfm-slow" waiting="0.00" lane="bottom_0" pos="39.76" speed="29.83" angle="23.04" x="128.74" y="41.91"/>
        <vehicle id="cfm-slow_4" eclass="HBEFA3/PC_G_EU4" CO2="0.00" CO="0.00" HC="0.00" NOx="0.00" PMx="0.00" fuel="0.00" electricity="0.00" noise="71.30" route="routebottom" type="cfm-slow" waiting="0.00" lane="right_0" pos="14.46" speed="27.75" angle="338.44" x="125.29" y="93.81"/>
        <vehicle id="cfm-slow_5" eclass="HBEFA3/PC_G_EU4" CO2="0.00" CO="0.00" HC="0.00" NOx="0.00" PMx="0.00" fuel="0.00" electricity="0.00" noise="71.18" route="routebottom" type="cfm-slow" waiting="0.00" lane="right_0" pos="37.03" speed="26.05" angle="297.79" x="90.88" y="126.64"/>
    </timestep>
    <timestep time="7.89">
        <vehicle id="cfm-fast_0" eclass="HBEFA3/PC_G_EU4" CO2="103946.05" CO="3142.88" HC="17.01" NOx="47.56" PMx="3.15" fuel="44.68" electricity="0.00" noise="106.03" route="routebottom" type="cfm-fast" waiting="0.00" lane="bottom_1" pos="16.58" speed="71.97" angle="64.68" x="96.16" y="7.01"/>
        <vehicle id="cfm-fast_1" eclass="HBEFA3/PC_G_EU4" CO2="9935.64" CO="136.44" HC="0.87" NOx="4.01" PMx="0.22" fuel="4.27" electricity="0.00" noise="73.34" route="routetop" type="cfm-fast" waiting="0.00" lane="top_0" pos="8.23" speed="25.55" angle="259.60" x="46.06" y="129.97"/>
        <vehicle id="cfm-fast_2" eclass="HBEFA3/PC_G_EU4" CO2="47424.83" CO="2128.58" HC="11.00" NOx="20.84" PMx="1.74" fuel="20.39" electricity="0.00" noise="94.10" route="routebottom" type="cfm-fast" waiting="0.00" lane="right_1" pos="30.21" speed="75.37" angle="310.08" x="101.69" y="116.73"/>
        <vehicle id="cfm-fast_3" eclass="HBEFA3/PC_G_EU4" CO2="17062.94" CO="286.82" HC="1.73" NOx="7.36" PMx="0.41" fuel="7.33" electricity="0.00" noise="76.66" route="routetop" type="cfm-fast" waiting="0.00" lane="top_0" pos="24.80" speed="26.45" angle="229.88" x="15.46" y="112.47"/>
        <vehicle id="cfm-fast_4" eclass="HBEFA3/PC_G_EU4" CO2="0.00" CO="0.00" HC="0.00" NOx="0.00" PMx="0.00" fuel="0.00" electricity="0.00" noise="90.78" route="routetop" type="cfm-fast" waiting="0.00" lane="top_1" pos="46.97" speed="75.54" angle="189.99" x="-1.34" y="69.90"/>
        <vehicle id="cfm-fast_5" eclass="HBEFA3/PC_G_EU4" CO2="19683.29" CO="350.25" HC="2.09" NOx="8.55" PMx="0.48" fuel="8.46" electricity="0.00" noise="78.12" route="routetop" type="cfm-fast" waiting="0.00" lane="top_0" pos="42.40" speed="28.28" angle="198.22" x="-2.98" y="79.95"/>
        <vehicle id="cfm-slow_0" eclass="HBEFA3/PC_G_EU4" CO2="15859.15" CO="284.55" HC="1.70" NOx="6.71" PMx="0.39" fuel="6.82" electricity="0.00" noise="76.82" route="routetop" type="cfm-slow" waiting="0.00" lane="left_0" pos="11.90" speed="30.21" angle="163.04" x="-0.18" y="38.57"/>
        <vehicle id="cfm-slow_1" eclass="HBEFA3/PC_G_EU4" CO2="0.00" CO="0.00" HC="0.00" NOx="0.00" PMx="0.00" fuel="0.00" electricity="0.00" noise="74.54" route="routetop" type="cfm-slow" waiting="0.00" lane="left_0" pos="37.31" speed="31.38" angle="117.39" x="36.99" y="0.45"/>
        <vehicle id="cfm-slow_2" eclass="HBEFA3/PC_G_EU4" CO2="0.00" CO="0.00" HC="0.00" NOx="0.00" PMx="0.00" fuel="0.00" electricity="0.00" noise="73.18" route="routebottom" type="cfm-slow" waiting="0.00" lane="bottom_0" pos="13.81" speed="31.24" angle="69.60" x="92.55" y="1.44"/>
        <vehicle id="cfm-slow_3" eclass="HBEFA3/PC_G_EU4" CO2="0.00" CO="0.00" HC="0.00" NOx="0.00" PMx="0.00" fuel="0.00" electricity="0.00" noise="72.22" route="routebottom" type="cfm-slow" waiting="0.00" lane="bottom_0" pos="40.05" speed="29.81" angle="22.48" x="128.93" y="42.52"/>
        <vehicle id="cfm-slow_4" eclass="HBEFA3/PC_G_EU4" CO2="0.00" CO="0.00" HC="0.00" NOx="0.00" PMx="0.00" fuel="0.00" electricity="0.00" noise="71.30" route="routebottom" type="cfm-slow" waiting="0.00" lane="right_0" pos="14.74" speed="27.73" angle="337.91" x="125.02" y="94.34"/>
        <vehicle id="cfm-slow_5" eclass="HBEFA3/PC_G_EU4" CO2="0.00" CO="0.00" HC="0.00" NOx="0.00" PMx="0.00" fuel="0.00" electricity="0.00" noise="71.19" route="routebottom" type="cfm-slow" waiting="0.00" lane="right_0" pos="37.29" speed="26.05" angle="297.38" x="90.37" y="126.86"/>
    </timestep>
    <timestep time="7.90">
        <vehicle id="cfm-fast_0" eclass="HBEFA3/PC_G_EU4" CO2="103413.14" CO="3133.48" HC="16.96" NOx="47.30" PMx="3.14" fuel="44.45" electricity="0.00" noise="105.91" route="routebottom" type="cfm-fast" waiting="0.00" lane="bottom_1" pos="17.30" speed="72.01" angle="63.36" x="97.43" y="7.77"/>
        <vehicle id="cfm-fast_1" eclass="HBEFA3/PC_G_EU4" CO2="10002.91" CO="137.85" HC="0.88" NOx="4.04" PMx="0.22" fuel="4.30" electricity="0.00" noise="73.37" route="routetop" type="cfm-fast" waiting="0.00" lane="top_0" pos="8.49" speed="25.56" angle="259.13" x="45.53" y="129.82"/>
        <vehicle id="cfm-fast_2" eclass="HBEFA3/PC_G_EU4" CO2="47196.24" CO="2124.10" HC="10.98" NOx="20.73" PMx="1.73" fuel="20.29" electricity="0.00" noise="94.05" route="routebottom" type="cfm-fast" waiting="0.00" lane="right_1" pos="30.96" speed="75.38" angle="308.76" x="100.43" y="117.63"/>
        <vehicle id="cfm-fast_3" eclass="HBEFA3/PC_G_EU4" CO2="17088.76" CO="287.43" HC="1.74" NOx="7.37" PMx="0.41" fuel="7.35" electricity="0.00" noise="76.68" route="routetop" type="cfm-fast" waiting="0.00" lane="top_0" pos="25.07" speed="26.47" angle="229.39" x="15.06" y="112.07"/>
        <vehicle id="cfm-fast_4" eclass="HBEFA3/PC_G_EU4" CO2="0.00" CO="0.00" HC="0.00" NOx="0.00" PMx="0.00" fuel="0.00" electricity="0.00" noise="90.81" route="routetop" type="cfm-fast" waiting="0.00" lane="top_1" pos="47.72" speed="75.53" angle="188.65" x="-1.47" y="68.36"/>
        <vehicle id="cfm-fast_5" eclass="HBEFA3/PC_G_EU4" CO2="19650.91" CO="349.70" HC="2.08" NOx="8.54" PMx="0.48" fuel="8.45" electricity="0.00" noise="78.11" route="routetop" type="cfm-fast" waiting="0.00" lane="top_0" pos="42.69" speed="28.30" angle="197.71" x="-3.12" y="79.36"/>
        <vehicle id="cfm-slow_0" eclass="HBEFA3/PC_G_EU4" CO2="15770.07" CO="282.81" HC="1.69" NOx="6.66" PMx="0.39" fuel="6.78" electricity="0.00" noise="76.79" route="routetop" type="cfm-slow" waiting="0.00" lane="left_0" pos="12.20" speed="30.22" angle="162.51" x="0.06" y="37.96"/>
        <vehicle id="cfm-slow_1" eclass="HBEFA3/PC_G_EU4" CO2="0.00" CO="0.00" HC="0.00" NOx="0.00" PMx="0.00" fuel="0.00" electricity="0.00" noise="74.52" route="routetop" type="cfm-slow" waiting="0.00" lane="left_0" pos="37.62" speed="31.38" angle="116.81" x="37.61" y="0.20"/>
        <vehicle id="cfm-slow_2" eclass="HBEFA3/PC_G_EU4" CO2="0.00" CO="0.00" HC="0.00" NOx="0.00" PMx="0.00" fuel="0.00" electricity="0.00" noise="73.17" route="routebottom" type="cfm-slow" waiting="0.00" lane="bottom_0" pos="14.13" speed="31.23" angle="69.08" x="93.16" y="1.72"/>
        <vehicle id="cfm-slow_3" eclass="HBEFA3/PC_G_EU4" CO2="0.00" CO="0.00" HC="0.00" NOx="0.00" PMx="0.00" fuel="0.00" electricity="0.00" noise="72.21" route="routebottom" type="cfm-slow" waiting="0.00" lane="bottom_0" pos="40.35" speed="29.79" angle="21.91" x="129.12" y="43.13"/>
        <vehicle id="cfm-slow_4" eclass="HBEFA3/PC_G_EU4" CO2="0.00" CO="0.00" HC="0.00" NOx="0.00" PMx="0.00" fuel="0.00" electricity="0.00" noise="71.29" route="routebottom" type="cfm-slow" waiting="0.00" lane="right_0" pos="15.02" speed="27.72" angle="337.38" x="124.76" y="94.87"/>
        <vehicle id="cfm-slow_5" eclass="HBEFA3/PC_G_EU4" CO2="0.00" CO="0.00" HC="0.00" NOx="0.00" PMx="0.00" fuel="0.00" electricity="0.00" noise="71.20" route="routebottom" type="cfm-slow" waiting="0.00" lane="right_0" pos="37.55" speed="26.04" angle="296.91" x="89.85" y="127.07"/>
    </timestep>
    <timestep time="7.91">
        <vehicle id="cfm-fast_0" eclass="HBEFA3/PC_G_EU4" CO2="102882.52" CO="3124.11" HC="16.90" NOx="47.05" PMx="3.12" fuel="44.22" electricity="0.00" noise="105.79" route="routebottom" type="cfm-fast" waiting="0.00" lane="bottom_1" pos="18.02" speed="72.04" angle="62.06" x="98.69" y="8.54"/>
        <vehicle id="cfm-fast_1" eclass="HBEFA3/PC_G_EU4" CO2="10069.82" CO="139.26" HC="0.89" NOx="4.08" PMx="0.22" fuel="4.33" electricity="0.00" noise="73.40" route="routetop" type="cfm-fast" waiting="0.00" lane="top_0" pos="8.74" speed="25.57" angle="258.66" x="45.00" y="129.68"/>
        <vehicle id="cfm-fast_2" eclass="HBEFA3/PC_G_EU4" CO2="46971.82" CO="2119.70" HC="10.95" NOx="20.63" PMx="1.73" fuel="20.19" electricity="0.00" noise="94.01" route="routebottom" type="cfm-fast" waiting="0.00" lane="right_1" pos="31.72" speed="75.38" angle="307.38" x="99.15" y="118.49"/>
        <vehicle id="cfm-fast_3" eclass="HBEFA3/PC_G_EU4" CO2="17114.08" CO="288.04" HC="1.74" NOx="7.38" PMx="0.41" fuel="7.36" electricity="0.00" noise="76.69" route="routetop" type="cfm-fast" waiting="0.00" lane="top_0" pos="25.33" speed="26.49" angle="228.91" x="14.66" y="111.67"/>
        <vehicle id="cfm-fast_4" eclass="HBEFA3/PC_G_EU4" CO2="0.00" CO="0.00" HC="0.00" NOx="0.00" PMx="0.00" fuel="0.00" electricity="0.00" noise="90.84" route="routetop" type="cfm-fast" waiting="0.00" lane="top_1" pos="48.48" speed="75.53" angle="187.26" x="-1.57" y="66.81"/>
        <vehicle id="cfm-fast_5" eclass="HBEFA3/PC_G_EU4" CO2="19618.00" CO="349.14" HC="2.08" NOx="8.52" PMx="0.48" fuel="8.43" electricity="0.00" noise="78.09" route="routetop" type="cfm-fast" waiting="0.00" lane="top_0" pos="42.97" speed="28.32" angle="197.21" x="-3.25" y="78.76"/>
        <vehicle id="cfm-slow_0" eclass="HBEFA3/PC_G_EU4" CO2="15680.77" CO="281.07" HC="1.68" NOx="6.62" PMx="0.39" fuel="6.74" electricity="0.00" noise="76.76" route="routetop" type="cfm-slow" waiting="0.00" lane="left_0" pos="12.50" speed="30.23" angle="161.97" x="0.30" y="37.36"/>
        <vehicle id="cfm-slow_1" eclass="HBEFA3/PC_G_EU4" CO2="0.00" CO="0.00" HC="0.00" NOx="0.00" PMx="0.00" fuel="0.00" electricity="0.00" noise="74.50" route="routetop" type="cfm-slow" waiting="0.00" lane="left_0" pos="37.94" speed="31.38" angle="116.23" x="38.24" y="-0.05"/>
        <vehicle id="cfm-slow_2" eclass="HBEFA3/PC_G_EU4" CO2="0.00" CO="0.00" HC="0.00" NOx="0.00" PMx="0.00" fuel="0.00" electricity="0.00" noise="73.16" route="routebottom" type="cfm-slow" waiting="0.00" lane="bottom_0" pos="14.44" speed="31.22" angle="68.49" x="93.76" y="2.02"/>
        <vehicle id="cfm-slow_3" eclass="HBEFA3/PC_G_EU4" CO2="0.00" CO="0.00" HC="0.00" NOx="0.00" PMx="0.00" fuel="0.00" electricity="0.00" noise="72.20" route="routebottom" type="cfm-slow" waiting="0.00" lane="bottom_0" pos="40.65" speed="29.77" angle="21.34" x="129.31" y="43.75"/>
        <vehicle id="cfm-slow_4" eclass="HBEFA3/PC_G_EU4" CO2="0.00" CO="0.00" HC="0.00" NOx="0.00" PMx="0.00" fuel="0.00" electricity="0.00" noise="71.29" route="routebottom" type="cfm-slow" waiting="0.00" lane="right_0" pos="15.29" speed="27.70" angle="336.89" x="124.49" y="95.40"/>
        <vehicle id="cfm-slow_5" eclass="HBEFA3/PC_G_EU4" CO2="0.00" CO="0.00" HC="0.00" NOx="0.00" PMx="0.00" fuel="0.00" electricity="0.00" noise="71.21" route="routebottom" type="cfm-slow" waiting="0.00" lane="right_0" pos="37.82" speed="26.04" angle="296.44" x="89.33" y="127.27"/>
    </timestep>
    <timestep time="7.92">
        <vehicle id="cfm-fast_0" eclass="HBEFA3/PC_G_EU4" CO2="102354.21" CO="3114.78" HC="16.85" NOx="46.80" PMx="3.11" fuel="44.00" electricity="0.00" noise="105.67" route="routebottom" type="cfm-fast" waiting="0.00" lane="bottom_1" pos="18.74" speed="72.08" angle="60.70" x="99.92" y="9.36"/>
        <vehicle id="cfm-fast_1" eclass="HBEFA3/PC_G_EU4" CO2="10136.35" CO="140.66" HC="0.89" NOx="4.11" PMx="0.22" fuel="4.36" electricity="0.00" noise="73.42" route="routetop" type="cfm-fast" waiting="0.00" lane="top_0" pos="9.00" speed="25.58" angle="258.26" x="44.47" y="129.54"/>
        <vehicle id="cfm-fast_2" eclass="HBEFA3/PC_G_EU4" CO2="46751.50" CO="2115.38" HC="10.93" NOx="20.52" PMx="1.72" fuel="20.10" electricity="0.00" noise="93.97" route="routebottom" type="cfm-fast" waiting="0.00" lane="right_1" pos="32.47" speed="75.39" angle="306.08" x="97.84" y="119.31"/>
        <vehicle id="cfm-fast_3" eclass="HBEFA3/PC_G_EU4" CO2="17138.89" CO="288.63" HC="1.74" NOx="7.39" PMx="0.41" fuel="7.37" electricity="0.00" noise="76.71" route="routetop" type="cfm-fast" waiting="0.00" lane="top_0" pos="25.59" speed="26.50" angle="228.46" x="14.25" y="111.26"/>
        <vehicle id="cfm-fast_4" eclass="HBEFA3/PC_G_EU4" CO2="0.00" CO="0.00" HC="0.00" NOx="0.00" PMx="0.00" fuel="0.00" electricity="0.00" noise="90.87" route="routetop" type="cfm-fast" waiting="0.00" lane="top_1" pos="49.23" speed="75.53" angle="185.91" x="-1.62" y="65.27"/>
        <vehicle id="cfm-fast_5" eclass="HBEFA3/PC_G_EU4" CO2="19584.56" CO="348.56" HC="2.08" NOx="8.50" PMx="0.48" fuel="8.42" electricity="0.00" noise="78.08" route="routetop" type="cfm-fast" waiting="0.00" lane="top_0" pos="43.25" speed="28.33" angle="196.70" x="-3.39" y="78.17"/>
        <vehicle id="cfm-slow_0" eclass="HBEFA3/PC_G_EU4" CO2="15591.23" CO="279.32" HC="1.67" NOx="6.58" PMx="0.38" fuel="6.70" electricity="0.00" noise="76.73" route="routetop" type="cfm-slow" waiting="0.00" lane="left_0" pos="12.81" speed="30.24" angle="161.48" x="0.54" y="36.75"/>
        <vehicle id="cfm-slow_1" eclass="HBEFA3/PC_G_EU4" CO2="0.00" CO="0.00" HC="0.00" NOx="0.00" PMx="0.00" fuel="0.00" electricity="0.00" noise="74.48" route="routetop" type="cfm-slow" waiting="0.00" lane="left_0" pos="38.25" speed="31.38" angle="115.66" x="38.87" y="-0.30"/>
        <vehicle id="cfm-slow_2" eclass="HBEFA3/PC_G_EU4" CO2="0.00" CO="0.00" HC="0.00" NOx="0.00" PMx="0.00" fuel="0.00" electricity="0.00" noise="73.15" route="routebottom" type="cfm-slow" waiting="0.00" lane="bottom_0" pos="14.75" speed="31.20" angle="67.91" x="94.37" y="2.32"/>
        <vehicle id="cfm-slow_3" eclass="HBEFA3/PC_G_EU4" CO2="0.00" CO="0.00" HC="0.00" NOx="0.00" PMx="0.00" fuel="0.00" electricity="0.00" noise="72.19" route="routebottom" type="cfm-slow" waiting="0.00" lane="bottom_0" pos="40.95" speed="29.75" angle="20.79" x="129.50" y="44.36"/>
        <vehicle id="cfm-slow_4" eclass="HBEFA3/PC_G_EU4" CO2="0.00" CO="0.00" HC="0.00" NOx="0.00" PMx="0.00" fuel="0.00" electricity="0.00" noise="71.29" route="routebottom" type="cfm-slow" waiting="0.00" lane="right_0" pos="15.57" speed="27.68" angle="336.43" x="124.21" y="95.93"/>
        <vehicle id="cfm-slow_5" eclass="HBEFA3/PC_G_EU4" CO2="0.00" CO="0.00" HC="0.00" NOx="0.00" PMx="0.00" fuel="0.00" electricity="0.00" noise="71.22" route="routebottom" type="cfm-slow" waiting="0.00" lane="right_0" pos="38.08" speed="26.03" angle="295.97" x="88.81" y="127.48"/>
    </timestep>
    <timestep time="7.93">
        <vehicle id="cfm-fast_0" eclass="HBEFA3/PC_G_EU4" CO2="101828.23" CO="3105.49" HC="16.79" NOx="46.55" PMx="3.10" fuel="43.77" electricity="0.00" noise="105.54" route="routebottom" type="cfm-fast" waiting="0.00" lane="bottom_1" pos="19.46" speed="72.12" angle="59.41" x="101.14" y="10.19"/>
        <vehicle id="cfm-fast_1" eclass="HBEFA3/PC_G_EU4" CO2="10202.52" CO="142.06" HC="0.90" NOx="4.14" PMx="0.23" fuel="4.39" electricity="0.00" noise="73.45" route="routetop" type="cfm-fast" waiting="0.00" lane="top_0" pos="9.25" speed="25.58" angle="257.79" x="43.94" y="129.37"/>
        <vehicle id="cfm-fast_2" eclass="HBEFA3/PC_G_EU4" CO2="46535.25" CO="2111.14" HC="10.90" NOx="20.42" PMx="1.71" fuel="20.00" electricity="0.00" noise="93.93" route="routebottom" type="cfm-fast" waiting="0.00" lane="right_1" pos="33.23" speed="75.39" angle="304.71" x="96.51" y="120.10"/>
        <vehicle id="cfm-fast_3" eclass="HBEFA3/PC_G_EU4" CO2="17163.20" CO="289.21" HC="1.75" NOx="7.40" PMx="0.41" fuel="7.38" electricity="0.00" noise="76.72" route="routetop" type="cfm-fast" waiting="0.00" lane="top_0" pos="25.86" speed="26.52" angle="227.99" x="13.86" y="110.85"/>
        <vehicle id="cfm-fast_4" eclass="HBEFA3/PC_G_EU4" CO2="0.00" CO="0.00" HC="0.00" NOx="0.00" PMx="0.00" fuel="0.00" electricity="0.00" noise="90.90" route="routetop" type="cfm-fast" waiting="0.00" lane="top_1" pos="49.99" speed="75.52" angle="184.53" x="-1.65" y="63.72"/>
        <vehicle id="cfm-fast_5" eclass="HBEFA3/PC_G_EU4" CO2="19550.59" CO="347.98" HC="2.07" NOx="8.49" PMx="0.48" fuel="8.40" electricity="0.00" noise="78.07" route="routetop" type="cfm-fast" waiting="0.00" lane="top_0" pos="43.54" speed="28.35" angle="196.21" x="-3.53" y="77.57"/>
        <vehicle id="cfm-slow_0" eclass="HBEFA3/PC_G_EU4" CO2="15501.47" CO="277.56" HC="1.66" NOx="6.54" PMx="0.38" fuel="6.66" electricity="0.00" noise="76.70" route="routetop" type="cfm-slow" waiting="0.00" lane="left_0" pos="13.11" speed="30.25" angle="160.92" x="0.81" y="36.16"/>
        <vehicle id="cfm-slow_1" eclass="HBEFA3/PC_G_EU4" CO2="0.00" CO="0.00" HC="0.00" NOx="0.00" PMx="0.00" fuel="0.00" electricity="0.00" noise="74.46" route="routetop" type="cfm-slow" waiting="0.00" lane="left_0" pos="38.57" speed="31.38" angle="115.14" x="39.50" y="-0.55"/>
        <vehicle id="cfm-slow_2" eclass="HBEFA3/PC_G_EU4" CO2="0.00" CO="0.00" HC="0.00" NOx="0.00" PMx="0.00" fuel="0.00" electricity="0.00" noise="73.14" route="routebottom" type="cfm-slow" waiting="0.00" lane="bottom_0" pos="15.06" speed="31.19" angle="67.33" x="94.97" y="2.61"/>
        <vehicle id="cfm-slow_3" eclass="HBEFA3/PC_G_EU4" CO2="0.00" CO="0.00" HC="0.00" NOx="0.00" PMx="0.00" fuel="0.00" electricity="0.00" noise="72.18" route="routebottom" type="cfm-slow" waiting="0.00" lane="bottom_0" pos="41.25" speed="29.73" angle="20.29" x="129.67" y="44.97"/>
        <vehicle id="cfm-slow_4" eclass="HBEFA3/PC_G_EU4" CO2="0.00" CO="0.00" HC="0.00" NOx="0.00" PMx="0.00" fuel="0.00" electricity="0.00" noise="71.28" route="routebottom" type="cfm-slow" waiting="0.00" lane="right_0" pos="15.85" speed="27.67" angle="335.93" x="123.92" y="96.45"/>
        <vehicle id="cfm-slow_5" eclass="HBEFA3/PC_G_EU4" CO2="0.00" CO="0.00" HC="0.00" NOx="0.00" PMx="0.00" fuel="0.00" electricity="0.00" noise="71.24" route="routebottom" type="cfm-slow" waiting="0.00" lane="right_0" pos="38.34" speed="26.03" angle="295.50" x="88.29" y="127.69"/>
    </timestep>
    <timestep time="7.94">
        <vehicle id="cfm-fast_0" eclass="HBEFA3/PC_G_EU4" CO2="101304.62" CO="3096.23" HC="16.74" NOx="46.31" PMx="3.08" fuel="43.55" electricity="0.00" noise="105.42" route="routebottom" type="cfm-fast" waiting="0.00" lane="bottom_1" pos="20.18" speed="72.15" angle="58.10" x="102.34" y="11.06"/>
        <vehicle id="cfm-fast_1" eclass="HBEFA3/PC_G_EU4" CO2="10268.30" CO="143.44" HC="0.91" NOx="4.17" PMx="0.23" fuel="4.41" electricity="0.00" noise="73.48" route="routetop" type="cfm-fast" waiting="0.00" lane="top_0" pos="9.51" speed="25.59" angle="257.33" x="43.42" y="129.21"/>
        <vehicle id="cfm-fast_2" eclass="HBEFA3/PC_G_EU4" CO2="46323.00" CO="2106.97" HC="10.88" NOx="20.32" PMx="1.71" fuel="19.91" electricity="0.00" noise="93.89" route="routebottom" type="cfm-fast" waiting="0.00" lane="right_1" pos="33.98" speed="75.40" angle="303.38" x="95.16" y="120.86"/>
        <vehicle id="cfm-fast_3" eclass="HBEFA3/PC_G_EU4" CO2="17187.00" CO="289.78" HC="1.75" NOx="7.41" PMx="0.41" fuel="7.39" electricity="0.00" noise="76.74" route="routetop" type="cfm-fast" waiting="0.00" lane="top_0" pos="26.13" speed="26.54" angle="227.50" x="13.48" y="110.43"/>
        <vehicle id="cfm-fast_4" eclass="HBEFA3/PC_G_EU4" CO2="0.00" CO="0.00" HC="0.00" NOx="0.00" PMx="0.00" fuel="0.00" electricity="0.00" noise="90.92" route="routetop" type="cfm-fast" waiting="0.00" lane="left_1" pos="0.74" speed="75.52" angle="183.13" x="-1.62" y="62.11"/>
        <vehicle id="cfm-fast_5" eclass="HBEFA3/PC_G_EU4" CO2="19516.09" CO="347.39" HC="2.07" NOx="8.47" PMx="0.48" fuel="8.39" electricity="0.00" noise="78.05" route="routetop" type="cfm-fast" waiting="0.00" lane="top_0" pos="43.82" speed="28.37" angle="195.73" x="-3.64" y="76.97"/>
        <vehicle id="cfm-slow_0" eclass="HBEFA3/PC_G_EU4" CO2="15411.49" CO="275.80" HC="1.65" NOx="6.49" PMx="0.38" fuel="6.62" electricity="0.00" noise="76.67" route="routetop" type="cfm-slow" waiting="0.00" lane="left_0" pos="13.41" speed="30.27" angle="160.36" x="1.08" y="35.57"/>
        <vehicle id="cfm-slow_1" eclass="HBEFA3/PC_G_EU4" CO2="0.00" CO="0.00" HC="0.00" NOx="0.00" PMx="0.00" fuel="0.00" electricity="0.00" noise="74.44" route="routetop" type="cfm-slow" waiting="0.00" lane="left_0" pos="38.88" speed="31.38" angle="114.56" x="40.13" y="-0.78"/>
        <vehicle id="cfm-slow_2" eclass="HBEFA3/PC_G_EU4" CO2="0.00" CO="0.00" HC="0.00" NOx="0.00" PMx="0.00" fuel="0.00" electricity="0.00" noise="73.13" route="routebottom" type="cfm-slow" waiting="0.00" lane="bottom_0" pos="15.37" speed="31.18" angle="66.82" x="95.57" y="2.91"/>
        <vehicle id="cfm-slow_3" eclass="HBEFA3/PC_G_EU4" CO2="0.00" CO="0.00" HC="0.00" NOx="0.00" PMx="0.00" fuel="0.00" electricity="0.00" noise="72.17" route="routebottom" type="cfm-slow" waiting="0.00" lane="bottom_0" pos="41.54" speed="29.71" angle="19.75" x="129.84" y="45.59"/>
        <vehicle id="cfm-slow_4" eclass="HBEFA3/PC_G_EU4" CO2="0.00" CO="0.00" HC="0.00" NOx="0.00" PMx="0.00" fuel="0.00" electricity="0.00" noise="71.28" route="routebottom" type="cfm-slow" waiting="0.00" lane="right_0" pos="16.12" speed="27.65" angle="335.43" x="123.63" y="96.97"/>
        <vehicle id="cfm-slow_5" eclass="HBEFA3/PC_G_EU4" CO2="0.00" CO="0.00" HC="0.00" NOx="0.00" PMx="0.00" fuel="0.00" electricity="0.00" noise="71.25" route="routebottom" type="cfm-slow" waiting="0.00" lane="right_0" pos="38.60" speed="26.02" angle="295.08" x="87.77" y="127.89"/>
    </timestep>
    <timestep time="7.95">
        <vehicle id="cfm-fast_0" eclass="HBEFA3/PC_G_EU4" CO2="100783.39" CO="3087.01" HC="16.68" NOx="46.06" PMx="3.07" fuel="43.32" electricity="0.00" noise="105.30" route="routebottom" type="cfm-fast" waiting="0.00" lane="bottom_1" pos="20.90" speed="72.19" angle="56.84" x="103.52" y="11.95"/>
        <vehicle id="cfm-fast_1" eclass="HBEFA3/PC_G_EU4" CO2="10333.72" CO="144.82" HC="0.92" NOx="4.20" PMx="0.23" fuel="4.44" electricity="0.00" noise="73.51" route="routetop" type="cfm-fast" waiting="0.00" lane="top_0" pos="9.77" speed="25.60" angle="256.86" x="42.89" y="129.05"/>
        <vehicle id="cfm-fast_2" eclass="HBEFA3/PC_G_EU4" CO2="46114.71" CO="2102.88" HC="10.85" NOx="20.22" PMx="1.70" fuel="19.82" electricity="0.00" noise="93.85" route="routebottom" type="cfm-fast" waiting="0.00" lane="right_1" pos="34.73" speed="75.40" angle="302.05" x="93.81" y="121.60"/>
        <vehicle id="cfm-fast_3" eclass="HBEFA3/PC_G_EU4" CO2="17210.30" CO="290.34" HC="1.75" NOx="7.42" PMx="0.41" fuel="7.40" electricity="0.00" noise="76.75" route="routetop" type="cfm-fast" waiting="0.00" lane="top_0" pos="26.39" speed="26.56" angle="227.01" x="13.09" y="110.01"/>
        <vehicle id="cfm-fast_4" eclass="HBEFA3/PC_G_EU4" CO2="0.00" CO="0.00" HC="0.00" NOx="0.00" PMx="0.00" fuel="0.00" electricity="0.00" noise="90.95" route="routetop" type="cfm-fast" waiting="0.00" lane="left_1" pos="1.50" speed="75.51" angle="181.80" x="-1.57" y="60.56"/>
        <vehicle id="cfm-fast_5" eclass="HBEFA3/PC_G_EU4" CO2="19481.07" CO="346.78" HC="2.07" NOx="8.45" PMx="0.48" fuel="8.37" electricity="0.00" noise="78.04" route="routetop" type="cfm-fast" waiting="0.00" lane="top_0" pos="44.10" speed="28.39" angle="195.20" x="-3.75" y="76.37"/>
        <vehicle id="cfm-slow_0" eclass="HBEFA3/PC_G_EU4" CO2="15321.30" CO="274.04" HC="1.63" NOx="6.45" PMx="0.38" fuel="6.59" electricity="0.00" noise="76.64" route="routetop" type="cfm-slow" waiting="0.00" lane="left_0" pos="13.71" speed="30.28" angle="159.79" x="1.34" y="34.97"/>
        <vehicle id="cfm-slow_1" eclass="HBEFA3/PC_G_EU4" CO2="0.00" CO="0.00" HC="0.00" NOx="0.00" PMx="0.00" fuel="0.00" electricity="0.00" noise="74.42" route="routetop" type="cfm-slow" waiting="0.00" lane="left_0" pos="39.19" speed="31.38" angle="113.98" x="40.77" y="-1.00"/>
        <vehicle id="cfm-slow_2" eclass="HBEFA3/PC_G_EU4" CO2="0.00" CO="0.00" HC="0.00" NOx="0.00" PMx="0.00" fuel="0.00" electricity="0.00" noise="73.12" route="routebottom" type="cfm-slow" waiting="0.00" lane="bottom_0" pos="15.69" speed="31.16" angle="66.24" x="96.15" y="3.24"/>
        <vehicle id="cfm-slow_3" eclass="HBEFA3/PC_G_EU4" CO2="0.00" CO="0.00" HC="0.00" NOx="0.00" PMx="0.00" fuel="0.00" electricity="0.00" noise="72.17" route="routebottom" type="cfm-slow" waiting="0.00" lane="bottom_0" pos="41.84" speed="29.69" angle="19.21" x="130.00" y="46.21"/>
        <vehicle id="cfm-slow_4" eclass="HBEFA3/PC_G_EU4" CO2="0.00" CO="0.00" HC="0.00" NOx="0.00" PMx="0.00" fuel="0.00" electricity="0.00" noise="71.27" route="routebottom" type="cfm-slow" waiting="0.00" lane="right_0" pos="16.40" speed="27.63" angle="334.93" x="123.34" y="97.49"/>
        <vehicle id="cfm-slow_5" eclass="HBEFA3/PC_G_EU4" CO2="0.00" CO="0.00" HC="0.00" NOx="0.00" PMx="0.00" fuel="0.00" electricity="0.00" noise="71.26" route="routebottom" type="cfm-slow" waiting="0.00" lane="right_0" pos="38.86" speed="26.02" angle="294.61" x="87.24" y="128.08"/>
    </timestep>
    <timestep time="7.96">
        <vehicle id="cfm-fast_0" eclass="HBEFA3/PC_G_EU4" CO2="100264.57" CO="3077.82" HC="16.63" NOx="45.81" PMx="3.06" fuel="43.10" electricity="0.00" noise="105.19" route="routebottom" type="cfm-fast" waiting="0.00" lane="bottom_1" pos="21.62" speed="72.22" angle="55.52" x="104.69" y="12.86"/>
        <vehicle id="cfm-fast_1" eclass="HBEFA3/PC_G_EU4" CO2="10398.75" CO="146.20" HC="0.92" NOx="4.23" PMx="0.23" fuel="4.47" electricity="0.00" noise="73.54" route="routetop" type="cfm-fast" waiting="0.00" lane="top_0" pos="10.02" speed="25.61" angle="256.40" x="42.36" y="128.88"/>
        <vehicle id="cfm-fast_2" eclass="HBEFA3/PC_G_EU4" CO2="45910.32" CO="2098.87" HC="10.83" NOx="20.13" PMx="1.70" fuel="19.74" electricity="0.00" noise="93.81" route="routebottom" type="cfm-fast" waiting="0.00" lane="right_1" pos="35.49" speed="75.41" angle="300.65" x="92.42" y="122.29"/>
        <vehicle id="cfm-fast_3" eclass="HBEFA3/PC_G_EU4" CO2="17233.10" CO="290.89" HC="1.75" NOx="7.43" PMx="0.41" fuel="7.41" electricity="0.00" noise="76.76" route="routetop" type="cfm-fast" waiting="0.00" lane="top_0" pos="26.66" speed="26.58" angle="226.51" x="12.70" y="109.59"/>
        <vehicle id="cfm-fast_4" eclass="HBEFA3/PC_G_EU4" CO2="0.00" CO="0.00" HC="0.00" NOx="0.00" PMx="0.00" fuel="0.00" electricity="0.00" noise="90.98" route="routetop" type="cfm-fast" waiting="0.00" lane="left_1" pos="2.25" speed="75.51" angle="180.43" x="-1.48" y="59.02"/>
        <vehicle id="cfm-fast_5" eclass="HBEFA3/PC_G_EU4" CO2="19445.53" CO="346.17" HC="2.06" NOx="8.44" PMx="0.48" fuel="8.36" electricity="0.00" noise="78.02" route="routetop" type="cfm-fast" waiting="0.00" lane="top_0" pos="44.39" speed="28.41" angle="194.67" x="-3.87" y="75.77"/>
        <vehicle id="cfm-slow_0" eclass="HBEFA3/PC_G_EU4" CO2="15230.91" CO="272.27" HC="1.62" NOx="6.41" PMx="0.37" fuel="6.55" electricity="0.00" noise="76.61" route="routetop" type="cfm-slow" waiting="0.00" lane="left_0" pos="14.02" speed="30.29" angle="159.26" x="1.61" y="34.38"/>
        <vehicle id="cfm-slow_1" eclass="HBEFA3/PC_G_EU4" CO2="0.00" CO="0.00" HC="0.00" NOx="0.00" PMx="0.00" fuel="0.00" electricity="0.00" noise="74.40" route="routetop" type="cfm-slow" waiting="0.00" lane="left_0" pos="39.51" speed="31.38" angle="113.40" x="41.40" y="-1.23"/>
        <vehicle id="cfm-slow_2" eclass="HBEFA3/PC_G_EU4" CO2="0.00" CO="0.00" HC="0.00" NOx="0.00" PMx="0.00" fuel="0.00" electricity="0.00" noise="73.11" route="routebottom" type="cfm-slow" waiting="0.00" lane="bottom_0" pos="16.00" speed="31.15" angle="65.67" x="96.74" y="3.56"/>
        <vehicle id="cfm-slow_3" eclass="HBEFA3/PC_G_EU4" CO2="0.00" CO="0.00" HC="0.00" NOx="0.00" PMx="0.00" fuel="0.00" electricity="0.00" noise="72.16" route="routebottom" type="cfm-slow" waiting="0.00" lane="bottom_0" pos="42.14" speed="29.67" angle="18.67" x="130.17" y="46.82"/>
        <vehicle id="cfm-slow_4" eclass="HBEFA3/PC_G_EU4" CO2="0.00" CO="0.00" HC="0.00" NOx="0.00" PMx="0.00" fuel="0.00" electricity="0.00" noise="71.27" route="routebottom" type="cfm-slow" waiting="0.00" lane="right_0" pos="16.67" speed="27.62" angle="334.48" x="123.05" y="98.01"/>
        <vehicle id="cfm-slow_5" eclass="HBEFA3/PC_G_EU4" CO2="0.00" CO="0.00" HC="0.00" NOx="0.00" PMx="0.00" fuel="0.00" electricity="0.00" noise="71.27" route="routebottom" type="cfm-slow" waiting="0.00" lane="right_0" pos="39.12" speed="26.01" angle="294.14" x="86.71" y="128.27"/>
    </timestep>
    <timestep time="7.97">
        <vehicle id="cfm-fast_0" eclass="HBEFA3/PC_G_EU4" CO2="99748.17" CO="3068.68" HC="16.57" NOx="45.57" PMx="3.05" fuel="42.88" electricity="0.00" noise="105.07" route="routebottom" type="cfm-fast" waiting="0.00" lane="bottom_1" pos="22.35" speed="72.26" angle="54.26" x="105.83" y="13.81"/>
        <vehicle id="cfm-fast_1" eclass="HBEFA3/PC_G_EU4" CO2="10463.41" CO="147.56" HC="0.93" NOx="4.26" PMx="0.23" fuel="4.50" electricity="0.00" noise="73.56" route="routetop" type="cfm-fast" waiting="0.00" lane="top_0" pos="10.28" speed="25.62" angle="256.00" x="41.84" y="128.72"/>
        <vehicle id="cfm-fast_2" eclass="HBEFA3/PC_G_EU4" CO2="45709.78" CO="2094.93" HC="10.81" NOx="20.03" PMx="1.69" fuel="19.65" electricity="0.00" noise="93.77" route="routebottom" type="cfm-fast" waiting="0.00" lane="right_1" pos="36.24" speed="75.41" angle="299.29" x="91.03" y="122.95"/>
        <vehicle id="cfm-fast_3" eclass="HBEFA3/PC_G_EU4" CO2="17255.38" CO="291.43" HC="1.76" NOx="7.44" PMx="0.41" fuel="7.42" electricity="0.00" noise="76.78" route="routetop" type="cfm-fast" waiting="0.00" lane="top_0" pos="26.92" speed="26.59" angle="226.08" x="12.32" y="109.17"/>
        <vehicle id="cfm-fast_4" eclass="HBEFA3/PC_G_EU4" CO2="0.00" CO="0.00" HC="0.00" NOx="0.00" PMx="0.00" fuel="0.00" electricity="0.00" noise="91.01" route="routetop" type="cfm-fast" waiting="0.00" lane="left_1" pos="3.01" speed="75.51" angle="179.10" x="-1.35" y="57.47"/>
        <vehicle id="cfm-fast_5" eclass="HBEFA3/PC_G_EU4" CO2="19409.47" CO="345.54" HC="2.06" NOx="8.42" PMx="0.48" fuel="8.34" electricity="0.00" noise="78.01" route="routetop" type="cfm-fast" waiting="0.00" lane="top_0" pos="44.67" speed="28.43" angle="194.14" x="-3.98" y="75.17"/>
        <vehicle id="cfm-slow_0" eclass="HBEFA3/PC_G_EU4" CO2="15140.31" CO="270.49" HC="1.61" NOx="6.36" PMx="0.37" fuel="6.51" electricity="0.00" noise="76.58" route="routetop" type="cfm-slow" waiting="0.00" lane="left_0" pos="14.32" speed="30.30" angle="158.72" x="1.90" y="33.79"/>
        <vehicle id="cfm-slow_1" eclass="HBEFA3/PC_G_EU4" CO2="0.00" CO="0.00" HC="0.00" NOx="0.00" PMx="0.00" fuel="0.00" electricity="0.00" noise="74.38" route="routetop" type="cfm-slow" waiting="0.00" lane="left_0" pos="39.82" speed="31.38" angle="112.89" x="42.04" y="-1.45"/>
        <vehicle id="cfm-slow_2" eclass="HBEFA3/PC_G_EU4" CO2="0.00" CO="0.00" HC="0.00" NOx="0.00" PMx="0.00" fuel="0.00" electricity="0.00" noise="73.10" route="routebottom" type="cfm-slow" waiting="0.00" lane="bottom_0" pos="16.31" speed="31.14" angle="65.09" x="97.33" y="3.89"/>
        <vehicle id="cfm-slow_3" eclass="HBEFA3/PC_G_EU4" CO2="0.00" CO="0.00" HC="0.00" NOx="0.00" PMx="0.00" fuel="0.00" electricity="0.00" noise="72.15" route="routebottom" type="cfm-slow" waiting="0.00" lane="bottom_0" pos="42.43" speed="29.65" angle="18.19" x="130.33" y="47.44"/>
        <vehicle id="cfm-slow_4" eclass="HBEFA3/PC_G_EU4" CO2="0.00" CO="0.00" HC="0.00" NOx="0.00" PMx="0.00" fuel="0.00" electricity="0.00" noise="71.27" route="routebottom" type="cfm-slow" waiting="0.00" lane="right_0" pos="16.95" speed="27.60" angle="333.98" x="122.75" y="98.52"/>
        <vehicle id="cfm-slow_5" eclass="HBEFA3/PC_G_EU4" CO2="0.00" CO="0.00" HC="0.00" NOx="0.00" PMx="0.00" fuel="0.00" electricity="0.00" noise="71.28" route="routebottom" type="cfm-slow" waiting="0.00" lane="right_0" pos="39.38" speed="26.01" angle="293.67" x="86.19" y="128.46"/>
    </timestep>
    <timestep time="7.98">
        <vehicle id="cfm-fast_0" eclass="HBEFA3/PC_G_EU4" CO2="99234.22" CO="3059.57" HC="16.52" NOx="45.33" PMx="3.03" fuel="42.66" electricity="0.00" noise="104.95" route="routebottom" type="cfm-fast" waiting="0.00" lane="bottom_1" pos="23.07" speed="72.29" angle="53.00" x="106.96" y="14.76"/>
        <vehicle id="cfm-fast_1" eclass="HBEFA3/PC_G_EU4" CO2="10527.69" CO="148.92" HC="0.94" NOx="4.29" PMx="0.23" fuel="4.53" electricity="0.00" noise="73.59" route="routetop" type="cfm-fast" waiting="0.00" lane="top_0" pos="10.53" speed="25.63" angle="255.51" x="41.32" y="128.53"/>
        <vehicle id="cfm-fast_2" eclass="HBEFA3/PC_G_EU4" CO2="45513.04" CO="2091.07" HC="10.79" NOx="19.94" PMx="1.69" fuel="19.56" electricity="0.00" noise="93.74" route="routebottom" type="cfm-fast" waiting="0.00" lane="right_1" pos="37.00" speed="75.41" angle="297.87" x="89.62" y="123.59"/>
        <vehicle id="cfm-fast_3" eclass="HBEFA3/PC_G_EU4" CO2="17277.16" CO="291.96" HC="1.76" NOx="7.45" PMx="0.41" fuel="7.43" electricity="0.00" noise="76.79" route="routetop" type="cfm-fast" waiting="0.00" lane="top_0" pos="27.19" speed="26.61" angle="225.58" x="11.94" y="108.73"/>
        <vehicle id="cfm-fast_4" eclass="HBEFA3/PC_G_EU4" CO2="0.00" CO="0.00" HC="0.00" NOx="0.00" PMx="0.00" fuel="0.00" electricity="0.00" noise="91.04" route="routetop" type="cfm-fast" waiting="0.00" lane="left_1" pos="3.76" speed="75.50" angle="177.74" x="-1.19" y="55.93"/>
        <vehicle id="cfm-fast_5" eclass="HBEFA3/PC_G_EU4" CO2="19372.90" CO="344.90" HC="2.06" NOx="8.40" PMx="0.47" fuel="8.33" electricity="0.00" noise="77.99" route="routetop" type="cfm-fast" waiting="0.00" lane="top_0" pos="44.96" speed="28.45" angle="193.69" x="-4.08" y="74.57"/>
        <vehicle id="cfm-slow_0" eclass="HBEFA3/PC_G_EU4" CO2="15049.52" CO="268.71" HC="1.60" NOx="6.32" PMx="0.37" fuel="6.47" electricity="0.00" noise="76.55" route="routetop" type="cfm-slow" waiting="0.00" lane="left_0" pos="14.62" speed="30.31" angle="158.16" x="2.19" y="33.21"/>
        <vehicle id="cfm-slow_1" eclass="HBEFA3/PC_G_EU4" CO2="0.00" CO="0.00" HC="0.00" NOx="0.00" PMx="0.00" fuel="0.00" electricity="0.00" noise="74.36" route="routetop" type="cfm-slow" waiting="0.00" lane="left_0" pos="40.13" speed="31.38" angle="112.30" x="42.69" y="-1.65"/>
        <vehicle id="cfm-slow_2" eclass="HBEFA3/PC_G_EU4" CO2="0.00" CO="0.00" HC="0.00" NOx="0.00" PMx="0.00" fuel="0.00" electricity="0.00" noise="73.09" route="routebottom" type="cfm-slow" waiting="0.00" lane="bottom_0" pos="16.62" speed="31.12" angle="64.56" x="97.91" y="4.21"/>
        <vehicle id="cfm-slow_3" eclass="HBEFA3/PC_G_EU4" CO2="0.00" CO="0.00" HC="0.00" NOx="0.00" PMx="0.00" fuel="0.00" electricity="0.00" noise="72.14" route="routebottom" type="cfm-slow" waiting="0.00" lane="bottom_0" pos="42.73" speed="29.63" angle="17.65" x="130.47" y="48.06"/>
        <vehicle id="cfm-slow_4" eclass="HBEFA3/PC_G_EU4" CO2="0.00" CO="0.00" HC="0.00" NOx="0.00" PMx="0.00" fuel="0.00" electricity="0.00" noise="71.26" route="routebottom" type="cfm-slow" waiting="0.00" lane="right_0" pos="17.23" speed="27.58" angle="333.48" x="122.44" y="99.03"/>
        <vehicle id="cfm-slow_5" eclass="HBEFA3/PC_G_EU4" CO2="0.00" CO="0.00" HC="0.00" NOx="0.00" PMx="0.00" fuel="0.00" electricity="0.00" noise="71.30" route="routebottom" type="cfm-slow" waiting="0.00" lane="right_0" pos="39.64" speed="26.00" angle="293.21" x="85.66" y="128.65"/>
    </timestep>
    <timestep time="7.99">
        <vehicle id="cfm-fast_0" eclass="HBEFA3/PC_G_EU4" CO2="98722.74" CO="3050.50" HC="16.46" NOx="45.09" PMx="3.02" fuel="42.44" electricity="0.00" noise="104.83" route="routebottom" type="cfm-fast" waiting="0.00" lane="bottom_1" pos="23.79" speed="72.33" angle="51.71" x="108.05" y="15.77"/>
        <vehicle id="cfm-fast_1" eclass="HBEFA3/PC_G_EU4" CO2="10591.60" CO="150.27" HC="0.95" NOx="4.32" PMx="0.24" fuel="4.55" electricity="0.00" noise="73.62" route="routetop" type="cfm-fast" waiting="0.00" lane="top_0" pos="10.79" speed="25.64" angle="255.03" x="40.80" y="128.34"/>
        <vehicle id="cfm-fast_2" eclass="HBEFA3/PC_G_EU4" CO2="45320.05" CO="2087.27" HC="10.76" NOx="19.85" PMx="1.68" fuel="19.48" electricity="0.00" noise="93.70" route="routebottom" type="cfm-fast" waiting="0.00" lane="right_1" pos="37.75" speed="75.42" angle="296.53" x="88.19" y="124.18"/>
        <vehicle id="cfm-fast_3" eclass="HBEFA3/PC_G_EU4" CO2="17298.44" CO="292.48" HC="1.76" NOx="7.46" PMx="0.41" fuel="7.44" electricity="0.00" noise="76.80" route="routetop" type="cfm-fast" waiting="0.00" lane="top_0" pos="27.46" speed="26.63" angle="225.08" x="11.57" y="108.29"/>
        <vehicle id="cfm-fast_4" eclass="HBEFA3/PC_G_EU4" CO2="0.00" CO="0.00" HC="0.00" NOx="0.00" PMx="0.00" fuel="0.00" electricity="0.00" noise="91.06" route="routetop" type="cfm-fast" waiting="0.00" lane="left_1" pos="4.52" speed="75.50" angle="176.39" x="-0.98" y="54.40"/>
        <vehicle id="cfm-fast_5" eclass="HBEFA3/PC_G_EU4" CO2="19335.81" CO="344.25" HC="2.05" NOx="8.38" PMx="0.47" fuel="8.31" electricity="0.00" noise="77.98" route="routetop" type="cfm-fast" waiting="0.00" lane="top_0" pos="45.24" speed="28.47" angle="193.16" x="-4.17" y="73.96"/>
        <vehicle id="cfm-slow_0" eclass="HBEFA3/PC_G_EU4" CO2="14958.54" CO="266.93" HC="1.59" NOx="6.28" PMx="0.37" fuel="6.43" electricity="0.00" noise="76.52" route="routetop" type="cfm-slow" waiting="0.00" lane="left_0" pos="14.93" speed="30.33" angle="157.59" x="2.48" y="32.63"/>
        <vehicle id="cfm-slow_1" eclass="HBEFA3/PC_G_EU4" CO2="0.00" CO="0.00" HC="0.00" NOx="0.00" PMx="0.00" fuel="0.00" electricity="0.00" noise="74.34" route="routetop" type="cfm-slow" waiting="0.00" lane="left_0" pos="40.45" speed="31.37" angle="111.71" x="43.33" y="-1.85"/>
        <vehicle id="cfm-slow_2" eclass="HBEFA3/PC_G_EU4" CO2="0.00" CO="0.00" HC="0.00" NOx="0.00" PMx="0.00" fuel="0.00" electricity="0.00" noise="73.08" route="routebottom" type="cfm-slow" waiting="0.00" lane="bottom_0" pos="16.93" speed="31.11" angle="64.00" x="98.49" y="4.56"/>
        <vehicle id="cfm-slow_3" eclass="HBEFA3/PC_G_EU4" CO2="0.00" CO="0.00" HC="0.00" NOx="0.00" PMx="0.00" fuel="0.00" electricity="0.00" noise="72.13" route="routebottom" type="cfm-slow" waiting="0.00" lane="bottom_0" pos="43.02" speed="29.61" angle="17.11" x="130.61" y="48.69"/>
        <vehicle id="cfm-slow_4" eclass="HBEFA3/PC_G_EU4" CO2="0.00" CO="0.00" HC="0.00" NOx="0.00" PMx="0.00" fuel="0.00" electricity="0.00" noise="71.26" route="routebottom" type="cfm-slow" waiting="0.00" lane="right_0" pos="17.50" speed="27.57" angle="332.98" x="122.14" y="99.54"/>
        <vehicle id="cfm-slow_5" eclass="HBEFA3/PC_G_EU4" CO2="0.00" CO="0.00" HC="0.00" NOx="0.00" PMx="0.00" fuel="0.00" electricity="0.00" noise="71.31" route="routebottom" type="cfm-slow" waiting="0.00" lane="right_0" pos="39.90" speed="26.00" angle="292.78" x="85.13" y="128.83"/>
    </timestep>
    <timestep time="8.00">
        <vehicle id="cfm-fast_0" eclass="HBEFA3/PC_G_EU4" CO2="98213.75" CO="3041.47" HC="16.41" NOx="44.85" PMx="3.01" fuel="42.22" electricity="0.00" noise="104.72" route="routebottom" type="cfm-fast" waiting="0.00" lane="bottom_1" pos="24.52" speed="72.36" angle="50.45" x="109.13" y="16.78"/>
        <vehicle id="cfm-fast_1" eclass="HBEFA3/PC_G_EU4" CO2="10655.12" CO="151.61" HC="0.96" NOx="4.35" PMx="0.24" fuel="4.58" electricity="0.00" noise="73.65" route="routetop" type="cfm-fast" waiting="0.00" lane="top_0" pos="11.05" speed="25.65" angle="254.54" x="40.28" y="128.15"/>
        <vehicle id="cfm-fast_2" eclass="HBEFA3/PC_G_EU4" CO2="45130.76" CO="2083.55" HC="10.74" NOx="19.76" PMx="1.68" fuel="19.40" electricity="0.00" noise="93.67" route="routebottom" type="cfm-fast" waiting="0.00" lane="right_1" pos="38.50" speed="75.42" angle="295.19" x="86.75" y="124.75"/>
        <vehicle id="cfm-fast_3" eclass="HBEFA3/PC_G_EU4" CO2="17319.20" CO="292.99" HC="1.77" NOx="7.47" PMx="0.42" fuel="7.44" electricity="0.00" noise="76.81" route="routetop" type="cfm-fast" waiting="0.00" lane="top_0" pos="27.72" speed="26.65" angle="224.58" x="11.20" y="107.86"/>
        <vehicle id="cfm-fast_4" eclass="HBEFA3/PC_G_EU4" CO2="0.00" CO="0.00" HC="0.00" NOx="0.00" PMx="0.00" fuel="0.00" electricity="0.00" noise="91.09" route="routetop" type="cfm-fast" waiting="0.00" lane="left_1" pos="5.27" speed="75.49" angle="175.02" x="-0.75" y="52.87"/>
        <vehicle id="cfm-fast_5" eclass="HBEFA3/PC_G_EU4" CO2="19298.20" CO="343.60" HC="2.05" NOx="8.37" PMx="0.47" fuel="8.30" electricity="0.00" noise="77.96" route="routetop" type="cfm-fast" waiting="0.00" lane="top_0" pos="45.53" speed="28.49" angle="192.64" x="-4.25" y="73.35"/>
        <vehicle id="cfm-slow_0" eclass="HBEFA3/PC_G_EU4" CO2="14867.37" CO="265.14" HC="1.58" NOx="6.23" PMx="0.36" fuel="6.39" electricity="0.00" noise="76.49" route="routetop" type="cfm-slow" waiting="0.00" lane="left_0" pos="15.23" speed="30.34" angle="157.02" x="2.77" y="32.04"/>
        <vehicle id="cfm-slow_1" eclass="HBEFA3/PC_G_EU4" CO2="0.00" CO="0.00" HC="0.00" NOx="0.00" PMx="0.00" fuel="0.00" electricity="0.00" noise="74.32" route="routetop" type="cfm-slow" waiting="0.00" lane="left_0" pos="40.76" speed="31.37" angle="111.12" x="43.98" y="-2.05"/>
        <vehicle id="cfm-slow_2" eclass="HBEFA3/PC_G_EU4" CO2="0.00" CO="0.00" HC="0.00" NOx="0.00" PMx="0.00" fuel="0.00" electricity="0.00" noise="73.07" route="routebottom" type="cfm-slow" waiting="0.00" lane="bottom_0" pos="17.24" speed="31.10" angle="63.43" x="99.06" y="4.90"/>
        <vehicle id="cfm-slow_3" eclass="HBEFA3/PC_G_EU4" CO2="0.00" CO="0.00" HC="0.00" NOx="0.00" PMx="0.00" fuel="0.00" electricity="0.00" noise="72.12" route="routebottom" type="cfm-slow" waiting="0.00" lane="bottom_0" pos="43.32" speed="29.59" angle="16.58" x="130.75" y="49.31"/>
        <vehicle id="cfm-slow_4" eclass="HBEFA3/PC_G_EU4" CO2="0.00" CO="0.00" HC="0.00" NOx="0.00" PMx="0.00" fuel="0.00" electricity="0.00" noise="71.26" route="routebottom" type="cfm-slow" waiting="0.00" lane="right_0" pos="17.78" speed="27.55" angle="332.49" x="121.84" y="100.05"/>
        <vehicle id="cfm-slow_5" eclass="HBEFA3/PC_G_EU4" CO2="0.00" CO="0.00" HC="0.00" NOx="0.00" PMx="0.00" fuel="0.00" electricity="0.00" noise="71.32" route="routebottom" type="cfm-slow" waiting="0.00" lane="right_0" pos="40.16" speed="25.99" angle="292.29" x="84.60" y="129.00"/>
    </timestep>
    <timestep time="8.01">
        <vehicle id="cfm-fast_0" eclass="HBEFA3/PC_G_EU4" CO2="97707.26" CO="3032.48" HC="16.36" NOx="44.61" PMx="2.99" fuel="42.00" electricity="0.00" noise="104.60" route="routebottom" type="cfm-fast" waiting="0.00" lane="bottom_1" pos="25.24" speed="72.39" angle="49.08" x="110.18" y="17.84"/>
        <vehicle id="cfm-fast_1" eclass="HBEFA3/PC_G_EU4" CO2="10718.26" CO="152.95" HC="0.96" NOx="4.38" PMx="0.24" fuel="4.61" electricity="0.00" noise="73.67" route="routetop" type="cfm-fast" waiting="0.00" lane="top_0" pos="11.30" speed="25.66" angle="254.06" x="39.76" y="127.97"/>
        <vehicle id="cfm-fast_2" eclass="HBEFA3/PC_G_EU4" CO2="44945.12" CO="2079.90" HC="10.72" NOx="19.67" PMx="1.67" fuel="19.32" electricity="0.00" noise="93.63" route="routebottom" type="cfm-fast" waiting="0.00" lane="right_1" pos="39.26" speed="75.43" angle="293.85" x="85.30" y="125.28"/>
        <vehicle id="cfm-fast_3" eclass="HBEFA3/PC_G_EU4" CO2="17339.46" CO="293.50" HC="1.77" NOx="7.48" PMx="0.42" fuel="7.45" electricity="0.00" noise="76.83" route="routetop" type="cfm-fast" waiting="0.00" lane="top_0" pos="27.99" speed="26.67" angle="224.08" x="10.83" y="107.42"/>
        <vehicle id="cfm-fast_4" eclass="HBEFA3/PC_G_EU4" CO2="0.00" CO="0.00" HC="0.00" NOx="0.00" PMx="0.00" fuel="0.00" electricity="0.00" noise="91.12" route="routetop" type="cfm-fast" waiting="0.00" lane="left_1" pos="6.03" speed="75.49" angle="173.60" x="-0.47" y="51.35"/>
        <vehicle id="cfm-fast_5" eclass="HBEFA3/PC_G_EU4" CO2="19260.09" CO="342.93" HC="2.04" NOx="8.35" PMx="0.47" fuel="8.28" electricity="0.00" noise="77.95" route="routetop" type="cfm-fast" waiting="0.00" lane="top_0" pos="45.81" speed="28.51" angle="192.11" x="-4.34" y="72.75"/>
        <vehicle id="cfm-slow_0" eclass="HBEFA3/PC_G_EU4" CO2="14776.03" CO="263.34" HC="1.57" NOx="6.19" PMx="0.36" fuel="6.35" electricity="0.00" noise="76.46" route="routetop" type="cfm-slow" waiting="0.00" lane="left_0" pos="15.53" speed="30.35" angle="156.52" x="3.08" y="31.46"/>
        <vehicle id="cfm-slow_1" eclass="HBEFA3/PC_G_EU4" CO2="0.00" CO="0.00" HC="0.00" NOx="0.00" PMx="0.00" fuel="0.00" electricity="0.00" noise="74.30" route="routetop" type="cfm-slow" waiting="0.00" lane="left_0" pos="41.08" speed="31.37" angle="110.60" x="44.62" y="-2.25"/>
        <vehicle id="cfm-slow_2" eclass="HBEFA3/PC_G_EU4" CO2="0.00" CO="0.00" HC="0.00" NOx="0.00" PMx="0.00" fuel="0.00" electricity="0.00" noise="73.06" route="routebottom" type="cfm-slow" waiting="0.00" lane="bottom_0" pos="17.55" speed="31.08" angle="62.86" x="99.63" y="5.24"/>
        <vehicle id="cfm-slow_3" eclass="HBEFA3/PC_G_EU4" CO2="0.00" CO="0.00" HC="0.00" NOx="0.00" PMx="0.00" fuel="0.00" electricity="0.00" noise="72.11" route="routebottom" type="cfm-slow" waiting="0.00" lane="bottom_0" pos="43.62" speed="29.57" angle="16.09" x="130.89" y="49.93"/>
        <vehicle id="cfm-slow_4" eclass="HBEFA3/PC_G_EU4" CO2="0.00" CO="0.00" HC="0.00" NOx="0.00" PMx="0.00" fuel="0.00" electricity="0.00" noise="71.25" route="routebottom" type="cfm-slow" waiting="0.00" lane="right_0" pos="18.05" speed="27.54" angle="332.04" x="121.52" y="100.55"/>
        <vehicle id="cfm-slow_5" eclass="HBEFA3/PC_G_EU4" CO2="0.00" CO="0.00" HC="0.00" NOx="0.00" PMx="0.00" fuel="0.00" electricity="0.00" noise="71.34" route="routebottom" type="cfm-slow" waiting="0.00" lane="right_0" pos="40.42" speed="25.99" angle="291.79" x="84.06" y="129.16"/>
    </timestep>
    <timestep time="8.02">
        <vehicle id="cfm-fast_0" eclass="HBEFA3/PC_G_EU4" CO2="97203.30" CO="3023.53" HC="16.30" NOx="44.37" PMx="2.98" fuel="41.78" electricity="0.00" noise="104.49" route="routebottom" type="cfm-fast" waiting="0.00" lane="bottom_1" pos="25.96" speed="72.43" angle="47.79" x="111.21" y="18.91"/>
        <vehicle id="cfm-fast_1" eclass="HBEFA3/PC_G_EU4" CO2="10781.02" CO="154.27" HC="0.97" NOx="4.41" PMx="0.24" fuel="4.63" electricity="0.00" noise="73.70" route="routetop" type="cfm-fast" waiting="0.00" lane="top_0" pos="11.56" speed="25.67" angle="253.64" x="39.24" y="127.78"/>
        <vehicle id="cfm-fast_2" eclass="HBEFA3/PC_G_EU4" CO2="44763.07" CO="2076.32" HC="10.70" NOx="19.59" PMx="1.67" fuel="19.24" electricity="0.00" noise="93.60" route="routebottom" type="cfm-fast" waiting="0.00" lane="right_1" pos="40.01" speed="75.43" angle="292.54" x="83.83" y="125.78"/>
        <vehicle id="cfm-fast_3" eclass="HBEFA3/PC_G_EU4" CO2="17359.20" CO="293.99" HC="1.77" NOx="7.49" PMx="0.42" fuel="7.46" electricity="0.00" noise="76.84" route="routetop" type="cfm-fast" waiting="0.00" lane="top_0" pos="28.26" speed="26.69" angle="223.66" x="10.46" y="106.98"/>
        <vehicle id="cfm-fast_4" eclass="HBEFA3/PC_G_EU4" CO2="0.00" CO="0.00" HC="0.00" NOx="0.00" PMx="0.00" fuel="0.00" electricity="0.00" noise="91.14" route="routetop" type="cfm-fast" waiting="0.00" lane="left_1" pos="6.78" speed="75.49" angle="172.26" x="-0.16" y="49.83"/>
        <vehicle id="cfm-fast_5" eclass="HBEFA3/PC_G_EU4" CO2="19221.47" CO="342.25" HC="2.04" NOx="8.33" PMx="0.47" fuel="8.26" electricity="0.00" noise="77.93" route="routetop" type="cfm-fast" waiting="0.00" lane="top_0" pos="46.10" speed="28.53" angle="191.60" x="-4.42" y="72.14"/>
        <vehicle id="cfm-slow_0" eclass="HBEFA3/PC_G_EU4" CO2="14684.51" CO="261.54" HC="1.56" NOx="6.15" PMx="0.36" fuel="6.31" electricity="0.00" noise="76.43" route="routetop" type="cfm-slow" waiting="0.00" lane="left_0" pos="15.84" speed="30.36" angle="155.97" x="3.39" y="30.89"/>
        <vehicle id="cfm-slow_1" eclass="HBEFA3/PC_G_EU4" CO2="0.00" CO="0.00" HC="0.00" NOx="0.00" PMx="0.00" fuel="0.00" electricity="0.00" noise="74.29" route="routetop" type="cfm-slow" waiting="0.00" lane="left_0" pos="41.39" speed="31.37" angle="110.01" x="45.27" y="-2.42"/>
        <vehicle id="cfm-slow_2" eclass="HBEFA3/PC_G_EU4" CO2="0.00" CO="0.00" HC="0.00" NOx="0.00" PMx="0.00" fuel="0.00" electricity="0.00" noise="73.05" route="routebottom" type="cfm-slow" waiting="0.00" lane="bottom_0" pos="17.86" speed="31.07" angle="62.32" x="100.21" y="5.59"/>
        <vehicle id="cfm-slow_3" eclass="HBEFA3/PC_G_EU4" CO2="0.00" CO="0.00" HC="0.00" NOx="0.00" PMx="0.00" fuel="0.00" electricity="0.00" noise="72.11" route="routebottom" type="cfm-slow" waiting="0.00" lane="bottom_0" pos="43.91" speed="29.55" angle="15.54" x="131.00" y="50.55"/>
        <vehicle id="cfm-slow_4" eclass="HBEFA3/PC_G_EU4" CO2="0.00" CO="0.00" HC="0.00" NOx="0.00" PMx="0.00" fuel="0.00" electricity="0.00" noise="71.25" route="routebottom" type="cfm-slow" waiting="0.00" lane="right_0" pos="18.33" speed="27.52" angle="331.50" x="121.19" y="101.04"/>
        <vehicle id="cfm-slow_5" eclass="HBEFA3/PC_G_EU4" CO2="0.00" CO="0.00" HC="0.00" NOx="0.00" PMx="0.00" fuel="0.00" electricity="0.00" noise="71.35" route="routebottom" type="cfm-slow" waiting="0.00" lane="right_0" pos="40.68" speed="25.99" angle="291.30" x="83.53" y="129.33"/>
    </timestep>
    <timestep time="8.03">
        <vehicle id="cfm-fast_0" eclass="HBEFA3/PC_G_EU4" CO2="96701.87" CO="3014.62" HC="16.25" NOx="44.13" PMx="2.97" fuel="41.57" electricity="0.00" noise="104.37" route="routebottom" type="cfm-fast" waiting="0.00" lane="bottom_1" pos="26.69" speed="72.46" angle="46.47" x="112.22" y="20.00"/>
        <vehicle id="cfm-fast_1" eclass="HBEFA3/PC_G_EU4" CO2="10843.39" CO="155.59" HC="0.98" NOx="4.44" PMx="0.24" fuel="4.66" electricity="0.00" noise="73.73" route="routetop" type="cfm-fast" waiting="0.00" lane="top_0" pos="11.82" speed="25.68" angle="253.17" x="38.73" y="127.57"/>
        <vehicle id="cfm-fast_2" eclass="HBEFA3/PC_G_EU4" CO2="44584.58" CO="2072.81" HC="10.68" NOx="19.50" PMx="1.66" fuel="19.17" electricity="0.00" noise="93.56" route="routebottom" type="cfm-fast" waiting="0.00" lane="right_1" pos="40.77" speed="75.43" angle="291.13" x="82.36" y="126.24"/>
        <vehicle id="cfm-fast_3" eclass="HBEFA3/PC_G_EU4" CO2="17378.44" CO="294.47" HC="1.77" NOx="7.50" PMx="0.42" fuel="7.47" electricity="0.00" noise="76.85" route="routetop" type="cfm-fast" waiting="0.00" lane="top_0" pos="28.52" speed="26.70" angle="223.17" x="10.10" y="106.53"/>
        <vehicle id="cfm-fast_4" eclass="HBEFA3/PC_G_EU4" CO2="0.00" CO="0.00" HC="0.00" NOx="0.00" PMx="0.00" fuel="0.00" electricity="0.00" noise="91.17" route="routetop" type="cfm-fast" waiting="0.00" lane="left_1" pos="7.54" speed="75.48" angle="170.87" x="0.18" y="48.32"/>
        <vehicle id="cfm-fast_5" eclass="HBEFA3/PC_G_EU4" CO2="19182.35" CO="341.56" HC="2.04" NOx="8.31" PMx="0.47" fuel="8.25" electricity="0.00" noise="77.91" route="routetop" type="cfm-fast" waiting="0.00" lane="top_0" pos="46.38" speed="28.54" angle="191.12" x="-4.49" y="71.53"/>
        <vehicle id="cfm-slow_0" eclass="HBEFA3/PC_G_EU4" CO2="14592.83" CO="259.74" HC="1.55" NOx="6.10" PMx="0.36" fuel="6.27" electricity="0.00" noise="76.40" route="routetop" type="cfm-slow" waiting="0.00" lane="left_0" pos="16.14" speed="30.37" angle="155.41" x="3.71" y="30.32"/>
        <vehicle id="cfm-slow_1" eclass="HBEFA3/PC_G_EU4" CO2="0.00" CO="0.00" HC="0.00" NOx="0.00" PMx="0.00" fuel="0.00" electricity="0.00" noise="74.27" route="routetop" type="cfm-slow" waiting="0.00" lane="left_0" pos="41.70" speed="31.37" angle="109.43" x="45.92" y="-2.60"/>
        <vehicle id="cfm-slow_2" eclass="HBEFA3/PC_G_EU4" CO2="0.00" CO="0.00" HC="0.00" NOx="0.00" PMx="0.00" fuel="0.00" electricity="0.00" noise="73.04" route="routebottom" type="cfm-slow" waiting="0.00" lane="bottom_0" pos="18.17" speed="31.05" angle="61.78" x="100.77" y="5.95"/>
        <vehicle id="cfm-slow_3" eclass="HBEFA3/PC_G_EU4" CO2="0.00" CO="0.00" HC="0.00" NOx="0.00" PMx="0.00" fuel="0.00" electricity="0.00" noise="72.10" route="routebottom" type="cfm-slow" waiting="0.00" lane="bottom_0" pos="44.21" speed="29.53" angle="14.98" x="131.12" y="51.18"/>
        <vehicle id="cfm-slow_4" eclass="HBEFA3/PC_G_EU4" CO2="0.00" CO="0.00" HC="0.00" NOx="0.00" PMx="0.00" fuel="0.00" electricity="0.00" noise="71.25" route="routebottom" type="cfm-slow" waiting="0.00" lane="right_0" pos="18.60" speed="27.51" angle="330.97" x="120.86" y="101.53"/>
        <vehicle id="cfm-slow_5" eclass="HBEFA3/PC_G_EU4" CO2="0.00" CO="0.00" HC="0.00" NOx="0.00" PMx="0.00" fuel="0.00" electricity="0.00" noise="71.36" route="routebottom" type="cfm-slow" waiting="0.00" lane="right_0" pos="40.94" speed="25.98" angle="290.81" x="83.00" y="129.49"/>
    </timestep>
    <timestep time="8.04">
        <vehicle id="cfm-fast_0" eclass="HBEFA3/PC_G_EU4" CO2="96203.01" CO="3005.75" HC="16.20" NOx="43.89" PMx="2.96" fuel="41.35" electricity="0.00" noise="104.26" route="routebottom" type="cfm-fast" waiting="0.00" lane="bottom_1" pos="27.41" speed="72.49" angle="45.17" x="113.20" y="21.12"/>
        <vehicle id="cfm-fast_1" eclass="HBEFA3/PC_G_EU4" CO2="10905.38" CO="156.91" HC="0.99" NOx="4.47" PMx="0.24" fuel="4.69" electricity="0.00" noise="73.75" route="routetop" type="cfm-fast" waiting="0.00" lane="top_0" pos="12.07" speed="25.69" angle="252.71" x="38.22" y="127.37"/>
        <vehicle id="cfm-fast_2" eclass="HBEFA3/PC_G_EU4" CO2="44409.59" CO="2069.37" HC="10.66" NOx="19.42" PMx="1.66" fuel="19.09" electricity="0.00" noise="93.53" route="routebottom" type="cfm-fast" waiting="0.00" lane="right_1" pos="41.52" speed="75.44" angle="289.77" x="80.87" y="126.66"/>
        <vehicle id="cfm-fast_3" eclass="HBEFA3/PC_G_EU4" CO2="17397.17" CO="294.94" HC="1.78" NOx="7.51" PMx="0.42" fuel="7.48" electricity="0.00" noise="76.86" route="routetop" type="cfm-fast" waiting="0.00" lane="top_0" pos="28.79" speed="26.72" angle="222.69" x="9.75" y="106.08"/>
        <vehicle id="cfm-fast_4" eclass="HBEFA3/PC_G_EU4" CO2="0.00" CO="0.00" HC="0.00" NOx="0.00" PMx="0.00" fuel="0.00" electricity="0.00" noise="91.20" route="routetop" type="cfm-fast" waiting="0.00" lane="left_1" pos="8.29" speed="75.48" angle="169.52" x="0.57" y="46.82"/>
        <vehicle id="cfm-fast_5" eclass="HBEFA3/PC_G_EU4" CO2="19142.72" CO="340.86" HC="2.03" NOx="8.29" PMx="0.47" fuel="8.23" electricity="0.00" noise="77.90" route="routetop" type="cfm-fast" waiting="0.00" lane="top_0" pos="46.67" speed="28.56" angle="190.59" x="-4.55" y="70.92"/>
        <vehicle id="cfm-slow_0" eclass="HBEFA3/PC_G_EU4" CO2="14500.98" CO="257.93" HC="1.54" NOx="6.06" PMx="0.36" fuel="6.23" electricity="0.00" noise="76.37" route="routetop" type="cfm-slow" waiting="0.00" lane="left_0" pos="16.44" speed="30.38" angle="154.85" x="4.03" y="29.75"/>
        <vehicle id="cfm-slow_1" eclass="HBEFA3/PC_G_EU4" CO2="0.00" CO="0.00" HC="0.00" NOx="0.00" PMx="0.00" fuel="0.00" electricity="0.00" noise="74.25" route="routetop" type="cfm-slow" waiting="0.00" lane="left_0" pos="42.02" speed="31.37" angle="108.85" x="46.58" y="-2.77"/>
        <vehicle id="cfm-slow_2" eclass="HBEFA3/PC_G_EU4" CO2="0.00" CO="0.00" HC="0.00" NOx="0.00" PMx="0.00" fuel="0.00" electricity="0.00" noise="73.03" route="routebottom" type="cfm-slow" waiting="0.00" lane="bottom_0" pos="18.49" speed="31.04" angle="61.19" x="101.32" y="6.32"/>
        <vehicle id="cfm-slow_3" eclass="HBEFA3/PC_G_EU4" CO2="0.00" CO="0.00" HC="0.00" NOx="0.00" PMx="0.00" fuel="0.00" electricity="0.00" noise="72.09" route="routebottom" type="cfm-slow" waiting="0.00" lane="bottom_0" pos="44.50" speed="29.51" angle="14.42" x="131.23" y="51.80"/>
        <vehicle id="cfm-slow_4" eclass="HBEFA3/PC_G_EU4" CO2="0.00" CO="0.00" HC="0.00" NOx="0.00" PMx="0.00" fuel="0.00" electricity="0.00" noise="71.24" route="routebottom" type="cfm-slow" waiting="0.00" lane="right_0" pos="18.88" speed="27.49" angle="330.43" x="120.53" y="102.02"/>
        <vehicle id="cfm-slow_5" eclass="HBEFA3/PC_G_EU4" CO2="0.00" CO="0.00" HC="0.00" NOx="0.00" PMx="0.00" fuel="0.00" electricity="0.00" noise="71.38" route="routebottom" type="cfm-slow" waiting="0.00" lane="right_0" pos="41.20" speed="25.98" angle="290.39" x="82.46" y="129.65"/>
    </timestep>
    <timestep time="8.05">
        <vehicle id="cfm-fast_0" eclass="HBEFA3/PC_G_EU4" CO2="95706.72" CO="2996.92" HC="16.15" NOx="43.66" PMx="2.94" fuel="41.14" electricity="0.00" noise="104.15" route="routebottom" type="cfm-fast" waiting="0.00" lane="bottom_1" pos="28.14" speed="72.52" angle="43.81" x="114.16" y="22.25"/>
        <vehicle id="cfm-fast_1" eclass="HBEFA3/PC_G_EU4" CO2="10966.98" CO="158.21" HC="0.99" NOx="4.50" PMx="0.25" fuel="4.71" electricity="0.00" noise="73.78" route="routetop" type="cfm-fast" waiting="0.00" lane="top_0" pos="12.33" speed="25.69" angle="252.24" x="37.71" y="127.16"/>
        <vehicle id="cfm-fast_2" eclass="HBEFA3/PC_G_EU4" CO2="44238.05" CO="2065.99" HC="10.64" NOx="19.34" PMx="1.65" fuel="19.02" electricity="0.00" noise="93.50" route="routebottom" type="cfm-fast" waiting="0.00" lane="right_1" pos="42.28" speed="75.44" angle="288.40" x="79.37" y="127.05"/>
        <vehicle id="cfm-fast_3" eclass="HBEFA3/PC_G_EU4" CO2="17415.38" CO="295.40" HC="1.78" NOx="7.52" PMx="0.42" fuel="7.49" electricity="0.00" noise="76.87" route="routetop" type="cfm-fast" waiting="0.00" lane="top_0" pos="29.06" speed="26.74" angle="222.20" x="9.39" y="105.62"/>
        <vehicle id="cfm-fast_4" eclass="HBEFA3/PC_G_EU4" CO2="0.00" CO="0.00" HC="0.00" NOx="0.00" PMx="0.00" fuel="0.00" electricity="0.00" noise="91.22" route="routetop" type="cfm-fast" waiting="0.00" lane="left_1" pos="9.05" speed="75.48" angle="168.18" x="0.98" y="45.33"/>
        <vehicle id="cfm-fast_5" eclass="HBEFA3/PC_G_EU4" CO2="19102.59" CO="340.14" HC="2.03" NOx="8.27" PMx="0.47" fuel="8.21" electricity="0.00" noise="77.88" route="routetop" type="cfm-fast" waiting="0.00" lane="top_0" pos="46.95" speed="28.58" angle="190.07" x="-4.62" y="70.31"/>
        <vehicle id="cfm-slow_0" eclass="HBEFA3/PC_G_EU4" CO2="14408.97" CO="256.12" HC="1.53" NOx="6.02" PMx="0.35" fuel="6.19" electricity="0.00" noise="76.34" route="routetop" type="cfm-slow" waiting="0.00" lane="left_0" pos="16.75" speed="30.39" angle="154.34" x="4.35" y="29.18"/>
        <vehicle id="cfm-slow_1" eclass="HBEFA3/PC_G_EU4" CO2="0.00" CO="0.00" HC="0.00" NOx="0.00" PMx="0.00" fuel="0.00" electricity="0.00" noise="74.23" route="routetop" type="cfm-slow" waiting="0.00" lane="left_0" pos="42.33" speed="31.36" angle="108.32" x="47.23" y="-2.95"/>
        <vehicle id="cfm-slow_2" eclass="HBEFA3/PC_G_EU4" CO2="0.00" CO="0.00" HC="0.00" NOx="0.00" PMx="0.00" fuel="0.00" electricity="0.00" noise="73.02" route="routebottom" type="cfm-slow" waiting="0.00" lane="bottom_0" pos="18.80" speed="31.03" angle="60.61" x="101.88" y="6.69"/>
        <vehicle id="cfm-slow_3" eclass="HBEFA3/PC_G_EU4" CO2="0.00" CO="0.00" HC="0.00" NOx="0.00" PMx="0.00" fuel="0.00" electricity="0.00" noise="72.08" route="routebottom" type="cfm-slow" waiting="0.00" lane="bottom_0" pos="44.80" speed="29.49" angle="13.88" x="131.35" y="52.43"/>
        <vehicle id="cfm-slow_4" eclass="HBEFA3/PC_G_EU4" CO2="0.00" CO="0.00" HC="0.00" NOx="0.00" PMx="0.00" fuel="0.00" electricity="0.00" noise="71.24" route="routebottom" type="cfm-slow" waiting="0.00" lane="right_0" pos="19.15" speed="27.47" angle="329.94" x="120.20" y="102.51"/>
        <vehicle id="cfm-slow_5" eclass="HBEFA3/PC_G_EU4" CO2="0.00" CO="0.00" HC="0.00" NOx="0.00" PMx="0.00" fuel="0.00" electricity="0.00" noise="71.39" route="routebottom" type="cfm-slow" waiting="0.00" lane="right_0" pos="41.46" speed="25.98" angle="289.92" x="81.92" y="129.79"/>
    </timestep>
    <timestep time="8.06">
        <vehicle id="cfm-fast_0" eclass="HBEFA3/PC_G_EU4" CO2="95213.03" CO="2988.13" HC="16.09" NOx="43.43" PMx="2.93" fuel="40.93" electricity="0.00" noise="104.04" route="routebottom" type="cfm-fast" waiting="0.00" lane="bottom_1" pos="28.86" speed="72.56" angle="42.50" x="115.08" y="23.42"/>
        <vehicle id="cfm-fast_1" eclass="HBEFA3/PC_G_EU4" CO2="11028.20" CO="159.51" HC="1.00" NOx="4.52" PMx="0.25" fuel="4.74" electricity="0.00" noise="73.81" route="routetop" type="cfm-fast" waiting="0.00" lane="top_0" pos="12.59" speed="25.70" angle="251.77" x="37.19" y="126.95"/>
        <vehicle id="cfm-fast_2" eclass="HBEFA3/PC_G_EU4" CO2="44069.91" CO="2062.68" HC="10.62" NOx="19.26" PMx="1.65" fuel="18.94" electricity="0.00" noise="93.47" route="routebottom" type="cfm-fast" waiting="0.00" lane="right_1" pos="43.03" speed="75.44" angle="287.09" x="77.86" y="127.40"/>
        <vehicle id="cfm-fast_3" eclass="HBEFA3/PC_G_EU4" CO2="17433.09" CO="295.84" HC="1.78" NOx="7.52" PMx="0.42" fuel="7.49" electricity="0.00" noise="76.88" route="routetop" type="cfm-fast" waiting="0.00" lane="top_0" pos="29.32" speed="26.76" angle="221.71" x="9.04" y="105.17"/>
        <vehicle id="cfm-fast_4" eclass="HBEFA3/PC_G_EU4" CO2="0.00" CO="0.00" HC="0.00" NOx="0.00" PMx="0.00" fuel="0.00" electricity="0.00" noise="91.25" route="routetop" type="cfm-fast" waiting="0.00" lane="left_1" pos="9.80" speed="75.47" angle="166.80" x="1.44" y="43.85"/>
        <vehicle id="cfm-fast_5" eclass="HBEFA3/PC_G_EU4" CO2="19061.96" CO="339.42" HC="2.02" NOx="8.25" PMx="0.47" fuel="8.19" electricity="0.00" noise="77.86" route="routetop" type="cfm-fast" waiting="0.00" lane="top_0" pos="47.24" speed="28.60" angle="189.54" x="-4.68" y="69.69"/>
        <vehicle id="cfm-slow_0" eclass="HBEFA3/PC_G_EU4" CO2="14316.82" CO="254.30" HC="1.52" NOx="5.97" PMx="0.35" fuel="6.15" electricity="0.00" noise="76.32" route="routetop" type="cfm-slow" waiting="0.00" lane="left_0" pos="17.05" speed="30.40" angle="153.78" x="4.69" y="28.62"/>
        <vehicle id="cfm-slow_1" eclass="HBEFA3/PC_G_EU4" CO2="0.00" CO="0.00" HC="0.00" NOx="0.00" PMx="0.00" fuel="0.00" electricity="0.00" noise="74.22" route="routetop" type="cfm-slow" waiting="0.00" lane="left_0" pos="42.64" speed="31.36" angle="107.77" x="47.89" y="-3.10"/>
        <vehicle id="cfm-slow_2" eclass="HBEFA3/PC_G_EU4" CO2="0.00" CO="0.00" HC="0.00" NOx="0.00" PMx="0.00" fuel="0.00" electricity="0.00" noise="73.01" route="routebottom" type="cfm-slow" waiting="0.00" lane="bottom_0" pos="19.11" speed="31.01" angle="60.04" x="102.43" y="7.06"/>
        <vehicle id="cfm-slow_3" eclass="HBEFA3/PC_G_EU4" CO2="0.00" CO="0.00" HC="0.00" NOx="0.00" PMx="0.00" fuel="0.00" electricity="0.00" noise="72.07" route="routebottom" type="cfm-slow" waiting="0.00" lane="bottom_0" pos="45.09" speed="29.47" angle="13.39" x="131.45" y="53.05"/>
        <vehicle id="cfm-slow_4" eclass="HBEFA3/PC_G_EU4" CO2="0.00" CO="0.00" HC="0.00" NOx="0.00" PMx="0.00" fuel="0.00" electricity="0.00" noise="71.24" route="routebottom" type="cfm-slow" waiting="0.00" lane="right_0" pos="19.43" speed="27.46" angle="329.47" x="119.86" y="103.00"/>
        <vehicle id="cfm-slow_5" eclass="HBEFA3/PC_G_EU4" CO2="0.00" CO="0.00" HC="0.00" NOx="0.00" PMx="0.00" fuel="0.00" electricity="0.00" noise="71.40" route="routebottom" type="cfm-slow" waiting="0.00" lane="right_0" pos="41.72" speed="25.97" angle="289.45" x="81.38" y="129.93"/>
    </timestep>
    <timestep time="8.07">
        <vehicle id="cfm-fast_0" eclass="HBEFA3/PC_G_EU4" CO2="94721.93" CO="2979.39" HC="16.04" NOx="43.19" PMx="2.92" fuel="40.72" electricity="0.00" noise="103.92" route="routebottom" type="cfm-fast" waiting="0.00" lane="bottom_1" pos="29.59" speed="72.59" angle="41.22" x="115.99" y="24.60"/>
        <vehicle id="cfm-fast_1" eclass="HBEFA3/PC_G_EU4" CO2="11089.03" CO="160.80" HC="1.01" NOx="4.55" PMx="0.25" fuel="4.77" electricity="0.00" noise="73.84" route="routetop" type="cfm-fast" waiting="0.00" lane="top_0" pos="12.85" speed="25.71" angle="251.36" x="36.68" y="126.75"/>
        <vehicle id="cfm-fast_2" eclass="HBEFA3/PC_G_EU4" CO2="43905.13" CO="2059.43" HC="10.60" NOx="19.18" PMx="1.65" fuel="18.87" electricity="0.00" noise="93.44" route="routebottom" type="cfm-fast" waiting="0.00" lane="right_1" pos="43.79" speed="75.45" angle="285.77" x="76.35" y="127.73"/>
        <vehicle id="cfm-fast_3" eclass="HBEFA3/PC_G_EU4" CO2="17450.29" CO="296.28" HC="1.78" NOx="7.53" PMx="0.42" fuel="7.50" electricity="0.00" noise="76.89" route="routetop" type="cfm-fast" waiting="0.00" lane="top_0" pos="29.59" speed="26.78" angle="221.28" x="8.69" y="104.71"/>
        <vehicle id="cfm-fast_4" eclass="HBEFA3/PC_G_EU4" CO2="0.00" CO="0.00" HC="0.00" NOx="0.00" PMx="0.00" fuel="0.00" electricity="0.00" noise="91.27" route="routetop" type="cfm-fast" waiting="0.00" lane="left_1" pos="10.56" speed="75.47" angle="165.47" x="1.92" y="42.39"/>
        <vehicle id="cfm-fast_5" eclass="HBEFA3/PC_G_EU4" CO2="19020.84" CO="338.69" HC="2.02" NOx="8.23" PMx="0.47" fuel="8.18" electricity="0.00" noise="77.85" route="routetop" type="cfm-fast" waiting="0.00" lane="top_0" pos="47.52" speed="28.62" angle="189.07" x="-4.74" y="69.08"/>
        <vehicle id="cfm-slow_0" eclass="HBEFA3/PC_G_EU4" CO2="14224.52" CO="252.48" HC="1.51" NOx="5.93" PMx="0.35" fuel="6.11" electricity="0.00" noise="76.29" route="routetop" type="cfm-slow" waiting="0.00" lane="left_0" pos="17.36" speed="30.41" angle="153.22" x="5.02" y="28.06"/>
        <vehicle id="cfm-slow_1" eclass="HBEFA3/PC_G_EU4" CO2="0.00" CO="0.00" HC="0.00" NOx="0.00" PMx="0.00" fuel="0.00" electricity="0.00" noise="74.20" route="routetop" type="cfm-slow" waiting="0.00" lane="left_0" pos="42.96" speed="31.36" angle="107.21" x="48.54" y="-3.25"/>
        <vehicle id="cfm-slow_2" eclass="HBEFA3/PC_G_EU4" CO2="0.00" CO="0.00" HC="0.00" NOx="0.00" PMx="0.00" fuel="0.00" electricity="0.00" noise="73.00" route="routebottom" type="cfm-slow" waiting="0.00" lane="bottom_0" pos="19.42" speed="31.00" angle="59.52" x="102.98" y="7.44"/>
        <vehicle id="cfm-slow_3" eclass="HBEFA3/PC_G_EU4" CO2="0.00" CO="0.00" HC="0.00" NOx="0.00" PMx="0.00" fuel="0.00" electricity="0.00" noise="72.06" route="routebottom" type="cfm-slow" waiting="0.00" lane="bottom_0" pos="45.39" speed="29.45" angle="12.86" x="131.54" y="53.68"/>
        <vehicle id="cfm-slow_4" eclass="HBEFA3/PC_G_EU4" CO2="0.00" CO="0.00" HC="0.00" NOx="0.00" PMx="0.00" fuel="0.00" electricity="0.00" noise="71.23" route="routebottom" type="cfm-slow" waiting="0.00" lane="right_0" pos="19.70" speed="27.44" angle="328.97" x="119.52" y="103.48"/>
        <vehicle id="cfm-slow_5" eclass="HBEFA3/PC_G_EU4" CO2="0.00" CO="0.00" HC="0.00" NOx="0.00" PMx="0.00" fuel="0.00" electricity="0.00" noise="71.42" route="routebottom" type="cfm-slow" waiting="0.00" lane="right_0" pos="41.98" speed="25.97" angle="288.98" x="80.84" y="130.08"/>
    </timestep>
    <timestep time="8.08">
        <vehicle id="cfm-fast_0" eclass="HBEFA3/PC_G_EU4" CO2="94233.46" CO="2970.68" HC="15.99" NOx="42.96" PMx="2.91" fuel="40.51" electricity="0.00" noise="103.81" route="routebottom" type="cfm-fast" waiting="0.00" lane="bottom_1" pos="30.32" speed="72.62" angle="39.92" x="116.86" y="25.80"/>
        <vehicle id="cfm-fast_1" eclass="HBEFA3/PC_G_EU4" CO2="11149.47" CO="162.08" HC="1.02" NOx="4.58" PMx="0.25" fuel="4.79" electricity="0.00" noise="73.86" route="routetop" type="cfm-fast" waiting="0.00" lane="top_0" pos="13.10" speed="25.72" angle="250.89" x="36.17" y="126.52"/>
        <vehicle id="cfm-fast_2" eclass="HBEFA3/PC_G_EU4" CO2="43743.66" CO="2056.25" HC="10.58" NOx="19.10" PMx="1.64" fuel="18.80" electricity="0.00" noise="93.41" route="routebottom" type="cfm-fast" waiting="0.00" lane="right_1" pos="44.54" speed="75.45" angle="284.31" x="74.83" y="128.00"/>
        <vehicle id="cfm-fast_3" eclass="HBEFA3/PC_G_EU4" CO2="17466.97" CO="296.71" HC="1.79" NOx="7.54" PMx="0.42" fuel="7.51" electricity="0.00" noise="76.90" route="routetop" type="cfm-fast" waiting="0.00" lane="top_0" pos="29.86" speed="26.79" angle="220.78" x="8.35" y="104.24"/>
        <vehicle id="cfm-fast_4" eclass="HBEFA3/PC_G_EU4" CO2="0.00" CO="0.00" HC="0.00" NOx="0.00" PMx="0.00" fuel="0.00" electricity="0.00" noise="91.30" route="routetop" type="cfm-fast" waiting="0.00" lane="left_1" pos="11.31" speed="75.47" angle="164.06" x="2.45" y="40.93"/>
        <vehicle id="cfm-fast_5" eclass="HBEFA3/PC_G_EU4" CO2="18979.23" CO="337.95" HC="2.01" NOx="8.21" PMx="0.47" fuel="8.16" electricity="0.00" noise="77.83" route="routetop" type="cfm-fast" waiting="0.00" lane="top_0" pos="47.81" speed="28.64" angle="188.53" x="-4.77" y="68.47"/>
        <vehicle id="cfm-slow_0" eclass="HBEFA3/PC_G_EU4" CO2="14132.08" CO="250.66" HC="1.50" NOx="5.89" PMx="0.35" fuel="6.07" electricity="0.00" noise="76.26" route="routetop" type="cfm-slow" waiting="0.00" lane="left_0" pos="17.66" speed="30.42" angle="152.66" x="5.36" y="27.50"/>
        <vehicle id="cfm-slow_1" eclass="HBEFA3/PC_G_EU4" CO2="0.00" CO="0.00" HC="0.00" NOx="0.00" PMx="0.00" fuel="0.00" electricity="0.00" noise="74.18" route="routetop" type="cfm-slow" waiting="0.00" lane="left_0" pos="43.27" speed="31.36" angle="106.66" x="49.20" y="-3.40"/>
        <vehicle id="cfm-slow_2" eclass="HBEFA3/PC_G_EU4" CO2="0.00" CO="0.00" HC="0.00" NOx="0.00" PMx="0.00" fuel="0.00" electricity="0.00" noise="72.99" route="routebottom" type="cfm-slow" waiting="0.00" lane="bottom_0" pos="19.73" speed="30.98" angle="58.95" x="103.52" y="7.83"/>
        <vehicle id="cfm-slow_3" eclass="HBEFA3/PC_G_EU4" CO2="0.00" CO="0.00" HC="0.00" NOx="0.00" PMx="0.00" fuel="0.00" electricity="0.00" noise="72.05" route="routebottom" type="cfm-slow" waiting="0.00" lane="bottom_0" pos="45.68" speed="29.43" angle="12.33" x="131.63" y="54.31"/>
        <vehicle id="cfm-slow_4" eclass="HBEFA3/PC_G_EU4" CO2="0.00" CO="0.00" HC="0.00" NOx="0.00" PMx="0.00" fuel="0.00" electricity="0.00" noise="71.23" route="routebottom" type="cfm-slow" waiting="0.00" lane="right_0" pos="19.98" speed="27.43" angle="328.47" x="119.17" y="103.96"/>
        <vehicle id="cfm-slow_5" eclass="HBEFA3/PC_G_EU4" CO2="0.00" CO="0.00" HC="0.00" NOx="0.00" PMx="0.00" fuel="0.00" electricity="0.00" noise="71.43" route="routebottom" type="cfm-slow" waiting="0.00" lane="right_0" pos="42.23" speed="25.97" angle="288.52" x="80.30" y="130.22"/>
    </timestep>
    <timestep time="8.09">
        <vehicle id="cfm-fast_0" eclass="HBEFA3/PC_G_EU4" CO2="93747.62" CO="2962.02" HC="15.94" NOx="42.73" PMx="2.90" fuel="40.30" electricity="0.00" noise="103.70" route="routebottom" type="cfm-fast" waiting="0.00" lane="bottom_1" pos="31.04" speed="72.65" angle="38.66" x="117.72" y="27.02"/>
        <vehicle id="cfm-fast_1" eclass="HBEFA3/PC_G_EU4" CO2="11209.52" CO="163.36" HC="1.02" NOx="4.61" PMx="0.25" fuel="4.82" electricity="0.00" noise="73.89" route="routetop" type="cfm-fast" waiting="0.00" lane="top_0" pos="13.36" speed="25.73" angle="250.43" x="35.67" y="126.29"/>
        <vehicle id="cfm-fast_2" eclass="HBEFA3/PC_G_EU4" CO2="43585.45" CO="2053.14" HC="10.57" NOx="19.03" PMx="1.64" fuel="18.74" electricity="0.00" noise="93.38" route="routebottom" type="cfm-fast" waiting="0.00" lane="right_1" pos="45.29" speed="75.45" angle="282.97" x="73.30" y="128.25"/>
        <vehicle id="cfm-fast_3" eclass="HBEFA3/PC_G_EU4" CO2="17483.15" CO="297.13" HC="1.79" NOx="7.55" PMx="0.42" fuel="7.52" electricity="0.00" noise="76.91" route="routetop" type="cfm-fast" waiting="0.00" lane="top_0" pos="30.13" speed="26.81" angle="220.28" x="8.02" y="103.78"/>
        <vehicle id="cfm-fast_4" eclass="HBEFA3/PC_G_EU4" CO2="0.00" CO="0.00" HC="0.00" NOx="0.00" PMx="0.00" fuel="0.00" electricity="0.00" noise="91.32" route="routetop" type="cfm-fast" waiting="0.00" lane="left_1" pos="12.06" speed="75.47" angle="162.75" x="3.01" y="39.49"/>
        <vehicle id="cfm-fast_5" eclass="HBEFA3/PC_G_EU4" CO2="18937.13" CO="337.19" HC="2.01" NOx="8.19" PMx="0.46" fuel="8.14" electricity="0.00" noise="77.81" route="routetop" type="cfm-fast" waiting="0.00" lane="top_0" pos="48.10" speed="28.65" angle="187.98" x="-4.81" y="67.85"/>
        <vehicle id="cfm-slow_0" eclass="HBEFA3/PC_G_EU4" CO2="14039.51" CO="248.83" HC="1.49" NOx="5.84" PMx="0.34" fuel="6.03" electricity="0.00" noise="76.23" route="routetop" type="cfm-slow" waiting="0.00" lane="left_0" pos="17.97" speed="30.43" angle="152.18" x="5.70" y="26.94"/>
        <vehicle id="cfm-slow_1" eclass="HBEFA3/PC_G_EU4" CO2="0.00" CO="0.00" HC="0.00" NOx="0.00" PMx="0.00" fuel="0.00" electricity="0.00" noise="74.17" route="routetop" type="cfm-slow" waiting="0.00" lane="left_0" pos="43.58" speed="31.35" angle="106.14" x="49.86" y="-3.55"/>
        <vehicle id="cfm-slow_2" eclass="HBEFA3/PC_G_EU4" CO2="0.00" CO="0.00" HC="0.00" NOx="0.00" PMx="0.00" fuel="0.00" electricity="0.00" noise="72.98" route="routebottom" type="cfm-slow" waiting="0.00" lane="bottom_0" pos="20.03" speed="30.97" angle="58.37" x="104.06" y="8.22"/>
        <vehicle id="cfm-slow_3" eclass="HBEFA3/PC_G_EU4" CO2="0.00" CO="0.00" HC="0.00" NOx="0.00" PMx="0.00" fuel="0.00" electricity="0.00" noise="72.05" route="routebottom" type="cfm-slow" waiting="0.00" lane="bottom_0" pos="45.97" speed="29.41" angle="11.79" x="131.71" y="54.93"/>
        <vehicle id="cfm-slow_4" eclass="HBEFA3/PC_G_EU4" CO2="0.00" CO="0.00" HC="0.00" NOx="0.00" PMx="0.00" fuel="0.00" electricity="0.00" noise="71.23" route="routebottom" type="cfm-slow" waiting="0.00" lane="right_0" pos="20.25" speed="27.41" angle="327.98" x="118.83" y="104.43"/>
        <vehicle id="cfm-slow_5" eclass="HBEFA3/PC_G_EU4" CO2="0.00" CO="0.00" HC="0.00" NOx="0.00" PMx="0.00" fuel="0.00" electricity="0.00" noise="71.45" route="routebottom" type="cfm-slow" waiting="0.00" lane="right_0" pos="42.49" speed="25.96" angle="288.09" x="79.76" y="130.36"/>
    </timestep>
    <timestep time="8.10">
        <vehicle id="cfm-fast_0" eclass="HBEFA3/PC_G_EU4" CO2="93264.43" CO="2953.41" HC="15.89" NOx="42.51" PMx="2.88" fuel="40.09" electricity="0.00" noise="103.60" route="routebottom" type="cfm-fast" waiting="0.00" lane="bottom_1" pos="31.77" speed="72.68" angle="37.33" x="118.54" y="28.26"/>
        <vehicle id="cfm-fast_1" eclass="HBEFA3/PC_G_EU4" CO2="11269.18" CO="164.62" HC="1.03" NOx="4.64" PMx="0.25" fuel="4.84" electricity="0.00" noise="73.92" route="routetop" type="cfm-fast" waiting="0.00" lane="top_0" pos="13.62" speed="25.74" angle="249.96" x="35.16" y="126.07"/>
        <vehicle id="cfm-fast_2" eclass="HBEFA3/PC_G_EU4" CO2="43430.45" CO="2050.08" HC="10.55" NOx="18.96" PMx="1.63" fuel="18.67" electricity="0.00" noise="93.35" route="routebottom" type="cfm-fast" waiting="0.00" lane="right_1" pos="46.05" speed="75.46" angle="281.60" x="71.77" y="128.47"/>
        <vehicle id="cfm-fast_3" eclass="HBEFA3/PC_G_EU4" CO2="17498.81" CO="297.54" HC="1.79" NOx="7.55" PMx="0.42" fuel="7.52" electricity="0.00" noise="76.92" route="routetop" type="cfm-fast" waiting="0.00" lane="top_0" pos="30.40" speed="26.83" angle="219.78" x="7.68" y="103.31"/>
        <vehicle id="cfm-fast_4" eclass="HBEFA3/PC_G_EU4" CO2="0.00" CO="0.00" HC="0.00" NOx="0.00" PMx="0.00" fuel="0.00" electricity="0.00" noise="91.35" route="routetop" type="cfm-fast" waiting="0.00" lane="left_1" pos="12.82" speed="75.46" angle="161.46" x="3.58" y="38.05"/>
        <vehicle id="cfm-fast_5" eclass="HBEFA3/PC_G_EU4" CO2="18894.54" CO="336.43" HC="2.01" NOx="8.17" PMx="0.46" fuel="8.12" electricity="0.00" noise="77.80" route="routetop" type="cfm-fast" waiting="0.00" lane="top_0" pos="48.38" speed="28.67" angle="187.43" x="-4.84" y="67.23"/>
        <vehicle id="cfm-slow_0" eclass="HBEFA3/PC_G_EU4" CO2="13946.80" CO="247.00" HC="1.48" NOx="5.80" PMx="0.34" fuel="6.00" electricity="0.00" noise="76.20" route="routetop" type="cfm-slow" waiting="0.00" lane="left_0" pos="18.27" speed="30.44" angle="151.61" x="6.06" y="26.39"/>
        <vehicle id="cfm-slow_1" eclass="HBEFA3/PC_G_EU4" CO2="0.00" CO="0.00" HC="0.00" NOx="0.00" PMx="0.00" fuel="0.00" electricity="0.00" noise="74.15" route="routetop" type="cfm-slow" waiting="0.00" lane="left_0" pos="43.90" speed="31.35" angle="105.58" x="50.52" y="-3.68"/>
        <vehicle id="cfm-slow_2" eclass="HBEFA3/PC_G_EU4" CO2="0.00" CO="0.00" HC="0.00" NOx="0.00" PMx="0.00" fuel="0.00" electricity="0.00" noise="72.97" route="routebottom" type="cfm-slow" waiting="0.00" lane="bottom_0" pos="20.34" speed="30.95" angle="57.80" x="104.60" y="8.61"/>
        <vehicle id="cfm-slow_3" eclass="HBEFA3/PC_G_EU4" CO2="0.00" CO="0.00" HC="0.00" NOx="0.00" PMx="0.00" fuel="0.00" electricity="0.00" noise="72.04" route="routebottom" type="cfm-slow" waiting="0.00" lane="bottom_0" pos="46.27" speed="29.39" angle="11.32" x="131.80" y="55.56"/>
        <vehicle id="cfm-slow_4" eclass="HBEFA3/PC_G_EU4" CO2="0.00" CO="0.00" HC="0.00" NOx="0.00" PMx="0.00" fuel="0.00" electricity="0.00" noise="71.23" route="routebottom" type="cfm-slow" waiting="0.00" lane="right_0" pos="20.52" speed="27.40" angle="327.54" x="118.48" y="104.91"/>
        <vehicle id="cfm-slow_5" eclass="HBEFA3/PC_G_EU4" CO2="0.00" CO="0.00" HC="0.00" NOx="0.00" PMx="0.00" fuel="0.00" electricity="0.00" noise="71.46" route="routebottom" type="cfm-slow" waiting="0.00" lane="right_0" pos="42.75" speed="25.96" angle="287.62" x="79.21" y="130.48"/>
    </timestep>
    <timestep time="8.11">
        <vehicle id="cfm-fast_0" eclass="HBEFA3/PC_G_EU4" CO2="92783.89" CO="2944.83" HC="15.84" NOx="42.28" PMx="2.87" fuel="39.88" electricity="0.00" noise="103.49" route="routebottom" type="cfm-fast" waiting="0.00" lane="bottom_1" pos="32.50" speed="72.71" angle="36.04" x="119.33" y="29.53"/>
        <vehicle id="cfm-fast_1" eclass="HBEFA3/PC_G_EU4" CO2="11328.45" CO="165.88" HC="1.04" NOx="4.67" PMx="0.26" fuel="4.87" electricity="0.00" noise="73.94" route="routetop" type="cfm-fast" waiting="0.00" lane="top_0" pos="13.88" speed="25.75" angle="249.49" x="34.66" y="125.84"/>
        <vehicle id="cfm-fast_2" eclass="HBEFA3/PC_G_EU4" CO2="43278.63" CO="2047.09" HC="10.53" NOx="18.88" PMx="1.63" fuel="18.60" electricity="0.00" noise="93.32" route="routebottom" type="cfm-fast" waiting="0.00" lane="right_1" pos="46.80" speed="75.46" angle="280.30" x="70.23" y="128.63"/>
        <vehicle id="cfm-fast_3" eclass="HBEFA3/PC_G_EU4" CO2="17513.96" CO="297.94" HC="1.79" NOx="7.56" PMx="0.42" fuel="7.53" electricity="0.00" noise="76.93" route="routetop" type="cfm-fast" waiting="0.00" lane="top_0" pos="30.67" speed="26.85" angle="219.29" x="7.34" y="102.84"/>
        <vehicle id="cfm-fast_4" eclass="HBEFA3/PC_G_EU4" CO2="0.00" CO="0.00" HC="0.00" NOx="0.00" PMx="0.00" fuel="0.00" electricity="0.00" noise="91.37" route="routetop" type="cfm-fast" waiting="0.00" lane="left_1" pos="13.57" speed="75.46" angle="160.08" x="4.21" y="36.64"/>
        <vehicle id="cfm-fast_5" eclass="HBEFA3/PC_G_EU4" CO2="18851.46" CO="335.66" HC="2.00" NOx="8.15" PMx="0.46" fuel="8.10" electricity="0.00" noise="77.78" route="routetop" type="cfm-fast" waiting="0.00" lane="top_0" pos="48.67" speed="28.69" angle="186.90" x="-4.88" y="66.62"/>
        <vehicle id="cfm-slow_0" eclass="HBEFA3/PC_G_EU4" CO2="13853.98" CO="245.17" HC="1.47" NOx="5.75" PMx="0.34" fuel="5.96" electricity="0.00" noise="76.17" route="routetop" type="cfm-slow" waiting="0.00" lane="left_0" pos="18.57" speed="30.45" angle="151.03" x="6.42" y="25.85"/>
        <vehicle id="cfm-slow_1" eclass="HBEFA3/PC_G_EU4" CO2="0.00" CO="0.00" HC="0.00" NOx="0.00" PMx="0.00" fuel="0.00" electricity="0.00" noise="74.13" route="routetop" type="cfm-slow" waiting="0.00" lane="left_0" pos="44.21" speed="31.35" angle="105.00" x="51.19" y="-3.80"/>
        <vehicle id="cfm-slow_2" eclass="HBEFA3/PC_G_EU4" CO2="0.00" CO="0.00" HC="0.00" NOx="0.00" PMx="0.00" fuel="0.00" electricity="0.00" noise="72.96" route="routebottom" type="cfm-slow" waiting="0.00" lane="bottom_0" pos="20.65" speed="30.94" angle="57.30" x="105.14" y="9.01"/>
        <vehicle id="cfm-slow_3" eclass="HBEFA3/PC_G_EU4" CO2="0.00" CO="0.00" HC="0.00" NOx="0.00" PMx="0.00" fuel="0.00" electricity="0.00" noise="72.03" route="routebottom" type="cfm-slow" waiting="0.00" lane="bottom_0" pos="46.56" speed="29.37" angle="10.78" x="131.86" y="56.19"/>
        <vehicle id="cfm-slow_4" eclass="HBEFA3/PC_G_EU4" CO2="0.00" CO="0.00" HC="0.00" NOx="0.00" PMx="0.00" fuel="0.00" electricity="0.00" noise="71.22" route="routebottom" type="cfm-slow" waiting="0.00" lane="right_0" pos="20.80" speed="27.39" angle="327.04" x="118.12" y="105.38"/>
        <vehicle id="cfm-slow_5" eclass="HBEFA3/PC_G_EU4" CO2="0.00" CO="0.00" HC="0.00" NOx="0.00" PMx="0.00" fuel="0.00" electricity="0.00" noise="71.48" route="routebottom" type="cfm-slow" waiting="0.00" lane="right_0" pos="43.01" speed="25.96" angle="287.15" x="78.67" y="130.60"/>
    </timestep>
    <timestep time="8.12">
        <vehicle id="cfm-fast_0" eclass="HBEFA3/PC_G_EU4" CO2="92306.03" CO="2936.30" HC="15.79" NOx="42.05" PMx="2.86" fuel="39.68" electricity="0.00" noise="103.38" route="routebottom" type="cfm-fast" waiting="0.00" lane="bottom_1" pos="33.22" speed="72.74" angle="34.69" x="120.10" y="30.81"/>
        <vehicle id="cfm-fast_1" eclass="HBEFA3/PC_G_EU4" CO2="11387.32" CO="167.13" HC="1.04" NOx="4.69" PMx="0.26" fuel="4.89" electricity="0.00" noise="73.97" route="routetop" type="cfm-fast" waiting="0.00" lane="top_0" pos="14.13" speed="25.77" angle="249.07" x="34.15" y="125.61"/>
        <vehicle id="cfm-fast_2" eclass="HBEFA3/PC_G_EU4" CO2="43129.92" CO="2044.15" HC="10.51" NOx="18.81" PMx="1.63" fuel="18.54" electricity="0.00" noise="93.30" route="routebottom" type="cfm-fast" waiting="0.00" lane="right_1" pos="47.56" speed="75.46" angle="278.99" x="68.69" y="128.78"/>
        <vehicle id="cfm-fast_3" eclass="HBEFA3/PC_G_EU4" CO2="17528.60" CO="298.33" HC="1.80" NOx="7.57" PMx="0.42" fuel="7.53" electricity="0.00" noise="76.94" route="routetop" type="cfm-fast" waiting="0.00" lane="top_0" pos="30.93" speed="26.87" angle="218.86" x="7.02" y="102.36"/>
        <vehicle id="cfm-fast_4" eclass="HBEFA3/PC_G_EU4" CO2="0.00" CO="0.00" HC="0.00" NOx="0.00" PMx="0.00" fuel="0.00" electricity="0.00" noise="91.40" route="routetop" type="cfm-fast" waiting="0.00" lane="left_1" pos="14.33" speed="75.46" angle="158.75" x="4.86" y="35.23"/>
        <vehicle id="cfm-fast_5" eclass="HBEFA3/PC_G_EU4" CO2="18807.91" CO="334.87" HC="2.00" NOx="8.13" PMx="0.46" fuel="8.08" electricity="0.00" noise="77.76" route="routetop" type="cfm-fast" waiting="0.00" lane="top_0" pos="48.96" speed="28.71" angle="186.42" x="-4.90" y="66.00"/>
        <vehicle id="cfm-slow_0" eclass="HBEFA3/PC_G_EU4" CO2="13761.04" CO="243.33" HC="1.46" NOx="5.71" PMx="0.34" fuel="5.92" electricity="0.00" noise="76.15" route="routetop" type="cfm-slow" waiting="0.00" lane="left_0" pos="18.88" speed="30.46" angle="150.46" x="6.79" y="25.30"/>
        <vehicle id="cfm-slow_1" eclass="HBEFA3/PC_G_EU4" CO2="0.00" CO="0.00" HC="0.00" NOx="0.00" PMx="0.00" fuel="0.00" electricity="0.00" noise="74.12" route="routetop" type="cfm-slow" waiting="0.00" lane="left_0" pos="44.53" speed="31.35" angle="104.42" x="51.85" y="-3.92"/>
        <vehicle id="cfm-slow_2" eclass="HBEFA3/PC_G_EU4" CO2="0.00" CO="0.00" HC="0.00" NOx="0.00" PMx="0.00" fuel="0.00" electricity="0.00" noise="72.95" route="routebottom" type="cfm-slow" waiting="0.00" lane="bottom_0" pos="20.96" speed="30.92" angle="56.74" x="105.66" y="9.42"/>
        <vehicle id="cfm-slow_3" eclass="HBEFA3/PC_G_EU4" CO2="0.00" CO="0.00" HC="0.00" NOx="0.00" PMx="0.00" fuel="0.00" electricity="0.00" noise="72.02" route="routebottom" type="cfm-slow" waiting="0.00" lane="bottom_0" pos="46.86" speed="29.35" angle="10.24" x="131.92" y="56.82"/>
        <vehicle id="cfm-slow_4" eclass="HBEFA3/PC_G_EU4" CO2="0.00" CO="0.00" HC="0.00" NOx="0.00" PMx="0.00" fuel="0.00" electricity="0.00" noise="71.22" route="routebottom" type="cfm-slow" waiting="0.00" lane="right_0" pos="21.07" speed="27.37" angle="326.55" x="117.76" y="105.84"/>
        <vehicle id="cfm-slow_5" eclass="HBEFA3/PC_G_EU4" CO2="0.00" CO="0.00" HC="0.00" NOx="0.00" PMx="0.00" fuel="0.00" electricity="0.00" noise="71.49" route="routebottom" type="cfm-slow" waiting="0.00" lane="right_0" pos="43.27" speed="25.95" angle="286.67" x="78.12" y="130.72"/>
    </timestep>
    <timestep time="8.13">
        <vehicle id="cfm-fast_0" eclass="HBEFA3/PC_G_EU4" CO2="91830.85" CO="2927.82" HC="15.74" NOx="41.83" PMx="2.85" fuel="39.47" electricity="0.00" noise="103.27" route="routebottom" type="cfm-fast" waiting="0.00" lane="bottom_1" pos="33.95" speed="72.77" angle="33.42" x="120.83" y="32.11"/>
        <vehicle id="cfm-fast_1" eclass="HBEFA3/PC_G_EU4" CO2="11445.80" CO="168.38" HC="1.05" NOx="4.72" PMx="0.26" fuel="4.92" electricity="0.00" noise="74.00" route="routetop" type="cfm-fast" waiting="0.00" lane="top_0" pos="14.39" speed="25.78" angle="248.58" x="33.66" y="125.36"/>
        <vehicle id="cfm-fast_2" eclass="HBEFA3/PC_G_EU4" CO2="42984.29" CO="2041.28" HC="10.50" NOx="18.75" PMx="1.62" fuel="18.48" electricity="0.00" noise="93.27" route="routebottom" type="cfm-fast" waiting="0.00" lane="right_1" pos="48.31" speed="75.46" angle="277.54" x="67.15" y="128.87"/>
        <vehicle id="cfm-fast_3" eclass="HBEFA3/PC_G_EU4" CO2="17542.73" CO="298.70" HC="1.80" NOx="7.57" PMx="0.42" fuel="7.54" electricity="0.00" noise="76.95" route="routetop" type="cfm-fast" waiting="0.00" lane="top_0" pos="31.20" speed="26.89" angle="218.37" x="6.69" y="101.88"/>
        <vehicle id="cfm-fast_4" eclass="HBEFA3/PC_G_EU4" CO2="0.00" CO="0.00" HC="0.00" NOx="0.00" PMx="0.00" fuel="0.00" electricity="0.00" noise="91.42" route="routetop" type="cfm-fast" waiting="0.00" lane="left_1" pos="15.08" speed="75.46" angle="157.34" x="5.56" y="33.85"/>
        <vehicle id="cfm-fast_5" eclass="HBEFA3/PC_G_EU4" CO2="18763.87" CO="334.08" HC="1.99" NOx="8.11" PMx="0.46" fuel="8.07" electricity="0.00" noise="77.74" route="routetop" type="cfm-fast" waiting="0.00" lane="top_0" pos="49.25" speed="28.73" angle="185.89" x="-4.91" y="65.38"/>
        <vehicle id="cfm-slow_0" eclass="HBEFA3/PC_G_EU4" CO2="13667.98" CO="241.49" HC="1.45" NOx="5.67" PMx="0.33" fuel="5.88" electricity="0.00" noise="76.12" route="routetop" type="cfm-slow" waiting="0.00" lane="left_0" pos="19.18" speed="30.47" angle="149.94" x="7.15" y="24.75"/>
        <vehicle id="cfm-slow_1" eclass="HBEFA3/PC_G_EU4" CO2="0.00" CO="0.00" HC="0.00" NOx="0.00" PMx="0.00" fuel="0.00" electricity="0.00" noise="74.10" route="routetop" type="cfm-slow" waiting="0.00" lane="left_0" pos="44.84" speed="31.34" angle="103.87" x="52.51" y="-4.04"/>
        <vehicle id="cfm-slow_2" eclass="HBEFA3/PC_G_EU4" CO2="0.00" CO="0.00" HC="0.00" NOx="0.00" PMx="0.00" fuel="0.00" electricity="0.00" noise="72.94" route="routebottom" type="cfm-slow" waiting="0.00" lane="bottom_0" pos="21.27" speed="30.91" angle="56.18" x="106.18" y="9.83"/>
        <vehicle id="cfm-slow_3" eclass="HBEFA3/PC_G_EU4" CO2="0.00" CO="0.00" HC="0.00" NOx="0.00" PMx="0.00" fuel="0.00" electricity="0.00" noise="72.01" route="routebottom" type="cfm-slow" waiting="0.00" lane="bottom_0" pos="47.15" speed="29.33" angle="9.71" x="131.99" y="57.44"/>
        <vehicle id="cfm-slow_4" eclass="HBEFA3/PC_G_EU4" CO2="0.00" CO="0.00" HC="0.00" NOx="0.00" PMx="0.00" fuel="0.00" electricity="0.00" noise="71.22" route="routebottom" type="cfm-slow" waiting="0.00" lane="right_0" pos="21.35" speed="27.36" angle="326.05" x="117.40" y="106.30"/>
        <vehicle id="cfm-slow_5" eclass="HBEFA3/PC_G_EU4" CO2="0.00" CO="0.00" HC="0.00" NOx="0.00" PMx="0.00" fuel="0.00" electricity="0.00" noise="71.51" route="routebottom" type="cfm-slow" waiting="0.00" lane="right_0" pos="43.53" speed="25.95" angle="286.22" x="77.58" y="130.85"/>
    </timestep>
    <timestep time="8.14">
        <vehicle id="cfm-fast_0" eclass="HBEFA3/PC_G_EU4" CO2="91358.36" CO="2919.38" HC="15.69" NOx="41.60" PMx="2.84" fuel="39.27" electricity="0.00" noise="103.17" route="routebottom" type="cfm-fast" waiting="0.00" lane="bottom_1" pos="34.68" speed="72.80" angle="32.15" x="121.55" y="33.42"/>
        <vehicle id="cfm-fast_1" eclass="HBEFA3/PC_G_EU4" CO2="11503.89" CO="169.61" HC="1.06" NOx="4.75" PMx="0.26" fuel="4.94" electricity="0.00" noise="74.02" route="routetop" type="cfm-fast" waiting="0.00" lane="top_0" pos="14.65" speed="25.79" angle="248.09" x="33.16" y="125.11"/>
        <vehicle id="cfm-fast_2" eclass="HBEFA3/PC_G_EU4" CO2="42841.70" CO="2038.47" HC="10.48" NOx="18.68" PMx="1.62" fuel="18.42" electricity="0.00" noise="93.24" route="routebottom" type="cfm-fast" waiting="0.00" lane="right_1" pos="49.07" speed="75.47" angle="276.18" x="65.60" y="128.93"/>
        <vehicle id="cfm-fast_3" eclass="HBEFA3/PC_G_EU4" CO2="17556.34" CO="299.07" HC="1.80" NOx="7.58" PMx="0.42" fuel="7.55" electricity="0.00" noise="76.96" route="routetop" type="cfm-fast" waiting="0.00" lane="top_0" pos="31.47" speed="26.90" angle="217.88" x="6.37" y="101.40"/>
        <vehicle id="cfm-fast_4" eclass="HBEFA3/PC_G_EU4" CO2="0.00" CO="0.00" HC="0.00" NOx="0.00" PMx="0.00" fuel="0.00" electricity="0.00" noise="91.44" route="routetop" type="cfm-fast" waiting="0.00" lane="left_1" pos="15.84" speed="75.45" angle="156.02" x="6.28" y="32.48"/>
        <vehicle id="cfm-fast_5" eclass="HBEFA3/PC_G_EU4" CO2="18719.36" CO="333.28" HC="1.99" NOx="8.09" PMx="0.46" fuel="8.05" electricity="0.00" noise="77.73" route="routetop" type="cfm-fast" waiting="0.00" lane="top_0" pos="49.53" speed="28.74" angle="185.37" x="-4.93" y="64.76"/>
        <vehicle id="cfm-slow_0" eclass="HBEFA3/PC_G_EU4" CO2="13574.82" CO="239.65" HC="1.44" NOx="5.62" PMx="0.33" fuel="5.84" electricity="0.00" noise="76.09" route="routetop" type="cfm-slow" waiting="0.00" lane="left_0" pos="19.49" speed="30.48" angle="149.39" x="7.53" y="24.22"/>
        <vehicle id="cfm-slow_1" eclass="HBEFA3/PC_G_EU4" CO2="0.00" CO="0.00" HC="0.00" NOx="0.00" PMx="0.00" fuel="0.00" electricity="0.00" noise="74.08" route="routetop" type="cfm-slow" waiting="0.00" lane="left_0" pos="45.15" speed="31.34" angle="103.33" x="53.18" y="-4.14"/>
        <vehicle id="cfm-slow_2" eclass="HBEFA3/PC_G_EU4" CO2="0.00" CO="0.00" HC="0.00" NOx="0.00" PMx="0.00" fuel="0.00" electricity="0.00" noise="72.93" route="routebottom" type="cfm-slow" waiting="0.00" lane="bottom_0" pos="21.58" speed="30.90" angle="55.62" x="106.71" y="10.24"/>
        <vehicle id="cfm-slow_3" eclass="HBEFA3/PC_G_EU4" CO2="0.00" CO="0.00" HC="0.00" NOx="0.00" PMx="0.00" fuel="0.00" electricity="0.00" noise="72.01" route="routebottom" type="cfm-slow" waiting="0.00" lane="bottom_0" pos="47.44" speed="29.32" angle="9.22" x="132.05" y="58.07"/>
        <vehicle id="cfm-slow_4" eclass="HBEFA3/PC_G_EU4" CO2="0.00" CO="0.00" HC="0.00" NOx="0.00" PMx="0.00" fuel="0.00" electricity="0.00" noise="71.22" route="routebottom" type="cfm-slow" waiting="0.00" lane="right_0" pos="21.62" speed="27.34" angle="325.55" x="117.03" y="106.77"/>
        <vehicle id="cfm-slow_5" eclass="HBEFA3/PC_G_EU4" CO2="0.00" CO="0.00" HC="0.00" NOx="0.00" PMx="0.00" fuel="0.00" electricity="0.00" noise="71.52" route="routebottom" type="cfm-slow" waiting="0.00" lane="right_0" pos="43.79" speed="25.95" angle="285.77" x="77.03" y="130.95"/>
    </timestep>
    <timestep time="8.15">
        <vehicle id="cfm-fast_0" eclass="HBEFA3/PC_G_EU4" CO2="90888.57" CO="2910.98" HC="15.64" NOx="41.38" PMx="2.82" fuel="39.07" electricity="0.00" noise="103.06" route="routebottom" type="cfm-fast" waiting="0.00" lane="bottom_1" pos="35.41" speed="72.83" angle="30.80" x="122.22" y="34.75"/>
        <vehicle id="cfm-fast_1" eclass="HBEFA3/PC_G_EU4" CO2="11561.58" CO="170.84" HC="1.07" NOx="4.77" PMx="0.26" fuel="4.97" electricity="0.00" noise="74.05" route="routetop" type="cfm-fast" waiting="0.00" lane="top_0" pos="14.91" speed="25.80" angle="247.60" x="32.67" y="124.86"/>
        <vehicle id="cfm-fast_2" eclass="HBEFA3/PC_G_EU4" CO2="42702.09" CO="2035.71" HC="10.46" NOx="18.61" PMx="1.62" fuel="18.36" electricity="0.00" noise="93.22" route="routebottom" type="cfm-fast" waiting="0.00" lane="right_1" pos="49.82" speed="75.47" angle="274.79" x="64.05" y="128.96"/>
        <vehicle id="cfm-fast_3" eclass="HBEFA3/PC_G_EU4" CO2="17569.45" CO="299.43" HC="1.80" NOx="7.58" PMx="0.42" fuel="7.55" electricity="0.00" noise="76.97" route="routetop" type="cfm-fast" waiting="0.00" lane="top_0" pos="31.74" speed="26.92" angle="217.40" x="6.05" y="100.92"/>
        <vehicle id="cfm-fast_4" eclass="HBEFA3/PC_G_EU4" CO2="0.00" CO="0.00" HC="0.00" NOx="0.00" PMx="0.00" fuel="0.00" electricity="0.00" noise="91.47" route="routetop" type="cfm-fast" waiting="0.00" lane="left_1" pos="16.59" speed="75.45" angle="154.66" x="7.03" y="31.13"/>
        <vehicle id="cfm-fast_5" eclass="HBEFA3/PC_G_EU4" CO2="18674.38" CO="332.46" HC="1.98" NOx="8.07" PMx="0.46" fuel="8.03" electricity="0.00" noise="77.71" route="routetop" type="cfm-fast" waiting="0.00" lane="top_0" pos="49.82" speed="28.76" angle="184.84" x="-4.94" y="64.15"/>
        <vehicle id="cfm-slow_0" eclass="HBEFA3/PC_G_EU4" CO2="13481.55" CO="237.80" HC="1.42" NOx="5.58" PMx="0.33" fuel="5.80" electricity="0.00" noise="76.06" route="routetop" type="cfm-slow" waiting="0.00" lane="left_0" pos="19.79" speed="30.49" angle="148.83" x="7.92" y="23.69"/>
        <vehicle id="cfm-slow_1" eclass="HBEFA3/PC_G_EU4" CO2="0.00" CO="0.00" HC="0.00" NOx="0.00" PMx="0.00" fuel="0.00" electricity="0.00" noise="74.07" route="routetop" type="cfm-slow" waiting="0.00" lane="left_0" pos="45.47" speed="31.34" angle="102.75" x="53.85" y="-4.24"/>
        <vehicle id="cfm-slow_2" eclass="HBEFA3/PC_G_EU4" CO2="0.00" CO="0.00" HC="0.00" NOx="0.00" PMx="0.00" fuel="0.00" electricity="0.00" noise="72.93" route="routebottom" type="cfm-slow" waiting="0.00" lane="bottom_0" pos="21.89" speed="30.88" angle="55.10" x="107.22" y="10.66"/>
        <vehicle id="cfm-slow_3" eclass="HBEFA3/PC_G_EU4" CO2="0.00" CO="0.00" HC="0.00" NOx="0.00" PMx="0.00" fuel="0.00" electricity="0.00" noise="72.00" route="routebottom" type="cfm-slow" waiting="0.00" lane="bottom_0" pos="47.74" speed="29.30" angle="8.68" x="132.09" y="58.70"/>
        <vehicle id="cfm-slow_4" eclass="HBEFA3/PC_G_EU4" CO2="0.00" CO="0.00" HC="0.00" NOx="0.00" PMx="0.00" fuel="0.00" electricity="0.00" noise="71.22" route="routebottom" type="cfm-slow" waiting="0.00" lane="right_0" pos="21.89" speed="27.33" angle="325.10" x="116.66" y="107.22"/>
        <vehicle id="cfm-slow_5" eclass="HBEFA3/PC_G_EU4" CO2="0.00" CO="0.00" HC="0.00" NOx="0.00" PMx="0.00" fuel="0.00" electricity="0.00" noise="71.54" route="routebottom" type="cfm-slow" waiting="0.00" lane="right_0" pos="44.05" speed="25.95" angle="285.27" x="76.48" y="131.06"/>
    </timestep>
    <timestep time="8.16">
        <vehicle id="cfm-fast_0" eclass="HBEFA3/PC_G_EU4" CO2="90421.50" CO="2902.63" HC="15.59" NOx="41.16" PMx="2.81" fuel="38.87" electricity="0.00" noise="102.96" route="routebottom" type="cfm-fast" waiting="0.00" lane="bottom_1" pos="36.14" speed="72.86" angle="29.49" x="122.87" y="36.10"/>
        <vehicle id="cfm-fast_1" eclass="HBEFA3/PC_G_EU4" CO2="11618.87" CO="172.06" HC="1.07" NOx="4.80" PMx="0.26" fuel="4.99" electricity="0.00" noise="74.07" route="routetop" type="cfm-fast" waiting="0.00" lane="top_0" pos="15.16" speed="25.81" angle="247.10" x="32.17" y="124.61"/>
        <vehicle id="cfm-fast_2" eclass="HBEFA3/PC_G_EU4" CO2="42565.42" CO="2033.02" HC="10.45" NOx="18.55" PMx="1.61" fuel="18.30" electricity="0.00" noise="93.19" route="routetop" type="cfm-fast" waiting="0.00" lane="top_1" pos="0.58" speed="75.47" angle="273.43" x="62.45" y="128.95"/>
        <vehicle id="cfm-fast_3" eclass="HBEFA3/PC_G_EU4" CO2="17582.04" CO="299.78" HC="1.80" NOx="7.59" PMx="0.42" fuel="7.56" electricity="0.00" noise="76.98" route="routetop" type="cfm-fast" waiting="0.00" lane="top_0" pos="32.01" speed="26.94" angle="216.95" x="5.73" y="100.43"/>
        <vehicle id="cfm-fast_4" eclass="HBEFA3/PC_G_EU4" CO2="0.00" CO="0.00" HC="0.00" NOx="0.00" PMx="0.00" fuel="0.00" electricity="0.00" noise="91.49" route="routetop" type="cfm-fast" waiting="0.00" lane="left_1" pos="17.35" speed="75.45" angle="153.27" x="7.83" y="29.80"/>
        <vehicle id="cfm-fast_5" eclass="HBEFA3/PC_G_EU4" CO2="18628.93" CO="331.64" HC="1.98" NOx="8.04" PMx="0.46" fuel="8.01" electricity="0.00" noise="77.69" route="routetop" type="cfm-fast" waiting="0.00" lane="left_0" pos="0.11" speed="28.78" angle="184.28" x="-4.94" y="63.34"/>
        <vehicle id="cfm-slow_0" eclass="HBEFA3/PC_G_EU4" CO2="13388.20" CO="235.95" HC="1.41" NOx="5.53" PMx="0.33" fuel="5.75" electricity="0.00" noise="76.04" route="routetop" type="cfm-slow" waiting="0.00" lane="left_0" pos="20.10" speed="30.50" angle="148.26" x="8.30" y="23.16"/>
        <vehicle id="cfm-slow_1" eclass="HBEFA3/PC_G_EU4" CO2="0.00" CO="0.00" HC="0.00" NOx="0.00" PMx="0.00" fuel="0.00" electricity="0.00" noise="74.05" route="routetop" type="cfm-slow" waiting="0.00" lane="left_0" pos="45.78" speed="31.33" angle="102.17" x="54.51" y="-4.33"/>
        <vehicle id="cfm-slow_2" eclass="HBEFA3/PC_G_EU4" CO2="0.00" CO="0.00" HC="0.00" NOx="0.00" PMx="0.00" fuel="0.00" electricity="0.00" noise="72.92" route="routebottom" type="cfm-slow" waiting="0.00" lane="bottom_0" pos="22.20" speed="30.87" angle="54.52" x="107.73" y="11.09"/>
        <vehicle id="cfm-slow_3" eclass="HBEFA3/PC_G_EU4" CO2="0.00" CO="0.00" HC="0.00" NOx="0.00" PMx="0.00" fuel="0.00" electricity="0.00" noise="71.99" route="routebottom" type="cfm-slow" waiting="0.00" lane="bottom_0" pos="48.03" speed="29.28" angle="8.13" x="132.13" y="59.33"/>
        <vehicle id="cfm-slow_4" eclass="HBEFA3/PC_G_EU4" CO2="0.00" CO="0.00" HC="0.00" NOx="0.00" PMx="0.00" fuel="0.00" electricity="0.00" noise="71.22" route="routebottom" type="cfm-slow" waiting="0.00" lane="right_0" pos="22.17" speed="27.31" angle="324.58" x="116.28" y="107.67"/>
        <vehicle id="cfm-slow_5" eclass="HBEFA3/PC_G_EU4" CO2="0.00" CO="0.00" HC="0.00" NOx="0.00" PMx="0.00" fuel="0.00" electricity="0.00" noise="71.55" route="routebottom" type="cfm-slow" waiting="0.00" lane="right_0" pos="44.31" speed="25.94" angle="284.78" x="75.93" y="131.16"/>
    </timestep>
    <timestep time="8.17">
        <vehicle id="cfm-fast_0" eclass="HBEFA3/PC_G_EU4" CO2="89957.15" CO="2894.32" HC="15.54" NOx="40.94" PMx="2.80" fuel="38.67" electricity="0.00" noise="102.85" route="routebottom" type="cfm-fast" waiting="0.00" lane="bottom_1" pos="36.87" speed="72.89" angle="28.09" x="123.48" y="37.46"/>
        <vehicle id="cfm-fast_1" eclass="HBEFA3/PC_G_EU4" CO2="11675.77" CO="173.28" HC="1.08" NOx="4.83" PMx="0.27" fuel="5.02" electricity="0.00" noise="74.10" route="routetop" type="cfm-fast" waiting="0.00" lane="top_0" pos="15.42" speed="25.82" angle="246.69" x="31.68" y="124.36"/>
        <vehicle id="cfm-fast_2" eclass="HBEFA3/PC_G_EU4" CO2="42431.65" CO="2030.37" HC="10.43" NOx="18.49" PMx="1.61" fuel="18.24" electricity="0.00" noise="93.17" route="routetop" type="cfm-fast" waiting="0.00" lane="top_1" pos="1.33" speed="75.47" angle="272.10" x="60.90" y="128.91"/>
        <vehicle id="cfm-fast_3" eclass="HBEFA3/PC_G_EU4" CO2="17594.12" CO="300.11" HC="1.81" NOx="7.59" PMx="0.42" fuel="7.56" electricity="0.00" noise="76.98" route="routetop" type="cfm-fast" waiting="0.00" lane="top_0" pos="32.28" speed="26.96" angle="216.47" x="5.43" y="99.94"/>
        <vehicle id="cfm-fast_4" eclass="HBEFA3/PC_G_EU4" CO2="0.00" CO="0.00" HC="0.00" NOx="0.00" PMx="0.00" fuel="0.00" electricity="0.00" noise="91.51" route="routetop" type="cfm-fast" waiting="0.00" lane="left_1" pos="18.10" speed="75.45" angle="151.92" x="8.64" y="28.49"/>
        <vehicle id="cfm-fast_5" eclass="HBEFA3/PC_G_EU4" CO2="18583.00" CO="330.81" HC="1.97" NOx="8.02" PMx="0.46" fuel="7.99" electricity="0.00" noise="77.67" route="routetop" type="cfm-fast" waiting="0.00" lane="left_0" pos="0.40" speed="28.80" angle="183.76" x="-4.93" y="62.72"/>
        <vehicle id="cfm-slow_0" eclass="HBEFA3/PC_G_EU4" CO2="13294.75" CO="234.10" HC="1.40" NOx="5.49" PMx="0.32" fuel="5.71" electricity="0.00" noise="76.01" route="routetop" type="cfm-slow" waiting="0.00" lane="left_0" pos="20.40" speed="30.51" angle="147.71" x="8.68" y="22.62"/>
        <vehicle id="cfm-slow_1" eclass="HBEFA3/PC_G_EU4" CO2="0.00" CO="0.00" HC="0.00" NOx="0.00" PMx="0.00" fuel="0.00" electricity="0.00" noise="74.04" route="routetop" type="cfm-slow" waiting="0.00" lane="left_0" pos="46.09" speed="31.33" angle="101.60" x="55.18" y="-4.42"/>
        <vehicle id="cfm-slow_2" eclass="HBEFA3/PC_G_EU4" CO2="0.00" CO="0.00" HC="0.00" NOx="0.00" PMx="0.00" fuel="0.00" electricity="0.00" noise="72.91" route="routebottom" type="cfm-slow" waiting="0.00" lane="bottom_0" pos="22.51" speed="30.85" angle="53.94" x="108.23" y="11.52"/>
        <vehicle id="cfm-slow_3" eclass="HBEFA3/PC_G_EU4" CO2="0.00" CO="0.00" HC="0.00" NOx="0.00" PMx="0.00" fuel="0.00" electricity="0.00" noise="71.98" route="routebottom" type="cfm-slow" waiting="0.00" lane="bottom_0" pos="48.32" speed="29.26" angle="7.58" x="132.16" y="59.96"/>
        <vehicle id="cfm-slow_4" eclass="HBEFA3/PC_G_EU4" CO2="0.00" CO="0.00" HC="0.00" NOx="0.00" PMx="0.00" fuel="0.00" electricity="0.00" noise="71.21" route="routebottom" type="cfm-slow" waiting="0.00" lane="right_0" pos="22.44" speed="27.30" angle="324.06" x="115.90" y="108.12"/>
        <vehicle id="cfm-slow_5" eclass="HBEFA3/PC_G_EU4" CO2="0.00" CO="0.00" HC="0.00" NOx="0.00" PMx="0.00" fuel="0.00" electricity="0.00" noise="71.57" route="routebottom" type="cfm-slow" waiting="0.00" lane="right_0" pos="44.57" speed="25.94" angle="284.28" x="75.38" y="131.26"/>
    </timestep>
    <timestep time="8.18">
        <vehicle id="cfm-fast_0" eclass="HBEFA3/PC_G_EU4" CO2="89495.53" CO="2886.06" HC="15.49" NOx="40.72" PMx="2.79" fuel="38.47" electricity="0.00" noise="102.75" route="routebottom" type="cfm-fast" waiting="0.00" lane="bottom_1" pos="37.60" speed="72.92" angle="26.81" x="124.06" y="38.84"/>
        <vehicle id="cfm-fast_1" eclass="HBEFA3/PC_G_EU4" CO2="11732.26" CO="174.48" HC="1.09" NOx="4.85" PMx="0.27" fuel="5.04" electricity="0.00" noise="74.13" route="routetop" type="cfm-fast" waiting="0.00" lane="top_0" pos="15.68" speed="25.83" angle="246.22" x="31.19" y="124.09"/>
        <vehicle id="cfm-fast_2" eclass="HBEFA3/PC_G_EU4" CO2="42300.73" CO="2027.79" HC="10.42" NOx="18.42" PMx="1.61" fuel="18.18" electricity="0.00" noise="93.15" route="routetop" type="cfm-fast" waiting="0.00" lane="top_1" pos="2.09" speed="75.48" angle="270.73" x="59.35" y="128.82"/>
        <vehicle id="cfm-fast_3" eclass="HBEFA3/PC_G_EU4" CO2="17605.68" CO="300.44" HC="1.81" NOx="7.60" PMx="0.42" fuel="7.57" electricity="0.00" noise="76.99" route="routetop" type="cfm-fast" waiting="0.00" lane="top_0" pos="32.55" speed="26.98" angle="215.96" x="5.13" y="99.44"/>
        <vehicle id="cfm-fast_4" eclass="HBEFA3/PC_G_EU4" CO2="0.00" CO="0.00" HC="0.00" NOx="0.00" PMx="0.00" fuel="0.00" electricity="0.00" noise="91.54" route="routetop" type="cfm-fast" waiting="0.00" lane="left_1" pos="18.86" speed="75.44" angle="150.48" x="9.49" y="27.20"/>
        <vehicle id="cfm-fast_5" eclass="HBEFA3/PC_G_EU4" CO2="18536.62" CO="329.96" HC="1.97" NOx="8.00" PMx="0.45" fuel="7.97" electricity="0.00" noise="77.65" route="routetop" type="cfm-fast" waiting="0.00" lane="left_0" pos="0.68" speed="28.81" angle="183.24" x="-4.92" y="62.10"/>
        <vehicle id="cfm-slow_0" eclass="HBEFA3/PC_G_EU4" CO2="13201.21" CO="232.25" HC="1.39" NOx="5.44" PMx="0.32" fuel="5.67" electricity="0.00" noise="75.98" route="routetop" type="cfm-slow" waiting="0.00" lane="left_0" pos="20.71" speed="30.52" angle="147.20" x="9.08" y="22.10"/>
        <vehicle id="cfm-slow_1" eclass="HBEFA3/PC_G_EU4" CO2="0.00" CO="0.00" HC="0.00" NOx="0.00" PMx="0.00" fuel="0.00" electricity="0.00" noise="74.02" route="routetop" type="cfm-slow" waiting="0.00" lane="left_0" pos="46.41" speed="31.33" angle="101.07" x="55.85" y="-4.50"/>
        <vehicle id="cfm-slow_2" eclass="HBEFA3/PC_G_EU4" CO2="0.00" CO="0.00" HC="0.00" NOx="0.00" PMx="0.00" fuel="0.00" electricity="0.00" noise="72.90" route="routebottom" type="cfm-slow" waiting="0.00" lane="bottom_0" pos="22.82" speed="30.84" angle="53.35" x="108.74" y="11.95"/>
        <vehicle id="cfm-slow_3" eclass="HBEFA3/PC_G_EU4" CO2="0.00" CO="0.00" HC="0.00" NOx="0.00" PMx="0.00" fuel="0.00" electricity="0.00" noise="71.97" route="routebottom" type="cfm-slow" waiting="0.00" lane="bottom_0" pos="48.61" speed="29.24" angle="7.03" x="132.20" y="60.59"/>
        <vehicle id="cfm-slow_4" eclass="HBEFA3/PC_G_EU4" CO2="0.00" CO="0.00" HC="0.00" NOx="0.00" PMx="0.00" fuel="0.00" electricity="0.00" noise="71.21" route="routebottom" type="cfm-slow" waiting="0.00" lane="right_0" pos="22.71" speed="27.29" angle="323.54" x="115.52" y="108.57"/>
        <vehicle id="cfm-slow_5" eclass="HBEFA3/PC_G_EU4" CO2="0.00" CO="0.00" HC="0.00" NOx="0.00" PMx="0.00" fuel="0.00" electricity="0.00" noise="71.58" route="routebottom" type="cfm-slow" waiting="0.00" lane="right_0" pos="44.83" speed="25.94" angle="283.82" x="74.83" y="131.36"/>
    </timestep>
    <timestep time="8.19">
        <vehicle id="cfm-fast_0" eclass="HBEFA3/PC_G_EU4" CO2="89036.64" CO="2877.84" HC="15.44" NOx="40.51" PMx="2.78" fuel="38.27" electricity="0.00" noise="102.65" route="routebottom" type="cfm-fast" waiting="0.00" lane="bottom_1" pos="38.32" speed="72.95" angle="25.47" x="124.61" y="40.23"/>
        <vehicle id="cfm-fast_1" eclass="HBEFA3/PC_G_EU4" CO2="11788.36" CO="175.68" HC="1.09" NOx="4.88" PMx="0.27" fuel="5.07" electricity="0.00" noise="74.15" route="routetop" type="cfm-fast" waiting="0.00" lane="top_0" pos="15.94" speed="25.84" angle="245.76" x="30.70" y="123.82"/>
        <vehicle id="cfm-fast_2" eclass="HBEFA3/PC_G_EU4" CO2="42172.63" CO="2025.26" HC="10.40" NOx="18.36" PMx="1.60" fuel="18.13" electricity="0.00" noise="93.12" route="routetop" type="cfm-fast" waiting="0.00" lane="top_1" pos="2.84" speed="75.48" angle="269.40" x="57.81" y="128.71"/>
        <vehicle id="cfm-fast_3" eclass="HBEFA3/PC_G_EU4" CO2="17616.73" CO="300.75" HC="1.81" NOx="7.60" PMx="0.42" fuel="7.57" electricity="0.00" noise="77.00" route="routetop" type="cfm-fast" waiting="0.00" lane="top_0" pos="32.82" speed="26.99" angle="215.45" x="4.83" y="98.94"/>
        <vehicle id="cfm-fast_4" eclass="HBEFA3/PC_G_EU4" CO2="0.00" CO="0.00" HC="0.00" NOx="0.00" PMx="0.00" fuel="0.00" electricity="0.00" noise="91.56" route="routetop" type="cfm-fast" waiting="0.00" lane="left_1" pos="19.61" speed="75.44" angle="149.14" x="10.37" y="25.93"/>
        <vehicle id="cfm-fast_5" eclass="HBEFA3/PC_G_EU4" CO2="18489.77" CO="329.11" HC="1.96" NOx="7.98" PMx="0.45" fuel="7.95" electricity="0.00" noise="77.63" route="routetop" type="cfm-fast" waiting="0.00" lane="left_0" pos="0.97" speed="28.83" angle="182.72" x="-4.90" y="61.48"/>
        <vehicle id="cfm-slow_0" eclass="HBEFA3/PC_G_EU4" CO2="13107.60" CO="230.39" HC="1.38" NOx="5.40" PMx="0.32" fuel="5.63" electricity="0.00" noise="75.95" route="routetop" type="cfm-slow" waiting="0.00" lane="left_0" pos="21.01" speed="30.53" angle="146.64" x="9.49" y="21.58"/>
        <vehicle id="cfm-slow_1" eclass="HBEFA3/PC_G_EU4" CO2="0.00" CO="0.00" HC="0.00" NOx="0.00" PMx="0.00" fuel="0.00" electricity="0.00" noise="74.00" route="routetop" type="cfm-slow" waiting="0.00" lane="left_0" pos="46.72" speed="31.32" angle="100.50" x="56.52" y="-4.56"/>
        <vehicle id="cfm-slow_2" eclass="HBEFA3/PC_G_EU4" CO2="0.00" CO="0.00" HC="0.00" NOx="0.00" PMx="0.00" fuel="0.00" electricity="0.00" noise="72.89" route="routebottom" type="cfm-slow" waiting="0.00" lane="bottom_0" pos="23.12" speed="30.82" angle="52.84" x="109.24" y="12.38"/>
        <vehicle id="cfm-slow_3" eclass="HBEFA3/PC_G_EU4" CO2="0.00" CO="0.00" HC="0.00" NOx="0.00" PMx="0.00" fuel="0.00" electricity="0.00" noise="71.97" route="routebottom" type="cfm-slow" waiting="0.00" lane="bottom_0" pos="48.91" speed="29.22" angle="6.55" x="132.23" y="61.21"/>
        <vehicle id="cfm-slow_4" eclass="HBEFA3/PC_G_EU4" CO2="0.00" CO="0.00" HC="0.00" NOx="0.00" PMx="0.00" fuel="0.00" electricity="0.00" noise="71.21" route="routebottom" type="cfm-slow" waiting="0.00" lane="right_0" pos="22.98" speed="27.27" angle="323.06" x="115.14" y="109.01"/>
        <vehicle id="cfm-slow_5" eclass="HBEFA3/PC_G_EU4" CO2="0.00" CO="0.00" HC="0.00" NOx="0.00" PMx="0.00" fuel="0.00" electricity="0.00" noise="71.60" route="routebottom" type="cfm-slow" waiting="0.00" lane="right_0" pos="45.09" speed="25.94" angle="283.39" x="74.28" y="131.44"/>
    </timestep>
    <timestep time="8.20">
        <vehicle id="cfm-fast_0" eclass="HBEFA3/PC_G_EU4" CO2="88580.51" CO="2869.67" HC="15.39" NOx="40.29" PMx="2.77" fuel="38.08" electricity="0.00" noise="102.55" route="routebottom" type="cfm-fast" waiting="0.00" lane="bottom_1" pos="39.05" speed="72.98" angle="24.20" x="125.13" y="41.63"/>
        <vehicle id="cfm-fast_1" eclass="HBEFA3/PC_G_EU4" CO2="11844.06" CO="176.87" HC="1.10" NOx="4.91" PMx="0.27" fuel="5.09" electricity="0.00" noise="74.18" route="routetop" type="cfm-fast" waiting="0.00" lane="top_0" pos="16.20" speed="25.85" angle="245.29" x="30.22" y="123.55"/>
        <vehicle id="cfm-fast_2" eclass="HBEFA3/PC_G_EU4" CO2="42047.30" CO="2022.78" HC="10.39" NOx="18.30" PMx="1.60" fuel="18.07" electricity="0.00" noise="93.10" route="routetop" type="cfm-fast" waiting="0.00" lane="top_1" pos="3.60" speed="75.48" angle="268.03" x="56.27" y="128.55"/>
        <vehicle id="cfm-fast_3" eclass="HBEFA3/PC_G_EU4" CO2="17627.27" CO="301.06" HC="1.81" NOx="7.61" PMx="0.42" fuel="7.58" electricity="0.00" noise="77.01" route="routetop" type="cfm-fast" waiting="0.00" lane="top_0" pos="33.09" speed="27.01" angle="214.93" x="4.53" y="98.45"/>
        <vehicle id="cfm-fast_4" eclass="HBEFA3/PC_G_EU4" CO2="0.00" CO="0.00" HC="0.00" NOx="0.00" PMx="0.00" fuel="0.00" electricity="0.00" noise="91.58" route="routetop" type="cfm-fast" waiting="0.00" lane="left_1" pos="20.36" speed="75.44" angle="147.76" x="11.28" y="24.67"/>
        <vehicle id="cfm-fast_5" eclass="HBEFA3/PC_G_EU4" CO2="18442.46" CO="328.25" HC="1.96" NOx="7.95" PMx="0.45" fuel="7.93" electricity="0.00" noise="77.62" route="routetop" type="cfm-fast" waiting="0.00" lane="left_0" pos="1.26" speed="28.85" angle="182.21" x="-4.89" y="60.86"/>
        <vehicle id="cfm-slow_0" eclass="HBEFA3/PC_G_EU4" CO2="13013.91" CO="228.53" HC="1.37" NOx="5.36" PMx="0.32" fuel="5.59" electricity="0.00" noise="75.93" route="routetop" type="cfm-slow" waiting="0.00" lane="left_0" pos="21.32" speed="30.54" angle="146.07" x="9.89" y="21.07"/>
        <vehicle id="cfm-slow_1" eclass="HBEFA3/PC_G_EU4" CO2="0.00" CO="0.00" HC="0.00" NOx="0.00" PMx="0.00" fuel="0.00" electricity="0.00" noise="73.99" route="routetop" type="cfm-slow" waiting="0.00" lane="left_0" pos="47.03" speed="31.32" angle="99.92" x="57.19" y="-4.63"/>
        <vehicle id="cfm-slow_2" eclass="HBEFA3/PC_G_EU4" CO2="0.00" CO="0.00" HC="0.00" NOx="0.00" PMx="0.00" fuel="0.00" electricity="0.00" noise="72.88" route="routebottom" type="cfm-slow" waiting="0.00" lane="bottom_0" pos="23.43" speed="30.81" angle="52.29" x="109.73" y="12.83"/>
        <vehicle id="cfm-slow_3" eclass="HBEFA3/PC_G_EU4" CO2="0.00" CO="0.00" HC="0.00" NOx="0.00" PMx="0.00" fuel="0.00" electricity="0.00" noise="71.96" route="routebottom" type="cfm-slow" waiting="0.00" lane="bottom_0" pos="49.20" speed="29.20" angle="6.00" x="132.24" y="61.84"/>
        <vehicle id="cfm-slow_4" eclass="HBEFA3/PC_G_EU4" CO2="0.00" CO="0.00" HC="0.00" NOx="0.00" PMx="0.00" fuel="0.00" electricity="0.00" noise="71.21" route="routebottom" type="cfm-slow" waiting="0.00" lane="right_0" pos="23.26" speed="27.26" angle="322.61" x="114.75" y="109.45"/>
        <vehicle id="cfm-slow_5" eclass="HBEFA3/PC_G_EU4" CO2="0.00" CO="0.00" HC="0.00" NOx="0.00" PMx="0.00" fuel="0.00" electricity="0.00" noise="71.62" route="routebottom" type="cfm-slow" waiting="0.00" lane="right_0" pos="45.35" speed="25.94" angle="282.93" x="73.73" y="131.52"/>
    </timestep>
    <timestep time="8.21">
        <vehicle id="cfm-fast_0" eclass="HBEFA3/PC_G_EU4" CO2="88127.13" CO="2861.55" HC="15.34" NOx="40.08" PMx="2.76" fuel="37.88" electricity="0.00" noise="102.45" route="routebottom" type="cfm-fast" waiting="0.00" lane="bottom_1" pos="39.78" speed="73.00" angle="22.95" x="125.64" y="43.04"/>
        <vehicle id="cfm-fast_1" eclass="HBEFA3/PC_G_EU4" CO2="11899.35" CO="178.05" HC="1.11" NOx="4.93" PMx="0.27" fuel="5.11" electricity="0.00" noise="74.20" route="routetop" type="cfm-fast" waiting="0.00" lane="top_0" pos="16.46" speed="25.86" angle="244.82" x="29.73" y="123.28"/>
        <vehicle id="cfm-fast_2" eclass="HBEFA3/PC_G_EU4" CO2="41924.69" CO="2020.36" HC="10.38" NOx="18.25" PMx="1.60" fuel="18.02" electricity="0.00" noise="93.08" route="routetop" type="cfm-fast" waiting="0.00" lane="top_1" pos="4.35" speed="75.48" angle="266.69" x="54.74" y="128.35"/>
        <vehicle id="cfm-fast_3" eclass="HBEFA3/PC_G_EU4" CO2="17637.30" CO="301.36" HC="1.81" NOx="7.61" PMx="0.42" fuel="7.58" electricity="0.00" noise="77.01" route="routetop" type="cfm-fast" waiting="0.00" lane="top_0" pos="33.36" speed="27.03" angle="214.49" x="4.23" y="97.95"/>
        <vehicle id="cfm-fast_4" eclass="HBEFA3/PC_G_EU4" CO2="0.00" CO="0.00" HC="0.00" NOx="0.00" PMx="0.00" fuel="0.00" electricity="0.00" noise="91.60" route="routetop" type="cfm-fast" waiting="0.00" lane="left_1" pos="21.12" speed="75.44" angle="146.46" x="12.22" y="23.45"/>
        <vehicle id="cfm-fast_5" eclass="HBEFA3/PC_G_EU4" CO2="18394.70" CO="327.37" HC="1.95" NOx="7.93" PMx="0.45" fuel="7.91" electricity="0.00" noise="77.60" route="routetop" type="cfm-fast" waiting="0.00" lane="left_0" pos="1.55" speed="28.87" angle="181.69" x="-4.85" y="60.24"/>
        <vehicle id="cfm-slow_0" eclass="HBEFA3/PC_G_EU4" CO2="12920.16" CO="226.67" HC="1.36" NOx="5.31" PMx="0.31" fuel="5.55" electricity="0.00" noise="75.90" route="routetop" type="cfm-slow" waiting="0.00" lane="left_0" pos="21.62" speed="30.55" angle="145.51" x="10.30" y="20.55"/>
        <vehicle id="cfm-slow_1" eclass="HBEFA3/PC_G_EU4" CO2="0.00" CO="0.00" HC="0.00" NOx="0.00" PMx="0.00" fuel="0.00" electricity="0.00" noise="73.97" route="routetop" type="cfm-slow" waiting="0.00" lane="left_0" pos="47.34" speed="31.32" angle="99.35" x="57.86" y="-4.70"/>
        <vehicle id="cfm-slow_2" eclass="HBEFA3/PC_G_EU4" CO2="0.00" CO="0.00" HC="0.00" NOx="0.00" PMx="0.00" fuel="0.00" electricity="0.00" noise="72.87" route="routebottom" type="cfm-slow" waiting="0.00" lane="bottom_0" pos="23.74" speed="30.79" angle="51.73" x="110.21" y="13.28"/>
        <vehicle id="cfm-slow_3" eclass="HBEFA3/PC_G_EU4" CO2="0.00" CO="0.00" HC="0.00" NOx="0.00" PMx="0.00" fuel="0.00" electricity="0.00" noise="71.95" route="routebottom" type="cfm-slow" waiting="0.00" lane="bottom_0" pos="49.49" speed="29.18" angle="5.46" x="132.25" y="62.47"/>
        <vehicle id="cfm-slow_4" eclass="HBEFA3/PC_G_EU4" CO2="0.00" CO="0.00" HC="0.00" NOx="0.00" PMx="0.00" fuel="0.00" electricity="0.00" noise="71.21" route="routebottom" type="cfm-slow" waiting="0.00" lane="right_0" pos="23.53" speed="27.25" angle="322.12" x="114.35" y="109.88"/>
        <vehicle id="cfm-slow_5" eclass="HBEFA3/PC_G_EU4" CO2="0.00" CO="0.00" HC="0.00" NOx="0.00" PMx="0.00" fuel="0.00" electricity="0.00" noise="71.63" route="routebottom" type="cfm-slow" waiting="0.00" lane="right_0" pos="45.61" speed="25.94" angle="282.46" x="73.18" y="131.60"/>
    </timestep>
    <timestep time="8.22">
        <vehicle id="cfm-fast_0" eclass="HBEFA3/PC_G_EU4" CO2="87676.50" CO="2853.47" HC="15.30" NOx="39.86" PMx="2.74" fuel="37.69" electricity="0.00" noise="102.35" route="routebottom" type="cfm-fast" waiting="0.00" lane="bottom_1" pos="40.51" speed="73.03" angle="21.60" x="126.08" y="44.47"/>
        <vehicle id="cfm-fast_1" eclass="HBEFA3/PC_G_EU4" CO2="11954.24" CO="179.22" HC="1.11" NOx="4.96" PMx="0.27" fuel="5.14" electricity="0.00" noise="74.23" route="routetop" type="cfm-fast" waiting="0.00" lane="top_0" pos="16.72" speed="25.87" angle="244.41" x="29.24" y="123.01"/>
        <vehicle id="cfm-fast_2" eclass="HBEFA3/PC_G_EU4" CO2="41804.76" CO="2017.99" HC="10.36" NOx="18.19" PMx="1.59" fuel="17.97" electricity="0.00" noise="93.06" route="routetop" type="cfm-fast" waiting="0.00" lane="top_1" pos="5.11" speed="75.49" angle="265.33" x="53.20" y="128.13"/>
        <vehicle id="cfm-fast_3" eclass="HBEFA3/PC_G_EU4" CO2="17646.82" CO="301.64" HC="1.81" NOx="7.62" PMx="0.42" fuel="7.59" electricity="0.00" noise="77.02" route="routetop" type="cfm-fast" waiting="0.00" lane="top_0" pos="33.63" speed="27.05" angle="214.00" x="3.95" y="97.44"/>
        <vehicle id="cfm-fast_4" eclass="HBEFA3/PC_G_EU4" CO2="0.00" CO="0.00" HC="0.00" NOx="0.00" PMx="0.00" fuel="0.00" electricity="0.00" noise="91.63" route="routetop" type="cfm-fast" waiting="0.00" lane="left_1" pos="21.87" speed="75.44" angle="145.14" x="13.18" y="22.23"/>
        <vehicle id="cfm-fast_5" eclass="HBEFA3/PC_G_EU4" CO2="18346.48" CO="326.49" HC="1.95" NOx="7.91" PMx="0.45" fuel="7.89" electricity="0.00" noise="77.58" route="routetop" type="cfm-fast" waiting="0.00" lane="left_0" pos="1.84" speed="28.88" angle="181.18" x="-4.82" y="59.62"/>
        <vehicle id="cfm-slow_0" eclass="HBEFA3/PC_G_EU4" CO2="12826.34" CO="224.80" HC="1.35" NOx="5.27" PMx="0.31" fuel="5.51" electricity="0.00" noise="75.87" route="routetop" type="cfm-slow" waiting="0.00" lane="left_0" pos="21.93" speed="30.55" angle="145.00" x="10.71" y="20.04"/>
        <vehicle id="cfm-slow_1" eclass="HBEFA3/PC_G_EU4" CO2="0.00" CO="0.00" HC="0.00" NOx="0.00" PMx="0.00" fuel="0.00" electricity="0.00" noise="73.96" route="routetop" type="cfm-slow" waiting="0.00" lane="left_0" pos="47.66" speed="31.31" angle="98.82" x="58.54" y="-4.75"/>
        <vehicle id="cfm-slow_2" eclass="HBEFA3/PC_G_EU4" CO2="0.00" CO="0.00" HC="0.00" NOx="0.00" PMx="0.00" fuel="0.00" electricity="0.00" noise="72.86" route="routebottom" type="cfm-slow" waiting="0.00" lane="bottom_0" pos="24.05" speed="30.78" angle="51.18" x="110.70" y="13.73"/>
        <vehicle id="cfm-slow_3" eclass="HBEFA3/PC_G_EU4" CO2="0.00" CO="0.00" HC="0.00" NOx="0.00" PMx="0.00" fuel="0.00" electricity="0.00" noise="71.94" route="routebottom" type="cfm-slow" waiting="0.00" lane="bottom_0" pos="49.78" speed="29.16" angle="4.91" x="132.26" y="63.10"/>
        <vehicle id="cfm-slow_4" eclass="HBEFA3/PC_G_EU4" CO2="0.00" CO="0.00" HC="0.00" NOx="0.00" PMx="0.00" fuel="0.00" electricity="0.00" noise="71.21" route="routebottom" type="cfm-slow" waiting="0.00" lane="right_0" pos="23.80" speed="27.23" angle="321.63" x="113.96" y="110.31"/>
        <vehicle id="cfm-slow_5" eclass="HBEFA3/PC_G_EU4" CO2="0.00" CO="0.00" HC="0.00" NOx="0.00" PMx="0.00" fuel="0.00" electricity="0.00" noise="71.65" route="routebottom" type="cfm-slow" waiting="0.00" lane="right_0" pos="45.87" speed="25.93" angle="281.99" x="72.63" y="131.68"/>
    </timestep>
    <timestep time="8.23">
        <vehicle id="cfm-fast_0" eclass="HBEFA3/PC_G_EU4" CO2="87228.65" CO="2845.44" HC="15.25" NOx="39.65" PMx="2.73" fuel="37.50" electricity="0.00" noise="102.25" route="routebottom" type="cfm-fast" waiting="0.00" lane="bottom_1" pos="41.25" speed="73.06" angle="20.30" x="126.51" y="45.91"/>
        <vehicle id="cfm-fast_1" eclass="HBEFA3/PC_G_EU4" CO2="12008.73" CO="180.39" HC="1.12" NOx="4.98" PMx="0.27" fuel="5.16" electricity="0.00" noise="74.25" route="routetop" type="cfm-fast" waiting="0.00" lane="top_0" pos="16.97" speed="25.88" angle="243.94" x="28.77" y="122.73"/>
        <vehicle id="cfm-fast_2" eclass="HBEFA3/PC_G_EU4" CO2="41687.48" CO="2015.67" HC="10.35" NOx="18.13" PMx="1.59" fuel="17.92" electricity="0.00" noise="93.04" route="routetop" type="cfm-fast" waiting="0.00" lane="top_1" pos="5.86" speed="75.49" angle="263.95" x="51.68" y="127.86"/>
        <vehicle id="cfm-fast_3" eclass="HBEFA3/PC_G_EU4" CO2="17655.82" CO="301.92" HC="1.82" NOx="7.62" PMx="0.43" fuel="7.59" electricity="0.00" noise="77.03" route="routetop" type="cfm-fast" waiting="0.00" lane="top_0" pos="33.90" speed="27.07" angle="213.51" x="3.67" y="96.93"/>
        <vehicle id="cfm-fast_4" eclass="HBEFA3/PC_G_EU4" CO2="0.00" CO="0.00" HC="0.00" NOx="0.00" PMx="0.00" fuel="0.00" electricity="0.00" noise="91.65" route="routetop" type="cfm-fast" waiting="0.00" lane="left_1" pos="22.63" speed="75.43" angle="143.73" x="14.18" y="21.05"/>
        <vehicle id="cfm-fast_5" eclass="HBEFA3/PC_G_EU4" CO2="18297.82" CO="325.60" HC="1.94" NOx="7.88" PMx="0.45" fuel="7.87" electricity="0.00" noise="77.56" route="routetop" type="cfm-fast" waiting="0.00" lane="left_0" pos="2.13" speed="28.90" angle="180.66" x="-4.78" y="59.00"/>
        <vehicle id="cfm-slow_0" eclass="HBEFA3/PC_G_EU4" CO2="12732.47" CO="222.94" HC="1.34" NOx="5.22" PMx="0.31" fuel="5.47" electricity="0.00" noise="75.85" route="routetop" type="cfm-slow" waiting="0.00" lane="left_0" pos="22.24" speed="30.56" angle="144.43" x="11.14" y="19.54"/>
        <vehicle id="cfm-slow_1" eclass="HBEFA3/PC_G_EU4" CO2="0.00" CO="0.00" HC="0.00" NOx="0.00" PMx="0.00" fuel="0.00" electricity="0.00" noise="73.94" route="routetop" type="cfm-slow" waiting="0.00" lane="left_0" pos="47.97" speed="31.31" angle="98.21" x="59.21" y="-4.79"/>
        <vehicle id="cfm-slow_2" eclass="HBEFA3/PC_G_EU4" CO2="0.00" CO="0.00" HC="0.00" NOx="0.00" PMx="0.00" fuel="0.00" electricity="0.00" noise="72.85" route="routebottom" type="cfm-slow" waiting="0.00" lane="bottom_0" pos="24.36" speed="30.76" angle="50.68" x="111.19" y="14.18"/>
        <vehicle id="cfm-slow_3" eclass="HBEFA3/PC_G_EU4" CO2="0.00" CO="0.00" HC="0.00" NOx="0.00" PMx="0.00" fuel="0.00" electricity="0.00" noise="71.93" route="routebottom" type="cfm-slow" waiting="0.00" lane="right_0" pos="0.07" speed="29.14" angle="4.34" x="132.27" y="63.91"/>
        <vehicle id="cfm-slow_4" eclass="HBEFA3/PC_G_EU4" CO2="0.00" CO="0.00" HC="0.00" NOx="0.00" PMx="0.00" fuel="0.00" electricity="0.00" noise="71.21" route="routebottom" type="cfm-slow" waiting="0.00" lane="right_0" pos="24.07" speed="27.22" angle="321.14" x="113.56" y="110.74"/>
        <vehicle id="cfm-slow_5" eclass="HBEFA3/PC_G_EU4" CO2="0.00" CO="0.00" HC="0.00" NOx="0.00" PMx="0.00" fuel="0.00" electricity="0.00" noise="71.67" route="routebottom" type="cfm-slow" waiting="0.00" lane="right_0" pos="46.13" speed="25.93" angle="281.55" x="72.07" y="131.76"/>
    </timestep>
    <timestep time="8.24">
        <vehicle id="cfm-fast_0" eclass="HBEFA3/PC_G_EU4" CO2="86783.56" CO="2837.45" HC="15.20" NOx="39.44" PMx="2.72" fuel="37.30" electricity="0.00" noise="102.15" route="routebottom" type="cfm-fast" waiting="0.00" lane="bottom_1" pos="41.98" speed="73.09" angle="18.93" x="126.89" y="47.35"/>
        <vehicle id="cfm-fast_1" eclass="HBEFA3/PC_G_EU4" CO2="12062.81" CO="181.54" HC="1.13" NOx="5.01" PMx="0.28" fuel="5.19" electricity="0.00" noise="74.28" route="routetop" type="cfm-fast" waiting="0.00" lane="top_0" pos="17.23" speed="25.89" angle="243.48" x="28.29" y="122.44"/>
        <vehicle id="cfm-fast_2" eclass="HBEFA3/PC_G_EU4" CO2="41572.80" CO="2013.40" HC="10.33" NOx="18.08" PMx="1.59" fuel="17.87" electricity="0.00" noise="93.01" route="routetop" type="cfm-fast" waiting="0.00" lane="top_1" pos="6.62" speed="75.49" angle="262.60" x="50.16" y="127.56"/>
        <vehicle id="cfm-fast_3" eclass="HBEFA3/PC_G_EU4" CO2="17664.31" CO="302.18" HC="1.82" NOx="7.63" PMx="0.43" fuel="7.59" electricity="0.00" noise="77.03" route="routetop" type="cfm-fast" waiting="0.00" lane="top_0" pos="34.17" speed="27.08" angle="213.01" x="3.39" y="96.42"/>
        <vehicle id="cfm-fast_4" eclass="HBEFA3/PC_G_EU4" CO2="0.00" CO="0.00" HC="0.00" NOx="0.00" PMx="0.00" fuel="0.00" electricity="0.00" noise="91.67" route="routetop" type="cfm-fast" waiting="0.00" lane="left_1" pos="23.38" speed="75.43" angle="142.41" x="15.20" y="19.89"/>
        <vehicle id="cfm-fast_5" eclass="HBEFA3/PC_G_EU4" CO2="18248.71" CO="324.70" HC="1.94" NOx="7.86" PMx="0.45" fuel="7.84" electricity="0.00" noise="77.54" route="routetop" type="cfm-fast" waiting="0.00" lane="left_0" pos="2.42" speed="28.92" angle="180.14" x="-4.74" y="58.37"/>
        <vehicle id="cfm-slow_0" eclass="HBEFA3/PC_G_EU4" CO2="12638.54" CO="221.07" HC="1.33" NOx="5.18" PMx="0.31" fuel="5.43" electricity="0.00" noise="75.82" route="routetop" type="cfm-slow" waiting="0.00" lane="left_0" pos="22.54" speed="30.57" angle="143.86" x="11.56" y="19.04"/>
        <vehicle id="cfm-slow_1" eclass="HBEFA3/PC_G_EU4" CO2="0.00" CO="0.00" HC="0.00" NOx="0.00" PMx="0.00" fuel="0.00" electricity="0.00" noise="73.93" route="routetop" type="cfm-slow" waiting="0.00" lane="left_0" pos="48.28" speed="31.30" angle="97.61" x="59.88" y="-4.83"/>
        <vehicle id="cfm-slow_2" eclass="HBEFA3/PC_G_EU4" CO2="0.00" CO="0.00" HC="0.00" NOx="0.00" PMx="0.00" fuel="0.00" electricity="0.00" noise="72.84" route="routebottom" type="cfm-slow" waiting="0.00" lane="bottom_0" pos="24.66" speed="30.75" angle="50.11" x="111.66" y="14.65"/>
        <vehicle id="cfm-slow_3" eclass="HBEFA3/PC_G_EU4" CO2="0.00" CO="0.00" HC="0.00" NOx="0.00" PMx="0.00" fuel="0.00" electricity="0.00" noise="71.93" route="routebottom" type="cfm-slow" waiting="0.00" lane="right_0" pos="0.36" speed="29.13" angle="3.81" x="132.26" y="64.54"/>
        <vehicle id="cfm-slow_4" eclass="HBEFA3/PC_G_EU4" CO2="0.00" CO="0.00" HC="0.00" NOx="0.00" PMx="0.00" fuel="0.00" electricity="0.00" noise="71.21" route="routebottom" type="cfm-slow" waiting="0.00" lane="right_0" pos="24.35" speed="27.21" angle="320.70" x="113.16" y="111.17"/>
        <vehicle id="cfm-slow_5" eclass="HBEFA3/PC_G_EU4" CO2="0.00" CO="0.00" HC="0.00" NOx="0.00" PMx="0.00" fuel="0.00" electricity="0.00" noise="71.68" route="routebottom" type="cfm-slow" waiting="0.00" lane="right_0" pos="46.39" speed="25.93" angle="281.11" x="71.52" y="131.82"/>
    </timestep>
    <timestep time="8.25">
        <vehicle id="cfm-fast_0" eclass="HBEFA3/PC_G_EU4" CO2="86341.25" CO="2829.51" HC="15.15" NOx="39.23" PMx="2.71" fuel="37.11" electricity="0.00" noise="102.05" route="routebottom" type="cfm-fast" waiting="0.00" lane="bottom_1" pos="42.71" speed="73.11" angle="17.67" x="127.25" y="48.81"/>
        <vehicle id="cfm-fast_1" eclass="HBEFA3/PC_G_EU4" CO2="12116.49" CO="182.69" HC="1.13" NOx="5.03" PMx="0.28" fuel="5.21" electricity="0.00" noise="74.30" route="routetop" type="cfm-fast" waiting="0.00" lane="top_0" pos="17.49" speed="25.91" angle="243.01" x="27.81" y="122.15"/>
        <vehicle id="cfm-fast_2" eclass="HBEFA3/PC_G_EU4" CO2="41460.68" CO="2011.18" HC="10.32" NOx="18.03" PMx="1.58" fuel="17.82" electricity="0.00" noise="92.99" route="routetop" type="cfm-fast" waiting="0.00" lane="top_1" pos="7.37" speed="75.49" angle="261.14" x="48.65" y="127.21"/>
        <vehicle id="cfm-fast_3" eclass="HBEFA3/PC_G_EU4" CO2="17672.29" CO="302.43" HC="1.82" NOx="7.63" PMx="0.43" fuel="7.60" electricity="0.00" noise="77.04" route="routetop" type="cfm-fast" waiting="0.00" lane="top_0" pos="34.44" speed="27.10" angle="212.52" x="3.10" y="95.91"/>
        <vehicle id="cfm-fast_4" eclass="HBEFA3/PC_G_EU4" CO2="0.00" CO="0.00" HC="0.00" NOx="0.00" PMx="0.00" fuel="0.00" electricity="0.00" noise="91.69" route="routetop" type="cfm-fast" waiting="0.00" lane="left_1" pos="24.14" speed="75.43" angle="141.05" x="16.25" y="18.76"/>
        <vehicle id="cfm-fast_5" eclass="HBEFA3/PC_G_EU4" CO2="18199.15" CO="323.79" HC="1.93" NOx="7.84" PMx="0.45" fuel="7.82" electricity="0.00" noise="77.52" route="routetop" type="cfm-fast" waiting="0.00" lane="left_0" pos="2.71" speed="28.93" angle="179.64" x="-4.69" y="57.75"/>
        <vehicle id="cfm-slow_0" eclass="HBEFA3/PC_G_EU4" CO2="12544.57" CO="219.20" HC="1.32" NOx="5.13" PMx="0.30" fuel="5.39" electricity="0.00" noise="75.79" route="routetop" type="cfm-slow" waiting="0.00" lane="left_0" pos="22.85" speed="30.58" angle="143.29" x="11.99" y="18.54"/>
        <vehicle id="cfm-slow_1" eclass="HBEFA3/PC_G_EU4" CO2="0.00" CO="0.00" HC="0.00" NOx="0.00" PMx="0.00" fuel="0.00" electricity="0.00" noise="73.91" route="routetop" type="cfm-slow" waiting="0.00" lane="left_0" pos="48.60" speed="31.30" angle="97.01" x="60.55" y="-4.87"/>
        <vehicle id="cfm-slow_2" eclass="HBEFA3/PC_G_EU4" CO2="0.00" CO="0.00" HC="0.00" NOx="0.00" PMx="0.00" fuel="0.00" electricity="0.00" noise="72.83" route="routebottom" type="cfm-slow" waiting="0.00" lane="bottom_0" pos="24.97" speed="30.73" angle="49.54" x="112.12" y="15.11"/>
        <vehicle id="cfm-slow_3" eclass="HBEFA3/PC_G_EU4" CO2="0.00" CO="0.00" HC="0.00" NOx="0.00" PMx="0.00" fuel="0.00" electricity="0.00" noise="71.92" route="routebottom" type="cfm-slow" waiting="0.00" lane="right_0" pos="0.65" speed="29.11" angle="3.28" x="132.24" y="65.17"/>
        <vehicle id="cfm-slow_4" eclass="HBEFA3/PC_G_EU4" CO2="0.00" CO="0.00" HC="0.00" NOx="0.00" PMx="0.00" fuel="0.00" electricity="0.00" noise="71.21" route="routebottom" type="cfm-slow" waiting="0.00" lane="right_0" pos="24.62" speed="27.19" angle="320.20" x="112.75" y="111.58"/>
        <vehicle id="cfm-slow_5" eclass="HBEFA3/PC_G_EU4" CO2="0.00" CO="0.00" HC="0.00" NOx="0.00" PMx="0.00" fuel="0.00" electricity="0.00" noise="71.70" route="routebottom" type="cfm-slow" waiting="0.00" lane="right_0" pos="46.65" speed="25.93" angle="280.63" x="70.96" y="131.88"/>
    </timestep>
    <timestep time="8.26">
        <vehicle id="cfm-fast_0" eclass="HBEFA3/PC_G_EU4" CO2="85901.72" CO="2821.62" HC="15.11" NOx="39.03" PMx="2.70" fuel="36.93" electricity="0.00" noise="101.95" route="routebottom" type="cfm-fast" waiting="0.00" lane="bottom_1" pos="43.44" speed="73.14" angle="16.39" x="127.58" y="50.27"/>
        <vehicle id="cfm-fast_1" eclass="HBEFA3/PC_G_EU4" CO2="12169.75" CO="183.84" HC="1.14" NOx="5.06" PMx="0.28" fuel="5.23" electricity="0.00" noise="74.33" route="routetop" type="cfm-fast" waiting="0.00" lane="top_0" pos="17.75" speed="25.92" angle="242.54" x="27.33" y="121.87"/>
        <vehicle id="cfm-fast_2" eclass="HBEFA3/PC_G_EU4" CO2="41351.08" CO="2009.01" HC="10.31" NOx="17.98" PMx="1.58" fuel="17.78" electricity="0.00" noise="92.97" route="routetop" type="cfm-fast" waiting="0.00" lane="top_1" pos="8.13" speed="75.49" angle="259.82" x="47.15" y="126.84"/>
        <vehicle id="cfm-fast_3" eclass="HBEFA3/PC_G_EU4" CO2="17679.76" CO="302.68" HC="1.82" NOx="7.63" PMx="0.43" fuel="7.60" electricity="0.00" noise="77.04" route="routetop" type="cfm-fast" waiting="0.00" lane="top_0" pos="34.71" speed="27.12" angle="212.09" x="2.83" y="95.39"/>
        <vehicle id="cfm-fast_4" eclass="HBEFA3/PC_G_EU4" CO2="0.00" CO="0.00" HC="0.00" NOx="0.00" PMx="0.00" fuel="0.00" electricity="0.00" noise="91.71" route="routetop" type="cfm-fast" waiting="0.00" lane="left_1" pos="24.89" speed="75.43" angle="139.71" x="17.33" y="17.65"/>
        <vehicle id="cfm-fast_5" eclass="HBEFA3/PC_G_EU4" CO2="18149.15" CO="322.87" HC="1.93" NOx="7.81" PMx="0.44" fuel="7.80" electricity="0.00" noise="77.50" route="routetop" type="cfm-fast" waiting="0.00" lane="left_0" pos="3.00" speed="28.95" angle="179.12" x="-4.63" y="57.13"/>
        <vehicle id="cfm-slow_0" eclass="HBEFA3/PC_G_EU4" CO2="12450.55" CO="217.33" HC="1.31" NOx="5.09" PMx="0.30" fuel="5.35" electricity="0.00" noise="75.77" route="routetop" type="cfm-slow" waiting="0.00" lane="left_0" pos="23.15" speed="30.59" angle="142.80" x="12.42" y="18.04"/>
        <vehicle id="cfm-slow_1" eclass="HBEFA3/PC_G_EU4" CO2="0.00" CO="0.00" HC="0.00" NOx="0.00" PMx="0.00" fuel="0.00" electricity="0.00" noise="73.90" route="routetop" type="cfm-slow" waiting="0.00" lane="left_0" pos="48.91" speed="31.29" angle="96.49" x="61.23" y="-4.90"/>
        <vehicle id="cfm-slow_2" eclass="HBEFA3/PC_G_EU4" CO2="0.00" CO="0.00" HC="0.00" NOx="0.00" PMx="0.00" fuel="0.00" electricity="0.00" noise="72.82" route="routebottom" type="cfm-slow" waiting="0.00" lane="bottom_0" pos="25.28" speed="30.72" angle="48.97" x="112.59" y="15.58"/>
        <vehicle id="cfm-slow_3" eclass="HBEFA3/PC_G_EU4" CO2="0.00" CO="0.00" HC="0.00" NOx="0.00" PMx="0.00" fuel="0.00" electricity="0.00" noise="71.91" route="routebottom" type="cfm-slow" waiting="0.00" lane="right_0" pos="0.95" speed="29.09" angle="2.76" x="132.23" y="65.79"/>
        <vehicle id="cfm-slow_4" eclass="HBEFA3/PC_G_EU4" CO2="0.00" CO="0.00" HC="0.00" NOx="0.00" PMx="0.00" fuel="0.00" electricity="0.00" noise="71.21" route="routebottom" type="cfm-slow" waiting="0.00" lane="right_0" pos="24.89" speed="27.18" angle="319.69" x="112.33" y="112.00"/>
        <vehicle id="cfm-slow_5" eclass="HBEFA3/PC_G_EU4" CO2="0.00" CO="0.00" HC="0.00" NOx="0.00" PMx="0.00" fuel="0.00" electricity="0.00" noise="71.72" route="routebottom" type="cfm-slow" waiting="0.00" lane="right_0" pos="46.90" speed="25.93" angle="280.16" x="70.41" y="131.93"/>
    </timestep>
    <timestep time="8.27">
        <vehicle id="cfm-fast_0" eclass="HBEFA3/PC_G_EU4" CO2="85464.98" CO="2813.77" HC="15.06" NOx="38.82" PMx="2.69" fuel="36.74" electricity="0.00" noise="101.86" route="routebottom" type="cfm-fast" waiting="0.00" lane="bottom_1" pos="44.17" speed="73.17" angle="15.04" x="127.87" y="51.75"/>
        <vehicle id="cfm-fast_1" eclass="HBEFA3/PC_G_EU4" CO2="12222.62" CO="184.97" HC="1.15" NOx="5.08" PMx="0.28" fuel="5.25" electricity="0.00" noise="74.35" route="routetop" type="cfm-fast" waiting="0.00" lane="top_0" pos="18.01" speed="25.93" angle="242.13" x="26.85" y="121.58"/>
        <vehicle id="cfm-fast_2" eclass="HBEFA3/PC_G_EU4" CO2="41243.96" CO="2006.89" HC="10.30" NOx="17.92" PMx="1.58" fuel="17.73" electricity="0.00" noise="92.96" route="routetop" type="cfm-fast" waiting="0.00" lane="top_1" pos="8.88" speed="75.50" angle="258.50" x="45.66" y="126.44"/>
        <vehicle id="cfm-fast_3" eclass="HBEFA3/PC_G_EU4" CO2="17686.72" CO="302.91" HC="1.82" NOx="7.63" PMx="0.43" fuel="7.60" electricity="0.00" noise="77.05" route="routetop" type="cfm-fast" waiting="0.00" lane="top_0" pos="34.99" speed="27.14" angle="211.59" x="2.57" y="94.87"/>
        <vehicle id="cfm-fast_4" eclass="HBEFA3/PC_G_EU4" CO2="0.00" CO="0.00" HC="0.00" NOx="0.00" PMx="0.00" fuel="0.00" electricity="0.00" noise="91.73" route="routetop" type="cfm-fast" waiting="0.00" lane="left_1" pos="25.64" speed="75.43" angle="138.37" x="18.42" y="16.56"/>
        <vehicle id="cfm-fast_5" eclass="HBEFA3/PC_G_EU4" CO2="18098.72" CO="321.94" HC="1.92" NOx="7.79" PMx="0.44" fuel="7.78" electricity="0.00" noise="77.48" route="routetop" type="cfm-fast" waiting="0.00" lane="left_0" pos="3.29" speed="28.97" angle="178.60" x="-4.56" y="56.51"/>
        <vehicle id="cfm-slow_0" eclass="HBEFA3/PC_G_EU4" CO2="12356.51" CO="215.45" HC="1.29" NOx="5.04" PMx="0.30" fuel="5.31" electricity="0.00" noise="75.74" route="routetop" type="cfm-slow" waiting="0.00" lane="left_0" pos="23.46" speed="30.60" angle="142.25" x="12.87" y="17.55"/>
        <vehicle id="cfm-slow_1" eclass="HBEFA3/PC_G_EU4" CO2="0.00" CO="0.00" HC="0.00" NOx="0.00" PMx="0.00" fuel="0.00" electricity="0.00" noise="73.89" route="routetop" type="cfm-slow" waiting="0.00" lane="left_0" pos="49.22" speed="31.29" angle="95.92" x="61.90" y="-4.91"/>
        <vehicle id="cfm-slow_2" eclass="HBEFA3/PC_G_EU4" CO2="0.00" CO="0.00" HC="0.00" NOx="0.00" PMx="0.00" fuel="0.00" electricity="0.00" noise="72.82" route="routebottom" type="cfm-slow" waiting="0.00" lane="bottom_0" pos="25.58" speed="30.70" angle="48.43" x="113.06" y="16.05"/>
        <vehicle id="cfm-slow_3" eclass="HBEFA3/PC_G_EU4" CO2="0.00" CO="0.00" HC="0.00" NOx="0.00" PMx="0.00" fuel="0.00" electricity="0.00" noise="71.90" route="routebottom" type="cfm-slow" waiting="0.00" lane="right_0" pos="1.24" speed="29.07" angle="2.25" x="132.22" y="66.42"/>
        <vehicle id="cfm-slow_4" eclass="HBEFA3/PC_G_EU4" CO2="0.00" CO="0.00" HC="0.00" NOx="0.00" PMx="0.00" fuel="0.00" electricity="0.00" noise="71.21" route="routebottom" type="cfm-slow" waiting="0.00" lane="right_0" pos="25.16" speed="27.17" angle="319.19" x="111.92" y="112.41"/>
        <vehicle id="cfm-slow_5" eclass="HBEFA3/PC_G_EU4" CO2="0.00" CO="0.00" HC="0.00" NOx="0.00" PMx="0.00" fuel="0.00" electricity="0.00" noise="71.73" route="routebottom" type="cfm-slow" waiting="0.00" lane="right_0" pos="47.16" speed="25.93" angle="279.68" x="69.85" y="131.99"/>
    </timestep>
    <timestep time="8.28">
        <vehicle id="cfm-fast_0" eclass="HBEFA3/PC_G_EU4" CO2="85031.02" CO="2805.98" HC="15.01" NOx="38.61" PMx="2.68" fuel="36.55" electricity="0.00" noise="101.76" route="routebottom" type="cfm-fast" waiting="0.00" lane="bottom_1" pos="44.90" speed="73.19" angle="13.69" x="128.13" y="53.22"/>
        <vehicle id="cfm-fast_1" eclass="HBEFA3/PC_G_EU4" CO2="12275.07" CO="186.10" HC="1.15" NOx="5.11" PMx="0.28" fuel="5.28" electricity="0.00" noise="74.38" route="routetop" type="cfm-fast" waiting="0.00" lane="top_0" pos="18.27" speed="25.94" angle="241.62" x="26.39" y="121.27"/>
        <vehicle id="cfm-fast_2" eclass="HBEFA3/PC_G_EU4" CO2="41139.29" CO="2004.82" HC="10.28" NOx="17.88" PMx="1.58" fuel="17.68" electricity="0.00" noise="92.94" route="routetop" type="cfm-fast" waiting="0.00" lane="top_1" pos="9.64" speed="75.50" angle="257.16" x="44.18" y="125.99"/>
        <vehicle id="cfm-fast_3" eclass="HBEFA3/PC_G_EU4" CO2="17693.16" CO="303.14" HC="1.82" NOx="7.64" PMx="0.43" fuel="7.61" electricity="0.00" noise="77.05" route="routetop" type="cfm-fast" waiting="0.00" lane="top_0" pos="35.26" speed="27.16" angle="211.09" x="2.31" y="94.35"/>
        <vehicle id="cfm-fast_4" eclass="HBEFA3/PC_G_EU4" CO2="0.00" CO="0.00" HC="0.00" NOx="0.00" PMx="0.00" fuel="0.00" electricity="0.00" noise="91.75" route="routetop" type="cfm-fast" waiting="0.00" lane="left_1" pos="26.40" speed="75.43" angle="136.97" x="19.56" y="15.51"/>
        <vehicle id="cfm-fast_5" eclass="HBEFA3/PC_G_EU4" CO2="18047.85" CO="321.00" HC="1.91" NOx="7.76" PMx="0.44" fuel="7.76" electricity="0.00" noise="77.46" route="routetop" type="cfm-fast" waiting="0.00" lane="left_0" pos="3.58" speed="28.98" angle="178.08" x="-4.50" y="55.89"/>
        <vehicle id="cfm-slow_0" eclass="HBEFA3/PC_G_EU4" CO2="12262.43" CO="213.58" HC="1.28" NOx="5.00" PMx="0.30" fuel="5.27" electricity="0.00" noise="75.71" route="routetop" type="cfm-slow" waiting="0.00" lane="left_0" pos="23.77" speed="30.60" angle="141.69" x="13.31" y="17.07"/>
        <vehicle id="cfm-slow_1" eclass="HBEFA3/PC_G_EU4" CO2="0.00" CO="0.00" HC="0.00" NOx="0.00" PMx="0.00" fuel="0.00" electricity="0.00" noise="73.87" route="routetop" type="cfm-slow" waiting="0.00" lane="left_0" pos="49.54" speed="31.28" angle="95.35" x="62.57" y="-4.93"/>
        <vehicle id="cfm-slow_2" eclass="HBEFA3/PC_G_EU4" CO2="0.00" CO="0.00" HC="0.00" NOx="0.00" PMx="0.00" fuel="0.00" electricity="0.00" noise="72.81" route="routebottom" type="cfm-slow" waiting="0.00" lane="bottom_0" pos="25.89" speed="30.69" angle="47.90" x="113.51" y="16.53"/>
        <vehicle id="cfm-slow_3" eclass="HBEFA3/PC_G_EU4" CO2="0.00" CO="0.00" HC="0.00" NOx="0.00" PMx="0.00" fuel="0.00" electricity="0.00" noise="71.90" route="routebottom" type="cfm-slow" waiting="0.00" lane="right_0" pos="1.53" speed="29.05" angle="1.73" x="132.18" y="67.04"/>
        <vehicle id="cfm-slow_4" eclass="HBEFA3/PC_G_EU4" CO2="0.00" CO="0.00" HC="0.00" NOx="0.00" PMx="0.00" fuel="0.00" electricity="0.00" noise="71.21" route="routebottom" type="cfm-slow" waiting="0.00" lane="right_0" pos="25.43" speed="27.15" angle="318.68" x="111.51" y="112.82"/>
        <vehicle id="cfm-slow_5" eclass="HBEFA3/PC_G_EU4" CO2="0.00" CO="0.00" HC="0.00" NOx="0.00" PMx="0.00" fuel="0.00" electricity="0.00" noise="71.75" route="routebottom" type="cfm-slow" waiting="0.00" lane="right_0" pos="47.42" speed="25.93" angle="279.24" x="69.30" y="132.05"/>
    </timestep>
    <timestep time="8.29">
        <vehicle id="cfm-fast_0" eclass="HBEFA3/PC_G_EU4" CO2="84599.86" CO="2798.22" HC="14.97" NOx="38.41" PMx="2.67" fuel="36.37" electricity="0.00" noise="101.67" route="routebottom" type="cfm-fast" waiting="0.00" lane="bottom_1" pos="45.63" speed="73.22" angle="12.35" x="128.35" y="54.71"/>
        <vehicle id="cfm-fast_1" eclass="HBEFA3/PC_G_EU4" CO2="12327.11" CO="187.21" HC="1.16" NOx="5.13" PMx="0.28" fuel="5.30" electricity="0.00" noise="74.40" route="routetop" type="cfm-fast" waiting="0.00" lane="top_0" pos="18.53" speed="25.95" angle="241.12" x="25.93" y="120.96"/>
        <vehicle id="cfm-fast_2" eclass="HBEFA3/PC_G_EU4" CO2="41037.01" CO="2002.79" HC="10.27" NOx="17.83" PMx="1.57" fuel="17.64" electricity="0.00" noise="92.92" route="routetop" type="cfm-fast" waiting="0.00" lane="top_1" pos="10.39" speed="75.50" angle="255.81" x="42.70" y="125.52"/>
        <vehicle id="cfm-fast_3" eclass="HBEFA3/PC_G_EU4" CO2="17699.09" CO="303.35" HC="1.82" NOx="7.64" PMx="0.43" fuel="7.61" electricity="0.00" noise="77.06" route="routetop" type="cfm-fast" waiting="0.00" lane="top_0" pos="35.53" speed="27.18" angle="210.58" x="2.05" y="93.83"/>
        <vehicle id="cfm-fast_4" eclass="HBEFA3/PC_G_EU4" CO2="0.00" CO="0.00" HC="0.00" NOx="0.00" PMx="0.00" fuel="0.00" electricity="0.00" noise="91.77" route="routetop" type="cfm-fast" waiting="0.00" lane="left_1" pos="27.15" speed="75.42" angle="135.64" x="20.71" y="14.47"/>
        <vehicle id="cfm-fast_5" eclass="HBEFA3/PC_G_EU4" CO2="17996.56" CO="320.06" HC="1.91" NOx="7.74" PMx="0.44" fuel="7.74" electricity="0.00" noise="77.44" route="routetop" type="cfm-fast" waiting="0.00" lane="left_0" pos="3.87" speed="29.00" angle="177.58" x="-4.43" y="55.27"/>
        <vehicle id="cfm-slow_0" eclass="HBEFA3/PC_G_EU4" CO2="12168.32" CO="211.70" HC="1.27" NOx="4.96" PMx="0.30" fuel="5.23" electricity="0.00" noise="75.69" route="routetop" type="cfm-slow" waiting="0.00" lane="left_0" pos="24.07" speed="30.61" angle="141.14" x="13.76" y="16.59"/>
        <vehicle id="cfm-slow_1" eclass="HBEFA3/PC_G_EU4" CO2="0.00" CO="0.00" HC="0.00" NOx="0.00" PMx="0.00" fuel="0.00" electricity="0.00" noise="73.86" route="routetop" type="cfm-slow" waiting="0.00" lane="left_0" pos="49.85" speed="31.28" angle="94.78" x="63.24" y="-4.94"/>
        <vehicle id="cfm-slow_2" eclass="HBEFA3/PC_G_EU4" CO2="0.00" CO="0.00" HC="0.00" NOx="0.00" PMx="0.00" fuel="0.00" electricity="0.00" noise="72.80" route="routebottom" type="cfm-slow" waiting="0.00" lane="bottom_0" pos="26.20" speed="30.67" angle="47.34" x="113.96" y="17.01"/>
        <vehicle id="cfm-slow_3" eclass="HBEFA3/PC_G_EU4" CO2="0.00" CO="0.00" HC="0.00" NOx="0.00" PMx="0.00" fuel="0.00" electricity="0.00" noise="71.89" route="routebottom" type="cfm-slow" waiting="0.00" lane="right_0" pos="1.82" speed="29.03" angle="1.21" x="132.15" y="67.67"/>
        <vehicle id="cfm-slow_4" eclass="HBEFA3/PC_G_EU4" CO2="0.00" CO="0.00" HC="0.00" NOx="0.00" PMx="0.00" fuel="0.00" electricity="0.00" noise="71.21" route="routebottom" type="cfm-slow" waiting="0.00" lane="right_0" pos="25.70" speed="27.14" angle="318.24" x="111.09" y="113.23"/>
        <vehicle id="cfm-slow_5" eclass="HBEFA3/PC_G_EU4" CO2="0.00" CO="0.00" HC="0.00" NOx="0.00" PMx="0.00" fuel="0.00" electricity="0.00" noise="71.77" route="routebottom" type="cfm-slow" waiting="0.00" lane="right_0" pos="47.68" speed="25.93" angle="278.79" x="68.74" y="132.09"/>
    </timestep>
    <timestep time="8.30">
        <vehicle id="cfm-fast_0" eclass="HBEFA3/PC_G_EU4" CO2="84171.49" CO="2790.52" HC="14.92" NOx="38.21" PMx="2.66" fuel="36.18" electricity="0.00" noise="101.57" route="routebottom" type="cfm-fast" waiting="0.00" lane="bottom_1" pos="46.37" speed="73.24" angle="11.08" x="128.54" y="56.20"/>
        <vehicle id="cfm-fast_1" eclass="HBEFA3/PC_G_EU4" CO2="12378.75" CO="188.32" HC="1.17" NOx="5.16" PMx="0.28" fuel="5.32" electricity="0.00" noise="74.43" route="routetop" type="cfm-fast" waiting="0.00" lane="top_0" pos="18.79" speed="25.96" angle="240.61" x="25.46" y="120.64"/>
        <vehicle id="cfm-fast_2" eclass="HBEFA3/PC_G_EU4" CO2="40937.10" CO="2000.81" HC="10.26" NOx="17.78" PMx="1.57" fuel="17.60" electricity="0.00" noise="92.90" route="routetop" type="cfm-fast" waiting="0.00" lane="top_1" pos="11.15" speed="75.50" angle="254.34" x="41.25" y="124.99"/>
        <vehicle id="cfm-fast_3" eclass="HBEFA3/PC_G_EU4" CO2="17704.51" CO="303.55" HC="1.82" NOx="7.64" PMx="0.43" fuel="7.61" electricity="0.00" noise="77.06" route="routetop" type="cfm-fast" waiting="0.00" lane="top_0" pos="35.80" speed="27.19" angle="210.09" x="1.79" y="93.30"/>
        <vehicle id="cfm-fast_4" eclass="HBEFA3/PC_G_EU4" CO2="0.00" CO="0.00" HC="0.00" NOx="0.00" PMx="0.00" fuel="0.00" electricity="0.00" noise="91.79" route="routetop" type="cfm-fast" waiting="0.00" lane="left_1" pos="27.91" speed="75.42" angle="134.25" x="21.89" y="13.47"/>
        <vehicle id="cfm-fast_5" eclass="HBEFA3/PC_G_EU4" CO2="17944.83" CO="319.10" HC="1.90" NOx="7.72" PMx="0.44" fuel="7.71" electricity="0.00" noise="77.42" route="routetop" type="cfm-fast" waiting="0.00" lane="left_0" pos="4.16" speed="29.02" angle="177.06" x="-4.35" y="54.65"/>
        <vehicle id="cfm-slow_0" eclass="HBEFA3/PC_G_EU4" CO2="12074.20" CO="209.82" HC="1.26" NOx="4.91" PMx="0.29" fuel="5.19" electricity="0.00" noise="75.66" route="routetop" type="cfm-slow" waiting="0.00" lane="left_0" pos="24.38" speed="30.62" angle="140.65" x="14.21" y="16.10"/>
        <vehicle id="cfm-slow_1" eclass="HBEFA3/PC_G_EU4" CO2="0.00" CO="0.00" HC="0.00" NOx="0.00" PMx="0.00" fuel="0.00" electricity="0.00" noise="73.84" route="routebottom" type="cfm-slow" waiting="0.00" lane="bottom_0" pos="0.16" speed="31.27" angle="94.18" x="64.11" y="-4.94"/>
        <vehicle id="cfm-slow_2" eclass="HBEFA3/PC_G_EU4" CO2="0.00" CO="0.00" HC="0.00" NOx="0.00" PMx="0.00" fuel="0.00" electricity="0.00" noise="72.79" route="routebottom" type="cfm-slow" waiting="0.00" lane="bottom_0" pos="26.50" speed="30.66" angle="46.78" x="114.41" y="17.50"/>
        <vehicle id="cfm-slow_3" eclass="HBEFA3/PC_G_EU4" CO2="0.00" CO="0.00" HC="0.00" NOx="0.00" PMx="0.00" fuel="0.00" electricity="0.00" noise="71.88" route="routebottom" type="cfm-slow" waiting="0.00" lane="right_0" pos="2.11" speed="29.01" angle="0.69" x="132.11" y="68.29"/>
        <vehicle id="cfm-slow_4" eclass="HBEFA3/PC_G_EU4" CO2="0.00" CO="0.00" HC="0.00" NOx="0.00" PMx="0.00" fuel="0.00" electricity="0.00" noise="71.21" route="routebottom" type="cfm-slow" waiting="0.00" lane="right_0" pos="25.98" speed="27.13" angle="317.75" x="110.66" y="113.63"/>
        <vehicle id="cfm-slow_5" eclass="HBEFA3/PC_G_EU4" CO2="0.00" CO="0.00" HC="0.00" NOx="0.00" PMx="0.00" fuel="0.00" electricity="0.00" noise="71.79" route="routebottom" type="cfm-slow" waiting="0.00" lane="right_0" pos="47.94" speed="25.93" angle="278.30" x="68.19" y="132.12"/>
    </timestep>
    <timestep time="8.31">
        <vehicle id="cfm-fast_0" eclass="HBEFA3/PC_G_EU4" CO2="83745.91" CO="2782.86" HC="14.88" NOx="38.01" PMx="2.65" fuel="36.00" electricity="0.00" noise="101.48" route="routebottom" type="cfm-fast" waiting="0.00" lane="bottom_1" pos="47.10" speed="73.27" angle="9.78" x="128.70" y="57.69"/>
        <vehicle id="cfm-fast_1" eclass="HBEFA3/PC_G_EU4" CO2="12429.97" CO="189.42" HC="1.17" NOx="5.18" PMx="0.29" fuel="5.34" electricity="0.00" noise="74.45" route="routetop" type="cfm-fast" waiting="0.00" lane="top_0" pos="19.05" speed="25.97" angle="240.11" x="25.00" y="120.33"/>
        <vehicle id="cfm-fast_2" eclass="HBEFA3/PC_G_EU4" CO2="40839.51" CO="1998.88" HC="10.25" NOx="17.73" PMx="1.57" fuel="17.56" electricity="0.00" noise="92.88" route="routetop" type="cfm-fast" waiting="0.00" lane="top_1" pos="11.90" speed="75.50" angle="253.02" x="39.80" y="124.44"/>
        <vehicle id="cfm-fast_3" eclass="HBEFA3/PC_G_EU4" CO2="17709.43" CO="303.74" HC="1.83" NOx="7.64" PMx="0.43" fuel="7.61" electricity="0.00" noise="77.07" route="routetop" type="cfm-fast" waiting="0.00" lane="top_0" pos="36.07" speed="27.21" angle="209.63" x="1.54" y="92.77"/>
        <vehicle id="cfm-fast_4" eclass="HBEFA3/PC_G_EU4" CO2="0.00" CO="0.00" HC="0.00" NOx="0.00" PMx="0.00" fuel="0.00" electricity="0.00" noise="91.81" route="routetop" type="cfm-fast" waiting="0.00" lane="left_1" pos="28.66" speed="75.42" angle="132.91" x="23.09" y="12.50"/>
        <vehicle id="cfm-fast_5" eclass="HBEFA3/PC_G_EU4" CO2="17892.68" CO="318.13" HC="1.90" NOx="7.69" PMx="0.44" fuel="7.69" electricity="0.00" noise="77.40" route="routetop" type="cfm-fast" waiting="0.00" lane="left_0" pos="4.45" speed="29.03" angle="176.53" x="-4.26" y="54.04"/>
        <vehicle id="cfm-slow_0" eclass="HBEFA3/PC_G_EU4" CO2="11980.06" CO="207.95" HC="1.25" NOx="4.87" PMx="0.29" fuel="5.15" electricity="0.00" noise="75.64" route="routetop" type="cfm-slow" waiting="0.00" lane="left_0" pos="24.68" speed="30.63" angle="140.09" x="14.67" y="15.64"/>
        <vehicle id="cfm-slow_1" eclass="HBEFA3/PC_G_EU4" CO2="0.00" CO="0.00" HC="0.00" NOx="0.00" PMx="0.00" fuel="0.00" electricity="0.00" noise="73.83" route="routebottom" type="cfm-slow" waiting="0.00" lane="bottom_0" pos="0.47" speed="31.27" angle="93.61" x="64.78" y="-4.93"/>
        <vehicle id="cfm-slow_2" eclass="HBEFA3/PC_G_EU4" CO2="0.00" CO="0.00" HC="0.00" NOx="0.00" PMx="0.00" fuel="0.00" electricity="0.00" noise="72.78" route="routebottom" type="cfm-slow" waiting="0.00" lane="bottom_0" pos="26.81" speed="30.64" angle="46.23" x="114.85" y="17.98"/>
        <vehicle id="cfm-slow_3" eclass="HBEFA3/PC_G_EU4" CO2="0.00" CO="0.00" HC="0.00" NOx="0.00" PMx="0.00" fuel="0.00" electricity="0.00" noise="71.88" route="routebottom" type="cfm-slow" waiting="0.00" lane="right_0" pos="2.40" speed="28.99" angle="0.17" x="132.08" y="68.91"/>
        <vehicle id="cfm-slow_4" eclass="HBEFA3/PC_G_EU4" CO2="0.00" CO="0.00" HC="0.00" NOx="0.00" PMx="0.00" fuel="0.00" electricity="0.00" noise="71.21" route="routebottom" type="cfm-slow" waiting="0.00" lane="right_0" pos="26.25" speed="27.12" angle="317.25" x="110.23" y="114.03"/>
        <vehicle id="cfm-slow_5" eclass="HBEFA3/PC_G_EU4" CO2="0.00" CO="0.00" HC="0.00" NOx="0.00" PMx="0.00" fuel="0.00" electricity="0.00" noise="71.80" route="routebottom" type="cfm-slow" waiting="0.00" lane="right_0" pos="48.20" speed="25.93" angle="277.82" x="67.63" y="132.15"/>
    </timestep>
    <timestep time="8.32">
        <vehicle id="cfm-fast_0" eclass="HBEFA3/PC_G_EU4" CO2="83323.14" CO="2775.25" HC="14.83" NOx="37.81" PMx="2.64" fuel="35.82" electricity="0.00" noise="101.39" route="routebottom" type="cfm-fast" waiting="0.00" lane="bottom_1" pos="47.83" speed="73.29" angle="8.47" x="128.81" y="59.19"/>
        <vehicle id="cfm-fast_1" eclass="HBEFA3/PC_G_EU4" CO2="12480.78" CO="190.52" HC="1.18" NOx="5.20" PMx="0.29" fuel="5.36" electricity="0.00" noise="74.48" route="routetop" type="cfm-fast" waiting="0.00" lane="top_0" pos="19.31" speed="25.99" angle="239.69" x="24.54" y="120.02"/>
        <vehicle id="cfm-fast_2" eclass="HBEFA3/PC_G_EU4" CO2="40744.20" CO="1996.99" HC="10.24" NOx="17.69" PMx="1.56" fuel="17.51" electricity="0.00" noise="92.87" route="routetop" type="cfm-fast" waiting="0.00" lane="top_1" pos="12.66" speed="75.50" angle="251.69" x="38.36" y="123.87"/>
        <vehicle id="cfm-fast_3" eclass="HBEFA3/PC_G_EU4" CO2="17713.83" CO="303.93" HC="1.83" NOx="7.65" PMx="0.43" fuel="7.61" electricity="0.00" noise="77.07" route="routetop" type="cfm-fast" waiting="0.00" lane="top_0" pos="36.35" speed="27.23" angle="209.12" x="1.30" y="92.24"/>
        <vehicle id="cfm-fast_4" eclass="HBEFA3/PC_G_EU4" CO2="0.00" CO="0.00" HC="0.00" NOx="0.00" PMx="0.00" fuel="0.00" electricity="0.00" noise="91.83" route="routetop" type="cfm-fast" waiting="0.00" lane="left_1" pos="29.42" speed="75.42" angle="131.54" x="24.31" y="11.54"/>
        <vehicle id="cfm-fast_5" eclass="HBEFA3/PC_G_EU4" CO2="17840.11" CO="317.16" HC="1.89" NOx="7.67" PMx="0.44" fuel="7.67" electricity="0.00" noise="77.38" route="routetop" type="cfm-fast" waiting="0.00" lane="left_0" pos="4.74" speed="29.05" angle="176.01" x="-4.18" y="53.42"/>
        <vehicle id="cfm-slow_0" eclass="HBEFA3/PC_G_EU4" CO2="11885.91" CO="206.07" HC="1.24" NOx="4.82" PMx="0.29" fuel="5.11" electricity="0.00" noise="75.61" route="routetop" type="cfm-slow" waiting="0.00" lane="left_0" pos="24.99" speed="30.63" angle="139.52" x="15.14" y="15.17"/>
        <vehicle id="cfm-slow_1" eclass="HBEFA3/PC_G_EU4" CO2="0.00" CO="0.00" HC="0.00" NOx="0.00" PMx="0.00" fuel="0.00" electricity="0.00" noise="73.82" route="routebottom" type="cfm-slow" waiting="0.00" lane="bottom_0" pos="0.79" speed="31.26" angle="93.05" x="65.45" y="-4.91"/>
        <vehicle id="cfm-slow_2" eclass="HBEFA3/PC_G_EU4" CO2="0.00" CO="0.00" HC="0.00" NOx="0.00" PMx="0.00" fuel="0.00" electricity="0.00" noise="72.77" route="routebottom" type="cfm-slow" waiting="0.00" lane="bottom_0" pos="27.12" speed="30.62" angle="45.72" x="115.29" y="18.48"/>
        <vehicle id="cfm-slow_3" eclass="HBEFA3/PC_G_EU4" CO2="0.00" CO="0.00" HC="0.00" NOx="0.00" PMx="0.00" fuel="0.00" electricity="0.00" noise="71.87" route="routebottom" type="cfm-slow" waiting="0.00" lane="right_0" pos="2.69" speed="28.98" angle="359.68" x="132.02" y="69.53"/>
        <vehicle id="cfm-slow_4" eclass="HBEFA3/PC_G_EU4" CO2="0.00" CO="0.00" HC="0.00" NOx="0.00" PMx="0.00" fuel="0.00" electricity="0.00" noise="71.21" route="routebottom" type="cfm-slow" waiting="0.00" lane="right_0" pos="26.52" speed="27.10" angle="316.76" x="109.81" y="114.42"/>
        <vehicle id="cfm-slow_5" eclass="HBEFA3/PC_G_EU4" CO2="0.00" CO="0.00" HC="0.00" NOx="0.00" PMx="0.00" fuel="0.00" electricity="0.00" noise="71.82" route="routebottom" type="cfm-slow" waiting="0.00" lane="right_0" pos="48.46" speed="25.93" angle="277.33" x="67.07" y="132.18"/>
    </timestep>
    <timestep time="8.33">
        <vehicle id="cfm-fast_0" eclass="HBEFA3/PC_G_EU4" CO2="82903.16" CO="2767.69" HC="14.79" NOx="37.61" PMx="2.62" fuel="35.64" electricity="0.00" noise="101.30" route="routebottom" type="cfm-fast" waiting="0.00" lane="bottom_1" pos="48.57" speed="73.32" angle="7.05" x="128.90" y="60.69"/>
        <vehicle id="cfm-fast_1" eclass="HBEFA3/PC_G_EU4" CO2="12531.18" CO="191.60" HC="1.19" NOx="5.23" PMx="0.29" fuel="5.39" electricity="0.00" noise="74.50" route="routetop" type="cfm-fast" waiting="0.00" lane="top_0" pos="19.57" speed="26.00" angle="239.22" x="24.08" y="119.69"/>
        <vehicle id="cfm-fast_2" eclass="HBEFA3/PC_G_EU4" CO2="40651.15" CO="1995.14" HC="10.23" NOx="17.64" PMx="1.56" fuel="17.47" electricity="0.00" noise="92.85" route="routetop" type="cfm-fast" waiting="0.00" lane="top_1" pos="13.41" speed="75.51" angle="250.35" x="36.94" y="123.25"/>
        <vehicle id="cfm-fast_3" eclass="HBEFA3/PC_G_EU4" CO2="17717.72" CO="304.10" HC="1.83" NOx="7.65" PMx="0.43" fuel="7.62" electricity="0.00" noise="77.08" route="routetop" type="cfm-fast" waiting="0.00" lane="top_0" pos="36.62" speed="27.25" angle="208.61" x="1.05" y="91.70"/>
        <vehicle id="cfm-fast_4" eclass="HBEFA3/PC_G_EU4" CO2="0.00" CO="0.00" HC="0.00" NOx="0.00" PMx="0.00" fuel="0.00" electricity="0.00" noise="91.85" route="routetop" type="cfm-fast" waiting="0.00" lane="left_1" pos="30.17" speed="75.42" angle="130.17" x="25.56" y="10.64"/>
        <vehicle id="cfm-fast_5" eclass="HBEFA3/PC_G_EU4" CO2="17787.12" CO="316.17" HC="1.89" NOx="7.64" PMx="0.44" fuel="7.65" electricity="0.00" noise="77.36" route="routetop" type="cfm-fast" waiting="0.00" lane="left_0" pos="5.03" speed="29.07" angle="175.41" x="-4.09" y="52.80"/>
        <vehicle id="cfm-slow_0" eclass="HBEFA3/PC_G_EU4" CO2="11791.76" CO="204.18" HC="1.23" NOx="4.78" PMx="0.29" fuel="5.07" electricity="0.00" noise="75.59" route="routetop" type="cfm-slow" waiting="0.00" lane="left_0" pos="25.30" speed="30.64" angle="138.96" x="15.61" y="14.70"/>
        <vehicle id="cfm-slow_1" eclass="HBEFA3/PC_G_EU4" CO2="0.00" CO="0.00" HC="0.00" NOx="0.00" PMx="0.00" fuel="0.00" electricity="0.00" noise="73.80" route="routebottom" type="cfm-slow" waiting="0.00" lane="bottom_0" pos="1.10" speed="31.26" angle="92.48" x="66.12" y="-4.90"/>
        <vehicle id="cfm-slow_2" eclass="HBEFA3/PC_G_EU4" CO2="0.00" CO="0.00" HC="0.00" NOx="0.00" PMx="0.00" fuel="0.00" electricity="0.00" noise="72.76" route="routebottom" type="cfm-slow" waiting="0.00" lane="bottom_0" pos="27.42" speed="30.61" angle="45.15" x="115.71" y="18.98"/>
        <vehicle id="cfm-slow_3" eclass="HBEFA3/PC_G_EU4" CO2="0.00" CO="0.00" HC="0.00" NOx="0.00" PMx="0.00" fuel="0.00" electricity="0.00" noise="71.86" route="routebottom" type="cfm-slow" waiting="0.00" lane="right_0" pos="2.98" speed="28.96" angle="359.16" x="131.96" y="70.15"/>
        <vehicle id="cfm-slow_4" eclass="HBEFA3/PC_G_EU4" CO2="0.00" CO="0.00" HC="0.00" NOx="0.00" PMx="0.00" fuel="0.00" electricity="0.00" noise="71.21" route="routebottom" type="cfm-slow" waiting="0.00" lane="right_0" pos="26.79" speed="27.09" angle="316.27" x="109.38" y="114.82"/>
        <vehicle id="cfm-slow_5" eclass="HBEFA3/PC_G_EU4" CO2="0.00" CO="0.00" HC="0.00" NOx="0.00" PMx="0.00" fuel="0.00" electricity="0.00" noise="71.84" route="routebottom" type="cfm-slow" waiting="0.00" lane="right_0" pos="48.72" speed="25.93" angle="276.89" x="66.51" y="132.21"/>
    </timestep>
    <timestep time="8.34">
        <vehicle id="cfm-fast_0" eclass="HBEFA3/PC_G_EU4" CO2="82485.99" CO="2760.18" HC="14.74" NOx="37.41" PMx="2.61" fuel="35.46" electricity="0.00" noise="101.20" route="routebottom" type="cfm-fast" waiting="0.00" lane="bottom_1" pos="49.30" speed="73.34" angle="5.76" x="128.94" y="62.19"/>
        <vehicle id="cfm-fast_1" eclass="HBEFA3/PC_G_EU4" CO2="12581.16" CO="192.68" HC="1.19" NOx="5.25" PMx="0.29" fuel="5.41" electricity="0.00" noise="74.53" route="routetop" type="cfm-fast" waiting="0.00" lane="top_0" pos="19.83" speed="26.01" angle="238.75" x="23.63" y="119.36"/>
        <vehicle id="cfm-fast_2" eclass="HBEFA3/PC_G_EU4" CO2="40560.31" CO="1993.34" HC="10.22" NOx="17.60" PMx="1.56" fuel="17.44" electricity="0.00" noise="92.83" route="routetop" type="cfm-fast" waiting="0.00" lane="top_1" pos="14.17" speed="75.51" angle="249.00" x="35.53" y="122.61"/>
        <vehicle id="cfm-fast_3" eclass="HBEFA3/PC_G_EU4" CO2="17721.10" CO="304.26" HC="1.83" NOx="7.65" PMx="0.43" fuel="7.62" electricity="0.00" noise="77.08" route="routetop" type="cfm-fast" waiting="0.00" lane="top_0" pos="36.89" speed="27.27" angle="208.10" x="0.81" y="91.17"/>
        <vehicle id="cfm-fast_4" eclass="HBEFA3/PC_G_EU4" CO2="0.00" CO="0.00" HC="0.00" NOx="0.00" PMx="0.00" fuel="0.00" electricity="0.00" noise="91.87" route="routetop" type="cfm-fast" waiting="0.00" lane="left_1" pos="30.92" speed="75.42" angle="128.84" x="26.82" y="9.74"/>
        <vehicle id="cfm-fast_5" eclass="HBEFA3/PC_G_EU4" CO2="17733.72" CO="315.18" HC="1.88" NOx="7.61" PMx="0.43" fuel="7.62" electricity="0.00" noise="77.34" route="routetop" type="cfm-fast" waiting="0.00" lane="left_0" pos="5.32" speed="29.08" angle="174.91" x="-3.98" y="52.18"/>
        <vehicle id="cfm-slow_0" eclass="HBEFA3/PC_G_EU4" CO2="11697.61" CO="202.30" HC="1.22" NOx="4.73" PMx="0.28" fuel="5.03" electricity="0.00" noise="75.56" route="routetop" type="cfm-slow" waiting="0.00" lane="left_0" pos="25.60" speed="30.65" angle="138.44" x="16.07" y="14.24"/>
        <vehicle id="cfm-slow_1" eclass="HBEFA3/PC_G_EU4" CO2="0.00" CO="0.00" HC="0.00" NOx="0.00" PMx="0.00" fuel="0.00" electricity="0.00" noise="73.79" route="routebottom" type="cfm-slow" waiting="0.00" lane="bottom_0" pos="1.41" speed="31.25" angle="91.94" x="66.80" y="-4.87"/>
        <vehicle id="cfm-slow_2" eclass="HBEFA3/PC_G_EU4" CO2="0.00" CO="0.00" HC="0.00" NOx="0.00" PMx="0.00" fuel="0.00" electricity="0.00" noise="72.75" route="routebottom" type="cfm-slow" waiting="0.00" lane="bottom_0" pos="27.73" speed="30.59" angle="44.57" x="116.14" y="19.48"/>
        <vehicle id="cfm-slow_3" eclass="HBEFA3/PC_G_EU4" CO2="0.00" CO="0.00" HC="0.00" NOx="0.00" PMx="0.00" fuel="0.00" electricity="0.00" noise="71.85" route="routebottom" type="cfm-slow" waiting="0.00" lane="right_0" pos="3.27" speed="28.94" angle="358.64" x="131.90" y="70.77"/>
        <vehicle id="cfm-slow_4" eclass="HBEFA3/PC_G_EU4" CO2="0.00" CO="0.00" HC="0.00" NOx="0.00" PMx="0.00" fuel="0.00" electricity="0.00" noise="71.21" route="routebottom" type="cfm-slow" waiting="0.00" lane="right_0" pos="27.06" speed="27.08" angle="315.83" x="108.94" y="115.20"/>
        <vehicle id="cfm-slow_5" eclass="HBEFA3/PC_G_EU4" CO2="0.00" CO="0.00" HC="0.00" NOx="0.00" PMx="0.00" fuel="0.00" electricity="0.00" noise="71.86" route="routebottom" type="cfm-slow" waiting="0.00" lane="right_0" pos="48.98" speed="25.93" angle="276.42" x="65.96" y="132.23"/>
    </timestep>
    <timestep time="8.35">
        <vehicle id="cfm-fast_0" eclass="HBEFA3/PC_G_EU4" CO2="82071.62" CO="2752.71" HC="14.70" NOx="37.22" PMx="2.60" fuel="35.28" electricity="0.00" noise="101.11" route="routebottom" type="cfm-fast" waiting="0.00" lane="right_1" pos="0.03" speed="73.37" angle="4.43" x="128.97" y="63.76"/>
        <vehicle id="cfm-fast_1" eclass="HBEFA3/PC_G_EU4" CO2="12630.73" CO="193.75" HC="1.20" NOx="5.27" PMx="0.29" fuel="5.43" electricity="0.00" noise="74.55" route="routetop" type="cfm-fast" waiting="0.00" lane="top_0" pos="20.09" speed="26.02" angle="238.27" x="23.18" y="119.03"/>
        <vehicle id="cfm-fast_2" eclass="HBEFA3/PC_G_EU4" CO2="40471.64" CO="1991.58" HC="10.21" NOx="17.56" PMx="1.56" fuel="17.40" electricity="0.00" noise="92.82" route="routetop" type="cfm-fast" waiting="0.00" lane="top_1" pos="14.92" speed="75.51" angle="247.59" x="34.15" y="121.91"/>
        <vehicle id="cfm-fast_3" eclass="HBEFA3/PC_G_EU4" CO2="17723.97" CO="304.41" HC="1.83" NOx="7.65" PMx="0.43" fuel="7.62" electricity="0.00" noise="77.08" route="routetop" type="cfm-fast" waiting="0.00" lane="top_0" pos="37.16" speed="27.28" angle="207.64" x="0.57" y="90.63"/>
        <vehicle id="cfm-fast_4" eclass="HBEFA3/PC_G_EU4" CO2="0.00" CO="0.00" HC="0.00" NOx="0.00" PMx="0.00" fuel="0.00" electricity="0.00" noise="91.89" route="routetop" type="cfm-fast" waiting="0.00" lane="left_1" pos="31.68" speed="75.42" angle="127.48" x="28.11" y="8.89"/>
        <vehicle id="cfm-fast_5" eclass="HBEFA3/PC_G_EU4" CO2="17679.90" CO="314.18" HC="1.87" NOx="7.59" PMx="0.43" fuel="7.60" electricity="0.00" noise="77.32" route="routetop" type="cfm-fast" waiting="0.00" lane="left_0" pos="5.61" speed="29.10" angle="174.38" x="-3.87" y="51.57"/>
        <vehicle id="cfm-slow_0" eclass="HBEFA3/PC_G_EU4" CO2="11603.47" CO="200.42" HC="1.21" NOx="4.69" PMx="0.28" fuel="4.99" electricity="0.00" noise="75.54" route="routetop" type="cfm-slow" waiting="0.00" lane="left_0" pos="25.91" speed="30.65" angle="137.89" x="16.55" y="13.79"/>
        <vehicle id="cfm-slow_1" eclass="HBEFA3/PC_G_EU4" CO2="0.00" CO="0.00" HC="0.00" NOx="0.00" PMx="0.00" fuel="0.00" electricity="0.00" noise="73.77" route="routebottom" type="cfm-slow" waiting="0.00" lane="bottom_0" pos="1.72" speed="31.25" angle="91.38" x="67.47" y="-4.83"/>
        <vehicle id="cfm-slow_2" eclass="HBEFA3/PC_G_EU4" CO2="0.00" CO="0.00" HC="0.00" NOx="0.00" PMx="0.00" fuel="0.00" electricity="0.00" noise="72.74" route="routebottom" type="cfm-slow" waiting="0.00" lane="bottom_0" pos="28.03" speed="30.58" angle="44.00" x="116.56" y="19.99"/>
        <vehicle id="cfm-slow_3" eclass="HBEFA3/PC_G_EU4" CO2="0.00" CO="0.00" HC="0.00" NOx="0.00" PMx="0.00" fuel="0.00" electricity="0.00" noise="71.85" route="routebottom" type="cfm-slow" waiting="0.00" lane="right_0" pos="3.55" speed="28.92" angle="358.12" x="131.83" y="71.39"/>
        <vehicle id="cfm-slow_4" eclass="HBEFA3/PC_G_EU4" CO2="0.00" CO="0.00" HC="0.00" NOx="0.00" PMx="0.00" fuel="0.00" electricity="0.00" noise="71.21" route="routebottom" type="cfm-slow" waiting="0.00" lane="right_0" pos="27.33" speed="27.07" angle="315.32" x="108.50" y="115.58"/>
        <vehicle id="cfm-slow_5" eclass="HBEFA3/PC_G_EU4" CO2="4587.52" CO="27.77" HC="0.24" NOx="1.48" PMx="0.08" fuel="1.97" electricity="0.00" noise="71.88" route="routebottom" type="cfm-slow" waiting="0.00" lane="right_0" pos="49.24" speed="25.93" angle="275.94" x="65.40" y="132.24"/>
    </timestep>
    <timestep time="8.36">
        <vehicle id="cfm-fast_0" eclass="HBEFA3/PC_G_EU4" CO2="81660.05" CO="2745.30" HC="14.66" NOx="37.02" PMx="2.59" fuel="35.10" electricity="0.00" noise="101.02" route="routebottom" type="cfm-fast" waiting="0.00" lane="right_1" pos="0.77" speed="73.39" angle="3.09" x="128.94" y="65.26"/>
        <vehicle id="cfm-fast_1" eclass="HBEFA3/PC_G_EU4" CO2="12679.89" CO="194.81" HC="1.20" NOx="5.30" PMx="0.29" fuel="5.45" electricity="0.00" noise="74.57" route="routetop" type="cfm-fast" waiting="0.00" lane="top_0" pos="20.35" speed="26.03" angle="237.80" x="22.72" y="118.71"/>
        <vehicle id="cfm-fast_2" eclass="HBEFA3/PC_G_EU4" CO2="40385.11" CO="1989.87" HC="10.20" NOx="17.52" PMx="1.56" fuel="17.36" electricity="0.00" noise="92.80" route="routetop" type="cfm-fast" waiting="0.00" lane="top_1" pos="15.68" speed="75.51" angle="246.28" x="32.77" y="121.20"/>
        <vehicle id="cfm-fast_3" eclass="HBEFA3/PC_G_EU4" CO2="17726.33" CO="304.55" HC="1.83" NOx="7.65" PMx="0.43" fuel="7.62" electricity="0.00" noise="77.09" route="routetop" type="cfm-fast" waiting="0.00" lane="top_0" pos="37.44" speed="27.30" angle="207.16" x="0.35" y="90.09"/>
        <vehicle id="cfm-fast_4" eclass="HBEFA3/PC_G_EU4" CO2="0.00" CO="0.00" HC="0.00" NOx="0.00" PMx="0.00" fuel="0.00" electricity="0.00" noise="91.91" route="routetop" type="cfm-fast" waiting="0.00" lane="left_1" pos="32.43" speed="75.42" angle="126.16" x="29.42" y="8.06"/>
        <vehicle id="cfm-fast_5" eclass="HBEFA3/PC_G_EU4" CO2="17625.68" CO="313.17" HC="1.87" NOx="7.56" PMx="0.43" fuel="7.58" electricity="0.00" noise="77.30" route="routetop" type="cfm-fast" waiting="0.00" lane="left_0" pos="5.90" speed="29.11" angle="173.85" x="-3.76" y="50.95"/>
        <vehicle id="cfm-slow_0" eclass="HBEFA3/PC_G_EU4" CO2="11509.34" CO="198.54" HC="1.20" NOx="4.64" PMx="0.28" fuel="4.95" electricity="0.00" noise="75.51" route="routetop" type="cfm-slow" waiting="0.00" lane="left_0" pos="26.22" speed="30.66" angle="137.33" x="17.04" y="13.34"/>
        <vehicle id="cfm-slow_1" eclass="HBEFA3/PC_G_EU4" CO2="0.00" CO="0.00" HC="0.00" NOx="0.00" PMx="0.00" fuel="0.00" electricity="0.00" noise="73.76" route="routebottom" type="cfm-slow" waiting="0.00" lane="bottom_0" pos="2.04" speed="31.24" angle="90.82" x="68.14" y="-4.79"/>
        <vehicle id="cfm-slow_2" eclass="HBEFA3/PC_G_EU4" CO2="0.00" CO="0.00" HC="0.00" NOx="0.00" PMx="0.00" fuel="0.00" electricity="0.00" noise="72.74" route="routebottom" type="cfm-slow" waiting="0.00" lane="bottom_0" pos="28.34" speed="30.56" angle="43.49" x="116.98" y="20.49"/>
        <vehicle id="cfm-slow_3" eclass="HBEFA3/PC_G_EU4" CO2="0.00" CO="0.00" HC="0.00" NOx="0.00" PMx="0.00" fuel="0.00" electricity="0.00" noise="71.84" route="routebottom" type="cfm-slow" waiting="0.00" lane="right_0" pos="3.84" speed="28.90" angle="357.62" x="131.77" y="72.01"/>
        <vehicle id="cfm-slow_4" eclass="HBEFA3/PC_G_EU4" CO2="0.00" CO="0.00" HC="0.00" NOx="0.00" PMx="0.00" fuel="0.00" electricity="0.00" noise="71.21" route="routebottom" type="cfm-slow" waiting="0.00" lane="right_0" pos="27.60" speed="27.06" angle="314.81" x="108.05" y="115.96"/>
        <vehicle id="cfm-slow_5" eclass="HBEFA3/PC_G_EU4" CO2="4665.60" CO="29.38" HC="0.25" NOx="1.52" PMx="0.08" fuel="2.01" electricity="0.00" noise="71.89" route="routebottom" type="cfm-slow" waiting="0.00" lane="right_0" pos="49.50" speed="25.93" angle="275.45" x="64.84" y="132.25"/>
    </timestep>
    <timestep time="8.37">
        <vehicle id="cfm-fast_0" eclass="HBEFA3/PC_G_EU4" CO2="81251.28" CO="2737.93" HC="14.61" NOx="36.83" PMx="2.58" fuel="34.93" electricity="0.00" noise="100.93" route="routebottom" type="cfm-fast" waiting="0.00" lane="right_1" pos="1.50" speed="73.42" angle="1.79" x="128.89" y="66.77"/>
        <vehicle id="cfm-fast_1" eclass="HBEFA3/PC_G_EU4" CO2="12728.63" CO="195.86" HC="1.21" NOx="5.32" PMx="0.29" fuel="5.47" electricity="0.00" noise="74.60" route="routetop" type="cfm-fast" waiting="0.00" lane="top_0" pos="20.61" speed="26.05" angle="237.38" x="22.27" y="118.37"/>
        <vehicle id="cfm-fast_2" eclass="HBEFA3/PC_G_EU4" CO2="40300.69" CO="1988.19" HC="10.19" NOx="17.48" PMx="1.55" fuel="17.32" electricity="0.00" noise="92.79" route="routetop" type="cfm-fast" waiting="0.00" lane="top_1" pos="16.43" speed="75.51" angle="244.93" x="31.42" y="120.45"/>
        <vehicle id="cfm-fast_3" eclass="HBEFA3/PC_G_EU4" CO2="17728.19" CO="304.68" HC="1.83" NOx="7.65" PMx="0.43" fuel="7.62" electricity="0.00" noise="77.09" route="routetop" type="cfm-fast" waiting="0.00" lane="top_0" pos="37.71" speed="27.32" angle="206.66" x="0.13" y="89.54"/>
        <vehicle id="cfm-fast_4" eclass="HBEFA3/PC_G_EU4" CO2="0.00" CO="0.00" HC="0.00" NOx="0.00" PMx="0.00" fuel="0.00" electricity="0.00" noise="91.93" route="routetop" type="cfm-fast" waiting="0.00" lane="left_1" pos="33.19" speed="75.42" angle="124.75" x="30.74" y="7.26"/>
        <vehicle id="cfm-fast_5" eclass="HBEFA3/PC_G_EU4" CO2="17571.06" CO="312.15" HC="1.86" NOx="7.54" PMx="0.43" fuel="7.55" electricity="0.00" noise="77.28" route="routetop" type="cfm-fast" waiting="0.00" lane="left_0" pos="6.19" speed="29.13" angle="173.32" x="-3.64" y="50.33"/>
        <vehicle id="cfm-slow_0" eclass="HBEFA3/PC_G_EU4" CO2="11415.23" CO="196.65" HC="1.19" NOx="4.60" PMx="0.28" fuel="4.91" electricity="0.00" noise="75.49" route="routetop" type="cfm-slow" waiting="0.00" lane="left_0" pos="26.52" speed="30.67" angle="136.76" x="17.53" y="12.89"/>
        <vehicle id="cfm-slow_1" eclass="HBEFA3/PC_G_EU4" CO2="0.00" CO="0.00" HC="0.00" NOx="0.00" PMx="0.00" fuel="0.00" electricity="0.00" noise="73.75" route="routebottom" type="cfm-slow" waiting="0.00" lane="bottom_0" pos="2.35" speed="31.24" angle="90.26" x="68.81" y="-4.75"/>
        <vehicle id="cfm-slow_2" eclass="HBEFA3/PC_G_EU4" CO2="0.00" CO="0.00" HC="0.00" NOx="0.00" PMx="0.00" fuel="0.00" electricity="0.00" noise="72.73" route="routebottom" type="cfm-slow" waiting="0.00" lane="bottom_0" pos="28.65" speed="30.55" angle="42.93" x="117.38" y="21.01"/>
        <vehicle id="cfm-slow_3" eclass="HBEFA3/PC_G_EU4" CO2="0.00" CO="0.00" HC="0.00" NOx="0.00" PMx="0.00" fuel="0.00" electricity="0.00" noise="71.83" route="routebottom" type="cfm-slow" waiting="0.00" lane="right_0" pos="4.13" speed="28.89" angle="357.09" x="131.68" y="72.62"/>
        <vehicle id="cfm-slow_4" eclass="HBEFA3/PC_G_EU4" CO2="0.00" CO="0.00" HC="0.00" NOx="0.00" PMx="0.00" fuel="0.00" electricity="0.00" noise="71.21" route="routebottom" type="cfm-slow" waiting="0.00" lane="right_0" pos="27.87" speed="27.04" angle="314.30" x="107.61" y="116.33"/>
        <vehicle id="cfm-slow_5" eclass="HBEFA3/PC_G_EU4" CO2="4743.40" CO="30.98" HC="0.26" NOx="1.55" PMx="0.08" fuel="2.04" electricity="0.00" noise="71.91" route="routebottom" type="cfm-slow" waiting="0.00" lane="right_0" pos="49.76" speed="25.93" angle="274.97" x="64.28" y="132.26"/>
    </timestep>
    <timestep time="8.38">
        <vehicle id="cfm-fast_0" eclass="HBEFA3/PC_G_EU4" CO2="80845.31" CO="2730.60" HC="14.57" NOx="36.64" PMx="2.57" fuel="34.75" electricity="0.00" noise="100.85" route="routebottom" type="cfm-fast" waiting="0.00" lane="right_1" pos="2.24" speed="73.44" angle="0.46" x="128.81" y="68.27"/>
        <vehicle id="cfm-fast_1" eclass="HBEFA3/PC_G_EU4" CO2="12776.95" CO="196.91" HC="1.22" NOx="5.34" PMx="0.29" fuel="5.49" electricity="0.00" noise="74.62" route="routetop" type="cfm-fast" waiting="0.00" lane="top_0" pos="20.87" speed="26.06" angle="236.90" x="21.83" y="118.03"/>
        <vehicle id="cfm-fast_2" eclass="HBEFA3/PC_G_EU4" CO2="40218.33" CO="1986.56" HC="10.18" NOx="17.44" PMx="1.55" fuel="17.29" electricity="0.00" noise="92.77" route="routetop" type="cfm-fast" waiting="0.00" lane="top_1" pos="17.19" speed="75.51" angle="243.59" x="30.08" y="119.67"/>
        <vehicle id="cfm-fast_3" eclass="HBEFA3/PC_G_EU4" CO2="17729.53" CO="304.80" HC="1.83" NOx="7.65" PMx="0.43" fuel="7.62" electricity="0.00" noise="77.09" route="routetop" type="cfm-fast" waiting="0.00" lane="top_0" pos="37.98" speed="27.34" angle="206.16" x="-0.09" y="89.00"/>
        <vehicle id="cfm-fast_4" eclass="HBEFA3/PC_G_EU4" CO2="0.00" CO="0.00" HC="0.00" NOx="0.00" PMx="0.00" fuel="0.00" electricity="0.00" noise="91.94" route="routetop" type="cfm-fast" waiting="0.00" lane="left_1" pos="33.94" speed="75.41" angle="123.44" x="32.09" y="6.50"/>
        <vehicle id="cfm-fast_5" eclass="HBEFA3/PC_G_EU4" CO2="17516.03" CO="311.12" HC="1.86" NOx="7.51" PMx="0.43" fuel="7.53" electricity="0.00" noise="77.26" route="routetop" type="cfm-fast" waiting="0.00" lane="left_0" pos="6.48" speed="29.15" angle="172.84" x="-3.52" y="49.72"/>
        <vehicle id="cfm-slow_0" eclass="HBEFA3/PC_G_EU4" CO2="11321.14" CO="194.77" HC="1.17" NOx="4.55" PMx="0.27" fuel="4.87" electricity="0.00" noise="75.46" route="routetop" type="cfm-slow" waiting="0.00" lane="left_0" pos="26.83" speed="30.67" angle="136.21" x="18.01" y="12.45"/>
        <vehicle id="cfm-slow_1" eclass="HBEFA3/PC_G_EU4" CO2="0.00" CO="0.00" HC="0.00" NOx="0.00" PMx="0.00" fuel="0.00" electricity="0.00" noise="73.73" route="routebottom" type="cfm-slow" waiting="0.00" lane="bottom_0" pos="2.66" speed="31.23" angle="89.72" x="69.48" y="-4.70"/>
        <vehicle id="cfm-slow_2" eclass="HBEFA3/PC_G_EU4" CO2="0.00" CO="0.00" HC="0.00" NOx="0.00" PMx="0.00" fuel="0.00" electricity="0.00" noise="72.72" route="routebottom" type="cfm-slow" waiting="0.00" lane="bottom_0" pos="28.95" speed="30.53" angle="42.36" x="117.79" y="21.53"/>
        <vehicle id="cfm-slow_3" eclass="HBEFA3/PC_G_EU4" CO2="0.00" CO="0.00" HC="0.00" NOx="0.00" PMx="0.00" fuel="0.00" electricity="0.00" noise="71.83" route="routebottom" type="cfm-slow" waiting="0.00" lane="right_0" pos="4.42" speed="28.87" angle="356.57" x="131.59" y="73.24"/>
        <vehicle id="cfm-slow_4" eclass="HBEFA3/PC_G_EU4" CO2="0.00" CO="0.00" HC="0.00" NOx="0.00" PMx="0.00" fuel="0.00" electricity="0.00" noise="71.21" route="routebottom" type="cfm-slow" waiting="0.00" lane="right_0" pos="28.14" speed="27.03" angle="313.83" x="107.17" y="116.71"/>
        <vehicle id="cfm-slow_5" eclass="HBEFA3/PC_G_EU4" CO2="4820.92" CO="32.58" HC="0.27" NOx="1.59" PMx="0.09" fuel="2.07" electricity="0.00" noise="71.93" route="routetop" type="cfm-slow" waiting="0.00" lane="top_0" pos="0.02" speed="25.93" angle="274.45" x="63.54" y="132.27"/>
    </timestep>
    <timestep time="8.39">
        <vehicle id="cfm-fast_0" eclass="HBEFA3/PC_G_EU4" CO2="80442.14" CO="2723.33" HC="14.53" NOx="36.45" PMx="2.56" fuel="34.58" electricity="0.00" noise="100.76" route="routebottom" type="cfm-fast" waiting="0.00" lane="right_1" pos="2.97" speed="73.46" angle="359.17" x="128.68" y="69.77"/>
        <vehicle id="cfm-fast_1" eclass="HBEFA3/PC_G_EU4" CO2="12824.85" CO="197.94" HC="1.22" NOx="5.36" PMx="0.30" fuel="5.51" electricity="0.00" noise="74.64" route="routetop" type="cfm-fast" waiting="0.00" lane="top_0" pos="21.13" speed="26.07" angle="236.42" x="21.39" y="117.68"/>
        <vehicle id="cfm-fast_2" eclass="HBEFA3/PC_G_EU4" CO2="40138.00" CO="1984.96" HC="10.17" NOx="17.40" PMx="1.55" fuel="17.25" electricity="0.00" noise="92.76" route="routetop" type="cfm-fast" waiting="0.00" lane="top_1" pos="17.94" speed="75.51" angle="242.27" x="28.75" y="118.87"/>
        <vehicle id="cfm-fast_3" eclass="HBEFA3/PC_G_EU4" CO2="17730.37" CO="304.91" HC="1.83" NOx="7.65" PMx="0.43" fuel="7.62" electricity="0.00" noise="77.10" route="routetop" type="cfm-fast" waiting="0.00" lane="top_0" pos="38.26" speed="27.36" angle="205.65" x="-0.31" y="88.45"/>
        <vehicle id="cfm-fast_4" eclass="HBEFA3/PC_G_EU4" CO2="0.00" CO="0.00" HC="0.00" NOx="0.00" PMx="0.00" fuel="0.00" electricity="0.00" noise="91.96" route="routetop" type="cfm-fast" waiting="0.00" lane="left_1" pos="34.69" speed="75.41" angle="122.13" x="33.44" y="5.76"/>
        <vehicle id="cfm-fast_5" eclass="HBEFA3/PC_G_EU4" CO2="17460.61" CO="310.09" HC="1.85" NOx="7.48" PMx="0.43" fuel="7.51" electricity="0.00" noise="77.24" route="routetop" type="cfm-fast" waiting="0.00" lane="left_0" pos="6.77" speed="29.16" angle="172.27" x="-3.38" y="49.11"/>
        <vehicle id="cfm-slow_0" eclass="HBEFA3/PC_G_EU4" CO2="11227.08" CO="192.88" HC="1.16" NOx="4.51" PMx="0.27" fuel="4.83" electricity="0.00" noise="75.44" route="routetop" type="cfm-slow" waiting="0.00" lane="left_0" pos="27.14" speed="30.68" angle="135.68" x="18.51" y="12.01"/>
        <vehicle id="cfm-slow_1" eclass="HBEFA3/PC_G_EU4" CO2="0.00" CO="0.00" HC="0.00" NOx="0.00" PMx="0.00" fuel="0.00" electricity="0.00" noise="73.72" route="routebottom" type="cfm-slow" waiting="0.00" lane="bottom_0" pos="2.97" speed="31.23" angle="89.16" x="70.15" y="-4.63"/>
        <vehicle id="cfm-slow_2" eclass="HBEFA3/PC_G_EU4" CO2="0.00" CO="0.00" HC="0.00" NOx="0.00" PMx="0.00" fuel="0.00" electricity="0.00" noise="72.71" route="routebottom" type="cfm-slow" waiting="0.00" lane="bottom_0" pos="29.26" speed="30.52" angle="41.79" x="118.19" y="22.05"/>
        <vehicle id="cfm-slow_3" eclass="HBEFA3/PC_G_EU4" CO2="0.00" CO="0.00" HC="0.00" NOx="0.00" PMx="0.00" fuel="0.00" electricity="0.00" noise="71.82" route="routebottom" type="cfm-slow" waiting="0.00" lane="right_0" pos="4.71" speed="28.85" angle="356.05" x="131.51" y="73.85"/>
        <vehicle id="cfm-slow_4" eclass="HBEFA3/PC_G_EU4" CO2="0.00" CO="0.00" HC="0.00" NOx="0.00" PMx="0.00" fuel="0.00" electricity="0.00" noise="71.21" route="routebottom" type="cfm-slow" waiting="0.00" lane="right_0" pos="28.41" speed="27.02" angle="313.37" x="106.71" y="117.07"/>
        <vehicle id="cfm-slow_5" eclass="HBEFA3/PC_G_EU4" CO2="4898.16" CO="34.17" HC="0.28" NOx="1.63" PMx="0.09" fuel="2.11" electricity="0.00" noise="71.95" route="routetop" type="cfm-slow" waiting="0.00" lane="top_0" pos="0.27" speed="25.93" angle="273.98" x="62.98" y="132.26"/>
    </timestep>
    <timestep time="8.40">
        <vehicle id="cfm-fast_0" eclass="HBEFA3/PC_G_EU4" CO2="80041.77" CO="2716.11" HC="14.48" NOx="36.26" PMx="2.55" fuel="34.41" electricity="0.00" noise="100.67" route="routebottom" type="cfm-fast" waiting="0.00" lane="right_1" pos="3.70" speed="73.49" angle="357.83" x="128.53" y="71.27"/>
        <vehicle id="cfm-fast_1" eclass="HBEFA3/PC_G_EU4" CO2="12872.33" CO="198.97" HC="1.23" NOx="5.39" PMx="0.30" fuel="5.53" electricity="0.00" noise="74.67" route="routetop" type="cfm-fast" waiting="0.00" lane="top_0" pos="21.39" speed="26.08" angle="235.95" x="20.95" y="117.33"/>
        <vehicle id="cfm-fast_2" eclass="HBEFA3/PC_G_EU4" CO2="40059.67" CO="1983.40" HC="10.16" NOx="17.37" PMx="1.55" fuel="17.22" electricity="0.00" noise="92.74" route="routetop" type="cfm-fast" waiting="0.00" lane="top_1" pos="18.70" speed="75.52" angle="240.83" x="27.47" y="118.01"/>
        <vehicle id="cfm-fast_3" eclass="HBEFA3/PC_G_EU4" CO2="17730.71" CO="305.01" HC="1.83" NOx="7.65" PMx="0.43" fuel="7.62" electricity="0.00" noise="77.10" route="routetop" type="cfm-fast" waiting="0.00" lane="top_0" pos="38.53" speed="27.37" angle="205.20" x="-0.52" y="87.90"/>
        <vehicle id="cfm-fast_4" eclass="HBEFA3/PC_G_EU4" CO2="0.00" CO="0.00" HC="0.00" NOx="0.00" PMx="0.00" fuel="0.00" electricity="0.00" noise="91.98" route="routetop" type="cfm-fast" waiting="0.00" lane="left_1" pos="35.45" speed="75.41" angle="120.76" x="34.83" y="5.07"/>
        <vehicle id="cfm-fast_5" eclass="HBEFA3/PC_G_EU4" CO2="17404.79" CO="309.04" HC="1.84" NOx="7.46" PMx="0.43" fuel="7.48" electricity="0.00" noise="77.22" route="routetop" type="cfm-fast" waiting="0.00" lane="left_0" pos="7.07" speed="29.18" angle="171.71" x="-3.24" y="48.49"/>
        <vehicle id="cfm-slow_0" eclass="HBEFA3/PC_G_EU4" CO2="11133.06" CO="191.00" HC="1.15" NOx="4.46" PMx="0.27" fuel="4.79" electricity="0.00" noise="75.41" route="routetop" type="cfm-slow" waiting="0.00" lane="left_0" pos="27.44" speed="30.69" angle="135.11" x="19.01" y="11.59"/>
        <vehicle id="cfm-slow_1" eclass="HBEFA3/PC_G_EU4" CO2="0.00" CO="0.00" HC="0.00" NOx="0.00" PMx="0.00" fuel="0.00" electricity="0.00" noise="73.71" route="routebottom" type="cfm-slow" waiting="0.00" lane="bottom_0" pos="3.29" speed="31.22" angle="88.60" x="70.82" y="-4.56"/>
        <vehicle id="cfm-slow_2" eclass="HBEFA3/PC_G_EU4" CO2="0.00" CO="0.00" HC="0.00" NOx="0.00" PMx="0.00" fuel="0.00" electricity="0.00" noise="72.70" route="routebottom" type="cfm-slow" waiting="0.00" lane="bottom_0" pos="29.56" speed="30.50" angle="41.29" x="118.59" y="22.57"/>
        <vehicle id="cfm-slow_3" eclass="HBEFA3/PC_G_EU4" CO2="0.00" CO="0.00" HC="0.00" NOx="0.00" PMx="0.00" fuel="0.00" electricity="0.00" noise="71.81" route="routebottom" type="cfm-slow" waiting="0.00" lane="right_0" pos="5.00" speed="28.83" angle="355.53" x="131.42" y="74.47"/>
        <vehicle id="cfm-slow_4" eclass="HBEFA3/PC_G_EU4" CO2="0.00" CO="0.00" HC="0.00" NOx="0.00" PMx="0.00" fuel="0.00" electricity="0.00" noise="71.22" route="routebottom" type="cfm-slow" waiting="0.00" lane="right_0" pos="28.68" speed="27.01" angle="312.88" x="106.26" y="117.43"/>
        <vehicle id="cfm-slow_5" eclass="HBEFA3/PC_G_EU4" CO2="4975.11" CO="35.76" HC="0.29" NOx="1.66" PMx="0.09" fuel="2.14" electricity="0.00" noise="71.97" route="routetop" type="cfm-slow" waiting="0.00" lane="top_0" pos="0.53" speed="25.93" angle="273.51" x="62.42" y="132.25"/>
    </timestep>
    <timestep time="8.41">
        <vehicle id="cfm-fast_0" eclass="HBEFA3/PC_G_EU4" CO2="79644.20" CO="2708.93" HC="14.44" NOx="36.07" PMx="2.54" fuel="34.24" electricity="0.00" noise="100.59" route="routebottom" type="cfm-fast" waiting="0.00" lane="right_1" pos="4.44" speed="73.51" angle="356.53" x="128.33" y="72.76"/>
        <vehicle id="cfm-fast_1" eclass="HBEFA3/PC_G_EU4" CO2="12919.39" CO="199.99" HC="1.23" NOx="5.41" PMx="0.30" fuel="5.55" electricity="0.00" noise="74.69" route="routetop" type="cfm-fast" waiting="0.00" lane="top_0" pos="21.65" speed="26.09" angle="235.47" x="20.51" y="116.99"/>
        <vehicle id="cfm-fast_2" eclass="HBEFA3/PC_G_EU4" CO2="39983.30" CO="1981.89" HC="10.15" NOx="17.33" PMx="1.55" fuel="17.19" electricity="0.00" noise="92.73" route="routetop" type="cfm-fast" waiting="0.00" lane="top_1" pos="19.45" speed="75.52" angle="239.46" x="26.19" y="117.14"/>
        <vehicle id="cfm-fast_3" eclass="HBEFA3/PC_G_EU4" CO2="17730.53" CO="305.10" HC="1.83" NOx="7.65" PMx="0.43" fuel="7.62" electricity="0.00" noise="77.10" route="routetop" type="cfm-fast" waiting="0.00" lane="top_0" pos="38.80" speed="27.39" angle="204.70" x="-0.72" y="87.35"/>
        <vehicle id="cfm-fast_4" eclass="HBEFA3/PC_G_EU4" CO2="0.00" CO="0.00" HC="0.00" NOx="0.00" PMx="0.00" fuel="0.00" electricity="0.00" noise="92.00" route="routetop" type="cfm-fast" waiting="0.00" lane="left_1" pos="36.20" speed="75.41" angle="119.41" x="36.22" y="4.40"/>
        <vehicle id="cfm-fast_5" eclass="HBEFA3/PC_G_EU4" CO2="17348.58" CO="307.99" HC="1.84" NOx="7.43" PMx="0.42" fuel="7.46" electricity="0.00" noise="77.20" route="routetop" type="cfm-fast" waiting="0.00" lane="left_0" pos="7.36" speed="29.19" angle="171.15" x="-3.10" y="47.88"/>
        <vehicle id="cfm-slow_0" eclass="HBEFA3/PC_G_EU4" CO2="11039.07" CO="189.11" HC="1.14" NOx="4.42" PMx="0.27" fuel="4.75" electricity="0.00" noise="75.39" route="routetop" type="cfm-slow" waiting="0.00" lane="left_0" pos="27.75" speed="30.69" angle="134.53" x="19.52" y="11.16"/>
        <vehicle id="cfm-slow_1" eclass="HBEFA3/PC_G_EU4" CO2="0.00" CO="0.00" HC="0.00" NOx="0.00" PMx="0.00" fuel="0.00" electricity="0.00" noise="73.70" route="routebottom" type="cfm-slow" waiting="0.00" lane="bottom_0" pos="3.60" speed="31.21" angle="88.04" x="71.48" y="-4.50"/>
        <vehicle id="cfm-slow_2" eclass="HBEFA3/PC_G_EU4" CO2="0.00" CO="0.00" HC="0.00" NOx="0.00" PMx="0.00" fuel="0.00" electricity="0.00" noise="72.69" route="routebottom" type="cfm-slow" waiting="0.00" lane="bottom_0" pos="29.87" speed="30.48" angle="40.74" x="118.98" y="23.10"/>
        <vehicle id="cfm-slow_3" eclass="HBEFA3/PC_G_EU4" CO2="0.00" CO="0.00" HC="0.00" NOx="0.00" PMx="0.00" fuel="0.00" electricity="0.00" noise="71.81" route="routebottom" type="cfm-slow" waiting="0.00" lane="right_0" pos="5.29" speed="28.81" angle="354.95" x="131.31" y="75.08"/>
        <vehicle id="cfm-slow_4" eclass="HBEFA3/PC_G_EU4" CO2="0.00" CO="0.00" HC="0.00" NOx="0.00" PMx="0.00" fuel="0.00" electricity="0.00" noise="71.22" route="routebottom" type="cfm-slow" waiting="0.00" lane="right_0" pos="28.95" speed="27.00" angle="312.38" x="105.80" y="117.79"/>
        <vehicle id="cfm-slow_5" eclass="HBEFA3/PC_G_EU4" CO2="5051.77" CO="37.34" HC="0.30" NOx="1.70" PMx="0.09" fuel="2.17" electricity="0.00" noise="71.99" route="routetop" type="cfm-slow" waiting="0.00" lane="top_0" pos="0.79" speed="25.93" angle="273.04" x="61.86" y="132.24"/>
    </timestep>
    <timestep time="8.42">
        <vehicle id="cfm-fast_0" eclass="HBEFA3/PC_G_EU4" CO2="79249.42" CO="2701.80" HC="14.40" NOx="35.88" PMx="2.53" fuel="34.07" electricity="0.00" noise="100.50" route="routebottom" type="cfm-fast" waiting="0.00" lane="right_1" pos="5.18" speed="73.53" angle="355.22" x="128.11" y="74.26"/>
        <vehicle id="cfm-fast_1" eclass="HBEFA3/PC_G_EU4" CO2="12966.04" CO="201.00" HC="1.24" NOx="5.43" PMx="0.30" fuel="5.57" electricity="0.00" noise="74.71" route="routetop" type="cfm-fast" waiting="0.00" lane="top_0" pos="21.91" speed="26.11" angle="235.03" x="20.07" y="116.63"/>
        <vehicle id="cfm-fast_2" eclass="HBEFA3/PC_G_EU4" CO2="39908.86" CO="1980.41" HC="10.14" NOx="17.29" PMx="1.54" fuel="17.16" electricity="0.00" noise="92.72" route="routetop" type="cfm-fast" waiting="0.00" lane="top_1" pos="20.21" speed="75.52" angle="238.06" x="24.93" y="116.23"/>
        <vehicle id="cfm-fast_3" eclass="HBEFA3/PC_G_EU4" CO2="17729.85" CO="305.18" HC="1.83" NOx="7.65" PMx="0.43" fuel="7.62" electricity="0.00" noise="77.10" route="routetop" type="cfm-fast" waiting="0.00" lane="top_0" pos="39.08" speed="27.41" angle="204.19" x="-0.92" y="86.79"/>
        <vehicle id="cfm-fast_4" eclass="HBEFA3/PC_G_EU4" CO2="0.00" CO="0.00" HC="0.00" NOx="0.00" PMx="0.00" fuel="0.00" electricity="0.00" noise="92.01" route="routetop" type="cfm-fast" waiting="0.00" lane="left_1" pos="36.96" speed="75.41" angle="117.97" x="37.63" y="3.77"/>
        <vehicle id="cfm-fast_5" eclass="HBEFA3/PC_G_EU4" CO2="17291.99" CO="306.93" HC="1.83" NOx="7.40" PMx="0.42" fuel="7.43" electricity="0.00" noise="77.18" route="routetop" type="cfm-fast" waiting="0.00" lane="left_0" pos="7.65" speed="29.21" angle="170.65" x="-2.96" y="47.27"/>
        <vehicle id="cfm-slow_0" eclass="HBEFA3/PC_G_EU4" CO2="10945.12" CO="187.23" HC="1.13" NOx="4.38" PMx="0.26" fuel="4.70" electricity="0.00" noise="75.37" route="routetop" type="cfm-slow" waiting="0.00" lane="left_0" pos="28.06" speed="30.70" angle="133.96" x="20.02" y="10.73"/>
        <vehicle id="cfm-slow_1" eclass="HBEFA3/PC_G_EU4" CO2="0.00" CO="0.00" HC="0.00" NOx="0.00" PMx="0.00" fuel="0.00" electricity="0.00" noise="73.68" route="routebottom" type="cfm-slow" waiting="0.00" lane="bottom_0" pos="3.91" speed="31.21" angle="87.50" x="72.15" y="-4.42"/>
        <vehicle id="cfm-slow_2" eclass="HBEFA3/PC_G_EU4" CO2="0.00" CO="0.00" HC="0.00" NOx="0.00" PMx="0.00" fuel="0.00" electricity="0.00" noise="72.68" route="routebottom" type="cfm-slow" waiting="0.00" lane="bottom_0" pos="30.17" speed="30.47" angle="40.18" x="119.36" y="23.63"/>
        <vehicle id="cfm-slow_3" eclass="HBEFA3/PC_G_EU4" CO2="0.00" CO="0.00" HC="0.00" NOx="0.00" PMx="0.00" fuel="0.00" electricity="0.00" noise="71.80" route="routebottom" type="cfm-slow" waiting="0.00" lane="right_0" pos="5.57" speed="28.80" angle="354.41" x="131.20" y="75.69"/>
        <vehicle id="cfm-slow_4" eclass="HBEFA3/PC_G_EU4" CO2="0.00" CO="0.00" HC="0.00" NOx="0.00" PMx="0.00" fuel="0.00" electricity="0.00" noise="71.22" route="routebottom" type="cfm-slow" waiting="0.00" lane="right_0" pos="29.22" speed="26.99" angle="311.89" x="105.34" y="118.15"/>
        <vehicle id="cfm-slow_5" eclass="HBEFA3/PC_G_EU4" CO2="5128.15" CO="38.91" HC="0.31" NOx="1.74" PMx="0.09" fuel="2.20" electricity="0.00" noise="72.01" route="routetop" type="cfm-slow" waiting="0.00" lane="top_0" pos="1.05" speed="25.93" angle="272.57" x="61.31" y="132.23"/>
    </timestep>
    <timestep time="8.43">
        <vehicle id="cfm-fast_0" eclass="HBEFA3/PC_G_EU4" CO2="78857.44" CO="2694.72" HC="14.36" NOx="35.70" PMx="2.52" fuel="33.90" electricity="0.00" noise="100.42" route="routebottom" type="cfm-fast" waiting="0.00" lane="right_1" pos="5.91" speed="73.56" angle="353.86" x="127.84" y="75.74"/>
        <vehicle id="cfm-fast_1" eclass="HBEFA3/PC_G_EU4" CO2="13012.26" CO="202.00" HC="1.24" NOx="5.45" PMx="0.30" fuel="5.59" electricity="0.00" noise="74.73" route="routetop" type="cfm-fast" waiting="0.00" lane="top_0" pos="22.17" speed="26.12" angle="234.55" x="19.64" y="116.27"/>
        <vehicle id="cfm-fast_2" eclass="HBEFA3/PC_G_EU4" CO2="39836.32" CO="1978.97" HC="10.13" NOx="17.26" PMx="1.54" fuel="17.12" electricity="0.00" noise="92.70" route="routetop" type="cfm-fast" waiting="0.00" lane="top_1" pos="20.96" speed="75.52" angle="236.74" x="23.70" y="115.30"/>
        <vehicle id="cfm-fast_3" eclass="HBEFA3/PC_G_EU4" CO2="17728.67" CO="305.25" HC="1.83" NOx="7.65" PMx="0.43" fuel="7.62" electricity="0.00" noise="77.10" route="routetop" type="cfm-fast" waiting="0.00" lane="top_0" pos="39.35" speed="27.43" angle="203.68" x="-1.12" y="86.24"/>
        <vehicle id="cfm-fast_4" eclass="HBEFA3/PC_G_EU4" CO2="0.00" CO="0.00" HC="0.00" NOx="0.00" PMx="0.00" fuel="0.00" electricity="0.00" noise="92.03" route="routetop" type="cfm-fast" waiting="0.00" lane="left_1" pos="37.71" speed="75.41" angle="116.62" x="39.06" y="3.18"/>
        <vehicle id="cfm-fast_5" eclass="HBEFA3/PC_G_EU4" CO2="17235.01" CO="305.86" HC="1.83" NOx="7.38" PMx="0.42" fuel="7.41" electricity="0.00" noise="77.16" route="routetop" type="cfm-fast" waiting="0.00" lane="left_0" pos="7.94" speed="29.22" angle="170.13" x="-2.80" y="46.66"/>
        <vehicle id="cfm-slow_0" eclass="HBEFA3/PC_G_EU4" CO2="10851.23" CO="185.34" HC="1.12" NOx="4.33" PMx="0.26" fuel="4.66" electricity="0.00" noise="75.34" route="routetop" type="cfm-slow" waiting="0.00" lane="left_0" pos="28.36" speed="30.71" angle="133.45" x="20.53" y="10.31"/>
        <vehicle id="cfm-slow_1" eclass="HBEFA3/PC_G_EU4" CO2="0.00" CO="0.00" HC="0.00" NOx="0.00" PMx="0.00" fuel="0.00" electricity="0.00" noise="73.67" route="routebottom" type="cfm-slow" waiting="0.00" lane="bottom_0" pos="4.22" speed="31.20" angle="86.93" x="72.82" y="-4.33"/>
        <vehicle id="cfm-slow_2" eclass="HBEFA3/PC_G_EU4" CO2="0.00" CO="0.00" HC="0.00" NOx="0.00" PMx="0.00" fuel="0.00" electricity="0.00" noise="72.67" route="routebottom" type="cfm-slow" waiting="0.00" lane="bottom_0" pos="30.48" speed="30.45" angle="39.62" x="119.75" y="24.16"/>
        <vehicle id="cfm-slow_3" eclass="HBEFA3/PC_G_EU4" CO2="0.00" CO="0.00" HC="0.00" NOx="0.00" PMx="0.00" fuel="0.00" electricity="0.00" noise="71.79" route="routebottom" type="cfm-slow" waiting="0.00" lane="right_0" pos="5.86" speed="28.78" angle="353.88" x="131.09" y="76.30"/>
        <vehicle id="cfm-slow_4" eclass="HBEFA3/PC_G_EU4" CO2="0.00" CO="0.00" HC="0.00" NOx="0.00" PMx="0.00" fuel="0.00" electricity="0.00" noise="71.22" route="routebottom" type="cfm-slow" waiting="0.00" lane="right_0" pos="29.49" speed="26.98" angle="311.46" x="104.89" y="118.51"/>
        <vehicle id="cfm-slow_5" eclass="HBEFA3/PC_G_EU4" CO2="5204.25" CO="40.48" HC="0.31" NOx="1.77" PMx="0.10" fuel="2.24" electricity="0.00" noise="72.03" route="routetop" type="cfm-slow" waiting="0.00" lane="top_0" pos="1.31" speed="25.93" angle="272.12" x="60.75" y="132.21"/>
    </timestep>
    <timestep time="8.44">
        <vehicle id="cfm-fast_0" eclass="HBEFA3/PC_G_EU4" CO2="78468.24" CO="2687.68" HC="14.31" NOx="35.51" PMx="2.51" fuel="33.73" electricity="0.00" noise="100.33" route="routebottom" type="cfm-fast" waiting="0.00" lane="right_1" pos="6.65" speed="73.58" angle="352.54" x="127.55" y="77.22"/>
        <vehicle id="cfm-fast_1" eclass="HBEFA3/PC_G_EU4" CO2="13058.06" CO="203.00" HC="1.25" NOx="5.47" PMx="0.30" fuel="5.61" electricity="0.00" noise="74.76" route="routetop" type="cfm-fast" waiting="0.00" lane="top_0" pos="22.44" speed="26.13" angle="234.06" x="19.21" y="115.91"/>
        <vehicle id="cfm-fast_2" eclass="HBEFA3/PC_G_EU4" CO2="39765.64" CO="1977.56" HC="10.13" NOx="17.23" PMx="1.54" fuel="17.09" electricity="0.00" noise="92.69" route="routetop" type="cfm-fast" waiting="0.00" lane="top_1" pos="21.72" speed="75.52" angle="235.40" x="22.48" y="114.34"/>
        <vehicle id="cfm-fast_3" eclass="HBEFA3/PC_G_EU4" CO2="17726.98" CO="305.31" HC="1.83" NOx="7.65" PMx="0.43" fuel="7.62" electricity="0.00" noise="77.10" route="routetop" type="cfm-fast" waiting="0.00" lane="top_0" pos="39.63" speed="27.44" angle="203.18" x="-1.32" y="85.68"/>
        <vehicle id="cfm-fast_4" eclass="HBEFA3/PC_G_EU4" CO2="0.00" CO="0.00" HC="0.00" NOx="0.00" PMx="0.00" fuel="0.00" electricity="0.00" noise="92.05" route="routetop" type="cfm-fast" waiting="0.00" lane="left_1" pos="38.47" speed="75.41" angle="115.26" x="40.50" y="2.61"/>
        <vehicle id="cfm-fast_5" eclass="HBEFA3/PC_G_EU4" CO2="17177.65" CO="304.78" HC="1.82" NOx="7.35" PMx="0.42" fuel="7.38" electricity="0.00" noise="77.14" route="routetop" type="cfm-fast" waiting="0.00" lane="left_0" pos="8.23" speed="29.24" angle="169.59" x="-2.63" y="46.05"/>
        <vehicle id="cfm-slow_0" eclass="HBEFA3/PC_G_EU4" CO2="10757.39" CO="183.46" HC="1.11" NOx="4.29" PMx="0.26" fuel="4.62" electricity="0.00" noise="75.32" route="routetop" type="cfm-slow" waiting="0.00" lane="left_0" pos="28.67" speed="30.71" angle="132.88" x="21.05" y="9.91"/>
        <vehicle id="cfm-slow_1" eclass="HBEFA3/PC_G_EU4" CO2="0.00" CO="0.00" HC="0.00" NOx="0.00" PMx="0.00" fuel="0.00" electricity="0.00" noise="73.66" route="routebottom" type="cfm-slow" waiting="0.00" lane="bottom_0" pos="4.53" speed="31.20" angle="86.37" x="73.48" y="-4.23"/>
        <vehicle id="cfm-slow_2" eclass="HBEFA3/PC_G_EU4" CO2="0.00" CO="0.00" HC="0.00" NOx="0.00" PMx="0.00" fuel="0.00" electricity="0.00" noise="72.67" route="routebottom" type="cfm-slow" waiting="0.00" lane="bottom_0" pos="30.78" speed="30.44" angle="39.12" x="120.13" y="24.69"/>
        <vehicle id="cfm-slow_3" eclass="HBEFA3/PC_G_EU4" CO2="0.00" CO="0.00" HC="0.00" NOx="0.00" PMx="0.00" fuel="0.00" electricity="0.00" noise="71.79" route="routebottom" type="cfm-slow" waiting="0.00" lane="right_0" pos="6.15" speed="28.76" angle="353.34" x="130.98" y="76.91"/>
        <vehicle id="cfm-slow_4" eclass="HBEFA3/PC_G_EU4" CO2="0.00" CO="0.00" HC="0.00" NOx="0.00" PMx="0.00" fuel="0.00" electricity="0.00" noise="71.22" route="routebottom" type="cfm-slow" waiting="0.00" lane="right_0" pos="29.76" speed="26.97" angle="310.96" x="104.41" y="118.84"/>
        <vehicle id="cfm-slow_5" eclass="HBEFA3/PC_G_EU4" CO2="5280.05" CO="42.05" HC="0.32" NOx="1.81" PMx="0.10" fuel="2.27" electricity="0.00" noise="72.05" route="routetop" type="cfm-slow" waiting="0.00" lane="top_0" pos="1.57" speed="25.93" angle="271.66" x="60.19" y="132.18"/>
    </timestep>
    <timestep time="8.45">
        <vehicle id="cfm-fast_0" eclass="HBEFA3/PC_G_EU4" CO2="78081.83" CO="2680.70" HC="14.27" NOx="35.33" PMx="2.50" fuel="33.56" electricity="0.00" noise="100.25" route="routebottom" type="cfm-fast" waiting="0.00" lane="right_1" pos="7.38" speed="73.60" angle="351.13" x="127.21" y="78.69"/>
        <vehicle id="cfm-fast_1" eclass="HBEFA3/PC_G_EU4" CO2="13103.44" CO="203.98" HC="1.26" NOx="5.49" PMx="0.30" fuel="5.63" electricity="0.00" noise="74.78" route="routetop" type="cfm-fast" waiting="0.00" lane="top_0" pos="22.70" speed="26.14" angle="233.57" x="18.78" y="115.55"/>
        <vehicle id="cfm-fast_2" eclass="HBEFA3/PC_G_EU4" CO2="39696.79" CO="1976.19" HC="10.12" NOx="17.19" PMx="1.54" fuel="17.06" electricity="0.00" noise="92.68" route="routetop" type="cfm-fast" waiting="0.00" lane="top_1" pos="22.47" speed="75.52" angle="234.01" x="21.29" y="113.35"/>
        <vehicle id="cfm-fast_3" eclass="HBEFA3/PC_G_EU4" CO2="17724.78" CO="305.36" HC="1.83" NOx="7.65" PMx="0.43" fuel="7.62" electricity="0.00" noise="77.11" route="routetop" type="cfm-fast" waiting="0.00" lane="top_0" pos="39.90" speed="27.46" angle="202.74" x="-1.51" y="85.12"/>
        <vehicle id="cfm-fast_4" eclass="HBEFA3/PC_G_EU4" CO2="0.00" CO="0.00" HC="0.00" NOx="0.00" PMx="0.00" fuel="0.00" electricity="0.00" noise="92.06" route="routetop" type="cfm-fast" waiting="0.00" lane="left_1" pos="39.22" speed="75.41" angle="113.87" x="41.95" y="2.08"/>
        <vehicle id="cfm-fast_5" eclass="HBEFA3/PC_G_EU4" CO2="17119.92" CO="303.70" HC="1.81" NOx="7.32" PMx="0.42" fuel="7.36" electricity="0.00" noise="77.11" route="routetop" type="cfm-fast" waiting="0.00" lane="left_0" pos="8.53" speed="29.25" angle="169.05" x="-2.47" y="45.45"/>
        <vehicle id="cfm-slow_0" eclass="HBEFA3/PC_G_EU4" CO2="10663.61" CO="181.57" HC="1.10" NOx="4.24" PMx="0.26" fuel="4.58" electricity="0.00" noise="75.30" route="routetop" type="cfm-slow" waiting="0.00" lane="left_0" pos="28.98" speed="30.72" angle="132.31" x="21.57" y="9.50"/>
        <vehicle id="cfm-slow_1" eclass="HBEFA3/PC_G_EU4" CO2="0.00" CO="0.00" HC="0.00" NOx="0.00" PMx="0.00" fuel="0.00" electricity="0.00" noise="73.65" route="routebottom" type="cfm-slow" waiting="0.00" lane="bottom_0" pos="4.85" speed="31.19" angle="85.80" x="74.15" y="-4.14"/>
        <vehicle id="cfm-slow_2" eclass="HBEFA3/PC_G_EU4" CO2="0.00" CO="0.00" HC="0.00" NOx="0.00" PMx="0.00" fuel="0.00" electricity="0.00" noise="72.66" route="routebottom" type="cfm-slow" waiting="0.00" lane="bottom_0" pos="31.08" speed="30.42" angle="38.57" x="120.49" y="25.24"/>
        <vehicle id="cfm-slow_3" eclass="HBEFA3/PC_G_EU4" CO2="0.00" CO="0.00" HC="0.00" NOx="0.00" PMx="0.00" fuel="0.00" electricity="0.00" noise="71.78" route="routebottom" type="cfm-slow" waiting="0.00" lane="right_0" pos="6.44" speed="28.74" angle="352.86" x="130.86" y="77.51"/>
        <vehicle id="cfm-slow_4" eclass="HBEFA3/PC_G_EU4" CO2="0.00" CO="0.00" HC="0.00" NOx="0.00" PMx="0.00" fuel="0.00" electricity="0.00" noise="71.23" route="routebottom" type="cfm-slow" waiting="0.00" lane="right_0" pos="30.03" speed="26.95" angle="310.46" x="103.94" y="119.18"/>
        <vehicle id="cfm-slow_5" eclass="HBEFA3/PC_G_EU4" CO2="5355.57" CO="43.61" HC="0.33" NOx="1.84" PMx="0.10" fuel="2.30" electricity="0.00" noise="72.07" route="routetop" type="cfm-slow" waiting="0.00" lane="top_0" pos="1.83" speed="25.93" angle="271.19" x="59.63" y="132.15"/>
    </timestep>
    <timestep time="8.46">
        <vehicle id="cfm-fast_0" eclass="HBEFA3/PC_G_EU4" CO2="77698.21" CO="2673.76" HC="14.23" NOx="35.15" PMx="2.49" fuel="33.40" electricity="0.00" noise="100.17" route="routebottom" type="cfm-fast" waiting="0.00" lane="right_1" pos="8.12" speed="73.62" angle="349.84" x="126.84" y="80.16"/>
        <vehicle id="cfm-fast_1" eclass="HBEFA3/PC_G_EU4" CO2="13148.39" CO="204.96" HC="1.26" NOx="5.51" PMx="0.30" fuel="5.65" electricity="0.00" noise="74.80" route="routetop" type="cfm-fast" waiting="0.00" lane="top_0" pos="22.96" speed="26.16" angle="233.09" x="18.35" y="115.18"/>
        <vehicle id="cfm-fast_2" eclass="HBEFA3/PC_G_EU4" CO2="39629.73" CO="1974.86" HC="10.11" NOx="17.16" PMx="1.54" fuel="17.04" electricity="0.00" noise="92.67" route="routetop" type="cfm-fast" waiting="0.00" lane="top_1" pos="23.23" speed="75.52" angle="232.68" x="20.12" y="112.34"/>
        <vehicle id="cfm-fast_3" eclass="HBEFA3/PC_G_EU4" CO2="17722.09" CO="305.40" HC="1.83" NOx="7.64" PMx="0.43" fuel="7.62" electricity="0.00" noise="77.11" route="routetop" type="cfm-fast" waiting="0.00" lane="top_0" pos="40.18" speed="27.48" angle="202.22" x="-1.68" y="84.56"/>
        <vehicle id="cfm-fast_4" eclass="HBEFA3/PC_G_EU4" CO2="0.00" CO="0.00" HC="0.00" NOx="0.00" PMx="0.00" fuel="0.00" electricity="0.00" noise="92.08" route="routetop" type="cfm-fast" waiting="0.00" lane="left_1" pos="39.97" speed="75.41" angle="112.55" x="43.41" y="1.58"/>
        <vehicle id="cfm-fast_5" eclass="HBEFA3/PC_G_EU4" CO2="17061.81" CO="302.60" HC="1.81" NOx="7.29" PMx="0.42" fuel="7.33" electricity="0.00" noise="77.09" route="routetop" type="cfm-fast" waiting="0.00" lane="left_0" pos="8.82" speed="29.27" angle="168.52" x="-2.31" y="44.84"/>
        <vehicle id="cfm-slow_0" eclass="HBEFA3/PC_G_EU4" CO2="10569.89" CO="179.69" HC="1.09" NOx="4.20" PMx="0.25" fuel="4.54" electricity="0.00" noise="75.27" route="routetop" type="cfm-slow" waiting="0.00" lane="left_0" pos="29.29" speed="30.72" angle="131.74" x="22.09" y="9.09"/>
        <vehicle id="cfm-slow_1" eclass="HBEFA3/PC_G_EU4" CO2="0.00" CO="0.00" HC="0.00" NOx="0.00" PMx="0.00" fuel="0.00" electricity="0.00" noise="73.63" route="routebottom" type="cfm-slow" waiting="0.00" lane="bottom_0" pos="5.16" speed="31.18" angle="85.20" x="74.81" y="-4.04"/>
        <vehicle id="cfm-slow_2" eclass="HBEFA3/PC_G_EU4" CO2="0.00" CO="0.00" HC="0.00" NOx="0.00" PMx="0.00" fuel="0.00" electricity="0.00" noise="72.65" route="routebottom" type="cfm-slow" waiting="0.00" lane="bottom_0" pos="31.39" speed="30.40" angle="38.02" x="120.86" y="25.78"/>
        <vehicle id="cfm-slow_3" eclass="HBEFA3/PC_G_EU4" CO2="0.00" CO="0.00" HC="0.00" NOx="0.00" PMx="0.00" fuel="0.00" electricity="0.00" noise="71.77" route="routebottom" type="cfm-slow" waiting="0.00" lane="right_0" pos="6.72" speed="28.72" angle="352.33" x="130.72" y="78.12"/>
        <vehicle id="cfm-slow_4" eclass="HBEFA3/PC_G_EU4" CO2="0.00" CO="0.00" HC="0.00" NOx="0.00" PMx="0.00" fuel="0.00" electricity="0.00" noise="71.23" route="routebottom" type="cfm-slow" waiting="0.00" lane="right_0" pos="30.30" speed="26.94" angle="309.96" x="103.47" y="119.52"/>
        <vehicle id="cfm-slow_5" eclass="HBEFA3/PC_G_EU4" CO2="5430.79" CO="45.16" HC="0.34" NOx="1.88" PMx="0.10" fuel="2.33" electricity="0.00" noise="72.09" route="routetop" type="cfm-slow" waiting="0.00" lane="top_0" pos="2.09" speed="25.93" angle="270.72" x="59.08" y="132.11"/>
    </timestep>
    <timestep time="8.47">
        <vehicle id="cfm-fast_0" eclass="HBEFA3/PC_G_EU4" CO2="77317.36" CO="2666.87" HC="14.19" NOx="34.97" PMx="2.49" fuel="33.24" electricity="0.00" noise="100.08" route="routebottom" type="cfm-fast" waiting="0.00" lane="right_1" pos="8.86" speed="73.64" angle="348.53" x="126.46" y="81.62"/>
        <vehicle id="cfm-fast_1" eclass="HBEFA3/PC_G_EU4" CO2="13192.92" CO="205.93" HC="1.27" NOx="5.54" PMx="0.31" fuel="5.67" electricity="0.00" noise="74.82" route="routetop" type="cfm-fast" waiting="0.00" lane="top_0" pos="23.22" speed="26.17" angle="232.68" x="17.93" y="114.81"/>
        <vehicle id="cfm-fast_2" eclass="HBEFA3/PC_G_EU4" CO2="39564.44" CO="1973.56" HC="10.10" NOx="17.13" PMx="1.53" fuel="17.01" electricity="0.00" noise="92.65" route="routetop" type="cfm-fast" waiting="0.00" lane="top_1" pos="23.98" speed="75.52" angle="231.30" x="18.99" y="111.28"/>
        <vehicle id="cfm-fast_3" eclass="HBEFA3/PC_G_EU4" CO2="17718.89" CO="305.42" HC="1.83" NOx="7.64" PMx="0.43" fuel="7.62" electricity="0.00" noise="77.11" route="routetop" type="cfm-fast" waiting="0.00" lane="top_0" pos="40.45" speed="27.50" angle="201.71" x="-1.85" y="83.99"/>
        <vehicle id="cfm-fast_4" eclass="HBEFA3/PC_G_EU4" CO2="0.00" CO="0.00" HC="0.00" NOx="0.00" PMx="0.00" fuel="0.00" electricity="0.00" noise="92.09" route="routetop" type="cfm-fast" waiting="0.00" lane="left_1" pos="40.73" speed="75.41" angle="111.15" x="44.89" y="1.12"/>
        <vehicle id="cfm-fast_5" eclass="HBEFA3/PC_G_EU4" CO2="17003.34" CO="301.50" HC="1.80" NOx="7.27" PMx="0.42" fuel="7.31" electricity="0.00" noise="77.07" route="routetop" type="cfm-fast" waiting="0.00" lane="left_0" pos="9.11" speed="29.28" angle="168.04" x="-2.13" y="44.23"/>
        <vehicle id="cfm-slow_0" eclass="HBEFA3/PC_G_EU4" CO2="10476.24" CO="177.80" HC="1.08" NOx="4.15" PMx="0.25" fuel="4.50" electricity="0.00" noise="75.25" route="routetop" type="cfm-slow" waiting="0.00" lane="left_0" pos="29.59" speed="30.73" angle="131.24" x="22.62" y="8.69"/>
        <vehicle id="cfm-slow_1" eclass="HBEFA3/PC_G_EU4" CO2="0.00" CO="0.00" HC="0.00" NOx="0.00" PMx="0.00" fuel="0.00" electricity="0.00" noise="73.62" route="routebottom" type="cfm-slow" waiting="0.00" lane="bottom_0" pos="5.47" speed="31.18" angle="84.63" x="75.47" y="-3.92"/>
        <vehicle id="cfm-slow_2" eclass="HBEFA3/PC_G_EU4" CO2="0.00" CO="0.00" HC="0.00" NOx="0.00" PMx="0.00" fuel="0.00" electricity="0.00" noise="72.64" route="routebottom" type="cfm-slow" waiting="0.00" lane="bottom_0" pos="31.69" speed="30.39" angle="37.48" x="121.22" y="26.32"/>
        <vehicle id="cfm-slow_3" eclass="HBEFA3/PC_G_EU4" CO2="0.00" CO="0.00" HC="0.00" NOx="0.00" PMx="0.00" fuel="0.00" electricity="0.00" noise="71.77" route="routebottom" type="cfm-slow" waiting="0.00" lane="right_0" pos="7.01" speed="28.71" angle="351.79" x="130.59" y="78.72"/>
        <vehicle id="cfm-slow_4" eclass="HBEFA3/PC_G_EU4" CO2="0.00" CO="0.00" HC="0.00" NOx="0.00" PMx="0.00" fuel="0.00" electricity="0.00" noise="71.23" route="routebottom" type="cfm-slow" waiting="0.00" lane="right_0" pos="30.57" speed="26.93" angle="309.46" x="103.00" y="119.86"/>
        <vehicle id="cfm-slow_5" eclass="HBEFA3/PC_G_EU4" CO2="5505.72" CO="46.71" HC="0.35" NOx="1.91" PMx="0.10" fuel="2.37" electricity="0.00" noise="72.11" route="routetop" type="cfm-slow" waiting="0.00" lane="top_0" pos="2.35" speed="25.94" angle="270.26" x="58.52" y="132.08"/>
    </timestep>
    <timestep time="8.48">
        <vehicle id="cfm-fast_0" eclass="HBEFA3/PC_G_EU4" CO2="76939.29" CO="2660.03" HC="14.15" NOx="34.79" PMx="2.48" fuel="33.07" electricity="0.00" noise="100.00" route="routebottom" type="cfm-fast" waiting="0.00" lane="right_1" pos="9.59" speed="73.66" angle="347.24" x="126.02" y="83.06"/>
        <vehicle id="cfm-fast_1" eclass="HBEFA3/PC_G_EU4" CO2="13237.02" CO="206.89" HC="1.27" NOx="5.56" PMx="0.31" fuel="5.69" electricity="0.00" noise="74.85" route="routetop" type="cfm-fast" waiting="0.00" lane="top_0" pos="23.48" speed="26.18" angle="232.21" x="17.52" y="114.43"/>
        <vehicle id="cfm-fast_2" eclass="HBEFA3/PC_G_EU4" CO2="39500.89" CO="1972.30" HC="10.10" NOx="17.10" PMx="1.53" fuel="16.98" electricity="0.00" noise="92.64" route="routetop" type="cfm-fast" waiting="0.00" lane="top_1" pos="24.74" speed="75.52" angle="229.98" x="17.87" y="110.21"/>
        <vehicle id="cfm-fast_3" eclass="HBEFA3/PC_G_EU4" CO2="17715.18" CO="305.44" HC="1.83" NOx="7.64" PMx="0.43" fuel="7.61" electricity="0.00" noise="77.11" route="routetop" type="cfm-fast" waiting="0.00" lane="top_0" pos="40.73" speed="27.52" angle="201.20" x="-2.03" y="83.43"/>
        <vehicle id="cfm-fast_4" eclass="HBEFA3/PC_G_EU4" CO2="0.00" CO="0.00" HC="0.00" NOx="0.00" PMx="0.00" fuel="0.00" electricity="0.00" noise="92.11" route="routetop" type="cfm-fast" waiting="0.00" lane="left_1" pos="41.48" speed="75.41" angle="109.82" x="46.38" y="0.69"/>
        <vehicle id="cfm-fast_5" eclass="HBEFA3/PC_G_EU4" CO2="16944.50" CO="300.39" HC="1.79" NOx="7.24" PMx="0.41" fuel="7.28" electricity="0.00" noise="77.05" route="routetop" type="cfm-fast" waiting="0.00" lane="left_0" pos="9.41" speed="29.30" angle="167.49" x="-1.95" y="43.63"/>
        <vehicle id="cfm-slow_0" eclass="HBEFA3/PC_G_EU4" CO2="10382.66" CO="175.92" HC="1.07" NOx="4.11" PMx="0.25" fuel="4.46" electricity="0.00" noise="75.23" route="routetop" type="cfm-slow" waiting="0.00" lane="left_0" pos="29.90" speed="30.73" angle="130.68" x="23.15" y="8.30"/>
        <vehicle id="cfm-slow_1" eclass="HBEFA3/PC_G_EU4" CO2="0.00" CO="0.00" HC="0.00" NOx="0.00" PMx="0.00" fuel="0.00" electricity="0.00" noise="73.61" route="routebottom" type="cfm-slow" waiting="0.00" lane="bottom_0" pos="5.78" speed="31.17" angle="84.06" x="76.13" y="-3.80"/>
        <vehicle id="cfm-slow_2" eclass="HBEFA3/PC_G_EU4" CO2="0.00" CO="0.00" HC="0.00" NOx="0.00" PMx="0.00" fuel="0.00" electricity="0.00" noise="72.63" route="routebottom" type="cfm-slow" waiting="0.00" lane="bottom_0" pos="32.00" speed="30.37" angle="36.97" x="121.58" y="26.87"/>
        <vehicle id="cfm-slow_3" eclass="HBEFA3/PC_G_EU4" CO2="0.00" CO="0.00" HC="0.00" NOx="0.00" PMx="0.00" fuel="0.00" electricity="0.00" noise="71.76" route="routebottom" type="cfm-slow" waiting="0.00" lane="right_0" pos="7.30" speed="28.69" angle="351.25" x="130.45" y="79.32"/>
        <vehicle id="cfm-slow_4" eclass="HBEFA3/PC_G_EU4" CO2="0.00" CO="0.00" HC="0.00" NOx="0.00" PMx="0.00" fuel="0.00" electricity="0.00" noise="71.23" route="routebottom" type="cfm-slow" waiting="0.00" lane="right_0" pos="30.84" speed="26.92" angle="309.02" x="102.53" y="120.19"/>
        <vehicle id="cfm-slow_5" eclass="HBEFA3/PC_G_EU4" CO2="5580.36" CO="48.25" HC="0.36" NOx="1.95" PMx="0.11" fuel="2.40" electricity="0.00" noise="72.12" route="routetop" type="cfm-slow" waiting="0.00" lane="top_0" pos="2.61" speed="25.94" angle="269.82" x="57.96" y="132.04"/>
    </timestep>
    <timestep time="8.49">
        <vehicle id="cfm-fast_0" eclass="HBEFA3/PC_G_EU4" CO2="76563.98" CO="2653.24" HC="14.11" NOx="34.61" PMx="2.47" fuel="32.91" electricity="0.00" noise="99.92" route="routebottom" type="cfm-fast" waiting="0.00" lane="right_1" pos="10.33" speed="73.69" angle="345.94" x="125.56" y="84.50"/>
        <vehicle id="cfm-fast_1" eclass="HBEFA3/PC_G_EU4" CO2="13280.70" CO="207.85" HC="1.28" NOx="5.58" PMx="0.31" fuel="5.71" electricity="0.00" noise="74.87" route="routetop" type="cfm-fast" waiting="0.00" lane="top_0" pos="23.74" speed="26.19" angle="231.74" x="17.10" y="114.04"/>
        <vehicle id="cfm-fast_2" eclass="HBEFA3/PC_G_EU4" CO2="39439.03" CO="1971.06" HC="10.09" NOx="17.07" PMx="1.53" fuel="16.95" electricity="0.00" noise="92.63" route="routetop" type="cfm-fast" waiting="0.00" lane="top_1" pos="25.49" speed="75.53" angle="228.63" x="16.77" y="109.12"/>
        <vehicle id="cfm-fast_3" eclass="HBEFA3/PC_G_EU4" CO2="17710.98" CO="305.45" HC="1.83" NOx="7.64" PMx="0.43" fuel="7.61" electricity="0.00" noise="77.11" route="routetop" type="cfm-fast" waiting="0.00" lane="top_0" pos="41.00" speed="27.53" angle="200.72" x="-2.20" y="82.86"/>
        <vehicle id="cfm-fast_4" eclass="HBEFA3/PC_G_EU4" CO2="0.00" CO="0.00" HC="0.00" NOx="0.00" PMx="0.00" fuel="0.00" electricity="0.00" noise="92.12" route="routetop" type="cfm-fast" waiting="0.00" lane="left_1" pos="42.24" speed="75.41" angle="108.46" x="47.87" y="0.29"/>
        <vehicle id="cfm-fast_5" eclass="HBEFA3/PC_G_EU4" CO2="16885.30" CO="299.27" HC="1.79" NOx="7.21" PMx="0.41" fuel="7.26" electricity="0.00" noise="77.03" route="routetop" type="cfm-fast" waiting="0.00" lane="left_0" pos="9.70" speed="29.31" angle="166.95" x="-1.76" y="43.03"/>
        <vehicle id="cfm-slow_0" eclass="HBEFA3/PC_G_EU4" CO2="10289.17" CO="174.04" HC="1.05" NOx="4.07" PMx="0.25" fuel="4.42" electricity="0.00" noise="75.20" route="routetop" type="cfm-slow" waiting="0.00" lane="left_0" pos="30.21" speed="30.74" angle="130.11" x="23.69" y="7.92"/>
        <vehicle id="cfm-slow_1" eclass="HBEFA3/PC_G_EU4" CO2="0.00" CO="0.00" HC="0.00" NOx="0.00" PMx="0.00" fuel="0.00" electricity="0.00" noise="73.60" route="routebottom" type="cfm-slow" waiting="0.00" lane="bottom_0" pos="6.09" speed="31.16" angle="83.49" x="76.79" y="-3.68"/>
        <vehicle id="cfm-slow_2" eclass="HBEFA3/PC_G_EU4" CO2="0.00" CO="0.00" HC="0.00" NOx="0.00" PMx="0.00" fuel="0.00" electricity="0.00" noise="72.62" route="routebottom" type="cfm-slow" waiting="0.00" lane="bottom_0" pos="32.30" speed="30.36" angle="36.44" x="121.92" y="27.42"/>
        <vehicle id="cfm-slow_3" eclass="HBEFA3/PC_G_EU4" CO2="0.00" CO="0.00" HC="0.00" NOx="0.00" PMx="0.00" fuel="0.00" electricity="0.00" noise="71.75" route="routebottom" type="cfm-slow" waiting="0.00" lane="right_0" pos="7.58" speed="28.67" angle="350.74" x="130.32" y="79.92"/>
        <vehicle id="cfm-slow_4" eclass="HBEFA3/PC_G_EU4" CO2="0.00" CO="0.00" HC="0.00" NOx="0.00" PMx="0.00" fuel="0.00" electricity="0.00" noise="71.24" route="routebottom" type="cfm-slow" waiting="0.00" lane="right_0" pos="31.11" speed="26.91" angle="308.53" x="102.05" y="120.52"/>
        <vehicle id="cfm-slow_5" eclass="HBEFA3/PC_G_EU4" CO2="5654.71" CO="49.79" HC="0.37" NOx="1.98" PMx="0.11" fuel="2.43" electricity="0.00" noise="72.14" route="routetop" type="cfm-slow" waiting="0.00" lane="top_0" pos="2.87" speed="25.94" angle="269.35" x="57.41" y="131.98"/>
    </timestep>
    <timestep time="8.50">
        <vehicle id="cfm-fast_0" eclass="HBEFA3/PC_G_EU4" CO2="76191.45" CO="2646.49" HC="14.07" NOx="34.44" PMx="2.46" fuel="32.75" electricity="0.00" noise="99.84" route="routebottom" type="cfm-fast" waiting="0.00" lane="right_1" pos="11.07" speed="73.71" angle="344.51" x="125.05" y="85.92"/>
        <vehicle id="cfm-fast_1" eclass="HBEFA3/PC_G_EU4" CO2="13323.95" CO="208.79" HC="1.28" NOx="5.60" PMx="0.31" fuel="5.73" electricity="0.00" noise="74.89" route="routetop" type="cfm-fast" waiting="0.00" lane="top_0" pos="24.01" speed="26.21" angle="231.27" x="16.69" y="113.66"/>
        <vehicle id="cfm-fast_2" eclass="HBEFA3/PC_G_EU4" CO2="39378.85" CO="1969.87" HC="10.08" NOx="17.04" PMx="1.53" fuel="16.93" electricity="0.00" noise="92.62" route="routetop" type="cfm-fast" waiting="0.00" lane="top_1" pos="26.25" speed="75.53" angle="227.29" x="15.71" y="107.99"/>
        <vehicle id="cfm-fast_3" eclass="HBEFA3/PC_G_EU4" CO2="17706.28" CO="305.45" HC="1.83" NOx="7.63" PMx="0.43" fuel="7.61" electricity="0.00" noise="77.11" route="routetop" type="cfm-fast" waiting="0.00" lane="top_0" pos="41.28" speed="27.55" angle="200.23" x="-2.36" y="82.29"/>
        <vehicle id="cfm-fast_4" eclass="HBEFA3/PC_G_EU4" CO2="0.00" CO="0.00" HC="0.00" NOx="0.00" PMx="0.00" fuel="0.00" electricity="0.00" noise="92.14" route="routetop" type="cfm-fast" waiting="0.00" lane="left_1" pos="42.99" speed="75.41" angle="107.15" x="49.38" y="-0.05"/>
        <vehicle id="cfm-fast_5" eclass="HBEFA3/PC_G_EU4" CO2="16825.74" CO="298.15" HC="1.78" NOx="7.18" PMx="0.41" fuel="7.23" electricity="0.00" noise="77.01" route="routetop" type="cfm-fast" waiting="0.00" lane="left_0" pos="9.99" speed="29.33" angle="166.41" x="-1.57" y="42.42"/>
        <vehicle id="cfm-slow_0" eclass="HBEFA3/PC_G_EU4" CO2="10195.76" CO="172.16" HC="1.04" NOx="4.02" PMx="0.24" fuel="4.38" electricity="0.00" noise="75.18" route="routetop" type="cfm-slow" waiting="0.00" lane="left_0" pos="30.52" speed="30.74" angle="129.55" x="24.23" y="7.53"/>
        <vehicle id="cfm-slow_1" eclass="HBEFA3/PC_G_EU4" CO2="0.00" CO="0.00" HC="0.00" NOx="0.00" PMx="0.00" fuel="0.00" electricity="0.00" noise="73.58" route="routebottom" type="cfm-slow" waiting="0.00" lane="bottom_0" pos="6.40" speed="31.16" angle="82.98" x="77.45" y="-3.55"/>
        <vehicle id="cfm-slow_2" eclass="HBEFA3/PC_G_EU4" CO2="0.00" CO="0.00" HC="0.00" NOx="0.00" PMx="0.00" fuel="0.00" electricity="0.00" noise="72.62" route="routebottom" type="cfm-slow" waiting="0.00" lane="bottom_0" pos="32.60" speed="30.34" angle="35.87" x="122.26" y="27.98"/>
        <vehicle id="cfm-slow_3" eclass="HBEFA3/PC_G_EU4" CO2="0.00" CO="0.00" HC="0.00" NOx="0.00" PMx="0.00" fuel="0.00" electricity="0.00" noise="71.75" route="routebottom" type="cfm-slow" waiting="0.00" lane="right_0" pos="7.87" speed="28.65" angle="350.25" x="130.16" y="80.52"/>
        <vehicle id="cfm-slow_4" eclass="HBEFA3/PC_G_EU4" CO2="0.00" CO="0.00" HC="0.00" NOx="0.00" PMx="0.00" fuel="0.00" electricity="0.00" noise="71.24" route="routebottom" type="cfm-slow" waiting="0.00" lane="right_0" pos="31.38" speed="26.90" angle="308.05" x="101.57" y="120.84"/>
        <vehicle id="cfm-slow_5" eclass="HBEFA3/PC_G_EU4" CO2="5728.75" CO="51.32" HC="0.38" NOx="2.02" PMx="0.11" fuel="2.46" electricity="0.00" noise="72.16" route="routetop" type="cfm-slow" waiting="0.00" lane="top_0" pos="3.13" speed="25.94" angle="268.89" x="56.85" y="131.93"/>
    </timestep>
    <timestep time="8.51">
        <vehicle id="cfm-fast_0" eclass="HBEFA3/PC_G_EU4" CO2="75821.67" CO="2639.80" HC="14.03" NOx="34.26" PMx="2.45" fuel="32.59" electricity="0.00" noise="99.76" route="routebottom" type="cfm-fast" waiting="0.00" lane="right_1" pos="11.80" speed="73.73" angle="343.20" x="124.51" y="87.34"/>
        <vehicle id="cfm-fast_1" eclass="HBEFA3/PC_G_EU4" CO2="13366.78" CO="209.73" HC="1.29" NOx="5.62" PMx="0.31" fuel="5.75" electricity="0.00" noise="74.91" route="routetop" type="cfm-fast" waiting="0.00" lane="top_0" pos="24.27" speed="26.22" angle="230.81" x="16.28" y="113.28"/>
        <vehicle id="cfm-fast_2" eclass="HBEFA3/PC_G_EU4" CO2="39320.31" CO="1968.70" HC="10.08" NOx="17.02" PMx="1.53" fuel="16.90" electricity="0.00" noise="92.61" route="routetop" type="cfm-fast" waiting="0.00" lane="top_1" pos="27.00" speed="75.53" angle="225.94" x="14.67" y="106.85"/>
        <vehicle id="cfm-fast_3" eclass="HBEFA3/PC_G_EU4" CO2="17701.08" CO="305.43" HC="1.83" NOx="7.63" PMx="0.43" fuel="7.61" electricity="0.00" noise="77.11" route="routetop" type="cfm-fast" waiting="0.00" lane="top_0" pos="41.55" speed="27.57" angle="199.72" x="-2.51" y="81.72"/>
        <vehicle id="cfm-fast_4" eclass="HBEFA3/PC_G_EU4" CO2="0.00" CO="0.00" HC="0.00" NOx="0.00" PMx="0.00" fuel="0.00" electricity="0.00" noise="92.15" route="routetop" type="cfm-fast" waiting="0.00" lane="left_1" pos="43.74" speed="75.41" angle="105.83" x="50.89" y="-0.38"/>
        <vehicle id="cfm-fast_5" eclass="HBEFA3/PC_G_EU4" CO2="16765.83" CO="297.01" HC="1.77" NOx="7.15" PMx="0.41" fuel="7.21" electricity="0.00" noise="76.99" route="routetop" type="cfm-fast" waiting="0.00" lane="left_0" pos="10.29" speed="29.34" angle="165.93" x="-1.38" y="41.82"/>
        <vehicle id="cfm-slow_0" eclass="HBEFA3/PC_G_EU4" CO2="10102.43" CO="170.28" HC="1.03" NOx="3.98" PMx="0.24" fuel="4.34" electricity="0.00" noise="75.16" route="routetop" type="cfm-slow" waiting="0.00" lane="left_0" pos="30.82" speed="30.75" angle="129.05" x="24.76" y="7.14"/>
        <vehicle id="cfm-slow_1" eclass="HBEFA3/PC_G_EU4" CO2="0.00" CO="0.00" HC="0.00" NOx="0.00" PMx="0.00" fuel="0.00" electricity="0.00" noise="73.57" route="routebottom" type="cfm-slow" waiting="0.00" lane="bottom_0" pos="6.72" speed="31.15" angle="82.38" x="78.10" y="-3.41"/>
        <vehicle id="cfm-slow_2" eclass="HBEFA3/PC_G_EU4" CO2="0.00" CO="0.00" HC="0.00" NOx="0.00" PMx="0.00" fuel="0.00" electricity="0.00" noise="72.61" route="routebottom" type="cfm-slow" waiting="0.00" lane="bottom_0" pos="32.91" speed="30.33" angle="35.30" x="122.59" y="28.54"/>
        <vehicle id="cfm-slow_3" eclass="HBEFA3/PC_G_EU4" CO2="0.00" CO="0.00" HC="0.00" NOx="0.00" PMx="0.00" fuel="0.00" electricity="0.00" noise="71.74" route="routebottom" type="cfm-slow" waiting="0.00" lane="right_0" pos="8.16" speed="28.64" angle="349.73" x="130.01" y="81.12"/>
        <vehicle id="cfm-slow_4" eclass="HBEFA3/PC_G_EU4" CO2="0.00" CO="0.00" HC="0.00" NOx="0.00" PMx="0.00" fuel="0.00" electricity="0.00" noise="71.24" route="routebottom" type="cfm-slow" waiting="0.00" lane="right_0" pos="31.65" speed="26.89" angle="307.57" x="101.09" y="121.16"/>
        <vehicle id="cfm-slow_5" eclass="HBEFA3/PC_G_EU4" CO2="5802.51" CO="52.85" HC="0.39" NOx="2.05" PMx="0.11" fuel="2.49" electricity="0.00" noise="72.18" route="routetop" type="cfm-slow" waiting="0.00" lane="top_0" pos="3.39" speed="25.94" angle="268.42" x="56.30" y="131.87"/>
    </timestep>
    <timestep time="8.52">
        <vehicle id="cfm-fast_0" eclass="HBEFA3/PC_G_EU4" CO2="75454.65" CO="2633.15" HC="13.99" NOx="34.09" PMx="2.44" fuel="32.43" electricity="0.00" noise="99.68" route="routebottom" type="cfm-fast" waiting="0.00" lane="right_1" pos="12.54" speed="73.75" angle="341.90" x="123.96" y="88.74"/>
        <vehicle id="cfm-fast_1" eclass="HBEFA3/PC_G_EU4" CO2="13409.17" CO="210.65" HC="1.29" NOx="5.64" PMx="0.31" fuel="5.76" electricity="0.00" noise="74.93" route="routetop" type="cfm-fast" waiting="0.00" lane="top_0" pos="24.53" speed="26.23" angle="230.37" x="15.87" y="112.88"/>
        <vehicle id="cfm-fast_2" eclass="HBEFA3/PC_G_EU4" CO2="39263.38" CO="1967.57" HC="10.07" NOx="16.99" PMx="1.53" fuel="16.88" electricity="0.00" noise="92.60" route="routetop" type="cfm-fast" waiting="0.00" lane="top_1" pos="27.76" speed="75.53" angle="224.50" x="13.67" y="105.66"/>
        <vehicle id="cfm-fast_3" eclass="HBEFA3/PC_G_EU4" CO2="17695.38" CO="305.41" HC="1.83" NOx="7.63" PMx="0.43" fuel="7.61" electricity="0.00" noise="77.11" route="routetop" type="cfm-fast" waiting="0.00" lane="top_0" pos="41.83" speed="27.59" angle="199.21" x="-2.67" y="81.14"/>
        <vehicle id="cfm-fast_4" eclass="HBEFA3/PC_G_EU4" CO2="0.00" CO="0.00" HC="0.00" NOx="0.00" PMx="0.00" fuel="0.00" electricity="0.00" noise="92.17" route="routetop" type="cfm-fast" waiting="0.00" lane="left_1" pos="44.50" speed="75.41" angle="104.43" x="52.41" y="-0.66"/>
        <vehicle id="cfm-fast_5" eclass="HBEFA3/PC_G_EU4" CO2="16705.56" CO="295.87" HC="1.77" NOx="7.12" PMx="0.41" fuel="7.18" electricity="0.00" noise="76.96" route="routetop" type="cfm-fast" waiting="0.00" lane="left_0" pos="10.58" speed="29.36" angle="165.39" x="-1.17" y="41.23"/>
        <vehicle id="cfm-slow_0" eclass="HBEFA3/PC_G_EU4" CO2="10009.21" CO="168.40" HC="1.02" NOx="3.93" PMx="0.24" fuel="4.30" electricity="0.00" noise="75.13" route="routetop" type="cfm-slow" waiting="0.00" lane="left_0" pos="31.13" speed="30.75" angle="128.50" x="25.32" y="6.78"/>
        <vehicle id="cfm-slow_1" eclass="HBEFA3/PC_G_EU4" CO2="0.00" CO="0.00" HC="0.00" NOx="0.00" PMx="0.00" fuel="0.00" electricity="0.00" noise="73.56" route="routebottom" type="cfm-slow" waiting="0.00" lane="bottom_0" pos="7.03" speed="31.14" angle="81.78" x="78.75" y="-3.26"/>
        <vehicle id="cfm-slow_2" eclass="HBEFA3/PC_G_EU4" CO2="0.00" CO="0.00" HC="0.00" NOx="0.00" PMx="0.00" fuel="0.00" electricity="0.00" noise="72.60" route="routebottom" type="cfm-slow" waiting="0.00" lane="bottom_0" pos="33.21" speed="30.31" angle="34.74" x="122.93" y="29.10"/>
        <vehicle id="cfm-slow_3" eclass="HBEFA3/PC_G_EU4" CO2="0.00" CO="0.00" HC="0.00" NOx="0.00" PMx="0.00" fuel="0.00" electricity="0.00" noise="71.74" route="routebottom" type="cfm-slow" waiting="0.00" lane="right_0" pos="8.44" speed="28.62" angle="349.20" x="129.85" y="81.71"/>
        <vehicle id="cfm-slow_4" eclass="HBEFA3/PC_G_EU4" CO2="0.00" CO="0.00" HC="0.00" NOx="0.00" PMx="0.00" fuel="0.00" electricity="0.00" noise="71.24" route="routebottom" type="cfm-slow" waiting="0.00" lane="right_0" pos="31.91" speed="26.88" angle="307.08" x="100.61" y="121.48"/>
        <vehicle id="cfm-slow_5" eclass="HBEFA3/PC_G_EU4" CO2="5875.96" CO="54.37" HC="0.39" NOx="2.09" PMx="0.11" fuel="2.53" electricity="0.00" noise="72.20" route="routetop" type="cfm-slow" waiting="0.00" lane="top_0" pos="3.65" speed="25.94" angle="267.96" x="55.74" y="131.82"/>
    </timestep>
    <timestep time="8.53">
        <vehicle id="cfm-fast_0" eclass="HBEFA3/PC_G_EU4" CO2="75090.38" CO="2626.55" HC="13.95" NOx="33.92" PMx="2.43" fuel="32.28" electricity="0.00" noise="99.61" route="routebottom" type="cfm-fast" waiting="0.00" lane="right_1" pos="13.28" speed="73.77" angle="340.60" x="123.36" y="90.13"/>
        <vehicle id="cfm-fast_1" eclass="HBEFA3/PC_G_EU4" CO2="13451.14" CO="211.57" HC="1.30" NOx="5.66" PMx="0.31" fuel="5.78" electricity="0.00" noise="74.95" route="routetop" type="cfm-fast" waiting="0.00" lane="top_0" pos="24.79" speed="26.25" angle="229.89" x="15.47" y="112.48"/>
        <vehicle id="cfm-fast_2" eclass="HBEFA3/PC_G_EU4" CO2="39208.02" CO="1966.46" HC="10.06" NOx="16.96" PMx="1.53" fuel="16.85" electricity="0.00" noise="92.59" route="routetop" type="cfm-fast" waiting="0.00" lane="top_1" pos="28.51" speed="75.53" angle="223.16" x="12.68" y="104.47"/>
        <vehicle id="cfm-fast_3" eclass="HBEFA3/PC_G_EU4" CO2="17689.18" CO="305.38" HC="1.83" NOx="7.63" PMx="0.43" fuel="7.60" electricity="0.00" noise="77.11" route="routetop" type="cfm-fast" waiting="0.00" lane="top_0" pos="42.10" speed="27.60" angle="198.70" x="-2.82" y="80.57"/>
        <vehicle id="cfm-fast_4" eclass="HBEFA3/PC_G_EU4" CO2="0.00" CO="0.00" HC="0.00" NOx="0.00" PMx="0.00" fuel="0.00" electricity="0.00" noise="92.18" route="routetop" type="cfm-fast" waiting="0.00" lane="left_1" pos="45.25" speed="75.41" angle="103.10" x="53.93" y="-0.92"/>
        <vehicle id="cfm-fast_5" eclass="HBEFA3/PC_G_EU4" CO2="16644.95" CO="294.72" HC="1.76" NOx="7.09" PMx="0.41" fuel="7.15" electricity="0.00" noise="76.94" route="routetop" type="cfm-fast" waiting="0.00" lane="left_0" pos="10.87" speed="29.37" angle="164.84" x="-0.96" y="40.63"/>
        <vehicle id="cfm-slow_0" eclass="HBEFA3/PC_G_EU4" CO2="9916.08" CO="166.52" HC="1.01" NOx="3.89" PMx="0.24" fuel="4.26" electricity="0.00" noise="75.11" route="routetop" type="cfm-slow" waiting="0.00" lane="left_0" pos="31.44" speed="30.76" angle="127.94" x="25.87" y="6.41"/>
        <vehicle id="cfm-slow_1" eclass="HBEFA3/PC_G_EU4" CO2="0.00" CO="0.00" HC="0.00" NOx="0.00" PMx="0.00" fuel="0.00" electricity="0.00" noise="73.55" route="routebottom" type="cfm-slow" waiting="0.00" lane="bottom_0" pos="7.34" speed="31.13" angle="81.19" x="79.41" y="-3.11"/>
        <vehicle id="cfm-slow_2" eclass="HBEFA3/PC_G_EU4" CO2="0.00" CO="0.00" HC="0.00" NOx="0.00" PMx="0.00" fuel="0.00" electricity="0.00" noise="72.59" route="routebottom" type="cfm-slow" waiting="0.00" lane="bottom_0" pos="33.51" speed="30.29" angle="34.23" x="123.25" y="29.67"/>
        <vehicle id="cfm-slow_3" eclass="HBEFA3/PC_G_EU4" CO2="0.00" CO="0.00" HC="0.00" NOx="0.00" PMx="0.00" fuel="0.00" electricity="0.00" noise="71.73" route="routebottom" type="cfm-slow" waiting="0.00" lane="right_0" pos="8.73" speed="28.60" angle="348.68" x="129.69" y="82.30"/>
        <vehicle id="cfm-slow_4" eclass="HBEFA3/PC_G_EU4" CO2="0.00" CO="0.00" HC="0.00" NOx="0.00" PMx="0.00" fuel="0.00" electricity="0.00" noise="71.25" route="routebottom" type="cfm-slow" waiting="0.00" lane="right_0" pos="32.18" speed="26.87" angle="306.66" x="100.12" y="121.79"/>
        <vehicle id="cfm-slow_5" eclass="HBEFA3/PC_G_EU4" CO2="5949.12" CO="55.88" HC="0.40" NOx="2.12" PMx="0.12" fuel="2.56" electricity="0.00" noise="72.22" route="routetop" type="cfm-slow" waiting="0.00" lane="top_0" pos="3.91" speed="25.95" angle="267.51" x="55.19" y="131.75"/>
    </timestep>
    <timestep time="8.54">
        <vehicle id="cfm-fast_0" eclass="HBEFA3/PC_G_EU4" CO2="74728.86" CO="2619.99" HC="13.91" NOx="33.75" PMx="2.42" fuel="32.12" electricity="0.00" noise="99.53" route="routebottom" type="cfm-fast" waiting="0.00" lane="right_1" pos="14.02" speed="73.79" angle="339.24" x="122.74" y="91.51"/>
        <vehicle id="cfm-fast_1" eclass="HBEFA3/PC_G_EU4" CO2="13492.68" CO="212.48" HC="1.30" NOx="5.68" PMx="0.31" fuel="5.80" electricity="0.00" noise="74.97" route="routetop" type="cfm-fast" waiting="0.00" lane="top_0" pos="25.06" speed="26.26" angle="229.41" x="15.07" y="112.08"/>
        <vehicle id="cfm-fast_2" eclass="HBEFA3/PC_G_EU4" CO2="39154.22" CO="1965.39" HC="10.06" NOx="16.94" PMx="1.52" fuel="16.83" electricity="0.00" noise="92.58" route="routetop" type="cfm-fast" waiting="0.00" lane="top_1" pos="29.27" speed="75.53" angle="221.78" x="11.73" y="103.25"/>
        <vehicle id="cfm-fast_3" eclass="HBEFA3/PC_G_EU4" CO2="17682.48" CO="305.34" HC="1.83" NOx="7.62" PMx="0.43" fuel="7.60" electricity="0.00" noise="77.11" route="routetop" type="cfm-fast" waiting="0.00" lane="top_0" pos="42.38" speed="27.62" angle="198.25" x="-2.97" y="79.99"/>
        <vehicle id="cfm-fast_4" eclass="HBEFA3/PC_G_EU4" CO2="0.00" CO="0.00" HC="0.00" NOx="0.00" PMx="0.00" fuel="0.00" electricity="0.00" noise="92.20" route="routetop" type="cfm-fast" waiting="0.00" lane="left_1" pos="46.01" speed="75.41" angle="101.72" x="55.46" y="-1.13"/>
        <vehicle id="cfm-fast_5" eclass="HBEFA3/PC_G_EU4" CO2="16584.00" CO="293.57" HC="1.75" NOx="7.07" PMx="0.41" fuel="7.13" electricity="0.00" noise="76.92" route="routetop" type="cfm-fast" waiting="0.00" lane="left_0" pos="11.17" speed="29.39" angle="164.30" x="-0.74" y="40.04"/>
        <vehicle id="cfm-slow_0" eclass="HBEFA3/PC_G_EU4" CO2="9823.05" CO="164.64" HC="1.00" NOx="3.85" PMx="0.23" fuel="4.22" electricity="0.00" noise="75.09" route="routetop" type="cfm-slow" waiting="0.00" lane="left_0" pos="31.75" speed="30.76" angle="127.39" x="26.42" y="6.04"/>
        <vehicle id="cfm-slow_1" eclass="HBEFA3/PC_G_EU4" CO2="0.00" CO="0.00" HC="0.00" NOx="0.00" PMx="0.00" fuel="0.00" electricity="0.00" noise="73.54" route="routebottom" type="cfm-slow" waiting="0.00" lane="bottom_0" pos="7.65" speed="31.13" angle="80.66" x="80.06" y="-2.96"/>
        <vehicle id="cfm-slow_2" eclass="HBEFA3/PC_G_EU4" CO2="0.00" CO="0.00" HC="0.00" NOx="0.00" PMx="0.00" fuel="0.00" electricity="0.00" noise="72.58" route="routebottom" type="cfm-slow" waiting="0.00" lane="bottom_0" pos="33.81" speed="30.28" angle="33.68" x="123.57" y="30.24"/>
        <vehicle id="cfm-slow_3" eclass="HBEFA3/PC_G_EU4" CO2="0.00" CO="0.00" HC="0.00" NOx="0.00" PMx="0.00" fuel="0.00" electricity="0.00" noise="71.72" route="routebottom" type="cfm-slow" waiting="0.00" lane="right_0" pos="9.02" speed="28.59" angle="348.22" x="129.52" y="82.90"/>
        <vehicle id="cfm-slow_4" eclass="HBEFA3/PC_G_EU4" CO2="0.00" CO="0.00" HC="0.00" NOx="0.00" PMx="0.00" fuel="0.00" electricity="0.00" noise="71.25" route="routebottom" type="cfm-slow" waiting="0.00" lane="right_0" pos="32.45" speed="26.86" angle="306.15" x="99.62" y="122.09"/>
        <vehicle id="cfm-slow_5" eclass="HBEFA3/PC_G_EU4" CO2="6021.98" CO="57.39" HC="0.41" NOx="2.16" PMx="0.12" fuel="2.59" electricity="0.00" noise="72.25" route="routetop" type="cfm-slow" waiting="0.00" lane="top_0" pos="4.17" speed="25.95" angle="267.04" x="54.63" y="131.67"/>
    </timestep>
    <timestep time="8.55">
        <vehicle id="cfm-fast_0" eclass="HBEFA3/PC_G_EU4" CO2="74370.07" CO="2613.49" HC="13.88" NOx="33.58" PMx="2.41" fuel="31.97" electricity="0.00" noise="99.45" route="routebottom" type="cfm-fast" waiting="0.00" lane="right_1" pos="14.75" speed="73.81" angle="337.89" x="122.07" y="92.87"/>
        <vehicle id="cfm-fast_1" eclass="HBEFA3/PC_G_EU4" CO2="13533.79" CO="213.38" HC="1.31" NOx="5.69" PMx="0.32" fuel="5.82" electricity="0.00" noise="74.99" route="routetop" type="cfm-fast" waiting="0.00" lane="top_0" pos="25.32" speed="26.27" angle="228.93" x="14.67" y="111.68"/>
        <vehicle id="cfm-fast_2" eclass="HBEFA3/PC_G_EU4" CO2="39101.95" CO="1964.35" HC="10.05" NOx="16.91" PMx="1.52" fuel="16.81" electricity="0.00" noise="92.57" route="routetop" type="cfm-fast" waiting="0.00" lane="top_1" pos="30.03" speed="75.53" angle="220.42" x="10.81" y="102.00"/>
        <vehicle id="cfm-fast_3" eclass="HBEFA3/PC_G_EU4" CO2="17675.29" CO="305.28" HC="1.83" NOx="7.62" PMx="0.43" fuel="7.60" electricity="0.00" noise="77.11" route="routetop" type="cfm-fast" waiting="0.00" lane="top_0" pos="42.66" speed="27.64" angle="197.76" x="-3.10" y="79.41"/>
        <vehicle id="cfm-fast_4" eclass="HBEFA3/PC_G_EU4" CO2="0.00" CO="0.00" HC="0.00" NOx="0.00" PMx="0.00" fuel="0.00" electricity="0.00" noise="92.21" route="routetop" type="cfm-fast" waiting="0.00" lane="left_1" pos="46.76" speed="75.41" angle="100.38" x="57.00" y="-1.30"/>
        <vehicle id="cfm-fast_5" eclass="HBEFA3/PC_G_EU4" CO2="16522.71" CO="292.40" HC="1.75" NOx="7.04" PMx="0.40" fuel="7.10" electricity="0.00" noise="76.90" route="routetop" type="cfm-fast" waiting="0.00" lane="left_0" pos="11.46" speed="29.40" angle="163.80" x="-0.53" y="39.44"/>
        <vehicle id="cfm-slow_0" eclass="HBEFA3/PC_G_EU4" CO2="9730.14" CO="162.76" HC="0.99" NOx="3.80" PMx="0.23" fuel="4.18" electricity="0.00" noise="75.07" route="routetop" type="cfm-slow" waiting="0.00" lane="left_0" pos="32.05" speed="30.77" angle="126.89" x="26.97" y="5.68"/>
        <vehicle id="cfm-slow_1" eclass="HBEFA3/PC_G_EU4" CO2="0.00" CO="0.00" HC="0.00" NOx="0.00" PMx="0.00" fuel="0.00" electricity="0.00" noise="73.53" route="routebottom" type="cfm-slow" waiting="0.00" lane="bottom_0" pos="7.96" speed="31.12" angle="80.09" x="80.71" y="-2.79"/>
        <vehicle id="cfm-slow_2" eclass="HBEFA3/PC_G_EU4" CO2="0.00" CO="0.00" HC="0.00" NOx="0.00" PMx="0.00" fuel="0.00" electricity="0.00" noise="72.57" route="routebottom" type="cfm-slow" waiting="0.00" lane="bottom_0" pos="34.12" speed="30.26" angle="33.12" x="123.88" y="30.81"/>
        <vehicle id="cfm-slow_3" eclass="HBEFA3/PC_G_EU4" CO2="0.00" CO="0.00" HC="0.00" NOx="0.00" PMx="0.00" fuel="0.00" electricity="0.00" noise="71.72" route="routebottom" type="cfm-slow" waiting="0.00" lane="right_0" pos="9.30" speed="28.57" angle="347.70" x="129.34" y="83.48"/>
        <vehicle id="cfm-slow_4" eclass="HBEFA3/PC_G_EU4" CO2="0.00" CO="0.00" HC="0.00" NOx="0.00" PMx="0.00" fuel="0.00" electricity="0.00" noise="71.26" route="routebottom" type="cfm-slow" waiting="0.00" lane="right_0" pos="32.72" speed="26.85" angle="305.64" x="99.13" y="122.38"/>
        <vehicle id="cfm-slow_5" eclass="HBEFA3/PC_G_EU4" CO2="6094.54" CO="58.89" HC="0.42" NOx="2.19" PMx="0.12" fuel="2.62" electricity="0.00" noise="72.27" route="routetop" type="cfm-slow" waiting="0.00" lane="top_0" pos="4.42" speed="25.95" angle="266.57" x="54.08" y="131.59"/>
    </timestep>
    <timestep time="8.56">
        <vehicle id="cfm-fast_0" eclass="HBEFA3/PC_G_EU4" CO2="74014.01" CO="2607.03" HC="13.84" NOx="33.41" PMx="2.40" fuel="31.82" electricity="0.00" noise="99.38" route="routebottom" type="cfm-fast" waiting="0.00" lane="right_1" pos="15.49" speed="73.83" angle="336.60" x="121.38" y="94.22"/>
        <vehicle id="cfm-fast_1" eclass="HBEFA3/PC_G_EU4" CO2="13574.46" CO="214.28" HC="1.31" NOx="5.71" PMx="0.32" fuel="5.84" electricity="0.00" noise="75.02" route="routetop" type="cfm-fast" waiting="0.00" lane="top_0" pos="25.58" speed="26.28" angle="228.48" x="14.27" y="111.28"/>
        <vehicle id="cfm-fast_2" eclass="HBEFA3/PC_G_EU4" CO2="39051.16" CO="1963.34" HC="10.04" NOx="16.89" PMx="1.52" fuel="16.79" electricity="0.00" noise="92.56" route="routetop" type="cfm-fast" waiting="0.00" lane="top_1" pos="30.78" speed="75.53" angle="219.06" x="9.91" y="100.74"/>
        <vehicle id="cfm-fast_3" eclass="HBEFA3/PC_G_EU4" CO2="17667.61" CO="305.22" HC="1.83" NOx="7.61" PMx="0.43" fuel="7.59" electricity="0.00" noise="77.10" route="routetop" type="cfm-fast" waiting="0.00" lane="top_0" pos="42.93" speed="27.66" angle="197.27" x="-3.24" y="78.83"/>
        <vehicle id="cfm-fast_4" eclass="HBEFA3/PC_G_EU4" CO2="0.00" CO="0.00" HC="0.00" NOx="0.00" PMx="0.00" fuel="0.00" electricity="0.00" noise="92.22" route="routetop" type="cfm-fast" waiting="0.00" lane="left_1" pos="47.51" speed="75.41" angle="99.04" x="58.54" y="-1.45"/>
        <vehicle id="cfm-fast_5" eclass="HBEFA3/PC_G_EU4" CO2="16461.08" CO="291.23" HC="1.74" NOx="7.01" PMx="0.40" fuel="7.08" electricity="0.00" noise="76.88" route="routetop" type="cfm-fast" waiting="0.00" lane="left_0" pos="11.76" speed="29.42" angle="163.30" x="-0.30" y="38.85"/>
        <vehicle id="cfm-slow_0" eclass="HBEFA3/PC_G_EU4" CO2="9637.34" CO="160.89" HC="0.98" NOx="3.76" PMx="0.23" fuel="4.14" electricity="0.00" noise="75.05" route="routetop" type="cfm-slow" waiting="0.00" lane="left_0" pos="32.36" speed="30.77" angle="126.32" x="27.54" y="5.34"/>
        <vehicle id="cfm-slow_1" eclass="HBEFA3/PC_G_EU4" CO2="0.00" CO="0.00" HC="0.00" NOx="0.00" PMx="0.00" fuel="0.00" electricity="0.00" noise="73.51" route="routebottom" type="cfm-slow" waiting="0.00" lane="bottom_0" pos="8.27" speed="31.11" angle="79.52" x="81.35" y="-2.61"/>
        <vehicle id="cfm-slow_2" eclass="HBEFA3/PC_G_EU4" CO2="0.00" CO="0.00" HC="0.00" NOx="0.00" PMx="0.00" fuel="0.00" electricity="0.00" noise="72.57" route="routebottom" type="cfm-slow" waiting="0.00" lane="bottom_0" pos="34.42" speed="30.24" angle="32.56" x="124.19" y="31.38"/>
        <vehicle id="cfm-slow_3" eclass="HBEFA3/PC_G_EU4" CO2="0.00" CO="0.00" HC="0.00" NOx="0.00" PMx="0.00" fuel="0.00" electricity="0.00" noise="71.71" route="routebottom" type="cfm-slow" waiting="0.00" lane="right_0" pos="9.59" speed="28.55" angle="347.19" x="129.16" y="84.07"/>
        <vehicle id="cfm-slow_4" eclass="HBEFA3/PC_G_EU4" CO2="0.00" CO="0.00" HC="0.00" NOx="0.00" PMx="0.00" fuel="0.00" electricity="0.00" noise="71.26" route="routebottom" type="cfm-slow" waiting="0.00" lane="right_0" pos="32.99" speed="26.84" angle="305.13" x="98.63" y="122.68"/>
        <vehicle id="cfm-slow_5" eclass="HBEFA3/PC_G_EU4" CO2="6166.79" CO="60.39" HC="0.43" NOx="2.23" PMx="0.12" fuel="2.65" electricity="0.00" noise="72.29" route="routetop" type="cfm-slow" waiting="0.00" lane="top_0" pos="4.68" speed="25.95" angle="266.10" x="53.53" y="131.51"/>
    </timestep>
    <timestep time="8.57">
        <vehicle id="cfm-fast_0" eclass="HBEFA3/PC_G_EU4" CO2="73660.67" CO="2600.62" HC="13.80" NOx="33.24" PMx="2.39" fuel="31.66" electricity="0.00" noise="99.30" route="routebottom" type="cfm-fast" waiting="0.00" lane="right_1" pos="16.23" speed="73.85" angle="335.28" x="120.65" y="95.54"/>
        <vehicle id="cfm-fast_1" eclass="HBEFA3/PC_G_EU4" CO2="13614.71" CO="215.16" HC="1.32" NOx="5.73" PMx="0.32" fuel="5.85" electricity="0.00" noise="75.04" route="routetop" type="cfm-fast" waiting="0.00" lane="top_0" pos="25.84" speed="26.30" angle="228.02" x="13.89" y="110.87"/>
        <vehicle id="cfm-fast_2" eclass="HBEFA3/PC_G_EU4" CO2="39001.84" CO="1962.35" HC="10.04" NOx="16.87" PMx="1.52" fuel="16.77" electricity="0.00" noise="92.56" route="routetop" type="cfm-fast" waiting="0.00" lane="top_1" pos="31.54" speed="75.53" angle="217.70" x="9.05" y="99.45"/>
        <vehicle id="cfm-fast_3" eclass="HBEFA3/PC_G_EU4" CO2="17659.43" CO="305.15" HC="1.83" NOx="7.61" PMx="0.43" fuel="7.59" electricity="0.00" noise="77.10" route="routetop" type="cfm-fast" waiting="0.00" lane="top_0" pos="43.21" speed="27.67" angle="196.77" x="-3.37" y="78.25"/>
        <vehicle id="cfm-fast_4" eclass="HBEFA3/PC_G_EU4" CO2="0.00" CO="0.00" HC="0.00" NOx="0.00" PMx="0.00" fuel="0.00" electricity="0.00" noise="92.24" route="routetop" type="cfm-fast" waiting="0.00" lane="left_1" pos="48.27" speed="75.41" angle="97.65" x="60.08" y="-1.54"/>
        <vehicle id="cfm-fast_5" eclass="HBEFA3/PC_G_EU4" CO2="16399.13" CO="290.05" HC="1.73" NOx="6.98" PMx="0.40" fuel="7.05" electricity="0.00" noise="76.86" route="routetop" type="cfm-fast" waiting="0.00" lane="left_0" pos="12.05" speed="29.43" angle="162.78" x="-0.06" y="38.27"/>
        <vehicle id="cfm-slow_0" eclass="HBEFA3/PC_G_EU4" CO2="9544.66" CO="159.02" HC="0.97" NOx="3.71" PMx="0.23" fuel="4.10" electricity="0.00" noise="75.02" route="routetop" type="cfm-slow" waiting="0.00" lane="left_0" pos="32.67" speed="30.78" angle="125.75" x="28.10" y="4.99"/>
        <vehicle id="cfm-slow_1" eclass="HBEFA3/PC_G_EU4" CO2="0.00" CO="0.00" HC="0.00" NOx="0.00" PMx="0.00" fuel="0.00" electricity="0.00" noise="73.50" route="routebottom" type="cfm-slow" waiting="0.00" lane="bottom_0" pos="8.58" speed="31.10" angle="78.95" x="82.00" y="-2.44"/>
        <vehicle id="cfm-slow_2" eclass="HBEFA3/PC_G_EU4" CO2="0.00" CO="0.00" HC="0.00" NOx="0.00" PMx="0.00" fuel="0.00" electricity="0.00" noise="72.56" route="routebottom" type="cfm-slow" waiting="0.00" lane="bottom_0" pos="34.72" speed="30.23" angle="32.07" x="124.50" y="31.95"/>
        <vehicle id="cfm-slow_3" eclass="HBEFA3/PC_G_EU4" CO2="0.00" CO="0.00" HC="0.00" NOx="0.00" PMx="0.00" fuel="0.00" electricity="0.00" noise="71.71" route="routebottom" type="cfm-slow" waiting="0.00" lane="right_0" pos="9.87" speed="28.54" angle="346.67" x="128.98" y="84.66"/>
        <vehicle id="cfm-slow_4" eclass="HBEFA3/PC_G_EU4" CO2="0.00" CO="0.00" HC="0.00" NOx="0.00" PMx="0.00" fuel="0.00" electricity="0.00" noise="71.26" route="routebottom" type="cfm-slow" waiting="0.00" lane="right_0" pos="33.26" speed="26.83" angle="304.64" x="98.13" y="122.98"/>
        <vehicle id="cfm-slow_5" eclass="HBEFA3/PC_G_EU4" CO2="6238.75" CO="61.88" HC="0.44" NOx="2.26" PMx="0.12" fuel="2.68" electricity="0.00" noise="72.31" route="routetop" type="cfm-slow" waiting="0.00" lane="top_0" pos="4.94" speed="25.96" angle="265.63" x="52.98" y="131.44"/>
    </timestep>
    <timestep time="8.58">
        <vehicle id="cfm-fast_0" eclass="HBEFA3/PC_G_EU4" CO2="73310.06" CO="2594.26" HC="13.76" NOx="33.08" PMx="2.38" fuel="31.51" electricity="0.00" noise="99.23" route="routebottom" type="cfm-fast" waiting="0.00" lane="right_1" pos="16.97" speed="73.87" angle="333.99" x="119.90" y="96.86"/>
        <vehicle id="cfm-fast_1" eclass="HBEFA3/PC_G_EU4" CO2="13654.52" CO="216.04" HC="1.32" NOx="5.75" PMx="0.32" fuel="5.87" electricity="0.00" noise="75.06" route="routetop" type="cfm-fast" waiting="0.00" lane="top_0" pos="26.11" speed="26.31" angle="227.53" x="13.50" y="110.46"/>
        <vehicle id="cfm-fast_2" eclass="HBEFA3/PC_G_EU4" CO2="38953.96" CO="1961.40" HC="10.03" NOx="16.84" PMx="1.52" fuel="16.75" electricity="0.00" noise="92.55" route="routetop" type="cfm-fast" waiting="0.00" lane="top_1" pos="32.29" speed="75.53" angle="216.40" x="8.21" y="98.15"/>
        <vehicle id="cfm-fast_3" eclass="HBEFA3/PC_G_EU4" CO2="17650.75" CO="305.06" HC="1.83" NOx="7.61" PMx="0.43" fuel="7.59" electricity="0.00" noise="77.10" route="routetop" type="cfm-fast" waiting="0.00" lane="top_0" pos="43.49" speed="27.69" angle="196.28" x="-3.50" y="77.67"/>
        <vehicle id="cfm-fast_4" eclass="HBEFA3/PC_G_EU4" CO2="0.00" CO="0.00" HC="0.00" NOx="0.00" PMx="0.00" fuel="0.00" electricity="0.00" noise="92.25" route="routetop" type="cfm-fast" waiting="0.00" lane="left_1" pos="49.02" speed="75.41" angle="96.30" x="61.63" y="-1.61"/>
        <vehicle id="cfm-fast_5" eclass="HBEFA3/PC_G_EU4" CO2="16336.84" CO="288.87" HC="1.73" NOx="6.95" PMx="0.40" fuel="7.02" electricity="0.00" noise="76.83" route="routetop" type="cfm-fast" waiting="0.00" lane="left_0" pos="12.34" speed="29.44" angle="162.25" x="0.17" y="37.68"/>
        <vehicle id="cfm-slow_0" eclass="HBEFA3/PC_G_EU4" CO2="9452.10" CO="157.14" HC="0.96" NOx="3.67" PMx="0.23" fuel="4.06" electricity="0.00" noise="75.00" route="routetop" type="cfm-slow" waiting="0.00" lane="left_0" pos="32.98" speed="30.78" angle="125.17" x="28.67" y="4.65"/>
        <vehicle id="cfm-slow_1" eclass="HBEFA3/PC_G_EU4" CO2="0.00" CO="0.00" HC="0.00" NOx="0.00" PMx="0.00" fuel="0.00" electricity="0.00" noise="73.49" route="routebottom" type="cfm-slow" waiting="0.00" lane="bottom_0" pos="8.89" speed="31.10" angle="78.41" x="82.65" y="-2.27"/>
        <vehicle id="cfm-slow_2" eclass="HBEFA3/PC_G_EU4" CO2="0.00" CO="0.00" HC="0.00" NOx="0.00" PMx="0.00" fuel="0.00" electricity="0.00" noise="72.55" route="routebottom" type="cfm-slow" waiting="0.00" lane="bottom_0" pos="35.02" speed="30.21" angle="31.52" x="124.79" y="32.53"/>
        <vehicle id="cfm-slow_3" eclass="HBEFA3/PC_G_EU4" CO2="0.00" CO="0.00" HC="0.00" NOx="0.00" PMx="0.00" fuel="0.00" electricity="0.00" noise="71.70" route="routebottom" type="cfm-slow" waiting="0.00" lane="right_0" pos="10.16" speed="28.52" angle="346.19" x="128.80" y="85.24"/>
        <vehicle id="cfm-slow_4" eclass="HBEFA3/PC_G_EU4" CO2="0.00" CO="0.00" HC="0.00" NOx="0.00" PMx="0.00" fuel="0.00" electricity="0.00" noise="71.27" route="routebottom" type="cfm-slow" waiting="0.00" lane="right_0" pos="33.53" speed="26.82" angle="304.18" x="97.63" y="123.26"/>
        <vehicle id="cfm-slow_5" eclass="HBEFA3/PC_G_EU4" CO2="6310.39" CO="63.37" HC="0.45" NOx="2.29" PMx="0.13" fuel="2.71" electricity="0.00" noise="72.33" route="routetop" type="cfm-slow" waiting="0.00" lane="top_0" pos="5.20" speed="25.96" angle="265.12" x="52.42" y="131.35"/>
    </timestep>
    <timestep time="8.59">
        <vehicle id="cfm-fast_0" eclass="HBEFA3/PC_G_EU4" CO2="72962.15" CO="2587.95" HC="13.72" NOx="32.91" PMx="2.38" fuel="31.36" electricity="0.00" noise="99.15" route="routebottom" type="cfm-fast" waiting="0.00" lane="right_1" pos="17.71" speed="73.89" angle="332.62" x="119.12" y="98.16"/>
        <vehicle id="cfm-fast_1" eclass="HBEFA3/PC_G_EU4" CO2="13693.91" CO="216.91" HC="1.33" NOx="5.77" PMx="0.32" fuel="5.89" electricity="0.00" noise="75.08" route="routetop" type="cfm-fast" waiting="0.00" lane="top_0" pos="26.37" speed="26.32" angle="227.04" x="13.12" y="110.04"/>
        <vehicle id="cfm-fast_2" eclass="HBEFA3/PC_G_EU4" CO2="38907.49" CO="1960.47" HC="10.03" NOx="16.82" PMx="1.52" fuel="16.73" electricity="0.00" noise="92.54" route="routetop" type="cfm-fast" waiting="0.00" lane="top_1" pos="33.05" speed="75.53" angle="215.03" x="7.41" y="96.83"/>
        <vehicle id="cfm-fast_3" eclass="HBEFA3/PC_G_EU4" CO2="17641.59" CO="304.97" HC="1.83" NOx="7.60" PMx="0.43" fuel="7.58" electricity="0.00" noise="77.10" route="routetop" type="cfm-fast" waiting="0.00" lane="top_0" pos="43.76" speed="27.71" angle="195.83" x="-3.62" y="77.09"/>
        <vehicle id="cfm-fast_4" eclass="HBEFA3/PC_G_EU4" CO2="37536.81" CO="1926.49" HC="9.84" NOx="16.18" PMx="1.48" fuel="16.14" electricity="0.00" noise="92.26" route="routetop" type="cfm-fast" waiting="0.00" lane="left_1" pos="49.78" speed="75.41" angle="94.89" x="63.17" y="-1.64"/>
        <vehicle id="cfm-fast_5" eclass="HBEFA3/PC_G_EU4" CO2="16274.23" CO="287.68" HC="1.72" NOx="6.92" PMx="0.40" fuel="7.00" electricity="0.00" noise="76.81" route="routetop" type="cfm-fast" waiting="0.00" lane="left_0" pos="12.64" speed="29.46" angle="161.73" x="0.41" y="37.09"/>
        <vehicle id="cfm-slow_0" eclass="HBEFA3/PC_G_EU4" CO2="9359.67" CO="155.27" HC="0.95" NOx="3.63" PMx="0.22" fuel="4.02" electricity="0.00" noise="74.98" route="routetop" type="cfm-slow" waiting="0.00" lane="left_0" pos="33.28" speed="30.79" angle="124.63" x="29.24" y="4.31"/>
        <vehicle id="cfm-slow_1" eclass="HBEFA3/PC_G_EU4" CO2="0.00" CO="0.00" HC="0.00" NOx="0.00" PMx="0.00" fuel="0.00" electricity="0.00" noise="73.48" route="routebottom" type="cfm-slow" waiting="0.00" lane="bottom_0" pos="9.21" speed="31.09" angle="77.86" x="83.29" y="-2.07"/>
        <vehicle id="cfm-slow_2" eclass="HBEFA3/PC_G_EU4" CO2="0.00" CO="0.00" HC="0.00" NOx="0.00" PMx="0.00" fuel="0.00" electricity="0.00" noise="72.54" route="routebottom" type="cfm-slow" waiting="0.00" lane="bottom_0" pos="35.33" speed="30.20" angle="30.97" x="125.09" y="33.11"/>
        <vehicle id="cfm-slow_3" eclass="HBEFA3/PC_G_EU4" CO2="0.00" CO="0.00" HC="0.00" NOx="0.00" PMx="0.00" fuel="0.00" electricity="0.00" noise="71.69" route="routebottom" type="cfm-slow" waiting="0.00" lane="right_0" pos="10.44" speed="28.50" angle="345.69" x="128.60" y="85.82"/>
        <vehicle id="cfm-slow_4" eclass="HBEFA3/PC_G_EU4" CO2="0.00" CO="0.00" HC="0.00" NOx="0.00" PMx="0.00" fuel="0.00" electricity="0.00" noise="71.27" route="routebottom" type="cfm-slow" waiting="0.00" lane="right_0" pos="33.79" speed="26.82" angle="303.70" x="97.13" y="123.54"/>
        <vehicle id="cfm-slow_5" eclass="HBEFA3/PC_G_EU4" CO2="6381.74" CO="64.85" HC="0.45" NOx="2.33" PMx="0.13" fuel="2.74" electricity="0.00" noise="72.35" route="routetop" type="cfm-slow" waiting="0.00" lane="top_0" pos="5.46" speed="25.96" angle="264.63" x="51.88" y="131.25"/>
    </timestep>
    <timestep time="8.60">
        <vehicle id="cfm-fast_0" eclass="HBEFA3/PC_G_EU4" CO2="72616.95" CO="2581.68" HC="13.69" NOx="32.75" PMx="2.37" fuel="31.21" electricity="0.00" noise="99.08" route="routebottom" type="cfm-fast" waiting="0.00" lane="right_1" pos="18.45" speed="73.91" angle="331.29" x="118.30" y="99.43"/>
        <vehicle id="cfm-fast_1" eclass="HBEFA3/PC_G_EU4" CO2="13732.85" CO="217.77" HC="1.33" NOx="5.79" PMx="0.32" fuel="5.90" electricity="0.00" noise="75.10" route="routetop" type="cfm-fast" waiting="0.00" lane="top_0" pos="26.63" speed="26.34" angle="226.55" x="12.74" y="109.62"/>
        <vehicle id="cfm-fast_2" eclass="HBEFA3/PC_G_EU4" CO2="38862.41" CO="1959.57" HC="10.02" NOx="16.80" PMx="1.52" fuel="16.71" electricity="0.00" noise="92.53" route="routetop" type="cfm-fast" waiting="0.00" lane="top_1" pos="33.80" speed="75.53" angle="213.71" x="6.64" y="95.48"/>
        <vehicle id="cfm-fast_3" eclass="HBEFA3/PC_G_EU4" CO2="17631.93" CO="304.87" HC="1.83" NOx="7.60" PMx="0.43" fuel="7.58" electricity="0.00" noise="77.10" route="routetop" type="cfm-fast" waiting="0.00" lane="top_0" pos="44.04" speed="27.73" angle="195.31" x="-3.73" y="76.50"/>
        <vehicle id="cfm-fast_4" eclass="HBEFA3/PC_G_EU4" CO2="37608.34" CO="1927.96" HC="9.85" NOx="16.21" PMx="1.48" fuel="16.17" electricity="0.00" noise="92.28" route="routebottom" type="cfm-fast" waiting="0.00" lane="bottom_1" pos="0.53" speed="75.41" angle="93.52" x="64.78" y="-1.63"/>
        <vehicle id="cfm-fast_5" eclass="HBEFA3/PC_G_EU4" CO2="16211.30" CO="286.48" HC="1.71" NOx="6.89" PMx="0.40" fuel="6.97" electricity="0.00" noise="76.79" route="routetop" type="cfm-fast" waiting="0.00" lane="left_0" pos="12.93" speed="29.47" angle="161.25" x="0.65" y="36.50"/>
        <vehicle id="cfm-slow_0" eclass="HBEFA3/PC_G_EU4" CO2="9267.37" CO="153.41" HC="0.94" NOx="3.58" PMx="0.22" fuel="3.98" electricity="0.00" noise="74.96" route="routetop" type="cfm-slow" waiting="0.00" lane="left_0" pos="33.59" speed="30.79" angle="124.09" x="29.82" y="3.99"/>
        <vehicle id="cfm-slow_1" eclass="HBEFA3/PC_G_EU4" CO2="0.00" CO="0.00" HC="0.00" NOx="0.00" PMx="0.00" fuel="0.00" electricity="0.00" noise="73.47" route="routebottom" type="cfm-slow" waiting="0.00" lane="bottom_0" pos="9.52" speed="31.08" angle="77.29" x="83.92" y="-1.87"/>
        <vehicle id="cfm-slow_2" eclass="HBEFA3/PC_G_EU4" CO2="0.00" CO="0.00" HC="0.00" NOx="0.00" PMx="0.00" fuel="0.00" electricity="0.00" noise="72.53" route="routebottom" type="cfm-slow" waiting="0.00" lane="bottom_0" pos="35.63" speed="30.18" angle="30.43" x="125.38" y="33.69"/>
        <vehicle id="cfm-slow_3" eclass="HBEFA3/PC_G_EU4" CO2="0.00" CO="0.00" HC="0.00" NOx="0.00" PMx="0.00" fuel="0.00" electricity="0.00" noise="71.69" route="routebottom" type="cfm-slow" waiting="0.00" lane="right_0" pos="10.73" speed="28.48" angle="345.15" x="128.39" y="86.40"/>
        <vehicle id="cfm-slow_4" eclass="HBEFA3/PC_G_EU4" CO2="0.00" CO="0.00" HC="0.00" NOx="0.00" PMx="0.00" fuel="0.00" electricity="0.00" noise="71.28" route="routebottom" type="cfm-slow" waiting="0.00" lane="right_0" pos="34.06" speed="26.81" angle="303.21" x="96.62" y="123.82"/>
        <vehicle id="cfm-slow_5" eclass="HBEFA3/PC_G_EU4" CO2="6452.78" CO="66.32" HC="0.46" NOx="2.36" PMx="0.13" fuel="2.77" electricity="0.00" noise="72.37" route="routetop" type="cfm-slow" waiting="0.00" lane="top_0" pos="5.72" speed="25.96" angle="264.15" x="51.33" y="131.14"/>
    </timestep>
    <timestep time="8.61">
        <vehicle id="cfm-fast_0" eclass="HBEFA3/PC_G_EU4" CO2="72274.44" CO="2575.46" HC="13.65" NOx="32.59" PMx="2.36" fuel="31.07" electricity="0.00" noise="99.01" route="routebottom" type="cfm-fast" waiting="0.00" lane="right_1" pos="19.19" speed="73.93" angle="329.94" x="117.46" y="100.69"/>
        <vehicle id="cfm-fast_1" eclass="HBEFA3/PC_G_EU4" CO2="13771.37" CO="218.62" HC="1.34" NOx="5.80" PMx="0.32" fuel="5.92" electricity="0.00" noise="75.12" route="routetop" type="cfm-fast" waiting="0.00" lane="top_0" pos="26.90" speed="26.35" angle="226.11" x="12.35" y="109.20"/>
        <vehicle id="cfm-fast_2" eclass="HBEFA3/PC_G_EU4" CO2="38818.67" CO="1958.70" HC="10.02" NOx="16.78" PMx="1.52" fuel="16.69" electricity="0.00" noise="92.52" route="routetop" type="cfm-fast" waiting="0.00" lane="top_1" pos="34.56" speed="75.53" angle="212.36" x="5.89" y="94.13"/>
        <vehicle id="cfm-fast_3" eclass="HBEFA3/PC_G_EU4" CO2="17621.79" CO="304.75" HC="1.83" NOx="7.59" PMx="0.43" fuel="7.57" electricity="0.00" noise="77.09" route="routetop" type="cfm-fast" waiting="0.00" lane="top_0" pos="44.32" speed="27.74" angle="194.80" x="-3.84" y="75.92"/>
        <vehicle id="cfm-fast_4" eclass="HBEFA3/PC_G_EU4" CO2="37678.52" CO="1929.41" HC="9.86" NOx="16.24" PMx="1.48" fuel="16.20" electricity="0.00" noise="92.29" route="routebottom" type="cfm-fast" waiting="0.00" lane="bottom_1" pos="1.28" speed="75.41" angle="92.19" x="66.32" y="-1.60"/>
        <vehicle id="cfm-fast_5" eclass="HBEFA3/PC_G_EU4" CO2="16148.06" CO="285.27" HC="1.71" NOx="6.86" PMx="0.39" fuel="6.94" electricity="0.00" noise="76.77" route="routetop" type="cfm-fast" waiting="0.00" lane="left_0" pos="13.23" speed="29.48" angle="160.70" x="0.91" y="35.93"/>
        <vehicle id="cfm-slow_0" eclass="HBEFA3/PC_G_EU4" CO2="9175.21" CO="151.54" HC="0.92" NOx="3.54" PMx="0.22" fuel="3.94" electricity="0.00" noise="74.94" route="routetop" type="cfm-slow" waiting="0.00" lane="left_0" pos="33.90" speed="30.79" angle="123.52" x="30.40" y="3.67"/>
        <vehicle id="cfm-slow_1" eclass="HBEFA3/PC_G_EU4" CO2="0.00" CO="0.00" HC="0.00" NOx="0.00" PMx="0.00" fuel="0.00" electricity="0.00" noise="73.46" route="routebottom" type="cfm-slow" waiting="0.00" lane="bottom_0" pos="9.83" speed="31.07" angle="76.72" x="84.56" y="-1.68"/>
        <vehicle id="cfm-slow_2" eclass="HBEFA3/PC_G_EU4" CO2="0.00" CO="0.00" HC="0.00" NOx="0.00" PMx="0.00" fuel="0.00" electricity="0.00" noise="72.52" route="routebottom" type="cfm-slow" waiting="0.00" lane="bottom_0" pos="35.93" speed="30.16" angle="29.94" x="125.67" y="34.27"/>
        <vehicle id="cfm-slow_3" eclass="HBEFA3/PC_G_EU4" CO2="0.00" CO="0.00" HC="0.00" NOx="0.00" PMx="0.00" fuel="0.00" electricity="0.00" noise="71.68" route="routebottom" type="cfm-slow" waiting="0.00" lane="right_0" pos="11.01" speed="28.47" angle="344.61" x="128.18" y="86.97"/>
        <vehicle id="cfm-slow_4" eclass="HBEFA3/PC_G_EU4" CO2="0.00" CO="0.00" HC="0.00" NOx="0.00" PMx="0.00" fuel="0.00" electricity="0.00" noise="71.28" route="routebottom" type="cfm-slow" waiting="0.00" lane="right_0" pos="34.33" speed="26.80" angle="302.72" x="96.12" y="124.10"/>
        <vehicle id="cfm-slow_5" eclass="HBEFA3/PC_G_EU4" CO2="6523.51" CO="67.79" HC="0.47" NOx="2.39" PMx="0.13" fuel="2.80" electricity="0.00" noise="72.39" route="routetop" type="cfm-slow" waiting="0.00" lane="top_0" pos="5.98" speed="25.97" angle="263.66" x="50.78" y="131.04"/>
    </timestep>
    <timestep time="8.62">
        <vehicle id="cfm-fast_0" eclass="HBEFA3/PC_G_EU4" CO2="71934.62" CO="2569.28" HC="13.61" NOx="32.43" PMx="2.35" fuel="30.92" electricity="0.00" noise="98.94" route="routebottom" type="cfm-fast" waiting="0.00" lane="right_1" pos="19.93" speed="73.94" angle="328.58" x="116.57" y="101.92"/>
        <vehicle id="cfm-fast_1" eclass="HBEFA3/PC_G_EU4" CO2="13809.45" CO="219.46" HC="1.34" NOx="5.82" PMx="0.32" fuel="5.94" electricity="0.00" noise="75.13" route="routetop" type="cfm-fast" waiting="0.00" lane="top_0" pos="27.16" speed="26.36" angle="225.63" x="11.98" y="108.77"/>
        <vehicle id="cfm-fast_2" eclass="HBEFA3/PC_G_EU4" CO2="38776.27" CO="1957.85" HC="10.01" NOx="16.76" PMx="1.51" fuel="16.67" electricity="0.00" noise="92.52" route="routetop" type="cfm-fast" waiting="0.00" lane="top_1" pos="35.31" speed="75.54" angle="211.01" x="5.19" y="92.75"/>
        <vehicle id="cfm-fast_3" eclass="HBEFA3/PC_G_EU4" CO2="17611.15" CO="304.63" HC="1.83" NOx="7.59" PMx="0.43" fuel="7.57" electricity="0.00" noise="77.09" route="routetop" type="cfm-fast" waiting="0.00" lane="top_0" pos="44.60" speed="27.76" angle="194.28" x="-3.95" y="75.33"/>
        <vehicle id="cfm-fast_4" eclass="HBEFA3/PC_G_EU4" CO2="37747.38" CO="1930.84" HC="9.86" NOx="16.28" PMx="1.48" fuel="16.23" electricity="0.00" noise="92.30" route="routebottom" type="cfm-fast" waiting="0.00" lane="bottom_1" pos="2.04" speed="75.41" angle="90.82" x="67.87" y="-1.50"/>
        <vehicle id="cfm-fast_5" eclass="HBEFA3/PC_G_EU4" CO2="16084.50" CO="284.06" HC="1.70" NOx="6.83" PMx="0.39" fuel="6.91" electricity="0.00" noise="76.75" route="routetop" type="cfm-fast" waiting="0.00" lane="left_0" pos="13.52" speed="29.50" angle="160.15" x="1.18" y="35.35"/>
        <vehicle id="cfm-slow_0" eclass="HBEFA3/PC_G_EU4" CO2="9083.19" CO="149.68" HC="0.91" NOx="3.50" PMx="0.22" fuel="3.90" electricity="0.00" noise="74.92" route="routetop" type="cfm-slow" waiting="0.00" lane="left_0" pos="34.21" speed="30.80" angle="122.96" x="30.98" y="3.35"/>
        <vehicle id="cfm-slow_1" eclass="HBEFA3/PC_G_EU4" CO2="0.00" CO="0.00" HC="0.00" NOx="0.00" PMx="0.00" fuel="0.00" electricity="0.00" noise="73.45" route="routebottom" type="cfm-slow" waiting="0.00" lane="bottom_0" pos="10.14" speed="31.07" angle="76.17" x="85.20" y="-1.48"/>
        <vehicle id="cfm-slow_2" eclass="HBEFA3/PC_G_EU4" CO2="0.00" CO="0.00" HC="0.00" NOx="0.00" PMx="0.00" fuel="0.00" electricity="0.00" noise="72.52" route="routebottom" type="cfm-slow" waiting="0.00" lane="bottom_0" pos="36.23" speed="30.15" angle="29.35" x="125.93" y="34.87"/>
        <vehicle id="cfm-slow_3" eclass="HBEFA3/PC_G_EU4" CO2="0.00" CO="0.00" HC="0.00" NOx="0.00" PMx="0.00" fuel="0.00" electricity="0.00" noise="71.68" route="routebottom" type="cfm-slow" waiting="0.00" lane="right_0" pos="11.30" speed="28.45" angle="344.06" x="127.97" y="87.55"/>
        <vehicle id="cfm-slow_4" eclass="HBEFA3/PC_G_EU4" CO2="0.00" CO="0.00" HC="0.00" NOx="0.00" PMx="0.00" fuel="0.00" electricity="0.00" noise="71.28" route="routebottom" type="cfm-slow" waiting="0.00" lane="right_0" pos="34.60" speed="26.79" angle="302.29" x="95.61" y="124.38"/>
        <vehicle id="cfm-slow_5" eclass="HBEFA3/PC_G_EU4" CO2="6593.94" CO="69.25" HC="0.48" NOx="2.43" PMx="0.13" fuel="2.83" electricity="0.00" noise="72.41" route="routetop" type="cfm-slow" waiting="0.00" lane="top_0" pos="6.24" speed="25.97" angle="263.18" x="50.23" y="130.94"/>
    </timestep>
    <timestep time="8.63">
        <vehicle id="cfm-fast_0" eclass="HBEFA3/PC_G_EU4" CO2="71597.47" CO="2563.16" HC="13.58" NOx="32.27" PMx="2.34" fuel="30.78" electricity="0.00" noise="98.86" route="routebottom" type="cfm-fast" waiting="0.00" lane="right_1" pos="20.67" speed="73.96" angle="327.27" x="115.67" y="103.14"/>
        <vehicle id="cfm-fast_1" eclass="HBEFA3/PC_G_EU4" CO2="13847.09" CO="220.29" HC="1.35" NOx="5.84" PMx="0.32" fuel="5.95" electricity="0.00" noise="75.15" route="routetop" type="cfm-fast" waiting="0.00" lane="top_0" pos="27.43" speed="26.38" angle="225.14" x="11.61" y="108.34"/>
        <vehicle id="cfm-fast_2" eclass="HBEFA3/PC_G_EU4" CO2="38735.18" CO="1957.03" HC="10.01" NOx="16.74" PMx="1.51" fuel="16.65" electricity="0.00" noise="92.51" route="routetop" type="cfm-fast" waiting="0.00" lane="top_1" pos="36.07" speed="75.54" angle="209.67" x="4.51" y="91.35"/>
        <vehicle id="cfm-fast_3" eclass="HBEFA3/PC_G_EU4" CO2="17600.03" CO="304.50" HC="1.83" NOx="7.58" PMx="0.43" fuel="7.57" electricity="0.00" noise="77.09" route="routetop" type="cfm-fast" waiting="0.00" lane="top_0" pos="44.87" speed="27.78" angle="193.82" x="-4.06" y="74.74"/>
        <vehicle id="cfm-fast_4" eclass="HBEFA3/PC_G_EU4" CO2="37814.92" CO="1932.23" HC="9.87" NOx="16.31" PMx="1.49" fuel="16.26" electricity="0.00" noise="92.31" route="routebottom" type="cfm-fast" waiting="0.00" lane="bottom_1" pos="2.79" speed="75.41" angle="89.49" x="69.41" y="-1.39"/>
        <vehicle id="cfm-fast_5" eclass="HBEFA3/PC_G_EU4" CO2="16020.64" CO="282.83" HC="1.69" NOx="6.80" PMx="0.39" fuel="6.89" electricity="0.00" noise="76.72" route="routetop" type="cfm-fast" waiting="0.00" lane="left_0" pos="13.82" speed="29.51" angle="159.60" x="1.44" y="34.77"/>
        <vehicle id="cfm-slow_0" eclass="HBEFA3/PC_G_EU4" CO2="8991.33" CO="147.81" HC="0.90" NOx="3.45" PMx="0.21" fuel="3.86" electricity="0.00" noise="74.90" route="routetop" type="cfm-slow" waiting="0.00" lane="left_0" pos="34.52" speed="30.80" angle="122.40" x="31.56" y="3.03"/>
        <vehicle id="cfm-slow_1" eclass="HBEFA3/PC_G_EU4" CO2="0.00" CO="0.00" HC="0.00" NOx="0.00" PMx="0.00" fuel="0.00" electricity="0.00" noise="73.44" route="routebottom" type="cfm-slow" waiting="0.00" lane="bottom_0" pos="10.45" speed="31.06" angle="75.64" x="85.83" y="-1.26"/>
        <vehicle id="cfm-slow_2" eclass="HBEFA3/PC_G_EU4" CO2="0.00" CO="0.00" HC="0.00" NOx="0.00" PMx="0.00" fuel="0.00" electricity="0.00" noise="72.51" route="routebottom" type="cfm-slow" waiting="0.00" lane="bottom_0" pos="36.53" speed="30.13" angle="28.76" x="126.20" y="35.46"/>
        <vehicle id="cfm-slow_3" eclass="HBEFA3/PC_G_EU4" CO2="0.00" CO="0.00" HC="0.00" NOx="0.00" PMx="0.00" fuel="0.00" electricity="0.00" noise="71.67" route="routebottom" type="cfm-slow" waiting="0.00" lane="right_0" pos="11.58" speed="28.44" angle="343.59" x="127.76" y="88.12"/>
        <vehicle id="cfm-slow_4" eclass="HBEFA3/PC_G_EU4" CO2="0.00" CO="0.00" HC="0.00" NOx="0.00" PMx="0.00" fuel="0.00" electricity="0.00" noise="71.29" route="routebottom" type="cfm-slow" waiting="0.00" lane="right_0" pos="34.87" speed="26.78" angle="301.81" x="95.10" y="124.64"/>
        <vehicle id="cfm-slow_5" eclass="HBEFA3/PC_G_EU4" CO2="6664.05" CO="70.71" HC="0.49" NOx="2.46" PMx="0.13" fuel="2.86" electricity="0.00" noise="72.43" route="routetop" type="cfm-slow" waiting="0.00" lane="top_0" pos="6.50" speed="25.97" angle="262.75" x="49.68" y="130.83"/>
    </timestep>
    <timestep time="8.64">
        <vehicle id="cfm-fast_0" eclass="HBEFA3/PC_G_EU4" CO2="71263.00" CO="2557.08" HC="13.54" NOx="32.11" PMx="2.33" fuel="30.63" electricity="0.00" noise="98.79" route="routebottom" type="cfm-fast" waiting="0.00" lane="right_1" pos="21.41" speed="73.98" angle="325.91" x="114.74" y="104.34"/>
        <vehicle id="cfm-fast_1" eclass="HBEFA3/PC_G_EU4" CO2="13884.30" CO="221.12" HC="1.35" NOx="5.86" PMx="0.32" fuel="5.97" electricity="0.00" noise="75.17" route="routetop" type="cfm-fast" waiting="0.00" lane="top_0" pos="27.69" speed="26.39" angle="224.64" x="11.24" y="107.91"/>
        <vehicle id="cfm-fast_2" eclass="HBEFA3/PC_G_EU4" CO2="38695.36" CO="1956.24" HC="10.00" NOx="16.72" PMx="1.51" fuel="16.63" electricity="0.00" noise="92.50" route="routetop" type="cfm-fast" waiting="0.00" lane="top_1" pos="36.82" speed="75.54" angle="208.24" x="3.88" y="89.94"/>
        <vehicle id="cfm-fast_3" eclass="HBEFA3/PC_G_EU4" CO2="17588.42" CO="304.35" HC="1.83" NOx="7.57" PMx="0.43" fuel="7.56" electricity="0.00" noise="77.09" route="routetop" type="cfm-fast" waiting="0.00" lane="top_0" pos="45.15" speed="27.80" angle="193.32" x="-4.14" y="74.15"/>
        <vehicle id="cfm-fast_4" eclass="HBEFA3/PC_G_EU4" CO2="37881.16" CO="1933.61" HC="9.88" NOx="16.34" PMx="1.49" fuel="16.28" electricity="0.00" noise="92.33" route="routebottom" type="cfm-fast" waiting="0.00" lane="bottom_1" pos="3.55" speed="75.41" angle="88.12" x="70.95" y="-1.24"/>
        <vehicle id="cfm-fast_5" eclass="HBEFA3/PC_G_EU4" CO2="15956.47" CO="281.61" HC="1.68" NOx="6.77" PMx="0.39" fuel="6.86" electricity="0.00" noise="76.70" route="routetop" type="cfm-fast" waiting="0.00" lane="left_0" pos="14.11" speed="29.53" angle="159.11" x="1.70" y="34.19"/>
        <vehicle id="cfm-slow_0" eclass="HBEFA3/PC_G_EU4" CO2="8899.61" CO="145.95" HC="0.89" NOx="3.41" PMx="0.21" fuel="3.83" electricity="0.00" noise="74.88" route="routetop" type="cfm-slow" waiting="0.00" lane="left_0" pos="34.82" speed="30.80" angle="121.88" x="32.15" y="2.72"/>
        <vehicle id="cfm-slow_1" eclass="HBEFA3/PC_G_EU4" CO2="0.00" CO="0.00" HC="0.00" NOx="0.00" PMx="0.00" fuel="0.00" electricity="0.00" noise="73.43" route="routebottom" type="cfm-slow" waiting="0.00" lane="bottom_0" pos="10.76" speed="31.05" angle="75.06" x="86.46" y="-1.04"/>
        <vehicle id="cfm-slow_2" eclass="HBEFA3/PC_G_EU4" CO2="0.00" CO="0.00" HC="0.00" NOx="0.00" PMx="0.00" fuel="0.00" electricity="0.00" noise="72.50" route="routebottom" type="cfm-slow" waiting="0.00" lane="bottom_0" pos="36.83" speed="30.12" angle="28.17" x="126.46" y="36.05"/>
        <vehicle id="cfm-slow_3" eclass="HBEFA3/PC_G_EU4" CO2="0.00" CO="0.00" HC="0.00" NOx="0.00" PMx="0.00" fuel="0.00" electricity="0.00" noise="71.67" route="routebottom" type="cfm-slow" waiting="0.00" lane="right_0" pos="11.87" speed="28.42" angle="343.07" x="127.53" y="88.69"/>
        <vehicle id="cfm-slow_4" eclass="HBEFA3/PC_G_EU4" CO2="0.00" CO="0.00" HC="0.00" NOx="0.00" PMx="0.00" fuel="0.00" electricity="0.00" noise="71.29" route="routebottom" type="cfm-slow" waiting="0.00" lane="right_0" pos="35.13" speed="26.77" angle="301.33" x="94.59" y="124.90"/>
        <vehicle id="cfm-slow_5" eclass="HBEFA3/PC_G_EU4" CO2="6733.86" CO="72.16" HC="0.50" NOx="2.49" PMx="0.14" fuel="2.89" electricity="0.00" noise="72.45" route="routetop" type="cfm-slow" waiting="0.00" lane="top_0" pos="6.76" speed="25.98" angle="262.26" x="49.13" y="130.71"/>
    </timestep>
    <timestep time="8.65">
        <vehicle id="cfm-fast_0" eclass="HBEFA3/PC_G_EU4" CO2="70931.19" CO="2551.05" HC="13.51" NOx="31.95" PMx="2.32" fuel="30.49" electricity="0.00" noise="98.72" route="routebottom" type="cfm-fast" waiting="0.00" lane="right_1" pos="22.15" speed="74.00" angle="324.62" x="113.78" y="105.52"/>
        <vehicle id="cfm-fast_1" eclass="HBEFA3/PC_G_EU4" CO2="13921.08" CO="221.93" HC="1.36" NOx="5.87" PMx="0.33" fuel="5.98" electricity="0.00" noise="75.19" route="routetop" type="cfm-fast" waiting="0.00" lane="top_0" pos="27.95" speed="26.40" angle="224.15" x="10.88" y="107.48"/>
        <vehicle id="cfm-fast_2" eclass="HBEFA3/PC_G_EU4" CO2="38656.79" CO="1955.47" HC="10.00" NOx="16.70" PMx="1.51" fuel="16.62" electricity="0.00" noise="92.49" route="routetop" type="cfm-fast" waiting="0.00" lane="top_1" pos="37.58" speed="75.54" angle="206.88" x="3.27" y="88.52"/>
        <vehicle id="cfm-fast_3" eclass="HBEFA3/PC_G_EU4" CO2="17576.33" CO="304.20" HC="1.83" NOx="7.57" PMx="0.43" fuel="7.56" electricity="0.00" noise="77.08" route="routetop" type="cfm-fast" waiting="0.00" lane="top_0" pos="45.43" speed="27.81" angle="192.81" x="-4.22" y="73.56"/>
        <vehicle id="cfm-fast_4" eclass="HBEFA3/PC_G_EU4" CO2="37946.11" CO="1934.96" HC="9.89" NOx="16.37" PMx="1.49" fuel="16.31" electricity="0.00" noise="92.34" route="routebottom" type="cfm-fast" waiting="0.00" lane="bottom_1" pos="4.30" speed="75.41" angle="86.79" x="72.48" y="-1.05"/>
        <vehicle id="cfm-fast_5" eclass="HBEFA3/PC_G_EU4" CO2="15892.00" CO="280.37" HC="1.68" NOx="6.74" PMx="0.39" fuel="6.83" electricity="0.00" noise="76.68" route="routetop" type="cfm-fast" waiting="0.00" lane="left_0" pos="14.41" speed="29.54" angle="158.56" x="1.98" y="33.62"/>
        <vehicle id="cfm-slow_0" eclass="HBEFA3/PC_G_EU4" CO2="8808.05" CO="144.10" HC="0.88" NOx="3.37" PMx="0.21" fuel="3.79" electricity="0.00" noise="74.86" route="routetop" type="cfm-slow" waiting="0.00" lane="left_0" pos="35.13" speed="30.81" angle="121.31" x="32.74" y="2.43"/>
        <vehicle id="cfm-slow_1" eclass="HBEFA3/PC_G_EU4" CO2="0.00" CO="0.00" HC="0.00" NOx="0.00" PMx="0.00" fuel="0.00" electricity="0.00" noise="73.41" route="routebottom" type="cfm-slow" waiting="0.00" lane="bottom_0" pos="11.07" speed="31.04" angle="74.48" x="87.09" y="-0.81"/>
        <vehicle id="cfm-slow_2" eclass="HBEFA3/PC_G_EU4" CO2="0.00" CO="0.00" HC="0.00" NOx="0.00" PMx="0.00" fuel="0.00" electricity="0.00" noise="72.49" route="routebottom" type="cfm-slow" waiting="0.00" lane="bottom_0" pos="37.13" speed="30.10" angle="27.63" x="126.73" y="36.64"/>
        <vehicle id="cfm-slow_3" eclass="HBEFA3/PC_G_EU4" CO2="0.00" CO="0.00" HC="0.00" NOx="0.00" PMx="0.00" fuel="0.00" electricity="0.00" noise="71.66" route="routebottom" type="cfm-slow" waiting="0.00" lane="right_0" pos="12.15" speed="28.40" angle="342.56" x="127.30" y="89.26"/>
        <vehicle id="cfm-slow_4" eclass="HBEFA3/PC_G_EU4" CO2="0.00" CO="0.00" HC="0.00" NOx="0.00" PMx="0.00" fuel="0.00" electricity="0.00" noise="71.30" route="routebottom" type="cfm-slow" waiting="0.00" lane="right_0" pos="35.40" speed="26.76" angle="300.85" x="94.07" y="125.16"/>
        <vehicle id="cfm-slow_5" eclass="HBEFA3/PC_G_EU4" CO2="6803.35" CO="73.60" HC="0.51" NOx="2.52" PMx="0.14" fuel="2.92" electricity="0.00" noise="72.47" route="routetop" type="cfm-slow" waiting="0.00" lane="top_0" pos="7.02" speed="25.98" angle="261.77" x="48.59" y="130.58"/>
    </timestep>
    <timestep time="8.66">
        <vehicle id="cfm-fast_0" eclass="HBEFA3/PC_G_EU4" CO2="70602.03" CO="2545.06" HC="13.47" NOx="31.80" PMx="2.32" fuel="30.35" electricity="0.00" noise="98.66" route="routebottom" type="cfm-fast" waiting="0.00" lane="right_1" pos="22.89" speed="74.02" angle="323.27" x="112.80" y="106.68"/>
        <vehicle id="cfm-fast_1" eclass="HBEFA3/PC_G_EU4" CO2="13957.41" CO="222.74" HC="1.36" NOx="5.89" PMx="0.33" fuel="6.00" electricity="0.00" noise="75.21" route="routetop" type="cfm-fast" waiting="0.00" lane="top_0" pos="28.22" speed="26.42" angle="223.73" x="10.51" y="107.05"/>
        <vehicle id="cfm-fast_2" eclass="HBEFA3/PC_G_EU4" CO2="38619.45" CO="1954.72" HC="9.99" NOx="16.69" PMx="1.51" fuel="16.60" electricity="0.00" noise="92.49" route="routetop" type="cfm-fast" waiting="0.00" lane="top_1" pos="38.33" speed="75.54" angle="205.45" x="2.70" y="87.08"/>
        <vehicle id="cfm-fast_3" eclass="HBEFA3/PC_G_EU4" CO2="17563.75" CO="304.04" HC="1.82" NOx="7.56" PMx="0.43" fuel="7.55" electricity="0.00" noise="77.08" route="routetop" type="cfm-fast" waiting="0.00" lane="top_0" pos="45.71" speed="27.83" angle="192.30" x="-4.31" y="72.96"/>
        <vehicle id="cfm-fast_4" eclass="HBEFA3/PC_G_EU4" CO2="38009.78" CO="1936.28" HC="9.89" NOx="16.40" PMx="1.49" fuel="16.34" electricity="0.00" noise="92.35" route="routebottom" type="cfm-fast" waiting="0.00" lane="bottom_1" pos="5.06" speed="75.41" angle="85.41" x="74.01" y="-0.83"/>
        <vehicle id="cfm-fast_5" eclass="HBEFA3/PC_G_EU4" CO2="15827.23" CO="279.13" HC="1.67" NOx="6.70" PMx="0.39" fuel="6.80" electricity="0.00" noise="76.66" route="routetop" type="cfm-fast" waiting="0.00" lane="left_0" pos="14.70" speed="29.55" angle="158.00" x="2.27" y="33.05"/>
        <vehicle id="cfm-slow_0" eclass="HBEFA3/PC_G_EU4" CO2="8716.65" CO="142.24" HC="0.87" NOx="3.32" PMx="0.21" fuel="3.75" electricity="0.00" noise="74.84" route="routetop" type="cfm-slow" waiting="0.00" lane="left_0" pos="35.44" speed="30.81" angle="120.74" x="33.33" y="2.13"/>
        <vehicle id="cfm-slow_1" eclass="HBEFA3/PC_G_EU4" CO2="0.00" CO="0.00" HC="0.00" NOx="0.00" PMx="0.00" fuel="0.00" electricity="0.00" noise="73.40" route="routebottom" type="cfm-slow" waiting="0.00" lane="bottom_0" pos="11.38" speed="31.03" angle="73.90" x="87.72" y="-0.59"/>
        <vehicle id="cfm-slow_2" eclass="HBEFA3/PC_G_EU4" CO2="0.00" CO="0.00" HC="0.00" NOx="0.00" PMx="0.00" fuel="0.00" electricity="0.00" noise="72.48" route="routebottom" type="cfm-slow" waiting="0.00" lane="bottom_0" pos="37.44" speed="30.08" angle="27.12" x="126.97" y="37.24"/>
        <vehicle id="cfm-slow_3" eclass="HBEFA3/PC_G_EU4" CO2="0.00" CO="0.00" HC="0.00" NOx="0.00" PMx="0.00" fuel="0.00" electricity="0.00" noise="71.66" route="routebottom" type="cfm-slow" waiting="0.00" lane="right_0" pos="12.43" speed="28.39" angle="342.04" x="127.08" y="89.83"/>
        <vehicle id="cfm-slow_4" eclass="HBEFA3/PC_G_EU4" CO2="0.00" CO="0.00" HC="0.00" NOx="0.00" PMx="0.00" fuel="0.00" electricity="0.00" noise="71.30" route="routebottom" type="cfm-slow" waiting="0.00" lane="right_0" pos="35.67" speed="26.75" angle="300.36" x="93.56" y="125.42"/>
        <vehicle id="cfm-slow_5" eclass="HBEFA3/PC_G_EU4" CO2="6872.54" CO="75.04" HC="0.51" NOx="2.56" PMx="0.14" fuel="2.95" electricity="0.00" noise="72.49" route="routetop" type="cfm-slow" waiting="0.00" lane="top_0" pos="7.28" speed="25.98" angle="261.28" x="48.04" y="130.46"/>
    </timestep>
    <timestep time="8.67">
        <vehicle id="cfm-fast_0" eclass="HBEFA3/PC_G_EU4" CO2="70275.51" CO="2539.12" HC="13.44" NOx="31.64" PMx="2.31" fuel="30.21" electricity="0.00" noise="98.59" route="routebottom" type="cfm-fast" waiting="0.00" lane="right_1" pos="23.63" speed="74.03" angle="321.99" x="111.79" y="107.80"/>
        <vehicle id="cfm-fast_1" eclass="HBEFA3/PC_G_EU4" CO2="13993.31" CO="223.54" HC="1.37" NOx="5.91" PMx="0.33" fuel="6.02" electricity="0.00" noise="75.23" route="routetop" type="cfm-fast" waiting="0.00" lane="top_0" pos="28.48" speed="26.43" angle="223.25" x="10.16" y="106.60"/>
        <vehicle id="cfm-fast_2" eclass="HBEFA3/PC_G_EU4" CO2="38583.31" CO="1954.00" HC="9.99" NOx="16.67" PMx="1.51" fuel="16.59" electricity="0.00" noise="92.48" route="routetop" type="cfm-fast" waiting="0.00" lane="top_1" pos="39.09" speed="75.54" angle="204.12" x="2.17" y="85.62"/>
        <vehicle id="cfm-fast_3" eclass="HBEFA3/PC_G_EU4" CO2="17550.69" CO="303.86" HC="1.82" NOx="7.55" PMx="0.43" fuel="7.54" electricity="0.00" noise="77.08" route="routetop" type="cfm-fast" waiting="0.00" lane="top_0" pos="45.99" speed="27.85" angle="191.78" x="-4.39" y="72.37"/>
        <vehicle id="cfm-fast_4" eclass="HBEFA3/PC_G_EU4" CO2="38072.19" CO="1937.58" HC="9.90" NOx="16.43" PMx="1.49" fuel="16.37" electricity="0.00" noise="92.36" route="routebottom" type="cfm-fast" waiting="0.00" lane="bottom_1" pos="5.81" speed="75.41" angle="84.02" x="75.53" y="-0.55"/>
        <vehicle id="cfm-fast_5" eclass="HBEFA3/PC_G_EU4" CO2="15762.18" CO="277.89" HC="1.66" NOx="6.67" PMx="0.38" fuel="6.78" electricity="0.00" noise="76.64" route="routetop" type="cfm-fast" waiting="0.00" lane="left_0" pos="15.00" speed="29.57" angle="157.45" x="2.55" y="32.48"/>
        <vehicle id="cfm-slow_0" eclass="HBEFA3/PC_G_EU4" CO2="8625.42" CO="140.39" HC="0.86" NOx="3.28" PMx="0.20" fuel="3.71" electricity="0.00" noise="74.81" route="routetop" type="cfm-slow" waiting="0.00" lane="left_0" pos="35.75" speed="30.81" angle="120.17" x="33.92" y="1.83"/>
        <vehicle id="cfm-slow_1" eclass="HBEFA3/PC_G_EU4" CO2="0.00" CO="0.00" HC="0.00" NOx="0.00" PMx="0.00" fuel="0.00" electricity="0.00" noise="73.39" route="routebottom" type="cfm-slow" waiting="0.00" lane="bottom_0" pos="11.69" speed="31.02" angle="73.40" x="88.34" y="-0.35"/>
        <vehicle id="cfm-slow_2" eclass="HBEFA3/PC_G_EU4" CO2="0.00" CO="0.00" HC="0.00" NOx="0.00" PMx="0.00" fuel="0.00" electricity="0.00" noise="72.48" route="routebottom" type="cfm-slow" waiting="0.00" lane="bottom_0" pos="37.74" speed="30.07" angle="26.58" x="127.21" y="37.84"/>
        <vehicle id="cfm-slow_3" eclass="HBEFA3/PC_G_EU4" CO2="0.00" CO="0.00" HC="0.00" NOx="0.00" PMx="0.00" fuel="0.00" electricity="0.00" noise="71.65" route="routebottom" type="cfm-slow" waiting="0.00" lane="right_0" pos="12.72" speed="28.37" angle="341.55" x="126.85" y="90.39"/>
        <vehicle id="cfm-slow_4" eclass="HBEFA3/PC_G_EU4" CO2="0.00" CO="0.00" HC="0.00" NOx="0.00" PMx="0.00" fuel="0.00" electricity="0.00" noise="71.31" route="routebottom" type="cfm-slow" waiting="0.00" lane="right_0" pos="35.94" speed="26.75" angle="299.93" x="93.04" y="125.67"/>
        <vehicle id="cfm-slow_5" eclass="HBEFA3/PC_G_EU4" CO2="6941.41" CO="76.47" HC="0.52" NOx="2.59" PMx="0.14" fuel="2.98" electricity="0.00" noise="72.52" route="routetop" type="cfm-slow" waiting="0.00" lane="top_0" pos="7.54" speed="25.99" angle="260.81" x="47.50" y="130.34"/>
    </timestep>
    <timestep time="8.68">
        <vehicle id="cfm-fast_0" eclass="HBEFA3/PC_G_EU4" CO2="69951.63" CO="2533.23" HC="13.40" NOx="31.49" PMx="2.30" fuel="30.07" electricity="0.00" noise="98.52" route="routebottom" type="cfm-fast" waiting="0.00" lane="right_1" pos="24.37" speed="74.05" angle="320.69" x="110.75" y="108.92"/>
        <vehicle id="cfm-fast_1" eclass="HBEFA3/PC_G_EU4" CO2="14028.77" CO="224.33" HC="1.37" NOx="5.92" PMx="0.33" fuel="6.03" electricity="0.00" noise="75.25" route="routetop" type="cfm-fast" waiting="0.00" lane="top_0" pos="28.75" speed="26.44" angle="222.76" x="9.81" y="106.15"/>
        <vehicle id="cfm-fast_2" eclass="HBEFA3/PC_G_EU4" CO2="38548.35" CO="1953.30" HC="9.99" NOx="16.65" PMx="1.51" fuel="16.57" electricity="0.00" noise="92.48" route="routetop" type="cfm-fast" waiting="0.00" lane="top_1" pos="39.84" speed="75.54" angle="202.81" x="1.65" y="84.16"/>
        <vehicle id="cfm-fast_3" eclass="HBEFA3/PC_G_EU4" CO2="17537.15" CO="303.68" HC="1.82" NOx="7.55" PMx="0.42" fuel="7.54" electricity="0.00" noise="77.07" route="routetop" type="cfm-fast" waiting="0.00" lane="top_0" pos="46.27" speed="27.86" angle="191.33" x="-4.47" y="71.77"/>
        <vehicle id="cfm-fast_4" eclass="HBEFA3/PC_G_EU4" CO2="38133.35" CO="1938.85" HC="9.91" NOx="16.46" PMx="1.49" fuel="16.39" electricity="0.00" noise="92.37" route="routebottom" type="cfm-fast" waiting="0.00" lane="bottom_1" pos="6.56" speed="75.41" angle="82.66" x="77.05" y="-0.26"/>
        <vehicle id="cfm-fast_5" eclass="HBEFA3/PC_G_EU4" CO2="15696.83" CO="276.63" HC="1.66" NOx="6.64" PMx="0.38" fuel="6.75" electricity="0.00" noise="76.61" route="routetop" type="cfm-fast" waiting="0.00" lane="left_0" pos="15.30" speed="29.58" angle="156.93" x="2.84" y="31.92"/>
        <vehicle id="cfm-slow_0" eclass="HBEFA3/PC_G_EU4" CO2="8534.35" CO="138.54" HC="0.85" NOx="3.24" PMx="0.20" fuel="3.67" electricity="0.00" noise="74.79" route="routetop" type="cfm-slow" waiting="0.00" lane="left_0" pos="36.06" speed="30.82" angle="119.66" x="34.52" y="1.55"/>
        <vehicle id="cfm-slow_1" eclass="HBEFA3/PC_G_EU4" CO2="0.00" CO="0.00" HC="0.00" NOx="0.00" PMx="0.00" fuel="0.00" electricity="0.00" noise="73.38" route="routebottom" type="cfm-slow" waiting="0.00" lane="bottom_0" pos="12.00" speed="31.02" angle="72.85" x="88.96" y="-0.10"/>
        <vehicle id="cfm-slow_2" eclass="HBEFA3/PC_G_EU4" CO2="0.00" CO="0.00" HC="0.00" NOx="0.00" PMx="0.00" fuel="0.00" electricity="0.00" noise="72.47" route="routebottom" type="cfm-slow" waiting="0.00" lane="bottom_0" pos="38.04" speed="30.05" angle="26.04" x="127.45" y="38.44"/>
        <vehicle id="cfm-slow_3" eclass="HBEFA3/PC_G_EU4" CO2="0.00" CO="0.00" HC="0.00" NOx="0.00" PMx="0.00" fuel="0.00" electricity="0.00" noise="71.65" route="routebottom" type="cfm-slow" waiting="0.00" lane="right_0" pos="13.00" speed="28.35" angle="341.06" x="126.61" y="90.95"/>
        <vehicle id="cfm-slow_4" eclass="HBEFA3/PC_G_EU4" CO2="0.00" CO="0.00" HC="0.00" NOx="0.00" PMx="0.00" fuel="0.00" electricity="0.00" noise="71.31" route="routebottom" type="cfm-slow" waiting="0.00" lane="right_0" pos="36.20" speed="26.74" angle="299.41" x="92.52" y="125.91"/>
        <vehicle id="cfm-slow_5" eclass="HBEFA3/PC_G_EU4" CO2="7009.96" CO="77.90" HC="0.53" NOx="2.62" PMx="0.14" fuel="3.01" electricity="0.00" noise="72.54" route="routetop" type="cfm-slow" waiting="0.00" lane="top_0" pos="7.80" speed="25.99" angle="260.38" x="46.96" y="130.20"/>
    </timestep>
    <timestep time="8.69">
        <vehicle id="cfm-fast_0" eclass="HBEFA3/PC_G_EU4" CO2="69630.37" CO="2527.39" HC="13.37" NOx="31.34" PMx="2.29" fuel="29.93" electricity="0.00" noise="98.45" route="routebottom" type="cfm-fast" waiting="0.00" lane="right_1" pos="25.11" speed="74.07" angle="319.34" x="109.68" y="109.99"/>
        <vehicle id="cfm-fast_1" eclass="HBEFA3/PC_G_EU4" CO2="14063.80" CO="225.11" HC="1.38" NOx="5.94" PMx="0.33" fuel="6.05" electricity="0.00" noise="75.27" route="routetop" type="cfm-fast" waiting="0.00" lane="top_0" pos="29.01" speed="26.46" angle="222.28" x="9.45" y="105.70"/>
        <vehicle id="cfm-fast_2" eclass="HBEFA3/PC_G_EU4" CO2="38514.55" CO="1952.63" HC="9.98" NOx="16.64" PMx="1.51" fuel="16.56" electricity="0.00" noise="92.47" route="routetop" type="cfm-fast" waiting="0.00" lane="top_1" pos="40.60" speed="75.54" angle="201.39" x="1.19" y="82.68"/>
        <vehicle id="cfm-fast_3" eclass="HBEFA3/PC_G_EU4" CO2="17523.12" CO="303.49" HC="1.82" NOx="7.54" PMx="0.42" fuel="7.53" electricity="0.00" noise="77.07" route="routetop" type="cfm-fast" waiting="0.00" lane="top_0" pos="46.55" speed="27.88" angle="190.82" x="-4.53" y="71.18"/>
        <vehicle id="cfm-fast_4" eclass="HBEFA3/PC_G_EU4" CO2="38193.27" CO="1940.10" HC="9.92" NOx="16.49" PMx="1.50" fuel="16.42" electricity="0.00" noise="92.38" route="routebottom" type="cfm-fast" waiting="0.00" lane="bottom_1" pos="7.32" speed="75.41" angle="81.28" x="78.56" y="0.08"/>
        <vehicle id="cfm-fast_5" eclass="HBEFA3/PC_G_EU4" CO2="15631.20" CO="275.37" HC="1.65" NOx="6.61" PMx="0.38" fuel="6.72" electricity="0.00" noise="76.59" route="routetop" type="cfm-fast" waiting="0.00" lane="left_0" pos="15.59" speed="29.59" angle="156.42" x="3.14" y="31.35"/>
        <vehicle id="cfm-slow_0" eclass="HBEFA3/PC_G_EU4" CO2="8443.46" CO="136.69" HC="0.84" NOx="3.19" PMx="0.20" fuel="3.63" electricity="0.00" noise="74.77" route="routetop" type="cfm-slow" waiting="0.00" lane="left_0" pos="36.36" speed="30.82" angle="119.08" x="35.13" y="1.27"/>
        <vehicle id="cfm-slow_1" eclass="HBEFA3/PC_G_EU4" CO2="0.00" CO="0.00" HC="0.00" NOx="0.00" PMx="0.00" fuel="0.00" electricity="0.00" noise="73.37" route="routebottom" type="cfm-slow" waiting="0.00" lane="bottom_0" pos="12.31" speed="31.01" angle="72.30" x="89.58" y="0.15"/>
        <vehicle id="cfm-slow_2" eclass="HBEFA3/PC_G_EU4" CO2="0.00" CO="0.00" HC="0.00" NOx="0.00" PMx="0.00" fuel="0.00" electricity="0.00" noise="72.46" route="routebottom" type="cfm-slow" waiting="0.00" lane="bottom_0" pos="38.34" speed="30.03" angle="25.50" x="127.69" y="39.04"/>
        <vehicle id="cfm-slow_3" eclass="HBEFA3/PC_G_EU4" CO2="0.00" CO="0.00" HC="0.00" NOx="0.00" PMx="0.00" fuel="0.00" electricity="0.00" noise="71.64" route="routebottom" type="cfm-slow" waiting="0.00" lane="right_0" pos="13.28" speed="28.34" angle="340.55" x="126.36" y="91.51"/>
        <vehicle id="cfm-slow_4" eclass="HBEFA3/PC_G_EU4" CO2="0.00" CO="0.00" HC="0.00" NOx="0.00" PMx="0.00" fuel="0.00" electricity="0.00" noise="71.32" route="routebottom" type="cfm-slow" waiting="0.00" lane="right_0" pos="36.47" speed="26.73" angle="298.89" x="91.99" y="126.14"/>
        <vehicle id="cfm-slow_5" eclass="HBEFA3/PC_G_EU4" CO2="7078.21" CO="79.32" HC="0.54" NOx="2.65" PMx="0.15" fuel="3.04" electricity="0.00" noise="72.56" route="routetop" type="cfm-slow" waiting="0.00" lane="top_0" pos="8.06" speed="25.99" angle="259.91" x="46.42" y="130.06"/>
    </timestep>
    <timestep time="8.70">
        <vehicle id="cfm-fast_0" eclass="HBEFA3/PC_G_EU4" CO2="69311.73" CO="2521.59" HC="13.33" NOx="31.19" PMx="2.28" fuel="29.79" electricity="0.00" noise="98.38" route="routebottom" type="cfm-fast" waiting="0.00" lane="right_1" pos="25.85" speed="74.09" angle="318.04" x="108.59" y="111.05"/>
        <vehicle id="cfm-fast_1" eclass="HBEFA3/PC_G_EU4" CO2="14098.38" CO="225.88" HC="1.38" NOx="5.96" PMx="0.33" fuel="6.06" electricity="0.00" noise="75.28" route="routetop" type="cfm-fast" waiting="0.00" lane="top_0" pos="29.28" speed="26.47" angle="221.80" x="9.10" y="105.25"/>
        <vehicle id="cfm-fast_2" eclass="HBEFA3/PC_G_EU4" CO2="38481.87" CO="1951.98" HC="9.98" NOx="16.62" PMx="1.51" fuel="16.54" electricity="0.00" noise="92.46" route="routetop" type="cfm-fast" waiting="0.00" lane="top_1" pos="41.36" speed="75.54" angle="200.05" x="0.76" y="81.20"/>
        <vehicle id="cfm-fast_3" eclass="HBEFA3/PC_G_EU4" CO2="17508.62" CO="303.28" HC="1.82" NOx="7.53" PMx="0.42" fuel="7.53" electricity="0.00" noise="77.06" route="routetop" type="cfm-fast" waiting="0.00" lane="top_0" pos="46.82" speed="27.90" angle="190.30" x="-4.59" y="70.58"/>
        <vehicle id="cfm-fast_4" eclass="HBEFA3/PC_G_EU4" CO2="38251.98" CO="1941.33" HC="9.92" NOx="16.51" PMx="1.50" fuel="16.44" electricity="0.00" noise="92.39" route="routebottom" type="cfm-fast" waiting="0.00" lane="bottom_1" pos="8.07" speed="75.41" angle="79.94" x="80.06" y="0.45"/>
        <vehicle id="cfm-fast_5" eclass="HBEFA3/PC_G_EU4" CO2="15565.29" CO="274.11" HC="1.64" NOx="6.58" PMx="0.38" fuel="6.69" electricity="0.00" noise="76.57" route="routetop" type="cfm-fast" waiting="0.00" lane="left_0" pos="15.89" speed="29.60" angle="155.87" x="3.45" y="30.80"/>
        <vehicle id="cfm-slow_0" eclass="HBEFA3/PC_G_EU4" CO2="8352.76" CO="134.84" HC="0.83" NOx="3.15" PMx="0.20" fuel="3.59" electricity="0.00" noise="74.75" route="routetop" type="cfm-slow" waiting="0.00" lane="left_0" pos="36.67" speed="30.82" angle="118.50" x="35.73" y="1.00"/>
        <vehicle id="cfm-slow_1" eclass="HBEFA3/PC_G_EU4" CO2="0.00" CO="0.00" HC="0.00" NOx="0.00" PMx="0.00" fuel="0.00" electricity="0.00" noise="73.36" route="routebottom" type="cfm-slow" waiting="0.00" lane="bottom_0" pos="12.62" speed="31.00" angle="71.75" x="90.20" y="0.39"/>
        <vehicle id="cfm-slow_2" eclass="HBEFA3/PC_G_EU4" CO2="0.00" CO="0.00" HC="0.00" NOx="0.00" PMx="0.00" fuel="0.00" electricity="0.00" noise="72.45" route="routebottom" type="cfm-slow" waiting="0.00" lane="bottom_0" pos="38.64" speed="30.02" angle="25.01" x="127.92" y="39.64"/>
        <vehicle id="cfm-slow_3" eclass="HBEFA3/PC_G_EU4" CO2="0.00" CO="0.00" HC="0.00" NOx="0.00" PMx="0.00" fuel="0.00" electricity="0.00" noise="71.64" route="routebottom" type="cfm-slow" waiting="0.00" lane="right_0" pos="13.57" speed="28.32" angle="340.04" x="126.11" y="92.07"/>
        <vehicle id="cfm-slow_4" eclass="HBEFA3/PC_G_EU4" CO2="0.00" CO="0.00" HC="0.00" NOx="0.00" PMx="0.00" fuel="0.00" electricity="0.00" noise="71.33" route="routebottom" type="cfm-slow" waiting="0.00" lane="right_0" pos="36.74" speed="26.72" angle="298.37" x="91.47" y="126.38"/>
        <vehicle id="cfm-slow_5" eclass="HBEFA3/PC_G_EU4" CO2="7146.13" CO="80.73" HC="0.55" NOx="2.69" PMx="0.15" fuel="3.07" electricity="0.00" noise="72.58" route="routetop" type="cfm-slow" waiting="0.00" lane="top_0" pos="8.32" speed="26.00" angle="259.43" x="45.87" y="129.92"/>
    </timestep>
    <timestep time="8.71">
        <vehicle id="cfm-fast_0" eclass="HBEFA3/PC_G_EU4" CO2="68995.69" CO="2515.83" HC="13.30" NOx="31.04" PMx="2.28" fuel="29.66" electricity="0.00" noise="98.32" route="routebottom" type="cfm-fast" waiting="0.00" lane="right_1" pos="26.59" speed="74.10" angle="316.69" x="107.48" y="112.09"/>
        <vehicle id="cfm-fast_1" eclass="HBEFA3/PC_G_EU4" CO2="14132.53" CO="226.65" HC="1.38" NOx="5.97" PMx="0.33" fuel="6.07" electricity="0.00" noise="75.30" route="routetop" type="cfm-fast" waiting="0.00" lane="top_0" pos="29.54" speed="26.49" angle="221.37" x="8.76" y="104.80"/>
        <vehicle id="cfm-fast_2" eclass="HBEFA3/PC_G_EU4" CO2="38450.31" CO="1951.35" HC="9.97" NOx="16.61" PMx="1.51" fuel="16.53" electricity="0.00" noise="92.46" route="routetop" type="cfm-fast" waiting="0.00" lane="top_1" pos="42.11" speed="75.54" angle="198.66" x="0.36" y="79.70"/>
        <vehicle id="cfm-fast_3" eclass="HBEFA3/PC_G_EU4" CO2="17493.64" CO="303.07" HC="1.82" NOx="7.53" PMx="0.42" fuel="7.52" electricity="0.00" noise="77.06" route="routetop" type="cfm-fast" waiting="0.00" lane="top_0" pos="47.10" speed="27.92" angle="189.79" x="-4.65" y="69.98"/>
        <vehicle id="cfm-fast_4" eclass="HBEFA3/PC_G_EU4" CO2="38309.47" CO="1942.53" HC="9.93" NOx="16.54" PMx="1.50" fuel="16.47" electricity="0.00" noise="92.40" route="routebottom" type="cfm-fast" waiting="0.00" lane="bottom_1" pos="8.83" speed="75.41" angle="78.53" x="81.55" y="0.86"/>
        <vehicle id="cfm-fast_5" eclass="HBEFA3/PC_G_EU4" CO2="15499.11" CO="272.83" HC="1.63" NOx="6.55" PMx="0.38" fuel="6.66" electricity="0.00" noise="76.55" route="routetop" type="cfm-fast" waiting="0.00" lane="left_0" pos="16.18" speed="29.62" angle="155.33" x="3.75" y="30.24"/>
        <vehicle id="cfm-slow_0" eclass="HBEFA3/PC_G_EU4" CO2="8262.23" CO="133.00" HC="0.82" NOx="3.11" PMx="0.19" fuel="3.55" electricity="0.00" noise="74.74" route="routetop" type="cfm-slow" waiting="0.00" lane="left_0" pos="36.98" speed="30.83" angle="117.92" x="36.34" y="0.73"/>
        <vehicle id="cfm-slow_1" eclass="HBEFA3/PC_G_EU4" CO2="0.00" CO="0.00" HC="0.00" NOx="0.00" PMx="0.00" fuel="0.00" electricity="0.00" noise="73.35" route="routebottom" type="cfm-slow" waiting="0.00" lane="bottom_0" pos="12.93" speed="30.99" angle="71.24" x="90.82" y="0.65"/>
        <vehicle id="cfm-slow_2" eclass="HBEFA3/PC_G_EU4" CO2="0.00" CO="0.00" HC="0.00" NOx="0.00" PMx="0.00" fuel="0.00" electricity="0.00" noise="72.44" route="routebottom" type="cfm-slow" waiting="0.00" lane="bottom_0" pos="38.94" speed="30.00" angle="24.47" x="128.14" y="40.25"/>
        <vehicle id="cfm-slow_3" eclass="HBEFA3/PC_G_EU4" CO2="0.00" CO="0.00" HC="0.00" NOx="0.00" PMx="0.00" fuel="0.00" electricity="0.00" noise="71.63" route="routebottom" type="cfm-slow" waiting="0.00" lane="right_0" pos="13.85" speed="28.31" angle="339.52" x="125.86" y="92.62"/>
        <vehicle id="cfm-slow_4" eclass="HBEFA3/PC_G_EU4" CO2="0.00" CO="0.00" HC="0.00" NOx="0.00" PMx="0.00" fuel="0.00" electricity="0.00" noise="71.33" route="routebottom" type="cfm-slow" waiting="0.00" lane="right_0" pos="37.00" speed="26.71" angle="297.85" x="90.94" y="126.61"/>
        <vehicle id="cfm-slow_5" eclass="HBEFA3/PC_G_EU4" CO2="7213.74" CO="82.14" HC="0.55" NOx="2.72" PMx="0.15" fuel="3.10" electricity="0.00" noise="72.60" route="routetop" type="cfm-slow" waiting="0.00" lane="top_0" pos="8.58" speed="26.00" angle="258.96" x="45.33" y="129.77"/>
    </timestep>
    <timestep time="8.72">
        <vehicle id="cfm-fast_0" eclass="HBEFA3/PC_G_EU4" CO2="68682.25" CO="2510.13" HC="13.26" NOx="30.89" PMx="2.27" fuel="29.52" electricity="0.00" noise="98.25" route="routebottom" type="cfm-fast" waiting="0.00" lane="right_1" pos="27.33" speed="74.12" angle="315.33" x="106.34" y="113.09"/>
        <vehicle id="cfm-fast_1" eclass="HBEFA3/PC_G_EU4" CO2="14166.23" CO="227.40" HC="1.39" NOx="5.99" PMx="0.33" fuel="6.09" electricity="0.00" noise="75.32" route="routetop" type="cfm-fast" waiting="0.00" lane="top_0" pos="29.81" speed="26.50" angle="220.88" x="8.42" y="104.34"/>
        <vehicle id="cfm-fast_2" eclass="HBEFA3/PC_G_EU4" CO2="38419.83" CO="1950.74" HC="9.97" NOx="16.59" PMx="1.50" fuel="16.52" electricity="0.00" noise="92.45" route="routetop" type="cfm-fast" waiting="0.00" lane="top_1" pos="42.87" speed="75.54" angle="197.36" x="0.00" y="78.19"/>
        <vehicle id="cfm-fast_3" eclass="HBEFA3/PC_G_EU4" CO2="17478.19" CO="302.85" HC="1.82" NOx="7.52" PMx="0.42" fuel="7.51" electricity="0.00" noise="77.05" route="routetop" type="cfm-fast" waiting="0.00" lane="top_0" pos="47.38" speed="27.93" angle="189.30" x="-4.71" y="69.38"/>
        <vehicle id="cfm-fast_4" eclass="HBEFA3/PC_G_EU4" CO2="38365.76" CO="1943.71" HC="9.94" NOx="16.57" PMx="1.50" fuel="16.49" electricity="0.00" noise="92.41" route="routebottom" type="cfm-fast" waiting="0.00" lane="bottom_1" pos="9.58" speed="75.41" angle="77.21" x="83.03" y="1.30"/>
        <vehicle id="cfm-fast_5" eclass="HBEFA3/PC_G_EU4" CO2="15432.65" CO="271.55" HC="1.63" NOx="6.52" PMx="0.38" fuel="6.63" electricity="0.00" noise="76.53" route="routetop" type="cfm-fast" waiting="0.00" lane="left_0" pos="16.48" speed="29.63" angle="154.78" x="4.06" y="29.68"/>
        <vehicle id="cfm-slow_0" eclass="HBEFA3/PC_G_EU4" CO2="8171.89" CO="131.16" HC="0.81" NOx="3.06" PMx="0.19" fuel="3.51" electricity="0.00" noise="74.72" route="routetop" type="cfm-slow" waiting="0.00" lane="left_0" pos="37.29" speed="30.83" angle="117.43" x="36.94" y="0.46"/>
        <vehicle id="cfm-slow_1" eclass="HBEFA3/PC_G_EU4" CO2="0.00" CO="0.00" HC="0.00" NOx="0.00" PMx="0.00" fuel="0.00" electricity="0.00" noise="73.34" route="routebottom" type="cfm-slow" waiting="0.00" lane="bottom_0" pos="13.24" speed="30.98" angle="70.66" x="91.42" y="0.93"/>
        <vehicle id="cfm-slow_2" eclass="HBEFA3/PC_G_EU4" CO2="0.00" CO="0.00" HC="0.00" NOx="0.00" PMx="0.00" fuel="0.00" electricity="0.00" noise="72.44" route="routebottom" type="cfm-slow" waiting="0.00" lane="bottom_0" pos="39.24" speed="29.99" angle="23.92" x="128.36" y="40.86"/>
        <vehicle id="cfm-slow_3" eclass="HBEFA3/PC_G_EU4" CO2="0.00" CO="0.00" HC="0.00" NOx="0.00" PMx="0.00" fuel="0.00" electricity="0.00" noise="71.63" route="routebottom" type="cfm-slow" waiting="0.00" lane="right_0" pos="14.13" speed="28.29" angle="339.06" x="125.61" y="93.17"/>
        <vehicle id="cfm-slow_4" eclass="HBEFA3/PC_G_EU4" CO2="0.00" CO="0.00" HC="0.00" NOx="0.00" PMx="0.00" fuel="0.00" electricity="0.00" noise="71.34" route="routebottom" type="cfm-slow" waiting="0.00" lane="right_0" pos="37.27" speed="26.71" angle="297.43" x="90.42" y="126.84"/>
        <vehicle id="cfm-slow_5" eclass="HBEFA3/PC_G_EU4" CO2="7281.04" CO="83.54" HC="0.56" NOx="2.75" PMx="0.15" fuel="3.13" electricity="0.00" noise="72.62" route="routetop" type="cfm-slow" waiting="0.00" lane="top_0" pos="8.84" speed="26.01" angle="258.49" x="44.79" y="129.63"/>
    </timestep>
    <timestep time="8.73">
        <vehicle id="cfm-fast_0" eclass="HBEFA3/PC_G_EU4" CO2="68371.39" CO="2504.46" HC="13.23" NOx="30.74" PMx="2.26" fuel="29.39" electricity="0.00" noise="98.19" route="routebottom" type="cfm-fast" waiting="0.00" lane="right_1" pos="28.07" speed="74.14" angle="313.87" x="105.17" y="114.07"/>
        <vehicle id="cfm-fast_1" eclass="HBEFA3/PC_G_EU4" CO2="14199.50" CO="228.15" HC="1.39" NOx="6.00" PMx="0.33" fuel="6.10" electricity="0.00" noise="75.34" route="routetop" type="cfm-fast" waiting="0.00" lane="top_0" pos="30.07" speed="26.51" angle="220.39" x="8.09" y="103.88"/>
        <vehicle id="cfm-fast_2" eclass="HBEFA3/PC_G_EU4" CO2="38390.41" CO="1950.15" HC="9.97" NOx="16.58" PMx="1.50" fuel="16.50" electricity="0.00" noise="92.45" route="routetop" type="cfm-fast" waiting="0.00" lane="top_1" pos="43.62" speed="75.54" angle="196.04" x="-0.34" y="76.68"/>
        <vehicle id="cfm-fast_3" eclass="HBEFA3/PC_G_EU4" CO2="17462.26" CO="302.62" HC="1.82" NOx="7.51" PMx="0.42" fuel="7.51" electricity="0.00" noise="77.05" route="routetop" type="cfm-fast" waiting="0.00" lane="top_0" pos="47.66" speed="27.95" angle="188.81" x="-4.75" y="68.79"/>
        <vehicle id="cfm-fast_4" eclass="HBEFA3/PC_G_EU4" CO2="38420.87" CO="1944.87" HC="9.94" NOx="16.59" PMx="1.50" fuel="16.52" electricity="0.00" noise="92.42" route="routebottom" type="cfm-fast" waiting="0.00" lane="bottom_1" pos="10.33" speed="75.41" angle="75.89" x="84.51" y="1.77"/>
        <vehicle id="cfm-fast_5" eclass="HBEFA3/PC_G_EU4" CO2="15365.92" CO="270.27" HC="1.62" NOx="6.48" PMx="0.37" fuel="6.61" electricity="0.00" noise="76.50" route="routetop" type="cfm-fast" waiting="0.00" lane="left_0" pos="16.78" speed="29.64" angle="154.29" x="4.38" y="29.13"/>
        <vehicle id="cfm-slow_0" eclass="HBEFA3/PC_G_EU4" CO2="8081.75" CO="129.33" HC="0.80" NOx="3.02" PMx="0.19" fuel="3.47" electricity="0.00" noise="74.70" route="routetop" type="cfm-slow" waiting="0.00" lane="left_0" pos="37.60" speed="30.83" angle="116.86" x="37.56" y="0.22"/>
        <vehicle id="cfm-slow_1" eclass="HBEFA3/PC_G_EU4" CO2="0.00" CO="0.00" HC="0.00" NOx="0.00" PMx="0.00" fuel="0.00" electricity="0.00" noise="73.33" route="routebottom" type="cfm-slow" waiting="0.00" lane="bottom_0" pos="13.55" speed="30.97" angle="70.09" x="92.03" y="1.20"/>
        <vehicle id="cfm-slow_2" eclass="HBEFA3/PC_G_EU4" CO2="0.00" CO="0.00" HC="0.00" NOx="0.00" PMx="0.00" fuel="0.00" electricity="0.00" noise="72.43" route="routebottom" type="cfm-slow" waiting="0.00" lane="bottom_0" pos="39.54" speed="29.97" angle="23.38" x="128.58" y="41.46"/>
        <vehicle id="cfm-slow_3" eclass="HBEFA3/PC_G_EU4" CO2="0.00" CO="0.00" HC="0.00" NOx="0.00" PMx="0.00" fuel="0.00" electricity="0.00" noise="71.62" route="routebottom" type="cfm-slow" waiting="0.00" lane="right_0" pos="14.42" speed="28.27" angle="338.53" x="125.33" y="93.72"/>
        <vehicle id="cfm-slow_4" eclass="HBEFA3/PC_G_EU4" CO2="0.00" CO="0.00" HC="0.00" NOx="0.00" PMx="0.00" fuel="0.00" electricity="0.00" noise="71.34" route="routebottom" type="cfm-slow" waiting="0.00" lane="right_0" pos="37.54" speed="26.70" angle="296.94" x="89.88" y="127.05"/>
        <vehicle id="cfm-slow_5" eclass="HBEFA3/PC_G_EU4" CO2="7348.01" CO="84.94" HC="0.57" NOx="2.78" PMx="0.15" fuel="3.16" electricity="0.00" noise="72.64" route="routetop" type="cfm-slow" waiting="0.00" lane="top_0" pos="9.10" speed="26.01" angle="258.07" x="44.26" y="129.47"/>
    </timestep>
    <timestep time="8.74">
        <vehicle id="cfm-fast_0" eclass="HBEFA3/PC_G_EU4" CO2="68063.11" CO="2498.85" HC="13.20" NOx="30.60" PMx="2.25" fuel="29.26" electricity="0.00" noise="98.12" route="routebottom" type="cfm-fast" waiting="0.00" lane="right_1" pos="28.81" speed="74.15" angle="312.58" x="103.98" y="115.01"/>
        <vehicle id="cfm-fast_1" eclass="HBEFA3/PC_G_EU4" CO2="14232.32" CO="228.88" HC="1.40" NOx="6.02" PMx="0.33" fuel="6.12" electricity="0.00" noise="75.35" route="routetop" type="cfm-fast" waiting="0.00" lane="top_0" pos="30.34" speed="26.53" angle="219.89" x="7.76" y="103.41"/>
        <vehicle id="cfm-fast_2" eclass="HBEFA3/PC_G_EU4" CO2="38362.02" CO="1949.58" HC="9.96" NOx="16.56" PMx="1.50" fuel="16.49" electricity="0.00" noise="92.44" route="routetop" type="cfm-fast" waiting="0.00" lane="top_1" pos="44.38" speed="75.54" angle="194.64" x="-0.62" y="75.16"/>
        <vehicle id="cfm-fast_3" eclass="HBEFA3/PC_G_EU4" CO2="17445.85" CO="302.38" HC="1.81" NOx="7.50" PMx="0.42" fuel="7.50" electricity="0.00" noise="77.04" route="routetop" type="cfm-fast" waiting="0.00" lane="top_0" pos="47.94" speed="27.97" angle="188.28" x="-4.79" y="68.18"/>
        <vehicle id="cfm-fast_4" eclass="HBEFA3/PC_G_EU4" CO2="38474.81" CO="1946.00" HC="9.95" NOx="16.62" PMx="1.50" fuel="16.54" electricity="0.00" noise="92.43" route="routebottom" type="cfm-fast" waiting="0.00" lane="bottom_1" pos="11.09" speed="75.41" angle="74.50" x="85.96" y="2.29"/>
        <vehicle id="cfm-fast_5" eclass="HBEFA3/PC_G_EU4" CO2="15298.93" CO="268.98" HC="1.61" NOx="6.45" PMx="0.37" fuel="6.58" electricity="0.00" noise="76.48" route="routetop" type="cfm-fast" waiting="0.00" lane="left_0" pos="17.07" speed="29.65" angle="153.75" x="4.71" y="28.58"/>
        <vehicle id="cfm-slow_0" eclass="HBEFA3/PC_G_EU4" CO2="7991.80" CO="127.50" HC="0.79" NOx="2.98" PMx="0.19" fuel="3.44" electricity="0.00" noise="74.68" route="routetop" type="cfm-slow" waiting="0.00" lane="left_0" pos="37.91" speed="30.83" angle="116.29" x="38.18" y="-0.03"/>
        <vehicle id="cfm-slow_1" eclass="HBEFA3/PC_G_EU4" CO2="0.00" CO="0.00" HC="0.00" NOx="0.00" PMx="0.00" fuel="0.00" electricity="0.00" noise="73.32" route="routebottom" type="cfm-slow" waiting="0.00" lane="bottom_0" pos="13.86" speed="30.96" angle="69.52" x="92.64" y="1.48"/>
        <vehicle id="cfm-slow_2" eclass="HBEFA3/PC_G_EU4" CO2="0.00" CO="0.00" HC="0.00" NOx="0.00" PMx="0.00" fuel="0.00" electricity="0.00" noise="72.42" route="routebottom" type="cfm-slow" waiting="0.00" lane="bottom_0" pos="39.84" speed="29.95" angle="22.90" x="128.79" y="42.07"/>
        <vehicle id="cfm-slow_3" eclass="HBEFA3/PC_G_EU4" CO2="0.00" CO="0.00" HC="0.00" NOx="0.00" PMx="0.00" fuel="0.00" electricity="0.00" noise="71.62" route="routebottom" type="cfm-slow" waiting="0.00" lane="right_0" pos="14.70" speed="28.26" angle="337.99" x="125.06" y="94.26"/>
        <vehicle id="cfm-slow_4" eclass="HBEFA3/PC_G_EU4" CO2="0.00" CO="0.00" HC="0.00" NOx="0.00" PMx="0.00" fuel="0.00" electricity="0.00" noise="71.35" route="routebottom" type="cfm-slow" waiting="0.00" lane="right_0" pos="37.81" speed="26.69" angle="296.46" x="89.35" y="127.27"/>
        <vehicle id="cfm-slow_5" eclass="HBEFA3/PC_G_EU4" CO2="7414.66" CO="86.33" HC="0.58" NOx="2.81" PMx="0.15" fuel="3.19" electricity="0.00" noise="72.67" route="routetop" type="cfm-slow" waiting="0.00" lane="top_0" pos="9.36" speed="26.01" angle="257.60" x="43.72" y="129.30"/>
    </timestep>
    <timestep time="8.75">
        <vehicle id="cfm-fast_0" eclass="HBEFA3/PC_G_EU4" CO2="67757.39" CO="2493.28" HC="13.17" NOx="30.45" PMx="2.25" fuel="29.13" electricity="0.00" noise="98.06" route="routebottom" type="cfm-fast" waiting="0.00" lane="right_1" pos="29.56" speed="74.17" angle="311.28" x="102.78" y="115.95"/>
        <vehicle id="cfm-fast_1" eclass="HBEFA3/PC_G_EU4" CO2="14264.71" CO="229.61" HC="1.40" NOx="6.03" PMx="0.33" fuel="6.13" electricity="0.00" noise="75.37" route="routetop" type="cfm-fast" waiting="0.00" lane="top_0" pos="30.60" speed="26.54" angle="219.40" x="7.42" y="102.95"/>
        <vehicle id="cfm-fast_2" eclass="HBEFA3/PC_G_EU4" CO2="38334.66" CO="1949.03" HC="9.96" NOx="16.55" PMx="1.50" fuel="16.48" electricity="0.00" noise="92.44" route="routetop" type="cfm-fast" waiting="0.00" lane="top_1" pos="45.13" speed="75.54" angle="193.32" x="-0.88" y="73.63"/>
        <vehicle id="cfm-fast_3" eclass="HBEFA3/PC_G_EU4" CO2="17428.98" CO="302.13" HC="1.81" NOx="7.49" PMx="0.42" fuel="7.49" electricity="0.00" noise="77.04" route="routetop" type="cfm-fast" waiting="0.00" lane="top_0" pos="48.22" speed="27.98" angle="187.74" x="-4.82" y="67.58"/>
        <vehicle id="cfm-fast_4" eclass="HBEFA3/PC_G_EU4" CO2="38527.59" CO="1947.11" HC="9.96" NOx="16.64" PMx="1.51" fuel="16.56" electricity="0.00" noise="92.44" route="routebottom" type="cfm-fast" waiting="0.00" lane="bottom_1" pos="11.84" speed="75.41" angle="73.17" x="87.41" y="2.83"/>
        <vehicle id="cfm-fast_5" eclass="HBEFA3/PC_G_EU4" CO2="15231.68" CO="267.68" HC="1.60" NOx="6.42" PMx="0.37" fuel="6.55" electricity="0.00" noise="76.46" route="routetop" type="cfm-fast" waiting="0.00" lane="left_0" pos="17.37" speed="29.67" angle="153.20" x="5.04" y="28.03"/>
        <vehicle id="cfm-slow_0" eclass="HBEFA3/PC_G_EU4" CO2="7902.06" CO="125.67" HC="0.78" NOx="2.94" PMx="0.18" fuel="3.40" electricity="0.00" noise="74.66" route="routetop" type="cfm-slow" waiting="0.00" lane="left_0" pos="38.21" speed="30.84" angle="115.73" x="38.79" y="-0.28"/>
        <vehicle id="cfm-slow_1" eclass="HBEFA3/PC_G_EU4" CO2="0.00" CO="0.00" HC="0.00" NOx="0.00" PMx="0.00" fuel="0.00" electricity="0.00" noise="73.31" route="routebottom" type="cfm-slow" waiting="0.00" lane="bottom_0" pos="14.17" speed="30.95" angle="69.00" x="93.24" y="1.76"/>
        <vehicle id="cfm-slow_2" eclass="HBEFA3/PC_G_EU4" CO2="0.00" CO="0.00" HC="0.00" NOx="0.00" PMx="0.00" fuel="0.00" electricity="0.00" noise="72.41" route="routebottom" type="cfm-slow" waiting="0.00" lane="bottom_0" pos="40.14" speed="29.94" angle="22.32" x="128.98" y="42.69"/>
        <vehicle id="cfm-slow_3" eclass="HBEFA3/PC_G_EU4" CO2="0.00" CO="0.00" HC="0.00" NOx="0.00" PMx="0.00" fuel="0.00" electricity="0.00" noise="71.61" route="routebottom" type="cfm-slow" waiting="0.00" lane="right_0" pos="14.98" speed="28.24" angle="337.45" x="124.79" y="94.80"/>
        <vehicle id="cfm-slow_4" eclass="HBEFA3/PC_G_EU4" CO2="0.00" CO="0.00" HC="0.00" NOx="0.00" PMx="0.00" fuel="0.00" electricity="0.00" noise="71.36" route="routebottom" type="cfm-slow" waiting="0.00" lane="right_0" pos="38.07" speed="26.68" angle="295.98" x="88.82" y="127.48"/>
        <vehicle id="cfm-slow_5" eclass="HBEFA3/PC_G_EU4" CO2="7481.00" CO="87.71" HC="0.59" NOx="2.84" PMx="0.16" fuel="3.22" electricity="0.00" noise="72.69" route="routetop" type="cfm-slow" waiting="0.00" lane="top_0" pos="9.62" speed="26.02" angle="257.13" x="43.19" y="129.14"/>
    </timestep>
    <timestep time="8.76">
        <vehicle id="cfm-fast_0" eclass="HBEFA3/PC_G_EU4" CO2="67454.22" CO="2487.75" HC="13.13" NOx="30.31" PMx="2.24" fuel="29.00" electricity="0.00" noise="98.00" route="routebottom" type="cfm-fast" waiting="0.00" lane="right_1" pos="30.30" speed="74.19" angle="309.93" x="101.55" y="116.84"/>
        <vehicle id="cfm-fast_1" eclass="HBEFA3/PC_G_EU4" CO2="14296.65" CO="230.33" HC="1.41" NOx="6.05" PMx="0.34" fuel="6.15" electricity="0.00" noise="75.39" route="routetop" type="cfm-fast" waiting="0.00" lane="top_0" pos="30.87" speed="26.55" angle="218.98" x="7.10" y="102.48"/>
        <vehicle id="cfm-fast_2" eclass="HBEFA3/PC_G_EU4" CO2="38308.29" CO="1948.51" HC="9.96" NOx="16.54" PMx="1.50" fuel="16.47" electricity="0.00" noise="92.43" route="routetop" type="cfm-fast" waiting="0.00" lane="top_1" pos="45.89" speed="75.54" angle="191.94" x="-1.10" y="72.10"/>
        <vehicle id="cfm-fast_3" eclass="HBEFA3/PC_G_EU4" CO2="17411.63" CO="301.86" HC="1.81" NOx="7.49" PMx="0.42" fuel="7.48" electricity="0.00" noise="77.03" route="routetop" type="cfm-fast" waiting="0.00" lane="top_0" pos="48.50" speed="28.00" angle="187.20" x="-4.86" y="66.98"/>
        <vehicle id="cfm-fast_4" eclass="HBEFA3/PC_G_EU4" CO2="38579.22" CO="1948.20" HC="9.96" NOx="16.67" PMx="1.51" fuel="16.58" electricity="0.00" noise="92.45" route="routebottom" type="cfm-fast" waiting="0.00" lane="bottom_1" pos="12.60" speed="75.41" angle="71.81" x="88.85" y="3.41"/>
        <vehicle id="cfm-fast_5" eclass="HBEFA3/PC_G_EU4" CO2="15164.17" CO="266.38" HC="1.60" NOx="6.39" PMx="0.37" fuel="6.52" electricity="0.00" noise="76.44" route="routetop" type="cfm-fast" waiting="0.00" lane="left_0" pos="17.67" speed="29.68" angle="152.65" x="5.37" y="27.49"/>
        <vehicle id="cfm-slow_0" eclass="HBEFA3/PC_G_EU4" CO2="7812.52" CO="123.84" HC="0.76" NOx="2.89" PMx="0.18" fuel="3.36" electricity="0.00" noise="74.64" route="routetop" type="cfm-slow" waiting="0.00" lane="left_0" pos="38.52" speed="30.84" angle="115.21" x="39.41" y="-0.52"/>
        <vehicle id="cfm-slow_1" eclass="HBEFA3/PC_G_EU4" CO2="0.00" CO="0.00" HC="0.00" NOx="0.00" PMx="0.00" fuel="0.00" electricity="0.00" noise="73.30" route="routebottom" type="cfm-slow" waiting="0.00" lane="bottom_0" pos="14.48" speed="30.94" angle="68.42" x="93.84" y="2.05"/>
        <vehicle id="cfm-slow_2" eclass="HBEFA3/PC_G_EU4" CO2="0.00" CO="0.00" HC="0.00" NOx="0.00" PMx="0.00" fuel="0.00" electricity="0.00" noise="72.40" route="routebottom" type="cfm-slow" waiting="0.00" lane="bottom_0" pos="40.43" speed="29.92" angle="21.75" x="129.17" y="43.30"/>
        <vehicle id="cfm-slow_3" eclass="HBEFA3/PC_G_EU4" CO2="0.00" CO="0.00" HC="0.00" NOx="0.00" PMx="0.00" fuel="0.00" electricity="0.00" noise="71.61" route="routebottom" type="cfm-slow" waiting="0.00" lane="right_0" pos="15.26" speed="28.23" angle="336.93" x="124.52" y="95.35"/>
        <vehicle id="cfm-slow_4" eclass="HBEFA3/PC_G_EU4" CO2="0.00" CO="0.00" HC="0.00" NOx="0.00" PMx="0.00" fuel="0.00" electricity="0.00" noise="71.36" route="routebottom" type="cfm-slow" waiting="0.00" lane="right_0" pos="38.34" speed="26.68" angle="295.50" x="88.28" y="127.69"/>
        <vehicle id="cfm-slow_5" eclass="HBEFA3/PC_G_EU4" CO2="7547.01" CO="89.09" HC="0.59" NOx="2.87" PMx="0.16" fuel="3.24" electricity="0.00" noise="72.71" route="routetop" type="cfm-slow" waiting="0.00" lane="top_0" pos="9.88" speed="26.02" angle="256.65" x="42.65" y="128.97"/>
    </timestep>
    <timestep time="8.77">
        <vehicle id="cfm-fast_0" eclass="HBEFA3/PC_G_EU4" CO2="67153.60" CO="2482.27" HC="13.10" NOx="30.17" PMx="2.23" fuel="28.87" electricity="0.00" noise="97.94" route="routebottom" type="cfm-fast" waiting="0.00" lane="right_1" pos="31.04" speed="74.20" angle="308.63" x="100.31" y="117.71"/>
        <vehicle id="cfm-fast_1" eclass="HBEFA3/PC_G_EU4" CO2="14328.15" CO="231.04" HC="1.41" NOx="6.06" PMx="0.34" fuel="6.16" electricity="0.00" noise="75.41" route="routetop" type="cfm-fast" waiting="0.00" lane="top_0" pos="31.13" speed="26.57" angle="218.50" x="6.78" y="102.01"/>
        <vehicle id="cfm-fast_2" eclass="HBEFA3/PC_G_EU4" CO2="38282.90" CO="1948.00" HC="9.96" NOx="16.53" PMx="1.50" fuel="16.46" electricity="0.00" noise="92.43" route="routetop" type="cfm-fast" waiting="0.00" lane="top_1" pos="46.64" speed="75.54" angle="190.59" x="-1.28" y="70.56"/>
        <vehicle id="cfm-fast_3" eclass="HBEFA3/PC_G_EU4" CO2="17393.82" CO="301.59" HC="1.81" NOx="7.48" PMx="0.42" fuel="7.48" electricity="0.00" noise="77.03" route="routetop" type="cfm-fast" waiting="0.00" lane="top_0" pos="48.78" speed="28.02" angle="186.74" x="-4.89" y="66.38"/>
        <vehicle id="cfm-fast_4" eclass="HBEFA3/PC_G_EU4" CO2="38629.73" CO="1949.27" HC="9.97" NOx="16.69" PMx="1.51" fuel="16.61" electricity="0.00" noise="92.46" route="routebottom" type="cfm-fast" waiting="0.00" lane="bottom_1" pos="13.35" speed="75.41" angle="70.49" x="90.27" y="4.02"/>
        <vehicle id="cfm-fast_5" eclass="HBEFA3/PC_G_EU4" CO2="15096.41" CO="265.07" HC="1.59" NOx="6.36" PMx="0.37" fuel="6.49" electricity="0.00" noise="76.41" route="routetop" type="cfm-fast" waiting="0.00" lane="left_0" pos="17.96" speed="29.69" angle="152.18" x="5.70" y="26.94"/>
        <vehicle id="cfm-slow_0" eclass="HBEFA3/PC_G_EU4" CO2="7723.19" CO="122.02" HC="0.75" NOx="2.85" PMx="0.18" fuel="3.32" electricity="0.00" noise="74.62" route="routetop" type="cfm-slow" waiting="0.00" lane="left_0" pos="38.83" speed="30.84" angle="114.65" x="40.03" y="-0.74"/>
        <vehicle id="cfm-slow_1" eclass="HBEFA3/PC_G_EU4" CO2="0.00" CO="0.00" HC="0.00" NOx="0.00" PMx="0.00" fuel="0.00" electricity="0.00" noise="73.29" route="routebottom" type="cfm-slow" waiting="0.00" lane="bottom_0" pos="14.79" speed="30.94" angle="67.85" x="94.43" y="2.35"/>
        <vehicle id="cfm-slow_2" eclass="HBEFA3/PC_G_EU4" CO2="0.00" CO="0.00" HC="0.00" NOx="0.00" PMx="0.00" fuel="0.00" electricity="0.00" noise="72.40" route="routebottom" type="cfm-slow" waiting="0.00" lane="bottom_0" pos="40.73" speed="29.90" angle="21.18" x="129.36" y="43.92"/>
        <vehicle id="cfm-slow_3" eclass="HBEFA3/PC_G_EU4" CO2="0.00" CO="0.00" HC="0.00" NOx="0.00" PMx="0.00" fuel="0.00" electricity="0.00" noise="71.60" route="routebottom" type="cfm-slow" waiting="0.00" lane="right_0" pos="15.55" speed="28.21" angle="336.47" x="124.23" y="95.88"/>
        <vehicle id="cfm-slow_4" eclass="HBEFA3/PC_G_EU4" CO2="0.00" CO="0.00" HC="0.00" NOx="0.00" PMx="0.00" fuel="0.00" electricity="0.00" noise="71.37" route="routebottom" type="cfm-slow" waiting="0.00" lane="right_0" pos="38.61" speed="26.67" angle="295.07" x="87.75" y="127.90"/>
        <vehicle id="cfm-slow_5" eclass="HBEFA3/PC_G_EU4" CO2="7612.70" CO="90.46" HC="0.60" NOx="2.91" PMx="0.16" fuel="3.27" electricity="0.00" noise="72.73" route="routetop" type="cfm-slow" waiting="0.00" lane="top_0" pos="10.14" speed="26.03" angle="256.21" x="42.12" y="128.81"/>
    </timestep>
    <timestep time="8.78">
        <vehicle id="cfm-fast_0" eclass="HBEFA3/PC_G_EU4" CO2="66855.50" CO="2476.83" HC="13.07" NOx="30.03" PMx="2.22" fuel="28.74" electricity="0.00" noise="97.87" route="routebottom" type="cfm-fast" waiting="0.00" lane="right_1" pos="31.78" speed="74.22" angle="307.27" x="99.04" y="118.56"/>
        <vehicle id="cfm-fast_1" eclass="HBEFA3/PC_G_EU4" CO2="14359.21" CO="231.75" HC="1.41" NOx="6.08" PMx="0.34" fuel="6.17" electricity="0.00" noise="75.42" route="routetop" type="cfm-fast" waiting="0.00" lane="top_0" pos="31.40" speed="26.58" angle="218.02" x="6.46" y="101.53"/>
        <vehicle id="cfm-fast_2" eclass="HBEFA3/PC_G_EU4" CO2="38258.46" CO="1947.51" HC="9.95" NOx="16.52" PMx="1.50" fuel="16.45" electricity="0.00" noise="92.42" route="routetop" type="cfm-fast" waiting="0.00" lane="top_1" pos="47.40" speed="75.54" angle="189.22" x="-1.43" y="69.02"/>
        <vehicle id="cfm-fast_3" eclass="HBEFA3/PC_G_EU4" CO2="17375.53" CO="301.31" HC="1.81" NOx="7.47" PMx="0.42" fuel="7.47" electricity="0.00" noise="77.02" route="routetop" type="cfm-fast" waiting="0.00" lane="top_0" pos="49.06" speed="28.03" angle="186.23" x="-4.90" y="65.78"/>
        <vehicle id="cfm-fast_4" eclass="HBEFA3/PC_G_EU4" CO2="38679.12" CO="1950.31" HC="9.98" NOx="16.72" PMx="1.51" fuel="16.63" electricity="0.00" noise="92.47" route="routebottom" type="cfm-fast" waiting="0.00" lane="bottom_1" pos="14.10" speed="75.41" angle="69.16" x="91.68" y="4.66"/>
        <vehicle id="cfm-fast_5" eclass="HBEFA3/PC_G_EU4" CO2="15028.41" CO="263.76" HC="1.58" NOx="6.32" PMx="0.37" fuel="6.46" electricity="0.00" noise="76.39" route="routetop" type="cfm-fast" waiting="0.00" lane="left_0" pos="18.26" speed="29.70" angle="151.62" x="6.05" y="26.41"/>
        <vehicle id="cfm-slow_0" eclass="HBEFA3/PC_G_EU4" CO2="7634.08" CO="120.20" HC="0.74" NOx="2.81" PMx="0.18" fuel="3.28" electricity="0.00" noise="74.60" route="routetop" type="cfm-slow" waiting="0.00" lane="left_0" pos="39.14" speed="30.84" angle="114.08" x="40.66" y="-0.97"/>
        <vehicle id="cfm-slow_1" eclass="HBEFA3/PC_G_EU4" CO2="0.00" CO="0.00" HC="0.00" NOx="0.00" PMx="0.00" fuel="0.00" electricity="0.00" noise="73.28" route="routebottom" type="cfm-slow" waiting="0.00" lane="bottom_0" pos="15.10" speed="30.93" angle="67.27" x="95.03" y="2.65"/>
        <vehicle id="cfm-slow_2" eclass="HBEFA3/PC_G_EU4" CO2="0.00" CO="0.00" HC="0.00" NOx="0.00" PMx="0.00" fuel="0.00" electricity="0.00" noise="72.39" route="routebottom" type="cfm-slow" waiting="0.00" lane="bottom_0" pos="41.03" speed="29.89" angle="20.67" x="129.56" y="44.53"/>
        <vehicle id="cfm-slow_3" eclass="HBEFA3/PC_G_EU4" CO2="0.00" CO="0.00" HC="0.00" NOx="0.00" PMx="0.00" fuel="0.00" electricity="0.00" noise="71.60" route="routebottom" type="cfm-slow" waiting="0.00" lane="right_0" pos="15.83" speed="28.20" angle="335.96" x="123.94" y="96.41"/>
        <vehicle id="cfm-slow_4" eclass="HBEFA3/PC_G_EU4" CO2="0.00" CO="0.00" HC="0.00" NOx="0.00" PMx="0.00" fuel="0.00" electricity="0.00" noise="71.38" route="routebottom" type="cfm-slow" waiting="0.00" lane="right_0" pos="38.87" speed="26.66" angle="294.58" x="87.21" y="128.09"/>
        <vehicle id="cfm-slow_5" eclass="HBEFA3/PC_G_EU4" CO2="7678.06" CO="91.82" HC="0.61" NOx="2.94" PMx="0.16" fuel="3.30" electricity="0.00" noise="72.75" route="routetop" type="cfm-slow" waiting="0.00" lane="top_0" pos="10.40" speed="26.03" angle="255.76" x="41.59" y="128.63"/>
    </timestep>
    <timestep time="8.79">
        <vehicle id="cfm-fast_0" eclass="HBEFA3/PC_G_EU4" CO2="66559.93" CO="2471.44" HC="13.04" NOx="29.89" PMx="2.22" fuel="28.61" electricity="0.00" noise="97.81" route="routebottom" type="cfm-fast" waiting="0.00" lane="right_1" pos="32.52" speed="74.23" angle="305.99" x="97.75" y="119.36"/>
        <vehicle id="cfm-fast_1" eclass="HBEFA3/PC_G_EU4" CO2="14389.83" CO="232.44" HC="1.42" NOx="6.09" PMx="0.34" fuel="6.19" electricity="0.00" noise="75.44" route="routetop" type="cfm-fast" waiting="0.00" lane="top_0" pos="31.66" speed="26.60" angle="217.54" x="6.14" y="101.05"/>
        <vehicle id="cfm-fast_2" eclass="HBEFA3/PC_G_EU4" CO2="38234.95" CO="1947.04" HC="9.95" NOx="16.50" PMx="1.50" fuel="16.44" electricity="0.00" noise="92.42" route="routetop" type="cfm-fast" waiting="0.00" lane="top_1" pos="48.15" speed="75.54" angle="187.85" x="-1.53" y="67.47"/>
        <vehicle id="cfm-fast_3" eclass="HBEFA3/PC_G_EU4" CO2="17356.78" CO="301.02" HC="1.81" NOx="7.46" PMx="0.42" fuel="7.46" electricity="0.00" noise="77.02" route="routetop" type="cfm-fast" waiting="0.00" lane="top_0" pos="49.34" speed="28.05" angle="185.71" x="-4.92" y="65.17"/>
        <vehicle id="cfm-fast_4" eclass="HBEFA3/PC_G_EU4" CO2="38727.40" CO="1951.33" HC="9.98" NOx="16.74" PMx="1.51" fuel="16.65" electricity="0.00" noise="92.48" route="routebottom" type="cfm-fast" waiting="0.00" lane="bottom_1" pos="14.86" speed="75.41" angle="67.75" x="93.06" y="5.35"/>
        <vehicle id="cfm-fast_5" eclass="HBEFA3/PC_G_EU4" CO2="14960.16" CO="262.44" HC="1.57" NOx="6.29" PMx="0.36" fuel="6.43" electricity="0.00" noise="76.37" route="routetop" type="cfm-fast" waiting="0.00" lane="left_0" pos="18.56" speed="29.71" angle="151.07" x="6.41" y="25.87"/>
        <vehicle id="cfm-slow_0" eclass="HBEFA3/PC_G_EU4" CO2="7545.18" CO="118.38" HC="0.73" NOx="2.77" PMx="0.18" fuel="3.24" electricity="0.00" noise="74.58" route="routetop" type="cfm-slow" waiting="0.00" lane="left_0" pos="39.45" speed="30.84" angle="113.51" x="41.28" y="-1.19"/>
        <vehicle id="cfm-slow_1" eclass="HBEFA3/PC_G_EU4" CO2="0.00" CO="0.00" HC="0.00" NOx="0.00" PMx="0.00" fuel="0.00" electricity="0.00" noise="73.27" route="routebottom" type="cfm-slow" waiting="0.00" lane="bottom_0" pos="15.41" speed="30.92" angle="66.76" x="95.62" y="2.95"/>
        <vehicle id="cfm-slow_2" eclass="HBEFA3/PC_G_EU4" CO2="0.00" CO="0.00" HC="0.00" NOx="0.00" PMx="0.00" fuel="0.00" electricity="0.00" noise="72.38" route="routebottom" type="cfm-slow" waiting="0.00" lane="bottom_0" pos="41.33" speed="29.87" angle="20.14" x="129.72" y="45.15"/>
        <vehicle id="cfm-slow_3" eclass="HBEFA3/PC_G_EU4" CO2="0.00" CO="0.00" HC="0.00" NOx="0.00" PMx="0.00" fuel="0.00" electricity="0.00" noise="71.60" route="routebottom" type="cfm-slow" waiting="0.00" lane="right_0" pos="16.11" speed="28.18" angle="335.45" x="123.64" y="96.94"/>
        <vehicle id="cfm-slow_4" eclass="HBEFA3/PC_G_EU4" CO2="0.00" CO="0.00" HC="0.00" NOx="0.00" PMx="0.00" fuel="0.00" electricity="0.00" noise="71.38" route="routebottom" type="cfm-slow" waiting="0.00" lane="right_0" pos="39.14" speed="26.66" angle="294.10" x="86.67" y="128.29"/>
        <vehicle id="cfm-slow_5" eclass="HBEFA3/PC_G_EU4" CO2="7743.11" CO="93.18" HC="0.62" NOx="2.97" PMx="0.16" fuel="3.33" electricity="0.00" noise="72.77" route="routetop" type="cfm-slow" waiting="0.00" lane="top_0" pos="10.66" speed="26.04" angle="255.27" x="41.06" y="128.44"/>
    </timestep>
    <timestep time="8.80">
        <vehicle id="cfm-fast_0" eclass="HBEFA3/PC_G_EU4" CO2="66266.87" CO="2466.10" HC="13.00" NOx="29.75" PMx="2.21" fuel="28.49" electricity="0.00" noise="97.75" route="routebottom" type="cfm-fast" waiting="0.00" lane="right_1" pos="33.27" speed="74.25" angle="304.66" x="96.44" y="120.15"/>
        <vehicle id="cfm-fast_1" eclass="HBEFA3/PC_G_EU4" CO2="14420.00" CO="233.13" HC="1.42" NOx="6.10" PMx="0.34" fuel="6.20" electricity="0.00" noise="75.45" route="routetop" type="cfm-fast" waiting="0.00" lane="top_0" pos="31.93" speed="26.61" angle="217.06" x="5.83" y="100.58"/>
        <vehicle id="cfm-fast_2" eclass="HBEFA3/PC_G_EU4" CO2="38212.35" CO="1946.59" HC="9.95" NOx="16.49" PMx="1.50" fuel="16.43" electricity="0.00" noise="92.42" route="routetop" type="cfm-fast" waiting="0.00" lane="top_1" pos="48.91" speed="75.54" angle="186.51" x="-1.61" y="65.93"/>
        <vehicle id="cfm-fast_3" eclass="HBEFA3/PC_G_EU4" CO2="17337.57" CO="300.72" HC="1.80" NOx="7.45" PMx="0.42" fuel="7.45" electricity="0.00" noise="77.01" route="routetop" type="cfm-fast" waiting="0.00" lane="top_0" pos="49.62" speed="28.07" angle="185.20" x="-4.93" y="64.57"/>
        <vehicle id="cfm-fast_4" eclass="HBEFA3/PC_G_EU4" CO2="38774.58" CO="1952.33" HC="9.99" NOx="16.76" PMx="1.51" fuel="16.67" electricity="0.00" noise="92.49" route="routebottom" type="cfm-fast" waiting="0.00" lane="bottom_1" pos="15.61" speed="75.41" angle="66.42" x="94.43" y="6.06"/>
        <vehicle id="cfm-fast_5" eclass="HBEFA3/PC_G_EU4" CO2="14891.67" CO="261.11" HC="1.56" NOx="6.26" PMx="0.36" fuel="6.40" electricity="0.00" noise="76.35" route="routetop" type="cfm-fast" waiting="0.00" lane="left_0" pos="18.85" speed="29.73" angle="150.51" x="6.76" y="25.34"/>
        <vehicle id="cfm-slow_0" eclass="HBEFA3/PC_G_EU4" CO2="7456.51" CO="116.57" HC="0.72" NOx="2.73" PMx="0.17" fuel="3.21" electricity="0.00" noise="74.56" route="routetop" type="cfm-slow" waiting="0.00" lane="left_0" pos="39.76" speed="30.85" angle="113.00" x="41.91" y="-1.41"/>
        <vehicle id="cfm-slow_1" eclass="HBEFA3/PC_G_EU4" CO2="0.00" CO="0.00" HC="0.00" NOx="0.00" PMx="0.00" fuel="0.00" electricity="0.00" noise="73.26" route="routebottom" type="cfm-slow" waiting="0.00" lane="bottom_0" pos="15.71" speed="30.91" angle="66.19" x="96.21" y="3.27"/>
        <vehicle id="cfm-slow_2" eclass="HBEFA3/PC_G_EU4" CO2="0.00" CO="0.00" HC="0.00" NOx="0.00" PMx="0.00" fuel="0.00" electricity="0.00" noise="72.37" route="routebottom" type="cfm-slow" waiting="0.00" lane="bottom_0" pos="41.63" speed="29.86" angle="19.59" x="129.89" y="45.77"/>
        <vehicle id="cfm-slow_3" eclass="HBEFA3/PC_G_EU4" CO2="0.00" CO="0.00" HC="0.00" NOx="0.00" PMx="0.00" fuel="0.00" electricity="0.00" noise="71.59" route="routebottom" type="cfm-slow" waiting="0.00" lane="right_0" pos="16.39" speed="28.17" angle="334.94" x="123.35" y="97.47"/>
        <vehicle id="cfm-slow_4" eclass="HBEFA3/PC_G_EU4" CO2="0.00" CO="0.00" HC="0.00" NOx="0.00" PMx="0.00" fuel="0.00" electricity="0.00" noise="71.39" route="routebottom" type="cfm-slow" waiting="0.00" lane="right_0" pos="39.41" speed="26.65" angle="293.62" x="86.13" y="128.48"/>
        <vehicle id="cfm-slow_5" eclass="HBEFA3/PC_G_EU4" CO2="7807.82" CO="94.53" HC="0.63" NOx="3.00" PMx="0.16" fuel="3.36" electricity="0.00" noise="72.79" route="routetop" type="cfm-slow" waiting="0.00" lane="top_0" pos="10.92" speed="26.04" angle="254.78" x="40.53" y="128.25"/>
    </timestep>
    <timestep time="8.81">
        <vehicle id="cfm-fast_0" eclass="HBEFA3/PC_G_EU4" CO2="65976.30" CO="2460.80" HC="12.97" NOx="29.61" PMx="2.20" fuel="28.36" electricity="0.00" noise="97.69" route="routebottom" type="cfm-fast" waiting="0.00" lane="right_1" pos="34.01" speed="74.26" angle="303.33" x="95.11" y="120.89"/>
        <vehicle id="cfm-fast_1" eclass="HBEFA3/PC_G_EU4" CO2="14449.73" CO="233.80" HC="1.43" NOx="6.12" PMx="0.34" fuel="6.21" electricity="0.00" noise="75.47" route="routetop" type="cfm-fast" waiting="0.00" lane="top_0" pos="32.20" speed="26.62" angle="216.62" x="5.52" y="100.09"/>
        <vehicle id="cfm-fast_2" eclass="HBEFA3/PC_G_EU4" CO2="38190.64" CO="1946.16" HC="9.94" NOx="16.48" PMx="1.50" fuel="16.42" electricity="0.00" noise="92.41" route="routetop" type="cfm-fast" waiting="0.00" lane="top_1" pos="49.66" speed="75.54" angle="185.09" x="-1.64" y="64.38"/>
        <vehicle id="cfm-fast_3" eclass="HBEFA3/PC_G_EU4" CO2="17317.90" CO="300.41" HC="1.80" NOx="7.44" PMx="0.42" fuel="7.44" electricity="0.00" noise="77.00" route="routetop" type="cfm-fast" waiting="0.00" lane="top_0" pos="49.90" speed="28.08" angle="184.69" x="-4.95" y="63.97"/>
        <vehicle id="cfm-fast_4" eclass="HBEFA3/PC_G_EU4" CO2="38820.69" CO="1953.31" HC="9.99" NOx="16.78" PMx="1.51" fuel="16.69" electricity="0.00" noise="92.50" route="routebottom" type="cfm-fast" waiting="0.00" lane="bottom_1" pos="16.37" speed="75.41" angle="65.05" x="95.79" y="6.81"/>
        <vehicle id="cfm-fast_5" eclass="HBEFA3/PC_G_EU4" CO2="14822.95" CO="259.78" HC="1.56" NOx="6.23" PMx="0.36" fuel="6.37" electricity="0.00" noise="76.33" route="routetop" type="cfm-fast" waiting="0.00" lane="left_0" pos="19.15" speed="29.74" angle="149.98" x="7.11" y="24.81"/>
        <vehicle id="cfm-slow_0" eclass="HBEFA3/PC_G_EU4" CO2="7368.06" CO="114.76" HC="0.71" NOx="2.69" PMx="0.17" fuel="3.17" electricity="0.00" noise="74.55" route="routetop" type="cfm-slow" waiting="0.00" lane="left_0" pos="40.07" speed="30.85" angle="112.43" x="42.54" y="-1.61"/>
        <vehicle id="cfm-slow_1" eclass="HBEFA3/PC_G_EU4" CO2="0.00" CO="0.00" HC="0.00" NOx="0.00" PMx="0.00" fuel="0.00" electricity="0.00" noise="73.25" route="routebottom" type="cfm-slow" waiting="0.00" lane="bottom_0" pos="16.02" speed="30.90" angle="65.62" x="96.79" y="3.59"/>
        <vehicle id="cfm-slow_2" eclass="HBEFA3/PC_G_EU4" CO2="0.00" CO="0.00" HC="0.00" NOx="0.00" PMx="0.00" fuel="0.00" electricity="0.00" noise="72.37" route="routebottom" type="cfm-slow" waiting="0.00" lane="bottom_0" pos="41.93" speed="29.84" angle="19.05" x="130.05" y="46.39"/>
        <vehicle id="cfm-slow_3" eclass="HBEFA3/PC_G_EU4" CO2="0.00" CO="0.00" HC="0.00" NOx="0.00" PMx="0.00" fuel="0.00" electricity="0.00" noise="71.59" route="routebottom" type="cfm-slow" waiting="0.00" lane="right_0" pos="16.67" speed="28.15" angle="334.48" x="123.05" y="98.00"/>
        <vehicle id="cfm-slow_4" eclass="HBEFA3/PC_G_EU4" CO2="0.00" CO="0.00" HC="0.00" NOx="0.00" PMx="0.00" fuel="0.00" electricity="0.00" noise="71.40" route="routebottom" type="cfm-slow" waiting="0.00" lane="right_0" pos="39.67" speed="26.64" angle="293.16" x="85.59" y="128.68"/>
        <vehicle id="cfm-slow_5" eclass="HBEFA3/PC_G_EU4" CO2="7872.21" CO="95.88" HC="0.63" NOx="3.03" PMx="0.17" fuel="3.38" electricity="0.00" noise="72.82" route="routetop" type="cfm-slow" waiting="0.00" lane="top_0" pos="11.18" speed="26.05" angle="254.28" x="40.01" y="128.05"/>
    </timestep>
    <timestep time="8.82">
        <vehicle id="cfm-fast_0" eclass="HBEFA3/PC_G_EU4" CO2="65688.22" CO="2455.54" HC="12.94" NOx="29.47" PMx="2.19" fuel="28.24" electricity="0.00" noise="97.63" route="routebottom" type="cfm-fast" waiting="0.00" lane="right_1" pos="34.75" speed="74.28" angle="302.02" x="93.77" y="121.61"/>
        <vehicle id="cfm-fast_1" eclass="HBEFA3/PC_G_EU4" CO2="14479.02" CO="234.47" HC="1.43" NOx="6.13" PMx="0.34" fuel="6.22" electricity="0.00" noise="75.49" route="routetop" type="cfm-fast" waiting="0.00" lane="top_0" pos="32.46" speed="26.64" angle="216.12" x="5.23" y="99.60"/>
        <vehicle id="cfm-fast_2" eclass="HBEFA3/PC_G_EU4" CO2="38169.81" CO="1945.74" HC="9.94" NOx="16.47" PMx="1.50" fuel="16.41" electricity="0.00" noise="92.41" route="routetop" type="cfm-fast" waiting="0.00" lane="left_1" pos="0.42" speed="75.54" angle="183.72" x="-1.63" y="62.77"/>
        <vehicle id="cfm-fast_3" eclass="HBEFA3/PC_G_EU4" CO2="17297.76" CO="300.10" HC="1.80" NOx="7.43" PMx="0.42" fuel="7.44" electricity="0.00" noise="77.00" route="routetop" type="cfm-fast" waiting="0.00" lane="left_0" pos="0.19" speed="28.10" angle="184.14" x="-4.94" y="63.17"/>
        <vehicle id="cfm-fast_4" eclass="HBEFA3/PC_G_EU4" CO2="38865.74" CO="1954.27" HC="10.00" NOx="16.80" PMx="1.51" fuel="16.71" electricity="0.00" noise="92.50" route="routebottom" type="cfm-fast" waiting="0.00" lane="bottom_1" pos="17.12" speed="75.42" angle="63.69" x="97.12" y="7.58"/>
        <vehicle id="cfm-fast_5" eclass="HBEFA3/PC_G_EU4" CO2="14753.99" CO="258.44" HC="1.55" NOx="6.19" PMx="0.36" fuel="6.34" electricity="0.00" noise="76.30" route="routetop" type="cfm-fast" waiting="0.00" lane="left_0" pos="19.45" speed="29.75" angle="149.46" x="7.48" y="24.29"/>
        <vehicle id="cfm-slow_0" eclass="HBEFA3/PC_G_EU4" CO2="7279.85" CO="112.96" HC="0.70" NOx="2.64" PMx="0.17" fuel="3.13" electricity="0.00" noise="74.53" route="routetop" type="cfm-slow" waiting="0.00" lane="left_0" pos="40.37" speed="30.85" angle="111.85" x="43.18" y="-1.81"/>
        <vehicle id="cfm-slow_1" eclass="HBEFA3/PC_G_EU4" CO2="0.00" CO="0.00" HC="0.00" NOx="0.00" PMx="0.00" fuel="0.00" electricity="0.00" noise="73.24" route="routebottom" type="cfm-slow" waiting="0.00" lane="bottom_0" pos="16.33" speed="30.89" angle="65.05" x="97.37" y="3.91"/>
        <vehicle id="cfm-slow_2" eclass="HBEFA3/PC_G_EU4" CO2="0.00" CO="0.00" HC="0.00" NOx="0.00" PMx="0.00" fuel="0.00" electricity="0.00" noise="72.36" route="routebottom" type="cfm-slow" waiting="0.00" lane="bottom_0" pos="42.23" speed="29.82" angle="18.51" x="130.22" y="47.01"/>
        <vehicle id="cfm-slow_3" eclass="HBEFA3/PC_G_EU4" CO2="0.00" CO="0.00" HC="0.00" NOx="0.00" PMx="0.00" fuel="0.00" electricity="0.00" noise="71.58" route="routebottom" type="cfm-slow" waiting="0.00" lane="right_0" pos="16.95" speed="28.14" angle="333.97" x="122.74" y="98.52"/>
        <vehicle id="cfm-slow_4" eclass="HBEFA3/PC_G_EU4" CO2="0.00" CO="0.00" HC="0.00" NOx="0.00" PMx="0.00" fuel="0.00" electricity="0.00" noise="71.41" route="routebottom" type="cfm-slow" waiting="0.00" lane="right_0" pos="39.94" speed="26.63" angle="292.70" x="85.05" y="128.86"/>
        <vehicle id="cfm-slow_5" eclass="HBEFA3/PC_G_EU4" CO2="7936.28" CO="97.22" HC="0.64" NOx="3.06" PMx="0.17" fuel="3.41" electricity="0.00" noise="72.84" route="routetop" type="cfm-slow" waiting="0.00" lane="top_0" pos="11.44" speed="26.05" angle="253.82" x="39.48" y="127.86"/>
    </timestep>
    <timestep time="8.83">
        <vehicle id="cfm-fast_0" eclass="HBEFA3/PC_G_EU4" CO2="65402.61" CO="2450.33" HC="12.91" NOx="29.34" PMx="2.19" fuel="28.11" electricity="0.00" noise="97.57" route="routebottom" type="cfm-fast" waiting="0.00" lane="right_1" pos="35.49" speed="74.29" angle="300.64" x="92.41" y="122.29"/>
        <vehicle id="cfm-fast_1" eclass="HBEFA3/PC_G_EU4" CO2="14507.86" CO="235.13" HC="1.43" NOx="6.15" PMx="0.34" fuel="6.24" electricity="0.00" noise="75.50" route="routetop" type="cfm-fast" waiting="0.00" lane="top_0" pos="32.73" speed="26.65" angle="215.62" x="4.93" y="99.11"/>
        <vehicle id="cfm-fast_2" eclass="HBEFA3/PC_G_EU4" CO2="38149.83" CO="1945.34" HC="9.94" NOx="16.46" PMx="1.50" fuel="16.40" electricity="0.00" noise="92.41" route="routetop" type="cfm-fast" waiting="0.00" lane="left_1" pos="1.18" speed="75.54" angle="182.35" x="-1.60" y="61.22"/>
        <vehicle id="cfm-fast_3" eclass="HBEFA3/PC_G_EU4" CO2="17277.16" CO="299.77" HC="1.80" NOx="7.42" PMx="0.42" fuel="7.43" electricity="0.00" noise="76.99" route="routetop" type="cfm-fast" waiting="0.00" lane="left_0" pos="0.47" speed="28.12" angle="183.63" x="-4.93" y="62.57"/>
        <vehicle id="cfm-fast_4" eclass="HBEFA3/PC_G_EU4" CO2="38909.72" CO="1955.21" HC="10.00" NOx="16.82" PMx="1.52" fuel="16.73" electricity="0.00" noise="92.51" route="routebottom" type="cfm-fast" waiting="0.00" lane="bottom_1" pos="17.88" speed="75.42" angle="62.29" x="98.45" y="8.38"/>
        <vehicle id="cfm-fast_5" eclass="HBEFA3/PC_G_EU4" CO2="14684.81" CO="257.10" HC="1.54" NOx="6.16" PMx="0.36" fuel="6.31" electricity="0.00" noise="76.28" route="routetop" type="cfm-fast" waiting="0.00" lane="left_0" pos="19.75" speed="29.76" angle="148.91" x="7.86" y="23.77"/>
        <vehicle id="cfm-slow_0" eclass="HBEFA3/PC_G_EU4" CO2="7191.87" CO="111.16" HC="0.69" NOx="2.60" PMx="0.17" fuel="3.09" electricity="0.00" noise="74.51" route="routetop" type="cfm-slow" waiting="0.00" lane="left_0" pos="40.68" speed="30.85" angle="111.27" x="43.81" y="-2.00"/>
        <vehicle id="cfm-slow_1" eclass="HBEFA3/PC_G_EU4" CO2="0.00" CO="0.00" HC="0.00" NOx="0.00" PMx="0.00" fuel="0.00" electricity="0.00" noise="73.23" route="routebottom" type="cfm-slow" waiting="0.00" lane="bottom_0" pos="16.64" speed="30.88" angle="64.53" x="97.95" y="4.23"/>
        <vehicle id="cfm-slow_2" eclass="HBEFA3/PC_G_EU4" CO2="0.00" CO="0.00" HC="0.00" NOx="0.00" PMx="0.00" fuel="0.00" electricity="0.00" noise="72.35" route="routebottom" type="cfm-slow" waiting="0.00" lane="bottom_0" pos="42.52" speed="29.81" angle="18.02" x="130.37" y="47.64"/>
        <vehicle id="cfm-slow_3" eclass="HBEFA3/PC_G_EU4" CO2="0.00" CO="0.00" HC="0.00" NOx="0.00" PMx="0.00" fuel="0.00" electricity="0.00" noise="71.58" route="routebottom" type="cfm-slow" waiting="0.00" lane="right_0" pos="17.23" speed="28.12" angle="333.47" x="122.43" y="99.04"/>
        <vehicle id="cfm-slow_4" eclass="HBEFA3/PC_G_EU4" CO2="0.00" CO="0.00" HC="0.00" NOx="0.00" PMx="0.00" fuel="0.00" electricity="0.00" noise="71.41" route="routebottom" type="cfm-slow" waiting="0.00" lane="right_0" pos="40.20" speed="26.63" angle="292.20" x="84.50" y="129.03"/>
        <vehicle id="cfm-slow_5" eclass="HBEFA3/PC_G_EU4" CO2="8000.01" CO="98.55" HC="0.65" NOx="3.09" PMx="0.17" fuel="3.44" electricity="0.00" noise="72.86" route="routetop" type="cfm-slow" waiting="0.00" lane="top_0" pos="11.70" speed="26.06" angle="253.38" x="38.96" y="127.66"/>
    </timestep>
    <timestep time="8.84">
        <vehicle id="cfm-fast_0" eclass="HBEFA3/PC_G_EU4" CO2="65119.46" CO="2445.16" HC="12.88" NOx="29.20" PMx="2.18" fuel="27.99" electricity="0.00" noise="97.52" route="routebottom" type="cfm-fast" waiting="0.00" lane="right_1" pos="36.24" speed="74.31" angle="299.30" x="91.04" y="122.95"/>
        <vehicle id="cfm-fast_1" eclass="HBEFA3/PC_G_EU4" CO2="14536.26" CO="235.78" HC="1.44" NOx="6.16" PMx="0.34" fuel="6.25" electricity="0.00" noise="75.52" route="routetop" type="cfm-fast" waiting="0.00" lane="top_0" pos="33.00" speed="26.67" angle="215.11" x="4.64" y="98.62"/>
        <vehicle id="cfm-fast_2" eclass="HBEFA3/PC_G_EU4" CO2="38130.68" CO="1944.96" HC="9.94" NOx="16.45" PMx="1.50" fuel="16.39" electricity="0.00" noise="92.40" route="routetop" type="cfm-fast" waiting="0.00" lane="left_1" pos="1.93" speed="75.54" angle="181.01" x="-1.52" y="59.67"/>
        <vehicle id="cfm-fast_3" eclass="HBEFA3/PC_G_EU4" CO2="17256.11" CO="299.43" HC="1.80" NOx="7.41" PMx="0.42" fuel="7.42" electricity="0.00" noise="76.98" route="routetop" type="cfm-fast" waiting="0.00" lane="left_0" pos="0.75" speed="28.13" angle="183.12" x="-4.91" y="61.96"/>
        <vehicle id="cfm-fast_4" eclass="HBEFA3/PC_G_EU4" CO2="38952.67" CO="1956.13" HC="10.01" NOx="16.84" PMx="1.52" fuel="16.74" electricity="0.00" noise="92.52" route="routebottom" type="cfm-fast" waiting="0.00" lane="bottom_1" pos="18.63" speed="75.42" angle="60.90" x="99.74" y="9.24"/>
        <vehicle id="cfm-fast_5" eclass="HBEFA3/PC_G_EU4" CO2="14615.40" CO="255.76" HC="1.53" NOx="6.13" PMx="0.36" fuel="6.28" electricity="0.00" noise="76.26" route="routetop" type="cfm-fast" waiting="0.00" lane="left_0" pos="20.05" speed="29.77" angle="148.36" x="8.23" y="23.25"/>
        <vehicle id="cfm-slow_0" eclass="HBEFA3/PC_G_EU4" CO2="7104.13" CO="109.36" HC="0.68" NOx="2.56" PMx="0.16" fuel="3.05" electricity="0.00" noise="74.49" route="routetop" type="cfm-slow" waiting="0.00" lane="left_0" pos="40.99" speed="30.85" angle="110.73" x="44.45" y="-2.20"/>
        <vehicle id="cfm-slow_1" eclass="HBEFA3/PC_G_EU4" CO2="0.00" CO="0.00" HC="0.00" NOx="0.00" PMx="0.00" fuel="0.00" electricity="0.00" noise="73.22" route="routebottom" type="cfm-slow" waiting="0.00" lane="bottom_0" pos="16.95" speed="30.87" angle="63.97" x="98.52" y="4.58"/>
        <vehicle id="cfm-slow_2" eclass="HBEFA3/PC_G_EU4" CO2="0.00" CO="0.00" HC="0.00" NOx="0.00" PMx="0.00" fuel="0.00" electricity="0.00" noise="72.34" route="routebottom" type="cfm-slow" waiting="0.00" lane="bottom_0" pos="42.82" speed="29.79" angle="17.48" x="130.51" y="48.26"/>
        <vehicle id="cfm-slow_3" eclass="HBEFA3/PC_G_EU4" CO2="0.00" CO="0.00" HC="0.00" NOx="0.00" PMx="0.00" fuel="0.00" electricity="0.00" noise="71.58" route="routebottom" type="cfm-slow" waiting="0.00" lane="right_0" pos="17.52" speed="28.11" angle="332.96" x="122.12" y="99.56"/>
        <vehicle id="cfm-slow_4" eclass="HBEFA3/PC_G_EU4" CO2="0.00" CO="0.00" HC="0.00" NOx="0.00" PMx="0.00" fuel="0.00" electricity="0.00" noise="71.42" route="routebottom" type="cfm-slow" waiting="0.00" lane="right_0" pos="40.47" speed="26.62" angle="291.69" x="83.95" y="129.20"/>
        <vehicle id="cfm-slow_5" eclass="HBEFA3/PC_G_EU4" CO2="8063.42" CO="99.88" HC="0.66" NOx="3.12" PMx="0.17" fuel="3.47" electricity="0.00" noise="72.88" route="routetop" type="cfm-slow" waiting="0.00" lane="top_0" pos="11.97" speed="26.06" angle="252.90" x="38.44" y="127.45"/>
    </timestep>
    <timestep time="8.85">
        <vehicle id="cfm-fast_0" eclass="HBEFA3/PC_G_EU4" CO2="64838.76" CO="2440.03" HC="12.85" NOx="29.07" PMx="2.17" fuel="27.87" electricity="0.00" noise="97.46" route="routebottom" type="cfm-fast" waiting="0.00" lane="right_1" pos="36.98" speed="74.32" angle="297.89" x="89.65" y="123.58"/>
        <vehicle id="cfm-fast_1" eclass="HBEFA3/PC_G_EU4" CO2="14564.22" CO="236.42" HC="1.44" NOx="6.17" PMx="0.34" fuel="6.26" electricity="0.00" noise="75.53" route="routetop" type="cfm-fast" waiting="0.00" lane="top_0" pos="33.26" speed="26.68" angle="214.63" x="4.34" y="98.13"/>
        <vehicle id="cfm-fast_2" eclass="HBEFA3/PC_G_EU4" CO2="38112.34" CO="1944.59" HC="9.94" NOx="16.45" PMx="1.50" fuel="16.38" electricity="0.00" noise="92.40" route="routetop" type="cfm-fast" waiting="0.00" lane="left_1" pos="2.69" speed="75.54" angle="179.68" x="-1.41" y="58.13"/>
        <vehicle id="cfm-fast_3" eclass="HBEFA3/PC_G_EU4" CO2="17234.60" CO="299.08" HC="1.79" NOx="7.40" PMx="0.42" fuel="7.41" electricity="0.00" noise="76.98" route="routetop" type="cfm-fast" waiting="0.00" lane="left_0" pos="1.03" speed="28.15" angle="182.61" x="-4.90" y="61.36"/>
        <vehicle id="cfm-fast_4" eclass="HBEFA3/PC_G_EU4" CO2="38994.59" CO="1957.03" HC="10.01" NOx="16.86" PMx="1.52" fuel="16.76" electricity="0.00" noise="92.53" route="routebottom" type="cfm-fast" waiting="0.00" lane="bottom_1" pos="19.38" speed="75.42" angle="59.55" x="101.02" y="10.10"/>
        <vehicle id="cfm-fast_5" eclass="HBEFA3/PC_G_EU4" CO2="14545.78" CO="254.41" HC="1.53" NOx="6.09" PMx="0.35" fuel="6.25" electricity="0.00" noise="76.24" route="routetop" type="cfm-fast" waiting="0.00" lane="left_0" pos="20.34" speed="29.78" angle="147.81" x="8.61" y="22.73"/>
        <vehicle id="cfm-slow_0" eclass="HBEFA3/PC_G_EU4" CO2="7016.63" CO="107.57" HC="0.67" NOx="2.52" PMx="0.16" fuel="3.02" electricity="0.00" noise="74.47" route="routetop" type="cfm-slow" waiting="0.00" lane="left_0" pos="41.30" speed="30.85" angle="110.18" x="45.09" y="-2.37"/>
        <vehicle id="cfm-slow_1" eclass="HBEFA3/PC_G_EU4" CO2="0.00" CO="0.00" HC="0.00" NOx="0.00" PMx="0.00" fuel="0.00" electricity="0.00" noise="73.21" route="routebottom" type="cfm-slow" waiting="0.00" lane="bottom_0" pos="17.26" speed="30.86" angle="63.40" x="99.09" y="4.92"/>
        <vehicle id="cfm-slow_2" eclass="HBEFA3/PC_G_EU4" CO2="0.00" CO="0.00" HC="0.00" NOx="0.00" PMx="0.00" fuel="0.00" electricity="0.00" noise="72.34" route="routebottom" type="cfm-slow" waiting="0.00" lane="bottom_0" pos="43.12" speed="29.77" angle="16.94" x="130.65" y="48.89"/>
        <vehicle id="cfm-slow_3" eclass="HBEFA3/PC_G_EU4" CO2="0.00" CO="0.00" HC="0.00" NOx="0.00" PMx="0.00" fuel="0.00" electricity="0.00" noise="71.57" route="routebottom" type="cfm-slow" waiting="0.00" lane="right_0" pos="17.80" speed="28.09" angle="332.45" x="121.81" y="100.08"/>
        <vehicle id="cfm-slow_4" eclass="HBEFA3/PC_G_EU4" CO2="0.00" CO="0.00" HC="0.00" NOx="0.00" PMx="0.00" fuel="0.00" electricity="0.00" noise="71.43" route="routebottom" type="cfm-slow" waiting="0.00" lane="right_0" pos="40.74" speed="26.62" angle="291.18" x="83.41" y="129.36"/>
        <vehicle id="cfm-slow_5" eclass="HBEFA3/PC_G_EU4" CO2="8126.50" CO="101.20" HC="0.66" NOx="3.15" PMx="0.17" fuel="3.49" electricity="0.00" noise="72.90" route="routetop" type="cfm-slow" waiting="0.00" lane="top_0" pos="12.23" speed="26.07" angle="252.43" x="37.92" y="127.24"/>
    </timestep>
    <timestep time="8.86">
        <vehicle id="cfm-fast_0" eclass="HBEFA3/PC_G_EU4" CO2="64560.50" CO="2434.95" HC="12.82" NOx="28.94" PMx="2.16" fuel="27.75" electricity="0.00" noise="97.40" route="routebottom" type="cfm-fast" waiting="0.00" lane="right_1" pos="37.72" speed="74.34" angle="296.58" x="88.24" y="124.16"/>
        <vehicle id="cfm-fast_1" eclass="HBEFA3/PC_G_EU4" CO2="14591.72" CO="237.05" HC="1.44" NOx="6.18" PMx="0.34" fuel="6.27" electricity="0.00" noise="75.55" route="routetop" type="cfm-fast" waiting="0.00" lane="top_0" pos="33.53" speed="26.69" angle="214.18" x="4.06" y="97.63"/>
        <vehicle id="cfm-fast_2" eclass="HBEFA3/PC_G_EU4" CO2="38094.80" CO="1944.24" HC="9.93" NOx="16.44" PMx="1.50" fuel="16.38" electricity="0.00" noise="92.40" route="routetop" type="cfm-fast" waiting="0.00" lane="left_1" pos="3.44" speed="75.54" angle="178.30" x="-1.26" y="56.59"/>
        <vehicle id="cfm-fast_3" eclass="HBEFA3/PC_G_EU4" CO2="17212.63" CO="298.73" HC="1.79" NOx="7.39" PMx="0.42" fuel="7.40" electricity="0.00" noise="76.97" route="routetop" type="cfm-fast" waiting="0.00" lane="left_0" pos="1.31" speed="28.17" angle="182.12" x="-4.88" y="60.75"/>
        <vehicle id="cfm-fast_4" eclass="HBEFA3/PC_G_EU4" CO2="39035.49" CO="1957.90" HC="10.02" NOx="16.88" PMx="1.52" fuel="16.78" electricity="0.00" noise="92.53" route="routebottom" type="cfm-fast" waiting="0.00" lane="bottom_1" pos="20.14" speed="75.42" angle="58.17" x="102.27" y="11.01"/>
        <vehicle id="cfm-fast_5" eclass="HBEFA3/PC_G_EU4" CO2="14475.94" CO="253.05" HC="1.52" NOx="6.06" PMx="0.35" fuel="6.22" electricity="0.00" noise="76.21" route="routetop" type="cfm-fast" waiting="0.00" lane="left_0" pos="20.64" speed="29.80" angle="147.32" x="8.99" y="22.22"/>
        <vehicle id="cfm-slow_0" eclass="HBEFA3/PC_G_EU4" CO2="6929.38" CO="105.78" HC="0.66" NOx="2.48" PMx="0.16" fuel="2.98" electricity="0.00" noise="74.46" route="routetop" type="cfm-slow" waiting="0.00" lane="left_0" pos="41.61" speed="30.85" angle="109.61" x="45.73" y="-2.55"/>
        <vehicle id="cfm-slow_1" eclass="HBEFA3/PC_G_EU4" CO2="0.00" CO="0.00" HC="0.00" NOx="0.00" PMx="0.00" fuel="0.00" electricity="0.00" noise="73.20" route="routebottom" type="cfm-slow" waiting="0.00" lane="bottom_0" pos="17.57" speed="30.85" angle="62.83" x="99.66" y="5.26"/>
        <vehicle id="cfm-slow_2" eclass="HBEFA3/PC_G_EU4" CO2="0.00" CO="0.00" HC="0.00" NOx="0.00" PMx="0.00" fuel="0.00" electricity="0.00" noise="72.33" route="routebottom" type="cfm-slow" waiting="0.00" lane="bottom_0" pos="43.42" speed="29.76" angle="16.40" x="130.79" y="49.51"/>
        <vehicle id="cfm-slow_3" eclass="HBEFA3/PC_G_EU4" CO2="0.00" CO="0.00" HC="0.00" NOx="0.00" PMx="0.00" fuel="0.00" electricity="0.00" noise="71.57" route="routebottom" type="cfm-slow" waiting="0.00" lane="right_0" pos="18.08" speed="28.08" angle="331.99" x="121.49" y="100.59"/>
        <vehicle id="cfm-slow_4" eclass="HBEFA3/PC_G_EU4" CO2="0.00" CO="0.00" HC="0.00" NOx="0.00" PMx="0.00" fuel="0.00" electricity="0.00" noise="71.44" route="routebottom" type="cfm-slow" waiting="0.00" lane="right_0" pos="41.00" speed="26.61" angle="290.72" x="82.86" y="129.53"/>
        <vehicle id="cfm-slow_5" eclass="HBEFA3/PC_G_EU4" CO2="8189.24" CO="102.51" HC="0.67" NOx="3.18" PMx="0.17" fuel="3.52" electricity="0.00" noise="72.93" route="routetop" type="cfm-slow" waiting="0.00" lane="top_0" pos="12.49" speed="26.07" angle="251.96" x="37.40" y="127.04"/>
    </timestep>
    <timestep time="8.87">
        <vehicle id="cfm-fast_0" eclass="HBEFA3/PC_G_EU4" CO2="64284.67" CO="2429.91" HC="12.79" NOx="28.81" PMx="2.16" fuel="27.63" electricity="0.00" noise="97.35" route="routebottom" type="cfm-fast" waiting="0.00" lane="right_1" pos="38.47" speed="74.35" angle="295.25" x="86.82" y="124.72"/>
        <vehicle id="cfm-fast_1" eclass="HBEFA3/PC_G_EU4" CO2="14618.79" CO="237.67" HC="1.45" NOx="6.20" PMx="0.34" fuel="6.28" electricity="0.00" noise="75.56" route="routetop" type="cfm-fast" waiting="0.00" lane="top_0" pos="33.80" speed="26.71" angle="213.69" x="3.78" y="97.12"/>
        <vehicle id="cfm-fast_2" eclass="HBEFA3/PC_G_EU4" CO2="38078.04" CO="1943.91" HC="9.93" NOx="16.43" PMx="1.50" fuel="16.37" electricity="0.00" noise="92.39" route="routetop" type="cfm-fast" waiting="0.00" lane="left_1" pos="4.20" speed="75.54" angle="176.97" x="-1.07" y="55.05"/>
        <vehicle id="cfm-fast_3" eclass="HBEFA3/PC_G_EU4" CO2="17190.21" CO="298.36" HC="1.79" NOx="7.38" PMx="0.42" fuel="7.39" electricity="0.00" noise="76.96" route="routetop" type="cfm-fast" waiting="0.00" lane="left_0" pos="1.59" speed="28.18" angle="181.62" x="-4.85" y="60.14"/>
        <vehicle id="cfm-fast_4" eclass="HBEFA3/PC_G_EU4" CO2="39075.39" CO="1958.76" HC="10.02" NOx="16.90" PMx="1.52" fuel="16.80" electricity="0.00" noise="92.54" route="routebottom" type="cfm-fast" waiting="0.00" lane="bottom_1" pos="20.89" speed="75.42" angle="56.85" x="103.51" y="11.93"/>
        <vehicle id="cfm-fast_5" eclass="HBEFA3/PC_G_EU4" CO2="14405.89" CO="251.69" HC="1.51" NOx="6.03" PMx="0.35" fuel="6.19" electricity="0.00" noise="76.19" route="routetop" type="cfm-fast" waiting="0.00" lane="left_0" pos="20.94" speed="29.81" angle="146.77" x="9.39" y="21.71"/>
        <vehicle id="cfm-slow_0" eclass="HBEFA3/PC_G_EU4" CO2="6842.38" CO="104.00" HC="0.65" NOx="2.44" PMx="0.16" fuel="2.94" electricity="0.00" noise="74.44" route="routetop" type="cfm-slow" waiting="0.00" lane="left_0" pos="41.92" speed="30.85" angle="109.03" x="46.37" y="-2.72"/>
        <vehicle id="cfm-slow_1" eclass="HBEFA3/PC_G_EU4" CO2="0.00" CO="0.00" HC="0.00" NOx="0.00" PMx="0.00" fuel="0.00" electricity="0.00" noise="73.19" route="routebottom" type="cfm-slow" waiting="0.00" lane="bottom_0" pos="17.88" speed="30.84" angle="62.31" x="100.23" y="5.60"/>
        <vehicle id="cfm-slow_2" eclass="HBEFA3/PC_G_EU4" CO2="0.00" CO="0.00" HC="0.00" NOx="0.00" PMx="0.00" fuel="0.00" electricity="0.00" noise="72.32" route="routebottom" type="cfm-slow" waiting="0.00" lane="bottom_0" pos="43.72" speed="29.74" angle="15.91" x="130.93" y="50.14"/>
        <vehicle id="cfm-slow_3" eclass="HBEFA3/PC_G_EU4" CO2="0.00" CO="0.00" HC="0.00" NOx="0.00" PMx="0.00" fuel="0.00" electricity="0.00" noise="71.57" route="routebottom" type="cfm-slow" waiting="0.00" lane="right_0" pos="18.36" speed="28.06" angle="331.45" x="121.16" y="101.09"/>
        <vehicle id="cfm-slow_4" eclass="HBEFA3/PC_G_EU4" CO2="0.00" CO="0.00" HC="0.00" NOx="0.00" PMx="0.00" fuel="0.00" electricity="0.00" noise="71.44" route="routebottom" type="cfm-slow" waiting="0.00" lane="right_0" pos="41.27" speed="26.60" angle="290.26" x="82.31" y="129.69"/>
        <vehicle id="cfm-slow_5" eclass="HBEFA3/PC_G_EU4" CO2="8251.66" CO="103.82" HC="0.68" NOx="3.21" PMx="0.18" fuel="3.55" electricity="0.00" noise="72.95" route="routetop" type="cfm-slow" waiting="0.00" lane="top_0" pos="12.75" speed="26.08" angle="251.52" x="36.87" y="126.83"/>
    </timestep>
    <timestep time="8.88">
        <vehicle id="cfm-fast_0" eclass="HBEFA3/PC_G_EU4" CO2="64011.25" CO="2424.91" HC="12.76" NOx="28.68" PMx="2.15" fuel="27.52" electricity="0.00" noise="97.29" route="routebottom" type="cfm-fast" waiting="0.00" lane="right_1" pos="39.21" speed="74.37" angle="293.93" x="85.39" y="125.24"/>
        <vehicle id="cfm-fast_1" eclass="HBEFA3/PC_G_EU4" CO2="14645.41" CO="238.29" HC="1.45" NOx="6.21" PMx="0.35" fuel="6.30" electricity="0.00" noise="75.58" route="routetop" type="cfm-fast" waiting="0.00" lane="top_0" pos="34.06" speed="26.72" angle="213.21" x="3.50" y="96.62"/>
        <vehicle id="cfm-fast_2" eclass="HBEFA3/PC_G_EU4" CO2="38062.04" CO="1943.59" HC="9.93" NOx="16.42" PMx="1.50" fuel="16.36" electricity="0.00" noise="92.39" route="routetop" type="cfm-fast" waiting="0.00" lane="left_1" pos="4.95" speed="75.54" angle="175.59" x="-0.86" y="53.52"/>
        <vehicle id="cfm-fast_3" eclass="HBEFA3/PC_G_EU4" CO2="17167.34" CO="297.99" HC="1.79" NOx="7.37" PMx="0.42" fuel="7.38" electricity="0.00" noise="76.96" route="routetop" type="cfm-fast" waiting="0.00" lane="left_0" pos="1.87" speed="28.20" angle="181.11" x="-4.81" y="59.54"/>
        <vehicle id="cfm-fast_4" eclass="HBEFA3/PC_G_EU4" CO2="39114.30" CO="1959.60" HC="10.03" NOx="16.92" PMx="1.52" fuel="16.81" electricity="0.00" noise="92.55" route="routebottom" type="cfm-fast" waiting="0.00" lane="bottom_1" pos="21.65" speed="75.42" angle="55.48" x="104.73" y="12.89"/>
        <vehicle id="cfm-fast_5" eclass="HBEFA3/PC_G_EU4" CO2="14335.63" CO="250.32" HC="1.50" NOx="5.99" PMx="0.35" fuel="6.16" electricity="0.00" noise="76.17" route="routetop" type="cfm-fast" waiting="0.00" lane="left_0" pos="21.24" speed="29.82" angle="146.22" x="9.78" y="21.21"/>
        <vehicle id="cfm-slow_0" eclass="HBEFA3/PC_G_EU4" CO2="6755.64" CO="102.22" HC="0.64" NOx="2.40" PMx="0.15" fuel="2.90" electricity="0.00" noise="74.42" route="routetop" type="cfm-slow" waiting="0.00" lane="left_0" pos="42.22" speed="30.85" angle="108.47" x="47.01" y="-2.89"/>
        <vehicle id="cfm-slow_1" eclass="HBEFA3/PC_G_EU4" CO2="0.00" CO="0.00" HC="0.00" NOx="0.00" PMx="0.00" fuel="0.00" electricity="0.00" noise="73.18" route="routebottom" type="cfm-slow" waiting="0.00" lane="bottom_0" pos="18.18" speed="30.83" angle="61.76" x="100.78" y="5.96"/>
        <vehicle id="cfm-slow_2" eclass="HBEFA3/PC_G_EU4" CO2="0.00" CO="0.00" HC="0.00" NOx="0.00" PMx="0.00" fuel="0.00" electricity="0.00" noise="72.31" route="routebottom" type="cfm-slow" waiting="0.00" lane="bottom_0" pos="44.01" speed="29.73" angle="15.35" x="131.04" y="50.77"/>
        <vehicle id="cfm-slow_3" eclass="HBEFA3/PC_G_EU4" CO2="0.00" CO="0.00" HC="0.00" NOx="0.00" PMx="0.00" fuel="0.00" electricity="0.00" noise="71.56" route="routebottom" type="cfm-slow" waiting="0.00" lane="right_0" pos="18.64" speed="28.05" angle="330.90" x="120.82" y="101.59"/>
        <vehicle id="cfm-slow_4" eclass="HBEFA3/PC_G_EU4" CO2="0.00" CO="0.00" HC="0.00" NOx="0.00" PMx="0.00" fuel="0.00" electricity="0.00" noise="71.45" route="routebottom" type="cfm-slow" waiting="0.00" lane="right_0" pos="41.53" speed="26.60" angle="289.78" x="81.75" y="129.83"/>
        <vehicle id="cfm-slow_5" eclass="HBEFA3/PC_G_EU4" CO2="8313.74" CO="105.12" HC="0.69" NOx="3.24" PMx="0.18" fuel="3.57" electricity="0.00" noise="72.97" route="routetop" type="cfm-slow" waiting="0.00" lane="top_0" pos="13.01" speed="26.08" angle="251.07" x="36.36" y="126.60"/>
    </timestep>
    <timestep time="8.89">
        <vehicle id="cfm-fast_0" eclass="HBEFA3/PC_G_EU4" CO2="63740.23" CO="2419.96" HC="12.73" NOx="28.55" PMx="2.14" fuel="27.40" electricity="0.00" noise="97.23" route="routebottom" type="cfm-fast" waiting="0.00" lane="right_1" pos="39.96" speed="74.38" angle="292.65" x="83.95" y="125.74"/>
        <vehicle id="cfm-fast_1" eclass="HBEFA3/PC_G_EU4" CO2="14671.58" CO="238.89" HC="1.45" NOx="6.22" PMx="0.35" fuel="6.31" electricity="0.00" noise="75.59" route="routetop" type="cfm-fast" waiting="0.00" lane="top_0" pos="34.33" speed="26.74" angle="212.72" x="3.22" y="96.12"/>
        <vehicle id="cfm-fast_2" eclass="HBEFA3/PC_G_EU4" CO2="38046.77" CO="1943.28" HC="9.93" NOx="16.42" PMx="1.50" fuel="16.36" electricity="0.00" noise="92.39" route="routetop" type="cfm-fast" waiting="0.00" lane="left_1" pos="5.71" speed="75.54" angle="174.20" x="-0.59" y="51.99"/>
        <vehicle id="cfm-fast_3" eclass="HBEFA3/PC_G_EU4" CO2="17144.03" CO="297.60" HC="1.78" NOx="7.35" PMx="0.42" fuel="7.37" electricity="0.00" noise="76.95" route="routetop" type="cfm-fast" waiting="0.00" lane="left_0" pos="2.16" speed="28.21" angle="180.61" x="-4.78" y="58.93"/>
        <vehicle id="cfm-fast_4" eclass="HBEFA3/PC_G_EU4" CO2="39152.24" CO="1960.42" HC="10.03" NOx="16.94" PMx="1.52" fuel="16.83" electricity="0.00" noise="92.56" route="routebottom" type="cfm-fast" waiting="0.00" lane="bottom_1" pos="22.40" speed="75.42" angle="54.16" x="105.91" y="13.88"/>
        <vehicle id="cfm-fast_5" eclass="HBEFA3/PC_G_EU4" CO2="14265.17" CO="248.95" HC="1.49" NOx="5.96" PMx="0.35" fuel="6.13" electricity="0.00" noise="76.15" route="routetop" type="cfm-fast" waiting="0.00" lane="left_0" pos="21.54" speed="29.83" angle="145.68" x="10.18" y="20.70"/>
        <vehicle id="cfm-slow_0" eclass="HBEFA3/PC_G_EU4" CO2="6669.16" CO="100.44" HC="0.63" NOx="2.36" PMx="0.15" fuel="2.87" electricity="0.00" noise="74.40" route="routetop" type="cfm-slow" waiting="0.00" lane="left_0" pos="42.53" speed="30.86" angle="107.96" x="47.65" y="-3.05"/>
        <vehicle id="cfm-slow_1" eclass="HBEFA3/PC_G_EU4" CO2="0.00" CO="0.00" HC="0.00" NOx="0.00" PMx="0.00" fuel="0.00" electricity="0.00" noise="73.17" route="routebottom" type="cfm-slow" waiting="0.00" lane="bottom_0" pos="18.49" speed="30.82" angle="61.18" x="101.33" y="6.33"/>
        <vehicle id="cfm-slow_2" eclass="HBEFA3/PC_G_EU4" CO2="0.00" CO="0.00" HC="0.00" NOx="0.00" PMx="0.00" fuel="0.00" electricity="0.00" noise="72.31" route="routebottom" type="cfm-slow" waiting="0.00" lane="bottom_0" pos="44.31" speed="29.71" angle="14.78" x="131.16" y="51.39"/>
        <vehicle id="cfm-slow_3" eclass="HBEFA3/PC_G_EU4" CO2="0.00" CO="0.00" HC="0.00" NOx="0.00" PMx="0.00" fuel="0.00" electricity="0.00" noise="71.56" route="routebottom" type="cfm-slow" waiting="0.00" lane="right_0" pos="18.92" speed="28.03" angle="330.35" x="120.48" y="102.10"/>
        <vehicle id="cfm-slow_4" eclass="HBEFA3/PC_G_EU4" CO2="0.00" CO="0.00" HC="0.00" NOx="0.00" PMx="0.00" fuel="0.00" electricity="0.00" noise="71.46" route="routebottom" type="cfm-slow" waiting="0.00" lane="right_0" pos="41.80" speed="26.59" angle="289.30" x="81.20" y="129.98"/>
        <vehicle id="cfm-slow_5" eclass="HBEFA3/PC_G_EU4" CO2="8375.49" CO="106.41" HC="0.69" NOx="3.26" PMx="0.18" fuel="3.60" electricity="0.00" noise="72.99" route="routetop" type="cfm-slow" waiting="0.00" lane="top_0" pos="13.27" speed="26.09" angle="250.59" x="35.85" y="126.37"/>
    </timestep>
    <timestep time="8.90">
        <vehicle id="cfm-fast_0" eclass="HBEFA3/PC_G_EU4" CO2="63471.60" CO="2415.05" HC="12.70" NOx="28.43" PMx="2.14" fuel="27.28" electricity="0.00" noise="97.18" route="routebottom" type="cfm-fast" waiting="0.00" lane="right_1" pos="40.70" speed="74.40" angle="291.26" x="82.49" y="126.20"/>
        <vehicle id="cfm-fast_1" eclass="HBEFA3/PC_G_EU4" CO2="14697.31" CO="239.49" HC="1.46" NOx="6.23" PMx="0.35" fuel="6.32" electricity="0.00" noise="75.61" route="routetop" type="cfm-fast" waiting="0.00" lane="top_0" pos="34.60" speed="26.75" angle="212.29" x="2.94" y="95.62"/>
        <vehicle id="cfm-fast_2" eclass="HBEFA3/PC_G_EU4" CO2="38032.23" CO="1942.99" HC="9.93" NOx="16.41" PMx="1.49" fuel="16.35" electricity="0.00" noise="92.38" route="routetop" type="cfm-fast" waiting="0.00" lane="left_1" pos="6.46" speed="75.55" angle="172.85" x="-0.30" y="50.47"/>
        <vehicle id="cfm-fast_3" eclass="HBEFA3/PC_G_EU4" CO2="17120.26" CO="297.21" HC="1.78" NOx="7.34" PMx="0.42" fuel="7.36" electricity="0.00" noise="76.94" route="routetop" type="cfm-fast" waiting="0.00" lane="left_0" pos="2.44" speed="28.23" angle="180.10" x="-4.74" y="58.33"/>
        <vehicle id="cfm-fast_4" eclass="HBEFA3/PC_G_EU4" CO2="39189.20" CO="1961.22" HC="10.04" NOx="16.96" PMx="1.52" fuel="16.85" electricity="0.00" noise="92.56" route="routebottom" type="cfm-fast" waiting="0.00" lane="bottom_1" pos="23.15" speed="75.42" angle="52.86" x="107.09" y="14.88"/>
        <vehicle id="cfm-fast_5" eclass="HBEFA3/PC_G_EU4" CO2="14194.52" CO="247.57" HC="1.49" NOx="5.93" PMx="0.34" fuel="6.10" electricity="0.00" noise="76.13" route="routetop" type="cfm-fast" waiting="0.00" lane="left_0" pos="21.83" speed="29.84" angle="145.18" x="10.58" y="20.20"/>
        <vehicle id="cfm-slow_0" eclass="HBEFA3/PC_G_EU4" CO2="6582.94" CO="98.67" HC="0.62" NOx="2.31" PMx="0.15" fuel="2.83" electricity="0.00" noise="74.39" route="routetop" type="cfm-slow" waiting="0.00" lane="left_0" pos="42.84" speed="30.86" angle="107.42" x="48.30" y="-3.19"/>
        <vehicle id="cfm-slow_1" eclass="HBEFA3/PC_G_EU4" CO2="0.00" CO="0.00" HC="0.00" NOx="0.00" PMx="0.00" fuel="0.00" electricity="0.00" noise="73.16" route="routebottom" type="cfm-slow" waiting="0.00" lane="bottom_0" pos="18.80" speed="30.81" angle="60.60" x="101.89" y="6.70"/>
        <vehicle id="cfm-slow_2" eclass="HBEFA3/PC_G_EU4" CO2="0.00" CO="0.00" HC="0.00" NOx="0.00" PMx="0.00" fuel="0.00" electricity="0.00" noise="72.30" route="routebottom" type="cfm-slow" waiting="0.00" lane="bottom_0" pos="44.61" speed="29.69" angle="14.22" x="131.27" y="52.02"/>
        <vehicle id="cfm-slow_3" eclass="HBEFA3/PC_G_EU4" CO2="0.00" CO="0.00" HC="0.00" NOx="0.00" PMx="0.00" fuel="0.00" electricity="0.00" noise="71.55" route="routebottom" type="cfm-slow" waiting="0.00" lane="right_0" pos="19.20" speed="28.02" angle="329.87" x="120.15" y="102.60"/>
        <vehicle id="cfm-slow_4" eclass="HBEFA3/PC_G_EU4" CO2="0.00" CO="0.00" HC="0.00" NOx="0.00" PMx="0.00" fuel="0.00" electricity="0.00" noise="71.47" route="routebottom" type="cfm-slow" waiting="0.00" lane="right_0" pos="42.07" speed="26.59" angle="288.81" x="80.65" y="130.13"/>
        <vehicle id="cfm-slow_5" eclass="HBEFA3/PC_G_EU4" CO2="8436.90" CO="107.70" HC="0.70" NOx="3.29" PMx="0.18" fuel="3.63" electricity="0.00" noise="73.01" route="routetop" type="cfm-slow" waiting="0.00" lane="top_0" pos="13.53" speed="26.09" angle="250.12" x="35.34" y="126.14"/>
    </timestep>
    <timestep time="8.91">
        <vehicle id="cfm-fast_0" eclass="HBEFA3/PC_G_EU4" CO2="63205.34" CO="2410.18" HC="12.67" NOx="28.30" PMx="2.13" fuel="27.17" electricity="0.00" noise="97.13" route="routebottom" type="cfm-fast" waiting="0.00" lane="right_1" pos="41.44" speed="74.41" angle="289.92" x="81.02" y="126.61"/>
        <vehicle id="cfm-fast_1" eclass="HBEFA3/PC_G_EU4" CO2="14722.59" CO="240.07" HC="1.46" NOx="6.24" PMx="0.35" fuel="6.33" electricity="0.00" noise="75.62" route="routetop" type="cfm-fast" waiting="0.00" lane="top_0" pos="34.87" speed="26.77" angle="211.81" x="2.68" y="95.10"/>
        <vehicle id="cfm-fast_2" eclass="HBEFA3/PC_G_EU4" CO2="38018.40" CO="1942.72" HC="9.92" NOx="16.40" PMx="1.49" fuel="16.34" electricity="0.00" noise="92.38" route="routetop" type="cfm-fast" waiting="0.00" lane="left_1" pos="7.22" speed="75.55" angle="171.45" x="0.04" y="48.96"/>
        <vehicle id="cfm-fast_3" eclass="HBEFA3/PC_G_EU4" CO2="17096.05" CO="296.80" HC="1.78" NOx="7.33" PMx="0.41" fuel="7.35" electricity="0.00" noise="76.93" route="routetop" type="cfm-fast" waiting="0.00" lane="left_0" pos="2.72" speed="28.25" angle="179.61" x="-4.69" y="57.72"/>
        <vehicle id="cfm-fast_4" eclass="HBEFA3/PC_G_EU4" CO2="39225.22" CO="1962.00" HC="10.04" NOx="16.97" PMx="1.52" fuel="16.86" electricity="0.00" noise="92.57" route="routebottom" type="cfm-fast" waiting="0.00" lane="bottom_1" pos="23.91" speed="75.42" angle="51.50" x="108.23" y="15.93"/>
        <vehicle id="cfm-fast_5" eclass="HBEFA3/PC_G_EU4" CO2="14123.67" CO="246.19" HC="1.48" NOx="5.89" PMx="0.34" fuel="6.07" electricity="0.00" noise="76.10" route="routetop" type="cfm-fast" waiting="0.00" lane="left_0" pos="22.13" speed="29.85" angle="144.63" x="11.00" y="19.71"/>
        <vehicle id="cfm-slow_0" eclass="HBEFA3/PC_G_EU4" CO2="6496.98" CO="96.91" HC="0.61" NOx="2.27" PMx="0.15" fuel="2.79" electricity="0.00" noise="74.37" route="routetop" type="cfm-slow" waiting="0.00" lane="left_0" pos="43.15" speed="30.86" angle="106.87" x="48.95" y="-3.34"/>
        <vehicle id="cfm-slow_1" eclass="HBEFA3/PC_G_EU4" CO2="0.00" CO="0.00" HC="0.00" NOx="0.00" PMx="0.00" fuel="0.00" electricity="0.00" noise="73.15" route="routebottom" type="cfm-slow" waiting="0.00" lane="bottom_0" pos="19.11" speed="30.80" angle="60.04" x="102.44" y="7.06"/>
        <vehicle id="cfm-slow_2" eclass="HBEFA3/PC_G_EU4" CO2="0.00" CO="0.00" HC="0.00" NOx="0.00" PMx="0.00" fuel="0.00" electricity="0.00" noise="72.29" route="routebottom" type="cfm-slow" waiting="0.00" lane="bottom_0" pos="44.90" speed="29.68" angle="13.73" x="131.39" y="52.65"/>
        <vehicle id="cfm-slow_3" eclass="HBEFA3/PC_G_EU4" CO2="0.00" CO="0.00" HC="0.00" NOx="0.00" PMx="0.00" fuel="0.00" electricity="0.00" noise="71.55" route="routebottom" type="cfm-slow" waiting="0.00" lane="right_0" pos="19.48" speed="28.00" angle="329.37" x="119.80" y="103.09"/>
        <vehicle id="cfm-slow_4" eclass="HBEFA3/PC_G_EU4" CO2="0.00" CO="0.00" HC="0.00" NOx="0.00" PMx="0.00" fuel="0.00" electricity="0.00" noise="71.48" route="routebottom" type="cfm-slow" waiting="0.00" lane="right_0" pos="42.33" speed="26.58" angle="288.39" x="80.10" y="130.28"/>
        <vehicle id="cfm-slow_5" eclass="HBEFA3/PC_G_EU4" CO2="8497.98" CO="108.98" HC="0.71" NOx="3.32" PMx="0.18" fuel="3.65" electricity="0.00" noise="73.03" route="routetop" type="cfm-slow" waiting="0.00" lane="top_0" pos="13.79" speed="26.10" angle="249.64" x="34.82" y="125.92"/>
    </timestep>
    <timestep time="8.92">
        <vehicle id="cfm-fast_0" eclass="HBEFA3/PC_G_EU4" CO2="62941.45" CO="2405.36" HC="12.65" NOx="28.18" PMx="2.12" fuel="27.06" electricity="0.00" noise="97.07" route="routebottom" type="cfm-fast" waiting="0.00" lane="right_1" pos="42.19" speed="74.42" angle="288.52" x="79.55" y="127.00"/>
        <vehicle id="cfm-fast_1" eclass="HBEFA3/PC_G_EU4" CO2="14747.43" CO="240.65" HC="1.46" NOx="6.26" PMx="0.35" fuel="6.34" electricity="0.00" noise="75.63" route="routetop" type="cfm-fast" waiting="0.00" lane="top_0" pos="35.13" speed="26.78" angle="211.31" x="2.42" y="94.59"/>
        <vehicle id="cfm-fast_2" eclass="HBEFA3/PC_G_EU4" CO2="38005.25" CO="1942.46" HC="9.92" NOx="16.40" PMx="1.49" fuel="16.34" electricity="0.00" noise="92.38" route="routetop" type="cfm-fast" waiting="0.00" lane="left_1" pos="7.97" speed="75.55" angle="170.11" x="0.40" y="47.45"/>
        <vehicle id="cfm-fast_3" eclass="HBEFA3/PC_G_EU4" CO2="17071.39" CO="296.39" HC="1.78" NOx="7.32" PMx="0.41" fuel="7.34" electricity="0.00" noise="76.92" route="routetop" type="cfm-fast" waiting="0.00" lane="left_0" pos="3.00" speed="28.26" angle="179.11" x="-4.63" y="57.12"/>
        <vehicle id="cfm-fast_4" eclass="HBEFA3/PC_G_EU4" CO2="39260.29" CO="1962.77" HC="10.05" NOx="16.99" PMx="1.52" fuel="16.88" electricity="0.00" noise="92.58" route="routebottom" type="cfm-fast" waiting="0.00" lane="bottom_1" pos="24.66" speed="75.42" angle="50.17" x="109.35" y="17.00"/>
        <vehicle id="cfm-fast_5" eclass="HBEFA3/PC_G_EU4" CO2="14052.63" CO="244.81" HC="1.47" NOx="5.86" PMx="0.34" fuel="6.04" electricity="0.00" noise="76.08" route="routetop" type="cfm-fast" waiting="0.00" lane="left_0" pos="22.43" speed="29.86" angle="144.07" x="11.41" y="19.22"/>
        <vehicle id="cfm-slow_0" eclass="HBEFA3/PC_G_EU4" CO2="6411.30" CO="95.15" HC="0.60" NOx="2.23" PMx="0.15" fuel="2.76" electricity="0.00" noise="74.35" route="routetop" type="cfm-slow" waiting="0.00" lane="left_0" pos="43.46" speed="30.86" angle="106.32" x="49.60" y="-3.49"/>
        <vehicle id="cfm-slow_1" eclass="HBEFA3/PC_G_EU4" CO2="0.00" CO="0.00" HC="0.00" NOx="0.00" PMx="0.00" fuel="0.00" electricity="0.00" noise="73.14" route="routebottom" type="cfm-slow" waiting="0.00" lane="bottom_0" pos="19.42" speed="30.79" angle="59.52" x="102.98" y="7.44"/>
        <vehicle id="cfm-slow_2" eclass="HBEFA3/PC_G_EU4" CO2="0.00" CO="0.00" HC="0.00" NOx="0.00" PMx="0.00" fuel="0.00" electricity="0.00" noise="72.28" route="routebottom" type="cfm-slow" waiting="0.00" lane="bottom_0" pos="45.20" speed="29.66" angle="13.20" x="131.48" y="53.28"/>
        <vehicle id="cfm-slow_3" eclass="HBEFA3/PC_G_EU4" CO2="0.00" CO="0.00" HC="0.00" NOx="0.00" PMx="0.00" fuel="0.00" electricity="0.00" noise="71.55" route="routebottom" type="cfm-slow" waiting="0.00" lane="right_0" pos="19.76" speed="27.99" angle="328.87" x="119.45" y="103.58"/>
        <vehicle id="cfm-slow_4" eclass="HBEFA3/PC_G_EU4" CO2="0.00" CO="0.00" HC="0.00" NOx="0.00" PMx="0.00" fuel="0.00" electricity="0.00" noise="71.49" route="routebottom" type="cfm-slow" waiting="0.00" lane="right_0" pos="42.60" speed="26.58" angle="287.90" x="79.54" y="130.40"/>
        <vehicle id="cfm-slow_5" eclass="HBEFA3/PC_G_EU4" CO2="8558.73" CO="110.26" HC="0.72" NOx="3.35" PMx="0.18" fuel="3.68" electricity="0.00" noise="73.06" route="routetop" type="cfm-slow" waiting="0.00" lane="top_0" pos="14.05" speed="26.11" angle="249.21" x="34.31" y="125.69"/>
    </timestep>
    <timestep time="8.93">
        <vehicle id="cfm-fast_0" eclass="HBEFA3/PC_G_EU4" CO2="62679.90" CO="2400.58" HC="12.62" NOx="28.05" PMx="2.12" fuel="26.94" electricity="0.00" noise="97.02" route="routebottom" type="cfm-fast" waiting="0.00" lane="right_1" pos="42.93" speed="74.44" angle="287.26" x="78.06" y="127.35"/>
        <vehicle id="cfm-fast_1" eclass="HBEFA3/PC_G_EU4" CO2="14771.82" CO="241.22" HC="1.47" NOx="6.27" PMx="0.35" fuel="6.35" electricity="0.00" noise="75.65" route="routetop" type="cfm-fast" waiting="0.00" lane="top_0" pos="35.40" speed="26.79" angle="210.82" x="2.17" y="94.07"/>
        <vehicle id="cfm-fast_2" eclass="HBEFA3/PC_G_EU4" CO2="37992.78" CO="1942.21" HC="9.92" NOx="16.39" PMx="1.49" fuel="16.33" electricity="0.00" noise="92.38" route="routetop" type="cfm-fast" waiting="0.00" lane="left_1" pos="8.73" speed="75.55" angle="168.70" x="0.81" y="45.96"/>
        <vehicle id="cfm-fast_3" eclass="HBEFA3/PC_G_EU4" CO2="17046.30" CO="295.97" HC="1.78" NOx="7.31" PMx="0.41" fuel="7.33" electricity="0.00" noise="76.91" route="routetop" type="cfm-fast" waiting="0.00" lane="left_0" pos="3.29" speed="28.28" angle="178.60" x="-4.56" y="56.51"/>
        <vehicle id="cfm-fast_4" eclass="HBEFA3/PC_G_EU4" CO2="39294.44" CO="1963.51" HC="10.05" NOx="17.01" PMx="1.53" fuel="16.89" electricity="0.00" noise="92.58" route="routebottom" type="cfm-fast" waiting="0.00" lane="bottom_1" pos="25.42" speed="75.42" angle="48.74" x="110.44" y="18.09"/>
        <vehicle id="cfm-fast_5" eclass="HBEFA3/PC_G_EU4" CO2="13981.40" CO="243.42" HC="1.46" NOx="5.83" PMx="0.34" fuel="6.01" electricity="0.00" noise="76.06" route="routetop" type="cfm-fast" waiting="0.00" lane="left_0" pos="22.73" speed="29.87" angle="143.51" x="11.83" y="18.73"/>
        <vehicle id="cfm-slow_0" eclass="HBEFA3/PC_G_EU4" CO2="6325.89" CO="93.39" HC="0.59" NOx="2.19" PMx="0.14" fuel="2.72" electricity="0.00" noise="74.34" route="routetop" type="cfm-slow" waiting="0.00" lane="left_0" pos="43.77" speed="30.86" angle="105.82" x="50.25" y="-3.63"/>
        <vehicle id="cfm-slow_1" eclass="HBEFA3/PC_G_EU4" CO2="0.00" CO="0.00" HC="0.00" NOx="0.00" PMx="0.00" fuel="0.00" electricity="0.00" noise="73.14" route="routebottom" type="cfm-slow" waiting="0.00" lane="bottom_0" pos="19.72" speed="30.78" angle="58.95" x="103.52" y="7.83"/>
        <vehicle id="cfm-slow_2" eclass="HBEFA3/PC_G_EU4" CO2="0.00" CO="0.00" HC="0.00" NOx="0.00" PMx="0.00" fuel="0.00" electricity="0.00" noise="72.28" route="routebottom" type="cfm-slow" waiting="0.00" lane="bottom_0" pos="45.50" speed="29.65" angle="12.66" x="131.57" y="53.91"/>
        <vehicle id="cfm-slow_3" eclass="HBEFA3/PC_G_EU4" CO2="0.00" CO="0.00" HC="0.00" NOx="0.00" PMx="0.00" fuel="0.00" electricity="0.00" noise="71.55" route="routebottom" type="cfm-slow" waiting="0.00" lane="right_0" pos="20.04" speed="27.97" angle="328.36" x="119.10" y="104.06"/>
        <vehicle id="cfm-slow_4" eclass="HBEFA3/PC_G_EU4" CO2="0.00" CO="0.00" HC="0.00" NOx="0.00" PMx="0.00" fuel="0.00" electricity="0.00" noise="71.50" route="routebottom" type="cfm-slow" waiting="0.00" lane="right_0" pos="42.86" speed="26.57" angle="287.42" x="78.98" y="130.53"/>
        <vehicle id="cfm-slow_5" eclass="HBEFA3/PC_G_EU4" CO2="8619.13" CO="111.53" HC="0.72" NOx="3.38" PMx="0.19" fuel="3.70" electricity="0.00" noise="73.08" route="routetop" type="cfm-slow" waiting="0.00" lane="top_0" pos="14.31" speed="26.11" angle="248.73" x="33.81" y="125.44"/>
    </timestep>
    <timestep time="8.94">
        <vehicle id="cfm-fast_0" eclass="HBEFA3/PC_G_EU4" CO2="62420.70" CO="2395.83" HC="12.59" NOx="27.93" PMx="2.11" fuel="26.83" electricity="0.00" noise="96.97" route="routebottom" type="cfm-fast" waiting="0.00" lane="right_1" pos="43.68" speed="74.45" angle="285.98" x="76.57" y="127.69"/>
        <vehicle id="cfm-fast_1" eclass="HBEFA3/PC_G_EU4" CO2="14795.76" CO="241.78" HC="1.47" NOx="6.28" PMx="0.35" fuel="6.36" electricity="0.00" noise="75.66" route="routetop" type="cfm-fast" waiting="0.00" lane="top_0" pos="35.67" speed="26.81" angle="210.32" x="1.91" y="93.55"/>
        <vehicle id="cfm-fast_2" eclass="HBEFA3/PC_G_EU4" CO2="37980.97" CO="1941.97" HC="9.92" NOx="16.38" PMx="1.49" fuel="16.33" electricity="0.00" noise="92.38" route="routetop" type="cfm-fast" waiting="0.00" lane="left_1" pos="9.49" speed="75.55" angle="167.38" x="1.25" y="44.47"/>
        <vehicle id="cfm-fast_3" eclass="HBEFA3/PC_G_EU4" CO2="17020.76" CO="295.54" HC="1.77" NOx="7.29" PMx="0.41" fuel="7.32" electricity="0.00" noise="76.91" route="routetop" type="cfm-fast" waiting="0.00" lane="left_0" pos="3.57" speed="28.29" angle="178.09" x="-4.50" y="55.91"/>
        <vehicle id="cfm-fast_4" eclass="HBEFA3/PC_G_EU4" CO2="39327.67" CO="1964.24" HC="10.05" NOx="17.02" PMx="1.53" fuel="16.91" electricity="0.00" noise="92.59" route="routebottom" type="cfm-fast" waiting="0.00" lane="bottom_1" pos="26.17" speed="75.43" angle="47.41" x="111.50" y="19.22"/>
        <vehicle id="cfm-fast_5" eclass="HBEFA3/PC_G_EU4" CO2="13910.00" CO="242.03" HC="1.45" NOx="5.79" PMx="0.34" fuel="5.98" electricity="0.00" noise="76.04" route="routetop" type="cfm-fast" waiting="0.00" lane="left_0" pos="23.03" speed="29.88" angle="143.00" x="12.24" y="18.24"/>
        <vehicle id="cfm-slow_0" eclass="HBEFA3/PC_G_EU4" CO2="6240.76" CO="91.64" HC="0.58" NOx="2.15" PMx="0.14" fuel="2.68" electricity="0.00" noise="74.32" route="routetop" type="cfm-slow" waiting="0.00" lane="left_0" pos="44.08" speed="30.86" angle="105.25" x="50.90" y="-3.75"/>
        <vehicle id="cfm-slow_1" eclass="HBEFA3/PC_G_EU4" CO2="0.00" CO="0.00" HC="0.00" NOx="0.00" PMx="0.00" fuel="0.00" electricity="0.00" noise="73.13" route="routebottom" type="cfm-slow" waiting="0.00" lane="bottom_0" pos="20.03" speed="30.77" angle="58.38" x="104.06" y="8.22"/>
        <vehicle id="cfm-slow_2" eclass="HBEFA3/PC_G_EU4" CO2="0.00" CO="0.00" HC="0.00" NOx="0.00" PMx="0.00" fuel="0.00" electricity="0.00" noise="72.27" route="routebottom" type="cfm-slow" waiting="0.00" lane="bottom_0" pos="45.79" speed="29.63" angle="12.12" x="131.66" y="54.55"/>
        <vehicle id="cfm-slow_3" eclass="HBEFA3/PC_G_EU4" CO2="0.00" CO="0.00" HC="0.00" NOx="0.00" PMx="0.00" fuel="0.00" electricity="0.00" noise="71.54" route="routebottom" type="cfm-slow" waiting="0.00" lane="right_0" pos="20.32" speed="27.96" angle="327.85" x="118.75" y="104.55"/>
        <vehicle id="cfm-slow_4" eclass="HBEFA3/PC_G_EU4" CO2="0.00" CO="0.00" HC="0.00" NOx="0.00" PMx="0.00" fuel="0.00" electricity="0.00" noise="71.50" route="routebottom" type="cfm-slow" waiting="0.00" lane="right_0" pos="43.13" speed="26.56" angle="286.94" x="78.42" y="130.66"/>
        <vehicle id="cfm-slow_5" eclass="HBEFA3/PC_G_EU4" CO2="8679.20" CO="112.79" HC="0.73" NOx="3.41" PMx="0.19" fuel="3.73" electricity="0.00" noise="73.10" route="routetop" type="cfm-slow" waiting="0.00" lane="top_0" pos="14.57" speed="26.12" angle="248.23" x="33.30" y="125.18"/>
    </timestep>
    <timestep time="8.95">
        <vehicle id="cfm-fast_0" eclass="HBEFA3/PC_G_EU4" CO2="62163.82" CO="2391.13" HC="12.56" NOx="27.81" PMx="2.10" fuel="26.72" electricity="0.00" noise="96.91" route="routebottom" type="cfm-fast" waiting="0.00" lane="right_1" pos="44.42" speed="74.46" angle="284.54" x="75.07" y="127.96"/>
        <vehicle id="cfm-fast_1" eclass="HBEFA3/PC_G_EU4" CO2="14819.26" CO="242.33" HC="1.47" NOx="6.29" PMx="0.35" fuel="6.37" electricity="0.00" noise="75.67" route="routetop" type="cfm-fast" waiting="0.00" lane="top_0" pos="35.94" speed="26.82" angle="209.89" x="1.65" y="93.04"/>
        <vehicle id="cfm-fast_2" eclass="HBEFA3/PC_G_EU4" CO2="37969.79" CO="1941.75" HC="9.92" NOx="16.38" PMx="1.49" fuel="16.32" electricity="0.00" noise="92.37" route="routetop" type="cfm-fast" waiting="0.00" lane="left_1" pos="10.24" speed="75.55" angle="166.05" x="1.71" y="42.99"/>
        <vehicle id="cfm-fast_3" eclass="HBEFA3/PC_G_EU4" CO2="16994.79" CO="295.10" HC="1.77" NOx="7.28" PMx="0.41" fuel="7.31" electricity="0.00" noise="76.90" route="routetop" type="cfm-fast" waiting="0.00" lane="left_0" pos="3.85" speed="28.31" angle="177.61" x="-4.44" y="55.30"/>
        <vehicle id="cfm-fast_4" eclass="HBEFA3/PC_G_EU4" CO2="39360.00" CO="1964.94" HC="10.06" NOx="17.04" PMx="1.53" fuel="16.92" electricity="0.00" noise="92.60" route="routebottom" type="cfm-fast" waiting="0.00" lane="bottom_1" pos="26.93" speed="75.43" angle="46.10" x="112.55" y="20.35"/>
        <vehicle id="cfm-fast_5" eclass="HBEFA3/PC_G_EU4" CO2="13838.42" CO="240.63" HC="1.45" NOx="5.76" PMx="0.34" fuel="5.95" electricity="0.00" noise="76.02" route="routetop" type="cfm-fast" waiting="0.00" lane="left_0" pos="23.33" speed="29.89" angle="142.48" x="12.68" y="17.76"/>
        <vehicle id="cfm-slow_0" eclass="HBEFA3/PC_G_EU4" CO2="6155.92" CO="89.89" HC="0.57" NOx="2.11" PMx="0.14" fuel="2.65" electricity="0.00" noise="74.30" route="routetop" type="cfm-slow" waiting="0.00" lane="left_0" pos="44.38" speed="30.86" angle="104.68" x="51.55" y="-3.87"/>
        <vehicle id="cfm-slow_1" eclass="HBEFA3/PC_G_EU4" CO2="0.00" CO="0.00" HC="0.00" NOx="0.00" PMx="0.00" fuel="0.00" electricity="0.00" noise="73.12" route="routebottom" type="cfm-slow" waiting="0.00" lane="bottom_0" pos="20.34" speed="30.76" angle="57.81" x="104.59" y="8.60"/>
        <vehicle id="cfm-slow_2" eclass="HBEFA3/PC_G_EU4" CO2="0.00" CO="0.00" HC="0.00" NOx="0.00" PMx="0.00" fuel="0.00" electricity="0.00" noise="72.26" route="routebottom" type="cfm-slow" waiting="0.00" lane="bottom_0" pos="46.09" speed="29.61" angle="11.60" x="131.75" y="55.18"/>
        <vehicle id="cfm-slow_3" eclass="HBEFA3/PC_G_EU4" CO2="0.00" CO="0.00" HC="0.00" NOx="0.00" PMx="0.00" fuel="0.00" electricity="0.00" noise="71.54" route="routebottom" type="cfm-slow" waiting="0.00" lane="right_0" pos="20.60" speed="27.95" angle="327.41" x="118.39" y="105.04"/>
        <vehicle id="cfm-slow_4" eclass="HBEFA3/PC_G_EU4" CO2="0.00" CO="0.00" HC="0.00" NOx="0.00" PMx="0.00" fuel="0.00" electricity="0.00" noise="71.51" route="routebottom" type="cfm-slow" waiting="0.00" lane="right_0" pos="43.40" speed="26.56" angle="286.45" x="77.87" y="130.78"/>
        <vehicle id="cfm-slow_5" eclass="HBEFA3/PC_G_EU4" CO2="8738.93" CO="114.04" HC="0.74" NOx="3.44" PMx="0.19" fuel="3.76" electricity="0.00" noise="73.12" route="routetop" type="cfm-slow" waiting="0.00" lane="top_0" pos="14.84" speed="26.12" angle="247.73" x="32.80" y="124.93"/>
    </timestep>
    <timestep time="8.96">
        <vehicle id="cfm-fast_0" eclass="HBEFA3/PC_G_EU4" CO2="61909.24" CO="2386.48" HC="12.53" NOx="27.69" PMx="2.10" fuel="26.61" electricity="0.00" noise="96.86" route="routebottom" type="cfm-fast" waiting="0.00" lane="right_1" pos="45.17" speed="74.48" angle="283.20" x="73.56" y="128.21"/>
        <vehicle id="cfm-fast_1" eclass="HBEFA3/PC_G_EU4" CO2="14842.31" CO="242.88" HC="1.48" NOx="6.30" PMx="0.35" fuel="6.38" electricity="0.00" noise="75.69" route="routetop" type="cfm-fast" waiting="0.00" lane="top_0" pos="36.21" speed="26.84" angle="209.38" x="1.42" y="92.51"/>
        <vehicle id="cfm-fast_2" eclass="HBEFA3/PC_G_EU4" CO2="37959.24" CO="1941.54" HC="9.92" NOx="16.37" PMx="1.49" fuel="16.32" electricity="0.00" noise="92.37" route="routetop" type="cfm-fast" waiting="0.00" lane="left_1" pos="11.00" speed="75.55" angle="164.65" x="2.23" y="41.53"/>
        <vehicle id="cfm-fast_3" eclass="HBEFA3/PC_G_EU4" CO2="16968.38" CO="294.65" HC="1.77" NOx="7.27" PMx="0.41" fuel="7.29" electricity="0.00" noise="76.89" route="routetop" type="cfm-fast" waiting="0.00" lane="left_0" pos="4.14" speed="28.33" angle="177.09" x="-4.35" y="54.70"/>
        <vehicle id="cfm-fast_4" eclass="HBEFA3/PC_G_EU4" CO2="39391.43" CO="1965.64" HC="10.06" NOx="17.05" PMx="1.53" fuel="16.93" electricity="0.00" noise="92.60" route="routebottom" type="cfm-fast" waiting="0.00" lane="bottom_1" pos="27.68" speed="75.43" angle="44.66" x="113.55" y="21.53"/>
        <vehicle id="cfm-fast_5" eclass="HBEFA3/PC_G_EU4" CO2="13766.66" CO="239.22" HC="1.44" NOx="5.72" PMx="0.33" fuel="5.92" electricity="0.00" noise="76.00" route="routetop" type="cfm-fast" waiting="0.00" lane="left_0" pos="23.63" speed="29.90" angle="141.94" x="13.11" y="17.29"/>
        <vehicle id="cfm-slow_0" eclass="HBEFA3/PC_G_EU4" CO2="0.00" CO="0.00" HC="0.00" NOx="0.00" PMx="0.00" fuel="0.00" electricity="0.00" noise="74.29" route="routetop" type="cfm-slow" waiting="0.00" lane="left_0" pos="44.69" speed="30.86" angle="104.11" x="52.20" y="-3.99"/>
        <vehicle id="cfm-slow_1" eclass="HBEFA3/PC_G_EU4" CO2="0.00" CO="0.00" HC="0.00" NOx="0.00" PMx="0.00" fuel="0.00" electricity="0.00" noise="73.11" route="routebottom" type="cfm-slow" waiting="0.00" lane="bottom_0" pos="20.65" speed="30.75" angle="57.32" x="105.12" y="9.00"/>
        <vehicle id="cfm-slow_2" eclass="HBEFA3/PC_G_EU4" CO2="0.00" CO="0.00" HC="0.00" NOx="0.00" PMx="0.00" fuel="0.00" electricity="0.00" noise="72.26" route="routebottom" type="cfm-slow" waiting="0.00" lane="bottom_0" pos="46.38" speed="29.60" angle="11.11" x="131.82" y="55.81"/>
        <vehicle id="cfm-slow_3" eclass="HBEFA3/PC_G_EU4" CO2="0.00" CO="0.00" HC="0.00" NOx="0.00" PMx="0.00" fuel="0.00" electricity="0.00" noise="71.54" route="routebottom" type="cfm-slow" waiting="0.00" lane="right_0" pos="20.88" speed="27.93" angle="326.90" x="118.02" y="105.51"/>
        <vehicle id="cfm-slow_4" eclass="HBEFA3/PC_G_EU4" CO2="0.00" CO="0.00" HC="0.00" NOx="0.00" PMx="0.00" fuel="0.00" electricity="0.00" noise="71.52" route="routebottom" type="cfm-slow" waiting="0.00" lane="right_0" pos="43.66" speed="26.55" angle="286.02" x="77.31" y="130.90"/>
        <vehicle id="cfm-slow_5" eclass="HBEFA3/PC_G_EU4" CO2="8798.33" CO="115.29" HC="0.74" NOx="3.46" PMx="0.19" fuel="3.78" electricity="0.00" noise="73.14" route="routetop" type="cfm-slow" waiting="0.00" lane="top_0" pos="15.10" speed="26.13" angle="247.23" x="32.30" y="124.68"/>
    </timestep>
    <timestep time="8.97">
        <vehicle id="cfm-fast_0" eclass="HBEFA3/PC_G_EU4" CO2="61656.97" CO="2381.86" HC="12.51" NOx="27.57" PMx="2.09" fuel="26.50" electricity="0.00" noise="96.81" route="routebottom" type="cfm-fast" waiting="0.00" lane="right_1" pos="45.91" speed="74.49" angle="281.84" x="72.05" y="128.43"/>
        <vehicle id="cfm-fast_1" eclass="HBEFA3/PC_G_EU4" CO2="14864.92" CO="243.41" HC="1.48" NOx="6.31" PMx="0.35" fuel="6.39" electricity="0.00" noise="75.70" route="routetop" type="cfm-fast" waiting="0.00" lane="top_0" pos="36.48" speed="26.85" angle="208.88" x="1.18" y="91.98"/>
        <vehicle id="cfm-fast_2" eclass="HBEFA3/PC_G_EU4" CO2="37949.29" CO="1941.34" HC="9.92" NOx="16.37" PMx="1.49" fuel="16.31" electricity="0.00" noise="92.37" route="routetop" type="cfm-fast" waiting="0.00" lane="left_1" pos="11.75" speed="75.55" angle="163.31" x="2.77" y="40.08"/>
        <vehicle id="cfm-fast_3" eclass="HBEFA3/PC_G_EU4" CO2="16941.53" CO="294.19" HC="1.76" NOx="7.26" PMx="0.41" fuel="7.28" electricity="0.00" noise="76.88" route="routetop" type="cfm-fast" waiting="0.00" lane="left_0" pos="4.42" speed="28.34" angle="176.58" x="-4.27" y="54.09"/>
        <vehicle id="cfm-fast_4" eclass="HBEFA3/PC_G_EU4" CO2="39421.99" CO="1966.31" HC="10.07" NOx="17.07" PMx="1.53" fuel="16.95" electricity="0.00" noise="92.61" route="routebottom" type="cfm-fast" waiting="0.00" lane="bottom_1" pos="28.43" speed="75.43" angle="43.30" x="114.54" y="22.72"/>
        <vehicle id="cfm-fast_5" eclass="HBEFA3/PC_G_EU4" CO2="13694.74" CO="237.82" HC="1.43" NOx="5.69" PMx="0.33" fuel="5.89" electricity="0.00" noise="75.97" route="routetop" type="cfm-fast" waiting="0.00" lane="left_0" pos="23.93" speed="29.91" angle="141.40" x="13.55" y="16.82"/>
        <vehicle id="cfm-slow_0" eclass="HBEFA3/PC_G_EU4" CO2="0.00" CO="0.00" HC="0.00" NOx="0.00" PMx="0.00" fuel="0.00" electricity="0.00" noise="74.27" route="routetop" type="cfm-slow" waiting="0.00" lane="left_0" pos="45.00" speed="30.86" angle="103.61" x="52.86" y="-4.10"/>
        <vehicle id="cfm-slow_1" eclass="HBEFA3/PC_G_EU4" CO2="0.00" CO="0.00" HC="0.00" NOx="0.00" PMx="0.00" fuel="0.00" electricity="0.00" noise="73.10" route="routebottom" type="cfm-slow" waiting="0.00" lane="bottom_0" pos="20.95" speed="30.74" angle="56.76" x="105.64" y="9.41"/>
        <vehicle id="cfm-slow_2" eclass="HBEFA3/PC_G_EU4" CO2="0.00" CO="0.00" HC="0.00" NOx="0.00" PMx="0.00" fuel="0.00" electricity="0.00" noise="72.25" route="routebottom" type="cfm-slow" waiting="0.00" lane="bottom_0" pos="46.68" speed="29.58" angle="10.56" x="131.89" y="56.44"/>
        <vehicle id="cfm-slow_3" eclass="HBEFA3/PC_G_EU4" CO2="0.00" CO="0.00" HC="0.00" NOx="0.00" PMx="0.00" fuel="0.00" electricity="0.00" noise="71.53" route="routebottom" type="cfm-slow" waiting="0.00" lane="right_0" pos="21.16" speed="27.92" angle="326.39" x="117.65" y="105.98"/>
        <vehicle id="cfm-slow_4" eclass="HBEFA3/PC_G_EU4" CO2="0.00" CO="0.00" HC="0.00" NOx="0.00" PMx="0.00" fuel="0.00" electricity="0.00" noise="71.53" route="routebottom" type="cfm-slow" waiting="0.00" lane="right_0" pos="43.93" speed="26.55" angle="285.51" x="76.75" y="131.01"/>
        <vehicle id="cfm-slow_5" eclass="HBEFA3/PC_G_EU4" CO2="8857.38" CO="116.53" HC="0.75" NOx="3.49" PMx="0.19" fuel="3.81" electricity="0.00" noise="73.16" route="routetop" type="cfm-slow" waiting="0.00" lane="top_0" pos="15.36" speed="26.14" angle="246.80" x="31.80" y="124.42"/>
    </timestep>
    <timestep time="8.98">
        <vehicle id="cfm-fast_0" eclass="HBEFA3/PC_G_EU4" CO2="61406.98" CO="2377.28" HC="12.48" NOx="27.45" PMx="2.09" fuel="26.40" electricity="0.00" noise="96.76" route="routebottom" type="cfm-fast" waiting="0.00" lane="right_1" pos="46.66" speed="74.50" angle="280.56" x="70.53" y="128.60"/>
        <vehicle id="cfm-fast_1" eclass="HBEFA3/PC_G_EU4" CO2="14887.08" CO="243.94" HC="1.48" NOx="6.32" PMx="0.35" fuel="6.40" electricity="0.00" noise="75.71" route="routetop" type="cfm-fast" waiting="0.00" lane="top_0" pos="36.74" speed="26.87" angle="208.37" x="0.94" y="91.46"/>
        <vehicle id="cfm-fast_2" eclass="HBEFA3/PC_G_EU4" CO2="37939.94" CO="1941.16" HC="9.92" NOx="16.36" PMx="1.49" fuel="16.31" electricity="0.00" noise="92.37" route="routetop" type="cfm-fast" waiting="0.00" lane="left_1" pos="12.51" speed="75.55" angle="161.96" x="3.34" y="38.64"/>
        <vehicle id="cfm-fast_3" eclass="HBEFA3/PC_G_EU4" CO2="16914.26" CO="293.73" HC="1.76" NOx="7.24" PMx="0.41" fuel="7.27" electricity="0.00" noise="76.87" route="routetop" type="cfm-fast" waiting="0.00" lane="left_0" pos="4.70" speed="28.36" angle="176.07" x="-4.19" y="53.49"/>
        <vehicle id="cfm-fast_4" eclass="HBEFA3/PC_G_EU4" CO2="39451.68" CO="1966.97" HC="10.07" NOx="17.08" PMx="1.53" fuel="16.96" electricity="0.00" noise="92.61" route="routebottom" type="cfm-fast" waiting="0.00" lane="bottom_1" pos="29.19" speed="75.43" angle="41.90" x="115.49" y="23.94"/>
        <vehicle id="cfm-fast_5" eclass="HBEFA3/PC_G_EU4" CO2="13622.65" CO="236.41" HC="1.42" NOx="5.66" PMx="0.33" fuel="5.86" electricity="0.00" noise="75.95" route="routetop" type="cfm-fast" waiting="0.00" lane="left_0" pos="24.22" speed="29.92" angle="140.86" x="13.98" y="16.34"/>
        <vehicle id="cfm-slow_0" eclass="HBEFA3/PC_G_EU4" CO2="0.00" CO="0.00" HC="0.00" NOx="0.00" PMx="0.00" fuel="0.00" electricity="0.00" noise="74.26" route="routetop" type="cfm-slow" waiting="0.00" lane="left_0" pos="45.31" speed="30.86" angle="103.03" x="53.52" y="-4.19"/>
        <vehicle id="cfm-slow_1" eclass="HBEFA3/PC_G_EU4" CO2="0.00" CO="0.00" HC="0.00" NOx="0.00" PMx="0.00" fuel="0.00" electricity="0.00" noise="73.09" route="routebottom" type="cfm-slow" waiting="0.00" lane="bottom_0" pos="21.26" speed="30.73" angle="56.20" x="106.16" y="9.82"/>
        <vehicle id="cfm-slow_2" eclass="HBEFA3/PC_G_EU4" CO2="0.00" CO="0.00" HC="0.00" NOx="0.00" PMx="0.00" fuel="0.00" electricity="0.00" noise="72.24" route="routebottom" type="cfm-slow" waiting="0.00" lane="bottom_0" pos="46.98" speed="29.57" angle="10.02" x="131.95" y="57.07"/>
        <vehicle id="cfm-slow_3" eclass="HBEFA3/PC_G_EU4" CO2="0.00" CO="0.00" HC="0.00" NOx="0.00" PMx="0.00" fuel="0.00" electricity="0.00" noise="71.53" route="routebottom" type="cfm-slow" waiting="0.00" lane="right_0" pos="21.44" speed="27.90" angle="325.89" x="117.28" y="106.45"/>
        <vehicle id="cfm-slow_4" eclass="HBEFA3/PC_G_EU4" CO2="0.00" CO="0.00" HC="0.00" NOx="0.00" PMx="0.00" fuel="0.00" electricity="0.00" noise="71.54" route="routebottom" type="cfm-slow" waiting="0.00" lane="right_0" pos="44.19" speed="26.54" angle="285.00" x="76.18" y="131.11"/>
        <vehicle id="cfm-slow_5" eclass="HBEFA3/PC_G_EU4" CO2="8916.09" CO="117.77" HC="0.76" NOx="3.52" PMx="0.19" fuel="3.83" electricity="0.00" noise="73.19" route="routetop" type="cfm-slow" waiting="0.00" lane="top_0" pos="15.62" speed="26.14" angle="246.33" x="31.31" y="124.15"/>
    </timestep>
    <timestep time="8.99">
        <vehicle id="cfm-fast_0" eclass="HBEFA3/PC_G_EU4" CO2="61159.26" CO="2372.75" HC="12.45" NOx="27.33" PMx="2.08" fuel="26.29" electricity="0.00" noise="96.71" route="routebottom" type="cfm-fast" waiting="0.00" lane="right_1" pos="47.40" speed="74.51" angle="279.26" x="69.01" y="128.76"/>
        <vehicle id="cfm-fast_1" eclass="HBEFA3/PC_G_EU4" CO2="14908.79" CO="244.45" HC="1.49" NOx="6.33" PMx="0.35" fuel="6.41" electricity="0.00" noise="75.72" route="routetop" type="cfm-fast" waiting="0.00" lane="top_0" pos="37.01" speed="26.88" angle="207.87" x="0.70" y="90.93"/>
        <vehicle id="cfm-fast_2" eclass="HBEFA3/PC_G_EU4" CO2="37931.17" CO="1940.99" HC="9.91" NOx="16.36" PMx="1.49" fuel="16.31" electricity="0.00" noise="92.37" route="routetop" type="cfm-fast" waiting="0.00" lane="left_1" pos="13.26" speed="75.55" angle="160.65" x="3.95" y="37.22"/>
        <vehicle id="cfm-fast_3" eclass="HBEFA3/PC_G_EU4" CO2="16886.55" CO="293.25" HC="1.76" NOx="7.23" PMx="0.41" fuel="7.26" electricity="0.00" noise="76.86" route="routetop" type="cfm-fast" waiting="0.00" lane="left_0" pos="4.99" speed="28.37" angle="175.55" x="-4.10" y="52.88"/>
        <vehicle id="cfm-fast_4" eclass="HBEFA3/PC_G_EU4" CO2="39480.52" CO="1967.60" HC="10.07" NOx="17.09" PMx="1.53" fuel="16.97" electricity="0.00" noise="92.62" route="routebottom" type="cfm-fast" waiting="0.00" lane="bottom_1" pos="29.94" speed="75.43" angle="40.59" x="116.41" y="25.18"/>
        <vehicle id="cfm-fast_5" eclass="HBEFA3/PC_G_EU4" CO2="13550.40" CO="234.99" HC="1.41" NOx="5.62" PMx="0.33" fuel="5.82" electricity="0.00" noise="75.93" route="routetop" type="cfm-fast" waiting="0.00" lane="left_0" pos="24.52" speed="29.93" angle="140.38" x="14.43" y="15.88"/>
        <vehicle id="cfm-slow_0" eclass="HBEFA3/PC_G_EU4" CO2="0.00" CO="0.00" HC="0.00" NOx="0.00" PMx="0.00" fuel="0.00" electricity="0.00" noise="74.24" route="routetop" type="cfm-slow" waiting="0.00" lane="left_0" pos="45.62" speed="30.86" angle="102.46" x="54.17" y="-4.28"/>
        <vehicle id="cfm-slow_1" eclass="HBEFA3/PC_G_EU4" CO2="0.00" CO="0.00" HC="0.00" NOx="0.00" PMx="0.00" fuel="0.00" electricity="0.00" noise="73.08" route="routebottom" type="cfm-slow" waiting="0.00" lane="bottom_0" pos="21.57" speed="30.72" angle="55.64" x="106.68" y="10.22"/>
        <vehicle id="cfm-slow_2" eclass="HBEFA3/PC_G_EU4" CO2="0.00" CO="0.00" HC="0.00" NOx="0.00" PMx="0.00" fuel="0.00" electricity="0.00" noise="72.23" route="routebottom" type="cfm-slow" waiting="0.00" lane="bottom_0" pos="47.27" speed="29.55" angle="9.48" x="132.02" y="57.71"/>
        <vehicle id="cfm-slow_3" eclass="HBEFA3/PC_G_EU4" CO2="0.00" CO="0.00" HC="0.00" NOx="0.00" PMx="0.00" fuel="0.00" electricity="0.00" noise="71.53" route="routebottom" type="cfm-slow" waiting="0.00" lane="right_0" pos="21.71" speed="27.89" angle="325.40" x="116.91" y="106.93"/>
        <vehicle id="cfm-slow_4" eclass="HBEFA3/PC_G_EU4" CO2="0.00" CO="0.00" HC="0.00" NOx="0.00" PMx="0.00" fuel="0.00" electricity="0.00" noise="71.55" route="routebottom" type="cfm-slow" waiting="0.00" lane="right_0" pos="44.46" speed="26.54" angle="284.50" x="75.62" y="131.21"/>
        <vehicle id="cfm-slow_5" eclass="HBEFA3/PC_G_EU4" CO2="8974.46" CO="119.00" HC="0.77" NOx="3.55" PMx="0.20" fuel="3.86" electricity="0.00" noise="73.21" route="routetop" type="cfm-slow" waiting="0.00" lane="top_0" pos="15.88" speed="26.15" angle="245.86" x="30.81" y="123.88"/>
    </timestep>
    <timestep time="9.00">
        <vehicle id="cfm-fast_0" eclass="HBEFA3/PC_G_EU4" CO2="60913.80" CO="2368.25" HC="12.43" NOx="27.22" PMx="2.07" fuel="26.18" electricity="0.00" noise="96.66" route="routebottom" type="cfm-fast" waiting="0.00" lane="right_1" pos="48.15" speed="74.53" angle="277.86" x="67.49" y="128.85"/>
        <vehicle id="cfm-fast_1" eclass="HBEFA3/PC_G_EU4" CO2="14930.05" CO="244.96" HC="1.49" NOx="6.34" PMx="0.35" fuel="6.42" electricity="0.00" noise="75.74" route="routetop" type="cfm-fast" waiting="0.00" lane="top_0" pos="37.28" speed="26.89" angle="207.45" x="0.47" y="90.40"/>
        <vehicle id="cfm-fast_2" eclass="HBEFA3/PC_G_EU4" CO2="37922.96" CO="1940.82" HC="9.91" NOx="16.36" PMx="1.49" fuel="16.30" electricity="0.00" noise="92.37" route="routetop" type="cfm-fast" waiting="0.00" lane="left_1" pos="14.02" speed="75.55" angle="159.29" x="4.58" y="35.81"/>
        <vehicle id="cfm-fast_3" eclass="HBEFA3/PC_G_EU4" CO2="16858.42" CO="292.77" HC="1.76" NOx="7.22" PMx="0.41" fuel="7.25" electricity="0.00" noise="76.85" route="routetop" type="cfm-fast" waiting="0.00" lane="left_0" pos="5.27" speed="28.39" angle="175.00" x="-4.00" y="52.28"/>
        <vehicle id="cfm-fast_4" eclass="HBEFA3/PC_G_EU4" CO2="39508.51" CO="1968.23" HC="10.08" NOx="17.11" PMx="1.53" fuel="16.98" electricity="0.00" noise="92.62" route="routebottom" type="cfm-fast" waiting="0.00" lane="bottom_1" pos="30.70" speed="75.43" angle="39.26" x="117.32" y="26.43"/>
        <vehicle id="cfm-fast_5" eclass="HBEFA3/PC_G_EU4" CO2="13477.99" CO="233.58" HC="1.40" NOx="5.59" PMx="0.33" fuel="5.79" electricity="0.00" noise="75.91" route="routetop" type="cfm-fast" waiting="0.00" lane="left_0" pos="24.82" speed="29.94" angle="139.83" x="14.89" y="15.42"/>
        <vehicle id="cfm-slow_0" eclass="HBEFA3/PC_G_EU4" CO2="0.00" CO="0.00" HC="0.00" NOx="0.00" PMx="0.00" fuel="0.00" electricity="0.00" noise="74.22" route="routetop" type="cfm-slow" waiting="0.00" lane="left_0" pos="45.93" speed="30.86" angle="101.89" x="54.83" y="-4.37"/>
        <vehicle id="cfm-slow_1" eclass="HBEFA3/PC_G_EU4" CO2="0.00" CO="0.00" HC="0.00" NOx="0.00" PMx="0.00" fuel="0.00" electricity="0.00" noise="73.07" route="routebottom" type="cfm-slow" waiting="0.00" lane="bottom_0" pos="21.87" speed="30.71" angle="55.13" x="107.20" y="10.64"/>
        <vehicle id="cfm-slow_2" eclass="HBEFA3/PC_G_EU4" CO2="0.00" CO="0.00" HC="0.00" NOx="0.00" PMx="0.00" fuel="0.00" electricity="0.00" noise="72.23" route="routebottom" type="cfm-slow" waiting="0.00" lane="bottom_0" pos="47.57" speed="29.53" angle="9.00" x="132.07" y="58.34"/>
        <vehicle id="cfm-slow_3" eclass="HBEFA3/PC_G_EU4" CO2="0.00" CO="0.00" HC="0.00" NOx="0.00" PMx="0.00" fuel="0.00" electricity="0.00" noise="71.53" route="routebottom" type="cfm-slow" waiting="0.00" lane="right_0" pos="21.99" speed="27.88" angle="324.91" x="116.52" y="107.39"/>
        <vehicle id="cfm-slow_4" eclass="HBEFA3/PC_G_EU4" CO2="0.00" CO="0.00" HC="0.00" NOx="0.00" PMx="0.00" fuel="0.00" electricity="0.00" noise="71.56" route="routebottom" type="cfm-slow" waiting="0.00" lane="right_0" pos="44.72" speed="26.54" angle="283.99" x="75.06" y="131.32"/>
        <vehicle id="cfm-slow_5" eclass="HBEFA3/PC_G_EU4" CO2="9032.48" CO="120.22" HC="0.77" NOx="3.57" PMx="0.20" fuel="3.88" electricity="0.00" noise="73.23" route="routetop" type="cfm-slow" waiting="0.00" lane="top_0" pos="16.14" speed="26.16" angle="245.39" x="30.32" y="123.61"/>
    </timestep>
    <timestep time="9.01">
        <vehicle id="cfm-fast_0" eclass="HBEFA3/PC_G_EU4" CO2="60670.59" CO="2363.80" HC="12.40" NOx="27.10" PMx="2.07" fuel="26.08" electricity="0.00" noise="96.61" route="routebottom" type="cfm-fast" waiting="0.00" lane="right_1" pos="48.89" speed="74.54" angle="276.50" x="65.96" y="128.93"/>
        <vehicle id="cfm-fast_1" eclass="HBEFA3/PC_G_EU4" CO2="14950.87" CO="245.46" HC="1.49" NOx="6.35" PMx="0.35" fuel="6.43" electricity="0.00" noise="75.75" route="routetop" type="cfm-fast" waiting="0.00" lane="top_0" pos="37.55" speed="26.91" angle="206.95" x="0.26" y="89.86"/>
        <vehicle id="cfm-fast_2" eclass="HBEFA3/PC_G_EU4" CO2="37915.29" CO="1940.67" HC="9.91" NOx="16.35" PMx="1.49" fuel="16.30" electricity="0.00" noise="92.36" route="routetop" type="cfm-fast" waiting="0.00" lane="left_1" pos="14.77" speed="75.55" angle="157.92" x="5.27" y="34.42"/>
        <vehicle id="cfm-fast_3" eclass="HBEFA3/PC_G_EU4" CO2="16829.86" CO="292.27" HC="1.75" NOx="7.20" PMx="0.41" fuel="7.23" electricity="0.00" noise="76.84" route="routetop" type="cfm-fast" waiting="0.00" lane="left_0" pos="5.55" speed="28.41" angle="174.48" x="-3.89" y="51.68"/>
        <vehicle id="cfm-fast_4" eclass="HBEFA3/PC_G_EU4" CO2="39535.67" CO="1968.83" HC="10.08" NOx="17.12" PMx="1.53" fuel="17.00" electricity="0.00" noise="92.63" route="routebottom" type="cfm-fast" waiting="0.00" lane="bottom_1" pos="31.45" speed="75.43" angle="37.91" x="118.18" y="27.72"/>
        <vehicle id="cfm-fast_5" eclass="HBEFA3/PC_G_EU4" CO2="13405.44" CO="232.15" HC="1.40" NOx="5.55" PMx="0.32" fuel="5.76" electricity="0.00" noise="75.89" route="routetop" type="cfm-fast" waiting="0.00" lane="left_0" pos="25.12" speed="29.95" angle="139.28" x="15.34" y="14.97"/>
        <vehicle id="cfm-slow_0" eclass="HBEFA3/PC_G_EU4" CO2="0.00" CO="0.00" HC="0.00" NOx="0.00" PMx="0.00" fuel="0.00" electricity="0.00" noise="74.21" route="routetop" type="cfm-slow" waiting="0.00" lane="left_0" pos="46.24" speed="30.86" angle="101.38" x="55.49" y="-4.46"/>
        <vehicle id="cfm-slow_1" eclass="HBEFA3/PC_G_EU4" CO2="0.00" CO="0.00" HC="0.00" NOx="0.00" PMx="0.00" fuel="0.00" electricity="0.00" noise="73.06" route="routebottom" type="cfm-slow" waiting="0.00" lane="bottom_0" pos="22.18" speed="30.69" angle="54.55" x="107.70" y="11.07"/>
        <vehicle id="cfm-slow_2" eclass="HBEFA3/PC_G_EU4" CO2="0.00" CO="0.00" HC="0.00" NOx="0.00" PMx="0.00" fuel="0.00" electricity="0.00" noise="72.22" route="routebottom" type="cfm-slow" waiting="0.00" lane="bottom_0" pos="47.86" speed="29.52" angle="8.45" x="132.11" y="58.97"/>
        <vehicle id="cfm-slow_3" eclass="HBEFA3/PC_G_EU4" CO2="0.00" CO="0.00" HC="0.00" NOx="0.00" PMx="0.00" fuel="0.00" electricity="0.00" noise="71.52" route="routebottom" type="cfm-slow" waiting="0.00" lane="right_0" pos="22.27" speed="27.86" angle="324.38" x="116.14" y="107.84"/>
        <vehicle id="cfm-slow_4" eclass="HBEFA3/PC_G_EU4" CO2="0.00" CO="0.00" HC="0.00" NOx="0.00" PMx="0.00" fuel="0.00" electricity="0.00" noise="71.57" route="routebottom" type="cfm-slow" waiting="0.00" lane="right_0" pos="44.99" speed="26.53" angle="283.58" x="74.50" y="131.41"/>
        <vehicle id="cfm-slow_5" eclass="HBEFA3/PC_G_EU4" CO2="9090.16" CO="121.43" HC="0.78" NOx="3.60" PMx="0.20" fuel="3.91" electricity="0.00" noise="73.25" route="routetop" type="cfm-slow" waiting="0.00" lane="top_0" pos="16.40" speed="26.16" angle="244.92" x="29.83" y="123.34"/>
    </timestep>
    <timestep time="9.02">
        <vehicle id="cfm-fast_0" eclass="HBEFA3/PC_G_EU4" CO2="60429.60" CO="2359.39" HC="12.37" NOx="26.99" PMx="2.06" fuel="25.98" electricity="0.00" noise="96.56" route="routebottom" type="cfm-fast" waiting="0.00" lane="right_1" pos="49.64" speed="74.55" angle="275.13" x="64.43" y="128.96"/>
        <vehicle id="cfm-fast_1" eclass="HBEFA3/PC_G_EU4" CO2="14971.24" CO="245.95" HC="1.49" NOx="6.36" PMx="0.35" fuel="6.44" electricity="0.00" noise="75.76" route="routetop" type="cfm-fast" waiting="0.00" lane="top_0" pos="37.82" speed="26.92" angle="206.46" x="0.04" y="89.32"/>
        <vehicle id="cfm-fast_2" eclass="HBEFA3/PC_G_EU4" CO2="37908.17" CO="1940.53" HC="9.91" NOx="16.35" PMx="1.49" fuel="16.30" electricity="0.00" noise="92.36" route="routetop" type="cfm-fast" waiting="0.00" lane="left_1" pos="15.53" speed="75.55" angle="156.59" x="5.98" y="33.04"/>
        <vehicle id="cfm-fast_3" eclass="HBEFA3/PC_G_EU4" CO2="16800.87" CO="291.77" HC="1.75" NOx="7.19" PMx="0.41" fuel="7.22" electricity="0.00" noise="76.83" route="routetop" type="cfm-fast" waiting="0.00" lane="left_0" pos="5.84" speed="28.42" angle="173.96" x="-3.78" y="51.08"/>
        <vehicle id="cfm-fast_4" eclass="HBEFA3/PC_G_EU4" CO2="39562.00" CO="1969.42" HC="10.08" NOx="17.13" PMx="1.53" fuel="17.01" electricity="0.00" noise="92.63" route="routebottom" type="cfm-fast" waiting="0.00" lane="bottom_1" pos="32.21" speed="75.43" angle="36.59" x="119.03" y="29.01"/>
        <vehicle id="cfm-fast_5" eclass="HBEFA3/PC_G_EU4" CO2="13332.74" CO="230.73" HC="1.39" NOx="5.52" PMx="0.32" fuel="5.73" electricity="0.00" noise="75.87" route="routetop" type="cfm-fast" waiting="0.00" lane="left_0" pos="25.42" speed="29.96" angle="138.73" x="15.80" y="14.51"/>
        <vehicle id="cfm-slow_0" eclass="HBEFA3/PC_G_EU4" CO2="0.00" CO="0.00" HC="0.00" NOx="0.00" PMx="0.00" fuel="0.00" electricity="0.00" noise="74.19" route="routetop" type="cfm-slow" waiting="0.00" lane="left_0" pos="46.54" speed="30.86" angle="100.81" x="56.15" y="-4.53"/>
        <vehicle id="cfm-slow_1" eclass="HBEFA3/PC_G_EU4" CO2="0.00" CO="0.00" HC="0.00" NOx="0.00" PMx="0.00" fuel="0.00" electricity="0.00" noise="73.05" route="routebottom" type="cfm-slow" waiting="0.00" lane="bottom_0" pos="22.49" speed="30.68" angle="53.97" x="108.20" y="11.49"/>
        <vehicle id="cfm-slow_2" eclass="HBEFA3/PC_G_EU4" CO2="0.00" CO="0.00" HC="0.00" NOx="0.00" PMx="0.00" fuel="0.00" electricity="0.00" noise="72.21" route="routebottom" type="cfm-slow" waiting="0.00" lane="bottom_0" pos="48.16" speed="29.50" angle="7.89" x="132.14" y="59.61"/>
        <vehicle id="cfm-slow_3" eclass="HBEFA3/PC_G_EU4" CO2="0.00" CO="0.00" HC="0.00" NOx="0.00" PMx="0.00" fuel="0.00" electricity="0.00" noise="71.52" route="routebottom" type="cfm-slow" waiting="0.00" lane="right_0" pos="22.55" speed="27.85" angle="323.85" x="115.75" y="108.30"/>
        <vehicle id="cfm-slow_4" eclass="HBEFA3/PC_G_EU4" CO2="0.00" CO="0.00" HC="0.00" NOx="0.00" PMx="0.00" fuel="0.00" electricity="0.00" noise="71.58" route="routebottom" type="cfm-slow" waiting="0.00" lane="right_0" pos="45.25" speed="26.53" angle="283.10" x="73.93" y="131.49"/>
        <vehicle id="cfm-slow_5" eclass="HBEFA3/PC_G_EU4" CO2="9147.50" CO="122.64" HC="0.79" NOx="3.63" PMx="0.20" fuel="3.93" electricity="0.00" noise="73.27" route="routetop" type="cfm-slow" waiting="0.00" lane="top_0" pos="16.67" speed="26.17" angle="244.50" x="29.34" y="123.07"/>
    </timestep>
    <timestep time="9.03">
        <vehicle id="cfm-fast_0" eclass="HBEFA3/PC_G_EU4" CO2="60190.84" CO="2355.01" HC="12.35" NOx="26.88" PMx="2.05" fuel="25.87" electricity="0.00" noise="96.52" route="routetop" type="cfm-fast" waiting="0.00" lane="top_1" pos="0.38" speed="74.56" angle="273.79" x="62.84" y="128.95"/>
        <vehicle id="cfm-fast_1" eclass="HBEFA3/PC_G_EU4" CO2="14991.16" CO="246.43" HC="1.50" NOx="6.37" PMx="0.36" fuel="6.44" electricity="0.00" noise="75.77" route="routetop" type="cfm-fast" waiting="0.00" lane="top_0" pos="38.09" speed="26.94" angle="205.96" x="-0.17" y="88.78"/>
        <vehicle id="cfm-fast_2" eclass="HBEFA3/PC_G_EU4" CO2="37901.56" CO="1940.40" HC="9.91" NOx="16.35" PMx="1.49" fuel="16.29" electricity="0.00" noise="92.36" route="routetop" type="cfm-fast" waiting="0.00" lane="left_1" pos="16.29" speed="75.55" angle="155.20" x="6.73" y="31.68"/>
        <vehicle id="cfm-fast_3" eclass="HBEFA3/PC_G_EU4" CO2="16771.47" CO="291.26" HC="1.75" NOx="7.17" PMx="0.41" fuel="7.21" electricity="0.00" noise="76.82" route="routetop" type="cfm-fast" waiting="0.00" lane="left_0" pos="6.12" speed="28.44" angle="173.44" x="-3.67" y="50.48"/>
        <vehicle id="cfm-fast_4" eclass="HBEFA3/PC_G_EU4" CO2="39587.54" CO="1970.00" HC="10.09" NOx="17.14" PMx="1.53" fuel="17.02" electricity="0.00" noise="92.64" route="routebottom" type="cfm-fast" waiting="0.00" lane="bottom_1" pos="32.96" speed="75.43" angle="35.18" x="119.82" y="30.34"/>
        <vehicle id="cfm-fast_5" eclass="HBEFA3/PC_G_EU4" CO2="13259.89" CO="229.30" HC="1.38" NOx="5.48" PMx="0.32" fuel="5.70" electricity="0.00" noise="75.84" route="routetop" type="cfm-fast" waiting="0.00" lane="left_0" pos="25.72" speed="29.97" angle="138.24" x="16.26" y="14.06"/>
        <vehicle id="cfm-slow_0" eclass="HBEFA3/PC_G_EU4" CO2="0.00" CO="0.00" HC="0.00" NOx="0.00" PMx="0.00" fuel="0.00" electricity="0.00" noise="74.18" route="routetop" type="cfm-slow" waiting="0.00" lane="left_0" pos="46.85" speed="30.85" angle="100.25" x="56.81" y="-4.59"/>
        <vehicle id="cfm-slow_1" eclass="HBEFA3/PC_G_EU4" CO2="0.00" CO="0.00" HC="0.00" NOx="0.00" PMx="0.00" fuel="0.00" electricity="0.00" noise="73.04" route="routebottom" type="cfm-slow" waiting="0.00" lane="bottom_0" pos="22.80" speed="30.67" angle="53.39" x="108.71" y="11.92"/>
        <vehicle id="cfm-slow_2" eclass="HBEFA3/PC_G_EU4" CO2="0.00" CO="0.00" HC="0.00" NOx="0.00" PMx="0.00" fuel="0.00" electricity="0.00" noise="72.21" route="routebottom" type="cfm-slow" waiting="0.00" lane="bottom_0" pos="48.45" speed="29.48" angle="7.33" x="132.18" y="60.24"/>
        <vehicle id="cfm-slow_3" eclass="HBEFA3/PC_G_EU4" CO2="0.00" CO="0.00" HC="0.00" NOx="0.00" PMx="0.00" fuel="0.00" electricity="0.00" noise="71.52" route="routebottom" type="cfm-slow" waiting="0.00" lane="right_0" pos="22.83" speed="27.84" angle="323.32" x="115.36" y="108.76"/>
        <vehicle id="cfm-slow_4" eclass="HBEFA3/PC_G_EU4" CO2="0.00" CO="0.00" HC="0.00" NOx="0.00" PMx="0.00" fuel="0.00" electricity="0.00" noise="71.59" route="routebottom" type="cfm-slow" waiting="0.00" lane="right_0" pos="45.52" speed="26.52" angle="282.62" x="73.37" y="131.57"/>
        <vehicle id="cfm-slow_5" eclass="HBEFA3/PC_G_EU4" CO2="9204.50" CO="123.84" HC="0.79" NOx="3.65" PMx="0.20" fuel="3.96" electricity="0.00" noise="73.29" route="routetop" type="cfm-slow" waiting="0.00" lane="top_0" pos="16.93" speed="26.18" angle="244.03" x="28.85" y="122.78"/>
    </timestep>
    <timestep time="9.04">
        <vehicle id="cfm-fast_0" eclass="HBEFA3/PC_G_EU4" CO2="59954.27" CO="2350.68" HC="12.32" NOx="26.76" PMx="2.05" fuel="25.77" electricity="0.00" noise="96.47" route="routetop" type="cfm-fast" waiting="0.00" lane="top_1" pos="1.13" speed="74.58" angle="272.43" x="61.32" y="128.93"/>
        <vehicle id="cfm-fast_1" eclass="HBEFA3/PC_G_EU4" CO2="15010.64" CO="246.90" HC="1.50" NOx="6.38" PMx="0.36" fuel="6.45" electricity="0.00" noise="75.78" route="routetop" type="cfm-fast" waiting="0.00" lane="top_0" pos="38.36" speed="26.95" angle="205.47" x="-0.39" y="88.25"/>
        <vehicle id="cfm-fast_2" eclass="HBEFA3/PC_G_EU4" CO2="37895.45" CO="1940.28" HC="9.91" NOx="16.34" PMx="1.49" fuel="16.29" electricity="0.00" noise="92.36" route="routetop" type="cfm-fast" waiting="0.00" lane="left_1" pos="17.04" speed="75.55" angle="153.84" x="7.50" y="30.34"/>
        <vehicle id="cfm-fast_3" eclass="HBEFA3/PC_G_EU4" CO2="16741.65" CO="290.74" HC="1.74" NOx="7.16" PMx="0.41" fuel="7.20" electricity="0.00" noise="76.81" route="routetop" type="cfm-fast" waiting="0.00" lane="left_0" pos="6.41" speed="28.45" angle="172.98" x="-3.56" y="49.87"/>
        <vehicle id="cfm-fast_4" eclass="HBEFA3/PC_G_EU4" CO2="39612.27" CO="1970.55" HC="10.09" NOx="17.16" PMx="1.53" fuel="17.03" electricity="0.00" noise="92.64" route="routebottom" type="cfm-fast" waiting="0.00" lane="bottom_1" pos="33.71" speed="75.44" angle="33.85" x="120.59" y="31.68"/>
        <vehicle id="cfm-fast_5" eclass="HBEFA3/PC_G_EU4" CO2="13186.90" CO="227.87" HC="1.37" NOx="5.45" PMx="0.32" fuel="5.67" electricity="0.00" noise="75.82" route="routetop" type="cfm-fast" waiting="0.00" lane="left_0" pos="26.02" speed="29.98" angle="137.68" x="16.73" y="13.62"/>
        <vehicle id="cfm-slow_0" eclass="HBEFA3/PC_G_EU4" CO2="0.00" CO="0.00" HC="0.00" NOx="0.00" PMx="0.00" fuel="0.00" electricity="0.00" noise="74.16" route="routetop" type="cfm-slow" waiting="0.00" lane="left_0" pos="47.16" speed="30.85" angle="99.68" x="57.47" y="-4.66"/>
        <vehicle id="cfm-slow_1" eclass="HBEFA3/PC_G_EU4" CO2="0.00" CO="0.00" HC="0.00" NOx="0.00" PMx="0.00" fuel="0.00" electricity="0.00" noise="73.04" route="routebottom" type="cfm-slow" waiting="0.00" lane="bottom_0" pos="23.10" speed="30.66" angle="52.88" x="109.21" y="12.35"/>
        <vehicle id="cfm-slow_2" eclass="HBEFA3/PC_G_EU4" CO2="0.00" CO="0.00" HC="0.00" NOx="0.00" PMx="0.00" fuel="0.00" electricity="0.00" noise="72.20" route="routebottom" type="cfm-slow" waiting="0.00" lane="bottom_0" pos="48.75" speed="29.47" angle="6.84" x="132.22" y="60.87"/>
        <vehicle id="cfm-slow_3" eclass="HBEFA3/PC_G_EU4" CO2="0.00" CO="0.00" HC="0.00" NOx="0.00" PMx="0.00" fuel="0.00" electricity="0.00" noise="71.52" route="routebottom" type="cfm-slow" waiting="0.00" lane="right_0" pos="23.11" speed="27.82" angle="322.88" x="114.97" y="109.21"/>
        <vehicle id="cfm-slow_4" eclass="HBEFA3/PC_G_EU4" CO2="0.00" CO="0.00" HC="0.00" NOx="0.00" PMx="0.00" fuel="0.00" electricity="0.00" noise="71.60" route="routebottom" type="cfm-slow" waiting="0.00" lane="right_0" pos="45.78" speed="26.52" angle="282.14" x="72.80" y="131.66"/>
        <vehicle id="cfm-slow_5" eclass="HBEFA3/PC_G_EU4" CO2="9261.14" CO="125.04" HC="0.80" NOx="3.68" PMx="0.20" fuel="3.98" electricity="0.00" noise="73.32" route="routetop" type="cfm-slow" waiting="0.00" lane="top_0" pos="17.19" speed="26.18" angle="243.55" x="28.37" y="122.49"/>
    </timestep>
    <timestep time="9.05">
        <vehicle id="cfm-fast_0" eclass="HBEFA3/PC_G_EU4" CO2="59719.90" CO="2346.38" HC="12.30" NOx="26.65" PMx="2.04" fuel="25.67" electricity="0.00" noise="96.42" route="routetop" type="cfm-fast" waiting="0.00" lane="top_1" pos="1.87" speed="74.59" angle="271.11" x="59.79" y="128.85"/>
        <vehicle id="cfm-fast_1" eclass="HBEFA3/PC_G_EU4" CO2="15029.67" CO="247.36" HC="1.50" NOx="6.38" PMx="0.36" fuel="6.46" electricity="0.00" noise="75.79" route="routetop" type="cfm-fast" waiting="0.00" lane="top_0" pos="38.63" speed="26.97" angle="205.02" x="-0.59" y="87.70"/>
        <vehicle id="cfm-fast_2" eclass="HBEFA3/PC_G_EU4" CO2="37889.84" CO="1940.17" HC="9.91" NOx="16.34" PMx="1.49" fuel="16.29" electricity="0.00" noise="92.36" route="routetop" type="cfm-fast" waiting="0.00" lane="left_1" pos="17.80" speed="75.55" angle="152.43" x="8.30" y="29.01"/>
        <vehicle id="cfm-fast_3" eclass="HBEFA3/PC_G_EU4" CO2="16711.40" CO="290.21" HC="1.74" NOx="7.15" PMx="0.41" fuel="7.18" electricity="0.00" noise="76.80" route="routetop" type="cfm-fast" waiting="0.00" lane="left_0" pos="6.69" speed="28.47" angle="172.43" x="-3.42" y="49.28"/>
        <vehicle id="cfm-fast_4" eclass="HBEFA3/PC_G_EU4" CO2="39636.22" CO="1971.10" HC="10.09" NOx="17.17" PMx="1.53" fuel="17.04" electricity="0.00" noise="92.65" route="routebottom" type="cfm-fast" waiting="0.00" lane="bottom_1" pos="34.47" speed="75.44" angle="32.48" x="121.34" y="33.03"/>
        <vehicle id="cfm-fast_5" eclass="HBEFA3/PC_G_EU4" CO2="13113.78" CO="226.43" HC="1.36" NOx="5.41" PMx="0.32" fuel="5.64" electricity="0.00" noise="75.80" route="routetop" type="cfm-fast" waiting="0.00" lane="left_0" pos="26.32" speed="29.99" angle="137.13" x="17.21" y="13.19"/>
        <vehicle id="cfm-slow_0" eclass="HBEFA3/PC_G_EU4" CO2="0.00" CO="0.00" HC="0.00" NOx="0.00" PMx="0.00" fuel="0.00" electricity="0.00" noise="74.15" route="routetop" type="cfm-slow" waiting="0.00" lane="left_0" pos="47.47" speed="30.85" angle="99.17" x="58.13" y="-4.73"/>
        <vehicle id="cfm-slow_1" eclass="HBEFA3/PC_G_EU4" CO2="0.00" CO="0.00" HC="0.00" NOx="0.00" PMx="0.00" fuel="0.00" electricity="0.00" noise="73.03" route="routebottom" type="cfm-slow" waiting="0.00" lane="bottom_0" pos="23.41" speed="30.65" angle="52.33" x="109.69" y="12.80"/>
        <vehicle id="cfm-slow_2" eclass="HBEFA3/PC_G_EU4" CO2="0.00" CO="0.00" HC="0.00" NOx="0.00" PMx="0.00" fuel="0.00" electricity="0.00" noise="72.19" route="routebottom" type="cfm-slow" waiting="0.00" lane="bottom_0" pos="49.04" speed="29.45" angle="6.29" x="132.23" y="61.51"/>
        <vehicle id="cfm-slow_3" eclass="HBEFA3/PC_G_EU4" CO2="0.00" CO="0.00" HC="0.00" NOx="0.00" PMx="0.00" fuel="0.00" electricity="0.00" noise="71.52" route="routebottom" type="cfm-slow" waiting="0.00" lane="right_0" pos="23.38" speed="27.81" angle="322.38" x="114.56" y="109.65"/>
        <vehicle id="cfm-slow_4" eclass="HBEFA3/PC_G_EU4" CO2="0.00" CO="0.00" HC="0.00" NOx="0.00" PMx="0.00" fuel="0.00" electricity="0.00" noise="71.61" route="routebottom" type="cfm-slow" waiting="0.00" lane="right_0" pos="46.05" speed="26.51" angle="281.67" x="72.24" y="131.74"/>
        <vehicle id="cfm-slow_5" eclass="HBEFA3/PC_G_EU4" CO2="9317.44" CO="126.23" HC="0.81" NOx="3.71" PMx="0.20" fuel="4.01" electricity="0.00" noise="73.34" route="routetop" type="cfm-slow" waiting="0.00" lane="top_0" pos="17.45" speed="26.19" angle="243.08" x="27.88" y="122.20"/>
    </timestep>
    <timestep time="9.06">
        <vehicle id="cfm-fast_0" eclass="HBEFA3/PC_G_EU4" CO2="59487.71" CO="2342.13" HC="12.27" NOx="26.54" PMx="2.04" fuel="25.57" electricity="0.00" noise="96.38" route="routetop" type="cfm-fast" waiting="0.00" lane="top_1" pos="2.62" speed="74.60" angle="269.81" x="58.26" y="128.75"/>
        <vehicle id="cfm-fast_1" eclass="HBEFA3/PC_G_EU4" CO2="15048.25" CO="247.81" HC="1.50" NOx="6.39" PMx="0.36" fuel="6.47" electricity="0.00" noise="75.81" route="routetop" type="cfm-fast" waiting="0.00" lane="top_0" pos="38.90" speed="26.98" angle="204.52" x="-0.79" y="87.16"/>
        <vehicle id="cfm-fast_2" eclass="HBEFA3/PC_G_EU4" CO2="37884.71" CO="1940.07" HC="9.91" NOx="16.34" PMx="1.49" fuel="16.29" electricity="0.00" noise="92.36" route="routetop" type="cfm-fast" waiting="0.00" lane="left_1" pos="18.55" speed="75.55" angle="151.06" x="9.15" y="27.72"/>
        <vehicle id="cfm-fast_3" eclass="HBEFA3/PC_G_EU4" CO2="16680.75" CO="289.67" HC="1.74" NOx="7.13" PMx="0.40" fuel="7.17" electricity="0.00" noise="76.79" route="routetop" type="cfm-fast" waiting="0.00" lane="left_0" pos="6.98" speed="28.48" angle="171.88" x="-3.28" y="48.68"/>
        <vehicle id="cfm-fast_4" eclass="HBEFA3/PC_G_EU4" CO2="39659.40" CO="1971.62" HC="10.10" NOx="17.18" PMx="1.54" fuel="17.05" electricity="0.00" noise="92.65" route="routebottom" type="cfm-fast" waiting="0.00" lane="bottom_1" pos="35.22" speed="75.44" angle="31.14" x="122.05" y="34.41"/>
        <vehicle id="cfm-fast_5" eclass="HBEFA3/PC_G_EU4" CO2="13040.53" CO="224.99" HC="1.35" NOx="5.38" PMx="0.32" fuel="5.61" electricity="0.00" noise="75.78" route="routetop" type="cfm-fast" waiting="0.00" lane="left_0" pos="26.62" speed="30.00" angle="136.57" x="17.68" y="12.75"/>
        <vehicle id="cfm-slow_0" eclass="HBEFA3/PC_G_EU4" CO2="0.00" CO="0.00" HC="0.00" NOx="0.00" PMx="0.00" fuel="0.00" electricity="0.00" noise="74.13" route="routetop" type="cfm-slow" waiting="0.00" lane="left_0" pos="47.78" speed="30.85" angle="98.58" x="58.79" y="-4.77"/>
        <vehicle id="cfm-slow_1" eclass="HBEFA3/PC_G_EU4" CO2="0.00" CO="0.00" HC="0.00" NOx="0.00" PMx="0.00" fuel="0.00" electricity="0.00" noise="73.02" route="routebottom" type="cfm-slow" waiting="0.00" lane="bottom_0" pos="23.72" speed="30.64" angle="51.78" x="110.18" y="13.25"/>
        <vehicle id="cfm-slow_2" eclass="HBEFA3/PC_G_EU4" CO2="0.00" CO="0.00" HC="0.00" NOx="0.00" PMx="0.00" fuel="0.00" electricity="0.00" noise="72.19" route="routebottom" type="cfm-slow" waiting="0.00" lane="bottom_0" pos="49.34" speed="29.44" angle="5.75" x="132.24" y="62.14"/>
        <vehicle id="cfm-slow_3" eclass="HBEFA3/PC_G_EU4" CO2="0.00" CO="0.00" HC="0.00" NOx="0.00" PMx="0.00" fuel="0.00" electricity="0.00" noise="71.51" route="routebottom" type="cfm-slow" waiting="0.00" lane="right_0" pos="23.66" speed="27.80" angle="321.88" x="114.16" y="110.09"/>
        <vehicle id="cfm-slow_4" eclass="HBEFA3/PC_G_EU4" CO2="0.00" CO="0.00" HC="0.00" NOx="0.00" PMx="0.00" fuel="0.00" electricity="0.00" noise="71.62" route="routebottom" type="cfm-slow" waiting="0.00" lane="right_0" pos="46.31" speed="26.51" angle="281.24" x="71.67" y="131.81"/>
        <vehicle id="cfm-slow_5" eclass="HBEFA3/PC_G_EU4" CO2="9373.40" CO="127.41" HC="0.81" NOx="3.73" PMx="0.21" fuel="4.03" electricity="0.00" noise="73.36" route="routetop" type="cfm-slow" waiting="0.00" lane="top_0" pos="17.71" speed="26.20" angle="242.61" x="27.40" y="121.91"/>
    </timestep>
    <timestep time="9.07">
        <vehicle id="cfm-fast_0" eclass="HBEFA3/PC_G_EU4" CO2="59257.67" CO="2337.91" HC="12.25" NOx="26.44" PMx="2.03" fuel="25.47" electricity="0.00" noise="96.33" route="routetop" type="cfm-fast" waiting="0.00" lane="top_1" pos="3.37" speed="74.61" angle="268.45" x="56.74" y="128.60"/>
        <vehicle id="cfm-fast_1" eclass="HBEFA3/PC_G_EU4" CO2="15066.39" CO="248.26" HC="1.51" NOx="6.40" PMx="0.36" fuel="6.48" electricity="0.00" noise="75.82" route="routetop" type="cfm-fast" waiting="0.00" lane="top_0" pos="39.17" speed="27.00" angle="204.02" x="-0.99" y="86.61"/>
        <vehicle id="cfm-fast_2" eclass="HBEFA3/PC_G_EU4" CO2="37880.05" CO="1939.98" HC="9.91" NOx="16.34" PMx="1.49" fuel="16.28" electricity="0.00" noise="92.36" route="routetop" type="cfm-fast" waiting="0.00" lane="left_1" pos="19.31" speed="75.55" angle="149.69" x="10.01" y="26.43"/>
        <vehicle id="cfm-fast_3" eclass="HBEFA3/PC_G_EU4" CO2="16649.68" CO="289.13" HC="1.73" NOx="7.12" PMx="0.40" fuel="7.16" electricity="0.00" noise="76.78" route="routetop" type="cfm-fast" waiting="0.00" lane="left_0" pos="7.26" speed="28.50" angle="171.34" x="-3.14" y="48.08"/>
        <vehicle id="cfm-fast_4" eclass="HBEFA3/PC_G_EU4" CO2="39681.81" CO="1972.13" HC="10.10" NOx="17.19" PMx="1.54" fuel="17.06" electricity="0.00" noise="92.66" route="routebottom" type="cfm-fast" waiting="0.00" lane="bottom_1" pos="35.98" speed="75.44" angle="29.79" x="122.73" y="35.80"/>
        <vehicle id="cfm-fast_5" eclass="HBEFA3/PC_G_EU4" CO2="12967.15" CO="223.55" HC="1.35" NOx="5.34" PMx="0.31" fuel="5.57" electricity="0.00" noise="75.76" route="routetop" type="cfm-fast" waiting="0.00" lane="left_0" pos="26.92" speed="30.01" angle="136.08" x="18.16" y="12.31"/>
        <vehicle id="cfm-slow_0" eclass="HBEFA3/PC_G_EU4" CO2="0.00" CO="0.00" HC="0.00" NOx="0.00" PMx="0.00" fuel="0.00" electricity="0.00" noise="74.12" route="routetop" type="cfm-slow" waiting="0.00" lane="left_0" pos="48.09" speed="30.85" angle="97.99" x="59.46" y="-4.81"/>
        <vehicle id="cfm-slow_1" eclass="HBEFA3/PC_G_EU4" CO2="0.00" CO="0.00" HC="0.00" NOx="0.00" PMx="0.00" fuel="0.00" electricity="0.00" noise="73.01" route="routebottom" type="cfm-slow" waiting="0.00" lane="bottom_0" pos="24.02" speed="30.63" angle="51.23" x="110.66" y="13.69"/>
        <vehicle id="cfm-slow_2" eclass="HBEFA3/PC_G_EU4" CO2="0.00" CO="0.00" HC="0.00" NOx="0.00" PMx="0.00" fuel="0.00" electricity="0.00" noise="72.18" route="routebottom" type="cfm-slow" waiting="0.00" lane="bottom_0" pos="49.63" speed="29.42" angle="5.20" x="132.26" y="62.77"/>
        <vehicle id="cfm-slow_3" eclass="HBEFA3/PC_G_EU4" CO2="0.00" CO="0.00" HC="0.00" NOx="0.00" PMx="0.00" fuel="0.00" electricity="0.00" noise="71.51" route="routebottom" type="cfm-slow" waiting="0.00" lane="right_0" pos="23.94" speed="27.78" angle="321.38" x="113.75" y="110.53"/>
        <vehicle id="cfm-slow_4" eclass="HBEFA3/PC_G_EU4" CO2="0.00" CO="0.00" HC="0.00" NOx="0.00" PMx="0.00" fuel="0.00" electricity="0.00" noise="71.63" route="routebottom" type="cfm-slow" waiting="0.00" lane="right_0" pos="46.58" speed="26.51" angle="280.76" x="71.11" y="131.86"/>
        <vehicle id="cfm-slow_5" eclass="HBEFA3/PC_G_EU4" CO2="9429.00" CO="128.58" HC="0.82" NOx="3.76" PMx="0.21" fuel="4.05" electricity="0.00" noise="73.38" route="routetop" type="cfm-slow" waiting="0.00" lane="top_0" pos="17.98" speed="26.20" angle="242.20" x="26.92" y="121.62"/>
    </timestep>
    <timestep time="9.08">
        <vehicle id="cfm-fast_0" eclass="HBEFA3/PC_G_EU4" CO2="59029.79" CO="2333.73" HC="12.22" NOx="26.33" PMx="2.03" fuel="25.37" electricity="0.00" noise="96.28" route="routetop" type="cfm-fast" waiting="0.00" lane="top_1" pos="4.11" speed="74.62" angle="267.13" x="55.22" y="128.42"/>
        <vehicle id="cfm-fast_1" eclass="HBEFA3/PC_G_EU4" CO2="15084.08" CO="248.69" HC="1.51" NOx="6.41" PMx="0.36" fuel="6.48" electricity="0.00" noise="75.83" route="routetop" type="cfm-fast" waiting="0.00" lane="top_0" pos="39.44" speed="27.01" angle="203.53" x="-1.18" y="86.06"/>
        <vehicle id="cfm-fast_2" eclass="HBEFA3/PC_G_EU4" CO2="37875.83" CO="1939.90" HC="9.91" NOx="16.33" PMx="1.49" fuel="16.28" electricity="0.00" noise="92.36" route="routetop" type="cfm-fast" waiting="0.00" lane="left_1" pos="20.06" speed="75.55" angle="148.31" x="10.92" y="25.17"/>
        <vehicle id="cfm-fast_3" eclass="HBEFA3/PC_G_EU4" CO2="16618.20" CO="288.57" HC="1.73" NOx="7.10" PMx="0.40" fuel="7.14" electricity="0.00" noise="76.77" route="routetop" type="cfm-fast" waiting="0.00" lane="left_0" pos="7.55" speed="28.51" angle="170.80" x="-3.01" y="47.48"/>
        <vehicle id="cfm-fast_4" eclass="HBEFA3/PC_G_EU4" CO2="39703.47" CO="1972.63" HC="10.10" NOx="17.20" PMx="1.54" fuel="17.07" electricity="0.00" noise="92.66" route="routebottom" type="cfm-fast" waiting="0.00" lane="bottom_1" pos="36.73" speed="75.44" angle="28.35" x="123.36" y="37.21"/>
        <vehicle id="cfm-fast_5" eclass="HBEFA3/PC_G_EU4" CO2="12893.65" CO="222.10" HC="1.34" NOx="5.31" PMx="0.31" fuel="5.54" electricity="0.00" noise="75.74" route="routetop" type="cfm-fast" waiting="0.00" lane="left_0" pos="27.22" speed="30.02" angle="135.52" x="18.65" y="11.89"/>
        <vehicle id="cfm-slow_0" eclass="HBEFA3/PC_G_EU4" CO2="0.00" CO="0.00" HC="0.00" NOx="0.00" PMx="0.00" fuel="0.00" electricity="0.00" noise="74.10" route="routetop" type="cfm-slow" waiting="0.00" lane="left_0" pos="48.40" speed="30.85" angle="97.40" x="60.12" y="-4.84"/>
        <vehicle id="cfm-slow_1" eclass="HBEFA3/PC_G_EU4" CO2="0.00" CO="0.00" HC="0.00" NOx="0.00" PMx="0.00" fuel="0.00" electricity="0.00" noise="73.00" route="routebottom" type="cfm-slow" waiting="0.00" lane="bottom_0" pos="24.33" speed="30.62" angle="50.72" x="111.14" y="14.14"/>
        <vehicle id="cfm-slow_2" eclass="HBEFA3/PC_G_EU4" CO2="0.00" CO="0.00" HC="0.00" NOx="0.00" PMx="0.00" fuel="0.00" electricity="0.00" noise="72.17" route="routebottom" type="cfm-slow" waiting="0.00" lane="bottom_0" pos="49.92" speed="29.41" angle="4.65" x="132.27" y="63.41"/>
        <vehicle id="cfm-slow_3" eclass="HBEFA3/PC_G_EU4" CO2="0.00" CO="0.00" HC="0.00" NOx="0.00" PMx="0.00" fuel="0.00" electricity="0.00" noise="71.51" route="routebottom" type="cfm-slow" waiting="0.00" lane="right_0" pos="24.22" speed="27.77" angle="320.88" x="113.35" y="110.97"/>
        <vehicle id="cfm-slow_4" eclass="HBEFA3/PC_G_EU4" CO2="0.00" CO="0.00" HC="0.00" NOx="0.00" PMx="0.00" fuel="0.00" electricity="0.00" noise="71.64" route="routebottom" type="cfm-slow" waiting="0.00" lane="right_0" pos="46.84" speed="26.50" angle="280.27" x="70.54" y="131.92"/>
        <vehicle id="cfm-slow_5" eclass="HBEFA3/PC_G_EU4" CO2="9484.26" CO="129.75" HC="0.83" NOx="3.78" PMx="0.21" fuel="4.08" electricity="0.00" noise="73.40" route="routetop" type="cfm-slow" waiting="0.00" lane="top_0" pos="18.24" speed="26.21" angle="241.69" x="26.45" y="121.30"/>
    </timestep>
    <timestep time="9.09">
        <vehicle id="cfm-fast_0" eclass="HBEFA3/PC_G_EU4" CO2="58804.04" CO="2329.59" HC="12.20" NOx="26.22" PMx="2.02" fuel="25.28" electricity="0.00" noise="96.24" route="routetop" type="cfm-fast" waiting="0.00" lane="top_1" pos="4.86" speed="74.63" angle="265.76" x="53.71" y="128.20"/>
        <vehicle id="cfm-fast_1" eclass="HBEFA3/PC_G_EU4" CO2="15101.32" CO="249.12" HC="1.51" NOx="6.42" PMx="0.36" fuel="6.49" electricity="0.00" noise="75.84" route="routetop" type="cfm-fast" waiting="0.00" lane="top_0" pos="39.71" speed="27.03" angle="203.07" x="-1.38" y="85.52"/>
        <vehicle id="cfm-fast_2" eclass="HBEFA3/PC_G_EU4" CO2="37872.06" CO="1939.83" HC="9.91" NOx="16.33" PMx="1.49" fuel="16.28" electricity="0.00" noise="92.36" route="routetop" type="cfm-fast" waiting="0.00" lane="left_1" pos="20.82" speed="75.55" angle="147.00" x="11.84" y="23.93"/>
        <vehicle id="cfm-fast_3" eclass="HBEFA3/PC_G_EU4" CO2="16586.31" CO="288.01" HC="1.73" NOx="7.08" PMx="0.40" fuel="7.13" electricity="0.00" noise="76.76" route="routetop" type="cfm-fast" waiting="0.00" lane="left_0" pos="7.83" speed="28.53" angle="170.33" x="-2.86" y="46.89"/>
        <vehicle id="cfm-fast_4" eclass="HBEFA3/PC_G_EU4" CO2="39724.40" CO="1973.11" HC="10.11" NOx="17.21" PMx="1.54" fuel="17.08" electricity="0.00" noise="92.66" route="routebottom" type="cfm-fast" waiting="0.00" lane="bottom_1" pos="37.49" speed="75.44" angle="27.01" x="123.97" y="38.63"/>
        <vehicle id="cfm-fast_5" eclass="HBEFA3/PC_G_EU4" CO2="12820.04" CO="220.65" HC="1.33" NOx="5.28" PMx="0.31" fuel="5.51" electricity="0.00" noise="75.72" route="routetop" type="cfm-fast" waiting="0.00" lane="left_0" pos="27.52" speed="30.03" angle="134.96" x="19.14" y="11.48"/>
        <vehicle id="cfm-slow_0" eclass="HBEFA3/PC_G_EU4" CO2="0.00" CO="0.00" HC="0.00" NOx="0.00" PMx="0.00" fuel="0.00" electricity="0.00" noise="74.09" route="routetop" type="cfm-slow" waiting="0.00" lane="left_0" pos="48.70" speed="30.85" angle="96.85" x="60.78" y="-4.88"/>
        <vehicle id="cfm-slow_1" eclass="HBEFA3/PC_G_EU4" CO2="0.00" CO="0.00" HC="0.00" NOx="0.00" PMx="0.00" fuel="0.00" electricity="0.00" noise="72.99" route="routebottom" type="cfm-slow" waiting="0.00" lane="bottom_0" pos="24.63" speed="30.61" angle="50.16" x="111.61" y="14.60"/>
        <vehicle id="cfm-slow_2" eclass="HBEFA3/PC_G_EU4" CO2="0.00" CO="0.00" HC="0.00" NOx="0.00" PMx="0.00" fuel="0.00" electricity="0.00" noise="72.17" route="routebottom" type="cfm-slow" waiting="0.00" lane="right_0" pos="0.22" speed="29.39" angle="4.07" x="132.26" y="64.23"/>
        <vehicle id="cfm-slow_3" eclass="HBEFA3/PC_G_EU4" CO2="0.00" CO="0.00" HC="0.00" NOx="0.00" PMx="0.00" fuel="0.00" electricity="0.00" noise="71.51" route="routebottom" type="cfm-slow" waiting="0.00" lane="right_0" pos="24.50" speed="27.76" angle="320.42" x="112.93" y="111.40"/>
        <vehicle id="cfm-slow_4" eclass="HBEFA3/PC_G_EU4" CO2="0.00" CO="0.00" HC="0.00" NOx="0.00" PMx="0.00" fuel="0.00" electricity="0.00" noise="71.66" route="routebottom" type="cfm-slow" waiting="0.00" lane="right_0" pos="47.11" speed="26.50" angle="279.78" x="69.97" y="131.98"/>
        <vehicle id="cfm-slow_5" eclass="HBEFA3/PC_G_EU4" CO2="9539.16" CO="130.91" HC="0.83" NOx="3.81" PMx="0.21" fuel="4.10" electricity="0.00" noise="73.42" route="routetop" type="cfm-slow" waiting="0.00" lane="top_0" pos="18.50" speed="26.22" angle="241.18" x="25.98" y="120.99"/>
    </timestep>
    <timestep time="9.10">
        <vehicle id="cfm-fast_0" eclass="HBEFA3/PC_G_EU4" CO2="58580.42" CO="2325.49" HC="12.18" NOx="26.12" PMx="2.01" fuel="25.18" electricity="0.00" noise="96.19" route="routetop" type="cfm-fast" waiting="0.00" lane="top_1" pos="5.61" speed="74.65" angle="264.42" x="52.20" y="127.95"/>
        <vehicle id="cfm-fast_1" eclass="HBEFA3/PC_G_EU4" CO2="15118.12" CO="249.54" HC="1.51" NOx="6.42" PMx="0.36" fuel="6.50" electricity="0.00" noise="75.85" route="routetop" type="cfm-fast" waiting="0.00" lane="top_0" pos="39.98" speed="27.04" angle="202.59" x="-1.56" y="84.96"/>
        <vehicle id="cfm-fast_2" eclass="HBEFA3/PC_G_EU4" CO2="37868.71" CO="1939.77" HC="9.91" NOx="16.33" PMx="1.49" fuel="16.28" electricity="0.00" noise="92.36" route="routetop" type="cfm-fast" waiting="0.00" lane="left_1" pos="21.57" speed="75.55" angle="145.63" x="12.79" y="22.71"/>
        <vehicle id="cfm-fast_3" eclass="HBEFA3/PC_G_EU4" CO2="16554.01" CO="287.44" HC="1.72" NOx="7.07" PMx="0.40" fuel="7.12" electricity="0.00" noise="76.75" route="routetop" type="cfm-fast" waiting="0.00" lane="left_0" pos="8.12" speed="28.54" angle="169.80" x="-2.70" y="46.30"/>
        <vehicle id="cfm-fast_4" eclass="HBEFA3/PC_G_EU4" CO2="39744.59" CO="1973.58" HC="10.11" NOx="17.22" PMx="1.54" fuel="17.08" electricity="0.00" noise="92.67" route="routebottom" type="cfm-fast" waiting="0.00" lane="bottom_1" pos="38.24" speed="75.44" angle="25.62" x="124.54" y="40.07"/>
        <vehicle id="cfm-fast_5" eclass="HBEFA3/PC_G_EU4" CO2="12746.30" CO="219.20" HC="1.32" NOx="5.24" PMx="0.31" fuel="5.48" electricity="0.00" noise="75.70" route="routetop" type="cfm-fast" waiting="0.00" lane="left_0" pos="27.82" speed="30.04" angle="134.40" x="19.64" y="11.06"/>
        <vehicle id="cfm-slow_0" eclass="HBEFA3/PC_G_EU4" CO2="0.00" CO="0.00" HC="0.00" NOx="0.00" PMx="0.00" fuel="0.00" electricity="0.00" noise="74.07" route="routetop" type="cfm-slow" waiting="0.00" lane="left_0" pos="49.01" speed="30.85" angle="96.31" x="61.45" y="-4.90"/>
        <vehicle id="cfm-slow_1" eclass="HBEFA3/PC_G_EU4" CO2="0.00" CO="0.00" HC="0.00" NOx="0.00" PMx="0.00" fuel="0.00" electricity="0.00" noise="72.98" route="routebottom" type="cfm-slow" waiting="0.00" lane="bottom_0" pos="24.94" speed="30.59" angle="49.59" x="112.08" y="15.07"/>
        <vehicle id="cfm-slow_2" eclass="HBEFA3/PC_G_EU4" CO2="0.00" CO="0.00" HC="0.00" NOx="0.00" PMx="0.00" fuel="0.00" electricity="0.00" noise="72.16" route="routebottom" type="cfm-slow" waiting="0.00" lane="right_0" pos="0.51" speed="29.37" angle="3.54" x="132.25" y="64.86"/>
        <vehicle id="cfm-slow_3" eclass="HBEFA3/PC_G_EU4" CO2="0.00" CO="0.00" HC="0.00" NOx="0.00" PMx="0.00" fuel="0.00" electricity="0.00" noise="71.51" route="routebottom" type="cfm-slow" waiting="0.00" lane="right_0" pos="24.77" speed="27.75" angle="319.91" x="112.51" y="111.82"/>
        <vehicle id="cfm-slow_4" eclass="HBEFA3/PC_G_EU4" CO2="0.00" CO="0.00" HC="0.00" NOx="0.00" PMx="0.00" fuel="0.00" electricity="0.00" noise="71.67" route="routebottom" type="cfm-slow" waiting="0.00" lane="right_0" pos="47.37" speed="26.50" angle="279.31" x="69.40" y="132.04"/>
        <vehicle id="cfm-slow_5" eclass="HBEFA3/PC_G_EU4" CO2="9593.72" CO="132.06" HC="0.84" NOx="3.84" PMx="0.21" fuel="4.12" electricity="0.00" noise="73.44" route="routetop" type="cfm-slow" waiting="0.00" lane="top_0" pos="18.76" speed="26.22" angle="240.67" x="25.51" y="120.68"/>
    </timestep>
    <timestep time="9.11">
        <vehicle id="cfm-fast_0" eclass="HBEFA3/PC_G_EU4" CO2="58358.90" CO="2321.43" HC="12.15" NOx="26.01" PMx="2.01" fuel="25.09" electricity="0.00" noise="96.15" route="routetop" type="cfm-fast" waiting="0.00" lane="top_1" pos="6.35" speed="74.66" angle="263.08" x="50.69" y="127.68"/>
        <vehicle id="cfm-fast_1" eclass="HBEFA3/PC_G_EU4" CO2="15134.47" CO="249.94" HC="1.52" NOx="6.43" PMx="0.36" fuel="6.51" electricity="0.00" noise="75.86" route="routetop" type="cfm-fast" waiting="0.00" lane="top_0" pos="40.25" speed="27.05" angle="202.09" x="-1.73" y="84.41"/>
        <vehicle id="cfm-fast_2" eclass="HBEFA3/PC_G_EU4" CO2="37865.78" CO="1939.71" HC="9.91" NOx="16.33" PMx="1.49" fuel="16.28" electricity="0.00" noise="92.36" route="routetop" type="cfm-fast" waiting="0.00" lane="left_1" pos="22.33" speed="75.55" angle="144.29" x="13.78" y="21.52"/>
        <vehicle id="cfm-fast_3" eclass="HBEFA3/PC_G_EU4" CO2="16521.32" CO="286.86" HC="1.72" NOx="7.05" PMx="0.40" fuel="7.10" electricity="0.00" noise="76.74" route="routetop" type="cfm-fast" waiting="0.00" lane="left_0" pos="8.40" speed="28.56" angle="169.28" x="-2.54" y="45.70"/>
        <vehicle id="cfm-fast_4" eclass="HBEFA3/PC_G_EU4" CO2="39764.07" CO="1974.03" HC="10.11" NOx="17.23" PMx="1.54" fuel="17.09" electricity="0.00" noise="92.67" route="routebottom" type="cfm-fast" waiting="0.00" lane="bottom_1" pos="39.00" speed="75.44" angle="24.31" x="125.09" y="41.52"/>
        <vehicle id="cfm-fast_5" eclass="HBEFA3/PC_G_EU4" CO2="12672.46" CO="217.74" HC="1.31" NOx="5.21" PMx="0.31" fuel="5.45" electricity="0.00" noise="75.67" route="routetop" type="cfm-fast" waiting="0.00" lane="left_0" pos="28.12" speed="30.05" angle="133.86" x="20.13" y="10.64"/>
        <vehicle id="cfm-slow_0" eclass="HBEFA3/PC_G_EU4" CO2="0.00" CO="0.00" HC="0.00" NOx="0.00" PMx="0.00" fuel="0.00" electricity="0.00" noise="74.06" route="routetop" type="cfm-slow" waiting="0.00" lane="left_0" pos="49.32" speed="30.84" angle="95.74" x="62.11" y="-4.92"/>
        <vehicle id="cfm-slow_1" eclass="HBEFA3/PC_G_EU4" CO2="0.00" CO="0.00" HC="0.00" NOx="0.00" PMx="0.00" fuel="0.00" electricity="0.00" noise="72.98" route="routebottom" type="cfm-slow" waiting="0.00" lane="bottom_0" pos="25.25" speed="30.58" angle="49.03" x="112.54" y="15.53"/>
        <vehicle id="cfm-slow_2" eclass="HBEFA3/PC_G_EU4" CO2="0.00" CO="0.00" HC="0.00" NOx="0.00" PMx="0.00" fuel="0.00" electricity="0.00" noise="72.15" route="routebottom" type="cfm-slow" waiting="0.00" lane="right_0" pos="0.81" speed="29.36" angle="3.01" x="132.24" y="65.49"/>
        <vehicle id="cfm-slow_3" eclass="HBEFA3/PC_G_EU4" CO2="0.00" CO="0.00" HC="0.00" NOx="0.00" PMx="0.00" fuel="0.00" electricity="0.00" noise="71.51" route="routebottom" type="cfm-slow" waiting="0.00" lane="right_0" pos="25.05" speed="27.73" angle="319.39" x="112.09" y="112.24"/>
        <vehicle id="cfm-slow_4" eclass="HBEFA3/PC_G_EU4" CO2="0.00" CO="0.00" HC="0.00" NOx="0.00" PMx="0.00" fuel="0.00" electricity="0.00" noise="71.68" route="routebottom" type="cfm-slow" waiting="0.00" lane="right_0" pos="47.64" speed="26.49" angle="278.87" x="68.84" y="132.08"/>
        <vehicle id="cfm-slow_5" eclass="HBEFA3/PC_G_EU4" CO2="9647.92" CO="133.21" HC="0.85" NOx="3.86" PMx="0.21" fuel="4.15" electricity="0.00" noise="73.47" route="routetop" type="cfm-slow" waiting="0.00" lane="top_0" pos="19.02" speed="26.23" angle="240.16" x="25.04" y="120.36"/>
    </timestep>
    <timestep time="9.12">
        <vehicle id="cfm-fast_0" eclass="HBEFA3/PC_G_EU4" CO2="58139.47" CO="2317.41" HC="12.13" NOx="25.91" PMx="2.00" fuel="24.99" electricity="0.00" noise="96.11" route="routetop" type="cfm-fast" waiting="0.00" lane="top_1" pos="7.10" speed="74.67" angle="261.66" x="49.20" y="127.34"/>
        <vehicle id="cfm-fast_1" eclass="HBEFA3/PC_G_EU4" CO2="15150.37" CO="250.34" HC="1.52" NOx="6.44" PMx="0.36" fuel="6.51" electricity="0.00" noise="75.87" route="routetop" type="cfm-fast" waiting="0.00" lane="top_0" pos="40.52" speed="27.07" angle="201.58" x="-1.90" y="83.85"/>
        <vehicle id="cfm-fast_2" eclass="HBEFA3/PC_G_EU4" CO2="37863.25" CO="1939.67" HC="9.91" NOx="16.33" PMx="1.49" fuel="16.28" electricity="0.00" noise="92.36" route="routetop" type="cfm-fast" waiting="0.00" lane="left_1" pos="23.08" speed="75.55" angle="142.95" x="14.79" y="20.34"/>
        <vehicle id="cfm-fast_3" eclass="HBEFA3/PC_G_EU4" CO2="16488.21" CO="286.27" HC="1.72" NOx="7.04" PMx="0.40" fuel="7.09" electricity="0.00" noise="76.73" route="routetop" type="cfm-fast" waiting="0.00" lane="left_0" pos="8.69" speed="28.57" angle="168.76" x="-2.38" y="45.11"/>
        <vehicle id="cfm-fast_4" eclass="HBEFA3/PC_G_EU4" CO2="39782.84" CO="1974.47" HC="10.11" NOx="17.24" PMx="1.54" fuel="17.10" electricity="0.00" noise="92.68" route="routebottom" type="cfm-fast" waiting="0.00" lane="bottom_1" pos="39.75" speed="75.44" angle="23.02" x="125.62" y="42.97"/>
        <vehicle id="cfm-fast_5" eclass="HBEFA3/PC_G_EU4" CO2="12598.52" CO="216.29" HC="1.30" NOx="5.17" PMx="0.30" fuel="5.42" electricity="0.00" noise="75.65" route="routetop" type="cfm-fast" waiting="0.00" lane="left_0" pos="28.42" speed="30.05" angle="133.34" x="20.63" y="10.23"/>
        <vehicle id="cfm-slow_0" eclass="HBEFA3/PC_G_EU4" CO2="0.00" CO="0.00" HC="0.00" NOx="0.00" PMx="0.00" fuel="0.00" electricity="0.00" noise="74.04" route="routetop" type="cfm-slow" waiting="0.00" lane="left_0" pos="49.63" speed="30.84" angle="95.18" x="62.77" y="-4.93"/>
        <vehicle id="cfm-slow_1" eclass="HBEFA3/PC_G_EU4" CO2="0.00" CO="0.00" HC="0.00" NOx="0.00" PMx="0.00" fuel="0.00" electricity="0.00" noise="72.97" route="routebottom" type="cfm-slow" waiting="0.00" lane="bottom_0" pos="25.55" speed="30.57" angle="48.48" x="113.01" y="16.00"/>
        <vehicle id="cfm-slow_2" eclass="HBEFA3/PC_G_EU4" CO2="0.00" CO="0.00" HC="0.00" NOx="0.00" PMx="0.00" fuel="0.00" electricity="0.00" noise="72.15" route="routebottom" type="cfm-slow" waiting="0.00" lane="right_0" pos="1.10" speed="29.34" angle="2.48" x="132.23" y="66.12"/>
        <vehicle id="cfm-slow_3" eclass="HBEFA3/PC_G_EU4" CO2="0.00" CO="0.00" HC="0.00" NOx="0.00" PMx="0.00" fuel="0.00" electricity="0.00" noise="71.50" route="routebottom" type="cfm-slow" waiting="0.00" lane="right_0" pos="25.33" speed="27.72" angle="318.88" x="111.67" y="112.66"/>
        <vehicle id="cfm-slow_4" eclass="HBEFA3/PC_G_EU4" CO2="0.00" CO="0.00" HC="0.00" NOx="0.00" PMx="0.00" fuel="0.00" electricity="0.00" noise="71.69" route="routebottom" type="cfm-slow" waiting="0.00" lane="right_0" pos="47.90" speed="26.49" angle="278.37" x="68.27" y="132.11"/>
        <vehicle id="cfm-slow_5" eclass="HBEFA3/PC_G_EU4" CO2="9701.78" CO="134.35" HC="0.85" NOx="3.89" PMx="0.21" fuel="4.17" electricity="0.00" noise="73.49" route="routetop" type="cfm-slow" waiting="0.00" lane="top_0" pos="19.29" speed="26.24" angle="239.73" x="24.58" y="120.04"/>
    </timestep>
    <timestep time="9.13">
        <vehicle id="cfm-fast_0" eclass="HBEFA3/PC_G_EU4" CO2="57922.13" CO="2313.42" HC="12.10" NOx="25.80" PMx="2.00" fuel="24.90" electricity="0.00" noise="96.06" route="routetop" type="cfm-fast" waiting="0.00" lane="top_1" pos="7.85" speed="74.68" angle="260.32" x="47.71" y="126.98"/>
        <vehicle id="cfm-fast_1" eclass="HBEFA3/PC_G_EU4" CO2="15165.83" CO="250.73" HC="1.52" NOx="6.45" PMx="0.36" fuel="6.52" electricity="0.00" noise="75.88" route="routetop" type="cfm-fast" waiting="0.00" lane="top_0" pos="40.79" speed="27.08" angle="201.07" x="-2.07" y="83.29"/>
        <vehicle id="cfm-fast_2" eclass="HBEFA3/PC_G_EU4" CO2="37861.12" CO="1939.63" HC="9.91" NOx="16.33" PMx="1.49" fuel="16.28" electricity="0.00" noise="92.36" route="routetop" type="cfm-fast" waiting="0.00" lane="left_1" pos="23.84" speed="75.55" angle="141.59" x="15.84" y="19.20"/>
        <vehicle id="cfm-fast_3" eclass="HBEFA3/PC_G_EU4" CO2="16454.72" CO="285.67" HC="1.71" NOx="7.02" PMx="0.40" fuel="7.07" electricity="0.00" noise="76.72" route="routetop" type="cfm-fast" waiting="0.00" lane="left_0" pos="8.98" speed="28.59" angle="168.29" x="-2.22" y="44.51"/>
        <vehicle id="cfm-fast_4" eclass="HBEFA3/PC_G_EU4" CO2="39800.91" CO="1974.90" HC="10.12" NOx="17.24" PMx="1.54" fuel="17.11" electricity="0.00" noise="92.68" route="routebottom" type="cfm-fast" waiting="0.00" lane="bottom_1" pos="40.50" speed="75.45" angle="21.62" x="126.08" y="44.45"/>
        <vehicle id="cfm-fast_5" eclass="HBEFA3/PC_G_EU4" CO2="12524.47" CO="214.82" HC="1.30" NOx="5.13" PMx="0.30" fuel="5.38" electricity="0.00" noise="75.63" route="routetop" type="cfm-fast" waiting="0.00" lane="left_0" pos="28.72" speed="30.06" angle="132.78" x="21.14" y="9.83"/>
        <vehicle id="cfm-slow_0" eclass="HBEFA3/PC_G_EU4" CO2="0.00" CO="0.00" HC="0.00" NOx="0.00" PMx="0.00" fuel="0.00" electricity="0.00" noise="74.03" route="routetop" type="cfm-slow" waiting="0.00" lane="left_0" pos="49.94" speed="30.84" angle="94.63" x="63.44" y="-4.95"/>
        <vehicle id="cfm-slow_1" eclass="HBEFA3/PC_G_EU4" CO2="0.00" CO="0.00" HC="0.00" NOx="0.00" PMx="0.00" fuel="0.00" electricity="0.00" noise="72.96" route="routebottom" type="cfm-slow" waiting="0.00" lane="bottom_0" pos="25.86" speed="30.56" angle="47.96" x="113.46" y="16.48"/>
        <vehicle id="cfm-slow_2" eclass="HBEFA3/PC_G_EU4" CO2="0.00" CO="0.00" HC="0.00" NOx="0.00" PMx="0.00" fuel="0.00" electricity="0.00" noise="72.14" route="routebottom" type="cfm-slow" waiting="0.00" lane="right_0" pos="1.39" speed="29.33" angle="1.97" x="132.20" y="66.75"/>
        <vehicle id="cfm-slow_3" eclass="HBEFA3/PC_G_EU4" CO2="0.00" CO="0.00" HC="0.00" NOx="0.00" PMx="0.00" fuel="0.00" electricity="0.00" noise="71.50" route="routebottom" type="cfm-slow" waiting="0.00" lane="right_0" pos="25.61" speed="27.71" angle="318.41" x="111.24" y="113.09"/>
        <vehicle id="cfm-slow_4" eclass="HBEFA3/PC_G_EU4" CO2="0.00" CO="0.00" HC="0.00" NOx="0.00" PMx="0.00" fuel="0.00" electricity="0.00" noise="71.70" route="routebottom" type="cfm-slow" waiting="0.00" lane="right_0" pos="48.17" speed="26.49" angle="277.88" x="67.70" y="132.15"/>
        <vehicle id="cfm-slow_5" eclass="HBEFA3/PC_G_EU4" CO2="9755.28" CO="135.49" HC="0.86" NOx="3.91" PMx="0.22" fuel="4.19" electricity="0.00" noise="73.51" route="routetop" type="cfm-slow" waiting="0.00" lane="top_0" pos="19.55" speed="26.25" angle="239.25" x="24.12" y="119.71"/>
    </timestep>
    <timestep time="9.14">
        <vehicle id="cfm-fast_0" eclass="HBEFA3/PC_G_EU4" CO2="57706.85" CO="2309.47" HC="12.08" NOx="25.70" PMx="1.99" fuel="24.81" electricity="0.00" noise="96.02" route="routetop" type="cfm-fast" waiting="0.00" lane="top_1" pos="8.59" speed="74.69" angle="258.99" x="46.23" y="126.59"/>
        <vehicle id="cfm-fast_1" eclass="HBEFA3/PC_G_EU4" CO2="15180.84" CO="251.12" HC="1.52" NOx="6.45" PMx="0.36" fuel="6.53" electricity="0.00" noise="75.89" route="routetop" type="cfm-fast" waiting="0.00" lane="top_0" pos="41.06" speed="27.10" angle="200.63" x="-2.24" y="82.73"/>
        <vehicle id="cfm-fast_2" eclass="HBEFA3/PC_G_EU4" CO2="37859.36" CO="1939.60" HC="9.91" NOx="16.33" PMx="1.49" fuel="16.27" electricity="0.00" noise="92.35" route="routetop" type="cfm-fast" waiting="0.00" lane="left_1" pos="24.60" speed="75.55" angle="140.26" x="16.90" y="18.08"/>
        <vehicle id="cfm-fast_3" eclass="HBEFA3/PC_G_EU4" CO2="16420.82" CO="285.07" HC="1.71" NOx="7.01" PMx="0.40" fuel="7.06" electricity="0.00" noise="76.70" route="routetop" type="cfm-fast" waiting="0.00" lane="left_0" pos="9.26" speed="28.60" angle="167.76" x="-2.04" y="43.93"/>
        <vehicle id="cfm-fast_4" eclass="HBEFA3/PC_G_EU4" CO2="39818.30" CO="1975.31" HC="10.12" NOx="17.25" PMx="1.54" fuel="17.12" electricity="0.00" noise="92.68" route="routebottom" type="cfm-fast" waiting="0.00" lane="bottom_1" pos="41.26" speed="75.45" angle="20.27" x="126.52" y="45.93"/>
        <vehicle id="cfm-fast_5" eclass="HBEFA3/PC_G_EU4" CO2="12450.32" CO="213.36" HC="1.29" NOx="5.10" PMx="0.30" fuel="5.35" electricity="0.00" noise="75.61" route="routetop" type="cfm-fast" waiting="0.00" lane="left_0" pos="29.03" speed="30.07" angle="132.23" x="21.65" y="9.44"/>
        <vehicle id="cfm-slow_0" eclass="HBEFA3/PC_G_EU4" CO2="0.00" CO="0.00" HC="0.00" NOx="0.00" PMx="0.00" fuel="0.00" electricity="0.00" noise="74.02" route="routebottom" type="cfm-slow" waiting="0.00" lane="bottom_0" pos="0.25" speed="30.84" angle="94.03" x="64.29" y="-4.94"/>
        <vehicle id="cfm-slow_1" eclass="HBEFA3/PC_G_EU4" CO2="0.00" CO="0.00" HC="0.00" NOx="0.00" PMx="0.00" fuel="0.00" electricity="0.00" noise="72.95" route="routebottom" type="cfm-slow" waiting="0.00" lane="bottom_0" pos="26.16" speed="30.55" angle="47.40" x="113.91" y="16.96"/>
        <vehicle id="cfm-slow_2" eclass="HBEFA3/PC_G_EU4" CO2="0.00" CO="0.00" HC="0.00" NOx="0.00" PMx="0.00" fuel="0.00" electricity="0.00" noise="72.13" route="routebottom" type="cfm-slow" waiting="0.00" lane="right_0" pos="1.68" speed="29.31" angle="1.45" x="132.16" y="67.38"/>
        <vehicle id="cfm-slow_3" eclass="HBEFA3/PC_G_EU4" CO2="0.00" CO="0.00" HC="0.00" NOx="0.00" PMx="0.00" fuel="0.00" electricity="0.00" noise="71.50" route="routebottom" type="cfm-slow" waiting="0.00" lane="right_0" pos="25.88" speed="27.70" angle="317.92" x="110.81" y="113.49"/>
        <vehicle id="cfm-slow_4" eclass="HBEFA3/PC_G_EU4" CO2="0.00" CO="0.00" HC="0.00" NOx="0.00" PMx="0.00" fuel="0.00" electricity="0.00" noise="71.71" route="routebottom" type="cfm-slow" waiting="0.00" lane="right_0" pos="48.43" speed="26.48" angle="277.38" x="67.13" y="132.18"/>
        <vehicle id="cfm-slow_5" eclass="HBEFA3/PC_G_EU4" CO2="9808.42" CO="136.61" HC="0.87" NOx="3.94" PMx="0.22" fuel="4.22" electricity="0.00" noise="73.53" route="routetop" type="cfm-slow" waiting="0.00" lane="top_0" pos="19.81" speed="26.25" angle="238.78" x="23.66" y="119.38"/>
    </timestep>
    <timestep time="9.15">
        <vehicle id="cfm-fast_0" eclass="HBEFA3/PC_G_EU4" CO2="57493.63" CO="2305.55" HC="12.06" NOx="25.60" PMx="1.99" fuel="24.71" electricity="0.00" noise="95.98" route="routetop" type="cfm-fast" waiting="0.00" lane="top_1" pos="9.34" speed="74.70" angle="257.70" x="44.75" y="126.17"/>
        <vehicle id="cfm-fast_1" eclass="HBEFA3/PC_G_EU4" CO2="15195.41" CO="251.49" HC="1.53" NOx="6.46" PMx="0.36" fuel="6.53" electricity="0.00" noise="75.90" route="routetop" type="cfm-fast" waiting="0.00" lane="top_0" pos="41.33" speed="27.11" angle="200.13" x="-2.39" y="82.17"/>
        <vehicle id="cfm-fast_2" eclass="HBEFA3/PC_G_EU4" CO2="37857.97" CO="1939.57" HC="9.91" NOx="16.33" PMx="1.49" fuel="16.27" electricity="0.00" noise="92.35" route="routetop" type="cfm-fast" waiting="0.00" lane="left_1" pos="25.35" speed="75.55" angle="138.86" x="18.00" y="16.98"/>
        <vehicle id="cfm-fast_3" eclass="HBEFA3/PC_G_EU4" CO2="16386.53" CO="284.45" HC="1.71" NOx="6.99" PMx="0.40" fuel="7.04" electricity="0.00" noise="76.69" route="routetop" type="cfm-fast" waiting="0.00" lane="left_0" pos="9.55" speed="28.62" angle="167.23" x="-1.86" y="43.34"/>
        <vehicle id="cfm-fast_4" eclass="HBEFA3/PC_G_EU4" CO2="39835.01" CO="1975.70" HC="10.12" NOx="17.26" PMx="1.54" fuel="17.12" electricity="0.00" noise="92.69" route="routebottom" type="cfm-fast" waiting="0.00" lane="bottom_1" pos="42.01" speed="75.45" angle="18.86" x="126.91" y="47.43"/>
        <vehicle id="cfm-fast_5" eclass="HBEFA3/PC_G_EU4" CO2="12376.09" CO="211.90" HC="1.28" NOx="5.06" PMx="0.30" fuel="5.32" electricity="0.00" noise="75.59" route="routetop" type="cfm-fast" waiting="0.00" lane="left_0" pos="29.33" speed="30.08" angle="131.67" x="22.16" y="9.04"/>
        <vehicle id="cfm-slow_0" eclass="HBEFA3/PC_G_EU4" CO2="0.00" CO="0.00" HC="0.00" NOx="0.00" PMx="0.00" fuel="0.00" electricity="0.00" noise="74.00" route="routebottom" type="cfm-slow" waiting="0.00" lane="bottom_0" pos="0.55" speed="30.84" angle="93.47" x="64.95" y="-4.92"/>
        <vehicle id="cfm-slow_1" eclass="HBEFA3/PC_G_EU4" CO2="0.00" CO="0.00" HC="0.00" NOx="0.00" PMx="0.00" fuel="0.00" electricity="0.00" noise="72.94" route="routebottom" type="cfm-slow" waiting="0.00" lane="bottom_0" pos="26.47" speed="30.54" angle="46.85" x="114.35" y="17.44"/>
        <vehicle id="cfm-slow_2" eclass="HBEFA3/PC_G_EU4" CO2="0.00" CO="0.00" HC="0.00" NOx="0.00" PMx="0.00" fuel="0.00" electricity="0.00" noise="72.13" route="routebottom" type="cfm-slow" waiting="0.00" lane="right_0" pos="1.98" speed="29.29" angle="0.92" x="132.13" y="68.01"/>
        <vehicle id="cfm-slow_3" eclass="HBEFA3/PC_G_EU4" CO2="0.00" CO="0.00" HC="0.00" NOx="0.00" PMx="0.00" fuel="0.00" electricity="0.00" noise="71.50" route="routebottom" type="cfm-slow" waiting="0.00" lane="right_0" pos="26.16" speed="27.68" angle="317.41" x="110.37" y="113.90"/>
        <vehicle id="cfm-slow_4" eclass="HBEFA3/PC_G_EU4" CO2="0.00" CO="0.00" HC="0.00" NOx="0.00" PMx="0.00" fuel="0.00" electricity="0.00" noise="71.72" route="routebottom" type="cfm-slow" waiting="0.00" lane="right_0" pos="48.70" speed="26.48" angle="276.92" x="66.56" y="132.21"/>
        <vehicle id="cfm-slow_5" eclass="HBEFA3/PC_G_EU4" CO2="9861.21" CO="137.73" HC="0.87" NOx="3.96" PMx="0.22" fuel="4.24" electricity="0.00" noise="73.55" route="routetop" type="cfm-slow" waiting="0.00" lane="top_0" pos="20.07" speed="26.26" angle="238.30" x="23.20" y="119.05"/>
    </timestep>
    <timestep time="9.16">
        <vehicle id="cfm-fast_0" eclass="HBEFA3/PC_G_EU4" CO2="57282.44" CO="2301.68" HC="12.03" NOx="25.50" PMx="1.98" fuel="24.62" electricity="0.00" noise="95.94" route="routetop" type="cfm-fast" waiting="0.00" lane="top_1" pos="10.09" speed="74.71" angle="256.33" x="43.29" y="125.72"/>
        <vehicle id="cfm-fast_1" eclass="HBEFA3/PC_G_EU4" CO2="15209.53" CO="251.85" HC="1.53" NOx="6.47" PMx="0.36" fuel="6.54" electricity="0.00" noise="75.90" route="routetop" type="cfm-fast" waiting="0.00" lane="top_0" pos="41.61" speed="27.13" angle="199.63" x="-2.54" y="81.61"/>
        <vehicle id="cfm-fast_2" eclass="HBEFA3/PC_G_EU4" CO2="37856.94" CO="1939.56" HC="9.91" NOx="16.33" PMx="1.49" fuel="16.27" electricity="0.00" noise="92.35" route="routetop" type="cfm-fast" waiting="0.00" lane="left_1" pos="26.11" speed="75.55" angle="137.52" x="19.12" y="15.91"/>
        <vehicle id="cfm-fast_3" eclass="HBEFA3/PC_G_EU4" CO2="16351.85" CO="283.83" HC="1.70" NOx="6.97" PMx="0.40" fuel="7.03" electricity="0.00" noise="76.68" route="routetop" type="cfm-fast" waiting="0.00" lane="left_0" pos="9.83" speed="28.63" angle="166.70" x="-1.67" y="42.75"/>
        <vehicle id="cfm-fast_4" eclass="HBEFA3/PC_G_EU4" CO2="39851.06" CO="1976.09" HC="10.12" NOx="17.27" PMx="1.54" fuel="17.13" electricity="0.00" noise="92.69" route="routebottom" type="cfm-fast" waiting="0.00" lane="bottom_1" pos="42.77" speed="75.45" angle="17.56" x="127.28" y="48.93"/>
        <vehicle id="cfm-fast_5" eclass="HBEFA3/PC_G_EU4" CO2="12301.76" CO="210.43" HC="1.27" NOx="5.03" PMx="0.30" fuel="5.29" electricity="0.00" noise="75.57" route="routetop" type="cfm-fast" waiting="0.00" lane="left_0" pos="29.63" speed="30.09" angle="131.18" x="22.68" y="8.65"/>
        <vehicle id="cfm-slow_0" eclass="HBEFA3/PC_G_EU4" CO2="0.00" CO="0.00" HC="0.00" NOx="0.00" PMx="0.00" fuel="0.00" electricity="0.00" noise="73.99" route="routebottom" type="cfm-slow" waiting="0.00" lane="bottom_0" pos="0.86" speed="30.84" angle="92.91" x="65.62" y="-4.91"/>
        <vehicle id="cfm-slow_1" eclass="HBEFA3/PC_G_EU4" CO2="0.00" CO="0.00" HC="0.00" NOx="0.00" PMx="0.00" fuel="0.00" electricity="0.00" noise="72.93" route="routebottom" type="cfm-slow" waiting="0.00" lane="bottom_0" pos="26.77" speed="30.53" angle="46.29" x="114.80" y="17.92"/>
        <vehicle id="cfm-slow_2" eclass="HBEFA3/PC_G_EU4" CO2="0.00" CO="0.00" HC="0.00" NOx="0.00" PMx="0.00" fuel="0.00" electricity="0.00" noise="72.12" route="routebottom" type="cfm-slow" waiting="0.00" lane="right_0" pos="2.27" speed="29.28" angle="0.40" x="132.09" y="68.64"/>
        <vehicle id="cfm-slow_3" eclass="HBEFA3/PC_G_EU4" CO2="0.00" CO="0.00" HC="0.00" NOx="0.00" PMx="0.00" fuel="0.00" electricity="0.00" noise="71.50" route="routebottom" type="cfm-slow" waiting="0.00" lane="right_0" pos="26.44" speed="27.67" angle="316.91" x="109.94" y="114.30"/>
        <vehicle id="cfm-slow_4" eclass="HBEFA3/PC_G_EU4" CO2="0.00" CO="0.00" HC="0.00" NOx="0.00" PMx="0.00" fuel="0.00" electricity="0.00" noise="71.74" route="routebottom" type="cfm-slow" waiting="0.00" lane="right_0" pos="48.96" speed="26.48" angle="276.45" x="65.99" y="132.23"/>
        <vehicle id="cfm-slow_5" eclass="HBEFA3/PC_G_EU4" CO2="9913.65" CO="138.84" HC="0.88" NOx="3.99" PMx="0.22" fuel="4.26" electricity="0.00" noise="73.57" route="routetop" type="cfm-slow" waiting="0.00" lane="top_0" pos="20.34" speed="26.27" angle="237.82" x="22.74" y="118.72"/>
    </timestep>
    <timestep time="9.17">
        <vehicle id="cfm-fast_0" eclass="HBEFA3/PC_G_EU4" CO2="57073.28" CO="2297.84" HC="12.01" NOx="25.40" PMx="1.98" fuel="24.53" electricity="0.00" noise="95.90" route="routetop" type="cfm-fast" waiting="0.00" lane="top_1" pos="10.83" speed="74.72" angle="254.95" x="41.85" y="125.21"/>
        <vehicle id="cfm-fast_1" eclass="HBEFA3/PC_G_EU4" CO2="15223.21" CO="252.21" HC="1.53" NOx="6.47" PMx="0.36" fuel="6.54" electricity="0.00" noise="75.91" route="routetop" type="cfm-fast" waiting="0.00" lane="top_0" pos="41.88" speed="27.14" angle="199.12" x="-2.69" y="81.04"/>
        <vehicle id="cfm-fast_2" eclass="HBEFA3/PC_G_EU4" CO2="37856.25" CO="1939.55" HC="9.91" NOx="16.33" PMx="1.49" fuel="16.27" electricity="0.00" noise="92.35" route="routetop" type="cfm-fast" waiting="0.00" lane="left_1" pos="26.86" speed="75.55" angle="136.15" x="20.26" y="14.86"/>
        <vehicle id="cfm-fast_3" eclass="HBEFA3/PC_G_EU4" CO2="16316.77" CO="283.20" HC="1.70" NOx="6.96" PMx="0.40" fuel="7.01" electricity="0.00" noise="76.67" route="routetop" type="cfm-fast" waiting="0.00" lane="left_0" pos="10.12" speed="28.65" angle="166.18" x="-1.49" y="42.16"/>
        <vehicle id="cfm-fast_4" eclass="HBEFA3/PC_G_EU4" CO2="39866.46" CO="1976.46" HC="10.12" NOx="17.27" PMx="1.54" fuel="17.14" electricity="0.00" noise="92.69" route="routebottom" type="cfm-fast" waiting="0.00" lane="bottom_1" pos="43.52" speed="75.45" angle="16.26" x="127.62" y="50.44"/>
        <vehicle id="cfm-fast_5" eclass="HBEFA3/PC_G_EU4" CO2="12227.35" CO="208.96" HC="1.26" NOx="4.99" PMx="0.29" fuel="5.26" electricity="0.00" noise="75.55" route="routetop" type="cfm-fast" waiting="0.00" lane="left_0" pos="29.93" speed="30.10" angle="130.63" x="23.20" y="8.27"/>
        <vehicle id="cfm-slow_0" eclass="HBEFA3/PC_G_EU4" CO2="0.00" CO="0.00" HC="0.00" NOx="0.00" PMx="0.00" fuel="0.00" electricity="0.00" noise="73.97" route="routebottom" type="cfm-slow" waiting="0.00" lane="bottom_0" pos="1.17" speed="30.83" angle="92.35" x="66.28" y="-4.89"/>
        <vehicle id="cfm-slow_1" eclass="HBEFA3/PC_G_EU4" CO2="0.00" CO="0.00" HC="0.00" NOx="0.00" PMx="0.00" fuel="0.00" electricity="0.00" noise="72.92" route="routebottom" type="cfm-slow" waiting="0.00" lane="bottom_0" pos="27.08" speed="30.51" angle="45.79" x="115.23" y="18.41"/>
        <vehicle id="cfm-slow_2" eclass="HBEFA3/PC_G_EU4" CO2="0.00" CO="0.00" HC="0.00" NOx="0.00" PMx="0.00" fuel="0.00" electricity="0.00" noise="72.11" route="routebottom" type="cfm-slow" waiting="0.00" lane="right_0" pos="2.56" speed="29.26" angle="359.90" x="132.05" y="69.27"/>
        <vehicle id="cfm-slow_3" eclass="HBEFA3/PC_G_EU4" CO2="0.00" CO="0.00" HC="0.00" NOx="0.00" PMx="0.00" fuel="0.00" electricity="0.00" noise="71.50" route="routebottom" type="cfm-slow" waiting="0.00" lane="right_0" pos="26.71" speed="27.66" angle="316.40" x="109.50" y="114.71"/>
        <vehicle id="cfm-slow_4" eclass="HBEFA3/PC_G_EU4" CO2="0.00" CO="0.00" HC="0.00" NOx="0.00" PMx="0.00" fuel="0.00" electricity="0.00" noise="71.75" route="routebottom" type="cfm-slow" waiting="0.00" lane="right_0" pos="49.23" speed="26.47" angle="275.96" x="65.42" y="132.24"/>
        <vehicle id="cfm-slow_5" eclass="HBEFA3/PC_G_EU4" CO2="9965.73" CO="139.95" HC="0.89" NOx="4.01" PMx="0.22" fuel="4.28" electricity="0.00" noise="73.59" route="routetop" type="cfm-slow" waiting="0.00" lane="top_0" pos="20.60" speed="26.28" angle="237.40" x="22.29" y="118.38"/>
    </timestep>
    <timestep time="9.18">
        <vehicle id="cfm-fast_0" eclass="HBEFA3/PC_G_EU4" CO2="56866.13" CO="2294.04" HC="11.99" NOx="25.31" PMx="1.97" fuel="24.44" electricity="0.00" noise="95.86" route="routetop" type="cfm-fast" waiting="0.00" lane="top_1" pos="11.58" speed="74.73" angle="253.57" x="40.41" y="124.68"/>
        <vehicle id="cfm-fast_1" eclass="HBEFA3/PC_G_EU4" CO2="15236.44" CO="252.55" HC="1.53" NOx="6.48" PMx="0.36" fuel="6.55" electricity="0.00" noise="75.92" route="routetop" type="cfm-fast" waiting="0.00" lane="top_0" pos="42.15" speed="27.16" angle="198.62" x="-2.85" y="80.48"/>
        <vehicle id="cfm-fast_2" eclass="HBEFA3/PC_G_EU4" CO2="37855.90" CO="1939.55" HC="9.91" NOx="16.33" PMx="1.49" fuel="16.27" electricity="0.00" noise="92.35" route="routetop" type="cfm-fast" waiting="0.00" lane="left_1" pos="27.62" speed="75.55" angle="134.78" x="21.44" y="13.86"/>
        <vehicle id="cfm-fast_3" eclass="HBEFA3/PC_G_EU4" CO2="16281.31" CO="282.56" HC="1.70" NOx="6.94" PMx="0.39" fuel="7.00" electricity="0.00" noise="76.66" route="routetop" type="cfm-fast" waiting="0.00" lane="left_0" pos="10.41" speed="28.66" angle="165.71" x="-1.29" y="41.58"/>
        <vehicle id="cfm-fast_4" eclass="HBEFA3/PC_G_EU4" CO2="39881.21" CO="1976.82" HC="10.13" NOx="17.28" PMx="1.54" fuel="17.14" electricity="0.00" noise="92.70" route="routebottom" type="cfm-fast" waiting="0.00" lane="bottom_1" pos="44.28" speed="75.45" angle="14.83" x="127.91" y="51.96"/>
        <vehicle id="cfm-fast_5" eclass="HBEFA3/PC_G_EU4" CO2="12152.86" CO="207.48" HC="1.25" NOx="4.96" PMx="0.29" fuel="5.22" electricity="0.00" noise="75.53" route="routetop" type="cfm-fast" waiting="0.00" lane="left_0" pos="30.23" speed="30.10" angle="130.07" x="23.73" y="7.89"/>
        <vehicle id="cfm-slow_0" eclass="HBEFA3/PC_G_EU4" CO2="0.00" CO="0.00" HC="0.00" NOx="0.00" PMx="0.00" fuel="0.00" electricity="0.00" noise="73.96" route="routebottom" type="cfm-slow" waiting="0.00" lane="bottom_0" pos="1.48" speed="30.83" angle="91.82" x="66.94" y="-4.86"/>
        <vehicle id="cfm-slow_1" eclass="HBEFA3/PC_G_EU4" CO2="0.00" CO="0.00" HC="0.00" NOx="0.00" PMx="0.00" fuel="0.00" electricity="0.00" noise="72.92" route="routebottom" type="cfm-slow" waiting="0.00" lane="bottom_0" pos="27.38" speed="30.50" angle="45.22" x="115.66" y="18.91"/>
        <vehicle id="cfm-slow_2" eclass="HBEFA3/PC_G_EU4" CO2="0.00" CO="0.00" HC="0.00" NOx="0.00" PMx="0.00" fuel="0.00" electricity="0.00" noise="72.11" route="routebottom" type="cfm-slow" waiting="0.00" lane="right_0" pos="2.86" speed="29.25" angle="359.37" x="131.99" y="69.90"/>
        <vehicle id="cfm-slow_3" eclass="HBEFA3/PC_G_EU4" CO2="0.00" CO="0.00" HC="0.00" NOx="0.00" PMx="0.00" fuel="0.00" electricity="0.00" noise="71.50" route="routebottom" type="cfm-slow" waiting="0.00" lane="right_0" pos="26.99" speed="27.65" angle="315.96" x="109.06" y="115.11"/>
        <vehicle id="cfm-slow_4" eclass="HBEFA3/PC_G_EU4" CO2="0.00" CO="0.00" HC="0.00" NOx="0.00" PMx="0.00" fuel="0.00" electricity="0.00" noise="71.76" route="routebottom" type="cfm-slow" waiting="0.00" lane="right_0" pos="49.49" speed="26.47" angle="275.46" x="64.85" y="132.25"/>
        <vehicle id="cfm-slow_5" eclass="HBEFA3/PC_G_EU4" CO2="10017.46" CO="141.05" HC="0.89" NOx="4.03" PMx="0.22" fuel="4.31" electricity="0.00" noise="73.61" route="routetop" type="cfm-slow" waiting="0.00" lane="top_0" pos="20.86" speed="26.29" angle="236.92" x="21.84" y="118.04"/>
    </timestep>
    <timestep time="9.19">
        <vehicle id="cfm-fast_0" eclass="HBEFA3/PC_G_EU4" CO2="56660.97" CO="2290.27" HC="11.97" NOx="25.21" PMx="1.97" fuel="24.36" electricity="0.00" noise="95.82" route="routetop" type="cfm-fast" waiting="0.00" lane="top_1" pos="12.33" speed="74.74" angle="252.27" x="38.98" y="124.11"/>
        <vehicle id="cfm-fast_1" eclass="HBEFA3/PC_G_EU4" CO2="15249.23" CO="252.89" HC="1.53" NOx="6.48" PMx="0.36" fuel="6.55" electricity="0.00" noise="75.93" route="routetop" type="cfm-fast" waiting="0.00" lane="top_0" pos="42.42" speed="27.17" angle="198.18" x="-2.99" y="79.91"/>
        <vehicle id="cfm-fast_2" eclass="HBEFA3/PC_G_EU4" CO2="37855.88" CO="1939.55" HC="9.91" NOx="16.33" PMx="1.49" fuel="16.27" electricity="0.00" noise="92.35" route="routetop" type="cfm-fast" waiting="0.00" lane="left_1" pos="28.37" speed="75.55" angle="133.45" x="22.62" y="12.86"/>
        <vehicle id="cfm-fast_3" eclass="HBEFA3/PC_G_EU4" CO2="16245.47" CO="281.92" HC="1.69" NOx="6.92" PMx="0.39" fuel="6.98" electricity="0.00" noise="76.64" route="routetop" type="cfm-fast" waiting="0.00" lane="left_0" pos="10.69" speed="28.68" angle="165.18" x="-1.09" y="41.00"/>
        <vehicle id="cfm-fast_4" eclass="HBEFA3/PC_G_EU4" CO2="39895.33" CO="1977.16" HC="10.13" NOx="17.29" PMx="1.54" fuel="17.15" electricity="0.00" noise="92.70" route="routebottom" type="cfm-fast" waiting="0.00" lane="bottom_1" pos="45.03" speed="75.45" angle="13.46" x="128.17" y="53.48"/>
        <vehicle id="cfm-fast_5" eclass="HBEFA3/PC_G_EU4" CO2="12078.29" CO="206.01" HC="1.24" NOx="4.92" PMx="0.29" fuel="5.19" electricity="0.00" noise="75.51" route="routetop" type="cfm-fast" waiting="0.00" lane="left_0" pos="30.53" speed="30.11" angle="129.52" x="24.25" y="7.51"/>
        <vehicle id="cfm-slow_0" eclass="HBEFA3/PC_G_EU4" CO2="0.00" CO="0.00" HC="0.00" NOx="0.00" PMx="0.00" fuel="0.00" electricity="0.00" noise="73.95" route="routebottom" type="cfm-slow" waiting="0.00" lane="bottom_0" pos="1.79" speed="30.83" angle="91.26" x="67.60" y="-4.82"/>
        <vehicle id="cfm-slow_1" eclass="HBEFA3/PC_G_EU4" CO2="0.00" CO="0.00" HC="0.00" NOx="0.00" PMx="0.00" fuel="0.00" electricity="0.00" noise="72.91" route="routebottom" type="cfm-slow" waiting="0.00" lane="bottom_0" pos="27.69" speed="30.49" angle="44.65" x="116.08" y="19.42"/>
        <vehicle id="cfm-slow_2" eclass="HBEFA3/PC_G_EU4" CO2="0.00" CO="0.00" HC="0.00" NOx="0.00" PMx="0.00" fuel="0.00" electricity="0.00" noise="72.10" route="routebottom" type="cfm-slow" waiting="0.00" lane="right_0" pos="3.15" speed="29.23" angle="358.85" x="131.92" y="70.52"/>
        <vehicle id="cfm-slow_3" eclass="HBEFA3/PC_G_EU4" CO2="0.00" CO="0.00" HC="0.00" NOx="0.00" PMx="0.00" fuel="0.00" electricity="0.00" noise="71.50" route="routebottom" type="cfm-slow" waiting="0.00" lane="right_0" pos="27.26" speed="27.63" angle="315.44" x="108.61" y="115.49"/>
        <vehicle id="cfm-slow_4" eclass="HBEFA3/PC_G_EU4" CO2="0.00" CO="0.00" HC="0.00" NOx="0.00" PMx="0.00" fuel="0.00" electricity="0.00" noise="71.77" route="routebottom" type="cfm-slow" waiting="0.00" lane="right_0" pos="49.76" speed="26.47" angle="274.97" x="64.28" y="132.26"/>
        <vehicle id="cfm-slow_5" eclass="HBEFA3/PC_G_EU4" CO2="10068.82" CO="142.14" HC="0.90" NOx="4.06" PMx="0.22" fuel="4.33" electricity="0.00" noise="73.63" route="routetop" type="cfm-slow" waiting="0.00" lane="top_0" pos="21.13" speed="26.29" angle="236.43" x="21.40" y="117.69"/>
    </timestep>
    <timestep time="9.20">
        <vehicle id="cfm-fast_0" eclass="HBEFA3/PC_G_EU4" CO2="56457.80" CO="2286.54" HC="11.95" NOx="25.11" PMx="1.96" fuel="24.27" electricity="0.00" noise="95.78" route="routetop" type="cfm-fast" waiting="0.00" lane="top_1" pos="13.08" speed="74.75" angle="250.97" x="37.57" y="123.53"/>
        <vehicle id="cfm-fast_1" eclass="HBEFA3/PC_G_EU4" CO2="15261.57" CO="253.22" HC="1.53" NOx="6.49" PMx="0.36" fuel="6.56" electricity="0.00" noise="75.94" route="routetop" type="cfm-fast" waiting="0.00" lane="top_0" pos="42.69" speed="27.19" angle="197.70" x="-3.12" y="79.34"/>
        <vehicle id="cfm-fast_2" eclass="HBEFA3/PC_G_EU4" CO2="37856.17" CO="1939.56" HC="9.91" NOx="16.33" PMx="1.49" fuel="16.27" electricity="0.00" noise="92.35" route="routetop" type="cfm-fast" waiting="0.00" lane="left_1" pos="29.13" speed="75.55" angle="132.05" x="23.84" y="11.91"/>
        <vehicle id="cfm-fast_3" eclass="HBEFA3/PC_G_EU4" CO2="16209.24" CO="281.26" HC="1.69" NOx="6.90" PMx="0.39" fuel="6.97" electricity="0.00" noise="76.63" route="routetop" type="cfm-fast" waiting="0.00" lane="left_0" pos="10.98" speed="28.69" angle="164.64" x="-0.88" y="40.42"/>
        <vehicle id="cfm-fast_4" eclass="HBEFA3/PC_G_EU4" CO2="39908.83" CO="1977.50" HC="10.13" NOx="17.29" PMx="1.54" fuel="17.16" electricity="0.00" noise="92.70" route="routebottom" type="cfm-fast" waiting="0.00" lane="bottom_1" pos="45.79" speed="75.45" angle="12.07" x="128.39" y="55.01"/>
        <vehicle id="cfm-fast_5" eclass="HBEFA3/PC_G_EU4" CO2="12003.65" CO="204.53" HC="1.24" NOx="4.89" PMx="0.29" fuel="5.16" electricity="0.00" noise="75.49" route="routetop" type="cfm-fast" waiting="0.00" lane="left_0" pos="30.83" speed="30.12" angle="129.03" x="24.78" y="7.13"/>
        <vehicle id="cfm-slow_0" eclass="HBEFA3/PC_G_EU4" CO2="0.00" CO="0.00" HC="0.00" NOx="0.00" PMx="0.00" fuel="0.00" electricity="0.00" noise="73.93" route="routebottom" type="cfm-slow" waiting="0.00" lane="bottom_0" pos="2.10" speed="30.83" angle="90.71" x="68.27" y="-4.78"/>
        <vehicle id="cfm-slow_1" eclass="HBEFA3/PC_G_EU4" CO2="0.00" CO="0.00" HC="0.00" NOx="0.00" PMx="0.00" fuel="0.00" electricity="0.00" noise="72.90" route="routebottom" type="cfm-slow" waiting="0.00" lane="bottom_0" pos="27.99" speed="30.48" angle="44.08" x="116.50" y="19.92"/>
        <vehicle id="cfm-slow_2" eclass="HBEFA3/PC_G_EU4" CO2="0.00" CO="0.00" HC="0.00" NOx="0.00" PMx="0.00" fuel="0.00" electricity="0.00" noise="72.10" route="routebottom" type="cfm-slow" waiting="0.00" lane="right_0" pos="3.44" speed="29.22" angle="358.32" x="131.86" y="71.15"/>
        <vehicle id="cfm-slow_3" eclass="HBEFA3/PC_G_EU4" CO2="0.00" CO="0.00" HC="0.00" NOx="0.00" PMx="0.00" fuel="0.00" electricity="0.00" noise="71.50" route="routebottom" type="cfm-slow" waiting="0.00" lane="right_0" pos="27.54" speed="27.62" angle="314.92" x="108.15" y="115.87"/>
        <vehicle id="cfm-slow_4" eclass="HBEFA3/PC_G_EU4" CO2="0.00" CO="0.00" HC="0.00" NOx="0.00" PMx="0.00" fuel="0.00" electricity="0.00" noise="71.78" route="routetop" type="cfm-slow" waiting="0.00" lane="top_0" pos="0.02" speed="26.47" angle="274.44" x="63.52" y="132.27"/>
        <vehicle id="cfm-slow_5" eclass="HBEFA3/PC_G_EU4" CO2="10119.83" CO="143.22" HC="0.91" NOx="4.08" PMx="0.23" fuel="4.35" electricity="0.00" noise="73.65" route="routetop" type="cfm-slow" waiting="0.00" lane="top_0" pos="21.39" speed="26.30" angle="235.95" x="20.95" y="117.34"/>
    </timestep>
    <timestep time="9.21">
        <vehicle id="cfm-fast_0" eclass="HBEFA3/PC_G_EU4" CO2="56256.59" CO="2282.84" HC="11.92" NOx="25.02" PMx="1.96" fuel="24.18" electricity="0.00" noise="95.74" route="routetop" type="cfm-fast" waiting="0.00" lane="top_1" pos="13.82" speed="74.76" angle="249.57" x="36.17" y="122.90"/>
        <vehicle id="cfm-fast_1" eclass="HBEFA3/PC_G_EU4" CO2="15273.47" CO="253.54" HC="1.54" NOx="6.49" PMx="0.36" fuel="6.57" electricity="0.00" noise="75.95" route="routetop" type="cfm-fast" waiting="0.00" lane="top_0" pos="42.96" speed="27.20" angle="197.21" x="-3.25" y="78.77"/>
        <vehicle id="cfm-fast_2" eclass="HBEFA3/PC_G_EU4" CO2="37856.76" CO="1939.58" HC="9.91" NOx="16.33" PMx="1.49" fuel="16.27" electricity="0.00" noise="92.35" route="routetop" type="cfm-fast" waiting="0.00" lane="left_1" pos="29.88" speed="75.55" angle="130.71" x="25.08" y="10.98"/>
        <vehicle id="cfm-fast_3" eclass="HBEFA3/PC_G_EU4" CO2="16172.64" CO="280.60" HC="1.68" NOx="6.89" PMx="0.39" fuel="6.95" electricity="0.00" noise="76.62" route="routetop" type="cfm-fast" waiting="0.00" lane="left_0" pos="11.27" speed="28.71" angle="164.11" x="-0.67" y="39.83"/>
        <vehicle id="cfm-fast_4" eclass="HBEFA3/PC_G_EU4" CO2="39921.72" CO="1977.82" HC="10.13" NOx="17.30" PMx="1.54" fuel="17.16" electricity="0.00" noise="92.70" route="routebottom" type="cfm-fast" waiting="0.00" lane="bottom_1" pos="46.54" speed="75.46" angle="10.78" x="128.58" y="56.55"/>
        <vehicle id="cfm-fast_5" eclass="HBEFA3/PC_G_EU4" CO2="11928.95" CO="203.05" HC="1.23" NOx="4.85" PMx="0.29" fuel="5.13" electricity="0.00" noise="75.47" route="routetop" type="cfm-fast" waiting="0.00" lane="left_0" pos="31.13" speed="30.13" angle="128.49" x="25.32" y="6.77"/>
        <vehicle id="cfm-slow_0" eclass="HBEFA3/PC_G_EU4" CO2="0.00" CO="0.00" HC="0.00" NOx="0.00" PMx="0.00" fuel="0.00" electricity="0.00" noise="73.92" route="routebottom" type="cfm-slow" waiting="0.00" lane="bottom_0" pos="2.40" speed="30.82" angle="90.16" x="68.93" y="-4.74"/>
        <vehicle id="cfm-slow_1" eclass="HBEFA3/PC_G_EU4" CO2="0.00" CO="0.00" HC="0.00" NOx="0.00" PMx="0.00" fuel="0.00" electricity="0.00" noise="72.89" route="routebottom" type="cfm-slow" waiting="0.00" lane="bottom_0" pos="28.30" speed="30.47" angle="43.57" x="116.92" y="20.42"/>
        <vehicle id="cfm-slow_2" eclass="HBEFA3/PC_G_EU4" CO2="0.00" CO="0.00" HC="0.00" NOx="0.00" PMx="0.00" fuel="0.00" electricity="0.00" noise="72.09" route="routebottom" type="cfm-slow" waiting="0.00" lane="right_0" pos="3.73" speed="29.20" angle="357.80" x="131.80" y="71.77"/>
        <vehicle id="cfm-slow_3" eclass="HBEFA3/PC_G_EU4" CO2="0.00" CO="0.00" HC="0.00" NOx="0.00" PMx="0.00" fuel="0.00" electricity="0.00" noise="71.50" route="routebottom" type="cfm-slow" waiting="0.00" lane="right_0" pos="27.82" speed="27.61" angle="314.40" x="107.70" y="116.26"/>
        <vehicle id="cfm-slow_4" eclass="HBEFA3/PC_G_EU4" CO2="0.00" CO="0.00" HC="0.00" NOx="0.00" PMx="0.00" fuel="0.00" electricity="0.00" noise="71.80" route="routetop" type="cfm-slow" waiting="0.00" lane="top_0" pos="0.29" speed="26.46" angle="273.96" x="62.95" y="132.26"/>
        <vehicle id="cfm-slow_5" eclass="HBEFA3/PC_G_EU4" CO2="10170.49" CO="144.30" HC="0.91" NOx="4.11" PMx="0.23" fuel="4.37" electricity="0.00" noise="73.68" route="routetop" type="cfm-slow" waiting="0.00" lane="top_0" pos="21.65" speed="26.31" angle="235.47" x="20.51" y="116.99"/>
    </timestep>
    <timestep time="9.22">
        <vehicle id="cfm-fast_0" eclass="HBEFA3/PC_G_EU4" CO2="56057.34" CO="2279.18" HC="11.90" NOx="24.92" PMx="1.95" fuel="24.10" electricity="0.00" noise="95.70" route="routetop" type="cfm-fast" waiting="0.00" lane="top_1" pos="14.57" speed="74.77" angle="248.24" x="34.79" y="122.23"/>
        <vehicle id="cfm-fast_1" eclass="HBEFA3/PC_G_EU4" CO2="15284.93" CO="253.84" HC="1.54" NOx="6.50" PMx="0.36" fuel="6.57" electricity="0.00" noise="75.95" route="routetop" type="cfm-fast" waiting="0.00" lane="top_0" pos="43.24" speed="27.21" angle="196.73" x="-3.38" y="78.20"/>
        <vehicle id="cfm-fast_2" eclass="HBEFA3/PC_G_EU4" CO2="37857.65" CO="1939.60" HC="9.91" NOx="16.33" PMx="1.49" fuel="16.27" electricity="0.00" noise="92.35" route="routetop" type="cfm-fast" waiting="0.00" lane="left_1" pos="30.64" speed="75.55" angle="129.30" x="26.34" y="10.08"/>
        <vehicle id="cfm-fast_3" eclass="HBEFA3/PC_G_EU4" CO2="16135.65" CO="279.93" HC="1.68" NOx="6.87" PMx="0.39" fuel="6.94" electricity="0.00" noise="76.61" route="routetop" type="cfm-fast" waiting="0.00" lane="left_0" pos="11.56" speed="28.72" angle="163.65" x="-0.46" y="39.25"/>
        <vehicle id="cfm-fast_4" eclass="HBEFA3/PC_G_EU4" CO2="39934.00" CO="1978.13" HC="10.13" NOx="17.31" PMx="1.54" fuel="17.17" electricity="0.00" noise="92.71" route="routebottom" type="cfm-fast" waiting="0.00" lane="bottom_1" pos="47.29" speed="75.46" angle="9.43" x="128.74" y="58.09"/>
        <vehicle id="cfm-fast_5" eclass="HBEFA3/PC_G_EU4" CO2="11854.17" CO="201.57" HC="1.22" NOx="4.82" PMx="0.29" fuel="5.10" electricity="0.00" noise="75.45" route="routetop" type="cfm-fast" waiting="0.00" lane="left_0" pos="31.43" speed="30.13" angle="127.95" x="25.86" y="6.42"/>
        <vehicle id="cfm-slow_0" eclass="HBEFA3/PC_G_EU4" CO2="0.00" CO="0.00" HC="0.00" NOx="0.00" PMx="0.00" fuel="0.00" electricity="0.00" noise="73.91" route="routebottom" type="cfm-slow" waiting="0.00" lane="bottom_0" pos="2.71" speed="30.82" angle="89.63" x="69.59" y="-4.69"/>
        <vehicle id="cfm-slow_1" eclass="HBEFA3/PC_G_EU4" CO2="0.00" CO="0.00" HC="0.00" NOx="0.00" PMx="0.00" fuel="0.00" electricity="0.00" noise="72.88" route="routebottom" type="cfm-slow" waiting="0.00" lane="bottom_0" pos="28.60" speed="30.46" angle="43.01" x="117.33" y="20.94"/>
        <vehicle id="cfm-slow_2" eclass="HBEFA3/PC_G_EU4" CO2="0.00" CO="0.00" HC="0.00" NOx="0.00" PMx="0.00" fuel="0.00" electricity="0.00" noise="72.08" route="routebottom" type="cfm-slow" waiting="0.00" lane="right_0" pos="4.02" speed="29.19" angle="357.29" x="131.71" y="72.39"/>
        <vehicle id="cfm-slow_3" eclass="HBEFA3/PC_G_EU4" CO2="0.00" CO="0.00" HC="0.00" NOx="0.00" PMx="0.00" fuel="0.00" electricity="0.00" noise="71.50" route="routebottom" type="cfm-slow" waiting="0.00" lane="right_0" pos="28.09" speed="27.60" angle="313.90" x="107.25" y="116.64"/>
        <vehicle id="cfm-slow_4" eclass="HBEFA3/PC_G_EU4" CO2="0.00" CO="0.00" HC="0.00" NOx="0.00" PMx="0.00" fuel="0.00" electricity="0.00" noise="71.81" route="routetop" type="cfm-slow" waiting="0.00" lane="top_0" pos="0.55" speed="26.46" angle="273.48" x="62.39" y="132.25"/>
        <vehicle id="cfm-slow_5" eclass="HBEFA3/PC_G_EU4" CO2="10220.78" CO="145.37" HC="0.92" NOx="4.13" PMx="0.23" fuel="4.39" electricity="0.00" noise="73.70" route="routetop" type="cfm-slow" waiting="0.00" lane="top_0" pos="21.91" speed="26.32" angle="235.03" x="20.07" y="116.63"/>
    </timestep>
    <timestep time="9.23">
        <vehicle id="cfm-fast_0" eclass="HBEFA3/PC_G_EU4" CO2="55860.03" CO="2275.56" HC="11.88" NOx="24.83" PMx="1.95" fuel="24.01" electricity="0.00" noise="95.66" route="routetop" type="cfm-fast" waiting="0.00" lane="top_1" pos="15.32" speed="74.78" angle="246.89" x="33.42" y="121.55"/>
        <vehicle id="cfm-fast_1" eclass="HBEFA3/PC_G_EU4" CO2="15295.94" CO="254.15" HC="1.54" NOx="6.50" PMx="0.36" fuel="6.57" electricity="0.00" noise="75.96" route="routetop" type="cfm-fast" waiting="0.00" lane="top_0" pos="43.51" speed="27.23" angle="196.25" x="-3.51" y="77.63"/>
        <vehicle id="cfm-fast_2" eclass="HBEFA3/PC_G_EU4" CO2="37858.82" CO="1939.63" HC="9.91" NOx="16.33" PMx="1.49" fuel="16.27" electricity="0.00" noise="92.35" route="routetop" type="cfm-fast" waiting="0.00" lane="left_1" pos="31.39" speed="75.55" angle="127.99" x="27.63" y="9.21"/>
        <vehicle id="cfm-fast_3" eclass="HBEFA3/PC_G_EU4" CO2="16098.30" CO="279.25" HC="1.68" NOx="6.85" PMx="0.39" fuel="6.92" electricity="0.00" noise="76.60" route="routetop" type="cfm-fast" waiting="0.00" lane="left_0" pos="11.84" speed="28.73" angle="163.14" x="-0.23" y="38.68"/>
        <vehicle id="cfm-fast_4" eclass="HBEFA3/PC_G_EU4" CO2="39945.69" CO="1978.42" HC="10.13" NOx="17.31" PMx="1.54" fuel="17.17" electricity="0.00" noise="92.71" route="routebottom" type="cfm-fast" waiting="0.00" lane="bottom_1" pos="48.05" speed="75.46" angle="8.05" x="128.84" y="59.63"/>
        <vehicle id="cfm-fast_5" eclass="HBEFA3/PC_G_EU4" CO2="11779.35" CO="200.08" HC="1.21" NOx="4.78" PMx="0.28" fuel="5.06" electricity="0.00" noise="75.43" route="routetop" type="cfm-fast" waiting="0.00" lane="left_0" pos="31.74" speed="30.14" angle="127.40" x="26.40" y="6.06"/>
        <vehicle id="cfm-slow_0" eclass="HBEFA3/PC_G_EU4" CO2="0.00" CO="0.00" HC="0.00" NOx="0.00" PMx="0.00" fuel="0.00" electricity="0.00" noise="73.89" route="routebottom" type="cfm-slow" waiting="0.00" lane="bottom_0" pos="3.02" speed="30.82" angle="89.08" x="70.25" y="-4.62"/>
        <vehicle id="cfm-slow_1" eclass="HBEFA3/PC_G_EU4" CO2="0.00" CO="0.00" HC="0.00" NOx="0.00" PMx="0.00" fuel="0.00" electricity="0.00" noise="72.88" route="routebottom" type="cfm-slow" waiting="0.00" lane="bottom_0" pos="28.91" speed="30.44" angle="42.44" x="117.73" y="21.45"/>
        <vehicle id="cfm-slow_2" eclass="HBEFA3/PC_G_EU4" CO2="0.00" CO="0.00" HC="0.00" NOx="0.00" PMx="0.00" fuel="0.00" electricity="0.00" noise="72.08" route="routebottom" type="cfm-slow" waiting="0.00" lane="right_0" pos="4.32" speed="29.17" angle="356.76" x="131.62" y="73.02"/>
        <vehicle id="cfm-slow_3" eclass="HBEFA3/PC_G_EU4" CO2="0.00" CO="0.00" HC="0.00" NOx="0.00" PMx="0.00" fuel="0.00" electricity="0.00" noise="71.50" route="routebottom" type="cfm-slow" waiting="0.00" lane="right_0" pos="28.37" speed="27.59" angle="313.45" x="106.79" y="117.02"/>
        <vehicle id="cfm-slow_4" eclass="HBEFA3/PC_G_EU4" CO2="0.00" CO="0.00" HC="0.00" NOx="0.00" PMx="0.00" fuel="0.00" electricity="0.00" noise="71.82" route="routetop" type="cfm-slow" waiting="0.00" lane="top_0" pos="0.82" speed="26.46" angle="273.00" x="61.82" y="132.24"/>
        <vehicle id="cfm-slow_5" eclass="HBEFA3/PC_G_EU4" CO2="10270.71" CO="146.44" HC="0.92" NOx="4.15" PMx="0.23" fuel="4.41" electricity="0.00" noise="73.72" route="routetop" type="cfm-slow" waiting="0.00" lane="top_0" pos="22.18" speed="26.33" angle="234.54" x="19.64" y="116.27"/>
    </timestep>
    <timestep time="9.24">
        <vehicle id="cfm-fast_0" eclass="HBEFA3/PC_G_EU4" CO2="55664.65" CO="2271.97" HC="11.86" NOx="24.74" PMx="1.94" fuel="23.93" electricity="0.00" noise="95.62" route="routetop" type="cfm-fast" waiting="0.00" lane="top_1" pos="16.07" speed="74.79" angle="245.58" x="32.07" y="120.81"/>
        <vehicle id="cfm-fast_1" eclass="HBEFA3/PC_G_EU4" CO2="15306.51" CO="254.44" HC="1.54" NOx="6.51" PMx="0.36" fuel="6.58" electricity="0.00" noise="75.97" route="routetop" type="cfm-fast" waiting="0.00" lane="top_0" pos="43.78" speed="27.24" angle="195.80" x="-3.63" y="77.06"/>
        <vehicle id="cfm-fast_2" eclass="HBEFA3/PC_G_EU4" CO2="37860.27" CO="1939.67" HC="9.91" NOx="16.33" PMx="1.49" fuel="16.27" electricity="0.00" noise="92.36" route="routetop" type="cfm-fast" waiting="0.00" lane="left_1" pos="32.15" speed="75.55" angle="126.69" x="28.92" y="8.36"/>
        <vehicle id="cfm-fast_3" eclass="HBEFA3/PC_G_EU4" CO2="16060.57" CO="278.56" HC="1.67" NOx="6.83" PMx="0.39" fuel="6.90" electricity="0.00" noise="76.58" route="routetop" type="cfm-fast" waiting="0.00" lane="left_0" pos="12.13" speed="28.75" angle="162.63" x="0.00" y="38.10"/>
        <vehicle id="cfm-fast_4" eclass="HBEFA3/PC_G_EU4" CO2="39956.80" CO="1978.71" HC="10.14" NOx="17.32" PMx="1.54" fuel="17.18" electricity="0.00" noise="92.71" route="routebottom" type="cfm-fast" waiting="0.00" lane="bottom_1" pos="48.80" speed="75.46" angle="6.67" x="128.92" y="61.18"/>
        <vehicle id="cfm-fast_5" eclass="HBEFA3/PC_G_EU4" CO2="11704.46" CO="198.60" HC="1.20" NOx="4.75" PMx="0.28" fuel="5.03" electricity="0.00" noise="75.41" route="routetop" type="cfm-fast" waiting="0.00" lane="left_0" pos="32.04" speed="30.15" angle="126.91" x="26.94" y="5.70"/>
        <vehicle id="cfm-slow_0" eclass="HBEFA3/PC_G_EU4" CO2="0.00" CO="0.00" HC="0.00" NOx="0.00" PMx="0.00" fuel="0.00" electricity="0.00" noise="73.88" route="routebottom" type="cfm-slow" waiting="0.00" lane="bottom_0" pos="3.33" speed="30.82" angle="88.52" x="70.91" y="-4.55"/>
        <vehicle id="cfm-slow_1" eclass="HBEFA3/PC_G_EU4" CO2="0.00" CO="0.00" HC="0.00" NOx="0.00" PMx="0.00" fuel="0.00" electricity="0.00" noise="72.87" route="routebottom" type="cfm-slow" waiting="0.00" lane="bottom_0" pos="29.21" speed="30.43" angle="41.88" x="118.13" y="21.97"/>
        <vehicle id="cfm-slow_2" eclass="HBEFA3/PC_G_EU4" CO2="0.00" CO="0.00" HC="0.00" NOx="0.00" PMx="0.00" fuel="0.00" electricity="0.00" noise="72.07" route="routebottom" type="cfm-slow" waiting="0.00" lane="right_0" pos="4.61" speed="29.15" angle="356.24" x="131.54" y="73.64"/>
        <vehicle id="cfm-slow_3" eclass="HBEFA3/PC_G_EU4" CO2="0.00" CO="0.00" HC="0.00" NOx="0.00" PMx="0.00" fuel="0.00" electricity="0.00" noise="71.49" route="routebottom" type="cfm-slow" waiting="0.00" lane="right_0" pos="28.64" speed="27.58" angle="312.94" x="106.32" y="117.38"/>
        <vehicle id="cfm-slow_4" eclass="HBEFA3/PC_G_EU4" CO2="0.00" CO="0.00" HC="0.00" NOx="0.00" PMx="0.00" fuel="0.00" electricity="0.00" noise="71.83" route="routetop" type="cfm-slow" waiting="0.00" lane="top_0" pos="1.08" speed="26.46" angle="272.52" x="61.25" y="132.23"/>
        <vehicle id="cfm-slow_5" eclass="HBEFA3/PC_G_EU4" CO2="10320.28" CO="147.49" HC="0.93" NOx="4.18" PMx="0.23" fuel="4.44" electricity="0.00" noise="73.74" route="routetop" type="cfm-slow" waiting="0.00" lane="top_0" pos="22.44" speed="26.33" angle="234.05" x="19.20" y="115.90"/>
    </timestep>
    <timestep time="9.25">
        <vehicle id="cfm-fast_0" eclass="HBEFA3/PC_G_EU4" CO2="55471.18" CO="2268.41" HC="11.84" NOx="24.65" PMx="1.94" fuel="23.84" electricity="0.00" noise="95.58" route="routetop" type="cfm-fast" waiting="0.00" lane="top_1" pos="16.82" speed="74.80" angle="244.27" x="30.74" y="120.06"/>
        <vehicle id="cfm-fast_1" eclass="HBEFA3/PC_G_EU4" CO2="15316.64" CO="254.72" HC="1.54" NOx="6.51" PMx="0.36" fuel="6.58" electricity="0.00" noise="75.98" route="routetop" type="cfm-fast" waiting="0.00" lane="top_0" pos="44.05" speed="27.26" angle="195.29" x="-3.74" y="76.48"/>
        <vehicle id="cfm-fast_2" eclass="HBEFA3/PC_G_EU4" CO2="37861.98" CO="1939.71" HC="9.91" NOx="16.33" PMx="1.49" fuel="16.28" electricity="0.00" noise="92.36" route="routetop" type="cfm-fast" waiting="0.00" lane="left_1" pos="32.91" speed="75.55" angle="125.27" x="30.25" y="7.56"/>
        <vehicle id="cfm-fast_3" eclass="HBEFA3/PC_G_EU4" CO2="16022.47" CO="277.87" HC="1.67" NOx="6.81" PMx="0.39" fuel="6.89" electricity="0.00" noise="76.57" route="routetop" type="cfm-fast" waiting="0.00" lane="left_0" pos="12.42" speed="28.76" angle="162.12" x="0.23" y="37.53"/>
        <vehicle id="cfm-fast_4" eclass="HBEFA3/PC_G_EU4" CO2="39967.34" CO="1978.98" HC="10.14" NOx="17.32" PMx="1.54" fuel="17.18" electricity="0.00" noise="92.71" route="routebottom" type="cfm-fast" waiting="0.00" lane="bottom_1" pos="49.56" speed="75.46" angle="5.28" x="128.95" y="62.73"/>
        <vehicle id="cfm-fast_5" eclass="HBEFA3/PC_G_EU4" CO2="11629.52" CO="197.11" HC="1.19" NOx="4.71" PMx="0.28" fuel="5.00" electricity="0.00" noise="75.39" route="routetop" type="cfm-fast" waiting="0.00" lane="left_0" pos="32.34" speed="30.16" angle="126.36" x="27.50" y="5.36"/>
        <vehicle id="cfm-slow_0" eclass="HBEFA3/PC_G_EU4" CO2="0.00" CO="0.00" HC="0.00" NOx="0.00" PMx="0.00" fuel="0.00" electricity="0.00" noise="73.87" route="routebottom" type="cfm-slow" waiting="0.00" lane="bottom_0" pos="3.64" speed="30.81" angle="87.97" x="71.57" y="-4.49"/>
        <vehicle id="cfm-slow_1" eclass="HBEFA3/PC_G_EU4" CO2="0.00" CO="0.00" HC="0.00" NOx="0.00" PMx="0.00" fuel="0.00" electricity="0.00" noise="72.86" route="routebottom" type="cfm-slow" waiting="0.00" lane="bottom_0" pos="29.51" speed="30.42" angle="41.38" x="118.54" y="22.49"/>
        <vehicle id="cfm-slow_2" eclass="HBEFA3/PC_G_EU4" CO2="0.00" CO="0.00" HC="0.00" NOx="0.00" PMx="0.00" fuel="0.00" electricity="0.00" noise="72.06" route="routebottom" type="cfm-slow" waiting="0.00" lane="right_0" pos="4.90" speed="29.14" angle="355.71" x="131.45" y="74.26"/>
        <vehicle id="cfm-slow_3" eclass="HBEFA3/PC_G_EU4" CO2="0.00" CO="0.00" HC="0.00" NOx="0.00" PMx="0.00" fuel="0.00" electricity="0.00" noise="71.49" route="routebottom" type="cfm-slow" waiting="0.00" lane="right_0" pos="28.92" speed="27.56" angle="312.44" x="105.85" y="117.75"/>
        <vehicle id="cfm-slow_4" eclass="HBEFA3/PC_G_EU4" CO2="0.00" CO="0.00" HC="0.00" NOx="0.00" PMx="0.00" fuel="0.00" electricity="0.00" noise="71.85" route="routetop" type="cfm-slow" waiting="0.00" lane="top_0" pos="1.34" speed="26.45" angle="272.06" x="60.68" y="132.21"/>
        <vehicle id="cfm-slow_5" eclass="HBEFA3/PC_G_EU4" CO2="10369.49" CO="148.54" HC="0.94" NOx="4.20" PMx="0.23" fuel="4.46" electricity="0.00" noise="73.76" route="routetop" type="cfm-slow" waiting="0.00" lane="top_0" pos="22.70" speed="26.34" angle="233.55" x="18.77" y="115.54"/>
    </timestep>
    <timestep time="9.26">
        <vehicle id="cfm-fast_0" eclass="HBEFA3/PC_G_EU4" CO2="55279.61" CO="2264.89" HC="11.82" NOx="24.56" PMx="1.93" fuel="23.76" electricity="0.00" noise="95.55" route="routetop" type="cfm-fast" waiting="0.00" lane="top_1" pos="17.56" speed="74.81" angle="242.90" x="29.42" y="119.27"/>
        <vehicle id="cfm-fast_1" eclass="HBEFA3/PC_G_EU4" CO2="15326.33" CO="255.00" HC="1.54" NOx="6.52" PMx="0.37" fuel="6.59" electricity="0.00" noise="75.98" route="routetop" type="cfm-fast" waiting="0.00" lane="top_0" pos="44.33" speed="27.27" angle="194.78" x="-3.84" y="75.90"/>
        <vehicle id="cfm-fast_2" eclass="HBEFA3/PC_G_EU4" CO2="37863.94" CO="1939.75" HC="9.91" NOx="16.33" PMx="1.49" fuel="16.28" electricity="0.00" noise="92.36" route="routetop" type="cfm-fast" waiting="0.00" lane="left_1" pos="33.66" speed="75.55" angle="123.94" x="31.59" y="6.78"/>
        <vehicle id="cfm-fast_3" eclass="HBEFA3/PC_G_EU4" CO2="15984.00" CO="277.17" HC="1.66" NOx="6.80" PMx="0.39" fuel="6.87" electricity="0.00" noise="76.56" route="routetop" type="cfm-fast" waiting="0.00" lane="left_0" pos="12.71" speed="28.78" angle="161.63" x="0.46" y="36.95"/>
        <vehicle id="cfm-fast_4" eclass="HBEFA3/PC_G_EU4" CO2="39977.32" CO="1979.24" HC="10.14" NOx="17.33" PMx="1.54" fuel="17.18" electricity="0.00" noise="92.72" route="routebottom" type="cfm-fast" waiting="0.00" lane="right_1" pos="0.31" speed="75.46" angle="3.92" x="128.96" y="64.33"/>
        <vehicle id="cfm-fast_5" eclass="HBEFA3/PC_G_EU4" CO2="11554.54" CO="195.62" HC="1.18" NOx="4.68" PMx="0.28" fuel="4.97" electricity="0.00" noise="75.37" route="routetop" type="cfm-fast" waiting="0.00" lane="left_0" pos="32.64" speed="30.16" angle="125.80" x="28.05" y="5.03"/>
        <vehicle id="cfm-slow_0" eclass="HBEFA3/PC_G_EU4" CO2="0.00" CO="0.00" HC="0.00" NOx="0.00" PMx="0.00" fuel="0.00" electricity="0.00" noise="73.85" route="routebottom" type="cfm-slow" waiting="0.00" lane="bottom_0" pos="3.95" speed="30.81" angle="87.43" x="72.23" y="-4.41"/>
        <vehicle id="cfm-slow_1" eclass="HBEFA3/PC_G_EU4" CO2="0.00" CO="0.00" HC="0.00" NOx="0.00" PMx="0.00" fuel="0.00" electricity="0.00" noise="72.85" route="routebottom" type="cfm-slow" waiting="0.00" lane="bottom_0" pos="29.82" speed="30.41" angle="40.82" x="118.92" y="23.02"/>
        <vehicle id="cfm-slow_2" eclass="HBEFA3/PC_G_EU4" CO2="0.00" CO="0.00" HC="0.00" NOx="0.00" PMx="0.00" fuel="0.00" electricity="0.00" noise="72.06" route="routebottom" type="cfm-slow" waiting="0.00" lane="right_0" pos="5.19" speed="29.12" angle="355.13" x="131.35" y="74.88"/>
        <vehicle id="cfm-slow_3" eclass="HBEFA3/PC_G_EU4" CO2="0.00" CO="0.00" HC="0.00" NOx="0.00" PMx="0.00" fuel="0.00" electricity="0.00" noise="71.49" route="routebottom" type="cfm-slow" waiting="0.00" lane="right_0" pos="29.20" speed="27.55" angle="311.94" x="105.38" y="118.11"/>
        <vehicle id="cfm-slow_4" eclass="HBEFA3/PC_G_EU4" CO2="0.00" CO="0.00" HC="0.00" NOx="0.00" PMx="0.00" fuel="0.00" electricity="0.00" noise="71.86" route="routetop" type="cfm-slow" waiting="0.00" lane="top_0" pos="1.61" speed="26.45" angle="271.59" x="60.11" y="132.17"/>
        <vehicle id="cfm-slow_5" eclass="HBEFA3/PC_G_EU4" CO2="10418.34" CO="149.58" HC="0.94" NOx="4.22" PMx="0.23" fuel="4.48" electricity="0.00" noise="73.78" route="routetop" type="cfm-slow" waiting="0.00" lane="top_0" pos="22.97" speed="26.35" angle="233.08" x="18.34" y="115.17"/>
    </timestep>
    <timestep time="9.27">
        <vehicle id="cfm-fast_0" eclass="HBEFA3/PC_G_EU4" CO2="55089.92" CO="2261.41" HC="11.80" NOx="24.47" PMx="1.93" fuel="23.68" electricity="0.00" noise="95.51" route="routetop" type="cfm-fast" waiting="0.00" lane="top_1" pos="18.31" speed="74.82" angle="241.57" x="28.12" y="118.45"/>
        <vehicle id="cfm-fast_1" eclass="HBEFA3/PC_G_EU4" CO2="15335.57" CO="255.26" HC="1.55" NOx="6.52" PMx="0.37" fuel="6.59" electricity="0.00" noise="75.99" route="routetop" type="cfm-fast" waiting="0.00" lane="top_0" pos="44.60" speed="27.29" angle="194.27" x="-3.95" y="75.32"/>
        <vehicle id="cfm-fast_2" eclass="HBEFA3/PC_G_EU4" CO2="37866.16" CO="1939.81" HC="9.91" NOx="16.33" PMx="1.49" fuel="16.28" electricity="0.00" noise="92.36" route="routetop" type="cfm-fast" waiting="0.00" lane="left_1" pos="34.42" speed="75.55" angle="122.58" x="32.94" y="6.03"/>
        <vehicle id="cfm-fast_3" eclass="HBEFA3/PC_G_EU4" CO2="15945.17" CO="276.46" HC="1.66" NOx="6.78" PMx="0.39" fuel="6.85" electricity="0.00" noise="76.54" route="routetop" type="cfm-fast" waiting="0.00" lane="left_0" pos="12.99" speed="28.79" angle="161.14" x="0.71" y="36.39"/>
        <vehicle id="cfm-fast_4" eclass="HBEFA3/PC_G_EU4" CO2="39986.74" CO="1979.49" HC="10.14" NOx="17.33" PMx="1.54" fuel="17.19" electricity="0.00" noise="92.72" route="routebottom" type="cfm-fast" waiting="0.00" lane="right_1" pos="1.07" speed="75.46" angle="2.54" x="128.93" y="65.88"/>
        <vehicle id="cfm-fast_5" eclass="HBEFA3/PC_G_EU4" CO2="11479.51" CO="194.13" HC="1.18" NOx="4.64" PMx="0.28" fuel="4.93" electricity="0.00" noise="75.35" route="routetop" type="cfm-fast" waiting="0.00" lane="left_0" pos="32.94" speed="30.17" angle="125.23" x="28.61" y="4.69"/>
        <vehicle id="cfm-slow_0" eclass="HBEFA3/PC_G_EU4" CO2="0.00" CO="0.00" HC="0.00" NOx="0.00" PMx="0.00" fuel="0.00" electricity="0.00" noise="73.84" route="routebottom" type="cfm-slow" waiting="0.00" lane="bottom_0" pos="4.25" speed="30.81" angle="86.87" x="72.88" y="-4.32"/>
        <vehicle id="cfm-slow_1" eclass="HBEFA3/PC_G_EU4" CO2="0.00" CO="0.00" HC="0.00" NOx="0.00" PMx="0.00" fuel="0.00" electricity="0.00" noise="72.84" route="routebottom" type="cfm-slow" waiting="0.00" lane="bottom_0" pos="30.12" speed="30.40" angle="40.26" x="119.30" y="23.55"/>
        <vehicle id="cfm-slow_2" eclass="HBEFA3/PC_G_EU4" CO2="0.00" CO="0.00" HC="0.00" NOx="0.00" PMx="0.00" fuel="0.00" electricity="0.00" noise="72.05" route="routebottom" type="cfm-slow" waiting="0.00" lane="right_0" pos="5.48" speed="29.11" angle="354.59" x="131.24" y="75.49"/>
        <vehicle id="cfm-slow_3" eclass="HBEFA3/PC_G_EU4" CO2="0.00" CO="0.00" HC="0.00" NOx="0.00" PMx="0.00" fuel="0.00" electricity="0.00" noise="71.49" route="routebottom" type="cfm-slow" waiting="0.00" lane="right_0" pos="29.47" speed="27.54" angle="311.49" x="104.92" y="118.48"/>
        <vehicle id="cfm-slow_4" eclass="HBEFA3/PC_G_EU4" CO2="0.00" CO="0.00" HC="0.00" NOx="0.00" PMx="0.00" fuel="0.00" electricity="0.00" noise="71.87" route="routetop" type="cfm-slow" waiting="0.00" lane="top_0" pos="1.87" speed="26.45" angle="271.11" x="59.54" y="132.14"/>
        <vehicle id="cfm-slow_5" eclass="HBEFA3/PC_G_EU4" CO2="10466.83" CO="150.62" HC="0.95" NOx="4.25" PMx="0.24" fuel="4.50" electricity="0.00" noise="73.80" route="routetop" type="cfm-slow" waiting="0.00" lane="top_0" pos="23.23" speed="26.36" angle="232.66" x="17.91" y="114.79"/>
    </timestep>
    <timestep time="9.28">
        <vehicle id="cfm-fast_0" eclass="HBEFA3/PC_G_EU4" CO2="54902.11" CO="2257.96" HC="11.78" NOx="24.38" PMx="1.92" fuel="23.60" electricity="0.00" noise="95.47" route="routetop" type="cfm-fast" waiting="0.00" lane="top_1" pos="19.06" speed="74.83" angle="240.14" x="26.85" y="117.60"/>
        <vehicle id="cfm-fast_1" eclass="HBEFA3/PC_G_EU4" CO2="15344.37" CO="255.52" HC="1.55" NOx="6.53" PMx="0.37" fuel="6.60" electricity="0.00" noise="76.00" route="routetop" type="cfm-fast" waiting="0.00" lane="top_0" pos="44.87" speed="27.30" angle="193.82" x="-4.05" y="74.75"/>
        <vehicle id="cfm-fast_2" eclass="HBEFA3/PC_G_EU4" CO2="37868.61" CO="1939.86" HC="9.91" NOx="16.33" PMx="1.49" fuel="16.28" electricity="0.00" noise="92.36" route="routetop" type="cfm-fast" waiting="0.00" lane="left_1" pos="35.17" speed="75.55" angle="121.26" x="34.32" y="5.32"/>
        <vehicle id="cfm-fast_3" eclass="HBEFA3/PC_G_EU4" CO2="15905.97" CO="275.74" HC="1.66" NOx="6.76" PMx="0.39" fuel="6.84" electricity="0.00" noise="76.53" route="routetop" type="cfm-fast" waiting="0.00" lane="left_0" pos="13.28" speed="28.80" angle="160.60" x="0.96" y="35.82"/>
        <vehicle id="cfm-fast_4" eclass="HBEFA3/PC_G_EU4" CO2="39995.62" CO="1979.73" HC="10.14" NOx="17.34" PMx="1.54" fuel="17.19" electricity="0.00" noise="92.72" route="routebottom" type="cfm-fast" waiting="0.00" lane="right_1" pos="1.82" speed="75.46" angle="1.21" x="128.86" y="67.42"/>
        <vehicle id="cfm-fast_5" eclass="HBEFA3/PC_G_EU4" CO2="11404.45" CO="192.64" HC="1.17" NOx="4.60" PMx="0.27" fuel="4.90" electricity="0.00" noise="75.33" route="routetop" type="cfm-fast" waiting="0.00" lane="left_0" pos="33.24" speed="30.18" angle="124.68" x="29.16" y="4.36"/>
        <vehicle id="cfm-slow_0" eclass="HBEFA3/PC_G_EU4" CO2="0.00" CO="0.00" HC="0.00" NOx="0.00" PMx="0.00" fuel="0.00" electricity="0.00" noise="73.83" route="routebottom" type="cfm-slow" waiting="0.00" lane="bottom_0" pos="4.56" speed="30.80" angle="86.32" x="73.54" y="-4.23"/>
        <vehicle id="cfm-slow_1" eclass="HBEFA3/PC_G_EU4" CO2="0.00" CO="0.00" HC="0.00" NOx="0.00" PMx="0.00" fuel="0.00" electricity="0.00" noise="72.84" route="routebottom" type="cfm-slow" waiting="0.00" lane="bottom_0" pos="30.43" speed="30.38" angle="39.71" x="119.68" y="24.08"/>
        <vehicle id="cfm-slow_2" eclass="HBEFA3/PC_G_EU4" CO2="0.00" CO="0.00" HC="0.00" NOx="0.00" PMx="0.00" fuel="0.00" electricity="0.00" noise="72.05" route="routebottom" type="cfm-slow" waiting="0.00" lane="right_0" pos="5.77" speed="29.09" angle="354.04" x="131.12" y="76.11"/>
        <vehicle id="cfm-slow_3" eclass="HBEFA3/PC_G_EU4" CO2="0.00" CO="0.00" HC="0.00" NOx="0.00" PMx="0.00" fuel="0.00" electricity="0.00" noise="71.50" route="routebottom" type="cfm-slow" waiting="0.00" lane="right_0" pos="29.75" speed="27.53" angle="310.98" x="104.44" y="118.83"/>
        <vehicle id="cfm-slow_4" eclass="HBEFA3/PC_G_EU4" CO2="0.00" CO="0.00" HC="0.00" NOx="0.00" PMx="0.00" fuel="0.00" electricity="0.00" noise="71.89" route="routetop" type="cfm-slow" waiting="0.00" lane="top_0" pos="2.14" speed="26.45" angle="270.64" x="58.97" y="132.11"/>
        <vehicle id="cfm-slow_5" eclass="HBEFA3/PC_G_EU4" CO2="10514.95" CO="151.65" HC="0.95" NOx="4.27" PMx="0.24" fuel="4.52" electricity="0.00" noise="73.82" route="routetop" type="cfm-slow" waiting="0.00" lane="top_0" pos="23.50" speed="26.37" angle="232.19" x="17.50" y="114.41"/>
    </timestep>
    <timestep time="9.29">
        <vehicle id="cfm-fast_0" eclass="HBEFA3/PC_G_EU4" CO2="54716.15" CO="2254.54" HC="11.76" NOx="24.29" PMx="1.92" fuel="23.52" electricity="0.00" noise="95.44" route="routetop" type="cfm-fast" waiting="0.00" lane="top_1" pos="19.81" speed="74.84" angle="238.80" x="25.60" y="116.71"/>
        <vehicle id="cfm-fast_1" eclass="HBEFA3/PC_G_EU4" CO2="15352.73" CO="255.76" HC="1.55" NOx="6.53" PMx="0.37" fuel="6.60" electricity="0.00" noise="76.00" route="routetop" type="cfm-fast" waiting="0.00" lane="top_0" pos="45.14" speed="27.32" angle="193.34" x="-4.14" y="74.17"/>
        <vehicle id="cfm-fast_2" eclass="HBEFA3/PC_G_EU4" CO2="37871.30" CO="1939.92" HC="9.91" NOx="16.33" PMx="1.49" fuel="16.28" electricity="0.00" noise="92.36" route="routetop" type="cfm-fast" waiting="0.00" lane="left_1" pos="35.93" speed="75.55" angle="119.93" x="35.70" y="4.63"/>
        <vehicle id="cfm-fast_3" eclass="HBEFA3/PC_G_EU4" CO2="15866.42" CO="275.02" HC="1.65" NOx="6.74" PMx="0.38" fuel="6.82" electricity="0.00" noise="76.52" route="routetop" type="cfm-fast" waiting="0.00" lane="left_0" pos="13.57" speed="28.82" angle="160.06" x="1.22" y="35.26"/>
        <vehicle id="cfm-fast_4" eclass="HBEFA3/PC_G_EU4" CO2="40003.96" CO="1979.96" HC="10.14" NOx="17.34" PMx="1.54" fuel="17.20" electricity="0.00" noise="92.72" route="routebottom" type="cfm-fast" waiting="0.00" lane="right_1" pos="2.58" speed="75.47" angle="359.88" x="128.76" y="68.97"/>
        <vehicle id="cfm-fast_5" eclass="HBEFA3/PC_G_EU4" CO2="11329.35" CO="191.14" HC="1.16" NOx="4.57" PMx="0.27" fuel="4.87" electricity="0.00" noise="75.31" route="routetop" type="cfm-fast" waiting="0.00" lane="left_0" pos="33.55" speed="30.19" angle="124.17" x="29.73" y="4.04"/>
        <vehicle id="cfm-slow_0" eclass="HBEFA3/PC_G_EU4" CO2="0.00" CO="0.00" HC="0.00" NOx="0.00" PMx="0.00" fuel="0.00" electricity="0.00" noise="73.81" route="routebottom" type="cfm-slow" waiting="0.00" lane="bottom_0" pos="4.87" speed="30.80" angle="85.76" x="74.20" y="-4.13"/>
        <vehicle id="cfm-slow_1" eclass="HBEFA3/PC_G_EU4" CO2="0.00" CO="0.00" HC="0.00" NOx="0.00" PMx="0.00" fuel="0.00" electricity="0.00" noise="72.83" route="routebottom" type="cfm-slow" waiting="0.00" lane="bottom_0" pos="30.73" speed="30.37" angle="39.19" x="120.07" y="24.61"/>
        <vehicle id="cfm-slow_2" eclass="HBEFA3/PC_G_EU4" CO2="0.00" CO="0.00" HC="0.00" NOx="0.00" PMx="0.00" fuel="0.00" electricity="0.00" noise="72.04" route="routebottom" type="cfm-slow" waiting="0.00" lane="right_0" pos="6.06" speed="29.08" angle="353.50" x="131.01" y="76.72"/>
        <vehicle id="cfm-slow_3" eclass="HBEFA3/PC_G_EU4" CO2="0.00" CO="0.00" HC="0.00" NOx="0.00" PMx="0.00" fuel="0.00" electricity="0.00" noise="71.50" route="routebottom" type="cfm-slow" waiting="0.00" lane="right_0" pos="30.02" speed="27.52" angle="310.47" x="103.96" y="119.17"/>
        <vehicle id="cfm-slow_4" eclass="HBEFA3/PC_G_EU4" CO2="0.00" CO="0.00" HC="0.00" NOx="0.00" PMx="0.00" fuel="0.00" electricity="0.00" noise="71.90" route="routetop" type="cfm-slow" waiting="0.00" lane="top_0" pos="2.40" speed="26.45" angle="270.16" x="58.41" y="132.07"/>
        <vehicle id="cfm-slow_5" eclass="HBEFA3/PC_G_EU4" CO2="10562.71" CO="152.67" HC="0.96" NOx="4.29" PMx="0.24" fuel="4.54" electricity="0.00" noise="73.84" route="routetop" type="cfm-slow" waiting="0.00" lane="top_0" pos="23.76" speed="26.38" angle="231.71" x="17.08" y="114.02"/>
    </timestep>
    <timestep time="9.30">
        <vehicle id="cfm-fast_0" eclass="HBEFA3/PC_G_EU4" CO2="54532.03" CO="2251.15" HC="11.74" NOx="24.20" PMx="1.91" fuel="23.44" electricity="0.00" noise="95.40" route="routetop" type="cfm-fast" waiting="0.00" lane="top_1" pos="20.56" speed="74.85" angle="237.47" x="24.35" y="115.81"/>
        <vehicle id="cfm-fast_1" eclass="HBEFA3/PC_G_EU4" CO2="15360.66" CO="256.00" HC="1.55" NOx="6.53" PMx="0.37" fuel="6.60" electricity="0.00" noise="76.01" route="routetop" type="cfm-fast" waiting="0.00" lane="top_0" pos="45.42" speed="27.33" angle="192.83" x="-4.22" y="73.58"/>
        <vehicle id="cfm-fast_2" eclass="HBEFA3/PC_G_EU4" CO2="37874.20" CO="1939.99" HC="9.91" NOx="16.33" PMx="1.49" fuel="16.28" electricity="0.00" noise="92.36" route="routetop" type="cfm-fast" waiting="0.00" lane="left_1" pos="36.68" speed="75.55" angle="118.49" x="37.12" y="4.00"/>
        <vehicle id="cfm-fast_3" eclass="HBEFA3/PC_G_EU4" CO2="15826.51" CO="274.28" HC="1.65" NOx="6.72" PMx="0.38" fuel="6.80" electricity="0.00" noise="76.50" route="routetop" type="cfm-fast" waiting="0.00" lane="left_0" pos="13.86" speed="28.83" angle="159.53" x="1.47" y="34.69"/>
        <vehicle id="cfm-fast_4" eclass="HBEFA3/PC_G_EU4" CO2="40011.78" CO="1980.18" HC="10.14" NOx="17.34" PMx="1.55" fuel="17.20" electricity="0.00" noise="92.72" route="routebottom" type="cfm-fast" waiting="0.00" lane="right_1" pos="3.33" speed="75.47" angle="358.51" x="128.61" y="70.51"/>
        <vehicle id="cfm-fast_5" eclass="HBEFA3/PC_G_EU4" CO2="11254.22" CO="189.65" HC="1.15" NOx="4.53" PMx="0.27" fuel="4.84" electricity="0.00" noise="75.29" route="routetop" type="cfm-fast" waiting="0.00" lane="left_0" pos="33.85" speed="30.19" angle="123.62" x="30.30" y="3.72"/>
        <vehicle id="cfm-slow_0" eclass="HBEFA3/PC_G_EU4" CO2="0.00" CO="0.00" HC="0.00" NOx="0.00" PMx="0.00" fuel="0.00" electricity="0.00" noise="73.80" route="routebottom" type="cfm-slow" waiting="0.00" lane="bottom_0" pos="5.18" speed="30.80" angle="85.16" x="74.85" y="-4.03"/>
        <vehicle id="cfm-slow_1" eclass="HBEFA3/PC_G_EU4" CO2="0.00" CO="0.00" HC="0.00" NOx="0.00" PMx="0.00" fuel="0.00" electricity="0.00" noise="72.82" route="routebottom" type="cfm-slow" waiting="0.00" lane="bottom_0" pos="31.03" speed="30.36" angle="38.66" x="120.43" y="25.15"/>
        <vehicle id="cfm-slow_2" eclass="HBEFA3/PC_G_EU4" CO2="0.00" CO="0.00" HC="0.00" NOx="0.00" PMx="0.00" fuel="0.00" electricity="0.00" noise="72.03" route="routebottom" type="cfm-slow" waiting="0.00" lane="right_0" pos="6.35" speed="29.06" angle="353.01" x="130.90" y="77.34"/>
        <vehicle id="cfm-slow_3" eclass="HBEFA3/PC_G_EU4" CO2="0.00" CO="0.00" HC="0.00" NOx="0.00" PMx="0.00" fuel="0.00" electricity="0.00" noise="71.50" route="routebottom" type="cfm-slow" waiting="0.00" lane="right_0" pos="30.30" speed="27.51" angle="309.96" x="103.48" y="119.52"/>
        <vehicle id="cfm-slow_4" eclass="HBEFA3/PC_G_EU4" CO2="0.00" CO="0.00" HC="0.00" NOx="0.00" PMx="0.00" fuel="0.00" electricity="0.00" noise="71.91" route="routetop" type="cfm-slow" waiting="0.00" lane="top_0" pos="2.67" speed="26.45" angle="269.71" x="57.84" y="132.03"/>
        <vehicle id="cfm-slow_5" eclass="HBEFA3/PC_G_EU4" CO2="10610.11" CO="153.68" HC="0.96" NOx="4.31" PMx="0.24" fuel="4.56" electricity="0.00" noise="73.86" route="routetop" type="cfm-slow" waiting="0.00" lane="top_0" pos="24.02" speed="26.38" angle="231.24" x="16.66" y="113.64"/>
    </timestep>
    <timestep time="9.31">
        <vehicle id="cfm-fast_0" eclass="HBEFA3/PC_G_EU4" CO2="54349.75" CO="2247.80" HC="11.72" NOx="24.12" PMx="1.91" fuel="23.36" electricity="0.00" noise="95.36" route="routetop" type="cfm-fast" waiting="0.00" lane="top_1" pos="21.31" speed="74.86" angle="236.12" x="23.15" y="114.86"/>
        <vehicle id="cfm-fast_1" eclass="HBEFA3/PC_G_EU4" CO2="15368.14" CO="256.23" HC="1.55" NOx="6.54" PMx="0.37" fuel="6.61" electricity="0.00" noise="76.02" route="routetop" type="cfm-fast" waiting="0.00" lane="top_0" pos="45.69" speed="27.35" angle="192.33" x="-4.30" y="73.00"/>
        <vehicle id="cfm-fast_2" eclass="HBEFA3/PC_G_EU4" CO2="37877.31" CO="1940.06" HC="9.91" NOx="16.34" PMx="1.49" fuel="16.28" electricity="0.00" noise="92.36" route="routetop" type="cfm-fast" waiting="0.00" lane="left_1" pos="37.44" speed="75.55" angle="117.13" x="38.54" y="3.38"/>
        <vehicle id="cfm-fast_3" eclass="HBEFA3/PC_G_EU4" CO2="15786.25" CO="273.54" HC="1.64" NOx="6.70" PMx="0.38" fuel="6.79" electricity="0.00" noise="76.49" route="routetop" type="cfm-fast" waiting="0.00" lane="left_0" pos="14.15" speed="28.85" angle="159.05" x="1.73" y="34.13"/>
        <vehicle id="cfm-fast_4" eclass="HBEFA3/PC_G_EU4" CO2="40019.09" CO="1980.39" HC="10.15" NOx="17.35" PMx="1.55" fuel="17.20" electricity="0.00" noise="92.72" route="routebottom" type="cfm-fast" waiting="0.00" lane="right_1" pos="4.09" speed="75.47" angle="357.18" x="128.43" y="72.05"/>
        <vehicle id="cfm-fast_5" eclass="HBEFA3/PC_G_EU4" CO2="11179.06" CO="188.15" HC="1.14" NOx="4.50" PMx="0.27" fuel="4.81" electricity="0.00" noise="75.27" route="routetop" type="cfm-fast" waiting="0.00" lane="left_0" pos="34.15" speed="30.20" angle="123.07" x="30.87" y="3.41"/>
        <vehicle id="cfm-slow_0" eclass="HBEFA3/PC_G_EU4" CO2="0.00" CO="0.00" HC="0.00" NOx="0.00" PMx="0.00" fuel="0.00" electricity="0.00" noise="73.79" route="routebottom" type="cfm-slow" waiting="0.00" lane="bottom_0" pos="5.49" speed="30.79" angle="84.60" x="75.50" y="-3.92"/>
        <vehicle id="cfm-slow_1" eclass="HBEFA3/PC_G_EU4" CO2="0.00" CO="0.00" HC="0.00" NOx="0.00" PMx="0.00" fuel="0.00" electricity="0.00" noise="72.81" route="routebottom" type="cfm-slow" waiting="0.00" lane="bottom_0" pos="31.34" speed="30.35" angle="38.11" x="120.80" y="25.69"/>
        <vehicle id="cfm-slow_2" eclass="HBEFA3/PC_G_EU4" CO2="0.00" CO="0.00" HC="0.00" NOx="0.00" PMx="0.00" fuel="0.00" electricity="0.00" noise="72.03" route="routebottom" type="cfm-slow" waiting="0.00" lane="right_0" pos="6.64" speed="29.05" angle="352.48" x="130.76" y="77.95"/>
        <vehicle id="cfm-slow_3" eclass="HBEFA3/PC_G_EU4" CO2="0.00" CO="0.00" HC="0.00" NOx="0.00" PMx="0.00" fuel="0.00" electricity="0.00" noise="71.50" route="routebottom" type="cfm-slow" waiting="0.00" lane="right_0" pos="30.57" speed="27.50" angle="309.45" x="103.00" y="119.86"/>
        <vehicle id="cfm-slow_4" eclass="HBEFA3/PC_G_EU4" CO2="0.00" CO="0.00" HC="0.00" NOx="0.00" PMx="0.00" fuel="0.00" electricity="0.00" noise="71.93" route="routetop" type="cfm-slow" waiting="0.00" lane="top_0" pos="2.93" speed="26.44" angle="269.24" x="57.27" y="131.97"/>
        <vehicle id="cfm-slow_5" eclass="HBEFA3/PC_G_EU4" CO2="10657.14" CO="154.69" HC="0.97" NOx="4.33" PMx="0.24" fuel="4.58" electricity="0.00" noise="73.88" route="routetop" type="cfm-slow" waiting="0.00" lane="top_0" pos="24.29" speed="26.39" angle="230.79" x="16.25" y="113.25"/>
    </timestep>
    <timestep time="9.32">
        <vehicle id="cfm-fast_0" eclass="HBEFA3/PC_G_EU4" CO2="54169.27" CO="2244.48" HC="11.70" NOx="24.03" PMx="1.90" fuel="23.29" electricity="0.00" noise="95.33" route="routetop" type="cfm-fast" waiting="0.00" lane="top_1" pos="22.05" speed="74.86" angle="234.80" x="21.95" y="113.90"/>
        <vehicle id="cfm-fast_1" eclass="HBEFA3/PC_G_EU4" CO2="15375.18" CO="256.45" HC="1.55" NOx="6.54" PMx="0.37" fuel="6.61" electricity="0.00" noise="76.02" route="routetop" type="cfm-fast" waiting="0.00" lane="top_0" pos="45.97" speed="27.36" angle="191.83" x="-4.38" y="72.42"/>
        <vehicle id="cfm-fast_2" eclass="HBEFA3/PC_G_EU4" CO2="37880.64" CO="1940.13" HC="9.91" NOx="16.34" PMx="1.49" fuel="16.28" electricity="0.00" noise="92.36" route="routetop" type="cfm-fast" waiting="0.00" lane="left_1" pos="38.19" speed="75.55" angle="115.72" x="39.98" y="2.81"/>
        <vehicle id="cfm-fast_3" eclass="HBEFA3/PC_G_EU4" CO2="15745.64" CO="272.79" HC="1.64" NOx="6.68" PMx="0.38" fuel="6.77" electricity="0.00" noise="76.48" route="routetop" type="cfm-fast" waiting="0.00" lane="left_0" pos="14.43" speed="28.86" angle="158.51" x="2.01" y="33.57"/>
        <vehicle id="cfm-fast_4" eclass="HBEFA3/PC_G_EU4" CO2="40025.89" CO="1980.58" HC="10.15" NOx="17.35" PMx="1.55" fuel="17.21" electricity="0.00" noise="92.73" route="routebottom" type="cfm-fast" waiting="0.00" lane="right_1" pos="4.84" speed="75.47" angle="355.80" x="128.21" y="73.58"/>
        <vehicle id="cfm-fast_5" eclass="HBEFA3/PC_G_EU4" CO2="11103.88" CO="186.65" HC="1.13" NOx="4.46" PMx="0.27" fuel="4.77" electricity="0.00" noise="75.25" route="routetop" type="cfm-fast" waiting="0.00" lane="left_0" pos="34.45" speed="30.21" angle="122.51" x="31.44" y="3.09"/>
        <vehicle id="cfm-slow_0" eclass="HBEFA3/PC_G_EU4" CO2="0.00" CO="0.00" HC="0.00" NOx="0.00" PMx="0.00" fuel="0.00" electricity="0.00" noise="73.78" route="routebottom" type="cfm-slow" waiting="0.00" lane="bottom_0" pos="5.79" speed="30.79" angle="84.04" x="76.15" y="-3.80"/>
        <vehicle id="cfm-slow_1" eclass="HBEFA3/PC_G_EU4" CO2="0.00" CO="0.00" HC="0.00" NOx="0.00" PMx="0.00" fuel="0.00" electricity="0.00" noise="72.80" route="routebottom" type="cfm-slow" waiting="0.00" lane="bottom_0" pos="31.64" speed="30.34" angle="37.57" x="121.16" y="26.23"/>
        <vehicle id="cfm-slow_2" eclass="HBEFA3/PC_G_EU4" CO2="0.00" CO="0.00" HC="0.00" NOx="0.00" PMx="0.00" fuel="0.00" electricity="0.00" noise="72.02" route="routebottom" type="cfm-slow" waiting="0.00" lane="right_0" pos="6.93" speed="29.03" angle="351.93" x="130.63" y="78.56"/>
        <vehicle id="cfm-slow_3" eclass="HBEFA3/PC_G_EU4" CO2="0.00" CO="0.00" HC="0.00" NOx="0.00" PMx="0.00" fuel="0.00" electricity="0.00" noise="71.50" route="routebottom" type="cfm-slow" waiting="0.00" lane="right_0" pos="30.85" speed="27.49" angle="309.00" x="102.51" y="120.20"/>
        <vehicle id="cfm-slow_4" eclass="HBEFA3/PC_G_EU4" CO2="0.00" CO="0.00" HC="0.00" NOx="0.00" PMx="0.00" fuel="0.00" electricity="0.00" noise="71.94" route="routetop" type="cfm-slow" waiting="0.00" lane="top_0" pos="3.20" speed="26.44" angle="268.76" x="56.71" y="131.91"/>
        <vehicle id="cfm-slow_5" eclass="HBEFA3/PC_G_EU4" CO2="10703.81" CO="155.69" HC="0.98" NOx="4.36" PMx="0.24" fuel="4.60" electricity="0.00" noise="73.90" route="routetop" type="cfm-slow" waiting="0.00" lane="top_0" pos="24.55" speed="26.40" angle="230.33" x="15.84" y="112.85"/>
    </timestep>
    <timestep time="9.33">
        <vehicle id="cfm-fast_0" eclass="HBEFA3/PC_G_EU4" CO2="53990.60" CO="2241.20" HC="11.68" NOx="23.95" PMx="1.90" fuel="23.21" electricity="0.00" noise="95.30" route="routetop" type="cfm-fast" waiting="0.00" lane="top_1" pos="22.80" speed="74.87" angle="233.39" x="20.78" y="112.91"/>
        <vehicle id="cfm-fast_1" eclass="HBEFA3/PC_G_EU4" CO2="15381.79" CO="256.66" HC="1.55" NOx="6.54" PMx="0.37" fuel="6.61" electricity="0.00" noise="76.03" route="routetop" type="cfm-fast" waiting="0.00" lane="top_0" pos="46.24" speed="27.38" angle="191.38" x="-4.46" y="71.83"/>
        <vehicle id="cfm-fast_2" eclass="HBEFA3/PC_G_EU4" CO2="37884.15" CO="1940.21" HC="9.91" NOx="16.34" PMx="1.49" fuel="16.29" electricity="0.00" noise="92.36" route="routetop" type="cfm-fast" waiting="0.00" lane="left_1" pos="38.95" speed="75.55" angle="114.37" x="41.43" y="2.27"/>
        <vehicle id="cfm-fast_3" eclass="HBEFA3/PC_G_EU4" CO2="15704.68" CO="272.04" HC="1.63" NOx="6.66" PMx="0.38" fuel="6.75" electricity="0.00" noise="76.46" route="routetop" type="cfm-fast" waiting="0.00" lane="left_0" pos="14.72" speed="28.87" angle="157.97" x="2.29" y="33.02"/>
        <vehicle id="cfm-fast_4" eclass="HBEFA3/PC_G_EU4" CO2="40032.19" CO="1980.77" HC="10.15" NOx="17.35" PMx="1.55" fuel="17.21" electricity="0.00" noise="92.73" route="routebottom" type="cfm-fast" waiting="0.00" lane="right_1" pos="5.60" speed="75.47" angle="354.44" x="127.95" y="75.10"/>
        <vehicle id="cfm-fast_5" eclass="HBEFA3/PC_G_EU4" CO2="11028.68" CO="185.16" HC="1.12" NOx="4.43" PMx="0.26" fuel="4.74" electricity="0.00" noise="75.23" route="routetop" type="cfm-fast" waiting="0.00" lane="left_0" pos="34.75" speed="30.21" angle="122.01" x="32.01" y="2.79"/>
        <vehicle id="cfm-slow_0" eclass="HBEFA3/PC_G_EU4" CO2="0.00" CO="0.00" HC="0.00" NOx="0.00" PMx="0.00" fuel="0.00" electricity="0.00" noise="73.77" route="routebottom" type="cfm-slow" waiting="0.00" lane="bottom_0" pos="6.10" speed="30.79" angle="83.48" x="76.81" y="-3.68"/>
        <vehicle id="cfm-slow_1" eclass="HBEFA3/PC_G_EU4" CO2="0.00" CO="0.00" HC="0.00" NOx="0.00" PMx="0.00" fuel="0.00" electricity="0.00" noise="72.80" route="routebottom" type="cfm-slow" waiting="0.00" lane="bottom_0" pos="31.94" speed="30.32" angle="37.03" x="121.52" y="26.77"/>
        <vehicle id="cfm-slow_2" eclass="HBEFA3/PC_G_EU4" CO2="0.00" CO="0.00" HC="0.00" NOx="0.00" PMx="0.00" fuel="0.00" electricity="0.00" noise="72.02" route="routebottom" type="cfm-slow" waiting="0.00" lane="right_0" pos="7.22" speed="29.02" angle="351.39" x="130.49" y="79.17"/>
        <vehicle id="cfm-slow_3" eclass="HBEFA3/PC_G_EU4" CO2="0.00" CO="0.00" HC="0.00" NOx="0.00" PMx="0.00" fuel="0.00" electricity="0.00" noise="71.50" route="routebottom" type="cfm-slow" waiting="0.00" lane="right_0" pos="31.12" speed="27.48" angle="308.51" x="102.02" y="120.53"/>
        <vehicle id="cfm-slow_4" eclass="HBEFA3/PC_G_EU4" CO2="0.00" CO="0.00" HC="0.00" NOx="0.00" PMx="0.00" fuel="0.00" electricity="0.00" noise="71.95" route="routetop" type="cfm-slow" waiting="0.00" lane="top_0" pos="3.46" speed="26.44" angle="268.29" x="56.14" y="131.86"/>
        <vehicle id="cfm-slow_5" eclass="HBEFA3/PC_G_EU4" CO2="10750.11" CO="156.68" HC="0.98" NOx="4.38" PMx="0.24" fuel="4.62" electricity="0.00" noise="73.92" route="routetop" type="cfm-slow" waiting="0.00" lane="top_0" pos="24.82" speed="26.41" angle="229.85" x="15.44" y="112.45"/>
    </timestep>
    <timestep time="9.34">
        <vehicle id="cfm-fast_0" eclass="HBEFA3/PC_G_EU4" CO2="53813.72" CO="2237.94" HC="11.66" NOx="23.86" PMx="1.89" fuel="23.13" electricity="0.00" noise="95.26" route="routetop" type="cfm-fast" waiting="0.00" lane="top_1" pos="23.55" speed="74.88" angle="232.09" x="19.63" y="111.89"/>
        <vehicle id="cfm-fast_1" eclass="HBEFA3/PC_G_EU4" CO2="15387.95" CO="256.87" HC="1.55" NOx="6.54" PMx="0.37" fuel="6.61" electricity="0.00" noise="76.03" route="routetop" type="cfm-fast" waiting="0.00" lane="top_0" pos="46.51" speed="27.39" angle="190.88" x="-4.52" y="71.25"/>
        <vehicle id="cfm-fast_2" eclass="HBEFA3/PC_G_EU4" CO2="37887.86" CO="1940.29" HC="9.91" NOx="16.34" PMx="1.49" fuel="16.29" electricity="0.00" noise="92.36" route="routetop" type="cfm-fast" waiting="0.00" lane="left_1" pos="39.71" speed="75.55" angle="113.02" x="42.89" y="1.74"/>
        <vehicle id="cfm-fast_3" eclass="HBEFA3/PC_G_EU4" CO2="15663.37" CO="271.28" HC="1.63" NOx="6.64" PMx="0.38" fuel="6.73" electricity="0.00" noise="76.45" route="routetop" type="cfm-fast" waiting="0.00" lane="left_0" pos="15.01" speed="28.89" angle="157.43" x="2.56" y="32.46"/>
        <vehicle id="cfm-fast_4" eclass="HBEFA3/PC_G_EU4" CO2="40038.00" CO="1980.95" HC="10.15" NOx="17.36" PMx="1.55" fuel="17.21" electricity="0.00" noise="92.73" route="routebottom" type="cfm-fast" waiting="0.00" lane="right_1" pos="6.35" speed="75.47" angle="353.08" x="127.68" y="76.63"/>
        <vehicle id="cfm-fast_5" eclass="HBEFA3/PC_G_EU4" CO2="10953.47" CO="183.66" HC="1.11" NOx="4.39" PMx="0.26" fuel="4.71" electricity="0.00" noise="75.21" route="routetop" type="cfm-fast" waiting="0.00" lane="left_0" pos="35.06" speed="30.22" angle="121.45" x="32.59" y="2.50"/>
        <vehicle id="cfm-slow_0" eclass="HBEFA3/PC_G_EU4" CO2="0.00" CO="0.00" HC="0.00" NOx="0.00" PMx="0.00" fuel="0.00" electricity="0.00" noise="73.75" route="routebottom" type="cfm-slow" waiting="0.00" lane="bottom_0" pos="6.41" speed="30.78" angle="82.97" x="77.46" y="-3.55"/>
        <vehicle id="cfm-slow_1" eclass="HBEFA3/PC_G_EU4" CO2="0.00" CO="0.00" HC="0.00" NOx="0.00" PMx="0.00" fuel="0.00" electricity="0.00" noise="72.79" route="routebottom" type="cfm-slow" waiting="0.00" lane="bottom_0" pos="32.25" speed="30.31" angle="36.54" x="121.87" y="27.33"/>
        <vehicle id="cfm-slow_2" eclass="HBEFA3/PC_G_EU4" CO2="0.00" CO="0.00" HC="0.00" NOx="0.00" PMx="0.00" fuel="0.00" electricity="0.00" noise="72.01" route="routebottom" type="cfm-slow" waiting="0.00" lane="right_0" pos="7.51" speed="29.00" angle="350.84" x="130.35" y="79.77"/>
        <vehicle id="cfm-slow_3" eclass="HBEFA3/PC_G_EU4" CO2="0.00" CO="0.00" HC="0.00" NOx="0.00" PMx="0.00" fuel="0.00" electricity="0.00" noise="71.50" route="routebottom" type="cfm-slow" waiting="0.00" lane="right_0" pos="31.40" speed="27.47" angle="308.01" x="101.53" y="120.86"/>
        <vehicle id="cfm-slow_4" eclass="HBEFA3/PC_G_EU4" CO2="0.00" CO="0.00" HC="0.00" NOx="0.00" PMx="0.00" fuel="0.00" electricity="0.00" noise="71.97" route="routetop" type="cfm-slow" waiting="0.00" lane="top_0" pos="3.72" speed="26.44" angle="267.82" x="55.57" y="131.80"/>
        <vehicle id="cfm-slow_5" eclass="HBEFA3/PC_G_EU4" CO2="10796.04" CO="157.66" HC="0.99" NOx="4.40" PMx="0.24" fuel="4.64" electricity="0.00" noise="73.94" route="routetop" type="cfm-slow" waiting="0.00" lane="top_0" pos="25.08" speed="26.42" angle="229.36" x="15.04" y="112.05"/>
    </timestep>
    <timestep time="9.35">
        <vehicle id="cfm-fast_0" eclass="HBEFA3/PC_G_EU4" CO2="53638.61" CO="2234.72" HC="11.64" NOx="23.78" PMx="1.89" fuel="23.06" electricity="0.00" noise="95.23" route="routetop" type="cfm-fast" waiting="0.00" lane="top_1" pos="24.30" speed="74.89" angle="230.75" x="18.51" y="110.84"/>
        <vehicle id="cfm-fast_1" eclass="HBEFA3/PC_G_EU4" CO2="15393.68" CO="257.06" HC="1.56" NOx="6.55" PMx="0.37" fuel="6.62" electricity="0.00" noise="76.04" route="routetop" type="cfm-fast" waiting="0.00" lane="top_0" pos="46.79" speed="27.40" angle="190.37" x="-4.58" y="70.66"/>
        <vehicle id="cfm-fast_2" eclass="HBEFA3/PC_G_EU4" CO2="37891.74" CO="1940.38" HC="9.91" NOx="16.34" PMx="1.49" fuel="16.29" electricity="0.00" noise="92.36" route="routetop" type="cfm-fast" waiting="0.00" lane="left_1" pos="40.46" speed="75.55" angle="111.64" x="44.37" y="1.28"/>
        <vehicle id="cfm-fast_3" eclass="HBEFA3/PC_G_EU4" CO2="15621.72" CO="270.51" HC="1.62" NOx="6.62" PMx="0.38" fuel="6.72" electricity="0.00" noise="76.44" route="routetop" type="cfm-fast" waiting="0.00" lane="left_0" pos="15.30" speed="28.90" angle="156.92" x="2.84" y="31.90"/>
        <vehicle id="cfm-fast_4" eclass="HBEFA3/PC_G_EU4" CO2="40043.34" CO="1981.11" HC="10.15" NOx="17.36" PMx="1.55" fuel="17.21" electricity="0.00" noise="92.73" route="routebottom" type="cfm-fast" waiting="0.00" lane="right_1" pos="7.11" speed="75.47" angle="351.66" x="127.34" y="78.14"/>
        <vehicle id="cfm-fast_5" eclass="HBEFA3/PC_G_EU4" CO2="10878.25" CO="182.16" HC="1.11" NOx="4.35" PMx="0.26" fuel="4.68" electricity="0.00" noise="75.19" route="routetop" type="cfm-fast" waiting="0.00" lane="left_0" pos="35.36" speed="30.23" angle="120.89" x="33.17" y="2.21"/>
        <vehicle id="cfm-slow_0" eclass="HBEFA3/PC_G_EU4" CO2="0.00" CO="0.00" HC="0.00" NOx="0.00" PMx="0.00" fuel="0.00" electricity="0.00" noise="73.74" route="routebottom" type="cfm-slow" waiting="0.00" lane="bottom_0" pos="6.72" speed="30.78" angle="82.38" x="78.10" y="-3.40"/>
        <vehicle id="cfm-slow_1" eclass="HBEFA3/PC_G_EU4" CO2="0.00" CO="0.00" HC="0.00" NOx="0.00" PMx="0.00" fuel="0.00" electricity="0.00" noise="72.78" route="routebottom" type="cfm-slow" waiting="0.00" lane="bottom_0" pos="32.55" speed="30.30" angle="35.97" x="122.20" y="27.89"/>
        <vehicle id="cfm-slow_2" eclass="HBEFA3/PC_G_EU4" CO2="0.00" CO="0.00" HC="0.00" NOx="0.00" PMx="0.00" fuel="0.00" electricity="0.00" noise="72.01" route="routebottom" type="cfm-slow" waiting="0.00" lane="right_0" pos="7.80" speed="28.99" angle="350.38" x="130.20" y="80.38"/>
        <vehicle id="cfm-slow_3" eclass="HBEFA3/PC_G_EU4" CO2="0.00" CO="0.00" HC="0.00" NOx="0.00" PMx="0.00" fuel="0.00" electricity="0.00" noise="71.50" route="routebottom" type="cfm-slow" waiting="0.00" lane="right_0" pos="31.67" speed="27.46" angle="307.52" x="101.04" y="121.19"/>
        <vehicle id="cfm-slow_4" eclass="HBEFA3/PC_G_EU4" CO2="0.00" CO="0.00" HC="0.00" NOx="0.00" PMx="0.00" fuel="0.00" electricity="0.00" noise="71.98" route="routetop" type="cfm-slow" waiting="0.00" lane="top_0" pos="3.99" speed="26.44" angle="267.36" x="55.01" y="131.73"/>
        <vehicle id="cfm-slow_5" eclass="HBEFA3/PC_G_EU4" CO2="10841.60" CO="158.64" HC="0.99" NOx="4.42" PMx="0.25" fuel="4.66" electricity="0.00" noise="73.96" route="routetop" type="cfm-slow" waiting="0.00" lane="top_0" pos="25.34" speed="26.43" angle="228.88" x="14.64" y="111.65"/>
    </timestep>
    <timestep time="9.36">
        <vehicle id="cfm-fast_0" eclass="HBEFA3/PC_G_EU4" CO2="53465.26" CO="2231.53" HC="11.62" NOx="23.70" PMx="1.89" fuel="22.98" electricity="0.00" noise="95.19" route="routetop" type="cfm-fast" waiting="0.00" lane="top_1" pos="25.05" speed="74.90" angle="229.42" x="17.42" y="109.76"/>
        <vehicle id="cfm-fast_1" eclass="HBEFA3/PC_G_EU4" CO2="15398.97" CO="257.25" HC="1.56" NOx="6.55" PMx="0.37" fuel="6.62" electricity="0.00" noise="76.04" route="routetop" type="cfm-fast" waiting="0.00" lane="top_0" pos="47.06" speed="27.42" angle="189.87" x="-4.64" y="70.07"/>
        <vehicle id="cfm-fast_2" eclass="HBEFA3/PC_G_EU4" CO2="37895.80" CO="1940.47" HC="9.91" NOx="16.34" PMx="1.49" fuel="16.29" electricity="0.00" noise="92.36" route="routetop" type="cfm-fast" waiting="0.00" lane="left_1" pos="41.22" speed="75.55" angle="110.31" x="45.85" y="0.83"/>
        <vehicle id="cfm-fast_3" eclass="HBEFA3/PC_G_EU4" CO2="15579.73" CO="269.73" HC="1.62" NOx="6.60" PMx="0.38" fuel="6.70" electricity="0.00" noise="76.42" route="routetop" type="cfm-fast" waiting="0.00" lane="left_0" pos="15.59" speed="28.91" angle="156.42" x="3.14" y="31.36"/>
        <vehicle id="cfm-fast_4" eclass="HBEFA3/PC_G_EU4" CO2="40048.20" CO="1981.27" HC="10.15" NOx="17.36" PMx="1.55" fuel="17.22" electricity="0.00" noise="92.73" route="routebottom" type="cfm-fast" waiting="0.00" lane="right_1" pos="7.86" speed="75.47" angle="350.30" x="126.98" y="79.64"/>
        <vehicle id="cfm-fast_5" eclass="HBEFA3/PC_G_EU4" CO2="10803.02" CO="180.65" HC="1.10" NOx="4.32" PMx="0.26" fuel="4.64" electricity="0.00" noise="75.17" route="routetop" type="cfm-fast" waiting="0.00" lane="left_0" pos="35.66" speed="30.23" angle="120.33" x="33.76" y="1.92"/>
        <vehicle id="cfm-slow_0" eclass="HBEFA3/PC_G_EU4" CO2="0.00" CO="0.00" HC="0.00" NOx="0.00" PMx="0.00" fuel="0.00" electricity="0.00" noise="73.73" route="routebottom" type="cfm-slow" waiting="0.00" lane="bottom_0" pos="7.02" speed="30.78" angle="81.79" x="78.75" y="-3.26"/>
        <vehicle id="cfm-slow_1" eclass="HBEFA3/PC_G_EU4" CO2="0.00" CO="0.00" HC="0.00" NOx="0.00" PMx="0.00" fuel="0.00" electricity="0.00" noise="72.77" route="routebottom" type="cfm-slow" waiting="0.00" lane="bottom_0" pos="32.85" speed="30.29" angle="35.40" x="122.53" y="28.45"/>
        <vehicle id="cfm-slow_2" eclass="HBEFA3/PC_G_EU4" CO2="0.00" CO="0.00" HC="0.00" NOx="0.00" PMx="0.00" fuel="0.00" electricity="0.00" noise="72.00" route="routebottom" type="cfm-slow" waiting="0.00" lane="right_0" pos="8.09" speed="28.97" angle="349.85" x="130.04" y="80.98"/>
        <vehicle id="cfm-slow_3" eclass="HBEFA3/PC_G_EU4" CO2="0.00" CO="0.00" HC="0.00" NOx="0.00" PMx="0.00" fuel="0.00" electricity="0.00" noise="71.50" route="routebottom" type="cfm-slow" waiting="0.00" lane="right_0" pos="31.95" speed="27.44" angle="307.04" x="100.55" y="121.52"/>
        <vehicle id="cfm-slow_4" eclass="HBEFA3/PC_G_EU4" CO2="0.00" CO="0.00" HC="0.00" NOx="0.00" PMx="0.00" fuel="0.00" electricity="0.00" noise="72.00" route="routetop" type="cfm-slow" waiting="0.00" lane="top_0" pos="4.25" speed="26.44" angle="266.88" x="54.45" y="131.65"/>
        <vehicle id="cfm-slow_5" eclass="HBEFA3/PC_G_EU4" CO2="10886.80" CO="159.61" HC="1.00" NOx="4.44" PMx="0.25" fuel="4.68" electricity="0.00" noise="73.98" route="routetop" type="cfm-slow" waiting="0.00" lane="top_0" pos="25.61" speed="26.44" angle="228.44" x="14.23" y="111.24"/>
    </timestep>
    <timestep time="9.37">
        <vehicle id="cfm-fast_0" eclass="HBEFA3/PC_G_EU4" CO2="53293.66" CO="2228.38" HC="11.60" NOx="23.62" PMx="1.88" fuel="22.91" electricity="0.00" noise="95.16" route="routetop" type="cfm-fast" waiting="0.00" lane="top_1" pos="25.80" speed="74.91" angle="228.13" x="16.34" y="108.67"/>
        <vehicle id="cfm-fast_1" eclass="HBEFA3/PC_G_EU4" CO2="15403.83" CO="257.42" HC="1.56" NOx="6.55" PMx="0.37" fuel="6.62" electricity="0.00" noise="76.05" route="routetop" type="cfm-fast" waiting="0.00" lane="top_0" pos="47.34" speed="27.43" angle="189.36" x="-4.70" y="69.49"/>
        <vehicle id="cfm-fast_2" eclass="HBEFA3/PC_G_EU4" CO2="37900.03" CO="1940.56" HC="9.91" NOx="16.35" PMx="1.49" fuel="16.29" electricity="0.00" noise="92.36" route="routetop" type="cfm-fast" waiting="0.00" lane="left_1" pos="41.97" speed="75.55" angle="108.92" x="47.35" y="0.43"/>
        <vehicle id="cfm-fast_3" eclass="HBEFA3/PC_G_EU4" CO2="15537.40" CO="268.94" HC="1.62" NOx="6.58" PMx="0.38" fuel="6.68" electricity="0.00" noise="76.41" route="routetop" type="cfm-fast" waiting="0.00" lane="left_0" pos="15.88" speed="28.93" angle="155.89" x="3.44" y="30.81"/>
        <vehicle id="cfm-fast_4" eclass="HBEFA3/PC_G_EU4" CO2="40052.60" CO="1981.42" HC="10.15" NOx="17.36" PMx="1.55" fuel="17.22" electricity="0.00" noise="92.73" route="routebottom" type="cfm-fast" waiting="0.00" lane="right_1" pos="8.61" speed="75.48" angle="348.95" x="126.58" y="81.14"/>
        <vehicle id="cfm-fast_5" eclass="HBEFA3/PC_G_EU4" CO2="10727.79" CO="179.15" HC="1.09" NOx="4.28" PMx="0.26" fuel="4.61" electricity="0.00" noise="75.15" route="routetop" type="cfm-fast" waiting="0.00" lane="left_0" pos="35.96" speed="30.24" angle="119.83" x="34.34" y="1.63"/>
        <vehicle id="cfm-slow_0" eclass="HBEFA3/PC_G_EU4" CO2="0.00" CO="0.00" HC="0.00" NOx="0.00" PMx="0.00" fuel="0.00" electricity="0.00" noise="73.72" route="routebottom" type="cfm-slow" waiting="0.00" lane="bottom_0" pos="7.33" speed="30.77" angle="81.20" x="79.39" y="-3.11"/>
        <vehicle id="cfm-slow_1" eclass="HBEFA3/PC_G_EU4" CO2="0.00" CO="0.00" HC="0.00" NOx="0.00" PMx="0.00" fuel="0.00" electricity="0.00" noise="72.76" route="routebottom" type="cfm-slow" waiting="0.00" lane="bottom_0" pos="33.16" speed="30.27" angle="34.84" x="122.87" y="29.01"/>
        <vehicle id="cfm-slow_2" eclass="HBEFA3/PC_G_EU4" CO2="0.00" CO="0.00" HC="0.00" NOx="0.00" PMx="0.00" fuel="0.00" electricity="0.00" noise="72.00" route="routebottom" type="cfm-slow" waiting="0.00" lane="right_0" pos="8.38" speed="28.96" angle="349.31" x="129.88" y="81.58"/>
        <vehicle id="cfm-slow_3" eclass="HBEFA3/PC_G_EU4" CO2="0.00" CO="0.00" HC="0.00" NOx="0.00" PMx="0.00" fuel="0.00" electricity="0.00" noise="71.50" route="routebottom" type="cfm-slow" waiting="0.00" lane="right_0" pos="32.22" speed="27.43" angle="306.59" x="100.05" y="121.83"/>
        <vehicle id="cfm-slow_4" eclass="HBEFA3/PC_G_EU4" CO2="0.00" CO="0.00" HC="0.00" NOx="0.00" PMx="0.00" fuel="0.00" electricity="0.00" noise="72.01" route="routetop" type="cfm-slow" waiting="0.00" lane="top_0" pos="4.52" speed="26.44" angle="266.41" x="53.88" y="131.56"/>
        <vehicle id="cfm-slow_5" eclass="HBEFA3/PC_G_EU4" CO2="10931.63" CO="160.57" HC="1.00" NOx="4.46" PMx="0.25" fuel="4.70" electricity="0.00" noise="74.00" route="routetop" type="cfm-slow" waiting="0.00" lane="top_0" pos="25.87" speed="26.45" angle="227.97" x="13.85" y="110.83"/>
    </timestep>
    <timestep time="9.38">
        <vehicle id="cfm-fast_0" eclass="HBEFA3/PC_G_EU4" CO2="53123.79" CO="2225.25" HC="11.58" NOx="23.54" PMx="1.88" fuel="22.84" electricity="0.00" noise="95.13" route="routetop" type="cfm-fast" waiting="0.00" lane="top_1" pos="26.55" speed="74.92" angle="226.74" x="15.30" y="107.54"/>
        <vehicle id="cfm-fast_1" eclass="HBEFA3/PC_G_EU4" CO2="15408.25" CO="257.59" HC="1.56" NOx="6.55" PMx="0.37" fuel="6.62" electricity="0.00" noise="76.05" route="routetop" type="cfm-fast" waiting="0.00" lane="top_0" pos="47.61" speed="27.45" angle="188.91" x="-4.75" y="68.90"/>
        <vehicle id="cfm-fast_2" eclass="HBEFA3/PC_G_EU4" CO2="37904.41" CO="1940.66" HC="9.91" NOx="16.35" PMx="1.49" fuel="16.29" electricity="0.00" noise="92.36" route="routetop" type="cfm-fast" waiting="0.00" lane="left_1" pos="42.73" speed="75.55" angle="107.62" x="48.85" y="0.06"/>
        <vehicle id="cfm-fast_3" eclass="HBEFA3/PC_G_EU4" CO2="15494.74" CO="268.15" HC="1.61" NOx="6.56" PMx="0.38" fuel="6.66" electricity="0.00" noise="76.40" route="routetop" type="cfm-fast" waiting="0.00" lane="left_0" pos="16.17" speed="28.94" angle="155.35" x="3.74" y="30.27"/>
        <vehicle id="cfm-fast_4" eclass="HBEFA3/PC_G_EU4" CO2="40056.55" CO="1981.56" HC="10.15" NOx="17.36" PMx="1.55" fuel="17.22" electricity="0.00" noise="92.73" route="routebottom" type="cfm-fast" waiting="0.00" lane="right_1" pos="9.37" speed="75.48" angle="347.64" x="126.15" y="82.62"/>
        <vehicle id="cfm-fast_5" eclass="HBEFA3/PC_G_EU4" CO2="10652.56" CO="177.65" HC="1.08" NOx="4.25" PMx="0.25" fuel="4.58" electricity="0.00" noise="75.13" route="routetop" type="cfm-fast" waiting="0.00" lane="left_0" pos="36.27" speed="30.24" angle="119.27" x="34.93" y="1.36"/>
        <vehicle id="cfm-slow_0" eclass="HBEFA3/PC_G_EU4" CO2="0.00" CO="0.00" HC="0.00" NOx="0.00" PMx="0.00" fuel="0.00" electricity="0.00" noise="73.70" route="routebottom" type="cfm-slow" waiting="0.00" lane="bottom_0" pos="7.64" speed="30.77" angle="80.67" x="80.04" y="-2.96"/>
        <vehicle id="cfm-slow_1" eclass="HBEFA3/PC_G_EU4" CO2="0.00" CO="0.00" HC="0.00" NOx="0.00" PMx="0.00" fuel="0.00" electricity="0.00" noise="72.76" route="routebottom" type="cfm-slow" waiting="0.00" lane="bottom_0" pos="33.46" speed="30.26" angle="34.33" x="123.20" y="29.57"/>
        <vehicle id="cfm-slow_2" eclass="HBEFA3/PC_G_EU4" CO2="0.00" CO="0.00" HC="0.00" NOx="0.00" PMx="0.00" fuel="0.00" electricity="0.00" noise="71.99" route="routebottom" type="cfm-slow" waiting="0.00" lane="right_0" pos="8.67" speed="28.94" angle="348.78" x="129.72" y="82.19"/>
        <vehicle id="cfm-slow_3" eclass="HBEFA3/PC_G_EU4" CO2="0.00" CO="0.00" HC="0.00" NOx="0.00" PMx="0.00" fuel="0.00" electricity="0.00" noise="71.50" route="routebottom" type="cfm-slow" waiting="0.00" lane="right_0" pos="32.49" speed="27.42" angle="306.07" x="99.54" y="122.14"/>
        <vehicle id="cfm-slow_4" eclass="HBEFA3/PC_G_EU4" CO2="0.00" CO="0.00" HC="0.00" NOx="0.00" PMx="0.00" fuel="0.00" electricity="0.00" noise="72.02" route="routetop" type="cfm-slow" waiting="0.00" lane="top_0" pos="4.78" speed="26.44" angle="265.93" x="53.32" y="131.48"/>
        <vehicle id="cfm-slow_5" eclass="HBEFA3/PC_G_EU4" CO2="10976.09" CO="161.53" HC="1.01" NOx="4.48" PMx="0.25" fuel="4.72" electricity="0.00" noise="74.01" route="routetop" type="cfm-slow" waiting="0.00" lane="top_0" pos="26.14" speed="26.46" angle="227.48" x="13.46" y="110.41"/>
    </timestep>
    <timestep time="9.39">
        <vehicle id="cfm-fast_0" eclass="HBEFA3/PC_G_EU4" CO2="52955.63" CO="2222.16" HC="11.57" NOx="23.46" PMx="1.87" fuel="22.76" electricity="0.00" noise="95.10" route="routetop" type="cfm-fast" waiting="0.00" lane="top_1" pos="27.30" speed="74.92" angle="225.38" x="14.28" y="106.39"/>
        <vehicle id="cfm-fast_1" eclass="HBEFA3/PC_G_EU4" CO2="15412.23" CO="257.75" HC="1.56" NOx="6.55" PMx="0.37" fuel="6.62" electricity="0.00" noise="76.06" route="routetop" type="cfm-fast" waiting="0.00" lane="top_0" pos="47.88" speed="27.46" angle="188.39" x="-4.78" y="68.31"/>
        <vehicle id="cfm-fast_2" eclass="HBEFA3/PC_G_EU4" CO2="37908.95" CO="1940.76" HC="9.91" NOx="16.35" PMx="1.49" fuel="16.30" electricity="0.00" noise="92.36" route="routetop" type="cfm-fast" waiting="0.00" lane="left_1" pos="43.48" speed="75.55" angle="106.27" x="50.36" y="-0.28"/>
        <vehicle id="cfm-fast_3" eclass="HBEFA3/PC_G_EU4" CO2="15451.74" CO="267.35" HC="1.61" NOx="6.54" PMx="0.37" fuel="6.64" electricity="0.00" noise="76.38" route="routetop" type="cfm-fast" waiting="0.00" lane="left_0" pos="16.46" speed="28.95" angle="154.82" x="4.04" y="29.72"/>
        <vehicle id="cfm-fast_4" eclass="HBEFA3/PC_G_EU4" CO2="40060.06" CO="1981.69" HC="10.15" NOx="17.37" PMx="1.55" fuel="17.22" electricity="0.00" noise="92.73" route="routebottom" type="cfm-fast" waiting="0.00" lane="right_1" pos="10.12" speed="75.48" angle="346.27" x="125.70" y="84.10"/>
        <vehicle id="cfm-fast_5" eclass="HBEFA3/PC_G_EU4" CO2="10577.33" CO="176.15" HC="1.07" NOx="4.21" PMx="0.25" fuel="4.55" electricity="0.00" noise="75.11" route="routetop" type="cfm-fast" waiting="0.00" lane="left_0" pos="36.57" speed="30.25" angle="118.70" x="35.53" y="1.10"/>
        <vehicle id="cfm-slow_0" eclass="HBEFA3/PC_G_EU4" CO2="0.00" CO="0.00" HC="0.00" NOx="0.00" PMx="0.00" fuel="0.00" electricity="0.00" noise="73.69" route="routebottom" type="cfm-slow" waiting="0.00" lane="bottom_0" pos="7.95" speed="30.76" angle="80.12" x="80.68" y="-2.79"/>
        <vehicle id="cfm-slow_1" eclass="HBEFA3/PC_G_EU4" CO2="0.00" CO="0.00" HC="0.00" NOx="0.00" PMx="0.00" fuel="0.00" electricity="0.00" noise="72.75" route="routebottom" type="cfm-slow" waiting="0.00" lane="bottom_0" pos="33.76" speed="30.25" angle="33.77" x="123.51" y="30.14"/>
        <vehicle id="cfm-slow_2" eclass="HBEFA3/PC_G_EU4" CO2="0.00" CO="0.00" HC="0.00" NOx="0.00" PMx="0.00" fuel="0.00" electricity="0.00" noise="71.98" route="routebottom" type="cfm-slow" waiting="0.00" lane="right_0" pos="8.96" speed="28.93" angle="348.31" x="129.56" y="82.79"/>
        <vehicle id="cfm-slow_3" eclass="HBEFA3/PC_G_EU4" CO2="0.00" CO="0.00" HC="0.00" NOx="0.00" PMx="0.00" fuel="0.00" electricity="0.00" noise="71.50" route="routebottom" type="cfm-slow" waiting="0.00" lane="right_0" pos="32.77" speed="27.41" angle="305.55" x="99.04" y="122.44"/>
        <vehicle id="cfm-slow_4" eclass="HBEFA3/PC_G_EU4" CO2="0.00" CO="0.00" HC="0.00" NOx="0.00" PMx="0.00" fuel="0.00" electricity="0.00" noise="72.04" route="routetop" type="cfm-slow" waiting="0.00" lane="top_0" pos="5.05" speed="26.44" angle="265.39" x="52.76" y="131.40"/>
        <vehicle id="cfm-slow_5" eclass="HBEFA3/PC_G_EU4" CO2="11020.18" CO="162.48" HC="1.02" NOx="4.50" PMx="0.25" fuel="4.74" electricity="0.00" noise="74.03" route="routetop" type="cfm-slow" waiting="0.00" lane="top_0" pos="26.40" speed="26.47" angle="226.99" x="13.07" y="109.99"/>
    </timestep>
    <timestep time="9.40">
        <vehicle id="cfm-fast_0" eclass="HBEFA3/PC_G_EU4" CO2="52789.19" CO="2219.09" HC="11.55" NOx="23.38" PMx="1.87" fuel="22.69" electricity="0.00" noise="95.06" route="routetop" type="cfm-fast" waiting="0.00" lane="top_1" pos="28.05" speed="74.93" angle="223.96" x="13.29" y="105.22"/>
        <vehicle id="cfm-fast_1" eclass="HBEFA3/PC_G_EU4" CO2="15415.78" CO="257.90" HC="1.56" NOx="6.56" PMx="0.37" fuel="6.63" electricity="0.00" noise="76.06" route="routetop" type="cfm-fast" waiting="0.00" lane="top_0" pos="48.16" speed="27.48" angle="187.86" x="-4.81" y="67.72"/>
        <vehicle id="cfm-fast_2" eclass="HBEFA3/PC_G_EU4" CO2="37913.63" CO="1940.86" HC="9.91" NOx="16.35" PMx="1.49" fuel="16.30" electricity="0.00" noise="92.37" route="routetop" type="cfm-fast" waiting="0.00" lane="left_1" pos="44.24" speed="75.55" angle="104.91" x="51.88" y="-0.57"/>
        <vehicle id="cfm-fast_3" eclass="HBEFA3/PC_G_EU4" CO2="15408.42" CO="266.55" HC="1.60" NOx="6.52" PMx="0.37" fuel="6.62" electricity="0.00" noise="76.37" route="routetop" type="cfm-fast" waiting="0.00" lane="left_0" pos="16.75" speed="28.97" angle="154.34" x="4.35" y="29.18"/>
        <vehicle id="cfm-fast_4" eclass="HBEFA3/PC_G_EU4" CO2="40063.12" CO="1981.81" HC="10.15" NOx="17.37" PMx="1.55" fuel="17.22" electricity="0.00" noise="92.74" route="routebottom" type="cfm-fast" waiting="0.00" lane="right_1" pos="10.88" speed="75.48" angle="344.88" x="125.18" y="85.56"/>
        <vehicle id="cfm-fast_5" eclass="HBEFA3/PC_G_EU4" CO2="10502.12" CO="174.64" HC="1.06" NOx="4.18" PMx="0.25" fuel="4.51" electricity="0.00" noise="75.10" route="routetop" type="cfm-fast" waiting="0.00" lane="left_0" pos="36.87" speed="30.26" angle="118.13" x="36.12" y="0.83"/>
        <vehicle id="cfm-slow_0" eclass="HBEFA3/PC_G_EU4" CO2="0.00" CO="0.00" HC="0.00" NOx="0.00" PMx="0.00" fuel="0.00" electricity="0.00" noise="73.68" route="routebottom" type="cfm-slow" waiting="0.00" lane="bottom_0" pos="8.26" speed="30.76" angle="79.55" x="81.32" y="-2.62"/>
        <vehicle id="cfm-slow_1" eclass="HBEFA3/PC_G_EU4" CO2="0.00" CO="0.00" HC="0.00" NOx="0.00" PMx="0.00" fuel="0.00" electricity="0.00" noise="72.74" route="routebottom" type="cfm-slow" waiting="0.00" lane="bottom_0" pos="34.06" speed="30.24" angle="33.22" x="123.82" y="30.71"/>
        <vehicle id="cfm-slow_2" eclass="HBEFA3/PC_G_EU4" CO2="0.00" CO="0.00" HC="0.00" NOx="0.00" PMx="0.00" fuel="0.00" electricity="0.00" noise="71.98" route="routebottom" type="cfm-slow" waiting="0.00" lane="right_0" pos="9.25" speed="28.91" angle="347.79" x="129.37" y="83.38"/>
        <vehicle id="cfm-slow_3" eclass="HBEFA3/PC_G_EU4" CO2="0.00" CO="0.00" HC="0.00" NOx="0.00" PMx="0.00" fuel="0.00" electricity="0.00" noise="71.51" route="routebottom" type="cfm-slow" waiting="0.00" lane="right_0" pos="33.04" speed="27.40" angle="305.03" x="98.53" y="122.74"/>
        <vehicle id="cfm-slow_4" eclass="HBEFA3/PC_G_EU4" CO2="0.00" CO="0.00" HC="0.00" NOx="0.00" PMx="0.00" fuel="0.00" electricity="0.00" noise="72.05" route="routetop" type="cfm-slow" waiting="0.00" lane="top_0" pos="5.31" speed="26.44" angle="264.92" x="52.20" y="131.31"/>
        <vehicle id="cfm-slow_5" eclass="HBEFA3/PC_G_EU4" CO2="11063.90" CO="163.42" HC="1.02" NOx="4.52" PMx="0.25" fuel="4.76" electricity="0.00" noise="74.05" route="routetop" type="cfm-slow" waiting="0.00" lane="top_0" pos="26.67" speed="26.47" angle="226.49" x="12.69" y="109.57"/>
    </timestep>
    <timestep time="9.41">
        <vehicle id="cfm-fast_0" eclass="HBEFA3/PC_G_EU4" CO2="52624.43" CO="2216.06" HC="11.53" NOx="23.30" PMx="1.86" fuel="22.62" electricity="0.00" noise="95.03" route="routetop" type="cfm-fast" waiting="0.00" lane="top_1" pos="28.80" speed="74.94" angle="222.65" x="12.33" y="104.01"/>
        <vehicle id="cfm-fast_1" eclass="HBEFA3/PC_G_EU4" CO2="15418.90" CO="258.04" HC="1.56" NOx="6.56" PMx="0.37" fuel="6.63" electricity="0.00" noise="76.07" route="routetop" type="cfm-fast" waiting="0.00" lane="top_0" pos="48.43" speed="27.49" angle="187.33" x="-4.85" y="67.13"/>
        <vehicle id="cfm-fast_2" eclass="HBEFA3/PC_G_EU4" CO2="37918.45" CO="1940.97" HC="9.91" NOx="16.35" PMx="1.49" fuel="16.30" electricity="0.00" noise="92.37" route="routetop" type="cfm-fast" waiting="0.00" lane="left_1" pos="44.99" speed="75.55" angle="103.58" x="53.41" y="-0.84"/>
        <vehicle id="cfm-fast_3" eclass="HBEFA3/PC_G_EU4" CO2="15364.77" CO="265.74" HC="1.60" NOx="6.50" PMx="0.37" fuel="6.60" electricity="0.00" noise="76.35" route="routetop" type="cfm-fast" waiting="0.00" lane="left_0" pos="17.04" speed="28.98" angle="153.81" x="4.67" y="28.64"/>
        <vehicle id="cfm-fast_4" eclass="HBEFA3/PC_G_EU4" CO2="40065.76" CO="1981.92" HC="10.15" NOx="17.37" PMx="1.55" fuel="17.22" electricity="0.00" noise="92.74" route="routebottom" type="cfm-fast" waiting="0.00" lane="right_1" pos="11.63" speed="75.48" angle="343.50" x="124.64" y="87.01"/>
        <vehicle id="cfm-fast_5" eclass="HBEFA3/PC_G_EU4" CO2="10426.92" CO="173.14" HC="1.05" NOx="4.14" PMx="0.25" fuel="4.48" electricity="0.00" noise="75.08" route="routetop" type="cfm-fast" waiting="0.00" lane="left_0" pos="37.17" speed="30.26" angle="117.62" x="36.71" y="0.56"/>
        <vehicle id="cfm-slow_0" eclass="HBEFA3/PC_G_EU4" CO2="0.00" CO="0.00" HC="0.00" NOx="0.00" PMx="0.00" fuel="0.00" electricity="0.00" noise="73.67" route="routebottom" type="cfm-slow" waiting="0.00" lane="bottom_0" pos="8.56" speed="30.75" angle="78.98" x="81.96" y="-2.45"/>
        <vehicle id="cfm-slow_1" eclass="HBEFA3/PC_G_EU4" CO2="0.00" CO="0.00" HC="0.00" NOx="0.00" PMx="0.00" fuel="0.00" electricity="0.00" noise="72.73" route="routebottom" type="cfm-slow" waiting="0.00" lane="bottom_0" pos="34.37" speed="30.22" angle="32.66" x="124.14" y="31.28"/>
        <vehicle id="cfm-slow_2" eclass="HBEFA3/PC_G_EU4" CO2="0.00" CO="0.00" HC="0.00" NOx="0.00" PMx="0.00" fuel="0.00" electricity="0.00" noise="71.97" route="routebottom" type="cfm-slow" waiting="0.00" lane="right_0" pos="9.54" speed="28.90" angle="347.27" x="129.19" y="83.97"/>
        <vehicle id="cfm-slow_3" eclass="HBEFA3/PC_G_EU4" CO2="0.00" CO="0.00" HC="0.00" NOx="0.00" PMx="0.00" fuel="0.00" electricity="0.00" noise="71.51" route="routebottom" type="cfm-slow" waiting="0.00" lane="right_0" pos="33.32" speed="27.39" angle="304.55" x="98.02" y="123.04"/>
        <vehicle id="cfm-slow_4" eclass="HBEFA3/PC_G_EU4" CO2="0.00" CO="0.00" HC="0.00" NOx="0.00" PMx="0.00" fuel="0.00" electricity="0.00" noise="72.07" route="routetop" type="cfm-slow" waiting="0.00" lane="top_0" pos="5.58" speed="26.44" angle="264.42" x="51.64" y="131.20"/>
        <vehicle id="cfm-slow_5" eclass="HBEFA3/PC_G_EU4" CO2="11107.25" CO="164.35" HC="1.03" NOx="4.54" PMx="0.25" fuel="4.77" electricity="0.00" noise="74.07" route="routetop" type="cfm-slow" waiting="0.00" lane="top_0" pos="26.93" speed="26.48" angle="226.06" x="12.30" y="109.15"/>
    </timestep>
    <timestep time="9.42">
        <vehicle id="cfm-fast_0" eclass="HBEFA3/PC_G_EU4" CO2="52461.35" CO="2213.06" HC="11.51" NOx="23.22" PMx="1.86" fuel="22.55" electricity="0.00" noise="95.00" route="routetop" type="cfm-fast" waiting="0.00" lane="top_1" pos="29.54" speed="74.95" angle="221.33" x="11.39" y="102.80"/>
        <vehicle id="cfm-fast_1" eclass="HBEFA3/PC_G_EU4" CO2="15421.58" CO="258.17" HC="1.56" NOx="6.56" PMx="0.37" fuel="6.63" electricity="0.00" noise="76.07" route="routetop" type="cfm-fast" waiting="0.00" lane="top_0" pos="48.71" speed="27.51" angle="186.85" x="-4.88" y="66.54"/>
        <vehicle id="cfm-fast_2" eclass="HBEFA3/PC_G_EU4" CO2="37923.40" CO="1941.08" HC="9.92" NOx="16.36" PMx="1.49" fuel="16.30" electricity="0.00" noise="92.37" route="routetop" type="cfm-fast" waiting="0.00" lane="left_1" pos="45.75" speed="75.55" angle="102.19" x="54.94" y="-1.06"/>
        <vehicle id="cfm-fast_3" eclass="HBEFA3/PC_G_EU4" CO2="15320.80" CO="264.92" HC="1.59" NOx="6.48" PMx="0.37" fuel="6.59" electricity="0.00" noise="76.34" route="routetop" type="cfm-fast" waiting="0.00" lane="left_0" pos="17.33" speed="28.99" angle="153.28" x="4.99" y="28.11"/>
        <vehicle id="cfm-fast_4" eclass="HBEFA3/PC_G_EU4" CO2="40067.99" CO="1982.03" HC="10.15" NOx="17.37" PMx="1.55" fuel="17.22" electricity="0.00" noise="92.74" route="routebottom" type="cfm-fast" waiting="0.00" lane="right_1" pos="12.39" speed="75.48" angle="342.17" x="124.07" y="88.45"/>
        <vehicle id="cfm-fast_5" eclass="HBEFA3/PC_G_EU4" CO2="10351.73" CO="171.63" HC="1.04" NOx="4.11" PMx="0.25" fuel="4.45" electricity="0.00" noise="75.06" route="routetop" type="cfm-fast" waiting="0.00" lane="left_0" pos="37.48" speed="30.27" angle="117.08" x="37.32" y="0.32"/>
        <vehicle id="cfm-slow_0" eclass="HBEFA3/PC_G_EU4" CO2="0.00" CO="0.00" HC="0.00" NOx="0.00" PMx="0.00" fuel="0.00" electricity="0.00" noise="73.66" route="routebottom" type="cfm-slow" waiting="0.00" lane="bottom_0" pos="8.87" speed="30.75" angle="78.45" x="82.60" y="-2.28"/>
        <vehicle id="cfm-slow_1" eclass="HBEFA3/PC_G_EU4" CO2="0.00" CO="0.00" HC="0.00" NOx="0.00" PMx="0.00" fuel="0.00" electricity="0.00" noise="72.73" route="routebottom" type="cfm-slow" waiting="0.00" lane="bottom_0" pos="34.67" speed="30.21" angle="32.17" x="124.45" y="31.85"/>
        <vehicle id="cfm-slow_2" eclass="HBEFA3/PC_G_EU4" CO2="0.00" CO="0.00" HC="0.00" NOx="0.00" PMx="0.00" fuel="0.00" electricity="0.00" noise="71.97" route="routebottom" type="cfm-slow" waiting="0.00" lane="right_0" pos="9.83" speed="28.88" angle="346.75" x="129.01" y="84.57"/>
        <vehicle id="cfm-slow_3" eclass="HBEFA3/PC_G_EU4" CO2="0.00" CO="0.00" HC="0.00" NOx="0.00" PMx="0.00" fuel="0.00" electricity="0.00" noise="71.51" route="routebottom" type="cfm-slow" waiting="0.00" lane="right_0" pos="33.59" speed="27.38" angle="304.07" x="97.51" y="123.33"/>
        <vehicle id="cfm-slow_4" eclass="HBEFA3/PC_G_EU4" CO2="0.00" CO="0.00" HC="0.00" NOx="0.00" PMx="0.00" fuel="0.00" electricity="0.00" noise="72.08" route="routetop" type="cfm-slow" waiting="0.00" lane="top_0" pos="5.84" speed="26.44" angle="263.93" x="51.08" y="131.10"/>
        <vehicle id="cfm-slow_5" eclass="HBEFA3/PC_G_EU4" CO2="11150.23" CO="165.28" HC="1.03" NOx="4.56" PMx="0.25" fuel="4.79" electricity="0.00" noise="74.09" route="routetop" type="cfm-slow" waiting="0.00" lane="top_0" pos="27.20" speed="26.49" angle="225.57" x="11.93" y="108.72"/>
    </timestep>
    <timestep time="9.43">
        <vehicle id="cfm-fast_0" eclass="HBEFA3/PC_G_EU4" CO2="52299.94" CO="2210.09" HC="11.49" NOx="23.15" PMx="1.86" fuel="22.48" electricity="0.00" noise="94.97" route="routetop" type="cfm-fast" waiting="0.00" lane="top_1" pos="30.29" speed="74.96" angle="219.91" x="10.49" y="101.55"/>
        <vehicle id="cfm-fast_1" eclass="HBEFA3/PC_G_EU4" CO2="15423.83" CO="258.30" HC="1.56" NOx="6.56" PMx="0.37" fuel="6.63" electricity="0.00" noise="76.07" route="routetop" type="cfm-fast" waiting="0.00" lane="top_0" pos="48.98" speed="27.52" angle="186.37" x="-4.90" y="65.94"/>
        <vehicle id="cfm-fast_2" eclass="HBEFA3/PC_G_EU4" CO2="37928.48" CO="1941.19" HC="9.92" NOx="16.36" PMx="1.49" fuel="16.30" electricity="0.00" noise="92.37" route="routetop" type="cfm-fast" waiting="0.00" lane="left_1" pos="46.50" speed="75.55" angle="100.86" x="56.48" y="-1.25"/>
        <vehicle id="cfm-fast_3" eclass="HBEFA3/PC_G_EU4" CO2="15276.51" CO="264.09" HC="1.59" NOx="6.46" PMx="0.37" fuel="6.57" electricity="0.00" noise="76.32" route="routetop" type="cfm-fast" waiting="0.00" lane="left_0" pos="17.62" speed="29.01" angle="152.74" x="5.31" y="27.57"/>
        <vehicle id="cfm-fast_4" eclass="HBEFA3/PC_G_EU4" CO2="40069.80" CO="1982.12" HC="10.15" NOx="17.37" PMx="1.55" fuel="17.22" electricity="0.00" noise="92.74" route="routebottom" type="cfm-fast" waiting="0.00" lane="right_1" pos="13.14" speed="75.48" angle="340.85" x="123.47" y="89.88"/>
        <vehicle id="cfm-fast_5" eclass="HBEFA3/PC_G_EU4" CO2="10276.57" CO="170.13" HC="1.04" NOx="4.07" PMx="0.24" fuel="4.42" electricity="0.00" noise="75.04" route="routetop" type="cfm-fast" waiting="0.00" lane="left_0" pos="37.78" speed="30.27" angle="116.53" x="37.92" y="0.07"/>
        <vehicle id="cfm-slow_0" eclass="HBEFA3/PC_G_EU4" CO2="0.00" CO="0.00" HC="0.00" NOx="0.00" PMx="0.00" fuel="0.00" electricity="0.00" noise="73.65" route="routebottom" type="cfm-slow" waiting="0.00" lane="bottom_0" pos="9.18" speed="30.75" angle="77.91" x="83.23" y="-2.09"/>
        <vehicle id="cfm-slow_1" eclass="HBEFA3/PC_G_EU4" CO2="0.00" CO="0.00" HC="0.00" NOx="0.00" PMx="0.00" fuel="0.00" electricity="0.00" noise="72.72" route="routebottom" type="cfm-slow" waiting="0.00" lane="bottom_0" pos="34.97" speed="30.20" angle="31.62" x="124.74" y="32.43"/>
        <vehicle id="cfm-slow_2" eclass="HBEFA3/PC_G_EU4" CO2="0.00" CO="0.00" HC="0.00" NOx="0.00" PMx="0.00" fuel="0.00" electricity="0.00" noise="71.96" route="routebottom" type="cfm-slow" waiting="0.00" lane="right_0" pos="10.12" speed="28.87" angle="346.25" x="128.82" y="85.16"/>
        <vehicle id="cfm-slow_3" eclass="HBEFA3/PC_G_EU4" CO2="0.00" CO="0.00" HC="0.00" NOx="0.00" PMx="0.00" fuel="0.00" electricity="0.00" noise="71.51" route="routebottom" type="cfm-slow" waiting="0.00" lane="right_0" pos="33.86" speed="27.37" angle="303.57" x="97.00" y="123.61"/>
        <vehicle id="cfm-slow_4" eclass="HBEFA3/PC_G_EU4" CO2="0.00" CO="0.00" HC="0.00" NOx="0.00" PMx="0.00" fuel="0.00" electricity="0.00" noise="72.10" route="routetop" type="cfm-slow" waiting="0.00" lane="top_0" pos="6.10" speed="26.44" angle="263.43" x="50.52" y="131.00"/>
        <vehicle id="cfm-slow_5" eclass="HBEFA3/PC_G_EU4" CO2="11192.84" CO="166.20" HC="1.04" NOx="4.58" PMx="0.25" fuel="4.81" electricity="0.00" noise="74.11" route="routetop" type="cfm-slow" waiting="0.00" lane="top_0" pos="27.46" speed="26.50" angle="225.07" x="11.56" y="108.28"/>
    </timestep>
    <timestep time="9.44">
        <vehicle id="cfm-fast_0" eclass="HBEFA3/PC_G_EU4" CO2="52140.18" CO="2207.15" HC="11.48" NOx="23.07" PMx="1.85" fuel="22.41" electricity="0.00" noise="94.94" route="routetop" type="cfm-fast" waiting="0.00" lane="top_1" pos="31.04" speed="74.96" angle="218.59" x="9.61" y="100.29"/>
        <vehicle id="cfm-fast_1" eclass="HBEFA3/PC_G_EU4" CO2="15425.65" CO="258.41" HC="1.56" NOx="6.56" PMx="0.37" fuel="6.63" electricity="0.00" noise="76.08" route="routetop" type="cfm-fast" waiting="0.00" lane="top_0" pos="49.26" speed="27.54" angle="185.86" x="-4.91" y="65.35"/>
        <vehicle id="cfm-fast_2" eclass="HBEFA3/PC_G_EU4" CO2="37933.67" CO="1941.30" HC="9.92" NOx="16.36" PMx="1.49" fuel="16.31" electricity="0.00" noise="92.37" route="routetop" type="cfm-fast" waiting="0.00" lane="left_1" pos="47.26" speed="75.55" angle="99.45" x="58.02" y="-1.40"/>
        <vehicle id="cfm-fast_3" eclass="HBEFA3/PC_G_EU4" CO2="15231.90" CO="263.26" HC="1.58" NOx="6.44" PMx="0.37" fuel="6.55" electricity="0.00" noise="76.31" route="routetop" type="cfm-fast" waiting="0.00" lane="left_0" pos="17.91" speed="29.02" angle="152.27" x="5.63" y="27.04"/>
        <vehicle id="cfm-fast_4" eclass="HBEFA3/PC_G_EU4" CO2="40071.20" CO="1982.21" HC="10.16" NOx="17.37" PMx="1.55" fuel="17.23" electricity="0.00" noise="92.74" route="routebottom" type="cfm-fast" waiting="0.00" lane="right_1" pos="13.90" speed="75.48" angle="339.43" x="122.84" y="91.29"/>
        <vehicle id="cfm-fast_5" eclass="HBEFA3/PC_G_EU4" CO2="10201.43" CO="168.62" HC="1.03" NOx="4.03" PMx="0.24" fuel="4.39" electricity="0.00" noise="75.02" route="routetop" type="cfm-fast" waiting="0.00" lane="left_0" pos="38.08" speed="30.28" angle="115.97" x="38.53" y="-0.17"/>
        <vehicle id="cfm-slow_0" eclass="HBEFA3/PC_G_EU4" CO2="0.00" CO="0.00" HC="0.00" NOx="0.00" PMx="0.00" fuel="0.00" electricity="0.00" noise="73.64" route="routebottom" type="cfm-slow" waiting="0.00" lane="bottom_0" pos="9.49" speed="30.74" angle="77.34" x="83.86" y="-1.89"/>
        <vehicle id="cfm-slow_1" eclass="HBEFA3/PC_G_EU4" CO2="0.00" CO="0.00" HC="0.00" NOx="0.00" PMx="0.00" fuel="0.00" electricity="0.00" noise="72.71" route="routebottom" type="cfm-slow" waiting="0.00" lane="bottom_0" pos="35.27" speed="30.19" angle="31.07" x="125.03" y="33.01"/>
        <vehicle id="cfm-slow_2" eclass="HBEFA3/PC_G_EU4" CO2="0.00" CO="0.00" HC="0.00" NOx="0.00" PMx="0.00" fuel="0.00" electricity="0.00" noise="71.96" route="routebottom" type="cfm-slow" waiting="0.00" lane="right_0" pos="10.41" speed="28.85" angle="345.76" x="128.62" y="85.75"/>
        <vehicle id="cfm-slow_3" eclass="HBEFA3/PC_G_EU4" CO2="0.00" CO="0.00" HC="0.00" NOx="0.00" PMx="0.00" fuel="0.00" electricity="0.00" noise="71.51" route="routebottom" type="cfm-slow" waiting="0.00" lane="right_0" pos="34.14" speed="27.36" angle="303.07" x="96.48" y="123.90"/>
        <vehicle id="cfm-slow_4" eclass="HBEFA3/PC_G_EU4" CO2="0.00" CO="0.00" HC="0.00" NOx="0.00" PMx="0.00" fuel="0.00" electricity="0.00" noise="72.11" route="routetop" type="cfm-slow" waiting="0.00" lane="top_0" pos="6.37" speed="26.44" angle="263.00" x="49.96" y="130.89"/>
        <vehicle id="cfm-slow_5" eclass="HBEFA3/PC_G_EU4" CO2="11235.07" CO="167.11" HC="1.04" NOx="4.60" PMx="0.26" fuel="4.83" electricity="0.00" noise="74.13" route="routetop" type="cfm-slow" waiting="0.00" lane="top_0" pos="27.73" speed="26.51" angle="224.57" x="11.19" y="107.85"/>
    </timestep>
    <timestep time="9.45">
        <vehicle id="cfm-fast_0" eclass="HBEFA3/PC_G_EU4" CO2="51982.05" CO="2204.24" HC="11.46" NOx="23.00" PMx="1.85" fuel="22.35" electricity="0.00" noise="94.91" route="routetop" type="cfm-fast" waiting="0.00" lane="top_1" pos="31.79" speed="74.97" angle="217.24" x="8.76" y="99.01"/>
        <vehicle id="cfm-fast_1" eclass="HBEFA3/PC_G_EU4" CO2="15427.04" CO="258.52" HC="1.56" NOx="6.56" PMx="0.37" fuel="6.63" electricity="0.00" noise="76.08" route="routetop" type="cfm-fast" waiting="0.00" lane="top_0" pos="49.54" speed="27.55" angle="185.36" x="-4.93" y="64.76"/>
        <vehicle id="cfm-fast_2" eclass="HBEFA3/PC_G_EU4" CO2="37938.98" CO="1941.42" HC="9.92" NOx="16.36" PMx="1.49" fuel="16.31" electricity="0.00" noise="92.37" route="routetop" type="cfm-fast" waiting="0.00" lane="left_1" pos="48.02" speed="75.55" angle="98.11" x="59.57" y="-1.51"/>
        <vehicle id="cfm-fast_3" eclass="HBEFA3/PC_G_EU4" CO2="15186.97" CO="262.41" HC="1.58" NOx="6.41" PMx="0.37" fuel="6.53" electricity="0.00" noise="76.30" route="routetop" type="cfm-fast" waiting="0.00" lane="left_0" pos="18.20" speed="29.03" angle="151.74" x="5.98" y="26.52"/>
        <vehicle id="cfm-fast_4" eclass="HBEFA3/PC_G_EU4" CO2="40072.22" CO="1982.29" HC="10.16" NOx="17.37" PMx="1.55" fuel="17.23" electricity="0.00" noise="92.74" route="routebottom" type="cfm-fast" waiting="0.00" lane="right_1" pos="14.65" speed="75.49" angle="338.08" x="122.16" y="92.68"/>
        <vehicle id="cfm-fast_5" eclass="HBEFA3/PC_G_EU4" CO2="10126.33" CO="167.12" HC="1.02" NOx="4.00" PMx="0.24" fuel="4.35" electricity="0.00" noise="75.00" route="routetop" type="cfm-fast" waiting="0.00" lane="left_0" pos="38.38" speed="30.28" angle="115.43" x="39.13" y="-0.41"/>
        <vehicle id="cfm-slow_0" eclass="HBEFA3/PC_G_EU4" CO2="0.00" CO="0.00" HC="0.00" NOx="0.00" PMx="0.00" fuel="0.00" electricity="0.00" noise="73.62" route="routebottom" type="cfm-slow" waiting="0.00" lane="bottom_0" pos="9.79" speed="30.74" angle="76.78" x="84.49" y="-1.70"/>
        <vehicle id="cfm-slow_1" eclass="HBEFA3/PC_G_EU4" CO2="0.00" CO="0.00" HC="0.00" NOx="0.00" PMx="0.00" fuel="0.00" electricity="0.00" noise="72.70" route="routebottom" type="cfm-slow" waiting="0.00" lane="bottom_0" pos="35.57" speed="30.17" angle="30.52" x="125.33" y="33.59"/>
        <vehicle id="cfm-slow_2" eclass="HBEFA3/PC_G_EU4" CO2="0.00" CO="0.00" HC="0.00" NOx="0.00" PMx="0.00" fuel="0.00" electricity="0.00" noise="71.95" route="routebottom" type="cfm-slow" waiting="0.00" lane="right_0" pos="10.69" speed="28.84" angle="345.21" x="128.41" y="86.33"/>
        <vehicle id="cfm-slow_3" eclass="HBEFA3/PC_G_EU4" CO2="0.00" CO="0.00" HC="0.00" NOx="0.00" PMx="0.00" fuel="0.00" electricity="0.00" noise="71.51" route="routebottom" type="cfm-slow" waiting="0.00" lane="right_0" pos="34.41" speed="27.35" angle="302.58" x="95.97" y="124.19"/>
        <vehicle id="cfm-slow_4" eclass="HBEFA3/PC_G_EU4" CO2="0.00" CO="0.00" HC="0.00" NOx="0.00" PMx="0.00" fuel="0.00" electricity="0.00" noise="72.13" route="routetop" type="cfm-slow" waiting="0.00" lane="top_0" pos="6.63" speed="26.44" angle="262.51" x="49.41" y="130.77"/>
        <vehicle id="cfm-slow_5" eclass="HBEFA3/PC_G_EU4" CO2="11276.93" CO="168.01" HC="1.05" NOx="4.62" PMx="0.26" fuel="4.85" electricity="0.00" noise="74.15" route="routetop" type="cfm-slow" waiting="0.00" lane="top_0" pos="27.99" speed="26.52" angle="224.08" x="10.82" y="107.42"/>
    </timestep>
    <timestep time="9.46">
        <vehicle id="cfm-fast_0" eclass="HBEFA3/PC_G_EU4" CO2="51825.55" CO="2201.35" HC="11.44" NOx="22.92" PMx="1.84" fuel="22.28" electricity="0.00" noise="94.88" route="routetop" type="cfm-fast" waiting="0.00" lane="top_1" pos="32.54" speed="74.98" angle="215.94" x="7.94" y="97.71"/>
        <vehicle id="cfm-fast_1" eclass="HBEFA3/PC_G_EU4" CO2="15428.00" CO="258.62" HC="1.56" NOx="6.56" PMx="0.37" fuel="6.63" electricity="0.00" noise="76.08" route="routetop" type="cfm-fast" waiting="0.00" lane="top_0" pos="49.81" speed="27.56" angle="184.86" x="-4.94" y="64.17"/>
        <vehicle id="cfm-fast_2" eclass="HBEFA3/PC_G_EU4" CO2="37944.39" CO="1941.54" HC="9.92" NOx="16.37" PMx="1.49" fuel="16.31" electricity="0.00" noise="92.37" route="routetop" type="cfm-fast" waiting="0.00" lane="left_1" pos="48.77" speed="75.55" angle="96.77" x="61.11" y="-1.60"/>
        <vehicle id="cfm-fast_3" eclass="HBEFA3/PC_G_EU4" CO2="15141.74" CO="261.57" HC="1.57" NOx="6.39" PMx="0.37" fuel="6.51" electricity="0.00" noise="76.28" route="routetop" type="cfm-fast" waiting="0.00" lane="left_0" pos="18.49" speed="29.04" angle="151.19" x="6.32" y="26.00"/>
        <vehicle id="cfm-fast_4" eclass="HBEFA3/PC_G_EU4" CO2="40072.84" CO="1982.36" HC="10.16" NOx="17.37" PMx="1.55" fuel="17.23" electricity="0.00" noise="92.74" route="routebottom" type="cfm-fast" waiting="0.00" lane="right_1" pos="15.41" speed="75.49" angle="336.75" x="121.46" y="94.07"/>
        <vehicle id="cfm-fast_5" eclass="HBEFA3/PC_G_EU4" CO2="10051.25" CO="165.61" HC="1.01" NOx="3.96" PMx="0.24" fuel="4.32" electricity="0.00" noise="74.98" route="routetop" type="cfm-fast" waiting="0.00" lane="left_0" pos="38.69" speed="30.29" angle="114.91" x="39.74" y="-0.64"/>
        <vehicle id="cfm-slow_0" eclass="HBEFA3/PC_G_EU4" CO2="0.00" CO="0.00" HC="0.00" NOx="0.00" PMx="0.00" fuel="0.00" electricity="0.00" noise="73.61" route="routebottom" type="cfm-slow" waiting="0.00" lane="bottom_0" pos="10.10" speed="30.73" angle="76.22" x="85.13" y="-1.50"/>
        <vehicle id="cfm-slow_1" eclass="HBEFA3/PC_G_EU4" CO2="0.00" CO="0.00" HC="0.00" NOx="0.00" PMx="0.00" fuel="0.00" electricity="0.00" noise="72.70" route="routebottom" type="cfm-slow" waiting="0.00" lane="bottom_0" pos="35.87" speed="30.16" angle="30.02" x="125.62" y="34.17"/>
        <vehicle id="cfm-slow_2" eclass="HBEFA3/PC_G_EU4" CO2="0.00" CO="0.00" HC="0.00" NOx="0.00" PMx="0.00" fuel="0.00" electricity="0.00" noise="71.95" route="routebottom" type="cfm-slow" waiting="0.00" lane="right_0" pos="10.98" speed="28.82" angle="344.66" x="128.20" y="86.92"/>
        <vehicle id="cfm-slow_3" eclass="HBEFA3/PC_G_EU4" CO2="0.00" CO="0.00" HC="0.00" NOx="0.00" PMx="0.00" fuel="0.00" electricity="0.00" noise="71.52" route="routebottom" type="cfm-slow" waiting="0.00" lane="right_0" pos="34.68" speed="27.34" angle="302.14" x="95.45" y="124.47"/>
        <vehicle id="cfm-slow_4" eclass="HBEFA3/PC_G_EU4" CO2="4735.88" CO="32.97" HC="0.27" NOx="1.54" PMx="0.09" fuel="2.04" electricity="0.00" noise="72.14" route="routetop" type="cfm-slow" waiting="0.00" lane="top_0" pos="6.90" speed="26.44" angle="262.01" x="48.85" y="130.64"/>
        <vehicle id="cfm-slow_5" eclass="HBEFA3/PC_G_EU4" CO2="11318.42" CO="168.91" HC="1.05" NOx="4.64" PMx="0.26" fuel="4.87" electricity="0.00" noise="74.17" route="routetop" type="cfm-slow" waiting="0.00" lane="top_0" pos="28.26" speed="26.53" angle="223.66" x="10.45" y="106.98"/>
    </timestep>
    <timestep time="9.47">
        <vehicle id="cfm-fast_0" eclass="HBEFA3/PC_G_EU4" CO2="51670.66" CO="2198.50" HC="11.43" NOx="22.85" PMx="1.84" fuel="22.21" electricity="0.00" noise="94.85" route="routetop" type="cfm-fast" waiting="0.00" lane="top_1" pos="33.29" speed="74.99" angle="214.62" x="7.15" y="96.39"/>
        <vehicle id="cfm-fast_1" eclass="HBEFA3/PC_G_EU4" CO2="15428.53" CO="258.70" HC="1.56" NOx="6.56" PMx="0.37" fuel="6.63" electricity="0.00" noise="76.09" route="routetop" type="cfm-fast" waiting="0.00" lane="left_0" pos="0.09" speed="27.58" angle="184.32" x="-4.95" y="63.38"/>
        <vehicle id="cfm-fast_2" eclass="HBEFA3/PC_G_EU4" CO2="37949.90" CO="1941.66" HC="9.92" NOx="16.37" PMx="1.49" fuel="16.31" electricity="0.00" noise="92.37" route="routetop" type="cfm-fast" waiting="0.00" lane="left_1" pos="49.53" speed="75.55" angle="95.35" x="62.66" y="-1.63"/>
        <vehicle id="cfm-fast_3" eclass="HBEFA3/PC_G_EU4" CO2="15096.19" CO="260.71" HC="1.57" NOx="6.37" PMx="0.37" fuel="6.49" electricity="0.00" noise="76.27" route="routetop" type="cfm-fast" waiting="0.00" lane="left_0" pos="18.78" speed="29.06" angle="150.65" x="6.67" y="25.48"/>
        <vehicle id="cfm-fast_4" eclass="HBEFA3/PC_G_EU4" CO2="40073.09" CO="1982.42" HC="10.16" NOx="17.37" PMx="1.55" fuel="17.23" electricity="0.00" noise="92.74" route="routebottom" type="cfm-fast" waiting="0.00" lane="right_1" pos="16.16" speed="75.49" angle="335.40" x="120.72" y="95.42"/>
        <vehicle id="cfm-fast_5" eclass="HBEFA3/PC_G_EU4" CO2="9976.22" CO="164.11" HC="1.00" NOx="3.93" PMx="0.24" fuel="4.29" electricity="0.00" noise="74.97" route="routetop" type="cfm-fast" waiting="0.00" lane="left_0" pos="38.99" speed="30.29" angle="114.35" x="40.36" y="-0.86"/>
        <vehicle id="cfm-slow_0" eclass="HBEFA3/PC_G_EU4" CO2="0.00" CO="0.00" HC="0.00" NOx="0.00" PMx="0.00" fuel="0.00" electricity="0.00" noise="73.60" route="routebottom" type="cfm-slow" waiting="0.00" lane="bottom_0" pos="10.41" speed="30.73" angle="75.71" x="85.75" y="-1.29"/>
        <vehicle id="cfm-slow_1" eclass="HBEFA3/PC_G_EU4" CO2="0.00" CO="0.00" HC="0.00" NOx="0.00" PMx="0.00" fuel="0.00" electricity="0.00" noise="72.69" route="routebottom" type="cfm-slow" waiting="0.00" lane="bottom_0" pos="36.18" speed="30.15" angle="29.45" x="125.89" y="34.76"/>
        <vehicle id="cfm-slow_2" eclass="HBEFA3/PC_G_EU4" CO2="0.00" CO="0.00" HC="0.00" NOx="0.00" PMx="0.00" fuel="0.00" electricity="0.00" noise="71.94" route="routebottom" type="cfm-slow" waiting="0.00" lane="right_0" pos="11.27" speed="28.81" angle="344.11" x="127.99" y="87.50"/>
        <vehicle id="cfm-slow_3" eclass="HBEFA3/PC_G_EU4" CO2="0.00" CO="0.00" HC="0.00" NOx="0.00" PMx="0.00" fuel="0.00" electricity="0.00" noise="71.52" route="routebottom" type="cfm-slow" waiting="0.00" lane="right_0" pos="34.96" speed="27.34" angle="301.65" x="94.92" y="124.73"/>
        <vehicle id="cfm-slow_4" eclass="HBEFA3/PC_G_EU4" CO2="4800.76" CO="34.30" HC="0.28" NOx="1.57" PMx="0.09" fuel="2.06" electricity="0.00" noise="72.16" route="routetop" type="cfm-slow" waiting="0.00" lane="top_0" pos="7.16" speed="26.44" angle="261.51" x="48.30" y="130.52"/>
        <vehicle id="cfm-slow_5" eclass="HBEFA3/PC_G_EU4" CO2="11359.54" CO="169.80" HC="1.06" NOx="4.66" PMx="0.26" fuel="4.88" electricity="0.00" noise="74.18" route="routetop" type="cfm-slow" waiting="0.00" lane="top_0" pos="28.52" speed="26.54" angle="223.17" x="10.10" y="106.53"/>
    </timestep>
    <timestep time="9.48">
        <vehicle id="cfm-fast_0" eclass="HBEFA3/PC_G_EU4" CO2="51517.37" CO="2195.68" HC="11.41" NOx="22.78" PMx="1.84" fuel="22.15" electricity="0.00" noise="94.82" route="routetop" type="cfm-fast" waiting="0.00" lane="top_1" pos="34.04" speed="74.99" angle="213.26" x="6.40" y="95.05"/>
        <vehicle id="cfm-fast_1" eclass="HBEFA3/PC_G_EU4" CO2="15428.63" CO="258.78" HC="1.56" NOx="6.56" PMx="0.37" fuel="6.63" electricity="0.00" noise="76.09" route="routetop" type="cfm-fast" waiting="0.00" lane="left_0" pos="0.36" speed="27.59" angle="183.82" x="-4.93" y="62.79"/>
        <vehicle id="cfm-fast_2" eclass="HBEFA3/PC_G_EU4" CO2="37955.51" CO="1941.78" HC="9.92" NOx="16.37" PMx="1.49" fuel="16.32" electricity="0.00" noise="92.37" route="routebottom" type="cfm-fast" waiting="0.00" lane="bottom_1" pos="0.28" speed="75.55" angle="93.98" x="64.27" y="-1.64"/>
        <vehicle id="cfm-fast_3" eclass="HBEFA3/PC_G_EU4" CO2="15050.34" CO="259.85" HC="1.56" NOx="6.35" PMx="0.36" fuel="6.47" electricity="0.00" noise="76.25" route="routetop" type="cfm-fast" waiting="0.00" lane="left_0" pos="19.07" speed="29.07" angle="150.10" x="7.02" y="24.96"/>
        <vehicle id="cfm-fast_4" eclass="HBEFA3/PC_G_EU4" CO2="40072.96" CO="1982.48" HC="10.16" NOx="17.37" PMx="1.55" fuel="17.23" electricity="0.00" noise="92.74" route="routebottom" type="cfm-fast" waiting="0.00" lane="right_1" pos="16.92" speed="75.49" angle="334.09" x="119.95" y="96.77"/>
        <vehicle id="cfm-fast_5" eclass="HBEFA3/PC_G_EU4" CO2="9901.22" CO="162.60" HC="0.99" NOx="3.89" PMx="0.23" fuel="4.26" electricity="0.00" noise="74.95" route="routetop" type="cfm-fast" waiting="0.00" lane="left_0" pos="39.29" speed="30.30" angle="113.80" x="40.97" y="-1.08"/>
        <vehicle id="cfm-slow_0" eclass="HBEFA3/PC_G_EU4" CO2="0.00" CO="0.00" HC="0.00" NOx="0.00" PMx="0.00" fuel="0.00" electricity="0.00" noise="73.59" route="routebottom" type="cfm-slow" waiting="0.00" lane="bottom_0" pos="10.71" speed="30.72" angle="75.14" x="86.37" y="-1.07"/>
        <vehicle id="cfm-slow_1" eclass="HBEFA3/PC_G_EU4" CO2="0.00" CO="0.00" HC="0.00" NOx="0.00" PMx="0.00" fuel="0.00" electricity="0.00" noise="72.68" route="routebottom" type="cfm-slow" waiting="0.00" lane="bottom_0" pos="36.48" speed="30.14" angle="28.87" x="126.15" y="35.35"/>
        <vehicle id="cfm-slow_2" eclass="HBEFA3/PC_G_EU4" CO2="0.00" CO="0.00" HC="0.00" NOx="0.00" PMx="0.00" fuel="0.00" electricity="0.00" noise="71.94" route="routebottom" type="cfm-slow" waiting="0.00" lane="right_0" pos="11.56" speed="28.79" angle="343.63" x="127.77" y="88.08"/>
        <vehicle id="cfm-slow_3" eclass="HBEFA3/PC_G_EU4" CO2="0.00" CO="0.00" HC="0.00" NOx="0.00" PMx="0.00" fuel="0.00" electricity="0.00" noise="71.52" route="routebottom" type="cfm-slow" waiting="0.00" lane="right_0" pos="35.23" speed="27.33" angle="301.15" x="94.40" y="124.99"/>
        <vehicle id="cfm-slow_4" eclass="HBEFA3/PC_G_EU4" CO2="4865.41" CO="35.63" HC="0.28" NOx="1.60" PMx="0.09" fuel="2.09" electricity="0.00" noise="72.17" route="routetop" type="cfm-slow" waiting="0.00" lane="top_0" pos="7.43" speed="26.44" angle="261.01" x="47.74" y="130.39"/>
        <vehicle id="cfm-slow_5" eclass="HBEFA3/PC_G_EU4" CO2="11400.28" CO="170.68" HC="1.06" NOx="4.68" PMx="0.26" fuel="4.90" electricity="0.00" noise="74.20" route="routetop" type="cfm-slow" waiting="0.00" lane="top_0" pos="28.79" speed="26.55" angle="222.69" x="9.75" y="106.08"/>
    </timestep>
    <timestep time="9.49">
        <vehicle id="cfm-fast_0" eclass="HBEFA3/PC_G_EU4" CO2="51365.66" CO="2192.89" HC="11.39" NOx="22.71" PMx="1.83" fuel="22.08" electricity="0.00" noise="94.79" route="routetop" type="cfm-fast" waiting="0.00" lane="top_1" pos="34.79" speed="75.00" angle="211.95" x="5.67" y="93.70"/>
        <vehicle id="cfm-fast_1" eclass="HBEFA3/PC_G_EU4" CO2="15428.30" CO="258.86" HC="1.57" NOx="6.56" PMx="0.37" fuel="6.63" electricity="0.00" noise="76.09" route="routetop" type="cfm-fast" waiting="0.00" lane="left_0" pos="0.64" speed="27.61" angle="183.32" x="-4.92" y="62.20"/>
        <vehicle id="cfm-fast_2" eclass="HBEFA3/PC_G_EU4" CO2="37961.21" CO="1941.90" HC="9.92" NOx="16.37" PMx="1.49" fuel="16.32" electricity="0.00" noise="92.37" route="routebottom" type="cfm-fast" waiting="0.00" lane="bottom_1" pos="1.04" speed="75.55" angle="92.60" x="65.82" y="-1.61"/>
        <vehicle id="cfm-fast_3" eclass="HBEFA3/PC_G_EU4" CO2="15004.19" CO="258.99" HC="1.56" NOx="6.33" PMx="0.36" fuel="6.45" electricity="0.00" noise="76.24" route="routetop" type="cfm-fast" waiting="0.00" lane="left_0" pos="19.36" speed="29.08" angle="149.63" x="7.37" y="24.44"/>
        <vehicle id="cfm-fast_4" eclass="HBEFA3/PC_G_EU4" CO2="40072.47" CO="1982.52" HC="10.16" NOx="17.37" PMx="1.55" fuel="17.23" electricity="0.00" noise="92.74" route="routebottom" type="cfm-fast" waiting="0.00" lane="right_1" pos="17.67" speed="75.49" angle="332.68" x="119.16" y="98.09"/>
        <vehicle id="cfm-fast_5" eclass="HBEFA3/PC_G_EU4" CO2="9826.27" CO="161.10" HC="0.98" NOx="3.86" PMx="0.23" fuel="4.22" electricity="0.00" noise="74.93" route="routetop" type="cfm-fast" waiting="0.00" lane="left_0" pos="39.60" speed="30.30" angle="113.24" x="41.58" y="-1.30"/>
        <vehicle id="cfm-slow_0" eclass="HBEFA3/PC_G_EU4" CO2="0.00" CO="0.00" HC="0.00" NOx="0.00" PMx="0.00" fuel="0.00" electricity="0.00" noise="73.58" route="routebottom" type="cfm-slow" waiting="0.00" lane="bottom_0" pos="11.02" speed="30.72" angle="74.57" x="87.00" y="-0.85"/>
        <vehicle id="cfm-slow_1" eclass="HBEFA3/PC_G_EU4" CO2="0.00" CO="0.00" HC="0.00" NOx="0.00" PMx="0.00" fuel="0.00" electricity="0.00" noise="72.67" route="routebottom" type="cfm-slow" waiting="0.00" lane="bottom_0" pos="36.78" speed="30.12" angle="28.28" x="126.42" y="35.94"/>
        <vehicle id="cfm-slow_2" eclass="HBEFA3/PC_G_EU4" CO2="0.00" CO="0.00" HC="0.00" NOx="0.00" PMx="0.00" fuel="0.00" electricity="0.00" noise="71.93" route="routebottom" type="cfm-slow" waiting="0.00" lane="right_0" pos="11.85" speed="28.78" angle="343.11" x="127.54" y="88.65"/>
        <vehicle id="cfm-slow_3" eclass="HBEFA3/PC_G_EU4" CO2="0.00" CO="0.00" HC="0.00" NOx="0.00" PMx="0.00" fuel="0.00" electricity="0.00" noise="71.52" route="routebottom" type="cfm-slow" waiting="0.00" lane="right_0" pos="35.50" speed="27.32" angle="300.66" x="93.87" y="125.26"/>
        <vehicle id="cfm-slow_4" eclass="HBEFA3/PC_G_EU4" CO2="4929.82" CO="36.96" HC="0.29" NOx="1.63" PMx="0.09" fuel="2.12" electricity="0.00" noise="72.19" route="routetop" type="cfm-slow" waiting="0.00" lane="top_0" pos="7.69" speed="26.44" angle="260.59" x="47.19" y="130.27"/>
        <vehicle id="cfm-slow_5" eclass="HBEFA3/PC_G_EU4" CO2="11440.64" CO="171.56" HC="1.07" NOx="4.70" PMx="0.26" fuel="4.92" electricity="0.00" noise="74.22" route="routetop" type="cfm-slow" waiting="0.00" lane="top_0" pos="29.05" speed="26.56" angle="222.20" x="9.40" y="105.63"/>
    </timestep>
    <timestep time="9.50">
        <vehicle id="cfm-fast_0" eclass="HBEFA3/PC_G_EU4" CO2="51215.52" CO="2190.12" HC="11.38" NOx="22.64" PMx="1.83" fuel="22.02" electricity="0.00" noise="94.76" route="routetop" type="cfm-fast" waiting="0.00" lane="top_1" pos="35.54" speed="75.01" angle="210.58" x="4.98" y="92.32"/>
        <vehicle id="cfm-fast_1" eclass="HBEFA3/PC_G_EU4" CO2="15427.55" CO="258.92" HC="1.57" NOx="6.56" PMx="0.37" fuel="6.63" electricity="0.00" noise="76.10" route="routetop" type="cfm-fast" waiting="0.00" lane="left_0" pos="0.92" speed="27.62" angle="182.82" x="-4.91" y="61.60"/>
        <vehicle id="cfm-fast_2" eclass="HBEFA3/PC_G_EU4" CO2="37966.99" CO="1942.03" HC="9.92" NOx="16.38" PMx="1.49" fuel="16.32" electricity="0.00" noise="92.38" route="routebottom" type="cfm-fast" waiting="0.00" lane="bottom_1" pos="1.79" speed="75.55" angle="91.27" x="67.37" y="-1.53"/>
        <vehicle id="cfm-fast_3" eclass="HBEFA3/PC_G_EU4" CO2="14957.73" CO="258.11" HC="1.55" NOx="6.30" PMx="0.36" fuel="6.43" electricity="0.00" noise="76.22" route="routetop" type="cfm-fast" waiting="0.00" lane="left_0" pos="19.65" speed="29.10" angle="149.09" x="7.74" y="23.93"/>
        <vehicle id="cfm-fast_4" eclass="HBEFA3/PC_G_EU4" CO2="40071.62" CO="1982.57" HC="10.16" NOx="17.37" PMx="1.55" fuel="17.23" electricity="0.00" noise="92.74" route="routebottom" type="cfm-fast" waiting="0.00" lane="right_1" pos="18.43" speed="75.49" angle="331.33" x="118.32" y="99.40"/>
        <vehicle id="cfm-fast_5" eclass="HBEFA3/PC_G_EU4" CO2="9751.37" CO="159.59" HC="0.98" NOx="3.82" PMx="0.23" fuel="4.19" electricity="0.00" noise="74.91" route="routetop" type="cfm-fast" waiting="0.00" lane="left_0" pos="39.90" speed="30.31" angle="112.74" x="42.20" y="-1.50"/>
        <vehicle id="cfm-slow_0" eclass="HBEFA3/PC_G_EU4" CO2="0.00" CO="0.00" HC="0.00" NOx="0.00" PMx="0.00" fuel="0.00" electricity="0.00" noise="73.57" route="routebottom" type="cfm-slow" waiting="0.00" lane="bottom_0" pos="11.33" speed="30.71" angle="73.99" x="87.62" y="-0.62"/>
        <vehicle id="cfm-slow_1" eclass="HBEFA3/PC_G_EU4" CO2="0.00" CO="0.00" HC="0.00" NOx="0.00" PMx="0.00" fuel="0.00" electricity="0.00" noise="72.67" route="routebottom" type="cfm-slow" waiting="0.00" lane="bottom_0" pos="37.08" speed="30.11" angle="27.71" x="126.68" y="36.53"/>
        <vehicle id="cfm-slow_2" eclass="HBEFA3/PC_G_EU4" CO2="0.00" CO="0.00" HC="0.00" NOx="0.00" PMx="0.00" fuel="0.00" electricity="0.00" noise="71.93" route="routebottom" type="cfm-slow" waiting="0.00" lane="right_0" pos="12.13" speed="28.77" angle="342.58" x="127.31" y="89.23"/>
        <vehicle id="cfm-slow_3" eclass="HBEFA3/PC_G_EU4" CO2="0.00" CO="0.00" HC="0.00" NOx="0.00" PMx="0.00" fuel="0.00" electricity="0.00" noise="71.52" route="routebottom" type="cfm-slow" waiting="0.00" lane="right_0" pos="35.78" speed="27.31" angle="300.16" x="93.35" y="125.52"/>
        <vehicle id="cfm-slow_4" eclass="HBEFA3/PC_G_EU4" CO2="4994.00" CO="38.29" HC="0.30" NOx="1.66" PMx="0.09" fuel="2.15" electricity="0.00" noise="72.20" route="routetop" type="cfm-slow" waiting="0.00" lane="top_0" pos="7.95" speed="26.44" angle="260.10" x="46.64" y="130.12"/>
        <vehicle id="cfm-slow_5" eclass="HBEFA3/PC_G_EU4" CO2="11480.63" CO="172.43" HC="1.07" NOx="4.72" PMx="0.26" fuel="4.93" electricity="0.00" noise="74.24" route="routetop" type="cfm-slow" waiting="0.00" lane="top_0" pos="29.32" speed="26.57" angle="221.72" x="9.05" y="105.18"/>
    </timestep>
    <timestep time="9.51">
        <vehicle id="cfm-fast_0" eclass="HBEFA3/PC_G_EU4" CO2="51066.94" CO="2187.38" HC="11.36" NOx="22.57" PMx="1.83" fuel="21.95" electricity="0.00" noise="94.74" route="routetop" type="cfm-fast" waiting="0.00" lane="top_1" pos="36.29" speed="75.02" angle="209.24" x="4.32" y="90.93"/>
        <vehicle id="cfm-fast_1" eclass="HBEFA3/PC_G_EU4" CO2="15426.37" CO="258.97" HC="1.57" NOx="6.56" PMx="0.37" fuel="6.63" electricity="0.00" noise="76.10" route="routetop" type="cfm-fast" waiting="0.00" lane="left_0" pos="1.19" speed="27.64" angle="182.32" x="-4.89" y="61.01"/>
        <vehicle id="cfm-fast_2" eclass="HBEFA3/PC_G_EU4" CO2="37972.85" CO="1942.16" HC="9.92" NOx="16.38" PMx="1.49" fuel="16.32" electricity="0.00" noise="92.38" route="routebottom" type="cfm-fast" waiting="0.00" lane="bottom_1" pos="2.55" speed="75.55" angle="89.93" x="68.91" y="-1.44"/>
        <vehicle id="cfm-fast_3" eclass="HBEFA3/PC_G_EU4" CO2="14910.98" CO="257.23" HC="1.55" NOx="6.28" PMx="0.36" fuel="6.41" electricity="0.00" noise="76.21" route="routetop" type="cfm-fast" waiting="0.00" lane="left_0" pos="19.94" speed="29.11" angle="148.55" x="8.11" y="23.43"/>
        <vehicle id="cfm-fast_4" eclass="HBEFA3/PC_G_EU4" CO2="40070.43" CO="1982.60" HC="10.16" NOx="17.37" PMx="1.55" fuel="17.22" electricity="0.00" noise="92.74" route="routebottom" type="cfm-fast" waiting="0.00" lane="right_1" pos="19.18" speed="75.49" angle="329.94" x="117.46" y="100.68"/>
        <vehicle id="cfm-fast_5" eclass="HBEFA3/PC_G_EU4" CO2="9676.52" CO="158.09" HC="0.97" NOx="3.79" PMx="0.23" fuel="4.16" electricity="0.00" noise="74.89" route="routetop" type="cfm-fast" waiting="0.00" lane="left_0" pos="40.20" speed="30.31" angle="112.17" x="42.82" y="-1.70"/>
        <vehicle id="cfm-slow_0" eclass="HBEFA3/PC_G_EU4" CO2="0.00" CO="0.00" HC="0.00" NOx="0.00" PMx="0.00" fuel="0.00" electricity="0.00" noise="73.56" route="routebottom" type="cfm-slow" waiting="0.00" lane="bottom_0" pos="11.64" speed="30.71" angle="73.50" x="88.24" y="-0.39"/>
        <vehicle id="cfm-slow_1" eclass="HBEFA3/PC_G_EU4" CO2="0.00" CO="0.00" HC="0.00" NOx="0.00" PMx="0.00" fuel="0.00" electricity="0.00" noise="72.66" route="routebottom" type="cfm-slow" waiting="0.00" lane="bottom_0" pos="37.38" speed="30.10" angle="27.22" x="126.93" y="37.13"/>
        <vehicle id="cfm-slow_2" eclass="HBEFA3/PC_G_EU4" CO2="0.00" CO="0.00" HC="0.00" NOx="0.00" PMx="0.00" fuel="0.00" electricity="0.00" noise="71.92" route="routebottom" type="cfm-slow" waiting="0.00" lane="right_0" pos="12.42" speed="28.75" angle="342.06" x="127.08" y="89.80"/>
        <vehicle id="cfm-slow_3" eclass="HBEFA3/PC_G_EU4" CO2="0.00" CO="0.00" HC="0.00" NOx="0.00" PMx="0.00" fuel="0.00" electricity="0.00" noise="71.53" route="routebottom" type="cfm-slow" waiting="0.00" lane="right_0" pos="36.05" speed="27.30" angle="299.71" x="92.82" y="125.77"/>
        <vehicle id="cfm-slow_4" eclass="HBEFA3/PC_G_EU4" CO2="5057.94" CO="39.60" HC="0.31" NOx="1.69" PMx="0.09" fuel="2.17" electricity="0.00" noise="72.22" route="routetop" type="cfm-slow" waiting="0.00" lane="top_0" pos="8.22" speed="26.44" angle="259.62" x="46.09" y="129.97"/>
        <vehicle id="cfm-slow_5" eclass="HBEFA3/PC_G_EU4" CO2="11520.25" CO="173.29" HC="1.08" NOx="4.74" PMx="0.26" fuel="4.95" electricity="0.00" noise="74.26" route="routetop" type="cfm-slow" waiting="0.00" lane="top_0" pos="29.59" speed="26.58" angle="221.29" x="8.70" y="104.73"/>
    </timestep>
    <timestep time="9.52">
        <vehicle id="cfm-fast_0" eclass="HBEFA3/PC_G_EU4" CO2="50919.90" CO="2184.67" HC="11.35" NOx="22.50" PMx="1.82" fuel="21.89" electricity="0.00" noise="94.71" route="routetop" type="cfm-fast" waiting="0.00" lane="top_1" pos="37.04" speed="75.02" angle="207.82" x="3.69" y="89.53"/>
        <vehicle id="cfm-fast_1" eclass="HBEFA3/PC_G_EU4" CO2="15424.76" CO="259.02" HC="1.57" NOx="6.56" PMx="0.37" fuel="6.63" electricity="0.00" noise="76.10" route="routetop" type="cfm-fast" waiting="0.00" lane="left_0" pos="1.47" speed="27.65" angle="181.84" x="-4.86" y="60.41"/>
        <vehicle id="cfm-fast_2" eclass="HBEFA3/PC_G_EU4" CO2="37978.79" CO="1942.29" HC="9.92" NOx="16.38" PMx="1.49" fuel="16.33" electricity="0.00" noise="92.38" route="routebottom" type="cfm-fast" waiting="0.00" lane="bottom_1" pos="3.30" speed="75.55" angle="88.56" x="70.45" y="-1.29"/>
        <vehicle id="cfm-fast_3" eclass="HBEFA3/PC_G_EU4" CO2="14863.94" CO="256.35" HC="1.54" NOx="6.26" PMx="0.36" fuel="6.39" electricity="0.00" noise="76.19" route="routetop" type="cfm-fast" waiting="0.00" lane="left_0" pos="20.23" speed="29.12" angle="148.01" x="8.47" y="22.92"/>
        <vehicle id="cfm-fast_4" eclass="HBEFA3/PC_G_EU4" CO2="40068.89" CO="1982.62" HC="10.16" NOx="17.37" PMx="1.55" fuel="17.22" electricity="0.00" noise="92.74" route="routebottom" type="cfm-fast" waiting="0.00" lane="right_1" pos="19.94" speed="75.49" angle="328.56" x="116.56" y="101.94"/>
        <vehicle id="cfm-fast_5" eclass="HBEFA3/PC_G_EU4" CO2="9601.73" CO="156.58" HC="0.96" NOx="3.75" PMx="0.23" fuel="4.13" electricity="0.00" noise="74.88" route="routetop" type="cfm-fast" waiting="0.00" lane="left_0" pos="40.51" speed="30.32" angle="111.60" x="43.45" y="-1.89"/>
        <vehicle id="cfm-slow_0" eclass="HBEFA3/PC_G_EU4" CO2="0.00" CO="0.00" HC="0.00" NOx="0.00" PMx="0.00" fuel="0.00" electricity="0.00" noise="73.55" route="routebottom" type="cfm-slow" waiting="0.00" lane="bottom_0" pos="11.94" speed="30.70" angle="72.95" x="88.85" y="-0.15"/>
        <vehicle id="cfm-slow_1" eclass="HBEFA3/PC_G_EU4" CO2="0.00" CO="0.00" HC="0.00" NOx="0.00" PMx="0.00" fuel="0.00" electricity="0.00" noise="72.65" route="routebottom" type="cfm-slow" waiting="0.00" lane="bottom_0" pos="37.68" speed="30.09" angle="26.68" x="127.17" y="37.73"/>
        <vehicle id="cfm-slow_2" eclass="HBEFA3/PC_G_EU4" CO2="0.00" CO="0.00" HC="0.00" NOx="0.00" PMx="0.00" fuel="0.00" electricity="0.00" noise="71.92" route="routebottom" type="cfm-slow" waiting="0.00" lane="right_0" pos="12.71" speed="28.74" angle="341.56" x="126.85" y="90.38"/>
        <vehicle id="cfm-slow_3" eclass="HBEFA3/PC_G_EU4" CO2="0.00" CO="0.00" HC="0.00" NOx="0.00" PMx="0.00" fuel="0.00" electricity="0.00" noise="71.53" route="routebottom" type="cfm-slow" waiting="0.00" lane="right_0" pos="36.32" speed="27.29" angle="299.18" x="92.28" y="126.01"/>
        <vehicle id="cfm-slow_4" eclass="HBEFA3/PC_G_EU4" CO2="5121.63" CO="40.92" HC="0.32" NOx="1.72" PMx="0.10" fuel="2.20" electricity="0.00" noise="72.23" route="routetop" type="cfm-slow" waiting="0.00" lane="top_0" pos="8.48" speed="26.44" angle="259.14" x="45.54" y="129.83"/>
        <vehicle id="cfm-slow_5" eclass="HBEFA3/PC_G_EU4" CO2="11559.49" CO="174.14" HC="1.08" NOx="4.76" PMx="0.26" fuel="4.97" electricity="0.00" noise="74.27" route="routetop" type="cfm-slow" waiting="0.00" lane="top_0" pos="29.85" speed="26.59" angle="220.80" x="8.37" y="104.26"/>
    </timestep>
    <timestep time="9.53">
        <vehicle id="cfm-fast_0" eclass="HBEFA3/PC_G_EU4" CO2="50774.39" CO="2181.99" HC="11.33" NOx="22.43" PMx="1.82" fuel="21.83" electricity="0.00" noise="94.68" route="routetop" type="cfm-fast" waiting="0.00" lane="top_1" pos="37.79" speed="75.03" angle="206.47" x="3.11" y="88.10"/>
        <vehicle id="cfm-fast_1" eclass="HBEFA3/PC_G_EU4" CO2="15422.74" CO="259.05" HC="1.57" NOx="6.55" PMx="0.37" fuel="6.63" electricity="0.00" noise="76.10" route="routetop" type="cfm-fast" waiting="0.00" lane="left_0" pos="1.74" speed="27.67" angle="181.34" x="-4.83" y="59.82"/>
        <vehicle id="cfm-fast_2" eclass="HBEFA3/PC_G_EU4" CO2="37984.79" CO="1942.42" HC="9.92" NOx="16.39" PMx="1.49" fuel="16.33" electricity="0.00" noise="92.38" route="routebottom" type="cfm-fast" waiting="0.00" lane="bottom_1" pos="4.06" speed="75.55" angle="87.23" x="71.99" y="-1.11"/>
        <vehicle id="cfm-fast_3" eclass="HBEFA3/PC_G_EU4" CO2="14816.60" CO="255.45" HC="1.54" NOx="6.24" PMx="0.36" fuel="6.37" electricity="0.00" noise="76.18" route="routetop" type="cfm-fast" waiting="0.00" lane="left_0" pos="20.53" speed="29.13" angle="147.53" x="8.84" y="22.41"/>
        <vehicle id="cfm-fast_4" eclass="HBEFA3/PC_G_EU4" CO2="40067.02" CO="1982.64" HC="10.16" NOx="17.37" PMx="1.55" fuel="17.22" electricity="0.00" noise="92.74" route="routebottom" type="cfm-fast" waiting="0.00" lane="right_1" pos="20.69" speed="75.50" angle="327.22" x="115.64" y="103.19"/>
        <vehicle id="cfm-fast_5" eclass="HBEFA3/PC_G_EU4" CO2="9526.99" CO="155.08" HC="0.95" NOx="3.71" PMx="0.23" fuel="4.10" electricity="0.00" noise="74.86" route="routetop" type="cfm-fast" waiting="0.00" lane="left_0" pos="40.81" speed="30.32" angle="111.03" x="44.07" y="-2.08"/>
        <vehicle id="cfm-slow_0" eclass="HBEFA3/PC_G_EU4" CO2="0.00" CO="0.00" HC="0.00" NOx="0.00" PMx="0.00" fuel="0.00" electricity="0.00" noise="73.54" route="routebottom" type="cfm-slow" waiting="0.00" lane="bottom_0" pos="12.25" speed="30.70" angle="72.41" x="89.46" y="0.10"/>
        <vehicle id="cfm-slow_1" eclass="HBEFA3/PC_G_EU4" CO2="0.00" CO="0.00" HC="0.00" NOx="0.00" PMx="0.00" fuel="0.00" electricity="0.00" noise="72.65" route="routebottom" type="cfm-slow" waiting="0.00" lane="bottom_0" pos="37.98" speed="30.07" angle="26.14" x="127.41" y="38.33"/>
        <vehicle id="cfm-slow_2" eclass="HBEFA3/PC_G_EU4" CO2="0.00" CO="0.00" HC="0.00" NOx="0.00" PMx="0.00" fuel="0.00" electricity="0.00" noise="71.91" route="routebottom" type="cfm-slow" waiting="0.00" lane="right_0" pos="13.00" speed="28.72" angle="341.07" x="126.61" y="90.94"/>
        <vehicle id="cfm-slow_3" eclass="HBEFA3/PC_G_EU4" CO2="0.00" CO="0.00" HC="0.00" NOx="0.00" PMx="0.00" fuel="0.00" electricity="0.00" noise="71.53" route="routebottom" type="cfm-slow" waiting="0.00" lane="right_0" pos="36.60" speed="27.28" angle="298.64" x="91.75" y="126.25"/>
        <vehicle id="cfm-slow_4" eclass="HBEFA3/PC_G_EU4" CO2="5185.09" CO="42.23" HC="0.32" NOx="1.75" PMx="0.10" fuel="2.23" electricity="0.00" noise="72.25" route="routetop" type="cfm-slow" waiting="0.00" lane="top_0" pos="8.75" speed="26.44" angle="258.65" x="44.99" y="129.68"/>
        <vehicle id="cfm-slow_5" eclass="HBEFA3/PC_G_EU4" CO2="11598.35" CO="174.98" HC="1.09" NOx="4.77" PMx="0.27" fuel="4.99" electricity="0.00" noise="74.29" route="routetop" type="cfm-slow" waiting="0.00" lane="top_0" pos="30.12" speed="26.60" angle="220.30" x="8.03" y="103.80"/>
    </timestep>
    <timestep time="9.54">
        <vehicle id="cfm-fast_0" eclass="HBEFA3/PC_G_EU4" CO2="50630.41" CO="2179.34" HC="11.31" NOx="22.36" PMx="1.81" fuel="21.76" electricity="0.00" noise="94.65" route="routetop" type="cfm-fast" waiting="0.00" lane="top_1" pos="38.54" speed="75.04" angle="205.11" x="2.55" y="86.67"/>
        <vehicle id="cfm-fast_1" eclass="HBEFA3/PC_G_EU4" CO2="15420.28" CO="259.08" HC="1.57" NOx="6.55" PMx="0.37" fuel="6.63" electricity="0.00" noise="76.10" route="routetop" type="cfm-fast" waiting="0.00" lane="left_0" pos="2.02" speed="27.68" angle="180.85" x="-4.79" y="59.22"/>
        <vehicle id="cfm-fast_2" eclass="HBEFA3/PC_G_EU4" CO2="37990.85" CO="1942.55" HC="9.92" NOx="16.39" PMx="1.49" fuel="16.33" electricity="0.00" noise="92.38" route="routebottom" type="cfm-fast" waiting="0.00" lane="bottom_1" pos="4.82" speed="75.55" angle="85.85" x="73.53" y="-0.90"/>
        <vehicle id="cfm-fast_3" eclass="HBEFA3/PC_G_EU4" CO2="14768.98" CO="254.55" HC="1.53" NOx="6.21" PMx="0.36" fuel="6.35" electricity="0.00" noise="76.16" route="routetop" type="cfm-fast" waiting="0.00" lane="left_0" pos="20.82" speed="29.14" angle="147.00" x="9.23" y="21.92"/>
        <vehicle id="cfm-fast_4" eclass="HBEFA3/PC_G_EU4" CO2="40064.82" CO="1982.66" HC="10.16" NOx="17.37" PMx="1.55" fuel="17.22" electricity="0.00" noise="92.74" route="routebottom" type="cfm-fast" waiting="0.00" lane="right_1" pos="21.45" speed="75.50" angle="325.84" x="114.68" y="104.41"/>
        <vehicle id="cfm-fast_5" eclass="HBEFA3/PC_G_EU4" CO2="9452.33" CO="153.58" HC="0.94" NOx="3.68" PMx="0.22" fuel="4.06" electricity="0.00" noise="74.84" route="routetop" type="cfm-fast" waiting="0.00" lane="left_0" pos="41.11" speed="30.33" angle="110.53" x="44.70" y="-2.27"/>
        <vehicle id="cfm-slow_0" eclass="HBEFA3/PC_G_EU4" CO2="0.00" CO="0.00" HC="0.00" NOx="0.00" PMx="0.00" fuel="0.00" electricity="0.00" noise="73.53" route="routebottom" type="cfm-slow" waiting="0.00" lane="bottom_0" pos="12.56" speed="30.69" angle="71.86" x="90.08" y="0.34"/>
        <vehicle id="cfm-slow_1" eclass="HBEFA3/PC_G_EU4" CO2="0.00" CO="0.00" HC="0.00" NOx="0.00" PMx="0.00" fuel="0.00" electricity="0.00" noise="72.64" route="routebottom" type="cfm-slow" waiting="0.00" lane="bottom_0" pos="38.28" speed="30.06" angle="25.59" x="127.65" y="38.93"/>
        <vehicle id="cfm-slow_2" eclass="HBEFA3/PC_G_EU4" CO2="0.00" CO="0.00" HC="0.00" NOx="0.00" PMx="0.00" fuel="0.00" electricity="0.00" noise="71.91" route="routebottom" type="cfm-slow" waiting="0.00" lane="right_0" pos="13.28" speed="28.71" angle="340.55" x="126.36" y="91.51"/>
        <vehicle id="cfm-slow_3" eclass="HBEFA3/PC_G_EU4" CO2="0.00" CO="0.00" HC="0.00" NOx="0.00" PMx="0.00" fuel="0.00" electricity="0.00" noise="71.54" route="routebottom" type="cfm-slow" waiting="0.00" lane="right_0" pos="36.87" speed="27.27" angle="298.11" x="91.21" y="126.49"/>
        <vehicle id="cfm-slow_4" eclass="HBEFA3/PC_G_EU4" CO2="5248.31" CO="43.53" HC="0.33" NOx="1.78" PMx="0.10" fuel="2.26" electricity="0.00" noise="72.26" route="routetop" type="cfm-slow" waiting="0.00" lane="top_0" pos="9.01" speed="26.44" angle="258.23" x="44.44" y="129.53"/>
        <vehicle id="cfm-slow_5" eclass="HBEFA3/PC_G_EU4" CO2="11636.84" CO="175.82" HC="1.09" NOx="4.79" PMx="0.27" fuel="5.00" electricity="0.00" noise="74.31" route="routetop" type="cfm-slow" waiting="0.00" lane="top_0" pos="30.38" speed="26.61" angle="219.81" x="7.70" y="103.33"/>
    </timestep>
    <timestep time="9.55">
        <vehicle id="cfm-fast_0" eclass="HBEFA3/PC_G_EU4" CO2="50487.92" CO="2176.72" HC="11.30" NOx="22.29" PMx="1.81" fuel="21.70" electricity="0.00" noise="94.63" route="routetop" type="cfm-fast" waiting="0.00" lane="top_1" pos="39.29" speed="75.04" angle="203.75" x="2.03" y="85.22"/>
        <vehicle id="cfm-fast_1" eclass="HBEFA3/PC_G_EU4" CO2="15417.41" CO="259.10" HC="1.57" NOx="6.55" PMx="0.37" fuel="6.63" electricity="0.00" noise="76.11" route="routetop" type="cfm-fast" waiting="0.00" lane="left_0" pos="2.30" speed="27.69" angle="180.35" x="-4.76" y="58.63"/>
        <vehicle id="cfm-fast_2" eclass="HBEFA3/PC_G_EU4" CO2="37996.97" CO="1942.69" HC="9.92" NOx="16.39" PMx="1.49" fuel="16.33" electricity="0.00" noise="92.38" route="routebottom" type="cfm-fast" waiting="0.00" lane="bottom_1" pos="5.57" speed="75.55" angle="84.47" x="75.05" y="-0.64"/>
        <vehicle id="cfm-fast_3" eclass="HBEFA3/PC_G_EU4" CO2="14721.07" CO="253.65" HC="1.53" NOx="6.19" PMx="0.36" fuel="6.33" electricity="0.00" noise="76.15" route="routetop" type="cfm-fast" waiting="0.00" lane="left_0" pos="21.11" speed="29.16" angle="146.46" x="9.61" y="21.42"/>
        <vehicle id="cfm-fast_4" eclass="HBEFA3/PC_G_EU4" CO2="40062.30" CO="1982.66" HC="10.16" NOx="17.37" PMx="1.55" fuel="17.22" electricity="0.00" noise="92.74" route="routebottom" type="cfm-fast" waiting="0.00" lane="right_1" pos="22.20" speed="75.50" angle="324.51" x="113.71" y="105.61"/>
        <vehicle id="cfm-fast_5" eclass="HBEFA3/PC_G_EU4" CO2="9377.72" CO="152.07" HC="0.93" NOx="3.64" PMx="0.22" fuel="4.03" electricity="0.00" noise="74.82" route="routetop" type="cfm-fast" waiting="0.00" lane="left_0" pos="41.41" speed="30.33" angle="109.97" x="45.33" y="-2.44"/>
        <vehicle id="cfm-slow_0" eclass="HBEFA3/PC_G_EU4" CO2="0.00" CO="0.00" HC="0.00" NOx="0.00" PMx="0.00" fuel="0.00" electricity="0.00" noise="73.51" route="routebottom" type="cfm-slow" waiting="0.00" lane="bottom_0" pos="12.86" speed="30.69" angle="71.36" x="90.69" y="0.60"/>
        <vehicle id="cfm-slow_1" eclass="HBEFA3/PC_G_EU4" CO2="0.00" CO="0.00" HC="0.00" NOx="0.00" PMx="0.00" fuel="0.00" electricity="0.00" noise="72.63" route="routebottom" type="cfm-slow" waiting="0.00" lane="bottom_0" pos="38.58" speed="30.05" angle="25.10" x="127.88" y="39.54"/>
        <vehicle id="cfm-slow_2" eclass="HBEFA3/PC_G_EU4" CO2="0.00" CO="0.00" HC="0.00" NOx="0.00" PMx="0.00" fuel="0.00" electricity="0.00" noise="71.90" route="routebottom" type="cfm-slow" waiting="0.00" lane="right_0" pos="13.57" speed="28.69" angle="340.03" x="126.11" y="92.07"/>
        <vehicle id="cfm-slow_3" eclass="HBEFA3/PC_G_EU4" CO2="0.00" CO="0.00" HC="0.00" NOx="0.00" PMx="0.00" fuel="0.00" electricity="0.00" noise="71.54" route="routebottom" type="cfm-slow" waiting="0.00" lane="right_0" pos="37.14" speed="27.26" angle="297.63" x="90.67" y="126.73"/>
        <vehicle id="cfm-slow_4" eclass="HBEFA3/PC_G_EU4" CO2="5311.29" CO="44.83" HC="0.34" NOx="1.81" PMx="0.10" fuel="2.28" electricity="0.00" noise="72.28" route="routetop" type="cfm-slow" waiting="0.00" lane="top_0" pos="9.28" speed="26.44" angle="257.75" x="43.90" y="129.36"/>
        <vehicle id="cfm-slow_5" eclass="HBEFA3/PC_G_EU4" CO2="11674.95" CO="176.65" HC="1.10" NOx="4.81" PMx="0.27" fuel="5.02" electricity="0.00" noise="74.33" route="routetop" type="cfm-slow" waiting="0.00" lane="top_0" pos="30.65" speed="26.62" angle="219.31" x="7.36" y="102.87"/>
    </timestep>
    <timestep time="9.56">
        <vehicle id="cfm-fast_0" eclass="HBEFA3/PC_G_EU4" CO2="50346.93" CO="2174.12" HC="11.28" NOx="22.23" PMx="1.81" fuel="21.64" electricity="0.00" noise="94.60" route="routetop" type="cfm-fast" waiting="0.00" lane="top_1" pos="40.05" speed="75.05" angle="202.43" x="1.53" y="83.77"/>
        <vehicle id="cfm-fast_1" eclass="HBEFA3/PC_G_EU4" CO2="15414.12" CO="259.11" HC="1.57" NOx="6.55" PMx="0.37" fuel="6.63" electricity="0.00" noise="76.11" route="routetop" type="cfm-fast" waiting="0.00" lane="left_0" pos="2.58" speed="27.71" angle="179.88" x="-4.72" y="58.03"/>
        <vehicle id="cfm-fast_2" eclass="HBEFA3/PC_G_EU4" CO2="38003.15" CO="1942.82" HC="9.92" NOx="16.39" PMx="1.49" fuel="16.34" electricity="0.00" noise="92.38" route="routebottom" type="cfm-fast" waiting="0.00" lane="bottom_1" pos="6.33" speed="75.55" angle="83.07" x="76.58" y="-0.36"/>
        <vehicle id="cfm-fast_3" eclass="HBEFA3/PC_G_EU4" CO2="14672.89" CO="252.74" HC="1.52" NOx="6.17" PMx="0.35" fuel="6.31" electricity="0.00" noise="76.13" route="routetop" type="cfm-fast" waiting="0.00" lane="left_0" pos="21.40" speed="29.17" angle="145.92" x="10.00" y="20.93"/>
        <vehicle id="cfm-fast_4" eclass="HBEFA3/PC_G_EU4" CO2="40059.47" CO="1982.66" HC="10.16" NOx="17.37" PMx="1.55" fuel="17.22" electricity="0.00" noise="92.74" route="routebottom" type="cfm-fast" waiting="0.00" lane="right_1" pos="22.96" speed="75.50" angle="323.14" x="112.71" y="106.79"/>
        <vehicle id="cfm-fast_5" eclass="HBEFA3/PC_G_EU4" CO2="9303.20" CO="150.57" HC="0.92" NOx="3.61" PMx="0.22" fuel="4.00" electricity="0.00" noise="74.81" route="routetop" type="cfm-fast" waiting="0.00" lane="left_0" pos="41.72" speed="30.34" angle="109.40" x="45.96" y="-2.61"/>
        <vehicle id="cfm-slow_0" eclass="HBEFA3/PC_G_EU4" CO2="0.00" CO="0.00" HC="0.00" NOx="0.00" PMx="0.00" fuel="0.00" electricity="0.00" noise="73.50" route="routebottom" type="cfm-slow" waiting="0.00" lane="bottom_0" pos="13.17" speed="30.68" angle="70.79" x="91.29" y="0.87"/>
        <vehicle id="cfm-slow_1" eclass="HBEFA3/PC_G_EU4" CO2="0.00" CO="0.00" HC="0.00" NOx="0.00" PMx="0.00" fuel="0.00" electricity="0.00" noise="72.62" route="routebottom" type="cfm-slow" waiting="0.00" lane="bottom_0" pos="38.88" speed="30.03" angle="24.56" x="128.10" y="40.14"/>
        <vehicle id="cfm-slow_2" eclass="HBEFA3/PC_G_EU4" CO2="0.00" CO="0.00" HC="0.00" NOx="0.00" PMx="0.00" fuel="0.00" electricity="0.00" noise="71.90" route="routebottom" type="cfm-slow" waiting="0.00" lane="right_0" pos="13.86" speed="28.68" angle="339.51" x="125.85" y="92.64"/>
        <vehicle id="cfm-slow_3" eclass="HBEFA3/PC_G_EU4" CO2="0.00" CO="0.00" HC="0.00" NOx="0.00" PMx="0.00" fuel="0.00" electricity="0.00" noise="71.54" route="routebottom" type="cfm-slow" waiting="0.00" lane="right_0" pos="37.41" speed="27.25" angle="297.17" x="90.13" y="126.95"/>
        <vehicle id="cfm-slow_4" eclass="HBEFA3/PC_G_EU4" CO2="5374.03" CO="46.13" HC="0.35" NOx="1.84" PMx="0.10" fuel="2.31" electricity="0.00" noise="72.29" route="routetop" type="cfm-slow" waiting="0.00" lane="top_0" pos="9.54" speed="26.44" angle="257.27" x="43.35" y="129.19"/>
        <vehicle id="cfm-slow_5" eclass="HBEFA3/PC_G_EU4" CO2="11712.68" CO="177.48" HC="1.10" NOx="4.83" PMx="0.27" fuel="5.03" electricity="0.00" noise="74.34" route="routetop" type="cfm-slow" waiting="0.00" lane="top_0" pos="30.92" speed="26.63" angle="218.89" x="7.04" y="102.40"/>
    </timestep>
    <timestep time="9.57">
        <vehicle id="cfm-fast_0" eclass="HBEFA3/PC_G_EU4" CO2="50207.42" CO="2171.55" HC="11.27" NOx="22.16" PMx="1.80" fuel="21.58" electricity="0.00" noise="94.57" route="routetop" type="cfm-fast" waiting="0.00" lane="top_1" pos="40.80" speed="75.06" angle="201.02" x="1.07" y="82.30"/>
        <vehicle id="cfm-fast_1" eclass="HBEFA3/PC_G_EU4" CO2="15410.40" CO="259.11" HC="1.57" NOx="6.55" PMx="0.37" fuel="6.62" electricity="0.00" noise="76.11" route="routetop" type="cfm-fast" waiting="0.00" lane="left_0" pos="2.85" speed="27.72" angle="179.38" x="-4.66" y="57.44"/>
        <vehicle id="cfm-fast_2" eclass="HBEFA3/PC_G_EU4" CO2="38009.38" CO="1942.96" HC="9.93" NOx="16.40" PMx="1.49" fuel="16.34" electricity="0.00" noise="92.38" route="routebottom" type="cfm-fast" waiting="0.00" lane="bottom_1" pos="7.08" speed="75.55" angle="81.71" x="78.09" y="-0.02"/>
        <vehicle id="cfm-fast_3" eclass="HBEFA3/PC_G_EU4" CO2="14624.42" CO="251.82" HC="1.51" NOx="6.14" PMx="0.35" fuel="6.29" electricity="0.00" noise="76.12" route="routetop" type="cfm-fast" waiting="0.00" lane="left_0" pos="21.69" speed="29.18" angle="145.41" x="10.39" y="20.44"/>
        <vehicle id="cfm-fast_4" eclass="HBEFA3/PC_G_EU4" CO2="40056.33" CO="1982.65" HC="10.16" NOx="17.36" PMx="1.55" fuel="17.22" electricity="0.00" noise="92.74" route="routebottom" type="cfm-fast" waiting="0.00" lane="right_1" pos="23.71" speed="75.50" angle="321.83" x="111.67" y="107.93"/>
        <vehicle id="cfm-fast_5" eclass="HBEFA3/PC_G_EU4" CO2="9228.74" CO="149.07" HC="0.91" NOx="3.57" PMx="0.22" fuel="3.97" electricity="0.00" noise="74.79" route="routetop" type="cfm-fast" waiting="0.00" lane="left_0" pos="42.02" speed="30.34" angle="108.84" x="46.59" y="-2.78"/>
        <vehicle id="cfm-slow_0" eclass="HBEFA3/PC_G_EU4" CO2="0.00" CO="0.00" HC="0.00" NOx="0.00" PMx="0.00" fuel="0.00" electricity="0.00" noise="73.49" route="routebottom" type="cfm-slow" waiting="0.00" lane="bottom_0" pos="13.48" speed="30.67" angle="70.22" x="91.89" y="1.14"/>
        <vehicle id="cfm-slow_1" eclass="HBEFA3/PC_G_EU4" CO2="0.00" CO="0.00" HC="0.00" NOx="0.00" PMx="0.00" fuel="0.00" electricity="0.00" noise="72.62" route="routebottom" type="cfm-slow" waiting="0.00" lane="bottom_0" pos="39.18" speed="30.02" angle="24.02" x="128.32" y="40.75"/>
        <vehicle id="cfm-slow_2" eclass="HBEFA3/PC_G_EU4" CO2="0.00" CO="0.00" HC="0.00" NOx="0.00" PMx="0.00" fuel="0.00" electricity="0.00" noise="71.90" route="routebottom" type="cfm-slow" waiting="0.00" lane="right_0" pos="14.14" speed="28.67" angle="339.04" x="125.60" y="93.20"/>
        <vehicle id="cfm-slow_3" eclass="HBEFA3/PC_G_EU4" CO2="0.00" CO="0.00" HC="0.00" NOx="0.00" PMx="0.00" fuel="0.00" electricity="0.00" noise="71.55" route="routebottom" type="cfm-slow" waiting="0.00" lane="right_0" pos="37.69" speed="27.25" angle="296.68" x="89.59" y="127.17"/>
        <vehicle id="cfm-slow_4" eclass="HBEFA3/PC_G_EU4" CO2="5436.52" CO="47.42" HC="0.35" NOx="1.87" PMx="0.10" fuel="2.34" electricity="0.00" noise="72.31" route="routetop" type="cfm-slow" waiting="0.00" lane="top_0" pos="9.81" speed="26.44" angle="256.79" x="42.81" y="129.02"/>
        <vehicle id="cfm-slow_5" eclass="HBEFA3/PC_G_EU4" CO2="11750.04" CO="178.29" HC="1.11" NOx="4.84" PMx="0.27" fuel="5.05" electricity="0.00" noise="74.36" route="routetop" type="cfm-slow" waiting="0.00" lane="top_0" pos="31.18" speed="26.64" angle="218.41" x="6.72" y="101.92"/>
    </timestep>
    <timestep time="9.58">
        <vehicle id="cfm-fast_0" eclass="HBEFA3/PC_G_EU4" CO2="50069.38" CO="2169.00" HC="11.25" NOx="22.09" PMx="1.80" fuel="21.52" electricity="0.00" noise="94.55" route="routetop" type="cfm-fast" waiting="0.00" lane="top_1" pos="41.55" speed="75.06" angle="199.70" x="0.66" y="80.82"/>
        <vehicle id="cfm-fast_1" eclass="HBEFA3/PC_G_EU4" CO2="15406.27" CO="259.11" HC="1.57" NOx="6.55" PMx="0.37" fuel="6.62" electricity="0.00" noise="76.11" route="routetop" type="cfm-fast" waiting="0.00" lane="left_0" pos="3.13" speed="27.74" angle="178.88" x="-4.60" y="56.85"/>
        <vehicle id="cfm-fast_2" eclass="HBEFA3/PC_G_EU4" CO2="38015.64" CO="1943.10" HC="9.93" NOx="16.40" PMx="1.49" fuel="16.34" electricity="0.00" noise="92.38" route="routebottom" type="cfm-fast" waiting="0.00" lane="bottom_1" pos="7.84" speed="75.55" angle="80.38" x="79.60" y="0.33"/>
        <vehicle id="cfm-fast_3" eclass="HBEFA3/PC_G_EU4" CO2="14575.67" CO="250.90" HC="1.51" NOx="6.12" PMx="0.35" fuel="6.27" electricity="0.00" noise="76.10" route="routetop" type="cfm-fast" waiting="0.00" lane="left_0" pos="21.98" speed="29.19" angle="144.90" x="10.79" y="19.95"/>
        <vehicle id="cfm-fast_4" eclass="HBEFA3/PC_G_EU4" CO2="40052.89" CO="1982.64" HC="10.16" NOx="17.36" PMx="1.55" fuel="17.22" electricity="0.00" noise="92.74" route="routebottom" type="cfm-fast" waiting="0.00" lane="right_1" pos="24.47" speed="75.50" angle="320.50" x="110.61" y="109.06"/>
        <vehicle id="cfm-fast_5" eclass="HBEFA3/PC_G_EU4" CO2="9154.37" CO="147.57" HC="0.91" NOx="3.54" PMx="0.22" fuel="3.94" electricity="0.00" noise="74.77" route="routetop" type="cfm-fast" waiting="0.00" lane="left_0" pos="42.33" speed="30.34" angle="108.33" x="47.22" y="-2.94"/>
        <vehicle id="cfm-slow_0" eclass="HBEFA3/PC_G_EU4" CO2="0.00" CO="0.00" HC="0.00" NOx="0.00" PMx="0.00" fuel="0.00" electricity="0.00" noise="73.48" route="routebottom" type="cfm-slow" waiting="0.00" lane="bottom_0" pos="13.78" speed="30.67" angle="69.65" x="92.49" y="1.41"/>
        <vehicle id="cfm-slow_1" eclass="HBEFA3/PC_G_EU4" CO2="0.00" CO="0.00" HC="0.00" NOx="0.00" PMx="0.00" fuel="0.00" electricity="0.00" noise="72.61" route="routebottom" type="cfm-slow" waiting="0.00" lane="bottom_0" pos="39.48" speed="30.01" angle="23.48" x="128.54" y="41.36"/>
        <vehicle id="cfm-slow_2" eclass="HBEFA3/PC_G_EU4" CO2="0.00" CO="0.00" HC="0.00" NOx="0.00" PMx="0.00" fuel="0.00" electricity="0.00" noise="71.89" route="routebottom" type="cfm-slow" waiting="0.00" lane="right_0" pos="14.43" speed="28.65" angle="338.50" x="125.32" y="93.75"/>
        <vehicle id="cfm-slow_3" eclass="HBEFA3/PC_G_EU4" CO2="0.00" CO="0.00" HC="0.00" NOx="0.00" PMx="0.00" fuel="0.00" electricity="0.00" noise="71.55" route="routebottom" type="cfm-slow" waiting="0.00" lane="right_0" pos="37.96" speed="27.24" angle="296.19" x="89.04" y="127.39"/>
        <vehicle id="cfm-slow_4" eclass="HBEFA3/PC_G_EU4" CO2="5498.76" CO="48.71" HC="0.36" NOx="1.90" PMx="0.11" fuel="2.36" electricity="0.00" noise="72.32" route="routetop" type="cfm-slow" waiting="0.00" lane="top_0" pos="10.07" speed="26.44" angle="256.31" x="42.27" y="128.85"/>
        <vehicle id="cfm-slow_5" eclass="HBEFA3/PC_G_EU4" CO2="11787.01" CO="179.10" HC="1.11" NOx="4.86" PMx="0.27" fuel="5.07" electricity="0.00" noise="74.38" route="routetop" type="cfm-slow" waiting="0.00" lane="top_0" pos="31.45" speed="26.65" angle="217.93" x="6.40" y="101.44"/>
    </timestep>
    <timestep time="9.59">
        <vehicle id="cfm-fast_0" eclass="HBEFA3/PC_G_EU4" CO2="49932.79" CO="2166.49" HC="11.24" NOx="22.03" PMx="1.80" fuel="21.46" electricity="0.00" noise="94.52" route="routetop" type="cfm-fast" waiting="0.00" lane="top_1" pos="42.30" speed="75.07" angle="198.37" x="0.26" y="79.33"/>
        <vehicle id="cfm-fast_1" eclass="HBEFA3/PC_G_EU4" CO2="15401.72" CO="259.09" HC="1.57" NOx="6.54" PMx="0.37" fuel="6.62" electricity="0.00" noise="76.11" route="routetop" type="cfm-fast" waiting="0.00" lane="left_0" pos="3.41" speed="27.75" angle="178.39" x="-4.54" y="56.25"/>
        <vehicle id="cfm-fast_2" eclass="HBEFA3/PC_G_EU4" CO2="38021.95" CO="1943.24" HC="9.93" NOx="16.40" PMx="1.49" fuel="16.34" electricity="0.00" noise="92.39" route="routebottom" type="cfm-fast" waiting="0.00" lane="bottom_1" pos="8.59" speed="75.56" angle="78.96" x="81.09" y="0.73"/>
        <vehicle id="cfm-fast_3" eclass="HBEFA3/PC_G_EU4" CO2="14526.66" CO="249.97" HC="1.50" NOx="6.10" PMx="0.35" fuel="6.24" electricity="0.00" noise="76.09" route="routetop" type="cfm-fast" waiting="0.00" lane="left_0" pos="22.28" speed="29.20" angle="144.36" x="11.20" y="19.47"/>
        <vehicle id="cfm-fast_4" eclass="HBEFA3/PC_G_EU4" CO2="40049.16" CO="1982.62" HC="10.16" NOx="17.36" PMx="1.55" fuel="17.22" electricity="0.00" noise="92.74" route="routebottom" type="cfm-fast" waiting="0.00" lane="right_1" pos="25.22" speed="75.50" angle="319.13" x="109.51" y="110.16"/>
        <vehicle id="cfm-fast_5" eclass="HBEFA3/PC_G_EU4" CO2="9080.07" CO="146.07" HC="0.90" NOx="3.50" PMx="0.21" fuel="3.90" electricity="0.00" noise="74.75" route="routetop" type="cfm-fast" waiting="0.00" lane="left_0" pos="42.63" speed="30.35" angle="107.80" x="47.85" y="-3.09"/>
        <vehicle id="cfm-slow_0" eclass="HBEFA3/PC_G_EU4" CO2="0.00" CO="0.00" HC="0.00" NOx="0.00" PMx="0.00" fuel="0.00" electricity="0.00" noise="73.47" route="routebottom" type="cfm-slow" waiting="0.00" lane="bottom_0" pos="14.09" speed="30.66" angle="69.15" x="93.09" y="1.68"/>
        <vehicle id="cfm-slow_1" eclass="HBEFA3/PC_G_EU4" CO2="0.00" CO="0.00" HC="0.00" NOx="0.00" PMx="0.00" fuel="0.00" electricity="0.00" noise="72.60" route="routebottom" type="cfm-slow" waiting="0.00" lane="bottom_0" pos="39.78" speed="30.00" angle="23.00" x="128.76" y="41.97"/>
        <vehicle id="cfm-slow_2" eclass="HBEFA3/PC_G_EU4" CO2="0.00" CO="0.00" HC="0.00" NOx="0.00" PMx="0.00" fuel="0.00" electricity="0.00" noise="71.89" route="routebottom" type="cfm-slow" waiting="0.00" lane="right_0" pos="14.72" speed="28.64" angle="337.95" x="125.04" y="94.30"/>
        <vehicle id="cfm-slow_3" eclass="HBEFA3/PC_G_EU4" CO2="0.00" CO="0.00" HC="0.00" NOx="0.00" PMx="0.00" fuel="0.00" electricity="0.00" noise="71.55" route="routebottom" type="cfm-slow" waiting="0.00" lane="right_0" pos="38.23" speed="27.23" angle="295.69" x="88.50" y="127.61"/>
        <vehicle id="cfm-slow_4" eclass="HBEFA3/PC_G_EU4" CO2="5560.76" CO="49.99" HC="0.37" NOx="1.93" PMx="0.11" fuel="2.39" electricity="0.00" noise="72.34" route="routetop" type="cfm-slow" waiting="0.00" lane="top_0" pos="10.33" speed="26.45" angle="255.89" x="41.73" y="128.68"/>
        <vehicle id="cfm-slow_5" eclass="HBEFA3/PC_G_EU4" CO2="11823.61" CO="179.90" HC="1.11" NOx="4.88" PMx="0.27" fuel="5.08" electricity="0.00" noise="74.40" route="routetop" type="cfm-slow" waiting="0.00" lane="top_0" pos="31.71" speed="26.66" angle="217.45" x="6.08" y="100.96"/>
    </timestep>
    <timestep time="9.60">
        <vehicle id="cfm-fast_0" eclass="HBEFA3/PC_G_EU4" CO2="49797.64" CO="2164.00" HC="11.22" NOx="21.97" PMx="1.79" fuel="21.41" electricity="0.00" noise="94.50" route="routetop" type="cfm-fast" waiting="0.00" lane="top_1" pos="43.05" speed="75.08" angle="197.03" x="-0.08" y="77.83"/>
        <vehicle id="cfm-fast_1" eclass="HBEFA3/PC_G_EU4" CO2="15396.75" CO="259.07" HC="1.57" NOx="6.54" PMx="0.37" fuel="6.62" electricity="0.00" noise="76.11" route="routetop" type="cfm-fast" waiting="0.00" lane="left_0" pos="3.69" speed="27.77" angle="177.89" x="-4.48" y="55.66"/>
        <vehicle id="cfm-fast_2" eclass="HBEFA3/PC_G_EU4" CO2="38028.30" CO="1943.38" HC="9.93" NOx="16.41" PMx="1.50" fuel="16.35" electricity="0.00" noise="92.39" route="routebottom" type="cfm-fast" waiting="0.00" lane="bottom_1" pos="9.35" speed="75.56" angle="77.63" x="82.58" y="1.16"/>
        <vehicle id="cfm-fast_3" eclass="HBEFA3/PC_G_EU4" CO2="14477.37" CO="249.03" HC="1.50" NOx="6.07" PMx="0.35" fuel="6.22" electricity="0.00" noise="76.07" route="routetop" type="cfm-fast" waiting="0.00" lane="left_0" pos="22.57" speed="29.22" angle="143.81" x="11.60" y="18.99"/>
        <vehicle id="cfm-fast_4" eclass="HBEFA3/PC_G_EU4" CO2="40045.15" CO="1982.59" HC="10.16" NOx="17.36" PMx="1.55" fuel="17.21" electricity="0.00" noise="92.74" route="routebottom" type="cfm-fast" waiting="0.00" lane="right_1" pos="25.98" speed="75.50" angle="317.80" x="108.40" y="111.23"/>
        <vehicle id="cfm-fast_5" eclass="HBEFA3/PC_G_EU4" CO2="9005.87" CO="144.57" HC="0.89" NOx="3.47" PMx="0.21" fuel="3.87" electricity="0.00" noise="74.74" route="routetop" type="cfm-fast" waiting="0.00" lane="left_0" pos="42.93" speed="30.35" angle="107.26" x="48.49" y="-3.24"/>
        <vehicle id="cfm-slow_0" eclass="HBEFA3/PC_G_EU4" CO2="0.00" CO="0.00" HC="0.00" NOx="0.00" PMx="0.00" fuel="0.00" electricity="0.00" noise="73.46" route="routebottom" type="cfm-slow" waiting="0.00" lane="bottom_0" pos="14.40" speed="30.66" angle="68.57" x="93.68" y="1.98"/>
        <vehicle id="cfm-slow_1" eclass="HBEFA3/PC_G_EU4" CO2="0.00" CO="0.00" HC="0.00" NOx="0.00" PMx="0.00" fuel="0.00" electricity="0.00" noise="72.60" route="routebottom" type="cfm-slow" waiting="0.00" lane="bottom_0" pos="40.08" speed="29.98" angle="22.42" x="128.95" y="42.58"/>
        <vehicle id="cfm-slow_2" eclass="HBEFA3/PC_G_EU4" CO2="0.00" CO="0.00" HC="0.00" NOx="0.00" PMx="0.00" fuel="0.00" electricity="0.00" noise="71.88" route="routebottom" type="cfm-slow" waiting="0.00" lane="right_0" pos="15.00" speed="28.62" angle="337.41" x="124.77" y="94.85"/>
        <vehicle id="cfm-slow_3" eclass="HBEFA3/PC_G_EU4" CO2="0.00" CO="0.00" HC="0.00" NOx="0.00" PMx="0.00" fuel="0.00" electricity="0.00" noise="71.56" route="routebottom" type="cfm-slow" waiting="0.00" lane="right_0" pos="38.50" speed="27.22" angle="295.25" x="87.96" y="127.82"/>
        <vehicle id="cfm-slow_4" eclass="HBEFA3/PC_G_EU4" CO2="5622.51" CO="51.27" HC="0.37" NOx="1.96" PMx="0.11" fuel="2.42" electricity="0.00" noise="72.36" route="routetop" type="cfm-slow" waiting="0.00" lane="top_0" pos="10.60" speed="26.45" angle="255.39" x="41.19" y="128.48"/>
        <vehicle id="cfm-slow_5" eclass="HBEFA3/PC_G_EU4" CO2="11859.83" CO="180.69" HC="1.12" NOx="4.90" PMx="0.27" fuel="5.10" electricity="0.00" noise="74.41" route="routetop" type="cfm-slow" waiting="0.00" lane="top_0" pos="31.98" speed="26.67" angle="216.99" x="5.77" y="100.49"/>
    </timestep>
    <timestep time="9.61">
        <vehicle id="cfm-fast_0" eclass="HBEFA3/PC_G_EU4" CO2="49663.92" CO="2161.53" HC="11.21" NOx="21.90" PMx="1.79" fuel="21.35" electricity="0.00" noise="94.47" route="routetop" type="cfm-fast" waiting="0.00" lane="top_1" pos="43.80" speed="75.08" angle="195.71" x="-0.40" y="76.32"/>
        <vehicle id="cfm-fast_1" eclass="HBEFA3/PC_G_EU4" CO2="15391.36" CO="259.04" HC="1.57" NOx="6.54" PMx="0.37" fuel="6.62" electricity="0.00" noise="76.11" route="routetop" type="cfm-fast" waiting="0.00" lane="left_0" pos="3.96" speed="27.78" angle="177.41" x="-4.40" y="55.07"/>
        <vehicle id="cfm-fast_2" eclass="HBEFA3/PC_G_EU4" CO2="38034.67" CO="1943.52" HC="9.93" NOx="16.41" PMx="1.50" fuel="16.35" electricity="0.00" noise="92.39" route="routebottom" type="cfm-fast" waiting="0.00" lane="bottom_1" pos="10.10" speed="75.56" angle="76.25" x="84.06" y="1.62"/>
        <vehicle id="cfm-fast_3" eclass="HBEFA3/PC_G_EU4" CO2="14427.82" CO="248.09" HC="1.49" NOx="6.05" PMx="0.35" fuel="6.20" electricity="0.00" noise="76.06" route="routetop" type="cfm-fast" waiting="0.00" lane="left_0" pos="22.86" speed="29.23" angle="143.27" x="12.01" y="18.51"/>
        <vehicle id="cfm-fast_4" eclass="HBEFA3/PC_G_EU4" CO2="40040.85" CO="1982.56" HC="10.16" NOx="17.36" PMx="1.55" fuel="17.21" electricity="0.00" noise="92.74" route="routebottom" type="cfm-fast" waiting="0.00" lane="right_1" pos="26.73" speed="75.51" angle="316.43" x="107.26" y="112.29"/>
        <vehicle id="cfm-fast_5" eclass="HBEFA3/PC_G_EU4" CO2="8931.75" CO="143.08" HC="0.88" NOx="3.43" PMx="0.21" fuel="3.84" electricity="0.00" noise="74.72" route="routetop" type="cfm-fast" waiting="0.00" lane="left_0" pos="43.24" speed="30.36" angle="106.72" x="49.13" y="-3.38"/>
        <vehicle id="cfm-slow_0" eclass="HBEFA3/PC_G_EU4" CO2="0.00" CO="0.00" HC="0.00" NOx="0.00" PMx="0.00" fuel="0.00" electricity="0.00" noise="73.45" route="routebottom" type="cfm-slow" waiting="0.00" lane="bottom_0" pos="14.70" speed="30.65" angle="68.00" x="94.27" y="2.27"/>
        <vehicle id="cfm-slow_1" eclass="HBEFA3/PC_G_EU4" CO2="0.00" CO="0.00" HC="0.00" NOx="0.00" PMx="0.00" fuel="0.00" electricity="0.00" noise="72.59" route="routebottom" type="cfm-slow" waiting="0.00" lane="bottom_0" pos="40.38" speed="29.97" angle="21.85" x="129.14" y="43.20"/>
        <vehicle id="cfm-slow_2" eclass="HBEFA3/PC_G_EU4" CO2="0.00" CO="0.00" HC="0.00" NOx="0.00" PMx="0.00" fuel="0.00" electricity="0.00" noise="71.88" route="routebottom" type="cfm-slow" waiting="0.00" lane="right_0" pos="15.29" speed="28.61" angle="336.89" x="124.49" y="95.40"/>
        <vehicle id="cfm-slow_3" eclass="HBEFA3/PC_G_EU4" CO2="0.00" CO="0.00" HC="0.00" NOx="0.00" PMx="0.00" fuel="0.00" electricity="0.00" noise="71.56" route="routebottom" type="cfm-slow" waiting="0.00" lane="right_0" pos="38.78" speed="27.21" angle="294.76" x="87.40" y="128.02"/>
        <vehicle id="cfm-slow_4" eclass="HBEFA3/PC_G_EU4" CO2="5684.01" CO="52.54" HC="0.38" NOx="1.99" PMx="0.11" fuel="2.44" electricity="0.00" noise="72.37" route="routetop" type="cfm-slow" waiting="0.00" lane="top_0" pos="10.86" speed="26.45" angle="254.89" x="40.66" y="128.29"/>
        <vehicle id="cfm-slow_5" eclass="HBEFA3/PC_G_EU4" CO2="11895.67" CO="181.48" HC="1.12" NOx="4.91" PMx="0.27" fuel="5.11" electricity="0.00" noise="74.43" route="routetop" type="cfm-slow" waiting="0.00" lane="top_0" pos="32.25" speed="26.68" angle="216.53" x="5.46" y="100.00"/>
    </timestep>
    <timestep time="9.62">
        <vehicle id="cfm-fast_0" eclass="HBEFA3/PC_G_EU4" CO2="49531.61" CO="2159.09" HC="11.19" NOx="21.84" PMx="1.79" fuel="21.29" electricity="0.00" noise="94.45" route="routetop" type="cfm-fast" waiting="0.00" lane="top_1" pos="44.55" speed="75.09" angle="194.32" x="-0.69" y="74.81"/>
        <vehicle id="cfm-fast_1" eclass="HBEFA3/PC_G_EU4" CO2="15385.56" CO="259.00" HC="1.56" NOx="6.53" PMx="0.37" fuel="6.61" electricity="0.00" noise="76.11" route="routetop" type="cfm-fast" waiting="0.00" lane="left_0" pos="4.24" speed="27.79" angle="176.90" x="-4.32" y="54.47"/>
        <vehicle id="cfm-fast_2" eclass="HBEFA3/PC_G_EU4" CO2="38041.07" CO="1943.66" HC="9.93" NOx="16.41" PMx="1.50" fuel="16.35" electricity="0.00" noise="92.39" route="routebottom" type="cfm-fast" waiting="0.00" lane="bottom_1" pos="10.86" speed="75.56" angle="74.92" x="85.52" y="2.13"/>
        <vehicle id="cfm-fast_3" eclass="HBEFA3/PC_G_EU4" CO2="14378.01" CO="247.14" HC="1.49" NOx="6.03" PMx="0.35" fuel="6.18" electricity="0.00" noise="76.04" route="routetop" type="cfm-fast" waiting="0.00" lane="left_0" pos="23.15" speed="29.24" angle="142.80" x="12.42" y="18.04"/>
        <vehicle id="cfm-fast_4" eclass="HBEFA3/PC_G_EU4" CO2="40036.28" CO="1982.52" HC="10.16" NOx="17.35" PMx="1.55" fuel="17.21" electricity="0.00" noise="92.74" route="routebottom" type="cfm-fast" waiting="0.00" lane="right_1" pos="27.49" speed="75.51" angle="315.02" x="106.09" y="113.30"/>
        <vehicle id="cfm-fast_5" eclass="HBEFA3/PC_G_EU4" CO2="8857.73" CO="141.58" HC="0.87" NOx="3.40" PMx="0.21" fuel="3.81" electricity="0.00" noise="74.70" route="routetop" type="cfm-fast" waiting="0.00" lane="left_0" pos="43.54" speed="30.36" angle="106.20" x="49.76" y="-3.53"/>
        <vehicle id="cfm-slow_0" eclass="HBEFA3/PC_G_EU4" CO2="0.00" CO="0.00" HC="0.00" NOx="0.00" PMx="0.00" fuel="0.00" electricity="0.00" noise="73.44" route="routebottom" type="cfm-slow" waiting="0.00" lane="bottom_0" pos="15.01" speed="30.65" angle="67.43" x="94.86" y="2.56"/>
        <vehicle id="cfm-slow_1" eclass="HBEFA3/PC_G_EU4" CO2="0.00" CO="0.00" HC="0.00" NOx="0.00" PMx="0.00" fuel="0.00" electricity="0.00" noise="72.58" route="routebottom" type="cfm-slow" waiting="0.00" lane="bottom_0" pos="40.68" speed="29.96" angle="21.28" x="129.33" y="43.81"/>
        <vehicle id="cfm-slow_2" eclass="HBEFA3/PC_G_EU4" CO2="0.00" CO="0.00" HC="0.00" NOx="0.00" PMx="0.00" fuel="0.00" electricity="0.00" noise="71.87" route="routebottom" type="cfm-slow" waiting="0.00" lane="right_0" pos="15.58" speed="28.60" angle="336.42" x="124.20" y="95.94"/>
        <vehicle id="cfm-slow_3" eclass="HBEFA3/PC_G_EU4" CO2="0.00" CO="0.00" HC="0.00" NOx="0.00" PMx="0.00" fuel="0.00" electricity="0.00" noise="71.56" route="routebottom" type="cfm-slow" waiting="0.00" lane="right_0" pos="39.05" speed="27.20" angle="294.27" x="86.85" y="128.22"/>
        <vehicle id="cfm-slow_4" eclass="HBEFA3/PC_G_EU4" CO2="5745.26" CO="53.81" HC="0.39" NOx="2.02" PMx="0.11" fuel="2.47" electricity="0.00" noise="72.39" route="routetop" type="cfm-slow" waiting="0.00" lane="top_0" pos="11.13" speed="26.45" angle="254.39" x="40.12" y="128.10"/>
        <vehicle id="cfm-slow_5" eclass="HBEFA3/PC_G_EU4" CO2="11931.12" CO="182.25" HC="1.13" NOx="4.93" PMx="0.27" fuel="5.13" electricity="0.00" noise="74.45" route="routetop" type="cfm-slow" waiting="0.00" lane="top_0" pos="32.52" speed="26.69" angle="216.02" x="5.17" y="99.51"/>
    </timestep>
    <timestep time="9.63">
        <vehicle id="cfm-fast_0" eclass="HBEFA3/PC_G_EU4" CO2="49400.71" CO="2156.68" HC="11.18" NOx="21.78" PMx="1.78" fuel="21.24" electricity="0.00" noise="94.42" route="routetop" type="cfm-fast" waiting="0.00" lane="top_1" pos="45.30" speed="75.10" angle="193.01" x="-0.93" y="73.29"/>
        <vehicle id="cfm-fast_1" eclass="HBEFA3/PC_G_EU4" CO2="15379.35" CO="258.95" HC="1.56" NOx="6.53" PMx="0.37" fuel="6.61" electricity="0.00" noise="76.11" route="routetop" type="cfm-fast" waiting="0.00" lane="left_0" pos="4.52" speed="27.81" angle="176.40" x="-4.24" y="53.88"/>
        <vehicle id="cfm-fast_2" eclass="HBEFA3/PC_G_EU4" CO2="38047.50" CO="1943.80" HC="9.93" NOx="16.42" PMx="1.50" fuel="16.36" electricity="0.00" noise="92.39" route="routebottom" type="cfm-fast" waiting="0.00" lane="bottom_1" pos="11.62" speed="75.56" angle="73.58" x="86.98" y="2.66"/>
        <vehicle id="cfm-fast_3" eclass="HBEFA3/PC_G_EU4" CO2="14327.93" CO="246.19" HC="1.48" NOx="6.00" PMx="0.35" fuel="6.16" electricity="0.00" noise="76.02" route="routetop" type="cfm-fast" waiting="0.00" lane="left_0" pos="23.45" speed="29.25" angle="142.27" x="12.85" y="17.58"/>
        <vehicle id="cfm-fast_4" eclass="HBEFA3/PC_G_EU4" CO2="40031.45" CO="1982.48" HC="10.16" NOx="17.35" PMx="1.55" fuel="17.21" electricity="0.00" noise="92.74" route="routebottom" type="cfm-fast" waiting="0.00" lane="right_1" pos="28.24" speed="75.51" angle="313.62" x="104.91" y="114.29"/>
        <vehicle id="cfm-fast_5" eclass="HBEFA3/PC_G_EU4" CO2="8783.81" CO="140.09" HC="0.86" NOx="3.36" PMx="0.21" fuel="3.78" electricity="0.00" noise="74.69" route="routetop" type="cfm-fast" waiting="0.00" lane="left_0" pos="43.84" speed="30.36" angle="105.68" x="50.41" y="-3.66"/>
        <vehicle id="cfm-slow_0" eclass="HBEFA3/PC_G_EU4" CO2="0.00" CO="0.00" HC="0.00" NOx="0.00" PMx="0.00" fuel="0.00" electricity="0.00" noise="73.43" route="routebottom" type="cfm-slow" waiting="0.00" lane="bottom_0" pos="15.32" speed="30.64" angle="66.90" x="95.45" y="2.86"/>
        <vehicle id="cfm-slow_1" eclass="HBEFA3/PC_G_EU4" CO2="0.00" CO="0.00" HC="0.00" NOx="0.00" PMx="0.00" fuel="0.00" electricity="0.00" noise="72.57" route="routebottom" type="cfm-slow" waiting="0.00" lane="bottom_0" pos="40.98" speed="29.94" angle="20.74" x="129.52" y="44.43"/>
        <vehicle id="cfm-slow_2" eclass="HBEFA3/PC_G_EU4" CO2="0.00" CO="0.00" HC="0.00" NOx="0.00" PMx="0.00" fuel="0.00" electricity="0.00" noise="71.87" route="routebottom" type="cfm-slow" waiting="0.00" lane="right_0" pos="15.86" speed="28.58" angle="335.90" x="123.90" y="96.48"/>
        <vehicle id="cfm-slow_3" eclass="HBEFA3/PC_G_EU4" CO2="0.00" CO="0.00" HC="0.00" NOx="0.00" PMx="0.00" fuel="0.00" electricity="0.00" noise="71.57" route="routebottom" type="cfm-slow" waiting="0.00" lane="right_0" pos="39.32" speed="27.20" angle="293.78" x="86.30" y="128.42"/>
        <vehicle id="cfm-slow_4" eclass="HBEFA3/PC_G_EU4" CO2="5806.26" CO="55.07" HC="0.40" NOx="2.04" PMx="0.11" fuel="2.50" electricity="0.00" noise="72.40" route="routetop" type="cfm-slow" waiting="0.00" lane="top_0" pos="11.39" speed="26.45" angle="253.90" x="39.58" y="127.90"/>
        <vehicle id="cfm-slow_5" eclass="HBEFA3/PC_G_EU4" CO2="11966.20" CO="183.02" HC="1.13" NOx="4.95" PMx="0.28" fuel="5.14" electricity="0.00" noise="74.46" route="routetop" type="cfm-slow" waiting="0.00" lane="top_0" pos="32.78" speed="26.70" angle="215.52" x="4.87" y="99.01"/>
    </timestep>
    <timestep time="9.64">
        <vehicle id="cfm-fast_0" eclass="HBEFA3/PC_G_EU4" CO2="49271.20" CO="2154.29" HC="11.17" NOx="21.72" PMx="1.78" fuel="21.18" electricity="0.00" noise="94.40" route="routetop" type="cfm-fast" waiting="0.00" lane="top_1" pos="46.05" speed="75.10" angle="191.65" x="-1.15" y="71.77"/>
        <vehicle id="cfm-fast_1" eclass="HBEFA3/PC_G_EU4" CO2="15372.72" CO="258.89" HC="1.56" NOx="6.53" PMx="0.37" fuel="6.61" electricity="0.00" noise="76.11" route="routetop" type="cfm-fast" waiting="0.00" lane="left_0" pos="4.80" speed="27.82" angle="175.90" x="-4.16" y="53.29"/>
        <vehicle id="cfm-fast_2" eclass="HBEFA3/PC_G_EU4" CO2="38053.95" CO="1943.94" HC="9.93" NOx="16.42" PMx="1.50" fuel="16.36" electricity="0.00" noise="92.39" route="routebottom" type="cfm-fast" waiting="0.00" lane="bottom_1" pos="12.37" speed="75.56" angle="72.22" x="88.42" y="3.24"/>
        <vehicle id="cfm-fast_3" eclass="HBEFA3/PC_G_EU4" CO2="14277.60" CO="245.23" HC="1.48" NOx="5.98" PMx="0.34" fuel="6.14" electricity="0.00" noise="76.01" route="routetop" type="cfm-fast" waiting="0.00" lane="left_0" pos="23.74" speed="29.26" angle="141.74" x="13.27" y="17.11"/>
        <vehicle id="cfm-fast_4" eclass="HBEFA3/PC_G_EU4" CO2="40026.36" CO="1982.43" HC="10.16" NOx="17.35" PMx="1.55" fuel="17.21" electricity="0.00" noise="92.74" route="routebottom" type="cfm-fast" waiting="0.00" lane="right_1" pos="29.00" speed="75.51" angle="312.24" x="103.69" y="115.25"/>
        <vehicle id="cfm-fast_5" eclass="HBEFA3/PC_G_EU4" CO2="8709.98" CO="138.60" HC="0.85" NOx="3.33" PMx="0.20" fuel="3.74" electricity="0.00" noise="74.67" route="routetop" type="cfm-fast" waiting="0.00" lane="left_0" pos="44.15" speed="30.37" angle="105.12" x="51.05" y="-3.77"/>
        <vehicle id="cfm-slow_0" eclass="HBEFA3/PC_G_EU4" CO2="0.00" CO="0.00" HC="0.00" NOx="0.00" PMx="0.00" fuel="0.00" electricity="0.00" noise="73.42" route="routebottom" type="cfm-slow" waiting="0.00" lane="bottom_0" pos="15.62" speed="30.63" angle="66.36" x="96.03" y="3.17"/>
        <vehicle id="cfm-slow_1" eclass="HBEFA3/PC_G_EU4" CO2="0.00" CO="0.00" HC="0.00" NOx="0.00" PMx="0.00" fuel="0.00" electricity="0.00" noise="72.57" route="routebottom" type="cfm-slow" waiting="0.00" lane="bottom_0" pos="41.28" speed="29.93" angle="20.23" x="129.70" y="45.05"/>
        <vehicle id="cfm-slow_2" eclass="HBEFA3/PC_G_EU4" CO2="0.00" CO="0.00" HC="0.00" NOx="0.00" PMx="0.00" fuel="0.00" electricity="0.00" noise="71.87" route="routebottom" type="cfm-slow" waiting="0.00" lane="right_0" pos="16.15" speed="28.57" angle="335.38" x="123.60" y="97.02"/>
        <vehicle id="cfm-slow_3" eclass="HBEFA3/PC_G_EU4" CO2="0.00" CO="0.00" HC="0.00" NOx="0.00" PMx="0.00" fuel="0.00" electricity="0.00" noise="71.57" route="routebottom" type="cfm-slow" waiting="0.00" lane="right_0" pos="39.59" speed="27.19" angle="293.28" x="85.75" y="128.62"/>
        <vehicle id="cfm-slow_4" eclass="HBEFA3/PC_G_EU4" CO2="5867.01" CO="56.33" HC="0.40" NOx="2.07" PMx="0.12" fuel="2.52" electricity="0.00" noise="72.42" route="routetop" type="cfm-slow" waiting="0.00" lane="top_0" pos="11.66" speed="26.45" angle="253.46" x="39.05" y="127.70"/>
        <vehicle id="cfm-slow_5" eclass="HBEFA3/PC_G_EU4" CO2="12000.90" CO="183.79" HC="1.14" NOx="4.96" PMx="0.28" fuel="5.16" electricity="0.00" noise="74.48" route="routetop" type="cfm-slow" waiting="0.00" lane="top_0" pos="33.05" speed="26.71" angle="215.01" x="4.58" y="98.52"/>
    </timestep>
    <timestep time="9.65">
        <vehicle id="cfm-fast_0" eclass="HBEFA3/PC_G_EU4" CO2="49143.07" CO="2151.93" HC="11.15" NOx="21.66" PMx="1.78" fuel="21.12" electricity="0.00" noise="94.37" route="routetop" type="cfm-fast" waiting="0.00" lane="top_1" pos="46.80" speed="75.11" angle="190.29" x="-1.31" y="70.23"/>
        <vehicle id="cfm-fast_1" eclass="HBEFA3/PC_G_EU4" CO2="15365.68" CO="258.82" HC="1.56" NOx="6.52" PMx="0.37" fuel="6.60" electricity="0.00" noise="76.11" route="routetop" type="cfm-fast" waiting="0.00" lane="left_0" pos="5.08" speed="27.84" angle="175.35" x="-4.07" y="52.69"/>
        <vehicle id="cfm-fast_2" eclass="HBEFA3/PC_G_EU4" CO2="38060.41" CO="1944.09" HC="9.93" NOx="16.42" PMx="1.50" fuel="16.36" electricity="0.00" noise="92.39" route="routebottom" type="cfm-fast" waiting="0.00" lane="bottom_1" pos="13.13" speed="75.56" angle="70.90" x="89.85" y="3.83"/>
        <vehicle id="cfm-fast_3" eclass="HBEFA3/PC_G_EU4" CO2="14227.01" CO="244.26" HC="1.47" NOx="5.96" PMx="0.34" fuel="6.12" electricity="0.00" noise="75.99" route="routetop" type="cfm-fast" waiting="0.00" lane="left_0" pos="24.03" speed="29.27" angle="141.21" x="13.70" y="16.65"/>
        <vehicle id="cfm-fast_4" eclass="HBEFA3/PC_G_EU4" CO2="40021.01" CO="1982.38" HC="10.16" NOx="17.35" PMx="1.55" fuel="17.20" electricity="0.00" noise="92.73" route="routebottom" type="cfm-fast" waiting="0.00" lane="right_1" pos="29.75" speed="75.51" angle="310.92" x="102.45" y="116.18"/>
        <vehicle id="cfm-fast_5" eclass="HBEFA3/PC_G_EU4" CO2="8636.26" CO="137.10" HC="0.85" NOx="3.29" PMx="0.20" fuel="3.71" electricity="0.00" noise="74.65" route="routetop" type="cfm-fast" waiting="0.00" lane="left_0" pos="44.45" speed="30.37" angle="104.56" x="51.69" y="-3.89"/>
        <vehicle id="cfm-slow_0" eclass="HBEFA3/PC_G_EU4" CO2="0.00" CO="0.00" HC="0.00" NOx="0.00" PMx="0.00" fuel="0.00" electricity="0.00" noise="73.41" route="routebottom" type="cfm-slow" waiting="0.00" lane="bottom_0" pos="15.93" speed="30.63" angle="65.80" x="96.61" y="3.49"/>
        <vehicle id="cfm-slow_1" eclass="HBEFA3/PC_G_EU4" CO2="0.00" CO="0.00" HC="0.00" NOx="0.00" PMx="0.00" fuel="0.00" electricity="0.00" noise="72.56" route="routebottom" type="cfm-slow" waiting="0.00" lane="bottom_0" pos="41.58" speed="29.92" angle="19.68" x="129.86" y="45.67"/>
        <vehicle id="cfm-slow_2" eclass="HBEFA3/PC_G_EU4" CO2="0.00" CO="0.00" HC="0.00" NOx="0.00" PMx="0.00" fuel="0.00" electricity="0.00" noise="71.86" route="routebottom" type="cfm-slow" waiting="0.00" lane="right_0" pos="16.43" speed="28.56" angle="334.86" x="123.31" y="97.55"/>
        <vehicle id="cfm-slow_3" eclass="HBEFA3/PC_G_EU4" CO2="0.00" CO="0.00" HC="0.00" NOx="0.00" PMx="0.00" fuel="0.00" electricity="0.00" noise="71.57" route="routebottom" type="cfm-slow" waiting="0.00" lane="right_0" pos="39.86" speed="27.18" angle="292.85" x="85.20" y="128.81"/>
        <vehicle id="cfm-slow_4" eclass="HBEFA3/PC_G_EU4" CO2="5927.51" CO="57.58" HC="0.41" NOx="2.10" PMx="0.12" fuel="2.55" electricity="0.00" noise="72.44" route="routetop" type="cfm-slow" waiting="0.00" lane="top_0" pos="11.92" speed="26.45" angle="252.98" x="38.52" y="127.49"/>
        <vehicle id="cfm-slow_5" eclass="HBEFA3/PC_G_EU4" CO2="12035.22" CO="184.54" HC="1.14" NOx="4.98" PMx="0.28" fuel="5.17" electricity="0.00" noise="74.49" route="routetop" type="cfm-slow" waiting="0.00" lane="top_0" pos="33.32" speed="26.72" angle="214.55" x="4.28" y="98.03"/>
    </timestep>
    <timestep time="9.66">
        <vehicle id="cfm-fast_0" eclass="HBEFA3/PC_G_EU4" CO2="49016.30" CO="2149.59" HC="11.14" NOx="21.60" PMx="1.77" fuel="21.07" electricity="0.00" noise="94.35" route="routetop" type="cfm-fast" waiting="0.00" lane="top_1" pos="47.55" speed="75.11" angle="188.96" x="-1.45" y="68.70"/>
        <vehicle id="cfm-fast_1" eclass="HBEFA3/PC_G_EU4" CO2="15358.23" CO="258.75" HC="1.56" NOx="6.52" PMx="0.37" fuel="6.60" electricity="0.00" noise="76.11" route="routetop" type="cfm-fast" waiting="0.00" lane="left_0" pos="5.35" speed="27.85" angle="174.85" x="-3.97" y="52.10"/>
        <vehicle id="cfm-fast_2" eclass="HBEFA3/PC_G_EU4" CO2="38066.88" CO="1944.23" HC="9.93" NOx="16.42" PMx="1.50" fuel="16.36" electricity="0.00" noise="92.39" route="routebottom" type="cfm-fast" waiting="0.00" lane="bottom_1" pos="13.88" speed="75.56" angle="69.51" x="91.26" y="4.47"/>
        <vehicle id="cfm-fast_3" eclass="HBEFA3/PC_G_EU4" CO2="14176.18" CO="243.29" HC="1.47" NOx="5.93" PMx="0.34" fuel="6.09" electricity="0.00" noise="75.98" route="routetop" type="cfm-fast" waiting="0.00" lane="left_0" pos="24.32" speed="29.28" angle="140.73" x="14.13" y="16.19"/>
        <vehicle id="cfm-fast_4" eclass="HBEFA3/PC_G_EU4" CO2="40015.42" CO="1982.32" HC="10.15" NOx="17.34" PMx="1.55" fuel="17.20" electricity="0.00" noise="92.73" route="routebottom" type="cfm-fast" waiting="0.00" lane="right_1" pos="30.51" speed="75.51" angle="309.54" x="101.20" y="117.09"/>
        <vehicle id="cfm-fast_5" eclass="HBEFA3/PC_G_EU4" CO2="8562.65" CO="135.61" HC="0.84" NOx="3.26" PMx="0.20" fuel="3.68" electricity="0.00" noise="74.64" route="routetop" type="cfm-fast" waiting="0.00" lane="left_0" pos="44.75" speed="30.37" angle="103.99" x="52.33" y="-4.01"/>
        <vehicle id="cfm-slow_0" eclass="HBEFA3/PC_G_EU4" CO2="0.00" CO="0.00" HC="0.00" NOx="0.00" PMx="0.00" fuel="0.00" electricity="0.00" noise="73.40" route="routebottom" type="cfm-slow" waiting="0.00" lane="bottom_0" pos="16.24" speed="30.62" angle="65.23" x="97.19" y="3.81"/>
        <vehicle id="cfm-slow_1" eclass="HBEFA3/PC_G_EU4" CO2="0.00" CO="0.00" HC="0.00" NOx="0.00" PMx="0.00" fuel="0.00" electricity="0.00" noise="72.55" route="routebottom" type="cfm-slow" waiting="0.00" lane="bottom_0" pos="41.88" speed="29.90" angle="19.14" x="130.03" y="46.29"/>
        <vehicle id="cfm-slow_2" eclass="HBEFA3/PC_G_EU4" CO2="0.00" CO="0.00" HC="0.00" NOx="0.00" PMx="0.00" fuel="0.00" electricity="0.00" noise="71.86" route="routebottom" type="cfm-slow" waiting="0.00" lane="right_0" pos="16.72" speed="28.54" angle="334.40" x="123.00" y="98.09"/>
        <vehicle id="cfm-slow_3" eclass="HBEFA3/PC_G_EU4" CO2="0.00" CO="0.00" HC="0.00" NOx="0.00" PMx="0.00" fuel="0.00" electricity="0.00" noise="71.58" route="routebottom" type="cfm-slow" waiting="0.00" lane="right_0" pos="40.13" speed="27.17" angle="292.33" x="84.64" y="128.98"/>
        <vehicle id="cfm-slow_4" eclass="HBEFA3/PC_G_EU4" CO2="5987.75" CO="58.83" HC="0.42" NOx="2.13" PMx="0.12" fuel="2.57" electricity="0.00" noise="72.45" route="routetop" type="cfm-slow" waiting="0.00" lane="top_0" pos="12.19" speed="26.46" angle="252.50" x="38.00" y="127.28"/>
        <vehicle id="cfm-slow_5" eclass="HBEFA3/PC_G_EU4" CO2="12069.16" CO="185.29" HC="1.15" NOx="4.99" PMx="0.28" fuel="5.19" electricity="0.00" noise="74.51" route="routetop" type="cfm-slow" waiting="0.00" lane="top_0" pos="33.58" speed="26.73" angle="214.08" x="4.00" y="97.53"/>
    </timestep>
    <timestep time="9.67">
        <vehicle id="cfm-fast_0" eclass="HBEFA3/PC_G_EU4" CO2="48890.88" CO="2147.28" HC="11.12" NOx="21.54" PMx="1.77" fuel="21.02" electricity="0.00" noise="94.33" route="routetop" type="cfm-fast" waiting="0.00" lane="top_1" pos="48.31" speed="75.12" angle="187.58" x="-1.55" y="67.16"/>
        <vehicle id="cfm-fast_1" eclass="HBEFA3/PC_G_EU4" CO2="15350.37" CO="258.67" HC="1.56" NOx="6.52" PMx="0.37" fuel="6.60" electricity="0.00" noise="76.11" route="routetop" type="cfm-fast" waiting="0.00" lane="left_0" pos="5.63" speed="27.87" angle="174.34" x="-3.86" y="51.51"/>
        <vehicle id="cfm-fast_2" eclass="HBEFA3/PC_G_EU4" CO2="38073.36" CO="1944.37" HC="9.93" NOx="16.43" PMx="1.50" fuel="16.37" electricity="0.00" noise="92.39" route="routebottom" type="cfm-fast" waiting="0.00" lane="bottom_1" pos="14.64" speed="75.56" angle="68.16" x="92.65" y="5.15"/>
        <vehicle id="cfm-fast_3" eclass="HBEFA3/PC_G_EU4" CO2="14125.09" CO="242.32" HC="1.46" NOx="5.91" PMx="0.34" fuel="6.07" electricity="0.00" noise="75.96" route="routetop" type="cfm-fast" waiting="0.00" lane="left_0" pos="24.62" speed="29.30" angle="140.21" x="14.57" y="15.74"/>
        <vehicle id="cfm-fast_4" eclass="HBEFA3/PC_G_EU4" CO2="40009.58" CO="1982.26" HC="10.15" NOx="17.34" PMx="1.55" fuel="17.20" electricity="0.00" noise="92.73" route="routebottom" type="cfm-fast" waiting="0.00" lane="right_1" pos="31.26" speed="75.51" angle="308.22" x="99.92" y="117.97"/>
        <vehicle id="cfm-fast_5" eclass="HBEFA3/PC_G_EU4" CO2="8489.15" CO="134.13" HC="0.83" NOx="3.22" PMx="0.20" fuel="3.65" electricity="0.00" noise="74.62" route="routetop" type="cfm-fast" waiting="0.00" lane="left_0" pos="45.06" speed="30.38" angle="103.50" x="52.98" y="-4.11"/>
        <vehicle id="cfm-slow_0" eclass="HBEFA3/PC_G_EU4" CO2="0.00" CO="0.00" HC="0.00" NOx="0.00" PMx="0.00" fuel="0.00" electricity="0.00" noise="73.39" route="routebottom" type="cfm-slow" waiting="0.00" lane="bottom_0" pos="16.54" speed="30.62" angle="64.68" x="97.76" y="4.13"/>
        <vehicle id="cfm-slow_1" eclass="HBEFA3/PC_G_EU4" CO2="0.00" CO="0.00" HC="0.00" NOx="0.00" PMx="0.00" fuel="0.00" electricity="0.00" noise="72.55" route="routebottom" type="cfm-slow" waiting="0.00" lane="bottom_0" pos="42.18" speed="29.89" angle="18.59" x="130.19" y="46.92"/>
        <vehicle id="cfm-slow_2" eclass="HBEFA3/PC_G_EU4" CO2="0.00" CO="0.00" HC="0.00" NOx="0.00" PMx="0.00" fuel="0.00" electricity="0.00" noise="71.85" route="routebottom" type="cfm-slow" waiting="0.00" lane="right_0" pos="17.00" speed="28.53" angle="333.88" x="122.69" y="98.61"/>
        <vehicle id="cfm-slow_3" eclass="HBEFA3/PC_G_EU4" CO2="0.00" CO="0.00" HC="0.00" NOx="0.00" PMx="0.00" fuel="0.00" electricity="0.00" noise="71.58" route="routebottom" type="cfm-slow" waiting="0.00" lane="right_0" pos="40.41" speed="27.17" angle="291.81" x="84.08" y="129.16"/>
        <vehicle id="cfm-slow_4" eclass="HBEFA3/PC_G_EU4" CO2="6047.74" CO="60.08" HC="0.43" NOx="2.16" PMx="0.12" fuel="2.60" electricity="0.00" noise="72.47" route="routetop" type="cfm-slow" waiting="0.00" lane="top_0" pos="12.45" speed="26.46" angle="252.02" x="37.47" y="127.07"/>
        <vehicle id="cfm-slow_5" eclass="HBEFA3/PC_G_EU4" CO2="12102.71" CO="186.03" HC="1.15" NOx="5.01" PMx="0.28" fuel="5.20" electricity="0.00" noise="74.53" route="routetop" type="cfm-slow" waiting="0.00" lane="top_0" pos="33.85" speed="26.74" angle="213.60" x="3.72" y="97.02"/>
    </timestep>
    <timestep time="9.68">
        <vehicle id="cfm-fast_0" eclass="HBEFA3/PC_G_EU4" CO2="48766.81" CO="2144.99" HC="11.11" NOx="21.48" PMx="1.77" fuel="20.96" electricity="0.00" noise="94.30" route="routetop" type="cfm-fast" waiting="0.00" lane="top_1" pos="49.06" speed="75.13" angle="186.24" x="-1.61" y="65.62"/>
        <vehicle id="cfm-fast_1" eclass="HBEFA3/PC_G_EU4" CO2="15342.11" CO="258.57" HC="1.56" NOx="6.51" PMx="0.37" fuel="6.59" electricity="0.00" noise="76.11" route="routetop" type="cfm-fast" waiting="0.00" lane="left_0" pos="5.91" speed="27.88" angle="173.83" x="-3.75" y="50.92"/>
        <vehicle id="cfm-fast_2" eclass="HBEFA3/PC_G_EU4" CO2="38079.85" CO="1944.52" HC="9.93" NOx="16.43" PMx="1.50" fuel="16.37" electricity="0.00" noise="92.40" route="routebottom" type="cfm-fast" waiting="0.00" lane="bottom_1" pos="15.39" speed="75.56" angle="66.82" x="94.04" y="5.84"/>
        <vehicle id="cfm-fast_3" eclass="HBEFA3/PC_G_EU4" CO2="14073.76" CO="241.34" HC="1.45" NOx="5.88" PMx="0.34" fuel="6.05" electricity="0.00" noise="75.95" route="routetop" type="cfm-fast" waiting="0.00" lane="left_0" pos="24.91" speed="29.31" angle="139.67" x="15.02" y="15.29"/>
        <vehicle id="cfm-fast_4" eclass="HBEFA3/PC_G_EU4" CO2="40003.51" CO="1982.19" HC="10.15" NOx="17.34" PMx="1.55" fuel="17.20" electricity="0.00" noise="92.73" route="routebottom" type="cfm-fast" waiting="0.00" lane="right_1" pos="32.02" speed="75.51" angle="306.89" x="98.63" y="118.83"/>
        <vehicle id="cfm-fast_5" eclass="HBEFA3/PC_G_EU4" CO2="8415.77" CO="132.64" HC="0.82" NOx="3.19" PMx="0.20" fuel="3.62" electricity="0.00" noise="74.60" route="routetop" type="cfm-fast" waiting="0.00" lane="left_0" pos="45.36" speed="30.38" angle="102.94" x="53.63" y="-4.20"/>
        <vehicle id="cfm-slow_0" eclass="HBEFA3/PC_G_EU4" CO2="0.00" CO="0.00" HC="0.00" NOx="0.00" PMx="0.00" fuel="0.00" electricity="0.00" noise="73.38" route="routebottom" type="cfm-slow" waiting="0.00" lane="bottom_0" pos="16.85" speed="30.61" angle="64.15" x="98.33" y="4.46"/>
        <vehicle id="cfm-slow_1" eclass="HBEFA3/PC_G_EU4" CO2="0.00" CO="0.00" HC="0.00" NOx="0.00" PMx="0.00" fuel="0.00" electricity="0.00" noise="72.54" route="routebottom" type="cfm-slow" waiting="0.00" lane="bottom_0" pos="42.48" speed="29.88" angle="18.11" x="130.35" y="47.54"/>
        <vehicle id="cfm-slow_2" eclass="HBEFA3/PC_G_EU4" CO2="0.00" CO="0.00" HC="0.00" NOx="0.00" PMx="0.00" fuel="0.00" electricity="0.00" noise="71.85" route="routebottom" type="cfm-slow" waiting="0.00" lane="right_0" pos="17.29" speed="28.51" angle="333.37" x="122.38" y="99.14"/>
        <vehicle id="cfm-slow_3" eclass="HBEFA3/PC_G_EU4" CO2="0.00" CO="0.00" HC="0.00" NOx="0.00" PMx="0.00" fuel="0.00" electricity="0.00" noise="71.59" route="routebottom" type="cfm-slow" waiting="0.00" lane="right_0" pos="40.68" speed="27.16" angle="291.30" x="83.53" y="129.33"/>
        <vehicle id="cfm-slow_4" eclass="HBEFA3/PC_G_EU4" CO2="6107.47" CO="61.31" HC="0.43" NOx="2.19" PMx="0.12" fuel="2.63" electricity="0.00" noise="72.49" route="routetop" type="cfm-slow" waiting="0.00" lane="top_0" pos="12.71" speed="26.46" angle="251.57" x="36.94" y="126.85"/>
        <vehicle id="cfm-slow_5" eclass="HBEFA3/PC_G_EU4" CO2="12135.89" CO="186.76" HC="1.15" NOx="5.02" PMx="0.28" fuel="5.22" electricity="0.00" noise="74.54" route="routetop" type="cfm-slow" waiting="0.00" lane="top_0" pos="34.12" speed="26.75" angle="213.11" x="3.44" y="96.52"/>
    </timestep>
    <timestep time="9.69">
        <vehicle id="cfm-fast_0" eclass="HBEFA3/PC_G_EU4" CO2="48644.07" CO="2142.73" HC="11.10" NOx="21.42" PMx="1.76" fuel="20.91" electricity="0.00" noise="94.28" route="routetop" type="cfm-fast" waiting="0.00" lane="top_1" pos="49.81" speed="75.13" angle="184.82" x="-1.64" y="64.08"/>
        <vehicle id="cfm-fast_1" eclass="HBEFA3/PC_G_EU4" CO2="15333.43" CO="258.47" HC="1.56" NOx="6.51" PMx="0.37" fuel="6.59" electricity="0.00" noise="76.11" route="routetop" type="cfm-fast" waiting="0.00" lane="left_0" pos="6.19" speed="27.89" angle="173.32" x="-3.64" y="50.33"/>
        <vehicle id="cfm-fast_2" eclass="HBEFA3/PC_G_EU4" CO2="38086.33" CO="1944.66" HC="9.94" NOx="16.43" PMx="1.50" fuel="16.37" electricity="0.00" noise="92.40" route="routebottom" type="cfm-fast" waiting="0.00" lane="bottom_1" pos="16.15" speed="75.56" angle="65.44" x="95.40" y="6.59"/>
        <vehicle id="cfm-fast_3" eclass="HBEFA3/PC_G_EU4" CO2="14022.19" CO="240.35" HC="1.45" NOx="5.86" PMx="0.34" fuel="6.03" electricity="0.00" noise="75.93" route="routetop" type="cfm-fast" waiting="0.00" lane="left_0" pos="25.20" speed="29.32" angle="139.13" x="15.46" y="14.85"/>
        <vehicle id="cfm-fast_4" eclass="HBEFA3/PC_G_EU4" CO2="39997.21" CO="1982.11" HC="10.15" NOx="17.34" PMx="1.55" fuel="17.19" electricity="0.00" noise="92.73" route="routebottom" type="cfm-fast" waiting="0.00" lane="right_1" pos="32.77" speed="75.52" angle="305.53" x="97.31" y="119.63"/>
        <vehicle id="cfm-fast_5" eclass="HBEFA3/PC_G_EU4" CO2="8342.50" CO="131.15" HC="0.81" NOx="3.15" PMx="0.19" fuel="3.59" electricity="0.00" noise="74.59" route="routetop" type="cfm-fast" waiting="0.00" lane="left_0" pos="45.67" speed="30.38" angle="102.38" x="54.27" y="-4.29"/>
        <vehicle id="cfm-slow_0" eclass="HBEFA3/PC_G_EU4" CO2="0.00" CO="0.00" HC="0.00" NOx="0.00" PMx="0.00" fuel="0.00" electricity="0.00" noise="73.37" route="routebottom" type="cfm-slow" waiting="0.00" lane="bottom_0" pos="17.15" speed="30.60" angle="63.59" x="98.89" y="4.80"/>
        <vehicle id="cfm-slow_1" eclass="HBEFA3/PC_G_EU4" CO2="0.00" CO="0.00" HC="0.00" NOx="0.00" PMx="0.00" fuel="0.00" electricity="0.00" noise="72.53" route="routebottom" type="cfm-slow" waiting="0.00" lane="bottom_0" pos="42.78" speed="29.87" angle="17.56" x="130.49" y="48.17"/>
        <vehicle id="cfm-slow_2" eclass="HBEFA3/PC_G_EU4" CO2="0.00" CO="0.00" HC="0.00" NOx="0.00" PMx="0.00" fuel="0.00" electricity="0.00" noise="71.85" route="routebottom" type="cfm-slow" waiting="0.00" lane="right_0" pos="17.57" speed="28.50" angle="332.85" x="122.06" y="99.67"/>
        <vehicle id="cfm-slow_3" eclass="HBEFA3/PC_G_EU4" CO2="0.00" CO="0.00" HC="0.00" NOx="0.00" PMx="0.00" fuel="0.00" electricity="0.00" noise="71.59" route="routebottom" type="cfm-slow" waiting="0.00" lane="right_0" pos="40.95" speed="27.15" angle="290.79" x="82.97" y="129.50"/>
        <vehicle id="cfm-slow_4" eclass="HBEFA3/PC_G_EU4" CO2="6166.94" CO="62.55" HC="0.44" NOx="2.21" PMx="0.12" fuel="2.65" electricity="0.00" noise="72.50" route="routetop" type="cfm-slow" waiting="0.00" lane="top_0" pos="12.98" speed="26.46" angle="251.12" x="36.42" y="126.63"/>
        <vehicle id="cfm-slow_5" eclass="HBEFA3/PC_G_EU4" CO2="12168.68" CO="187.49" HC="1.16" NOx="5.04" PMx="0.28" fuel="5.23" electricity="0.00" noise="74.56" route="routetop" type="cfm-slow" waiting="0.00" lane="top_0" pos="34.39" speed="26.76" angle="212.62" x="3.16" y="96.02"/>
    </timestep>
    <timestep time="9.70">
        <vehicle id="cfm-fast_0" eclass="HBEFA3/PC_G_EU4" CO2="48522.64" CO="2140.49" HC="11.08" NOx="21.36" PMx="1.76" fuel="20.86" electricity="0.00" noise="94.26" route="routetop" type="cfm-fast" waiting="0.00" lane="left_1" pos="0.56" speed="75.14" angle="183.47" x="-1.63" y="62.48"/>
        <vehicle id="cfm-fast_1" eclass="HBEFA3/PC_G_EU4" CO2="15324.35" CO="258.37" HC="1.56" NOx="6.50" PMx="0.37" fuel="6.59" electricity="0.00" noise="76.11" route="routetop" type="cfm-fast" waiting="0.00" lane="left_0" pos="6.47" speed="27.91" angle="172.86" x="-3.53" y="49.75"/>
        <vehicle id="cfm-fast_2" eclass="HBEFA3/PC_G_EU4" CO2="38092.82" CO="1944.81" HC="9.94" NOx="16.44" PMx="1.50" fuel="16.37" electricity="0.00" noise="92.40" route="routebottom" type="cfm-fast" waiting="0.00" lane="bottom_1" pos="16.90" speed="75.56" angle="64.10" x="96.74" y="7.36"/>
        <vehicle id="cfm-fast_3" eclass="HBEFA3/PC_G_EU4" CO2="13970.38" CO="239.36" HC="1.44" NOx="5.83" PMx="0.34" fuel="6.01" electricity="0.00" noise="75.91" route="routetop" type="cfm-fast" waiting="0.00" lane="left_0" pos="25.50" speed="29.33" angle="138.60" x="15.91" y="14.40"/>
        <vehicle id="cfm-fast_4" eclass="HBEFA3/PC_G_EU4" CO2="39990.68" CO="1982.03" HC="10.15" NOx="17.33" PMx="1.55" fuel="17.19" electricity="0.00" noise="92.73" route="routebottom" type="cfm-fast" waiting="0.00" lane="right_1" pos="33.53" speed="75.52" angle="304.20" x="95.97" y="120.41"/>
        <vehicle id="cfm-fast_5" eclass="HBEFA3/PC_G_EU4" CO2="8269.36" CO="129.67" HC="0.80" NOx="3.12" PMx="0.19" fuel="3.55" electricity="0.00" noise="74.57" route="routetop" type="cfm-fast" waiting="0.00" lane="left_0" pos="45.97" speed="30.39" angle="101.81" x="54.92" y="-4.38"/>
        <vehicle id="cfm-slow_0" eclass="HBEFA3/PC_G_EU4" CO2="0.00" CO="0.00" HC="0.00" NOx="0.00" PMx="0.00" fuel="0.00" electricity="0.00" noise="73.36" route="routebottom" type="cfm-slow" waiting="0.00" lane="bottom_0" pos="17.46" speed="30.60" angle="63.03" x="99.46" y="5.14"/>
        <vehicle id="cfm-slow_1" eclass="HBEFA3/PC_G_EU4" CO2="0.00" CO="0.00" HC="0.00" NOx="0.00" PMx="0.00" fuel="0.00" electricity="0.00" noise="72.53" route="routebottom" type="cfm-slow" waiting="0.00" lane="bottom_0" pos="43.08" speed="29.85" angle="17.02" x="130.63" y="48.79"/>
        <vehicle id="cfm-slow_2" eclass="HBEFA3/PC_G_EU4" CO2="0.00" CO="0.00" HC="0.00" NOx="0.00" PMx="0.00" fuel="0.00" electricity="0.00" noise="71.84" route="routebottom" type="cfm-slow" waiting="0.00" lane="right_0" pos="17.86" speed="28.49" angle="332.37" x="121.75" y="100.19"/>
        <vehicle id="cfm-slow_3" eclass="HBEFA3/PC_G_EU4" CO2="0.00" CO="0.00" HC="0.00" NOx="0.00" PMx="0.00" fuel="0.00" electricity="0.00" noise="71.60" route="routebottom" type="cfm-slow" waiting="0.00" lane="right_0" pos="41.22" speed="27.14" angle="290.35" x="82.41" y="129.66"/>
        <vehicle id="cfm-slow_4" eclass="HBEFA3/PC_G_EU4" CO2="6226.15" CO="63.78" HC="0.45" NOx="2.24" PMx="0.12" fuel="2.68" electricity="0.00" noise="72.52" route="routetop" type="cfm-slow" waiting="0.00" lane="top_0" pos="13.24" speed="26.47" angle="250.64" x="35.90" y="126.40"/>
        <vehicle id="cfm-slow_5" eclass="HBEFA3/PC_G_EU4" CO2="12201.09" CO="188.20" HC="1.16" NOx="5.05" PMx="0.28" fuel="5.24" electricity="0.00" noise="74.57" route="routetop" type="cfm-slow" waiting="0.00" lane="top_0" pos="34.65" speed="26.77" angle="212.20" x="2.89" y="95.51"/>
    </timestep>
    <timestep time="9.71">
        <vehicle id="cfm-fast_0" eclass="HBEFA3/PC_G_EU4" CO2="48402.52" CO="2138.28" HC="11.07" NOx="21.31" PMx="1.76" fuel="20.81" electricity="0.00" noise="94.24" route="routetop" type="cfm-fast" waiting="0.00" lane="left_1" pos="1.31" speed="75.14" angle="182.14" x="-1.59" y="60.94"/>
        <vehicle id="cfm-fast_1" eclass="HBEFA3/PC_G_EU4" CO2="15314.87" CO="258.25" HC="1.56" NOx="6.50" PMx="0.37" fuel="6.58" electricity="0.00" noise="76.11" route="routetop" type="cfm-fast" waiting="0.00" lane="left_0" pos="6.75" speed="27.92" angle="172.32" x="-3.39" y="49.16"/>
        <vehicle id="cfm-fast_2" eclass="HBEFA3/PC_G_EU4" CO2="38099.30" CO="1944.95" HC="9.94" NOx="16.44" PMx="1.50" fuel="16.38" electricity="0.00" noise="92.40" route="routebottom" type="cfm-fast" waiting="0.00" lane="bottom_1" pos="17.66" speed="75.56" angle="62.67" x="98.07" y="8.16"/>
        <vehicle id="cfm-fast_3" eclass="HBEFA3/PC_G_EU4" CO2="13918.34" CO="238.36" HC="1.44" NOx="5.81" PMx="0.34" fuel="5.98" electricity="0.00" noise="75.90" route="routetop" type="cfm-fast" waiting="0.00" lane="left_0" pos="25.79" speed="29.34" angle="138.12" x="16.37" y="13.96"/>
        <vehicle id="cfm-fast_4" eclass="HBEFA3/PC_G_EU4" CO2="39983.94" CO="1981.95" HC="10.15" NOx="17.33" PMx="1.55" fuel="17.19" electricity="0.00" noise="92.73" route="routebottom" type="cfm-fast" waiting="0.00" lane="right_1" pos="34.28" speed="75.52" angle="302.82" x="94.62" y="121.16"/>
        <vehicle id="cfm-fast_5" eclass="HBEFA3/PC_G_EU4" CO2="8196.34" CO="128.19" HC="0.79" NOx="3.09" PMx="0.19" fuel="3.52" electricity="0.00" noise="74.56" route="routetop" type="cfm-fast" waiting="0.00" lane="left_0" pos="46.27" speed="30.39" angle="101.31" x="55.57" y="-4.47"/>
        <vehicle id="cfm-slow_0" eclass="HBEFA3/PC_G_EU4" CO2="0.00" CO="0.00" HC="0.00" NOx="0.00" PMx="0.00" fuel="0.00" electricity="0.00" noise="73.35" route="routebottom" type="cfm-slow" waiting="0.00" lane="bottom_0" pos="17.77" speed="30.59" angle="62.47" x="100.02" y="5.48"/>
        <vehicle id="cfm-slow_1" eclass="HBEFA3/PC_G_EU4" CO2="0.00" CO="0.00" HC="0.00" NOx="0.00" PMx="0.00" fuel="0.00" electricity="0.00" noise="72.52" route="routebottom" type="cfm-slow" waiting="0.00" lane="bottom_0" pos="43.37" speed="29.84" angle="16.48" x="130.77" y="49.42"/>
        <vehicle id="cfm-slow_2" eclass="HBEFA3/PC_G_EU4" CO2="0.00" CO="0.00" HC="0.00" NOx="0.00" PMx="0.00" fuel="0.00" electricity="0.00" noise="71.84" route="routebottom" type="cfm-slow" waiting="0.00" lane="right_0" pos="18.14" speed="28.47" angle="331.86" x="121.41" y="100.71"/>
        <vehicle id="cfm-slow_3" eclass="HBEFA3/PC_G_EU4" CO2="0.00" CO="0.00" HC="0.00" NOx="0.00" PMx="0.00" fuel="0.00" electricity="0.00" noise="71.60" route="routebottom" type="cfm-slow" waiting="0.00" lane="right_0" pos="41.49" speed="27.14" angle="289.86" x="81.84" y="129.81"/>
        <vehicle id="cfm-slow_4" eclass="HBEFA3/PC_G_EU4" CO2="6285.11" CO="65.00" HC="0.45" NOx="2.27" PMx="0.13" fuel="2.70" electricity="0.00" noise="72.53" route="routetop" type="cfm-slow" waiting="0.00" lane="top_0" pos="13.51" speed="26.47" angle="250.15" x="35.38" y="126.16"/>
        <vehicle id="cfm-slow_5" eclass="HBEFA3/PC_G_EU4" CO2="12233.12" CO="188.91" HC="1.17" NOx="5.07" PMx="0.28" fuel="5.26" electricity="0.00" noise="74.59" route="routetop" type="cfm-slow" waiting="0.00" lane="top_0" pos="34.92" speed="26.79" angle="211.70" x="2.63" y="94.99"/>
    </timestep>
    <timestep time="9.72">
        <vehicle id="cfm-fast_0" eclass="HBEFA3/PC_G_EU4" CO2="48283.69" CO="2136.08" HC="11.06" NOx="21.25" PMx="1.76" fuel="20.76" electricity="0.00" noise="94.21" route="routetop" type="cfm-fast" waiting="0.00" lane="left_1" pos="2.06" speed="75.15" angle="180.78" x="-1.50" y="59.41"/>
        <vehicle id="cfm-fast_1" eclass="HBEFA3/PC_G_EU4" CO2="15304.98" CO="258.13" HC="1.56" NOx="6.49" PMx="0.37" fuel="6.58" electricity="0.00" noise="76.11" route="routetop" type="cfm-fast" waiting="0.00" lane="left_0" pos="7.03" speed="27.94" angle="171.79" x="-3.26" y="48.57"/>
        <vehicle id="cfm-fast_2" eclass="HBEFA3/PC_G_EU4" CO2="38105.78" CO="1945.09" HC="9.94" NOx="16.44" PMx="1.50" fuel="16.38" electricity="0.00" noise="92.40" route="routebottom" type="cfm-fast" waiting="0.00" lane="bottom_1" pos="18.42" speed="75.56" angle="61.31" x="99.37" y="8.99"/>
        <vehicle id="cfm-fast_3" eclass="HBEFA3/PC_G_EU4" CO2="13866.07" CO="237.36" HC="1.43" NOx="5.78" PMx="0.33" fuel="5.96" electricity="0.00" noise="75.88" route="routetop" type="cfm-fast" waiting="0.00" lane="left_0" pos="26.08" speed="29.35" angle="137.57" x="16.83" y="13.53"/>
        <vehicle id="cfm-fast_4" eclass="HBEFA3/PC_G_EU4" CO2="39976.99" CO="1981.86" HC="10.15" NOx="17.33" PMx="1.55" fuel="17.18" electricity="0.00" noise="92.73" route="routebottom" type="cfm-fast" waiting="0.00" lane="right_1" pos="35.04" speed="75.52" angle="301.48" x="93.25" y="121.88"/>
        <vehicle id="cfm-fast_5" eclass="HBEFA3/PC_G_EU4" CO2="8123.45" CO="126.71" HC="0.79" NOx="3.05" PMx="0.19" fuel="3.49" electricity="0.00" noise="74.54" route="routetop" type="cfm-fast" waiting="0.00" lane="left_0" pos="46.58" speed="30.39" angle="100.75" x="56.22" y="-4.53"/>
        <vehicle id="cfm-slow_0" eclass="HBEFA3/PC_G_EU4" CO2="0.00" CO="0.00" HC="0.00" NOx="0.00" PMx="0.00" fuel="0.00" electricity="0.00" noise="73.34" route="routebottom" type="cfm-slow" waiting="0.00" lane="bottom_0" pos="18.07" speed="30.58" angle="61.97" x="100.58" y="5.83"/>
        <vehicle id="cfm-slow_1" eclass="HBEFA3/PC_G_EU4" CO2="0.00" CO="0.00" HC="0.00" NOx="0.00" PMx="0.00" fuel="0.00" electricity="0.00" noise="72.51" route="routebottom" type="cfm-slow" waiting="0.00" lane="bottom_0" pos="43.67" speed="29.83" angle="15.99" x="130.91" y="50.05"/>
        <vehicle id="cfm-slow_2" eclass="HBEFA3/PC_G_EU4" CO2="0.00" CO="0.00" HC="0.00" NOx="0.00" PMx="0.00" fuel="0.00" electricity="0.00" noise="71.84" route="routebottom" type="cfm-slow" waiting="0.00" lane="right_0" pos="18.43" speed="28.46" angle="331.31" x="121.07" y="101.22"/>
        <vehicle id="cfm-slow_3" eclass="HBEFA3/PC_G_EU4" CO2="0.00" CO="0.00" HC="0.00" NOx="0.00" PMx="0.00" fuel="0.00" electricity="0.00" noise="71.61" route="routebottom" type="cfm-slow" waiting="0.00" lane="right_0" pos="41.76" speed="27.13" angle="289.36" x="81.28" y="129.96"/>
        <vehicle id="cfm-slow_4" eclass="HBEFA3/PC_G_EU4" CO2="6343.80" CO="66.22" HC="0.46" NOx="2.30" PMx="0.13" fuel="2.73" electricity="0.00" noise="72.55" route="routetop" type="cfm-slow" waiting="0.00" lane="top_0" pos="13.77" speed="26.47" angle="249.67" x="34.86" y="125.93"/>
        <vehicle id="cfm-slow_5" eclass="HBEFA3/PC_G_EU4" CO2="12264.76" CO="189.62" HC="1.17" NOx="5.08" PMx="0.28" fuel="5.27" electricity="0.00" noise="74.60" route="routetop" type="cfm-slow" waiting="0.00" lane="top_0" pos="35.19" speed="26.80" angle="211.21" x="2.37" y="94.48"/>
    </timestep>
    <timestep time="9.73">
        <vehicle id="cfm-fast_0" eclass="HBEFA3/PC_G_EU4" CO2="48166.15" CO="2133.92" HC="11.05" NOx="21.19" PMx="1.75" fuel="20.70" electricity="0.00" noise="94.19" route="routetop" type="cfm-fast" waiting="0.00" lane="left_1" pos="2.81" speed="75.15" angle="179.45" x="-1.39" y="57.87"/>
        <vehicle id="cfm-fast_1" eclass="HBEFA3/PC_G_EU4" CO2="15294.69" CO="257.99" HC="1.56" NOx="6.49" PMx="0.37" fuel="6.57" electricity="0.00" noise="76.10" route="routetop" type="cfm-fast" waiting="0.00" lane="left_0" pos="7.31" speed="27.95" angle="171.25" x="-3.12" y="47.99"/>
        <vehicle id="cfm-fast_2" eclass="HBEFA3/PC_G_EU4" CO2="38112.24" CO="1945.24" HC="9.94" NOx="16.45" PMx="1.50" fuel="16.38" electricity="0.00" noise="92.40" route="routebottom" type="cfm-fast" waiting="0.00" lane="bottom_1" pos="19.17" speed="75.56" angle="59.91" x="100.66" y="9.85"/>
        <vehicle id="cfm-fast_3" eclass="HBEFA3/PC_G_EU4" CO2="13813.56" CO="236.35" HC="1.42" NOx="5.76" PMx="0.33" fuel="5.94" electricity="0.00" noise="75.87" route="routetop" type="cfm-fast" waiting="0.00" lane="left_0" pos="26.38" speed="29.36" angle="137.03" x="17.29" y="13.11"/>
        <vehicle id="cfm-fast_4" eclass="HBEFA3/PC_G_EU4" CO2="39969.83" CO="1981.77" HC="10.15" NOx="17.32" PMx="1.55" fuel="17.18" electricity="0.00" noise="92.73" route="routebottom" type="cfm-fast" waiting="0.00" lane="right_1" pos="35.79" speed="75.52" angle="300.09" x="91.86" y="122.57"/>
        <vehicle id="cfm-fast_5" eclass="HBEFA3/PC_G_EU4" CO2="8050.70" CO="125.23" HC="0.78" NOx="3.02" PMx="0.19" fuel="3.46" electricity="0.00" noise="74.52" route="routetop" type="cfm-fast" waiting="0.00" lane="left_0" pos="46.88" speed="30.39" angle="100.20" x="56.87" y="-4.60"/>
        <vehicle id="cfm-slow_0" eclass="HBEFA3/PC_G_EU4" CO2="0.00" CO="0.00" HC="0.00" NOx="0.00" PMx="0.00" fuel="0.00" electricity="0.00" noise="73.34" route="routebottom" type="cfm-slow" waiting="0.00" lane="bottom_0" pos="18.38" speed="30.58" angle="61.40" x="101.13" y="6.19"/>
        <vehicle id="cfm-slow_1" eclass="HBEFA3/PC_G_EU4" CO2="0.00" CO="0.00" HC="0.00" NOx="0.00" PMx="0.00" fuel="0.00" electricity="0.00" noise="72.51" route="routebottom" type="cfm-slow" waiting="0.00" lane="bottom_0" pos="43.97" speed="29.81" angle="15.43" x="131.03" y="50.68"/>
        <vehicle id="cfm-slow_2" eclass="HBEFA3/PC_G_EU4" CO2="0.00" CO="0.00" HC="0.00" NOx="0.00" PMx="0.00" fuel="0.00" electricity="0.00" noise="71.83" route="routebottom" type="cfm-slow" waiting="0.00" lane="right_0" pos="18.71" speed="28.45" angle="330.76" x="120.73" y="101.73"/>
        <vehicle id="cfm-slow_3" eclass="HBEFA3/PC_G_EU4" CO2="0.00" CO="0.00" HC="0.00" NOx="0.00" PMx="0.00" fuel="0.00" electricity="0.00" noise="71.61" route="routebottom" type="cfm-slow" waiting="0.00" lane="right_0" pos="42.03" speed="27.12" angle="288.87" x="80.72" y="130.11"/>
        <vehicle id="cfm-slow_4" eclass="HBEFA3/PC_G_EU4" CO2="6402.24" CO="67.43" HC="0.47" NOx="2.32" PMx="0.13" fuel="2.75" electricity="0.00" noise="72.57" route="routetop" type="cfm-slow" waiting="0.00" lane="top_0" pos="14.04" speed="26.47" angle="249.23" x="34.34" y="125.70"/>
        <vehicle id="cfm-slow_5" eclass="HBEFA3/PC_G_EU4" CO2="12296.03" CO="190.31" HC="1.17" NOx="5.10" PMx="0.28" fuel="5.29" electricity="0.00" noise="74.62" route="routetop" type="cfm-slow" waiting="0.00" lane="top_0" pos="35.46" speed="26.81" angle="210.71" x="2.11" y="93.96"/>
    </timestep>
    <timestep time="9.74">
        <vehicle id="cfm-fast_0" eclass="HBEFA3/PC_G_EU4" CO2="48049.87" CO="2131.77" HC="11.03" NOx="21.14" PMx="1.75" fuel="20.65" electricity="0.00" noise="94.17" route="routetop" type="cfm-fast" waiting="0.00" lane="left_1" pos="3.57" speed="75.16" angle="178.08" x="-1.23" y="56.34"/>
        <vehicle id="cfm-fast_1" eclass="HBEFA3/PC_G_EU4" CO2="15284.00" CO="257.85" HC="1.56" NOx="6.48" PMx="0.37" fuel="6.57" electricity="0.00" noise="76.10" route="routetop" type="cfm-fast" waiting="0.00" lane="left_0" pos="7.59" speed="27.96" angle="170.74" x="-2.99" y="47.40"/>
        <vehicle id="cfm-fast_2" eclass="HBEFA3/PC_G_EU4" CO2="38118.69" CO="1945.38" HC="9.94" NOx="16.45" PMx="1.50" fuel="16.39" electricity="0.00" noise="92.40" route="routebottom" type="cfm-fast" waiting="0.00" lane="bottom_1" pos="19.93" speed="75.56" angle="58.56" x="101.92" y="10.75"/>
        <vehicle id="cfm-fast_3" eclass="HBEFA3/PC_G_EU4" CO2="13760.84" CO="235.34" HC="1.42" NOx="5.73" PMx="0.33" fuel="5.92" electricity="0.00" noise="75.85" route="routetop" type="cfm-fast" waiting="0.00" lane="left_0" pos="26.67" speed="29.37" angle="136.48" x="17.76" y="12.68"/>
        <vehicle id="cfm-fast_4" eclass="HBEFA3/PC_G_EU4" CO2="39962.47" CO="1981.67" HC="10.15" NOx="17.32" PMx="1.54" fuel="17.18" electricity="0.00" noise="92.73" route="routebottom" type="cfm-fast" waiting="0.00" lane="right_1" pos="36.55" speed="75.52" angle="298.71" x="90.45" y="123.21"/>
        <vehicle id="cfm-fast_5" eclass="HBEFA3/PC_G_EU4" CO2="7978.08" CO="123.76" HC="0.77" NOx="2.98" PMx="0.18" fuel="3.43" electricity="0.00" noise="74.51" route="routetop" type="cfm-fast" waiting="0.00" lane="left_0" pos="47.18" speed="30.40" angle="99.64" x="57.52" y="-4.67"/>
        <vehicle id="cfm-slow_0" eclass="HBEFA3/PC_G_EU4" CO2="0.00" CO="0.00" HC="0.00" NOx="0.00" PMx="0.00" fuel="0.00" electricity="0.00" noise="73.33" route="routebottom" type="cfm-slow" waiting="0.00" lane="bottom_0" pos="18.68" speed="30.57" angle="60.82" x="101.67" y="6.56"/>
        <vehicle id="cfm-slow_1" eclass="HBEFA3/PC_G_EU4" CO2="0.00" CO="0.00" HC="0.00" NOx="0.00" PMx="0.00" fuel="0.00" electricity="0.00" noise="72.50" route="routebottom" type="cfm-slow" waiting="0.00" lane="bottom_0" pos="44.27" speed="29.80" angle="14.86" x="131.14" y="51.31"/>
        <vehicle id="cfm-slow_2" eclass="HBEFA3/PC_G_EU4" CO2="0.00" CO="0.00" HC="0.00" NOx="0.00" PMx="0.00" fuel="0.00" electricity="0.00" noise="71.83" route="routebottom" type="cfm-slow" waiting="0.00" lane="right_0" pos="19.00" speed="28.43" angle="330.20" x="120.39" y="102.23"/>
        <vehicle id="cfm-slow_3" eclass="HBEFA3/PC_G_EU4" CO2="0.00" CO="0.00" HC="0.00" NOx="0.00" PMx="0.00" fuel="0.00" electricity="0.00" noise="71.62" route="routebottom" type="cfm-slow" waiting="0.00" lane="right_0" pos="42.31" speed="27.11" angle="288.42" x="80.15" y="130.26"/>
        <vehicle id="cfm-slow_4" eclass="HBEFA3/PC_G_EU4" CO2="6460.41" CO="68.64" HC="0.47" NOx="2.35" PMx="0.13" fuel="2.78" electricity="0.00" noise="72.58" route="routetop" type="cfm-slow" waiting="0.00" lane="top_0" pos="14.30" speed="26.47" angle="248.75" x="33.83" y="125.45"/>
        <vehicle id="cfm-slow_5" eclass="HBEFA3/PC_G_EU4" CO2="12326.90" CO="191.00" HC="1.18" NOx="5.11" PMx="0.29" fuel="5.30" electricity="0.00" noise="74.63" route="routetop" type="cfm-slow" waiting="0.00" lane="top_0" pos="35.73" speed="26.82" angle="210.22" x="1.86" y="93.45"/>
    </timestep>
    <timestep time="9.75">
        <vehicle id="cfm-fast_0" eclass="HBEFA3/PC_G_EU4" CO2="47934.85" CO="2129.65" HC="11.02" NOx="21.09" PMx="1.75" fuel="20.61" electricity="0.00" noise="94.15" route="routetop" type="cfm-fast" waiting="0.00" lane="left_1" pos="4.32" speed="75.16" angle="176.76" x="-1.04" y="54.81"/>
        <vehicle id="cfm-fast_1" eclass="HBEFA3/PC_G_EU4" CO2="15272.92" CO="257.70" HC="1.56" NOx="6.48" PMx="0.37" fuel="6.57" electricity="0.00" noise="76.10" route="routetop" type="cfm-fast" waiting="0.00" lane="left_0" pos="7.87" speed="27.98" angle="170.26" x="-2.84" y="46.82"/>
        <vehicle id="cfm-fast_2" eclass="HBEFA3/PC_G_EU4" CO2="38125.12" CO="1945.53" HC="9.94" NOx="16.45" PMx="1.50" fuel="16.39" electricity="0.00" noise="92.40" route="routebottom" type="cfm-fast" waiting="0.00" lane="bottom_1" pos="20.68" speed="75.56" angle="57.24" x="103.17" y="11.67"/>
        <vehicle id="cfm-fast_3" eclass="HBEFA3/PC_G_EU4" CO2="13707.89" CO="234.32" HC="1.41" NOx="5.71" PMx="0.33" fuel="5.89" electricity="0.00" noise="75.84" route="routetop" type="cfm-fast" waiting="0.00" lane="left_0" pos="26.96" speed="29.38" angle="136.00" x="18.23" y="12.25"/>
        <vehicle id="cfm-fast_4" eclass="HBEFA3/PC_G_EU4" CO2="39954.91" CO="1981.57" HC="10.15" NOx="17.32" PMx="1.54" fuel="17.18" electricity="0.00" noise="92.73" route="routebottom" type="cfm-fast" waiting="0.00" lane="right_1" pos="37.30" speed="75.52" angle="297.36" x="89.04" y="123.84"/>
        <vehicle id="cfm-fast_5" eclass="HBEFA3/PC_G_EU4" CO2="7905.60" CO="122.29" HC="0.76" NOx="2.95" PMx="0.18" fuel="3.40" electricity="0.00" noise="74.49" route="routetop" type="cfm-fast" waiting="0.00" lane="left_0" pos="47.49" speed="30.40" angle="99.14" x="58.17" y="-4.73"/>
        <vehicle id="cfm-slow_0" eclass="HBEFA3/PC_G_EU4" CO2="0.00" CO="0.00" HC="0.00" NOx="0.00" PMx="0.00" fuel="0.00" electricity="0.00" noise="73.32" route="routebottom" type="cfm-slow" waiting="0.00" lane="bottom_0" pos="18.99" speed="30.56" angle="60.25" x="102.22" y="6.92"/>
        <vehicle id="cfm-slow_1" eclass="HBEFA3/PC_G_EU4" CO2="0.00" CO="0.00" HC="0.00" NOx="0.00" PMx="0.00" fuel="0.00" electricity="0.00" noise="72.49" route="routebottom" type="cfm-slow" waiting="0.00" lane="bottom_0" pos="44.57" speed="29.79" angle="14.30" x="131.26" y="51.94"/>
        <vehicle id="cfm-slow_2" eclass="HBEFA3/PC_G_EU4" CO2="0.00" CO="0.00" HC="0.00" NOx="0.00" PMx="0.00" fuel="0.00" electricity="0.00" noise="71.83" route="routebottom" type="cfm-slow" waiting="0.00" lane="right_0" pos="19.28" speed="28.42" angle="329.73" x="120.05" y="102.74"/>
        <vehicle id="cfm-slow_3" eclass="HBEFA3/PC_G_EU4" CO2="0.00" CO="0.00" HC="0.00" NOx="0.00" PMx="0.00" fuel="0.00" electricity="0.00" noise="71.62" route="routebottom" type="cfm-slow" waiting="0.00" lane="right_0" pos="42.58" speed="27.11" angle="287.94" x="79.58" y="130.39"/>
        <vehicle id="cfm-slow_4" eclass="HBEFA3/PC_G_EU4" CO2="6518.31" CO="69.85" HC="0.48" NOx="2.38" PMx="0.13" fuel="2.80" electricity="0.00" noise="72.60" route="routetop" type="cfm-slow" waiting="0.00" lane="top_0" pos="14.57" speed="26.48" angle="248.24" x="33.32" y="125.19"/>
        <vehicle id="cfm-slow_5" eclass="HBEFA3/PC_G_EU4" CO2="12357.40" CO="191.68" HC="1.18" NOx="5.13" PMx="0.29" fuel="5.31" electricity="0.00" noise="74.65" route="routetop" type="cfm-slow" waiting="0.00" lane="top_0" pos="35.99" speed="26.83" angle="209.78" x="1.61" y="92.93"/>
    </timestep>
    <timestep time="9.76">
        <vehicle id="cfm-fast_0" eclass="HBEFA3/PC_G_EU4" CO2="47821.08" CO="2127.55" HC="11.01" NOx="21.03" PMx="1.74" fuel="20.56" electricity="0.00" noise="94.13" route="routetop" type="cfm-fast" waiting="0.00" lane="left_1" pos="5.07" speed="75.17" angle="175.38" x="-0.82" y="53.28"/>
        <vehicle id="cfm-fast_1" eclass="HBEFA3/PC_G_EU4" CO2="15261.43" CO="257.55" HC="1.56" NOx="6.47" PMx="0.37" fuel="6.56" electricity="0.00" noise="76.10" route="routetop" type="cfm-fast" waiting="0.00" lane="left_0" pos="8.15" speed="27.99" angle="169.75" x="-2.68" y="46.24"/>
        <vehicle id="cfm-fast_2" eclass="HBEFA3/PC_G_EU4" CO2="38131.53" CO="1945.67" HC="9.94" NOx="16.46" PMx="1.50" fuel="16.39" electricity="0.00" noise="92.41" route="routebottom" type="cfm-fast" waiting="0.00" lane="bottom_1" pos="21.44" speed="75.56" angle="55.86" x="104.39" y="12.62"/>
        <vehicle id="cfm-fast_3" eclass="HBEFA3/PC_G_EU4" CO2="13654.72" CO="233.30" HC="1.41" NOx="5.68" PMx="0.33" fuel="5.87" electricity="0.00" noise="75.82" route="routetop" type="cfm-fast" waiting="0.00" lane="left_0" pos="27.26" speed="29.39" angle="135.45" x="18.71" y="11.84"/>
        <vehicle id="cfm-fast_4" eclass="HBEFA3/PC_G_EU4" CO2="39947.16" CO="1981.46" HC="10.15" NOx="17.31" PMx="1.54" fuel="17.17" electricity="0.00" noise="92.72" route="routebottom" type="cfm-fast" waiting="0.00" lane="right_1" pos="38.06" speed="75.52" angle="295.96" x="87.60" y="124.41"/>
        <vehicle id="cfm-fast_5" eclass="HBEFA3/PC_G_EU4" CO2="7833.26" CO="120.81" HC="0.75" NOx="2.91" PMx="0.18" fuel="3.37" electricity="0.00" noise="74.48" route="routetop" type="cfm-fast" waiting="0.00" lane="left_0" pos="47.79" speed="30.40" angle="98.56" x="58.83" y="-4.77"/>
        <vehicle id="cfm-slow_0" eclass="HBEFA3/PC_G_EU4" CO2="0.00" CO="0.00" HC="0.00" NOx="0.00" PMx="0.00" fuel="0.00" electricity="0.00" noise="73.31" route="routebottom" type="cfm-slow" waiting="0.00" lane="bottom_0" pos="19.29" speed="30.56" angle="59.74" x="102.77" y="7.29"/>
        <vehicle id="cfm-slow_1" eclass="HBEFA3/PC_G_EU4" CO2="0.00" CO="0.00" HC="0.00" NOx="0.00" PMx="0.00" fuel="0.00" electricity="0.00" noise="72.49" route="routebottom" type="cfm-slow" waiting="0.00" lane="bottom_0" pos="44.86" speed="29.77" angle="13.79" x="131.37" y="52.57"/>
        <vehicle id="cfm-slow_2" eclass="HBEFA3/PC_G_EU4" CO2="0.00" CO="0.00" HC="0.00" NOx="0.00" PMx="0.00" fuel="0.00" electricity="0.00" noise="71.82" route="routebottom" type="cfm-slow" waiting="0.00" lane="right_0" pos="19.56" speed="28.41" angle="329.22" x="119.69" y="103.24"/>
        <vehicle id="cfm-slow_3" eclass="HBEFA3/PC_G_EU4" CO2="0.00" CO="0.00" HC="0.00" NOx="0.00" PMx="0.00" fuel="0.00" electricity="0.00" noise="71.63" route="routebottom" type="cfm-slow" waiting="0.00" lane="right_0" pos="42.85" speed="27.10" angle="287.45" x="79.01" y="130.52"/>
        <vehicle id="cfm-slow_4" eclass="HBEFA3/PC_G_EU4" CO2="6575.96" CO="71.05" HC="0.49" NOx="2.41" PMx="0.13" fuel="2.83" electricity="0.00" noise="72.62" route="routetop" type="cfm-slow" waiting="0.00" lane="top_0" pos="14.83" speed="26.48" angle="247.74" x="32.81" y="124.93"/>
        <vehicle id="cfm-slow_5" eclass="HBEFA3/PC_G_EU4" CO2="12387.51" CO="192.35" HC="1.19" NOx="5.14" PMx="0.29" fuel="5.32" electricity="0.00" noise="74.66" route="routetop" type="cfm-slow" waiting="0.00" lane="top_0" pos="36.26" speed="26.84" angle="209.28" x="1.37" y="92.40"/>
    </timestep>
    <timestep time="9.77">
        <vehicle id="cfm-fast_0" eclass="HBEFA3/PC_G_EU4" CO2="47708.54" CO="2125.48" HC="11.00" NOx="20.98" PMx="1.74" fuel="20.51" electricity="0.00" noise="94.11" route="routetop" type="cfm-fast" waiting="0.00" lane="left_1" pos="5.82" speed="75.18" angle="173.99" x="-0.55" y="51.76"/>
        <vehicle id="cfm-fast_1" eclass="HBEFA3/PC_G_EU4" CO2="15249.55" CO="257.38" HC="1.55" NOx="6.47" PMx="0.37" fuel="6.56" electricity="0.00" noise="76.10" route="routetop" type="cfm-fast" waiting="0.00" lane="left_0" pos="8.43" speed="28.01" angle="169.24" x="-2.53" y="45.65"/>
        <vehicle id="cfm-fast_2" eclass="HBEFA3/PC_G_EU4" CO2="38137.92" CO="1945.81" HC="9.94" NOx="16.46" PMx="1.50" fuel="16.39" electricity="0.00" noise="92.41" route="routebottom" type="cfm-fast" waiting="0.00" lane="bottom_1" pos="22.19" speed="75.56" angle="54.53" x="105.59" y="13.60"/>
        <vehicle id="cfm-fast_3" eclass="HBEFA3/PC_G_EU4" CO2="13601.33" CO="232.28" HC="1.40" NOx="5.66" PMx="0.33" fuel="5.85" electricity="0.00" noise="75.80" route="routetop" type="cfm-fast" waiting="0.00" lane="left_0" pos="27.55" speed="29.40" angle="134.90" x="19.19" y="11.43"/>
        <vehicle id="cfm-fast_4" eclass="HBEFA3/PC_G_EU4" CO2="39939.23" CO="1981.36" HC="10.15" NOx="17.31" PMx="1.54" fuel="17.17" electricity="0.00" noise="92.72" route="routebottom" type="cfm-fast" waiting="0.00" lane="right_1" pos="38.82" speed="75.53" angle="294.63" x="86.15" y="124.96"/>
        <vehicle id="cfm-fast_5" eclass="HBEFA3/PC_G_EU4" CO2="7761.07" CO="119.35" HC="0.74" NOx="2.88" PMx="0.18" fuel="3.34" electricity="0.00" noise="74.46" route="routetop" type="cfm-fast" waiting="0.00" lane="left_0" pos="48.10" speed="30.40" angle="97.97" x="59.48" y="-4.81"/>
        <vehicle id="cfm-slow_0" eclass="HBEFA3/PC_G_EU4" CO2="0.00" CO="0.00" HC="0.00" NOx="0.00" PMx="0.00" fuel="0.00" electricity="0.00" noise="73.30" route="routebottom" type="cfm-slow" waiting="0.00" lane="bottom_0" pos="19.60" speed="30.55" angle="59.18" x="103.30" y="7.67"/>
        <vehicle id="cfm-slow_1" eclass="HBEFA3/PC_G_EU4" CO2="0.00" CO="0.00" HC="0.00" NOx="0.00" PMx="0.00" fuel="0.00" electricity="0.00" noise="72.48" route="routebottom" type="cfm-slow" waiting="0.00" lane="bottom_0" pos="45.16" speed="29.76" angle="13.27" x="131.47" y="53.20"/>
        <vehicle id="cfm-slow_2" eclass="HBEFA3/PC_G_EU4" CO2="0.00" CO="0.00" HC="0.00" NOx="0.00" PMx="0.00" fuel="0.00" electricity="0.00" noise="71.82" route="routebottom" type="cfm-slow" waiting="0.00" lane="right_0" pos="19.85" speed="28.40" angle="328.70" x="119.34" y="103.73"/>
        <vehicle id="cfm-slow_3" eclass="HBEFA3/PC_G_EU4" CO2="0.00" CO="0.00" HC="0.00" NOx="0.00" PMx="0.00" fuel="0.00" electricity="0.00" noise="71.63" route="routebottom" type="cfm-slow" waiting="0.00" lane="right_0" pos="43.12" speed="27.09" angle="286.96" x="78.45" y="130.65"/>
        <vehicle id="cfm-slow_4" eclass="HBEFA3/PC_G_EU4" CO2="6633.33" CO="72.24" HC="0.50" NOx="2.43" PMx="0.14" fuel="2.85" electricity="0.00" noise="72.63" route="routetop" type="cfm-slow" waiting="0.00" lane="top_0" pos="15.10" speed="26.48" angle="247.23" x="32.30" y="124.68"/>
        <vehicle id="cfm-slow_5" eclass="HBEFA3/PC_G_EU4" CO2="12417.24" CO="193.01" HC="1.19" NOx="5.15" PMx="0.29" fuel="5.34" electricity="0.00" noise="74.68" route="routetop" type="cfm-slow" waiting="0.00" lane="top_0" pos="36.53" speed="26.85" angle="208.77" x="1.13" y="91.87"/>
    </timestep>
    <timestep time="9.78">
        <vehicle id="cfm-fast_0" eclass="HBEFA3/PC_G_EU4" CO2="47597.22" CO="2123.42" HC="10.98" NOx="20.93" PMx="1.74" fuel="20.46" electricity="0.00" noise="94.09" route="routetop" type="cfm-fast" waiting="0.00" lane="left_1" pos="6.57" speed="75.18" angle="172.65" x="-0.25" y="50.25"/>
        <vehicle id="cfm-fast_1" eclass="HBEFA3/PC_G_EU4" CO2="15237.27" CO="257.21" HC="1.55" NOx="6.46" PMx="0.37" fuel="6.55" electricity="0.00" noise="76.10" route="routetop" type="cfm-fast" waiting="0.00" lane="left_0" pos="8.71" speed="28.02" angle="168.73" x="-2.37" y="45.07"/>
        <vehicle id="cfm-fast_2" eclass="HBEFA3/PC_G_EU4" CO2="38144.28" CO="1945.95" HC="9.94" NOx="16.46" PMx="1.50" fuel="16.40" electricity="0.00" noise="92.41" route="routebottom" type="cfm-fast" waiting="0.00" lane="bottom_1" pos="22.95" speed="75.56" angle="53.16" x="106.77" y="14.61"/>
        <vehicle id="cfm-fast_3" eclass="HBEFA3/PC_G_EU4" CO2="13547.73" CO="231.24" HC="1.39" NOx="5.63" PMx="0.33" fuel="5.82" electricity="0.00" noise="75.79" route="routetop" type="cfm-fast" waiting="0.00" lane="left_0" pos="27.85" speed="29.41" angle="134.35" x="19.67" y="11.02"/>
        <vehicle id="cfm-fast_4" eclass="HBEFA3/PC_G_EU4" CO2="39931.12" CO="1981.24" HC="10.15" NOx="17.30" PMx="1.54" fuel="17.17" electricity="0.00" noise="92.72" route="routebottom" type="cfm-fast" waiting="0.00" lane="right_1" pos="39.57" speed="75.53" angle="293.29" x="84.70" y="125.49"/>
        <vehicle id="cfm-fast_5" eclass="HBEFA3/PC_G_EU4" CO2="7689.03" CO="117.88" HC="0.73" NOx="2.85" PMx="0.18" fuel="3.31" electricity="0.00" noise="74.45" route="routetop" type="cfm-fast" waiting="0.00" lane="left_0" pos="48.40" speed="30.41" angle="97.39" x="60.13" y="-4.84"/>
        <vehicle id="cfm-slow_0" eclass="HBEFA3/PC_G_EU4" CO2="0.00" CO="0.00" HC="0.00" NOx="0.00" PMx="0.00" fuel="0.00" electricity="0.00" noise="73.29" route="routebottom" type="cfm-slow" waiting="0.00" lane="bottom_0" pos="19.90" speed="30.54" angle="58.62" x="103.83" y="8.06"/>
        <vehicle id="cfm-slow_1" eclass="HBEFA3/PC_G_EU4" CO2="0.00" CO="0.00" HC="0.00" NOx="0.00" PMx="0.00" fuel="0.00" electricity="0.00" noise="72.47" route="routebottom" type="cfm-slow" waiting="0.00" lane="bottom_0" pos="45.46" speed="29.75" angle="12.73" x="131.56" y="53.83"/>
        <vehicle id="cfm-slow_2" eclass="HBEFA3/PC_G_EU4" CO2="0.00" CO="0.00" HC="0.00" NOx="0.00" PMx="0.00" fuel="0.00" electricity="0.00" noise="71.82" route="routebottom" type="cfm-slow" waiting="0.00" lane="right_0" pos="20.13" speed="28.38" angle="328.19" x="118.98" y="104.23"/>
        <vehicle id="cfm-slow_3" eclass="HBEFA3/PC_G_EU4" CO2="0.00" CO="0.00" HC="0.00" NOx="0.00" PMx="0.00" fuel="0.00" electricity="0.00" noise="71.64" route="routebottom" type="cfm-slow" waiting="0.00" lane="right_0" pos="43.39" speed="27.09" angle="286.46" x="77.88" y="130.78"/>
        <vehicle id="cfm-slow_4" eclass="HBEFA3/PC_G_EU4" CO2="6690.45" CO="73.43" HC="0.50" NOx="2.46" PMx="0.14" fuel="2.88" electricity="0.00" noise="72.65" route="routetop" type="cfm-slow" waiting="0.00" lane="top_0" pos="15.36" speed="26.49" angle="246.79" x="31.79" y="124.42"/>
        <vehicle id="cfm-slow_5" eclass="HBEFA3/PC_G_EU4" CO2="12446.59" CO="193.67" HC="1.19" NOx="5.17" PMx="0.29" fuel="5.35" electricity="0.00" noise="74.69" route="routetop" type="cfm-slow" waiting="0.00" lane="top_0" pos="36.80" speed="26.86" angle="208.27" x="0.89" y="91.35"/>
    </timestep>
    <timestep time="9.79">
        <vehicle id="cfm-fast_0" eclass="HBEFA3/PC_G_EU4" CO2="47487.11" CO="2121.39" HC="10.97" NOx="20.87" PMx="1.74" fuel="20.41" electricity="0.00" noise="94.07" route="routetop" type="cfm-fast" waiting="0.00" lane="left_1" pos="7.32" speed="75.19" angle="171.26" x="0.09" y="48.75"/>
        <vehicle id="cfm-fast_1" eclass="HBEFA3/PC_G_EU4" CO2="15224.60" CO="257.03" HC="1.55" NOx="6.45" PMx="0.36" fuel="6.54" electricity="0.00" noise="76.09" route="routetop" type="cfm-fast" waiting="0.00" lane="left_0" pos="8.99" speed="28.03" angle="168.27" x="-2.21" y="44.49"/>
        <vehicle id="cfm-fast_2" eclass="HBEFA3/PC_G_EU4" CO2="38150.62" CO="1946.10" HC="9.94" NOx="16.46" PMx="1.50" fuel="16.40" electricity="0.00" noise="92.41" route="routebottom" type="cfm-fast" waiting="0.00" lane="bottom_1" pos="23.71" speed="75.56" angle="51.87" x="107.92" y="15.65"/>
        <vehicle id="cfm-fast_3" eclass="HBEFA3/PC_G_EU4" CO2="13493.93" CO="230.21" HC="1.39" NOx="5.61" PMx="0.32" fuel="5.80" electricity="0.00" noise="75.77" route="routetop" type="cfm-fast" waiting="0.00" lane="left_0" pos="28.14" speed="29.42" angle="133.83" x="20.16" y="10.61"/>
        <vehicle id="cfm-fast_4" eclass="HBEFA3/PC_G_EU4" CO2="39922.83" CO="1981.13" HC="10.15" NOx="17.30" PMx="1.54" fuel="17.16" electricity="0.00" noise="92.72" route="routebottom" type="cfm-fast" waiting="0.00" lane="right_1" pos="40.33" speed="75.53" angle="291.96" x="83.22" y="125.97"/>
        <vehicle id="cfm-fast_5" eclass="HBEFA3/PC_G_EU4" CO2="7617.14" CO="116.42" HC="0.73" NOx="2.81" PMx="0.18" fuel="3.27" electricity="0.00" noise="74.43" route="routetop" type="cfm-fast" waiting="0.00" lane="left_0" pos="48.71" speed="30.41" angle="96.84" x="60.78" y="-4.88"/>
        <vehicle id="cfm-slow_0" eclass="HBEFA3/PC_G_EU4" CO2="0.00" CO="0.00" HC="0.00" NOx="0.00" PMx="0.00" fuel="0.00" electricity="0.00" noise="73.28" route="routebottom" type="cfm-slow" waiting="0.00" lane="bottom_0" pos="20.21" speed="30.53" angle="58.05" x="104.37" y="8.44"/>
        <vehicle id="cfm-slow_1" eclass="HBEFA3/PC_G_EU4" CO2="0.00" CO="0.00" HC="0.00" NOx="0.00" PMx="0.00" fuel="0.00" electricity="0.00" noise="72.47" route="routebottom" type="cfm-slow" waiting="0.00" lane="bottom_0" pos="45.76" speed="29.74" angle="12.19" x="131.65" y="54.47"/>
        <vehicle id="cfm-slow_2" eclass="HBEFA3/PC_G_EU4" CO2="0.00" CO="0.00" HC="0.00" NOx="0.00" PMx="0.00" fuel="0.00" electricity="0.00" noise="71.81" route="routebottom" type="cfm-slow" waiting="0.00" lane="right_0" pos="20.42" speed="28.37" angle="327.70" x="118.62" y="104.72"/>
        <vehicle id="cfm-slow_3" eclass="HBEFA3/PC_G_EU4" CO2="0.00" CO="0.00" HC="0.00" NOx="0.00" PMx="0.00" fuel="0.00" electricity="0.00" noise="71.64" route="routebottom" type="cfm-slow" waiting="0.00" lane="right_0" pos="43.66" speed="27.08" angle="286.02" x="77.31" y="130.90"/>
        <vehicle id="cfm-slow_4" eclass="HBEFA3/PC_G_EU4" CO2="6747.29" CO="74.61" HC="0.51" NOx="2.49" PMx="0.14" fuel="2.90" electricity="0.00" noise="72.67" route="routetop" type="cfm-slow" waiting="0.00" lane="top_0" pos="15.63" speed="26.49" angle="246.32" x="31.29" y="124.15"/>
        <vehicle id="cfm-slow_5" eclass="HBEFA3/PC_G_EU4" CO2="12475.55" CO="194.32" HC="1.20" NOx="5.18" PMx="0.29" fuel="5.36" electricity="0.00" noise="74.71" route="routetop" type="cfm-slow" waiting="0.00" lane="top_0" pos="37.07" speed="26.87" angle="207.77" x="0.66" y="90.82"/>
    </timestep>
    <timestep time="9.80">
        <vehicle id="cfm-fast_0" eclass="HBEFA3/PC_G_EU4" CO2="47378.21" CO="2119.38" HC="10.96" NOx="20.82" PMx="1.73" fuel="20.37" electricity="0.00" noise="94.05" route="routetop" type="cfm-fast" waiting="0.00" lane="left_1" pos="8.08" speed="75.19" angle="169.92" x="0.46" y="47.25"/>
        <vehicle id="cfm-fast_1" eclass="HBEFA3/PC_G_EU4" CO2="15211.53" CO="256.84" HC="1.55" NOx="6.45" PMx="0.36" fuel="6.54" electricity="0.00" noise="76.09" route="routetop" type="cfm-fast" waiting="0.00" lane="left_0" pos="9.27" speed="28.05" angle="167.75" x="-2.03" y="43.91"/>
        <vehicle id="cfm-fast_2" eclass="HBEFA3/PC_G_EU4" CO2="38156.93" CO="1946.24" HC="9.94" NOx="16.47" PMx="1.50" fuel="16.40" electricity="0.00" noise="92.41" route="routebottom" type="cfm-fast" waiting="0.00" lane="bottom_1" pos="24.46" speed="75.56" angle="50.55" x="109.05" y="16.70"/>
        <vehicle id="cfm-fast_3" eclass="HBEFA3/PC_G_EU4" CO2="13439.92" CO="229.17" HC="1.38" NOx="5.58" PMx="0.32" fuel="5.78" electricity="0.00" noise="75.76" route="routetop" type="cfm-fast" waiting="0.00" lane="left_0" pos="28.44" speed="29.43" angle="133.32" x="20.65" y="10.22"/>
        <vehicle id="cfm-fast_4" eclass="HBEFA3/PC_G_EU4" CO2="39914.38" CO="1981.00" HC="10.15" NOx="17.30" PMx="1.54" fuel="17.16" electricity="0.00" noise="92.72" route="routebottom" type="cfm-fast" waiting="0.00" lane="right_1" pos="41.08" speed="75.53" angle="290.60" x="81.74" y="126.42"/>
        <vehicle id="cfm-fast_5" eclass="HBEFA3/PC_G_EU4" CO2="7545.41" CO="114.96" HC="0.72" NOx="2.78" PMx="0.17" fuel="3.24" electricity="0.00" noise="74.42" route="routetop" type="cfm-fast" waiting="0.00" lane="left_0" pos="49.01" speed="30.41" angle="96.31" x="61.44" y="-4.90"/>
        <vehicle id="cfm-slow_0" eclass="HBEFA3/PC_G_EU4" CO2="0.00" CO="0.00" HC="0.00" NOx="0.00" PMx="0.00" fuel="0.00" electricity="0.00" noise="73.27" route="routebottom" type="cfm-slow" waiting="0.00" lane="bottom_0" pos="20.52" speed="30.53" angle="57.55" x="104.90" y="8.83"/>
        <vehicle id="cfm-slow_1" eclass="HBEFA3/PC_G_EU4" CO2="0.00" CO="0.00" HC="0.00" NOx="0.00" PMx="0.00" fuel="0.00" electricity="0.00" noise="72.46" route="routebottom" type="cfm-slow" waiting="0.00" lane="bottom_0" pos="46.05" speed="29.72" angle="11.65" x="131.74" y="55.10"/>
        <vehicle id="cfm-slow_2" eclass="HBEFA3/PC_G_EU4" CO2="0.00" CO="0.00" HC="0.00" NOx="0.00" PMx="0.00" fuel="0.00" electricity="0.00" noise="71.81" route="routebottom" type="cfm-slow" waiting="0.00" lane="right_0" pos="20.70" speed="28.36" angle="327.22" x="118.25" y="105.21"/>
        <vehicle id="cfm-slow_3" eclass="HBEFA3/PC_G_EU4" CO2="0.00" CO="0.00" HC="0.00" NOx="0.00" PMx="0.00" fuel="0.00" electricity="0.00" noise="71.65" route="routebottom" type="cfm-slow" waiting="0.00" lane="right_0" pos="43.93" speed="27.07" angle="285.50" x="76.74" y="131.01"/>
        <vehicle id="cfm-slow_4" eclass="HBEFA3/PC_G_EU4" CO2="6803.87" CO="75.79" HC="0.52" NOx="2.51" PMx="0.14" fuel="2.92" electricity="0.00" noise="72.68" route="routetop" type="cfm-slow" waiting="0.00" lane="top_0" pos="15.89" speed="26.49" angle="245.84" x="30.79" y="123.87"/>
        <vehicle id="cfm-slow_5" eclass="HBEFA3/PC_G_EU4" CO2="12504.13" CO="194.96" HC="1.20" NOx="5.19" PMx="0.29" fuel="5.37" electricity="0.00" noise="74.72" route="routetop" type="cfm-slow" waiting="0.00" lane="top_0" pos="37.34" speed="26.88" angle="207.34" x="0.43" y="90.29"/>
    </timestep>
    <timestep time="9.81">
        <vehicle id="cfm-fast_0" eclass="HBEFA3/PC_G_EU4" CO2="47270.49" CO="2117.40" HC="10.95" NOx="20.77" PMx="1.73" fuel="20.32" electricity="0.00" noise="94.03" route="routetop" type="cfm-fast" waiting="0.00" lane="left_1" pos="8.83" speed="75.20" angle="168.52" x="0.86" y="45.76"/>
        <vehicle id="cfm-fast_1" eclass="HBEFA3/PC_G_EU4" CO2="15198.08" CO="256.64" HC="1.55" NOx="6.44" PMx="0.36" fuel="6.53" electricity="0.00" noise="76.09" route="routetop" type="cfm-fast" waiting="0.00" lane="left_0" pos="9.55" speed="28.06" angle="167.23" x="-1.86" y="43.34"/>
        <vehicle id="cfm-fast_2" eclass="HBEFA3/PC_G_EU4" CO2="38163.21" CO="1946.38" HC="9.95" NOx="16.47" PMx="1.50" fuel="16.41" electricity="0.00" noise="92.41" route="routebottom" type="cfm-fast" waiting="0.00" lane="bottom_1" pos="25.22" speed="75.56" angle="49.12" x="110.15" y="17.80"/>
        <vehicle id="cfm-fast_3" eclass="HBEFA3/PC_G_EU4" CO2="13385.70" CO="228.12" HC="1.38" NOx="5.55" PMx="0.32" fuel="5.75" electricity="0.00" noise="75.74" route="routetop" type="cfm-fast" waiting="0.00" lane="left_0" pos="28.73" speed="29.44" angle="132.78" x="21.15" y="9.83"/>
        <vehicle id="cfm-fast_4" eclass="HBEFA3/PC_G_EU4" CO2="39905.76" CO="1980.88" HC="10.15" NOx="17.29" PMx="1.54" fuel="17.15" electricity="0.00" noise="92.72" route="routebottom" type="cfm-fast" waiting="0.00" lane="right_1" pos="41.84" speed="75.53" angle="289.18" x="80.24" y="126.82"/>
        <vehicle id="cfm-fast_5" eclass="HBEFA3/PC_G_EU4" CO2="7473.83" CO="113.50" HC="0.71" NOx="2.74" PMx="0.17" fuel="3.21" electricity="0.00" noise="74.40" route="routetop" type="cfm-fast" waiting="0.00" lane="left_0" pos="49.31" speed="30.41" angle="95.76" x="62.09" y="-4.92"/>
        <vehicle id="cfm-slow_0" eclass="HBEFA3/PC_G_EU4" CO2="0.00" CO="0.00" HC="0.00" NOx="0.00" PMx="0.00" fuel="0.00" electricity="0.00" noise="73.26" route="routebottom" type="cfm-slow" waiting="0.00" lane="bottom_0" pos="20.82" speed="30.52" angle="57.00" x="105.42" y="9.23"/>
        <vehicle id="cfm-slow_1" eclass="HBEFA3/PC_G_EU4" CO2="0.00" CO="0.00" HC="0.00" NOx="0.00" PMx="0.00" fuel="0.00" electricity="0.00" noise="72.45" route="routebottom" type="cfm-slow" waiting="0.00" lane="bottom_0" pos="46.35" speed="29.71" angle="11.17" x="131.82" y="55.74"/>
        <vehicle id="cfm-slow_2" eclass="HBEFA3/PC_G_EU4" CO2="0.00" CO="0.00" HC="0.00" NOx="0.00" PMx="0.00" fuel="0.00" electricity="0.00" noise="71.81" route="routebottom" type="cfm-slow" waiting="0.00" lane="right_0" pos="20.98" speed="28.34" angle="326.71" x="117.88" y="105.69"/>
        <vehicle id="cfm-slow_3" eclass="HBEFA3/PC_G_EU4" CO2="0.00" CO="0.00" HC="0.00" NOx="0.00" PMx="0.00" fuel="0.00" electricity="0.00" noise="71.65" route="routebottom" type="cfm-slow" waiting="0.00" lane="right_0" pos="44.20" speed="27.07" angle="284.98" x="76.16" y="131.11"/>
        <vehicle id="cfm-slow_4" eclass="HBEFA3/PC_G_EU4" CO2="6860.17" CO="76.96" HC="0.52" NOx="2.54" PMx="0.14" fuel="2.95" electricity="0.00" noise="72.70" route="routetop" type="cfm-slow" waiting="0.00" lane="top_0" pos="16.16" speed="26.50" angle="245.36" x="30.29" y="123.60"/>
        <vehicle id="cfm-slow_5" eclass="HBEFA3/PC_G_EU4" CO2="12532.32" CO="195.59" HC="1.20" NOx="5.21" PMx="0.29" fuel="5.39" electricity="0.00" noise="74.74" route="routetop" type="cfm-slow" waiting="0.00" lane="top_0" pos="37.61" speed="26.89" angle="206.85" x="0.21" y="89.75"/>
    </timestep>
    <timestep time="9.82">
        <vehicle id="cfm-fast_0" eclass="HBEFA3/PC_G_EU4" CO2="47163.95" CO="2115.43" HC="10.94" NOx="20.72" PMx="1.73" fuel="20.27" electricity="0.00" noise="94.01" route="routetop" type="cfm-fast" waiting="0.00" lane="left_1" pos="9.58" speed="75.20" angle="167.20" x="1.30" y="44.29"/>
        <vehicle id="cfm-fast_1" eclass="HBEFA3/PC_G_EU4" CO2="15184.23" CO="256.43" HC="1.55" NOx="6.43" PMx="0.36" fuel="6.53" electricity="0.00" noise="76.08" route="routetop" type="cfm-fast" waiting="0.00" lane="left_0" pos="9.83" speed="28.07" angle="166.71" x="-1.68" y="42.76"/>
        <vehicle id="cfm-fast_2" eclass="HBEFA3/PC_G_EU4" CO2="38169.45" CO="1946.52" HC="9.95" NOx="16.47" PMx="1.50" fuel="16.41" electricity="0.00" noise="92.41" route="routebottom" type="cfm-fast" waiting="0.00" lane="bottom_1" pos="25.97" speed="75.56" angle="47.78" x="111.22" y="18.92"/>
        <vehicle id="cfm-fast_3" eclass="HBEFA3/PC_G_EU4" CO2="13331.29" CO="227.07" HC="1.37" NOx="5.53" PMx="0.32" fuel="5.73" electricity="0.00" noise="75.72" route="routetop" type="cfm-fast" waiting="0.00" lane="left_0" pos="29.02" speed="29.46" angle="132.23" x="21.65" y="9.44"/>
        <vehicle id="cfm-fast_4" eclass="HBEFA3/PC_G_EU4" CO2="39896.98" CO="1980.75" HC="10.14" NOx="17.29" PMx="1.54" fuel="17.15" electricity="0.00" noise="92.72" route="routebottom" type="cfm-fast" waiting="0.00" lane="right_1" pos="42.59" speed="75.53" angle="287.86" x="78.74" y="127.20"/>
        <vehicle id="cfm-fast_5" eclass="HBEFA3/PC_G_EU4" CO2="7402.42" CO="112.04" HC="0.70" NOx="2.71" PMx="0.17" fuel="3.18" electricity="0.00" noise="74.39" route="routetop" type="cfm-fast" waiting="0.00" lane="left_0" pos="49.62" speed="30.41" angle="95.20" x="62.75" y="-4.93"/>
        <vehicle id="cfm-slow_0" eclass="HBEFA3/PC_G_EU4" CO2="0.00" CO="0.00" HC="0.00" NOx="0.00" PMx="0.00" fuel="0.00" electricity="0.00" noise="73.25" route="routebottom" type="cfm-slow" waiting="0.00" lane="bottom_0" pos="21.13" speed="30.51" angle="56.45" x="105.93" y="9.64"/>
        <vehicle id="cfm-slow_1" eclass="HBEFA3/PC_G_EU4" CO2="0.00" CO="0.00" HC="0.00" NOx="0.00" PMx="0.00" fuel="0.00" electricity="0.00" noise="72.45" route="routebottom" type="cfm-slow" waiting="0.00" lane="bottom_0" pos="46.65" speed="29.70" angle="10.63" x="131.88" y="56.37"/>
        <vehicle id="cfm-slow_2" eclass="HBEFA3/PC_G_EU4" CO2="0.00" CO="0.00" HC="0.00" NOx="0.00" PMx="0.00" fuel="0.00" electricity="0.00" noise="71.80" route="routebottom" type="cfm-slow" waiting="0.00" lane="right_0" pos="21.27" speed="28.33" angle="326.19" x="117.50" y="106.17"/>
        <vehicle id="cfm-slow_3" eclass="HBEFA3/PC_G_EU4" CO2="0.00" CO="0.00" HC="0.00" NOx="0.00" PMx="0.00" fuel="0.00" electricity="0.00" noise="71.66" route="routebottom" type="cfm-slow" waiting="0.00" lane="right_0" pos="44.47" speed="27.06" angle="284.47" x="75.59" y="131.22"/>
        <vehicle id="cfm-slow_4" eclass="HBEFA3/PC_G_EU4" CO2="6916.21" CO="78.13" HC="0.53" NOx="2.57" PMx="0.14" fuel="2.97" electricity="0.00" noise="72.72" route="routetop" type="cfm-slow" waiting="0.00" lane="top_0" pos="16.42" speed="26.50" angle="244.89" x="29.79" y="123.32"/>
        <vehicle id="cfm-slow_5" eclass="HBEFA3/PC_G_EU4" CO2="12560.13" CO="196.22" HC="1.21" NOx="5.22" PMx="0.29" fuel="5.40" electricity="0.00" noise="74.75" route="routetop" type="cfm-slow" waiting="0.00" lane="top_0" pos="37.88" speed="26.90" angle="206.36" x="-0.00" y="89.21"/>
    </timestep>
    <timestep time="9.83">
        <vehicle id="cfm-fast_0" eclass="HBEFA3/PC_G_EU4" CO2="47058.57" CO="2113.49" HC="10.93" NOx="20.67" PMx="1.72" fuel="20.23" electricity="0.00" noise="93.99" route="routetop" type="cfm-fast" waiting="0.00" lane="left_1" pos="10.33" speed="75.21" angle="165.89" x="1.77" y="42.82"/>
        <vehicle id="cfm-fast_1" eclass="HBEFA3/PC_G_EU4" CO2="15170.00" CO="256.22" HC="1.55" NOx="6.43" PMx="0.36" fuel="6.52" electricity="0.00" noise="76.08" route="routetop" type="cfm-fast" waiting="0.00" lane="left_0" pos="10.11" speed="28.09" angle="166.20" x="-1.50" y="42.18"/>
        <vehicle id="cfm-fast_2" eclass="HBEFA3/PC_G_EU4" CO2="38175.66" CO="1946.66" HC="9.95" NOx="16.48" PMx="1.50" fuel="16.41" electricity="0.00" noise="92.41" route="routebottom" type="cfm-fast" waiting="0.00" lane="bottom_1" pos="26.73" speed="75.56" angle="46.40" x="112.27" y="20.05"/>
        <vehicle id="cfm-fast_3" eclass="HBEFA3/PC_G_EU4" CO2="13276.68" CO="226.01" HC="1.36" NOx="5.50" PMx="0.32" fuel="5.71" electricity="0.00" noise="75.71" route="routetop" type="cfm-fast" waiting="0.00" lane="left_0" pos="29.32" speed="29.46" angle="131.68" x="22.15" y="9.05"/>
        <vehicle id="cfm-fast_4" eclass="HBEFA3/PC_G_EU4" CO2="39888.05" CO="1980.62" HC="10.14" NOx="17.28" PMx="1.54" fuel="17.15" electricity="0.00" noise="92.72" route="routebottom" type="cfm-fast" waiting="0.00" lane="right_1" pos="43.35" speed="75.53" angle="286.53" x="77.23" y="127.54"/>
        <vehicle id="cfm-fast_5" eclass="HBEFA3/PC_G_EU4" CO2="7331.18" CO="110.59" HC="0.69" NOx="2.68" PMx="0.17" fuel="3.15" electricity="0.00" noise="74.37" route="routetop" type="cfm-fast" waiting="0.00" lane="left_0" pos="49.92" speed="30.42" angle="94.65" x="63.40" y="-4.95"/>
        <vehicle id="cfm-slow_0" eclass="HBEFA3/PC_G_EU4" CO2="0.00" CO="0.00" HC="0.00" NOx="0.00" PMx="0.00" fuel="0.00" electricity="0.00" noise="73.24" route="routebottom" type="cfm-slow" waiting="0.00" lane="bottom_0" pos="21.43" speed="30.51" angle="55.89" x="106.45" y="10.04"/>
        <vehicle id="cfm-slow_1" eclass="HBEFA3/PC_G_EU4" CO2="0.00" CO="0.00" HC="0.00" NOx="0.00" PMx="0.00" fuel="0.00" electricity="0.00" noise="72.44" route="routebottom" type="cfm-slow" waiting="0.00" lane="bottom_0" pos="46.94" speed="29.68" angle="10.08" x="131.94" y="57.01"/>
        <vehicle id="cfm-slow_2" eclass="HBEFA3/PC_G_EU4" CO2="0.00" CO="0.00" HC="0.00" NOx="0.00" PMx="0.00" fuel="0.00" electricity="0.00" noise="71.80" route="routebottom" type="cfm-slow" waiting="0.00" lane="right_0" pos="21.55" speed="28.32" angle="325.68" x="117.12" y="106.65"/>
        <vehicle id="cfm-slow_3" eclass="HBEFA3/PC_G_EU4" CO2="0.00" CO="0.00" HC="0.00" NOx="0.00" PMx="0.00" fuel="0.00" electricity="0.00" noise="71.67" route="routebottom" type="cfm-slow" waiting="0.00" lane="right_0" pos="44.74" speed="27.06" angle="283.95" x="75.02" y="131.32"/>
        <vehicle id="cfm-slow_4" eclass="HBEFA3/PC_G_EU4" CO2="6971.97" CO="79.29" HC="0.54" NOx="2.59" PMx="0.14" fuel="3.00" electricity="0.00" noise="72.73" route="routetop" type="cfm-slow" waiting="0.00" lane="top_0" pos="16.69" speed="26.50" angle="244.46" x="29.30" y="123.04"/>
        <vehicle id="cfm-slow_5" eclass="HBEFA3/PC_G_EU4" CO2="12587.56" CO="196.83" HC="1.21" NOx="5.23" PMx="0.29" fuel="5.41" electricity="0.00" noise="74.76" route="routetop" type="cfm-slow" waiting="0.00" lane="top_0" pos="38.14" speed="26.92" angle="205.86" x="-0.22" y="88.67"/>
    </timestep>
    <timestep time="9.84">
        <vehicle id="cfm-fast_0" eclass="HBEFA3/PC_G_EU4" CO2="46954.35" CO="2111.57" HC="10.91" NOx="20.62" PMx="1.72" fuel="20.18" electricity="0.00" noise="93.97" route="routetop" type="cfm-fast" waiting="0.00" lane="left_1" pos="11.08" speed="75.21" angle="164.49" x="2.29" y="41.37"/>
        <vehicle id="cfm-fast_1" eclass="HBEFA3/PC_G_EU4" CO2="15155.38" CO="256.00" HC="1.55" NOx="6.42" PMx="0.36" fuel="6.51" electricity="0.00" noise="76.08" route="routetop" type="cfm-fast" waiting="0.00" lane="left_0" pos="10.39" speed="28.10" angle="165.74" x="-1.31" y="41.61"/>
        <vehicle id="cfm-fast_2" eclass="HBEFA3/PC_G_EU4" CO2="38181.82" CO="1946.80" HC="9.95" NOx="16.48" PMx="1.50" fuel="16.41" electricity="0.00" noise="92.42" route="routebottom" type="cfm-fast" waiting="0.00" lane="bottom_1" pos="27.48" speed="75.56" angle="45.04" x="113.29" y="21.22"/>
        <vehicle id="cfm-fast_3" eclass="HBEFA3/PC_G_EU4" CO2="13221.88" CO="224.95" HC="1.36" NOx="5.48" PMx="0.32" fuel="5.68" electricity="0.00" noise="75.69" route="routetop" type="cfm-fast" waiting="0.00" lane="left_0" pos="29.61" speed="29.47" angle="131.20" x="22.65" y="8.66"/>
        <vehicle id="cfm-fast_4" eclass="HBEFA3/PC_G_EU4" CO2="39878.96" CO="1980.49" HC="10.14" NOx="17.28" PMx="1.54" fuel="17.14" electricity="0.00" noise="92.71" route="routebottom" type="cfm-fast" waiting="0.00" lane="right_1" pos="44.10" speed="75.53" angle="285.16" x="75.71" y="127.84"/>
        <vehicle id="cfm-fast_5" eclass="HBEFA3/PC_G_EU4" CO2="7260.10" CO="109.14" HC="0.68" NOx="2.64" PMx="0.17" fuel="3.12" electricity="0.00" noise="74.36" route="routebottom" type="cfm-fast" waiting="0.00" lane="bottom_0" pos="0.23" speed="30.42" angle="94.06" x="64.25" y="-4.94"/>
        <vehicle id="cfm-slow_0" eclass="HBEFA3/PC_G_EU4" CO2="0.00" CO="0.00" HC="0.00" NOx="0.00" PMx="0.00" fuel="0.00" electricity="0.00" noise="73.23" route="routebottom" type="cfm-slow" waiting="0.00" lane="bottom_0" pos="21.74" speed="30.50" angle="55.37" x="106.97" y="10.45"/>
        <vehicle id="cfm-slow_1" eclass="HBEFA3/PC_G_EU4" CO2="0.00" CO="0.00" HC="0.00" NOx="0.00" PMx="0.00" fuel="0.00" electricity="0.00" noise="72.44" route="routebottom" type="cfm-slow" waiting="0.00" lane="bottom_0" pos="47.24" speed="29.67" angle="9.54" x="132.01" y="57.64"/>
        <vehicle id="cfm-slow_2" eclass="HBEFA3/PC_G_EU4" CO2="0.00" CO="0.00" HC="0.00" NOx="0.00" PMx="0.00" fuel="0.00" electricity="0.00" noise="71.80" route="routebottom" type="cfm-slow" waiting="0.00" lane="right_0" pos="21.83" speed="28.31" angle="325.21" x="116.75" y="107.12"/>
        <vehicle id="cfm-slow_3" eclass="HBEFA3/PC_G_EU4" CO2="0.00" CO="0.00" HC="0.00" NOx="0.00" PMx="0.00" fuel="0.00" electricity="0.00" noise="71.67" route="routebottom" type="cfm-slow" waiting="0.00" lane="right_0" pos="45.01" speed="27.05" angle="283.53" x="74.44" y="131.42"/>
        <vehicle id="cfm-slow_4" eclass="HBEFA3/PC_G_EU4" CO2="7027.47" CO="80.45" HC="0.54" NOx="2.62" PMx="0.15" fuel="3.02" electricity="0.00" noise="72.75" route="routetop" type="cfm-slow" waiting="0.00" lane="top_0" pos="16.95" speed="26.51" angle="243.98" x="28.81" y="122.75"/>
        <vehicle id="cfm-slow_5" eclass="HBEFA3/PC_G_EU4" CO2="12614.60" CO="197.44" HC="1.21" NOx="5.25" PMx="0.29" fuel="5.42" electricity="0.00" noise="74.78" route="routetop" type="cfm-slow" waiting="0.00" lane="top_0" pos="38.41" speed="26.93" angle="205.39" x="-0.43" y="88.14"/>
    </timestep>
    <timestep time="9.85">
        <vehicle id="cfm-fast_0" eclass="HBEFA3/PC_G_EU4" CO2="46851.28" CO="2109.66" HC="10.90" NOx="20.57" PMx="1.72" fuel="20.14" electricity="0.00" noise="93.95" route="routetop" type="cfm-fast" waiting="0.00" lane="left_1" pos="11.84" speed="75.22" angle="163.16" x="2.83" y="39.92"/>
        <vehicle id="cfm-fast_1" eclass="HBEFA3/PC_G_EU4" CO2="15140.37" CO="255.77" HC="1.54" NOx="6.41" PMx="0.36" fuel="6.51" electricity="0.00" noise="76.08" route="routetop" type="cfm-fast" waiting="0.00" lane="left_0" pos="10.67" speed="28.11" angle="165.22" x="-1.10" y="41.04"/>
        <vehicle id="cfm-fast_2" eclass="HBEFA3/PC_G_EU4" CO2="38187.95" CO="1946.94" HC="9.95" NOx="16.48" PMx="1.50" fuel="16.42" electricity="0.00" noise="92.42" route="routebottom" type="cfm-fast" waiting="0.00" lane="bottom_1" pos="28.24" speed="75.56" angle="43.66" x="114.29" y="22.41"/>
        <vehicle id="cfm-fast_3" eclass="HBEFA3/PC_G_EU4" CO2="13166.88" CO="223.89" HC="1.35" NOx="5.45" PMx="0.32" fuel="5.66" electricity="0.00" noise="75.68" route="routetop" type="cfm-fast" waiting="0.00" lane="left_0" pos="29.91" speed="29.48" angle="130.66" x="23.17" y="8.29"/>
        <vehicle id="cfm-fast_4" eclass="HBEFA3/PC_G_EU4" CO2="39869.73" CO="1980.35" HC="10.14" NOx="17.28" PMx="1.54" fuel="17.14" electricity="0.00" noise="92.71" route="routebottom" type="cfm-fast" waiting="0.00" lane="right_1" pos="44.86" speed="75.53" angle="283.76" x="74.19" y="128.12"/>
        <vehicle id="cfm-fast_5" eclass="HBEFA3/PC_G_EU4" CO2="7189.20" CO="107.69" HC="0.68" NOx="2.61" PMx="0.16" fuel="3.09" electricity="0.00" noise="74.34" route="routebottom" type="cfm-fast" waiting="0.00" lane="bottom_0" pos="0.53" speed="30.42" angle="93.51" x="64.90" y="-4.92"/>
        <vehicle id="cfm-slow_0" eclass="HBEFA3/PC_G_EU4" CO2="0.00" CO="0.00" HC="0.00" NOx="0.00" PMx="0.00" fuel="0.00" electricity="0.00" noise="73.23" route="routebottom" type="cfm-slow" waiting="0.00" lane="bottom_0" pos="22.04" speed="30.49" angle="54.82" x="107.47" y="10.87"/>
        <vehicle id="cfm-slow_1" eclass="HBEFA3/PC_G_EU4" CO2="0.00" CO="0.00" HC="0.00" NOx="0.00" PMx="0.00" fuel="0.00" electricity="0.00" noise="72.43" route="routebottom" type="cfm-slow" waiting="0.00" lane="bottom_0" pos="47.54" speed="29.66" angle="9.06" x="132.07" y="58.28"/>
        <vehicle id="cfm-slow_2" eclass="HBEFA3/PC_G_EU4" CO2="0.00" CO="0.00" HC="0.00" NOx="0.00" PMx="0.00" fuel="0.00" electricity="0.00" noise="71.79" route="routebottom" type="cfm-slow" waiting="0.00" lane="right_0" pos="22.12" speed="28.29" angle="324.68" x="116.35" y="107.59"/>
        <vehicle id="cfm-slow_3" eclass="HBEFA3/PC_G_EU4" CO2="0.00" CO="0.00" HC="0.00" NOx="0.00" PMx="0.00" fuel="0.00" electricity="0.00" noise="71.68" route="routebottom" type="cfm-slow" waiting="0.00" lane="right_0" pos="45.28" speed="27.04" angle="283.04" x="73.87" y="131.50"/>
        <vehicle id="cfm-slow_4" eclass="HBEFA3/PC_G_EU4" CO2="7082.69" CO="81.60" HC="0.55" NOx="2.64" PMx="0.15" fuel="3.04" electricity="0.00" noise="72.77" route="routetop" type="cfm-slow" waiting="0.00" lane="top_0" pos="17.22" speed="26.51" angle="243.50" x="28.32" y="122.46"/>
        <vehicle id="cfm-slow_5" eclass="HBEFA3/PC_G_EU4" CO2="12641.26" CO="198.05" HC="1.22" NOx="5.26" PMx="0.29" fuel="5.43" electricity="0.00" noise="74.79" route="routetop" type="cfm-slow" waiting="0.00" lane="top_0" pos="38.68" speed="26.94" angle="204.92" x="-0.63" y="87.59"/>
    </timestep>
    <timestep time="9.86">
        <vehicle id="cfm-fast_0" eclass="HBEFA3/PC_G_EU4" CO2="46749.33" CO="2107.78" HC="10.89" NOx="20.53" PMx="1.72" fuel="20.10" electricity="0.00" noise="93.93" route="routetop" type="cfm-fast" waiting="0.00" lane="left_1" pos="12.59" speed="75.22" angle="161.82" x="3.40" y="38.49"/>
        <vehicle id="cfm-fast_1" eclass="HBEFA3/PC_G_EU4" CO2="15124.99" CO="255.53" HC="1.54" NOx="6.40" PMx="0.36" fuel="6.50" electricity="0.00" noise="76.07" route="routetop" type="cfm-fast" waiting="0.00" lane="left_0" pos="10.95" speed="28.13" angle="164.69" x="-0.90" y="40.47"/>
        <vehicle id="cfm-fast_2" eclass="HBEFA3/PC_G_EU4" CO2="38194.03" CO="1947.08" HC="9.95" NOx="16.48" PMx="1.50" fuel="16.42" electricity="0.00" noise="92.42" route="routebottom" type="cfm-fast" waiting="0.00" lane="bottom_1" pos="28.99" speed="75.56" angle="42.26" x="115.24" y="23.63"/>
        <vehicle id="cfm-fast_3" eclass="HBEFA3/PC_G_EU4" CO2="13111.71" CO="222.82" HC="1.35" NOx="5.42" PMx="0.32" fuel="5.64" electricity="0.00" noise="75.66" route="routetop" type="cfm-fast" waiting="0.00" lane="left_0" pos="30.20" speed="29.49" angle="130.12" x="23.68" y="7.92"/>
        <vehicle id="cfm-fast_4" eclass="HBEFA3/PC_G_EU4" CO2="39860.37" CO="1980.21" HC="10.14" NOx="17.27" PMx="1.54" fuel="17.13" electricity="0.00" noise="92.71" route="routebottom" type="cfm-fast" waiting="0.00" lane="right_1" pos="45.61" speed="75.54" angle="282.39" x="72.66" y="128.34"/>
        <vehicle id="cfm-fast_5" eclass="HBEFA3/PC_G_EU4" CO2="7118.47" CO="106.24" HC="0.67" NOx="2.58" PMx="0.16" fuel="3.06" electricity="0.00" noise="74.33" route="routebottom" type="cfm-fast" waiting="0.00" lane="bottom_0" pos="0.83" speed="30.42" angle="92.96" x="65.55" y="-4.91"/>
        <vehicle id="cfm-slow_0" eclass="HBEFA3/PC_G_EU4" CO2="0.00" CO="0.00" HC="0.00" NOx="0.00" PMx="0.00" fuel="0.00" electricity="0.00" noise="73.22" route="routebottom" type="cfm-slow" waiting="0.00" lane="bottom_0" pos="22.35" speed="30.48" angle="54.24" x="107.97" y="11.29"/>
        <vehicle id="cfm-slow_1" eclass="HBEFA3/PC_G_EU4" CO2="0.00" CO="0.00" HC="0.00" NOx="0.00" PMx="0.00" fuel="0.00" electricity="0.00" noise="72.42" route="routebottom" type="cfm-slow" waiting="0.00" lane="bottom_0" pos="47.83" speed="29.64" angle="8.50" x="132.10" y="58.91"/>
        <vehicle id="cfm-slow_2" eclass="HBEFA3/PC_G_EU4" CO2="0.00" CO="0.00" HC="0.00" NOx="0.00" PMx="0.00" fuel="0.00" electricity="0.00" noise="71.79" route="routebottom" type="cfm-slow" waiting="0.00" lane="right_0" pos="22.40" speed="28.28" angle="324.14" x="115.96" y="108.05"/>
        <vehicle id="cfm-slow_3" eclass="HBEFA3/PC_G_EU4" CO2="0.00" CO="0.00" HC="0.00" NOx="0.00" PMx="0.00" fuel="0.00" electricity="0.00" noise="71.68" route="routebottom" type="cfm-slow" waiting="0.00" lane="right_0" pos="45.55" speed="27.04" angle="282.56" x="73.29" y="131.59"/>
        <vehicle id="cfm-slow_4" eclass="HBEFA3/PC_G_EU4" CO2="7137.63" CO="82.75" HC="0.56" NOx="2.67" PMx="0.15" fuel="3.07" electricity="0.00" noise="72.78" route="routetop" type="cfm-slow" waiting="0.00" lane="top_0" pos="17.48" speed="26.51" angle="243.03" x="27.83" y="122.17"/>
        <vehicle id="cfm-slow_5" eclass="HBEFA3/PC_G_EU4" CO2="12667.53" CO="198.64" HC="1.22" NOx="5.27" PMx="0.29" fuel="5.45" electricity="0.00" noise="74.80" route="routetop" type="cfm-slow" waiting="0.00" lane="top_0" pos="38.95" speed="26.95" angle="204.42" x="-0.83" y="87.05"/>
    </timestep>
    <timestep time="9.87">
        <vehicle id="cfm-fast_0" eclass="HBEFA3/PC_G_EU4" CO2="46648.51" CO="2105.92" HC="10.88" NOx="20.48" PMx="1.71" fuel="20.05" electricity="0.00" noise="93.91" route="routetop" type="cfm-fast" waiting="0.00" lane="left_1" pos="13.34" speed="75.23" angle="160.50" x="4.02" y="37.07"/>
        <vehicle id="cfm-fast_1" eclass="HBEFA3/PC_G_EU4" CO2="15109.22" CO="255.28" HC="1.54" NOx="6.40" PMx="0.36" fuel="6.49" electricity="0.00" noise="76.07" route="routetop" type="cfm-fast" waiting="0.00" lane="left_0" pos="11.24" speed="28.14" angle="164.17" x="-0.69" y="39.90"/>
        <vehicle id="cfm-fast_2" eclass="HBEFA3/PC_G_EU4" CO2="38200.07" CO="1947.21" HC="9.95" NOx="16.49" PMx="1.50" fuel="16.42" electricity="0.00" noise="92.42" route="routebottom" type="cfm-fast" waiting="0.00" lane="bottom_1" pos="29.75" speed="75.56" angle="40.94" x="116.18" y="24.86"/>
        <vehicle id="cfm-fast_3" eclass="HBEFA3/PC_G_EU4" CO2="13056.34" CO="221.75" HC="1.34" NOx="5.40" PMx="0.31" fuel="5.61" electricity="0.00" noise="75.64" route="routetop" type="cfm-fast" waiting="0.00" lane="left_0" pos="30.50" speed="29.50" angle="129.58" x="24.20" y="7.55"/>
        <vehicle id="cfm-fast_4" eclass="HBEFA3/PC_G_EU4" CO2="39850.86" CO="1980.06" HC="10.14" NOx="17.27" PMx="1.54" fuel="17.13" electricity="0.00" noise="92.71" route="routebottom" type="cfm-fast" waiting="0.00" lane="right_1" pos="46.37" speed="75.54" angle="281.08" x="71.12" y="128.54"/>
        <vehicle id="cfm-fast_5" eclass="HBEFA3/PC_G_EU4" CO2="7047.92" CO="104.80" HC="0.66" NOx="2.54" PMx="0.16" fuel="3.03" electricity="0.00" noise="74.31" route="routebottom" type="cfm-fast" waiting="0.00" lane="bottom_0" pos="1.14" speed="30.42" angle="92.41" x="66.21" y="-4.89"/>
        <vehicle id="cfm-slow_0" eclass="HBEFA3/PC_G_EU4" CO2="0.00" CO="0.00" HC="0.00" NOx="0.00" PMx="0.00" fuel="0.00" electricity="0.00" noise="73.21" route="routebottom" type="cfm-slow" waiting="0.00" lane="bottom_0" pos="22.65" speed="30.48" angle="53.67" x="108.47" y="11.72"/>
        <vehicle id="cfm-slow_1" eclass="HBEFA3/PC_G_EU4" CO2="0.00" CO="0.00" HC="0.00" NOx="0.00" PMx="0.00" fuel="0.00" electricity="0.00" noise="72.42" route="routebottom" type="cfm-slow" waiting="0.00" lane="bottom_0" pos="48.13" speed="29.63" angle="7.94" x="132.14" y="59.55"/>
        <vehicle id="cfm-slow_2" eclass="HBEFA3/PC_G_EU4" CO2="0.00" CO="0.00" HC="0.00" NOx="0.00" PMx="0.00" fuel="0.00" electricity="0.00" noise="71.79" route="routebottom" type="cfm-slow" waiting="0.00" lane="right_0" pos="22.68" speed="28.27" angle="323.60" x="115.57" y="108.52"/>
        <vehicle id="cfm-slow_3" eclass="HBEFA3/PC_G_EU4" CO2="0.00" CO="0.00" HC="0.00" NOx="0.00" PMx="0.00" fuel="0.00" electricity="0.00" noise="71.69" route="routebottom" type="cfm-slow" waiting="0.00" lane="right_0" pos="45.82" speed="27.03" angle="282.07" x="72.72" y="131.67"/>
        <vehicle id="cfm-slow_4" eclass="HBEFA3/PC_G_EU4" CO2="7192.30" CO="83.89" HC="0.56" NOx="2.70" PMx="0.15" fuel="3.09" electricity="0.00" noise="72.80" route="routetop" type="cfm-slow" waiting="0.00" lane="top_0" pos="17.75" speed="26.52" angle="242.55" x="27.34" y="121.87"/>
        <vehicle id="cfm-slow_5" eclass="HBEFA3/PC_G_EU4" CO2="12693.42" CO="199.23" HC="1.22" NOx="5.28" PMx="0.30" fuel="5.46" electricity="0.00" noise="74.82" route="routetop" type="cfm-slow" waiting="0.00" lane="top_0" pos="39.22" speed="26.96" angle="203.92" x="-1.02" y="86.50"/>
    </timestep>
    <timestep time="9.88">
        <vehicle id="cfm-fast_0" eclass="HBEFA3/PC_G_EU4" CO2="46548.80" CO="2104.08" HC="10.87" NOx="20.43" PMx="1.71" fuel="20.01" electricity="0.00" noise="93.90" route="routetop" type="cfm-fast" waiting="0.00" lane="left_1" pos="14.09" speed="75.23" angle="159.19" x="4.65" y="35.67"/>
        <vehicle id="cfm-fast_1" eclass="HBEFA3/PC_G_EU4" CO2="15093.06" CO="255.03" HC="1.54" NOx="6.39" PMx="0.36" fuel="6.49" electricity="0.00" noise="76.06" route="routetop" type="cfm-fast" waiting="0.00" lane="left_0" pos="11.52" speed="28.16" angle="163.72" x="-0.49" y="39.33"/>
        <vehicle id="cfm-fast_2" eclass="HBEFA3/PC_G_EU4" CO2="38206.07" CO="1947.35" HC="9.95" NOx="16.49" PMx="1.50" fuel="16.42" electricity="0.00" noise="92.42" route="routebottom" type="cfm-fast" waiting="0.00" lane="bottom_1" pos="30.51" speed="75.56" angle="39.58" x="117.09" y="26.12"/>
        <vehicle id="cfm-fast_3" eclass="HBEFA3/PC_G_EU4" CO2="13000.80" CO="220.67" HC="1.33" NOx="5.37" PMx="0.31" fuel="5.59" electricity="0.00" noise="75.63" route="routetop" type="cfm-fast" waiting="0.00" lane="left_0" pos="30.79" speed="29.51" angle="129.10" x="24.71" y="7.18"/>
        <vehicle id="cfm-fast_4" eclass="HBEFA3/PC_G_EU4" CO2="39841.22" CO="1979.92" HC="10.14" NOx="17.26" PMx="1.54" fuel="17.13" electricity="0.00" noise="92.71" route="routebottom" type="cfm-fast" waiting="0.00" lane="right_1" pos="47.12" speed="75.54" angle="279.73" x="69.58" y="128.70"/>
        <vehicle id="cfm-fast_5" eclass="HBEFA3/PC_G_EU4" CO2="6977.55" CO="103.36" HC="0.65" NOx="2.51" PMx="0.16" fuel="3.00" electricity="0.00" noise="74.30" route="routebottom" type="cfm-fast" waiting="0.00" lane="bottom_0" pos="1.44" speed="30.42" angle="91.88" x="66.86" y="-4.86"/>
        <vehicle id="cfm-slow_0" eclass="HBEFA3/PC_G_EU4" CO2="0.00" CO="0.00" HC="0.00" NOx="0.00" PMx="0.00" fuel="0.00" electricity="0.00" noise="73.20" route="routebottom" type="cfm-slow" waiting="0.00" lane="bottom_0" pos="22.95" speed="30.47" angle="53.10" x="108.97" y="12.14"/>
        <vehicle id="cfm-slow_1" eclass="HBEFA3/PC_G_EU4" CO2="0.00" CO="0.00" HC="0.00" NOx="0.00" PMx="0.00" fuel="0.00" electricity="0.00" noise="72.41" route="routebottom" type="cfm-slow" waiting="0.00" lane="bottom_0" pos="48.43" speed="29.62" angle="7.38" x="132.18" y="60.19"/>
        <vehicle id="cfm-slow_2" eclass="HBEFA3/PC_G_EU4" CO2="0.00" CO="0.00" HC="0.00" NOx="0.00" PMx="0.00" fuel="0.00" electricity="0.00" noise="71.79" route="routebottom" type="cfm-slow" waiting="0.00" lane="right_0" pos="22.96" speed="28.26" angle="323.08" x="115.17" y="108.98"/>
        <vehicle id="cfm-slow_3" eclass="HBEFA3/PC_G_EU4" CO2="0.00" CO="0.00" HC="0.00" NOx="0.00" PMx="0.00" fuel="0.00" electricity="0.00" noise="71.70" route="routebottom" type="cfm-slow" waiting="0.00" lane="right_0" pos="46.09" speed="27.03" angle="281.60" x="72.14" y="131.75"/>
        <vehicle id="cfm-slow_4" eclass="HBEFA3/PC_G_EU4" CO2="7246.70" CO="85.03" HC="0.57" NOx="2.72" PMx="0.15" fuel="3.12" electricity="0.00" noise="72.82" route="routetop" type="cfm-slow" waiting="0.00" lane="top_0" pos="18.01" speed="26.52" angle="242.12" x="26.85" y="121.57"/>
        <vehicle id="cfm-slow_5" eclass="HBEFA3/PC_G_EU4" CO2="12718.92" CO="199.81" HC="1.23" NOx="5.29" PMx="0.30" fuel="5.47" electricity="0.00" noise="74.83" route="routetop" type="cfm-slow" waiting="0.00" lane="top_0" pos="39.49" speed="26.97" angle="203.43" x="-1.22" y="85.96"/>
    </timestep>
    <timestep time="9.89">
        <vehicle id="cfm-fast_0" eclass="HBEFA3/PC_G_EU4" CO2="46450.18" CO="2102.26" HC="10.86" NOx="20.38" PMx="1.71" fuel="19.97" electricity="0.00" noise="93.88" route="routetop" type="cfm-fast" waiting="0.00" lane="left_1" pos="14.85" speed="75.24" angle="157.79" x="5.34" y="34.29"/>
        <vehicle id="cfm-fast_1" eclass="HBEFA3/PC_G_EU4" CO2="15076.54" CO="254.77" HC="1.54" NOx="6.38" PMx="0.36" fuel="6.48" electricity="0.00" noise="76.06" route="routetop" type="cfm-fast" waiting="0.00" lane="left_0" pos="11.80" speed="28.17" angle="163.22" x="-0.26" y="38.77"/>
        <vehicle id="cfm-fast_2" eclass="HBEFA3/PC_G_EU4" CO2="38212.01" CO="1947.49" HC="9.95" NOx="16.49" PMx="1.50" fuel="16.43" electricity="0.00" noise="92.42" route="routebottom" type="cfm-fast" waiting="0.00" lane="bottom_1" pos="31.26" speed="75.56" angle="38.26" x="117.97" y="27.39"/>
        <vehicle id="cfm-fast_3" eclass="HBEFA3/PC_G_EU4" CO2="12945.09" CO="219.59" HC="1.33" NOx="5.35" PMx="0.31" fuel="5.56" electricity="0.00" noise="75.61" route="routetop" type="cfm-fast" waiting="0.00" lane="left_0" pos="31.09" speed="29.52" angle="128.57" x="25.24" y="6.83"/>
        <vehicle id="cfm-fast_4" eclass="HBEFA3/PC_G_EU4" CO2="39831.46" CO="1979.77" HC="10.14" NOx="17.26" PMx="1.54" fuel="17.12" electricity="0.00" noise="92.71" route="routebottom" type="cfm-fast" waiting="0.00" lane="right_1" pos="47.88" speed="75.54" angle="278.37" x="68.04" y="128.82"/>
        <vehicle id="cfm-fast_5" eclass="HBEFA3/PC_G_EU4" CO2="6907.37" CO="101.93" HC="0.64" NOx="2.48" PMx="0.16" fuel="2.97" electricity="0.00" noise="74.28" route="routebottom" type="cfm-fast" waiting="0.00" lane="bottom_0" pos="1.75" speed="30.42" angle="91.34" x="67.52" y="-4.83"/>
        <vehicle id="cfm-slow_0" eclass="HBEFA3/PC_G_EU4" CO2="0.00" CO="0.00" HC="0.00" NOx="0.00" PMx="0.00" fuel="0.00" electricity="0.00" noise="73.19" route="routebottom" type="cfm-slow" waiting="0.00" lane="bottom_0" pos="23.26" speed="30.46" angle="52.60" x="109.45" y="12.58"/>
        <vehicle id="cfm-slow_1" eclass="HBEFA3/PC_G_EU4" CO2="0.00" CO="0.00" HC="0.00" NOx="0.00" PMx="0.00" fuel="0.00" electricity="0.00" noise="72.40" route="routebottom" type="cfm-slow" waiting="0.00" lane="bottom_0" pos="48.72" speed="29.60" angle="6.87" x="132.21" y="60.82"/>
        <vehicle id="cfm-slow_2" eclass="HBEFA3/PC_G_EU4" CO2="0.00" CO="0.00" HC="0.00" NOx="0.00" PMx="0.00" fuel="0.00" electricity="0.00" noise="71.78" route="routebottom" type="cfm-slow" waiting="0.00" lane="right_0" pos="23.25" speed="28.24" angle="322.63" x="114.77" y="109.43"/>
        <vehicle id="cfm-slow_3" eclass="HBEFA3/PC_G_EU4" CO2="0.00" CO="0.00" HC="0.00" NOx="0.00" PMx="0.00" fuel="0.00" electricity="0.00" noise="71.70" route="routebottom" type="cfm-slow" waiting="0.00" lane="right_0" pos="46.37" speed="27.02" angle="281.15" x="71.56" y="131.82"/>
        <vehicle id="cfm-slow_4" eclass="HBEFA3/PC_G_EU4" CO2="7300.82" CO="86.16" HC="0.58" NOx="2.75" PMx="0.15" fuel="3.14" electricity="0.00" noise="72.83" route="routetop" type="cfm-slow" waiting="0.00" lane="top_0" pos="18.28" speed="26.52" angle="241.61" x="26.38" y="121.26"/>
        <vehicle id="cfm-slow_5" eclass="HBEFA3/PC_G_EU4" CO2="12744.04" CO="200.38" HC="1.23" NOx="5.31" PMx="0.30" fuel="5.48" electricity="0.00" noise="74.84" route="routetop" type="cfm-slow" waiting="0.00" lane="top_0" pos="39.76" speed="26.98" angle="202.99" x="-1.42" y="85.41"/>
    </timestep>
    <timestep time="9.90">
        <vehicle id="cfm-fast_0" eclass="HBEFA3/PC_G_EU4" CO2="46352.66" CO="2100.46" HC="10.85" NOx="20.34" PMx="1.71" fuel="19.93" electricity="0.00" noise="93.86" route="routetop" type="cfm-fast" waiting="0.00" lane="left_1" pos="15.60" speed="75.24" angle="156.46" x="6.04" y="32.91"/>
        <vehicle id="cfm-fast_1" eclass="HBEFA3/PC_G_EU4" CO2="15059.63" CO="254.50" HC="1.54" NOx="6.37" PMx="0.36" fuel="6.47" electricity="0.00" noise="76.06" route="routetop" type="cfm-fast" waiting="0.00" lane="left_0" pos="12.08" speed="28.18" angle="162.72" x="-0.04" y="38.20"/>
        <vehicle id="cfm-fast_2" eclass="HBEFA3/PC_G_EU4" CO2="38217.91" CO="1947.62" HC="9.95" NOx="16.50" PMx="1.50" fuel="16.43" electricity="0.00" noise="92.42" route="routebottom" type="cfm-fast" waiting="0.00" lane="bottom_1" pos="32.02" speed="75.56" angle="36.92" x="118.83" y="28.68"/>
        <vehicle id="cfm-fast_3" eclass="HBEFA3/PC_G_EU4" CO2="12889.20" CO="218.51" HC="1.32" NOx="5.32" PMx="0.31" fuel="5.54" electricity="0.00" noise="75.60" route="routetop" type="cfm-fast" waiting="0.00" lane="left_0" pos="31.38" speed="29.53" angle="128.04" x="25.77" y="6.47"/>
        <vehicle id="cfm-fast_4" eclass="HBEFA3/PC_G_EU4" CO2="39821.58" CO="1979.61" HC="10.14" NOx="17.25" PMx="1.54" fuel="17.12" electricity="0.00" noise="92.71" route="routebottom" type="cfm-fast" waiting="0.00" lane="right_1" pos="48.63" speed="75.54" angle="276.94" x="66.49" y="128.91"/>
        <vehicle id="cfm-fast_5" eclass="HBEFA3/PC_G_EU4" CO2="6837.38" CO="100.50" HC="0.63" NOx="2.44" PMx="0.16" fuel="2.94" electricity="0.00" noise="74.27" route="routebottom" type="cfm-fast" waiting="0.00" lane="bottom_0" pos="2.05" speed="30.43" angle="90.79" x="68.17" y="-4.79"/>
        <vehicle id="cfm-slow_0" eclass="HBEFA3/PC_G_EU4" CO2="0.00" CO="0.00" HC="0.00" NOx="0.00" PMx="0.00" fuel="0.00" electricity="0.00" noise="73.18" route="routebottom" type="cfm-slow" waiting="0.00" lane="bottom_0" pos="23.56" speed="30.45" angle="52.05" x="109.94" y="13.02"/>
        <vehicle id="cfm-slow_1" eclass="HBEFA3/PC_G_EU4" CO2="0.00" CO="0.00" HC="0.00" NOx="0.00" PMx="0.00" fuel="0.00" electricity="0.00" noise="72.40" route="routebottom" type="cfm-slow" waiting="0.00" lane="bottom_0" pos="49.02" speed="29.59" angle="6.34" x="132.23" y="61.46"/>
        <vehicle id="cfm-slow_2" eclass="HBEFA3/PC_G_EU4" CO2="0.00" CO="0.00" HC="0.00" NOx="0.00" PMx="0.00" fuel="0.00" electricity="0.00" noise="71.78" route="routebottom" type="cfm-slow" waiting="0.00" lane="right_0" pos="23.53" speed="28.23" angle="322.12" x="114.35" y="109.88"/>
        <vehicle id="cfm-slow_3" eclass="HBEFA3/PC_G_EU4" CO2="0.00" CO="0.00" HC="0.00" NOx="0.00" PMx="0.00" fuel="0.00" electricity="0.00" noise="71.71" route="routebottom" type="cfm-slow" waiting="0.00" lane="right_0" pos="46.64" speed="27.02" angle="280.65" x="70.98" y="131.88"/>
        <vehicle id="cfm-slow_4" eclass="HBEFA3/PC_G_EU4" CO2="7354.66" CO="87.29" HC="0.58" NOx="2.77" PMx="0.15" fuel="3.16" electricity="0.00" noise="72.85" route="routetop" type="cfm-slow" waiting="0.00" lane="top_0" pos="18.54" speed="26.53" angle="241.09" x="25.90" y="120.94"/>
        <vehicle id="cfm-slow_5" eclass="HBEFA3/PC_G_EU4" CO2="12768.77" CO="200.94" HC="1.23" NOx="5.32" PMx="0.30" fuel="5.49" electricity="0.00" noise="74.85" route="routetop" type="cfm-slow" waiting="0.00" lane="top_0" pos="40.03" speed="26.99" angle="202.49" x="-1.59" y="84.85"/>
    </timestep>
    <timestep time="9.91">
        <vehicle id="cfm-fast_0" eclass="HBEFA3/PC_G_EU4" CO2="46256.22" CO="2098.69" HC="10.84" NOx="20.29" PMx="1.70" fuel="19.88" electricity="0.00" noise="93.84" route="routetop" type="cfm-fast" waiting="0.00" lane="left_1" pos="16.35" speed="75.24" angle="155.08" x="6.79" y="31.57"/>
        <vehicle id="cfm-fast_1" eclass="HBEFA3/PC_G_EU4" CO2="15042.35" CO="254.22" HC="1.54" NOx="6.36" PMx="0.36" fuel="6.47" electricity="0.00" noise="76.05" route="routetop" type="cfm-fast" waiting="0.00" lane="left_0" pos="12.36" speed="28.20" angle="162.22" x="0.19" y="37.64"/>
        <vehicle id="cfm-fast_2" eclass="HBEFA3/PC_G_EU4" CO2="38223.75" CO="1947.75" HC="9.95" NOx="16.50" PMx="1.50" fuel="16.43" electricity="0.00" noise="92.42" route="routebottom" type="cfm-fast" waiting="0.00" lane="bottom_1" pos="32.77" speed="75.56" angle="35.53" x="119.62" y="30.01"/>
        <vehicle id="cfm-fast_3" eclass="HBEFA3/PC_G_EU4" CO2="12833.14" CO="217.42" HC="1.31" NOx="5.29" PMx="0.31" fuel="5.52" electricity="0.00" noise="75.58" route="routetop" type="cfm-fast" waiting="0.00" lane="left_0" pos="31.68" speed="29.54" angle="127.50" x="26.30" y="6.12"/>
        <vehicle id="cfm-fast_4" eclass="HBEFA3/PC_G_EU4" CO2="39811.57" CO="1979.46" HC="10.14" NOx="17.25" PMx="1.54" fuel="17.11" electricity="0.00" noise="92.70" route="routebottom" type="cfm-fast" waiting="0.00" lane="right_1" pos="49.39" speed="75.54" angle="275.59" x="64.94" y="128.95"/>
        <vehicle id="cfm-fast_5" eclass="HBEFA3/PC_G_EU4" CO2="6767.57" CO="99.07" HC="0.63" NOx="2.41" PMx="0.15" fuel="2.91" electricity="0.00" noise="74.26" route="routebottom" type="cfm-fast" waiting="0.00" lane="bottom_0" pos="2.36" speed="30.43" angle="90.25" x="68.82" y="-4.75"/>
        <vehicle id="cfm-slow_0" eclass="HBEFA3/PC_G_EU4" CO2="0.00" CO="0.00" HC="0.00" NOx="0.00" PMx="0.00" fuel="0.00" electricity="0.00" noise="73.17" route="routebottom" type="cfm-slow" waiting="0.00" lane="bottom_0" pos="23.87" speed="30.44" angle="51.50" x="110.42" y="13.47"/>
        <vehicle id="cfm-slow_1" eclass="HBEFA3/PC_G_EU4" CO2="0.00" CO="0.00" HC="0.00" NOx="0.00" PMx="0.00" fuel="0.00" electricity="0.00" noise="72.39" route="routebottom" type="cfm-slow" waiting="0.00" lane="bottom_0" pos="49.31" speed="29.58" angle="5.79" x="132.24" y="62.09"/>
        <vehicle id="cfm-slow_2" eclass="HBEFA3/PC_G_EU4" CO2="0.00" CO="0.00" HC="0.00" NOx="0.00" PMx="0.00" fuel="0.00" electricity="0.00" noise="71.78" route="routebottom" type="cfm-slow" waiting="0.00" lane="right_0" pos="23.81" speed="28.22" angle="321.61" x="113.94" y="110.32"/>
        <vehicle id="cfm-slow_3" eclass="HBEFA3/PC_G_EU4" CO2="0.00" CO="0.00" HC="0.00" NOx="0.00" PMx="0.00" fuel="0.00" electricity="0.00" noise="71.72" route="routebottom" type="cfm-slow" waiting="0.00" lane="right_0" pos="46.91" speed="27.01" angle="280.15" x="70.41" y="131.94"/>
        <vehicle id="cfm-slow_4" eclass="HBEFA3/PC_G_EU4" CO2="7408.22" CO="88.41" HC="0.59" NOx="2.80" PMx="0.16" fuel="3.18" electricity="0.00" noise="72.87" route="routetop" type="cfm-slow" waiting="0.00" lane="top_0" pos="18.81" speed="26.53" angle="240.58" x="25.43" y="120.62"/>
        <vehicle id="cfm-slow_5" eclass="HBEFA3/PC_G_EU4" CO2="12793.12" CO="201.50" HC="1.24" NOx="5.33" PMx="0.30" fuel="5.50" electricity="0.00" noise="74.87" route="routetop" type="cfm-slow" waiting="0.00" lane="top_0" pos="40.30" speed="27.01" angle="201.99" x="-1.76" y="84.30"/>
    </timestep>
    <timestep time="9.92">
        <vehicle id="cfm-fast_0" eclass="HBEFA3/PC_G_EU4" CO2="46160.84" CO="2096.93" HC="10.83" NOx="20.25" PMx="1.70" fuel="19.84" electricity="0.00" noise="93.83" route="routetop" type="cfm-fast" waiting="0.00" lane="left_1" pos="17.10" speed="75.25" angle="153.73" x="7.57" y="30.23"/>
        <vehicle id="cfm-fast_1" eclass="HBEFA3/PC_G_EU4" CO2="15024.69" CO="253.94" HC="1.53" NOx="6.35" PMx="0.36" fuel="6.46" electricity="0.00" noise="76.05" route="routetop" type="cfm-fast" waiting="0.00" lane="left_0" pos="12.64" speed="28.21" angle="161.72" x="0.41" y="37.08"/>
        <vehicle id="cfm-fast_2" eclass="HBEFA3/PC_G_EU4" CO2="38229.54" CO="1947.89" HC="9.95" NOx="16.50" PMx="1.50" fuel="16.43" electricity="0.00" noise="92.42" route="routebottom" type="cfm-fast" waiting="0.00" lane="bottom_1" pos="33.53" speed="75.56" angle="34.18" x="120.41" y="31.35"/>
        <vehicle id="cfm-fast_3" eclass="HBEFA3/PC_G_EU4" CO2="12776.91" CO="216.33" HC="1.31" NOx="5.27" PMx="0.31" fuel="5.49" electricity="0.00" noise="75.56" route="routetop" type="cfm-fast" waiting="0.00" lane="left_0" pos="31.98" speed="29.55" angle="127.00" x="26.83" y="5.77"/>
        <vehicle id="cfm-fast_4" eclass="HBEFA3/PC_G_EU4" CO2="39801.45" CO="1979.30" HC="10.14" NOx="17.24" PMx="1.54" fuel="17.11" electricity="0.00" noise="92.70" route="routetop" type="cfm-fast" waiting="0.00" lane="top_1" pos="0.15" speed="75.54" angle="274.22" x="63.33" y="128.96"/>
        <vehicle id="cfm-fast_5" eclass="HBEFA3/PC_G_EU4" CO2="6697.96" CO="97.64" HC="0.62" NOx="2.38" PMx="0.15" fuel="2.88" electricity="0.00" noise="74.24" route="routebottom" type="cfm-fast" waiting="0.00" lane="bottom_0" pos="2.66" speed="30.43" angle="89.72" x="69.48" y="-4.70"/>
        <vehicle id="cfm-slow_0" eclass="HBEFA3/PC_G_EU4" CO2="0.00" CO="0.00" HC="0.00" NOx="0.00" PMx="0.00" fuel="0.00" electricity="0.00" noise="73.16" route="routebottom" type="cfm-slow" waiting="0.00" lane="bottom_0" pos="24.17" speed="30.44" angle="50.95" x="110.90" y="13.91"/>
        <vehicle id="cfm-slow_1" eclass="HBEFA3/PC_G_EU4" CO2="0.00" CO="0.00" HC="0.00" NOx="0.00" PMx="0.00" fuel="0.00" electricity="0.00" noise="72.39" route="routebottom" type="cfm-slow" waiting="0.00" lane="bottom_0" pos="49.61" speed="29.56" angle="5.23" x="132.25" y="62.73"/>
        <vehicle id="cfm-slow_2" eclass="HBEFA3/PC_G_EU4" CO2="0.00" CO="0.00" HC="0.00" NOx="0.00" PMx="0.00" fuel="0.00" electricity="0.00" noise="71.78" route="routebottom" type="cfm-slow" waiting="0.00" lane="right_0" pos="24.09" speed="28.21" angle="321.11" x="113.53" y="110.77"/>
        <vehicle id="cfm-slow_3" eclass="HBEFA3/PC_G_EU4" CO2="0.00" CO="0.00" HC="0.00" NOx="0.00" PMx="0.00" fuel="0.00" electricity="0.00" noise="71.72" route="routebottom" type="cfm-slow" waiting="0.00" lane="right_0" pos="47.18" speed="27.00" angle="279.66" x="69.83" y="131.99"/>
        <vehicle id="cfm-slow_4" eclass="HBEFA3/PC_G_EU4" CO2="7461.51" CO="89.52" HC="0.59" NOx="2.82" PMx="0.16" fuel="3.21" electricity="0.00" noise="72.88" route="routetop" type="cfm-slow" waiting="0.00" lane="top_0" pos="19.07" speed="26.53" angle="240.06" x="24.95" y="120.30"/>
        <vehicle id="cfm-slow_5" eclass="HBEFA3/PC_G_EU4" CO2="12817.08" CO="202.05" HC="1.24" NOx="5.34" PMx="0.30" fuel="5.51" electricity="0.00" noise="74.88" route="routetop" type="cfm-slow" waiting="0.00" lane="top_0" pos="40.57" speed="27.02" angle="201.48" x="-1.93" y="83.74"/>
    </timestep>
    <timestep time="9.93">
        <vehicle id="cfm-fast_0" eclass="HBEFA3/PC_G_EU4" CO2="46066.52" CO="2095.19" HC="10.82" NOx="20.20" PMx="1.70" fuel="19.80" electricity="0.00" noise="93.81" route="routetop" type="cfm-fast" waiting="0.00" lane="left_1" pos="17.86" speed="75.25" angle="152.34" x="8.36" y="28.91"/>
        <vehicle id="cfm-fast_1" eclass="HBEFA3/PC_G_EU4" CO2="15006.66" CO="253.64" HC="1.53" NOx="6.35" PMx="0.36" fuel="6.45" electricity="0.00" noise="76.04" route="routetop" type="cfm-fast" waiting="0.00" lane="left_0" pos="12.93" speed="28.22" angle="161.26" x="0.65" y="36.52"/>
        <vehicle id="cfm-fast_2" eclass="HBEFA3/PC_G_EU4" CO2="38235.28" CO="1948.02" HC="9.95" NOx="16.50" PMx="1.50" fuel="16.44" electricity="0.00" noise="92.43" route="routebottom" type="cfm-fast" waiting="0.00" lane="bottom_1" pos="34.28" speed="75.56" angle="32.82" x="121.16" y="32.70"/>
        <vehicle id="cfm-fast_3" eclass="HBEFA3/PC_G_EU4" CO2="12720.52" CO="215.23" HC="1.30" NOx="5.24" PMx="0.31" fuel="5.47" electricity="0.00" noise="75.55" route="routetop" type="cfm-fast" waiting="0.00" lane="left_0" pos="32.27" speed="29.56" angle="126.49" x="27.37" y="5.44"/>
        <vehicle id="cfm-fast_4" eclass="HBEFA3/PC_G_EU4" CO2="39791.22" CO="1979.14" HC="10.13" NOx="17.24" PMx="1.54" fuel="17.10" electricity="0.00" noise="92.70" route="routetop" type="cfm-fast" waiting="0.00" lane="top_1" pos="0.90" speed="75.54" angle="272.84" x="61.78" y="128.93"/>
        <vehicle id="cfm-fast_5" eclass="HBEFA3/PC_G_EU4" CO2="6628.55" CO="96.22" HC="0.61" NOx="2.35" PMx="0.15" fuel="2.85" electricity="0.00" noise="74.23" route="routebottom" type="cfm-fast" waiting="0.00" lane="bottom_0" pos="2.96" speed="30.43" angle="89.18" x="70.13" y="-4.63"/>
        <vehicle id="cfm-slow_0" eclass="HBEFA3/PC_G_EU4" CO2="0.00" CO="0.00" HC="0.00" NOx="0.00" PMx="0.00" fuel="0.00" electricity="0.00" noise="73.16" route="routebottom" type="cfm-slow" waiting="0.00" lane="bottom_0" pos="24.48" speed="30.43" angle="50.45" x="111.37" y="14.36"/>
        <vehicle id="cfm-slow_1" eclass="HBEFA3/PC_G_EU4" CO2="0.00" CO="0.00" HC="0.00" NOx="0.00" PMx="0.00" fuel="0.00" electricity="0.00" noise="72.38" route="routebottom" type="cfm-slow" waiting="0.00" lane="bottom_0" pos="49.91" speed="29.55" angle="4.68" x="132.27" y="63.37"/>
        <vehicle id="cfm-slow_2" eclass="HBEFA3/PC_G_EU4" CO2="0.00" CO="0.00" HC="0.00" NOx="0.00" PMx="0.00" fuel="0.00" electricity="0.00" noise="71.77" route="routebottom" type="cfm-slow" waiting="0.00" lane="right_0" pos="24.37" speed="28.20" angle="320.65" x="113.12" y="111.21"/>
        <vehicle id="cfm-slow_3" eclass="HBEFA3/PC_G_EU4" CO2="0.00" CO="0.00" HC="0.00" NOx="0.00" PMx="0.00" fuel="0.00" electricity="0.00" noise="71.73" route="routebottom" type="cfm-slow" waiting="0.00" lane="right_0" pos="47.45" speed="27.00" angle="279.21" x="69.25" y="132.05"/>
        <vehicle id="cfm-slow_4" eclass="HBEFA3/PC_G_EU4" CO2="7514.51" CO="90.63" HC="0.60" NOx="2.85" PMx="0.16" fuel="3.23" electricity="0.00" noise="72.90" route="routetop" type="cfm-slow" waiting="0.00" lane="top_0" pos="19.34" speed="26.54" angle="239.63" x="24.48" y="119.98"/>
        <vehicle id="cfm-slow_5" eclass="HBEFA3/PC_G_EU4" CO2="12840.66" CO="202.59" HC="1.24" NOx="5.35" PMx="0.30" fuel="5.52" electricity="0.00" noise="74.89" route="routetop" type="cfm-slow" waiting="0.00" lane="top_0" pos="40.84" speed="27.03" angle="200.98" x="-2.10" y="83.19"/>
    </timestep>
    <timestep time="9.94">
        <vehicle id="cfm-fast_0" eclass="HBEFA3/PC_G_EU4" CO2="45973.25" CO="2093.46" HC="10.81" NOx="20.16" PMx="1.70" fuel="19.76" electricity="0.00" noise="93.79" route="routetop" type="cfm-fast" waiting="0.00" lane="left_1" pos="18.61" speed="75.26" angle="150.95" x="9.21" y="27.62"/>
        <vehicle id="cfm-fast_1" eclass="HBEFA3/PC_G_EU4" CO2="14988.26" CO="253.34" HC="1.53" NOx="6.34" PMx="0.36" fuel="6.44" electricity="0.00" noise="76.04" route="routetop" type="cfm-fast" waiting="0.00" lane="left_0" pos="13.21" speed="28.24" angle="160.73" x="0.90" y="35.96"/>
        <vehicle id="cfm-fast_2" eclass="HBEFA3/PC_G_EU4" CO2="38240.96" CO="1948.15" HC="9.96" NOx="16.51" PMx="1.50" fuel="16.44" electricity="0.00" noise="92.43" route="routebottom" type="cfm-fast" waiting="0.00" lane="bottom_1" pos="35.04" speed="75.56" angle="31.48" x="121.88" y="34.07"/>
        <vehicle id="cfm-fast_3" eclass="HBEFA3/PC_G_EU4" CO2="12663.97" CO="214.13" HC="1.30" NOx="5.21" PMx="0.30" fuel="5.44" electricity="0.00" noise="75.53" route="routetop" type="cfm-fast" waiting="0.00" lane="left_0" pos="32.57" speed="29.57" angle="125.94" x="27.92" y="5.11"/>
        <vehicle id="cfm-fast_4" eclass="HBEFA3/PC_G_EU4" CO2="39780.89" CO="1978.98" HC="10.13" NOx="17.23" PMx="1.54" fuel="17.10" electricity="0.00" noise="92.70" route="routetop" type="cfm-fast" waiting="0.00" lane="top_1" pos="1.66" speed="75.54" angle="271.51" x="60.24" y="128.87"/>
        <vehicle id="cfm-fast_5" eclass="HBEFA3/PC_G_EU4" CO2="6559.34" CO="94.80" HC="0.60" NOx="2.31" PMx="0.15" fuel="2.82" electricity="0.00" noise="74.21" route="routebottom" type="cfm-fast" waiting="0.00" lane="bottom_0" pos="3.27" speed="30.43" angle="88.63" x="70.78" y="-4.57"/>
        <vehicle id="cfm-slow_0" eclass="HBEFA3/PC_G_EU4" CO2="0.00" CO="0.00" HC="0.00" NOx="0.00" PMx="0.00" fuel="0.00" electricity="0.00" noise="73.15" route="routebottom" type="cfm-slow" waiting="0.00" lane="bottom_0" pos="24.78" speed="30.42" angle="49.89" x="111.84" y="14.83"/>
        <vehicle id="cfm-slow_1" eclass="HBEFA3/PC_G_EU4" CO2="0.00" CO="0.00" HC="0.00" NOx="0.00" PMx="0.00" fuel="0.00" electricity="0.00" noise="72.37" route="routebottom" type="cfm-slow" waiting="0.00" lane="right_0" pos="0.20" speed="29.54" angle="4.10" x="132.26" y="64.19"/>
        <vehicle id="cfm-slow_2" eclass="HBEFA3/PC_G_EU4" CO2="0.00" CO="0.00" HC="0.00" NOx="0.00" PMx="0.00" fuel="0.00" electricity="0.00" noise="71.77" route="routebottom" type="cfm-slow" waiting="0.00" lane="right_0" pos="24.66" speed="28.18" angle="320.12" x="112.69" y="111.64"/>
        <vehicle id="cfm-slow_3" eclass="HBEFA3/PC_G_EU4" CO2="0.00" CO="0.00" HC="0.00" NOx="0.00" PMx="0.00" fuel="0.00" electricity="0.00" noise="71.74" route="routebottom" type="cfm-slow" waiting="0.00" lane="right_0" pos="47.72" speed="26.99" angle="278.72" x="68.67" y="132.09"/>
        <vehicle id="cfm-slow_4" eclass="HBEFA3/PC_G_EU4" CO2="7567.24" CO="91.74" HC="0.61" NOx="2.87" PMx="0.16" fuel="3.25" electricity="0.00" noise="72.92" route="routetop" type="cfm-slow" waiting="0.00" lane="top_0" pos="19.60" speed="26.54" angle="239.15" x="24.02" y="119.64"/>
        <vehicle id="cfm-slow_5" eclass="HBEFA3/PC_G_EU4" CO2="12863.86" CO="203.12" HC="1.25" NOx="5.36" PMx="0.30" fuel="5.53" electricity="0.00" noise="74.90" route="routetop" type="cfm-slow" waiting="0.00" lane="top_0" pos="41.11" speed="27.04" angle="200.54" x="-2.27" y="82.63"/>
    </timestep>
    <timestep time="9.95">
        <vehicle id="cfm-fast_0" eclass="HBEFA3/PC_G_EU4" CO2="45881.01" CO="2091.76" HC="10.80" NOx="20.12" PMx="1.69" fuel="19.72" electricity="0.00" noise="93.77" route="routetop" type="cfm-fast" waiting="0.00" lane="left_1" pos="19.36" speed="75.26" angle="149.59" x="10.08" y="26.34"/>
        <vehicle id="cfm-fast_1" eclass="HBEFA3/PC_G_EU4" CO2="14969.49" CO="253.03" HC="1.53" NOx="6.33" PMx="0.36" fuel="6.43" electricity="0.00" noise="76.04" route="routetop" type="cfm-fast" waiting="0.00" lane="left_0" pos="13.49" speed="28.25" angle="160.21" x="1.15" y="35.41"/>
        <vehicle id="cfm-fast_2" eclass="HBEFA3/PC_G_EU4" CO2="38246.58" CO="1948.28" HC="9.96" NOx="16.51" PMx="1.50" fuel="16.44" electricity="0.00" noise="92.43" route="routebottom" type="cfm-fast" waiting="0.00" lane="bottom_1" pos="35.79" speed="75.56" angle="30.09" x="122.57" y="35.46"/>
        <vehicle id="cfm-fast_3" eclass="HBEFA3/PC_G_EU4" CO2="12607.26" CO="213.03" HC="1.29" NOx="5.18" PMx="0.30" fuel="5.42" electricity="0.00" noise="75.52" route="routetop" type="cfm-fast" waiting="0.00" lane="left_0" pos="32.86" speed="29.58" angle="125.38" x="28.46" y="4.78"/>
        <vehicle id="cfm-fast_4" eclass="HBEFA3/PC_G_EU4" CO2="39770.45" CO="1978.81" HC="10.13" NOx="17.23" PMx="1.54" fuel="17.10" electricity="0.00" noise="92.70" route="routetop" type="cfm-fast" waiting="0.00" lane="top_1" pos="2.41" speed="75.55" angle="270.14" x="58.69" y="128.79"/>
        <vehicle id="cfm-fast_5" eclass="HBEFA3/PC_G_EU4" CO2="6490.33" CO="93.38" HC="0.59" NOx="2.28" PMx="0.15" fuel="2.79" electricity="0.00" noise="74.20" route="routebottom" type="cfm-fast" waiting="0.00" lane="bottom_0" pos="3.57" speed="30.43" angle="88.09" x="71.43" y="-4.50"/>
        <vehicle id="cfm-slow_0" eclass="HBEFA3/PC_G_EU4" CO2="0.00" CO="0.00" HC="0.00" NOx="0.00" PMx="0.00" fuel="0.00" electricity="0.00" noise="73.14" route="routebottom" type="cfm-slow" waiting="0.00" lane="bottom_0" pos="25.09" speed="30.41" angle="49.32" x="112.30" y="15.29"/>
        <vehicle id="cfm-slow_1" eclass="HBEFA3/PC_G_EU4" CO2="0.00" CO="0.00" HC="0.00" NOx="0.00" PMx="0.00" fuel="0.00" electricity="0.00" noise="72.37" route="routebottom" type="cfm-slow" waiting="0.00" lane="right_0" pos="0.50" speed="29.53" angle="3.57" x="132.25" y="64.83"/>
        <vehicle id="cfm-slow_2" eclass="HBEFA3/PC_G_EU4" CO2="0.00" CO="0.00" HC="0.00" NOx="0.00" PMx="0.00" fuel="0.00" electricity="0.00" noise="71.77" route="routebottom" type="cfm-slow" waiting="0.00" lane="right_0" pos="24.94" speed="28.17" angle="319.60" x="112.26" y="112.07"/>
        <vehicle id="cfm-slow_3" eclass="HBEFA3/PC_G_EU4" CO2="0.00" CO="0.00" HC="0.00" NOx="0.00" PMx="0.00" fuel="0.00" electricity="0.00" noise="71.75" route="routebottom" type="cfm-slow" waiting="0.00" lane="right_0" pos="47.99" speed="26.99" angle="278.22" x="68.09" y="132.12"/>
        <vehicle id="cfm-slow_4" eclass="HBEFA3/PC_G_EU4" CO2="7619.68" CO="92.83" HC="0.61" NOx="2.90" PMx="0.16" fuel="3.28" electricity="0.00" noise="72.94" route="routetop" type="cfm-slow" waiting="0.00" lane="top_0" pos="19.87" speed="26.55" angle="238.67" x="23.56" y="119.31"/>
        <vehicle id="cfm-slow_5" eclass="HBEFA3/PC_G_EU4" CO2="12886.67" CO="203.65" HC="1.25" NOx="5.37" PMx="0.30" fuel="5.54" electricity="0.00" noise="74.92" route="routetop" type="cfm-slow" waiting="0.00" lane="top_0" pos="41.38" speed="27.05" angle="200.04" x="-2.42" y="82.07"/>
    </timestep>
    <timestep time="9.96">
        <vehicle id="cfm-fast_0" eclass="HBEFA3/PC_G_EU4" CO2="45789.80" CO="2090.08" HC="10.79" NOx="20.07" PMx="1.69" fuel="19.68" electricity="0.00" noise="93.76" route="routetop" type="cfm-fast" waiting="0.00" lane="left_1" pos="20.11" speed="75.27" angle="148.22" x="10.98" y="25.09"/>
        <vehicle id="cfm-fast_1" eclass="HBEFA3/PC_G_EU4" CO2="14950.35" CO="252.72" HC="1.53" NOx="6.32" PMx="0.36" fuel="6.43" electricity="0.00" noise="76.03" route="routetop" type="cfm-fast" waiting="0.00" lane="left_0" pos="13.77" speed="28.26" angle="159.68" x="1.40" y="34.86"/>
        <vehicle id="cfm-fast_2" eclass="HBEFA3/PC_G_EU4" CO2="38252.15" CO="1948.41" HC="9.96" NOx="16.51" PMx="1.50" fuel="16.44" electricity="0.00" noise="92.43" route="routebottom" type="cfm-fast" waiting="0.00" lane="bottom_1" pos="36.55" speed="75.56" angle="28.70" x="123.21" y="36.87"/>
        <vehicle id="cfm-fast_3" eclass="HBEFA3/PC_G_EU4" CO2="12550.41" CO="211.92" HC="1.28" NOx="5.16" PMx="0.30" fuel="5.39" electricity="0.00" noise="75.50" route="routetop" type="cfm-fast" waiting="0.00" lane="left_0" pos="33.16" speed="29.59" angle="124.83" x="29.01" y="4.45"/>
        <vehicle id="cfm-fast_4" eclass="HBEFA3/PC_G_EU4" CO2="39759.92" CO="1978.64" HC="10.13" NOx="17.22" PMx="1.54" fuel="17.09" electricity="0.00" noise="92.70" route="routetop" type="cfm-fast" waiting="0.00" lane="top_1" pos="3.17" speed="75.55" angle="268.81" x="57.15" y="128.64"/>
        <vehicle id="cfm-fast_5" eclass="HBEFA3/PC_G_EU4" CO2="6421.52" CO="91.97" HC="0.58" NOx="2.25" PMx="0.14" fuel="2.76" electricity="0.00" noise="74.19" route="routebottom" type="cfm-fast" waiting="0.00" lane="bottom_0" pos="3.88" speed="30.43" angle="87.56" x="72.08" y="-4.43"/>
        <vehicle id="cfm-slow_0" eclass="HBEFA3/PC_G_EU4" CO2="0.00" CO="0.00" HC="0.00" NOx="0.00" PMx="0.00" fuel="0.00" electricity="0.00" noise="73.13" route="routebottom" type="cfm-slow" waiting="0.00" lane="bottom_0" pos="25.39" speed="30.40" angle="48.76" x="112.76" y="15.75"/>
        <vehicle id="cfm-slow_1" eclass="HBEFA3/PC_G_EU4" CO2="0.00" CO="0.00" HC="0.00" NOx="0.00" PMx="0.00" fuel="0.00" electricity="0.00" noise="72.36" route="routebottom" type="cfm-slow" waiting="0.00" lane="right_0" pos="0.79" speed="29.51" angle="3.04" x="132.24" y="65.46"/>
        <vehicle id="cfm-slow_2" eclass="HBEFA3/PC_G_EU4" CO2="0.00" CO="0.00" HC="0.00" NOx="0.00" PMx="0.00" fuel="0.00" electricity="0.00" noise="71.77" route="routebottom" type="cfm-slow" waiting="0.00" lane="right_0" pos="25.22" speed="28.16" angle="319.08" x="111.83" y="112.50"/>
        <vehicle id="cfm-slow_3" eclass="HBEFA3/PC_G_EU4" CO2="0.00" CO="0.00" HC="0.00" NOx="0.00" PMx="0.00" fuel="0.00" electricity="0.00" noise="71.75" route="routebottom" type="cfm-slow" waiting="0.00" lane="right_0" pos="48.26" speed="26.98" angle="277.71" x="67.51" y="132.16"/>
        <vehicle id="cfm-slow_4" eclass="HBEFA3/PC_G_EU4" CO2="7671.84" CO="93.93" HC="0.62" NOx="2.92" PMx="0.16" fuel="3.30" electricity="0.00" noise="72.95" route="routetop" type="cfm-slow" waiting="0.00" lane="top_0" pos="20.14" speed="26.55" angle="238.19" x="23.09" y="118.98"/>
        <vehicle id="cfm-slow_5" eclass="HBEFA3/PC_G_EU4" CO2="12909.09" CO="204.17" HC="1.25" NOx="5.38" PMx="0.30" fuel="5.55" electricity="0.00" noise="74.93" route="routetop" type="cfm-slow" waiting="0.00" lane="top_0" pos="41.65" speed="27.06" angle="199.53" x="-2.57" y="81.51"/>
    </timestep>
    <timestep time="9.97">
        <vehicle id="cfm-fast_0" eclass="HBEFA3/PC_G_EU4" CO2="45699.61" CO="2088.42" HC="10.78" NOx="20.03" PMx="1.69" fuel="19.64" electricity="0.00" noise="93.74" route="routetop" type="cfm-fast" waiting="0.00" lane="left_1" pos="20.87" speed="75.27" angle="146.91" x="11.90" y="23.85"/>
        <vehicle id="cfm-fast_1" eclass="HBEFA3/PC_G_EU4" CO2="14930.85" CO="252.40" HC="1.52" NOx="6.31" PMx="0.36" fuel="6.42" electricity="0.00" noise="76.03" route="routetop" type="cfm-fast" waiting="0.00" lane="left_0" pos="14.06" speed="28.28" angle="159.21" x="1.65" y="34.30"/>
        <vehicle id="cfm-fast_2" eclass="HBEFA3/PC_G_EU4" CO2="38257.65" CO="1948.54" HC="9.96" NOx="16.51" PMx="1.50" fuel="16.45" electricity="0.00" noise="92.43" route="routebottom" type="cfm-fast" waiting="0.00" lane="bottom_1" pos="37.31" speed="75.56" angle="27.34" x="123.84" y="38.29"/>
        <vehicle id="cfm-fast_3" eclass="HBEFA3/PC_G_EU4" CO2="12493.40" CO="210.81" HC="1.28" NOx="5.13" PMx="0.30" fuel="5.37" electricity="0.00" noise="75.48" route="routetop" type="cfm-fast" waiting="0.00" lane="left_0" pos="33.45" speed="29.60" angle="124.34" x="29.56" y="4.13"/>
        <vehicle id="cfm-fast_4" eclass="HBEFA3/PC_G_EU4" CO2="39749.29" CO="1978.47" HC="10.13" NOx="17.22" PMx="1.54" fuel="17.09" electricity="0.00" noise="92.69" route="routetop" type="cfm-fast" waiting="0.00" lane="top_1" pos="3.92" speed="75.55" angle="267.48" x="55.61" y="128.47"/>
        <vehicle id="cfm-fast_5" eclass="HBEFA3/PC_G_EU4" CO2="6352.93" CO="90.56" HC="0.58" NOx="2.21" PMx="0.14" fuel="2.73" electricity="0.00" noise="74.17" route="routebottom" type="cfm-fast" waiting="0.00" lane="bottom_0" pos="4.18" speed="30.43" angle="87.00" x="72.73" y="-4.34"/>
        <vehicle id="cfm-slow_0" eclass="HBEFA3/PC_G_EU4" CO2="0.00" CO="0.00" HC="0.00" NOx="0.00" PMx="0.00" fuel="0.00" electricity="0.00" noise="73.12" route="routebottom" type="cfm-slow" waiting="0.00" lane="bottom_0" pos="25.69" speed="30.40" angle="48.26" x="113.22" y="16.22"/>
        <vehicle id="cfm-slow_1" eclass="HBEFA3/PC_G_EU4" CO2="0.00" CO="0.00" HC="0.00" NOx="0.00" PMx="0.00" fuel="0.00" electricity="0.00" noise="72.36" route="routebottom" type="cfm-slow" waiting="0.00" lane="right_0" pos="1.09" speed="29.50" angle="2.50" x="132.23" y="66.10"/>
        <vehicle id="cfm-slow_2" eclass="HBEFA3/PC_G_EU4" CO2="0.00" CO="0.00" HC="0.00" NOx="0.00" PMx="0.00" fuel="0.00" electricity="0.00" noise="71.77" route="routebottom" type="cfm-slow" waiting="0.00" lane="right_0" pos="25.50" speed="28.15" angle="318.55" x="111.40" y="112.93"/>
        <vehicle id="cfm-slow_3" eclass="HBEFA3/PC_G_EU4" CO2="0.00" CO="0.00" HC="0.00" NOx="0.00" PMx="0.00" fuel="0.00" electricity="0.00" noise="71.76" route="routebottom" type="cfm-slow" waiting="0.00" lane="right_0" pos="48.52" speed="26.98" angle="277.21" x="66.93" y="132.19"/>
        <vehicle id="cfm-slow_4" eclass="HBEFA3/PC_G_EU4" CO2="7723.71" CO="95.01" HC="0.63" NOx="2.95" PMx="0.16" fuel="3.32" electricity="0.00" noise="72.97" route="routetop" type="cfm-slow" waiting="0.00" lane="top_0" pos="20.40" speed="26.56" angle="237.72" x="22.63" y="118.64"/>
        <vehicle id="cfm-slow_5" eclass="HBEFA3/PC_G_EU4" CO2="12931.13" CO="204.68" HC="1.26" NOx="5.39" PMx="0.30" fuel="5.56" electricity="0.00" noise="74.94" route="routetop" type="cfm-slow" waiting="0.00" lane="top_0" pos="41.92" speed="27.07" angle="199.03" x="-2.72" y="80.94"/>
    </timestep>
    <timestep time="9.98">
        <vehicle id="cfm-fast_0" eclass="HBEFA3/PC_G_EU4" CO2="45610.42" CO="2086.77" HC="10.77" NOx="19.99" PMx="1.69" fuel="19.61" electricity="0.00" noise="93.73" route="routetop" type="cfm-fast" waiting="0.00" lane="left_1" pos="21.62" speed="75.28" angle="145.55" x="12.85" y="22.64"/>
        <vehicle id="cfm-fast_1" eclass="HBEFA3/PC_G_EU4" CO2="14910.98" CO="252.07" HC="1.52" NOx="6.30" PMx="0.36" fuel="6.41" electricity="0.00" noise="76.02" route="routetop" type="cfm-fast" waiting="0.00" lane="left_0" pos="14.34" speed="28.29" angle="158.69" x="1.92" y="33.75"/>
        <vehicle id="cfm-fast_2" eclass="HBEFA3/PC_G_EU4" CO2="38263.09" CO="1948.66" HC="9.96" NOx="16.52" PMx="1.50" fuel="16.45" electricity="0.00" noise="92.43" route="routebottom" type="cfm-fast" waiting="0.00" lane="bottom_1" pos="38.06" speed="75.57" angle="25.95" x="124.41" y="39.73"/>
        <vehicle id="cfm-fast_3" eclass="HBEFA3/PC_G_EU4" CO2="12436.24" CO="209.69" HC="1.27" NOx="5.10" PMx="0.30" fuel="5.35" electricity="0.00" noise="75.47" route="routetop" type="cfm-fast" waiting="0.00" lane="left_0" pos="33.75" speed="29.61" angle="123.80" x="30.11" y="3.82"/>
        <vehicle id="cfm-fast_4" eclass="HBEFA3/PC_G_EU4" CO2="39738.57" CO="1978.30" HC="10.13" NOx="17.21" PMx="1.54" fuel="17.08" electricity="0.00" noise="92.69" route="routetop" type="cfm-fast" waiting="0.00" lane="top_1" pos="4.68" speed="75.55" angle="266.09" x="54.07" y="128.26"/>
        <vehicle id="cfm-fast_5" eclass="HBEFA3/PC_G_EU4" CO2="6284.54" CO="89.16" HC="0.57" NOx="2.18" PMx="0.14" fuel="2.70" electricity="0.00" noise="74.16" route="routebottom" type="cfm-fast" waiting="0.00" lane="bottom_0" pos="4.49" speed="30.43" angle="86.45" x="73.38" y="-4.25"/>
        <vehicle id="cfm-slow_0" eclass="HBEFA3/PC_G_EU4" CO2="0.00" CO="0.00" HC="0.00" NOx="0.00" PMx="0.00" fuel="0.00" electricity="0.00" noise="73.11" route="routebottom" type="cfm-slow" waiting="0.00" lane="bottom_0" pos="26.00" speed="30.39" angle="47.70" x="113.67" y="16.70"/>
        <vehicle id="cfm-slow_1" eclass="HBEFA3/PC_G_EU4" CO2="0.00" CO="0.00" HC="0.00" NOx="0.00" PMx="0.00" fuel="0.00" electricity="0.00" noise="72.35" route="routebottom" type="cfm-slow" waiting="0.00" lane="right_0" pos="1.38" speed="29.49" angle="1.99" x="132.20" y="66.73"/>
        <vehicle id="cfm-slow_2" eclass="HBEFA3/PC_G_EU4" CO2="0.00" CO="0.00" HC="0.00" NOx="0.00" PMx="0.00" fuel="0.00" electricity="0.00" noise="71.76" route="routebottom" type="cfm-slow" waiting="0.00" lane="right_0" pos="25.78" speed="28.14" angle="318.10" x="110.97" y="113.35"/>
        <vehicle id="cfm-slow_3" eclass="HBEFA3/PC_G_EU4" CO2="0.00" CO="0.00" HC="0.00" NOx="0.00" PMx="0.00" fuel="0.00" electricity="0.00" noise="71.77" route="routebottom" type="cfm-slow" waiting="0.00" lane="right_0" pos="48.79" speed="26.97" angle="276.76" x="66.35" y="132.22"/>
        <vehicle id="cfm-slow_4" eclass="HBEFA3/PC_G_EU4" CO2="7775.30" CO="96.10" HC="0.63" NOx="2.97" PMx="0.17" fuel="3.34" electricity="0.00" noise="72.99" route="routetop" type="cfm-slow" waiting="0.00" lane="top_0" pos="20.67" speed="26.56" angle="237.28" x="22.18" y="118.30"/>
        <vehicle id="cfm-slow_5" eclass="HBEFA3/PC_G_EU4" CO2="12952.79" CO="205.18" HC="1.26" NOx="5.40" PMx="0.30" fuel="5.57" electricity="0.00" noise="74.95" route="routetop" type="cfm-slow" waiting="0.00" lane="top_0" pos="42.20" speed="27.09" angle="198.53" x="-2.87" y="80.38"/>
    </timestep>
    <timestep time="9.99">
        <vehicle id="cfm-fast_0" eclass="HBEFA3/PC_G_EU4" CO2="45522.23" CO="2085.14" HC="10.76" NOx="19.95" PMx="1.69" fuel="19.57" electricity="0.00" noise="93.71" route="routetop" type="cfm-fast" waiting="0.00" lane="left_1" pos="22.37" speed="75.28" angle="144.21" x="13.84" y="21.45"/>
        <vehicle id="cfm-fast_1" eclass="HBEFA3/PC_G_EU4" CO2="14890.75" CO="251.73" HC="1.52" NOx="6.29" PMx="0.36" fuel="6.40" electricity="0.00" noise="76.02" route="routetop" type="cfm-fast" waiting="0.00" lane="left_0" pos="14.62" speed="28.30" angle="158.16" x="2.19" y="33.21"/>
        <vehicle id="cfm-fast_2" eclass="HBEFA3/PC_G_EU4" CO2="38268.47" CO="1948.79" HC="9.96" NOx="16.52" PMx="1.50" fuel="16.45" electricity="0.00" noise="92.43" route="routebottom" type="cfm-fast" waiting="0.00" lane="bottom_1" pos="38.82" speed="75.57" angle="24.63" x="124.96" y="41.18"/>
        <vehicle id="cfm-fast_3" eclass="HBEFA3/PC_G_EU4" CO2="12378.94" CO="208.57" HC="1.26" NOx="5.08" PMx="0.30" fuel="5.32" electricity="0.00" noise="75.45" route="routetop" type="cfm-fast" waiting="0.00" lane="left_0" pos="34.05" speed="29.61" angle="123.25" x="30.67" y="3.52"/>
        <vehicle id="cfm-fast_4" eclass="HBEFA3/PC_G_EU4" CO2="39727.76" CO="1978.13" HC="10.13" NOx="17.21" PMx="1.54" fuel="17.08" electricity="0.00" noise="92.69" route="routetop" type="cfm-fast" waiting="0.00" lane="top_1" pos="5.43" speed="75.55" angle="264.73" x="52.54" y="128.01"/>
        <vehicle id="cfm-fast_5" eclass="HBEFA3/PC_G_EU4" CO2="6216.37" CO="87.76" HC="0.56" NOx="2.15" PMx="0.14" fuel="2.67" electricity="0.00" noise="74.15" route="routebottom" type="cfm-fast" waiting="0.00" lane="bottom_0" pos="4.79" speed="30.43" angle="85.90" x="74.03" y="-4.16"/>
        <vehicle id="cfm-slow_0" eclass="HBEFA3/PC_G_EU4" CO2="0.00" CO="0.00" HC="0.00" NOx="0.00" PMx="0.00" fuel="0.00" electricity="0.00" noise="73.11" route="routebottom" type="cfm-slow" waiting="0.00" lane="bottom_0" pos="26.30" speed="30.38" angle="47.15" x="114.11" y="17.18"/>
        <vehicle id="cfm-slow_1" eclass="HBEFA3/PC_G_EU4" CO2="0.00" CO="0.00" HC="0.00" NOx="0.00" PMx="0.00" fuel="0.00" electricity="0.00" noise="72.34" route="routebottom" type="cfm-slow" waiting="0.00" lane="right_0" pos="1.68" speed="29.47" angle="1.47" x="132.17" y="67.36"/>
        <vehicle id="cfm-slow_2" eclass="HBEFA3/PC_G_EU4" CO2="0.00" CO="0.00" HC="0.00" NOx="0.00" PMx="0.00" fuel="0.00" electricity="0.00" noise="71.76" route="routebottom" type="cfm-slow" waiting="0.00" lane="right_0" pos="26.06" speed="28.12" angle="317.59" x="110.52" y="113.76"/>
        <vehicle id="cfm-slow_3" eclass="HBEFA3/PC_G_EU4" CO2="0.00" CO="0.00" HC="0.00" NOx="0.00" PMx="0.00" fuel="0.00" electricity="0.00" noise="71.77" route="routebottom" type="cfm-slow" waiting="0.00" lane="right_0" pos="49.06" speed="26.97" angle="276.26" x="65.77" y="132.23"/>
        <vehicle id="cfm-slow_4" eclass="HBEFA3/PC_G_EU4" CO2="7826.61" CO="97.17" HC="0.64" NOx="2.99" PMx="0.17" fuel="3.36" electricity="0.00" noise="73.00" route="routetop" type="cfm-slow" waiting="0.00" lane="top_0" pos="20.93" speed="26.56" angle="236.79" x="21.73" y="117.94"/>
        <vehicle id="cfm-slow_5" eclass="HBEFA3/PC_G_EU4" CO2="12974.06" CO="205.68" HC="1.26" NOx="5.41" PMx="0.30" fuel="5.58" electricity="0.00" noise="74.96" route="routetop" type="cfm-slow" waiting="0.00" lane="top_0" pos="42.47" speed="27.10" angle="198.10" x="-3.01" y="79.81"/>
    </timestep>
    <timestep time="10.00">
        <vehicle id="cfm-fast_0" eclass="HBEFA3/PC_G_EU4" CO2="45435.02" CO="2083.53" HC="10.75" NOx="19.90" PMx="1.68" fuel="19.53" electricity="0.00" noise="93.69" route="routetop" type="cfm-fast" waiting="0.00" lane="left_1" pos="23.12" speed="75.28" angle="142.87" x="14.84" y="20.28"/>
        <vehicle id="cfm-fast_1" eclass="HBEFA3/PC_G_EU4" CO2="14870.16" CO="251.38" HC="1.52" NOx="6.28" PMx="0.36" fuel="6.39" electricity="0.00" noise="76.01" route="routetop" type="cfm-fast" waiting="0.00" lane="left_0" pos="14.91" speed="28.31" angle="157.63" x="2.46" y="32.67"/>
        <vehicle id="cfm-fast_2" eclass="HBEFA3/PC_G_EU4" CO2="38273.79" CO="1948.91" HC="9.96" NOx="16.52" PMx="1.50" fuel="16.45" electricity="0.00" noise="92.43" route="routebottom" type="cfm-fast" waiting="0.00" lane="bottom_1" pos="39.57" speed="75.57" angle="23.27" x="125.49" y="42.63"/>
        <vehicle id="cfm-fast_3" eclass="HBEFA3/PC_G_EU4" CO2="12321.50" CO="207.45" HC="1.26" NOx="5.05" PMx="0.30" fuel="5.30" electricity="0.00" noise="75.44" route="routetop" type="cfm-fast" waiting="0.00" lane="left_0" pos="34.34" speed="29.62" angle="122.71" x="31.23" y="3.21"/>
        <vehicle id="cfm-fast_4" eclass="HBEFA3/PC_G_EU4" CO2="39716.88" CO="1977.95" HC="10.13" NOx="17.20" PMx="1.54" fuel="17.07" electricity="0.00" noise="92.69" route="routetop" type="cfm-fast" waiting="0.00" lane="top_1" pos="6.19" speed="75.55" angle="263.35" x="51.02" y="127.74"/>
        <vehicle id="cfm-fast_5" eclass="HBEFA3/PC_G_EU4" CO2="6148.42" CO="86.36" HC="0.55" NOx="2.12" PMx="0.14" fuel="2.64" electricity="0.00" noise="74.13" route="routebottom" type="cfm-fast" waiting="0.00" lane="bottom_0" pos="5.09" speed="30.43" angle="85.31" x="74.67" y="-4.07"/>
        <vehicle id="cfm-slow_0" eclass="HBEFA3/PC_G_EU4" CO2="0.00" CO="0.00" HC="0.00" NOx="0.00" PMx="0.00" fuel="0.00" electricity="0.00" noise="73.10" route="routebottom" type="cfm-slow" waiting="0.00" lane="bottom_0" pos="26.60" speed="30.37" angle="46.60" x="114.55" y="17.66"/>
        <vehicle id="cfm-slow_1" eclass="HBEFA3/PC_G_EU4" CO2="0.00" CO="0.00" HC="0.00" NOx="0.00" PMx="0.00" fuel="0.00" electricity="0.00" noise="72.34" route="routebottom" type="cfm-slow" waiting="0.00" lane="right_0" pos="1.97" speed="29.46" angle="0.94" x="132.13" y="68.00"/>
        <vehicle id="cfm-slow_2" eclass="HBEFA3/PC_G_EU4" CO2="0.00" CO="0.00" HC="0.00" NOx="0.00" PMx="0.00" fuel="0.00" electricity="0.00" noise="71.76" route="routebottom" type="cfm-slow" waiting="0.00" lane="right_0" pos="26.35" speed="28.11" angle="317.07" x="110.08" y="114.17"/>
        <vehicle id="cfm-slow_3" eclass="HBEFA3/PC_G_EU4" CO2="0.00" CO="0.00" HC="0.00" NOx="0.00" PMx="0.00" fuel="0.00" electricity="0.00" noise="71.78" route="routebottom" type="cfm-slow" waiting="0.00" lane="right_0" pos="49.33" speed="26.97" angle="275.76" x="65.19" y="132.24"/>
        <vehicle id="cfm-slow_4" eclass="HBEFA3/PC_G_EU4" CO2="7877.63" CO="98.24" HC="0.64" NOx="3.02" PMx="0.17" fuel="3.39" electricity="0.00" noise="73.02" route="routetop" type="cfm-slow" waiting="0.00" lane="top_0" pos="21.20" speed="26.57" angle="236.30" x="21.28" y="117.59"/>
        <vehicle id="cfm-slow_5" eclass="HBEFA3/PC_G_EU4" CO2="12994.95" CO="206.16" HC="1.26" NOx="5.42" PMx="0.30" fuel="5.59" electricity="0.00" noise="74.97" route="routetop" type="cfm-slow" waiting="0.00" lane="top_0" pos="42.74" speed="27.11" angle="197.62" x="-3.14" y="79.25"/>
    </timestep>
    <timestep time="10.01">
        <vehicle id="cfm-fast_0" eclass="HBEFA3/PC_G_EU4" CO2="2624.72" CO="164.78" HC="0.81" NOx="1.20" PMx="0.07" fuel="1.13" electricity="0.00" noise="55.94" route="routeright" type="cfm-fast" waiting="0.00" lane="right_0" pos="46.00" speed="0.00" angle="281.75" x="72.34" y="131.72"/>
        <vehicle id="cfm-fast_1" eclass="HBEFA3/PC_G_EU4" CO2="2624.72" CO="164.78" HC="0.81" NOx="1.20" PMx="0.07" fuel="1.13" electricity="0.00" noise="55.94" route="routetop" type="cfm-fast" waiting="0.00" lane="top_0" pos="11.83" speed="0.00" angle="253.14" x="38.70" y="127.56"/>
        <vehicle id="cfm-fast_2" eclass="HBEFA3/PC_G_EU4" CO2="2624.72" CO="164.78" HC="0.81" NOx="1.20" PMx="0.07" fuel="1.13" electricity="0.00" noise="55.94" route="routetop" type="cfm-fast" waiting="0.00" lane="top_0" pos="27.67" speed="0.00" angle="224.69" x="11.28" y="107.95"/>
        <vehicle id="cfm-fast_3" eclass="HBEFA3/PC_G_EU4" CO2="2624.72" CO="164.78" HC="0.81" NOx="1.20" PMx="0.07" fuel="1.13" electricity="0.00" noise="55.94" route="routetop" type="cfm-fast" waiting="0.00" lane="top_0" pos="43.50" speed="0.00" angle="196.26" x="-3.51" y="77.65"/>
        <vehicle id="cfm-fast_4" eclass="HBEFA3/PC_G_EU4" CO2="2624.72" CO="164.78" HC="0.81" NOx="1.20" PMx="0.07" fuel="1.13" electricity="0.00" noise="55.94" route="routeleft" type="cfm-fast" waiting="0.00" lane="left_0" pos="9.33" speed="0.00" angle="167.63" x="-1.99" y="43.78"/>
        <vehicle id="cfm-fast_5" eclass="HBEFA3/PC_G_EU4" CO2="2624.72" CO="164.78" HC="0.81" NOx="1.20" PMx="0.07" fuel="1.13" electricity="0.00" noise="55.94" route="routeleft" type="cfm-fast" waiting="0.00" lane="left_0" pos="25.17" speed="0.00" angle="139.20" x="15.41" y="14.90"/>
        <vehicle id="cfm-slow_0" eclass="HBEFA3/PC_G_EU4" CO2="2624.72" CO="164.78" HC="0.81" NOx="1.20" PMx="0.07" fuel="1.13" electricity="0.00" noise="55.94" route="routebottom" type="cfm-slow" waiting="0.00" lane="bottom_0" pos="1.00" speed="0.00" angle="92.66" x="65.91" y="-4.90"/>
        <vehicle id="cfm-slow_1" eclass="HBEFA3/PC_G_EU4" CO2="2624.72" CO="164.78" HC="0.81" NOx="1.20" PMx="0.07" fuel="1.13" electricity="0.00" noise="55.94" route="routebottom" type="cfm-slow" waiting="0.00" lane="bottom_0" pos="16.83" speed="0.00" angle="64.18" x="98.30" y="4.45"/>
        <vehicle id="cfm-slow_2" eclass="HBEFA3/PC_G_EU4" CO2="2624.72" CO="164.78" HC="0.81" NOx="1.20" PMx="0.07" fuel="1.13" electricity="0.00" noise="55.94" route="routebottom" type="cfm-slow" waiting="0.00" lane="bottom_0" pos="32.67" speed="0.00" angle="35.75" x="122.33" y="28.10"/>
        <vehicle id="cfm-slow_3" eclass="HBEFA3/PC_G_EU4" CO2="2624.72" CO="164.78" HC="0.81" NOx="1.20" PMx="0.07" fuel="1.13" electricity="0.00" noise="55.94" route="routebottom" type="cfm-slow" waiting="0.00" lane="bottom_0" pos="48.50" speed="0.00" angle="7.24" x="132.19" y="60.34"/>
        <vehicle id="cfm-slow_4" eclass="HBEFA3/PC_G_EU4" CO2="2624.72" CO="164.78" HC="0.81" NOx="1.20" PMx="0.07" fuel="1.13" electricity="0.00" noise="55.94" route="routeright" type="cfm-slow" waiting="0.00" lane="right_0" pos="14.33" speed="0.00" angle="338.68" x="125.41" y="93.56"/>
        <vehicle id="cfm-slow_5" eclass="HBEFA3/PC_G_EU4" CO2="2624.72" CO="164.78" HC="0.81" NOx="1.20" PMx="0.07" fuel="1.13" electricity="0.00" noise="55.94" route="routeright" type="cfm-slow" waiting="0.00" lane="right_0" pos="30.17" speed="0.00" angle="310.20" x="103.71" y="119.35"/>
    </timestep>
    <timestep time="10.02">
        <vehicle id="cfm-fast_0" eclass="HBEFA3/PC_G_EU4" CO2="2638.82" CO="164.61" HC="0.81" NOx="1.21" PMx="0.07" fuel="1.13" electricity="0.00" noise="67.33" route="routeright" type="cfm-fast" waiting="0.01" lane="right_0" pos="46.00" speed="0.03" angle="281.75" x="72.34" y="131.72"/>
        <vehicle id="cfm-fast_1" eclass="HBEFA3/PC_G_EU4" CO2="2638.91" CO="164.61" HC="0.81" NOx="1.21" PMx="0.07" fuel="1.13" electricity="0.00" noise="67.37" route="routetop" type="cfm-fast" waiting="0.01" lane="top_0" pos="11.83" speed="0.03" angle="253.14" x="38.70" y="127.56"/>
        <vehicle id="cfm-fast_2" eclass="HBEFA3/PC_G_EU4" CO2="2638.92" CO="164.61" HC="0.81" NOx="1.21" PMx="0.07" fuel="1.13" electricity="0.00" noise="67.37" route="routetop" type="cfm-fast" waiting="0.01" lane="top_0" pos="27.67" speed="0.03" angle="224.69" x="11.28" y="107.95"/>
        <vehicle id="cfm-fast_3" eclass="HBEFA3/PC_G_EU4" CO2="2638.92" CO="164.61" HC="0.81" NOx="1.21" PMx="0.07" fuel="1.13" electricity="0.00" noise="67.37" route="routetop" type="cfm-fast" waiting="0.01" lane="top_0" pos="43.50" speed="0.03" angle="196.26" x="-3.51" y="77.65"/>
        <vehicle id="cfm-fast_4" eclass="HBEFA3/PC_G_EU4" CO2="2638.91" CO="164.61" HC="0.81" NOx="1.21" PMx="0.07" fuel="1.13" electricity="0.00" noise="67.37" route="routeleft" type="cfm-fast" waiting="0.01" lane="left_0" pos="9.33" speed="0.03" angle="167.63" x="-1.99" y="43.78"/>
        <vehicle id="cfm-fast_5" eclass="HBEFA3/PC_G_EU4" CO2="2638.96" CO="164.61" HC="0.81" NOx="1.21" PMx="0.07" fuel="1.13" electricity="0.00" noise="67.38" route="routeleft" type="cfm-fast" waiting="0.01" lane="left_0" pos="25.17" speed="0.03" angle="139.20" x="15.41" y="14.90"/>
        <vehicle id="cfm-slow_0" eclass="HBEFA3/PC_G_EU4" CO2="2638.84" CO="164.61" HC="0.81" NOx="1.21" PMx="0.07" fuel="1.13" electricity="0.00" noise="67.34" route="routebottom" type="cfm-slow" waiting="0.01" lane="bottom_0" pos="1.00" speed="0.03" angle="92.66" x="65.91" y="-4.90"/>
        <vehicle id="cfm-slow_1" eclass="HBEFA3/PC_G_EU4" CO2="2638.93" CO="164.61" HC="0.81" NOx="1.21" PMx="0.07" fuel="1.13" electricity="0.00" noise="67.38" route="routebottom" type="cfm-slow" waiting="0.01" lane="bottom_0" pos="16.83" speed="0.03" angle="64.18" x="98.30" y="4.45"/>
        <vehicle id="cfm-slow_2" eclass="HBEFA3/PC_G_EU4" CO2="2638.94" CO="164.61" HC="0.81" NOx="1.21" PMx="0.07" fuel="1.13" electricity="0.00" noise="67.38" route="routebottom" type="cfm-slow" waiting="0.01" lane="bottom_0" pos="32.67" speed="0.03" angle="35.75" x="122.33" y="28.10"/>
        <vehicle id="cfm-slow_3" eclass="HBEFA3/PC_G_EU4" CO2="2638.82" CO="164.61" HC="0.81" NOx="1.21" PMx="0.07" fuel="1.13" electricity="0.00" noise="67.34" route="routebottom" type="cfm-slow" waiting="0.01" lane="bottom_0" pos="48.50" speed="0.03" angle="7.24" x="132.19" y="60.34"/>
        <vehicle id="cfm-slow_4" eclass="HBEFA3/PC_G_EU4" CO2="2638.85" CO="164.61" HC="0.81" NOx="1.21" PMx="0.07" fuel="1.13" electricity="0.00" noise="67.34" route="routeright" type="cfm-slow" waiting="0.01" lane="right_0" pos="14.33" speed="0.03" angle="338.68" x="125.41" y="93.56"/>
        <vehicle id="cfm-slow_5" eclass="HBEFA3/PC_G_EU4" CO2="2638.85" CO="164.61" HC="0.81" NOx="1.21" PMx="0.07" fuel="1.13" electricity="0.00" noise="67.34" route="routeright" type="cfm-slow" waiting="0.01" lane="right_0" pos="30.17" speed="0.03" angle="310.20" x="103.70" y="119.35"/>
    </timestep>
</emission-export>
